{"(1, 0)": {"explain_plan": {"Plan": {"Node Type": "Aggregate", "Strategy": "Plain", "Startup Cost": 589695.38, "Total Cost": 589695.39, "Plan Rows": 1, "Plan Width": 97, "Plans": [{"Node Type": "Hash Join", "Parent Relationship": "Outer", "Join Type": "Inner", "Startup Cost": 561014.71, "Total Cost": 587909.89, "Plan Rows": 357098, "Plan Width": 33, "Inner Unique": false, "Hash Cond": "(a1.person_id = n1.id), (LLVM Optimized)", "Plans": [{"Node Type": "Seq Scan", "Parent Relationship": "Outer", "Relation Name": "aka_name", "Alias": "a1", "Startup Cost": 0.0, "Total Cost": 19908.42, "Plan Rows": 901342, "Plan Width": 20}, {"Node Type": "Hash", "Parent Relationship": "Inner", "Startup Cost": 552133.97, "Total Cost": 552133.97, "Plan Rows": 710459, "Plan Width": 25, "Plans": [{"Node Type": "Hash Join", "Parent Relationship": "Outer", "Join Type": "Inner", "Startup Cost": 341891.88, "Total Cost": 552133.97, "Plan Rows": 710459, "Plan Width": 25, "Inner Unique": true, "Hash Cond": "(ci.person_id = n1.id), (LLVM Optimized)", "Plans": [{"Node Type": "Hash Join", "Parent Relationship": "Outer", "Join Type": "Inner", "Startup Cost": 196726.36, "Total Cost": 397199.64, "Plan Rows": 710459, "Plan Width": 21, "Inner Unique": false, "Hash Cond": "(ci.movie_id = t.id), (LLVM Optimized)", "Plans": [{"Node Type": "Nested Loop", "Parent Relationship": "Outer", "Join Type": "Inner", "Startup Cost": 0.0, "Total Cost": 171406.94, "Plan Rows": 3296318, "Plan Width": 8, "Inner Unique": false, "Plans": [{"Node Type": "Seq Scan", "Parent Relationship": "Outer", "Relation Name": "role_type", "Alias": "rt", "Startup Cost": 0.0, "Total Cost": 1.15, "Plan Rows": 1, "Plan Width": 4, "Filter": "((role)::text = 'writer'::text)"}, {"Node Type": "Index Scan", "Parent Relationship": "Inner", "Scan Direction": "Forward", "Index Name": "role_id_cast_info", "Relation Name": "cast_info", "Alias": "ci", "Startup Cost": 0.0, "Total Cost": 138442.61, "Plan Rows": 3296318, "Plan Width": 12, "Index Cond": "(role_id = rt.id), (LLVM Optimized)"}]}, {"Node Type": "Hash", "Parent Relationship": "Inner", "Startup Cost": 180697.47, "Total Cost": 180697.47, "Plan Rows": 1282311, "Plan Width": 25, "Plans": [{"Node Type": "Hash Join", "Parent Relationship": "Outer", "Join Type": "Inner", "Startup Cost": 98641.07, "Total Cost": 180697.47, "Plan Rows": 1282311, "Plan Width": 25, "Inner Unique": true, "Hash Cond": "(mc.movie_id = t.id), (LLVM Optimized)", "Plans": [{"Node Type": "Hash Join", "Parent Relationship": "Outer", "Join Type": "Inner", "Startup Cost": 6968.08, "Total Cost": 71392.69, "Plan Rows": 1282311, "Plan Width": 4, "Inner Unique": true, "Hash Cond": "(mc.company_id = cn.id), (LLVM Optimized)", "Plans": [{"Node Type": "Seq Scan", "Parent Relationship": "Outer", "Relation Name": "movie_companies", "Alias": "mc", "Startup Cost": 0.0, "Total Cost": 41817.28, "Plan Rows": 2609128, "Plan Width": 8}, {"Node Type": "Hash", "Parent Relationship": "Inner", "Startup Cost": 5903.45, "Total Cost": 5903.45, "Plan Rows": 85170, "Plan Width": 4, "Plans": [{"Node Type": "Seq Scan", "Parent Relationship": "Outer", "Relation Name": "company_name", "Alias": "cn", "Startup Cost": 0.0, "Total Cost": 5903.45, "Plan Rows": 85170, "Plan Width": 4, "Filter": "((country_code)::text = '[us]'::text)"}]}]}, {"Node Type": "Hash", "Parent Relationship": "Inner", "Startup Cost": 60069.11, "Total Cost": 60069.11, "Plan Rows": 2528311, "Plan Width": 21, "Plans": [{"Node Type": "Seq Scan", "Parent Relationship": "Outer", "Relation Name": "title", "Alias": "t", "Startup Cost": 0.0, "Total Cost": 60069.11, "Plan Rows": 2528311, "Plan Width": 21}]}]}]}]}, {"Node Type": "Hash", "Parent Relationship": "Inner", "Startup Cost": 93071.9, "Total Cost": 93071.9, "Plan Rows": 4167490, "Plan Width": 4, "Plans": [{"Node Type": "Index Only Scan", "Parent Relationship": "Outer", "Scan Direction": "Forward", "Index Name": "name_pkey", "Relation Name": "name", "Alias": "n1", "Startup Cost": 0.0, "Total Cost": 93071.9, "Plan Rows": 4167490, "Plan Width": 4}]}]}]}]}]}, "Unique SQL Id": 2457761703, "Planner Runtime": 83}, "explain_analyze_plan": {"Plan": {"Node Type": "Aggregate", "Strategy": "Plain", "Startup Cost": 589695.38, "Total Cost": 589695.39, "Plan Rows": 1, "Plan Width": 97, "Actual Startup Time": 14072.025, "Actual Total Time": 14072.025, "Actual Rows": 1, "Actual Loops": 1, "Plans": [{"Node Type": "Hash Join", "Parent Relationship": "Outer", "Join Type": "Inner", "Startup Cost": 561014.71, "Total Cost": 587909.89, "Plan Rows": 357098, "Plan Width": 33, "Actual Startup Time": 11691.826, "Actual Total Time": 12949.869, "Actual Rows": 2487611, "Actual Loops": 1, "Inner Unique": false, "Hash Cond": "(a1.person_id = n1.id), (LLVM Optimized, Jit Execute)", "Plans": [{"Node Type": "Seq Scan", "Parent Relationship": "Outer", "Relation Name": "aka_name", "Alias": "a1", "Startup Cost": 0.0, "Total Cost": 19908.42, "Plan Rows": 901342, "Plan Width": 20, "Actual Startup Time": 0.025, "Actual Total Time": 229.004, "Actual Rows": 901342, "Actual Loops": 1}, {"Node Type": "Hash", "Parent Relationship": "Inner", "Startup Cost": 552133.97, "Total Cost": 552133.97, "Plan Rows": 710459, "Plan Width": 25, "Actual Startup Time": 11687.273, "Actual Total Time": 11687.273, "Actual Rows": 1970658, "Actual Loops": 1, "Hash Buckets": 1048576, "Hash Batches": 1, "Original Hash Batches": 1, "Peak Memory Usage": 112799, "Plans": [{"Node Type": "Hash Join", "Parent Relationship": "Outer", "Join Type": "Inner", "Startup Cost": 341891.88, "Total Cost": 552133.97, "Plan Rows": 710459, "Plan Width": 25, "Actual Startup Time": 7023.074, "Actual Total Time": 11105.664, "Actual Rows": 1970658, "Actual Loops": 1, "Inner Unique": true, "Hash Cond": "(ci.person_id = n1.id), (LLVM Optimized, Jit Execute)", "Plans": [{"Node Type": "Hash Join", "Parent Relationship": "Outer", "Join Type": "Inner", "Startup Cost": 196726.36, "Total Cost": 397199.64, "Plan Rows": 710459, "Plan Width": 21, "Actual Startup Time": 4514.333, "Actual Total Time": 7831.613, "Actual Rows": 1970658, "Actual Loops": 1, "Inner Unique": false, "Hash Cond": "(ci.movie_id = t.id), (LLVM Optimized, Jit Execute)", "Plans": [{"Node Type": "Nested Loop", "Parent Relationship": "Outer", "Join Type": "Inner", "Startup Cost": 0.0, "Total Cost": 171406.94, "Plan Rows": 3296318, "Plan Width": 8, "Actual Startup Time": 0.114, "Actual Total Time": 1874.763, "Actual Rows": 2728943, "Actual Loops": 1, "Inner Unique": false, "Plans": [{"Node Type": "Seq Scan", "Parent Relationship": "Outer", "Relation Name": "role_type", "Alias": "rt", "Startup Cost": 0.0, "Total Cost": 1.15, "Plan Rows": 1, "Plan Width": 4, "Actual Startup Time": 0.054, "Actual Total Time": 0.07, "Actual Rows": 1, "Actual Loops": 1, "Filter": "((role)::text = 'writer'::text)", "Rows Removed by Filter": 11}, {"Node Type": "Index Scan", "Parent Relationship": "Inner", "Scan Direction": "Forward", "Index Name": "role_id_cast_info", "Relation Name": "cast_info", "Alias": "ci", "Startup Cost": 0.0, "Total Cost": 138442.61, "Plan Rows": 3296318, "Plan Width": 12, "Actual Startup Time": 0.05, "Actual Total Time": 1350.911, "Actual Rows": 2728943, "Actual Loops": 1, "Index Cond": "(role_id = rt.id), (LLVM Optimized, Jit Execute)", "Rows Removed by Index Recheck": 0}]}, {"Node Type": "Hash", "Parent Relationship": "Inner", "Startup Cost": 180697.47, "Total Cost": 180697.47, "Plan Rows": 1282311, "Plan Width": 25, "Actual Startup Time": 4504.326, "Actual Total Time": 4504.326, "Actual Rows": 1153797, "Actual Loops": 1, "Hash Buckets": 2097152, "Hash Batches": 1, "Original Hash Batches": 1, "Peak Memory Usage": 68508, "Plans": [{"Node Type": "Hash Join", "Parent Relationship": "Outer", "Join Type": "Inner", "Startup Cost": 98641.07, "Total Cost": 180697.47, "Plan Rows": 1282311, "Plan Width": 25, "Actual Startup Time": 1840.805, "Actual Total Time": 4017.099, "Actual Rows": 1153797, "Actual Loops": 1, "Inner Unique": true, "Hash Cond": "(mc.movie_id = t.id), (LLVM Optimized, Jit Execute)", "Plans": [{"Node Type": "Hash Join", "Parent Relationship": "Outer", "Join Type": "Inner", "Startup Cost": 6968.08, "Total Cost": 71392.69, "Plan Rows": 1282311, "Plan Width": 4, "Actual Startup Time": 112.721, "Actual Total Time": 1592.084, "Actual Rows": 1153797, "Actual Loops": 1, "Inner Unique": true, "Hash Cond": "(mc.company_id = cn.id), (LLVM Optimized, Jit Execute)", "Plans": [{"Node Type": "Seq Scan", "Parent Relationship": "Outer", "Relation Name": "movie_companies", "Alias": "mc", "Startup Cost": 0.0, "Total Cost": 41817.28, "Plan Rows": 2609128, "Plan Width": 8, "Actual Startup Time": 0.033, "Actual Total Time": 599.643, "Actual Rows": 2609128, "Actual Loops": 1}, {"Node Type": "Hash", "Parent Relationship": "Inner", "Startup Cost": 5903.45, "Total Cost": 5903.45, "Plan Rows": 85170, "Plan Width": 4, "Actual Startup Time": 112.588, "Actual Total Time": 112.588, "Actual Rows": 84843, "Actual Loops": 1, "Hash Buckets": 131072, "Hash Batches": 1, "Original Hash Batches": 1, "Peak Memory Usage": 2983, "Plans": [{"Node Type": "Seq Scan", "Parent Relationship": "Outer", "Relation Name": "company_name", "Alias": "cn", "Startup Cost": 0.0, "Total Cost": 5903.45, "Plan Rows": 85170, "Plan Width": 4, "Actual Startup Time": 0.026, "Actual Total Time": 90.104, "Actual Rows": 84843, "Actual Loops": 1, "Filter": "((country_code)::text = '[us]'::text)", "Rows Removed by Filter": 150153}]}]}, {"Node Type": "Hash", "Parent Relationship": "Inner", "Startup Cost": 60069.11, "Total Cost": 60069.11, "Plan Rows": 2528311, "Plan Width": 21, "Actual Startup Time": 1725.571, "Actual Total Time": 1725.571, "Actual Rows": 2528311, "Actual Loops": 1, "Hash Buckets": 4194304, "Hash Batches": 1, "Original Hash Batches": 1, "Peak Memory Usage": 135869, "Plans": [{"Node Type": "Seq Scan", "Parent Relationship": "Outer", "Relation Name": "title", "Alias": "t", "Startup Cost": 0.0, "Total Cost": 60069.11, "Plan Rows": 2528311, "Plan Width": 21, "Actual Startup Time": 0.028, "Actual Total Time": 799.762, "Actual Rows": 2528311, "Actual Loops": 1}]}]}]}]}, {"Node Type": "Hash", "Parent Relationship": "Inner", "Startup Cost": 93071.9, "Total Cost": 93071.9, "Plan Rows": 4167490, "Plan Width": 4, "Actual Startup Time": 2506.319, "Actual Total Time": 2506.319, "Actual Rows": 4167490, "Actual Loops": 1, "Hash Buckets": 4194304, "Hash Batches": 1, "Original Hash Batches": 1, "Peak Memory Usage": 146514, "Plans": [{"Node Type": "Index Only Scan", "Parent Relationship": "Outer", "Scan Direction": "Forward", "Index Name": "name_pkey", "Relation Name": "name", "Alias": "n1", "Startup Cost": 0.0, "Total Cost": 93071.9, "Plan Rows": 4167490, "Plan Width": 4, "Actual Startup Time": 0.034, "Actual Total Time": 1035.961, "Actual Rows": 4167490, "Actual Loops": 1, "Heap Fetches": 0}]}]}]}]}]}, "Triggers": [], "Planner Runtime": 45, "Total Runtime": 14086.627, "Unique SQL Id": 2457761703}}, "(1, 1)": {"explain_plan": {"Plan": {"Node Type": "Aggregate", "Strategy": "Plain", "Startup Cost": 770846.96, "Total Cost": 770846.97, "Plan Rows": 1, "Plan Width": 97, "Plans": [{"Node Type": "Nested Loop", "Parent Relationship": "Outer", "Join Type": "Inner", "Startup Cost": 599201.04, "Total Cost": 769061.47, "Plan Rows": 357098, "Plan Width": 33, "Inner Unique": true, "Join Filter": "(a1.person_id = n1.id), (LLVM Optimized)", "Plans": [{"Node Type": "Merge Join", "Parent Relationship": "Outer", "Join Type": "Inner", "Startup Cost": 599201.04, "Total Cost": 667567.53, "Plan Rows": 357098, "Plan Width": 41, "Inner Unique": false, "Merge Cond": "(ci.person_id = a1.person_id)", "Plans": [{"Node Type": "Sort", "Parent Relationship": "Outer", "Startup Cost": 599200.97, "Total Cost": 600977.12, "Plan Rows": 710459, "Plan Width": 21, "Sort Key": ["ci.person_id"], "Plans": [{"Node Type": "Hash Join", "Parent Relationship": "Outer", "Join Type": "Inner", "Startup Cost": 329665.48, "Total Cost": 530150.07, "Plan Rows": 710459, "Plan Width": 21, "Inner Unique": false, "Hash Cond": "(ci.movie_id = t.id), (LLVM Optimized)", "Plans": [{"Node Type": "Nested Loop", "Parent Relationship": "Outer", "Join Type": "Inner", "Startup Cost": 0.0, "Total Cost": 171418.25, "Plan Rows": 3296318, "Plan Width": 8, "Inner Unique": false, "Plans": [{"Node Type": "Index Scan", "Parent Relationship": "Outer", "Scan Direction": "Forward", "Index Name": "role_type_pkey", "Relation Name": "role_type", "Alias": "rt", "Startup Cost": 0.0, "Total Cost": 12.46, "Plan Rows": 1, "Plan Width": 4, "Filter": "((role)::text = 'writer'::text)"}, {"Node Type": "Index Scan", "Parent Relationship": "Inner", "Scan Direction": "Forward", "Index Name": "role_id_cast_info", "Relation Name": "cast_info", "Alias": "ci", "Startup Cost": 0.0, "Total Cost": 138442.61, "Plan Rows": 3296318, "Plan Width": 12, "Index Cond": "(role_id = rt.id), (LLVM Optimized)"}]}, {"Node Type": "Hash", "Parent Relationship": "Inner", "Startup Cost": 313636.59, "Total Cost": 313636.59, "Plan Rows": 1282311, "Plan Width": 25, "Plans": [{"Node Type": "Hash Join", "Parent Relationship": "Outer", "Join Type": "Inner", "Startup Cost": 11568.59, "Total Cost": 313636.59, "Plan Rows": 1282311, "Plan Width": 25, "Inner Unique": true, "Hash Cond": "(mc.company_id = cn.id), (LLVM Optimized)", "Plans": [{"Node Type": "Merge Join", "Parent Relationship": "Outer", "Join Type": "Inner", "Startup Cost": 2.58, "Total Cost": 279463.24, "Plan Rows": 2609128, "Plan Width": 29, "Inner Unique": false, "Merge Cond": "(t.id = mc.movie_id)", "Plans": [{"Node Type": "Index Scan", "Parent Relationship": "Outer", "Scan Direction": "Forward", "Index Name": "title_pkey", "Relation Name": "title", "Alias": "t", "Startup Cost": 0.0, "Total Cost": 110120.49, "Plan Rows": 2528311, "Plan Width": 21}, {"Node Type": "Index Scan", "Parent Relationship": "Inner", "Scan Direction": "Forward", "Index Name": "movie_id_movie_companies", "Relation Name": "movie_companies", "Alias": "mc", "Startup Cost": 0.0, "Total Cost": 130519.46, "Plan Rows": 2609128, "Plan Width": 8}]}, {"Node Type": "Hash", "Parent Relationship": "Inner", "Startup Cost": 10501.39, "Total Cost": 10501.39, "Plan Rows": 85170, "Plan Width": 4, "Plans": [{"Node Type": "Index Scan", "Parent Relationship": "Outer", "Scan Direction": "Forward", "Index Name": "company_name_pkey", "Relation Name": "company_name", "Alias": "cn", "Startup Cost": 0.0, "Total Cost": 10501.39, "Plan Rows": 85170, "Plan Width": 4, "Filter": "((country_code)::text = '[us]'::text)"}]}]}]}]}]}, {"Node Type": "Index Scan", "Parent Relationship": "Inner", "Scan Direction": "Forward", "Index Name": "person_id_aka_name", "Relation Name": "aka_name", "Alias": "a1", "Startup Cost": 0.0, "Total Cost": 68965.03, "Plan Rows": 901342, "Plan Width": 20}]}, {"Node Type": "Index Only Scan", "Parent Relationship": "Inner", "Scan Direction": "Forward", "Index Name": "name_pkey", "Relation Name": "name", "Alias": "n1", "Startup Cost": 0.0, "Total Cost": 0.27, "Plan Rows": 1, "Plan Width": 4, "Index Cond": "(id = ci.person_id)"}]}]}, "Unique SQL Id": 2457761703, "Planner Runtime": 76}, "explain_analyze_plan": {"Plan": {"Node Type": "Aggregate", "Strategy": "Plain", "Startup Cost": 770846.96, "Total Cost": 770846.97, "Plan Rows": 1, "Plan Width": 97, "Actual Startup Time": 24376.196, "Actual Total Time": 24376.196, "Actual Rows": 1, "Actual Loops": 1, "Plans": [{"Node Type": "Nested Loop", "Parent Relationship": "Outer", "Join Type": "Inner", "Startup Cost": 599201.04, "Total Cost": 769061.47, "Plan Rows": 357098, "Plan Width": 33, "Actual Startup Time": 12265.022, "Actual Total Time": 22888.05, "Actual Rows": 2487611, "Actual Loops": 1, "Inner Unique": true, "Join Filter": "(a1.person_id = n1.id), (LLVM Optimized, Jit Execute)", "Rows Removed by Join Filter": 0, "Plans": [{"Node Type": "Merge Join", "Parent Relationship": "Outer", "Join Type": "Inner", "Startup Cost": 599201.04, "Total Cost": 667567.53, "Plan Rows": 357098, "Plan Width": 41, "Actual Startup Time": 12264.981, "Actual Total Time": 16006.074, "Actual Rows": 2487611, "Actual Loops": 1, "Inner Unique": false, "Merge Cond": "(ci.person_id = a1.person_id)", "Plans": [{"Node Type": "Sort", "Parent Relationship": "Outer", "Startup Cost": 599200.97, "Total Cost": 600977.12, "Plan Rows": 710459, "Plan Width": 21, "Actual Startup Time": 12264.878, "Actual Total Time": 12659.084, "Actual Rows": 1970658, "Actual Loops": 1, "Sort Key": ["ci.person_id"], "Sort Method": "quicksort", "Sort Space Used": 240236, "Sort Space Type": "Memory", "Plans": [{"Node Type": "Hash Join", "Parent Relationship": "Outer", "Join Type": "Inner", "Startup Cost": 329665.48, "Total Cost": 530150.07, "Plan Rows": 710459, "Plan Width": 21, "Actual Startup Time": 8230.903, "Actual Total Time": 11640.232, "Actual Rows": 1970658, "Actual Loops": 1, "Inner Unique": false, "Hash Cond": "(ci.movie_id = t.id), (LLVM Optimized, Jit Execute)", "Plans": [{"Node Type": "Nested Loop", "Parent Relationship": "Outer", "Join Type": "Inner", "Startup Cost": 0.0, "Total Cost": 171418.25, "Plan Rows": 3296318, "Plan Width": 8, "Actual Startup Time": 0.076, "Actual Total Time": 1889.343, "Actual Rows": 2728943, "Actual Loops": 1, "Inner Unique": false, "Plans": [{"Node Type": "Index Scan", "Parent Relationship": "Outer", "Scan Direction": "Forward", "Index Name": "role_type_pkey", "Relation Name": "role_type", "Alias": "rt", "Startup Cost": 0.0, "Total Cost": 12.46, "Plan Rows": 1, "Plan Width": 4, "Actual Startup Time": 0.023, "Actual Total Time": 0.043, "Actual Rows": 1, "Actual Loops": 1, "Filter": "((role)::text = 'writer'::text)", "Rows Removed by Filter": 11}, {"Node Type": "Index Scan", "Parent Relationship": "Inner", "Scan Direction": "Forward", "Index Name": "role_id_cast_info", "Relation Name": "cast_info", "Alias": "ci", "Startup Cost": 0.0, "Total Cost": 138442.61, "Plan Rows": 3296318, "Plan Width": 12, "Actual Startup Time": 0.049, "Actual Total Time": 1370.851, "Actual Rows": 2728943, "Actual Loops": 1, "Index Cond": "(role_id = rt.id), (LLVM Optimized, Jit Execute)", "Rows Removed by Index Recheck": 0}]}, {"Node Type": "Hash", "Parent Relationship": "Inner", "Startup Cost": 313636.59, "Total Cost": 313636.59, "Plan Rows": 1282311, "Plan Width": 25, "Actual Startup Time": 8228.796, "Actual Total Time": 8228.796, "Actual Rows": 1153797, "Actual Loops": 1, "Hash Buckets": 2097152, "Hash Batches": 1, "Original Hash Batches": 1, "Peak Memory Usage": 68508, "Plans": [{"Node Type": "Hash Join", "Parent Relationship": "Outer", "Join Type": "Inner", "Startup Cost": 11568.59, "Total Cost": 313636.59, "Plan Rows": 1282311, "Plan Width": 25, "Actual Startup Time": 347.397, "Actual Total Time": 7753.856, "Actual Rows": 1153797, "Actual Loops": 1, "Inner Unique": true, "Hash Cond": "(mc.company_id = cn.id), (LLVM Optimized, Jit Execute)", "Plans": [{"Node Type": "Merge Join", "Parent Relationship": "Outer", "Join Type": "Inner", "Startup Cost": 2.58, "Total Cost": 279463.24, "Plan Rows": 2609128, "Plan Width": 29, "Actual Startup Time": 0.059, "Actual Total Time": 6565.551, "Actual Rows": 2609128, "Actual Loops": 1, "Inner Unique": false, "Merge Cond": "(t.id = mc.movie_id)", "Plans": [{"Node Type": "Index Scan", "Parent Relationship": "Outer", "Scan Direction": "Forward", "Index Name": "title_pkey", "Relation Name": "title", "Alias": "t", "Startup Cost": 0.0, "Total Cost": 110120.49, "Plan Rows": 2528311, "Plan Width": 21, "Actual Startup Time": 0.025, "Actual Total Time": 3204.16, "Actual Rows": 2525745, "Actual Loops": 1}, {"Node Type": "Index Scan", "Parent Relationship": "Inner", "Scan Direction": "Forward", "Index Name": "movie_id_movie_companies", "Relation Name": "movie_companies", "Alias": "mc", "Startup Cost": 0.0, "Total Cost": 130519.46, "Plan Rows": 2609128, "Plan Width": 8, "Actual Startup Time": 0.023, "Actual Total Time": 1841.34, "Actual Rows": 2609128, "Actual Loops": 1}]}, {"Node Type": "Hash", "Parent Relationship": "Inner", "Startup Cost": 10501.39, "Total Cost": 10501.39, "Plan Rows": 85170, "Plan Width": 4, "Actual Startup Time": 347.204, "Actual Total Time": 347.204, "Actual Rows": 84843, "Actual Loops": 1, "Hash Buckets": 131072, "Hash Batches": 1, "Original Hash Batches": 1, "Peak Memory Usage": 2983, "Plans": [{"Node Type": "Index Scan", "Parent Relationship": "Outer", "Scan Direction": "Forward", "Index Name": "company_name_pkey", "Relation Name": "company_name", "Alias": "cn", "Startup Cost": 0.0, "Total Cost": 10501.39, "Plan Rows": 85170, "Plan Width": 4, "Actual Startup Time": 0.029, "Actual Total Time": 320.148, "Actual Rows": 84843, "Actual Loops": 1, "Filter": "((country_code)::text = '[us]'::text)", "Rows Removed by Filter": 150153}]}]}]}]}]}, {"Node Type": "Index Scan", "Parent Relationship": "Inner", "Scan Direction": "Forward", "Index Name": "person_id_aka_name", "Relation Name": "aka_name", "Alias": "a1", "Startup Cost": 0.0, "Total Cost": 68965.03, "Plan Rows": 901342, "Plan Width": 20, "Actual Startup Time": 0.064, "Actual Total Time": 2057.174, "Actual Rows": 3063953, "Actual Loops": 1}]}, {"Node Type": "Index Only Scan", "Parent Relationship": "Inner", "Scan Direction": "Forward", "Index Name": "name_pkey", "Relation Name": "name", "Alias": "n1", "Startup Cost": 0.0, "Total Cost": 0.27, "Plan Rows": 1, "Plan Width": 4, "Actual Startup Time": 5121.099, "Actual Total Time": 5121.099, "Actual Rows": 2487611, "Actual Loops": 2487611, "Index Cond": "(id = ci.person_id)", "Rows Removed by Index Recheck": 0, "Heap Fetches": 0}]}]}, "Triggers": [], "Planner Runtime": 74, "Total Runtime": 24386.676, "Unique SQL Id": 2457761703}}, "(1, 2)": {"explain_plan": {"Plan": {"Node Type": "Aggregate", "Strategy": "Plain", "Startup Cost": 808403.05, "Total Cost": 808403.06, "Plan Rows": 1, "Plan Width": 97, "Plans": [{"Node Type": "Hash Join", "Parent Relationship": "Outer", "Join Type": "Inner", "Startup Cost": 779365.79, "Total Cost": 806617.56, "Plan Rows": 357098, "Plan Width": 33, "Inner Unique": false, "Hash Cond": "(a1.person_id = n1.id), (LLVM Optimized)", "Plans": [{"Node Type": "Seq Scan", "Parent Relationship": "Outer", "Relation Name": "aka_name", "Alias": "a1", "Startup Cost": 0.0, "Total Cost": 19908.42, "Plan Rows": 901342, "Plan Width": 20}, {"Node Type": "Hash", "Parent Relationship": "Inner", "Startup Cost": 770485.05, "Total Cost": 770485.05, "Plan Rows": 710459, "Plan Width": 25, "Plans": [{"Node Type": "Hash Join", "Parent Relationship": "Outer", "Join Type": "Inner", "Startup Cost": 418198.6, "Total Cost": 770485.05, "Plan Rows": 710459, "Plan Width": 25, "Inner Unique": true, "Hash Cond": "(ci.person_id = n1.id), (LLVM Optimized)", "Plans": [{"Node Type": "Hash Join", "Parent Relationship": "Outer", "Join Type": "Inner", "Startup Cost": 273033.07, "Total Cost": 615550.72, "Plan Rows": 710459, "Plan Width": 21, "Inner Unique": false, "Hash Cond": "(ci.movie_id = t.id), (LLVM Optimized)", "Plans": [{"Node Type": "Nested Loop", "Parent Relationship": "Outer", "Join Type": "Inner", "Startup Cost": 76306.71, "Total Cost": 389758.02, "Plan Rows": 3296318, "Plan Width": 8, "Inner Unique": false, "Plans": [{"Node Type": "Seq Scan", "Parent Relationship": "Outer", "Relation Name": "role_type", "Alias": "rt", "Startup Cost": 0.0, "Total Cost": 1.15, "Plan Rows": 1, "Plan Width": 4, "Filter": "((role)::text = 'writer'::text)"}, {"Node Type": "Bitmap Heap Scan", "Parent Relationship": "Inner", "Relation Name": "cast_info", "Alias": "ci", "Startup Cost": 76306.71, "Total Cost": 356793.69, "Plan Rows": 3296318, "Plan Width": 12, "Recheck Cond": "(role_id = rt.id), (LLVM Optimized)", "Plans": [{"Node Type": "Bitmap Index Scan", "Parent Relationship": "Outer", "Index Name": "role_id_cast_info", "Startup Cost": 0.0, "Total Cost": 75482.63, "Plan Rows": 3296318, "Plan Width": 0, "Index Cond": "(role_id = rt.id)"}]}]}, {"Node Type": "Hash", "Parent Relationship": "Inner", "Startup Cost": 180697.47, "Total Cost": 180697.47, "Plan Rows": 1282311, "Plan Width": 25, "Plans": [{"Node Type": "Hash Join", "Parent Relationship": "Outer", "Join Type": "Inner", "Startup Cost": 98641.07, "Total Cost": 180697.47, "Plan Rows": 1282311, "Plan Width": 25, "Inner Unique": true, "Hash Cond": "(mc.movie_id = t.id), (LLVM Optimized)", "Plans": [{"Node Type": "Hash Join", "Parent Relationship": "Outer", "Join Type": "Inner", "Startup Cost": 6968.08, "Total Cost": 71392.69, "Plan Rows": 1282311, "Plan Width": 4, "Inner Unique": true, "Hash Cond": "(mc.company_id = cn.id), (LLVM Optimized)", "Plans": [{"Node Type": "Seq Scan", "Parent Relationship": "Outer", "Relation Name": "movie_companies", "Alias": "mc", "Startup Cost": 0.0, "Total Cost": 41817.28, "Plan Rows": 2609128, "Plan Width": 8}, {"Node Type": "Hash", "Parent Relationship": "Inner", "Startup Cost": 5903.45, "Total Cost": 5903.45, "Plan Rows": 85170, "Plan Width": 4, "Plans": [{"Node Type": "Seq Scan", "Parent Relationship": "Outer", "Relation Name": "company_name", "Alias": "cn", "Startup Cost": 0.0, "Total Cost": 5903.45, "Plan Rows": 85170, "Plan Width": 4, "Filter": "((country_code)::text = '[us]'::text)"}]}]}, {"Node Type": "Hash", "Parent Relationship": "Inner", "Startup Cost": 60069.11, "Total Cost": 60069.11, "Plan Rows": 2528311, "Plan Width": 21, "Plans": [{"Node Type": "Seq Scan", "Parent Relationship": "Outer", "Relation Name": "title", "Alias": "t", "Startup Cost": 0.0, "Total Cost": 60069.11, "Plan Rows": 2528311, "Plan Width": 21}]}]}]}]}, {"Node Type": "Hash", "Parent Relationship": "Inner", "Startup Cost": 93071.9, "Total Cost": 93071.9, "Plan Rows": 4167490, "Plan Width": 4, "Plans": [{"Node Type": "Seq Scan", "Parent Relationship": "Outer", "Relation Name": "name", "Alias": "n1", "Startup Cost": 0.0, "Total Cost": 93071.9, "Plan Rows": 4167490, "Plan Width": 4}]}]}]}]}]}, "Unique SQL Id": 2457761703, "Planner Runtime": 59}, "explain_analyze_plan": {"Plan": {"Node Type": "Aggregate", "Strategy": "Plain", "Startup Cost": 808403.05, "Total Cost": 808403.06, "Plan Rows": 1, "Plan Width": 97, "Actual Startup Time": 14156.96, "Actual Total Time": 14156.96, "Actual Rows": 1, "Actual Loops": 1, "Plans": [{"Node Type": "Hash Join", "Parent Relationship": "Outer", "Join Type": "Inner", "Startup Cost": 779365.79, "Total Cost": 806617.56, "Plan Rows": 357098, "Plan Width": 33, "Actual Startup Time": 11817.477, "Actual Total Time": 13035.953, "Actual Rows": 2487611, "Actual Loops": 1, "Inner Unique": false, "Hash Cond": "(a1.person_id = n1.id), (LLVM Optimized, Jit Execute)", "Plans": [{"Node Type": "Seq Scan", "Parent Relationship": "Outer", "Relation Name": "aka_name", "Alias": "a1", "Startup Cost": 0.0, "Total Cost": 19908.42, "Plan Rows": 901342, "Plan Width": 20, "Actual Startup Time": 0.021, "Actual Total Time": 223.729, "Actual Rows": 901342, "Actual Loops": 1}, {"Node Type": "Hash", "Parent Relationship": "Inner", "Startup Cost": 770485.05, "Total Cost": 770485.05, "Plan Rows": 710459, "Plan Width": 25, "Actual Startup Time": 11812.572, "Actual Total Time": 11812.572, "Actual Rows": 1970658, "Actual Loops": 1, "Hash Buckets": 1048576, "Hash Batches": 1, "Original Hash Batches": 1, "Peak Memory Usage": 112799, "Plans": [{"Node Type": "Hash Join", "Parent Relationship": "Outer", "Join Type": "Inner", "Startup Cost": 418198.6, "Total Cost": 770485.05, "Plan Rows": 710459, "Plan Width": 25, "Actual Startup Time": 7818.705, "Actual Total Time": 11227.254, "Actual Rows": 1970658, "Actual Loops": 1, "Inner Unique": true, "Hash Cond": "(ci.person_id = n1.id), (LLVM Optimized, Jit Execute)", "Plans": [{"Node Type": "Hash Join", "Parent Relationship": "Outer", "Join Type": "Inner", "Startup Cost": 273033.07, "Total Cost": 615550.72, "Plan Rows": 710459, "Plan Width": 21, "Actual Startup Time": 4856.752, "Actual Total Time": 7448.075, "Actual Rows": 1970658, "Actual Loops": 1, "Inner Unique": false, "Hash Cond": "(ci.movie_id = t.id), (LLVM Optimized, Jit Execute)", "Plans": [{"Node Type": "Nested Loop", "Parent Relationship": "Outer", "Join Type": "Inner", "Startup Cost": 76306.71, "Total Cost": 389758.02, "Plan Rows": 3296318, "Plan Width": 8, "Actual Startup Time": 338.992, "Actual Total Time": 1654.48, "Actual Rows": 2728943, "Actual Loops": 1, "Inner Unique": false, "Plans": [{"Node Type": "Seq Scan", "Parent Relationship": "Outer", "Relation Name": "role_type", "Alias": "rt", "Startup Cost": 0.0, "Total Cost": 1.15, "Plan Rows": 1, "Plan Width": 4, "Actual Startup Time": 0.048, "Actual Total Time": 0.071, "Actual Rows": 1, "Actual Loops": 1, "Filter": "((role)::text = 'writer'::text)", "Rows Removed by Filter": 11}, {"Node Type": "Bitmap Heap Scan", "Parent Relationship": "Inner", "Relation Name": "cast_info", "Alias": "ci", "Startup Cost": 76306.71, "Total Cost": 356793.69, "Plan Rows": 3296318, "Plan Width": 12, "Actual Startup Time": 338.921, "Actual Total Time": 1167.629, "Actual Rows": 2728943, "Actual Loops": 1, "Recheck Cond": "(role_id = rt.id), (LLVM Optimized, Jit Execute)", "Rows Removed by Index Recheck": 0, "Exact Heap Blocks": 19177, "Lossy Heap Blocks": 19177, "Plans": [{"Node Type": "Bitmap Index Scan", "Parent Relationship": "Outer", "Index Name": "role_id_cast_info", "Startup Cost": 0.0, "Total Cost": 75482.63, "Plan Rows": 3296318, "Plan Width": 0, "Actual Startup Time": 334.398, "Actual Total Time": 334.398, "Actual Rows": 2728943, "Actual Loops": 1, "Index Cond": "(role_id = rt.id)"}]}]}, {"Node Type": "Hash", "Parent Relationship": "Inner", "Startup Cost": 180697.47, "Total Cost": 180697.47, "Plan Rows": 1282311, "Plan Width": 25, "Actual Startup Time": 4512.943, "Actual Total Time": 4512.943, "Actual Rows": 1153797, "Actual Loops": 1, "Hash Buckets": 2097152, "Hash Batches": 1, "Original Hash Batches": 1, "Peak Memory Usage": 68508, "Plans": [{"Node Type": "Hash Join", "Parent Relationship": "Outer", "Join Type": "Inner", "Startup Cost": 98641.07, "Total Cost": 180697.47, "Plan Rows": 1282311, "Plan Width": 25, "Actual Startup Time": 1833.514, "Actual Total Time": 4016.679, "Actual Rows": 1153797, "Actual Loops": 1, "Inner Unique": true, "Hash Cond": "(mc.movie_id = t.id), (LLVM Optimized, Jit Execute)", "Plans": [{"Node Type": "Hash Join", "Parent Relationship": "Outer", "Join Type": "Inner", "Startup Cost": 6968.08, "Total Cost": 71392.69, "Plan Rows": 1282311, "Plan Width": 4, "Actual Startup Time": 112.988, "Actual Total Time": 1571.798, "Actual Rows": 1153797, "Actual Loops": 1, "Inner Unique": true, "Hash Cond": "(mc.company_id = cn.id), (LLVM Optimized, Jit Execute)", "Plans": [{"Node Type": "Seq Scan", "Parent Relationship": "Outer", "Relation Name": "movie_companies", "Alias": "mc", "Startup Cost": 0.0, "Total Cost": 41817.28, "Plan Rows": 2609128, "Plan Width": 8, "Actual Startup Time": 0.057, "Actual Total Time": 619.25, "Actual Rows": 2609128, "Actual Loops": 1}, {"Node Type": "Hash", "Parent Relationship": "Inner", "Startup Cost": 5903.45, "Total Cost": 5903.45, "Plan Rows": 85170, "Plan Width": 4, "Actual Startup Time": 112.814, "Actual Total Time": 112.814, "Actual Rows": 84843, "Actual Loops": 1, "Hash Buckets": 131072, "Hash Batches": 1, "Original Hash Batches": 1, "Peak Memory Usage": 2983, "Plans": [{"Node Type": "Seq Scan", "Parent Relationship": "Outer", "Relation Name": "company_name", "Alias": "cn", "Startup Cost": 0.0, "Total Cost": 5903.45, "Plan Rows": 85170, "Plan Width": 4, "Actual Startup Time": 0.042, "Actual Total Time": 90.184, "Actual Rows": 84843, "Actual Loops": 1, "Filter": "((country_code)::text = '[us]'::text)", "Rows Removed by Filter": 150153}]}]}, {"Node Type": "Hash", "Parent Relationship": "Inner", "Startup Cost": 60069.11, "Total Cost": 60069.11, "Plan Rows": 2528311, "Plan Width": 21, "Actual Startup Time": 1718.015, "Actual Total Time": 1718.015, "Actual Rows": 2528311, "Actual Loops": 1, "Hash Buckets": 4194304, "Hash Batches": 1, "Original Hash Batches": 1, "Peak Memory Usage": 135869, "Plans": [{"Node Type": "Seq Scan", "Parent Relationship": "Outer", "Relation Name": "title", "Alias": "t", "Startup Cost": 0.0, "Total Cost": 60069.11, "Plan Rows": 2528311, "Plan Width": 21, "Actual Startup Time": 0.029, "Actual Total Time": 802.868, "Actual Rows": 2528311, "Actual Loops": 1}]}]}]}]}, {"Node Type": "Hash", "Parent Relationship": "Inner", "Startup Cost": 93071.9, "Total Cost": 93071.9, "Plan Rows": 4167490, "Plan Width": 4, "Actual Startup Time": 2959.088, "Actual Total Time": 2959.088, "Actual Rows": 4167490, "Actual Loops": 1, "Hash Buckets": 4194304, "Hash Batches": 1, "Original Hash Batches": 1, "Peak Memory Usage": 146514, "Plans": [{"Node Type": "Seq Scan", "Parent Relationship": "Outer", "Relation Name": "name", "Alias": "n1", "Startup Cost": 0.0, "Total Cost": 93071.9, "Plan Rows": 4167490, "Plan Width": 4, "Actual Startup Time": 0.039, "Actual Total Time": 1329.288, "Actual Rows": 4167490, "Actual Loops": 1}]}]}]}]}]}, "Triggers": [], "Planner Runtime": 35, "Total Runtime": 14171.854, "Unique SQL Id": 2457761703}}, "(1, 3)": {"explain_plan": {"Plan": {"Node Type": "Aggregate", "Strategy": "Plain", "Startup Cost": 1000069787565.86, "Total Cost": 1000069787565.87, "Plan Rows": 1, "Plan Width": 97, "Plans": [{"Node Type": "Nested Loop", "Parent Relationship": "Outer", "Join Type": "Inner", "Startup Cost": 10000000001.8, "Total Cost": 1000069785780.37, "Plan Rows": 357098, "Plan Width": 33, "Inner Unique": true, "Plans": [{"Node Type": "Nested Loop", "Parent Relationship": "Outer", "Join Type": "Inner", "Startup Cost": 10000000001.54, "Total Cost": 1000068255744.11, "Plan Rows": 357379, "Plan Width": 24, "Inner Unique": true, "Join Filter": "(a1.person_id = n1.id), (LLVM Optimized)", "Plans": [{"Node Type": "Nested Loop", "Parent Relationship": "Outer", "Join Type": "Inner", "Startup Cost": 10000000001.28, "Total Cost": 1000066724564.96, "Plan Rows": 357379, "Plan Width": 32, "Inner Unique": false, "Plans": [{"Node Type": "Nested Loop", "Parent Relationship": "Outer", "Join Type": "Inner", "Startup Cost": 10000000001.03, "Total Cost": 1000063680996.82, "Plan Rows": 711018, "Plan Width": 12, "Inner Unique": true, "Plans": [{"Node Type": "Nested Loop", "Parent Relationship": "Outer", "Join Type": "Inner", "Startup Cost": 10000000000.77, "Total Cost": 1000030184746.51, "Plan Rows": 7821201, "Plan Width": 16, "Inner Unique": false, "Plans": [{"Node Type": "Nested Loop", "Parent Relationship": "Outer", "Join Type": "Inner", "Startup Cost": 10000000000.26, "Total Cost": 1000024227793.07, "Plan Rows": 1282311, "Plan Width": 4, "Inner Unique": true, "Plans": [{"Node Type": "Index Scan", "Parent Relationship": "Outer", "Scan Direction": "Forward", "Index Name": "movie_id_movie_companies", "Relation Name": "movie_companies", "Alias": "mc", "Startup Cost": 10000000000.0, "Total Cost": 1000013051946.13, "Plan Rows": 2609128, "Plan Width": 8}, {"Node Type": "Bitmap Heap Scan", "Parent Relationship": "Inner", "Relation Name": "company_name", "Alias": "cn", "Startup Cost": 0.26, "Total Cost": 4.27, "Plan Rows": 1, "Plan Width": 4, "Recheck Cond": "(id = mc.company_id)", "Filter": "((country_code)::text = '[us]'::text)", "Plans": [{"Node Type": "Bitmap Index Scan", "Parent Relationship": "Outer", "Index Name": "company_name_pkey", "Startup Cost": 0.0, "Total Cost": 0.26, "Plan Rows": 1, "Plan Width": 0, "Index Cond": "(id = mc.company_id)"}]}]}, {"Node Type": "Bitmap Heap Scan", "Parent Relationship": "Inner", "Relation Name": "cast_info", "Alias": "ci", "Startup Cost": 0.51, "Total Cost": 4.59, "Plan Rows": 6, "Plan Width": 12, "Recheck Cond": "(movie_id = mc.movie_id)", "Plans": [{"Node Type": "Bitmap Index Scan", "Parent Relationship": "Outer", "Index Name": "movie_id_cast_info", "Startup Cost": 0.0, "Total Cost": 0.51, "Plan Rows": 6, "Plan Width": 0, "Index Cond": "(movie_id = mc.movie_id)"}]}]}, {"Node Type": "Bitmap Heap Scan", "Parent Relationship": "Inner", "Relation Name": "role_type", "Alias": "rt", "Startup Cost": 0.26, "Total Cost": 4.27, "Plan Rows": 1, "Plan Width": 4, "Recheck Cond": "(id = ci.role_id)", "Filter": "((role)::text = 'writer'::text)", "Plans": [{"Node Type": "Bitmap Index Scan", "Parent Relationship": "Outer", "Index Name": "role_type_pkey", "Startup Cost": 0.0, "Total Cost": 0.26, "Plan Rows": 1, "Plan Width": 0, "Index Cond": "(id = ci.role_id)"}]}]}, {"Node Type": "Bitmap Heap Scan", "Parent Relationship": "Inner", "Relation Name": "aka_name", "Alias": "a1", "Startup Cost": 0.26, "Total Cost": 4.27, "Plan Rows": 1, "Plan Width": 20, "Recheck Cond": "(person_id = ci.person_id)", "Plans": [{"Node Type": "Bitmap Index Scan", "Parent Relationship": "Outer", "Index Name": "person_id_aka_name", "Startup Cost": 0.0, "Total Cost": 0.26, "Plan Rows": 1, "Plan Width": 0, "Index Cond": "(person_id = ci.person_id)"}]}]}, {"Node Type": "Bitmap Heap Scan", "Parent Relationship": "Inner", "Relation Name": "name", "Alias": "n1", "Startup Cost": 0.26, "Total Cost": 4.27, "Plan Rows": 1, "Plan Width": 4, "Recheck Cond": "(id = ci.person_id)", "Plans": [{"Node Type": "Bitmap Index Scan", "Parent Relationship": "Outer", "Index Name": "name_pkey", "Startup Cost": 0.0, "Total Cost": 0.26, "Plan Rows": 1, "Plan Width": 0, "Index Cond": "(id = ci.person_id)"}]}]}, {"Node Type": "Bitmap Heap Scan", "Parent Relationship": "Inner", "Relation Name": "title", "Alias": "t", "Startup Cost": 0.26, "Total Cost": 4.27, "Plan Rows": 1, "Plan Width": 21, "Recheck Cond": "(id = ci.movie_id)", "Plans": [{"Node Type": "Bitmap Index Scan", "Parent Relationship": "Outer", "Index Name": "title_pkey", "Startup Cost": 0.0, "Total Cost": 0.26, "Plan Rows": 1, "Plan Width": 0, "Index Cond": "(id = ci.movie_id)"}]}]}]}, "Unique SQL Id": 2457761703, "Planner Runtime": 7}, "explain_analyze_plan": null}, "(1, 4)": {"explain_plan": {"Plan": {"Node Type": "Aggregate", "Strategy": "Plain", "Startup Cost": 589695.38, "Total Cost": 589695.39, "Plan Rows": 1, "Plan Width": 97, "Plans": [{"Node Type": "Hash Join", "Parent Relationship": "Outer", "Join Type": "Inner", "Startup Cost": 561014.71, "Total Cost": 587909.89, "Plan Rows": 357098, "Plan Width": 33, "Inner Unique": false, "Hash Cond": "(a1.person_id = n1.id), (LLVM Optimized)", "Plans": [{"Node Type": "Seq Scan", "Parent Relationship": "Outer", "Relation Name": "aka_name", "Alias": "a1", "Startup Cost": 0.0, "Total Cost": 19908.42, "Plan Rows": 901342, "Plan Width": 20}, {"Node Type": "Hash", "Parent Relationship": "Inner", "Startup Cost": 552133.97, "Total Cost": 552133.97, "Plan Rows": 710459, "Plan Width": 25, "Plans": [{"Node Type": "Hash Join", "Parent Relationship": "Outer", "Join Type": "Inner", "Startup Cost": 341891.88, "Total Cost": 552133.97, "Plan Rows": 710459, "Plan Width": 25, "Inner Unique": true, "Hash Cond": "(ci.person_id = n1.id), (LLVM Optimized)", "Plans": [{"Node Type": "Hash Join", "Parent Relationship": "Outer", "Join Type": "Inner", "Startup Cost": 196726.36, "Total Cost": 397199.64, "Plan Rows": 710459, "Plan Width": 21, "Inner Unique": false, "Hash Cond": "(ci.movie_id = t.id), (LLVM Optimized)", "Plans": [{"Node Type": "Nested Loop", "Parent Relationship": "Outer", "Join Type": "Inner", "Startup Cost": 0.0, "Total Cost": 171406.94, "Plan Rows": 3296318, "Plan Width": 8, "Inner Unique": false, "Plans": [{"Node Type": "Seq Scan", "Parent Relationship": "Outer", "Relation Name": "role_type", "Alias": "rt", "Startup Cost": 0.0, "Total Cost": 1.15, "Plan Rows": 1, "Plan Width": 4, "Filter": "((role)::text = 'writer'::text)"}, {"Node Type": "Index Scan", "Parent Relationship": "Inner", "Scan Direction": "Forward", "Index Name": "role_id_cast_info", "Relation Name": "cast_info", "Alias": "ci", "Startup Cost": 0.0, "Total Cost": 138442.61, "Plan Rows": 3296318, "Plan Width": 12, "Index Cond": "(role_id = rt.id), (LLVM Optimized)"}]}, {"Node Type": "Hash", "Parent Relationship": "Inner", "Startup Cost": 180697.47, "Total Cost": 180697.47, "Plan Rows": 1282311, "Plan Width": 25, "Plans": [{"Node Type": "Hash Join", "Parent Relationship": "Outer", "Join Type": "Inner", "Startup Cost": 98641.07, "Total Cost": 180697.47, "Plan Rows": 1282311, "Plan Width": 25, "Inner Unique": true, "Hash Cond": "(mc.movie_id = t.id), (LLVM Optimized)", "Plans": [{"Node Type": "Hash Join", "Parent Relationship": "Outer", "Join Type": "Inner", "Startup Cost": 6968.08, "Total Cost": 71392.69, "Plan Rows": 1282311, "Plan Width": 4, "Inner Unique": true, "Hash Cond": "(mc.company_id = cn.id), (LLVM Optimized)", "Plans": [{"Node Type": "Seq Scan", "Parent Relationship": "Outer", "Relation Name": "movie_companies", "Alias": "mc", "Startup Cost": 0.0, "Total Cost": 41817.28, "Plan Rows": 2609128, "Plan Width": 8}, {"Node Type": "Hash", "Parent Relationship": "Inner", "Startup Cost": 5903.45, "Total Cost": 5903.45, "Plan Rows": 85170, "Plan Width": 4, "Plans": [{"Node Type": "Seq Scan", "Parent Relationship": "Outer", "Relation Name": "company_name", "Alias": "cn", "Startup Cost": 0.0, "Total Cost": 5903.45, "Plan Rows": 85170, "Plan Width": 4, "Filter": "((country_code)::text = '[us]'::text)"}]}]}, {"Node Type": "Hash", "Parent Relationship": "Inner", "Startup Cost": 60069.11, "Total Cost": 60069.11, "Plan Rows": 2528311, "Plan Width": 21, "Plans": [{"Node Type": "Seq Scan", "Parent Relationship": "Outer", "Relation Name": "title", "Alias": "t", "Startup Cost": 0.0, "Total Cost": 60069.11, "Plan Rows": 2528311, "Plan Width": 21}]}]}]}]}, {"Node Type": "Hash", "Parent Relationship": "Inner", "Startup Cost": 93071.9, "Total Cost": 93071.9, "Plan Rows": 4167490, "Plan Width": 4, "Plans": [{"Node Type": "Seq Scan", "Parent Relationship": "Outer", "Relation Name": "name", "Alias": "n1", "Startup Cost": 0.0, "Total Cost": 93071.9, "Plan Rows": 4167490, "Plan Width": 4}]}]}]}]}]}, "Unique SQL Id": 2457761703, "Planner Runtime": 83}, "explain_analyze_plan": {"Plan": {"Node Type": "Aggregate", "Strategy": "Plain", "Startup Cost": 589695.38, "Total Cost": 589695.39, "Plan Rows": 1, "Plan Width": 97, "Actual Startup Time": 14083.388, "Actual Total Time": 14083.389, "Actual Rows": 1, "Actual Loops": 1, "Plans": [{"Node Type": "Hash Join", "Parent Relationship": "Outer", "Join Type": "Inner", "Startup Cost": 561014.71, "Total Cost": 587909.89, "Plan Rows": 357098, "Plan Width": 33, "Actual Startup Time": 11707.86, "Actual Total Time": 12960.559, "Actual Rows": 2487611, "Actual Loops": 1, "Inner Unique": false, "Hash Cond": "(a1.person_id = n1.id), (LLVM Optimized, Jit Execute)", "Plans": [{"Node Type": "Seq Scan", "Parent Relationship": "Outer", "Relation Name": "aka_name", "Alias": "a1", "Startup Cost": 0.0, "Total Cost": 19908.42, "Plan Rows": 901342, "Plan Width": 20, "Actual Startup Time": 0.028, "Actual Total Time": 228.399, "Actual Rows": 901342, "Actual Loops": 1}, {"Node Type": "Hash", "Parent Relationship": "Inner", "Startup Cost": 552133.97, "Total Cost": 552133.97, "Plan Rows": 710459, "Plan Width": 25, "Actual Startup Time": 11703.168, "Actual Total Time": 11703.168, "Actual Rows": 1970658, "Actual Loops": 1, "Hash Buckets": 1048576, "Hash Batches": 1, "Original Hash Batches": 1, "Peak Memory Usage": 112799, "Plans": [{"Node Type": "Hash Join", "Parent Relationship": "Outer", "Join Type": "Inner", "Startup Cost": 341891.88, "Total Cost": 552133.97, "Plan Rows": 710459, "Plan Width": 25, "Actual Startup Time": 7024.385, "Actual Total Time": 11117.689, "Actual Rows": 1970658, "Actual Loops": 1, "Inner Unique": true, "Hash Cond": "(ci.person_id = n1.id), (LLVM Optimized, Jit Execute)", "Plans": [{"Node Type": "Hash Join", "Parent Relationship": "Outer", "Join Type": "Inner", "Startup Cost": 196726.36, "Total Cost": 397199.64, "Plan Rows": 710459, "Plan Width": 21, "Actual Startup Time": 4186.944, "Actual Total Time": 7503.897, "Actual Rows": 1970658, "Actual Loops": 1, "Inner Unique": false, "Hash Cond": "(ci.movie_id = t.id), (LLVM Optimized, Jit Execute)", "Plans": [{"Node Type": "Nested Loop", "Parent Relationship": "Outer", "Join Type": "Inner", "Startup Cost": 0.0, "Total Cost": 171406.94, "Plan Rows": 3296318, "Plan Width": 8, "Actual Startup Time": 0.117, "Actual Total Time": 1880.061, "Actual Rows": 2728943, "Actual Loops": 1, "Inner Unique": false, "Plans": [{"Node Type": "Seq Scan", "Parent Relationship": "Outer", "Relation Name": "role_type", "Alias": "rt", "Startup Cost": 0.0, "Total Cost": 1.15, "Plan Rows": 1, "Plan Width": 4, "Actual Startup Time": 0.047, "Actual Total Time": 0.143, "Actual Rows": 1, "Actual Loops": 1, "Filter": "((role)::text = 'writer'::text)", "Rows Removed by Filter": 11}, {"Node Type": "Index Scan", "Parent Relationship": "Inner", "Scan Direction": "Forward", "Index Name": "role_id_cast_info", "Relation Name": "cast_info", "Alias": "ci", "Startup Cost": 0.0, "Total Cost": 138442.61, "Plan Rows": 3296318, "Plan Width": 12, "Actual Startup Time": 0.057, "Actual Total Time": 1350.34, "Actual Rows": 2728943, "Actual Loops": 1, "Index Cond": "(role_id = rt.id), (LLVM Optimized, Jit Execute)", "Rows Removed by Index Recheck": 0}]}, {"Node Type": "Hash", "Parent Relationship": "Inner", "Startup Cost": 180697.47, "Total Cost": 180697.47, "Plan Rows": 1282311, "Plan Width": 25, "Actual Startup Time": 4182.205, "Actual Total Time": 4182.205, "Actual Rows": 1153797, "Actual Loops": 1, "Hash Buckets": 2097152, "Hash Batches": 1, "Original Hash Batches": 1, "Peak Memory Usage": 68508, "Plans": [{"Node Type": "Hash Join", "Parent Relationship": "Outer", "Join Type": "Inner", "Startup Cost": 98641.07, "Total Cost": 180697.47, "Plan Rows": 1282311, "Plan Width": 25, "Actual Startup Time": 1768.291, "Actual Total Time": 3783.203, "Actual Rows": 1153797, "Actual Loops": 1, "Inner Unique": true, "Hash Cond": "(mc.movie_id = t.id), (LLVM Optimized, Jit Execute)", "Plans": [{"Node Type": "Hash Join", "Parent Relationship": "Outer", "Join Type": "Inner", "Startup Cost": 6968.08, "Total Cost": 71392.69, "Plan Rows": 1282311, "Plan Width": 4, "Actual Startup Time": 112.424, "Actual Total Time": 1527.13, "Actual Rows": 1153797, "Actual Loops": 1, "Inner Unique": true, "Hash Cond": "(mc.company_id = cn.id), (LLVM Optimized, Jit Execute)", "Plans": [{"Node Type": "Seq Scan", "Parent Relationship": "Outer", "Relation Name": "movie_companies", "Alias": "mc", "Startup Cost": 0.0, "Total Cost": 41817.28, "Plan Rows": 2609128, "Plan Width": 8, "Actual Startup Time": 0.024, "Actual Total Time": 595.557, "Actual Rows": 2609128, "Actual Loops": 1}, {"Node Type": "Hash", "Parent Relationship": "Inner", "Startup Cost": 5903.45, "Total Cost": 5903.45, "Plan Rows": 85170, "Plan Width": 4, "Actual Startup Time": 112.295, "Actual Total Time": 112.295, "Actual Rows": 84843, "Actual Loops": 1, "Hash Buckets": 131072, "Hash Batches": 1, "Original Hash Batches": 1, "Peak Memory Usage": 2983, "Plans": [{"Node Type": "Seq Scan", "Parent Relationship": "Outer", "Relation Name": "company_name", "Alias": "cn", "Startup Cost": 0.0, "Total Cost": 5903.45, "Plan Rows": 85170, "Plan Width": 4, "Actual Startup Time": 0.028, "Actual Total Time": 89.914, "Actual Rows": 84843, "Actual Loops": 1, "Filter": "((country_code)::text = '[us]'::text)", "Rows Removed by Filter": 150153}]}]}, {"Node Type": "Hash", "Parent Relationship": "Inner", "Startup Cost": 60069.11, "Total Cost": 60069.11, "Plan Rows": 2528311, "Plan Width": 21, "Actual Startup Time": 1653.422, "Actual Total Time": 1653.422, "Actual Rows": 2528311, "Actual Loops": 1, "Hash Buckets": 4194304, "Hash Batches": 1, "Original Hash Batches": 1, "Peak Memory Usage": 135869, "Plans": [{"Node Type": "Seq Scan", "Parent Relationship": "Outer", "Relation Name": "title", "Alias": "t", "Startup Cost": 0.0, "Total Cost": 60069.11, "Plan Rows": 2528311, "Plan Width": 21, "Actual Startup Time": 0.026, "Actual Total Time": 800.156, "Actual Rows": 2528311, "Actual Loops": 1}]}]}]}]}, {"Node Type": "Hash", "Parent Relationship": "Inner", "Startup Cost": 93071.9, "Total Cost": 93071.9, "Plan Rows": 4167490, "Plan Width": 4, "Actual Startup Time": 2834.921, "Actual Total Time": 2834.921, "Actual Rows": 4167490, "Actual Loops": 1, "Hash Buckets": 4194304, "Hash Batches": 1, "Original Hash Batches": 1, "Peak Memory Usage": 146514, "Plans": [{"Node Type": "Seq Scan", "Parent Relationship": "Outer", "Relation Name": "name", "Alias": "n1", "Startup Cost": 0.0, "Total Cost": 93071.9, "Plan Rows": 4167490, "Plan Width": 4, "Actual Startup Time": 0.027, "Actual Total Time": 1278.188, "Actual Rows": 4167490, "Actual Loops": 1}]}]}]}]}]}, "Triggers": [], "Planner Runtime": 46, "Total Runtime": 14098.166, "Unique SQL Id": 2457761703}}, "(1, 5)": {"explain_plan": {"Plan": {"Node Type": "Aggregate", "Strategy": "Plain", "Startup Cost": 772871.67, "Total Cost": 772871.68, "Plan Rows": 1, "Plan Width": 97, "Plans": [{"Node Type": "Nested Loop", "Parent Relationship": "Outer", "Join Type": "Inner", "Startup Cost": 599201.04, "Total Cost": 771086.18, "Plan Rows": 357098, "Plan Width": 33, "Inner Unique": true, "Join Filter": "(a1.person_id = n1.id), (LLVM Optimized)", "Plans": [{"Node Type": "Merge Join", "Parent Relationship": "Outer", "Join Type": "Inner", "Startup Cost": 599201.04, "Total Cost": 667567.53, "Plan Rows": 357098, "Plan Width": 41, "Inner Unique": false, "Merge Cond": "(ci.person_id = a1.person_id)", "Plans": [{"Node Type": "Sort", "Parent Relationship": "Outer", "Startup Cost": 599200.97, "Total Cost": 600977.12, "Plan Rows": 710459, "Plan Width": 21, "Sort Key": ["ci.person_id"], "Plans": [{"Node Type": "Hash Join", "Parent Relationship": "Outer", "Join Type": "Inner", "Startup Cost": 329665.48, "Total Cost": 530150.07, "Plan Rows": 710459, "Plan Width": 21, "Inner Unique": false, "Hash Cond": "(ci.movie_id = t.id), (LLVM Optimized)", "Plans": [{"Node Type": "Nested Loop", "Parent Relationship": "Outer", "Join Type": "Inner", "Startup Cost": 0.0, "Total Cost": 171418.25, "Plan Rows": 3296318, "Plan Width": 8, "Inner Unique": false, "Plans": [{"Node Type": "Index Scan", "Parent Relationship": "Outer", "Scan Direction": "Forward", "Index Name": "role_type_pkey", "Relation Name": "role_type", "Alias": "rt", "Startup Cost": 0.0, "Total Cost": 12.46, "Plan Rows": 1, "Plan Width": 4, "Filter": "((role)::text = 'writer'::text)"}, {"Node Type": "Index Scan", "Parent Relationship": "Inner", "Scan Direction": "Forward", "Index Name": "role_id_cast_info", "Relation Name": "cast_info", "Alias": "ci", "Startup Cost": 0.0, "Total Cost": 138442.61, "Plan Rows": 3296318, "Plan Width": 12, "Index Cond": "(role_id = rt.id), (LLVM Optimized)"}]}, {"Node Type": "Hash", "Parent Relationship": "Inner", "Startup Cost": 313636.59, "Total Cost": 313636.59, "Plan Rows": 1282311, "Plan Width": 25, "Plans": [{"Node Type": "Hash Join", "Parent Relationship": "Outer", "Join Type": "Inner", "Startup Cost": 11568.59, "Total Cost": 313636.59, "Plan Rows": 1282311, "Plan Width": 25, "Inner Unique": true, "Hash Cond": "(mc.company_id = cn.id), (LLVM Optimized)", "Plans": [{"Node Type": "Merge Join", "Parent Relationship": "Outer", "Join Type": "Inner", "Startup Cost": 2.58, "Total Cost": 279463.24, "Plan Rows": 2609128, "Plan Width": 29, "Inner Unique": false, "Merge Cond": "(t.id = mc.movie_id)", "Plans": [{"Node Type": "Index Scan", "Parent Relationship": "Outer", "Scan Direction": "Forward", "Index Name": "title_pkey", "Relation Name": "title", "Alias": "t", "Startup Cost": 0.0, "Total Cost": 110120.49, "Plan Rows": 2528311, "Plan Width": 21}, {"Node Type": "Index Scan", "Parent Relationship": "Inner", "Scan Direction": "Forward", "Index Name": "movie_id_movie_companies", "Relation Name": "movie_companies", "Alias": "mc", "Startup Cost": 0.0, "Total Cost": 130519.46, "Plan Rows": 2609128, "Plan Width": 8}]}, {"Node Type": "Hash", "Parent Relationship": "Inner", "Startup Cost": 10501.39, "Total Cost": 10501.39, "Plan Rows": 85170, "Plan Width": 4, "Plans": [{"Node Type": "Index Scan", "Parent Relationship": "Outer", "Scan Direction": "Forward", "Index Name": "company_name_pkey", "Relation Name": "company_name", "Alias": "cn", "Startup Cost": 0.0, "Total Cost": 10501.39, "Plan Rows": 85170, "Plan Width": 4, "Filter": "((country_code)::text = '[us]'::text)"}]}]}]}]}]}, {"Node Type": "Index Scan", "Parent Relationship": "Inner", "Scan Direction": "Forward", "Index Name": "person_id_aka_name", "Relation Name": "aka_name", "Alias": "a1", "Startup Cost": 0.0, "Total Cost": 68965.03, "Plan Rows": 901342, "Plan Width": 20}]}, {"Node Type": "Index Scan", "Parent Relationship": "Inner", "Scan Direction": "Forward", "Index Name": "name_pkey", "Relation Name": "name", "Alias": "n1", "Startup Cost": 0.0, "Total Cost": 0.28, "Plan Rows": 1, "Plan Width": 4, "Index Cond": "(id = ci.person_id)"}]}]}, "Unique SQL Id": 2457761703, "Planner Runtime": 74}, "explain_analyze_plan": {"Plan": {"Node Type": "Aggregate", "Strategy": "Plain", "Startup Cost": 772871.67, "Total Cost": 772871.68, "Plan Rows": 1, "Plan Width": 97, "Actual Startup Time": 25445.655, "Actual Total Time": 25445.655, "Actual Rows": 1, "Actual Loops": 1, "Plans": [{"Node Type": "Nested Loop", "Parent Relationship": "Outer", "Join Type": "Inner", "Startup Cost": 599201.04, "Total Cost": 771086.18, "Plan Rows": 357098, "Plan Width": 33, "Actual Startup Time": 12016.901, "Actual Total Time": 23944.864, "Actual Rows": 2487611, "Actual Loops": 1, "Inner Unique": true, "Join Filter": "(a1.person_id = n1.id), (LLVM Optimized, Jit Execute)", "Rows Removed by Join Filter": 0, "Plans": [{"Node Type": "Merge Join", "Parent Relationship": "Outer", "Join Type": "Inner", "Startup Cost": 599201.04, "Total Cost": 667567.53, "Plan Rows": 357098, "Plan Width": 41, "Actual Startup Time": 12016.871, "Actual Total Time": 15590.419, "Actual Rows": 2487611, "Actual Loops": 1, "Inner Unique": false, "Merge Cond": "(ci.person_id = a1.person_id)", "Plans": [{"Node Type": "Sort", "Parent Relationship": "Outer", "Startup Cost": 599200.97, "Total Cost": 600977.12, "Plan Rows": 710459, "Plan Width": 21, "Actual Startup Time": 12016.69, "Actual Total Time": 12420.308, "Actual Rows": 1970658, "Actual Loops": 1, "Sort Key": ["ci.person_id"], "Sort Method": "quicksort", "Sort Space Used": 240236, "Sort Space Type": "Memory", "Plans": [{"Node Type": "Hash Join", "Parent Relationship": "Outer", "Join Type": "Inner", "Startup Cost": 329665.48, "Total Cost": 530150.07, "Plan Rows": 710459, "Plan Width": 21, "Actual Startup Time": 8057.621, "Actual Total Time": 11391.445, "Actual Rows": 1970658, "Actual Loops": 1, "Inner Unique": false, "Hash Cond": "(ci.movie_id = t.id), (LLVM Optimized, Jit Execute)", "Plans": [{"Node Type": "Nested Loop", "Parent Relationship": "Outer", "Join Type": "Inner", "Startup Cost": 0.0, "Total Cost": 171418.25, "Plan Rows": 3296318, "Plan Width": 8, "Actual Startup Time": 0.075, "Actual Total Time": 1872.942, "Actual Rows": 2728943, "Actual Loops": 1, "Inner Unique": false, "Plans": [{"Node Type": "Index Scan", "Parent Relationship": "Outer", "Scan Direction": "Forward", "Index Name": "role_type_pkey", "Relation Name": "role_type", "Alias": "rt", "Startup Cost": 0.0, "Total Cost": 12.46, "Plan Rows": 1, "Plan Width": 4, "Actual Startup Time": 0.022, "Actual Total Time": 0.039, "Actual Rows": 1, "Actual Loops": 1, "Filter": "((role)::text = 'writer'::text)", "Rows Removed by Filter": 11}, {"Node Type": "Index Scan", "Parent Relationship": "Inner", "Scan Direction": "Forward", "Index Name": "role_id_cast_info", "Relation Name": "cast_info", "Alias": "ci", "Startup Cost": 0.0, "Total Cost": 138442.61, "Plan Rows": 3296318, "Plan Width": 12, "Actual Startup Time": 0.048, "Actual Total Time": 1346.876, "Actual Rows": 2728943, "Actual Loops": 1, "Index Cond": "(role_id = rt.id), (LLVM Optimized, Jit Execute)", "Rows Removed by Index Recheck": 0}]}, {"Node Type": "Hash", "Parent Relationship": "Inner", "Startup Cost": 313636.59, "Total Cost": 313636.59, "Plan Rows": 1282311, "Plan Width": 25, "Actual Startup Time": 8055.826, "Actual Total Time": 8055.826, "Actual Rows": 1153797, "Actual Loops": 1, "Hash Buckets": 2097152, "Hash Batches": 1, "Original Hash Batches": 1, "Peak Memory Usage": 68508, "Plans": [{"Node Type": "Hash Join", "Parent Relationship": "Outer", "Join Type": "Inner", "Startup Cost": 11568.59, "Total Cost": 313636.59, "Plan Rows": 1282311, "Plan Width": 25, "Actual Startup Time": 344.224, "Actual Total Time": 7573.169, "Actual Rows": 1153797, "Actual Loops": 1, "Inner Unique": true, "Hash Cond": "(mc.company_id = cn.id), (LLVM Optimized, Jit Execute)", "Plans": [{"Node Type": "Merge Join", "Parent Relationship": "Outer", "Join Type": "Inner", "Startup Cost": 2.58, "Total Cost": 279463.24, "Plan Rows": 2609128, "Plan Width": 29, "Actual Startup Time": 0.055, "Actual Total Time": 6396.328, "Actual Rows": 2609128, "Actual Loops": 1, "Inner Unique": false, "Merge Cond": "(t.id = mc.movie_id)", "Plans": [{"Node Type": "Index Scan", "Parent Relationship": "Outer", "Scan Direction": "Forward", "Index Name": "title_pkey", "Relation Name": "title", "Alias": "t", "Startup Cost": 0.0, "Total Cost": 110120.49, "Plan Rows": 2528311, "Plan Width": 21, "Actual Startup Time": 0.025, "Actual Total Time": 3081.637, "Actual Rows": 2525745, "Actual Loops": 1}, {"Node Type": "Index Scan", "Parent Relationship": "Inner", "Scan Direction": "Forward", "Index Name": "movie_id_movie_companies", "Relation Name": "movie_companies", "Alias": "mc", "Startup Cost": 0.0, "Total Cost": 130519.46, "Plan Rows": 2609128, "Plan Width": 8, "Actual Startup Time": 0.02, "Actual Total Time": 1796.595, "Actual Rows": 2609128, "Actual Loops": 1}]}, {"Node Type": "Hash", "Parent Relationship": "Inner", "Startup Cost": 10501.39, "Total Cost": 10501.39, "Plan Rows": 85170, "Plan Width": 4, "Actual Startup Time": 344.053, "Actual Total Time": 344.053, "Actual Rows": 84843, "Actual Loops": 1, "Hash Buckets": 131072, "Hash Batches": 1, "Original Hash Batches": 1, "Peak Memory Usage": 2983, "Plans": [{"Node Type": "Index Scan", "Parent Relationship": "Outer", "Scan Direction": "Forward", "Index Name": "company_name_pkey", "Relation Name": "company_name", "Alias": "cn", "Startup Cost": 0.0, "Total Cost": 10501.39, "Plan Rows": 85170, "Plan Width": 4, "Actual Startup Time": 0.028, "Actual Total Time": 317.047, "Actual Rows": 84843, "Actual Loops": 1, "Filter": "((country_code)::text = '[us]'::text)", "Rows Removed by Filter": 150153}]}]}]}]}]}, {"Node Type": "Index Scan", "Parent Relationship": "Inner", "Scan Direction": "Forward", "Index Name": "person_id_aka_name", "Relation Name": "aka_name", "Alias": "a1", "Startup Cost": 0.0, "Total Cost": 68965.03, "Plan Rows": 901342, "Plan Width": 20, "Actual Startup Time": 0.077, "Actual Total Time": 1904.264, "Actual Rows": 3063953, "Actual Loops": 1}]}, {"Node Type": "Index Scan", "Parent Relationship": "Inner", "Scan Direction": "Forward", "Index Name": "name_pkey", "Relation Name": "name", "Alias": "n1", "Startup Cost": 0.0, "Total Cost": 0.28, "Plan Rows": 1, "Plan Width": 4, "Actual Startup Time": 6401.209, "Actual Total Time": 6401.209, "Actual Rows": 2487611, "Actual Loops": 2487611, "Index Cond": "(id = ci.person_id)", "Rows Removed by Index Recheck": 0}]}]}, "Triggers": [], "Planner Runtime": 73, "Total Runtime": 25457.897, "Unique SQL Id": 2457761703}}, "(1, 6)": {"explain_plan": {"Plan": {"Node Type": "Aggregate", "Strategy": "Plain", "Startup Cost": 808403.05, "Total Cost": 808403.06, "Plan Rows": 1, "Plan Width": 97, "Plans": [{"Node Type": "Hash Join", "Parent Relationship": "Outer", "Join Type": "Inner", "Startup Cost": 779365.79, "Total Cost": 806617.56, "Plan Rows": 357098, "Plan Width": 33, "Inner Unique": false, "Hash Cond": "(a1.person_id = n1.id), (LLVM Optimized)", "Plans": [{"Node Type": "Seq Scan", "Parent Relationship": "Outer", "Relation Name": "aka_name", "Alias": "a1", "Startup Cost": 0.0, "Total Cost": 19908.42, "Plan Rows": 901342, "Plan Width": 20}, {"Node Type": "Hash", "Parent Relationship": "Inner", "Startup Cost": 770485.05, "Total Cost": 770485.05, "Plan Rows": 710459, "Plan Width": 25, "Plans": [{"Node Type": "Hash Join", "Parent Relationship": "Outer", "Join Type": "Inner", "Startup Cost": 418198.6, "Total Cost": 770485.05, "Plan Rows": 710459, "Plan Width": 25, "Inner Unique": true, "Hash Cond": "(ci.person_id = n1.id), (LLVM Optimized)", "Plans": [{"Node Type": "Hash Join", "Parent Relationship": "Outer", "Join Type": "Inner", "Startup Cost": 273033.07, "Total Cost": 615550.72, "Plan Rows": 710459, "Plan Width": 21, "Inner Unique": false, "Hash Cond": "(ci.movie_id = t.id), (LLVM Optimized)", "Plans": [{"Node Type": "Nested Loop", "Parent Relationship": "Outer", "Join Type": "Inner", "Startup Cost": 76306.71, "Total Cost": 389758.02, "Plan Rows": 3296318, "Plan Width": 8, "Inner Unique": false, "Plans": [{"Node Type": "Seq Scan", "Parent Relationship": "Outer", "Relation Name": "role_type", "Alias": "rt", "Startup Cost": 0.0, "Total Cost": 1.15, "Plan Rows": 1, "Plan Width": 4, "Filter": "((role)::text = 'writer'::text)"}, {"Node Type": "Bitmap Heap Scan", "Parent Relationship": "Inner", "Relation Name": "cast_info", "Alias": "ci", "Startup Cost": 76306.71, "Total Cost": 356793.69, "Plan Rows": 3296318, "Plan Width": 12, "Recheck Cond": "(role_id = rt.id), (LLVM Optimized)", "Plans": [{"Node Type": "Bitmap Index Scan", "Parent Relationship": "Outer", "Index Name": "role_id_cast_info", "Startup Cost": 0.0, "Total Cost": 75482.63, "Plan Rows": 3296318, "Plan Width": 0, "Index Cond": "(role_id = rt.id)"}]}]}, {"Node Type": "Hash", "Parent Relationship": "Inner", "Startup Cost": 180697.47, "Total Cost": 180697.47, "Plan Rows": 1282311, "Plan Width": 25, "Plans": [{"Node Type": "Hash Join", "Parent Relationship": "Outer", "Join Type": "Inner", "Startup Cost": 98641.07, "Total Cost": 180697.47, "Plan Rows": 1282311, "Plan Width": 25, "Inner Unique": true, "Hash Cond": "(mc.movie_id = t.id), (LLVM Optimized)", "Plans": [{"Node Type": "Hash Join", "Parent Relationship": "Outer", "Join Type": "Inner", "Startup Cost": 6968.08, "Total Cost": 71392.69, "Plan Rows": 1282311, "Plan Width": 4, "Inner Unique": true, "Hash Cond": "(mc.company_id = cn.id), (LLVM Optimized)", "Plans": [{"Node Type": "Seq Scan", "Parent Relationship": "Outer", "Relation Name": "movie_companies", "Alias": "mc", "Startup Cost": 0.0, "Total Cost": 41817.28, "Plan Rows": 2609128, "Plan Width": 8}, {"Node Type": "Hash", "Parent Relationship": "Inner", "Startup Cost": 5903.45, "Total Cost": 5903.45, "Plan Rows": 85170, "Plan Width": 4, "Plans": [{"Node Type": "Seq Scan", "Parent Relationship": "Outer", "Relation Name": "company_name", "Alias": "cn", "Startup Cost": 0.0, "Total Cost": 5903.45, "Plan Rows": 85170, "Plan Width": 4, "Filter": "((country_code)::text = '[us]'::text)"}]}]}, {"Node Type": "Hash", "Parent Relationship": "Inner", "Startup Cost": 60069.11, "Total Cost": 60069.11, "Plan Rows": 2528311, "Plan Width": 21, "Plans": [{"Node Type": "Seq Scan", "Parent Relationship": "Outer", "Relation Name": "title", "Alias": "t", "Startup Cost": 0.0, "Total Cost": 60069.11, "Plan Rows": 2528311, "Plan Width": 21}]}]}]}]}, {"Node Type": "Hash", "Parent Relationship": "Inner", "Startup Cost": 93071.9, "Total Cost": 93071.9, "Plan Rows": 4167490, "Plan Width": 4, "Plans": [{"Node Type": "Seq Scan", "Parent Relationship": "Outer", "Relation Name": "name", "Alias": "n1", "Startup Cost": 0.0, "Total Cost": 93071.9, "Plan Rows": 4167490, "Plan Width": 4}]}]}]}]}]}, "Unique SQL Id": 2457761703, "Planner Runtime": 59}, "explain_analyze_plan": {"Plan": {"Node Type": "Aggregate", "Strategy": "Plain", "Startup Cost": 808403.05, "Total Cost": 808403.06, "Plan Rows": 1, "Plan Width": 97, "Actual Startup Time": 14156.96, "Actual Total Time": 14156.96, "Actual Rows": 1, "Actual Loops": 1, "Plans": [{"Node Type": "Hash Join", "Parent Relationship": "Outer", "Join Type": "Inner", "Startup Cost": 779365.79, "Total Cost": 806617.56, "Plan Rows": 357098, "Plan Width": 33, "Actual Startup Time": 11817.477, "Actual Total Time": 13035.953, "Actual Rows": 2487611, "Actual Loops": 1, "Inner Unique": false, "Hash Cond": "(a1.person_id = n1.id), (LLVM Optimized, Jit Execute)", "Plans": [{"Node Type": "Seq Scan", "Parent Relationship": "Outer", "Relation Name": "aka_name", "Alias": "a1", "Startup Cost": 0.0, "Total Cost": 19908.42, "Plan Rows": 901342, "Plan Width": 20, "Actual Startup Time": 0.021, "Actual Total Time": 223.729, "Actual Rows": 901342, "Actual Loops": 1}, {"Node Type": "Hash", "Parent Relationship": "Inner", "Startup Cost": 770485.05, "Total Cost": 770485.05, "Plan Rows": 710459, "Plan Width": 25, "Actual Startup Time": 11812.572, "Actual Total Time": 11812.572, "Actual Rows": 1970658, "Actual Loops": 1, "Hash Buckets": 1048576, "Hash Batches": 1, "Original Hash Batches": 1, "Peak Memory Usage": 112799, "Plans": [{"Node Type": "Hash Join", "Parent Relationship": "Outer", "Join Type": "Inner", "Startup Cost": 418198.6, "Total Cost": 770485.05, "Plan Rows": 710459, "Plan Width": 25, "Actual Startup Time": 7818.705, "Actual Total Time": 11227.254, "Actual Rows": 1970658, "Actual Loops": 1, "Inner Unique": true, "Hash Cond": "(ci.person_id = n1.id), (LLVM Optimized, Jit Execute)", "Plans": [{"Node Type": "Hash Join", "Parent Relationship": "Outer", "Join Type": "Inner", "Startup Cost": 273033.07, "Total Cost": 615550.72, "Plan Rows": 710459, "Plan Width": 21, "Actual Startup Time": 4856.752, "Actual Total Time": 7448.075, "Actual Rows": 1970658, "Actual Loops": 1, "Inner Unique": false, "Hash Cond": "(ci.movie_id = t.id), (LLVM Optimized, Jit Execute)", "Plans": [{"Node Type": "Nested Loop", "Parent Relationship": "Outer", "Join Type": "Inner", "Startup Cost": 76306.71, "Total Cost": 389758.02, "Plan Rows": 3296318, "Plan Width": 8, "Actual Startup Time": 338.992, "Actual Total Time": 1654.48, "Actual Rows": 2728943, "Actual Loops": 1, "Inner Unique": false, "Plans": [{"Node Type": "Seq Scan", "Parent Relationship": "Outer", "Relation Name": "role_type", "Alias": "rt", "Startup Cost": 0.0, "Total Cost": 1.15, "Plan Rows": 1, "Plan Width": 4, "Actual Startup Time": 0.048, "Actual Total Time": 0.071, "Actual Rows": 1, "Actual Loops": 1, "Filter": "((role)::text = 'writer'::text)", "Rows Removed by Filter": 11}, {"Node Type": "Bitmap Heap Scan", "Parent Relationship": "Inner", "Relation Name": "cast_info", "Alias": "ci", "Startup Cost": 76306.71, "Total Cost": 356793.69, "Plan Rows": 3296318, "Plan Width": 12, "Actual Startup Time": 338.921, "Actual Total Time": 1167.629, "Actual Rows": 2728943, "Actual Loops": 1, "Recheck Cond": "(role_id = rt.id), (LLVM Optimized, Jit Execute)", "Rows Removed by Index Recheck": 0, "Exact Heap Blocks": 19177, "Lossy Heap Blocks": 19177, "Plans": [{"Node Type": "Bitmap Index Scan", "Parent Relationship": "Outer", "Index Name": "role_id_cast_info", "Startup Cost": 0.0, "Total Cost": 75482.63, "Plan Rows": 3296318, "Plan Width": 0, "Actual Startup Time": 334.398, "Actual Total Time": 334.398, "Actual Rows": 2728943, "Actual Loops": 1, "Index Cond": "(role_id = rt.id)"}]}]}, {"Node Type": "Hash", "Parent Relationship": "Inner", "Startup Cost": 180697.47, "Total Cost": 180697.47, "Plan Rows": 1282311, "Plan Width": 25, "Actual Startup Time": 4512.943, "Actual Total Time": 4512.943, "Actual Rows": 1153797, "Actual Loops": 1, "Hash Buckets": 2097152, "Hash Batches": 1, "Original Hash Batches": 1, "Peak Memory Usage": 68508, "Plans": [{"Node Type": "Hash Join", "Parent Relationship": "Outer", "Join Type": "Inner", "Startup Cost": 98641.07, "Total Cost": 180697.47, "Plan Rows": 1282311, "Plan Width": 25, "Actual Startup Time": 1833.514, "Actual Total Time": 4016.679, "Actual Rows": 1153797, "Actual Loops": 1, "Inner Unique": true, "Hash Cond": "(mc.movie_id = t.id), (LLVM Optimized, Jit Execute)", "Plans": [{"Node Type": "Hash Join", "Parent Relationship": "Outer", "Join Type": "Inner", "Startup Cost": 6968.08, "Total Cost": 71392.69, "Plan Rows": 1282311, "Plan Width": 4, "Actual Startup Time": 112.988, "Actual Total Time": 1571.798, "Actual Rows": 1153797, "Actual Loops": 1, "Inner Unique": true, "Hash Cond": "(mc.company_id = cn.id), (LLVM Optimized, Jit Execute)", "Plans": [{"Node Type": "Seq Scan", "Parent Relationship": "Outer", "Relation Name": "movie_companies", "Alias": "mc", "Startup Cost": 0.0, "Total Cost": 41817.28, "Plan Rows": 2609128, "Plan Width": 8, "Actual Startup Time": 0.057, "Actual Total Time": 619.25, "Actual Rows": 2609128, "Actual Loops": 1}, {"Node Type": "Hash", "Parent Relationship": "Inner", "Startup Cost": 5903.45, "Total Cost": 5903.45, "Plan Rows": 85170, "Plan Width": 4, "Actual Startup Time": 112.814, "Actual Total Time": 112.814, "Actual Rows": 84843, "Actual Loops": 1, "Hash Buckets": 131072, "Hash Batches": 1, "Original Hash Batches": 1, "Peak Memory Usage": 2983, "Plans": [{"Node Type": "Seq Scan", "Parent Relationship": "Outer", "Relation Name": "company_name", "Alias": "cn", "Startup Cost": 0.0, "Total Cost": 5903.45, "Plan Rows": 85170, "Plan Width": 4, "Actual Startup Time": 0.042, "Actual Total Time": 90.184, "Actual Rows": 84843, "Actual Loops": 1, "Filter": "((country_code)::text = '[us]'::text)", "Rows Removed by Filter": 150153}]}]}, {"Node Type": "Hash", "Parent Relationship": "Inner", "Startup Cost": 60069.11, "Total Cost": 60069.11, "Plan Rows": 2528311, "Plan Width": 21, "Actual Startup Time": 1718.015, "Actual Total Time": 1718.015, "Actual Rows": 2528311, "Actual Loops": 1, "Hash Buckets": 4194304, "Hash Batches": 1, "Original Hash Batches": 1, "Peak Memory Usage": 135869, "Plans": [{"Node Type": "Seq Scan", "Parent Relationship": "Outer", "Relation Name": "title", "Alias": "t", "Startup Cost": 0.0, "Total Cost": 60069.11, "Plan Rows": 2528311, "Plan Width": 21, "Actual Startup Time": 0.029, "Actual Total Time": 802.868, "Actual Rows": 2528311, "Actual Loops": 1}]}]}]}]}, {"Node Type": "Hash", "Parent Relationship": "Inner", "Startup Cost": 93071.9, "Total Cost": 93071.9, "Plan Rows": 4167490, "Plan Width": 4, "Actual Startup Time": 2959.088, "Actual Total Time": 2959.088, "Actual Rows": 4167490, "Actual Loops": 1, "Hash Buckets": 4194304, "Hash Batches": 1, "Original Hash Batches": 1, "Peak Memory Usage": 146514, "Plans": [{"Node Type": "Seq Scan", "Parent Relationship": "Outer", "Relation Name": "name", "Alias": "n1", "Startup Cost": 0.0, "Total Cost": 93071.9, "Plan Rows": 4167490, "Plan Width": 4, "Actual Startup Time": 0.039, "Actual Total Time": 1329.288, "Actual Rows": 4167490, "Actual Loops": 1}]}]}]}]}]}, "Triggers": [], "Planner Runtime": 35, "Total Runtime": 14171.854, "Unique SQL Id": 2457761703}}, "(1, 7)": {"explain_plan": {"Plan": {"Node Type": "Aggregate", "Strategy": "Plain", "Startup Cost": 1000069787565.86, "Total Cost": 1000069787565.87, "Plan Rows": 1, "Plan Width": 97, "Plans": [{"Node Type": "Nested Loop", "Parent Relationship": "Outer", "Join Type": "Inner", "Startup Cost": 10000000001.8, "Total Cost": 1000069785780.37, "Plan Rows": 357098, "Plan Width": 33, "Inner Unique": true, "Plans": [{"Node Type": "Nested Loop", "Parent Relationship": "Outer", "Join Type": "Inner", "Startup Cost": 10000000001.54, "Total Cost": 1000068255744.11, "Plan Rows": 357379, "Plan Width": 24, "Inner Unique": true, "Join Filter": "(a1.person_id = n1.id), (LLVM Optimized)", "Plans": [{"Node Type": "Nested Loop", "Parent Relationship": "Outer", "Join Type": "Inner", "Startup Cost": 10000000001.28, "Total Cost": 1000066724564.96, "Plan Rows": 357379, "Plan Width": 32, "Inner Unique": false, "Plans": [{"Node Type": "Nested Loop", "Parent Relationship": "Outer", "Join Type": "Inner", "Startup Cost": 10000000001.03, "Total Cost": 1000063680996.82, "Plan Rows": 711018, "Plan Width": 12, "Inner Unique": true, "Plans": [{"Node Type": "Nested Loop", "Parent Relationship": "Outer", "Join Type": "Inner", "Startup Cost": 10000000000.77, "Total Cost": 1000030184746.51, "Plan Rows": 7821201, "Plan Width": 16, "Inner Unique": false, "Plans": [{"Node Type": "Nested Loop", "Parent Relationship": "Outer", "Join Type": "Inner", "Startup Cost": 10000000000.26, "Total Cost": 1000024227793.07, "Plan Rows": 1282311, "Plan Width": 4, "Inner Unique": true, "Plans": [{"Node Type": "Index Scan", "Parent Relationship": "Outer", "Scan Direction": "Forward", "Index Name": "movie_id_movie_companies", "Relation Name": "movie_companies", "Alias": "mc", "Startup Cost": 10000000000.0, "Total Cost": 1000013051946.13, "Plan Rows": 2609128, "Plan Width": 8}, {"Node Type": "Bitmap Heap Scan", "Parent Relationship": "Inner", "Relation Name": "company_name", "Alias": "cn", "Startup Cost": 0.26, "Total Cost": 4.27, "Plan Rows": 1, "Plan Width": 4, "Recheck Cond": "(id = mc.company_id)", "Filter": "((country_code)::text = '[us]'::text)", "Plans": [{"Node Type": "Bitmap Index Scan", "Parent Relationship": "Outer", "Index Name": "company_name_pkey", "Startup Cost": 0.0, "Total Cost": 0.26, "Plan Rows": 1, "Plan Width": 0, "Index Cond": "(id = mc.company_id)"}]}]}, {"Node Type": "Bitmap Heap Scan", "Parent Relationship": "Inner", "Relation Name": "cast_info", "Alias": "ci", "Startup Cost": 0.51, "Total Cost": 4.59, "Plan Rows": 6, "Plan Width": 12, "Recheck Cond": "(movie_id = mc.movie_id)", "Plans": [{"Node Type": "Bitmap Index Scan", "Parent Relationship": "Outer", "Index Name": "movie_id_cast_info", "Startup Cost": 0.0, "Total Cost": 0.51, "Plan Rows": 6, "Plan Width": 0, "Index Cond": "(movie_id = mc.movie_id)"}]}]}, {"Node Type": "Bitmap Heap Scan", "Parent Relationship": "Inner", "Relation Name": "role_type", "Alias": "rt", "Startup Cost": 0.26, "Total Cost": 4.27, "Plan Rows": 1, "Plan Width": 4, "Recheck Cond": "(id = ci.role_id)", "Filter": "((role)::text = 'writer'::text)", "Plans": [{"Node Type": "Bitmap Index Scan", "Parent Relationship": "Outer", "Index Name": "role_type_pkey", "Startup Cost": 0.0, "Total Cost": 0.26, "Plan Rows": 1, "Plan Width": 0, "Index Cond": "(id = ci.role_id)"}]}]}, {"Node Type": "Bitmap Heap Scan", "Parent Relationship": "Inner", "Relation Name": "aka_name", "Alias": "a1", "Startup Cost": 0.26, "Total Cost": 4.27, "Plan Rows": 1, "Plan Width": 20, "Recheck Cond": "(person_id = ci.person_id)", "Plans": [{"Node Type": "Bitmap Index Scan", "Parent Relationship": "Outer", "Index Name": "person_id_aka_name", "Startup Cost": 0.0, "Total Cost": 0.26, "Plan Rows": 1, "Plan Width": 0, "Index Cond": "(person_id = ci.person_id)"}]}]}, {"Node Type": "Bitmap Heap Scan", "Parent Relationship": "Inner", "Relation Name": "name", "Alias": "n1", "Startup Cost": 0.26, "Total Cost": 4.27, "Plan Rows": 1, "Plan Width": 4, "Recheck Cond": "(id = ci.person_id)", "Plans": [{"Node Type": "Bitmap Index Scan", "Parent Relationship": "Outer", "Index Name": "name_pkey", "Startup Cost": 0.0, "Total Cost": 0.26, "Plan Rows": 1, "Plan Width": 0, "Index Cond": "(id = ci.person_id)"}]}]}, {"Node Type": "Bitmap Heap Scan", "Parent Relationship": "Inner", "Relation Name": "title", "Alias": "t", "Startup Cost": 0.26, "Total Cost": 4.27, "Plan Rows": 1, "Plan Width": 21, "Recheck Cond": "(id = ci.movie_id)", "Plans": [{"Node Type": "Bitmap Index Scan", "Parent Relationship": "Outer", "Index Name": "title_pkey", "Startup Cost": 0.0, "Total Cost": 0.26, "Plan Rows": 1, "Plan Width": 0, "Index Cond": "(id = ci.movie_id)"}]}]}]}, "Unique SQL Id": 2457761703, "Planner Runtime": 6}, "explain_analyze_plan": null}, "(1, 8)": {"explain_plan": {"Plan": {"Node Type": "Aggregate", "Strategy": "Plain", "Startup Cost": 589695.38, "Total Cost": 589695.39, "Plan Rows": 1, "Plan Width": 97, "Plans": [{"Node Type": "Hash Join", "Parent Relationship": "Outer", "Join Type": "Inner", "Startup Cost": 561014.71, "Total Cost": 587909.89, "Plan Rows": 357098, "Plan Width": 33, "Inner Unique": false, "Hash Cond": "(a1.person_id = n1.id), (LLVM Optimized)", "Plans": [{"Node Type": "Seq Scan", "Parent Relationship": "Outer", "Relation Name": "aka_name", "Alias": "a1", "Startup Cost": 0.0, "Total Cost": 19908.42, "Plan Rows": 901342, "Plan Width": 20}, {"Node Type": "Hash", "Parent Relationship": "Inner", "Startup Cost": 552133.97, "Total Cost": 552133.97, "Plan Rows": 710459, "Plan Width": 25, "Plans": [{"Node Type": "Hash Join", "Parent Relationship": "Outer", "Join Type": "Inner", "Startup Cost": 341891.88, "Total Cost": 552133.97, "Plan Rows": 710459, "Plan Width": 25, "Inner Unique": true, "Hash Cond": "(ci.person_id = n1.id), (LLVM Optimized)", "Plans": [{"Node Type": "Hash Join", "Parent Relationship": "Outer", "Join Type": "Inner", "Startup Cost": 196726.36, "Total Cost": 397199.64, "Plan Rows": 710459, "Plan Width": 21, "Inner Unique": false, "Hash Cond": "(ci.movie_id = t.id), (LLVM Optimized)", "Plans": [{"Node Type": "Nested Loop", "Parent Relationship": "Outer", "Join Type": "Inner", "Startup Cost": 0.0, "Total Cost": 171406.94, "Plan Rows": 3296318, "Plan Width": 8, "Inner Unique": false, "Plans": [{"Node Type": "Seq Scan", "Parent Relationship": "Outer", "Relation Name": "role_type", "Alias": "rt", "Startup Cost": 0.0, "Total Cost": 1.15, "Plan Rows": 1, "Plan Width": 4, "Filter": "((role)::text = 'writer'::text)"}, {"Node Type": "Index Scan", "Parent Relationship": "Inner", "Scan Direction": "Forward", "Index Name": "role_id_cast_info", "Relation Name": "cast_info", "Alias": "ci", "Startup Cost": 0.0, "Total Cost": 138442.61, "Plan Rows": 3296318, "Plan Width": 12, "Index Cond": "(role_id = rt.id), (LLVM Optimized)"}]}, {"Node Type": "Hash", "Parent Relationship": "Inner", "Startup Cost": 180697.47, "Total Cost": 180697.47, "Plan Rows": 1282311, "Plan Width": 25, "Plans": [{"Node Type": "Hash Join", "Parent Relationship": "Outer", "Join Type": "Inner", "Startup Cost": 98641.07, "Total Cost": 180697.47, "Plan Rows": 1282311, "Plan Width": 25, "Inner Unique": true, "Hash Cond": "(mc.movie_id = t.id), (LLVM Optimized)", "Plans": [{"Node Type": "Hash Join", "Parent Relationship": "Outer", "Join Type": "Inner", "Startup Cost": 6968.08, "Total Cost": 71392.69, "Plan Rows": 1282311, "Plan Width": 4, "Inner Unique": true, "Hash Cond": "(mc.company_id = cn.id), (LLVM Optimized)", "Plans": [{"Node Type": "Seq Scan", "Parent Relationship": "Outer", "Relation Name": "movie_companies", "Alias": "mc", "Startup Cost": 0.0, "Total Cost": 41817.28, "Plan Rows": 2609128, "Plan Width": 8}, {"Node Type": "Hash", "Parent Relationship": "Inner", "Startup Cost": 5903.45, "Total Cost": 5903.45, "Plan Rows": 85170, "Plan Width": 4, "Plans": [{"Node Type": "Seq Scan", "Parent Relationship": "Outer", "Relation Name": "company_name", "Alias": "cn", "Startup Cost": 0.0, "Total Cost": 5903.45, "Plan Rows": 85170, "Plan Width": 4, "Filter": "((country_code)::text = '[us]'::text)"}]}]}, {"Node Type": "Hash", "Parent Relationship": "Inner", "Startup Cost": 60069.11, "Total Cost": 60069.11, "Plan Rows": 2528311, "Plan Width": 21, "Plans": [{"Node Type": "Seq Scan", "Parent Relationship": "Outer", "Relation Name": "title", "Alias": "t", "Startup Cost": 0.0, "Total Cost": 60069.11, "Plan Rows": 2528311, "Plan Width": 21}]}]}]}]}, {"Node Type": "Hash", "Parent Relationship": "Inner", "Startup Cost": 93071.9, "Total Cost": 93071.9, "Plan Rows": 4167490, "Plan Width": 4, "Plans": [{"Node Type": "Index Only Scan", "Parent Relationship": "Outer", "Scan Direction": "Forward", "Index Name": "name_pkey", "Relation Name": "name", "Alias": "n1", "Startup Cost": 0.0, "Total Cost": 93071.9, "Plan Rows": 4167490, "Plan Width": 4}]}]}]}]}]}, "Unique SQL Id": 2457761703, "Planner Runtime": 82}, "explain_analyze_plan": {"Plan": {"Node Type": "Aggregate", "Strategy": "Plain", "Startup Cost": 589695.38, "Total Cost": 589695.39, "Plan Rows": 1, "Plan Width": 97, "Actual Startup Time": 14072.025, "Actual Total Time": 14072.025, "Actual Rows": 1, "Actual Loops": 1, "Plans": [{"Node Type": "Hash Join", "Parent Relationship": "Outer", "Join Type": "Inner", "Startup Cost": 561014.71, "Total Cost": 587909.89, "Plan Rows": 357098, "Plan Width": 33, "Actual Startup Time": 11691.826, "Actual Total Time": 12949.869, "Actual Rows": 2487611, "Actual Loops": 1, "Inner Unique": false, "Hash Cond": "(a1.person_id = n1.id), (LLVM Optimized, Jit Execute)", "Plans": [{"Node Type": "Seq Scan", "Parent Relationship": "Outer", "Relation Name": "aka_name", "Alias": "a1", "Startup Cost": 0.0, "Total Cost": 19908.42, "Plan Rows": 901342, "Plan Width": 20, "Actual Startup Time": 0.025, "Actual Total Time": 229.004, "Actual Rows": 901342, "Actual Loops": 1}, {"Node Type": "Hash", "Parent Relationship": "Inner", "Startup Cost": 552133.97, "Total Cost": 552133.97, "Plan Rows": 710459, "Plan Width": 25, "Actual Startup Time": 11687.273, "Actual Total Time": 11687.273, "Actual Rows": 1970658, "Actual Loops": 1, "Hash Buckets": 1048576, "Hash Batches": 1, "Original Hash Batches": 1, "Peak Memory Usage": 112799, "Plans": [{"Node Type": "Hash Join", "Parent Relationship": "Outer", "Join Type": "Inner", "Startup Cost": 341891.88, "Total Cost": 552133.97, "Plan Rows": 710459, "Plan Width": 25, "Actual Startup Time": 7023.074, "Actual Total Time": 11105.664, "Actual Rows": 1970658, "Actual Loops": 1, "Inner Unique": true, "Hash Cond": "(ci.person_id = n1.id), (LLVM Optimized, Jit Execute)", "Plans": [{"Node Type": "Hash Join", "Parent Relationship": "Outer", "Join Type": "Inner", "Startup Cost": 196726.36, "Total Cost": 397199.64, "Plan Rows": 710459, "Plan Width": 21, "Actual Startup Time": 4514.333, "Actual Total Time": 7831.613, "Actual Rows": 1970658, "Actual Loops": 1, "Inner Unique": false, "Hash Cond": "(ci.movie_id = t.id), (LLVM Optimized, Jit Execute)", "Plans": [{"Node Type": "Nested Loop", "Parent Relationship": "Outer", "Join Type": "Inner", "Startup Cost": 0.0, "Total Cost": 171406.94, "Plan Rows": 3296318, "Plan Width": 8, "Actual Startup Time": 0.114, "Actual Total Time": 1874.763, "Actual Rows": 2728943, "Actual Loops": 1, "Inner Unique": false, "Plans": [{"Node Type": "Seq Scan", "Parent Relationship": "Outer", "Relation Name": "role_type", "Alias": "rt", "Startup Cost": 0.0, "Total Cost": 1.15, "Plan Rows": 1, "Plan Width": 4, "Actual Startup Time": 0.054, "Actual Total Time": 0.07, "Actual Rows": 1, "Actual Loops": 1, "Filter": "((role)::text = 'writer'::text)", "Rows Removed by Filter": 11}, {"Node Type": "Index Scan", "Parent Relationship": "Inner", "Scan Direction": "Forward", "Index Name": "role_id_cast_info", "Relation Name": "cast_info", "Alias": "ci", "Startup Cost": 0.0, "Total Cost": 138442.61, "Plan Rows": 3296318, "Plan Width": 12, "Actual Startup Time": 0.05, "Actual Total Time": 1350.911, "Actual Rows": 2728943, "Actual Loops": 1, "Index Cond": "(role_id = rt.id), (LLVM Optimized, Jit Execute)", "Rows Removed by Index Recheck": 0}]}, {"Node Type": "Hash", "Parent Relationship": "Inner", "Startup Cost": 180697.47, "Total Cost": 180697.47, "Plan Rows": 1282311, "Plan Width": 25, "Actual Startup Time": 4504.326, "Actual Total Time": 4504.326, "Actual Rows": 1153797, "Actual Loops": 1, "Hash Buckets": 2097152, "Hash Batches": 1, "Original Hash Batches": 1, "Peak Memory Usage": 68508, "Plans": [{"Node Type": "Hash Join", "Parent Relationship": "Outer", "Join Type": "Inner", "Startup Cost": 98641.07, "Total Cost": 180697.47, "Plan Rows": 1282311, "Plan Width": 25, "Actual Startup Time": 1840.805, "Actual Total Time": 4017.099, "Actual Rows": 1153797, "Actual Loops": 1, "Inner Unique": true, "Hash Cond": "(mc.movie_id = t.id), (LLVM Optimized, Jit Execute)", "Plans": [{"Node Type": "Hash Join", "Parent Relationship": "Outer", "Join Type": "Inner", "Startup Cost": 6968.08, "Total Cost": 71392.69, "Plan Rows": 1282311, "Plan Width": 4, "Actual Startup Time": 112.721, "Actual Total Time": 1592.084, "Actual Rows": 1153797, "Actual Loops": 1, "Inner Unique": true, "Hash Cond": "(mc.company_id = cn.id), (LLVM Optimized, Jit Execute)", "Plans": [{"Node Type": "Seq Scan", "Parent Relationship": "Outer", "Relation Name": "movie_companies", "Alias": "mc", "Startup Cost": 0.0, "Total Cost": 41817.28, "Plan Rows": 2609128, "Plan Width": 8, "Actual Startup Time": 0.033, "Actual Total Time": 599.643, "Actual Rows": 2609128, "Actual Loops": 1}, {"Node Type": "Hash", "Parent Relationship": "Inner", "Startup Cost": 5903.45, "Total Cost": 5903.45, "Plan Rows": 85170, "Plan Width": 4, "Actual Startup Time": 112.588, "Actual Total Time": 112.588, "Actual Rows": 84843, "Actual Loops": 1, "Hash Buckets": 131072, "Hash Batches": 1, "Original Hash Batches": 1, "Peak Memory Usage": 2983, "Plans": [{"Node Type": "Seq Scan", "Parent Relationship": "Outer", "Relation Name": "company_name", "Alias": "cn", "Startup Cost": 0.0, "Total Cost": 5903.45, "Plan Rows": 85170, "Plan Width": 4, "Actual Startup Time": 0.026, "Actual Total Time": 90.104, "Actual Rows": 84843, "Actual Loops": 1, "Filter": "((country_code)::text = '[us]'::text)", "Rows Removed by Filter": 150153}]}]}, {"Node Type": "Hash", "Parent Relationship": "Inner", "Startup Cost": 60069.11, "Total Cost": 60069.11, "Plan Rows": 2528311, "Plan Width": 21, "Actual Startup Time": 1725.571, "Actual Total Time": 1725.571, "Actual Rows": 2528311, "Actual Loops": 1, "Hash Buckets": 4194304, "Hash Batches": 1, "Original Hash Batches": 1, "Peak Memory Usage": 135869, "Plans": [{"Node Type": "Seq Scan", "Parent Relationship": "Outer", "Relation Name": "title", "Alias": "t", "Startup Cost": 0.0, "Total Cost": 60069.11, "Plan Rows": 2528311, "Plan Width": 21, "Actual Startup Time": 0.028, "Actual Total Time": 799.762, "Actual Rows": 2528311, "Actual Loops": 1}]}]}]}]}, {"Node Type": "Hash", "Parent Relationship": "Inner", "Startup Cost": 93071.9, "Total Cost": 93071.9, "Plan Rows": 4167490, "Plan Width": 4, "Actual Startup Time": 2506.319, "Actual Total Time": 2506.319, "Actual Rows": 4167490, "Actual Loops": 1, "Hash Buckets": 4194304, "Hash Batches": 1, "Original Hash Batches": 1, "Peak Memory Usage": 146514, "Plans": [{"Node Type": "Index Only Scan", "Parent Relationship": "Outer", "Scan Direction": "Forward", "Index Name": "name_pkey", "Relation Name": "name", "Alias": "n1", "Startup Cost": 0.0, "Total Cost": 93071.9, "Plan Rows": 4167490, "Plan Width": 4, "Actual Startup Time": 0.034, "Actual Total Time": 1035.961, "Actual Rows": 4167490, "Actual Loops": 1, "Heap Fetches": 0}]}]}]}]}]}, "Triggers": [], "Planner Runtime": 45, "Total Runtime": 14086.627, "Unique SQL Id": 2457761703}}, "(1, 9)": {"explain_plan": {"Plan": {"Node Type": "Aggregate", "Strategy": "Plain", "Startup Cost": 770846.96, "Total Cost": 770846.97, "Plan Rows": 1, "Plan Width": 97, "Plans": [{"Node Type": "Nested Loop", "Parent Relationship": "Outer", "Join Type": "Inner", "Startup Cost": 599201.04, "Total Cost": 769061.47, "Plan Rows": 357098, "Plan Width": 33, "Inner Unique": true, "Join Filter": "(a1.person_id = n1.id), (LLVM Optimized)", "Plans": [{"Node Type": "Merge Join", "Parent Relationship": "Outer", "Join Type": "Inner", "Startup Cost": 599201.04, "Total Cost": 667567.53, "Plan Rows": 357098, "Plan Width": 41, "Inner Unique": false, "Merge Cond": "(ci.person_id = a1.person_id)", "Plans": [{"Node Type": "Sort", "Parent Relationship": "Outer", "Startup Cost": 599200.97, "Total Cost": 600977.12, "Plan Rows": 710459, "Plan Width": 21, "Sort Key": ["ci.person_id"], "Plans": [{"Node Type": "Hash Join", "Parent Relationship": "Outer", "Join Type": "Inner", "Startup Cost": 329665.48, "Total Cost": 530150.07, "Plan Rows": 710459, "Plan Width": 21, "Inner Unique": false, "Hash Cond": "(ci.movie_id = t.id), (LLVM Optimized)", "Plans": [{"Node Type": "Nested Loop", "Parent Relationship": "Outer", "Join Type": "Inner", "Startup Cost": 0.0, "Total Cost": 171418.25, "Plan Rows": 3296318, "Plan Width": 8, "Inner Unique": false, "Plans": [{"Node Type": "Index Scan", "Parent Relationship": "Outer", "Scan Direction": "Forward", "Index Name": "role_type_pkey", "Relation Name": "role_type", "Alias": "rt", "Startup Cost": 0.0, "Total Cost": 12.46, "Plan Rows": 1, "Plan Width": 4, "Filter": "((role)::text = 'writer'::text)"}, {"Node Type": "Index Scan", "Parent Relationship": "Inner", "Scan Direction": "Forward", "Index Name": "role_id_cast_info", "Relation Name": "cast_info", "Alias": "ci", "Startup Cost": 0.0, "Total Cost": 138442.61, "Plan Rows": 3296318, "Plan Width": 12, "Index Cond": "(role_id = rt.id), (LLVM Optimized)"}]}, {"Node Type": "Hash", "Parent Relationship": "Inner", "Startup Cost": 313636.59, "Total Cost": 313636.59, "Plan Rows": 1282311, "Plan Width": 25, "Plans": [{"Node Type": "Hash Join", "Parent Relationship": "Outer", "Join Type": "Inner", "Startup Cost": 11568.59, "Total Cost": 313636.59, "Plan Rows": 1282311, "Plan Width": 25, "Inner Unique": true, "Hash Cond": "(mc.company_id = cn.id), (LLVM Optimized)", "Plans": [{"Node Type": "Merge Join", "Parent Relationship": "Outer", "Join Type": "Inner", "Startup Cost": 2.58, "Total Cost": 279463.24, "Plan Rows": 2609128, "Plan Width": 29, "Inner Unique": false, "Merge Cond": "(t.id = mc.movie_id)", "Plans": [{"Node Type": "Index Scan", "Parent Relationship": "Outer", "Scan Direction": "Forward", "Index Name": "title_pkey", "Relation Name": "title", "Alias": "t", "Startup Cost": 0.0, "Total Cost": 110120.49, "Plan Rows": 2528311, "Plan Width": 21}, {"Node Type": "Index Scan", "Parent Relationship": "Inner", "Scan Direction": "Forward", "Index Name": "movie_id_movie_companies", "Relation Name": "movie_companies", "Alias": "mc", "Startup Cost": 0.0, "Total Cost": 130519.46, "Plan Rows": 2609128, "Plan Width": 8}]}, {"Node Type": "Hash", "Parent Relationship": "Inner", "Startup Cost": 10501.39, "Total Cost": 10501.39, "Plan Rows": 85170, "Plan Width": 4, "Plans": [{"Node Type": "Index Scan", "Parent Relationship": "Outer", "Scan Direction": "Forward", "Index Name": "company_name_pkey", "Relation Name": "company_name", "Alias": "cn", "Startup Cost": 0.0, "Total Cost": 10501.39, "Plan Rows": 85170, "Plan Width": 4, "Filter": "((country_code)::text = '[us]'::text)"}]}]}]}]}]}, {"Node Type": "Index Scan", "Parent Relationship": "Inner", "Scan Direction": "Forward", "Index Name": "person_id_aka_name", "Relation Name": "aka_name", "Alias": "a1", "Startup Cost": 0.0, "Total Cost": 68965.03, "Plan Rows": 901342, "Plan Width": 20}]}, {"Node Type": "Index Only Scan", "Parent Relationship": "Inner", "Scan Direction": "Forward", "Index Name": "name_pkey", "Relation Name": "name", "Alias": "n1", "Startup Cost": 0.0, "Total Cost": 0.27, "Plan Rows": 1, "Plan Width": 4, "Index Cond": "(id = ci.person_id)"}]}]}, "Unique SQL Id": 2457761703, "Planner Runtime": 75}, "explain_analyze_plan": {"Plan": {"Node Type": "Aggregate", "Strategy": "Plain", "Startup Cost": 770846.96, "Total Cost": 770846.97, "Plan Rows": 1, "Plan Width": 97, "Actual Startup Time": 24376.196, "Actual Total Time": 24376.196, "Actual Rows": 1, "Actual Loops": 1, "Plans": [{"Node Type": "Nested Loop", "Parent Relationship": "Outer", "Join Type": "Inner", "Startup Cost": 599201.04, "Total Cost": 769061.47, "Plan Rows": 357098, "Plan Width": 33, "Actual Startup Time": 12265.022, "Actual Total Time": 22888.05, "Actual Rows": 2487611, "Actual Loops": 1, "Inner Unique": true, "Join Filter": "(a1.person_id = n1.id), (LLVM Optimized, Jit Execute)", "Rows Removed by Join Filter": 0, "Plans": [{"Node Type": "Merge Join", "Parent Relationship": "Outer", "Join Type": "Inner", "Startup Cost": 599201.04, "Total Cost": 667567.53, "Plan Rows": 357098, "Plan Width": 41, "Actual Startup Time": 12264.981, "Actual Total Time": 16006.074, "Actual Rows": 2487611, "Actual Loops": 1, "Inner Unique": false, "Merge Cond": "(ci.person_id = a1.person_id)", "Plans": [{"Node Type": "Sort", "Parent Relationship": "Outer", "Startup Cost": 599200.97, "Total Cost": 600977.12, "Plan Rows": 710459, "Plan Width": 21, "Actual Startup Time": 12264.878, "Actual Total Time": 12659.084, "Actual Rows": 1970658, "Actual Loops": 1, "Sort Key": ["ci.person_id"], "Sort Method": "quicksort", "Sort Space Used": 240236, "Sort Space Type": "Memory", "Plans": [{"Node Type": "Hash Join", "Parent Relationship": "Outer", "Join Type": "Inner", "Startup Cost": 329665.48, "Total Cost": 530150.07, "Plan Rows": 710459, "Plan Width": 21, "Actual Startup Time": 8230.903, "Actual Total Time": 11640.232, "Actual Rows": 1970658, "Actual Loops": 1, "Inner Unique": false, "Hash Cond": "(ci.movie_id = t.id), (LLVM Optimized, Jit Execute)", "Plans": [{"Node Type": "Nested Loop", "Parent Relationship": "Outer", "Join Type": "Inner", "Startup Cost": 0.0, "Total Cost": 171418.25, "Plan Rows": 3296318, "Plan Width": 8, "Actual Startup Time": 0.076, "Actual Total Time": 1889.343, "Actual Rows": 2728943, "Actual Loops": 1, "Inner Unique": false, "Plans": [{"Node Type": "Index Scan", "Parent Relationship": "Outer", "Scan Direction": "Forward", "Index Name": "role_type_pkey", "Relation Name": "role_type", "Alias": "rt", "Startup Cost": 0.0, "Total Cost": 12.46, "Plan Rows": 1, "Plan Width": 4, "Actual Startup Time": 0.023, "Actual Total Time": 0.043, "Actual Rows": 1, "Actual Loops": 1, "Filter": "((role)::text = 'writer'::text)", "Rows Removed by Filter": 11}, {"Node Type": "Index Scan", "Parent Relationship": "Inner", "Scan Direction": "Forward", "Index Name": "role_id_cast_info", "Relation Name": "cast_info", "Alias": "ci", "Startup Cost": 0.0, "Total Cost": 138442.61, "Plan Rows": 3296318, "Plan Width": 12, "Actual Startup Time": 0.049, "Actual Total Time": 1370.851, "Actual Rows": 2728943, "Actual Loops": 1, "Index Cond": "(role_id = rt.id), (LLVM Optimized, Jit Execute)", "Rows Removed by Index Recheck": 0}]}, {"Node Type": "Hash", "Parent Relationship": "Inner", "Startup Cost": 313636.59, "Total Cost": 313636.59, "Plan Rows": 1282311, "Plan Width": 25, "Actual Startup Time": 8228.796, "Actual Total Time": 8228.796, "Actual Rows": 1153797, "Actual Loops": 1, "Hash Buckets": 2097152, "Hash Batches": 1, "Original Hash Batches": 1, "Peak Memory Usage": 68508, "Plans": [{"Node Type": "Hash Join", "Parent Relationship": "Outer", "Join Type": "Inner", "Startup Cost": 11568.59, "Total Cost": 313636.59, "Plan Rows": 1282311, "Plan Width": 25, "Actual Startup Time": 347.397, "Actual Total Time": 7753.856, "Actual Rows": 1153797, "Actual Loops": 1, "Inner Unique": true, "Hash Cond": "(mc.company_id = cn.id), (LLVM Optimized, Jit Execute)", "Plans": [{"Node Type": "Merge Join", "Parent Relationship": "Outer", "Join Type": "Inner", "Startup Cost": 2.58, "Total Cost": 279463.24, "Plan Rows": 2609128, "Plan Width": 29, "Actual Startup Time": 0.059, "Actual Total Time": 6565.551, "Actual Rows": 2609128, "Actual Loops": 1, "Inner Unique": false, "Merge Cond": "(t.id = mc.movie_id)", "Plans": [{"Node Type": "Index Scan", "Parent Relationship": "Outer", "Scan Direction": "Forward", "Index Name": "title_pkey", "Relation Name": "title", "Alias": "t", "Startup Cost": 0.0, "Total Cost": 110120.49, "Plan Rows": 2528311, "Plan Width": 21, "Actual Startup Time": 0.025, "Actual Total Time": 3204.16, "Actual Rows": 2525745, "Actual Loops": 1}, {"Node Type": "Index Scan", "Parent Relationship": "Inner", "Scan Direction": "Forward", "Index Name": "movie_id_movie_companies", "Relation Name": "movie_companies", "Alias": "mc", "Startup Cost": 0.0, "Total Cost": 130519.46, "Plan Rows": 2609128, "Plan Width": 8, "Actual Startup Time": 0.023, "Actual Total Time": 1841.34, "Actual Rows": 2609128, "Actual Loops": 1}]}, {"Node Type": "Hash", "Parent Relationship": "Inner", "Startup Cost": 10501.39, "Total Cost": 10501.39, "Plan Rows": 85170, "Plan Width": 4, "Actual Startup Time": 347.204, "Actual Total Time": 347.204, "Actual Rows": 84843, "Actual Loops": 1, "Hash Buckets": 131072, "Hash Batches": 1, "Original Hash Batches": 1, "Peak Memory Usage": 2983, "Plans": [{"Node Type": "Index Scan", "Parent Relationship": "Outer", "Scan Direction": "Forward", "Index Name": "company_name_pkey", "Relation Name": "company_name", "Alias": "cn", "Startup Cost": 0.0, "Total Cost": 10501.39, "Plan Rows": 85170, "Plan Width": 4, "Actual Startup Time": 0.029, "Actual Total Time": 320.148, "Actual Rows": 84843, "Actual Loops": 1, "Filter": "((country_code)::text = '[us]'::text)", "Rows Removed by Filter": 150153}]}]}]}]}]}, {"Node Type": "Index Scan", "Parent Relationship": "Inner", "Scan Direction": "Forward", "Index Name": "person_id_aka_name", "Relation Name": "aka_name", "Alias": "a1", "Startup Cost": 0.0, "Total Cost": 68965.03, "Plan Rows": 901342, "Plan Width": 20, "Actual Startup Time": 0.064, "Actual Total Time": 2057.174, "Actual Rows": 3063953, "Actual Loops": 1}]}, {"Node Type": "Index Only Scan", "Parent Relationship": "Inner", "Scan Direction": "Forward", "Index Name": "name_pkey", "Relation Name": "name", "Alias": "n1", "Startup Cost": 0.0, "Total Cost": 0.27, "Plan Rows": 1, "Plan Width": 4, "Actual Startup Time": 5121.099, "Actual Total Time": 5121.099, "Actual Rows": 2487611, "Actual Loops": 2487611, "Index Cond": "(id = ci.person_id)", "Rows Removed by Index Recheck": 0, "Heap Fetches": 0}]}]}, "Triggers": [], "Planner Runtime": 74, "Total Runtime": 24386.676, "Unique SQL Id": 2457761703}}, "(1, 10)": {"explain_plan": {"Plan": {"Node Type": "Aggregate", "Strategy": "Plain", "Startup Cost": 1144362.67, "Total Cost": 1144362.68, "Plan Rows": 1, "Plan Width": 97, "Plans": [{"Node Type": "Hash Join", "Parent Relationship": "Outer", "Join Type": "Inner", "Startup Cost": 1115325.41, "Total Cost": 1142577.18, "Plan Rows": 357098, "Plan Width": 33, "Inner Unique": false, "Hash Cond": "(a1.person_id = n1.id), (LLVM Optimized)", "Plans": [{"Node Type": "Seq Scan", "Parent Relationship": "Outer", "Relation Name": "aka_name", "Alias": "a1", "Startup Cost": 0.0, "Total Cost": 19908.42, "Plan Rows": 901342, "Plan Width": 20}, {"Node Type": "Hash", "Parent Relationship": "Inner", "Startup Cost": 1106444.67, "Total Cost": 1106444.67, "Plan Rows": 710459, "Plan Width": 25, "Plans": [{"Node Type": "Hash Join", "Parent Relationship": "Outer", "Join Type": "Inner", "Startup Cost": 341893.04, "Total Cost": 1106444.67, "Plan Rows": 710459, "Plan Width": 25, "Inner Unique": true, "Hash Cond": "(ci.person_id = n1.id), (LLVM Optimized)", "Plans": [{"Node Type": "Hash Join", "Parent Relationship": "Outer", "Join Type": "Inner", "Startup Cost": 196727.52, "Total Cost": 951510.34, "Plan Rows": 710459, "Plan Width": 21, "Inner Unique": false, "Hash Cond": "(ci.movie_id = t.id), (LLVM Optimized)", "Plans": [{"Node Type": "Hash Join", "Parent Relationship": "Outer", "Join Type": "Inner", "Startup Cost": 1.16, "Total Cost": 725717.64, "Plan Rows": 3296318, "Plan Width": 8, "Inner Unique": true, "Hash Cond": "(ci.role_id = rt.id), (LLVM Optimized)", "Plans": [{"Node Type": "Seq Scan", "Parent Relationship": "Outer", "Relation Name": "cast_info", "Alias": "ci", "Startup Cost": 0.0, "Total Cost": 601877.94, "Plan Rows": 36259494, "Plan Width": 12}, {"Node Type": "Hash", "Parent Relationship": "Inner", "Startup Cost": 1.15, "Total Cost": 1.15, "Plan Rows": 1, "Plan Width": 4, "Plans": [{"Node Type": "Seq Scan", "Parent Relationship": "Outer", "Relation Name": "role_type", "Alias": "rt", "Startup Cost": 0.0, "Total Cost": 1.15, "Plan Rows": 1, "Plan Width": 4, "Filter": "((role)::text = 'writer'::text)"}]}]}, {"Node Type": "Hash", "Parent Relationship": "Inner", "Startup Cost": 180697.47, "Total Cost": 180697.47, "Plan Rows": 1282311, "Plan Width": 25, "Plans": [{"Node Type": "Hash Join", "Parent Relationship": "Outer", "Join Type": "Inner", "Startup Cost": 98641.07, "Total Cost": 180697.47, "Plan Rows": 1282311, "Plan Width": 25, "Inner Unique": true, "Hash Cond": "(mc.movie_id = t.id), (LLVM Optimized)", "Plans": [{"Node Type": "Hash Join", "Parent Relationship": "Outer", "Join Type": "Inner", "Startup Cost": 6968.08, "Total Cost": 71392.69, "Plan Rows": 1282311, "Plan Width": 4, "Inner Unique": true, "Hash Cond": "(mc.company_id = cn.id), (LLVM Optimized)", "Plans": [{"Node Type": "Seq Scan", "Parent Relationship": "Outer", "Relation Name": "movie_companies", "Alias": "mc", "Startup Cost": 0.0, "Total Cost": 41817.28, "Plan Rows": 2609128, "Plan Width": 8}, {"Node Type": "Hash", "Parent Relationship": "Inner", "Startup Cost": 5903.45, "Total Cost": 5903.45, "Plan Rows": 85170, "Plan Width": 4, "Plans": [{"Node Type": "Seq Scan", "Parent Relationship": "Outer", "Relation Name": "company_name", "Alias": "cn", "Startup Cost": 0.0, "Total Cost": 5903.45, "Plan Rows": 85170, "Plan Width": 4, "Filter": "((country_code)::text = '[us]'::text)"}]}]}, {"Node Type": "Hash", "Parent Relationship": "Inner", "Startup Cost": 60069.11, "Total Cost": 60069.11, "Plan Rows": 2528311, "Plan Width": 21, "Plans": [{"Node Type": "Seq Scan", "Parent Relationship": "Outer", "Relation Name": "title", "Alias": "t", "Startup Cost": 0.0, "Total Cost": 60069.11, "Plan Rows": 2528311, "Plan Width": 21}]}]}]}]}, {"Node Type": "Hash", "Parent Relationship": "Inner", "Startup Cost": 93071.9, "Total Cost": 93071.9, "Plan Rows": 4167490, "Plan Width": 4, "Plans": [{"Node Type": "Seq Scan", "Parent Relationship": "Outer", "Relation Name": "name", "Alias": "n1", "Startup Cost": 0.0, "Total Cost": 93071.9, "Plan Rows": 4167490, "Plan Width": 4}]}]}]}]}]}, "Unique SQL Id": 2457761703, "Planner Runtime": 60}, "explain_analyze_plan": null}, "(1, 11)": {"explain_plan": {"Plan": {"Node Type": "Aggregate", "Strategy": "Plain", "Startup Cost": 6752833214283.18, "Total Cost": 6752833214283.19, "Plan Rows": 1, "Plan Width": 97, "Plans": [{"Node Type": "Nested Loop", "Parent Relationship": "Outer", "Join Type": "Inner", "Startup Cost": 70071825122.57, "Total Cost": 6752833212497.69, "Plan Rows": 357098, "Plan Width": 33, "Inner Unique": false, "Join Filter": "(t.id = ci.movie_id), (LLVM Optimized)", "Plans": [{"Node Type": "Merge Join", "Parent Relationship": "Outer", "Join Type": "Inner", "Startup Cost": 30021927926.2, "Total Cost": 3002409653794.57, "Plan Rows": 1282311, "Plan Width": 25, "Inner Unique": true, "Merge Cond": "(mc.movie_id = t.id)", "Plans": [{"Node Type": "Nested Loop", "Parent Relationship": "Outer", "Join Type": "Inner", "Startup Cost": 20000000000.0, "Total Cost": 2003347393774.42, "Plan Rows": 1282311, "Plan Width": 4, "Inner Unique": true, "Join Filter": "(cn.id = mc.company_id), (LLVM Optimized)", "Plans": [{"Node Type": "Index Scan", "Parent Relationship": "Outer", "Scan Direction": "Forward", "Index Name": "movie_id_movie_companies", "Relation Name": "movie_companies", "Alias": "mc", "Startup Cost": 10000000000.0, "Total Cost": 1000013051946.13, "Plan Rows": 2609128, "Plan Width": 8}, {"Node Type": "Materialize", "Parent Relationship": "Inner", "Startup Cost": 10000000000.0, "Total Cost": 1000001050564.82, "Plan Rows": 85170, "Plan Width": 4, "Plans": [{"Node Type": "Index Scan", "Parent Relationship": "Outer", "Scan Direction": "Forward", "Index Name": "company_name_pkey", "Relation Name": "company_name", "Alias": "cn", "Startup Cost": 10000000000.0, "Total Cost": 1000001050138.97, "Plan Rows": 85170, "Plan Width": 4, "Filter": "((country_code)::text = '[us]'::text)"}]}]}, {"Node Type": "Index Scan", "Parent Relationship": "Inner", "Scan Direction": "Forward", "Index Name": "title_pkey", "Relation Name": "title", "Alias": "t", "Startup Cost": 10000000000.0, "Total Cost": 1000011012048.91, "Plan Rows": 2528311, "Plan Width": 21}]}, {"Node Type": "Materialize", "Parent Relationship": "Inner", "Startup Cost": 40049897196.36, "Total Cost": 3721868009571.57, "Plan Rows": 1484588, "Plan Width": 20, "Plans": [{"Node Type": "Nested Loop", "Parent Relationship": "Outer", "Join Type": "Inner", "Startup Cost": 40049897196.36, "Total Cost": 3721868002148.63, "Plan Rows": 1484588, "Plan Width": 20, "Inner Unique": false, "Join Filter": "(ci.role_id = rt.id), (LLVM Optimized)", "Plans": [{"Node Type": "Index Scan", "Parent Relationship": "Outer", "Scan Direction": "Forward", "Index Name": "role_type_pkey", "Relation Name": "role_type", "Alias": "rt", "Startup Cost": 10000000000.0, "Total Cost": 1000000001246.0, "Plan Rows": 1, "Plan Width": 4, "Filter": "((role)::text = 'writer'::text)"}, {"Node Type": "Merge Join", "Parent Relationship": "Inner", "Join Type": "Inner", "Startup Cost": 30049897196.36, "Total Cost": 2721867796771.75, "Plan Rows": 16330470, "Plan Width": 24, "Inner Unique": false, "Merge Cond": "(a1.person_id = ci.person_id)", "Plans": [{"Node Type": "Merge Join", "Parent Relationship": "Outer", "Join Type": "Inner", "Startup Cost": 20030754356.47, "Total Cost": 2000002534968.85, "Plan Rows": 901342, "Plan Width": 24, "Inner Unique": true, "Merge Cond": "(a1.person_id = n1.id)", "Plans": [{"Node Type": "Index Scan", "Parent Relationship": "Outer", "Scan Direction": "Forward", "Index Name": "person_id_aka_name", "Relation Name": "aka_name", "Alias": "a1", "Startup Cost": 10000000000.0, "Total Cost": 1000006896503.43, "Plan Rows": 901342, "Plan Width": 20}, {"Node Type": "Index Only Scan", "Parent Relationship": "Inner", "Scan Direction": "Forward", "Index Name": "name_pkey", "Relation Name": "name", "Alias": "n1", "Startup Cost": 10000000000.0, "Total Cost": 1000012483260.0, "Plan Rows": 4167490, "Plan Width": 4}]}, {"Node Type": "Index Scan", "Parent Relationship": "Inner", "Scan Direction": "Forward", "Index Name": "person_id_cast_info", "Relation Name": "cast_info", "Alias": "ci", "Startup Cost": 10000000000.0, "Total Cost": 1000170648833.21, "Plan Rows": 36259494, "Plan Width": 12}]}]}]}]}]}, "Unique SQL Id": 2457761703, "Planner Runtime": 78}, "explain_analyze_plan": null}, "(1, 12)": {"explain_plan": {"Plan": {"Node Type": "Aggregate", "Strategy": "Plain", "Startup Cost": 589695.38, "Total Cost": 589695.39, "Plan Rows": 1, "Plan Width": 97, "Plans": [{"Node Type": "Hash Join", "Parent Relationship": "Outer", "Join Type": "Inner", "Startup Cost": 561014.71, "Total Cost": 587909.89, "Plan Rows": 357098, "Plan Width": 33, "Inner Unique": false, "Hash Cond": "(a1.person_id = n1.id), (LLVM Optimized)", "Plans": [{"Node Type": "Seq Scan", "Parent Relationship": "Outer", "Relation Name": "aka_name", "Alias": "a1", "Startup Cost": 0.0, "Total Cost": 19908.42, "Plan Rows": 901342, "Plan Width": 20}, {"Node Type": "Hash", "Parent Relationship": "Inner", "Startup Cost": 552133.97, "Total Cost": 552133.97, "Plan Rows": 710459, "Plan Width": 25, "Plans": [{"Node Type": "Hash Join", "Parent Relationship": "Outer", "Join Type": "Inner", "Startup Cost": 341891.88, "Total Cost": 552133.97, "Plan Rows": 710459, "Plan Width": 25, "Inner Unique": true, "Hash Cond": "(ci.person_id = n1.id), (LLVM Optimized)", "Plans": [{"Node Type": "Hash Join", "Parent Relationship": "Outer", "Join Type": "Inner", "Startup Cost": 196726.36, "Total Cost": 397199.64, "Plan Rows": 710459, "Plan Width": 21, "Inner Unique": false, "Hash Cond": "(ci.movie_id = t.id), (LLVM Optimized)", "Plans": [{"Node Type": "Nested Loop", "Parent Relationship": "Outer", "Join Type": "Inner", "Startup Cost": 0.0, "Total Cost": 171406.94, "Plan Rows": 3296318, "Plan Width": 8, "Inner Unique": false, "Plans": [{"Node Type": "Seq Scan", "Parent Relationship": "Outer", "Relation Name": "role_type", "Alias": "rt", "Startup Cost": 0.0, "Total Cost": 1.15, "Plan Rows": 1, "Plan Width": 4, "Filter": "((role)::text = 'writer'::text)"}, {"Node Type": "Index Scan", "Parent Relationship": "Inner", "Scan Direction": "Forward", "Index Name": "role_id_cast_info", "Relation Name": "cast_info", "Alias": "ci", "Startup Cost": 0.0, "Total Cost": 138442.61, "Plan Rows": 3296318, "Plan Width": 12, "Index Cond": "(role_id = rt.id), (LLVM Optimized)"}]}, {"Node Type": "Hash", "Parent Relationship": "Inner", "Startup Cost": 180697.47, "Total Cost": 180697.47, "Plan Rows": 1282311, "Plan Width": 25, "Plans": [{"Node Type": "Hash Join", "Parent Relationship": "Outer", "Join Type": "Inner", "Startup Cost": 98641.07, "Total Cost": 180697.47, "Plan Rows": 1282311, "Plan Width": 25, "Inner Unique": true, "Hash Cond": "(mc.movie_id = t.id), (LLVM Optimized)", "Plans": [{"Node Type": "Hash Join", "Parent Relationship": "Outer", "Join Type": "Inner", "Startup Cost": 6968.08, "Total Cost": 71392.69, "Plan Rows": 1282311, "Plan Width": 4, "Inner Unique": true, "Hash Cond": "(mc.company_id = cn.id), (LLVM Optimized)", "Plans": [{"Node Type": "Seq Scan", "Parent Relationship": "Outer", "Relation Name": "movie_companies", "Alias": "mc", "Startup Cost": 0.0, "Total Cost": 41817.28, "Plan Rows": 2609128, "Plan Width": 8}, {"Node Type": "Hash", "Parent Relationship": "Inner", "Startup Cost": 5903.45, "Total Cost": 5903.45, "Plan Rows": 85170, "Plan Width": 4, "Plans": [{"Node Type": "Seq Scan", "Parent Relationship": "Outer", "Relation Name": "company_name", "Alias": "cn", "Startup Cost": 0.0, "Total Cost": 5903.45, "Plan Rows": 85170, "Plan Width": 4, "Filter": "((country_code)::text = '[us]'::text)"}]}]}, {"Node Type": "Hash", "Parent Relationship": "Inner", "Startup Cost": 60069.11, "Total Cost": 60069.11, "Plan Rows": 2528311, "Plan Width": 21, "Plans": [{"Node Type": "Seq Scan", "Parent Relationship": "Outer", "Relation Name": "title", "Alias": "t", "Startup Cost": 0.0, "Total Cost": 60069.11, "Plan Rows": 2528311, "Plan Width": 21}]}]}]}]}, {"Node Type": "Hash", "Parent Relationship": "Inner", "Startup Cost": 93071.9, "Total Cost": 93071.9, "Plan Rows": 4167490, "Plan Width": 4, "Plans": [{"Node Type": "Seq Scan", "Parent Relationship": "Outer", "Relation Name": "name", "Alias": "n1", "Startup Cost": 0.0, "Total Cost": 93071.9, "Plan Rows": 4167490, "Plan Width": 4}]}]}]}]}]}, "Unique SQL Id": 2457761703, "Planner Runtime": 82}, "explain_analyze_plan": {"Plan": {"Node Type": "Aggregate", "Strategy": "Plain", "Startup Cost": 589695.38, "Total Cost": 589695.39, "Plan Rows": 1, "Plan Width": 97, "Actual Startup Time": 14083.388, "Actual Total Time": 14083.389, "Actual Rows": 1, "Actual Loops": 1, "Plans": [{"Node Type": "Hash Join", "Parent Relationship": "Outer", "Join Type": "Inner", "Startup Cost": 561014.71, "Total Cost": 587909.89, "Plan Rows": 357098, "Plan Width": 33, "Actual Startup Time": 11707.86, "Actual Total Time": 12960.559, "Actual Rows": 2487611, "Actual Loops": 1, "Inner Unique": false, "Hash Cond": "(a1.person_id = n1.id), (LLVM Optimized, Jit Execute)", "Plans": [{"Node Type": "Seq Scan", "Parent Relationship": "Outer", "Relation Name": "aka_name", "Alias": "a1", "Startup Cost": 0.0, "Total Cost": 19908.42, "Plan Rows": 901342, "Plan Width": 20, "Actual Startup Time": 0.028, "Actual Total Time": 228.399, "Actual Rows": 901342, "Actual Loops": 1}, {"Node Type": "Hash", "Parent Relationship": "Inner", "Startup Cost": 552133.97, "Total Cost": 552133.97, "Plan Rows": 710459, "Plan Width": 25, "Actual Startup Time": 11703.168, "Actual Total Time": 11703.168, "Actual Rows": 1970658, "Actual Loops": 1, "Hash Buckets": 1048576, "Hash Batches": 1, "Original Hash Batches": 1, "Peak Memory Usage": 112799, "Plans": [{"Node Type": "Hash Join", "Parent Relationship": "Outer", "Join Type": "Inner", "Startup Cost": 341891.88, "Total Cost": 552133.97, "Plan Rows": 710459, "Plan Width": 25, "Actual Startup Time": 7024.385, "Actual Total Time": 11117.689, "Actual Rows": 1970658, "Actual Loops": 1, "Inner Unique": true, "Hash Cond": "(ci.person_id = n1.id), (LLVM Optimized, Jit Execute)", "Plans": [{"Node Type": "Hash Join", "Parent Relationship": "Outer", "Join Type": "Inner", "Startup Cost": 196726.36, "Total Cost": 397199.64, "Plan Rows": 710459, "Plan Width": 21, "Actual Startup Time": 4186.944, "Actual Total Time": 7503.897, "Actual Rows": 1970658, "Actual Loops": 1, "Inner Unique": false, "Hash Cond": "(ci.movie_id = t.id), (LLVM Optimized, Jit Execute)", "Plans": [{"Node Type": "Nested Loop", "Parent Relationship": "Outer", "Join Type": "Inner", "Startup Cost": 0.0, "Total Cost": 171406.94, "Plan Rows": 3296318, "Plan Width": 8, "Actual Startup Time": 0.117, "Actual Total Time": 1880.061, "Actual Rows": 2728943, "Actual Loops": 1, "Inner Unique": false, "Plans": [{"Node Type": "Seq Scan", "Parent Relationship": "Outer", "Relation Name": "role_type", "Alias": "rt", "Startup Cost": 0.0, "Total Cost": 1.15, "Plan Rows": 1, "Plan Width": 4, "Actual Startup Time": 0.047, "Actual Total Time": 0.143, "Actual Rows": 1, "Actual Loops": 1, "Filter": "((role)::text = 'writer'::text)", "Rows Removed by Filter": 11}, {"Node Type": "Index Scan", "Parent Relationship": "Inner", "Scan Direction": "Forward", "Index Name": "role_id_cast_info", "Relation Name": "cast_info", "Alias": "ci", "Startup Cost": 0.0, "Total Cost": 138442.61, "Plan Rows": 3296318, "Plan Width": 12, "Actual Startup Time": 0.057, "Actual Total Time": 1350.34, "Actual Rows": 2728943, "Actual Loops": 1, "Index Cond": "(role_id = rt.id), (LLVM Optimized, Jit Execute)", "Rows Removed by Index Recheck": 0}]}, {"Node Type": "Hash", "Parent Relationship": "Inner", "Startup Cost": 180697.47, "Total Cost": 180697.47, "Plan Rows": 1282311, "Plan Width": 25, "Actual Startup Time": 4182.205, "Actual Total Time": 4182.205, "Actual Rows": 1153797, "Actual Loops": 1, "Hash Buckets": 2097152, "Hash Batches": 1, "Original Hash Batches": 1, "Peak Memory Usage": 68508, "Plans": [{"Node Type": "Hash Join", "Parent Relationship": "Outer", "Join Type": "Inner", "Startup Cost": 98641.07, "Total Cost": 180697.47, "Plan Rows": 1282311, "Plan Width": 25, "Actual Startup Time": 1768.291, "Actual Total Time": 3783.203, "Actual Rows": 1153797, "Actual Loops": 1, "Inner Unique": true, "Hash Cond": "(mc.movie_id = t.id), (LLVM Optimized, Jit Execute)", "Plans": [{"Node Type": "Hash Join", "Parent Relationship": "Outer", "Join Type": "Inner", "Startup Cost": 6968.08, "Total Cost": 71392.69, "Plan Rows": 1282311, "Plan Width": 4, "Actual Startup Time": 112.424, "Actual Total Time": 1527.13, "Actual Rows": 1153797, "Actual Loops": 1, "Inner Unique": true, "Hash Cond": "(mc.company_id = cn.id), (LLVM Optimized, Jit Execute)", "Plans": [{"Node Type": "Seq Scan", "Parent Relationship": "Outer", "Relation Name": "movie_companies", "Alias": "mc", "Startup Cost": 0.0, "Total Cost": 41817.28, "Plan Rows": 2609128, "Plan Width": 8, "Actual Startup Time": 0.024, "Actual Total Time": 595.557, "Actual Rows": 2609128, "Actual Loops": 1}, {"Node Type": "Hash", "Parent Relationship": "Inner", "Startup Cost": 5903.45, "Total Cost": 5903.45, "Plan Rows": 85170, "Plan Width": 4, "Actual Startup Time": 112.295, "Actual Total Time": 112.295, "Actual Rows": 84843, "Actual Loops": 1, "Hash Buckets": 131072, "Hash Batches": 1, "Original Hash Batches": 1, "Peak Memory Usage": 2983, "Plans": [{"Node Type": "Seq Scan", "Parent Relationship": "Outer", "Relation Name": "company_name", "Alias": "cn", "Startup Cost": 0.0, "Total Cost": 5903.45, "Plan Rows": 85170, "Plan Width": 4, "Actual Startup Time": 0.028, "Actual Total Time": 89.914, "Actual Rows": 84843, "Actual Loops": 1, "Filter": "((country_code)::text = '[us]'::text)", "Rows Removed by Filter": 150153}]}]}, {"Node Type": "Hash", "Parent Relationship": "Inner", "Startup Cost": 60069.11, "Total Cost": 60069.11, "Plan Rows": 2528311, "Plan Width": 21, "Actual Startup Time": 1653.422, "Actual Total Time": 1653.422, "Actual Rows": 2528311, "Actual Loops": 1, "Hash Buckets": 4194304, "Hash Batches": 1, "Original Hash Batches": 1, "Peak Memory Usage": 135869, "Plans": [{"Node Type": "Seq Scan", "Parent Relationship": "Outer", "Relation Name": "title", "Alias": "t", "Startup Cost": 0.0, "Total Cost": 60069.11, "Plan Rows": 2528311, "Plan Width": 21, "Actual Startup Time": 0.026, "Actual Total Time": 800.156, "Actual Rows": 2528311, "Actual Loops": 1}]}]}]}]}, {"Node Type": "Hash", "Parent Relationship": "Inner", "Startup Cost": 93071.9, "Total Cost": 93071.9, "Plan Rows": 4167490, "Plan Width": 4, "Actual Startup Time": 2834.921, "Actual Total Time": 2834.921, "Actual Rows": 4167490, "Actual Loops": 1, "Hash Buckets": 4194304, "Hash Batches": 1, "Original Hash Batches": 1, "Peak Memory Usage": 146514, "Plans": [{"Node Type": "Seq Scan", "Parent Relationship": "Outer", "Relation Name": "name", "Alias": "n1", "Startup Cost": 0.0, "Total Cost": 93071.9, "Plan Rows": 4167490, "Plan Width": 4, "Actual Startup Time": 0.027, "Actual Total Time": 1278.188, "Actual Rows": 4167490, "Actual Loops": 1}]}]}]}]}]}, "Triggers": [], "Planner Runtime": 46, "Total Runtime": 14098.166, "Unique SQL Id": 2457761703}}, "(1, 13)": {"explain_plan": {"Plan": {"Node Type": "Aggregate", "Strategy": "Plain", "Startup Cost": 772871.67, "Total Cost": 772871.68, "Plan Rows": 1, "Plan Width": 97, "Plans": [{"Node Type": "Nested Loop", "Parent Relationship": "Outer", "Join Type": "Inner", "Startup Cost": 599201.04, "Total Cost": 771086.18, "Plan Rows": 357098, "Plan Width": 33, "Inner Unique": true, "Join Filter": "(a1.person_id = n1.id), (LLVM Optimized)", "Plans": [{"Node Type": "Merge Join", "Parent Relationship": "Outer", "Join Type": "Inner", "Startup Cost": 599201.04, "Total Cost": 667567.53, "Plan Rows": 357098, "Plan Width": 41, "Inner Unique": false, "Merge Cond": "(ci.person_id = a1.person_id)", "Plans": [{"Node Type": "Sort", "Parent Relationship": "Outer", "Startup Cost": 599200.97, "Total Cost": 600977.12, "Plan Rows": 710459, "Plan Width": 21, "Sort Key": ["ci.person_id"], "Plans": [{"Node Type": "Hash Join", "Parent Relationship": "Outer", "Join Type": "Inner", "Startup Cost": 329665.48, "Total Cost": 530150.07, "Plan Rows": 710459, "Plan Width": 21, "Inner Unique": false, "Hash Cond": "(ci.movie_id = t.id), (LLVM Optimized)", "Plans": [{"Node Type": "Nested Loop", "Parent Relationship": "Outer", "Join Type": "Inner", "Startup Cost": 0.0, "Total Cost": 171418.25, "Plan Rows": 3296318, "Plan Width": 8, "Inner Unique": false, "Plans": [{"Node Type": "Index Scan", "Parent Relationship": "Outer", "Scan Direction": "Forward", "Index Name": "role_type_pkey", "Relation Name": "role_type", "Alias": "rt", "Startup Cost": 0.0, "Total Cost": 12.46, "Plan Rows": 1, "Plan Width": 4, "Filter": "((role)::text = 'writer'::text)"}, {"Node Type": "Index Scan", "Parent Relationship": "Inner", "Scan Direction": "Forward", "Index Name": "role_id_cast_info", "Relation Name": "cast_info", "Alias": "ci", "Startup Cost": 0.0, "Total Cost": 138442.61, "Plan Rows": 3296318, "Plan Width": 12, "Index Cond": "(role_id = rt.id), (LLVM Optimized)"}]}, {"Node Type": "Hash", "Parent Relationship": "Inner", "Startup Cost": 313636.59, "Total Cost": 313636.59, "Plan Rows": 1282311, "Plan Width": 25, "Plans": [{"Node Type": "Hash Join", "Parent Relationship": "Outer", "Join Type": "Inner", "Startup Cost": 11568.59, "Total Cost": 313636.59, "Plan Rows": 1282311, "Plan Width": 25, "Inner Unique": true, "Hash Cond": "(mc.company_id = cn.id), (LLVM Optimized)", "Plans": [{"Node Type": "Merge Join", "Parent Relationship": "Outer", "Join Type": "Inner", "Startup Cost": 2.58, "Total Cost": 279463.24, "Plan Rows": 2609128, "Plan Width": 29, "Inner Unique": false, "Merge Cond": "(t.id = mc.movie_id)", "Plans": [{"Node Type": "Index Scan", "Parent Relationship": "Outer", "Scan Direction": "Forward", "Index Name": "title_pkey", "Relation Name": "title", "Alias": "t", "Startup Cost": 0.0, "Total Cost": 110120.49, "Plan Rows": 2528311, "Plan Width": 21}, {"Node Type": "Index Scan", "Parent Relationship": "Inner", "Scan Direction": "Forward", "Index Name": "movie_id_movie_companies", "Relation Name": "movie_companies", "Alias": "mc", "Startup Cost": 0.0, "Total Cost": 130519.46, "Plan Rows": 2609128, "Plan Width": 8}]}, {"Node Type": "Hash", "Parent Relationship": "Inner", "Startup Cost": 10501.39, "Total Cost": 10501.39, "Plan Rows": 85170, "Plan Width": 4, "Plans": [{"Node Type": "Index Scan", "Parent Relationship": "Outer", "Scan Direction": "Forward", "Index Name": "company_name_pkey", "Relation Name": "company_name", "Alias": "cn", "Startup Cost": 0.0, "Total Cost": 10501.39, "Plan Rows": 85170, "Plan Width": 4, "Filter": "((country_code)::text = '[us]'::text)"}]}]}]}]}]}, {"Node Type": "Index Scan", "Parent Relationship": "Inner", "Scan Direction": "Forward", "Index Name": "person_id_aka_name", "Relation Name": "aka_name", "Alias": "a1", "Startup Cost": 0.0, "Total Cost": 68965.03, "Plan Rows": 901342, "Plan Width": 20}]}, {"Node Type": "Index Scan", "Parent Relationship": "Inner", "Scan Direction": "Forward", "Index Name": "name_pkey", "Relation Name": "name", "Alias": "n1", "Startup Cost": 0.0, "Total Cost": 0.28, "Plan Rows": 1, "Plan Width": 4, "Index Cond": "(id = ci.person_id)"}]}]}, "Unique SQL Id": 2457761703, "Planner Runtime": 74}, "explain_analyze_plan": {"Plan": {"Node Type": "Aggregate", "Strategy": "Plain", "Startup Cost": 772871.67, "Total Cost": 772871.68, "Plan Rows": 1, "Plan Width": 97, "Actual Startup Time": 25445.655, "Actual Total Time": 25445.655, "Actual Rows": 1, "Actual Loops": 1, "Plans": [{"Node Type": "Nested Loop", "Parent Relationship": "Outer", "Join Type": "Inner", "Startup Cost": 599201.04, "Total Cost": 771086.18, "Plan Rows": 357098, "Plan Width": 33, "Actual Startup Time": 12016.901, "Actual Total Time": 23944.864, "Actual Rows": 2487611, "Actual Loops": 1, "Inner Unique": true, "Join Filter": "(a1.person_id = n1.id), (LLVM Optimized, Jit Execute)", "Rows Removed by Join Filter": 0, "Plans": [{"Node Type": "Merge Join", "Parent Relationship": "Outer", "Join Type": "Inner", "Startup Cost": 599201.04, "Total Cost": 667567.53, "Plan Rows": 357098, "Plan Width": 41, "Actual Startup Time": 12016.871, "Actual Total Time": 15590.419, "Actual Rows": 2487611, "Actual Loops": 1, "Inner Unique": false, "Merge Cond": "(ci.person_id = a1.person_id)", "Plans": [{"Node Type": "Sort", "Parent Relationship": "Outer", "Startup Cost": 599200.97, "Total Cost": 600977.12, "Plan Rows": 710459, "Plan Width": 21, "Actual Startup Time": 12016.69, "Actual Total Time": 12420.308, "Actual Rows": 1970658, "Actual Loops": 1, "Sort Key": ["ci.person_id"], "Sort Method": "quicksort", "Sort Space Used": 240236, "Sort Space Type": "Memory", "Plans": [{"Node Type": "Hash Join", "Parent Relationship": "Outer", "Join Type": "Inner", "Startup Cost": 329665.48, "Total Cost": 530150.07, "Plan Rows": 710459, "Plan Width": 21, "Actual Startup Time": 8057.621, "Actual Total Time": 11391.445, "Actual Rows": 1970658, "Actual Loops": 1, "Inner Unique": false, "Hash Cond": "(ci.movie_id = t.id), (LLVM Optimized, Jit Execute)", "Plans": [{"Node Type": "Nested Loop", "Parent Relationship": "Outer", "Join Type": "Inner", "Startup Cost": 0.0, "Total Cost": 171418.25, "Plan Rows": 3296318, "Plan Width": 8, "Actual Startup Time": 0.075, "Actual Total Time": 1872.942, "Actual Rows": 2728943, "Actual Loops": 1, "Inner Unique": false, "Plans": [{"Node Type": "Index Scan", "Parent Relationship": "Outer", "Scan Direction": "Forward", "Index Name": "role_type_pkey", "Relation Name": "role_type", "Alias": "rt", "Startup Cost": 0.0, "Total Cost": 12.46, "Plan Rows": 1, "Plan Width": 4, "Actual Startup Time": 0.022, "Actual Total Time": 0.039, "Actual Rows": 1, "Actual Loops": 1, "Filter": "((role)::text = 'writer'::text)", "Rows Removed by Filter": 11}, {"Node Type": "Index Scan", "Parent Relationship": "Inner", "Scan Direction": "Forward", "Index Name": "role_id_cast_info", "Relation Name": "cast_info", "Alias": "ci", "Startup Cost": 0.0, "Total Cost": 138442.61, "Plan Rows": 3296318, "Plan Width": 12, "Actual Startup Time": 0.048, "Actual Total Time": 1346.876, "Actual Rows": 2728943, "Actual Loops": 1, "Index Cond": "(role_id = rt.id), (LLVM Optimized, Jit Execute)", "Rows Removed by Index Recheck": 0}]}, {"Node Type": "Hash", "Parent Relationship": "Inner", "Startup Cost": 313636.59, "Total Cost": 313636.59, "Plan Rows": 1282311, "Plan Width": 25, "Actual Startup Time": 8055.826, "Actual Total Time": 8055.826, "Actual Rows": 1153797, "Actual Loops": 1, "Hash Buckets": 2097152, "Hash Batches": 1, "Original Hash Batches": 1, "Peak Memory Usage": 68508, "Plans": [{"Node Type": "Hash Join", "Parent Relationship": "Outer", "Join Type": "Inner", "Startup Cost": 11568.59, "Total Cost": 313636.59, "Plan Rows": 1282311, "Plan Width": 25, "Actual Startup Time": 344.224, "Actual Total Time": 7573.169, "Actual Rows": 1153797, "Actual Loops": 1, "Inner Unique": true, "Hash Cond": "(mc.company_id = cn.id), (LLVM Optimized, Jit Execute)", "Plans": [{"Node Type": "Merge Join", "Parent Relationship": "Outer", "Join Type": "Inner", "Startup Cost": 2.58, "Total Cost": 279463.24, "Plan Rows": 2609128, "Plan Width": 29, "Actual Startup Time": 0.055, "Actual Total Time": 6396.328, "Actual Rows": 2609128, "Actual Loops": 1, "Inner Unique": false, "Merge Cond": "(t.id = mc.movie_id)", "Plans": [{"Node Type": "Index Scan", "Parent Relationship": "Outer", "Scan Direction": "Forward", "Index Name": "title_pkey", "Relation Name": "title", "Alias": "t", "Startup Cost": 0.0, "Total Cost": 110120.49, "Plan Rows": 2528311, "Plan Width": 21, "Actual Startup Time": 0.025, "Actual Total Time": 3081.637, "Actual Rows": 2525745, "Actual Loops": 1}, {"Node Type": "Index Scan", "Parent Relationship": "Inner", "Scan Direction": "Forward", "Index Name": "movie_id_movie_companies", "Relation Name": "movie_companies", "Alias": "mc", "Startup Cost": 0.0, "Total Cost": 130519.46, "Plan Rows": 2609128, "Plan Width": 8, "Actual Startup Time": 0.02, "Actual Total Time": 1796.595, "Actual Rows": 2609128, "Actual Loops": 1}]}, {"Node Type": "Hash", "Parent Relationship": "Inner", "Startup Cost": 10501.39, "Total Cost": 10501.39, "Plan Rows": 85170, "Plan Width": 4, "Actual Startup Time": 344.053, "Actual Total Time": 344.053, "Actual Rows": 84843, "Actual Loops": 1, "Hash Buckets": 131072, "Hash Batches": 1, "Original Hash Batches": 1, "Peak Memory Usage": 2983, "Plans": [{"Node Type": "Index Scan", "Parent Relationship": "Outer", "Scan Direction": "Forward", "Index Name": "company_name_pkey", "Relation Name": "company_name", "Alias": "cn", "Startup Cost": 0.0, "Total Cost": 10501.39, "Plan Rows": 85170, "Plan Width": 4, "Actual Startup Time": 0.028, "Actual Total Time": 317.047, "Actual Rows": 84843, "Actual Loops": 1, "Filter": "((country_code)::text = '[us]'::text)", "Rows Removed by Filter": 150153}]}]}]}]}]}, {"Node Type": "Index Scan", "Parent Relationship": "Inner", "Scan Direction": "Forward", "Index Name": "person_id_aka_name", "Relation Name": "aka_name", "Alias": "a1", "Startup Cost": 0.0, "Total Cost": 68965.03, "Plan Rows": 901342, "Plan Width": 20, "Actual Startup Time": 0.077, "Actual Total Time": 1904.264, "Actual Rows": 3063953, "Actual Loops": 1}]}, {"Node Type": "Index Scan", "Parent Relationship": "Inner", "Scan Direction": "Forward", "Index Name": "name_pkey", "Relation Name": "name", "Alias": "n1", "Startup Cost": 0.0, "Total Cost": 0.28, "Plan Rows": 1, "Plan Width": 4, "Actual Startup Time": 6401.209, "Actual Total Time": 6401.209, "Actual Rows": 2487611, "Actual Loops": 2487611, "Index Cond": "(id = ci.person_id)", "Rows Removed by Index Recheck": 0}]}]}, "Triggers": [], "Planner Runtime": 73, "Total Runtime": 25457.897, "Unique SQL Id": 2457761703}}, "(1, 14)": {"explain_plan": {"Plan": {"Node Type": "Aggregate", "Strategy": "Plain", "Startup Cost": 1144362.67, "Total Cost": 1144362.68, "Plan Rows": 1, "Plan Width": 97, "Plans": [{"Node Type": "Hash Join", "Parent Relationship": "Outer", "Join Type": "Inner", "Startup Cost": 1115325.41, "Total Cost": 1142577.18, "Plan Rows": 357098, "Plan Width": 33, "Inner Unique": false, "Hash Cond": "(a1.person_id = n1.id), (LLVM Optimized)", "Plans": [{"Node Type": "Seq Scan", "Parent Relationship": "Outer", "Relation Name": "aka_name", "Alias": "a1", "Startup Cost": 0.0, "Total Cost": 19908.42, "Plan Rows": 901342, "Plan Width": 20}, {"Node Type": "Hash", "Parent Relationship": "Inner", "Startup Cost": 1106444.67, "Total Cost": 1106444.67, "Plan Rows": 710459, "Plan Width": 25, "Plans": [{"Node Type": "Hash Join", "Parent Relationship": "Outer", "Join Type": "Inner", "Startup Cost": 341893.04, "Total Cost": 1106444.67, "Plan Rows": 710459, "Plan Width": 25, "Inner Unique": true, "Hash Cond": "(ci.person_id = n1.id), (LLVM Optimized)", "Plans": [{"Node Type": "Hash Join", "Parent Relationship": "Outer", "Join Type": "Inner", "Startup Cost": 196727.52, "Total Cost": 951510.34, "Plan Rows": 710459, "Plan Width": 21, "Inner Unique": false, "Hash Cond": "(ci.movie_id = t.id), (LLVM Optimized)", "Plans": [{"Node Type": "Hash Join", "Parent Relationship": "Outer", "Join Type": "Inner", "Startup Cost": 1.16, "Total Cost": 725717.64, "Plan Rows": 3296318, "Plan Width": 8, "Inner Unique": true, "Hash Cond": "(ci.role_id = rt.id), (LLVM Optimized)", "Plans": [{"Node Type": "Seq Scan", "Parent Relationship": "Outer", "Relation Name": "cast_info", "Alias": "ci", "Startup Cost": 0.0, "Total Cost": 601877.94, "Plan Rows": 36259494, "Plan Width": 12}, {"Node Type": "Hash", "Parent Relationship": "Inner", "Startup Cost": 1.15, "Total Cost": 1.15, "Plan Rows": 1, "Plan Width": 4, "Plans": [{"Node Type": "Seq Scan", "Parent Relationship": "Outer", "Relation Name": "role_type", "Alias": "rt", "Startup Cost": 0.0, "Total Cost": 1.15, "Plan Rows": 1, "Plan Width": 4, "Filter": "((role)::text = 'writer'::text)"}]}]}, {"Node Type": "Hash", "Parent Relationship": "Inner", "Startup Cost": 180697.47, "Total Cost": 180697.47, "Plan Rows": 1282311, "Plan Width": 25, "Plans": [{"Node Type": "Hash Join", "Parent Relationship": "Outer", "Join Type": "Inner", "Startup Cost": 98641.07, "Total Cost": 180697.47, "Plan Rows": 1282311, "Plan Width": 25, "Inner Unique": true, "Hash Cond": "(mc.movie_id = t.id), (LLVM Optimized)", "Plans": [{"Node Type": "Hash Join", "Parent Relationship": "Outer", "Join Type": "Inner", "Startup Cost": 6968.08, "Total Cost": 71392.69, "Plan Rows": 1282311, "Plan Width": 4, "Inner Unique": true, "Hash Cond": "(mc.company_id = cn.id), (LLVM Optimized)", "Plans": [{"Node Type": "Seq Scan", "Parent Relationship": "Outer", "Relation Name": "movie_companies", "Alias": "mc", "Startup Cost": 0.0, "Total Cost": 41817.28, "Plan Rows": 2609128, "Plan Width": 8}, {"Node Type": "Hash", "Parent Relationship": "Inner", "Startup Cost": 5903.45, "Total Cost": 5903.45, "Plan Rows": 85170, "Plan Width": 4, "Plans": [{"Node Type": "Seq Scan", "Parent Relationship": "Outer", "Relation Name": "company_name", "Alias": "cn", "Startup Cost": 0.0, "Total Cost": 5903.45, "Plan Rows": 85170, "Plan Width": 4, "Filter": "((country_code)::text = '[us]'::text)"}]}]}, {"Node Type": "Hash", "Parent Relationship": "Inner", "Startup Cost": 60069.11, "Total Cost": 60069.11, "Plan Rows": 2528311, "Plan Width": 21, "Plans": [{"Node Type": "Seq Scan", "Parent Relationship": "Outer", "Relation Name": "title", "Alias": "t", "Startup Cost": 0.0, "Total Cost": 60069.11, "Plan Rows": 2528311, "Plan Width": 21}]}]}]}]}, {"Node Type": "Hash", "Parent Relationship": "Inner", "Startup Cost": 93071.9, "Total Cost": 93071.9, "Plan Rows": 4167490, "Plan Width": 4, "Plans": [{"Node Type": "Seq Scan", "Parent Relationship": "Outer", "Relation Name": "name", "Alias": "n1", "Startup Cost": 0.0, "Total Cost": 93071.9, "Plan Rows": 4167490, "Plan Width": 4}]}]}]}]}]}, "Unique SQL Id": 2457761703, "Planner Runtime": 60}, "explain_analyze_plan": null}, "(1, 15)": {"explain_plan": {"Plan": {"Node Type": "Aggregate", "Strategy": "Plain", "Startup Cost": 6752837631740.06, "Total Cost": 6752837631740.07, "Plan Rows": 1, "Plan Width": 97, "Plans": [{"Node Type": "Nested Loop", "Parent Relationship": "Outer", "Join Type": "Inner", "Startup Cost": 70071825122.57, "Total Cost": 6752837629954.57, "Plan Rows": 357098, "Plan Width": 33, "Inner Unique": false, "Join Filter": "(t.id = ci.movie_id), (LLVM Optimized)", "Plans": [{"Node Type": "Merge Join", "Parent Relationship": "Outer", "Join Type": "Inner", "Startup Cost": 30021927926.2, "Total Cost": 3002409653794.57, "Plan Rows": 1282311, "Plan Width": 25, "Inner Unique": true, "Merge Cond": "(mc.movie_id = t.id)", "Plans": [{"Node Type": "Nested Loop", "Parent Relationship": "Outer", "Join Type": "Inner", "Startup Cost": 20000000000.0, "Total Cost": 2003347393774.42, "Plan Rows": 1282311, "Plan Width": 4, "Inner Unique": true, "Join Filter": "(cn.id = mc.company_id), (LLVM Optimized)", "Plans": [{"Node Type": "Index Scan", "Parent Relationship": "Outer", "Scan Direction": "Forward", "Index Name": "movie_id_movie_companies", "Relation Name": "movie_companies", "Alias": "mc", "Startup Cost": 10000000000.0, "Total Cost": 1000013051946.13, "Plan Rows": 2609128, "Plan Width": 8}, {"Node Type": "Materialize", "Parent Relationship": "Inner", "Startup Cost": 10000000000.0, "Total Cost": 1000001050564.82, "Plan Rows": 85170, "Plan Width": 4, "Plans": [{"Node Type": "Index Scan", "Parent Relationship": "Outer", "Scan Direction": "Forward", "Index Name": "company_name_pkey", "Relation Name": "company_name", "Alias": "cn", "Startup Cost": 10000000000.0, "Total Cost": 1000001050138.97, "Plan Rows": 85170, "Plan Width": 4, "Filter": "((country_code)::text = '[us]'::text)"}]}]}, {"Node Type": "Index Scan", "Parent Relationship": "Inner", "Scan Direction": "Forward", "Index Name": "title_pkey", "Relation Name": "title", "Alias": "t", "Startup Cost": 10000000000.0, "Total Cost": 1000011012048.91, "Plan Rows": 2528311, "Plan Width": 21}]}, {"Node Type": "Materialize", "Parent Relationship": "Inner", "Startup Cost": 40049897196.36, "Total Cost": 3721872427028.45, "Plan Rows": 1484588, "Plan Width": 20, "Plans": [{"Node Type": "Nested Loop", "Parent Relationship": "Outer", "Join Type": "Inner", "Startup Cost": 40049897196.36, "Total Cost": 3721872419605.51, "Plan Rows": 1484588, "Plan Width": 20, "Inner Unique": false, "Join Filter": "(ci.role_id = rt.id), (LLVM Optimized)", "Plans": [{"Node Type": "Index Scan", "Parent Relationship": "Outer", "Scan Direction": "Forward", "Index Name": "role_type_pkey", "Relation Name": "role_type", "Alias": "rt", "Startup Cost": 10000000000.0, "Total Cost": 1000000001246.0, "Plan Rows": 1, "Plan Width": 4, "Filter": "((role)::text = 'writer'::text)"}, {"Node Type": "Merge Join", "Parent Relationship": "Inner", "Join Type": "Inner", "Startup Cost": 30049897196.36, "Total Cost": 2721872214228.63, "Plan Rows": 16330470, "Plan Width": 24, "Inner Unique": false, "Merge Cond": "(a1.person_id = ci.person_id)", "Plans": [{"Node Type": "Merge Join", "Parent Relationship": "Outer", "Join Type": "Inner", "Startup Cost": 20030754356.47, "Total Cost": 2000007674895.99, "Plan Rows": 901342, "Plan Width": 24, "Inner Unique": true, "Merge Cond": "(a1.person_id = n1.id)", "Plans": [{"Node Type": "Index Scan", "Parent Relationship": "Outer", "Scan Direction": "Forward", "Index Name": "person_id_aka_name", "Relation Name": "aka_name", "Alias": "a1", "Startup Cost": 10000000000.0, "Total Cost": 1000006896503.43, "Plan Rows": 901342, "Plan Width": 20}, {"Node Type": "Index Scan", "Parent Relationship": "Inner", "Scan Direction": "Forward", "Index Name": "name_pkey", "Relation Name": "name", "Alias": "n1", "Startup Cost": 10000000000.0, "Total Cost": 1000017623274.7, "Plan Rows": 4167490, "Plan Width": 4}]}, {"Node Type": "Index Scan", "Parent Relationship": "Inner", "Scan Direction": "Forward", "Index Name": "person_id_cast_info", "Relation Name": "cast_info", "Alias": "ci", "Startup Cost": 10000000000.0, "Total Cost": 1000170648833.21, "Plan Rows": 36259494, "Plan Width": 12}]}]}]}]}]}, "Unique SQL Id": 2457761703, "Planner Runtime": 78}, "explain_analyze_plan": null}, "(1, 16)": {"explain_plan": {"Plan": {"Node Type": "Aggregate", "Strategy": "Plain", "Startup Cost": 1194615.66, "Total Cost": 1194615.67, "Plan Rows": 1, "Plan Width": 97, "Plans": [{"Node Type": "Nested Loop", "Parent Relationship": "Outer", "Join Type": "Inner", "Startup Cost": 920804.93, "Total Cost": 1192830.17, "Plan Rows": 357098, "Plan Width": 33, "Inner Unique": true, "Join Filter": "(a1.person_id = n1.id), (LLVM Optimized)", "Plans": [{"Node Type": "Nested Loop", "Parent Relationship": "Outer", "Join Type": "Inner", "Startup Cost": 920804.93, "Total Cost": 1091336.23, "Plan Rows": 357098, "Plan Width": 41, "Inner Unique": true, "Plans": [{"Node Type": "Merge Join", "Parent Relationship": "Outer", "Join Type": "Inner", "Startup Cost": 920804.93, "Total Cost": 989533.89, "Plan Rows": 357379, "Plan Width": 32, "Inner Unique": false, "Merge Cond": "(a1.person_id = ci.person_id)", "Plans": [{"Node Type": "Index Scan", "Parent Relationship": "Outer", "Scan Direction": "Forward", "Index Name": "person_id_aka_name", "Relation Name": "aka_name", "Alias": "a1", "Startup Cost": 0.0, "Total Cost": 68965.03, "Plan Rows": 901342, "Plan Width": 20}, {"Node Type": "Sort", "Parent Relationship": "Inner", "Startup Cost": 920804.86, "Total Cost": 922582.4, "Plan Rows": 711018, "Plan Width": 12, "Sort Key": ["ci.person_id"], "Plans": [{"Node Type": "Merge Join", "Parent Relationship": "Outer", "Join Type": "Inner", "Startup Cost": 812099.84, "Total Cost": 851695.59, "Plan Rows": 711018, "Plan Width": 12, "Inner Unique": false, "Merge Cond": "(mc.movie_id = ci.movie_id)", "Plans": [{"Node Type": "Sort", "Parent Relationship": "Outer", "Startup Cost": 283826.21, "Total Cost": 287031.99, "Plan Rows": 1282311, "Plan Width": 4, "Sort Key": ["mc.movie_id"], "Plans": [{"Node Type": "Merge Join", "Parent Relationship": "Outer", "Join Type": "Inner", "Startup Cost": 3383.04, "Total Cost": 153733.74, "Plan Rows": 1282311, "Plan Width": 4, "Inner Unique": false, "Merge Cond": "(cn.id = mc.company_id)", "Plans": [{"Node Type": "Index Scan", "Parent Relationship": "Outer", "Scan Direction": "Forward", "Index Name": "company_name_pkey", "Relation Name": "company_name", "Alias": "cn", "Startup Cost": 0.0, "Total Cost": 10501.39, "Plan Rows": 85170, "Plan Width": 4, "Filter": "((country_code)::text = '[us]'::text)"}, {"Node Type": "Index Scan", "Parent Relationship": "Inner", "Scan Direction": "Forward", "Index Name": "company_id_movie_companies", "Relation Name": "movie_companies", "Alias": "mc", "Startup Cost": 0.0, "Total Cost": 123673.5, "Plan Rows": 2609128, "Plan Width": 8}]}]}, {"Node Type": "Sort", "Parent Relationship": "Inner", "Startup Cost": 528273.31, "Total Cost": 536514.11, "Plan Rows": 3296318, "Plan Width": 8, "Sort Key": ["ci.movie_id"], "Plans": [{"Node Type": "Nested Loop", "Parent Relationship": "Outer", "Join Type": "Inner", "Startup Cost": 0.0, "Total Cost": 171406.94, "Plan Rows": 3296318, "Plan Width": 8, "Inner Unique": false, "Plans": [{"Node Type": "Seq Scan", "Parent Relationship": "Outer", "Relation Name": "role_type", "Alias": "rt", "Startup Cost": 0.0, "Total Cost": 1.15, "Plan Rows": 1, "Plan Width": 4, "Filter": "((role)::text = 'writer'::text)"}, {"Node Type": "Index Scan", "Parent Relationship": "Inner", "Scan Direction": "Forward", "Index Name": "role_id_cast_info", "Relation Name": "cast_info", "Alias": "ci", "Startup Cost": 0.0, "Total Cost": 138442.61, "Plan Rows": 3296318, "Plan Width": 12, "Index Cond": "(role_id = rt.id), (LLVM Optimized)"}]}]}]}]}]}, {"Node Type": "Index Scan", "Parent Relationship": "Inner", "Scan Direction": "Forward", "Index Name": "title_pkey", "Relation Name": "title", "Alias": "t", "Startup Cost": 0.0, "Total Cost": 0.27, "Plan Rows": 1, "Plan Width": 21, "Index Cond": "(id = ci.movie_id)"}]}, {"Node Type": "Index Only Scan", "Parent Relationship": "Inner", "Scan Direction": "Forward", "Index Name": "name_pkey", "Relation Name": "name", "Alias": "n1", "Startup Cost": 0.0, "Total Cost": 0.27, "Plan Rows": 1, "Plan Width": 4, "Index Cond": "(id = ci.person_id)"}]}]}, "Unique SQL Id": 2457761703, "Planner Runtime": 42}, "explain_analyze_plan": null}, "(1, 17)": {"explain_plan": {"Plan": {"Node Type": "Aggregate", "Strategy": "Plain", "Startup Cost": 1194626.97, "Total Cost": 1194626.98, "Plan Rows": 1, "Plan Width": 97, "Plans": [{"Node Type": "Nested Loop", "Parent Relationship": "Outer", "Join Type": "Inner", "Startup Cost": 920816.24, "Total Cost": 1192841.48, "Plan Rows": 357098, "Plan Width": 33, "Inner Unique": true, "Join Filter": "(a1.person_id = n1.id), (LLVM Optimized)", "Plans": [{"Node Type": "Nested Loop", "Parent Relationship": "Outer", "Join Type": "Inner", "Startup Cost": 920816.24, "Total Cost": 1091347.54, "Plan Rows": 357098, "Plan Width": 41, "Inner Unique": true, "Plans": [{"Node Type": "Merge Join", "Parent Relationship": "Outer", "Join Type": "Inner", "Startup Cost": 920816.24, "Total Cost": 989545.2, "Plan Rows": 357379, "Plan Width": 32, "Inner Unique": false, "Merge Cond": "(ci.person_id = a1.person_id)", "Plans": [{"Node Type": "Sort", "Parent Relationship": "Outer", "Startup Cost": 920816.17, "Total Cost": 922593.71, "Plan Rows": 711018, "Plan Width": 12, "Sort Key": ["ci.person_id"], "Plans": [{"Node Type": "Merge Join", "Parent Relationship": "Outer", "Join Type": "Inner", "Startup Cost": 812111.15, "Total Cost": 851706.9, "Plan Rows": 711018, "Plan Width": 12, "Inner Unique": false, "Merge Cond": "(mc.movie_id = ci.movie_id)", "Plans": [{"Node Type": "Sort", "Parent Relationship": "Outer", "Startup Cost": 283826.21, "Total Cost": 287031.99, "Plan Rows": 1282311, "Plan Width": 4, "Sort Key": ["mc.movie_id"], "Plans": [{"Node Type": "Merge Join", "Parent Relationship": "Outer", "Join Type": "Inner", "Startup Cost": 3383.04, "Total Cost": 153733.74, "Plan Rows": 1282311, "Plan Width": 4, "Inner Unique": false, "Merge Cond": "(cn.id = mc.company_id)", "Plans": [{"Node Type": "Index Scan", "Parent Relationship": "Outer", "Scan Direction": "Forward", "Index Name": "company_name_pkey", "Relation Name": "company_name", "Alias": "cn", "Startup Cost": 0.0, "Total Cost": 10501.39, "Plan Rows": 85170, "Plan Width": 4, "Filter": "((country_code)::text = '[us]'::text)"}, {"Node Type": "Index Scan", "Parent Relationship": "Inner", "Scan Direction": "Forward", "Index Name": "company_id_movie_companies", "Relation Name": "movie_companies", "Alias": "mc", "Startup Cost": 0.0, "Total Cost": 123673.5, "Plan Rows": 2609128, "Plan Width": 8}]}]}, {"Node Type": "Sort", "Parent Relationship": "Inner", "Startup Cost": 528284.62, "Total Cost": 536525.42, "Plan Rows": 3296318, "Plan Width": 8, "Sort Key": ["ci.movie_id"], "Plans": [{"Node Type": "Nested Loop", "Parent Relationship": "Outer", "Join Type": "Inner", "Startup Cost": 0.0, "Total Cost": 171418.25, "Plan Rows": 3296318, "Plan Width": 8, "Inner Unique": false, "Plans": [{"Node Type": "Index Scan", "Parent Relationship": "Outer", "Scan Direction": "Forward", "Index Name": "role_type_pkey", "Relation Name": "role_type", "Alias": "rt", "Startup Cost": 0.0, "Total Cost": 12.46, "Plan Rows": 1, "Plan Width": 4, "Filter": "((role)::text = 'writer'::text)"}, {"Node Type": "Index Scan", "Parent Relationship": "Inner", "Scan Direction": "Forward", "Index Name": "role_id_cast_info", "Relation Name": "cast_info", "Alias": "ci", "Startup Cost": 0.0, "Total Cost": 138442.61, "Plan Rows": 3296318, "Plan Width": 12, "Index Cond": "(role_id = rt.id), (LLVM Optimized)"}]}]}]}]}, {"Node Type": "Index Scan", "Parent Relationship": "Inner", "Scan Direction": "Forward", "Index Name": "person_id_aka_name", "Relation Name": "aka_name", "Alias": "a1", "Startup Cost": 0.0, "Total Cost": 68965.03, "Plan Rows": 901342, "Plan Width": 20}]}, {"Node Type": "Index Scan", "Parent Relationship": "Inner", "Scan Direction": "Forward", "Index Name": "title_pkey", "Relation Name": "title", "Alias": "t", "Startup Cost": 0.0, "Total Cost": 0.27, "Plan Rows": 1, "Plan Width": 21, "Index Cond": "(id = ci.movie_id)"}]}, {"Node Type": "Index Only Scan", "Parent Relationship": "Inner", "Scan Direction": "Forward", "Index Name": "name_pkey", "Relation Name": "name", "Alias": "n1", "Startup Cost": 0.0, "Total Cost": 0.27, "Plan Rows": 1, "Plan Width": 4, "Index Cond": "(id = ci.person_id)"}]}]}, "Unique SQL Id": 2457761703, "Planner Runtime": 39}, "explain_analyze_plan": null}, "(1, 18)": {"explain_plan": {"Plan": {"Node Type": "Aggregate", "Strategy": "Plain", "Startup Cost": 2392979.77, "Total Cost": 2392979.78, "Plan Rows": 1, "Plan Width": 97, "Plans": [{"Node Type": "Merge Join", "Parent Relationship": "Outer", "Join Type": "Inner", "Startup Cost": 2355249.79, "Total Cost": 2391194.28, "Plan Rows": 357098, "Plan Width": 33, "Inner Unique": true, "Merge Cond": "(a1.person_id = n1.id)", "Plans": [{"Node Type": "Merge Join", "Parent Relationship": "Outer", "Join Type": "Inner", "Startup Cost": 1803946.44, "Total Cost": 1814590.46, "Plan Rows": 357098, "Plan Width": 41, "Inner Unique": false, "Merge Cond": "(ci.person_id = a1.person_id)", "Plans": [{"Node Type": "Sort", "Parent Relationship": "Outer", "Startup Cost": 1694887.5, "Total Cost": 1696663.64, "Plan Rows": 710459, "Plan Width": 21, "Sort Key": ["ci.person_id"], "Plans": [{"Node Type": "Merge Join", "Parent Relationship": "Outer", "Join Type": "Inner", "Startup Cost": 1564728.72, "Total Cost": 1625836.59, "Plan Rows": 710459, "Plan Width": 21, "Inner Unique": true, "Merge Cond": "(ci.movie_id = t.id)", "Plans": [{"Node Type": "Merge Join", "Parent Relationship": "Outer", "Join Type": "Inner", "Startup Cost": 1235776.7, "Total Cost": 1275372.45, "Plan Rows": 711018, "Plan Width": 12, "Inner Unique": false, "Merge Cond": "(mc.movie_id = ci.movie_id)", "Plans": [{"Node Type": "Sort", "Parent Relationship": "Outer", "Startup Cost": 489151.99, "Total Cost": 492357.77, "Plan Rows": 1282311, "Plan Width": 4, "Sort Key": ["mc.movie_id"], "Plans": [{"Node Type": "Merge Join", "Parent Relationship": "Outer", "Join Type": "Inner", "Startup Cost": 333103.9, "Total Cost": 359059.52, "Plan Rows": 1282311, "Plan Width": 4, "Inner Unique": false, "Merge Cond": "(cn.id = mc.company_id)", "Plans": [{"Node Type": "Sort", "Parent Relationship": "Outer", "Startup Cost": 12878.05, "Total Cost": 13090.97, "Plan Rows": 85170, "Plan Width": 4, "Sort Key": ["cn.id"], "Plans": [{"Node Type": "Seq Scan", "Parent Relationship": "Outer", "Relation Name": "company_name", "Alias": "cn", "Startup Cost": 0.0, "Total Cost": 5903.45, "Plan Rows": 85170, "Plan Width": 4, "Filter": "((country_code)::text = '[us]'::text)"}]}, {"Node Type": "Sort", "Parent Relationship": "Inner", "Startup Cost": 319886.87, "Total Cost": 326409.69, "Plan Rows": 2609128, "Plan Width": 8, "Sort Key": ["mc.company_id"], "Plans": [{"Node Type": "Seq Scan", "Parent Relationship": "Outer", "Relation Name": "movie_companies", "Alias": "mc", "Startup Cost": 0.0, "Total Cost": 41817.28, "Plan Rows": 2609128, "Plan Width": 8}]}]}]}, {"Node Type": "Sort", "Parent Relationship": "Inner", "Startup Cost": 746624.39, "Total Cost": 754865.19, "Plan Rows": 3296318, "Plan Width": 8, "Sort Key": ["ci.movie_id"], "Plans": [{"Node Type": "Nested Loop", "Parent Relationship": "Outer", "Join Type": "Inner", "Startup Cost": 76306.71, "Total Cost": 389758.02, "Plan Rows": 3296318, "Plan Width": 8, "Inner Unique": false, "Plans": [{"Node Type": "Seq Scan", "Parent Relationship": "Outer", "Relation Name": "role_type", "Alias": "rt", "Startup Cost": 0.0, "Total Cost": 1.15, "Plan Rows": 1, "Plan Width": 4, "Filter": "((role)::text = 'writer'::text)"}, {"Node Type": "Bitmap Heap Scan", "Parent Relationship": "Inner", "Relation Name": "cast_info", "Alias": "ci", "Startup Cost": 76306.71, "Total Cost": 356793.69, "Plan Rows": 3296318, "Plan Width": 12, "Recheck Cond": "(role_id = rt.id), (LLVM Optimized)", "Plans": [{"Node Type": "Bitmap Index Scan", "Parent Relationship": "Outer", "Index Name": "role_id_cast_info", "Startup Cost": 0.0, "Total Cost": 75482.63, "Plan Rows": 3296318, "Plan Width": 0, "Index Cond": "(role_id = rt.id)"}]}]}]}]}, {"Node Type": "Sort", "Parent Relationship": "Inner", "Startup Cost": 328951.73, "Total Cost": 335272.51, "Plan Rows": 2528311, "Plan Width": 21, "Sort Key": ["t.id"], "Plans": [{"Node Type": "Seq Scan", "Parent Relationship": "Outer", "Relation Name": "title", "Alias": "t", "Startup Cost": 0.0, "Total Cost": 60069.11, "Plan Rows": 2528311, "Plan Width": 21}]}]}]}, {"Node Type": "Sort", "Parent Relationship": "Inner", "Startup Cost": 109058.87, "Total Cost": 111312.23, "Plan Rows": 901342, "Plan Width": 20, "Sort Key": ["a1.person_id"], "Plans": [{"Node Type": "Seq Scan", "Parent Relationship": "Outer", "Relation Name": "aka_name", "Alias": "a1", "Startup Cost": 0.0, "Total Cost": 19908.42, "Plan Rows": 901342, "Plan Width": 20}]}]}, {"Node Type": "Sort", "Parent Relationship": "Inner", "Startup Cost": 551303.0, "Total Cost": 561721.72, "Plan Rows": 4167490, "Plan Width": 4, "Sort Key": ["n1.id"], "Plans": [{"Node Type": "Seq Scan", "Parent Relationship": "Outer", "Relation Name": "name", "Alias": "n1", "Startup Cost": 0.0, "Total Cost": 93071.9, "Plan Rows": 4167490, "Plan Width": 4}]}]}]}, "Unique SQL Id": 2457761703, "Planner Runtime": 38}, "explain_analyze_plan": {"Plan": {"Node Type": "Aggregate", "Strategy": "Plain", "Startup Cost": 2392979.77, "Total Cost": 2392979.78, "Plan Rows": 1, "Plan Width": 97, "Actual Startup Time": 19390.482, "Actual Total Time": 19390.482, "Actual Rows": 1, "Actual Loops": 1, "Plans": [{"Node Type": "Merge Join", "Parent Relationship": "Outer", "Join Type": "Inner", "Startup Cost": 2355249.79, "Total Cost": 2391194.28, "Plan Rows": 357098, "Plan Width": 33, "Actual Startup Time": 14821.804, "Actual Total Time": 18157.819, "Actual Rows": 2487611, "Actual Loops": 1, "Inner Unique": true, "Merge Cond": "(a1.person_id = n1.id)", "Plans": [{"Node Type": "Merge Join", "Parent Relationship": "Outer", "Join Type": "Inner", "Startup Cost": 1803946.44, "Total Cost": 1814590.46, "Plan Rows": 357098, "Plan Width": 41, "Actual Startup Time": 12016.356, "Actual Total Time": 13812.722, "Actual Rows": 2487611, "Actual Loops": 1, "Inner Unique": false, "Merge Cond": "(ci.person_id = a1.person_id)", "Plans": [{"Node Type": "Sort", "Parent Relationship": "Outer", "Startup Cost": 1694887.5, "Total Cost": 1696663.64, "Plan Rows": 710459, "Plan Width": 21, "Actual Startup Time": 11390.335, "Actual Total Time": 11868.405, "Actual Rows": 1970658, "Actual Loops": 1, "Sort Key": ["ci.person_id"], "Sort Method": "quicksort", "Sort Space Used": 240236, "Sort Space Type": "Memory", "Plans": [{"Node Type": "Merge Join", "Parent Relationship": "Outer", "Join Type": "Inner", "Startup Cost": 1564728.72, "Total Cost": 1625836.59, "Plan Rows": 710459, "Plan Width": 21, "Actual Startup Time": 7557.401, "Actual Total Time": 10688.396, "Actual Rows": 1970658, "Actual Loops": 1, "Inner Unique": true, "Merge Cond": "(ci.movie_id = t.id)", "Plans": [{"Node Type": "Merge Join", "Parent Relationship": "Outer", "Join Type": "Inner", "Startup Cost": 1235776.7, "Total Cost": 1275372.45, "Plan Rows": 711018, "Plan Width": 12, "Actual Startup Time": 5735.437, "Actual Total Time": 7465.464, "Actual Rows": 1970658, "Actual Loops": 1, "Inner Unique": false, "Merge Cond": "(mc.movie_id = ci.movie_id)", "Plans": [{"Node Type": "Sort", "Parent Relationship": "Outer", "Startup Cost": 489151.99, "Total Cost": 492357.77, "Plan Rows": 1282311, "Plan Width": 4, "Actual Startup Time": 3174.852, "Actual Total Time": 3408.436, "Actual Rows": 1153797, "Actual Loops": 1, "Sort Key": ["mc.movie_id"], "Sort Method": "quicksort", "Sort Space Used": 121265, "Sort Space Type": "Memory", "Plans": [{"Node Type": "Merge Join", "Parent Relationship": "Outer", "Join Type": "Inner", "Startup Cost": 333103.9, "Total Cost": 359059.52, "Plan Rows": 1282311, "Plan Width": 4, "Actual Startup Time": 1702.826, "Actual Total Time": 2761.189, "Actual Rows": 1153797, "Actual Loops": 1, "Inner Unique": false, "Merge Cond": "(cn.id = mc.company_id)", "Plans": [{"Node Type": "Sort", "Parent Relationship": "Outer", "Startup Cost": 12878.05, "Total Cost": 13090.97, "Plan Rows": 85170, "Plan Width": 4, "Actual Startup Time": 119.702, "Actual Total Time": 137.949, "Actual Rows": 84843, "Actual Loops": 1, "Sort Key": ["cn.id"], "Sort Method": "quicksort", "Sort Space Used": 8375, "Sort Space Type": "Memory", "Plans": [{"Node Type": "Seq Scan", "Parent Relationship": "Outer", "Relation Name": "company_name", "Alias": "cn", "Startup Cost": 0.0, "Total Cost": 5903.45, "Plan Rows": 85170, "Plan Width": 4, "Actual Startup Time": 0.028, "Actual Total Time": 88.887, "Actual Rows": 84843, "Actual Loops": 1, "Filter": "((country_code)::text = '[us]'::text)", "Rows Removed by Filter": 150153}]}, {"Node Type": "Sort", "Parent Relationship": "Inner", "Startup Cost": 319886.87, "Total Cost": 326409.69, "Plan Rows": 2609128, "Plan Width": 8, "Actual Startup Time": 1583.108, "Actual Total Time": 2115.893, "Actual Rows": 2609128, "Actual Loops": 1, "Sort Key": ["mc.company_id"], "Sort Method": "quicksort", "Sort Space Used": 261375, "Sort Space Type": "Memory", "Plans": [{"Node Type": "Seq Scan", "Parent Relationship": "Outer", "Relation Name": "movie_companies", "Alias": "mc", "Startup Cost": 0.0, "Total Cost": 41817.28, "Plan Rows": 2609128, "Plan Width": 8, "Actual Startup Time": 0.043, "Actual Total Time": 707.462, "Actual Rows": 2609128, "Actual Loops": 1}]}]}]}, {"Node Type": "Sort", "Parent Relationship": "Inner", "Startup Cost": 746624.39, "Total Cost": 754865.19, "Plan Rows": 3296318, "Plan Width": 8, "Actual Startup Time": 2560.541, "Actual Total Time": 3124.908, "Actual Rows": 3863824, "Actual Loops": 1, "Sort Key": ["ci.movie_id"], "Sort Method": "quicksort", "Sort Space Used": 268863, "Sort Space Type": "Memory", "Plans": [{"Node Type": "Nested Loop", "Parent Relationship": "Outer", "Join Type": "Inner", "Startup Cost": 76306.71, "Total Cost": 389758.02, "Plan Rows": 3296318, "Plan Width": 8, "Actual Startup Time": 341.733, "Actual Total Time": 1604.125, "Actual Rows": 2728943, "Actual Loops": 1, "Inner Unique": false, "Plans": [{"Node Type": "Seq Scan", "Parent Relationship": "Outer", "Relation Name": "role_type", "Alias": "rt", "Startup Cost": 0.0, "Total Cost": 1.15, "Plan Rows": 1, "Plan Width": 4, "Actual Startup Time": 0.054, "Actual Total Time": 0.078, "Actual Rows": 1, "Actual Loops": 1, "Filter": "((role)::text = 'writer'::text)", "Rows Removed by Filter": 11}, {"Node Type": "Bitmap Heap Scan", "Parent Relationship": "Inner", "Relation Name": "cast_info", "Alias": "ci", "Startup Cost": 76306.71, "Total Cost": 356793.69, "Plan Rows": 3296318, "Plan Width": 12, "Actual Startup Time": 341.658, "Actual Total Time": 1131.254, "Actual Rows": 2728943, "Actual Loops": 1, "Recheck Cond": "(role_id = rt.id), (LLVM Optimized, Jit Execute)", "Rows Removed by Index Recheck": 0, "Exact Heap Blocks": 19177, "Lossy Heap Blocks": 19177, "Plans": [{"Node Type": "Bitmap Index Scan", "Parent Relationship": "Outer", "Index Name": "role_id_cast_info", "Startup Cost": 0.0, "Total Cost": 75482.63, "Plan Rows": 3296318, "Plan Width": 0, "Actual Startup Time": 337.319, "Actual Total Time": 337.319, "Actual Rows": 2728943, "Actual Loops": 1, "Index Cond": "(role_id = rt.id)"}]}]}]}]}, {"Node Type": "Sort", "Parent Relationship": "Inner", "Startup Cost": 328951.73, "Total Cost": 335272.51, "Plan Rows": 2528311, "Plan Width": 21, "Actual Startup Time": 1821.928, "Actual Total Time": 2299.134, "Actual Rows": 2525743, "Actual Loops": 1, "Sort Key": ["t.id"], "Sort Method": "quicksort", "Sort Space Used": 344074, "Sort Space Type": "Memory", "Plans": [{"Node Type": "Seq Scan", "Parent Relationship": "Outer", "Relation Name": "title", "Alias": "t", "Startup Cost": 0.0, "Total Cost": 60069.11, "Plan Rows": 2528311, "Plan Width": 21, "Actual Startup Time": 0.048, "Actual Total Time": 753.592, "Actual Rows": 2528311, "Actual Loops": 1}]}]}]}, {"Node Type": "Sort", "Parent Relationship": "Inner", "Startup Cost": 109058.87, "Total Cost": 111312.23, "Plan Rows": 901342, "Plan Width": 20, "Actual Startup Time": 625.927, "Actual Total Time": 918.048, "Actual Rows": 3063953, "Actual Loops": 1, "Sort Key": ["a1.person_id"], "Sort Method": "quicksort", "Sort Space Used": 109040, "Sort Space Type": "Memory", "Plans": [{"Node Type": "Seq Scan", "Parent Relationship": "Outer", "Relation Name": "aka_name", "Alias": "a1", "Startup Cost": 0.0, "Total Cost": 19908.42, "Plan Rows": 901342, "Plan Width": 20, "Actual Startup Time": 0.059, "Actual Total Time": 262.213, "Actual Rows": 901342, "Actual Loops": 1}]}]}, {"Node Type": "Sort", "Parent Relationship": "Inner", "Startup Cost": 551303.0, "Total Cost": 561721.72, "Plan Rows": 4167490, "Plan Width": 4, "Actual Startup Time": 2805.417, "Actual Total Time": 3337.729, "Actual Rows": 3228264, "Actual Loops": 1, "Sort Key": ["n1.id"], "Sort Method": "quicksort", "Sort Space Used": 358773, "Sort Space Type": "Memory", "Plans": [{"Node Type": "Seq Scan", "Parent Relationship": "Outer", "Relation Name": "name", "Alias": "n1", "Startup Cost": 0.0, "Total Cost": 93071.9, "Plan Rows": 4167490, "Plan Width": 4, "Actual Startup Time": 0.039, "Actual Total Time": 1240.636, "Actual Rows": 4167490, "Actual Loops": 1}]}]}]}, "Triggers": [], "Planner Runtime": 37, "Total Runtime": 19400.242, "Unique SQL Id": 2457761703}}, "(1, 19)": {"explain_plan": {"Plan": {"Node Type": "Aggregate", "Strategy": "Plain", "Startup Cost": 1000069787565.86, "Total Cost": 1000069787565.87, "Plan Rows": 1, "Plan Width": 97, "Plans": [{"Node Type": "Nested Loop", "Parent Relationship": "Outer", "Join Type": "Inner", "Startup Cost": 10000000001.8, "Total Cost": 1000069785780.37, "Plan Rows": 357098, "Plan Width": 33, "Inner Unique": true, "Plans": [{"Node Type": "Nested Loop", "Parent Relationship": "Outer", "Join Type": "Inner", "Startup Cost": 10000000001.54, "Total Cost": 1000068255744.11, "Plan Rows": 357379, "Plan Width": 24, "Inner Unique": true, "Join Filter": "(a1.person_id = n1.id), (LLVM Optimized)", "Plans": [{"Node Type": "Nested Loop", "Parent Relationship": "Outer", "Join Type": "Inner", "Startup Cost": 10000000001.28, "Total Cost": 1000066724564.96, "Plan Rows": 357379, "Plan Width": 32, "Inner Unique": false, "Plans": [{"Node Type": "Nested Loop", "Parent Relationship": "Outer", "Join Type": "Inner", "Startup Cost": 10000000001.03, "Total Cost": 1000063680996.82, "Plan Rows": 711018, "Plan Width": 12, "Inner Unique": true, "Plans": [{"Node Type": "Nested Loop", "Parent Relationship": "Outer", "Join Type": "Inner", "Startup Cost": 10000000000.77, "Total Cost": 1000030184746.51, "Plan Rows": 7821201, "Plan Width": 16, "Inner Unique": false, "Plans": [{"Node Type": "Nested Loop", "Parent Relationship": "Outer", "Join Type": "Inner", "Startup Cost": 10000000000.26, "Total Cost": 1000024227793.07, "Plan Rows": 1282311, "Plan Width": 4, "Inner Unique": true, "Plans": [{"Node Type": "Index Scan", "Parent Relationship": "Outer", "Scan Direction": "Forward", "Index Name": "movie_id_movie_companies", "Relation Name": "movie_companies", "Alias": "mc", "Startup Cost": 10000000000.0, "Total Cost": 1000013051946.13, "Plan Rows": 2609128, "Plan Width": 8}, {"Node Type": "Bitmap Heap Scan", "Parent Relationship": "Inner", "Relation Name": "company_name", "Alias": "cn", "Startup Cost": 0.26, "Total Cost": 4.27, "Plan Rows": 1, "Plan Width": 4, "Recheck Cond": "(id = mc.company_id)", "Filter": "((country_code)::text = '[us]'::text)", "Plans": [{"Node Type": "Bitmap Index Scan", "Parent Relationship": "Outer", "Index Name": "company_name_pkey", "Startup Cost": 0.0, "Total Cost": 0.26, "Plan Rows": 1, "Plan Width": 0, "Index Cond": "(id = mc.company_id)"}]}]}, {"Node Type": "Bitmap Heap Scan", "Parent Relationship": "Inner", "Relation Name": "cast_info", "Alias": "ci", "Startup Cost": 0.51, "Total Cost": 4.59, "Plan Rows": 6, "Plan Width": 12, "Recheck Cond": "(movie_id = mc.movie_id)", "Plans": [{"Node Type": "Bitmap Index Scan", "Parent Relationship": "Outer", "Index Name": "movie_id_cast_info", "Startup Cost": 0.0, "Total Cost": 0.51, "Plan Rows": 6, "Plan Width": 0, "Index Cond": "(movie_id = mc.movie_id)"}]}]}, {"Node Type": "Bitmap Heap Scan", "Parent Relationship": "Inner", "Relation Name": "role_type", "Alias": "rt", "Startup Cost": 0.26, "Total Cost": 4.27, "Plan Rows": 1, "Plan Width": 4, "Recheck Cond": "(id = ci.role_id)", "Filter": "((role)::text = 'writer'::text)", "Plans": [{"Node Type": "Bitmap Index Scan", "Parent Relationship": "Outer", "Index Name": "role_type_pkey", "Startup Cost": 0.0, "Total Cost": 0.26, "Plan Rows": 1, "Plan Width": 0, "Index Cond": "(id = ci.role_id)"}]}]}, {"Node Type": "Bitmap Heap Scan", "Parent Relationship": "Inner", "Relation Name": "aka_name", "Alias": "a1", "Startup Cost": 0.26, "Total Cost": 4.27, "Plan Rows": 1, "Plan Width": 20, "Recheck Cond": "(person_id = ci.person_id)", "Plans": [{"Node Type": "Bitmap Index Scan", "Parent Relationship": "Outer", "Index Name": "person_id_aka_name", "Startup Cost": 0.0, "Total Cost": 0.26, "Plan Rows": 1, "Plan Width": 0, "Index Cond": "(person_id = ci.person_id)"}]}]}, {"Node Type": "Bitmap Heap Scan", "Parent Relationship": "Inner", "Relation Name": "name", "Alias": "n1", "Startup Cost": 0.26, "Total Cost": 4.27, "Plan Rows": 1, "Plan Width": 4, "Recheck Cond": "(id = ci.person_id)", "Plans": [{"Node Type": "Bitmap Index Scan", "Parent Relationship": "Outer", "Index Name": "name_pkey", "Startup Cost": 0.0, "Total Cost": 0.26, "Plan Rows": 1, "Plan Width": 0, "Index Cond": "(id = ci.person_id)"}]}]}, {"Node Type": "Bitmap Heap Scan", "Parent Relationship": "Inner", "Relation Name": "title", "Alias": "t", "Startup Cost": 0.26, "Total Cost": 4.27, "Plan Rows": 1, "Plan Width": 21, "Recheck Cond": "(id = ci.movie_id)", "Plans": [{"Node Type": "Bitmap Index Scan", "Parent Relationship": "Outer", "Index Name": "title_pkey", "Startup Cost": 0.0, "Total Cost": 0.26, "Plan Rows": 1, "Plan Width": 0, "Index Cond": "(id = ci.movie_id)"}]}]}]}, "Unique SQL Id": 2457761703, "Planner Runtime": 7}, "explain_analyze_plan": null}, "(1, 20)": {"explain_plan": {"Plan": {"Node Type": "Aggregate", "Strategy": "Plain", "Startup Cost": 1196640.37, "Total Cost": 1196640.38, "Plan Rows": 1, "Plan Width": 97, "Plans": [{"Node Type": "Nested Loop", "Parent Relationship": "Outer", "Join Type": "Inner", "Startup Cost": 920804.93, "Total Cost": 1194854.88, "Plan Rows": 357098, "Plan Width": 33, "Inner Unique": true, "Join Filter": "(a1.person_id = n1.id), (LLVM Optimized)", "Plans": [{"Node Type": "Nested Loop", "Parent Relationship": "Outer", "Join Type": "Inner", "Startup Cost": 920804.93, "Total Cost": 1091336.23, "Plan Rows": 357098, "Plan Width": 41, "Inner Unique": true, "Plans": [{"Node Type": "Merge Join", "Parent Relationship": "Outer", "Join Type": "Inner", "Startup Cost": 920804.93, "Total Cost": 989533.89, "Plan Rows": 357379, "Plan Width": 32, "Inner Unique": false, "Merge Cond": "(a1.person_id = ci.person_id)", "Plans": [{"Node Type": "Index Scan", "Parent Relationship": "Outer", "Scan Direction": "Forward", "Index Name": "person_id_aka_name", "Relation Name": "aka_name", "Alias": "a1", "Startup Cost": 0.0, "Total Cost": 68965.03, "Plan Rows": 901342, "Plan Width": 20}, {"Node Type": "Sort", "Parent Relationship": "Inner", "Startup Cost": 920804.86, "Total Cost": 922582.4, "Plan Rows": 711018, "Plan Width": 12, "Sort Key": ["ci.person_id"], "Plans": [{"Node Type": "Merge Join", "Parent Relationship": "Outer", "Join Type": "Inner", "Startup Cost": 812099.84, "Total Cost": 851695.59, "Plan Rows": 711018, "Plan Width": 12, "Inner Unique": false, "Merge Cond": "(mc.movie_id = ci.movie_id)", "Plans": [{"Node Type": "Sort", "Parent Relationship": "Outer", "Startup Cost": 283826.21, "Total Cost": 287031.99, "Plan Rows": 1282311, "Plan Width": 4, "Sort Key": ["mc.movie_id"], "Plans": [{"Node Type": "Merge Join", "Parent Relationship": "Outer", "Join Type": "Inner", "Startup Cost": 3383.04, "Total Cost": 153733.74, "Plan Rows": 1282311, "Plan Width": 4, "Inner Unique": false, "Merge Cond": "(cn.id = mc.company_id)", "Plans": [{"Node Type": "Index Scan", "Parent Relationship": "Outer", "Scan Direction": "Forward", "Index Name": "company_name_pkey", "Relation Name": "company_name", "Alias": "cn", "Startup Cost": 0.0, "Total Cost": 10501.39, "Plan Rows": 85170, "Plan Width": 4, "Filter": "((country_code)::text = '[us]'::text)"}, {"Node Type": "Index Scan", "Parent Relationship": "Inner", "Scan Direction": "Forward", "Index Name": "company_id_movie_companies", "Relation Name": "movie_companies", "Alias": "mc", "Startup Cost": 0.0, "Total Cost": 123673.5, "Plan Rows": 2609128, "Plan Width": 8}]}]}, {"Node Type": "Sort", "Parent Relationship": "Inner", "Startup Cost": 528273.31, "Total Cost": 536514.11, "Plan Rows": 3296318, "Plan Width": 8, "Sort Key": ["ci.movie_id"], "Plans": [{"Node Type": "Nested Loop", "Parent Relationship": "Outer", "Join Type": "Inner", "Startup Cost": 0.0, "Total Cost": 171406.94, "Plan Rows": 3296318, "Plan Width": 8, "Inner Unique": false, "Plans": [{"Node Type": "Seq Scan", "Parent Relationship": "Outer", "Relation Name": "role_type", "Alias": "rt", "Startup Cost": 0.0, "Total Cost": 1.15, "Plan Rows": 1, "Plan Width": 4, "Filter": "((role)::text = 'writer'::text)"}, {"Node Type": "Index Scan", "Parent Relationship": "Inner", "Scan Direction": "Forward", "Index Name": "role_id_cast_info", "Relation Name": "cast_info", "Alias": "ci", "Startup Cost": 0.0, "Total Cost": 138442.61, "Plan Rows": 3296318, "Plan Width": 12, "Index Cond": "(role_id = rt.id), (LLVM Optimized)"}]}]}]}]}]}, {"Node Type": "Index Scan", "Parent Relationship": "Inner", "Scan Direction": "Forward", "Index Name": "title_pkey", "Relation Name": "title", "Alias": "t", "Startup Cost": 0.0, "Total Cost": 0.27, "Plan Rows": 1, "Plan Width": 21, "Index Cond": "(id = ci.movie_id)"}]}, {"Node Type": "Index Scan", "Parent Relationship": "Inner", "Scan Direction": "Forward", "Index Name": "name_pkey", "Relation Name": "name", "Alias": "n1", "Startup Cost": 0.0, "Total Cost": 0.28, "Plan Rows": 1, "Plan Width": 4, "Index Cond": "(id = ci.person_id)"}]}]}, "Unique SQL Id": 2457761703, "Planner Runtime": 41}, "explain_analyze_plan": null}, "(1, 21)": {"explain_plan": {"Plan": {"Node Type": "Aggregate", "Strategy": "Plain", "Startup Cost": 1196651.68, "Total Cost": 1196651.69, "Plan Rows": 1, "Plan Width": 97, "Plans": [{"Node Type": "Nested Loop", "Parent Relationship": "Outer", "Join Type": "Inner", "Startup Cost": 920816.24, "Total Cost": 1194866.19, "Plan Rows": 357098, "Plan Width": 33, "Inner Unique": true, "Join Filter": "(a1.person_id = n1.id), (LLVM Optimized)", "Plans": [{"Node Type": "Nested Loop", "Parent Relationship": "Outer", "Join Type": "Inner", "Startup Cost": 920816.24, "Total Cost": 1091347.54, "Plan Rows": 357098, "Plan Width": 41, "Inner Unique": true, "Plans": [{"Node Type": "Merge Join", "Parent Relationship": "Outer", "Join Type": "Inner", "Startup Cost": 920816.24, "Total Cost": 989545.2, "Plan Rows": 357379, "Plan Width": 32, "Inner Unique": false, "Merge Cond": "(ci.person_id = a1.person_id)", "Plans": [{"Node Type": "Sort", "Parent Relationship": "Outer", "Startup Cost": 920816.17, "Total Cost": 922593.71, "Plan Rows": 711018, "Plan Width": 12, "Sort Key": ["ci.person_id"], "Plans": [{"Node Type": "Merge Join", "Parent Relationship": "Outer", "Join Type": "Inner", "Startup Cost": 812111.15, "Total Cost": 851706.9, "Plan Rows": 711018, "Plan Width": 12, "Inner Unique": false, "Merge Cond": "(mc.movie_id = ci.movie_id)", "Plans": [{"Node Type": "Sort", "Parent Relationship": "Outer", "Startup Cost": 283826.21, "Total Cost": 287031.99, "Plan Rows": 1282311, "Plan Width": 4, "Sort Key": ["mc.movie_id"], "Plans": [{"Node Type": "Merge Join", "Parent Relationship": "Outer", "Join Type": "Inner", "Startup Cost": 3383.04, "Total Cost": 153733.74, "Plan Rows": 1282311, "Plan Width": 4, "Inner Unique": false, "Merge Cond": "(cn.id = mc.company_id)", "Plans": [{"Node Type": "Index Scan", "Parent Relationship": "Outer", "Scan Direction": "Forward", "Index Name": "company_name_pkey", "Relation Name": "company_name", "Alias": "cn", "Startup Cost": 0.0, "Total Cost": 10501.39, "Plan Rows": 85170, "Plan Width": 4, "Filter": "((country_code)::text = '[us]'::text)"}, {"Node Type": "Index Scan", "Parent Relationship": "Inner", "Scan Direction": "Forward", "Index Name": "company_id_movie_companies", "Relation Name": "movie_companies", "Alias": "mc", "Startup Cost": 0.0, "Total Cost": 123673.5, "Plan Rows": 2609128, "Plan Width": 8}]}]}, {"Node Type": "Sort", "Parent Relationship": "Inner", "Startup Cost": 528284.62, "Total Cost": 536525.42, "Plan Rows": 3296318, "Plan Width": 8, "Sort Key": ["ci.movie_id"], "Plans": [{"Node Type": "Nested Loop", "Parent Relationship": "Outer", "Join Type": "Inner", "Startup Cost": 0.0, "Total Cost": 171418.25, "Plan Rows": 3296318, "Plan Width": 8, "Inner Unique": false, "Plans": [{"Node Type": "Index Scan", "Parent Relationship": "Outer", "Scan Direction": "Forward", "Index Name": "role_type_pkey", "Relation Name": "role_type", "Alias": "rt", "Startup Cost": 0.0, "Total Cost": 12.46, "Plan Rows": 1, "Plan Width": 4, "Filter": "((role)::text = 'writer'::text)"}, {"Node Type": "Index Scan", "Parent Relationship": "Inner", "Scan Direction": "Forward", "Index Name": "role_id_cast_info", "Relation Name": "cast_info", "Alias": "ci", "Startup Cost": 0.0, "Total Cost": 138442.61, "Plan Rows": 3296318, "Plan Width": 12, "Index Cond": "(role_id = rt.id), (LLVM Optimized)"}]}]}]}]}, {"Node Type": "Index Scan", "Parent Relationship": "Inner", "Scan Direction": "Forward", "Index Name": "person_id_aka_name", "Relation Name": "aka_name", "Alias": "a1", "Startup Cost": 0.0, "Total Cost": 68965.03, "Plan Rows": 901342, "Plan Width": 20}]}, {"Node Type": "Index Scan", "Parent Relationship": "Inner", "Scan Direction": "Forward", "Index Name": "title_pkey", "Relation Name": "title", "Alias": "t", "Startup Cost": 0.0, "Total Cost": 0.27, "Plan Rows": 1, "Plan Width": 21, "Index Cond": "(id = ci.movie_id)"}]}, {"Node Type": "Index Scan", "Parent Relationship": "Inner", "Scan Direction": "Forward", "Index Name": "name_pkey", "Relation Name": "name", "Alias": "n1", "Startup Cost": 0.0, "Total Cost": 0.28, "Plan Rows": 1, "Plan Width": 4, "Index Cond": "(id = ci.person_id)"}]}]}, "Unique SQL Id": 2457761703, "Planner Runtime": 39}, "explain_analyze_plan": null}, "(1, 22)": {"explain_plan": {"Plan": {"Node Type": "Aggregate", "Strategy": "Plain", "Startup Cost": 2392979.77, "Total Cost": 2392979.78, "Plan Rows": 1, "Plan Width": 97, "Plans": [{"Node Type": "Merge Join", "Parent Relationship": "Outer", "Join Type": "Inner", "Startup Cost": 2355249.79, "Total Cost": 2391194.28, "Plan Rows": 357098, "Plan Width": 33, "Inner Unique": true, "Merge Cond": "(a1.person_id = n1.id)", "Plans": [{"Node Type": "Merge Join", "Parent Relationship": "Outer", "Join Type": "Inner", "Startup Cost": 1803946.44, "Total Cost": 1814590.46, "Plan Rows": 357098, "Plan Width": 41, "Inner Unique": false, "Merge Cond": "(ci.person_id = a1.person_id)", "Plans": [{"Node Type": "Sort", "Parent Relationship": "Outer", "Startup Cost": 1694887.5, "Total Cost": 1696663.64, "Plan Rows": 710459, "Plan Width": 21, "Sort Key": ["ci.person_id"], "Plans": [{"Node Type": "Merge Join", "Parent Relationship": "Outer", "Join Type": "Inner", "Startup Cost": 1564728.72, "Total Cost": 1625836.59, "Plan Rows": 710459, "Plan Width": 21, "Inner Unique": true, "Merge Cond": "(ci.movie_id = t.id)", "Plans": [{"Node Type": "Merge Join", "Parent Relationship": "Outer", "Join Type": "Inner", "Startup Cost": 1235776.7, "Total Cost": 1275372.45, "Plan Rows": 711018, "Plan Width": 12, "Inner Unique": false, "Merge Cond": "(mc.movie_id = ci.movie_id)", "Plans": [{"Node Type": "Sort", "Parent Relationship": "Outer", "Startup Cost": 489151.99, "Total Cost": 492357.77, "Plan Rows": 1282311, "Plan Width": 4, "Sort Key": ["mc.movie_id"], "Plans": [{"Node Type": "Merge Join", "Parent Relationship": "Outer", "Join Type": "Inner", "Startup Cost": 333103.9, "Total Cost": 359059.52, "Plan Rows": 1282311, "Plan Width": 4, "Inner Unique": false, "Merge Cond": "(cn.id = mc.company_id)", "Plans": [{"Node Type": "Sort", "Parent Relationship": "Outer", "Startup Cost": 12878.05, "Total Cost": 13090.97, "Plan Rows": 85170, "Plan Width": 4, "Sort Key": ["cn.id"], "Plans": [{"Node Type": "Seq Scan", "Parent Relationship": "Outer", "Relation Name": "company_name", "Alias": "cn", "Startup Cost": 0.0, "Total Cost": 5903.45, "Plan Rows": 85170, "Plan Width": 4, "Filter": "((country_code)::text = '[us]'::text)"}]}, {"Node Type": "Sort", "Parent Relationship": "Inner", "Startup Cost": 319886.87, "Total Cost": 326409.69, "Plan Rows": 2609128, "Plan Width": 8, "Sort Key": ["mc.company_id"], "Plans": [{"Node Type": "Seq Scan", "Parent Relationship": "Outer", "Relation Name": "movie_companies", "Alias": "mc", "Startup Cost": 0.0, "Total Cost": 41817.28, "Plan Rows": 2609128, "Plan Width": 8}]}]}]}, {"Node Type": "Sort", "Parent Relationship": "Inner", "Startup Cost": 746624.39, "Total Cost": 754865.19, "Plan Rows": 3296318, "Plan Width": 8, "Sort Key": ["ci.movie_id"], "Plans": [{"Node Type": "Nested Loop", "Parent Relationship": "Outer", "Join Type": "Inner", "Startup Cost": 76306.71, "Total Cost": 389758.02, "Plan Rows": 3296318, "Plan Width": 8, "Inner Unique": false, "Plans": [{"Node Type": "Seq Scan", "Parent Relationship": "Outer", "Relation Name": "role_type", "Alias": "rt", "Startup Cost": 0.0, "Total Cost": 1.15, "Plan Rows": 1, "Plan Width": 4, "Filter": "((role)::text = 'writer'::text)"}, {"Node Type": "Bitmap Heap Scan", "Parent Relationship": "Inner", "Relation Name": "cast_info", "Alias": "ci", "Startup Cost": 76306.71, "Total Cost": 356793.69, "Plan Rows": 3296318, "Plan Width": 12, "Recheck Cond": "(role_id = rt.id), (LLVM Optimized)", "Plans": [{"Node Type": "Bitmap Index Scan", "Parent Relationship": "Outer", "Index Name": "role_id_cast_info", "Startup Cost": 0.0, "Total Cost": 75482.63, "Plan Rows": 3296318, "Plan Width": 0, "Index Cond": "(role_id = rt.id)"}]}]}]}]}, {"Node Type": "Sort", "Parent Relationship": "Inner", "Startup Cost": 328951.73, "Total Cost": 335272.51, "Plan Rows": 2528311, "Plan Width": 21, "Sort Key": ["t.id"], "Plans": [{"Node Type": "Seq Scan", "Parent Relationship": "Outer", "Relation Name": "title", "Alias": "t", "Startup Cost": 0.0, "Total Cost": 60069.11, "Plan Rows": 2528311, "Plan Width": 21}]}]}]}, {"Node Type": "Sort", "Parent Relationship": "Inner", "Startup Cost": 109058.87, "Total Cost": 111312.23, "Plan Rows": 901342, "Plan Width": 20, "Sort Key": ["a1.person_id"], "Plans": [{"Node Type": "Seq Scan", "Parent Relationship": "Outer", "Relation Name": "aka_name", "Alias": "a1", "Startup Cost": 0.0, "Total Cost": 19908.42, "Plan Rows": 901342, "Plan Width": 20}]}]}, {"Node Type": "Sort", "Parent Relationship": "Inner", "Startup Cost": 551303.0, "Total Cost": 561721.72, "Plan Rows": 4167490, "Plan Width": 4, "Sort Key": ["n1.id"], "Plans": [{"Node Type": "Seq Scan", "Parent Relationship": "Outer", "Relation Name": "name", "Alias": "n1", "Startup Cost": 0.0, "Total Cost": 93071.9, "Plan Rows": 4167490, "Plan Width": 4}]}]}]}, "Unique SQL Id": 2457761703, "Planner Runtime": 38}, "explain_analyze_plan": {"Plan": {"Node Type": "Aggregate", "Strategy": "Plain", "Startup Cost": 2392979.77, "Total Cost": 2392979.78, "Plan Rows": 1, "Plan Width": 97, "Actual Startup Time": 19390.482, "Actual Total Time": 19390.482, "Actual Rows": 1, "Actual Loops": 1, "Plans": [{"Node Type": "Merge Join", "Parent Relationship": "Outer", "Join Type": "Inner", "Startup Cost": 2355249.79, "Total Cost": 2391194.28, "Plan Rows": 357098, "Plan Width": 33, "Actual Startup Time": 14821.804, "Actual Total Time": 18157.819, "Actual Rows": 2487611, "Actual Loops": 1, "Inner Unique": true, "Merge Cond": "(a1.person_id = n1.id)", "Plans": [{"Node Type": "Merge Join", "Parent Relationship": "Outer", "Join Type": "Inner", "Startup Cost": 1803946.44, "Total Cost": 1814590.46, "Plan Rows": 357098, "Plan Width": 41, "Actual Startup Time": 12016.356, "Actual Total Time": 13812.722, "Actual Rows": 2487611, "Actual Loops": 1, "Inner Unique": false, "Merge Cond": "(ci.person_id = a1.person_id)", "Plans": [{"Node Type": "Sort", "Parent Relationship": "Outer", "Startup Cost": 1694887.5, "Total Cost": 1696663.64, "Plan Rows": 710459, "Plan Width": 21, "Actual Startup Time": 11390.335, "Actual Total Time": 11868.405, "Actual Rows": 1970658, "Actual Loops": 1, "Sort Key": ["ci.person_id"], "Sort Method": "quicksort", "Sort Space Used": 240236, "Sort Space Type": "Memory", "Plans": [{"Node Type": "Merge Join", "Parent Relationship": "Outer", "Join Type": "Inner", "Startup Cost": 1564728.72, "Total Cost": 1625836.59, "Plan Rows": 710459, "Plan Width": 21, "Actual Startup Time": 7557.401, "Actual Total Time": 10688.396, "Actual Rows": 1970658, "Actual Loops": 1, "Inner Unique": true, "Merge Cond": "(ci.movie_id = t.id)", "Plans": [{"Node Type": "Merge Join", "Parent Relationship": "Outer", "Join Type": "Inner", "Startup Cost": 1235776.7, "Total Cost": 1275372.45, "Plan Rows": 711018, "Plan Width": 12, "Actual Startup Time": 5735.437, "Actual Total Time": 7465.464, "Actual Rows": 1970658, "Actual Loops": 1, "Inner Unique": false, "Merge Cond": "(mc.movie_id = ci.movie_id)", "Plans": [{"Node Type": "Sort", "Parent Relationship": "Outer", "Startup Cost": 489151.99, "Total Cost": 492357.77, "Plan Rows": 1282311, "Plan Width": 4, "Actual Startup Time": 3174.852, "Actual Total Time": 3408.436, "Actual Rows": 1153797, "Actual Loops": 1, "Sort Key": ["mc.movie_id"], "Sort Method": "quicksort", "Sort Space Used": 121265, "Sort Space Type": "Memory", "Plans": [{"Node Type": "Merge Join", "Parent Relationship": "Outer", "Join Type": "Inner", "Startup Cost": 333103.9, "Total Cost": 359059.52, "Plan Rows": 1282311, "Plan Width": 4, "Actual Startup Time": 1702.826, "Actual Total Time": 2761.189, "Actual Rows": 1153797, "Actual Loops": 1, "Inner Unique": false, "Merge Cond": "(cn.id = mc.company_id)", "Plans": [{"Node Type": "Sort", "Parent Relationship": "Outer", "Startup Cost": 12878.05, "Total Cost": 13090.97, "Plan Rows": 85170, "Plan Width": 4, "Actual Startup Time": 119.702, "Actual Total Time": 137.949, "Actual Rows": 84843, "Actual Loops": 1, "Sort Key": ["cn.id"], "Sort Method": "quicksort", "Sort Space Used": 8375, "Sort Space Type": "Memory", "Plans": [{"Node Type": "Seq Scan", "Parent Relationship": "Outer", "Relation Name": "company_name", "Alias": "cn", "Startup Cost": 0.0, "Total Cost": 5903.45, "Plan Rows": 85170, "Plan Width": 4, "Actual Startup Time": 0.028, "Actual Total Time": 88.887, "Actual Rows": 84843, "Actual Loops": 1, "Filter": "((country_code)::text = '[us]'::text)", "Rows Removed by Filter": 150153}]}, {"Node Type": "Sort", "Parent Relationship": "Inner", "Startup Cost": 319886.87, "Total Cost": 326409.69, "Plan Rows": 2609128, "Plan Width": 8, "Actual Startup Time": 1583.108, "Actual Total Time": 2115.893, "Actual Rows": 2609128, "Actual Loops": 1, "Sort Key": ["mc.company_id"], "Sort Method": "quicksort", "Sort Space Used": 261375, "Sort Space Type": "Memory", "Plans": [{"Node Type": "Seq Scan", "Parent Relationship": "Outer", "Relation Name": "movie_companies", "Alias": "mc", "Startup Cost": 0.0, "Total Cost": 41817.28, "Plan Rows": 2609128, "Plan Width": 8, "Actual Startup Time": 0.043, "Actual Total Time": 707.462, "Actual Rows": 2609128, "Actual Loops": 1}]}]}]}, {"Node Type": "Sort", "Parent Relationship": "Inner", "Startup Cost": 746624.39, "Total Cost": 754865.19, "Plan Rows": 3296318, "Plan Width": 8, "Actual Startup Time": 2560.541, "Actual Total Time": 3124.908, "Actual Rows": 3863824, "Actual Loops": 1, "Sort Key": ["ci.movie_id"], "Sort Method": "quicksort", "Sort Space Used": 268863, "Sort Space Type": "Memory", "Plans": [{"Node Type": "Nested Loop", "Parent Relationship": "Outer", "Join Type": "Inner", "Startup Cost": 76306.71, "Total Cost": 389758.02, "Plan Rows": 3296318, "Plan Width": 8, "Actual Startup Time": 341.733, "Actual Total Time": 1604.125, "Actual Rows": 2728943, "Actual Loops": 1, "Inner Unique": false, "Plans": [{"Node Type": "Seq Scan", "Parent Relationship": "Outer", "Relation Name": "role_type", "Alias": "rt", "Startup Cost": 0.0, "Total Cost": 1.15, "Plan Rows": 1, "Plan Width": 4, "Actual Startup Time": 0.054, "Actual Total Time": 0.078, "Actual Rows": 1, "Actual Loops": 1, "Filter": "((role)::text = 'writer'::text)", "Rows Removed by Filter": 11}, {"Node Type": "Bitmap Heap Scan", "Parent Relationship": "Inner", "Relation Name": "cast_info", "Alias": "ci", "Startup Cost": 76306.71, "Total Cost": 356793.69, "Plan Rows": 3296318, "Plan Width": 12, "Actual Startup Time": 341.658, "Actual Total Time": 1131.254, "Actual Rows": 2728943, "Actual Loops": 1, "Recheck Cond": "(role_id = rt.id), (LLVM Optimized, Jit Execute)", "Rows Removed by Index Recheck": 0, "Exact Heap Blocks": 19177, "Lossy Heap Blocks": 19177, "Plans": [{"Node Type": "Bitmap Index Scan", "Parent Relationship": "Outer", "Index Name": "role_id_cast_info", "Startup Cost": 0.0, "Total Cost": 75482.63, "Plan Rows": 3296318, "Plan Width": 0, "Actual Startup Time": 337.319, "Actual Total Time": 337.319, "Actual Rows": 2728943, "Actual Loops": 1, "Index Cond": "(role_id = rt.id)"}]}]}]}]}, {"Node Type": "Sort", "Parent Relationship": "Inner", "Startup Cost": 328951.73, "Total Cost": 335272.51, "Plan Rows": 2528311, "Plan Width": 21, "Actual Startup Time": 1821.928, "Actual Total Time": 2299.134, "Actual Rows": 2525743, "Actual Loops": 1, "Sort Key": ["t.id"], "Sort Method": "quicksort", "Sort Space Used": 344074, "Sort Space Type": "Memory", "Plans": [{"Node Type": "Seq Scan", "Parent Relationship": "Outer", "Relation Name": "title", "Alias": "t", "Startup Cost": 0.0, "Total Cost": 60069.11, "Plan Rows": 2528311, "Plan Width": 21, "Actual Startup Time": 0.048, "Actual Total Time": 753.592, "Actual Rows": 2528311, "Actual Loops": 1}]}]}]}, {"Node Type": "Sort", "Parent Relationship": "Inner", "Startup Cost": 109058.87, "Total Cost": 111312.23, "Plan Rows": 901342, "Plan Width": 20, "Actual Startup Time": 625.927, "Actual Total Time": 918.048, "Actual Rows": 3063953, "Actual Loops": 1, "Sort Key": ["a1.person_id"], "Sort Method": "quicksort", "Sort Space Used": 109040, "Sort Space Type": "Memory", "Plans": [{"Node Type": "Seq Scan", "Parent Relationship": "Outer", "Relation Name": "aka_name", "Alias": "a1", "Startup Cost": 0.0, "Total Cost": 19908.42, "Plan Rows": 901342, "Plan Width": 20, "Actual Startup Time": 0.059, "Actual Total Time": 262.213, "Actual Rows": 901342, "Actual Loops": 1}]}]}, {"Node Type": "Sort", "Parent Relationship": "Inner", "Startup Cost": 551303.0, "Total Cost": 561721.72, "Plan Rows": 4167490, "Plan Width": 4, "Actual Startup Time": 2805.417, "Actual Total Time": 3337.729, "Actual Rows": 3228264, "Actual Loops": 1, "Sort Key": ["n1.id"], "Sort Method": "quicksort", "Sort Space Used": 358773, "Sort Space Type": "Memory", "Plans": [{"Node Type": "Seq Scan", "Parent Relationship": "Outer", "Relation Name": "name", "Alias": "n1", "Startup Cost": 0.0, "Total Cost": 93071.9, "Plan Rows": 4167490, "Plan Width": 4, "Actual Startup Time": 0.039, "Actual Total Time": 1240.636, "Actual Rows": 4167490, "Actual Loops": 1}]}]}]}, "Triggers": [], "Planner Runtime": 37, "Total Runtime": 19400.242, "Unique SQL Id": 2457761703}}, "(1, 23)": {"explain_plan": {"Plan": {"Node Type": "Aggregate", "Strategy": "Plain", "Startup Cost": 1000069787565.86, "Total Cost": 1000069787565.87, "Plan Rows": 1, "Plan Width": 97, "Plans": [{"Node Type": "Nested Loop", "Parent Relationship": "Outer", "Join Type": "Inner", "Startup Cost": 10000000001.8, "Total Cost": 1000069785780.37, "Plan Rows": 357098, "Plan Width": 33, "Inner Unique": true, "Plans": [{"Node Type": "Nested Loop", "Parent Relationship": "Outer", "Join Type": "Inner", "Startup Cost": 10000000001.54, "Total Cost": 1000068255744.11, "Plan Rows": 357379, "Plan Width": 24, "Inner Unique": true, "Join Filter": "(a1.person_id = n1.id), (LLVM Optimized)", "Plans": [{"Node Type": "Nested Loop", "Parent Relationship": "Outer", "Join Type": "Inner", "Startup Cost": 10000000001.28, "Total Cost": 1000066724564.96, "Plan Rows": 357379, "Plan Width": 32, "Inner Unique": false, "Plans": [{"Node Type": "Nested Loop", "Parent Relationship": "Outer", "Join Type": "Inner", "Startup Cost": 10000000001.03, "Total Cost": 1000063680996.82, "Plan Rows": 711018, "Plan Width": 12, "Inner Unique": true, "Plans": [{"Node Type": "Nested Loop", "Parent Relationship": "Outer", "Join Type": "Inner", "Startup Cost": 10000000000.77, "Total Cost": 1000030184746.51, "Plan Rows": 7821201, "Plan Width": 16, "Inner Unique": false, "Plans": [{"Node Type": "Nested Loop", "Parent Relationship": "Outer", "Join Type": "Inner", "Startup Cost": 10000000000.26, "Total Cost": 1000024227793.07, "Plan Rows": 1282311, "Plan Width": 4, "Inner Unique": true, "Plans": [{"Node Type": "Index Scan", "Parent Relationship": "Outer", "Scan Direction": "Forward", "Index Name": "movie_id_movie_companies", "Relation Name": "movie_companies", "Alias": "mc", "Startup Cost": 10000000000.0, "Total Cost": 1000013051946.13, "Plan Rows": 2609128, "Plan Width": 8}, {"Node Type": "Bitmap Heap Scan", "Parent Relationship": "Inner", "Relation Name": "company_name", "Alias": "cn", "Startup Cost": 0.26, "Total Cost": 4.27, "Plan Rows": 1, "Plan Width": 4, "Recheck Cond": "(id = mc.company_id)", "Filter": "((country_code)::text = '[us]'::text)", "Plans": [{"Node Type": "Bitmap Index Scan", "Parent Relationship": "Outer", "Index Name": "company_name_pkey", "Startup Cost": 0.0, "Total Cost": 0.26, "Plan Rows": 1, "Plan Width": 0, "Index Cond": "(id = mc.company_id)"}]}]}, {"Node Type": "Bitmap Heap Scan", "Parent Relationship": "Inner", "Relation Name": "cast_info", "Alias": "ci", "Startup Cost": 0.51, "Total Cost": 4.59, "Plan Rows": 6, "Plan Width": 12, "Recheck Cond": "(movie_id = mc.movie_id)", "Plans": [{"Node Type": "Bitmap Index Scan", "Parent Relationship": "Outer", "Index Name": "movie_id_cast_info", "Startup Cost": 0.0, "Total Cost": 0.51, "Plan Rows": 6, "Plan Width": 0, "Index Cond": "(movie_id = mc.movie_id)"}]}]}, {"Node Type": "Bitmap Heap Scan", "Parent Relationship": "Inner", "Relation Name": "role_type", "Alias": "rt", "Startup Cost": 0.26, "Total Cost": 4.27, "Plan Rows": 1, "Plan Width": 4, "Recheck Cond": "(id = ci.role_id)", "Filter": "((role)::text = 'writer'::text)", "Plans": [{"Node Type": "Bitmap Index Scan", "Parent Relationship": "Outer", "Index Name": "role_type_pkey", "Startup Cost": 0.0, "Total Cost": 0.26, "Plan Rows": 1, "Plan Width": 0, "Index Cond": "(id = ci.role_id)"}]}]}, {"Node Type": "Bitmap Heap Scan", "Parent Relationship": "Inner", "Relation Name": "aka_name", "Alias": "a1", "Startup Cost": 0.26, "Total Cost": 4.27, "Plan Rows": 1, "Plan Width": 20, "Recheck Cond": "(person_id = ci.person_id)", "Plans": [{"Node Type": "Bitmap Index Scan", "Parent Relationship": "Outer", "Index Name": "person_id_aka_name", "Startup Cost": 0.0, "Total Cost": 0.26, "Plan Rows": 1, "Plan Width": 0, "Index Cond": "(person_id = ci.person_id)"}]}]}, {"Node Type": "Bitmap Heap Scan", "Parent Relationship": "Inner", "Relation Name": "name", "Alias": "n1", "Startup Cost": 0.26, "Total Cost": 4.27, "Plan Rows": 1, "Plan Width": 4, "Recheck Cond": "(id = ci.person_id)", "Plans": [{"Node Type": "Bitmap Index Scan", "Parent Relationship": "Outer", "Index Name": "name_pkey", "Startup Cost": 0.0, "Total Cost": 0.26, "Plan Rows": 1, "Plan Width": 0, "Index Cond": "(id = ci.person_id)"}]}]}, {"Node Type": "Bitmap Heap Scan", "Parent Relationship": "Inner", "Relation Name": "title", "Alias": "t", "Startup Cost": 0.26, "Total Cost": 4.27, "Plan Rows": 1, "Plan Width": 21, "Recheck Cond": "(id = ci.movie_id)", "Plans": [{"Node Type": "Bitmap Index Scan", "Parent Relationship": "Outer", "Index Name": "title_pkey", "Startup Cost": 0.0, "Total Cost": 0.26, "Plan Rows": 1, "Plan Width": 0, "Index Cond": "(id = ci.movie_id)"}]}]}]}, "Unique SQL Id": 2457761703, "Planner Runtime": 6}, "explain_analyze_plan": null}, "(1, 24)": {"explain_plan": {"Plan": {"Node Type": "Aggregate", "Strategy": "Plain", "Startup Cost": 1194615.66, "Total Cost": 1194615.67, "Plan Rows": 1, "Plan Width": 97, "Plans": [{"Node Type": "Nested Loop", "Parent Relationship": "Outer", "Join Type": "Inner", "Startup Cost": 920804.93, "Total Cost": 1192830.17, "Plan Rows": 357098, "Plan Width": 33, "Inner Unique": true, "Join Filter": "(a1.person_id = n1.id), (LLVM Optimized)", "Plans": [{"Node Type": "Nested Loop", "Parent Relationship": "Outer", "Join Type": "Inner", "Startup Cost": 920804.93, "Total Cost": 1091336.23, "Plan Rows": 357098, "Plan Width": 41, "Inner Unique": true, "Plans": [{"Node Type": "Merge Join", "Parent Relationship": "Outer", "Join Type": "Inner", "Startup Cost": 920804.93, "Total Cost": 989533.89, "Plan Rows": 357379, "Plan Width": 32, "Inner Unique": false, "Merge Cond": "(a1.person_id = ci.person_id)", "Plans": [{"Node Type": "Index Scan", "Parent Relationship": "Outer", "Scan Direction": "Forward", "Index Name": "person_id_aka_name", "Relation Name": "aka_name", "Alias": "a1", "Startup Cost": 0.0, "Total Cost": 68965.03, "Plan Rows": 901342, "Plan Width": 20}, {"Node Type": "Sort", "Parent Relationship": "Inner", "Startup Cost": 920804.86, "Total Cost": 922582.4, "Plan Rows": 711018, "Plan Width": 12, "Sort Key": ["ci.person_id"], "Plans": [{"Node Type": "Merge Join", "Parent Relationship": "Outer", "Join Type": "Inner", "Startup Cost": 812099.84, "Total Cost": 851695.59, "Plan Rows": 711018, "Plan Width": 12, "Inner Unique": false, "Merge Cond": "(mc.movie_id = ci.movie_id)", "Plans": [{"Node Type": "Sort", "Parent Relationship": "Outer", "Startup Cost": 283826.21, "Total Cost": 287031.99, "Plan Rows": 1282311, "Plan Width": 4, "Sort Key": ["mc.movie_id"], "Plans": [{"Node Type": "Merge Join", "Parent Relationship": "Outer", "Join Type": "Inner", "Startup Cost": 3383.04, "Total Cost": 153733.74, "Plan Rows": 1282311, "Plan Width": 4, "Inner Unique": false, "Merge Cond": "(cn.id = mc.company_id)", "Plans": [{"Node Type": "Index Scan", "Parent Relationship": "Outer", "Scan Direction": "Forward", "Index Name": "company_name_pkey", "Relation Name": "company_name", "Alias": "cn", "Startup Cost": 0.0, "Total Cost": 10501.39, "Plan Rows": 85170, "Plan Width": 4, "Filter": "((country_code)::text = '[us]'::text)"}, {"Node Type": "Index Scan", "Parent Relationship": "Inner", "Scan Direction": "Forward", "Index Name": "company_id_movie_companies", "Relation Name": "movie_companies", "Alias": "mc", "Startup Cost": 0.0, "Total Cost": 123673.5, "Plan Rows": 2609128, "Plan Width": 8}]}]}, {"Node Type": "Sort", "Parent Relationship": "Inner", "Startup Cost": 528273.31, "Total Cost": 536514.11, "Plan Rows": 3296318, "Plan Width": 8, "Sort Key": ["ci.movie_id"], "Plans": [{"Node Type": "Nested Loop", "Parent Relationship": "Outer", "Join Type": "Inner", "Startup Cost": 0.0, "Total Cost": 171406.94, "Plan Rows": 3296318, "Plan Width": 8, "Inner Unique": false, "Plans": [{"Node Type": "Seq Scan", "Parent Relationship": "Outer", "Relation Name": "role_type", "Alias": "rt", "Startup Cost": 0.0, "Total Cost": 1.15, "Plan Rows": 1, "Plan Width": 4, "Filter": "((role)::text = 'writer'::text)"}, {"Node Type": "Index Scan", "Parent Relationship": "Inner", "Scan Direction": "Forward", "Index Name": "role_id_cast_info", "Relation Name": "cast_info", "Alias": "ci", "Startup Cost": 0.0, "Total Cost": 138442.61, "Plan Rows": 3296318, "Plan Width": 12, "Index Cond": "(role_id = rt.id), (LLVM Optimized)"}]}]}]}]}]}, {"Node Type": "Index Scan", "Parent Relationship": "Inner", "Scan Direction": "Forward", "Index Name": "title_pkey", "Relation Name": "title", "Alias": "t", "Startup Cost": 0.0, "Total Cost": 0.27, "Plan Rows": 1, "Plan Width": 21, "Index Cond": "(id = ci.movie_id)"}]}, {"Node Type": "Index Only Scan", "Parent Relationship": "Inner", "Scan Direction": "Forward", "Index Name": "name_pkey", "Relation Name": "name", "Alias": "n1", "Startup Cost": 0.0, "Total Cost": 0.27, "Plan Rows": 1, "Plan Width": 4, "Index Cond": "(id = ci.person_id)"}]}]}, "Unique SQL Id": 2457761703, "Planner Runtime": 41}, "explain_analyze_plan": null}, "(1, 25)": {"explain_plan": {"Plan": {"Node Type": "Aggregate", "Strategy": "Plain", "Startup Cost": 1194626.97, "Total Cost": 1194626.98, "Plan Rows": 1, "Plan Width": 97, "Plans": [{"Node Type": "Nested Loop", "Parent Relationship": "Outer", "Join Type": "Inner", "Startup Cost": 920816.24, "Total Cost": 1192841.48, "Plan Rows": 357098, "Plan Width": 33, "Inner Unique": true, "Join Filter": "(a1.person_id = n1.id), (LLVM Optimized)", "Plans": [{"Node Type": "Nested Loop", "Parent Relationship": "Outer", "Join Type": "Inner", "Startup Cost": 920816.24, "Total Cost": 1091347.54, "Plan Rows": 357098, "Plan Width": 41, "Inner Unique": true, "Plans": [{"Node Type": "Merge Join", "Parent Relationship": "Outer", "Join Type": "Inner", "Startup Cost": 920816.24, "Total Cost": 989545.2, "Plan Rows": 357379, "Plan Width": 32, "Inner Unique": false, "Merge Cond": "(ci.person_id = a1.person_id)", "Plans": [{"Node Type": "Sort", "Parent Relationship": "Outer", "Startup Cost": 920816.17, "Total Cost": 922593.71, "Plan Rows": 711018, "Plan Width": 12, "Sort Key": ["ci.person_id"], "Plans": [{"Node Type": "Merge Join", "Parent Relationship": "Outer", "Join Type": "Inner", "Startup Cost": 812111.15, "Total Cost": 851706.9, "Plan Rows": 711018, "Plan Width": 12, "Inner Unique": false, "Merge Cond": "(mc.movie_id = ci.movie_id)", "Plans": [{"Node Type": "Sort", "Parent Relationship": "Outer", "Startup Cost": 283826.21, "Total Cost": 287031.99, "Plan Rows": 1282311, "Plan Width": 4, "Sort Key": ["mc.movie_id"], "Plans": [{"Node Type": "Merge Join", "Parent Relationship": "Outer", "Join Type": "Inner", "Startup Cost": 3383.04, "Total Cost": 153733.74, "Plan Rows": 1282311, "Plan Width": 4, "Inner Unique": false, "Merge Cond": "(cn.id = mc.company_id)", "Plans": [{"Node Type": "Index Scan", "Parent Relationship": "Outer", "Scan Direction": "Forward", "Index Name": "company_name_pkey", "Relation Name": "company_name", "Alias": "cn", "Startup Cost": 0.0, "Total Cost": 10501.39, "Plan Rows": 85170, "Plan Width": 4, "Filter": "((country_code)::text = '[us]'::text)"}, {"Node Type": "Index Scan", "Parent Relationship": "Inner", "Scan Direction": "Forward", "Index Name": "company_id_movie_companies", "Relation Name": "movie_companies", "Alias": "mc", "Startup Cost": 0.0, "Total Cost": 123673.5, "Plan Rows": 2609128, "Plan Width": 8}]}]}, {"Node Type": "Sort", "Parent Relationship": "Inner", "Startup Cost": 528284.62, "Total Cost": 536525.42, "Plan Rows": 3296318, "Plan Width": 8, "Sort Key": ["ci.movie_id"], "Plans": [{"Node Type": "Nested Loop", "Parent Relationship": "Outer", "Join Type": "Inner", "Startup Cost": 0.0, "Total Cost": 171418.25, "Plan Rows": 3296318, "Plan Width": 8, "Inner Unique": false, "Plans": [{"Node Type": "Index Scan", "Parent Relationship": "Outer", "Scan Direction": "Forward", "Index Name": "role_type_pkey", "Relation Name": "role_type", "Alias": "rt", "Startup Cost": 0.0, "Total Cost": 12.46, "Plan Rows": 1, "Plan Width": 4, "Filter": "((role)::text = 'writer'::text)"}, {"Node Type": "Index Scan", "Parent Relationship": "Inner", "Scan Direction": "Forward", "Index Name": "role_id_cast_info", "Relation Name": "cast_info", "Alias": "ci", "Startup Cost": 0.0, "Total Cost": 138442.61, "Plan Rows": 3296318, "Plan Width": 12, "Index Cond": "(role_id = rt.id), (LLVM Optimized)"}]}]}]}]}, {"Node Type": "Index Scan", "Parent Relationship": "Inner", "Scan Direction": "Forward", "Index Name": "person_id_aka_name", "Relation Name": "aka_name", "Alias": "a1", "Startup Cost": 0.0, "Total Cost": 68965.03, "Plan Rows": 901342, "Plan Width": 20}]}, {"Node Type": "Index Scan", "Parent Relationship": "Inner", "Scan Direction": "Forward", "Index Name": "title_pkey", "Relation Name": "title", "Alias": "t", "Startup Cost": 0.0, "Total Cost": 0.27, "Plan Rows": 1, "Plan Width": 21, "Index Cond": "(id = ci.movie_id)"}]}, {"Node Type": "Index Only Scan", "Parent Relationship": "Inner", "Scan Direction": "Forward", "Index Name": "name_pkey", "Relation Name": "name", "Alias": "n1", "Startup Cost": 0.0, "Total Cost": 0.27, "Plan Rows": 1, "Plan Width": 4, "Index Cond": "(id = ci.person_id)"}]}]}, "Unique SQL Id": 2457761703, "Planner Runtime": 39}, "explain_analyze_plan": null}, "(1, 26)": {"explain_plan": {"Plan": {"Node Type": "Aggregate", "Strategy": "Plain", "Startup Cost": 3058344.51, "Total Cost": 3058344.52, "Plan Rows": 1, "Plan Width": 97, "Plans": [{"Node Type": "Merge Join", "Parent Relationship": "Outer", "Join Type": "Inner", "Startup Cost": 3020614.54, "Total Cost": 3056559.02, "Plan Rows": 357098, "Plan Width": 33, "Inner Unique": true, "Merge Cond": "(a1.person_id = n1.id)", "Plans": [{"Node Type": "Merge Join", "Parent Relationship": "Outer", "Join Type": "Inner", "Startup Cost": 2469311.18, "Total Cost": 2479955.2, "Plan Rows": 357098, "Plan Width": 41, "Inner Unique": false, "Merge Cond": "(ci.person_id = a1.person_id)", "Plans": [{"Node Type": "Sort", "Parent Relationship": "Outer", "Startup Cost": 2360252.24, "Total Cost": 2362028.39, "Plan Rows": 710459, "Plan Width": 21, "Sort Key": ["ci.person_id"], "Plans": [{"Node Type": "Merge Join", "Parent Relationship": "Outer", "Join Type": "Inner", "Startup Cost": 2230093.47, "Total Cost": 2291201.34, "Plan Rows": 710459, "Plan Width": 21, "Inner Unique": true, "Merge Cond": "(ci.movie_id = t.id)", "Plans": [{"Node Type": "Merge Join", "Parent Relationship": "Outer", "Join Type": "Inner", "Startup Cost": 1901141.44, "Total Cost": 1940737.19, "Plan Rows": 711018, "Plan Width": 12, "Inner Unique": false, "Merge Cond": "(mc.movie_id = ci.movie_id)", "Plans": [{"Node Type": "Sort", "Parent Relationship": "Outer", "Startup Cost": 489151.99, "Total Cost": 492357.77, "Plan Rows": 1282311, "Plan Width": 4, "Sort Key": ["mc.movie_id"], "Plans": [{"Node Type": "Merge Join", "Parent Relationship": "Outer", "Join Type": "Inner", "Startup Cost": 333103.9, "Total Cost": 359059.52, "Plan Rows": 1282311, "Plan Width": 4, "Inner Unique": false, "Merge Cond": "(cn.id = mc.company_id)", "Plans": [{"Node Type": "Sort", "Parent Relationship": "Outer", "Startup Cost": 12878.05, "Total Cost": 13090.97, "Plan Rows": 85170, "Plan Width": 4, "Sort Key": ["cn.id"], "Plans": [{"Node Type": "Seq Scan", "Parent Relationship": "Outer", "Relation Name": "company_name", "Alias": "cn", "Startup Cost": 0.0, "Total Cost": 5903.45, "Plan Rows": 85170, "Plan Width": 4, "Filter": "((country_code)::text = '[us]'::text)"}]}, {"Node Type": "Sort", "Parent Relationship": "Inner", "Startup Cost": 319886.87, "Total Cost": 326409.69, "Plan Rows": 2609128, "Plan Width": 8, "Sort Key": ["mc.company_id"], "Plans": [{"Node Type": "Seq Scan", "Parent Relationship": "Outer", "Relation Name": "movie_companies", "Alias": "mc", "Startup Cost": 0.0, "Total Cost": 41817.28, "Plan Rows": 2609128, "Plan Width": 8}]}]}]}, {"Node Type": "Sort", "Parent Relationship": "Inner", "Startup Cost": 1411989.14, "Total Cost": 1420229.93, "Plan Rows": 3296318, "Plan Width": 8, "Sort Key": ["ci.movie_id"], "Plans": [{"Node Type": "Nested Loop", "Parent Relationship": "Outer", "Join Type": "Inner", "Startup Cost": 0.0, "Total Cost": 1055122.77, "Plan Rows": 3296318, "Plan Width": 8, "Inner Unique": false, "Join Filter": "(ci.role_id = rt.id), (LLVM Optimized)", "Plans": [{"Node Type": "Seq Scan", "Parent Relationship": "Outer", "Relation Name": "role_type", "Alias": "rt", "Startup Cost": 0.0, "Total Cost": 1.15, "Plan Rows": 1, "Plan Width": 4, "Filter": "((role)::text = 'writer'::text)"}, {"Node Type": "Seq Scan", "Parent Relationship": "Inner", "Relation Name": "cast_info", "Alias": "ci", "Startup Cost": 0.0, "Total Cost": 601877.94, "Plan Rows": 36259494, "Plan Width": 12}]}]}]}, {"Node Type": "Sort", "Parent Relationship": "Inner", "Startup Cost": 328951.73, "Total Cost": 335272.51, "Plan Rows": 2528311, "Plan Width": 21, "Sort Key": ["t.id"], "Plans": [{"Node Type": "Seq Scan", "Parent Relationship": "Outer", "Relation Name": "title", "Alias": "t", "Startup Cost": 0.0, "Total Cost": 60069.11, "Plan Rows": 2528311, "Plan Width": 21}]}]}]}, {"Node Type": "Sort", "Parent Relationship": "Inner", "Startup Cost": 109058.87, "Total Cost": 111312.23, "Plan Rows": 901342, "Plan Width": 20, "Sort Key": ["a1.person_id"], "Plans": [{"Node Type": "Seq Scan", "Parent Relationship": "Outer", "Relation Name": "aka_name", "Alias": "a1", "Startup Cost": 0.0, "Total Cost": 19908.42, "Plan Rows": 901342, "Plan Width": 20}]}]}, {"Node Type": "Sort", "Parent Relationship": "Inner", "Startup Cost": 551303.0, "Total Cost": 561721.72, "Plan Rows": 4167490, "Plan Width": 4, "Sort Key": ["n1.id"], "Plans": [{"Node Type": "Seq Scan", "Parent Relationship": "Outer", "Relation Name": "name", "Alias": "n1", "Startup Cost": 0.0, "Total Cost": 93071.9, "Plan Rows": 4167490, "Plan Width": 4}]}]}]}, "Unique SQL Id": 2457761703, "Planner Runtime": 38}, "explain_analyze_plan": null}, "(1, 27)": {"explain_plan": {"Plan": {"Node Type": "Aggregate", "Strategy": "Plain", "Startup Cost": 6752833214283.18, "Total Cost": 6752833214283.19, "Plan Rows": 1, "Plan Width": 97, "Plans": [{"Node Type": "Nested Loop", "Parent Relationship": "Outer", "Join Type": "Inner", "Startup Cost": 70071825122.57, "Total Cost": 6752833212497.69, "Plan Rows": 357098, "Plan Width": 33, "Inner Unique": false, "Join Filter": "(t.id = ci.movie_id), (LLVM Optimized)", "Plans": [{"Node Type": "Merge Join", "Parent Relationship": "Outer", "Join Type": "Inner", "Startup Cost": 30021927926.2, "Total Cost": 3002409653794.57, "Plan Rows": 1282311, "Plan Width": 25, "Inner Unique": true, "Merge Cond": "(mc.movie_id = t.id)", "Plans": [{"Node Type": "Nested Loop", "Parent Relationship": "Outer", "Join Type": "Inner", "Startup Cost": 20000000000.0, "Total Cost": 2003347393774.42, "Plan Rows": 1282311, "Plan Width": 4, "Inner Unique": true, "Join Filter": "(cn.id = mc.company_id), (LLVM Optimized)", "Plans": [{"Node Type": "Index Scan", "Parent Relationship": "Outer", "Scan Direction": "Forward", "Index Name": "movie_id_movie_companies", "Relation Name": "movie_companies", "Alias": "mc", "Startup Cost": 10000000000.0, "Total Cost": 1000013051946.13, "Plan Rows": 2609128, "Plan Width": 8}, {"Node Type": "Materialize", "Parent Relationship": "Inner", "Startup Cost": 10000000000.0, "Total Cost": 1000001050564.82, "Plan Rows": 85170, "Plan Width": 4, "Plans": [{"Node Type": "Index Scan", "Parent Relationship": "Outer", "Scan Direction": "Forward", "Index Name": "company_name_pkey", "Relation Name": "company_name", "Alias": "cn", "Startup Cost": 10000000000.0, "Total Cost": 1000001050138.97, "Plan Rows": 85170, "Plan Width": 4, "Filter": "((country_code)::text = '[us]'::text)"}]}]}, {"Node Type": "Index Scan", "Parent Relationship": "Inner", "Scan Direction": "Forward", "Index Name": "title_pkey", "Relation Name": "title", "Alias": "t", "Startup Cost": 10000000000.0, "Total Cost": 1000011012048.91, "Plan Rows": 2528311, "Plan Width": 21}]}, {"Node Type": "Materialize", "Parent Relationship": "Inner", "Startup Cost": 40049897196.36, "Total Cost": 3721868009571.57, "Plan Rows": 1484588, "Plan Width": 20, "Plans": [{"Node Type": "Nested Loop", "Parent Relationship": "Outer", "Join Type": "Inner", "Startup Cost": 40049897196.36, "Total Cost": 3721868002148.63, "Plan Rows": 1484588, "Plan Width": 20, "Inner Unique": false, "Join Filter": "(ci.role_id = rt.id), (LLVM Optimized)", "Plans": [{"Node Type": "Index Scan", "Parent Relationship": "Outer", "Scan Direction": "Forward", "Index Name": "role_type_pkey", "Relation Name": "role_type", "Alias": "rt", "Startup Cost": 10000000000.0, "Total Cost": 1000000001246.0, "Plan Rows": 1, "Plan Width": 4, "Filter": "((role)::text = 'writer'::text)"}, {"Node Type": "Merge Join", "Parent Relationship": "Inner", "Join Type": "Inner", "Startup Cost": 30049897196.36, "Total Cost": 2721867796771.75, "Plan Rows": 16330470, "Plan Width": 24, "Inner Unique": false, "Merge Cond": "(a1.person_id = ci.person_id)", "Plans": [{"Node Type": "Merge Join", "Parent Relationship": "Outer", "Join Type": "Inner", "Startup Cost": 20030754356.47, "Total Cost": 2000002534968.85, "Plan Rows": 901342, "Plan Width": 24, "Inner Unique": true, "Merge Cond": "(a1.person_id = n1.id)", "Plans": [{"Node Type": "Index Scan", "Parent Relationship": "Outer", "Scan Direction": "Forward", "Index Name": "person_id_aka_name", "Relation Name": "aka_name", "Alias": "a1", "Startup Cost": 10000000000.0, "Total Cost": 1000006896503.43, "Plan Rows": 901342, "Plan Width": 20}, {"Node Type": "Index Only Scan", "Parent Relationship": "Inner", "Scan Direction": "Forward", "Index Name": "name_pkey", "Relation Name": "name", "Alias": "n1", "Startup Cost": 10000000000.0, "Total Cost": 1000012483260.0, "Plan Rows": 4167490, "Plan Width": 4}]}, {"Node Type": "Index Scan", "Parent Relationship": "Inner", "Scan Direction": "Forward", "Index Name": "person_id_cast_info", "Relation Name": "cast_info", "Alias": "ci", "Startup Cost": 10000000000.0, "Total Cost": 1000170648833.21, "Plan Rows": 36259494, "Plan Width": 12}]}]}]}]}]}, "Unique SQL Id": 2457761703, "Planner Runtime": 62}, "explain_analyze_plan": null}, "(1, 28)": {"explain_plan": {"Plan": {"Node Type": "Aggregate", "Strategy": "Plain", "Startup Cost": 1196640.37, "Total Cost": 1196640.38, "Plan Rows": 1, "Plan Width": 97, "Plans": [{"Node Type": "Nested Loop", "Parent Relationship": "Outer", "Join Type": "Inner", "Startup Cost": 920804.93, "Total Cost": 1194854.88, "Plan Rows": 357098, "Plan Width": 33, "Inner Unique": true, "Join Filter": "(a1.person_id = n1.id), (LLVM Optimized)", "Plans": [{"Node Type": "Nested Loop", "Parent Relationship": "Outer", "Join Type": "Inner", "Startup Cost": 920804.93, "Total Cost": 1091336.23, "Plan Rows": 357098, "Plan Width": 41, "Inner Unique": true, "Plans": [{"Node Type": "Merge Join", "Parent Relationship": "Outer", "Join Type": "Inner", "Startup Cost": 920804.93, "Total Cost": 989533.89, "Plan Rows": 357379, "Plan Width": 32, "Inner Unique": false, "Merge Cond": "(a1.person_id = ci.person_id)", "Plans": [{"Node Type": "Index Scan", "Parent Relationship": "Outer", "Scan Direction": "Forward", "Index Name": "person_id_aka_name", "Relation Name": "aka_name", "Alias": "a1", "Startup Cost": 0.0, "Total Cost": 68965.03, "Plan Rows": 901342, "Plan Width": 20}, {"Node Type": "Sort", "Parent Relationship": "Inner", "Startup Cost": 920804.86, "Total Cost": 922582.4, "Plan Rows": 711018, "Plan Width": 12, "Sort Key": ["ci.person_id"], "Plans": [{"Node Type": "Merge Join", "Parent Relationship": "Outer", "Join Type": "Inner", "Startup Cost": 812099.84, "Total Cost": 851695.59, "Plan Rows": 711018, "Plan Width": 12, "Inner Unique": false, "Merge Cond": "(mc.movie_id = ci.movie_id)", "Plans": [{"Node Type": "Sort", "Parent Relationship": "Outer", "Startup Cost": 283826.21, "Total Cost": 287031.99, "Plan Rows": 1282311, "Plan Width": 4, "Sort Key": ["mc.movie_id"], "Plans": [{"Node Type": "Merge Join", "Parent Relationship": "Outer", "Join Type": "Inner", "Startup Cost": 3383.04, "Total Cost": 153733.74, "Plan Rows": 1282311, "Plan Width": 4, "Inner Unique": false, "Merge Cond": "(cn.id = mc.company_id)", "Plans": [{"Node Type": "Index Scan", "Parent Relationship": "Outer", "Scan Direction": "Forward", "Index Name": "company_name_pkey", "Relation Name": "company_name", "Alias": "cn", "Startup Cost": 0.0, "Total Cost": 10501.39, "Plan Rows": 85170, "Plan Width": 4, "Filter": "((country_code)::text = '[us]'::text)"}, {"Node Type": "Index Scan", "Parent Relationship": "Inner", "Scan Direction": "Forward", "Index Name": "company_id_movie_companies", "Relation Name": "movie_companies", "Alias": "mc", "Startup Cost": 0.0, "Total Cost": 123673.5, "Plan Rows": 2609128, "Plan Width": 8}]}]}, {"Node Type": "Sort", "Parent Relationship": "Inner", "Startup Cost": 528273.31, "Total Cost": 536514.11, "Plan Rows": 3296318, "Plan Width": 8, "Sort Key": ["ci.movie_id"], "Plans": [{"Node Type": "Nested Loop", "Parent Relationship": "Outer", "Join Type": "Inner", "Startup Cost": 0.0, "Total Cost": 171406.94, "Plan Rows": 3296318, "Plan Width": 8, "Inner Unique": false, "Plans": [{"Node Type": "Seq Scan", "Parent Relationship": "Outer", "Relation Name": "role_type", "Alias": "rt", "Startup Cost": 0.0, "Total Cost": 1.15, "Plan Rows": 1, "Plan Width": 4, "Filter": "((role)::text = 'writer'::text)"}, {"Node Type": "Index Scan", "Parent Relationship": "Inner", "Scan Direction": "Forward", "Index Name": "role_id_cast_info", "Relation Name": "cast_info", "Alias": "ci", "Startup Cost": 0.0, "Total Cost": 138442.61, "Plan Rows": 3296318, "Plan Width": 12, "Index Cond": "(role_id = rt.id), (LLVM Optimized)"}]}]}]}]}]}, {"Node Type": "Index Scan", "Parent Relationship": "Inner", "Scan Direction": "Forward", "Index Name": "title_pkey", "Relation Name": "title", "Alias": "t", "Startup Cost": 0.0, "Total Cost": 0.27, "Plan Rows": 1, "Plan Width": 21, "Index Cond": "(id = ci.movie_id)"}]}, {"Node Type": "Index Scan", "Parent Relationship": "Inner", "Scan Direction": "Forward", "Index Name": "name_pkey", "Relation Name": "name", "Alias": "n1", "Startup Cost": 0.0, "Total Cost": 0.28, "Plan Rows": 1, "Plan Width": 4, "Index Cond": "(id = ci.person_id)"}]}]}, "Unique SQL Id": 2457761703, "Planner Runtime": 40}, "explain_analyze_plan": null}, "(1, 29)": {"explain_plan": {"Plan": {"Node Type": "Aggregate", "Strategy": "Plain", "Startup Cost": 1196651.68, "Total Cost": 1196651.69, "Plan Rows": 1, "Plan Width": 97, "Plans": [{"Node Type": "Nested Loop", "Parent Relationship": "Outer", "Join Type": "Inner", "Startup Cost": 920816.24, "Total Cost": 1194866.19, "Plan Rows": 357098, "Plan Width": 33, "Inner Unique": true, "Join Filter": "(a1.person_id = n1.id), (LLVM Optimized)", "Plans": [{"Node Type": "Nested Loop", "Parent Relationship": "Outer", "Join Type": "Inner", "Startup Cost": 920816.24, "Total Cost": 1091347.54, "Plan Rows": 357098, "Plan Width": 41, "Inner Unique": true, "Plans": [{"Node Type": "Merge Join", "Parent Relationship": "Outer", "Join Type": "Inner", "Startup Cost": 920816.24, "Total Cost": 989545.2, "Plan Rows": 357379, "Plan Width": 32, "Inner Unique": false, "Merge Cond": "(ci.person_id = a1.person_id)", "Plans": [{"Node Type": "Sort", "Parent Relationship": "Outer", "Startup Cost": 920816.17, "Total Cost": 922593.71, "Plan Rows": 711018, "Plan Width": 12, "Sort Key": ["ci.person_id"], "Plans": [{"Node Type": "Merge Join", "Parent Relationship": "Outer", "Join Type": "Inner", "Startup Cost": 812111.15, "Total Cost": 851706.9, "Plan Rows": 711018, "Plan Width": 12, "Inner Unique": false, "Merge Cond": "(mc.movie_id = ci.movie_id)", "Plans": [{"Node Type": "Sort", "Parent Relationship": "Outer", "Startup Cost": 283826.21, "Total Cost": 287031.99, "Plan Rows": 1282311, "Plan Width": 4, "Sort Key": ["mc.movie_id"], "Plans": [{"Node Type": "Merge Join", "Parent Relationship": "Outer", "Join Type": "Inner", "Startup Cost": 3383.04, "Total Cost": 153733.74, "Plan Rows": 1282311, "Plan Width": 4, "Inner Unique": false, "Merge Cond": "(cn.id = mc.company_id)", "Plans": [{"Node Type": "Index Scan", "Parent Relationship": "Outer", "Scan Direction": "Forward", "Index Name": "company_name_pkey", "Relation Name": "company_name", "Alias": "cn", "Startup Cost": 0.0, "Total Cost": 10501.39, "Plan Rows": 85170, "Plan Width": 4, "Filter": "((country_code)::text = '[us]'::text)"}, {"Node Type": "Index Scan", "Parent Relationship": "Inner", "Scan Direction": "Forward", "Index Name": "company_id_movie_companies", "Relation Name": "movie_companies", "Alias": "mc", "Startup Cost": 0.0, "Total Cost": 123673.5, "Plan Rows": 2609128, "Plan Width": 8}]}]}, {"Node Type": "Sort", "Parent Relationship": "Inner", "Startup Cost": 528284.62, "Total Cost": 536525.42, "Plan Rows": 3296318, "Plan Width": 8, "Sort Key": ["ci.movie_id"], "Plans": [{"Node Type": "Nested Loop", "Parent Relationship": "Outer", "Join Type": "Inner", "Startup Cost": 0.0, "Total Cost": 171418.25, "Plan Rows": 3296318, "Plan Width": 8, "Inner Unique": false, "Plans": [{"Node Type": "Index Scan", "Parent Relationship": "Outer", "Scan Direction": "Forward", "Index Name": "role_type_pkey", "Relation Name": "role_type", "Alias": "rt", "Startup Cost": 0.0, "Total Cost": 12.46, "Plan Rows": 1, "Plan Width": 4, "Filter": "((role)::text = 'writer'::text)"}, {"Node Type": "Index Scan", "Parent Relationship": "Inner", "Scan Direction": "Forward", "Index Name": "role_id_cast_info", "Relation Name": "cast_info", "Alias": "ci", "Startup Cost": 0.0, "Total Cost": 138442.61, "Plan Rows": 3296318, "Plan Width": 12, "Index Cond": "(role_id = rt.id), (LLVM Optimized)"}]}]}]}]}, {"Node Type": "Index Scan", "Parent Relationship": "Inner", "Scan Direction": "Forward", "Index Name": "person_id_aka_name", "Relation Name": "aka_name", "Alias": "a1", "Startup Cost": 0.0, "Total Cost": 68965.03, "Plan Rows": 901342, "Plan Width": 20}]}, {"Node Type": "Index Scan", "Parent Relationship": "Inner", "Scan Direction": "Forward", "Index Name": "title_pkey", "Relation Name": "title", "Alias": "t", "Startup Cost": 0.0, "Total Cost": 0.27, "Plan Rows": 1, "Plan Width": 21, "Index Cond": "(id = ci.movie_id)"}]}, {"Node Type": "Index Scan", "Parent Relationship": "Inner", "Scan Direction": "Forward", "Index Name": "name_pkey", "Relation Name": "name", "Alias": "n1", "Startup Cost": 0.0, "Total Cost": 0.28, "Plan Rows": 1, "Plan Width": 4, "Index Cond": "(id = ci.person_id)"}]}]}, "Unique SQL Id": 2457761703, "Planner Runtime": 38}, "explain_analyze_plan": null}, "(1, 30)": {"explain_plan": {"Plan": {"Node Type": "Aggregate", "Strategy": "Plain", "Startup Cost": 3058344.51, "Total Cost": 3058344.52, "Plan Rows": 1, "Plan Width": 97, "Plans": [{"Node Type": "Merge Join", "Parent Relationship": "Outer", "Join Type": "Inner", "Startup Cost": 3020614.54, "Total Cost": 3056559.02, "Plan Rows": 357098, "Plan Width": 33, "Inner Unique": true, "Merge Cond": "(a1.person_id = n1.id)", "Plans": [{"Node Type": "Merge Join", "Parent Relationship": "Outer", "Join Type": "Inner", "Startup Cost": 2469311.18, "Total Cost": 2479955.2, "Plan Rows": 357098, "Plan Width": 41, "Inner Unique": false, "Merge Cond": "(ci.person_id = a1.person_id)", "Plans": [{"Node Type": "Sort", "Parent Relationship": "Outer", "Startup Cost": 2360252.24, "Total Cost": 2362028.39, "Plan Rows": 710459, "Plan Width": 21, "Sort Key": ["ci.person_id"], "Plans": [{"Node Type": "Merge Join", "Parent Relationship": "Outer", "Join Type": "Inner", "Startup Cost": 2230093.47, "Total Cost": 2291201.34, "Plan Rows": 710459, "Plan Width": 21, "Inner Unique": true, "Merge Cond": "(ci.movie_id = t.id)", "Plans": [{"Node Type": "Merge Join", "Parent Relationship": "Outer", "Join Type": "Inner", "Startup Cost": 1901141.44, "Total Cost": 1940737.19, "Plan Rows": 711018, "Plan Width": 12, "Inner Unique": false, "Merge Cond": "(mc.movie_id = ci.movie_id)", "Plans": [{"Node Type": "Sort", "Parent Relationship": "Outer", "Startup Cost": 489151.99, "Total Cost": 492357.77, "Plan Rows": 1282311, "Plan Width": 4, "Sort Key": ["mc.movie_id"], "Plans": [{"Node Type": "Merge Join", "Parent Relationship": "Outer", "Join Type": "Inner", "Startup Cost": 333103.9, "Total Cost": 359059.52, "Plan Rows": 1282311, "Plan Width": 4, "Inner Unique": false, "Merge Cond": "(cn.id = mc.company_id)", "Plans": [{"Node Type": "Sort", "Parent Relationship": "Outer", "Startup Cost": 12878.05, "Total Cost": 13090.97, "Plan Rows": 85170, "Plan Width": 4, "Sort Key": ["cn.id"], "Plans": [{"Node Type": "Seq Scan", "Parent Relationship": "Outer", "Relation Name": "company_name", "Alias": "cn", "Startup Cost": 0.0, "Total Cost": 5903.45, "Plan Rows": 85170, "Plan Width": 4, "Filter": "((country_code)::text = '[us]'::text)"}]}, {"Node Type": "Sort", "Parent Relationship": "Inner", "Startup Cost": 319886.87, "Total Cost": 326409.69, "Plan Rows": 2609128, "Plan Width": 8, "Sort Key": ["mc.company_id"], "Plans": [{"Node Type": "Seq Scan", "Parent Relationship": "Outer", "Relation Name": "movie_companies", "Alias": "mc", "Startup Cost": 0.0, "Total Cost": 41817.28, "Plan Rows": 2609128, "Plan Width": 8}]}]}]}, {"Node Type": "Sort", "Parent Relationship": "Inner", "Startup Cost": 1411989.14, "Total Cost": 1420229.93, "Plan Rows": 3296318, "Plan Width": 8, "Sort Key": ["ci.movie_id"], "Plans": [{"Node Type": "Nested Loop", "Parent Relationship": "Outer", "Join Type": "Inner", "Startup Cost": 0.0, "Total Cost": 1055122.77, "Plan Rows": 3296318, "Plan Width": 8, "Inner Unique": false, "Join Filter": "(ci.role_id = rt.id), (LLVM Optimized)", "Plans": [{"Node Type": "Seq Scan", "Parent Relationship": "Outer", "Relation Name": "role_type", "Alias": "rt", "Startup Cost": 0.0, "Total Cost": 1.15, "Plan Rows": 1, "Plan Width": 4, "Filter": "((role)::text = 'writer'::text)"}, {"Node Type": "Seq Scan", "Parent Relationship": "Inner", "Relation Name": "cast_info", "Alias": "ci", "Startup Cost": 0.0, "Total Cost": 601877.94, "Plan Rows": 36259494, "Plan Width": 12}]}]}]}, {"Node Type": "Sort", "Parent Relationship": "Inner", "Startup Cost": 328951.73, "Total Cost": 335272.51, "Plan Rows": 2528311, "Plan Width": 21, "Sort Key": ["t.id"], "Plans": [{"Node Type": "Seq Scan", "Parent Relationship": "Outer", "Relation Name": "title", "Alias": "t", "Startup Cost": 0.0, "Total Cost": 60069.11, "Plan Rows": 2528311, "Plan Width": 21}]}]}]}, {"Node Type": "Sort", "Parent Relationship": "Inner", "Startup Cost": 109058.87, "Total Cost": 111312.23, "Plan Rows": 901342, "Plan Width": 20, "Sort Key": ["a1.person_id"], "Plans": [{"Node Type": "Seq Scan", "Parent Relationship": "Outer", "Relation Name": "aka_name", "Alias": "a1", "Startup Cost": 0.0, "Total Cost": 19908.42, "Plan Rows": 901342, "Plan Width": 20}]}]}, {"Node Type": "Sort", "Parent Relationship": "Inner", "Startup Cost": 551303.0, "Total Cost": 561721.72, "Plan Rows": 4167490, "Plan Width": 4, "Sort Key": ["n1.id"], "Plans": [{"Node Type": "Seq Scan", "Parent Relationship": "Outer", "Relation Name": "name", "Alias": "n1", "Startup Cost": 0.0, "Total Cost": 93071.9, "Plan Rows": 4167490, "Plan Width": 4}]}]}]}, "Unique SQL Id": 2457761703, "Planner Runtime": 38}, "explain_analyze_plan": null}, "(1, 31)": {"explain_plan": {"Plan": {"Node Type": "Aggregate", "Strategy": "Plain", "Startup Cost": 6752837631740.06, "Total Cost": 6752837631740.07, "Plan Rows": 1, "Plan Width": 97, "Plans": [{"Node Type": "Nested Loop", "Parent Relationship": "Outer", "Join Type": "Inner", "Startup Cost": 70071825122.57, "Total Cost": 6752837629954.57, "Plan Rows": 357098, "Plan Width": 33, "Inner Unique": false, "Join Filter": "(t.id = ci.movie_id), (LLVM Optimized)", "Plans": [{"Node Type": "Merge Join", "Parent Relationship": "Outer", "Join Type": "Inner", "Startup Cost": 30021927926.2, "Total Cost": 3002409653794.57, "Plan Rows": 1282311, "Plan Width": 25, "Inner Unique": true, "Merge Cond": "(mc.movie_id = t.id)", "Plans": [{"Node Type": "Nested Loop", "Parent Relationship": "Outer", "Join Type": "Inner", "Startup Cost": 20000000000.0, "Total Cost": 2003347393774.42, "Plan Rows": 1282311, "Plan Width": 4, "Inner Unique": true, "Join Filter": "(cn.id = mc.company_id), (LLVM Optimized)", "Plans": [{"Node Type": "Index Scan", "Parent Relationship": "Outer", "Scan Direction": "Forward", "Index Name": "movie_id_movie_companies", "Relation Name": "movie_companies", "Alias": "mc", "Startup Cost": 10000000000.0, "Total Cost": 1000013051946.13, "Plan Rows": 2609128, "Plan Width": 8}, {"Node Type": "Materialize", "Parent Relationship": "Inner", "Startup Cost": 10000000000.0, "Total Cost": 1000001050564.82, "Plan Rows": 85170, "Plan Width": 4, "Plans": [{"Node Type": "Index Scan", "Parent Relationship": "Outer", "Scan Direction": "Forward", "Index Name": "company_name_pkey", "Relation Name": "company_name", "Alias": "cn", "Startup Cost": 10000000000.0, "Total Cost": 1000001050138.97, "Plan Rows": 85170, "Plan Width": 4, "Filter": "((country_code)::text = '[us]'::text)"}]}]}, {"Node Type": "Index Scan", "Parent Relationship": "Inner", "Scan Direction": "Forward", "Index Name": "title_pkey", "Relation Name": "title", "Alias": "t", "Startup Cost": 10000000000.0, "Total Cost": 1000011012048.91, "Plan Rows": 2528311, "Plan Width": 21}]}, {"Node Type": "Materialize", "Parent Relationship": "Inner", "Startup Cost": 40049897196.36, "Total Cost": 3721872427028.45, "Plan Rows": 1484588, "Plan Width": 20, "Plans": [{"Node Type": "Nested Loop", "Parent Relationship": "Outer", "Join Type": "Inner", "Startup Cost": 40049897196.36, "Total Cost": 3721872419605.51, "Plan Rows": 1484588, "Plan Width": 20, "Inner Unique": false, "Join Filter": "(ci.role_id = rt.id), (LLVM Optimized)", "Plans": [{"Node Type": "Index Scan", "Parent Relationship": "Outer", "Scan Direction": "Forward", "Index Name": "role_type_pkey", "Relation Name": "role_type", "Alias": "rt", "Startup Cost": 10000000000.0, "Total Cost": 1000000001246.0, "Plan Rows": 1, "Plan Width": 4, "Filter": "((role)::text = 'writer'::text)"}, {"Node Type": "Merge Join", "Parent Relationship": "Inner", "Join Type": "Inner", "Startup Cost": 30049897196.36, "Total Cost": 2721872214228.63, "Plan Rows": 16330470, "Plan Width": 24, "Inner Unique": false, "Merge Cond": "(a1.person_id = ci.person_id)", "Plans": [{"Node Type": "Merge Join", "Parent Relationship": "Outer", "Join Type": "Inner", "Startup Cost": 20030754356.47, "Total Cost": 2000007674895.99, "Plan Rows": 901342, "Plan Width": 24, "Inner Unique": true, "Merge Cond": "(a1.person_id = n1.id)", "Plans": [{"Node Type": "Index Scan", "Parent Relationship": "Outer", "Scan Direction": "Forward", "Index Name": "person_id_aka_name", "Relation Name": "aka_name", "Alias": "a1", "Startup Cost": 10000000000.0, "Total Cost": 1000006896503.43, "Plan Rows": 901342, "Plan Width": 20}, {"Node Type": "Index Scan", "Parent Relationship": "Inner", "Scan Direction": "Forward", "Index Name": "name_pkey", "Relation Name": "name", "Alias": "n1", "Startup Cost": 10000000000.0, "Total Cost": 1000017623274.7, "Plan Rows": 4167490, "Plan Width": 4}]}, {"Node Type": "Index Scan", "Parent Relationship": "Inner", "Scan Direction": "Forward", "Index Name": "person_id_cast_info", "Relation Name": "cast_info", "Alias": "ci", "Startup Cost": 10000000000.0, "Total Cost": 1000170648833.21, "Plan Rows": 36259494, "Plan Width": 12}]}]}]}]}]}, "Unique SQL Id": 2457761703, "Planner Runtime": 62}, "explain_analyze_plan": null}, "(1, 32)": {"explain_plan": {"Plan": {"Node Type": "Aggregate", "Strategy": "Plain", "Startup Cost": 589695.38, "Total Cost": 589695.39, "Plan Rows": 1, "Plan Width": 97, "Plans": [{"Node Type": "Hash Join", "Parent Relationship": "Outer", "Join Type": "Inner", "Startup Cost": 561014.71, "Total Cost": 587909.89, "Plan Rows": 357098, "Plan Width": 33, "Inner Unique": false, "Hash Cond": "(a1.person_id = n1.id), (LLVM Optimized)", "Plans": [{"Node Type": "Seq Scan", "Parent Relationship": "Outer", "Relation Name": "aka_name", "Alias": "a1", "Startup Cost": 0.0, "Total Cost": 19908.42, "Plan Rows": 901342, "Plan Width": 20}, {"Node Type": "Hash", "Parent Relationship": "Inner", "Startup Cost": 552133.97, "Total Cost": 552133.97, "Plan Rows": 710459, "Plan Width": 25, "Plans": [{"Node Type": "Hash Join", "Parent Relationship": "Outer", "Join Type": "Inner", "Startup Cost": 341891.88, "Total Cost": 552133.97, "Plan Rows": 710459, "Plan Width": 25, "Inner Unique": true, "Hash Cond": "(ci.person_id = n1.id), (LLVM Optimized)", "Plans": [{"Node Type": "Hash Join", "Parent Relationship": "Outer", "Join Type": "Inner", "Startup Cost": 196726.36, "Total Cost": 397199.64, "Plan Rows": 710459, "Plan Width": 21, "Inner Unique": false, "Hash Cond": "(ci.movie_id = t.id), (LLVM Optimized)", "Plans": [{"Node Type": "Nested Loop", "Parent Relationship": "Outer", "Join Type": "Inner", "Startup Cost": 0.0, "Total Cost": 171406.94, "Plan Rows": 3296318, "Plan Width": 8, "Inner Unique": false, "Plans": [{"Node Type": "Seq Scan", "Parent Relationship": "Outer", "Relation Name": "role_type", "Alias": "rt", "Startup Cost": 0.0, "Total Cost": 1.15, "Plan Rows": 1, "Plan Width": 4, "Filter": "((role)::text = 'writer'::text)"}, {"Node Type": "Index Scan", "Parent Relationship": "Inner", "Scan Direction": "Forward", "Index Name": "role_id_cast_info", "Relation Name": "cast_info", "Alias": "ci", "Startup Cost": 0.0, "Total Cost": 138442.61, "Plan Rows": 3296318, "Plan Width": 12, "Index Cond": "(role_id = rt.id), (LLVM Optimized)"}]}, {"Node Type": "Hash", "Parent Relationship": "Inner", "Startup Cost": 180697.47, "Total Cost": 180697.47, "Plan Rows": 1282311, "Plan Width": 25, "Plans": [{"Node Type": "Hash Join", "Parent Relationship": "Outer", "Join Type": "Inner", "Startup Cost": 98641.07, "Total Cost": 180697.47, "Plan Rows": 1282311, "Plan Width": 25, "Inner Unique": true, "Hash Cond": "(mc.movie_id = t.id), (LLVM Optimized)", "Plans": [{"Node Type": "Hash Join", "Parent Relationship": "Outer", "Join Type": "Inner", "Startup Cost": 6968.08, "Total Cost": 71392.69, "Plan Rows": 1282311, "Plan Width": 4, "Inner Unique": true, "Hash Cond": "(mc.company_id = cn.id), (LLVM Optimized)", "Plans": [{"Node Type": "Seq Scan", "Parent Relationship": "Outer", "Relation Name": "movie_companies", "Alias": "mc", "Startup Cost": 0.0, "Total Cost": 41817.28, "Plan Rows": 2609128, "Plan Width": 8}, {"Node Type": "Hash", "Parent Relationship": "Inner", "Startup Cost": 5903.45, "Total Cost": 5903.45, "Plan Rows": 85170, "Plan Width": 4, "Plans": [{"Node Type": "Seq Scan", "Parent Relationship": "Outer", "Relation Name": "company_name", "Alias": "cn", "Startup Cost": 0.0, "Total Cost": 5903.45, "Plan Rows": 85170, "Plan Width": 4, "Filter": "((country_code)::text = '[us]'::text)"}]}]}, {"Node Type": "Hash", "Parent Relationship": "Inner", "Startup Cost": 60069.11, "Total Cost": 60069.11, "Plan Rows": 2528311, "Plan Width": 21, "Plans": [{"Node Type": "Seq Scan", "Parent Relationship": "Outer", "Relation Name": "title", "Alias": "t", "Startup Cost": 0.0, "Total Cost": 60069.11, "Plan Rows": 2528311, "Plan Width": 21}]}]}]}]}, {"Node Type": "Hash", "Parent Relationship": "Inner", "Startup Cost": 93071.9, "Total Cost": 93071.9, "Plan Rows": 4167490, "Plan Width": 4, "Plans": [{"Node Type": "Index Only Scan", "Parent Relationship": "Outer", "Scan Direction": "Forward", "Index Name": "name_pkey", "Relation Name": "name", "Alias": "n1", "Startup Cost": 0.0, "Total Cost": 93071.9, "Plan Rows": 4167490, "Plan Width": 4}]}]}]}]}]}, "Unique SQL Id": 2457761703, "Planner Runtime": 46}, "explain_analyze_plan": {"Plan": {"Node Type": "Aggregate", "Strategy": "Plain", "Startup Cost": 589695.38, "Total Cost": 589695.39, "Plan Rows": 1, "Plan Width": 97, "Actual Startup Time": 14072.025, "Actual Total Time": 14072.025, "Actual Rows": 1, "Actual Loops": 1, "Plans": [{"Node Type": "Hash Join", "Parent Relationship": "Outer", "Join Type": "Inner", "Startup Cost": 561014.71, "Total Cost": 587909.89, "Plan Rows": 357098, "Plan Width": 33, "Actual Startup Time": 11691.826, "Actual Total Time": 12949.869, "Actual Rows": 2487611, "Actual Loops": 1, "Inner Unique": false, "Hash Cond": "(a1.person_id = n1.id), (LLVM Optimized, Jit Execute)", "Plans": [{"Node Type": "Seq Scan", "Parent Relationship": "Outer", "Relation Name": "aka_name", "Alias": "a1", "Startup Cost": 0.0, "Total Cost": 19908.42, "Plan Rows": 901342, "Plan Width": 20, "Actual Startup Time": 0.025, "Actual Total Time": 229.004, "Actual Rows": 901342, "Actual Loops": 1}, {"Node Type": "Hash", "Parent Relationship": "Inner", "Startup Cost": 552133.97, "Total Cost": 552133.97, "Plan Rows": 710459, "Plan Width": 25, "Actual Startup Time": 11687.273, "Actual Total Time": 11687.273, "Actual Rows": 1970658, "Actual Loops": 1, "Hash Buckets": 1048576, "Hash Batches": 1, "Original Hash Batches": 1, "Peak Memory Usage": 112799, "Plans": [{"Node Type": "Hash Join", "Parent Relationship": "Outer", "Join Type": "Inner", "Startup Cost": 341891.88, "Total Cost": 552133.97, "Plan Rows": 710459, "Plan Width": 25, "Actual Startup Time": 7023.074, "Actual Total Time": 11105.664, "Actual Rows": 1970658, "Actual Loops": 1, "Inner Unique": true, "Hash Cond": "(ci.person_id = n1.id), (LLVM Optimized, Jit Execute)", "Plans": [{"Node Type": "Hash Join", "Parent Relationship": "Outer", "Join Type": "Inner", "Startup Cost": 196726.36, "Total Cost": 397199.64, "Plan Rows": 710459, "Plan Width": 21, "Actual Startup Time": 4514.333, "Actual Total Time": 7831.613, "Actual Rows": 1970658, "Actual Loops": 1, "Inner Unique": false, "Hash Cond": "(ci.movie_id = t.id), (LLVM Optimized, Jit Execute)", "Plans": [{"Node Type": "Nested Loop", "Parent Relationship": "Outer", "Join Type": "Inner", "Startup Cost": 0.0, "Total Cost": 171406.94, "Plan Rows": 3296318, "Plan Width": 8, "Actual Startup Time": 0.114, "Actual Total Time": 1874.763, "Actual Rows": 2728943, "Actual Loops": 1, "Inner Unique": false, "Plans": [{"Node Type": "Seq Scan", "Parent Relationship": "Outer", "Relation Name": "role_type", "Alias": "rt", "Startup Cost": 0.0, "Total Cost": 1.15, "Plan Rows": 1, "Plan Width": 4, "Actual Startup Time": 0.054, "Actual Total Time": 0.07, "Actual Rows": 1, "Actual Loops": 1, "Filter": "((role)::text = 'writer'::text)", "Rows Removed by Filter": 11}, {"Node Type": "Index Scan", "Parent Relationship": "Inner", "Scan Direction": "Forward", "Index Name": "role_id_cast_info", "Relation Name": "cast_info", "Alias": "ci", "Startup Cost": 0.0, "Total Cost": 138442.61, "Plan Rows": 3296318, "Plan Width": 12, "Actual Startup Time": 0.05, "Actual Total Time": 1350.911, "Actual Rows": 2728943, "Actual Loops": 1, "Index Cond": "(role_id = rt.id), (LLVM Optimized, Jit Execute)", "Rows Removed by Index Recheck": 0}]}, {"Node Type": "Hash", "Parent Relationship": "Inner", "Startup Cost": 180697.47, "Total Cost": 180697.47, "Plan Rows": 1282311, "Plan Width": 25, "Actual Startup Time": 4504.326, "Actual Total Time": 4504.326, "Actual Rows": 1153797, "Actual Loops": 1, "Hash Buckets": 2097152, "Hash Batches": 1, "Original Hash Batches": 1, "Peak Memory Usage": 68508, "Plans": [{"Node Type": "Hash Join", "Parent Relationship": "Outer", "Join Type": "Inner", "Startup Cost": 98641.07, "Total Cost": 180697.47, "Plan Rows": 1282311, "Plan Width": 25, "Actual Startup Time": 1840.805, "Actual Total Time": 4017.099, "Actual Rows": 1153797, "Actual Loops": 1, "Inner Unique": true, "Hash Cond": "(mc.movie_id = t.id), (LLVM Optimized, Jit Execute)", "Plans": [{"Node Type": "Hash Join", "Parent Relationship": "Outer", "Join Type": "Inner", "Startup Cost": 6968.08, "Total Cost": 71392.69, "Plan Rows": 1282311, "Plan Width": 4, "Actual Startup Time": 112.721, "Actual Total Time": 1592.084, "Actual Rows": 1153797, "Actual Loops": 1, "Inner Unique": true, "Hash Cond": "(mc.company_id = cn.id), (LLVM Optimized, Jit Execute)", "Plans": [{"Node Type": "Seq Scan", "Parent Relationship": "Outer", "Relation Name": "movie_companies", "Alias": "mc", "Startup Cost": 0.0, "Total Cost": 41817.28, "Plan Rows": 2609128, "Plan Width": 8, "Actual Startup Time": 0.033, "Actual Total Time": 599.643, "Actual Rows": 2609128, "Actual Loops": 1}, {"Node Type": "Hash", "Parent Relationship": "Inner", "Startup Cost": 5903.45, "Total Cost": 5903.45, "Plan Rows": 85170, "Plan Width": 4, "Actual Startup Time": 112.588, "Actual Total Time": 112.588, "Actual Rows": 84843, "Actual Loops": 1, "Hash Buckets": 131072, "Hash Batches": 1, "Original Hash Batches": 1, "Peak Memory Usage": 2983, "Plans": [{"Node Type": "Seq Scan", "Parent Relationship": "Outer", "Relation Name": "company_name", "Alias": "cn", "Startup Cost": 0.0, "Total Cost": 5903.45, "Plan Rows": 85170, "Plan Width": 4, "Actual Startup Time": 0.026, "Actual Total Time": 90.104, "Actual Rows": 84843, "Actual Loops": 1, "Filter": "((country_code)::text = '[us]'::text)", "Rows Removed by Filter": 150153}]}]}, {"Node Type": "Hash", "Parent Relationship": "Inner", "Startup Cost": 60069.11, "Total Cost": 60069.11, "Plan Rows": 2528311, "Plan Width": 21, "Actual Startup Time": 1725.571, "Actual Total Time": 1725.571, "Actual Rows": 2528311, "Actual Loops": 1, "Hash Buckets": 4194304, "Hash Batches": 1, "Original Hash Batches": 1, "Peak Memory Usage": 135869, "Plans": [{"Node Type": "Seq Scan", "Parent Relationship": "Outer", "Relation Name": "title", "Alias": "t", "Startup Cost": 0.0, "Total Cost": 60069.11, "Plan Rows": 2528311, "Plan Width": 21, "Actual Startup Time": 0.028, "Actual Total Time": 799.762, "Actual Rows": 2528311, "Actual Loops": 1}]}]}]}]}, {"Node Type": "Hash", "Parent Relationship": "Inner", "Startup Cost": 93071.9, "Total Cost": 93071.9, "Plan Rows": 4167490, "Plan Width": 4, "Actual Startup Time": 2506.319, "Actual Total Time": 2506.319, "Actual Rows": 4167490, "Actual Loops": 1, "Hash Buckets": 4194304, "Hash Batches": 1, "Original Hash Batches": 1, "Peak Memory Usage": 146514, "Plans": [{"Node Type": "Index Only Scan", "Parent Relationship": "Outer", "Scan Direction": "Forward", "Index Name": "name_pkey", "Relation Name": "name", "Alias": "n1", "Startup Cost": 0.0, "Total Cost": 93071.9, "Plan Rows": 4167490, "Plan Width": 4, "Actual Startup Time": 0.034, "Actual Total Time": 1035.961, "Actual Rows": 4167490, "Actual Loops": 1, "Heap Fetches": 0}]}]}]}]}]}, "Triggers": [], "Planner Runtime": 45, "Total Runtime": 14086.627, "Unique SQL Id": 2457761703}}, "(1, 33)": {"explain_plan": {"Plan": {"Node Type": "Aggregate", "Strategy": "Plain", "Startup Cost": 807029.54, "Total Cost": 807029.55, "Plan Rows": 1, "Plan Width": 97, "Plans": [{"Node Type": "Hash Join", "Parent Relationship": "Outer", "Join Type": "Inner", "Startup Cost": 729292.26, "Total Cost": 805244.05, "Plan Rows": 357098, "Plan Width": 33, "Inner Unique": false, "Hash Cond": "(a1.person_id = n1.id), (LLVM Optimized)", "Plans": [{"Node Type": "Index Scan", "Parent Relationship": "Outer", "Scan Direction": "Forward", "Index Name": "person_id_aka_name", "Relation Name": "aka_name", "Alias": "a1", "Startup Cost": 0.0, "Total Cost": 68965.03, "Plan Rows": 901342, "Plan Width": 20}, {"Node Type": "Hash", "Parent Relationship": "Inner", "Startup Cost": 720411.52, "Total Cost": 720411.52, "Plan Rows": 710459, "Plan Width": 25, "Plans": [{"Node Type": "Hash Join", "Parent Relationship": "Outer", "Join Type": "Inner", "Startup Cost": 510158.12, "Total Cost": 720411.52, "Plan Rows": 710459, "Plan Width": 25, "Inner Unique": true, "Hash Cond": "(ci.person_id = n1.id), (LLVM Optimized)", "Plans": [{"Node Type": "Hash Join", "Parent Relationship": "Outer", "Join Type": "Inner", "Startup Cost": 333231.89, "Total Cost": 533716.49, "Plan Rows": 710459, "Plan Width": 21, "Inner Unique": false, "Hash Cond": "(ci.movie_id = t.id), (LLVM Optimized)", "Plans": [{"Node Type": "Nested Loop", "Parent Relationship": "Outer", "Join Type": "Inner", "Startup Cost": 0.0, "Total Cost": 171418.25, "Plan Rows": 3296318, "Plan Width": 8, "Inner Unique": false, "Plans": [{"Node Type": "Index Scan", "Parent Relationship": "Outer", "Scan Direction": "Forward", "Index Name": "role_type_pkey", "Relation Name": "role_type", "Alias": "rt", "Startup Cost": 0.0, "Total Cost": 12.46, "Plan Rows": 1, "Plan Width": 4, "Filter": "((role)::text = 'writer'::text)"}, {"Node Type": "Index Scan", "Parent Relationship": "Inner", "Scan Direction": "Forward", "Index Name": "role_id_cast_info", "Relation Name": "cast_info", "Alias": "ci", "Startup Cost": 0.0, "Total Cost": 138442.61, "Plan Rows": 3296318, "Plan Width": 12, "Index Cond": "(role_id = rt.id), (LLVM Optimized)"}]}, {"Node Type": "Hash", "Parent Relationship": "Inner", "Startup Cost": 317203.01, "Total Cost": 317203.01, "Plan Rows": 1282311, "Plan Width": 25, "Plans": [{"Node Type": "Hash Join", "Parent Relationship": "Outer", "Join Type": "Inner", "Startup Cost": 153290.39, "Total Cost": 317203.01, "Plan Rows": 1282311, "Plan Width": 25, "Inner Unique": true, "Hash Cond": "(mc.movie_id = t.id), (LLVM Optimized)", "Plans": [{"Node Type": "Hash Join", "Parent Relationship": "Outer", "Join Type": "Inner", "Startup Cost": 11566.01, "Total Cost": 157846.85, "Plan Rows": 1282311, "Plan Width": 4, "Inner Unique": true, "Hash Cond": "(mc.company_id = cn.id), (LLVM Optimized)", "Plans": [{"Node Type": "Index Scan", "Parent Relationship": "Outer", "Scan Direction": "Forward", "Index Name": "company_id_movie_companies", "Relation Name": "movie_companies", "Alias": "mc", "Startup Cost": 0.0, "Total Cost": 123673.5, "Plan Rows": 2609128, "Plan Width": 8}, {"Node Type": "Hash", "Parent Relationship": "Inner", "Startup Cost": 10501.39, "Total Cost": 10501.39, "Plan Rows": 85170, "Plan Width": 4, "Plans": [{"Node Type": "Index Scan", "Parent Relationship": "Outer", "Scan Direction": "Forward", "Index Name": "company_name_pkey", "Relation Name": "company_name", "Alias": "cn", "Startup Cost": 0.0, "Total Cost": 10501.39, "Plan Rows": 85170, "Plan Width": 4, "Filter": "((country_code)::text = '[us]'::text)"}]}]}, {"Node Type": "Hash", "Parent Relationship": "Inner", "Startup Cost": 110120.49, "Total Cost": 110120.49, "Plan Rows": 2528311, "Plan Width": 21, "Plans": [{"Node Type": "Index Scan", "Parent Relationship": "Outer", "Scan Direction": "Forward", "Index Name": "title_pkey", "Relation Name": "title", "Alias": "t", "Startup Cost": 0.0, "Total Cost": 110120.49, "Plan Rows": 2528311, "Plan Width": 21}]}]}]}]}, {"Node Type": "Hash", "Parent Relationship": "Inner", "Startup Cost": 124832.6, "Total Cost": 124832.6, "Plan Rows": 4167490, "Plan Width": 4, "Plans": [{"Node Type": "Index Only Scan", "Parent Relationship": "Outer", "Scan Direction": "Forward", "Index Name": "name_pkey", "Relation Name": "name", "Alias": "n1", "Startup Cost": 0.0, "Total Cost": 124832.6, "Plan Rows": 4167490, "Plan Width": 4}]}]}]}]}]}, "Unique SQL Id": 2457761703, "Planner Runtime": 38}, "explain_analyze_plan": {"Plan": {"Node Type": "Aggregate", "Strategy": "Plain", "Startup Cost": 807029.54, "Total Cost": 807029.55, "Plan Rows": 1, "Plan Width": 97, "Actual Startup Time": 19053.318, "Actual Total Time": 19053.318, "Actual Rows": 1, "Actual Loops": 1, "Plans": [{"Node Type": "Hash Join", "Parent Relationship": "Outer", "Join Type": "Inner", "Startup Cost": 729292.26, "Total Cost": 805244.05, "Plan Rows": 357098, "Plan Width": 33, "Actual Startup Time": 16037.177, "Actual Total Time": 17917.53, "Actual Rows": 2487611, "Actual Loops": 1, "Inner Unique": false, "Hash Cond": "(a1.person_id = n1.id), (LLVM Optimized, Jit Execute)", "Plans": [{"Node Type": "Index Scan", "Parent Relationship": "Outer", "Scan Direction": "Forward", "Index Name": "person_id_aka_name", "Relation Name": "aka_name", "Alias": "a1", "Startup Cost": 0.0, "Total Cost": 68965.03, "Plan Rows": 901342, "Plan Width": 20, "Actual Startup Time": 0.048, "Actual Total Time": 796.874, "Actual Rows": 901342, "Actual Loops": 1}, {"Node Type": "Hash", "Parent Relationship": "Inner", "Startup Cost": 720411.52, "Total Cost": 720411.52, "Plan Rows": 710459, "Plan Width": 25, "Actual Startup Time": 16030.86, "Actual Total Time": 16030.86, "Actual Rows": 1970658, "Actual Loops": 1, "Hash Buckets": 1048576, "Hash Batches": 1, "Original Hash Batches": 1, "Peak Memory Usage": 112799, "Plans": [{"Node Type": "Hash Join", "Parent Relationship": "Outer", "Join Type": "Inner", "Startup Cost": 510158.12, "Total Cost": 720411.52, "Plan Rows": 710459, "Plan Width": 25, "Actual Startup Time": 11412.962, "Actual Total Time": 15448.876, "Actual Rows": 1970658, "Actual Loops": 1, "Inner Unique": true, "Hash Cond": "(ci.person_id = n1.id), (LLVM Optimized, Jit Execute)", "Plans": [{"Node Type": "Hash Join", "Parent Relationship": "Outer", "Join Type": "Inner", "Startup Cost": 333231.89, "Total Cost": 533716.49, "Plan Rows": 710459, "Plan Width": 21, "Actual Startup Time": 8839.021, "Actual Total Time": 12108.1, "Actual Rows": 1970658, "Actual Loops": 1, "Inner Unique": false, "Hash Cond": "(ci.movie_id = t.id), (LLVM Optimized, Jit Execute)", "Plans": [{"Node Type": "Nested Loop", "Parent Relationship": "Outer", "Join Type": "Inner", "Startup Cost": 0.0, "Total Cost": 171418.25, "Plan Rows": 3296318, "Plan Width": 8, "Actual Startup Time": 0.115, "Actual Total Time": 1855.272, "Actual Rows": 2728943, "Actual Loops": 1, "Inner Unique": false, "Plans": [{"Node Type": "Index Scan", "Parent Relationship": "Outer", "Scan Direction": "Forward", "Index Name": "role_type_pkey", "Relation Name": "role_type", "Alias": "rt", "Startup Cost": 0.0, "Total Cost": 12.46, "Plan Rows": 1, "Plan Width": 4, "Actual Startup Time": 0.063, "Actual Total Time": 0.085, "Actual Rows": 1, "Actual Loops": 1, "Filter": "((role)::text = 'writer'::text)", "Rows Removed by Filter": 11}, {"Node Type": "Index Scan", "Parent Relationship": "Inner", "Scan Direction": "Forward", "Index Name": "role_id_cast_info", "Relation Name": "cast_info", "Alias": "ci", "Startup Cost": 0.0, "Total Cost": 138442.61, "Plan Rows": 3296318, "Plan Width": 12, "Actual Startup Time": 0.041, "Actual Total Time": 1330.383, "Actual Rows": 2728943, "Actual Loops": 1, "Index Cond": "(role_id = rt.id), (LLVM Optimized, Jit Execute)", "Rows Removed by Index Recheck": 0}]}, {"Node Type": "Hash", "Parent Relationship": "Inner", "Startup Cost": 317203.01, "Total Cost": 317203.01, "Plan Rows": 1282311, "Plan Width": 25, "Actual Startup Time": 8834.151, "Actual Total Time": 8834.151, "Actual Rows": 1153797, "Actual Loops": 1, "Hash Buckets": 2097152, "Hash Batches": 1, "Original Hash Batches": 1, "Peak Memory Usage": 68508, "Plans": [{"Node Type": "Hash Join", "Parent Relationship": "Outer", "Join Type": "Inner", "Startup Cost": 153290.39, "Total Cost": 317203.01, "Plan Rows": 1282311, "Plan Width": 25, "Actual Startup Time": 4497.733, "Actual Total Time": 8394.129, "Actual Rows": 1153797, "Actual Loops": 1, "Inner Unique": true, "Hash Cond": "(mc.movie_id = t.id), (LLVM Optimized, Jit Execute)", "Plans": [{"Node Type": "Hash Join", "Parent Relationship": "Outer", "Join Type": "Inner", "Startup Cost": 11566.01, "Total Cost": 157846.85, "Plan Rows": 1282311, "Plan Width": 4, "Actual Startup Time": 333.267, "Actual Total Time": 3568.77, "Actual Rows": 1153797, "Actual Loops": 1, "Inner Unique": true, "Hash Cond": "(mc.company_id = cn.id), (LLVM Optimized, Jit Execute)", "Plans": [{"Node Type": "Index Scan", "Parent Relationship": "Outer", "Scan Direction": "Forward", "Index Name": "company_id_movie_companies", "Relation Name": "movie_companies", "Alias": "mc", "Startup Cost": 0.0, "Total Cost": 123673.5, "Plan Rows": 2609128, "Plan Width": 8, "Actual Startup Time": 0.026, "Actual Total Time": 2485.274, "Actual Rows": 2609128, "Actual Loops": 1}, {"Node Type": "Hash", "Parent Relationship": "Inner", "Startup Cost": 10501.39, "Total Cost": 10501.39, "Plan Rows": 85170, "Plan Width": 4, "Actual Startup Time": 333.134, "Actual Total Time": 333.134, "Actual Rows": 84843, "Actual Loops": 1, "Hash Buckets": 131072, "Hash Batches": 1, "Original Hash Batches": 1, "Peak Memory Usage": 2983, "Plans": [{"Node Type": "Index Scan", "Parent Relationship": "Outer", "Scan Direction": "Forward", "Index Name": "company_name_pkey", "Relation Name": "company_name", "Alias": "cn", "Startup Cost": 0.0, "Total Cost": 10501.39, "Plan Rows": 85170, "Plan Width": 4, "Actual Startup Time": 0.031, "Actual Total Time": 302.403, "Actual Rows": 84843, "Actual Loops": 1, "Filter": "((country_code)::text = '[us]'::text)", "Rows Removed by Filter": 150153}]}]}, {"Node Type": "Hash", "Parent Relationship": "Inner", "Startup Cost": 110120.49, "Total Cost": 110120.49, "Plan Rows": 2528311, "Plan Width": 21, "Actual Startup Time": 4162.035, "Actual Total Time": 4162.035, "Actual Rows": 2528311, "Actual Loops": 1, "Hash Buckets": 4194304, "Hash Batches": 1, "Original Hash Batches": 1, "Peak Memory Usage": 135869, "Plans": [{"Node Type": "Index Scan", "Parent Relationship": "Outer", "Scan Direction": "Forward", "Index Name": "title_pkey", "Relation Name": "title", "Alias": "t", "Startup Cost": 0.0, "Total Cost": 110120.49, "Plan Rows": 2528311, "Plan Width": 21, "Actual Startup Time": 0.039, "Actual Total Time": 3055.453, "Actual Rows": 2528311, "Actual Loops": 1}]}]}]}]}, {"Node Type": "Hash", "Parent Relationship": "Inner", "Startup Cost": 124832.6, "Total Cost": 124832.6, "Plan Rows": 4167490, "Plan Width": 4, "Actual Startup Time": 2571.523, "Actual Total Time": 2571.523, "Actual Rows": 4167490, "Actual Loops": 1, "Hash Buckets": 4194304, "Hash Batches": 1, "Original Hash Batches": 1, "Peak Memory Usage": 146514, "Plans": [{"Node Type": "Index Only Scan", "Parent Relationship": "Outer", "Scan Direction": "Forward", "Index Name": "name_pkey", "Relation Name": "name", "Alias": "n1", "Startup Cost": 0.0, "Total Cost": 124832.6, "Plan Rows": 4167490, "Plan Width": 4, "Actual Startup Time": 0.035, "Actual Total Time": 1051.584, "Actual Rows": 4167490, "Actual Loops": 1, "Heap Fetches": 0}]}]}]}]}]}, "Triggers": [], "Planner Runtime": 38, "Total Runtime": 19067.919, "Unique SQL Id": 2457761703}}, "(1, 34)": {"explain_plan": {"Plan": {"Node Type": "Aggregate", "Strategy": "Plain", "Startup Cost": 808403.05, "Total Cost": 808403.06, "Plan Rows": 1, "Plan Width": 97, "Plans": [{"Node Type": "Hash Join", "Parent Relationship": "Outer", "Join Type": "Inner", "Startup Cost": 779365.79, "Total Cost": 806617.56, "Plan Rows": 357098, "Plan Width": 33, "Inner Unique": false, "Hash Cond": "(a1.person_id = n1.id), (LLVM Optimized)", "Plans": [{"Node Type": "Seq Scan", "Parent Relationship": "Outer", "Relation Name": "aka_name", "Alias": "a1", "Startup Cost": 0.0, "Total Cost": 19908.42, "Plan Rows": 901342, "Plan Width": 20}, {"Node Type": "Hash", "Parent Relationship": "Inner", "Startup Cost": 770485.05, "Total Cost": 770485.05, "Plan Rows": 710459, "Plan Width": 25, "Plans": [{"Node Type": "Hash Join", "Parent Relationship": "Outer", "Join Type": "Inner", "Startup Cost": 418198.6, "Total Cost": 770485.05, "Plan Rows": 710459, "Plan Width": 25, "Inner Unique": true, "Hash Cond": "(ci.person_id = n1.id), (LLVM Optimized)", "Plans": [{"Node Type": "Hash Join", "Parent Relationship": "Outer", "Join Type": "Inner", "Startup Cost": 273033.07, "Total Cost": 615550.72, "Plan Rows": 710459, "Plan Width": 21, "Inner Unique": false, "Hash Cond": "(ci.movie_id = t.id), (LLVM Optimized)", "Plans": [{"Node Type": "Nested Loop", "Parent Relationship": "Outer", "Join Type": "Inner", "Startup Cost": 76306.71, "Total Cost": 389758.02, "Plan Rows": 3296318, "Plan Width": 8, "Inner Unique": false, "Plans": [{"Node Type": "Seq Scan", "Parent Relationship": "Outer", "Relation Name": "role_type", "Alias": "rt", "Startup Cost": 0.0, "Total Cost": 1.15, "Plan Rows": 1, "Plan Width": 4, "Filter": "((role)::text = 'writer'::text)"}, {"Node Type": "Bitmap Heap Scan", "Parent Relationship": "Inner", "Relation Name": "cast_info", "Alias": "ci", "Startup Cost": 76306.71, "Total Cost": 356793.69, "Plan Rows": 3296318, "Plan Width": 12, "Recheck Cond": "(role_id = rt.id), (LLVM Optimized)", "Plans": [{"Node Type": "Bitmap Index Scan", "Parent Relationship": "Outer", "Index Name": "role_id_cast_info", "Startup Cost": 0.0, "Total Cost": 75482.63, "Plan Rows": 3296318, "Plan Width": 0, "Index Cond": "(role_id = rt.id)"}]}]}, {"Node Type": "Hash", "Parent Relationship": "Inner", "Startup Cost": 180697.47, "Total Cost": 180697.47, "Plan Rows": 1282311, "Plan Width": 25, "Plans": [{"Node Type": "Hash Join", "Parent Relationship": "Outer", "Join Type": "Inner", "Startup Cost": 98641.07, "Total Cost": 180697.47, "Plan Rows": 1282311, "Plan Width": 25, "Inner Unique": true, "Hash Cond": "(mc.movie_id = t.id), (LLVM Optimized)", "Plans": [{"Node Type": "Hash Join", "Parent Relationship": "Outer", "Join Type": "Inner", "Startup Cost": 6968.08, "Total Cost": 71392.69, "Plan Rows": 1282311, "Plan Width": 4, "Inner Unique": true, "Hash Cond": "(mc.company_id = cn.id), (LLVM Optimized)", "Plans": [{"Node Type": "Seq Scan", "Parent Relationship": "Outer", "Relation Name": "movie_companies", "Alias": "mc", "Startup Cost": 0.0, "Total Cost": 41817.28, "Plan Rows": 2609128, "Plan Width": 8}, {"Node Type": "Hash", "Parent Relationship": "Inner", "Startup Cost": 5903.45, "Total Cost": 5903.45, "Plan Rows": 85170, "Plan Width": 4, "Plans": [{"Node Type": "Seq Scan", "Parent Relationship": "Outer", "Relation Name": "company_name", "Alias": "cn", "Startup Cost": 0.0, "Total Cost": 5903.45, "Plan Rows": 85170, "Plan Width": 4, "Filter": "((country_code)::text = '[us]'::text)"}]}]}, {"Node Type": "Hash", "Parent Relationship": "Inner", "Startup Cost": 60069.11, "Total Cost": 60069.11, "Plan Rows": 2528311, "Plan Width": 21, "Plans": [{"Node Type": "Seq Scan", "Parent Relationship": "Outer", "Relation Name": "title", "Alias": "t", "Startup Cost": 0.0, "Total Cost": 60069.11, "Plan Rows": 2528311, "Plan Width": 21}]}]}]}]}, {"Node Type": "Hash", "Parent Relationship": "Inner", "Startup Cost": 93071.9, "Total Cost": 93071.9, "Plan Rows": 4167490, "Plan Width": 4, "Plans": [{"Node Type": "Seq Scan", "Parent Relationship": "Outer", "Relation Name": "name", "Alias": "n1", "Startup Cost": 0.0, "Total Cost": 93071.9, "Plan Rows": 4167490, "Plan Width": 4}]}]}]}]}]}, "Unique SQL Id": 2457761703, "Planner Runtime": 36}, "explain_analyze_plan": {"Plan": {"Node Type": "Aggregate", "Strategy": "Plain", "Startup Cost": 808403.05, "Total Cost": 808403.06, "Plan Rows": 1, "Plan Width": 97, "Actual Startup Time": 14156.96, "Actual Total Time": 14156.96, "Actual Rows": 1, "Actual Loops": 1, "Plans": [{"Node Type": "Hash Join", "Parent Relationship": "Outer", "Join Type": "Inner", "Startup Cost": 779365.79, "Total Cost": 806617.56, "Plan Rows": 357098, "Plan Width": 33, "Actual Startup Time": 11817.477, "Actual Total Time": 13035.953, "Actual Rows": 2487611, "Actual Loops": 1, "Inner Unique": false, "Hash Cond": "(a1.person_id = n1.id), (LLVM Optimized, Jit Execute)", "Plans": [{"Node Type": "Seq Scan", "Parent Relationship": "Outer", "Relation Name": "aka_name", "Alias": "a1", "Startup Cost": 0.0, "Total Cost": 19908.42, "Plan Rows": 901342, "Plan Width": 20, "Actual Startup Time": 0.021, "Actual Total Time": 223.729, "Actual Rows": 901342, "Actual Loops": 1}, {"Node Type": "Hash", "Parent Relationship": "Inner", "Startup Cost": 770485.05, "Total Cost": 770485.05, "Plan Rows": 710459, "Plan Width": 25, "Actual Startup Time": 11812.572, "Actual Total Time": 11812.572, "Actual Rows": 1970658, "Actual Loops": 1, "Hash Buckets": 1048576, "Hash Batches": 1, "Original Hash Batches": 1, "Peak Memory Usage": 112799, "Plans": [{"Node Type": "Hash Join", "Parent Relationship": "Outer", "Join Type": "Inner", "Startup Cost": 418198.6, "Total Cost": 770485.05, "Plan Rows": 710459, "Plan Width": 25, "Actual Startup Time": 7818.705, "Actual Total Time": 11227.254, "Actual Rows": 1970658, "Actual Loops": 1, "Inner Unique": true, "Hash Cond": "(ci.person_id = n1.id), (LLVM Optimized, Jit Execute)", "Plans": [{"Node Type": "Hash Join", "Parent Relationship": "Outer", "Join Type": "Inner", "Startup Cost": 273033.07, "Total Cost": 615550.72, "Plan Rows": 710459, "Plan Width": 21, "Actual Startup Time": 4856.752, "Actual Total Time": 7448.075, "Actual Rows": 1970658, "Actual Loops": 1, "Inner Unique": false, "Hash Cond": "(ci.movie_id = t.id), (LLVM Optimized, Jit Execute)", "Plans": [{"Node Type": "Nested Loop", "Parent Relationship": "Outer", "Join Type": "Inner", "Startup Cost": 76306.71, "Total Cost": 389758.02, "Plan Rows": 3296318, "Plan Width": 8, "Actual Startup Time": 338.992, "Actual Total Time": 1654.48, "Actual Rows": 2728943, "Actual Loops": 1, "Inner Unique": false, "Plans": [{"Node Type": "Seq Scan", "Parent Relationship": "Outer", "Relation Name": "role_type", "Alias": "rt", "Startup Cost": 0.0, "Total Cost": 1.15, "Plan Rows": 1, "Plan Width": 4, "Actual Startup Time": 0.048, "Actual Total Time": 0.071, "Actual Rows": 1, "Actual Loops": 1, "Filter": "((role)::text = 'writer'::text)", "Rows Removed by Filter": 11}, {"Node Type": "Bitmap Heap Scan", "Parent Relationship": "Inner", "Relation Name": "cast_info", "Alias": "ci", "Startup Cost": 76306.71, "Total Cost": 356793.69, "Plan Rows": 3296318, "Plan Width": 12, "Actual Startup Time": 338.921, "Actual Total Time": 1167.629, "Actual Rows": 2728943, "Actual Loops": 1, "Recheck Cond": "(role_id = rt.id), (LLVM Optimized, Jit Execute)", "Rows Removed by Index Recheck": 0, "Exact Heap Blocks": 19177, "Lossy Heap Blocks": 19177, "Plans": [{"Node Type": "Bitmap Index Scan", "Parent Relationship": "Outer", "Index Name": "role_id_cast_info", "Startup Cost": 0.0, "Total Cost": 75482.63, "Plan Rows": 3296318, "Plan Width": 0, "Actual Startup Time": 334.398, "Actual Total Time": 334.398, "Actual Rows": 2728943, "Actual Loops": 1, "Index Cond": "(role_id = rt.id)"}]}]}, {"Node Type": "Hash", "Parent Relationship": "Inner", "Startup Cost": 180697.47, "Total Cost": 180697.47, "Plan Rows": 1282311, "Plan Width": 25, "Actual Startup Time": 4512.943, "Actual Total Time": 4512.943, "Actual Rows": 1153797, "Actual Loops": 1, "Hash Buckets": 2097152, "Hash Batches": 1, "Original Hash Batches": 1, "Peak Memory Usage": 68508, "Plans": [{"Node Type": "Hash Join", "Parent Relationship": "Outer", "Join Type": "Inner", "Startup Cost": 98641.07, "Total Cost": 180697.47, "Plan Rows": 1282311, "Plan Width": 25, "Actual Startup Time": 1833.514, "Actual Total Time": 4016.679, "Actual Rows": 1153797, "Actual Loops": 1, "Inner Unique": true, "Hash Cond": "(mc.movie_id = t.id), (LLVM Optimized, Jit Execute)", "Plans": [{"Node Type": "Hash Join", "Parent Relationship": "Outer", "Join Type": "Inner", "Startup Cost": 6968.08, "Total Cost": 71392.69, "Plan Rows": 1282311, "Plan Width": 4, "Actual Startup Time": 112.988, "Actual Total Time": 1571.798, "Actual Rows": 1153797, "Actual Loops": 1, "Inner Unique": true, "Hash Cond": "(mc.company_id = cn.id), (LLVM Optimized, Jit Execute)", "Plans": [{"Node Type": "Seq Scan", "Parent Relationship": "Outer", "Relation Name": "movie_companies", "Alias": "mc", "Startup Cost": 0.0, "Total Cost": 41817.28, "Plan Rows": 2609128, "Plan Width": 8, "Actual Startup Time": 0.057, "Actual Total Time": 619.25, "Actual Rows": 2609128, "Actual Loops": 1}, {"Node Type": "Hash", "Parent Relationship": "Inner", "Startup Cost": 5903.45, "Total Cost": 5903.45, "Plan Rows": 85170, "Plan Width": 4, "Actual Startup Time": 112.814, "Actual Total Time": 112.814, "Actual Rows": 84843, "Actual Loops": 1, "Hash Buckets": 131072, "Hash Batches": 1, "Original Hash Batches": 1, "Peak Memory Usage": 2983, "Plans": [{"Node Type": "Seq Scan", "Parent Relationship": "Outer", "Relation Name": "company_name", "Alias": "cn", "Startup Cost": 0.0, "Total Cost": 5903.45, "Plan Rows": 85170, "Plan Width": 4, "Actual Startup Time": 0.042, "Actual Total Time": 90.184, "Actual Rows": 84843, "Actual Loops": 1, "Filter": "((country_code)::text = '[us]'::text)", "Rows Removed by Filter": 150153}]}]}, {"Node Type": "Hash", "Parent Relationship": "Inner", "Startup Cost": 60069.11, "Total Cost": 60069.11, "Plan Rows": 2528311, "Plan Width": 21, "Actual Startup Time": 1718.015, "Actual Total Time": 1718.015, "Actual Rows": 2528311, "Actual Loops": 1, "Hash Buckets": 4194304, "Hash Batches": 1, "Original Hash Batches": 1, "Peak Memory Usage": 135869, "Plans": [{"Node Type": "Seq Scan", "Parent Relationship": "Outer", "Relation Name": "title", "Alias": "t", "Startup Cost": 0.0, "Total Cost": 60069.11, "Plan Rows": 2528311, "Plan Width": 21, "Actual Startup Time": 0.029, "Actual Total Time": 802.868, "Actual Rows": 2528311, "Actual Loops": 1}]}]}]}]}, {"Node Type": "Hash", "Parent Relationship": "Inner", "Startup Cost": 93071.9, "Total Cost": 93071.9, "Plan Rows": 4167490, "Plan Width": 4, "Actual Startup Time": 2959.088, "Actual Total Time": 2959.088, "Actual Rows": 4167490, "Actual Loops": 1, "Hash Buckets": 4194304, "Hash Batches": 1, "Original Hash Batches": 1, "Peak Memory Usage": 146514, "Plans": [{"Node Type": "Seq Scan", "Parent Relationship": "Outer", "Relation Name": "name", "Alias": "n1", "Startup Cost": 0.0, "Total Cost": 93071.9, "Plan Rows": 4167490, "Plan Width": 4, "Actual Startup Time": 0.039, "Actual Total Time": 1329.288, "Actual Rows": 4167490, "Actual Loops": 1}]}]}]}]}]}, "Triggers": [], "Planner Runtime": 35, "Total Runtime": 14171.854, "Unique SQL Id": 2457761703}}, "(1, 35)": {"explain_plan": {"Plan": {"Node Type": "Aggregate", "Strategy": "Plain", "Startup Cost": 1000069787565.86, "Total Cost": 1000069787565.87, "Plan Rows": 1, "Plan Width": 97, "Plans": [{"Node Type": "Nested Loop", "Parent Relationship": "Outer", "Join Type": "Inner", "Startup Cost": 10000000001.8, "Total Cost": 1000069785780.37, "Plan Rows": 357098, "Plan Width": 33, "Inner Unique": true, "Plans": [{"Node Type": "Nested Loop", "Parent Relationship": "Outer", "Join Type": "Inner", "Startup Cost": 10000000001.54, "Total Cost": 1000068255744.11, "Plan Rows": 357379, "Plan Width": 24, "Inner Unique": true, "Join Filter": "(a1.person_id = n1.id), (LLVM Optimized)", "Plans": [{"Node Type": "Nested Loop", "Parent Relationship": "Outer", "Join Type": "Inner", "Startup Cost": 10000000001.28, "Total Cost": 1000066724564.96, "Plan Rows": 357379, "Plan Width": 32, "Inner Unique": false, "Plans": [{"Node Type": "Nested Loop", "Parent Relationship": "Outer", "Join Type": "Inner", "Startup Cost": 10000000001.03, "Total Cost": 1000063680996.82, "Plan Rows": 711018, "Plan Width": 12, "Inner Unique": true, "Plans": [{"Node Type": "Nested Loop", "Parent Relationship": "Outer", "Join Type": "Inner", "Startup Cost": 10000000000.77, "Total Cost": 1000030184746.51, "Plan Rows": 7821201, "Plan Width": 16, "Inner Unique": false, "Plans": [{"Node Type": "Nested Loop", "Parent Relationship": "Outer", "Join Type": "Inner", "Startup Cost": 10000000000.26, "Total Cost": 1000024227793.07, "Plan Rows": 1282311, "Plan Width": 4, "Inner Unique": true, "Plans": [{"Node Type": "Index Scan", "Parent Relationship": "Outer", "Scan Direction": "Forward", "Index Name": "movie_id_movie_companies", "Relation Name": "movie_companies", "Alias": "mc", "Startup Cost": 10000000000.0, "Total Cost": 1000013051946.13, "Plan Rows": 2609128, "Plan Width": 8}, {"Node Type": "Bitmap Heap Scan", "Parent Relationship": "Inner", "Relation Name": "company_name", "Alias": "cn", "Startup Cost": 0.26, "Total Cost": 4.27, "Plan Rows": 1, "Plan Width": 4, "Recheck Cond": "(id = mc.company_id)", "Filter": "((country_code)::text = '[us]'::text)", "Plans": [{"Node Type": "Bitmap Index Scan", "Parent Relationship": "Outer", "Index Name": "company_name_pkey", "Startup Cost": 0.0, "Total Cost": 0.26, "Plan Rows": 1, "Plan Width": 0, "Index Cond": "(id = mc.company_id)"}]}]}, {"Node Type": "Bitmap Heap Scan", "Parent Relationship": "Inner", "Relation Name": "cast_info", "Alias": "ci", "Startup Cost": 0.51, "Total Cost": 4.59, "Plan Rows": 6, "Plan Width": 12, "Recheck Cond": "(movie_id = mc.movie_id)", "Plans": [{"Node Type": "Bitmap Index Scan", "Parent Relationship": "Outer", "Index Name": "movie_id_cast_info", "Startup Cost": 0.0, "Total Cost": 0.51, "Plan Rows": 6, "Plan Width": 0, "Index Cond": "(movie_id = mc.movie_id)"}]}]}, {"Node Type": "Bitmap Heap Scan", "Parent Relationship": "Inner", "Relation Name": "role_type", "Alias": "rt", "Startup Cost": 0.26, "Total Cost": 4.27, "Plan Rows": 1, "Plan Width": 4, "Recheck Cond": "(id = ci.role_id)", "Filter": "((role)::text = 'writer'::text)", "Plans": [{"Node Type": "Bitmap Index Scan", "Parent Relationship": "Outer", "Index Name": "role_type_pkey", "Startup Cost": 0.0, "Total Cost": 0.26, "Plan Rows": 1, "Plan Width": 0, "Index Cond": "(id = ci.role_id)"}]}]}, {"Node Type": "Bitmap Heap Scan", "Parent Relationship": "Inner", "Relation Name": "aka_name", "Alias": "a1", "Startup Cost": 0.26, "Total Cost": 4.27, "Plan Rows": 1, "Plan Width": 20, "Recheck Cond": "(person_id = ci.person_id)", "Plans": [{"Node Type": "Bitmap Index Scan", "Parent Relationship": "Outer", "Index Name": "person_id_aka_name", "Startup Cost": 0.0, "Total Cost": 0.26, "Plan Rows": 1, "Plan Width": 0, "Index Cond": "(person_id = ci.person_id)"}]}]}, {"Node Type": "Bitmap Heap Scan", "Parent Relationship": "Inner", "Relation Name": "name", "Alias": "n1", "Startup Cost": 0.26, "Total Cost": 4.27, "Plan Rows": 1, "Plan Width": 4, "Recheck Cond": "(id = ci.person_id)", "Plans": [{"Node Type": "Bitmap Index Scan", "Parent Relationship": "Outer", "Index Name": "name_pkey", "Startup Cost": 0.0, "Total Cost": 0.26, "Plan Rows": 1, "Plan Width": 0, "Index Cond": "(id = ci.person_id)"}]}]}, {"Node Type": "Bitmap Heap Scan", "Parent Relationship": "Inner", "Relation Name": "title", "Alias": "t", "Startup Cost": 0.26, "Total Cost": 4.27, "Plan Rows": 1, "Plan Width": 21, "Recheck Cond": "(id = ci.movie_id)", "Plans": [{"Node Type": "Bitmap Index Scan", "Parent Relationship": "Outer", "Index Name": "title_pkey", "Startup Cost": 0.0, "Total Cost": 0.26, "Plan Rows": 1, "Plan Width": 0, "Index Cond": "(id = ci.movie_id)"}]}]}]}, "Unique SQL Id": 2457761703, "Planner Runtime": 3}, "explain_analyze_plan": null}, "(1, 36)": {"explain_plan": {"Plan": {"Node Type": "Aggregate", "Strategy": "Plain", "Startup Cost": 589695.38, "Total Cost": 589695.39, "Plan Rows": 1, "Plan Width": 97, "Plans": [{"Node Type": "Hash Join", "Parent Relationship": "Outer", "Join Type": "Inner", "Startup Cost": 561014.71, "Total Cost": 587909.89, "Plan Rows": 357098, "Plan Width": 33, "Inner Unique": false, "Hash Cond": "(a1.person_id = n1.id), (LLVM Optimized)", "Plans": [{"Node Type": "Seq Scan", "Parent Relationship": "Outer", "Relation Name": "aka_name", "Alias": "a1", "Startup Cost": 0.0, "Total Cost": 19908.42, "Plan Rows": 901342, "Plan Width": 20}, {"Node Type": "Hash", "Parent Relationship": "Inner", "Startup Cost": 552133.97, "Total Cost": 552133.97, "Plan Rows": 710459, "Plan Width": 25, "Plans": [{"Node Type": "Hash Join", "Parent Relationship": "Outer", "Join Type": "Inner", "Startup Cost": 341891.88, "Total Cost": 552133.97, "Plan Rows": 710459, "Plan Width": 25, "Inner Unique": true, "Hash Cond": "(ci.person_id = n1.id), (LLVM Optimized)", "Plans": [{"Node Type": "Hash Join", "Parent Relationship": "Outer", "Join Type": "Inner", "Startup Cost": 196726.36, "Total Cost": 397199.64, "Plan Rows": 710459, "Plan Width": 21, "Inner Unique": false, "Hash Cond": "(ci.movie_id = t.id), (LLVM Optimized)", "Plans": [{"Node Type": "Nested Loop", "Parent Relationship": "Outer", "Join Type": "Inner", "Startup Cost": 0.0, "Total Cost": 171406.94, "Plan Rows": 3296318, "Plan Width": 8, "Inner Unique": false, "Plans": [{"Node Type": "Seq Scan", "Parent Relationship": "Outer", "Relation Name": "role_type", "Alias": "rt", "Startup Cost": 0.0, "Total Cost": 1.15, "Plan Rows": 1, "Plan Width": 4, "Filter": "((role)::text = 'writer'::text)"}, {"Node Type": "Index Scan", "Parent Relationship": "Inner", "Scan Direction": "Forward", "Index Name": "role_id_cast_info", "Relation Name": "cast_info", "Alias": "ci", "Startup Cost": 0.0, "Total Cost": 138442.61, "Plan Rows": 3296318, "Plan Width": 12, "Index Cond": "(role_id = rt.id), (LLVM Optimized)"}]}, {"Node Type": "Hash", "Parent Relationship": "Inner", "Startup Cost": 180697.47, "Total Cost": 180697.47, "Plan Rows": 1282311, "Plan Width": 25, "Plans": [{"Node Type": "Hash Join", "Parent Relationship": "Outer", "Join Type": "Inner", "Startup Cost": 98641.07, "Total Cost": 180697.47, "Plan Rows": 1282311, "Plan Width": 25, "Inner Unique": true, "Hash Cond": "(mc.movie_id = t.id), (LLVM Optimized)", "Plans": [{"Node Type": "Hash Join", "Parent Relationship": "Outer", "Join Type": "Inner", "Startup Cost": 6968.08, "Total Cost": 71392.69, "Plan Rows": 1282311, "Plan Width": 4, "Inner Unique": true, "Hash Cond": "(mc.company_id = cn.id), (LLVM Optimized)", "Plans": [{"Node Type": "Seq Scan", "Parent Relationship": "Outer", "Relation Name": "movie_companies", "Alias": "mc", "Startup Cost": 0.0, "Total Cost": 41817.28, "Plan Rows": 2609128, "Plan Width": 8}, {"Node Type": "Hash", "Parent Relationship": "Inner", "Startup Cost": 5903.45, "Total Cost": 5903.45, "Plan Rows": 85170, "Plan Width": 4, "Plans": [{"Node Type": "Seq Scan", "Parent Relationship": "Outer", "Relation Name": "company_name", "Alias": "cn", "Startup Cost": 0.0, "Total Cost": 5903.45, "Plan Rows": 85170, "Plan Width": 4, "Filter": "((country_code)::text = '[us]'::text)"}]}]}, {"Node Type": "Hash", "Parent Relationship": "Inner", "Startup Cost": 60069.11, "Total Cost": 60069.11, "Plan Rows": 2528311, "Plan Width": 21, "Plans": [{"Node Type": "Seq Scan", "Parent Relationship": "Outer", "Relation Name": "title", "Alias": "t", "Startup Cost": 0.0, "Total Cost": 60069.11, "Plan Rows": 2528311, "Plan Width": 21}]}]}]}]}, {"Node Type": "Hash", "Parent Relationship": "Inner", "Startup Cost": 93071.9, "Total Cost": 93071.9, "Plan Rows": 4167490, "Plan Width": 4, "Plans": [{"Node Type": "Seq Scan", "Parent Relationship": "Outer", "Relation Name": "name", "Alias": "n1", "Startup Cost": 0.0, "Total Cost": 93071.9, "Plan Rows": 4167490, "Plan Width": 4}]}]}]}]}]}, "Unique SQL Id": 2457761703, "Planner Runtime": 45}, "explain_analyze_plan": {"Plan": {"Node Type": "Aggregate", "Strategy": "Plain", "Startup Cost": 589695.38, "Total Cost": 589695.39, "Plan Rows": 1, "Plan Width": 97, "Actual Startup Time": 14083.388, "Actual Total Time": 14083.389, "Actual Rows": 1, "Actual Loops": 1, "Plans": [{"Node Type": "Hash Join", "Parent Relationship": "Outer", "Join Type": "Inner", "Startup Cost": 561014.71, "Total Cost": 587909.89, "Plan Rows": 357098, "Plan Width": 33, "Actual Startup Time": 11707.86, "Actual Total Time": 12960.559, "Actual Rows": 2487611, "Actual Loops": 1, "Inner Unique": false, "Hash Cond": "(a1.person_id = n1.id), (LLVM Optimized, Jit Execute)", "Plans": [{"Node Type": "Seq Scan", "Parent Relationship": "Outer", "Relation Name": "aka_name", "Alias": "a1", "Startup Cost": 0.0, "Total Cost": 19908.42, "Plan Rows": 901342, "Plan Width": 20, "Actual Startup Time": 0.028, "Actual Total Time": 228.399, "Actual Rows": 901342, "Actual Loops": 1}, {"Node Type": "Hash", "Parent Relationship": "Inner", "Startup Cost": 552133.97, "Total Cost": 552133.97, "Plan Rows": 710459, "Plan Width": 25, "Actual Startup Time": 11703.168, "Actual Total Time": 11703.168, "Actual Rows": 1970658, "Actual Loops": 1, "Hash Buckets": 1048576, "Hash Batches": 1, "Original Hash Batches": 1, "Peak Memory Usage": 112799, "Plans": [{"Node Type": "Hash Join", "Parent Relationship": "Outer", "Join Type": "Inner", "Startup Cost": 341891.88, "Total Cost": 552133.97, "Plan Rows": 710459, "Plan Width": 25, "Actual Startup Time": 7024.385, "Actual Total Time": 11117.689, "Actual Rows": 1970658, "Actual Loops": 1, "Inner Unique": true, "Hash Cond": "(ci.person_id = n1.id), (LLVM Optimized, Jit Execute)", "Plans": [{"Node Type": "Hash Join", "Parent Relationship": "Outer", "Join Type": "Inner", "Startup Cost": 196726.36, "Total Cost": 397199.64, "Plan Rows": 710459, "Plan Width": 21, "Actual Startup Time": 4186.944, "Actual Total Time": 7503.897, "Actual Rows": 1970658, "Actual Loops": 1, "Inner Unique": false, "Hash Cond": "(ci.movie_id = t.id), (LLVM Optimized, Jit Execute)", "Plans": [{"Node Type": "Nested Loop", "Parent Relationship": "Outer", "Join Type": "Inner", "Startup Cost": 0.0, "Total Cost": 171406.94, "Plan Rows": 3296318, "Plan Width": 8, "Actual Startup Time": 0.117, "Actual Total Time": 1880.061, "Actual Rows": 2728943, "Actual Loops": 1, "Inner Unique": false, "Plans": [{"Node Type": "Seq Scan", "Parent Relationship": "Outer", "Relation Name": "role_type", "Alias": "rt", "Startup Cost": 0.0, "Total Cost": 1.15, "Plan Rows": 1, "Plan Width": 4, "Actual Startup Time": 0.047, "Actual Total Time": 0.143, "Actual Rows": 1, "Actual Loops": 1, "Filter": "((role)::text = 'writer'::text)", "Rows Removed by Filter": 11}, {"Node Type": "Index Scan", "Parent Relationship": "Inner", "Scan Direction": "Forward", "Index Name": "role_id_cast_info", "Relation Name": "cast_info", "Alias": "ci", "Startup Cost": 0.0, "Total Cost": 138442.61, "Plan Rows": 3296318, "Plan Width": 12, "Actual Startup Time": 0.057, "Actual Total Time": 1350.34, "Actual Rows": 2728943, "Actual Loops": 1, "Index Cond": "(role_id = rt.id), (LLVM Optimized, Jit Execute)", "Rows Removed by Index Recheck": 0}]}, {"Node Type": "Hash", "Parent Relationship": "Inner", "Startup Cost": 180697.47, "Total Cost": 180697.47, "Plan Rows": 1282311, "Plan Width": 25, "Actual Startup Time": 4182.205, "Actual Total Time": 4182.205, "Actual Rows": 1153797, "Actual Loops": 1, "Hash Buckets": 2097152, "Hash Batches": 1, "Original Hash Batches": 1, "Peak Memory Usage": 68508, "Plans": [{"Node Type": "Hash Join", "Parent Relationship": "Outer", "Join Type": "Inner", "Startup Cost": 98641.07, "Total Cost": 180697.47, "Plan Rows": 1282311, "Plan Width": 25, "Actual Startup Time": 1768.291, "Actual Total Time": 3783.203, "Actual Rows": 1153797, "Actual Loops": 1, "Inner Unique": true, "Hash Cond": "(mc.movie_id = t.id), (LLVM Optimized, Jit Execute)", "Plans": [{"Node Type": "Hash Join", "Parent Relationship": "Outer", "Join Type": "Inner", "Startup Cost": 6968.08, "Total Cost": 71392.69, "Plan Rows": 1282311, "Plan Width": 4, "Actual Startup Time": 112.424, "Actual Total Time": 1527.13, "Actual Rows": 1153797, "Actual Loops": 1, "Inner Unique": true, "Hash Cond": "(mc.company_id = cn.id), (LLVM Optimized, Jit Execute)", "Plans": [{"Node Type": "Seq Scan", "Parent Relationship": "Outer", "Relation Name": "movie_companies", "Alias": "mc", "Startup Cost": 0.0, "Total Cost": 41817.28, "Plan Rows": 2609128, "Plan Width": 8, "Actual Startup Time": 0.024, "Actual Total Time": 595.557, "Actual Rows": 2609128, "Actual Loops": 1}, {"Node Type": "Hash", "Parent Relationship": "Inner", "Startup Cost": 5903.45, "Total Cost": 5903.45, "Plan Rows": 85170, "Plan Width": 4, "Actual Startup Time": 112.295, "Actual Total Time": 112.295, "Actual Rows": 84843, "Actual Loops": 1, "Hash Buckets": 131072, "Hash Batches": 1, "Original Hash Batches": 1, "Peak Memory Usage": 2983, "Plans": [{"Node Type": "Seq Scan", "Parent Relationship": "Outer", "Relation Name": "company_name", "Alias": "cn", "Startup Cost": 0.0, "Total Cost": 5903.45, "Plan Rows": 85170, "Plan Width": 4, "Actual Startup Time": 0.028, "Actual Total Time": 89.914, "Actual Rows": 84843, "Actual Loops": 1, "Filter": "((country_code)::text = '[us]'::text)", "Rows Removed by Filter": 150153}]}]}, {"Node Type": "Hash", "Parent Relationship": "Inner", "Startup Cost": 60069.11, "Total Cost": 60069.11, "Plan Rows": 2528311, "Plan Width": 21, "Actual Startup Time": 1653.422, "Actual Total Time": 1653.422, "Actual Rows": 2528311, "Actual Loops": 1, "Hash Buckets": 4194304, "Hash Batches": 1, "Original Hash Batches": 1, "Peak Memory Usage": 135869, "Plans": [{"Node Type": "Seq Scan", "Parent Relationship": "Outer", "Relation Name": "title", "Alias": "t", "Startup Cost": 0.0, "Total Cost": 60069.11, "Plan Rows": 2528311, "Plan Width": 21, "Actual Startup Time": 0.026, "Actual Total Time": 800.156, "Actual Rows": 2528311, "Actual Loops": 1}]}]}]}]}, {"Node Type": "Hash", "Parent Relationship": "Inner", "Startup Cost": 93071.9, "Total Cost": 93071.9, "Plan Rows": 4167490, "Plan Width": 4, "Actual Startup Time": 2834.921, "Actual Total Time": 2834.921, "Actual Rows": 4167490, "Actual Loops": 1, "Hash Buckets": 4194304, "Hash Batches": 1, "Original Hash Batches": 1, "Peak Memory Usage": 146514, "Plans": [{"Node Type": "Seq Scan", "Parent Relationship": "Outer", "Relation Name": "name", "Alias": "n1", "Startup Cost": 0.0, "Total Cost": 93071.9, "Plan Rows": 4167490, "Plan Width": 4, "Actual Startup Time": 0.027, "Actual Total Time": 1278.188, "Actual Rows": 4167490, "Actual Loops": 1}]}]}]}]}]}, "Triggers": [], "Planner Runtime": 46, "Total Runtime": 14098.166, "Unique SQL Id": 2457761703}}, "(1, 37)": {"explain_plan": {"Plan": {"Node Type": "Aggregate", "Strategy": "Plain", "Startup Cost": 824512.34, "Total Cost": 824512.35, "Plan Rows": 1, "Plan Width": 97, "Plans": [{"Node Type": "Hash Join", "Parent Relationship": "Outer", "Join Type": "Inner", "Startup Cost": 746775.06, "Total Cost": 822726.85, "Plan Rows": 357098, "Plan Width": 33, "Inner Unique": false, "Hash Cond": "(a1.person_id = n1.id), (LLVM Optimized)", "Plans": [{"Node Type": "Index Scan", "Parent Relationship": "Outer", "Scan Direction": "Forward", "Index Name": "person_id_aka_name", "Relation Name": "aka_name", "Alias": "a1", "Startup Cost": 0.0, "Total Cost": 68965.03, "Plan Rows": 901342, "Plan Width": 20}, {"Node Type": "Hash", "Parent Relationship": "Inner", "Startup Cost": 737894.33, "Total Cost": 737894.33, "Plan Rows": 710459, "Plan Width": 25, "Plans": [{"Node Type": "Nested Loop", "Parent Relationship": "Outer", "Join Type": "Inner", "Startup Cost": 333231.89, "Total Cost": 737894.33, "Plan Rows": 710459, "Plan Width": 25, "Inner Unique": true, "Plans": [{"Node Type": "Hash Join", "Parent Relationship": "Outer", "Join Type": "Inner", "Startup Cost": 333231.89, "Total Cost": 533716.49, "Plan Rows": 710459, "Plan Width": 21, "Inner Unique": false, "Hash Cond": "(ci.movie_id = t.id), (LLVM Optimized)", "Plans": [{"Node Type": "Nested Loop", "Parent Relationship": "Outer", "Join Type": "Inner", "Startup Cost": 0.0, "Total Cost": 171418.25, "Plan Rows": 3296318, "Plan Width": 8, "Inner Unique": false, "Plans": [{"Node Type": "Index Scan", "Parent Relationship": "Outer", "Scan Direction": "Forward", "Index Name": "role_type_pkey", "Relation Name": "role_type", "Alias": "rt", "Startup Cost": 0.0, "Total Cost": 12.46, "Plan Rows": 1, "Plan Width": 4, "Filter": "((role)::text = 'writer'::text)"}, {"Node Type": "Index Scan", "Parent Relationship": "Inner", "Scan Direction": "Forward", "Index Name": "role_id_cast_info", "Relation Name": "cast_info", "Alias": "ci", "Startup Cost": 0.0, "Total Cost": 138442.61, "Plan Rows": 3296318, "Plan Width": 12, "Index Cond": "(role_id = rt.id), (LLVM Optimized)"}]}, {"Node Type": "Hash", "Parent Relationship": "Inner", "Startup Cost": 317203.01, "Total Cost": 317203.01, "Plan Rows": 1282311, "Plan Width": 25, "Plans": [{"Node Type": "Hash Join", "Parent Relationship": "Outer", "Join Type": "Inner", "Startup Cost": 153290.39, "Total Cost": 317203.01, "Plan Rows": 1282311, "Plan Width": 25, "Inner Unique": true, "Hash Cond": "(mc.movie_id = t.id), (LLVM Optimized)", "Plans": [{"Node Type": "Hash Join", "Parent Relationship": "Outer", "Join Type": "Inner", "Startup Cost": 11566.01, "Total Cost": 157846.85, "Plan Rows": 1282311, "Plan Width": 4, "Inner Unique": true, "Hash Cond": "(mc.company_id = cn.id), (LLVM Optimized)", "Plans": [{"Node Type": "Index Scan", "Parent Relationship": "Outer", "Scan Direction": "Forward", "Index Name": "company_id_movie_companies", "Relation Name": "movie_companies", "Alias": "mc", "Startup Cost": 0.0, "Total Cost": 123673.5, "Plan Rows": 2609128, "Plan Width": 8}, {"Node Type": "Hash", "Parent Relationship": "Inner", "Startup Cost": 10501.39, "Total Cost": 10501.39, "Plan Rows": 85170, "Plan Width": 4, "Plans": [{"Node Type": "Index Scan", "Parent Relationship": "Outer", "Scan Direction": "Forward", "Index Name": "company_name_pkey", "Relation Name": "company_name", "Alias": "cn", "Startup Cost": 0.0, "Total Cost": 10501.39, "Plan Rows": 85170, "Plan Width": 4, "Filter": "((country_code)::text = '[us]'::text)"}]}]}, {"Node Type": "Hash", "Parent Relationship": "Inner", "Startup Cost": 110120.49, "Total Cost": 110120.49, "Plan Rows": 2528311, "Plan Width": 21, "Plans": [{"Node Type": "Index Scan", "Parent Relationship": "Outer", "Scan Direction": "Forward", "Index Name": "title_pkey", "Relation Name": "title", "Alias": "t", "Startup Cost": 0.0, "Total Cost": 110120.49, "Plan Rows": 2528311, "Plan Width": 21}]}]}]}]}, {"Node Type": "Index Scan", "Parent Relationship": "Inner", "Scan Direction": "Forward", "Index Name": "name_pkey", "Relation Name": "name", "Alias": "n1", "Startup Cost": 0.0, "Total Cost": 0.28, "Plan Rows": 1, "Plan Width": 4, "Index Cond": "(id = ci.person_id)"}]}]}]}]}, "Unique SQL Id": 2457761703, "Planner Runtime": 37}, "explain_analyze_plan": {"Plan": {"Node Type": "Aggregate", "Strategy": "Plain", "Startup Cost": 824512.34, "Total Cost": 824512.35, "Plan Rows": 1, "Plan Width": 97, "Actual Startup Time": 24134.904, "Actual Total Time": 24134.904, "Actual Rows": 1, "Actual Loops": 1, "Plans": [{"Node Type": "Hash Join", "Parent Relationship": "Outer", "Join Type": "Inner", "Startup Cost": 746775.06, "Total Cost": 822726.85, "Plan Rows": 357098, "Plan Width": 33, "Actual Startup Time": 21186.514, "Actual Total Time": 22993.904, "Actual Rows": 2487611, "Actual Loops": 1, "Inner Unique": false, "Hash Cond": "(a1.person_id = n1.id), (LLVM Optimized, Jit Execute)", "Plans": [{"Node Type": "Index Scan", "Parent Relationship": "Outer", "Scan Direction": "Forward", "Index Name": "person_id_aka_name", "Relation Name": "aka_name", "Alias": "a1", "Startup Cost": 0.0, "Total Cost": 68965.03, "Plan Rows": 901342, "Plan Width": 20, "Actual Startup Time": 0.043, "Actual Total Time": 771.221, "Actual Rows": 901342, "Actual Loops": 1}, {"Node Type": "Hash", "Parent Relationship": "Inner", "Startup Cost": 737894.33, "Total Cost": 737894.33, "Plan Rows": 710459, "Plan Width": 25, "Actual Startup Time": 21185.693, "Actual Total Time": 21185.693, "Actual Rows": 1970658, "Actual Loops": 1, "Hash Buckets": 1048576, "Hash Batches": 1, "Original Hash Batches": 1, "Peak Memory Usage": 112799, "Plans": [{"Node Type": "Nested Loop", "Parent Relationship": "Outer", "Join Type": "Inner", "Startup Cost": 333231.89, "Total Cost": 737894.33, "Plan Rows": 710459, "Plan Width": 25, "Actual Startup Time": 9732.55, "Actual Total Time": 20386.892, "Actual Rows": 1970658, "Actual Loops": 1, "Inner Unique": true, "Plans": [{"Node Type": "Hash Join", "Parent Relationship": "Outer", "Join Type": "Inner", "Startup Cost": 333231.89, "Total Cost": 533716.49, "Plan Rows": 710459, "Plan Width": 21, "Actual Startup Time": 9732.484, "Actual Total Time": 13442.445, "Actual Rows": 1970658, "Actual Loops": 1, "Inner Unique": false, "Hash Cond": "(ci.movie_id = t.id), (LLVM Optimized, Jit Execute)", "Plans": [{"Node Type": "Nested Loop", "Parent Relationship": "Outer", "Join Type": "Inner", "Startup Cost": 0.0, "Total Cost": 171418.25, "Plan Rows": 3296318, "Plan Width": 8, "Actual Startup Time": 0.077, "Actual Total Time": 1955.494, "Actual Rows": 2728943, "Actual Loops": 1, "Inner Unique": false, "Plans": [{"Node Type": "Index Scan", "Parent Relationship": "Outer", "Scan Direction": "Forward", "Index Name": "role_type_pkey", "Relation Name": "role_type", "Alias": "rt", "Startup Cost": 0.0, "Total Cost": 12.46, "Plan Rows": 1, "Plan Width": 4, "Actual Startup Time": 0.022, "Actual Total Time": 0.042, "Actual Rows": 1, "Actual Loops": 1, "Filter": "((role)::text = 'writer'::text)", "Rows Removed by Filter": 11}, {"Node Type": "Index Scan", "Parent Relationship": "Inner", "Scan Direction": "Forward", "Index Name": "role_id_cast_info", "Relation Name": "cast_info", "Alias": "ci", "Startup Cost": 0.0, "Total Cost": 138442.61, "Plan Rows": 3296318, "Plan Width": 12, "Actual Startup Time": 0.05, "Actual Total Time": 1400.002, "Actual Rows": 2728943, "Actual Loops": 1, "Index Cond": "(role_id = rt.id), (LLVM Optimized, Jit Execute)", "Rows Removed by Index Recheck": 0}]}, {"Node Type": "Hash", "Parent Relationship": "Inner", "Startup Cost": 317203.01, "Total Cost": 317203.01, "Plan Rows": 1282311, "Plan Width": 25, "Actual Startup Time": 9727.015, "Actual Total Time": 9727.015, "Actual Rows": 1153797, "Actual Loops": 1, "Hash Buckets": 2097152, "Hash Batches": 1, "Original Hash Batches": 1, "Peak Memory Usage": 68508, "Plans": [{"Node Type": "Hash Join", "Parent Relationship": "Outer", "Join Type": "Inner", "Startup Cost": 153290.39, "Total Cost": 317203.01, "Plan Rows": 1282311, "Plan Width": 25, "Actual Startup Time": 4662.338, "Actual Total Time": 9184.976, "Actual Rows": 1153797, "Actual Loops": 1, "Inner Unique": true, "Hash Cond": "(mc.movie_id = t.id), (LLVM Optimized, Jit Execute)", "Plans": [{"Node Type": "Hash Join", "Parent Relationship": "Outer", "Join Type": "Inner", "Startup Cost": 11566.01, "Total Cost": 157846.85, "Plan Rows": 1282311, "Plan Width": 4, "Actual Startup Time": 342.022, "Actual Total Time": 4116.726, "Actual Rows": 1153797, "Actual Loops": 1, "Inner Unique": true, "Hash Cond": "(mc.company_id = cn.id), (LLVM Optimized, Jit Execute)", "Plans": [{"Node Type": "Index Scan", "Parent Relationship": "Outer", "Scan Direction": "Forward", "Index Name": "company_id_movie_companies", "Relation Name": "movie_companies", "Alias": "mc", "Startup Cost": 0.0, "Total Cost": 123673.5, "Plan Rows": 2609128, "Plan Width": 8, "Actual Startup Time": 0.04, "Actual Total Time": 3005.724, "Actual Rows": 2609128, "Actual Loops": 1}, {"Node Type": "Hash", "Parent Relationship": "Inner", "Startup Cost": 10501.39, "Total Cost": 10501.39, "Plan Rows": 85170, "Plan Width": 4, "Actual Startup Time": 341.857, "Actual Total Time": 341.857, "Actual Rows": 84843, "Actual Loops": 1, "Hash Buckets": 131072, "Hash Batches": 1, "Original Hash Batches": 1, "Peak Memory Usage": 2983, "Plans": [{"Node Type": "Index Scan", "Parent Relationship": "Outer", "Scan Direction": "Forward", "Index Name": "company_name_pkey", "Relation Name": "company_name", "Alias": "cn", "Startup Cost": 0.0, "Total Cost": 10501.39, "Plan Rows": 85170, "Plan Width": 4, "Actual Startup Time": 0.036, "Actual Total Time": 316.146, "Actual Rows": 84843, "Actual Loops": 1, "Filter": "((country_code)::text = '[us]'::text)", "Rows Removed by Filter": 150153}]}]}, {"Node Type": "Hash", "Parent Relationship": "Inner", "Startup Cost": 110120.49, "Total Cost": 110120.49, "Plan Rows": 2528311, "Plan Width": 21, "Actual Startup Time": 4317.457, "Actual Total Time": 4317.457, "Actual Rows": 2528311, "Actual Loops": 1, "Hash Buckets": 4194304, "Hash Batches": 1, "Original Hash Batches": 1, "Peak Memory Usage": 135869, "Plans": [{"Node Type": "Index Scan", "Parent Relationship": "Outer", "Scan Direction": "Forward", "Index Name": "title_pkey", "Relation Name": "title", "Alias": "t", "Startup Cost": 0.0, "Total Cost": 110120.49, "Plan Rows": 2528311, "Plan Width": 21, "Actual Startup Time": 0.047, "Actual Total Time": 3013.557, "Actual Rows": 2528311, "Actual Loops": 1}]}]}]}]}, {"Node Type": "Index Scan", "Parent Relationship": "Inner", "Scan Direction": "Forward", "Index Name": "name_pkey", "Relation Name": "name", "Alias": "n1", "Startup Cost": 0.0, "Total Cost": 0.28, "Plan Rows": 1, "Plan Width": 4, "Actual Startup Time": 5480.013, "Actual Total Time": 5480.013, "Actual Rows": 1970658, "Actual Loops": 1970658, "Index Cond": "(id = ci.person_id)", "Rows Removed by Index Recheck": 0}]}]}]}]}, "Triggers": [], "Planner Runtime": 37, "Total Runtime": 24149.494, "Unique SQL Id": 2457761703}}, "(1, 38)": {"explain_plan": {"Plan": {"Node Type": "Aggregate", "Strategy": "Plain", "Startup Cost": 808403.05, "Total Cost": 808403.06, "Plan Rows": 1, "Plan Width": 97, "Plans": [{"Node Type": "Hash Join", "Parent Relationship": "Outer", "Join Type": "Inner", "Startup Cost": 779365.79, "Total Cost": 806617.56, "Plan Rows": 357098, "Plan Width": 33, "Inner Unique": false, "Hash Cond": "(a1.person_id = n1.id), (LLVM Optimized)", "Plans": [{"Node Type": "Seq Scan", "Parent Relationship": "Outer", "Relation Name": "aka_name", "Alias": "a1", "Startup Cost": 0.0, "Total Cost": 19908.42, "Plan Rows": 901342, "Plan Width": 20}, {"Node Type": "Hash", "Parent Relationship": "Inner", "Startup Cost": 770485.05, "Total Cost": 770485.05, "Plan Rows": 710459, "Plan Width": 25, "Plans": [{"Node Type": "Hash Join", "Parent Relationship": "Outer", "Join Type": "Inner", "Startup Cost": 418198.6, "Total Cost": 770485.05, "Plan Rows": 710459, "Plan Width": 25, "Inner Unique": true, "Hash Cond": "(ci.person_id = n1.id), (LLVM Optimized)", "Plans": [{"Node Type": "Hash Join", "Parent Relationship": "Outer", "Join Type": "Inner", "Startup Cost": 273033.07, "Total Cost": 615550.72, "Plan Rows": 710459, "Plan Width": 21, "Inner Unique": false, "Hash Cond": "(ci.movie_id = t.id), (LLVM Optimized)", "Plans": [{"Node Type": "Nested Loop", "Parent Relationship": "Outer", "Join Type": "Inner", "Startup Cost": 76306.71, "Total Cost": 389758.02, "Plan Rows": 3296318, "Plan Width": 8, "Inner Unique": false, "Plans": [{"Node Type": "Seq Scan", "Parent Relationship": "Outer", "Relation Name": "role_type", "Alias": "rt", "Startup Cost": 0.0, "Total Cost": 1.15, "Plan Rows": 1, "Plan Width": 4, "Filter": "((role)::text = 'writer'::text)"}, {"Node Type": "Bitmap Heap Scan", "Parent Relationship": "Inner", "Relation Name": "cast_info", "Alias": "ci", "Startup Cost": 76306.71, "Total Cost": 356793.69, "Plan Rows": 3296318, "Plan Width": 12, "Recheck Cond": "(role_id = rt.id), (LLVM Optimized)", "Plans": [{"Node Type": "Bitmap Index Scan", "Parent Relationship": "Outer", "Index Name": "role_id_cast_info", "Startup Cost": 0.0, "Total Cost": 75482.63, "Plan Rows": 3296318, "Plan Width": 0, "Index Cond": "(role_id = rt.id)"}]}]}, {"Node Type": "Hash", "Parent Relationship": "Inner", "Startup Cost": 180697.47, "Total Cost": 180697.47, "Plan Rows": 1282311, "Plan Width": 25, "Plans": [{"Node Type": "Hash Join", "Parent Relationship": "Outer", "Join Type": "Inner", "Startup Cost": 98641.07, "Total Cost": 180697.47, "Plan Rows": 1282311, "Plan Width": 25, "Inner Unique": true, "Hash Cond": "(mc.movie_id = t.id), (LLVM Optimized)", "Plans": [{"Node Type": "Hash Join", "Parent Relationship": "Outer", "Join Type": "Inner", "Startup Cost": 6968.08, "Total Cost": 71392.69, "Plan Rows": 1282311, "Plan Width": 4, "Inner Unique": true, "Hash Cond": "(mc.company_id = cn.id), (LLVM Optimized)", "Plans": [{"Node Type": "Seq Scan", "Parent Relationship": "Outer", "Relation Name": "movie_companies", "Alias": "mc", "Startup Cost": 0.0, "Total Cost": 41817.28, "Plan Rows": 2609128, "Plan Width": 8}, {"Node Type": "Hash", "Parent Relationship": "Inner", "Startup Cost": 5903.45, "Total Cost": 5903.45, "Plan Rows": 85170, "Plan Width": 4, "Plans": [{"Node Type": "Seq Scan", "Parent Relationship": "Outer", "Relation Name": "company_name", "Alias": "cn", "Startup Cost": 0.0, "Total Cost": 5903.45, "Plan Rows": 85170, "Plan Width": 4, "Filter": "((country_code)::text = '[us]'::text)"}]}]}, {"Node Type": "Hash", "Parent Relationship": "Inner", "Startup Cost": 60069.11, "Total Cost": 60069.11, "Plan Rows": 2528311, "Plan Width": 21, "Plans": [{"Node Type": "Seq Scan", "Parent Relationship": "Outer", "Relation Name": "title", "Alias": "t", "Startup Cost": 0.0, "Total Cost": 60069.11, "Plan Rows": 2528311, "Plan Width": 21}]}]}]}]}, {"Node Type": "Hash", "Parent Relationship": "Inner", "Startup Cost": 93071.9, "Total Cost": 93071.9, "Plan Rows": 4167490, "Plan Width": 4, "Plans": [{"Node Type": "Seq Scan", "Parent Relationship": "Outer", "Relation Name": "name", "Alias": "n1", "Startup Cost": 0.0, "Total Cost": 93071.9, "Plan Rows": 4167490, "Plan Width": 4}]}]}]}]}]}, "Unique SQL Id": 2457761703, "Planner Runtime": 36}, "explain_analyze_plan": {"Plan": {"Node Type": "Aggregate", "Strategy": "Plain", "Startup Cost": 808403.05, "Total Cost": 808403.06, "Plan Rows": 1, "Plan Width": 97, "Actual Startup Time": 14156.96, "Actual Total Time": 14156.96, "Actual Rows": 1, "Actual Loops": 1, "Plans": [{"Node Type": "Hash Join", "Parent Relationship": "Outer", "Join Type": "Inner", "Startup Cost": 779365.79, "Total Cost": 806617.56, "Plan Rows": 357098, "Plan Width": 33, "Actual Startup Time": 11817.477, "Actual Total Time": 13035.953, "Actual Rows": 2487611, "Actual Loops": 1, "Inner Unique": false, "Hash Cond": "(a1.person_id = n1.id), (LLVM Optimized, Jit Execute)", "Plans": [{"Node Type": "Seq Scan", "Parent Relationship": "Outer", "Relation Name": "aka_name", "Alias": "a1", "Startup Cost": 0.0, "Total Cost": 19908.42, "Plan Rows": 901342, "Plan Width": 20, "Actual Startup Time": 0.021, "Actual Total Time": 223.729, "Actual Rows": 901342, "Actual Loops": 1}, {"Node Type": "Hash", "Parent Relationship": "Inner", "Startup Cost": 770485.05, "Total Cost": 770485.05, "Plan Rows": 710459, "Plan Width": 25, "Actual Startup Time": 11812.572, "Actual Total Time": 11812.572, "Actual Rows": 1970658, "Actual Loops": 1, "Hash Buckets": 1048576, "Hash Batches": 1, "Original Hash Batches": 1, "Peak Memory Usage": 112799, "Plans": [{"Node Type": "Hash Join", "Parent Relationship": "Outer", "Join Type": "Inner", "Startup Cost": 418198.6, "Total Cost": 770485.05, "Plan Rows": 710459, "Plan Width": 25, "Actual Startup Time": 7818.705, "Actual Total Time": 11227.254, "Actual Rows": 1970658, "Actual Loops": 1, "Inner Unique": true, "Hash Cond": "(ci.person_id = n1.id), (LLVM Optimized, Jit Execute)", "Plans": [{"Node Type": "Hash Join", "Parent Relationship": "Outer", "Join Type": "Inner", "Startup Cost": 273033.07, "Total Cost": 615550.72, "Plan Rows": 710459, "Plan Width": 21, "Actual Startup Time": 4856.752, "Actual Total Time": 7448.075, "Actual Rows": 1970658, "Actual Loops": 1, "Inner Unique": false, "Hash Cond": "(ci.movie_id = t.id), (LLVM Optimized, Jit Execute)", "Plans": [{"Node Type": "Nested Loop", "Parent Relationship": "Outer", "Join Type": "Inner", "Startup Cost": 76306.71, "Total Cost": 389758.02, "Plan Rows": 3296318, "Plan Width": 8, "Actual Startup Time": 338.992, "Actual Total Time": 1654.48, "Actual Rows": 2728943, "Actual Loops": 1, "Inner Unique": false, "Plans": [{"Node Type": "Seq Scan", "Parent Relationship": "Outer", "Relation Name": "role_type", "Alias": "rt", "Startup Cost": 0.0, "Total Cost": 1.15, "Plan Rows": 1, "Plan Width": 4, "Actual Startup Time": 0.048, "Actual Total Time": 0.071, "Actual Rows": 1, "Actual Loops": 1, "Filter": "((role)::text = 'writer'::text)", "Rows Removed by Filter": 11}, {"Node Type": "Bitmap Heap Scan", "Parent Relationship": "Inner", "Relation Name": "cast_info", "Alias": "ci", "Startup Cost": 76306.71, "Total Cost": 356793.69, "Plan Rows": 3296318, "Plan Width": 12, "Actual Startup Time": 338.921, "Actual Total Time": 1167.629, "Actual Rows": 2728943, "Actual Loops": 1, "Recheck Cond": "(role_id = rt.id), (LLVM Optimized, Jit Execute)", "Rows Removed by Index Recheck": 0, "Exact Heap Blocks": 19177, "Lossy Heap Blocks": 19177, "Plans": [{"Node Type": "Bitmap Index Scan", "Parent Relationship": "Outer", "Index Name": "role_id_cast_info", "Startup Cost": 0.0, "Total Cost": 75482.63, "Plan Rows": 3296318, "Plan Width": 0, "Actual Startup Time": 334.398, "Actual Total Time": 334.398, "Actual Rows": 2728943, "Actual Loops": 1, "Index Cond": "(role_id = rt.id)"}]}]}, {"Node Type": "Hash", "Parent Relationship": "Inner", "Startup Cost": 180697.47, "Total Cost": 180697.47, "Plan Rows": 1282311, "Plan Width": 25, "Actual Startup Time": 4512.943, "Actual Total Time": 4512.943, "Actual Rows": 1153797, "Actual Loops": 1, "Hash Buckets": 2097152, "Hash Batches": 1, "Original Hash Batches": 1, "Peak Memory Usage": 68508, "Plans": [{"Node Type": "Hash Join", "Parent Relationship": "Outer", "Join Type": "Inner", "Startup Cost": 98641.07, "Total Cost": 180697.47, "Plan Rows": 1282311, "Plan Width": 25, "Actual Startup Time": 1833.514, "Actual Total Time": 4016.679, "Actual Rows": 1153797, "Actual Loops": 1, "Inner Unique": true, "Hash Cond": "(mc.movie_id = t.id), (LLVM Optimized, Jit Execute)", "Plans": [{"Node Type": "Hash Join", "Parent Relationship": "Outer", "Join Type": "Inner", "Startup Cost": 6968.08, "Total Cost": 71392.69, "Plan Rows": 1282311, "Plan Width": 4, "Actual Startup Time": 112.988, "Actual Total Time": 1571.798, "Actual Rows": 1153797, "Actual Loops": 1, "Inner Unique": true, "Hash Cond": "(mc.company_id = cn.id), (LLVM Optimized, Jit Execute)", "Plans": [{"Node Type": "Seq Scan", "Parent Relationship": "Outer", "Relation Name": "movie_companies", "Alias": "mc", "Startup Cost": 0.0, "Total Cost": 41817.28, "Plan Rows": 2609128, "Plan Width": 8, "Actual Startup Time": 0.057, "Actual Total Time": 619.25, "Actual Rows": 2609128, "Actual Loops": 1}, {"Node Type": "Hash", "Parent Relationship": "Inner", "Startup Cost": 5903.45, "Total Cost": 5903.45, "Plan Rows": 85170, "Plan Width": 4, "Actual Startup Time": 112.814, "Actual Total Time": 112.814, "Actual Rows": 84843, "Actual Loops": 1, "Hash Buckets": 131072, "Hash Batches": 1, "Original Hash Batches": 1, "Peak Memory Usage": 2983, "Plans": [{"Node Type": "Seq Scan", "Parent Relationship": "Outer", "Relation Name": "company_name", "Alias": "cn", "Startup Cost": 0.0, "Total Cost": 5903.45, "Plan Rows": 85170, "Plan Width": 4, "Actual Startup Time": 0.042, "Actual Total Time": 90.184, "Actual Rows": 84843, "Actual Loops": 1, "Filter": "((country_code)::text = '[us]'::text)", "Rows Removed by Filter": 150153}]}]}, {"Node Type": "Hash", "Parent Relationship": "Inner", "Startup Cost": 60069.11, "Total Cost": 60069.11, "Plan Rows": 2528311, "Plan Width": 21, "Actual Startup Time": 1718.015, "Actual Total Time": 1718.015, "Actual Rows": 2528311, "Actual Loops": 1, "Hash Buckets": 4194304, "Hash Batches": 1, "Original Hash Batches": 1, "Peak Memory Usage": 135869, "Plans": [{"Node Type": "Seq Scan", "Parent Relationship": "Outer", "Relation Name": "title", "Alias": "t", "Startup Cost": 0.0, "Total Cost": 60069.11, "Plan Rows": 2528311, "Plan Width": 21, "Actual Startup Time": 0.029, "Actual Total Time": 802.868, "Actual Rows": 2528311, "Actual Loops": 1}]}]}]}]}, {"Node Type": "Hash", "Parent Relationship": "Inner", "Startup Cost": 93071.9, "Total Cost": 93071.9, "Plan Rows": 4167490, "Plan Width": 4, "Actual Startup Time": 2959.088, "Actual Total Time": 2959.088, "Actual Rows": 4167490, "Actual Loops": 1, "Hash Buckets": 4194304, "Hash Batches": 1, "Original Hash Batches": 1, "Peak Memory Usage": 146514, "Plans": [{"Node Type": "Seq Scan", "Parent Relationship": "Outer", "Relation Name": "name", "Alias": "n1", "Startup Cost": 0.0, "Total Cost": 93071.9, "Plan Rows": 4167490, "Plan Width": 4, "Actual Startup Time": 0.039, "Actual Total Time": 1329.288, "Actual Rows": 4167490, "Actual Loops": 1}]}]}]}]}]}, "Triggers": [], "Planner Runtime": 35, "Total Runtime": 14171.854, "Unique SQL Id": 2457761703}}, "(1, 39)": {"explain_plan": {"Plan": {"Node Type": "Aggregate", "Strategy": "Plain", "Startup Cost": 1000069787565.86, "Total Cost": 1000069787565.87, "Plan Rows": 1, "Plan Width": 97, "Plans": [{"Node Type": "Nested Loop", "Parent Relationship": "Outer", "Join Type": "Inner", "Startup Cost": 10000000001.8, "Total Cost": 1000069785780.37, "Plan Rows": 357098, "Plan Width": 33, "Inner Unique": true, "Plans": [{"Node Type": "Nested Loop", "Parent Relationship": "Outer", "Join Type": "Inner", "Startup Cost": 10000000001.54, "Total Cost": 1000068255744.11, "Plan Rows": 357379, "Plan Width": 24, "Inner Unique": true, "Join Filter": "(a1.person_id = n1.id), (LLVM Optimized)", "Plans": [{"Node Type": "Nested Loop", "Parent Relationship": "Outer", "Join Type": "Inner", "Startup Cost": 10000000001.28, "Total Cost": 1000066724564.96, "Plan Rows": 357379, "Plan Width": 32, "Inner Unique": false, "Plans": [{"Node Type": "Nested Loop", "Parent Relationship": "Outer", "Join Type": "Inner", "Startup Cost": 10000000001.03, "Total Cost": 1000063680996.82, "Plan Rows": 711018, "Plan Width": 12, "Inner Unique": true, "Plans": [{"Node Type": "Nested Loop", "Parent Relationship": "Outer", "Join Type": "Inner", "Startup Cost": 10000000000.77, "Total Cost": 1000030184746.51, "Plan Rows": 7821201, "Plan Width": 16, "Inner Unique": false, "Plans": [{"Node Type": "Nested Loop", "Parent Relationship": "Outer", "Join Type": "Inner", "Startup Cost": 10000000000.26, "Total Cost": 1000024227793.07, "Plan Rows": 1282311, "Plan Width": 4, "Inner Unique": true, "Plans": [{"Node Type": "Index Scan", "Parent Relationship": "Outer", "Scan Direction": "Forward", "Index Name": "movie_id_movie_companies", "Relation Name": "movie_companies", "Alias": "mc", "Startup Cost": 10000000000.0, "Total Cost": 1000013051946.13, "Plan Rows": 2609128, "Plan Width": 8}, {"Node Type": "Bitmap Heap Scan", "Parent Relationship": "Inner", "Relation Name": "company_name", "Alias": "cn", "Startup Cost": 0.26, "Total Cost": 4.27, "Plan Rows": 1, "Plan Width": 4, "Recheck Cond": "(id = mc.company_id)", "Filter": "((country_code)::text = '[us]'::text)", "Plans": [{"Node Type": "Bitmap Index Scan", "Parent Relationship": "Outer", "Index Name": "company_name_pkey", "Startup Cost": 0.0, "Total Cost": 0.26, "Plan Rows": 1, "Plan Width": 0, "Index Cond": "(id = mc.company_id)"}]}]}, {"Node Type": "Bitmap Heap Scan", "Parent Relationship": "Inner", "Relation Name": "cast_info", "Alias": "ci", "Startup Cost": 0.51, "Total Cost": 4.59, "Plan Rows": 6, "Plan Width": 12, "Recheck Cond": "(movie_id = mc.movie_id)", "Plans": [{"Node Type": "Bitmap Index Scan", "Parent Relationship": "Outer", "Index Name": "movie_id_cast_info", "Startup Cost": 0.0, "Total Cost": 0.51, "Plan Rows": 6, "Plan Width": 0, "Index Cond": "(movie_id = mc.movie_id)"}]}]}, {"Node Type": "Bitmap Heap Scan", "Parent Relationship": "Inner", "Relation Name": "role_type", "Alias": "rt", "Startup Cost": 0.26, "Total Cost": 4.27, "Plan Rows": 1, "Plan Width": 4, "Recheck Cond": "(id = ci.role_id)", "Filter": "((role)::text = 'writer'::text)", "Plans": [{"Node Type": "Bitmap Index Scan", "Parent Relationship": "Outer", "Index Name": "role_type_pkey", "Startup Cost": 0.0, "Total Cost": 0.26, "Plan Rows": 1, "Plan Width": 0, "Index Cond": "(id = ci.role_id)"}]}]}, {"Node Type": "Bitmap Heap Scan", "Parent Relationship": "Inner", "Relation Name": "aka_name", "Alias": "a1", "Startup Cost": 0.26, "Total Cost": 4.27, "Plan Rows": 1, "Plan Width": 20, "Recheck Cond": "(person_id = ci.person_id)", "Plans": [{"Node Type": "Bitmap Index Scan", "Parent Relationship": "Outer", "Index Name": "person_id_aka_name", "Startup Cost": 0.0, "Total Cost": 0.26, "Plan Rows": 1, "Plan Width": 0, "Index Cond": "(person_id = ci.person_id)"}]}]}, {"Node Type": "Bitmap Heap Scan", "Parent Relationship": "Inner", "Relation Name": "name", "Alias": "n1", "Startup Cost": 0.26, "Total Cost": 4.27, "Plan Rows": 1, "Plan Width": 4, "Recheck Cond": "(id = ci.person_id)", "Plans": [{"Node Type": "Bitmap Index Scan", "Parent Relationship": "Outer", "Index Name": "name_pkey", "Startup Cost": 0.0, "Total Cost": 0.26, "Plan Rows": 1, "Plan Width": 0, "Index Cond": "(id = ci.person_id)"}]}]}, {"Node Type": "Bitmap Heap Scan", "Parent Relationship": "Inner", "Relation Name": "title", "Alias": "t", "Startup Cost": 0.26, "Total Cost": 4.27, "Plan Rows": 1, "Plan Width": 21, "Recheck Cond": "(id = ci.movie_id)", "Plans": [{"Node Type": "Bitmap Index Scan", "Parent Relationship": "Outer", "Index Name": "title_pkey", "Startup Cost": 0.0, "Total Cost": 0.26, "Plan Rows": 1, "Plan Width": 0, "Index Cond": "(id = ci.movie_id)"}]}]}]}, "Unique SQL Id": 2457761703, "Planner Runtime": 3}, "explain_analyze_plan": null}, "(1, 40)": {"explain_plan": {"Plan": {"Node Type": "Aggregate", "Strategy": "Plain", "Startup Cost": 589695.38, "Total Cost": 589695.39, "Plan Rows": 1, "Plan Width": 97, "Plans": [{"Node Type": "Hash Join", "Parent Relationship": "Outer", "Join Type": "Inner", "Startup Cost": 561014.71, "Total Cost": 587909.89, "Plan Rows": 357098, "Plan Width": 33, "Inner Unique": false, "Hash Cond": "(a1.person_id = n1.id), (LLVM Optimized)", "Plans": [{"Node Type": "Seq Scan", "Parent Relationship": "Outer", "Relation Name": "aka_name", "Alias": "a1", "Startup Cost": 0.0, "Total Cost": 19908.42, "Plan Rows": 901342, "Plan Width": 20}, {"Node Type": "Hash", "Parent Relationship": "Inner", "Startup Cost": 552133.97, "Total Cost": 552133.97, "Plan Rows": 710459, "Plan Width": 25, "Plans": [{"Node Type": "Hash Join", "Parent Relationship": "Outer", "Join Type": "Inner", "Startup Cost": 341891.88, "Total Cost": 552133.97, "Plan Rows": 710459, "Plan Width": 25, "Inner Unique": true, "Hash Cond": "(ci.person_id = n1.id), (LLVM Optimized)", "Plans": [{"Node Type": "Hash Join", "Parent Relationship": "Outer", "Join Type": "Inner", "Startup Cost": 196726.36, "Total Cost": 397199.64, "Plan Rows": 710459, "Plan Width": 21, "Inner Unique": false, "Hash Cond": "(ci.movie_id = t.id), (LLVM Optimized)", "Plans": [{"Node Type": "Nested Loop", "Parent Relationship": "Outer", "Join Type": "Inner", "Startup Cost": 0.0, "Total Cost": 171406.94, "Plan Rows": 3296318, "Plan Width": 8, "Inner Unique": false, "Plans": [{"Node Type": "Seq Scan", "Parent Relationship": "Outer", "Relation Name": "role_type", "Alias": "rt", "Startup Cost": 0.0, "Total Cost": 1.15, "Plan Rows": 1, "Plan Width": 4, "Filter": "((role)::text = 'writer'::text)"}, {"Node Type": "Index Scan", "Parent Relationship": "Inner", "Scan Direction": "Forward", "Index Name": "role_id_cast_info", "Relation Name": "cast_info", "Alias": "ci", "Startup Cost": 0.0, "Total Cost": 138442.61, "Plan Rows": 3296318, "Plan Width": 12, "Index Cond": "(role_id = rt.id), (LLVM Optimized)"}]}, {"Node Type": "Hash", "Parent Relationship": "Inner", "Startup Cost": 180697.47, "Total Cost": 180697.47, "Plan Rows": 1282311, "Plan Width": 25, "Plans": [{"Node Type": "Hash Join", "Parent Relationship": "Outer", "Join Type": "Inner", "Startup Cost": 98641.07, "Total Cost": 180697.47, "Plan Rows": 1282311, "Plan Width": 25, "Inner Unique": true, "Hash Cond": "(mc.movie_id = t.id), (LLVM Optimized)", "Plans": [{"Node Type": "Hash Join", "Parent Relationship": "Outer", "Join Type": "Inner", "Startup Cost": 6968.08, "Total Cost": 71392.69, "Plan Rows": 1282311, "Plan Width": 4, "Inner Unique": true, "Hash Cond": "(mc.company_id = cn.id), (LLVM Optimized)", "Plans": [{"Node Type": "Seq Scan", "Parent Relationship": "Outer", "Relation Name": "movie_companies", "Alias": "mc", "Startup Cost": 0.0, "Total Cost": 41817.28, "Plan Rows": 2609128, "Plan Width": 8}, {"Node Type": "Hash", "Parent Relationship": "Inner", "Startup Cost": 5903.45, "Total Cost": 5903.45, "Plan Rows": 85170, "Plan Width": 4, "Plans": [{"Node Type": "Seq Scan", "Parent Relationship": "Outer", "Relation Name": "company_name", "Alias": "cn", "Startup Cost": 0.0, "Total Cost": 5903.45, "Plan Rows": 85170, "Plan Width": 4, "Filter": "((country_code)::text = '[us]'::text)"}]}]}, {"Node Type": "Hash", "Parent Relationship": "Inner", "Startup Cost": 60069.11, "Total Cost": 60069.11, "Plan Rows": 2528311, "Plan Width": 21, "Plans": [{"Node Type": "Seq Scan", "Parent Relationship": "Outer", "Relation Name": "title", "Alias": "t", "Startup Cost": 0.0, "Total Cost": 60069.11, "Plan Rows": 2528311, "Plan Width": 21}]}]}]}]}, {"Node Type": "Hash", "Parent Relationship": "Inner", "Startup Cost": 93071.9, "Total Cost": 93071.9, "Plan Rows": 4167490, "Plan Width": 4, "Plans": [{"Node Type": "Index Only Scan", "Parent Relationship": "Outer", "Scan Direction": "Forward", "Index Name": "name_pkey", "Relation Name": "name", "Alias": "n1", "Startup Cost": 0.0, "Total Cost": 93071.9, "Plan Rows": 4167490, "Plan Width": 4}]}]}]}]}]}, "Unique SQL Id": 2457761703, "Planner Runtime": 45}, "explain_analyze_plan": {"Plan": {"Node Type": "Aggregate", "Strategy": "Plain", "Startup Cost": 589695.38, "Total Cost": 589695.39, "Plan Rows": 1, "Plan Width": 97, "Actual Startup Time": 14072.025, "Actual Total Time": 14072.025, "Actual Rows": 1, "Actual Loops": 1, "Plans": [{"Node Type": "Hash Join", "Parent Relationship": "Outer", "Join Type": "Inner", "Startup Cost": 561014.71, "Total Cost": 587909.89, "Plan Rows": 357098, "Plan Width": 33, "Actual Startup Time": 11691.826, "Actual Total Time": 12949.869, "Actual Rows": 2487611, "Actual Loops": 1, "Inner Unique": false, "Hash Cond": "(a1.person_id = n1.id), (LLVM Optimized, Jit Execute)", "Plans": [{"Node Type": "Seq Scan", "Parent Relationship": "Outer", "Relation Name": "aka_name", "Alias": "a1", "Startup Cost": 0.0, "Total Cost": 19908.42, "Plan Rows": 901342, "Plan Width": 20, "Actual Startup Time": 0.025, "Actual Total Time": 229.004, "Actual Rows": 901342, "Actual Loops": 1}, {"Node Type": "Hash", "Parent Relationship": "Inner", "Startup Cost": 552133.97, "Total Cost": 552133.97, "Plan Rows": 710459, "Plan Width": 25, "Actual Startup Time": 11687.273, "Actual Total Time": 11687.273, "Actual Rows": 1970658, "Actual Loops": 1, "Hash Buckets": 1048576, "Hash Batches": 1, "Original Hash Batches": 1, "Peak Memory Usage": 112799, "Plans": [{"Node Type": "Hash Join", "Parent Relationship": "Outer", "Join Type": "Inner", "Startup Cost": 341891.88, "Total Cost": 552133.97, "Plan Rows": 710459, "Plan Width": 25, "Actual Startup Time": 7023.074, "Actual Total Time": 11105.664, "Actual Rows": 1970658, "Actual Loops": 1, "Inner Unique": true, "Hash Cond": "(ci.person_id = n1.id), (LLVM Optimized, Jit Execute)", "Plans": [{"Node Type": "Hash Join", "Parent Relationship": "Outer", "Join Type": "Inner", "Startup Cost": 196726.36, "Total Cost": 397199.64, "Plan Rows": 710459, "Plan Width": 21, "Actual Startup Time": 4514.333, "Actual Total Time": 7831.613, "Actual Rows": 1970658, "Actual Loops": 1, "Inner Unique": false, "Hash Cond": "(ci.movie_id = t.id), (LLVM Optimized, Jit Execute)", "Plans": [{"Node Type": "Nested Loop", "Parent Relationship": "Outer", "Join Type": "Inner", "Startup Cost": 0.0, "Total Cost": 171406.94, "Plan Rows": 3296318, "Plan Width": 8, "Actual Startup Time": 0.114, "Actual Total Time": 1874.763, "Actual Rows": 2728943, "Actual Loops": 1, "Inner Unique": false, "Plans": [{"Node Type": "Seq Scan", "Parent Relationship": "Outer", "Relation Name": "role_type", "Alias": "rt", "Startup Cost": 0.0, "Total Cost": 1.15, "Plan Rows": 1, "Plan Width": 4, "Actual Startup Time": 0.054, "Actual Total Time": 0.07, "Actual Rows": 1, "Actual Loops": 1, "Filter": "((role)::text = 'writer'::text)", "Rows Removed by Filter": 11}, {"Node Type": "Index Scan", "Parent Relationship": "Inner", "Scan Direction": "Forward", "Index Name": "role_id_cast_info", "Relation Name": "cast_info", "Alias": "ci", "Startup Cost": 0.0, "Total Cost": 138442.61, "Plan Rows": 3296318, "Plan Width": 12, "Actual Startup Time": 0.05, "Actual Total Time": 1350.911, "Actual Rows": 2728943, "Actual Loops": 1, "Index Cond": "(role_id = rt.id), (LLVM Optimized, Jit Execute)", "Rows Removed by Index Recheck": 0}]}, {"Node Type": "Hash", "Parent Relationship": "Inner", "Startup Cost": 180697.47, "Total Cost": 180697.47, "Plan Rows": 1282311, "Plan Width": 25, "Actual Startup Time": 4504.326, "Actual Total Time": 4504.326, "Actual Rows": 1153797, "Actual Loops": 1, "Hash Buckets": 2097152, "Hash Batches": 1, "Original Hash Batches": 1, "Peak Memory Usage": 68508, "Plans": [{"Node Type": "Hash Join", "Parent Relationship": "Outer", "Join Type": "Inner", "Startup Cost": 98641.07, "Total Cost": 180697.47, "Plan Rows": 1282311, "Plan Width": 25, "Actual Startup Time": 1840.805, "Actual Total Time": 4017.099, "Actual Rows": 1153797, "Actual Loops": 1, "Inner Unique": true, "Hash Cond": "(mc.movie_id = t.id), (LLVM Optimized, Jit Execute)", "Plans": [{"Node Type": "Hash Join", "Parent Relationship": "Outer", "Join Type": "Inner", "Startup Cost": 6968.08, "Total Cost": 71392.69, "Plan Rows": 1282311, "Plan Width": 4, "Actual Startup Time": 112.721, "Actual Total Time": 1592.084, "Actual Rows": 1153797, "Actual Loops": 1, "Inner Unique": true, "Hash Cond": "(mc.company_id = cn.id), (LLVM Optimized, Jit Execute)", "Plans": [{"Node Type": "Seq Scan", "Parent Relationship": "Outer", "Relation Name": "movie_companies", "Alias": "mc", "Startup Cost": 0.0, "Total Cost": 41817.28, "Plan Rows": 2609128, "Plan Width": 8, "Actual Startup Time": 0.033, "Actual Total Time": 599.643, "Actual Rows": 2609128, "Actual Loops": 1}, {"Node Type": "Hash", "Parent Relationship": "Inner", "Startup Cost": 5903.45, "Total Cost": 5903.45, "Plan Rows": 85170, "Plan Width": 4, "Actual Startup Time": 112.588, "Actual Total Time": 112.588, "Actual Rows": 84843, "Actual Loops": 1, "Hash Buckets": 131072, "Hash Batches": 1, "Original Hash Batches": 1, "Peak Memory Usage": 2983, "Plans": [{"Node Type": "Seq Scan", "Parent Relationship": "Outer", "Relation Name": "company_name", "Alias": "cn", "Startup Cost": 0.0, "Total Cost": 5903.45, "Plan Rows": 85170, "Plan Width": 4, "Actual Startup Time": 0.026, "Actual Total Time": 90.104, "Actual Rows": 84843, "Actual Loops": 1, "Filter": "((country_code)::text = '[us]'::text)", "Rows Removed by Filter": 150153}]}]}, {"Node Type": "Hash", "Parent Relationship": "Inner", "Startup Cost": 60069.11, "Total Cost": 60069.11, "Plan Rows": 2528311, "Plan Width": 21, "Actual Startup Time": 1725.571, "Actual Total Time": 1725.571, "Actual Rows": 2528311, "Actual Loops": 1, "Hash Buckets": 4194304, "Hash Batches": 1, "Original Hash Batches": 1, "Peak Memory Usage": 135869, "Plans": [{"Node Type": "Seq Scan", "Parent Relationship": "Outer", "Relation Name": "title", "Alias": "t", "Startup Cost": 0.0, "Total Cost": 60069.11, "Plan Rows": 2528311, "Plan Width": 21, "Actual Startup Time": 0.028, "Actual Total Time": 799.762, "Actual Rows": 2528311, "Actual Loops": 1}]}]}]}]}, {"Node Type": "Hash", "Parent Relationship": "Inner", "Startup Cost": 93071.9, "Total Cost": 93071.9, "Plan Rows": 4167490, "Plan Width": 4, "Actual Startup Time": 2506.319, "Actual Total Time": 2506.319, "Actual Rows": 4167490, "Actual Loops": 1, "Hash Buckets": 4194304, "Hash Batches": 1, "Original Hash Batches": 1, "Peak Memory Usage": 146514, "Plans": [{"Node Type": "Index Only Scan", "Parent Relationship": "Outer", "Scan Direction": "Forward", "Index Name": "name_pkey", "Relation Name": "name", "Alias": "n1", "Startup Cost": 0.0, "Total Cost": 93071.9, "Plan Rows": 4167490, "Plan Width": 4, "Actual Startup Time": 0.034, "Actual Total Time": 1035.961, "Actual Rows": 4167490, "Actual Loops": 1, "Heap Fetches": 0}]}]}]}]}]}, "Triggers": [], "Planner Runtime": 45, "Total Runtime": 14086.627, "Unique SQL Id": 2457761703}}, "(1, 41)": {"explain_plan": {"Plan": {"Node Type": "Aggregate", "Strategy": "Plain", "Startup Cost": 807029.54, "Total Cost": 807029.55, "Plan Rows": 1, "Plan Width": 97, "Plans": [{"Node Type": "Hash Join", "Parent Relationship": "Outer", "Join Type": "Inner", "Startup Cost": 729292.26, "Total Cost": 805244.05, "Plan Rows": 357098, "Plan Width": 33, "Inner Unique": false, "Hash Cond": "(a1.person_id = n1.id), (LLVM Optimized)", "Plans": [{"Node Type": "Index Scan", "Parent Relationship": "Outer", "Scan Direction": "Forward", "Index Name": "person_id_aka_name", "Relation Name": "aka_name", "Alias": "a1", "Startup Cost": 0.0, "Total Cost": 68965.03, "Plan Rows": 901342, "Plan Width": 20}, {"Node Type": "Hash", "Parent Relationship": "Inner", "Startup Cost": 720411.52, "Total Cost": 720411.52, "Plan Rows": 710459, "Plan Width": 25, "Plans": [{"Node Type": "Hash Join", "Parent Relationship": "Outer", "Join Type": "Inner", "Startup Cost": 510158.12, "Total Cost": 720411.52, "Plan Rows": 710459, "Plan Width": 25, "Inner Unique": true, "Hash Cond": "(ci.person_id = n1.id), (LLVM Optimized)", "Plans": [{"Node Type": "Hash Join", "Parent Relationship": "Outer", "Join Type": "Inner", "Startup Cost": 333231.89, "Total Cost": 533716.49, "Plan Rows": 710459, "Plan Width": 21, "Inner Unique": false, "Hash Cond": "(ci.movie_id = t.id), (LLVM Optimized)", "Plans": [{"Node Type": "Nested Loop", "Parent Relationship": "Outer", "Join Type": "Inner", "Startup Cost": 0.0, "Total Cost": 171418.25, "Plan Rows": 3296318, "Plan Width": 8, "Inner Unique": false, "Plans": [{"Node Type": "Index Scan", "Parent Relationship": "Outer", "Scan Direction": "Forward", "Index Name": "role_type_pkey", "Relation Name": "role_type", "Alias": "rt", "Startup Cost": 0.0, "Total Cost": 12.46, "Plan Rows": 1, "Plan Width": 4, "Filter": "((role)::text = 'writer'::text)"}, {"Node Type": "Index Scan", "Parent Relationship": "Inner", "Scan Direction": "Forward", "Index Name": "role_id_cast_info", "Relation Name": "cast_info", "Alias": "ci", "Startup Cost": 0.0, "Total Cost": 138442.61, "Plan Rows": 3296318, "Plan Width": 12, "Index Cond": "(role_id = rt.id), (LLVM Optimized)"}]}, {"Node Type": "Hash", "Parent Relationship": "Inner", "Startup Cost": 317203.01, "Total Cost": 317203.01, "Plan Rows": 1282311, "Plan Width": 25, "Plans": [{"Node Type": "Hash Join", "Parent Relationship": "Outer", "Join Type": "Inner", "Startup Cost": 153290.39, "Total Cost": 317203.01, "Plan Rows": 1282311, "Plan Width": 25, "Inner Unique": true, "Hash Cond": "(mc.movie_id = t.id), (LLVM Optimized)", "Plans": [{"Node Type": "Hash Join", "Parent Relationship": "Outer", "Join Type": "Inner", "Startup Cost": 11566.01, "Total Cost": 157846.85, "Plan Rows": 1282311, "Plan Width": 4, "Inner Unique": true, "Hash Cond": "(mc.company_id = cn.id), (LLVM Optimized)", "Plans": [{"Node Type": "Index Scan", "Parent Relationship": "Outer", "Scan Direction": "Forward", "Index Name": "company_id_movie_companies", "Relation Name": "movie_companies", "Alias": "mc", "Startup Cost": 0.0, "Total Cost": 123673.5, "Plan Rows": 2609128, "Plan Width": 8}, {"Node Type": "Hash", "Parent Relationship": "Inner", "Startup Cost": 10501.39, "Total Cost": 10501.39, "Plan Rows": 85170, "Plan Width": 4, "Plans": [{"Node Type": "Index Scan", "Parent Relationship": "Outer", "Scan Direction": "Forward", "Index Name": "company_name_pkey", "Relation Name": "company_name", "Alias": "cn", "Startup Cost": 0.0, "Total Cost": 10501.39, "Plan Rows": 85170, "Plan Width": 4, "Filter": "((country_code)::text = '[us]'::text)"}]}]}, {"Node Type": "Hash", "Parent Relationship": "Inner", "Startup Cost": 110120.49, "Total Cost": 110120.49, "Plan Rows": 2528311, "Plan Width": 21, "Plans": [{"Node Type": "Index Scan", "Parent Relationship": "Outer", "Scan Direction": "Forward", "Index Name": "title_pkey", "Relation Name": "title", "Alias": "t", "Startup Cost": 0.0, "Total Cost": 110120.49, "Plan Rows": 2528311, "Plan Width": 21}]}]}]}]}, {"Node Type": "Hash", "Parent Relationship": "Inner", "Startup Cost": 124832.6, "Total Cost": 124832.6, "Plan Rows": 4167490, "Plan Width": 4, "Plans": [{"Node Type": "Index Only Scan", "Parent Relationship": "Outer", "Scan Direction": "Forward", "Index Name": "name_pkey", "Relation Name": "name", "Alias": "n1", "Startup Cost": 0.0, "Total Cost": 124832.6, "Plan Rows": 4167490, "Plan Width": 4}]}]}]}]}]}, "Unique SQL Id": 2457761703, "Planner Runtime": 38}, "explain_analyze_plan": {"Plan": {"Node Type": "Aggregate", "Strategy": "Plain", "Startup Cost": 807029.54, "Total Cost": 807029.55, "Plan Rows": 1, "Plan Width": 97, "Actual Startup Time": 19053.318, "Actual Total Time": 19053.318, "Actual Rows": 1, "Actual Loops": 1, "Plans": [{"Node Type": "Hash Join", "Parent Relationship": "Outer", "Join Type": "Inner", "Startup Cost": 729292.26, "Total Cost": 805244.05, "Plan Rows": 357098, "Plan Width": 33, "Actual Startup Time": 16037.177, "Actual Total Time": 17917.53, "Actual Rows": 2487611, "Actual Loops": 1, "Inner Unique": false, "Hash Cond": "(a1.person_id = n1.id), (LLVM Optimized, Jit Execute)", "Plans": [{"Node Type": "Index Scan", "Parent Relationship": "Outer", "Scan Direction": "Forward", "Index Name": "person_id_aka_name", "Relation Name": "aka_name", "Alias": "a1", "Startup Cost": 0.0, "Total Cost": 68965.03, "Plan Rows": 901342, "Plan Width": 20, "Actual Startup Time": 0.048, "Actual Total Time": 796.874, "Actual Rows": 901342, "Actual Loops": 1}, {"Node Type": "Hash", "Parent Relationship": "Inner", "Startup Cost": 720411.52, "Total Cost": 720411.52, "Plan Rows": 710459, "Plan Width": 25, "Actual Startup Time": 16030.86, "Actual Total Time": 16030.86, "Actual Rows": 1970658, "Actual Loops": 1, "Hash Buckets": 1048576, "Hash Batches": 1, "Original Hash Batches": 1, "Peak Memory Usage": 112799, "Plans": [{"Node Type": "Hash Join", "Parent Relationship": "Outer", "Join Type": "Inner", "Startup Cost": 510158.12, "Total Cost": 720411.52, "Plan Rows": 710459, "Plan Width": 25, "Actual Startup Time": 11412.962, "Actual Total Time": 15448.876, "Actual Rows": 1970658, "Actual Loops": 1, "Inner Unique": true, "Hash Cond": "(ci.person_id = n1.id), (LLVM Optimized, Jit Execute)", "Plans": [{"Node Type": "Hash Join", "Parent Relationship": "Outer", "Join Type": "Inner", "Startup Cost": 333231.89, "Total Cost": 533716.49, "Plan Rows": 710459, "Plan Width": 21, "Actual Startup Time": 8839.021, "Actual Total Time": 12108.1, "Actual Rows": 1970658, "Actual Loops": 1, "Inner Unique": false, "Hash Cond": "(ci.movie_id = t.id), (LLVM Optimized, Jit Execute)", "Plans": [{"Node Type": "Nested Loop", "Parent Relationship": "Outer", "Join Type": "Inner", "Startup Cost": 0.0, "Total Cost": 171418.25, "Plan Rows": 3296318, "Plan Width": 8, "Actual Startup Time": 0.115, "Actual Total Time": 1855.272, "Actual Rows": 2728943, "Actual Loops": 1, "Inner Unique": false, "Plans": [{"Node Type": "Index Scan", "Parent Relationship": "Outer", "Scan Direction": "Forward", "Index Name": "role_type_pkey", "Relation Name": "role_type", "Alias": "rt", "Startup Cost": 0.0, "Total Cost": 12.46, "Plan Rows": 1, "Plan Width": 4, "Actual Startup Time": 0.063, "Actual Total Time": 0.085, "Actual Rows": 1, "Actual Loops": 1, "Filter": "((role)::text = 'writer'::text)", "Rows Removed by Filter": 11}, {"Node Type": "Index Scan", "Parent Relationship": "Inner", "Scan Direction": "Forward", "Index Name": "role_id_cast_info", "Relation Name": "cast_info", "Alias": "ci", "Startup Cost": 0.0, "Total Cost": 138442.61, "Plan Rows": 3296318, "Plan Width": 12, "Actual Startup Time": 0.041, "Actual Total Time": 1330.383, "Actual Rows": 2728943, "Actual Loops": 1, "Index Cond": "(role_id = rt.id), (LLVM Optimized, Jit Execute)", "Rows Removed by Index Recheck": 0}]}, {"Node Type": "Hash", "Parent Relationship": "Inner", "Startup Cost": 317203.01, "Total Cost": 317203.01, "Plan Rows": 1282311, "Plan Width": 25, "Actual Startup Time": 8834.151, "Actual Total Time": 8834.151, "Actual Rows": 1153797, "Actual Loops": 1, "Hash Buckets": 2097152, "Hash Batches": 1, "Original Hash Batches": 1, "Peak Memory Usage": 68508, "Plans": [{"Node Type": "Hash Join", "Parent Relationship": "Outer", "Join Type": "Inner", "Startup Cost": 153290.39, "Total Cost": 317203.01, "Plan Rows": 1282311, "Plan Width": 25, "Actual Startup Time": 4497.733, "Actual Total Time": 8394.129, "Actual Rows": 1153797, "Actual Loops": 1, "Inner Unique": true, "Hash Cond": "(mc.movie_id = t.id), (LLVM Optimized, Jit Execute)", "Plans": [{"Node Type": "Hash Join", "Parent Relationship": "Outer", "Join Type": "Inner", "Startup Cost": 11566.01, "Total Cost": 157846.85, "Plan Rows": 1282311, "Plan Width": 4, "Actual Startup Time": 333.267, "Actual Total Time": 3568.77, "Actual Rows": 1153797, "Actual Loops": 1, "Inner Unique": true, "Hash Cond": "(mc.company_id = cn.id), (LLVM Optimized, Jit Execute)", "Plans": [{"Node Type": "Index Scan", "Parent Relationship": "Outer", "Scan Direction": "Forward", "Index Name": "company_id_movie_companies", "Relation Name": "movie_companies", "Alias": "mc", "Startup Cost": 0.0, "Total Cost": 123673.5, "Plan Rows": 2609128, "Plan Width": 8, "Actual Startup Time": 0.026, "Actual Total Time": 2485.274, "Actual Rows": 2609128, "Actual Loops": 1}, {"Node Type": "Hash", "Parent Relationship": "Inner", "Startup Cost": 10501.39, "Total Cost": 10501.39, "Plan Rows": 85170, "Plan Width": 4, "Actual Startup Time": 333.134, "Actual Total Time": 333.134, "Actual Rows": 84843, "Actual Loops": 1, "Hash Buckets": 131072, "Hash Batches": 1, "Original Hash Batches": 1, "Peak Memory Usage": 2983, "Plans": [{"Node Type": "Index Scan", "Parent Relationship": "Outer", "Scan Direction": "Forward", "Index Name": "company_name_pkey", "Relation Name": "company_name", "Alias": "cn", "Startup Cost": 0.0, "Total Cost": 10501.39, "Plan Rows": 85170, "Plan Width": 4, "Actual Startup Time": 0.031, "Actual Total Time": 302.403, "Actual Rows": 84843, "Actual Loops": 1, "Filter": "((country_code)::text = '[us]'::text)", "Rows Removed by Filter": 150153}]}]}, {"Node Type": "Hash", "Parent Relationship": "Inner", "Startup Cost": 110120.49, "Total Cost": 110120.49, "Plan Rows": 2528311, "Plan Width": 21, "Actual Startup Time": 4162.035, "Actual Total Time": 4162.035, "Actual Rows": 2528311, "Actual Loops": 1, "Hash Buckets": 4194304, "Hash Batches": 1, "Original Hash Batches": 1, "Peak Memory Usage": 135869, "Plans": [{"Node Type": "Index Scan", "Parent Relationship": "Outer", "Scan Direction": "Forward", "Index Name": "title_pkey", "Relation Name": "title", "Alias": "t", "Startup Cost": 0.0, "Total Cost": 110120.49, "Plan Rows": 2528311, "Plan Width": 21, "Actual Startup Time": 0.039, "Actual Total Time": 3055.453, "Actual Rows": 2528311, "Actual Loops": 1}]}]}]}]}, {"Node Type": "Hash", "Parent Relationship": "Inner", "Startup Cost": 124832.6, "Total Cost": 124832.6, "Plan Rows": 4167490, "Plan Width": 4, "Actual Startup Time": 2571.523, "Actual Total Time": 2571.523, "Actual Rows": 4167490, "Actual Loops": 1, "Hash Buckets": 4194304, "Hash Batches": 1, "Original Hash Batches": 1, "Peak Memory Usage": 146514, "Plans": [{"Node Type": "Index Only Scan", "Parent Relationship": "Outer", "Scan Direction": "Forward", "Index Name": "name_pkey", "Relation Name": "name", "Alias": "n1", "Startup Cost": 0.0, "Total Cost": 124832.6, "Plan Rows": 4167490, "Plan Width": 4, "Actual Startup Time": 0.035, "Actual Total Time": 1051.584, "Actual Rows": 4167490, "Actual Loops": 1, "Heap Fetches": 0}]}]}]}]}]}, "Triggers": [], "Planner Runtime": 38, "Total Runtime": 19067.919, "Unique SQL Id": 2457761703}}, "(1, 42)": {"explain_plan": {"Plan": {"Node Type": "Aggregate", "Strategy": "Plain", "Startup Cost": 1144362.67, "Total Cost": 1144362.68, "Plan Rows": 1, "Plan Width": 97, "Plans": [{"Node Type": "Hash Join", "Parent Relationship": "Outer", "Join Type": "Inner", "Startup Cost": 1115325.41, "Total Cost": 1142577.18, "Plan Rows": 357098, "Plan Width": 33, "Inner Unique": false, "Hash Cond": "(a1.person_id = n1.id), (LLVM Optimized)", "Plans": [{"Node Type": "Seq Scan", "Parent Relationship": "Outer", "Relation Name": "aka_name", "Alias": "a1", "Startup Cost": 0.0, "Total Cost": 19908.42, "Plan Rows": 901342, "Plan Width": 20}, {"Node Type": "Hash", "Parent Relationship": "Inner", "Startup Cost": 1106444.67, "Total Cost": 1106444.67, "Plan Rows": 710459, "Plan Width": 25, "Plans": [{"Node Type": "Hash Join", "Parent Relationship": "Outer", "Join Type": "Inner", "Startup Cost": 341893.04, "Total Cost": 1106444.67, "Plan Rows": 710459, "Plan Width": 25, "Inner Unique": true, "Hash Cond": "(ci.person_id = n1.id), (LLVM Optimized)", "Plans": [{"Node Type": "Hash Join", "Parent Relationship": "Outer", "Join Type": "Inner", "Startup Cost": 196727.52, "Total Cost": 951510.34, "Plan Rows": 710459, "Plan Width": 21, "Inner Unique": false, "Hash Cond": "(ci.movie_id = t.id), (LLVM Optimized)", "Plans": [{"Node Type": "Hash Join", "Parent Relationship": "Outer", "Join Type": "Inner", "Startup Cost": 1.16, "Total Cost": 725717.64, "Plan Rows": 3296318, "Plan Width": 8, "Inner Unique": true, "Hash Cond": "(ci.role_id = rt.id), (LLVM Optimized)", "Plans": [{"Node Type": "Seq Scan", "Parent Relationship": "Outer", "Relation Name": "cast_info", "Alias": "ci", "Startup Cost": 0.0, "Total Cost": 601877.94, "Plan Rows": 36259494, "Plan Width": 12}, {"Node Type": "Hash", "Parent Relationship": "Inner", "Startup Cost": 1.15, "Total Cost": 1.15, "Plan Rows": 1, "Plan Width": 4, "Plans": [{"Node Type": "Seq Scan", "Parent Relationship": "Outer", "Relation Name": "role_type", "Alias": "rt", "Startup Cost": 0.0, "Total Cost": 1.15, "Plan Rows": 1, "Plan Width": 4, "Filter": "((role)::text = 'writer'::text)"}]}]}, {"Node Type": "Hash", "Parent Relationship": "Inner", "Startup Cost": 180697.47, "Total Cost": 180697.47, "Plan Rows": 1282311, "Plan Width": 25, "Plans": [{"Node Type": "Hash Join", "Parent Relationship": "Outer", "Join Type": "Inner", "Startup Cost": 98641.07, "Total Cost": 180697.47, "Plan Rows": 1282311, "Plan Width": 25, "Inner Unique": true, "Hash Cond": "(mc.movie_id = t.id), (LLVM Optimized)", "Plans": [{"Node Type": "Hash Join", "Parent Relationship": "Outer", "Join Type": "Inner", "Startup Cost": 6968.08, "Total Cost": 71392.69, "Plan Rows": 1282311, "Plan Width": 4, "Inner Unique": true, "Hash Cond": "(mc.company_id = cn.id), (LLVM Optimized)", "Plans": [{"Node Type": "Seq Scan", "Parent Relationship": "Outer", "Relation Name": "movie_companies", "Alias": "mc", "Startup Cost": 0.0, "Total Cost": 41817.28, "Plan Rows": 2609128, "Plan Width": 8}, {"Node Type": "Hash", "Parent Relationship": "Inner", "Startup Cost": 5903.45, "Total Cost": 5903.45, "Plan Rows": 85170, "Plan Width": 4, "Plans": [{"Node Type": "Seq Scan", "Parent Relationship": "Outer", "Relation Name": "company_name", "Alias": "cn", "Startup Cost": 0.0, "Total Cost": 5903.45, "Plan Rows": 85170, "Plan Width": 4, "Filter": "((country_code)::text = '[us]'::text)"}]}]}, {"Node Type": "Hash", "Parent Relationship": "Inner", "Startup Cost": 60069.11, "Total Cost": 60069.11, "Plan Rows": 2528311, "Plan Width": 21, "Plans": [{"Node Type": "Seq Scan", "Parent Relationship": "Outer", "Relation Name": "title", "Alias": "t", "Startup Cost": 0.0, "Total Cost": 60069.11, "Plan Rows": 2528311, "Plan Width": 21}]}]}]}]}, {"Node Type": "Hash", "Parent Relationship": "Inner", "Startup Cost": 93071.9, "Total Cost": 93071.9, "Plan Rows": 4167490, "Plan Width": 4, "Plans": [{"Node Type": "Seq Scan", "Parent Relationship": "Outer", "Relation Name": "name", "Alias": "n1", "Startup Cost": 0.0, "Total Cost": 93071.9, "Plan Rows": 4167490, "Plan Width": 4}]}]}]}]}]}, "Unique SQL Id": 2457761703, "Planner Runtime": 37}, "explain_analyze_plan": null}, "(1, 43)": {"explain_plan": {"Plan": {"Node Type": "Aggregate", "Strategy": "Plain", "Startup Cost": 7003513373524.78, "Total Cost": 7003513373524.79, "Plan Rows": 1, "Plan Width": 97, "Plans": [{"Node Type": "Hash Join", "Parent Relationship": "Outer", "Join Type": "Inner", "Startup Cost": 5023377247859.3, "Total Cost": 7003513371739.29, "Plan Rows": 357098, "Plan Width": 33, "Inner Unique": false, "Hash Cond": "(ci.movie_id = t.id), (LLVM Optimized)", "Plans": [{"Node Type": "Hash Join", "Parent Relationship": "Outer", "Join Type": "Inner", "Startup Cost": 2020019443123.83, "Total Cost": 4000155553912.99, "Plan Rows": 1484588, "Plan Width": 20, "Inner Unique": false, "Hash Cond": "(n1.id = a1.person_id), (LLVM Optimized)", "Plans": [{"Node Type": "Nested Loop", "Parent Relationship": "Outer", "Join Type": "Inner", "Startup Cost": 1020012535353.62, "Total Cost": 3000147641877.34, "Plan Rows": 3296318, "Plan Width": 12, "Inner Unique": false, "Join Filter": "(ci.role_id = rt.id), (LLVM Optimized)", "Plans": [{"Node Type": "Index Scan", "Parent Relationship": "Outer", "Scan Direction": "Forward", "Index Name": "role_type_pkey", "Relation Name": "role_type", "Alias": "rt", "Startup Cost": 10000000000.0, "Total Cost": 1000000001246.0, "Plan Rows": 1, "Plan Width": 4, "Filter": "((role)::text = 'writer'::text)"}, {"Node Type": "Hash Join", "Parent Relationship": "Inner", "Join Type": "Inner", "Startup Cost": 1010012535353.62, "Total Cost": 2000147187387.67, "Plan Rows": 36259494, "Plan Width": 16, "Inner Unique": true, "Hash Cond": "(ci.person_id = n1.id), (LLVM Optimized)", "Plans": [{"Node Type": "Index Scan", "Parent Relationship": "Outer", "Scan Direction": "Forward", "Index Name": "role_id_cast_info", "Relation Name": "cast_info", "Alias": "ci", "Startup Cost": 10000000000.0, "Total Cost": 1000134153466.0, "Plan Rows": 36259494, "Plan Width": 12}, {"Node Type": "Hash", "Parent Relationship": "Inner", "Startup Cost": 1000012483260.0, "Total Cost": 1000012483260.0, "Plan Rows": 4167490, "Plan Width": 4, "Plans": [{"Node Type": "Index Only Scan", "Parent Relationship": "Outer", "Scan Direction": "Forward", "Index Name": "name_pkey", "Relation Name": "name", "Alias": "n1", "Startup Cost": 10000000000.0, "Total Cost": 1000012483260.0, "Plan Rows": 4167490, "Plan Width": 4}]}]}]}, {"Node Type": "Hash", "Parent Relationship": "Inner", "Startup Cost": 1000006896503.43, "Total Cost": 1000006896503.43, "Plan Rows": 901342, "Plan Width": 20, "Plans": [{"Node Type": "Index Scan", "Parent Relationship": "Outer", "Scan Direction": "Forward", "Index Name": "person_id_aka_name", "Relation Name": "aka_name", "Alias": "a1", "Startup Cost": 10000000000.0, "Total Cost": 1000006896503.43, "Plan Rows": 901342, "Plan Width": 20}]}]}, {"Node Type": "Hash", "Parent Relationship": "Inner", "Startup Cost": 3003357788706.59, "Total Cost": 3003357788706.59, "Plan Rows": 1282311, "Plan Width": 25, "Plans": [{"Node Type": "Nested Loop", "Parent Relationship": "Outer", "Join Type": "Inner", "Startup Cost": 1020011043652.8, "Total Cost": 3003357788706.59, "Plan Rows": 1282311, "Plan Width": 25, "Inner Unique": true, "Join Filter": "(mc.company_id = cn.id), (LLVM Optimized)", "Plans": [{"Node Type": "Hash Join", "Parent Relationship": "Outer", "Join Type": "Inner", "Startup Cost": 1010011043652.8, "Total Cost": 2000023446878.29, "Plan Rows": 2609128, "Plan Width": 29, "Inner Unique": true, "Hash Cond": "(mc.movie_id = t.id), (LLVM Optimized)", "Plans": [{"Node Type": "Index Scan", "Parent Relationship": "Outer", "Scan Direction": "Forward", "Index Name": "company_id_movie_companies", "Relation Name": "movie_companies", "Alias": "mc", "Startup Cost": 10000000000.0, "Total Cost": 1000012367349.98, "Plan Rows": 2609128, "Plan Width": 8}, {"Node Type": "Hash", "Parent Relationship": "Inner", "Startup Cost": 1000011012048.91, "Total Cost": 1000011012048.91, "Plan Rows": 2528311, "Plan Width": 21, "Plans": [{"Node Type": "Index Scan", "Parent Relationship": "Outer", "Scan Direction": "Forward", "Index Name": "title_pkey", "Relation Name": "title", "Alias": "t", "Startup Cost": 10000000000.0, "Total Cost": 1000011012048.91, "Plan Rows": 2528311, "Plan Width": 21}]}]}, {"Node Type": "Materialize", "Parent Relationship": "Inner", "Startup Cost": 10000000000.0, "Total Cost": 1000001050564.82, "Plan Rows": 85170, "Plan Width": 4, "Plans": [{"Node Type": "Index Scan", "Parent Relationship": "Outer", "Scan Direction": "Forward", "Index Name": "company_name_pkey", "Relation Name": "company_name", "Alias": "cn", "Startup Cost": 10000000000.0, "Total Cost": 1000001050138.97, "Plan Rows": 85170, "Plan Width": 4, "Filter": "((country_code)::text = '[us]'::text)"}]}]}]}]}]}, "Unique SQL Id": 2457761703, "Planner Runtime": 39}, "explain_analyze_plan": null}, "(1, 44)": {"explain_plan": {"Plan": {"Node Type": "Aggregate", "Strategy": "Plain", "Startup Cost": 589695.38, "Total Cost": 589695.39, "Plan Rows": 1, "Plan Width": 97, "Plans": [{"Node Type": "Hash Join", "Parent Relationship": "Outer", "Join Type": "Inner", "Startup Cost": 561014.71, "Total Cost": 587909.89, "Plan Rows": 357098, "Plan Width": 33, "Inner Unique": false, "Hash Cond": "(a1.person_id = n1.id), (LLVM Optimized)", "Plans": [{"Node Type": "Seq Scan", "Parent Relationship": "Outer", "Relation Name": "aka_name", "Alias": "a1", "Startup Cost": 0.0, "Total Cost": 19908.42, "Plan Rows": 901342, "Plan Width": 20}, {"Node Type": "Hash", "Parent Relationship": "Inner", "Startup Cost": 552133.97, "Total Cost": 552133.97, "Plan Rows": 710459, "Plan Width": 25, "Plans": [{"Node Type": "Hash Join", "Parent Relationship": "Outer", "Join Type": "Inner", "Startup Cost": 341891.88, "Total Cost": 552133.97, "Plan Rows": 710459, "Plan Width": 25, "Inner Unique": true, "Hash Cond": "(ci.person_id = n1.id), (LLVM Optimized)", "Plans": [{"Node Type": "Hash Join", "Parent Relationship": "Outer", "Join Type": "Inner", "Startup Cost": 196726.36, "Total Cost": 397199.64, "Plan Rows": 710459, "Plan Width": 21, "Inner Unique": false, "Hash Cond": "(ci.movie_id = t.id), (LLVM Optimized)", "Plans": [{"Node Type": "Nested Loop", "Parent Relationship": "Outer", "Join Type": "Inner", "Startup Cost": 0.0, "Total Cost": 171406.94, "Plan Rows": 3296318, "Plan Width": 8, "Inner Unique": false, "Plans": [{"Node Type": "Seq Scan", "Parent Relationship": "Outer", "Relation Name": "role_type", "Alias": "rt", "Startup Cost": 0.0, "Total Cost": 1.15, "Plan Rows": 1, "Plan Width": 4, "Filter": "((role)::text = 'writer'::text)"}, {"Node Type": "Index Scan", "Parent Relationship": "Inner", "Scan Direction": "Forward", "Index Name": "role_id_cast_info", "Relation Name": "cast_info", "Alias": "ci", "Startup Cost": 0.0, "Total Cost": 138442.61, "Plan Rows": 3296318, "Plan Width": 12, "Index Cond": "(role_id = rt.id), (LLVM Optimized)"}]}, {"Node Type": "Hash", "Parent Relationship": "Inner", "Startup Cost": 180697.47, "Total Cost": 180697.47, "Plan Rows": 1282311, "Plan Width": 25, "Plans": [{"Node Type": "Hash Join", "Parent Relationship": "Outer", "Join Type": "Inner", "Startup Cost": 98641.07, "Total Cost": 180697.47, "Plan Rows": 1282311, "Plan Width": 25, "Inner Unique": true, "Hash Cond": "(mc.movie_id = t.id), (LLVM Optimized)", "Plans": [{"Node Type": "Hash Join", "Parent Relationship": "Outer", "Join Type": "Inner", "Startup Cost": 6968.08, "Total Cost": 71392.69, "Plan Rows": 1282311, "Plan Width": 4, "Inner Unique": true, "Hash Cond": "(mc.company_id = cn.id), (LLVM Optimized)", "Plans": [{"Node Type": "Seq Scan", "Parent Relationship": "Outer", "Relation Name": "movie_companies", "Alias": "mc", "Startup Cost": 0.0, "Total Cost": 41817.28, "Plan Rows": 2609128, "Plan Width": 8}, {"Node Type": "Hash", "Parent Relationship": "Inner", "Startup Cost": 5903.45, "Total Cost": 5903.45, "Plan Rows": 85170, "Plan Width": 4, "Plans": [{"Node Type": "Seq Scan", "Parent Relationship": "Outer", "Relation Name": "company_name", "Alias": "cn", "Startup Cost": 0.0, "Total Cost": 5903.45, "Plan Rows": 85170, "Plan Width": 4, "Filter": "((country_code)::text = '[us]'::text)"}]}]}, {"Node Type": "Hash", "Parent Relationship": "Inner", "Startup Cost": 60069.11, "Total Cost": 60069.11, "Plan Rows": 2528311, "Plan Width": 21, "Plans": [{"Node Type": "Seq Scan", "Parent Relationship": "Outer", "Relation Name": "title", "Alias": "t", "Startup Cost": 0.0, "Total Cost": 60069.11, "Plan Rows": 2528311, "Plan Width": 21}]}]}]}]}, {"Node Type": "Hash", "Parent Relationship": "Inner", "Startup Cost": 93071.9, "Total Cost": 93071.9, "Plan Rows": 4167490, "Plan Width": 4, "Plans": [{"Node Type": "Seq Scan", "Parent Relationship": "Outer", "Relation Name": "name", "Alias": "n1", "Startup Cost": 0.0, "Total Cost": 93071.9, "Plan Rows": 4167490, "Plan Width": 4}]}]}]}]}]}, "Unique SQL Id": 2457761703, "Planner Runtime": 45}, "explain_analyze_plan": {"Plan": {"Node Type": "Aggregate", "Strategy": "Plain", "Startup Cost": 589695.38, "Total Cost": 589695.39, "Plan Rows": 1, "Plan Width": 97, "Actual Startup Time": 14083.388, "Actual Total Time": 14083.389, "Actual Rows": 1, "Actual Loops": 1, "Plans": [{"Node Type": "Hash Join", "Parent Relationship": "Outer", "Join Type": "Inner", "Startup Cost": 561014.71, "Total Cost": 587909.89, "Plan Rows": 357098, "Plan Width": 33, "Actual Startup Time": 11707.86, "Actual Total Time": 12960.559, "Actual Rows": 2487611, "Actual Loops": 1, "Inner Unique": false, "Hash Cond": "(a1.person_id = n1.id), (LLVM Optimized, Jit Execute)", "Plans": [{"Node Type": "Seq Scan", "Parent Relationship": "Outer", "Relation Name": "aka_name", "Alias": "a1", "Startup Cost": 0.0, "Total Cost": 19908.42, "Plan Rows": 901342, "Plan Width": 20, "Actual Startup Time": 0.028, "Actual Total Time": 228.399, "Actual Rows": 901342, "Actual Loops": 1}, {"Node Type": "Hash", "Parent Relationship": "Inner", "Startup Cost": 552133.97, "Total Cost": 552133.97, "Plan Rows": 710459, "Plan Width": 25, "Actual Startup Time": 11703.168, "Actual Total Time": 11703.168, "Actual Rows": 1970658, "Actual Loops": 1, "Hash Buckets": 1048576, "Hash Batches": 1, "Original Hash Batches": 1, "Peak Memory Usage": 112799, "Plans": [{"Node Type": "Hash Join", "Parent Relationship": "Outer", "Join Type": "Inner", "Startup Cost": 341891.88, "Total Cost": 552133.97, "Plan Rows": 710459, "Plan Width": 25, "Actual Startup Time": 7024.385, "Actual Total Time": 11117.689, "Actual Rows": 1970658, "Actual Loops": 1, "Inner Unique": true, "Hash Cond": "(ci.person_id = n1.id), (LLVM Optimized, Jit Execute)", "Plans": [{"Node Type": "Hash Join", "Parent Relationship": "Outer", "Join Type": "Inner", "Startup Cost": 196726.36, "Total Cost": 397199.64, "Plan Rows": 710459, "Plan Width": 21, "Actual Startup Time": 4186.944, "Actual Total Time": 7503.897, "Actual Rows": 1970658, "Actual Loops": 1, "Inner Unique": false, "Hash Cond": "(ci.movie_id = t.id), (LLVM Optimized, Jit Execute)", "Plans": [{"Node Type": "Nested Loop", "Parent Relationship": "Outer", "Join Type": "Inner", "Startup Cost": 0.0, "Total Cost": 171406.94, "Plan Rows": 3296318, "Plan Width": 8, "Actual Startup Time": 0.117, "Actual Total Time": 1880.061, "Actual Rows": 2728943, "Actual Loops": 1, "Inner Unique": false, "Plans": [{"Node Type": "Seq Scan", "Parent Relationship": "Outer", "Relation Name": "role_type", "Alias": "rt", "Startup Cost": 0.0, "Total Cost": 1.15, "Plan Rows": 1, "Plan Width": 4, "Actual Startup Time": 0.047, "Actual Total Time": 0.143, "Actual Rows": 1, "Actual Loops": 1, "Filter": "((role)::text = 'writer'::text)", "Rows Removed by Filter": 11}, {"Node Type": "Index Scan", "Parent Relationship": "Inner", "Scan Direction": "Forward", "Index Name": "role_id_cast_info", "Relation Name": "cast_info", "Alias": "ci", "Startup Cost": 0.0, "Total Cost": 138442.61, "Plan Rows": 3296318, "Plan Width": 12, "Actual Startup Time": 0.057, "Actual Total Time": 1350.34, "Actual Rows": 2728943, "Actual Loops": 1, "Index Cond": "(role_id = rt.id), (LLVM Optimized, Jit Execute)", "Rows Removed by Index Recheck": 0}]}, {"Node Type": "Hash", "Parent Relationship": "Inner", "Startup Cost": 180697.47, "Total Cost": 180697.47, "Plan Rows": 1282311, "Plan Width": 25, "Actual Startup Time": 4182.205, "Actual Total Time": 4182.205, "Actual Rows": 1153797, "Actual Loops": 1, "Hash Buckets": 2097152, "Hash Batches": 1, "Original Hash Batches": 1, "Peak Memory Usage": 68508, "Plans": [{"Node Type": "Hash Join", "Parent Relationship": "Outer", "Join Type": "Inner", "Startup Cost": 98641.07, "Total Cost": 180697.47, "Plan Rows": 1282311, "Plan Width": 25, "Actual Startup Time": 1768.291, "Actual Total Time": 3783.203, "Actual Rows": 1153797, "Actual Loops": 1, "Inner Unique": true, "Hash Cond": "(mc.movie_id = t.id), (LLVM Optimized, Jit Execute)", "Plans": [{"Node Type": "Hash Join", "Parent Relationship": "Outer", "Join Type": "Inner", "Startup Cost": 6968.08, "Total Cost": 71392.69, "Plan Rows": 1282311, "Plan Width": 4, "Actual Startup Time": 112.424, "Actual Total Time": 1527.13, "Actual Rows": 1153797, "Actual Loops": 1, "Inner Unique": true, "Hash Cond": "(mc.company_id = cn.id), (LLVM Optimized, Jit Execute)", "Plans": [{"Node Type": "Seq Scan", "Parent Relationship": "Outer", "Relation Name": "movie_companies", "Alias": "mc", "Startup Cost": 0.0, "Total Cost": 41817.28, "Plan Rows": 2609128, "Plan Width": 8, "Actual Startup Time": 0.024, "Actual Total Time": 595.557, "Actual Rows": 2609128, "Actual Loops": 1}, {"Node Type": "Hash", "Parent Relationship": "Inner", "Startup Cost": 5903.45, "Total Cost": 5903.45, "Plan Rows": 85170, "Plan Width": 4, "Actual Startup Time": 112.295, "Actual Total Time": 112.295, "Actual Rows": 84843, "Actual Loops": 1, "Hash Buckets": 131072, "Hash Batches": 1, "Original Hash Batches": 1, "Peak Memory Usage": 2983, "Plans": [{"Node Type": "Seq Scan", "Parent Relationship": "Outer", "Relation Name": "company_name", "Alias": "cn", "Startup Cost": 0.0, "Total Cost": 5903.45, "Plan Rows": 85170, "Plan Width": 4, "Actual Startup Time": 0.028, "Actual Total Time": 89.914, "Actual Rows": 84843, "Actual Loops": 1, "Filter": "((country_code)::text = '[us]'::text)", "Rows Removed by Filter": 150153}]}]}, {"Node Type": "Hash", "Parent Relationship": "Inner", "Startup Cost": 60069.11, "Total Cost": 60069.11, "Plan Rows": 2528311, "Plan Width": 21, "Actual Startup Time": 1653.422, "Actual Total Time": 1653.422, "Actual Rows": 2528311, "Actual Loops": 1, "Hash Buckets": 4194304, "Hash Batches": 1, "Original Hash Batches": 1, "Peak Memory Usage": 135869, "Plans": [{"Node Type": "Seq Scan", "Parent Relationship": "Outer", "Relation Name": "title", "Alias": "t", "Startup Cost": 0.0, "Total Cost": 60069.11, "Plan Rows": 2528311, "Plan Width": 21, "Actual Startup Time": 0.026, "Actual Total Time": 800.156, "Actual Rows": 2528311, "Actual Loops": 1}]}]}]}]}, {"Node Type": "Hash", "Parent Relationship": "Inner", "Startup Cost": 93071.9, "Total Cost": 93071.9, "Plan Rows": 4167490, "Plan Width": 4, "Actual Startup Time": 2834.921, "Actual Total Time": 2834.921, "Actual Rows": 4167490, "Actual Loops": 1, "Hash Buckets": 4194304, "Hash Batches": 1, "Original Hash Batches": 1, "Peak Memory Usage": 146514, "Plans": [{"Node Type": "Seq Scan", "Parent Relationship": "Outer", "Relation Name": "name", "Alias": "n1", "Startup Cost": 0.0, "Total Cost": 93071.9, "Plan Rows": 4167490, "Plan Width": 4, "Actual Startup Time": 0.027, "Actual Total Time": 1278.188, "Actual Rows": 4167490, "Actual Loops": 1}]}]}]}]}]}, "Triggers": [], "Planner Runtime": 46, "Total Runtime": 14098.166, "Unique SQL Id": 2457761703}}, "(1, 45)": {"explain_plan": {"Plan": {"Node Type": "Aggregate", "Strategy": "Plain", "Startup Cost": 824512.34, "Total Cost": 824512.35, "Plan Rows": 1, "Plan Width": 97, "Plans": [{"Node Type": "Hash Join", "Parent Relationship": "Outer", "Join Type": "Inner", "Startup Cost": 746775.06, "Total Cost": 822726.85, "Plan Rows": 357098, "Plan Width": 33, "Inner Unique": false, "Hash Cond": "(a1.person_id = n1.id), (LLVM Optimized)", "Plans": [{"Node Type": "Index Scan", "Parent Relationship": "Outer", "Scan Direction": "Forward", "Index Name": "person_id_aka_name", "Relation Name": "aka_name", "Alias": "a1", "Startup Cost": 0.0, "Total Cost": 68965.03, "Plan Rows": 901342, "Plan Width": 20}, {"Node Type": "Hash", "Parent Relationship": "Inner", "Startup Cost": 737894.33, "Total Cost": 737894.33, "Plan Rows": 710459, "Plan Width": 25, "Plans": [{"Node Type": "Nested Loop", "Parent Relationship": "Outer", "Join Type": "Inner", "Startup Cost": 333231.89, "Total Cost": 737894.33, "Plan Rows": 710459, "Plan Width": 25, "Inner Unique": true, "Plans": [{"Node Type": "Hash Join", "Parent Relationship": "Outer", "Join Type": "Inner", "Startup Cost": 333231.89, "Total Cost": 533716.49, "Plan Rows": 710459, "Plan Width": 21, "Inner Unique": false, "Hash Cond": "(ci.movie_id = t.id), (LLVM Optimized)", "Plans": [{"Node Type": "Nested Loop", "Parent Relationship": "Outer", "Join Type": "Inner", "Startup Cost": 0.0, "Total Cost": 171418.25, "Plan Rows": 3296318, "Plan Width": 8, "Inner Unique": false, "Plans": [{"Node Type": "Index Scan", "Parent Relationship": "Outer", "Scan Direction": "Forward", "Index Name": "role_type_pkey", "Relation Name": "role_type", "Alias": "rt", "Startup Cost": 0.0, "Total Cost": 12.46, "Plan Rows": 1, "Plan Width": 4, "Filter": "((role)::text = 'writer'::text)"}, {"Node Type": "Index Scan", "Parent Relationship": "Inner", "Scan Direction": "Forward", "Index Name": "role_id_cast_info", "Relation Name": "cast_info", "Alias": "ci", "Startup Cost": 0.0, "Total Cost": 138442.61, "Plan Rows": 3296318, "Plan Width": 12, "Index Cond": "(role_id = rt.id), (LLVM Optimized)"}]}, {"Node Type": "Hash", "Parent Relationship": "Inner", "Startup Cost": 317203.01, "Total Cost": 317203.01, "Plan Rows": 1282311, "Plan Width": 25, "Plans": [{"Node Type": "Hash Join", "Parent Relationship": "Outer", "Join Type": "Inner", "Startup Cost": 153290.39, "Total Cost": 317203.01, "Plan Rows": 1282311, "Plan Width": 25, "Inner Unique": true, "Hash Cond": "(mc.movie_id = t.id), (LLVM Optimized)", "Plans": [{"Node Type": "Hash Join", "Parent Relationship": "Outer", "Join Type": "Inner", "Startup Cost": 11566.01, "Total Cost": 157846.85, "Plan Rows": 1282311, "Plan Width": 4, "Inner Unique": true, "Hash Cond": "(mc.company_id = cn.id), (LLVM Optimized)", "Plans": [{"Node Type": "Index Scan", "Parent Relationship": "Outer", "Scan Direction": "Forward", "Index Name": "company_id_movie_companies", "Relation Name": "movie_companies", "Alias": "mc", "Startup Cost": 0.0, "Total Cost": 123673.5, "Plan Rows": 2609128, "Plan Width": 8}, {"Node Type": "Hash", "Parent Relationship": "Inner", "Startup Cost": 10501.39, "Total Cost": 10501.39, "Plan Rows": 85170, "Plan Width": 4, "Plans": [{"Node Type": "Index Scan", "Parent Relationship": "Outer", "Scan Direction": "Forward", "Index Name": "company_name_pkey", "Relation Name": "company_name", "Alias": "cn", "Startup Cost": 0.0, "Total Cost": 10501.39, "Plan Rows": 85170, "Plan Width": 4, "Filter": "((country_code)::text = '[us]'::text)"}]}]}, {"Node Type": "Hash", "Parent Relationship": "Inner", "Startup Cost": 110120.49, "Total Cost": 110120.49, "Plan Rows": 2528311, "Plan Width": 21, "Plans": [{"Node Type": "Index Scan", "Parent Relationship": "Outer", "Scan Direction": "Forward", "Index Name": "title_pkey", "Relation Name": "title", "Alias": "t", "Startup Cost": 0.0, "Total Cost": 110120.49, "Plan Rows": 2528311, "Plan Width": 21}]}]}]}]}, {"Node Type": "Index Scan", "Parent Relationship": "Inner", "Scan Direction": "Forward", "Index Name": "name_pkey", "Relation Name": "name", "Alias": "n1", "Startup Cost": 0.0, "Total Cost": 0.28, "Plan Rows": 1, "Plan Width": 4, "Index Cond": "(id = ci.person_id)"}]}]}]}]}, "Unique SQL Id": 2457761703, "Planner Runtime": 37}, "explain_analyze_plan": {"Plan": {"Node Type": "Aggregate", "Strategy": "Plain", "Startup Cost": 824512.34, "Total Cost": 824512.35, "Plan Rows": 1, "Plan Width": 97, "Actual Startup Time": 24134.904, "Actual Total Time": 24134.904, "Actual Rows": 1, "Actual Loops": 1, "Plans": [{"Node Type": "Hash Join", "Parent Relationship": "Outer", "Join Type": "Inner", "Startup Cost": 746775.06, "Total Cost": 822726.85, "Plan Rows": 357098, "Plan Width": 33, "Actual Startup Time": 21186.514, "Actual Total Time": 22993.904, "Actual Rows": 2487611, "Actual Loops": 1, "Inner Unique": false, "Hash Cond": "(a1.person_id = n1.id), (LLVM Optimized, Jit Execute)", "Plans": [{"Node Type": "Index Scan", "Parent Relationship": "Outer", "Scan Direction": "Forward", "Index Name": "person_id_aka_name", "Relation Name": "aka_name", "Alias": "a1", "Startup Cost": 0.0, "Total Cost": 68965.03, "Plan Rows": 901342, "Plan Width": 20, "Actual Startup Time": 0.043, "Actual Total Time": 771.221, "Actual Rows": 901342, "Actual Loops": 1}, {"Node Type": "Hash", "Parent Relationship": "Inner", "Startup Cost": 737894.33, "Total Cost": 737894.33, "Plan Rows": 710459, "Plan Width": 25, "Actual Startup Time": 21185.693, "Actual Total Time": 21185.693, "Actual Rows": 1970658, "Actual Loops": 1, "Hash Buckets": 1048576, "Hash Batches": 1, "Original Hash Batches": 1, "Peak Memory Usage": 112799, "Plans": [{"Node Type": "Nested Loop", "Parent Relationship": "Outer", "Join Type": "Inner", "Startup Cost": 333231.89, "Total Cost": 737894.33, "Plan Rows": 710459, "Plan Width": 25, "Actual Startup Time": 9732.55, "Actual Total Time": 20386.892, "Actual Rows": 1970658, "Actual Loops": 1, "Inner Unique": true, "Plans": [{"Node Type": "Hash Join", "Parent Relationship": "Outer", "Join Type": "Inner", "Startup Cost": 333231.89, "Total Cost": 533716.49, "Plan Rows": 710459, "Plan Width": 21, "Actual Startup Time": 9732.484, "Actual Total Time": 13442.445, "Actual Rows": 1970658, "Actual Loops": 1, "Inner Unique": false, "Hash Cond": "(ci.movie_id = t.id), (LLVM Optimized, Jit Execute)", "Plans": [{"Node Type": "Nested Loop", "Parent Relationship": "Outer", "Join Type": "Inner", "Startup Cost": 0.0, "Total Cost": 171418.25, "Plan Rows": 3296318, "Plan Width": 8, "Actual Startup Time": 0.077, "Actual Total Time": 1955.494, "Actual Rows": 2728943, "Actual Loops": 1, "Inner Unique": false, "Plans": [{"Node Type": "Index Scan", "Parent Relationship": "Outer", "Scan Direction": "Forward", "Index Name": "role_type_pkey", "Relation Name": "role_type", "Alias": "rt", "Startup Cost": 0.0, "Total Cost": 12.46, "Plan Rows": 1, "Plan Width": 4, "Actual Startup Time": 0.022, "Actual Total Time": 0.042, "Actual Rows": 1, "Actual Loops": 1, "Filter": "((role)::text = 'writer'::text)", "Rows Removed by Filter": 11}, {"Node Type": "Index Scan", "Parent Relationship": "Inner", "Scan Direction": "Forward", "Index Name": "role_id_cast_info", "Relation Name": "cast_info", "Alias": "ci", "Startup Cost": 0.0, "Total Cost": 138442.61, "Plan Rows": 3296318, "Plan Width": 12, "Actual Startup Time": 0.05, "Actual Total Time": 1400.002, "Actual Rows": 2728943, "Actual Loops": 1, "Index Cond": "(role_id = rt.id), (LLVM Optimized, Jit Execute)", "Rows Removed by Index Recheck": 0}]}, {"Node Type": "Hash", "Parent Relationship": "Inner", "Startup Cost": 317203.01, "Total Cost": 317203.01, "Plan Rows": 1282311, "Plan Width": 25, "Actual Startup Time": 9727.015, "Actual Total Time": 9727.015, "Actual Rows": 1153797, "Actual Loops": 1, "Hash Buckets": 2097152, "Hash Batches": 1, "Original Hash Batches": 1, "Peak Memory Usage": 68508, "Plans": [{"Node Type": "Hash Join", "Parent Relationship": "Outer", "Join Type": "Inner", "Startup Cost": 153290.39, "Total Cost": 317203.01, "Plan Rows": 1282311, "Plan Width": 25, "Actual Startup Time": 4662.338, "Actual Total Time": 9184.976, "Actual Rows": 1153797, "Actual Loops": 1, "Inner Unique": true, "Hash Cond": "(mc.movie_id = t.id), (LLVM Optimized, Jit Execute)", "Plans": [{"Node Type": "Hash Join", "Parent Relationship": "Outer", "Join Type": "Inner", "Startup Cost": 11566.01, "Total Cost": 157846.85, "Plan Rows": 1282311, "Plan Width": 4, "Actual Startup Time": 342.022, "Actual Total Time": 4116.726, "Actual Rows": 1153797, "Actual Loops": 1, "Inner Unique": true, "Hash Cond": "(mc.company_id = cn.id), (LLVM Optimized, Jit Execute)", "Plans": [{"Node Type": "Index Scan", "Parent Relationship": "Outer", "Scan Direction": "Forward", "Index Name": "company_id_movie_companies", "Relation Name": "movie_companies", "Alias": "mc", "Startup Cost": 0.0, "Total Cost": 123673.5, "Plan Rows": 2609128, "Plan Width": 8, "Actual Startup Time": 0.04, "Actual Total Time": 3005.724, "Actual Rows": 2609128, "Actual Loops": 1}, {"Node Type": "Hash", "Parent Relationship": "Inner", "Startup Cost": 10501.39, "Total Cost": 10501.39, "Plan Rows": 85170, "Plan Width": 4, "Actual Startup Time": 341.857, "Actual Total Time": 341.857, "Actual Rows": 84843, "Actual Loops": 1, "Hash Buckets": 131072, "Hash Batches": 1, "Original Hash Batches": 1, "Peak Memory Usage": 2983, "Plans": [{"Node Type": "Index Scan", "Parent Relationship": "Outer", "Scan Direction": "Forward", "Index Name": "company_name_pkey", "Relation Name": "company_name", "Alias": "cn", "Startup Cost": 0.0, "Total Cost": 10501.39, "Plan Rows": 85170, "Plan Width": 4, "Actual Startup Time": 0.036, "Actual Total Time": 316.146, "Actual Rows": 84843, "Actual Loops": 1, "Filter": "((country_code)::text = '[us]'::text)", "Rows Removed by Filter": 150153}]}]}, {"Node Type": "Hash", "Parent Relationship": "Inner", "Startup Cost": 110120.49, "Total Cost": 110120.49, "Plan Rows": 2528311, "Plan Width": 21, "Actual Startup Time": 4317.457, "Actual Total Time": 4317.457, "Actual Rows": 2528311, "Actual Loops": 1, "Hash Buckets": 4194304, "Hash Batches": 1, "Original Hash Batches": 1, "Peak Memory Usage": 135869, "Plans": [{"Node Type": "Index Scan", "Parent Relationship": "Outer", "Scan Direction": "Forward", "Index Name": "title_pkey", "Relation Name": "title", "Alias": "t", "Startup Cost": 0.0, "Total Cost": 110120.49, "Plan Rows": 2528311, "Plan Width": 21, "Actual Startup Time": 0.047, "Actual Total Time": 3013.557, "Actual Rows": 2528311, "Actual Loops": 1}]}]}]}]}, {"Node Type": "Index Scan", "Parent Relationship": "Inner", "Scan Direction": "Forward", "Index Name": "name_pkey", "Relation Name": "name", "Alias": "n1", "Startup Cost": 0.0, "Total Cost": 0.28, "Plan Rows": 1, "Plan Width": 4, "Actual Startup Time": 5480.013, "Actual Total Time": 5480.013, "Actual Rows": 1970658, "Actual Loops": 1970658, "Index Cond": "(id = ci.person_id)", "Rows Removed by Index Recheck": 0}]}]}]}]}, "Triggers": [], "Planner Runtime": 37, "Total Runtime": 24149.494, "Unique SQL Id": 2457761703}}, "(1, 46)": {"explain_plan": {"Plan": {"Node Type": "Aggregate", "Strategy": "Plain", "Startup Cost": 1144362.67, "Total Cost": 1144362.68, "Plan Rows": 1, "Plan Width": 97, "Plans": [{"Node Type": "Hash Join", "Parent Relationship": "Outer", "Join Type": "Inner", "Startup Cost": 1115325.41, "Total Cost": 1142577.18, "Plan Rows": 357098, "Plan Width": 33, "Inner Unique": false, "Hash Cond": "(a1.person_id = n1.id), (LLVM Optimized)", "Plans": [{"Node Type": "Seq Scan", "Parent Relationship": "Outer", "Relation Name": "aka_name", "Alias": "a1", "Startup Cost": 0.0, "Total Cost": 19908.42, "Plan Rows": 901342, "Plan Width": 20}, {"Node Type": "Hash", "Parent Relationship": "Inner", "Startup Cost": 1106444.67, "Total Cost": 1106444.67, "Plan Rows": 710459, "Plan Width": 25, "Plans": [{"Node Type": "Hash Join", "Parent Relationship": "Outer", "Join Type": "Inner", "Startup Cost": 341893.04, "Total Cost": 1106444.67, "Plan Rows": 710459, "Plan Width": 25, "Inner Unique": true, "Hash Cond": "(ci.person_id = n1.id), (LLVM Optimized)", "Plans": [{"Node Type": "Hash Join", "Parent Relationship": "Outer", "Join Type": "Inner", "Startup Cost": 196727.52, "Total Cost": 951510.34, "Plan Rows": 710459, "Plan Width": 21, "Inner Unique": false, "Hash Cond": "(ci.movie_id = t.id), (LLVM Optimized)", "Plans": [{"Node Type": "Hash Join", "Parent Relationship": "Outer", "Join Type": "Inner", "Startup Cost": 1.16, "Total Cost": 725717.64, "Plan Rows": 3296318, "Plan Width": 8, "Inner Unique": true, "Hash Cond": "(ci.role_id = rt.id), (LLVM Optimized)", "Plans": [{"Node Type": "Seq Scan", "Parent Relationship": "Outer", "Relation Name": "cast_info", "Alias": "ci", "Startup Cost": 0.0, "Total Cost": 601877.94, "Plan Rows": 36259494, "Plan Width": 12}, {"Node Type": "Hash", "Parent Relationship": "Inner", "Startup Cost": 1.15, "Total Cost": 1.15, "Plan Rows": 1, "Plan Width": 4, "Plans": [{"Node Type": "Seq Scan", "Parent Relationship": "Outer", "Relation Name": "role_type", "Alias": "rt", "Startup Cost": 0.0, "Total Cost": 1.15, "Plan Rows": 1, "Plan Width": 4, "Filter": "((role)::text = 'writer'::text)"}]}]}, {"Node Type": "Hash", "Parent Relationship": "Inner", "Startup Cost": 180697.47, "Total Cost": 180697.47, "Plan Rows": 1282311, "Plan Width": 25, "Plans": [{"Node Type": "Hash Join", "Parent Relationship": "Outer", "Join Type": "Inner", "Startup Cost": 98641.07, "Total Cost": 180697.47, "Plan Rows": 1282311, "Plan Width": 25, "Inner Unique": true, "Hash Cond": "(mc.movie_id = t.id), (LLVM Optimized)", "Plans": [{"Node Type": "Hash Join", "Parent Relationship": "Outer", "Join Type": "Inner", "Startup Cost": 6968.08, "Total Cost": 71392.69, "Plan Rows": 1282311, "Plan Width": 4, "Inner Unique": true, "Hash Cond": "(mc.company_id = cn.id), (LLVM Optimized)", "Plans": [{"Node Type": "Seq Scan", "Parent Relationship": "Outer", "Relation Name": "movie_companies", "Alias": "mc", "Startup Cost": 0.0, "Total Cost": 41817.28, "Plan Rows": 2609128, "Plan Width": 8}, {"Node Type": "Hash", "Parent Relationship": "Inner", "Startup Cost": 5903.45, "Total Cost": 5903.45, "Plan Rows": 85170, "Plan Width": 4, "Plans": [{"Node Type": "Seq Scan", "Parent Relationship": "Outer", "Relation Name": "company_name", "Alias": "cn", "Startup Cost": 0.0, "Total Cost": 5903.45, "Plan Rows": 85170, "Plan Width": 4, "Filter": "((country_code)::text = '[us]'::text)"}]}]}, {"Node Type": "Hash", "Parent Relationship": "Inner", "Startup Cost": 60069.11, "Total Cost": 60069.11, "Plan Rows": 2528311, "Plan Width": 21, "Plans": [{"Node Type": "Seq Scan", "Parent Relationship": "Outer", "Relation Name": "title", "Alias": "t", "Startup Cost": 0.0, "Total Cost": 60069.11, "Plan Rows": 2528311, "Plan Width": 21}]}]}]}]}, {"Node Type": "Hash", "Parent Relationship": "Inner", "Startup Cost": 93071.9, "Total Cost": 93071.9, "Plan Rows": 4167490, "Plan Width": 4, "Plans": [{"Node Type": "Seq Scan", "Parent Relationship": "Outer", "Relation Name": "name", "Alias": "n1", "Startup Cost": 0.0, "Total Cost": 93071.9, "Plan Rows": 4167490, "Plan Width": 4}]}]}]}]}]}, "Unique SQL Id": 2457761703, "Planner Runtime": 37}, "explain_analyze_plan": null}, "(1, 47)": {"explain_plan": {"Plan": {"Node Type": "Aggregate", "Strategy": "Plain", "Startup Cost": 7003518513539.49, "Total Cost": 7003518513539.5, "Plan Rows": 1, "Plan Width": 97, "Plans": [{"Node Type": "Hash Join", "Parent Relationship": "Outer", "Join Type": "Inner", "Startup Cost": 5023382387874.01, "Total Cost": 7003518511754.0, "Plan Rows": 357098, "Plan Width": 33, "Inner Unique": false, "Hash Cond": "(ci.movie_id = t.id), (LLVM Optimized)", "Plans": [{"Node Type": "Hash Join", "Parent Relationship": "Outer", "Join Type": "Inner", "Startup Cost": 2020024583138.53, "Total Cost": 4000160693927.69, "Plan Rows": 1484588, "Plan Width": 20, "Inner Unique": false, "Hash Cond": "(n1.id = a1.person_id), (LLVM Optimized)", "Plans": [{"Node Type": "Nested Loop", "Parent Relationship": "Outer", "Join Type": "Inner", "Startup Cost": 1020017675368.33, "Total Cost": 3000152781892.05, "Plan Rows": 3296318, "Plan Width": 12, "Inner Unique": false, "Join Filter": "(ci.role_id = rt.id), (LLVM Optimized)", "Plans": [{"Node Type": "Index Scan", "Parent Relationship": "Outer", "Scan Direction": "Forward", "Index Name": "role_type_pkey", "Relation Name": "role_type", "Alias": "rt", "Startup Cost": 10000000000.0, "Total Cost": 1000000001246.0, "Plan Rows": 1, "Plan Width": 4, "Filter": "((role)::text = 'writer'::text)"}, {"Node Type": "Hash Join", "Parent Relationship": "Inner", "Join Type": "Inner", "Startup Cost": 1010017675368.33, "Total Cost": 2000152327402.37, "Plan Rows": 36259494, "Plan Width": 16, "Inner Unique": true, "Hash Cond": "(ci.person_id = n1.id), (LLVM Optimized)", "Plans": [{"Node Type": "Index Scan", "Parent Relationship": "Outer", "Scan Direction": "Forward", "Index Name": "role_id_cast_info", "Relation Name": "cast_info", "Alias": "ci", "Startup Cost": 10000000000.0, "Total Cost": 1000134153466.0, "Plan Rows": 36259494, "Plan Width": 12}, {"Node Type": "Hash", "Parent Relationship": "Inner", "Startup Cost": 1000017623274.7, "Total Cost": 1000017623274.7, "Plan Rows": 4167490, "Plan Width": 4, "Plans": [{"Node Type": "Index Scan", "Parent Relationship": "Outer", "Scan Direction": "Forward", "Index Name": "name_pkey", "Relation Name": "name", "Alias": "n1", "Startup Cost": 10000000000.0, "Total Cost": 1000017623274.7, "Plan Rows": 4167490, "Plan Width": 4}]}]}]}, {"Node Type": "Hash", "Parent Relationship": "Inner", "Startup Cost": 1000006896503.43, "Total Cost": 1000006896503.43, "Plan Rows": 901342, "Plan Width": 20, "Plans": [{"Node Type": "Index Scan", "Parent Relationship": "Outer", "Scan Direction": "Forward", "Index Name": "person_id_aka_name", "Relation Name": "aka_name", "Alias": "a1", "Startup Cost": 10000000000.0, "Total Cost": 1000006896503.43, "Plan Rows": 901342, "Plan Width": 20}]}]}, {"Node Type": "Hash", "Parent Relationship": "Inner", "Startup Cost": 3003357788706.59, "Total Cost": 3003357788706.59, "Plan Rows": 1282311, "Plan Width": 25, "Plans": [{"Node Type": "Nested Loop", "Parent Relationship": "Outer", "Join Type": "Inner", "Startup Cost": 1020011043652.8, "Total Cost": 3003357788706.59, "Plan Rows": 1282311, "Plan Width": 25, "Inner Unique": true, "Join Filter": "(mc.company_id = cn.id), (LLVM Optimized)", "Plans": [{"Node Type": "Hash Join", "Parent Relationship": "Outer", "Join Type": "Inner", "Startup Cost": 1010011043652.8, "Total Cost": 2000023446878.29, "Plan Rows": 2609128, "Plan Width": 29, "Inner Unique": true, "Hash Cond": "(mc.movie_id = t.id), (LLVM Optimized)", "Plans": [{"Node Type": "Index Scan", "Parent Relationship": "Outer", "Scan Direction": "Forward", "Index Name": "company_id_movie_companies", "Relation Name": "movie_companies", "Alias": "mc", "Startup Cost": 10000000000.0, "Total Cost": 1000012367349.98, "Plan Rows": 2609128, "Plan Width": 8}, {"Node Type": "Hash", "Parent Relationship": "Inner", "Startup Cost": 1000011012048.91, "Total Cost": 1000011012048.91, "Plan Rows": 2528311, "Plan Width": 21, "Plans": [{"Node Type": "Index Scan", "Parent Relationship": "Outer", "Scan Direction": "Forward", "Index Name": "title_pkey", "Relation Name": "title", "Alias": "t", "Startup Cost": 10000000000.0, "Total Cost": 1000011012048.91, "Plan Rows": 2528311, "Plan Width": 21}]}]}, {"Node Type": "Materialize", "Parent Relationship": "Inner", "Startup Cost": 10000000000.0, "Total Cost": 1000001050564.82, "Plan Rows": 85170, "Plan Width": 4, "Plans": [{"Node Type": "Index Scan", "Parent Relationship": "Outer", "Scan Direction": "Forward", "Index Name": "company_name_pkey", "Relation Name": "company_name", "Alias": "cn", "Startup Cost": 10000000000.0, "Total Cost": 1000001050138.97, "Plan Rows": 85170, "Plan Width": 4, "Filter": "((country_code)::text = '[us]'::text)"}]}]}]}]}]}, "Unique SQL Id": 2457761703, "Planner Runtime": 38}, "explain_analyze_plan": null}, "(1, 48)": {"explain_plan": {"Plan": {"Node Type": "Aggregate", "Strategy": "Plain", "Startup Cost": 1965944.02, "Total Cost": 1965944.03, "Plan Rows": 1, "Plan Width": 97, "Plans": [{"Node Type": "Nested Loop", "Parent Relationship": "Outer", "Join Type": "Inner", "Startup Cost": 0.0, "Total Cost": 1964158.53, "Plan Rows": 357098, "Plan Width": 33, "Inner Unique": true, "Join Filter": "(a1.person_id = n1.id), (LLVM Optimized)", "Plans": [{"Node Type": "Nested Loop", "Parent Relationship": "Outer", "Join Type": "Inner", "Startup Cost": 0.0, "Total Cost": 1862664.6, "Plan Rows": 357098, "Plan Width": 41, "Inner Unique": true, "Plans": [{"Node Type": "Nested Loop", "Parent Relationship": "Outer", "Join Type": "Inner", "Startup Cost": 0.0, "Total Cost": 1760862.26, "Plan Rows": 357379, "Plan Width": 32, "Inner Unique": false, "Plans": [{"Node Type": "Nested Loop", "Parent Relationship": "Outer", "Join Type": "Inner", "Startup Cost": 0.0, "Total Cost": 1560689.3, "Plan Rows": 711018, "Plan Width": 12, "Inner Unique": false, "Join Filter": "(ci.role_id = rt.id), (LLVM Optimized)", "Plans": [{"Node Type": "Seq Scan", "Parent Relationship": "Outer", "Relation Name": "role_type", "Alias": "rt", "Startup Cost": 0.0, "Total Cost": 1.15, "Plan Rows": 1, "Plan Width": 4, "Filter": "((role)::text = 'writer'::text)"}, {"Node Type": "Nested Loop", "Parent Relationship": "Inner", "Join Type": "Inner", "Startup Cost": 0.0, "Total Cost": 1462923.14, "Plan Rows": 7821201, "Plan Width": 16, "Inner Unique": false, "Plans": [{"Node Type": "Nested Loop", "Parent Relationship": "Outer", "Join Type": "Inner", "Startup Cost": 0.0, "Total Cost": 166734.45, "Plan Rows": 1282311, "Plan Width": 4, "Inner Unique": false, "Plans": [{"Node Type": "Seq Scan", "Parent Relationship": "Outer", "Relation Name": "company_name", "Alias": "cn", "Startup Cost": 0.0, "Total Cost": 5903.45, "Plan Rows": 85170, "Plan Width": 4, "Filter": "((country_code)::text = '[us]'::text)"}, {"Node Type": "Index Scan", "Parent Relationship": "Inner", "Scan Direction": "Forward", "Index Name": "company_id_movie_companies", "Relation Name": "movie_companies", "Alias": "mc", "Startup Cost": 0.0, "Total Cost": 1.74, "Plan Rows": 15, "Plan Width": 8, "Index Cond": "(company_id = cn.id)"}]}, {"Node Type": "Index Scan", "Parent Relationship": "Inner", "Scan Direction": "Forward", "Index Name": "movie_id_cast_info", "Relation Name": "cast_info", "Alias": "ci", "Startup Cost": 0.0, "Total Cost": 0.95, "Plan Rows": 6, "Plan Width": 12, "Index Cond": "(movie_id = mc.movie_id)"}]}]}, {"Node Type": "Index Scan", "Parent Relationship": "Inner", "Scan Direction": "Forward", "Index Name": "person_id_aka_name", "Relation Name": "aka_name", "Alias": "a1", "Startup Cost": 0.0, "Total Cost": 0.27, "Plan Rows": 1, "Plan Width": 20, "Index Cond": "(person_id = ci.person_id)"}]}, {"Node Type": "Index Scan", "Parent Relationship": "Inner", "Scan Direction": "Forward", "Index Name": "title_pkey", "Relation Name": "title", "Alias": "t", "Startup Cost": 0.0, "Total Cost": 0.27, "Plan Rows": 1, "Plan Width": 21, "Index Cond": "(id = ci.movie_id)"}]}, {"Node Type": "Index Only Scan", "Parent Relationship": "Inner", "Scan Direction": "Forward", "Index Name": "name_pkey", "Relation Name": "name", "Alias": "n1", "Startup Cost": 0.0, "Total Cost": 0.27, "Plan Rows": 1, "Plan Width": 4, "Index Cond": "(id = ci.person_id)"}]}]}, "Unique SQL Id": 2457761703, "Planner Runtime": 3}, "explain_analyze_plan": null}, "(1, 49)": {"explain_plan": {"Plan": {"Node Type": "Aggregate", "Strategy": "Plain", "Startup Cost": 1970553.27, "Total Cost": 1970553.28, "Plan Rows": 1, "Plan Width": 97, "Plans": [{"Node Type": "Nested Loop", "Parent Relationship": "Outer", "Join Type": "Inner", "Startup Cost": 0.0, "Total Cost": 1968767.78, "Plan Rows": 357098, "Plan Width": 33, "Inner Unique": true, "Join Filter": "(a1.person_id = n1.id), (LLVM Optimized)", "Plans": [{"Node Type": "Nested Loop", "Parent Relationship": "Outer", "Join Type": "Inner", "Startup Cost": 0.0, "Total Cost": 1867273.85, "Plan Rows": 357098, "Plan Width": 41, "Inner Unique": true, "Plans": [{"Node Type": "Nested Loop", "Parent Relationship": "Outer", "Join Type": "Inner", "Startup Cost": 0.0, "Total Cost": 1765471.51, "Plan Rows": 357379, "Plan Width": 32, "Inner Unique": false, "Plans": [{"Node Type": "Nested Loop", "Parent Relationship": "Outer", "Join Type": "Inner", "Startup Cost": 0.0, "Total Cost": 1565298.55, "Plan Rows": 711018, "Plan Width": 12, "Inner Unique": false, "Join Filter": "(ci.role_id = rt.id), (LLVM Optimized)", "Plans": [{"Node Type": "Index Scan", "Parent Relationship": "Outer", "Scan Direction": "Forward", "Index Name": "role_type_pkey", "Relation Name": "role_type", "Alias": "rt", "Startup Cost": 0.0, "Total Cost": 12.46, "Plan Rows": 1, "Plan Width": 4, "Filter": "((role)::text = 'writer'::text)"}, {"Node Type": "Nested Loop", "Parent Relationship": "Inner", "Join Type": "Inner", "Startup Cost": 0.0, "Total Cost": 1467521.08, "Plan Rows": 7821201, "Plan Width": 16, "Inner Unique": false, "Plans": [{"Node Type": "Nested Loop", "Parent Relationship": "Outer", "Join Type": "Inner", "Startup Cost": 0.0, "Total Cost": 171332.39, "Plan Rows": 1282311, "Plan Width": 4, "Inner Unique": false, "Plans": [{"Node Type": "Index Scan", "Parent Relationship": "Outer", "Scan Direction": "Forward", "Index Name": "company_name_pkey", "Relation Name": "company_name", "Alias": "cn", "Startup Cost": 0.0, "Total Cost": 10501.39, "Plan Rows": 85170, "Plan Width": 4, "Filter": "((country_code)::text = '[us]'::text)"}, {"Node Type": "Index Scan", "Parent Relationship": "Inner", "Scan Direction": "Forward", "Index Name": "company_id_movie_companies", "Relation Name": "movie_companies", "Alias": "mc", "Startup Cost": 0.0, "Total Cost": 1.74, "Plan Rows": 15, "Plan Width": 8, "Index Cond": "(company_id = cn.id)"}]}, {"Node Type": "Index Scan", "Parent Relationship": "Inner", "Scan Direction": "Forward", "Index Name": "movie_id_cast_info", "Relation Name": "cast_info", "Alias": "ci", "Startup Cost": 0.0, "Total Cost": 0.95, "Plan Rows": 6, "Plan Width": 12, "Index Cond": "(movie_id = mc.movie_id)"}]}]}, {"Node Type": "Index Scan", "Parent Relationship": "Inner", "Scan Direction": "Forward", "Index Name": "person_id_aka_name", "Relation Name": "aka_name", "Alias": "a1", "Startup Cost": 0.0, "Total Cost": 0.27, "Plan Rows": 1, "Plan Width": 20, "Index Cond": "(person_id = ci.person_id)"}]}, {"Node Type": "Index Scan", "Parent Relationship": "Inner", "Scan Direction": "Forward", "Index Name": "title_pkey", "Relation Name": "title", "Alias": "t", "Startup Cost": 0.0, "Total Cost": 0.27, "Plan Rows": 1, "Plan Width": 21, "Index Cond": "(id = ci.movie_id)"}]}, {"Node Type": "Index Only Scan", "Parent Relationship": "Inner", "Scan Direction": "Forward", "Index Name": "name_pkey", "Relation Name": "name", "Alias": "n1", "Startup Cost": 0.0, "Total Cost": 0.27, "Plan Rows": 1, "Plan Width": 4, "Index Cond": "(id = ci.person_id)"}]}]}, "Unique SQL Id": 2457761703, "Planner Runtime": 3}, "explain_analyze_plan": null}, "(1, 50)": {"explain_plan": {"Plan": {"Node Type": "Aggregate", "Strategy": "Plain", "Startup Cost": 12604914.55, "Total Cost": 12604914.56, "Plan Rows": 1, "Plan Width": 97, "Plans": [{"Node Type": "Nested Loop", "Parent Relationship": "Outer", "Join Type": "Inner", "Startup Cost": 2.1, "Total Cost": 12603129.06, "Plan Rows": 357098, "Plan Width": 33, "Inner Unique": true, "Join Filter": "(a1.person_id = n1.id), (LLVM Optimized)", "Plans": [{"Node Type": "Nested Loop", "Parent Relationship": "Outer", "Join Type": "Inner", "Startup Cost": 1.84, "Total Cost": 11073153.85, "Plan Rows": 357098, "Plan Width": 41, "Inner Unique": true, "Plans": [{"Node Type": "Nested Loop", "Parent Relationship": "Outer", "Join Type": "Inner", "Startup Cost": 1.58, "Total Cost": 9543117.59, "Plan Rows": 357379, "Plan Width": 32, "Inner Unique": false, "Plans": [{"Node Type": "Nested Loop", "Parent Relationship": "Outer", "Join Type": "Inner", "Startup Cost": 1.33, "Total Cost": 6499549.44, "Plan Rows": 711018, "Plan Width": 12, "Inner Unique": false, "Join Filter": "(ci.role_id = rt.id), (LLVM Optimized)", "Plans": [{"Node Type": "Seq Scan", "Parent Relationship": "Outer", "Relation Name": "role_type", "Alias": "rt", "Startup Cost": 0.0, "Total Cost": 1.15, "Plan Rows": 1, "Plan Width": 4, "Filter": "((role)::text = 'writer'::text)"}, {"Node Type": "Nested Loop", "Parent Relationship": "Inner", "Join Type": "Inner", "Startup Cost": 1.33, "Total Cost": 6401783.28, "Plan Rows": 7821201, "Plan Width": 16, "Inner Unique": false, "Plans": [{"Node Type": "Nested Loop", "Parent Relationship": "Outer", "Join Type": "Inner", "Startup Cost": 0.82, "Total Cost": 444829.84, "Plan Rows": 1282311, "Plan Width": 4, "Inner Unique": false, "Plans": [{"Node Type": "Seq Scan", "Parent Relationship": "Outer", "Relation Name": "company_name", "Alias": "cn", "Startup Cost": 0.0, "Total Cost": 5903.45, "Plan Rows": 85170, "Plan Width": 4, "Filter": "((country_code)::text = '[us]'::text)"}, {"Node Type": "Bitmap Heap Scan", "Parent Relationship": "Inner", "Relation Name": "movie_companies", "Alias": "mc", "Startup Cost": 0.82, "Total Cost": 5.0, "Plan Rows": 15, "Plan Width": 8, "Recheck Cond": "(company_id = cn.id)", "Plans": [{"Node Type": "Bitmap Index Scan", "Parent Relationship": "Outer", "Index Name": "company_id_movie_companies", "Startup Cost": 0.0, "Total Cost": 0.81, "Plan Rows": 15, "Plan Width": 0, "Index Cond": "(company_id = cn.id)"}]}]}, {"Node Type": "Bitmap Heap Scan", "Parent Relationship": "Inner", "Relation Name": "cast_info", "Alias": "ci", "Startup Cost": 0.51, "Total Cost": 4.59, "Plan Rows": 6, "Plan Width": 12, "Recheck Cond": "(movie_id = mc.movie_id)", "Plans": [{"Node Type": "Bitmap Index Scan", "Parent Relationship": "Outer", "Index Name": "movie_id_cast_info", "Startup Cost": 0.0, "Total Cost": 0.51, "Plan Rows": 6, "Plan Width": 0, "Index Cond": "(movie_id = mc.movie_id)"}]}]}]}, {"Node Type": "Bitmap Heap Scan", "Parent Relationship": "Inner", "Relation Name": "aka_name", "Alias": "a1", "Startup Cost": 0.26, "Total Cost": 4.27, "Plan Rows": 1, "Plan Width": 20, "Recheck Cond": "(person_id = ci.person_id)", "Plans": [{"Node Type": "Bitmap Index Scan", "Parent Relationship": "Outer", "Index Name": "person_id_aka_name", "Startup Cost": 0.0, "Total Cost": 0.26, "Plan Rows": 1, "Plan Width": 0, "Index Cond": "(person_id = ci.person_id)"}]}]}, {"Node Type": "Bitmap Heap Scan", "Parent Relationship": "Inner", "Relation Name": "title", "Alias": "t", "Startup Cost": 0.26, "Total Cost": 4.27, "Plan Rows": 1, "Plan Width": 21, "Recheck Cond": "(id = ci.movie_id)", "Plans": [{"Node Type": "Bitmap Index Scan", "Parent Relationship": "Outer", "Index Name": "title_pkey", "Startup Cost": 0.0, "Total Cost": 0.26, "Plan Rows": 1, "Plan Width": 0, "Index Cond": "(id = ci.movie_id)"}]}]}, {"Node Type": "Bitmap Heap Scan", "Parent Relationship": "Inner", "Relation Name": "name", "Alias": "n1", "Startup Cost": 0.26, "Total Cost": 4.27, "Plan Rows": 1, "Plan Width": 4, "Recheck Cond": "(id = ci.person_id)", "Plans": [{"Node Type": "Bitmap Index Scan", "Parent Relationship": "Outer", "Index Name": "name_pkey", "Startup Cost": 0.0, "Total Cost": 0.26, "Plan Rows": 1, "Plan Width": 0, "Index Cond": "(id = ci.person_id)"}]}]}]}, "Unique SQL Id": 2457761703, "Planner Runtime": 5}, "explain_analyze_plan": null}, "(1, 51)": {"explain_plan": {"Plan": {"Node Type": "Aggregate", "Strategy": "Plain", "Startup Cost": 1000069787565.86, "Total Cost": 1000069787565.87, "Plan Rows": 1, "Plan Width": 97, "Plans": [{"Node Type": "Nested Loop", "Parent Relationship": "Outer", "Join Type": "Inner", "Startup Cost": 10000000001.8, "Total Cost": 1000069785780.37, "Plan Rows": 357098, "Plan Width": 33, "Inner Unique": true, "Plans": [{"Node Type": "Nested Loop", "Parent Relationship": "Outer", "Join Type": "Inner", "Startup Cost": 10000000001.54, "Total Cost": 1000068255744.11, "Plan Rows": 357379, "Plan Width": 24, "Inner Unique": true, "Join Filter": "(a1.person_id = n1.id), (LLVM Optimized)", "Plans": [{"Node Type": "Nested Loop", "Parent Relationship": "Outer", "Join Type": "Inner", "Startup Cost": 10000000001.28, "Total Cost": 1000066724564.96, "Plan Rows": 357379, "Plan Width": 32, "Inner Unique": false, "Plans": [{"Node Type": "Nested Loop", "Parent Relationship": "Outer", "Join Type": "Inner", "Startup Cost": 10000000001.03, "Total Cost": 1000063680996.82, "Plan Rows": 711018, "Plan Width": 12, "Inner Unique": true, "Plans": [{"Node Type": "Nested Loop", "Parent Relationship": "Outer", "Join Type": "Inner", "Startup Cost": 10000000000.77, "Total Cost": 1000030184746.51, "Plan Rows": 7821201, "Plan Width": 16, "Inner Unique": false, "Plans": [{"Node Type": "Nested Loop", "Parent Relationship": "Outer", "Join Type": "Inner", "Startup Cost": 10000000000.26, "Total Cost": 1000024227793.07, "Plan Rows": 1282311, "Plan Width": 4, "Inner Unique": true, "Plans": [{"Node Type": "Index Scan", "Parent Relationship": "Outer", "Scan Direction": "Forward", "Index Name": "movie_id_movie_companies", "Relation Name": "movie_companies", "Alias": "mc", "Startup Cost": 10000000000.0, "Total Cost": 1000013051946.13, "Plan Rows": 2609128, "Plan Width": 8}, {"Node Type": "Bitmap Heap Scan", "Parent Relationship": "Inner", "Relation Name": "company_name", "Alias": "cn", "Startup Cost": 0.26, "Total Cost": 4.27, "Plan Rows": 1, "Plan Width": 4, "Recheck Cond": "(id = mc.company_id)", "Filter": "((country_code)::text = '[us]'::text)", "Plans": [{"Node Type": "Bitmap Index Scan", "Parent Relationship": "Outer", "Index Name": "company_name_pkey", "Startup Cost": 0.0, "Total Cost": 0.26, "Plan Rows": 1, "Plan Width": 0, "Index Cond": "(id = mc.company_id)"}]}]}, {"Node Type": "Bitmap Heap Scan", "Parent Relationship": "Inner", "Relation Name": "cast_info", "Alias": "ci", "Startup Cost": 0.51, "Total Cost": 4.59, "Plan Rows": 6, "Plan Width": 12, "Recheck Cond": "(movie_id = mc.movie_id)", "Plans": [{"Node Type": "Bitmap Index Scan", "Parent Relationship": "Outer", "Index Name": "movie_id_cast_info", "Startup Cost": 0.0, "Total Cost": 0.51, "Plan Rows": 6, "Plan Width": 0, "Index Cond": "(movie_id = mc.movie_id)"}]}]}, {"Node Type": "Bitmap Heap Scan", "Parent Relationship": "Inner", "Relation Name": "role_type", "Alias": "rt", "Startup Cost": 0.26, "Total Cost": 4.27, "Plan Rows": 1, "Plan Width": 4, "Recheck Cond": "(id = ci.role_id)", "Filter": "((role)::text = 'writer'::text)", "Plans": [{"Node Type": "Bitmap Index Scan", "Parent Relationship": "Outer", "Index Name": "role_type_pkey", "Startup Cost": 0.0, "Total Cost": 0.26, "Plan Rows": 1, "Plan Width": 0, "Index Cond": "(id = ci.role_id)"}]}]}, {"Node Type": "Bitmap Heap Scan", "Parent Relationship": "Inner", "Relation Name": "aka_name", "Alias": "a1", "Startup Cost": 0.26, "Total Cost": 4.27, "Plan Rows": 1, "Plan Width": 20, "Recheck Cond": "(person_id = ci.person_id)", "Plans": [{"Node Type": "Bitmap Index Scan", "Parent Relationship": "Outer", "Index Name": "person_id_aka_name", "Startup Cost": 0.0, "Total Cost": 0.26, "Plan Rows": 1, "Plan Width": 0, "Index Cond": "(person_id = ci.person_id)"}]}]}, {"Node Type": "Bitmap Heap Scan", "Parent Relationship": "Inner", "Relation Name": "name", "Alias": "n1", "Startup Cost": 0.26, "Total Cost": 4.27, "Plan Rows": 1, "Plan Width": 4, "Recheck Cond": "(id = ci.person_id)", "Plans": [{"Node Type": "Bitmap Index Scan", "Parent Relationship": "Outer", "Index Name": "name_pkey", "Startup Cost": 0.0, "Total Cost": 0.26, "Plan Rows": 1, "Plan Width": 0, "Index Cond": "(id = ci.person_id)"}]}]}, {"Node Type": "Bitmap Heap Scan", "Parent Relationship": "Inner", "Relation Name": "title", "Alias": "t", "Startup Cost": 0.26, "Total Cost": 4.27, "Plan Rows": 1, "Plan Width": 21, "Recheck Cond": "(id = ci.movie_id)", "Plans": [{"Node Type": "Bitmap Index Scan", "Parent Relationship": "Outer", "Index Name": "title_pkey", "Startup Cost": 0.0, "Total Cost": 0.26, "Plan Rows": 1, "Plan Width": 0, "Index Cond": "(id = ci.movie_id)"}]}]}]}, "Unique SQL Id": 2457761703, "Planner Runtime": 3}, "explain_analyze_plan": null}, "(1, 52)": {"explain_plan": {"Plan": {"Node Type": "Aggregate", "Strategy": "Plain", "Startup Cost": 1967968.74, "Total Cost": 1967968.75, "Plan Rows": 1, "Plan Width": 97, "Plans": [{"Node Type": "Nested Loop", "Parent Relationship": "Outer", "Join Type": "Inner", "Startup Cost": 0.0, "Total Cost": 1966183.25, "Plan Rows": 357098, "Plan Width": 33, "Inner Unique": true, "Join Filter": "(a1.person_id = n1.id), (LLVM Optimized)", "Plans": [{"Node Type": "Nested Loop", "Parent Relationship": "Outer", "Join Type": "Inner", "Startup Cost": 0.0, "Total Cost": 1862664.6, "Plan Rows": 357098, "Plan Width": 41, "Inner Unique": true, "Plans": [{"Node Type": "Nested Loop", "Parent Relationship": "Outer", "Join Type": "Inner", "Startup Cost": 0.0, "Total Cost": 1760862.26, "Plan Rows": 357379, "Plan Width": 32, "Inner Unique": false, "Plans": [{"Node Type": "Nested Loop", "Parent Relationship": "Outer", "Join Type": "Inner", "Startup Cost": 0.0, "Total Cost": 1560689.3, "Plan Rows": 711018, "Plan Width": 12, "Inner Unique": false, "Join Filter": "(ci.role_id = rt.id), (LLVM Optimized)", "Plans": [{"Node Type": "Seq Scan", "Parent Relationship": "Outer", "Relation Name": "role_type", "Alias": "rt", "Startup Cost": 0.0, "Total Cost": 1.15, "Plan Rows": 1, "Plan Width": 4, "Filter": "((role)::text = 'writer'::text)"}, {"Node Type": "Nested Loop", "Parent Relationship": "Inner", "Join Type": "Inner", "Startup Cost": 0.0, "Total Cost": 1462923.14, "Plan Rows": 7821201, "Plan Width": 16, "Inner Unique": false, "Plans": [{"Node Type": "Nested Loop", "Parent Relationship": "Outer", "Join Type": "Inner", "Startup Cost": 0.0, "Total Cost": 166734.45, "Plan Rows": 1282311, "Plan Width": 4, "Inner Unique": false, "Plans": [{"Node Type": "Seq Scan", "Parent Relationship": "Outer", "Relation Name": "company_name", "Alias": "cn", "Startup Cost": 0.0, "Total Cost": 5903.45, "Plan Rows": 85170, "Plan Width": 4, "Filter": "((country_code)::text = '[us]'::text)"}, {"Node Type": "Index Scan", "Parent Relationship": "Inner", "Scan Direction": "Forward", "Index Name": "company_id_movie_companies", "Relation Name": "movie_companies", "Alias": "mc", "Startup Cost": 0.0, "Total Cost": 1.74, "Plan Rows": 15, "Plan Width": 8, "Index Cond": "(company_id = cn.id)"}]}, {"Node Type": "Index Scan", "Parent Relationship": "Inner", "Scan Direction": "Forward", "Index Name": "movie_id_cast_info", "Relation Name": "cast_info", "Alias": "ci", "Startup Cost": 0.0, "Total Cost": 0.95, "Plan Rows": 6, "Plan Width": 12, "Index Cond": "(movie_id = mc.movie_id)"}]}]}, {"Node Type": "Index Scan", "Parent Relationship": "Inner", "Scan Direction": "Forward", "Index Name": "person_id_aka_name", "Relation Name": "aka_name", "Alias": "a1", "Startup Cost": 0.0, "Total Cost": 0.27, "Plan Rows": 1, "Plan Width": 20, "Index Cond": "(person_id = ci.person_id)"}]}, {"Node Type": "Index Scan", "Parent Relationship": "Inner", "Scan Direction": "Forward", "Index Name": "title_pkey", "Relation Name": "title", "Alias": "t", "Startup Cost": 0.0, "Total Cost": 0.27, "Plan Rows": 1, "Plan Width": 21, "Index Cond": "(id = ci.movie_id)"}]}, {"Node Type": "Index Scan", "Parent Relationship": "Inner", "Scan Direction": "Forward", "Index Name": "name_pkey", "Relation Name": "name", "Alias": "n1", "Startup Cost": 0.0, "Total Cost": 0.28, "Plan Rows": 1, "Plan Width": 4, "Index Cond": "(id = ci.person_id)"}]}]}, "Unique SQL Id": 2457761703, "Planner Runtime": 3}, "explain_analyze_plan": null}, "(1, 53)": {"explain_plan": {"Plan": {"Node Type": "Aggregate", "Strategy": "Plain", "Startup Cost": 1972577.99, "Total Cost": 1972578.0, "Plan Rows": 1, "Plan Width": 97, "Plans": [{"Node Type": "Nested Loop", "Parent Relationship": "Outer", "Join Type": "Inner", "Startup Cost": 0.0, "Total Cost": 1970792.5, "Plan Rows": 357098, "Plan Width": 33, "Inner Unique": true, "Join Filter": "(a1.person_id = n1.id), (LLVM Optimized)", "Plans": [{"Node Type": "Nested Loop", "Parent Relationship": "Outer", "Join Type": "Inner", "Startup Cost": 0.0, "Total Cost": 1867273.85, "Plan Rows": 357098, "Plan Width": 41, "Inner Unique": true, "Plans": [{"Node Type": "Nested Loop", "Parent Relationship": "Outer", "Join Type": "Inner", "Startup Cost": 0.0, "Total Cost": 1765471.51, "Plan Rows": 357379, "Plan Width": 32, "Inner Unique": false, "Plans": [{"Node Type": "Nested Loop", "Parent Relationship": "Outer", "Join Type": "Inner", "Startup Cost": 0.0, "Total Cost": 1565298.55, "Plan Rows": 711018, "Plan Width": 12, "Inner Unique": false, "Join Filter": "(ci.role_id = rt.id), (LLVM Optimized)", "Plans": [{"Node Type": "Index Scan", "Parent Relationship": "Outer", "Scan Direction": "Forward", "Index Name": "role_type_pkey", "Relation Name": "role_type", "Alias": "rt", "Startup Cost": 0.0, "Total Cost": 12.46, "Plan Rows": 1, "Plan Width": 4, "Filter": "((role)::text = 'writer'::text)"}, {"Node Type": "Nested Loop", "Parent Relationship": "Inner", "Join Type": "Inner", "Startup Cost": 0.0, "Total Cost": 1467521.08, "Plan Rows": 7821201, "Plan Width": 16, "Inner Unique": false, "Plans": [{"Node Type": "Nested Loop", "Parent Relationship": "Outer", "Join Type": "Inner", "Startup Cost": 0.0, "Total Cost": 171332.39, "Plan Rows": 1282311, "Plan Width": 4, "Inner Unique": false, "Plans": [{"Node Type": "Index Scan", "Parent Relationship": "Outer", "Scan Direction": "Forward", "Index Name": "company_name_pkey", "Relation Name": "company_name", "Alias": "cn", "Startup Cost": 0.0, "Total Cost": 10501.39, "Plan Rows": 85170, "Plan Width": 4, "Filter": "((country_code)::text = '[us]'::text)"}, {"Node Type": "Index Scan", "Parent Relationship": "Inner", "Scan Direction": "Forward", "Index Name": "company_id_movie_companies", "Relation Name": "movie_companies", "Alias": "mc", "Startup Cost": 0.0, "Total Cost": 1.74, "Plan Rows": 15, "Plan Width": 8, "Index Cond": "(company_id = cn.id)"}]}, {"Node Type": "Index Scan", "Parent Relationship": "Inner", "Scan Direction": "Forward", "Index Name": "movie_id_cast_info", "Relation Name": "cast_info", "Alias": "ci", "Startup Cost": 0.0, "Total Cost": 0.95, "Plan Rows": 6, "Plan Width": 12, "Index Cond": "(movie_id = mc.movie_id)"}]}]}, {"Node Type": "Index Scan", "Parent Relationship": "Inner", "Scan Direction": "Forward", "Index Name": "person_id_aka_name", "Relation Name": "aka_name", "Alias": "a1", "Startup Cost": 0.0, "Total Cost": 0.27, "Plan Rows": 1, "Plan Width": 20, "Index Cond": "(person_id = ci.person_id)"}]}, {"Node Type": "Index Scan", "Parent Relationship": "Inner", "Scan Direction": "Forward", "Index Name": "title_pkey", "Relation Name": "title", "Alias": "t", "Startup Cost": 0.0, "Total Cost": 0.27, "Plan Rows": 1, "Plan Width": 21, "Index Cond": "(id = ci.movie_id)"}]}, {"Node Type": "Index Scan", "Parent Relationship": "Inner", "Scan Direction": "Forward", "Index Name": "name_pkey", "Relation Name": "name", "Alias": "n1", "Startup Cost": 0.0, "Total Cost": 0.28, "Plan Rows": 1, "Plan Width": 4, "Index Cond": "(id = ci.person_id)"}]}]}, "Unique SQL Id": 2457761703, "Planner Runtime": 3}, "explain_analyze_plan": null}, "(1, 54)": {"explain_plan": {"Plan": {"Node Type": "Aggregate", "Strategy": "Plain", "Startup Cost": 12604914.55, "Total Cost": 12604914.56, "Plan Rows": 1, "Plan Width": 97, "Plans": [{"Node Type": "Nested Loop", "Parent Relationship": "Outer", "Join Type": "Inner", "Startup Cost": 2.1, "Total Cost": 12603129.06, "Plan Rows": 357098, "Plan Width": 33, "Inner Unique": true, "Join Filter": "(a1.person_id = n1.id), (LLVM Optimized)", "Plans": [{"Node Type": "Nested Loop", "Parent Relationship": "Outer", "Join Type": "Inner", "Startup Cost": 1.84, "Total Cost": 11073153.85, "Plan Rows": 357098, "Plan Width": 41, "Inner Unique": true, "Plans": [{"Node Type": "Nested Loop", "Parent Relationship": "Outer", "Join Type": "Inner", "Startup Cost": 1.58, "Total Cost": 9543117.59, "Plan Rows": 357379, "Plan Width": 32, "Inner Unique": false, "Plans": [{"Node Type": "Nested Loop", "Parent Relationship": "Outer", "Join Type": "Inner", "Startup Cost": 1.33, "Total Cost": 6499549.44, "Plan Rows": 711018, "Plan Width": 12, "Inner Unique": false, "Join Filter": "(ci.role_id = rt.id), (LLVM Optimized)", "Plans": [{"Node Type": "Seq Scan", "Parent Relationship": "Outer", "Relation Name": "role_type", "Alias": "rt", "Startup Cost": 0.0, "Total Cost": 1.15, "Plan Rows": 1, "Plan Width": 4, "Filter": "((role)::text = 'writer'::text)"}, {"Node Type": "Nested Loop", "Parent Relationship": "Inner", "Join Type": "Inner", "Startup Cost": 1.33, "Total Cost": 6401783.28, "Plan Rows": 7821201, "Plan Width": 16, "Inner Unique": false, "Plans": [{"Node Type": "Nested Loop", "Parent Relationship": "Outer", "Join Type": "Inner", "Startup Cost": 0.82, "Total Cost": 444829.84, "Plan Rows": 1282311, "Plan Width": 4, "Inner Unique": false, "Plans": [{"Node Type": "Seq Scan", "Parent Relationship": "Outer", "Relation Name": "company_name", "Alias": "cn", "Startup Cost": 0.0, "Total Cost": 5903.45, "Plan Rows": 85170, "Plan Width": 4, "Filter": "((country_code)::text = '[us]'::text)"}, {"Node Type": "Bitmap Heap Scan", "Parent Relationship": "Inner", "Relation Name": "movie_companies", "Alias": "mc", "Startup Cost": 0.82, "Total Cost": 5.0, "Plan Rows": 15, "Plan Width": 8, "Recheck Cond": "(company_id = cn.id)", "Plans": [{"Node Type": "Bitmap Index Scan", "Parent Relationship": "Outer", "Index Name": "company_id_movie_companies", "Startup Cost": 0.0, "Total Cost": 0.81, "Plan Rows": 15, "Plan Width": 0, "Index Cond": "(company_id = cn.id)"}]}]}, {"Node Type": "Bitmap Heap Scan", "Parent Relationship": "Inner", "Relation Name": "cast_info", "Alias": "ci", "Startup Cost": 0.51, "Total Cost": 4.59, "Plan Rows": 6, "Plan Width": 12, "Recheck Cond": "(movie_id = mc.movie_id)", "Plans": [{"Node Type": "Bitmap Index Scan", "Parent Relationship": "Outer", "Index Name": "movie_id_cast_info", "Startup Cost": 0.0, "Total Cost": 0.51, "Plan Rows": 6, "Plan Width": 0, "Index Cond": "(movie_id = mc.movie_id)"}]}]}]}, {"Node Type": "Bitmap Heap Scan", "Parent Relationship": "Inner", "Relation Name": "aka_name", "Alias": "a1", "Startup Cost": 0.26, "Total Cost": 4.27, "Plan Rows": 1, "Plan Width": 20, "Recheck Cond": "(person_id = ci.person_id)", "Plans": [{"Node Type": "Bitmap Index Scan", "Parent Relationship": "Outer", "Index Name": "person_id_aka_name", "Startup Cost": 0.0, "Total Cost": 0.26, "Plan Rows": 1, "Plan Width": 0, "Index Cond": "(person_id = ci.person_id)"}]}]}, {"Node Type": "Bitmap Heap Scan", "Parent Relationship": "Inner", "Relation Name": "title", "Alias": "t", "Startup Cost": 0.26, "Total Cost": 4.27, "Plan Rows": 1, "Plan Width": 21, "Recheck Cond": "(id = ci.movie_id)", "Plans": [{"Node Type": "Bitmap Index Scan", "Parent Relationship": "Outer", "Index Name": "title_pkey", "Startup Cost": 0.0, "Total Cost": 0.26, "Plan Rows": 1, "Plan Width": 0, "Index Cond": "(id = ci.movie_id)"}]}]}, {"Node Type": "Bitmap Heap Scan", "Parent Relationship": "Inner", "Relation Name": "name", "Alias": "n1", "Startup Cost": 0.26, "Total Cost": 4.27, "Plan Rows": 1, "Plan Width": 4, "Recheck Cond": "(id = ci.person_id)", "Plans": [{"Node Type": "Bitmap Index Scan", "Parent Relationship": "Outer", "Index Name": "name_pkey", "Startup Cost": 0.0, "Total Cost": 0.26, "Plan Rows": 1, "Plan Width": 0, "Index Cond": "(id = ci.person_id)"}]}]}]}, "Unique SQL Id": 2457761703, "Planner Runtime": 5}, "explain_analyze_plan": null}, "(1, 55)": {"explain_plan": {"Plan": {"Node Type": "Aggregate", "Strategy": "Plain", "Startup Cost": 1000069787565.86, "Total Cost": 1000069787565.87, "Plan Rows": 1, "Plan Width": 97, "Plans": [{"Node Type": "Nested Loop", "Parent Relationship": "Outer", "Join Type": "Inner", "Startup Cost": 10000000001.8, "Total Cost": 1000069785780.37, "Plan Rows": 357098, "Plan Width": 33, "Inner Unique": true, "Plans": [{"Node Type": "Nested Loop", "Parent Relationship": "Outer", "Join Type": "Inner", "Startup Cost": 10000000001.54, "Total Cost": 1000068255744.11, "Plan Rows": 357379, "Plan Width": 24, "Inner Unique": true, "Join Filter": "(a1.person_id = n1.id), (LLVM Optimized)", "Plans": [{"Node Type": "Nested Loop", "Parent Relationship": "Outer", "Join Type": "Inner", "Startup Cost": 10000000001.28, "Total Cost": 1000066724564.96, "Plan Rows": 357379, "Plan Width": 32, "Inner Unique": false, "Plans": [{"Node Type": "Nested Loop", "Parent Relationship": "Outer", "Join Type": "Inner", "Startup Cost": 10000000001.03, "Total Cost": 1000063680996.82, "Plan Rows": 711018, "Plan Width": 12, "Inner Unique": true, "Plans": [{"Node Type": "Nested Loop", "Parent Relationship": "Outer", "Join Type": "Inner", "Startup Cost": 10000000000.77, "Total Cost": 1000030184746.51, "Plan Rows": 7821201, "Plan Width": 16, "Inner Unique": false, "Plans": [{"Node Type": "Nested Loop", "Parent Relationship": "Outer", "Join Type": "Inner", "Startup Cost": 10000000000.26, "Total Cost": 1000024227793.07, "Plan Rows": 1282311, "Plan Width": 4, "Inner Unique": true, "Plans": [{"Node Type": "Index Scan", "Parent Relationship": "Outer", "Scan Direction": "Forward", "Index Name": "movie_id_movie_companies", "Relation Name": "movie_companies", "Alias": "mc", "Startup Cost": 10000000000.0, "Total Cost": 1000013051946.13, "Plan Rows": 2609128, "Plan Width": 8}, {"Node Type": "Bitmap Heap Scan", "Parent Relationship": "Inner", "Relation Name": "company_name", "Alias": "cn", "Startup Cost": 0.26, "Total Cost": 4.27, "Plan Rows": 1, "Plan Width": 4, "Recheck Cond": "(id = mc.company_id)", "Filter": "((country_code)::text = '[us]'::text)", "Plans": [{"Node Type": "Bitmap Index Scan", "Parent Relationship": "Outer", "Index Name": "company_name_pkey", "Startup Cost": 0.0, "Total Cost": 0.26, "Plan Rows": 1, "Plan Width": 0, "Index Cond": "(id = mc.company_id)"}]}]}, {"Node Type": "Bitmap Heap Scan", "Parent Relationship": "Inner", "Relation Name": "cast_info", "Alias": "ci", "Startup Cost": 0.51, "Total Cost": 4.59, "Plan Rows": 6, "Plan Width": 12, "Recheck Cond": "(movie_id = mc.movie_id)", "Plans": [{"Node Type": "Bitmap Index Scan", "Parent Relationship": "Outer", "Index Name": "movie_id_cast_info", "Startup Cost": 0.0, "Total Cost": 0.51, "Plan Rows": 6, "Plan Width": 0, "Index Cond": "(movie_id = mc.movie_id)"}]}]}, {"Node Type": "Bitmap Heap Scan", "Parent Relationship": "Inner", "Relation Name": "role_type", "Alias": "rt", "Startup Cost": 0.26, "Total Cost": 4.27, "Plan Rows": 1, "Plan Width": 4, "Recheck Cond": "(id = ci.role_id)", "Filter": "((role)::text = 'writer'::text)", "Plans": [{"Node Type": "Bitmap Index Scan", "Parent Relationship": "Outer", "Index Name": "role_type_pkey", "Startup Cost": 0.0, "Total Cost": 0.26, "Plan Rows": 1, "Plan Width": 0, "Index Cond": "(id = ci.role_id)"}]}]}, {"Node Type": "Bitmap Heap Scan", "Parent Relationship": "Inner", "Relation Name": "aka_name", "Alias": "a1", "Startup Cost": 0.26, "Total Cost": 4.27, "Plan Rows": 1, "Plan Width": 20, "Recheck Cond": "(person_id = ci.person_id)", "Plans": [{"Node Type": "Bitmap Index Scan", "Parent Relationship": "Outer", "Index Name": "person_id_aka_name", "Startup Cost": 0.0, "Total Cost": 0.26, "Plan Rows": 1, "Plan Width": 0, "Index Cond": "(person_id = ci.person_id)"}]}]}, {"Node Type": "Bitmap Heap Scan", "Parent Relationship": "Inner", "Relation Name": "name", "Alias": "n1", "Startup Cost": 0.26, "Total Cost": 4.27, "Plan Rows": 1, "Plan Width": 4, "Recheck Cond": "(id = ci.person_id)", "Plans": [{"Node Type": "Bitmap Index Scan", "Parent Relationship": "Outer", "Index Name": "name_pkey", "Startup Cost": 0.0, "Total Cost": 0.26, "Plan Rows": 1, "Plan Width": 0, "Index Cond": "(id = ci.person_id)"}]}]}, {"Node Type": "Bitmap Heap Scan", "Parent Relationship": "Inner", "Relation Name": "title", "Alias": "t", "Startup Cost": 0.26, "Total Cost": 4.27, "Plan Rows": 1, "Plan Width": 21, "Recheck Cond": "(id = ci.movie_id)", "Plans": [{"Node Type": "Bitmap Index Scan", "Parent Relationship": "Outer", "Index Name": "title_pkey", "Startup Cost": 0.0, "Total Cost": 0.26, "Plan Rows": 1, "Plan Width": 0, "Index Cond": "(id = ci.movie_id)"}]}]}]}, "Unique SQL Id": 2457761703, "Planner Runtime": 3}, "explain_analyze_plan": null}, "(1, 56)": {"explain_plan": {"Plan": {"Node Type": "Aggregate", "Strategy": "Plain", "Startup Cost": 1965944.02, "Total Cost": 1965944.03, "Plan Rows": 1, "Plan Width": 97, "Plans": [{"Node Type": "Nested Loop", "Parent Relationship": "Outer", "Join Type": "Inner", "Startup Cost": 0.0, "Total Cost": 1964158.53, "Plan Rows": 357098, "Plan Width": 33, "Inner Unique": true, "Join Filter": "(a1.person_id = n1.id), (LLVM Optimized)", "Plans": [{"Node Type": "Nested Loop", "Parent Relationship": "Outer", "Join Type": "Inner", "Startup Cost": 0.0, "Total Cost": 1862664.6, "Plan Rows": 357098, "Plan Width": 41, "Inner Unique": true, "Plans": [{"Node Type": "Nested Loop", "Parent Relationship": "Outer", "Join Type": "Inner", "Startup Cost": 0.0, "Total Cost": 1760862.26, "Plan Rows": 357379, "Plan Width": 32, "Inner Unique": false, "Plans": [{"Node Type": "Nested Loop", "Parent Relationship": "Outer", "Join Type": "Inner", "Startup Cost": 0.0, "Total Cost": 1560689.3, "Plan Rows": 711018, "Plan Width": 12, "Inner Unique": false, "Join Filter": "(ci.role_id = rt.id), (LLVM Optimized)", "Plans": [{"Node Type": "Seq Scan", "Parent Relationship": "Outer", "Relation Name": "role_type", "Alias": "rt", "Startup Cost": 0.0, "Total Cost": 1.15, "Plan Rows": 1, "Plan Width": 4, "Filter": "((role)::text = 'writer'::text)"}, {"Node Type": "Nested Loop", "Parent Relationship": "Inner", "Join Type": "Inner", "Startup Cost": 0.0, "Total Cost": 1462923.14, "Plan Rows": 7821201, "Plan Width": 16, "Inner Unique": false, "Plans": [{"Node Type": "Nested Loop", "Parent Relationship": "Outer", "Join Type": "Inner", "Startup Cost": 0.0, "Total Cost": 166734.45, "Plan Rows": 1282311, "Plan Width": 4, "Inner Unique": false, "Plans": [{"Node Type": "Seq Scan", "Parent Relationship": "Outer", "Relation Name": "company_name", "Alias": "cn", "Startup Cost": 0.0, "Total Cost": 5903.45, "Plan Rows": 85170, "Plan Width": 4, "Filter": "((country_code)::text = '[us]'::text)"}, {"Node Type": "Index Scan", "Parent Relationship": "Inner", "Scan Direction": "Forward", "Index Name": "company_id_movie_companies", "Relation Name": "movie_companies", "Alias": "mc", "Startup Cost": 0.0, "Total Cost": 1.74, "Plan Rows": 15, "Plan Width": 8, "Index Cond": "(company_id = cn.id)"}]}, {"Node Type": "Index Scan", "Parent Relationship": "Inner", "Scan Direction": "Forward", "Index Name": "movie_id_cast_info", "Relation Name": "cast_info", "Alias": "ci", "Startup Cost": 0.0, "Total Cost": 0.95, "Plan Rows": 6, "Plan Width": 12, "Index Cond": "(movie_id = mc.movie_id)"}]}]}, {"Node Type": "Index Scan", "Parent Relationship": "Inner", "Scan Direction": "Forward", "Index Name": "person_id_aka_name", "Relation Name": "aka_name", "Alias": "a1", "Startup Cost": 0.0, "Total Cost": 0.27, "Plan Rows": 1, "Plan Width": 20, "Index Cond": "(person_id = ci.person_id)"}]}, {"Node Type": "Index Scan", "Parent Relationship": "Inner", "Scan Direction": "Forward", "Index Name": "title_pkey", "Relation Name": "title", "Alias": "t", "Startup Cost": 0.0, "Total Cost": 0.27, "Plan Rows": 1, "Plan Width": 21, "Index Cond": "(id = ci.movie_id)"}]}, {"Node Type": "Index Only Scan", "Parent Relationship": "Inner", "Scan Direction": "Forward", "Index Name": "name_pkey", "Relation Name": "name", "Alias": "n1", "Startup Cost": 0.0, "Total Cost": 0.27, "Plan Rows": 1, "Plan Width": 4, "Index Cond": "(id = ci.person_id)"}]}]}, "Unique SQL Id": 2457761703, "Planner Runtime": 3}, "explain_analyze_plan": null}, "(1, 57)": {"explain_plan": {"Plan": {"Node Type": "Aggregate", "Strategy": "Plain", "Startup Cost": 1970553.27, "Total Cost": 1970553.28, "Plan Rows": 1, "Plan Width": 97, "Plans": [{"Node Type": "Nested Loop", "Parent Relationship": "Outer", "Join Type": "Inner", "Startup Cost": 0.0, "Total Cost": 1968767.78, "Plan Rows": 357098, "Plan Width": 33, "Inner Unique": true, "Join Filter": "(a1.person_id = n1.id), (LLVM Optimized)", "Plans": [{"Node Type": "Nested Loop", "Parent Relationship": "Outer", "Join Type": "Inner", "Startup Cost": 0.0, "Total Cost": 1867273.85, "Plan Rows": 357098, "Plan Width": 41, "Inner Unique": true, "Plans": [{"Node Type": "Nested Loop", "Parent Relationship": "Outer", "Join Type": "Inner", "Startup Cost": 0.0, "Total Cost": 1765471.51, "Plan Rows": 357379, "Plan Width": 32, "Inner Unique": false, "Plans": [{"Node Type": "Nested Loop", "Parent Relationship": "Outer", "Join Type": "Inner", "Startup Cost": 0.0, "Total Cost": 1565298.55, "Plan Rows": 711018, "Plan Width": 12, "Inner Unique": false, "Join Filter": "(ci.role_id = rt.id), (LLVM Optimized)", "Plans": [{"Node Type": "Index Scan", "Parent Relationship": "Outer", "Scan Direction": "Forward", "Index Name": "role_type_pkey", "Relation Name": "role_type", "Alias": "rt", "Startup Cost": 0.0, "Total Cost": 12.46, "Plan Rows": 1, "Plan Width": 4, "Filter": "((role)::text = 'writer'::text)"}, {"Node Type": "Nested Loop", "Parent Relationship": "Inner", "Join Type": "Inner", "Startup Cost": 0.0, "Total Cost": 1467521.08, "Plan Rows": 7821201, "Plan Width": 16, "Inner Unique": false, "Plans": [{"Node Type": "Nested Loop", "Parent Relationship": "Outer", "Join Type": "Inner", "Startup Cost": 0.0, "Total Cost": 171332.39, "Plan Rows": 1282311, "Plan Width": 4, "Inner Unique": false, "Plans": [{"Node Type": "Index Scan", "Parent Relationship": "Outer", "Scan Direction": "Forward", "Index Name": "company_name_pkey", "Relation Name": "company_name", "Alias": "cn", "Startup Cost": 0.0, "Total Cost": 10501.39, "Plan Rows": 85170, "Plan Width": 4, "Filter": "((country_code)::text = '[us]'::text)"}, {"Node Type": "Index Scan", "Parent Relationship": "Inner", "Scan Direction": "Forward", "Index Name": "company_id_movie_companies", "Relation Name": "movie_companies", "Alias": "mc", "Startup Cost": 0.0, "Total Cost": 1.74, "Plan Rows": 15, "Plan Width": 8, "Index Cond": "(company_id = cn.id)"}]}, {"Node Type": "Index Scan", "Parent Relationship": "Inner", "Scan Direction": "Forward", "Index Name": "movie_id_cast_info", "Relation Name": "cast_info", "Alias": "ci", "Startup Cost": 0.0, "Total Cost": 0.95, "Plan Rows": 6, "Plan Width": 12, "Index Cond": "(movie_id = mc.movie_id)"}]}]}, {"Node Type": "Index Scan", "Parent Relationship": "Inner", "Scan Direction": "Forward", "Index Name": "person_id_aka_name", "Relation Name": "aka_name", "Alias": "a1", "Startup Cost": 0.0, "Total Cost": 0.27, "Plan Rows": 1, "Plan Width": 20, "Index Cond": "(person_id = ci.person_id)"}]}, {"Node Type": "Index Scan", "Parent Relationship": "Inner", "Scan Direction": "Forward", "Index Name": "title_pkey", "Relation Name": "title", "Alias": "t", "Startup Cost": 0.0, "Total Cost": 0.27, "Plan Rows": 1, "Plan Width": 21, "Index Cond": "(id = ci.movie_id)"}]}, {"Node Type": "Index Only Scan", "Parent Relationship": "Inner", "Scan Direction": "Forward", "Index Name": "name_pkey", "Relation Name": "name", "Alias": "n1", "Startup Cost": 0.0, "Total Cost": 0.27, "Plan Rows": 1, "Plan Width": 4, "Index Cond": "(id = ci.person_id)"}]}]}, "Unique SQL Id": 2457761703, "Planner Runtime": 3}, "explain_analyze_plan": null}, "(1, 58)": {"explain_plan": {"Plan": {"Node Type": "Aggregate", "Strategy": "Plain", "Startup Cost": 112227718406.4, "Total Cost": 112227718406.41, "Plan Rows": 1, "Plan Width": 97, "Plans": [{"Node Type": "Nested Loop", "Parent Relationship": "Outer", "Join Type": "Inner", "Startup Cost": 0.0, "Total Cost": 112227716620.91, "Plan Rows": 357098, "Plan Width": 33, "Inner Unique": false, "Join Filter": "(a1.person_id = n1.id), (LLVM Optimized)", "Plans": [{"Node Type": "Seq Scan", "Parent Relationship": "Outer", "Relation Name": "name", "Alias": "n1", "Startup Cost": 0.0, "Total Cost": 93071.9, "Plan Rows": 4167490, "Plan Width": 4}, {"Node Type": "Materialize", "Parent Relationship": "Inner", "Startup Cost": 0.0, "Total Cost": 89904589281.46, "Plan Rows": 357098, "Plan Width": 41, "Plans": [{"Node Type": "Nested Loop", "Parent Relationship": "Outer", "Join Type": "Inner", "Startup Cost": 0.0, "Total Cost": 89904587495.97, "Plan Rows": 357098, "Plan Width": 41, "Inner Unique": false, "Join Filter": "(ci.movie_id = t.id), (LLVM Optimized)", "Plans": [{"Node Type": "Seq Scan", "Parent Relationship": "Outer", "Relation Name": "title", "Alias": "t", "Startup Cost": 0.0, "Total Cost": 60069.11, "Plan Rows": 2528311, "Plan Width": 21}, {"Node Type": "Materialize", "Parent Relationship": "Inner", "Startup Cost": 0.0, "Total Cost": 76351049467.27, "Plan Rows": 357379, "Plan Width": 32, "Plans": [{"Node Type": "Nested Loop", "Parent Relationship": "Outer", "Join Type": "Inner", "Startup Cost": 0.0, "Total Cost": 76351047680.37, "Plan Rows": 357379, "Plan Width": 32, "Inner Unique": false, "Join Filter": "(ci.person_id = a1.person_id), (LLVM Optimized)", "Plans": [{"Node Type": "Seq Scan", "Parent Relationship": "Outer", "Relation Name": "aka_name", "Alias": "a1", "Startup Cost": 0.0, "Total Cost": 19908.42, "Plan Rows": 901342, "Plan Width": 20}, {"Node Type": "Materialize", "Parent Relationship": "Inner", "Startup Cost": 0.0, "Total Cost": 66737973757.16, "Plan Rows": 711018, "Plan Width": 12, "Plans": [{"Node Type": "Nested Loop", "Parent Relationship": "Outer", "Join Type": "Inner", "Startup Cost": 0.0, "Total Cost": 66737970202.07, "Plan Rows": 711018, "Plan Width": 12, "Inner Unique": false, "Join Filter": "(ci.movie_id = mc.movie_id), (LLVM Optimized)", "Plans": [{"Node Type": "Nested Loop", "Parent Relationship": "Outer", "Join Type": "Inner", "Startup Cost": 0.0, "Total Cost": 1055122.77, "Plan Rows": 3296318, "Plan Width": 8, "Inner Unique": false, "Join Filter": "(ci.role_id = rt.id), (LLVM Optimized)", "Plans": [{"Node Type": "Seq Scan", "Parent Relationship": "Outer", "Relation Name": "role_type", "Alias": "rt", "Startup Cost": 0.0, "Total Cost": 1.15, "Plan Rows": 1, "Plan Width": 4, "Filter": "((role)::text = 'writer'::text)"}, {"Node Type": "Seq Scan", "Parent Relationship": "Inner", "Relation Name": "cast_info", "Alias": "ci", "Startup Cost": 0.0, "Total Cost": 601877.94, "Plan Rows": 36259494, "Plan Width": 12}]}, {"Node Type": "Materialize", "Parent Relationship": "Inner", "Startup Cost": 0.0, "Total Cost": 3333345821.61, "Plan Rows": 1282311, "Plan Width": 4, "Plans": [{"Node Type": "Nested Loop", "Parent Relationship": "Outer", "Join Type": "Inner", "Startup Cost": 0.0, "Total Cost": 3333339410.06, "Plan Rows": 1282311, "Plan Width": 4, "Inner Unique": true, "Join Filter": "(cn.id = mc.company_id), (LLVM Optimized)", "Plans": [{"Node Type": "Seq Scan", "Parent Relationship": "Outer", "Relation Name": "movie_companies", "Alias": "mc", "Startup Cost": 0.0, "Total Cost": 41817.28, "Plan Rows": 2609128, "Plan Width": 8}, {"Node Type": "Materialize", "Parent Relationship": "Inner", "Startup Cost": 0.0, "Total Cost": 6329.3, "Plan Rows": 85170, "Plan Width": 4, "Plans": [{"Node Type": "Seq Scan", "Parent Relationship": "Outer", "Relation Name": "company_name", "Alias": "cn", "Startup Cost": 0.0, "Total Cost": 5903.45, "Plan Rows": 85170, "Plan Width": 4, "Filter": "((country_code)::text = '[us]'::text)"}]}]}]}]}]}]}]}]}]}]}]}, "Unique SQL Id": 2457761703, "Planner Runtime": 3}, "explain_analyze_plan": null}, "(1, 59)": {"explain_plan": {"Plan": {"Node Type": "Aggregate", "Strategy": "Plain", "Startup Cost": 7112442136285.67, "Total Cost": 7112442136285.68, "Plan Rows": 1, "Plan Width": 97, "Plans": [{"Node Type": "Nested Loop", "Parent Relationship": "Outer", "Join Type": "Inner", "Startup Cost": 70000000000.0, "Total Cost": 7112442134500.18, "Plan Rows": 357098, "Plan Width": 33, "Inner Unique": false, "Join Filter": "(a1.person_id = n1.id), (LLVM Optimized)", "Plans": [{"Node Type": "Index Only Scan", "Parent Relationship": "Outer", "Scan Direction": "Forward", "Index Name": "name_pkey", "Relation Name": "name", "Alias": "n1", "Startup Cost": 10000000000.0, "Total Cost": 1000012483260.0, "Plan Rows": 4167490, "Plan Width": 4}, {"Node Type": "Materialize", "Parent Relationship": "Inner", "Startup Cost": 60000000000.0, "Total Cost": 6090106616972.63, "Plan Rows": 357098, "Plan Width": 41, "Plans": [{"Node Type": "Nested Loop", "Parent Relationship": "Outer", "Join Type": "Inner", "Startup Cost": 60000000000.0, "Total Cost": 6090106615187.14, "Plan Rows": 357098, "Plan Width": 41, "Inner Unique": true, "Join Filter": "(ci.movie_id = t.id), (LLVM Optimized)", "Plans": [{"Node Type": "Nested Loop", "Parent Relationship": "Outer", "Join Type": "Inner", "Startup Cost": 50000000000.0, "Total Cost": 5076542117964.41, "Plan Rows": 357379, "Plan Width": 32, "Inner Unique": false, "Join Filter": "(ci.person_id = a1.person_id), (LLVM Optimized)", "Plans": [{"Node Type": "Nested Loop", "Parent Relationship": "Outer", "Join Type": "Inner", "Startup Cost": 40000000000.0, "Total Cost": 4066922163415.29, "Plan Rows": 711018, "Plan Width": 12, "Inner Unique": false, "Join Filter": "(ci.movie_id = mc.movie_id), (LLVM Optimized)", "Plans": [{"Node Type": "Nested Loop", "Parent Relationship": "Outer", "Join Type": "Inner", "Startup Cost": 20000000000.0, "Total Cost": 2000171193971.62, "Plan Rows": 3296318, "Plan Width": 8, "Inner Unique": true, "Join Filter": "(ci.role_id = rt.id), (LLVM Optimized)", "Plans": [{"Node Type": "Index Scan", "Parent Relationship": "Outer", "Scan Direction": "Forward", "Index Name": "person_id_cast_info", "Relation Name": "cast_info", "Alias": "ci", "Startup Cost": 10000000000.0, "Total Cost": 1000170648833.21, "Plan Rows": 36259494, "Plan Width": 12}, {"Node Type": "Materialize", "Parent Relationship": "Inner", "Startup Cost": 10000000000.0, "Total Cost": 1000000001246.0, "Plan Rows": 1, "Plan Width": 4, "Plans": [{"Node Type": "Index Scan", "Parent Relationship": "Outer", "Scan Direction": "Forward", "Index Name": "role_type_pkey", "Relation Name": "role_type", "Alias": "rt", "Startup Cost": 10000000000.0, "Total Cost": 1000000001246.0, "Plan Rows": 1, "Plan Width": 4, "Filter": "((role)::text = 'writer'::text)"}]}]}, {"Node Type": "Materialize", "Parent Relationship": "Inner", "Startup Cost": 20000000000.0, "Total Cost": 2003347400185.98, "Plan Rows": 1282311, "Plan Width": 4, "Plans": [{"Node Type": "Nested Loop", "Parent Relationship": "Outer", "Join Type": "Inner", "Startup Cost": 20000000000.0, "Total Cost": 2003347393774.42, "Plan Rows": 1282311, "Plan Width": 4, "Inner Unique": true, "Join Filter": "(cn.id = mc.company_id), (LLVM Optimized)", "Plans": [{"Node Type": "Index Scan", "Parent Relationship": "Outer", "Scan Direction": "Forward", "Index Name": "movie_id_movie_companies", "Relation Name": "movie_companies", "Alias": "mc", "Startup Cost": 10000000000.0, "Total Cost": 1000013051946.13, "Plan Rows": 2609128, "Plan Width": 8}, {"Node Type": "Materialize", "Parent Relationship": "Inner", "Startup Cost": 10000000000.0, "Total Cost": 1000001050564.82, "Plan Rows": 85170, "Plan Width": 4, "Plans": [{"Node Type": "Index Scan", "Parent Relationship": "Outer", "Scan Direction": "Forward", "Index Name": "company_name_pkey", "Relation Name": "company_name", "Alias": "cn", "Startup Cost": 10000000000.0, "Total Cost": 1000001050138.97, "Plan Rows": 85170, "Plan Width": 4, "Filter": "((country_code)::text = '[us]'::text)"}]}]}]}]}, {"Node Type": "Materialize", "Parent Relationship": "Inner", "Startup Cost": 10000000000.0, "Total Cost": 1000006901010.14, "Plan Rows": 901342, "Plan Width": 20, "Plans": [{"Node Type": "Index Scan", "Parent Relationship": "Outer", "Scan Direction": "Forward", "Index Name": "person_id_aka_name", "Relation Name": "aka_name", "Alias": "a1", "Startup Cost": 10000000000.0, "Total Cost": 1000006896503.43, "Plan Rows": 901342, "Plan Width": 20}]}]}, {"Node Type": "Materialize", "Parent Relationship": "Inner", "Startup Cost": 10000000000.0, "Total Cost": 1000011024690.47, "Plan Rows": 2528311, "Plan Width": 21, "Plans": [{"Node Type": "Index Scan", "Parent Relationship": "Outer", "Scan Direction": "Forward", "Index Name": "title_pkey", "Relation Name": "title", "Alias": "t", "Startup Cost": 10000000000.0, "Total Cost": 1000011012048.91, "Plan Rows": 2528311, "Plan Width": 21}]}]}]}]}]}, "Unique SQL Id": 2457761703, "Planner Runtime": 3}, "explain_analyze_plan": null}, "(1, 60)": {"explain_plan": {"Plan": {"Node Type": "Aggregate", "Strategy": "Plain", "Startup Cost": 1967968.74, "Total Cost": 1967968.75, "Plan Rows": 1, "Plan Width": 97, "Plans": [{"Node Type": "Nested Loop", "Parent Relationship": "Outer", "Join Type": "Inner", "Startup Cost": 0.0, "Total Cost": 1966183.25, "Plan Rows": 357098, "Plan Width": 33, "Inner Unique": true, "Join Filter": "(a1.person_id = n1.id), (LLVM Optimized)", "Plans": [{"Node Type": "Nested Loop", "Parent Relationship": "Outer", "Join Type": "Inner", "Startup Cost": 0.0, "Total Cost": 1862664.6, "Plan Rows": 357098, "Plan Width": 41, "Inner Unique": true, "Plans": [{"Node Type": "Nested Loop", "Parent Relationship": "Outer", "Join Type": "Inner", "Startup Cost": 0.0, "Total Cost": 1760862.26, "Plan Rows": 357379, "Plan Width": 32, "Inner Unique": false, "Plans": [{"Node Type": "Nested Loop", "Parent Relationship": "Outer", "Join Type": "Inner", "Startup Cost": 0.0, "Total Cost": 1560689.3, "Plan Rows": 711018, "Plan Width": 12, "Inner Unique": false, "Join Filter": "(ci.role_id = rt.id), (LLVM Optimized)", "Plans": [{"Node Type": "Seq Scan", "Parent Relationship": "Outer", "Relation Name": "role_type", "Alias": "rt", "Startup Cost": 0.0, "Total Cost": 1.15, "Plan Rows": 1, "Plan Width": 4, "Filter": "((role)::text = 'writer'::text)"}, {"Node Type": "Nested Loop", "Parent Relationship": "Inner", "Join Type": "Inner", "Startup Cost": 0.0, "Total Cost": 1462923.14, "Plan Rows": 7821201, "Plan Width": 16, "Inner Unique": false, "Plans": [{"Node Type": "Nested Loop", "Parent Relationship": "Outer", "Join Type": "Inner", "Startup Cost": 0.0, "Total Cost": 166734.45, "Plan Rows": 1282311, "Plan Width": 4, "Inner Unique": false, "Plans": [{"Node Type": "Seq Scan", "Parent Relationship": "Outer", "Relation Name": "company_name", "Alias": "cn", "Startup Cost": 0.0, "Total Cost": 5903.45, "Plan Rows": 85170, "Plan Width": 4, "Filter": "((country_code)::text = '[us]'::text)"}, {"Node Type": "Index Scan", "Parent Relationship": "Inner", "Scan Direction": "Forward", "Index Name": "company_id_movie_companies", "Relation Name": "movie_companies", "Alias": "mc", "Startup Cost": 0.0, "Total Cost": 1.74, "Plan Rows": 15, "Plan Width": 8, "Index Cond": "(company_id = cn.id)"}]}, {"Node Type": "Index Scan", "Parent Relationship": "Inner", "Scan Direction": "Forward", "Index Name": "movie_id_cast_info", "Relation Name": "cast_info", "Alias": "ci", "Startup Cost": 0.0, "Total Cost": 0.95, "Plan Rows": 6, "Plan Width": 12, "Index Cond": "(movie_id = mc.movie_id)"}]}]}, {"Node Type": "Index Scan", "Parent Relationship": "Inner", "Scan Direction": "Forward", "Index Name": "person_id_aka_name", "Relation Name": "aka_name", "Alias": "a1", "Startup Cost": 0.0, "Total Cost": 0.27, "Plan Rows": 1, "Plan Width": 20, "Index Cond": "(person_id = ci.person_id)"}]}, {"Node Type": "Index Scan", "Parent Relationship": "Inner", "Scan Direction": "Forward", "Index Name": "title_pkey", "Relation Name": "title", "Alias": "t", "Startup Cost": 0.0, "Total Cost": 0.27, "Plan Rows": 1, "Plan Width": 21, "Index Cond": "(id = ci.movie_id)"}]}, {"Node Type": "Index Scan", "Parent Relationship": "Inner", "Scan Direction": "Forward", "Index Name": "name_pkey", "Relation Name": "name", "Alias": "n1", "Startup Cost": 0.0, "Total Cost": 0.28, "Plan Rows": 1, "Plan Width": 4, "Index Cond": "(id = ci.person_id)"}]}]}, "Unique SQL Id": 2457761703, "Planner Runtime": 3}, "explain_analyze_plan": null}, "(1, 61)": {"explain_plan": {"Plan": {"Node Type": "Aggregate", "Strategy": "Plain", "Startup Cost": 1972577.99, "Total Cost": 1972578.0, "Plan Rows": 1, "Plan Width": 97, "Plans": [{"Node Type": "Nested Loop", "Parent Relationship": "Outer", "Join Type": "Inner", "Startup Cost": 0.0, "Total Cost": 1970792.5, "Plan Rows": 357098, "Plan Width": 33, "Inner Unique": true, "Join Filter": "(a1.person_id = n1.id), (LLVM Optimized)", "Plans": [{"Node Type": "Nested Loop", "Parent Relationship": "Outer", "Join Type": "Inner", "Startup Cost": 0.0, "Total Cost": 1867273.85, "Plan Rows": 357098, "Plan Width": 41, "Inner Unique": true, "Plans": [{"Node Type": "Nested Loop", "Parent Relationship": "Outer", "Join Type": "Inner", "Startup Cost": 0.0, "Total Cost": 1765471.51, "Plan Rows": 357379, "Plan Width": 32, "Inner Unique": false, "Plans": [{"Node Type": "Nested Loop", "Parent Relationship": "Outer", "Join Type": "Inner", "Startup Cost": 0.0, "Total Cost": 1565298.55, "Plan Rows": 711018, "Plan Width": 12, "Inner Unique": false, "Join Filter": "(ci.role_id = rt.id), (LLVM Optimized)", "Plans": [{"Node Type": "Index Scan", "Parent Relationship": "Outer", "Scan Direction": "Forward", "Index Name": "role_type_pkey", "Relation Name": "role_type", "Alias": "rt", "Startup Cost": 0.0, "Total Cost": 12.46, "Plan Rows": 1, "Plan Width": 4, "Filter": "((role)::text = 'writer'::text)"}, {"Node Type": "Nested Loop", "Parent Relationship": "Inner", "Join Type": "Inner", "Startup Cost": 0.0, "Total Cost": 1467521.08, "Plan Rows": 7821201, "Plan Width": 16, "Inner Unique": false, "Plans": [{"Node Type": "Nested Loop", "Parent Relationship": "Outer", "Join Type": "Inner", "Startup Cost": 0.0, "Total Cost": 171332.39, "Plan Rows": 1282311, "Plan Width": 4, "Inner Unique": false, "Plans": [{"Node Type": "Index Scan", "Parent Relationship": "Outer", "Scan Direction": "Forward", "Index Name": "company_name_pkey", "Relation Name": "company_name", "Alias": "cn", "Startup Cost": 0.0, "Total Cost": 10501.39, "Plan Rows": 85170, "Plan Width": 4, "Filter": "((country_code)::text = '[us]'::text)"}, {"Node Type": "Index Scan", "Parent Relationship": "Inner", "Scan Direction": "Forward", "Index Name": "company_id_movie_companies", "Relation Name": "movie_companies", "Alias": "mc", "Startup Cost": 0.0, "Total Cost": 1.74, "Plan Rows": 15, "Plan Width": 8, "Index Cond": "(company_id = cn.id)"}]}, {"Node Type": "Index Scan", "Parent Relationship": "Inner", "Scan Direction": "Forward", "Index Name": "movie_id_cast_info", "Relation Name": "cast_info", "Alias": "ci", "Startup Cost": 0.0, "Total Cost": 0.95, "Plan Rows": 6, "Plan Width": 12, "Index Cond": "(movie_id = mc.movie_id)"}]}]}, {"Node Type": "Index Scan", "Parent Relationship": "Inner", "Scan Direction": "Forward", "Index Name": "person_id_aka_name", "Relation Name": "aka_name", "Alias": "a1", "Startup Cost": 0.0, "Total Cost": 0.27, "Plan Rows": 1, "Plan Width": 20, "Index Cond": "(person_id = ci.person_id)"}]}, {"Node Type": "Index Scan", "Parent Relationship": "Inner", "Scan Direction": "Forward", "Index Name": "title_pkey", "Relation Name": "title", "Alias": "t", "Startup Cost": 0.0, "Total Cost": 0.27, "Plan Rows": 1, "Plan Width": 21, "Index Cond": "(id = ci.movie_id)"}]}, {"Node Type": "Index Scan", "Parent Relationship": "Inner", "Scan Direction": "Forward", "Index Name": "name_pkey", "Relation Name": "name", "Alias": "n1", "Startup Cost": 0.0, "Total Cost": 0.28, "Plan Rows": 1, "Plan Width": 4, "Index Cond": "(id = ci.person_id)"}]}]}, "Unique SQL Id": 2457761703, "Planner Runtime": 3}, "explain_analyze_plan": null}, "(1, 62)": {"explain_plan": {"Plan": {"Node Type": "Aggregate", "Strategy": "Plain", "Startup Cost": 112227718406.4, "Total Cost": 112227718406.41, "Plan Rows": 1, "Plan Width": 97, "Plans": [{"Node Type": "Nested Loop", "Parent Relationship": "Outer", "Join Type": "Inner", "Startup Cost": 0.0, "Total Cost": 112227716620.91, "Plan Rows": 357098, "Plan Width": 33, "Inner Unique": false, "Join Filter": "(a1.person_id = n1.id), (LLVM Optimized)", "Plans": [{"Node Type": "Seq Scan", "Parent Relationship": "Outer", "Relation Name": "name", "Alias": "n1", "Startup Cost": 0.0, "Total Cost": 93071.9, "Plan Rows": 4167490, "Plan Width": 4}, {"Node Type": "Materialize", "Parent Relationship": "Inner", "Startup Cost": 0.0, "Total Cost": 89904589281.46, "Plan Rows": 357098, "Plan Width": 41, "Plans": [{"Node Type": "Nested Loop", "Parent Relationship": "Outer", "Join Type": "Inner", "Startup Cost": 0.0, "Total Cost": 89904587495.97, "Plan Rows": 357098, "Plan Width": 41, "Inner Unique": false, "Join Filter": "(ci.movie_id = t.id), (LLVM Optimized)", "Plans": [{"Node Type": "Seq Scan", "Parent Relationship": "Outer", "Relation Name": "title", "Alias": "t", "Startup Cost": 0.0, "Total Cost": 60069.11, "Plan Rows": 2528311, "Plan Width": 21}, {"Node Type": "Materialize", "Parent Relationship": "Inner", "Startup Cost": 0.0, "Total Cost": 76351049467.27, "Plan Rows": 357379, "Plan Width": 32, "Plans": [{"Node Type": "Nested Loop", "Parent Relationship": "Outer", "Join Type": "Inner", "Startup Cost": 0.0, "Total Cost": 76351047680.37, "Plan Rows": 357379, "Plan Width": 32, "Inner Unique": false, "Join Filter": "(ci.person_id = a1.person_id), (LLVM Optimized)", "Plans": [{"Node Type": "Seq Scan", "Parent Relationship": "Outer", "Relation Name": "aka_name", "Alias": "a1", "Startup Cost": 0.0, "Total Cost": 19908.42, "Plan Rows": 901342, "Plan Width": 20}, {"Node Type": "Materialize", "Parent Relationship": "Inner", "Startup Cost": 0.0, "Total Cost": 66737973757.16, "Plan Rows": 711018, "Plan Width": 12, "Plans": [{"Node Type": "Nested Loop", "Parent Relationship": "Outer", "Join Type": "Inner", "Startup Cost": 0.0, "Total Cost": 66737970202.07, "Plan Rows": 711018, "Plan Width": 12, "Inner Unique": false, "Join Filter": "(ci.movie_id = mc.movie_id), (LLVM Optimized)", "Plans": [{"Node Type": "Nested Loop", "Parent Relationship": "Outer", "Join Type": "Inner", "Startup Cost": 0.0, "Total Cost": 1055122.77, "Plan Rows": 3296318, "Plan Width": 8, "Inner Unique": false, "Join Filter": "(ci.role_id = rt.id), (LLVM Optimized)", "Plans": [{"Node Type": "Seq Scan", "Parent Relationship": "Outer", "Relation Name": "role_type", "Alias": "rt", "Startup Cost": 0.0, "Total Cost": 1.15, "Plan Rows": 1, "Plan Width": 4, "Filter": "((role)::text = 'writer'::text)"}, {"Node Type": "Seq Scan", "Parent Relationship": "Inner", "Relation Name": "cast_info", "Alias": "ci", "Startup Cost": 0.0, "Total Cost": 601877.94, "Plan Rows": 36259494, "Plan Width": 12}]}, {"Node Type": "Materialize", "Parent Relationship": "Inner", "Startup Cost": 0.0, "Total Cost": 3333345821.61, "Plan Rows": 1282311, "Plan Width": 4, "Plans": [{"Node Type": "Nested Loop", "Parent Relationship": "Outer", "Join Type": "Inner", "Startup Cost": 0.0, "Total Cost": 3333339410.06, "Plan Rows": 1282311, "Plan Width": 4, "Inner Unique": true, "Join Filter": "(cn.id = mc.company_id), (LLVM Optimized)", "Plans": [{"Node Type": "Seq Scan", "Parent Relationship": "Outer", "Relation Name": "movie_companies", "Alias": "mc", "Startup Cost": 0.0, "Total Cost": 41817.28, "Plan Rows": 2609128, "Plan Width": 8}, {"Node Type": "Materialize", "Parent Relationship": "Inner", "Startup Cost": 0.0, "Total Cost": 6329.3, "Plan Rows": 85170, "Plan Width": 4, "Plans": [{"Node Type": "Seq Scan", "Parent Relationship": "Outer", "Relation Name": "company_name", "Alias": "cn", "Startup Cost": 0.0, "Total Cost": 5903.45, "Plan Rows": 85170, "Plan Width": 4, "Filter": "((country_code)::text = '[us]'::text)"}]}]}]}]}]}]}]}]}]}]}]}, "Unique SQL Id": 2457761703, "Planner Runtime": 3}, "explain_analyze_plan": null}, "(1, 63)": {"explain_plan": {"Plan": {"Node Type": "Aggregate", "Strategy": "Plain", "Startup Cost": 7112447276300.38, "Total Cost": 7112447276300.39, "Plan Rows": 1, "Plan Width": 97, "Plans": [{"Node Type": "Nested Loop", "Parent Relationship": "Outer", "Join Type": "Inner", "Startup Cost": 70000000000.0, "Total Cost": 7112447274514.89, "Plan Rows": 357098, "Plan Width": 33, "Inner Unique": false, "Join Filter": "(a1.person_id = n1.id), (LLVM Optimized)", "Plans": [{"Node Type": "Index Scan", "Parent Relationship": "Outer", "Scan Direction": "Forward", "Index Name": "name_pkey", "Relation Name": "name", "Alias": "n1", "Startup Cost": 10000000000.0, "Total Cost": 1000017623274.7, "Plan Rows": 4167490, "Plan Width": 4}, {"Node Type": "Materialize", "Parent Relationship": "Inner", "Startup Cost": 60000000000.0, "Total Cost": 6090106616972.63, "Plan Rows": 357098, "Plan Width": 41, "Plans": [{"Node Type": "Nested Loop", "Parent Relationship": "Outer", "Join Type": "Inner", "Startup Cost": 60000000000.0, "Total Cost": 6090106615187.14, "Plan Rows": 357098, "Plan Width": 41, "Inner Unique": true, "Join Filter": "(ci.movie_id = t.id), (LLVM Optimized)", "Plans": [{"Node Type": "Nested Loop", "Parent Relationship": "Outer", "Join Type": "Inner", "Startup Cost": 50000000000.0, "Total Cost": 5076542117964.41, "Plan Rows": 357379, "Plan Width": 32, "Inner Unique": false, "Join Filter": "(ci.person_id = a1.person_id), (LLVM Optimized)", "Plans": [{"Node Type": "Nested Loop", "Parent Relationship": "Outer", "Join Type": "Inner", "Startup Cost": 40000000000.0, "Total Cost": 4066922163415.29, "Plan Rows": 711018, "Plan Width": 12, "Inner Unique": false, "Join Filter": "(ci.movie_id = mc.movie_id), (LLVM Optimized)", "Plans": [{"Node Type": "Nested Loop", "Parent Relationship": "Outer", "Join Type": "Inner", "Startup Cost": 20000000000.0, "Total Cost": 2000171193971.62, "Plan Rows": 3296318, "Plan Width": 8, "Inner Unique": true, "Join Filter": "(ci.role_id = rt.id), (LLVM Optimized)", "Plans": [{"Node Type": "Index Scan", "Parent Relationship": "Outer", "Scan Direction": "Forward", "Index Name": "person_id_cast_info", "Relation Name": "cast_info", "Alias": "ci", "Startup Cost": 10000000000.0, "Total Cost": 1000170648833.21, "Plan Rows": 36259494, "Plan Width": 12}, {"Node Type": "Materialize", "Parent Relationship": "Inner", "Startup Cost": 10000000000.0, "Total Cost": 1000000001246.0, "Plan Rows": 1, "Plan Width": 4, "Plans": [{"Node Type": "Index Scan", "Parent Relationship": "Outer", "Scan Direction": "Forward", "Index Name": "role_type_pkey", "Relation Name": "role_type", "Alias": "rt", "Startup Cost": 10000000000.0, "Total Cost": 1000000001246.0, "Plan Rows": 1, "Plan Width": 4, "Filter": "((role)::text = 'writer'::text)"}]}]}, {"Node Type": "Materialize", "Parent Relationship": "Inner", "Startup Cost": 20000000000.0, "Total Cost": 2003347400185.98, "Plan Rows": 1282311, "Plan Width": 4, "Plans": [{"Node Type": "Nested Loop", "Parent Relationship": "Outer", "Join Type": "Inner", "Startup Cost": 20000000000.0, "Total Cost": 2003347393774.42, "Plan Rows": 1282311, "Plan Width": 4, "Inner Unique": true, "Join Filter": "(cn.id = mc.company_id), (LLVM Optimized)", "Plans": [{"Node Type": "Index Scan", "Parent Relationship": "Outer", "Scan Direction": "Forward", "Index Name": "movie_id_movie_companies", "Relation Name": "movie_companies", "Alias": "mc", "Startup Cost": 10000000000.0, "Total Cost": 1000013051946.13, "Plan Rows": 2609128, "Plan Width": 8}, {"Node Type": "Materialize", "Parent Relationship": "Inner", "Startup Cost": 10000000000.0, "Total Cost": 1000001050564.82, "Plan Rows": 85170, "Plan Width": 4, "Plans": [{"Node Type": "Index Scan", "Parent Relationship": "Outer", "Scan Direction": "Forward", "Index Name": "company_name_pkey", "Relation Name": "company_name", "Alias": "cn", "Startup Cost": 10000000000.0, "Total Cost": 1000001050138.97, "Plan Rows": 85170, "Plan Width": 4, "Filter": "((country_code)::text = '[us]'::text)"}]}]}]}]}, {"Node Type": "Materialize", "Parent Relationship": "Inner", "Startup Cost": 10000000000.0, "Total Cost": 1000006901010.14, "Plan Rows": 901342, "Plan Width": 20, "Plans": [{"Node Type": "Index Scan", "Parent Relationship": "Outer", "Scan Direction": "Forward", "Index Name": "person_id_aka_name", "Relation Name": "aka_name", "Alias": "a1", "Startup Cost": 10000000000.0, "Total Cost": 1000006896503.43, "Plan Rows": 901342, "Plan Width": 20}]}]}, {"Node Type": "Materialize", "Parent Relationship": "Inner", "Startup Cost": 10000000000.0, "Total Cost": 1000011024690.47, "Plan Rows": 2528311, "Plan Width": 21, "Plans": [{"Node Type": "Index Scan", "Parent Relationship": "Outer", "Scan Direction": "Forward", "Index Name": "title_pkey", "Relation Name": "title", "Alias": "t", "Startup Cost": 10000000000.0, "Total Cost": 1000011012048.91, "Plan Rows": 2528311, "Plan Width": 21}]}]}]}]}]}, "Unique SQL Id": 2457761703, "Planner Runtime": 3}, "explain_analyze_plan": null}, "(1, 64)": {"explain_plan": {"Plan": {"Node Type": "Aggregate", "Strategy": "Plain", "Startup Cost": 589695.38, "Total Cost": 589695.39, "Plan Rows": 1, "Plan Width": 97, "Plans": [{"Node Type": "Hash Join", "Parent Relationship": "Outer", "Join Type": "Inner", "Startup Cost": 561014.71, "Total Cost": 587909.89, "Plan Rows": 357098, "Plan Width": 33, "Inner Unique": false, "Hash Cond": "(a1.person_id = n1.id), (LLVM Optimized)", "Plans": [{"Node Type": "Seq Scan", "Parent Relationship": "Outer", "Relation Name": "aka_name", "Alias": "a1", "Startup Cost": 0.0, "Total Cost": 19908.42, "Plan Rows": 901342, "Plan Width": 20}, {"Node Type": "Hash", "Parent Relationship": "Inner", "Startup Cost": 552133.97, "Total Cost": 552133.97, "Plan Rows": 710459, "Plan Width": 25, "Plans": [{"Node Type": "Hash Join", "Parent Relationship": "Outer", "Join Type": "Inner", "Startup Cost": 341891.88, "Total Cost": 552133.97, "Plan Rows": 710459, "Plan Width": 25, "Inner Unique": true, "Hash Cond": "(ci.person_id = n1.id), (LLVM Optimized)", "Plans": [{"Node Type": "Hash Join", "Parent Relationship": "Outer", "Join Type": "Inner", "Startup Cost": 196726.36, "Total Cost": 397199.64, "Plan Rows": 710459, "Plan Width": 21, "Inner Unique": false, "Hash Cond": "(ci.movie_id = t.id), (LLVM Optimized)", "Plans": [{"Node Type": "Nested Loop", "Parent Relationship": "Outer", "Join Type": "Inner", "Startup Cost": 0.0, "Total Cost": 171406.94, "Plan Rows": 3296318, "Plan Width": 8, "Inner Unique": false, "Plans": [{"Node Type": "Seq Scan", "Parent Relationship": "Outer", "Relation Name": "role_type", "Alias": "rt", "Startup Cost": 0.0, "Total Cost": 1.15, "Plan Rows": 1, "Plan Width": 4, "Filter": "((role)::text = 'writer'::text)"}, {"Node Type": "Index Scan", "Parent Relationship": "Inner", "Scan Direction": "Forward", "Index Name": "role_id_cast_info", "Relation Name": "cast_info", "Alias": "ci", "Startup Cost": 0.0, "Total Cost": 138442.61, "Plan Rows": 3296318, "Plan Width": 12, "Index Cond": "(role_id = rt.id), (LLVM Optimized)"}]}, {"Node Type": "Hash", "Parent Relationship": "Inner", "Startup Cost": 180697.47, "Total Cost": 180697.47, "Plan Rows": 1282311, "Plan Width": 25, "Plans": [{"Node Type": "Hash Join", "Parent Relationship": "Outer", "Join Type": "Inner", "Startup Cost": 98641.07, "Total Cost": 180697.47, "Plan Rows": 1282311, "Plan Width": 25, "Inner Unique": true, "Hash Cond": "(mc.movie_id = t.id), (LLVM Optimized)", "Plans": [{"Node Type": "Hash Join", "Parent Relationship": "Outer", "Join Type": "Inner", "Startup Cost": 6968.08, "Total Cost": 71392.69, "Plan Rows": 1282311, "Plan Width": 4, "Inner Unique": true, "Hash Cond": "(mc.company_id = cn.id), (LLVM Optimized)", "Plans": [{"Node Type": "Seq Scan", "Parent Relationship": "Outer", "Relation Name": "movie_companies", "Alias": "mc", "Startup Cost": 0.0, "Total Cost": 41817.28, "Plan Rows": 2609128, "Plan Width": 8}, {"Node Type": "Hash", "Parent Relationship": "Inner", "Startup Cost": 5903.45, "Total Cost": 5903.45, "Plan Rows": 85170, "Plan Width": 4, "Plans": [{"Node Type": "Seq Scan", "Parent Relationship": "Outer", "Relation Name": "company_name", "Alias": "cn", "Startup Cost": 0.0, "Total Cost": 5903.45, "Plan Rows": 85170, "Plan Width": 4, "Filter": "((country_code)::text = '[us]'::text)"}]}]}, {"Node Type": "Hash", "Parent Relationship": "Inner", "Startup Cost": 60069.11, "Total Cost": 60069.11, "Plan Rows": 2528311, "Plan Width": 21, "Plans": [{"Node Type": "Seq Scan", "Parent Relationship": "Outer", "Relation Name": "title", "Alias": "t", "Startup Cost": 0.0, "Total Cost": 60069.11, "Plan Rows": 2528311, "Plan Width": 21}]}]}]}]}, {"Node Type": "Hash", "Parent Relationship": "Inner", "Startup Cost": 93071.9, "Total Cost": 93071.9, "Plan Rows": 4167490, "Plan Width": 4, "Plans": [{"Node Type": "Index Only Scan", "Parent Relationship": "Outer", "Scan Direction": "Forward", "Index Name": "name_pkey", "Relation Name": "name", "Alias": "n1", "Startup Cost": 0.0, "Total Cost": 93071.9, "Plan Rows": 4167490, "Plan Width": 4}]}]}]}]}]}, "Unique SQL Id": 2457761703, "Planner Runtime": 82}, "explain_analyze_plan": {"Plan": {"Node Type": "Aggregate", "Strategy": "Plain", "Startup Cost": 589695.38, "Total Cost": 589695.39, "Plan Rows": 1, "Plan Width": 97, "Actual Startup Time": 14072.025, "Actual Total Time": 14072.025, "Actual Rows": 1, "Actual Loops": 1, "Plans": [{"Node Type": "Hash Join", "Parent Relationship": "Outer", "Join Type": "Inner", "Startup Cost": 561014.71, "Total Cost": 587909.89, "Plan Rows": 357098, "Plan Width": 33, "Actual Startup Time": 11691.826, "Actual Total Time": 12949.869, "Actual Rows": 2487611, "Actual Loops": 1, "Inner Unique": false, "Hash Cond": "(a1.person_id = n1.id), (LLVM Optimized, Jit Execute)", "Plans": [{"Node Type": "Seq Scan", "Parent Relationship": "Outer", "Relation Name": "aka_name", "Alias": "a1", "Startup Cost": 0.0, "Total Cost": 19908.42, "Plan Rows": 901342, "Plan Width": 20, "Actual Startup Time": 0.025, "Actual Total Time": 229.004, "Actual Rows": 901342, "Actual Loops": 1}, {"Node Type": "Hash", "Parent Relationship": "Inner", "Startup Cost": 552133.97, "Total Cost": 552133.97, "Plan Rows": 710459, "Plan Width": 25, "Actual Startup Time": 11687.273, "Actual Total Time": 11687.273, "Actual Rows": 1970658, "Actual Loops": 1, "Hash Buckets": 1048576, "Hash Batches": 1, "Original Hash Batches": 1, "Peak Memory Usage": 112799, "Plans": [{"Node Type": "Hash Join", "Parent Relationship": "Outer", "Join Type": "Inner", "Startup Cost": 341891.88, "Total Cost": 552133.97, "Plan Rows": 710459, "Plan Width": 25, "Actual Startup Time": 7023.074, "Actual Total Time": 11105.664, "Actual Rows": 1970658, "Actual Loops": 1, "Inner Unique": true, "Hash Cond": "(ci.person_id = n1.id), (LLVM Optimized, Jit Execute)", "Plans": [{"Node Type": "Hash Join", "Parent Relationship": "Outer", "Join Type": "Inner", "Startup Cost": 196726.36, "Total Cost": 397199.64, "Plan Rows": 710459, "Plan Width": 21, "Actual Startup Time": 4514.333, "Actual Total Time": 7831.613, "Actual Rows": 1970658, "Actual Loops": 1, "Inner Unique": false, "Hash Cond": "(ci.movie_id = t.id), (LLVM Optimized, Jit Execute)", "Plans": [{"Node Type": "Nested Loop", "Parent Relationship": "Outer", "Join Type": "Inner", "Startup Cost": 0.0, "Total Cost": 171406.94, "Plan Rows": 3296318, "Plan Width": 8, "Actual Startup Time": 0.114, "Actual Total Time": 1874.763, "Actual Rows": 2728943, "Actual Loops": 1, "Inner Unique": false, "Plans": [{"Node Type": "Seq Scan", "Parent Relationship": "Outer", "Relation Name": "role_type", "Alias": "rt", "Startup Cost": 0.0, "Total Cost": 1.15, "Plan Rows": 1, "Plan Width": 4, "Actual Startup Time": 0.054, "Actual Total Time": 0.07, "Actual Rows": 1, "Actual Loops": 1, "Filter": "((role)::text = 'writer'::text)", "Rows Removed by Filter": 11}, {"Node Type": "Index Scan", "Parent Relationship": "Inner", "Scan Direction": "Forward", "Index Name": "role_id_cast_info", "Relation Name": "cast_info", "Alias": "ci", "Startup Cost": 0.0, "Total Cost": 138442.61, "Plan Rows": 3296318, "Plan Width": 12, "Actual Startup Time": 0.05, "Actual Total Time": 1350.911, "Actual Rows": 2728943, "Actual Loops": 1, "Index Cond": "(role_id = rt.id), (LLVM Optimized, Jit Execute)", "Rows Removed by Index Recheck": 0}]}, {"Node Type": "Hash", "Parent Relationship": "Inner", "Startup Cost": 180697.47, "Total Cost": 180697.47, "Plan Rows": 1282311, "Plan Width": 25, "Actual Startup Time": 4504.326, "Actual Total Time": 4504.326, "Actual Rows": 1153797, "Actual Loops": 1, "Hash Buckets": 2097152, "Hash Batches": 1, "Original Hash Batches": 1, "Peak Memory Usage": 68508, "Plans": [{"Node Type": "Hash Join", "Parent Relationship": "Outer", "Join Type": "Inner", "Startup Cost": 98641.07, "Total Cost": 180697.47, "Plan Rows": 1282311, "Plan Width": 25, "Actual Startup Time": 1840.805, "Actual Total Time": 4017.099, "Actual Rows": 1153797, "Actual Loops": 1, "Inner Unique": true, "Hash Cond": "(mc.movie_id = t.id), (LLVM Optimized, Jit Execute)", "Plans": [{"Node Type": "Hash Join", "Parent Relationship": "Outer", "Join Type": "Inner", "Startup Cost": 6968.08, "Total Cost": 71392.69, "Plan Rows": 1282311, "Plan Width": 4, "Actual Startup Time": 112.721, "Actual Total Time": 1592.084, "Actual Rows": 1153797, "Actual Loops": 1, "Inner Unique": true, "Hash Cond": "(mc.company_id = cn.id), (LLVM Optimized, Jit Execute)", "Plans": [{"Node Type": "Seq Scan", "Parent Relationship": "Outer", "Relation Name": "movie_companies", "Alias": "mc", "Startup Cost": 0.0, "Total Cost": 41817.28, "Plan Rows": 2609128, "Plan Width": 8, "Actual Startup Time": 0.033, "Actual Total Time": 599.643, "Actual Rows": 2609128, "Actual Loops": 1}, {"Node Type": "Hash", "Parent Relationship": "Inner", "Startup Cost": 5903.45, "Total Cost": 5903.45, "Plan Rows": 85170, "Plan Width": 4, "Actual Startup Time": 112.588, "Actual Total Time": 112.588, "Actual Rows": 84843, "Actual Loops": 1, "Hash Buckets": 131072, "Hash Batches": 1, "Original Hash Batches": 1, "Peak Memory Usage": 2983, "Plans": [{"Node Type": "Seq Scan", "Parent Relationship": "Outer", "Relation Name": "company_name", "Alias": "cn", "Startup Cost": 0.0, "Total Cost": 5903.45, "Plan Rows": 85170, "Plan Width": 4, "Actual Startup Time": 0.026, "Actual Total Time": 90.104, "Actual Rows": 84843, "Actual Loops": 1, "Filter": "((country_code)::text = '[us]'::text)", "Rows Removed by Filter": 150153}]}]}, {"Node Type": "Hash", "Parent Relationship": "Inner", "Startup Cost": 60069.11, "Total Cost": 60069.11, "Plan Rows": 2528311, "Plan Width": 21, "Actual Startup Time": 1725.571, "Actual Total Time": 1725.571, "Actual Rows": 2528311, "Actual Loops": 1, "Hash Buckets": 4194304, "Hash Batches": 1, "Original Hash Batches": 1, "Peak Memory Usage": 135869, "Plans": [{"Node Type": "Seq Scan", "Parent Relationship": "Outer", "Relation Name": "title", "Alias": "t", "Startup Cost": 0.0, "Total Cost": 60069.11, "Plan Rows": 2528311, "Plan Width": 21, "Actual Startup Time": 0.028, "Actual Total Time": 799.762, "Actual Rows": 2528311, "Actual Loops": 1}]}]}]}]}, {"Node Type": "Hash", "Parent Relationship": "Inner", "Startup Cost": 93071.9, "Total Cost": 93071.9, "Plan Rows": 4167490, "Plan Width": 4, "Actual Startup Time": 2506.319, "Actual Total Time": 2506.319, "Actual Rows": 4167490, "Actual Loops": 1, "Hash Buckets": 4194304, "Hash Batches": 1, "Original Hash Batches": 1, "Peak Memory Usage": 146514, "Plans": [{"Node Type": "Index Only Scan", "Parent Relationship": "Outer", "Scan Direction": "Forward", "Index Name": "name_pkey", "Relation Name": "name", "Alias": "n1", "Startup Cost": 0.0, "Total Cost": 93071.9, "Plan Rows": 4167490, "Plan Width": 4, "Actual Startup Time": 0.034, "Actual Total Time": 1035.961, "Actual Rows": 4167490, "Actual Loops": 1, "Heap Fetches": 0}]}]}]}]}]}, "Triggers": [], "Planner Runtime": 45, "Total Runtime": 14086.627, "Unique SQL Id": 2457761703}}, "(1, 65)": {"explain_plan": {"Plan": {"Node Type": "Aggregate", "Strategy": "Plain", "Startup Cost": 770846.96, "Total Cost": 770846.97, "Plan Rows": 1, "Plan Width": 97, "Plans": [{"Node Type": "Nested Loop", "Parent Relationship": "Outer", "Join Type": "Inner", "Startup Cost": 599201.04, "Total Cost": 769061.47, "Plan Rows": 357098, "Plan Width": 33, "Inner Unique": true, "Join Filter": "(a1.person_id = n1.id), (LLVM Optimized)", "Plans": [{"Node Type": "Merge Join", "Parent Relationship": "Outer", "Join Type": "Inner", "Startup Cost": 599201.04, "Total Cost": 667567.53, "Plan Rows": 357098, "Plan Width": 41, "Inner Unique": false, "Merge Cond": "(ci.person_id = a1.person_id)", "Plans": [{"Node Type": "Sort", "Parent Relationship": "Outer", "Startup Cost": 599200.97, "Total Cost": 600977.12, "Plan Rows": 710459, "Plan Width": 21, "Sort Key": ["ci.person_id"], "Plans": [{"Node Type": "Hash Join", "Parent Relationship": "Outer", "Join Type": "Inner", "Startup Cost": 329665.48, "Total Cost": 530150.07, "Plan Rows": 710459, "Plan Width": 21, "Inner Unique": false, "Hash Cond": "(ci.movie_id = t.id), (LLVM Optimized)", "Plans": [{"Node Type": "Nested Loop", "Parent Relationship": "Outer", "Join Type": "Inner", "Startup Cost": 0.0, "Total Cost": 171418.25, "Plan Rows": 3296318, "Plan Width": 8, "Inner Unique": false, "Plans": [{"Node Type": "Index Scan", "Parent Relationship": "Outer", "Scan Direction": "Forward", "Index Name": "role_type_pkey", "Relation Name": "role_type", "Alias": "rt", "Startup Cost": 0.0, "Total Cost": 12.46, "Plan Rows": 1, "Plan Width": 4, "Filter": "((role)::text = 'writer'::text)"}, {"Node Type": "Index Scan", "Parent Relationship": "Inner", "Scan Direction": "Forward", "Index Name": "role_id_cast_info", "Relation Name": "cast_info", "Alias": "ci", "Startup Cost": 0.0, "Total Cost": 138442.61, "Plan Rows": 3296318, "Plan Width": 12, "Index Cond": "(role_id = rt.id), (LLVM Optimized)"}]}, {"Node Type": "Hash", "Parent Relationship": "Inner", "Startup Cost": 313636.59, "Total Cost": 313636.59, "Plan Rows": 1282311, "Plan Width": 25, "Plans": [{"Node Type": "Hash Join", "Parent Relationship": "Outer", "Join Type": "Inner", "Startup Cost": 11568.59, "Total Cost": 313636.59, "Plan Rows": 1282311, "Plan Width": 25, "Inner Unique": true, "Hash Cond": "(mc.company_id = cn.id), (LLVM Optimized)", "Plans": [{"Node Type": "Merge Join", "Parent Relationship": "Outer", "Join Type": "Inner", "Startup Cost": 2.58, "Total Cost": 279463.24, "Plan Rows": 2609128, "Plan Width": 29, "Inner Unique": false, "Merge Cond": "(t.id = mc.movie_id)", "Plans": [{"Node Type": "Index Scan", "Parent Relationship": "Outer", "Scan Direction": "Forward", "Index Name": "title_pkey", "Relation Name": "title", "Alias": "t", "Startup Cost": 0.0, "Total Cost": 110120.49, "Plan Rows": 2528311, "Plan Width": 21}, {"Node Type": "Index Scan", "Parent Relationship": "Inner", "Scan Direction": "Forward", "Index Name": "movie_id_movie_companies", "Relation Name": "movie_companies", "Alias": "mc", "Startup Cost": 0.0, "Total Cost": 130519.46, "Plan Rows": 2609128, "Plan Width": 8}]}, {"Node Type": "Hash", "Parent Relationship": "Inner", "Startup Cost": 10501.39, "Total Cost": 10501.39, "Plan Rows": 85170, "Plan Width": 4, "Plans": [{"Node Type": "Index Scan", "Parent Relationship": "Outer", "Scan Direction": "Forward", "Index Name": "company_name_pkey", "Relation Name": "company_name", "Alias": "cn", "Startup Cost": 0.0, "Total Cost": 10501.39, "Plan Rows": 85170, "Plan Width": 4, "Filter": "((country_code)::text = '[us]'::text)"}]}]}]}]}]}, {"Node Type": "Index Scan", "Parent Relationship": "Inner", "Scan Direction": "Forward", "Index Name": "person_id_aka_name", "Relation Name": "aka_name", "Alias": "a1", "Startup Cost": 0.0, "Total Cost": 68965.03, "Plan Rows": 901342, "Plan Width": 20}]}, {"Node Type": "Index Only Scan", "Parent Relationship": "Inner", "Scan Direction": "Forward", "Index Name": "name_pkey", "Relation Name": "name", "Alias": "n1", "Startup Cost": 0.0, "Total Cost": 0.27, "Plan Rows": 1, "Plan Width": 4, "Index Cond": "(id = ci.person_id)"}]}]}, "Unique SQL Id": 2457761703, "Planner Runtime": 74}, "explain_analyze_plan": {"Plan": {"Node Type": "Aggregate", "Strategy": "Plain", "Startup Cost": 770846.96, "Total Cost": 770846.97, "Plan Rows": 1, "Plan Width": 97, "Actual Startup Time": 24376.196, "Actual Total Time": 24376.196, "Actual Rows": 1, "Actual Loops": 1, "Plans": [{"Node Type": "Nested Loop", "Parent Relationship": "Outer", "Join Type": "Inner", "Startup Cost": 599201.04, "Total Cost": 769061.47, "Plan Rows": 357098, "Plan Width": 33, "Actual Startup Time": 12265.022, "Actual Total Time": 22888.05, "Actual Rows": 2487611, "Actual Loops": 1, "Inner Unique": true, "Join Filter": "(a1.person_id = n1.id), (LLVM Optimized, Jit Execute)", "Rows Removed by Join Filter": 0, "Plans": [{"Node Type": "Merge Join", "Parent Relationship": "Outer", "Join Type": "Inner", "Startup Cost": 599201.04, "Total Cost": 667567.53, "Plan Rows": 357098, "Plan Width": 41, "Actual Startup Time": 12264.981, "Actual Total Time": 16006.074, "Actual Rows": 2487611, "Actual Loops": 1, "Inner Unique": false, "Merge Cond": "(ci.person_id = a1.person_id)", "Plans": [{"Node Type": "Sort", "Parent Relationship": "Outer", "Startup Cost": 599200.97, "Total Cost": 600977.12, "Plan Rows": 710459, "Plan Width": 21, "Actual Startup Time": 12264.878, "Actual Total Time": 12659.084, "Actual Rows": 1970658, "Actual Loops": 1, "Sort Key": ["ci.person_id"], "Sort Method": "quicksort", "Sort Space Used": 240236, "Sort Space Type": "Memory", "Plans": [{"Node Type": "Hash Join", "Parent Relationship": "Outer", "Join Type": "Inner", "Startup Cost": 329665.48, "Total Cost": 530150.07, "Plan Rows": 710459, "Plan Width": 21, "Actual Startup Time": 8230.903, "Actual Total Time": 11640.232, "Actual Rows": 1970658, "Actual Loops": 1, "Inner Unique": false, "Hash Cond": "(ci.movie_id = t.id), (LLVM Optimized, Jit Execute)", "Plans": [{"Node Type": "Nested Loop", "Parent Relationship": "Outer", "Join Type": "Inner", "Startup Cost": 0.0, "Total Cost": 171418.25, "Plan Rows": 3296318, "Plan Width": 8, "Actual Startup Time": 0.076, "Actual Total Time": 1889.343, "Actual Rows": 2728943, "Actual Loops": 1, "Inner Unique": false, "Plans": [{"Node Type": "Index Scan", "Parent Relationship": "Outer", "Scan Direction": "Forward", "Index Name": "role_type_pkey", "Relation Name": "role_type", "Alias": "rt", "Startup Cost": 0.0, "Total Cost": 12.46, "Plan Rows": 1, "Plan Width": 4, "Actual Startup Time": 0.023, "Actual Total Time": 0.043, "Actual Rows": 1, "Actual Loops": 1, "Filter": "((role)::text = 'writer'::text)", "Rows Removed by Filter": 11}, {"Node Type": "Index Scan", "Parent Relationship": "Inner", "Scan Direction": "Forward", "Index Name": "role_id_cast_info", "Relation Name": "cast_info", "Alias": "ci", "Startup Cost": 0.0, "Total Cost": 138442.61, "Plan Rows": 3296318, "Plan Width": 12, "Actual Startup Time": 0.049, "Actual Total Time": 1370.851, "Actual Rows": 2728943, "Actual Loops": 1, "Index Cond": "(role_id = rt.id), (LLVM Optimized, Jit Execute)", "Rows Removed by Index Recheck": 0}]}, {"Node Type": "Hash", "Parent Relationship": "Inner", "Startup Cost": 313636.59, "Total Cost": 313636.59, "Plan Rows": 1282311, "Plan Width": 25, "Actual Startup Time": 8228.796, "Actual Total Time": 8228.796, "Actual Rows": 1153797, "Actual Loops": 1, "Hash Buckets": 2097152, "Hash Batches": 1, "Original Hash Batches": 1, "Peak Memory Usage": 68508, "Plans": [{"Node Type": "Hash Join", "Parent Relationship": "Outer", "Join Type": "Inner", "Startup Cost": 11568.59, "Total Cost": 313636.59, "Plan Rows": 1282311, "Plan Width": 25, "Actual Startup Time": 347.397, "Actual Total Time": 7753.856, "Actual Rows": 1153797, "Actual Loops": 1, "Inner Unique": true, "Hash Cond": "(mc.company_id = cn.id), (LLVM Optimized, Jit Execute)", "Plans": [{"Node Type": "Merge Join", "Parent Relationship": "Outer", "Join Type": "Inner", "Startup Cost": 2.58, "Total Cost": 279463.24, "Plan Rows": 2609128, "Plan Width": 29, "Actual Startup Time": 0.059, "Actual Total Time": 6565.551, "Actual Rows": 2609128, "Actual Loops": 1, "Inner Unique": false, "Merge Cond": "(t.id = mc.movie_id)", "Plans": [{"Node Type": "Index Scan", "Parent Relationship": "Outer", "Scan Direction": "Forward", "Index Name": "title_pkey", "Relation Name": "title", "Alias": "t", "Startup Cost": 0.0, "Total Cost": 110120.49, "Plan Rows": 2528311, "Plan Width": 21, "Actual Startup Time": 0.025, "Actual Total Time": 3204.16, "Actual Rows": 2525745, "Actual Loops": 1}, {"Node Type": "Index Scan", "Parent Relationship": "Inner", "Scan Direction": "Forward", "Index Name": "movie_id_movie_companies", "Relation Name": "movie_companies", "Alias": "mc", "Startup Cost": 0.0, "Total Cost": 130519.46, "Plan Rows": 2609128, "Plan Width": 8, "Actual Startup Time": 0.023, "Actual Total Time": 1841.34, "Actual Rows": 2609128, "Actual Loops": 1}]}, {"Node Type": "Hash", "Parent Relationship": "Inner", "Startup Cost": 10501.39, "Total Cost": 10501.39, "Plan Rows": 85170, "Plan Width": 4, "Actual Startup Time": 347.204, "Actual Total Time": 347.204, "Actual Rows": 84843, "Actual Loops": 1, "Hash Buckets": 131072, "Hash Batches": 1, "Original Hash Batches": 1, "Peak Memory Usage": 2983, "Plans": [{"Node Type": "Index Scan", "Parent Relationship": "Outer", "Scan Direction": "Forward", "Index Name": "company_name_pkey", "Relation Name": "company_name", "Alias": "cn", "Startup Cost": 0.0, "Total Cost": 10501.39, "Plan Rows": 85170, "Plan Width": 4, "Actual Startup Time": 0.029, "Actual Total Time": 320.148, "Actual Rows": 84843, "Actual Loops": 1, "Filter": "((country_code)::text = '[us]'::text)", "Rows Removed by Filter": 150153}]}]}]}]}]}, {"Node Type": "Index Scan", "Parent Relationship": "Inner", "Scan Direction": "Forward", "Index Name": "person_id_aka_name", "Relation Name": "aka_name", "Alias": "a1", "Startup Cost": 0.0, "Total Cost": 68965.03, "Plan Rows": 901342, "Plan Width": 20, "Actual Startup Time": 0.064, "Actual Total Time": 2057.174, "Actual Rows": 3063953, "Actual Loops": 1}]}, {"Node Type": "Index Only Scan", "Parent Relationship": "Inner", "Scan Direction": "Forward", "Index Name": "name_pkey", "Relation Name": "name", "Alias": "n1", "Startup Cost": 0.0, "Total Cost": 0.27, "Plan Rows": 1, "Plan Width": 4, "Actual Startup Time": 5121.099, "Actual Total Time": 5121.099, "Actual Rows": 2487611, "Actual Loops": 2487611, "Index Cond": "(id = ci.person_id)", "Rows Removed by Index Recheck": 0, "Heap Fetches": 0}]}]}, "Triggers": [], "Planner Runtime": 74, "Total Runtime": 24386.676, "Unique SQL Id": 2457761703}}, "(1, 66)": {"explain_plan": {"Plan": {"Node Type": "Aggregate", "Strategy": "Plain", "Startup Cost": 808403.05, "Total Cost": 808403.06, "Plan Rows": 1, "Plan Width": 97, "Plans": [{"Node Type": "Hash Join", "Parent Relationship": "Outer", "Join Type": "Inner", "Startup Cost": 779365.79, "Total Cost": 806617.56, "Plan Rows": 357098, "Plan Width": 33, "Inner Unique": false, "Hash Cond": "(a1.person_id = n1.id), (LLVM Optimized)", "Plans": [{"Node Type": "Seq Scan", "Parent Relationship": "Outer", "Relation Name": "aka_name", "Alias": "a1", "Startup Cost": 0.0, "Total Cost": 19908.42, "Plan Rows": 901342, "Plan Width": 20}, {"Node Type": "Hash", "Parent Relationship": "Inner", "Startup Cost": 770485.05, "Total Cost": 770485.05, "Plan Rows": 710459, "Plan Width": 25, "Plans": [{"Node Type": "Hash Join", "Parent Relationship": "Outer", "Join Type": "Inner", "Startup Cost": 418198.6, "Total Cost": 770485.05, "Plan Rows": 710459, "Plan Width": 25, "Inner Unique": true, "Hash Cond": "(ci.person_id = n1.id), (LLVM Optimized)", "Plans": [{"Node Type": "Hash Join", "Parent Relationship": "Outer", "Join Type": "Inner", "Startup Cost": 273033.07, "Total Cost": 615550.72, "Plan Rows": 710459, "Plan Width": 21, "Inner Unique": false, "Hash Cond": "(ci.movie_id = t.id), (LLVM Optimized)", "Plans": [{"Node Type": "Nested Loop", "Parent Relationship": "Outer", "Join Type": "Inner", "Startup Cost": 76306.71, "Total Cost": 389758.02, "Plan Rows": 3296318, "Plan Width": 8, "Inner Unique": false, "Plans": [{"Node Type": "Seq Scan", "Parent Relationship": "Outer", "Relation Name": "role_type", "Alias": "rt", "Startup Cost": 0.0, "Total Cost": 1.15, "Plan Rows": 1, "Plan Width": 4, "Filter": "((role)::text = 'writer'::text)"}, {"Node Type": "Bitmap Heap Scan", "Parent Relationship": "Inner", "Relation Name": "cast_info", "Alias": "ci", "Startup Cost": 76306.71, "Total Cost": 356793.69, "Plan Rows": 3296318, "Plan Width": 12, "Recheck Cond": "(role_id = rt.id), (LLVM Optimized)", "Plans": [{"Node Type": "Bitmap Index Scan", "Parent Relationship": "Outer", "Index Name": "role_id_cast_info", "Startup Cost": 0.0, "Total Cost": 75482.63, "Plan Rows": 3296318, "Plan Width": 0, "Index Cond": "(role_id = rt.id)"}]}]}, {"Node Type": "Hash", "Parent Relationship": "Inner", "Startup Cost": 180697.47, "Total Cost": 180697.47, "Plan Rows": 1282311, "Plan Width": 25, "Plans": [{"Node Type": "Hash Join", "Parent Relationship": "Outer", "Join Type": "Inner", "Startup Cost": 98641.07, "Total Cost": 180697.47, "Plan Rows": 1282311, "Plan Width": 25, "Inner Unique": true, "Hash Cond": "(mc.movie_id = t.id), (LLVM Optimized)", "Plans": [{"Node Type": "Hash Join", "Parent Relationship": "Outer", "Join Type": "Inner", "Startup Cost": 6968.08, "Total Cost": 71392.69, "Plan Rows": 1282311, "Plan Width": 4, "Inner Unique": true, "Hash Cond": "(mc.company_id = cn.id), (LLVM Optimized)", "Plans": [{"Node Type": "Seq Scan", "Parent Relationship": "Outer", "Relation Name": "movie_companies", "Alias": "mc", "Startup Cost": 0.0, "Total Cost": 41817.28, "Plan Rows": 2609128, "Plan Width": 8}, {"Node Type": "Hash", "Parent Relationship": "Inner", "Startup Cost": 5903.45, "Total Cost": 5903.45, "Plan Rows": 85170, "Plan Width": 4, "Plans": [{"Node Type": "Seq Scan", "Parent Relationship": "Outer", "Relation Name": "company_name", "Alias": "cn", "Startup Cost": 0.0, "Total Cost": 5903.45, "Plan Rows": 85170, "Plan Width": 4, "Filter": "((country_code)::text = '[us]'::text)"}]}]}, {"Node Type": "Hash", "Parent Relationship": "Inner", "Startup Cost": 60069.11, "Total Cost": 60069.11, "Plan Rows": 2528311, "Plan Width": 21, "Plans": [{"Node Type": "Seq Scan", "Parent Relationship": "Outer", "Relation Name": "title", "Alias": "t", "Startup Cost": 0.0, "Total Cost": 60069.11, "Plan Rows": 2528311, "Plan Width": 21}]}]}]}]}, {"Node Type": "Hash", "Parent Relationship": "Inner", "Startup Cost": 93071.9, "Total Cost": 93071.9, "Plan Rows": 4167490, "Plan Width": 4, "Plans": [{"Node Type": "Seq Scan", "Parent Relationship": "Outer", "Relation Name": "name", "Alias": "n1", "Startup Cost": 0.0, "Total Cost": 93071.9, "Plan Rows": 4167490, "Plan Width": 4}]}]}]}]}]}, "Unique SQL Id": 2457761703, "Planner Runtime": 57}, "explain_analyze_plan": {"Plan": {"Node Type": "Aggregate", "Strategy": "Plain", "Startup Cost": 808403.05, "Total Cost": 808403.06, "Plan Rows": 1, "Plan Width": 97, "Actual Startup Time": 14156.96, "Actual Total Time": 14156.96, "Actual Rows": 1, "Actual Loops": 1, "Plans": [{"Node Type": "Hash Join", "Parent Relationship": "Outer", "Join Type": "Inner", "Startup Cost": 779365.79, "Total Cost": 806617.56, "Plan Rows": 357098, "Plan Width": 33, "Actual Startup Time": 11817.477, "Actual Total Time": 13035.953, "Actual Rows": 2487611, "Actual Loops": 1, "Inner Unique": false, "Hash Cond": "(a1.person_id = n1.id), (LLVM Optimized, Jit Execute)", "Plans": [{"Node Type": "Seq Scan", "Parent Relationship": "Outer", "Relation Name": "aka_name", "Alias": "a1", "Startup Cost": 0.0, "Total Cost": 19908.42, "Plan Rows": 901342, "Plan Width": 20, "Actual Startup Time": 0.021, "Actual Total Time": 223.729, "Actual Rows": 901342, "Actual Loops": 1}, {"Node Type": "Hash", "Parent Relationship": "Inner", "Startup Cost": 770485.05, "Total Cost": 770485.05, "Plan Rows": 710459, "Plan Width": 25, "Actual Startup Time": 11812.572, "Actual Total Time": 11812.572, "Actual Rows": 1970658, "Actual Loops": 1, "Hash Buckets": 1048576, "Hash Batches": 1, "Original Hash Batches": 1, "Peak Memory Usage": 112799, "Plans": [{"Node Type": "Hash Join", "Parent Relationship": "Outer", "Join Type": "Inner", "Startup Cost": 418198.6, "Total Cost": 770485.05, "Plan Rows": 710459, "Plan Width": 25, "Actual Startup Time": 7818.705, "Actual Total Time": 11227.254, "Actual Rows": 1970658, "Actual Loops": 1, "Inner Unique": true, "Hash Cond": "(ci.person_id = n1.id), (LLVM Optimized, Jit Execute)", "Plans": [{"Node Type": "Hash Join", "Parent Relationship": "Outer", "Join Type": "Inner", "Startup Cost": 273033.07, "Total Cost": 615550.72, "Plan Rows": 710459, "Plan Width": 21, "Actual Startup Time": 4856.752, "Actual Total Time": 7448.075, "Actual Rows": 1970658, "Actual Loops": 1, "Inner Unique": false, "Hash Cond": "(ci.movie_id = t.id), (LLVM Optimized, Jit Execute)", "Plans": [{"Node Type": "Nested Loop", "Parent Relationship": "Outer", "Join Type": "Inner", "Startup Cost": 76306.71, "Total Cost": 389758.02, "Plan Rows": 3296318, "Plan Width": 8, "Actual Startup Time": 338.992, "Actual Total Time": 1654.48, "Actual Rows": 2728943, "Actual Loops": 1, "Inner Unique": false, "Plans": [{"Node Type": "Seq Scan", "Parent Relationship": "Outer", "Relation Name": "role_type", "Alias": "rt", "Startup Cost": 0.0, "Total Cost": 1.15, "Plan Rows": 1, "Plan Width": 4, "Actual Startup Time": 0.048, "Actual Total Time": 0.071, "Actual Rows": 1, "Actual Loops": 1, "Filter": "((role)::text = 'writer'::text)", "Rows Removed by Filter": 11}, {"Node Type": "Bitmap Heap Scan", "Parent Relationship": "Inner", "Relation Name": "cast_info", "Alias": "ci", "Startup Cost": 76306.71, "Total Cost": 356793.69, "Plan Rows": 3296318, "Plan Width": 12, "Actual Startup Time": 338.921, "Actual Total Time": 1167.629, "Actual Rows": 2728943, "Actual Loops": 1, "Recheck Cond": "(role_id = rt.id), (LLVM Optimized, Jit Execute)", "Rows Removed by Index Recheck": 0, "Exact Heap Blocks": 19177, "Lossy Heap Blocks": 19177, "Plans": [{"Node Type": "Bitmap Index Scan", "Parent Relationship": "Outer", "Index Name": "role_id_cast_info", "Startup Cost": 0.0, "Total Cost": 75482.63, "Plan Rows": 3296318, "Plan Width": 0, "Actual Startup Time": 334.398, "Actual Total Time": 334.398, "Actual Rows": 2728943, "Actual Loops": 1, "Index Cond": "(role_id = rt.id)"}]}]}, {"Node Type": "Hash", "Parent Relationship": "Inner", "Startup Cost": 180697.47, "Total Cost": 180697.47, "Plan Rows": 1282311, "Plan Width": 25, "Actual Startup Time": 4512.943, "Actual Total Time": 4512.943, "Actual Rows": 1153797, "Actual Loops": 1, "Hash Buckets": 2097152, "Hash Batches": 1, "Original Hash Batches": 1, "Peak Memory Usage": 68508, "Plans": [{"Node Type": "Hash Join", "Parent Relationship": "Outer", "Join Type": "Inner", "Startup Cost": 98641.07, "Total Cost": 180697.47, "Plan Rows": 1282311, "Plan Width": 25, "Actual Startup Time": 1833.514, "Actual Total Time": 4016.679, "Actual Rows": 1153797, "Actual Loops": 1, "Inner Unique": true, "Hash Cond": "(mc.movie_id = t.id), (LLVM Optimized, Jit Execute)", "Plans": [{"Node Type": "Hash Join", "Parent Relationship": "Outer", "Join Type": "Inner", "Startup Cost": 6968.08, "Total Cost": 71392.69, "Plan Rows": 1282311, "Plan Width": 4, "Actual Startup Time": 112.988, "Actual Total Time": 1571.798, "Actual Rows": 1153797, "Actual Loops": 1, "Inner Unique": true, "Hash Cond": "(mc.company_id = cn.id), (LLVM Optimized, Jit Execute)", "Plans": [{"Node Type": "Seq Scan", "Parent Relationship": "Outer", "Relation Name": "movie_companies", "Alias": "mc", "Startup Cost": 0.0, "Total Cost": 41817.28, "Plan Rows": 2609128, "Plan Width": 8, "Actual Startup Time": 0.057, "Actual Total Time": 619.25, "Actual Rows": 2609128, "Actual Loops": 1}, {"Node Type": "Hash", "Parent Relationship": "Inner", "Startup Cost": 5903.45, "Total Cost": 5903.45, "Plan Rows": 85170, "Plan Width": 4, "Actual Startup Time": 112.814, "Actual Total Time": 112.814, "Actual Rows": 84843, "Actual Loops": 1, "Hash Buckets": 131072, "Hash Batches": 1, "Original Hash Batches": 1, "Peak Memory Usage": 2983, "Plans": [{"Node Type": "Seq Scan", "Parent Relationship": "Outer", "Relation Name": "company_name", "Alias": "cn", "Startup Cost": 0.0, "Total Cost": 5903.45, "Plan Rows": 85170, "Plan Width": 4, "Actual Startup Time": 0.042, "Actual Total Time": 90.184, "Actual Rows": 84843, "Actual Loops": 1, "Filter": "((country_code)::text = '[us]'::text)", "Rows Removed by Filter": 150153}]}]}, {"Node Type": "Hash", "Parent Relationship": "Inner", "Startup Cost": 60069.11, "Total Cost": 60069.11, "Plan Rows": 2528311, "Plan Width": 21, "Actual Startup Time": 1718.015, "Actual Total Time": 1718.015, "Actual Rows": 2528311, "Actual Loops": 1, "Hash Buckets": 4194304, "Hash Batches": 1, "Original Hash Batches": 1, "Peak Memory Usage": 135869, "Plans": [{"Node Type": "Seq Scan", "Parent Relationship": "Outer", "Relation Name": "title", "Alias": "t", "Startup Cost": 0.0, "Total Cost": 60069.11, "Plan Rows": 2528311, "Plan Width": 21, "Actual Startup Time": 0.029, "Actual Total Time": 802.868, "Actual Rows": 2528311, "Actual Loops": 1}]}]}]}]}, {"Node Type": "Hash", "Parent Relationship": "Inner", "Startup Cost": 93071.9, "Total Cost": 93071.9, "Plan Rows": 4167490, "Plan Width": 4, "Actual Startup Time": 2959.088, "Actual Total Time": 2959.088, "Actual Rows": 4167490, "Actual Loops": 1, "Hash Buckets": 4194304, "Hash Batches": 1, "Original Hash Batches": 1, "Peak Memory Usage": 146514, "Plans": [{"Node Type": "Seq Scan", "Parent Relationship": "Outer", "Relation Name": "name", "Alias": "n1", "Startup Cost": 0.0, "Total Cost": 93071.9, "Plan Rows": 4167490, "Plan Width": 4, "Actual Startup Time": 0.039, "Actual Total Time": 1329.288, "Actual Rows": 4167490, "Actual Loops": 1}]}]}]}]}]}, "Triggers": [], "Planner Runtime": 35, "Total Runtime": 14171.854, "Unique SQL Id": 2457761703}}, "(1, 67)": {"explain_plan": {"Plan": {"Node Type": "Aggregate", "Strategy": "Plain", "Startup Cost": 1000069787565.86, "Total Cost": 1000069787565.87, "Plan Rows": 1, "Plan Width": 97, "Plans": [{"Node Type": "Nested Loop", "Parent Relationship": "Outer", "Join Type": "Inner", "Startup Cost": 10000000001.8, "Total Cost": 1000069785780.37, "Plan Rows": 357098, "Plan Width": 33, "Inner Unique": true, "Plans": [{"Node Type": "Nested Loop", "Parent Relationship": "Outer", "Join Type": "Inner", "Startup Cost": 10000000001.54, "Total Cost": 1000068255744.11, "Plan Rows": 357379, "Plan Width": 24, "Inner Unique": true, "Join Filter": "(a1.person_id = n1.id), (LLVM Optimized)", "Plans": [{"Node Type": "Nested Loop", "Parent Relationship": "Outer", "Join Type": "Inner", "Startup Cost": 10000000001.28, "Total Cost": 1000066724564.96, "Plan Rows": 357379, "Plan Width": 32, "Inner Unique": false, "Plans": [{"Node Type": "Nested Loop", "Parent Relationship": "Outer", "Join Type": "Inner", "Startup Cost": 10000000001.03, "Total Cost": 1000063680996.82, "Plan Rows": 711018, "Plan Width": 12, "Inner Unique": true, "Plans": [{"Node Type": "Nested Loop", "Parent Relationship": "Outer", "Join Type": "Inner", "Startup Cost": 10000000000.77, "Total Cost": 1000030184746.51, "Plan Rows": 7821201, "Plan Width": 16, "Inner Unique": false, "Plans": [{"Node Type": "Nested Loop", "Parent Relationship": "Outer", "Join Type": "Inner", "Startup Cost": 10000000000.26, "Total Cost": 1000024227793.07, "Plan Rows": 1282311, "Plan Width": 4, "Inner Unique": true, "Plans": [{"Node Type": "Index Scan", "Parent Relationship": "Outer", "Scan Direction": "Forward", "Index Name": "movie_id_movie_companies", "Relation Name": "movie_companies", "Alias": "mc", "Startup Cost": 10000000000.0, "Total Cost": 1000013051946.13, "Plan Rows": 2609128, "Plan Width": 8}, {"Node Type": "Bitmap Heap Scan", "Parent Relationship": "Inner", "Relation Name": "company_name", "Alias": "cn", "Startup Cost": 0.26, "Total Cost": 4.27, "Plan Rows": 1, "Plan Width": 4, "Recheck Cond": "(id = mc.company_id)", "Filter": "((country_code)::text = '[us]'::text)", "Plans": [{"Node Type": "Bitmap Index Scan", "Parent Relationship": "Outer", "Index Name": "company_name_pkey", "Startup Cost": 0.0, "Total Cost": 0.26, "Plan Rows": 1, "Plan Width": 0, "Index Cond": "(id = mc.company_id)"}]}]}, {"Node Type": "Bitmap Heap Scan", "Parent Relationship": "Inner", "Relation Name": "cast_info", "Alias": "ci", "Startup Cost": 0.51, "Total Cost": 4.59, "Plan Rows": 6, "Plan Width": 12, "Recheck Cond": "(movie_id = mc.movie_id)", "Plans": [{"Node Type": "Bitmap Index Scan", "Parent Relationship": "Outer", "Index Name": "movie_id_cast_info", "Startup Cost": 0.0, "Total Cost": 0.51, "Plan Rows": 6, "Plan Width": 0, "Index Cond": "(movie_id = mc.movie_id)"}]}]}, {"Node Type": "Bitmap Heap Scan", "Parent Relationship": "Inner", "Relation Name": "role_type", "Alias": "rt", "Startup Cost": 0.26, "Total Cost": 4.27, "Plan Rows": 1, "Plan Width": 4, "Recheck Cond": "(id = ci.role_id)", "Filter": "((role)::text = 'writer'::text)", "Plans": [{"Node Type": "Bitmap Index Scan", "Parent Relationship": "Outer", "Index Name": "role_type_pkey", "Startup Cost": 0.0, "Total Cost": 0.26, "Plan Rows": 1, "Plan Width": 0, "Index Cond": "(id = ci.role_id)"}]}]}, {"Node Type": "Bitmap Heap Scan", "Parent Relationship": "Inner", "Relation Name": "aka_name", "Alias": "a1", "Startup Cost": 0.26, "Total Cost": 4.27, "Plan Rows": 1, "Plan Width": 20, "Recheck Cond": "(person_id = ci.person_id)", "Plans": [{"Node Type": "Bitmap Index Scan", "Parent Relationship": "Outer", "Index Name": "person_id_aka_name", "Startup Cost": 0.0, "Total Cost": 0.26, "Plan Rows": 1, "Plan Width": 0, "Index Cond": "(person_id = ci.person_id)"}]}]}, {"Node Type": "Bitmap Heap Scan", "Parent Relationship": "Inner", "Relation Name": "name", "Alias": "n1", "Startup Cost": 0.26, "Total Cost": 4.27, "Plan Rows": 1, "Plan Width": 4, "Recheck Cond": "(id = ci.person_id)", "Plans": [{"Node Type": "Bitmap Index Scan", "Parent Relationship": "Outer", "Index Name": "name_pkey", "Startup Cost": 0.0, "Total Cost": 0.26, "Plan Rows": 1, "Plan Width": 0, "Index Cond": "(id = ci.person_id)"}]}]}, {"Node Type": "Bitmap Heap Scan", "Parent Relationship": "Inner", "Relation Name": "title", "Alias": "t", "Startup Cost": 0.26, "Total Cost": 4.27, "Plan Rows": 1, "Plan Width": 21, "Recheck Cond": "(id = ci.movie_id)", "Plans": [{"Node Type": "Bitmap Index Scan", "Parent Relationship": "Outer", "Index Name": "title_pkey", "Startup Cost": 0.0, "Total Cost": 0.26, "Plan Rows": 1, "Plan Width": 0, "Index Cond": "(id = ci.movie_id)"}]}]}]}, "Unique SQL Id": 2457761703, "Planner Runtime": 6}, "explain_analyze_plan": null}, "(1, 68)": {"explain_plan": {"Plan": {"Node Type": "Aggregate", "Strategy": "Plain", "Startup Cost": 589695.38, "Total Cost": 589695.39, "Plan Rows": 1, "Plan Width": 97, "Plans": [{"Node Type": "Hash Join", "Parent Relationship": "Outer", "Join Type": "Inner", "Startup Cost": 561014.71, "Total Cost": 587909.89, "Plan Rows": 357098, "Plan Width": 33, "Inner Unique": false, "Hash Cond": "(a1.person_id = n1.id), (LLVM Optimized)", "Plans": [{"Node Type": "Seq Scan", "Parent Relationship": "Outer", "Relation Name": "aka_name", "Alias": "a1", "Startup Cost": 0.0, "Total Cost": 19908.42, "Plan Rows": 901342, "Plan Width": 20}, {"Node Type": "Hash", "Parent Relationship": "Inner", "Startup Cost": 552133.97, "Total Cost": 552133.97, "Plan Rows": 710459, "Plan Width": 25, "Plans": [{"Node Type": "Hash Join", "Parent Relationship": "Outer", "Join Type": "Inner", "Startup Cost": 341891.88, "Total Cost": 552133.97, "Plan Rows": 710459, "Plan Width": 25, "Inner Unique": true, "Hash Cond": "(ci.person_id = n1.id), (LLVM Optimized)", "Plans": [{"Node Type": "Hash Join", "Parent Relationship": "Outer", "Join Type": "Inner", "Startup Cost": 196726.36, "Total Cost": 397199.64, "Plan Rows": 710459, "Plan Width": 21, "Inner Unique": false, "Hash Cond": "(ci.movie_id = t.id), (LLVM Optimized)", "Plans": [{"Node Type": "Nested Loop", "Parent Relationship": "Outer", "Join Type": "Inner", "Startup Cost": 0.0, "Total Cost": 171406.94, "Plan Rows": 3296318, "Plan Width": 8, "Inner Unique": false, "Plans": [{"Node Type": "Seq Scan", "Parent Relationship": "Outer", "Relation Name": "role_type", "Alias": "rt", "Startup Cost": 0.0, "Total Cost": 1.15, "Plan Rows": 1, "Plan Width": 4, "Filter": "((role)::text = 'writer'::text)"}, {"Node Type": "Index Scan", "Parent Relationship": "Inner", "Scan Direction": "Forward", "Index Name": "role_id_cast_info", "Relation Name": "cast_info", "Alias": "ci", "Startup Cost": 0.0, "Total Cost": 138442.61, "Plan Rows": 3296318, "Plan Width": 12, "Index Cond": "(role_id = rt.id), (LLVM Optimized)"}]}, {"Node Type": "Hash", "Parent Relationship": "Inner", "Startup Cost": 180697.47, "Total Cost": 180697.47, "Plan Rows": 1282311, "Plan Width": 25, "Plans": [{"Node Type": "Hash Join", "Parent Relationship": "Outer", "Join Type": "Inner", "Startup Cost": 98641.07, "Total Cost": 180697.47, "Plan Rows": 1282311, "Plan Width": 25, "Inner Unique": true, "Hash Cond": "(mc.movie_id = t.id), (LLVM Optimized)", "Plans": [{"Node Type": "Hash Join", "Parent Relationship": "Outer", "Join Type": "Inner", "Startup Cost": 6968.08, "Total Cost": 71392.69, "Plan Rows": 1282311, "Plan Width": 4, "Inner Unique": true, "Hash Cond": "(mc.company_id = cn.id), (LLVM Optimized)", "Plans": [{"Node Type": "Seq Scan", "Parent Relationship": "Outer", "Relation Name": "movie_companies", "Alias": "mc", "Startup Cost": 0.0, "Total Cost": 41817.28, "Plan Rows": 2609128, "Plan Width": 8}, {"Node Type": "Hash", "Parent Relationship": "Inner", "Startup Cost": 5903.45, "Total Cost": 5903.45, "Plan Rows": 85170, "Plan Width": 4, "Plans": [{"Node Type": "Seq Scan", "Parent Relationship": "Outer", "Relation Name": "company_name", "Alias": "cn", "Startup Cost": 0.0, "Total Cost": 5903.45, "Plan Rows": 85170, "Plan Width": 4, "Filter": "((country_code)::text = '[us]'::text)"}]}]}, {"Node Type": "Hash", "Parent Relationship": "Inner", "Startup Cost": 60069.11, "Total Cost": 60069.11, "Plan Rows": 2528311, "Plan Width": 21, "Plans": [{"Node Type": "Seq Scan", "Parent Relationship": "Outer", "Relation Name": "title", "Alias": "t", "Startup Cost": 0.0, "Total Cost": 60069.11, "Plan Rows": 2528311, "Plan Width": 21}]}]}]}]}, {"Node Type": "Hash", "Parent Relationship": "Inner", "Startup Cost": 93071.9, "Total Cost": 93071.9, "Plan Rows": 4167490, "Plan Width": 4, "Plans": [{"Node Type": "Seq Scan", "Parent Relationship": "Outer", "Relation Name": "name", "Alias": "n1", "Startup Cost": 0.0, "Total Cost": 93071.9, "Plan Rows": 4167490, "Plan Width": 4}]}]}]}]}]}, "Unique SQL Id": 2457761703, "Planner Runtime": 81}, "explain_analyze_plan": {"Plan": {"Node Type": "Aggregate", "Strategy": "Plain", "Startup Cost": 589695.38, "Total Cost": 589695.39, "Plan Rows": 1, "Plan Width": 97, "Actual Startup Time": 14083.388, "Actual Total Time": 14083.389, "Actual Rows": 1, "Actual Loops": 1, "Plans": [{"Node Type": "Hash Join", "Parent Relationship": "Outer", "Join Type": "Inner", "Startup Cost": 561014.71, "Total Cost": 587909.89, "Plan Rows": 357098, "Plan Width": 33, "Actual Startup Time": 11707.86, "Actual Total Time": 12960.559, "Actual Rows": 2487611, "Actual Loops": 1, "Inner Unique": false, "Hash Cond": "(a1.person_id = n1.id), (LLVM Optimized, Jit Execute)", "Plans": [{"Node Type": "Seq Scan", "Parent Relationship": "Outer", "Relation Name": "aka_name", "Alias": "a1", "Startup Cost": 0.0, "Total Cost": 19908.42, "Plan Rows": 901342, "Plan Width": 20, "Actual Startup Time": 0.028, "Actual Total Time": 228.399, "Actual Rows": 901342, "Actual Loops": 1}, {"Node Type": "Hash", "Parent Relationship": "Inner", "Startup Cost": 552133.97, "Total Cost": 552133.97, "Plan Rows": 710459, "Plan Width": 25, "Actual Startup Time": 11703.168, "Actual Total Time": 11703.168, "Actual Rows": 1970658, "Actual Loops": 1, "Hash Buckets": 1048576, "Hash Batches": 1, "Original Hash Batches": 1, "Peak Memory Usage": 112799, "Plans": [{"Node Type": "Hash Join", "Parent Relationship": "Outer", "Join Type": "Inner", "Startup Cost": 341891.88, "Total Cost": 552133.97, "Plan Rows": 710459, "Plan Width": 25, "Actual Startup Time": 7024.385, "Actual Total Time": 11117.689, "Actual Rows": 1970658, "Actual Loops": 1, "Inner Unique": true, "Hash Cond": "(ci.person_id = n1.id), (LLVM Optimized, Jit Execute)", "Plans": [{"Node Type": "Hash Join", "Parent Relationship": "Outer", "Join Type": "Inner", "Startup Cost": 196726.36, "Total Cost": 397199.64, "Plan Rows": 710459, "Plan Width": 21, "Actual Startup Time": 4186.944, "Actual Total Time": 7503.897, "Actual Rows": 1970658, "Actual Loops": 1, "Inner Unique": false, "Hash Cond": "(ci.movie_id = t.id), (LLVM Optimized, Jit Execute)", "Plans": [{"Node Type": "Nested Loop", "Parent Relationship": "Outer", "Join Type": "Inner", "Startup Cost": 0.0, "Total Cost": 171406.94, "Plan Rows": 3296318, "Plan Width": 8, "Actual Startup Time": 0.117, "Actual Total Time": 1880.061, "Actual Rows": 2728943, "Actual Loops": 1, "Inner Unique": false, "Plans": [{"Node Type": "Seq Scan", "Parent Relationship": "Outer", "Relation Name": "role_type", "Alias": "rt", "Startup Cost": 0.0, "Total Cost": 1.15, "Plan Rows": 1, "Plan Width": 4, "Actual Startup Time": 0.047, "Actual Total Time": 0.143, "Actual Rows": 1, "Actual Loops": 1, "Filter": "((role)::text = 'writer'::text)", "Rows Removed by Filter": 11}, {"Node Type": "Index Scan", "Parent Relationship": "Inner", "Scan Direction": "Forward", "Index Name": "role_id_cast_info", "Relation Name": "cast_info", "Alias": "ci", "Startup Cost": 0.0, "Total Cost": 138442.61, "Plan Rows": 3296318, "Plan Width": 12, "Actual Startup Time": 0.057, "Actual Total Time": 1350.34, "Actual Rows": 2728943, "Actual Loops": 1, "Index Cond": "(role_id = rt.id), (LLVM Optimized, Jit Execute)", "Rows Removed by Index Recheck": 0}]}, {"Node Type": "Hash", "Parent Relationship": "Inner", "Startup Cost": 180697.47, "Total Cost": 180697.47, "Plan Rows": 1282311, "Plan Width": 25, "Actual Startup Time": 4182.205, "Actual Total Time": 4182.205, "Actual Rows": 1153797, "Actual Loops": 1, "Hash Buckets": 2097152, "Hash Batches": 1, "Original Hash Batches": 1, "Peak Memory Usage": 68508, "Plans": [{"Node Type": "Hash Join", "Parent Relationship": "Outer", "Join Type": "Inner", "Startup Cost": 98641.07, "Total Cost": 180697.47, "Plan Rows": 1282311, "Plan Width": 25, "Actual Startup Time": 1768.291, "Actual Total Time": 3783.203, "Actual Rows": 1153797, "Actual Loops": 1, "Inner Unique": true, "Hash Cond": "(mc.movie_id = t.id), (LLVM Optimized, Jit Execute)", "Plans": [{"Node Type": "Hash Join", "Parent Relationship": "Outer", "Join Type": "Inner", "Startup Cost": 6968.08, "Total Cost": 71392.69, "Plan Rows": 1282311, "Plan Width": 4, "Actual Startup Time": 112.424, "Actual Total Time": 1527.13, "Actual Rows": 1153797, "Actual Loops": 1, "Inner Unique": true, "Hash Cond": "(mc.company_id = cn.id), (LLVM Optimized, Jit Execute)", "Plans": [{"Node Type": "Seq Scan", "Parent Relationship": "Outer", "Relation Name": "movie_companies", "Alias": "mc", "Startup Cost": 0.0, "Total Cost": 41817.28, "Plan Rows": 2609128, "Plan Width": 8, "Actual Startup Time": 0.024, "Actual Total Time": 595.557, "Actual Rows": 2609128, "Actual Loops": 1}, {"Node Type": "Hash", "Parent Relationship": "Inner", "Startup Cost": 5903.45, "Total Cost": 5903.45, "Plan Rows": 85170, "Plan Width": 4, "Actual Startup Time": 112.295, "Actual Total Time": 112.295, "Actual Rows": 84843, "Actual Loops": 1, "Hash Buckets": 131072, "Hash Batches": 1, "Original Hash Batches": 1, "Peak Memory Usage": 2983, "Plans": [{"Node Type": "Seq Scan", "Parent Relationship": "Outer", "Relation Name": "company_name", "Alias": "cn", "Startup Cost": 0.0, "Total Cost": 5903.45, "Plan Rows": 85170, "Plan Width": 4, "Actual Startup Time": 0.028, "Actual Total Time": 89.914, "Actual Rows": 84843, "Actual Loops": 1, "Filter": "((country_code)::text = '[us]'::text)", "Rows Removed by Filter": 150153}]}]}, {"Node Type": "Hash", "Parent Relationship": "Inner", "Startup Cost": 60069.11, "Total Cost": 60069.11, "Plan Rows": 2528311, "Plan Width": 21, "Actual Startup Time": 1653.422, "Actual Total Time": 1653.422, "Actual Rows": 2528311, "Actual Loops": 1, "Hash Buckets": 4194304, "Hash Batches": 1, "Original Hash Batches": 1, "Peak Memory Usage": 135869, "Plans": [{"Node Type": "Seq Scan", "Parent Relationship": "Outer", "Relation Name": "title", "Alias": "t", "Startup Cost": 0.0, "Total Cost": 60069.11, "Plan Rows": 2528311, "Plan Width": 21, "Actual Startup Time": 0.026, "Actual Total Time": 800.156, "Actual Rows": 2528311, "Actual Loops": 1}]}]}]}]}, {"Node Type": "Hash", "Parent Relationship": "Inner", "Startup Cost": 93071.9, "Total Cost": 93071.9, "Plan Rows": 4167490, "Plan Width": 4, "Actual Startup Time": 2834.921, "Actual Total Time": 2834.921, "Actual Rows": 4167490, "Actual Loops": 1, "Hash Buckets": 4194304, "Hash Batches": 1, "Original Hash Batches": 1, "Peak Memory Usage": 146514, "Plans": [{"Node Type": "Seq Scan", "Parent Relationship": "Outer", "Relation Name": "name", "Alias": "n1", "Startup Cost": 0.0, "Total Cost": 93071.9, "Plan Rows": 4167490, "Plan Width": 4, "Actual Startup Time": 0.027, "Actual Total Time": 1278.188, "Actual Rows": 4167490, "Actual Loops": 1}]}]}]}]}]}, "Triggers": [], "Planner Runtime": 46, "Total Runtime": 14098.166, "Unique SQL Id": 2457761703}}, "(1, 69)": {"explain_plan": {"Plan": {"Node Type": "Aggregate", "Strategy": "Plain", "Startup Cost": 772871.67, "Total Cost": 772871.68, "Plan Rows": 1, "Plan Width": 97, "Plans": [{"Node Type": "Nested Loop", "Parent Relationship": "Outer", "Join Type": "Inner", "Startup Cost": 599201.04, "Total Cost": 771086.18, "Plan Rows": 357098, "Plan Width": 33, "Inner Unique": true, "Join Filter": "(a1.person_id = n1.id), (LLVM Optimized)", "Plans": [{"Node Type": "Merge Join", "Parent Relationship": "Outer", "Join Type": "Inner", "Startup Cost": 599201.04, "Total Cost": 667567.53, "Plan Rows": 357098, "Plan Width": 41, "Inner Unique": false, "Merge Cond": "(ci.person_id = a1.person_id)", "Plans": [{"Node Type": "Sort", "Parent Relationship": "Outer", "Startup Cost": 599200.97, "Total Cost": 600977.12, "Plan Rows": 710459, "Plan Width": 21, "Sort Key": ["ci.person_id"], "Plans": [{"Node Type": "Hash Join", "Parent Relationship": "Outer", "Join Type": "Inner", "Startup Cost": 329665.48, "Total Cost": 530150.07, "Plan Rows": 710459, "Plan Width": 21, "Inner Unique": false, "Hash Cond": "(ci.movie_id = t.id), (LLVM Optimized)", "Plans": [{"Node Type": "Nested Loop", "Parent Relationship": "Outer", "Join Type": "Inner", "Startup Cost": 0.0, "Total Cost": 171418.25, "Plan Rows": 3296318, "Plan Width": 8, "Inner Unique": false, "Plans": [{"Node Type": "Index Scan", "Parent Relationship": "Outer", "Scan Direction": "Forward", "Index Name": "role_type_pkey", "Relation Name": "role_type", "Alias": "rt", "Startup Cost": 0.0, "Total Cost": 12.46, "Plan Rows": 1, "Plan Width": 4, "Filter": "((role)::text = 'writer'::text)"}, {"Node Type": "Index Scan", "Parent Relationship": "Inner", "Scan Direction": "Forward", "Index Name": "role_id_cast_info", "Relation Name": "cast_info", "Alias": "ci", "Startup Cost": 0.0, "Total Cost": 138442.61, "Plan Rows": 3296318, "Plan Width": 12, "Index Cond": "(role_id = rt.id), (LLVM Optimized)"}]}, {"Node Type": "Hash", "Parent Relationship": "Inner", "Startup Cost": 313636.59, "Total Cost": 313636.59, "Plan Rows": 1282311, "Plan Width": 25, "Plans": [{"Node Type": "Hash Join", "Parent Relationship": "Outer", "Join Type": "Inner", "Startup Cost": 11568.59, "Total Cost": 313636.59, "Plan Rows": 1282311, "Plan Width": 25, "Inner Unique": true, "Hash Cond": "(mc.company_id = cn.id), (LLVM Optimized)", "Plans": [{"Node Type": "Merge Join", "Parent Relationship": "Outer", "Join Type": "Inner", "Startup Cost": 2.58, "Total Cost": 279463.24, "Plan Rows": 2609128, "Plan Width": 29, "Inner Unique": false, "Merge Cond": "(t.id = mc.movie_id)", "Plans": [{"Node Type": "Index Scan", "Parent Relationship": "Outer", "Scan Direction": "Forward", "Index Name": "title_pkey", "Relation Name": "title", "Alias": "t", "Startup Cost": 0.0, "Total Cost": 110120.49, "Plan Rows": 2528311, "Plan Width": 21}, {"Node Type": "Index Scan", "Parent Relationship": "Inner", "Scan Direction": "Forward", "Index Name": "movie_id_movie_companies", "Relation Name": "movie_companies", "Alias": "mc", "Startup Cost": 0.0, "Total Cost": 130519.46, "Plan Rows": 2609128, "Plan Width": 8}]}, {"Node Type": "Hash", "Parent Relationship": "Inner", "Startup Cost": 10501.39, "Total Cost": 10501.39, "Plan Rows": 85170, "Plan Width": 4, "Plans": [{"Node Type": "Index Scan", "Parent Relationship": "Outer", "Scan Direction": "Forward", "Index Name": "company_name_pkey", "Relation Name": "company_name", "Alias": "cn", "Startup Cost": 0.0, "Total Cost": 10501.39, "Plan Rows": 85170, "Plan Width": 4, "Filter": "((country_code)::text = '[us]'::text)"}]}]}]}]}]}, {"Node Type": "Index Scan", "Parent Relationship": "Inner", "Scan Direction": "Forward", "Index Name": "person_id_aka_name", "Relation Name": "aka_name", "Alias": "a1", "Startup Cost": 0.0, "Total Cost": 68965.03, "Plan Rows": 901342, "Plan Width": 20}]}, {"Node Type": "Index Scan", "Parent Relationship": "Inner", "Scan Direction": "Forward", "Index Name": "name_pkey", "Relation Name": "name", "Alias": "n1", "Startup Cost": 0.0, "Total Cost": 0.28, "Plan Rows": 1, "Plan Width": 4, "Index Cond": "(id = ci.person_id)"}]}]}, "Unique SQL Id": 2457761703, "Planner Runtime": 73}, "explain_analyze_plan": {"Plan": {"Node Type": "Aggregate", "Strategy": "Plain", "Startup Cost": 772871.67, "Total Cost": 772871.68, "Plan Rows": 1, "Plan Width": 97, "Actual Startup Time": 25445.655, "Actual Total Time": 25445.655, "Actual Rows": 1, "Actual Loops": 1, "Plans": [{"Node Type": "Nested Loop", "Parent Relationship": "Outer", "Join Type": "Inner", "Startup Cost": 599201.04, "Total Cost": 771086.18, "Plan Rows": 357098, "Plan Width": 33, "Actual Startup Time": 12016.901, "Actual Total Time": 23944.864, "Actual Rows": 2487611, "Actual Loops": 1, "Inner Unique": true, "Join Filter": "(a1.person_id = n1.id), (LLVM Optimized, Jit Execute)", "Rows Removed by Join Filter": 0, "Plans": [{"Node Type": "Merge Join", "Parent Relationship": "Outer", "Join Type": "Inner", "Startup Cost": 599201.04, "Total Cost": 667567.53, "Plan Rows": 357098, "Plan Width": 41, "Actual Startup Time": 12016.871, "Actual Total Time": 15590.419, "Actual Rows": 2487611, "Actual Loops": 1, "Inner Unique": false, "Merge Cond": "(ci.person_id = a1.person_id)", "Plans": [{"Node Type": "Sort", "Parent Relationship": "Outer", "Startup Cost": 599200.97, "Total Cost": 600977.12, "Plan Rows": 710459, "Plan Width": 21, "Actual Startup Time": 12016.69, "Actual Total Time": 12420.308, "Actual Rows": 1970658, "Actual Loops": 1, "Sort Key": ["ci.person_id"], "Sort Method": "quicksort", "Sort Space Used": 240236, "Sort Space Type": "Memory", "Plans": [{"Node Type": "Hash Join", "Parent Relationship": "Outer", "Join Type": "Inner", "Startup Cost": 329665.48, "Total Cost": 530150.07, "Plan Rows": 710459, "Plan Width": 21, "Actual Startup Time": 8057.621, "Actual Total Time": 11391.445, "Actual Rows": 1970658, "Actual Loops": 1, "Inner Unique": false, "Hash Cond": "(ci.movie_id = t.id), (LLVM Optimized, Jit Execute)", "Plans": [{"Node Type": "Nested Loop", "Parent Relationship": "Outer", "Join Type": "Inner", "Startup Cost": 0.0, "Total Cost": 171418.25, "Plan Rows": 3296318, "Plan Width": 8, "Actual Startup Time": 0.075, "Actual Total Time": 1872.942, "Actual Rows": 2728943, "Actual Loops": 1, "Inner Unique": false, "Plans": [{"Node Type": "Index Scan", "Parent Relationship": "Outer", "Scan Direction": "Forward", "Index Name": "role_type_pkey", "Relation Name": "role_type", "Alias": "rt", "Startup Cost": 0.0, "Total Cost": 12.46, "Plan Rows": 1, "Plan Width": 4, "Actual Startup Time": 0.022, "Actual Total Time": 0.039, "Actual Rows": 1, "Actual Loops": 1, "Filter": "((role)::text = 'writer'::text)", "Rows Removed by Filter": 11}, {"Node Type": "Index Scan", "Parent Relationship": "Inner", "Scan Direction": "Forward", "Index Name": "role_id_cast_info", "Relation Name": "cast_info", "Alias": "ci", "Startup Cost": 0.0, "Total Cost": 138442.61, "Plan Rows": 3296318, "Plan Width": 12, "Actual Startup Time": 0.048, "Actual Total Time": 1346.876, "Actual Rows": 2728943, "Actual Loops": 1, "Index Cond": "(role_id = rt.id), (LLVM Optimized, Jit Execute)", "Rows Removed by Index Recheck": 0}]}, {"Node Type": "Hash", "Parent Relationship": "Inner", "Startup Cost": 313636.59, "Total Cost": 313636.59, "Plan Rows": 1282311, "Plan Width": 25, "Actual Startup Time": 8055.826, "Actual Total Time": 8055.826, "Actual Rows": 1153797, "Actual Loops": 1, "Hash Buckets": 2097152, "Hash Batches": 1, "Original Hash Batches": 1, "Peak Memory Usage": 68508, "Plans": [{"Node Type": "Hash Join", "Parent Relationship": "Outer", "Join Type": "Inner", "Startup Cost": 11568.59, "Total Cost": 313636.59, "Plan Rows": 1282311, "Plan Width": 25, "Actual Startup Time": 344.224, "Actual Total Time": 7573.169, "Actual Rows": 1153797, "Actual Loops": 1, "Inner Unique": true, "Hash Cond": "(mc.company_id = cn.id), (LLVM Optimized, Jit Execute)", "Plans": [{"Node Type": "Merge Join", "Parent Relationship": "Outer", "Join Type": "Inner", "Startup Cost": 2.58, "Total Cost": 279463.24, "Plan Rows": 2609128, "Plan Width": 29, "Actual Startup Time": 0.055, "Actual Total Time": 6396.328, "Actual Rows": 2609128, "Actual Loops": 1, "Inner Unique": false, "Merge Cond": "(t.id = mc.movie_id)", "Plans": [{"Node Type": "Index Scan", "Parent Relationship": "Outer", "Scan Direction": "Forward", "Index Name": "title_pkey", "Relation Name": "title", "Alias": "t", "Startup Cost": 0.0, "Total Cost": 110120.49, "Plan Rows": 2528311, "Plan Width": 21, "Actual Startup Time": 0.025, "Actual Total Time": 3081.637, "Actual Rows": 2525745, "Actual Loops": 1}, {"Node Type": "Index Scan", "Parent Relationship": "Inner", "Scan Direction": "Forward", "Index Name": "movie_id_movie_companies", "Relation Name": "movie_companies", "Alias": "mc", "Startup Cost": 0.0, "Total Cost": 130519.46, "Plan Rows": 2609128, "Plan Width": 8, "Actual Startup Time": 0.02, "Actual Total Time": 1796.595, "Actual Rows": 2609128, "Actual Loops": 1}]}, {"Node Type": "Hash", "Parent Relationship": "Inner", "Startup Cost": 10501.39, "Total Cost": 10501.39, "Plan Rows": 85170, "Plan Width": 4, "Actual Startup Time": 344.053, "Actual Total Time": 344.053, "Actual Rows": 84843, "Actual Loops": 1, "Hash Buckets": 131072, "Hash Batches": 1, "Original Hash Batches": 1, "Peak Memory Usage": 2983, "Plans": [{"Node Type": "Index Scan", "Parent Relationship": "Outer", "Scan Direction": "Forward", "Index Name": "company_name_pkey", "Relation Name": "company_name", "Alias": "cn", "Startup Cost": 0.0, "Total Cost": 10501.39, "Plan Rows": 85170, "Plan Width": 4, "Actual Startup Time": 0.028, "Actual Total Time": 317.047, "Actual Rows": 84843, "Actual Loops": 1, "Filter": "((country_code)::text = '[us]'::text)", "Rows Removed by Filter": 150153}]}]}]}]}]}, {"Node Type": "Index Scan", "Parent Relationship": "Inner", "Scan Direction": "Forward", "Index Name": "person_id_aka_name", "Relation Name": "aka_name", "Alias": "a1", "Startup Cost": 0.0, "Total Cost": 68965.03, "Plan Rows": 901342, "Plan Width": 20, "Actual Startup Time": 0.077, "Actual Total Time": 1904.264, "Actual Rows": 3063953, "Actual Loops": 1}]}, {"Node Type": "Index Scan", "Parent Relationship": "Inner", "Scan Direction": "Forward", "Index Name": "name_pkey", "Relation Name": "name", "Alias": "n1", "Startup Cost": 0.0, "Total Cost": 0.28, "Plan Rows": 1, "Plan Width": 4, "Actual Startup Time": 6401.209, "Actual Total Time": 6401.209, "Actual Rows": 2487611, "Actual Loops": 2487611, "Index Cond": "(id = ci.person_id)", "Rows Removed by Index Recheck": 0}]}]}, "Triggers": [], "Planner Runtime": 73, "Total Runtime": 25457.897, "Unique SQL Id": 2457761703}}, "(1, 70)": {"explain_plan": {"Plan": {"Node Type": "Aggregate", "Strategy": "Plain", "Startup Cost": 808403.05, "Total Cost": 808403.06, "Plan Rows": 1, "Plan Width": 97, "Plans": [{"Node Type": "Hash Join", "Parent Relationship": "Outer", "Join Type": "Inner", "Startup Cost": 779365.79, "Total Cost": 806617.56, "Plan Rows": 357098, "Plan Width": 33, "Inner Unique": false, "Hash Cond": "(a1.person_id = n1.id), (LLVM Optimized)", "Plans": [{"Node Type": "Seq Scan", "Parent Relationship": "Outer", "Relation Name": "aka_name", "Alias": "a1", "Startup Cost": 0.0, "Total Cost": 19908.42, "Plan Rows": 901342, "Plan Width": 20}, {"Node Type": "Hash", "Parent Relationship": "Inner", "Startup Cost": 770485.05, "Total Cost": 770485.05, "Plan Rows": 710459, "Plan Width": 25, "Plans": [{"Node Type": "Hash Join", "Parent Relationship": "Outer", "Join Type": "Inner", "Startup Cost": 418198.6, "Total Cost": 770485.05, "Plan Rows": 710459, "Plan Width": 25, "Inner Unique": true, "Hash Cond": "(ci.person_id = n1.id), (LLVM Optimized)", "Plans": [{"Node Type": "Hash Join", "Parent Relationship": "Outer", "Join Type": "Inner", "Startup Cost": 273033.07, "Total Cost": 615550.72, "Plan Rows": 710459, "Plan Width": 21, "Inner Unique": false, "Hash Cond": "(ci.movie_id = t.id), (LLVM Optimized)", "Plans": [{"Node Type": "Nested Loop", "Parent Relationship": "Outer", "Join Type": "Inner", "Startup Cost": 76306.71, "Total Cost": 389758.02, "Plan Rows": 3296318, "Plan Width": 8, "Inner Unique": false, "Plans": [{"Node Type": "Seq Scan", "Parent Relationship": "Outer", "Relation Name": "role_type", "Alias": "rt", "Startup Cost": 0.0, "Total Cost": 1.15, "Plan Rows": 1, "Plan Width": 4, "Filter": "((role)::text = 'writer'::text)"}, {"Node Type": "Bitmap Heap Scan", "Parent Relationship": "Inner", "Relation Name": "cast_info", "Alias": "ci", "Startup Cost": 76306.71, "Total Cost": 356793.69, "Plan Rows": 3296318, "Plan Width": 12, "Recheck Cond": "(role_id = rt.id), (LLVM Optimized)", "Plans": [{"Node Type": "Bitmap Index Scan", "Parent Relationship": "Outer", "Index Name": "role_id_cast_info", "Startup Cost": 0.0, "Total Cost": 75482.63, "Plan Rows": 3296318, "Plan Width": 0, "Index Cond": "(role_id = rt.id)"}]}]}, {"Node Type": "Hash", "Parent Relationship": "Inner", "Startup Cost": 180697.47, "Total Cost": 180697.47, "Plan Rows": 1282311, "Plan Width": 25, "Plans": [{"Node Type": "Hash Join", "Parent Relationship": "Outer", "Join Type": "Inner", "Startup Cost": 98641.07, "Total Cost": 180697.47, "Plan Rows": 1282311, "Plan Width": 25, "Inner Unique": true, "Hash Cond": "(mc.movie_id = t.id), (LLVM Optimized)", "Plans": [{"Node Type": "Hash Join", "Parent Relationship": "Outer", "Join Type": "Inner", "Startup Cost": 6968.08, "Total Cost": 71392.69, "Plan Rows": 1282311, "Plan Width": 4, "Inner Unique": true, "Hash Cond": "(mc.company_id = cn.id), (LLVM Optimized)", "Plans": [{"Node Type": "Seq Scan", "Parent Relationship": "Outer", "Relation Name": "movie_companies", "Alias": "mc", "Startup Cost": 0.0, "Total Cost": 41817.28, "Plan Rows": 2609128, "Plan Width": 8}, {"Node Type": "Hash", "Parent Relationship": "Inner", "Startup Cost": 5903.45, "Total Cost": 5903.45, "Plan Rows": 85170, "Plan Width": 4, "Plans": [{"Node Type": "Seq Scan", "Parent Relationship": "Outer", "Relation Name": "company_name", "Alias": "cn", "Startup Cost": 0.0, "Total Cost": 5903.45, "Plan Rows": 85170, "Plan Width": 4, "Filter": "((country_code)::text = '[us]'::text)"}]}]}, {"Node Type": "Hash", "Parent Relationship": "Inner", "Startup Cost": 60069.11, "Total Cost": 60069.11, "Plan Rows": 2528311, "Plan Width": 21, "Plans": [{"Node Type": "Seq Scan", "Parent Relationship": "Outer", "Relation Name": "title", "Alias": "t", "Startup Cost": 0.0, "Total Cost": 60069.11, "Plan Rows": 2528311, "Plan Width": 21}]}]}]}]}, {"Node Type": "Hash", "Parent Relationship": "Inner", "Startup Cost": 93071.9, "Total Cost": 93071.9, "Plan Rows": 4167490, "Plan Width": 4, "Plans": [{"Node Type": "Seq Scan", "Parent Relationship": "Outer", "Relation Name": "name", "Alias": "n1", "Startup Cost": 0.0, "Total Cost": 93071.9, "Plan Rows": 4167490, "Plan Width": 4}]}]}]}]}]}, "Unique SQL Id": 2457761703, "Planner Runtime": 58}, "explain_analyze_plan": {"Plan": {"Node Type": "Aggregate", "Strategy": "Plain", "Startup Cost": 808403.05, "Total Cost": 808403.06, "Plan Rows": 1, "Plan Width": 97, "Actual Startup Time": 14156.96, "Actual Total Time": 14156.96, "Actual Rows": 1, "Actual Loops": 1, "Plans": [{"Node Type": "Hash Join", "Parent Relationship": "Outer", "Join Type": "Inner", "Startup Cost": 779365.79, "Total Cost": 806617.56, "Plan Rows": 357098, "Plan Width": 33, "Actual Startup Time": 11817.477, "Actual Total Time": 13035.953, "Actual Rows": 2487611, "Actual Loops": 1, "Inner Unique": false, "Hash Cond": "(a1.person_id = n1.id), (LLVM Optimized, Jit Execute)", "Plans": [{"Node Type": "Seq Scan", "Parent Relationship": "Outer", "Relation Name": "aka_name", "Alias": "a1", "Startup Cost": 0.0, "Total Cost": 19908.42, "Plan Rows": 901342, "Plan Width": 20, "Actual Startup Time": 0.021, "Actual Total Time": 223.729, "Actual Rows": 901342, "Actual Loops": 1}, {"Node Type": "Hash", "Parent Relationship": "Inner", "Startup Cost": 770485.05, "Total Cost": 770485.05, "Plan Rows": 710459, "Plan Width": 25, "Actual Startup Time": 11812.572, "Actual Total Time": 11812.572, "Actual Rows": 1970658, "Actual Loops": 1, "Hash Buckets": 1048576, "Hash Batches": 1, "Original Hash Batches": 1, "Peak Memory Usage": 112799, "Plans": [{"Node Type": "Hash Join", "Parent Relationship": "Outer", "Join Type": "Inner", "Startup Cost": 418198.6, "Total Cost": 770485.05, "Plan Rows": 710459, "Plan Width": 25, "Actual Startup Time": 7818.705, "Actual Total Time": 11227.254, "Actual Rows": 1970658, "Actual Loops": 1, "Inner Unique": true, "Hash Cond": "(ci.person_id = n1.id), (LLVM Optimized, Jit Execute)", "Plans": [{"Node Type": "Hash Join", "Parent Relationship": "Outer", "Join Type": "Inner", "Startup Cost": 273033.07, "Total Cost": 615550.72, "Plan Rows": 710459, "Plan Width": 21, "Actual Startup Time": 4856.752, "Actual Total Time": 7448.075, "Actual Rows": 1970658, "Actual Loops": 1, "Inner Unique": false, "Hash Cond": "(ci.movie_id = t.id), (LLVM Optimized, Jit Execute)", "Plans": [{"Node Type": "Nested Loop", "Parent Relationship": "Outer", "Join Type": "Inner", "Startup Cost": 76306.71, "Total Cost": 389758.02, "Plan Rows": 3296318, "Plan Width": 8, "Actual Startup Time": 338.992, "Actual Total Time": 1654.48, "Actual Rows": 2728943, "Actual Loops": 1, "Inner Unique": false, "Plans": [{"Node Type": "Seq Scan", "Parent Relationship": "Outer", "Relation Name": "role_type", "Alias": "rt", "Startup Cost": 0.0, "Total Cost": 1.15, "Plan Rows": 1, "Plan Width": 4, "Actual Startup Time": 0.048, "Actual Total Time": 0.071, "Actual Rows": 1, "Actual Loops": 1, "Filter": "((role)::text = 'writer'::text)", "Rows Removed by Filter": 11}, {"Node Type": "Bitmap Heap Scan", "Parent Relationship": "Inner", "Relation Name": "cast_info", "Alias": "ci", "Startup Cost": 76306.71, "Total Cost": 356793.69, "Plan Rows": 3296318, "Plan Width": 12, "Actual Startup Time": 338.921, "Actual Total Time": 1167.629, "Actual Rows": 2728943, "Actual Loops": 1, "Recheck Cond": "(role_id = rt.id), (LLVM Optimized, Jit Execute)", "Rows Removed by Index Recheck": 0, "Exact Heap Blocks": 19177, "Lossy Heap Blocks": 19177, "Plans": [{"Node Type": "Bitmap Index Scan", "Parent Relationship": "Outer", "Index Name": "role_id_cast_info", "Startup Cost": 0.0, "Total Cost": 75482.63, "Plan Rows": 3296318, "Plan Width": 0, "Actual Startup Time": 334.398, "Actual Total Time": 334.398, "Actual Rows": 2728943, "Actual Loops": 1, "Index Cond": "(role_id = rt.id)"}]}]}, {"Node Type": "Hash", "Parent Relationship": "Inner", "Startup Cost": 180697.47, "Total Cost": 180697.47, "Plan Rows": 1282311, "Plan Width": 25, "Actual Startup Time": 4512.943, "Actual Total Time": 4512.943, "Actual Rows": 1153797, "Actual Loops": 1, "Hash Buckets": 2097152, "Hash Batches": 1, "Original Hash Batches": 1, "Peak Memory Usage": 68508, "Plans": [{"Node Type": "Hash Join", "Parent Relationship": "Outer", "Join Type": "Inner", "Startup Cost": 98641.07, "Total Cost": 180697.47, "Plan Rows": 1282311, "Plan Width": 25, "Actual Startup Time": 1833.514, "Actual Total Time": 4016.679, "Actual Rows": 1153797, "Actual Loops": 1, "Inner Unique": true, "Hash Cond": "(mc.movie_id = t.id), (LLVM Optimized, Jit Execute)", "Plans": [{"Node Type": "Hash Join", "Parent Relationship": "Outer", "Join Type": "Inner", "Startup Cost": 6968.08, "Total Cost": 71392.69, "Plan Rows": 1282311, "Plan Width": 4, "Actual Startup Time": 112.988, "Actual Total Time": 1571.798, "Actual Rows": 1153797, "Actual Loops": 1, "Inner Unique": true, "Hash Cond": "(mc.company_id = cn.id), (LLVM Optimized, Jit Execute)", "Plans": [{"Node Type": "Seq Scan", "Parent Relationship": "Outer", "Relation Name": "movie_companies", "Alias": "mc", "Startup Cost": 0.0, "Total Cost": 41817.28, "Plan Rows": 2609128, "Plan Width": 8, "Actual Startup Time": 0.057, "Actual Total Time": 619.25, "Actual Rows": 2609128, "Actual Loops": 1}, {"Node Type": "Hash", "Parent Relationship": "Inner", "Startup Cost": 5903.45, "Total Cost": 5903.45, "Plan Rows": 85170, "Plan Width": 4, "Actual Startup Time": 112.814, "Actual Total Time": 112.814, "Actual Rows": 84843, "Actual Loops": 1, "Hash Buckets": 131072, "Hash Batches": 1, "Original Hash Batches": 1, "Peak Memory Usage": 2983, "Plans": [{"Node Type": "Seq Scan", "Parent Relationship": "Outer", "Relation Name": "company_name", "Alias": "cn", "Startup Cost": 0.0, "Total Cost": 5903.45, "Plan Rows": 85170, "Plan Width": 4, "Actual Startup Time": 0.042, "Actual Total Time": 90.184, "Actual Rows": 84843, "Actual Loops": 1, "Filter": "((country_code)::text = '[us]'::text)", "Rows Removed by Filter": 150153}]}]}, {"Node Type": "Hash", "Parent Relationship": "Inner", "Startup Cost": 60069.11, "Total Cost": 60069.11, "Plan Rows": 2528311, "Plan Width": 21, "Actual Startup Time": 1718.015, "Actual Total Time": 1718.015, "Actual Rows": 2528311, "Actual Loops": 1, "Hash Buckets": 4194304, "Hash Batches": 1, "Original Hash Batches": 1, "Peak Memory Usage": 135869, "Plans": [{"Node Type": "Seq Scan", "Parent Relationship": "Outer", "Relation Name": "title", "Alias": "t", "Startup Cost": 0.0, "Total Cost": 60069.11, "Plan Rows": 2528311, "Plan Width": 21, "Actual Startup Time": 0.029, "Actual Total Time": 802.868, "Actual Rows": 2528311, "Actual Loops": 1}]}]}]}]}, {"Node Type": "Hash", "Parent Relationship": "Inner", "Startup Cost": 93071.9, "Total Cost": 93071.9, "Plan Rows": 4167490, "Plan Width": 4, "Actual Startup Time": 2959.088, "Actual Total Time": 2959.088, "Actual Rows": 4167490, "Actual Loops": 1, "Hash Buckets": 4194304, "Hash Batches": 1, "Original Hash Batches": 1, "Peak Memory Usage": 146514, "Plans": [{"Node Type": "Seq Scan", "Parent Relationship": "Outer", "Relation Name": "name", "Alias": "n1", "Startup Cost": 0.0, "Total Cost": 93071.9, "Plan Rows": 4167490, "Plan Width": 4, "Actual Startup Time": 0.039, "Actual Total Time": 1329.288, "Actual Rows": 4167490, "Actual Loops": 1}]}]}]}]}]}, "Triggers": [], "Planner Runtime": 35, "Total Runtime": 14171.854, "Unique SQL Id": 2457761703}}, "(1, 71)": {"explain_plan": {"Plan": {"Node Type": "Aggregate", "Strategy": "Plain", "Startup Cost": 1000069787565.86, "Total Cost": 1000069787565.87, "Plan Rows": 1, "Plan Width": 97, "Plans": [{"Node Type": "Nested Loop", "Parent Relationship": "Outer", "Join Type": "Inner", "Startup Cost": 10000000001.8, "Total Cost": 1000069785780.37, "Plan Rows": 357098, "Plan Width": 33, "Inner Unique": true, "Plans": [{"Node Type": "Nested Loop", "Parent Relationship": "Outer", "Join Type": "Inner", "Startup Cost": 10000000001.54, "Total Cost": 1000068255744.11, "Plan Rows": 357379, "Plan Width": 24, "Inner Unique": true, "Join Filter": "(a1.person_id = n1.id), (LLVM Optimized)", "Plans": [{"Node Type": "Nested Loop", "Parent Relationship": "Outer", "Join Type": "Inner", "Startup Cost": 10000000001.28, "Total Cost": 1000066724564.96, "Plan Rows": 357379, "Plan Width": 32, "Inner Unique": false, "Plans": [{"Node Type": "Nested Loop", "Parent Relationship": "Outer", "Join Type": "Inner", "Startup Cost": 10000000001.03, "Total Cost": 1000063680996.82, "Plan Rows": 711018, "Plan Width": 12, "Inner Unique": true, "Plans": [{"Node Type": "Nested Loop", "Parent Relationship": "Outer", "Join Type": "Inner", "Startup Cost": 10000000000.77, "Total Cost": 1000030184746.51, "Plan Rows": 7821201, "Plan Width": 16, "Inner Unique": false, "Plans": [{"Node Type": "Nested Loop", "Parent Relationship": "Outer", "Join Type": "Inner", "Startup Cost": 10000000000.26, "Total Cost": 1000024227793.07, "Plan Rows": 1282311, "Plan Width": 4, "Inner Unique": true, "Plans": [{"Node Type": "Index Scan", "Parent Relationship": "Outer", "Scan Direction": "Forward", "Index Name": "movie_id_movie_companies", "Relation Name": "movie_companies", "Alias": "mc", "Startup Cost": 10000000000.0, "Total Cost": 1000013051946.13, "Plan Rows": 2609128, "Plan Width": 8}, {"Node Type": "Bitmap Heap Scan", "Parent Relationship": "Inner", "Relation Name": "company_name", "Alias": "cn", "Startup Cost": 0.26, "Total Cost": 4.27, "Plan Rows": 1, "Plan Width": 4, "Recheck Cond": "(id = mc.company_id)", "Filter": "((country_code)::text = '[us]'::text)", "Plans": [{"Node Type": "Bitmap Index Scan", "Parent Relationship": "Outer", "Index Name": "company_name_pkey", "Startup Cost": 0.0, "Total Cost": 0.26, "Plan Rows": 1, "Plan Width": 0, "Index Cond": "(id = mc.company_id)"}]}]}, {"Node Type": "Bitmap Heap Scan", "Parent Relationship": "Inner", "Relation Name": "cast_info", "Alias": "ci", "Startup Cost": 0.51, "Total Cost": 4.59, "Plan Rows": 6, "Plan Width": 12, "Recheck Cond": "(movie_id = mc.movie_id)", "Plans": [{"Node Type": "Bitmap Index Scan", "Parent Relationship": "Outer", "Index Name": "movie_id_cast_info", "Startup Cost": 0.0, "Total Cost": 0.51, "Plan Rows": 6, "Plan Width": 0, "Index Cond": "(movie_id = mc.movie_id)"}]}]}, {"Node Type": "Bitmap Heap Scan", "Parent Relationship": "Inner", "Relation Name": "role_type", "Alias": "rt", "Startup Cost": 0.26, "Total Cost": 4.27, "Plan Rows": 1, "Plan Width": 4, "Recheck Cond": "(id = ci.role_id)", "Filter": "((role)::text = 'writer'::text)", "Plans": [{"Node Type": "Bitmap Index Scan", "Parent Relationship": "Outer", "Index Name": "role_type_pkey", "Startup Cost": 0.0, "Total Cost": 0.26, "Plan Rows": 1, "Plan Width": 0, "Index Cond": "(id = ci.role_id)"}]}]}, {"Node Type": "Bitmap Heap Scan", "Parent Relationship": "Inner", "Relation Name": "aka_name", "Alias": "a1", "Startup Cost": 0.26, "Total Cost": 4.27, "Plan Rows": 1, "Plan Width": 20, "Recheck Cond": "(person_id = ci.person_id)", "Plans": [{"Node Type": "Bitmap Index Scan", "Parent Relationship": "Outer", "Index Name": "person_id_aka_name", "Startup Cost": 0.0, "Total Cost": 0.26, "Plan Rows": 1, "Plan Width": 0, "Index Cond": "(person_id = ci.person_id)"}]}]}, {"Node Type": "Bitmap Heap Scan", "Parent Relationship": "Inner", "Relation Name": "name", "Alias": "n1", "Startup Cost": 0.26, "Total Cost": 4.27, "Plan Rows": 1, "Plan Width": 4, "Recheck Cond": "(id = ci.person_id)", "Plans": [{"Node Type": "Bitmap Index Scan", "Parent Relationship": "Outer", "Index Name": "name_pkey", "Startup Cost": 0.0, "Total Cost": 0.26, "Plan Rows": 1, "Plan Width": 0, "Index Cond": "(id = ci.person_id)"}]}]}, {"Node Type": "Bitmap Heap Scan", "Parent Relationship": "Inner", "Relation Name": "title", "Alias": "t", "Startup Cost": 0.26, "Total Cost": 4.27, "Plan Rows": 1, "Plan Width": 21, "Recheck Cond": "(id = ci.movie_id)", "Plans": [{"Node Type": "Bitmap Index Scan", "Parent Relationship": "Outer", "Index Name": "title_pkey", "Startup Cost": 0.0, "Total Cost": 0.26, "Plan Rows": 1, "Plan Width": 0, "Index Cond": "(id = ci.movie_id)"}]}]}]}, "Unique SQL Id": 2457761703, "Planner Runtime": 6}, "explain_analyze_plan": null}, "(1, 72)": {"explain_plan": {"Plan": {"Node Type": "Aggregate", "Strategy": "Plain", "Startup Cost": 589695.38, "Total Cost": 589695.39, "Plan Rows": 1, "Plan Width": 97, "Plans": [{"Node Type": "Hash Join", "Parent Relationship": "Outer", "Join Type": "Inner", "Startup Cost": 561014.71, "Total Cost": 587909.89, "Plan Rows": 357098, "Plan Width": 33, "Inner Unique": false, "Hash Cond": "(a1.person_id = n1.id), (LLVM Optimized)", "Plans": [{"Node Type": "Seq Scan", "Parent Relationship": "Outer", "Relation Name": "aka_name", "Alias": "a1", "Startup Cost": 0.0, "Total Cost": 19908.42, "Plan Rows": 901342, "Plan Width": 20}, {"Node Type": "Hash", "Parent Relationship": "Inner", "Startup Cost": 552133.97, "Total Cost": 552133.97, "Plan Rows": 710459, "Plan Width": 25, "Plans": [{"Node Type": "Hash Join", "Parent Relationship": "Outer", "Join Type": "Inner", "Startup Cost": 341891.88, "Total Cost": 552133.97, "Plan Rows": 710459, "Plan Width": 25, "Inner Unique": true, "Hash Cond": "(ci.person_id = n1.id), (LLVM Optimized)", "Plans": [{"Node Type": "Hash Join", "Parent Relationship": "Outer", "Join Type": "Inner", "Startup Cost": 196726.36, "Total Cost": 397199.64, "Plan Rows": 710459, "Plan Width": 21, "Inner Unique": false, "Hash Cond": "(ci.movie_id = t.id), (LLVM Optimized)", "Plans": [{"Node Type": "Nested Loop", "Parent Relationship": "Outer", "Join Type": "Inner", "Startup Cost": 0.0, "Total Cost": 171406.94, "Plan Rows": 3296318, "Plan Width": 8, "Inner Unique": false, "Plans": [{"Node Type": "Seq Scan", "Parent Relationship": "Outer", "Relation Name": "role_type", "Alias": "rt", "Startup Cost": 0.0, "Total Cost": 1.15, "Plan Rows": 1, "Plan Width": 4, "Filter": "((role)::text = 'writer'::text)"}, {"Node Type": "Index Scan", "Parent Relationship": "Inner", "Scan Direction": "Forward", "Index Name": "role_id_cast_info", "Relation Name": "cast_info", "Alias": "ci", "Startup Cost": 0.0, "Total Cost": 138442.61, "Plan Rows": 3296318, "Plan Width": 12, "Index Cond": "(role_id = rt.id), (LLVM Optimized)"}]}, {"Node Type": "Hash", "Parent Relationship": "Inner", "Startup Cost": 180697.47, "Total Cost": 180697.47, "Plan Rows": 1282311, "Plan Width": 25, "Plans": [{"Node Type": "Hash Join", "Parent Relationship": "Outer", "Join Type": "Inner", "Startup Cost": 98641.07, "Total Cost": 180697.47, "Plan Rows": 1282311, "Plan Width": 25, "Inner Unique": true, "Hash Cond": "(mc.movie_id = t.id), (LLVM Optimized)", "Plans": [{"Node Type": "Hash Join", "Parent Relationship": "Outer", "Join Type": "Inner", "Startup Cost": 6968.08, "Total Cost": 71392.69, "Plan Rows": 1282311, "Plan Width": 4, "Inner Unique": true, "Hash Cond": "(mc.company_id = cn.id), (LLVM Optimized)", "Plans": [{"Node Type": "Seq Scan", "Parent Relationship": "Outer", "Relation Name": "movie_companies", "Alias": "mc", "Startup Cost": 0.0, "Total Cost": 41817.28, "Plan Rows": 2609128, "Plan Width": 8}, {"Node Type": "Hash", "Parent Relationship": "Inner", "Startup Cost": 5903.45, "Total Cost": 5903.45, "Plan Rows": 85170, "Plan Width": 4, "Plans": [{"Node Type": "Seq Scan", "Parent Relationship": "Outer", "Relation Name": "company_name", "Alias": "cn", "Startup Cost": 0.0, "Total Cost": 5903.45, "Plan Rows": 85170, "Plan Width": 4, "Filter": "((country_code)::text = '[us]'::text)"}]}]}, {"Node Type": "Hash", "Parent Relationship": "Inner", "Startup Cost": 60069.11, "Total Cost": 60069.11, "Plan Rows": 2528311, "Plan Width": 21, "Plans": [{"Node Type": "Seq Scan", "Parent Relationship": "Outer", "Relation Name": "title", "Alias": "t", "Startup Cost": 0.0, "Total Cost": 60069.11, "Plan Rows": 2528311, "Plan Width": 21}]}]}]}]}, {"Node Type": "Hash", "Parent Relationship": "Inner", "Startup Cost": 93071.9, "Total Cost": 93071.9, "Plan Rows": 4167490, "Plan Width": 4, "Plans": [{"Node Type": "Index Only Scan", "Parent Relationship": "Outer", "Scan Direction": "Forward", "Index Name": "name_pkey", "Relation Name": "name", "Alias": "n1", "Startup Cost": 0.0, "Total Cost": 93071.9, "Plan Rows": 4167490, "Plan Width": 4}]}]}]}]}]}, "Unique SQL Id": 2457761703, "Planner Runtime": 82}, "explain_analyze_plan": {"Plan": {"Node Type": "Aggregate", "Strategy": "Plain", "Startup Cost": 589695.38, "Total Cost": 589695.39, "Plan Rows": 1, "Plan Width": 97, "Actual Startup Time": 14072.025, "Actual Total Time": 14072.025, "Actual Rows": 1, "Actual Loops": 1, "Plans": [{"Node Type": "Hash Join", "Parent Relationship": "Outer", "Join Type": "Inner", "Startup Cost": 561014.71, "Total Cost": 587909.89, "Plan Rows": 357098, "Plan Width": 33, "Actual Startup Time": 11691.826, "Actual Total Time": 12949.869, "Actual Rows": 2487611, "Actual Loops": 1, "Inner Unique": false, "Hash Cond": "(a1.person_id = n1.id), (LLVM Optimized, Jit Execute)", "Plans": [{"Node Type": "Seq Scan", "Parent Relationship": "Outer", "Relation Name": "aka_name", "Alias": "a1", "Startup Cost": 0.0, "Total Cost": 19908.42, "Plan Rows": 901342, "Plan Width": 20, "Actual Startup Time": 0.025, "Actual Total Time": 229.004, "Actual Rows": 901342, "Actual Loops": 1}, {"Node Type": "Hash", "Parent Relationship": "Inner", "Startup Cost": 552133.97, "Total Cost": 552133.97, "Plan Rows": 710459, "Plan Width": 25, "Actual Startup Time": 11687.273, "Actual Total Time": 11687.273, "Actual Rows": 1970658, "Actual Loops": 1, "Hash Buckets": 1048576, "Hash Batches": 1, "Original Hash Batches": 1, "Peak Memory Usage": 112799, "Plans": [{"Node Type": "Hash Join", "Parent Relationship": "Outer", "Join Type": "Inner", "Startup Cost": 341891.88, "Total Cost": 552133.97, "Plan Rows": 710459, "Plan Width": 25, "Actual Startup Time": 7023.074, "Actual Total Time": 11105.664, "Actual Rows": 1970658, "Actual Loops": 1, "Inner Unique": true, "Hash Cond": "(ci.person_id = n1.id), (LLVM Optimized, Jit Execute)", "Plans": [{"Node Type": "Hash Join", "Parent Relationship": "Outer", "Join Type": "Inner", "Startup Cost": 196726.36, "Total Cost": 397199.64, "Plan Rows": 710459, "Plan Width": 21, "Actual Startup Time": 4514.333, "Actual Total Time": 7831.613, "Actual Rows": 1970658, "Actual Loops": 1, "Inner Unique": false, "Hash Cond": "(ci.movie_id = t.id), (LLVM Optimized, Jit Execute)", "Plans": [{"Node Type": "Nested Loop", "Parent Relationship": "Outer", "Join Type": "Inner", "Startup Cost": 0.0, "Total Cost": 171406.94, "Plan Rows": 3296318, "Plan Width": 8, "Actual Startup Time": 0.114, "Actual Total Time": 1874.763, "Actual Rows": 2728943, "Actual Loops": 1, "Inner Unique": false, "Plans": [{"Node Type": "Seq Scan", "Parent Relationship": "Outer", "Relation Name": "role_type", "Alias": "rt", "Startup Cost": 0.0, "Total Cost": 1.15, "Plan Rows": 1, "Plan Width": 4, "Actual Startup Time": 0.054, "Actual Total Time": 0.07, "Actual Rows": 1, "Actual Loops": 1, "Filter": "((role)::text = 'writer'::text)", "Rows Removed by Filter": 11}, {"Node Type": "Index Scan", "Parent Relationship": "Inner", "Scan Direction": "Forward", "Index Name": "role_id_cast_info", "Relation Name": "cast_info", "Alias": "ci", "Startup Cost": 0.0, "Total Cost": 138442.61, "Plan Rows": 3296318, "Plan Width": 12, "Actual Startup Time": 0.05, "Actual Total Time": 1350.911, "Actual Rows": 2728943, "Actual Loops": 1, "Index Cond": "(role_id = rt.id), (LLVM Optimized, Jit Execute)", "Rows Removed by Index Recheck": 0}]}, {"Node Type": "Hash", "Parent Relationship": "Inner", "Startup Cost": 180697.47, "Total Cost": 180697.47, "Plan Rows": 1282311, "Plan Width": 25, "Actual Startup Time": 4504.326, "Actual Total Time": 4504.326, "Actual Rows": 1153797, "Actual Loops": 1, "Hash Buckets": 2097152, "Hash Batches": 1, "Original Hash Batches": 1, "Peak Memory Usage": 68508, "Plans": [{"Node Type": "Hash Join", "Parent Relationship": "Outer", "Join Type": "Inner", "Startup Cost": 98641.07, "Total Cost": 180697.47, "Plan Rows": 1282311, "Plan Width": 25, "Actual Startup Time": 1840.805, "Actual Total Time": 4017.099, "Actual Rows": 1153797, "Actual Loops": 1, "Inner Unique": true, "Hash Cond": "(mc.movie_id = t.id), (LLVM Optimized, Jit Execute)", "Plans": [{"Node Type": "Hash Join", "Parent Relationship": "Outer", "Join Type": "Inner", "Startup Cost": 6968.08, "Total Cost": 71392.69, "Plan Rows": 1282311, "Plan Width": 4, "Actual Startup Time": 112.721, "Actual Total Time": 1592.084, "Actual Rows": 1153797, "Actual Loops": 1, "Inner Unique": true, "Hash Cond": "(mc.company_id = cn.id), (LLVM Optimized, Jit Execute)", "Plans": [{"Node Type": "Seq Scan", "Parent Relationship": "Outer", "Relation Name": "movie_companies", "Alias": "mc", "Startup Cost": 0.0, "Total Cost": 41817.28, "Plan Rows": 2609128, "Plan Width": 8, "Actual Startup Time": 0.033, "Actual Total Time": 599.643, "Actual Rows": 2609128, "Actual Loops": 1}, {"Node Type": "Hash", "Parent Relationship": "Inner", "Startup Cost": 5903.45, "Total Cost": 5903.45, "Plan Rows": 85170, "Plan Width": 4, "Actual Startup Time": 112.588, "Actual Total Time": 112.588, "Actual Rows": 84843, "Actual Loops": 1, "Hash Buckets": 131072, "Hash Batches": 1, "Original Hash Batches": 1, "Peak Memory Usage": 2983, "Plans": [{"Node Type": "Seq Scan", "Parent Relationship": "Outer", "Relation Name": "company_name", "Alias": "cn", "Startup Cost": 0.0, "Total Cost": 5903.45, "Plan Rows": 85170, "Plan Width": 4, "Actual Startup Time": 0.026, "Actual Total Time": 90.104, "Actual Rows": 84843, "Actual Loops": 1, "Filter": "((country_code)::text = '[us]'::text)", "Rows Removed by Filter": 150153}]}]}, {"Node Type": "Hash", "Parent Relationship": "Inner", "Startup Cost": 60069.11, "Total Cost": 60069.11, "Plan Rows": 2528311, "Plan Width": 21, "Actual Startup Time": 1725.571, "Actual Total Time": 1725.571, "Actual Rows": 2528311, "Actual Loops": 1, "Hash Buckets": 4194304, "Hash Batches": 1, "Original Hash Batches": 1, "Peak Memory Usage": 135869, "Plans": [{"Node Type": "Seq Scan", "Parent Relationship": "Outer", "Relation Name": "title", "Alias": "t", "Startup Cost": 0.0, "Total Cost": 60069.11, "Plan Rows": 2528311, "Plan Width": 21, "Actual Startup Time": 0.028, "Actual Total Time": 799.762, "Actual Rows": 2528311, "Actual Loops": 1}]}]}]}]}, {"Node Type": "Hash", "Parent Relationship": "Inner", "Startup Cost": 93071.9, "Total Cost": 93071.9, "Plan Rows": 4167490, "Plan Width": 4, "Actual Startup Time": 2506.319, "Actual Total Time": 2506.319, "Actual Rows": 4167490, "Actual Loops": 1, "Hash Buckets": 4194304, "Hash Batches": 1, "Original Hash Batches": 1, "Peak Memory Usage": 146514, "Plans": [{"Node Type": "Index Only Scan", "Parent Relationship": "Outer", "Scan Direction": "Forward", "Index Name": "name_pkey", "Relation Name": "name", "Alias": "n1", "Startup Cost": 0.0, "Total Cost": 93071.9, "Plan Rows": 4167490, "Plan Width": 4, "Actual Startup Time": 0.034, "Actual Total Time": 1035.961, "Actual Rows": 4167490, "Actual Loops": 1, "Heap Fetches": 0}]}]}]}]}]}, "Triggers": [], "Planner Runtime": 45, "Total Runtime": 14086.627, "Unique SQL Id": 2457761703}}, "(1, 73)": {"explain_plan": {"Plan": {"Node Type": "Aggregate", "Strategy": "Plain", "Startup Cost": 770846.96, "Total Cost": 770846.97, "Plan Rows": 1, "Plan Width": 97, "Plans": [{"Node Type": "Nested Loop", "Parent Relationship": "Outer", "Join Type": "Inner", "Startup Cost": 599201.04, "Total Cost": 769061.47, "Plan Rows": 357098, "Plan Width": 33, "Inner Unique": true, "Join Filter": "(a1.person_id = n1.id), (LLVM Optimized)", "Plans": [{"Node Type": "Merge Join", "Parent Relationship": "Outer", "Join Type": "Inner", "Startup Cost": 599201.04, "Total Cost": 667567.53, "Plan Rows": 357098, "Plan Width": 41, "Inner Unique": false, "Merge Cond": "(ci.person_id = a1.person_id)", "Plans": [{"Node Type": "Sort", "Parent Relationship": "Outer", "Startup Cost": 599200.97, "Total Cost": 600977.12, "Plan Rows": 710459, "Plan Width": 21, "Sort Key": ["ci.person_id"], "Plans": [{"Node Type": "Hash Join", "Parent Relationship": "Outer", "Join Type": "Inner", "Startup Cost": 329665.48, "Total Cost": 530150.07, "Plan Rows": 710459, "Plan Width": 21, "Inner Unique": false, "Hash Cond": "(ci.movie_id = t.id), (LLVM Optimized)", "Plans": [{"Node Type": "Nested Loop", "Parent Relationship": "Outer", "Join Type": "Inner", "Startup Cost": 0.0, "Total Cost": 171418.25, "Plan Rows": 3296318, "Plan Width": 8, "Inner Unique": false, "Plans": [{"Node Type": "Index Scan", "Parent Relationship": "Outer", "Scan Direction": "Forward", "Index Name": "role_type_pkey", "Relation Name": "role_type", "Alias": "rt", "Startup Cost": 0.0, "Total Cost": 12.46, "Plan Rows": 1, "Plan Width": 4, "Filter": "((role)::text = 'writer'::text)"}, {"Node Type": "Index Scan", "Parent Relationship": "Inner", "Scan Direction": "Forward", "Index Name": "role_id_cast_info", "Relation Name": "cast_info", "Alias": "ci", "Startup Cost": 0.0, "Total Cost": 138442.61, "Plan Rows": 3296318, "Plan Width": 12, "Index Cond": "(role_id = rt.id), (LLVM Optimized)"}]}, {"Node Type": "Hash", "Parent Relationship": "Inner", "Startup Cost": 313636.59, "Total Cost": 313636.59, "Plan Rows": 1282311, "Plan Width": 25, "Plans": [{"Node Type": "Hash Join", "Parent Relationship": "Outer", "Join Type": "Inner", "Startup Cost": 11568.59, "Total Cost": 313636.59, "Plan Rows": 1282311, "Plan Width": 25, "Inner Unique": true, "Hash Cond": "(mc.company_id = cn.id), (LLVM Optimized)", "Plans": [{"Node Type": "Merge Join", "Parent Relationship": "Outer", "Join Type": "Inner", "Startup Cost": 2.58, "Total Cost": 279463.24, "Plan Rows": 2609128, "Plan Width": 29, "Inner Unique": false, "Merge Cond": "(t.id = mc.movie_id)", "Plans": [{"Node Type": "Index Scan", "Parent Relationship": "Outer", "Scan Direction": "Forward", "Index Name": "title_pkey", "Relation Name": "title", "Alias": "t", "Startup Cost": 0.0, "Total Cost": 110120.49, "Plan Rows": 2528311, "Plan Width": 21}, {"Node Type": "Index Scan", "Parent Relationship": "Inner", "Scan Direction": "Forward", "Index Name": "movie_id_movie_companies", "Relation Name": "movie_companies", "Alias": "mc", "Startup Cost": 0.0, "Total Cost": 130519.46, "Plan Rows": 2609128, "Plan Width": 8}]}, {"Node Type": "Hash", "Parent Relationship": "Inner", "Startup Cost": 10501.39, "Total Cost": 10501.39, "Plan Rows": 85170, "Plan Width": 4, "Plans": [{"Node Type": "Index Scan", "Parent Relationship": "Outer", "Scan Direction": "Forward", "Index Name": "company_name_pkey", "Relation Name": "company_name", "Alias": "cn", "Startup Cost": 0.0, "Total Cost": 10501.39, "Plan Rows": 85170, "Plan Width": 4, "Filter": "((country_code)::text = '[us]'::text)"}]}]}]}]}]}, {"Node Type": "Index Scan", "Parent Relationship": "Inner", "Scan Direction": "Forward", "Index Name": "person_id_aka_name", "Relation Name": "aka_name", "Alias": "a1", "Startup Cost": 0.0, "Total Cost": 68965.03, "Plan Rows": 901342, "Plan Width": 20}]}, {"Node Type": "Index Only Scan", "Parent Relationship": "Inner", "Scan Direction": "Forward", "Index Name": "name_pkey", "Relation Name": "name", "Alias": "n1", "Startup Cost": 0.0, "Total Cost": 0.27, "Plan Rows": 1, "Plan Width": 4, "Index Cond": "(id = ci.person_id)"}]}]}, "Unique SQL Id": 2457761703, "Planner Runtime": 74}, "explain_analyze_plan": {"Plan": {"Node Type": "Aggregate", "Strategy": "Plain", "Startup Cost": 770846.96, "Total Cost": 770846.97, "Plan Rows": 1, "Plan Width": 97, "Actual Startup Time": 24376.196, "Actual Total Time": 24376.196, "Actual Rows": 1, "Actual Loops": 1, "Plans": [{"Node Type": "Nested Loop", "Parent Relationship": "Outer", "Join Type": "Inner", "Startup Cost": 599201.04, "Total Cost": 769061.47, "Plan Rows": 357098, "Plan Width": 33, "Actual Startup Time": 12265.022, "Actual Total Time": 22888.05, "Actual Rows": 2487611, "Actual Loops": 1, "Inner Unique": true, "Join Filter": "(a1.person_id = n1.id), (LLVM Optimized, Jit Execute)", "Rows Removed by Join Filter": 0, "Plans": [{"Node Type": "Merge Join", "Parent Relationship": "Outer", "Join Type": "Inner", "Startup Cost": 599201.04, "Total Cost": 667567.53, "Plan Rows": 357098, "Plan Width": 41, "Actual Startup Time": 12264.981, "Actual Total Time": 16006.074, "Actual Rows": 2487611, "Actual Loops": 1, "Inner Unique": false, "Merge Cond": "(ci.person_id = a1.person_id)", "Plans": [{"Node Type": "Sort", "Parent Relationship": "Outer", "Startup Cost": 599200.97, "Total Cost": 600977.12, "Plan Rows": 710459, "Plan Width": 21, "Actual Startup Time": 12264.878, "Actual Total Time": 12659.084, "Actual Rows": 1970658, "Actual Loops": 1, "Sort Key": ["ci.person_id"], "Sort Method": "quicksort", "Sort Space Used": 240236, "Sort Space Type": "Memory", "Plans": [{"Node Type": "Hash Join", "Parent Relationship": "Outer", "Join Type": "Inner", "Startup Cost": 329665.48, "Total Cost": 530150.07, "Plan Rows": 710459, "Plan Width": 21, "Actual Startup Time": 8230.903, "Actual Total Time": 11640.232, "Actual Rows": 1970658, "Actual Loops": 1, "Inner Unique": false, "Hash Cond": "(ci.movie_id = t.id), (LLVM Optimized, Jit Execute)", "Plans": [{"Node Type": "Nested Loop", "Parent Relationship": "Outer", "Join Type": "Inner", "Startup Cost": 0.0, "Total Cost": 171418.25, "Plan Rows": 3296318, "Plan Width": 8, "Actual Startup Time": 0.076, "Actual Total Time": 1889.343, "Actual Rows": 2728943, "Actual Loops": 1, "Inner Unique": false, "Plans": [{"Node Type": "Index Scan", "Parent Relationship": "Outer", "Scan Direction": "Forward", "Index Name": "role_type_pkey", "Relation Name": "role_type", "Alias": "rt", "Startup Cost": 0.0, "Total Cost": 12.46, "Plan Rows": 1, "Plan Width": 4, "Actual Startup Time": 0.023, "Actual Total Time": 0.043, "Actual Rows": 1, "Actual Loops": 1, "Filter": "((role)::text = 'writer'::text)", "Rows Removed by Filter": 11}, {"Node Type": "Index Scan", "Parent Relationship": "Inner", "Scan Direction": "Forward", "Index Name": "role_id_cast_info", "Relation Name": "cast_info", "Alias": "ci", "Startup Cost": 0.0, "Total Cost": 138442.61, "Plan Rows": 3296318, "Plan Width": 12, "Actual Startup Time": 0.049, "Actual Total Time": 1370.851, "Actual Rows": 2728943, "Actual Loops": 1, "Index Cond": "(role_id = rt.id), (LLVM Optimized, Jit Execute)", "Rows Removed by Index Recheck": 0}]}, {"Node Type": "Hash", "Parent Relationship": "Inner", "Startup Cost": 313636.59, "Total Cost": 313636.59, "Plan Rows": 1282311, "Plan Width": 25, "Actual Startup Time": 8228.796, "Actual Total Time": 8228.796, "Actual Rows": 1153797, "Actual Loops": 1, "Hash Buckets": 2097152, "Hash Batches": 1, "Original Hash Batches": 1, "Peak Memory Usage": 68508, "Plans": [{"Node Type": "Hash Join", "Parent Relationship": "Outer", "Join Type": "Inner", "Startup Cost": 11568.59, "Total Cost": 313636.59, "Plan Rows": 1282311, "Plan Width": 25, "Actual Startup Time": 347.397, "Actual Total Time": 7753.856, "Actual Rows": 1153797, "Actual Loops": 1, "Inner Unique": true, "Hash Cond": "(mc.company_id = cn.id), (LLVM Optimized, Jit Execute)", "Plans": [{"Node Type": "Merge Join", "Parent Relationship": "Outer", "Join Type": "Inner", "Startup Cost": 2.58, "Total Cost": 279463.24, "Plan Rows": 2609128, "Plan Width": 29, "Actual Startup Time": 0.059, "Actual Total Time": 6565.551, "Actual Rows": 2609128, "Actual Loops": 1, "Inner Unique": false, "Merge Cond": "(t.id = mc.movie_id)", "Plans": [{"Node Type": "Index Scan", "Parent Relationship": "Outer", "Scan Direction": "Forward", "Index Name": "title_pkey", "Relation Name": "title", "Alias": "t", "Startup Cost": 0.0, "Total Cost": 110120.49, "Plan Rows": 2528311, "Plan Width": 21, "Actual Startup Time": 0.025, "Actual Total Time": 3204.16, "Actual Rows": 2525745, "Actual Loops": 1}, {"Node Type": "Index Scan", "Parent Relationship": "Inner", "Scan Direction": "Forward", "Index Name": "movie_id_movie_companies", "Relation Name": "movie_companies", "Alias": "mc", "Startup Cost": 0.0, "Total Cost": 130519.46, "Plan Rows": 2609128, "Plan Width": 8, "Actual Startup Time": 0.023, "Actual Total Time": 1841.34, "Actual Rows": 2609128, "Actual Loops": 1}]}, {"Node Type": "Hash", "Parent Relationship": "Inner", "Startup Cost": 10501.39, "Total Cost": 10501.39, "Plan Rows": 85170, "Plan Width": 4, "Actual Startup Time": 347.204, "Actual Total Time": 347.204, "Actual Rows": 84843, "Actual Loops": 1, "Hash Buckets": 131072, "Hash Batches": 1, "Original Hash Batches": 1, "Peak Memory Usage": 2983, "Plans": [{"Node Type": "Index Scan", "Parent Relationship": "Outer", "Scan Direction": "Forward", "Index Name": "company_name_pkey", "Relation Name": "company_name", "Alias": "cn", "Startup Cost": 0.0, "Total Cost": 10501.39, "Plan Rows": 85170, "Plan Width": 4, "Actual Startup Time": 0.029, "Actual Total Time": 320.148, "Actual Rows": 84843, "Actual Loops": 1, "Filter": "((country_code)::text = '[us]'::text)", "Rows Removed by Filter": 150153}]}]}]}]}]}, {"Node Type": "Index Scan", "Parent Relationship": "Inner", "Scan Direction": "Forward", "Index Name": "person_id_aka_name", "Relation Name": "aka_name", "Alias": "a1", "Startup Cost": 0.0, "Total Cost": 68965.03, "Plan Rows": 901342, "Plan Width": 20, "Actual Startup Time": 0.064, "Actual Total Time": 2057.174, "Actual Rows": 3063953, "Actual Loops": 1}]}, {"Node Type": "Index Only Scan", "Parent Relationship": "Inner", "Scan Direction": "Forward", "Index Name": "name_pkey", "Relation Name": "name", "Alias": "n1", "Startup Cost": 0.0, "Total Cost": 0.27, "Plan Rows": 1, "Plan Width": 4, "Actual Startup Time": 5121.099, "Actual Total Time": 5121.099, "Actual Rows": 2487611, "Actual Loops": 2487611, "Index Cond": "(id = ci.person_id)", "Rows Removed by Index Recheck": 0, "Heap Fetches": 0}]}]}, "Triggers": [], "Planner Runtime": 74, "Total Runtime": 24386.676, "Unique SQL Id": 2457761703}}, "(1, 74)": {"explain_plan": {"Plan": {"Node Type": "Aggregate", "Strategy": "Plain", "Startup Cost": 1144362.67, "Total Cost": 1144362.68, "Plan Rows": 1, "Plan Width": 97, "Plans": [{"Node Type": "Hash Join", "Parent Relationship": "Outer", "Join Type": "Inner", "Startup Cost": 1115325.41, "Total Cost": 1142577.18, "Plan Rows": 357098, "Plan Width": 33, "Inner Unique": false, "Hash Cond": "(a1.person_id = n1.id), (LLVM Optimized)", "Plans": [{"Node Type": "Seq Scan", "Parent Relationship": "Outer", "Relation Name": "aka_name", "Alias": "a1", "Startup Cost": 0.0, "Total Cost": 19908.42, "Plan Rows": 901342, "Plan Width": 20}, {"Node Type": "Hash", "Parent Relationship": "Inner", "Startup Cost": 1106444.67, "Total Cost": 1106444.67, "Plan Rows": 710459, "Plan Width": 25, "Plans": [{"Node Type": "Hash Join", "Parent Relationship": "Outer", "Join Type": "Inner", "Startup Cost": 341893.04, "Total Cost": 1106444.67, "Plan Rows": 710459, "Plan Width": 25, "Inner Unique": true, "Hash Cond": "(ci.person_id = n1.id), (LLVM Optimized)", "Plans": [{"Node Type": "Hash Join", "Parent Relationship": "Outer", "Join Type": "Inner", "Startup Cost": 196727.52, "Total Cost": 951510.34, "Plan Rows": 710459, "Plan Width": 21, "Inner Unique": false, "Hash Cond": "(ci.movie_id = t.id), (LLVM Optimized)", "Plans": [{"Node Type": "Hash Join", "Parent Relationship": "Outer", "Join Type": "Inner", "Startup Cost": 1.16, "Total Cost": 725717.64, "Plan Rows": 3296318, "Plan Width": 8, "Inner Unique": true, "Hash Cond": "(ci.role_id = rt.id), (LLVM Optimized)", "Plans": [{"Node Type": "Seq Scan", "Parent Relationship": "Outer", "Relation Name": "cast_info", "Alias": "ci", "Startup Cost": 0.0, "Total Cost": 601877.94, "Plan Rows": 36259494, "Plan Width": 12}, {"Node Type": "Hash", "Parent Relationship": "Inner", "Startup Cost": 1.15, "Total Cost": 1.15, "Plan Rows": 1, "Plan Width": 4, "Plans": [{"Node Type": "Seq Scan", "Parent Relationship": "Outer", "Relation Name": "role_type", "Alias": "rt", "Startup Cost": 0.0, "Total Cost": 1.15, "Plan Rows": 1, "Plan Width": 4, "Filter": "((role)::text = 'writer'::text)"}]}]}, {"Node Type": "Hash", "Parent Relationship": "Inner", "Startup Cost": 180697.47, "Total Cost": 180697.47, "Plan Rows": 1282311, "Plan Width": 25, "Plans": [{"Node Type": "Hash Join", "Parent Relationship": "Outer", "Join Type": "Inner", "Startup Cost": 98641.07, "Total Cost": 180697.47, "Plan Rows": 1282311, "Plan Width": 25, "Inner Unique": true, "Hash Cond": "(mc.movie_id = t.id), (LLVM Optimized)", "Plans": [{"Node Type": "Hash Join", "Parent Relationship": "Outer", "Join Type": "Inner", "Startup Cost": 6968.08, "Total Cost": 71392.69, "Plan Rows": 1282311, "Plan Width": 4, "Inner Unique": true, "Hash Cond": "(mc.company_id = cn.id), (LLVM Optimized)", "Plans": [{"Node Type": "Seq Scan", "Parent Relationship": "Outer", "Relation Name": "movie_companies", "Alias": "mc", "Startup Cost": 0.0, "Total Cost": 41817.28, "Plan Rows": 2609128, "Plan Width": 8}, {"Node Type": "Hash", "Parent Relationship": "Inner", "Startup Cost": 5903.45, "Total Cost": 5903.45, "Plan Rows": 85170, "Plan Width": 4, "Plans": [{"Node Type": "Seq Scan", "Parent Relationship": "Outer", "Relation Name": "company_name", "Alias": "cn", "Startup Cost": 0.0, "Total Cost": 5903.45, "Plan Rows": 85170, "Plan Width": 4, "Filter": "((country_code)::text = '[us]'::text)"}]}]}, {"Node Type": "Hash", "Parent Relationship": "Inner", "Startup Cost": 60069.11, "Total Cost": 60069.11, "Plan Rows": 2528311, "Plan Width": 21, "Plans": [{"Node Type": "Seq Scan", "Parent Relationship": "Outer", "Relation Name": "title", "Alias": "t", "Startup Cost": 0.0, "Total Cost": 60069.11, "Plan Rows": 2528311, "Plan Width": 21}]}]}]}]}, {"Node Type": "Hash", "Parent Relationship": "Inner", "Startup Cost": 93071.9, "Total Cost": 93071.9, "Plan Rows": 4167490, "Plan Width": 4, "Plans": [{"Node Type": "Seq Scan", "Parent Relationship": "Outer", "Relation Name": "name", "Alias": "n1", "Startup Cost": 0.0, "Total Cost": 93071.9, "Plan Rows": 4167490, "Plan Width": 4}]}]}]}]}]}, "Unique SQL Id": 2457761703, "Planner Runtime": 65}, "explain_analyze_plan": null}, "(1, 75)": {"explain_plan": {"Plan": {"Node Type": "Aggregate", "Strategy": "Plain", "Startup Cost": 6720943715063.29, "Total Cost": 6720943715063.3, "Plan Rows": 1, "Plan Width": 97, "Plans": [{"Node Type": "Hash Join", "Parent Relationship": "Outer", "Join Type": "Inner", "Startup Cost": 4029125744837.46, "Total Cost": 6720943713277.8, "Plan Rows": 357098, "Plan Width": 33, "Inner Unique": false, "Hash Cond": "(ci.movie_id = t.id), (LLVM Optimized)", "Plans": [{"Node Type": "Hash Join", "Parent Relationship": "Outer", "Join Type": "Inner", "Startup Cost": 1030049898442.37, "Total Cost": 3721867853791.89, "Plan Rows": 1484588, "Plan Width": 20, "Inner Unique": true, "Hash Cond": "(ci.role_id = rt.id), (LLVM Optimized)", "Plans": [{"Node Type": "Merge Join", "Parent Relationship": "Outer", "Join Type": "Inner", "Startup Cost": 30049897196.36, "Total Cost": 2721867796771.75, "Plan Rows": 16330470, "Plan Width": 24, "Inner Unique": false, "Merge Cond": "(a1.person_id = ci.person_id)", "Plans": [{"Node Type": "Merge Join", "Parent Relationship": "Outer", "Join Type": "Inner", "Startup Cost": 20030754356.47, "Total Cost": 2000002534968.85, "Plan Rows": 901342, "Plan Width": 24, "Inner Unique": true, "Merge Cond": "(a1.person_id = n1.id)", "Plans": [{"Node Type": "Index Scan", "Parent Relationship": "Outer", "Scan Direction": "Forward", "Index Name": "person_id_aka_name", "Relation Name": "aka_name", "Alias": "a1", "Startup Cost": 10000000000.0, "Total Cost": 1000006896503.43, "Plan Rows": 901342, "Plan Width": 20}, {"Node Type": "Index Only Scan", "Parent Relationship": "Inner", "Scan Direction": "Forward", "Index Name": "name_pkey", "Relation Name": "name", "Alias": "n1", "Startup Cost": 10000000000.0, "Total Cost": 1000012483260.0, "Plan Rows": 4167490, "Plan Width": 4}]}, {"Node Type": "Index Scan", "Parent Relationship": "Inner", "Scan Direction": "Forward", "Index Name": "person_id_cast_info", "Relation Name": "cast_info", "Alias": "ci", "Startup Cost": 10000000000.0, "Total Cost": 1000170648833.21, "Plan Rows": 36259494, "Plan Width": 12}]}, {"Node Type": "Hash", "Parent Relationship": "Inner", "Startup Cost": 1000000001246.0, "Total Cost": 1000000001246.0, "Plan Rows": 1, "Plan Width": 4, "Plans": [{"Node Type": "Index Scan", "Parent Relationship": "Outer", "Scan Direction": "Forward", "Index Name": "role_type_pkey", "Relation Name": "role_type", "Alias": "rt", "Startup Cost": 10000000000.0, "Total Cost": 1000000001246.0, "Plan Rows": 1, "Plan Width": 4, "Filter": "((role)::text = 'writer'::text)"}]}]}, {"Node Type": "Hash", "Parent Relationship": "Inner", "Startup Cost": 2999075830366.2, "Total Cost": 2999075830366.2, "Plan Rows": 1282311, "Plan Width": 25, "Plans": [{"Node Type": "Merge Join", "Parent Relationship": "Outer", "Join Type": "Inner", "Startup Cost": 2010035495066.48, "Total Cost": 2999075830366.2, "Plan Rows": 1282311, "Plan Width": 25, "Inner Unique": true, "Merge Cond": "(mc.movie_id = t.id)", "Plans": [{"Node Type": "Sort", "Parent Relationship": "Outer", "Startup Cost": 2000013567140.28, "Total Cost": 2000013570346.05, "Plan Rows": 1282311, "Plan Width": 4, "Sort Key": ["mc.movie_id"], "Plans": [{"Node Type": "Merge Join", "Parent Relationship": "Outer", "Join Type": "Inner", "Startup Cost": 45724640147.62, "Total Cost": 2000013437047.81, "Plan Rows": 1282311, "Plan Width": 4, "Inner Unique": false, "Merge Cond": "(cn.id = mc.company_id)", "Plans": [{"Node Type": "Index Scan", "Parent Relationship": "Outer", "Scan Direction": "Forward", "Index Name": "company_name_pkey", "Relation Name": "company_name", "Alias": "cn", "Startup Cost": 10000000000.0, "Total Cost": 1000001050138.97, "Plan Rows": 85170, "Plan Width": 4, "Filter": "((country_code)::text = '[us]'::text)"}, {"Node Type": "Index Scan", "Parent Relationship": "Inner", "Scan Direction": "Forward", "Index Name": "company_id_movie_companies", "Relation Name": "movie_companies", "Alias": "mc", "Startup Cost": 10000000000.0, "Total Cost": 1000012367349.98, "Plan Rows": 2609128, "Plan Width": 8}]}]}, {"Node Type": "Index Scan", "Parent Relationship": "Inner", "Scan Direction": "Forward", "Index Name": "title_pkey", "Relation Name": "title", "Alias": "t", "Startup Cost": 10000000000.0, "Total Cost": 1000011012048.91, "Plan Rows": 2528311, "Plan Width": 21}]}]}]}]}, "Unique SQL Id": 2457761703, "Planner Runtime": 120}, "explain_analyze_plan": null}, "(1, 76)": {"explain_plan": {"Plan": {"Node Type": "Aggregate", "Strategy": "Plain", "Startup Cost": 589695.38, "Total Cost": 589695.39, "Plan Rows": 1, "Plan Width": 97, "Plans": [{"Node Type": "Hash Join", "Parent Relationship": "Outer", "Join Type": "Inner", "Startup Cost": 561014.71, "Total Cost": 587909.89, "Plan Rows": 357098, "Plan Width": 33, "Inner Unique": false, "Hash Cond": "(a1.person_id = n1.id), (LLVM Optimized)", "Plans": [{"Node Type": "Seq Scan", "Parent Relationship": "Outer", "Relation Name": "aka_name", "Alias": "a1", "Startup Cost": 0.0, "Total Cost": 19908.42, "Plan Rows": 901342, "Plan Width": 20}, {"Node Type": "Hash", "Parent Relationship": "Inner", "Startup Cost": 552133.97, "Total Cost": 552133.97, "Plan Rows": 710459, "Plan Width": 25, "Plans": [{"Node Type": "Hash Join", "Parent Relationship": "Outer", "Join Type": "Inner", "Startup Cost": 341891.88, "Total Cost": 552133.97, "Plan Rows": 710459, "Plan Width": 25, "Inner Unique": true, "Hash Cond": "(ci.person_id = n1.id), (LLVM Optimized)", "Plans": [{"Node Type": "Hash Join", "Parent Relationship": "Outer", "Join Type": "Inner", "Startup Cost": 196726.36, "Total Cost": 397199.64, "Plan Rows": 710459, "Plan Width": 21, "Inner Unique": false, "Hash Cond": "(ci.movie_id = t.id), (LLVM Optimized)", "Plans": [{"Node Type": "Nested Loop", "Parent Relationship": "Outer", "Join Type": "Inner", "Startup Cost": 0.0, "Total Cost": 171406.94, "Plan Rows": 3296318, "Plan Width": 8, "Inner Unique": false, "Plans": [{"Node Type": "Seq Scan", "Parent Relationship": "Outer", "Relation Name": "role_type", "Alias": "rt", "Startup Cost": 0.0, "Total Cost": 1.15, "Plan Rows": 1, "Plan Width": 4, "Filter": "((role)::text = 'writer'::text)"}, {"Node Type": "Index Scan", "Parent Relationship": "Inner", "Scan Direction": "Forward", "Index Name": "role_id_cast_info", "Relation Name": "cast_info", "Alias": "ci", "Startup Cost": 0.0, "Total Cost": 138442.61, "Plan Rows": 3296318, "Plan Width": 12, "Index Cond": "(role_id = rt.id), (LLVM Optimized)"}]}, {"Node Type": "Hash", "Parent Relationship": "Inner", "Startup Cost": 180697.47, "Total Cost": 180697.47, "Plan Rows": 1282311, "Plan Width": 25, "Plans": [{"Node Type": "Hash Join", "Parent Relationship": "Outer", "Join Type": "Inner", "Startup Cost": 98641.07, "Total Cost": 180697.47, "Plan Rows": 1282311, "Plan Width": 25, "Inner Unique": true, "Hash Cond": "(mc.movie_id = t.id), (LLVM Optimized)", "Plans": [{"Node Type": "Hash Join", "Parent Relationship": "Outer", "Join Type": "Inner", "Startup Cost": 6968.08, "Total Cost": 71392.69, "Plan Rows": 1282311, "Plan Width": 4, "Inner Unique": true, "Hash Cond": "(mc.company_id = cn.id), (LLVM Optimized)", "Plans": [{"Node Type": "Seq Scan", "Parent Relationship": "Outer", "Relation Name": "movie_companies", "Alias": "mc", "Startup Cost": 0.0, "Total Cost": 41817.28, "Plan Rows": 2609128, "Plan Width": 8}, {"Node Type": "Hash", "Parent Relationship": "Inner", "Startup Cost": 5903.45, "Total Cost": 5903.45, "Plan Rows": 85170, "Plan Width": 4, "Plans": [{"Node Type": "Seq Scan", "Parent Relationship": "Outer", "Relation Name": "company_name", "Alias": "cn", "Startup Cost": 0.0, "Total Cost": 5903.45, "Plan Rows": 85170, "Plan Width": 4, "Filter": "((country_code)::text = '[us]'::text)"}]}]}, {"Node Type": "Hash", "Parent Relationship": "Inner", "Startup Cost": 60069.11, "Total Cost": 60069.11, "Plan Rows": 2528311, "Plan Width": 21, "Plans": [{"Node Type": "Seq Scan", "Parent Relationship": "Outer", "Relation Name": "title", "Alias": "t", "Startup Cost": 0.0, "Total Cost": 60069.11, "Plan Rows": 2528311, "Plan Width": 21}]}]}]}]}, {"Node Type": "Hash", "Parent Relationship": "Inner", "Startup Cost": 93071.9, "Total Cost": 93071.9, "Plan Rows": 4167490, "Plan Width": 4, "Plans": [{"Node Type": "Seq Scan", "Parent Relationship": "Outer", "Relation Name": "name", "Alias": "n1", "Startup Cost": 0.0, "Total Cost": 93071.9, "Plan Rows": 4167490, "Plan Width": 4}]}]}]}]}]}, "Unique SQL Id": 2457761703, "Planner Runtime": 81}, "explain_analyze_plan": {"Plan": {"Node Type": "Aggregate", "Strategy": "Plain", "Startup Cost": 589695.38, "Total Cost": 589695.39, "Plan Rows": 1, "Plan Width": 97, "Actual Startup Time": 14083.388, "Actual Total Time": 14083.389, "Actual Rows": 1, "Actual Loops": 1, "Plans": [{"Node Type": "Hash Join", "Parent Relationship": "Outer", "Join Type": "Inner", "Startup Cost": 561014.71, "Total Cost": 587909.89, "Plan Rows": 357098, "Plan Width": 33, "Actual Startup Time": 11707.86, "Actual Total Time": 12960.559, "Actual Rows": 2487611, "Actual Loops": 1, "Inner Unique": false, "Hash Cond": "(a1.person_id = n1.id), (LLVM Optimized, Jit Execute)", "Plans": [{"Node Type": "Seq Scan", "Parent Relationship": "Outer", "Relation Name": "aka_name", "Alias": "a1", "Startup Cost": 0.0, "Total Cost": 19908.42, "Plan Rows": 901342, "Plan Width": 20, "Actual Startup Time": 0.028, "Actual Total Time": 228.399, "Actual Rows": 901342, "Actual Loops": 1}, {"Node Type": "Hash", "Parent Relationship": "Inner", "Startup Cost": 552133.97, "Total Cost": 552133.97, "Plan Rows": 710459, "Plan Width": 25, "Actual Startup Time": 11703.168, "Actual Total Time": 11703.168, "Actual Rows": 1970658, "Actual Loops": 1, "Hash Buckets": 1048576, "Hash Batches": 1, "Original Hash Batches": 1, "Peak Memory Usage": 112799, "Plans": [{"Node Type": "Hash Join", "Parent Relationship": "Outer", "Join Type": "Inner", "Startup Cost": 341891.88, "Total Cost": 552133.97, "Plan Rows": 710459, "Plan Width": 25, "Actual Startup Time": 7024.385, "Actual Total Time": 11117.689, "Actual Rows": 1970658, "Actual Loops": 1, "Inner Unique": true, "Hash Cond": "(ci.person_id = n1.id), (LLVM Optimized, Jit Execute)", "Plans": [{"Node Type": "Hash Join", "Parent Relationship": "Outer", "Join Type": "Inner", "Startup Cost": 196726.36, "Total Cost": 397199.64, "Plan Rows": 710459, "Plan Width": 21, "Actual Startup Time": 4186.944, "Actual Total Time": 7503.897, "Actual Rows": 1970658, "Actual Loops": 1, "Inner Unique": false, "Hash Cond": "(ci.movie_id = t.id), (LLVM Optimized, Jit Execute)", "Plans": [{"Node Type": "Nested Loop", "Parent Relationship": "Outer", "Join Type": "Inner", "Startup Cost": 0.0, "Total Cost": 171406.94, "Plan Rows": 3296318, "Plan Width": 8, "Actual Startup Time": 0.117, "Actual Total Time": 1880.061, "Actual Rows": 2728943, "Actual Loops": 1, "Inner Unique": false, "Plans": [{"Node Type": "Seq Scan", "Parent Relationship": "Outer", "Relation Name": "role_type", "Alias": "rt", "Startup Cost": 0.0, "Total Cost": 1.15, "Plan Rows": 1, "Plan Width": 4, "Actual Startup Time": 0.047, "Actual Total Time": 0.143, "Actual Rows": 1, "Actual Loops": 1, "Filter": "((role)::text = 'writer'::text)", "Rows Removed by Filter": 11}, {"Node Type": "Index Scan", "Parent Relationship": "Inner", "Scan Direction": "Forward", "Index Name": "role_id_cast_info", "Relation Name": "cast_info", "Alias": "ci", "Startup Cost": 0.0, "Total Cost": 138442.61, "Plan Rows": 3296318, "Plan Width": 12, "Actual Startup Time": 0.057, "Actual Total Time": 1350.34, "Actual Rows": 2728943, "Actual Loops": 1, "Index Cond": "(role_id = rt.id), (LLVM Optimized, Jit Execute)", "Rows Removed by Index Recheck": 0}]}, {"Node Type": "Hash", "Parent Relationship": "Inner", "Startup Cost": 180697.47, "Total Cost": 180697.47, "Plan Rows": 1282311, "Plan Width": 25, "Actual Startup Time": 4182.205, "Actual Total Time": 4182.205, "Actual Rows": 1153797, "Actual Loops": 1, "Hash Buckets": 2097152, "Hash Batches": 1, "Original Hash Batches": 1, "Peak Memory Usage": 68508, "Plans": [{"Node Type": "Hash Join", "Parent Relationship": "Outer", "Join Type": "Inner", "Startup Cost": 98641.07, "Total Cost": 180697.47, "Plan Rows": 1282311, "Plan Width": 25, "Actual Startup Time": 1768.291, "Actual Total Time": 3783.203, "Actual Rows": 1153797, "Actual Loops": 1, "Inner Unique": true, "Hash Cond": "(mc.movie_id = t.id), (LLVM Optimized, Jit Execute)", "Plans": [{"Node Type": "Hash Join", "Parent Relationship": "Outer", "Join Type": "Inner", "Startup Cost": 6968.08, "Total Cost": 71392.69, "Plan Rows": 1282311, "Plan Width": 4, "Actual Startup Time": 112.424, "Actual Total Time": 1527.13, "Actual Rows": 1153797, "Actual Loops": 1, "Inner Unique": true, "Hash Cond": "(mc.company_id = cn.id), (LLVM Optimized, Jit Execute)", "Plans": [{"Node Type": "Seq Scan", "Parent Relationship": "Outer", "Relation Name": "movie_companies", "Alias": "mc", "Startup Cost": 0.0, "Total Cost": 41817.28, "Plan Rows": 2609128, "Plan Width": 8, "Actual Startup Time": 0.024, "Actual Total Time": 595.557, "Actual Rows": 2609128, "Actual Loops": 1}, {"Node Type": "Hash", "Parent Relationship": "Inner", "Startup Cost": 5903.45, "Total Cost": 5903.45, "Plan Rows": 85170, "Plan Width": 4, "Actual Startup Time": 112.295, "Actual Total Time": 112.295, "Actual Rows": 84843, "Actual Loops": 1, "Hash Buckets": 131072, "Hash Batches": 1, "Original Hash Batches": 1, "Peak Memory Usage": 2983, "Plans": [{"Node Type": "Seq Scan", "Parent Relationship": "Outer", "Relation Name": "company_name", "Alias": "cn", "Startup Cost": 0.0, "Total Cost": 5903.45, "Plan Rows": 85170, "Plan Width": 4, "Actual Startup Time": 0.028, "Actual Total Time": 89.914, "Actual Rows": 84843, "Actual Loops": 1, "Filter": "((country_code)::text = '[us]'::text)", "Rows Removed by Filter": 150153}]}]}, {"Node Type": "Hash", "Parent Relationship": "Inner", "Startup Cost": 60069.11, "Total Cost": 60069.11, "Plan Rows": 2528311, "Plan Width": 21, "Actual Startup Time": 1653.422, "Actual Total Time": 1653.422, "Actual Rows": 2528311, "Actual Loops": 1, "Hash Buckets": 4194304, "Hash Batches": 1, "Original Hash Batches": 1, "Peak Memory Usage": 135869, "Plans": [{"Node Type": "Seq Scan", "Parent Relationship": "Outer", "Relation Name": "title", "Alias": "t", "Startup Cost": 0.0, "Total Cost": 60069.11, "Plan Rows": 2528311, "Plan Width": 21, "Actual Startup Time": 0.026, "Actual Total Time": 800.156, "Actual Rows": 2528311, "Actual Loops": 1}]}]}]}]}, {"Node Type": "Hash", "Parent Relationship": "Inner", "Startup Cost": 93071.9, "Total Cost": 93071.9, "Plan Rows": 4167490, "Plan Width": 4, "Actual Startup Time": 2834.921, "Actual Total Time": 2834.921, "Actual Rows": 4167490, "Actual Loops": 1, "Hash Buckets": 4194304, "Hash Batches": 1, "Original Hash Batches": 1, "Peak Memory Usage": 146514, "Plans": [{"Node Type": "Seq Scan", "Parent Relationship": "Outer", "Relation Name": "name", "Alias": "n1", "Startup Cost": 0.0, "Total Cost": 93071.9, "Plan Rows": 4167490, "Plan Width": 4, "Actual Startup Time": 0.027, "Actual Total Time": 1278.188, "Actual Rows": 4167490, "Actual Loops": 1}]}]}]}]}]}, "Triggers": [], "Planner Runtime": 46, "Total Runtime": 14098.166, "Unique SQL Id": 2457761703}}, "(1, 77)": {"explain_plan": {"Plan": {"Node Type": "Aggregate", "Strategy": "Plain", "Startup Cost": 772871.67, "Total Cost": 772871.68, "Plan Rows": 1, "Plan Width": 97, "Plans": [{"Node Type": "Nested Loop", "Parent Relationship": "Outer", "Join Type": "Inner", "Startup Cost": 599201.04, "Total Cost": 771086.18, "Plan Rows": 357098, "Plan Width": 33, "Inner Unique": true, "Join Filter": "(a1.person_id = n1.id), (LLVM Optimized)", "Plans": [{"Node Type": "Merge Join", "Parent Relationship": "Outer", "Join Type": "Inner", "Startup Cost": 599201.04, "Total Cost": 667567.53, "Plan Rows": 357098, "Plan Width": 41, "Inner Unique": false, "Merge Cond": "(ci.person_id = a1.person_id)", "Plans": [{"Node Type": "Sort", "Parent Relationship": "Outer", "Startup Cost": 599200.97, "Total Cost": 600977.12, "Plan Rows": 710459, "Plan Width": 21, "Sort Key": ["ci.person_id"], "Plans": [{"Node Type": "Hash Join", "Parent Relationship": "Outer", "Join Type": "Inner", "Startup Cost": 329665.48, "Total Cost": 530150.07, "Plan Rows": 710459, "Plan Width": 21, "Inner Unique": false, "Hash Cond": "(ci.movie_id = t.id), (LLVM Optimized)", "Plans": [{"Node Type": "Nested Loop", "Parent Relationship": "Outer", "Join Type": "Inner", "Startup Cost": 0.0, "Total Cost": 171418.25, "Plan Rows": 3296318, "Plan Width": 8, "Inner Unique": false, "Plans": [{"Node Type": "Index Scan", "Parent Relationship": "Outer", "Scan Direction": "Forward", "Index Name": "role_type_pkey", "Relation Name": "role_type", "Alias": "rt", "Startup Cost": 0.0, "Total Cost": 12.46, "Plan Rows": 1, "Plan Width": 4, "Filter": "((role)::text = 'writer'::text)"}, {"Node Type": "Index Scan", "Parent Relationship": "Inner", "Scan Direction": "Forward", "Index Name": "role_id_cast_info", "Relation Name": "cast_info", "Alias": "ci", "Startup Cost": 0.0, "Total Cost": 138442.61, "Plan Rows": 3296318, "Plan Width": 12, "Index Cond": "(role_id = rt.id), (LLVM Optimized)"}]}, {"Node Type": "Hash", "Parent Relationship": "Inner", "Startup Cost": 313636.59, "Total Cost": 313636.59, "Plan Rows": 1282311, "Plan Width": 25, "Plans": [{"Node Type": "Hash Join", "Parent Relationship": "Outer", "Join Type": "Inner", "Startup Cost": 11568.59, "Total Cost": 313636.59, "Plan Rows": 1282311, "Plan Width": 25, "Inner Unique": true, "Hash Cond": "(mc.company_id = cn.id), (LLVM Optimized)", "Plans": [{"Node Type": "Merge Join", "Parent Relationship": "Outer", "Join Type": "Inner", "Startup Cost": 2.58, "Total Cost": 279463.24, "Plan Rows": 2609128, "Plan Width": 29, "Inner Unique": false, "Merge Cond": "(t.id = mc.movie_id)", "Plans": [{"Node Type": "Index Scan", "Parent Relationship": "Outer", "Scan Direction": "Forward", "Index Name": "title_pkey", "Relation Name": "title", "Alias": "t", "Startup Cost": 0.0, "Total Cost": 110120.49, "Plan Rows": 2528311, "Plan Width": 21}, {"Node Type": "Index Scan", "Parent Relationship": "Inner", "Scan Direction": "Forward", "Index Name": "movie_id_movie_companies", "Relation Name": "movie_companies", "Alias": "mc", "Startup Cost": 0.0, "Total Cost": 130519.46, "Plan Rows": 2609128, "Plan Width": 8}]}, {"Node Type": "Hash", "Parent Relationship": "Inner", "Startup Cost": 10501.39, "Total Cost": 10501.39, "Plan Rows": 85170, "Plan Width": 4, "Plans": [{"Node Type": "Index Scan", "Parent Relationship": "Outer", "Scan Direction": "Forward", "Index Name": "company_name_pkey", "Relation Name": "company_name", "Alias": "cn", "Startup Cost": 0.0, "Total Cost": 10501.39, "Plan Rows": 85170, "Plan Width": 4, "Filter": "((country_code)::text = '[us]'::text)"}]}]}]}]}]}, {"Node Type": "Index Scan", "Parent Relationship": "Inner", "Scan Direction": "Forward", "Index Name": "person_id_aka_name", "Relation Name": "aka_name", "Alias": "a1", "Startup Cost": 0.0, "Total Cost": 68965.03, "Plan Rows": 901342, "Plan Width": 20}]}, {"Node Type": "Index Scan", "Parent Relationship": "Inner", "Scan Direction": "Forward", "Index Name": "name_pkey", "Relation Name": "name", "Alias": "n1", "Startup Cost": 0.0, "Total Cost": 0.28, "Plan Rows": 1, "Plan Width": 4, "Index Cond": "(id = ci.person_id)"}]}]}, "Unique SQL Id": 2457761703, "Planner Runtime": 73}, "explain_analyze_plan": {"Plan": {"Node Type": "Aggregate", "Strategy": "Plain", "Startup Cost": 772871.67, "Total Cost": 772871.68, "Plan Rows": 1, "Plan Width": 97, "Actual Startup Time": 25445.655, "Actual Total Time": 25445.655, "Actual Rows": 1, "Actual Loops": 1, "Plans": [{"Node Type": "Nested Loop", "Parent Relationship": "Outer", "Join Type": "Inner", "Startup Cost": 599201.04, "Total Cost": 771086.18, "Plan Rows": 357098, "Plan Width": 33, "Actual Startup Time": 12016.901, "Actual Total Time": 23944.864, "Actual Rows": 2487611, "Actual Loops": 1, "Inner Unique": true, "Join Filter": "(a1.person_id = n1.id), (LLVM Optimized, Jit Execute)", "Rows Removed by Join Filter": 0, "Plans": [{"Node Type": "Merge Join", "Parent Relationship": "Outer", "Join Type": "Inner", "Startup Cost": 599201.04, "Total Cost": 667567.53, "Plan Rows": 357098, "Plan Width": 41, "Actual Startup Time": 12016.871, "Actual Total Time": 15590.419, "Actual Rows": 2487611, "Actual Loops": 1, "Inner Unique": false, "Merge Cond": "(ci.person_id = a1.person_id)", "Plans": [{"Node Type": "Sort", "Parent Relationship": "Outer", "Startup Cost": 599200.97, "Total Cost": 600977.12, "Plan Rows": 710459, "Plan Width": 21, "Actual Startup Time": 12016.69, "Actual Total Time": 12420.308, "Actual Rows": 1970658, "Actual Loops": 1, "Sort Key": ["ci.person_id"], "Sort Method": "quicksort", "Sort Space Used": 240236, "Sort Space Type": "Memory", "Plans": [{"Node Type": "Hash Join", "Parent Relationship": "Outer", "Join Type": "Inner", "Startup Cost": 329665.48, "Total Cost": 530150.07, "Plan Rows": 710459, "Plan Width": 21, "Actual Startup Time": 8057.621, "Actual Total Time": 11391.445, "Actual Rows": 1970658, "Actual Loops": 1, "Inner Unique": false, "Hash Cond": "(ci.movie_id = t.id), (LLVM Optimized, Jit Execute)", "Plans": [{"Node Type": "Nested Loop", "Parent Relationship": "Outer", "Join Type": "Inner", "Startup Cost": 0.0, "Total Cost": 171418.25, "Plan Rows": 3296318, "Plan Width": 8, "Actual Startup Time": 0.075, "Actual Total Time": 1872.942, "Actual Rows": 2728943, "Actual Loops": 1, "Inner Unique": false, "Plans": [{"Node Type": "Index Scan", "Parent Relationship": "Outer", "Scan Direction": "Forward", "Index Name": "role_type_pkey", "Relation Name": "role_type", "Alias": "rt", "Startup Cost": 0.0, "Total Cost": 12.46, "Plan Rows": 1, "Plan Width": 4, "Actual Startup Time": 0.022, "Actual Total Time": 0.039, "Actual Rows": 1, "Actual Loops": 1, "Filter": "((role)::text = 'writer'::text)", "Rows Removed by Filter": 11}, {"Node Type": "Index Scan", "Parent Relationship": "Inner", "Scan Direction": "Forward", "Index Name": "role_id_cast_info", "Relation Name": "cast_info", "Alias": "ci", "Startup Cost": 0.0, "Total Cost": 138442.61, "Plan Rows": 3296318, "Plan Width": 12, "Actual Startup Time": 0.048, "Actual Total Time": 1346.876, "Actual Rows": 2728943, "Actual Loops": 1, "Index Cond": "(role_id = rt.id), (LLVM Optimized, Jit Execute)", "Rows Removed by Index Recheck": 0}]}, {"Node Type": "Hash", "Parent Relationship": "Inner", "Startup Cost": 313636.59, "Total Cost": 313636.59, "Plan Rows": 1282311, "Plan Width": 25, "Actual Startup Time": 8055.826, "Actual Total Time": 8055.826, "Actual Rows": 1153797, "Actual Loops": 1, "Hash Buckets": 2097152, "Hash Batches": 1, "Original Hash Batches": 1, "Peak Memory Usage": 68508, "Plans": [{"Node Type": "Hash Join", "Parent Relationship": "Outer", "Join Type": "Inner", "Startup Cost": 11568.59, "Total Cost": 313636.59, "Plan Rows": 1282311, "Plan Width": 25, "Actual Startup Time": 344.224, "Actual Total Time": 7573.169, "Actual Rows": 1153797, "Actual Loops": 1, "Inner Unique": true, "Hash Cond": "(mc.company_id = cn.id), (LLVM Optimized, Jit Execute)", "Plans": [{"Node Type": "Merge Join", "Parent Relationship": "Outer", "Join Type": "Inner", "Startup Cost": 2.58, "Total Cost": 279463.24, "Plan Rows": 2609128, "Plan Width": 29, "Actual Startup Time": 0.055, "Actual Total Time": 6396.328, "Actual Rows": 2609128, "Actual Loops": 1, "Inner Unique": false, "Merge Cond": "(t.id = mc.movie_id)", "Plans": [{"Node Type": "Index Scan", "Parent Relationship": "Outer", "Scan Direction": "Forward", "Index Name": "title_pkey", "Relation Name": "title", "Alias": "t", "Startup Cost": 0.0, "Total Cost": 110120.49, "Plan Rows": 2528311, "Plan Width": 21, "Actual Startup Time": 0.025, "Actual Total Time": 3081.637, "Actual Rows": 2525745, "Actual Loops": 1}, {"Node Type": "Index Scan", "Parent Relationship": "Inner", "Scan Direction": "Forward", "Index Name": "movie_id_movie_companies", "Relation Name": "movie_companies", "Alias": "mc", "Startup Cost": 0.0, "Total Cost": 130519.46, "Plan Rows": 2609128, "Plan Width": 8, "Actual Startup Time": 0.02, "Actual Total Time": 1796.595, "Actual Rows": 2609128, "Actual Loops": 1}]}, {"Node Type": "Hash", "Parent Relationship": "Inner", "Startup Cost": 10501.39, "Total Cost": 10501.39, "Plan Rows": 85170, "Plan Width": 4, "Actual Startup Time": 344.053, "Actual Total Time": 344.053, "Actual Rows": 84843, "Actual Loops": 1, "Hash Buckets": 131072, "Hash Batches": 1, "Original Hash Batches": 1, "Peak Memory Usage": 2983, "Plans": [{"Node Type": "Index Scan", "Parent Relationship": "Outer", "Scan Direction": "Forward", "Index Name": "company_name_pkey", "Relation Name": "company_name", "Alias": "cn", "Startup Cost": 0.0, "Total Cost": 10501.39, "Plan Rows": 85170, "Plan Width": 4, "Actual Startup Time": 0.028, "Actual Total Time": 317.047, "Actual Rows": 84843, "Actual Loops": 1, "Filter": "((country_code)::text = '[us]'::text)", "Rows Removed by Filter": 150153}]}]}]}]}]}, {"Node Type": "Index Scan", "Parent Relationship": "Inner", "Scan Direction": "Forward", "Index Name": "person_id_aka_name", "Relation Name": "aka_name", "Alias": "a1", "Startup Cost": 0.0, "Total Cost": 68965.03, "Plan Rows": 901342, "Plan Width": 20, "Actual Startup Time": 0.077, "Actual Total Time": 1904.264, "Actual Rows": 3063953, "Actual Loops": 1}]}, {"Node Type": "Index Scan", "Parent Relationship": "Inner", "Scan Direction": "Forward", "Index Name": "name_pkey", "Relation Name": "name", "Alias": "n1", "Startup Cost": 0.0, "Total Cost": 0.28, "Plan Rows": 1, "Plan Width": 4, "Actual Startup Time": 6401.209, "Actual Total Time": 6401.209, "Actual Rows": 2487611, "Actual Loops": 2487611, "Index Cond": "(id = ci.person_id)", "Rows Removed by Index Recheck": 0}]}]}, "Triggers": [], "Planner Runtime": 73, "Total Runtime": 25457.897, "Unique SQL Id": 2457761703}}, "(1, 78)": {"explain_plan": {"Plan": {"Node Type": "Aggregate", "Strategy": "Plain", "Startup Cost": 1144362.67, "Total Cost": 1144362.68, "Plan Rows": 1, "Plan Width": 97, "Plans": [{"Node Type": "Hash Join", "Parent Relationship": "Outer", "Join Type": "Inner", "Startup Cost": 1115325.41, "Total Cost": 1142577.18, "Plan Rows": 357098, "Plan Width": 33, "Inner Unique": false, "Hash Cond": "(a1.person_id = n1.id), (LLVM Optimized)", "Plans": [{"Node Type": "Seq Scan", "Parent Relationship": "Outer", "Relation Name": "aka_name", "Alias": "a1", "Startup Cost": 0.0, "Total Cost": 19908.42, "Plan Rows": 901342, "Plan Width": 20}, {"Node Type": "Hash", "Parent Relationship": "Inner", "Startup Cost": 1106444.67, "Total Cost": 1106444.67, "Plan Rows": 710459, "Plan Width": 25, "Plans": [{"Node Type": "Hash Join", "Parent Relationship": "Outer", "Join Type": "Inner", "Startup Cost": 341893.04, "Total Cost": 1106444.67, "Plan Rows": 710459, "Plan Width": 25, "Inner Unique": true, "Hash Cond": "(ci.person_id = n1.id), (LLVM Optimized)", "Plans": [{"Node Type": "Hash Join", "Parent Relationship": "Outer", "Join Type": "Inner", "Startup Cost": 196727.52, "Total Cost": 951510.34, "Plan Rows": 710459, "Plan Width": 21, "Inner Unique": false, "Hash Cond": "(ci.movie_id = t.id), (LLVM Optimized)", "Plans": [{"Node Type": "Hash Join", "Parent Relationship": "Outer", "Join Type": "Inner", "Startup Cost": 1.16, "Total Cost": 725717.64, "Plan Rows": 3296318, "Plan Width": 8, "Inner Unique": true, "Hash Cond": "(ci.role_id = rt.id), (LLVM Optimized)", "Plans": [{"Node Type": "Seq Scan", "Parent Relationship": "Outer", "Relation Name": "cast_info", "Alias": "ci", "Startup Cost": 0.0, "Total Cost": 601877.94, "Plan Rows": 36259494, "Plan Width": 12}, {"Node Type": "Hash", "Parent Relationship": "Inner", "Startup Cost": 1.15, "Total Cost": 1.15, "Plan Rows": 1, "Plan Width": 4, "Plans": [{"Node Type": "Seq Scan", "Parent Relationship": "Outer", "Relation Name": "role_type", "Alias": "rt", "Startup Cost": 0.0, "Total Cost": 1.15, "Plan Rows": 1, "Plan Width": 4, "Filter": "((role)::text = 'writer'::text)"}]}]}, {"Node Type": "Hash", "Parent Relationship": "Inner", "Startup Cost": 180697.47, "Total Cost": 180697.47, "Plan Rows": 1282311, "Plan Width": 25, "Plans": [{"Node Type": "Hash Join", "Parent Relationship": "Outer", "Join Type": "Inner", "Startup Cost": 98641.07, "Total Cost": 180697.47, "Plan Rows": 1282311, "Plan Width": 25, "Inner Unique": true, "Hash Cond": "(mc.movie_id = t.id), (LLVM Optimized)", "Plans": [{"Node Type": "Hash Join", "Parent Relationship": "Outer", "Join Type": "Inner", "Startup Cost": 6968.08, "Total Cost": 71392.69, "Plan Rows": 1282311, "Plan Width": 4, "Inner Unique": true, "Hash Cond": "(mc.company_id = cn.id), (LLVM Optimized)", "Plans": [{"Node Type": "Seq Scan", "Parent Relationship": "Outer", "Relation Name": "movie_companies", "Alias": "mc", "Startup Cost": 0.0, "Total Cost": 41817.28, "Plan Rows": 2609128, "Plan Width": 8}, {"Node Type": "Hash", "Parent Relationship": "Inner", "Startup Cost": 5903.45, "Total Cost": 5903.45, "Plan Rows": 85170, "Plan Width": 4, "Plans": [{"Node Type": "Seq Scan", "Parent Relationship": "Outer", "Relation Name": "company_name", "Alias": "cn", "Startup Cost": 0.0, "Total Cost": 5903.45, "Plan Rows": 85170, "Plan Width": 4, "Filter": "((country_code)::text = '[us]'::text)"}]}]}, {"Node Type": "Hash", "Parent Relationship": "Inner", "Startup Cost": 60069.11, "Total Cost": 60069.11, "Plan Rows": 2528311, "Plan Width": 21, "Plans": [{"Node Type": "Seq Scan", "Parent Relationship": "Outer", "Relation Name": "title", "Alias": "t", "Startup Cost": 0.0, "Total Cost": 60069.11, "Plan Rows": 2528311, "Plan Width": 21}]}]}]}]}, {"Node Type": "Hash", "Parent Relationship": "Inner", "Startup Cost": 93071.9, "Total Cost": 93071.9, "Plan Rows": 4167490, "Plan Width": 4, "Plans": [{"Node Type": "Seq Scan", "Parent Relationship": "Outer", "Relation Name": "name", "Alias": "n1", "Startup Cost": 0.0, "Total Cost": 93071.9, "Plan Rows": 4167490, "Plan Width": 4}]}]}]}]}]}, "Unique SQL Id": 2457761703, "Planner Runtime": 65}, "explain_analyze_plan": null}, "(1, 79)": {"explain_plan": {"Plan": {"Node Type": "Aggregate", "Strategy": "Plain", "Startup Cost": 6720948132520.17, "Total Cost": 6720948132520.18, "Plan Rows": 1, "Plan Width": 97, "Plans": [{"Node Type": "Hash Join", "Parent Relationship": "Outer", "Join Type": "Inner", "Startup Cost": 4029125744837.46, "Total Cost": 6720948130734.68, "Plan Rows": 357098, "Plan Width": 33, "Inner Unique": false, "Hash Cond": "(ci.movie_id = t.id), (LLVM Optimized)", "Plans": [{"Node Type": "Hash Join", "Parent Relationship": "Outer", "Join Type": "Inner", "Startup Cost": 1030049898442.37, "Total Cost": 3721872271248.76, "Plan Rows": 1484588, "Plan Width": 20, "Inner Unique": true, "Hash Cond": "(ci.role_id = rt.id), (LLVM Optimized)", "Plans": [{"Node Type": "Merge Join", "Parent Relationship": "Outer", "Join Type": "Inner", "Startup Cost": 30049897196.36, "Total Cost": 2721872214228.63, "Plan Rows": 16330470, "Plan Width": 24, "Inner Unique": false, "Merge Cond": "(a1.person_id = ci.person_id)", "Plans": [{"Node Type": "Merge Join", "Parent Relationship": "Outer", "Join Type": "Inner", "Startup Cost": 20030754356.47, "Total Cost": 2000007674895.99, "Plan Rows": 901342, "Plan Width": 24, "Inner Unique": true, "Merge Cond": "(a1.person_id = n1.id)", "Plans": [{"Node Type": "Index Scan", "Parent Relationship": "Outer", "Scan Direction": "Forward", "Index Name": "person_id_aka_name", "Relation Name": "aka_name", "Alias": "a1", "Startup Cost": 10000000000.0, "Total Cost": 1000006896503.43, "Plan Rows": 901342, "Plan Width": 20}, {"Node Type": "Index Scan", "Parent Relationship": "Inner", "Scan Direction": "Forward", "Index Name": "name_pkey", "Relation Name": "name", "Alias": "n1", "Startup Cost": 10000000000.0, "Total Cost": 1000017623274.7, "Plan Rows": 4167490, "Plan Width": 4}]}, {"Node Type": "Index Scan", "Parent Relationship": "Inner", "Scan Direction": "Forward", "Index Name": "person_id_cast_info", "Relation Name": "cast_info", "Alias": "ci", "Startup Cost": 10000000000.0, "Total Cost": 1000170648833.21, "Plan Rows": 36259494, "Plan Width": 12}]}, {"Node Type": "Hash", "Parent Relationship": "Inner", "Startup Cost": 1000000001246.0, "Total Cost": 1000000001246.0, "Plan Rows": 1, "Plan Width": 4, "Plans": [{"Node Type": "Index Scan", "Parent Relationship": "Outer", "Scan Direction": "Forward", "Index Name": "role_type_pkey", "Relation Name": "role_type", "Alias": "rt", "Startup Cost": 10000000000.0, "Total Cost": 1000000001246.0, "Plan Rows": 1, "Plan Width": 4, "Filter": "((role)::text = 'writer'::text)"}]}]}, {"Node Type": "Hash", "Parent Relationship": "Inner", "Startup Cost": 2999075830366.2, "Total Cost": 2999075830366.2, "Plan Rows": 1282311, "Plan Width": 25, "Plans": [{"Node Type": "Merge Join", "Parent Relationship": "Outer", "Join Type": "Inner", "Startup Cost": 2010035495066.48, "Total Cost": 2999075830366.2, "Plan Rows": 1282311, "Plan Width": 25, "Inner Unique": true, "Merge Cond": "(mc.movie_id = t.id)", "Plans": [{"Node Type": "Sort", "Parent Relationship": "Outer", "Startup Cost": 2000013567140.28, "Total Cost": 2000013570346.05, "Plan Rows": 1282311, "Plan Width": 4, "Sort Key": ["mc.movie_id"], "Plans": [{"Node Type": "Merge Join", "Parent Relationship": "Outer", "Join Type": "Inner", "Startup Cost": 45724640147.62, "Total Cost": 2000013437047.81, "Plan Rows": 1282311, "Plan Width": 4, "Inner Unique": false, "Merge Cond": "(cn.id = mc.company_id)", "Plans": [{"Node Type": "Index Scan", "Parent Relationship": "Outer", "Scan Direction": "Forward", "Index Name": "company_name_pkey", "Relation Name": "company_name", "Alias": "cn", "Startup Cost": 10000000000.0, "Total Cost": 1000001050138.97, "Plan Rows": 85170, "Plan Width": 4, "Filter": "((country_code)::text = '[us]'::text)"}, {"Node Type": "Index Scan", "Parent Relationship": "Inner", "Scan Direction": "Forward", "Index Name": "company_id_movie_companies", "Relation Name": "movie_companies", "Alias": "mc", "Startup Cost": 10000000000.0, "Total Cost": 1000012367349.98, "Plan Rows": 2609128, "Plan Width": 8}]}]}, {"Node Type": "Index Scan", "Parent Relationship": "Inner", "Scan Direction": "Forward", "Index Name": "title_pkey", "Relation Name": "title", "Alias": "t", "Startup Cost": 10000000000.0, "Total Cost": 1000011012048.91, "Plan Rows": 2528311, "Plan Width": 21}]}]}]}]}, "Unique SQL Id": 2457761703, "Planner Runtime": 120}, "explain_analyze_plan": null}, "(1, 80)": {"explain_plan": {"Plan": {"Node Type": "Aggregate", "Strategy": "Plain", "Startup Cost": 1194615.66, "Total Cost": 1194615.67, "Plan Rows": 1, "Plan Width": 97, "Plans": [{"Node Type": "Nested Loop", "Parent Relationship": "Outer", "Join Type": "Inner", "Startup Cost": 920804.93, "Total Cost": 1192830.17, "Plan Rows": 357098, "Plan Width": 33, "Inner Unique": true, "Join Filter": "(a1.person_id = n1.id), (LLVM Optimized)", "Plans": [{"Node Type": "Nested Loop", "Parent Relationship": "Outer", "Join Type": "Inner", "Startup Cost": 920804.93, "Total Cost": 1091336.23, "Plan Rows": 357098, "Plan Width": 41, "Inner Unique": true, "Plans": [{"Node Type": "Merge Join", "Parent Relationship": "Outer", "Join Type": "Inner", "Startup Cost": 920804.93, "Total Cost": 989533.89, "Plan Rows": 357379, "Plan Width": 32, "Inner Unique": false, "Merge Cond": "(a1.person_id = ci.person_id)", "Plans": [{"Node Type": "Index Scan", "Parent Relationship": "Outer", "Scan Direction": "Forward", "Index Name": "person_id_aka_name", "Relation Name": "aka_name", "Alias": "a1", "Startup Cost": 0.0, "Total Cost": 68965.03, "Plan Rows": 901342, "Plan Width": 20}, {"Node Type": "Sort", "Parent Relationship": "Inner", "Startup Cost": 920804.86, "Total Cost": 922582.4, "Plan Rows": 711018, "Plan Width": 12, "Sort Key": ["ci.person_id"], "Plans": [{"Node Type": "Merge Join", "Parent Relationship": "Outer", "Join Type": "Inner", "Startup Cost": 812099.84, "Total Cost": 851695.59, "Plan Rows": 711018, "Plan Width": 12, "Inner Unique": false, "Merge Cond": "(mc.movie_id = ci.movie_id)", "Plans": [{"Node Type": "Sort", "Parent Relationship": "Outer", "Startup Cost": 283826.21, "Total Cost": 287031.99, "Plan Rows": 1282311, "Plan Width": 4, "Sort Key": ["mc.movie_id"], "Plans": [{"Node Type": "Merge Join", "Parent Relationship": "Outer", "Join Type": "Inner", "Startup Cost": 3383.04, "Total Cost": 153733.74, "Plan Rows": 1282311, "Plan Width": 4, "Inner Unique": false, "Merge Cond": "(cn.id = mc.company_id)", "Plans": [{"Node Type": "Index Scan", "Parent Relationship": "Outer", "Scan Direction": "Forward", "Index Name": "company_name_pkey", "Relation Name": "company_name", "Alias": "cn", "Startup Cost": 0.0, "Total Cost": 10501.39, "Plan Rows": 85170, "Plan Width": 4, "Filter": "((country_code)::text = '[us]'::text)"}, {"Node Type": "Index Scan", "Parent Relationship": "Inner", "Scan Direction": "Forward", "Index Name": "company_id_movie_companies", "Relation Name": "movie_companies", "Alias": "mc", "Startup Cost": 0.0, "Total Cost": 123673.5, "Plan Rows": 2609128, "Plan Width": 8}]}]}, {"Node Type": "Sort", "Parent Relationship": "Inner", "Startup Cost": 528273.31, "Total Cost": 536514.11, "Plan Rows": 3296318, "Plan Width": 8, "Sort Key": ["ci.movie_id"], "Plans": [{"Node Type": "Nested Loop", "Parent Relationship": "Outer", "Join Type": "Inner", "Startup Cost": 0.0, "Total Cost": 171406.94, "Plan Rows": 3296318, "Plan Width": 8, "Inner Unique": false, "Plans": [{"Node Type": "Seq Scan", "Parent Relationship": "Outer", "Relation Name": "role_type", "Alias": "rt", "Startup Cost": 0.0, "Total Cost": 1.15, "Plan Rows": 1, "Plan Width": 4, "Filter": "((role)::text = 'writer'::text)"}, {"Node Type": "Index Scan", "Parent Relationship": "Inner", "Scan Direction": "Forward", "Index Name": "role_id_cast_info", "Relation Name": "cast_info", "Alias": "ci", "Startup Cost": 0.0, "Total Cost": 138442.61, "Plan Rows": 3296318, "Plan Width": 12, "Index Cond": "(role_id = rt.id), (LLVM Optimized)"}]}]}]}]}]}, {"Node Type": "Index Scan", "Parent Relationship": "Inner", "Scan Direction": "Forward", "Index Name": "title_pkey", "Relation Name": "title", "Alias": "t", "Startup Cost": 0.0, "Total Cost": 0.27, "Plan Rows": 1, "Plan Width": 21, "Index Cond": "(id = ci.movie_id)"}]}, {"Node Type": "Index Only Scan", "Parent Relationship": "Inner", "Scan Direction": "Forward", "Index Name": "name_pkey", "Relation Name": "name", "Alias": "n1", "Startup Cost": 0.0, "Total Cost": 0.27, "Plan Rows": 1, "Plan Width": 4, "Index Cond": "(id = ci.person_id)"}]}]}, "Unique SQL Id": 2457761703, "Planner Runtime": 41}, "explain_analyze_plan": null}, "(1, 81)": {"explain_plan": {"Plan": {"Node Type": "Aggregate", "Strategy": "Plain", "Startup Cost": 1194626.97, "Total Cost": 1194626.98, "Plan Rows": 1, "Plan Width": 97, "Plans": [{"Node Type": "Nested Loop", "Parent Relationship": "Outer", "Join Type": "Inner", "Startup Cost": 920816.24, "Total Cost": 1192841.48, "Plan Rows": 357098, "Plan Width": 33, "Inner Unique": true, "Join Filter": "(a1.person_id = n1.id), (LLVM Optimized)", "Plans": [{"Node Type": "Nested Loop", "Parent Relationship": "Outer", "Join Type": "Inner", "Startup Cost": 920816.24, "Total Cost": 1091347.54, "Plan Rows": 357098, "Plan Width": 41, "Inner Unique": true, "Plans": [{"Node Type": "Merge Join", "Parent Relationship": "Outer", "Join Type": "Inner", "Startup Cost": 920816.24, "Total Cost": 989545.2, "Plan Rows": 357379, "Plan Width": 32, "Inner Unique": false, "Merge Cond": "(ci.person_id = a1.person_id)", "Plans": [{"Node Type": "Sort", "Parent Relationship": "Outer", "Startup Cost": 920816.17, "Total Cost": 922593.71, "Plan Rows": 711018, "Plan Width": 12, "Sort Key": ["ci.person_id"], "Plans": [{"Node Type": "Merge Join", "Parent Relationship": "Outer", "Join Type": "Inner", "Startup Cost": 812111.15, "Total Cost": 851706.9, "Plan Rows": 711018, "Plan Width": 12, "Inner Unique": false, "Merge Cond": "(mc.movie_id = ci.movie_id)", "Plans": [{"Node Type": "Sort", "Parent Relationship": "Outer", "Startup Cost": 283826.21, "Total Cost": 287031.99, "Plan Rows": 1282311, "Plan Width": 4, "Sort Key": ["mc.movie_id"], "Plans": [{"Node Type": "Merge Join", "Parent Relationship": "Outer", "Join Type": "Inner", "Startup Cost": 3383.04, "Total Cost": 153733.74, "Plan Rows": 1282311, "Plan Width": 4, "Inner Unique": false, "Merge Cond": "(cn.id = mc.company_id)", "Plans": [{"Node Type": "Index Scan", "Parent Relationship": "Outer", "Scan Direction": "Forward", "Index Name": "company_name_pkey", "Relation Name": "company_name", "Alias": "cn", "Startup Cost": 0.0, "Total Cost": 10501.39, "Plan Rows": 85170, "Plan Width": 4, "Filter": "((country_code)::text = '[us]'::text)"}, {"Node Type": "Index Scan", "Parent Relationship": "Inner", "Scan Direction": "Forward", "Index Name": "company_id_movie_companies", "Relation Name": "movie_companies", "Alias": "mc", "Startup Cost": 0.0, "Total Cost": 123673.5, "Plan Rows": 2609128, "Plan Width": 8}]}]}, {"Node Type": "Sort", "Parent Relationship": "Inner", "Startup Cost": 528284.62, "Total Cost": 536525.42, "Plan Rows": 3296318, "Plan Width": 8, "Sort Key": ["ci.movie_id"], "Plans": [{"Node Type": "Nested Loop", "Parent Relationship": "Outer", "Join Type": "Inner", "Startup Cost": 0.0, "Total Cost": 171418.25, "Plan Rows": 3296318, "Plan Width": 8, "Inner Unique": false, "Plans": [{"Node Type": "Index Scan", "Parent Relationship": "Outer", "Scan Direction": "Forward", "Index Name": "role_type_pkey", "Relation Name": "role_type", "Alias": "rt", "Startup Cost": 0.0, "Total Cost": 12.46, "Plan Rows": 1, "Plan Width": 4, "Filter": "((role)::text = 'writer'::text)"}, {"Node Type": "Index Scan", "Parent Relationship": "Inner", "Scan Direction": "Forward", "Index Name": "role_id_cast_info", "Relation Name": "cast_info", "Alias": "ci", "Startup Cost": 0.0, "Total Cost": 138442.61, "Plan Rows": 3296318, "Plan Width": 12, "Index Cond": "(role_id = rt.id), (LLVM Optimized)"}]}]}]}]}, {"Node Type": "Index Scan", "Parent Relationship": "Inner", "Scan Direction": "Forward", "Index Name": "person_id_aka_name", "Relation Name": "aka_name", "Alias": "a1", "Startup Cost": 0.0, "Total Cost": 68965.03, "Plan Rows": 901342, "Plan Width": 20}]}, {"Node Type": "Index Scan", "Parent Relationship": "Inner", "Scan Direction": "Forward", "Index Name": "title_pkey", "Relation Name": "title", "Alias": "t", "Startup Cost": 0.0, "Total Cost": 0.27, "Plan Rows": 1, "Plan Width": 21, "Index Cond": "(id = ci.movie_id)"}]}, {"Node Type": "Index Only Scan", "Parent Relationship": "Inner", "Scan Direction": "Forward", "Index Name": "name_pkey", "Relation Name": "name", "Alias": "n1", "Startup Cost": 0.0, "Total Cost": 0.27, "Plan Rows": 1, "Plan Width": 4, "Index Cond": "(id = ci.person_id)"}]}]}, "Unique SQL Id": 2457761703, "Planner Runtime": 38}, "explain_analyze_plan": null}, "(1, 82)": {"explain_plan": {"Plan": {"Node Type": "Aggregate", "Strategy": "Plain", "Startup Cost": 2392979.77, "Total Cost": 2392979.78, "Plan Rows": 1, "Plan Width": 97, "Plans": [{"Node Type": "Merge Join", "Parent Relationship": "Outer", "Join Type": "Inner", "Startup Cost": 2355249.79, "Total Cost": 2391194.28, "Plan Rows": 357098, "Plan Width": 33, "Inner Unique": true, "Merge Cond": "(a1.person_id = n1.id)", "Plans": [{"Node Type": "Merge Join", "Parent Relationship": "Outer", "Join Type": "Inner", "Startup Cost": 1803946.44, "Total Cost": 1814590.46, "Plan Rows": 357098, "Plan Width": 41, "Inner Unique": false, "Merge Cond": "(ci.person_id = a1.person_id)", "Plans": [{"Node Type": "Sort", "Parent Relationship": "Outer", "Startup Cost": 1694887.5, "Total Cost": 1696663.64, "Plan Rows": 710459, "Plan Width": 21, "Sort Key": ["ci.person_id"], "Plans": [{"Node Type": "Merge Join", "Parent Relationship": "Outer", "Join Type": "Inner", "Startup Cost": 1564728.72, "Total Cost": 1625836.59, "Plan Rows": 710459, "Plan Width": 21, "Inner Unique": true, "Merge Cond": "(ci.movie_id = t.id)", "Plans": [{"Node Type": "Merge Join", "Parent Relationship": "Outer", "Join Type": "Inner", "Startup Cost": 1235776.7, "Total Cost": 1275372.45, "Plan Rows": 711018, "Plan Width": 12, "Inner Unique": false, "Merge Cond": "(mc.movie_id = ci.movie_id)", "Plans": [{"Node Type": "Sort", "Parent Relationship": "Outer", "Startup Cost": 489151.99, "Total Cost": 492357.77, "Plan Rows": 1282311, "Plan Width": 4, "Sort Key": ["mc.movie_id"], "Plans": [{"Node Type": "Merge Join", "Parent Relationship": "Outer", "Join Type": "Inner", "Startup Cost": 333103.9, "Total Cost": 359059.52, "Plan Rows": 1282311, "Plan Width": 4, "Inner Unique": false, "Merge Cond": "(cn.id = mc.company_id)", "Plans": [{"Node Type": "Sort", "Parent Relationship": "Outer", "Startup Cost": 12878.05, "Total Cost": 13090.97, "Plan Rows": 85170, "Plan Width": 4, "Sort Key": ["cn.id"], "Plans": [{"Node Type": "Seq Scan", "Parent Relationship": "Outer", "Relation Name": "company_name", "Alias": "cn", "Startup Cost": 0.0, "Total Cost": 5903.45, "Plan Rows": 85170, "Plan Width": 4, "Filter": "((country_code)::text = '[us]'::text)"}]}, {"Node Type": "Sort", "Parent Relationship": "Inner", "Startup Cost": 319886.87, "Total Cost": 326409.69, "Plan Rows": 2609128, "Plan Width": 8, "Sort Key": ["mc.company_id"], "Plans": [{"Node Type": "Seq Scan", "Parent Relationship": "Outer", "Relation Name": "movie_companies", "Alias": "mc", "Startup Cost": 0.0, "Total Cost": 41817.28, "Plan Rows": 2609128, "Plan Width": 8}]}]}]}, {"Node Type": "Sort", "Parent Relationship": "Inner", "Startup Cost": 746624.39, "Total Cost": 754865.19, "Plan Rows": 3296318, "Plan Width": 8, "Sort Key": ["ci.movie_id"], "Plans": [{"Node Type": "Nested Loop", "Parent Relationship": "Outer", "Join Type": "Inner", "Startup Cost": 76306.71, "Total Cost": 389758.02, "Plan Rows": 3296318, "Plan Width": 8, "Inner Unique": false, "Plans": [{"Node Type": "Seq Scan", "Parent Relationship": "Outer", "Relation Name": "role_type", "Alias": "rt", "Startup Cost": 0.0, "Total Cost": 1.15, "Plan Rows": 1, "Plan Width": 4, "Filter": "((role)::text = 'writer'::text)"}, {"Node Type": "Bitmap Heap Scan", "Parent Relationship": "Inner", "Relation Name": "cast_info", "Alias": "ci", "Startup Cost": 76306.71, "Total Cost": 356793.69, "Plan Rows": 3296318, "Plan Width": 12, "Recheck Cond": "(role_id = rt.id), (LLVM Optimized)", "Plans": [{"Node Type": "Bitmap Index Scan", "Parent Relationship": "Outer", "Index Name": "role_id_cast_info", "Startup Cost": 0.0, "Total Cost": 75482.63, "Plan Rows": 3296318, "Plan Width": 0, "Index Cond": "(role_id = rt.id)"}]}]}]}]}, {"Node Type": "Sort", "Parent Relationship": "Inner", "Startup Cost": 328951.73, "Total Cost": 335272.51, "Plan Rows": 2528311, "Plan Width": 21, "Sort Key": ["t.id"], "Plans": [{"Node Type": "Seq Scan", "Parent Relationship": "Outer", "Relation Name": "title", "Alias": "t", "Startup Cost": 0.0, "Total Cost": 60069.11, "Plan Rows": 2528311, "Plan Width": 21}]}]}]}, {"Node Type": "Sort", "Parent Relationship": "Inner", "Startup Cost": 109058.87, "Total Cost": 111312.23, "Plan Rows": 901342, "Plan Width": 20, "Sort Key": ["a1.person_id"], "Plans": [{"Node Type": "Seq Scan", "Parent Relationship": "Outer", "Relation Name": "aka_name", "Alias": "a1", "Startup Cost": 0.0, "Total Cost": 19908.42, "Plan Rows": 901342, "Plan Width": 20}]}]}, {"Node Type": "Sort", "Parent Relationship": "Inner", "Startup Cost": 551303.0, "Total Cost": 561721.72, "Plan Rows": 4167490, "Plan Width": 4, "Sort Key": ["n1.id"], "Plans": [{"Node Type": "Seq Scan", "Parent Relationship": "Outer", "Relation Name": "name", "Alias": "n1", "Startup Cost": 0.0, "Total Cost": 93071.9, "Plan Rows": 4167490, "Plan Width": 4}]}]}]}, "Unique SQL Id": 2457761703, "Planner Runtime": 36}, "explain_analyze_plan": {"Plan": {"Node Type": "Aggregate", "Strategy": "Plain", "Startup Cost": 2392979.77, "Total Cost": 2392979.78, "Plan Rows": 1, "Plan Width": 97, "Actual Startup Time": 19390.482, "Actual Total Time": 19390.482, "Actual Rows": 1, "Actual Loops": 1, "Plans": [{"Node Type": "Merge Join", "Parent Relationship": "Outer", "Join Type": "Inner", "Startup Cost": 2355249.79, "Total Cost": 2391194.28, "Plan Rows": 357098, "Plan Width": 33, "Actual Startup Time": 14821.804, "Actual Total Time": 18157.819, "Actual Rows": 2487611, "Actual Loops": 1, "Inner Unique": true, "Merge Cond": "(a1.person_id = n1.id)", "Plans": [{"Node Type": "Merge Join", "Parent Relationship": "Outer", "Join Type": "Inner", "Startup Cost": 1803946.44, "Total Cost": 1814590.46, "Plan Rows": 357098, "Plan Width": 41, "Actual Startup Time": 12016.356, "Actual Total Time": 13812.722, "Actual Rows": 2487611, "Actual Loops": 1, "Inner Unique": false, "Merge Cond": "(ci.person_id = a1.person_id)", "Plans": [{"Node Type": "Sort", "Parent Relationship": "Outer", "Startup Cost": 1694887.5, "Total Cost": 1696663.64, "Plan Rows": 710459, "Plan Width": 21, "Actual Startup Time": 11390.335, "Actual Total Time": 11868.405, "Actual Rows": 1970658, "Actual Loops": 1, "Sort Key": ["ci.person_id"], "Sort Method": "quicksort", "Sort Space Used": 240236, "Sort Space Type": "Memory", "Plans": [{"Node Type": "Merge Join", "Parent Relationship": "Outer", "Join Type": "Inner", "Startup Cost": 1564728.72, "Total Cost": 1625836.59, "Plan Rows": 710459, "Plan Width": 21, "Actual Startup Time": 7557.401, "Actual Total Time": 10688.396, "Actual Rows": 1970658, "Actual Loops": 1, "Inner Unique": true, "Merge Cond": "(ci.movie_id = t.id)", "Plans": [{"Node Type": "Merge Join", "Parent Relationship": "Outer", "Join Type": "Inner", "Startup Cost": 1235776.7, "Total Cost": 1275372.45, "Plan Rows": 711018, "Plan Width": 12, "Actual Startup Time": 5735.437, "Actual Total Time": 7465.464, "Actual Rows": 1970658, "Actual Loops": 1, "Inner Unique": false, "Merge Cond": "(mc.movie_id = ci.movie_id)", "Plans": [{"Node Type": "Sort", "Parent Relationship": "Outer", "Startup Cost": 489151.99, "Total Cost": 492357.77, "Plan Rows": 1282311, "Plan Width": 4, "Actual Startup Time": 3174.852, "Actual Total Time": 3408.436, "Actual Rows": 1153797, "Actual Loops": 1, "Sort Key": ["mc.movie_id"], "Sort Method": "quicksort", "Sort Space Used": 121265, "Sort Space Type": "Memory", "Plans": [{"Node Type": "Merge Join", "Parent Relationship": "Outer", "Join Type": "Inner", "Startup Cost": 333103.9, "Total Cost": 359059.52, "Plan Rows": 1282311, "Plan Width": 4, "Actual Startup Time": 1702.826, "Actual Total Time": 2761.189, "Actual Rows": 1153797, "Actual Loops": 1, "Inner Unique": false, "Merge Cond": "(cn.id = mc.company_id)", "Plans": [{"Node Type": "Sort", "Parent Relationship": "Outer", "Startup Cost": 12878.05, "Total Cost": 13090.97, "Plan Rows": 85170, "Plan Width": 4, "Actual Startup Time": 119.702, "Actual Total Time": 137.949, "Actual Rows": 84843, "Actual Loops": 1, "Sort Key": ["cn.id"], "Sort Method": "quicksort", "Sort Space Used": 8375, "Sort Space Type": "Memory", "Plans": [{"Node Type": "Seq Scan", "Parent Relationship": "Outer", "Relation Name": "company_name", "Alias": "cn", "Startup Cost": 0.0, "Total Cost": 5903.45, "Plan Rows": 85170, "Plan Width": 4, "Actual Startup Time": 0.028, "Actual Total Time": 88.887, "Actual Rows": 84843, "Actual Loops": 1, "Filter": "((country_code)::text = '[us]'::text)", "Rows Removed by Filter": 150153}]}, {"Node Type": "Sort", "Parent Relationship": "Inner", "Startup Cost": 319886.87, "Total Cost": 326409.69, "Plan Rows": 2609128, "Plan Width": 8, "Actual Startup Time": 1583.108, "Actual Total Time": 2115.893, "Actual Rows": 2609128, "Actual Loops": 1, "Sort Key": ["mc.company_id"], "Sort Method": "quicksort", "Sort Space Used": 261375, "Sort Space Type": "Memory", "Plans": [{"Node Type": "Seq Scan", "Parent Relationship": "Outer", "Relation Name": "movie_companies", "Alias": "mc", "Startup Cost": 0.0, "Total Cost": 41817.28, "Plan Rows": 2609128, "Plan Width": 8, "Actual Startup Time": 0.043, "Actual Total Time": 707.462, "Actual Rows": 2609128, "Actual Loops": 1}]}]}]}, {"Node Type": "Sort", "Parent Relationship": "Inner", "Startup Cost": 746624.39, "Total Cost": 754865.19, "Plan Rows": 3296318, "Plan Width": 8, "Actual Startup Time": 2560.541, "Actual Total Time": 3124.908, "Actual Rows": 3863824, "Actual Loops": 1, "Sort Key": ["ci.movie_id"], "Sort Method": "quicksort", "Sort Space Used": 268863, "Sort Space Type": "Memory", "Plans": [{"Node Type": "Nested Loop", "Parent Relationship": "Outer", "Join Type": "Inner", "Startup Cost": 76306.71, "Total Cost": 389758.02, "Plan Rows": 3296318, "Plan Width": 8, "Actual Startup Time": 341.733, "Actual Total Time": 1604.125, "Actual Rows": 2728943, "Actual Loops": 1, "Inner Unique": false, "Plans": [{"Node Type": "Seq Scan", "Parent Relationship": "Outer", "Relation Name": "role_type", "Alias": "rt", "Startup Cost": 0.0, "Total Cost": 1.15, "Plan Rows": 1, "Plan Width": 4, "Actual Startup Time": 0.054, "Actual Total Time": 0.078, "Actual Rows": 1, "Actual Loops": 1, "Filter": "((role)::text = 'writer'::text)", "Rows Removed by Filter": 11}, {"Node Type": "Bitmap Heap Scan", "Parent Relationship": "Inner", "Relation Name": "cast_info", "Alias": "ci", "Startup Cost": 76306.71, "Total Cost": 356793.69, "Plan Rows": 3296318, "Plan Width": 12, "Actual Startup Time": 341.658, "Actual Total Time": 1131.254, "Actual Rows": 2728943, "Actual Loops": 1, "Recheck Cond": "(role_id = rt.id), (LLVM Optimized, Jit Execute)", "Rows Removed by Index Recheck": 0, "Exact Heap Blocks": 19177, "Lossy Heap Blocks": 19177, "Plans": [{"Node Type": "Bitmap Index Scan", "Parent Relationship": "Outer", "Index Name": "role_id_cast_info", "Startup Cost": 0.0, "Total Cost": 75482.63, "Plan Rows": 3296318, "Plan Width": 0, "Actual Startup Time": 337.319, "Actual Total Time": 337.319, "Actual Rows": 2728943, "Actual Loops": 1, "Index Cond": "(role_id = rt.id)"}]}]}]}]}, {"Node Type": "Sort", "Parent Relationship": "Inner", "Startup Cost": 328951.73, "Total Cost": 335272.51, "Plan Rows": 2528311, "Plan Width": 21, "Actual Startup Time": 1821.928, "Actual Total Time": 2299.134, "Actual Rows": 2525743, "Actual Loops": 1, "Sort Key": ["t.id"], "Sort Method": "quicksort", "Sort Space Used": 344074, "Sort Space Type": "Memory", "Plans": [{"Node Type": "Seq Scan", "Parent Relationship": "Outer", "Relation Name": "title", "Alias": "t", "Startup Cost": 0.0, "Total Cost": 60069.11, "Plan Rows": 2528311, "Plan Width": 21, "Actual Startup Time": 0.048, "Actual Total Time": 753.592, "Actual Rows": 2528311, "Actual Loops": 1}]}]}]}, {"Node Type": "Sort", "Parent Relationship": "Inner", "Startup Cost": 109058.87, "Total Cost": 111312.23, "Plan Rows": 901342, "Plan Width": 20, "Actual Startup Time": 625.927, "Actual Total Time": 918.048, "Actual Rows": 3063953, "Actual Loops": 1, "Sort Key": ["a1.person_id"], "Sort Method": "quicksort", "Sort Space Used": 109040, "Sort Space Type": "Memory", "Plans": [{"Node Type": "Seq Scan", "Parent Relationship": "Outer", "Relation Name": "aka_name", "Alias": "a1", "Startup Cost": 0.0, "Total Cost": 19908.42, "Plan Rows": 901342, "Plan Width": 20, "Actual Startup Time": 0.059, "Actual Total Time": 262.213, "Actual Rows": 901342, "Actual Loops": 1}]}]}, {"Node Type": "Sort", "Parent Relationship": "Inner", "Startup Cost": 551303.0, "Total Cost": 561721.72, "Plan Rows": 4167490, "Plan Width": 4, "Actual Startup Time": 2805.417, "Actual Total Time": 3337.729, "Actual Rows": 3228264, "Actual Loops": 1, "Sort Key": ["n1.id"], "Sort Method": "quicksort", "Sort Space Used": 358773, "Sort Space Type": "Memory", "Plans": [{"Node Type": "Seq Scan", "Parent Relationship": "Outer", "Relation Name": "name", "Alias": "n1", "Startup Cost": 0.0, "Total Cost": 93071.9, "Plan Rows": 4167490, "Plan Width": 4, "Actual Startup Time": 0.039, "Actual Total Time": 1240.636, "Actual Rows": 4167490, "Actual Loops": 1}]}]}]}, "Triggers": [], "Planner Runtime": 37, "Total Runtime": 19400.242, "Unique SQL Id": 2457761703}}, "(1, 83)": {"explain_plan": {"Plan": {"Node Type": "Aggregate", "Strategy": "Plain", "Startup Cost": 1000069787565.86, "Total Cost": 1000069787565.87, "Plan Rows": 1, "Plan Width": 97, "Plans": [{"Node Type": "Nested Loop", "Parent Relationship": "Outer", "Join Type": "Inner", "Startup Cost": 10000000001.8, "Total Cost": 1000069785780.37, "Plan Rows": 357098, "Plan Width": 33, "Inner Unique": true, "Plans": [{"Node Type": "Nested Loop", "Parent Relationship": "Outer", "Join Type": "Inner", "Startup Cost": 10000000001.54, "Total Cost": 1000068255744.11, "Plan Rows": 357379, "Plan Width": 24, "Inner Unique": true, "Join Filter": "(a1.person_id = n1.id), (LLVM Optimized)", "Plans": [{"Node Type": "Nested Loop", "Parent Relationship": "Outer", "Join Type": "Inner", "Startup Cost": 10000000001.28, "Total Cost": 1000066724564.96, "Plan Rows": 357379, "Plan Width": 32, "Inner Unique": false, "Plans": [{"Node Type": "Nested Loop", "Parent Relationship": "Outer", "Join Type": "Inner", "Startup Cost": 10000000001.03, "Total Cost": 1000063680996.82, "Plan Rows": 711018, "Plan Width": 12, "Inner Unique": true, "Plans": [{"Node Type": "Nested Loop", "Parent Relationship": "Outer", "Join Type": "Inner", "Startup Cost": 10000000000.77, "Total Cost": 1000030184746.51, "Plan Rows": 7821201, "Plan Width": 16, "Inner Unique": false, "Plans": [{"Node Type": "Nested Loop", "Parent Relationship": "Outer", "Join Type": "Inner", "Startup Cost": 10000000000.26, "Total Cost": 1000024227793.07, "Plan Rows": 1282311, "Plan Width": 4, "Inner Unique": true, "Plans": [{"Node Type": "Index Scan", "Parent Relationship": "Outer", "Scan Direction": "Forward", "Index Name": "movie_id_movie_companies", "Relation Name": "movie_companies", "Alias": "mc", "Startup Cost": 10000000000.0, "Total Cost": 1000013051946.13, "Plan Rows": 2609128, "Plan Width": 8}, {"Node Type": "Bitmap Heap Scan", "Parent Relationship": "Inner", "Relation Name": "company_name", "Alias": "cn", "Startup Cost": 0.26, "Total Cost": 4.27, "Plan Rows": 1, "Plan Width": 4, "Recheck Cond": "(id = mc.company_id)", "Filter": "((country_code)::text = '[us]'::text)", "Plans": [{"Node Type": "Bitmap Index Scan", "Parent Relationship": "Outer", "Index Name": "company_name_pkey", "Startup Cost": 0.0, "Total Cost": 0.26, "Plan Rows": 1, "Plan Width": 0, "Index Cond": "(id = mc.company_id)"}]}]}, {"Node Type": "Bitmap Heap Scan", "Parent Relationship": "Inner", "Relation Name": "cast_info", "Alias": "ci", "Startup Cost": 0.51, "Total Cost": 4.59, "Plan Rows": 6, "Plan Width": 12, "Recheck Cond": "(movie_id = mc.movie_id)", "Plans": [{"Node Type": "Bitmap Index Scan", "Parent Relationship": "Outer", "Index Name": "movie_id_cast_info", "Startup Cost": 0.0, "Total Cost": 0.51, "Plan Rows": 6, "Plan Width": 0, "Index Cond": "(movie_id = mc.movie_id)"}]}]}, {"Node Type": "Bitmap Heap Scan", "Parent Relationship": "Inner", "Relation Name": "role_type", "Alias": "rt", "Startup Cost": 0.26, "Total Cost": 4.27, "Plan Rows": 1, "Plan Width": 4, "Recheck Cond": "(id = ci.role_id)", "Filter": "((role)::text = 'writer'::text)", "Plans": [{"Node Type": "Bitmap Index Scan", "Parent Relationship": "Outer", "Index Name": "role_type_pkey", "Startup Cost": 0.0, "Total Cost": 0.26, "Plan Rows": 1, "Plan Width": 0, "Index Cond": "(id = ci.role_id)"}]}]}, {"Node Type": "Bitmap Heap Scan", "Parent Relationship": "Inner", "Relation Name": "aka_name", "Alias": "a1", "Startup Cost": 0.26, "Total Cost": 4.27, "Plan Rows": 1, "Plan Width": 20, "Recheck Cond": "(person_id = ci.person_id)", "Plans": [{"Node Type": "Bitmap Index Scan", "Parent Relationship": "Outer", "Index Name": "person_id_aka_name", "Startup Cost": 0.0, "Total Cost": 0.26, "Plan Rows": 1, "Plan Width": 0, "Index Cond": "(person_id = ci.person_id)"}]}]}, {"Node Type": "Bitmap Heap Scan", "Parent Relationship": "Inner", "Relation Name": "name", "Alias": "n1", "Startup Cost": 0.26, "Total Cost": 4.27, "Plan Rows": 1, "Plan Width": 4, "Recheck Cond": "(id = ci.person_id)", "Plans": [{"Node Type": "Bitmap Index Scan", "Parent Relationship": "Outer", "Index Name": "name_pkey", "Startup Cost": 0.0, "Total Cost": 0.26, "Plan Rows": 1, "Plan Width": 0, "Index Cond": "(id = ci.person_id)"}]}]}, {"Node Type": "Bitmap Heap Scan", "Parent Relationship": "Inner", "Relation Name": "title", "Alias": "t", "Startup Cost": 0.26, "Total Cost": 4.27, "Plan Rows": 1, "Plan Width": 21, "Recheck Cond": "(id = ci.movie_id)", "Plans": [{"Node Type": "Bitmap Index Scan", "Parent Relationship": "Outer", "Index Name": "title_pkey", "Startup Cost": 0.0, "Total Cost": 0.26, "Plan Rows": 1, "Plan Width": 0, "Index Cond": "(id = ci.movie_id)"}]}]}]}, "Unique SQL Id": 2457761703, "Planner Runtime": 6}, "explain_analyze_plan": null}, "(1, 84)": {"explain_plan": {"Plan": {"Node Type": "Aggregate", "Strategy": "Plain", "Startup Cost": 1196640.37, "Total Cost": 1196640.38, "Plan Rows": 1, "Plan Width": 97, "Plans": [{"Node Type": "Nested Loop", "Parent Relationship": "Outer", "Join Type": "Inner", "Startup Cost": 920804.93, "Total Cost": 1194854.88, "Plan Rows": 357098, "Plan Width": 33, "Inner Unique": true, "Join Filter": "(a1.person_id = n1.id), (LLVM Optimized)", "Plans": [{"Node Type": "Nested Loop", "Parent Relationship": "Outer", "Join Type": "Inner", "Startup Cost": 920804.93, "Total Cost": 1091336.23, "Plan Rows": 357098, "Plan Width": 41, "Inner Unique": true, "Plans": [{"Node Type": "Merge Join", "Parent Relationship": "Outer", "Join Type": "Inner", "Startup Cost": 920804.93, "Total Cost": 989533.89, "Plan Rows": 357379, "Plan Width": 32, "Inner Unique": false, "Merge Cond": "(a1.person_id = ci.person_id)", "Plans": [{"Node Type": "Index Scan", "Parent Relationship": "Outer", "Scan Direction": "Forward", "Index Name": "person_id_aka_name", "Relation Name": "aka_name", "Alias": "a1", "Startup Cost": 0.0, "Total Cost": 68965.03, "Plan Rows": 901342, "Plan Width": 20}, {"Node Type": "Sort", "Parent Relationship": "Inner", "Startup Cost": 920804.86, "Total Cost": 922582.4, "Plan Rows": 711018, "Plan Width": 12, "Sort Key": ["ci.person_id"], "Plans": [{"Node Type": "Merge Join", "Parent Relationship": "Outer", "Join Type": "Inner", "Startup Cost": 812099.84, "Total Cost": 851695.59, "Plan Rows": 711018, "Plan Width": 12, "Inner Unique": false, "Merge Cond": "(mc.movie_id = ci.movie_id)", "Plans": [{"Node Type": "Sort", "Parent Relationship": "Outer", "Startup Cost": 283826.21, "Total Cost": 287031.99, "Plan Rows": 1282311, "Plan Width": 4, "Sort Key": ["mc.movie_id"], "Plans": [{"Node Type": "Merge Join", "Parent Relationship": "Outer", "Join Type": "Inner", "Startup Cost": 3383.04, "Total Cost": 153733.74, "Plan Rows": 1282311, "Plan Width": 4, "Inner Unique": false, "Merge Cond": "(cn.id = mc.company_id)", "Plans": [{"Node Type": "Index Scan", "Parent Relationship": "Outer", "Scan Direction": "Forward", "Index Name": "company_name_pkey", "Relation Name": "company_name", "Alias": "cn", "Startup Cost": 0.0, "Total Cost": 10501.39, "Plan Rows": 85170, "Plan Width": 4, "Filter": "((country_code)::text = '[us]'::text)"}, {"Node Type": "Index Scan", "Parent Relationship": "Inner", "Scan Direction": "Forward", "Index Name": "company_id_movie_companies", "Relation Name": "movie_companies", "Alias": "mc", "Startup Cost": 0.0, "Total Cost": 123673.5, "Plan Rows": 2609128, "Plan Width": 8}]}]}, {"Node Type": "Sort", "Parent Relationship": "Inner", "Startup Cost": 528273.31, "Total Cost": 536514.11, "Plan Rows": 3296318, "Plan Width": 8, "Sort Key": ["ci.movie_id"], "Plans": [{"Node Type": "Nested Loop", "Parent Relationship": "Outer", "Join Type": "Inner", "Startup Cost": 0.0, "Total Cost": 171406.94, "Plan Rows": 3296318, "Plan Width": 8, "Inner Unique": false, "Plans": [{"Node Type": "Seq Scan", "Parent Relationship": "Outer", "Relation Name": "role_type", "Alias": "rt", "Startup Cost": 0.0, "Total Cost": 1.15, "Plan Rows": 1, "Plan Width": 4, "Filter": "((role)::text = 'writer'::text)"}, {"Node Type": "Index Scan", "Parent Relationship": "Inner", "Scan Direction": "Forward", "Index Name": "role_id_cast_info", "Relation Name": "cast_info", "Alias": "ci", "Startup Cost": 0.0, "Total Cost": 138442.61, "Plan Rows": 3296318, "Plan Width": 12, "Index Cond": "(role_id = rt.id), (LLVM Optimized)"}]}]}]}]}]}, {"Node Type": "Index Scan", "Parent Relationship": "Inner", "Scan Direction": "Forward", "Index Name": "title_pkey", "Relation Name": "title", "Alias": "t", "Startup Cost": 0.0, "Total Cost": 0.27, "Plan Rows": 1, "Plan Width": 21, "Index Cond": "(id = ci.movie_id)"}]}, {"Node Type": "Index Scan", "Parent Relationship": "Inner", "Scan Direction": "Forward", "Index Name": "name_pkey", "Relation Name": "name", "Alias": "n1", "Startup Cost": 0.0, "Total Cost": 0.28, "Plan Rows": 1, "Plan Width": 4, "Index Cond": "(id = ci.person_id)"}]}]}, "Unique SQL Id": 2457761703, "Planner Runtime": 39}, "explain_analyze_plan": null}, "(1, 85)": {"explain_plan": {"Plan": {"Node Type": "Aggregate", "Strategy": "Plain", "Startup Cost": 1196651.68, "Total Cost": 1196651.69, "Plan Rows": 1, "Plan Width": 97, "Plans": [{"Node Type": "Nested Loop", "Parent Relationship": "Outer", "Join Type": "Inner", "Startup Cost": 920816.24, "Total Cost": 1194866.19, "Plan Rows": 357098, "Plan Width": 33, "Inner Unique": true, "Join Filter": "(a1.person_id = n1.id), (LLVM Optimized)", "Plans": [{"Node Type": "Nested Loop", "Parent Relationship": "Outer", "Join Type": "Inner", "Startup Cost": 920816.24, "Total Cost": 1091347.54, "Plan Rows": 357098, "Plan Width": 41, "Inner Unique": true, "Plans": [{"Node Type": "Merge Join", "Parent Relationship": "Outer", "Join Type": "Inner", "Startup Cost": 920816.24, "Total Cost": 989545.2, "Plan Rows": 357379, "Plan Width": 32, "Inner Unique": false, "Merge Cond": "(ci.person_id = a1.person_id)", "Plans": [{"Node Type": "Sort", "Parent Relationship": "Outer", "Startup Cost": 920816.17, "Total Cost": 922593.71, "Plan Rows": 711018, "Plan Width": 12, "Sort Key": ["ci.person_id"], "Plans": [{"Node Type": "Merge Join", "Parent Relationship": "Outer", "Join Type": "Inner", "Startup Cost": 812111.15, "Total Cost": 851706.9, "Plan Rows": 711018, "Plan Width": 12, "Inner Unique": false, "Merge Cond": "(mc.movie_id = ci.movie_id)", "Plans": [{"Node Type": "Sort", "Parent Relationship": "Outer", "Startup Cost": 283826.21, "Total Cost": 287031.99, "Plan Rows": 1282311, "Plan Width": 4, "Sort Key": ["mc.movie_id"], "Plans": [{"Node Type": "Merge Join", "Parent Relationship": "Outer", "Join Type": "Inner", "Startup Cost": 3383.04, "Total Cost": 153733.74, "Plan Rows": 1282311, "Plan Width": 4, "Inner Unique": false, "Merge Cond": "(cn.id = mc.company_id)", "Plans": [{"Node Type": "Index Scan", "Parent Relationship": "Outer", "Scan Direction": "Forward", "Index Name": "company_name_pkey", "Relation Name": "company_name", "Alias": "cn", "Startup Cost": 0.0, "Total Cost": 10501.39, "Plan Rows": 85170, "Plan Width": 4, "Filter": "((country_code)::text = '[us]'::text)"}, {"Node Type": "Index Scan", "Parent Relationship": "Inner", "Scan Direction": "Forward", "Index Name": "company_id_movie_companies", "Relation Name": "movie_companies", "Alias": "mc", "Startup Cost": 0.0, "Total Cost": 123673.5, "Plan Rows": 2609128, "Plan Width": 8}]}]}, {"Node Type": "Sort", "Parent Relationship": "Inner", "Startup Cost": 528284.62, "Total Cost": 536525.42, "Plan Rows": 3296318, "Plan Width": 8, "Sort Key": ["ci.movie_id"], "Plans": [{"Node Type": "Nested Loop", "Parent Relationship": "Outer", "Join Type": "Inner", "Startup Cost": 0.0, "Total Cost": 171418.25, "Plan Rows": 3296318, "Plan Width": 8, "Inner Unique": false, "Plans": [{"Node Type": "Index Scan", "Parent Relationship": "Outer", "Scan Direction": "Forward", "Index Name": "role_type_pkey", "Relation Name": "role_type", "Alias": "rt", "Startup Cost": 0.0, "Total Cost": 12.46, "Plan Rows": 1, "Plan Width": 4, "Filter": "((role)::text = 'writer'::text)"}, {"Node Type": "Index Scan", "Parent Relationship": "Inner", "Scan Direction": "Forward", "Index Name": "role_id_cast_info", "Relation Name": "cast_info", "Alias": "ci", "Startup Cost": 0.0, "Total Cost": 138442.61, "Plan Rows": 3296318, "Plan Width": 12, "Index Cond": "(role_id = rt.id), (LLVM Optimized)"}]}]}]}]}, {"Node Type": "Index Scan", "Parent Relationship": "Inner", "Scan Direction": "Forward", "Index Name": "person_id_aka_name", "Relation Name": "aka_name", "Alias": "a1", "Startup Cost": 0.0, "Total Cost": 68965.03, "Plan Rows": 901342, "Plan Width": 20}]}, {"Node Type": "Index Scan", "Parent Relationship": "Inner", "Scan Direction": "Forward", "Index Name": "title_pkey", "Relation Name": "title", "Alias": "t", "Startup Cost": 0.0, "Total Cost": 0.27, "Plan Rows": 1, "Plan Width": 21, "Index Cond": "(id = ci.movie_id)"}]}, {"Node Type": "Index Scan", "Parent Relationship": "Inner", "Scan Direction": "Forward", "Index Name": "name_pkey", "Relation Name": "name", "Alias": "n1", "Startup Cost": 0.0, "Total Cost": 0.28, "Plan Rows": 1, "Plan Width": 4, "Index Cond": "(id = ci.person_id)"}]}]}, "Unique SQL Id": 2457761703, "Planner Runtime": 38}, "explain_analyze_plan": null}, "(1, 86)": {"explain_plan": {"Plan": {"Node Type": "Aggregate", "Strategy": "Plain", "Startup Cost": 2392979.77, "Total Cost": 2392979.78, "Plan Rows": 1, "Plan Width": 97, "Plans": [{"Node Type": "Merge Join", "Parent Relationship": "Outer", "Join Type": "Inner", "Startup Cost": 2355249.79, "Total Cost": 2391194.28, "Plan Rows": 357098, "Plan Width": 33, "Inner Unique": true, "Merge Cond": "(a1.person_id = n1.id)", "Plans": [{"Node Type": "Merge Join", "Parent Relationship": "Outer", "Join Type": "Inner", "Startup Cost": 1803946.44, "Total Cost": 1814590.46, "Plan Rows": 357098, "Plan Width": 41, "Inner Unique": false, "Merge Cond": "(ci.person_id = a1.person_id)", "Plans": [{"Node Type": "Sort", "Parent Relationship": "Outer", "Startup Cost": 1694887.5, "Total Cost": 1696663.64, "Plan Rows": 710459, "Plan Width": 21, "Sort Key": ["ci.person_id"], "Plans": [{"Node Type": "Merge Join", "Parent Relationship": "Outer", "Join Type": "Inner", "Startup Cost": 1564728.72, "Total Cost": 1625836.59, "Plan Rows": 710459, "Plan Width": 21, "Inner Unique": true, "Merge Cond": "(ci.movie_id = t.id)", "Plans": [{"Node Type": "Merge Join", "Parent Relationship": "Outer", "Join Type": "Inner", "Startup Cost": 1235776.7, "Total Cost": 1275372.45, "Plan Rows": 711018, "Plan Width": 12, "Inner Unique": false, "Merge Cond": "(mc.movie_id = ci.movie_id)", "Plans": [{"Node Type": "Sort", "Parent Relationship": "Outer", "Startup Cost": 489151.99, "Total Cost": 492357.77, "Plan Rows": 1282311, "Plan Width": 4, "Sort Key": ["mc.movie_id"], "Plans": [{"Node Type": "Merge Join", "Parent Relationship": "Outer", "Join Type": "Inner", "Startup Cost": 333103.9, "Total Cost": 359059.52, "Plan Rows": 1282311, "Plan Width": 4, "Inner Unique": false, "Merge Cond": "(cn.id = mc.company_id)", "Plans": [{"Node Type": "Sort", "Parent Relationship": "Outer", "Startup Cost": 12878.05, "Total Cost": 13090.97, "Plan Rows": 85170, "Plan Width": 4, "Sort Key": ["cn.id"], "Plans": [{"Node Type": "Seq Scan", "Parent Relationship": "Outer", "Relation Name": "company_name", "Alias": "cn", "Startup Cost": 0.0, "Total Cost": 5903.45, "Plan Rows": 85170, "Plan Width": 4, "Filter": "((country_code)::text = '[us]'::text)"}]}, {"Node Type": "Sort", "Parent Relationship": "Inner", "Startup Cost": 319886.87, "Total Cost": 326409.69, "Plan Rows": 2609128, "Plan Width": 8, "Sort Key": ["mc.company_id"], "Plans": [{"Node Type": "Seq Scan", "Parent Relationship": "Outer", "Relation Name": "movie_companies", "Alias": "mc", "Startup Cost": 0.0, "Total Cost": 41817.28, "Plan Rows": 2609128, "Plan Width": 8}]}]}]}, {"Node Type": "Sort", "Parent Relationship": "Inner", "Startup Cost": 746624.39, "Total Cost": 754865.19, "Plan Rows": 3296318, "Plan Width": 8, "Sort Key": ["ci.movie_id"], "Plans": [{"Node Type": "Nested Loop", "Parent Relationship": "Outer", "Join Type": "Inner", "Startup Cost": 76306.71, "Total Cost": 389758.02, "Plan Rows": 3296318, "Plan Width": 8, "Inner Unique": false, "Plans": [{"Node Type": "Seq Scan", "Parent Relationship": "Outer", "Relation Name": "role_type", "Alias": "rt", "Startup Cost": 0.0, "Total Cost": 1.15, "Plan Rows": 1, "Plan Width": 4, "Filter": "((role)::text = 'writer'::text)"}, {"Node Type": "Bitmap Heap Scan", "Parent Relationship": "Inner", "Relation Name": "cast_info", "Alias": "ci", "Startup Cost": 76306.71, "Total Cost": 356793.69, "Plan Rows": 3296318, "Plan Width": 12, "Recheck Cond": "(role_id = rt.id), (LLVM Optimized)", "Plans": [{"Node Type": "Bitmap Index Scan", "Parent Relationship": "Outer", "Index Name": "role_id_cast_info", "Startup Cost": 0.0, "Total Cost": 75482.63, "Plan Rows": 3296318, "Plan Width": 0, "Index Cond": "(role_id = rt.id)"}]}]}]}]}, {"Node Type": "Sort", "Parent Relationship": "Inner", "Startup Cost": 328951.73, "Total Cost": 335272.51, "Plan Rows": 2528311, "Plan Width": 21, "Sort Key": ["t.id"], "Plans": [{"Node Type": "Seq Scan", "Parent Relationship": "Outer", "Relation Name": "title", "Alias": "t", "Startup Cost": 0.0, "Total Cost": 60069.11, "Plan Rows": 2528311, "Plan Width": 21}]}]}]}, {"Node Type": "Sort", "Parent Relationship": "Inner", "Startup Cost": 109058.87, "Total Cost": 111312.23, "Plan Rows": 901342, "Plan Width": 20, "Sort Key": ["a1.person_id"], "Plans": [{"Node Type": "Seq Scan", "Parent Relationship": "Outer", "Relation Name": "aka_name", "Alias": "a1", "Startup Cost": 0.0, "Total Cost": 19908.42, "Plan Rows": 901342, "Plan Width": 20}]}]}, {"Node Type": "Sort", "Parent Relationship": "Inner", "Startup Cost": 551303.0, "Total Cost": 561721.72, "Plan Rows": 4167490, "Plan Width": 4, "Sort Key": ["n1.id"], "Plans": [{"Node Type": "Seq Scan", "Parent Relationship": "Outer", "Relation Name": "name", "Alias": "n1", "Startup Cost": 0.0, "Total Cost": 93071.9, "Plan Rows": 4167490, "Plan Width": 4}]}]}]}, "Unique SQL Id": 2457761703, "Planner Runtime": 37}, "explain_analyze_plan": {"Plan": {"Node Type": "Aggregate", "Strategy": "Plain", "Startup Cost": 2392979.77, "Total Cost": 2392979.78, "Plan Rows": 1, "Plan Width": 97, "Actual Startup Time": 19390.482, "Actual Total Time": 19390.482, "Actual Rows": 1, "Actual Loops": 1, "Plans": [{"Node Type": "Merge Join", "Parent Relationship": "Outer", "Join Type": "Inner", "Startup Cost": 2355249.79, "Total Cost": 2391194.28, "Plan Rows": 357098, "Plan Width": 33, "Actual Startup Time": 14821.804, "Actual Total Time": 18157.819, "Actual Rows": 2487611, "Actual Loops": 1, "Inner Unique": true, "Merge Cond": "(a1.person_id = n1.id)", "Plans": [{"Node Type": "Merge Join", "Parent Relationship": "Outer", "Join Type": "Inner", "Startup Cost": 1803946.44, "Total Cost": 1814590.46, "Plan Rows": 357098, "Plan Width": 41, "Actual Startup Time": 12016.356, "Actual Total Time": 13812.722, "Actual Rows": 2487611, "Actual Loops": 1, "Inner Unique": false, "Merge Cond": "(ci.person_id = a1.person_id)", "Plans": [{"Node Type": "Sort", "Parent Relationship": "Outer", "Startup Cost": 1694887.5, "Total Cost": 1696663.64, "Plan Rows": 710459, "Plan Width": 21, "Actual Startup Time": 11390.335, "Actual Total Time": 11868.405, "Actual Rows": 1970658, "Actual Loops": 1, "Sort Key": ["ci.person_id"], "Sort Method": "quicksort", "Sort Space Used": 240236, "Sort Space Type": "Memory", "Plans": [{"Node Type": "Merge Join", "Parent Relationship": "Outer", "Join Type": "Inner", "Startup Cost": 1564728.72, "Total Cost": 1625836.59, "Plan Rows": 710459, "Plan Width": 21, "Actual Startup Time": 7557.401, "Actual Total Time": 10688.396, "Actual Rows": 1970658, "Actual Loops": 1, "Inner Unique": true, "Merge Cond": "(ci.movie_id = t.id)", "Plans": [{"Node Type": "Merge Join", "Parent Relationship": "Outer", "Join Type": "Inner", "Startup Cost": 1235776.7, "Total Cost": 1275372.45, "Plan Rows": 711018, "Plan Width": 12, "Actual Startup Time": 5735.437, "Actual Total Time": 7465.464, "Actual Rows": 1970658, "Actual Loops": 1, "Inner Unique": false, "Merge Cond": "(mc.movie_id = ci.movie_id)", "Plans": [{"Node Type": "Sort", "Parent Relationship": "Outer", "Startup Cost": 489151.99, "Total Cost": 492357.77, "Plan Rows": 1282311, "Plan Width": 4, "Actual Startup Time": 3174.852, "Actual Total Time": 3408.436, "Actual Rows": 1153797, "Actual Loops": 1, "Sort Key": ["mc.movie_id"], "Sort Method": "quicksort", "Sort Space Used": 121265, "Sort Space Type": "Memory", "Plans": [{"Node Type": "Merge Join", "Parent Relationship": "Outer", "Join Type": "Inner", "Startup Cost": 333103.9, "Total Cost": 359059.52, "Plan Rows": 1282311, "Plan Width": 4, "Actual Startup Time": 1702.826, "Actual Total Time": 2761.189, "Actual Rows": 1153797, "Actual Loops": 1, "Inner Unique": false, "Merge Cond": "(cn.id = mc.company_id)", "Plans": [{"Node Type": "Sort", "Parent Relationship": "Outer", "Startup Cost": 12878.05, "Total Cost": 13090.97, "Plan Rows": 85170, "Plan Width": 4, "Actual Startup Time": 119.702, "Actual Total Time": 137.949, "Actual Rows": 84843, "Actual Loops": 1, "Sort Key": ["cn.id"], "Sort Method": "quicksort", "Sort Space Used": 8375, "Sort Space Type": "Memory", "Plans": [{"Node Type": "Seq Scan", "Parent Relationship": "Outer", "Relation Name": "company_name", "Alias": "cn", "Startup Cost": 0.0, "Total Cost": 5903.45, "Plan Rows": 85170, "Plan Width": 4, "Actual Startup Time": 0.028, "Actual Total Time": 88.887, "Actual Rows": 84843, "Actual Loops": 1, "Filter": "((country_code)::text = '[us]'::text)", "Rows Removed by Filter": 150153}]}, {"Node Type": "Sort", "Parent Relationship": "Inner", "Startup Cost": 319886.87, "Total Cost": 326409.69, "Plan Rows": 2609128, "Plan Width": 8, "Actual Startup Time": 1583.108, "Actual Total Time": 2115.893, "Actual Rows": 2609128, "Actual Loops": 1, "Sort Key": ["mc.company_id"], "Sort Method": "quicksort", "Sort Space Used": 261375, "Sort Space Type": "Memory", "Plans": [{"Node Type": "Seq Scan", "Parent Relationship": "Outer", "Relation Name": "movie_companies", "Alias": "mc", "Startup Cost": 0.0, "Total Cost": 41817.28, "Plan Rows": 2609128, "Plan Width": 8, "Actual Startup Time": 0.043, "Actual Total Time": 707.462, "Actual Rows": 2609128, "Actual Loops": 1}]}]}]}, {"Node Type": "Sort", "Parent Relationship": "Inner", "Startup Cost": 746624.39, "Total Cost": 754865.19, "Plan Rows": 3296318, "Plan Width": 8, "Actual Startup Time": 2560.541, "Actual Total Time": 3124.908, "Actual Rows": 3863824, "Actual Loops": 1, "Sort Key": ["ci.movie_id"], "Sort Method": "quicksort", "Sort Space Used": 268863, "Sort Space Type": "Memory", "Plans": [{"Node Type": "Nested Loop", "Parent Relationship": "Outer", "Join Type": "Inner", "Startup Cost": 76306.71, "Total Cost": 389758.02, "Plan Rows": 3296318, "Plan Width": 8, "Actual Startup Time": 341.733, "Actual Total Time": 1604.125, "Actual Rows": 2728943, "Actual Loops": 1, "Inner Unique": false, "Plans": [{"Node Type": "Seq Scan", "Parent Relationship": "Outer", "Relation Name": "role_type", "Alias": "rt", "Startup Cost": 0.0, "Total Cost": 1.15, "Plan Rows": 1, "Plan Width": 4, "Actual Startup Time": 0.054, "Actual Total Time": 0.078, "Actual Rows": 1, "Actual Loops": 1, "Filter": "((role)::text = 'writer'::text)", "Rows Removed by Filter": 11}, {"Node Type": "Bitmap Heap Scan", "Parent Relationship": "Inner", "Relation Name": "cast_info", "Alias": "ci", "Startup Cost": 76306.71, "Total Cost": 356793.69, "Plan Rows": 3296318, "Plan Width": 12, "Actual Startup Time": 341.658, "Actual Total Time": 1131.254, "Actual Rows": 2728943, "Actual Loops": 1, "Recheck Cond": "(role_id = rt.id), (LLVM Optimized, Jit Execute)", "Rows Removed by Index Recheck": 0, "Exact Heap Blocks": 19177, "Lossy Heap Blocks": 19177, "Plans": [{"Node Type": "Bitmap Index Scan", "Parent Relationship": "Outer", "Index Name": "role_id_cast_info", "Startup Cost": 0.0, "Total Cost": 75482.63, "Plan Rows": 3296318, "Plan Width": 0, "Actual Startup Time": 337.319, "Actual Total Time": 337.319, "Actual Rows": 2728943, "Actual Loops": 1, "Index Cond": "(role_id = rt.id)"}]}]}]}]}, {"Node Type": "Sort", "Parent Relationship": "Inner", "Startup Cost": 328951.73, "Total Cost": 335272.51, "Plan Rows": 2528311, "Plan Width": 21, "Actual Startup Time": 1821.928, "Actual Total Time": 2299.134, "Actual Rows": 2525743, "Actual Loops": 1, "Sort Key": ["t.id"], "Sort Method": "quicksort", "Sort Space Used": 344074, "Sort Space Type": "Memory", "Plans": [{"Node Type": "Seq Scan", "Parent Relationship": "Outer", "Relation Name": "title", "Alias": "t", "Startup Cost": 0.0, "Total Cost": 60069.11, "Plan Rows": 2528311, "Plan Width": 21, "Actual Startup Time": 0.048, "Actual Total Time": 753.592, "Actual Rows": 2528311, "Actual Loops": 1}]}]}]}, {"Node Type": "Sort", "Parent Relationship": "Inner", "Startup Cost": 109058.87, "Total Cost": 111312.23, "Plan Rows": 901342, "Plan Width": 20, "Actual Startup Time": 625.927, "Actual Total Time": 918.048, "Actual Rows": 3063953, "Actual Loops": 1, "Sort Key": ["a1.person_id"], "Sort Method": "quicksort", "Sort Space Used": 109040, "Sort Space Type": "Memory", "Plans": [{"Node Type": "Seq Scan", "Parent Relationship": "Outer", "Relation Name": "aka_name", "Alias": "a1", "Startup Cost": 0.0, "Total Cost": 19908.42, "Plan Rows": 901342, "Plan Width": 20, "Actual Startup Time": 0.059, "Actual Total Time": 262.213, "Actual Rows": 901342, "Actual Loops": 1}]}]}, {"Node Type": "Sort", "Parent Relationship": "Inner", "Startup Cost": 551303.0, "Total Cost": 561721.72, "Plan Rows": 4167490, "Plan Width": 4, "Actual Startup Time": 2805.417, "Actual Total Time": 3337.729, "Actual Rows": 3228264, "Actual Loops": 1, "Sort Key": ["n1.id"], "Sort Method": "quicksort", "Sort Space Used": 358773, "Sort Space Type": "Memory", "Plans": [{"Node Type": "Seq Scan", "Parent Relationship": "Outer", "Relation Name": "name", "Alias": "n1", "Startup Cost": 0.0, "Total Cost": 93071.9, "Plan Rows": 4167490, "Plan Width": 4, "Actual Startup Time": 0.039, "Actual Total Time": 1240.636, "Actual Rows": 4167490, "Actual Loops": 1}]}]}]}, "Triggers": [], "Planner Runtime": 37, "Total Runtime": 19400.242, "Unique SQL Id": 2457761703}}, "(1, 87)": {"explain_plan": {"Plan": {"Node Type": "Aggregate", "Strategy": "Plain", "Startup Cost": 1000069787565.86, "Total Cost": 1000069787565.87, "Plan Rows": 1, "Plan Width": 97, "Plans": [{"Node Type": "Nested Loop", "Parent Relationship": "Outer", "Join Type": "Inner", "Startup Cost": 10000000001.8, "Total Cost": 1000069785780.37, "Plan Rows": 357098, "Plan Width": 33, "Inner Unique": true, "Plans": [{"Node Type": "Nested Loop", "Parent Relationship": "Outer", "Join Type": "Inner", "Startup Cost": 10000000001.54, "Total Cost": 1000068255744.11, "Plan Rows": 357379, "Plan Width": 24, "Inner Unique": true, "Join Filter": "(a1.person_id = n1.id), (LLVM Optimized)", "Plans": [{"Node Type": "Nested Loop", "Parent Relationship": "Outer", "Join Type": "Inner", "Startup Cost": 10000000001.28, "Total Cost": 1000066724564.96, "Plan Rows": 357379, "Plan Width": 32, "Inner Unique": false, "Plans": [{"Node Type": "Nested Loop", "Parent Relationship": "Outer", "Join Type": "Inner", "Startup Cost": 10000000001.03, "Total Cost": 1000063680996.82, "Plan Rows": 711018, "Plan Width": 12, "Inner Unique": true, "Plans": [{"Node Type": "Nested Loop", "Parent Relationship": "Outer", "Join Type": "Inner", "Startup Cost": 10000000000.77, "Total Cost": 1000030184746.51, "Plan Rows": 7821201, "Plan Width": 16, "Inner Unique": false, "Plans": [{"Node Type": "Nested Loop", "Parent Relationship": "Outer", "Join Type": "Inner", "Startup Cost": 10000000000.26, "Total Cost": 1000024227793.07, "Plan Rows": 1282311, "Plan Width": 4, "Inner Unique": true, "Plans": [{"Node Type": "Index Scan", "Parent Relationship": "Outer", "Scan Direction": "Forward", "Index Name": "movie_id_movie_companies", "Relation Name": "movie_companies", "Alias": "mc", "Startup Cost": 10000000000.0, "Total Cost": 1000013051946.13, "Plan Rows": 2609128, "Plan Width": 8}, {"Node Type": "Bitmap Heap Scan", "Parent Relationship": "Inner", "Relation Name": "company_name", "Alias": "cn", "Startup Cost": 0.26, "Total Cost": 4.27, "Plan Rows": 1, "Plan Width": 4, "Recheck Cond": "(id = mc.company_id)", "Filter": "((country_code)::text = '[us]'::text)", "Plans": [{"Node Type": "Bitmap Index Scan", "Parent Relationship": "Outer", "Index Name": "company_name_pkey", "Startup Cost": 0.0, "Total Cost": 0.26, "Plan Rows": 1, "Plan Width": 0, "Index Cond": "(id = mc.company_id)"}]}]}, {"Node Type": "Bitmap Heap Scan", "Parent Relationship": "Inner", "Relation Name": "cast_info", "Alias": "ci", "Startup Cost": 0.51, "Total Cost": 4.59, "Plan Rows": 6, "Plan Width": 12, "Recheck Cond": "(movie_id = mc.movie_id)", "Plans": [{"Node Type": "Bitmap Index Scan", "Parent Relationship": "Outer", "Index Name": "movie_id_cast_info", "Startup Cost": 0.0, "Total Cost": 0.51, "Plan Rows": 6, "Plan Width": 0, "Index Cond": "(movie_id = mc.movie_id)"}]}]}, {"Node Type": "Bitmap Heap Scan", "Parent Relationship": "Inner", "Relation Name": "role_type", "Alias": "rt", "Startup Cost": 0.26, "Total Cost": 4.27, "Plan Rows": 1, "Plan Width": 4, "Recheck Cond": "(id = ci.role_id)", "Filter": "((role)::text = 'writer'::text)", "Plans": [{"Node Type": "Bitmap Index Scan", "Parent Relationship": "Outer", "Index Name": "role_type_pkey", "Startup Cost": 0.0, "Total Cost": 0.26, "Plan Rows": 1, "Plan Width": 0, "Index Cond": "(id = ci.role_id)"}]}]}, {"Node Type": "Bitmap Heap Scan", "Parent Relationship": "Inner", "Relation Name": "aka_name", "Alias": "a1", "Startup Cost": 0.26, "Total Cost": 4.27, "Plan Rows": 1, "Plan Width": 20, "Recheck Cond": "(person_id = ci.person_id)", "Plans": [{"Node Type": "Bitmap Index Scan", "Parent Relationship": "Outer", "Index Name": "person_id_aka_name", "Startup Cost": 0.0, "Total Cost": 0.26, "Plan Rows": 1, "Plan Width": 0, "Index Cond": "(person_id = ci.person_id)"}]}]}, {"Node Type": "Bitmap Heap Scan", "Parent Relationship": "Inner", "Relation Name": "name", "Alias": "n1", "Startup Cost": 0.26, "Total Cost": 4.27, "Plan Rows": 1, "Plan Width": 4, "Recheck Cond": "(id = ci.person_id)", "Plans": [{"Node Type": "Bitmap Index Scan", "Parent Relationship": "Outer", "Index Name": "name_pkey", "Startup Cost": 0.0, "Total Cost": 0.26, "Plan Rows": 1, "Plan Width": 0, "Index Cond": "(id = ci.person_id)"}]}]}, {"Node Type": "Bitmap Heap Scan", "Parent Relationship": "Inner", "Relation Name": "title", "Alias": "t", "Startup Cost": 0.26, "Total Cost": 4.27, "Plan Rows": 1, "Plan Width": 21, "Recheck Cond": "(id = ci.movie_id)", "Plans": [{"Node Type": "Bitmap Index Scan", "Parent Relationship": "Outer", "Index Name": "title_pkey", "Startup Cost": 0.0, "Total Cost": 0.26, "Plan Rows": 1, "Plan Width": 0, "Index Cond": "(id = ci.movie_id)"}]}]}]}, "Unique SQL Id": 2457761703, "Planner Runtime": 6}, "explain_analyze_plan": null}, "(1, 88)": {"explain_plan": {"Plan": {"Node Type": "Aggregate", "Strategy": "Plain", "Startup Cost": 1194615.66, "Total Cost": 1194615.67, "Plan Rows": 1, "Plan Width": 97, "Plans": [{"Node Type": "Nested Loop", "Parent Relationship": "Outer", "Join Type": "Inner", "Startup Cost": 920804.93, "Total Cost": 1192830.17, "Plan Rows": 357098, "Plan Width": 33, "Inner Unique": true, "Join Filter": "(a1.person_id = n1.id), (LLVM Optimized)", "Plans": [{"Node Type": "Nested Loop", "Parent Relationship": "Outer", "Join Type": "Inner", "Startup Cost": 920804.93, "Total Cost": 1091336.23, "Plan Rows": 357098, "Plan Width": 41, "Inner Unique": true, "Plans": [{"Node Type": "Merge Join", "Parent Relationship": "Outer", "Join Type": "Inner", "Startup Cost": 920804.93, "Total Cost": 989533.89, "Plan Rows": 357379, "Plan Width": 32, "Inner Unique": false, "Merge Cond": "(a1.person_id = ci.person_id)", "Plans": [{"Node Type": "Index Scan", "Parent Relationship": "Outer", "Scan Direction": "Forward", "Index Name": "person_id_aka_name", "Relation Name": "aka_name", "Alias": "a1", "Startup Cost": 0.0, "Total Cost": 68965.03, "Plan Rows": 901342, "Plan Width": 20}, {"Node Type": "Sort", "Parent Relationship": "Inner", "Startup Cost": 920804.86, "Total Cost": 922582.4, "Plan Rows": 711018, "Plan Width": 12, "Sort Key": ["ci.person_id"], "Plans": [{"Node Type": "Merge Join", "Parent Relationship": "Outer", "Join Type": "Inner", "Startup Cost": 812099.84, "Total Cost": 851695.59, "Plan Rows": 711018, "Plan Width": 12, "Inner Unique": false, "Merge Cond": "(mc.movie_id = ci.movie_id)", "Plans": [{"Node Type": "Sort", "Parent Relationship": "Outer", "Startup Cost": 283826.21, "Total Cost": 287031.99, "Plan Rows": 1282311, "Plan Width": 4, "Sort Key": ["mc.movie_id"], "Plans": [{"Node Type": "Merge Join", "Parent Relationship": "Outer", "Join Type": "Inner", "Startup Cost": 3383.04, "Total Cost": 153733.74, "Plan Rows": 1282311, "Plan Width": 4, "Inner Unique": false, "Merge Cond": "(cn.id = mc.company_id)", "Plans": [{"Node Type": "Index Scan", "Parent Relationship": "Outer", "Scan Direction": "Forward", "Index Name": "company_name_pkey", "Relation Name": "company_name", "Alias": "cn", "Startup Cost": 0.0, "Total Cost": 10501.39, "Plan Rows": 85170, "Plan Width": 4, "Filter": "((country_code)::text = '[us]'::text)"}, {"Node Type": "Index Scan", "Parent Relationship": "Inner", "Scan Direction": "Forward", "Index Name": "company_id_movie_companies", "Relation Name": "movie_companies", "Alias": "mc", "Startup Cost": 0.0, "Total Cost": 123673.5, "Plan Rows": 2609128, "Plan Width": 8}]}]}, {"Node Type": "Sort", "Parent Relationship": "Inner", "Startup Cost": 528273.31, "Total Cost": 536514.11, "Plan Rows": 3296318, "Plan Width": 8, "Sort Key": ["ci.movie_id"], "Plans": [{"Node Type": "Nested Loop", "Parent Relationship": "Outer", "Join Type": "Inner", "Startup Cost": 0.0, "Total Cost": 171406.94, "Plan Rows": 3296318, "Plan Width": 8, "Inner Unique": false, "Plans": [{"Node Type": "Seq Scan", "Parent Relationship": "Outer", "Relation Name": "role_type", "Alias": "rt", "Startup Cost": 0.0, "Total Cost": 1.15, "Plan Rows": 1, "Plan Width": 4, "Filter": "((role)::text = 'writer'::text)"}, {"Node Type": "Index Scan", "Parent Relationship": "Inner", "Scan Direction": "Forward", "Index Name": "role_id_cast_info", "Relation Name": "cast_info", "Alias": "ci", "Startup Cost": 0.0, "Total Cost": 138442.61, "Plan Rows": 3296318, "Plan Width": 12, "Index Cond": "(role_id = rt.id), (LLVM Optimized)"}]}]}]}]}]}, {"Node Type": "Index Scan", "Parent Relationship": "Inner", "Scan Direction": "Forward", "Index Name": "title_pkey", "Relation Name": "title", "Alias": "t", "Startup Cost": 0.0, "Total Cost": 0.27, "Plan Rows": 1, "Plan Width": 21, "Index Cond": "(id = ci.movie_id)"}]}, {"Node Type": "Index Only Scan", "Parent Relationship": "Inner", "Scan Direction": "Forward", "Index Name": "name_pkey", "Relation Name": "name", "Alias": "n1", "Startup Cost": 0.0, "Total Cost": 0.27, "Plan Rows": 1, "Plan Width": 4, "Index Cond": "(id = ci.person_id)"}]}]}, "Unique SQL Id": 2457761703, "Planner Runtime": 40}, "explain_analyze_plan": null}, "(1, 89)": {"explain_plan": {"Plan": {"Node Type": "Aggregate", "Strategy": "Plain", "Startup Cost": 1194626.97, "Total Cost": 1194626.98, "Plan Rows": 1, "Plan Width": 97, "Plans": [{"Node Type": "Nested Loop", "Parent Relationship": "Outer", "Join Type": "Inner", "Startup Cost": 920816.24, "Total Cost": 1192841.48, "Plan Rows": 357098, "Plan Width": 33, "Inner Unique": true, "Join Filter": "(a1.person_id = n1.id), (LLVM Optimized)", "Plans": [{"Node Type": "Nested Loop", "Parent Relationship": "Outer", "Join Type": "Inner", "Startup Cost": 920816.24, "Total Cost": 1091347.54, "Plan Rows": 357098, "Plan Width": 41, "Inner Unique": true, "Plans": [{"Node Type": "Merge Join", "Parent Relationship": "Outer", "Join Type": "Inner", "Startup Cost": 920816.24, "Total Cost": 989545.2, "Plan Rows": 357379, "Plan Width": 32, "Inner Unique": false, "Merge Cond": "(ci.person_id = a1.person_id)", "Plans": [{"Node Type": "Sort", "Parent Relationship": "Outer", "Startup Cost": 920816.17, "Total Cost": 922593.71, "Plan Rows": 711018, "Plan Width": 12, "Sort Key": ["ci.person_id"], "Plans": [{"Node Type": "Merge Join", "Parent Relationship": "Outer", "Join Type": "Inner", "Startup Cost": 812111.15, "Total Cost": 851706.9, "Plan Rows": 711018, "Plan Width": 12, "Inner Unique": false, "Merge Cond": "(mc.movie_id = ci.movie_id)", "Plans": [{"Node Type": "Sort", "Parent Relationship": "Outer", "Startup Cost": 283826.21, "Total Cost": 287031.99, "Plan Rows": 1282311, "Plan Width": 4, "Sort Key": ["mc.movie_id"], "Plans": [{"Node Type": "Merge Join", "Parent Relationship": "Outer", "Join Type": "Inner", "Startup Cost": 3383.04, "Total Cost": 153733.74, "Plan Rows": 1282311, "Plan Width": 4, "Inner Unique": false, "Merge Cond": "(cn.id = mc.company_id)", "Plans": [{"Node Type": "Index Scan", "Parent Relationship": "Outer", "Scan Direction": "Forward", "Index Name": "company_name_pkey", "Relation Name": "company_name", "Alias": "cn", "Startup Cost": 0.0, "Total Cost": 10501.39, "Plan Rows": 85170, "Plan Width": 4, "Filter": "((country_code)::text = '[us]'::text)"}, {"Node Type": "Index Scan", "Parent Relationship": "Inner", "Scan Direction": "Forward", "Index Name": "company_id_movie_companies", "Relation Name": "movie_companies", "Alias": "mc", "Startup Cost": 0.0, "Total Cost": 123673.5, "Plan Rows": 2609128, "Plan Width": 8}]}]}, {"Node Type": "Sort", "Parent Relationship": "Inner", "Startup Cost": 528284.62, "Total Cost": 536525.42, "Plan Rows": 3296318, "Plan Width": 8, "Sort Key": ["ci.movie_id"], "Plans": [{"Node Type": "Nested Loop", "Parent Relationship": "Outer", "Join Type": "Inner", "Startup Cost": 0.0, "Total Cost": 171418.25, "Plan Rows": 3296318, "Plan Width": 8, "Inner Unique": false, "Plans": [{"Node Type": "Index Scan", "Parent Relationship": "Outer", "Scan Direction": "Forward", "Index Name": "role_type_pkey", "Relation Name": "role_type", "Alias": "rt", "Startup Cost": 0.0, "Total Cost": 12.46, "Plan Rows": 1, "Plan Width": 4, "Filter": "((role)::text = 'writer'::text)"}, {"Node Type": "Index Scan", "Parent Relationship": "Inner", "Scan Direction": "Forward", "Index Name": "role_id_cast_info", "Relation Name": "cast_info", "Alias": "ci", "Startup Cost": 0.0, "Total Cost": 138442.61, "Plan Rows": 3296318, "Plan Width": 12, "Index Cond": "(role_id = rt.id), (LLVM Optimized)"}]}]}]}]}, {"Node Type": "Index Scan", "Parent Relationship": "Inner", "Scan Direction": "Forward", "Index Name": "person_id_aka_name", "Relation Name": "aka_name", "Alias": "a1", "Startup Cost": 0.0, "Total Cost": 68965.03, "Plan Rows": 901342, "Plan Width": 20}]}, {"Node Type": "Index Scan", "Parent Relationship": "Inner", "Scan Direction": "Forward", "Index Name": "title_pkey", "Relation Name": "title", "Alias": "t", "Startup Cost": 0.0, "Total Cost": 0.27, "Plan Rows": 1, "Plan Width": 21, "Index Cond": "(id = ci.movie_id)"}]}, {"Node Type": "Index Only Scan", "Parent Relationship": "Inner", "Scan Direction": "Forward", "Index Name": "name_pkey", "Relation Name": "name", "Alias": "n1", "Startup Cost": 0.0, "Total Cost": 0.27, "Plan Rows": 1, "Plan Width": 4, "Index Cond": "(id = ci.person_id)"}]}]}, "Unique SQL Id": 2457761703, "Planner Runtime": 38}, "explain_analyze_plan": null}, "(1, 90)": {"explain_plan": {"Plan": {"Node Type": "Aggregate", "Strategy": "Plain", "Startup Cost": 7372077.37, "Total Cost": 7372077.38, "Plan Rows": 1, "Plan Width": 97, "Plans": [{"Node Type": "Merge Join", "Parent Relationship": "Outer", "Join Type": "Inner", "Startup Cost": 7334347.39, "Total Cost": 7370291.88, "Plan Rows": 357098, "Plan Width": 33, "Inner Unique": true, "Merge Cond": "(a1.person_id = n1.id)", "Plans": [{"Node Type": "Merge Join", "Parent Relationship": "Outer", "Join Type": "Inner", "Startup Cost": 6783044.04, "Total Cost": 6793688.06, "Plan Rows": 357098, "Plan Width": 41, "Inner Unique": false, "Merge Cond": "(ci.person_id = a1.person_id)", "Plans": [{"Node Type": "Sort", "Parent Relationship": "Outer", "Startup Cost": 6673985.1, "Total Cost": 6675761.24, "Plan Rows": 710459, "Plan Width": 21, "Sort Key": ["ci.person_id"], "Plans": [{"Node Type": "Merge Join", "Parent Relationship": "Outer", "Join Type": "Inner", "Startup Cost": 6543826.32, "Total Cost": 6604934.19, "Plan Rows": 710459, "Plan Width": 21, "Inner Unique": true, "Merge Cond": "(ci.movie_id = t.id)", "Plans": [{"Node Type": "Merge Join", "Parent Relationship": "Outer", "Join Type": "Inner", "Startup Cost": 6214874.3, "Total Cost": 6254470.05, "Plan Rows": 711018, "Plan Width": 12, "Inner Unique": false, "Merge Cond": "(mc.movie_id = ci.movie_id)", "Plans": [{"Node Type": "Sort", "Parent Relationship": "Outer", "Startup Cost": 489151.99, "Total Cost": 492357.77, "Plan Rows": 1282311, "Plan Width": 4, "Sort Key": ["mc.movie_id"], "Plans": [{"Node Type": "Merge Join", "Parent Relationship": "Outer", "Join Type": "Inner", "Startup Cost": 333103.9, "Total Cost": 359059.52, "Plan Rows": 1282311, "Plan Width": 4, "Inner Unique": false, "Merge Cond": "(cn.id = mc.company_id)", "Plans": [{"Node Type": "Sort", "Parent Relationship": "Outer", "Startup Cost": 12878.05, "Total Cost": 13090.97, "Plan Rows": 85170, "Plan Width": 4, "Sort Key": ["cn.id"], "Plans": [{"Node Type": "Seq Scan", "Parent Relationship": "Outer", "Relation Name": "company_name", "Alias": "cn", "Startup Cost": 0.0, "Total Cost": 5903.45, "Plan Rows": 85170, "Plan Width": 4, "Filter": "((country_code)::text = '[us]'::text)"}]}, {"Node Type": "Sort", "Parent Relationship": "Inner", "Startup Cost": 319886.87, "Total Cost": 326409.69, "Plan Rows": 2609128, "Plan Width": 8, "Sort Key": ["mc.company_id"], "Plans": [{"Node Type": "Seq Scan", "Parent Relationship": "Outer", "Relation Name": "movie_companies", "Alias": "mc", "Startup Cost": 0.0, "Total Cost": 41817.28, "Plan Rows": 2609128, "Plan Width": 8}]}]}]}, {"Node Type": "Sort", "Parent Relationship": "Inner", "Startup Cost": 5725721.99, "Total Cost": 5733962.79, "Plan Rows": 3296318, "Plan Width": 8, "Sort Key": ["ci.movie_id"], "Plans": [{"Node Type": "Merge Join", "Parent Relationship": "Outer", "Join Type": "Inner", "Startup Cost": 5154594.96, "Total Cost": 5368855.62, "Plan Rows": 3296318, "Plan Width": 8, "Inner Unique": false, "Merge Cond": "(rt.id = ci.role_id)", "Plans": [{"Node Type": "Sort", "Parent Relationship": "Outer", "Startup Cost": 1.16, "Total Cost": 1.16, "Plan Rows": 1, "Plan Width": 4, "Sort Key": ["rt.id"], "Plans": [{"Node Type": "Seq Scan", "Parent Relationship": "Outer", "Relation Name": "role_type", "Alias": "rt", "Startup Cost": 0.0, "Total Cost": 1.15, "Plan Rows": 1, "Plan Width": 4, "Filter": "((role)::text = 'writer'::text)"}]}, {"Node Type": "Sort", "Parent Relationship": "Inner", "Startup Cost": 5154593.8, "Total Cost": 5245242.54, "Plan Rows": 36259494, "Plan Width": 12, "Sort Key": ["ci.role_id"], "Plans": [{"Node Type": "Seq Scan", "Parent Relationship": "Outer", "Relation Name": "cast_info", "Alias": "ci", "Startup Cost": 0.0, "Total Cost": 601877.94, "Plan Rows": 36259494, "Plan Width": 12}]}]}]}]}, {"Node Type": "Sort", "Parent Relationship": "Inner", "Startup Cost": 328951.73, "Total Cost": 335272.51, "Plan Rows": 2528311, "Plan Width": 21, "Sort Key": ["t.id"], "Plans": [{"Node Type": "Seq Scan", "Parent Relationship": "Outer", "Relation Name": "title", "Alias": "t", "Startup Cost": 0.0, "Total Cost": 60069.11, "Plan Rows": 2528311, "Plan Width": 21}]}]}]}, {"Node Type": "Sort", "Parent Relationship": "Inner", "Startup Cost": 109058.87, "Total Cost": 111312.23, "Plan Rows": 901342, "Plan Width": 20, "Sort Key": ["a1.person_id"], "Plans": [{"Node Type": "Seq Scan", "Parent Relationship": "Outer", "Relation Name": "aka_name", "Alias": "a1", "Startup Cost": 0.0, "Total Cost": 19908.42, "Plan Rows": 901342, "Plan Width": 20}]}]}, {"Node Type": "Sort", "Parent Relationship": "Inner", "Startup Cost": 551303.0, "Total Cost": 561721.72, "Plan Rows": 4167490, "Plan Width": 4, "Sort Key": ["n1.id"], "Plans": [{"Node Type": "Seq Scan", "Parent Relationship": "Outer", "Relation Name": "name", "Alias": "n1", "Startup Cost": 0.0, "Total Cost": 93071.9, "Plan Rows": 4167490, "Plan Width": 4}]}]}]}, "Unique SQL Id": 2457761703, "Planner Runtime": 37}, "explain_analyze_plan": null}, "(1, 91)": {"explain_plan": {"Plan": {"Node Type": "Aggregate", "Strategy": "Plain", "Startup Cost": 6720852851061.62, "Total Cost": 6720852851061.63, "Plan Rows": 1, "Plan Width": 97, "Plans": [{"Node Type": "Merge Join", "Parent Relationship": "Outer", "Join Type": "Inner", "Startup Cost": 5019186702132.34, "Total Cost": 6720852849276.13, "Plan Rows": 357098, "Plan Width": 33, "Inner Unique": false, "Merge Cond": "(a1.person_id = ci.person_id)", "Plans": [{"Node Type": "Merge Join", "Parent Relationship": "Outer", "Join Type": "Inner", "Startup Cost": 20030754356.47, "Total Cost": 2000002534968.85, "Plan Rows": 901342, "Plan Width": 24, "Inner Unique": true, "Merge Cond": "(a1.person_id = n1.id)", "Plans": [{"Node Type": "Index Scan", "Parent Relationship": "Outer", "Scan Direction": "Forward", "Index Name": "person_id_aka_name", "Relation Name": "aka_name", "Alias": "a1", "Startup Cost": 10000000000.0, "Total Cost": 1000006896503.43, "Plan Rows": 901342, "Plan Width": 20}, {"Node Type": "Index Only Scan", "Parent Relationship": "Inner", "Scan Direction": "Forward", "Index Name": "name_pkey", "Relation Name": "name", "Alias": "n1", "Startup Cost": 10000000000.0, "Total Cost": 1000012483260.0, "Plan Rows": 4167490, "Plan Width": 4}]}, {"Node Type": "Sort", "Parent Relationship": "Inner", "Startup Cost": 4999155947775.81, "Total Cost": 4999155949551.95, "Plan Rows": 710459, "Plan Width": 21, "Sort Key": ["ci.person_id"], "Plans": [{"Node Type": "Merge Join", "Parent Relationship": "Outer", "Join Type": "Inner", "Startup Cost": 4010027802477.44, "Total Cost": 4999155878724.9, "Plan Rows": 710459, "Plan Width": 21, "Inner Unique": true, "Merge Cond": "(ci.movie_id = t.id)", "Plans": [{"Node Type": "Merge Join", "Parent Relationship": "Outer", "Join Type": "Inner", "Startup Cost": 4000027802477.15, "Total Cost": 4000027842072.9, "Plan Rows": 711018, "Plan Width": 12, "Inner Unique": false, "Merge Cond": "(mc.movie_id = ci.movie_id)", "Plans": [{"Node Type": "Sort", "Parent Relationship": "Outer", "Startup Cost": 2000013567140.28, "Total Cost": 2000013570346.05, "Plan Rows": 1282311, "Plan Width": 4, "Sort Key": ["mc.movie_id"], "Plans": [{"Node Type": "Merge Join", "Parent Relationship": "Outer", "Join Type": "Inner", "Startup Cost": 45724640147.62, "Total Cost": 2000013437047.81, "Plan Rows": 1282311, "Plan Width": 4, "Inner Unique": false, "Merge Cond": "(cn.id = mc.company_id)", "Plans": [{"Node Type": "Index Scan", "Parent Relationship": "Outer", "Scan Direction": "Forward", "Index Name": "company_name_pkey", "Relation Name": "company_name", "Alias": "cn", "Startup Cost": 10000000000.0, "Total Cost": 1000001050138.97, "Plan Rows": 85170, "Plan Width": 4, "Filter": "((country_code)::text = '[us]'::text)"}, {"Node Type": "Index Scan", "Parent Relationship": "Inner", "Scan Direction": "Forward", "Index Name": "company_id_movie_companies", "Relation Name": "movie_companies", "Alias": "mc", "Startup Cost": 10000000000.0, "Total Cost": 1000012367349.98, "Plan Rows": 2609128, "Plan Width": 8}]}]}, {"Node Type": "Sort", "Parent Relationship": "Inner", "Startup Cost": 2000014235336.55, "Total Cost": 2000014243577.35, "Plan Rows": 3296318, "Plan Width": 8, "Sort Key": ["ci.movie_id"], "Plans": [{"Node Type": "Nested Loop", "Parent Relationship": "Outer", "Join Type": "Inner", "Startup Cost": 20000000000.0, "Total Cost": 2000013878470.18, "Plan Rows": 3296318, "Plan Width": 8, "Inner Unique": false, "Plans": [{"Node Type": "Index Scan", "Parent Relationship": "Outer", "Scan Direction": "Forward", "Index Name": "role_type_pkey", "Relation Name": "role_type", "Alias": "rt", "Startup Cost": 10000000000.0, "Total Cost": 1000000001246.0, "Plan Rows": 1, "Plan Width": 4, "Filter": "((role)::text = 'writer'::text)"}, {"Node Type": "Index Scan", "Parent Relationship": "Inner", "Scan Direction": "Forward", "Index Name": "role_id_cast_info", "Relation Name": "cast_info", "Alias": "ci", "Startup Cost": 10000000000.0, "Total Cost": 1000013844261.0, "Plan Rows": 3296318, "Plan Width": 12, "Index Cond": "(role_id = rt.id), (LLVM Optimized)"}]}]}]}, {"Node Type": "Index Scan", "Parent Relationship": "Inner", "Scan Direction": "Forward", "Index Name": "title_pkey", "Relation Name": "title", "Alias": "t", "Startup Cost": 10000000000.0, "Total Cost": 1000011012048.91, "Plan Rows": 2528311, "Plan Width": 21}]}]}]}]}, "Unique SQL Id": 2457761703, "Planner Runtime": 107}, "explain_analyze_plan": {"Plan": {"Node Type": "Aggregate", "Strategy": "Plain", "Startup Cost": 6720852851061.62, "Total Cost": 6720852851061.63, "Plan Rows": 1, "Plan Width": 97, "Actual Startup Time": 17608.5, "Actual Total Time": 17608.501, "Actual Rows": 1, "Actual Loops": 1, "Plans": [{"Node Type": "Merge Join", "Parent Relationship": "Outer", "Join Type": "Inner", "Startup Cost": 5019186702132.34, "Total Cost": 6720852849276.13, "Plan Rows": 357098, "Plan Width": 33, "Actual Startup Time": 13079.393, "Actual Total Time": 16381.783, "Actual Rows": 2487611, "Actual Loops": 1, "Inner Unique": false, "Merge Cond": "(a1.person_id = ci.person_id)", "Plans": [{"Node Type": "Merge Join", "Parent Relationship": "Outer", "Join Type": "Inner", "Startup Cost": 20030754356.47, "Total Cost": 2000002534968.85, "Plan Rows": 901342, "Plan Width": 24, "Actual Startup Time": 0.061, "Actual Total Time": 1893.813, "Actual Rows": 656209, "Actual Loops": 1, "Inner Unique": true, "Merge Cond": "(a1.person_id = n1.id)", "Plans": [{"Node Type": "Index Scan", "Parent Relationship": "Outer", "Scan Direction": "Forward", "Index Name": "person_id_aka_name", "Relation Name": "aka_name", "Alias": "a1", "Startup Cost": 10000000000.0, "Total Cost": 1000006896503.43, "Plan Rows": 901342, "Plan Width": 20, "Actual Startup Time": 0.03, "Actual Total Time": 487.346, "Actual Rows": 656209, "Actual Loops": 1}, {"Node Type": "Index Only Scan", "Parent Relationship": "Inner", "Scan Direction": "Forward", "Index Name": "name_pkey", "Relation Name": "name", "Alias": "n1", "Startup Cost": 10000000000.0, "Total Cost": 1000012483260.0, "Plan Rows": 4167490, "Plan Width": 4, "Actual Startup Time": 0.021, "Actual Total Time": 739.308, "Actual Rows": 3228373, "Actual Loops": 1, "Heap Fetches": 0}]}, {"Node Type": "Sort", "Parent Relationship": "Inner", "Startup Cost": 4999155947775.81, "Total Cost": 4999155949551.95, "Plan Rows": 710459, "Plan Width": 21, "Actual Startup Time": 13079.254, "Actual Total Time": 13675.296, "Actual Rows": 3411048, "Actual Loops": 1, "Sort Key": ["ci.person_id"], "Sort Method": "quicksort", "Sort Space Used": 240236, "Sort Space Type": "Memory", "Plans": [{"Node Type": "Merge Join", "Parent Relationship": "Outer", "Join Type": "Inner", "Startup Cost": 4010027802477.44, "Total Cost": 4999155878724.9, "Plan Rows": 710459, "Plan Width": 21, "Actual Startup Time": 6574.504, "Actual Total Time": 12333.794, "Actual Rows": 1970658, "Actual Loops": 1, "Inner Unique": true, "Merge Cond": "(ci.movie_id = t.id)", "Plans": [{"Node Type": "Merge Join", "Parent Relationship": "Outer", "Join Type": "Inner", "Startup Cost": 4000027802477.15, "Total Cost": 4000027842072.9, "Plan Rows": 711018, "Plan Width": 12, "Actual Startup Time": 6574.418, "Actual Total Time": 8336.051, "Actual Rows": 1970658, "Actual Loops": 1, "Inner Unique": false, "Merge Cond": "(mc.movie_id = ci.movie_id)", "Plans": [{"Node Type": "Sort", "Parent Relationship": "Outer", "Startup Cost": 2000013567140.28, "Total Cost": 2000013570346.05, "Plan Rows": 1282311, "Plan Width": 4, "Actual Startup Time": 3731.313, "Actual Total Time": 3924.647, "Actual Rows": 1153797, "Actual Loops": 1, "Sort Key": ["mc.movie_id"], "Sort Method": "quicksort", "Sort Space Used": 121265, "Sort Space Type": "Memory", "Plans": [{"Node Type": "Merge Join", "Parent Relationship": "Outer", "Join Type": "Inner", "Startup Cost": 45724640147.62, "Total Cost": 2000013437047.81, "Plan Rows": 1282311, "Plan Width": 4, "Actual Startup Time": 0.054, "Actual Total Time": 3302.116, "Actual Rows": 1153797, "Actual Loops": 1, "Inner Unique": false, "Merge Cond": "(cn.id = mc.company_id)", "Plans": [{"Node Type": "Index Scan", "Parent Relationship": "Outer", "Scan Direction": "Forward", "Index Name": "company_name_pkey", "Relation Name": "company_name", "Alias": "cn", "Startup Cost": 10000000000.0, "Total Cost": 1000001050138.97, "Plan Rows": 85170, "Plan Width": 4, "Actual Startup Time": 0.03, "Actual Total Time": 333.646, "Actual Rows": 84843, "Actual Loops": 1, "Filter": "((country_code)::text = '[us]'::text)", "Rows Removed by Filter": 150153}, {"Node Type": "Index Scan", "Parent Relationship": "Inner", "Scan Direction": "Forward", "Index Name": "company_id_movie_companies", "Relation Name": "movie_companies", "Alias": "mc", "Startup Cost": 10000000000.0, "Total Cost": 1000012367349.98, "Plan Rows": 2609128, "Plan Width": 8, "Actual Startup Time": 0.019, "Actual Total Time": 2414.308, "Actual Rows": 2609128, "Actual Loops": 1}]}]}, {"Node Type": "Sort", "Parent Relationship": "Inner", "Startup Cost": 2000014235336.55, "Total Cost": 2000014243577.35, "Plan Rows": 3296318, "Plan Width": 8, "Actual Startup Time": 2843.069, "Actual Total Time": 3459.452, "Actual Rows": 3863824, "Actual Loops": 1, "Sort Key": ["ci.movie_id"], "Sort Method": "quicksort", "Sort Space Used": 268863, "Sort Space Type": "Memory", "Plans": [{"Node Type": "Nested Loop", "Parent Relationship": "Outer", "Join Type": "Inner", "Startup Cost": 20000000000.0, "Total Cost": 2000013878470.18, "Plan Rows": 3296318, "Plan Width": 8, "Actual Startup Time": 0.119, "Actual Total Time": 1813.97, "Actual Rows": 2728943, "Actual Loops": 1, "Inner Unique": false, "Plans": [{"Node Type": "Index Scan", "Parent Relationship": "Outer", "Scan Direction": "Forward", "Index Name": "role_type_pkey", "Relation Name": "role_type", "Alias": "rt", "Startup Cost": 10000000000.0, "Total Cost": 1000000001246.0, "Plan Rows": 1, "Plan Width": 4, "Actual Startup Time": 0.068, "Actual Total Time": 0.088, "Actual Rows": 1, "Actual Loops": 1, "Filter": "((role)::text = 'writer'::text)", "Rows Removed by Filter": 11}, {"Node Type": "Index Scan", "Parent Relationship": "Inner", "Scan Direction": "Forward", "Index Name": "role_id_cast_info", "Relation Name": "cast_info", "Alias": "ci", "Startup Cost": 10000000000.0, "Total Cost": 1000013844261.0, "Plan Rows": 3296318, "Plan Width": 12, "Actual Startup Time": 0.037, "Actual Total Time": 1296.956, "Actual Rows": 2728943, "Actual Loops": 1, "Index Cond": "(role_id = rt.id), (LLVM Optimized, Jit Execute)", "Rows Removed by Index Recheck": 0}]}]}]}, {"Node Type": "Index Scan", "Parent Relationship": "Inner", "Scan Direction": "Forward", "Index Name": "title_pkey", "Relation Name": "title", "Alias": "t", "Startup Cost": 10000000000.0, "Total Cost": 1000011012048.91, "Plan Rows": 2528311, "Plan Width": 21, "Actual Startup Time": 0.056, "Actual Total Time": 3012.302, "Actual Rows": 2525743, "Actual Loops": 1}]}]}]}]}, "Triggers": [], "Planner Runtime": 107, "Total Runtime": 17618.221, "Unique SQL Id": 2457761703}}, "(1, 92)": {"explain_plan": {"Plan": {"Node Type": "Aggregate", "Strategy": "Plain", "Startup Cost": 1196640.37, "Total Cost": 1196640.38, "Plan Rows": 1, "Plan Width": 97, "Plans": [{"Node Type": "Nested Loop", "Parent Relationship": "Outer", "Join Type": "Inner", "Startup Cost": 920804.93, "Total Cost": 1194854.88, "Plan Rows": 357098, "Plan Width": 33, "Inner Unique": true, "Join Filter": "(a1.person_id = n1.id), (LLVM Optimized)", "Plans": [{"Node Type": "Nested Loop", "Parent Relationship": "Outer", "Join Type": "Inner", "Startup Cost": 920804.93, "Total Cost": 1091336.23, "Plan Rows": 357098, "Plan Width": 41, "Inner Unique": true, "Plans": [{"Node Type": "Merge Join", "Parent Relationship": "Outer", "Join Type": "Inner", "Startup Cost": 920804.93, "Total Cost": 989533.89, "Plan Rows": 357379, "Plan Width": 32, "Inner Unique": false, "Merge Cond": "(a1.person_id = ci.person_id)", "Plans": [{"Node Type": "Index Scan", "Parent Relationship": "Outer", "Scan Direction": "Forward", "Index Name": "person_id_aka_name", "Relation Name": "aka_name", "Alias": "a1", "Startup Cost": 0.0, "Total Cost": 68965.03, "Plan Rows": 901342, "Plan Width": 20}, {"Node Type": "Sort", "Parent Relationship": "Inner", "Startup Cost": 920804.86, "Total Cost": 922582.4, "Plan Rows": 711018, "Plan Width": 12, "Sort Key": ["ci.person_id"], "Plans": [{"Node Type": "Merge Join", "Parent Relationship": "Outer", "Join Type": "Inner", "Startup Cost": 812099.84, "Total Cost": 851695.59, "Plan Rows": 711018, "Plan Width": 12, "Inner Unique": false, "Merge Cond": "(mc.movie_id = ci.movie_id)", "Plans": [{"Node Type": "Sort", "Parent Relationship": "Outer", "Startup Cost": 283826.21, "Total Cost": 287031.99, "Plan Rows": 1282311, "Plan Width": 4, "Sort Key": ["mc.movie_id"], "Plans": [{"Node Type": "Merge Join", "Parent Relationship": "Outer", "Join Type": "Inner", "Startup Cost": 3383.04, "Total Cost": 153733.74, "Plan Rows": 1282311, "Plan Width": 4, "Inner Unique": false, "Merge Cond": "(cn.id = mc.company_id)", "Plans": [{"Node Type": "Index Scan", "Parent Relationship": "Outer", "Scan Direction": "Forward", "Index Name": "company_name_pkey", "Relation Name": "company_name", "Alias": "cn", "Startup Cost": 0.0, "Total Cost": 10501.39, "Plan Rows": 85170, "Plan Width": 4, "Filter": "((country_code)::text = '[us]'::text)"}, {"Node Type": "Index Scan", "Parent Relationship": "Inner", "Scan Direction": "Forward", "Index Name": "company_id_movie_companies", "Relation Name": "movie_companies", "Alias": "mc", "Startup Cost": 0.0, "Total Cost": 123673.5, "Plan Rows": 2609128, "Plan Width": 8}]}]}, {"Node Type": "Sort", "Parent Relationship": "Inner", "Startup Cost": 528273.31, "Total Cost": 536514.11, "Plan Rows": 3296318, "Plan Width": 8, "Sort Key": ["ci.movie_id"], "Plans": [{"Node Type": "Nested Loop", "Parent Relationship": "Outer", "Join Type": "Inner", "Startup Cost": 0.0, "Total Cost": 171406.94, "Plan Rows": 3296318, "Plan Width": 8, "Inner Unique": false, "Plans": [{"Node Type": "Seq Scan", "Parent Relationship": "Outer", "Relation Name": "role_type", "Alias": "rt", "Startup Cost": 0.0, "Total Cost": 1.15, "Plan Rows": 1, "Plan Width": 4, "Filter": "((role)::text = 'writer'::text)"}, {"Node Type": "Index Scan", "Parent Relationship": "Inner", "Scan Direction": "Forward", "Index Name": "role_id_cast_info", "Relation Name": "cast_info", "Alias": "ci", "Startup Cost": 0.0, "Total Cost": 138442.61, "Plan Rows": 3296318, "Plan Width": 12, "Index Cond": "(role_id = rt.id), (LLVM Optimized)"}]}]}]}]}]}, {"Node Type": "Index Scan", "Parent Relationship": "Inner", "Scan Direction": "Forward", "Index Name": "title_pkey", "Relation Name": "title", "Alias": "t", "Startup Cost": 0.0, "Total Cost": 0.27, "Plan Rows": 1, "Plan Width": 21, "Index Cond": "(id = ci.movie_id)"}]}, {"Node Type": "Index Scan", "Parent Relationship": "Inner", "Scan Direction": "Forward", "Index Name": "name_pkey", "Relation Name": "name", "Alias": "n1", "Startup Cost": 0.0, "Total Cost": 0.28, "Plan Rows": 1, "Plan Width": 4, "Index Cond": "(id = ci.person_id)"}]}]}, "Unique SQL Id": 2457761703, "Planner Runtime": 40}, "explain_analyze_plan": null}, "(1, 93)": {"explain_plan": {"Plan": {"Node Type": "Aggregate", "Strategy": "Plain", "Startup Cost": 1196651.68, "Total Cost": 1196651.69, "Plan Rows": 1, "Plan Width": 97, "Plans": [{"Node Type": "Nested Loop", "Parent Relationship": "Outer", "Join Type": "Inner", "Startup Cost": 920816.24, "Total Cost": 1194866.19, "Plan Rows": 357098, "Plan Width": 33, "Inner Unique": true, "Join Filter": "(a1.person_id = n1.id), (LLVM Optimized)", "Plans": [{"Node Type": "Nested Loop", "Parent Relationship": "Outer", "Join Type": "Inner", "Startup Cost": 920816.24, "Total Cost": 1091347.54, "Plan Rows": 357098, "Plan Width": 41, "Inner Unique": true, "Plans": [{"Node Type": "Merge Join", "Parent Relationship": "Outer", "Join Type": "Inner", "Startup Cost": 920816.24, "Total Cost": 989545.2, "Plan Rows": 357379, "Plan Width": 32, "Inner Unique": false, "Merge Cond": "(ci.person_id = a1.person_id)", "Plans": [{"Node Type": "Sort", "Parent Relationship": "Outer", "Startup Cost": 920816.17, "Total Cost": 922593.71, "Plan Rows": 711018, "Plan Width": 12, "Sort Key": ["ci.person_id"], "Plans": [{"Node Type": "Merge Join", "Parent Relationship": "Outer", "Join Type": "Inner", "Startup Cost": 812111.15, "Total Cost": 851706.9, "Plan Rows": 711018, "Plan Width": 12, "Inner Unique": false, "Merge Cond": "(mc.movie_id = ci.movie_id)", "Plans": [{"Node Type": "Sort", "Parent Relationship": "Outer", "Startup Cost": 283826.21, "Total Cost": 287031.99, "Plan Rows": 1282311, "Plan Width": 4, "Sort Key": ["mc.movie_id"], "Plans": [{"Node Type": "Merge Join", "Parent Relationship": "Outer", "Join Type": "Inner", "Startup Cost": 3383.04, "Total Cost": 153733.74, "Plan Rows": 1282311, "Plan Width": 4, "Inner Unique": false, "Merge Cond": "(cn.id = mc.company_id)", "Plans": [{"Node Type": "Index Scan", "Parent Relationship": "Outer", "Scan Direction": "Forward", "Index Name": "company_name_pkey", "Relation Name": "company_name", "Alias": "cn", "Startup Cost": 0.0, "Total Cost": 10501.39, "Plan Rows": 85170, "Plan Width": 4, "Filter": "((country_code)::text = '[us]'::text)"}, {"Node Type": "Index Scan", "Parent Relationship": "Inner", "Scan Direction": "Forward", "Index Name": "company_id_movie_companies", "Relation Name": "movie_companies", "Alias": "mc", "Startup Cost": 0.0, "Total Cost": 123673.5, "Plan Rows": 2609128, "Plan Width": 8}]}]}, {"Node Type": "Sort", "Parent Relationship": "Inner", "Startup Cost": 528284.62, "Total Cost": 536525.42, "Plan Rows": 3296318, "Plan Width": 8, "Sort Key": ["ci.movie_id"], "Plans": [{"Node Type": "Nested Loop", "Parent Relationship": "Outer", "Join Type": "Inner", "Startup Cost": 0.0, "Total Cost": 171418.25, "Plan Rows": 3296318, "Plan Width": 8, "Inner Unique": false, "Plans": [{"Node Type": "Index Scan", "Parent Relationship": "Outer", "Scan Direction": "Forward", "Index Name": "role_type_pkey", "Relation Name": "role_type", "Alias": "rt", "Startup Cost": 0.0, "Total Cost": 12.46, "Plan Rows": 1, "Plan Width": 4, "Filter": "((role)::text = 'writer'::text)"}, {"Node Type": "Index Scan", "Parent Relationship": "Inner", "Scan Direction": "Forward", "Index Name": "role_id_cast_info", "Relation Name": "cast_info", "Alias": "ci", "Startup Cost": 0.0, "Total Cost": 138442.61, "Plan Rows": 3296318, "Plan Width": 12, "Index Cond": "(role_id = rt.id), (LLVM Optimized)"}]}]}]}]}, {"Node Type": "Index Scan", "Parent Relationship": "Inner", "Scan Direction": "Forward", "Index Name": "person_id_aka_name", "Relation Name": "aka_name", "Alias": "a1", "Startup Cost": 0.0, "Total Cost": 68965.03, "Plan Rows": 901342, "Plan Width": 20}]}, {"Node Type": "Index Scan", "Parent Relationship": "Inner", "Scan Direction": "Forward", "Index Name": "title_pkey", "Relation Name": "title", "Alias": "t", "Startup Cost": 0.0, "Total Cost": 0.27, "Plan Rows": 1, "Plan Width": 21, "Index Cond": "(id = ci.movie_id)"}]}, {"Node Type": "Index Scan", "Parent Relationship": "Inner", "Scan Direction": "Forward", "Index Name": "name_pkey", "Relation Name": "name", "Alias": "n1", "Startup Cost": 0.0, "Total Cost": 0.28, "Plan Rows": 1, "Plan Width": 4, "Index Cond": "(id = ci.person_id)"}]}]}, "Unique SQL Id": 2457761703, "Planner Runtime": 38}, "explain_analyze_plan": null}, "(1, 94)": {"explain_plan": {"Plan": {"Node Type": "Aggregate", "Strategy": "Plain", "Startup Cost": 7372077.37, "Total Cost": 7372077.38, "Plan Rows": 1, "Plan Width": 97, "Plans": [{"Node Type": "Merge Join", "Parent Relationship": "Outer", "Join Type": "Inner", "Startup Cost": 7334347.39, "Total Cost": 7370291.88, "Plan Rows": 357098, "Plan Width": 33, "Inner Unique": true, "Merge Cond": "(a1.person_id = n1.id)", "Plans": [{"Node Type": "Merge Join", "Parent Relationship": "Outer", "Join Type": "Inner", "Startup Cost": 6783044.04, "Total Cost": 6793688.06, "Plan Rows": 357098, "Plan Width": 41, "Inner Unique": false, "Merge Cond": "(ci.person_id = a1.person_id)", "Plans": [{"Node Type": "Sort", "Parent Relationship": "Outer", "Startup Cost": 6673985.1, "Total Cost": 6675761.24, "Plan Rows": 710459, "Plan Width": 21, "Sort Key": ["ci.person_id"], "Plans": [{"Node Type": "Merge Join", "Parent Relationship": "Outer", "Join Type": "Inner", "Startup Cost": 6543826.32, "Total Cost": 6604934.19, "Plan Rows": 710459, "Plan Width": 21, "Inner Unique": true, "Merge Cond": "(ci.movie_id = t.id)", "Plans": [{"Node Type": "Merge Join", "Parent Relationship": "Outer", "Join Type": "Inner", "Startup Cost": 6214874.3, "Total Cost": 6254470.05, "Plan Rows": 711018, "Plan Width": 12, "Inner Unique": false, "Merge Cond": "(mc.movie_id = ci.movie_id)", "Plans": [{"Node Type": "Sort", "Parent Relationship": "Outer", "Startup Cost": 489151.99, "Total Cost": 492357.77, "Plan Rows": 1282311, "Plan Width": 4, "Sort Key": ["mc.movie_id"], "Plans": [{"Node Type": "Merge Join", "Parent Relationship": "Outer", "Join Type": "Inner", "Startup Cost": 333103.9, "Total Cost": 359059.52, "Plan Rows": 1282311, "Plan Width": 4, "Inner Unique": false, "Merge Cond": "(cn.id = mc.company_id)", "Plans": [{"Node Type": "Sort", "Parent Relationship": "Outer", "Startup Cost": 12878.05, "Total Cost": 13090.97, "Plan Rows": 85170, "Plan Width": 4, "Sort Key": ["cn.id"], "Plans": [{"Node Type": "Seq Scan", "Parent Relationship": "Outer", "Relation Name": "company_name", "Alias": "cn", "Startup Cost": 0.0, "Total Cost": 5903.45, "Plan Rows": 85170, "Plan Width": 4, "Filter": "((country_code)::text = '[us]'::text)"}]}, {"Node Type": "Sort", "Parent Relationship": "Inner", "Startup Cost": 319886.87, "Total Cost": 326409.69, "Plan Rows": 2609128, "Plan Width": 8, "Sort Key": ["mc.company_id"], "Plans": [{"Node Type": "Seq Scan", "Parent Relationship": "Outer", "Relation Name": "movie_companies", "Alias": "mc", "Startup Cost": 0.0, "Total Cost": 41817.28, "Plan Rows": 2609128, "Plan Width": 8}]}]}]}, {"Node Type": "Sort", "Parent Relationship": "Inner", "Startup Cost": 5725721.99, "Total Cost": 5733962.79, "Plan Rows": 3296318, "Plan Width": 8, "Sort Key": ["ci.movie_id"], "Plans": [{"Node Type": "Merge Join", "Parent Relationship": "Outer", "Join Type": "Inner", "Startup Cost": 5154594.96, "Total Cost": 5368855.62, "Plan Rows": 3296318, "Plan Width": 8, "Inner Unique": false, "Merge Cond": "(rt.id = ci.role_id)", "Plans": [{"Node Type": "Sort", "Parent Relationship": "Outer", "Startup Cost": 1.16, "Total Cost": 1.16, "Plan Rows": 1, "Plan Width": 4, "Sort Key": ["rt.id"], "Plans": [{"Node Type": "Seq Scan", "Parent Relationship": "Outer", "Relation Name": "role_type", "Alias": "rt", "Startup Cost": 0.0, "Total Cost": 1.15, "Plan Rows": 1, "Plan Width": 4, "Filter": "((role)::text = 'writer'::text)"}]}, {"Node Type": "Sort", "Parent Relationship": "Inner", "Startup Cost": 5154593.8, "Total Cost": 5245242.54, "Plan Rows": 36259494, "Plan Width": 12, "Sort Key": ["ci.role_id"], "Plans": [{"Node Type": "Seq Scan", "Parent Relationship": "Outer", "Relation Name": "cast_info", "Alias": "ci", "Startup Cost": 0.0, "Total Cost": 601877.94, "Plan Rows": 36259494, "Plan Width": 12}]}]}]}]}, {"Node Type": "Sort", "Parent Relationship": "Inner", "Startup Cost": 328951.73, "Total Cost": 335272.51, "Plan Rows": 2528311, "Plan Width": 21, "Sort Key": ["t.id"], "Plans": [{"Node Type": "Seq Scan", "Parent Relationship": "Outer", "Relation Name": "title", "Alias": "t", "Startup Cost": 0.0, "Total Cost": 60069.11, "Plan Rows": 2528311, "Plan Width": 21}]}]}]}, {"Node Type": "Sort", "Parent Relationship": "Inner", "Startup Cost": 109058.87, "Total Cost": 111312.23, "Plan Rows": 901342, "Plan Width": 20, "Sort Key": ["a1.person_id"], "Plans": [{"Node Type": "Seq Scan", "Parent Relationship": "Outer", "Relation Name": "aka_name", "Alias": "a1", "Startup Cost": 0.0, "Total Cost": 19908.42, "Plan Rows": 901342, "Plan Width": 20}]}]}, {"Node Type": "Sort", "Parent Relationship": "Inner", "Startup Cost": 551303.0, "Total Cost": 561721.72, "Plan Rows": 4167490, "Plan Width": 4, "Sort Key": ["n1.id"], "Plans": [{"Node Type": "Seq Scan", "Parent Relationship": "Outer", "Relation Name": "name", "Alias": "n1", "Startup Cost": 0.0, "Total Cost": 93071.9, "Plan Rows": 4167490, "Plan Width": 4}]}]}]}, "Unique SQL Id": 2457761703, "Planner Runtime": 37}, "explain_analyze_plan": null}, "(1, 95)": {"explain_plan": {"Plan": {"Node Type": "Aggregate", "Strategy": "Plain", "Startup Cost": 6720857268518.5, "Total Cost": 6720857268518.51, "Plan Rows": 1, "Plan Width": 97, "Plans": [{"Node Type": "Merge Join", "Parent Relationship": "Outer", "Join Type": "Inner", "Startup Cost": 5019186702132.34, "Total Cost": 6720857266733.01, "Plan Rows": 357098, "Plan Width": 33, "Inner Unique": false, "Merge Cond": "(a1.person_id = ci.person_id)", "Plans": [{"Node Type": "Merge Join", "Parent Relationship": "Outer", "Join Type": "Inner", "Startup Cost": 20030754356.47, "Total Cost": 2000007674895.99, "Plan Rows": 901342, "Plan Width": 24, "Inner Unique": true, "Merge Cond": "(a1.person_id = n1.id)", "Plans": [{"Node Type": "Index Scan", "Parent Relationship": "Outer", "Scan Direction": "Forward", "Index Name": "person_id_aka_name", "Relation Name": "aka_name", "Alias": "a1", "Startup Cost": 10000000000.0, "Total Cost": 1000006896503.43, "Plan Rows": 901342, "Plan Width": 20}, {"Node Type": "Index Scan", "Parent Relationship": "Inner", "Scan Direction": "Forward", "Index Name": "name_pkey", "Relation Name": "name", "Alias": "n1", "Startup Cost": 10000000000.0, "Total Cost": 1000017623274.7, "Plan Rows": 4167490, "Plan Width": 4}]}, {"Node Type": "Sort", "Parent Relationship": "Inner", "Startup Cost": 4999155947775.81, "Total Cost": 4999155949551.95, "Plan Rows": 710459, "Plan Width": 21, "Sort Key": ["ci.person_id"], "Plans": [{"Node Type": "Merge Join", "Parent Relationship": "Outer", "Join Type": "Inner", "Startup Cost": 4010027802477.44, "Total Cost": 4999155878724.9, "Plan Rows": 710459, "Plan Width": 21, "Inner Unique": true, "Merge Cond": "(ci.movie_id = t.id)", "Plans": [{"Node Type": "Merge Join", "Parent Relationship": "Outer", "Join Type": "Inner", "Startup Cost": 4000027802477.15, "Total Cost": 4000027842072.9, "Plan Rows": 711018, "Plan Width": 12, "Inner Unique": false, "Merge Cond": "(mc.movie_id = ci.movie_id)", "Plans": [{"Node Type": "Sort", "Parent Relationship": "Outer", "Startup Cost": 2000013567140.28, "Total Cost": 2000013570346.05, "Plan Rows": 1282311, "Plan Width": 4, "Sort Key": ["mc.movie_id"], "Plans": [{"Node Type": "Merge Join", "Parent Relationship": "Outer", "Join Type": "Inner", "Startup Cost": 45724640147.62, "Total Cost": 2000013437047.81, "Plan Rows": 1282311, "Plan Width": 4, "Inner Unique": false, "Merge Cond": "(cn.id = mc.company_id)", "Plans": [{"Node Type": "Index Scan", "Parent Relationship": "Outer", "Scan Direction": "Forward", "Index Name": "company_name_pkey", "Relation Name": "company_name", "Alias": "cn", "Startup Cost": 10000000000.0, "Total Cost": 1000001050138.97, "Plan Rows": 85170, "Plan Width": 4, "Filter": "((country_code)::text = '[us]'::text)"}, {"Node Type": "Index Scan", "Parent Relationship": "Inner", "Scan Direction": "Forward", "Index Name": "company_id_movie_companies", "Relation Name": "movie_companies", "Alias": "mc", "Startup Cost": 10000000000.0, "Total Cost": 1000012367349.98, "Plan Rows": 2609128, "Plan Width": 8}]}]}, {"Node Type": "Sort", "Parent Relationship": "Inner", "Startup Cost": 2000014235336.55, "Total Cost": 2000014243577.35, "Plan Rows": 3296318, "Plan Width": 8, "Sort Key": ["ci.movie_id"], "Plans": [{"Node Type": "Nested Loop", "Parent Relationship": "Outer", "Join Type": "Inner", "Startup Cost": 20000000000.0, "Total Cost": 2000013878470.18, "Plan Rows": 3296318, "Plan Width": 8, "Inner Unique": false, "Plans": [{"Node Type": "Index Scan", "Parent Relationship": "Outer", "Scan Direction": "Forward", "Index Name": "role_type_pkey", "Relation Name": "role_type", "Alias": "rt", "Startup Cost": 10000000000.0, "Total Cost": 1000000001246.0, "Plan Rows": 1, "Plan Width": 4, "Filter": "((role)::text = 'writer'::text)"}, {"Node Type": "Index Scan", "Parent Relationship": "Inner", "Scan Direction": "Forward", "Index Name": "role_id_cast_info", "Relation Name": "cast_info", "Alias": "ci", "Startup Cost": 10000000000.0, "Total Cost": 1000013844261.0, "Plan Rows": 3296318, "Plan Width": 12, "Index Cond": "(role_id = rt.id), (LLVM Optimized)"}]}]}]}, {"Node Type": "Index Scan", "Parent Relationship": "Inner", "Scan Direction": "Forward", "Index Name": "title_pkey", "Relation Name": "title", "Alias": "t", "Startup Cost": 10000000000.0, "Total Cost": 1000011012048.91, "Plan Rows": 2528311, "Plan Width": 21}]}]}]}]}, "Unique SQL Id": 2457761703, "Planner Runtime": 108}, "explain_analyze_plan": {"Plan": {"Node Type": "Aggregate", "Strategy": "Plain", "Startup Cost": 6720857268518.5, "Total Cost": 6720857268518.51, "Plan Rows": 1, "Plan Width": 97, "Actual Startup Time": 19960.226, "Actual Total Time": 19960.226, "Actual Rows": 1, "Actual Loops": 1, "Plans": [{"Node Type": "Merge Join", "Parent Relationship": "Outer", "Join Type": "Inner", "Startup Cost": 5019186702132.34, "Total Cost": 6720857266733.01, "Plan Rows": 357098, "Plan Width": 33, "Actual Startup Time": 13625.898, "Actual Total Time": 18737.531, "Actual Rows": 2487611, "Actual Loops": 1, "Inner Unique": false, "Merge Cond": "(a1.person_id = ci.person_id)", "Plans": [{"Node Type": "Merge Join", "Parent Relationship": "Outer", "Join Type": "Inner", "Startup Cost": 20030754356.47, "Total Cost": 2000007674895.99, "Plan Rows": 901342, "Plan Width": 24, "Actual Startup Time": 0.071, "Actual Total Time": 3849.555, "Actual Rows": 656209, "Actual Loops": 1, "Inner Unique": true, "Merge Cond": "(a1.person_id = n1.id)", "Plans": [{"Node Type": "Index Scan", "Parent Relationship": "Outer", "Scan Direction": "Forward", "Index Name": "person_id_aka_name", "Relation Name": "aka_name", "Alias": "a1", "Startup Cost": 10000000000.0, "Total Cost": 1000006896503.43, "Plan Rows": 901342, "Plan Width": 20, "Actual Startup Time": 0.03, "Actual Total Time": 450.972, "Actual Rows": 656209, "Actual Loops": 1}, {"Node Type": "Index Scan", "Parent Relationship": "Inner", "Scan Direction": "Forward", "Index Name": "name_pkey", "Relation Name": "name", "Alias": "n1", "Startup Cost": 10000000000.0, "Total Cost": 1000017623274.7, "Plan Rows": 4167490, "Plan Width": 4, "Actual Startup Time": 0.023, "Actual Total Time": 2592.872, "Actual Rows": 3228373, "Actual Loops": 1}]}, {"Node Type": "Sort", "Parent Relationship": "Inner", "Startup Cost": 4999155947775.81, "Total Cost": 4999155949551.95, "Plan Rows": 710459, "Plan Width": 21, "Actual Startup Time": 13625.73, "Actual Total Time": 14092.071, "Actual Rows": 3411048, "Actual Loops": 1, "Sort Key": ["ci.person_id"], "Sort Method": "quicksort", "Sort Space Used": 240236, "Sort Space Type": "Memory", "Plans": [{"Node Type": "Merge Join", "Parent Relationship": "Outer", "Join Type": "Inner", "Startup Cost": 4010027802477.44, "Total Cost": 4999155878724.9, "Plan Rows": 710459, "Plan Width": 21, "Actual Startup Time": 7351.291, "Actual Total Time": 12900.237, "Actual Rows": 1970658, "Actual Loops": 1, "Inner Unique": true, "Merge Cond": "(ci.movie_id = t.id)", "Plans": [{"Node Type": "Merge Join", "Parent Relationship": "Outer", "Join Type": "Inner", "Startup Cost": 4000027802477.15, "Total Cost": 4000027842072.9, "Plan Rows": 711018, "Plan Width": 12, "Actual Startup Time": 7351.196, "Actual Total Time": 9037.532, "Actual Rows": 1970658, "Actual Loops": 1, "Inner Unique": false, "Merge Cond": "(mc.movie_id = ci.movie_id)", "Plans": [{"Node Type": "Sort", "Parent Relationship": "Outer", "Startup Cost": 2000013567140.28, "Total Cost": 2000013570346.05, "Plan Rows": 1282311, "Plan Width": 4, "Actual Startup Time": 4526.222, "Actual Total Time": 4731.879, "Actual Rows": 1153797, "Actual Loops": 1, "Sort Key": ["mc.movie_id"], "Sort Method": "quicksort", "Sort Space Used": 121265, "Sort Space Type": "Memory", "Plans": [{"Node Type": "Merge Join", "Parent Relationship": "Outer", "Join Type": "Inner", "Startup Cost": 45724640147.62, "Total Cost": 2000013437047.81, "Plan Rows": 1282311, "Plan Width": 4, "Actual Startup Time": 0.053, "Actual Total Time": 4082.573, "Actual Rows": 1153797, "Actual Loops": 1, "Inner Unique": false, "Merge Cond": "(cn.id = mc.company_id)", "Plans": [{"Node Type": "Index Scan", "Parent Relationship": "Outer", "Scan Direction": "Forward", "Index Name": "company_name_pkey", "Relation Name": "company_name", "Alias": "cn", "Startup Cost": 10000000000.0, "Total Cost": 1000001050138.97, "Plan Rows": 85170, "Plan Width": 4, "Actual Startup Time": 0.03, "Actual Total Time": 363.632, "Actual Rows": 84843, "Actual Loops": 1, "Filter": "((country_code)::text = '[us]'::text)", "Rows Removed by Filter": 150153}, {"Node Type": "Index Scan", "Parent Relationship": "Inner", "Scan Direction": "Forward", "Index Name": "company_id_movie_companies", "Relation Name": "movie_companies", "Alias": "mc", "Startup Cost": 10000000000.0, "Total Cost": 1000012367349.98, "Plan Rows": 2609128, "Plan Width": 8, "Actual Startup Time": 0.02, "Actual Total Time": 3158.813, "Actual Rows": 2609128, "Actual Loops": 1}]}]}, {"Node Type": "Sort", "Parent Relationship": "Inner", "Startup Cost": 2000014235336.55, "Total Cost": 2000014243577.35, "Plan Rows": 3296318, "Plan Width": 8, "Actual Startup Time": 2824.875, "Actual Total Time": 3361.134, "Actual Rows": 3863824, "Actual Loops": 1, "Sort Key": ["ci.movie_id"], "Sort Method": "quicksort", "Sort Space Used": 268863, "Sort Space Type": "Memory", "Plans": [{"Node Type": "Nested Loop", "Parent Relationship": "Outer", "Join Type": "Inner", "Startup Cost": 20000000000.0, "Total Cost": 2000013878470.18, "Plan Rows": 3296318, "Plan Width": 8, "Actual Startup Time": 0.132, "Actual Total Time": 1810.454, "Actual Rows": 2728943, "Actual Loops": 1, "Inner Unique": false, "Plans": [{"Node Type": "Index Scan", "Parent Relationship": "Outer", "Scan Direction": "Forward", "Index Name": "role_type_pkey", "Relation Name": "role_type", "Alias": "rt", "Startup Cost": 10000000000.0, "Total Cost": 1000000001246.0, "Plan Rows": 1, "Plan Width": 4, "Actual Startup Time": 0.077, "Actual Total Time": 0.093, "Actual Rows": 1, "Actual Loops": 1, "Filter": "((role)::text = 'writer'::text)", "Rows Removed by Filter": 11}, {"Node Type": "Index Scan", "Parent Relationship": "Inner", "Scan Direction": "Forward", "Index Name": "role_id_cast_info", "Relation Name": "cast_info", "Alias": "ci", "Startup Cost": 10000000000.0, "Total Cost": 1000013844261.0, "Plan Rows": 3296318, "Plan Width": 12, "Actual Startup Time": 0.039, "Actual Total Time": 1291.83, "Actual Rows": 2728943, "Actual Loops": 1, "Index Cond": "(role_id = rt.id), (LLVM Optimized, Jit Execute)", "Rows Removed by Index Recheck": 0}]}]}]}, {"Node Type": "Index Scan", "Parent Relationship": "Inner", "Scan Direction": "Forward", "Index Name": "title_pkey", "Relation Name": "title", "Alias": "t", "Startup Cost": 10000000000.0, "Total Cost": 1000011012048.91, "Plan Rows": 2528311, "Plan Width": 21, "Actual Startup Time": 0.059, "Actual Total Time": 2875.08, "Actual Rows": 2525743, "Actual Loops": 1}]}]}]}]}, "Triggers": [], "Planner Runtime": 108, "Total Runtime": 19970.436, "Unique SQL Id": 2457761703}}, "(1, 96)": {"explain_plan": {"Plan": {"Node Type": "Aggregate", "Strategy": "Plain", "Startup Cost": 589695.38, "Total Cost": 589695.39, "Plan Rows": 1, "Plan Width": 97, "Plans": [{"Node Type": "Hash Join", "Parent Relationship": "Outer", "Join Type": "Inner", "Startup Cost": 561014.71, "Total Cost": 587909.89, "Plan Rows": 357098, "Plan Width": 33, "Inner Unique": false, "Hash Cond": "(a1.person_id = n1.id), (LLVM Optimized)", "Plans": [{"Node Type": "Seq Scan", "Parent Relationship": "Outer", "Relation Name": "aka_name", "Alias": "a1", "Startup Cost": 0.0, "Total Cost": 19908.42, "Plan Rows": 901342, "Plan Width": 20}, {"Node Type": "Hash", "Parent Relationship": "Inner", "Startup Cost": 552133.97, "Total Cost": 552133.97, "Plan Rows": 710459, "Plan Width": 25, "Plans": [{"Node Type": "Hash Join", "Parent Relationship": "Outer", "Join Type": "Inner", "Startup Cost": 341891.88, "Total Cost": 552133.97, "Plan Rows": 710459, "Plan Width": 25, "Inner Unique": true, "Hash Cond": "(ci.person_id = n1.id), (LLVM Optimized)", "Plans": [{"Node Type": "Hash Join", "Parent Relationship": "Outer", "Join Type": "Inner", "Startup Cost": 196726.36, "Total Cost": 397199.64, "Plan Rows": 710459, "Plan Width": 21, "Inner Unique": false, "Hash Cond": "(ci.movie_id = t.id), (LLVM Optimized)", "Plans": [{"Node Type": "Nested Loop", "Parent Relationship": "Outer", "Join Type": "Inner", "Startup Cost": 0.0, "Total Cost": 171406.94, "Plan Rows": 3296318, "Plan Width": 8, "Inner Unique": false, "Plans": [{"Node Type": "Seq Scan", "Parent Relationship": "Outer", "Relation Name": "role_type", "Alias": "rt", "Startup Cost": 0.0, "Total Cost": 1.15, "Plan Rows": 1, "Plan Width": 4, "Filter": "((role)::text = 'writer'::text)"}, {"Node Type": "Index Scan", "Parent Relationship": "Inner", "Scan Direction": "Forward", "Index Name": "role_id_cast_info", "Relation Name": "cast_info", "Alias": "ci", "Startup Cost": 0.0, "Total Cost": 138442.61, "Plan Rows": 3296318, "Plan Width": 12, "Index Cond": "(role_id = rt.id), (LLVM Optimized)"}]}, {"Node Type": "Hash", "Parent Relationship": "Inner", "Startup Cost": 180697.47, "Total Cost": 180697.47, "Plan Rows": 1282311, "Plan Width": 25, "Plans": [{"Node Type": "Hash Join", "Parent Relationship": "Outer", "Join Type": "Inner", "Startup Cost": 98641.07, "Total Cost": 180697.47, "Plan Rows": 1282311, "Plan Width": 25, "Inner Unique": true, "Hash Cond": "(mc.movie_id = t.id), (LLVM Optimized)", "Plans": [{"Node Type": "Hash Join", "Parent Relationship": "Outer", "Join Type": "Inner", "Startup Cost": 6968.08, "Total Cost": 71392.69, "Plan Rows": 1282311, "Plan Width": 4, "Inner Unique": true, "Hash Cond": "(mc.company_id = cn.id), (LLVM Optimized)", "Plans": [{"Node Type": "Seq Scan", "Parent Relationship": "Outer", "Relation Name": "movie_companies", "Alias": "mc", "Startup Cost": 0.0, "Total Cost": 41817.28, "Plan Rows": 2609128, "Plan Width": 8}, {"Node Type": "Hash", "Parent Relationship": "Inner", "Startup Cost": 5903.45, "Total Cost": 5903.45, "Plan Rows": 85170, "Plan Width": 4, "Plans": [{"Node Type": "Seq Scan", "Parent Relationship": "Outer", "Relation Name": "company_name", "Alias": "cn", "Startup Cost": 0.0, "Total Cost": 5903.45, "Plan Rows": 85170, "Plan Width": 4, "Filter": "((country_code)::text = '[us]'::text)"}]}]}, {"Node Type": "Hash", "Parent Relationship": "Inner", "Startup Cost": 60069.11, "Total Cost": 60069.11, "Plan Rows": 2528311, "Plan Width": 21, "Plans": [{"Node Type": "Seq Scan", "Parent Relationship": "Outer", "Relation Name": "title", "Alias": "t", "Startup Cost": 0.0, "Total Cost": 60069.11, "Plan Rows": 2528311, "Plan Width": 21}]}]}]}]}, {"Node Type": "Hash", "Parent Relationship": "Inner", "Startup Cost": 93071.9, "Total Cost": 93071.9, "Plan Rows": 4167490, "Plan Width": 4, "Plans": [{"Node Type": "Index Only Scan", "Parent Relationship": "Outer", "Scan Direction": "Forward", "Index Name": "name_pkey", "Relation Name": "name", "Alias": "n1", "Startup Cost": 0.0, "Total Cost": 93071.9, "Plan Rows": 4167490, "Plan Width": 4}]}]}]}]}]}, "Unique SQL Id": 2457761703, "Planner Runtime": 46}, "explain_analyze_plan": {"Plan": {"Node Type": "Aggregate", "Strategy": "Plain", "Startup Cost": 589695.38, "Total Cost": 589695.39, "Plan Rows": 1, "Plan Width": 97, "Actual Startup Time": 14072.025, "Actual Total Time": 14072.025, "Actual Rows": 1, "Actual Loops": 1, "Plans": [{"Node Type": "Hash Join", "Parent Relationship": "Outer", "Join Type": "Inner", "Startup Cost": 561014.71, "Total Cost": 587909.89, "Plan Rows": 357098, "Plan Width": 33, "Actual Startup Time": 11691.826, "Actual Total Time": 12949.869, "Actual Rows": 2487611, "Actual Loops": 1, "Inner Unique": false, "Hash Cond": "(a1.person_id = n1.id), (LLVM Optimized, Jit Execute)", "Plans": [{"Node Type": "Seq Scan", "Parent Relationship": "Outer", "Relation Name": "aka_name", "Alias": "a1", "Startup Cost": 0.0, "Total Cost": 19908.42, "Plan Rows": 901342, "Plan Width": 20, "Actual Startup Time": 0.025, "Actual Total Time": 229.004, "Actual Rows": 901342, "Actual Loops": 1}, {"Node Type": "Hash", "Parent Relationship": "Inner", "Startup Cost": 552133.97, "Total Cost": 552133.97, "Plan Rows": 710459, "Plan Width": 25, "Actual Startup Time": 11687.273, "Actual Total Time": 11687.273, "Actual Rows": 1970658, "Actual Loops": 1, "Hash Buckets": 1048576, "Hash Batches": 1, "Original Hash Batches": 1, "Peak Memory Usage": 112799, "Plans": [{"Node Type": "Hash Join", "Parent Relationship": "Outer", "Join Type": "Inner", "Startup Cost": 341891.88, "Total Cost": 552133.97, "Plan Rows": 710459, "Plan Width": 25, "Actual Startup Time": 7023.074, "Actual Total Time": 11105.664, "Actual Rows": 1970658, "Actual Loops": 1, "Inner Unique": true, "Hash Cond": "(ci.person_id = n1.id), (LLVM Optimized, Jit Execute)", "Plans": [{"Node Type": "Hash Join", "Parent Relationship": "Outer", "Join Type": "Inner", "Startup Cost": 196726.36, "Total Cost": 397199.64, "Plan Rows": 710459, "Plan Width": 21, "Actual Startup Time": 4514.333, "Actual Total Time": 7831.613, "Actual Rows": 1970658, "Actual Loops": 1, "Inner Unique": false, "Hash Cond": "(ci.movie_id = t.id), (LLVM Optimized, Jit Execute)", "Plans": [{"Node Type": "Nested Loop", "Parent Relationship": "Outer", "Join Type": "Inner", "Startup Cost": 0.0, "Total Cost": 171406.94, "Plan Rows": 3296318, "Plan Width": 8, "Actual Startup Time": 0.114, "Actual Total Time": 1874.763, "Actual Rows": 2728943, "Actual Loops": 1, "Inner Unique": false, "Plans": [{"Node Type": "Seq Scan", "Parent Relationship": "Outer", "Relation Name": "role_type", "Alias": "rt", "Startup Cost": 0.0, "Total Cost": 1.15, "Plan Rows": 1, "Plan Width": 4, "Actual Startup Time": 0.054, "Actual Total Time": 0.07, "Actual Rows": 1, "Actual Loops": 1, "Filter": "((role)::text = 'writer'::text)", "Rows Removed by Filter": 11}, {"Node Type": "Index Scan", "Parent Relationship": "Inner", "Scan Direction": "Forward", "Index Name": "role_id_cast_info", "Relation Name": "cast_info", "Alias": "ci", "Startup Cost": 0.0, "Total Cost": 138442.61, "Plan Rows": 3296318, "Plan Width": 12, "Actual Startup Time": 0.05, "Actual Total Time": 1350.911, "Actual Rows": 2728943, "Actual Loops": 1, "Index Cond": "(role_id = rt.id), (LLVM Optimized, Jit Execute)", "Rows Removed by Index Recheck": 0}]}, {"Node Type": "Hash", "Parent Relationship": "Inner", "Startup Cost": 180697.47, "Total Cost": 180697.47, "Plan Rows": 1282311, "Plan Width": 25, "Actual Startup Time": 4504.326, "Actual Total Time": 4504.326, "Actual Rows": 1153797, "Actual Loops": 1, "Hash Buckets": 2097152, "Hash Batches": 1, "Original Hash Batches": 1, "Peak Memory Usage": 68508, "Plans": [{"Node Type": "Hash Join", "Parent Relationship": "Outer", "Join Type": "Inner", "Startup Cost": 98641.07, "Total Cost": 180697.47, "Plan Rows": 1282311, "Plan Width": 25, "Actual Startup Time": 1840.805, "Actual Total Time": 4017.099, "Actual Rows": 1153797, "Actual Loops": 1, "Inner Unique": true, "Hash Cond": "(mc.movie_id = t.id), (LLVM Optimized, Jit Execute)", "Plans": [{"Node Type": "Hash Join", "Parent Relationship": "Outer", "Join Type": "Inner", "Startup Cost": 6968.08, "Total Cost": 71392.69, "Plan Rows": 1282311, "Plan Width": 4, "Actual Startup Time": 112.721, "Actual Total Time": 1592.084, "Actual Rows": 1153797, "Actual Loops": 1, "Inner Unique": true, "Hash Cond": "(mc.company_id = cn.id), (LLVM Optimized, Jit Execute)", "Plans": [{"Node Type": "Seq Scan", "Parent Relationship": "Outer", "Relation Name": "movie_companies", "Alias": "mc", "Startup Cost": 0.0, "Total Cost": 41817.28, "Plan Rows": 2609128, "Plan Width": 8, "Actual Startup Time": 0.033, "Actual Total Time": 599.643, "Actual Rows": 2609128, "Actual Loops": 1}, {"Node Type": "Hash", "Parent Relationship": "Inner", "Startup Cost": 5903.45, "Total Cost": 5903.45, "Plan Rows": 85170, "Plan Width": 4, "Actual Startup Time": 112.588, "Actual Total Time": 112.588, "Actual Rows": 84843, "Actual Loops": 1, "Hash Buckets": 131072, "Hash Batches": 1, "Original Hash Batches": 1, "Peak Memory Usage": 2983, "Plans": [{"Node Type": "Seq Scan", "Parent Relationship": "Outer", "Relation Name": "company_name", "Alias": "cn", "Startup Cost": 0.0, "Total Cost": 5903.45, "Plan Rows": 85170, "Plan Width": 4, "Actual Startup Time": 0.026, "Actual Total Time": 90.104, "Actual Rows": 84843, "Actual Loops": 1, "Filter": "((country_code)::text = '[us]'::text)", "Rows Removed by Filter": 150153}]}]}, {"Node Type": "Hash", "Parent Relationship": "Inner", "Startup Cost": 60069.11, "Total Cost": 60069.11, "Plan Rows": 2528311, "Plan Width": 21, "Actual Startup Time": 1725.571, "Actual Total Time": 1725.571, "Actual Rows": 2528311, "Actual Loops": 1, "Hash Buckets": 4194304, "Hash Batches": 1, "Original Hash Batches": 1, "Peak Memory Usage": 135869, "Plans": [{"Node Type": "Seq Scan", "Parent Relationship": "Outer", "Relation Name": "title", "Alias": "t", "Startup Cost": 0.0, "Total Cost": 60069.11, "Plan Rows": 2528311, "Plan Width": 21, "Actual Startup Time": 0.028, "Actual Total Time": 799.762, "Actual Rows": 2528311, "Actual Loops": 1}]}]}]}]}, {"Node Type": "Hash", "Parent Relationship": "Inner", "Startup Cost": 93071.9, "Total Cost": 93071.9, "Plan Rows": 4167490, "Plan Width": 4, "Actual Startup Time": 2506.319, "Actual Total Time": 2506.319, "Actual Rows": 4167490, "Actual Loops": 1, "Hash Buckets": 4194304, "Hash Batches": 1, "Original Hash Batches": 1, "Peak Memory Usage": 146514, "Plans": [{"Node Type": "Index Only Scan", "Parent Relationship": "Outer", "Scan Direction": "Forward", "Index Name": "name_pkey", "Relation Name": "name", "Alias": "n1", "Startup Cost": 0.0, "Total Cost": 93071.9, "Plan Rows": 4167490, "Plan Width": 4, "Actual Startup Time": 0.034, "Actual Total Time": 1035.961, "Actual Rows": 4167490, "Actual Loops": 1, "Heap Fetches": 0}]}]}]}]}]}, "Triggers": [], "Planner Runtime": 45, "Total Runtime": 14086.627, "Unique SQL Id": 2457761703}}, "(1, 97)": {"explain_plan": {"Plan": {"Node Type": "Aggregate", "Strategy": "Plain", "Startup Cost": 807029.54, "Total Cost": 807029.55, "Plan Rows": 1, "Plan Width": 97, "Plans": [{"Node Type": "Hash Join", "Parent Relationship": "Outer", "Join Type": "Inner", "Startup Cost": 729292.26, "Total Cost": 805244.05, "Plan Rows": 357098, "Plan Width": 33, "Inner Unique": false, "Hash Cond": "(a1.person_id = n1.id), (LLVM Optimized)", "Plans": [{"Node Type": "Index Scan", "Parent Relationship": "Outer", "Scan Direction": "Forward", "Index Name": "person_id_aka_name", "Relation Name": "aka_name", "Alias": "a1", "Startup Cost": 0.0, "Total Cost": 68965.03, "Plan Rows": 901342, "Plan Width": 20}, {"Node Type": "Hash", "Parent Relationship": "Inner", "Startup Cost": 720411.52, "Total Cost": 720411.52, "Plan Rows": 710459, "Plan Width": 25, "Plans": [{"Node Type": "Hash Join", "Parent Relationship": "Outer", "Join Type": "Inner", "Startup Cost": 510158.12, "Total Cost": 720411.52, "Plan Rows": 710459, "Plan Width": 25, "Inner Unique": true, "Hash Cond": "(ci.person_id = n1.id), (LLVM Optimized)", "Plans": [{"Node Type": "Hash Join", "Parent Relationship": "Outer", "Join Type": "Inner", "Startup Cost": 333231.89, "Total Cost": 533716.49, "Plan Rows": 710459, "Plan Width": 21, "Inner Unique": false, "Hash Cond": "(ci.movie_id = t.id), (LLVM Optimized)", "Plans": [{"Node Type": "Nested Loop", "Parent Relationship": "Outer", "Join Type": "Inner", "Startup Cost": 0.0, "Total Cost": 171418.25, "Plan Rows": 3296318, "Plan Width": 8, "Inner Unique": false, "Plans": [{"Node Type": "Index Scan", "Parent Relationship": "Outer", "Scan Direction": "Forward", "Index Name": "role_type_pkey", "Relation Name": "role_type", "Alias": "rt", "Startup Cost": 0.0, "Total Cost": 12.46, "Plan Rows": 1, "Plan Width": 4, "Filter": "((role)::text = 'writer'::text)"}, {"Node Type": "Index Scan", "Parent Relationship": "Inner", "Scan Direction": "Forward", "Index Name": "role_id_cast_info", "Relation Name": "cast_info", "Alias": "ci", "Startup Cost": 0.0, "Total Cost": 138442.61, "Plan Rows": 3296318, "Plan Width": 12, "Index Cond": "(role_id = rt.id), (LLVM Optimized)"}]}, {"Node Type": "Hash", "Parent Relationship": "Inner", "Startup Cost": 317203.01, "Total Cost": 317203.01, "Plan Rows": 1282311, "Plan Width": 25, "Plans": [{"Node Type": "Hash Join", "Parent Relationship": "Outer", "Join Type": "Inner", "Startup Cost": 153290.39, "Total Cost": 317203.01, "Plan Rows": 1282311, "Plan Width": 25, "Inner Unique": true, "Hash Cond": "(mc.movie_id = t.id), (LLVM Optimized)", "Plans": [{"Node Type": "Hash Join", "Parent Relationship": "Outer", "Join Type": "Inner", "Startup Cost": 11566.01, "Total Cost": 157846.85, "Plan Rows": 1282311, "Plan Width": 4, "Inner Unique": true, "Hash Cond": "(mc.company_id = cn.id), (LLVM Optimized)", "Plans": [{"Node Type": "Index Scan", "Parent Relationship": "Outer", "Scan Direction": "Forward", "Index Name": "company_id_movie_companies", "Relation Name": "movie_companies", "Alias": "mc", "Startup Cost": 0.0, "Total Cost": 123673.5, "Plan Rows": 2609128, "Plan Width": 8}, {"Node Type": "Hash", "Parent Relationship": "Inner", "Startup Cost": 10501.39, "Total Cost": 10501.39, "Plan Rows": 85170, "Plan Width": 4, "Plans": [{"Node Type": "Index Scan", "Parent Relationship": "Outer", "Scan Direction": "Forward", "Index Name": "company_name_pkey", "Relation Name": "company_name", "Alias": "cn", "Startup Cost": 0.0, "Total Cost": 10501.39, "Plan Rows": 85170, "Plan Width": 4, "Filter": "((country_code)::text = '[us]'::text)"}]}]}, {"Node Type": "Hash", "Parent Relationship": "Inner", "Startup Cost": 110120.49, "Total Cost": 110120.49, "Plan Rows": 2528311, "Plan Width": 21, "Plans": [{"Node Type": "Index Scan", "Parent Relationship": "Outer", "Scan Direction": "Forward", "Index Name": "title_pkey", "Relation Name": "title", "Alias": "t", "Startup Cost": 0.0, "Total Cost": 110120.49, "Plan Rows": 2528311, "Plan Width": 21}]}]}]}]}, {"Node Type": "Hash", "Parent Relationship": "Inner", "Startup Cost": 124832.6, "Total Cost": 124832.6, "Plan Rows": 4167490, "Plan Width": 4, "Plans": [{"Node Type": "Index Only Scan", "Parent Relationship": "Outer", "Scan Direction": "Forward", "Index Name": "name_pkey", "Relation Name": "name", "Alias": "n1", "Startup Cost": 0.0, "Total Cost": 124832.6, "Plan Rows": 4167490, "Plan Width": 4}]}]}]}]}]}, "Unique SQL Id": 2457761703, "Planner Runtime": 38}, "explain_analyze_plan": {"Plan": {"Node Type": "Aggregate", "Strategy": "Plain", "Startup Cost": 807029.54, "Total Cost": 807029.55, "Plan Rows": 1, "Plan Width": 97, "Actual Startup Time": 19053.318, "Actual Total Time": 19053.318, "Actual Rows": 1, "Actual Loops": 1, "Plans": [{"Node Type": "Hash Join", "Parent Relationship": "Outer", "Join Type": "Inner", "Startup Cost": 729292.26, "Total Cost": 805244.05, "Plan Rows": 357098, "Plan Width": 33, "Actual Startup Time": 16037.177, "Actual Total Time": 17917.53, "Actual Rows": 2487611, "Actual Loops": 1, "Inner Unique": false, "Hash Cond": "(a1.person_id = n1.id), (LLVM Optimized, Jit Execute)", "Plans": [{"Node Type": "Index Scan", "Parent Relationship": "Outer", "Scan Direction": "Forward", "Index Name": "person_id_aka_name", "Relation Name": "aka_name", "Alias": "a1", "Startup Cost": 0.0, "Total Cost": 68965.03, "Plan Rows": 901342, "Plan Width": 20, "Actual Startup Time": 0.048, "Actual Total Time": 796.874, "Actual Rows": 901342, "Actual Loops": 1}, {"Node Type": "Hash", "Parent Relationship": "Inner", "Startup Cost": 720411.52, "Total Cost": 720411.52, "Plan Rows": 710459, "Plan Width": 25, "Actual Startup Time": 16030.86, "Actual Total Time": 16030.86, "Actual Rows": 1970658, "Actual Loops": 1, "Hash Buckets": 1048576, "Hash Batches": 1, "Original Hash Batches": 1, "Peak Memory Usage": 112799, "Plans": [{"Node Type": "Hash Join", "Parent Relationship": "Outer", "Join Type": "Inner", "Startup Cost": 510158.12, "Total Cost": 720411.52, "Plan Rows": 710459, "Plan Width": 25, "Actual Startup Time": 11412.962, "Actual Total Time": 15448.876, "Actual Rows": 1970658, "Actual Loops": 1, "Inner Unique": true, "Hash Cond": "(ci.person_id = n1.id), (LLVM Optimized, Jit Execute)", "Plans": [{"Node Type": "Hash Join", "Parent Relationship": "Outer", "Join Type": "Inner", "Startup Cost": 333231.89, "Total Cost": 533716.49, "Plan Rows": 710459, "Plan Width": 21, "Actual Startup Time": 8839.021, "Actual Total Time": 12108.1, "Actual Rows": 1970658, "Actual Loops": 1, "Inner Unique": false, "Hash Cond": "(ci.movie_id = t.id), (LLVM Optimized, Jit Execute)", "Plans": [{"Node Type": "Nested Loop", "Parent Relationship": "Outer", "Join Type": "Inner", "Startup Cost": 0.0, "Total Cost": 171418.25, "Plan Rows": 3296318, "Plan Width": 8, "Actual Startup Time": 0.115, "Actual Total Time": 1855.272, "Actual Rows": 2728943, "Actual Loops": 1, "Inner Unique": false, "Plans": [{"Node Type": "Index Scan", "Parent Relationship": "Outer", "Scan Direction": "Forward", "Index Name": "role_type_pkey", "Relation Name": "role_type", "Alias": "rt", "Startup Cost": 0.0, "Total Cost": 12.46, "Plan Rows": 1, "Plan Width": 4, "Actual Startup Time": 0.063, "Actual Total Time": 0.085, "Actual Rows": 1, "Actual Loops": 1, "Filter": "((role)::text = 'writer'::text)", "Rows Removed by Filter": 11}, {"Node Type": "Index Scan", "Parent Relationship": "Inner", "Scan Direction": "Forward", "Index Name": "role_id_cast_info", "Relation Name": "cast_info", "Alias": "ci", "Startup Cost": 0.0, "Total Cost": 138442.61, "Plan Rows": 3296318, "Plan Width": 12, "Actual Startup Time": 0.041, "Actual Total Time": 1330.383, "Actual Rows": 2728943, "Actual Loops": 1, "Index Cond": "(role_id = rt.id), (LLVM Optimized, Jit Execute)", "Rows Removed by Index Recheck": 0}]}, {"Node Type": "Hash", "Parent Relationship": "Inner", "Startup Cost": 317203.01, "Total Cost": 317203.01, "Plan Rows": 1282311, "Plan Width": 25, "Actual Startup Time": 8834.151, "Actual Total Time": 8834.151, "Actual Rows": 1153797, "Actual Loops": 1, "Hash Buckets": 2097152, "Hash Batches": 1, "Original Hash Batches": 1, "Peak Memory Usage": 68508, "Plans": [{"Node Type": "Hash Join", "Parent Relationship": "Outer", "Join Type": "Inner", "Startup Cost": 153290.39, "Total Cost": 317203.01, "Plan Rows": 1282311, "Plan Width": 25, "Actual Startup Time": 4497.733, "Actual Total Time": 8394.129, "Actual Rows": 1153797, "Actual Loops": 1, "Inner Unique": true, "Hash Cond": "(mc.movie_id = t.id), (LLVM Optimized, Jit Execute)", "Plans": [{"Node Type": "Hash Join", "Parent Relationship": "Outer", "Join Type": "Inner", "Startup Cost": 11566.01, "Total Cost": 157846.85, "Plan Rows": 1282311, "Plan Width": 4, "Actual Startup Time": 333.267, "Actual Total Time": 3568.77, "Actual Rows": 1153797, "Actual Loops": 1, "Inner Unique": true, "Hash Cond": "(mc.company_id = cn.id), (LLVM Optimized, Jit Execute)", "Plans": [{"Node Type": "Index Scan", "Parent Relationship": "Outer", "Scan Direction": "Forward", "Index Name": "company_id_movie_companies", "Relation Name": "movie_companies", "Alias": "mc", "Startup Cost": 0.0, "Total Cost": 123673.5, "Plan Rows": 2609128, "Plan Width": 8, "Actual Startup Time": 0.026, "Actual Total Time": 2485.274, "Actual Rows": 2609128, "Actual Loops": 1}, {"Node Type": "Hash", "Parent Relationship": "Inner", "Startup Cost": 10501.39, "Total Cost": 10501.39, "Plan Rows": 85170, "Plan Width": 4, "Actual Startup Time": 333.134, "Actual Total Time": 333.134, "Actual Rows": 84843, "Actual Loops": 1, "Hash Buckets": 131072, "Hash Batches": 1, "Original Hash Batches": 1, "Peak Memory Usage": 2983, "Plans": [{"Node Type": "Index Scan", "Parent Relationship": "Outer", "Scan Direction": "Forward", "Index Name": "company_name_pkey", "Relation Name": "company_name", "Alias": "cn", "Startup Cost": 0.0, "Total Cost": 10501.39, "Plan Rows": 85170, "Plan Width": 4, "Actual Startup Time": 0.031, "Actual Total Time": 302.403, "Actual Rows": 84843, "Actual Loops": 1, "Filter": "((country_code)::text = '[us]'::text)", "Rows Removed by Filter": 150153}]}]}, {"Node Type": "Hash", "Parent Relationship": "Inner", "Startup Cost": 110120.49, "Total Cost": 110120.49, "Plan Rows": 2528311, "Plan Width": 21, "Actual Startup Time": 4162.035, "Actual Total Time": 4162.035, "Actual Rows": 2528311, "Actual Loops": 1, "Hash Buckets": 4194304, "Hash Batches": 1, "Original Hash Batches": 1, "Peak Memory Usage": 135869, "Plans": [{"Node Type": "Index Scan", "Parent Relationship": "Outer", "Scan Direction": "Forward", "Index Name": "title_pkey", "Relation Name": "title", "Alias": "t", "Startup Cost": 0.0, "Total Cost": 110120.49, "Plan Rows": 2528311, "Plan Width": 21, "Actual Startup Time": 0.039, "Actual Total Time": 3055.453, "Actual Rows": 2528311, "Actual Loops": 1}]}]}]}]}, {"Node Type": "Hash", "Parent Relationship": "Inner", "Startup Cost": 124832.6, "Total Cost": 124832.6, "Plan Rows": 4167490, "Plan Width": 4, "Actual Startup Time": 2571.523, "Actual Total Time": 2571.523, "Actual Rows": 4167490, "Actual Loops": 1, "Hash Buckets": 4194304, "Hash Batches": 1, "Original Hash Batches": 1, "Peak Memory Usage": 146514, "Plans": [{"Node Type": "Index Only Scan", "Parent Relationship": "Outer", "Scan Direction": "Forward", "Index Name": "name_pkey", "Relation Name": "name", "Alias": "n1", "Startup Cost": 0.0, "Total Cost": 124832.6, "Plan Rows": 4167490, "Plan Width": 4, "Actual Startup Time": 0.035, "Actual Total Time": 1051.584, "Actual Rows": 4167490, "Actual Loops": 1, "Heap Fetches": 0}]}]}]}]}]}, "Triggers": [], "Planner Runtime": 38, "Total Runtime": 19067.919, "Unique SQL Id": 2457761703}}, "(1, 98)": {"explain_plan": {"Plan": {"Node Type": "Aggregate", "Strategy": "Plain", "Startup Cost": 808403.05, "Total Cost": 808403.06, "Plan Rows": 1, "Plan Width": 97, "Plans": [{"Node Type": "Hash Join", "Parent Relationship": "Outer", "Join Type": "Inner", "Startup Cost": 779365.79, "Total Cost": 806617.56, "Plan Rows": 357098, "Plan Width": 33, "Inner Unique": false, "Hash Cond": "(a1.person_id = n1.id), (LLVM Optimized)", "Plans": [{"Node Type": "Seq Scan", "Parent Relationship": "Outer", "Relation Name": "aka_name", "Alias": "a1", "Startup Cost": 0.0, "Total Cost": 19908.42, "Plan Rows": 901342, "Plan Width": 20}, {"Node Type": "Hash", "Parent Relationship": "Inner", "Startup Cost": 770485.05, "Total Cost": 770485.05, "Plan Rows": 710459, "Plan Width": 25, "Plans": [{"Node Type": "Hash Join", "Parent Relationship": "Outer", "Join Type": "Inner", "Startup Cost": 418198.6, "Total Cost": 770485.05, "Plan Rows": 710459, "Plan Width": 25, "Inner Unique": true, "Hash Cond": "(ci.person_id = n1.id), (LLVM Optimized)", "Plans": [{"Node Type": "Hash Join", "Parent Relationship": "Outer", "Join Type": "Inner", "Startup Cost": 273033.07, "Total Cost": 615550.72, "Plan Rows": 710459, "Plan Width": 21, "Inner Unique": false, "Hash Cond": "(ci.movie_id = t.id), (LLVM Optimized)", "Plans": [{"Node Type": "Nested Loop", "Parent Relationship": "Outer", "Join Type": "Inner", "Startup Cost": 76306.71, "Total Cost": 389758.02, "Plan Rows": 3296318, "Plan Width": 8, "Inner Unique": false, "Plans": [{"Node Type": "Seq Scan", "Parent Relationship": "Outer", "Relation Name": "role_type", "Alias": "rt", "Startup Cost": 0.0, "Total Cost": 1.15, "Plan Rows": 1, "Plan Width": 4, "Filter": "((role)::text = 'writer'::text)"}, {"Node Type": "Bitmap Heap Scan", "Parent Relationship": "Inner", "Relation Name": "cast_info", "Alias": "ci", "Startup Cost": 76306.71, "Total Cost": 356793.69, "Plan Rows": 3296318, "Plan Width": 12, "Recheck Cond": "(role_id = rt.id), (LLVM Optimized)", "Plans": [{"Node Type": "Bitmap Index Scan", "Parent Relationship": "Outer", "Index Name": "role_id_cast_info", "Startup Cost": 0.0, "Total Cost": 75482.63, "Plan Rows": 3296318, "Plan Width": 0, "Index Cond": "(role_id = rt.id)"}]}]}, {"Node Type": "Hash", "Parent Relationship": "Inner", "Startup Cost": 180697.47, "Total Cost": 180697.47, "Plan Rows": 1282311, "Plan Width": 25, "Plans": [{"Node Type": "Hash Join", "Parent Relationship": "Outer", "Join Type": "Inner", "Startup Cost": 98641.07, "Total Cost": 180697.47, "Plan Rows": 1282311, "Plan Width": 25, "Inner Unique": true, "Hash Cond": "(mc.movie_id = t.id), (LLVM Optimized)", "Plans": [{"Node Type": "Hash Join", "Parent Relationship": "Outer", "Join Type": "Inner", "Startup Cost": 6968.08, "Total Cost": 71392.69, "Plan Rows": 1282311, "Plan Width": 4, "Inner Unique": true, "Hash Cond": "(mc.company_id = cn.id), (LLVM Optimized)", "Plans": [{"Node Type": "Seq Scan", "Parent Relationship": "Outer", "Relation Name": "movie_companies", "Alias": "mc", "Startup Cost": 0.0, "Total Cost": 41817.28, "Plan Rows": 2609128, "Plan Width": 8}, {"Node Type": "Hash", "Parent Relationship": "Inner", "Startup Cost": 5903.45, "Total Cost": 5903.45, "Plan Rows": 85170, "Plan Width": 4, "Plans": [{"Node Type": "Seq Scan", "Parent Relationship": "Outer", "Relation Name": "company_name", "Alias": "cn", "Startup Cost": 0.0, "Total Cost": 5903.45, "Plan Rows": 85170, "Plan Width": 4, "Filter": "((country_code)::text = '[us]'::text)"}]}]}, {"Node Type": "Hash", "Parent Relationship": "Inner", "Startup Cost": 60069.11, "Total Cost": 60069.11, "Plan Rows": 2528311, "Plan Width": 21, "Plans": [{"Node Type": "Seq Scan", "Parent Relationship": "Outer", "Relation Name": "title", "Alias": "t", "Startup Cost": 0.0, "Total Cost": 60069.11, "Plan Rows": 2528311, "Plan Width": 21}]}]}]}]}, {"Node Type": "Hash", "Parent Relationship": "Inner", "Startup Cost": 93071.9, "Total Cost": 93071.9, "Plan Rows": 4167490, "Plan Width": 4, "Plans": [{"Node Type": "Seq Scan", "Parent Relationship": "Outer", "Relation Name": "name", "Alias": "n1", "Startup Cost": 0.0, "Total Cost": 93071.9, "Plan Rows": 4167490, "Plan Width": 4}]}]}]}]}]}, "Unique SQL Id": 2457761703, "Planner Runtime": 35}, "explain_analyze_plan": {"Plan": {"Node Type": "Aggregate", "Strategy": "Plain", "Startup Cost": 808403.05, "Total Cost": 808403.06, "Plan Rows": 1, "Plan Width": 97, "Actual Startup Time": 14156.96, "Actual Total Time": 14156.96, "Actual Rows": 1, "Actual Loops": 1, "Plans": [{"Node Type": "Hash Join", "Parent Relationship": "Outer", "Join Type": "Inner", "Startup Cost": 779365.79, "Total Cost": 806617.56, "Plan Rows": 357098, "Plan Width": 33, "Actual Startup Time": 11817.477, "Actual Total Time": 13035.953, "Actual Rows": 2487611, "Actual Loops": 1, "Inner Unique": false, "Hash Cond": "(a1.person_id = n1.id), (LLVM Optimized, Jit Execute)", "Plans": [{"Node Type": "Seq Scan", "Parent Relationship": "Outer", "Relation Name": "aka_name", "Alias": "a1", "Startup Cost": 0.0, "Total Cost": 19908.42, "Plan Rows": 901342, "Plan Width": 20, "Actual Startup Time": 0.021, "Actual Total Time": 223.729, "Actual Rows": 901342, "Actual Loops": 1}, {"Node Type": "Hash", "Parent Relationship": "Inner", "Startup Cost": 770485.05, "Total Cost": 770485.05, "Plan Rows": 710459, "Plan Width": 25, "Actual Startup Time": 11812.572, "Actual Total Time": 11812.572, "Actual Rows": 1970658, "Actual Loops": 1, "Hash Buckets": 1048576, "Hash Batches": 1, "Original Hash Batches": 1, "Peak Memory Usage": 112799, "Plans": [{"Node Type": "Hash Join", "Parent Relationship": "Outer", "Join Type": "Inner", "Startup Cost": 418198.6, "Total Cost": 770485.05, "Plan Rows": 710459, "Plan Width": 25, "Actual Startup Time": 7818.705, "Actual Total Time": 11227.254, "Actual Rows": 1970658, "Actual Loops": 1, "Inner Unique": true, "Hash Cond": "(ci.person_id = n1.id), (LLVM Optimized, Jit Execute)", "Plans": [{"Node Type": "Hash Join", "Parent Relationship": "Outer", "Join Type": "Inner", "Startup Cost": 273033.07, "Total Cost": 615550.72, "Plan Rows": 710459, "Plan Width": 21, "Actual Startup Time": 4856.752, "Actual Total Time": 7448.075, "Actual Rows": 1970658, "Actual Loops": 1, "Inner Unique": false, "Hash Cond": "(ci.movie_id = t.id), (LLVM Optimized, Jit Execute)", "Plans": [{"Node Type": "Nested Loop", "Parent Relationship": "Outer", "Join Type": "Inner", "Startup Cost": 76306.71, "Total Cost": 389758.02, "Plan Rows": 3296318, "Plan Width": 8, "Actual Startup Time": 338.992, "Actual Total Time": 1654.48, "Actual Rows": 2728943, "Actual Loops": 1, "Inner Unique": false, "Plans": [{"Node Type": "Seq Scan", "Parent Relationship": "Outer", "Relation Name": "role_type", "Alias": "rt", "Startup Cost": 0.0, "Total Cost": 1.15, "Plan Rows": 1, "Plan Width": 4, "Actual Startup Time": 0.048, "Actual Total Time": 0.071, "Actual Rows": 1, "Actual Loops": 1, "Filter": "((role)::text = 'writer'::text)", "Rows Removed by Filter": 11}, {"Node Type": "Bitmap Heap Scan", "Parent Relationship": "Inner", "Relation Name": "cast_info", "Alias": "ci", "Startup Cost": 76306.71, "Total Cost": 356793.69, "Plan Rows": 3296318, "Plan Width": 12, "Actual Startup Time": 338.921, "Actual Total Time": 1167.629, "Actual Rows": 2728943, "Actual Loops": 1, "Recheck Cond": "(role_id = rt.id), (LLVM Optimized, Jit Execute)", "Rows Removed by Index Recheck": 0, "Exact Heap Blocks": 19177, "Lossy Heap Blocks": 19177, "Plans": [{"Node Type": "Bitmap Index Scan", "Parent Relationship": "Outer", "Index Name": "role_id_cast_info", "Startup Cost": 0.0, "Total Cost": 75482.63, "Plan Rows": 3296318, "Plan Width": 0, "Actual Startup Time": 334.398, "Actual Total Time": 334.398, "Actual Rows": 2728943, "Actual Loops": 1, "Index Cond": "(role_id = rt.id)"}]}]}, {"Node Type": "Hash", "Parent Relationship": "Inner", "Startup Cost": 180697.47, "Total Cost": 180697.47, "Plan Rows": 1282311, "Plan Width": 25, "Actual Startup Time": 4512.943, "Actual Total Time": 4512.943, "Actual Rows": 1153797, "Actual Loops": 1, "Hash Buckets": 2097152, "Hash Batches": 1, "Original Hash Batches": 1, "Peak Memory Usage": 68508, "Plans": [{"Node Type": "Hash Join", "Parent Relationship": "Outer", "Join Type": "Inner", "Startup Cost": 98641.07, "Total Cost": 180697.47, "Plan Rows": 1282311, "Plan Width": 25, "Actual Startup Time": 1833.514, "Actual Total Time": 4016.679, "Actual Rows": 1153797, "Actual Loops": 1, "Inner Unique": true, "Hash Cond": "(mc.movie_id = t.id), (LLVM Optimized, Jit Execute)", "Plans": [{"Node Type": "Hash Join", "Parent Relationship": "Outer", "Join Type": "Inner", "Startup Cost": 6968.08, "Total Cost": 71392.69, "Plan Rows": 1282311, "Plan Width": 4, "Actual Startup Time": 112.988, "Actual Total Time": 1571.798, "Actual Rows": 1153797, "Actual Loops": 1, "Inner Unique": true, "Hash Cond": "(mc.company_id = cn.id), (LLVM Optimized, Jit Execute)", "Plans": [{"Node Type": "Seq Scan", "Parent Relationship": "Outer", "Relation Name": "movie_companies", "Alias": "mc", "Startup Cost": 0.0, "Total Cost": 41817.28, "Plan Rows": 2609128, "Plan Width": 8, "Actual Startup Time": 0.057, "Actual Total Time": 619.25, "Actual Rows": 2609128, "Actual Loops": 1}, {"Node Type": "Hash", "Parent Relationship": "Inner", "Startup Cost": 5903.45, "Total Cost": 5903.45, "Plan Rows": 85170, "Plan Width": 4, "Actual Startup Time": 112.814, "Actual Total Time": 112.814, "Actual Rows": 84843, "Actual Loops": 1, "Hash Buckets": 131072, "Hash Batches": 1, "Original Hash Batches": 1, "Peak Memory Usage": 2983, "Plans": [{"Node Type": "Seq Scan", "Parent Relationship": "Outer", "Relation Name": "company_name", "Alias": "cn", "Startup Cost": 0.0, "Total Cost": 5903.45, "Plan Rows": 85170, "Plan Width": 4, "Actual Startup Time": 0.042, "Actual Total Time": 90.184, "Actual Rows": 84843, "Actual Loops": 1, "Filter": "((country_code)::text = '[us]'::text)", "Rows Removed by Filter": 150153}]}]}, {"Node Type": "Hash", "Parent Relationship": "Inner", "Startup Cost": 60069.11, "Total Cost": 60069.11, "Plan Rows": 2528311, "Plan Width": 21, "Actual Startup Time": 1718.015, "Actual Total Time": 1718.015, "Actual Rows": 2528311, "Actual Loops": 1, "Hash Buckets": 4194304, "Hash Batches": 1, "Original Hash Batches": 1, "Peak Memory Usage": 135869, "Plans": [{"Node Type": "Seq Scan", "Parent Relationship": "Outer", "Relation Name": "title", "Alias": "t", "Startup Cost": 0.0, "Total Cost": 60069.11, "Plan Rows": 2528311, "Plan Width": 21, "Actual Startup Time": 0.029, "Actual Total Time": 802.868, "Actual Rows": 2528311, "Actual Loops": 1}]}]}]}]}, {"Node Type": "Hash", "Parent Relationship": "Inner", "Startup Cost": 93071.9, "Total Cost": 93071.9, "Plan Rows": 4167490, "Plan Width": 4, "Actual Startup Time": 2959.088, "Actual Total Time": 2959.088, "Actual Rows": 4167490, "Actual Loops": 1, "Hash Buckets": 4194304, "Hash Batches": 1, "Original Hash Batches": 1, "Peak Memory Usage": 146514, "Plans": [{"Node Type": "Seq Scan", "Parent Relationship": "Outer", "Relation Name": "name", "Alias": "n1", "Startup Cost": 0.0, "Total Cost": 93071.9, "Plan Rows": 4167490, "Plan Width": 4, "Actual Startup Time": 0.039, "Actual Total Time": 1329.288, "Actual Rows": 4167490, "Actual Loops": 1}]}]}]}]}]}, "Triggers": [], "Planner Runtime": 35, "Total Runtime": 14171.854, "Unique SQL Id": 2457761703}}, "(1, 99)": {"explain_plan": {"Plan": {"Node Type": "Aggregate", "Strategy": "Plain", "Startup Cost": 1000069787565.86, "Total Cost": 1000069787565.87, "Plan Rows": 1, "Plan Width": 97, "Plans": [{"Node Type": "Nested Loop", "Parent Relationship": "Outer", "Join Type": "Inner", "Startup Cost": 10000000001.8, "Total Cost": 1000069785780.37, "Plan Rows": 357098, "Plan Width": 33, "Inner Unique": true, "Plans": [{"Node Type": "Nested Loop", "Parent Relationship": "Outer", "Join Type": "Inner", "Startup Cost": 10000000001.54, "Total Cost": 1000068255744.11, "Plan Rows": 357379, "Plan Width": 24, "Inner Unique": true, "Join Filter": "(a1.person_id = n1.id), (LLVM Optimized)", "Plans": [{"Node Type": "Nested Loop", "Parent Relationship": "Outer", "Join Type": "Inner", "Startup Cost": 10000000001.28, "Total Cost": 1000066724564.96, "Plan Rows": 357379, "Plan Width": 32, "Inner Unique": false, "Plans": [{"Node Type": "Nested Loop", "Parent Relationship": "Outer", "Join Type": "Inner", "Startup Cost": 10000000001.03, "Total Cost": 1000063680996.82, "Plan Rows": 711018, "Plan Width": 12, "Inner Unique": true, "Plans": [{"Node Type": "Nested Loop", "Parent Relationship": "Outer", "Join Type": "Inner", "Startup Cost": 10000000000.77, "Total Cost": 1000030184746.51, "Plan Rows": 7821201, "Plan Width": 16, "Inner Unique": false, "Plans": [{"Node Type": "Nested Loop", "Parent Relationship": "Outer", "Join Type": "Inner", "Startup Cost": 10000000000.26, "Total Cost": 1000024227793.07, "Plan Rows": 1282311, "Plan Width": 4, "Inner Unique": true, "Plans": [{"Node Type": "Index Scan", "Parent Relationship": "Outer", "Scan Direction": "Forward", "Index Name": "movie_id_movie_companies", "Relation Name": "movie_companies", "Alias": "mc", "Startup Cost": 10000000000.0, "Total Cost": 1000013051946.13, "Plan Rows": 2609128, "Plan Width": 8}, {"Node Type": "Bitmap Heap Scan", "Parent Relationship": "Inner", "Relation Name": "company_name", "Alias": "cn", "Startup Cost": 0.26, "Total Cost": 4.27, "Plan Rows": 1, "Plan Width": 4, "Recheck Cond": "(id = mc.company_id)", "Filter": "((country_code)::text = '[us]'::text)", "Plans": [{"Node Type": "Bitmap Index Scan", "Parent Relationship": "Outer", "Index Name": "company_name_pkey", "Startup Cost": 0.0, "Total Cost": 0.26, "Plan Rows": 1, "Plan Width": 0, "Index Cond": "(id = mc.company_id)"}]}]}, {"Node Type": "Bitmap Heap Scan", "Parent Relationship": "Inner", "Relation Name": "cast_info", "Alias": "ci", "Startup Cost": 0.51, "Total Cost": 4.59, "Plan Rows": 6, "Plan Width": 12, "Recheck Cond": "(movie_id = mc.movie_id)", "Plans": [{"Node Type": "Bitmap Index Scan", "Parent Relationship": "Outer", "Index Name": "movie_id_cast_info", "Startup Cost": 0.0, "Total Cost": 0.51, "Plan Rows": 6, "Plan Width": 0, "Index Cond": "(movie_id = mc.movie_id)"}]}]}, {"Node Type": "Bitmap Heap Scan", "Parent Relationship": "Inner", "Relation Name": "role_type", "Alias": "rt", "Startup Cost": 0.26, "Total Cost": 4.27, "Plan Rows": 1, "Plan Width": 4, "Recheck Cond": "(id = ci.role_id)", "Filter": "((role)::text = 'writer'::text)", "Plans": [{"Node Type": "Bitmap Index Scan", "Parent Relationship": "Outer", "Index Name": "role_type_pkey", "Startup Cost": 0.0, "Total Cost": 0.26, "Plan Rows": 1, "Plan Width": 0, "Index Cond": "(id = ci.role_id)"}]}]}, {"Node Type": "Bitmap Heap Scan", "Parent Relationship": "Inner", "Relation Name": "aka_name", "Alias": "a1", "Startup Cost": 0.26, "Total Cost": 4.27, "Plan Rows": 1, "Plan Width": 20, "Recheck Cond": "(person_id = ci.person_id)", "Plans": [{"Node Type": "Bitmap Index Scan", "Parent Relationship": "Outer", "Index Name": "person_id_aka_name", "Startup Cost": 0.0, "Total Cost": 0.26, "Plan Rows": 1, "Plan Width": 0, "Index Cond": "(person_id = ci.person_id)"}]}]}, {"Node Type": "Bitmap Heap Scan", "Parent Relationship": "Inner", "Relation Name": "name", "Alias": "n1", "Startup Cost": 0.26, "Total Cost": 4.27, "Plan Rows": 1, "Plan Width": 4, "Recheck Cond": "(id = ci.person_id)", "Plans": [{"Node Type": "Bitmap Index Scan", "Parent Relationship": "Outer", "Index Name": "name_pkey", "Startup Cost": 0.0, "Total Cost": 0.26, "Plan Rows": 1, "Plan Width": 0, "Index Cond": "(id = ci.person_id)"}]}]}, {"Node Type": "Bitmap Heap Scan", "Parent Relationship": "Inner", "Relation Name": "title", "Alias": "t", "Startup Cost": 0.26, "Total Cost": 4.27, "Plan Rows": 1, "Plan Width": 21, "Recheck Cond": "(id = ci.movie_id)", "Plans": [{"Node Type": "Bitmap Index Scan", "Parent Relationship": "Outer", "Index Name": "title_pkey", "Startup Cost": 0.0, "Total Cost": 0.26, "Plan Rows": 1, "Plan Width": 0, "Index Cond": "(id = ci.movie_id)"}]}]}]}, "Unique SQL Id": 2457761703, "Planner Runtime": 3}, "explain_analyze_plan": null}, "(1, 100)": {"explain_plan": {"Plan": {"Node Type": "Aggregate", "Strategy": "Plain", "Startup Cost": 589695.38, "Total Cost": 589695.39, "Plan Rows": 1, "Plan Width": 97, "Plans": [{"Node Type": "Hash Join", "Parent Relationship": "Outer", "Join Type": "Inner", "Startup Cost": 561014.71, "Total Cost": 587909.89, "Plan Rows": 357098, "Plan Width": 33, "Inner Unique": false, "Hash Cond": "(a1.person_id = n1.id), (LLVM Optimized)", "Plans": [{"Node Type": "Seq Scan", "Parent Relationship": "Outer", "Relation Name": "aka_name", "Alias": "a1", "Startup Cost": 0.0, "Total Cost": 19908.42, "Plan Rows": 901342, "Plan Width": 20}, {"Node Type": "Hash", "Parent Relationship": "Inner", "Startup Cost": 552133.97, "Total Cost": 552133.97, "Plan Rows": 710459, "Plan Width": 25, "Plans": [{"Node Type": "Hash Join", "Parent Relationship": "Outer", "Join Type": "Inner", "Startup Cost": 341891.88, "Total Cost": 552133.97, "Plan Rows": 710459, "Plan Width": 25, "Inner Unique": true, "Hash Cond": "(ci.person_id = n1.id), (LLVM Optimized)", "Plans": [{"Node Type": "Hash Join", "Parent Relationship": "Outer", "Join Type": "Inner", "Startup Cost": 196726.36, "Total Cost": 397199.64, "Plan Rows": 710459, "Plan Width": 21, "Inner Unique": false, "Hash Cond": "(ci.movie_id = t.id), (LLVM Optimized)", "Plans": [{"Node Type": "Nested Loop", "Parent Relationship": "Outer", "Join Type": "Inner", "Startup Cost": 0.0, "Total Cost": 171406.94, "Plan Rows": 3296318, "Plan Width": 8, "Inner Unique": false, "Plans": [{"Node Type": "Seq Scan", "Parent Relationship": "Outer", "Relation Name": "role_type", "Alias": "rt", "Startup Cost": 0.0, "Total Cost": 1.15, "Plan Rows": 1, "Plan Width": 4, "Filter": "((role)::text = 'writer'::text)"}, {"Node Type": "Index Scan", "Parent Relationship": "Inner", "Scan Direction": "Forward", "Index Name": "role_id_cast_info", "Relation Name": "cast_info", "Alias": "ci", "Startup Cost": 0.0, "Total Cost": 138442.61, "Plan Rows": 3296318, "Plan Width": 12, "Index Cond": "(role_id = rt.id), (LLVM Optimized)"}]}, {"Node Type": "Hash", "Parent Relationship": "Inner", "Startup Cost": 180697.47, "Total Cost": 180697.47, "Plan Rows": 1282311, "Plan Width": 25, "Plans": [{"Node Type": "Hash Join", "Parent Relationship": "Outer", "Join Type": "Inner", "Startup Cost": 98641.07, "Total Cost": 180697.47, "Plan Rows": 1282311, "Plan Width": 25, "Inner Unique": true, "Hash Cond": "(mc.movie_id = t.id), (LLVM Optimized)", "Plans": [{"Node Type": "Hash Join", "Parent Relationship": "Outer", "Join Type": "Inner", "Startup Cost": 6968.08, "Total Cost": 71392.69, "Plan Rows": 1282311, "Plan Width": 4, "Inner Unique": true, "Hash Cond": "(mc.company_id = cn.id), (LLVM Optimized)", "Plans": [{"Node Type": "Seq Scan", "Parent Relationship": "Outer", "Relation Name": "movie_companies", "Alias": "mc", "Startup Cost": 0.0, "Total Cost": 41817.28, "Plan Rows": 2609128, "Plan Width": 8}, {"Node Type": "Hash", "Parent Relationship": "Inner", "Startup Cost": 5903.45, "Total Cost": 5903.45, "Plan Rows": 85170, "Plan Width": 4, "Plans": [{"Node Type": "Seq Scan", "Parent Relationship": "Outer", "Relation Name": "company_name", "Alias": "cn", "Startup Cost": 0.0, "Total Cost": 5903.45, "Plan Rows": 85170, "Plan Width": 4, "Filter": "((country_code)::text = '[us]'::text)"}]}]}, {"Node Type": "Hash", "Parent Relationship": "Inner", "Startup Cost": 60069.11, "Total Cost": 60069.11, "Plan Rows": 2528311, "Plan Width": 21, "Plans": [{"Node Type": "Seq Scan", "Parent Relationship": "Outer", "Relation Name": "title", "Alias": "t", "Startup Cost": 0.0, "Total Cost": 60069.11, "Plan Rows": 2528311, "Plan Width": 21}]}]}]}]}, {"Node Type": "Hash", "Parent Relationship": "Inner", "Startup Cost": 93071.9, "Total Cost": 93071.9, "Plan Rows": 4167490, "Plan Width": 4, "Plans": [{"Node Type": "Seq Scan", "Parent Relationship": "Outer", "Relation Name": "name", "Alias": "n1", "Startup Cost": 0.0, "Total Cost": 93071.9, "Plan Rows": 4167490, "Plan Width": 4}]}]}]}]}]}, "Unique SQL Id": 2457761703, "Planner Runtime": 46}, "explain_analyze_plan": {"Plan": {"Node Type": "Aggregate", "Strategy": "Plain", "Startup Cost": 589695.38, "Total Cost": 589695.39, "Plan Rows": 1, "Plan Width": 97, "Actual Startup Time": 14083.388, "Actual Total Time": 14083.389, "Actual Rows": 1, "Actual Loops": 1, "Plans": [{"Node Type": "Hash Join", "Parent Relationship": "Outer", "Join Type": "Inner", "Startup Cost": 561014.71, "Total Cost": 587909.89, "Plan Rows": 357098, "Plan Width": 33, "Actual Startup Time": 11707.86, "Actual Total Time": 12960.559, "Actual Rows": 2487611, "Actual Loops": 1, "Inner Unique": false, "Hash Cond": "(a1.person_id = n1.id), (LLVM Optimized, Jit Execute)", "Plans": [{"Node Type": "Seq Scan", "Parent Relationship": "Outer", "Relation Name": "aka_name", "Alias": "a1", "Startup Cost": 0.0, "Total Cost": 19908.42, "Plan Rows": 901342, "Plan Width": 20, "Actual Startup Time": 0.028, "Actual Total Time": 228.399, "Actual Rows": 901342, "Actual Loops": 1}, {"Node Type": "Hash", "Parent Relationship": "Inner", "Startup Cost": 552133.97, "Total Cost": 552133.97, "Plan Rows": 710459, "Plan Width": 25, "Actual Startup Time": 11703.168, "Actual Total Time": 11703.168, "Actual Rows": 1970658, "Actual Loops": 1, "Hash Buckets": 1048576, "Hash Batches": 1, "Original Hash Batches": 1, "Peak Memory Usage": 112799, "Plans": [{"Node Type": "Hash Join", "Parent Relationship": "Outer", "Join Type": "Inner", "Startup Cost": 341891.88, "Total Cost": 552133.97, "Plan Rows": 710459, "Plan Width": 25, "Actual Startup Time": 7024.385, "Actual Total Time": 11117.689, "Actual Rows": 1970658, "Actual Loops": 1, "Inner Unique": true, "Hash Cond": "(ci.person_id = n1.id), (LLVM Optimized, Jit Execute)", "Plans": [{"Node Type": "Hash Join", "Parent Relationship": "Outer", "Join Type": "Inner", "Startup Cost": 196726.36, "Total Cost": 397199.64, "Plan Rows": 710459, "Plan Width": 21, "Actual Startup Time": 4186.944, "Actual Total Time": 7503.897, "Actual Rows": 1970658, "Actual Loops": 1, "Inner Unique": false, "Hash Cond": "(ci.movie_id = t.id), (LLVM Optimized, Jit Execute)", "Plans": [{"Node Type": "Nested Loop", "Parent Relationship": "Outer", "Join Type": "Inner", "Startup Cost": 0.0, "Total Cost": 171406.94, "Plan Rows": 3296318, "Plan Width": 8, "Actual Startup Time": 0.117, "Actual Total Time": 1880.061, "Actual Rows": 2728943, "Actual Loops": 1, "Inner Unique": false, "Plans": [{"Node Type": "Seq Scan", "Parent Relationship": "Outer", "Relation Name": "role_type", "Alias": "rt", "Startup Cost": 0.0, "Total Cost": 1.15, "Plan Rows": 1, "Plan Width": 4, "Actual Startup Time": 0.047, "Actual Total Time": 0.143, "Actual Rows": 1, "Actual Loops": 1, "Filter": "((role)::text = 'writer'::text)", "Rows Removed by Filter": 11}, {"Node Type": "Index Scan", "Parent Relationship": "Inner", "Scan Direction": "Forward", "Index Name": "role_id_cast_info", "Relation Name": "cast_info", "Alias": "ci", "Startup Cost": 0.0, "Total Cost": 138442.61, "Plan Rows": 3296318, "Plan Width": 12, "Actual Startup Time": 0.057, "Actual Total Time": 1350.34, "Actual Rows": 2728943, "Actual Loops": 1, "Index Cond": "(role_id = rt.id), (LLVM Optimized, Jit Execute)", "Rows Removed by Index Recheck": 0}]}, {"Node Type": "Hash", "Parent Relationship": "Inner", "Startup Cost": 180697.47, "Total Cost": 180697.47, "Plan Rows": 1282311, "Plan Width": 25, "Actual Startup Time": 4182.205, "Actual Total Time": 4182.205, "Actual Rows": 1153797, "Actual Loops": 1, "Hash Buckets": 2097152, "Hash Batches": 1, "Original Hash Batches": 1, "Peak Memory Usage": 68508, "Plans": [{"Node Type": "Hash Join", "Parent Relationship": "Outer", "Join Type": "Inner", "Startup Cost": 98641.07, "Total Cost": 180697.47, "Plan Rows": 1282311, "Plan Width": 25, "Actual Startup Time": 1768.291, "Actual Total Time": 3783.203, "Actual Rows": 1153797, "Actual Loops": 1, "Inner Unique": true, "Hash Cond": "(mc.movie_id = t.id), (LLVM Optimized, Jit Execute)", "Plans": [{"Node Type": "Hash Join", "Parent Relationship": "Outer", "Join Type": "Inner", "Startup Cost": 6968.08, "Total Cost": 71392.69, "Plan Rows": 1282311, "Plan Width": 4, "Actual Startup Time": 112.424, "Actual Total Time": 1527.13, "Actual Rows": 1153797, "Actual Loops": 1, "Inner Unique": true, "Hash Cond": "(mc.company_id = cn.id), (LLVM Optimized, Jit Execute)", "Plans": [{"Node Type": "Seq Scan", "Parent Relationship": "Outer", "Relation Name": "movie_companies", "Alias": "mc", "Startup Cost": 0.0, "Total Cost": 41817.28, "Plan Rows": 2609128, "Plan Width": 8, "Actual Startup Time": 0.024, "Actual Total Time": 595.557, "Actual Rows": 2609128, "Actual Loops": 1}, {"Node Type": "Hash", "Parent Relationship": "Inner", "Startup Cost": 5903.45, "Total Cost": 5903.45, "Plan Rows": 85170, "Plan Width": 4, "Actual Startup Time": 112.295, "Actual Total Time": 112.295, "Actual Rows": 84843, "Actual Loops": 1, "Hash Buckets": 131072, "Hash Batches": 1, "Original Hash Batches": 1, "Peak Memory Usage": 2983, "Plans": [{"Node Type": "Seq Scan", "Parent Relationship": "Outer", "Relation Name": "company_name", "Alias": "cn", "Startup Cost": 0.0, "Total Cost": 5903.45, "Plan Rows": 85170, "Plan Width": 4, "Actual Startup Time": 0.028, "Actual Total Time": 89.914, "Actual Rows": 84843, "Actual Loops": 1, "Filter": "((country_code)::text = '[us]'::text)", "Rows Removed by Filter": 150153}]}]}, {"Node Type": "Hash", "Parent Relationship": "Inner", "Startup Cost": 60069.11, "Total Cost": 60069.11, "Plan Rows": 2528311, "Plan Width": 21, "Actual Startup Time": 1653.422, "Actual Total Time": 1653.422, "Actual Rows": 2528311, "Actual Loops": 1, "Hash Buckets": 4194304, "Hash Batches": 1, "Original Hash Batches": 1, "Peak Memory Usage": 135869, "Plans": [{"Node Type": "Seq Scan", "Parent Relationship": "Outer", "Relation Name": "title", "Alias": "t", "Startup Cost": 0.0, "Total Cost": 60069.11, "Plan Rows": 2528311, "Plan Width": 21, "Actual Startup Time": 0.026, "Actual Total Time": 800.156, "Actual Rows": 2528311, "Actual Loops": 1}]}]}]}]}, {"Node Type": "Hash", "Parent Relationship": "Inner", "Startup Cost": 93071.9, "Total Cost": 93071.9, "Plan Rows": 4167490, "Plan Width": 4, "Actual Startup Time": 2834.921, "Actual Total Time": 2834.921, "Actual Rows": 4167490, "Actual Loops": 1, "Hash Buckets": 4194304, "Hash Batches": 1, "Original Hash Batches": 1, "Peak Memory Usage": 146514, "Plans": [{"Node Type": "Seq Scan", "Parent Relationship": "Outer", "Relation Name": "name", "Alias": "n1", "Startup Cost": 0.0, "Total Cost": 93071.9, "Plan Rows": 4167490, "Plan Width": 4, "Actual Startup Time": 0.027, "Actual Total Time": 1278.188, "Actual Rows": 4167490, "Actual Loops": 1}]}]}]}]}]}, "Triggers": [], "Planner Runtime": 46, "Total Runtime": 14098.166, "Unique SQL Id": 2457761703}}, "(1, 101)": {"explain_plan": {"Plan": {"Node Type": "Aggregate", "Strategy": "Plain", "Startup Cost": 824512.34, "Total Cost": 824512.35, "Plan Rows": 1, "Plan Width": 97, "Plans": [{"Node Type": "Hash Join", "Parent Relationship": "Outer", "Join Type": "Inner", "Startup Cost": 746775.06, "Total Cost": 822726.85, "Plan Rows": 357098, "Plan Width": 33, "Inner Unique": false, "Hash Cond": "(a1.person_id = n1.id), (LLVM Optimized)", "Plans": [{"Node Type": "Index Scan", "Parent Relationship": "Outer", "Scan Direction": "Forward", "Index Name": "person_id_aka_name", "Relation Name": "aka_name", "Alias": "a1", "Startup Cost": 0.0, "Total Cost": 68965.03, "Plan Rows": 901342, "Plan Width": 20}, {"Node Type": "Hash", "Parent Relationship": "Inner", "Startup Cost": 737894.33, "Total Cost": 737894.33, "Plan Rows": 710459, "Plan Width": 25, "Plans": [{"Node Type": "Nested Loop", "Parent Relationship": "Outer", "Join Type": "Inner", "Startup Cost": 333231.89, "Total Cost": 737894.33, "Plan Rows": 710459, "Plan Width": 25, "Inner Unique": true, "Plans": [{"Node Type": "Hash Join", "Parent Relationship": "Outer", "Join Type": "Inner", "Startup Cost": 333231.89, "Total Cost": 533716.49, "Plan Rows": 710459, "Plan Width": 21, "Inner Unique": false, "Hash Cond": "(ci.movie_id = t.id), (LLVM Optimized)", "Plans": [{"Node Type": "Nested Loop", "Parent Relationship": "Outer", "Join Type": "Inner", "Startup Cost": 0.0, "Total Cost": 171418.25, "Plan Rows": 3296318, "Plan Width": 8, "Inner Unique": false, "Plans": [{"Node Type": "Index Scan", "Parent Relationship": "Outer", "Scan Direction": "Forward", "Index Name": "role_type_pkey", "Relation Name": "role_type", "Alias": "rt", "Startup Cost": 0.0, "Total Cost": 12.46, "Plan Rows": 1, "Plan Width": 4, "Filter": "((role)::text = 'writer'::text)"}, {"Node Type": "Index Scan", "Parent Relationship": "Inner", "Scan Direction": "Forward", "Index Name": "role_id_cast_info", "Relation Name": "cast_info", "Alias": "ci", "Startup Cost": 0.0, "Total Cost": 138442.61, "Plan Rows": 3296318, "Plan Width": 12, "Index Cond": "(role_id = rt.id), (LLVM Optimized)"}]}, {"Node Type": "Hash", "Parent Relationship": "Inner", "Startup Cost": 317203.01, "Total Cost": 317203.01, "Plan Rows": 1282311, "Plan Width": 25, "Plans": [{"Node Type": "Hash Join", "Parent Relationship": "Outer", "Join Type": "Inner", "Startup Cost": 153290.39, "Total Cost": 317203.01, "Plan Rows": 1282311, "Plan Width": 25, "Inner Unique": true, "Hash Cond": "(mc.movie_id = t.id), (LLVM Optimized)", "Plans": [{"Node Type": "Hash Join", "Parent Relationship": "Outer", "Join Type": "Inner", "Startup Cost": 11566.01, "Total Cost": 157846.85, "Plan Rows": 1282311, "Plan Width": 4, "Inner Unique": true, "Hash Cond": "(mc.company_id = cn.id), (LLVM Optimized)", "Plans": [{"Node Type": "Index Scan", "Parent Relationship": "Outer", "Scan Direction": "Forward", "Index Name": "company_id_movie_companies", "Relation Name": "movie_companies", "Alias": "mc", "Startup Cost": 0.0, "Total Cost": 123673.5, "Plan Rows": 2609128, "Plan Width": 8}, {"Node Type": "Hash", "Parent Relationship": "Inner", "Startup Cost": 10501.39, "Total Cost": 10501.39, "Plan Rows": 85170, "Plan Width": 4, "Plans": [{"Node Type": "Index Scan", "Parent Relationship": "Outer", "Scan Direction": "Forward", "Index Name": "company_name_pkey", "Relation Name": "company_name", "Alias": "cn", "Startup Cost": 0.0, "Total Cost": 10501.39, "Plan Rows": 85170, "Plan Width": 4, "Filter": "((country_code)::text = '[us]'::text)"}]}]}, {"Node Type": "Hash", "Parent Relationship": "Inner", "Startup Cost": 110120.49, "Total Cost": 110120.49, "Plan Rows": 2528311, "Plan Width": 21, "Plans": [{"Node Type": "Index Scan", "Parent Relationship": "Outer", "Scan Direction": "Forward", "Index Name": "title_pkey", "Relation Name": "title", "Alias": "t", "Startup Cost": 0.0, "Total Cost": 110120.49, "Plan Rows": 2528311, "Plan Width": 21}]}]}]}]}, {"Node Type": "Index Scan", "Parent Relationship": "Inner", "Scan Direction": "Forward", "Index Name": "name_pkey", "Relation Name": "name", "Alias": "n1", "Startup Cost": 0.0, "Total Cost": 0.28, "Plan Rows": 1, "Plan Width": 4, "Index Cond": "(id = ci.person_id)"}]}]}]}]}, "Unique SQL Id": 2457761703, "Planner Runtime": 37}, "explain_analyze_plan": {"Plan": {"Node Type": "Aggregate", "Strategy": "Plain", "Startup Cost": 824512.34, "Total Cost": 824512.35, "Plan Rows": 1, "Plan Width": 97, "Actual Startup Time": 24134.904, "Actual Total Time": 24134.904, "Actual Rows": 1, "Actual Loops": 1, "Plans": [{"Node Type": "Hash Join", "Parent Relationship": "Outer", "Join Type": "Inner", "Startup Cost": 746775.06, "Total Cost": 822726.85, "Plan Rows": 357098, "Plan Width": 33, "Actual Startup Time": 21186.514, "Actual Total Time": 22993.904, "Actual Rows": 2487611, "Actual Loops": 1, "Inner Unique": false, "Hash Cond": "(a1.person_id = n1.id), (LLVM Optimized, Jit Execute)", "Plans": [{"Node Type": "Index Scan", "Parent Relationship": "Outer", "Scan Direction": "Forward", "Index Name": "person_id_aka_name", "Relation Name": "aka_name", "Alias": "a1", "Startup Cost": 0.0, "Total Cost": 68965.03, "Plan Rows": 901342, "Plan Width": 20, "Actual Startup Time": 0.043, "Actual Total Time": 771.221, "Actual Rows": 901342, "Actual Loops": 1}, {"Node Type": "Hash", "Parent Relationship": "Inner", "Startup Cost": 737894.33, "Total Cost": 737894.33, "Plan Rows": 710459, "Plan Width": 25, "Actual Startup Time": 21185.693, "Actual Total Time": 21185.693, "Actual Rows": 1970658, "Actual Loops": 1, "Hash Buckets": 1048576, "Hash Batches": 1, "Original Hash Batches": 1, "Peak Memory Usage": 112799, "Plans": [{"Node Type": "Nested Loop", "Parent Relationship": "Outer", "Join Type": "Inner", "Startup Cost": 333231.89, "Total Cost": 737894.33, "Plan Rows": 710459, "Plan Width": 25, "Actual Startup Time": 9732.55, "Actual Total Time": 20386.892, "Actual Rows": 1970658, "Actual Loops": 1, "Inner Unique": true, "Plans": [{"Node Type": "Hash Join", "Parent Relationship": "Outer", "Join Type": "Inner", "Startup Cost": 333231.89, "Total Cost": 533716.49, "Plan Rows": 710459, "Plan Width": 21, "Actual Startup Time": 9732.484, "Actual Total Time": 13442.445, "Actual Rows": 1970658, "Actual Loops": 1, "Inner Unique": false, "Hash Cond": "(ci.movie_id = t.id), (LLVM Optimized, Jit Execute)", "Plans": [{"Node Type": "Nested Loop", "Parent Relationship": "Outer", "Join Type": "Inner", "Startup Cost": 0.0, "Total Cost": 171418.25, "Plan Rows": 3296318, "Plan Width": 8, "Actual Startup Time": 0.077, "Actual Total Time": 1955.494, "Actual Rows": 2728943, "Actual Loops": 1, "Inner Unique": false, "Plans": [{"Node Type": "Index Scan", "Parent Relationship": "Outer", "Scan Direction": "Forward", "Index Name": "role_type_pkey", "Relation Name": "role_type", "Alias": "rt", "Startup Cost": 0.0, "Total Cost": 12.46, "Plan Rows": 1, "Plan Width": 4, "Actual Startup Time": 0.022, "Actual Total Time": 0.042, "Actual Rows": 1, "Actual Loops": 1, "Filter": "((role)::text = 'writer'::text)", "Rows Removed by Filter": 11}, {"Node Type": "Index Scan", "Parent Relationship": "Inner", "Scan Direction": "Forward", "Index Name": "role_id_cast_info", "Relation Name": "cast_info", "Alias": "ci", "Startup Cost": 0.0, "Total Cost": 138442.61, "Plan Rows": 3296318, "Plan Width": 12, "Actual Startup Time": 0.05, "Actual Total Time": 1400.002, "Actual Rows": 2728943, "Actual Loops": 1, "Index Cond": "(role_id = rt.id), (LLVM Optimized, Jit Execute)", "Rows Removed by Index Recheck": 0}]}, {"Node Type": "Hash", "Parent Relationship": "Inner", "Startup Cost": 317203.01, "Total Cost": 317203.01, "Plan Rows": 1282311, "Plan Width": 25, "Actual Startup Time": 9727.015, "Actual Total Time": 9727.015, "Actual Rows": 1153797, "Actual Loops": 1, "Hash Buckets": 2097152, "Hash Batches": 1, "Original Hash Batches": 1, "Peak Memory Usage": 68508, "Plans": [{"Node Type": "Hash Join", "Parent Relationship": "Outer", "Join Type": "Inner", "Startup Cost": 153290.39, "Total Cost": 317203.01, "Plan Rows": 1282311, "Plan Width": 25, "Actual Startup Time": 4662.338, "Actual Total Time": 9184.976, "Actual Rows": 1153797, "Actual Loops": 1, "Inner Unique": true, "Hash Cond": "(mc.movie_id = t.id), (LLVM Optimized, Jit Execute)", "Plans": [{"Node Type": "Hash Join", "Parent Relationship": "Outer", "Join Type": "Inner", "Startup Cost": 11566.01, "Total Cost": 157846.85, "Plan Rows": 1282311, "Plan Width": 4, "Actual Startup Time": 342.022, "Actual Total Time": 4116.726, "Actual Rows": 1153797, "Actual Loops": 1, "Inner Unique": true, "Hash Cond": "(mc.company_id = cn.id), (LLVM Optimized, Jit Execute)", "Plans": [{"Node Type": "Index Scan", "Parent Relationship": "Outer", "Scan Direction": "Forward", "Index Name": "company_id_movie_companies", "Relation Name": "movie_companies", "Alias": "mc", "Startup Cost": 0.0, "Total Cost": 123673.5, "Plan Rows": 2609128, "Plan Width": 8, "Actual Startup Time": 0.04, "Actual Total Time": 3005.724, "Actual Rows": 2609128, "Actual Loops": 1}, {"Node Type": "Hash", "Parent Relationship": "Inner", "Startup Cost": 10501.39, "Total Cost": 10501.39, "Plan Rows": 85170, "Plan Width": 4, "Actual Startup Time": 341.857, "Actual Total Time": 341.857, "Actual Rows": 84843, "Actual Loops": 1, "Hash Buckets": 131072, "Hash Batches": 1, "Original Hash Batches": 1, "Peak Memory Usage": 2983, "Plans": [{"Node Type": "Index Scan", "Parent Relationship": "Outer", "Scan Direction": "Forward", "Index Name": "company_name_pkey", "Relation Name": "company_name", "Alias": "cn", "Startup Cost": 0.0, "Total Cost": 10501.39, "Plan Rows": 85170, "Plan Width": 4, "Actual Startup Time": 0.036, "Actual Total Time": 316.146, "Actual Rows": 84843, "Actual Loops": 1, "Filter": "((country_code)::text = '[us]'::text)", "Rows Removed by Filter": 150153}]}]}, {"Node Type": "Hash", "Parent Relationship": "Inner", "Startup Cost": 110120.49, "Total Cost": 110120.49, "Plan Rows": 2528311, "Plan Width": 21, "Actual Startup Time": 4317.457, "Actual Total Time": 4317.457, "Actual Rows": 2528311, "Actual Loops": 1, "Hash Buckets": 4194304, "Hash Batches": 1, "Original Hash Batches": 1, "Peak Memory Usage": 135869, "Plans": [{"Node Type": "Index Scan", "Parent Relationship": "Outer", "Scan Direction": "Forward", "Index Name": "title_pkey", "Relation Name": "title", "Alias": "t", "Startup Cost": 0.0, "Total Cost": 110120.49, "Plan Rows": 2528311, "Plan Width": 21, "Actual Startup Time": 0.047, "Actual Total Time": 3013.557, "Actual Rows": 2528311, "Actual Loops": 1}]}]}]}]}, {"Node Type": "Index Scan", "Parent Relationship": "Inner", "Scan Direction": "Forward", "Index Name": "name_pkey", "Relation Name": "name", "Alias": "n1", "Startup Cost": 0.0, "Total Cost": 0.28, "Plan Rows": 1, "Plan Width": 4, "Actual Startup Time": 5480.013, "Actual Total Time": 5480.013, "Actual Rows": 1970658, "Actual Loops": 1970658, "Index Cond": "(id = ci.person_id)", "Rows Removed by Index Recheck": 0}]}]}]}]}, "Triggers": [], "Planner Runtime": 37, "Total Runtime": 24149.494, "Unique SQL Id": 2457761703}}, "(1, 102)": {"explain_plan": {"Plan": {"Node Type": "Aggregate", "Strategy": "Plain", "Startup Cost": 808403.05, "Total Cost": 808403.06, "Plan Rows": 1, "Plan Width": 97, "Plans": [{"Node Type": "Hash Join", "Parent Relationship": "Outer", "Join Type": "Inner", "Startup Cost": 779365.79, "Total Cost": 806617.56, "Plan Rows": 357098, "Plan Width": 33, "Inner Unique": false, "Hash Cond": "(a1.person_id = n1.id), (LLVM Optimized)", "Plans": [{"Node Type": "Seq Scan", "Parent Relationship": "Outer", "Relation Name": "aka_name", "Alias": "a1", "Startup Cost": 0.0, "Total Cost": 19908.42, "Plan Rows": 901342, "Plan Width": 20}, {"Node Type": "Hash", "Parent Relationship": "Inner", "Startup Cost": 770485.05, "Total Cost": 770485.05, "Plan Rows": 710459, "Plan Width": 25, "Plans": [{"Node Type": "Hash Join", "Parent Relationship": "Outer", "Join Type": "Inner", "Startup Cost": 418198.6, "Total Cost": 770485.05, "Plan Rows": 710459, "Plan Width": 25, "Inner Unique": true, "Hash Cond": "(ci.person_id = n1.id), (LLVM Optimized)", "Plans": [{"Node Type": "Hash Join", "Parent Relationship": "Outer", "Join Type": "Inner", "Startup Cost": 273033.07, "Total Cost": 615550.72, "Plan Rows": 710459, "Plan Width": 21, "Inner Unique": false, "Hash Cond": "(ci.movie_id = t.id), (LLVM Optimized)", "Plans": [{"Node Type": "Nested Loop", "Parent Relationship": "Outer", "Join Type": "Inner", "Startup Cost": 76306.71, "Total Cost": 389758.02, "Plan Rows": 3296318, "Plan Width": 8, "Inner Unique": false, "Plans": [{"Node Type": "Seq Scan", "Parent Relationship": "Outer", "Relation Name": "role_type", "Alias": "rt", "Startup Cost": 0.0, "Total Cost": 1.15, "Plan Rows": 1, "Plan Width": 4, "Filter": "((role)::text = 'writer'::text)"}, {"Node Type": "Bitmap Heap Scan", "Parent Relationship": "Inner", "Relation Name": "cast_info", "Alias": "ci", "Startup Cost": 76306.71, "Total Cost": 356793.69, "Plan Rows": 3296318, "Plan Width": 12, "Recheck Cond": "(role_id = rt.id), (LLVM Optimized)", "Plans": [{"Node Type": "Bitmap Index Scan", "Parent Relationship": "Outer", "Index Name": "role_id_cast_info", "Startup Cost": 0.0, "Total Cost": 75482.63, "Plan Rows": 3296318, "Plan Width": 0, "Index Cond": "(role_id = rt.id)"}]}]}, {"Node Type": "Hash", "Parent Relationship": "Inner", "Startup Cost": 180697.47, "Total Cost": 180697.47, "Plan Rows": 1282311, "Plan Width": 25, "Plans": [{"Node Type": "Hash Join", "Parent Relationship": "Outer", "Join Type": "Inner", "Startup Cost": 98641.07, "Total Cost": 180697.47, "Plan Rows": 1282311, "Plan Width": 25, "Inner Unique": true, "Hash Cond": "(mc.movie_id = t.id), (LLVM Optimized)", "Plans": [{"Node Type": "Hash Join", "Parent Relationship": "Outer", "Join Type": "Inner", "Startup Cost": 6968.08, "Total Cost": 71392.69, "Plan Rows": 1282311, "Plan Width": 4, "Inner Unique": true, "Hash Cond": "(mc.company_id = cn.id), (LLVM Optimized)", "Plans": [{"Node Type": "Seq Scan", "Parent Relationship": "Outer", "Relation Name": "movie_companies", "Alias": "mc", "Startup Cost": 0.0, "Total Cost": 41817.28, "Plan Rows": 2609128, "Plan Width": 8}, {"Node Type": "Hash", "Parent Relationship": "Inner", "Startup Cost": 5903.45, "Total Cost": 5903.45, "Plan Rows": 85170, "Plan Width": 4, "Plans": [{"Node Type": "Seq Scan", "Parent Relationship": "Outer", "Relation Name": "company_name", "Alias": "cn", "Startup Cost": 0.0, "Total Cost": 5903.45, "Plan Rows": 85170, "Plan Width": 4, "Filter": "((country_code)::text = '[us]'::text)"}]}]}, {"Node Type": "Hash", "Parent Relationship": "Inner", "Startup Cost": 60069.11, "Total Cost": 60069.11, "Plan Rows": 2528311, "Plan Width": 21, "Plans": [{"Node Type": "Seq Scan", "Parent Relationship": "Outer", "Relation Name": "title", "Alias": "t", "Startup Cost": 0.0, "Total Cost": 60069.11, "Plan Rows": 2528311, "Plan Width": 21}]}]}]}]}, {"Node Type": "Hash", "Parent Relationship": "Inner", "Startup Cost": 93071.9, "Total Cost": 93071.9, "Plan Rows": 4167490, "Plan Width": 4, "Plans": [{"Node Type": "Seq Scan", "Parent Relationship": "Outer", "Relation Name": "name", "Alias": "n1", "Startup Cost": 0.0, "Total Cost": 93071.9, "Plan Rows": 4167490, "Plan Width": 4}]}]}]}]}]}, "Unique SQL Id": 2457761703, "Planner Runtime": 35}, "explain_analyze_plan": {"Plan": {"Node Type": "Aggregate", "Strategy": "Plain", "Startup Cost": 808403.05, "Total Cost": 808403.06, "Plan Rows": 1, "Plan Width": 97, "Actual Startup Time": 14156.96, "Actual Total Time": 14156.96, "Actual Rows": 1, "Actual Loops": 1, "Plans": [{"Node Type": "Hash Join", "Parent Relationship": "Outer", "Join Type": "Inner", "Startup Cost": 779365.79, "Total Cost": 806617.56, "Plan Rows": 357098, "Plan Width": 33, "Actual Startup Time": 11817.477, "Actual Total Time": 13035.953, "Actual Rows": 2487611, "Actual Loops": 1, "Inner Unique": false, "Hash Cond": "(a1.person_id = n1.id), (LLVM Optimized, Jit Execute)", "Plans": [{"Node Type": "Seq Scan", "Parent Relationship": "Outer", "Relation Name": "aka_name", "Alias": "a1", "Startup Cost": 0.0, "Total Cost": 19908.42, "Plan Rows": 901342, "Plan Width": 20, "Actual Startup Time": 0.021, "Actual Total Time": 223.729, "Actual Rows": 901342, "Actual Loops": 1}, {"Node Type": "Hash", "Parent Relationship": "Inner", "Startup Cost": 770485.05, "Total Cost": 770485.05, "Plan Rows": 710459, "Plan Width": 25, "Actual Startup Time": 11812.572, "Actual Total Time": 11812.572, "Actual Rows": 1970658, "Actual Loops": 1, "Hash Buckets": 1048576, "Hash Batches": 1, "Original Hash Batches": 1, "Peak Memory Usage": 112799, "Plans": [{"Node Type": "Hash Join", "Parent Relationship": "Outer", "Join Type": "Inner", "Startup Cost": 418198.6, "Total Cost": 770485.05, "Plan Rows": 710459, "Plan Width": 25, "Actual Startup Time": 7818.705, "Actual Total Time": 11227.254, "Actual Rows": 1970658, "Actual Loops": 1, "Inner Unique": true, "Hash Cond": "(ci.person_id = n1.id), (LLVM Optimized, Jit Execute)", "Plans": [{"Node Type": "Hash Join", "Parent Relationship": "Outer", "Join Type": "Inner", "Startup Cost": 273033.07, "Total Cost": 615550.72, "Plan Rows": 710459, "Plan Width": 21, "Actual Startup Time": 4856.752, "Actual Total Time": 7448.075, "Actual Rows": 1970658, "Actual Loops": 1, "Inner Unique": false, "Hash Cond": "(ci.movie_id = t.id), (LLVM Optimized, Jit Execute)", "Plans": [{"Node Type": "Nested Loop", "Parent Relationship": "Outer", "Join Type": "Inner", "Startup Cost": 76306.71, "Total Cost": 389758.02, "Plan Rows": 3296318, "Plan Width": 8, "Actual Startup Time": 338.992, "Actual Total Time": 1654.48, "Actual Rows": 2728943, "Actual Loops": 1, "Inner Unique": false, "Plans": [{"Node Type": "Seq Scan", "Parent Relationship": "Outer", "Relation Name": "role_type", "Alias": "rt", "Startup Cost": 0.0, "Total Cost": 1.15, "Plan Rows": 1, "Plan Width": 4, "Actual Startup Time": 0.048, "Actual Total Time": 0.071, "Actual Rows": 1, "Actual Loops": 1, "Filter": "((role)::text = 'writer'::text)", "Rows Removed by Filter": 11}, {"Node Type": "Bitmap Heap Scan", "Parent Relationship": "Inner", "Relation Name": "cast_info", "Alias": "ci", "Startup Cost": 76306.71, "Total Cost": 356793.69, "Plan Rows": 3296318, "Plan Width": 12, "Actual Startup Time": 338.921, "Actual Total Time": 1167.629, "Actual Rows": 2728943, "Actual Loops": 1, "Recheck Cond": "(role_id = rt.id), (LLVM Optimized, Jit Execute)", "Rows Removed by Index Recheck": 0, "Exact Heap Blocks": 19177, "Lossy Heap Blocks": 19177, "Plans": [{"Node Type": "Bitmap Index Scan", "Parent Relationship": "Outer", "Index Name": "role_id_cast_info", "Startup Cost": 0.0, "Total Cost": 75482.63, "Plan Rows": 3296318, "Plan Width": 0, "Actual Startup Time": 334.398, "Actual Total Time": 334.398, "Actual Rows": 2728943, "Actual Loops": 1, "Index Cond": "(role_id = rt.id)"}]}]}, {"Node Type": "Hash", "Parent Relationship": "Inner", "Startup Cost": 180697.47, "Total Cost": 180697.47, "Plan Rows": 1282311, "Plan Width": 25, "Actual Startup Time": 4512.943, "Actual Total Time": 4512.943, "Actual Rows": 1153797, "Actual Loops": 1, "Hash Buckets": 2097152, "Hash Batches": 1, "Original Hash Batches": 1, "Peak Memory Usage": 68508, "Plans": [{"Node Type": "Hash Join", "Parent Relationship": "Outer", "Join Type": "Inner", "Startup Cost": 98641.07, "Total Cost": 180697.47, "Plan Rows": 1282311, "Plan Width": 25, "Actual Startup Time": 1833.514, "Actual Total Time": 4016.679, "Actual Rows": 1153797, "Actual Loops": 1, "Inner Unique": true, "Hash Cond": "(mc.movie_id = t.id), (LLVM Optimized, Jit Execute)", "Plans": [{"Node Type": "Hash Join", "Parent Relationship": "Outer", "Join Type": "Inner", "Startup Cost": 6968.08, "Total Cost": 71392.69, "Plan Rows": 1282311, "Plan Width": 4, "Actual Startup Time": 112.988, "Actual Total Time": 1571.798, "Actual Rows": 1153797, "Actual Loops": 1, "Inner Unique": true, "Hash Cond": "(mc.company_id = cn.id), (LLVM Optimized, Jit Execute)", "Plans": [{"Node Type": "Seq Scan", "Parent Relationship": "Outer", "Relation Name": "movie_companies", "Alias": "mc", "Startup Cost": 0.0, "Total Cost": 41817.28, "Plan Rows": 2609128, "Plan Width": 8, "Actual Startup Time": 0.057, "Actual Total Time": 619.25, "Actual Rows": 2609128, "Actual Loops": 1}, {"Node Type": "Hash", "Parent Relationship": "Inner", "Startup Cost": 5903.45, "Total Cost": 5903.45, "Plan Rows": 85170, "Plan Width": 4, "Actual Startup Time": 112.814, "Actual Total Time": 112.814, "Actual Rows": 84843, "Actual Loops": 1, "Hash Buckets": 131072, "Hash Batches": 1, "Original Hash Batches": 1, "Peak Memory Usage": 2983, "Plans": [{"Node Type": "Seq Scan", "Parent Relationship": "Outer", "Relation Name": "company_name", "Alias": "cn", "Startup Cost": 0.0, "Total Cost": 5903.45, "Plan Rows": 85170, "Plan Width": 4, "Actual Startup Time": 0.042, "Actual Total Time": 90.184, "Actual Rows": 84843, "Actual Loops": 1, "Filter": "((country_code)::text = '[us]'::text)", "Rows Removed by Filter": 150153}]}]}, {"Node Type": "Hash", "Parent Relationship": "Inner", "Startup Cost": 60069.11, "Total Cost": 60069.11, "Plan Rows": 2528311, "Plan Width": 21, "Actual Startup Time": 1718.015, "Actual Total Time": 1718.015, "Actual Rows": 2528311, "Actual Loops": 1, "Hash Buckets": 4194304, "Hash Batches": 1, "Original Hash Batches": 1, "Peak Memory Usage": 135869, "Plans": [{"Node Type": "Seq Scan", "Parent Relationship": "Outer", "Relation Name": "title", "Alias": "t", "Startup Cost": 0.0, "Total Cost": 60069.11, "Plan Rows": 2528311, "Plan Width": 21, "Actual Startup Time": 0.029, "Actual Total Time": 802.868, "Actual Rows": 2528311, "Actual Loops": 1}]}]}]}]}, {"Node Type": "Hash", "Parent Relationship": "Inner", "Startup Cost": 93071.9, "Total Cost": 93071.9, "Plan Rows": 4167490, "Plan Width": 4, "Actual Startup Time": 2959.088, "Actual Total Time": 2959.088, "Actual Rows": 4167490, "Actual Loops": 1, "Hash Buckets": 4194304, "Hash Batches": 1, "Original Hash Batches": 1, "Peak Memory Usage": 146514, "Plans": [{"Node Type": "Seq Scan", "Parent Relationship": "Outer", "Relation Name": "name", "Alias": "n1", "Startup Cost": 0.0, "Total Cost": 93071.9, "Plan Rows": 4167490, "Plan Width": 4, "Actual Startup Time": 0.039, "Actual Total Time": 1329.288, "Actual Rows": 4167490, "Actual Loops": 1}]}]}]}]}]}, "Triggers": [], "Planner Runtime": 35, "Total Runtime": 14171.854, "Unique SQL Id": 2457761703}}, "(1, 103)": {"explain_plan": {"Plan": {"Node Type": "Aggregate", "Strategy": "Plain", "Startup Cost": 1000069787565.86, "Total Cost": 1000069787565.87, "Plan Rows": 1, "Plan Width": 97, "Plans": [{"Node Type": "Nested Loop", "Parent Relationship": "Outer", "Join Type": "Inner", "Startup Cost": 10000000001.8, "Total Cost": 1000069785780.37, "Plan Rows": 357098, "Plan Width": 33, "Inner Unique": true, "Plans": [{"Node Type": "Nested Loop", "Parent Relationship": "Outer", "Join Type": "Inner", "Startup Cost": 10000000001.54, "Total Cost": 1000068255744.11, "Plan Rows": 357379, "Plan Width": 24, "Inner Unique": true, "Join Filter": "(a1.person_id = n1.id), (LLVM Optimized)", "Plans": [{"Node Type": "Nested Loop", "Parent Relationship": "Outer", "Join Type": "Inner", "Startup Cost": 10000000001.28, "Total Cost": 1000066724564.96, "Plan Rows": 357379, "Plan Width": 32, "Inner Unique": false, "Plans": [{"Node Type": "Nested Loop", "Parent Relationship": "Outer", "Join Type": "Inner", "Startup Cost": 10000000001.03, "Total Cost": 1000063680996.82, "Plan Rows": 711018, "Plan Width": 12, "Inner Unique": true, "Plans": [{"Node Type": "Nested Loop", "Parent Relationship": "Outer", "Join Type": "Inner", "Startup Cost": 10000000000.77, "Total Cost": 1000030184746.51, "Plan Rows": 7821201, "Plan Width": 16, "Inner Unique": false, "Plans": [{"Node Type": "Nested Loop", "Parent Relationship": "Outer", "Join Type": "Inner", "Startup Cost": 10000000000.26, "Total Cost": 1000024227793.07, "Plan Rows": 1282311, "Plan Width": 4, "Inner Unique": true, "Plans": [{"Node Type": "Index Scan", "Parent Relationship": "Outer", "Scan Direction": "Forward", "Index Name": "movie_id_movie_companies", "Relation Name": "movie_companies", "Alias": "mc", "Startup Cost": 10000000000.0, "Total Cost": 1000013051946.13, "Plan Rows": 2609128, "Plan Width": 8}, {"Node Type": "Bitmap Heap Scan", "Parent Relationship": "Inner", "Relation Name": "company_name", "Alias": "cn", "Startup Cost": 0.26, "Total Cost": 4.27, "Plan Rows": 1, "Plan Width": 4, "Recheck Cond": "(id = mc.company_id)", "Filter": "((country_code)::text = '[us]'::text)", "Plans": [{"Node Type": "Bitmap Index Scan", "Parent Relationship": "Outer", "Index Name": "company_name_pkey", "Startup Cost": 0.0, "Total Cost": 0.26, "Plan Rows": 1, "Plan Width": 0, "Index Cond": "(id = mc.company_id)"}]}]}, {"Node Type": "Bitmap Heap Scan", "Parent Relationship": "Inner", "Relation Name": "cast_info", "Alias": "ci", "Startup Cost": 0.51, "Total Cost": 4.59, "Plan Rows": 6, "Plan Width": 12, "Recheck Cond": "(movie_id = mc.movie_id)", "Plans": [{"Node Type": "Bitmap Index Scan", "Parent Relationship": "Outer", "Index Name": "movie_id_cast_info", "Startup Cost": 0.0, "Total Cost": 0.51, "Plan Rows": 6, "Plan Width": 0, "Index Cond": "(movie_id = mc.movie_id)"}]}]}, {"Node Type": "Bitmap Heap Scan", "Parent Relationship": "Inner", "Relation Name": "role_type", "Alias": "rt", "Startup Cost": 0.26, "Total Cost": 4.27, "Plan Rows": 1, "Plan Width": 4, "Recheck Cond": "(id = ci.role_id)", "Filter": "((role)::text = 'writer'::text)", "Plans": [{"Node Type": "Bitmap Index Scan", "Parent Relationship": "Outer", "Index Name": "role_type_pkey", "Startup Cost": 0.0, "Total Cost": 0.26, "Plan Rows": 1, "Plan Width": 0, "Index Cond": "(id = ci.role_id)"}]}]}, {"Node Type": "Bitmap Heap Scan", "Parent Relationship": "Inner", "Relation Name": "aka_name", "Alias": "a1", "Startup Cost": 0.26, "Total Cost": 4.27, "Plan Rows": 1, "Plan Width": 20, "Recheck Cond": "(person_id = ci.person_id)", "Plans": [{"Node Type": "Bitmap Index Scan", "Parent Relationship": "Outer", "Index Name": "person_id_aka_name", "Startup Cost": 0.0, "Total Cost": 0.26, "Plan Rows": 1, "Plan Width": 0, "Index Cond": "(person_id = ci.person_id)"}]}]}, {"Node Type": "Bitmap Heap Scan", "Parent Relationship": "Inner", "Relation Name": "name", "Alias": "n1", "Startup Cost": 0.26, "Total Cost": 4.27, "Plan Rows": 1, "Plan Width": 4, "Recheck Cond": "(id = ci.person_id)", "Plans": [{"Node Type": "Bitmap Index Scan", "Parent Relationship": "Outer", "Index Name": "name_pkey", "Startup Cost": 0.0, "Total Cost": 0.26, "Plan Rows": 1, "Plan Width": 0, "Index Cond": "(id = ci.person_id)"}]}]}, {"Node Type": "Bitmap Heap Scan", "Parent Relationship": "Inner", "Relation Name": "title", "Alias": "t", "Startup Cost": 0.26, "Total Cost": 4.27, "Plan Rows": 1, "Plan Width": 21, "Recheck Cond": "(id = ci.movie_id)", "Plans": [{"Node Type": "Bitmap Index Scan", "Parent Relationship": "Outer", "Index Name": "title_pkey", "Startup Cost": 0.0, "Total Cost": 0.26, "Plan Rows": 1, "Plan Width": 0, "Index Cond": "(id = ci.movie_id)"}]}]}]}, "Unique SQL Id": 2457761703, "Planner Runtime": 3}, "explain_analyze_plan": null}, "(1, 104)": {"explain_plan": {"Plan": {"Node Type": "Aggregate", "Strategy": "Plain", "Startup Cost": 589695.38, "Total Cost": 589695.39, "Plan Rows": 1, "Plan Width": 97, "Plans": [{"Node Type": "Hash Join", "Parent Relationship": "Outer", "Join Type": "Inner", "Startup Cost": 561014.71, "Total Cost": 587909.89, "Plan Rows": 357098, "Plan Width": 33, "Inner Unique": false, "Hash Cond": "(a1.person_id = n1.id), (LLVM Optimized)", "Plans": [{"Node Type": "Seq Scan", "Parent Relationship": "Outer", "Relation Name": "aka_name", "Alias": "a1", "Startup Cost": 0.0, "Total Cost": 19908.42, "Plan Rows": 901342, "Plan Width": 20}, {"Node Type": "Hash", "Parent Relationship": "Inner", "Startup Cost": 552133.97, "Total Cost": 552133.97, "Plan Rows": 710459, "Plan Width": 25, "Plans": [{"Node Type": "Hash Join", "Parent Relationship": "Outer", "Join Type": "Inner", "Startup Cost": 341891.88, "Total Cost": 552133.97, "Plan Rows": 710459, "Plan Width": 25, "Inner Unique": true, "Hash Cond": "(ci.person_id = n1.id), (LLVM Optimized)", "Plans": [{"Node Type": "Hash Join", "Parent Relationship": "Outer", "Join Type": "Inner", "Startup Cost": 196726.36, "Total Cost": 397199.64, "Plan Rows": 710459, "Plan Width": 21, "Inner Unique": false, "Hash Cond": "(ci.movie_id = t.id), (LLVM Optimized)", "Plans": [{"Node Type": "Nested Loop", "Parent Relationship": "Outer", "Join Type": "Inner", "Startup Cost": 0.0, "Total Cost": 171406.94, "Plan Rows": 3296318, "Plan Width": 8, "Inner Unique": false, "Plans": [{"Node Type": "Seq Scan", "Parent Relationship": "Outer", "Relation Name": "role_type", "Alias": "rt", "Startup Cost": 0.0, "Total Cost": 1.15, "Plan Rows": 1, "Plan Width": 4, "Filter": "((role)::text = 'writer'::text)"}, {"Node Type": "Index Scan", "Parent Relationship": "Inner", "Scan Direction": "Forward", "Index Name": "role_id_cast_info", "Relation Name": "cast_info", "Alias": "ci", "Startup Cost": 0.0, "Total Cost": 138442.61, "Plan Rows": 3296318, "Plan Width": 12, "Index Cond": "(role_id = rt.id), (LLVM Optimized)"}]}, {"Node Type": "Hash", "Parent Relationship": "Inner", "Startup Cost": 180697.47, "Total Cost": 180697.47, "Plan Rows": 1282311, "Plan Width": 25, "Plans": [{"Node Type": "Hash Join", "Parent Relationship": "Outer", "Join Type": "Inner", "Startup Cost": 98641.07, "Total Cost": 180697.47, "Plan Rows": 1282311, "Plan Width": 25, "Inner Unique": true, "Hash Cond": "(mc.movie_id = t.id), (LLVM Optimized)", "Plans": [{"Node Type": "Hash Join", "Parent Relationship": "Outer", "Join Type": "Inner", "Startup Cost": 6968.08, "Total Cost": 71392.69, "Plan Rows": 1282311, "Plan Width": 4, "Inner Unique": true, "Hash Cond": "(mc.company_id = cn.id), (LLVM Optimized)", "Plans": [{"Node Type": "Seq Scan", "Parent Relationship": "Outer", "Relation Name": "movie_companies", "Alias": "mc", "Startup Cost": 0.0, "Total Cost": 41817.28, "Plan Rows": 2609128, "Plan Width": 8}, {"Node Type": "Hash", "Parent Relationship": "Inner", "Startup Cost": 5903.45, "Total Cost": 5903.45, "Plan Rows": 85170, "Plan Width": 4, "Plans": [{"Node Type": "Seq Scan", "Parent Relationship": "Outer", "Relation Name": "company_name", "Alias": "cn", "Startup Cost": 0.0, "Total Cost": 5903.45, "Plan Rows": 85170, "Plan Width": 4, "Filter": "((country_code)::text = '[us]'::text)"}]}]}, {"Node Type": "Hash", "Parent Relationship": "Inner", "Startup Cost": 60069.11, "Total Cost": 60069.11, "Plan Rows": 2528311, "Plan Width": 21, "Plans": [{"Node Type": "Seq Scan", "Parent Relationship": "Outer", "Relation Name": "title", "Alias": "t", "Startup Cost": 0.0, "Total Cost": 60069.11, "Plan Rows": 2528311, "Plan Width": 21}]}]}]}]}, {"Node Type": "Hash", "Parent Relationship": "Inner", "Startup Cost": 93071.9, "Total Cost": 93071.9, "Plan Rows": 4167490, "Plan Width": 4, "Plans": [{"Node Type": "Index Only Scan", "Parent Relationship": "Outer", "Scan Direction": "Forward", "Index Name": "name_pkey", "Relation Name": "name", "Alias": "n1", "Startup Cost": 0.0, "Total Cost": 93071.9, "Plan Rows": 4167490, "Plan Width": 4}]}]}]}]}]}, "Unique SQL Id": 2457761703, "Planner Runtime": 45}, "explain_analyze_plan": {"Plan": {"Node Type": "Aggregate", "Strategy": "Plain", "Startup Cost": 589695.38, "Total Cost": 589695.39, "Plan Rows": 1, "Plan Width": 97, "Actual Startup Time": 14072.025, "Actual Total Time": 14072.025, "Actual Rows": 1, "Actual Loops": 1, "Plans": [{"Node Type": "Hash Join", "Parent Relationship": "Outer", "Join Type": "Inner", "Startup Cost": 561014.71, "Total Cost": 587909.89, "Plan Rows": 357098, "Plan Width": 33, "Actual Startup Time": 11691.826, "Actual Total Time": 12949.869, "Actual Rows": 2487611, "Actual Loops": 1, "Inner Unique": false, "Hash Cond": "(a1.person_id = n1.id), (LLVM Optimized, Jit Execute)", "Plans": [{"Node Type": "Seq Scan", "Parent Relationship": "Outer", "Relation Name": "aka_name", "Alias": "a1", "Startup Cost": 0.0, "Total Cost": 19908.42, "Plan Rows": 901342, "Plan Width": 20, "Actual Startup Time": 0.025, "Actual Total Time": 229.004, "Actual Rows": 901342, "Actual Loops": 1}, {"Node Type": "Hash", "Parent Relationship": "Inner", "Startup Cost": 552133.97, "Total Cost": 552133.97, "Plan Rows": 710459, "Plan Width": 25, "Actual Startup Time": 11687.273, "Actual Total Time": 11687.273, "Actual Rows": 1970658, "Actual Loops": 1, "Hash Buckets": 1048576, "Hash Batches": 1, "Original Hash Batches": 1, "Peak Memory Usage": 112799, "Plans": [{"Node Type": "Hash Join", "Parent Relationship": "Outer", "Join Type": "Inner", "Startup Cost": 341891.88, "Total Cost": 552133.97, "Plan Rows": 710459, "Plan Width": 25, "Actual Startup Time": 7023.074, "Actual Total Time": 11105.664, "Actual Rows": 1970658, "Actual Loops": 1, "Inner Unique": true, "Hash Cond": "(ci.person_id = n1.id), (LLVM Optimized, Jit Execute)", "Plans": [{"Node Type": "Hash Join", "Parent Relationship": "Outer", "Join Type": "Inner", "Startup Cost": 196726.36, "Total Cost": 397199.64, "Plan Rows": 710459, "Plan Width": 21, "Actual Startup Time": 4514.333, "Actual Total Time": 7831.613, "Actual Rows": 1970658, "Actual Loops": 1, "Inner Unique": false, "Hash Cond": "(ci.movie_id = t.id), (LLVM Optimized, Jit Execute)", "Plans": [{"Node Type": "Nested Loop", "Parent Relationship": "Outer", "Join Type": "Inner", "Startup Cost": 0.0, "Total Cost": 171406.94, "Plan Rows": 3296318, "Plan Width": 8, "Actual Startup Time": 0.114, "Actual Total Time": 1874.763, "Actual Rows": 2728943, "Actual Loops": 1, "Inner Unique": false, "Plans": [{"Node Type": "Seq Scan", "Parent Relationship": "Outer", "Relation Name": "role_type", "Alias": "rt", "Startup Cost": 0.0, "Total Cost": 1.15, "Plan Rows": 1, "Plan Width": 4, "Actual Startup Time": 0.054, "Actual Total Time": 0.07, "Actual Rows": 1, "Actual Loops": 1, "Filter": "((role)::text = 'writer'::text)", "Rows Removed by Filter": 11}, {"Node Type": "Index Scan", "Parent Relationship": "Inner", "Scan Direction": "Forward", "Index Name": "role_id_cast_info", "Relation Name": "cast_info", "Alias": "ci", "Startup Cost": 0.0, "Total Cost": 138442.61, "Plan Rows": 3296318, "Plan Width": 12, "Actual Startup Time": 0.05, "Actual Total Time": 1350.911, "Actual Rows": 2728943, "Actual Loops": 1, "Index Cond": "(role_id = rt.id), (LLVM Optimized, Jit Execute)", "Rows Removed by Index Recheck": 0}]}, {"Node Type": "Hash", "Parent Relationship": "Inner", "Startup Cost": 180697.47, "Total Cost": 180697.47, "Plan Rows": 1282311, "Plan Width": 25, "Actual Startup Time": 4504.326, "Actual Total Time": 4504.326, "Actual Rows": 1153797, "Actual Loops": 1, "Hash Buckets": 2097152, "Hash Batches": 1, "Original Hash Batches": 1, "Peak Memory Usage": 68508, "Plans": [{"Node Type": "Hash Join", "Parent Relationship": "Outer", "Join Type": "Inner", "Startup Cost": 98641.07, "Total Cost": 180697.47, "Plan Rows": 1282311, "Plan Width": 25, "Actual Startup Time": 1840.805, "Actual Total Time": 4017.099, "Actual Rows": 1153797, "Actual Loops": 1, "Inner Unique": true, "Hash Cond": "(mc.movie_id = t.id), (LLVM Optimized, Jit Execute)", "Plans": [{"Node Type": "Hash Join", "Parent Relationship": "Outer", "Join Type": "Inner", "Startup Cost": 6968.08, "Total Cost": 71392.69, "Plan Rows": 1282311, "Plan Width": 4, "Actual Startup Time": 112.721, "Actual Total Time": 1592.084, "Actual Rows": 1153797, "Actual Loops": 1, "Inner Unique": true, "Hash Cond": "(mc.company_id = cn.id), (LLVM Optimized, Jit Execute)", "Plans": [{"Node Type": "Seq Scan", "Parent Relationship": "Outer", "Relation Name": "movie_companies", "Alias": "mc", "Startup Cost": 0.0, "Total Cost": 41817.28, "Plan Rows": 2609128, "Plan Width": 8, "Actual Startup Time": 0.033, "Actual Total Time": 599.643, "Actual Rows": 2609128, "Actual Loops": 1}, {"Node Type": "Hash", "Parent Relationship": "Inner", "Startup Cost": 5903.45, "Total Cost": 5903.45, "Plan Rows": 85170, "Plan Width": 4, "Actual Startup Time": 112.588, "Actual Total Time": 112.588, "Actual Rows": 84843, "Actual Loops": 1, "Hash Buckets": 131072, "Hash Batches": 1, "Original Hash Batches": 1, "Peak Memory Usage": 2983, "Plans": [{"Node Type": "Seq Scan", "Parent Relationship": "Outer", "Relation Name": "company_name", "Alias": "cn", "Startup Cost": 0.0, "Total Cost": 5903.45, "Plan Rows": 85170, "Plan Width": 4, "Actual Startup Time": 0.026, "Actual Total Time": 90.104, "Actual Rows": 84843, "Actual Loops": 1, "Filter": "((country_code)::text = '[us]'::text)", "Rows Removed by Filter": 150153}]}]}, {"Node Type": "Hash", "Parent Relationship": "Inner", "Startup Cost": 60069.11, "Total Cost": 60069.11, "Plan Rows": 2528311, "Plan Width": 21, "Actual Startup Time": 1725.571, "Actual Total Time": 1725.571, "Actual Rows": 2528311, "Actual Loops": 1, "Hash Buckets": 4194304, "Hash Batches": 1, "Original Hash Batches": 1, "Peak Memory Usage": 135869, "Plans": [{"Node Type": "Seq Scan", "Parent Relationship": "Outer", "Relation Name": "title", "Alias": "t", "Startup Cost": 0.0, "Total Cost": 60069.11, "Plan Rows": 2528311, "Plan Width": 21, "Actual Startup Time": 0.028, "Actual Total Time": 799.762, "Actual Rows": 2528311, "Actual Loops": 1}]}]}]}]}, {"Node Type": "Hash", "Parent Relationship": "Inner", "Startup Cost": 93071.9, "Total Cost": 93071.9, "Plan Rows": 4167490, "Plan Width": 4, "Actual Startup Time": 2506.319, "Actual Total Time": 2506.319, "Actual Rows": 4167490, "Actual Loops": 1, "Hash Buckets": 4194304, "Hash Batches": 1, "Original Hash Batches": 1, "Peak Memory Usage": 146514, "Plans": [{"Node Type": "Index Only Scan", "Parent Relationship": "Outer", "Scan Direction": "Forward", "Index Name": "name_pkey", "Relation Name": "name", "Alias": "n1", "Startup Cost": 0.0, "Total Cost": 93071.9, "Plan Rows": 4167490, "Plan Width": 4, "Actual Startup Time": 0.034, "Actual Total Time": 1035.961, "Actual Rows": 4167490, "Actual Loops": 1, "Heap Fetches": 0}]}]}]}]}]}, "Triggers": [], "Planner Runtime": 45, "Total Runtime": 14086.627, "Unique SQL Id": 2457761703}}, "(1, 105)": {"explain_plan": {"Plan": {"Node Type": "Aggregate", "Strategy": "Plain", "Startup Cost": 807029.54, "Total Cost": 807029.55, "Plan Rows": 1, "Plan Width": 97, "Plans": [{"Node Type": "Hash Join", "Parent Relationship": "Outer", "Join Type": "Inner", "Startup Cost": 729292.26, "Total Cost": 805244.05, "Plan Rows": 357098, "Plan Width": 33, "Inner Unique": false, "Hash Cond": "(a1.person_id = n1.id), (LLVM Optimized)", "Plans": [{"Node Type": "Index Scan", "Parent Relationship": "Outer", "Scan Direction": "Forward", "Index Name": "person_id_aka_name", "Relation Name": "aka_name", "Alias": "a1", "Startup Cost": 0.0, "Total Cost": 68965.03, "Plan Rows": 901342, "Plan Width": 20}, {"Node Type": "Hash", "Parent Relationship": "Inner", "Startup Cost": 720411.52, "Total Cost": 720411.52, "Plan Rows": 710459, "Plan Width": 25, "Plans": [{"Node Type": "Hash Join", "Parent Relationship": "Outer", "Join Type": "Inner", "Startup Cost": 510158.12, "Total Cost": 720411.52, "Plan Rows": 710459, "Plan Width": 25, "Inner Unique": true, "Hash Cond": "(ci.person_id = n1.id), (LLVM Optimized)", "Plans": [{"Node Type": "Hash Join", "Parent Relationship": "Outer", "Join Type": "Inner", "Startup Cost": 333231.89, "Total Cost": 533716.49, "Plan Rows": 710459, "Plan Width": 21, "Inner Unique": false, "Hash Cond": "(ci.movie_id = t.id), (LLVM Optimized)", "Plans": [{"Node Type": "Nested Loop", "Parent Relationship": "Outer", "Join Type": "Inner", "Startup Cost": 0.0, "Total Cost": 171418.25, "Plan Rows": 3296318, "Plan Width": 8, "Inner Unique": false, "Plans": [{"Node Type": "Index Scan", "Parent Relationship": "Outer", "Scan Direction": "Forward", "Index Name": "role_type_pkey", "Relation Name": "role_type", "Alias": "rt", "Startup Cost": 0.0, "Total Cost": 12.46, "Plan Rows": 1, "Plan Width": 4, "Filter": "((role)::text = 'writer'::text)"}, {"Node Type": "Index Scan", "Parent Relationship": "Inner", "Scan Direction": "Forward", "Index Name": "role_id_cast_info", "Relation Name": "cast_info", "Alias": "ci", "Startup Cost": 0.0, "Total Cost": 138442.61, "Plan Rows": 3296318, "Plan Width": 12, "Index Cond": "(role_id = rt.id), (LLVM Optimized)"}]}, {"Node Type": "Hash", "Parent Relationship": "Inner", "Startup Cost": 317203.01, "Total Cost": 317203.01, "Plan Rows": 1282311, "Plan Width": 25, "Plans": [{"Node Type": "Hash Join", "Parent Relationship": "Outer", "Join Type": "Inner", "Startup Cost": 153290.39, "Total Cost": 317203.01, "Plan Rows": 1282311, "Plan Width": 25, "Inner Unique": true, "Hash Cond": "(mc.movie_id = t.id), (LLVM Optimized)", "Plans": [{"Node Type": "Hash Join", "Parent Relationship": "Outer", "Join Type": "Inner", "Startup Cost": 11566.01, "Total Cost": 157846.85, "Plan Rows": 1282311, "Plan Width": 4, "Inner Unique": true, "Hash Cond": "(mc.company_id = cn.id), (LLVM Optimized)", "Plans": [{"Node Type": "Index Scan", "Parent Relationship": "Outer", "Scan Direction": "Forward", "Index Name": "company_id_movie_companies", "Relation Name": "movie_companies", "Alias": "mc", "Startup Cost": 0.0, "Total Cost": 123673.5, "Plan Rows": 2609128, "Plan Width": 8}, {"Node Type": "Hash", "Parent Relationship": "Inner", "Startup Cost": 10501.39, "Total Cost": 10501.39, "Plan Rows": 85170, "Plan Width": 4, "Plans": [{"Node Type": "Index Scan", "Parent Relationship": "Outer", "Scan Direction": "Forward", "Index Name": "company_name_pkey", "Relation Name": "company_name", "Alias": "cn", "Startup Cost": 0.0, "Total Cost": 10501.39, "Plan Rows": 85170, "Plan Width": 4, "Filter": "((country_code)::text = '[us]'::text)"}]}]}, {"Node Type": "Hash", "Parent Relationship": "Inner", "Startup Cost": 110120.49, "Total Cost": 110120.49, "Plan Rows": 2528311, "Plan Width": 21, "Plans": [{"Node Type": "Index Scan", "Parent Relationship": "Outer", "Scan Direction": "Forward", "Index Name": "title_pkey", "Relation Name": "title", "Alias": "t", "Startup Cost": 0.0, "Total Cost": 110120.49, "Plan Rows": 2528311, "Plan Width": 21}]}]}]}]}, {"Node Type": "Hash", "Parent Relationship": "Inner", "Startup Cost": 124832.6, "Total Cost": 124832.6, "Plan Rows": 4167490, "Plan Width": 4, "Plans": [{"Node Type": "Index Only Scan", "Parent Relationship": "Outer", "Scan Direction": "Forward", "Index Name": "name_pkey", "Relation Name": "name", "Alias": "n1", "Startup Cost": 0.0, "Total Cost": 124832.6, "Plan Rows": 4167490, "Plan Width": 4}]}]}]}]}]}, "Unique SQL Id": 2457761703, "Planner Runtime": 38}, "explain_analyze_plan": {"Plan": {"Node Type": "Aggregate", "Strategy": "Plain", "Startup Cost": 807029.54, "Total Cost": 807029.55, "Plan Rows": 1, "Plan Width": 97, "Actual Startup Time": 19053.318, "Actual Total Time": 19053.318, "Actual Rows": 1, "Actual Loops": 1, "Plans": [{"Node Type": "Hash Join", "Parent Relationship": "Outer", "Join Type": "Inner", "Startup Cost": 729292.26, "Total Cost": 805244.05, "Plan Rows": 357098, "Plan Width": 33, "Actual Startup Time": 16037.177, "Actual Total Time": 17917.53, "Actual Rows": 2487611, "Actual Loops": 1, "Inner Unique": false, "Hash Cond": "(a1.person_id = n1.id), (LLVM Optimized, Jit Execute)", "Plans": [{"Node Type": "Index Scan", "Parent Relationship": "Outer", "Scan Direction": "Forward", "Index Name": "person_id_aka_name", "Relation Name": "aka_name", "Alias": "a1", "Startup Cost": 0.0, "Total Cost": 68965.03, "Plan Rows": 901342, "Plan Width": 20, "Actual Startup Time": 0.048, "Actual Total Time": 796.874, "Actual Rows": 901342, "Actual Loops": 1}, {"Node Type": "Hash", "Parent Relationship": "Inner", "Startup Cost": 720411.52, "Total Cost": 720411.52, "Plan Rows": 710459, "Plan Width": 25, "Actual Startup Time": 16030.86, "Actual Total Time": 16030.86, "Actual Rows": 1970658, "Actual Loops": 1, "Hash Buckets": 1048576, "Hash Batches": 1, "Original Hash Batches": 1, "Peak Memory Usage": 112799, "Plans": [{"Node Type": "Hash Join", "Parent Relationship": "Outer", "Join Type": "Inner", "Startup Cost": 510158.12, "Total Cost": 720411.52, "Plan Rows": 710459, "Plan Width": 25, "Actual Startup Time": 11412.962, "Actual Total Time": 15448.876, "Actual Rows": 1970658, "Actual Loops": 1, "Inner Unique": true, "Hash Cond": "(ci.person_id = n1.id), (LLVM Optimized, Jit Execute)", "Plans": [{"Node Type": "Hash Join", "Parent Relationship": "Outer", "Join Type": "Inner", "Startup Cost": 333231.89, "Total Cost": 533716.49, "Plan Rows": 710459, "Plan Width": 21, "Actual Startup Time": 8839.021, "Actual Total Time": 12108.1, "Actual Rows": 1970658, "Actual Loops": 1, "Inner Unique": false, "Hash Cond": "(ci.movie_id = t.id), (LLVM Optimized, Jit Execute)", "Plans": [{"Node Type": "Nested Loop", "Parent Relationship": "Outer", "Join Type": "Inner", "Startup Cost": 0.0, "Total Cost": 171418.25, "Plan Rows": 3296318, "Plan Width": 8, "Actual Startup Time": 0.115, "Actual Total Time": 1855.272, "Actual Rows": 2728943, "Actual Loops": 1, "Inner Unique": false, "Plans": [{"Node Type": "Index Scan", "Parent Relationship": "Outer", "Scan Direction": "Forward", "Index Name": "role_type_pkey", "Relation Name": "role_type", "Alias": "rt", "Startup Cost": 0.0, "Total Cost": 12.46, "Plan Rows": 1, "Plan Width": 4, "Actual Startup Time": 0.063, "Actual Total Time": 0.085, "Actual Rows": 1, "Actual Loops": 1, "Filter": "((role)::text = 'writer'::text)", "Rows Removed by Filter": 11}, {"Node Type": "Index Scan", "Parent Relationship": "Inner", "Scan Direction": "Forward", "Index Name": "role_id_cast_info", "Relation Name": "cast_info", "Alias": "ci", "Startup Cost": 0.0, "Total Cost": 138442.61, "Plan Rows": 3296318, "Plan Width": 12, "Actual Startup Time": 0.041, "Actual Total Time": 1330.383, "Actual Rows": 2728943, "Actual Loops": 1, "Index Cond": "(role_id = rt.id), (LLVM Optimized, Jit Execute)", "Rows Removed by Index Recheck": 0}]}, {"Node Type": "Hash", "Parent Relationship": "Inner", "Startup Cost": 317203.01, "Total Cost": 317203.01, "Plan Rows": 1282311, "Plan Width": 25, "Actual Startup Time": 8834.151, "Actual Total Time": 8834.151, "Actual Rows": 1153797, "Actual Loops": 1, "Hash Buckets": 2097152, "Hash Batches": 1, "Original Hash Batches": 1, "Peak Memory Usage": 68508, "Plans": [{"Node Type": "Hash Join", "Parent Relationship": "Outer", "Join Type": "Inner", "Startup Cost": 153290.39, "Total Cost": 317203.01, "Plan Rows": 1282311, "Plan Width": 25, "Actual Startup Time": 4497.733, "Actual Total Time": 8394.129, "Actual Rows": 1153797, "Actual Loops": 1, "Inner Unique": true, "Hash Cond": "(mc.movie_id = t.id), (LLVM Optimized, Jit Execute)", "Plans": [{"Node Type": "Hash Join", "Parent Relationship": "Outer", "Join Type": "Inner", "Startup Cost": 11566.01, "Total Cost": 157846.85, "Plan Rows": 1282311, "Plan Width": 4, "Actual Startup Time": 333.267, "Actual Total Time": 3568.77, "Actual Rows": 1153797, "Actual Loops": 1, "Inner Unique": true, "Hash Cond": "(mc.company_id = cn.id), (LLVM Optimized, Jit Execute)", "Plans": [{"Node Type": "Index Scan", "Parent Relationship": "Outer", "Scan Direction": "Forward", "Index Name": "company_id_movie_companies", "Relation Name": "movie_companies", "Alias": "mc", "Startup Cost": 0.0, "Total Cost": 123673.5, "Plan Rows": 2609128, "Plan Width": 8, "Actual Startup Time": 0.026, "Actual Total Time": 2485.274, "Actual Rows": 2609128, "Actual Loops": 1}, {"Node Type": "Hash", "Parent Relationship": "Inner", "Startup Cost": 10501.39, "Total Cost": 10501.39, "Plan Rows": 85170, "Plan Width": 4, "Actual Startup Time": 333.134, "Actual Total Time": 333.134, "Actual Rows": 84843, "Actual Loops": 1, "Hash Buckets": 131072, "Hash Batches": 1, "Original Hash Batches": 1, "Peak Memory Usage": 2983, "Plans": [{"Node Type": "Index Scan", "Parent Relationship": "Outer", "Scan Direction": "Forward", "Index Name": "company_name_pkey", "Relation Name": "company_name", "Alias": "cn", "Startup Cost": 0.0, "Total Cost": 10501.39, "Plan Rows": 85170, "Plan Width": 4, "Actual Startup Time": 0.031, "Actual Total Time": 302.403, "Actual Rows": 84843, "Actual Loops": 1, "Filter": "((country_code)::text = '[us]'::text)", "Rows Removed by Filter": 150153}]}]}, {"Node Type": "Hash", "Parent Relationship": "Inner", "Startup Cost": 110120.49, "Total Cost": 110120.49, "Plan Rows": 2528311, "Plan Width": 21, "Actual Startup Time": 4162.035, "Actual Total Time": 4162.035, "Actual Rows": 2528311, "Actual Loops": 1, "Hash Buckets": 4194304, "Hash Batches": 1, "Original Hash Batches": 1, "Peak Memory Usage": 135869, "Plans": [{"Node Type": "Index Scan", "Parent Relationship": "Outer", "Scan Direction": "Forward", "Index Name": "title_pkey", "Relation Name": "title", "Alias": "t", "Startup Cost": 0.0, "Total Cost": 110120.49, "Plan Rows": 2528311, "Plan Width": 21, "Actual Startup Time": 0.039, "Actual Total Time": 3055.453, "Actual Rows": 2528311, "Actual Loops": 1}]}]}]}]}, {"Node Type": "Hash", "Parent Relationship": "Inner", "Startup Cost": 124832.6, "Total Cost": 124832.6, "Plan Rows": 4167490, "Plan Width": 4, "Actual Startup Time": 2571.523, "Actual Total Time": 2571.523, "Actual Rows": 4167490, "Actual Loops": 1, "Hash Buckets": 4194304, "Hash Batches": 1, "Original Hash Batches": 1, "Peak Memory Usage": 146514, "Plans": [{"Node Type": "Index Only Scan", "Parent Relationship": "Outer", "Scan Direction": "Forward", "Index Name": "name_pkey", "Relation Name": "name", "Alias": "n1", "Startup Cost": 0.0, "Total Cost": 124832.6, "Plan Rows": 4167490, "Plan Width": 4, "Actual Startup Time": 0.035, "Actual Total Time": 1051.584, "Actual Rows": 4167490, "Actual Loops": 1, "Heap Fetches": 0}]}]}]}]}]}, "Triggers": [], "Planner Runtime": 38, "Total Runtime": 19067.919, "Unique SQL Id": 2457761703}}, "(1, 106)": {"explain_plan": {"Plan": {"Node Type": "Aggregate", "Strategy": "Plain", "Startup Cost": 1144362.67, "Total Cost": 1144362.68, "Plan Rows": 1, "Plan Width": 97, "Plans": [{"Node Type": "Hash Join", "Parent Relationship": "Outer", "Join Type": "Inner", "Startup Cost": 1115325.41, "Total Cost": 1142577.18, "Plan Rows": 357098, "Plan Width": 33, "Inner Unique": false, "Hash Cond": "(a1.person_id = n1.id), (LLVM Optimized)", "Plans": [{"Node Type": "Seq Scan", "Parent Relationship": "Outer", "Relation Name": "aka_name", "Alias": "a1", "Startup Cost": 0.0, "Total Cost": 19908.42, "Plan Rows": 901342, "Plan Width": 20}, {"Node Type": "Hash", "Parent Relationship": "Inner", "Startup Cost": 1106444.67, "Total Cost": 1106444.67, "Plan Rows": 710459, "Plan Width": 25, "Plans": [{"Node Type": "Hash Join", "Parent Relationship": "Outer", "Join Type": "Inner", "Startup Cost": 341893.04, "Total Cost": 1106444.67, "Plan Rows": 710459, "Plan Width": 25, "Inner Unique": true, "Hash Cond": "(ci.person_id = n1.id), (LLVM Optimized)", "Plans": [{"Node Type": "Hash Join", "Parent Relationship": "Outer", "Join Type": "Inner", "Startup Cost": 196727.52, "Total Cost": 951510.34, "Plan Rows": 710459, "Plan Width": 21, "Inner Unique": false, "Hash Cond": "(ci.movie_id = t.id), (LLVM Optimized)", "Plans": [{"Node Type": "Hash Join", "Parent Relationship": "Outer", "Join Type": "Inner", "Startup Cost": 1.16, "Total Cost": 725717.64, "Plan Rows": 3296318, "Plan Width": 8, "Inner Unique": true, "Hash Cond": "(ci.role_id = rt.id), (LLVM Optimized)", "Plans": [{"Node Type": "Seq Scan", "Parent Relationship": "Outer", "Relation Name": "cast_info", "Alias": "ci", "Startup Cost": 0.0, "Total Cost": 601877.94, "Plan Rows": 36259494, "Plan Width": 12}, {"Node Type": "Hash", "Parent Relationship": "Inner", "Startup Cost": 1.15, "Total Cost": 1.15, "Plan Rows": 1, "Plan Width": 4, "Plans": [{"Node Type": "Seq Scan", "Parent Relationship": "Outer", "Relation Name": "role_type", "Alias": "rt", "Startup Cost": 0.0, "Total Cost": 1.15, "Plan Rows": 1, "Plan Width": 4, "Filter": "((role)::text = 'writer'::text)"}]}]}, {"Node Type": "Hash", "Parent Relationship": "Inner", "Startup Cost": 180697.47, "Total Cost": 180697.47, "Plan Rows": 1282311, "Plan Width": 25, "Plans": [{"Node Type": "Hash Join", "Parent Relationship": "Outer", "Join Type": "Inner", "Startup Cost": 98641.07, "Total Cost": 180697.47, "Plan Rows": 1282311, "Plan Width": 25, "Inner Unique": true, "Hash Cond": "(mc.movie_id = t.id), (LLVM Optimized)", "Plans": [{"Node Type": "Hash Join", "Parent Relationship": "Outer", "Join Type": "Inner", "Startup Cost": 6968.08, "Total Cost": 71392.69, "Plan Rows": 1282311, "Plan Width": 4, "Inner Unique": true, "Hash Cond": "(mc.company_id = cn.id), (LLVM Optimized)", "Plans": [{"Node Type": "Seq Scan", "Parent Relationship": "Outer", "Relation Name": "movie_companies", "Alias": "mc", "Startup Cost": 0.0, "Total Cost": 41817.28, "Plan Rows": 2609128, "Plan Width": 8}, {"Node Type": "Hash", "Parent Relationship": "Inner", "Startup Cost": 5903.45, "Total Cost": 5903.45, "Plan Rows": 85170, "Plan Width": 4, "Plans": [{"Node Type": "Seq Scan", "Parent Relationship": "Outer", "Relation Name": "company_name", "Alias": "cn", "Startup Cost": 0.0, "Total Cost": 5903.45, "Plan Rows": 85170, "Plan Width": 4, "Filter": "((country_code)::text = '[us]'::text)"}]}]}, {"Node Type": "Hash", "Parent Relationship": "Inner", "Startup Cost": 60069.11, "Total Cost": 60069.11, "Plan Rows": 2528311, "Plan Width": 21, "Plans": [{"Node Type": "Seq Scan", "Parent Relationship": "Outer", "Relation Name": "title", "Alias": "t", "Startup Cost": 0.0, "Total Cost": 60069.11, "Plan Rows": 2528311, "Plan Width": 21}]}]}]}]}, {"Node Type": "Hash", "Parent Relationship": "Inner", "Startup Cost": 93071.9, "Total Cost": 93071.9, "Plan Rows": 4167490, "Plan Width": 4, "Plans": [{"Node Type": "Seq Scan", "Parent Relationship": "Outer", "Relation Name": "name", "Alias": "n1", "Startup Cost": 0.0, "Total Cost": 93071.9, "Plan Rows": 4167490, "Plan Width": 4}]}]}]}]}]}, "Unique SQL Id": 2457761703, "Planner Runtime": 40}, "explain_analyze_plan": null}, "(1, 107)": {"explain_plan": {"Plan": {"Node Type": "Aggregate", "Strategy": "Plain", "Startup Cost": 7000058938280.42, "Total Cost": 7000058938280.43, "Plan Rows": 1, "Plan Width": 97, "Plans": [{"Node Type": "Hash Join", "Parent Relationship": "Outer", "Join Type": "Inner", "Startup Cost": 5020043937944.31, "Total Cost": 7000058936494.93, "Plan Rows": 357098, "Plan Width": 33, "Inner Unique": true, "Hash Cond": "(ci.movie_id = t.id), (LLVM Optimized)", "Plans": [{"Node Type": "Hash Join", "Parent Relationship": "Outer", "Join Type": "Inner", "Startup Cost": 4020032894291.5, "Total Cost": 6000047887930.97, "Plan Rows": 357379, "Plan Width": 24, "Inner Unique": true, "Hash Cond": "(a1.person_id = n1.id), (LLVM Optimized)", "Plans": [{"Node Type": "Hash Join", "Parent Relationship": "Outer", "Join Type": "Inner", "Startup Cost": 3020020358937.88, "Total Cost": 5000035347663.39, "Plan Rows": 357379, "Plan Width": 32, "Inner Unique": false, "Hash Cond": "(ci.person_id = a1.person_id), (LLVM Optimized)", "Plans": [{"Node Type": "Hash Join", "Parent Relationship": "Outer", "Join Type": "Inner", "Startup Cost": 2020013451167.68, "Total Cost": 4000028220844.2, "Plan Rows": 711018, "Plan Width": 12, "Inner Unique": true, "Hash Cond": "(mc.company_id = cn.id), (LLVM Optimized)", "Plans": [{"Node Type": "Hash Join", "Parent Relationship": "Outer", "Join Type": "Inner", "Startup Cost": 1020012399964.08, "Total Cost": 3000027157105.25, "Plan Rows": 1446714, "Plan Width": 16, "Inner Unique": false, "Hash Cond": "(ci.movie_id = mc.movie_id), (LLVM Optimized)", "Plans": [{"Node Type": "Nested Loop", "Parent Relationship": "Outer", "Join Type": "Inner", "Startup Cost": 20000000000.0, "Total Cost": 2000013878470.18, "Plan Rows": 3296318, "Plan Width": 8, "Inner Unique": false, "Plans": [{"Node Type": "Index Scan", "Parent Relationship": "Outer", "Scan Direction": "Forward", "Index Name": "role_type_pkey", "Relation Name": "role_type", "Alias": "rt", "Startup Cost": 10000000000.0, "Total Cost": 1000000001246.0, "Plan Rows": 1, "Plan Width": 4, "Filter": "((role)::text = 'writer'::text)"}, {"Node Type": "Index Scan", "Parent Relationship": "Inner", "Scan Direction": "Forward", "Index Name": "role_id_cast_info", "Relation Name": "cast_info", "Alias": "ci", "Startup Cost": 10000000000.0, "Total Cost": 1000013844261.0, "Plan Rows": 3296318, "Plan Width": 12, "Index Cond": "(role_id = rt.id), (LLVM Optimized)"}]}, {"Node Type": "Hash", "Parent Relationship": "Inner", "Startup Cost": 1000012367349.98, "Total Cost": 1000012367349.98, "Plan Rows": 2609128, "Plan Width": 8, "Plans": [{"Node Type": "Index Scan", "Parent Relationship": "Outer", "Scan Direction": "Forward", "Index Name": "company_id_movie_companies", "Relation Name": "movie_companies", "Alias": "mc", "Startup Cost": 10000000000.0, "Total Cost": 1000012367349.98, "Plan Rows": 2609128, "Plan Width": 8}]}]}, {"Node Type": "Hash", "Parent Relationship": "Inner", "Startup Cost": 1000001050138.97, "Total Cost": 1000001050138.97, "Plan Rows": 85170, "Plan Width": 4, "Plans": [{"Node Type": "Index Scan", "Parent Relationship": "Outer", "Scan Direction": "Forward", "Index Name": "company_name_pkey", "Relation Name": "company_name", "Alias": "cn", "Startup Cost": 10000000000.0, "Total Cost": 1000001050138.97, "Plan Rows": 85170, "Plan Width": 4, "Filter": "((country_code)::text = '[us]'::text)"}]}]}, {"Node Type": "Hash", "Parent Relationship": "Inner", "Startup Cost": 1000006896503.43, "Total Cost": 1000006896503.43, "Plan Rows": 901342, "Plan Width": 20, "Plans": [{"Node Type": "Index Scan", "Parent Relationship": "Outer", "Scan Direction": "Forward", "Index Name": "person_id_aka_name", "Relation Name": "aka_name", "Alias": "a1", "Startup Cost": 10000000000.0, "Total Cost": 1000006896503.43, "Plan Rows": 901342, "Plan Width": 20}]}]}, {"Node Type": "Hash", "Parent Relationship": "Inner", "Startup Cost": 1000012483260.0, "Total Cost": 1000012483260.0, "Plan Rows": 4167490, "Plan Width": 4, "Plans": [{"Node Type": "Index Only Scan", "Parent Relationship": "Outer", "Scan Direction": "Forward", "Index Name": "name_pkey", "Relation Name": "name", "Alias": "n1", "Startup Cost": 10000000000.0, "Total Cost": 1000012483260.0, "Plan Rows": 4167490, "Plan Width": 4}]}]}, {"Node Type": "Hash", "Parent Relationship": "Inner", "Startup Cost": 1000011012048.91, "Total Cost": 1000011012048.91, "Plan Rows": 2528311, "Plan Width": 21, "Plans": [{"Node Type": "Index Scan", "Parent Relationship": "Outer", "Scan Direction": "Forward", "Index Name": "title_pkey", "Relation Name": "title", "Alias": "t", "Startup Cost": 10000000000.0, "Total Cost": 1000011012048.91, "Plan Rows": 2528311, "Plan Width": 21}]}]}]}, "Unique SQL Id": 2457761703, "Planner Runtime": 41}, "explain_analyze_plan": {"Plan": {"Node Type": "Aggregate", "Strategy": "Plain", "Startup Cost": 7000058938280.42, "Total Cost": 7000058938280.43, "Plan Rows": 1, "Plan Width": 97, "Actual Startup Time": 21581.715, "Actual Total Time": 21581.715, "Actual Rows": 1, "Actual Loops": 1, "Plans": [{"Node Type": "Hash Join", "Parent Relationship": "Outer", "Join Type": "Inner", "Startup Cost": 5020043937944.31, "Total Cost": 7000058936494.93, "Plan Rows": 357098, "Plan Width": 33, "Actual Startup Time": 11984.553, "Actual Total Time": 20370.432, "Actual Rows": 2487611, "Actual Loops": 1, "Inner Unique": true, "Hash Cond": "(ci.movie_id = t.id), (LLVM Optimized, Jit Execute)", "Plans": [{"Node Type": "Hash Join", "Parent Relationship": "Outer", "Join Type": "Inner", "Startup Cost": 4020032894291.5, "Total Cost": 6000047887930.97, "Plan Rows": 357379, "Plan Width": 24, "Actual Startup Time": 7763.282, "Actual Total Time": 15132.609, "Actual Rows": 2487611, "Actual Loops": 1, "Inner Unique": true, "Hash Cond": "(a1.person_id = n1.id), (LLVM Optimized, Jit Execute)", "Plans": [{"Node Type": "Hash Join", "Parent Relationship": "Outer", "Join Type": "Inner", "Startup Cost": 3020020358937.88, "Total Cost": 5000035347663.39, "Plan Rows": 357379, "Plan Width": 32, "Actual Startup Time": 5359.776, "Actual Total Time": 11843.454, "Actual Rows": 2487611, "Actual Loops": 1, "Inner Unique": false, "Hash Cond": "(ci.person_id = a1.person_id), (LLVM Optimized, Jit Execute)", "Plans": [{"Node Type": "Hash Join", "Parent Relationship": "Outer", "Join Type": "Inner", "Startup Cost": 2020013451167.68, "Total Cost": 4000028220844.2, "Plan Rows": 711018, "Plan Width": 12, "Actual Startup Time": 4406.149, "Actual Total Time": 9992.94, "Actual Rows": 1970658, "Actual Loops": 1, "Inner Unique": true, "Hash Cond": "(mc.company_id = cn.id), (LLVM Optimized, Jit Execute)", "Plans": [{"Node Type": "Hash Join", "Parent Relationship": "Outer", "Join Type": "Inner", "Startup Cost": 1020012399964.08, "Total Cost": 3000027157105.25, "Plan Rows": 1446714, "Plan Width": 16, "Actual Startup Time": 4083.959, "Actual Total Time": 8386.784, "Actual Rows": 4450853, "Actual Loops": 1, "Inner Unique": false, "Hash Cond": "(ci.movie_id = mc.movie_id), (LLVM Optimized, Jit Execute)", "Plans": [{"Node Type": "Nested Loop", "Parent Relationship": "Outer", "Join Type": "Inner", "Startup Cost": 20000000000.0, "Total Cost": 2000013878470.18, "Plan Rows": 3296318, "Plan Width": 8, "Actual Startup Time": 0.177, "Actual Total Time": 1961.471, "Actual Rows": 2728943, "Actual Loops": 1, "Inner Unique": false, "Plans": [{"Node Type": "Index Scan", "Parent Relationship": "Outer", "Scan Direction": "Forward", "Index Name": "role_type_pkey", "Relation Name": "role_type", "Alias": "rt", "Startup Cost": 10000000000.0, "Total Cost": 1000000001246.0, "Plan Rows": 1, "Plan Width": 4, "Actual Startup Time": 0.065, "Actual Total Time": 0.083, "Actual Rows": 1, "Actual Loops": 1, "Filter": "((role)::text = 'writer'::text)", "Rows Removed by Filter": 11}, {"Node Type": "Index Scan", "Parent Relationship": "Inner", "Scan Direction": "Forward", "Index Name": "role_id_cast_info", "Relation Name": "cast_info", "Alias": "ci", "Startup Cost": 10000000000.0, "Total Cost": 1000013844261.0, "Plan Rows": 3296318, "Plan Width": 12, "Actual Startup Time": 0.038, "Actual Total Time": 1429.39, "Actual Rows": 2728943, "Actual Loops": 1, "Index Cond": "(role_id = rt.id), (LLVM Optimized, Jit Execute)", "Rows Removed by Index Recheck": 0}]}, {"Node Type": "Hash", "Parent Relationship": "Inner", "Startup Cost": 1000012367349.98, "Total Cost": 1000012367349.98, "Plan Rows": 2609128, "Plan Width": 8, "Actual Startup Time": 4081.247, "Actual Total Time": 4081.247, "Actual Rows": 2609128, "Actual Loops": 1, "Hash Buckets": 4194304, "Hash Batches": 1, "Original Hash Batches": 1, "Peak Memory Usage": 101920, "Plans": [{"Node Type": "Index Scan", "Parent Relationship": "Outer", "Scan Direction": "Forward", "Index Name": "company_id_movie_companies", "Relation Name": "movie_companies", "Alias": "mc", "Startup Cost": 10000000000.0, "Total Cost": 1000012367349.98, "Plan Rows": 2609128, "Plan Width": 8, "Actual Startup Time": 0.026, "Actual Total Time": 3009.918, "Actual Rows": 2609128, "Actual Loops": 1}]}]}, {"Node Type": "Hash", "Parent Relationship": "Inner", "Startup Cost": 1000001050138.97, "Total Cost": 1000001050138.97, "Plan Rows": 85170, "Plan Width": 4, "Actual Startup Time": 322.063, "Actual Total Time": 322.063, "Actual Rows": 84843, "Actual Loops": 1, "Hash Buckets": 131072, "Hash Batches": 1, "Original Hash Batches": 1, "Peak Memory Usage": 2983, "Plans": [{"Node Type": "Index Scan", "Parent Relationship": "Outer", "Scan Direction": "Forward", "Index Name": "company_name_pkey", "Relation Name": "company_name", "Alias": "cn", "Startup Cost": 10000000000.0, "Total Cost": 1000001050138.97, "Plan Rows": 85170, "Plan Width": 4, "Actual Startup Time": 0.07, "Actual Total Time": 293.272, "Actual Rows": 84843, "Actual Loops": 1, "Filter": "((country_code)::text = '[us]'::text)", "Rows Removed by Filter": 150153}]}]}, {"Node Type": "Hash", "Parent Relationship": "Inner", "Startup Cost": 1000006896503.43, "Total Cost": 1000006896503.43, "Plan Rows": 901342, "Plan Width": 20, "Actual Startup Time": 952.956, "Actual Total Time": 952.956, "Actual Rows": 901342, "Actual Loops": 1, "Hash Buckets": 1048576, "Hash Batches": 1, "Original Hash Batches": 1, "Peak Memory Usage": 47724, "Plans": [{"Node Type": "Index Scan", "Parent Relationship": "Outer", "Scan Direction": "Forward", "Index Name": "person_id_aka_name", "Relation Name": "aka_name", "Alias": "a1", "Startup Cost": 10000000000.0, "Total Cost": 1000006896503.43, "Plan Rows": 901342, "Plan Width": 20, "Actual Startup Time": 0.05, "Actual Total Time": 661.025, "Actual Rows": 901342, "Actual Loops": 1}]}]}, {"Node Type": "Hash", "Parent Relationship": "Inner", "Startup Cost": 1000012483260.0, "Total Cost": 1000012483260.0, "Plan Rows": 4167490, "Plan Width": 4, "Actual Startup Time": 2401.033, "Actual Total Time": 2401.033, "Actual Rows": 4167490, "Actual Loops": 1, "Hash Buckets": 4194304, "Hash Batches": 1, "Original Hash Batches": 1, "Peak Memory Usage": 146514, "Plans": [{"Node Type": "Index Only Scan", "Parent Relationship": "Outer", "Scan Direction": "Forward", "Index Name": "name_pkey", "Relation Name": "name", "Alias": "n1", "Startup Cost": 10000000000.0, "Total Cost": 1000012483260.0, "Plan Rows": 4167490, "Plan Width": 4, "Actual Startup Time": 0.042, "Actual Total Time": 1023.692, "Actual Rows": 4167490, "Actual Loops": 1, "Heap Fetches": 0}]}]}, {"Node Type": "Hash", "Parent Relationship": "Inner", "Startup Cost": 1000011012048.91, "Total Cost": 1000011012048.91, "Plan Rows": 2528311, "Plan Width": 21, "Actual Startup Time": 4218.718, "Actual Total Time": 4218.718, "Actual Rows": 2528311, "Actual Loops": 1, "Hash Buckets": 4194304, "Hash Batches": 1, "Original Hash Batches": 1, "Peak Memory Usage": 135869, "Plans": [{"Node Type": "Index Scan", "Parent Relationship": "Outer", "Scan Direction": "Forward", "Index Name": "title_pkey", "Relation Name": "title", "Alias": "t", "Startup Cost": 10000000000.0, "Total Cost": 1000011012048.91, "Plan Rows": 2528311, "Plan Width": 21, "Actual Startup Time": 0.052, "Actual Total Time": 3062.138, "Actual Rows": 2528311, "Actual Loops": 1}]}]}]}, "Triggers": [], "Planner Runtime": 41, "Total Runtime": 21596.208, "Unique SQL Id": 2457761703}}, "(1, 108)": {"explain_plan": {"Plan": {"Node Type": "Aggregate", "Strategy": "Plain", "Startup Cost": 589695.38, "Total Cost": 589695.39, "Plan Rows": 1, "Plan Width": 97, "Plans": [{"Node Type": "Hash Join", "Parent Relationship": "Outer", "Join Type": "Inner", "Startup Cost": 561014.71, "Total Cost": 587909.89, "Plan Rows": 357098, "Plan Width": 33, "Inner Unique": false, "Hash Cond": "(a1.person_id = n1.id), (LLVM Optimized)", "Plans": [{"Node Type": "Seq Scan", "Parent Relationship": "Outer", "Relation Name": "aka_name", "Alias": "a1", "Startup Cost": 0.0, "Total Cost": 19908.42, "Plan Rows": 901342, "Plan Width": 20}, {"Node Type": "Hash", "Parent Relationship": "Inner", "Startup Cost": 552133.97, "Total Cost": 552133.97, "Plan Rows": 710459, "Plan Width": 25, "Plans": [{"Node Type": "Hash Join", "Parent Relationship": "Outer", "Join Type": "Inner", "Startup Cost": 341891.88, "Total Cost": 552133.97, "Plan Rows": 710459, "Plan Width": 25, "Inner Unique": true, "Hash Cond": "(ci.person_id = n1.id), (LLVM Optimized)", "Plans": [{"Node Type": "Hash Join", "Parent Relationship": "Outer", "Join Type": "Inner", "Startup Cost": 196726.36, "Total Cost": 397199.64, "Plan Rows": 710459, "Plan Width": 21, "Inner Unique": false, "Hash Cond": "(ci.movie_id = t.id), (LLVM Optimized)", "Plans": [{"Node Type": "Nested Loop", "Parent Relationship": "Outer", "Join Type": "Inner", "Startup Cost": 0.0, "Total Cost": 171406.94, "Plan Rows": 3296318, "Plan Width": 8, "Inner Unique": false, "Plans": [{"Node Type": "Seq Scan", "Parent Relationship": "Outer", "Relation Name": "role_type", "Alias": "rt", "Startup Cost": 0.0, "Total Cost": 1.15, "Plan Rows": 1, "Plan Width": 4, "Filter": "((role)::text = 'writer'::text)"}, {"Node Type": "Index Scan", "Parent Relationship": "Inner", "Scan Direction": "Forward", "Index Name": "role_id_cast_info", "Relation Name": "cast_info", "Alias": "ci", "Startup Cost": 0.0, "Total Cost": 138442.61, "Plan Rows": 3296318, "Plan Width": 12, "Index Cond": "(role_id = rt.id), (LLVM Optimized)"}]}, {"Node Type": "Hash", "Parent Relationship": "Inner", "Startup Cost": 180697.47, "Total Cost": 180697.47, "Plan Rows": 1282311, "Plan Width": 25, "Plans": [{"Node Type": "Hash Join", "Parent Relationship": "Outer", "Join Type": "Inner", "Startup Cost": 98641.07, "Total Cost": 180697.47, "Plan Rows": 1282311, "Plan Width": 25, "Inner Unique": true, "Hash Cond": "(mc.movie_id = t.id), (LLVM Optimized)", "Plans": [{"Node Type": "Hash Join", "Parent Relationship": "Outer", "Join Type": "Inner", "Startup Cost": 6968.08, "Total Cost": 71392.69, "Plan Rows": 1282311, "Plan Width": 4, "Inner Unique": true, "Hash Cond": "(mc.company_id = cn.id), (LLVM Optimized)", "Plans": [{"Node Type": "Seq Scan", "Parent Relationship": "Outer", "Relation Name": "movie_companies", "Alias": "mc", "Startup Cost": 0.0, "Total Cost": 41817.28, "Plan Rows": 2609128, "Plan Width": 8}, {"Node Type": "Hash", "Parent Relationship": "Inner", "Startup Cost": 5903.45, "Total Cost": 5903.45, "Plan Rows": 85170, "Plan Width": 4, "Plans": [{"Node Type": "Seq Scan", "Parent Relationship": "Outer", "Relation Name": "company_name", "Alias": "cn", "Startup Cost": 0.0, "Total Cost": 5903.45, "Plan Rows": 85170, "Plan Width": 4, "Filter": "((country_code)::text = '[us]'::text)"}]}]}, {"Node Type": "Hash", "Parent Relationship": "Inner", "Startup Cost": 60069.11, "Total Cost": 60069.11, "Plan Rows": 2528311, "Plan Width": 21, "Plans": [{"Node Type": "Seq Scan", "Parent Relationship": "Outer", "Relation Name": "title", "Alias": "t", "Startup Cost": 0.0, "Total Cost": 60069.11, "Plan Rows": 2528311, "Plan Width": 21}]}]}]}]}, {"Node Type": "Hash", "Parent Relationship": "Inner", "Startup Cost": 93071.9, "Total Cost": 93071.9, "Plan Rows": 4167490, "Plan Width": 4, "Plans": [{"Node Type": "Seq Scan", "Parent Relationship": "Outer", "Relation Name": "name", "Alias": "n1", "Startup Cost": 0.0, "Total Cost": 93071.9, "Plan Rows": 4167490, "Plan Width": 4}]}]}]}]}]}, "Unique SQL Id": 2457761703, "Planner Runtime": 46}, "explain_analyze_plan": {"Plan": {"Node Type": "Aggregate", "Strategy": "Plain", "Startup Cost": 589695.38, "Total Cost": 589695.39, "Plan Rows": 1, "Plan Width": 97, "Actual Startup Time": 14083.388, "Actual Total Time": 14083.389, "Actual Rows": 1, "Actual Loops": 1, "Plans": [{"Node Type": "Hash Join", "Parent Relationship": "Outer", "Join Type": "Inner", "Startup Cost": 561014.71, "Total Cost": 587909.89, "Plan Rows": 357098, "Plan Width": 33, "Actual Startup Time": 11707.86, "Actual Total Time": 12960.559, "Actual Rows": 2487611, "Actual Loops": 1, "Inner Unique": false, "Hash Cond": "(a1.person_id = n1.id), (LLVM Optimized, Jit Execute)", "Plans": [{"Node Type": "Seq Scan", "Parent Relationship": "Outer", "Relation Name": "aka_name", "Alias": "a1", "Startup Cost": 0.0, "Total Cost": 19908.42, "Plan Rows": 901342, "Plan Width": 20, "Actual Startup Time": 0.028, "Actual Total Time": 228.399, "Actual Rows": 901342, "Actual Loops": 1}, {"Node Type": "Hash", "Parent Relationship": "Inner", "Startup Cost": 552133.97, "Total Cost": 552133.97, "Plan Rows": 710459, "Plan Width": 25, "Actual Startup Time": 11703.168, "Actual Total Time": 11703.168, "Actual Rows": 1970658, "Actual Loops": 1, "Hash Buckets": 1048576, "Hash Batches": 1, "Original Hash Batches": 1, "Peak Memory Usage": 112799, "Plans": [{"Node Type": "Hash Join", "Parent Relationship": "Outer", "Join Type": "Inner", "Startup Cost": 341891.88, "Total Cost": 552133.97, "Plan Rows": 710459, "Plan Width": 25, "Actual Startup Time": 7024.385, "Actual Total Time": 11117.689, "Actual Rows": 1970658, "Actual Loops": 1, "Inner Unique": true, "Hash Cond": "(ci.person_id = n1.id), (LLVM Optimized, Jit Execute)", "Plans": [{"Node Type": "Hash Join", "Parent Relationship": "Outer", "Join Type": "Inner", "Startup Cost": 196726.36, "Total Cost": 397199.64, "Plan Rows": 710459, "Plan Width": 21, "Actual Startup Time": 4186.944, "Actual Total Time": 7503.897, "Actual Rows": 1970658, "Actual Loops": 1, "Inner Unique": false, "Hash Cond": "(ci.movie_id = t.id), (LLVM Optimized, Jit Execute)", "Plans": [{"Node Type": "Nested Loop", "Parent Relationship": "Outer", "Join Type": "Inner", "Startup Cost": 0.0, "Total Cost": 171406.94, "Plan Rows": 3296318, "Plan Width": 8, "Actual Startup Time": 0.117, "Actual Total Time": 1880.061, "Actual Rows": 2728943, "Actual Loops": 1, "Inner Unique": false, "Plans": [{"Node Type": "Seq Scan", "Parent Relationship": "Outer", "Relation Name": "role_type", "Alias": "rt", "Startup Cost": 0.0, "Total Cost": 1.15, "Plan Rows": 1, "Plan Width": 4, "Actual Startup Time": 0.047, "Actual Total Time": 0.143, "Actual Rows": 1, "Actual Loops": 1, "Filter": "((role)::text = 'writer'::text)", "Rows Removed by Filter": 11}, {"Node Type": "Index Scan", "Parent Relationship": "Inner", "Scan Direction": "Forward", "Index Name": "role_id_cast_info", "Relation Name": "cast_info", "Alias": "ci", "Startup Cost": 0.0, "Total Cost": 138442.61, "Plan Rows": 3296318, "Plan Width": 12, "Actual Startup Time": 0.057, "Actual Total Time": 1350.34, "Actual Rows": 2728943, "Actual Loops": 1, "Index Cond": "(role_id = rt.id), (LLVM Optimized, Jit Execute)", "Rows Removed by Index Recheck": 0}]}, {"Node Type": "Hash", "Parent Relationship": "Inner", "Startup Cost": 180697.47, "Total Cost": 180697.47, "Plan Rows": 1282311, "Plan Width": 25, "Actual Startup Time": 4182.205, "Actual Total Time": 4182.205, "Actual Rows": 1153797, "Actual Loops": 1, "Hash Buckets": 2097152, "Hash Batches": 1, "Original Hash Batches": 1, "Peak Memory Usage": 68508, "Plans": [{"Node Type": "Hash Join", "Parent Relationship": "Outer", "Join Type": "Inner", "Startup Cost": 98641.07, "Total Cost": 180697.47, "Plan Rows": 1282311, "Plan Width": 25, "Actual Startup Time": 1768.291, "Actual Total Time": 3783.203, "Actual Rows": 1153797, "Actual Loops": 1, "Inner Unique": true, "Hash Cond": "(mc.movie_id = t.id), (LLVM Optimized, Jit Execute)", "Plans": [{"Node Type": "Hash Join", "Parent Relationship": "Outer", "Join Type": "Inner", "Startup Cost": 6968.08, "Total Cost": 71392.69, "Plan Rows": 1282311, "Plan Width": 4, "Actual Startup Time": 112.424, "Actual Total Time": 1527.13, "Actual Rows": 1153797, "Actual Loops": 1, "Inner Unique": true, "Hash Cond": "(mc.company_id = cn.id), (LLVM Optimized, Jit Execute)", "Plans": [{"Node Type": "Seq Scan", "Parent Relationship": "Outer", "Relation Name": "movie_companies", "Alias": "mc", "Startup Cost": 0.0, "Total Cost": 41817.28, "Plan Rows": 2609128, "Plan Width": 8, "Actual Startup Time": 0.024, "Actual Total Time": 595.557, "Actual Rows": 2609128, "Actual Loops": 1}, {"Node Type": "Hash", "Parent Relationship": "Inner", "Startup Cost": 5903.45, "Total Cost": 5903.45, "Plan Rows": 85170, "Plan Width": 4, "Actual Startup Time": 112.295, "Actual Total Time": 112.295, "Actual Rows": 84843, "Actual Loops": 1, "Hash Buckets": 131072, "Hash Batches": 1, "Original Hash Batches": 1, "Peak Memory Usage": 2983, "Plans": [{"Node Type": "Seq Scan", "Parent Relationship": "Outer", "Relation Name": "company_name", "Alias": "cn", "Startup Cost": 0.0, "Total Cost": 5903.45, "Plan Rows": 85170, "Plan Width": 4, "Actual Startup Time": 0.028, "Actual Total Time": 89.914, "Actual Rows": 84843, "Actual Loops": 1, "Filter": "((country_code)::text = '[us]'::text)", "Rows Removed by Filter": 150153}]}]}, {"Node Type": "Hash", "Parent Relationship": "Inner", "Startup Cost": 60069.11, "Total Cost": 60069.11, "Plan Rows": 2528311, "Plan Width": 21, "Actual Startup Time": 1653.422, "Actual Total Time": 1653.422, "Actual Rows": 2528311, "Actual Loops": 1, "Hash Buckets": 4194304, "Hash Batches": 1, "Original Hash Batches": 1, "Peak Memory Usage": 135869, "Plans": [{"Node Type": "Seq Scan", "Parent Relationship": "Outer", "Relation Name": "title", "Alias": "t", "Startup Cost": 0.0, "Total Cost": 60069.11, "Plan Rows": 2528311, "Plan Width": 21, "Actual Startup Time": 0.026, "Actual Total Time": 800.156, "Actual Rows": 2528311, "Actual Loops": 1}]}]}]}]}, {"Node Type": "Hash", "Parent Relationship": "Inner", "Startup Cost": 93071.9, "Total Cost": 93071.9, "Plan Rows": 4167490, "Plan Width": 4, "Actual Startup Time": 2834.921, "Actual Total Time": 2834.921, "Actual Rows": 4167490, "Actual Loops": 1, "Hash Buckets": 4194304, "Hash Batches": 1, "Original Hash Batches": 1, "Peak Memory Usage": 146514, "Plans": [{"Node Type": "Seq Scan", "Parent Relationship": "Outer", "Relation Name": "name", "Alias": "n1", "Startup Cost": 0.0, "Total Cost": 93071.9, "Plan Rows": 4167490, "Plan Width": 4, "Actual Startup Time": 0.027, "Actual Total Time": 1278.188, "Actual Rows": 4167490, "Actual Loops": 1}]}]}]}]}]}, "Triggers": [], "Planner Runtime": 46, "Total Runtime": 14098.166, "Unique SQL Id": 2457761703}}, "(1, 109)": {"explain_plan": {"Plan": {"Node Type": "Aggregate", "Strategy": "Plain", "Startup Cost": 824512.34, "Total Cost": 824512.35, "Plan Rows": 1, "Plan Width": 97, "Plans": [{"Node Type": "Hash Join", "Parent Relationship": "Outer", "Join Type": "Inner", "Startup Cost": 746775.06, "Total Cost": 822726.85, "Plan Rows": 357098, "Plan Width": 33, "Inner Unique": false, "Hash Cond": "(a1.person_id = n1.id), (LLVM Optimized)", "Plans": [{"Node Type": "Index Scan", "Parent Relationship": "Outer", "Scan Direction": "Forward", "Index Name": "person_id_aka_name", "Relation Name": "aka_name", "Alias": "a1", "Startup Cost": 0.0, "Total Cost": 68965.03, "Plan Rows": 901342, "Plan Width": 20}, {"Node Type": "Hash", "Parent Relationship": "Inner", "Startup Cost": 737894.33, "Total Cost": 737894.33, "Plan Rows": 710459, "Plan Width": 25, "Plans": [{"Node Type": "Nested Loop", "Parent Relationship": "Outer", "Join Type": "Inner", "Startup Cost": 333231.89, "Total Cost": 737894.33, "Plan Rows": 710459, "Plan Width": 25, "Inner Unique": true, "Plans": [{"Node Type": "Hash Join", "Parent Relationship": "Outer", "Join Type": "Inner", "Startup Cost": 333231.89, "Total Cost": 533716.49, "Plan Rows": 710459, "Plan Width": 21, "Inner Unique": false, "Hash Cond": "(ci.movie_id = t.id), (LLVM Optimized)", "Plans": [{"Node Type": "Nested Loop", "Parent Relationship": "Outer", "Join Type": "Inner", "Startup Cost": 0.0, "Total Cost": 171418.25, "Plan Rows": 3296318, "Plan Width": 8, "Inner Unique": false, "Plans": [{"Node Type": "Index Scan", "Parent Relationship": "Outer", "Scan Direction": "Forward", "Index Name": "role_type_pkey", "Relation Name": "role_type", "Alias": "rt", "Startup Cost": 0.0, "Total Cost": 12.46, "Plan Rows": 1, "Plan Width": 4, "Filter": "((role)::text = 'writer'::text)"}, {"Node Type": "Index Scan", "Parent Relationship": "Inner", "Scan Direction": "Forward", "Index Name": "role_id_cast_info", "Relation Name": "cast_info", "Alias": "ci", "Startup Cost": 0.0, "Total Cost": 138442.61, "Plan Rows": 3296318, "Plan Width": 12, "Index Cond": "(role_id = rt.id), (LLVM Optimized)"}]}, {"Node Type": "Hash", "Parent Relationship": "Inner", "Startup Cost": 317203.01, "Total Cost": 317203.01, "Plan Rows": 1282311, "Plan Width": 25, "Plans": [{"Node Type": "Hash Join", "Parent Relationship": "Outer", "Join Type": "Inner", "Startup Cost": 153290.39, "Total Cost": 317203.01, "Plan Rows": 1282311, "Plan Width": 25, "Inner Unique": true, "Hash Cond": "(mc.movie_id = t.id), (LLVM Optimized)", "Plans": [{"Node Type": "Hash Join", "Parent Relationship": "Outer", "Join Type": "Inner", "Startup Cost": 11566.01, "Total Cost": 157846.85, "Plan Rows": 1282311, "Plan Width": 4, "Inner Unique": true, "Hash Cond": "(mc.company_id = cn.id), (LLVM Optimized)", "Plans": [{"Node Type": "Index Scan", "Parent Relationship": "Outer", "Scan Direction": "Forward", "Index Name": "company_id_movie_companies", "Relation Name": "movie_companies", "Alias": "mc", "Startup Cost": 0.0, "Total Cost": 123673.5, "Plan Rows": 2609128, "Plan Width": 8}, {"Node Type": "Hash", "Parent Relationship": "Inner", "Startup Cost": 10501.39, "Total Cost": 10501.39, "Plan Rows": 85170, "Plan Width": 4, "Plans": [{"Node Type": "Index Scan", "Parent Relationship": "Outer", "Scan Direction": "Forward", "Index Name": "company_name_pkey", "Relation Name": "company_name", "Alias": "cn", "Startup Cost": 0.0, "Total Cost": 10501.39, "Plan Rows": 85170, "Plan Width": 4, "Filter": "((country_code)::text = '[us]'::text)"}]}]}, {"Node Type": "Hash", "Parent Relationship": "Inner", "Startup Cost": 110120.49, "Total Cost": 110120.49, "Plan Rows": 2528311, "Plan Width": 21, "Plans": [{"Node Type": "Index Scan", "Parent Relationship": "Outer", "Scan Direction": "Forward", "Index Name": "title_pkey", "Relation Name": "title", "Alias": "t", "Startup Cost": 0.0, "Total Cost": 110120.49, "Plan Rows": 2528311, "Plan Width": 21}]}]}]}]}, {"Node Type": "Index Scan", "Parent Relationship": "Inner", "Scan Direction": "Forward", "Index Name": "name_pkey", "Relation Name": "name", "Alias": "n1", "Startup Cost": 0.0, "Total Cost": 0.28, "Plan Rows": 1, "Plan Width": 4, "Index Cond": "(id = ci.person_id)"}]}]}]}]}, "Unique SQL Id": 2457761703, "Planner Runtime": 37}, "explain_analyze_plan": {"Plan": {"Node Type": "Aggregate", "Strategy": "Plain", "Startup Cost": 824512.34, "Total Cost": 824512.35, "Plan Rows": 1, "Plan Width": 97, "Actual Startup Time": 24134.904, "Actual Total Time": 24134.904, "Actual Rows": 1, "Actual Loops": 1, "Plans": [{"Node Type": "Hash Join", "Parent Relationship": "Outer", "Join Type": "Inner", "Startup Cost": 746775.06, "Total Cost": 822726.85, "Plan Rows": 357098, "Plan Width": 33, "Actual Startup Time": 21186.514, "Actual Total Time": 22993.904, "Actual Rows": 2487611, "Actual Loops": 1, "Inner Unique": false, "Hash Cond": "(a1.person_id = n1.id), (LLVM Optimized, Jit Execute)", "Plans": [{"Node Type": "Index Scan", "Parent Relationship": "Outer", "Scan Direction": "Forward", "Index Name": "person_id_aka_name", "Relation Name": "aka_name", "Alias": "a1", "Startup Cost": 0.0, "Total Cost": 68965.03, "Plan Rows": 901342, "Plan Width": 20, "Actual Startup Time": 0.043, "Actual Total Time": 771.221, "Actual Rows": 901342, "Actual Loops": 1}, {"Node Type": "Hash", "Parent Relationship": "Inner", "Startup Cost": 737894.33, "Total Cost": 737894.33, "Plan Rows": 710459, "Plan Width": 25, "Actual Startup Time": 21185.693, "Actual Total Time": 21185.693, "Actual Rows": 1970658, "Actual Loops": 1, "Hash Buckets": 1048576, "Hash Batches": 1, "Original Hash Batches": 1, "Peak Memory Usage": 112799, "Plans": [{"Node Type": "Nested Loop", "Parent Relationship": "Outer", "Join Type": "Inner", "Startup Cost": 333231.89, "Total Cost": 737894.33, "Plan Rows": 710459, "Plan Width": 25, "Actual Startup Time": 9732.55, "Actual Total Time": 20386.892, "Actual Rows": 1970658, "Actual Loops": 1, "Inner Unique": true, "Plans": [{"Node Type": "Hash Join", "Parent Relationship": "Outer", "Join Type": "Inner", "Startup Cost": 333231.89, "Total Cost": 533716.49, "Plan Rows": 710459, "Plan Width": 21, "Actual Startup Time": 9732.484, "Actual Total Time": 13442.445, "Actual Rows": 1970658, "Actual Loops": 1, "Inner Unique": false, "Hash Cond": "(ci.movie_id = t.id), (LLVM Optimized, Jit Execute)", "Plans": [{"Node Type": "Nested Loop", "Parent Relationship": "Outer", "Join Type": "Inner", "Startup Cost": 0.0, "Total Cost": 171418.25, "Plan Rows": 3296318, "Plan Width": 8, "Actual Startup Time": 0.077, "Actual Total Time": 1955.494, "Actual Rows": 2728943, "Actual Loops": 1, "Inner Unique": false, "Plans": [{"Node Type": "Index Scan", "Parent Relationship": "Outer", "Scan Direction": "Forward", "Index Name": "role_type_pkey", "Relation Name": "role_type", "Alias": "rt", "Startup Cost": 0.0, "Total Cost": 12.46, "Plan Rows": 1, "Plan Width": 4, "Actual Startup Time": 0.022, "Actual Total Time": 0.042, "Actual Rows": 1, "Actual Loops": 1, "Filter": "((role)::text = 'writer'::text)", "Rows Removed by Filter": 11}, {"Node Type": "Index Scan", "Parent Relationship": "Inner", "Scan Direction": "Forward", "Index Name": "role_id_cast_info", "Relation Name": "cast_info", "Alias": "ci", "Startup Cost": 0.0, "Total Cost": 138442.61, "Plan Rows": 3296318, "Plan Width": 12, "Actual Startup Time": 0.05, "Actual Total Time": 1400.002, "Actual Rows": 2728943, "Actual Loops": 1, "Index Cond": "(role_id = rt.id), (LLVM Optimized, Jit Execute)", "Rows Removed by Index Recheck": 0}]}, {"Node Type": "Hash", "Parent Relationship": "Inner", "Startup Cost": 317203.01, "Total Cost": 317203.01, "Plan Rows": 1282311, "Plan Width": 25, "Actual Startup Time": 9727.015, "Actual Total Time": 9727.015, "Actual Rows": 1153797, "Actual Loops": 1, "Hash Buckets": 2097152, "Hash Batches": 1, "Original Hash Batches": 1, "Peak Memory Usage": 68508, "Plans": [{"Node Type": "Hash Join", "Parent Relationship": "Outer", "Join Type": "Inner", "Startup Cost": 153290.39, "Total Cost": 317203.01, "Plan Rows": 1282311, "Plan Width": 25, "Actual Startup Time": 4662.338, "Actual Total Time": 9184.976, "Actual Rows": 1153797, "Actual Loops": 1, "Inner Unique": true, "Hash Cond": "(mc.movie_id = t.id), (LLVM Optimized, Jit Execute)", "Plans": [{"Node Type": "Hash Join", "Parent Relationship": "Outer", "Join Type": "Inner", "Startup Cost": 11566.01, "Total Cost": 157846.85, "Plan Rows": 1282311, "Plan Width": 4, "Actual Startup Time": 342.022, "Actual Total Time": 4116.726, "Actual Rows": 1153797, "Actual Loops": 1, "Inner Unique": true, "Hash Cond": "(mc.company_id = cn.id), (LLVM Optimized, Jit Execute)", "Plans": [{"Node Type": "Index Scan", "Parent Relationship": "Outer", "Scan Direction": "Forward", "Index Name": "company_id_movie_companies", "Relation Name": "movie_companies", "Alias": "mc", "Startup Cost": 0.0, "Total Cost": 123673.5, "Plan Rows": 2609128, "Plan Width": 8, "Actual Startup Time": 0.04, "Actual Total Time": 3005.724, "Actual Rows": 2609128, "Actual Loops": 1}, {"Node Type": "Hash", "Parent Relationship": "Inner", "Startup Cost": 10501.39, "Total Cost": 10501.39, "Plan Rows": 85170, "Plan Width": 4, "Actual Startup Time": 341.857, "Actual Total Time": 341.857, "Actual Rows": 84843, "Actual Loops": 1, "Hash Buckets": 131072, "Hash Batches": 1, "Original Hash Batches": 1, "Peak Memory Usage": 2983, "Plans": [{"Node Type": "Index Scan", "Parent Relationship": "Outer", "Scan Direction": "Forward", "Index Name": "company_name_pkey", "Relation Name": "company_name", "Alias": "cn", "Startup Cost": 0.0, "Total Cost": 10501.39, "Plan Rows": 85170, "Plan Width": 4, "Actual Startup Time": 0.036, "Actual Total Time": 316.146, "Actual Rows": 84843, "Actual Loops": 1, "Filter": "((country_code)::text = '[us]'::text)", "Rows Removed by Filter": 150153}]}]}, {"Node Type": "Hash", "Parent Relationship": "Inner", "Startup Cost": 110120.49, "Total Cost": 110120.49, "Plan Rows": 2528311, "Plan Width": 21, "Actual Startup Time": 4317.457, "Actual Total Time": 4317.457, "Actual Rows": 2528311, "Actual Loops": 1, "Hash Buckets": 4194304, "Hash Batches": 1, "Original Hash Batches": 1, "Peak Memory Usage": 135869, "Plans": [{"Node Type": "Index Scan", "Parent Relationship": "Outer", "Scan Direction": "Forward", "Index Name": "title_pkey", "Relation Name": "title", "Alias": "t", "Startup Cost": 0.0, "Total Cost": 110120.49, "Plan Rows": 2528311, "Plan Width": 21, "Actual Startup Time": 0.047, "Actual Total Time": 3013.557, "Actual Rows": 2528311, "Actual Loops": 1}]}]}]}]}, {"Node Type": "Index Scan", "Parent Relationship": "Inner", "Scan Direction": "Forward", "Index Name": "name_pkey", "Relation Name": "name", "Alias": "n1", "Startup Cost": 0.0, "Total Cost": 0.28, "Plan Rows": 1, "Plan Width": 4, "Actual Startup Time": 5480.013, "Actual Total Time": 5480.013, "Actual Rows": 1970658, "Actual Loops": 1970658, "Index Cond": "(id = ci.person_id)", "Rows Removed by Index Recheck": 0}]}]}]}]}, "Triggers": [], "Planner Runtime": 37, "Total Runtime": 24149.494, "Unique SQL Id": 2457761703}}, "(1, 110)": {"explain_plan": {"Plan": {"Node Type": "Aggregate", "Strategy": "Plain", "Startup Cost": 1144362.67, "Total Cost": 1144362.68, "Plan Rows": 1, "Plan Width": 97, "Plans": [{"Node Type": "Hash Join", "Parent Relationship": "Outer", "Join Type": "Inner", "Startup Cost": 1115325.41, "Total Cost": 1142577.18, "Plan Rows": 357098, "Plan Width": 33, "Inner Unique": false, "Hash Cond": "(a1.person_id = n1.id), (LLVM Optimized)", "Plans": [{"Node Type": "Seq Scan", "Parent Relationship": "Outer", "Relation Name": "aka_name", "Alias": "a1", "Startup Cost": 0.0, "Total Cost": 19908.42, "Plan Rows": 901342, "Plan Width": 20}, {"Node Type": "Hash", "Parent Relationship": "Inner", "Startup Cost": 1106444.67, "Total Cost": 1106444.67, "Plan Rows": 710459, "Plan Width": 25, "Plans": [{"Node Type": "Hash Join", "Parent Relationship": "Outer", "Join Type": "Inner", "Startup Cost": 341893.04, "Total Cost": 1106444.67, "Plan Rows": 710459, "Plan Width": 25, "Inner Unique": true, "Hash Cond": "(ci.person_id = n1.id), (LLVM Optimized)", "Plans": [{"Node Type": "Hash Join", "Parent Relationship": "Outer", "Join Type": "Inner", "Startup Cost": 196727.52, "Total Cost": 951510.34, "Plan Rows": 710459, "Plan Width": 21, "Inner Unique": false, "Hash Cond": "(ci.movie_id = t.id), (LLVM Optimized)", "Plans": [{"Node Type": "Hash Join", "Parent Relationship": "Outer", "Join Type": "Inner", "Startup Cost": 1.16, "Total Cost": 725717.64, "Plan Rows": 3296318, "Plan Width": 8, "Inner Unique": true, "Hash Cond": "(ci.role_id = rt.id), (LLVM Optimized)", "Plans": [{"Node Type": "Seq Scan", "Parent Relationship": "Outer", "Relation Name": "cast_info", "Alias": "ci", "Startup Cost": 0.0, "Total Cost": 601877.94, "Plan Rows": 36259494, "Plan Width": 12}, {"Node Type": "Hash", "Parent Relationship": "Inner", "Startup Cost": 1.15, "Total Cost": 1.15, "Plan Rows": 1, "Plan Width": 4, "Plans": [{"Node Type": "Seq Scan", "Parent Relationship": "Outer", "Relation Name": "role_type", "Alias": "rt", "Startup Cost": 0.0, "Total Cost": 1.15, "Plan Rows": 1, "Plan Width": 4, "Filter": "((role)::text = 'writer'::text)"}]}]}, {"Node Type": "Hash", "Parent Relationship": "Inner", "Startup Cost": 180697.47, "Total Cost": 180697.47, "Plan Rows": 1282311, "Plan Width": 25, "Plans": [{"Node Type": "Hash Join", "Parent Relationship": "Outer", "Join Type": "Inner", "Startup Cost": 98641.07, "Total Cost": 180697.47, "Plan Rows": 1282311, "Plan Width": 25, "Inner Unique": true, "Hash Cond": "(mc.movie_id = t.id), (LLVM Optimized)", "Plans": [{"Node Type": "Hash Join", "Parent Relationship": "Outer", "Join Type": "Inner", "Startup Cost": 6968.08, "Total Cost": 71392.69, "Plan Rows": 1282311, "Plan Width": 4, "Inner Unique": true, "Hash Cond": "(mc.company_id = cn.id), (LLVM Optimized)", "Plans": [{"Node Type": "Seq Scan", "Parent Relationship": "Outer", "Relation Name": "movie_companies", "Alias": "mc", "Startup Cost": 0.0, "Total Cost": 41817.28, "Plan Rows": 2609128, "Plan Width": 8}, {"Node Type": "Hash", "Parent Relationship": "Inner", "Startup Cost": 5903.45, "Total Cost": 5903.45, "Plan Rows": 85170, "Plan Width": 4, "Plans": [{"Node Type": "Seq Scan", "Parent Relationship": "Outer", "Relation Name": "company_name", "Alias": "cn", "Startup Cost": 0.0, "Total Cost": 5903.45, "Plan Rows": 85170, "Plan Width": 4, "Filter": "((country_code)::text = '[us]'::text)"}]}]}, {"Node Type": "Hash", "Parent Relationship": "Inner", "Startup Cost": 60069.11, "Total Cost": 60069.11, "Plan Rows": 2528311, "Plan Width": 21, "Plans": [{"Node Type": "Seq Scan", "Parent Relationship": "Outer", "Relation Name": "title", "Alias": "t", "Startup Cost": 0.0, "Total Cost": 60069.11, "Plan Rows": 2528311, "Plan Width": 21}]}]}]}]}, {"Node Type": "Hash", "Parent Relationship": "Inner", "Startup Cost": 93071.9, "Total Cost": 93071.9, "Plan Rows": 4167490, "Plan Width": 4, "Plans": [{"Node Type": "Seq Scan", "Parent Relationship": "Outer", "Relation Name": "name", "Alias": "n1", "Startup Cost": 0.0, "Total Cost": 93071.9, "Plan Rows": 4167490, "Plan Width": 4}]}]}]}]}]}, "Unique SQL Id": 2457761703, "Planner Runtime": 40}, "explain_analyze_plan": null}, "(1, 111)": {"explain_plan": {"Plan": {"Node Type": "Aggregate", "Strategy": "Plain", "Startup Cost": 7000064078295.12, "Total Cost": 7000064078295.13, "Plan Rows": 1, "Plan Width": 97, "Plans": [{"Node Type": "Hash Join", "Parent Relationship": "Outer", "Join Type": "Inner", "Startup Cost": 5020049077959.01, "Total Cost": 7000064076509.63, "Plan Rows": 357098, "Plan Width": 33, "Inner Unique": true, "Hash Cond": "(ci.movie_id = t.id), (LLVM Optimized)", "Plans": [{"Node Type": "Hash Join", "Parent Relationship": "Outer", "Join Type": "Inner", "Startup Cost": 4020038034306.21, "Total Cost": 6000053027945.68, "Plan Rows": 357379, "Plan Width": 24, "Inner Unique": true, "Hash Cond": "(a1.person_id = n1.id), (LLVM Optimized)", "Plans": [{"Node Type": "Hash Join", "Parent Relationship": "Outer", "Join Type": "Inner", "Startup Cost": 3020020358937.88, "Total Cost": 5000035347663.39, "Plan Rows": 357379, "Plan Width": 32, "Inner Unique": false, "Hash Cond": "(ci.person_id = a1.person_id), (LLVM Optimized)", "Plans": [{"Node Type": "Hash Join", "Parent Relationship": "Outer", "Join Type": "Inner", "Startup Cost": 2020013451167.68, "Total Cost": 4000028220844.2, "Plan Rows": 711018, "Plan Width": 12, "Inner Unique": true, "Hash Cond": "(mc.company_id = cn.id), (LLVM Optimized)", "Plans": [{"Node Type": "Hash Join", "Parent Relationship": "Outer", "Join Type": "Inner", "Startup Cost": 1020012399964.08, "Total Cost": 3000027157105.25, "Plan Rows": 1446714, "Plan Width": 16, "Inner Unique": false, "Hash Cond": "(ci.movie_id = mc.movie_id), (LLVM Optimized)", "Plans": [{"Node Type": "Nested Loop", "Parent Relationship": "Outer", "Join Type": "Inner", "Startup Cost": 20000000000.0, "Total Cost": 2000013878470.18, "Plan Rows": 3296318, "Plan Width": 8, "Inner Unique": false, "Plans": [{"Node Type": "Index Scan", "Parent Relationship": "Outer", "Scan Direction": "Forward", "Index Name": "role_type_pkey", "Relation Name": "role_type", "Alias": "rt", "Startup Cost": 10000000000.0, "Total Cost": 1000000001246.0, "Plan Rows": 1, "Plan Width": 4, "Filter": "((role)::text = 'writer'::text)"}, {"Node Type": "Index Scan", "Parent Relationship": "Inner", "Scan Direction": "Forward", "Index Name": "role_id_cast_info", "Relation Name": "cast_info", "Alias": "ci", "Startup Cost": 10000000000.0, "Total Cost": 1000013844261.0, "Plan Rows": 3296318, "Plan Width": 12, "Index Cond": "(role_id = rt.id), (LLVM Optimized)"}]}, {"Node Type": "Hash", "Parent Relationship": "Inner", "Startup Cost": 1000012367349.98, "Total Cost": 1000012367349.98, "Plan Rows": 2609128, "Plan Width": 8, "Plans": [{"Node Type": "Index Scan", "Parent Relationship": "Outer", "Scan Direction": "Forward", "Index Name": "company_id_movie_companies", "Relation Name": "movie_companies", "Alias": "mc", "Startup Cost": 10000000000.0, "Total Cost": 1000012367349.98, "Plan Rows": 2609128, "Plan Width": 8}]}]}, {"Node Type": "Hash", "Parent Relationship": "Inner", "Startup Cost": 1000001050138.97, "Total Cost": 1000001050138.97, "Plan Rows": 85170, "Plan Width": 4, "Plans": [{"Node Type": "Index Scan", "Parent Relationship": "Outer", "Scan Direction": "Forward", "Index Name": "company_name_pkey", "Relation Name": "company_name", "Alias": "cn", "Startup Cost": 10000000000.0, "Total Cost": 1000001050138.97, "Plan Rows": 85170, "Plan Width": 4, "Filter": "((country_code)::text = '[us]'::text)"}]}]}, {"Node Type": "Hash", "Parent Relationship": "Inner", "Startup Cost": 1000006896503.43, "Total Cost": 1000006896503.43, "Plan Rows": 901342, "Plan Width": 20, "Plans": [{"Node Type": "Index Scan", "Parent Relationship": "Outer", "Scan Direction": "Forward", "Index Name": "person_id_aka_name", "Relation Name": "aka_name", "Alias": "a1", "Startup Cost": 10000000000.0, "Total Cost": 1000006896503.43, "Plan Rows": 901342, "Plan Width": 20}]}]}, {"Node Type": "Hash", "Parent Relationship": "Inner", "Startup Cost": 1000017623274.7, "Total Cost": 1000017623274.7, "Plan Rows": 4167490, "Plan Width": 4, "Plans": [{"Node Type": "Index Scan", "Parent Relationship": "Outer", "Scan Direction": "Forward", "Index Name": "name_pkey", "Relation Name": "name", "Alias": "n1", "Startup Cost": 10000000000.0, "Total Cost": 1000017623274.7, "Plan Rows": 4167490, "Plan Width": 4}]}]}, {"Node Type": "Hash", "Parent Relationship": "Inner", "Startup Cost": 1000011012048.91, "Total Cost": 1000011012048.91, "Plan Rows": 2528311, "Plan Width": 21, "Plans": [{"Node Type": "Index Scan", "Parent Relationship": "Outer", "Scan Direction": "Forward", "Index Name": "title_pkey", "Relation Name": "title", "Alias": "t", "Startup Cost": 10000000000.0, "Total Cost": 1000011012048.91, "Plan Rows": 2528311, "Plan Width": 21}]}]}]}, "Unique SQL Id": 2457761703, "Planner Runtime": 41}, "explain_analyze_plan": {"Plan": {"Node Type": "Aggregate", "Strategy": "Plain", "Startup Cost": 7000064078295.12, "Total Cost": 7000064078295.13, "Plan Rows": 1, "Plan Width": 97, "Actual Startup Time": 25231.641, "Actual Total Time": 25231.642, "Actual Rows": 1, "Actual Loops": 1, "Plans": [{"Node Type": "Hash Join", "Parent Relationship": "Outer", "Join Type": "Inner", "Startup Cost": 5020049077959.01, "Total Cost": 7000064076509.63, "Plan Rows": 357098, "Plan Width": 33, "Actual Startup Time": 14836.953, "Actual Total Time": 24016.757, "Actual Rows": 2487611, "Actual Loops": 1, "Inner Unique": true, "Hash Cond": "(ci.movie_id = t.id), (LLVM Optimized, Jit Execute)", "Plans": [{"Node Type": "Hash Join", "Parent Relationship": "Outer", "Join Type": "Inner", "Startup Cost": 4020038034306.21, "Total Cost": 6000053027945.68, "Plan Rows": 357379, "Plan Width": 24, "Actual Startup Time": 10618.894, "Actual Total Time": 18718.194, "Actual Rows": 2487611, "Actual Loops": 1, "Inner Unique": true, "Hash Cond": "(a1.person_id = n1.id), (LLVM Optimized, Jit Execute)", "Plans": [{"Node Type": "Hash Join", "Parent Relationship": "Outer", "Join Type": "Inner", "Startup Cost": 3020020358937.88, "Total Cost": 5000035347663.39, "Plan Rows": 357379, "Plan Width": 32, "Actual Startup Time": 5323.087, "Actual Total Time": 12521.908, "Actual Rows": 2487611, "Actual Loops": 1, "Inner Unique": false, "Hash Cond": "(ci.person_id = a1.person_id), (LLVM Optimized, Jit Execute)", "Plans": [{"Node Type": "Hash Join", "Parent Relationship": "Outer", "Join Type": "Inner", "Startup Cost": 2020013451167.68, "Total Cost": 4000028220844.2, "Plan Rows": 711018, "Plan Width": 12, "Actual Startup Time": 4248.774, "Actual Total Time": 10518.261, "Actual Rows": 1970658, "Actual Loops": 1, "Inner Unique": true, "Hash Cond": "(mc.company_id = cn.id), (LLVM Optimized, Jit Execute)", "Plans": [{"Node Type": "Hash Join", "Parent Relationship": "Outer", "Join Type": "Inner", "Startup Cost": 1020012399964.08, "Total Cost": 3000027157105.25, "Plan Rows": 1446714, "Plan Width": 16, "Actual Startup Time": 3936.273, "Actual Total Time": 8875.583, "Actual Rows": 4450853, "Actual Loops": 1, "Inner Unique": false, "Hash Cond": "(ci.movie_id = mc.movie_id), (LLVM Optimized, Jit Execute)", "Plans": [{"Node Type": "Nested Loop", "Parent Relationship": "Outer", "Join Type": "Inner", "Startup Cost": 20000000000.0, "Total Cost": 2000013878470.18, "Plan Rows": 3296318, "Plan Width": 8, "Actual Startup Time": 0.09, "Actual Total Time": 2098.084, "Actual Rows": 2728943, "Actual Loops": 1, "Inner Unique": false, "Plans": [{"Node Type": "Index Scan", "Parent Relationship": "Outer", "Scan Direction": "Forward", "Index Name": "role_type_pkey", "Relation Name": "role_type", "Alias": "rt", "Startup Cost": 10000000000.0, "Total Cost": 1000000001246.0, "Plan Rows": 1, "Plan Width": 4, "Actual Startup Time": 0.038, "Actual Total Time": 0.058, "Actual Rows": 1, "Actual Loops": 1, "Filter": "((role)::text = 'writer'::text)", "Rows Removed by Filter": 11}, {"Node Type": "Index Scan", "Parent Relationship": "Inner", "Scan Direction": "Forward", "Index Name": "role_id_cast_info", "Relation Name": "cast_info", "Alias": "ci", "Startup Cost": 10000000000.0, "Total Cost": 1000013844261.0, "Plan Rows": 3296318, "Plan Width": 12, "Actual Startup Time": 0.04, "Actual Total Time": 1572.29, "Actual Rows": 2728943, "Actual Loops": 1, "Index Cond": "(role_id = rt.id), (LLVM Optimized, Jit Execute)", "Rows Removed by Index Recheck": 0}]}, {"Node Type": "Hash", "Parent Relationship": "Inner", "Startup Cost": 1000012367349.98, "Total Cost": 1000012367349.98, "Plan Rows": 2609128, "Plan Width": 8, "Actual Startup Time": 3933.56, "Actual Total Time": 3933.56, "Actual Rows": 2609128, "Actual Loops": 1, "Hash Buckets": 4194304, "Hash Batches": 1, "Original Hash Batches": 1, "Peak Memory Usage": 101920, "Plans": [{"Node Type": "Index Scan", "Parent Relationship": "Outer", "Scan Direction": "Forward", "Index Name": "company_id_movie_companies", "Relation Name": "movie_companies", "Alias": "mc", "Startup Cost": 10000000000.0, "Total Cost": 1000012367349.98, "Plan Rows": 2609128, "Plan Width": 8, "Actual Startup Time": 0.03, "Actual Total Time": 2872.532, "Actual Rows": 2609128, "Actual Loops": 1}]}]}, {"Node Type": "Hash", "Parent Relationship": "Inner", "Startup Cost": 1000001050138.97, "Total Cost": 1000001050138.97, "Plan Rows": 85170, "Plan Width": 4, "Actual Startup Time": 312.365, "Actual Total Time": 312.365, "Actual Rows": 84843, "Actual Loops": 1, "Hash Buckets": 131072, "Hash Batches": 1, "Original Hash Batches": 1, "Peak Memory Usage": 2983, "Plans": [{"Node Type": "Index Scan", "Parent Relationship": "Outer", "Scan Direction": "Forward", "Index Name": "company_name_pkey", "Relation Name": "company_name", "Alias": "cn", "Startup Cost": 10000000000.0, "Total Cost": 1000001050138.97, "Plan Rows": 85170, "Plan Width": 4, "Actual Startup Time": 0.077, "Actual Total Time": 286.086, "Actual Rows": 84843, "Actual Loops": 1, "Filter": "((country_code)::text = '[us]'::text)", "Rows Removed by Filter": 150153}]}]}, {"Node Type": "Hash", "Parent Relationship": "Inner", "Startup Cost": 1000006896503.43, "Total Cost": 1000006896503.43, "Plan Rows": 901342, "Plan Width": 20, "Actual Startup Time": 1073.633, "Actual Total Time": 1073.633, "Actual Rows": 901342, "Actual Loops": 1, "Hash Buckets": 1048576, "Hash Batches": 1, "Original Hash Batches": 1, "Peak Memory Usage": 47724, "Plans": [{"Node Type": "Index Scan", "Parent Relationship": "Outer", "Scan Direction": "Forward", "Index Name": "person_id_aka_name", "Relation Name": "aka_name", "Alias": "a1", "Startup Cost": 10000000000.0, "Total Cost": 1000006896503.43, "Plan Rows": 901342, "Plan Width": 20, "Actual Startup Time": 0.044, "Actual Total Time": 731.964, "Actual Rows": 901342, "Actual Loops": 1}]}]}, {"Node Type": "Hash", "Parent Relationship": "Inner", "Startup Cost": 1000017623274.7, "Total Cost": 1000017623274.7, "Plan Rows": 4167490, "Plan Width": 4, "Actual Startup Time": 5293.169, "Actual Total Time": 5293.169, "Actual Rows": 4167490, "Actual Loops": 1, "Hash Buckets": 4194304, "Hash Batches": 1, "Original Hash Batches": 1, "Peak Memory Usage": 146514, "Plans": [{"Node Type": "Index Scan", "Parent Relationship": "Outer", "Scan Direction": "Forward", "Index Name": "name_pkey", "Relation Name": "name", "Alias": "n1", "Startup Cost": 10000000000.0, "Total Cost": 1000017623274.7, "Plan Rows": 4167490, "Plan Width": 4, "Actual Startup Time": 0.063, "Actual Total Time": 3709.699, "Actual Rows": 4167490, "Actual Loops": 1}]}]}, {"Node Type": "Hash", "Parent Relationship": "Inner", "Startup Cost": 1000011012048.91, "Total Cost": 1000011012048.91, "Plan Rows": 2528311, "Plan Width": 21, "Actual Startup Time": 4215.422, "Actual Total Time": 4215.422, "Actual Rows": 2528311, "Actual Loops": 1, "Hash Buckets": 4194304, "Hash Batches": 1, "Original Hash Batches": 1, "Peak Memory Usage": 135869, "Plans": [{"Node Type": "Index Scan", "Parent Relationship": "Outer", "Scan Direction": "Forward", "Index Name": "title_pkey", "Relation Name": "title", "Alias": "t", "Startup Cost": 10000000000.0, "Total Cost": 1000011012048.91, "Plan Rows": 2528311, "Plan Width": 21, "Actual Startup Time": 0.052, "Actual Total Time": 3058.771, "Actual Rows": 2528311, "Actual Loops": 1}]}]}]}, "Triggers": [], "Planner Runtime": 41, "Total Runtime": 25246.994, "Unique SQL Id": 2457761703}}, "(1, 112)": {"explain_plan": {"Plan": {"Node Type": "Aggregate", "Strategy": "Plain", "Startup Cost": 1965944.02, "Total Cost": 1965944.03, "Plan Rows": 1, "Plan Width": 97, "Plans": [{"Node Type": "Nested Loop", "Parent Relationship": "Outer", "Join Type": "Inner", "Startup Cost": 0.0, "Total Cost": 1964158.53, "Plan Rows": 357098, "Plan Width": 33, "Inner Unique": true, "Join Filter": "(a1.person_id = n1.id), (LLVM Optimized)", "Plans": [{"Node Type": "Nested Loop", "Parent Relationship": "Outer", "Join Type": "Inner", "Startup Cost": 0.0, "Total Cost": 1862664.6, "Plan Rows": 357098, "Plan Width": 41, "Inner Unique": true, "Plans": [{"Node Type": "Nested Loop", "Parent Relationship": "Outer", "Join Type": "Inner", "Startup Cost": 0.0, "Total Cost": 1760862.26, "Plan Rows": 357379, "Plan Width": 32, "Inner Unique": false, "Plans": [{"Node Type": "Nested Loop", "Parent Relationship": "Outer", "Join Type": "Inner", "Startup Cost": 0.0, "Total Cost": 1560689.3, "Plan Rows": 711018, "Plan Width": 12, "Inner Unique": false, "Join Filter": "(ci.role_id = rt.id), (LLVM Optimized)", "Plans": [{"Node Type": "Seq Scan", "Parent Relationship": "Outer", "Relation Name": "role_type", "Alias": "rt", "Startup Cost": 0.0, "Total Cost": 1.15, "Plan Rows": 1, "Plan Width": 4, "Filter": "((role)::text = 'writer'::text)"}, {"Node Type": "Nested Loop", "Parent Relationship": "Inner", "Join Type": "Inner", "Startup Cost": 0.0, "Total Cost": 1462923.14, "Plan Rows": 7821201, "Plan Width": 16, "Inner Unique": false, "Plans": [{"Node Type": "Nested Loop", "Parent Relationship": "Outer", "Join Type": "Inner", "Startup Cost": 0.0, "Total Cost": 166734.45, "Plan Rows": 1282311, "Plan Width": 4, "Inner Unique": false, "Plans": [{"Node Type": "Seq Scan", "Parent Relationship": "Outer", "Relation Name": "company_name", "Alias": "cn", "Startup Cost": 0.0, "Total Cost": 5903.45, "Plan Rows": 85170, "Plan Width": 4, "Filter": "((country_code)::text = '[us]'::text)"}, {"Node Type": "Index Scan", "Parent Relationship": "Inner", "Scan Direction": "Forward", "Index Name": "company_id_movie_companies", "Relation Name": "movie_companies", "Alias": "mc", "Startup Cost": 0.0, "Total Cost": 1.74, "Plan Rows": 15, "Plan Width": 8, "Index Cond": "(company_id = cn.id)"}]}, {"Node Type": "Index Scan", "Parent Relationship": "Inner", "Scan Direction": "Forward", "Index Name": "movie_id_cast_info", "Relation Name": "cast_info", "Alias": "ci", "Startup Cost": 0.0, "Total Cost": 0.95, "Plan Rows": 6, "Plan Width": 12, "Index Cond": "(movie_id = mc.movie_id)"}]}]}, {"Node Type": "Index Scan", "Parent Relationship": "Inner", "Scan Direction": "Forward", "Index Name": "person_id_aka_name", "Relation Name": "aka_name", "Alias": "a1", "Startup Cost": 0.0, "Total Cost": 0.27, "Plan Rows": 1, "Plan Width": 20, "Index Cond": "(person_id = ci.person_id)"}]}, {"Node Type": "Index Scan", "Parent Relationship": "Inner", "Scan Direction": "Forward", "Index Name": "title_pkey", "Relation Name": "title", "Alias": "t", "Startup Cost": 0.0, "Total Cost": 0.27, "Plan Rows": 1, "Plan Width": 21, "Index Cond": "(id = ci.movie_id)"}]}, {"Node Type": "Index Only Scan", "Parent Relationship": "Inner", "Scan Direction": "Forward", "Index Name": "name_pkey", "Relation Name": "name", "Alias": "n1", "Startup Cost": 0.0, "Total Cost": 0.27, "Plan Rows": 1, "Plan Width": 4, "Index Cond": "(id = ci.person_id)"}]}]}, "Unique SQL Id": 2457761703, "Planner Runtime": 3}, "explain_analyze_plan": null}, "(1, 113)": {"explain_plan": {"Plan": {"Node Type": "Aggregate", "Strategy": "Plain", "Startup Cost": 1970553.27, "Total Cost": 1970553.28, "Plan Rows": 1, "Plan Width": 97, "Plans": [{"Node Type": "Nested Loop", "Parent Relationship": "Outer", "Join Type": "Inner", "Startup Cost": 0.0, "Total Cost": 1968767.78, "Plan Rows": 357098, "Plan Width": 33, "Inner Unique": true, "Join Filter": "(a1.person_id = n1.id), (LLVM Optimized)", "Plans": [{"Node Type": "Nested Loop", "Parent Relationship": "Outer", "Join Type": "Inner", "Startup Cost": 0.0, "Total Cost": 1867273.85, "Plan Rows": 357098, "Plan Width": 41, "Inner Unique": true, "Plans": [{"Node Type": "Nested Loop", "Parent Relationship": "Outer", "Join Type": "Inner", "Startup Cost": 0.0, "Total Cost": 1765471.51, "Plan Rows": 357379, "Plan Width": 32, "Inner Unique": false, "Plans": [{"Node Type": "Nested Loop", "Parent Relationship": "Outer", "Join Type": "Inner", "Startup Cost": 0.0, "Total Cost": 1565298.55, "Plan Rows": 711018, "Plan Width": 12, "Inner Unique": false, "Join Filter": "(ci.role_id = rt.id), (LLVM Optimized)", "Plans": [{"Node Type": "Index Scan", "Parent Relationship": "Outer", "Scan Direction": "Forward", "Index Name": "role_type_pkey", "Relation Name": "role_type", "Alias": "rt", "Startup Cost": 0.0, "Total Cost": 12.46, "Plan Rows": 1, "Plan Width": 4, "Filter": "((role)::text = 'writer'::text)"}, {"Node Type": "Nested Loop", "Parent Relationship": "Inner", "Join Type": "Inner", "Startup Cost": 0.0, "Total Cost": 1467521.08, "Plan Rows": 7821201, "Plan Width": 16, "Inner Unique": false, "Plans": [{"Node Type": "Nested Loop", "Parent Relationship": "Outer", "Join Type": "Inner", "Startup Cost": 0.0, "Total Cost": 171332.39, "Plan Rows": 1282311, "Plan Width": 4, "Inner Unique": false, "Plans": [{"Node Type": "Index Scan", "Parent Relationship": "Outer", "Scan Direction": "Forward", "Index Name": "company_name_pkey", "Relation Name": "company_name", "Alias": "cn", "Startup Cost": 0.0, "Total Cost": 10501.39, "Plan Rows": 85170, "Plan Width": 4, "Filter": "((country_code)::text = '[us]'::text)"}, {"Node Type": "Index Scan", "Parent Relationship": "Inner", "Scan Direction": "Forward", "Index Name": "company_id_movie_companies", "Relation Name": "movie_companies", "Alias": "mc", "Startup Cost": 0.0, "Total Cost": 1.74, "Plan Rows": 15, "Plan Width": 8, "Index Cond": "(company_id = cn.id)"}]}, {"Node Type": "Index Scan", "Parent Relationship": "Inner", "Scan Direction": "Forward", "Index Name": "movie_id_cast_info", "Relation Name": "cast_info", "Alias": "ci", "Startup Cost": 0.0, "Total Cost": 0.95, "Plan Rows": 6, "Plan Width": 12, "Index Cond": "(movie_id = mc.movie_id)"}]}]}, {"Node Type": "Index Scan", "Parent Relationship": "Inner", "Scan Direction": "Forward", "Index Name": "person_id_aka_name", "Relation Name": "aka_name", "Alias": "a1", "Startup Cost": 0.0, "Total Cost": 0.27, "Plan Rows": 1, "Plan Width": 20, "Index Cond": "(person_id = ci.person_id)"}]}, {"Node Type": "Index Scan", "Parent Relationship": "Inner", "Scan Direction": "Forward", "Index Name": "title_pkey", "Relation Name": "title", "Alias": "t", "Startup Cost": 0.0, "Total Cost": 0.27, "Plan Rows": 1, "Plan Width": 21, "Index Cond": "(id = ci.movie_id)"}]}, {"Node Type": "Index Only Scan", "Parent Relationship": "Inner", "Scan Direction": "Forward", "Index Name": "name_pkey", "Relation Name": "name", "Alias": "n1", "Startup Cost": 0.0, "Total Cost": 0.27, "Plan Rows": 1, "Plan Width": 4, "Index Cond": "(id = ci.person_id)"}]}]}, "Unique SQL Id": 2457761703, "Planner Runtime": 3}, "explain_analyze_plan": null}, "(1, 114)": {"explain_plan": {"Plan": {"Node Type": "Aggregate", "Strategy": "Plain", "Startup Cost": 12604914.55, "Total Cost": 12604914.56, "Plan Rows": 1, "Plan Width": 97, "Plans": [{"Node Type": "Nested Loop", "Parent Relationship": "Outer", "Join Type": "Inner", "Startup Cost": 2.1, "Total Cost": 12603129.06, "Plan Rows": 357098, "Plan Width": 33, "Inner Unique": true, "Join Filter": "(a1.person_id = n1.id), (LLVM Optimized)", "Plans": [{"Node Type": "Nested Loop", "Parent Relationship": "Outer", "Join Type": "Inner", "Startup Cost": 1.84, "Total Cost": 11073153.85, "Plan Rows": 357098, "Plan Width": 41, "Inner Unique": true, "Plans": [{"Node Type": "Nested Loop", "Parent Relationship": "Outer", "Join Type": "Inner", "Startup Cost": 1.58, "Total Cost": 9543117.59, "Plan Rows": 357379, "Plan Width": 32, "Inner Unique": false, "Plans": [{"Node Type": "Nested Loop", "Parent Relationship": "Outer", "Join Type": "Inner", "Startup Cost": 1.33, "Total Cost": 6499549.44, "Plan Rows": 711018, "Plan Width": 12, "Inner Unique": false, "Join Filter": "(ci.role_id = rt.id), (LLVM Optimized)", "Plans": [{"Node Type": "Seq Scan", "Parent Relationship": "Outer", "Relation Name": "role_type", "Alias": "rt", "Startup Cost": 0.0, "Total Cost": 1.15, "Plan Rows": 1, "Plan Width": 4, "Filter": "((role)::text = 'writer'::text)"}, {"Node Type": "Nested Loop", "Parent Relationship": "Inner", "Join Type": "Inner", "Startup Cost": 1.33, "Total Cost": 6401783.28, "Plan Rows": 7821201, "Plan Width": 16, "Inner Unique": false, "Plans": [{"Node Type": "Nested Loop", "Parent Relationship": "Outer", "Join Type": "Inner", "Startup Cost": 0.82, "Total Cost": 444829.84, "Plan Rows": 1282311, "Plan Width": 4, "Inner Unique": false, "Plans": [{"Node Type": "Seq Scan", "Parent Relationship": "Outer", "Relation Name": "company_name", "Alias": "cn", "Startup Cost": 0.0, "Total Cost": 5903.45, "Plan Rows": 85170, "Plan Width": 4, "Filter": "((country_code)::text = '[us]'::text)"}, {"Node Type": "Bitmap Heap Scan", "Parent Relationship": "Inner", "Relation Name": "movie_companies", "Alias": "mc", "Startup Cost": 0.82, "Total Cost": 5.0, "Plan Rows": 15, "Plan Width": 8, "Recheck Cond": "(company_id = cn.id)", "Plans": [{"Node Type": "Bitmap Index Scan", "Parent Relationship": "Outer", "Index Name": "company_id_movie_companies", "Startup Cost": 0.0, "Total Cost": 0.81, "Plan Rows": 15, "Plan Width": 0, "Index Cond": "(company_id = cn.id)"}]}]}, {"Node Type": "Bitmap Heap Scan", "Parent Relationship": "Inner", "Relation Name": "cast_info", "Alias": "ci", "Startup Cost": 0.51, "Total Cost": 4.59, "Plan Rows": 6, "Plan Width": 12, "Recheck Cond": "(movie_id = mc.movie_id)", "Plans": [{"Node Type": "Bitmap Index Scan", "Parent Relationship": "Outer", "Index Name": "movie_id_cast_info", "Startup Cost": 0.0, "Total Cost": 0.51, "Plan Rows": 6, "Plan Width": 0, "Index Cond": "(movie_id = mc.movie_id)"}]}]}]}, {"Node Type": "Bitmap Heap Scan", "Parent Relationship": "Inner", "Relation Name": "aka_name", "Alias": "a1", "Startup Cost": 0.26, "Total Cost": 4.27, "Plan Rows": 1, "Plan Width": 20, "Recheck Cond": "(person_id = ci.person_id)", "Plans": [{"Node Type": "Bitmap Index Scan", "Parent Relationship": "Outer", "Index Name": "person_id_aka_name", "Startup Cost": 0.0, "Total Cost": 0.26, "Plan Rows": 1, "Plan Width": 0, "Index Cond": "(person_id = ci.person_id)"}]}]}, {"Node Type": "Bitmap Heap Scan", "Parent Relationship": "Inner", "Relation Name": "title", "Alias": "t", "Startup Cost": 0.26, "Total Cost": 4.27, "Plan Rows": 1, "Plan Width": 21, "Recheck Cond": "(id = ci.movie_id)", "Plans": [{"Node Type": "Bitmap Index Scan", "Parent Relationship": "Outer", "Index Name": "title_pkey", "Startup Cost": 0.0, "Total Cost": 0.26, "Plan Rows": 1, "Plan Width": 0, "Index Cond": "(id = ci.movie_id)"}]}]}, {"Node Type": "Bitmap Heap Scan", "Parent Relationship": "Inner", "Relation Name": "name", "Alias": "n1", "Startup Cost": 0.26, "Total Cost": 4.27, "Plan Rows": 1, "Plan Width": 4, "Recheck Cond": "(id = ci.person_id)", "Plans": [{"Node Type": "Bitmap Index Scan", "Parent Relationship": "Outer", "Index Name": "name_pkey", "Startup Cost": 0.0, "Total Cost": 0.26, "Plan Rows": 1, "Plan Width": 0, "Index Cond": "(id = ci.person_id)"}]}]}]}, "Unique SQL Id": 2457761703, "Planner Runtime": 5}, "explain_analyze_plan": null}, "(1, 115)": {"explain_plan": {"Plan": {"Node Type": "Aggregate", "Strategy": "Plain", "Startup Cost": 1000069787565.86, "Total Cost": 1000069787565.87, "Plan Rows": 1, "Plan Width": 97, "Plans": [{"Node Type": "Nested Loop", "Parent Relationship": "Outer", "Join Type": "Inner", "Startup Cost": 10000000001.8, "Total Cost": 1000069785780.37, "Plan Rows": 357098, "Plan Width": 33, "Inner Unique": true, "Plans": [{"Node Type": "Nested Loop", "Parent Relationship": "Outer", "Join Type": "Inner", "Startup Cost": 10000000001.54, "Total Cost": 1000068255744.11, "Plan Rows": 357379, "Plan Width": 24, "Inner Unique": true, "Join Filter": "(a1.person_id = n1.id), (LLVM Optimized)", "Plans": [{"Node Type": "Nested Loop", "Parent Relationship": "Outer", "Join Type": "Inner", "Startup Cost": 10000000001.28, "Total Cost": 1000066724564.96, "Plan Rows": 357379, "Plan Width": 32, "Inner Unique": false, "Plans": [{"Node Type": "Nested Loop", "Parent Relationship": "Outer", "Join Type": "Inner", "Startup Cost": 10000000001.03, "Total Cost": 1000063680996.82, "Plan Rows": 711018, "Plan Width": 12, "Inner Unique": true, "Plans": [{"Node Type": "Nested Loop", "Parent Relationship": "Outer", "Join Type": "Inner", "Startup Cost": 10000000000.77, "Total Cost": 1000030184746.51, "Plan Rows": 7821201, "Plan Width": 16, "Inner Unique": false, "Plans": [{"Node Type": "Nested Loop", "Parent Relationship": "Outer", "Join Type": "Inner", "Startup Cost": 10000000000.26, "Total Cost": 1000024227793.07, "Plan Rows": 1282311, "Plan Width": 4, "Inner Unique": true, "Plans": [{"Node Type": "Index Scan", "Parent Relationship": "Outer", "Scan Direction": "Forward", "Index Name": "movie_id_movie_companies", "Relation Name": "movie_companies", "Alias": "mc", "Startup Cost": 10000000000.0, "Total Cost": 1000013051946.13, "Plan Rows": 2609128, "Plan Width": 8}, {"Node Type": "Bitmap Heap Scan", "Parent Relationship": "Inner", "Relation Name": "company_name", "Alias": "cn", "Startup Cost": 0.26, "Total Cost": 4.27, "Plan Rows": 1, "Plan Width": 4, "Recheck Cond": "(id = mc.company_id)", "Filter": "((country_code)::text = '[us]'::text)", "Plans": [{"Node Type": "Bitmap Index Scan", "Parent Relationship": "Outer", "Index Name": "company_name_pkey", "Startup Cost": 0.0, "Total Cost": 0.26, "Plan Rows": 1, "Plan Width": 0, "Index Cond": "(id = mc.company_id)"}]}]}, {"Node Type": "Bitmap Heap Scan", "Parent Relationship": "Inner", "Relation Name": "cast_info", "Alias": "ci", "Startup Cost": 0.51, "Total Cost": 4.59, "Plan Rows": 6, "Plan Width": 12, "Recheck Cond": "(movie_id = mc.movie_id)", "Plans": [{"Node Type": "Bitmap Index Scan", "Parent Relationship": "Outer", "Index Name": "movie_id_cast_info", "Startup Cost": 0.0, "Total Cost": 0.51, "Plan Rows": 6, "Plan Width": 0, "Index Cond": "(movie_id = mc.movie_id)"}]}]}, {"Node Type": "Bitmap Heap Scan", "Parent Relationship": "Inner", "Relation Name": "role_type", "Alias": "rt", "Startup Cost": 0.26, "Total Cost": 4.27, "Plan Rows": 1, "Plan Width": 4, "Recheck Cond": "(id = ci.role_id)", "Filter": "((role)::text = 'writer'::text)", "Plans": [{"Node Type": "Bitmap Index Scan", "Parent Relationship": "Outer", "Index Name": "role_type_pkey", "Startup Cost": 0.0, "Total Cost": 0.26, "Plan Rows": 1, "Plan Width": 0, "Index Cond": "(id = ci.role_id)"}]}]}, {"Node Type": "Bitmap Heap Scan", "Parent Relationship": "Inner", "Relation Name": "aka_name", "Alias": "a1", "Startup Cost": 0.26, "Total Cost": 4.27, "Plan Rows": 1, "Plan Width": 20, "Recheck Cond": "(person_id = ci.person_id)", "Plans": [{"Node Type": "Bitmap Index Scan", "Parent Relationship": "Outer", "Index Name": "person_id_aka_name", "Startup Cost": 0.0, "Total Cost": 0.26, "Plan Rows": 1, "Plan Width": 0, "Index Cond": "(person_id = ci.person_id)"}]}]}, {"Node Type": "Bitmap Heap Scan", "Parent Relationship": "Inner", "Relation Name": "name", "Alias": "n1", "Startup Cost": 0.26, "Total Cost": 4.27, "Plan Rows": 1, "Plan Width": 4, "Recheck Cond": "(id = ci.person_id)", "Plans": [{"Node Type": "Bitmap Index Scan", "Parent Relationship": "Outer", "Index Name": "name_pkey", "Startup Cost": 0.0, "Total Cost": 0.26, "Plan Rows": 1, "Plan Width": 0, "Index Cond": "(id = ci.person_id)"}]}]}, {"Node Type": "Bitmap Heap Scan", "Parent Relationship": "Inner", "Relation Name": "title", "Alias": "t", "Startup Cost": 0.26, "Total Cost": 4.27, "Plan Rows": 1, "Plan Width": 21, "Recheck Cond": "(id = ci.movie_id)", "Plans": [{"Node Type": "Bitmap Index Scan", "Parent Relationship": "Outer", "Index Name": "title_pkey", "Startup Cost": 0.0, "Total Cost": 0.26, "Plan Rows": 1, "Plan Width": 0, "Index Cond": "(id = ci.movie_id)"}]}]}]}, "Unique SQL Id": 2457761703, "Planner Runtime": 3}, "explain_analyze_plan": null}, "(1, 116)": {"explain_plan": {"Plan": {"Node Type": "Aggregate", "Strategy": "Plain", "Startup Cost": 1967968.74, "Total Cost": 1967968.75, "Plan Rows": 1, "Plan Width": 97, "Plans": [{"Node Type": "Nested Loop", "Parent Relationship": "Outer", "Join Type": "Inner", "Startup Cost": 0.0, "Total Cost": 1966183.25, "Plan Rows": 357098, "Plan Width": 33, "Inner Unique": true, "Join Filter": "(a1.person_id = n1.id), (LLVM Optimized)", "Plans": [{"Node Type": "Nested Loop", "Parent Relationship": "Outer", "Join Type": "Inner", "Startup Cost": 0.0, "Total Cost": 1862664.6, "Plan Rows": 357098, "Plan Width": 41, "Inner Unique": true, "Plans": [{"Node Type": "Nested Loop", "Parent Relationship": "Outer", "Join Type": "Inner", "Startup Cost": 0.0, "Total Cost": 1760862.26, "Plan Rows": 357379, "Plan Width": 32, "Inner Unique": false, "Plans": [{"Node Type": "Nested Loop", "Parent Relationship": "Outer", "Join Type": "Inner", "Startup Cost": 0.0, "Total Cost": 1560689.3, "Plan Rows": 711018, "Plan Width": 12, "Inner Unique": false, "Join Filter": "(ci.role_id = rt.id), (LLVM Optimized)", "Plans": [{"Node Type": "Seq Scan", "Parent Relationship": "Outer", "Relation Name": "role_type", "Alias": "rt", "Startup Cost": 0.0, "Total Cost": 1.15, "Plan Rows": 1, "Plan Width": 4, "Filter": "((role)::text = 'writer'::text)"}, {"Node Type": "Nested Loop", "Parent Relationship": "Inner", "Join Type": "Inner", "Startup Cost": 0.0, "Total Cost": 1462923.14, "Plan Rows": 7821201, "Plan Width": 16, "Inner Unique": false, "Plans": [{"Node Type": "Nested Loop", "Parent Relationship": "Outer", "Join Type": "Inner", "Startup Cost": 0.0, "Total Cost": 166734.45, "Plan Rows": 1282311, "Plan Width": 4, "Inner Unique": false, "Plans": [{"Node Type": "Seq Scan", "Parent Relationship": "Outer", "Relation Name": "company_name", "Alias": "cn", "Startup Cost": 0.0, "Total Cost": 5903.45, "Plan Rows": 85170, "Plan Width": 4, "Filter": "((country_code)::text = '[us]'::text)"}, {"Node Type": "Index Scan", "Parent Relationship": "Inner", "Scan Direction": "Forward", "Index Name": "company_id_movie_companies", "Relation Name": "movie_companies", "Alias": "mc", "Startup Cost": 0.0, "Total Cost": 1.74, "Plan Rows": 15, "Plan Width": 8, "Index Cond": "(company_id = cn.id)"}]}, {"Node Type": "Index Scan", "Parent Relationship": "Inner", "Scan Direction": "Forward", "Index Name": "movie_id_cast_info", "Relation Name": "cast_info", "Alias": "ci", "Startup Cost": 0.0, "Total Cost": 0.95, "Plan Rows": 6, "Plan Width": 12, "Index Cond": "(movie_id = mc.movie_id)"}]}]}, {"Node Type": "Index Scan", "Parent Relationship": "Inner", "Scan Direction": "Forward", "Index Name": "person_id_aka_name", "Relation Name": "aka_name", "Alias": "a1", "Startup Cost": 0.0, "Total Cost": 0.27, "Plan Rows": 1, "Plan Width": 20, "Index Cond": "(person_id = ci.person_id)"}]}, {"Node Type": "Index Scan", "Parent Relationship": "Inner", "Scan Direction": "Forward", "Index Name": "title_pkey", "Relation Name": "title", "Alias": "t", "Startup Cost": 0.0, "Total Cost": 0.27, "Plan Rows": 1, "Plan Width": 21, "Index Cond": "(id = ci.movie_id)"}]}, {"Node Type": "Index Scan", "Parent Relationship": "Inner", "Scan Direction": "Forward", "Index Name": "name_pkey", "Relation Name": "name", "Alias": "n1", "Startup Cost": 0.0, "Total Cost": 0.28, "Plan Rows": 1, "Plan Width": 4, "Index Cond": "(id = ci.person_id)"}]}]}, "Unique SQL Id": 2457761703, "Planner Runtime": 3}, "explain_analyze_plan": null}, "(1, 117)": {"explain_plan": {"Plan": {"Node Type": "Aggregate", "Strategy": "Plain", "Startup Cost": 1972577.99, "Total Cost": 1972578.0, "Plan Rows": 1, "Plan Width": 97, "Plans": [{"Node Type": "Nested Loop", "Parent Relationship": "Outer", "Join Type": "Inner", "Startup Cost": 0.0, "Total Cost": 1970792.5, "Plan Rows": 357098, "Plan Width": 33, "Inner Unique": true, "Join Filter": "(a1.person_id = n1.id), (LLVM Optimized)", "Plans": [{"Node Type": "Nested Loop", "Parent Relationship": "Outer", "Join Type": "Inner", "Startup Cost": 0.0, "Total Cost": 1867273.85, "Plan Rows": 357098, "Plan Width": 41, "Inner Unique": true, "Plans": [{"Node Type": "Nested Loop", "Parent Relationship": "Outer", "Join Type": "Inner", "Startup Cost": 0.0, "Total Cost": 1765471.51, "Plan Rows": 357379, "Plan Width": 32, "Inner Unique": false, "Plans": [{"Node Type": "Nested Loop", "Parent Relationship": "Outer", "Join Type": "Inner", "Startup Cost": 0.0, "Total Cost": 1565298.55, "Plan Rows": 711018, "Plan Width": 12, "Inner Unique": false, "Join Filter": "(ci.role_id = rt.id), (LLVM Optimized)", "Plans": [{"Node Type": "Index Scan", "Parent Relationship": "Outer", "Scan Direction": "Forward", "Index Name": "role_type_pkey", "Relation Name": "role_type", "Alias": "rt", "Startup Cost": 0.0, "Total Cost": 12.46, "Plan Rows": 1, "Plan Width": 4, "Filter": "((role)::text = 'writer'::text)"}, {"Node Type": "Nested Loop", "Parent Relationship": "Inner", "Join Type": "Inner", "Startup Cost": 0.0, "Total Cost": 1467521.08, "Plan Rows": 7821201, "Plan Width": 16, "Inner Unique": false, "Plans": [{"Node Type": "Nested Loop", "Parent Relationship": "Outer", "Join Type": "Inner", "Startup Cost": 0.0, "Total Cost": 171332.39, "Plan Rows": 1282311, "Plan Width": 4, "Inner Unique": false, "Plans": [{"Node Type": "Index Scan", "Parent Relationship": "Outer", "Scan Direction": "Forward", "Index Name": "company_name_pkey", "Relation Name": "company_name", "Alias": "cn", "Startup Cost": 0.0, "Total Cost": 10501.39, "Plan Rows": 85170, "Plan Width": 4, "Filter": "((country_code)::text = '[us]'::text)"}, {"Node Type": "Index Scan", "Parent Relationship": "Inner", "Scan Direction": "Forward", "Index Name": "company_id_movie_companies", "Relation Name": "movie_companies", "Alias": "mc", "Startup Cost": 0.0, "Total Cost": 1.74, "Plan Rows": 15, "Plan Width": 8, "Index Cond": "(company_id = cn.id)"}]}, {"Node Type": "Index Scan", "Parent Relationship": "Inner", "Scan Direction": "Forward", "Index Name": "movie_id_cast_info", "Relation Name": "cast_info", "Alias": "ci", "Startup Cost": 0.0, "Total Cost": 0.95, "Plan Rows": 6, "Plan Width": 12, "Index Cond": "(movie_id = mc.movie_id)"}]}]}, {"Node Type": "Index Scan", "Parent Relationship": "Inner", "Scan Direction": "Forward", "Index Name": "person_id_aka_name", "Relation Name": "aka_name", "Alias": "a1", "Startup Cost": 0.0, "Total Cost": 0.27, "Plan Rows": 1, "Plan Width": 20, "Index Cond": "(person_id = ci.person_id)"}]}, {"Node Type": "Index Scan", "Parent Relationship": "Inner", "Scan Direction": "Forward", "Index Name": "title_pkey", "Relation Name": "title", "Alias": "t", "Startup Cost": 0.0, "Total Cost": 0.27, "Plan Rows": 1, "Plan Width": 21, "Index Cond": "(id = ci.movie_id)"}]}, {"Node Type": "Index Scan", "Parent Relationship": "Inner", "Scan Direction": "Forward", "Index Name": "name_pkey", "Relation Name": "name", "Alias": "n1", "Startup Cost": 0.0, "Total Cost": 0.28, "Plan Rows": 1, "Plan Width": 4, "Index Cond": "(id = ci.person_id)"}]}]}, "Unique SQL Id": 2457761703, "Planner Runtime": 3}, "explain_analyze_plan": null}, "(1, 118)": {"explain_plan": {"Plan": {"Node Type": "Aggregate", "Strategy": "Plain", "Startup Cost": 12604914.55, "Total Cost": 12604914.56, "Plan Rows": 1, "Plan Width": 97, "Plans": [{"Node Type": "Nested Loop", "Parent Relationship": "Outer", "Join Type": "Inner", "Startup Cost": 2.1, "Total Cost": 12603129.06, "Plan Rows": 357098, "Plan Width": 33, "Inner Unique": true, "Join Filter": "(a1.person_id = n1.id), (LLVM Optimized)", "Plans": [{"Node Type": "Nested Loop", "Parent Relationship": "Outer", "Join Type": "Inner", "Startup Cost": 1.84, "Total Cost": 11073153.85, "Plan Rows": 357098, "Plan Width": 41, "Inner Unique": true, "Plans": [{"Node Type": "Nested Loop", "Parent Relationship": "Outer", "Join Type": "Inner", "Startup Cost": 1.58, "Total Cost": 9543117.59, "Plan Rows": 357379, "Plan Width": 32, "Inner Unique": false, "Plans": [{"Node Type": "Nested Loop", "Parent Relationship": "Outer", "Join Type": "Inner", "Startup Cost": 1.33, "Total Cost": 6499549.44, "Plan Rows": 711018, "Plan Width": 12, "Inner Unique": false, "Join Filter": "(ci.role_id = rt.id), (LLVM Optimized)", "Plans": [{"Node Type": "Seq Scan", "Parent Relationship": "Outer", "Relation Name": "role_type", "Alias": "rt", "Startup Cost": 0.0, "Total Cost": 1.15, "Plan Rows": 1, "Plan Width": 4, "Filter": "((role)::text = 'writer'::text)"}, {"Node Type": "Nested Loop", "Parent Relationship": "Inner", "Join Type": "Inner", "Startup Cost": 1.33, "Total Cost": 6401783.28, "Plan Rows": 7821201, "Plan Width": 16, "Inner Unique": false, "Plans": [{"Node Type": "Nested Loop", "Parent Relationship": "Outer", "Join Type": "Inner", "Startup Cost": 0.82, "Total Cost": 444829.84, "Plan Rows": 1282311, "Plan Width": 4, "Inner Unique": false, "Plans": [{"Node Type": "Seq Scan", "Parent Relationship": "Outer", "Relation Name": "company_name", "Alias": "cn", "Startup Cost": 0.0, "Total Cost": 5903.45, "Plan Rows": 85170, "Plan Width": 4, "Filter": "((country_code)::text = '[us]'::text)"}, {"Node Type": "Bitmap Heap Scan", "Parent Relationship": "Inner", "Relation Name": "movie_companies", "Alias": "mc", "Startup Cost": 0.82, "Total Cost": 5.0, "Plan Rows": 15, "Plan Width": 8, "Recheck Cond": "(company_id = cn.id)", "Plans": [{"Node Type": "Bitmap Index Scan", "Parent Relationship": "Outer", "Index Name": "company_id_movie_companies", "Startup Cost": 0.0, "Total Cost": 0.81, "Plan Rows": 15, "Plan Width": 0, "Index Cond": "(company_id = cn.id)"}]}]}, {"Node Type": "Bitmap Heap Scan", "Parent Relationship": "Inner", "Relation Name": "cast_info", "Alias": "ci", "Startup Cost": 0.51, "Total Cost": 4.59, "Plan Rows": 6, "Plan Width": 12, "Recheck Cond": "(movie_id = mc.movie_id)", "Plans": [{"Node Type": "Bitmap Index Scan", "Parent Relationship": "Outer", "Index Name": "movie_id_cast_info", "Startup Cost": 0.0, "Total Cost": 0.51, "Plan Rows": 6, "Plan Width": 0, "Index Cond": "(movie_id = mc.movie_id)"}]}]}]}, {"Node Type": "Bitmap Heap Scan", "Parent Relationship": "Inner", "Relation Name": "aka_name", "Alias": "a1", "Startup Cost": 0.26, "Total Cost": 4.27, "Plan Rows": 1, "Plan Width": 20, "Recheck Cond": "(person_id = ci.person_id)", "Plans": [{"Node Type": "Bitmap Index Scan", "Parent Relationship": "Outer", "Index Name": "person_id_aka_name", "Startup Cost": 0.0, "Total Cost": 0.26, "Plan Rows": 1, "Plan Width": 0, "Index Cond": "(person_id = ci.person_id)"}]}]}, {"Node Type": "Bitmap Heap Scan", "Parent Relationship": "Inner", "Relation Name": "title", "Alias": "t", "Startup Cost": 0.26, "Total Cost": 4.27, "Plan Rows": 1, "Plan Width": 21, "Recheck Cond": "(id = ci.movie_id)", "Plans": [{"Node Type": "Bitmap Index Scan", "Parent Relationship": "Outer", "Index Name": "title_pkey", "Startup Cost": 0.0, "Total Cost": 0.26, "Plan Rows": 1, "Plan Width": 0, "Index Cond": "(id = ci.movie_id)"}]}]}, {"Node Type": "Bitmap Heap Scan", "Parent Relationship": "Inner", "Relation Name": "name", "Alias": "n1", "Startup Cost": 0.26, "Total Cost": 4.27, "Plan Rows": 1, "Plan Width": 4, "Recheck Cond": "(id = ci.person_id)", "Plans": [{"Node Type": "Bitmap Index Scan", "Parent Relationship": "Outer", "Index Name": "name_pkey", "Startup Cost": 0.0, "Total Cost": 0.26, "Plan Rows": 1, "Plan Width": 0, "Index Cond": "(id = ci.person_id)"}]}]}]}, "Unique SQL Id": 2457761703, "Planner Runtime": 4}, "explain_analyze_plan": null}, "(1, 119)": {"explain_plan": {"Plan": {"Node Type": "Aggregate", "Strategy": "Plain", "Startup Cost": 1000069787565.86, "Total Cost": 1000069787565.87, "Plan Rows": 1, "Plan Width": 97, "Plans": [{"Node Type": "Nested Loop", "Parent Relationship": "Outer", "Join Type": "Inner", "Startup Cost": 10000000001.8, "Total Cost": 1000069785780.37, "Plan Rows": 357098, "Plan Width": 33, "Inner Unique": true, "Plans": [{"Node Type": "Nested Loop", "Parent Relationship": "Outer", "Join Type": "Inner", "Startup Cost": 10000000001.54, "Total Cost": 1000068255744.11, "Plan Rows": 357379, "Plan Width": 24, "Inner Unique": true, "Join Filter": "(a1.person_id = n1.id), (LLVM Optimized)", "Plans": [{"Node Type": "Nested Loop", "Parent Relationship": "Outer", "Join Type": "Inner", "Startup Cost": 10000000001.28, "Total Cost": 1000066724564.96, "Plan Rows": 357379, "Plan Width": 32, "Inner Unique": false, "Plans": [{"Node Type": "Nested Loop", "Parent Relationship": "Outer", "Join Type": "Inner", "Startup Cost": 10000000001.03, "Total Cost": 1000063680996.82, "Plan Rows": 711018, "Plan Width": 12, "Inner Unique": true, "Plans": [{"Node Type": "Nested Loop", "Parent Relationship": "Outer", "Join Type": "Inner", "Startup Cost": 10000000000.77, "Total Cost": 1000030184746.51, "Plan Rows": 7821201, "Plan Width": 16, "Inner Unique": false, "Plans": [{"Node Type": "Nested Loop", "Parent Relationship": "Outer", "Join Type": "Inner", "Startup Cost": 10000000000.26, "Total Cost": 1000024227793.07, "Plan Rows": 1282311, "Plan Width": 4, "Inner Unique": true, "Plans": [{"Node Type": "Index Scan", "Parent Relationship": "Outer", "Scan Direction": "Forward", "Index Name": "movie_id_movie_companies", "Relation Name": "movie_companies", "Alias": "mc", "Startup Cost": 10000000000.0, "Total Cost": 1000013051946.13, "Plan Rows": 2609128, "Plan Width": 8}, {"Node Type": "Bitmap Heap Scan", "Parent Relationship": "Inner", "Relation Name": "company_name", "Alias": "cn", "Startup Cost": 0.26, "Total Cost": 4.27, "Plan Rows": 1, "Plan Width": 4, "Recheck Cond": "(id = mc.company_id)", "Filter": "((country_code)::text = '[us]'::text)", "Plans": [{"Node Type": "Bitmap Index Scan", "Parent Relationship": "Outer", "Index Name": "company_name_pkey", "Startup Cost": 0.0, "Total Cost": 0.26, "Plan Rows": 1, "Plan Width": 0, "Index Cond": "(id = mc.company_id)"}]}]}, {"Node Type": "Bitmap Heap Scan", "Parent Relationship": "Inner", "Relation Name": "cast_info", "Alias": "ci", "Startup Cost": 0.51, "Total Cost": 4.59, "Plan Rows": 6, "Plan Width": 12, "Recheck Cond": "(movie_id = mc.movie_id)", "Plans": [{"Node Type": "Bitmap Index Scan", "Parent Relationship": "Outer", "Index Name": "movie_id_cast_info", "Startup Cost": 0.0, "Total Cost": 0.51, "Plan Rows": 6, "Plan Width": 0, "Index Cond": "(movie_id = mc.movie_id)"}]}]}, {"Node Type": "Bitmap Heap Scan", "Parent Relationship": "Inner", "Relation Name": "role_type", "Alias": "rt", "Startup Cost": 0.26, "Total Cost": 4.27, "Plan Rows": 1, "Plan Width": 4, "Recheck Cond": "(id = ci.role_id)", "Filter": "((role)::text = 'writer'::text)", "Plans": [{"Node Type": "Bitmap Index Scan", "Parent Relationship": "Outer", "Index Name": "role_type_pkey", "Startup Cost": 0.0, "Total Cost": 0.26, "Plan Rows": 1, "Plan Width": 0, "Index Cond": "(id = ci.role_id)"}]}]}, {"Node Type": "Bitmap Heap Scan", "Parent Relationship": "Inner", "Relation Name": "aka_name", "Alias": "a1", "Startup Cost": 0.26, "Total Cost": 4.27, "Plan Rows": 1, "Plan Width": 20, "Recheck Cond": "(person_id = ci.person_id)", "Plans": [{"Node Type": "Bitmap Index Scan", "Parent Relationship": "Outer", "Index Name": "person_id_aka_name", "Startup Cost": 0.0, "Total Cost": 0.26, "Plan Rows": 1, "Plan Width": 0, "Index Cond": "(person_id = ci.person_id)"}]}]}, {"Node Type": "Bitmap Heap Scan", "Parent Relationship": "Inner", "Relation Name": "name", "Alias": "n1", "Startup Cost": 0.26, "Total Cost": 4.27, "Plan Rows": 1, "Plan Width": 4, "Recheck Cond": "(id = ci.person_id)", "Plans": [{"Node Type": "Bitmap Index Scan", "Parent Relationship": "Outer", "Index Name": "name_pkey", "Startup Cost": 0.0, "Total Cost": 0.26, "Plan Rows": 1, "Plan Width": 0, "Index Cond": "(id = ci.person_id)"}]}]}, {"Node Type": "Bitmap Heap Scan", "Parent Relationship": "Inner", "Relation Name": "title", "Alias": "t", "Startup Cost": 0.26, "Total Cost": 4.27, "Plan Rows": 1, "Plan Width": 21, "Recheck Cond": "(id = ci.movie_id)", "Plans": [{"Node Type": "Bitmap Index Scan", "Parent Relationship": "Outer", "Index Name": "title_pkey", "Startup Cost": 0.0, "Total Cost": 0.26, "Plan Rows": 1, "Plan Width": 0, "Index Cond": "(id = ci.movie_id)"}]}]}]}, "Unique SQL Id": 2457761703, "Planner Runtime": 3}, "explain_analyze_plan": null}, "(1, 120)": {"explain_plan": {"Plan": {"Node Type": "Aggregate", "Strategy": "Plain", "Startup Cost": 1965944.02, "Total Cost": 1965944.03, "Plan Rows": 1, "Plan Width": 97, "Plans": [{"Node Type": "Nested Loop", "Parent Relationship": "Outer", "Join Type": "Inner", "Startup Cost": 0.0, "Total Cost": 1964158.53, "Plan Rows": 357098, "Plan Width": 33, "Inner Unique": true, "Join Filter": "(a1.person_id = n1.id), (LLVM Optimized)", "Plans": [{"Node Type": "Nested Loop", "Parent Relationship": "Outer", "Join Type": "Inner", "Startup Cost": 0.0, "Total Cost": 1862664.6, "Plan Rows": 357098, "Plan Width": 41, "Inner Unique": true, "Plans": [{"Node Type": "Nested Loop", "Parent Relationship": "Outer", "Join Type": "Inner", "Startup Cost": 0.0, "Total Cost": 1760862.26, "Plan Rows": 357379, "Plan Width": 32, "Inner Unique": false, "Plans": [{"Node Type": "Nested Loop", "Parent Relationship": "Outer", "Join Type": "Inner", "Startup Cost": 0.0, "Total Cost": 1560689.3, "Plan Rows": 711018, "Plan Width": 12, "Inner Unique": false, "Join Filter": "(ci.role_id = rt.id), (LLVM Optimized)", "Plans": [{"Node Type": "Seq Scan", "Parent Relationship": "Outer", "Relation Name": "role_type", "Alias": "rt", "Startup Cost": 0.0, "Total Cost": 1.15, "Plan Rows": 1, "Plan Width": 4, "Filter": "((role)::text = 'writer'::text)"}, {"Node Type": "Nested Loop", "Parent Relationship": "Inner", "Join Type": "Inner", "Startup Cost": 0.0, "Total Cost": 1462923.14, "Plan Rows": 7821201, "Plan Width": 16, "Inner Unique": false, "Plans": [{"Node Type": "Nested Loop", "Parent Relationship": "Outer", "Join Type": "Inner", "Startup Cost": 0.0, "Total Cost": 166734.45, "Plan Rows": 1282311, "Plan Width": 4, "Inner Unique": false, "Plans": [{"Node Type": "Seq Scan", "Parent Relationship": "Outer", "Relation Name": "company_name", "Alias": "cn", "Startup Cost": 0.0, "Total Cost": 5903.45, "Plan Rows": 85170, "Plan Width": 4, "Filter": "((country_code)::text = '[us]'::text)"}, {"Node Type": "Index Scan", "Parent Relationship": "Inner", "Scan Direction": "Forward", "Index Name": "company_id_movie_companies", "Relation Name": "movie_companies", "Alias": "mc", "Startup Cost": 0.0, "Total Cost": 1.74, "Plan Rows": 15, "Plan Width": 8, "Index Cond": "(company_id = cn.id)"}]}, {"Node Type": "Index Scan", "Parent Relationship": "Inner", "Scan Direction": "Forward", "Index Name": "movie_id_cast_info", "Relation Name": "cast_info", "Alias": "ci", "Startup Cost": 0.0, "Total Cost": 0.95, "Plan Rows": 6, "Plan Width": 12, "Index Cond": "(movie_id = mc.movie_id)"}]}]}, {"Node Type": "Index Scan", "Parent Relationship": "Inner", "Scan Direction": "Forward", "Index Name": "person_id_aka_name", "Relation Name": "aka_name", "Alias": "a1", "Startup Cost": 0.0, "Total Cost": 0.27, "Plan Rows": 1, "Plan Width": 20, "Index Cond": "(person_id = ci.person_id)"}]}, {"Node Type": "Index Scan", "Parent Relationship": "Inner", "Scan Direction": "Forward", "Index Name": "title_pkey", "Relation Name": "title", "Alias": "t", "Startup Cost": 0.0, "Total Cost": 0.27, "Plan Rows": 1, "Plan Width": 21, "Index Cond": "(id = ci.movie_id)"}]}, {"Node Type": "Index Only Scan", "Parent Relationship": "Inner", "Scan Direction": "Forward", "Index Name": "name_pkey", "Relation Name": "name", "Alias": "n1", "Startup Cost": 0.0, "Total Cost": 0.27, "Plan Rows": 1, "Plan Width": 4, "Index Cond": "(id = ci.person_id)"}]}]}, "Unique SQL Id": 2457761703, "Planner Runtime": 3}, "explain_analyze_plan": null}, "(1, 121)": {"explain_plan": {"Plan": {"Node Type": "Aggregate", "Strategy": "Plain", "Startup Cost": 1970553.27, "Total Cost": 1970553.28, "Plan Rows": 1, "Plan Width": 97, "Plans": [{"Node Type": "Nested Loop", "Parent Relationship": "Outer", "Join Type": "Inner", "Startup Cost": 0.0, "Total Cost": 1968767.78, "Plan Rows": 357098, "Plan Width": 33, "Inner Unique": true, "Join Filter": "(a1.person_id = n1.id), (LLVM Optimized)", "Plans": [{"Node Type": "Nested Loop", "Parent Relationship": "Outer", "Join Type": "Inner", "Startup Cost": 0.0, "Total Cost": 1867273.85, "Plan Rows": 357098, "Plan Width": 41, "Inner Unique": true, "Plans": [{"Node Type": "Nested Loop", "Parent Relationship": "Outer", "Join Type": "Inner", "Startup Cost": 0.0, "Total Cost": 1765471.51, "Plan Rows": 357379, "Plan Width": 32, "Inner Unique": false, "Plans": [{"Node Type": "Nested Loop", "Parent Relationship": "Outer", "Join Type": "Inner", "Startup Cost": 0.0, "Total Cost": 1565298.55, "Plan Rows": 711018, "Plan Width": 12, "Inner Unique": false, "Join Filter": "(ci.role_id = rt.id), (LLVM Optimized)", "Plans": [{"Node Type": "Index Scan", "Parent Relationship": "Outer", "Scan Direction": "Forward", "Index Name": "role_type_pkey", "Relation Name": "role_type", "Alias": "rt", "Startup Cost": 0.0, "Total Cost": 12.46, "Plan Rows": 1, "Plan Width": 4, "Filter": "((role)::text = 'writer'::text)"}, {"Node Type": "Nested Loop", "Parent Relationship": "Inner", "Join Type": "Inner", "Startup Cost": 0.0, "Total Cost": 1467521.08, "Plan Rows": 7821201, "Plan Width": 16, "Inner Unique": false, "Plans": [{"Node Type": "Nested Loop", "Parent Relationship": "Outer", "Join Type": "Inner", "Startup Cost": 0.0, "Total Cost": 171332.39, "Plan Rows": 1282311, "Plan Width": 4, "Inner Unique": false, "Plans": [{"Node Type": "Index Scan", "Parent Relationship": "Outer", "Scan Direction": "Forward", "Index Name": "company_name_pkey", "Relation Name": "company_name", "Alias": "cn", "Startup Cost": 0.0, "Total Cost": 10501.39, "Plan Rows": 85170, "Plan Width": 4, "Filter": "((country_code)::text = '[us]'::text)"}, {"Node Type": "Index Scan", "Parent Relationship": "Inner", "Scan Direction": "Forward", "Index Name": "company_id_movie_companies", "Relation Name": "movie_companies", "Alias": "mc", "Startup Cost": 0.0, "Total Cost": 1.74, "Plan Rows": 15, "Plan Width": 8, "Index Cond": "(company_id = cn.id)"}]}, {"Node Type": "Index Scan", "Parent Relationship": "Inner", "Scan Direction": "Forward", "Index Name": "movie_id_cast_info", "Relation Name": "cast_info", "Alias": "ci", "Startup Cost": 0.0, "Total Cost": 0.95, "Plan Rows": 6, "Plan Width": 12, "Index Cond": "(movie_id = mc.movie_id)"}]}]}, {"Node Type": "Index Scan", "Parent Relationship": "Inner", "Scan Direction": "Forward", "Index Name": "person_id_aka_name", "Relation Name": "aka_name", "Alias": "a1", "Startup Cost": 0.0, "Total Cost": 0.27, "Plan Rows": 1, "Plan Width": 20, "Index Cond": "(person_id = ci.person_id)"}]}, {"Node Type": "Index Scan", "Parent Relationship": "Inner", "Scan Direction": "Forward", "Index Name": "title_pkey", "Relation Name": "title", "Alias": "t", "Startup Cost": 0.0, "Total Cost": 0.27, "Plan Rows": 1, "Plan Width": 21, "Index Cond": "(id = ci.movie_id)"}]}, {"Node Type": "Index Only Scan", "Parent Relationship": "Inner", "Scan Direction": "Forward", "Index Name": "name_pkey", "Relation Name": "name", "Alias": "n1", "Startup Cost": 0.0, "Total Cost": 0.27, "Plan Rows": 1, "Plan Width": 4, "Index Cond": "(id = ci.person_id)"}]}]}, "Unique SQL Id": 2457761703, "Planner Runtime": 3}, "explain_analyze_plan": null}, "(1, 122)": {"explain_plan": {"Plan": {"Node Type": "Aggregate", "Strategy": "Plain", "Startup Cost": 112227718406.4, "Total Cost": 112227718406.41, "Plan Rows": 1, "Plan Width": 97, "Plans": [{"Node Type": "Nested Loop", "Parent Relationship": "Outer", "Join Type": "Inner", "Startup Cost": 0.0, "Total Cost": 112227716620.91, "Plan Rows": 357098, "Plan Width": 33, "Inner Unique": false, "Join Filter": "(a1.person_id = n1.id), (LLVM Optimized)", "Plans": [{"Node Type": "Seq Scan", "Parent Relationship": "Outer", "Relation Name": "name", "Alias": "n1", "Startup Cost": 0.0, "Total Cost": 93071.9, "Plan Rows": 4167490, "Plan Width": 4}, {"Node Type": "Materialize", "Parent Relationship": "Inner", "Startup Cost": 0.0, "Total Cost": 89904589281.46, "Plan Rows": 357098, "Plan Width": 41, "Plans": [{"Node Type": "Nested Loop", "Parent Relationship": "Outer", "Join Type": "Inner", "Startup Cost": 0.0, "Total Cost": 89904587495.97, "Plan Rows": 357098, "Plan Width": 41, "Inner Unique": false, "Join Filter": "(ci.movie_id = t.id), (LLVM Optimized)", "Plans": [{"Node Type": "Seq Scan", "Parent Relationship": "Outer", "Relation Name": "title", "Alias": "t", "Startup Cost": 0.0, "Total Cost": 60069.11, "Plan Rows": 2528311, "Plan Width": 21}, {"Node Type": "Materialize", "Parent Relationship": "Inner", "Startup Cost": 0.0, "Total Cost": 76351049467.27, "Plan Rows": 357379, "Plan Width": 32, "Plans": [{"Node Type": "Nested Loop", "Parent Relationship": "Outer", "Join Type": "Inner", "Startup Cost": 0.0, "Total Cost": 76351047680.37, "Plan Rows": 357379, "Plan Width": 32, "Inner Unique": false, "Join Filter": "(ci.person_id = a1.person_id), (LLVM Optimized)", "Plans": [{"Node Type": "Seq Scan", "Parent Relationship": "Outer", "Relation Name": "aka_name", "Alias": "a1", "Startup Cost": 0.0, "Total Cost": 19908.42, "Plan Rows": 901342, "Plan Width": 20}, {"Node Type": "Materialize", "Parent Relationship": "Inner", "Startup Cost": 0.0, "Total Cost": 66737973757.16, "Plan Rows": 711018, "Plan Width": 12, "Plans": [{"Node Type": "Nested Loop", "Parent Relationship": "Outer", "Join Type": "Inner", "Startup Cost": 0.0, "Total Cost": 66737970202.07, "Plan Rows": 711018, "Plan Width": 12, "Inner Unique": false, "Join Filter": "(ci.movie_id = mc.movie_id), (LLVM Optimized)", "Plans": [{"Node Type": "Nested Loop", "Parent Relationship": "Outer", "Join Type": "Inner", "Startup Cost": 0.0, "Total Cost": 1055122.77, "Plan Rows": 3296318, "Plan Width": 8, "Inner Unique": false, "Join Filter": "(ci.role_id = rt.id), (LLVM Optimized)", "Plans": [{"Node Type": "Seq Scan", "Parent Relationship": "Outer", "Relation Name": "role_type", "Alias": "rt", "Startup Cost": 0.0, "Total Cost": 1.15, "Plan Rows": 1, "Plan Width": 4, "Filter": "((role)::text = 'writer'::text)"}, {"Node Type": "Seq Scan", "Parent Relationship": "Inner", "Relation Name": "cast_info", "Alias": "ci", "Startup Cost": 0.0, "Total Cost": 601877.94, "Plan Rows": 36259494, "Plan Width": 12}]}, {"Node Type": "Materialize", "Parent Relationship": "Inner", "Startup Cost": 0.0, "Total Cost": 3333345821.61, "Plan Rows": 1282311, "Plan Width": 4, "Plans": [{"Node Type": "Nested Loop", "Parent Relationship": "Outer", "Join Type": "Inner", "Startup Cost": 0.0, "Total Cost": 3333339410.06, "Plan Rows": 1282311, "Plan Width": 4, "Inner Unique": true, "Join Filter": "(cn.id = mc.company_id), (LLVM Optimized)", "Plans": [{"Node Type": "Seq Scan", "Parent Relationship": "Outer", "Relation Name": "movie_companies", "Alias": "mc", "Startup Cost": 0.0, "Total Cost": 41817.28, "Plan Rows": 2609128, "Plan Width": 8}, {"Node Type": "Materialize", "Parent Relationship": "Inner", "Startup Cost": 0.0, "Total Cost": 6329.3, "Plan Rows": 85170, "Plan Width": 4, "Plans": [{"Node Type": "Seq Scan", "Parent Relationship": "Outer", "Relation Name": "company_name", "Alias": "cn", "Startup Cost": 0.0, "Total Cost": 5903.45, "Plan Rows": 85170, "Plan Width": 4, "Filter": "((country_code)::text = '[us]'::text)"}]}]}]}]}]}]}]}]}]}]}]}, "Unique SQL Id": 2457761703, "Planner Runtime": 3}, "explain_analyze_plan": null}, "(1, 123)": {"explain_plan": {"Plan": {"Node Type": "Aggregate", "Strategy": "Plain", "Startup Cost": 7112442136285.67, "Total Cost": 7112442136285.68, "Plan Rows": 1, "Plan Width": 97, "Plans": [{"Node Type": "Nested Loop", "Parent Relationship": "Outer", "Join Type": "Inner", "Startup Cost": 70000000000.0, "Total Cost": 7112442134500.18, "Plan Rows": 357098, "Plan Width": 33, "Inner Unique": false, "Join Filter": "(a1.person_id = n1.id), (LLVM Optimized)", "Plans": [{"Node Type": "Index Only Scan", "Parent Relationship": "Outer", "Scan Direction": "Forward", "Index Name": "name_pkey", "Relation Name": "name", "Alias": "n1", "Startup Cost": 10000000000.0, "Total Cost": 1000012483260.0, "Plan Rows": 4167490, "Plan Width": 4}, {"Node Type": "Materialize", "Parent Relationship": "Inner", "Startup Cost": 60000000000.0, "Total Cost": 6090106616972.63, "Plan Rows": 357098, "Plan Width": 41, "Plans": [{"Node Type": "Nested Loop", "Parent Relationship": "Outer", "Join Type": "Inner", "Startup Cost": 60000000000.0, "Total Cost": 6090106615187.14, "Plan Rows": 357098, "Plan Width": 41, "Inner Unique": true, "Join Filter": "(ci.movie_id = t.id), (LLVM Optimized)", "Plans": [{"Node Type": "Nested Loop", "Parent Relationship": "Outer", "Join Type": "Inner", "Startup Cost": 50000000000.0, "Total Cost": 5076542117964.41, "Plan Rows": 357379, "Plan Width": 32, "Inner Unique": false, "Join Filter": "(ci.person_id = a1.person_id), (LLVM Optimized)", "Plans": [{"Node Type": "Nested Loop", "Parent Relationship": "Outer", "Join Type": "Inner", "Startup Cost": 40000000000.0, "Total Cost": 4066922163415.29, "Plan Rows": 711018, "Plan Width": 12, "Inner Unique": false, "Join Filter": "(ci.movie_id = mc.movie_id), (LLVM Optimized)", "Plans": [{"Node Type": "Nested Loop", "Parent Relationship": "Outer", "Join Type": "Inner", "Startup Cost": 20000000000.0, "Total Cost": 2000171193971.62, "Plan Rows": 3296318, "Plan Width": 8, "Inner Unique": true, "Join Filter": "(ci.role_id = rt.id), (LLVM Optimized)", "Plans": [{"Node Type": "Index Scan", "Parent Relationship": "Outer", "Scan Direction": "Forward", "Index Name": "person_id_cast_info", "Relation Name": "cast_info", "Alias": "ci", "Startup Cost": 10000000000.0, "Total Cost": 1000170648833.21, "Plan Rows": 36259494, "Plan Width": 12}, {"Node Type": "Materialize", "Parent Relationship": "Inner", "Startup Cost": 10000000000.0, "Total Cost": 1000000001246.0, "Plan Rows": 1, "Plan Width": 4, "Plans": [{"Node Type": "Index Scan", "Parent Relationship": "Outer", "Scan Direction": "Forward", "Index Name": "role_type_pkey", "Relation Name": "role_type", "Alias": "rt", "Startup Cost": 10000000000.0, "Total Cost": 1000000001246.0, "Plan Rows": 1, "Plan Width": 4, "Filter": "((role)::text = 'writer'::text)"}]}]}, {"Node Type": "Materialize", "Parent Relationship": "Inner", "Startup Cost": 20000000000.0, "Total Cost": 2003347400185.98, "Plan Rows": 1282311, "Plan Width": 4, "Plans": [{"Node Type": "Nested Loop", "Parent Relationship": "Outer", "Join Type": "Inner", "Startup Cost": 20000000000.0, "Total Cost": 2003347393774.42, "Plan Rows": 1282311, "Plan Width": 4, "Inner Unique": true, "Join Filter": "(cn.id = mc.company_id), (LLVM Optimized)", "Plans": [{"Node Type": "Index Scan", "Parent Relationship": "Outer", "Scan Direction": "Forward", "Index Name": "movie_id_movie_companies", "Relation Name": "movie_companies", "Alias": "mc", "Startup Cost": 10000000000.0, "Total Cost": 1000013051946.13, "Plan Rows": 2609128, "Plan Width": 8}, {"Node Type": "Materialize", "Parent Relationship": "Inner", "Startup Cost": 10000000000.0, "Total Cost": 1000001050564.82, "Plan Rows": 85170, "Plan Width": 4, "Plans": [{"Node Type": "Index Scan", "Parent Relationship": "Outer", "Scan Direction": "Forward", "Index Name": "company_name_pkey", "Relation Name": "company_name", "Alias": "cn", "Startup Cost": 10000000000.0, "Total Cost": 1000001050138.97, "Plan Rows": 85170, "Plan Width": 4, "Filter": "((country_code)::text = '[us]'::text)"}]}]}]}]}, {"Node Type": "Materialize", "Parent Relationship": "Inner", "Startup Cost": 10000000000.0, "Total Cost": 1000006901010.14, "Plan Rows": 901342, "Plan Width": 20, "Plans": [{"Node Type": "Index Scan", "Parent Relationship": "Outer", "Scan Direction": "Forward", "Index Name": "person_id_aka_name", "Relation Name": "aka_name", "Alias": "a1", "Startup Cost": 10000000000.0, "Total Cost": 1000006896503.43, "Plan Rows": 901342, "Plan Width": 20}]}]}, {"Node Type": "Materialize", "Parent Relationship": "Inner", "Startup Cost": 10000000000.0, "Total Cost": 1000011024690.47, "Plan Rows": 2528311, "Plan Width": 21, "Plans": [{"Node Type": "Index Scan", "Parent Relationship": "Outer", "Scan Direction": "Forward", "Index Name": "title_pkey", "Relation Name": "title", "Alias": "t", "Startup Cost": 10000000000.0, "Total Cost": 1000011012048.91, "Plan Rows": 2528311, "Plan Width": 21}]}]}]}]}]}, "Unique SQL Id": 2457761703, "Planner Runtime": 3}, "explain_analyze_plan": null}, "(1, 124)": {"explain_plan": {"Plan": {"Node Type": "Aggregate", "Strategy": "Plain", "Startup Cost": 1967968.74, "Total Cost": 1967968.75, "Plan Rows": 1, "Plan Width": 97, "Plans": [{"Node Type": "Nested Loop", "Parent Relationship": "Outer", "Join Type": "Inner", "Startup Cost": 0.0, "Total Cost": 1966183.25, "Plan Rows": 357098, "Plan Width": 33, "Inner Unique": true, "Join Filter": "(a1.person_id = n1.id), (LLVM Optimized)", "Plans": [{"Node Type": "Nested Loop", "Parent Relationship": "Outer", "Join Type": "Inner", "Startup Cost": 0.0, "Total Cost": 1862664.6, "Plan Rows": 357098, "Plan Width": 41, "Inner Unique": true, "Plans": [{"Node Type": "Nested Loop", "Parent Relationship": "Outer", "Join Type": "Inner", "Startup Cost": 0.0, "Total Cost": 1760862.26, "Plan Rows": 357379, "Plan Width": 32, "Inner Unique": false, "Plans": [{"Node Type": "Nested Loop", "Parent Relationship": "Outer", "Join Type": "Inner", "Startup Cost": 0.0, "Total Cost": 1560689.3, "Plan Rows": 711018, "Plan Width": 12, "Inner Unique": false, "Join Filter": "(ci.role_id = rt.id), (LLVM Optimized)", "Plans": [{"Node Type": "Seq Scan", "Parent Relationship": "Outer", "Relation Name": "role_type", "Alias": "rt", "Startup Cost": 0.0, "Total Cost": 1.15, "Plan Rows": 1, "Plan Width": 4, "Filter": "((role)::text = 'writer'::text)"}, {"Node Type": "Nested Loop", "Parent Relationship": "Inner", "Join Type": "Inner", "Startup Cost": 0.0, "Total Cost": 1462923.14, "Plan Rows": 7821201, "Plan Width": 16, "Inner Unique": false, "Plans": [{"Node Type": "Nested Loop", "Parent Relationship": "Outer", "Join Type": "Inner", "Startup Cost": 0.0, "Total Cost": 166734.45, "Plan Rows": 1282311, "Plan Width": 4, "Inner Unique": false, "Plans": [{"Node Type": "Seq Scan", "Parent Relationship": "Outer", "Relation Name": "company_name", "Alias": "cn", "Startup Cost": 0.0, "Total Cost": 5903.45, "Plan Rows": 85170, "Plan Width": 4, "Filter": "((country_code)::text = '[us]'::text)"}, {"Node Type": "Index Scan", "Parent Relationship": "Inner", "Scan Direction": "Forward", "Index Name": "company_id_movie_companies", "Relation Name": "movie_companies", "Alias": "mc", "Startup Cost": 0.0, "Total Cost": 1.74, "Plan Rows": 15, "Plan Width": 8, "Index Cond": "(company_id = cn.id)"}]}, {"Node Type": "Index Scan", "Parent Relationship": "Inner", "Scan Direction": "Forward", "Index Name": "movie_id_cast_info", "Relation Name": "cast_info", "Alias": "ci", "Startup Cost": 0.0, "Total Cost": 0.95, "Plan Rows": 6, "Plan Width": 12, "Index Cond": "(movie_id = mc.movie_id)"}]}]}, {"Node Type": "Index Scan", "Parent Relationship": "Inner", "Scan Direction": "Forward", "Index Name": "person_id_aka_name", "Relation Name": "aka_name", "Alias": "a1", "Startup Cost": 0.0, "Total Cost": 0.27, "Plan Rows": 1, "Plan Width": 20, "Index Cond": "(person_id = ci.person_id)"}]}, {"Node Type": "Index Scan", "Parent Relationship": "Inner", "Scan Direction": "Forward", "Index Name": "title_pkey", "Relation Name": "title", "Alias": "t", "Startup Cost": 0.0, "Total Cost": 0.27, "Plan Rows": 1, "Plan Width": 21, "Index Cond": "(id = ci.movie_id)"}]}, {"Node Type": "Index Scan", "Parent Relationship": "Inner", "Scan Direction": "Forward", "Index Name": "name_pkey", "Relation Name": "name", "Alias": "n1", "Startup Cost": 0.0, "Total Cost": 0.28, "Plan Rows": 1, "Plan Width": 4, "Index Cond": "(id = ci.person_id)"}]}]}, "Unique SQL Id": 2457761703, "Planner Runtime": 3}, "explain_analyze_plan": null}, "(1, 125)": {"explain_plan": {"Plan": {"Node Type": "Aggregate", "Strategy": "Plain", "Startup Cost": 1972577.99, "Total Cost": 1972578.0, "Plan Rows": 1, "Plan Width": 97, "Plans": [{"Node Type": "Nested Loop", "Parent Relationship": "Outer", "Join Type": "Inner", "Startup Cost": 0.0, "Total Cost": 1970792.5, "Plan Rows": 357098, "Plan Width": 33, "Inner Unique": true, "Join Filter": "(a1.person_id = n1.id), (LLVM Optimized)", "Plans": [{"Node Type": "Nested Loop", "Parent Relationship": "Outer", "Join Type": "Inner", "Startup Cost": 0.0, "Total Cost": 1867273.85, "Plan Rows": 357098, "Plan Width": 41, "Inner Unique": true, "Plans": [{"Node Type": "Nested Loop", "Parent Relationship": "Outer", "Join Type": "Inner", "Startup Cost": 0.0, "Total Cost": 1765471.51, "Plan Rows": 357379, "Plan Width": 32, "Inner Unique": false, "Plans": [{"Node Type": "Nested Loop", "Parent Relationship": "Outer", "Join Type": "Inner", "Startup Cost": 0.0, "Total Cost": 1565298.55, "Plan Rows": 711018, "Plan Width": 12, "Inner Unique": false, "Join Filter": "(ci.role_id = rt.id), (LLVM Optimized)", "Plans": [{"Node Type": "Index Scan", "Parent Relationship": "Outer", "Scan Direction": "Forward", "Index Name": "role_type_pkey", "Relation Name": "role_type", "Alias": "rt", "Startup Cost": 0.0, "Total Cost": 12.46, "Plan Rows": 1, "Plan Width": 4, "Filter": "((role)::text = 'writer'::text)"}, {"Node Type": "Nested Loop", "Parent Relationship": "Inner", "Join Type": "Inner", "Startup Cost": 0.0, "Total Cost": 1467521.08, "Plan Rows": 7821201, "Plan Width": 16, "Inner Unique": false, "Plans": [{"Node Type": "Nested Loop", "Parent Relationship": "Outer", "Join Type": "Inner", "Startup Cost": 0.0, "Total Cost": 171332.39, "Plan Rows": 1282311, "Plan Width": 4, "Inner Unique": false, "Plans": [{"Node Type": "Index Scan", "Parent Relationship": "Outer", "Scan Direction": "Forward", "Index Name": "company_name_pkey", "Relation Name": "company_name", "Alias": "cn", "Startup Cost": 0.0, "Total Cost": 10501.39, "Plan Rows": 85170, "Plan Width": 4, "Filter": "((country_code)::text = '[us]'::text)"}, {"Node Type": "Index Scan", "Parent Relationship": "Inner", "Scan Direction": "Forward", "Index Name": "company_id_movie_companies", "Relation Name": "movie_companies", "Alias": "mc", "Startup Cost": 0.0, "Total Cost": 1.74, "Plan Rows": 15, "Plan Width": 8, "Index Cond": "(company_id = cn.id)"}]}, {"Node Type": "Index Scan", "Parent Relationship": "Inner", "Scan Direction": "Forward", "Index Name": "movie_id_cast_info", "Relation Name": "cast_info", "Alias": "ci", "Startup Cost": 0.0, "Total Cost": 0.95, "Plan Rows": 6, "Plan Width": 12, "Index Cond": "(movie_id = mc.movie_id)"}]}]}, {"Node Type": "Index Scan", "Parent Relationship": "Inner", "Scan Direction": "Forward", "Index Name": "person_id_aka_name", "Relation Name": "aka_name", "Alias": "a1", "Startup Cost": 0.0, "Total Cost": 0.27, "Plan Rows": 1, "Plan Width": 20, "Index Cond": "(person_id = ci.person_id)"}]}, {"Node Type": "Index Scan", "Parent Relationship": "Inner", "Scan Direction": "Forward", "Index Name": "title_pkey", "Relation Name": "title", "Alias": "t", "Startup Cost": 0.0, "Total Cost": 0.27, "Plan Rows": 1, "Plan Width": 21, "Index Cond": "(id = ci.movie_id)"}]}, {"Node Type": "Index Scan", "Parent Relationship": "Inner", "Scan Direction": "Forward", "Index Name": "name_pkey", "Relation Name": "name", "Alias": "n1", "Startup Cost": 0.0, "Total Cost": 0.28, "Plan Rows": 1, "Plan Width": 4, "Index Cond": "(id = ci.person_id)"}]}]}, "Unique SQL Id": 2457761703, "Planner Runtime": 3}, "explain_analyze_plan": null}, "(1, 126)": {"explain_plan": {"Plan": {"Node Type": "Aggregate", "Strategy": "Plain", "Startup Cost": 112227718406.4, "Total Cost": 112227718406.41, "Plan Rows": 1, "Plan Width": 97, "Plans": [{"Node Type": "Nested Loop", "Parent Relationship": "Outer", "Join Type": "Inner", "Startup Cost": 0.0, "Total Cost": 112227716620.91, "Plan Rows": 357098, "Plan Width": 33, "Inner Unique": false, "Join Filter": "(a1.person_id = n1.id), (LLVM Optimized)", "Plans": [{"Node Type": "Seq Scan", "Parent Relationship": "Outer", "Relation Name": "name", "Alias": "n1", "Startup Cost": 0.0, "Total Cost": 93071.9, "Plan Rows": 4167490, "Plan Width": 4}, {"Node Type": "Materialize", "Parent Relationship": "Inner", "Startup Cost": 0.0, "Total Cost": 89904589281.46, "Plan Rows": 357098, "Plan Width": 41, "Plans": [{"Node Type": "Nested Loop", "Parent Relationship": "Outer", "Join Type": "Inner", "Startup Cost": 0.0, "Total Cost": 89904587495.97, "Plan Rows": 357098, "Plan Width": 41, "Inner Unique": false, "Join Filter": "(ci.movie_id = t.id), (LLVM Optimized)", "Plans": [{"Node Type": "Seq Scan", "Parent Relationship": "Outer", "Relation Name": "title", "Alias": "t", "Startup Cost": 0.0, "Total Cost": 60069.11, "Plan Rows": 2528311, "Plan Width": 21}, {"Node Type": "Materialize", "Parent Relationship": "Inner", "Startup Cost": 0.0, "Total Cost": 76351049467.27, "Plan Rows": 357379, "Plan Width": 32, "Plans": [{"Node Type": "Nested Loop", "Parent Relationship": "Outer", "Join Type": "Inner", "Startup Cost": 0.0, "Total Cost": 76351047680.37, "Plan Rows": 357379, "Plan Width": 32, "Inner Unique": false, "Join Filter": "(ci.person_id = a1.person_id), (LLVM Optimized)", "Plans": [{"Node Type": "Seq Scan", "Parent Relationship": "Outer", "Relation Name": "aka_name", "Alias": "a1", "Startup Cost": 0.0, "Total Cost": 19908.42, "Plan Rows": 901342, "Plan Width": 20}, {"Node Type": "Materialize", "Parent Relationship": "Inner", "Startup Cost": 0.0, "Total Cost": 66737973757.16, "Plan Rows": 711018, "Plan Width": 12, "Plans": [{"Node Type": "Nested Loop", "Parent Relationship": "Outer", "Join Type": "Inner", "Startup Cost": 0.0, "Total Cost": 66737970202.07, "Plan Rows": 711018, "Plan Width": 12, "Inner Unique": false, "Join Filter": "(ci.movie_id = mc.movie_id), (LLVM Optimized)", "Plans": [{"Node Type": "Nested Loop", "Parent Relationship": "Outer", "Join Type": "Inner", "Startup Cost": 0.0, "Total Cost": 1055122.77, "Plan Rows": 3296318, "Plan Width": 8, "Inner Unique": false, "Join Filter": "(ci.role_id = rt.id), (LLVM Optimized)", "Plans": [{"Node Type": "Seq Scan", "Parent Relationship": "Outer", "Relation Name": "role_type", "Alias": "rt", "Startup Cost": 0.0, "Total Cost": 1.15, "Plan Rows": 1, "Plan Width": 4, "Filter": "((role)::text = 'writer'::text)"}, {"Node Type": "Seq Scan", "Parent Relationship": "Inner", "Relation Name": "cast_info", "Alias": "ci", "Startup Cost": 0.0, "Total Cost": 601877.94, "Plan Rows": 36259494, "Plan Width": 12}]}, {"Node Type": "Materialize", "Parent Relationship": "Inner", "Startup Cost": 0.0, "Total Cost": 3333345821.61, "Plan Rows": 1282311, "Plan Width": 4, "Plans": [{"Node Type": "Nested Loop", "Parent Relationship": "Outer", "Join Type": "Inner", "Startup Cost": 0.0, "Total Cost": 3333339410.06, "Plan Rows": 1282311, "Plan Width": 4, "Inner Unique": true, "Join Filter": "(cn.id = mc.company_id), (LLVM Optimized)", "Plans": [{"Node Type": "Seq Scan", "Parent Relationship": "Outer", "Relation Name": "movie_companies", "Alias": "mc", "Startup Cost": 0.0, "Total Cost": 41817.28, "Plan Rows": 2609128, "Plan Width": 8}, {"Node Type": "Materialize", "Parent Relationship": "Inner", "Startup Cost": 0.0, "Total Cost": 6329.3, "Plan Rows": 85170, "Plan Width": 4, "Plans": [{"Node Type": "Seq Scan", "Parent Relationship": "Outer", "Relation Name": "company_name", "Alias": "cn", "Startup Cost": 0.0, "Total Cost": 5903.45, "Plan Rows": 85170, "Plan Width": 4, "Filter": "((country_code)::text = '[us]'::text)"}]}]}]}]}]}]}]}]}]}]}]}, "Unique SQL Id": 2457761703, "Planner Runtime": 3}, "explain_analyze_plan": null}, "(1, 127)": {"explain_plan": {"Plan": {"Node Type": "Aggregate", "Strategy": "Plain", "Startup Cost": 7112447276300.38, "Total Cost": 7112447276300.39, "Plan Rows": 1, "Plan Width": 97, "Plans": [{"Node Type": "Nested Loop", "Parent Relationship": "Outer", "Join Type": "Inner", "Startup Cost": 70000000000.0, "Total Cost": 7112447274514.89, "Plan Rows": 357098, "Plan Width": 33, "Inner Unique": false, "Join Filter": "(a1.person_id = n1.id), (LLVM Optimized)", "Plans": [{"Node Type": "Index Scan", "Parent Relationship": "Outer", "Scan Direction": "Forward", "Index Name": "name_pkey", "Relation Name": "name", "Alias": "n1", "Startup Cost": 10000000000.0, "Total Cost": 1000017623274.7, "Plan Rows": 4167490, "Plan Width": 4}, {"Node Type": "Materialize", "Parent Relationship": "Inner", "Startup Cost": 60000000000.0, "Total Cost": 6090106616972.63, "Plan Rows": 357098, "Plan Width": 41, "Plans": [{"Node Type": "Nested Loop", "Parent Relationship": "Outer", "Join Type": "Inner", "Startup Cost": 60000000000.0, "Total Cost": 6090106615187.14, "Plan Rows": 357098, "Plan Width": 41, "Inner Unique": true, "Join Filter": "(ci.movie_id = t.id), (LLVM Optimized)", "Plans": [{"Node Type": "Nested Loop", "Parent Relationship": "Outer", "Join Type": "Inner", "Startup Cost": 50000000000.0, "Total Cost": 5076542117964.41, "Plan Rows": 357379, "Plan Width": 32, "Inner Unique": false, "Join Filter": "(ci.person_id = a1.person_id), (LLVM Optimized)", "Plans": [{"Node Type": "Nested Loop", "Parent Relationship": "Outer", "Join Type": "Inner", "Startup Cost": 40000000000.0, "Total Cost": 4066922163415.29, "Plan Rows": 711018, "Plan Width": 12, "Inner Unique": false, "Join Filter": "(ci.movie_id = mc.movie_id), (LLVM Optimized)", "Plans": [{"Node Type": "Nested Loop", "Parent Relationship": "Outer", "Join Type": "Inner", "Startup Cost": 20000000000.0, "Total Cost": 2000171193971.62, "Plan Rows": 3296318, "Plan Width": 8, "Inner Unique": true, "Join Filter": "(ci.role_id = rt.id), (LLVM Optimized)", "Plans": [{"Node Type": "Index Scan", "Parent Relationship": "Outer", "Scan Direction": "Forward", "Index Name": "person_id_cast_info", "Relation Name": "cast_info", "Alias": "ci", "Startup Cost": 10000000000.0, "Total Cost": 1000170648833.21, "Plan Rows": 36259494, "Plan Width": 12}, {"Node Type": "Materialize", "Parent Relationship": "Inner", "Startup Cost": 10000000000.0, "Total Cost": 1000000001246.0, "Plan Rows": 1, "Plan Width": 4, "Plans": [{"Node Type": "Index Scan", "Parent Relationship": "Outer", "Scan Direction": "Forward", "Index Name": "role_type_pkey", "Relation Name": "role_type", "Alias": "rt", "Startup Cost": 10000000000.0, "Total Cost": 1000000001246.0, "Plan Rows": 1, "Plan Width": 4, "Filter": "((role)::text = 'writer'::text)"}]}]}, {"Node Type": "Materialize", "Parent Relationship": "Inner", "Startup Cost": 20000000000.0, "Total Cost": 2003347400185.98, "Plan Rows": 1282311, "Plan Width": 4, "Plans": [{"Node Type": "Nested Loop", "Parent Relationship": "Outer", "Join Type": "Inner", "Startup Cost": 20000000000.0, "Total Cost": 2003347393774.42, "Plan Rows": 1282311, "Plan Width": 4, "Inner Unique": true, "Join Filter": "(cn.id = mc.company_id), (LLVM Optimized)", "Plans": [{"Node Type": "Index Scan", "Parent Relationship": "Outer", "Scan Direction": "Forward", "Index Name": "movie_id_movie_companies", "Relation Name": "movie_companies", "Alias": "mc", "Startup Cost": 10000000000.0, "Total Cost": 1000013051946.13, "Plan Rows": 2609128, "Plan Width": 8}, {"Node Type": "Materialize", "Parent Relationship": "Inner", "Startup Cost": 10000000000.0, "Total Cost": 1000001050564.82, "Plan Rows": 85170, "Plan Width": 4, "Plans": [{"Node Type": "Index Scan", "Parent Relationship": "Outer", "Scan Direction": "Forward", "Index Name": "company_name_pkey", "Relation Name": "company_name", "Alias": "cn", "Startup Cost": 10000000000.0, "Total Cost": 1000001050138.97, "Plan Rows": 85170, "Plan Width": 4, "Filter": "((country_code)::text = '[us]'::text)"}]}]}]}]}, {"Node Type": "Materialize", "Parent Relationship": "Inner", "Startup Cost": 10000000000.0, "Total Cost": 1000006901010.14, "Plan Rows": 901342, "Plan Width": 20, "Plans": [{"Node Type": "Index Scan", "Parent Relationship": "Outer", "Scan Direction": "Forward", "Index Name": "person_id_aka_name", "Relation Name": "aka_name", "Alias": "a1", "Startup Cost": 10000000000.0, "Total Cost": 1000006896503.43, "Plan Rows": 901342, "Plan Width": 20}]}]}, {"Node Type": "Materialize", "Parent Relationship": "Inner", "Startup Cost": 10000000000.0, "Total Cost": 1000011024690.47, "Plan Rows": 2528311, "Plan Width": 21, "Plans": [{"Node Type": "Index Scan", "Parent Relationship": "Outer", "Scan Direction": "Forward", "Index Name": "title_pkey", "Relation Name": "title", "Alias": "t", "Startup Cost": 10000000000.0, "Total Cost": 1000011012048.91, "Plan Rows": 2528311, "Plan Width": 21}]}]}]}]}]}, "Unique SQL Id": 2457761703, "Planner Runtime": 3}, "explain_analyze_plan": null}, "(16, 0)": {"explain_plan": {"Plan": {"Node Type": "Aggregate", "Strategy": "Plain", "Startup Cost": 287566.27, "Total Cost": 287566.3, "Plan Rows": 1, "Plan Width": 97, "Plans": [{"Node Type": "Streaming(type: LOCAL GATHER dop: 1/16)", "Parent Relationship": "Outer", "Startup Cost": 287566.27, "Total Cost": 287566.3, "Plan Rows": 1, "Plan Width": 97, "Plans": [{"Node Type": "Aggregate", "Strategy": "Plain", "Parent Relationship": "Outer", "Startup Cost": 287566.27, "Total Cost": 287566.28, "Plan Rows": 1, "Plan Width": 97, "Plans": [{"Node Type": "Hash Join", "Parent Relationship": "Outer", "Join Type": "Inner", "Startup Cost": 142621.96, "Total Cost": 285780.78, "Plan Rows": 357098, "Plan Width": 33, "Inner Unique": true, "Hash Cond": "(a1.person_id = n1.id), (LLVM Optimized)", "Plans": [{"Node Type": "Streaming(type: LOCAL REDISTRIBUTE dop: 16/16)", "Parent Relationship": "Outer", "Startup Cost": 126464.14, "Total Cost": 269316.07, "Plan Rows": 357098, "Plan Width": 41, "Plans": [{"Node Type": "Hash Join", "Parent Relationship": "Outer", "Join Type": "Inner", "Startup Cost": 126464.14, "Total Cost": 252963.01, "Plan Rows": 357098, "Plan Width": 41, "Inner Unique": true, "Hash Cond": "(ci.movie_id = t.id), (LLVM Optimized)", "Plans": [{"Node Type": "Streaming(type: LOCAL REDISTRIBUTE dop: 16/16)", "Parent Relationship": "Outer", "Startup Cost": 113655.34, "Total Cost": 239847.25, "Plan Rows": 357379, "Plan Width": 32, "Plans": [{"Node Type": "Hash Join", "Parent Relationship": "Outer", "Join Type": "Inner", "Startup Cost": 113655.34, "Total Cost": 223493.12, "Plan Rows": 357379, "Plan Width": 32, "Inner Unique": false, "Hash Cond": "(ci.person_id = a1.person_id), (LLVM Optimized)", "Plans": [{"Node Type": "Streaming(type: LOCAL REDISTRIBUTE dop: 16/16)", "Parent Relationship": "Outer", "Startup Cost": 104286.28, "Total Cost": 212931.86, "Plan Rows": 711018, "Plan Width": 12, "Plans": [{"Node Type": "Hash Join", "Parent Relationship": "Outer", "Join Type": "Inner", "Startup Cost": 104286.28, "Total Cost": 195237.77, "Plan Rows": 711018, "Plan Width": 12, "Inner Unique": false, "Hash Cond": "(ci.movie_id = mc.movie_id), (LLVM Optimized)", "Plans": [{"Node Type": "Streaming(type: LOCAL REDISTRIBUTE dop: 16/16)", "Parent Relationship": "Outer", "Startup Cost": 15001.51, "Total Cost": 102848.74, "Plan Rows": 3296318, "Plan Width": 8, "Plans": [{"Node Type": "Hash Join", "Parent Relationship": "Outer", "Join Type": "Inner", "Startup Cost": 15001.51, "Total Cost": 75358.79, "Plan Rows": 3296318, "Plan Width": 8, "Inner Unique": true, "Hash Cond": "(ci.role_id = rt.id), (LLVM Optimized)", "Plans": [{"Node Type": "Seq Scan", "Parent Relationship": "Outer", "Relation Name": "cast_info", "Alias": "ci", "Startup Cost": 0.0, "Total Cost": 52617.37, "Plan Rows": 36259494, "Plan Width": 12}, {"Node Type": "Hash", "Parent Relationship": "Inner", "Startup Cost": 15001.5, "Total Cost": 15001.5, "Plan Rows": 16, "Plan Width": 4, "Plans": [{"Node Type": "Streaming(type: BROADCAST dop: 16/1)", "Parent Relationship": "Outer", "Startup Cost": 0.0, "Total Cost": 15001.5, "Plan Rows": 16, "Plan Width": 4, "Plans": [{"Node Type": "Seq Scan", "Parent Relationship": "Outer", "Relation Name": "role_type", "Alias": "rt", "Startup Cost": 0.0, "Total Cost": 1.15, "Plan Rows": 1, "Plan Width": 4, "Filter": "((role)::text = 'writer'::text)"}]}]}]}]}, {"Node Type": "Hash", "Parent Relationship": "Inner", "Startup Cost": 88282.97, "Total Cost": 88282.97, "Plan Rows": 1282311, "Plan Width": 4, "Plans": [{"Node Type": "Streaming(type: LOCAL REDISTRIBUTE dop: 16/16)", "Parent Relationship": "Outer", "Startup Cost": 24511.53, "Total Cost": 88282.97, "Plan Rows": 1282311, "Plan Width": 4, "Plans": [{"Node Type": "Hash Join", "Parent Relationship": "Outer", "Join Type": "Inner", "Startup Cost": 24511.53, "Total Cost": 68424.21, "Plan Rows": 1282311, "Plan Width": 4, "Inner Unique": true, "Hash Cond": "(mc.company_id = cn.id), (LLVM Optimized)", "Plans": [{"Node Type": "Streaming(type: LOCAL REDISTRIBUTE dop: 16/16)", "Parent Relationship": "Outer", "Startup Cost": 0.0, "Total Cost": 42499.73, "Plan Rows": 2609128, "Plan Width": 8, "Plans": [{"Node Type": "Seq Scan", "Parent Relationship": "Outer", "Relation Name": "movie_companies", "Alias": "mc", "Startup Cost": 0.0, "Total Cost": 17613.58, "Plan Rows": 2609128, "Plan Width": 8}]}, {"Node Type": "Hash", "Parent Relationship": "Inner", "Startup Cost": 24444.99, "Total Cost": 24444.99, "Plan Rows": 85170, "Plan Width": 4, "Plans": [{"Node Type": "Streaming(type: LOCAL REDISTRIBUTE dop: 16/1)", "Parent Relationship": "Outer", "Startup Cost": 0.0, "Total Cost": 24444.99, "Plan Rows": 85170, "Plan Width": 4, "Plans": [{"Node Type": "Seq Scan", "Parent Relationship": "Outer", "Relation Name": "company_name", "Alias": "cn", "Startup Cost": 0.0, "Total Cost": 5903.45, "Plan Rows": 85170, "Plan Width": 4, "Filter": "((country_code)::text = '[us]'::text)"}]}]}]}]}]}]}]}, {"Node Type": "Hash", "Parent Relationship": "Inner", "Startup Cost": 34659.52, "Total Cost": 34659.52, "Plan Rows": 901342, "Plan Width": 20, "Plans": [{"Node Type": "Streaming(type: LOCAL REDISTRIBUTE dop: 16/16)", "Parent Relationship": "Outer", "Startup Cost": 0.0, "Total Cost": 34659.52, "Plan Rows": 901342, "Plan Width": 20, "Plans": [{"Node Type": "Seq Scan", "Parent Relationship": "Outer", "Relation Name": "aka_name", "Alias": "a1", "Startup Cost": 0.0, "Total Cost": 16244.28, "Plan Rows": 901342, "Plan Width": 20}]}]}]}]}, {"Node Type": "Hash", "Parent Relationship": "Inner", "Startup Cost": 43334.25, "Total Cost": 43334.25, "Plan Rows": 2528311, "Plan Width": 21, "Plans": [{"Node Type": "Streaming(type: LOCAL REDISTRIBUTE dop: 16/16)", "Parent Relationship": "Outer", "Startup Cost": 0.0, "Total Cost": 43334.25, "Plan Rows": 2528311, "Plan Width": 21, "Plans": [{"Node Type": "Seq Scan", "Parent Relationship": "Outer", "Relation Name": "title", "Alias": "t", "Startup Cost": 0.0, "Total Cost": 18754.32, "Plan Rows": 2528311, "Plan Width": 21}]}]}]}]}, {"Node Type": "Hash", "Parent Relationship": "Inner", "Startup Cost": 51607.87, "Total Cost": 51607.87, "Plan Rows": 4167490, "Plan Width": 4, "Plans": [{"Node Type": "Streaming(type: LOCAL REDISTRIBUTE dop: 16/16)", "Parent Relationship": "Outer", "Startup Cost": 0.0, "Total Cost": 51607.87, "Plan Rows": 4167490, "Plan Width": 4, "Plans": [{"Node Type": "Index Only Scan", "Parent Relationship": "Outer", "Scan Direction": "Forward", "Index Name": "name_pkey", "Relation Name": "name", "Alias": "n1", "Startup Cost": 0.0, "Total Cost": 20816.99, "Plan Rows": 4167490, "Plan Width": 4}]}]}]}]}]}]}, "Unique SQL Id": 2457761703, "Planner Runtime": 208}, "explain_analyze_plan": {"Plan": {"Node Type": "Aggregate", "Strategy": "Plain", "Startup Cost": 287566.27, "Total Cost": 287566.3, "Plan Rows": 1, "Plan Width": 97, "Actual Min Startup Time": 4944.13, "Actual Max Startup Time": 4944.13, "Actual Min Total Time": 4944.13, "Actual Max Total Time": 4944.13, "Plans": [{"Node Type": "Streaming(type: LOCAL GATHER dop: 1/16)", "Parent Relationship": "Outer", "Startup Cost": 287566.27, "Total Cost": 287566.3, "Plan Rows": 1, "Plan Width": 97, "Actual Min Startup Time": 4943.285, "Actual Max Startup Time": 4943.285, "Actual Min Total Time": 4944.087, "Actual Max Total Time": 4944.087, "Plans": [{"Node Type": "Aggregate", "Strategy": "Plain", "Parent Relationship": "Outer", "Startup Cost": 287566.27, "Total Cost": 287566.28, "Plan Rows": 1, "Plan Width": 97, "Actual Min Startup Time": 4504.488, "Actual Max Startup Time": 4708.445, "Actual Min Total Time": 4504.488, "Actual Max Total Time": 4708.445, "Plans": [{"Node Type": "Hash Join", "Parent Relationship": "Outer", "Join Type": "Inner", "Startup Cost": 142621.96, "Total Cost": 285780.78, "Plan Rows": 357098, "Plan Width": 33, "Actual Min Startup Time": 622.123, "Actual Max Startup Time": 821.69, "Actual Min Total Time": 4385.581, "Actual Max Total Time": 4634.797, "Inner Unique": true, "Hash Cond": "(a1.person_id = n1.id), (LLVM Optimized, Jit Execute)", "Plans": [{"Node Type": "Streaming(type: LOCAL REDISTRIBUTE dop: 16/16)", "Parent Relationship": "Outer", "Startup Cost": 126464.14, "Total Cost": 269316.07, "Plan Rows": 357098, "Plan Width": 41, "Actual Min Startup Time": 62.393, "Actual Max Startup Time": 79.238, "Actual Min Total Time": 3724.655, "Actual Max Total Time": 3836.262, "Plans": [{"Node Type": "Hash Join", "Parent Relationship": "Outer", "Join Type": "Inner", "Startup Cost": 126464.14, "Total Cost": 252963.01, "Plan Rows": 357098, "Plan Width": 41, "Actual Min Startup Time": 614.667, "Actual Max Startup Time": 823.592, "Actual Min Total Time": 2392.015, "Actual Max Total Time": 4530.013, "Inner Unique": true, "Hash Cond": "(ci.movie_id = t.id), (LLVM Optimized, Jit Execute)", "Plans": [{"Node Type": "Streaming(type: LOCAL REDISTRIBUTE dop: 16/16)", "Parent Relationship": "Outer", "Startup Cost": 113655.34, "Total Cost": 239847.25, "Plan Rows": 357379, "Plan Width": 32, "Actual Min Startup Time": 232.06, "Actual Max Startup Time": 242.187, "Actual Min Total Time": 1737.73, "Actual Max Total Time": 3931.463, "Plans": [{"Node Type": "Hash Join", "Parent Relationship": "Outer", "Join Type": "Inner", "Startup Cost": 113655.34, "Total Cost": 223493.12, "Plan Rows": 357379, "Plan Width": 32, "Actual Min Startup Time": 618.18, "Actual Max Startup Time": 849.09, "Actual Min Total Time": 1988.988, "Actual Max Total Time": 4427.833, "Inner Unique": false, "Hash Cond": "(ci.person_id = a1.person_id), (LLVM Optimized, Jit Execute)", "Plans": [{"Node Type": "Streaming(type: LOCAL REDISTRIBUTE dop: 16/16)", "Parent Relationship": "Outer", "Startup Cost": 104286.28, "Total Cost": 212931.86, "Plan Rows": 711018, "Plan Width": 12, "Actual Min Startup Time": 483.749, "Actual Max Startup Time": 503.721, "Actual Min Total Time": 1782.944, "Actual Max Total Time": 4075.042, "Plans": [{"Node Type": "Hash Join", "Parent Relationship": "Outer", "Join Type": "Inner", "Startup Cost": 104286.28, "Total Cost": 195237.77, "Plan Rows": 711018, "Plan Width": 12, "Actual Min Startup Time": 609.63, "Actual Max Startup Time": 841.162, "Actual Min Total Time": 1681.314, "Actual Max Total Time": 3947.407, "Inner Unique": false, "Hash Cond": "(ci.movie_id = mc.movie_id), (LLVM Optimized, Jit Execute)", "Plans": [{"Node Type": "Streaming(type: LOCAL REDISTRIBUTE dop: 16/16)", "Parent Relationship": "Outer", "Startup Cost": 15001.51, "Total Cost": 102848.74, "Plan Rows": 3296318, "Plan Width": 8, "Actual Min Startup Time": 0.076, "Actual Max Startup Time": 1.512, "Actual Min Total Time": 958.941, "Actual Max Total Time": 3213.625, "Plans": [{"Node Type": "Hash Join", "Parent Relationship": "Outer", "Join Type": "Inner", "Startup Cost": 15001.51, "Total Cost": 75358.79, "Plan Rows": 3296318, "Plan Width": 8, "Actual Min Startup Time": 619.338, "Actual Max Startup Time": 684.705, "Actual Min Total Time": 978.386, "Actual Max Total Time": 1050.522, "Inner Unique": true, "Hash Cond": "(ci.role_id = rt.id), (LLVM Optimized, Jit Execute)", "Plans": [{"Node Type": "Seq Scan", "Parent Relationship": "Outer", "Relation Name": "cast_info", "Alias": "ci", "Startup Cost": 0.0, "Total Cost": 52617.37, "Plan Rows": 36259494, "Plan Width": 12, "Actual Min Startup Time": 0.025, "Actual Max Startup Time": 0.046, "Actual Min Total Time": 516.432, "Actual Max Total Time": 561.683, "Actual Rows": 36244343}, {"Node Type": "Hash", "Parent Relationship": "Inner", "Startup Cost": 15001.5, "Total Cost": 15001.5, "Plan Rows": 16, "Plan Width": 4, "Actual Min Startup Time": 0.012, "Actual Max Startup Time": 30.687, "Actual Min Total Time": 0.012, "Actual Max Total Time": 30.687, "Max Hash Buckets": 32768, "Min Hash Buckets": 32768, "Max Hash Batches": 1, "Min Hash Batches": 1, "Max Original Hash Batches": 1, "Min Original Hash Batches": 1, "Max Peak Memory Usage": 1, "min Peak Memory Usage": 1, "Plans": [{"Node Type": "Streaming(type: BROADCAST dop: 16/1)", "Parent Relationship": "Outer", "Startup Cost": 0.0, "Total Cost": 15001.5, "Plan Rows": 16, "Plan Width": 4, "Actual Min Startup Time": 0.003, "Actual Max Startup Time": 30.667, "Actual Min Total Time": 0.003, "Actual Max Total Time": 30.669, "Plans": [{"Node Type": "Seq Scan", "Parent Relationship": "Outer", "Relation Name": "role_type", "Alias": "rt", "Startup Cost": 0.0, "Total Cost": 1.15, "Plan Rows": 1, "Plan Width": 4, "Actual Min Startup Time": 0.038, "Actual Max Startup Time": 0.038, "Actual Min Total Time": 0.042, "Actual Max Total Time": 0.042, "Filter": "((role)::text = 'writer'::text)", "Rows Removed by Filter": 11, "Actual Rows": 1}], "Actual Rows": 16}], "Actual Rows": 16}], "Actual Rows": 2728943}], "Actual Rows": 2728943}, {"Node Type": "Hash", "Parent Relationship": "Inner", "Startup Cost": 88282.97, "Total Cost": 88282.97, "Plan Rows": 1282311, "Plan Width": 4, "Actual Min Startup Time": 608.642, "Actual Max Startup Time": 840.955, "Actual Min Total Time": 608.642, "Actual Max Total Time": 840.955, "Max Hash Buckets": 131072, "Min Hash Buckets": 131072, "Max Hash Batches": 1, "Min Hash Batches": 1, "Max Original Hash Batches": 1, "Min Original Hash Batches": 1, "Max Peak Memory Usage": 2542, "min Peak Memory Usage": 2542, "Plans": [{"Node Type": "Streaming(type: LOCAL REDISTRIBUTE dop: 16/16)", "Parent Relationship": "Outer", "Startup Cost": 24511.53, "Total Cost": 88282.97, "Plan Rows": 1282311, "Plan Width": 4, "Actual Min Startup Time": 165.19, "Actual Max Startup Time": 397.376, "Actual Min Total Time": 583.19, "Actual Max Total Time": 810.364, "Plans": [{"Node Type": "Hash Join", "Parent Relationship": "Outer", "Join Type": "Inner", "Startup Cost": 24511.53, "Total Cost": 68424.21, "Plan Rows": 1282311, "Plan Width": 4, "Actual Min Startup Time": 163.079, "Actual Max Startup Time": 409.822, "Actual Min Total Time": 482.508, "Actual Max Total Time": 768.684, "Inner Unique": true, "Hash Cond": "(mc.company_id = cn.id), (LLVM Optimized, Jit Execute)", "Plans": [{"Node Type": "Streaming(type: LOCAL REDISTRIBUTE dop: 16/16)", "Parent Relationship": "Outer", "Startup Cost": 0.0, "Total Cost": 42499.73, "Plan Rows": 2609128, "Plan Width": 8, "Actual Min Startup Time": 0.07, "Actual Max Startup Time": 1.506, "Actual Min Total Time": 241.68, "Actual Max Total Time": 332.619, "Plans": [{"Node Type": "Seq Scan", "Parent Relationship": "Outer", "Relation Name": "movie_companies", "Alias": "mc", "Startup Cost": 0.0, "Total Cost": 17613.58, "Plan Rows": 2609128, "Plan Width": 8, "Actual Min Startup Time": 0.024, "Actual Max Startup Time": 0.046, "Actual Min Total Time": 46.05, "Actual Max Total Time": 53.959, "Actual Rows": 2609128}], "Actual Rows": 2609128}, {"Node Type": "Hash", "Parent Relationship": "Inner", "Startup Cost": 24444.99, "Total Cost": 24444.99, "Plan Rows": 85170, "Plan Width": 4, "Actual Min Startup Time": 162.501, "Actual Max Startup Time": 408.821, "Actual Min Total Time": 162.501, "Actual Max Total Time": 408.821, "Max Hash Buckets": 32768, "Min Hash Buckets": 32768, "Max Hash Batches": 1, "Min Hash Batches": 1, "Max Original Hash Batches": 1, "Min Original Hash Batches": 1, "Max Peak Memory Usage": 182, "min Peak Memory Usage": 182, "Plans": [{"Node Type": "Streaming(type: LOCAL REDISTRIBUTE dop: 16/1)", "Parent Relationship": "Outer", "Startup Cost": 0.0, "Total Cost": 24444.99, "Plan Rows": 85170, "Plan Width": 4, "Actual Min Startup Time": 0.028, "Actual Max Startup Time": 240.208, "Actual Min Total Time": 160.838, "Actual Max Total Time": 406.797, "Plans": [{"Node Type": "Seq Scan", "Parent Relationship": "Outer", "Relation Name": "company_name", "Alias": "cn", "Startup Cost": 0.0, "Total Cost": 5903.45, "Plan Rows": 85170, "Plan Width": 4, "Actual Min Startup Time": 0.047, "Actual Max Startup Time": 0.047, "Actual Min Total Time": 93.762, "Actual Max Total Time": 93.762, "Filter": "((country_code)::text = '[us]'::text)", "Rows Removed by Filter": 150153, "Actual Rows": 84843}], "Actual Rows": 84843}], "Actual Rows": 84843}], "Actual Rows": 1153797}], "Actual Rows": 1153797}], "Actual Rows": 1153797}], "Actual Rows": 1970658}], "Actual Rows": 1970658}, {"Node Type": "Hash", "Parent Relationship": "Inner", "Startup Cost": 34659.52, "Total Cost": 34659.52, "Plan Rows": 901342, "Plan Width": 20, "Actual Min Startup Time": 129.787, "Actual Max Startup Time": 360.065, "Actual Min Total Time": 129.787, "Actual Max Total Time": 360.065, "Max Hash Buckets": 65536, "Min Hash Buckets": 65536, "Max Hash Batches": 1, "Min Hash Batches": 1, "Max Original Hash Batches": 1, "Min Original Hash Batches": 1, "Max Peak Memory Usage": 2981, "min Peak Memory Usage": 2981, "Plans": [{"Node Type": "Streaming(type: LOCAL REDISTRIBUTE dop: 16/16)", "Parent Relationship": "Outer", "Startup Cost": 0.0, "Total Cost": 34659.52, "Plan Rows": 901342, "Plan Width": 20, "Actual Min Startup Time": 0.045, "Actual Max Startup Time": 188.774, "Actual Min Total Time": 109.746, "Actual Max Total Time": 343.7, "Plans": [{"Node Type": "Seq Scan", "Parent Relationship": "Outer", "Relation Name": "aka_name", "Alias": "a1", "Startup Cost": 0.0, "Total Cost": 16244.28, "Plan Rows": 901342, "Plan Width": 20, "Actual Min Startup Time": 0.018, "Actual Max Startup Time": 0.04, "Actual Min Total Time": 16.479, "Actual Max Total Time": 20.369, "Actual Rows": 901342}], "Actual Rows": 901342}], "Actual Rows": 901342}], "Actual Rows": 2487611}], "Actual Rows": 2487611}, {"Node Type": "Hash", "Parent Relationship": "Inner", "Startup Cost": 43334.25, "Total Cost": 43334.25, "Plan Rows": 2528311, "Plan Width": 21, "Actual Min Startup Time": 381.985, "Actual Max Startup Time": 587.522, "Actual Min Total Time": 381.985, "Actual Max Total Time": 587.522, "Max Hash Buckets": 262144, "Min Hash Buckets": 262144, "Max Hash Batches": 1, "Min Hash Batches": 1, "Max Original Hash Batches": 1, "Min Original Hash Batches": 1, "Max Peak Memory Usage": 8518, "min Peak Memory Usage": 8518, "Plans": [{"Node Type": "Streaming(type: LOCAL REDISTRIBUTE dop: 16/16)", "Parent Relationship": "Outer", "Startup Cost": 0.0, "Total Cost": 43334.25, "Plan Rows": 2528311, "Plan Width": 21, "Actual Min Startup Time": 0.051, "Actual Max Startup Time": 110.199, "Actual Min Total Time": 305.798, "Actual Max Total Time": 512.197, "Plans": [{"Node Type": "Seq Scan", "Parent Relationship": "Outer", "Relation Name": "title", "Alias": "t", "Startup Cost": 0.0, "Total Cost": 18754.32, "Plan Rows": 2528311, "Plan Width": 21, "Actual Min Startup Time": 0.017, "Actual Max Startup Time": 0.033, "Actual Min Total Time": 50.642, "Actual Max Total Time": 58.797, "Actual Rows": 2528311}], "Actual Rows": 2528311}], "Actual Rows": 2528311}], "Actual Rows": 2487611}], "Actual Rows": 2487611}, {"Node Type": "Hash", "Parent Relationship": "Inner", "Startup Cost": 51607.87, "Total Cost": 51607.87, "Plan Rows": 4167490, "Plan Width": 4, "Actual Min Startup Time": 554.47, "Actual Max Startup Time": 758.245, "Actual Min Total Time": 554.47, "Actual Max Total Time": 758.245, "Max Hash Buckets": 262144, "Min Hash Buckets": 262144, "Max Hash Batches": 1, "Min Hash Batches": 1, "Max Original Hash Batches": 1, "Min Original Hash Batches": 1, "Max Peak Memory Usage": 9174, "min Peak Memory Usage": 9174, "Plans": [{"Node Type": "Streaming(type: LOCAL REDISTRIBUTE dop: 16/16)", "Parent Relationship": "Outer", "Startup Cost": 0.0, "Total Cost": 51607.87, "Plan Rows": 4167490, "Plan Width": 4, "Actual Min Startup Time": 0.05, "Actual Max Startup Time": 48.328, "Actual Min Total Time": 463.85, "Actual Max Total Time": 656.805, "Plans": [{"Node Type": "Index Only Scan", "Parent Relationship": "Outer", "Scan Direction": "Forward", "Index Name": "name_pkey", "Relation Name": "name", "Alias": "n1", "Startup Cost": 0.0, "Total Cost": 20816.99, "Plan Rows": 4167490, "Plan Width": 4, "Actual Min Startup Time": 0.039, "Actual Max Startup Time": 64.221, "Actual Min Total Time": 58.503, "Actual Max Total Time": 123.269, "Heap Fetches": 0, "Actual Rows": 4167490}], "Actual Rows": 4167490}], "Actual Rows": 4167490}], "Actual Rows": 2487611}], "Actual Rows": 16}], "Actual Rows": 16}], "Actual Rows": 1}, "Triggers": [], "Planner Runtime": 189, "Total Runtime": 4990.263, "Unique SQL Id": 2457761703}}, "(16, 1)": {"explain_plan": {"Plan": {"Node Type": "Aggregate", "Strategy": "Plain", "Startup Cost": 1388959.01, "Total Cost": 1388959.04, "Plan Rows": 1, "Plan Width": 97, "Plans": [{"Node Type": "Streaming(type: LOCAL GATHER dop: 1/16)", "Parent Relationship": "Outer", "Startup Cost": 1388959.01, "Total Cost": 1388959.04, "Plan Rows": 1, "Plan Width": 97, "Plans": [{"Node Type": "Aggregate", "Strategy": "Plain", "Parent Relationship": "Outer", "Startup Cost": 1388959.01, "Total Cost": 1388959.02, "Plan Rows": 1, "Plan Width": 97, "Plans": [{"Node Type": "Hash Join", "Parent Relationship": "Outer", "Join Type": "Inner", "Startup Cost": 269229.27, "Total Cost": 1387173.52, "Plan Rows": 357098, "Plan Width": 33, "Inner Unique": true, "Hash Cond": "(ci.movie_id = t.id), (LLVM Optimized)", "Plans": [{"Node Type": "Streaming(type: LOCAL REDISTRIBUTE dop: 16/16)", "Parent Relationship": "Outer", "Startup Cost": 235754.65, "Total Cost": 1353391.95, "Plan Rows": 357379, "Plan Width": 24, "Plans": [{"Node Type": "Hash Join", "Parent Relationship": "Outer", "Join Type": "Inner", "Startup Cost": 235754.65, "Total Cost": 1337037.82, "Plan Rows": 357379, "Plan Width": 24, "Inner Unique": false, "Hash Cond": "(ci.movie_id = mc.movie_id), (LLVM Optimized)", "Plans": [{"Node Type": "Streaming(type: LOCAL REDISTRIBUTE dop: 16/16)", "Parent Relationship": "Outer", "Startup Cost": 160993.45, "Total Cost": 1260878.52, "Plan Rows": 1484588, "Plan Width": 20, "Plans": [{"Node Type": "Hash Join", "Parent Relationship": "Outer", "Join Type": "Inner", "Startup Cost": 160993.45, "Total Cost": 1240253.33, "Plan Rows": 1484588, "Plan Width": 20, "Inner Unique": true, "Hash Cond": "(a1.person_id = n1.id), (LLVM Optimized)", "Plans": [{"Node Type": "Streaming(type: LOCAL REDISTRIBUTE dop: 16/16)", "Parent Relationship": "Outer", "Startup Cost": 104737.34, "Total Cost": 1182721.4, "Plan Rows": 1484588, "Plan Width": 28, "Plans": [{"Node Type": "Hash Join", "Parent Relationship": "Outer", "Join Type": "Inner", "Startup Cost": 104737.34, "Total Cost": 1162096.2, "Plan Rows": 1484588, "Plan Width": 28, "Inner Unique": false, "Hash Cond": "(ci.person_id = a1.person_id), (LLVM Optimized)", "Plans": [{"Node Type": "Streaming(type: LOCAL REDISTRIBUTE dop: 16/16)", "Parent Relationship": "Outer", "Startup Cost": 15012.82, "Total Cost": 1066844.59, "Plan Rows": 3296318, "Plan Width": 8, "Plans": [{"Node Type": "Hash Join", "Parent Relationship": "Outer", "Join Type": "Inner", "Startup Cost": 15012.82, "Total Cost": 1039354.63, "Plan Rows": 3296318, "Plan Width": 8, "Inner Unique": true, "Hash Cond": "(ci.role_id = rt.id), (LLVM Optimized)", "Plans": [{"Node Type": "Index Scan", "Parent Relationship": "Outer", "Scan Direction": "Forward", "Index Name": "role_id_cast_info", "Relation Name": "cast_info", "Alias": "ci", "Startup Cost": 0.0, "Total Cost": 1016601.9, "Plan Rows": 36259494, "Plan Width": 12}, {"Node Type": "Hash", "Parent Relationship": "Inner", "Startup Cost": 15012.81, "Total Cost": 15012.81, "Plan Rows": 16, "Plan Width": 4, "Plans": [{"Node Type": "Streaming(type: BROADCAST dop: 16/1)", "Parent Relationship": "Outer", "Startup Cost": 0.0, "Total Cost": 15012.81, "Plan Rows": 16, "Plan Width": 4, "Plans": [{"Node Type": "Index Scan", "Parent Relationship": "Outer", "Scan Direction": "Forward", "Index Name": "role_type_pkey", "Relation Name": "role_type", "Alias": "rt", "Startup Cost": 0.0, "Total Cost": 12.46, "Plan Rows": 1, "Plan Width": 4, "Filter": "((role)::text = 'writer'::text)"}]}]}]}]}, {"Node Type": "Hash", "Parent Relationship": "Inner", "Startup Cost": 89020.35, "Total Cost": 89020.35, "Plan Rows": 901342, "Plan Width": 20, "Plans": [{"Node Type": "Streaming(type: LOCAL REDISTRIBUTE dop: 16/1)", "Parent Relationship": "Outer", "Startup Cost": 16632.3, "Total Cost": 89020.35, "Plan Rows": 901342, "Plan Width": 20, "Plans": [{"Node Type": "Bitmap Heap Scan", "Parent Relationship": "Outer", "Relation Name": "aka_name", "Alias": "a1", "Startup Cost": 16632.3, "Total Cost": 36540.72, "Plan Rows": 901342, "Plan Width": 20, "Plans": [{"Node Type": "Bitmap Index Scan", "Parent Relationship": "Outer", "Index Name": "person_id_aka_name", "Startup Cost": 0.0, "Total Cost": 16406.96, "Plan Rows": 901342, "Plan Width": 0}]}]}]}]}]}, {"Node Type": "Hash", "Parent Relationship": "Inner", "Startup Cost": 131553.26, "Total Cost": 131553.26, "Plan Rows": 4167490, "Plan Width": 4, "Plans": [{"Node Type": "Streaming(type: LOCAL REDISTRIBUTE dop: 16/16)", "Parent Relationship": "Outer", "Startup Cost": 0.0, "Total Cost": 131553.26, "Plan Rows": 4167490, "Plan Width": 4, "Plans": [{"Node Type": "Index Only Scan", "Parent Relationship": "Outer", "Scan Direction": "Forward", "Index Name": "name_pkey", "Relation Name": "name", "Alias": "n1", "Startup Cost": 0.0, "Total Cost": 100762.38, "Plan Rows": 4167490, "Plan Width": 4}]}]}]}]}, {"Node Type": "Hash", "Parent Relationship": "Inner", "Startup Cost": 194504.49, "Total Cost": 194504.49, "Plan Rows": 1282311, "Plan Width": 4, "Plans": [{"Node Type": "Streaming(type: LOCAL REDISTRIBUTE dop: 16/1)", "Parent Relationship": "Outer", "Startup Cost": 61758.77, "Total Cost": 194504.49, "Plan Rows": 1282311, "Plan Width": 4, "Plans": [{"Node Type": "Hash Join", "Parent Relationship": "Outer", "Join Type": "Inner", "Startup Cost": 61758.77, "Total Cost": 126183.39, "Plan Rows": 1282311, "Plan Width": 4, "Inner Unique": true, "Hash Cond": "(mc.company_id = cn.id), (LLVM Optimized)", "Plans": [{"Node Type": "Bitmap Heap Scan", "Parent Relationship": "Outer", "Relation Name": "movie_companies", "Alias": "mc", "Startup Cost": 51990.17, "Total Cost": 93807.45, "Plan Rows": 2609128, "Plan Width": 8, "Plans": [{"Node Type": "Bitmap Index Scan", "Parent Relationship": "Outer", "Index Name": "movie_id_movie_companies", "Startup Cost": 0.0, "Total Cost": 51337.89, "Plan Rows": 2609128, "Plan Width": 0}]}, {"Node Type": "Hash", "Parent Relationship": "Inner", "Startup Cost": 8703.97, "Total Cost": 8703.97, "Plan Rows": 85170, "Plan Width": 4, "Plans": [{"Node Type": "Bitmap Heap Scan", "Parent Relationship": "Outer", "Relation Name": "company_name", "Alias": "cn", "Startup Cost": 2800.52, "Total Cost": 8703.97, "Plan Rows": 85170, "Plan Width": 4, "Filter": "((country_code)::text = '[us]'::text)", "Plans": [{"Node Type": "Bitmap Index Scan", "Parent Relationship": "Outer", "Index Name": "company_name_pkey", "Startup Cost": 0.0, "Total Cost": 2779.23, "Plan Rows": 234996, "Plan Width": 0}]}]}]}]}]}]}]}, {"Node Type": "Hash", "Parent Relationship": "Inner", "Startup Cost": 125997.5, "Total Cost": 125997.5, "Plan Rows": 2528311, "Plan Width": 21, "Plans": [{"Node Type": "Streaming(type: LOCAL REDISTRIBUTE dop: 16/16)", "Parent Relationship": "Outer", "Startup Cost": 0.0, "Total Cost": 125997.5, "Plan Rows": 2528311, "Plan Width": 21, "Plans": [{"Node Type": "Index Scan", "Parent Relationship": "Outer", "Scan Direction": "Forward", "Index Name": "title_pkey", "Relation Name": "title", "Alias": "t", "Startup Cost": 0.0, "Total Cost": 101417.57, "Plan Rows": 2528311, "Plan Width": 21}]}]}]}]}]}]}, "Unique SQL Id": 2457761703, "Planner Runtime": 199}, "explain_analyze_plan": null}, "(16, 2)": {"explain_plan": {"Plan": {"Node Type": "Aggregate", "Strategy": "Plain", "Startup Cost": 287566.27, "Total Cost": 287566.3, "Plan Rows": 1, "Plan Width": 97, "Plans": [{"Node Type": "Streaming(type: LOCAL GATHER dop: 1/16)", "Parent Relationship": "Outer", "Startup Cost": 287566.27, "Total Cost": 287566.3, "Plan Rows": 1, "Plan Width": 97, "Plans": [{"Node Type": "Aggregate", "Strategy": "Plain", "Parent Relationship": "Outer", "Startup Cost": 287566.27, "Total Cost": 287566.28, "Plan Rows": 1, "Plan Width": 97, "Plans": [{"Node Type": "Hash Join", "Parent Relationship": "Outer", "Join Type": "Inner", "Startup Cost": 142621.96, "Total Cost": 285780.78, "Plan Rows": 357098, "Plan Width": 33, "Inner Unique": true, "Hash Cond": "(a1.person_id = n1.id), (LLVM Optimized)", "Plans": [{"Node Type": "Streaming(type: LOCAL REDISTRIBUTE dop: 16/16)", "Parent Relationship": "Outer", "Startup Cost": 126464.14, "Total Cost": 269316.07, "Plan Rows": 357098, "Plan Width": 41, "Plans": [{"Node Type": "Hash Join", "Parent Relationship": "Outer", "Join Type": "Inner", "Startup Cost": 126464.14, "Total Cost": 252963.01, "Plan Rows": 357098, "Plan Width": 41, "Inner Unique": true, "Hash Cond": "(ci.movie_id = t.id), (LLVM Optimized)", "Plans": [{"Node Type": "Streaming(type: LOCAL REDISTRIBUTE dop: 16/16)", "Parent Relationship": "Outer", "Startup Cost": 113655.34, "Total Cost": 239847.25, "Plan Rows": 357379, "Plan Width": 32, "Plans": [{"Node Type": "Hash Join", "Parent Relationship": "Outer", "Join Type": "Inner", "Startup Cost": 113655.34, "Total Cost": 223493.12, "Plan Rows": 357379, "Plan Width": 32, "Inner Unique": false, "Hash Cond": "(ci.person_id = a1.person_id), (LLVM Optimized)", "Plans": [{"Node Type": "Streaming(type: LOCAL REDISTRIBUTE dop: 16/16)", "Parent Relationship": "Outer", "Startup Cost": 104286.28, "Total Cost": 212931.86, "Plan Rows": 711018, "Plan Width": 12, "Plans": [{"Node Type": "Hash Join", "Parent Relationship": "Outer", "Join Type": "Inner", "Startup Cost": 104286.28, "Total Cost": 195237.77, "Plan Rows": 711018, "Plan Width": 12, "Inner Unique": false, "Hash Cond": "(ci.movie_id = mc.movie_id), (LLVM Optimized)", "Plans": [{"Node Type": "Streaming(type: LOCAL REDISTRIBUTE dop: 16/16)", "Parent Relationship": "Outer", "Startup Cost": 15001.51, "Total Cost": 102848.74, "Plan Rows": 3296318, "Plan Width": 8, "Plans": [{"Node Type": "Hash Join", "Parent Relationship": "Outer", "Join Type": "Inner", "Startup Cost": 15001.51, "Total Cost": 75358.79, "Plan Rows": 3296318, "Plan Width": 8, "Inner Unique": true, "Hash Cond": "(ci.role_id = rt.id), (LLVM Optimized)", "Plans": [{"Node Type": "Seq Scan", "Parent Relationship": "Outer", "Relation Name": "cast_info", "Alias": "ci", "Startup Cost": 0.0, "Total Cost": 52617.37, "Plan Rows": 36259494, "Plan Width": 12}, {"Node Type": "Hash", "Parent Relationship": "Inner", "Startup Cost": 15001.5, "Total Cost": 15001.5, "Plan Rows": 16, "Plan Width": 4, "Plans": [{"Node Type": "Streaming(type: BROADCAST dop: 16/1)", "Parent Relationship": "Outer", "Startup Cost": 0.0, "Total Cost": 15001.5, "Plan Rows": 16, "Plan Width": 4, "Plans": [{"Node Type": "Seq Scan", "Parent Relationship": "Outer", "Relation Name": "role_type", "Alias": "rt", "Startup Cost": 0.0, "Total Cost": 1.15, "Plan Rows": 1, "Plan Width": 4, "Filter": "((role)::text = 'writer'::text)"}]}]}]}]}, {"Node Type": "Hash", "Parent Relationship": "Inner", "Startup Cost": 88282.97, "Total Cost": 88282.97, "Plan Rows": 1282311, "Plan Width": 4, "Plans": [{"Node Type": "Streaming(type: LOCAL REDISTRIBUTE dop: 16/16)", "Parent Relationship": "Outer", "Startup Cost": 24511.53, "Total Cost": 88282.97, "Plan Rows": 1282311, "Plan Width": 4, "Plans": [{"Node Type": "Hash Join", "Parent Relationship": "Outer", "Join Type": "Inner", "Startup Cost": 24511.53, "Total Cost": 68424.21, "Plan Rows": 1282311, "Plan Width": 4, "Inner Unique": true, "Hash Cond": "(mc.company_id = cn.id), (LLVM Optimized)", "Plans": [{"Node Type": "Streaming(type: LOCAL REDISTRIBUTE dop: 16/16)", "Parent Relationship": "Outer", "Startup Cost": 0.0, "Total Cost": 42499.73, "Plan Rows": 2609128, "Plan Width": 8, "Plans": [{"Node Type": "Seq Scan", "Parent Relationship": "Outer", "Relation Name": "movie_companies", "Alias": "mc", "Startup Cost": 0.0, "Total Cost": 17613.58, "Plan Rows": 2609128, "Plan Width": 8}]}, {"Node Type": "Hash", "Parent Relationship": "Inner", "Startup Cost": 24444.99, "Total Cost": 24444.99, "Plan Rows": 85170, "Plan Width": 4, "Plans": [{"Node Type": "Streaming(type: LOCAL REDISTRIBUTE dop: 16/1)", "Parent Relationship": "Outer", "Startup Cost": 0.0, "Total Cost": 24444.99, "Plan Rows": 85170, "Plan Width": 4, "Plans": [{"Node Type": "Seq Scan", "Parent Relationship": "Outer", "Relation Name": "company_name", "Alias": "cn", "Startup Cost": 0.0, "Total Cost": 5903.45, "Plan Rows": 85170, "Plan Width": 4, "Filter": "((country_code)::text = '[us]'::text)"}]}]}]}]}]}]}]}, {"Node Type": "Hash", "Parent Relationship": "Inner", "Startup Cost": 34659.52, "Total Cost": 34659.52, "Plan Rows": 901342, "Plan Width": 20, "Plans": [{"Node Type": "Streaming(type: LOCAL REDISTRIBUTE dop: 16/16)", "Parent Relationship": "Outer", "Startup Cost": 0.0, "Total Cost": 34659.52, "Plan Rows": 901342, "Plan Width": 20, "Plans": [{"Node Type": "Seq Scan", "Parent Relationship": "Outer", "Relation Name": "aka_name", "Alias": "a1", "Startup Cost": 0.0, "Total Cost": 16244.28, "Plan Rows": 901342, "Plan Width": 20}]}]}]}]}, {"Node Type": "Hash", "Parent Relationship": "Inner", "Startup Cost": 43334.25, "Total Cost": 43334.25, "Plan Rows": 2528311, "Plan Width": 21, "Plans": [{"Node Type": "Streaming(type: LOCAL REDISTRIBUTE dop: 16/16)", "Parent Relationship": "Outer", "Startup Cost": 0.0, "Total Cost": 43334.25, "Plan Rows": 2528311, "Plan Width": 21, "Plans": [{"Node Type": "Seq Scan", "Parent Relationship": "Outer", "Relation Name": "title", "Alias": "t", "Startup Cost": 0.0, "Total Cost": 18754.32, "Plan Rows": 2528311, "Plan Width": 21}]}]}]}]}, {"Node Type": "Hash", "Parent Relationship": "Inner", "Startup Cost": 51607.87, "Total Cost": 51607.87, "Plan Rows": 4167490, "Plan Width": 4, "Plans": [{"Node Type": "Streaming(type: LOCAL REDISTRIBUTE dop: 16/16)", "Parent Relationship": "Outer", "Startup Cost": 0.0, "Total Cost": 51607.87, "Plan Rows": 4167490, "Plan Width": 4, "Plans": [{"Node Type": "Seq Scan", "Parent Relationship": "Outer", "Relation Name": "name", "Alias": "n1", "Startup Cost": 0.0, "Total Cost": 20816.99, "Plan Rows": 4167490, "Plan Width": 4}]}]}]}]}]}]}, "Unique SQL Id": 2457761703, "Planner Runtime": 196}, "explain_analyze_plan": {"Plan": {"Node Type": "Aggregate", "Strategy": "Plain", "Startup Cost": 287566.27, "Total Cost": 287566.3, "Plan Rows": 1, "Plan Width": 97, "Actual Min Startup Time": 2807.394, "Actual Max Startup Time": 2807.394, "Actual Min Total Time": 2807.394, "Actual Max Total Time": 2807.394, "Plans": [{"Node Type": "Streaming(type: LOCAL GATHER dop: 1/16)", "Parent Relationship": "Outer", "Startup Cost": 287566.27, "Total Cost": 287566.3, "Plan Rows": 1, "Plan Width": 97, "Actual Min Startup Time": 2805.812, "Actual Max Startup Time": 2805.812, "Actual Min Total Time": 2807.366, "Actual Max Total Time": 2807.366, "Plans": [{"Node Type": "Aggregate", "Strategy": "Plain", "Parent Relationship": "Outer", "Startup Cost": 287566.27, "Total Cost": 287566.28, "Plan Rows": 1, "Plan Width": 97, "Actual Min Startup Time": 2410.309, "Actual Max Startup Time": 2537.515, "Actual Min Total Time": 2410.309, "Actual Max Total Time": 2537.515, "Plans": [{"Node Type": "Hash Join", "Parent Relationship": "Outer", "Join Type": "Inner", "Startup Cost": 142621.96, "Total Cost": 285780.78, "Plan Rows": 357098, "Plan Width": 33, "Actual Min Startup Time": 682.796, "Actual Max Startup Time": 809.411, "Actual Min Total Time": 2287.798, "Actual Max Total Time": 2474.84, "Inner Unique": true, "Hash Cond": "(a1.person_id = n1.id), (LLVM Optimized, Jit Execute)", "Plans": [{"Node Type": "Streaming(type: LOCAL REDISTRIBUTE dop: 16/16)", "Parent Relationship": "Outer", "Startup Cost": 126464.14, "Total Cost": 269316.07, "Plan Rows": 357098, "Plan Width": 41, "Actual Min Startup Time": 104.514, "Actual Max Startup Time": 134.767, "Actual Min Total Time": 1604.955, "Actual Max Total Time": 1724.615, "Plans": [{"Node Type": "Hash Join", "Parent Relationship": "Outer", "Join Type": "Inner", "Startup Cost": 126464.14, "Total Cost": 252963.01, "Plan Rows": 357098, "Plan Width": 41, "Actual Min Startup Time": 684.369, "Actual Max Startup Time": 863.954, "Actual Min Total Time": 2250.417, "Actual Max Total Time": 2462.715, "Inner Unique": true, "Hash Cond": "(ci.movie_id = t.id), (LLVM Optimized, Jit Execute)", "Plans": [{"Node Type": "Streaming(type: LOCAL REDISTRIBUTE dop: 16/16)", "Parent Relationship": "Outer", "Startup Cost": 113655.34, "Total Cost": 239847.25, "Plan Rows": 357379, "Plan Width": 32, "Actual Min Startup Time": 317.069, "Actual Max Startup Time": 322.995, "Actual Min Total Time": 1801.077, "Actual Max Total Time": 1863.509, "Plans": [{"Node Type": "Hash Join", "Parent Relationship": "Outer", "Join Type": "Inner", "Startup Cost": 113655.34, "Total Cost": 223493.12, "Plan Rows": 357379, "Plan Width": 32, "Actual Min Startup Time": 676.499, "Actual Max Startup Time": 926.544, "Actual Min Total Time": 1889.984, "Actual Max Total Time": 2339.531, "Inner Unique": false, "Hash Cond": "(ci.person_id = a1.person_id), (LLVM Optimized, Jit Execute)", "Plans": [{"Node Type": "Streaming(type: LOCAL REDISTRIBUTE dop: 16/16)", "Parent Relationship": "Outer", "Startup Cost": 104286.28, "Total Cost": 212931.86, "Plan Rows": 711018, "Plan Width": 12, "Actual Min Startup Time": 544.363, "Actual Max Startup Time": 557.858, "Actual Min Total Time": 1635.928, "Actual Max Total Time": 1965.859, "Plans": [{"Node Type": "Hash Join", "Parent Relationship": "Outer", "Join Type": "Inner", "Startup Cost": 104286.28, "Total Cost": 195237.77, "Plan Rows": 711018, "Plan Width": 12, "Actual Min Startup Time": 676.505, "Actual Max Startup Time": 873.864, "Actual Min Total Time": 1726.934, "Actual Max Total Time": 1983.436, "Inner Unique": false, "Hash Cond": "(ci.movie_id = mc.movie_id), (LLVM Optimized, Jit Execute)", "Plans": [{"Node Type": "Streaming(type: LOCAL REDISTRIBUTE dop: 16/16)", "Parent Relationship": "Outer", "Startup Cost": 15001.51, "Total Cost": 102848.74, "Plan Rows": 3296318, "Plan Width": 8, "Actual Min Startup Time": 0.059, "Actual Max Startup Time": 0.35, "Actual Min Total Time": 960.325, "Actual Max Total Time": 1125.807, "Plans": [{"Node Type": "Hash Join", "Parent Relationship": "Outer", "Join Type": "Inner", "Startup Cost": 15001.51, "Total Cost": 75358.79, "Plan Rows": 3296318, "Plan Width": 8, "Actual Min Startup Time": 618.945, "Actual Max Startup Time": 658.044, "Actual Min Total Time": 973.958, "Actual Max Total Time": 1016.065, "Inner Unique": true, "Hash Cond": "(ci.role_id = rt.id), (LLVM Optimized, Jit Execute)", "Plans": [{"Node Type": "Seq Scan", "Parent Relationship": "Outer", "Relation Name": "cast_info", "Alias": "ci", "Startup Cost": 0.0, "Total Cost": 52617.37, "Plan Rows": 36259494, "Plan Width": 12, "Actual Min Startup Time": 0.027, "Actual Max Startup Time": 0.044, "Actual Min Total Time": 516.927, "Actual Max Total Time": 557.048, "Actual Rows": 36244343}, {"Node Type": "Hash", "Parent Relationship": "Inner", "Startup Cost": 15001.5, "Total Cost": 15001.5, "Plan Rows": 16, "Plan Width": 4, "Actual Min Startup Time": 0.012, "Actual Max Startup Time": 23.82, "Actual Min Total Time": 0.012, "Actual Max Total Time": 23.82, "Max Hash Buckets": 32768, "Min Hash Buckets": 32768, "Max Hash Batches": 1, "Min Hash Batches": 1, "Max Original Hash Batches": 1, "Min Original Hash Batches": 1, "Max Peak Memory Usage": 1, "min Peak Memory Usage": 1, "Plans": [{"Node Type": "Streaming(type: BROADCAST dop: 16/1)", "Parent Relationship": "Outer", "Startup Cost": 0.0, "Total Cost": 15001.5, "Plan Rows": 16, "Plan Width": 4, "Actual Min Startup Time": 0.003, "Actual Max Startup Time": 23.79, "Actual Min Total Time": 0.004, "Actual Max Total Time": 23.792, "Plans": [{"Node Type": "Seq Scan", "Parent Relationship": "Outer", "Relation Name": "role_type", "Alias": "rt", "Startup Cost": 0.0, "Total Cost": 1.15, "Plan Rows": 1, "Plan Width": 4, "Actual Min Startup Time": 0.032, "Actual Max Startup Time": 0.032, "Actual Min Total Time": 0.036, "Actual Max Total Time": 0.036, "Filter": "((role)::text = 'writer'::text)", "Rows Removed by Filter": 11, "Actual Rows": 1}], "Actual Rows": 16}], "Actual Rows": 16}], "Actual Rows": 2728943}], "Actual Rows": 2728943}, {"Node Type": "Hash", "Parent Relationship": "Inner", "Startup Cost": 88282.97, "Total Cost": 88282.97, "Plan Rows": 1282311, "Plan Width": 4, "Actual Min Startup Time": 676.313, "Actual Max Startup Time": 873.534, "Actual Min Total Time": 676.313, "Actual Max Total Time": 873.534, "Max Hash Buckets": 131072, "Min Hash Buckets": 131072, "Max Hash Batches": 1, "Min Hash Batches": 1, "Max Original Hash Batches": 1, "Min Original Hash Batches": 1, "Max Peak Memory Usage": 2542, "min Peak Memory Usage": 2542, "Plans": [{"Node Type": "Streaming(type: LOCAL REDISTRIBUTE dop: 16/16)", "Parent Relationship": "Outer", "Startup Cost": 24511.53, "Total Cost": 88282.97, "Plan Rows": 1282311, "Plan Width": 4, "Actual Min Startup Time": 194.948, "Actual Max Startup Time": 392.152, "Actual Min Total Time": 652.521, "Actual Max Total Time": 846.259, "Plans": [{"Node Type": "Hash Join", "Parent Relationship": "Outer", "Join Type": "Inner", "Startup Cost": 24511.53, "Total Cost": 68424.21, "Plan Rows": 1282311, "Plan Width": 4, "Actual Min Startup Time": 193.447, "Actual Max Startup Time": 460.105, "Actual Min Total Time": 545.948, "Actual Max Total Time": 855.575, "Inner Unique": true, "Hash Cond": "(mc.company_id = cn.id), (LLVM Optimized, Jit Execute)", "Plans": [{"Node Type": "Streaming(type: LOCAL REDISTRIBUTE dop: 16/16)", "Parent Relationship": "Outer", "Startup Cost": 0.0, "Total Cost": 42499.73, "Plan Rows": 2609128, "Plan Width": 8, "Actual Min Startup Time": 0.064, "Actual Max Startup Time": 1.902, "Actual Min Total Time": 262.091, "Actual Max Total Time": 376.152, "Plans": [{"Node Type": "Seq Scan", "Parent Relationship": "Outer", "Relation Name": "movie_companies", "Alias": "mc", "Startup Cost": 0.0, "Total Cost": 17613.58, "Plan Rows": 2609128, "Plan Width": 8, "Actual Min Startup Time": 0.027, "Actual Max Startup Time": 0.063, "Actual Min Total Time": 42.353, "Actual Max Total Time": 50.636, "Actual Rows": 2609128}], "Actual Rows": 2609128}, {"Node Type": "Hash", "Parent Relationship": "Inner", "Startup Cost": 24444.99, "Total Cost": 24444.99, "Plan Rows": 85170, "Plan Width": 4, "Actual Min Startup Time": 193.304, "Actual Max Startup Time": 459.356, "Actual Min Total Time": 193.304, "Actual Max Total Time": 459.356, "Max Hash Buckets": 32768, "Min Hash Buckets": 32768, "Max Hash Batches": 1, "Min Hash Batches": 1, "Max Original Hash Batches": 1, "Min Original Hash Batches": 1, "Max Peak Memory Usage": 182, "min Peak Memory Usage": 182, "Plans": [{"Node Type": "Streaming(type: LOCAL REDISTRIBUTE dop: 16/1)", "Parent Relationship": "Outer", "Startup Cost": 0.0, "Total Cost": 24444.99, "Plan Rows": 85170, "Plan Width": 4, "Actual Min Startup Time": 0.041, "Actual Max Startup Time": 266.767, "Actual Min Total Time": 191.764, "Actual Max Total Time": 457.92, "Plans": [{"Node Type": "Seq Scan", "Parent Relationship": "Outer", "Relation Name": "company_name", "Alias": "cn", "Startup Cost": 0.0, "Total Cost": 5903.45, "Plan Rows": 85170, "Plan Width": 4, "Actual Min Startup Time": 0.053, "Actual Max Startup Time": 0.053, "Actual Min Total Time": 97.001, "Actual Max Total Time": 97.001, "Filter": "((country_code)::text = '[us]'::text)", "Rows Removed by Filter": 150153, "Actual Rows": 84843}], "Actual Rows": 84843}], "Actual Rows": 84843}], "Actual Rows": 1153797}], "Actual Rows": 1153797}], "Actual Rows": 1153797}], "Actual Rows": 1970658}], "Actual Rows": 1970658}, {"Node Type": "Hash", "Parent Relationship": "Inner", "Startup Cost": 34659.52, "Total Cost": 34659.52, "Plan Rows": 901342, "Plan Width": 20, "Actual Min Startup Time": 130.612, "Actual Max Startup Time": 381.22, "Actual Min Total Time": 130.612, "Actual Max Total Time": 381.22, "Max Hash Buckets": 65536, "Min Hash Buckets": 65536, "Max Hash Batches": 1, "Min Hash Batches": 1, "Max Original Hash Batches": 1, "Min Original Hash Batches": 1, "Max Peak Memory Usage": 2981, "min Peak Memory Usage": 2981, "Plans": [{"Node Type": "Streaming(type: LOCAL REDISTRIBUTE dop: 16/16)", "Parent Relationship": "Outer", "Startup Cost": 0.0, "Total Cost": 34659.52, "Plan Rows": 901342, "Plan Width": 20, "Actual Min Startup Time": 0.052, "Actual Max Startup Time": 67.059, "Actual Min Total Time": 109.562, "Actual Max Total Time": 360.696, "Plans": [{"Node Type": "Seq Scan", "Parent Relationship": "Outer", "Relation Name": "aka_name", "Alias": "a1", "Startup Cost": 0.0, "Total Cost": 16244.28, "Plan Rows": 901342, "Plan Width": 20, "Actual Min Startup Time": 0.019, "Actual Max Startup Time": 0.042, "Actual Min Total Time": 15.933, "Actual Max Total Time": 20.502, "Actual Rows": 901342}], "Actual Rows": 901342}], "Actual Rows": 901342}], "Actual Rows": 2487611}], "Actual Rows": 2487611}, {"Node Type": "Hash", "Parent Relationship": "Inner", "Startup Cost": 43334.25, "Total Cost": 43334.25, "Plan Rows": 2528311, "Plan Width": 21, "Actual Min Startup Time": 365.618, "Actual Max Startup Time": 543.574, "Actual Min Total Time": 365.618, "Actual Max Total Time": 543.574, "Max Hash Buckets": 262144, "Min Hash Buckets": 262144, "Max Hash Batches": 1, "Min Hash Batches": 1, "Max Original Hash Batches": 1, "Min Original Hash Batches": 1, "Max Peak Memory Usage": 8518, "min Peak Memory Usage": 8518, "Plans": [{"Node Type": "Streaming(type: LOCAL REDISTRIBUTE dop: 16/16)", "Parent Relationship": "Outer", "Startup Cost": 0.0, "Total Cost": 43334.25, "Plan Rows": 2528311, "Plan Width": 21, "Actual Min Startup Time": 0.063, "Actual Max Startup Time": 18.287, "Actual Min Total Time": 289.389, "Actual Max Total Time": 470.899, "Plans": [{"Node Type": "Seq Scan", "Parent Relationship": "Outer", "Relation Name": "title", "Alias": "t", "Startup Cost": 0.0, "Total Cost": 18754.32, "Plan Rows": 2528311, "Plan Width": 21, "Actual Min Startup Time": 0.017, "Actual Max Startup Time": 0.037, "Actual Min Total Time": 47.834, "Actual Max Total Time": 58.11, "Actual Rows": 2528311}], "Actual Rows": 2528311}], "Actual Rows": 2528311}], "Actual Rows": 2487611}], "Actual Rows": 2487611}, {"Node Type": "Hash", "Parent Relationship": "Inner", "Startup Cost": 51607.87, "Total Cost": 51607.87, "Plan Rows": 4167490, "Plan Width": 4, "Actual Min Startup Time": 573.363, "Actual Max Startup Time": 700.351, "Actual Min Total Time": 573.363, "Actual Max Total Time": 700.351, "Max Hash Buckets": 262144, "Min Hash Buckets": 262144, "Max Hash Batches": 1, "Min Hash Batches": 1, "Max Original Hash Batches": 1, "Min Original Hash Batches": 1, "Max Peak Memory Usage": 9174, "min Peak Memory Usage": 9174, "Plans": [{"Node Type": "Streaming(type: LOCAL REDISTRIBUTE dop: 16/16)", "Parent Relationship": "Outer", "Startup Cost": 0.0, "Total Cost": 51607.87, "Plan Rows": 4167490, "Plan Width": 4, "Actual Min Startup Time": 0.053, "Actual Max Startup Time": 0.099, "Actual Min Total Time": 470.118, "Actual Max Total Time": 593.068, "Plans": [{"Node Type": "Seq Scan", "Parent Relationship": "Outer", "Relation Name": "name", "Alias": "n1", "Startup Cost": 0.0, "Total Cost": 20816.99, "Plan Rows": 4167490, "Plan Width": 4, "Actual Min Startup Time": 0.017, "Actual Max Startup Time": 0.04, "Actual Min Total Time": 75.276, "Actual Max Total Time": 87.952, "Actual Rows": 4167490}], "Actual Rows": 4167490}], "Actual Rows": 4167490}], "Actual Rows": 2487611}], "Actual Rows": 16}], "Actual Rows": 16}], "Actual Rows": 1}, "Triggers": [], "Planner Runtime": 253, "Total Runtime": 2852.697, "Unique SQL Id": 2457761703}}, "(16, 3)": {"explain_plan": {"Plan": {"Node Type": "Aggregate", "Strategy": "Plain", "Startup Cost": 1013578.73, "Total Cost": 1013578.74, "Plan Rows": 1, "Plan Width": 97, "Plans": [{"Node Type": "Hash Join", "Parent Relationship": "Outer", "Join Type": "Inner", "Startup Cost": 985285.55, "Total Cost": 1011793.24, "Plan Rows": 357098, "Plan Width": 33, "Inner Unique": false, "Hash Cond": "(a1.person_id = n1.id), (LLVM Optimized)", "Plans": [{"Node Type": "Bitmap Heap Scan", "Parent Relationship": "Outer", "Relation Name": "aka_name", "Alias": "a1", "Startup Cost": 16632.3, "Total Cost": 36540.72, "Plan Rows": 901342, "Plan Width": 20, "Plans": [{"Node Type": "Bitmap Index Scan", "Parent Relationship": "Outer", "Index Name": "person_id_aka_name", "Startup Cost": 0.0, "Total Cost": 16406.96, "Plan Rows": 901342, "Plan Width": 0}]}, {"Node Type": "Hash", "Parent Relationship": "Inner", "Startup Cost": 959772.51, "Total Cost": 959772.51, "Plan Rows": 710459, "Plan Width": 25, "Plans": [{"Node Type": "Hash Join", "Parent Relationship": "Outer", "Join Type": "Inner", "Startup Cost": 607483.06, "Total Cost": 959772.51, "Plan Rows": 710459, "Plan Width": 25, "Inner Unique": true, "Hash Cond": "(ci.person_id = n1.id), (LLVM Optimized)", "Plans": [{"Node Type": "Hash Join", "Parent Relationship": "Outer", "Join Type": "Inner", "Startup Cost": 378117.96, "Total Cost": 720638.61, "Plan Rows": 710459, "Plan Width": 21, "Inner Unique": false, "Hash Cond": "(ci.movie_id = t.id), (LLVM Optimized)", "Plans": [{"Node Type": "Nested Loop", "Parent Relationship": "Outer", "Join Type": "Inner", "Startup Cost": 76315.02, "Total Cost": 389769.33, "Plan Rows": 3296318, "Plan Width": 8, "Inner Unique": false, "Plans": [{"Node Type": "Bitmap Heap Scan", "Parent Relationship": "Outer", "Relation Name": "role_type", "Alias": "rt", "Startup Cost": 8.31, "Total Cost": 12.46, "Plan Rows": 1, "Plan Width": 4, "Filter": "((role)::text = 'writer'::text)", "Plans": [{"Node Type": "Bitmap Index Scan", "Parent Relationship": "Outer", "Index Name": "role_type_pkey", "Startup Cost": 0.0, "Total Cost": 8.31, "Plan Rows": 12, "Plan Width": 0}]}, {"Node Type": "Bitmap Heap Scan", "Parent Relationship": "Inner", "Relation Name": "cast_info", "Alias": "ci", "Startup Cost": 76306.71, "Total Cost": 356793.69, "Plan Rows": 3296318, "Plan Width": 12, "Recheck Cond": "(role_id = rt.id), (LLVM Optimized)", "Plans": [{"Node Type": "Bitmap Index Scan", "Parent Relationship": "Outer", "Index Name": "role_id_cast_info", "Startup Cost": 0.0, "Total Cost": 75482.63, "Plan Rows": 3296318, "Plan Width": 0, "Index Cond": "(role_id = rt.id)"}]}]}, {"Node Type": "Hash", "Parent Relationship": "Inner", "Startup Cost": 285774.05, "Total Cost": 285774.05, "Plan Rows": 1282311, "Plan Width": 25, "Plans": [{"Node Type": "Hash Join", "Parent Relationship": "Outer", "Join Type": "Inner", "Startup Cost": 203717.65, "Total Cost": 285774.05, "Plan Rows": 1282311, "Plan Width": 25, "Inner Unique": true, "Hash Cond": "(mc.movie_id = t.id), (LLVM Optimized)", "Plans": [{"Node Type": "Hash Join", "Parent Relationship": "Outer", "Join Type": "Inner", "Startup Cost": 61758.77, "Total Cost": 126183.39, "Plan Rows": 1282311, "Plan Width": 4, "Inner Unique": true, "Hash Cond": "(mc.company_id = cn.id), (LLVM Optimized)", "Plans": [{"Node Type": "Bitmap Heap Scan", "Parent Relationship": "Outer", "Relation Name": "movie_companies", "Alias": "mc", "Startup Cost": 51990.17, "Total Cost": 93807.45, "Plan Rows": 2609128, "Plan Width": 8, "Plans": [{"Node Type": "Bitmap Index Scan", "Parent Relationship": "Outer", "Index Name": "movie_id_movie_companies", "Startup Cost": 0.0, "Total Cost": 51337.89, "Plan Rows": 2609128, "Plan Width": 0}]}, {"Node Type": "Hash", "Parent Relationship": "Inner", "Startup Cost": 8703.97, "Total Cost": 8703.97, "Plan Rows": 85170, "Plan Width": 4, "Plans": [{"Node Type": "Bitmap Heap Scan", "Parent Relationship": "Outer", "Relation Name": "company_name", "Alias": "cn", "Startup Cost": 2800.52, "Total Cost": 8703.97, "Plan Rows": 85170, "Plan Width": 4, "Filter": "((country_code)::text = '[us]'::text)", "Plans": [{"Node Type": "Bitmap Index Scan", "Parent Relationship": "Outer", "Index Name": "company_name_pkey", "Startup Cost": 0.0, "Total Cost": 2779.23, "Plan Rows": 234996, "Plan Width": 0}]}]}]}, {"Node Type": "Hash", "Parent Relationship": "Inner", "Startup Cost": 110354.99, "Total Cost": 110354.99, "Plan Rows": 2528311, "Plan Width": 21, "Plans": [{"Node Type": "Bitmap Heap Scan", "Parent Relationship": "Outer", "Relation Name": "title", "Alias": "t", "Startup Cost": 50285.88, "Total Cost": 110354.99, "Plan Rows": 2528311, "Plan Width": 21, "Plans": [{"Node Type": "Bitmap Index Scan", "Parent Relationship": "Outer", "Index Name": "title_pkey", "Startup Cost": 0.0, "Total Cost": 49653.81, "Plan Rows": 2528311, "Plan Width": 0}]}]}]}]}]}, {"Node Type": "Hash", "Parent Relationship": "Inner", "Startup Cost": 177271.47, "Total Cost": 177271.47, "Plan Rows": 4167490, "Plan Width": 4, "Plans": [{"Node Type": "Bitmap Heap Scan", "Parent Relationship": "Outer", "Relation Name": "name", "Alias": "n1", "Startup Cost": 84199.57, "Total Cost": 177271.47, "Plan Rows": 4167490, "Plan Width": 4, "Plans": [{"Node Type": "Bitmap Index Scan", "Parent Relationship": "Outer", "Index Name": "name_pkey", "Startup Cost": 0.0, "Total Cost": 83157.7, "Plan Rows": 4167490, "Plan Width": 0}]}]}]}]}]}]}, "Unique SQL Id": 2457761703, "Planner Runtime": 73}, "explain_analyze_plan": null}, "(16, 4)": {"explain_plan": {"Plan": {"Node Type": "Aggregate", "Strategy": "Plain", "Startup Cost": 287566.27, "Total Cost": 287566.3, "Plan Rows": 1, "Plan Width": 97, "Plans": [{"Node Type": "Streaming(type: LOCAL GATHER dop: 1/16)", "Parent Relationship": "Outer", "Startup Cost": 287566.27, "Total Cost": 287566.3, "Plan Rows": 1, "Plan Width": 97, "Plans": [{"Node Type": "Aggregate", "Strategy": "Plain", "Parent Relationship": "Outer", "Startup Cost": 287566.27, "Total Cost": 287566.28, "Plan Rows": 1, "Plan Width": 97, "Plans": [{"Node Type": "Hash Join", "Parent Relationship": "Outer", "Join Type": "Inner", "Startup Cost": 142621.96, "Total Cost": 285780.78, "Plan Rows": 357098, "Plan Width": 33, "Inner Unique": true, "Hash Cond": "(a1.person_id = n1.id), (LLVM Optimized)", "Plans": [{"Node Type": "Streaming(type: LOCAL REDISTRIBUTE dop: 16/16)", "Parent Relationship": "Outer", "Startup Cost": 126464.14, "Total Cost": 269316.07, "Plan Rows": 357098, "Plan Width": 41, "Plans": [{"Node Type": "Hash Join", "Parent Relationship": "Outer", "Join Type": "Inner", "Startup Cost": 126464.14, "Total Cost": 252963.01, "Plan Rows": 357098, "Plan Width": 41, "Inner Unique": true, "Hash Cond": "(ci.movie_id = t.id), (LLVM Optimized)", "Plans": [{"Node Type": "Streaming(type: LOCAL REDISTRIBUTE dop: 16/16)", "Parent Relationship": "Outer", "Startup Cost": 113655.34, "Total Cost": 239847.25, "Plan Rows": 357379, "Plan Width": 32, "Plans": [{"Node Type": "Hash Join", "Parent Relationship": "Outer", "Join Type": "Inner", "Startup Cost": 113655.34, "Total Cost": 223493.12, "Plan Rows": 357379, "Plan Width": 32, "Inner Unique": false, "Hash Cond": "(ci.person_id = a1.person_id), (LLVM Optimized)", "Plans": [{"Node Type": "Streaming(type: LOCAL REDISTRIBUTE dop: 16/16)", "Parent Relationship": "Outer", "Startup Cost": 104286.28, "Total Cost": 212931.86, "Plan Rows": 711018, "Plan Width": 12, "Plans": [{"Node Type": "Hash Join", "Parent Relationship": "Outer", "Join Type": "Inner", "Startup Cost": 104286.28, "Total Cost": 195237.77, "Plan Rows": 711018, "Plan Width": 12, "Inner Unique": false, "Hash Cond": "(ci.movie_id = mc.movie_id), (LLVM Optimized)", "Plans": [{"Node Type": "Streaming(type: LOCAL REDISTRIBUTE dop: 16/16)", "Parent Relationship": "Outer", "Startup Cost": 15001.51, "Total Cost": 102848.74, "Plan Rows": 3296318, "Plan Width": 8, "Plans": [{"Node Type": "Hash Join", "Parent Relationship": "Outer", "Join Type": "Inner", "Startup Cost": 15001.51, "Total Cost": 75358.79, "Plan Rows": 3296318, "Plan Width": 8, "Inner Unique": true, "Hash Cond": "(ci.role_id = rt.id), (LLVM Optimized)", "Plans": [{"Node Type": "Seq Scan", "Parent Relationship": "Outer", "Relation Name": "cast_info", "Alias": "ci", "Startup Cost": 0.0, "Total Cost": 52617.37, "Plan Rows": 36259494, "Plan Width": 12}, {"Node Type": "Hash", "Parent Relationship": "Inner", "Startup Cost": 15001.5, "Total Cost": 15001.5, "Plan Rows": 16, "Plan Width": 4, "Plans": [{"Node Type": "Streaming(type: BROADCAST dop: 16/1)", "Parent Relationship": "Outer", "Startup Cost": 0.0, "Total Cost": 15001.5, "Plan Rows": 16, "Plan Width": 4, "Plans": [{"Node Type": "Seq Scan", "Parent Relationship": "Outer", "Relation Name": "role_type", "Alias": "rt", "Startup Cost": 0.0, "Total Cost": 1.15, "Plan Rows": 1, "Plan Width": 4, "Filter": "((role)::text = 'writer'::text)"}]}]}]}]}, {"Node Type": "Hash", "Parent Relationship": "Inner", "Startup Cost": 88282.97, "Total Cost": 88282.97, "Plan Rows": 1282311, "Plan Width": 4, "Plans": [{"Node Type": "Streaming(type: LOCAL REDISTRIBUTE dop: 16/16)", "Parent Relationship": "Outer", "Startup Cost": 24511.53, "Total Cost": 88282.97, "Plan Rows": 1282311, "Plan Width": 4, "Plans": [{"Node Type": "Hash Join", "Parent Relationship": "Outer", "Join Type": "Inner", "Startup Cost": 24511.53, "Total Cost": 68424.21, "Plan Rows": 1282311, "Plan Width": 4, "Inner Unique": true, "Hash Cond": "(mc.company_id = cn.id), (LLVM Optimized)", "Plans": [{"Node Type": "Streaming(type: LOCAL REDISTRIBUTE dop: 16/16)", "Parent Relationship": "Outer", "Startup Cost": 0.0, "Total Cost": 42499.73, "Plan Rows": 2609128, "Plan Width": 8, "Plans": [{"Node Type": "Seq Scan", "Parent Relationship": "Outer", "Relation Name": "movie_companies", "Alias": "mc", "Startup Cost": 0.0, "Total Cost": 17613.58, "Plan Rows": 2609128, "Plan Width": 8}]}, {"Node Type": "Hash", "Parent Relationship": "Inner", "Startup Cost": 24444.99, "Total Cost": 24444.99, "Plan Rows": 85170, "Plan Width": 4, "Plans": [{"Node Type": "Streaming(type: LOCAL REDISTRIBUTE dop: 16/1)", "Parent Relationship": "Outer", "Startup Cost": 0.0, "Total Cost": 24444.99, "Plan Rows": 85170, "Plan Width": 4, "Plans": [{"Node Type": "Seq Scan", "Parent Relationship": "Outer", "Relation Name": "company_name", "Alias": "cn", "Startup Cost": 0.0, "Total Cost": 5903.45, "Plan Rows": 85170, "Plan Width": 4, "Filter": "((country_code)::text = '[us]'::text)"}]}]}]}]}]}]}]}, {"Node Type": "Hash", "Parent Relationship": "Inner", "Startup Cost": 34659.52, "Total Cost": 34659.52, "Plan Rows": 901342, "Plan Width": 20, "Plans": [{"Node Type": "Streaming(type: LOCAL REDISTRIBUTE dop: 16/16)", "Parent Relationship": "Outer", "Startup Cost": 0.0, "Total Cost": 34659.52, "Plan Rows": 901342, "Plan Width": 20, "Plans": [{"Node Type": "Seq Scan", "Parent Relationship": "Outer", "Relation Name": "aka_name", "Alias": "a1", "Startup Cost": 0.0, "Total Cost": 16244.28, "Plan Rows": 901342, "Plan Width": 20}]}]}]}]}, {"Node Type": "Hash", "Parent Relationship": "Inner", "Startup Cost": 43334.25, "Total Cost": 43334.25, "Plan Rows": 2528311, "Plan Width": 21, "Plans": [{"Node Type": "Streaming(type: LOCAL REDISTRIBUTE dop: 16/16)", "Parent Relationship": "Outer", "Startup Cost": 0.0, "Total Cost": 43334.25, "Plan Rows": 2528311, "Plan Width": 21, "Plans": [{"Node Type": "Seq Scan", "Parent Relationship": "Outer", "Relation Name": "title", "Alias": "t", "Startup Cost": 0.0, "Total Cost": 18754.32, "Plan Rows": 2528311, "Plan Width": 21}]}]}]}]}, {"Node Type": "Hash", "Parent Relationship": "Inner", "Startup Cost": 51607.87, "Total Cost": 51607.87, "Plan Rows": 4167490, "Plan Width": 4, "Plans": [{"Node Type": "Streaming(type: LOCAL REDISTRIBUTE dop: 16/16)", "Parent Relationship": "Outer", "Startup Cost": 0.0, "Total Cost": 51607.87, "Plan Rows": 4167490, "Plan Width": 4, "Plans": [{"Node Type": "Seq Scan", "Parent Relationship": "Outer", "Relation Name": "name", "Alias": "n1", "Startup Cost": 0.0, "Total Cost": 20816.99, "Plan Rows": 4167490, "Plan Width": 4}]}]}]}]}]}]}, "Unique SQL Id": 2457761703, "Planner Runtime": 206}, "explain_analyze_plan": {"Plan": {"Node Type": "Aggregate", "Strategy": "Plain", "Startup Cost": 287566.27, "Total Cost": 287566.3, "Plan Rows": 1, "Plan Width": 97, "Actual Min Startup Time": 2807.394, "Actual Max Startup Time": 2807.394, "Actual Min Total Time": 2807.394, "Actual Max Total Time": 2807.394, "Plans": [{"Node Type": "Streaming(type: LOCAL GATHER dop: 1/16)", "Parent Relationship": "Outer", "Startup Cost": 287566.27, "Total Cost": 287566.3, "Plan Rows": 1, "Plan Width": 97, "Actual Min Startup Time": 2805.812, "Actual Max Startup Time": 2805.812, "Actual Min Total Time": 2807.366, "Actual Max Total Time": 2807.366, "Plans": [{"Node Type": "Aggregate", "Strategy": "Plain", "Parent Relationship": "Outer", "Startup Cost": 287566.27, "Total Cost": 287566.28, "Plan Rows": 1, "Plan Width": 97, "Actual Min Startup Time": 2410.309, "Actual Max Startup Time": 2537.515, "Actual Min Total Time": 2410.309, "Actual Max Total Time": 2537.515, "Plans": [{"Node Type": "Hash Join", "Parent Relationship": "Outer", "Join Type": "Inner", "Startup Cost": 142621.96, "Total Cost": 285780.78, "Plan Rows": 357098, "Plan Width": 33, "Actual Min Startup Time": 682.796, "Actual Max Startup Time": 809.411, "Actual Min Total Time": 2287.798, "Actual Max Total Time": 2474.84, "Inner Unique": true, "Hash Cond": "(a1.person_id = n1.id), (LLVM Optimized, Jit Execute)", "Plans": [{"Node Type": "Streaming(type: LOCAL REDISTRIBUTE dop: 16/16)", "Parent Relationship": "Outer", "Startup Cost": 126464.14, "Total Cost": 269316.07, "Plan Rows": 357098, "Plan Width": 41, "Actual Min Startup Time": 104.514, "Actual Max Startup Time": 134.767, "Actual Min Total Time": 1604.955, "Actual Max Total Time": 1724.615, "Plans": [{"Node Type": "Hash Join", "Parent Relationship": "Outer", "Join Type": "Inner", "Startup Cost": 126464.14, "Total Cost": 252963.01, "Plan Rows": 357098, "Plan Width": 41, "Actual Min Startup Time": 684.369, "Actual Max Startup Time": 863.954, "Actual Min Total Time": 2250.417, "Actual Max Total Time": 2462.715, "Inner Unique": true, "Hash Cond": "(ci.movie_id = t.id), (LLVM Optimized, Jit Execute)", "Plans": [{"Node Type": "Streaming(type: LOCAL REDISTRIBUTE dop: 16/16)", "Parent Relationship": "Outer", "Startup Cost": 113655.34, "Total Cost": 239847.25, "Plan Rows": 357379, "Plan Width": 32, "Actual Min Startup Time": 317.069, "Actual Max Startup Time": 322.995, "Actual Min Total Time": 1801.077, "Actual Max Total Time": 1863.509, "Plans": [{"Node Type": "Hash Join", "Parent Relationship": "Outer", "Join Type": "Inner", "Startup Cost": 113655.34, "Total Cost": 223493.12, "Plan Rows": 357379, "Plan Width": 32, "Actual Min Startup Time": 676.499, "Actual Max Startup Time": 926.544, "Actual Min Total Time": 1889.984, "Actual Max Total Time": 2339.531, "Inner Unique": false, "Hash Cond": "(ci.person_id = a1.person_id), (LLVM Optimized, Jit Execute)", "Plans": [{"Node Type": "Streaming(type: LOCAL REDISTRIBUTE dop: 16/16)", "Parent Relationship": "Outer", "Startup Cost": 104286.28, "Total Cost": 212931.86, "Plan Rows": 711018, "Plan Width": 12, "Actual Min Startup Time": 544.363, "Actual Max Startup Time": 557.858, "Actual Min Total Time": 1635.928, "Actual Max Total Time": 1965.859, "Plans": [{"Node Type": "Hash Join", "Parent Relationship": "Outer", "Join Type": "Inner", "Startup Cost": 104286.28, "Total Cost": 195237.77, "Plan Rows": 711018, "Plan Width": 12, "Actual Min Startup Time": 676.505, "Actual Max Startup Time": 873.864, "Actual Min Total Time": 1726.934, "Actual Max Total Time": 1983.436, "Inner Unique": false, "Hash Cond": "(ci.movie_id = mc.movie_id), (LLVM Optimized, Jit Execute)", "Plans": [{"Node Type": "Streaming(type: LOCAL REDISTRIBUTE dop: 16/16)", "Parent Relationship": "Outer", "Startup Cost": 15001.51, "Total Cost": 102848.74, "Plan Rows": 3296318, "Plan Width": 8, "Actual Min Startup Time": 0.059, "Actual Max Startup Time": 0.35, "Actual Min Total Time": 960.325, "Actual Max Total Time": 1125.807, "Plans": [{"Node Type": "Hash Join", "Parent Relationship": "Outer", "Join Type": "Inner", "Startup Cost": 15001.51, "Total Cost": 75358.79, "Plan Rows": 3296318, "Plan Width": 8, "Actual Min Startup Time": 618.945, "Actual Max Startup Time": 658.044, "Actual Min Total Time": 973.958, "Actual Max Total Time": 1016.065, "Inner Unique": true, "Hash Cond": "(ci.role_id = rt.id), (LLVM Optimized, Jit Execute)", "Plans": [{"Node Type": "Seq Scan", "Parent Relationship": "Outer", "Relation Name": "cast_info", "Alias": "ci", "Startup Cost": 0.0, "Total Cost": 52617.37, "Plan Rows": 36259494, "Plan Width": 12, "Actual Min Startup Time": 0.027, "Actual Max Startup Time": 0.044, "Actual Min Total Time": 516.927, "Actual Max Total Time": 557.048, "Actual Rows": 36244343}, {"Node Type": "Hash", "Parent Relationship": "Inner", "Startup Cost": 15001.5, "Total Cost": 15001.5, "Plan Rows": 16, "Plan Width": 4, "Actual Min Startup Time": 0.012, "Actual Max Startup Time": 23.82, "Actual Min Total Time": 0.012, "Actual Max Total Time": 23.82, "Max Hash Buckets": 32768, "Min Hash Buckets": 32768, "Max Hash Batches": 1, "Min Hash Batches": 1, "Max Original Hash Batches": 1, "Min Original Hash Batches": 1, "Max Peak Memory Usage": 1, "min Peak Memory Usage": 1, "Plans": [{"Node Type": "Streaming(type: BROADCAST dop: 16/1)", "Parent Relationship": "Outer", "Startup Cost": 0.0, "Total Cost": 15001.5, "Plan Rows": 16, "Plan Width": 4, "Actual Min Startup Time": 0.003, "Actual Max Startup Time": 23.79, "Actual Min Total Time": 0.004, "Actual Max Total Time": 23.792, "Plans": [{"Node Type": "Seq Scan", "Parent Relationship": "Outer", "Relation Name": "role_type", "Alias": "rt", "Startup Cost": 0.0, "Total Cost": 1.15, "Plan Rows": 1, "Plan Width": 4, "Actual Min Startup Time": 0.032, "Actual Max Startup Time": 0.032, "Actual Min Total Time": 0.036, "Actual Max Total Time": 0.036, "Filter": "((role)::text = 'writer'::text)", "Rows Removed by Filter": 11, "Actual Rows": 1}], "Actual Rows": 16}], "Actual Rows": 16}], "Actual Rows": 2728943}], "Actual Rows": 2728943}, {"Node Type": "Hash", "Parent Relationship": "Inner", "Startup Cost": 88282.97, "Total Cost": 88282.97, "Plan Rows": 1282311, "Plan Width": 4, "Actual Min Startup Time": 676.313, "Actual Max Startup Time": 873.534, "Actual Min Total Time": 676.313, "Actual Max Total Time": 873.534, "Max Hash Buckets": 131072, "Min Hash Buckets": 131072, "Max Hash Batches": 1, "Min Hash Batches": 1, "Max Original Hash Batches": 1, "Min Original Hash Batches": 1, "Max Peak Memory Usage": 2542, "min Peak Memory Usage": 2542, "Plans": [{"Node Type": "Streaming(type: LOCAL REDISTRIBUTE dop: 16/16)", "Parent Relationship": "Outer", "Startup Cost": 24511.53, "Total Cost": 88282.97, "Plan Rows": 1282311, "Plan Width": 4, "Actual Min Startup Time": 194.948, "Actual Max Startup Time": 392.152, "Actual Min Total Time": 652.521, "Actual Max Total Time": 846.259, "Plans": [{"Node Type": "Hash Join", "Parent Relationship": "Outer", "Join Type": "Inner", "Startup Cost": 24511.53, "Total Cost": 68424.21, "Plan Rows": 1282311, "Plan Width": 4, "Actual Min Startup Time": 193.447, "Actual Max Startup Time": 460.105, "Actual Min Total Time": 545.948, "Actual Max Total Time": 855.575, "Inner Unique": true, "Hash Cond": "(mc.company_id = cn.id), (LLVM Optimized, Jit Execute)", "Plans": [{"Node Type": "Streaming(type: LOCAL REDISTRIBUTE dop: 16/16)", "Parent Relationship": "Outer", "Startup Cost": 0.0, "Total Cost": 42499.73, "Plan Rows": 2609128, "Plan Width": 8, "Actual Min Startup Time": 0.064, "Actual Max Startup Time": 1.902, "Actual Min Total Time": 262.091, "Actual Max Total Time": 376.152, "Plans": [{"Node Type": "Seq Scan", "Parent Relationship": "Outer", "Relation Name": "movie_companies", "Alias": "mc", "Startup Cost": 0.0, "Total Cost": 17613.58, "Plan Rows": 2609128, "Plan Width": 8, "Actual Min Startup Time": 0.027, "Actual Max Startup Time": 0.063, "Actual Min Total Time": 42.353, "Actual Max Total Time": 50.636, "Actual Rows": 2609128}], "Actual Rows": 2609128}, {"Node Type": "Hash", "Parent Relationship": "Inner", "Startup Cost": 24444.99, "Total Cost": 24444.99, "Plan Rows": 85170, "Plan Width": 4, "Actual Min Startup Time": 193.304, "Actual Max Startup Time": 459.356, "Actual Min Total Time": 193.304, "Actual Max Total Time": 459.356, "Max Hash Buckets": 32768, "Min Hash Buckets": 32768, "Max Hash Batches": 1, "Min Hash Batches": 1, "Max Original Hash Batches": 1, "Min Original Hash Batches": 1, "Max Peak Memory Usage": 182, "min Peak Memory Usage": 182, "Plans": [{"Node Type": "Streaming(type: LOCAL REDISTRIBUTE dop: 16/1)", "Parent Relationship": "Outer", "Startup Cost": 0.0, "Total Cost": 24444.99, "Plan Rows": 85170, "Plan Width": 4, "Actual Min Startup Time": 0.041, "Actual Max Startup Time": 266.767, "Actual Min Total Time": 191.764, "Actual Max Total Time": 457.92, "Plans": [{"Node Type": "Seq Scan", "Parent Relationship": "Outer", "Relation Name": "company_name", "Alias": "cn", "Startup Cost": 0.0, "Total Cost": 5903.45, "Plan Rows": 85170, "Plan Width": 4, "Actual Min Startup Time": 0.053, "Actual Max Startup Time": 0.053, "Actual Min Total Time": 97.001, "Actual Max Total Time": 97.001, "Filter": "((country_code)::text = '[us]'::text)", "Rows Removed by Filter": 150153, "Actual Rows": 84843}], "Actual Rows": 84843}], "Actual Rows": 84843}], "Actual Rows": 1153797}], "Actual Rows": 1153797}], "Actual Rows": 1153797}], "Actual Rows": 1970658}], "Actual Rows": 1970658}, {"Node Type": "Hash", "Parent Relationship": "Inner", "Startup Cost": 34659.52, "Total Cost": 34659.52, "Plan Rows": 901342, "Plan Width": 20, "Actual Min Startup Time": 130.612, "Actual Max Startup Time": 381.22, "Actual Min Total Time": 130.612, "Actual Max Total Time": 381.22, "Max Hash Buckets": 65536, "Min Hash Buckets": 65536, "Max Hash Batches": 1, "Min Hash Batches": 1, "Max Original Hash Batches": 1, "Min Original Hash Batches": 1, "Max Peak Memory Usage": 2981, "min Peak Memory Usage": 2981, "Plans": [{"Node Type": "Streaming(type: LOCAL REDISTRIBUTE dop: 16/16)", "Parent Relationship": "Outer", "Startup Cost": 0.0, "Total Cost": 34659.52, "Plan Rows": 901342, "Plan Width": 20, "Actual Min Startup Time": 0.052, "Actual Max Startup Time": 67.059, "Actual Min Total Time": 109.562, "Actual Max Total Time": 360.696, "Plans": [{"Node Type": "Seq Scan", "Parent Relationship": "Outer", "Relation Name": "aka_name", "Alias": "a1", "Startup Cost": 0.0, "Total Cost": 16244.28, "Plan Rows": 901342, "Plan Width": 20, "Actual Min Startup Time": 0.019, "Actual Max Startup Time": 0.042, "Actual Min Total Time": 15.933, "Actual Max Total Time": 20.502, "Actual Rows": 901342}], "Actual Rows": 901342}], "Actual Rows": 901342}], "Actual Rows": 2487611}], "Actual Rows": 2487611}, {"Node Type": "Hash", "Parent Relationship": "Inner", "Startup Cost": 43334.25, "Total Cost": 43334.25, "Plan Rows": 2528311, "Plan Width": 21, "Actual Min Startup Time": 365.618, "Actual Max Startup Time": 543.574, "Actual Min Total Time": 365.618, "Actual Max Total Time": 543.574, "Max Hash Buckets": 262144, "Min Hash Buckets": 262144, "Max Hash Batches": 1, "Min Hash Batches": 1, "Max Original Hash Batches": 1, "Min Original Hash Batches": 1, "Max Peak Memory Usage": 8518, "min Peak Memory Usage": 8518, "Plans": [{"Node Type": "Streaming(type: LOCAL REDISTRIBUTE dop: 16/16)", "Parent Relationship": "Outer", "Startup Cost": 0.0, "Total Cost": 43334.25, "Plan Rows": 2528311, "Plan Width": 21, "Actual Min Startup Time": 0.063, "Actual Max Startup Time": 18.287, "Actual Min Total Time": 289.389, "Actual Max Total Time": 470.899, "Plans": [{"Node Type": "Seq Scan", "Parent Relationship": "Outer", "Relation Name": "title", "Alias": "t", "Startup Cost": 0.0, "Total Cost": 18754.32, "Plan Rows": 2528311, "Plan Width": 21, "Actual Min Startup Time": 0.017, "Actual Max Startup Time": 0.037, "Actual Min Total Time": 47.834, "Actual Max Total Time": 58.11, "Actual Rows": 2528311}], "Actual Rows": 2528311}], "Actual Rows": 2528311}], "Actual Rows": 2487611}], "Actual Rows": 2487611}, {"Node Type": "Hash", "Parent Relationship": "Inner", "Startup Cost": 51607.87, "Total Cost": 51607.87, "Plan Rows": 4167490, "Plan Width": 4, "Actual Min Startup Time": 573.363, "Actual Max Startup Time": 700.351, "Actual Min Total Time": 573.363, "Actual Max Total Time": 700.351, "Max Hash Buckets": 262144, "Min Hash Buckets": 262144, "Max Hash Batches": 1, "Min Hash Batches": 1, "Max Original Hash Batches": 1, "Min Original Hash Batches": 1, "Max Peak Memory Usage": 9174, "min Peak Memory Usage": 9174, "Plans": [{"Node Type": "Streaming(type: LOCAL REDISTRIBUTE dop: 16/16)", "Parent Relationship": "Outer", "Startup Cost": 0.0, "Total Cost": 51607.87, "Plan Rows": 4167490, "Plan Width": 4, "Actual Min Startup Time": 0.053, "Actual Max Startup Time": 0.099, "Actual Min Total Time": 470.118, "Actual Max Total Time": 593.068, "Plans": [{"Node Type": "Seq Scan", "Parent Relationship": "Outer", "Relation Name": "name", "Alias": "n1", "Startup Cost": 0.0, "Total Cost": 20816.99, "Plan Rows": 4167490, "Plan Width": 4, "Actual Min Startup Time": 0.017, "Actual Max Startup Time": 0.04, "Actual Min Total Time": 75.276, "Actual Max Total Time": 87.952, "Actual Rows": 4167490}], "Actual Rows": 4167490}], "Actual Rows": 4167490}], "Actual Rows": 2487611}], "Actual Rows": 16}], "Actual Rows": 16}], "Actual Rows": 1}, "Triggers": [], "Planner Runtime": 253, "Total Runtime": 2852.697, "Unique SQL Id": 2457761703}}, "(16, 5)": {"explain_plan": {"Plan": {"Node Type": "Aggregate", "Strategy": "Plain", "Startup Cost": 1403521.5, "Total Cost": 1403521.52, "Plan Rows": 1, "Plan Width": 97, "Plans": [{"Node Type": "Streaming(type: LOCAL GATHER dop: 1/16)", "Parent Relationship": "Outer", "Startup Cost": 1403521.5, "Total Cost": 1403521.52, "Plan Rows": 1, "Plan Width": 97, "Plans": [{"Node Type": "Aggregate", "Strategy": "Plain", "Parent Relationship": "Outer", "Startup Cost": 1403521.5, "Total Cost": 1403521.51, "Plan Rows": 1, "Plan Width": 97, "Plans": [{"Node Type": "Hash Join", "Parent Relationship": "Outer", "Join Type": "Inner", "Startup Cost": 1181725.83, "Total Cost": 1401736.01, "Plan Rows": 357098, "Plan Width": 33, "Inner Unique": true, "Hash Cond": "(ci.movie_id = t.id), (LLVM Optimized)", "Plans": [{"Node Type": "Streaming(type: LOCAL REDISTRIBUTE dop: 16/16)", "Parent Relationship": "Outer", "Startup Cost": 1148251.22, "Total Cost": 1367954.44, "Plan Rows": 357379, "Plan Width": 24, "Plans": [{"Node Type": "Hash Join", "Parent Relationship": "Outer", "Join Type": "Inner", "Startup Cost": 1148251.22, "Total Cost": 1351600.31, "Plan Rows": 357379, "Plan Width": 24, "Inner Unique": false, "Hash Cond": "(n1.id = a1.person_id), (LLVM Optimized)", "Plans": [{"Node Type": "Streaming(type: LOCAL REDISTRIBUTE dop: 16/16)", "Parent Relationship": "Outer", "Startup Cost": 1125291.96, "Total Cost": 1327448.82, "Plan Rows": 711018, "Plan Width": 16, "Plans": [{"Node Type": "Hash Join", "Parent Relationship": "Outer", "Join Type": "Inner", "Startup Cost": 1125291.96, "Total Cost": 1309754.73, "Plan Rows": 711018, "Plan Width": 16, "Inner Unique": true, "Hash Cond": "(ci.person_id = n1.id), (LLVM Optimized)", "Plans": [{"Node Type": "Streaming(type: LOCAL REDISTRIBUTE dop: 16/16)", "Parent Relationship": "Outer", "Startup Cost": 1076297.75, "Total Cost": 1260149.49, "Plan Rows": 711018, "Plan Width": 12, "Plans": [{"Node Type": "Hash Join", "Parent Relationship": "Outer", "Join Type": "Inner", "Startup Cost": 1076297.75, "Total Cost": 1242455.4, "Plan Rows": 711018, "Plan Width": 12, "Inner Unique": true, "Hash Cond": "(mc.company_id = cn.id), (LLVM Optimized)", "Plans": [{"Node Type": "Streaming(type: LOCAL REDISTRIBUTE dop: 16/16)", "Parent Relationship": "Outer", "Startup Cost": 1069419.83, "Total Cost": 1234794.01, "Plan Rows": 1446714, "Plan Width": 16, "Plans": [{"Node Type": "Hash Join", "Parent Relationship": "Outer", "Join Type": "Inner", "Startup Cost": 1069419.83, "Total Cost": 1214312.32, "Plan Rows": 1446714, "Plan Width": 16, "Inner Unique": false, "Hash Cond": "(mc.movie_id = ci.movie_id), (LLVM Optimized)", "Plans": [{"Node Type": "Streaming(type: LOCAL REDISTRIBUTE dop: 16/16)", "Parent Relationship": "Outer", "Startup Cost": 0.0, "Total Cost": 139099.07, "Plan Rows": 2609128, "Plan Width": 8, "Plans": [{"Node Type": "Index Scan", "Parent Relationship": "Outer", "Scan Direction": "Forward", "Index Name": "company_id_movie_companies", "Relation Name": "movie_companies", "Alias": "mc", "Startup Cost": 0.0, "Total Cost": 114212.92, "Plan Rows": 2609128, "Plan Width": 8}]}, {"Node Type": "Hash", "Parent Relationship": "Inner", "Startup Cost": 1066844.59, "Total Cost": 1066844.59, "Plan Rows": 3296318, "Plan Width": 8, "Plans": [{"Node Type": "Streaming(type: LOCAL REDISTRIBUTE dop: 16/16)", "Parent Relationship": "Outer", "Startup Cost": 15012.82, "Total Cost": 1066844.59, "Plan Rows": 3296318, "Plan Width": 8, "Plans": [{"Node Type": "Hash Join", "Parent Relationship": "Outer", "Join Type": "Inner", "Startup Cost": 15012.82, "Total Cost": 1039354.63, "Plan Rows": 3296318, "Plan Width": 8, "Inner Unique": true, "Hash Cond": "(ci.role_id = rt.id), (LLVM Optimized)", "Plans": [{"Node Type": "Index Scan", "Parent Relationship": "Outer", "Scan Direction": "Forward", "Index Name": "role_id_cast_info", "Relation Name": "cast_info", "Alias": "ci", "Startup Cost": 0.0, "Total Cost": 1016601.9, "Plan Rows": 36259494, "Plan Width": 12}, {"Node Type": "Hash", "Parent Relationship": "Inner", "Startup Cost": 15012.81, "Total Cost": 15012.81, "Plan Rows": 16, "Plan Width": 4, "Plans": [{"Node Type": "Streaming(type: BROADCAST dop: 16/1)", "Parent Relationship": "Outer", "Startup Cost": 0.0, "Total Cost": 15012.81, "Plan Rows": 16, "Plan Width": 4, "Plans": [{"Node Type": "Index Scan", "Parent Relationship": "Outer", "Scan Direction": "Forward", "Index Name": "role_type_pkey", "Relation Name": "role_type", "Alias": "rt", "Startup Cost": 0.0, "Total Cost": 12.46, "Plan Rows": 1, "Plan Width": 4, "Filter": "((role)::text = 'writer'::text)"}]}]}]}]}]}]}]}, {"Node Type": "Hash", "Parent Relationship": "Inner", "Startup Cost": 27245.51, "Total Cost": 27245.51, "Plan Rows": 85170, "Plan Width": 4, "Plans": [{"Node Type": "Streaming(type: LOCAL REDISTRIBUTE dop: 16/1)", "Parent Relationship": "Outer", "Startup Cost": 2800.52, "Total Cost": 27245.51, "Plan Rows": 85170, "Plan Width": 4, "Plans": [{"Node Type": "Bitmap Heap Scan", "Parent Relationship": "Outer", "Relation Name": "company_name", "Alias": "cn", "Startup Cost": 2800.52, "Total Cost": 8703.97, "Plan Rows": 85170, "Plan Width": 4, "Filter": "((country_code)::text = '[us]'::text)", "Plans": [{"Node Type": "Bitmap Index Scan", "Parent Relationship": "Outer", "Index Name": "company_name_pkey", "Startup Cost": 0.0, "Total Cost": 2779.23, "Plan Rows": 234996, "Plan Width": 0}]}]}]}]}]}, {"Node Type": "Hash", "Parent Relationship": "Inner", "Startup Cost": 182953.41, "Total Cost": 182953.41, "Plan Rows": 4167490, "Plan Width": 4, "Plans": [{"Node Type": "Streaming(type: LOCAL REDISTRIBUTE dop: 16/16)", "Parent Relationship": "Outer", "Startup Cost": 0.0, "Total Cost": 182953.41, "Plan Rows": 4167490, "Plan Width": 4, "Plans": [{"Node Type": "Index Scan", "Parent Relationship": "Outer", "Scan Direction": "Forward", "Index Name": "name_pkey", "Relation Name": "name", "Alias": "n1", "Startup Cost": 0.0, "Total Cost": 152162.53, "Plan Rows": 4167490, "Plan Width": 4}]}]}]}]}, {"Node Type": "Hash", "Parent Relationship": "Inner", "Startup Cost": 89020.35, "Total Cost": 89020.35, "Plan Rows": 901342, "Plan Width": 20, "Plans": [{"Node Type": "Streaming(type: LOCAL REDISTRIBUTE dop: 16/1)", "Parent Relationship": "Outer", "Startup Cost": 16632.3, "Total Cost": 89020.35, "Plan Rows": 901342, "Plan Width": 20, "Plans": [{"Node Type": "Bitmap Heap Scan", "Parent Relationship": "Outer", "Relation Name": "aka_name", "Alias": "a1", "Startup Cost": 16632.3, "Total Cost": 36540.72, "Plan Rows": 901342, "Plan Width": 20, "Plans": [{"Node Type": "Bitmap Index Scan", "Parent Relationship": "Outer", "Index Name": "person_id_aka_name", "Startup Cost": 0.0, "Total Cost": 16406.96, "Plan Rows": 901342, "Plan Width": 0}]}]}]}]}]}, {"Node Type": "Hash", "Parent Relationship": "Inner", "Startup Cost": 125997.5, "Total Cost": 125997.5, "Plan Rows": 2528311, "Plan Width": 21, "Plans": [{"Node Type": "Streaming(type: LOCAL REDISTRIBUTE dop: 16/16)", "Parent Relationship": "Outer", "Startup Cost": 0.0, "Total Cost": 125997.5, "Plan Rows": 2528311, "Plan Width": 21, "Plans": [{"Node Type": "Index Scan", "Parent Relationship": "Outer", "Scan Direction": "Forward", "Index Name": "title_pkey", "Relation Name": "title", "Alias": "t", "Startup Cost": 0.0, "Total Cost": 101417.57, "Plan Rows": 2528311, "Plan Width": 21}]}]}]}]}]}]}, "Unique SQL Id": 2457761703, "Planner Runtime": 184}, "explain_analyze_plan": null}, "(16, 6)": {"explain_plan": {"Plan": {"Node Type": "Aggregate", "Strategy": "Plain", "Startup Cost": 287566.27, "Total Cost": 287566.3, "Plan Rows": 1, "Plan Width": 97, "Plans": [{"Node Type": "Streaming(type: LOCAL GATHER dop: 1/16)", "Parent Relationship": "Outer", "Startup Cost": 287566.27, "Total Cost": 287566.3, "Plan Rows": 1, "Plan Width": 97, "Plans": [{"Node Type": "Aggregate", "Strategy": "Plain", "Parent Relationship": "Outer", "Startup Cost": 287566.27, "Total Cost": 287566.28, "Plan Rows": 1, "Plan Width": 97, "Plans": [{"Node Type": "Hash Join", "Parent Relationship": "Outer", "Join Type": "Inner", "Startup Cost": 142621.96, "Total Cost": 285780.78, "Plan Rows": 357098, "Plan Width": 33, "Inner Unique": true, "Hash Cond": "(a1.person_id = n1.id), (LLVM Optimized)", "Plans": [{"Node Type": "Streaming(type: LOCAL REDISTRIBUTE dop: 16/16)", "Parent Relationship": "Outer", "Startup Cost": 126464.14, "Total Cost": 269316.07, "Plan Rows": 357098, "Plan Width": 41, "Plans": [{"Node Type": "Hash Join", "Parent Relationship": "Outer", "Join Type": "Inner", "Startup Cost": 126464.14, "Total Cost": 252963.01, "Plan Rows": 357098, "Plan Width": 41, "Inner Unique": true, "Hash Cond": "(ci.movie_id = t.id), (LLVM Optimized)", "Plans": [{"Node Type": "Streaming(type: LOCAL REDISTRIBUTE dop: 16/16)", "Parent Relationship": "Outer", "Startup Cost": 113655.34, "Total Cost": 239847.25, "Plan Rows": 357379, "Plan Width": 32, "Plans": [{"Node Type": "Hash Join", "Parent Relationship": "Outer", "Join Type": "Inner", "Startup Cost": 113655.34, "Total Cost": 223493.12, "Plan Rows": 357379, "Plan Width": 32, "Inner Unique": false, "Hash Cond": "(ci.person_id = a1.person_id), (LLVM Optimized)", "Plans": [{"Node Type": "Streaming(type: LOCAL REDISTRIBUTE dop: 16/16)", "Parent Relationship": "Outer", "Startup Cost": 104286.28, "Total Cost": 212931.86, "Plan Rows": 711018, "Plan Width": 12, "Plans": [{"Node Type": "Hash Join", "Parent Relationship": "Outer", "Join Type": "Inner", "Startup Cost": 104286.28, "Total Cost": 195237.77, "Plan Rows": 711018, "Plan Width": 12, "Inner Unique": false, "Hash Cond": "(ci.movie_id = mc.movie_id), (LLVM Optimized)", "Plans": [{"Node Type": "Streaming(type: LOCAL REDISTRIBUTE dop: 16/16)", "Parent Relationship": "Outer", "Startup Cost": 15001.51, "Total Cost": 102848.74, "Plan Rows": 3296318, "Plan Width": 8, "Plans": [{"Node Type": "Hash Join", "Parent Relationship": "Outer", "Join Type": "Inner", "Startup Cost": 15001.51, "Total Cost": 75358.79, "Plan Rows": 3296318, "Plan Width": 8, "Inner Unique": true, "Hash Cond": "(ci.role_id = rt.id), (LLVM Optimized)", "Plans": [{"Node Type": "Seq Scan", "Parent Relationship": "Outer", "Relation Name": "cast_info", "Alias": "ci", "Startup Cost": 0.0, "Total Cost": 52617.37, "Plan Rows": 36259494, "Plan Width": 12}, {"Node Type": "Hash", "Parent Relationship": "Inner", "Startup Cost": 15001.5, "Total Cost": 15001.5, "Plan Rows": 16, "Plan Width": 4, "Plans": [{"Node Type": "Streaming(type: BROADCAST dop: 16/1)", "Parent Relationship": "Outer", "Startup Cost": 0.0, "Total Cost": 15001.5, "Plan Rows": 16, "Plan Width": 4, "Plans": [{"Node Type": "Seq Scan", "Parent Relationship": "Outer", "Relation Name": "role_type", "Alias": "rt", "Startup Cost": 0.0, "Total Cost": 1.15, "Plan Rows": 1, "Plan Width": 4, "Filter": "((role)::text = 'writer'::text)"}]}]}]}]}, {"Node Type": "Hash", "Parent Relationship": "Inner", "Startup Cost": 88282.97, "Total Cost": 88282.97, "Plan Rows": 1282311, "Plan Width": 4, "Plans": [{"Node Type": "Streaming(type: LOCAL REDISTRIBUTE dop: 16/16)", "Parent Relationship": "Outer", "Startup Cost": 24511.53, "Total Cost": 88282.97, "Plan Rows": 1282311, "Plan Width": 4, "Plans": [{"Node Type": "Hash Join", "Parent Relationship": "Outer", "Join Type": "Inner", "Startup Cost": 24511.53, "Total Cost": 68424.21, "Plan Rows": 1282311, "Plan Width": 4, "Inner Unique": true, "Hash Cond": "(mc.company_id = cn.id), (LLVM Optimized)", "Plans": [{"Node Type": "Streaming(type: LOCAL REDISTRIBUTE dop: 16/16)", "Parent Relationship": "Outer", "Startup Cost": 0.0, "Total Cost": 42499.73, "Plan Rows": 2609128, "Plan Width": 8, "Plans": [{"Node Type": "Seq Scan", "Parent Relationship": "Outer", "Relation Name": "movie_companies", "Alias": "mc", "Startup Cost": 0.0, "Total Cost": 17613.58, "Plan Rows": 2609128, "Plan Width": 8}]}, {"Node Type": "Hash", "Parent Relationship": "Inner", "Startup Cost": 24444.99, "Total Cost": 24444.99, "Plan Rows": 85170, "Plan Width": 4, "Plans": [{"Node Type": "Streaming(type: LOCAL REDISTRIBUTE dop: 16/1)", "Parent Relationship": "Outer", "Startup Cost": 0.0, "Total Cost": 24444.99, "Plan Rows": 85170, "Plan Width": 4, "Plans": [{"Node Type": "Seq Scan", "Parent Relationship": "Outer", "Relation Name": "company_name", "Alias": "cn", "Startup Cost": 0.0, "Total Cost": 5903.45, "Plan Rows": 85170, "Plan Width": 4, "Filter": "((country_code)::text = '[us]'::text)"}]}]}]}]}]}]}]}, {"Node Type": "Hash", "Parent Relationship": "Inner", "Startup Cost": 34659.52, "Total Cost": 34659.52, "Plan Rows": 901342, "Plan Width": 20, "Plans": [{"Node Type": "Streaming(type: LOCAL REDISTRIBUTE dop: 16/16)", "Parent Relationship": "Outer", "Startup Cost": 0.0, "Total Cost": 34659.52, "Plan Rows": 901342, "Plan Width": 20, "Plans": [{"Node Type": "Seq Scan", "Parent Relationship": "Outer", "Relation Name": "aka_name", "Alias": "a1", "Startup Cost": 0.0, "Total Cost": 16244.28, "Plan Rows": 901342, "Plan Width": 20}]}]}]}]}, {"Node Type": "Hash", "Parent Relationship": "Inner", "Startup Cost": 43334.25, "Total Cost": 43334.25, "Plan Rows": 2528311, "Plan Width": 21, "Plans": [{"Node Type": "Streaming(type: LOCAL REDISTRIBUTE dop: 16/16)", "Parent Relationship": "Outer", "Startup Cost": 0.0, "Total Cost": 43334.25, "Plan Rows": 2528311, "Plan Width": 21, "Plans": [{"Node Type": "Seq Scan", "Parent Relationship": "Outer", "Relation Name": "title", "Alias": "t", "Startup Cost": 0.0, "Total Cost": 18754.32, "Plan Rows": 2528311, "Plan Width": 21}]}]}]}]}, {"Node Type": "Hash", "Parent Relationship": "Inner", "Startup Cost": 51607.87, "Total Cost": 51607.87, "Plan Rows": 4167490, "Plan Width": 4, "Plans": [{"Node Type": "Streaming(type: LOCAL REDISTRIBUTE dop: 16/16)", "Parent Relationship": "Outer", "Startup Cost": 0.0, "Total Cost": 51607.87, "Plan Rows": 4167490, "Plan Width": 4, "Plans": [{"Node Type": "Seq Scan", "Parent Relationship": "Outer", "Relation Name": "name", "Alias": "n1", "Startup Cost": 0.0, "Total Cost": 20816.99, "Plan Rows": 4167490, "Plan Width": 4}]}]}]}]}]}]}, "Unique SQL Id": 2457761703, "Planner Runtime": 196}, "explain_analyze_plan": {"Plan": {"Node Type": "Aggregate", "Strategy": "Plain", "Startup Cost": 287566.27, "Total Cost": 287566.3, "Plan Rows": 1, "Plan Width": 97, "Actual Min Startup Time": 2807.394, "Actual Max Startup Time": 2807.394, "Actual Min Total Time": 2807.394, "Actual Max Total Time": 2807.394, "Plans": [{"Node Type": "Streaming(type: LOCAL GATHER dop: 1/16)", "Parent Relationship": "Outer", "Startup Cost": 287566.27, "Total Cost": 287566.3, "Plan Rows": 1, "Plan Width": 97, "Actual Min Startup Time": 2805.812, "Actual Max Startup Time": 2805.812, "Actual Min Total Time": 2807.366, "Actual Max Total Time": 2807.366, "Plans": [{"Node Type": "Aggregate", "Strategy": "Plain", "Parent Relationship": "Outer", "Startup Cost": 287566.27, "Total Cost": 287566.28, "Plan Rows": 1, "Plan Width": 97, "Actual Min Startup Time": 2410.309, "Actual Max Startup Time": 2537.515, "Actual Min Total Time": 2410.309, "Actual Max Total Time": 2537.515, "Plans": [{"Node Type": "Hash Join", "Parent Relationship": "Outer", "Join Type": "Inner", "Startup Cost": 142621.96, "Total Cost": 285780.78, "Plan Rows": 357098, "Plan Width": 33, "Actual Min Startup Time": 682.796, "Actual Max Startup Time": 809.411, "Actual Min Total Time": 2287.798, "Actual Max Total Time": 2474.84, "Inner Unique": true, "Hash Cond": "(a1.person_id = n1.id), (LLVM Optimized, Jit Execute)", "Plans": [{"Node Type": "Streaming(type: LOCAL REDISTRIBUTE dop: 16/16)", "Parent Relationship": "Outer", "Startup Cost": 126464.14, "Total Cost": 269316.07, "Plan Rows": 357098, "Plan Width": 41, "Actual Min Startup Time": 104.514, "Actual Max Startup Time": 134.767, "Actual Min Total Time": 1604.955, "Actual Max Total Time": 1724.615, "Plans": [{"Node Type": "Hash Join", "Parent Relationship": "Outer", "Join Type": "Inner", "Startup Cost": 126464.14, "Total Cost": 252963.01, "Plan Rows": 357098, "Plan Width": 41, "Actual Min Startup Time": 684.369, "Actual Max Startup Time": 863.954, "Actual Min Total Time": 2250.417, "Actual Max Total Time": 2462.715, "Inner Unique": true, "Hash Cond": "(ci.movie_id = t.id), (LLVM Optimized, Jit Execute)", "Plans": [{"Node Type": "Streaming(type: LOCAL REDISTRIBUTE dop: 16/16)", "Parent Relationship": "Outer", "Startup Cost": 113655.34, "Total Cost": 239847.25, "Plan Rows": 357379, "Plan Width": 32, "Actual Min Startup Time": 317.069, "Actual Max Startup Time": 322.995, "Actual Min Total Time": 1801.077, "Actual Max Total Time": 1863.509, "Plans": [{"Node Type": "Hash Join", "Parent Relationship": "Outer", "Join Type": "Inner", "Startup Cost": 113655.34, "Total Cost": 223493.12, "Plan Rows": 357379, "Plan Width": 32, "Actual Min Startup Time": 676.499, "Actual Max Startup Time": 926.544, "Actual Min Total Time": 1889.984, "Actual Max Total Time": 2339.531, "Inner Unique": false, "Hash Cond": "(ci.person_id = a1.person_id), (LLVM Optimized, Jit Execute)", "Plans": [{"Node Type": "Streaming(type: LOCAL REDISTRIBUTE dop: 16/16)", "Parent Relationship": "Outer", "Startup Cost": 104286.28, "Total Cost": 212931.86, "Plan Rows": 711018, "Plan Width": 12, "Actual Min Startup Time": 544.363, "Actual Max Startup Time": 557.858, "Actual Min Total Time": 1635.928, "Actual Max Total Time": 1965.859, "Plans": [{"Node Type": "Hash Join", "Parent Relationship": "Outer", "Join Type": "Inner", "Startup Cost": 104286.28, "Total Cost": 195237.77, "Plan Rows": 711018, "Plan Width": 12, "Actual Min Startup Time": 676.505, "Actual Max Startup Time": 873.864, "Actual Min Total Time": 1726.934, "Actual Max Total Time": 1983.436, "Inner Unique": false, "Hash Cond": "(ci.movie_id = mc.movie_id), (LLVM Optimized, Jit Execute)", "Plans": [{"Node Type": "Streaming(type: LOCAL REDISTRIBUTE dop: 16/16)", "Parent Relationship": "Outer", "Startup Cost": 15001.51, "Total Cost": 102848.74, "Plan Rows": 3296318, "Plan Width": 8, "Actual Min Startup Time": 0.059, "Actual Max Startup Time": 0.35, "Actual Min Total Time": 960.325, "Actual Max Total Time": 1125.807, "Plans": [{"Node Type": "Hash Join", "Parent Relationship": "Outer", "Join Type": "Inner", "Startup Cost": 15001.51, "Total Cost": 75358.79, "Plan Rows": 3296318, "Plan Width": 8, "Actual Min Startup Time": 618.945, "Actual Max Startup Time": 658.044, "Actual Min Total Time": 973.958, "Actual Max Total Time": 1016.065, "Inner Unique": true, "Hash Cond": "(ci.role_id = rt.id), (LLVM Optimized, Jit Execute)", "Plans": [{"Node Type": "Seq Scan", "Parent Relationship": "Outer", "Relation Name": "cast_info", "Alias": "ci", "Startup Cost": 0.0, "Total Cost": 52617.37, "Plan Rows": 36259494, "Plan Width": 12, "Actual Min Startup Time": 0.027, "Actual Max Startup Time": 0.044, "Actual Min Total Time": 516.927, "Actual Max Total Time": 557.048, "Actual Rows": 36244343}, {"Node Type": "Hash", "Parent Relationship": "Inner", "Startup Cost": 15001.5, "Total Cost": 15001.5, "Plan Rows": 16, "Plan Width": 4, "Actual Min Startup Time": 0.012, "Actual Max Startup Time": 23.82, "Actual Min Total Time": 0.012, "Actual Max Total Time": 23.82, "Max Hash Buckets": 32768, "Min Hash Buckets": 32768, "Max Hash Batches": 1, "Min Hash Batches": 1, "Max Original Hash Batches": 1, "Min Original Hash Batches": 1, "Max Peak Memory Usage": 1, "min Peak Memory Usage": 1, "Plans": [{"Node Type": "Streaming(type: BROADCAST dop: 16/1)", "Parent Relationship": "Outer", "Startup Cost": 0.0, "Total Cost": 15001.5, "Plan Rows": 16, "Plan Width": 4, "Actual Min Startup Time": 0.003, "Actual Max Startup Time": 23.79, "Actual Min Total Time": 0.004, "Actual Max Total Time": 23.792, "Plans": [{"Node Type": "Seq Scan", "Parent Relationship": "Outer", "Relation Name": "role_type", "Alias": "rt", "Startup Cost": 0.0, "Total Cost": 1.15, "Plan Rows": 1, "Plan Width": 4, "Actual Min Startup Time": 0.032, "Actual Max Startup Time": 0.032, "Actual Min Total Time": 0.036, "Actual Max Total Time": 0.036, "Filter": "((role)::text = 'writer'::text)", "Rows Removed by Filter": 11, "Actual Rows": 1}], "Actual Rows": 16}], "Actual Rows": 16}], "Actual Rows": 2728943}], "Actual Rows": 2728943}, {"Node Type": "Hash", "Parent Relationship": "Inner", "Startup Cost": 88282.97, "Total Cost": 88282.97, "Plan Rows": 1282311, "Plan Width": 4, "Actual Min Startup Time": 676.313, "Actual Max Startup Time": 873.534, "Actual Min Total Time": 676.313, "Actual Max Total Time": 873.534, "Max Hash Buckets": 131072, "Min Hash Buckets": 131072, "Max Hash Batches": 1, "Min Hash Batches": 1, "Max Original Hash Batches": 1, "Min Original Hash Batches": 1, "Max Peak Memory Usage": 2542, "min Peak Memory Usage": 2542, "Plans": [{"Node Type": "Streaming(type: LOCAL REDISTRIBUTE dop: 16/16)", "Parent Relationship": "Outer", "Startup Cost": 24511.53, "Total Cost": 88282.97, "Plan Rows": 1282311, "Plan Width": 4, "Actual Min Startup Time": 194.948, "Actual Max Startup Time": 392.152, "Actual Min Total Time": 652.521, "Actual Max Total Time": 846.259, "Plans": [{"Node Type": "Hash Join", "Parent Relationship": "Outer", "Join Type": "Inner", "Startup Cost": 24511.53, "Total Cost": 68424.21, "Plan Rows": 1282311, "Plan Width": 4, "Actual Min Startup Time": 193.447, "Actual Max Startup Time": 460.105, "Actual Min Total Time": 545.948, "Actual Max Total Time": 855.575, "Inner Unique": true, "Hash Cond": "(mc.company_id = cn.id), (LLVM Optimized, Jit Execute)", "Plans": [{"Node Type": "Streaming(type: LOCAL REDISTRIBUTE dop: 16/16)", "Parent Relationship": "Outer", "Startup Cost": 0.0, "Total Cost": 42499.73, "Plan Rows": 2609128, "Plan Width": 8, "Actual Min Startup Time": 0.064, "Actual Max Startup Time": 1.902, "Actual Min Total Time": 262.091, "Actual Max Total Time": 376.152, "Plans": [{"Node Type": "Seq Scan", "Parent Relationship": "Outer", "Relation Name": "movie_companies", "Alias": "mc", "Startup Cost": 0.0, "Total Cost": 17613.58, "Plan Rows": 2609128, "Plan Width": 8, "Actual Min Startup Time": 0.027, "Actual Max Startup Time": 0.063, "Actual Min Total Time": 42.353, "Actual Max Total Time": 50.636, "Actual Rows": 2609128}], "Actual Rows": 2609128}, {"Node Type": "Hash", "Parent Relationship": "Inner", "Startup Cost": 24444.99, "Total Cost": 24444.99, "Plan Rows": 85170, "Plan Width": 4, "Actual Min Startup Time": 193.304, "Actual Max Startup Time": 459.356, "Actual Min Total Time": 193.304, "Actual Max Total Time": 459.356, "Max Hash Buckets": 32768, "Min Hash Buckets": 32768, "Max Hash Batches": 1, "Min Hash Batches": 1, "Max Original Hash Batches": 1, "Min Original Hash Batches": 1, "Max Peak Memory Usage": 182, "min Peak Memory Usage": 182, "Plans": [{"Node Type": "Streaming(type: LOCAL REDISTRIBUTE dop: 16/1)", "Parent Relationship": "Outer", "Startup Cost": 0.0, "Total Cost": 24444.99, "Plan Rows": 85170, "Plan Width": 4, "Actual Min Startup Time": 0.041, "Actual Max Startup Time": 266.767, "Actual Min Total Time": 191.764, "Actual Max Total Time": 457.92, "Plans": [{"Node Type": "Seq Scan", "Parent Relationship": "Outer", "Relation Name": "company_name", "Alias": "cn", "Startup Cost": 0.0, "Total Cost": 5903.45, "Plan Rows": 85170, "Plan Width": 4, "Actual Min Startup Time": 0.053, "Actual Max Startup Time": 0.053, "Actual Min Total Time": 97.001, "Actual Max Total Time": 97.001, "Filter": "((country_code)::text = '[us]'::text)", "Rows Removed by Filter": 150153, "Actual Rows": 84843}], "Actual Rows": 84843}], "Actual Rows": 84843}], "Actual Rows": 1153797}], "Actual Rows": 1153797}], "Actual Rows": 1153797}], "Actual Rows": 1970658}], "Actual Rows": 1970658}, {"Node Type": "Hash", "Parent Relationship": "Inner", "Startup Cost": 34659.52, "Total Cost": 34659.52, "Plan Rows": 901342, "Plan Width": 20, "Actual Min Startup Time": 130.612, "Actual Max Startup Time": 381.22, "Actual Min Total Time": 130.612, "Actual Max Total Time": 381.22, "Max Hash Buckets": 65536, "Min Hash Buckets": 65536, "Max Hash Batches": 1, "Min Hash Batches": 1, "Max Original Hash Batches": 1, "Min Original Hash Batches": 1, "Max Peak Memory Usage": 2981, "min Peak Memory Usage": 2981, "Plans": [{"Node Type": "Streaming(type: LOCAL REDISTRIBUTE dop: 16/16)", "Parent Relationship": "Outer", "Startup Cost": 0.0, "Total Cost": 34659.52, "Plan Rows": 901342, "Plan Width": 20, "Actual Min Startup Time": 0.052, "Actual Max Startup Time": 67.059, "Actual Min Total Time": 109.562, "Actual Max Total Time": 360.696, "Plans": [{"Node Type": "Seq Scan", "Parent Relationship": "Outer", "Relation Name": "aka_name", "Alias": "a1", "Startup Cost": 0.0, "Total Cost": 16244.28, "Plan Rows": 901342, "Plan Width": 20, "Actual Min Startup Time": 0.019, "Actual Max Startup Time": 0.042, "Actual Min Total Time": 15.933, "Actual Max Total Time": 20.502, "Actual Rows": 901342}], "Actual Rows": 901342}], "Actual Rows": 901342}], "Actual Rows": 2487611}], "Actual Rows": 2487611}, {"Node Type": "Hash", "Parent Relationship": "Inner", "Startup Cost": 43334.25, "Total Cost": 43334.25, "Plan Rows": 2528311, "Plan Width": 21, "Actual Min Startup Time": 365.618, "Actual Max Startup Time": 543.574, "Actual Min Total Time": 365.618, "Actual Max Total Time": 543.574, "Max Hash Buckets": 262144, "Min Hash Buckets": 262144, "Max Hash Batches": 1, "Min Hash Batches": 1, "Max Original Hash Batches": 1, "Min Original Hash Batches": 1, "Max Peak Memory Usage": 8518, "min Peak Memory Usage": 8518, "Plans": [{"Node Type": "Streaming(type: LOCAL REDISTRIBUTE dop: 16/16)", "Parent Relationship": "Outer", "Startup Cost": 0.0, "Total Cost": 43334.25, "Plan Rows": 2528311, "Plan Width": 21, "Actual Min Startup Time": 0.063, "Actual Max Startup Time": 18.287, "Actual Min Total Time": 289.389, "Actual Max Total Time": 470.899, "Plans": [{"Node Type": "Seq Scan", "Parent Relationship": "Outer", "Relation Name": "title", "Alias": "t", "Startup Cost": 0.0, "Total Cost": 18754.32, "Plan Rows": 2528311, "Plan Width": 21, "Actual Min Startup Time": 0.017, "Actual Max Startup Time": 0.037, "Actual Min Total Time": 47.834, "Actual Max Total Time": 58.11, "Actual Rows": 2528311}], "Actual Rows": 2528311}], "Actual Rows": 2528311}], "Actual Rows": 2487611}], "Actual Rows": 2487611}, {"Node Type": "Hash", "Parent Relationship": "Inner", "Startup Cost": 51607.87, "Total Cost": 51607.87, "Plan Rows": 4167490, "Plan Width": 4, "Actual Min Startup Time": 573.363, "Actual Max Startup Time": 700.351, "Actual Min Total Time": 573.363, "Actual Max Total Time": 700.351, "Max Hash Buckets": 262144, "Min Hash Buckets": 262144, "Max Hash Batches": 1, "Min Hash Batches": 1, "Max Original Hash Batches": 1, "Min Original Hash Batches": 1, "Max Peak Memory Usage": 9174, "min Peak Memory Usage": 9174, "Plans": [{"Node Type": "Streaming(type: LOCAL REDISTRIBUTE dop: 16/16)", "Parent Relationship": "Outer", "Startup Cost": 0.0, "Total Cost": 51607.87, "Plan Rows": 4167490, "Plan Width": 4, "Actual Min Startup Time": 0.053, "Actual Max Startup Time": 0.099, "Actual Min Total Time": 470.118, "Actual Max Total Time": 593.068, "Plans": [{"Node Type": "Seq Scan", "Parent Relationship": "Outer", "Relation Name": "name", "Alias": "n1", "Startup Cost": 0.0, "Total Cost": 20816.99, "Plan Rows": 4167490, "Plan Width": 4, "Actual Min Startup Time": 0.017, "Actual Max Startup Time": 0.04, "Actual Min Total Time": 75.276, "Actual Max Total Time": 87.952, "Actual Rows": 4167490}], "Actual Rows": 4167490}], "Actual Rows": 4167490}], "Actual Rows": 2487611}], "Actual Rows": 16}], "Actual Rows": 16}], "Actual Rows": 1}, "Triggers": [], "Planner Runtime": 253, "Total Runtime": 2852.697, "Unique SQL Id": 2457761703}}, "(16, 7)": {"explain_plan": {"Plan": {"Node Type": "Aggregate", "Strategy": "Plain", "Startup Cost": 1013578.73, "Total Cost": 1013578.74, "Plan Rows": 1, "Plan Width": 97, "Plans": [{"Node Type": "Hash Join", "Parent Relationship": "Outer", "Join Type": "Inner", "Startup Cost": 985285.55, "Total Cost": 1011793.24, "Plan Rows": 357098, "Plan Width": 33, "Inner Unique": false, "Hash Cond": "(a1.person_id = n1.id), (LLVM Optimized)", "Plans": [{"Node Type": "Bitmap Heap Scan", "Parent Relationship": "Outer", "Relation Name": "aka_name", "Alias": "a1", "Startup Cost": 16632.3, "Total Cost": 36540.72, "Plan Rows": 901342, "Plan Width": 20, "Plans": [{"Node Type": "Bitmap Index Scan", "Parent Relationship": "Outer", "Index Name": "person_id_aka_name", "Startup Cost": 0.0, "Total Cost": 16406.96, "Plan Rows": 901342, "Plan Width": 0}]}, {"Node Type": "Hash", "Parent Relationship": "Inner", "Startup Cost": 959772.51, "Total Cost": 959772.51, "Plan Rows": 710459, "Plan Width": 25, "Plans": [{"Node Type": "Hash Join", "Parent Relationship": "Outer", "Join Type": "Inner", "Startup Cost": 607483.06, "Total Cost": 959772.51, "Plan Rows": 710459, "Plan Width": 25, "Inner Unique": true, "Hash Cond": "(ci.person_id = n1.id), (LLVM Optimized)", "Plans": [{"Node Type": "Hash Join", "Parent Relationship": "Outer", "Join Type": "Inner", "Startup Cost": 378117.96, "Total Cost": 720638.61, "Plan Rows": 710459, "Plan Width": 21, "Inner Unique": false, "Hash Cond": "(ci.movie_id = t.id), (LLVM Optimized)", "Plans": [{"Node Type": "Nested Loop", "Parent Relationship": "Outer", "Join Type": "Inner", "Startup Cost": 76315.02, "Total Cost": 389769.33, "Plan Rows": 3296318, "Plan Width": 8, "Inner Unique": false, "Plans": [{"Node Type": "Bitmap Heap Scan", "Parent Relationship": "Outer", "Relation Name": "role_type", "Alias": "rt", "Startup Cost": 8.31, "Total Cost": 12.46, "Plan Rows": 1, "Plan Width": 4, "Filter": "((role)::text = 'writer'::text)", "Plans": [{"Node Type": "Bitmap Index Scan", "Parent Relationship": "Outer", "Index Name": "role_type_pkey", "Startup Cost": 0.0, "Total Cost": 8.31, "Plan Rows": 12, "Plan Width": 0}]}, {"Node Type": "Bitmap Heap Scan", "Parent Relationship": "Inner", "Relation Name": "cast_info", "Alias": "ci", "Startup Cost": 76306.71, "Total Cost": 356793.69, "Plan Rows": 3296318, "Plan Width": 12, "Recheck Cond": "(role_id = rt.id), (LLVM Optimized)", "Plans": [{"Node Type": "Bitmap Index Scan", "Parent Relationship": "Outer", "Index Name": "role_id_cast_info", "Startup Cost": 0.0, "Total Cost": 75482.63, "Plan Rows": 3296318, "Plan Width": 0, "Index Cond": "(role_id = rt.id)"}]}]}, {"Node Type": "Hash", "Parent Relationship": "Inner", "Startup Cost": 285774.05, "Total Cost": 285774.05, "Plan Rows": 1282311, "Plan Width": 25, "Plans": [{"Node Type": "Hash Join", "Parent Relationship": "Outer", "Join Type": "Inner", "Startup Cost": 203717.65, "Total Cost": 285774.05, "Plan Rows": 1282311, "Plan Width": 25, "Inner Unique": true, "Hash Cond": "(mc.movie_id = t.id), (LLVM Optimized)", "Plans": [{"Node Type": "Hash Join", "Parent Relationship": "Outer", "Join Type": "Inner", "Startup Cost": 61758.77, "Total Cost": 126183.39, "Plan Rows": 1282311, "Plan Width": 4, "Inner Unique": true, "Hash Cond": "(mc.company_id = cn.id), (LLVM Optimized)", "Plans": [{"Node Type": "Bitmap Heap Scan", "Parent Relationship": "Outer", "Relation Name": "movie_companies", "Alias": "mc", "Startup Cost": 51990.17, "Total Cost": 93807.45, "Plan Rows": 2609128, "Plan Width": 8, "Plans": [{"Node Type": "Bitmap Index Scan", "Parent Relationship": "Outer", "Index Name": "movie_id_movie_companies", "Startup Cost": 0.0, "Total Cost": 51337.89, "Plan Rows": 2609128, "Plan Width": 0}]}, {"Node Type": "Hash", "Parent Relationship": "Inner", "Startup Cost": 8703.97, "Total Cost": 8703.97, "Plan Rows": 85170, "Plan Width": 4, "Plans": [{"Node Type": "Bitmap Heap Scan", "Parent Relationship": "Outer", "Relation Name": "company_name", "Alias": "cn", "Startup Cost": 2800.52, "Total Cost": 8703.97, "Plan Rows": 85170, "Plan Width": 4, "Filter": "((country_code)::text = '[us]'::text)", "Plans": [{"Node Type": "Bitmap Index Scan", "Parent Relationship": "Outer", "Index Name": "company_name_pkey", "Startup Cost": 0.0, "Total Cost": 2779.23, "Plan Rows": 234996, "Plan Width": 0}]}]}]}, {"Node Type": "Hash", "Parent Relationship": "Inner", "Startup Cost": 110354.99, "Total Cost": 110354.99, "Plan Rows": 2528311, "Plan Width": 21, "Plans": [{"Node Type": "Bitmap Heap Scan", "Parent Relationship": "Outer", "Relation Name": "title", "Alias": "t", "Startup Cost": 50285.88, "Total Cost": 110354.99, "Plan Rows": 2528311, "Plan Width": 21, "Plans": [{"Node Type": "Bitmap Index Scan", "Parent Relationship": "Outer", "Index Name": "title_pkey", "Startup Cost": 0.0, "Total Cost": 49653.81, "Plan Rows": 2528311, "Plan Width": 0}]}]}]}]}]}, {"Node Type": "Hash", "Parent Relationship": "Inner", "Startup Cost": 177271.47, "Total Cost": 177271.47, "Plan Rows": 4167490, "Plan Width": 4, "Plans": [{"Node Type": "Bitmap Heap Scan", "Parent Relationship": "Outer", "Relation Name": "name", "Alias": "n1", "Startup Cost": 84199.57, "Total Cost": 177271.47, "Plan Rows": 4167490, "Plan Width": 4, "Plans": [{"Node Type": "Bitmap Index Scan", "Parent Relationship": "Outer", "Index Name": "name_pkey", "Startup Cost": 0.0, "Total Cost": 83157.7, "Plan Rows": 4167490, "Plan Width": 0}]}]}]}]}]}]}, "Unique SQL Id": 2457761703, "Planner Runtime": 72}, "explain_analyze_plan": null}, "(16, 8)": {"explain_plan": {"Plan": {"Node Type": "Aggregate", "Strategy": "Plain", "Startup Cost": 287566.27, "Total Cost": 287566.3, "Plan Rows": 1, "Plan Width": 97, "Plans": [{"Node Type": "Streaming(type: LOCAL GATHER dop: 1/16)", "Parent Relationship": "Outer", "Startup Cost": 287566.27, "Total Cost": 287566.3, "Plan Rows": 1, "Plan Width": 97, "Plans": [{"Node Type": "Aggregate", "Strategy": "Plain", "Parent Relationship": "Outer", "Startup Cost": 287566.27, "Total Cost": 287566.28, "Plan Rows": 1, "Plan Width": 97, "Plans": [{"Node Type": "Hash Join", "Parent Relationship": "Outer", "Join Type": "Inner", "Startup Cost": 142621.96, "Total Cost": 285780.78, "Plan Rows": 357098, "Plan Width": 33, "Inner Unique": true, "Hash Cond": "(a1.person_id = n1.id), (LLVM Optimized)", "Plans": [{"Node Type": "Streaming(type: LOCAL REDISTRIBUTE dop: 16/16)", "Parent Relationship": "Outer", "Startup Cost": 126464.14, "Total Cost": 269316.07, "Plan Rows": 357098, "Plan Width": 41, "Plans": [{"Node Type": "Hash Join", "Parent Relationship": "Outer", "Join Type": "Inner", "Startup Cost": 126464.14, "Total Cost": 252963.01, "Plan Rows": 357098, "Plan Width": 41, "Inner Unique": true, "Hash Cond": "(ci.movie_id = t.id), (LLVM Optimized)", "Plans": [{"Node Type": "Streaming(type: LOCAL REDISTRIBUTE dop: 16/16)", "Parent Relationship": "Outer", "Startup Cost": 113655.34, "Total Cost": 239847.25, "Plan Rows": 357379, "Plan Width": 32, "Plans": [{"Node Type": "Hash Join", "Parent Relationship": "Outer", "Join Type": "Inner", "Startup Cost": 113655.34, "Total Cost": 223493.12, "Plan Rows": 357379, "Plan Width": 32, "Inner Unique": false, "Hash Cond": "(ci.person_id = a1.person_id), (LLVM Optimized)", "Plans": [{"Node Type": "Streaming(type: LOCAL REDISTRIBUTE dop: 16/16)", "Parent Relationship": "Outer", "Startup Cost": 104286.28, "Total Cost": 212931.86, "Plan Rows": 711018, "Plan Width": 12, "Plans": [{"Node Type": "Hash Join", "Parent Relationship": "Outer", "Join Type": "Inner", "Startup Cost": 104286.28, "Total Cost": 195237.77, "Plan Rows": 711018, "Plan Width": 12, "Inner Unique": false, "Hash Cond": "(ci.movie_id = mc.movie_id), (LLVM Optimized)", "Plans": [{"Node Type": "Streaming(type: LOCAL REDISTRIBUTE dop: 16/16)", "Parent Relationship": "Outer", "Startup Cost": 15001.51, "Total Cost": 102848.74, "Plan Rows": 3296318, "Plan Width": 8, "Plans": [{"Node Type": "Hash Join", "Parent Relationship": "Outer", "Join Type": "Inner", "Startup Cost": 15001.51, "Total Cost": 75358.79, "Plan Rows": 3296318, "Plan Width": 8, "Inner Unique": true, "Hash Cond": "(ci.role_id = rt.id), (LLVM Optimized)", "Plans": [{"Node Type": "Seq Scan", "Parent Relationship": "Outer", "Relation Name": "cast_info", "Alias": "ci", "Startup Cost": 0.0, "Total Cost": 52617.37, "Plan Rows": 36259494, "Plan Width": 12}, {"Node Type": "Hash", "Parent Relationship": "Inner", "Startup Cost": 15001.5, "Total Cost": 15001.5, "Plan Rows": 16, "Plan Width": 4, "Plans": [{"Node Type": "Streaming(type: BROADCAST dop: 16/1)", "Parent Relationship": "Outer", "Startup Cost": 0.0, "Total Cost": 15001.5, "Plan Rows": 16, "Plan Width": 4, "Plans": [{"Node Type": "Seq Scan", "Parent Relationship": "Outer", "Relation Name": "role_type", "Alias": "rt", "Startup Cost": 0.0, "Total Cost": 1.15, "Plan Rows": 1, "Plan Width": 4, "Filter": "((role)::text = 'writer'::text)"}]}]}]}]}, {"Node Type": "Hash", "Parent Relationship": "Inner", "Startup Cost": 88282.97, "Total Cost": 88282.97, "Plan Rows": 1282311, "Plan Width": 4, "Plans": [{"Node Type": "Streaming(type: LOCAL REDISTRIBUTE dop: 16/16)", "Parent Relationship": "Outer", "Startup Cost": 24511.53, "Total Cost": 88282.97, "Plan Rows": 1282311, "Plan Width": 4, "Plans": [{"Node Type": "Hash Join", "Parent Relationship": "Outer", "Join Type": "Inner", "Startup Cost": 24511.53, "Total Cost": 68424.21, "Plan Rows": 1282311, "Plan Width": 4, "Inner Unique": true, "Hash Cond": "(mc.company_id = cn.id), (LLVM Optimized)", "Plans": [{"Node Type": "Streaming(type: LOCAL REDISTRIBUTE dop: 16/16)", "Parent Relationship": "Outer", "Startup Cost": 0.0, "Total Cost": 42499.73, "Plan Rows": 2609128, "Plan Width": 8, "Plans": [{"Node Type": "Seq Scan", "Parent Relationship": "Outer", "Relation Name": "movie_companies", "Alias": "mc", "Startup Cost": 0.0, "Total Cost": 17613.58, "Plan Rows": 2609128, "Plan Width": 8}]}, {"Node Type": "Hash", "Parent Relationship": "Inner", "Startup Cost": 24444.99, "Total Cost": 24444.99, "Plan Rows": 85170, "Plan Width": 4, "Plans": [{"Node Type": "Streaming(type: LOCAL REDISTRIBUTE dop: 16/1)", "Parent Relationship": "Outer", "Startup Cost": 0.0, "Total Cost": 24444.99, "Plan Rows": 85170, "Plan Width": 4, "Plans": [{"Node Type": "Seq Scan", "Parent Relationship": "Outer", "Relation Name": "company_name", "Alias": "cn", "Startup Cost": 0.0, "Total Cost": 5903.45, "Plan Rows": 85170, "Plan Width": 4, "Filter": "((country_code)::text = '[us]'::text)"}]}]}]}]}]}]}]}, {"Node Type": "Hash", "Parent Relationship": "Inner", "Startup Cost": 34659.52, "Total Cost": 34659.52, "Plan Rows": 901342, "Plan Width": 20, "Plans": [{"Node Type": "Streaming(type: LOCAL REDISTRIBUTE dop: 16/16)", "Parent Relationship": "Outer", "Startup Cost": 0.0, "Total Cost": 34659.52, "Plan Rows": 901342, "Plan Width": 20, "Plans": [{"Node Type": "Seq Scan", "Parent Relationship": "Outer", "Relation Name": "aka_name", "Alias": "a1", "Startup Cost": 0.0, "Total Cost": 16244.28, "Plan Rows": 901342, "Plan Width": 20}]}]}]}]}, {"Node Type": "Hash", "Parent Relationship": "Inner", "Startup Cost": 43334.25, "Total Cost": 43334.25, "Plan Rows": 2528311, "Plan Width": 21, "Plans": [{"Node Type": "Streaming(type: LOCAL REDISTRIBUTE dop: 16/16)", "Parent Relationship": "Outer", "Startup Cost": 0.0, "Total Cost": 43334.25, "Plan Rows": 2528311, "Plan Width": 21, "Plans": [{"Node Type": "Seq Scan", "Parent Relationship": "Outer", "Relation Name": "title", "Alias": "t", "Startup Cost": 0.0, "Total Cost": 18754.32, "Plan Rows": 2528311, "Plan Width": 21}]}]}]}]}, {"Node Type": "Hash", "Parent Relationship": "Inner", "Startup Cost": 51607.87, "Total Cost": 51607.87, "Plan Rows": 4167490, "Plan Width": 4, "Plans": [{"Node Type": "Streaming(type: LOCAL REDISTRIBUTE dop: 16/16)", "Parent Relationship": "Outer", "Startup Cost": 0.0, "Total Cost": 51607.87, "Plan Rows": 4167490, "Plan Width": 4, "Plans": [{"Node Type": "Index Only Scan", "Parent Relationship": "Outer", "Scan Direction": "Forward", "Index Name": "name_pkey", "Relation Name": "name", "Alias": "n1", "Startup Cost": 0.0, "Total Cost": 20816.99, "Plan Rows": 4167490, "Plan Width": 4}]}]}]}]}]}]}, "Unique SQL Id": 2457761703, "Planner Runtime": 206}, "explain_analyze_plan": {"Plan": {"Node Type": "Aggregate", "Strategy": "Plain", "Startup Cost": 287566.27, "Total Cost": 287566.3, "Plan Rows": 1, "Plan Width": 97, "Actual Min Startup Time": 4944.13, "Actual Max Startup Time": 4944.13, "Actual Min Total Time": 4944.13, "Actual Max Total Time": 4944.13, "Plans": [{"Node Type": "Streaming(type: LOCAL GATHER dop: 1/16)", "Parent Relationship": "Outer", "Startup Cost": 287566.27, "Total Cost": 287566.3, "Plan Rows": 1, "Plan Width": 97, "Actual Min Startup Time": 4943.285, "Actual Max Startup Time": 4943.285, "Actual Min Total Time": 4944.087, "Actual Max Total Time": 4944.087, "Plans": [{"Node Type": "Aggregate", "Strategy": "Plain", "Parent Relationship": "Outer", "Startup Cost": 287566.27, "Total Cost": 287566.28, "Plan Rows": 1, "Plan Width": 97, "Actual Min Startup Time": 4504.488, "Actual Max Startup Time": 4708.445, "Actual Min Total Time": 4504.488, "Actual Max Total Time": 4708.445, "Plans": [{"Node Type": "Hash Join", "Parent Relationship": "Outer", "Join Type": "Inner", "Startup Cost": 142621.96, "Total Cost": 285780.78, "Plan Rows": 357098, "Plan Width": 33, "Actual Min Startup Time": 622.123, "Actual Max Startup Time": 821.69, "Actual Min Total Time": 4385.581, "Actual Max Total Time": 4634.797, "Inner Unique": true, "Hash Cond": "(a1.person_id = n1.id), (LLVM Optimized, Jit Execute)", "Plans": [{"Node Type": "Streaming(type: LOCAL REDISTRIBUTE dop: 16/16)", "Parent Relationship": "Outer", "Startup Cost": 126464.14, "Total Cost": 269316.07, "Plan Rows": 357098, "Plan Width": 41, "Actual Min Startup Time": 62.393, "Actual Max Startup Time": 79.238, "Actual Min Total Time": 3724.655, "Actual Max Total Time": 3836.262, "Plans": [{"Node Type": "Hash Join", "Parent Relationship": "Outer", "Join Type": "Inner", "Startup Cost": 126464.14, "Total Cost": 252963.01, "Plan Rows": 357098, "Plan Width": 41, "Actual Min Startup Time": 614.667, "Actual Max Startup Time": 823.592, "Actual Min Total Time": 2392.015, "Actual Max Total Time": 4530.013, "Inner Unique": true, "Hash Cond": "(ci.movie_id = t.id), (LLVM Optimized, Jit Execute)", "Plans": [{"Node Type": "Streaming(type: LOCAL REDISTRIBUTE dop: 16/16)", "Parent Relationship": "Outer", "Startup Cost": 113655.34, "Total Cost": 239847.25, "Plan Rows": 357379, "Plan Width": 32, "Actual Min Startup Time": 232.06, "Actual Max Startup Time": 242.187, "Actual Min Total Time": 1737.73, "Actual Max Total Time": 3931.463, "Plans": [{"Node Type": "Hash Join", "Parent Relationship": "Outer", "Join Type": "Inner", "Startup Cost": 113655.34, "Total Cost": 223493.12, "Plan Rows": 357379, "Plan Width": 32, "Actual Min Startup Time": 618.18, "Actual Max Startup Time": 849.09, "Actual Min Total Time": 1988.988, "Actual Max Total Time": 4427.833, "Inner Unique": false, "Hash Cond": "(ci.person_id = a1.person_id), (LLVM Optimized, Jit Execute)", "Plans": [{"Node Type": "Streaming(type: LOCAL REDISTRIBUTE dop: 16/16)", "Parent Relationship": "Outer", "Startup Cost": 104286.28, "Total Cost": 212931.86, "Plan Rows": 711018, "Plan Width": 12, "Actual Min Startup Time": 483.749, "Actual Max Startup Time": 503.721, "Actual Min Total Time": 1782.944, "Actual Max Total Time": 4075.042, "Plans": [{"Node Type": "Hash Join", "Parent Relationship": "Outer", "Join Type": "Inner", "Startup Cost": 104286.28, "Total Cost": 195237.77, "Plan Rows": 711018, "Plan Width": 12, "Actual Min Startup Time": 609.63, "Actual Max Startup Time": 841.162, "Actual Min Total Time": 1681.314, "Actual Max Total Time": 3947.407, "Inner Unique": false, "Hash Cond": "(ci.movie_id = mc.movie_id), (LLVM Optimized, Jit Execute)", "Plans": [{"Node Type": "Streaming(type: LOCAL REDISTRIBUTE dop: 16/16)", "Parent Relationship": "Outer", "Startup Cost": 15001.51, "Total Cost": 102848.74, "Plan Rows": 3296318, "Plan Width": 8, "Actual Min Startup Time": 0.076, "Actual Max Startup Time": 1.512, "Actual Min Total Time": 958.941, "Actual Max Total Time": 3213.625, "Plans": [{"Node Type": "Hash Join", "Parent Relationship": "Outer", "Join Type": "Inner", "Startup Cost": 15001.51, "Total Cost": 75358.79, "Plan Rows": 3296318, "Plan Width": 8, "Actual Min Startup Time": 619.338, "Actual Max Startup Time": 684.705, "Actual Min Total Time": 978.386, "Actual Max Total Time": 1050.522, "Inner Unique": true, "Hash Cond": "(ci.role_id = rt.id), (LLVM Optimized, Jit Execute)", "Plans": [{"Node Type": "Seq Scan", "Parent Relationship": "Outer", "Relation Name": "cast_info", "Alias": "ci", "Startup Cost": 0.0, "Total Cost": 52617.37, "Plan Rows": 36259494, "Plan Width": 12, "Actual Min Startup Time": 0.025, "Actual Max Startup Time": 0.046, "Actual Min Total Time": 516.432, "Actual Max Total Time": 561.683, "Actual Rows": 36244343}, {"Node Type": "Hash", "Parent Relationship": "Inner", "Startup Cost": 15001.5, "Total Cost": 15001.5, "Plan Rows": 16, "Plan Width": 4, "Actual Min Startup Time": 0.012, "Actual Max Startup Time": 30.687, "Actual Min Total Time": 0.012, "Actual Max Total Time": 30.687, "Max Hash Buckets": 32768, "Min Hash Buckets": 32768, "Max Hash Batches": 1, "Min Hash Batches": 1, "Max Original Hash Batches": 1, "Min Original Hash Batches": 1, "Max Peak Memory Usage": 1, "min Peak Memory Usage": 1, "Plans": [{"Node Type": "Streaming(type: BROADCAST dop: 16/1)", "Parent Relationship": "Outer", "Startup Cost": 0.0, "Total Cost": 15001.5, "Plan Rows": 16, "Plan Width": 4, "Actual Min Startup Time": 0.003, "Actual Max Startup Time": 30.667, "Actual Min Total Time": 0.003, "Actual Max Total Time": 30.669, "Plans": [{"Node Type": "Seq Scan", "Parent Relationship": "Outer", "Relation Name": "role_type", "Alias": "rt", "Startup Cost": 0.0, "Total Cost": 1.15, "Plan Rows": 1, "Plan Width": 4, "Actual Min Startup Time": 0.038, "Actual Max Startup Time": 0.038, "Actual Min Total Time": 0.042, "Actual Max Total Time": 0.042, "Filter": "((role)::text = 'writer'::text)", "Rows Removed by Filter": 11, "Actual Rows": 1}], "Actual Rows": 16}], "Actual Rows": 16}], "Actual Rows": 2728943}], "Actual Rows": 2728943}, {"Node Type": "Hash", "Parent Relationship": "Inner", "Startup Cost": 88282.97, "Total Cost": 88282.97, "Plan Rows": 1282311, "Plan Width": 4, "Actual Min Startup Time": 608.642, "Actual Max Startup Time": 840.955, "Actual Min Total Time": 608.642, "Actual Max Total Time": 840.955, "Max Hash Buckets": 131072, "Min Hash Buckets": 131072, "Max Hash Batches": 1, "Min Hash Batches": 1, "Max Original Hash Batches": 1, "Min Original Hash Batches": 1, "Max Peak Memory Usage": 2542, "min Peak Memory Usage": 2542, "Plans": [{"Node Type": "Streaming(type: LOCAL REDISTRIBUTE dop: 16/16)", "Parent Relationship": "Outer", "Startup Cost": 24511.53, "Total Cost": 88282.97, "Plan Rows": 1282311, "Plan Width": 4, "Actual Min Startup Time": 165.19, "Actual Max Startup Time": 397.376, "Actual Min Total Time": 583.19, "Actual Max Total Time": 810.364, "Plans": [{"Node Type": "Hash Join", "Parent Relationship": "Outer", "Join Type": "Inner", "Startup Cost": 24511.53, "Total Cost": 68424.21, "Plan Rows": 1282311, "Plan Width": 4, "Actual Min Startup Time": 163.079, "Actual Max Startup Time": 409.822, "Actual Min Total Time": 482.508, "Actual Max Total Time": 768.684, "Inner Unique": true, "Hash Cond": "(mc.company_id = cn.id), (LLVM Optimized, Jit Execute)", "Plans": [{"Node Type": "Streaming(type: LOCAL REDISTRIBUTE dop: 16/16)", "Parent Relationship": "Outer", "Startup Cost": 0.0, "Total Cost": 42499.73, "Plan Rows": 2609128, "Plan Width": 8, "Actual Min Startup Time": 0.07, "Actual Max Startup Time": 1.506, "Actual Min Total Time": 241.68, "Actual Max Total Time": 332.619, "Plans": [{"Node Type": "Seq Scan", "Parent Relationship": "Outer", "Relation Name": "movie_companies", "Alias": "mc", "Startup Cost": 0.0, "Total Cost": 17613.58, "Plan Rows": 2609128, "Plan Width": 8, "Actual Min Startup Time": 0.024, "Actual Max Startup Time": 0.046, "Actual Min Total Time": 46.05, "Actual Max Total Time": 53.959, "Actual Rows": 2609128}], "Actual Rows": 2609128}, {"Node Type": "Hash", "Parent Relationship": "Inner", "Startup Cost": 24444.99, "Total Cost": 24444.99, "Plan Rows": 85170, "Plan Width": 4, "Actual Min Startup Time": 162.501, "Actual Max Startup Time": 408.821, "Actual Min Total Time": 162.501, "Actual Max Total Time": 408.821, "Max Hash Buckets": 32768, "Min Hash Buckets": 32768, "Max Hash Batches": 1, "Min Hash Batches": 1, "Max Original Hash Batches": 1, "Min Original Hash Batches": 1, "Max Peak Memory Usage": 182, "min Peak Memory Usage": 182, "Plans": [{"Node Type": "Streaming(type: LOCAL REDISTRIBUTE dop: 16/1)", "Parent Relationship": "Outer", "Startup Cost": 0.0, "Total Cost": 24444.99, "Plan Rows": 85170, "Plan Width": 4, "Actual Min Startup Time": 0.028, "Actual Max Startup Time": 240.208, "Actual Min Total Time": 160.838, "Actual Max Total Time": 406.797, "Plans": [{"Node Type": "Seq Scan", "Parent Relationship": "Outer", "Relation Name": "company_name", "Alias": "cn", "Startup Cost": 0.0, "Total Cost": 5903.45, "Plan Rows": 85170, "Plan Width": 4, "Actual Min Startup Time": 0.047, "Actual Max Startup Time": 0.047, "Actual Min Total Time": 93.762, "Actual Max Total Time": 93.762, "Filter": "((country_code)::text = '[us]'::text)", "Rows Removed by Filter": 150153, "Actual Rows": 84843}], "Actual Rows": 84843}], "Actual Rows": 84843}], "Actual Rows": 1153797}], "Actual Rows": 1153797}], "Actual Rows": 1153797}], "Actual Rows": 1970658}], "Actual Rows": 1970658}, {"Node Type": "Hash", "Parent Relationship": "Inner", "Startup Cost": 34659.52, "Total Cost": 34659.52, "Plan Rows": 901342, "Plan Width": 20, "Actual Min Startup Time": 129.787, "Actual Max Startup Time": 360.065, "Actual Min Total Time": 129.787, "Actual Max Total Time": 360.065, "Max Hash Buckets": 65536, "Min Hash Buckets": 65536, "Max Hash Batches": 1, "Min Hash Batches": 1, "Max Original Hash Batches": 1, "Min Original Hash Batches": 1, "Max Peak Memory Usage": 2981, "min Peak Memory Usage": 2981, "Plans": [{"Node Type": "Streaming(type: LOCAL REDISTRIBUTE dop: 16/16)", "Parent Relationship": "Outer", "Startup Cost": 0.0, "Total Cost": 34659.52, "Plan Rows": 901342, "Plan Width": 20, "Actual Min Startup Time": 0.045, "Actual Max Startup Time": 188.774, "Actual Min Total Time": 109.746, "Actual Max Total Time": 343.7, "Plans": [{"Node Type": "Seq Scan", "Parent Relationship": "Outer", "Relation Name": "aka_name", "Alias": "a1", "Startup Cost": 0.0, "Total Cost": 16244.28, "Plan Rows": 901342, "Plan Width": 20, "Actual Min Startup Time": 0.018, "Actual Max Startup Time": 0.04, "Actual Min Total Time": 16.479, "Actual Max Total Time": 20.369, "Actual Rows": 901342}], "Actual Rows": 901342}], "Actual Rows": 901342}], "Actual Rows": 2487611}], "Actual Rows": 2487611}, {"Node Type": "Hash", "Parent Relationship": "Inner", "Startup Cost": 43334.25, "Total Cost": 43334.25, "Plan Rows": 2528311, "Plan Width": 21, "Actual Min Startup Time": 381.985, "Actual Max Startup Time": 587.522, "Actual Min Total Time": 381.985, "Actual Max Total Time": 587.522, "Max Hash Buckets": 262144, "Min Hash Buckets": 262144, "Max Hash Batches": 1, "Min Hash Batches": 1, "Max Original Hash Batches": 1, "Min Original Hash Batches": 1, "Max Peak Memory Usage": 8518, "min Peak Memory Usage": 8518, "Plans": [{"Node Type": "Streaming(type: LOCAL REDISTRIBUTE dop: 16/16)", "Parent Relationship": "Outer", "Startup Cost": 0.0, "Total Cost": 43334.25, "Plan Rows": 2528311, "Plan Width": 21, "Actual Min Startup Time": 0.051, "Actual Max Startup Time": 110.199, "Actual Min Total Time": 305.798, "Actual Max Total Time": 512.197, "Plans": [{"Node Type": "Seq Scan", "Parent Relationship": "Outer", "Relation Name": "title", "Alias": "t", "Startup Cost": 0.0, "Total Cost": 18754.32, "Plan Rows": 2528311, "Plan Width": 21, "Actual Min Startup Time": 0.017, "Actual Max Startup Time": 0.033, "Actual Min Total Time": 50.642, "Actual Max Total Time": 58.797, "Actual Rows": 2528311}], "Actual Rows": 2528311}], "Actual Rows": 2528311}], "Actual Rows": 2487611}], "Actual Rows": 2487611}, {"Node Type": "Hash", "Parent Relationship": "Inner", "Startup Cost": 51607.87, "Total Cost": 51607.87, "Plan Rows": 4167490, "Plan Width": 4, "Actual Min Startup Time": 554.47, "Actual Max Startup Time": 758.245, "Actual Min Total Time": 554.47, "Actual Max Total Time": 758.245, "Max Hash Buckets": 262144, "Min Hash Buckets": 262144, "Max Hash Batches": 1, "Min Hash Batches": 1, "Max Original Hash Batches": 1, "Min Original Hash Batches": 1, "Max Peak Memory Usage": 9174, "min Peak Memory Usage": 9174, "Plans": [{"Node Type": "Streaming(type: LOCAL REDISTRIBUTE dop: 16/16)", "Parent Relationship": "Outer", "Startup Cost": 0.0, "Total Cost": 51607.87, "Plan Rows": 4167490, "Plan Width": 4, "Actual Min Startup Time": 0.05, "Actual Max Startup Time": 48.328, "Actual Min Total Time": 463.85, "Actual Max Total Time": 656.805, "Plans": [{"Node Type": "Index Only Scan", "Parent Relationship": "Outer", "Scan Direction": "Forward", "Index Name": "name_pkey", "Relation Name": "name", "Alias": "n1", "Startup Cost": 0.0, "Total Cost": 20816.99, "Plan Rows": 4167490, "Plan Width": 4, "Actual Min Startup Time": 0.039, "Actual Max Startup Time": 64.221, "Actual Min Total Time": 58.503, "Actual Max Total Time": 123.269, "Heap Fetches": 0, "Actual Rows": 4167490}], "Actual Rows": 4167490}], "Actual Rows": 4167490}], "Actual Rows": 2487611}], "Actual Rows": 16}], "Actual Rows": 16}], "Actual Rows": 1}, "Triggers": [], "Planner Runtime": 189, "Total Runtime": 4990.263, "Unique SQL Id": 2457761703}}, "(16, 9)": {"explain_plan": {"Plan": {"Node Type": "Aggregate", "Strategy": "Plain", "Startup Cost": 1386311.37, "Total Cost": 1386311.4, "Plan Rows": 1, "Plan Width": 97, "Plans": [{"Node Type": "Streaming(type: LOCAL GATHER dop: 1/16)", "Parent Relationship": "Outer", "Startup Cost": 1386311.37, "Total Cost": 1386311.4, "Plan Rows": 1, "Plan Width": 97, "Plans": [{"Node Type": "Aggregate", "Strategy": "Plain", "Parent Relationship": "Outer", "Startup Cost": 1386311.37, "Total Cost": 1386311.38, "Plan Rows": 1, "Plan Width": 97, "Plans": [{"Node Type": "Hash Join", "Parent Relationship": "Outer", "Join Type": "Inner", "Startup Cost": 252373.93, "Total Cost": 1384525.88, "Plan Rows": 357098, "Plan Width": 33, "Inner Unique": true, "Hash Cond": "(ci.movie_id = t.id), (LLVM Optimized)", "Plans": [{"Node Type": "Streaming(type: LOCAL REDISTRIBUTE dop: 16/16)", "Parent Relationship": "Outer", "Startup Cost": 218899.31, "Total Cost": 1350744.31, "Plan Rows": 357379, "Plan Width": 24, "Plans": [{"Node Type": "Hash Join", "Parent Relationship": "Outer", "Join Type": "Inner", "Startup Cost": 218899.31, "Total Cost": 1334390.18, "Plan Rows": 357379, "Plan Width": 24, "Inner Unique": true, "Hash Cond": "(a1.person_id = n1.id), (LLVM Optimized)", "Plans": [{"Node Type": "Streaming(type: LOCAL REDISTRIBUTE dop: 16/16)", "Parent Relationship": "Outer", "Startup Cost": 182755.14, "Total Cost": 1297938.9, "Plan Rows": 357379, "Plan Width": 32, "Plans": [{"Node Type": "Hash Join", "Parent Relationship": "Outer", "Join Type": "Inner", "Startup Cost": 182755.14, "Total Cost": 1281584.76, "Plan Rows": 357379, "Plan Width": 32, "Inner Unique": true, "Hash Cond": "(mc.company_id = cn.id), (LLVM Optimized)", "Plans": [{"Node Type": "Streaming(type: LOCAL REDISTRIBUTE dop: 16/16)", "Parent Relationship": "Outer", "Startup Cost": 175427.87, "Total Cost": 1273863.7, "Plan Rows": 727161, "Plan Width": 36, "Plans": [{"Node Type": "Hash Join", "Parent Relationship": "Outer", "Join Type": "Inner", "Startup Cost": 175427.87, "Total Cost": 1256108.44, "Plan Rows": 727161, "Plan Width": 36, "Inner Unique": false, "Hash Cond": "(ci.movie_id = mc.movie_id), (LLVM Optimized)", "Plans": [{"Node Type": "Streaming(type: LOCAL REDISTRIBUTE dop: 16/16)", "Parent Relationship": "Outer", "Startup Cost": 137161.66, "Total Cost": 1215145.72, "Plan Rows": 1484588, "Plan Width": 28, "Plans": [{"Node Type": "Hash Join", "Parent Relationship": "Outer", "Join Type": "Inner", "Startup Cost": 137161.66, "Total Cost": 1194520.52, "Plan Rows": 1484588, "Plan Width": 28, "Inner Unique": false, "Hash Cond": "(ci.person_id = a1.person_id), (LLVM Optimized)", "Plans": [{"Node Type": "Streaming(type: LOCAL REDISTRIBUTE dop: 16/16)", "Parent Relationship": "Outer", "Startup Cost": 15012.82, "Total Cost": 1066844.59, "Plan Rows": 3296318, "Plan Width": 8, "Plans": [{"Node Type": "Hash Join", "Parent Relationship": "Outer", "Join Type": "Inner", "Startup Cost": 15012.82, "Total Cost": 1039354.63, "Plan Rows": 3296318, "Plan Width": 8, "Inner Unique": true, "Hash Cond": "(ci.role_id = rt.id), (LLVM Optimized)", "Plans": [{"Node Type": "Index Scan", "Parent Relationship": "Outer", "Scan Direction": "Forward", "Index Name": "role_id_cast_info", "Relation Name": "cast_info", "Alias": "ci", "Startup Cost": 0.0, "Total Cost": 1016601.9, "Plan Rows": 36259494, "Plan Width": 12}, {"Node Type": "Hash", "Parent Relationship": "Inner", "Startup Cost": 15012.81, "Total Cost": 15012.81, "Plan Rows": 16, "Plan Width": 4, "Plans": [{"Node Type": "Streaming(type: BROADCAST dop: 16/1)", "Parent Relationship": "Outer", "Startup Cost": 0.0, "Total Cost": 15012.81, "Plan Rows": 16, "Plan Width": 4, "Plans": [{"Node Type": "Index Scan", "Parent Relationship": "Outer", "Scan Direction": "Forward", "Index Name": "role_type_pkey", "Relation Name": "role_type", "Alias": "rt", "Startup Cost": 0.0, "Total Cost": 12.46, "Plan Rows": 1, "Plan Width": 4, "Filter": "((role)::text = 'writer'::text)"}]}]}]}]}, {"Node Type": "Hash", "Parent Relationship": "Inner", "Startup Cost": 121444.67, "Total Cost": 121444.67, "Plan Rows": 901342, "Plan Width": 20, "Plans": [{"Node Type": "Streaming(type: LOCAL REDISTRIBUTE dop: 16/1)", "Parent Relationship": "Outer", "Startup Cost": 0.0, "Total Cost": 121444.67, "Plan Rows": 901342, "Plan Width": 20, "Plans": [{"Node Type": "Index Scan", "Parent Relationship": "Outer", "Scan Direction": "Forward", "Index Name": "person_id_aka_name", "Relation Name": "aka_name", "Alias": "a1", "Startup Cost": 0.0, "Total Cost": 68965.03, "Plan Rows": 901342, "Plan Width": 20}]}]}]}]}, {"Node Type": "Hash", "Parent Relationship": "Inner", "Startup Cost": 139099.07, "Total Cost": 139099.07, "Plan Rows": 2609128, "Plan Width": 8, "Plans": [{"Node Type": "Streaming(type: LOCAL REDISTRIBUTE dop: 16/16)", "Parent Relationship": "Outer", "Startup Cost": 0.0, "Total Cost": 139099.07, "Plan Rows": 2609128, "Plan Width": 8, "Plans": [{"Node Type": "Index Scan", "Parent Relationship": "Outer", "Scan Direction": "Forward", "Index Name": "company_id_movie_companies", "Relation Name": "movie_companies", "Alias": "mc", "Startup Cost": 0.0, "Total Cost": 114212.92, "Plan Rows": 2609128, "Plan Width": 8}]}]}]}]}, {"Node Type": "Hash", "Parent Relationship": "Inner", "Startup Cost": 29042.93, "Total Cost": 29042.93, "Plan Rows": 85170, "Plan Width": 4, "Plans": [{"Node Type": "Streaming(type: LOCAL REDISTRIBUTE dop: 16/1)", "Parent Relationship": "Outer", "Startup Cost": 0.0, "Total Cost": 29042.93, "Plan Rows": 85170, "Plan Width": 4, "Plans": [{"Node Type": "Index Scan", "Parent Relationship": "Outer", "Scan Direction": "Forward", "Index Name": "company_name_pkey", "Relation Name": "company_name", "Alias": "cn", "Startup Cost": 0.0, "Total Cost": 10501.39, "Plan Rows": 85170, "Plan Width": 4, "Filter": "((country_code)::text = '[us]'::text)"}]}]}]}]}, {"Node Type": "Hash", "Parent Relationship": "Inner", "Startup Cost": 131553.26, "Total Cost": 131553.26, "Plan Rows": 4167490, "Plan Width": 4, "Plans": [{"Node Type": "Streaming(type: LOCAL REDISTRIBUTE dop: 16/16)", "Parent Relationship": "Outer", "Startup Cost": 0.0, "Total Cost": 131553.26, "Plan Rows": 4167490, "Plan Width": 4, "Plans": [{"Node Type": "Index Only Scan", "Parent Relationship": "Outer", "Scan Direction": "Forward", "Index Name": "name_pkey", "Relation Name": "name", "Alias": "n1", "Startup Cost": 0.0, "Total Cost": 100762.38, "Plan Rows": 4167490, "Plan Width": 4}]}]}]}]}, {"Node Type": "Hash", "Parent Relationship": "Inner", "Startup Cost": 125997.5, "Total Cost": 125997.5, "Plan Rows": 2528311, "Plan Width": 21, "Plans": [{"Node Type": "Streaming(type: LOCAL REDISTRIBUTE dop: 16/16)", "Parent Relationship": "Outer", "Startup Cost": 0.0, "Total Cost": 125997.5, "Plan Rows": 2528311, "Plan Width": 21, "Plans": [{"Node Type": "Index Scan", "Parent Relationship": "Outer", "Scan Direction": "Forward", "Index Name": "title_pkey", "Relation Name": "title", "Alias": "t", "Startup Cost": 0.0, "Total Cost": 101417.57, "Plan Rows": 2528311, "Plan Width": 21}]}]}]}]}]}]}, "Unique SQL Id": 2457761703, "Planner Runtime": 124}, "explain_analyze_plan": null}, "(16, 10)": {"explain_plan": {"Plan": {"Node Type": "Aggregate", "Strategy": "Plain", "Startup Cost": 287566.27, "Total Cost": 287566.3, "Plan Rows": 1, "Plan Width": 97, "Plans": [{"Node Type": "Streaming(type: LOCAL GATHER dop: 1/16)", "Parent Relationship": "Outer", "Startup Cost": 287566.27, "Total Cost": 287566.3, "Plan Rows": 1, "Plan Width": 97, "Plans": [{"Node Type": "Aggregate", "Strategy": "Plain", "Parent Relationship": "Outer", "Startup Cost": 287566.27, "Total Cost": 287566.28, "Plan Rows": 1, "Plan Width": 97, "Plans": [{"Node Type": "Hash Join", "Parent Relationship": "Outer", "Join Type": "Inner", "Startup Cost": 142621.96, "Total Cost": 285780.78, "Plan Rows": 357098, "Plan Width": 33, "Inner Unique": true, "Hash Cond": "(a1.person_id = n1.id), (LLVM Optimized)", "Plans": [{"Node Type": "Streaming(type: LOCAL REDISTRIBUTE dop: 16/16)", "Parent Relationship": "Outer", "Startup Cost": 126464.14, "Total Cost": 269316.07, "Plan Rows": 357098, "Plan Width": 41, "Plans": [{"Node Type": "Hash Join", "Parent Relationship": "Outer", "Join Type": "Inner", "Startup Cost": 126464.14, "Total Cost": 252963.01, "Plan Rows": 357098, "Plan Width": 41, "Inner Unique": true, "Hash Cond": "(ci.movie_id = t.id), (LLVM Optimized)", "Plans": [{"Node Type": "Streaming(type: LOCAL REDISTRIBUTE dop: 16/16)", "Parent Relationship": "Outer", "Startup Cost": 113655.34, "Total Cost": 239847.25, "Plan Rows": 357379, "Plan Width": 32, "Plans": [{"Node Type": "Hash Join", "Parent Relationship": "Outer", "Join Type": "Inner", "Startup Cost": 113655.34, "Total Cost": 223493.12, "Plan Rows": 357379, "Plan Width": 32, "Inner Unique": false, "Hash Cond": "(ci.person_id = a1.person_id), (LLVM Optimized)", "Plans": [{"Node Type": "Streaming(type: LOCAL REDISTRIBUTE dop: 16/16)", "Parent Relationship": "Outer", "Startup Cost": 104286.28, "Total Cost": 212931.86, "Plan Rows": 711018, "Plan Width": 12, "Plans": [{"Node Type": "Hash Join", "Parent Relationship": "Outer", "Join Type": "Inner", "Startup Cost": 104286.28, "Total Cost": 195237.77, "Plan Rows": 711018, "Plan Width": 12, "Inner Unique": false, "Hash Cond": "(ci.movie_id = mc.movie_id), (LLVM Optimized)", "Plans": [{"Node Type": "Streaming(type: LOCAL REDISTRIBUTE dop: 16/16)", "Parent Relationship": "Outer", "Startup Cost": 15001.51, "Total Cost": 102848.74, "Plan Rows": 3296318, "Plan Width": 8, "Plans": [{"Node Type": "Hash Join", "Parent Relationship": "Outer", "Join Type": "Inner", "Startup Cost": 15001.51, "Total Cost": 75358.79, "Plan Rows": 3296318, "Plan Width": 8, "Inner Unique": true, "Hash Cond": "(ci.role_id = rt.id), (LLVM Optimized)", "Plans": [{"Node Type": "Seq Scan", "Parent Relationship": "Outer", "Relation Name": "cast_info", "Alias": "ci", "Startup Cost": 0.0, "Total Cost": 52617.37, "Plan Rows": 36259494, "Plan Width": 12}, {"Node Type": "Hash", "Parent Relationship": "Inner", "Startup Cost": 15001.5, "Total Cost": 15001.5, "Plan Rows": 16, "Plan Width": 4, "Plans": [{"Node Type": "Streaming(type: BROADCAST dop: 16/1)", "Parent Relationship": "Outer", "Startup Cost": 0.0, "Total Cost": 15001.5, "Plan Rows": 16, "Plan Width": 4, "Plans": [{"Node Type": "Seq Scan", "Parent Relationship": "Outer", "Relation Name": "role_type", "Alias": "rt", "Startup Cost": 0.0, "Total Cost": 1.15, "Plan Rows": 1, "Plan Width": 4, "Filter": "((role)::text = 'writer'::text)"}]}]}]}]}, {"Node Type": "Hash", "Parent Relationship": "Inner", "Startup Cost": 88282.97, "Total Cost": 88282.97, "Plan Rows": 1282311, "Plan Width": 4, "Plans": [{"Node Type": "Streaming(type: LOCAL REDISTRIBUTE dop: 16/16)", "Parent Relationship": "Outer", "Startup Cost": 24511.53, "Total Cost": 88282.97, "Plan Rows": 1282311, "Plan Width": 4, "Plans": [{"Node Type": "Hash Join", "Parent Relationship": "Outer", "Join Type": "Inner", "Startup Cost": 24511.53, "Total Cost": 68424.21, "Plan Rows": 1282311, "Plan Width": 4, "Inner Unique": true, "Hash Cond": "(mc.company_id = cn.id), (LLVM Optimized)", "Plans": [{"Node Type": "Streaming(type: LOCAL REDISTRIBUTE dop: 16/16)", "Parent Relationship": "Outer", "Startup Cost": 0.0, "Total Cost": 42499.73, "Plan Rows": 2609128, "Plan Width": 8, "Plans": [{"Node Type": "Seq Scan", "Parent Relationship": "Outer", "Relation Name": "movie_companies", "Alias": "mc", "Startup Cost": 0.0, "Total Cost": 17613.58, "Plan Rows": 2609128, "Plan Width": 8}]}, {"Node Type": "Hash", "Parent Relationship": "Inner", "Startup Cost": 24444.99, "Total Cost": 24444.99, "Plan Rows": 85170, "Plan Width": 4, "Plans": [{"Node Type": "Streaming(type: LOCAL REDISTRIBUTE dop: 16/1)", "Parent Relationship": "Outer", "Startup Cost": 0.0, "Total Cost": 24444.99, "Plan Rows": 85170, "Plan Width": 4, "Plans": [{"Node Type": "Seq Scan", "Parent Relationship": "Outer", "Relation Name": "company_name", "Alias": "cn", "Startup Cost": 0.0, "Total Cost": 5903.45, "Plan Rows": 85170, "Plan Width": 4, "Filter": "((country_code)::text = '[us]'::text)"}]}]}]}]}]}]}]}, {"Node Type": "Hash", "Parent Relationship": "Inner", "Startup Cost": 34659.52, "Total Cost": 34659.52, "Plan Rows": 901342, "Plan Width": 20, "Plans": [{"Node Type": "Streaming(type: LOCAL REDISTRIBUTE dop: 16/16)", "Parent Relationship": "Outer", "Startup Cost": 0.0, "Total Cost": 34659.52, "Plan Rows": 901342, "Plan Width": 20, "Plans": [{"Node Type": "Seq Scan", "Parent Relationship": "Outer", "Relation Name": "aka_name", "Alias": "a1", "Startup Cost": 0.0, "Total Cost": 16244.28, "Plan Rows": 901342, "Plan Width": 20}]}]}]}]}, {"Node Type": "Hash", "Parent Relationship": "Inner", "Startup Cost": 43334.25, "Total Cost": 43334.25, "Plan Rows": 2528311, "Plan Width": 21, "Plans": [{"Node Type": "Streaming(type: LOCAL REDISTRIBUTE dop: 16/16)", "Parent Relationship": "Outer", "Startup Cost": 0.0, "Total Cost": 43334.25, "Plan Rows": 2528311, "Plan Width": 21, "Plans": [{"Node Type": "Seq Scan", "Parent Relationship": "Outer", "Relation Name": "title", "Alias": "t", "Startup Cost": 0.0, "Total Cost": 18754.32, "Plan Rows": 2528311, "Plan Width": 21}]}]}]}]}, {"Node Type": "Hash", "Parent Relationship": "Inner", "Startup Cost": 51607.87, "Total Cost": 51607.87, "Plan Rows": 4167490, "Plan Width": 4, "Plans": [{"Node Type": "Streaming(type: LOCAL REDISTRIBUTE dop: 16/16)", "Parent Relationship": "Outer", "Startup Cost": 0.0, "Total Cost": 51607.87, "Plan Rows": 4167490, "Plan Width": 4, "Plans": [{"Node Type": "Seq Scan", "Parent Relationship": "Outer", "Relation Name": "name", "Alias": "n1", "Startup Cost": 0.0, "Total Cost": 20816.99, "Plan Rows": 4167490, "Plan Width": 4}]}]}]}]}]}]}, "Unique SQL Id": 2457761703, "Planner Runtime": 202}, "explain_analyze_plan": {"Plan": {"Node Type": "Aggregate", "Strategy": "Plain", "Startup Cost": 287566.27, "Total Cost": 287566.3, "Plan Rows": 1, "Plan Width": 97, "Actual Min Startup Time": 2807.394, "Actual Max Startup Time": 2807.394, "Actual Min Total Time": 2807.394, "Actual Max Total Time": 2807.394, "Plans": [{"Node Type": "Streaming(type: LOCAL GATHER dop: 1/16)", "Parent Relationship": "Outer", "Startup Cost": 287566.27, "Total Cost": 287566.3, "Plan Rows": 1, "Plan Width": 97, "Actual Min Startup Time": 2805.812, "Actual Max Startup Time": 2805.812, "Actual Min Total Time": 2807.366, "Actual Max Total Time": 2807.366, "Plans": [{"Node Type": "Aggregate", "Strategy": "Plain", "Parent Relationship": "Outer", "Startup Cost": 287566.27, "Total Cost": 287566.28, "Plan Rows": 1, "Plan Width": 97, "Actual Min Startup Time": 2410.309, "Actual Max Startup Time": 2537.515, "Actual Min Total Time": 2410.309, "Actual Max Total Time": 2537.515, "Plans": [{"Node Type": "Hash Join", "Parent Relationship": "Outer", "Join Type": "Inner", "Startup Cost": 142621.96, "Total Cost": 285780.78, "Plan Rows": 357098, "Plan Width": 33, "Actual Min Startup Time": 682.796, "Actual Max Startup Time": 809.411, "Actual Min Total Time": 2287.798, "Actual Max Total Time": 2474.84, "Inner Unique": true, "Hash Cond": "(a1.person_id = n1.id), (LLVM Optimized, Jit Execute)", "Plans": [{"Node Type": "Streaming(type: LOCAL REDISTRIBUTE dop: 16/16)", "Parent Relationship": "Outer", "Startup Cost": 126464.14, "Total Cost": 269316.07, "Plan Rows": 357098, "Plan Width": 41, "Actual Min Startup Time": 104.514, "Actual Max Startup Time": 134.767, "Actual Min Total Time": 1604.955, "Actual Max Total Time": 1724.615, "Plans": [{"Node Type": "Hash Join", "Parent Relationship": "Outer", "Join Type": "Inner", "Startup Cost": 126464.14, "Total Cost": 252963.01, "Plan Rows": 357098, "Plan Width": 41, "Actual Min Startup Time": 684.369, "Actual Max Startup Time": 863.954, "Actual Min Total Time": 2250.417, "Actual Max Total Time": 2462.715, "Inner Unique": true, "Hash Cond": "(ci.movie_id = t.id), (LLVM Optimized, Jit Execute)", "Plans": [{"Node Type": "Streaming(type: LOCAL REDISTRIBUTE dop: 16/16)", "Parent Relationship": "Outer", "Startup Cost": 113655.34, "Total Cost": 239847.25, "Plan Rows": 357379, "Plan Width": 32, "Actual Min Startup Time": 317.069, "Actual Max Startup Time": 322.995, "Actual Min Total Time": 1801.077, "Actual Max Total Time": 1863.509, "Plans": [{"Node Type": "Hash Join", "Parent Relationship": "Outer", "Join Type": "Inner", "Startup Cost": 113655.34, "Total Cost": 223493.12, "Plan Rows": 357379, "Plan Width": 32, "Actual Min Startup Time": 676.499, "Actual Max Startup Time": 926.544, "Actual Min Total Time": 1889.984, "Actual Max Total Time": 2339.531, "Inner Unique": false, "Hash Cond": "(ci.person_id = a1.person_id), (LLVM Optimized, Jit Execute)", "Plans": [{"Node Type": "Streaming(type: LOCAL REDISTRIBUTE dop: 16/16)", "Parent Relationship": "Outer", "Startup Cost": 104286.28, "Total Cost": 212931.86, "Plan Rows": 711018, "Plan Width": 12, "Actual Min Startup Time": 544.363, "Actual Max Startup Time": 557.858, "Actual Min Total Time": 1635.928, "Actual Max Total Time": 1965.859, "Plans": [{"Node Type": "Hash Join", "Parent Relationship": "Outer", "Join Type": "Inner", "Startup Cost": 104286.28, "Total Cost": 195237.77, "Plan Rows": 711018, "Plan Width": 12, "Actual Min Startup Time": 676.505, "Actual Max Startup Time": 873.864, "Actual Min Total Time": 1726.934, "Actual Max Total Time": 1983.436, "Inner Unique": false, "Hash Cond": "(ci.movie_id = mc.movie_id), (LLVM Optimized, Jit Execute)", "Plans": [{"Node Type": "Streaming(type: LOCAL REDISTRIBUTE dop: 16/16)", "Parent Relationship": "Outer", "Startup Cost": 15001.51, "Total Cost": 102848.74, "Plan Rows": 3296318, "Plan Width": 8, "Actual Min Startup Time": 0.059, "Actual Max Startup Time": 0.35, "Actual Min Total Time": 960.325, "Actual Max Total Time": 1125.807, "Plans": [{"Node Type": "Hash Join", "Parent Relationship": "Outer", "Join Type": "Inner", "Startup Cost": 15001.51, "Total Cost": 75358.79, "Plan Rows": 3296318, "Plan Width": 8, "Actual Min Startup Time": 618.945, "Actual Max Startup Time": 658.044, "Actual Min Total Time": 973.958, "Actual Max Total Time": 1016.065, "Inner Unique": true, "Hash Cond": "(ci.role_id = rt.id), (LLVM Optimized, Jit Execute)", "Plans": [{"Node Type": "Seq Scan", "Parent Relationship": "Outer", "Relation Name": "cast_info", "Alias": "ci", "Startup Cost": 0.0, "Total Cost": 52617.37, "Plan Rows": 36259494, "Plan Width": 12, "Actual Min Startup Time": 0.027, "Actual Max Startup Time": 0.044, "Actual Min Total Time": 516.927, "Actual Max Total Time": 557.048, "Actual Rows": 36244343}, {"Node Type": "Hash", "Parent Relationship": "Inner", "Startup Cost": 15001.5, "Total Cost": 15001.5, "Plan Rows": 16, "Plan Width": 4, "Actual Min Startup Time": 0.012, "Actual Max Startup Time": 23.82, "Actual Min Total Time": 0.012, "Actual Max Total Time": 23.82, "Max Hash Buckets": 32768, "Min Hash Buckets": 32768, "Max Hash Batches": 1, "Min Hash Batches": 1, "Max Original Hash Batches": 1, "Min Original Hash Batches": 1, "Max Peak Memory Usage": 1, "min Peak Memory Usage": 1, "Plans": [{"Node Type": "Streaming(type: BROADCAST dop: 16/1)", "Parent Relationship": "Outer", "Startup Cost": 0.0, "Total Cost": 15001.5, "Plan Rows": 16, "Plan Width": 4, "Actual Min Startup Time": 0.003, "Actual Max Startup Time": 23.79, "Actual Min Total Time": 0.004, "Actual Max Total Time": 23.792, "Plans": [{"Node Type": "Seq Scan", "Parent Relationship": "Outer", "Relation Name": "role_type", "Alias": "rt", "Startup Cost": 0.0, "Total Cost": 1.15, "Plan Rows": 1, "Plan Width": 4, "Actual Min Startup Time": 0.032, "Actual Max Startup Time": 0.032, "Actual Min Total Time": 0.036, "Actual Max Total Time": 0.036, "Filter": "((role)::text = 'writer'::text)", "Rows Removed by Filter": 11, "Actual Rows": 1}], "Actual Rows": 16}], "Actual Rows": 16}], "Actual Rows": 2728943}], "Actual Rows": 2728943}, {"Node Type": "Hash", "Parent Relationship": "Inner", "Startup Cost": 88282.97, "Total Cost": 88282.97, "Plan Rows": 1282311, "Plan Width": 4, "Actual Min Startup Time": 676.313, "Actual Max Startup Time": 873.534, "Actual Min Total Time": 676.313, "Actual Max Total Time": 873.534, "Max Hash Buckets": 131072, "Min Hash Buckets": 131072, "Max Hash Batches": 1, "Min Hash Batches": 1, "Max Original Hash Batches": 1, "Min Original Hash Batches": 1, "Max Peak Memory Usage": 2542, "min Peak Memory Usage": 2542, "Plans": [{"Node Type": "Streaming(type: LOCAL REDISTRIBUTE dop: 16/16)", "Parent Relationship": "Outer", "Startup Cost": 24511.53, "Total Cost": 88282.97, "Plan Rows": 1282311, "Plan Width": 4, "Actual Min Startup Time": 194.948, "Actual Max Startup Time": 392.152, "Actual Min Total Time": 652.521, "Actual Max Total Time": 846.259, "Plans": [{"Node Type": "Hash Join", "Parent Relationship": "Outer", "Join Type": "Inner", "Startup Cost": 24511.53, "Total Cost": 68424.21, "Plan Rows": 1282311, "Plan Width": 4, "Actual Min Startup Time": 193.447, "Actual Max Startup Time": 460.105, "Actual Min Total Time": 545.948, "Actual Max Total Time": 855.575, "Inner Unique": true, "Hash Cond": "(mc.company_id = cn.id), (LLVM Optimized, Jit Execute)", "Plans": [{"Node Type": "Streaming(type: LOCAL REDISTRIBUTE dop: 16/16)", "Parent Relationship": "Outer", "Startup Cost": 0.0, "Total Cost": 42499.73, "Plan Rows": 2609128, "Plan Width": 8, "Actual Min Startup Time": 0.064, "Actual Max Startup Time": 1.902, "Actual Min Total Time": 262.091, "Actual Max Total Time": 376.152, "Plans": [{"Node Type": "Seq Scan", "Parent Relationship": "Outer", "Relation Name": "movie_companies", "Alias": "mc", "Startup Cost": 0.0, "Total Cost": 17613.58, "Plan Rows": 2609128, "Plan Width": 8, "Actual Min Startup Time": 0.027, "Actual Max Startup Time": 0.063, "Actual Min Total Time": 42.353, "Actual Max Total Time": 50.636, "Actual Rows": 2609128}], "Actual Rows": 2609128}, {"Node Type": "Hash", "Parent Relationship": "Inner", "Startup Cost": 24444.99, "Total Cost": 24444.99, "Plan Rows": 85170, "Plan Width": 4, "Actual Min Startup Time": 193.304, "Actual Max Startup Time": 459.356, "Actual Min Total Time": 193.304, "Actual Max Total Time": 459.356, "Max Hash Buckets": 32768, "Min Hash Buckets": 32768, "Max Hash Batches": 1, "Min Hash Batches": 1, "Max Original Hash Batches": 1, "Min Original Hash Batches": 1, "Max Peak Memory Usage": 182, "min Peak Memory Usage": 182, "Plans": [{"Node Type": "Streaming(type: LOCAL REDISTRIBUTE dop: 16/1)", "Parent Relationship": "Outer", "Startup Cost": 0.0, "Total Cost": 24444.99, "Plan Rows": 85170, "Plan Width": 4, "Actual Min Startup Time": 0.041, "Actual Max Startup Time": 266.767, "Actual Min Total Time": 191.764, "Actual Max Total Time": 457.92, "Plans": [{"Node Type": "Seq Scan", "Parent Relationship": "Outer", "Relation Name": "company_name", "Alias": "cn", "Startup Cost": 0.0, "Total Cost": 5903.45, "Plan Rows": 85170, "Plan Width": 4, "Actual Min Startup Time": 0.053, "Actual Max Startup Time": 0.053, "Actual Min Total Time": 97.001, "Actual Max Total Time": 97.001, "Filter": "((country_code)::text = '[us]'::text)", "Rows Removed by Filter": 150153, "Actual Rows": 84843}], "Actual Rows": 84843}], "Actual Rows": 84843}], "Actual Rows": 1153797}], "Actual Rows": 1153797}], "Actual Rows": 1153797}], "Actual Rows": 1970658}], "Actual Rows": 1970658}, {"Node Type": "Hash", "Parent Relationship": "Inner", "Startup Cost": 34659.52, "Total Cost": 34659.52, "Plan Rows": 901342, "Plan Width": 20, "Actual Min Startup Time": 130.612, "Actual Max Startup Time": 381.22, "Actual Min Total Time": 130.612, "Actual Max Total Time": 381.22, "Max Hash Buckets": 65536, "Min Hash Buckets": 65536, "Max Hash Batches": 1, "Min Hash Batches": 1, "Max Original Hash Batches": 1, "Min Original Hash Batches": 1, "Max Peak Memory Usage": 2981, "min Peak Memory Usage": 2981, "Plans": [{"Node Type": "Streaming(type: LOCAL REDISTRIBUTE dop: 16/16)", "Parent Relationship": "Outer", "Startup Cost": 0.0, "Total Cost": 34659.52, "Plan Rows": 901342, "Plan Width": 20, "Actual Min Startup Time": 0.052, "Actual Max Startup Time": 67.059, "Actual Min Total Time": 109.562, "Actual Max Total Time": 360.696, "Plans": [{"Node Type": "Seq Scan", "Parent Relationship": "Outer", "Relation Name": "aka_name", "Alias": "a1", "Startup Cost": 0.0, "Total Cost": 16244.28, "Plan Rows": 901342, "Plan Width": 20, "Actual Min Startup Time": 0.019, "Actual Max Startup Time": 0.042, "Actual Min Total Time": 15.933, "Actual Max Total Time": 20.502, "Actual Rows": 901342}], "Actual Rows": 901342}], "Actual Rows": 901342}], "Actual Rows": 2487611}], "Actual Rows": 2487611}, {"Node Type": "Hash", "Parent Relationship": "Inner", "Startup Cost": 43334.25, "Total Cost": 43334.25, "Plan Rows": 2528311, "Plan Width": 21, "Actual Min Startup Time": 365.618, "Actual Max Startup Time": 543.574, "Actual Min Total Time": 365.618, "Actual Max Total Time": 543.574, "Max Hash Buckets": 262144, "Min Hash Buckets": 262144, "Max Hash Batches": 1, "Min Hash Batches": 1, "Max Original Hash Batches": 1, "Min Original Hash Batches": 1, "Max Peak Memory Usage": 8518, "min Peak Memory Usage": 8518, "Plans": [{"Node Type": "Streaming(type: LOCAL REDISTRIBUTE dop: 16/16)", "Parent Relationship": "Outer", "Startup Cost": 0.0, "Total Cost": 43334.25, "Plan Rows": 2528311, "Plan Width": 21, "Actual Min Startup Time": 0.063, "Actual Max Startup Time": 18.287, "Actual Min Total Time": 289.389, "Actual Max Total Time": 470.899, "Plans": [{"Node Type": "Seq Scan", "Parent Relationship": "Outer", "Relation Name": "title", "Alias": "t", "Startup Cost": 0.0, "Total Cost": 18754.32, "Plan Rows": 2528311, "Plan Width": 21, "Actual Min Startup Time": 0.017, "Actual Max Startup Time": 0.037, "Actual Min Total Time": 47.834, "Actual Max Total Time": 58.11, "Actual Rows": 2528311}], "Actual Rows": 2528311}], "Actual Rows": 2528311}], "Actual Rows": 2487611}], "Actual Rows": 2487611}, {"Node Type": "Hash", "Parent Relationship": "Inner", "Startup Cost": 51607.87, "Total Cost": 51607.87, "Plan Rows": 4167490, "Plan Width": 4, "Actual Min Startup Time": 573.363, "Actual Max Startup Time": 700.351, "Actual Min Total Time": 573.363, "Actual Max Total Time": 700.351, "Max Hash Buckets": 262144, "Min Hash Buckets": 262144, "Max Hash Batches": 1, "Min Hash Batches": 1, "Max Original Hash Batches": 1, "Min Original Hash Batches": 1, "Max Peak Memory Usage": 9174, "min Peak Memory Usage": 9174, "Plans": [{"Node Type": "Streaming(type: LOCAL REDISTRIBUTE dop: 16/16)", "Parent Relationship": "Outer", "Startup Cost": 0.0, "Total Cost": 51607.87, "Plan Rows": 4167490, "Plan Width": 4, "Actual Min Startup Time": 0.053, "Actual Max Startup Time": 0.099, "Actual Min Total Time": 470.118, "Actual Max Total Time": 593.068, "Plans": [{"Node Type": "Seq Scan", "Parent Relationship": "Outer", "Relation Name": "name", "Alias": "n1", "Startup Cost": 0.0, "Total Cost": 20816.99, "Plan Rows": 4167490, "Plan Width": 4, "Actual Min Startup Time": 0.017, "Actual Max Startup Time": 0.04, "Actual Min Total Time": 75.276, "Actual Max Total Time": 87.952, "Actual Rows": 4167490}], "Actual Rows": 4167490}], "Actual Rows": 4167490}], "Actual Rows": 2487611}], "Actual Rows": 16}], "Actual Rows": 16}], "Actual Rows": 1}, "Triggers": [], "Planner Runtime": 253, "Total Runtime": 2852.697, "Unique SQL Id": 2457761703}}, "(16, 11)": {"explain_plan": {"Plan": {"Node Type": "Aggregate", "Strategy": "Plain", "Startup Cost": 6752833214283.18, "Total Cost": 6752833214283.19, "Plan Rows": 1, "Plan Width": 97, "Plans": [{"Node Type": "Nested Loop", "Parent Relationship": "Outer", "Join Type": "Inner", "Startup Cost": 70071825122.57, "Total Cost": 6752833212497.69, "Plan Rows": 357098, "Plan Width": 33, "Inner Unique": false, "Join Filter": "(t.id = ci.movie_id), (LLVM Optimized)", "Plans": [{"Node Type": "Merge Join", "Parent Relationship": "Outer", "Join Type": "Inner", "Startup Cost": 30021927926.2, "Total Cost": 3002409653794.57, "Plan Rows": 1282311, "Plan Width": 25, "Inner Unique": true, "Merge Cond": "(mc.movie_id = t.id)", "Plans": [{"Node Type": "Nested Loop", "Parent Relationship": "Outer", "Join Type": "Inner", "Startup Cost": 20000000000.0, "Total Cost": 2003347393774.42, "Plan Rows": 1282311, "Plan Width": 4, "Inner Unique": true, "Join Filter": "(cn.id = mc.company_id), (LLVM Optimized)", "Plans": [{"Node Type": "Index Scan", "Parent Relationship": "Outer", "Scan Direction": "Forward", "Index Name": "movie_id_movie_companies", "Relation Name": "movie_companies", "Alias": "mc", "Startup Cost": 10000000000.0, "Total Cost": 1000013051946.13, "Plan Rows": 2609128, "Plan Width": 8}, {"Node Type": "Materialize", "Parent Relationship": "Inner", "Startup Cost": 10000000000.0, "Total Cost": 1000001050564.82, "Plan Rows": 85170, "Plan Width": 4, "Plans": [{"Node Type": "Index Scan", "Parent Relationship": "Outer", "Scan Direction": "Forward", "Index Name": "company_name_pkey", "Relation Name": "company_name", "Alias": "cn", "Startup Cost": 10000000000.0, "Total Cost": 1000001050138.97, "Plan Rows": 85170, "Plan Width": 4, "Filter": "((country_code)::text = '[us]'::text)"}]}]}, {"Node Type": "Index Scan", "Parent Relationship": "Inner", "Scan Direction": "Forward", "Index Name": "title_pkey", "Relation Name": "title", "Alias": "t", "Startup Cost": 10000000000.0, "Total Cost": 1000011012048.91, "Plan Rows": 2528311, "Plan Width": 21}]}, {"Node Type": "Materialize", "Parent Relationship": "Inner", "Startup Cost": 40049897196.36, "Total Cost": 3721868009571.57, "Plan Rows": 1484588, "Plan Width": 20, "Plans": [{"Node Type": "Nested Loop", "Parent Relationship": "Outer", "Join Type": "Inner", "Startup Cost": 40049897196.36, "Total Cost": 3721868002148.63, "Plan Rows": 1484588, "Plan Width": 20, "Inner Unique": false, "Join Filter": "(ci.role_id = rt.id), (LLVM Optimized)", "Plans": [{"Node Type": "Index Scan", "Parent Relationship": "Outer", "Scan Direction": "Forward", "Index Name": "role_type_pkey", "Relation Name": "role_type", "Alias": "rt", "Startup Cost": 10000000000.0, "Total Cost": 1000000001246.0, "Plan Rows": 1, "Plan Width": 4, "Filter": "((role)::text = 'writer'::text)"}, {"Node Type": "Merge Join", "Parent Relationship": "Inner", "Join Type": "Inner", "Startup Cost": 30049897196.36, "Total Cost": 2721867796771.75, "Plan Rows": 16330470, "Plan Width": 24, "Inner Unique": false, "Merge Cond": "(a1.person_id = ci.person_id)", "Plans": [{"Node Type": "Merge Join", "Parent Relationship": "Outer", "Join Type": "Inner", "Startup Cost": 20030754356.47, "Total Cost": 2000002534968.85, "Plan Rows": 901342, "Plan Width": 24, "Inner Unique": true, "Merge Cond": "(a1.person_id = n1.id)", "Plans": [{"Node Type": "Index Scan", "Parent Relationship": "Outer", "Scan Direction": "Forward", "Index Name": "person_id_aka_name", "Relation Name": "aka_name", "Alias": "a1", "Startup Cost": 10000000000.0, "Total Cost": 1000006896503.43, "Plan Rows": 901342, "Plan Width": 20}, {"Node Type": "Index Only Scan", "Parent Relationship": "Inner", "Scan Direction": "Forward", "Index Name": "name_pkey", "Relation Name": "name", "Alias": "n1", "Startup Cost": 10000000000.0, "Total Cost": 1000012483260.0, "Plan Rows": 4167490, "Plan Width": 4}]}, {"Node Type": "Index Scan", "Parent Relationship": "Inner", "Scan Direction": "Forward", "Index Name": "person_id_cast_info", "Relation Name": "cast_info", "Alias": "ci", "Startup Cost": 10000000000.0, "Total Cost": 1000170648833.21, "Plan Rows": 36259494, "Plan Width": 12}]}]}]}]}]}, "Unique SQL Id": 2457761703, "Planner Runtime": 113}, "explain_analyze_plan": null}, "(16, 12)": {"explain_plan": {"Plan": {"Node Type": "Aggregate", "Strategy": "Plain", "Startup Cost": 287566.27, "Total Cost": 287566.3, "Plan Rows": 1, "Plan Width": 97, "Plans": [{"Node Type": "Streaming(type: LOCAL GATHER dop: 1/16)", "Parent Relationship": "Outer", "Startup Cost": 287566.27, "Total Cost": 287566.3, "Plan Rows": 1, "Plan Width": 97, "Plans": [{"Node Type": "Aggregate", "Strategy": "Plain", "Parent Relationship": "Outer", "Startup Cost": 287566.27, "Total Cost": 287566.28, "Plan Rows": 1, "Plan Width": 97, "Plans": [{"Node Type": "Hash Join", "Parent Relationship": "Outer", "Join Type": "Inner", "Startup Cost": 142621.96, "Total Cost": 285780.78, "Plan Rows": 357098, "Plan Width": 33, "Inner Unique": true, "Hash Cond": "(a1.person_id = n1.id), (LLVM Optimized)", "Plans": [{"Node Type": "Streaming(type: LOCAL REDISTRIBUTE dop: 16/16)", "Parent Relationship": "Outer", "Startup Cost": 126464.14, "Total Cost": 269316.07, "Plan Rows": 357098, "Plan Width": 41, "Plans": [{"Node Type": "Hash Join", "Parent Relationship": "Outer", "Join Type": "Inner", "Startup Cost": 126464.14, "Total Cost": 252963.01, "Plan Rows": 357098, "Plan Width": 41, "Inner Unique": true, "Hash Cond": "(ci.movie_id = t.id), (LLVM Optimized)", "Plans": [{"Node Type": "Streaming(type: LOCAL REDISTRIBUTE dop: 16/16)", "Parent Relationship": "Outer", "Startup Cost": 113655.34, "Total Cost": 239847.25, "Plan Rows": 357379, "Plan Width": 32, "Plans": [{"Node Type": "Hash Join", "Parent Relationship": "Outer", "Join Type": "Inner", "Startup Cost": 113655.34, "Total Cost": 223493.12, "Plan Rows": 357379, "Plan Width": 32, "Inner Unique": false, "Hash Cond": "(ci.person_id = a1.person_id), (LLVM Optimized)", "Plans": [{"Node Type": "Streaming(type: LOCAL REDISTRIBUTE dop: 16/16)", "Parent Relationship": "Outer", "Startup Cost": 104286.28, "Total Cost": 212931.86, "Plan Rows": 711018, "Plan Width": 12, "Plans": [{"Node Type": "Hash Join", "Parent Relationship": "Outer", "Join Type": "Inner", "Startup Cost": 104286.28, "Total Cost": 195237.77, "Plan Rows": 711018, "Plan Width": 12, "Inner Unique": false, "Hash Cond": "(ci.movie_id = mc.movie_id), (LLVM Optimized)", "Plans": [{"Node Type": "Streaming(type: LOCAL REDISTRIBUTE dop: 16/16)", "Parent Relationship": "Outer", "Startup Cost": 15001.51, "Total Cost": 102848.74, "Plan Rows": 3296318, "Plan Width": 8, "Plans": [{"Node Type": "Hash Join", "Parent Relationship": "Outer", "Join Type": "Inner", "Startup Cost": 15001.51, "Total Cost": 75358.79, "Plan Rows": 3296318, "Plan Width": 8, "Inner Unique": true, "Hash Cond": "(ci.role_id = rt.id), (LLVM Optimized)", "Plans": [{"Node Type": "Seq Scan", "Parent Relationship": "Outer", "Relation Name": "cast_info", "Alias": "ci", "Startup Cost": 0.0, "Total Cost": 52617.37, "Plan Rows": 36259494, "Plan Width": 12}, {"Node Type": "Hash", "Parent Relationship": "Inner", "Startup Cost": 15001.5, "Total Cost": 15001.5, "Plan Rows": 16, "Plan Width": 4, "Plans": [{"Node Type": "Streaming(type: BROADCAST dop: 16/1)", "Parent Relationship": "Outer", "Startup Cost": 0.0, "Total Cost": 15001.5, "Plan Rows": 16, "Plan Width": 4, "Plans": [{"Node Type": "Seq Scan", "Parent Relationship": "Outer", "Relation Name": "role_type", "Alias": "rt", "Startup Cost": 0.0, "Total Cost": 1.15, "Plan Rows": 1, "Plan Width": 4, "Filter": "((role)::text = 'writer'::text)"}]}]}]}]}, {"Node Type": "Hash", "Parent Relationship": "Inner", "Startup Cost": 88282.97, "Total Cost": 88282.97, "Plan Rows": 1282311, "Plan Width": 4, "Plans": [{"Node Type": "Streaming(type: LOCAL REDISTRIBUTE dop: 16/16)", "Parent Relationship": "Outer", "Startup Cost": 24511.53, "Total Cost": 88282.97, "Plan Rows": 1282311, "Plan Width": 4, "Plans": [{"Node Type": "Hash Join", "Parent Relationship": "Outer", "Join Type": "Inner", "Startup Cost": 24511.53, "Total Cost": 68424.21, "Plan Rows": 1282311, "Plan Width": 4, "Inner Unique": true, "Hash Cond": "(mc.company_id = cn.id), (LLVM Optimized)", "Plans": [{"Node Type": "Streaming(type: LOCAL REDISTRIBUTE dop: 16/16)", "Parent Relationship": "Outer", "Startup Cost": 0.0, "Total Cost": 42499.73, "Plan Rows": 2609128, "Plan Width": 8, "Plans": [{"Node Type": "Seq Scan", "Parent Relationship": "Outer", "Relation Name": "movie_companies", "Alias": "mc", "Startup Cost": 0.0, "Total Cost": 17613.58, "Plan Rows": 2609128, "Plan Width": 8}]}, {"Node Type": "Hash", "Parent Relationship": "Inner", "Startup Cost": 24444.99, "Total Cost": 24444.99, "Plan Rows": 85170, "Plan Width": 4, "Plans": [{"Node Type": "Streaming(type: LOCAL REDISTRIBUTE dop: 16/1)", "Parent Relationship": "Outer", "Startup Cost": 0.0, "Total Cost": 24444.99, "Plan Rows": 85170, "Plan Width": 4, "Plans": [{"Node Type": "Seq Scan", "Parent Relationship": "Outer", "Relation Name": "company_name", "Alias": "cn", "Startup Cost": 0.0, "Total Cost": 5903.45, "Plan Rows": 85170, "Plan Width": 4, "Filter": "((country_code)::text = '[us]'::text)"}]}]}]}]}]}]}]}, {"Node Type": "Hash", "Parent Relationship": "Inner", "Startup Cost": 34659.52, "Total Cost": 34659.52, "Plan Rows": 901342, "Plan Width": 20, "Plans": [{"Node Type": "Streaming(type: LOCAL REDISTRIBUTE dop: 16/16)", "Parent Relationship": "Outer", "Startup Cost": 0.0, "Total Cost": 34659.52, "Plan Rows": 901342, "Plan Width": 20, "Plans": [{"Node Type": "Seq Scan", "Parent Relationship": "Outer", "Relation Name": "aka_name", "Alias": "a1", "Startup Cost": 0.0, "Total Cost": 16244.28, "Plan Rows": 901342, "Plan Width": 20}]}]}]}]}, {"Node Type": "Hash", "Parent Relationship": "Inner", "Startup Cost": 43334.25, "Total Cost": 43334.25, "Plan Rows": 2528311, "Plan Width": 21, "Plans": [{"Node Type": "Streaming(type: LOCAL REDISTRIBUTE dop: 16/16)", "Parent Relationship": "Outer", "Startup Cost": 0.0, "Total Cost": 43334.25, "Plan Rows": 2528311, "Plan Width": 21, "Plans": [{"Node Type": "Seq Scan", "Parent Relationship": "Outer", "Relation Name": "title", "Alias": "t", "Startup Cost": 0.0, "Total Cost": 18754.32, "Plan Rows": 2528311, "Plan Width": 21}]}]}]}]}, {"Node Type": "Hash", "Parent Relationship": "Inner", "Startup Cost": 51607.87, "Total Cost": 51607.87, "Plan Rows": 4167490, "Plan Width": 4, "Plans": [{"Node Type": "Streaming(type: LOCAL REDISTRIBUTE dop: 16/16)", "Parent Relationship": "Outer", "Startup Cost": 0.0, "Total Cost": 51607.87, "Plan Rows": 4167490, "Plan Width": 4, "Plans": [{"Node Type": "Seq Scan", "Parent Relationship": "Outer", "Relation Name": "name", "Alias": "n1", "Startup Cost": 0.0, "Total Cost": 20816.99, "Plan Rows": 4167490, "Plan Width": 4}]}]}]}]}]}]}, "Unique SQL Id": 2457761703, "Planner Runtime": 206}, "explain_analyze_plan": {"Plan": {"Node Type": "Aggregate", "Strategy": "Plain", "Startup Cost": 287566.27, "Total Cost": 287566.3, "Plan Rows": 1, "Plan Width": 97, "Actual Min Startup Time": 2807.394, "Actual Max Startup Time": 2807.394, "Actual Min Total Time": 2807.394, "Actual Max Total Time": 2807.394, "Plans": [{"Node Type": "Streaming(type: LOCAL GATHER dop: 1/16)", "Parent Relationship": "Outer", "Startup Cost": 287566.27, "Total Cost": 287566.3, "Plan Rows": 1, "Plan Width": 97, "Actual Min Startup Time": 2805.812, "Actual Max Startup Time": 2805.812, "Actual Min Total Time": 2807.366, "Actual Max Total Time": 2807.366, "Plans": [{"Node Type": "Aggregate", "Strategy": "Plain", "Parent Relationship": "Outer", "Startup Cost": 287566.27, "Total Cost": 287566.28, "Plan Rows": 1, "Plan Width": 97, "Actual Min Startup Time": 2410.309, "Actual Max Startup Time": 2537.515, "Actual Min Total Time": 2410.309, "Actual Max Total Time": 2537.515, "Plans": [{"Node Type": "Hash Join", "Parent Relationship": "Outer", "Join Type": "Inner", "Startup Cost": 142621.96, "Total Cost": 285780.78, "Plan Rows": 357098, "Plan Width": 33, "Actual Min Startup Time": 682.796, "Actual Max Startup Time": 809.411, "Actual Min Total Time": 2287.798, "Actual Max Total Time": 2474.84, "Inner Unique": true, "Hash Cond": "(a1.person_id = n1.id), (LLVM Optimized, Jit Execute)", "Plans": [{"Node Type": "Streaming(type: LOCAL REDISTRIBUTE dop: 16/16)", "Parent Relationship": "Outer", "Startup Cost": 126464.14, "Total Cost": 269316.07, "Plan Rows": 357098, "Plan Width": 41, "Actual Min Startup Time": 104.514, "Actual Max Startup Time": 134.767, "Actual Min Total Time": 1604.955, "Actual Max Total Time": 1724.615, "Plans": [{"Node Type": "Hash Join", "Parent Relationship": "Outer", "Join Type": "Inner", "Startup Cost": 126464.14, "Total Cost": 252963.01, "Plan Rows": 357098, "Plan Width": 41, "Actual Min Startup Time": 684.369, "Actual Max Startup Time": 863.954, "Actual Min Total Time": 2250.417, "Actual Max Total Time": 2462.715, "Inner Unique": true, "Hash Cond": "(ci.movie_id = t.id), (LLVM Optimized, Jit Execute)", "Plans": [{"Node Type": "Streaming(type: LOCAL REDISTRIBUTE dop: 16/16)", "Parent Relationship": "Outer", "Startup Cost": 113655.34, "Total Cost": 239847.25, "Plan Rows": 357379, "Plan Width": 32, "Actual Min Startup Time": 317.069, "Actual Max Startup Time": 322.995, "Actual Min Total Time": 1801.077, "Actual Max Total Time": 1863.509, "Plans": [{"Node Type": "Hash Join", "Parent Relationship": "Outer", "Join Type": "Inner", "Startup Cost": 113655.34, "Total Cost": 223493.12, "Plan Rows": 357379, "Plan Width": 32, "Actual Min Startup Time": 676.499, "Actual Max Startup Time": 926.544, "Actual Min Total Time": 1889.984, "Actual Max Total Time": 2339.531, "Inner Unique": false, "Hash Cond": "(ci.person_id = a1.person_id), (LLVM Optimized, Jit Execute)", "Plans": [{"Node Type": "Streaming(type: LOCAL REDISTRIBUTE dop: 16/16)", "Parent Relationship": "Outer", "Startup Cost": 104286.28, "Total Cost": 212931.86, "Plan Rows": 711018, "Plan Width": 12, "Actual Min Startup Time": 544.363, "Actual Max Startup Time": 557.858, "Actual Min Total Time": 1635.928, "Actual Max Total Time": 1965.859, "Plans": [{"Node Type": "Hash Join", "Parent Relationship": "Outer", "Join Type": "Inner", "Startup Cost": 104286.28, "Total Cost": 195237.77, "Plan Rows": 711018, "Plan Width": 12, "Actual Min Startup Time": 676.505, "Actual Max Startup Time": 873.864, "Actual Min Total Time": 1726.934, "Actual Max Total Time": 1983.436, "Inner Unique": false, "Hash Cond": "(ci.movie_id = mc.movie_id), (LLVM Optimized, Jit Execute)", "Plans": [{"Node Type": "Streaming(type: LOCAL REDISTRIBUTE dop: 16/16)", "Parent Relationship": "Outer", "Startup Cost": 15001.51, "Total Cost": 102848.74, "Plan Rows": 3296318, "Plan Width": 8, "Actual Min Startup Time": 0.059, "Actual Max Startup Time": 0.35, "Actual Min Total Time": 960.325, "Actual Max Total Time": 1125.807, "Plans": [{"Node Type": "Hash Join", "Parent Relationship": "Outer", "Join Type": "Inner", "Startup Cost": 15001.51, "Total Cost": 75358.79, "Plan Rows": 3296318, "Plan Width": 8, "Actual Min Startup Time": 618.945, "Actual Max Startup Time": 658.044, "Actual Min Total Time": 973.958, "Actual Max Total Time": 1016.065, "Inner Unique": true, "Hash Cond": "(ci.role_id = rt.id), (LLVM Optimized, Jit Execute)", "Plans": [{"Node Type": "Seq Scan", "Parent Relationship": "Outer", "Relation Name": "cast_info", "Alias": "ci", "Startup Cost": 0.0, "Total Cost": 52617.37, "Plan Rows": 36259494, "Plan Width": 12, "Actual Min Startup Time": 0.027, "Actual Max Startup Time": 0.044, "Actual Min Total Time": 516.927, "Actual Max Total Time": 557.048, "Actual Rows": 36244343}, {"Node Type": "Hash", "Parent Relationship": "Inner", "Startup Cost": 15001.5, "Total Cost": 15001.5, "Plan Rows": 16, "Plan Width": 4, "Actual Min Startup Time": 0.012, "Actual Max Startup Time": 23.82, "Actual Min Total Time": 0.012, "Actual Max Total Time": 23.82, "Max Hash Buckets": 32768, "Min Hash Buckets": 32768, "Max Hash Batches": 1, "Min Hash Batches": 1, "Max Original Hash Batches": 1, "Min Original Hash Batches": 1, "Max Peak Memory Usage": 1, "min Peak Memory Usage": 1, "Plans": [{"Node Type": "Streaming(type: BROADCAST dop: 16/1)", "Parent Relationship": "Outer", "Startup Cost": 0.0, "Total Cost": 15001.5, "Plan Rows": 16, "Plan Width": 4, "Actual Min Startup Time": 0.003, "Actual Max Startup Time": 23.79, "Actual Min Total Time": 0.004, "Actual Max Total Time": 23.792, "Plans": [{"Node Type": "Seq Scan", "Parent Relationship": "Outer", "Relation Name": "role_type", "Alias": "rt", "Startup Cost": 0.0, "Total Cost": 1.15, "Plan Rows": 1, "Plan Width": 4, "Actual Min Startup Time": 0.032, "Actual Max Startup Time": 0.032, "Actual Min Total Time": 0.036, "Actual Max Total Time": 0.036, "Filter": "((role)::text = 'writer'::text)", "Rows Removed by Filter": 11, "Actual Rows": 1}], "Actual Rows": 16}], "Actual Rows": 16}], "Actual Rows": 2728943}], "Actual Rows": 2728943}, {"Node Type": "Hash", "Parent Relationship": "Inner", "Startup Cost": 88282.97, "Total Cost": 88282.97, "Plan Rows": 1282311, "Plan Width": 4, "Actual Min Startup Time": 676.313, "Actual Max Startup Time": 873.534, "Actual Min Total Time": 676.313, "Actual Max Total Time": 873.534, "Max Hash Buckets": 131072, "Min Hash Buckets": 131072, "Max Hash Batches": 1, "Min Hash Batches": 1, "Max Original Hash Batches": 1, "Min Original Hash Batches": 1, "Max Peak Memory Usage": 2542, "min Peak Memory Usage": 2542, "Plans": [{"Node Type": "Streaming(type: LOCAL REDISTRIBUTE dop: 16/16)", "Parent Relationship": "Outer", "Startup Cost": 24511.53, "Total Cost": 88282.97, "Plan Rows": 1282311, "Plan Width": 4, "Actual Min Startup Time": 194.948, "Actual Max Startup Time": 392.152, "Actual Min Total Time": 652.521, "Actual Max Total Time": 846.259, "Plans": [{"Node Type": "Hash Join", "Parent Relationship": "Outer", "Join Type": "Inner", "Startup Cost": 24511.53, "Total Cost": 68424.21, "Plan Rows": 1282311, "Plan Width": 4, "Actual Min Startup Time": 193.447, "Actual Max Startup Time": 460.105, "Actual Min Total Time": 545.948, "Actual Max Total Time": 855.575, "Inner Unique": true, "Hash Cond": "(mc.company_id = cn.id), (LLVM Optimized, Jit Execute)", "Plans": [{"Node Type": "Streaming(type: LOCAL REDISTRIBUTE dop: 16/16)", "Parent Relationship": "Outer", "Startup Cost": 0.0, "Total Cost": 42499.73, "Plan Rows": 2609128, "Plan Width": 8, "Actual Min Startup Time": 0.064, "Actual Max Startup Time": 1.902, "Actual Min Total Time": 262.091, "Actual Max Total Time": 376.152, "Plans": [{"Node Type": "Seq Scan", "Parent Relationship": "Outer", "Relation Name": "movie_companies", "Alias": "mc", "Startup Cost": 0.0, "Total Cost": 17613.58, "Plan Rows": 2609128, "Plan Width": 8, "Actual Min Startup Time": 0.027, "Actual Max Startup Time": 0.063, "Actual Min Total Time": 42.353, "Actual Max Total Time": 50.636, "Actual Rows": 2609128}], "Actual Rows": 2609128}, {"Node Type": "Hash", "Parent Relationship": "Inner", "Startup Cost": 24444.99, "Total Cost": 24444.99, "Plan Rows": 85170, "Plan Width": 4, "Actual Min Startup Time": 193.304, "Actual Max Startup Time": 459.356, "Actual Min Total Time": 193.304, "Actual Max Total Time": 459.356, "Max Hash Buckets": 32768, "Min Hash Buckets": 32768, "Max Hash Batches": 1, "Min Hash Batches": 1, "Max Original Hash Batches": 1, "Min Original Hash Batches": 1, "Max Peak Memory Usage": 182, "min Peak Memory Usage": 182, "Plans": [{"Node Type": "Streaming(type: LOCAL REDISTRIBUTE dop: 16/1)", "Parent Relationship": "Outer", "Startup Cost": 0.0, "Total Cost": 24444.99, "Plan Rows": 85170, "Plan Width": 4, "Actual Min Startup Time": 0.041, "Actual Max Startup Time": 266.767, "Actual Min Total Time": 191.764, "Actual Max Total Time": 457.92, "Plans": [{"Node Type": "Seq Scan", "Parent Relationship": "Outer", "Relation Name": "company_name", "Alias": "cn", "Startup Cost": 0.0, "Total Cost": 5903.45, "Plan Rows": 85170, "Plan Width": 4, "Actual Min Startup Time": 0.053, "Actual Max Startup Time": 0.053, "Actual Min Total Time": 97.001, "Actual Max Total Time": 97.001, "Filter": "((country_code)::text = '[us]'::text)", "Rows Removed by Filter": 150153, "Actual Rows": 84843}], "Actual Rows": 84843}], "Actual Rows": 84843}], "Actual Rows": 1153797}], "Actual Rows": 1153797}], "Actual Rows": 1153797}], "Actual Rows": 1970658}], "Actual Rows": 1970658}, {"Node Type": "Hash", "Parent Relationship": "Inner", "Startup Cost": 34659.52, "Total Cost": 34659.52, "Plan Rows": 901342, "Plan Width": 20, "Actual Min Startup Time": 130.612, "Actual Max Startup Time": 381.22, "Actual Min Total Time": 130.612, "Actual Max Total Time": 381.22, "Max Hash Buckets": 65536, "Min Hash Buckets": 65536, "Max Hash Batches": 1, "Min Hash Batches": 1, "Max Original Hash Batches": 1, "Min Original Hash Batches": 1, "Max Peak Memory Usage": 2981, "min Peak Memory Usage": 2981, "Plans": [{"Node Type": "Streaming(type: LOCAL REDISTRIBUTE dop: 16/16)", "Parent Relationship": "Outer", "Startup Cost": 0.0, "Total Cost": 34659.52, "Plan Rows": 901342, "Plan Width": 20, "Actual Min Startup Time": 0.052, "Actual Max Startup Time": 67.059, "Actual Min Total Time": 109.562, "Actual Max Total Time": 360.696, "Plans": [{"Node Type": "Seq Scan", "Parent Relationship": "Outer", "Relation Name": "aka_name", "Alias": "a1", "Startup Cost": 0.0, "Total Cost": 16244.28, "Plan Rows": 901342, "Plan Width": 20, "Actual Min Startup Time": 0.019, "Actual Max Startup Time": 0.042, "Actual Min Total Time": 15.933, "Actual Max Total Time": 20.502, "Actual Rows": 901342}], "Actual Rows": 901342}], "Actual Rows": 901342}], "Actual Rows": 2487611}], "Actual Rows": 2487611}, {"Node Type": "Hash", "Parent Relationship": "Inner", "Startup Cost": 43334.25, "Total Cost": 43334.25, "Plan Rows": 2528311, "Plan Width": 21, "Actual Min Startup Time": 365.618, "Actual Max Startup Time": 543.574, "Actual Min Total Time": 365.618, "Actual Max Total Time": 543.574, "Max Hash Buckets": 262144, "Min Hash Buckets": 262144, "Max Hash Batches": 1, "Min Hash Batches": 1, "Max Original Hash Batches": 1, "Min Original Hash Batches": 1, "Max Peak Memory Usage": 8518, "min Peak Memory Usage": 8518, "Plans": [{"Node Type": "Streaming(type: LOCAL REDISTRIBUTE dop: 16/16)", "Parent Relationship": "Outer", "Startup Cost": 0.0, "Total Cost": 43334.25, "Plan Rows": 2528311, "Plan Width": 21, "Actual Min Startup Time": 0.063, "Actual Max Startup Time": 18.287, "Actual Min Total Time": 289.389, "Actual Max Total Time": 470.899, "Plans": [{"Node Type": "Seq Scan", "Parent Relationship": "Outer", "Relation Name": "title", "Alias": "t", "Startup Cost": 0.0, "Total Cost": 18754.32, "Plan Rows": 2528311, "Plan Width": 21, "Actual Min Startup Time": 0.017, "Actual Max Startup Time": 0.037, "Actual Min Total Time": 47.834, "Actual Max Total Time": 58.11, "Actual Rows": 2528311}], "Actual Rows": 2528311}], "Actual Rows": 2528311}], "Actual Rows": 2487611}], "Actual Rows": 2487611}, {"Node Type": "Hash", "Parent Relationship": "Inner", "Startup Cost": 51607.87, "Total Cost": 51607.87, "Plan Rows": 4167490, "Plan Width": 4, "Actual Min Startup Time": 573.363, "Actual Max Startup Time": 700.351, "Actual Min Total Time": 573.363, "Actual Max Total Time": 700.351, "Max Hash Buckets": 262144, "Min Hash Buckets": 262144, "Max Hash Batches": 1, "Min Hash Batches": 1, "Max Original Hash Batches": 1, "Min Original Hash Batches": 1, "Max Peak Memory Usage": 9174, "min Peak Memory Usage": 9174, "Plans": [{"Node Type": "Streaming(type: LOCAL REDISTRIBUTE dop: 16/16)", "Parent Relationship": "Outer", "Startup Cost": 0.0, "Total Cost": 51607.87, "Plan Rows": 4167490, "Plan Width": 4, "Actual Min Startup Time": 0.053, "Actual Max Startup Time": 0.099, "Actual Min Total Time": 470.118, "Actual Max Total Time": 593.068, "Plans": [{"Node Type": "Seq Scan", "Parent Relationship": "Outer", "Relation Name": "name", "Alias": "n1", "Startup Cost": 0.0, "Total Cost": 20816.99, "Plan Rows": 4167490, "Plan Width": 4, "Actual Min Startup Time": 0.017, "Actual Max Startup Time": 0.04, "Actual Min Total Time": 75.276, "Actual Max Total Time": 87.952, "Actual Rows": 4167490}], "Actual Rows": 4167490}], "Actual Rows": 4167490}], "Actual Rows": 2487611}], "Actual Rows": 16}], "Actual Rows": 16}], "Actual Rows": 1}, "Triggers": [], "Planner Runtime": 253, "Total Runtime": 2852.697, "Unique SQL Id": 2457761703}}, "(16, 13)": {"explain_plan": {"Plan": {"Node Type": "Aggregate", "Strategy": "Plain", "Startup Cost": 1406524.48, "Total Cost": 1406524.51, "Plan Rows": 1, "Plan Width": 97, "Plans": [{"Node Type": "Streaming(type: LOCAL GATHER dop: 1/16)", "Parent Relationship": "Outer", "Startup Cost": 1406524.48, "Total Cost": 1406524.51, "Plan Rows": 1, "Plan Width": 97, "Plans": [{"Node Type": "Aggregate", "Strategy": "Plain", "Parent Relationship": "Outer", "Startup Cost": 1406524.48, "Total Cost": 1406524.49, "Plan Rows": 1, "Plan Width": 97, "Plans": [{"Node Type": "Hash Join", "Parent Relationship": "Outer", "Join Type": "Inner", "Startup Cost": 270868.12, "Total Cost": 1404738.99, "Plan Rows": 357098, "Plan Width": 33, "Inner Unique": true, "Hash Cond": "(ci.movie_id = t.id), (LLVM Optimized)", "Plans": [{"Node Type": "Streaming(type: LOCAL REDISTRIBUTE dop: 16/16)", "Parent Relationship": "Outer", "Startup Cost": 237393.5, "Total Cost": 1370957.42, "Plan Rows": 357379, "Plan Width": 24, "Plans": [{"Node Type": "Hash Join", "Parent Relationship": "Outer", "Join Type": "Inner", "Startup Cost": 237393.5, "Total Cost": 1354603.29, "Plan Rows": 357379, "Plan Width": 24, "Inner Unique": true, "Hash Cond": "(mc.company_id = cn.id), (LLVM Optimized)", "Plans": [{"Node Type": "Streaming(type: LOCAL REDISTRIBUTE dop: 16/16)", "Parent Relationship": "Outer", "Startup Cost": 230066.23, "Total Cost": 1346882.23, "Plan Rows": 727161, "Plan Width": 28, "Plans": [{"Node Type": "Hash Join", "Parent Relationship": "Outer", "Join Type": "Inner", "Startup Cost": 230066.23, "Total Cost": 1329126.97, "Plan Rows": 727161, "Plan Width": 28, "Inner Unique": true, "Hash Cond": "(a1.person_id = n1.id), (LLVM Optimized)", "Plans": [{"Node Type": "Streaming(type: LOCAL REDISTRIBUTE dop: 16/16)", "Parent Relationship": "Outer", "Startup Cost": 175427.87, "Total Cost": 1273863.7, "Plan Rows": 727161, "Plan Width": 36, "Plans": [{"Node Type": "Hash Join", "Parent Relationship": "Outer", "Join Type": "Inner", "Startup Cost": 175427.87, "Total Cost": 1256108.44, "Plan Rows": 727161, "Plan Width": 36, "Inner Unique": false, "Hash Cond": "(ci.movie_id = mc.movie_id), (LLVM Optimized)", "Plans": [{"Node Type": "Streaming(type: LOCAL REDISTRIBUTE dop: 16/16)", "Parent Relationship": "Outer", "Startup Cost": 137161.66, "Total Cost": 1215145.72, "Plan Rows": 1484588, "Plan Width": 28, "Plans": [{"Node Type": "Hash Join", "Parent Relationship": "Outer", "Join Type": "Inner", "Startup Cost": 137161.66, "Total Cost": 1194520.52, "Plan Rows": 1484588, "Plan Width": 28, "Inner Unique": false, "Hash Cond": "(ci.person_id = a1.person_id), (LLVM Optimized)", "Plans": [{"Node Type": "Streaming(type: LOCAL REDISTRIBUTE dop: 16/16)", "Parent Relationship": "Outer", "Startup Cost": 15012.82, "Total Cost": 1066844.59, "Plan Rows": 3296318, "Plan Width": 8, "Plans": [{"Node Type": "Hash Join", "Parent Relationship": "Outer", "Join Type": "Inner", "Startup Cost": 15012.82, "Total Cost": 1039354.63, "Plan Rows": 3296318, "Plan Width": 8, "Inner Unique": true, "Hash Cond": "(ci.role_id = rt.id), (LLVM Optimized)", "Plans": [{"Node Type": "Index Scan", "Parent Relationship": "Outer", "Scan Direction": "Forward", "Index Name": "role_id_cast_info", "Relation Name": "cast_info", "Alias": "ci", "Startup Cost": 0.0, "Total Cost": 1016601.9, "Plan Rows": 36259494, "Plan Width": 12}, {"Node Type": "Hash", "Parent Relationship": "Inner", "Startup Cost": 15012.81, "Total Cost": 15012.81, "Plan Rows": 16, "Plan Width": 4, "Plans": [{"Node Type": "Streaming(type: BROADCAST dop: 16/1)", "Parent Relationship": "Outer", "Startup Cost": 0.0, "Total Cost": 15012.81, "Plan Rows": 16, "Plan Width": 4, "Plans": [{"Node Type": "Index Scan", "Parent Relationship": "Outer", "Scan Direction": "Forward", "Index Name": "role_type_pkey", "Relation Name": "role_type", "Alias": "rt", "Startup Cost": 0.0, "Total Cost": 12.46, "Plan Rows": 1, "Plan Width": 4, "Filter": "((role)::text = 'writer'::text)"}]}]}]}]}, {"Node Type": "Hash", "Parent Relationship": "Inner", "Startup Cost": 121444.67, "Total Cost": 121444.67, "Plan Rows": 901342, "Plan Width": 20, "Plans": [{"Node Type": "Streaming(type: LOCAL REDISTRIBUTE dop: 16/1)", "Parent Relationship": "Outer", "Startup Cost": 0.0, "Total Cost": 121444.67, "Plan Rows": 901342, "Plan Width": 20, "Plans": [{"Node Type": "Index Scan", "Parent Relationship": "Outer", "Scan Direction": "Forward", "Index Name": "person_id_aka_name", "Relation Name": "aka_name", "Alias": "a1", "Startup Cost": 0.0, "Total Cost": 68965.03, "Plan Rows": 901342, "Plan Width": 20}]}]}]}]}, {"Node Type": "Hash", "Parent Relationship": "Inner", "Startup Cost": 139099.07, "Total Cost": 139099.07, "Plan Rows": 2609128, "Plan Width": 8, "Plans": [{"Node Type": "Streaming(type: LOCAL REDISTRIBUTE dop: 16/16)", "Parent Relationship": "Outer", "Startup Cost": 0.0, "Total Cost": 139099.07, "Plan Rows": 2609128, "Plan Width": 8, "Plans": [{"Node Type": "Index Scan", "Parent Relationship": "Outer", "Scan Direction": "Forward", "Index Name": "company_id_movie_companies", "Relation Name": "movie_companies", "Alias": "mc", "Startup Cost": 0.0, "Total Cost": 114212.92, "Plan Rows": 2609128, "Plan Width": 8}]}]}]}]}, {"Node Type": "Hash", "Parent Relationship": "Inner", "Startup Cost": 182953.41, "Total Cost": 182953.41, "Plan Rows": 4167490, "Plan Width": 4, "Plans": [{"Node Type": "Streaming(type: LOCAL REDISTRIBUTE dop: 16/16)", "Parent Relationship": "Outer", "Startup Cost": 0.0, "Total Cost": 182953.41, "Plan Rows": 4167490, "Plan Width": 4, "Plans": [{"Node Type": "Index Scan", "Parent Relationship": "Outer", "Scan Direction": "Forward", "Index Name": "name_pkey", "Relation Name": "name", "Alias": "n1", "Startup Cost": 0.0, "Total Cost": 152162.53, "Plan Rows": 4167490, "Plan Width": 4}]}]}]}]}, {"Node Type": "Hash", "Parent Relationship": "Inner", "Startup Cost": 29042.93, "Total Cost": 29042.93, "Plan Rows": 85170, "Plan Width": 4, "Plans": [{"Node Type": "Streaming(type: LOCAL REDISTRIBUTE dop: 16/1)", "Parent Relationship": "Outer", "Startup Cost": 0.0, "Total Cost": 29042.93, "Plan Rows": 85170, "Plan Width": 4, "Plans": [{"Node Type": "Index Scan", "Parent Relationship": "Outer", "Scan Direction": "Forward", "Index Name": "company_name_pkey", "Relation Name": "company_name", "Alias": "cn", "Startup Cost": 0.0, "Total Cost": 10501.39, "Plan Rows": 85170, "Plan Width": 4, "Filter": "((country_code)::text = '[us]'::text)"}]}]}]}]}, {"Node Type": "Hash", "Parent Relationship": "Inner", "Startup Cost": 125997.5, "Total Cost": 125997.5, "Plan Rows": 2528311, "Plan Width": 21, "Plans": [{"Node Type": "Streaming(type: LOCAL REDISTRIBUTE dop: 16/16)", "Parent Relationship": "Outer", "Startup Cost": 0.0, "Total Cost": 125997.5, "Plan Rows": 2528311, "Plan Width": 21, "Plans": [{"Node Type": "Index Scan", "Parent Relationship": "Outer", "Scan Direction": "Forward", "Index Name": "title_pkey", "Relation Name": "title", "Alias": "t", "Startup Cost": 0.0, "Total Cost": 101417.57, "Plan Rows": 2528311, "Plan Width": 21}]}]}]}]}]}]}, "Unique SQL Id": 2457761703, "Planner Runtime": 110}, "explain_analyze_plan": null}, "(16, 14)": {"explain_plan": {"Plan": {"Node Type": "Aggregate", "Strategy": "Plain", "Startup Cost": 287566.27, "Total Cost": 287566.3, "Plan Rows": 1, "Plan Width": 97, "Plans": [{"Node Type": "Streaming(type: LOCAL GATHER dop: 1/16)", "Parent Relationship": "Outer", "Startup Cost": 287566.27, "Total Cost": 287566.3, "Plan Rows": 1, "Plan Width": 97, "Plans": [{"Node Type": "Aggregate", "Strategy": "Plain", "Parent Relationship": "Outer", "Startup Cost": 287566.27, "Total Cost": 287566.28, "Plan Rows": 1, "Plan Width": 97, "Plans": [{"Node Type": "Hash Join", "Parent Relationship": "Outer", "Join Type": "Inner", "Startup Cost": 142621.96, "Total Cost": 285780.78, "Plan Rows": 357098, "Plan Width": 33, "Inner Unique": true, "Hash Cond": "(a1.person_id = n1.id), (LLVM Optimized)", "Plans": [{"Node Type": "Streaming(type: LOCAL REDISTRIBUTE dop: 16/16)", "Parent Relationship": "Outer", "Startup Cost": 126464.14, "Total Cost": 269316.07, "Plan Rows": 357098, "Plan Width": 41, "Plans": [{"Node Type": "Hash Join", "Parent Relationship": "Outer", "Join Type": "Inner", "Startup Cost": 126464.14, "Total Cost": 252963.01, "Plan Rows": 357098, "Plan Width": 41, "Inner Unique": true, "Hash Cond": "(ci.movie_id = t.id), (LLVM Optimized)", "Plans": [{"Node Type": "Streaming(type: LOCAL REDISTRIBUTE dop: 16/16)", "Parent Relationship": "Outer", "Startup Cost": 113655.34, "Total Cost": 239847.25, "Plan Rows": 357379, "Plan Width": 32, "Plans": [{"Node Type": "Hash Join", "Parent Relationship": "Outer", "Join Type": "Inner", "Startup Cost": 113655.34, "Total Cost": 223493.12, "Plan Rows": 357379, "Plan Width": 32, "Inner Unique": false, "Hash Cond": "(ci.person_id = a1.person_id), (LLVM Optimized)", "Plans": [{"Node Type": "Streaming(type: LOCAL REDISTRIBUTE dop: 16/16)", "Parent Relationship": "Outer", "Startup Cost": 104286.28, "Total Cost": 212931.86, "Plan Rows": 711018, "Plan Width": 12, "Plans": [{"Node Type": "Hash Join", "Parent Relationship": "Outer", "Join Type": "Inner", "Startup Cost": 104286.28, "Total Cost": 195237.77, "Plan Rows": 711018, "Plan Width": 12, "Inner Unique": false, "Hash Cond": "(ci.movie_id = mc.movie_id), (LLVM Optimized)", "Plans": [{"Node Type": "Streaming(type: LOCAL REDISTRIBUTE dop: 16/16)", "Parent Relationship": "Outer", "Startup Cost": 15001.51, "Total Cost": 102848.74, "Plan Rows": 3296318, "Plan Width": 8, "Plans": [{"Node Type": "Hash Join", "Parent Relationship": "Outer", "Join Type": "Inner", "Startup Cost": 15001.51, "Total Cost": 75358.79, "Plan Rows": 3296318, "Plan Width": 8, "Inner Unique": true, "Hash Cond": "(ci.role_id = rt.id), (LLVM Optimized)", "Plans": [{"Node Type": "Seq Scan", "Parent Relationship": "Outer", "Relation Name": "cast_info", "Alias": "ci", "Startup Cost": 0.0, "Total Cost": 52617.37, "Plan Rows": 36259494, "Plan Width": 12}, {"Node Type": "Hash", "Parent Relationship": "Inner", "Startup Cost": 15001.5, "Total Cost": 15001.5, "Plan Rows": 16, "Plan Width": 4, "Plans": [{"Node Type": "Streaming(type: BROADCAST dop: 16/1)", "Parent Relationship": "Outer", "Startup Cost": 0.0, "Total Cost": 15001.5, "Plan Rows": 16, "Plan Width": 4, "Plans": [{"Node Type": "Seq Scan", "Parent Relationship": "Outer", "Relation Name": "role_type", "Alias": "rt", "Startup Cost": 0.0, "Total Cost": 1.15, "Plan Rows": 1, "Plan Width": 4, "Filter": "((role)::text = 'writer'::text)"}]}]}]}]}, {"Node Type": "Hash", "Parent Relationship": "Inner", "Startup Cost": 88282.97, "Total Cost": 88282.97, "Plan Rows": 1282311, "Plan Width": 4, "Plans": [{"Node Type": "Streaming(type: LOCAL REDISTRIBUTE dop: 16/16)", "Parent Relationship": "Outer", "Startup Cost": 24511.53, "Total Cost": 88282.97, "Plan Rows": 1282311, "Plan Width": 4, "Plans": [{"Node Type": "Hash Join", "Parent Relationship": "Outer", "Join Type": "Inner", "Startup Cost": 24511.53, "Total Cost": 68424.21, "Plan Rows": 1282311, "Plan Width": 4, "Inner Unique": true, "Hash Cond": "(mc.company_id = cn.id), (LLVM Optimized)", "Plans": [{"Node Type": "Streaming(type: LOCAL REDISTRIBUTE dop: 16/16)", "Parent Relationship": "Outer", "Startup Cost": 0.0, "Total Cost": 42499.73, "Plan Rows": 2609128, "Plan Width": 8, "Plans": [{"Node Type": "Seq Scan", "Parent Relationship": "Outer", "Relation Name": "movie_companies", "Alias": "mc", "Startup Cost": 0.0, "Total Cost": 17613.58, "Plan Rows": 2609128, "Plan Width": 8}]}, {"Node Type": "Hash", "Parent Relationship": "Inner", "Startup Cost": 24444.99, "Total Cost": 24444.99, "Plan Rows": 85170, "Plan Width": 4, "Plans": [{"Node Type": "Streaming(type: LOCAL REDISTRIBUTE dop: 16/1)", "Parent Relationship": "Outer", "Startup Cost": 0.0, "Total Cost": 24444.99, "Plan Rows": 85170, "Plan Width": 4, "Plans": [{"Node Type": "Seq Scan", "Parent Relationship": "Outer", "Relation Name": "company_name", "Alias": "cn", "Startup Cost": 0.0, "Total Cost": 5903.45, "Plan Rows": 85170, "Plan Width": 4, "Filter": "((country_code)::text = '[us]'::text)"}]}]}]}]}]}]}]}, {"Node Type": "Hash", "Parent Relationship": "Inner", "Startup Cost": 34659.52, "Total Cost": 34659.52, "Plan Rows": 901342, "Plan Width": 20, "Plans": [{"Node Type": "Streaming(type: LOCAL REDISTRIBUTE dop: 16/16)", "Parent Relationship": "Outer", "Startup Cost": 0.0, "Total Cost": 34659.52, "Plan Rows": 901342, "Plan Width": 20, "Plans": [{"Node Type": "Seq Scan", "Parent Relationship": "Outer", "Relation Name": "aka_name", "Alias": "a1", "Startup Cost": 0.0, "Total Cost": 16244.28, "Plan Rows": 901342, "Plan Width": 20}]}]}]}]}, {"Node Type": "Hash", "Parent Relationship": "Inner", "Startup Cost": 43334.25, "Total Cost": 43334.25, "Plan Rows": 2528311, "Plan Width": 21, "Plans": [{"Node Type": "Streaming(type: LOCAL REDISTRIBUTE dop: 16/16)", "Parent Relationship": "Outer", "Startup Cost": 0.0, "Total Cost": 43334.25, "Plan Rows": 2528311, "Plan Width": 21, "Plans": [{"Node Type": "Seq Scan", "Parent Relationship": "Outer", "Relation Name": "title", "Alias": "t", "Startup Cost": 0.0, "Total Cost": 18754.32, "Plan Rows": 2528311, "Plan Width": 21}]}]}]}]}, {"Node Type": "Hash", "Parent Relationship": "Inner", "Startup Cost": 51607.87, "Total Cost": 51607.87, "Plan Rows": 4167490, "Plan Width": 4, "Plans": [{"Node Type": "Streaming(type: LOCAL REDISTRIBUTE dop: 16/16)", "Parent Relationship": "Outer", "Startup Cost": 0.0, "Total Cost": 51607.87, "Plan Rows": 4167490, "Plan Width": 4, "Plans": [{"Node Type": "Seq Scan", "Parent Relationship": "Outer", "Relation Name": "name", "Alias": "n1", "Startup Cost": 0.0, "Total Cost": 20816.99, "Plan Rows": 4167490, "Plan Width": 4}]}]}]}]}]}]}, "Unique SQL Id": 2457761703, "Planner Runtime": 200}, "explain_analyze_plan": {"Plan": {"Node Type": "Aggregate", "Strategy": "Plain", "Startup Cost": 287566.27, "Total Cost": 287566.3, "Plan Rows": 1, "Plan Width": 97, "Actual Min Startup Time": 2807.394, "Actual Max Startup Time": 2807.394, "Actual Min Total Time": 2807.394, "Actual Max Total Time": 2807.394, "Plans": [{"Node Type": "Streaming(type: LOCAL GATHER dop: 1/16)", "Parent Relationship": "Outer", "Startup Cost": 287566.27, "Total Cost": 287566.3, "Plan Rows": 1, "Plan Width": 97, "Actual Min Startup Time": 2805.812, "Actual Max Startup Time": 2805.812, "Actual Min Total Time": 2807.366, "Actual Max Total Time": 2807.366, "Plans": [{"Node Type": "Aggregate", "Strategy": "Plain", "Parent Relationship": "Outer", "Startup Cost": 287566.27, "Total Cost": 287566.28, "Plan Rows": 1, "Plan Width": 97, "Actual Min Startup Time": 2410.309, "Actual Max Startup Time": 2537.515, "Actual Min Total Time": 2410.309, "Actual Max Total Time": 2537.515, "Plans": [{"Node Type": "Hash Join", "Parent Relationship": "Outer", "Join Type": "Inner", "Startup Cost": 142621.96, "Total Cost": 285780.78, "Plan Rows": 357098, "Plan Width": 33, "Actual Min Startup Time": 682.796, "Actual Max Startup Time": 809.411, "Actual Min Total Time": 2287.798, "Actual Max Total Time": 2474.84, "Inner Unique": true, "Hash Cond": "(a1.person_id = n1.id), (LLVM Optimized, Jit Execute)", "Plans": [{"Node Type": "Streaming(type: LOCAL REDISTRIBUTE dop: 16/16)", "Parent Relationship": "Outer", "Startup Cost": 126464.14, "Total Cost": 269316.07, "Plan Rows": 357098, "Plan Width": 41, "Actual Min Startup Time": 104.514, "Actual Max Startup Time": 134.767, "Actual Min Total Time": 1604.955, "Actual Max Total Time": 1724.615, "Plans": [{"Node Type": "Hash Join", "Parent Relationship": "Outer", "Join Type": "Inner", "Startup Cost": 126464.14, "Total Cost": 252963.01, "Plan Rows": 357098, "Plan Width": 41, "Actual Min Startup Time": 684.369, "Actual Max Startup Time": 863.954, "Actual Min Total Time": 2250.417, "Actual Max Total Time": 2462.715, "Inner Unique": true, "Hash Cond": "(ci.movie_id = t.id), (LLVM Optimized, Jit Execute)", "Plans": [{"Node Type": "Streaming(type: LOCAL REDISTRIBUTE dop: 16/16)", "Parent Relationship": "Outer", "Startup Cost": 113655.34, "Total Cost": 239847.25, "Plan Rows": 357379, "Plan Width": 32, "Actual Min Startup Time": 317.069, "Actual Max Startup Time": 322.995, "Actual Min Total Time": 1801.077, "Actual Max Total Time": 1863.509, "Plans": [{"Node Type": "Hash Join", "Parent Relationship": "Outer", "Join Type": "Inner", "Startup Cost": 113655.34, "Total Cost": 223493.12, "Plan Rows": 357379, "Plan Width": 32, "Actual Min Startup Time": 676.499, "Actual Max Startup Time": 926.544, "Actual Min Total Time": 1889.984, "Actual Max Total Time": 2339.531, "Inner Unique": false, "Hash Cond": "(ci.person_id = a1.person_id), (LLVM Optimized, Jit Execute)", "Plans": [{"Node Type": "Streaming(type: LOCAL REDISTRIBUTE dop: 16/16)", "Parent Relationship": "Outer", "Startup Cost": 104286.28, "Total Cost": 212931.86, "Plan Rows": 711018, "Plan Width": 12, "Actual Min Startup Time": 544.363, "Actual Max Startup Time": 557.858, "Actual Min Total Time": 1635.928, "Actual Max Total Time": 1965.859, "Plans": [{"Node Type": "Hash Join", "Parent Relationship": "Outer", "Join Type": "Inner", "Startup Cost": 104286.28, "Total Cost": 195237.77, "Plan Rows": 711018, "Plan Width": 12, "Actual Min Startup Time": 676.505, "Actual Max Startup Time": 873.864, "Actual Min Total Time": 1726.934, "Actual Max Total Time": 1983.436, "Inner Unique": false, "Hash Cond": "(ci.movie_id = mc.movie_id), (LLVM Optimized, Jit Execute)", "Plans": [{"Node Type": "Streaming(type: LOCAL REDISTRIBUTE dop: 16/16)", "Parent Relationship": "Outer", "Startup Cost": 15001.51, "Total Cost": 102848.74, "Plan Rows": 3296318, "Plan Width": 8, "Actual Min Startup Time": 0.059, "Actual Max Startup Time": 0.35, "Actual Min Total Time": 960.325, "Actual Max Total Time": 1125.807, "Plans": [{"Node Type": "Hash Join", "Parent Relationship": "Outer", "Join Type": "Inner", "Startup Cost": 15001.51, "Total Cost": 75358.79, "Plan Rows": 3296318, "Plan Width": 8, "Actual Min Startup Time": 618.945, "Actual Max Startup Time": 658.044, "Actual Min Total Time": 973.958, "Actual Max Total Time": 1016.065, "Inner Unique": true, "Hash Cond": "(ci.role_id = rt.id), (LLVM Optimized, Jit Execute)", "Plans": [{"Node Type": "Seq Scan", "Parent Relationship": "Outer", "Relation Name": "cast_info", "Alias": "ci", "Startup Cost": 0.0, "Total Cost": 52617.37, "Plan Rows": 36259494, "Plan Width": 12, "Actual Min Startup Time": 0.027, "Actual Max Startup Time": 0.044, "Actual Min Total Time": 516.927, "Actual Max Total Time": 557.048, "Actual Rows": 36244343}, {"Node Type": "Hash", "Parent Relationship": "Inner", "Startup Cost": 15001.5, "Total Cost": 15001.5, "Plan Rows": 16, "Plan Width": 4, "Actual Min Startup Time": 0.012, "Actual Max Startup Time": 23.82, "Actual Min Total Time": 0.012, "Actual Max Total Time": 23.82, "Max Hash Buckets": 32768, "Min Hash Buckets": 32768, "Max Hash Batches": 1, "Min Hash Batches": 1, "Max Original Hash Batches": 1, "Min Original Hash Batches": 1, "Max Peak Memory Usage": 1, "min Peak Memory Usage": 1, "Plans": [{"Node Type": "Streaming(type: BROADCAST dop: 16/1)", "Parent Relationship": "Outer", "Startup Cost": 0.0, "Total Cost": 15001.5, "Plan Rows": 16, "Plan Width": 4, "Actual Min Startup Time": 0.003, "Actual Max Startup Time": 23.79, "Actual Min Total Time": 0.004, "Actual Max Total Time": 23.792, "Plans": [{"Node Type": "Seq Scan", "Parent Relationship": "Outer", "Relation Name": "role_type", "Alias": "rt", "Startup Cost": 0.0, "Total Cost": 1.15, "Plan Rows": 1, "Plan Width": 4, "Actual Min Startup Time": 0.032, "Actual Max Startup Time": 0.032, "Actual Min Total Time": 0.036, "Actual Max Total Time": 0.036, "Filter": "((role)::text = 'writer'::text)", "Rows Removed by Filter": 11, "Actual Rows": 1}], "Actual Rows": 16}], "Actual Rows": 16}], "Actual Rows": 2728943}], "Actual Rows": 2728943}, {"Node Type": "Hash", "Parent Relationship": "Inner", "Startup Cost": 88282.97, "Total Cost": 88282.97, "Plan Rows": 1282311, "Plan Width": 4, "Actual Min Startup Time": 676.313, "Actual Max Startup Time": 873.534, "Actual Min Total Time": 676.313, "Actual Max Total Time": 873.534, "Max Hash Buckets": 131072, "Min Hash Buckets": 131072, "Max Hash Batches": 1, "Min Hash Batches": 1, "Max Original Hash Batches": 1, "Min Original Hash Batches": 1, "Max Peak Memory Usage": 2542, "min Peak Memory Usage": 2542, "Plans": [{"Node Type": "Streaming(type: LOCAL REDISTRIBUTE dop: 16/16)", "Parent Relationship": "Outer", "Startup Cost": 24511.53, "Total Cost": 88282.97, "Plan Rows": 1282311, "Plan Width": 4, "Actual Min Startup Time": 194.948, "Actual Max Startup Time": 392.152, "Actual Min Total Time": 652.521, "Actual Max Total Time": 846.259, "Plans": [{"Node Type": "Hash Join", "Parent Relationship": "Outer", "Join Type": "Inner", "Startup Cost": 24511.53, "Total Cost": 68424.21, "Plan Rows": 1282311, "Plan Width": 4, "Actual Min Startup Time": 193.447, "Actual Max Startup Time": 460.105, "Actual Min Total Time": 545.948, "Actual Max Total Time": 855.575, "Inner Unique": true, "Hash Cond": "(mc.company_id = cn.id), (LLVM Optimized, Jit Execute)", "Plans": [{"Node Type": "Streaming(type: LOCAL REDISTRIBUTE dop: 16/16)", "Parent Relationship": "Outer", "Startup Cost": 0.0, "Total Cost": 42499.73, "Plan Rows": 2609128, "Plan Width": 8, "Actual Min Startup Time": 0.064, "Actual Max Startup Time": 1.902, "Actual Min Total Time": 262.091, "Actual Max Total Time": 376.152, "Plans": [{"Node Type": "Seq Scan", "Parent Relationship": "Outer", "Relation Name": "movie_companies", "Alias": "mc", "Startup Cost": 0.0, "Total Cost": 17613.58, "Plan Rows": 2609128, "Plan Width": 8, "Actual Min Startup Time": 0.027, "Actual Max Startup Time": 0.063, "Actual Min Total Time": 42.353, "Actual Max Total Time": 50.636, "Actual Rows": 2609128}], "Actual Rows": 2609128}, {"Node Type": "Hash", "Parent Relationship": "Inner", "Startup Cost": 24444.99, "Total Cost": 24444.99, "Plan Rows": 85170, "Plan Width": 4, "Actual Min Startup Time": 193.304, "Actual Max Startup Time": 459.356, "Actual Min Total Time": 193.304, "Actual Max Total Time": 459.356, "Max Hash Buckets": 32768, "Min Hash Buckets": 32768, "Max Hash Batches": 1, "Min Hash Batches": 1, "Max Original Hash Batches": 1, "Min Original Hash Batches": 1, "Max Peak Memory Usage": 182, "min Peak Memory Usage": 182, "Plans": [{"Node Type": "Streaming(type: LOCAL REDISTRIBUTE dop: 16/1)", "Parent Relationship": "Outer", "Startup Cost": 0.0, "Total Cost": 24444.99, "Plan Rows": 85170, "Plan Width": 4, "Actual Min Startup Time": 0.041, "Actual Max Startup Time": 266.767, "Actual Min Total Time": 191.764, "Actual Max Total Time": 457.92, "Plans": [{"Node Type": "Seq Scan", "Parent Relationship": "Outer", "Relation Name": "company_name", "Alias": "cn", "Startup Cost": 0.0, "Total Cost": 5903.45, "Plan Rows": 85170, "Plan Width": 4, "Actual Min Startup Time": 0.053, "Actual Max Startup Time": 0.053, "Actual Min Total Time": 97.001, "Actual Max Total Time": 97.001, "Filter": "((country_code)::text = '[us]'::text)", "Rows Removed by Filter": 150153, "Actual Rows": 84843}], "Actual Rows": 84843}], "Actual Rows": 84843}], "Actual Rows": 1153797}], "Actual Rows": 1153797}], "Actual Rows": 1153797}], "Actual Rows": 1970658}], "Actual Rows": 1970658}, {"Node Type": "Hash", "Parent Relationship": "Inner", "Startup Cost": 34659.52, "Total Cost": 34659.52, "Plan Rows": 901342, "Plan Width": 20, "Actual Min Startup Time": 130.612, "Actual Max Startup Time": 381.22, "Actual Min Total Time": 130.612, "Actual Max Total Time": 381.22, "Max Hash Buckets": 65536, "Min Hash Buckets": 65536, "Max Hash Batches": 1, "Min Hash Batches": 1, "Max Original Hash Batches": 1, "Min Original Hash Batches": 1, "Max Peak Memory Usage": 2981, "min Peak Memory Usage": 2981, "Plans": [{"Node Type": "Streaming(type: LOCAL REDISTRIBUTE dop: 16/16)", "Parent Relationship": "Outer", "Startup Cost": 0.0, "Total Cost": 34659.52, "Plan Rows": 901342, "Plan Width": 20, "Actual Min Startup Time": 0.052, "Actual Max Startup Time": 67.059, "Actual Min Total Time": 109.562, "Actual Max Total Time": 360.696, "Plans": [{"Node Type": "Seq Scan", "Parent Relationship": "Outer", "Relation Name": "aka_name", "Alias": "a1", "Startup Cost": 0.0, "Total Cost": 16244.28, "Plan Rows": 901342, "Plan Width": 20, "Actual Min Startup Time": 0.019, "Actual Max Startup Time": 0.042, "Actual Min Total Time": 15.933, "Actual Max Total Time": 20.502, "Actual Rows": 901342}], "Actual Rows": 901342}], "Actual Rows": 901342}], "Actual Rows": 2487611}], "Actual Rows": 2487611}, {"Node Type": "Hash", "Parent Relationship": "Inner", "Startup Cost": 43334.25, "Total Cost": 43334.25, "Plan Rows": 2528311, "Plan Width": 21, "Actual Min Startup Time": 365.618, "Actual Max Startup Time": 543.574, "Actual Min Total Time": 365.618, "Actual Max Total Time": 543.574, "Max Hash Buckets": 262144, "Min Hash Buckets": 262144, "Max Hash Batches": 1, "Min Hash Batches": 1, "Max Original Hash Batches": 1, "Min Original Hash Batches": 1, "Max Peak Memory Usage": 8518, "min Peak Memory Usage": 8518, "Plans": [{"Node Type": "Streaming(type: LOCAL REDISTRIBUTE dop: 16/16)", "Parent Relationship": "Outer", "Startup Cost": 0.0, "Total Cost": 43334.25, "Plan Rows": 2528311, "Plan Width": 21, "Actual Min Startup Time": 0.063, "Actual Max Startup Time": 18.287, "Actual Min Total Time": 289.389, "Actual Max Total Time": 470.899, "Plans": [{"Node Type": "Seq Scan", "Parent Relationship": "Outer", "Relation Name": "title", "Alias": "t", "Startup Cost": 0.0, "Total Cost": 18754.32, "Plan Rows": 2528311, "Plan Width": 21, "Actual Min Startup Time": 0.017, "Actual Max Startup Time": 0.037, "Actual Min Total Time": 47.834, "Actual Max Total Time": 58.11, "Actual Rows": 2528311}], "Actual Rows": 2528311}], "Actual Rows": 2528311}], "Actual Rows": 2487611}], "Actual Rows": 2487611}, {"Node Type": "Hash", "Parent Relationship": "Inner", "Startup Cost": 51607.87, "Total Cost": 51607.87, "Plan Rows": 4167490, "Plan Width": 4, "Actual Min Startup Time": 573.363, "Actual Max Startup Time": 700.351, "Actual Min Total Time": 573.363, "Actual Max Total Time": 700.351, "Max Hash Buckets": 262144, "Min Hash Buckets": 262144, "Max Hash Batches": 1, "Min Hash Batches": 1, "Max Original Hash Batches": 1, "Min Original Hash Batches": 1, "Max Peak Memory Usage": 9174, "min Peak Memory Usage": 9174, "Plans": [{"Node Type": "Streaming(type: LOCAL REDISTRIBUTE dop: 16/16)", "Parent Relationship": "Outer", "Startup Cost": 0.0, "Total Cost": 51607.87, "Plan Rows": 4167490, "Plan Width": 4, "Actual Min Startup Time": 0.053, "Actual Max Startup Time": 0.099, "Actual Min Total Time": 470.118, "Actual Max Total Time": 593.068, "Plans": [{"Node Type": "Seq Scan", "Parent Relationship": "Outer", "Relation Name": "name", "Alias": "n1", "Startup Cost": 0.0, "Total Cost": 20816.99, "Plan Rows": 4167490, "Plan Width": 4, "Actual Min Startup Time": 0.017, "Actual Max Startup Time": 0.04, "Actual Min Total Time": 75.276, "Actual Max Total Time": 87.952, "Actual Rows": 4167490}], "Actual Rows": 4167490}], "Actual Rows": 4167490}], "Actual Rows": 2487611}], "Actual Rows": 16}], "Actual Rows": 16}], "Actual Rows": 1}, "Triggers": [], "Planner Runtime": 253, "Total Runtime": 2852.697, "Unique SQL Id": 2457761703}}, "(16, 15)": {"explain_plan": {"Plan": {"Node Type": "Aggregate", "Strategy": "Plain", "Startup Cost": 6752837631740.06, "Total Cost": 6752837631740.07, "Plan Rows": 1, "Plan Width": 97, "Plans": [{"Node Type": "Nested Loop", "Parent Relationship": "Outer", "Join Type": "Inner", "Startup Cost": 70071825122.57, "Total Cost": 6752837629954.57, "Plan Rows": 357098, "Plan Width": 33, "Inner Unique": false, "Join Filter": "(t.id = ci.movie_id), (LLVM Optimized)", "Plans": [{"Node Type": "Merge Join", "Parent Relationship": "Outer", "Join Type": "Inner", "Startup Cost": 30021927926.2, "Total Cost": 3002409653794.57, "Plan Rows": 1282311, "Plan Width": 25, "Inner Unique": true, "Merge Cond": "(mc.movie_id = t.id)", "Plans": [{"Node Type": "Nested Loop", "Parent Relationship": "Outer", "Join Type": "Inner", "Startup Cost": 20000000000.0, "Total Cost": 2003347393774.42, "Plan Rows": 1282311, "Plan Width": 4, "Inner Unique": true, "Join Filter": "(cn.id = mc.company_id), (LLVM Optimized)", "Plans": [{"Node Type": "Index Scan", "Parent Relationship": "Outer", "Scan Direction": "Forward", "Index Name": "movie_id_movie_companies", "Relation Name": "movie_companies", "Alias": "mc", "Startup Cost": 10000000000.0, "Total Cost": 1000013051946.13, "Plan Rows": 2609128, "Plan Width": 8}, {"Node Type": "Materialize", "Parent Relationship": "Inner", "Startup Cost": 10000000000.0, "Total Cost": 1000001050564.82, "Plan Rows": 85170, "Plan Width": 4, "Plans": [{"Node Type": "Index Scan", "Parent Relationship": "Outer", "Scan Direction": "Forward", "Index Name": "company_name_pkey", "Relation Name": "company_name", "Alias": "cn", "Startup Cost": 10000000000.0, "Total Cost": 1000001050138.97, "Plan Rows": 85170, "Plan Width": 4, "Filter": "((country_code)::text = '[us]'::text)"}]}]}, {"Node Type": "Index Scan", "Parent Relationship": "Inner", "Scan Direction": "Forward", "Index Name": "title_pkey", "Relation Name": "title", "Alias": "t", "Startup Cost": 10000000000.0, "Total Cost": 1000011012048.91, "Plan Rows": 2528311, "Plan Width": 21}]}, {"Node Type": "Materialize", "Parent Relationship": "Inner", "Startup Cost": 40049897196.36, "Total Cost": 3721872427028.45, "Plan Rows": 1484588, "Plan Width": 20, "Plans": [{"Node Type": "Nested Loop", "Parent Relationship": "Outer", "Join Type": "Inner", "Startup Cost": 40049897196.36, "Total Cost": 3721872419605.51, "Plan Rows": 1484588, "Plan Width": 20, "Inner Unique": false, "Join Filter": "(ci.role_id = rt.id), (LLVM Optimized)", "Plans": [{"Node Type": "Index Scan", "Parent Relationship": "Outer", "Scan Direction": "Forward", "Index Name": "role_type_pkey", "Relation Name": "role_type", "Alias": "rt", "Startup Cost": 10000000000.0, "Total Cost": 1000000001246.0, "Plan Rows": 1, "Plan Width": 4, "Filter": "((role)::text = 'writer'::text)"}, {"Node Type": "Merge Join", "Parent Relationship": "Inner", "Join Type": "Inner", "Startup Cost": 30049897196.36, "Total Cost": 2721872214228.63, "Plan Rows": 16330470, "Plan Width": 24, "Inner Unique": false, "Merge Cond": "(a1.person_id = ci.person_id)", "Plans": [{"Node Type": "Merge Join", "Parent Relationship": "Outer", "Join Type": "Inner", "Startup Cost": 20030754356.47, "Total Cost": 2000007674895.99, "Plan Rows": 901342, "Plan Width": 24, "Inner Unique": true, "Merge Cond": "(a1.person_id = n1.id)", "Plans": [{"Node Type": "Index Scan", "Parent Relationship": "Outer", "Scan Direction": "Forward", "Index Name": "person_id_aka_name", "Relation Name": "aka_name", "Alias": "a1", "Startup Cost": 10000000000.0, "Total Cost": 1000006896503.43, "Plan Rows": 901342, "Plan Width": 20}, {"Node Type": "Index Scan", "Parent Relationship": "Inner", "Scan Direction": "Forward", "Index Name": "name_pkey", "Relation Name": "name", "Alias": "n1", "Startup Cost": 10000000000.0, "Total Cost": 1000017623274.7, "Plan Rows": 4167490, "Plan Width": 4}]}, {"Node Type": "Index Scan", "Parent Relationship": "Inner", "Scan Direction": "Forward", "Index Name": "person_id_cast_info", "Relation Name": "cast_info", "Alias": "ci", "Startup Cost": 10000000000.0, "Total Cost": 1000170648833.21, "Plan Rows": 36259494, "Plan Width": 12}]}]}]}]}]}, "Unique SQL Id": 2457761703, "Planner Runtime": 114}, "explain_analyze_plan": null}, "(16, 16)": {"explain_plan": {"Plan": {"Node Type": "Aggregate", "Strategy": "Plain", "Startup Cost": 1714154.48, "Total Cost": 1714154.49, "Plan Rows": 1, "Plan Width": 97, "Plans": [{"Node Type": "Nested Loop", "Parent Relationship": "Outer", "Join Type": "Inner", "Startup Cost": 1440343.75, "Total Cost": 1712368.99, "Plan Rows": 357098, "Plan Width": 33, "Inner Unique": true, "Join Filter": "(a1.person_id = n1.id), (LLVM Optimized)", "Plans": [{"Node Type": "Nested Loop", "Parent Relationship": "Outer", "Join Type": "Inner", "Startup Cost": 1440343.75, "Total Cost": 1610875.05, "Plan Rows": 357098, "Plan Width": 41, "Inner Unique": true, "Plans": [{"Node Type": "Merge Join", "Parent Relationship": "Outer", "Join Type": "Inner", "Startup Cost": 1440343.75, "Total Cost": 1509072.71, "Plan Rows": 357379, "Plan Width": 32, "Inner Unique": false, "Merge Cond": "(a1.person_id = ci.person_id)", "Plans": [{"Node Type": "Index Scan", "Parent Relationship": "Outer", "Scan Direction": "Forward", "Index Name": "person_id_aka_name", "Relation Name": "aka_name", "Alias": "a1", "Startup Cost": 0.0, "Total Cost": 68965.03, "Plan Rows": 901342, "Plan Width": 20}, {"Node Type": "Sort", "Parent Relationship": "Inner", "Startup Cost": 1440343.68, "Total Cost": 1442121.22, "Plan Rows": 711018, "Plan Width": 12, "Sort Key": ["ci.person_id"], "Plans": [{"Node Type": "Merge Join", "Parent Relationship": "Outer", "Join Type": "Inner", "Startup Cost": 1346364.31, "Total Cost": 1371234.41, "Plan Rows": 711018, "Plan Width": 12, "Inner Unique": false, "Merge Cond": "(cn.id = mc.company_id)", "Plans": [{"Node Type": "Index Scan", "Parent Relationship": "Outer", "Scan Direction": "Forward", "Index Name": "company_name_pkey", "Relation Name": "company_name", "Alias": "cn", "Startup Cost": 0.0, "Total Cost": 10501.39, "Plan Rows": 85170, "Plan Width": 4, "Filter": "((country_code)::text = '[us]'::text)"}, {"Node Type": "Sort", "Parent Relationship": "Inner", "Startup Cost": 1346176.35, "Total Cost": 1349793.13, "Plan Rows": 1446714, "Plan Width": 16, "Sort Key": ["mc.company_id"], "Plans": [{"Node Type": "Nested Loop", "Parent Relationship": "Outer", "Join Type": "Inner", "Startup Cost": 0.0, "Total Cost": 1198146.05, "Plan Rows": 1446714, "Plan Width": 16, "Inner Unique": false, "Plans": [{"Node Type": "Streaming(type: LOCAL GATHER dop: 1/16)", "Parent Relationship": "Outer", "Startup Cost": 0.0, "Total Cost": 167087.83, "Plan Rows": 3296318, "Plan Width": 8, "Plans": [{"Node Type": "Nested Loop", "Parent Relationship": "Outer", "Join Type": "Inner", "Startup Cost": 0.0, "Total Cost": 95946.6, "Plan Rows": 3296318, "Plan Width": 8, "Inner Unique": false, "Join Filter": "(ci.role_id = rt.id), (LLVM Optimized)", "Plans": [{"Node Type": "Streaming(type: BROADCAST dop: 16/1)", "Parent Relationship": "Outer", "Startup Cost": 0.0, "Total Cost": 15001.5, "Plan Rows": 16, "Plan Width": 4, "Plans": [{"Node Type": "Seq Scan", "Parent Relationship": "Outer", "Relation Name": "role_type", "Alias": "rt", "Startup Cost": 0.0, "Total Cost": 1.15, "Plan Rows": 1, "Plan Width": 4, "Filter": "((role)::text = 'writer'::text)"}]}, {"Node Type": "Seq Scan", "Parent Relationship": "Inner", "Relation Name": "cast_info", "Alias": "ci", "Startup Cost": 0.0, "Total Cost": 52617.37, "Plan Rows": 36259494, "Plan Width": 12}]}]}, {"Node Type": "Index Scan", "Parent Relationship": "Inner", "Scan Direction": "Forward", "Index Name": "movie_id_movie_companies", "Relation Name": "movie_companies", "Alias": "mc", "Startup Cost": 0.0, "Total Cost": 0.29, "Plan Rows": 2, "Plan Width": 8, "Index Cond": "(movie_id = ci.movie_id)"}]}]}]}]}]}, {"Node Type": "Index Scan", "Parent Relationship": "Inner", "Scan Direction": "Forward", "Index Name": "title_pkey", "Relation Name": "title", "Alias": "t", "Startup Cost": 0.0, "Total Cost": 0.27, "Plan Rows": 1, "Plan Width": 21, "Index Cond": "(id = ci.movie_id)"}]}, {"Node Type": "Index Only Scan", "Parent Relationship": "Inner", "Scan Direction": "Forward", "Index Name": "name_pkey", "Relation Name": "name", "Alias": "n1", "Startup Cost": 0.0, "Total Cost": 0.27, "Plan Rows": 1, "Plan Width": 4, "Index Cond": "(id = ci.person_id)"}]}]}, "Unique SQL Id": 2457761703, "Planner Runtime": 31}, "explain_analyze_plan": null}, "(16, 17)": {"explain_plan": {"Plan": {"Node Type": "Aggregate", "Strategy": "Plain", "Startup Cost": 1890619.97, "Total Cost": 1890619.98, "Plan Rows": 1, "Plan Width": 97, "Plans": [{"Node Type": "Nested Loop", "Parent Relationship": "Outer", "Join Type": "Inner", "Startup Cost": 1616809.24, "Total Cost": 1888834.48, "Plan Rows": 357098, "Plan Width": 33, "Inner Unique": true, "Join Filter": "(a1.person_id = n1.id), (LLVM Optimized)", "Plans": [{"Node Type": "Nested Loop", "Parent Relationship": "Outer", "Join Type": "Inner", "Startup Cost": 1616809.24, "Total Cost": 1787340.55, "Plan Rows": 357098, "Plan Width": 41, "Inner Unique": true, "Plans": [{"Node Type": "Merge Join", "Parent Relationship": "Outer", "Join Type": "Inner", "Startup Cost": 1616809.24, "Total Cost": 1685538.21, "Plan Rows": 357379, "Plan Width": 32, "Inner Unique": false, "Merge Cond": "(a1.person_id = ci.person_id)", "Plans": [{"Node Type": "Index Scan", "Parent Relationship": "Outer", "Scan Direction": "Forward", "Index Name": "person_id_aka_name", "Relation Name": "aka_name", "Alias": "a1", "Startup Cost": 0.0, "Total Cost": 68965.03, "Plan Rows": 901342, "Plan Width": 20}, {"Node Type": "Sort", "Parent Relationship": "Inner", "Startup Cost": 1616809.17, "Total Cost": 1618586.72, "Plan Rows": 711018, "Plan Width": 12, "Sort Key": ["ci.person_id"], "Plans": [{"Node Type": "Nested Loop", "Parent Relationship": "Outer", "Join Type": "Inner", "Startup Cost": 3383.04, "Total Cost": 1547699.91, "Plan Rows": 711018, "Plan Width": 12, "Inner Unique": false, "Join Filter": "(ci.role_id = rt.id), (LLVM Optimized)", "Plans": [{"Node Type": "Index Scan", "Parent Relationship": "Outer", "Scan Direction": "Forward", "Index Name": "role_type_pkey", "Relation Name": "role_type", "Alias": "rt", "Startup Cost": 0.0, "Total Cost": 12.46, "Plan Rows": 1, "Plan Width": 4, "Filter": "((role)::text = 'writer'::text)"}, {"Node Type": "Nested Loop", "Parent Relationship": "Inner", "Join Type": "Inner", "Startup Cost": 3383.04, "Total Cost": 1449922.43, "Plan Rows": 7821201, "Plan Width": 16, "Inner Unique": false, "Plans": [{"Node Type": "Merge Join", "Parent Relationship": "Outer", "Join Type": "Inner", "Startup Cost": 3383.04, "Total Cost": 153733.74, "Plan Rows": 1282311, "Plan Width": 4, "Inner Unique": false, "Merge Cond": "(cn.id = mc.company_id)", "Plans": [{"Node Type": "Index Scan", "Parent Relationship": "Outer", "Scan Direction": "Forward", "Index Name": "company_name_pkey", "Relation Name": "company_name", "Alias": "cn", "Startup Cost": 0.0, "Total Cost": 10501.39, "Plan Rows": 85170, "Plan Width": 4, "Filter": "((country_code)::text = '[us]'::text)"}, {"Node Type": "Index Scan", "Parent Relationship": "Inner", "Scan Direction": "Forward", "Index Name": "company_id_movie_companies", "Relation Name": "movie_companies", "Alias": "mc", "Startup Cost": 0.0, "Total Cost": 123673.5, "Plan Rows": 2609128, "Plan Width": 8}]}, {"Node Type": "Index Scan", "Parent Relationship": "Inner", "Scan Direction": "Forward", "Index Name": "movie_id_cast_info", "Relation Name": "cast_info", "Alias": "ci", "Startup Cost": 0.0, "Total Cost": 0.95, "Plan Rows": 6, "Plan Width": 12, "Index Cond": "(movie_id = mc.movie_id)"}]}]}]}]}, {"Node Type": "Index Scan", "Parent Relationship": "Inner", "Scan Direction": "Forward", "Index Name": "title_pkey", "Relation Name": "title", "Alias": "t", "Startup Cost": 0.0, "Total Cost": 0.27, "Plan Rows": 1, "Plan Width": 21, "Index Cond": "(id = ci.movie_id)"}]}, {"Node Type": "Index Only Scan", "Parent Relationship": "Inner", "Scan Direction": "Forward", "Index Name": "name_pkey", "Relation Name": "name", "Alias": "n1", "Startup Cost": 0.0, "Total Cost": 0.27, "Plan Rows": 1, "Plan Width": 4, "Index Cond": "(id = ci.person_id)"}]}]}, "Unique SQL Id": 2457761703, "Planner Runtime": 41}, "explain_analyze_plan": null}, "(16, 18)": {"explain_plan": {"Plan": {"Node Type": "Aggregate", "Strategy": "Plain", "Startup Cost": 8929840.07, "Total Cost": 8929840.08, "Plan Rows": 1, "Plan Width": 97, "Plans": [{"Node Type": "Nested Loop", "Parent Relationship": "Outer", "Join Type": "Inner", "Startup Cost": 5846686.65, "Total Cost": 8928054.58, "Plan Rows": 357098, "Plan Width": 33, "Inner Unique": true, "Join Filter": "(a1.person_id = n1.id), (LLVM Optimized)", "Plans": [{"Node Type": "Nested Loop", "Parent Relationship": "Outer", "Join Type": "Inner", "Startup Cost": 5846686.4, "Total Cost": 7398079.37, "Plan Rows": 357098, "Plan Width": 41, "Inner Unique": true, "Plans": [{"Node Type": "Merge Join", "Parent Relationship": "Outer", "Join Type": "Inner", "Startup Cost": 5846686.14, "Total Cost": 5868043.11, "Plan Rows": 357379, "Plan Width": 32, "Inner Unique": false, "Merge Cond": "(mc.movie_id = ci.movie_id)", "Plans": [{"Node Type": "Sort", "Parent Relationship": "Outer", "Startup Cost": 574922.31, "Total Cost": 578128.08, "Plan Rows": 1282311, "Plan Width": 4, "Sort Key": ["mc.movie_id"], "Plans": [{"Node Type": "Nested Loop", "Parent Relationship": "Outer", "Join Type": "Inner", "Startup Cost": 0.82, "Total Cost": 444829.84, "Plan Rows": 1282311, "Plan Width": 4, "Inner Unique": false, "Plans": [{"Node Type": "Seq Scan", "Parent Relationship": "Outer", "Relation Name": "company_name", "Alias": "cn", "Startup Cost": 0.0, "Total Cost": 5903.45, "Plan Rows": 85170, "Plan Width": 4, "Filter": "((country_code)::text = '[us]'::text)"}, {"Node Type": "Bitmap Heap Scan", "Parent Relationship": "Inner", "Relation Name": "movie_companies", "Alias": "mc", "Startup Cost": 0.82, "Total Cost": 5.0, "Plan Rows": 15, "Plan Width": 8, "Recheck Cond": "(company_id = cn.id)", "Plans": [{"Node Type": "Bitmap Index Scan", "Parent Relationship": "Outer", "Index Name": "company_id_movie_companies", "Startup Cost": 0.0, "Total Cost": 0.81, "Plan Rows": 15, "Plan Width": 0, "Index Cond": "(company_id = cn.id)"}]}]}]}, {"Node Type": "Sort", "Parent Relationship": "Inner", "Startup Cost": 5271763.69, "Total Cost": 5275475.16, "Plan Rows": 1484588, "Plan Width": 28, "Sort Key": ["ci.movie_id"], "Plans": [{"Node Type": "Nested Loop", "Parent Relationship": "Outer", "Join Type": "Inner", "Startup Cost": 1.01, "Total Cost": 5119581.31, "Plan Rows": 1484588, "Plan Width": 28, "Inner Unique": false, "Join Filter": "(ci.role_id = rt.id), (LLVM Optimized)", "Plans": [{"Node Type": "Seq Scan", "Parent Relationship": "Outer", "Relation Name": "role_type", "Alias": "rt", "Startup Cost": 0.0, "Total Cost": 1.15, "Plan Rows": 1, "Plan Width": 4, "Filter": "((role)::text = 'writer'::text)"}, {"Node Type": "Materialize", "Parent Relationship": "Inner", "Startup Cost": 1.01, "Total Cost": 4956275.46, "Plan Rows": 16330470, "Plan Width": 32, "Plans": [{"Node Type": "Nested Loop", "Parent Relationship": "Outer", "Join Type": "Inner", "Startup Cost": 1.01, "Total Cost": 4915449.29, "Plan Rows": 16330470, "Plan Width": 32, "Inner Unique": false, "Plans": [{"Node Type": "Streaming(type: LOCAL GATHER dop: 1/16)", "Parent Relationship": "Outer", "Startup Cost": 0.0, "Total Cost": 35697.07, "Plan Rows": 901342, "Plan Width": 20, "Plans": [{"Node Type": "Seq Scan", "Parent Relationship": "Outer", "Relation Name": "aka_name", "Alias": "a1", "Startup Cost": 0.0, "Total Cost": 16244.28, "Plan Rows": 901342, "Plan Width": 20}]}, {"Node Type": "Bitmap Heap Scan", "Parent Relationship": "Inner", "Relation Name": "cast_info", "Alias": "ci", "Startup Cost": 1.01, "Total Cost": 5.23, "Plan Rows": 18, "Plan Width": 12, "Recheck Cond": "(person_id = a1.person_id)", "Plans": [{"Node Type": "Bitmap Index Scan", "Parent Relationship": "Outer", "Index Name": "person_id_cast_info", "Startup Cost": 0.0, "Total Cost": 1.0, "Plan Rows": 18, "Plan Width": 0, "Index Cond": "(person_id = a1.person_id)"}]}]}]}]}]}]}, {"Node Type": "Bitmap Heap Scan", "Parent Relationship": "Inner", "Relation Name": "title", "Alias": "t", "Startup Cost": 0.26, "Total Cost": 4.27, "Plan Rows": 1, "Plan Width": 21, "Recheck Cond": "(id = ci.movie_id)", "Plans": [{"Node Type": "Bitmap Index Scan", "Parent Relationship": "Outer", "Index Name": "title_pkey", "Startup Cost": 0.0, "Total Cost": 0.26, "Plan Rows": 1, "Plan Width": 0, "Index Cond": "(id = ci.movie_id)"}]}]}, {"Node Type": "Bitmap Heap Scan", "Parent Relationship": "Inner", "Relation Name": "name", "Alias": "n1", "Startup Cost": 0.26, "Total Cost": 4.27, "Plan Rows": 1, "Plan Width": 4, "Recheck Cond": "(id = ci.person_id)", "Plans": [{"Node Type": "Bitmap Index Scan", "Parent Relationship": "Outer", "Index Name": "name_pkey", "Startup Cost": 0.0, "Total Cost": 0.26, "Plan Rows": 1, "Plan Width": 0, "Index Cond": "(id = ci.person_id)"}]}]}]}, "Unique SQL Id": 2457761703, "Planner Runtime": 37}, "explain_analyze_plan": null}, "(16, 19)": {"explain_plan": {"Plan": {"Node Type": "Aggregate", "Strategy": "Plain", "Startup Cost": 2599287.33, "Total Cost": 2599287.34, "Plan Rows": 1, "Plan Width": 97, "Plans": [{"Node Type": "Merge Join", "Parent Relationship": "Outer", "Join Type": "Inner", "Startup Cost": 2561169.56, "Total Cost": 2597501.84, "Plan Rows": 357098, "Plan Width": 33, "Inner Unique": true, "Merge Cond": "(a1.person_id = n1.id)", "Plans": [{"Node Type": "Merge Join", "Parent Relationship": "Outer", "Join Type": "Inner", "Startup Cost": 1925666.62, "Total Cost": 1936698.45, "Plan Rows": 357098, "Plan Width": 41, "Inner Unique": false, "Merge Cond": "(ci.person_id = a1.person_id)", "Plans": [{"Node Type": "Sort", "Parent Relationship": "Outer", "Startup Cost": 1799975.38, "Total Cost": 1801751.53, "Plan Rows": 710459, "Plan Width": 21, "Sort Key": ["ci.person_id"], "Plans": [{"Node Type": "Merge Join", "Parent Relationship": "Outer", "Join Type": "Inner", "Startup Cost": 1669816.61, "Total Cost": 1730924.48, "Plan Rows": 710459, "Plan Width": 21, "Inner Unique": true, "Merge Cond": "(ci.movie_id = t.id)", "Plans": [{"Node Type": "Merge Join", "Parent Relationship": "Outer", "Join Type": "Inner", "Startup Cost": 1290578.7, "Total Cost": 1330174.45, "Plan Rows": 711018, "Plan Width": 12, "Inner Unique": false, "Merge Cond": "(mc.movie_id = ci.movie_id)", "Plans": [{"Node Type": "Sort", "Parent Relationship": "Outer", "Startup Cost": 543942.68, "Total Cost": 547148.46, "Plan Rows": 1282311, "Plan Width": 4, "Sort Key": ["mc.movie_id"], "Plans": [{"Node Type": "Merge Join", "Parent Relationship": "Outer", "Join Type": "Inner", "Startup Cost": 387894.59, "Total Cost": 413850.21, "Plan Rows": 1282311, "Plan Width": 4, "Inner Unique": false, "Merge Cond": "(cn.id = mc.company_id)", "Plans": [{"Node Type": "Sort", "Parent Relationship": "Outer", "Startup Cost": 15678.57, "Total Cost": 15891.49, "Plan Rows": 85170, "Plan Width": 4, "Sort Key": ["cn.id"], "Plans": [{"Node Type": "Bitmap Heap Scan", "Parent Relationship": "Outer", "Relation Name": "company_name", "Alias": "cn", "Startup Cost": 2800.52, "Total Cost": 8703.97, "Plan Rows": 85170, "Plan Width": 4, "Filter": "((country_code)::text = '[us]'::text)", "Plans": [{"Node Type": "Bitmap Index Scan", "Parent Relationship": "Outer", "Index Name": "company_name_pkey", "Startup Cost": 0.0, "Total Cost": 2779.23, "Plan Rows": 234996, "Plan Width": 0}]}]}, {"Node Type": "Sort", "Parent Relationship": "Inner", "Startup Cost": 371877.05, "Total Cost": 378399.87, "Plan Rows": 2609128, "Plan Width": 8, "Sort Key": ["mc.company_id"], "Plans": [{"Node Type": "Bitmap Heap Scan", "Parent Relationship": "Outer", "Relation Name": "movie_companies", "Alias": "mc", "Startup Cost": 51990.17, "Total Cost": 93807.45, "Plan Rows": 2609128, "Plan Width": 8, "Plans": [{"Node Type": "Bitmap Index Scan", "Parent Relationship": "Outer", "Index Name": "movie_id_movie_companies", "Startup Cost": 0.0, "Total Cost": 51337.89, "Plan Rows": 2609128, "Plan Width": 0}]}]}]}]}, {"Node Type": "Sort", "Parent Relationship": "Inner", "Startup Cost": 746635.7, "Total Cost": 754876.5, "Plan Rows": 3296318, "Plan Width": 8, "Sort Key": ["ci.movie_id"], "Plans": [{"Node Type": "Nested Loop", "Parent Relationship": "Outer", "Join Type": "Inner", "Startup Cost": 76315.02, "Total Cost": 389769.33, "Plan Rows": 3296318, "Plan Width": 8, "Inner Unique": false, "Plans": [{"Node Type": "Bitmap Heap Scan", "Parent Relationship": "Outer", "Relation Name": "role_type", "Alias": "rt", "Startup Cost": 8.31, "Total Cost": 12.46, "Plan Rows": 1, "Plan Width": 4, "Filter": "((role)::text = 'writer'::text)", "Plans": [{"Node Type": "Bitmap Index Scan", "Parent Relationship": "Outer", "Index Name": "role_type_pkey", "Startup Cost": 0.0, "Total Cost": 8.31, "Plan Rows": 12, "Plan Width": 0}]}, {"Node Type": "Bitmap Heap Scan", "Parent Relationship": "Inner", "Relation Name": "cast_info", "Alias": "ci", "Startup Cost": 76306.71, "Total Cost": 356793.69, "Plan Rows": 3296318, "Plan Width": 12, "Recheck Cond": "(role_id = rt.id), (LLVM Optimized)", "Plans": [{"Node Type": "Bitmap Index Scan", "Parent Relationship": "Outer", "Index Name": "role_id_cast_info", "Startup Cost": 0.0, "Total Cost": 75482.63, "Plan Rows": 3296318, "Plan Width": 0, "Index Cond": "(role_id = rt.id)"}]}]}]}]}, {"Node Type": "Sort", "Parent Relationship": "Inner", "Startup Cost": 379237.61, "Total Cost": 385558.39, "Plan Rows": 2528311, "Plan Width": 21, "Sort Key": ["t.id"], "Plans": [{"Node Type": "Bitmap Heap Scan", "Parent Relationship": "Outer", "Relation Name": "title", "Alias": "t", "Startup Cost": 50285.88, "Total Cost": 110354.99, "Plan Rows": 2528311, "Plan Width": 21, "Plans": [{"Node Type": "Bitmap Index Scan", "Parent Relationship": "Outer", "Index Name": "title_pkey", "Startup Cost": 0.0, "Total Cost": 49653.81, "Plan Rows": 2528311, "Plan Width": 0}]}]}]}]}, {"Node Type": "Sort", "Parent Relationship": "Inner", "Startup Cost": 125691.17, "Total Cost": 127944.52, "Plan Rows": 901342, "Plan Width": 20, "Sort Key": ["a1.person_id"], "Plans": [{"Node Type": "Bitmap Heap Scan", "Parent Relationship": "Outer", "Relation Name": "aka_name", "Alias": "a1", "Startup Cost": 16632.3, "Total Cost": 36540.72, "Plan Rows": 901342, "Plan Width": 20, "Plans": [{"Node Type": "Bitmap Index Scan", "Parent Relationship": "Outer", "Index Name": "person_id_aka_name", "Startup Cost": 0.0, "Total Cost": 16406.96, "Plan Rows": 901342, "Plan Width": 0}]}]}]}, {"Node Type": "Sort", "Parent Relationship": "Inner", "Startup Cost": 635502.57, "Total Cost": 645921.29, "Plan Rows": 4167490, "Plan Width": 4, "Sort Key": ["n1.id"], "Plans": [{"Node Type": "Bitmap Heap Scan", "Parent Relationship": "Outer", "Relation Name": "name", "Alias": "n1", "Startup Cost": 84199.57, "Total Cost": 177271.47, "Plan Rows": 4167490, "Plan Width": 4, "Plans": [{"Node Type": "Bitmap Index Scan", "Parent Relationship": "Outer", "Index Name": "name_pkey", "Startup Cost": 0.0, "Total Cost": 83157.7, "Plan Rows": 4167490, "Plan Width": 0}]}]}]}]}, "Unique SQL Id": 2457761703, "Planner Runtime": 42}, "explain_analyze_plan": null}, "(16, 20)": {"explain_plan": {"Plan": {"Node Type": "Aggregate", "Strategy": "Plain", "Startup Cost": 1716179.19, "Total Cost": 1716179.2, "Plan Rows": 1, "Plan Width": 97, "Plans": [{"Node Type": "Nested Loop", "Parent Relationship": "Outer", "Join Type": "Inner", "Startup Cost": 1440343.75, "Total Cost": 1714393.7, "Plan Rows": 357098, "Plan Width": 33, "Inner Unique": true, "Join Filter": "(a1.person_id = n1.id), (LLVM Optimized)", "Plans": [{"Node Type": "Nested Loop", "Parent Relationship": "Outer", "Join Type": "Inner", "Startup Cost": 1440343.75, "Total Cost": 1610875.05, "Plan Rows": 357098, "Plan Width": 41, "Inner Unique": true, "Plans": [{"Node Type": "Merge Join", "Parent Relationship": "Outer", "Join Type": "Inner", "Startup Cost": 1440343.75, "Total Cost": 1509072.71, "Plan Rows": 357379, "Plan Width": 32, "Inner Unique": false, "Merge Cond": "(a1.person_id = ci.person_id)", "Plans": [{"Node Type": "Index Scan", "Parent Relationship": "Outer", "Scan Direction": "Forward", "Index Name": "person_id_aka_name", "Relation Name": "aka_name", "Alias": "a1", "Startup Cost": 0.0, "Total Cost": 68965.03, "Plan Rows": 901342, "Plan Width": 20}, {"Node Type": "Sort", "Parent Relationship": "Inner", "Startup Cost": 1440343.68, "Total Cost": 1442121.22, "Plan Rows": 711018, "Plan Width": 12, "Sort Key": ["ci.person_id"], "Plans": [{"Node Type": "Merge Join", "Parent Relationship": "Outer", "Join Type": "Inner", "Startup Cost": 1346364.31, "Total Cost": 1371234.41, "Plan Rows": 711018, "Plan Width": 12, "Inner Unique": false, "Merge Cond": "(cn.id = mc.company_id)", "Plans": [{"Node Type": "Index Scan", "Parent Relationship": "Outer", "Scan Direction": "Forward", "Index Name": "company_name_pkey", "Relation Name": "company_name", "Alias": "cn", "Startup Cost": 0.0, "Total Cost": 10501.39, "Plan Rows": 85170, "Plan Width": 4, "Filter": "((country_code)::text = '[us]'::text)"}, {"Node Type": "Sort", "Parent Relationship": "Inner", "Startup Cost": 1346176.35, "Total Cost": 1349793.13, "Plan Rows": 1446714, "Plan Width": 16, "Sort Key": ["mc.company_id"], "Plans": [{"Node Type": "Nested Loop", "Parent Relationship": "Outer", "Join Type": "Inner", "Startup Cost": 0.0, "Total Cost": 1198146.05, "Plan Rows": 1446714, "Plan Width": 16, "Inner Unique": false, "Plans": [{"Node Type": "Streaming(type: LOCAL GATHER dop: 1/16)", "Parent Relationship": "Outer", "Startup Cost": 0.0, "Total Cost": 167087.83, "Plan Rows": 3296318, "Plan Width": 8, "Plans": [{"Node Type": "Nested Loop", "Parent Relationship": "Outer", "Join Type": "Inner", "Startup Cost": 0.0, "Total Cost": 95946.6, "Plan Rows": 3296318, "Plan Width": 8, "Inner Unique": false, "Join Filter": "(ci.role_id = rt.id), (LLVM Optimized)", "Plans": [{"Node Type": "Streaming(type: BROADCAST dop: 16/1)", "Parent Relationship": "Outer", "Startup Cost": 0.0, "Total Cost": 15001.5, "Plan Rows": 16, "Plan Width": 4, "Plans": [{"Node Type": "Seq Scan", "Parent Relationship": "Outer", "Relation Name": "role_type", "Alias": "rt", "Startup Cost": 0.0, "Total Cost": 1.15, "Plan Rows": 1, "Plan Width": 4, "Filter": "((role)::text = 'writer'::text)"}]}, {"Node Type": "Seq Scan", "Parent Relationship": "Inner", "Relation Name": "cast_info", "Alias": "ci", "Startup Cost": 0.0, "Total Cost": 52617.37, "Plan Rows": 36259494, "Plan Width": 12}]}]}, {"Node Type": "Index Scan", "Parent Relationship": "Inner", "Scan Direction": "Forward", "Index Name": "movie_id_movie_companies", "Relation Name": "movie_companies", "Alias": "mc", "Startup Cost": 0.0, "Total Cost": 0.29, "Plan Rows": 2, "Plan Width": 8, "Index Cond": "(movie_id = ci.movie_id)"}]}]}]}]}]}, {"Node Type": "Index Scan", "Parent Relationship": "Inner", "Scan Direction": "Forward", "Index Name": "title_pkey", "Relation Name": "title", "Alias": "t", "Startup Cost": 0.0, "Total Cost": 0.27, "Plan Rows": 1, "Plan Width": 21, "Index Cond": "(id = ci.movie_id)"}]}, {"Node Type": "Index Scan", "Parent Relationship": "Inner", "Scan Direction": "Forward", "Index Name": "name_pkey", "Relation Name": "name", "Alias": "n1", "Startup Cost": 0.0, "Total Cost": 0.28, "Plan Rows": 1, "Plan Width": 4, "Index Cond": "(id = ci.person_id)"}]}]}, "Unique SQL Id": 2457761703, "Planner Runtime": 30}, "explain_analyze_plan": null}, "(16, 21)": {"explain_plan": {"Plan": {"Node Type": "Aggregate", "Strategy": "Plain", "Startup Cost": 1892644.69, "Total Cost": 1892644.7, "Plan Rows": 1, "Plan Width": 97, "Plans": [{"Node Type": "Nested Loop", "Parent Relationship": "Outer", "Join Type": "Inner", "Startup Cost": 1616809.24, "Total Cost": 1890859.2, "Plan Rows": 357098, "Plan Width": 33, "Inner Unique": true, "Join Filter": "(a1.person_id = n1.id), (LLVM Optimized)", "Plans": [{"Node Type": "Nested Loop", "Parent Relationship": "Outer", "Join Type": "Inner", "Startup Cost": 1616809.24, "Total Cost": 1787340.55, "Plan Rows": 357098, "Plan Width": 41, "Inner Unique": true, "Plans": [{"Node Type": "Merge Join", "Parent Relationship": "Outer", "Join Type": "Inner", "Startup Cost": 1616809.24, "Total Cost": 1685538.21, "Plan Rows": 357379, "Plan Width": 32, "Inner Unique": false, "Merge Cond": "(a1.person_id = ci.person_id)", "Plans": [{"Node Type": "Index Scan", "Parent Relationship": "Outer", "Scan Direction": "Forward", "Index Name": "person_id_aka_name", "Relation Name": "aka_name", "Alias": "a1", "Startup Cost": 0.0, "Total Cost": 68965.03, "Plan Rows": 901342, "Plan Width": 20}, {"Node Type": "Sort", "Parent Relationship": "Inner", "Startup Cost": 1616809.17, "Total Cost": 1618586.72, "Plan Rows": 711018, "Plan Width": 12, "Sort Key": ["ci.person_id"], "Plans": [{"Node Type": "Nested Loop", "Parent Relationship": "Outer", "Join Type": "Inner", "Startup Cost": 3383.04, "Total Cost": 1547699.91, "Plan Rows": 711018, "Plan Width": 12, "Inner Unique": false, "Join Filter": "(ci.role_id = rt.id), (LLVM Optimized)", "Plans": [{"Node Type": "Index Scan", "Parent Relationship": "Outer", "Scan Direction": "Forward", "Index Name": "role_type_pkey", "Relation Name": "role_type", "Alias": "rt", "Startup Cost": 0.0, "Total Cost": 12.46, "Plan Rows": 1, "Plan Width": 4, "Filter": "((role)::text = 'writer'::text)"}, {"Node Type": "Nested Loop", "Parent Relationship": "Inner", "Join Type": "Inner", "Startup Cost": 3383.04, "Total Cost": 1449922.43, "Plan Rows": 7821201, "Plan Width": 16, "Inner Unique": false, "Plans": [{"Node Type": "Merge Join", "Parent Relationship": "Outer", "Join Type": "Inner", "Startup Cost": 3383.04, "Total Cost": 153733.74, "Plan Rows": 1282311, "Plan Width": 4, "Inner Unique": false, "Merge Cond": "(cn.id = mc.company_id)", "Plans": [{"Node Type": "Index Scan", "Parent Relationship": "Outer", "Scan Direction": "Forward", "Index Name": "company_name_pkey", "Relation Name": "company_name", "Alias": "cn", "Startup Cost": 0.0, "Total Cost": 10501.39, "Plan Rows": 85170, "Plan Width": 4, "Filter": "((country_code)::text = '[us]'::text)"}, {"Node Type": "Index Scan", "Parent Relationship": "Inner", "Scan Direction": "Forward", "Index Name": "company_id_movie_companies", "Relation Name": "movie_companies", "Alias": "mc", "Startup Cost": 0.0, "Total Cost": 123673.5, "Plan Rows": 2609128, "Plan Width": 8}]}, {"Node Type": "Index Scan", "Parent Relationship": "Inner", "Scan Direction": "Forward", "Index Name": "movie_id_cast_info", "Relation Name": "cast_info", "Alias": "ci", "Startup Cost": 0.0, "Total Cost": 0.95, "Plan Rows": 6, "Plan Width": 12, "Index Cond": "(movie_id = mc.movie_id)"}]}]}]}]}, {"Node Type": "Index Scan", "Parent Relationship": "Inner", "Scan Direction": "Forward", "Index Name": "title_pkey", "Relation Name": "title", "Alias": "t", "Startup Cost": 0.0, "Total Cost": 0.27, "Plan Rows": 1, "Plan Width": 21, "Index Cond": "(id = ci.movie_id)"}]}, {"Node Type": "Index Scan", "Parent Relationship": "Inner", "Scan Direction": "Forward", "Index Name": "name_pkey", "Relation Name": "name", "Alias": "n1", "Startup Cost": 0.0, "Total Cost": 0.28, "Plan Rows": 1, "Plan Width": 4, "Index Cond": "(id = ci.person_id)"}]}]}, "Unique SQL Id": 2457761703, "Planner Runtime": 39}, "explain_analyze_plan": null}, "(16, 22)": {"explain_plan": {"Plan": {"Node Type": "Aggregate", "Strategy": "Plain", "Startup Cost": 8929840.07, "Total Cost": 8929840.08, "Plan Rows": 1, "Plan Width": 97, "Plans": [{"Node Type": "Nested Loop", "Parent Relationship": "Outer", "Join Type": "Inner", "Startup Cost": 5846686.65, "Total Cost": 8928054.58, "Plan Rows": 357098, "Plan Width": 33, "Inner Unique": true, "Join Filter": "(a1.person_id = n1.id), (LLVM Optimized)", "Plans": [{"Node Type": "Nested Loop", "Parent Relationship": "Outer", "Join Type": "Inner", "Startup Cost": 5846686.4, "Total Cost": 7398079.37, "Plan Rows": 357098, "Plan Width": 41, "Inner Unique": true, "Plans": [{"Node Type": "Merge Join", "Parent Relationship": "Outer", "Join Type": "Inner", "Startup Cost": 5846686.14, "Total Cost": 5868043.11, "Plan Rows": 357379, "Plan Width": 32, "Inner Unique": false, "Merge Cond": "(mc.movie_id = ci.movie_id)", "Plans": [{"Node Type": "Sort", "Parent Relationship": "Outer", "Startup Cost": 574922.31, "Total Cost": 578128.08, "Plan Rows": 1282311, "Plan Width": 4, "Sort Key": ["mc.movie_id"], "Plans": [{"Node Type": "Nested Loop", "Parent Relationship": "Outer", "Join Type": "Inner", "Startup Cost": 0.82, "Total Cost": 444829.84, "Plan Rows": 1282311, "Plan Width": 4, "Inner Unique": false, "Plans": [{"Node Type": "Seq Scan", "Parent Relationship": "Outer", "Relation Name": "company_name", "Alias": "cn", "Startup Cost": 0.0, "Total Cost": 5903.45, "Plan Rows": 85170, "Plan Width": 4, "Filter": "((country_code)::text = '[us]'::text)"}, {"Node Type": "Bitmap Heap Scan", "Parent Relationship": "Inner", "Relation Name": "movie_companies", "Alias": "mc", "Startup Cost": 0.82, "Total Cost": 5.0, "Plan Rows": 15, "Plan Width": 8, "Recheck Cond": "(company_id = cn.id)", "Plans": [{"Node Type": "Bitmap Index Scan", "Parent Relationship": "Outer", "Index Name": "company_id_movie_companies", "Startup Cost": 0.0, "Total Cost": 0.81, "Plan Rows": 15, "Plan Width": 0, "Index Cond": "(company_id = cn.id)"}]}]}]}, {"Node Type": "Sort", "Parent Relationship": "Inner", "Startup Cost": 5271763.69, "Total Cost": 5275475.16, "Plan Rows": 1484588, "Plan Width": 28, "Sort Key": ["ci.movie_id"], "Plans": [{"Node Type": "Nested Loop", "Parent Relationship": "Outer", "Join Type": "Inner", "Startup Cost": 1.01, "Total Cost": 5119581.31, "Plan Rows": 1484588, "Plan Width": 28, "Inner Unique": false, "Join Filter": "(ci.role_id = rt.id), (LLVM Optimized)", "Plans": [{"Node Type": "Seq Scan", "Parent Relationship": "Outer", "Relation Name": "role_type", "Alias": "rt", "Startup Cost": 0.0, "Total Cost": 1.15, "Plan Rows": 1, "Plan Width": 4, "Filter": "((role)::text = 'writer'::text)"}, {"Node Type": "Materialize", "Parent Relationship": "Inner", "Startup Cost": 1.01, "Total Cost": 4956275.46, "Plan Rows": 16330470, "Plan Width": 32, "Plans": [{"Node Type": "Nested Loop", "Parent Relationship": "Outer", "Join Type": "Inner", "Startup Cost": 1.01, "Total Cost": 4915449.29, "Plan Rows": 16330470, "Plan Width": 32, "Inner Unique": false, "Plans": [{"Node Type": "Streaming(type: LOCAL GATHER dop: 1/16)", "Parent Relationship": "Outer", "Startup Cost": 0.0, "Total Cost": 35697.07, "Plan Rows": 901342, "Plan Width": 20, "Plans": [{"Node Type": "Seq Scan", "Parent Relationship": "Outer", "Relation Name": "aka_name", "Alias": "a1", "Startup Cost": 0.0, "Total Cost": 16244.28, "Plan Rows": 901342, "Plan Width": 20}]}, {"Node Type": "Bitmap Heap Scan", "Parent Relationship": "Inner", "Relation Name": "cast_info", "Alias": "ci", "Startup Cost": 1.01, "Total Cost": 5.23, "Plan Rows": 18, "Plan Width": 12, "Recheck Cond": "(person_id = a1.person_id)", "Plans": [{"Node Type": "Bitmap Index Scan", "Parent Relationship": "Outer", "Index Name": "person_id_cast_info", "Startup Cost": 0.0, "Total Cost": 1.0, "Plan Rows": 18, "Plan Width": 0, "Index Cond": "(person_id = a1.person_id)"}]}]}]}]}]}]}, {"Node Type": "Bitmap Heap Scan", "Parent Relationship": "Inner", "Relation Name": "title", "Alias": "t", "Startup Cost": 0.26, "Total Cost": 4.27, "Plan Rows": 1, "Plan Width": 21, "Recheck Cond": "(id = ci.movie_id)", "Plans": [{"Node Type": "Bitmap Index Scan", "Parent Relationship": "Outer", "Index Name": "title_pkey", "Startup Cost": 0.0, "Total Cost": 0.26, "Plan Rows": 1, "Plan Width": 0, "Index Cond": "(id = ci.movie_id)"}]}]}, {"Node Type": "Bitmap Heap Scan", "Parent Relationship": "Inner", "Relation Name": "name", "Alias": "n1", "Startup Cost": 0.26, "Total Cost": 4.27, "Plan Rows": 1, "Plan Width": 4, "Recheck Cond": "(id = ci.person_id)", "Plans": [{"Node Type": "Bitmap Index Scan", "Parent Relationship": "Outer", "Index Name": "name_pkey", "Startup Cost": 0.0, "Total Cost": 0.26, "Plan Rows": 1, "Plan Width": 0, "Index Cond": "(id = ci.person_id)"}]}]}]}, "Unique SQL Id": 2457761703, "Planner Runtime": 38}, "explain_analyze_plan": null}, "(16, 23)": {"explain_plan": {"Plan": {"Node Type": "Aggregate", "Strategy": "Plain", "Startup Cost": 2599287.33, "Total Cost": 2599287.34, "Plan Rows": 1, "Plan Width": 97, "Plans": [{"Node Type": "Merge Join", "Parent Relationship": "Outer", "Join Type": "Inner", "Startup Cost": 2561169.56, "Total Cost": 2597501.84, "Plan Rows": 357098, "Plan Width": 33, "Inner Unique": true, "Merge Cond": "(a1.person_id = n1.id)", "Plans": [{"Node Type": "Merge Join", "Parent Relationship": "Outer", "Join Type": "Inner", "Startup Cost": 1925666.62, "Total Cost": 1936698.45, "Plan Rows": 357098, "Plan Width": 41, "Inner Unique": false, "Merge Cond": "(ci.person_id = a1.person_id)", "Plans": [{"Node Type": "Sort", "Parent Relationship": "Outer", "Startup Cost": 1799975.38, "Total Cost": 1801751.53, "Plan Rows": 710459, "Plan Width": 21, "Sort Key": ["ci.person_id"], "Plans": [{"Node Type": "Merge Join", "Parent Relationship": "Outer", "Join Type": "Inner", "Startup Cost": 1669816.61, "Total Cost": 1730924.48, "Plan Rows": 710459, "Plan Width": 21, "Inner Unique": true, "Merge Cond": "(ci.movie_id = t.id)", "Plans": [{"Node Type": "Merge Join", "Parent Relationship": "Outer", "Join Type": "Inner", "Startup Cost": 1290578.7, "Total Cost": 1330174.45, "Plan Rows": 711018, "Plan Width": 12, "Inner Unique": false, "Merge Cond": "(mc.movie_id = ci.movie_id)", "Plans": [{"Node Type": "Sort", "Parent Relationship": "Outer", "Startup Cost": 543942.68, "Total Cost": 547148.46, "Plan Rows": 1282311, "Plan Width": 4, "Sort Key": ["mc.movie_id"], "Plans": [{"Node Type": "Merge Join", "Parent Relationship": "Outer", "Join Type": "Inner", "Startup Cost": 387894.59, "Total Cost": 413850.21, "Plan Rows": 1282311, "Plan Width": 4, "Inner Unique": false, "Merge Cond": "(cn.id = mc.company_id)", "Plans": [{"Node Type": "Sort", "Parent Relationship": "Outer", "Startup Cost": 15678.57, "Total Cost": 15891.49, "Plan Rows": 85170, "Plan Width": 4, "Sort Key": ["cn.id"], "Plans": [{"Node Type": "Bitmap Heap Scan", "Parent Relationship": "Outer", "Relation Name": "company_name", "Alias": "cn", "Startup Cost": 2800.52, "Total Cost": 8703.97, "Plan Rows": 85170, "Plan Width": 4, "Filter": "((country_code)::text = '[us]'::text)", "Plans": [{"Node Type": "Bitmap Index Scan", "Parent Relationship": "Outer", "Index Name": "company_name_pkey", "Startup Cost": 0.0, "Total Cost": 2779.23, "Plan Rows": 234996, "Plan Width": 0}]}]}, {"Node Type": "Sort", "Parent Relationship": "Inner", "Startup Cost": 371877.05, "Total Cost": 378399.87, "Plan Rows": 2609128, "Plan Width": 8, "Sort Key": ["mc.company_id"], "Plans": [{"Node Type": "Bitmap Heap Scan", "Parent Relationship": "Outer", "Relation Name": "movie_companies", "Alias": "mc", "Startup Cost": 51990.17, "Total Cost": 93807.45, "Plan Rows": 2609128, "Plan Width": 8, "Plans": [{"Node Type": "Bitmap Index Scan", "Parent Relationship": "Outer", "Index Name": "movie_id_movie_companies", "Startup Cost": 0.0, "Total Cost": 51337.89, "Plan Rows": 2609128, "Plan Width": 0}]}]}]}]}, {"Node Type": "Sort", "Parent Relationship": "Inner", "Startup Cost": 746635.7, "Total Cost": 754876.5, "Plan Rows": 3296318, "Plan Width": 8, "Sort Key": ["ci.movie_id"], "Plans": [{"Node Type": "Nested Loop", "Parent Relationship": "Outer", "Join Type": "Inner", "Startup Cost": 76315.02, "Total Cost": 389769.33, "Plan Rows": 3296318, "Plan Width": 8, "Inner Unique": false, "Plans": [{"Node Type": "Bitmap Heap Scan", "Parent Relationship": "Outer", "Relation Name": "role_type", "Alias": "rt", "Startup Cost": 8.31, "Total Cost": 12.46, "Plan Rows": 1, "Plan Width": 4, "Filter": "((role)::text = 'writer'::text)", "Plans": [{"Node Type": "Bitmap Index Scan", "Parent Relationship": "Outer", "Index Name": "role_type_pkey", "Startup Cost": 0.0, "Total Cost": 8.31, "Plan Rows": 12, "Plan Width": 0}]}, {"Node Type": "Bitmap Heap Scan", "Parent Relationship": "Inner", "Relation Name": "cast_info", "Alias": "ci", "Startup Cost": 76306.71, "Total Cost": 356793.69, "Plan Rows": 3296318, "Plan Width": 12, "Recheck Cond": "(role_id = rt.id), (LLVM Optimized)", "Plans": [{"Node Type": "Bitmap Index Scan", "Parent Relationship": "Outer", "Index Name": "role_id_cast_info", "Startup Cost": 0.0, "Total Cost": 75482.63, "Plan Rows": 3296318, "Plan Width": 0, "Index Cond": "(role_id = rt.id)"}]}]}]}]}, {"Node Type": "Sort", "Parent Relationship": "Inner", "Startup Cost": 379237.61, "Total Cost": 385558.39, "Plan Rows": 2528311, "Plan Width": 21, "Sort Key": ["t.id"], "Plans": [{"Node Type": "Bitmap Heap Scan", "Parent Relationship": "Outer", "Relation Name": "title", "Alias": "t", "Startup Cost": 50285.88, "Total Cost": 110354.99, "Plan Rows": 2528311, "Plan Width": 21, "Plans": [{"Node Type": "Bitmap Index Scan", "Parent Relationship": "Outer", "Index Name": "title_pkey", "Startup Cost": 0.0, "Total Cost": 49653.81, "Plan Rows": 2528311, "Plan Width": 0}]}]}]}]}, {"Node Type": "Sort", "Parent Relationship": "Inner", "Startup Cost": 125691.17, "Total Cost": 127944.52, "Plan Rows": 901342, "Plan Width": 20, "Sort Key": ["a1.person_id"], "Plans": [{"Node Type": "Bitmap Heap Scan", "Parent Relationship": "Outer", "Relation Name": "aka_name", "Alias": "a1", "Startup Cost": 16632.3, "Total Cost": 36540.72, "Plan Rows": 901342, "Plan Width": 20, "Plans": [{"Node Type": "Bitmap Index Scan", "Parent Relationship": "Outer", "Index Name": "person_id_aka_name", "Startup Cost": 0.0, "Total Cost": 16406.96, "Plan Rows": 901342, "Plan Width": 0}]}]}]}, {"Node Type": "Sort", "Parent Relationship": "Inner", "Startup Cost": 635502.57, "Total Cost": 645921.29, "Plan Rows": 4167490, "Plan Width": 4, "Sort Key": ["n1.id"], "Plans": [{"Node Type": "Bitmap Heap Scan", "Parent Relationship": "Outer", "Relation Name": "name", "Alias": "n1", "Startup Cost": 84199.57, "Total Cost": 177271.47, "Plan Rows": 4167490, "Plan Width": 4, "Plans": [{"Node Type": "Bitmap Index Scan", "Parent Relationship": "Outer", "Index Name": "name_pkey", "Startup Cost": 0.0, "Total Cost": 83157.7, "Plan Rows": 4167490, "Plan Width": 0}]}]}]}]}, "Unique SQL Id": 2457761703, "Planner Runtime": 42}, "explain_analyze_plan": null}, "(16, 24)": {"explain_plan": {"Plan": {"Node Type": "Aggregate", "Strategy": "Plain", "Startup Cost": 1714154.48, "Total Cost": 1714154.49, "Plan Rows": 1, "Plan Width": 97, "Plans": [{"Node Type": "Nested Loop", "Parent Relationship": "Outer", "Join Type": "Inner", "Startup Cost": 1440343.75, "Total Cost": 1712368.99, "Plan Rows": 357098, "Plan Width": 33, "Inner Unique": true, "Join Filter": "(a1.person_id = n1.id), (LLVM Optimized)", "Plans": [{"Node Type": "Nested Loop", "Parent Relationship": "Outer", "Join Type": "Inner", "Startup Cost": 1440343.75, "Total Cost": 1610875.05, "Plan Rows": 357098, "Plan Width": 41, "Inner Unique": true, "Plans": [{"Node Type": "Merge Join", "Parent Relationship": "Outer", "Join Type": "Inner", "Startup Cost": 1440343.75, "Total Cost": 1509072.71, "Plan Rows": 357379, "Plan Width": 32, "Inner Unique": false, "Merge Cond": "(a1.person_id = ci.person_id)", "Plans": [{"Node Type": "Index Scan", "Parent Relationship": "Outer", "Scan Direction": "Forward", "Index Name": "person_id_aka_name", "Relation Name": "aka_name", "Alias": "a1", "Startup Cost": 0.0, "Total Cost": 68965.03, "Plan Rows": 901342, "Plan Width": 20}, {"Node Type": "Sort", "Parent Relationship": "Inner", "Startup Cost": 1440343.68, "Total Cost": 1442121.22, "Plan Rows": 711018, "Plan Width": 12, "Sort Key": ["ci.person_id"], "Plans": [{"Node Type": "Merge Join", "Parent Relationship": "Outer", "Join Type": "Inner", "Startup Cost": 1346364.31, "Total Cost": 1371234.41, "Plan Rows": 711018, "Plan Width": 12, "Inner Unique": false, "Merge Cond": "(cn.id = mc.company_id)", "Plans": [{"Node Type": "Index Scan", "Parent Relationship": "Outer", "Scan Direction": "Forward", "Index Name": "company_name_pkey", "Relation Name": "company_name", "Alias": "cn", "Startup Cost": 0.0, "Total Cost": 10501.39, "Plan Rows": 85170, "Plan Width": 4, "Filter": "((country_code)::text = '[us]'::text)"}, {"Node Type": "Sort", "Parent Relationship": "Inner", "Startup Cost": 1346176.35, "Total Cost": 1349793.13, "Plan Rows": 1446714, "Plan Width": 16, "Sort Key": ["mc.company_id"], "Plans": [{"Node Type": "Nested Loop", "Parent Relationship": "Outer", "Join Type": "Inner", "Startup Cost": 0.0, "Total Cost": 1198146.05, "Plan Rows": 1446714, "Plan Width": 16, "Inner Unique": false, "Plans": [{"Node Type": "Streaming(type: LOCAL GATHER dop: 1/16)", "Parent Relationship": "Outer", "Startup Cost": 0.0, "Total Cost": 167087.83, "Plan Rows": 3296318, "Plan Width": 8, "Plans": [{"Node Type": "Nested Loop", "Parent Relationship": "Outer", "Join Type": "Inner", "Startup Cost": 0.0, "Total Cost": 95946.6, "Plan Rows": 3296318, "Plan Width": 8, "Inner Unique": false, "Join Filter": "(ci.role_id = rt.id), (LLVM Optimized)", "Plans": [{"Node Type": "Streaming(type: BROADCAST dop: 16/1)", "Parent Relationship": "Outer", "Startup Cost": 0.0, "Total Cost": 15001.5, "Plan Rows": 16, "Plan Width": 4, "Plans": [{"Node Type": "Seq Scan", "Parent Relationship": "Outer", "Relation Name": "role_type", "Alias": "rt", "Startup Cost": 0.0, "Total Cost": 1.15, "Plan Rows": 1, "Plan Width": 4, "Filter": "((role)::text = 'writer'::text)"}]}, {"Node Type": "Seq Scan", "Parent Relationship": "Inner", "Relation Name": "cast_info", "Alias": "ci", "Startup Cost": 0.0, "Total Cost": 52617.37, "Plan Rows": 36259494, "Plan Width": 12}]}]}, {"Node Type": "Index Scan", "Parent Relationship": "Inner", "Scan Direction": "Forward", "Index Name": "movie_id_movie_companies", "Relation Name": "movie_companies", "Alias": "mc", "Startup Cost": 0.0, "Total Cost": 0.29, "Plan Rows": 2, "Plan Width": 8, "Index Cond": "(movie_id = ci.movie_id)"}]}]}]}]}]}, {"Node Type": "Index Scan", "Parent Relationship": "Inner", "Scan Direction": "Forward", "Index Name": "title_pkey", "Relation Name": "title", "Alias": "t", "Startup Cost": 0.0, "Total Cost": 0.27, "Plan Rows": 1, "Plan Width": 21, "Index Cond": "(id = ci.movie_id)"}]}, {"Node Type": "Index Only Scan", "Parent Relationship": "Inner", "Scan Direction": "Forward", "Index Name": "name_pkey", "Relation Name": "name", "Alias": "n1", "Startup Cost": 0.0, "Total Cost": 0.27, "Plan Rows": 1, "Plan Width": 4, "Index Cond": "(id = ci.person_id)"}]}]}, "Unique SQL Id": 2457761703, "Planner Runtime": 30}, "explain_analyze_plan": null}, "(16, 25)": {"explain_plan": {"Plan": {"Node Type": "Aggregate", "Strategy": "Plain", "Startup Cost": 1890619.97, "Total Cost": 1890619.98, "Plan Rows": 1, "Plan Width": 97, "Plans": [{"Node Type": "Nested Loop", "Parent Relationship": "Outer", "Join Type": "Inner", "Startup Cost": 1616809.24, "Total Cost": 1888834.48, "Plan Rows": 357098, "Plan Width": 33, "Inner Unique": true, "Join Filter": "(a1.person_id = n1.id), (LLVM Optimized)", "Plans": [{"Node Type": "Nested Loop", "Parent Relationship": "Outer", "Join Type": "Inner", "Startup Cost": 1616809.24, "Total Cost": 1787340.55, "Plan Rows": 357098, "Plan Width": 41, "Inner Unique": true, "Plans": [{"Node Type": "Merge Join", "Parent Relationship": "Outer", "Join Type": "Inner", "Startup Cost": 1616809.24, "Total Cost": 1685538.21, "Plan Rows": 357379, "Plan Width": 32, "Inner Unique": false, "Merge Cond": "(ci.person_id = a1.person_id)", "Plans": [{"Node Type": "Sort", "Parent Relationship": "Outer", "Startup Cost": 1616809.17, "Total Cost": 1618586.72, "Plan Rows": 711018, "Plan Width": 12, "Sort Key": ["ci.person_id"], "Plans": [{"Node Type": "Nested Loop", "Parent Relationship": "Outer", "Join Type": "Inner", "Startup Cost": 3383.04, "Total Cost": 1547699.91, "Plan Rows": 711018, "Plan Width": 12, "Inner Unique": false, "Join Filter": "(ci.role_id = rt.id), (LLVM Optimized)", "Plans": [{"Node Type": "Index Scan", "Parent Relationship": "Outer", "Scan Direction": "Forward", "Index Name": "role_type_pkey", "Relation Name": "role_type", "Alias": "rt", "Startup Cost": 0.0, "Total Cost": 12.46, "Plan Rows": 1, "Plan Width": 4, "Filter": "((role)::text = 'writer'::text)"}, {"Node Type": "Nested Loop", "Parent Relationship": "Inner", "Join Type": "Inner", "Startup Cost": 3383.04, "Total Cost": 1449922.43, "Plan Rows": 7821201, "Plan Width": 16, "Inner Unique": false, "Plans": [{"Node Type": "Merge Join", "Parent Relationship": "Outer", "Join Type": "Inner", "Startup Cost": 3383.04, "Total Cost": 153733.74, "Plan Rows": 1282311, "Plan Width": 4, "Inner Unique": false, "Merge Cond": "(cn.id = mc.company_id)", "Plans": [{"Node Type": "Index Scan", "Parent Relationship": "Outer", "Scan Direction": "Forward", "Index Name": "company_name_pkey", "Relation Name": "company_name", "Alias": "cn", "Startup Cost": 0.0, "Total Cost": 10501.39, "Plan Rows": 85170, "Plan Width": 4, "Filter": "((country_code)::text = '[us]'::text)"}, {"Node Type": "Index Scan", "Parent Relationship": "Inner", "Scan Direction": "Forward", "Index Name": "company_id_movie_companies", "Relation Name": "movie_companies", "Alias": "mc", "Startup Cost": 0.0, "Total Cost": 123673.5, "Plan Rows": 2609128, "Plan Width": 8}]}, {"Node Type": "Index Scan", "Parent Relationship": "Inner", "Scan Direction": "Forward", "Index Name": "movie_id_cast_info", "Relation Name": "cast_info", "Alias": "ci", "Startup Cost": 0.0, "Total Cost": 0.95, "Plan Rows": 6, "Plan Width": 12, "Index Cond": "(movie_id = mc.movie_id)"}]}]}]}, {"Node Type": "Index Scan", "Parent Relationship": "Inner", "Scan Direction": "Forward", "Index Name": "person_id_aka_name", "Relation Name": "aka_name", "Alias": "a1", "Startup Cost": 0.0, "Total Cost": 68965.03, "Plan Rows": 901342, "Plan Width": 20}]}, {"Node Type": "Index Scan", "Parent Relationship": "Inner", "Scan Direction": "Forward", "Index Name": "title_pkey", "Relation Name": "title", "Alias": "t", "Startup Cost": 0.0, "Total Cost": 0.27, "Plan Rows": 1, "Plan Width": 21, "Index Cond": "(id = ci.movie_id)"}]}, {"Node Type": "Index Only Scan", "Parent Relationship": "Inner", "Scan Direction": "Forward", "Index Name": "name_pkey", "Relation Name": "name", "Alias": "n1", "Startup Cost": 0.0, "Total Cost": 0.27, "Plan Rows": 1, "Plan Width": 4, "Index Cond": "(id = ci.person_id)"}]}]}, "Unique SQL Id": 2457761703, "Planner Runtime": 34}, "explain_analyze_plan": null}, "(16, 26)": {"explain_plan": {"Plan": {"Node Type": "Aggregate", "Strategy": "Plain", "Startup Cost": 438777366.04, "Total Cost": 438777366.06, "Plan Rows": 1, "Plan Width": 97, "Plans": [{"Node Type": "Streaming(type: LOCAL GATHER dop: 1/16)", "Parent Relationship": "Outer", "Startup Cost": 438777366.04, "Total Cost": 438777366.06, "Plan Rows": 1, "Plan Width": 97, "Plans": [{"Node Type": "Aggregate", "Strategy": "Plain", "Parent Relationship": "Outer", "Startup Cost": 438777366.04, "Total Cost": 438777366.05, "Plan Rows": 1, "Plan Width": 97, "Plans": [{"Node Type": "Nested Loop", "Parent Relationship": "Outer", "Join Type": "Inner", "Startup Cost": 0.0, "Total Cost": 438775580.55, "Plan Rows": 357098, "Plan Width": 33, "Inner Unique": false, "Join Filter": "(a1.person_id = n1.id), (LLVM Optimized)", "Plans": [{"Node Type": "Streaming(type: LOCAL REDISTRIBUTE dop: 16/16)", "Parent Relationship": "Outer", "Startup Cost": 0.0, "Total Cost": 51607.87, "Plan Rows": 4167490, "Plan Width": 4, "Plans": [{"Node Type": "Seq Scan", "Parent Relationship": "Outer", "Relation Name": "name", "Alias": "n1", "Startup Cost": 0.0, "Total Cost": 20816.99, "Plan Rows": 4167490, "Plan Width": 4}]}, {"Node Type": "Materialize", "Parent Relationship": "Inner", "Startup Cost": 0.0, "Total Cost": 351524672.37, "Plan Rows": 357098, "Plan Width": 41, "Plans": [{"Node Type": "Streaming(type: LOCAL REDISTRIBUTE dop: 16/16)", "Parent Relationship": "Outer", "Startup Cost": 0.0, "Total Cost": 351524560.78, "Plan Rows": 357098, "Plan Width": 41, "Plans": [{"Node Type": "Nested Loop", "Parent Relationship": "Outer", "Join Type": "Inner", "Startup Cost": 0.0, "Total Cost": 351508207.71, "Plan Rows": 357098, "Plan Width": 41, "Inner Unique": false, "Join Filter": "(ci.movie_id = t.id), (LLVM Optimized)", "Plans": [{"Node Type": "Streaming(type: LOCAL REDISTRIBUTE dop: 16/16)", "Parent Relationship": "Outer", "Startup Cost": 0.0, "Total Cost": 43334.25, "Plan Rows": 2528311, "Plan Width": 21, "Plans": [{"Node Type": "Seq Scan", "Parent Relationship": "Outer", "Relation Name": "title", "Alias": "t", "Startup Cost": 0.0, "Total Cost": 18754.32, "Plan Rows": 2528311, "Plan Width": 21}]}, {"Node Type": "Materialize", "Parent Relationship": "Inner", "Startup Cost": 0.0, "Total Cost": 298521652.54, "Plan Rows": 357379, "Plan Width": 32, "Plans": [{"Node Type": "Streaming(type: LOCAL REDISTRIBUTE dop: 16/16)", "Parent Relationship": "Outer", "Startup Cost": 0.0, "Total Cost": 298521540.86, "Plan Rows": 357379, "Plan Width": 32, "Plans": [{"Node Type": "Nested Loop", "Parent Relationship": "Outer", "Join Type": "Inner", "Startup Cost": 0.0, "Total Cost": 298505186.73, "Plan Rows": 357379, "Plan Width": 32, "Inner Unique": false, "Join Filter": "(ci.person_id = a1.person_id), (LLVM Optimized)", "Plans": [{"Node Type": "Streaming(type: LOCAL REDISTRIBUTE dop: 16/16)", "Parent Relationship": "Outer", "Startup Cost": 0.0, "Total Cost": 34659.52, "Plan Rows": 901342, "Plan Width": 20, "Plans": [{"Node Type": "Seq Scan", "Parent Relationship": "Outer", "Relation Name": "aka_name", "Alias": "a1", "Startup Cost": 0.0, "Total Cost": 16244.28, "Plan Rows": 901342, "Plan Width": 20}]}, {"Node Type": "Materialize", "Parent Relationship": "Inner", "Startup Cost": 0.0, "Total Cost": 260919639.12, "Plan Rows": 711018, "Plan Width": 12, "Plans": [{"Node Type": "Streaming(type: LOCAL REDISTRIBUTE dop: 16/16)", "Parent Relationship": "Outer", "Startup Cost": 0.0, "Total Cost": 260919416.92, "Plan Rows": 711018, "Plan Width": 12, "Plans": [{"Node Type": "Nested Loop", "Parent Relationship": "Outer", "Join Type": "Inner", "Startup Cost": 0.0, "Total Cost": 260901722.83, "Plan Rows": 711018, "Plan Width": 12, "Inner Unique": false, "Join Filter": "(ci.movie_id = mc.movie_id), (LLVM Optimized)", "Plans": [{"Node Type": "Streaming(type: LOCAL REDISTRIBUTE dop: 16/16)", "Parent Relationship": "Outer", "Startup Cost": 0.0, "Total Cost": 123436.55, "Plan Rows": 3296318, "Plan Width": 8, "Plans": [{"Node Type": "Nested Loop", "Parent Relationship": "Outer", "Join Type": "Inner", "Startup Cost": 0.0, "Total Cost": 95946.6, "Plan Rows": 3296318, "Plan Width": 8, "Inner Unique": false, "Join Filter": "(ci.role_id = rt.id), (LLVM Optimized)", "Plans": [{"Node Type": "Streaming(type: BROADCAST dop: 16/1)", "Parent Relationship": "Outer", "Startup Cost": 0.0, "Total Cost": 15001.5, "Plan Rows": 16, "Plan Width": 4, "Plans": [{"Node Type": "Seq Scan", "Parent Relationship": "Outer", "Relation Name": "role_type", "Alias": "rt", "Startup Cost": 0.0, "Total Cost": 1.15, "Plan Rows": 1, "Plan Width": 4, "Filter": "((role)::text = 'writer'::text)"}]}, {"Node Type": "Seq Scan", "Parent Relationship": "Inner", "Relation Name": "cast_info", "Alias": "ci", "Startup Cost": 0.0, "Total Cost": 52617.37, "Plan Rows": 36259494, "Plan Width": 12}]}]}, {"Node Type": "Materialize", "Parent Relationship": "Inner", "Startup Cost": 0.0, "Total Cost": 13108281.71, "Plan Rows": 1282311, "Plan Width": 4, "Plans": [{"Node Type": "Streaming(type: LOCAL REDISTRIBUTE dop: 16/16)", "Parent Relationship": "Outer", "Startup Cost": 0.0, "Total Cost": 13107880.98, "Plan Rows": 1282311, "Plan Width": 4, "Plans": [{"Node Type": "Nested Loop", "Parent Relationship": "Outer", "Join Type": "Inner", "Startup Cost": 0.0, "Total Cost": 13088022.23, "Plan Rows": 1282311, "Plan Width": 4, "Inner Unique": false, "Join Filter": "(cn.id = mc.company_id), (LLVM Optimized)", "Plans": [{"Node Type": "Streaming(type: LOCAL REDISTRIBUTE dop: 16/1)", "Parent Relationship": "Outer", "Startup Cost": 0.0, "Total Cost": 24444.99, "Plan Rows": 85170, "Plan Width": 4, "Plans": [{"Node Type": "Seq Scan", "Parent Relationship": "Outer", "Relation Name": "company_name", "Alias": "cn", "Startup Cost": 0.0, "Total Cost": 5903.45, "Plan Rows": 85170, "Plan Width": 4, "Filter": "((country_code)::text = '[us]'::text)"}]}, {"Node Type": "Materialize", "Parent Relationship": "Inner", "Startup Cost": 0.0, "Total Cost": 43315.08, "Plan Rows": 2609128, "Plan Width": 8, "Plans": [{"Node Type": "Streaming(type: LOCAL REDISTRIBUTE dop: 16/16)", "Parent Relationship": "Outer", "Startup Cost": 0.0, "Total Cost": 42499.73, "Plan Rows": 2609128, "Plan Width": 8, "Plans": [{"Node Type": "Seq Scan", "Parent Relationship": "Outer", "Relation Name": "movie_companies", "Alias": "mc", "Startup Cost": 0.0, "Total Cost": 17613.58, "Plan Rows": 2609128, "Plan Width": 8}]}]}]}]}]}]}]}]}]}]}]}]}]}]}]}]}]}]}, "Unique SQL Id": 2457761703, "Planner Runtime": 15}, "explain_analyze_plan": null}, "(16, 27)": {"explain_plan": {"Plan": {"Node Type": "Aggregate", "Strategy": "Plain", "Startup Cost": 6752833214283.18, "Total Cost": 6752833214283.19, "Plan Rows": 1, "Plan Width": 97, "Plans": [{"Node Type": "Nested Loop", "Parent Relationship": "Outer", "Join Type": "Inner", "Startup Cost": 70071825122.57, "Total Cost": 6752833212497.69, "Plan Rows": 357098, "Plan Width": 33, "Inner Unique": false, "Join Filter": "(t.id = ci.movie_id), (LLVM Optimized)", "Plans": [{"Node Type": "Merge Join", "Parent Relationship": "Outer", "Join Type": "Inner", "Startup Cost": 30021927926.2, "Total Cost": 3002409653794.57, "Plan Rows": 1282311, "Plan Width": 25, "Inner Unique": true, "Merge Cond": "(mc.movie_id = t.id)", "Plans": [{"Node Type": "Nested Loop", "Parent Relationship": "Outer", "Join Type": "Inner", "Startup Cost": 20000000000.0, "Total Cost": 2003347393774.42, "Plan Rows": 1282311, "Plan Width": 4, "Inner Unique": true, "Join Filter": "(cn.id = mc.company_id), (LLVM Optimized)", "Plans": [{"Node Type": "Index Scan", "Parent Relationship": "Outer", "Scan Direction": "Forward", "Index Name": "movie_id_movie_companies", "Relation Name": "movie_companies", "Alias": "mc", "Startup Cost": 10000000000.0, "Total Cost": 1000013051946.13, "Plan Rows": 2609128, "Plan Width": 8}, {"Node Type": "Materialize", "Parent Relationship": "Inner", "Startup Cost": 10000000000.0, "Total Cost": 1000001050564.82, "Plan Rows": 85170, "Plan Width": 4, "Plans": [{"Node Type": "Index Scan", "Parent Relationship": "Outer", "Scan Direction": "Forward", "Index Name": "company_name_pkey", "Relation Name": "company_name", "Alias": "cn", "Startup Cost": 10000000000.0, "Total Cost": 1000001050138.97, "Plan Rows": 85170, "Plan Width": 4, "Filter": "((country_code)::text = '[us]'::text)"}]}]}, {"Node Type": "Index Scan", "Parent Relationship": "Inner", "Scan Direction": "Forward", "Index Name": "title_pkey", "Relation Name": "title", "Alias": "t", "Startup Cost": 10000000000.0, "Total Cost": 1000011012048.91, "Plan Rows": 2528311, "Plan Width": 21}]}, {"Node Type": "Materialize", "Parent Relationship": "Inner", "Startup Cost": 40049897196.36, "Total Cost": 3721868009571.57, "Plan Rows": 1484588, "Plan Width": 20, "Plans": [{"Node Type": "Nested Loop", "Parent Relationship": "Outer", "Join Type": "Inner", "Startup Cost": 40049897196.36, "Total Cost": 3721868002148.63, "Plan Rows": 1484588, "Plan Width": 20, "Inner Unique": false, "Join Filter": "(ci.role_id = rt.id), (LLVM Optimized)", "Plans": [{"Node Type": "Index Scan", "Parent Relationship": "Outer", "Scan Direction": "Forward", "Index Name": "role_type_pkey", "Relation Name": "role_type", "Alias": "rt", "Startup Cost": 10000000000.0, "Total Cost": 1000000001246.0, "Plan Rows": 1, "Plan Width": 4, "Filter": "((role)::text = 'writer'::text)"}, {"Node Type": "Merge Join", "Parent Relationship": "Inner", "Join Type": "Inner", "Startup Cost": 30049897196.36, "Total Cost": 2721867796771.75, "Plan Rows": 16330470, "Plan Width": 24, "Inner Unique": false, "Merge Cond": "(a1.person_id = ci.person_id)", "Plans": [{"Node Type": "Merge Join", "Parent Relationship": "Outer", "Join Type": "Inner", "Startup Cost": 20030754356.47, "Total Cost": 2000002534968.85, "Plan Rows": 901342, "Plan Width": 24, "Inner Unique": true, "Merge Cond": "(a1.person_id = n1.id)", "Plans": [{"Node Type": "Index Scan", "Parent Relationship": "Outer", "Scan Direction": "Forward", "Index Name": "person_id_aka_name", "Relation Name": "aka_name", "Alias": "a1", "Startup Cost": 10000000000.0, "Total Cost": 1000006896503.43, "Plan Rows": 901342, "Plan Width": 20}, {"Node Type": "Index Only Scan", "Parent Relationship": "Inner", "Scan Direction": "Forward", "Index Name": "name_pkey", "Relation Name": "name", "Alias": "n1", "Startup Cost": 10000000000.0, "Total Cost": 1000012483260.0, "Plan Rows": 4167490, "Plan Width": 4}]}, {"Node Type": "Index Scan", "Parent Relationship": "Inner", "Scan Direction": "Forward", "Index Name": "person_id_cast_info", "Relation Name": "cast_info", "Alias": "ci", "Startup Cost": 10000000000.0, "Total Cost": 1000170648833.21, "Plan Rows": 36259494, "Plan Width": 12}]}]}]}]}]}, "Unique SQL Id": 2457761703, "Planner Runtime": 90}, "explain_analyze_plan": null}, "(16, 28)": {"explain_plan": {"Plan": {"Node Type": "Aggregate", "Strategy": "Plain", "Startup Cost": 1716179.19, "Total Cost": 1716179.2, "Plan Rows": 1, "Plan Width": 97, "Plans": [{"Node Type": "Nested Loop", "Parent Relationship": "Outer", "Join Type": "Inner", "Startup Cost": 1440343.75, "Total Cost": 1714393.7, "Plan Rows": 357098, "Plan Width": 33, "Inner Unique": true, "Join Filter": "(a1.person_id = n1.id), (LLVM Optimized)", "Plans": [{"Node Type": "Nested Loop", "Parent Relationship": "Outer", "Join Type": "Inner", "Startup Cost": 1440343.75, "Total Cost": 1610875.05, "Plan Rows": 357098, "Plan Width": 41, "Inner Unique": true, "Plans": [{"Node Type": "Merge Join", "Parent Relationship": "Outer", "Join Type": "Inner", "Startup Cost": 1440343.75, "Total Cost": 1509072.71, "Plan Rows": 357379, "Plan Width": 32, "Inner Unique": false, "Merge Cond": "(a1.person_id = ci.person_id)", "Plans": [{"Node Type": "Index Scan", "Parent Relationship": "Outer", "Scan Direction": "Forward", "Index Name": "person_id_aka_name", "Relation Name": "aka_name", "Alias": "a1", "Startup Cost": 0.0, "Total Cost": 68965.03, "Plan Rows": 901342, "Plan Width": 20}, {"Node Type": "Sort", "Parent Relationship": "Inner", "Startup Cost": 1440343.68, "Total Cost": 1442121.22, "Plan Rows": 711018, "Plan Width": 12, "Sort Key": ["ci.person_id"], "Plans": [{"Node Type": "Merge Join", "Parent Relationship": "Outer", "Join Type": "Inner", "Startup Cost": 1346364.31, "Total Cost": 1371234.41, "Plan Rows": 711018, "Plan Width": 12, "Inner Unique": false, "Merge Cond": "(cn.id = mc.company_id)", "Plans": [{"Node Type": "Index Scan", "Parent Relationship": "Outer", "Scan Direction": "Forward", "Index Name": "company_name_pkey", "Relation Name": "company_name", "Alias": "cn", "Startup Cost": 0.0, "Total Cost": 10501.39, "Plan Rows": 85170, "Plan Width": 4, "Filter": "((country_code)::text = '[us]'::text)"}, {"Node Type": "Sort", "Parent Relationship": "Inner", "Startup Cost": 1346176.35, "Total Cost": 1349793.13, "Plan Rows": 1446714, "Plan Width": 16, "Sort Key": ["mc.company_id"], "Plans": [{"Node Type": "Nested Loop", "Parent Relationship": "Outer", "Join Type": "Inner", "Startup Cost": 0.0, "Total Cost": 1198146.05, "Plan Rows": 1446714, "Plan Width": 16, "Inner Unique": false, "Plans": [{"Node Type": "Streaming(type: LOCAL GATHER dop: 1/16)", "Parent Relationship": "Outer", "Startup Cost": 0.0, "Total Cost": 167087.83, "Plan Rows": 3296318, "Plan Width": 8, "Plans": [{"Node Type": "Nested Loop", "Parent Relationship": "Outer", "Join Type": "Inner", "Startup Cost": 0.0, "Total Cost": 95946.6, "Plan Rows": 3296318, "Plan Width": 8, "Inner Unique": false, "Join Filter": "(ci.role_id = rt.id), (LLVM Optimized)", "Plans": [{"Node Type": "Streaming(type: BROADCAST dop: 16/1)", "Parent Relationship": "Outer", "Startup Cost": 0.0, "Total Cost": 15001.5, "Plan Rows": 16, "Plan Width": 4, "Plans": [{"Node Type": "Seq Scan", "Parent Relationship": "Outer", "Relation Name": "role_type", "Alias": "rt", "Startup Cost": 0.0, "Total Cost": 1.15, "Plan Rows": 1, "Plan Width": 4, "Filter": "((role)::text = 'writer'::text)"}]}, {"Node Type": "Seq Scan", "Parent Relationship": "Inner", "Relation Name": "cast_info", "Alias": "ci", "Startup Cost": 0.0, "Total Cost": 52617.37, "Plan Rows": 36259494, "Plan Width": 12}]}]}, {"Node Type": "Index Scan", "Parent Relationship": "Inner", "Scan Direction": "Forward", "Index Name": "movie_id_movie_companies", "Relation Name": "movie_companies", "Alias": "mc", "Startup Cost": 0.0, "Total Cost": 0.29, "Plan Rows": 2, "Plan Width": 8, "Index Cond": "(movie_id = ci.movie_id)"}]}]}]}]}]}, {"Node Type": "Index Scan", "Parent Relationship": "Inner", "Scan Direction": "Forward", "Index Name": "title_pkey", "Relation Name": "title", "Alias": "t", "Startup Cost": 0.0, "Total Cost": 0.27, "Plan Rows": 1, "Plan Width": 21, "Index Cond": "(id = ci.movie_id)"}]}, {"Node Type": "Index Scan", "Parent Relationship": "Inner", "Scan Direction": "Forward", "Index Name": "name_pkey", "Relation Name": "name", "Alias": "n1", "Startup Cost": 0.0, "Total Cost": 0.28, "Plan Rows": 1, "Plan Width": 4, "Index Cond": "(id = ci.person_id)"}]}]}, "Unique SQL Id": 2457761703, "Planner Runtime": 30}, "explain_analyze_plan": null}, "(16, 29)": {"explain_plan": {"Plan": {"Node Type": "Aggregate", "Strategy": "Plain", "Startup Cost": 1892644.69, "Total Cost": 1892644.7, "Plan Rows": 1, "Plan Width": 97, "Plans": [{"Node Type": "Nested Loop", "Parent Relationship": "Outer", "Join Type": "Inner", "Startup Cost": 1616809.24, "Total Cost": 1890859.2, "Plan Rows": 357098, "Plan Width": 33, "Inner Unique": true, "Join Filter": "(a1.person_id = n1.id), (LLVM Optimized)", "Plans": [{"Node Type": "Nested Loop", "Parent Relationship": "Outer", "Join Type": "Inner", "Startup Cost": 1616809.24, "Total Cost": 1787340.55, "Plan Rows": 357098, "Plan Width": 41, "Inner Unique": true, "Plans": [{"Node Type": "Merge Join", "Parent Relationship": "Outer", "Join Type": "Inner", "Startup Cost": 1616809.24, "Total Cost": 1685538.21, "Plan Rows": 357379, "Plan Width": 32, "Inner Unique": false, "Merge Cond": "(ci.person_id = a1.person_id)", "Plans": [{"Node Type": "Sort", "Parent Relationship": "Outer", "Startup Cost": 1616809.17, "Total Cost": 1618586.72, "Plan Rows": 711018, "Plan Width": 12, "Sort Key": ["ci.person_id"], "Plans": [{"Node Type": "Nested Loop", "Parent Relationship": "Outer", "Join Type": "Inner", "Startup Cost": 3383.04, "Total Cost": 1547699.91, "Plan Rows": 711018, "Plan Width": 12, "Inner Unique": false, "Join Filter": "(ci.role_id = rt.id), (LLVM Optimized)", "Plans": [{"Node Type": "Index Scan", "Parent Relationship": "Outer", "Scan Direction": "Forward", "Index Name": "role_type_pkey", "Relation Name": "role_type", "Alias": "rt", "Startup Cost": 0.0, "Total Cost": 12.46, "Plan Rows": 1, "Plan Width": 4, "Filter": "((role)::text = 'writer'::text)"}, {"Node Type": "Nested Loop", "Parent Relationship": "Inner", "Join Type": "Inner", "Startup Cost": 3383.04, "Total Cost": 1449922.43, "Plan Rows": 7821201, "Plan Width": 16, "Inner Unique": false, "Plans": [{"Node Type": "Merge Join", "Parent Relationship": "Outer", "Join Type": "Inner", "Startup Cost": 3383.04, "Total Cost": 153733.74, "Plan Rows": 1282311, "Plan Width": 4, "Inner Unique": false, "Merge Cond": "(cn.id = mc.company_id)", "Plans": [{"Node Type": "Index Scan", "Parent Relationship": "Outer", "Scan Direction": "Forward", "Index Name": "company_name_pkey", "Relation Name": "company_name", "Alias": "cn", "Startup Cost": 0.0, "Total Cost": 10501.39, "Plan Rows": 85170, "Plan Width": 4, "Filter": "((country_code)::text = '[us]'::text)"}, {"Node Type": "Index Scan", "Parent Relationship": "Inner", "Scan Direction": "Forward", "Index Name": "company_id_movie_companies", "Relation Name": "movie_companies", "Alias": "mc", "Startup Cost": 0.0, "Total Cost": 123673.5, "Plan Rows": 2609128, "Plan Width": 8}]}, {"Node Type": "Index Scan", "Parent Relationship": "Inner", "Scan Direction": "Forward", "Index Name": "movie_id_cast_info", "Relation Name": "cast_info", "Alias": "ci", "Startup Cost": 0.0, "Total Cost": 0.95, "Plan Rows": 6, "Plan Width": 12, "Index Cond": "(movie_id = mc.movie_id)"}]}]}]}, {"Node Type": "Index Scan", "Parent Relationship": "Inner", "Scan Direction": "Forward", "Index Name": "person_id_aka_name", "Relation Name": "aka_name", "Alias": "a1", "Startup Cost": 0.0, "Total Cost": 68965.03, "Plan Rows": 901342, "Plan Width": 20}]}, {"Node Type": "Index Scan", "Parent Relationship": "Inner", "Scan Direction": "Forward", "Index Name": "title_pkey", "Relation Name": "title", "Alias": "t", "Startup Cost": 0.0, "Total Cost": 0.27, "Plan Rows": 1, "Plan Width": 21, "Index Cond": "(id = ci.movie_id)"}]}, {"Node Type": "Index Scan", "Parent Relationship": "Inner", "Scan Direction": "Forward", "Index Name": "name_pkey", "Relation Name": "name", "Alias": "n1", "Startup Cost": 0.0, "Total Cost": 0.28, "Plan Rows": 1, "Plan Width": 4, "Index Cond": "(id = ci.person_id)"}]}]}, "Unique SQL Id": 2457761703, "Planner Runtime": 33}, "explain_analyze_plan": null}, "(16, 30)": {"explain_plan": {"Plan": {"Node Type": "Aggregate", "Strategy": "Plain", "Startup Cost": 438777366.04, "Total Cost": 438777366.06, "Plan Rows": 1, "Plan Width": 97, "Plans": [{"Node Type": "Streaming(type: LOCAL GATHER dop: 1/16)", "Parent Relationship": "Outer", "Startup Cost": 438777366.04, "Total Cost": 438777366.06, "Plan Rows": 1, "Plan Width": 97, "Plans": [{"Node Type": "Aggregate", "Strategy": "Plain", "Parent Relationship": "Outer", "Startup Cost": 438777366.04, "Total Cost": 438777366.05, "Plan Rows": 1, "Plan Width": 97, "Plans": [{"Node Type": "Nested Loop", "Parent Relationship": "Outer", "Join Type": "Inner", "Startup Cost": 0.0, "Total Cost": 438775580.55, "Plan Rows": 357098, "Plan Width": 33, "Inner Unique": false, "Join Filter": "(a1.person_id = n1.id), (LLVM Optimized)", "Plans": [{"Node Type": "Streaming(type: LOCAL REDISTRIBUTE dop: 16/16)", "Parent Relationship": "Outer", "Startup Cost": 0.0, "Total Cost": 51607.87, "Plan Rows": 4167490, "Plan Width": 4, "Plans": [{"Node Type": "Seq Scan", "Parent Relationship": "Outer", "Relation Name": "name", "Alias": "n1", "Startup Cost": 0.0, "Total Cost": 20816.99, "Plan Rows": 4167490, "Plan Width": 4}]}, {"Node Type": "Materialize", "Parent Relationship": "Inner", "Startup Cost": 0.0, "Total Cost": 351524672.37, "Plan Rows": 357098, "Plan Width": 41, "Plans": [{"Node Type": "Streaming(type: LOCAL REDISTRIBUTE dop: 16/16)", "Parent Relationship": "Outer", "Startup Cost": 0.0, "Total Cost": 351524560.78, "Plan Rows": 357098, "Plan Width": 41, "Plans": [{"Node Type": "Nested Loop", "Parent Relationship": "Outer", "Join Type": "Inner", "Startup Cost": 0.0, "Total Cost": 351508207.71, "Plan Rows": 357098, "Plan Width": 41, "Inner Unique": false, "Join Filter": "(ci.movie_id = t.id), (LLVM Optimized)", "Plans": [{"Node Type": "Streaming(type: LOCAL REDISTRIBUTE dop: 16/16)", "Parent Relationship": "Outer", "Startup Cost": 0.0, "Total Cost": 43334.25, "Plan Rows": 2528311, "Plan Width": 21, "Plans": [{"Node Type": "Seq Scan", "Parent Relationship": "Outer", "Relation Name": "title", "Alias": "t", "Startup Cost": 0.0, "Total Cost": 18754.32, "Plan Rows": 2528311, "Plan Width": 21}]}, {"Node Type": "Materialize", "Parent Relationship": "Inner", "Startup Cost": 0.0, "Total Cost": 298521652.54, "Plan Rows": 357379, "Plan Width": 32, "Plans": [{"Node Type": "Streaming(type: LOCAL REDISTRIBUTE dop: 16/16)", "Parent Relationship": "Outer", "Startup Cost": 0.0, "Total Cost": 298521540.86, "Plan Rows": 357379, "Plan Width": 32, "Plans": [{"Node Type": "Nested Loop", "Parent Relationship": "Outer", "Join Type": "Inner", "Startup Cost": 0.0, "Total Cost": 298505186.73, "Plan Rows": 357379, "Plan Width": 32, "Inner Unique": false, "Join Filter": "(ci.person_id = a1.person_id), (LLVM Optimized)", "Plans": [{"Node Type": "Streaming(type: LOCAL REDISTRIBUTE dop: 16/16)", "Parent Relationship": "Outer", "Startup Cost": 0.0, "Total Cost": 34659.52, "Plan Rows": 901342, "Plan Width": 20, "Plans": [{"Node Type": "Seq Scan", "Parent Relationship": "Outer", "Relation Name": "aka_name", "Alias": "a1", "Startup Cost": 0.0, "Total Cost": 16244.28, "Plan Rows": 901342, "Plan Width": 20}]}, {"Node Type": "Materialize", "Parent Relationship": "Inner", "Startup Cost": 0.0, "Total Cost": 260919639.12, "Plan Rows": 711018, "Plan Width": 12, "Plans": [{"Node Type": "Streaming(type: LOCAL REDISTRIBUTE dop: 16/16)", "Parent Relationship": "Outer", "Startup Cost": 0.0, "Total Cost": 260919416.92, "Plan Rows": 711018, "Plan Width": 12, "Plans": [{"Node Type": "Nested Loop", "Parent Relationship": "Outer", "Join Type": "Inner", "Startup Cost": 0.0, "Total Cost": 260901722.83, "Plan Rows": 711018, "Plan Width": 12, "Inner Unique": false, "Join Filter": "(ci.movie_id = mc.movie_id), (LLVM Optimized)", "Plans": [{"Node Type": "Streaming(type: LOCAL REDISTRIBUTE dop: 16/16)", "Parent Relationship": "Outer", "Startup Cost": 0.0, "Total Cost": 123436.55, "Plan Rows": 3296318, "Plan Width": 8, "Plans": [{"Node Type": "Nested Loop", "Parent Relationship": "Outer", "Join Type": "Inner", "Startup Cost": 0.0, "Total Cost": 95946.6, "Plan Rows": 3296318, "Plan Width": 8, "Inner Unique": false, "Join Filter": "(ci.role_id = rt.id), (LLVM Optimized)", "Plans": [{"Node Type": "Streaming(type: BROADCAST dop: 16/1)", "Parent Relationship": "Outer", "Startup Cost": 0.0, "Total Cost": 15001.5, "Plan Rows": 16, "Plan Width": 4, "Plans": [{"Node Type": "Seq Scan", "Parent Relationship": "Outer", "Relation Name": "role_type", "Alias": "rt", "Startup Cost": 0.0, "Total Cost": 1.15, "Plan Rows": 1, "Plan Width": 4, "Filter": "((role)::text = 'writer'::text)"}]}, {"Node Type": "Seq Scan", "Parent Relationship": "Inner", "Relation Name": "cast_info", "Alias": "ci", "Startup Cost": 0.0, "Total Cost": 52617.37, "Plan Rows": 36259494, "Plan Width": 12}]}]}, {"Node Type": "Materialize", "Parent Relationship": "Inner", "Startup Cost": 0.0, "Total Cost": 13108281.71, "Plan Rows": 1282311, "Plan Width": 4, "Plans": [{"Node Type": "Streaming(type: LOCAL REDISTRIBUTE dop: 16/16)", "Parent Relationship": "Outer", "Startup Cost": 0.0, "Total Cost": 13107880.98, "Plan Rows": 1282311, "Plan Width": 4, "Plans": [{"Node Type": "Nested Loop", "Parent Relationship": "Outer", "Join Type": "Inner", "Startup Cost": 0.0, "Total Cost": 13088022.23, "Plan Rows": 1282311, "Plan Width": 4, "Inner Unique": false, "Join Filter": "(cn.id = mc.company_id), (LLVM Optimized)", "Plans": [{"Node Type": "Streaming(type: LOCAL REDISTRIBUTE dop: 16/1)", "Parent Relationship": "Outer", "Startup Cost": 0.0, "Total Cost": 24444.99, "Plan Rows": 85170, "Plan Width": 4, "Plans": [{"Node Type": "Seq Scan", "Parent Relationship": "Outer", "Relation Name": "company_name", "Alias": "cn", "Startup Cost": 0.0, "Total Cost": 5903.45, "Plan Rows": 85170, "Plan Width": 4, "Filter": "((country_code)::text = '[us]'::text)"}]}, {"Node Type": "Materialize", "Parent Relationship": "Inner", "Startup Cost": 0.0, "Total Cost": 43315.08, "Plan Rows": 2609128, "Plan Width": 8, "Plans": [{"Node Type": "Streaming(type: LOCAL REDISTRIBUTE dop: 16/16)", "Parent Relationship": "Outer", "Startup Cost": 0.0, "Total Cost": 42499.73, "Plan Rows": 2609128, "Plan Width": 8, "Plans": [{"Node Type": "Seq Scan", "Parent Relationship": "Outer", "Relation Name": "movie_companies", "Alias": "mc", "Startup Cost": 0.0, "Total Cost": 17613.58, "Plan Rows": 2609128, "Plan Width": 8}]}]}]}]}]}]}]}]}]}]}]}]}]}]}]}]}]}]}, "Unique SQL Id": 2457761703, "Planner Runtime": 15}, "explain_analyze_plan": null}, "(16, 31)": {"explain_plan": {"Plan": {"Node Type": "Aggregate", "Strategy": "Plain", "Startup Cost": 6752837631740.06, "Total Cost": 6752837631740.07, "Plan Rows": 1, "Plan Width": 97, "Plans": [{"Node Type": "Nested Loop", "Parent Relationship": "Outer", "Join Type": "Inner", "Startup Cost": 70071825122.57, "Total Cost": 6752837629954.57, "Plan Rows": 357098, "Plan Width": 33, "Inner Unique": false, "Join Filter": "(t.id = ci.movie_id), (LLVM Optimized)", "Plans": [{"Node Type": "Merge Join", "Parent Relationship": "Outer", "Join Type": "Inner", "Startup Cost": 30021927926.2, "Total Cost": 3002409653794.57, "Plan Rows": 1282311, "Plan Width": 25, "Inner Unique": true, "Merge Cond": "(mc.movie_id = t.id)", "Plans": [{"Node Type": "Nested Loop", "Parent Relationship": "Outer", "Join Type": "Inner", "Startup Cost": 20000000000.0, "Total Cost": 2003347393774.42, "Plan Rows": 1282311, "Plan Width": 4, "Inner Unique": true, "Join Filter": "(cn.id = mc.company_id), (LLVM Optimized)", "Plans": [{"Node Type": "Index Scan", "Parent Relationship": "Outer", "Scan Direction": "Forward", "Index Name": "movie_id_movie_companies", "Relation Name": "movie_companies", "Alias": "mc", "Startup Cost": 10000000000.0, "Total Cost": 1000013051946.13, "Plan Rows": 2609128, "Plan Width": 8}, {"Node Type": "Materialize", "Parent Relationship": "Inner", "Startup Cost": 10000000000.0, "Total Cost": 1000001050564.82, "Plan Rows": 85170, "Plan Width": 4, "Plans": [{"Node Type": "Index Scan", "Parent Relationship": "Outer", "Scan Direction": "Forward", "Index Name": "company_name_pkey", "Relation Name": "company_name", "Alias": "cn", "Startup Cost": 10000000000.0, "Total Cost": 1000001050138.97, "Plan Rows": 85170, "Plan Width": 4, "Filter": "((country_code)::text = '[us]'::text)"}]}]}, {"Node Type": "Index Scan", "Parent Relationship": "Inner", "Scan Direction": "Forward", "Index Name": "title_pkey", "Relation Name": "title", "Alias": "t", "Startup Cost": 10000000000.0, "Total Cost": 1000011012048.91, "Plan Rows": 2528311, "Plan Width": 21}]}, {"Node Type": "Materialize", "Parent Relationship": "Inner", "Startup Cost": 40049897196.36, "Total Cost": 3721872427028.45, "Plan Rows": 1484588, "Plan Width": 20, "Plans": [{"Node Type": "Nested Loop", "Parent Relationship": "Outer", "Join Type": "Inner", "Startup Cost": 40049897196.36, "Total Cost": 3721872419605.51, "Plan Rows": 1484588, "Plan Width": 20, "Inner Unique": false, "Join Filter": "(ci.role_id = rt.id), (LLVM Optimized)", "Plans": [{"Node Type": "Index Scan", "Parent Relationship": "Outer", "Scan Direction": "Forward", "Index Name": "role_type_pkey", "Relation Name": "role_type", "Alias": "rt", "Startup Cost": 10000000000.0, "Total Cost": 1000000001246.0, "Plan Rows": 1, "Plan Width": 4, "Filter": "((role)::text = 'writer'::text)"}, {"Node Type": "Merge Join", "Parent Relationship": "Inner", "Join Type": "Inner", "Startup Cost": 30049897196.36, "Total Cost": 2721872214228.63, "Plan Rows": 16330470, "Plan Width": 24, "Inner Unique": false, "Merge Cond": "(a1.person_id = ci.person_id)", "Plans": [{"Node Type": "Merge Join", "Parent Relationship": "Outer", "Join Type": "Inner", "Startup Cost": 20030754356.47, "Total Cost": 2000007674895.99, "Plan Rows": 901342, "Plan Width": 24, "Inner Unique": true, "Merge Cond": "(a1.person_id = n1.id)", "Plans": [{"Node Type": "Index Scan", "Parent Relationship": "Outer", "Scan Direction": "Forward", "Index Name": "person_id_aka_name", "Relation Name": "aka_name", "Alias": "a1", "Startup Cost": 10000000000.0, "Total Cost": 1000006896503.43, "Plan Rows": 901342, "Plan Width": 20}, {"Node Type": "Index Scan", "Parent Relationship": "Inner", "Scan Direction": "Forward", "Index Name": "name_pkey", "Relation Name": "name", "Alias": "n1", "Startup Cost": 10000000000.0, "Total Cost": 1000017623274.7, "Plan Rows": 4167490, "Plan Width": 4}]}, {"Node Type": "Index Scan", "Parent Relationship": "Inner", "Scan Direction": "Forward", "Index Name": "person_id_cast_info", "Relation Name": "cast_info", "Alias": "ci", "Startup Cost": 10000000000.0, "Total Cost": 1000170648833.21, "Plan Rows": 36259494, "Plan Width": 12}]}]}]}]}]}, "Unique SQL Id": 2457761703, "Planner Runtime": 89}, "explain_analyze_plan": null}, "(16, 32)": {"explain_plan": {"Plan": {"Node Type": "Aggregate", "Strategy": "Plain", "Startup Cost": 287566.27, "Total Cost": 287566.3, "Plan Rows": 1, "Plan Width": 97, "Plans": [{"Node Type": "Streaming(type: LOCAL GATHER dop: 1/16)", "Parent Relationship": "Outer", "Startup Cost": 287566.27, "Total Cost": 287566.3, "Plan Rows": 1, "Plan Width": 97, "Plans": [{"Node Type": "Aggregate", "Strategy": "Plain", "Parent Relationship": "Outer", "Startup Cost": 287566.27, "Total Cost": 287566.28, "Plan Rows": 1, "Plan Width": 97, "Plans": [{"Node Type": "Hash Join", "Parent Relationship": "Outer", "Join Type": "Inner", "Startup Cost": 142621.96, "Total Cost": 285780.78, "Plan Rows": 357098, "Plan Width": 33, "Inner Unique": true, "Hash Cond": "(a1.person_id = n1.id), (LLVM Optimized)", "Plans": [{"Node Type": "Streaming(type: LOCAL REDISTRIBUTE dop: 16/16)", "Parent Relationship": "Outer", "Startup Cost": 126464.14, "Total Cost": 269316.07, "Plan Rows": 357098, "Plan Width": 41, "Plans": [{"Node Type": "Hash Join", "Parent Relationship": "Outer", "Join Type": "Inner", "Startup Cost": 126464.14, "Total Cost": 252963.01, "Plan Rows": 357098, "Plan Width": 41, "Inner Unique": true, "Hash Cond": "(ci.movie_id = t.id), (LLVM Optimized)", "Plans": [{"Node Type": "Streaming(type: LOCAL REDISTRIBUTE dop: 16/16)", "Parent Relationship": "Outer", "Startup Cost": 113655.34, "Total Cost": 239847.25, "Plan Rows": 357379, "Plan Width": 32, "Plans": [{"Node Type": "Hash Join", "Parent Relationship": "Outer", "Join Type": "Inner", "Startup Cost": 113655.34, "Total Cost": 223493.12, "Plan Rows": 357379, "Plan Width": 32, "Inner Unique": false, "Hash Cond": "(ci.person_id = a1.person_id), (LLVM Optimized)", "Plans": [{"Node Type": "Streaming(type: LOCAL REDISTRIBUTE dop: 16/16)", "Parent Relationship": "Outer", "Startup Cost": 104286.28, "Total Cost": 212931.86, "Plan Rows": 711018, "Plan Width": 12, "Plans": [{"Node Type": "Hash Join", "Parent Relationship": "Outer", "Join Type": "Inner", "Startup Cost": 104286.28, "Total Cost": 195237.77, "Plan Rows": 711018, "Plan Width": 12, "Inner Unique": false, "Hash Cond": "(ci.movie_id = mc.movie_id), (LLVM Optimized)", "Plans": [{"Node Type": "Streaming(type: LOCAL REDISTRIBUTE dop: 16/16)", "Parent Relationship": "Outer", "Startup Cost": 15001.51, "Total Cost": 102848.74, "Plan Rows": 3296318, "Plan Width": 8, "Plans": [{"Node Type": "Hash Join", "Parent Relationship": "Outer", "Join Type": "Inner", "Startup Cost": 15001.51, "Total Cost": 75358.79, "Plan Rows": 3296318, "Plan Width": 8, "Inner Unique": true, "Hash Cond": "(ci.role_id = rt.id), (LLVM Optimized)", "Plans": [{"Node Type": "Seq Scan", "Parent Relationship": "Outer", "Relation Name": "cast_info", "Alias": "ci", "Startup Cost": 0.0, "Total Cost": 52617.37, "Plan Rows": 36259494, "Plan Width": 12}, {"Node Type": "Hash", "Parent Relationship": "Inner", "Startup Cost": 15001.5, "Total Cost": 15001.5, "Plan Rows": 16, "Plan Width": 4, "Plans": [{"Node Type": "Streaming(type: BROADCAST dop: 16/1)", "Parent Relationship": "Outer", "Startup Cost": 0.0, "Total Cost": 15001.5, "Plan Rows": 16, "Plan Width": 4, "Plans": [{"Node Type": "Seq Scan", "Parent Relationship": "Outer", "Relation Name": "role_type", "Alias": "rt", "Startup Cost": 0.0, "Total Cost": 1.15, "Plan Rows": 1, "Plan Width": 4, "Filter": "((role)::text = 'writer'::text)"}]}]}]}]}, {"Node Type": "Hash", "Parent Relationship": "Inner", "Startup Cost": 88282.97, "Total Cost": 88282.97, "Plan Rows": 1282311, "Plan Width": 4, "Plans": [{"Node Type": "Streaming(type: LOCAL REDISTRIBUTE dop: 16/16)", "Parent Relationship": "Outer", "Startup Cost": 24511.53, "Total Cost": 88282.97, "Plan Rows": 1282311, "Plan Width": 4, "Plans": [{"Node Type": "Hash Join", "Parent Relationship": "Outer", "Join Type": "Inner", "Startup Cost": 24511.53, "Total Cost": 68424.21, "Plan Rows": 1282311, "Plan Width": 4, "Inner Unique": true, "Hash Cond": "(mc.company_id = cn.id), (LLVM Optimized)", "Plans": [{"Node Type": "Streaming(type: LOCAL REDISTRIBUTE dop: 16/16)", "Parent Relationship": "Outer", "Startup Cost": 0.0, "Total Cost": 42499.73, "Plan Rows": 2609128, "Plan Width": 8, "Plans": [{"Node Type": "Seq Scan", "Parent Relationship": "Outer", "Relation Name": "movie_companies", "Alias": "mc", "Startup Cost": 0.0, "Total Cost": 17613.58, "Plan Rows": 2609128, "Plan Width": 8}]}, {"Node Type": "Hash", "Parent Relationship": "Inner", "Startup Cost": 24444.99, "Total Cost": 24444.99, "Plan Rows": 85170, "Plan Width": 4, "Plans": [{"Node Type": "Streaming(type: LOCAL REDISTRIBUTE dop: 16/1)", "Parent Relationship": "Outer", "Startup Cost": 0.0, "Total Cost": 24444.99, "Plan Rows": 85170, "Plan Width": 4, "Plans": [{"Node Type": "Seq Scan", "Parent Relationship": "Outer", "Relation Name": "company_name", "Alias": "cn", "Startup Cost": 0.0, "Total Cost": 5903.45, "Plan Rows": 85170, "Plan Width": 4, "Filter": "((country_code)::text = '[us]'::text)"}]}]}]}]}]}]}]}, {"Node Type": "Hash", "Parent Relationship": "Inner", "Startup Cost": 34659.52, "Total Cost": 34659.52, "Plan Rows": 901342, "Plan Width": 20, "Plans": [{"Node Type": "Streaming(type: LOCAL REDISTRIBUTE dop: 16/16)", "Parent Relationship": "Outer", "Startup Cost": 0.0, "Total Cost": 34659.52, "Plan Rows": 901342, "Plan Width": 20, "Plans": [{"Node Type": "Seq Scan", "Parent Relationship": "Outer", "Relation Name": "aka_name", "Alias": "a1", "Startup Cost": 0.0, "Total Cost": 16244.28, "Plan Rows": 901342, "Plan Width": 20}]}]}]}]}, {"Node Type": "Hash", "Parent Relationship": "Inner", "Startup Cost": 43334.25, "Total Cost": 43334.25, "Plan Rows": 2528311, "Plan Width": 21, "Plans": [{"Node Type": "Streaming(type: LOCAL REDISTRIBUTE dop: 16/16)", "Parent Relationship": "Outer", "Startup Cost": 0.0, "Total Cost": 43334.25, "Plan Rows": 2528311, "Plan Width": 21, "Plans": [{"Node Type": "Seq Scan", "Parent Relationship": "Outer", "Relation Name": "title", "Alias": "t", "Startup Cost": 0.0, "Total Cost": 18754.32, "Plan Rows": 2528311, "Plan Width": 21}]}]}]}]}, {"Node Type": "Hash", "Parent Relationship": "Inner", "Startup Cost": 51607.87, "Total Cost": 51607.87, "Plan Rows": 4167490, "Plan Width": 4, "Plans": [{"Node Type": "Streaming(type: LOCAL REDISTRIBUTE dop: 16/16)", "Parent Relationship": "Outer", "Startup Cost": 0.0, "Total Cost": 51607.87, "Plan Rows": 4167490, "Plan Width": 4, "Plans": [{"Node Type": "Index Only Scan", "Parent Relationship": "Outer", "Scan Direction": "Forward", "Index Name": "name_pkey", "Relation Name": "name", "Alias": "n1", "Startup Cost": 0.0, "Total Cost": 20816.99, "Plan Rows": 4167490, "Plan Width": 4}]}]}]}]}]}]}, "Unique SQL Id": 2457761703, "Planner Runtime": 194}, "explain_analyze_plan": {"Plan": {"Node Type": "Aggregate", "Strategy": "Plain", "Startup Cost": 287566.27, "Total Cost": 287566.3, "Plan Rows": 1, "Plan Width": 97, "Actual Min Startup Time": 4944.13, "Actual Max Startup Time": 4944.13, "Actual Min Total Time": 4944.13, "Actual Max Total Time": 4944.13, "Plans": [{"Node Type": "Streaming(type: LOCAL GATHER dop: 1/16)", "Parent Relationship": "Outer", "Startup Cost": 287566.27, "Total Cost": 287566.3, "Plan Rows": 1, "Plan Width": 97, "Actual Min Startup Time": 4943.285, "Actual Max Startup Time": 4943.285, "Actual Min Total Time": 4944.087, "Actual Max Total Time": 4944.087, "Plans": [{"Node Type": "Aggregate", "Strategy": "Plain", "Parent Relationship": "Outer", "Startup Cost": 287566.27, "Total Cost": 287566.28, "Plan Rows": 1, "Plan Width": 97, "Actual Min Startup Time": 4504.488, "Actual Max Startup Time": 4708.445, "Actual Min Total Time": 4504.488, "Actual Max Total Time": 4708.445, "Plans": [{"Node Type": "Hash Join", "Parent Relationship": "Outer", "Join Type": "Inner", "Startup Cost": 142621.96, "Total Cost": 285780.78, "Plan Rows": 357098, "Plan Width": 33, "Actual Min Startup Time": 622.123, "Actual Max Startup Time": 821.69, "Actual Min Total Time": 4385.581, "Actual Max Total Time": 4634.797, "Inner Unique": true, "Hash Cond": "(a1.person_id = n1.id), (LLVM Optimized, Jit Execute)", "Plans": [{"Node Type": "Streaming(type: LOCAL REDISTRIBUTE dop: 16/16)", "Parent Relationship": "Outer", "Startup Cost": 126464.14, "Total Cost": 269316.07, "Plan Rows": 357098, "Plan Width": 41, "Actual Min Startup Time": 62.393, "Actual Max Startup Time": 79.238, "Actual Min Total Time": 3724.655, "Actual Max Total Time": 3836.262, "Plans": [{"Node Type": "Hash Join", "Parent Relationship": "Outer", "Join Type": "Inner", "Startup Cost": 126464.14, "Total Cost": 252963.01, "Plan Rows": 357098, "Plan Width": 41, "Actual Min Startup Time": 614.667, "Actual Max Startup Time": 823.592, "Actual Min Total Time": 2392.015, "Actual Max Total Time": 4530.013, "Inner Unique": true, "Hash Cond": "(ci.movie_id = t.id), (LLVM Optimized, Jit Execute)", "Plans": [{"Node Type": "Streaming(type: LOCAL REDISTRIBUTE dop: 16/16)", "Parent Relationship": "Outer", "Startup Cost": 113655.34, "Total Cost": 239847.25, "Plan Rows": 357379, "Plan Width": 32, "Actual Min Startup Time": 232.06, "Actual Max Startup Time": 242.187, "Actual Min Total Time": 1737.73, "Actual Max Total Time": 3931.463, "Plans": [{"Node Type": "Hash Join", "Parent Relationship": "Outer", "Join Type": "Inner", "Startup Cost": 113655.34, "Total Cost": 223493.12, "Plan Rows": 357379, "Plan Width": 32, "Actual Min Startup Time": 618.18, "Actual Max Startup Time": 849.09, "Actual Min Total Time": 1988.988, "Actual Max Total Time": 4427.833, "Inner Unique": false, "Hash Cond": "(ci.person_id = a1.person_id), (LLVM Optimized, Jit Execute)", "Plans": [{"Node Type": "Streaming(type: LOCAL REDISTRIBUTE dop: 16/16)", "Parent Relationship": "Outer", "Startup Cost": 104286.28, "Total Cost": 212931.86, "Plan Rows": 711018, "Plan Width": 12, "Actual Min Startup Time": 483.749, "Actual Max Startup Time": 503.721, "Actual Min Total Time": 1782.944, "Actual Max Total Time": 4075.042, "Plans": [{"Node Type": "Hash Join", "Parent Relationship": "Outer", "Join Type": "Inner", "Startup Cost": 104286.28, "Total Cost": 195237.77, "Plan Rows": 711018, "Plan Width": 12, "Actual Min Startup Time": 609.63, "Actual Max Startup Time": 841.162, "Actual Min Total Time": 1681.314, "Actual Max Total Time": 3947.407, "Inner Unique": false, "Hash Cond": "(ci.movie_id = mc.movie_id), (LLVM Optimized, Jit Execute)", "Plans": [{"Node Type": "Streaming(type: LOCAL REDISTRIBUTE dop: 16/16)", "Parent Relationship": "Outer", "Startup Cost": 15001.51, "Total Cost": 102848.74, "Plan Rows": 3296318, "Plan Width": 8, "Actual Min Startup Time": 0.076, "Actual Max Startup Time": 1.512, "Actual Min Total Time": 958.941, "Actual Max Total Time": 3213.625, "Plans": [{"Node Type": "Hash Join", "Parent Relationship": "Outer", "Join Type": "Inner", "Startup Cost": 15001.51, "Total Cost": 75358.79, "Plan Rows": 3296318, "Plan Width": 8, "Actual Min Startup Time": 619.338, "Actual Max Startup Time": 684.705, "Actual Min Total Time": 978.386, "Actual Max Total Time": 1050.522, "Inner Unique": true, "Hash Cond": "(ci.role_id = rt.id), (LLVM Optimized, Jit Execute)", "Plans": [{"Node Type": "Seq Scan", "Parent Relationship": "Outer", "Relation Name": "cast_info", "Alias": "ci", "Startup Cost": 0.0, "Total Cost": 52617.37, "Plan Rows": 36259494, "Plan Width": 12, "Actual Min Startup Time": 0.025, "Actual Max Startup Time": 0.046, "Actual Min Total Time": 516.432, "Actual Max Total Time": 561.683, "Actual Rows": 36244343}, {"Node Type": "Hash", "Parent Relationship": "Inner", "Startup Cost": 15001.5, "Total Cost": 15001.5, "Plan Rows": 16, "Plan Width": 4, "Actual Min Startup Time": 0.012, "Actual Max Startup Time": 30.687, "Actual Min Total Time": 0.012, "Actual Max Total Time": 30.687, "Max Hash Buckets": 32768, "Min Hash Buckets": 32768, "Max Hash Batches": 1, "Min Hash Batches": 1, "Max Original Hash Batches": 1, "Min Original Hash Batches": 1, "Max Peak Memory Usage": 1, "min Peak Memory Usage": 1, "Plans": [{"Node Type": "Streaming(type: BROADCAST dop: 16/1)", "Parent Relationship": "Outer", "Startup Cost": 0.0, "Total Cost": 15001.5, "Plan Rows": 16, "Plan Width": 4, "Actual Min Startup Time": 0.003, "Actual Max Startup Time": 30.667, "Actual Min Total Time": 0.003, "Actual Max Total Time": 30.669, "Plans": [{"Node Type": "Seq Scan", "Parent Relationship": "Outer", "Relation Name": "role_type", "Alias": "rt", "Startup Cost": 0.0, "Total Cost": 1.15, "Plan Rows": 1, "Plan Width": 4, "Actual Min Startup Time": 0.038, "Actual Max Startup Time": 0.038, "Actual Min Total Time": 0.042, "Actual Max Total Time": 0.042, "Filter": "((role)::text = 'writer'::text)", "Rows Removed by Filter": 11, "Actual Rows": 1}], "Actual Rows": 16}], "Actual Rows": 16}], "Actual Rows": 2728943}], "Actual Rows": 2728943}, {"Node Type": "Hash", "Parent Relationship": "Inner", "Startup Cost": 88282.97, "Total Cost": 88282.97, "Plan Rows": 1282311, "Plan Width": 4, "Actual Min Startup Time": 608.642, "Actual Max Startup Time": 840.955, "Actual Min Total Time": 608.642, "Actual Max Total Time": 840.955, "Max Hash Buckets": 131072, "Min Hash Buckets": 131072, "Max Hash Batches": 1, "Min Hash Batches": 1, "Max Original Hash Batches": 1, "Min Original Hash Batches": 1, "Max Peak Memory Usage": 2542, "min Peak Memory Usage": 2542, "Plans": [{"Node Type": "Streaming(type: LOCAL REDISTRIBUTE dop: 16/16)", "Parent Relationship": "Outer", "Startup Cost": 24511.53, "Total Cost": 88282.97, "Plan Rows": 1282311, "Plan Width": 4, "Actual Min Startup Time": 165.19, "Actual Max Startup Time": 397.376, "Actual Min Total Time": 583.19, "Actual Max Total Time": 810.364, "Plans": [{"Node Type": "Hash Join", "Parent Relationship": "Outer", "Join Type": "Inner", "Startup Cost": 24511.53, "Total Cost": 68424.21, "Plan Rows": 1282311, "Plan Width": 4, "Actual Min Startup Time": 163.079, "Actual Max Startup Time": 409.822, "Actual Min Total Time": 482.508, "Actual Max Total Time": 768.684, "Inner Unique": true, "Hash Cond": "(mc.company_id = cn.id), (LLVM Optimized, Jit Execute)", "Plans": [{"Node Type": "Streaming(type: LOCAL REDISTRIBUTE dop: 16/16)", "Parent Relationship": "Outer", "Startup Cost": 0.0, "Total Cost": 42499.73, "Plan Rows": 2609128, "Plan Width": 8, "Actual Min Startup Time": 0.07, "Actual Max Startup Time": 1.506, "Actual Min Total Time": 241.68, "Actual Max Total Time": 332.619, "Plans": [{"Node Type": "Seq Scan", "Parent Relationship": "Outer", "Relation Name": "movie_companies", "Alias": "mc", "Startup Cost": 0.0, "Total Cost": 17613.58, "Plan Rows": 2609128, "Plan Width": 8, "Actual Min Startup Time": 0.024, "Actual Max Startup Time": 0.046, "Actual Min Total Time": 46.05, "Actual Max Total Time": 53.959, "Actual Rows": 2609128}], "Actual Rows": 2609128}, {"Node Type": "Hash", "Parent Relationship": "Inner", "Startup Cost": 24444.99, "Total Cost": 24444.99, "Plan Rows": 85170, "Plan Width": 4, "Actual Min Startup Time": 162.501, "Actual Max Startup Time": 408.821, "Actual Min Total Time": 162.501, "Actual Max Total Time": 408.821, "Max Hash Buckets": 32768, "Min Hash Buckets": 32768, "Max Hash Batches": 1, "Min Hash Batches": 1, "Max Original Hash Batches": 1, "Min Original Hash Batches": 1, "Max Peak Memory Usage": 182, "min Peak Memory Usage": 182, "Plans": [{"Node Type": "Streaming(type: LOCAL REDISTRIBUTE dop: 16/1)", "Parent Relationship": "Outer", "Startup Cost": 0.0, "Total Cost": 24444.99, "Plan Rows": 85170, "Plan Width": 4, "Actual Min Startup Time": 0.028, "Actual Max Startup Time": 240.208, "Actual Min Total Time": 160.838, "Actual Max Total Time": 406.797, "Plans": [{"Node Type": "Seq Scan", "Parent Relationship": "Outer", "Relation Name": "company_name", "Alias": "cn", "Startup Cost": 0.0, "Total Cost": 5903.45, "Plan Rows": 85170, "Plan Width": 4, "Actual Min Startup Time": 0.047, "Actual Max Startup Time": 0.047, "Actual Min Total Time": 93.762, "Actual Max Total Time": 93.762, "Filter": "((country_code)::text = '[us]'::text)", "Rows Removed by Filter": 150153, "Actual Rows": 84843}], "Actual Rows": 84843}], "Actual Rows": 84843}], "Actual Rows": 1153797}], "Actual Rows": 1153797}], "Actual Rows": 1153797}], "Actual Rows": 1970658}], "Actual Rows": 1970658}, {"Node Type": "Hash", "Parent Relationship": "Inner", "Startup Cost": 34659.52, "Total Cost": 34659.52, "Plan Rows": 901342, "Plan Width": 20, "Actual Min Startup Time": 129.787, "Actual Max Startup Time": 360.065, "Actual Min Total Time": 129.787, "Actual Max Total Time": 360.065, "Max Hash Buckets": 65536, "Min Hash Buckets": 65536, "Max Hash Batches": 1, "Min Hash Batches": 1, "Max Original Hash Batches": 1, "Min Original Hash Batches": 1, "Max Peak Memory Usage": 2981, "min Peak Memory Usage": 2981, "Plans": [{"Node Type": "Streaming(type: LOCAL REDISTRIBUTE dop: 16/16)", "Parent Relationship": "Outer", "Startup Cost": 0.0, "Total Cost": 34659.52, "Plan Rows": 901342, "Plan Width": 20, "Actual Min Startup Time": 0.045, "Actual Max Startup Time": 188.774, "Actual Min Total Time": 109.746, "Actual Max Total Time": 343.7, "Plans": [{"Node Type": "Seq Scan", "Parent Relationship": "Outer", "Relation Name": "aka_name", "Alias": "a1", "Startup Cost": 0.0, "Total Cost": 16244.28, "Plan Rows": 901342, "Plan Width": 20, "Actual Min Startup Time": 0.018, "Actual Max Startup Time": 0.04, "Actual Min Total Time": 16.479, "Actual Max Total Time": 20.369, "Actual Rows": 901342}], "Actual Rows": 901342}], "Actual Rows": 901342}], "Actual Rows": 2487611}], "Actual Rows": 2487611}, {"Node Type": "Hash", "Parent Relationship": "Inner", "Startup Cost": 43334.25, "Total Cost": 43334.25, "Plan Rows": 2528311, "Plan Width": 21, "Actual Min Startup Time": 381.985, "Actual Max Startup Time": 587.522, "Actual Min Total Time": 381.985, "Actual Max Total Time": 587.522, "Max Hash Buckets": 262144, "Min Hash Buckets": 262144, "Max Hash Batches": 1, "Min Hash Batches": 1, "Max Original Hash Batches": 1, "Min Original Hash Batches": 1, "Max Peak Memory Usage": 8518, "min Peak Memory Usage": 8518, "Plans": [{"Node Type": "Streaming(type: LOCAL REDISTRIBUTE dop: 16/16)", "Parent Relationship": "Outer", "Startup Cost": 0.0, "Total Cost": 43334.25, "Plan Rows": 2528311, "Plan Width": 21, "Actual Min Startup Time": 0.051, "Actual Max Startup Time": 110.199, "Actual Min Total Time": 305.798, "Actual Max Total Time": 512.197, "Plans": [{"Node Type": "Seq Scan", "Parent Relationship": "Outer", "Relation Name": "title", "Alias": "t", "Startup Cost": 0.0, "Total Cost": 18754.32, "Plan Rows": 2528311, "Plan Width": 21, "Actual Min Startup Time": 0.017, "Actual Max Startup Time": 0.033, "Actual Min Total Time": 50.642, "Actual Max Total Time": 58.797, "Actual Rows": 2528311}], "Actual Rows": 2528311}], "Actual Rows": 2528311}], "Actual Rows": 2487611}], "Actual Rows": 2487611}, {"Node Type": "Hash", "Parent Relationship": "Inner", "Startup Cost": 51607.87, "Total Cost": 51607.87, "Plan Rows": 4167490, "Plan Width": 4, "Actual Min Startup Time": 554.47, "Actual Max Startup Time": 758.245, "Actual Min Total Time": 554.47, "Actual Max Total Time": 758.245, "Max Hash Buckets": 262144, "Min Hash Buckets": 262144, "Max Hash Batches": 1, "Min Hash Batches": 1, "Max Original Hash Batches": 1, "Min Original Hash Batches": 1, "Max Peak Memory Usage": 9174, "min Peak Memory Usage": 9174, "Plans": [{"Node Type": "Streaming(type: LOCAL REDISTRIBUTE dop: 16/16)", "Parent Relationship": "Outer", "Startup Cost": 0.0, "Total Cost": 51607.87, "Plan Rows": 4167490, "Plan Width": 4, "Actual Min Startup Time": 0.05, "Actual Max Startup Time": 48.328, "Actual Min Total Time": 463.85, "Actual Max Total Time": 656.805, "Plans": [{"Node Type": "Index Only Scan", "Parent Relationship": "Outer", "Scan Direction": "Forward", "Index Name": "name_pkey", "Relation Name": "name", "Alias": "n1", "Startup Cost": 0.0, "Total Cost": 20816.99, "Plan Rows": 4167490, "Plan Width": 4, "Actual Min Startup Time": 0.039, "Actual Max Startup Time": 64.221, "Actual Min Total Time": 58.503, "Actual Max Total Time": 123.269, "Heap Fetches": 0, "Actual Rows": 4167490}], "Actual Rows": 4167490}], "Actual Rows": 4167490}], "Actual Rows": 2487611}], "Actual Rows": 16}], "Actual Rows": 16}], "Actual Rows": 1}, "Triggers": [], "Planner Runtime": 189, "Total Runtime": 4990.263, "Unique SQL Id": 2457761703}}, "(16, 33)": {"explain_plan": {"Plan": {"Node Type": "Aggregate", "Strategy": "Plain", "Startup Cost": 1388959.01, "Total Cost": 1388959.04, "Plan Rows": 1, "Plan Width": 97, "Plans": [{"Node Type": "Streaming(type: LOCAL GATHER dop: 1/16)", "Parent Relationship": "Outer", "Startup Cost": 1388959.01, "Total Cost": 1388959.04, "Plan Rows": 1, "Plan Width": 97, "Plans": [{"Node Type": "Aggregate", "Strategy": "Plain", "Parent Relationship": "Outer", "Startup Cost": 1388959.01, "Total Cost": 1388959.02, "Plan Rows": 1, "Plan Width": 97, "Plans": [{"Node Type": "Hash Join", "Parent Relationship": "Outer", "Join Type": "Inner", "Startup Cost": 269229.27, "Total Cost": 1387173.52, "Plan Rows": 357098, "Plan Width": 33, "Inner Unique": true, "Hash Cond": "(ci.movie_id = t.id), (LLVM Optimized)", "Plans": [{"Node Type": "Streaming(type: LOCAL REDISTRIBUTE dop: 16/16)", "Parent Relationship": "Outer", "Startup Cost": 235754.65, "Total Cost": 1353391.95, "Plan Rows": 357379, "Plan Width": 24, "Plans": [{"Node Type": "Hash Join", "Parent Relationship": "Outer", "Join Type": "Inner", "Startup Cost": 235754.65, "Total Cost": 1337037.82, "Plan Rows": 357379, "Plan Width": 24, "Inner Unique": false, "Hash Cond": "(ci.movie_id = mc.movie_id), (LLVM Optimized)", "Plans": [{"Node Type": "Streaming(type: LOCAL REDISTRIBUTE dop: 16/16)", "Parent Relationship": "Outer", "Startup Cost": 160993.45, "Total Cost": 1260878.52, "Plan Rows": 1484588, "Plan Width": 20, "Plans": [{"Node Type": "Hash Join", "Parent Relationship": "Outer", "Join Type": "Inner", "Startup Cost": 160993.45, "Total Cost": 1240253.33, "Plan Rows": 1484588, "Plan Width": 20, "Inner Unique": true, "Hash Cond": "(a1.person_id = n1.id), (LLVM Optimized)", "Plans": [{"Node Type": "Streaming(type: LOCAL REDISTRIBUTE dop: 16/16)", "Parent Relationship": "Outer", "Startup Cost": 104737.34, "Total Cost": 1182721.4, "Plan Rows": 1484588, "Plan Width": 28, "Plans": [{"Node Type": "Hash Join", "Parent Relationship": "Outer", "Join Type": "Inner", "Startup Cost": 104737.34, "Total Cost": 1162096.2, "Plan Rows": 1484588, "Plan Width": 28, "Inner Unique": false, "Hash Cond": "(ci.person_id = a1.person_id), (LLVM Optimized)", "Plans": [{"Node Type": "Streaming(type: LOCAL REDISTRIBUTE dop: 16/16)", "Parent Relationship": "Outer", "Startup Cost": 15012.82, "Total Cost": 1066844.59, "Plan Rows": 3296318, "Plan Width": 8, "Plans": [{"Node Type": "Hash Join", "Parent Relationship": "Outer", "Join Type": "Inner", "Startup Cost": 15012.82, "Total Cost": 1039354.63, "Plan Rows": 3296318, "Plan Width": 8, "Inner Unique": true, "Hash Cond": "(ci.role_id = rt.id), (LLVM Optimized)", "Plans": [{"Node Type": "Index Scan", "Parent Relationship": "Outer", "Scan Direction": "Forward", "Index Name": "role_id_cast_info", "Relation Name": "cast_info", "Alias": "ci", "Startup Cost": 0.0, "Total Cost": 1016601.9, "Plan Rows": 36259494, "Plan Width": 12}, {"Node Type": "Hash", "Parent Relationship": "Inner", "Startup Cost": 15012.81, "Total Cost": 15012.81, "Plan Rows": 16, "Plan Width": 4, "Plans": [{"Node Type": "Streaming(type: BROADCAST dop: 16/1)", "Parent Relationship": "Outer", "Startup Cost": 0.0, "Total Cost": 15012.81, "Plan Rows": 16, "Plan Width": 4, "Plans": [{"Node Type": "Index Scan", "Parent Relationship": "Outer", "Scan Direction": "Forward", "Index Name": "role_type_pkey", "Relation Name": "role_type", "Alias": "rt", "Startup Cost": 0.0, "Total Cost": 12.46, "Plan Rows": 1, "Plan Width": 4, "Filter": "((role)::text = 'writer'::text)"}]}]}]}]}, {"Node Type": "Hash", "Parent Relationship": "Inner", "Startup Cost": 89020.35, "Total Cost": 89020.35, "Plan Rows": 901342, "Plan Width": 20, "Plans": [{"Node Type": "Streaming(type: LOCAL REDISTRIBUTE dop: 16/1)", "Parent Relationship": "Outer", "Startup Cost": 16632.3, "Total Cost": 89020.35, "Plan Rows": 901342, "Plan Width": 20, "Plans": [{"Node Type": "Bitmap Heap Scan", "Parent Relationship": "Outer", "Relation Name": "aka_name", "Alias": "a1", "Startup Cost": 16632.3, "Total Cost": 36540.72, "Plan Rows": 901342, "Plan Width": 20, "Plans": [{"Node Type": "Bitmap Index Scan", "Parent Relationship": "Outer", "Index Name": "person_id_aka_name", "Startup Cost": 0.0, "Total Cost": 16406.96, "Plan Rows": 901342, "Plan Width": 0}]}]}]}]}]}, {"Node Type": "Hash", "Parent Relationship": "Inner", "Startup Cost": 131553.26, "Total Cost": 131553.26, "Plan Rows": 4167490, "Plan Width": 4, "Plans": [{"Node Type": "Streaming(type: LOCAL REDISTRIBUTE dop: 16/16)", "Parent Relationship": "Outer", "Startup Cost": 0.0, "Total Cost": 131553.26, "Plan Rows": 4167490, "Plan Width": 4, "Plans": [{"Node Type": "Index Only Scan", "Parent Relationship": "Outer", "Scan Direction": "Forward", "Index Name": "name_pkey", "Relation Name": "name", "Alias": "n1", "Startup Cost": 0.0, "Total Cost": 100762.38, "Plan Rows": 4167490, "Plan Width": 4}]}]}]}]}, {"Node Type": "Hash", "Parent Relationship": "Inner", "Startup Cost": 194504.49, "Total Cost": 194504.49, "Plan Rows": 1282311, "Plan Width": 4, "Plans": [{"Node Type": "Streaming(type: LOCAL REDISTRIBUTE dop: 16/1)", "Parent Relationship": "Outer", "Startup Cost": 61758.77, "Total Cost": 194504.49, "Plan Rows": 1282311, "Plan Width": 4, "Plans": [{"Node Type": "Hash Join", "Parent Relationship": "Outer", "Join Type": "Inner", "Startup Cost": 61758.77, "Total Cost": 126183.39, "Plan Rows": 1282311, "Plan Width": 4, "Inner Unique": true, "Hash Cond": "(mc.company_id = cn.id), (LLVM Optimized)", "Plans": [{"Node Type": "Bitmap Heap Scan", "Parent Relationship": "Outer", "Relation Name": "movie_companies", "Alias": "mc", "Startup Cost": 51990.17, "Total Cost": 93807.45, "Plan Rows": 2609128, "Plan Width": 8, "Plans": [{"Node Type": "Bitmap Index Scan", "Parent Relationship": "Outer", "Index Name": "movie_id_movie_companies", "Startup Cost": 0.0, "Total Cost": 51337.89, "Plan Rows": 2609128, "Plan Width": 0}]}, {"Node Type": "Hash", "Parent Relationship": "Inner", "Startup Cost": 8703.97, "Total Cost": 8703.97, "Plan Rows": 85170, "Plan Width": 4, "Plans": [{"Node Type": "Bitmap Heap Scan", "Parent Relationship": "Outer", "Relation Name": "company_name", "Alias": "cn", "Startup Cost": 2800.52, "Total Cost": 8703.97, "Plan Rows": 85170, "Plan Width": 4, "Filter": "((country_code)::text = '[us]'::text)", "Plans": [{"Node Type": "Bitmap Index Scan", "Parent Relationship": "Outer", "Index Name": "company_name_pkey", "Startup Cost": 0.0, "Total Cost": 2779.23, "Plan Rows": 234996, "Plan Width": 0}]}]}]}]}]}]}]}, {"Node Type": "Hash", "Parent Relationship": "Inner", "Startup Cost": 125997.5, "Total Cost": 125997.5, "Plan Rows": 2528311, "Plan Width": 21, "Plans": [{"Node Type": "Streaming(type: LOCAL REDISTRIBUTE dop: 16/16)", "Parent Relationship": "Outer", "Startup Cost": 0.0, "Total Cost": 125997.5, "Plan Rows": 2528311, "Plan Width": 21, "Plans": [{"Node Type": "Index Scan", "Parent Relationship": "Outer", "Scan Direction": "Forward", "Index Name": "title_pkey", "Relation Name": "title", "Alias": "t", "Startup Cost": 0.0, "Total Cost": 101417.57, "Plan Rows": 2528311, "Plan Width": 21}]}]}]}]}]}]}, "Unique SQL Id": 2457761703, "Planner Runtime": 173}, "explain_analyze_plan": null}, "(16, 34)": {"explain_plan": {"Plan": {"Node Type": "Aggregate", "Strategy": "Plain", "Startup Cost": 287566.27, "Total Cost": 287566.3, "Plan Rows": 1, "Plan Width": 97, "Plans": [{"Node Type": "Streaming(type: LOCAL GATHER dop: 1/16)", "Parent Relationship": "Outer", "Startup Cost": 287566.27, "Total Cost": 287566.3, "Plan Rows": 1, "Plan Width": 97, "Plans": [{"Node Type": "Aggregate", "Strategy": "Plain", "Parent Relationship": "Outer", "Startup Cost": 287566.27, "Total Cost": 287566.28, "Plan Rows": 1, "Plan Width": 97, "Plans": [{"Node Type": "Hash Join", "Parent Relationship": "Outer", "Join Type": "Inner", "Startup Cost": 142621.96, "Total Cost": 285780.78, "Plan Rows": 357098, "Plan Width": 33, "Inner Unique": true, "Hash Cond": "(a1.person_id = n1.id), (LLVM Optimized)", "Plans": [{"Node Type": "Streaming(type: LOCAL REDISTRIBUTE dop: 16/16)", "Parent Relationship": "Outer", "Startup Cost": 126464.14, "Total Cost": 269316.07, "Plan Rows": 357098, "Plan Width": 41, "Plans": [{"Node Type": "Hash Join", "Parent Relationship": "Outer", "Join Type": "Inner", "Startup Cost": 126464.14, "Total Cost": 252963.01, "Plan Rows": 357098, "Plan Width": 41, "Inner Unique": true, "Hash Cond": "(ci.movie_id = t.id), (LLVM Optimized)", "Plans": [{"Node Type": "Streaming(type: LOCAL REDISTRIBUTE dop: 16/16)", "Parent Relationship": "Outer", "Startup Cost": 113655.34, "Total Cost": 239847.25, "Plan Rows": 357379, "Plan Width": 32, "Plans": [{"Node Type": "Hash Join", "Parent Relationship": "Outer", "Join Type": "Inner", "Startup Cost": 113655.34, "Total Cost": 223493.12, "Plan Rows": 357379, "Plan Width": 32, "Inner Unique": false, "Hash Cond": "(ci.person_id = a1.person_id), (LLVM Optimized)", "Plans": [{"Node Type": "Streaming(type: LOCAL REDISTRIBUTE dop: 16/16)", "Parent Relationship": "Outer", "Startup Cost": 104286.28, "Total Cost": 212931.86, "Plan Rows": 711018, "Plan Width": 12, "Plans": [{"Node Type": "Hash Join", "Parent Relationship": "Outer", "Join Type": "Inner", "Startup Cost": 104286.28, "Total Cost": 195237.77, "Plan Rows": 711018, "Plan Width": 12, "Inner Unique": false, "Hash Cond": "(ci.movie_id = mc.movie_id), (LLVM Optimized)", "Plans": [{"Node Type": "Streaming(type: LOCAL REDISTRIBUTE dop: 16/16)", "Parent Relationship": "Outer", "Startup Cost": 15001.51, "Total Cost": 102848.74, "Plan Rows": 3296318, "Plan Width": 8, "Plans": [{"Node Type": "Hash Join", "Parent Relationship": "Outer", "Join Type": "Inner", "Startup Cost": 15001.51, "Total Cost": 75358.79, "Plan Rows": 3296318, "Plan Width": 8, "Inner Unique": true, "Hash Cond": "(ci.role_id = rt.id), (LLVM Optimized)", "Plans": [{"Node Type": "Seq Scan", "Parent Relationship": "Outer", "Relation Name": "cast_info", "Alias": "ci", "Startup Cost": 0.0, "Total Cost": 52617.37, "Plan Rows": 36259494, "Plan Width": 12}, {"Node Type": "Hash", "Parent Relationship": "Inner", "Startup Cost": 15001.5, "Total Cost": 15001.5, "Plan Rows": 16, "Plan Width": 4, "Plans": [{"Node Type": "Streaming(type: BROADCAST dop: 16/1)", "Parent Relationship": "Outer", "Startup Cost": 0.0, "Total Cost": 15001.5, "Plan Rows": 16, "Plan Width": 4, "Plans": [{"Node Type": "Seq Scan", "Parent Relationship": "Outer", "Relation Name": "role_type", "Alias": "rt", "Startup Cost": 0.0, "Total Cost": 1.15, "Plan Rows": 1, "Plan Width": 4, "Filter": "((role)::text = 'writer'::text)"}]}]}]}]}, {"Node Type": "Hash", "Parent Relationship": "Inner", "Startup Cost": 88282.97, "Total Cost": 88282.97, "Plan Rows": 1282311, "Plan Width": 4, "Plans": [{"Node Type": "Streaming(type: LOCAL REDISTRIBUTE dop: 16/16)", "Parent Relationship": "Outer", "Startup Cost": 24511.53, "Total Cost": 88282.97, "Plan Rows": 1282311, "Plan Width": 4, "Plans": [{"Node Type": "Hash Join", "Parent Relationship": "Outer", "Join Type": "Inner", "Startup Cost": 24511.53, "Total Cost": 68424.21, "Plan Rows": 1282311, "Plan Width": 4, "Inner Unique": true, "Hash Cond": "(mc.company_id = cn.id), (LLVM Optimized)", "Plans": [{"Node Type": "Streaming(type: LOCAL REDISTRIBUTE dop: 16/16)", "Parent Relationship": "Outer", "Startup Cost": 0.0, "Total Cost": 42499.73, "Plan Rows": 2609128, "Plan Width": 8, "Plans": [{"Node Type": "Seq Scan", "Parent Relationship": "Outer", "Relation Name": "movie_companies", "Alias": "mc", "Startup Cost": 0.0, "Total Cost": 17613.58, "Plan Rows": 2609128, "Plan Width": 8}]}, {"Node Type": "Hash", "Parent Relationship": "Inner", "Startup Cost": 24444.99, "Total Cost": 24444.99, "Plan Rows": 85170, "Plan Width": 4, "Plans": [{"Node Type": "Streaming(type: LOCAL REDISTRIBUTE dop: 16/1)", "Parent Relationship": "Outer", "Startup Cost": 0.0, "Total Cost": 24444.99, "Plan Rows": 85170, "Plan Width": 4, "Plans": [{"Node Type": "Seq Scan", "Parent Relationship": "Outer", "Relation Name": "company_name", "Alias": "cn", "Startup Cost": 0.0, "Total Cost": 5903.45, "Plan Rows": 85170, "Plan Width": 4, "Filter": "((country_code)::text = '[us]'::text)"}]}]}]}]}]}]}]}, {"Node Type": "Hash", "Parent Relationship": "Inner", "Startup Cost": 34659.52, "Total Cost": 34659.52, "Plan Rows": 901342, "Plan Width": 20, "Plans": [{"Node Type": "Streaming(type: LOCAL REDISTRIBUTE dop: 16/16)", "Parent Relationship": "Outer", "Startup Cost": 0.0, "Total Cost": 34659.52, "Plan Rows": 901342, "Plan Width": 20, "Plans": [{"Node Type": "Seq Scan", "Parent Relationship": "Outer", "Relation Name": "aka_name", "Alias": "a1", "Startup Cost": 0.0, "Total Cost": 16244.28, "Plan Rows": 901342, "Plan Width": 20}]}]}]}]}, {"Node Type": "Hash", "Parent Relationship": "Inner", "Startup Cost": 43334.25, "Total Cost": 43334.25, "Plan Rows": 2528311, "Plan Width": 21, "Plans": [{"Node Type": "Streaming(type: LOCAL REDISTRIBUTE dop: 16/16)", "Parent Relationship": "Outer", "Startup Cost": 0.0, "Total Cost": 43334.25, "Plan Rows": 2528311, "Plan Width": 21, "Plans": [{"Node Type": "Seq Scan", "Parent Relationship": "Outer", "Relation Name": "title", "Alias": "t", "Startup Cost": 0.0, "Total Cost": 18754.32, "Plan Rows": 2528311, "Plan Width": 21}]}]}]}]}, {"Node Type": "Hash", "Parent Relationship": "Inner", "Startup Cost": 51607.87, "Total Cost": 51607.87, "Plan Rows": 4167490, "Plan Width": 4, "Plans": [{"Node Type": "Streaming(type: LOCAL REDISTRIBUTE dop: 16/16)", "Parent Relationship": "Outer", "Startup Cost": 0.0, "Total Cost": 51607.87, "Plan Rows": 4167490, "Plan Width": 4, "Plans": [{"Node Type": "Seq Scan", "Parent Relationship": "Outer", "Relation Name": "name", "Alias": "n1", "Startup Cost": 0.0, "Total Cost": 20816.99, "Plan Rows": 4167490, "Plan Width": 4}]}]}]}]}]}]}, "Unique SQL Id": 2457761703, "Planner Runtime": 192}, "explain_analyze_plan": {"Plan": {"Node Type": "Aggregate", "Strategy": "Plain", "Startup Cost": 287566.27, "Total Cost": 287566.3, "Plan Rows": 1, "Plan Width": 97, "Actual Min Startup Time": 2807.394, "Actual Max Startup Time": 2807.394, "Actual Min Total Time": 2807.394, "Actual Max Total Time": 2807.394, "Plans": [{"Node Type": "Streaming(type: LOCAL GATHER dop: 1/16)", "Parent Relationship": "Outer", "Startup Cost": 287566.27, "Total Cost": 287566.3, "Plan Rows": 1, "Plan Width": 97, "Actual Min Startup Time": 2805.812, "Actual Max Startup Time": 2805.812, "Actual Min Total Time": 2807.366, "Actual Max Total Time": 2807.366, "Plans": [{"Node Type": "Aggregate", "Strategy": "Plain", "Parent Relationship": "Outer", "Startup Cost": 287566.27, "Total Cost": 287566.28, "Plan Rows": 1, "Plan Width": 97, "Actual Min Startup Time": 2410.309, "Actual Max Startup Time": 2537.515, "Actual Min Total Time": 2410.309, "Actual Max Total Time": 2537.515, "Plans": [{"Node Type": "Hash Join", "Parent Relationship": "Outer", "Join Type": "Inner", "Startup Cost": 142621.96, "Total Cost": 285780.78, "Plan Rows": 357098, "Plan Width": 33, "Actual Min Startup Time": 682.796, "Actual Max Startup Time": 809.411, "Actual Min Total Time": 2287.798, "Actual Max Total Time": 2474.84, "Inner Unique": true, "Hash Cond": "(a1.person_id = n1.id), (LLVM Optimized, Jit Execute)", "Plans": [{"Node Type": "Streaming(type: LOCAL REDISTRIBUTE dop: 16/16)", "Parent Relationship": "Outer", "Startup Cost": 126464.14, "Total Cost": 269316.07, "Plan Rows": 357098, "Plan Width": 41, "Actual Min Startup Time": 104.514, "Actual Max Startup Time": 134.767, "Actual Min Total Time": 1604.955, "Actual Max Total Time": 1724.615, "Plans": [{"Node Type": "Hash Join", "Parent Relationship": "Outer", "Join Type": "Inner", "Startup Cost": 126464.14, "Total Cost": 252963.01, "Plan Rows": 357098, "Plan Width": 41, "Actual Min Startup Time": 684.369, "Actual Max Startup Time": 863.954, "Actual Min Total Time": 2250.417, "Actual Max Total Time": 2462.715, "Inner Unique": true, "Hash Cond": "(ci.movie_id = t.id), (LLVM Optimized, Jit Execute)", "Plans": [{"Node Type": "Streaming(type: LOCAL REDISTRIBUTE dop: 16/16)", "Parent Relationship": "Outer", "Startup Cost": 113655.34, "Total Cost": 239847.25, "Plan Rows": 357379, "Plan Width": 32, "Actual Min Startup Time": 317.069, "Actual Max Startup Time": 322.995, "Actual Min Total Time": 1801.077, "Actual Max Total Time": 1863.509, "Plans": [{"Node Type": "Hash Join", "Parent Relationship": "Outer", "Join Type": "Inner", "Startup Cost": 113655.34, "Total Cost": 223493.12, "Plan Rows": 357379, "Plan Width": 32, "Actual Min Startup Time": 676.499, "Actual Max Startup Time": 926.544, "Actual Min Total Time": 1889.984, "Actual Max Total Time": 2339.531, "Inner Unique": false, "Hash Cond": "(ci.person_id = a1.person_id), (LLVM Optimized, Jit Execute)", "Plans": [{"Node Type": "Streaming(type: LOCAL REDISTRIBUTE dop: 16/16)", "Parent Relationship": "Outer", "Startup Cost": 104286.28, "Total Cost": 212931.86, "Plan Rows": 711018, "Plan Width": 12, "Actual Min Startup Time": 544.363, "Actual Max Startup Time": 557.858, "Actual Min Total Time": 1635.928, "Actual Max Total Time": 1965.859, "Plans": [{"Node Type": "Hash Join", "Parent Relationship": "Outer", "Join Type": "Inner", "Startup Cost": 104286.28, "Total Cost": 195237.77, "Plan Rows": 711018, "Plan Width": 12, "Actual Min Startup Time": 676.505, "Actual Max Startup Time": 873.864, "Actual Min Total Time": 1726.934, "Actual Max Total Time": 1983.436, "Inner Unique": false, "Hash Cond": "(ci.movie_id = mc.movie_id), (LLVM Optimized, Jit Execute)", "Plans": [{"Node Type": "Streaming(type: LOCAL REDISTRIBUTE dop: 16/16)", "Parent Relationship": "Outer", "Startup Cost": 15001.51, "Total Cost": 102848.74, "Plan Rows": 3296318, "Plan Width": 8, "Actual Min Startup Time": 0.059, "Actual Max Startup Time": 0.35, "Actual Min Total Time": 960.325, "Actual Max Total Time": 1125.807, "Plans": [{"Node Type": "Hash Join", "Parent Relationship": "Outer", "Join Type": "Inner", "Startup Cost": 15001.51, "Total Cost": 75358.79, "Plan Rows": 3296318, "Plan Width": 8, "Actual Min Startup Time": 618.945, "Actual Max Startup Time": 658.044, "Actual Min Total Time": 973.958, "Actual Max Total Time": 1016.065, "Inner Unique": true, "Hash Cond": "(ci.role_id = rt.id), (LLVM Optimized, Jit Execute)", "Plans": [{"Node Type": "Seq Scan", "Parent Relationship": "Outer", "Relation Name": "cast_info", "Alias": "ci", "Startup Cost": 0.0, "Total Cost": 52617.37, "Plan Rows": 36259494, "Plan Width": 12, "Actual Min Startup Time": 0.027, "Actual Max Startup Time": 0.044, "Actual Min Total Time": 516.927, "Actual Max Total Time": 557.048, "Actual Rows": 36244343}, {"Node Type": "Hash", "Parent Relationship": "Inner", "Startup Cost": 15001.5, "Total Cost": 15001.5, "Plan Rows": 16, "Plan Width": 4, "Actual Min Startup Time": 0.012, "Actual Max Startup Time": 23.82, "Actual Min Total Time": 0.012, "Actual Max Total Time": 23.82, "Max Hash Buckets": 32768, "Min Hash Buckets": 32768, "Max Hash Batches": 1, "Min Hash Batches": 1, "Max Original Hash Batches": 1, "Min Original Hash Batches": 1, "Max Peak Memory Usage": 1, "min Peak Memory Usage": 1, "Plans": [{"Node Type": "Streaming(type: BROADCAST dop: 16/1)", "Parent Relationship": "Outer", "Startup Cost": 0.0, "Total Cost": 15001.5, "Plan Rows": 16, "Plan Width": 4, "Actual Min Startup Time": 0.003, "Actual Max Startup Time": 23.79, "Actual Min Total Time": 0.004, "Actual Max Total Time": 23.792, "Plans": [{"Node Type": "Seq Scan", "Parent Relationship": "Outer", "Relation Name": "role_type", "Alias": "rt", "Startup Cost": 0.0, "Total Cost": 1.15, "Plan Rows": 1, "Plan Width": 4, "Actual Min Startup Time": 0.032, "Actual Max Startup Time": 0.032, "Actual Min Total Time": 0.036, "Actual Max Total Time": 0.036, "Filter": "((role)::text = 'writer'::text)", "Rows Removed by Filter": 11, "Actual Rows": 1}], "Actual Rows": 16}], "Actual Rows": 16}], "Actual Rows": 2728943}], "Actual Rows": 2728943}, {"Node Type": "Hash", "Parent Relationship": "Inner", "Startup Cost": 88282.97, "Total Cost": 88282.97, "Plan Rows": 1282311, "Plan Width": 4, "Actual Min Startup Time": 676.313, "Actual Max Startup Time": 873.534, "Actual Min Total Time": 676.313, "Actual Max Total Time": 873.534, "Max Hash Buckets": 131072, "Min Hash Buckets": 131072, "Max Hash Batches": 1, "Min Hash Batches": 1, "Max Original Hash Batches": 1, "Min Original Hash Batches": 1, "Max Peak Memory Usage": 2542, "min Peak Memory Usage": 2542, "Plans": [{"Node Type": "Streaming(type: LOCAL REDISTRIBUTE dop: 16/16)", "Parent Relationship": "Outer", "Startup Cost": 24511.53, "Total Cost": 88282.97, "Plan Rows": 1282311, "Plan Width": 4, "Actual Min Startup Time": 194.948, "Actual Max Startup Time": 392.152, "Actual Min Total Time": 652.521, "Actual Max Total Time": 846.259, "Plans": [{"Node Type": "Hash Join", "Parent Relationship": "Outer", "Join Type": "Inner", "Startup Cost": 24511.53, "Total Cost": 68424.21, "Plan Rows": 1282311, "Plan Width": 4, "Actual Min Startup Time": 193.447, "Actual Max Startup Time": 460.105, "Actual Min Total Time": 545.948, "Actual Max Total Time": 855.575, "Inner Unique": true, "Hash Cond": "(mc.company_id = cn.id), (LLVM Optimized, Jit Execute)", "Plans": [{"Node Type": "Streaming(type: LOCAL REDISTRIBUTE dop: 16/16)", "Parent Relationship": "Outer", "Startup Cost": 0.0, "Total Cost": 42499.73, "Plan Rows": 2609128, "Plan Width": 8, "Actual Min Startup Time": 0.064, "Actual Max Startup Time": 1.902, "Actual Min Total Time": 262.091, "Actual Max Total Time": 376.152, "Plans": [{"Node Type": "Seq Scan", "Parent Relationship": "Outer", "Relation Name": "movie_companies", "Alias": "mc", "Startup Cost": 0.0, "Total Cost": 17613.58, "Plan Rows": 2609128, "Plan Width": 8, "Actual Min Startup Time": 0.027, "Actual Max Startup Time": 0.063, "Actual Min Total Time": 42.353, "Actual Max Total Time": 50.636, "Actual Rows": 2609128}], "Actual Rows": 2609128}, {"Node Type": "Hash", "Parent Relationship": "Inner", "Startup Cost": 24444.99, "Total Cost": 24444.99, "Plan Rows": 85170, "Plan Width": 4, "Actual Min Startup Time": 193.304, "Actual Max Startup Time": 459.356, "Actual Min Total Time": 193.304, "Actual Max Total Time": 459.356, "Max Hash Buckets": 32768, "Min Hash Buckets": 32768, "Max Hash Batches": 1, "Min Hash Batches": 1, "Max Original Hash Batches": 1, "Min Original Hash Batches": 1, "Max Peak Memory Usage": 182, "min Peak Memory Usage": 182, "Plans": [{"Node Type": "Streaming(type: LOCAL REDISTRIBUTE dop: 16/1)", "Parent Relationship": "Outer", "Startup Cost": 0.0, "Total Cost": 24444.99, "Plan Rows": 85170, "Plan Width": 4, "Actual Min Startup Time": 0.041, "Actual Max Startup Time": 266.767, "Actual Min Total Time": 191.764, "Actual Max Total Time": 457.92, "Plans": [{"Node Type": "Seq Scan", "Parent Relationship": "Outer", "Relation Name": "company_name", "Alias": "cn", "Startup Cost": 0.0, "Total Cost": 5903.45, "Plan Rows": 85170, "Plan Width": 4, "Actual Min Startup Time": 0.053, "Actual Max Startup Time": 0.053, "Actual Min Total Time": 97.001, "Actual Max Total Time": 97.001, "Filter": "((country_code)::text = '[us]'::text)", "Rows Removed by Filter": 150153, "Actual Rows": 84843}], "Actual Rows": 84843}], "Actual Rows": 84843}], "Actual Rows": 1153797}], "Actual Rows": 1153797}], "Actual Rows": 1153797}], "Actual Rows": 1970658}], "Actual Rows": 1970658}, {"Node Type": "Hash", "Parent Relationship": "Inner", "Startup Cost": 34659.52, "Total Cost": 34659.52, "Plan Rows": 901342, "Plan Width": 20, "Actual Min Startup Time": 130.612, "Actual Max Startup Time": 381.22, "Actual Min Total Time": 130.612, "Actual Max Total Time": 381.22, "Max Hash Buckets": 65536, "Min Hash Buckets": 65536, "Max Hash Batches": 1, "Min Hash Batches": 1, "Max Original Hash Batches": 1, "Min Original Hash Batches": 1, "Max Peak Memory Usage": 2981, "min Peak Memory Usage": 2981, "Plans": [{"Node Type": "Streaming(type: LOCAL REDISTRIBUTE dop: 16/16)", "Parent Relationship": "Outer", "Startup Cost": 0.0, "Total Cost": 34659.52, "Plan Rows": 901342, "Plan Width": 20, "Actual Min Startup Time": 0.052, "Actual Max Startup Time": 67.059, "Actual Min Total Time": 109.562, "Actual Max Total Time": 360.696, "Plans": [{"Node Type": "Seq Scan", "Parent Relationship": "Outer", "Relation Name": "aka_name", "Alias": "a1", "Startup Cost": 0.0, "Total Cost": 16244.28, "Plan Rows": 901342, "Plan Width": 20, "Actual Min Startup Time": 0.019, "Actual Max Startup Time": 0.042, "Actual Min Total Time": 15.933, "Actual Max Total Time": 20.502, "Actual Rows": 901342}], "Actual Rows": 901342}], "Actual Rows": 901342}], "Actual Rows": 2487611}], "Actual Rows": 2487611}, {"Node Type": "Hash", "Parent Relationship": "Inner", "Startup Cost": 43334.25, "Total Cost": 43334.25, "Plan Rows": 2528311, "Plan Width": 21, "Actual Min Startup Time": 365.618, "Actual Max Startup Time": 543.574, "Actual Min Total Time": 365.618, "Actual Max Total Time": 543.574, "Max Hash Buckets": 262144, "Min Hash Buckets": 262144, "Max Hash Batches": 1, "Min Hash Batches": 1, "Max Original Hash Batches": 1, "Min Original Hash Batches": 1, "Max Peak Memory Usage": 8518, "min Peak Memory Usage": 8518, "Plans": [{"Node Type": "Streaming(type: LOCAL REDISTRIBUTE dop: 16/16)", "Parent Relationship": "Outer", "Startup Cost": 0.0, "Total Cost": 43334.25, "Plan Rows": 2528311, "Plan Width": 21, "Actual Min Startup Time": 0.063, "Actual Max Startup Time": 18.287, "Actual Min Total Time": 289.389, "Actual Max Total Time": 470.899, "Plans": [{"Node Type": "Seq Scan", "Parent Relationship": "Outer", "Relation Name": "title", "Alias": "t", "Startup Cost": 0.0, "Total Cost": 18754.32, "Plan Rows": 2528311, "Plan Width": 21, "Actual Min Startup Time": 0.017, "Actual Max Startup Time": 0.037, "Actual Min Total Time": 47.834, "Actual Max Total Time": 58.11, "Actual Rows": 2528311}], "Actual Rows": 2528311}], "Actual Rows": 2528311}], "Actual Rows": 2487611}], "Actual Rows": 2487611}, {"Node Type": "Hash", "Parent Relationship": "Inner", "Startup Cost": 51607.87, "Total Cost": 51607.87, "Plan Rows": 4167490, "Plan Width": 4, "Actual Min Startup Time": 573.363, "Actual Max Startup Time": 700.351, "Actual Min Total Time": 573.363, "Actual Max Total Time": 700.351, "Max Hash Buckets": 262144, "Min Hash Buckets": 262144, "Max Hash Batches": 1, "Min Hash Batches": 1, "Max Original Hash Batches": 1, "Min Original Hash Batches": 1, "Max Peak Memory Usage": 9174, "min Peak Memory Usage": 9174, "Plans": [{"Node Type": "Streaming(type: LOCAL REDISTRIBUTE dop: 16/16)", "Parent Relationship": "Outer", "Startup Cost": 0.0, "Total Cost": 51607.87, "Plan Rows": 4167490, "Plan Width": 4, "Actual Min Startup Time": 0.053, "Actual Max Startup Time": 0.099, "Actual Min Total Time": 470.118, "Actual Max Total Time": 593.068, "Plans": [{"Node Type": "Seq Scan", "Parent Relationship": "Outer", "Relation Name": "name", "Alias": "n1", "Startup Cost": 0.0, "Total Cost": 20816.99, "Plan Rows": 4167490, "Plan Width": 4, "Actual Min Startup Time": 0.017, "Actual Max Startup Time": 0.04, "Actual Min Total Time": 75.276, "Actual Max Total Time": 87.952, "Actual Rows": 4167490}], "Actual Rows": 4167490}], "Actual Rows": 4167490}], "Actual Rows": 2487611}], "Actual Rows": 16}], "Actual Rows": 16}], "Actual Rows": 1}, "Triggers": [], "Planner Runtime": 253, "Total Runtime": 2852.697, "Unique SQL Id": 2457761703}}, "(16, 35)": {"explain_plan": {"Plan": {"Node Type": "Aggregate", "Strategy": "Plain", "Startup Cost": 1013578.73, "Total Cost": 1013578.74, "Plan Rows": 1, "Plan Width": 97, "Plans": [{"Node Type": "Hash Join", "Parent Relationship": "Outer", "Join Type": "Inner", "Startup Cost": 985285.55, "Total Cost": 1011793.24, "Plan Rows": 357098, "Plan Width": 33, "Inner Unique": false, "Hash Cond": "(a1.person_id = n1.id), (LLVM Optimized)", "Plans": [{"Node Type": "Bitmap Heap Scan", "Parent Relationship": "Outer", "Relation Name": "aka_name", "Alias": "a1", "Startup Cost": 16632.3, "Total Cost": 36540.72, "Plan Rows": 901342, "Plan Width": 20, "Plans": [{"Node Type": "Bitmap Index Scan", "Parent Relationship": "Outer", "Index Name": "person_id_aka_name", "Startup Cost": 0.0, "Total Cost": 16406.96, "Plan Rows": 901342, "Plan Width": 0}]}, {"Node Type": "Hash", "Parent Relationship": "Inner", "Startup Cost": 959772.51, "Total Cost": 959772.51, "Plan Rows": 710459, "Plan Width": 25, "Plans": [{"Node Type": "Hash Join", "Parent Relationship": "Outer", "Join Type": "Inner", "Startup Cost": 607483.06, "Total Cost": 959772.51, "Plan Rows": 710459, "Plan Width": 25, "Inner Unique": true, "Hash Cond": "(ci.person_id = n1.id), (LLVM Optimized)", "Plans": [{"Node Type": "Hash Join", "Parent Relationship": "Outer", "Join Type": "Inner", "Startup Cost": 378117.96, "Total Cost": 720638.61, "Plan Rows": 710459, "Plan Width": 21, "Inner Unique": false, "Hash Cond": "(ci.movie_id = t.id), (LLVM Optimized)", "Plans": [{"Node Type": "Nested Loop", "Parent Relationship": "Outer", "Join Type": "Inner", "Startup Cost": 76315.02, "Total Cost": 389769.33, "Plan Rows": 3296318, "Plan Width": 8, "Inner Unique": false, "Plans": [{"Node Type": "Bitmap Heap Scan", "Parent Relationship": "Outer", "Relation Name": "role_type", "Alias": "rt", "Startup Cost": 8.31, "Total Cost": 12.46, "Plan Rows": 1, "Plan Width": 4, "Filter": "((role)::text = 'writer'::text)", "Plans": [{"Node Type": "Bitmap Index Scan", "Parent Relationship": "Outer", "Index Name": "role_type_pkey", "Startup Cost": 0.0, "Total Cost": 8.31, "Plan Rows": 12, "Plan Width": 0}]}, {"Node Type": "Bitmap Heap Scan", "Parent Relationship": "Inner", "Relation Name": "cast_info", "Alias": "ci", "Startup Cost": 76306.71, "Total Cost": 356793.69, "Plan Rows": 3296318, "Plan Width": 12, "Recheck Cond": "(role_id = rt.id), (LLVM Optimized)", "Plans": [{"Node Type": "Bitmap Index Scan", "Parent Relationship": "Outer", "Index Name": "role_id_cast_info", "Startup Cost": 0.0, "Total Cost": 75482.63, "Plan Rows": 3296318, "Plan Width": 0, "Index Cond": "(role_id = rt.id)"}]}]}, {"Node Type": "Hash", "Parent Relationship": "Inner", "Startup Cost": 285774.05, "Total Cost": 285774.05, "Plan Rows": 1282311, "Plan Width": 25, "Plans": [{"Node Type": "Hash Join", "Parent Relationship": "Outer", "Join Type": "Inner", "Startup Cost": 203717.65, "Total Cost": 285774.05, "Plan Rows": 1282311, "Plan Width": 25, "Inner Unique": true, "Hash Cond": "(mc.movie_id = t.id), (LLVM Optimized)", "Plans": [{"Node Type": "Hash Join", "Parent Relationship": "Outer", "Join Type": "Inner", "Startup Cost": 61758.77, "Total Cost": 126183.39, "Plan Rows": 1282311, "Plan Width": 4, "Inner Unique": true, "Hash Cond": "(mc.company_id = cn.id), (LLVM Optimized)", "Plans": [{"Node Type": "Bitmap Heap Scan", "Parent Relationship": "Outer", "Relation Name": "movie_companies", "Alias": "mc", "Startup Cost": 51990.17, "Total Cost": 93807.45, "Plan Rows": 2609128, "Plan Width": 8, "Plans": [{"Node Type": "Bitmap Index Scan", "Parent Relationship": "Outer", "Index Name": "movie_id_movie_companies", "Startup Cost": 0.0, "Total Cost": 51337.89, "Plan Rows": 2609128, "Plan Width": 0}]}, {"Node Type": "Hash", "Parent Relationship": "Inner", "Startup Cost": 8703.97, "Total Cost": 8703.97, "Plan Rows": 85170, "Plan Width": 4, "Plans": [{"Node Type": "Bitmap Heap Scan", "Parent Relationship": "Outer", "Relation Name": "company_name", "Alias": "cn", "Startup Cost": 2800.52, "Total Cost": 8703.97, "Plan Rows": 85170, "Plan Width": 4, "Filter": "((country_code)::text = '[us]'::text)", "Plans": [{"Node Type": "Bitmap Index Scan", "Parent Relationship": "Outer", "Index Name": "company_name_pkey", "Startup Cost": 0.0, "Total Cost": 2779.23, "Plan Rows": 234996, "Plan Width": 0}]}]}]}, {"Node Type": "Hash", "Parent Relationship": "Inner", "Startup Cost": 110354.99, "Total Cost": 110354.99, "Plan Rows": 2528311, "Plan Width": 21, "Plans": [{"Node Type": "Bitmap Heap Scan", "Parent Relationship": "Outer", "Relation Name": "title", "Alias": "t", "Startup Cost": 50285.88, "Total Cost": 110354.99, "Plan Rows": 2528311, "Plan Width": 21, "Plans": [{"Node Type": "Bitmap Index Scan", "Parent Relationship": "Outer", "Index Name": "title_pkey", "Startup Cost": 0.0, "Total Cost": 49653.81, "Plan Rows": 2528311, "Plan Width": 0}]}]}]}]}]}, {"Node Type": "Hash", "Parent Relationship": "Inner", "Startup Cost": 177271.47, "Total Cost": 177271.47, "Plan Rows": 4167490, "Plan Width": 4, "Plans": [{"Node Type": "Bitmap Heap Scan", "Parent Relationship": "Outer", "Relation Name": "name", "Alias": "n1", "Startup Cost": 84199.57, "Total Cost": 177271.47, "Plan Rows": 4167490, "Plan Width": 4, "Plans": [{"Node Type": "Bitmap Index Scan", "Parent Relationship": "Outer", "Index Name": "name_pkey", "Startup Cost": 0.0, "Total Cost": 83157.7, "Plan Rows": 4167490, "Plan Width": 0}]}]}]}]}]}]}, "Unique SQL Id": 2457761703, "Planner Runtime": 49}, "explain_analyze_plan": null}, "(16, 36)": {"explain_plan": {"Plan": {"Node Type": "Aggregate", "Strategy": "Plain", "Startup Cost": 287566.27, "Total Cost": 287566.3, "Plan Rows": 1, "Plan Width": 97, "Plans": [{"Node Type": "Streaming(type: LOCAL GATHER dop: 1/16)", "Parent Relationship": "Outer", "Startup Cost": 287566.27, "Total Cost": 287566.3, "Plan Rows": 1, "Plan Width": 97, "Plans": [{"Node Type": "Aggregate", "Strategy": "Plain", "Parent Relationship": "Outer", "Startup Cost": 287566.27, "Total Cost": 287566.28, "Plan Rows": 1, "Plan Width": 97, "Plans": [{"Node Type": "Hash Join", "Parent Relationship": "Outer", "Join Type": "Inner", "Startup Cost": 142621.96, "Total Cost": 285780.78, "Plan Rows": 357098, "Plan Width": 33, "Inner Unique": true, "Hash Cond": "(a1.person_id = n1.id), (LLVM Optimized)", "Plans": [{"Node Type": "Streaming(type: LOCAL REDISTRIBUTE dop: 16/16)", "Parent Relationship": "Outer", "Startup Cost": 126464.14, "Total Cost": 269316.07, "Plan Rows": 357098, "Plan Width": 41, "Plans": [{"Node Type": "Hash Join", "Parent Relationship": "Outer", "Join Type": "Inner", "Startup Cost": 126464.14, "Total Cost": 252963.01, "Plan Rows": 357098, "Plan Width": 41, "Inner Unique": true, "Hash Cond": "(ci.movie_id = t.id), (LLVM Optimized)", "Plans": [{"Node Type": "Streaming(type: LOCAL REDISTRIBUTE dop: 16/16)", "Parent Relationship": "Outer", "Startup Cost": 113655.34, "Total Cost": 239847.25, "Plan Rows": 357379, "Plan Width": 32, "Plans": [{"Node Type": "Hash Join", "Parent Relationship": "Outer", "Join Type": "Inner", "Startup Cost": 113655.34, "Total Cost": 223493.12, "Plan Rows": 357379, "Plan Width": 32, "Inner Unique": false, "Hash Cond": "(ci.person_id = a1.person_id), (LLVM Optimized)", "Plans": [{"Node Type": "Streaming(type: LOCAL REDISTRIBUTE dop: 16/16)", "Parent Relationship": "Outer", "Startup Cost": 104286.28, "Total Cost": 212931.86, "Plan Rows": 711018, "Plan Width": 12, "Plans": [{"Node Type": "Hash Join", "Parent Relationship": "Outer", "Join Type": "Inner", "Startup Cost": 104286.28, "Total Cost": 195237.77, "Plan Rows": 711018, "Plan Width": 12, "Inner Unique": false, "Hash Cond": "(ci.movie_id = mc.movie_id), (LLVM Optimized)", "Plans": [{"Node Type": "Streaming(type: LOCAL REDISTRIBUTE dop: 16/16)", "Parent Relationship": "Outer", "Startup Cost": 15001.51, "Total Cost": 102848.74, "Plan Rows": 3296318, "Plan Width": 8, "Plans": [{"Node Type": "Hash Join", "Parent Relationship": "Outer", "Join Type": "Inner", "Startup Cost": 15001.51, "Total Cost": 75358.79, "Plan Rows": 3296318, "Plan Width": 8, "Inner Unique": true, "Hash Cond": "(ci.role_id = rt.id), (LLVM Optimized)", "Plans": [{"Node Type": "Seq Scan", "Parent Relationship": "Outer", "Relation Name": "cast_info", "Alias": "ci", "Startup Cost": 0.0, "Total Cost": 52617.37, "Plan Rows": 36259494, "Plan Width": 12}, {"Node Type": "Hash", "Parent Relationship": "Inner", "Startup Cost": 15001.5, "Total Cost": 15001.5, "Plan Rows": 16, "Plan Width": 4, "Plans": [{"Node Type": "Streaming(type: BROADCAST dop: 16/1)", "Parent Relationship": "Outer", "Startup Cost": 0.0, "Total Cost": 15001.5, "Plan Rows": 16, "Plan Width": 4, "Plans": [{"Node Type": "Seq Scan", "Parent Relationship": "Outer", "Relation Name": "role_type", "Alias": "rt", "Startup Cost": 0.0, "Total Cost": 1.15, "Plan Rows": 1, "Plan Width": 4, "Filter": "((role)::text = 'writer'::text)"}]}]}]}]}, {"Node Type": "Hash", "Parent Relationship": "Inner", "Startup Cost": 88282.97, "Total Cost": 88282.97, "Plan Rows": 1282311, "Plan Width": 4, "Plans": [{"Node Type": "Streaming(type: LOCAL REDISTRIBUTE dop: 16/16)", "Parent Relationship": "Outer", "Startup Cost": 24511.53, "Total Cost": 88282.97, "Plan Rows": 1282311, "Plan Width": 4, "Plans": [{"Node Type": "Hash Join", "Parent Relationship": "Outer", "Join Type": "Inner", "Startup Cost": 24511.53, "Total Cost": 68424.21, "Plan Rows": 1282311, "Plan Width": 4, "Inner Unique": true, "Hash Cond": "(mc.company_id = cn.id), (LLVM Optimized)", "Plans": [{"Node Type": "Streaming(type: LOCAL REDISTRIBUTE dop: 16/16)", "Parent Relationship": "Outer", "Startup Cost": 0.0, "Total Cost": 42499.73, "Plan Rows": 2609128, "Plan Width": 8, "Plans": [{"Node Type": "Seq Scan", "Parent Relationship": "Outer", "Relation Name": "movie_companies", "Alias": "mc", "Startup Cost": 0.0, "Total Cost": 17613.58, "Plan Rows": 2609128, "Plan Width": 8}]}, {"Node Type": "Hash", "Parent Relationship": "Inner", "Startup Cost": 24444.99, "Total Cost": 24444.99, "Plan Rows": 85170, "Plan Width": 4, "Plans": [{"Node Type": "Streaming(type: LOCAL REDISTRIBUTE dop: 16/1)", "Parent Relationship": "Outer", "Startup Cost": 0.0, "Total Cost": 24444.99, "Plan Rows": 85170, "Plan Width": 4, "Plans": [{"Node Type": "Seq Scan", "Parent Relationship": "Outer", "Relation Name": "company_name", "Alias": "cn", "Startup Cost": 0.0, "Total Cost": 5903.45, "Plan Rows": 85170, "Plan Width": 4, "Filter": "((country_code)::text = '[us]'::text)"}]}]}]}]}]}]}]}, {"Node Type": "Hash", "Parent Relationship": "Inner", "Startup Cost": 34659.52, "Total Cost": 34659.52, "Plan Rows": 901342, "Plan Width": 20, "Plans": [{"Node Type": "Streaming(type: LOCAL REDISTRIBUTE dop: 16/16)", "Parent Relationship": "Outer", "Startup Cost": 0.0, "Total Cost": 34659.52, "Plan Rows": 901342, "Plan Width": 20, "Plans": [{"Node Type": "Seq Scan", "Parent Relationship": "Outer", "Relation Name": "aka_name", "Alias": "a1", "Startup Cost": 0.0, "Total Cost": 16244.28, "Plan Rows": 901342, "Plan Width": 20}]}]}]}]}, {"Node Type": "Hash", "Parent Relationship": "Inner", "Startup Cost": 43334.25, "Total Cost": 43334.25, "Plan Rows": 2528311, "Plan Width": 21, "Plans": [{"Node Type": "Streaming(type: LOCAL REDISTRIBUTE dop: 16/16)", "Parent Relationship": "Outer", "Startup Cost": 0.0, "Total Cost": 43334.25, "Plan Rows": 2528311, "Plan Width": 21, "Plans": [{"Node Type": "Seq Scan", "Parent Relationship": "Outer", "Relation Name": "title", "Alias": "t", "Startup Cost": 0.0, "Total Cost": 18754.32, "Plan Rows": 2528311, "Plan Width": 21}]}]}]}]}, {"Node Type": "Hash", "Parent Relationship": "Inner", "Startup Cost": 51607.87, "Total Cost": 51607.87, "Plan Rows": 4167490, "Plan Width": 4, "Plans": [{"Node Type": "Streaming(type: LOCAL REDISTRIBUTE dop: 16/16)", "Parent Relationship": "Outer", "Startup Cost": 0.0, "Total Cost": 51607.87, "Plan Rows": 4167490, "Plan Width": 4, "Plans": [{"Node Type": "Seq Scan", "Parent Relationship": "Outer", "Relation Name": "name", "Alias": "n1", "Startup Cost": 0.0, "Total Cost": 20816.99, "Plan Rows": 4167490, "Plan Width": 4}]}]}]}]}]}]}, "Unique SQL Id": 2457761703, "Planner Runtime": 196}, "explain_analyze_plan": {"Plan": {"Node Type": "Aggregate", "Strategy": "Plain", "Startup Cost": 287566.27, "Total Cost": 287566.3, "Plan Rows": 1, "Plan Width": 97, "Actual Min Startup Time": 2807.394, "Actual Max Startup Time": 2807.394, "Actual Min Total Time": 2807.394, "Actual Max Total Time": 2807.394, "Plans": [{"Node Type": "Streaming(type: LOCAL GATHER dop: 1/16)", "Parent Relationship": "Outer", "Startup Cost": 287566.27, "Total Cost": 287566.3, "Plan Rows": 1, "Plan Width": 97, "Actual Min Startup Time": 2805.812, "Actual Max Startup Time": 2805.812, "Actual Min Total Time": 2807.366, "Actual Max Total Time": 2807.366, "Plans": [{"Node Type": "Aggregate", "Strategy": "Plain", "Parent Relationship": "Outer", "Startup Cost": 287566.27, "Total Cost": 287566.28, "Plan Rows": 1, "Plan Width": 97, "Actual Min Startup Time": 2410.309, "Actual Max Startup Time": 2537.515, "Actual Min Total Time": 2410.309, "Actual Max Total Time": 2537.515, "Plans": [{"Node Type": "Hash Join", "Parent Relationship": "Outer", "Join Type": "Inner", "Startup Cost": 142621.96, "Total Cost": 285780.78, "Plan Rows": 357098, "Plan Width": 33, "Actual Min Startup Time": 682.796, "Actual Max Startup Time": 809.411, "Actual Min Total Time": 2287.798, "Actual Max Total Time": 2474.84, "Inner Unique": true, "Hash Cond": "(a1.person_id = n1.id), (LLVM Optimized, Jit Execute)", "Plans": [{"Node Type": "Streaming(type: LOCAL REDISTRIBUTE dop: 16/16)", "Parent Relationship": "Outer", "Startup Cost": 126464.14, "Total Cost": 269316.07, "Plan Rows": 357098, "Plan Width": 41, "Actual Min Startup Time": 104.514, "Actual Max Startup Time": 134.767, "Actual Min Total Time": 1604.955, "Actual Max Total Time": 1724.615, "Plans": [{"Node Type": "Hash Join", "Parent Relationship": "Outer", "Join Type": "Inner", "Startup Cost": 126464.14, "Total Cost": 252963.01, "Plan Rows": 357098, "Plan Width": 41, "Actual Min Startup Time": 684.369, "Actual Max Startup Time": 863.954, "Actual Min Total Time": 2250.417, "Actual Max Total Time": 2462.715, "Inner Unique": true, "Hash Cond": "(ci.movie_id = t.id), (LLVM Optimized, Jit Execute)", "Plans": [{"Node Type": "Streaming(type: LOCAL REDISTRIBUTE dop: 16/16)", "Parent Relationship": "Outer", "Startup Cost": 113655.34, "Total Cost": 239847.25, "Plan Rows": 357379, "Plan Width": 32, "Actual Min Startup Time": 317.069, "Actual Max Startup Time": 322.995, "Actual Min Total Time": 1801.077, "Actual Max Total Time": 1863.509, "Plans": [{"Node Type": "Hash Join", "Parent Relationship": "Outer", "Join Type": "Inner", "Startup Cost": 113655.34, "Total Cost": 223493.12, "Plan Rows": 357379, "Plan Width": 32, "Actual Min Startup Time": 676.499, "Actual Max Startup Time": 926.544, "Actual Min Total Time": 1889.984, "Actual Max Total Time": 2339.531, "Inner Unique": false, "Hash Cond": "(ci.person_id = a1.person_id), (LLVM Optimized, Jit Execute)", "Plans": [{"Node Type": "Streaming(type: LOCAL REDISTRIBUTE dop: 16/16)", "Parent Relationship": "Outer", "Startup Cost": 104286.28, "Total Cost": 212931.86, "Plan Rows": 711018, "Plan Width": 12, "Actual Min Startup Time": 544.363, "Actual Max Startup Time": 557.858, "Actual Min Total Time": 1635.928, "Actual Max Total Time": 1965.859, "Plans": [{"Node Type": "Hash Join", "Parent Relationship": "Outer", "Join Type": "Inner", "Startup Cost": 104286.28, "Total Cost": 195237.77, "Plan Rows": 711018, "Plan Width": 12, "Actual Min Startup Time": 676.505, "Actual Max Startup Time": 873.864, "Actual Min Total Time": 1726.934, "Actual Max Total Time": 1983.436, "Inner Unique": false, "Hash Cond": "(ci.movie_id = mc.movie_id), (LLVM Optimized, Jit Execute)", "Plans": [{"Node Type": "Streaming(type: LOCAL REDISTRIBUTE dop: 16/16)", "Parent Relationship": "Outer", "Startup Cost": 15001.51, "Total Cost": 102848.74, "Plan Rows": 3296318, "Plan Width": 8, "Actual Min Startup Time": 0.059, "Actual Max Startup Time": 0.35, "Actual Min Total Time": 960.325, "Actual Max Total Time": 1125.807, "Plans": [{"Node Type": "Hash Join", "Parent Relationship": "Outer", "Join Type": "Inner", "Startup Cost": 15001.51, "Total Cost": 75358.79, "Plan Rows": 3296318, "Plan Width": 8, "Actual Min Startup Time": 618.945, "Actual Max Startup Time": 658.044, "Actual Min Total Time": 973.958, "Actual Max Total Time": 1016.065, "Inner Unique": true, "Hash Cond": "(ci.role_id = rt.id), (LLVM Optimized, Jit Execute)", "Plans": [{"Node Type": "Seq Scan", "Parent Relationship": "Outer", "Relation Name": "cast_info", "Alias": "ci", "Startup Cost": 0.0, "Total Cost": 52617.37, "Plan Rows": 36259494, "Plan Width": 12, "Actual Min Startup Time": 0.027, "Actual Max Startup Time": 0.044, "Actual Min Total Time": 516.927, "Actual Max Total Time": 557.048, "Actual Rows": 36244343}, {"Node Type": "Hash", "Parent Relationship": "Inner", "Startup Cost": 15001.5, "Total Cost": 15001.5, "Plan Rows": 16, "Plan Width": 4, "Actual Min Startup Time": 0.012, "Actual Max Startup Time": 23.82, "Actual Min Total Time": 0.012, "Actual Max Total Time": 23.82, "Max Hash Buckets": 32768, "Min Hash Buckets": 32768, "Max Hash Batches": 1, "Min Hash Batches": 1, "Max Original Hash Batches": 1, "Min Original Hash Batches": 1, "Max Peak Memory Usage": 1, "min Peak Memory Usage": 1, "Plans": [{"Node Type": "Streaming(type: BROADCAST dop: 16/1)", "Parent Relationship": "Outer", "Startup Cost": 0.0, "Total Cost": 15001.5, "Plan Rows": 16, "Plan Width": 4, "Actual Min Startup Time": 0.003, "Actual Max Startup Time": 23.79, "Actual Min Total Time": 0.004, "Actual Max Total Time": 23.792, "Plans": [{"Node Type": "Seq Scan", "Parent Relationship": "Outer", "Relation Name": "role_type", "Alias": "rt", "Startup Cost": 0.0, "Total Cost": 1.15, "Plan Rows": 1, "Plan Width": 4, "Actual Min Startup Time": 0.032, "Actual Max Startup Time": 0.032, "Actual Min Total Time": 0.036, "Actual Max Total Time": 0.036, "Filter": "((role)::text = 'writer'::text)", "Rows Removed by Filter": 11, "Actual Rows": 1}], "Actual Rows": 16}], "Actual Rows": 16}], "Actual Rows": 2728943}], "Actual Rows": 2728943}, {"Node Type": "Hash", "Parent Relationship": "Inner", "Startup Cost": 88282.97, "Total Cost": 88282.97, "Plan Rows": 1282311, "Plan Width": 4, "Actual Min Startup Time": 676.313, "Actual Max Startup Time": 873.534, "Actual Min Total Time": 676.313, "Actual Max Total Time": 873.534, "Max Hash Buckets": 131072, "Min Hash Buckets": 131072, "Max Hash Batches": 1, "Min Hash Batches": 1, "Max Original Hash Batches": 1, "Min Original Hash Batches": 1, "Max Peak Memory Usage": 2542, "min Peak Memory Usage": 2542, "Plans": [{"Node Type": "Streaming(type: LOCAL REDISTRIBUTE dop: 16/16)", "Parent Relationship": "Outer", "Startup Cost": 24511.53, "Total Cost": 88282.97, "Plan Rows": 1282311, "Plan Width": 4, "Actual Min Startup Time": 194.948, "Actual Max Startup Time": 392.152, "Actual Min Total Time": 652.521, "Actual Max Total Time": 846.259, "Plans": [{"Node Type": "Hash Join", "Parent Relationship": "Outer", "Join Type": "Inner", "Startup Cost": 24511.53, "Total Cost": 68424.21, "Plan Rows": 1282311, "Plan Width": 4, "Actual Min Startup Time": 193.447, "Actual Max Startup Time": 460.105, "Actual Min Total Time": 545.948, "Actual Max Total Time": 855.575, "Inner Unique": true, "Hash Cond": "(mc.company_id = cn.id), (LLVM Optimized, Jit Execute)", "Plans": [{"Node Type": "Streaming(type: LOCAL REDISTRIBUTE dop: 16/16)", "Parent Relationship": "Outer", "Startup Cost": 0.0, "Total Cost": 42499.73, "Plan Rows": 2609128, "Plan Width": 8, "Actual Min Startup Time": 0.064, "Actual Max Startup Time": 1.902, "Actual Min Total Time": 262.091, "Actual Max Total Time": 376.152, "Plans": [{"Node Type": "Seq Scan", "Parent Relationship": "Outer", "Relation Name": "movie_companies", "Alias": "mc", "Startup Cost": 0.0, "Total Cost": 17613.58, "Plan Rows": 2609128, "Plan Width": 8, "Actual Min Startup Time": 0.027, "Actual Max Startup Time": 0.063, "Actual Min Total Time": 42.353, "Actual Max Total Time": 50.636, "Actual Rows": 2609128}], "Actual Rows": 2609128}, {"Node Type": "Hash", "Parent Relationship": "Inner", "Startup Cost": 24444.99, "Total Cost": 24444.99, "Plan Rows": 85170, "Plan Width": 4, "Actual Min Startup Time": 193.304, "Actual Max Startup Time": 459.356, "Actual Min Total Time": 193.304, "Actual Max Total Time": 459.356, "Max Hash Buckets": 32768, "Min Hash Buckets": 32768, "Max Hash Batches": 1, "Min Hash Batches": 1, "Max Original Hash Batches": 1, "Min Original Hash Batches": 1, "Max Peak Memory Usage": 182, "min Peak Memory Usage": 182, "Plans": [{"Node Type": "Streaming(type: LOCAL REDISTRIBUTE dop: 16/1)", "Parent Relationship": "Outer", "Startup Cost": 0.0, "Total Cost": 24444.99, "Plan Rows": 85170, "Plan Width": 4, "Actual Min Startup Time": 0.041, "Actual Max Startup Time": 266.767, "Actual Min Total Time": 191.764, "Actual Max Total Time": 457.92, "Plans": [{"Node Type": "Seq Scan", "Parent Relationship": "Outer", "Relation Name": "company_name", "Alias": "cn", "Startup Cost": 0.0, "Total Cost": 5903.45, "Plan Rows": 85170, "Plan Width": 4, "Actual Min Startup Time": 0.053, "Actual Max Startup Time": 0.053, "Actual Min Total Time": 97.001, "Actual Max Total Time": 97.001, "Filter": "((country_code)::text = '[us]'::text)", "Rows Removed by Filter": 150153, "Actual Rows": 84843}], "Actual Rows": 84843}], "Actual Rows": 84843}], "Actual Rows": 1153797}], "Actual Rows": 1153797}], "Actual Rows": 1153797}], "Actual Rows": 1970658}], "Actual Rows": 1970658}, {"Node Type": "Hash", "Parent Relationship": "Inner", "Startup Cost": 34659.52, "Total Cost": 34659.52, "Plan Rows": 901342, "Plan Width": 20, "Actual Min Startup Time": 130.612, "Actual Max Startup Time": 381.22, "Actual Min Total Time": 130.612, "Actual Max Total Time": 381.22, "Max Hash Buckets": 65536, "Min Hash Buckets": 65536, "Max Hash Batches": 1, "Min Hash Batches": 1, "Max Original Hash Batches": 1, "Min Original Hash Batches": 1, "Max Peak Memory Usage": 2981, "min Peak Memory Usage": 2981, "Plans": [{"Node Type": "Streaming(type: LOCAL REDISTRIBUTE dop: 16/16)", "Parent Relationship": "Outer", "Startup Cost": 0.0, "Total Cost": 34659.52, "Plan Rows": 901342, "Plan Width": 20, "Actual Min Startup Time": 0.052, "Actual Max Startup Time": 67.059, "Actual Min Total Time": 109.562, "Actual Max Total Time": 360.696, "Plans": [{"Node Type": "Seq Scan", "Parent Relationship": "Outer", "Relation Name": "aka_name", "Alias": "a1", "Startup Cost": 0.0, "Total Cost": 16244.28, "Plan Rows": 901342, "Plan Width": 20, "Actual Min Startup Time": 0.019, "Actual Max Startup Time": 0.042, "Actual Min Total Time": 15.933, "Actual Max Total Time": 20.502, "Actual Rows": 901342}], "Actual Rows": 901342}], "Actual Rows": 901342}], "Actual Rows": 2487611}], "Actual Rows": 2487611}, {"Node Type": "Hash", "Parent Relationship": "Inner", "Startup Cost": 43334.25, "Total Cost": 43334.25, "Plan Rows": 2528311, "Plan Width": 21, "Actual Min Startup Time": 365.618, "Actual Max Startup Time": 543.574, "Actual Min Total Time": 365.618, "Actual Max Total Time": 543.574, "Max Hash Buckets": 262144, "Min Hash Buckets": 262144, "Max Hash Batches": 1, "Min Hash Batches": 1, "Max Original Hash Batches": 1, "Min Original Hash Batches": 1, "Max Peak Memory Usage": 8518, "min Peak Memory Usage": 8518, "Plans": [{"Node Type": "Streaming(type: LOCAL REDISTRIBUTE dop: 16/16)", "Parent Relationship": "Outer", "Startup Cost": 0.0, "Total Cost": 43334.25, "Plan Rows": 2528311, "Plan Width": 21, "Actual Min Startup Time": 0.063, "Actual Max Startup Time": 18.287, "Actual Min Total Time": 289.389, "Actual Max Total Time": 470.899, "Plans": [{"Node Type": "Seq Scan", "Parent Relationship": "Outer", "Relation Name": "title", "Alias": "t", "Startup Cost": 0.0, "Total Cost": 18754.32, "Plan Rows": 2528311, "Plan Width": 21, "Actual Min Startup Time": 0.017, "Actual Max Startup Time": 0.037, "Actual Min Total Time": 47.834, "Actual Max Total Time": 58.11, "Actual Rows": 2528311}], "Actual Rows": 2528311}], "Actual Rows": 2528311}], "Actual Rows": 2487611}], "Actual Rows": 2487611}, {"Node Type": "Hash", "Parent Relationship": "Inner", "Startup Cost": 51607.87, "Total Cost": 51607.87, "Plan Rows": 4167490, "Plan Width": 4, "Actual Min Startup Time": 573.363, "Actual Max Startup Time": 700.351, "Actual Min Total Time": 573.363, "Actual Max Total Time": 700.351, "Max Hash Buckets": 262144, "Min Hash Buckets": 262144, "Max Hash Batches": 1, "Min Hash Batches": 1, "Max Original Hash Batches": 1, "Min Original Hash Batches": 1, "Max Peak Memory Usage": 9174, "min Peak Memory Usage": 9174, "Plans": [{"Node Type": "Streaming(type: LOCAL REDISTRIBUTE dop: 16/16)", "Parent Relationship": "Outer", "Startup Cost": 0.0, "Total Cost": 51607.87, "Plan Rows": 4167490, "Plan Width": 4, "Actual Min Startup Time": 0.053, "Actual Max Startup Time": 0.099, "Actual Min Total Time": 470.118, "Actual Max Total Time": 593.068, "Plans": [{"Node Type": "Seq Scan", "Parent Relationship": "Outer", "Relation Name": "name", "Alias": "n1", "Startup Cost": 0.0, "Total Cost": 20816.99, "Plan Rows": 4167490, "Plan Width": 4, "Actual Min Startup Time": 0.017, "Actual Max Startup Time": 0.04, "Actual Min Total Time": 75.276, "Actual Max Total Time": 87.952, "Actual Rows": 4167490}], "Actual Rows": 4167490}], "Actual Rows": 4167490}], "Actual Rows": 2487611}], "Actual Rows": 16}], "Actual Rows": 16}], "Actual Rows": 1}, "Triggers": [], "Planner Runtime": 253, "Total Runtime": 2852.697, "Unique SQL Id": 2457761703}}, "(16, 37)": {"explain_plan": {"Plan": {"Node Type": "Aggregate", "Strategy": "Plain", "Startup Cost": 1403521.5, "Total Cost": 1403521.52, "Plan Rows": 1, "Plan Width": 97, "Plans": [{"Node Type": "Streaming(type: LOCAL GATHER dop: 1/16)", "Parent Relationship": "Outer", "Startup Cost": 1403521.5, "Total Cost": 1403521.52, "Plan Rows": 1, "Plan Width": 97, "Plans": [{"Node Type": "Aggregate", "Strategy": "Plain", "Parent Relationship": "Outer", "Startup Cost": 1403521.5, "Total Cost": 1403521.51, "Plan Rows": 1, "Plan Width": 97, "Plans": [{"Node Type": "Hash Join", "Parent Relationship": "Outer", "Join Type": "Inner", "Startup Cost": 1181725.83, "Total Cost": 1401736.01, "Plan Rows": 357098, "Plan Width": 33, "Inner Unique": true, "Hash Cond": "(ci.movie_id = t.id), (LLVM Optimized)", "Plans": [{"Node Type": "Streaming(type: LOCAL REDISTRIBUTE dop: 16/16)", "Parent Relationship": "Outer", "Startup Cost": 1148251.22, "Total Cost": 1367954.44, "Plan Rows": 357379, "Plan Width": 24, "Plans": [{"Node Type": "Hash Join", "Parent Relationship": "Outer", "Join Type": "Inner", "Startup Cost": 1148251.22, "Total Cost": 1351600.31, "Plan Rows": 357379, "Plan Width": 24, "Inner Unique": false, "Hash Cond": "(n1.id = a1.person_id), (LLVM Optimized)", "Plans": [{"Node Type": "Streaming(type: LOCAL REDISTRIBUTE dop: 16/16)", "Parent Relationship": "Outer", "Startup Cost": 1125291.96, "Total Cost": 1327448.82, "Plan Rows": 711018, "Plan Width": 16, "Plans": [{"Node Type": "Hash Join", "Parent Relationship": "Outer", "Join Type": "Inner", "Startup Cost": 1125291.96, "Total Cost": 1309754.73, "Plan Rows": 711018, "Plan Width": 16, "Inner Unique": true, "Hash Cond": "(ci.person_id = n1.id), (LLVM Optimized)", "Plans": [{"Node Type": "Streaming(type: LOCAL REDISTRIBUTE dop: 16/16)", "Parent Relationship": "Outer", "Startup Cost": 1076297.75, "Total Cost": 1260149.49, "Plan Rows": 711018, "Plan Width": 12, "Plans": [{"Node Type": "Hash Join", "Parent Relationship": "Outer", "Join Type": "Inner", "Startup Cost": 1076297.75, "Total Cost": 1242455.4, "Plan Rows": 711018, "Plan Width": 12, "Inner Unique": true, "Hash Cond": "(mc.company_id = cn.id), (LLVM Optimized)", "Plans": [{"Node Type": "Streaming(type: LOCAL REDISTRIBUTE dop: 16/16)", "Parent Relationship": "Outer", "Startup Cost": 1069419.83, "Total Cost": 1234794.01, "Plan Rows": 1446714, "Plan Width": 16, "Plans": [{"Node Type": "Hash Join", "Parent Relationship": "Outer", "Join Type": "Inner", "Startup Cost": 1069419.83, "Total Cost": 1214312.32, "Plan Rows": 1446714, "Plan Width": 16, "Inner Unique": false, "Hash Cond": "(mc.movie_id = ci.movie_id), (LLVM Optimized)", "Plans": [{"Node Type": "Streaming(type: LOCAL REDISTRIBUTE dop: 16/16)", "Parent Relationship": "Outer", "Startup Cost": 0.0, "Total Cost": 139099.07, "Plan Rows": 2609128, "Plan Width": 8, "Plans": [{"Node Type": "Index Scan", "Parent Relationship": "Outer", "Scan Direction": "Forward", "Index Name": "company_id_movie_companies", "Relation Name": "movie_companies", "Alias": "mc", "Startup Cost": 0.0, "Total Cost": 114212.92, "Plan Rows": 2609128, "Plan Width": 8}]}, {"Node Type": "Hash", "Parent Relationship": "Inner", "Startup Cost": 1066844.59, "Total Cost": 1066844.59, "Plan Rows": 3296318, "Plan Width": 8, "Plans": [{"Node Type": "Streaming(type: LOCAL REDISTRIBUTE dop: 16/16)", "Parent Relationship": "Outer", "Startup Cost": 15012.82, "Total Cost": 1066844.59, "Plan Rows": 3296318, "Plan Width": 8, "Plans": [{"Node Type": "Hash Join", "Parent Relationship": "Outer", "Join Type": "Inner", "Startup Cost": 15012.82, "Total Cost": 1039354.63, "Plan Rows": 3296318, "Plan Width": 8, "Inner Unique": true, "Hash Cond": "(ci.role_id = rt.id), (LLVM Optimized)", "Plans": [{"Node Type": "Index Scan", "Parent Relationship": "Outer", "Scan Direction": "Forward", "Index Name": "role_id_cast_info", "Relation Name": "cast_info", "Alias": "ci", "Startup Cost": 0.0, "Total Cost": 1016601.9, "Plan Rows": 36259494, "Plan Width": 12}, {"Node Type": "Hash", "Parent Relationship": "Inner", "Startup Cost": 15012.81, "Total Cost": 15012.81, "Plan Rows": 16, "Plan Width": 4, "Plans": [{"Node Type": "Streaming(type: BROADCAST dop: 16/1)", "Parent Relationship": "Outer", "Startup Cost": 0.0, "Total Cost": 15012.81, "Plan Rows": 16, "Plan Width": 4, "Plans": [{"Node Type": "Index Scan", "Parent Relationship": "Outer", "Scan Direction": "Forward", "Index Name": "role_type_pkey", "Relation Name": "role_type", "Alias": "rt", "Startup Cost": 0.0, "Total Cost": 12.46, "Plan Rows": 1, "Plan Width": 4, "Filter": "((role)::text = 'writer'::text)"}]}]}]}]}]}]}]}, {"Node Type": "Hash", "Parent Relationship": "Inner", "Startup Cost": 27245.51, "Total Cost": 27245.51, "Plan Rows": 85170, "Plan Width": 4, "Plans": [{"Node Type": "Streaming(type: LOCAL REDISTRIBUTE dop: 16/1)", "Parent Relationship": "Outer", "Startup Cost": 2800.52, "Total Cost": 27245.51, "Plan Rows": 85170, "Plan Width": 4, "Plans": [{"Node Type": "Bitmap Heap Scan", "Parent Relationship": "Outer", "Relation Name": "company_name", "Alias": "cn", "Startup Cost": 2800.52, "Total Cost": 8703.97, "Plan Rows": 85170, "Plan Width": 4, "Filter": "((country_code)::text = '[us]'::text)", "Plans": [{"Node Type": "Bitmap Index Scan", "Parent Relationship": "Outer", "Index Name": "company_name_pkey", "Startup Cost": 0.0, "Total Cost": 2779.23, "Plan Rows": 234996, "Plan Width": 0}]}]}]}]}]}, {"Node Type": "Hash", "Parent Relationship": "Inner", "Startup Cost": 182953.41, "Total Cost": 182953.41, "Plan Rows": 4167490, "Plan Width": 4, "Plans": [{"Node Type": "Streaming(type: LOCAL REDISTRIBUTE dop: 16/16)", "Parent Relationship": "Outer", "Startup Cost": 0.0, "Total Cost": 182953.41, "Plan Rows": 4167490, "Plan Width": 4, "Plans": [{"Node Type": "Index Scan", "Parent Relationship": "Outer", "Scan Direction": "Forward", "Index Name": "name_pkey", "Relation Name": "name", "Alias": "n1", "Startup Cost": 0.0, "Total Cost": 152162.53, "Plan Rows": 4167490, "Plan Width": 4}]}]}]}]}, {"Node Type": "Hash", "Parent Relationship": "Inner", "Startup Cost": 89020.35, "Total Cost": 89020.35, "Plan Rows": 901342, "Plan Width": 20, "Plans": [{"Node Type": "Streaming(type: LOCAL REDISTRIBUTE dop: 16/1)", "Parent Relationship": "Outer", "Startup Cost": 16632.3, "Total Cost": 89020.35, "Plan Rows": 901342, "Plan Width": 20, "Plans": [{"Node Type": "Bitmap Heap Scan", "Parent Relationship": "Outer", "Relation Name": "aka_name", "Alias": "a1", "Startup Cost": 16632.3, "Total Cost": 36540.72, "Plan Rows": 901342, "Plan Width": 20, "Plans": [{"Node Type": "Bitmap Index Scan", "Parent Relationship": "Outer", "Index Name": "person_id_aka_name", "Startup Cost": 0.0, "Total Cost": 16406.96, "Plan Rows": 901342, "Plan Width": 0}]}]}]}]}]}, {"Node Type": "Hash", "Parent Relationship": "Inner", "Startup Cost": 125997.5, "Total Cost": 125997.5, "Plan Rows": 2528311, "Plan Width": 21, "Plans": [{"Node Type": "Streaming(type: LOCAL REDISTRIBUTE dop: 16/16)", "Parent Relationship": "Outer", "Startup Cost": 0.0, "Total Cost": 125997.5, "Plan Rows": 2528311, "Plan Width": 21, "Plans": [{"Node Type": "Index Scan", "Parent Relationship": "Outer", "Scan Direction": "Forward", "Index Name": "title_pkey", "Relation Name": "title", "Alias": "t", "Startup Cost": 0.0, "Total Cost": 101417.57, "Plan Rows": 2528311, "Plan Width": 21}]}]}]}]}]}]}, "Unique SQL Id": 2457761703, "Planner Runtime": 164}, "explain_analyze_plan": null}, "(16, 38)": {"explain_plan": {"Plan": {"Node Type": "Aggregate", "Strategy": "Plain", "Startup Cost": 287566.27, "Total Cost": 287566.3, "Plan Rows": 1, "Plan Width": 97, "Plans": [{"Node Type": "Streaming(type: LOCAL GATHER dop: 1/16)", "Parent Relationship": "Outer", "Startup Cost": 287566.27, "Total Cost": 287566.3, "Plan Rows": 1, "Plan Width": 97, "Plans": [{"Node Type": "Aggregate", "Strategy": "Plain", "Parent Relationship": "Outer", "Startup Cost": 287566.27, "Total Cost": 287566.28, "Plan Rows": 1, "Plan Width": 97, "Plans": [{"Node Type": "Hash Join", "Parent Relationship": "Outer", "Join Type": "Inner", "Startup Cost": 142621.96, "Total Cost": 285780.78, "Plan Rows": 357098, "Plan Width": 33, "Inner Unique": true, "Hash Cond": "(a1.person_id = n1.id), (LLVM Optimized)", "Plans": [{"Node Type": "Streaming(type: LOCAL REDISTRIBUTE dop: 16/16)", "Parent Relationship": "Outer", "Startup Cost": 126464.14, "Total Cost": 269316.07, "Plan Rows": 357098, "Plan Width": 41, "Plans": [{"Node Type": "Hash Join", "Parent Relationship": "Outer", "Join Type": "Inner", "Startup Cost": 126464.14, "Total Cost": 252963.01, "Plan Rows": 357098, "Plan Width": 41, "Inner Unique": true, "Hash Cond": "(ci.movie_id = t.id), (LLVM Optimized)", "Plans": [{"Node Type": "Streaming(type: LOCAL REDISTRIBUTE dop: 16/16)", "Parent Relationship": "Outer", "Startup Cost": 113655.34, "Total Cost": 239847.25, "Plan Rows": 357379, "Plan Width": 32, "Plans": [{"Node Type": "Hash Join", "Parent Relationship": "Outer", "Join Type": "Inner", "Startup Cost": 113655.34, "Total Cost": 223493.12, "Plan Rows": 357379, "Plan Width": 32, "Inner Unique": false, "Hash Cond": "(ci.person_id = a1.person_id), (LLVM Optimized)", "Plans": [{"Node Type": "Streaming(type: LOCAL REDISTRIBUTE dop: 16/16)", "Parent Relationship": "Outer", "Startup Cost": 104286.28, "Total Cost": 212931.86, "Plan Rows": 711018, "Plan Width": 12, "Plans": [{"Node Type": "Hash Join", "Parent Relationship": "Outer", "Join Type": "Inner", "Startup Cost": 104286.28, "Total Cost": 195237.77, "Plan Rows": 711018, "Plan Width": 12, "Inner Unique": false, "Hash Cond": "(ci.movie_id = mc.movie_id), (LLVM Optimized)", "Plans": [{"Node Type": "Streaming(type: LOCAL REDISTRIBUTE dop: 16/16)", "Parent Relationship": "Outer", "Startup Cost": 15001.51, "Total Cost": 102848.74, "Plan Rows": 3296318, "Plan Width": 8, "Plans": [{"Node Type": "Hash Join", "Parent Relationship": "Outer", "Join Type": "Inner", "Startup Cost": 15001.51, "Total Cost": 75358.79, "Plan Rows": 3296318, "Plan Width": 8, "Inner Unique": true, "Hash Cond": "(ci.role_id = rt.id), (LLVM Optimized)", "Plans": [{"Node Type": "Seq Scan", "Parent Relationship": "Outer", "Relation Name": "cast_info", "Alias": "ci", "Startup Cost": 0.0, "Total Cost": 52617.37, "Plan Rows": 36259494, "Plan Width": 12}, {"Node Type": "Hash", "Parent Relationship": "Inner", "Startup Cost": 15001.5, "Total Cost": 15001.5, "Plan Rows": 16, "Plan Width": 4, "Plans": [{"Node Type": "Streaming(type: BROADCAST dop: 16/1)", "Parent Relationship": "Outer", "Startup Cost": 0.0, "Total Cost": 15001.5, "Plan Rows": 16, "Plan Width": 4, "Plans": [{"Node Type": "Seq Scan", "Parent Relationship": "Outer", "Relation Name": "role_type", "Alias": "rt", "Startup Cost": 0.0, "Total Cost": 1.15, "Plan Rows": 1, "Plan Width": 4, "Filter": "((role)::text = 'writer'::text)"}]}]}]}]}, {"Node Type": "Hash", "Parent Relationship": "Inner", "Startup Cost": 88282.97, "Total Cost": 88282.97, "Plan Rows": 1282311, "Plan Width": 4, "Plans": [{"Node Type": "Streaming(type: LOCAL REDISTRIBUTE dop: 16/16)", "Parent Relationship": "Outer", "Startup Cost": 24511.53, "Total Cost": 88282.97, "Plan Rows": 1282311, "Plan Width": 4, "Plans": [{"Node Type": "Hash Join", "Parent Relationship": "Outer", "Join Type": "Inner", "Startup Cost": 24511.53, "Total Cost": 68424.21, "Plan Rows": 1282311, "Plan Width": 4, "Inner Unique": true, "Hash Cond": "(mc.company_id = cn.id), (LLVM Optimized)", "Plans": [{"Node Type": "Streaming(type: LOCAL REDISTRIBUTE dop: 16/16)", "Parent Relationship": "Outer", "Startup Cost": 0.0, "Total Cost": 42499.73, "Plan Rows": 2609128, "Plan Width": 8, "Plans": [{"Node Type": "Seq Scan", "Parent Relationship": "Outer", "Relation Name": "movie_companies", "Alias": "mc", "Startup Cost": 0.0, "Total Cost": 17613.58, "Plan Rows": 2609128, "Plan Width": 8}]}, {"Node Type": "Hash", "Parent Relationship": "Inner", "Startup Cost": 24444.99, "Total Cost": 24444.99, "Plan Rows": 85170, "Plan Width": 4, "Plans": [{"Node Type": "Streaming(type: LOCAL REDISTRIBUTE dop: 16/1)", "Parent Relationship": "Outer", "Startup Cost": 0.0, "Total Cost": 24444.99, "Plan Rows": 85170, "Plan Width": 4, "Plans": [{"Node Type": "Seq Scan", "Parent Relationship": "Outer", "Relation Name": "company_name", "Alias": "cn", "Startup Cost": 0.0, "Total Cost": 5903.45, "Plan Rows": 85170, "Plan Width": 4, "Filter": "((country_code)::text = '[us]'::text)"}]}]}]}]}]}]}]}, {"Node Type": "Hash", "Parent Relationship": "Inner", "Startup Cost": 34659.52, "Total Cost": 34659.52, "Plan Rows": 901342, "Plan Width": 20, "Plans": [{"Node Type": "Streaming(type: LOCAL REDISTRIBUTE dop: 16/16)", "Parent Relationship": "Outer", "Startup Cost": 0.0, "Total Cost": 34659.52, "Plan Rows": 901342, "Plan Width": 20, "Plans": [{"Node Type": "Seq Scan", "Parent Relationship": "Outer", "Relation Name": "aka_name", "Alias": "a1", "Startup Cost": 0.0, "Total Cost": 16244.28, "Plan Rows": 901342, "Plan Width": 20}]}]}]}]}, {"Node Type": "Hash", "Parent Relationship": "Inner", "Startup Cost": 43334.25, "Total Cost": 43334.25, "Plan Rows": 2528311, "Plan Width": 21, "Plans": [{"Node Type": "Streaming(type: LOCAL REDISTRIBUTE dop: 16/16)", "Parent Relationship": "Outer", "Startup Cost": 0.0, "Total Cost": 43334.25, "Plan Rows": 2528311, "Plan Width": 21, "Plans": [{"Node Type": "Seq Scan", "Parent Relationship": "Outer", "Relation Name": "title", "Alias": "t", "Startup Cost": 0.0, "Total Cost": 18754.32, "Plan Rows": 2528311, "Plan Width": 21}]}]}]}]}, {"Node Type": "Hash", "Parent Relationship": "Inner", "Startup Cost": 51607.87, "Total Cost": 51607.87, "Plan Rows": 4167490, "Plan Width": 4, "Plans": [{"Node Type": "Streaming(type: LOCAL REDISTRIBUTE dop: 16/16)", "Parent Relationship": "Outer", "Startup Cost": 0.0, "Total Cost": 51607.87, "Plan Rows": 4167490, "Plan Width": 4, "Plans": [{"Node Type": "Seq Scan", "Parent Relationship": "Outer", "Relation Name": "name", "Alias": "n1", "Startup Cost": 0.0, "Total Cost": 20816.99, "Plan Rows": 4167490, "Plan Width": 4}]}]}]}]}]}]}, "Unique SQL Id": 2457761703, "Planner Runtime": 192}, "explain_analyze_plan": {"Plan": {"Node Type": "Aggregate", "Strategy": "Plain", "Startup Cost": 287566.27, "Total Cost": 287566.3, "Plan Rows": 1, "Plan Width": 97, "Actual Min Startup Time": 2807.394, "Actual Max Startup Time": 2807.394, "Actual Min Total Time": 2807.394, "Actual Max Total Time": 2807.394, "Plans": [{"Node Type": "Streaming(type: LOCAL GATHER dop: 1/16)", "Parent Relationship": "Outer", "Startup Cost": 287566.27, "Total Cost": 287566.3, "Plan Rows": 1, "Plan Width": 97, "Actual Min Startup Time": 2805.812, "Actual Max Startup Time": 2805.812, "Actual Min Total Time": 2807.366, "Actual Max Total Time": 2807.366, "Plans": [{"Node Type": "Aggregate", "Strategy": "Plain", "Parent Relationship": "Outer", "Startup Cost": 287566.27, "Total Cost": 287566.28, "Plan Rows": 1, "Plan Width": 97, "Actual Min Startup Time": 2410.309, "Actual Max Startup Time": 2537.515, "Actual Min Total Time": 2410.309, "Actual Max Total Time": 2537.515, "Plans": [{"Node Type": "Hash Join", "Parent Relationship": "Outer", "Join Type": "Inner", "Startup Cost": 142621.96, "Total Cost": 285780.78, "Plan Rows": 357098, "Plan Width": 33, "Actual Min Startup Time": 682.796, "Actual Max Startup Time": 809.411, "Actual Min Total Time": 2287.798, "Actual Max Total Time": 2474.84, "Inner Unique": true, "Hash Cond": "(a1.person_id = n1.id), (LLVM Optimized, Jit Execute)", "Plans": [{"Node Type": "Streaming(type: LOCAL REDISTRIBUTE dop: 16/16)", "Parent Relationship": "Outer", "Startup Cost": 126464.14, "Total Cost": 269316.07, "Plan Rows": 357098, "Plan Width": 41, "Actual Min Startup Time": 104.514, "Actual Max Startup Time": 134.767, "Actual Min Total Time": 1604.955, "Actual Max Total Time": 1724.615, "Plans": [{"Node Type": "Hash Join", "Parent Relationship": "Outer", "Join Type": "Inner", "Startup Cost": 126464.14, "Total Cost": 252963.01, "Plan Rows": 357098, "Plan Width": 41, "Actual Min Startup Time": 684.369, "Actual Max Startup Time": 863.954, "Actual Min Total Time": 2250.417, "Actual Max Total Time": 2462.715, "Inner Unique": true, "Hash Cond": "(ci.movie_id = t.id), (LLVM Optimized, Jit Execute)", "Plans": [{"Node Type": "Streaming(type: LOCAL REDISTRIBUTE dop: 16/16)", "Parent Relationship": "Outer", "Startup Cost": 113655.34, "Total Cost": 239847.25, "Plan Rows": 357379, "Plan Width": 32, "Actual Min Startup Time": 317.069, "Actual Max Startup Time": 322.995, "Actual Min Total Time": 1801.077, "Actual Max Total Time": 1863.509, "Plans": [{"Node Type": "Hash Join", "Parent Relationship": "Outer", "Join Type": "Inner", "Startup Cost": 113655.34, "Total Cost": 223493.12, "Plan Rows": 357379, "Plan Width": 32, "Actual Min Startup Time": 676.499, "Actual Max Startup Time": 926.544, "Actual Min Total Time": 1889.984, "Actual Max Total Time": 2339.531, "Inner Unique": false, "Hash Cond": "(ci.person_id = a1.person_id), (LLVM Optimized, Jit Execute)", "Plans": [{"Node Type": "Streaming(type: LOCAL REDISTRIBUTE dop: 16/16)", "Parent Relationship": "Outer", "Startup Cost": 104286.28, "Total Cost": 212931.86, "Plan Rows": 711018, "Plan Width": 12, "Actual Min Startup Time": 544.363, "Actual Max Startup Time": 557.858, "Actual Min Total Time": 1635.928, "Actual Max Total Time": 1965.859, "Plans": [{"Node Type": "Hash Join", "Parent Relationship": "Outer", "Join Type": "Inner", "Startup Cost": 104286.28, "Total Cost": 195237.77, "Plan Rows": 711018, "Plan Width": 12, "Actual Min Startup Time": 676.505, "Actual Max Startup Time": 873.864, "Actual Min Total Time": 1726.934, "Actual Max Total Time": 1983.436, "Inner Unique": false, "Hash Cond": "(ci.movie_id = mc.movie_id), (LLVM Optimized, Jit Execute)", "Plans": [{"Node Type": "Streaming(type: LOCAL REDISTRIBUTE dop: 16/16)", "Parent Relationship": "Outer", "Startup Cost": 15001.51, "Total Cost": 102848.74, "Plan Rows": 3296318, "Plan Width": 8, "Actual Min Startup Time": 0.059, "Actual Max Startup Time": 0.35, "Actual Min Total Time": 960.325, "Actual Max Total Time": 1125.807, "Plans": [{"Node Type": "Hash Join", "Parent Relationship": "Outer", "Join Type": "Inner", "Startup Cost": 15001.51, "Total Cost": 75358.79, "Plan Rows": 3296318, "Plan Width": 8, "Actual Min Startup Time": 618.945, "Actual Max Startup Time": 658.044, "Actual Min Total Time": 973.958, "Actual Max Total Time": 1016.065, "Inner Unique": true, "Hash Cond": "(ci.role_id = rt.id), (LLVM Optimized, Jit Execute)", "Plans": [{"Node Type": "Seq Scan", "Parent Relationship": "Outer", "Relation Name": "cast_info", "Alias": "ci", "Startup Cost": 0.0, "Total Cost": 52617.37, "Plan Rows": 36259494, "Plan Width": 12, "Actual Min Startup Time": 0.027, "Actual Max Startup Time": 0.044, "Actual Min Total Time": 516.927, "Actual Max Total Time": 557.048, "Actual Rows": 36244343}, {"Node Type": "Hash", "Parent Relationship": "Inner", "Startup Cost": 15001.5, "Total Cost": 15001.5, "Plan Rows": 16, "Plan Width": 4, "Actual Min Startup Time": 0.012, "Actual Max Startup Time": 23.82, "Actual Min Total Time": 0.012, "Actual Max Total Time": 23.82, "Max Hash Buckets": 32768, "Min Hash Buckets": 32768, "Max Hash Batches": 1, "Min Hash Batches": 1, "Max Original Hash Batches": 1, "Min Original Hash Batches": 1, "Max Peak Memory Usage": 1, "min Peak Memory Usage": 1, "Plans": [{"Node Type": "Streaming(type: BROADCAST dop: 16/1)", "Parent Relationship": "Outer", "Startup Cost": 0.0, "Total Cost": 15001.5, "Plan Rows": 16, "Plan Width": 4, "Actual Min Startup Time": 0.003, "Actual Max Startup Time": 23.79, "Actual Min Total Time": 0.004, "Actual Max Total Time": 23.792, "Plans": [{"Node Type": "Seq Scan", "Parent Relationship": "Outer", "Relation Name": "role_type", "Alias": "rt", "Startup Cost": 0.0, "Total Cost": 1.15, "Plan Rows": 1, "Plan Width": 4, "Actual Min Startup Time": 0.032, "Actual Max Startup Time": 0.032, "Actual Min Total Time": 0.036, "Actual Max Total Time": 0.036, "Filter": "((role)::text = 'writer'::text)", "Rows Removed by Filter": 11, "Actual Rows": 1}], "Actual Rows": 16}], "Actual Rows": 16}], "Actual Rows": 2728943}], "Actual Rows": 2728943}, {"Node Type": "Hash", "Parent Relationship": "Inner", "Startup Cost": 88282.97, "Total Cost": 88282.97, "Plan Rows": 1282311, "Plan Width": 4, "Actual Min Startup Time": 676.313, "Actual Max Startup Time": 873.534, "Actual Min Total Time": 676.313, "Actual Max Total Time": 873.534, "Max Hash Buckets": 131072, "Min Hash Buckets": 131072, "Max Hash Batches": 1, "Min Hash Batches": 1, "Max Original Hash Batches": 1, "Min Original Hash Batches": 1, "Max Peak Memory Usage": 2542, "min Peak Memory Usage": 2542, "Plans": [{"Node Type": "Streaming(type: LOCAL REDISTRIBUTE dop: 16/16)", "Parent Relationship": "Outer", "Startup Cost": 24511.53, "Total Cost": 88282.97, "Plan Rows": 1282311, "Plan Width": 4, "Actual Min Startup Time": 194.948, "Actual Max Startup Time": 392.152, "Actual Min Total Time": 652.521, "Actual Max Total Time": 846.259, "Plans": [{"Node Type": "Hash Join", "Parent Relationship": "Outer", "Join Type": "Inner", "Startup Cost": 24511.53, "Total Cost": 68424.21, "Plan Rows": 1282311, "Plan Width": 4, "Actual Min Startup Time": 193.447, "Actual Max Startup Time": 460.105, "Actual Min Total Time": 545.948, "Actual Max Total Time": 855.575, "Inner Unique": true, "Hash Cond": "(mc.company_id = cn.id), (LLVM Optimized, Jit Execute)", "Plans": [{"Node Type": "Streaming(type: LOCAL REDISTRIBUTE dop: 16/16)", "Parent Relationship": "Outer", "Startup Cost": 0.0, "Total Cost": 42499.73, "Plan Rows": 2609128, "Plan Width": 8, "Actual Min Startup Time": 0.064, "Actual Max Startup Time": 1.902, "Actual Min Total Time": 262.091, "Actual Max Total Time": 376.152, "Plans": [{"Node Type": "Seq Scan", "Parent Relationship": "Outer", "Relation Name": "movie_companies", "Alias": "mc", "Startup Cost": 0.0, "Total Cost": 17613.58, "Plan Rows": 2609128, "Plan Width": 8, "Actual Min Startup Time": 0.027, "Actual Max Startup Time": 0.063, "Actual Min Total Time": 42.353, "Actual Max Total Time": 50.636, "Actual Rows": 2609128}], "Actual Rows": 2609128}, {"Node Type": "Hash", "Parent Relationship": "Inner", "Startup Cost": 24444.99, "Total Cost": 24444.99, "Plan Rows": 85170, "Plan Width": 4, "Actual Min Startup Time": 193.304, "Actual Max Startup Time": 459.356, "Actual Min Total Time": 193.304, "Actual Max Total Time": 459.356, "Max Hash Buckets": 32768, "Min Hash Buckets": 32768, "Max Hash Batches": 1, "Min Hash Batches": 1, "Max Original Hash Batches": 1, "Min Original Hash Batches": 1, "Max Peak Memory Usage": 182, "min Peak Memory Usage": 182, "Plans": [{"Node Type": "Streaming(type: LOCAL REDISTRIBUTE dop: 16/1)", "Parent Relationship": "Outer", "Startup Cost": 0.0, "Total Cost": 24444.99, "Plan Rows": 85170, "Plan Width": 4, "Actual Min Startup Time": 0.041, "Actual Max Startup Time": 266.767, "Actual Min Total Time": 191.764, "Actual Max Total Time": 457.92, "Plans": [{"Node Type": "Seq Scan", "Parent Relationship": "Outer", "Relation Name": "company_name", "Alias": "cn", "Startup Cost": 0.0, "Total Cost": 5903.45, "Plan Rows": 85170, "Plan Width": 4, "Actual Min Startup Time": 0.053, "Actual Max Startup Time": 0.053, "Actual Min Total Time": 97.001, "Actual Max Total Time": 97.001, "Filter": "((country_code)::text = '[us]'::text)", "Rows Removed by Filter": 150153, "Actual Rows": 84843}], "Actual Rows": 84843}], "Actual Rows": 84843}], "Actual Rows": 1153797}], "Actual Rows": 1153797}], "Actual Rows": 1153797}], "Actual Rows": 1970658}], "Actual Rows": 1970658}, {"Node Type": "Hash", "Parent Relationship": "Inner", "Startup Cost": 34659.52, "Total Cost": 34659.52, "Plan Rows": 901342, "Plan Width": 20, "Actual Min Startup Time": 130.612, "Actual Max Startup Time": 381.22, "Actual Min Total Time": 130.612, "Actual Max Total Time": 381.22, "Max Hash Buckets": 65536, "Min Hash Buckets": 65536, "Max Hash Batches": 1, "Min Hash Batches": 1, "Max Original Hash Batches": 1, "Min Original Hash Batches": 1, "Max Peak Memory Usage": 2981, "min Peak Memory Usage": 2981, "Plans": [{"Node Type": "Streaming(type: LOCAL REDISTRIBUTE dop: 16/16)", "Parent Relationship": "Outer", "Startup Cost": 0.0, "Total Cost": 34659.52, "Plan Rows": 901342, "Plan Width": 20, "Actual Min Startup Time": 0.052, "Actual Max Startup Time": 67.059, "Actual Min Total Time": 109.562, "Actual Max Total Time": 360.696, "Plans": [{"Node Type": "Seq Scan", "Parent Relationship": "Outer", "Relation Name": "aka_name", "Alias": "a1", "Startup Cost": 0.0, "Total Cost": 16244.28, "Plan Rows": 901342, "Plan Width": 20, "Actual Min Startup Time": 0.019, "Actual Max Startup Time": 0.042, "Actual Min Total Time": 15.933, "Actual Max Total Time": 20.502, "Actual Rows": 901342}], "Actual Rows": 901342}], "Actual Rows": 901342}], "Actual Rows": 2487611}], "Actual Rows": 2487611}, {"Node Type": "Hash", "Parent Relationship": "Inner", "Startup Cost": 43334.25, "Total Cost": 43334.25, "Plan Rows": 2528311, "Plan Width": 21, "Actual Min Startup Time": 365.618, "Actual Max Startup Time": 543.574, "Actual Min Total Time": 365.618, "Actual Max Total Time": 543.574, "Max Hash Buckets": 262144, "Min Hash Buckets": 262144, "Max Hash Batches": 1, "Min Hash Batches": 1, "Max Original Hash Batches": 1, "Min Original Hash Batches": 1, "Max Peak Memory Usage": 8518, "min Peak Memory Usage": 8518, "Plans": [{"Node Type": "Streaming(type: LOCAL REDISTRIBUTE dop: 16/16)", "Parent Relationship": "Outer", "Startup Cost": 0.0, "Total Cost": 43334.25, "Plan Rows": 2528311, "Plan Width": 21, "Actual Min Startup Time": 0.063, "Actual Max Startup Time": 18.287, "Actual Min Total Time": 289.389, "Actual Max Total Time": 470.899, "Plans": [{"Node Type": "Seq Scan", "Parent Relationship": "Outer", "Relation Name": "title", "Alias": "t", "Startup Cost": 0.0, "Total Cost": 18754.32, "Plan Rows": 2528311, "Plan Width": 21, "Actual Min Startup Time": 0.017, "Actual Max Startup Time": 0.037, "Actual Min Total Time": 47.834, "Actual Max Total Time": 58.11, "Actual Rows": 2528311}], "Actual Rows": 2528311}], "Actual Rows": 2528311}], "Actual Rows": 2487611}], "Actual Rows": 2487611}, {"Node Type": "Hash", "Parent Relationship": "Inner", "Startup Cost": 51607.87, "Total Cost": 51607.87, "Plan Rows": 4167490, "Plan Width": 4, "Actual Min Startup Time": 573.363, "Actual Max Startup Time": 700.351, "Actual Min Total Time": 573.363, "Actual Max Total Time": 700.351, "Max Hash Buckets": 262144, "Min Hash Buckets": 262144, "Max Hash Batches": 1, "Min Hash Batches": 1, "Max Original Hash Batches": 1, "Min Original Hash Batches": 1, "Max Peak Memory Usage": 9174, "min Peak Memory Usage": 9174, "Plans": [{"Node Type": "Streaming(type: LOCAL REDISTRIBUTE dop: 16/16)", "Parent Relationship": "Outer", "Startup Cost": 0.0, "Total Cost": 51607.87, "Plan Rows": 4167490, "Plan Width": 4, "Actual Min Startup Time": 0.053, "Actual Max Startup Time": 0.099, "Actual Min Total Time": 470.118, "Actual Max Total Time": 593.068, "Plans": [{"Node Type": "Seq Scan", "Parent Relationship": "Outer", "Relation Name": "name", "Alias": "n1", "Startup Cost": 0.0, "Total Cost": 20816.99, "Plan Rows": 4167490, "Plan Width": 4, "Actual Min Startup Time": 0.017, "Actual Max Startup Time": 0.04, "Actual Min Total Time": 75.276, "Actual Max Total Time": 87.952, "Actual Rows": 4167490}], "Actual Rows": 4167490}], "Actual Rows": 4167490}], "Actual Rows": 2487611}], "Actual Rows": 16}], "Actual Rows": 16}], "Actual Rows": 1}, "Triggers": [], "Planner Runtime": 253, "Total Runtime": 2852.697, "Unique SQL Id": 2457761703}}, "(16, 39)": {"explain_plan": {"Plan": {"Node Type": "Aggregate", "Strategy": "Plain", "Startup Cost": 1013578.73, "Total Cost": 1013578.74, "Plan Rows": 1, "Plan Width": 97, "Plans": [{"Node Type": "Hash Join", "Parent Relationship": "Outer", "Join Type": "Inner", "Startup Cost": 985285.55, "Total Cost": 1011793.24, "Plan Rows": 357098, "Plan Width": 33, "Inner Unique": false, "Hash Cond": "(a1.person_id = n1.id), (LLVM Optimized)", "Plans": [{"Node Type": "Bitmap Heap Scan", "Parent Relationship": "Outer", "Relation Name": "aka_name", "Alias": "a1", "Startup Cost": 16632.3, "Total Cost": 36540.72, "Plan Rows": 901342, "Plan Width": 20, "Plans": [{"Node Type": "Bitmap Index Scan", "Parent Relationship": "Outer", "Index Name": "person_id_aka_name", "Startup Cost": 0.0, "Total Cost": 16406.96, "Plan Rows": 901342, "Plan Width": 0}]}, {"Node Type": "Hash", "Parent Relationship": "Inner", "Startup Cost": 959772.51, "Total Cost": 959772.51, "Plan Rows": 710459, "Plan Width": 25, "Plans": [{"Node Type": "Hash Join", "Parent Relationship": "Outer", "Join Type": "Inner", "Startup Cost": 607483.06, "Total Cost": 959772.51, "Plan Rows": 710459, "Plan Width": 25, "Inner Unique": true, "Hash Cond": "(ci.person_id = n1.id), (LLVM Optimized)", "Plans": [{"Node Type": "Hash Join", "Parent Relationship": "Outer", "Join Type": "Inner", "Startup Cost": 378117.96, "Total Cost": 720638.61, "Plan Rows": 710459, "Plan Width": 21, "Inner Unique": false, "Hash Cond": "(ci.movie_id = t.id), (LLVM Optimized)", "Plans": [{"Node Type": "Nested Loop", "Parent Relationship": "Outer", "Join Type": "Inner", "Startup Cost": 76315.02, "Total Cost": 389769.33, "Plan Rows": 3296318, "Plan Width": 8, "Inner Unique": false, "Plans": [{"Node Type": "Bitmap Heap Scan", "Parent Relationship": "Outer", "Relation Name": "role_type", "Alias": "rt", "Startup Cost": 8.31, "Total Cost": 12.46, "Plan Rows": 1, "Plan Width": 4, "Filter": "((role)::text = 'writer'::text)", "Plans": [{"Node Type": "Bitmap Index Scan", "Parent Relationship": "Outer", "Index Name": "role_type_pkey", "Startup Cost": 0.0, "Total Cost": 8.31, "Plan Rows": 12, "Plan Width": 0}]}, {"Node Type": "Bitmap Heap Scan", "Parent Relationship": "Inner", "Relation Name": "cast_info", "Alias": "ci", "Startup Cost": 76306.71, "Total Cost": 356793.69, "Plan Rows": 3296318, "Plan Width": 12, "Recheck Cond": "(role_id = rt.id), (LLVM Optimized)", "Plans": [{"Node Type": "Bitmap Index Scan", "Parent Relationship": "Outer", "Index Name": "role_id_cast_info", "Startup Cost": 0.0, "Total Cost": 75482.63, "Plan Rows": 3296318, "Plan Width": 0, "Index Cond": "(role_id = rt.id)"}]}]}, {"Node Type": "Hash", "Parent Relationship": "Inner", "Startup Cost": 285774.05, "Total Cost": 285774.05, "Plan Rows": 1282311, "Plan Width": 25, "Plans": [{"Node Type": "Hash Join", "Parent Relationship": "Outer", "Join Type": "Inner", "Startup Cost": 203717.65, "Total Cost": 285774.05, "Plan Rows": 1282311, "Plan Width": 25, "Inner Unique": true, "Hash Cond": "(mc.movie_id = t.id), (LLVM Optimized)", "Plans": [{"Node Type": "Hash Join", "Parent Relationship": "Outer", "Join Type": "Inner", "Startup Cost": 61758.77, "Total Cost": 126183.39, "Plan Rows": 1282311, "Plan Width": 4, "Inner Unique": true, "Hash Cond": "(mc.company_id = cn.id), (LLVM Optimized)", "Plans": [{"Node Type": "Bitmap Heap Scan", "Parent Relationship": "Outer", "Relation Name": "movie_companies", "Alias": "mc", "Startup Cost": 51990.17, "Total Cost": 93807.45, "Plan Rows": 2609128, "Plan Width": 8, "Plans": [{"Node Type": "Bitmap Index Scan", "Parent Relationship": "Outer", "Index Name": "movie_id_movie_companies", "Startup Cost": 0.0, "Total Cost": 51337.89, "Plan Rows": 2609128, "Plan Width": 0}]}, {"Node Type": "Hash", "Parent Relationship": "Inner", "Startup Cost": 8703.97, "Total Cost": 8703.97, "Plan Rows": 85170, "Plan Width": 4, "Plans": [{"Node Type": "Bitmap Heap Scan", "Parent Relationship": "Outer", "Relation Name": "company_name", "Alias": "cn", "Startup Cost": 2800.52, "Total Cost": 8703.97, "Plan Rows": 85170, "Plan Width": 4, "Filter": "((country_code)::text = '[us]'::text)", "Plans": [{"Node Type": "Bitmap Index Scan", "Parent Relationship": "Outer", "Index Name": "company_name_pkey", "Startup Cost": 0.0, "Total Cost": 2779.23, "Plan Rows": 234996, "Plan Width": 0}]}]}]}, {"Node Type": "Hash", "Parent Relationship": "Inner", "Startup Cost": 110354.99, "Total Cost": 110354.99, "Plan Rows": 2528311, "Plan Width": 21, "Plans": [{"Node Type": "Bitmap Heap Scan", "Parent Relationship": "Outer", "Relation Name": "title", "Alias": "t", "Startup Cost": 50285.88, "Total Cost": 110354.99, "Plan Rows": 2528311, "Plan Width": 21, "Plans": [{"Node Type": "Bitmap Index Scan", "Parent Relationship": "Outer", "Index Name": "title_pkey", "Startup Cost": 0.0, "Total Cost": 49653.81, "Plan Rows": 2528311, "Plan Width": 0}]}]}]}]}]}, {"Node Type": "Hash", "Parent Relationship": "Inner", "Startup Cost": 177271.47, "Total Cost": 177271.47, "Plan Rows": 4167490, "Plan Width": 4, "Plans": [{"Node Type": "Bitmap Heap Scan", "Parent Relationship": "Outer", "Relation Name": "name", "Alias": "n1", "Startup Cost": 84199.57, "Total Cost": 177271.47, "Plan Rows": 4167490, "Plan Width": 4, "Plans": [{"Node Type": "Bitmap Index Scan", "Parent Relationship": "Outer", "Index Name": "name_pkey", "Startup Cost": 0.0, "Total Cost": 83157.7, "Plan Rows": 4167490, "Plan Width": 0}]}]}]}]}]}]}, "Unique SQL Id": 2457761703, "Planner Runtime": 49}, "explain_analyze_plan": null}, "(16, 40)": {"explain_plan": {"Plan": {"Node Type": "Aggregate", "Strategy": "Plain", "Startup Cost": 287566.27, "Total Cost": 287566.3, "Plan Rows": 1, "Plan Width": 97, "Plans": [{"Node Type": "Streaming(type: LOCAL GATHER dop: 1/16)", "Parent Relationship": "Outer", "Startup Cost": 287566.27, "Total Cost": 287566.3, "Plan Rows": 1, "Plan Width": 97, "Plans": [{"Node Type": "Aggregate", "Strategy": "Plain", "Parent Relationship": "Outer", "Startup Cost": 287566.27, "Total Cost": 287566.28, "Plan Rows": 1, "Plan Width": 97, "Plans": [{"Node Type": "Hash Join", "Parent Relationship": "Outer", "Join Type": "Inner", "Startup Cost": 142621.96, "Total Cost": 285780.78, "Plan Rows": 357098, "Plan Width": 33, "Inner Unique": true, "Hash Cond": "(a1.person_id = n1.id), (LLVM Optimized)", "Plans": [{"Node Type": "Streaming(type: LOCAL REDISTRIBUTE dop: 16/16)", "Parent Relationship": "Outer", "Startup Cost": 126464.14, "Total Cost": 269316.07, "Plan Rows": 357098, "Plan Width": 41, "Plans": [{"Node Type": "Hash Join", "Parent Relationship": "Outer", "Join Type": "Inner", "Startup Cost": 126464.14, "Total Cost": 252963.01, "Plan Rows": 357098, "Plan Width": 41, "Inner Unique": true, "Hash Cond": "(ci.movie_id = t.id), (LLVM Optimized)", "Plans": [{"Node Type": "Streaming(type: LOCAL REDISTRIBUTE dop: 16/16)", "Parent Relationship": "Outer", "Startup Cost": 113655.34, "Total Cost": 239847.25, "Plan Rows": 357379, "Plan Width": 32, "Plans": [{"Node Type": "Hash Join", "Parent Relationship": "Outer", "Join Type": "Inner", "Startup Cost": 113655.34, "Total Cost": 223493.12, "Plan Rows": 357379, "Plan Width": 32, "Inner Unique": false, "Hash Cond": "(ci.person_id = a1.person_id), (LLVM Optimized)", "Plans": [{"Node Type": "Streaming(type: LOCAL REDISTRIBUTE dop: 16/16)", "Parent Relationship": "Outer", "Startup Cost": 104286.28, "Total Cost": 212931.86, "Plan Rows": 711018, "Plan Width": 12, "Plans": [{"Node Type": "Hash Join", "Parent Relationship": "Outer", "Join Type": "Inner", "Startup Cost": 104286.28, "Total Cost": 195237.77, "Plan Rows": 711018, "Plan Width": 12, "Inner Unique": false, "Hash Cond": "(ci.movie_id = mc.movie_id), (LLVM Optimized)", "Plans": [{"Node Type": "Streaming(type: LOCAL REDISTRIBUTE dop: 16/16)", "Parent Relationship": "Outer", "Startup Cost": 15001.51, "Total Cost": 102848.74, "Plan Rows": 3296318, "Plan Width": 8, "Plans": [{"Node Type": "Hash Join", "Parent Relationship": "Outer", "Join Type": "Inner", "Startup Cost": 15001.51, "Total Cost": 75358.79, "Plan Rows": 3296318, "Plan Width": 8, "Inner Unique": true, "Hash Cond": "(ci.role_id = rt.id), (LLVM Optimized)", "Plans": [{"Node Type": "Seq Scan", "Parent Relationship": "Outer", "Relation Name": "cast_info", "Alias": "ci", "Startup Cost": 0.0, "Total Cost": 52617.37, "Plan Rows": 36259494, "Plan Width": 12}, {"Node Type": "Hash", "Parent Relationship": "Inner", "Startup Cost": 15001.5, "Total Cost": 15001.5, "Plan Rows": 16, "Plan Width": 4, "Plans": [{"Node Type": "Streaming(type: BROADCAST dop: 16/1)", "Parent Relationship": "Outer", "Startup Cost": 0.0, "Total Cost": 15001.5, "Plan Rows": 16, "Plan Width": 4, "Plans": [{"Node Type": "Seq Scan", "Parent Relationship": "Outer", "Relation Name": "role_type", "Alias": "rt", "Startup Cost": 0.0, "Total Cost": 1.15, "Plan Rows": 1, "Plan Width": 4, "Filter": "((role)::text = 'writer'::text)"}]}]}]}]}, {"Node Type": "Hash", "Parent Relationship": "Inner", "Startup Cost": 88282.97, "Total Cost": 88282.97, "Plan Rows": 1282311, "Plan Width": 4, "Plans": [{"Node Type": "Streaming(type: LOCAL REDISTRIBUTE dop: 16/16)", "Parent Relationship": "Outer", "Startup Cost": 24511.53, "Total Cost": 88282.97, "Plan Rows": 1282311, "Plan Width": 4, "Plans": [{"Node Type": "Hash Join", "Parent Relationship": "Outer", "Join Type": "Inner", "Startup Cost": 24511.53, "Total Cost": 68424.21, "Plan Rows": 1282311, "Plan Width": 4, "Inner Unique": true, "Hash Cond": "(mc.company_id = cn.id), (LLVM Optimized)", "Plans": [{"Node Type": "Streaming(type: LOCAL REDISTRIBUTE dop: 16/16)", "Parent Relationship": "Outer", "Startup Cost": 0.0, "Total Cost": 42499.73, "Plan Rows": 2609128, "Plan Width": 8, "Plans": [{"Node Type": "Seq Scan", "Parent Relationship": "Outer", "Relation Name": "movie_companies", "Alias": "mc", "Startup Cost": 0.0, "Total Cost": 17613.58, "Plan Rows": 2609128, "Plan Width": 8}]}, {"Node Type": "Hash", "Parent Relationship": "Inner", "Startup Cost": 24444.99, "Total Cost": 24444.99, "Plan Rows": 85170, "Plan Width": 4, "Plans": [{"Node Type": "Streaming(type: LOCAL REDISTRIBUTE dop: 16/1)", "Parent Relationship": "Outer", "Startup Cost": 0.0, "Total Cost": 24444.99, "Plan Rows": 85170, "Plan Width": 4, "Plans": [{"Node Type": "Seq Scan", "Parent Relationship": "Outer", "Relation Name": "company_name", "Alias": "cn", "Startup Cost": 0.0, "Total Cost": 5903.45, "Plan Rows": 85170, "Plan Width": 4, "Filter": "((country_code)::text = '[us]'::text)"}]}]}]}]}]}]}]}, {"Node Type": "Hash", "Parent Relationship": "Inner", "Startup Cost": 34659.52, "Total Cost": 34659.52, "Plan Rows": 901342, "Plan Width": 20, "Plans": [{"Node Type": "Streaming(type: LOCAL REDISTRIBUTE dop: 16/16)", "Parent Relationship": "Outer", "Startup Cost": 0.0, "Total Cost": 34659.52, "Plan Rows": 901342, "Plan Width": 20, "Plans": [{"Node Type": "Seq Scan", "Parent Relationship": "Outer", "Relation Name": "aka_name", "Alias": "a1", "Startup Cost": 0.0, "Total Cost": 16244.28, "Plan Rows": 901342, "Plan Width": 20}]}]}]}]}, {"Node Type": "Hash", "Parent Relationship": "Inner", "Startup Cost": 43334.25, "Total Cost": 43334.25, "Plan Rows": 2528311, "Plan Width": 21, "Plans": [{"Node Type": "Streaming(type: LOCAL REDISTRIBUTE dop: 16/16)", "Parent Relationship": "Outer", "Startup Cost": 0.0, "Total Cost": 43334.25, "Plan Rows": 2528311, "Plan Width": 21, "Plans": [{"Node Type": "Seq Scan", "Parent Relationship": "Outer", "Relation Name": "title", "Alias": "t", "Startup Cost": 0.0, "Total Cost": 18754.32, "Plan Rows": 2528311, "Plan Width": 21}]}]}]}]}, {"Node Type": "Hash", "Parent Relationship": "Inner", "Startup Cost": 51607.87, "Total Cost": 51607.87, "Plan Rows": 4167490, "Plan Width": 4, "Plans": [{"Node Type": "Streaming(type: LOCAL REDISTRIBUTE dop: 16/16)", "Parent Relationship": "Outer", "Startup Cost": 0.0, "Total Cost": 51607.87, "Plan Rows": 4167490, "Plan Width": 4, "Plans": [{"Node Type": "Index Only Scan", "Parent Relationship": "Outer", "Scan Direction": "Forward", "Index Name": "name_pkey", "Relation Name": "name", "Alias": "n1", "Startup Cost": 0.0, "Total Cost": 20816.99, "Plan Rows": 4167490, "Plan Width": 4}]}]}]}]}]}]}, "Unique SQL Id": 2457761703, "Planner Runtime": 194}, "explain_analyze_plan": {"Plan": {"Node Type": "Aggregate", "Strategy": "Plain", "Startup Cost": 287566.27, "Total Cost": 287566.3, "Plan Rows": 1, "Plan Width": 97, "Actual Min Startup Time": 4944.13, "Actual Max Startup Time": 4944.13, "Actual Min Total Time": 4944.13, "Actual Max Total Time": 4944.13, "Plans": [{"Node Type": "Streaming(type: LOCAL GATHER dop: 1/16)", "Parent Relationship": "Outer", "Startup Cost": 287566.27, "Total Cost": 287566.3, "Plan Rows": 1, "Plan Width": 97, "Actual Min Startup Time": 4943.285, "Actual Max Startup Time": 4943.285, "Actual Min Total Time": 4944.087, "Actual Max Total Time": 4944.087, "Plans": [{"Node Type": "Aggregate", "Strategy": "Plain", "Parent Relationship": "Outer", "Startup Cost": 287566.27, "Total Cost": 287566.28, "Plan Rows": 1, "Plan Width": 97, "Actual Min Startup Time": 4504.488, "Actual Max Startup Time": 4708.445, "Actual Min Total Time": 4504.488, "Actual Max Total Time": 4708.445, "Plans": [{"Node Type": "Hash Join", "Parent Relationship": "Outer", "Join Type": "Inner", "Startup Cost": 142621.96, "Total Cost": 285780.78, "Plan Rows": 357098, "Plan Width": 33, "Actual Min Startup Time": 622.123, "Actual Max Startup Time": 821.69, "Actual Min Total Time": 4385.581, "Actual Max Total Time": 4634.797, "Inner Unique": true, "Hash Cond": "(a1.person_id = n1.id), (LLVM Optimized, Jit Execute)", "Plans": [{"Node Type": "Streaming(type: LOCAL REDISTRIBUTE dop: 16/16)", "Parent Relationship": "Outer", "Startup Cost": 126464.14, "Total Cost": 269316.07, "Plan Rows": 357098, "Plan Width": 41, "Actual Min Startup Time": 62.393, "Actual Max Startup Time": 79.238, "Actual Min Total Time": 3724.655, "Actual Max Total Time": 3836.262, "Plans": [{"Node Type": "Hash Join", "Parent Relationship": "Outer", "Join Type": "Inner", "Startup Cost": 126464.14, "Total Cost": 252963.01, "Plan Rows": 357098, "Plan Width": 41, "Actual Min Startup Time": 614.667, "Actual Max Startup Time": 823.592, "Actual Min Total Time": 2392.015, "Actual Max Total Time": 4530.013, "Inner Unique": true, "Hash Cond": "(ci.movie_id = t.id), (LLVM Optimized, Jit Execute)", "Plans": [{"Node Type": "Streaming(type: LOCAL REDISTRIBUTE dop: 16/16)", "Parent Relationship": "Outer", "Startup Cost": 113655.34, "Total Cost": 239847.25, "Plan Rows": 357379, "Plan Width": 32, "Actual Min Startup Time": 232.06, "Actual Max Startup Time": 242.187, "Actual Min Total Time": 1737.73, "Actual Max Total Time": 3931.463, "Plans": [{"Node Type": "Hash Join", "Parent Relationship": "Outer", "Join Type": "Inner", "Startup Cost": 113655.34, "Total Cost": 223493.12, "Plan Rows": 357379, "Plan Width": 32, "Actual Min Startup Time": 618.18, "Actual Max Startup Time": 849.09, "Actual Min Total Time": 1988.988, "Actual Max Total Time": 4427.833, "Inner Unique": false, "Hash Cond": "(ci.person_id = a1.person_id), (LLVM Optimized, Jit Execute)", "Plans": [{"Node Type": "Streaming(type: LOCAL REDISTRIBUTE dop: 16/16)", "Parent Relationship": "Outer", "Startup Cost": 104286.28, "Total Cost": 212931.86, "Plan Rows": 711018, "Plan Width": 12, "Actual Min Startup Time": 483.749, "Actual Max Startup Time": 503.721, "Actual Min Total Time": 1782.944, "Actual Max Total Time": 4075.042, "Plans": [{"Node Type": "Hash Join", "Parent Relationship": "Outer", "Join Type": "Inner", "Startup Cost": 104286.28, "Total Cost": 195237.77, "Plan Rows": 711018, "Plan Width": 12, "Actual Min Startup Time": 609.63, "Actual Max Startup Time": 841.162, "Actual Min Total Time": 1681.314, "Actual Max Total Time": 3947.407, "Inner Unique": false, "Hash Cond": "(ci.movie_id = mc.movie_id), (LLVM Optimized, Jit Execute)", "Plans": [{"Node Type": "Streaming(type: LOCAL REDISTRIBUTE dop: 16/16)", "Parent Relationship": "Outer", "Startup Cost": 15001.51, "Total Cost": 102848.74, "Plan Rows": 3296318, "Plan Width": 8, "Actual Min Startup Time": 0.076, "Actual Max Startup Time": 1.512, "Actual Min Total Time": 958.941, "Actual Max Total Time": 3213.625, "Plans": [{"Node Type": "Hash Join", "Parent Relationship": "Outer", "Join Type": "Inner", "Startup Cost": 15001.51, "Total Cost": 75358.79, "Plan Rows": 3296318, "Plan Width": 8, "Actual Min Startup Time": 619.338, "Actual Max Startup Time": 684.705, "Actual Min Total Time": 978.386, "Actual Max Total Time": 1050.522, "Inner Unique": true, "Hash Cond": "(ci.role_id = rt.id), (LLVM Optimized, Jit Execute)", "Plans": [{"Node Type": "Seq Scan", "Parent Relationship": "Outer", "Relation Name": "cast_info", "Alias": "ci", "Startup Cost": 0.0, "Total Cost": 52617.37, "Plan Rows": 36259494, "Plan Width": 12, "Actual Min Startup Time": 0.025, "Actual Max Startup Time": 0.046, "Actual Min Total Time": 516.432, "Actual Max Total Time": 561.683, "Actual Rows": 36244343}, {"Node Type": "Hash", "Parent Relationship": "Inner", "Startup Cost": 15001.5, "Total Cost": 15001.5, "Plan Rows": 16, "Plan Width": 4, "Actual Min Startup Time": 0.012, "Actual Max Startup Time": 30.687, "Actual Min Total Time": 0.012, "Actual Max Total Time": 30.687, "Max Hash Buckets": 32768, "Min Hash Buckets": 32768, "Max Hash Batches": 1, "Min Hash Batches": 1, "Max Original Hash Batches": 1, "Min Original Hash Batches": 1, "Max Peak Memory Usage": 1, "min Peak Memory Usage": 1, "Plans": [{"Node Type": "Streaming(type: BROADCAST dop: 16/1)", "Parent Relationship": "Outer", "Startup Cost": 0.0, "Total Cost": 15001.5, "Plan Rows": 16, "Plan Width": 4, "Actual Min Startup Time": 0.003, "Actual Max Startup Time": 30.667, "Actual Min Total Time": 0.003, "Actual Max Total Time": 30.669, "Plans": [{"Node Type": "Seq Scan", "Parent Relationship": "Outer", "Relation Name": "role_type", "Alias": "rt", "Startup Cost": 0.0, "Total Cost": 1.15, "Plan Rows": 1, "Plan Width": 4, "Actual Min Startup Time": 0.038, "Actual Max Startup Time": 0.038, "Actual Min Total Time": 0.042, "Actual Max Total Time": 0.042, "Filter": "((role)::text = 'writer'::text)", "Rows Removed by Filter": 11, "Actual Rows": 1}], "Actual Rows": 16}], "Actual Rows": 16}], "Actual Rows": 2728943}], "Actual Rows": 2728943}, {"Node Type": "Hash", "Parent Relationship": "Inner", "Startup Cost": 88282.97, "Total Cost": 88282.97, "Plan Rows": 1282311, "Plan Width": 4, "Actual Min Startup Time": 608.642, "Actual Max Startup Time": 840.955, "Actual Min Total Time": 608.642, "Actual Max Total Time": 840.955, "Max Hash Buckets": 131072, "Min Hash Buckets": 131072, "Max Hash Batches": 1, "Min Hash Batches": 1, "Max Original Hash Batches": 1, "Min Original Hash Batches": 1, "Max Peak Memory Usage": 2542, "min Peak Memory Usage": 2542, "Plans": [{"Node Type": "Streaming(type: LOCAL REDISTRIBUTE dop: 16/16)", "Parent Relationship": "Outer", "Startup Cost": 24511.53, "Total Cost": 88282.97, "Plan Rows": 1282311, "Plan Width": 4, "Actual Min Startup Time": 165.19, "Actual Max Startup Time": 397.376, "Actual Min Total Time": 583.19, "Actual Max Total Time": 810.364, "Plans": [{"Node Type": "Hash Join", "Parent Relationship": "Outer", "Join Type": "Inner", "Startup Cost": 24511.53, "Total Cost": 68424.21, "Plan Rows": 1282311, "Plan Width": 4, "Actual Min Startup Time": 163.079, "Actual Max Startup Time": 409.822, "Actual Min Total Time": 482.508, "Actual Max Total Time": 768.684, "Inner Unique": true, "Hash Cond": "(mc.company_id = cn.id), (LLVM Optimized, Jit Execute)", "Plans": [{"Node Type": "Streaming(type: LOCAL REDISTRIBUTE dop: 16/16)", "Parent Relationship": "Outer", "Startup Cost": 0.0, "Total Cost": 42499.73, "Plan Rows": 2609128, "Plan Width": 8, "Actual Min Startup Time": 0.07, "Actual Max Startup Time": 1.506, "Actual Min Total Time": 241.68, "Actual Max Total Time": 332.619, "Plans": [{"Node Type": "Seq Scan", "Parent Relationship": "Outer", "Relation Name": "movie_companies", "Alias": "mc", "Startup Cost": 0.0, "Total Cost": 17613.58, "Plan Rows": 2609128, "Plan Width": 8, "Actual Min Startup Time": 0.024, "Actual Max Startup Time": 0.046, "Actual Min Total Time": 46.05, "Actual Max Total Time": 53.959, "Actual Rows": 2609128}], "Actual Rows": 2609128}, {"Node Type": "Hash", "Parent Relationship": "Inner", "Startup Cost": 24444.99, "Total Cost": 24444.99, "Plan Rows": 85170, "Plan Width": 4, "Actual Min Startup Time": 162.501, "Actual Max Startup Time": 408.821, "Actual Min Total Time": 162.501, "Actual Max Total Time": 408.821, "Max Hash Buckets": 32768, "Min Hash Buckets": 32768, "Max Hash Batches": 1, "Min Hash Batches": 1, "Max Original Hash Batches": 1, "Min Original Hash Batches": 1, "Max Peak Memory Usage": 182, "min Peak Memory Usage": 182, "Plans": [{"Node Type": "Streaming(type: LOCAL REDISTRIBUTE dop: 16/1)", "Parent Relationship": "Outer", "Startup Cost": 0.0, "Total Cost": 24444.99, "Plan Rows": 85170, "Plan Width": 4, "Actual Min Startup Time": 0.028, "Actual Max Startup Time": 240.208, "Actual Min Total Time": 160.838, "Actual Max Total Time": 406.797, "Plans": [{"Node Type": "Seq Scan", "Parent Relationship": "Outer", "Relation Name": "company_name", "Alias": "cn", "Startup Cost": 0.0, "Total Cost": 5903.45, "Plan Rows": 85170, "Plan Width": 4, "Actual Min Startup Time": 0.047, "Actual Max Startup Time": 0.047, "Actual Min Total Time": 93.762, "Actual Max Total Time": 93.762, "Filter": "((country_code)::text = '[us]'::text)", "Rows Removed by Filter": 150153, "Actual Rows": 84843}], "Actual Rows": 84843}], "Actual Rows": 84843}], "Actual Rows": 1153797}], "Actual Rows": 1153797}], "Actual Rows": 1153797}], "Actual Rows": 1970658}], "Actual Rows": 1970658}, {"Node Type": "Hash", "Parent Relationship": "Inner", "Startup Cost": 34659.52, "Total Cost": 34659.52, "Plan Rows": 901342, "Plan Width": 20, "Actual Min Startup Time": 129.787, "Actual Max Startup Time": 360.065, "Actual Min Total Time": 129.787, "Actual Max Total Time": 360.065, "Max Hash Buckets": 65536, "Min Hash Buckets": 65536, "Max Hash Batches": 1, "Min Hash Batches": 1, "Max Original Hash Batches": 1, "Min Original Hash Batches": 1, "Max Peak Memory Usage": 2981, "min Peak Memory Usage": 2981, "Plans": [{"Node Type": "Streaming(type: LOCAL REDISTRIBUTE dop: 16/16)", "Parent Relationship": "Outer", "Startup Cost": 0.0, "Total Cost": 34659.52, "Plan Rows": 901342, "Plan Width": 20, "Actual Min Startup Time": 0.045, "Actual Max Startup Time": 188.774, "Actual Min Total Time": 109.746, "Actual Max Total Time": 343.7, "Plans": [{"Node Type": "Seq Scan", "Parent Relationship": "Outer", "Relation Name": "aka_name", "Alias": "a1", "Startup Cost": 0.0, "Total Cost": 16244.28, "Plan Rows": 901342, "Plan Width": 20, "Actual Min Startup Time": 0.018, "Actual Max Startup Time": 0.04, "Actual Min Total Time": 16.479, "Actual Max Total Time": 20.369, "Actual Rows": 901342}], "Actual Rows": 901342}], "Actual Rows": 901342}], "Actual Rows": 2487611}], "Actual Rows": 2487611}, {"Node Type": "Hash", "Parent Relationship": "Inner", "Startup Cost": 43334.25, "Total Cost": 43334.25, "Plan Rows": 2528311, "Plan Width": 21, "Actual Min Startup Time": 381.985, "Actual Max Startup Time": 587.522, "Actual Min Total Time": 381.985, "Actual Max Total Time": 587.522, "Max Hash Buckets": 262144, "Min Hash Buckets": 262144, "Max Hash Batches": 1, "Min Hash Batches": 1, "Max Original Hash Batches": 1, "Min Original Hash Batches": 1, "Max Peak Memory Usage": 8518, "min Peak Memory Usage": 8518, "Plans": [{"Node Type": "Streaming(type: LOCAL REDISTRIBUTE dop: 16/16)", "Parent Relationship": "Outer", "Startup Cost": 0.0, "Total Cost": 43334.25, "Plan Rows": 2528311, "Plan Width": 21, "Actual Min Startup Time": 0.051, "Actual Max Startup Time": 110.199, "Actual Min Total Time": 305.798, "Actual Max Total Time": 512.197, "Plans": [{"Node Type": "Seq Scan", "Parent Relationship": "Outer", "Relation Name": "title", "Alias": "t", "Startup Cost": 0.0, "Total Cost": 18754.32, "Plan Rows": 2528311, "Plan Width": 21, "Actual Min Startup Time": 0.017, "Actual Max Startup Time": 0.033, "Actual Min Total Time": 50.642, "Actual Max Total Time": 58.797, "Actual Rows": 2528311}], "Actual Rows": 2528311}], "Actual Rows": 2528311}], "Actual Rows": 2487611}], "Actual Rows": 2487611}, {"Node Type": "Hash", "Parent Relationship": "Inner", "Startup Cost": 51607.87, "Total Cost": 51607.87, "Plan Rows": 4167490, "Plan Width": 4, "Actual Min Startup Time": 554.47, "Actual Max Startup Time": 758.245, "Actual Min Total Time": 554.47, "Actual Max Total Time": 758.245, "Max Hash Buckets": 262144, "Min Hash Buckets": 262144, "Max Hash Batches": 1, "Min Hash Batches": 1, "Max Original Hash Batches": 1, "Min Original Hash Batches": 1, "Max Peak Memory Usage": 9174, "min Peak Memory Usage": 9174, "Plans": [{"Node Type": "Streaming(type: LOCAL REDISTRIBUTE dop: 16/16)", "Parent Relationship": "Outer", "Startup Cost": 0.0, "Total Cost": 51607.87, "Plan Rows": 4167490, "Plan Width": 4, "Actual Min Startup Time": 0.05, "Actual Max Startup Time": 48.328, "Actual Min Total Time": 463.85, "Actual Max Total Time": 656.805, "Plans": [{"Node Type": "Index Only Scan", "Parent Relationship": "Outer", "Scan Direction": "Forward", "Index Name": "name_pkey", "Relation Name": "name", "Alias": "n1", "Startup Cost": 0.0, "Total Cost": 20816.99, "Plan Rows": 4167490, "Plan Width": 4, "Actual Min Startup Time": 0.039, "Actual Max Startup Time": 64.221, "Actual Min Total Time": 58.503, "Actual Max Total Time": 123.269, "Heap Fetches": 0, "Actual Rows": 4167490}], "Actual Rows": 4167490}], "Actual Rows": 4167490}], "Actual Rows": 2487611}], "Actual Rows": 16}], "Actual Rows": 16}], "Actual Rows": 1}, "Triggers": [], "Planner Runtime": 189, "Total Runtime": 4990.263, "Unique SQL Id": 2457761703}}, "(16, 41)": {"explain_plan": {"Plan": {"Node Type": "Aggregate", "Strategy": "Plain", "Startup Cost": 1386311.37, "Total Cost": 1386311.4, "Plan Rows": 1, "Plan Width": 97, "Plans": [{"Node Type": "Streaming(type: LOCAL GATHER dop: 1/16)", "Parent Relationship": "Outer", "Startup Cost": 1386311.37, "Total Cost": 1386311.4, "Plan Rows": 1, "Plan Width": 97, "Plans": [{"Node Type": "Aggregate", "Strategy": "Plain", "Parent Relationship": "Outer", "Startup Cost": 1386311.37, "Total Cost": 1386311.38, "Plan Rows": 1, "Plan Width": 97, "Plans": [{"Node Type": "Hash Join", "Parent Relationship": "Outer", "Join Type": "Inner", "Startup Cost": 252373.93, "Total Cost": 1384525.88, "Plan Rows": 357098, "Plan Width": 33, "Inner Unique": true, "Hash Cond": "(ci.movie_id = t.id), (LLVM Optimized)", "Plans": [{"Node Type": "Streaming(type: LOCAL REDISTRIBUTE dop: 16/16)", "Parent Relationship": "Outer", "Startup Cost": 218899.31, "Total Cost": 1350744.31, "Plan Rows": 357379, "Plan Width": 24, "Plans": [{"Node Type": "Hash Join", "Parent Relationship": "Outer", "Join Type": "Inner", "Startup Cost": 218899.31, "Total Cost": 1334390.18, "Plan Rows": 357379, "Plan Width": 24, "Inner Unique": true, "Hash Cond": "(a1.person_id = n1.id), (LLVM Optimized)", "Plans": [{"Node Type": "Streaming(type: LOCAL REDISTRIBUTE dop: 16/16)", "Parent Relationship": "Outer", "Startup Cost": 182755.14, "Total Cost": 1297938.9, "Plan Rows": 357379, "Plan Width": 32, "Plans": [{"Node Type": "Hash Join", "Parent Relationship": "Outer", "Join Type": "Inner", "Startup Cost": 182755.14, "Total Cost": 1281584.76, "Plan Rows": 357379, "Plan Width": 32, "Inner Unique": true, "Hash Cond": "(mc.company_id = cn.id), (LLVM Optimized)", "Plans": [{"Node Type": "Streaming(type: LOCAL REDISTRIBUTE dop: 16/16)", "Parent Relationship": "Outer", "Startup Cost": 175427.87, "Total Cost": 1273863.7, "Plan Rows": 727161, "Plan Width": 36, "Plans": [{"Node Type": "Hash Join", "Parent Relationship": "Outer", "Join Type": "Inner", "Startup Cost": 175427.87, "Total Cost": 1256108.44, "Plan Rows": 727161, "Plan Width": 36, "Inner Unique": false, "Hash Cond": "(ci.movie_id = mc.movie_id), (LLVM Optimized)", "Plans": [{"Node Type": "Streaming(type: LOCAL REDISTRIBUTE dop: 16/16)", "Parent Relationship": "Outer", "Startup Cost": 137161.66, "Total Cost": 1215145.72, "Plan Rows": 1484588, "Plan Width": 28, "Plans": [{"Node Type": "Hash Join", "Parent Relationship": "Outer", "Join Type": "Inner", "Startup Cost": 137161.66, "Total Cost": 1194520.52, "Plan Rows": 1484588, "Plan Width": 28, "Inner Unique": false, "Hash Cond": "(ci.person_id = a1.person_id), (LLVM Optimized)", "Plans": [{"Node Type": "Streaming(type: LOCAL REDISTRIBUTE dop: 16/16)", "Parent Relationship": "Outer", "Startup Cost": 15012.82, "Total Cost": 1066844.59, "Plan Rows": 3296318, "Plan Width": 8, "Plans": [{"Node Type": "Hash Join", "Parent Relationship": "Outer", "Join Type": "Inner", "Startup Cost": 15012.82, "Total Cost": 1039354.63, "Plan Rows": 3296318, "Plan Width": 8, "Inner Unique": true, "Hash Cond": "(ci.role_id = rt.id), (LLVM Optimized)", "Plans": [{"Node Type": "Index Scan", "Parent Relationship": "Outer", "Scan Direction": "Forward", "Index Name": "role_id_cast_info", "Relation Name": "cast_info", "Alias": "ci", "Startup Cost": 0.0, "Total Cost": 1016601.9, "Plan Rows": 36259494, "Plan Width": 12}, {"Node Type": "Hash", "Parent Relationship": "Inner", "Startup Cost": 15012.81, "Total Cost": 15012.81, "Plan Rows": 16, "Plan Width": 4, "Plans": [{"Node Type": "Streaming(type: BROADCAST dop: 16/1)", "Parent Relationship": "Outer", "Startup Cost": 0.0, "Total Cost": 15012.81, "Plan Rows": 16, "Plan Width": 4, "Plans": [{"Node Type": "Index Scan", "Parent Relationship": "Outer", "Scan Direction": "Forward", "Index Name": "role_type_pkey", "Relation Name": "role_type", "Alias": "rt", "Startup Cost": 0.0, "Total Cost": 12.46, "Plan Rows": 1, "Plan Width": 4, "Filter": "((role)::text = 'writer'::text)"}]}]}]}]}, {"Node Type": "Hash", "Parent Relationship": "Inner", "Startup Cost": 121444.67, "Total Cost": 121444.67, "Plan Rows": 901342, "Plan Width": 20, "Plans": [{"Node Type": "Streaming(type: LOCAL REDISTRIBUTE dop: 16/1)", "Parent Relationship": "Outer", "Startup Cost": 0.0, "Total Cost": 121444.67, "Plan Rows": 901342, "Plan Width": 20, "Plans": [{"Node Type": "Index Scan", "Parent Relationship": "Outer", "Scan Direction": "Forward", "Index Name": "person_id_aka_name", "Relation Name": "aka_name", "Alias": "a1", "Startup Cost": 0.0, "Total Cost": 68965.03, "Plan Rows": 901342, "Plan Width": 20}]}]}]}]}, {"Node Type": "Hash", "Parent Relationship": "Inner", "Startup Cost": 139099.07, "Total Cost": 139099.07, "Plan Rows": 2609128, "Plan Width": 8, "Plans": [{"Node Type": "Streaming(type: LOCAL REDISTRIBUTE dop: 16/16)", "Parent Relationship": "Outer", "Startup Cost": 0.0, "Total Cost": 139099.07, "Plan Rows": 2609128, "Plan Width": 8, "Plans": [{"Node Type": "Index Scan", "Parent Relationship": "Outer", "Scan Direction": "Forward", "Index Name": "company_id_movie_companies", "Relation Name": "movie_companies", "Alias": "mc", "Startup Cost": 0.0, "Total Cost": 114212.92, "Plan Rows": 2609128, "Plan Width": 8}]}]}]}]}, {"Node Type": "Hash", "Parent Relationship": "Inner", "Startup Cost": 29042.93, "Total Cost": 29042.93, "Plan Rows": 85170, "Plan Width": 4, "Plans": [{"Node Type": "Streaming(type: LOCAL REDISTRIBUTE dop: 16/1)", "Parent Relationship": "Outer", "Startup Cost": 0.0, "Total Cost": 29042.93, "Plan Rows": 85170, "Plan Width": 4, "Plans": [{"Node Type": "Index Scan", "Parent Relationship": "Outer", "Scan Direction": "Forward", "Index Name": "company_name_pkey", "Relation Name": "company_name", "Alias": "cn", "Startup Cost": 0.0, "Total Cost": 10501.39, "Plan Rows": 85170, "Plan Width": 4, "Filter": "((country_code)::text = '[us]'::text)"}]}]}]}]}, {"Node Type": "Hash", "Parent Relationship": "Inner", "Startup Cost": 131553.26, "Total Cost": 131553.26, "Plan Rows": 4167490, "Plan Width": 4, "Plans": [{"Node Type": "Streaming(type: LOCAL REDISTRIBUTE dop: 16/16)", "Parent Relationship": "Outer", "Startup Cost": 0.0, "Total Cost": 131553.26, "Plan Rows": 4167490, "Plan Width": 4, "Plans": [{"Node Type": "Index Only Scan", "Parent Relationship": "Outer", "Scan Direction": "Forward", "Index Name": "name_pkey", "Relation Name": "name", "Alias": "n1", "Startup Cost": 0.0, "Total Cost": 100762.38, "Plan Rows": 4167490, "Plan Width": 4}]}]}]}]}, {"Node Type": "Hash", "Parent Relationship": "Inner", "Startup Cost": 125997.5, "Total Cost": 125997.5, "Plan Rows": 2528311, "Plan Width": 21, "Plans": [{"Node Type": "Streaming(type: LOCAL REDISTRIBUTE dop: 16/16)", "Parent Relationship": "Outer", "Startup Cost": 0.0, "Total Cost": 125997.5, "Plan Rows": 2528311, "Plan Width": 21, "Plans": [{"Node Type": "Index Scan", "Parent Relationship": "Outer", "Scan Direction": "Forward", "Index Name": "title_pkey", "Relation Name": "title", "Alias": "t", "Startup Cost": 0.0, "Total Cost": 101417.57, "Plan Rows": 2528311, "Plan Width": 21}]}]}]}]}]}]}, "Unique SQL Id": 2457761703, "Planner Runtime": 108}, "explain_analyze_plan": null}, "(16, 42)": {"explain_plan": {"Plan": {"Node Type": "Aggregate", "Strategy": "Plain", "Startup Cost": 287566.27, "Total Cost": 287566.3, "Plan Rows": 1, "Plan Width": 97, "Plans": [{"Node Type": "Streaming(type: LOCAL GATHER dop: 1/16)", "Parent Relationship": "Outer", "Startup Cost": 287566.27, "Total Cost": 287566.3, "Plan Rows": 1, "Plan Width": 97, "Plans": [{"Node Type": "Aggregate", "Strategy": "Plain", "Parent Relationship": "Outer", "Startup Cost": 287566.27, "Total Cost": 287566.28, "Plan Rows": 1, "Plan Width": 97, "Plans": [{"Node Type": "Hash Join", "Parent Relationship": "Outer", "Join Type": "Inner", "Startup Cost": 142621.96, "Total Cost": 285780.78, "Plan Rows": 357098, "Plan Width": 33, "Inner Unique": true, "Hash Cond": "(a1.person_id = n1.id), (LLVM Optimized)", "Plans": [{"Node Type": "Streaming(type: LOCAL REDISTRIBUTE dop: 16/16)", "Parent Relationship": "Outer", "Startup Cost": 126464.14, "Total Cost": 269316.07, "Plan Rows": 357098, "Plan Width": 41, "Plans": [{"Node Type": "Hash Join", "Parent Relationship": "Outer", "Join Type": "Inner", "Startup Cost": 126464.14, "Total Cost": 252963.01, "Plan Rows": 357098, "Plan Width": 41, "Inner Unique": true, "Hash Cond": "(ci.movie_id = t.id), (LLVM Optimized)", "Plans": [{"Node Type": "Streaming(type: LOCAL REDISTRIBUTE dop: 16/16)", "Parent Relationship": "Outer", "Startup Cost": 113655.34, "Total Cost": 239847.25, "Plan Rows": 357379, "Plan Width": 32, "Plans": [{"Node Type": "Hash Join", "Parent Relationship": "Outer", "Join Type": "Inner", "Startup Cost": 113655.34, "Total Cost": 223493.12, "Plan Rows": 357379, "Plan Width": 32, "Inner Unique": false, "Hash Cond": "(ci.person_id = a1.person_id), (LLVM Optimized)", "Plans": [{"Node Type": "Streaming(type: LOCAL REDISTRIBUTE dop: 16/16)", "Parent Relationship": "Outer", "Startup Cost": 104286.28, "Total Cost": 212931.86, "Plan Rows": 711018, "Plan Width": 12, "Plans": [{"Node Type": "Hash Join", "Parent Relationship": "Outer", "Join Type": "Inner", "Startup Cost": 104286.28, "Total Cost": 195237.77, "Plan Rows": 711018, "Plan Width": 12, "Inner Unique": false, "Hash Cond": "(ci.movie_id = mc.movie_id), (LLVM Optimized)", "Plans": [{"Node Type": "Streaming(type: LOCAL REDISTRIBUTE dop: 16/16)", "Parent Relationship": "Outer", "Startup Cost": 15001.51, "Total Cost": 102848.74, "Plan Rows": 3296318, "Plan Width": 8, "Plans": [{"Node Type": "Hash Join", "Parent Relationship": "Outer", "Join Type": "Inner", "Startup Cost": 15001.51, "Total Cost": 75358.79, "Plan Rows": 3296318, "Plan Width": 8, "Inner Unique": true, "Hash Cond": "(ci.role_id = rt.id), (LLVM Optimized)", "Plans": [{"Node Type": "Seq Scan", "Parent Relationship": "Outer", "Relation Name": "cast_info", "Alias": "ci", "Startup Cost": 0.0, "Total Cost": 52617.37, "Plan Rows": 36259494, "Plan Width": 12}, {"Node Type": "Hash", "Parent Relationship": "Inner", "Startup Cost": 15001.5, "Total Cost": 15001.5, "Plan Rows": 16, "Plan Width": 4, "Plans": [{"Node Type": "Streaming(type: BROADCAST dop: 16/1)", "Parent Relationship": "Outer", "Startup Cost": 0.0, "Total Cost": 15001.5, "Plan Rows": 16, "Plan Width": 4, "Plans": [{"Node Type": "Seq Scan", "Parent Relationship": "Outer", "Relation Name": "role_type", "Alias": "rt", "Startup Cost": 0.0, "Total Cost": 1.15, "Plan Rows": 1, "Plan Width": 4, "Filter": "((role)::text = 'writer'::text)"}]}]}]}]}, {"Node Type": "Hash", "Parent Relationship": "Inner", "Startup Cost": 88282.97, "Total Cost": 88282.97, "Plan Rows": 1282311, "Plan Width": 4, "Plans": [{"Node Type": "Streaming(type: LOCAL REDISTRIBUTE dop: 16/16)", "Parent Relationship": "Outer", "Startup Cost": 24511.53, "Total Cost": 88282.97, "Plan Rows": 1282311, "Plan Width": 4, "Plans": [{"Node Type": "Hash Join", "Parent Relationship": "Outer", "Join Type": "Inner", "Startup Cost": 24511.53, "Total Cost": 68424.21, "Plan Rows": 1282311, "Plan Width": 4, "Inner Unique": true, "Hash Cond": "(mc.company_id = cn.id), (LLVM Optimized)", "Plans": [{"Node Type": "Streaming(type: LOCAL REDISTRIBUTE dop: 16/16)", "Parent Relationship": "Outer", "Startup Cost": 0.0, "Total Cost": 42499.73, "Plan Rows": 2609128, "Plan Width": 8, "Plans": [{"Node Type": "Seq Scan", "Parent Relationship": "Outer", "Relation Name": "movie_companies", "Alias": "mc", "Startup Cost": 0.0, "Total Cost": 17613.58, "Plan Rows": 2609128, "Plan Width": 8}]}, {"Node Type": "Hash", "Parent Relationship": "Inner", "Startup Cost": 24444.99, "Total Cost": 24444.99, "Plan Rows": 85170, "Plan Width": 4, "Plans": [{"Node Type": "Streaming(type: LOCAL REDISTRIBUTE dop: 16/1)", "Parent Relationship": "Outer", "Startup Cost": 0.0, "Total Cost": 24444.99, "Plan Rows": 85170, "Plan Width": 4, "Plans": [{"Node Type": "Seq Scan", "Parent Relationship": "Outer", "Relation Name": "company_name", "Alias": "cn", "Startup Cost": 0.0, "Total Cost": 5903.45, "Plan Rows": 85170, "Plan Width": 4, "Filter": "((country_code)::text = '[us]'::text)"}]}]}]}]}]}]}]}, {"Node Type": "Hash", "Parent Relationship": "Inner", "Startup Cost": 34659.52, "Total Cost": 34659.52, "Plan Rows": 901342, "Plan Width": 20, "Plans": [{"Node Type": "Streaming(type: LOCAL REDISTRIBUTE dop: 16/16)", "Parent Relationship": "Outer", "Startup Cost": 0.0, "Total Cost": 34659.52, "Plan Rows": 901342, "Plan Width": 20, "Plans": [{"Node Type": "Seq Scan", "Parent Relationship": "Outer", "Relation Name": "aka_name", "Alias": "a1", "Startup Cost": 0.0, "Total Cost": 16244.28, "Plan Rows": 901342, "Plan Width": 20}]}]}]}]}, {"Node Type": "Hash", "Parent Relationship": "Inner", "Startup Cost": 43334.25, "Total Cost": 43334.25, "Plan Rows": 2528311, "Plan Width": 21, "Plans": [{"Node Type": "Streaming(type: LOCAL REDISTRIBUTE dop: 16/16)", "Parent Relationship": "Outer", "Startup Cost": 0.0, "Total Cost": 43334.25, "Plan Rows": 2528311, "Plan Width": 21, "Plans": [{"Node Type": "Seq Scan", "Parent Relationship": "Outer", "Relation Name": "title", "Alias": "t", "Startup Cost": 0.0, "Total Cost": 18754.32, "Plan Rows": 2528311, "Plan Width": 21}]}]}]}]}, {"Node Type": "Hash", "Parent Relationship": "Inner", "Startup Cost": 51607.87, "Total Cost": 51607.87, "Plan Rows": 4167490, "Plan Width": 4, "Plans": [{"Node Type": "Streaming(type: LOCAL REDISTRIBUTE dop: 16/16)", "Parent Relationship": "Outer", "Startup Cost": 0.0, "Total Cost": 51607.87, "Plan Rows": 4167490, "Plan Width": 4, "Plans": [{"Node Type": "Seq Scan", "Parent Relationship": "Outer", "Relation Name": "name", "Alias": "n1", "Startup Cost": 0.0, "Total Cost": 20816.99, "Plan Rows": 4167490, "Plan Width": 4}]}]}]}]}]}]}, "Unique SQL Id": 2457761703, "Planner Runtime": 196}, "explain_analyze_plan": {"Plan": {"Node Type": "Aggregate", "Strategy": "Plain", "Startup Cost": 287566.27, "Total Cost": 287566.3, "Plan Rows": 1, "Plan Width": 97, "Actual Min Startup Time": 2807.394, "Actual Max Startup Time": 2807.394, "Actual Min Total Time": 2807.394, "Actual Max Total Time": 2807.394, "Plans": [{"Node Type": "Streaming(type: LOCAL GATHER dop: 1/16)", "Parent Relationship": "Outer", "Startup Cost": 287566.27, "Total Cost": 287566.3, "Plan Rows": 1, "Plan Width": 97, "Actual Min Startup Time": 2805.812, "Actual Max Startup Time": 2805.812, "Actual Min Total Time": 2807.366, "Actual Max Total Time": 2807.366, "Plans": [{"Node Type": "Aggregate", "Strategy": "Plain", "Parent Relationship": "Outer", "Startup Cost": 287566.27, "Total Cost": 287566.28, "Plan Rows": 1, "Plan Width": 97, "Actual Min Startup Time": 2410.309, "Actual Max Startup Time": 2537.515, "Actual Min Total Time": 2410.309, "Actual Max Total Time": 2537.515, "Plans": [{"Node Type": "Hash Join", "Parent Relationship": "Outer", "Join Type": "Inner", "Startup Cost": 142621.96, "Total Cost": 285780.78, "Plan Rows": 357098, "Plan Width": 33, "Actual Min Startup Time": 682.796, "Actual Max Startup Time": 809.411, "Actual Min Total Time": 2287.798, "Actual Max Total Time": 2474.84, "Inner Unique": true, "Hash Cond": "(a1.person_id = n1.id), (LLVM Optimized, Jit Execute)", "Plans": [{"Node Type": "Streaming(type: LOCAL REDISTRIBUTE dop: 16/16)", "Parent Relationship": "Outer", "Startup Cost": 126464.14, "Total Cost": 269316.07, "Plan Rows": 357098, "Plan Width": 41, "Actual Min Startup Time": 104.514, "Actual Max Startup Time": 134.767, "Actual Min Total Time": 1604.955, "Actual Max Total Time": 1724.615, "Plans": [{"Node Type": "Hash Join", "Parent Relationship": "Outer", "Join Type": "Inner", "Startup Cost": 126464.14, "Total Cost": 252963.01, "Plan Rows": 357098, "Plan Width": 41, "Actual Min Startup Time": 684.369, "Actual Max Startup Time": 863.954, "Actual Min Total Time": 2250.417, "Actual Max Total Time": 2462.715, "Inner Unique": true, "Hash Cond": "(ci.movie_id = t.id), (LLVM Optimized, Jit Execute)", "Plans": [{"Node Type": "Streaming(type: LOCAL REDISTRIBUTE dop: 16/16)", "Parent Relationship": "Outer", "Startup Cost": 113655.34, "Total Cost": 239847.25, "Plan Rows": 357379, "Plan Width": 32, "Actual Min Startup Time": 317.069, "Actual Max Startup Time": 322.995, "Actual Min Total Time": 1801.077, "Actual Max Total Time": 1863.509, "Plans": [{"Node Type": "Hash Join", "Parent Relationship": "Outer", "Join Type": "Inner", "Startup Cost": 113655.34, "Total Cost": 223493.12, "Plan Rows": 357379, "Plan Width": 32, "Actual Min Startup Time": 676.499, "Actual Max Startup Time": 926.544, "Actual Min Total Time": 1889.984, "Actual Max Total Time": 2339.531, "Inner Unique": false, "Hash Cond": "(ci.person_id = a1.person_id), (LLVM Optimized, Jit Execute)", "Plans": [{"Node Type": "Streaming(type: LOCAL REDISTRIBUTE dop: 16/16)", "Parent Relationship": "Outer", "Startup Cost": 104286.28, "Total Cost": 212931.86, "Plan Rows": 711018, "Plan Width": 12, "Actual Min Startup Time": 544.363, "Actual Max Startup Time": 557.858, "Actual Min Total Time": 1635.928, "Actual Max Total Time": 1965.859, "Plans": [{"Node Type": "Hash Join", "Parent Relationship": "Outer", "Join Type": "Inner", "Startup Cost": 104286.28, "Total Cost": 195237.77, "Plan Rows": 711018, "Plan Width": 12, "Actual Min Startup Time": 676.505, "Actual Max Startup Time": 873.864, "Actual Min Total Time": 1726.934, "Actual Max Total Time": 1983.436, "Inner Unique": false, "Hash Cond": "(ci.movie_id = mc.movie_id), (LLVM Optimized, Jit Execute)", "Plans": [{"Node Type": "Streaming(type: LOCAL REDISTRIBUTE dop: 16/16)", "Parent Relationship": "Outer", "Startup Cost": 15001.51, "Total Cost": 102848.74, "Plan Rows": 3296318, "Plan Width": 8, "Actual Min Startup Time": 0.059, "Actual Max Startup Time": 0.35, "Actual Min Total Time": 960.325, "Actual Max Total Time": 1125.807, "Plans": [{"Node Type": "Hash Join", "Parent Relationship": "Outer", "Join Type": "Inner", "Startup Cost": 15001.51, "Total Cost": 75358.79, "Plan Rows": 3296318, "Plan Width": 8, "Actual Min Startup Time": 618.945, "Actual Max Startup Time": 658.044, "Actual Min Total Time": 973.958, "Actual Max Total Time": 1016.065, "Inner Unique": true, "Hash Cond": "(ci.role_id = rt.id), (LLVM Optimized, Jit Execute)", "Plans": [{"Node Type": "Seq Scan", "Parent Relationship": "Outer", "Relation Name": "cast_info", "Alias": "ci", "Startup Cost": 0.0, "Total Cost": 52617.37, "Plan Rows": 36259494, "Plan Width": 12, "Actual Min Startup Time": 0.027, "Actual Max Startup Time": 0.044, "Actual Min Total Time": 516.927, "Actual Max Total Time": 557.048, "Actual Rows": 36244343}, {"Node Type": "Hash", "Parent Relationship": "Inner", "Startup Cost": 15001.5, "Total Cost": 15001.5, "Plan Rows": 16, "Plan Width": 4, "Actual Min Startup Time": 0.012, "Actual Max Startup Time": 23.82, "Actual Min Total Time": 0.012, "Actual Max Total Time": 23.82, "Max Hash Buckets": 32768, "Min Hash Buckets": 32768, "Max Hash Batches": 1, "Min Hash Batches": 1, "Max Original Hash Batches": 1, "Min Original Hash Batches": 1, "Max Peak Memory Usage": 1, "min Peak Memory Usage": 1, "Plans": [{"Node Type": "Streaming(type: BROADCAST dop: 16/1)", "Parent Relationship": "Outer", "Startup Cost": 0.0, "Total Cost": 15001.5, "Plan Rows": 16, "Plan Width": 4, "Actual Min Startup Time": 0.003, "Actual Max Startup Time": 23.79, "Actual Min Total Time": 0.004, "Actual Max Total Time": 23.792, "Plans": [{"Node Type": "Seq Scan", "Parent Relationship": "Outer", "Relation Name": "role_type", "Alias": "rt", "Startup Cost": 0.0, "Total Cost": 1.15, "Plan Rows": 1, "Plan Width": 4, "Actual Min Startup Time": 0.032, "Actual Max Startup Time": 0.032, "Actual Min Total Time": 0.036, "Actual Max Total Time": 0.036, "Filter": "((role)::text = 'writer'::text)", "Rows Removed by Filter": 11, "Actual Rows": 1}], "Actual Rows": 16}], "Actual Rows": 16}], "Actual Rows": 2728943}], "Actual Rows": 2728943}, {"Node Type": "Hash", "Parent Relationship": "Inner", "Startup Cost": 88282.97, "Total Cost": 88282.97, "Plan Rows": 1282311, "Plan Width": 4, "Actual Min Startup Time": 676.313, "Actual Max Startup Time": 873.534, "Actual Min Total Time": 676.313, "Actual Max Total Time": 873.534, "Max Hash Buckets": 131072, "Min Hash Buckets": 131072, "Max Hash Batches": 1, "Min Hash Batches": 1, "Max Original Hash Batches": 1, "Min Original Hash Batches": 1, "Max Peak Memory Usage": 2542, "min Peak Memory Usage": 2542, "Plans": [{"Node Type": "Streaming(type: LOCAL REDISTRIBUTE dop: 16/16)", "Parent Relationship": "Outer", "Startup Cost": 24511.53, "Total Cost": 88282.97, "Plan Rows": 1282311, "Plan Width": 4, "Actual Min Startup Time": 194.948, "Actual Max Startup Time": 392.152, "Actual Min Total Time": 652.521, "Actual Max Total Time": 846.259, "Plans": [{"Node Type": "Hash Join", "Parent Relationship": "Outer", "Join Type": "Inner", "Startup Cost": 24511.53, "Total Cost": 68424.21, "Plan Rows": 1282311, "Plan Width": 4, "Actual Min Startup Time": 193.447, "Actual Max Startup Time": 460.105, "Actual Min Total Time": 545.948, "Actual Max Total Time": 855.575, "Inner Unique": true, "Hash Cond": "(mc.company_id = cn.id), (LLVM Optimized, Jit Execute)", "Plans": [{"Node Type": "Streaming(type: LOCAL REDISTRIBUTE dop: 16/16)", "Parent Relationship": "Outer", "Startup Cost": 0.0, "Total Cost": 42499.73, "Plan Rows": 2609128, "Plan Width": 8, "Actual Min Startup Time": 0.064, "Actual Max Startup Time": 1.902, "Actual Min Total Time": 262.091, "Actual Max Total Time": 376.152, "Plans": [{"Node Type": "Seq Scan", "Parent Relationship": "Outer", "Relation Name": "movie_companies", "Alias": "mc", "Startup Cost": 0.0, "Total Cost": 17613.58, "Plan Rows": 2609128, "Plan Width": 8, "Actual Min Startup Time": 0.027, "Actual Max Startup Time": 0.063, "Actual Min Total Time": 42.353, "Actual Max Total Time": 50.636, "Actual Rows": 2609128}], "Actual Rows": 2609128}, {"Node Type": "Hash", "Parent Relationship": "Inner", "Startup Cost": 24444.99, "Total Cost": 24444.99, "Plan Rows": 85170, "Plan Width": 4, "Actual Min Startup Time": 193.304, "Actual Max Startup Time": 459.356, "Actual Min Total Time": 193.304, "Actual Max Total Time": 459.356, "Max Hash Buckets": 32768, "Min Hash Buckets": 32768, "Max Hash Batches": 1, "Min Hash Batches": 1, "Max Original Hash Batches": 1, "Min Original Hash Batches": 1, "Max Peak Memory Usage": 182, "min Peak Memory Usage": 182, "Plans": [{"Node Type": "Streaming(type: LOCAL REDISTRIBUTE dop: 16/1)", "Parent Relationship": "Outer", "Startup Cost": 0.0, "Total Cost": 24444.99, "Plan Rows": 85170, "Plan Width": 4, "Actual Min Startup Time": 0.041, "Actual Max Startup Time": 266.767, "Actual Min Total Time": 191.764, "Actual Max Total Time": 457.92, "Plans": [{"Node Type": "Seq Scan", "Parent Relationship": "Outer", "Relation Name": "company_name", "Alias": "cn", "Startup Cost": 0.0, "Total Cost": 5903.45, "Plan Rows": 85170, "Plan Width": 4, "Actual Min Startup Time": 0.053, "Actual Max Startup Time": 0.053, "Actual Min Total Time": 97.001, "Actual Max Total Time": 97.001, "Filter": "((country_code)::text = '[us]'::text)", "Rows Removed by Filter": 150153, "Actual Rows": 84843}], "Actual Rows": 84843}], "Actual Rows": 84843}], "Actual Rows": 1153797}], "Actual Rows": 1153797}], "Actual Rows": 1153797}], "Actual Rows": 1970658}], "Actual Rows": 1970658}, {"Node Type": "Hash", "Parent Relationship": "Inner", "Startup Cost": 34659.52, "Total Cost": 34659.52, "Plan Rows": 901342, "Plan Width": 20, "Actual Min Startup Time": 130.612, "Actual Max Startup Time": 381.22, "Actual Min Total Time": 130.612, "Actual Max Total Time": 381.22, "Max Hash Buckets": 65536, "Min Hash Buckets": 65536, "Max Hash Batches": 1, "Min Hash Batches": 1, "Max Original Hash Batches": 1, "Min Original Hash Batches": 1, "Max Peak Memory Usage": 2981, "min Peak Memory Usage": 2981, "Plans": [{"Node Type": "Streaming(type: LOCAL REDISTRIBUTE dop: 16/16)", "Parent Relationship": "Outer", "Startup Cost": 0.0, "Total Cost": 34659.52, "Plan Rows": 901342, "Plan Width": 20, "Actual Min Startup Time": 0.052, "Actual Max Startup Time": 67.059, "Actual Min Total Time": 109.562, "Actual Max Total Time": 360.696, "Plans": [{"Node Type": "Seq Scan", "Parent Relationship": "Outer", "Relation Name": "aka_name", "Alias": "a1", "Startup Cost": 0.0, "Total Cost": 16244.28, "Plan Rows": 901342, "Plan Width": 20, "Actual Min Startup Time": 0.019, "Actual Max Startup Time": 0.042, "Actual Min Total Time": 15.933, "Actual Max Total Time": 20.502, "Actual Rows": 901342}], "Actual Rows": 901342}], "Actual Rows": 901342}], "Actual Rows": 2487611}], "Actual Rows": 2487611}, {"Node Type": "Hash", "Parent Relationship": "Inner", "Startup Cost": 43334.25, "Total Cost": 43334.25, "Plan Rows": 2528311, "Plan Width": 21, "Actual Min Startup Time": 365.618, "Actual Max Startup Time": 543.574, "Actual Min Total Time": 365.618, "Actual Max Total Time": 543.574, "Max Hash Buckets": 262144, "Min Hash Buckets": 262144, "Max Hash Batches": 1, "Min Hash Batches": 1, "Max Original Hash Batches": 1, "Min Original Hash Batches": 1, "Max Peak Memory Usage": 8518, "min Peak Memory Usage": 8518, "Plans": [{"Node Type": "Streaming(type: LOCAL REDISTRIBUTE dop: 16/16)", "Parent Relationship": "Outer", "Startup Cost": 0.0, "Total Cost": 43334.25, "Plan Rows": 2528311, "Plan Width": 21, "Actual Min Startup Time": 0.063, "Actual Max Startup Time": 18.287, "Actual Min Total Time": 289.389, "Actual Max Total Time": 470.899, "Plans": [{"Node Type": "Seq Scan", "Parent Relationship": "Outer", "Relation Name": "title", "Alias": "t", "Startup Cost": 0.0, "Total Cost": 18754.32, "Plan Rows": 2528311, "Plan Width": 21, "Actual Min Startup Time": 0.017, "Actual Max Startup Time": 0.037, "Actual Min Total Time": 47.834, "Actual Max Total Time": 58.11, "Actual Rows": 2528311}], "Actual Rows": 2528311}], "Actual Rows": 2528311}], "Actual Rows": 2487611}], "Actual Rows": 2487611}, {"Node Type": "Hash", "Parent Relationship": "Inner", "Startup Cost": 51607.87, "Total Cost": 51607.87, "Plan Rows": 4167490, "Plan Width": 4, "Actual Min Startup Time": 573.363, "Actual Max Startup Time": 700.351, "Actual Min Total Time": 573.363, "Actual Max Total Time": 700.351, "Max Hash Buckets": 262144, "Min Hash Buckets": 262144, "Max Hash Batches": 1, "Min Hash Batches": 1, "Max Original Hash Batches": 1, "Min Original Hash Batches": 1, "Max Peak Memory Usage": 9174, "min Peak Memory Usage": 9174, "Plans": [{"Node Type": "Streaming(type: LOCAL REDISTRIBUTE dop: 16/16)", "Parent Relationship": "Outer", "Startup Cost": 0.0, "Total Cost": 51607.87, "Plan Rows": 4167490, "Plan Width": 4, "Actual Min Startup Time": 0.053, "Actual Max Startup Time": 0.099, "Actual Min Total Time": 470.118, "Actual Max Total Time": 593.068, "Plans": [{"Node Type": "Seq Scan", "Parent Relationship": "Outer", "Relation Name": "name", "Alias": "n1", "Startup Cost": 0.0, "Total Cost": 20816.99, "Plan Rows": 4167490, "Plan Width": 4, "Actual Min Startup Time": 0.017, "Actual Max Startup Time": 0.04, "Actual Min Total Time": 75.276, "Actual Max Total Time": 87.952, "Actual Rows": 4167490}], "Actual Rows": 4167490}], "Actual Rows": 4167490}], "Actual Rows": 2487611}], "Actual Rows": 16}], "Actual Rows": 16}], "Actual Rows": 1}, "Triggers": [], "Planner Runtime": 253, "Total Runtime": 2852.697, "Unique SQL Id": 2457761703}}, "(16, 43)": {"explain_plan": {"Plan": {"Node Type": "Aggregate", "Strategy": "Plain", "Startup Cost": 7003513384784.16, "Total Cost": 7003513384784.17, "Plan Rows": 1, "Plan Width": 97, "Plans": [{"Node Type": "Hash Join", "Parent Relationship": "Outer", "Join Type": "Inner", "Startup Cost": 5023377247859.3, "Total Cost": 7003513382998.67, "Plan Rows": 357098, "Plan Width": 33, "Inner Unique": false, "Hash Cond": "(ci.movie_id = t.id), (LLVM Optimized)", "Plans": [{"Node Type": "Hash Join", "Parent Relationship": "Outer", "Join Type": "Inner", "Startup Cost": 2020019443123.83, "Total Cost": 4000155565172.37, "Plan Rows": 1484588, "Plan Width": 20, "Inner Unique": false, "Hash Cond": "(n1.id = a1.person_id), (LLVM Optimized)", "Plans": [{"Node Type": "Nested Loop", "Parent Relationship": "Outer", "Join Type": "Inner", "Startup Cost": 1020012535353.62, "Total Cost": 3000147641877.34, "Plan Rows": 3296318, "Plan Width": 12, "Inner Unique": false, "Join Filter": "(ci.role_id = rt.id), (LLVM Optimized)", "Plans": [{"Node Type": "Index Scan", "Parent Relationship": "Outer", "Scan Direction": "Forward", "Index Name": "role_type_pkey", "Relation Name": "role_type", "Alias": "rt", "Startup Cost": 10000000000.0, "Total Cost": 1000000001246.0, "Plan Rows": 1, "Plan Width": 4, "Filter": "((role)::text = 'writer'::text)"}, {"Node Type": "Hash Join", "Parent Relationship": "Inner", "Join Type": "Inner", "Startup Cost": 1010012535353.62, "Total Cost": 2000147187387.67, "Plan Rows": 36259494, "Plan Width": 16, "Inner Unique": true, "Hash Cond": "(ci.person_id = n1.id), (LLVM Optimized)", "Plans": [{"Node Type": "Index Scan", "Parent Relationship": "Outer", "Scan Direction": "Forward", "Index Name": "role_id_cast_info", "Relation Name": "cast_info", "Alias": "ci", "Startup Cost": 10000000000.0, "Total Cost": 1000134153466.0, "Plan Rows": 36259494, "Plan Width": 12}, {"Node Type": "Hash", "Parent Relationship": "Inner", "Startup Cost": 1000012483260.0, "Total Cost": 1000012483260.0, "Plan Rows": 4167490, "Plan Width": 4, "Plans": [{"Node Type": "Index Only Scan", "Parent Relationship": "Outer", "Scan Direction": "Forward", "Index Name": "name_pkey", "Relation Name": "name", "Alias": "n1", "Startup Cost": 10000000000.0, "Total Cost": 1000012483260.0, "Plan Rows": 4167490, "Plan Width": 4}]}]}]}, {"Node Type": "Hash", "Parent Relationship": "Inner", "Startup Cost": 1000006896503.43, "Total Cost": 1000006896503.43, "Plan Rows": 901342, "Plan Width": 20, "Plans": [{"Node Type": "Index Scan", "Parent Relationship": "Outer", "Scan Direction": "Forward", "Index Name": "person_id_aka_name", "Relation Name": "aka_name", "Alias": "a1", "Startup Cost": 10000000000.0, "Total Cost": 1000006896503.43, "Plan Rows": 901342, "Plan Width": 20}]}]}, {"Node Type": "Hash", "Parent Relationship": "Inner", "Startup Cost": 3003357788706.59, "Total Cost": 3003357788706.59, "Plan Rows": 1282311, "Plan Width": 25, "Plans": [{"Node Type": "Nested Loop", "Parent Relationship": "Outer", "Join Type": "Inner", "Startup Cost": 1020011043652.8, "Total Cost": 3003357788706.59, "Plan Rows": 1282311, "Plan Width": 25, "Inner Unique": true, "Join Filter": "(mc.company_id = cn.id), (LLVM Optimized)", "Plans": [{"Node Type": "Hash Join", "Parent Relationship": "Outer", "Join Type": "Inner", "Startup Cost": 1010011043652.8, "Total Cost": 2000023446878.29, "Plan Rows": 2609128, "Plan Width": 29, "Inner Unique": true, "Hash Cond": "(mc.movie_id = t.id), (LLVM Optimized)", "Plans": [{"Node Type": "Index Scan", "Parent Relationship": "Outer", "Scan Direction": "Forward", "Index Name": "company_id_movie_companies", "Relation Name": "movie_companies", "Alias": "mc", "Startup Cost": 10000000000.0, "Total Cost": 1000012367349.98, "Plan Rows": 2609128, "Plan Width": 8}, {"Node Type": "Hash", "Parent Relationship": "Inner", "Startup Cost": 1000011012048.91, "Total Cost": 1000011012048.91, "Plan Rows": 2528311, "Plan Width": 21, "Plans": [{"Node Type": "Index Scan", "Parent Relationship": "Outer", "Scan Direction": "Forward", "Index Name": "title_pkey", "Relation Name": "title", "Alias": "t", "Startup Cost": 10000000000.0, "Total Cost": 1000011012048.91, "Plan Rows": 2528311, "Plan Width": 21}]}]}, {"Node Type": "Materialize", "Parent Relationship": "Inner", "Startup Cost": 10000000000.0, "Total Cost": 1000001050564.82, "Plan Rows": 85170, "Plan Width": 4, "Plans": [{"Node Type": "Index Scan", "Parent Relationship": "Outer", "Scan Direction": "Forward", "Index Name": "company_name_pkey", "Relation Name": "company_name", "Alias": "cn", "Startup Cost": 10000000000.0, "Total Cost": 1000001050138.97, "Plan Rows": 85170, "Plan Width": 4, "Filter": "((country_code)::text = '[us]'::text)"}]}]}]}]}]}, "Unique SQL Id": 2457761703, "Planner Runtime": 53}, "explain_analyze_plan": null}, "(16, 44)": {"explain_plan": {"Plan": {"Node Type": "Aggregate", "Strategy": "Plain", "Startup Cost": 287566.27, "Total Cost": 287566.3, "Plan Rows": 1, "Plan Width": 97, "Plans": [{"Node Type": "Streaming(type: LOCAL GATHER dop: 1/16)", "Parent Relationship": "Outer", "Startup Cost": 287566.27, "Total Cost": 287566.3, "Plan Rows": 1, "Plan Width": 97, "Plans": [{"Node Type": "Aggregate", "Strategy": "Plain", "Parent Relationship": "Outer", "Startup Cost": 287566.27, "Total Cost": 287566.28, "Plan Rows": 1, "Plan Width": 97, "Plans": [{"Node Type": "Hash Join", "Parent Relationship": "Outer", "Join Type": "Inner", "Startup Cost": 142621.96, "Total Cost": 285780.78, "Plan Rows": 357098, "Plan Width": 33, "Inner Unique": true, "Hash Cond": "(a1.person_id = n1.id), (LLVM Optimized)", "Plans": [{"Node Type": "Streaming(type: LOCAL REDISTRIBUTE dop: 16/16)", "Parent Relationship": "Outer", "Startup Cost": 126464.14, "Total Cost": 269316.07, "Plan Rows": 357098, "Plan Width": 41, "Plans": [{"Node Type": "Hash Join", "Parent Relationship": "Outer", "Join Type": "Inner", "Startup Cost": 126464.14, "Total Cost": 252963.01, "Plan Rows": 357098, "Plan Width": 41, "Inner Unique": true, "Hash Cond": "(ci.movie_id = t.id), (LLVM Optimized)", "Plans": [{"Node Type": "Streaming(type: LOCAL REDISTRIBUTE dop: 16/16)", "Parent Relationship": "Outer", "Startup Cost": 113655.34, "Total Cost": 239847.25, "Plan Rows": 357379, "Plan Width": 32, "Plans": [{"Node Type": "Hash Join", "Parent Relationship": "Outer", "Join Type": "Inner", "Startup Cost": 113655.34, "Total Cost": 223493.12, "Plan Rows": 357379, "Plan Width": 32, "Inner Unique": false, "Hash Cond": "(ci.person_id = a1.person_id), (LLVM Optimized)", "Plans": [{"Node Type": "Streaming(type: LOCAL REDISTRIBUTE dop: 16/16)", "Parent Relationship": "Outer", "Startup Cost": 104286.28, "Total Cost": 212931.86, "Plan Rows": 711018, "Plan Width": 12, "Plans": [{"Node Type": "Hash Join", "Parent Relationship": "Outer", "Join Type": "Inner", "Startup Cost": 104286.28, "Total Cost": 195237.77, "Plan Rows": 711018, "Plan Width": 12, "Inner Unique": false, "Hash Cond": "(ci.movie_id = mc.movie_id), (LLVM Optimized)", "Plans": [{"Node Type": "Streaming(type: LOCAL REDISTRIBUTE dop: 16/16)", "Parent Relationship": "Outer", "Startup Cost": 15001.51, "Total Cost": 102848.74, "Plan Rows": 3296318, "Plan Width": 8, "Plans": [{"Node Type": "Hash Join", "Parent Relationship": "Outer", "Join Type": "Inner", "Startup Cost": 15001.51, "Total Cost": 75358.79, "Plan Rows": 3296318, "Plan Width": 8, "Inner Unique": true, "Hash Cond": "(ci.role_id = rt.id), (LLVM Optimized)", "Plans": [{"Node Type": "Seq Scan", "Parent Relationship": "Outer", "Relation Name": "cast_info", "Alias": "ci", "Startup Cost": 0.0, "Total Cost": 52617.37, "Plan Rows": 36259494, "Plan Width": 12}, {"Node Type": "Hash", "Parent Relationship": "Inner", "Startup Cost": 15001.5, "Total Cost": 15001.5, "Plan Rows": 16, "Plan Width": 4, "Plans": [{"Node Type": "Streaming(type: BROADCAST dop: 16/1)", "Parent Relationship": "Outer", "Startup Cost": 0.0, "Total Cost": 15001.5, "Plan Rows": 16, "Plan Width": 4, "Plans": [{"Node Type": "Seq Scan", "Parent Relationship": "Outer", "Relation Name": "role_type", "Alias": "rt", "Startup Cost": 0.0, "Total Cost": 1.15, "Plan Rows": 1, "Plan Width": 4, "Filter": "((role)::text = 'writer'::text)"}]}]}]}]}, {"Node Type": "Hash", "Parent Relationship": "Inner", "Startup Cost": 88282.97, "Total Cost": 88282.97, "Plan Rows": 1282311, "Plan Width": 4, "Plans": [{"Node Type": "Streaming(type: LOCAL REDISTRIBUTE dop: 16/16)", "Parent Relationship": "Outer", "Startup Cost": 24511.53, "Total Cost": 88282.97, "Plan Rows": 1282311, "Plan Width": 4, "Plans": [{"Node Type": "Hash Join", "Parent Relationship": "Outer", "Join Type": "Inner", "Startup Cost": 24511.53, "Total Cost": 68424.21, "Plan Rows": 1282311, "Plan Width": 4, "Inner Unique": true, "Hash Cond": "(mc.company_id = cn.id), (LLVM Optimized)", "Plans": [{"Node Type": "Streaming(type: LOCAL REDISTRIBUTE dop: 16/16)", "Parent Relationship": "Outer", "Startup Cost": 0.0, "Total Cost": 42499.73, "Plan Rows": 2609128, "Plan Width": 8, "Plans": [{"Node Type": "Seq Scan", "Parent Relationship": "Outer", "Relation Name": "movie_companies", "Alias": "mc", "Startup Cost": 0.0, "Total Cost": 17613.58, "Plan Rows": 2609128, "Plan Width": 8}]}, {"Node Type": "Hash", "Parent Relationship": "Inner", "Startup Cost": 24444.99, "Total Cost": 24444.99, "Plan Rows": 85170, "Plan Width": 4, "Plans": [{"Node Type": "Streaming(type: LOCAL REDISTRIBUTE dop: 16/1)", "Parent Relationship": "Outer", "Startup Cost": 0.0, "Total Cost": 24444.99, "Plan Rows": 85170, "Plan Width": 4, "Plans": [{"Node Type": "Seq Scan", "Parent Relationship": "Outer", "Relation Name": "company_name", "Alias": "cn", "Startup Cost": 0.0, "Total Cost": 5903.45, "Plan Rows": 85170, "Plan Width": 4, "Filter": "((country_code)::text = '[us]'::text)"}]}]}]}]}]}]}]}, {"Node Type": "Hash", "Parent Relationship": "Inner", "Startup Cost": 34659.52, "Total Cost": 34659.52, "Plan Rows": 901342, "Plan Width": 20, "Plans": [{"Node Type": "Streaming(type: LOCAL REDISTRIBUTE dop: 16/16)", "Parent Relationship": "Outer", "Startup Cost": 0.0, "Total Cost": 34659.52, "Plan Rows": 901342, "Plan Width": 20, "Plans": [{"Node Type": "Seq Scan", "Parent Relationship": "Outer", "Relation Name": "aka_name", "Alias": "a1", "Startup Cost": 0.0, "Total Cost": 16244.28, "Plan Rows": 901342, "Plan Width": 20}]}]}]}]}, {"Node Type": "Hash", "Parent Relationship": "Inner", "Startup Cost": 43334.25, "Total Cost": 43334.25, "Plan Rows": 2528311, "Plan Width": 21, "Plans": [{"Node Type": "Streaming(type: LOCAL REDISTRIBUTE dop: 16/16)", "Parent Relationship": "Outer", "Startup Cost": 0.0, "Total Cost": 43334.25, "Plan Rows": 2528311, "Plan Width": 21, "Plans": [{"Node Type": "Seq Scan", "Parent Relationship": "Outer", "Relation Name": "title", "Alias": "t", "Startup Cost": 0.0, "Total Cost": 18754.32, "Plan Rows": 2528311, "Plan Width": 21}]}]}]}]}, {"Node Type": "Hash", "Parent Relationship": "Inner", "Startup Cost": 51607.87, "Total Cost": 51607.87, "Plan Rows": 4167490, "Plan Width": 4, "Plans": [{"Node Type": "Streaming(type: LOCAL REDISTRIBUTE dop: 16/16)", "Parent Relationship": "Outer", "Startup Cost": 0.0, "Total Cost": 51607.87, "Plan Rows": 4167490, "Plan Width": 4, "Plans": [{"Node Type": "Seq Scan", "Parent Relationship": "Outer", "Relation Name": "name", "Alias": "n1", "Startup Cost": 0.0, "Total Cost": 20816.99, "Plan Rows": 4167490, "Plan Width": 4}]}]}]}]}]}]}, "Unique SQL Id": 2457761703, "Planner Runtime": 196}, "explain_analyze_plan": {"Plan": {"Node Type": "Aggregate", "Strategy": "Plain", "Startup Cost": 287566.27, "Total Cost": 287566.3, "Plan Rows": 1, "Plan Width": 97, "Actual Min Startup Time": 2807.394, "Actual Max Startup Time": 2807.394, "Actual Min Total Time": 2807.394, "Actual Max Total Time": 2807.394, "Plans": [{"Node Type": "Streaming(type: LOCAL GATHER dop: 1/16)", "Parent Relationship": "Outer", "Startup Cost": 287566.27, "Total Cost": 287566.3, "Plan Rows": 1, "Plan Width": 97, "Actual Min Startup Time": 2805.812, "Actual Max Startup Time": 2805.812, "Actual Min Total Time": 2807.366, "Actual Max Total Time": 2807.366, "Plans": [{"Node Type": "Aggregate", "Strategy": "Plain", "Parent Relationship": "Outer", "Startup Cost": 287566.27, "Total Cost": 287566.28, "Plan Rows": 1, "Plan Width": 97, "Actual Min Startup Time": 2410.309, "Actual Max Startup Time": 2537.515, "Actual Min Total Time": 2410.309, "Actual Max Total Time": 2537.515, "Plans": [{"Node Type": "Hash Join", "Parent Relationship": "Outer", "Join Type": "Inner", "Startup Cost": 142621.96, "Total Cost": 285780.78, "Plan Rows": 357098, "Plan Width": 33, "Actual Min Startup Time": 682.796, "Actual Max Startup Time": 809.411, "Actual Min Total Time": 2287.798, "Actual Max Total Time": 2474.84, "Inner Unique": true, "Hash Cond": "(a1.person_id = n1.id), (LLVM Optimized, Jit Execute)", "Plans": [{"Node Type": "Streaming(type: LOCAL REDISTRIBUTE dop: 16/16)", "Parent Relationship": "Outer", "Startup Cost": 126464.14, "Total Cost": 269316.07, "Plan Rows": 357098, "Plan Width": 41, "Actual Min Startup Time": 104.514, "Actual Max Startup Time": 134.767, "Actual Min Total Time": 1604.955, "Actual Max Total Time": 1724.615, "Plans": [{"Node Type": "Hash Join", "Parent Relationship": "Outer", "Join Type": "Inner", "Startup Cost": 126464.14, "Total Cost": 252963.01, "Plan Rows": 357098, "Plan Width": 41, "Actual Min Startup Time": 684.369, "Actual Max Startup Time": 863.954, "Actual Min Total Time": 2250.417, "Actual Max Total Time": 2462.715, "Inner Unique": true, "Hash Cond": "(ci.movie_id = t.id), (LLVM Optimized, Jit Execute)", "Plans": [{"Node Type": "Streaming(type: LOCAL REDISTRIBUTE dop: 16/16)", "Parent Relationship": "Outer", "Startup Cost": 113655.34, "Total Cost": 239847.25, "Plan Rows": 357379, "Plan Width": 32, "Actual Min Startup Time": 317.069, "Actual Max Startup Time": 322.995, "Actual Min Total Time": 1801.077, "Actual Max Total Time": 1863.509, "Plans": [{"Node Type": "Hash Join", "Parent Relationship": "Outer", "Join Type": "Inner", "Startup Cost": 113655.34, "Total Cost": 223493.12, "Plan Rows": 357379, "Plan Width": 32, "Actual Min Startup Time": 676.499, "Actual Max Startup Time": 926.544, "Actual Min Total Time": 1889.984, "Actual Max Total Time": 2339.531, "Inner Unique": false, "Hash Cond": "(ci.person_id = a1.person_id), (LLVM Optimized, Jit Execute)", "Plans": [{"Node Type": "Streaming(type: LOCAL REDISTRIBUTE dop: 16/16)", "Parent Relationship": "Outer", "Startup Cost": 104286.28, "Total Cost": 212931.86, "Plan Rows": 711018, "Plan Width": 12, "Actual Min Startup Time": 544.363, "Actual Max Startup Time": 557.858, "Actual Min Total Time": 1635.928, "Actual Max Total Time": 1965.859, "Plans": [{"Node Type": "Hash Join", "Parent Relationship": "Outer", "Join Type": "Inner", "Startup Cost": 104286.28, "Total Cost": 195237.77, "Plan Rows": 711018, "Plan Width": 12, "Actual Min Startup Time": 676.505, "Actual Max Startup Time": 873.864, "Actual Min Total Time": 1726.934, "Actual Max Total Time": 1983.436, "Inner Unique": false, "Hash Cond": "(ci.movie_id = mc.movie_id), (LLVM Optimized, Jit Execute)", "Plans": [{"Node Type": "Streaming(type: LOCAL REDISTRIBUTE dop: 16/16)", "Parent Relationship": "Outer", "Startup Cost": 15001.51, "Total Cost": 102848.74, "Plan Rows": 3296318, "Plan Width": 8, "Actual Min Startup Time": 0.059, "Actual Max Startup Time": 0.35, "Actual Min Total Time": 960.325, "Actual Max Total Time": 1125.807, "Plans": [{"Node Type": "Hash Join", "Parent Relationship": "Outer", "Join Type": "Inner", "Startup Cost": 15001.51, "Total Cost": 75358.79, "Plan Rows": 3296318, "Plan Width": 8, "Actual Min Startup Time": 618.945, "Actual Max Startup Time": 658.044, "Actual Min Total Time": 973.958, "Actual Max Total Time": 1016.065, "Inner Unique": true, "Hash Cond": "(ci.role_id = rt.id), (LLVM Optimized, Jit Execute)", "Plans": [{"Node Type": "Seq Scan", "Parent Relationship": "Outer", "Relation Name": "cast_info", "Alias": "ci", "Startup Cost": 0.0, "Total Cost": 52617.37, "Plan Rows": 36259494, "Plan Width": 12, "Actual Min Startup Time": 0.027, "Actual Max Startup Time": 0.044, "Actual Min Total Time": 516.927, "Actual Max Total Time": 557.048, "Actual Rows": 36244343}, {"Node Type": "Hash", "Parent Relationship": "Inner", "Startup Cost": 15001.5, "Total Cost": 15001.5, "Plan Rows": 16, "Plan Width": 4, "Actual Min Startup Time": 0.012, "Actual Max Startup Time": 23.82, "Actual Min Total Time": 0.012, "Actual Max Total Time": 23.82, "Max Hash Buckets": 32768, "Min Hash Buckets": 32768, "Max Hash Batches": 1, "Min Hash Batches": 1, "Max Original Hash Batches": 1, "Min Original Hash Batches": 1, "Max Peak Memory Usage": 1, "min Peak Memory Usage": 1, "Plans": [{"Node Type": "Streaming(type: BROADCAST dop: 16/1)", "Parent Relationship": "Outer", "Startup Cost": 0.0, "Total Cost": 15001.5, "Plan Rows": 16, "Plan Width": 4, "Actual Min Startup Time": 0.003, "Actual Max Startup Time": 23.79, "Actual Min Total Time": 0.004, "Actual Max Total Time": 23.792, "Plans": [{"Node Type": "Seq Scan", "Parent Relationship": "Outer", "Relation Name": "role_type", "Alias": "rt", "Startup Cost": 0.0, "Total Cost": 1.15, "Plan Rows": 1, "Plan Width": 4, "Actual Min Startup Time": 0.032, "Actual Max Startup Time": 0.032, "Actual Min Total Time": 0.036, "Actual Max Total Time": 0.036, "Filter": "((role)::text = 'writer'::text)", "Rows Removed by Filter": 11, "Actual Rows": 1}], "Actual Rows": 16}], "Actual Rows": 16}], "Actual Rows": 2728943}], "Actual Rows": 2728943}, {"Node Type": "Hash", "Parent Relationship": "Inner", "Startup Cost": 88282.97, "Total Cost": 88282.97, "Plan Rows": 1282311, "Plan Width": 4, "Actual Min Startup Time": 676.313, "Actual Max Startup Time": 873.534, "Actual Min Total Time": 676.313, "Actual Max Total Time": 873.534, "Max Hash Buckets": 131072, "Min Hash Buckets": 131072, "Max Hash Batches": 1, "Min Hash Batches": 1, "Max Original Hash Batches": 1, "Min Original Hash Batches": 1, "Max Peak Memory Usage": 2542, "min Peak Memory Usage": 2542, "Plans": [{"Node Type": "Streaming(type: LOCAL REDISTRIBUTE dop: 16/16)", "Parent Relationship": "Outer", "Startup Cost": 24511.53, "Total Cost": 88282.97, "Plan Rows": 1282311, "Plan Width": 4, "Actual Min Startup Time": 194.948, "Actual Max Startup Time": 392.152, "Actual Min Total Time": 652.521, "Actual Max Total Time": 846.259, "Plans": [{"Node Type": "Hash Join", "Parent Relationship": "Outer", "Join Type": "Inner", "Startup Cost": 24511.53, "Total Cost": 68424.21, "Plan Rows": 1282311, "Plan Width": 4, "Actual Min Startup Time": 193.447, "Actual Max Startup Time": 460.105, "Actual Min Total Time": 545.948, "Actual Max Total Time": 855.575, "Inner Unique": true, "Hash Cond": "(mc.company_id = cn.id), (LLVM Optimized, Jit Execute)", "Plans": [{"Node Type": "Streaming(type: LOCAL REDISTRIBUTE dop: 16/16)", "Parent Relationship": "Outer", "Startup Cost": 0.0, "Total Cost": 42499.73, "Plan Rows": 2609128, "Plan Width": 8, "Actual Min Startup Time": 0.064, "Actual Max Startup Time": 1.902, "Actual Min Total Time": 262.091, "Actual Max Total Time": 376.152, "Plans": [{"Node Type": "Seq Scan", "Parent Relationship": "Outer", "Relation Name": "movie_companies", "Alias": "mc", "Startup Cost": 0.0, "Total Cost": 17613.58, "Plan Rows": 2609128, "Plan Width": 8, "Actual Min Startup Time": 0.027, "Actual Max Startup Time": 0.063, "Actual Min Total Time": 42.353, "Actual Max Total Time": 50.636, "Actual Rows": 2609128}], "Actual Rows": 2609128}, {"Node Type": "Hash", "Parent Relationship": "Inner", "Startup Cost": 24444.99, "Total Cost": 24444.99, "Plan Rows": 85170, "Plan Width": 4, "Actual Min Startup Time": 193.304, "Actual Max Startup Time": 459.356, "Actual Min Total Time": 193.304, "Actual Max Total Time": 459.356, "Max Hash Buckets": 32768, "Min Hash Buckets": 32768, "Max Hash Batches": 1, "Min Hash Batches": 1, "Max Original Hash Batches": 1, "Min Original Hash Batches": 1, "Max Peak Memory Usage": 182, "min Peak Memory Usage": 182, "Plans": [{"Node Type": "Streaming(type: LOCAL REDISTRIBUTE dop: 16/1)", "Parent Relationship": "Outer", "Startup Cost": 0.0, "Total Cost": 24444.99, "Plan Rows": 85170, "Plan Width": 4, "Actual Min Startup Time": 0.041, "Actual Max Startup Time": 266.767, "Actual Min Total Time": 191.764, "Actual Max Total Time": 457.92, "Plans": [{"Node Type": "Seq Scan", "Parent Relationship": "Outer", "Relation Name": "company_name", "Alias": "cn", "Startup Cost": 0.0, "Total Cost": 5903.45, "Plan Rows": 85170, "Plan Width": 4, "Actual Min Startup Time": 0.053, "Actual Max Startup Time": 0.053, "Actual Min Total Time": 97.001, "Actual Max Total Time": 97.001, "Filter": "((country_code)::text = '[us]'::text)", "Rows Removed by Filter": 150153, "Actual Rows": 84843}], "Actual Rows": 84843}], "Actual Rows": 84843}], "Actual Rows": 1153797}], "Actual Rows": 1153797}], "Actual Rows": 1153797}], "Actual Rows": 1970658}], "Actual Rows": 1970658}, {"Node Type": "Hash", "Parent Relationship": "Inner", "Startup Cost": 34659.52, "Total Cost": 34659.52, "Plan Rows": 901342, "Plan Width": 20, "Actual Min Startup Time": 130.612, "Actual Max Startup Time": 381.22, "Actual Min Total Time": 130.612, "Actual Max Total Time": 381.22, "Max Hash Buckets": 65536, "Min Hash Buckets": 65536, "Max Hash Batches": 1, "Min Hash Batches": 1, "Max Original Hash Batches": 1, "Min Original Hash Batches": 1, "Max Peak Memory Usage": 2981, "min Peak Memory Usage": 2981, "Plans": [{"Node Type": "Streaming(type: LOCAL REDISTRIBUTE dop: 16/16)", "Parent Relationship": "Outer", "Startup Cost": 0.0, "Total Cost": 34659.52, "Plan Rows": 901342, "Plan Width": 20, "Actual Min Startup Time": 0.052, "Actual Max Startup Time": 67.059, "Actual Min Total Time": 109.562, "Actual Max Total Time": 360.696, "Plans": [{"Node Type": "Seq Scan", "Parent Relationship": "Outer", "Relation Name": "aka_name", "Alias": "a1", "Startup Cost": 0.0, "Total Cost": 16244.28, "Plan Rows": 901342, "Plan Width": 20, "Actual Min Startup Time": 0.019, "Actual Max Startup Time": 0.042, "Actual Min Total Time": 15.933, "Actual Max Total Time": 20.502, "Actual Rows": 901342}], "Actual Rows": 901342}], "Actual Rows": 901342}], "Actual Rows": 2487611}], "Actual Rows": 2487611}, {"Node Type": "Hash", "Parent Relationship": "Inner", "Startup Cost": 43334.25, "Total Cost": 43334.25, "Plan Rows": 2528311, "Plan Width": 21, "Actual Min Startup Time": 365.618, "Actual Max Startup Time": 543.574, "Actual Min Total Time": 365.618, "Actual Max Total Time": 543.574, "Max Hash Buckets": 262144, "Min Hash Buckets": 262144, "Max Hash Batches": 1, "Min Hash Batches": 1, "Max Original Hash Batches": 1, "Min Original Hash Batches": 1, "Max Peak Memory Usage": 8518, "min Peak Memory Usage": 8518, "Plans": [{"Node Type": "Streaming(type: LOCAL REDISTRIBUTE dop: 16/16)", "Parent Relationship": "Outer", "Startup Cost": 0.0, "Total Cost": 43334.25, "Plan Rows": 2528311, "Plan Width": 21, "Actual Min Startup Time": 0.063, "Actual Max Startup Time": 18.287, "Actual Min Total Time": 289.389, "Actual Max Total Time": 470.899, "Plans": [{"Node Type": "Seq Scan", "Parent Relationship": "Outer", "Relation Name": "title", "Alias": "t", "Startup Cost": 0.0, "Total Cost": 18754.32, "Plan Rows": 2528311, "Plan Width": 21, "Actual Min Startup Time": 0.017, "Actual Max Startup Time": 0.037, "Actual Min Total Time": 47.834, "Actual Max Total Time": 58.11, "Actual Rows": 2528311}], "Actual Rows": 2528311}], "Actual Rows": 2528311}], "Actual Rows": 2487611}], "Actual Rows": 2487611}, {"Node Type": "Hash", "Parent Relationship": "Inner", "Startup Cost": 51607.87, "Total Cost": 51607.87, "Plan Rows": 4167490, "Plan Width": 4, "Actual Min Startup Time": 573.363, "Actual Max Startup Time": 700.351, "Actual Min Total Time": 573.363, "Actual Max Total Time": 700.351, "Max Hash Buckets": 262144, "Min Hash Buckets": 262144, "Max Hash Batches": 1, "Min Hash Batches": 1, "Max Original Hash Batches": 1, "Min Original Hash Batches": 1, "Max Peak Memory Usage": 9174, "min Peak Memory Usage": 9174, "Plans": [{"Node Type": "Streaming(type: LOCAL REDISTRIBUTE dop: 16/16)", "Parent Relationship": "Outer", "Startup Cost": 0.0, "Total Cost": 51607.87, "Plan Rows": 4167490, "Plan Width": 4, "Actual Min Startup Time": 0.053, "Actual Max Startup Time": 0.099, "Actual Min Total Time": 470.118, "Actual Max Total Time": 593.068, "Plans": [{"Node Type": "Seq Scan", "Parent Relationship": "Outer", "Relation Name": "name", "Alias": "n1", "Startup Cost": 0.0, "Total Cost": 20816.99, "Plan Rows": 4167490, "Plan Width": 4, "Actual Min Startup Time": 0.017, "Actual Max Startup Time": 0.04, "Actual Min Total Time": 75.276, "Actual Max Total Time": 87.952, "Actual Rows": 4167490}], "Actual Rows": 4167490}], "Actual Rows": 4167490}], "Actual Rows": 2487611}], "Actual Rows": 16}], "Actual Rows": 16}], "Actual Rows": 1}, "Triggers": [], "Planner Runtime": 253, "Total Runtime": 2852.697, "Unique SQL Id": 2457761703}}, "(16, 45)": {"explain_plan": {"Plan": {"Node Type": "Aggregate", "Strategy": "Plain", "Startup Cost": 1406524.48, "Total Cost": 1406524.51, "Plan Rows": 1, "Plan Width": 97, "Plans": [{"Node Type": "Streaming(type: LOCAL GATHER dop: 1/16)", "Parent Relationship": "Outer", "Startup Cost": 1406524.48, "Total Cost": 1406524.51, "Plan Rows": 1, "Plan Width": 97, "Plans": [{"Node Type": "Aggregate", "Strategy": "Plain", "Parent Relationship": "Outer", "Startup Cost": 1406524.48, "Total Cost": 1406524.49, "Plan Rows": 1, "Plan Width": 97, "Plans": [{"Node Type": "Hash Join", "Parent Relationship": "Outer", "Join Type": "Inner", "Startup Cost": 270868.12, "Total Cost": 1404738.99, "Plan Rows": 357098, "Plan Width": 33, "Inner Unique": true, "Hash Cond": "(ci.movie_id = t.id), (LLVM Optimized)", "Plans": [{"Node Type": "Streaming(type: LOCAL REDISTRIBUTE dop: 16/16)", "Parent Relationship": "Outer", "Startup Cost": 237393.5, "Total Cost": 1370957.42, "Plan Rows": 357379, "Plan Width": 24, "Plans": [{"Node Type": "Hash Join", "Parent Relationship": "Outer", "Join Type": "Inner", "Startup Cost": 237393.5, "Total Cost": 1354603.29, "Plan Rows": 357379, "Plan Width": 24, "Inner Unique": true, "Hash Cond": "(mc.company_id = cn.id), (LLVM Optimized)", "Plans": [{"Node Type": "Streaming(type: LOCAL REDISTRIBUTE dop: 16/16)", "Parent Relationship": "Outer", "Startup Cost": 230066.23, "Total Cost": 1346882.23, "Plan Rows": 727161, "Plan Width": 28, "Plans": [{"Node Type": "Hash Join", "Parent Relationship": "Outer", "Join Type": "Inner", "Startup Cost": 230066.23, "Total Cost": 1329126.97, "Plan Rows": 727161, "Plan Width": 28, "Inner Unique": true, "Hash Cond": "(a1.person_id = n1.id), (LLVM Optimized)", "Plans": [{"Node Type": "Streaming(type: LOCAL REDISTRIBUTE dop: 16/16)", "Parent Relationship": "Outer", "Startup Cost": 175427.87, "Total Cost": 1273863.7, "Plan Rows": 727161, "Plan Width": 36, "Plans": [{"Node Type": "Hash Join", "Parent Relationship": "Outer", "Join Type": "Inner", "Startup Cost": 175427.87, "Total Cost": 1256108.44, "Plan Rows": 727161, "Plan Width": 36, "Inner Unique": false, "Hash Cond": "(ci.movie_id = mc.movie_id), (LLVM Optimized)", "Plans": [{"Node Type": "Streaming(type: LOCAL REDISTRIBUTE dop: 16/16)", "Parent Relationship": "Outer", "Startup Cost": 137161.66, "Total Cost": 1215145.72, "Plan Rows": 1484588, "Plan Width": 28, "Plans": [{"Node Type": "Hash Join", "Parent Relationship": "Outer", "Join Type": "Inner", "Startup Cost": 137161.66, "Total Cost": 1194520.52, "Plan Rows": 1484588, "Plan Width": 28, "Inner Unique": false, "Hash Cond": "(ci.person_id = a1.person_id), (LLVM Optimized)", "Plans": [{"Node Type": "Streaming(type: LOCAL REDISTRIBUTE dop: 16/16)", "Parent Relationship": "Outer", "Startup Cost": 15012.82, "Total Cost": 1066844.59, "Plan Rows": 3296318, "Plan Width": 8, "Plans": [{"Node Type": "Hash Join", "Parent Relationship": "Outer", "Join Type": "Inner", "Startup Cost": 15012.82, "Total Cost": 1039354.63, "Plan Rows": 3296318, "Plan Width": 8, "Inner Unique": true, "Hash Cond": "(ci.role_id = rt.id), (LLVM Optimized)", "Plans": [{"Node Type": "Index Scan", "Parent Relationship": "Outer", "Scan Direction": "Forward", "Index Name": "role_id_cast_info", "Relation Name": "cast_info", "Alias": "ci", "Startup Cost": 0.0, "Total Cost": 1016601.9, "Plan Rows": 36259494, "Plan Width": 12}, {"Node Type": "Hash", "Parent Relationship": "Inner", "Startup Cost": 15012.81, "Total Cost": 15012.81, "Plan Rows": 16, "Plan Width": 4, "Plans": [{"Node Type": "Streaming(type: BROADCAST dop: 16/1)", "Parent Relationship": "Outer", "Startup Cost": 0.0, "Total Cost": 15012.81, "Plan Rows": 16, "Plan Width": 4, "Plans": [{"Node Type": "Index Scan", "Parent Relationship": "Outer", "Scan Direction": "Forward", "Index Name": "role_type_pkey", "Relation Name": "role_type", "Alias": "rt", "Startup Cost": 0.0, "Total Cost": 12.46, "Plan Rows": 1, "Plan Width": 4, "Filter": "((role)::text = 'writer'::text)"}]}]}]}]}, {"Node Type": "Hash", "Parent Relationship": "Inner", "Startup Cost": 121444.67, "Total Cost": 121444.67, "Plan Rows": 901342, "Plan Width": 20, "Plans": [{"Node Type": "Streaming(type: LOCAL REDISTRIBUTE dop: 16/1)", "Parent Relationship": "Outer", "Startup Cost": 0.0, "Total Cost": 121444.67, "Plan Rows": 901342, "Plan Width": 20, "Plans": [{"Node Type": "Index Scan", "Parent Relationship": "Outer", "Scan Direction": "Forward", "Index Name": "person_id_aka_name", "Relation Name": "aka_name", "Alias": "a1", "Startup Cost": 0.0, "Total Cost": 68965.03, "Plan Rows": 901342, "Plan Width": 20}]}]}]}]}, {"Node Type": "Hash", "Parent Relationship": "Inner", "Startup Cost": 139099.07, "Total Cost": 139099.07, "Plan Rows": 2609128, "Plan Width": 8, "Plans": [{"Node Type": "Streaming(type: LOCAL REDISTRIBUTE dop: 16/16)", "Parent Relationship": "Outer", "Startup Cost": 0.0, "Total Cost": 139099.07, "Plan Rows": 2609128, "Plan Width": 8, "Plans": [{"Node Type": "Index Scan", "Parent Relationship": "Outer", "Scan Direction": "Forward", "Index Name": "company_id_movie_companies", "Relation Name": "movie_companies", "Alias": "mc", "Startup Cost": 0.0, "Total Cost": 114212.92, "Plan Rows": 2609128, "Plan Width": 8}]}]}]}]}, {"Node Type": "Hash", "Parent Relationship": "Inner", "Startup Cost": 182953.41, "Total Cost": 182953.41, "Plan Rows": 4167490, "Plan Width": 4, "Plans": [{"Node Type": "Streaming(type: LOCAL REDISTRIBUTE dop: 16/16)", "Parent Relationship": "Outer", "Startup Cost": 0.0, "Total Cost": 182953.41, "Plan Rows": 4167490, "Plan Width": 4, "Plans": [{"Node Type": "Index Scan", "Parent Relationship": "Outer", "Scan Direction": "Forward", "Index Name": "name_pkey", "Relation Name": "name", "Alias": "n1", "Startup Cost": 0.0, "Total Cost": 152162.53, "Plan Rows": 4167490, "Plan Width": 4}]}]}]}]}, {"Node Type": "Hash", "Parent Relationship": "Inner", "Startup Cost": 29042.93, "Total Cost": 29042.93, "Plan Rows": 85170, "Plan Width": 4, "Plans": [{"Node Type": "Streaming(type: LOCAL REDISTRIBUTE dop: 16/1)", "Parent Relationship": "Outer", "Startup Cost": 0.0, "Total Cost": 29042.93, "Plan Rows": 85170, "Plan Width": 4, "Plans": [{"Node Type": "Index Scan", "Parent Relationship": "Outer", "Scan Direction": "Forward", "Index Name": "company_name_pkey", "Relation Name": "company_name", "Alias": "cn", "Startup Cost": 0.0, "Total Cost": 10501.39, "Plan Rows": 85170, "Plan Width": 4, "Filter": "((country_code)::text = '[us]'::text)"}]}]}]}]}, {"Node Type": "Hash", "Parent Relationship": "Inner", "Startup Cost": 125997.5, "Total Cost": 125997.5, "Plan Rows": 2528311, "Plan Width": 21, "Plans": [{"Node Type": "Streaming(type: LOCAL REDISTRIBUTE dop: 16/16)", "Parent Relationship": "Outer", "Startup Cost": 0.0, "Total Cost": 125997.5, "Plan Rows": 2528311, "Plan Width": 21, "Plans": [{"Node Type": "Index Scan", "Parent Relationship": "Outer", "Scan Direction": "Forward", "Index Name": "title_pkey", "Relation Name": "title", "Alias": "t", "Startup Cost": 0.0, "Total Cost": 101417.57, "Plan Rows": 2528311, "Plan Width": 21}]}]}]}]}]}]}, "Unique SQL Id": 2457761703, "Planner Runtime": 102}, "explain_analyze_plan": null}, "(16, 46)": {"explain_plan": {"Plan": {"Node Type": "Aggregate", "Strategy": "Plain", "Startup Cost": 287566.27, "Total Cost": 287566.3, "Plan Rows": 1, "Plan Width": 97, "Plans": [{"Node Type": "Streaming(type: LOCAL GATHER dop: 1/16)", "Parent Relationship": "Outer", "Startup Cost": 287566.27, "Total Cost": 287566.3, "Plan Rows": 1, "Plan Width": 97, "Plans": [{"Node Type": "Aggregate", "Strategy": "Plain", "Parent Relationship": "Outer", "Startup Cost": 287566.27, "Total Cost": 287566.28, "Plan Rows": 1, "Plan Width": 97, "Plans": [{"Node Type": "Hash Join", "Parent Relationship": "Outer", "Join Type": "Inner", "Startup Cost": 142621.96, "Total Cost": 285780.78, "Plan Rows": 357098, "Plan Width": 33, "Inner Unique": true, "Hash Cond": "(a1.person_id = n1.id), (LLVM Optimized)", "Plans": [{"Node Type": "Streaming(type: LOCAL REDISTRIBUTE dop: 16/16)", "Parent Relationship": "Outer", "Startup Cost": 126464.14, "Total Cost": 269316.07, "Plan Rows": 357098, "Plan Width": 41, "Plans": [{"Node Type": "Hash Join", "Parent Relationship": "Outer", "Join Type": "Inner", "Startup Cost": 126464.14, "Total Cost": 252963.01, "Plan Rows": 357098, "Plan Width": 41, "Inner Unique": true, "Hash Cond": "(ci.movie_id = t.id), (LLVM Optimized)", "Plans": [{"Node Type": "Streaming(type: LOCAL REDISTRIBUTE dop: 16/16)", "Parent Relationship": "Outer", "Startup Cost": 113655.34, "Total Cost": 239847.25, "Plan Rows": 357379, "Plan Width": 32, "Plans": [{"Node Type": "Hash Join", "Parent Relationship": "Outer", "Join Type": "Inner", "Startup Cost": 113655.34, "Total Cost": 223493.12, "Plan Rows": 357379, "Plan Width": 32, "Inner Unique": false, "Hash Cond": "(ci.person_id = a1.person_id), (LLVM Optimized)", "Plans": [{"Node Type": "Streaming(type: LOCAL REDISTRIBUTE dop: 16/16)", "Parent Relationship": "Outer", "Startup Cost": 104286.28, "Total Cost": 212931.86, "Plan Rows": 711018, "Plan Width": 12, "Plans": [{"Node Type": "Hash Join", "Parent Relationship": "Outer", "Join Type": "Inner", "Startup Cost": 104286.28, "Total Cost": 195237.77, "Plan Rows": 711018, "Plan Width": 12, "Inner Unique": false, "Hash Cond": "(ci.movie_id = mc.movie_id), (LLVM Optimized)", "Plans": [{"Node Type": "Streaming(type: LOCAL REDISTRIBUTE dop: 16/16)", "Parent Relationship": "Outer", "Startup Cost": 15001.51, "Total Cost": 102848.74, "Plan Rows": 3296318, "Plan Width": 8, "Plans": [{"Node Type": "Hash Join", "Parent Relationship": "Outer", "Join Type": "Inner", "Startup Cost": 15001.51, "Total Cost": 75358.79, "Plan Rows": 3296318, "Plan Width": 8, "Inner Unique": true, "Hash Cond": "(ci.role_id = rt.id), (LLVM Optimized)", "Plans": [{"Node Type": "Seq Scan", "Parent Relationship": "Outer", "Relation Name": "cast_info", "Alias": "ci", "Startup Cost": 0.0, "Total Cost": 52617.37, "Plan Rows": 36259494, "Plan Width": 12}, {"Node Type": "Hash", "Parent Relationship": "Inner", "Startup Cost": 15001.5, "Total Cost": 15001.5, "Plan Rows": 16, "Plan Width": 4, "Plans": [{"Node Type": "Streaming(type: BROADCAST dop: 16/1)", "Parent Relationship": "Outer", "Startup Cost": 0.0, "Total Cost": 15001.5, "Plan Rows": 16, "Plan Width": 4, "Plans": [{"Node Type": "Seq Scan", "Parent Relationship": "Outer", "Relation Name": "role_type", "Alias": "rt", "Startup Cost": 0.0, "Total Cost": 1.15, "Plan Rows": 1, "Plan Width": 4, "Filter": "((role)::text = 'writer'::text)"}]}]}]}]}, {"Node Type": "Hash", "Parent Relationship": "Inner", "Startup Cost": 88282.97, "Total Cost": 88282.97, "Plan Rows": 1282311, "Plan Width": 4, "Plans": [{"Node Type": "Streaming(type: LOCAL REDISTRIBUTE dop: 16/16)", "Parent Relationship": "Outer", "Startup Cost": 24511.53, "Total Cost": 88282.97, "Plan Rows": 1282311, "Plan Width": 4, "Plans": [{"Node Type": "Hash Join", "Parent Relationship": "Outer", "Join Type": "Inner", "Startup Cost": 24511.53, "Total Cost": 68424.21, "Plan Rows": 1282311, "Plan Width": 4, "Inner Unique": true, "Hash Cond": "(mc.company_id = cn.id), (LLVM Optimized)", "Plans": [{"Node Type": "Streaming(type: LOCAL REDISTRIBUTE dop: 16/16)", "Parent Relationship": "Outer", "Startup Cost": 0.0, "Total Cost": 42499.73, "Plan Rows": 2609128, "Plan Width": 8, "Plans": [{"Node Type": "Seq Scan", "Parent Relationship": "Outer", "Relation Name": "movie_companies", "Alias": "mc", "Startup Cost": 0.0, "Total Cost": 17613.58, "Plan Rows": 2609128, "Plan Width": 8}]}, {"Node Type": "Hash", "Parent Relationship": "Inner", "Startup Cost": 24444.99, "Total Cost": 24444.99, "Plan Rows": 85170, "Plan Width": 4, "Plans": [{"Node Type": "Streaming(type: LOCAL REDISTRIBUTE dop: 16/1)", "Parent Relationship": "Outer", "Startup Cost": 0.0, "Total Cost": 24444.99, "Plan Rows": 85170, "Plan Width": 4, "Plans": [{"Node Type": "Seq Scan", "Parent Relationship": "Outer", "Relation Name": "company_name", "Alias": "cn", "Startup Cost": 0.0, "Total Cost": 5903.45, "Plan Rows": 85170, "Plan Width": 4, "Filter": "((country_code)::text = '[us]'::text)"}]}]}]}]}]}]}]}, {"Node Type": "Hash", "Parent Relationship": "Inner", "Startup Cost": 34659.52, "Total Cost": 34659.52, "Plan Rows": 901342, "Plan Width": 20, "Plans": [{"Node Type": "Streaming(type: LOCAL REDISTRIBUTE dop: 16/16)", "Parent Relationship": "Outer", "Startup Cost": 0.0, "Total Cost": 34659.52, "Plan Rows": 901342, "Plan Width": 20, "Plans": [{"Node Type": "Seq Scan", "Parent Relationship": "Outer", "Relation Name": "aka_name", "Alias": "a1", "Startup Cost": 0.0, "Total Cost": 16244.28, "Plan Rows": 901342, "Plan Width": 20}]}]}]}]}, {"Node Type": "Hash", "Parent Relationship": "Inner", "Startup Cost": 43334.25, "Total Cost": 43334.25, "Plan Rows": 2528311, "Plan Width": 21, "Plans": [{"Node Type": "Streaming(type: LOCAL REDISTRIBUTE dop: 16/16)", "Parent Relationship": "Outer", "Startup Cost": 0.0, "Total Cost": 43334.25, "Plan Rows": 2528311, "Plan Width": 21, "Plans": [{"Node Type": "Seq Scan", "Parent Relationship": "Outer", "Relation Name": "title", "Alias": "t", "Startup Cost": 0.0, "Total Cost": 18754.32, "Plan Rows": 2528311, "Plan Width": 21}]}]}]}]}, {"Node Type": "Hash", "Parent Relationship": "Inner", "Startup Cost": 51607.87, "Total Cost": 51607.87, "Plan Rows": 4167490, "Plan Width": 4, "Plans": [{"Node Type": "Streaming(type: LOCAL REDISTRIBUTE dop: 16/16)", "Parent Relationship": "Outer", "Startup Cost": 0.0, "Total Cost": 51607.87, "Plan Rows": 4167490, "Plan Width": 4, "Plans": [{"Node Type": "Seq Scan", "Parent Relationship": "Outer", "Relation Name": "name", "Alias": "n1", "Startup Cost": 0.0, "Total Cost": 20816.99, "Plan Rows": 4167490, "Plan Width": 4}]}]}]}]}]}]}, "Unique SQL Id": 2457761703, "Planner Runtime": 196}, "explain_analyze_plan": {"Plan": {"Node Type": "Aggregate", "Strategy": "Plain", "Startup Cost": 287566.27, "Total Cost": 287566.3, "Plan Rows": 1, "Plan Width": 97, "Actual Min Startup Time": 2807.394, "Actual Max Startup Time": 2807.394, "Actual Min Total Time": 2807.394, "Actual Max Total Time": 2807.394, "Plans": [{"Node Type": "Streaming(type: LOCAL GATHER dop: 1/16)", "Parent Relationship": "Outer", "Startup Cost": 287566.27, "Total Cost": 287566.3, "Plan Rows": 1, "Plan Width": 97, "Actual Min Startup Time": 2805.812, "Actual Max Startup Time": 2805.812, "Actual Min Total Time": 2807.366, "Actual Max Total Time": 2807.366, "Plans": [{"Node Type": "Aggregate", "Strategy": "Plain", "Parent Relationship": "Outer", "Startup Cost": 287566.27, "Total Cost": 287566.28, "Plan Rows": 1, "Plan Width": 97, "Actual Min Startup Time": 2410.309, "Actual Max Startup Time": 2537.515, "Actual Min Total Time": 2410.309, "Actual Max Total Time": 2537.515, "Plans": [{"Node Type": "Hash Join", "Parent Relationship": "Outer", "Join Type": "Inner", "Startup Cost": 142621.96, "Total Cost": 285780.78, "Plan Rows": 357098, "Plan Width": 33, "Actual Min Startup Time": 682.796, "Actual Max Startup Time": 809.411, "Actual Min Total Time": 2287.798, "Actual Max Total Time": 2474.84, "Inner Unique": true, "Hash Cond": "(a1.person_id = n1.id), (LLVM Optimized, Jit Execute)", "Plans": [{"Node Type": "Streaming(type: LOCAL REDISTRIBUTE dop: 16/16)", "Parent Relationship": "Outer", "Startup Cost": 126464.14, "Total Cost": 269316.07, "Plan Rows": 357098, "Plan Width": 41, "Actual Min Startup Time": 104.514, "Actual Max Startup Time": 134.767, "Actual Min Total Time": 1604.955, "Actual Max Total Time": 1724.615, "Plans": [{"Node Type": "Hash Join", "Parent Relationship": "Outer", "Join Type": "Inner", "Startup Cost": 126464.14, "Total Cost": 252963.01, "Plan Rows": 357098, "Plan Width": 41, "Actual Min Startup Time": 684.369, "Actual Max Startup Time": 863.954, "Actual Min Total Time": 2250.417, "Actual Max Total Time": 2462.715, "Inner Unique": true, "Hash Cond": "(ci.movie_id = t.id), (LLVM Optimized, Jit Execute)", "Plans": [{"Node Type": "Streaming(type: LOCAL REDISTRIBUTE dop: 16/16)", "Parent Relationship": "Outer", "Startup Cost": 113655.34, "Total Cost": 239847.25, "Plan Rows": 357379, "Plan Width": 32, "Actual Min Startup Time": 317.069, "Actual Max Startup Time": 322.995, "Actual Min Total Time": 1801.077, "Actual Max Total Time": 1863.509, "Plans": [{"Node Type": "Hash Join", "Parent Relationship": "Outer", "Join Type": "Inner", "Startup Cost": 113655.34, "Total Cost": 223493.12, "Plan Rows": 357379, "Plan Width": 32, "Actual Min Startup Time": 676.499, "Actual Max Startup Time": 926.544, "Actual Min Total Time": 1889.984, "Actual Max Total Time": 2339.531, "Inner Unique": false, "Hash Cond": "(ci.person_id = a1.person_id), (LLVM Optimized, Jit Execute)", "Plans": [{"Node Type": "Streaming(type: LOCAL REDISTRIBUTE dop: 16/16)", "Parent Relationship": "Outer", "Startup Cost": 104286.28, "Total Cost": 212931.86, "Plan Rows": 711018, "Plan Width": 12, "Actual Min Startup Time": 544.363, "Actual Max Startup Time": 557.858, "Actual Min Total Time": 1635.928, "Actual Max Total Time": 1965.859, "Plans": [{"Node Type": "Hash Join", "Parent Relationship": "Outer", "Join Type": "Inner", "Startup Cost": 104286.28, "Total Cost": 195237.77, "Plan Rows": 711018, "Plan Width": 12, "Actual Min Startup Time": 676.505, "Actual Max Startup Time": 873.864, "Actual Min Total Time": 1726.934, "Actual Max Total Time": 1983.436, "Inner Unique": false, "Hash Cond": "(ci.movie_id = mc.movie_id), (LLVM Optimized, Jit Execute)", "Plans": [{"Node Type": "Streaming(type: LOCAL REDISTRIBUTE dop: 16/16)", "Parent Relationship": "Outer", "Startup Cost": 15001.51, "Total Cost": 102848.74, "Plan Rows": 3296318, "Plan Width": 8, "Actual Min Startup Time": 0.059, "Actual Max Startup Time": 0.35, "Actual Min Total Time": 960.325, "Actual Max Total Time": 1125.807, "Plans": [{"Node Type": "Hash Join", "Parent Relationship": "Outer", "Join Type": "Inner", "Startup Cost": 15001.51, "Total Cost": 75358.79, "Plan Rows": 3296318, "Plan Width": 8, "Actual Min Startup Time": 618.945, "Actual Max Startup Time": 658.044, "Actual Min Total Time": 973.958, "Actual Max Total Time": 1016.065, "Inner Unique": true, "Hash Cond": "(ci.role_id = rt.id), (LLVM Optimized, Jit Execute)", "Plans": [{"Node Type": "Seq Scan", "Parent Relationship": "Outer", "Relation Name": "cast_info", "Alias": "ci", "Startup Cost": 0.0, "Total Cost": 52617.37, "Plan Rows": 36259494, "Plan Width": 12, "Actual Min Startup Time": 0.027, "Actual Max Startup Time": 0.044, "Actual Min Total Time": 516.927, "Actual Max Total Time": 557.048, "Actual Rows": 36244343}, {"Node Type": "Hash", "Parent Relationship": "Inner", "Startup Cost": 15001.5, "Total Cost": 15001.5, "Plan Rows": 16, "Plan Width": 4, "Actual Min Startup Time": 0.012, "Actual Max Startup Time": 23.82, "Actual Min Total Time": 0.012, "Actual Max Total Time": 23.82, "Max Hash Buckets": 32768, "Min Hash Buckets": 32768, "Max Hash Batches": 1, "Min Hash Batches": 1, "Max Original Hash Batches": 1, "Min Original Hash Batches": 1, "Max Peak Memory Usage": 1, "min Peak Memory Usage": 1, "Plans": [{"Node Type": "Streaming(type: BROADCAST dop: 16/1)", "Parent Relationship": "Outer", "Startup Cost": 0.0, "Total Cost": 15001.5, "Plan Rows": 16, "Plan Width": 4, "Actual Min Startup Time": 0.003, "Actual Max Startup Time": 23.79, "Actual Min Total Time": 0.004, "Actual Max Total Time": 23.792, "Plans": [{"Node Type": "Seq Scan", "Parent Relationship": "Outer", "Relation Name": "role_type", "Alias": "rt", "Startup Cost": 0.0, "Total Cost": 1.15, "Plan Rows": 1, "Plan Width": 4, "Actual Min Startup Time": 0.032, "Actual Max Startup Time": 0.032, "Actual Min Total Time": 0.036, "Actual Max Total Time": 0.036, "Filter": "((role)::text = 'writer'::text)", "Rows Removed by Filter": 11, "Actual Rows": 1}], "Actual Rows": 16}], "Actual Rows": 16}], "Actual Rows": 2728943}], "Actual Rows": 2728943}, {"Node Type": "Hash", "Parent Relationship": "Inner", "Startup Cost": 88282.97, "Total Cost": 88282.97, "Plan Rows": 1282311, "Plan Width": 4, "Actual Min Startup Time": 676.313, "Actual Max Startup Time": 873.534, "Actual Min Total Time": 676.313, "Actual Max Total Time": 873.534, "Max Hash Buckets": 131072, "Min Hash Buckets": 131072, "Max Hash Batches": 1, "Min Hash Batches": 1, "Max Original Hash Batches": 1, "Min Original Hash Batches": 1, "Max Peak Memory Usage": 2542, "min Peak Memory Usage": 2542, "Plans": [{"Node Type": "Streaming(type: LOCAL REDISTRIBUTE dop: 16/16)", "Parent Relationship": "Outer", "Startup Cost": 24511.53, "Total Cost": 88282.97, "Plan Rows": 1282311, "Plan Width": 4, "Actual Min Startup Time": 194.948, "Actual Max Startup Time": 392.152, "Actual Min Total Time": 652.521, "Actual Max Total Time": 846.259, "Plans": [{"Node Type": "Hash Join", "Parent Relationship": "Outer", "Join Type": "Inner", "Startup Cost": 24511.53, "Total Cost": 68424.21, "Plan Rows": 1282311, "Plan Width": 4, "Actual Min Startup Time": 193.447, "Actual Max Startup Time": 460.105, "Actual Min Total Time": 545.948, "Actual Max Total Time": 855.575, "Inner Unique": true, "Hash Cond": "(mc.company_id = cn.id), (LLVM Optimized, Jit Execute)", "Plans": [{"Node Type": "Streaming(type: LOCAL REDISTRIBUTE dop: 16/16)", "Parent Relationship": "Outer", "Startup Cost": 0.0, "Total Cost": 42499.73, "Plan Rows": 2609128, "Plan Width": 8, "Actual Min Startup Time": 0.064, "Actual Max Startup Time": 1.902, "Actual Min Total Time": 262.091, "Actual Max Total Time": 376.152, "Plans": [{"Node Type": "Seq Scan", "Parent Relationship": "Outer", "Relation Name": "movie_companies", "Alias": "mc", "Startup Cost": 0.0, "Total Cost": 17613.58, "Plan Rows": 2609128, "Plan Width": 8, "Actual Min Startup Time": 0.027, "Actual Max Startup Time": 0.063, "Actual Min Total Time": 42.353, "Actual Max Total Time": 50.636, "Actual Rows": 2609128}], "Actual Rows": 2609128}, {"Node Type": "Hash", "Parent Relationship": "Inner", "Startup Cost": 24444.99, "Total Cost": 24444.99, "Plan Rows": 85170, "Plan Width": 4, "Actual Min Startup Time": 193.304, "Actual Max Startup Time": 459.356, "Actual Min Total Time": 193.304, "Actual Max Total Time": 459.356, "Max Hash Buckets": 32768, "Min Hash Buckets": 32768, "Max Hash Batches": 1, "Min Hash Batches": 1, "Max Original Hash Batches": 1, "Min Original Hash Batches": 1, "Max Peak Memory Usage": 182, "min Peak Memory Usage": 182, "Plans": [{"Node Type": "Streaming(type: LOCAL REDISTRIBUTE dop: 16/1)", "Parent Relationship": "Outer", "Startup Cost": 0.0, "Total Cost": 24444.99, "Plan Rows": 85170, "Plan Width": 4, "Actual Min Startup Time": 0.041, "Actual Max Startup Time": 266.767, "Actual Min Total Time": 191.764, "Actual Max Total Time": 457.92, "Plans": [{"Node Type": "Seq Scan", "Parent Relationship": "Outer", "Relation Name": "company_name", "Alias": "cn", "Startup Cost": 0.0, "Total Cost": 5903.45, "Plan Rows": 85170, "Plan Width": 4, "Actual Min Startup Time": 0.053, "Actual Max Startup Time": 0.053, "Actual Min Total Time": 97.001, "Actual Max Total Time": 97.001, "Filter": "((country_code)::text = '[us]'::text)", "Rows Removed by Filter": 150153, "Actual Rows": 84843}], "Actual Rows": 84843}], "Actual Rows": 84843}], "Actual Rows": 1153797}], "Actual Rows": 1153797}], "Actual Rows": 1153797}], "Actual Rows": 1970658}], "Actual Rows": 1970658}, {"Node Type": "Hash", "Parent Relationship": "Inner", "Startup Cost": 34659.52, "Total Cost": 34659.52, "Plan Rows": 901342, "Plan Width": 20, "Actual Min Startup Time": 130.612, "Actual Max Startup Time": 381.22, "Actual Min Total Time": 130.612, "Actual Max Total Time": 381.22, "Max Hash Buckets": 65536, "Min Hash Buckets": 65536, "Max Hash Batches": 1, "Min Hash Batches": 1, "Max Original Hash Batches": 1, "Min Original Hash Batches": 1, "Max Peak Memory Usage": 2981, "min Peak Memory Usage": 2981, "Plans": [{"Node Type": "Streaming(type: LOCAL REDISTRIBUTE dop: 16/16)", "Parent Relationship": "Outer", "Startup Cost": 0.0, "Total Cost": 34659.52, "Plan Rows": 901342, "Plan Width": 20, "Actual Min Startup Time": 0.052, "Actual Max Startup Time": 67.059, "Actual Min Total Time": 109.562, "Actual Max Total Time": 360.696, "Plans": [{"Node Type": "Seq Scan", "Parent Relationship": "Outer", "Relation Name": "aka_name", "Alias": "a1", "Startup Cost": 0.0, "Total Cost": 16244.28, "Plan Rows": 901342, "Plan Width": 20, "Actual Min Startup Time": 0.019, "Actual Max Startup Time": 0.042, "Actual Min Total Time": 15.933, "Actual Max Total Time": 20.502, "Actual Rows": 901342}], "Actual Rows": 901342}], "Actual Rows": 901342}], "Actual Rows": 2487611}], "Actual Rows": 2487611}, {"Node Type": "Hash", "Parent Relationship": "Inner", "Startup Cost": 43334.25, "Total Cost": 43334.25, "Plan Rows": 2528311, "Plan Width": 21, "Actual Min Startup Time": 365.618, "Actual Max Startup Time": 543.574, "Actual Min Total Time": 365.618, "Actual Max Total Time": 543.574, "Max Hash Buckets": 262144, "Min Hash Buckets": 262144, "Max Hash Batches": 1, "Min Hash Batches": 1, "Max Original Hash Batches": 1, "Min Original Hash Batches": 1, "Max Peak Memory Usage": 8518, "min Peak Memory Usage": 8518, "Plans": [{"Node Type": "Streaming(type: LOCAL REDISTRIBUTE dop: 16/16)", "Parent Relationship": "Outer", "Startup Cost": 0.0, "Total Cost": 43334.25, "Plan Rows": 2528311, "Plan Width": 21, "Actual Min Startup Time": 0.063, "Actual Max Startup Time": 18.287, "Actual Min Total Time": 289.389, "Actual Max Total Time": 470.899, "Plans": [{"Node Type": "Seq Scan", "Parent Relationship": "Outer", "Relation Name": "title", "Alias": "t", "Startup Cost": 0.0, "Total Cost": 18754.32, "Plan Rows": 2528311, "Plan Width": 21, "Actual Min Startup Time": 0.017, "Actual Max Startup Time": 0.037, "Actual Min Total Time": 47.834, "Actual Max Total Time": 58.11, "Actual Rows": 2528311}], "Actual Rows": 2528311}], "Actual Rows": 2528311}], "Actual Rows": 2487611}], "Actual Rows": 2487611}, {"Node Type": "Hash", "Parent Relationship": "Inner", "Startup Cost": 51607.87, "Total Cost": 51607.87, "Plan Rows": 4167490, "Plan Width": 4, "Actual Min Startup Time": 573.363, "Actual Max Startup Time": 700.351, "Actual Min Total Time": 573.363, "Actual Max Total Time": 700.351, "Max Hash Buckets": 262144, "Min Hash Buckets": 262144, "Max Hash Batches": 1, "Min Hash Batches": 1, "Max Original Hash Batches": 1, "Min Original Hash Batches": 1, "Max Peak Memory Usage": 9174, "min Peak Memory Usage": 9174, "Plans": [{"Node Type": "Streaming(type: LOCAL REDISTRIBUTE dop: 16/16)", "Parent Relationship": "Outer", "Startup Cost": 0.0, "Total Cost": 51607.87, "Plan Rows": 4167490, "Plan Width": 4, "Actual Min Startup Time": 0.053, "Actual Max Startup Time": 0.099, "Actual Min Total Time": 470.118, "Actual Max Total Time": 593.068, "Plans": [{"Node Type": "Seq Scan", "Parent Relationship": "Outer", "Relation Name": "name", "Alias": "n1", "Startup Cost": 0.0, "Total Cost": 20816.99, "Plan Rows": 4167490, "Plan Width": 4, "Actual Min Startup Time": 0.017, "Actual Max Startup Time": 0.04, "Actual Min Total Time": 75.276, "Actual Max Total Time": 87.952, "Actual Rows": 4167490}], "Actual Rows": 4167490}], "Actual Rows": 4167490}], "Actual Rows": 2487611}], "Actual Rows": 16}], "Actual Rows": 16}], "Actual Rows": 1}, "Triggers": [], "Planner Runtime": 253, "Total Runtime": 2852.697, "Unique SQL Id": 2457761703}}, "(16, 47)": {"explain_plan": {"Plan": {"Node Type": "Aggregate", "Strategy": "Plain", "Startup Cost": 7003518524798.87, "Total Cost": 7003518524798.88, "Plan Rows": 1, "Plan Width": 97, "Plans": [{"Node Type": "Hash Join", "Parent Relationship": "Outer", "Join Type": "Inner", "Startup Cost": 5023382387874.01, "Total Cost": 7003518523013.38, "Plan Rows": 357098, "Plan Width": 33, "Inner Unique": false, "Hash Cond": "(ci.movie_id = t.id), (LLVM Optimized)", "Plans": [{"Node Type": "Hash Join", "Parent Relationship": "Outer", "Join Type": "Inner", "Startup Cost": 2020024583138.53, "Total Cost": 4000160705187.07, "Plan Rows": 1484588, "Plan Width": 20, "Inner Unique": false, "Hash Cond": "(n1.id = a1.person_id), (LLVM Optimized)", "Plans": [{"Node Type": "Nested Loop", "Parent Relationship": "Outer", "Join Type": "Inner", "Startup Cost": 1020017675368.33, "Total Cost": 3000152781892.05, "Plan Rows": 3296318, "Plan Width": 12, "Inner Unique": false, "Join Filter": "(ci.role_id = rt.id), (LLVM Optimized)", "Plans": [{"Node Type": "Index Scan", "Parent Relationship": "Outer", "Scan Direction": "Forward", "Index Name": "role_type_pkey", "Relation Name": "role_type", "Alias": "rt", "Startup Cost": 10000000000.0, "Total Cost": 1000000001246.0, "Plan Rows": 1, "Plan Width": 4, "Filter": "((role)::text = 'writer'::text)"}, {"Node Type": "Hash Join", "Parent Relationship": "Inner", "Join Type": "Inner", "Startup Cost": 1010017675368.33, "Total Cost": 2000152327402.37, "Plan Rows": 36259494, "Plan Width": 16, "Inner Unique": true, "Hash Cond": "(ci.person_id = n1.id), (LLVM Optimized)", "Plans": [{"Node Type": "Index Scan", "Parent Relationship": "Outer", "Scan Direction": "Forward", "Index Name": "role_id_cast_info", "Relation Name": "cast_info", "Alias": "ci", "Startup Cost": 10000000000.0, "Total Cost": 1000134153466.0, "Plan Rows": 36259494, "Plan Width": 12}, {"Node Type": "Hash", "Parent Relationship": "Inner", "Startup Cost": 1000017623274.7, "Total Cost": 1000017623274.7, "Plan Rows": 4167490, "Plan Width": 4, "Plans": [{"Node Type": "Index Scan", "Parent Relationship": "Outer", "Scan Direction": "Forward", "Index Name": "name_pkey", "Relation Name": "name", "Alias": "n1", "Startup Cost": 10000000000.0, "Total Cost": 1000017623274.7, "Plan Rows": 4167490, "Plan Width": 4}]}]}]}, {"Node Type": "Hash", "Parent Relationship": "Inner", "Startup Cost": 1000006896503.43, "Total Cost": 1000006896503.43, "Plan Rows": 901342, "Plan Width": 20, "Plans": [{"Node Type": "Index Scan", "Parent Relationship": "Outer", "Scan Direction": "Forward", "Index Name": "person_id_aka_name", "Relation Name": "aka_name", "Alias": "a1", "Startup Cost": 10000000000.0, "Total Cost": 1000006896503.43, "Plan Rows": 901342, "Plan Width": 20}]}]}, {"Node Type": "Hash", "Parent Relationship": "Inner", "Startup Cost": 3003357788706.59, "Total Cost": 3003357788706.59, "Plan Rows": 1282311, "Plan Width": 25, "Plans": [{"Node Type": "Nested Loop", "Parent Relationship": "Outer", "Join Type": "Inner", "Startup Cost": 1020011043652.8, "Total Cost": 3003357788706.59, "Plan Rows": 1282311, "Plan Width": 25, "Inner Unique": true, "Join Filter": "(mc.company_id = cn.id), (LLVM Optimized)", "Plans": [{"Node Type": "Hash Join", "Parent Relationship": "Outer", "Join Type": "Inner", "Startup Cost": 1010011043652.8, "Total Cost": 2000023446878.29, "Plan Rows": 2609128, "Plan Width": 29, "Inner Unique": true, "Hash Cond": "(mc.movie_id = t.id), (LLVM Optimized)", "Plans": [{"Node Type": "Index Scan", "Parent Relationship": "Outer", "Scan Direction": "Forward", "Index Name": "company_id_movie_companies", "Relation Name": "movie_companies", "Alias": "mc", "Startup Cost": 10000000000.0, "Total Cost": 1000012367349.98, "Plan Rows": 2609128, "Plan Width": 8}, {"Node Type": "Hash", "Parent Relationship": "Inner", "Startup Cost": 1000011012048.91, "Total Cost": 1000011012048.91, "Plan Rows": 2528311, "Plan Width": 21, "Plans": [{"Node Type": "Index Scan", "Parent Relationship": "Outer", "Scan Direction": "Forward", "Index Name": "title_pkey", "Relation Name": "title", "Alias": "t", "Startup Cost": 10000000000.0, "Total Cost": 1000011012048.91, "Plan Rows": 2528311, "Plan Width": 21}]}]}, {"Node Type": "Materialize", "Parent Relationship": "Inner", "Startup Cost": 10000000000.0, "Total Cost": 1000001050564.82, "Plan Rows": 85170, "Plan Width": 4, "Plans": [{"Node Type": "Index Scan", "Parent Relationship": "Outer", "Scan Direction": "Forward", "Index Name": "company_name_pkey", "Relation Name": "company_name", "Alias": "cn", "Startup Cost": 10000000000.0, "Total Cost": 1000001050138.97, "Plan Rows": 85170, "Plan Width": 4, "Filter": "((country_code)::text = '[us]'::text)"}]}]}]}]}]}, "Unique SQL Id": 2457761703, "Planner Runtime": 53}, "explain_analyze_plan": null}, "(16, 48)": {"explain_plan": {"Plan": {"Node Type": "Aggregate", "Strategy": "Plain", "Startup Cost": 1965944.02, "Total Cost": 1965944.03, "Plan Rows": 1, "Plan Width": 97, "Plans": [{"Node Type": "Nested Loop", "Parent Relationship": "Outer", "Join Type": "Inner", "Startup Cost": 0.0, "Total Cost": 1964158.53, "Plan Rows": 357098, "Plan Width": 33, "Inner Unique": true, "Join Filter": "(a1.person_id = n1.id), (LLVM Optimized)", "Plans": [{"Node Type": "Nested Loop", "Parent Relationship": "Outer", "Join Type": "Inner", "Startup Cost": 0.0, "Total Cost": 1862664.6, "Plan Rows": 357098, "Plan Width": 41, "Inner Unique": true, "Plans": [{"Node Type": "Nested Loop", "Parent Relationship": "Outer", "Join Type": "Inner", "Startup Cost": 0.0, "Total Cost": 1760862.26, "Plan Rows": 357379, "Plan Width": 32, "Inner Unique": false, "Plans": [{"Node Type": "Nested Loop", "Parent Relationship": "Outer", "Join Type": "Inner", "Startup Cost": 0.0, "Total Cost": 1560689.3, "Plan Rows": 711018, "Plan Width": 12, "Inner Unique": false, "Join Filter": "(ci.role_id = rt.id), (LLVM Optimized)", "Plans": [{"Node Type": "Seq Scan", "Parent Relationship": "Outer", "Relation Name": "role_type", "Alias": "rt", "Startup Cost": 0.0, "Total Cost": 1.15, "Plan Rows": 1, "Plan Width": 4, "Filter": "((role)::text = 'writer'::text)"}, {"Node Type": "Nested Loop", "Parent Relationship": "Inner", "Join Type": "Inner", "Startup Cost": 0.0, "Total Cost": 1462923.14, "Plan Rows": 7821201, "Plan Width": 16, "Inner Unique": false, "Plans": [{"Node Type": "Nested Loop", "Parent Relationship": "Outer", "Join Type": "Inner", "Startup Cost": 0.0, "Total Cost": 166734.45, "Plan Rows": 1282311, "Plan Width": 4, "Inner Unique": false, "Plans": [{"Node Type": "Seq Scan", "Parent Relationship": "Outer", "Relation Name": "company_name", "Alias": "cn", "Startup Cost": 0.0, "Total Cost": 5903.45, "Plan Rows": 85170, "Plan Width": 4, "Filter": "((country_code)::text = '[us]'::text)"}, {"Node Type": "Index Scan", "Parent Relationship": "Inner", "Scan Direction": "Forward", "Index Name": "company_id_movie_companies", "Relation Name": "movie_companies", "Alias": "mc", "Startup Cost": 0.0, "Total Cost": 1.74, "Plan Rows": 15, "Plan Width": 8, "Index Cond": "(company_id = cn.id)"}]}, {"Node Type": "Index Scan", "Parent Relationship": "Inner", "Scan Direction": "Forward", "Index Name": "movie_id_cast_info", "Relation Name": "cast_info", "Alias": "ci", "Startup Cost": 0.0, "Total Cost": 0.95, "Plan Rows": 6, "Plan Width": 12, "Index Cond": "(movie_id = mc.movie_id)"}]}]}, {"Node Type": "Index Scan", "Parent Relationship": "Inner", "Scan Direction": "Forward", "Index Name": "person_id_aka_name", "Relation Name": "aka_name", "Alias": "a1", "Startup Cost": 0.0, "Total Cost": 0.27, "Plan Rows": 1, "Plan Width": 20, "Index Cond": "(person_id = ci.person_id)"}]}, {"Node Type": "Index Scan", "Parent Relationship": "Inner", "Scan Direction": "Forward", "Index Name": "title_pkey", "Relation Name": "title", "Alias": "t", "Startup Cost": 0.0, "Total Cost": 0.27, "Plan Rows": 1, "Plan Width": 21, "Index Cond": "(id = ci.movie_id)"}]}, {"Node Type": "Index Only Scan", "Parent Relationship": "Inner", "Scan Direction": "Forward", "Index Name": "name_pkey", "Relation Name": "name", "Alias": "n1", "Startup Cost": 0.0, "Total Cost": 0.27, "Plan Rows": 1, "Plan Width": 4, "Index Cond": "(id = ci.person_id)"}]}]}, "Unique SQL Id": 2457761703, "Planner Runtime": 6}, "explain_analyze_plan": null}, "(16, 49)": {"explain_plan": {"Plan": {"Node Type": "Aggregate", "Strategy": "Plain", "Startup Cost": 1970553.27, "Total Cost": 1970553.28, "Plan Rows": 1, "Plan Width": 97, "Plans": [{"Node Type": "Nested Loop", "Parent Relationship": "Outer", "Join Type": "Inner", "Startup Cost": 0.0, "Total Cost": 1968767.78, "Plan Rows": 357098, "Plan Width": 33, "Inner Unique": true, "Join Filter": "(a1.person_id = n1.id), (LLVM Optimized)", "Plans": [{"Node Type": "Nested Loop", "Parent Relationship": "Outer", "Join Type": "Inner", "Startup Cost": 0.0, "Total Cost": 1867273.85, "Plan Rows": 357098, "Plan Width": 41, "Inner Unique": true, "Plans": [{"Node Type": "Nested Loop", "Parent Relationship": "Outer", "Join Type": "Inner", "Startup Cost": 0.0, "Total Cost": 1765471.51, "Plan Rows": 357379, "Plan Width": 32, "Inner Unique": false, "Plans": [{"Node Type": "Nested Loop", "Parent Relationship": "Outer", "Join Type": "Inner", "Startup Cost": 0.0, "Total Cost": 1565298.55, "Plan Rows": 711018, "Plan Width": 12, "Inner Unique": false, "Join Filter": "(ci.role_id = rt.id), (LLVM Optimized)", "Plans": [{"Node Type": "Index Scan", "Parent Relationship": "Outer", "Scan Direction": "Forward", "Index Name": "role_type_pkey", "Relation Name": "role_type", "Alias": "rt", "Startup Cost": 0.0, "Total Cost": 12.46, "Plan Rows": 1, "Plan Width": 4, "Filter": "((role)::text = 'writer'::text)"}, {"Node Type": "Nested Loop", "Parent Relationship": "Inner", "Join Type": "Inner", "Startup Cost": 0.0, "Total Cost": 1467521.08, "Plan Rows": 7821201, "Plan Width": 16, "Inner Unique": false, "Plans": [{"Node Type": "Nested Loop", "Parent Relationship": "Outer", "Join Type": "Inner", "Startup Cost": 0.0, "Total Cost": 171332.39, "Plan Rows": 1282311, "Plan Width": 4, "Inner Unique": false, "Plans": [{"Node Type": "Index Scan", "Parent Relationship": "Outer", "Scan Direction": "Forward", "Index Name": "company_name_pkey", "Relation Name": "company_name", "Alias": "cn", "Startup Cost": 0.0, "Total Cost": 10501.39, "Plan Rows": 85170, "Plan Width": 4, "Filter": "((country_code)::text = '[us]'::text)"}, {"Node Type": "Index Scan", "Parent Relationship": "Inner", "Scan Direction": "Forward", "Index Name": "company_id_movie_companies", "Relation Name": "movie_companies", "Alias": "mc", "Startup Cost": 0.0, "Total Cost": 1.74, "Plan Rows": 15, "Plan Width": 8, "Index Cond": "(company_id = cn.id)"}]}, {"Node Type": "Index Scan", "Parent Relationship": "Inner", "Scan Direction": "Forward", "Index Name": "movie_id_cast_info", "Relation Name": "cast_info", "Alias": "ci", "Startup Cost": 0.0, "Total Cost": 0.95, "Plan Rows": 6, "Plan Width": 12, "Index Cond": "(movie_id = mc.movie_id)"}]}]}, {"Node Type": "Index Scan", "Parent Relationship": "Inner", "Scan Direction": "Forward", "Index Name": "person_id_aka_name", "Relation Name": "aka_name", "Alias": "a1", "Startup Cost": 0.0, "Total Cost": 0.27, "Plan Rows": 1, "Plan Width": 20, "Index Cond": "(person_id = ci.person_id)"}]}, {"Node Type": "Index Scan", "Parent Relationship": "Inner", "Scan Direction": "Forward", "Index Name": "title_pkey", "Relation Name": "title", "Alias": "t", "Startup Cost": 0.0, "Total Cost": 0.27, "Plan Rows": 1, "Plan Width": 21, "Index Cond": "(id = ci.movie_id)"}]}, {"Node Type": "Index Only Scan", "Parent Relationship": "Inner", "Scan Direction": "Forward", "Index Name": "name_pkey", "Relation Name": "name", "Alias": "n1", "Startup Cost": 0.0, "Total Cost": 0.27, "Plan Rows": 1, "Plan Width": 4, "Index Cond": "(id = ci.person_id)"}]}]}, "Unique SQL Id": 2457761703, "Planner Runtime": 6}, "explain_analyze_plan": null}, "(16, 50)": {"explain_plan": {"Plan": {"Node Type": "Aggregate", "Strategy": "Plain", "Startup Cost": 12604914.55, "Total Cost": 12604914.56, "Plan Rows": 1, "Plan Width": 97, "Plans": [{"Node Type": "Nested Loop", "Parent Relationship": "Outer", "Join Type": "Inner", "Startup Cost": 2.1, "Total Cost": 12603129.06, "Plan Rows": 357098, "Plan Width": 33, "Inner Unique": true, "Join Filter": "(a1.person_id = n1.id), (LLVM Optimized)", "Plans": [{"Node Type": "Nested Loop", "Parent Relationship": "Outer", "Join Type": "Inner", "Startup Cost": 1.84, "Total Cost": 11073153.85, "Plan Rows": 357098, "Plan Width": 41, "Inner Unique": true, "Plans": [{"Node Type": "Nested Loop", "Parent Relationship": "Outer", "Join Type": "Inner", "Startup Cost": 1.58, "Total Cost": 9543117.59, "Plan Rows": 357379, "Plan Width": 32, "Inner Unique": false, "Plans": [{"Node Type": "Nested Loop", "Parent Relationship": "Outer", "Join Type": "Inner", "Startup Cost": 1.33, "Total Cost": 6499549.44, "Plan Rows": 711018, "Plan Width": 12, "Inner Unique": false, "Join Filter": "(ci.role_id = rt.id), (LLVM Optimized)", "Plans": [{"Node Type": "Seq Scan", "Parent Relationship": "Outer", "Relation Name": "role_type", "Alias": "rt", "Startup Cost": 0.0, "Total Cost": 1.15, "Plan Rows": 1, "Plan Width": 4, "Filter": "((role)::text = 'writer'::text)"}, {"Node Type": "Nested Loop", "Parent Relationship": "Inner", "Join Type": "Inner", "Startup Cost": 1.33, "Total Cost": 6401783.28, "Plan Rows": 7821201, "Plan Width": 16, "Inner Unique": false, "Plans": [{"Node Type": "Nested Loop", "Parent Relationship": "Outer", "Join Type": "Inner", "Startup Cost": 0.82, "Total Cost": 444829.84, "Plan Rows": 1282311, "Plan Width": 4, "Inner Unique": false, "Plans": [{"Node Type": "Seq Scan", "Parent Relationship": "Outer", "Relation Name": "company_name", "Alias": "cn", "Startup Cost": 0.0, "Total Cost": 5903.45, "Plan Rows": 85170, "Plan Width": 4, "Filter": "((country_code)::text = '[us]'::text)"}, {"Node Type": "Bitmap Heap Scan", "Parent Relationship": "Inner", "Relation Name": "movie_companies", "Alias": "mc", "Startup Cost": 0.82, "Total Cost": 5.0, "Plan Rows": 15, "Plan Width": 8, "Recheck Cond": "(company_id = cn.id)", "Plans": [{"Node Type": "Bitmap Index Scan", "Parent Relationship": "Outer", "Index Name": "company_id_movie_companies", "Startup Cost": 0.0, "Total Cost": 0.81, "Plan Rows": 15, "Plan Width": 0, "Index Cond": "(company_id = cn.id)"}]}]}, {"Node Type": "Bitmap Heap Scan", "Parent Relationship": "Inner", "Relation Name": "cast_info", "Alias": "ci", "Startup Cost": 0.51, "Total Cost": 4.59, "Plan Rows": 6, "Plan Width": 12, "Recheck Cond": "(movie_id = mc.movie_id)", "Plans": [{"Node Type": "Bitmap Index Scan", "Parent Relationship": "Outer", "Index Name": "movie_id_cast_info", "Startup Cost": 0.0, "Total Cost": 0.51, "Plan Rows": 6, "Plan Width": 0, "Index Cond": "(movie_id = mc.movie_id)"}]}]}]}, {"Node Type": "Bitmap Heap Scan", "Parent Relationship": "Inner", "Relation Name": "aka_name", "Alias": "a1", "Startup Cost": 0.26, "Total Cost": 4.27, "Plan Rows": 1, "Plan Width": 20, "Recheck Cond": "(person_id = ci.person_id)", "Plans": [{"Node Type": "Bitmap Index Scan", "Parent Relationship": "Outer", "Index Name": "person_id_aka_name", "Startup Cost": 0.0, "Total Cost": 0.26, "Plan Rows": 1, "Plan Width": 0, "Index Cond": "(person_id = ci.person_id)"}]}]}, {"Node Type": "Bitmap Heap Scan", "Parent Relationship": "Inner", "Relation Name": "title", "Alias": "t", "Startup Cost": 0.26, "Total Cost": 4.27, "Plan Rows": 1, "Plan Width": 21, "Recheck Cond": "(id = ci.movie_id)", "Plans": [{"Node Type": "Bitmap Index Scan", "Parent Relationship": "Outer", "Index Name": "title_pkey", "Startup Cost": 0.0, "Total Cost": 0.26, "Plan Rows": 1, "Plan Width": 0, "Index Cond": "(id = ci.movie_id)"}]}]}, {"Node Type": "Bitmap Heap Scan", "Parent Relationship": "Inner", "Relation Name": "name", "Alias": "n1", "Startup Cost": 0.26, "Total Cost": 4.27, "Plan Rows": 1, "Plan Width": 4, "Recheck Cond": "(id = ci.person_id)", "Plans": [{"Node Type": "Bitmap Index Scan", "Parent Relationship": "Outer", "Index Name": "name_pkey", "Startup Cost": 0.0, "Total Cost": 0.26, "Plan Rows": 1, "Plan Width": 0, "Index Cond": "(id = ci.person_id)"}]}]}]}, "Unique SQL Id": 2457761703, "Planner Runtime": 22}, "explain_analyze_plan": null}, "(16, 51)": {"explain_plan": {"Plan": {"Node Type": "Aggregate", "Strategy": "Plain", "Startup Cost": 12607726.38, "Total Cost": 12607726.39, "Plan Rows": 1, "Plan Width": 97, "Plans": [{"Node Type": "Nested Loop", "Parent Relationship": "Outer", "Join Type": "Inner", "Startup Cost": 2810.94, "Total Cost": 12605940.89, "Plan Rows": 357098, "Plan Width": 33, "Inner Unique": true, "Join Filter": "(a1.person_id = n1.id), (LLVM Optimized)", "Plans": [{"Node Type": "Nested Loop", "Parent Relationship": "Outer", "Join Type": "Inner", "Startup Cost": 2810.68, "Total Cost": 11075965.68, "Plan Rows": 357098, "Plan Width": 41, "Inner Unique": true, "Plans": [{"Node Type": "Nested Loop", "Parent Relationship": "Outer", "Join Type": "Inner", "Startup Cost": 2810.42, "Total Cost": 9545929.42, "Plan Rows": 357379, "Plan Width": 32, "Inner Unique": false, "Plans": [{"Node Type": "Nested Loop", "Parent Relationship": "Outer", "Join Type": "Inner", "Startup Cost": 2810.16, "Total Cost": 6502361.27, "Plan Rows": 711018, "Plan Width": 12, "Inner Unique": false, "Join Filter": "(ci.role_id = rt.id), (LLVM Optimized)", "Plans": [{"Node Type": "Bitmap Heap Scan", "Parent Relationship": "Outer", "Relation Name": "role_type", "Alias": "rt", "Startup Cost": 8.31, "Total Cost": 12.46, "Plan Rows": 1, "Plan Width": 4, "Filter": "((role)::text = 'writer'::text)", "Plans": [{"Node Type": "Bitmap Index Scan", "Parent Relationship": "Outer", "Index Name": "role_type_pkey", "Startup Cost": 0.0, "Total Cost": 8.31, "Plan Rows": 12, "Plan Width": 0}]}, {"Node Type": "Nested Loop", "Parent Relationship": "Inner", "Join Type": "Inner", "Startup Cost": 2801.85, "Total Cost": 6404583.8, "Plan Rows": 7821201, "Plan Width": 16, "Inner Unique": false, "Plans": [{"Node Type": "Nested Loop", "Parent Relationship": "Outer", "Join Type": "Inner", "Startup Cost": 2801.34, "Total Cost": 447630.36, "Plan Rows": 1282311, "Plan Width": 4, "Inner Unique": false, "Plans": [{"Node Type": "Bitmap Heap Scan", "Parent Relationship": "Outer", "Relation Name": "company_name", "Alias": "cn", "Startup Cost": 2800.52, "Total Cost": 8703.97, "Plan Rows": 85170, "Plan Width": 4, "Filter": "((country_code)::text = '[us]'::text)", "Plans": [{"Node Type": "Bitmap Index Scan", "Parent Relationship": "Outer", "Index Name": "company_name_pkey", "Startup Cost": 0.0, "Total Cost": 2779.23, "Plan Rows": 234996, "Plan Width": 0}]}, {"Node Type": "Bitmap Heap Scan", "Parent Relationship": "Inner", "Relation Name": "movie_companies", "Alias": "mc", "Startup Cost": 0.82, "Total Cost": 5.0, "Plan Rows": 15, "Plan Width": 8, "Recheck Cond": "(company_id = cn.id)", "Plans": [{"Node Type": "Bitmap Index Scan", "Parent Relationship": "Outer", "Index Name": "company_id_movie_companies", "Startup Cost": 0.0, "Total Cost": 0.81, "Plan Rows": 15, "Plan Width": 0, "Index Cond": "(company_id = cn.id)"}]}]}, {"Node Type": "Bitmap Heap Scan", "Parent Relationship": "Inner", "Relation Name": "cast_info", "Alias": "ci", "Startup Cost": 0.51, "Total Cost": 4.59, "Plan Rows": 6, "Plan Width": 12, "Recheck Cond": "(movie_id = mc.movie_id)", "Plans": [{"Node Type": "Bitmap Index Scan", "Parent Relationship": "Outer", "Index Name": "movie_id_cast_info", "Startup Cost": 0.0, "Total Cost": 0.51, "Plan Rows": 6, "Plan Width": 0, "Index Cond": "(movie_id = mc.movie_id)"}]}]}]}, {"Node Type": "Bitmap Heap Scan", "Parent Relationship": "Inner", "Relation Name": "aka_name", "Alias": "a1", "Startup Cost": 0.26, "Total Cost": 4.27, "Plan Rows": 1, "Plan Width": 20, "Recheck Cond": "(person_id = ci.person_id)", "Plans": [{"Node Type": "Bitmap Index Scan", "Parent Relationship": "Outer", "Index Name": "person_id_aka_name", "Startup Cost": 0.0, "Total Cost": 0.26, "Plan Rows": 1, "Plan Width": 0, "Index Cond": "(person_id = ci.person_id)"}]}]}, {"Node Type": "Bitmap Heap Scan", "Parent Relationship": "Inner", "Relation Name": "title", "Alias": "t", "Startup Cost": 0.26, "Total Cost": 4.27, "Plan Rows": 1, "Plan Width": 21, "Recheck Cond": "(id = ci.movie_id)", "Plans": [{"Node Type": "Bitmap Index Scan", "Parent Relationship": "Outer", "Index Name": "title_pkey", "Startup Cost": 0.0, "Total Cost": 0.26, "Plan Rows": 1, "Plan Width": 0, "Index Cond": "(id = ci.movie_id)"}]}]}, {"Node Type": "Bitmap Heap Scan", "Parent Relationship": "Inner", "Relation Name": "name", "Alias": "n1", "Startup Cost": 0.26, "Total Cost": 4.27, "Plan Rows": 1, "Plan Width": 4, "Recheck Cond": "(id = ci.person_id)", "Plans": [{"Node Type": "Bitmap Index Scan", "Parent Relationship": "Outer", "Index Name": "name_pkey", "Startup Cost": 0.0, "Total Cost": 0.26, "Plan Rows": 1, "Plan Width": 0, "Index Cond": "(id = ci.person_id)"}]}]}]}, "Unique SQL Id": 2457761703, "Planner Runtime": 6}, "explain_analyze_plan": null}, "(16, 52)": {"explain_plan": {"Plan": {"Node Type": "Aggregate", "Strategy": "Plain", "Startup Cost": 1967968.74, "Total Cost": 1967968.75, "Plan Rows": 1, "Plan Width": 97, "Plans": [{"Node Type": "Nested Loop", "Parent Relationship": "Outer", "Join Type": "Inner", "Startup Cost": 0.0, "Total Cost": 1966183.25, "Plan Rows": 357098, "Plan Width": 33, "Inner Unique": true, "Join Filter": "(a1.person_id = n1.id), (LLVM Optimized)", "Plans": [{"Node Type": "Nested Loop", "Parent Relationship": "Outer", "Join Type": "Inner", "Startup Cost": 0.0, "Total Cost": 1862664.6, "Plan Rows": 357098, "Plan Width": 41, "Inner Unique": true, "Plans": [{"Node Type": "Nested Loop", "Parent Relationship": "Outer", "Join Type": "Inner", "Startup Cost": 0.0, "Total Cost": 1760862.26, "Plan Rows": 357379, "Plan Width": 32, "Inner Unique": false, "Plans": [{"Node Type": "Nested Loop", "Parent Relationship": "Outer", "Join Type": "Inner", "Startup Cost": 0.0, "Total Cost": 1560689.3, "Plan Rows": 711018, "Plan Width": 12, "Inner Unique": false, "Join Filter": "(ci.role_id = rt.id), (LLVM Optimized)", "Plans": [{"Node Type": "Seq Scan", "Parent Relationship": "Outer", "Relation Name": "role_type", "Alias": "rt", "Startup Cost": 0.0, "Total Cost": 1.15, "Plan Rows": 1, "Plan Width": 4, "Filter": "((role)::text = 'writer'::text)"}, {"Node Type": "Nested Loop", "Parent Relationship": "Inner", "Join Type": "Inner", "Startup Cost": 0.0, "Total Cost": 1462923.14, "Plan Rows": 7821201, "Plan Width": 16, "Inner Unique": false, "Plans": [{"Node Type": "Nested Loop", "Parent Relationship": "Outer", "Join Type": "Inner", "Startup Cost": 0.0, "Total Cost": 166734.45, "Plan Rows": 1282311, "Plan Width": 4, "Inner Unique": false, "Plans": [{"Node Type": "Seq Scan", "Parent Relationship": "Outer", "Relation Name": "company_name", "Alias": "cn", "Startup Cost": 0.0, "Total Cost": 5903.45, "Plan Rows": 85170, "Plan Width": 4, "Filter": "((country_code)::text = '[us]'::text)"}, {"Node Type": "Index Scan", "Parent Relationship": "Inner", "Scan Direction": "Forward", "Index Name": "company_id_movie_companies", "Relation Name": "movie_companies", "Alias": "mc", "Startup Cost": 0.0, "Total Cost": 1.74, "Plan Rows": 15, "Plan Width": 8, "Index Cond": "(company_id = cn.id)"}]}, {"Node Type": "Index Scan", "Parent Relationship": "Inner", "Scan Direction": "Forward", "Index Name": "movie_id_cast_info", "Relation Name": "cast_info", "Alias": "ci", "Startup Cost": 0.0, "Total Cost": 0.95, "Plan Rows": 6, "Plan Width": 12, "Index Cond": "(movie_id = mc.movie_id)"}]}]}, {"Node Type": "Index Scan", "Parent Relationship": "Inner", "Scan Direction": "Forward", "Index Name": "person_id_aka_name", "Relation Name": "aka_name", "Alias": "a1", "Startup Cost": 0.0, "Total Cost": 0.27, "Plan Rows": 1, "Plan Width": 20, "Index Cond": "(person_id = ci.person_id)"}]}, {"Node Type": "Index Scan", "Parent Relationship": "Inner", "Scan Direction": "Forward", "Index Name": "title_pkey", "Relation Name": "title", "Alias": "t", "Startup Cost": 0.0, "Total Cost": 0.27, "Plan Rows": 1, "Plan Width": 21, "Index Cond": "(id = ci.movie_id)"}]}, {"Node Type": "Index Scan", "Parent Relationship": "Inner", "Scan Direction": "Forward", "Index Name": "name_pkey", "Relation Name": "name", "Alias": "n1", "Startup Cost": 0.0, "Total Cost": 0.28, "Plan Rows": 1, "Plan Width": 4, "Index Cond": "(id = ci.person_id)"}]}]}, "Unique SQL Id": 2457761703, "Planner Runtime": 6}, "explain_analyze_plan": null}, "(16, 53)": {"explain_plan": {"Plan": {"Node Type": "Aggregate", "Strategy": "Plain", "Startup Cost": 1972577.99, "Total Cost": 1972578.0, "Plan Rows": 1, "Plan Width": 97, "Plans": [{"Node Type": "Nested Loop", "Parent Relationship": "Outer", "Join Type": "Inner", "Startup Cost": 0.0, "Total Cost": 1970792.5, "Plan Rows": 357098, "Plan Width": 33, "Inner Unique": true, "Join Filter": "(a1.person_id = n1.id), (LLVM Optimized)", "Plans": [{"Node Type": "Nested Loop", "Parent Relationship": "Outer", "Join Type": "Inner", "Startup Cost": 0.0, "Total Cost": 1867273.85, "Plan Rows": 357098, "Plan Width": 41, "Inner Unique": true, "Plans": [{"Node Type": "Nested Loop", "Parent Relationship": "Outer", "Join Type": "Inner", "Startup Cost": 0.0, "Total Cost": 1765471.51, "Plan Rows": 357379, "Plan Width": 32, "Inner Unique": false, "Plans": [{"Node Type": "Nested Loop", "Parent Relationship": "Outer", "Join Type": "Inner", "Startup Cost": 0.0, "Total Cost": 1565298.55, "Plan Rows": 711018, "Plan Width": 12, "Inner Unique": false, "Join Filter": "(ci.role_id = rt.id), (LLVM Optimized)", "Plans": [{"Node Type": "Index Scan", "Parent Relationship": "Outer", "Scan Direction": "Forward", "Index Name": "role_type_pkey", "Relation Name": "role_type", "Alias": "rt", "Startup Cost": 0.0, "Total Cost": 12.46, "Plan Rows": 1, "Plan Width": 4, "Filter": "((role)::text = 'writer'::text)"}, {"Node Type": "Nested Loop", "Parent Relationship": "Inner", "Join Type": "Inner", "Startup Cost": 0.0, "Total Cost": 1467521.08, "Plan Rows": 7821201, "Plan Width": 16, "Inner Unique": false, "Plans": [{"Node Type": "Nested Loop", "Parent Relationship": "Outer", "Join Type": "Inner", "Startup Cost": 0.0, "Total Cost": 171332.39, "Plan Rows": 1282311, "Plan Width": 4, "Inner Unique": false, "Plans": [{"Node Type": "Index Scan", "Parent Relationship": "Outer", "Scan Direction": "Forward", "Index Name": "company_name_pkey", "Relation Name": "company_name", "Alias": "cn", "Startup Cost": 0.0, "Total Cost": 10501.39, "Plan Rows": 85170, "Plan Width": 4, "Filter": "((country_code)::text = '[us]'::text)"}, {"Node Type": "Index Scan", "Parent Relationship": "Inner", "Scan Direction": "Forward", "Index Name": "company_id_movie_companies", "Relation Name": "movie_companies", "Alias": "mc", "Startup Cost": 0.0, "Total Cost": 1.74, "Plan Rows": 15, "Plan Width": 8, "Index Cond": "(company_id = cn.id)"}]}, {"Node Type": "Index Scan", "Parent Relationship": "Inner", "Scan Direction": "Forward", "Index Name": "movie_id_cast_info", "Relation Name": "cast_info", "Alias": "ci", "Startup Cost": 0.0, "Total Cost": 0.95, "Plan Rows": 6, "Plan Width": 12, "Index Cond": "(movie_id = mc.movie_id)"}]}]}, {"Node Type": "Index Scan", "Parent Relationship": "Inner", "Scan Direction": "Forward", "Index Name": "person_id_aka_name", "Relation Name": "aka_name", "Alias": "a1", "Startup Cost": 0.0, "Total Cost": 0.27, "Plan Rows": 1, "Plan Width": 20, "Index Cond": "(person_id = ci.person_id)"}]}, {"Node Type": "Index Scan", "Parent Relationship": "Inner", "Scan Direction": "Forward", "Index Name": "title_pkey", "Relation Name": "title", "Alias": "t", "Startup Cost": 0.0, "Total Cost": 0.27, "Plan Rows": 1, "Plan Width": 21, "Index Cond": "(id = ci.movie_id)"}]}, {"Node Type": "Index Scan", "Parent Relationship": "Inner", "Scan Direction": "Forward", "Index Name": "name_pkey", "Relation Name": "name", "Alias": "n1", "Startup Cost": 0.0, "Total Cost": 0.28, "Plan Rows": 1, "Plan Width": 4, "Index Cond": "(id = ci.person_id)"}]}]}, "Unique SQL Id": 2457761703, "Planner Runtime": 6}, "explain_analyze_plan": null}, "(16, 54)": {"explain_plan": {"Plan": {"Node Type": "Aggregate", "Strategy": "Plain", "Startup Cost": 12604914.55, "Total Cost": 12604914.56, "Plan Rows": 1, "Plan Width": 97, "Plans": [{"Node Type": "Nested Loop", "Parent Relationship": "Outer", "Join Type": "Inner", "Startup Cost": 2.1, "Total Cost": 12603129.06, "Plan Rows": 357098, "Plan Width": 33, "Inner Unique": true, "Join Filter": "(a1.person_id = n1.id), (LLVM Optimized)", "Plans": [{"Node Type": "Nested Loop", "Parent Relationship": "Outer", "Join Type": "Inner", "Startup Cost": 1.84, "Total Cost": 11073153.85, "Plan Rows": 357098, "Plan Width": 41, "Inner Unique": true, "Plans": [{"Node Type": "Nested Loop", "Parent Relationship": "Outer", "Join Type": "Inner", "Startup Cost": 1.58, "Total Cost": 9543117.59, "Plan Rows": 357379, "Plan Width": 32, "Inner Unique": false, "Plans": [{"Node Type": "Nested Loop", "Parent Relationship": "Outer", "Join Type": "Inner", "Startup Cost": 1.33, "Total Cost": 6499549.44, "Plan Rows": 711018, "Plan Width": 12, "Inner Unique": false, "Join Filter": "(ci.role_id = rt.id), (LLVM Optimized)", "Plans": [{"Node Type": "Seq Scan", "Parent Relationship": "Outer", "Relation Name": "role_type", "Alias": "rt", "Startup Cost": 0.0, "Total Cost": 1.15, "Plan Rows": 1, "Plan Width": 4, "Filter": "((role)::text = 'writer'::text)"}, {"Node Type": "Nested Loop", "Parent Relationship": "Inner", "Join Type": "Inner", "Startup Cost": 1.33, "Total Cost": 6401783.28, "Plan Rows": 7821201, "Plan Width": 16, "Inner Unique": false, "Plans": [{"Node Type": "Nested Loop", "Parent Relationship": "Outer", "Join Type": "Inner", "Startup Cost": 0.82, "Total Cost": 444829.84, "Plan Rows": 1282311, "Plan Width": 4, "Inner Unique": false, "Plans": [{"Node Type": "Seq Scan", "Parent Relationship": "Outer", "Relation Name": "company_name", "Alias": "cn", "Startup Cost": 0.0, "Total Cost": 5903.45, "Plan Rows": 85170, "Plan Width": 4, "Filter": "((country_code)::text = '[us]'::text)"}, {"Node Type": "Bitmap Heap Scan", "Parent Relationship": "Inner", "Relation Name": "movie_companies", "Alias": "mc", "Startup Cost": 0.82, "Total Cost": 5.0, "Plan Rows": 15, "Plan Width": 8, "Recheck Cond": "(company_id = cn.id)", "Plans": [{"Node Type": "Bitmap Index Scan", "Parent Relationship": "Outer", "Index Name": "company_id_movie_companies", "Startup Cost": 0.0, "Total Cost": 0.81, "Plan Rows": 15, "Plan Width": 0, "Index Cond": "(company_id = cn.id)"}]}]}, {"Node Type": "Bitmap Heap Scan", "Parent Relationship": "Inner", "Relation Name": "cast_info", "Alias": "ci", "Startup Cost": 0.51, "Total Cost": 4.59, "Plan Rows": 6, "Plan Width": 12, "Recheck Cond": "(movie_id = mc.movie_id)", "Plans": [{"Node Type": "Bitmap Index Scan", "Parent Relationship": "Outer", "Index Name": "movie_id_cast_info", "Startup Cost": 0.0, "Total Cost": 0.51, "Plan Rows": 6, "Plan Width": 0, "Index Cond": "(movie_id = mc.movie_id)"}]}]}]}, {"Node Type": "Bitmap Heap Scan", "Parent Relationship": "Inner", "Relation Name": "aka_name", "Alias": "a1", "Startup Cost": 0.26, "Total Cost": 4.27, "Plan Rows": 1, "Plan Width": 20, "Recheck Cond": "(person_id = ci.person_id)", "Plans": [{"Node Type": "Bitmap Index Scan", "Parent Relationship": "Outer", "Index Name": "person_id_aka_name", "Startup Cost": 0.0, "Total Cost": 0.26, "Plan Rows": 1, "Plan Width": 0, "Index Cond": "(person_id = ci.person_id)"}]}]}, {"Node Type": "Bitmap Heap Scan", "Parent Relationship": "Inner", "Relation Name": "title", "Alias": "t", "Startup Cost": 0.26, "Total Cost": 4.27, "Plan Rows": 1, "Plan Width": 21, "Recheck Cond": "(id = ci.movie_id)", "Plans": [{"Node Type": "Bitmap Index Scan", "Parent Relationship": "Outer", "Index Name": "title_pkey", "Startup Cost": 0.0, "Total Cost": 0.26, "Plan Rows": 1, "Plan Width": 0, "Index Cond": "(id = ci.movie_id)"}]}]}, {"Node Type": "Bitmap Heap Scan", "Parent Relationship": "Inner", "Relation Name": "name", "Alias": "n1", "Startup Cost": 0.26, "Total Cost": 4.27, "Plan Rows": 1, "Plan Width": 4, "Recheck Cond": "(id = ci.person_id)", "Plans": [{"Node Type": "Bitmap Index Scan", "Parent Relationship": "Outer", "Index Name": "name_pkey", "Startup Cost": 0.0, "Total Cost": 0.26, "Plan Rows": 1, "Plan Width": 0, "Index Cond": "(id = ci.person_id)"}]}]}]}, "Unique SQL Id": 2457761703, "Planner Runtime": 22}, "explain_analyze_plan": null}, "(16, 55)": {"explain_plan": {"Plan": {"Node Type": "Aggregate", "Strategy": "Plain", "Startup Cost": 12607726.38, "Total Cost": 12607726.39, "Plan Rows": 1, "Plan Width": 97, "Plans": [{"Node Type": "Nested Loop", "Parent Relationship": "Outer", "Join Type": "Inner", "Startup Cost": 2810.94, "Total Cost": 12605940.89, "Plan Rows": 357098, "Plan Width": 33, "Inner Unique": true, "Join Filter": "(a1.person_id = n1.id), (LLVM Optimized)", "Plans": [{"Node Type": "Nested Loop", "Parent Relationship": "Outer", "Join Type": "Inner", "Startup Cost": 2810.68, "Total Cost": 11075965.68, "Plan Rows": 357098, "Plan Width": 41, "Inner Unique": true, "Plans": [{"Node Type": "Nested Loop", "Parent Relationship": "Outer", "Join Type": "Inner", "Startup Cost": 2810.42, "Total Cost": 9545929.42, "Plan Rows": 357379, "Plan Width": 32, "Inner Unique": false, "Plans": [{"Node Type": "Nested Loop", "Parent Relationship": "Outer", "Join Type": "Inner", "Startup Cost": 2810.16, "Total Cost": 6502361.27, "Plan Rows": 711018, "Plan Width": 12, "Inner Unique": false, "Join Filter": "(ci.role_id = rt.id), (LLVM Optimized)", "Plans": [{"Node Type": "Bitmap Heap Scan", "Parent Relationship": "Outer", "Relation Name": "role_type", "Alias": "rt", "Startup Cost": 8.31, "Total Cost": 12.46, "Plan Rows": 1, "Plan Width": 4, "Filter": "((role)::text = 'writer'::text)", "Plans": [{"Node Type": "Bitmap Index Scan", "Parent Relationship": "Outer", "Index Name": "role_type_pkey", "Startup Cost": 0.0, "Total Cost": 8.31, "Plan Rows": 12, "Plan Width": 0}]}, {"Node Type": "Nested Loop", "Parent Relationship": "Inner", "Join Type": "Inner", "Startup Cost": 2801.85, "Total Cost": 6404583.8, "Plan Rows": 7821201, "Plan Width": 16, "Inner Unique": false, "Plans": [{"Node Type": "Nested Loop", "Parent Relationship": "Outer", "Join Type": "Inner", "Startup Cost": 2801.34, "Total Cost": 447630.36, "Plan Rows": 1282311, "Plan Width": 4, "Inner Unique": false, "Plans": [{"Node Type": "Bitmap Heap Scan", "Parent Relationship": "Outer", "Relation Name": "company_name", "Alias": "cn", "Startup Cost": 2800.52, "Total Cost": 8703.97, "Plan Rows": 85170, "Plan Width": 4, "Filter": "((country_code)::text = '[us]'::text)", "Plans": [{"Node Type": "Bitmap Index Scan", "Parent Relationship": "Outer", "Index Name": "company_name_pkey", "Startup Cost": 0.0, "Total Cost": 2779.23, "Plan Rows": 234996, "Plan Width": 0}]}, {"Node Type": "Bitmap Heap Scan", "Parent Relationship": "Inner", "Relation Name": "movie_companies", "Alias": "mc", "Startup Cost": 0.82, "Total Cost": 5.0, "Plan Rows": 15, "Plan Width": 8, "Recheck Cond": "(company_id = cn.id)", "Plans": [{"Node Type": "Bitmap Index Scan", "Parent Relationship": "Outer", "Index Name": "company_id_movie_companies", "Startup Cost": 0.0, "Total Cost": 0.81, "Plan Rows": 15, "Plan Width": 0, "Index Cond": "(company_id = cn.id)"}]}]}, {"Node Type": "Bitmap Heap Scan", "Parent Relationship": "Inner", "Relation Name": "cast_info", "Alias": "ci", "Startup Cost": 0.51, "Total Cost": 4.59, "Plan Rows": 6, "Plan Width": 12, "Recheck Cond": "(movie_id = mc.movie_id)", "Plans": [{"Node Type": "Bitmap Index Scan", "Parent Relationship": "Outer", "Index Name": "movie_id_cast_info", "Startup Cost": 0.0, "Total Cost": 0.51, "Plan Rows": 6, "Plan Width": 0, "Index Cond": "(movie_id = mc.movie_id)"}]}]}]}, {"Node Type": "Bitmap Heap Scan", "Parent Relationship": "Inner", "Relation Name": "aka_name", "Alias": "a1", "Startup Cost": 0.26, "Total Cost": 4.27, "Plan Rows": 1, "Plan Width": 20, "Recheck Cond": "(person_id = ci.person_id)", "Plans": [{"Node Type": "Bitmap Index Scan", "Parent Relationship": "Outer", "Index Name": "person_id_aka_name", "Startup Cost": 0.0, "Total Cost": 0.26, "Plan Rows": 1, "Plan Width": 0, "Index Cond": "(person_id = ci.person_id)"}]}]}, {"Node Type": "Bitmap Heap Scan", "Parent Relationship": "Inner", "Relation Name": "title", "Alias": "t", "Startup Cost": 0.26, "Total Cost": 4.27, "Plan Rows": 1, "Plan Width": 21, "Recheck Cond": "(id = ci.movie_id)", "Plans": [{"Node Type": "Bitmap Index Scan", "Parent Relationship": "Outer", "Index Name": "title_pkey", "Startup Cost": 0.0, "Total Cost": 0.26, "Plan Rows": 1, "Plan Width": 0, "Index Cond": "(id = ci.movie_id)"}]}]}, {"Node Type": "Bitmap Heap Scan", "Parent Relationship": "Inner", "Relation Name": "name", "Alias": "n1", "Startup Cost": 0.26, "Total Cost": 4.27, "Plan Rows": 1, "Plan Width": 4, "Recheck Cond": "(id = ci.person_id)", "Plans": [{"Node Type": "Bitmap Index Scan", "Parent Relationship": "Outer", "Index Name": "name_pkey", "Startup Cost": 0.0, "Total Cost": 0.26, "Plan Rows": 1, "Plan Width": 0, "Index Cond": "(id = ci.person_id)"}]}]}]}, "Unique SQL Id": 2457761703, "Planner Runtime": 5}, "explain_analyze_plan": null}, "(16, 56)": {"explain_plan": {"Plan": {"Node Type": "Aggregate", "Strategy": "Plain", "Startup Cost": 1965944.02, "Total Cost": 1965944.03, "Plan Rows": 1, "Plan Width": 97, "Plans": [{"Node Type": "Nested Loop", "Parent Relationship": "Outer", "Join Type": "Inner", "Startup Cost": 0.0, "Total Cost": 1964158.53, "Plan Rows": 357098, "Plan Width": 33, "Inner Unique": true, "Join Filter": "(a1.person_id = n1.id), (LLVM Optimized)", "Plans": [{"Node Type": "Nested Loop", "Parent Relationship": "Outer", "Join Type": "Inner", "Startup Cost": 0.0, "Total Cost": 1862664.6, "Plan Rows": 357098, "Plan Width": 41, "Inner Unique": true, "Plans": [{"Node Type": "Nested Loop", "Parent Relationship": "Outer", "Join Type": "Inner", "Startup Cost": 0.0, "Total Cost": 1760862.26, "Plan Rows": 357379, "Plan Width": 32, "Inner Unique": false, "Plans": [{"Node Type": "Nested Loop", "Parent Relationship": "Outer", "Join Type": "Inner", "Startup Cost": 0.0, "Total Cost": 1560689.3, "Plan Rows": 711018, "Plan Width": 12, "Inner Unique": false, "Join Filter": "(ci.role_id = rt.id), (LLVM Optimized)", "Plans": [{"Node Type": "Seq Scan", "Parent Relationship": "Outer", "Relation Name": "role_type", "Alias": "rt", "Startup Cost": 0.0, "Total Cost": 1.15, "Plan Rows": 1, "Plan Width": 4, "Filter": "((role)::text = 'writer'::text)"}, {"Node Type": "Nested Loop", "Parent Relationship": "Inner", "Join Type": "Inner", "Startup Cost": 0.0, "Total Cost": 1462923.14, "Plan Rows": 7821201, "Plan Width": 16, "Inner Unique": false, "Plans": [{"Node Type": "Nested Loop", "Parent Relationship": "Outer", "Join Type": "Inner", "Startup Cost": 0.0, "Total Cost": 166734.45, "Plan Rows": 1282311, "Plan Width": 4, "Inner Unique": false, "Plans": [{"Node Type": "Seq Scan", "Parent Relationship": "Outer", "Relation Name": "company_name", "Alias": "cn", "Startup Cost": 0.0, "Total Cost": 5903.45, "Plan Rows": 85170, "Plan Width": 4, "Filter": "((country_code)::text = '[us]'::text)"}, {"Node Type": "Index Scan", "Parent Relationship": "Inner", "Scan Direction": "Forward", "Index Name": "company_id_movie_companies", "Relation Name": "movie_companies", "Alias": "mc", "Startup Cost": 0.0, "Total Cost": 1.74, "Plan Rows": 15, "Plan Width": 8, "Index Cond": "(company_id = cn.id)"}]}, {"Node Type": "Index Scan", "Parent Relationship": "Inner", "Scan Direction": "Forward", "Index Name": "movie_id_cast_info", "Relation Name": "cast_info", "Alias": "ci", "Startup Cost": 0.0, "Total Cost": 0.95, "Plan Rows": 6, "Plan Width": 12, "Index Cond": "(movie_id = mc.movie_id)"}]}]}, {"Node Type": "Index Scan", "Parent Relationship": "Inner", "Scan Direction": "Forward", "Index Name": "person_id_aka_name", "Relation Name": "aka_name", "Alias": "a1", "Startup Cost": 0.0, "Total Cost": 0.27, "Plan Rows": 1, "Plan Width": 20, "Index Cond": "(person_id = ci.person_id)"}]}, {"Node Type": "Index Scan", "Parent Relationship": "Inner", "Scan Direction": "Forward", "Index Name": "title_pkey", "Relation Name": "title", "Alias": "t", "Startup Cost": 0.0, "Total Cost": 0.27, "Plan Rows": 1, "Plan Width": 21, "Index Cond": "(id = ci.movie_id)"}]}, {"Node Type": "Index Only Scan", "Parent Relationship": "Inner", "Scan Direction": "Forward", "Index Name": "name_pkey", "Relation Name": "name", "Alias": "n1", "Startup Cost": 0.0, "Total Cost": 0.27, "Plan Rows": 1, "Plan Width": 4, "Index Cond": "(id = ci.person_id)"}]}]}, "Unique SQL Id": 2457761703, "Planner Runtime": 7}, "explain_analyze_plan": null}, "(16, 57)": {"explain_plan": {"Plan": {"Node Type": "Aggregate", "Strategy": "Plain", "Startup Cost": 1970553.27, "Total Cost": 1970553.28, "Plan Rows": 1, "Plan Width": 97, "Plans": [{"Node Type": "Nested Loop", "Parent Relationship": "Outer", "Join Type": "Inner", "Startup Cost": 0.0, "Total Cost": 1968767.78, "Plan Rows": 357098, "Plan Width": 33, "Inner Unique": true, "Join Filter": "(a1.person_id = n1.id), (LLVM Optimized)", "Plans": [{"Node Type": "Nested Loop", "Parent Relationship": "Outer", "Join Type": "Inner", "Startup Cost": 0.0, "Total Cost": 1867273.85, "Plan Rows": 357098, "Plan Width": 41, "Inner Unique": true, "Plans": [{"Node Type": "Nested Loop", "Parent Relationship": "Outer", "Join Type": "Inner", "Startup Cost": 0.0, "Total Cost": 1765471.51, "Plan Rows": 357379, "Plan Width": 32, "Inner Unique": false, "Plans": [{"Node Type": "Nested Loop", "Parent Relationship": "Outer", "Join Type": "Inner", "Startup Cost": 0.0, "Total Cost": 1565298.55, "Plan Rows": 711018, "Plan Width": 12, "Inner Unique": false, "Join Filter": "(ci.role_id = rt.id), (LLVM Optimized)", "Plans": [{"Node Type": "Index Scan", "Parent Relationship": "Outer", "Scan Direction": "Forward", "Index Name": "role_type_pkey", "Relation Name": "role_type", "Alias": "rt", "Startup Cost": 0.0, "Total Cost": 12.46, "Plan Rows": 1, "Plan Width": 4, "Filter": "((role)::text = 'writer'::text)"}, {"Node Type": "Nested Loop", "Parent Relationship": "Inner", "Join Type": "Inner", "Startup Cost": 0.0, "Total Cost": 1467521.08, "Plan Rows": 7821201, "Plan Width": 16, "Inner Unique": false, "Plans": [{"Node Type": "Nested Loop", "Parent Relationship": "Outer", "Join Type": "Inner", "Startup Cost": 0.0, "Total Cost": 171332.39, "Plan Rows": 1282311, "Plan Width": 4, "Inner Unique": false, "Plans": [{"Node Type": "Index Scan", "Parent Relationship": "Outer", "Scan Direction": "Forward", "Index Name": "company_name_pkey", "Relation Name": "company_name", "Alias": "cn", "Startup Cost": 0.0, "Total Cost": 10501.39, "Plan Rows": 85170, "Plan Width": 4, "Filter": "((country_code)::text = '[us]'::text)"}, {"Node Type": "Index Scan", "Parent Relationship": "Inner", "Scan Direction": "Forward", "Index Name": "company_id_movie_companies", "Relation Name": "movie_companies", "Alias": "mc", "Startup Cost": 0.0, "Total Cost": 1.74, "Plan Rows": 15, "Plan Width": 8, "Index Cond": "(company_id = cn.id)"}]}, {"Node Type": "Index Scan", "Parent Relationship": "Inner", "Scan Direction": "Forward", "Index Name": "movie_id_cast_info", "Relation Name": "cast_info", "Alias": "ci", "Startup Cost": 0.0, "Total Cost": 0.95, "Plan Rows": 6, "Plan Width": 12, "Index Cond": "(movie_id = mc.movie_id)"}]}]}, {"Node Type": "Index Scan", "Parent Relationship": "Inner", "Scan Direction": "Forward", "Index Name": "person_id_aka_name", "Relation Name": "aka_name", "Alias": "a1", "Startup Cost": 0.0, "Total Cost": 0.27, "Plan Rows": 1, "Plan Width": 20, "Index Cond": "(person_id = ci.person_id)"}]}, {"Node Type": "Index Scan", "Parent Relationship": "Inner", "Scan Direction": "Forward", "Index Name": "title_pkey", "Relation Name": "title", "Alias": "t", "Startup Cost": 0.0, "Total Cost": 0.27, "Plan Rows": 1, "Plan Width": 21, "Index Cond": "(id = ci.movie_id)"}]}, {"Node Type": "Index Only Scan", "Parent Relationship": "Inner", "Scan Direction": "Forward", "Index Name": "name_pkey", "Relation Name": "name", "Alias": "n1", "Startup Cost": 0.0, "Total Cost": 0.27, "Plan Rows": 1, "Plan Width": 4, "Index Cond": "(id = ci.person_id)"}]}]}, "Unique SQL Id": 2457761703, "Planner Runtime": 5}, "explain_analyze_plan": null}, "(16, 58)": {"explain_plan": {"Plan": {"Node Type": "Aggregate", "Strategy": "Plain", "Startup Cost": 438777366.04, "Total Cost": 438777366.06, "Plan Rows": 1, "Plan Width": 97, "Plans": [{"Node Type": "Streaming(type: LOCAL GATHER dop: 1/16)", "Parent Relationship": "Outer", "Startup Cost": 438777366.04, "Total Cost": 438777366.06, "Plan Rows": 1, "Plan Width": 97, "Plans": [{"Node Type": "Aggregate", "Strategy": "Plain", "Parent Relationship": "Outer", "Startup Cost": 438777366.04, "Total Cost": 438777366.05, "Plan Rows": 1, "Plan Width": 97, "Plans": [{"Node Type": "Nested Loop", "Parent Relationship": "Outer", "Join Type": "Inner", "Startup Cost": 0.0, "Total Cost": 438775580.55, "Plan Rows": 357098, "Plan Width": 33, "Inner Unique": false, "Join Filter": "(a1.person_id = n1.id), (LLVM Optimized)", "Plans": [{"Node Type": "Streaming(type: LOCAL REDISTRIBUTE dop: 16/16)", "Parent Relationship": "Outer", "Startup Cost": 0.0, "Total Cost": 51607.87, "Plan Rows": 4167490, "Plan Width": 4, "Plans": [{"Node Type": "Seq Scan", "Parent Relationship": "Outer", "Relation Name": "name", "Alias": "n1", "Startup Cost": 0.0, "Total Cost": 20816.99, "Plan Rows": 4167490, "Plan Width": 4}]}, {"Node Type": "Materialize", "Parent Relationship": "Inner", "Startup Cost": 0.0, "Total Cost": 351524672.37, "Plan Rows": 357098, "Plan Width": 41, "Plans": [{"Node Type": "Streaming(type: LOCAL REDISTRIBUTE dop: 16/16)", "Parent Relationship": "Outer", "Startup Cost": 0.0, "Total Cost": 351524560.78, "Plan Rows": 357098, "Plan Width": 41, "Plans": [{"Node Type": "Nested Loop", "Parent Relationship": "Outer", "Join Type": "Inner", "Startup Cost": 0.0, "Total Cost": 351508207.71, "Plan Rows": 357098, "Plan Width": 41, "Inner Unique": false, "Join Filter": "(ci.movie_id = t.id), (LLVM Optimized)", "Plans": [{"Node Type": "Streaming(type: LOCAL REDISTRIBUTE dop: 16/16)", "Parent Relationship": "Outer", "Startup Cost": 0.0, "Total Cost": 43334.25, "Plan Rows": 2528311, "Plan Width": 21, "Plans": [{"Node Type": "Seq Scan", "Parent Relationship": "Outer", "Relation Name": "title", "Alias": "t", "Startup Cost": 0.0, "Total Cost": 18754.32, "Plan Rows": 2528311, "Plan Width": 21}]}, {"Node Type": "Materialize", "Parent Relationship": "Inner", "Startup Cost": 0.0, "Total Cost": 298521652.54, "Plan Rows": 357379, "Plan Width": 32, "Plans": [{"Node Type": "Streaming(type: LOCAL REDISTRIBUTE dop: 16/16)", "Parent Relationship": "Outer", "Startup Cost": 0.0, "Total Cost": 298521540.86, "Plan Rows": 357379, "Plan Width": 32, "Plans": [{"Node Type": "Nested Loop", "Parent Relationship": "Outer", "Join Type": "Inner", "Startup Cost": 0.0, "Total Cost": 298505186.73, "Plan Rows": 357379, "Plan Width": 32, "Inner Unique": false, "Join Filter": "(ci.person_id = a1.person_id), (LLVM Optimized)", "Plans": [{"Node Type": "Streaming(type: LOCAL REDISTRIBUTE dop: 16/16)", "Parent Relationship": "Outer", "Startup Cost": 0.0, "Total Cost": 34659.52, "Plan Rows": 901342, "Plan Width": 20, "Plans": [{"Node Type": "Seq Scan", "Parent Relationship": "Outer", "Relation Name": "aka_name", "Alias": "a1", "Startup Cost": 0.0, "Total Cost": 16244.28, "Plan Rows": 901342, "Plan Width": 20}]}, {"Node Type": "Materialize", "Parent Relationship": "Inner", "Startup Cost": 0.0, "Total Cost": 260919639.12, "Plan Rows": 711018, "Plan Width": 12, "Plans": [{"Node Type": "Streaming(type: LOCAL REDISTRIBUTE dop: 16/16)", "Parent Relationship": "Outer", "Startup Cost": 0.0, "Total Cost": 260919416.92, "Plan Rows": 711018, "Plan Width": 12, "Plans": [{"Node Type": "Nested Loop", "Parent Relationship": "Outer", "Join Type": "Inner", "Startup Cost": 0.0, "Total Cost": 260901722.83, "Plan Rows": 711018, "Plan Width": 12, "Inner Unique": false, "Join Filter": "(ci.movie_id = mc.movie_id), (LLVM Optimized)", "Plans": [{"Node Type": "Streaming(type: LOCAL REDISTRIBUTE dop: 16/16)", "Parent Relationship": "Outer", "Startup Cost": 0.0, "Total Cost": 123436.55, "Plan Rows": 3296318, "Plan Width": 8, "Plans": [{"Node Type": "Nested Loop", "Parent Relationship": "Outer", "Join Type": "Inner", "Startup Cost": 0.0, "Total Cost": 95946.6, "Plan Rows": 3296318, "Plan Width": 8, "Inner Unique": false, "Join Filter": "(ci.role_id = rt.id), (LLVM Optimized)", "Plans": [{"Node Type": "Streaming(type: BROADCAST dop: 16/1)", "Parent Relationship": "Outer", "Startup Cost": 0.0, "Total Cost": 15001.5, "Plan Rows": 16, "Plan Width": 4, "Plans": [{"Node Type": "Seq Scan", "Parent Relationship": "Outer", "Relation Name": "role_type", "Alias": "rt", "Startup Cost": 0.0, "Total Cost": 1.15, "Plan Rows": 1, "Plan Width": 4, "Filter": "((role)::text = 'writer'::text)"}]}, {"Node Type": "Seq Scan", "Parent Relationship": "Inner", "Relation Name": "cast_info", "Alias": "ci", "Startup Cost": 0.0, "Total Cost": 52617.37, "Plan Rows": 36259494, "Plan Width": 12}]}]}, {"Node Type": "Materialize", "Parent Relationship": "Inner", "Startup Cost": 0.0, "Total Cost": 13108281.71, "Plan Rows": 1282311, "Plan Width": 4, "Plans": [{"Node Type": "Streaming(type: LOCAL REDISTRIBUTE dop: 16/16)", "Parent Relationship": "Outer", "Startup Cost": 0.0, "Total Cost": 13107880.98, "Plan Rows": 1282311, "Plan Width": 4, "Plans": [{"Node Type": "Nested Loop", "Parent Relationship": "Outer", "Join Type": "Inner", "Startup Cost": 0.0, "Total Cost": 13088022.23, "Plan Rows": 1282311, "Plan Width": 4, "Inner Unique": false, "Join Filter": "(cn.id = mc.company_id), (LLVM Optimized)", "Plans": [{"Node Type": "Streaming(type: LOCAL REDISTRIBUTE dop: 16/1)", "Parent Relationship": "Outer", "Startup Cost": 0.0, "Total Cost": 24444.99, "Plan Rows": 85170, "Plan Width": 4, "Plans": [{"Node Type": "Seq Scan", "Parent Relationship": "Outer", "Relation Name": "company_name", "Alias": "cn", "Startup Cost": 0.0, "Total Cost": 5903.45, "Plan Rows": 85170, "Plan Width": 4, "Filter": "((country_code)::text = '[us]'::text)"}]}, {"Node Type": "Materialize", "Parent Relationship": "Inner", "Startup Cost": 0.0, "Total Cost": 43315.08, "Plan Rows": 2609128, "Plan Width": 8, "Plans": [{"Node Type": "Streaming(type: LOCAL REDISTRIBUTE dop: 16/16)", "Parent Relationship": "Outer", "Startup Cost": 0.0, "Total Cost": 42499.73, "Plan Rows": 2609128, "Plan Width": 8, "Plans": [{"Node Type": "Seq Scan", "Parent Relationship": "Outer", "Relation Name": "movie_companies", "Alias": "mc", "Startup Cost": 0.0, "Total Cost": 17613.58, "Plan Rows": 2609128, "Plan Width": 8}]}]}]}]}]}]}]}]}]}]}]}]}]}]}]}]}]}]}, "Unique SQL Id": 2457761703, "Planner Runtime": 11}, "explain_analyze_plan": null}, "(16, 59)": {"explain_plan": {"Plan": {"Node Type": "Aggregate", "Strategy": "Plain", "Startup Cost": 7112442136285.67, "Total Cost": 7112442136285.68, "Plan Rows": 1, "Plan Width": 97, "Plans": [{"Node Type": "Nested Loop", "Parent Relationship": "Outer", "Join Type": "Inner", "Startup Cost": 70000000000.0, "Total Cost": 7112442134500.18, "Plan Rows": 357098, "Plan Width": 33, "Inner Unique": false, "Join Filter": "(a1.person_id = n1.id), (LLVM Optimized)", "Plans": [{"Node Type": "Index Only Scan", "Parent Relationship": "Outer", "Scan Direction": "Forward", "Index Name": "name_pkey", "Relation Name": "name", "Alias": "n1", "Startup Cost": 10000000000.0, "Total Cost": 1000012483260.0, "Plan Rows": 4167490, "Plan Width": 4}, {"Node Type": "Materialize", "Parent Relationship": "Inner", "Startup Cost": 60000000000.0, "Total Cost": 6090106616972.63, "Plan Rows": 357098, "Plan Width": 41, "Plans": [{"Node Type": "Nested Loop", "Parent Relationship": "Outer", "Join Type": "Inner", "Startup Cost": 60000000000.0, "Total Cost": 6090106615187.14, "Plan Rows": 357098, "Plan Width": 41, "Inner Unique": true, "Join Filter": "(ci.movie_id = t.id), (LLVM Optimized)", "Plans": [{"Node Type": "Nested Loop", "Parent Relationship": "Outer", "Join Type": "Inner", "Startup Cost": 50000000000.0, "Total Cost": 5076542117964.41, "Plan Rows": 357379, "Plan Width": 32, "Inner Unique": false, "Join Filter": "(ci.person_id = a1.person_id), (LLVM Optimized)", "Plans": [{"Node Type": "Nested Loop", "Parent Relationship": "Outer", "Join Type": "Inner", "Startup Cost": 40000000000.0, "Total Cost": 4066922163415.29, "Plan Rows": 711018, "Plan Width": 12, "Inner Unique": false, "Join Filter": "(ci.movie_id = mc.movie_id), (LLVM Optimized)", "Plans": [{"Node Type": "Nested Loop", "Parent Relationship": "Outer", "Join Type": "Inner", "Startup Cost": 20000000000.0, "Total Cost": 2000171193971.62, "Plan Rows": 3296318, "Plan Width": 8, "Inner Unique": true, "Join Filter": "(ci.role_id = rt.id), (LLVM Optimized)", "Plans": [{"Node Type": "Index Scan", "Parent Relationship": "Outer", "Scan Direction": "Forward", "Index Name": "person_id_cast_info", "Relation Name": "cast_info", "Alias": "ci", "Startup Cost": 10000000000.0, "Total Cost": 1000170648833.21, "Plan Rows": 36259494, "Plan Width": 12}, {"Node Type": "Materialize", "Parent Relationship": "Inner", "Startup Cost": 10000000000.0, "Total Cost": 1000000001246.0, "Plan Rows": 1, "Plan Width": 4, "Plans": [{"Node Type": "Index Scan", "Parent Relationship": "Outer", "Scan Direction": "Forward", "Index Name": "role_type_pkey", "Relation Name": "role_type", "Alias": "rt", "Startup Cost": 10000000000.0, "Total Cost": 1000000001246.0, "Plan Rows": 1, "Plan Width": 4, "Filter": "((role)::text = 'writer'::text)"}]}]}, {"Node Type": "Materialize", "Parent Relationship": "Inner", "Startup Cost": 20000000000.0, "Total Cost": 2003347400185.98, "Plan Rows": 1282311, "Plan Width": 4, "Plans": [{"Node Type": "Nested Loop", "Parent Relationship": "Outer", "Join Type": "Inner", "Startup Cost": 20000000000.0, "Total Cost": 2003347393774.42, "Plan Rows": 1282311, "Plan Width": 4, "Inner Unique": true, "Join Filter": "(cn.id = mc.company_id), (LLVM Optimized)", "Plans": [{"Node Type": "Index Scan", "Parent Relationship": "Outer", "Scan Direction": "Forward", "Index Name": "movie_id_movie_companies", "Relation Name": "movie_companies", "Alias": "mc", "Startup Cost": 10000000000.0, "Total Cost": 1000013051946.13, "Plan Rows": 2609128, "Plan Width": 8}, {"Node Type": "Materialize", "Parent Relationship": "Inner", "Startup Cost": 10000000000.0, "Total Cost": 1000001050564.82, "Plan Rows": 85170, "Plan Width": 4, "Plans": [{"Node Type": "Index Scan", "Parent Relationship": "Outer", "Scan Direction": "Forward", "Index Name": "company_name_pkey", "Relation Name": "company_name", "Alias": "cn", "Startup Cost": 10000000000.0, "Total Cost": 1000001050138.97, "Plan Rows": 85170, "Plan Width": 4, "Filter": "((country_code)::text = '[us]'::text)"}]}]}]}]}, {"Node Type": "Materialize", "Parent Relationship": "Inner", "Startup Cost": 10000000000.0, "Total Cost": 1000006901010.14, "Plan Rows": 901342, "Plan Width": 20, "Plans": [{"Node Type": "Index Scan", "Parent Relationship": "Outer", "Scan Direction": "Forward", "Index Name": "person_id_aka_name", "Relation Name": "aka_name", "Alias": "a1", "Startup Cost": 10000000000.0, "Total Cost": 1000006896503.43, "Plan Rows": 901342, "Plan Width": 20}]}]}, {"Node Type": "Materialize", "Parent Relationship": "Inner", "Startup Cost": 10000000000.0, "Total Cost": 1000011024690.47, "Plan Rows": 2528311, "Plan Width": 21, "Plans": [{"Node Type": "Index Scan", "Parent Relationship": "Outer", "Scan Direction": "Forward", "Index Name": "title_pkey", "Relation Name": "title", "Alias": "t", "Startup Cost": 10000000000.0, "Total Cost": 1000011012048.91, "Plan Rows": 2528311, "Plan Width": 21}]}]}]}]}]}, "Unique SQL Id": 2457761703, "Planner Runtime": 4}, "explain_analyze_plan": null}, "(16, 60)": {"explain_plan": {"Plan": {"Node Type": "Aggregate", "Strategy": "Plain", "Startup Cost": 1967968.74, "Total Cost": 1967968.75, "Plan Rows": 1, "Plan Width": 97, "Plans": [{"Node Type": "Nested Loop", "Parent Relationship": "Outer", "Join Type": "Inner", "Startup Cost": 0.0, "Total Cost": 1966183.25, "Plan Rows": 357098, "Plan Width": 33, "Inner Unique": true, "Join Filter": "(a1.person_id = n1.id), (LLVM Optimized)", "Plans": [{"Node Type": "Nested Loop", "Parent Relationship": "Outer", "Join Type": "Inner", "Startup Cost": 0.0, "Total Cost": 1862664.6, "Plan Rows": 357098, "Plan Width": 41, "Inner Unique": true, "Plans": [{"Node Type": "Nested Loop", "Parent Relationship": "Outer", "Join Type": "Inner", "Startup Cost": 0.0, "Total Cost": 1760862.26, "Plan Rows": 357379, "Plan Width": 32, "Inner Unique": false, "Plans": [{"Node Type": "Nested Loop", "Parent Relationship": "Outer", "Join Type": "Inner", "Startup Cost": 0.0, "Total Cost": 1560689.3, "Plan Rows": 711018, "Plan Width": 12, "Inner Unique": false, "Join Filter": "(ci.role_id = rt.id), (LLVM Optimized)", "Plans": [{"Node Type": "Seq Scan", "Parent Relationship": "Outer", "Relation Name": "role_type", "Alias": "rt", "Startup Cost": 0.0, "Total Cost": 1.15, "Plan Rows": 1, "Plan Width": 4, "Filter": "((role)::text = 'writer'::text)"}, {"Node Type": "Nested Loop", "Parent Relationship": "Inner", "Join Type": "Inner", "Startup Cost": 0.0, "Total Cost": 1462923.14, "Plan Rows": 7821201, "Plan Width": 16, "Inner Unique": false, "Plans": [{"Node Type": "Nested Loop", "Parent Relationship": "Outer", "Join Type": "Inner", "Startup Cost": 0.0, "Total Cost": 166734.45, "Plan Rows": 1282311, "Plan Width": 4, "Inner Unique": false, "Plans": [{"Node Type": "Seq Scan", "Parent Relationship": "Outer", "Relation Name": "company_name", "Alias": "cn", "Startup Cost": 0.0, "Total Cost": 5903.45, "Plan Rows": 85170, "Plan Width": 4, "Filter": "((country_code)::text = '[us]'::text)"}, {"Node Type": "Index Scan", "Parent Relationship": "Inner", "Scan Direction": "Forward", "Index Name": "company_id_movie_companies", "Relation Name": "movie_companies", "Alias": "mc", "Startup Cost": 0.0, "Total Cost": 1.74, "Plan Rows": 15, "Plan Width": 8, "Index Cond": "(company_id = cn.id)"}]}, {"Node Type": "Index Scan", "Parent Relationship": "Inner", "Scan Direction": "Forward", "Index Name": "movie_id_cast_info", "Relation Name": "cast_info", "Alias": "ci", "Startup Cost": 0.0, "Total Cost": 0.95, "Plan Rows": 6, "Plan Width": 12, "Index Cond": "(movie_id = mc.movie_id)"}]}]}, {"Node Type": "Index Scan", "Parent Relationship": "Inner", "Scan Direction": "Forward", "Index Name": "person_id_aka_name", "Relation Name": "aka_name", "Alias": "a1", "Startup Cost": 0.0, "Total Cost": 0.27, "Plan Rows": 1, "Plan Width": 20, "Index Cond": "(person_id = ci.person_id)"}]}, {"Node Type": "Index Scan", "Parent Relationship": "Inner", "Scan Direction": "Forward", "Index Name": "title_pkey", "Relation Name": "title", "Alias": "t", "Startup Cost": 0.0, "Total Cost": 0.27, "Plan Rows": 1, "Plan Width": 21, "Index Cond": "(id = ci.movie_id)"}]}, {"Node Type": "Index Scan", "Parent Relationship": "Inner", "Scan Direction": "Forward", "Index Name": "name_pkey", "Relation Name": "name", "Alias": "n1", "Startup Cost": 0.0, "Total Cost": 0.28, "Plan Rows": 1, "Plan Width": 4, "Index Cond": "(id = ci.person_id)"}]}]}, "Unique SQL Id": 2457761703, "Planner Runtime": 6}, "explain_analyze_plan": null}, "(16, 61)": {"explain_plan": {"Plan": {"Node Type": "Aggregate", "Strategy": "Plain", "Startup Cost": 1972577.99, "Total Cost": 1972578.0, "Plan Rows": 1, "Plan Width": 97, "Plans": [{"Node Type": "Nested Loop", "Parent Relationship": "Outer", "Join Type": "Inner", "Startup Cost": 0.0, "Total Cost": 1970792.5, "Plan Rows": 357098, "Plan Width": 33, "Inner Unique": true, "Join Filter": "(a1.person_id = n1.id), (LLVM Optimized)", "Plans": [{"Node Type": "Nested Loop", "Parent Relationship": "Outer", "Join Type": "Inner", "Startup Cost": 0.0, "Total Cost": 1867273.85, "Plan Rows": 357098, "Plan Width": 41, "Inner Unique": true, "Plans": [{"Node Type": "Nested Loop", "Parent Relationship": "Outer", "Join Type": "Inner", "Startup Cost": 0.0, "Total Cost": 1765471.51, "Plan Rows": 357379, "Plan Width": 32, "Inner Unique": false, "Plans": [{"Node Type": "Nested Loop", "Parent Relationship": "Outer", "Join Type": "Inner", "Startup Cost": 0.0, "Total Cost": 1565298.55, "Plan Rows": 711018, "Plan Width": 12, "Inner Unique": false, "Join Filter": "(ci.role_id = rt.id), (LLVM Optimized)", "Plans": [{"Node Type": "Index Scan", "Parent Relationship": "Outer", "Scan Direction": "Forward", "Index Name": "role_type_pkey", "Relation Name": "role_type", "Alias": "rt", "Startup Cost": 0.0, "Total Cost": 12.46, "Plan Rows": 1, "Plan Width": 4, "Filter": "((role)::text = 'writer'::text)"}, {"Node Type": "Nested Loop", "Parent Relationship": "Inner", "Join Type": "Inner", "Startup Cost": 0.0, "Total Cost": 1467521.08, "Plan Rows": 7821201, "Plan Width": 16, "Inner Unique": false, "Plans": [{"Node Type": "Nested Loop", "Parent Relationship": "Outer", "Join Type": "Inner", "Startup Cost": 0.0, "Total Cost": 171332.39, "Plan Rows": 1282311, "Plan Width": 4, "Inner Unique": false, "Plans": [{"Node Type": "Index Scan", "Parent Relationship": "Outer", "Scan Direction": "Forward", "Index Name": "company_name_pkey", "Relation Name": "company_name", "Alias": "cn", "Startup Cost": 0.0, "Total Cost": 10501.39, "Plan Rows": 85170, "Plan Width": 4, "Filter": "((country_code)::text = '[us]'::text)"}, {"Node Type": "Index Scan", "Parent Relationship": "Inner", "Scan Direction": "Forward", "Index Name": "company_id_movie_companies", "Relation Name": "movie_companies", "Alias": "mc", "Startup Cost": 0.0, "Total Cost": 1.74, "Plan Rows": 15, "Plan Width": 8, "Index Cond": "(company_id = cn.id)"}]}, {"Node Type": "Index Scan", "Parent Relationship": "Inner", "Scan Direction": "Forward", "Index Name": "movie_id_cast_info", "Relation Name": "cast_info", "Alias": "ci", "Startup Cost": 0.0, "Total Cost": 0.95, "Plan Rows": 6, "Plan Width": 12, "Index Cond": "(movie_id = mc.movie_id)"}]}]}, {"Node Type": "Index Scan", "Parent Relationship": "Inner", "Scan Direction": "Forward", "Index Name": "person_id_aka_name", "Relation Name": "aka_name", "Alias": "a1", "Startup Cost": 0.0, "Total Cost": 0.27, "Plan Rows": 1, "Plan Width": 20, "Index Cond": "(person_id = ci.person_id)"}]}, {"Node Type": "Index Scan", "Parent Relationship": "Inner", "Scan Direction": "Forward", "Index Name": "title_pkey", "Relation Name": "title", "Alias": "t", "Startup Cost": 0.0, "Total Cost": 0.27, "Plan Rows": 1, "Plan Width": 21, "Index Cond": "(id = ci.movie_id)"}]}, {"Node Type": "Index Scan", "Parent Relationship": "Inner", "Scan Direction": "Forward", "Index Name": "name_pkey", "Relation Name": "name", "Alias": "n1", "Startup Cost": 0.0, "Total Cost": 0.28, "Plan Rows": 1, "Plan Width": 4, "Index Cond": "(id = ci.person_id)"}]}]}, "Unique SQL Id": 2457761703, "Planner Runtime": 5}, "explain_analyze_plan": null}, "(16, 62)": {"explain_plan": {"Plan": {"Node Type": "Aggregate", "Strategy": "Plain", "Startup Cost": 438777366.04, "Total Cost": 438777366.06, "Plan Rows": 1, "Plan Width": 97, "Plans": [{"Node Type": "Streaming(type: LOCAL GATHER dop: 1/16)", "Parent Relationship": "Outer", "Startup Cost": 438777366.04, "Total Cost": 438777366.06, "Plan Rows": 1, "Plan Width": 97, "Plans": [{"Node Type": "Aggregate", "Strategy": "Plain", "Parent Relationship": "Outer", "Startup Cost": 438777366.04, "Total Cost": 438777366.05, "Plan Rows": 1, "Plan Width": 97, "Plans": [{"Node Type": "Nested Loop", "Parent Relationship": "Outer", "Join Type": "Inner", "Startup Cost": 0.0, "Total Cost": 438775580.55, "Plan Rows": 357098, "Plan Width": 33, "Inner Unique": false, "Join Filter": "(a1.person_id = n1.id), (LLVM Optimized)", "Plans": [{"Node Type": "Streaming(type: LOCAL REDISTRIBUTE dop: 16/16)", "Parent Relationship": "Outer", "Startup Cost": 0.0, "Total Cost": 51607.87, "Plan Rows": 4167490, "Plan Width": 4, "Plans": [{"Node Type": "Seq Scan", "Parent Relationship": "Outer", "Relation Name": "name", "Alias": "n1", "Startup Cost": 0.0, "Total Cost": 20816.99, "Plan Rows": 4167490, "Plan Width": 4}]}, {"Node Type": "Materialize", "Parent Relationship": "Inner", "Startup Cost": 0.0, "Total Cost": 351524672.37, "Plan Rows": 357098, "Plan Width": 41, "Plans": [{"Node Type": "Streaming(type: LOCAL REDISTRIBUTE dop: 16/16)", "Parent Relationship": "Outer", "Startup Cost": 0.0, "Total Cost": 351524560.78, "Plan Rows": 357098, "Plan Width": 41, "Plans": [{"Node Type": "Nested Loop", "Parent Relationship": "Outer", "Join Type": "Inner", "Startup Cost": 0.0, "Total Cost": 351508207.71, "Plan Rows": 357098, "Plan Width": 41, "Inner Unique": false, "Join Filter": "(ci.movie_id = t.id), (LLVM Optimized)", "Plans": [{"Node Type": "Streaming(type: LOCAL REDISTRIBUTE dop: 16/16)", "Parent Relationship": "Outer", "Startup Cost": 0.0, "Total Cost": 43334.25, "Plan Rows": 2528311, "Plan Width": 21, "Plans": [{"Node Type": "Seq Scan", "Parent Relationship": "Outer", "Relation Name": "title", "Alias": "t", "Startup Cost": 0.0, "Total Cost": 18754.32, "Plan Rows": 2528311, "Plan Width": 21}]}, {"Node Type": "Materialize", "Parent Relationship": "Inner", "Startup Cost": 0.0, "Total Cost": 298521652.54, "Plan Rows": 357379, "Plan Width": 32, "Plans": [{"Node Type": "Streaming(type: LOCAL REDISTRIBUTE dop: 16/16)", "Parent Relationship": "Outer", "Startup Cost": 0.0, "Total Cost": 298521540.86, "Plan Rows": 357379, "Plan Width": 32, "Plans": [{"Node Type": "Nested Loop", "Parent Relationship": "Outer", "Join Type": "Inner", "Startup Cost": 0.0, "Total Cost": 298505186.73, "Plan Rows": 357379, "Plan Width": 32, "Inner Unique": false, "Join Filter": "(ci.person_id = a1.person_id), (LLVM Optimized)", "Plans": [{"Node Type": "Streaming(type: LOCAL REDISTRIBUTE dop: 16/16)", "Parent Relationship": "Outer", "Startup Cost": 0.0, "Total Cost": 34659.52, "Plan Rows": 901342, "Plan Width": 20, "Plans": [{"Node Type": "Seq Scan", "Parent Relationship": "Outer", "Relation Name": "aka_name", "Alias": "a1", "Startup Cost": 0.0, "Total Cost": 16244.28, "Plan Rows": 901342, "Plan Width": 20}]}, {"Node Type": "Materialize", "Parent Relationship": "Inner", "Startup Cost": 0.0, "Total Cost": 260919639.12, "Plan Rows": 711018, "Plan Width": 12, "Plans": [{"Node Type": "Streaming(type: LOCAL REDISTRIBUTE dop: 16/16)", "Parent Relationship": "Outer", "Startup Cost": 0.0, "Total Cost": 260919416.92, "Plan Rows": 711018, "Plan Width": 12, "Plans": [{"Node Type": "Nested Loop", "Parent Relationship": "Outer", "Join Type": "Inner", "Startup Cost": 0.0, "Total Cost": 260901722.83, "Plan Rows": 711018, "Plan Width": 12, "Inner Unique": false, "Join Filter": "(ci.movie_id = mc.movie_id), (LLVM Optimized)", "Plans": [{"Node Type": "Streaming(type: LOCAL REDISTRIBUTE dop: 16/16)", "Parent Relationship": "Outer", "Startup Cost": 0.0, "Total Cost": 123436.55, "Plan Rows": 3296318, "Plan Width": 8, "Plans": [{"Node Type": "Nested Loop", "Parent Relationship": "Outer", "Join Type": "Inner", "Startup Cost": 0.0, "Total Cost": 95946.6, "Plan Rows": 3296318, "Plan Width": 8, "Inner Unique": false, "Join Filter": "(ci.role_id = rt.id), (LLVM Optimized)", "Plans": [{"Node Type": "Streaming(type: BROADCAST dop: 16/1)", "Parent Relationship": "Outer", "Startup Cost": 0.0, "Total Cost": 15001.5, "Plan Rows": 16, "Plan Width": 4, "Plans": [{"Node Type": "Seq Scan", "Parent Relationship": "Outer", "Relation Name": "role_type", "Alias": "rt", "Startup Cost": 0.0, "Total Cost": 1.15, "Plan Rows": 1, "Plan Width": 4, "Filter": "((role)::text = 'writer'::text)"}]}, {"Node Type": "Seq Scan", "Parent Relationship": "Inner", "Relation Name": "cast_info", "Alias": "ci", "Startup Cost": 0.0, "Total Cost": 52617.37, "Plan Rows": 36259494, "Plan Width": 12}]}]}, {"Node Type": "Materialize", "Parent Relationship": "Inner", "Startup Cost": 0.0, "Total Cost": 13108281.71, "Plan Rows": 1282311, "Plan Width": 4, "Plans": [{"Node Type": "Streaming(type: LOCAL REDISTRIBUTE dop: 16/16)", "Parent Relationship": "Outer", "Startup Cost": 0.0, "Total Cost": 13107880.98, "Plan Rows": 1282311, "Plan Width": 4, "Plans": [{"Node Type": "Nested Loop", "Parent Relationship": "Outer", "Join Type": "Inner", "Startup Cost": 0.0, "Total Cost": 13088022.23, "Plan Rows": 1282311, "Plan Width": 4, "Inner Unique": false, "Join Filter": "(cn.id = mc.company_id), (LLVM Optimized)", "Plans": [{"Node Type": "Streaming(type: LOCAL REDISTRIBUTE dop: 16/1)", "Parent Relationship": "Outer", "Startup Cost": 0.0, "Total Cost": 24444.99, "Plan Rows": 85170, "Plan Width": 4, "Plans": [{"Node Type": "Seq Scan", "Parent Relationship": "Outer", "Relation Name": "company_name", "Alias": "cn", "Startup Cost": 0.0, "Total Cost": 5903.45, "Plan Rows": 85170, "Plan Width": 4, "Filter": "((country_code)::text = '[us]'::text)"}]}, {"Node Type": "Materialize", "Parent Relationship": "Inner", "Startup Cost": 0.0, "Total Cost": 43315.08, "Plan Rows": 2609128, "Plan Width": 8, "Plans": [{"Node Type": "Streaming(type: LOCAL REDISTRIBUTE dop: 16/16)", "Parent Relationship": "Outer", "Startup Cost": 0.0, "Total Cost": 42499.73, "Plan Rows": 2609128, "Plan Width": 8, "Plans": [{"Node Type": "Seq Scan", "Parent Relationship": "Outer", "Relation Name": "movie_companies", "Alias": "mc", "Startup Cost": 0.0, "Total Cost": 17613.58, "Plan Rows": 2609128, "Plan Width": 8}]}]}]}]}]}]}]}]}]}]}]}]}]}]}]}]}]}]}, "Unique SQL Id": 2457761703, "Planner Runtime": 11}, "explain_analyze_plan": null}, "(16, 63)": {"explain_plan": {"Plan": {"Node Type": "Aggregate", "Strategy": "Plain", "Startup Cost": 7112447276300.38, "Total Cost": 7112447276300.39, "Plan Rows": 1, "Plan Width": 97, "Plans": [{"Node Type": "Nested Loop", "Parent Relationship": "Outer", "Join Type": "Inner", "Startup Cost": 70000000000.0, "Total Cost": 7112447274514.89, "Plan Rows": 357098, "Plan Width": 33, "Inner Unique": false, "Join Filter": "(a1.person_id = n1.id), (LLVM Optimized)", "Plans": [{"Node Type": "Index Scan", "Parent Relationship": "Outer", "Scan Direction": "Forward", "Index Name": "name_pkey", "Relation Name": "name", "Alias": "n1", "Startup Cost": 10000000000.0, "Total Cost": 1000017623274.7, "Plan Rows": 4167490, "Plan Width": 4}, {"Node Type": "Materialize", "Parent Relationship": "Inner", "Startup Cost": 60000000000.0, "Total Cost": 6090106616972.63, "Plan Rows": 357098, "Plan Width": 41, "Plans": [{"Node Type": "Nested Loop", "Parent Relationship": "Outer", "Join Type": "Inner", "Startup Cost": 60000000000.0, "Total Cost": 6090106615187.14, "Plan Rows": 357098, "Plan Width": 41, "Inner Unique": true, "Join Filter": "(ci.movie_id = t.id), (LLVM Optimized)", "Plans": [{"Node Type": "Nested Loop", "Parent Relationship": "Outer", "Join Type": "Inner", "Startup Cost": 50000000000.0, "Total Cost": 5076542117964.41, "Plan Rows": 357379, "Plan Width": 32, "Inner Unique": false, "Join Filter": "(ci.person_id = a1.person_id), (LLVM Optimized)", "Plans": [{"Node Type": "Nested Loop", "Parent Relationship": "Outer", "Join Type": "Inner", "Startup Cost": 40000000000.0, "Total Cost": 4066922163415.29, "Plan Rows": 711018, "Plan Width": 12, "Inner Unique": false, "Join Filter": "(ci.movie_id = mc.movie_id), (LLVM Optimized)", "Plans": [{"Node Type": "Nested Loop", "Parent Relationship": "Outer", "Join Type": "Inner", "Startup Cost": 20000000000.0, "Total Cost": 2000171193971.62, "Plan Rows": 3296318, "Plan Width": 8, "Inner Unique": true, "Join Filter": "(ci.role_id = rt.id), (LLVM Optimized)", "Plans": [{"Node Type": "Index Scan", "Parent Relationship": "Outer", "Scan Direction": "Forward", "Index Name": "person_id_cast_info", "Relation Name": "cast_info", "Alias": "ci", "Startup Cost": 10000000000.0, "Total Cost": 1000170648833.21, "Plan Rows": 36259494, "Plan Width": 12}, {"Node Type": "Materialize", "Parent Relationship": "Inner", "Startup Cost": 10000000000.0, "Total Cost": 1000000001246.0, "Plan Rows": 1, "Plan Width": 4, "Plans": [{"Node Type": "Index Scan", "Parent Relationship": "Outer", "Scan Direction": "Forward", "Index Name": "role_type_pkey", "Relation Name": "role_type", "Alias": "rt", "Startup Cost": 10000000000.0, "Total Cost": 1000000001246.0, "Plan Rows": 1, "Plan Width": 4, "Filter": "((role)::text = 'writer'::text)"}]}]}, {"Node Type": "Materialize", "Parent Relationship": "Inner", "Startup Cost": 20000000000.0, "Total Cost": 2003347400185.98, "Plan Rows": 1282311, "Plan Width": 4, "Plans": [{"Node Type": "Nested Loop", "Parent Relationship": "Outer", "Join Type": "Inner", "Startup Cost": 20000000000.0, "Total Cost": 2003347393774.42, "Plan Rows": 1282311, "Plan Width": 4, "Inner Unique": true, "Join Filter": "(cn.id = mc.company_id), (LLVM Optimized)", "Plans": [{"Node Type": "Index Scan", "Parent Relationship": "Outer", "Scan Direction": "Forward", "Index Name": "movie_id_movie_companies", "Relation Name": "movie_companies", "Alias": "mc", "Startup Cost": 10000000000.0, "Total Cost": 1000013051946.13, "Plan Rows": 2609128, "Plan Width": 8}, {"Node Type": "Materialize", "Parent Relationship": "Inner", "Startup Cost": 10000000000.0, "Total Cost": 1000001050564.82, "Plan Rows": 85170, "Plan Width": 4, "Plans": [{"Node Type": "Index Scan", "Parent Relationship": "Outer", "Scan Direction": "Forward", "Index Name": "company_name_pkey", "Relation Name": "company_name", "Alias": "cn", "Startup Cost": 10000000000.0, "Total Cost": 1000001050138.97, "Plan Rows": 85170, "Plan Width": 4, "Filter": "((country_code)::text = '[us]'::text)"}]}]}]}]}, {"Node Type": "Materialize", "Parent Relationship": "Inner", "Startup Cost": 10000000000.0, "Total Cost": 1000006901010.14, "Plan Rows": 901342, "Plan Width": 20, "Plans": [{"Node Type": "Index Scan", "Parent Relationship": "Outer", "Scan Direction": "Forward", "Index Name": "person_id_aka_name", "Relation Name": "aka_name", "Alias": "a1", "Startup Cost": 10000000000.0, "Total Cost": 1000006896503.43, "Plan Rows": 901342, "Plan Width": 20}]}]}, {"Node Type": "Materialize", "Parent Relationship": "Inner", "Startup Cost": 10000000000.0, "Total Cost": 1000011024690.47, "Plan Rows": 2528311, "Plan Width": 21, "Plans": [{"Node Type": "Index Scan", "Parent Relationship": "Outer", "Scan Direction": "Forward", "Index Name": "title_pkey", "Relation Name": "title", "Alias": "t", "Startup Cost": 10000000000.0, "Total Cost": 1000011012048.91, "Plan Rows": 2528311, "Plan Width": 21}]}]}]}]}]}, "Unique SQL Id": 2457761703, "Planner Runtime": 5}, "explain_analyze_plan": null}, "(16, 64)": {"explain_plan": {"Plan": {"Node Type": "Aggregate", "Strategy": "Plain", "Startup Cost": 287566.27, "Total Cost": 287566.3, "Plan Rows": 1, "Plan Width": 97, "Plans": [{"Node Type": "Streaming(type: LOCAL GATHER dop: 1/16)", "Parent Relationship": "Outer", "Startup Cost": 287566.27, "Total Cost": 287566.3, "Plan Rows": 1, "Plan Width": 97, "Plans": [{"Node Type": "Aggregate", "Strategy": "Plain", "Parent Relationship": "Outer", "Startup Cost": 287566.27, "Total Cost": 287566.28, "Plan Rows": 1, "Plan Width": 97, "Plans": [{"Node Type": "Hash Join", "Parent Relationship": "Outer", "Join Type": "Inner", "Startup Cost": 142621.96, "Total Cost": 285780.78, "Plan Rows": 357098, "Plan Width": 33, "Inner Unique": true, "Hash Cond": "(a1.person_id = n1.id), (LLVM Optimized)", "Plans": [{"Node Type": "Streaming(type: LOCAL REDISTRIBUTE dop: 16/16)", "Parent Relationship": "Outer", "Startup Cost": 126464.14, "Total Cost": 269316.07, "Plan Rows": 357098, "Plan Width": 41, "Plans": [{"Node Type": "Hash Join", "Parent Relationship": "Outer", "Join Type": "Inner", "Startup Cost": 126464.14, "Total Cost": 252963.01, "Plan Rows": 357098, "Plan Width": 41, "Inner Unique": true, "Hash Cond": "(ci.movie_id = t.id), (LLVM Optimized)", "Plans": [{"Node Type": "Streaming(type: LOCAL REDISTRIBUTE dop: 16/16)", "Parent Relationship": "Outer", "Startup Cost": 113655.34, "Total Cost": 239847.25, "Plan Rows": 357379, "Plan Width": 32, "Plans": [{"Node Type": "Hash Join", "Parent Relationship": "Outer", "Join Type": "Inner", "Startup Cost": 113655.34, "Total Cost": 223493.12, "Plan Rows": 357379, "Plan Width": 32, "Inner Unique": false, "Hash Cond": "(ci.person_id = a1.person_id), (LLVM Optimized)", "Plans": [{"Node Type": "Streaming(type: LOCAL REDISTRIBUTE dop: 16/16)", "Parent Relationship": "Outer", "Startup Cost": 104286.28, "Total Cost": 212931.86, "Plan Rows": 711018, "Plan Width": 12, "Plans": [{"Node Type": "Hash Join", "Parent Relationship": "Outer", "Join Type": "Inner", "Startup Cost": 104286.28, "Total Cost": 195237.77, "Plan Rows": 711018, "Plan Width": 12, "Inner Unique": false, "Hash Cond": "(ci.movie_id = mc.movie_id), (LLVM Optimized)", "Plans": [{"Node Type": "Streaming(type: LOCAL REDISTRIBUTE dop: 16/16)", "Parent Relationship": "Outer", "Startup Cost": 15001.51, "Total Cost": 102848.74, "Plan Rows": 3296318, "Plan Width": 8, "Plans": [{"Node Type": "Hash Join", "Parent Relationship": "Outer", "Join Type": "Inner", "Startup Cost": 15001.51, "Total Cost": 75358.79, "Plan Rows": 3296318, "Plan Width": 8, "Inner Unique": true, "Hash Cond": "(ci.role_id = rt.id), (LLVM Optimized)", "Plans": [{"Node Type": "Seq Scan", "Parent Relationship": "Outer", "Relation Name": "cast_info", "Alias": "ci", "Startup Cost": 0.0, "Total Cost": 52617.37, "Plan Rows": 36259494, "Plan Width": 12}, {"Node Type": "Hash", "Parent Relationship": "Inner", "Startup Cost": 15001.5, "Total Cost": 15001.5, "Plan Rows": 16, "Plan Width": 4, "Plans": [{"Node Type": "Streaming(type: BROADCAST dop: 16/1)", "Parent Relationship": "Outer", "Startup Cost": 0.0, "Total Cost": 15001.5, "Plan Rows": 16, "Plan Width": 4, "Plans": [{"Node Type": "Seq Scan", "Parent Relationship": "Outer", "Relation Name": "role_type", "Alias": "rt", "Startup Cost": 0.0, "Total Cost": 1.15, "Plan Rows": 1, "Plan Width": 4, "Filter": "((role)::text = 'writer'::text)"}]}]}]}]}, {"Node Type": "Hash", "Parent Relationship": "Inner", "Startup Cost": 88282.97, "Total Cost": 88282.97, "Plan Rows": 1282311, "Plan Width": 4, "Plans": [{"Node Type": "Streaming(type: LOCAL REDISTRIBUTE dop: 16/16)", "Parent Relationship": "Outer", "Startup Cost": 24511.53, "Total Cost": 88282.97, "Plan Rows": 1282311, "Plan Width": 4, "Plans": [{"Node Type": "Hash Join", "Parent Relationship": "Outer", "Join Type": "Inner", "Startup Cost": 24511.53, "Total Cost": 68424.21, "Plan Rows": 1282311, "Plan Width": 4, "Inner Unique": true, "Hash Cond": "(mc.company_id = cn.id), (LLVM Optimized)", "Plans": [{"Node Type": "Streaming(type: LOCAL REDISTRIBUTE dop: 16/16)", "Parent Relationship": "Outer", "Startup Cost": 0.0, "Total Cost": 42499.73, "Plan Rows": 2609128, "Plan Width": 8, "Plans": [{"Node Type": "Seq Scan", "Parent Relationship": "Outer", "Relation Name": "movie_companies", "Alias": "mc", "Startup Cost": 0.0, "Total Cost": 17613.58, "Plan Rows": 2609128, "Plan Width": 8}]}, {"Node Type": "Hash", "Parent Relationship": "Inner", "Startup Cost": 24444.99, "Total Cost": 24444.99, "Plan Rows": 85170, "Plan Width": 4, "Plans": [{"Node Type": "Streaming(type: LOCAL REDISTRIBUTE dop: 16/1)", "Parent Relationship": "Outer", "Startup Cost": 0.0, "Total Cost": 24444.99, "Plan Rows": 85170, "Plan Width": 4, "Plans": [{"Node Type": "Seq Scan", "Parent Relationship": "Outer", "Relation Name": "company_name", "Alias": "cn", "Startup Cost": 0.0, "Total Cost": 5903.45, "Plan Rows": 85170, "Plan Width": 4, "Filter": "((country_code)::text = '[us]'::text)"}]}]}]}]}]}]}]}, {"Node Type": "Hash", "Parent Relationship": "Inner", "Startup Cost": 34659.52, "Total Cost": 34659.52, "Plan Rows": 901342, "Plan Width": 20, "Plans": [{"Node Type": "Streaming(type: LOCAL REDISTRIBUTE dop: 16/16)", "Parent Relationship": "Outer", "Startup Cost": 0.0, "Total Cost": 34659.52, "Plan Rows": 901342, "Plan Width": 20, "Plans": [{"Node Type": "Seq Scan", "Parent Relationship": "Outer", "Relation Name": "aka_name", "Alias": "a1", "Startup Cost": 0.0, "Total Cost": 16244.28, "Plan Rows": 901342, "Plan Width": 20}]}]}]}]}, {"Node Type": "Hash", "Parent Relationship": "Inner", "Startup Cost": 43334.25, "Total Cost": 43334.25, "Plan Rows": 2528311, "Plan Width": 21, "Plans": [{"Node Type": "Streaming(type: LOCAL REDISTRIBUTE dop: 16/16)", "Parent Relationship": "Outer", "Startup Cost": 0.0, "Total Cost": 43334.25, "Plan Rows": 2528311, "Plan Width": 21, "Plans": [{"Node Type": "Seq Scan", "Parent Relationship": "Outer", "Relation Name": "title", "Alias": "t", "Startup Cost": 0.0, "Total Cost": 18754.32, "Plan Rows": 2528311, "Plan Width": 21}]}]}]}]}, {"Node Type": "Hash", "Parent Relationship": "Inner", "Startup Cost": 51607.87, "Total Cost": 51607.87, "Plan Rows": 4167490, "Plan Width": 4, "Plans": [{"Node Type": "Streaming(type: LOCAL REDISTRIBUTE dop: 16/16)", "Parent Relationship": "Outer", "Startup Cost": 0.0, "Total Cost": 51607.87, "Plan Rows": 4167490, "Plan Width": 4, "Plans": [{"Node Type": "Index Only Scan", "Parent Relationship": "Outer", "Scan Direction": "Forward", "Index Name": "name_pkey", "Relation Name": "name", "Alias": "n1", "Startup Cost": 0.0, "Total Cost": 20816.99, "Plan Rows": 4167490, "Plan Width": 4}]}]}]}]}]}]}, "Unique SQL Id": 2457761703, "Planner Runtime": 200}, "explain_analyze_plan": {"Plan": {"Node Type": "Aggregate", "Strategy": "Plain", "Startup Cost": 287566.27, "Total Cost": 287566.3, "Plan Rows": 1, "Plan Width": 97, "Actual Min Startup Time": 4944.13, "Actual Max Startup Time": 4944.13, "Actual Min Total Time": 4944.13, "Actual Max Total Time": 4944.13, "Plans": [{"Node Type": "Streaming(type: LOCAL GATHER dop: 1/16)", "Parent Relationship": "Outer", "Startup Cost": 287566.27, "Total Cost": 287566.3, "Plan Rows": 1, "Plan Width": 97, "Actual Min Startup Time": 4943.285, "Actual Max Startup Time": 4943.285, "Actual Min Total Time": 4944.087, "Actual Max Total Time": 4944.087, "Plans": [{"Node Type": "Aggregate", "Strategy": "Plain", "Parent Relationship": "Outer", "Startup Cost": 287566.27, "Total Cost": 287566.28, "Plan Rows": 1, "Plan Width": 97, "Actual Min Startup Time": 4504.488, "Actual Max Startup Time": 4708.445, "Actual Min Total Time": 4504.488, "Actual Max Total Time": 4708.445, "Plans": [{"Node Type": "Hash Join", "Parent Relationship": "Outer", "Join Type": "Inner", "Startup Cost": 142621.96, "Total Cost": 285780.78, "Plan Rows": 357098, "Plan Width": 33, "Actual Min Startup Time": 622.123, "Actual Max Startup Time": 821.69, "Actual Min Total Time": 4385.581, "Actual Max Total Time": 4634.797, "Inner Unique": true, "Hash Cond": "(a1.person_id = n1.id), (LLVM Optimized, Jit Execute)", "Plans": [{"Node Type": "Streaming(type: LOCAL REDISTRIBUTE dop: 16/16)", "Parent Relationship": "Outer", "Startup Cost": 126464.14, "Total Cost": 269316.07, "Plan Rows": 357098, "Plan Width": 41, "Actual Min Startup Time": 62.393, "Actual Max Startup Time": 79.238, "Actual Min Total Time": 3724.655, "Actual Max Total Time": 3836.262, "Plans": [{"Node Type": "Hash Join", "Parent Relationship": "Outer", "Join Type": "Inner", "Startup Cost": 126464.14, "Total Cost": 252963.01, "Plan Rows": 357098, "Plan Width": 41, "Actual Min Startup Time": 614.667, "Actual Max Startup Time": 823.592, "Actual Min Total Time": 2392.015, "Actual Max Total Time": 4530.013, "Inner Unique": true, "Hash Cond": "(ci.movie_id = t.id), (LLVM Optimized, Jit Execute)", "Plans": [{"Node Type": "Streaming(type: LOCAL REDISTRIBUTE dop: 16/16)", "Parent Relationship": "Outer", "Startup Cost": 113655.34, "Total Cost": 239847.25, "Plan Rows": 357379, "Plan Width": 32, "Actual Min Startup Time": 232.06, "Actual Max Startup Time": 242.187, "Actual Min Total Time": 1737.73, "Actual Max Total Time": 3931.463, "Plans": [{"Node Type": "Hash Join", "Parent Relationship": "Outer", "Join Type": "Inner", "Startup Cost": 113655.34, "Total Cost": 223493.12, "Plan Rows": 357379, "Plan Width": 32, "Actual Min Startup Time": 618.18, "Actual Max Startup Time": 849.09, "Actual Min Total Time": 1988.988, "Actual Max Total Time": 4427.833, "Inner Unique": false, "Hash Cond": "(ci.person_id = a1.person_id), (LLVM Optimized, Jit Execute)", "Plans": [{"Node Type": "Streaming(type: LOCAL REDISTRIBUTE dop: 16/16)", "Parent Relationship": "Outer", "Startup Cost": 104286.28, "Total Cost": 212931.86, "Plan Rows": 711018, "Plan Width": 12, "Actual Min Startup Time": 483.749, "Actual Max Startup Time": 503.721, "Actual Min Total Time": 1782.944, "Actual Max Total Time": 4075.042, "Plans": [{"Node Type": "Hash Join", "Parent Relationship": "Outer", "Join Type": "Inner", "Startup Cost": 104286.28, "Total Cost": 195237.77, "Plan Rows": 711018, "Plan Width": 12, "Actual Min Startup Time": 609.63, "Actual Max Startup Time": 841.162, "Actual Min Total Time": 1681.314, "Actual Max Total Time": 3947.407, "Inner Unique": false, "Hash Cond": "(ci.movie_id = mc.movie_id), (LLVM Optimized, Jit Execute)", "Plans": [{"Node Type": "Streaming(type: LOCAL REDISTRIBUTE dop: 16/16)", "Parent Relationship": "Outer", "Startup Cost": 15001.51, "Total Cost": 102848.74, "Plan Rows": 3296318, "Plan Width": 8, "Actual Min Startup Time": 0.076, "Actual Max Startup Time": 1.512, "Actual Min Total Time": 958.941, "Actual Max Total Time": 3213.625, "Plans": [{"Node Type": "Hash Join", "Parent Relationship": "Outer", "Join Type": "Inner", "Startup Cost": 15001.51, "Total Cost": 75358.79, "Plan Rows": 3296318, "Plan Width": 8, "Actual Min Startup Time": 619.338, "Actual Max Startup Time": 684.705, "Actual Min Total Time": 978.386, "Actual Max Total Time": 1050.522, "Inner Unique": true, "Hash Cond": "(ci.role_id = rt.id), (LLVM Optimized, Jit Execute)", "Plans": [{"Node Type": "Seq Scan", "Parent Relationship": "Outer", "Relation Name": "cast_info", "Alias": "ci", "Startup Cost": 0.0, "Total Cost": 52617.37, "Plan Rows": 36259494, "Plan Width": 12, "Actual Min Startup Time": 0.025, "Actual Max Startup Time": 0.046, "Actual Min Total Time": 516.432, "Actual Max Total Time": 561.683, "Actual Rows": 36244343}, {"Node Type": "Hash", "Parent Relationship": "Inner", "Startup Cost": 15001.5, "Total Cost": 15001.5, "Plan Rows": 16, "Plan Width": 4, "Actual Min Startup Time": 0.012, "Actual Max Startup Time": 30.687, "Actual Min Total Time": 0.012, "Actual Max Total Time": 30.687, "Max Hash Buckets": 32768, "Min Hash Buckets": 32768, "Max Hash Batches": 1, "Min Hash Batches": 1, "Max Original Hash Batches": 1, "Min Original Hash Batches": 1, "Max Peak Memory Usage": 1, "min Peak Memory Usage": 1, "Plans": [{"Node Type": "Streaming(type: BROADCAST dop: 16/1)", "Parent Relationship": "Outer", "Startup Cost": 0.0, "Total Cost": 15001.5, "Plan Rows": 16, "Plan Width": 4, "Actual Min Startup Time": 0.003, "Actual Max Startup Time": 30.667, "Actual Min Total Time": 0.003, "Actual Max Total Time": 30.669, "Plans": [{"Node Type": "Seq Scan", "Parent Relationship": "Outer", "Relation Name": "role_type", "Alias": "rt", "Startup Cost": 0.0, "Total Cost": 1.15, "Plan Rows": 1, "Plan Width": 4, "Actual Min Startup Time": 0.038, "Actual Max Startup Time": 0.038, "Actual Min Total Time": 0.042, "Actual Max Total Time": 0.042, "Filter": "((role)::text = 'writer'::text)", "Rows Removed by Filter": 11, "Actual Rows": 1}], "Actual Rows": 16}], "Actual Rows": 16}], "Actual Rows": 2728943}], "Actual Rows": 2728943}, {"Node Type": "Hash", "Parent Relationship": "Inner", "Startup Cost": 88282.97, "Total Cost": 88282.97, "Plan Rows": 1282311, "Plan Width": 4, "Actual Min Startup Time": 608.642, "Actual Max Startup Time": 840.955, "Actual Min Total Time": 608.642, "Actual Max Total Time": 840.955, "Max Hash Buckets": 131072, "Min Hash Buckets": 131072, "Max Hash Batches": 1, "Min Hash Batches": 1, "Max Original Hash Batches": 1, "Min Original Hash Batches": 1, "Max Peak Memory Usage": 2542, "min Peak Memory Usage": 2542, "Plans": [{"Node Type": "Streaming(type: LOCAL REDISTRIBUTE dop: 16/16)", "Parent Relationship": "Outer", "Startup Cost": 24511.53, "Total Cost": 88282.97, "Plan Rows": 1282311, "Plan Width": 4, "Actual Min Startup Time": 165.19, "Actual Max Startup Time": 397.376, "Actual Min Total Time": 583.19, "Actual Max Total Time": 810.364, "Plans": [{"Node Type": "Hash Join", "Parent Relationship": "Outer", "Join Type": "Inner", "Startup Cost": 24511.53, "Total Cost": 68424.21, "Plan Rows": 1282311, "Plan Width": 4, "Actual Min Startup Time": 163.079, "Actual Max Startup Time": 409.822, "Actual Min Total Time": 482.508, "Actual Max Total Time": 768.684, "Inner Unique": true, "Hash Cond": "(mc.company_id = cn.id), (LLVM Optimized, Jit Execute)", "Plans": [{"Node Type": "Streaming(type: LOCAL REDISTRIBUTE dop: 16/16)", "Parent Relationship": "Outer", "Startup Cost": 0.0, "Total Cost": 42499.73, "Plan Rows": 2609128, "Plan Width": 8, "Actual Min Startup Time": 0.07, "Actual Max Startup Time": 1.506, "Actual Min Total Time": 241.68, "Actual Max Total Time": 332.619, "Plans": [{"Node Type": "Seq Scan", "Parent Relationship": "Outer", "Relation Name": "movie_companies", "Alias": "mc", "Startup Cost": 0.0, "Total Cost": 17613.58, "Plan Rows": 2609128, "Plan Width": 8, "Actual Min Startup Time": 0.024, "Actual Max Startup Time": 0.046, "Actual Min Total Time": 46.05, "Actual Max Total Time": 53.959, "Actual Rows": 2609128}], "Actual Rows": 2609128}, {"Node Type": "Hash", "Parent Relationship": "Inner", "Startup Cost": 24444.99, "Total Cost": 24444.99, "Plan Rows": 85170, "Plan Width": 4, "Actual Min Startup Time": 162.501, "Actual Max Startup Time": 408.821, "Actual Min Total Time": 162.501, "Actual Max Total Time": 408.821, "Max Hash Buckets": 32768, "Min Hash Buckets": 32768, "Max Hash Batches": 1, "Min Hash Batches": 1, "Max Original Hash Batches": 1, "Min Original Hash Batches": 1, "Max Peak Memory Usage": 182, "min Peak Memory Usage": 182, "Plans": [{"Node Type": "Streaming(type: LOCAL REDISTRIBUTE dop: 16/1)", "Parent Relationship": "Outer", "Startup Cost": 0.0, "Total Cost": 24444.99, "Plan Rows": 85170, "Plan Width": 4, "Actual Min Startup Time": 0.028, "Actual Max Startup Time": 240.208, "Actual Min Total Time": 160.838, "Actual Max Total Time": 406.797, "Plans": [{"Node Type": "Seq Scan", "Parent Relationship": "Outer", "Relation Name": "company_name", "Alias": "cn", "Startup Cost": 0.0, "Total Cost": 5903.45, "Plan Rows": 85170, "Plan Width": 4, "Actual Min Startup Time": 0.047, "Actual Max Startup Time": 0.047, "Actual Min Total Time": 93.762, "Actual Max Total Time": 93.762, "Filter": "((country_code)::text = '[us]'::text)", "Rows Removed by Filter": 150153, "Actual Rows": 84843}], "Actual Rows": 84843}], "Actual Rows": 84843}], "Actual Rows": 1153797}], "Actual Rows": 1153797}], "Actual Rows": 1153797}], "Actual Rows": 1970658}], "Actual Rows": 1970658}, {"Node Type": "Hash", "Parent Relationship": "Inner", "Startup Cost": 34659.52, "Total Cost": 34659.52, "Plan Rows": 901342, "Plan Width": 20, "Actual Min Startup Time": 129.787, "Actual Max Startup Time": 360.065, "Actual Min Total Time": 129.787, "Actual Max Total Time": 360.065, "Max Hash Buckets": 65536, "Min Hash Buckets": 65536, "Max Hash Batches": 1, "Min Hash Batches": 1, "Max Original Hash Batches": 1, "Min Original Hash Batches": 1, "Max Peak Memory Usage": 2981, "min Peak Memory Usage": 2981, "Plans": [{"Node Type": "Streaming(type: LOCAL REDISTRIBUTE dop: 16/16)", "Parent Relationship": "Outer", "Startup Cost": 0.0, "Total Cost": 34659.52, "Plan Rows": 901342, "Plan Width": 20, "Actual Min Startup Time": 0.045, "Actual Max Startup Time": 188.774, "Actual Min Total Time": 109.746, "Actual Max Total Time": 343.7, "Plans": [{"Node Type": "Seq Scan", "Parent Relationship": "Outer", "Relation Name": "aka_name", "Alias": "a1", "Startup Cost": 0.0, "Total Cost": 16244.28, "Plan Rows": 901342, "Plan Width": 20, "Actual Min Startup Time": 0.018, "Actual Max Startup Time": 0.04, "Actual Min Total Time": 16.479, "Actual Max Total Time": 20.369, "Actual Rows": 901342}], "Actual Rows": 901342}], "Actual Rows": 901342}], "Actual Rows": 2487611}], "Actual Rows": 2487611}, {"Node Type": "Hash", "Parent Relationship": "Inner", "Startup Cost": 43334.25, "Total Cost": 43334.25, "Plan Rows": 2528311, "Plan Width": 21, "Actual Min Startup Time": 381.985, "Actual Max Startup Time": 587.522, "Actual Min Total Time": 381.985, "Actual Max Total Time": 587.522, "Max Hash Buckets": 262144, "Min Hash Buckets": 262144, "Max Hash Batches": 1, "Min Hash Batches": 1, "Max Original Hash Batches": 1, "Min Original Hash Batches": 1, "Max Peak Memory Usage": 8518, "min Peak Memory Usage": 8518, "Plans": [{"Node Type": "Streaming(type: LOCAL REDISTRIBUTE dop: 16/16)", "Parent Relationship": "Outer", "Startup Cost": 0.0, "Total Cost": 43334.25, "Plan Rows": 2528311, "Plan Width": 21, "Actual Min Startup Time": 0.051, "Actual Max Startup Time": 110.199, "Actual Min Total Time": 305.798, "Actual Max Total Time": 512.197, "Plans": [{"Node Type": "Seq Scan", "Parent Relationship": "Outer", "Relation Name": "title", "Alias": "t", "Startup Cost": 0.0, "Total Cost": 18754.32, "Plan Rows": 2528311, "Plan Width": 21, "Actual Min Startup Time": 0.017, "Actual Max Startup Time": 0.033, "Actual Min Total Time": 50.642, "Actual Max Total Time": 58.797, "Actual Rows": 2528311}], "Actual Rows": 2528311}], "Actual Rows": 2528311}], "Actual Rows": 2487611}], "Actual Rows": 2487611}, {"Node Type": "Hash", "Parent Relationship": "Inner", "Startup Cost": 51607.87, "Total Cost": 51607.87, "Plan Rows": 4167490, "Plan Width": 4, "Actual Min Startup Time": 554.47, "Actual Max Startup Time": 758.245, "Actual Min Total Time": 554.47, "Actual Max Total Time": 758.245, "Max Hash Buckets": 262144, "Min Hash Buckets": 262144, "Max Hash Batches": 1, "Min Hash Batches": 1, "Max Original Hash Batches": 1, "Min Original Hash Batches": 1, "Max Peak Memory Usage": 9174, "min Peak Memory Usage": 9174, "Plans": [{"Node Type": "Streaming(type: LOCAL REDISTRIBUTE dop: 16/16)", "Parent Relationship": "Outer", "Startup Cost": 0.0, "Total Cost": 51607.87, "Plan Rows": 4167490, "Plan Width": 4, "Actual Min Startup Time": 0.05, "Actual Max Startup Time": 48.328, "Actual Min Total Time": 463.85, "Actual Max Total Time": 656.805, "Plans": [{"Node Type": "Index Only Scan", "Parent Relationship": "Outer", "Scan Direction": "Forward", "Index Name": "name_pkey", "Relation Name": "name", "Alias": "n1", "Startup Cost": 0.0, "Total Cost": 20816.99, "Plan Rows": 4167490, "Plan Width": 4, "Actual Min Startup Time": 0.039, "Actual Max Startup Time": 64.221, "Actual Min Total Time": 58.503, "Actual Max Total Time": 123.269, "Heap Fetches": 0, "Actual Rows": 4167490}], "Actual Rows": 4167490}], "Actual Rows": 4167490}], "Actual Rows": 2487611}], "Actual Rows": 16}], "Actual Rows": 16}], "Actual Rows": 1}, "Triggers": [], "Planner Runtime": 189, "Total Runtime": 4990.263, "Unique SQL Id": 2457761703}}, "(16, 65)": {"explain_plan": {"Plan": {"Node Type": "Aggregate", "Strategy": "Plain", "Startup Cost": 1388959.01, "Total Cost": 1388959.04, "Plan Rows": 1, "Plan Width": 97, "Plans": [{"Node Type": "Streaming(type: LOCAL GATHER dop: 1/16)", "Parent Relationship": "Outer", "Startup Cost": 1388959.01, "Total Cost": 1388959.04, "Plan Rows": 1, "Plan Width": 97, "Plans": [{"Node Type": "Aggregate", "Strategy": "Plain", "Parent Relationship": "Outer", "Startup Cost": 1388959.01, "Total Cost": 1388959.02, "Plan Rows": 1, "Plan Width": 97, "Plans": [{"Node Type": "Hash Join", "Parent Relationship": "Outer", "Join Type": "Inner", "Startup Cost": 269229.27, "Total Cost": 1387173.52, "Plan Rows": 357098, "Plan Width": 33, "Inner Unique": true, "Hash Cond": "(ci.movie_id = t.id), (LLVM Optimized)", "Plans": [{"Node Type": "Streaming(type: LOCAL REDISTRIBUTE dop: 16/16)", "Parent Relationship": "Outer", "Startup Cost": 235754.65, "Total Cost": 1353391.95, "Plan Rows": 357379, "Plan Width": 24, "Plans": [{"Node Type": "Hash Join", "Parent Relationship": "Outer", "Join Type": "Inner", "Startup Cost": 235754.65, "Total Cost": 1337037.82, "Plan Rows": 357379, "Plan Width": 24, "Inner Unique": false, "Hash Cond": "(ci.movie_id = mc.movie_id), (LLVM Optimized)", "Plans": [{"Node Type": "Streaming(type: LOCAL REDISTRIBUTE dop: 16/16)", "Parent Relationship": "Outer", "Startup Cost": 160993.45, "Total Cost": 1260878.52, "Plan Rows": 1484588, "Plan Width": 20, "Plans": [{"Node Type": "Hash Join", "Parent Relationship": "Outer", "Join Type": "Inner", "Startup Cost": 160993.45, "Total Cost": 1240253.33, "Plan Rows": 1484588, "Plan Width": 20, "Inner Unique": true, "Hash Cond": "(a1.person_id = n1.id), (LLVM Optimized)", "Plans": [{"Node Type": "Streaming(type: LOCAL REDISTRIBUTE dop: 16/16)", "Parent Relationship": "Outer", "Startup Cost": 104737.34, "Total Cost": 1182721.4, "Plan Rows": 1484588, "Plan Width": 28, "Plans": [{"Node Type": "Hash Join", "Parent Relationship": "Outer", "Join Type": "Inner", "Startup Cost": 104737.34, "Total Cost": 1162096.2, "Plan Rows": 1484588, "Plan Width": 28, "Inner Unique": false, "Hash Cond": "(ci.person_id = a1.person_id), (LLVM Optimized)", "Plans": [{"Node Type": "Streaming(type: LOCAL REDISTRIBUTE dop: 16/16)", "Parent Relationship": "Outer", "Startup Cost": 15012.82, "Total Cost": 1066844.59, "Plan Rows": 3296318, "Plan Width": 8, "Plans": [{"Node Type": "Hash Join", "Parent Relationship": "Outer", "Join Type": "Inner", "Startup Cost": 15012.82, "Total Cost": 1039354.63, "Plan Rows": 3296318, "Plan Width": 8, "Inner Unique": true, "Hash Cond": "(ci.role_id = rt.id), (LLVM Optimized)", "Plans": [{"Node Type": "Index Scan", "Parent Relationship": "Outer", "Scan Direction": "Forward", "Index Name": "role_id_cast_info", "Relation Name": "cast_info", "Alias": "ci", "Startup Cost": 0.0, "Total Cost": 1016601.9, "Plan Rows": 36259494, "Plan Width": 12}, {"Node Type": "Hash", "Parent Relationship": "Inner", "Startup Cost": 15012.81, "Total Cost": 15012.81, "Plan Rows": 16, "Plan Width": 4, "Plans": [{"Node Type": "Streaming(type: BROADCAST dop: 16/1)", "Parent Relationship": "Outer", "Startup Cost": 0.0, "Total Cost": 15012.81, "Plan Rows": 16, "Plan Width": 4, "Plans": [{"Node Type": "Index Scan", "Parent Relationship": "Outer", "Scan Direction": "Forward", "Index Name": "role_type_pkey", "Relation Name": "role_type", "Alias": "rt", "Startup Cost": 0.0, "Total Cost": 12.46, "Plan Rows": 1, "Plan Width": 4, "Filter": "((role)::text = 'writer'::text)"}]}]}]}]}, {"Node Type": "Hash", "Parent Relationship": "Inner", "Startup Cost": 89020.35, "Total Cost": 89020.35, "Plan Rows": 901342, "Plan Width": 20, "Plans": [{"Node Type": "Streaming(type: LOCAL REDISTRIBUTE dop: 16/1)", "Parent Relationship": "Outer", "Startup Cost": 16632.3, "Total Cost": 89020.35, "Plan Rows": 901342, "Plan Width": 20, "Plans": [{"Node Type": "Bitmap Heap Scan", "Parent Relationship": "Outer", "Relation Name": "aka_name", "Alias": "a1", "Startup Cost": 16632.3, "Total Cost": 36540.72, "Plan Rows": 901342, "Plan Width": 20, "Plans": [{"Node Type": "Bitmap Index Scan", "Parent Relationship": "Outer", "Index Name": "person_id_aka_name", "Startup Cost": 0.0, "Total Cost": 16406.96, "Plan Rows": 901342, "Plan Width": 0}]}]}]}]}]}, {"Node Type": "Hash", "Parent Relationship": "Inner", "Startup Cost": 131553.26, "Total Cost": 131553.26, "Plan Rows": 4167490, "Plan Width": 4, "Plans": [{"Node Type": "Streaming(type: LOCAL REDISTRIBUTE dop: 16/16)", "Parent Relationship": "Outer", "Startup Cost": 0.0, "Total Cost": 131553.26, "Plan Rows": 4167490, "Plan Width": 4, "Plans": [{"Node Type": "Index Only Scan", "Parent Relationship": "Outer", "Scan Direction": "Forward", "Index Name": "name_pkey", "Relation Name": "name", "Alias": "n1", "Startup Cost": 0.0, "Total Cost": 100762.38, "Plan Rows": 4167490, "Plan Width": 4}]}]}]}]}, {"Node Type": "Hash", "Parent Relationship": "Inner", "Startup Cost": 194504.49, "Total Cost": 194504.49, "Plan Rows": 1282311, "Plan Width": 4, "Plans": [{"Node Type": "Streaming(type: LOCAL REDISTRIBUTE dop: 16/1)", "Parent Relationship": "Outer", "Startup Cost": 61758.77, "Total Cost": 194504.49, "Plan Rows": 1282311, "Plan Width": 4, "Plans": [{"Node Type": "Hash Join", "Parent Relationship": "Outer", "Join Type": "Inner", "Startup Cost": 61758.77, "Total Cost": 126183.39, "Plan Rows": 1282311, "Plan Width": 4, "Inner Unique": true, "Hash Cond": "(mc.company_id = cn.id), (LLVM Optimized)", "Plans": [{"Node Type": "Bitmap Heap Scan", "Parent Relationship": "Outer", "Relation Name": "movie_companies", "Alias": "mc", "Startup Cost": 51990.17, "Total Cost": 93807.45, "Plan Rows": 2609128, "Plan Width": 8, "Plans": [{"Node Type": "Bitmap Index Scan", "Parent Relationship": "Outer", "Index Name": "movie_id_movie_companies", "Startup Cost": 0.0, "Total Cost": 51337.89, "Plan Rows": 2609128, "Plan Width": 0}]}, {"Node Type": "Hash", "Parent Relationship": "Inner", "Startup Cost": 8703.97, "Total Cost": 8703.97, "Plan Rows": 85170, "Plan Width": 4, "Plans": [{"Node Type": "Bitmap Heap Scan", "Parent Relationship": "Outer", "Relation Name": "company_name", "Alias": "cn", "Startup Cost": 2800.52, "Total Cost": 8703.97, "Plan Rows": 85170, "Plan Width": 4, "Filter": "((country_code)::text = '[us]'::text)", "Plans": [{"Node Type": "Bitmap Index Scan", "Parent Relationship": "Outer", "Index Name": "company_name_pkey", "Startup Cost": 0.0, "Total Cost": 2779.23, "Plan Rows": 234996, "Plan Width": 0}]}]}]}]}]}]}]}, {"Node Type": "Hash", "Parent Relationship": "Inner", "Startup Cost": 125997.5, "Total Cost": 125997.5, "Plan Rows": 2528311, "Plan Width": 21, "Plans": [{"Node Type": "Streaming(type: LOCAL REDISTRIBUTE dop: 16/16)", "Parent Relationship": "Outer", "Startup Cost": 0.0, "Total Cost": 125997.5, "Plan Rows": 2528311, "Plan Width": 21, "Plans": [{"Node Type": "Index Scan", "Parent Relationship": "Outer", "Scan Direction": "Forward", "Index Name": "title_pkey", "Relation Name": "title", "Alias": "t", "Startup Cost": 0.0, "Total Cost": 101417.57, "Plan Rows": 2528311, "Plan Width": 21}]}]}]}]}]}]}, "Unique SQL Id": 2457761703, "Planner Runtime": 193}, "explain_analyze_plan": null}, "(16, 66)": {"explain_plan": {"Plan": {"Node Type": "Aggregate", "Strategy": "Plain", "Startup Cost": 287566.27, "Total Cost": 287566.3, "Plan Rows": 1, "Plan Width": 97, "Plans": [{"Node Type": "Streaming(type: LOCAL GATHER dop: 1/16)", "Parent Relationship": "Outer", "Startup Cost": 287566.27, "Total Cost": 287566.3, "Plan Rows": 1, "Plan Width": 97, "Plans": [{"Node Type": "Aggregate", "Strategy": "Plain", "Parent Relationship": "Outer", "Startup Cost": 287566.27, "Total Cost": 287566.28, "Plan Rows": 1, "Plan Width": 97, "Plans": [{"Node Type": "Hash Join", "Parent Relationship": "Outer", "Join Type": "Inner", "Startup Cost": 142621.96, "Total Cost": 285780.78, "Plan Rows": 357098, "Plan Width": 33, "Inner Unique": true, "Hash Cond": "(a1.person_id = n1.id), (LLVM Optimized)", "Plans": [{"Node Type": "Streaming(type: LOCAL REDISTRIBUTE dop: 16/16)", "Parent Relationship": "Outer", "Startup Cost": 126464.14, "Total Cost": 269316.07, "Plan Rows": 357098, "Plan Width": 41, "Plans": [{"Node Type": "Hash Join", "Parent Relationship": "Outer", "Join Type": "Inner", "Startup Cost": 126464.14, "Total Cost": 252963.01, "Plan Rows": 357098, "Plan Width": 41, "Inner Unique": true, "Hash Cond": "(ci.movie_id = t.id), (LLVM Optimized)", "Plans": [{"Node Type": "Streaming(type: LOCAL REDISTRIBUTE dop: 16/16)", "Parent Relationship": "Outer", "Startup Cost": 113655.34, "Total Cost": 239847.25, "Plan Rows": 357379, "Plan Width": 32, "Plans": [{"Node Type": "Hash Join", "Parent Relationship": "Outer", "Join Type": "Inner", "Startup Cost": 113655.34, "Total Cost": 223493.12, "Plan Rows": 357379, "Plan Width": 32, "Inner Unique": false, "Hash Cond": "(ci.person_id = a1.person_id), (LLVM Optimized)", "Plans": [{"Node Type": "Streaming(type: LOCAL REDISTRIBUTE dop: 16/16)", "Parent Relationship": "Outer", "Startup Cost": 104286.28, "Total Cost": 212931.86, "Plan Rows": 711018, "Plan Width": 12, "Plans": [{"Node Type": "Hash Join", "Parent Relationship": "Outer", "Join Type": "Inner", "Startup Cost": 104286.28, "Total Cost": 195237.77, "Plan Rows": 711018, "Plan Width": 12, "Inner Unique": false, "Hash Cond": "(ci.movie_id = mc.movie_id), (LLVM Optimized)", "Plans": [{"Node Type": "Streaming(type: LOCAL REDISTRIBUTE dop: 16/16)", "Parent Relationship": "Outer", "Startup Cost": 15001.51, "Total Cost": 102848.74, "Plan Rows": 3296318, "Plan Width": 8, "Plans": [{"Node Type": "Hash Join", "Parent Relationship": "Outer", "Join Type": "Inner", "Startup Cost": 15001.51, "Total Cost": 75358.79, "Plan Rows": 3296318, "Plan Width": 8, "Inner Unique": true, "Hash Cond": "(ci.role_id = rt.id), (LLVM Optimized)", "Plans": [{"Node Type": "Seq Scan", "Parent Relationship": "Outer", "Relation Name": "cast_info", "Alias": "ci", "Startup Cost": 0.0, "Total Cost": 52617.37, "Plan Rows": 36259494, "Plan Width": 12}, {"Node Type": "Hash", "Parent Relationship": "Inner", "Startup Cost": 15001.5, "Total Cost": 15001.5, "Plan Rows": 16, "Plan Width": 4, "Plans": [{"Node Type": "Streaming(type: BROADCAST dop: 16/1)", "Parent Relationship": "Outer", "Startup Cost": 0.0, "Total Cost": 15001.5, "Plan Rows": 16, "Plan Width": 4, "Plans": [{"Node Type": "Seq Scan", "Parent Relationship": "Outer", "Relation Name": "role_type", "Alias": "rt", "Startup Cost": 0.0, "Total Cost": 1.15, "Plan Rows": 1, "Plan Width": 4, "Filter": "((role)::text = 'writer'::text)"}]}]}]}]}, {"Node Type": "Hash", "Parent Relationship": "Inner", "Startup Cost": 88282.97, "Total Cost": 88282.97, "Plan Rows": 1282311, "Plan Width": 4, "Plans": [{"Node Type": "Streaming(type: LOCAL REDISTRIBUTE dop: 16/16)", "Parent Relationship": "Outer", "Startup Cost": 24511.53, "Total Cost": 88282.97, "Plan Rows": 1282311, "Plan Width": 4, "Plans": [{"Node Type": "Hash Join", "Parent Relationship": "Outer", "Join Type": "Inner", "Startup Cost": 24511.53, "Total Cost": 68424.21, "Plan Rows": 1282311, "Plan Width": 4, "Inner Unique": true, "Hash Cond": "(mc.company_id = cn.id), (LLVM Optimized)", "Plans": [{"Node Type": "Streaming(type: LOCAL REDISTRIBUTE dop: 16/16)", "Parent Relationship": "Outer", "Startup Cost": 0.0, "Total Cost": 42499.73, "Plan Rows": 2609128, "Plan Width": 8, "Plans": [{"Node Type": "Seq Scan", "Parent Relationship": "Outer", "Relation Name": "movie_companies", "Alias": "mc", "Startup Cost": 0.0, "Total Cost": 17613.58, "Plan Rows": 2609128, "Plan Width": 8}]}, {"Node Type": "Hash", "Parent Relationship": "Inner", "Startup Cost": 24444.99, "Total Cost": 24444.99, "Plan Rows": 85170, "Plan Width": 4, "Plans": [{"Node Type": "Streaming(type: LOCAL REDISTRIBUTE dop: 16/1)", "Parent Relationship": "Outer", "Startup Cost": 0.0, "Total Cost": 24444.99, "Plan Rows": 85170, "Plan Width": 4, "Plans": [{"Node Type": "Seq Scan", "Parent Relationship": "Outer", "Relation Name": "company_name", "Alias": "cn", "Startup Cost": 0.0, "Total Cost": 5903.45, "Plan Rows": 85170, "Plan Width": 4, "Filter": "((country_code)::text = '[us]'::text)"}]}]}]}]}]}]}]}, {"Node Type": "Hash", "Parent Relationship": "Inner", "Startup Cost": 34659.52, "Total Cost": 34659.52, "Plan Rows": 901342, "Plan Width": 20, "Plans": [{"Node Type": "Streaming(type: LOCAL REDISTRIBUTE dop: 16/16)", "Parent Relationship": "Outer", "Startup Cost": 0.0, "Total Cost": 34659.52, "Plan Rows": 901342, "Plan Width": 20, "Plans": [{"Node Type": "Seq Scan", "Parent Relationship": "Outer", "Relation Name": "aka_name", "Alias": "a1", "Startup Cost": 0.0, "Total Cost": 16244.28, "Plan Rows": 901342, "Plan Width": 20}]}]}]}]}, {"Node Type": "Hash", "Parent Relationship": "Inner", "Startup Cost": 43334.25, "Total Cost": 43334.25, "Plan Rows": 2528311, "Plan Width": 21, "Plans": [{"Node Type": "Streaming(type: LOCAL REDISTRIBUTE dop: 16/16)", "Parent Relationship": "Outer", "Startup Cost": 0.0, "Total Cost": 43334.25, "Plan Rows": 2528311, "Plan Width": 21, "Plans": [{"Node Type": "Seq Scan", "Parent Relationship": "Outer", "Relation Name": "title", "Alias": "t", "Startup Cost": 0.0, "Total Cost": 18754.32, "Plan Rows": 2528311, "Plan Width": 21}]}]}]}]}, {"Node Type": "Hash", "Parent Relationship": "Inner", "Startup Cost": 51607.87, "Total Cost": 51607.87, "Plan Rows": 4167490, "Plan Width": 4, "Plans": [{"Node Type": "Streaming(type: LOCAL REDISTRIBUTE dop: 16/16)", "Parent Relationship": "Outer", "Startup Cost": 0.0, "Total Cost": 51607.87, "Plan Rows": 4167490, "Plan Width": 4, "Plans": [{"Node Type": "Seq Scan", "Parent Relationship": "Outer", "Relation Name": "name", "Alias": "n1", "Startup Cost": 0.0, "Total Cost": 20816.99, "Plan Rows": 4167490, "Plan Width": 4}]}]}]}]}]}]}, "Unique SQL Id": 2457761703, "Planner Runtime": 182}, "explain_analyze_plan": {"Plan": {"Node Type": "Aggregate", "Strategy": "Plain", "Startup Cost": 287566.27, "Total Cost": 287566.3, "Plan Rows": 1, "Plan Width": 97, "Actual Min Startup Time": 2807.394, "Actual Max Startup Time": 2807.394, "Actual Min Total Time": 2807.394, "Actual Max Total Time": 2807.394, "Plans": [{"Node Type": "Streaming(type: LOCAL GATHER dop: 1/16)", "Parent Relationship": "Outer", "Startup Cost": 287566.27, "Total Cost": 287566.3, "Plan Rows": 1, "Plan Width": 97, "Actual Min Startup Time": 2805.812, "Actual Max Startup Time": 2805.812, "Actual Min Total Time": 2807.366, "Actual Max Total Time": 2807.366, "Plans": [{"Node Type": "Aggregate", "Strategy": "Plain", "Parent Relationship": "Outer", "Startup Cost": 287566.27, "Total Cost": 287566.28, "Plan Rows": 1, "Plan Width": 97, "Actual Min Startup Time": 2410.309, "Actual Max Startup Time": 2537.515, "Actual Min Total Time": 2410.309, "Actual Max Total Time": 2537.515, "Plans": [{"Node Type": "Hash Join", "Parent Relationship": "Outer", "Join Type": "Inner", "Startup Cost": 142621.96, "Total Cost": 285780.78, "Plan Rows": 357098, "Plan Width": 33, "Actual Min Startup Time": 682.796, "Actual Max Startup Time": 809.411, "Actual Min Total Time": 2287.798, "Actual Max Total Time": 2474.84, "Inner Unique": true, "Hash Cond": "(a1.person_id = n1.id), (LLVM Optimized, Jit Execute)", "Plans": [{"Node Type": "Streaming(type: LOCAL REDISTRIBUTE dop: 16/16)", "Parent Relationship": "Outer", "Startup Cost": 126464.14, "Total Cost": 269316.07, "Plan Rows": 357098, "Plan Width": 41, "Actual Min Startup Time": 104.514, "Actual Max Startup Time": 134.767, "Actual Min Total Time": 1604.955, "Actual Max Total Time": 1724.615, "Plans": [{"Node Type": "Hash Join", "Parent Relationship": "Outer", "Join Type": "Inner", "Startup Cost": 126464.14, "Total Cost": 252963.01, "Plan Rows": 357098, "Plan Width": 41, "Actual Min Startup Time": 684.369, "Actual Max Startup Time": 863.954, "Actual Min Total Time": 2250.417, "Actual Max Total Time": 2462.715, "Inner Unique": true, "Hash Cond": "(ci.movie_id = t.id), (LLVM Optimized, Jit Execute)", "Plans": [{"Node Type": "Streaming(type: LOCAL REDISTRIBUTE dop: 16/16)", "Parent Relationship": "Outer", "Startup Cost": 113655.34, "Total Cost": 239847.25, "Plan Rows": 357379, "Plan Width": 32, "Actual Min Startup Time": 317.069, "Actual Max Startup Time": 322.995, "Actual Min Total Time": 1801.077, "Actual Max Total Time": 1863.509, "Plans": [{"Node Type": "Hash Join", "Parent Relationship": "Outer", "Join Type": "Inner", "Startup Cost": 113655.34, "Total Cost": 223493.12, "Plan Rows": 357379, "Plan Width": 32, "Actual Min Startup Time": 676.499, "Actual Max Startup Time": 926.544, "Actual Min Total Time": 1889.984, "Actual Max Total Time": 2339.531, "Inner Unique": false, "Hash Cond": "(ci.person_id = a1.person_id), (LLVM Optimized, Jit Execute)", "Plans": [{"Node Type": "Streaming(type: LOCAL REDISTRIBUTE dop: 16/16)", "Parent Relationship": "Outer", "Startup Cost": 104286.28, "Total Cost": 212931.86, "Plan Rows": 711018, "Plan Width": 12, "Actual Min Startup Time": 544.363, "Actual Max Startup Time": 557.858, "Actual Min Total Time": 1635.928, "Actual Max Total Time": 1965.859, "Plans": [{"Node Type": "Hash Join", "Parent Relationship": "Outer", "Join Type": "Inner", "Startup Cost": 104286.28, "Total Cost": 195237.77, "Plan Rows": 711018, "Plan Width": 12, "Actual Min Startup Time": 676.505, "Actual Max Startup Time": 873.864, "Actual Min Total Time": 1726.934, "Actual Max Total Time": 1983.436, "Inner Unique": false, "Hash Cond": "(ci.movie_id = mc.movie_id), (LLVM Optimized, Jit Execute)", "Plans": [{"Node Type": "Streaming(type: LOCAL REDISTRIBUTE dop: 16/16)", "Parent Relationship": "Outer", "Startup Cost": 15001.51, "Total Cost": 102848.74, "Plan Rows": 3296318, "Plan Width": 8, "Actual Min Startup Time": 0.059, "Actual Max Startup Time": 0.35, "Actual Min Total Time": 960.325, "Actual Max Total Time": 1125.807, "Plans": [{"Node Type": "Hash Join", "Parent Relationship": "Outer", "Join Type": "Inner", "Startup Cost": 15001.51, "Total Cost": 75358.79, "Plan Rows": 3296318, "Plan Width": 8, "Actual Min Startup Time": 618.945, "Actual Max Startup Time": 658.044, "Actual Min Total Time": 973.958, "Actual Max Total Time": 1016.065, "Inner Unique": true, "Hash Cond": "(ci.role_id = rt.id), (LLVM Optimized, Jit Execute)", "Plans": [{"Node Type": "Seq Scan", "Parent Relationship": "Outer", "Relation Name": "cast_info", "Alias": "ci", "Startup Cost": 0.0, "Total Cost": 52617.37, "Plan Rows": 36259494, "Plan Width": 12, "Actual Min Startup Time": 0.027, "Actual Max Startup Time": 0.044, "Actual Min Total Time": 516.927, "Actual Max Total Time": 557.048, "Actual Rows": 36244343}, {"Node Type": "Hash", "Parent Relationship": "Inner", "Startup Cost": 15001.5, "Total Cost": 15001.5, "Plan Rows": 16, "Plan Width": 4, "Actual Min Startup Time": 0.012, "Actual Max Startup Time": 23.82, "Actual Min Total Time": 0.012, "Actual Max Total Time": 23.82, "Max Hash Buckets": 32768, "Min Hash Buckets": 32768, "Max Hash Batches": 1, "Min Hash Batches": 1, "Max Original Hash Batches": 1, "Min Original Hash Batches": 1, "Max Peak Memory Usage": 1, "min Peak Memory Usage": 1, "Plans": [{"Node Type": "Streaming(type: BROADCAST dop: 16/1)", "Parent Relationship": "Outer", "Startup Cost": 0.0, "Total Cost": 15001.5, "Plan Rows": 16, "Plan Width": 4, "Actual Min Startup Time": 0.003, "Actual Max Startup Time": 23.79, "Actual Min Total Time": 0.004, "Actual Max Total Time": 23.792, "Plans": [{"Node Type": "Seq Scan", "Parent Relationship": "Outer", "Relation Name": "role_type", "Alias": "rt", "Startup Cost": 0.0, "Total Cost": 1.15, "Plan Rows": 1, "Plan Width": 4, "Actual Min Startup Time": 0.032, "Actual Max Startup Time": 0.032, "Actual Min Total Time": 0.036, "Actual Max Total Time": 0.036, "Filter": "((role)::text = 'writer'::text)", "Rows Removed by Filter": 11, "Actual Rows": 1}], "Actual Rows": 16}], "Actual Rows": 16}], "Actual Rows": 2728943}], "Actual Rows": 2728943}, {"Node Type": "Hash", "Parent Relationship": "Inner", "Startup Cost": 88282.97, "Total Cost": 88282.97, "Plan Rows": 1282311, "Plan Width": 4, "Actual Min Startup Time": 676.313, "Actual Max Startup Time": 873.534, "Actual Min Total Time": 676.313, "Actual Max Total Time": 873.534, "Max Hash Buckets": 131072, "Min Hash Buckets": 131072, "Max Hash Batches": 1, "Min Hash Batches": 1, "Max Original Hash Batches": 1, "Min Original Hash Batches": 1, "Max Peak Memory Usage": 2542, "min Peak Memory Usage": 2542, "Plans": [{"Node Type": "Streaming(type: LOCAL REDISTRIBUTE dop: 16/16)", "Parent Relationship": "Outer", "Startup Cost": 24511.53, "Total Cost": 88282.97, "Plan Rows": 1282311, "Plan Width": 4, "Actual Min Startup Time": 194.948, "Actual Max Startup Time": 392.152, "Actual Min Total Time": 652.521, "Actual Max Total Time": 846.259, "Plans": [{"Node Type": "Hash Join", "Parent Relationship": "Outer", "Join Type": "Inner", "Startup Cost": 24511.53, "Total Cost": 68424.21, "Plan Rows": 1282311, "Plan Width": 4, "Actual Min Startup Time": 193.447, "Actual Max Startup Time": 460.105, "Actual Min Total Time": 545.948, "Actual Max Total Time": 855.575, "Inner Unique": true, "Hash Cond": "(mc.company_id = cn.id), (LLVM Optimized, Jit Execute)", "Plans": [{"Node Type": "Streaming(type: LOCAL REDISTRIBUTE dop: 16/16)", "Parent Relationship": "Outer", "Startup Cost": 0.0, "Total Cost": 42499.73, "Plan Rows": 2609128, "Plan Width": 8, "Actual Min Startup Time": 0.064, "Actual Max Startup Time": 1.902, "Actual Min Total Time": 262.091, "Actual Max Total Time": 376.152, "Plans": [{"Node Type": "Seq Scan", "Parent Relationship": "Outer", "Relation Name": "movie_companies", "Alias": "mc", "Startup Cost": 0.0, "Total Cost": 17613.58, "Plan Rows": 2609128, "Plan Width": 8, "Actual Min Startup Time": 0.027, "Actual Max Startup Time": 0.063, "Actual Min Total Time": 42.353, "Actual Max Total Time": 50.636, "Actual Rows": 2609128}], "Actual Rows": 2609128}, {"Node Type": "Hash", "Parent Relationship": "Inner", "Startup Cost": 24444.99, "Total Cost": 24444.99, "Plan Rows": 85170, "Plan Width": 4, "Actual Min Startup Time": 193.304, "Actual Max Startup Time": 459.356, "Actual Min Total Time": 193.304, "Actual Max Total Time": 459.356, "Max Hash Buckets": 32768, "Min Hash Buckets": 32768, "Max Hash Batches": 1, "Min Hash Batches": 1, "Max Original Hash Batches": 1, "Min Original Hash Batches": 1, "Max Peak Memory Usage": 182, "min Peak Memory Usage": 182, "Plans": [{"Node Type": "Streaming(type: LOCAL REDISTRIBUTE dop: 16/1)", "Parent Relationship": "Outer", "Startup Cost": 0.0, "Total Cost": 24444.99, "Plan Rows": 85170, "Plan Width": 4, "Actual Min Startup Time": 0.041, "Actual Max Startup Time": 266.767, "Actual Min Total Time": 191.764, "Actual Max Total Time": 457.92, "Plans": [{"Node Type": "Seq Scan", "Parent Relationship": "Outer", "Relation Name": "company_name", "Alias": "cn", "Startup Cost": 0.0, "Total Cost": 5903.45, "Plan Rows": 85170, "Plan Width": 4, "Actual Min Startup Time": 0.053, "Actual Max Startup Time": 0.053, "Actual Min Total Time": 97.001, "Actual Max Total Time": 97.001, "Filter": "((country_code)::text = '[us]'::text)", "Rows Removed by Filter": 150153, "Actual Rows": 84843}], "Actual Rows": 84843}], "Actual Rows": 84843}], "Actual Rows": 1153797}], "Actual Rows": 1153797}], "Actual Rows": 1153797}], "Actual Rows": 1970658}], "Actual Rows": 1970658}, {"Node Type": "Hash", "Parent Relationship": "Inner", "Startup Cost": 34659.52, "Total Cost": 34659.52, "Plan Rows": 901342, "Plan Width": 20, "Actual Min Startup Time": 130.612, "Actual Max Startup Time": 381.22, "Actual Min Total Time": 130.612, "Actual Max Total Time": 381.22, "Max Hash Buckets": 65536, "Min Hash Buckets": 65536, "Max Hash Batches": 1, "Min Hash Batches": 1, "Max Original Hash Batches": 1, "Min Original Hash Batches": 1, "Max Peak Memory Usage": 2981, "min Peak Memory Usage": 2981, "Plans": [{"Node Type": "Streaming(type: LOCAL REDISTRIBUTE dop: 16/16)", "Parent Relationship": "Outer", "Startup Cost": 0.0, "Total Cost": 34659.52, "Plan Rows": 901342, "Plan Width": 20, "Actual Min Startup Time": 0.052, "Actual Max Startup Time": 67.059, "Actual Min Total Time": 109.562, "Actual Max Total Time": 360.696, "Plans": [{"Node Type": "Seq Scan", "Parent Relationship": "Outer", "Relation Name": "aka_name", "Alias": "a1", "Startup Cost": 0.0, "Total Cost": 16244.28, "Plan Rows": 901342, "Plan Width": 20, "Actual Min Startup Time": 0.019, "Actual Max Startup Time": 0.042, "Actual Min Total Time": 15.933, "Actual Max Total Time": 20.502, "Actual Rows": 901342}], "Actual Rows": 901342}], "Actual Rows": 901342}], "Actual Rows": 2487611}], "Actual Rows": 2487611}, {"Node Type": "Hash", "Parent Relationship": "Inner", "Startup Cost": 43334.25, "Total Cost": 43334.25, "Plan Rows": 2528311, "Plan Width": 21, "Actual Min Startup Time": 365.618, "Actual Max Startup Time": 543.574, "Actual Min Total Time": 365.618, "Actual Max Total Time": 543.574, "Max Hash Buckets": 262144, "Min Hash Buckets": 262144, "Max Hash Batches": 1, "Min Hash Batches": 1, "Max Original Hash Batches": 1, "Min Original Hash Batches": 1, "Max Peak Memory Usage": 8518, "min Peak Memory Usage": 8518, "Plans": [{"Node Type": "Streaming(type: LOCAL REDISTRIBUTE dop: 16/16)", "Parent Relationship": "Outer", "Startup Cost": 0.0, "Total Cost": 43334.25, "Plan Rows": 2528311, "Plan Width": 21, "Actual Min Startup Time": 0.063, "Actual Max Startup Time": 18.287, "Actual Min Total Time": 289.389, "Actual Max Total Time": 470.899, "Plans": [{"Node Type": "Seq Scan", "Parent Relationship": "Outer", "Relation Name": "title", "Alias": "t", "Startup Cost": 0.0, "Total Cost": 18754.32, "Plan Rows": 2528311, "Plan Width": 21, "Actual Min Startup Time": 0.017, "Actual Max Startup Time": 0.037, "Actual Min Total Time": 47.834, "Actual Max Total Time": 58.11, "Actual Rows": 2528311}], "Actual Rows": 2528311}], "Actual Rows": 2528311}], "Actual Rows": 2487611}], "Actual Rows": 2487611}, {"Node Type": "Hash", "Parent Relationship": "Inner", "Startup Cost": 51607.87, "Total Cost": 51607.87, "Plan Rows": 4167490, "Plan Width": 4, "Actual Min Startup Time": 573.363, "Actual Max Startup Time": 700.351, "Actual Min Total Time": 573.363, "Actual Max Total Time": 700.351, "Max Hash Buckets": 262144, "Min Hash Buckets": 262144, "Max Hash Batches": 1, "Min Hash Batches": 1, "Max Original Hash Batches": 1, "Min Original Hash Batches": 1, "Max Peak Memory Usage": 9174, "min Peak Memory Usage": 9174, "Plans": [{"Node Type": "Streaming(type: LOCAL REDISTRIBUTE dop: 16/16)", "Parent Relationship": "Outer", "Startup Cost": 0.0, "Total Cost": 51607.87, "Plan Rows": 4167490, "Plan Width": 4, "Actual Min Startup Time": 0.053, "Actual Max Startup Time": 0.099, "Actual Min Total Time": 470.118, "Actual Max Total Time": 593.068, "Plans": [{"Node Type": "Seq Scan", "Parent Relationship": "Outer", "Relation Name": "name", "Alias": "n1", "Startup Cost": 0.0, "Total Cost": 20816.99, "Plan Rows": 4167490, "Plan Width": 4, "Actual Min Startup Time": 0.017, "Actual Max Startup Time": 0.04, "Actual Min Total Time": 75.276, "Actual Max Total Time": 87.952, "Actual Rows": 4167490}], "Actual Rows": 4167490}], "Actual Rows": 4167490}], "Actual Rows": 2487611}], "Actual Rows": 16}], "Actual Rows": 16}], "Actual Rows": 1}, "Triggers": [], "Planner Runtime": 253, "Total Runtime": 2852.697, "Unique SQL Id": 2457761703}}, "(16, 67)": {"explain_plan": {"Plan": {"Node Type": "Aggregate", "Strategy": "Plain", "Startup Cost": 1013578.73, "Total Cost": 1013578.74, "Plan Rows": 1, "Plan Width": 97, "Plans": [{"Node Type": "Hash Join", "Parent Relationship": "Outer", "Join Type": "Inner", "Startup Cost": 985285.55, "Total Cost": 1011793.24, "Plan Rows": 357098, "Plan Width": 33, "Inner Unique": false, "Hash Cond": "(a1.person_id = n1.id), (LLVM Optimized)", "Plans": [{"Node Type": "Bitmap Heap Scan", "Parent Relationship": "Outer", "Relation Name": "aka_name", "Alias": "a1", "Startup Cost": 16632.3, "Total Cost": 36540.72, "Plan Rows": 901342, "Plan Width": 20, "Plans": [{"Node Type": "Bitmap Index Scan", "Parent Relationship": "Outer", "Index Name": "person_id_aka_name", "Startup Cost": 0.0, "Total Cost": 16406.96, "Plan Rows": 901342, "Plan Width": 0}]}, {"Node Type": "Hash", "Parent Relationship": "Inner", "Startup Cost": 959772.51, "Total Cost": 959772.51, "Plan Rows": 710459, "Plan Width": 25, "Plans": [{"Node Type": "Hash Join", "Parent Relationship": "Outer", "Join Type": "Inner", "Startup Cost": 607483.06, "Total Cost": 959772.51, "Plan Rows": 710459, "Plan Width": 25, "Inner Unique": true, "Hash Cond": "(ci.person_id = n1.id), (LLVM Optimized)", "Plans": [{"Node Type": "Hash Join", "Parent Relationship": "Outer", "Join Type": "Inner", "Startup Cost": 378117.96, "Total Cost": 720638.61, "Plan Rows": 710459, "Plan Width": 21, "Inner Unique": false, "Hash Cond": "(ci.movie_id = t.id), (LLVM Optimized)", "Plans": [{"Node Type": "Nested Loop", "Parent Relationship": "Outer", "Join Type": "Inner", "Startup Cost": 76315.02, "Total Cost": 389769.33, "Plan Rows": 3296318, "Plan Width": 8, "Inner Unique": false, "Plans": [{"Node Type": "Bitmap Heap Scan", "Parent Relationship": "Outer", "Relation Name": "role_type", "Alias": "rt", "Startup Cost": 8.31, "Total Cost": 12.46, "Plan Rows": 1, "Plan Width": 4, "Filter": "((role)::text = 'writer'::text)", "Plans": [{"Node Type": "Bitmap Index Scan", "Parent Relationship": "Outer", "Index Name": "role_type_pkey", "Startup Cost": 0.0, "Total Cost": 8.31, "Plan Rows": 12, "Plan Width": 0}]}, {"Node Type": "Bitmap Heap Scan", "Parent Relationship": "Inner", "Relation Name": "cast_info", "Alias": "ci", "Startup Cost": 76306.71, "Total Cost": 356793.69, "Plan Rows": 3296318, "Plan Width": 12, "Recheck Cond": "(role_id = rt.id), (LLVM Optimized)", "Plans": [{"Node Type": "Bitmap Index Scan", "Parent Relationship": "Outer", "Index Name": "role_id_cast_info", "Startup Cost": 0.0, "Total Cost": 75482.63, "Plan Rows": 3296318, "Plan Width": 0, "Index Cond": "(role_id = rt.id)"}]}]}, {"Node Type": "Hash", "Parent Relationship": "Inner", "Startup Cost": 285774.05, "Total Cost": 285774.05, "Plan Rows": 1282311, "Plan Width": 25, "Plans": [{"Node Type": "Hash Join", "Parent Relationship": "Outer", "Join Type": "Inner", "Startup Cost": 203717.65, "Total Cost": 285774.05, "Plan Rows": 1282311, "Plan Width": 25, "Inner Unique": true, "Hash Cond": "(mc.movie_id = t.id), (LLVM Optimized)", "Plans": [{"Node Type": "Hash Join", "Parent Relationship": "Outer", "Join Type": "Inner", "Startup Cost": 61758.77, "Total Cost": 126183.39, "Plan Rows": 1282311, "Plan Width": 4, "Inner Unique": true, "Hash Cond": "(mc.company_id = cn.id), (LLVM Optimized)", "Plans": [{"Node Type": "Bitmap Heap Scan", "Parent Relationship": "Outer", "Relation Name": "movie_companies", "Alias": "mc", "Startup Cost": 51990.17, "Total Cost": 93807.45, "Plan Rows": 2609128, "Plan Width": 8, "Plans": [{"Node Type": "Bitmap Index Scan", "Parent Relationship": "Outer", "Index Name": "movie_id_movie_companies", "Startup Cost": 0.0, "Total Cost": 51337.89, "Plan Rows": 2609128, "Plan Width": 0}]}, {"Node Type": "Hash", "Parent Relationship": "Inner", "Startup Cost": 8703.97, "Total Cost": 8703.97, "Plan Rows": 85170, "Plan Width": 4, "Plans": [{"Node Type": "Bitmap Heap Scan", "Parent Relationship": "Outer", "Relation Name": "company_name", "Alias": "cn", "Startup Cost": 2800.52, "Total Cost": 8703.97, "Plan Rows": 85170, "Plan Width": 4, "Filter": "((country_code)::text = '[us]'::text)", "Plans": [{"Node Type": "Bitmap Index Scan", "Parent Relationship": "Outer", "Index Name": "company_name_pkey", "Startup Cost": 0.0, "Total Cost": 2779.23, "Plan Rows": 234996, "Plan Width": 0}]}]}]}, {"Node Type": "Hash", "Parent Relationship": "Inner", "Startup Cost": 110354.99, "Total Cost": 110354.99, "Plan Rows": 2528311, "Plan Width": 21, "Plans": [{"Node Type": "Bitmap Heap Scan", "Parent Relationship": "Outer", "Relation Name": "title", "Alias": "t", "Startup Cost": 50285.88, "Total Cost": 110354.99, "Plan Rows": 2528311, "Plan Width": 21, "Plans": [{"Node Type": "Bitmap Index Scan", "Parent Relationship": "Outer", "Index Name": "title_pkey", "Startup Cost": 0.0, "Total Cost": 49653.81, "Plan Rows": 2528311, "Plan Width": 0}]}]}]}]}]}, {"Node Type": "Hash", "Parent Relationship": "Inner", "Startup Cost": 177271.47, "Total Cost": 177271.47, "Plan Rows": 4167490, "Plan Width": 4, "Plans": [{"Node Type": "Bitmap Heap Scan", "Parent Relationship": "Outer", "Relation Name": "name", "Alias": "n1", "Startup Cost": 84199.57, "Total Cost": 177271.47, "Plan Rows": 4167490, "Plan Width": 4, "Plans": [{"Node Type": "Bitmap Index Scan", "Parent Relationship": "Outer", "Index Name": "name_pkey", "Startup Cost": 0.0, "Total Cost": 83157.7, "Plan Rows": 4167490, "Plan Width": 0}]}]}]}]}]}]}, "Unique SQL Id": 2457761703, "Planner Runtime": 72}, "explain_analyze_plan": null}, "(16, 68)": {"explain_plan": {"Plan": {"Node Type": "Aggregate", "Strategy": "Plain", "Startup Cost": 287566.27, "Total Cost": 287566.3, "Plan Rows": 1, "Plan Width": 97, "Plans": [{"Node Type": "Streaming(type: LOCAL GATHER dop: 1/16)", "Parent Relationship": "Outer", "Startup Cost": 287566.27, "Total Cost": 287566.3, "Plan Rows": 1, "Plan Width": 97, "Plans": [{"Node Type": "Aggregate", "Strategy": "Plain", "Parent Relationship": "Outer", "Startup Cost": 287566.27, "Total Cost": 287566.28, "Plan Rows": 1, "Plan Width": 97, "Plans": [{"Node Type": "Hash Join", "Parent Relationship": "Outer", "Join Type": "Inner", "Startup Cost": 142621.96, "Total Cost": 285780.78, "Plan Rows": 357098, "Plan Width": 33, "Inner Unique": true, "Hash Cond": "(a1.person_id = n1.id), (LLVM Optimized)", "Plans": [{"Node Type": "Streaming(type: LOCAL REDISTRIBUTE dop: 16/16)", "Parent Relationship": "Outer", "Startup Cost": 126464.14, "Total Cost": 269316.07, "Plan Rows": 357098, "Plan Width": 41, "Plans": [{"Node Type": "Hash Join", "Parent Relationship": "Outer", "Join Type": "Inner", "Startup Cost": 126464.14, "Total Cost": 252963.01, "Plan Rows": 357098, "Plan Width": 41, "Inner Unique": true, "Hash Cond": "(ci.movie_id = t.id), (LLVM Optimized)", "Plans": [{"Node Type": "Streaming(type: LOCAL REDISTRIBUTE dop: 16/16)", "Parent Relationship": "Outer", "Startup Cost": 113655.34, "Total Cost": 239847.25, "Plan Rows": 357379, "Plan Width": 32, "Plans": [{"Node Type": "Hash Join", "Parent Relationship": "Outer", "Join Type": "Inner", "Startup Cost": 113655.34, "Total Cost": 223493.12, "Plan Rows": 357379, "Plan Width": 32, "Inner Unique": false, "Hash Cond": "(ci.person_id = a1.person_id), (LLVM Optimized)", "Plans": [{"Node Type": "Streaming(type: LOCAL REDISTRIBUTE dop: 16/16)", "Parent Relationship": "Outer", "Startup Cost": 104286.28, "Total Cost": 212931.86, "Plan Rows": 711018, "Plan Width": 12, "Plans": [{"Node Type": "Hash Join", "Parent Relationship": "Outer", "Join Type": "Inner", "Startup Cost": 104286.28, "Total Cost": 195237.77, "Plan Rows": 711018, "Plan Width": 12, "Inner Unique": false, "Hash Cond": "(ci.movie_id = mc.movie_id), (LLVM Optimized)", "Plans": [{"Node Type": "Streaming(type: LOCAL REDISTRIBUTE dop: 16/16)", "Parent Relationship": "Outer", "Startup Cost": 15001.51, "Total Cost": 102848.74, "Plan Rows": 3296318, "Plan Width": 8, "Plans": [{"Node Type": "Hash Join", "Parent Relationship": "Outer", "Join Type": "Inner", "Startup Cost": 15001.51, "Total Cost": 75358.79, "Plan Rows": 3296318, "Plan Width": 8, "Inner Unique": true, "Hash Cond": "(ci.role_id = rt.id), (LLVM Optimized)", "Plans": [{"Node Type": "Seq Scan", "Parent Relationship": "Outer", "Relation Name": "cast_info", "Alias": "ci", "Startup Cost": 0.0, "Total Cost": 52617.37, "Plan Rows": 36259494, "Plan Width": 12}, {"Node Type": "Hash", "Parent Relationship": "Inner", "Startup Cost": 15001.5, "Total Cost": 15001.5, "Plan Rows": 16, "Plan Width": 4, "Plans": [{"Node Type": "Streaming(type: BROADCAST dop: 16/1)", "Parent Relationship": "Outer", "Startup Cost": 0.0, "Total Cost": 15001.5, "Plan Rows": 16, "Plan Width": 4, "Plans": [{"Node Type": "Seq Scan", "Parent Relationship": "Outer", "Relation Name": "role_type", "Alias": "rt", "Startup Cost": 0.0, "Total Cost": 1.15, "Plan Rows": 1, "Plan Width": 4, "Filter": "((role)::text = 'writer'::text)"}]}]}]}]}, {"Node Type": "Hash", "Parent Relationship": "Inner", "Startup Cost": 88282.97, "Total Cost": 88282.97, "Plan Rows": 1282311, "Plan Width": 4, "Plans": [{"Node Type": "Streaming(type: LOCAL REDISTRIBUTE dop: 16/16)", "Parent Relationship": "Outer", "Startup Cost": 24511.53, "Total Cost": 88282.97, "Plan Rows": 1282311, "Plan Width": 4, "Plans": [{"Node Type": "Hash Join", "Parent Relationship": "Outer", "Join Type": "Inner", "Startup Cost": 24511.53, "Total Cost": 68424.21, "Plan Rows": 1282311, "Plan Width": 4, "Inner Unique": true, "Hash Cond": "(mc.company_id = cn.id), (LLVM Optimized)", "Plans": [{"Node Type": "Streaming(type: LOCAL REDISTRIBUTE dop: 16/16)", "Parent Relationship": "Outer", "Startup Cost": 0.0, "Total Cost": 42499.73, "Plan Rows": 2609128, "Plan Width": 8, "Plans": [{"Node Type": "Seq Scan", "Parent Relationship": "Outer", "Relation Name": "movie_companies", "Alias": "mc", "Startup Cost": 0.0, "Total Cost": 17613.58, "Plan Rows": 2609128, "Plan Width": 8}]}, {"Node Type": "Hash", "Parent Relationship": "Inner", "Startup Cost": 24444.99, "Total Cost": 24444.99, "Plan Rows": 85170, "Plan Width": 4, "Plans": [{"Node Type": "Streaming(type: LOCAL REDISTRIBUTE dop: 16/1)", "Parent Relationship": "Outer", "Startup Cost": 0.0, "Total Cost": 24444.99, "Plan Rows": 85170, "Plan Width": 4, "Plans": [{"Node Type": "Seq Scan", "Parent Relationship": "Outer", "Relation Name": "company_name", "Alias": "cn", "Startup Cost": 0.0, "Total Cost": 5903.45, "Plan Rows": 85170, "Plan Width": 4, "Filter": "((country_code)::text = '[us]'::text)"}]}]}]}]}]}]}]}, {"Node Type": "Hash", "Parent Relationship": "Inner", "Startup Cost": 34659.52, "Total Cost": 34659.52, "Plan Rows": 901342, "Plan Width": 20, "Plans": [{"Node Type": "Streaming(type: LOCAL REDISTRIBUTE dop: 16/16)", "Parent Relationship": "Outer", "Startup Cost": 0.0, "Total Cost": 34659.52, "Plan Rows": 901342, "Plan Width": 20, "Plans": [{"Node Type": "Seq Scan", "Parent Relationship": "Outer", "Relation Name": "aka_name", "Alias": "a1", "Startup Cost": 0.0, "Total Cost": 16244.28, "Plan Rows": 901342, "Plan Width": 20}]}]}]}]}, {"Node Type": "Hash", "Parent Relationship": "Inner", "Startup Cost": 43334.25, "Total Cost": 43334.25, "Plan Rows": 2528311, "Plan Width": 21, "Plans": [{"Node Type": "Streaming(type: LOCAL REDISTRIBUTE dop: 16/16)", "Parent Relationship": "Outer", "Startup Cost": 0.0, "Total Cost": 43334.25, "Plan Rows": 2528311, "Plan Width": 21, "Plans": [{"Node Type": "Seq Scan", "Parent Relationship": "Outer", "Relation Name": "title", "Alias": "t", "Startup Cost": 0.0, "Total Cost": 18754.32, "Plan Rows": 2528311, "Plan Width": 21}]}]}]}]}, {"Node Type": "Hash", "Parent Relationship": "Inner", "Startup Cost": 51607.87, "Total Cost": 51607.87, "Plan Rows": 4167490, "Plan Width": 4, "Plans": [{"Node Type": "Streaming(type: LOCAL REDISTRIBUTE dop: 16/16)", "Parent Relationship": "Outer", "Startup Cost": 0.0, "Total Cost": 51607.87, "Plan Rows": 4167490, "Plan Width": 4, "Plans": [{"Node Type": "Seq Scan", "Parent Relationship": "Outer", "Relation Name": "name", "Alias": "n1", "Startup Cost": 0.0, "Total Cost": 20816.99, "Plan Rows": 4167490, "Plan Width": 4}]}]}]}]}]}]}, "Unique SQL Id": 2457761703, "Planner Runtime": 199}, "explain_analyze_plan": {"Plan": {"Node Type": "Aggregate", "Strategy": "Plain", "Startup Cost": 287566.27, "Total Cost": 287566.3, "Plan Rows": 1, "Plan Width": 97, "Actual Min Startup Time": 2807.394, "Actual Max Startup Time": 2807.394, "Actual Min Total Time": 2807.394, "Actual Max Total Time": 2807.394, "Plans": [{"Node Type": "Streaming(type: LOCAL GATHER dop: 1/16)", "Parent Relationship": "Outer", "Startup Cost": 287566.27, "Total Cost": 287566.3, "Plan Rows": 1, "Plan Width": 97, "Actual Min Startup Time": 2805.812, "Actual Max Startup Time": 2805.812, "Actual Min Total Time": 2807.366, "Actual Max Total Time": 2807.366, "Plans": [{"Node Type": "Aggregate", "Strategy": "Plain", "Parent Relationship": "Outer", "Startup Cost": 287566.27, "Total Cost": 287566.28, "Plan Rows": 1, "Plan Width": 97, "Actual Min Startup Time": 2410.309, "Actual Max Startup Time": 2537.515, "Actual Min Total Time": 2410.309, "Actual Max Total Time": 2537.515, "Plans": [{"Node Type": "Hash Join", "Parent Relationship": "Outer", "Join Type": "Inner", "Startup Cost": 142621.96, "Total Cost": 285780.78, "Plan Rows": 357098, "Plan Width": 33, "Actual Min Startup Time": 682.796, "Actual Max Startup Time": 809.411, "Actual Min Total Time": 2287.798, "Actual Max Total Time": 2474.84, "Inner Unique": true, "Hash Cond": "(a1.person_id = n1.id), (LLVM Optimized, Jit Execute)", "Plans": [{"Node Type": "Streaming(type: LOCAL REDISTRIBUTE dop: 16/16)", "Parent Relationship": "Outer", "Startup Cost": 126464.14, "Total Cost": 269316.07, "Plan Rows": 357098, "Plan Width": 41, "Actual Min Startup Time": 104.514, "Actual Max Startup Time": 134.767, "Actual Min Total Time": 1604.955, "Actual Max Total Time": 1724.615, "Plans": [{"Node Type": "Hash Join", "Parent Relationship": "Outer", "Join Type": "Inner", "Startup Cost": 126464.14, "Total Cost": 252963.01, "Plan Rows": 357098, "Plan Width": 41, "Actual Min Startup Time": 684.369, "Actual Max Startup Time": 863.954, "Actual Min Total Time": 2250.417, "Actual Max Total Time": 2462.715, "Inner Unique": true, "Hash Cond": "(ci.movie_id = t.id), (LLVM Optimized, Jit Execute)", "Plans": [{"Node Type": "Streaming(type: LOCAL REDISTRIBUTE dop: 16/16)", "Parent Relationship": "Outer", "Startup Cost": 113655.34, "Total Cost": 239847.25, "Plan Rows": 357379, "Plan Width": 32, "Actual Min Startup Time": 317.069, "Actual Max Startup Time": 322.995, "Actual Min Total Time": 1801.077, "Actual Max Total Time": 1863.509, "Plans": [{"Node Type": "Hash Join", "Parent Relationship": "Outer", "Join Type": "Inner", "Startup Cost": 113655.34, "Total Cost": 223493.12, "Plan Rows": 357379, "Plan Width": 32, "Actual Min Startup Time": 676.499, "Actual Max Startup Time": 926.544, "Actual Min Total Time": 1889.984, "Actual Max Total Time": 2339.531, "Inner Unique": false, "Hash Cond": "(ci.person_id = a1.person_id), (LLVM Optimized, Jit Execute)", "Plans": [{"Node Type": "Streaming(type: LOCAL REDISTRIBUTE dop: 16/16)", "Parent Relationship": "Outer", "Startup Cost": 104286.28, "Total Cost": 212931.86, "Plan Rows": 711018, "Plan Width": 12, "Actual Min Startup Time": 544.363, "Actual Max Startup Time": 557.858, "Actual Min Total Time": 1635.928, "Actual Max Total Time": 1965.859, "Plans": [{"Node Type": "Hash Join", "Parent Relationship": "Outer", "Join Type": "Inner", "Startup Cost": 104286.28, "Total Cost": 195237.77, "Plan Rows": 711018, "Plan Width": 12, "Actual Min Startup Time": 676.505, "Actual Max Startup Time": 873.864, "Actual Min Total Time": 1726.934, "Actual Max Total Time": 1983.436, "Inner Unique": false, "Hash Cond": "(ci.movie_id = mc.movie_id), (LLVM Optimized, Jit Execute)", "Plans": [{"Node Type": "Streaming(type: LOCAL REDISTRIBUTE dop: 16/16)", "Parent Relationship": "Outer", "Startup Cost": 15001.51, "Total Cost": 102848.74, "Plan Rows": 3296318, "Plan Width": 8, "Actual Min Startup Time": 0.059, "Actual Max Startup Time": 0.35, "Actual Min Total Time": 960.325, "Actual Max Total Time": 1125.807, "Plans": [{"Node Type": "Hash Join", "Parent Relationship": "Outer", "Join Type": "Inner", "Startup Cost": 15001.51, "Total Cost": 75358.79, "Plan Rows": 3296318, "Plan Width": 8, "Actual Min Startup Time": 618.945, "Actual Max Startup Time": 658.044, "Actual Min Total Time": 973.958, "Actual Max Total Time": 1016.065, "Inner Unique": true, "Hash Cond": "(ci.role_id = rt.id), (LLVM Optimized, Jit Execute)", "Plans": [{"Node Type": "Seq Scan", "Parent Relationship": "Outer", "Relation Name": "cast_info", "Alias": "ci", "Startup Cost": 0.0, "Total Cost": 52617.37, "Plan Rows": 36259494, "Plan Width": 12, "Actual Min Startup Time": 0.027, "Actual Max Startup Time": 0.044, "Actual Min Total Time": 516.927, "Actual Max Total Time": 557.048, "Actual Rows": 36244343}, {"Node Type": "Hash", "Parent Relationship": "Inner", "Startup Cost": 15001.5, "Total Cost": 15001.5, "Plan Rows": 16, "Plan Width": 4, "Actual Min Startup Time": 0.012, "Actual Max Startup Time": 23.82, "Actual Min Total Time": 0.012, "Actual Max Total Time": 23.82, "Max Hash Buckets": 32768, "Min Hash Buckets": 32768, "Max Hash Batches": 1, "Min Hash Batches": 1, "Max Original Hash Batches": 1, "Min Original Hash Batches": 1, "Max Peak Memory Usage": 1, "min Peak Memory Usage": 1, "Plans": [{"Node Type": "Streaming(type: BROADCAST dop: 16/1)", "Parent Relationship": "Outer", "Startup Cost": 0.0, "Total Cost": 15001.5, "Plan Rows": 16, "Plan Width": 4, "Actual Min Startup Time": 0.003, "Actual Max Startup Time": 23.79, "Actual Min Total Time": 0.004, "Actual Max Total Time": 23.792, "Plans": [{"Node Type": "Seq Scan", "Parent Relationship": "Outer", "Relation Name": "role_type", "Alias": "rt", "Startup Cost": 0.0, "Total Cost": 1.15, "Plan Rows": 1, "Plan Width": 4, "Actual Min Startup Time": 0.032, "Actual Max Startup Time": 0.032, "Actual Min Total Time": 0.036, "Actual Max Total Time": 0.036, "Filter": "((role)::text = 'writer'::text)", "Rows Removed by Filter": 11, "Actual Rows": 1}], "Actual Rows": 16}], "Actual Rows": 16}], "Actual Rows": 2728943}], "Actual Rows": 2728943}, {"Node Type": "Hash", "Parent Relationship": "Inner", "Startup Cost": 88282.97, "Total Cost": 88282.97, "Plan Rows": 1282311, "Plan Width": 4, "Actual Min Startup Time": 676.313, "Actual Max Startup Time": 873.534, "Actual Min Total Time": 676.313, "Actual Max Total Time": 873.534, "Max Hash Buckets": 131072, "Min Hash Buckets": 131072, "Max Hash Batches": 1, "Min Hash Batches": 1, "Max Original Hash Batches": 1, "Min Original Hash Batches": 1, "Max Peak Memory Usage": 2542, "min Peak Memory Usage": 2542, "Plans": [{"Node Type": "Streaming(type: LOCAL REDISTRIBUTE dop: 16/16)", "Parent Relationship": "Outer", "Startup Cost": 24511.53, "Total Cost": 88282.97, "Plan Rows": 1282311, "Plan Width": 4, "Actual Min Startup Time": 194.948, "Actual Max Startup Time": 392.152, "Actual Min Total Time": 652.521, "Actual Max Total Time": 846.259, "Plans": [{"Node Type": "Hash Join", "Parent Relationship": "Outer", "Join Type": "Inner", "Startup Cost": 24511.53, "Total Cost": 68424.21, "Plan Rows": 1282311, "Plan Width": 4, "Actual Min Startup Time": 193.447, "Actual Max Startup Time": 460.105, "Actual Min Total Time": 545.948, "Actual Max Total Time": 855.575, "Inner Unique": true, "Hash Cond": "(mc.company_id = cn.id), (LLVM Optimized, Jit Execute)", "Plans": [{"Node Type": "Streaming(type: LOCAL REDISTRIBUTE dop: 16/16)", "Parent Relationship": "Outer", "Startup Cost": 0.0, "Total Cost": 42499.73, "Plan Rows": 2609128, "Plan Width": 8, "Actual Min Startup Time": 0.064, "Actual Max Startup Time": 1.902, "Actual Min Total Time": 262.091, "Actual Max Total Time": 376.152, "Plans": [{"Node Type": "Seq Scan", "Parent Relationship": "Outer", "Relation Name": "movie_companies", "Alias": "mc", "Startup Cost": 0.0, "Total Cost": 17613.58, "Plan Rows": 2609128, "Plan Width": 8, "Actual Min Startup Time": 0.027, "Actual Max Startup Time": 0.063, "Actual Min Total Time": 42.353, "Actual Max Total Time": 50.636, "Actual Rows": 2609128}], "Actual Rows": 2609128}, {"Node Type": "Hash", "Parent Relationship": "Inner", "Startup Cost": 24444.99, "Total Cost": 24444.99, "Plan Rows": 85170, "Plan Width": 4, "Actual Min Startup Time": 193.304, "Actual Max Startup Time": 459.356, "Actual Min Total Time": 193.304, "Actual Max Total Time": 459.356, "Max Hash Buckets": 32768, "Min Hash Buckets": 32768, "Max Hash Batches": 1, "Min Hash Batches": 1, "Max Original Hash Batches": 1, "Min Original Hash Batches": 1, "Max Peak Memory Usage": 182, "min Peak Memory Usage": 182, "Plans": [{"Node Type": "Streaming(type: LOCAL REDISTRIBUTE dop: 16/1)", "Parent Relationship": "Outer", "Startup Cost": 0.0, "Total Cost": 24444.99, "Plan Rows": 85170, "Plan Width": 4, "Actual Min Startup Time": 0.041, "Actual Max Startup Time": 266.767, "Actual Min Total Time": 191.764, "Actual Max Total Time": 457.92, "Plans": [{"Node Type": "Seq Scan", "Parent Relationship": "Outer", "Relation Name": "company_name", "Alias": "cn", "Startup Cost": 0.0, "Total Cost": 5903.45, "Plan Rows": 85170, "Plan Width": 4, "Actual Min Startup Time": 0.053, "Actual Max Startup Time": 0.053, "Actual Min Total Time": 97.001, "Actual Max Total Time": 97.001, "Filter": "((country_code)::text = '[us]'::text)", "Rows Removed by Filter": 150153, "Actual Rows": 84843}], "Actual Rows": 84843}], "Actual Rows": 84843}], "Actual Rows": 1153797}], "Actual Rows": 1153797}], "Actual Rows": 1153797}], "Actual Rows": 1970658}], "Actual Rows": 1970658}, {"Node Type": "Hash", "Parent Relationship": "Inner", "Startup Cost": 34659.52, "Total Cost": 34659.52, "Plan Rows": 901342, "Plan Width": 20, "Actual Min Startup Time": 130.612, "Actual Max Startup Time": 381.22, "Actual Min Total Time": 130.612, "Actual Max Total Time": 381.22, "Max Hash Buckets": 65536, "Min Hash Buckets": 65536, "Max Hash Batches": 1, "Min Hash Batches": 1, "Max Original Hash Batches": 1, "Min Original Hash Batches": 1, "Max Peak Memory Usage": 2981, "min Peak Memory Usage": 2981, "Plans": [{"Node Type": "Streaming(type: LOCAL REDISTRIBUTE dop: 16/16)", "Parent Relationship": "Outer", "Startup Cost": 0.0, "Total Cost": 34659.52, "Plan Rows": 901342, "Plan Width": 20, "Actual Min Startup Time": 0.052, "Actual Max Startup Time": 67.059, "Actual Min Total Time": 109.562, "Actual Max Total Time": 360.696, "Plans": [{"Node Type": "Seq Scan", "Parent Relationship": "Outer", "Relation Name": "aka_name", "Alias": "a1", "Startup Cost": 0.0, "Total Cost": 16244.28, "Plan Rows": 901342, "Plan Width": 20, "Actual Min Startup Time": 0.019, "Actual Max Startup Time": 0.042, "Actual Min Total Time": 15.933, "Actual Max Total Time": 20.502, "Actual Rows": 901342}], "Actual Rows": 901342}], "Actual Rows": 901342}], "Actual Rows": 2487611}], "Actual Rows": 2487611}, {"Node Type": "Hash", "Parent Relationship": "Inner", "Startup Cost": 43334.25, "Total Cost": 43334.25, "Plan Rows": 2528311, "Plan Width": 21, "Actual Min Startup Time": 365.618, "Actual Max Startup Time": 543.574, "Actual Min Total Time": 365.618, "Actual Max Total Time": 543.574, "Max Hash Buckets": 262144, "Min Hash Buckets": 262144, "Max Hash Batches": 1, "Min Hash Batches": 1, "Max Original Hash Batches": 1, "Min Original Hash Batches": 1, "Max Peak Memory Usage": 8518, "min Peak Memory Usage": 8518, "Plans": [{"Node Type": "Streaming(type: LOCAL REDISTRIBUTE dop: 16/16)", "Parent Relationship": "Outer", "Startup Cost": 0.0, "Total Cost": 43334.25, "Plan Rows": 2528311, "Plan Width": 21, "Actual Min Startup Time": 0.063, "Actual Max Startup Time": 18.287, "Actual Min Total Time": 289.389, "Actual Max Total Time": 470.899, "Plans": [{"Node Type": "Seq Scan", "Parent Relationship": "Outer", "Relation Name": "title", "Alias": "t", "Startup Cost": 0.0, "Total Cost": 18754.32, "Plan Rows": 2528311, "Plan Width": 21, "Actual Min Startup Time": 0.017, "Actual Max Startup Time": 0.037, "Actual Min Total Time": 47.834, "Actual Max Total Time": 58.11, "Actual Rows": 2528311}], "Actual Rows": 2528311}], "Actual Rows": 2528311}], "Actual Rows": 2487611}], "Actual Rows": 2487611}, {"Node Type": "Hash", "Parent Relationship": "Inner", "Startup Cost": 51607.87, "Total Cost": 51607.87, "Plan Rows": 4167490, "Plan Width": 4, "Actual Min Startup Time": 573.363, "Actual Max Startup Time": 700.351, "Actual Min Total Time": 573.363, "Actual Max Total Time": 700.351, "Max Hash Buckets": 262144, "Min Hash Buckets": 262144, "Max Hash Batches": 1, "Min Hash Batches": 1, "Max Original Hash Batches": 1, "Min Original Hash Batches": 1, "Max Peak Memory Usage": 9174, "min Peak Memory Usage": 9174, "Plans": [{"Node Type": "Streaming(type: LOCAL REDISTRIBUTE dop: 16/16)", "Parent Relationship": "Outer", "Startup Cost": 0.0, "Total Cost": 51607.87, "Plan Rows": 4167490, "Plan Width": 4, "Actual Min Startup Time": 0.053, "Actual Max Startup Time": 0.099, "Actual Min Total Time": 470.118, "Actual Max Total Time": 593.068, "Plans": [{"Node Type": "Seq Scan", "Parent Relationship": "Outer", "Relation Name": "name", "Alias": "n1", "Startup Cost": 0.0, "Total Cost": 20816.99, "Plan Rows": 4167490, "Plan Width": 4, "Actual Min Startup Time": 0.017, "Actual Max Startup Time": 0.04, "Actual Min Total Time": 75.276, "Actual Max Total Time": 87.952, "Actual Rows": 4167490}], "Actual Rows": 4167490}], "Actual Rows": 4167490}], "Actual Rows": 2487611}], "Actual Rows": 16}], "Actual Rows": 16}], "Actual Rows": 1}, "Triggers": [], "Planner Runtime": 253, "Total Runtime": 2852.697, "Unique SQL Id": 2457761703}}, "(16, 69)": {"explain_plan": {"Plan": {"Node Type": "Aggregate", "Strategy": "Plain", "Startup Cost": 1403521.5, "Total Cost": 1403521.52, "Plan Rows": 1, "Plan Width": 97, "Plans": [{"Node Type": "Streaming(type: LOCAL GATHER dop: 1/16)", "Parent Relationship": "Outer", "Startup Cost": 1403521.5, "Total Cost": 1403521.52, "Plan Rows": 1, "Plan Width": 97, "Plans": [{"Node Type": "Aggregate", "Strategy": "Plain", "Parent Relationship": "Outer", "Startup Cost": 1403521.5, "Total Cost": 1403521.51, "Plan Rows": 1, "Plan Width": 97, "Plans": [{"Node Type": "Hash Join", "Parent Relationship": "Outer", "Join Type": "Inner", "Startup Cost": 1181725.83, "Total Cost": 1401736.01, "Plan Rows": 357098, "Plan Width": 33, "Inner Unique": true, "Hash Cond": "(ci.movie_id = t.id), (LLVM Optimized)", "Plans": [{"Node Type": "Streaming(type: LOCAL REDISTRIBUTE dop: 16/16)", "Parent Relationship": "Outer", "Startup Cost": 1148251.22, "Total Cost": 1367954.44, "Plan Rows": 357379, "Plan Width": 24, "Plans": [{"Node Type": "Hash Join", "Parent Relationship": "Outer", "Join Type": "Inner", "Startup Cost": 1148251.22, "Total Cost": 1351600.31, "Plan Rows": 357379, "Plan Width": 24, "Inner Unique": false, "Hash Cond": "(n1.id = a1.person_id), (LLVM Optimized)", "Plans": [{"Node Type": "Streaming(type: LOCAL REDISTRIBUTE dop: 16/16)", "Parent Relationship": "Outer", "Startup Cost": 1125291.96, "Total Cost": 1327448.82, "Plan Rows": 711018, "Plan Width": 16, "Plans": [{"Node Type": "Hash Join", "Parent Relationship": "Outer", "Join Type": "Inner", "Startup Cost": 1125291.96, "Total Cost": 1309754.73, "Plan Rows": 711018, "Plan Width": 16, "Inner Unique": true, "Hash Cond": "(ci.person_id = n1.id), (LLVM Optimized)", "Plans": [{"Node Type": "Streaming(type: LOCAL REDISTRIBUTE dop: 16/16)", "Parent Relationship": "Outer", "Startup Cost": 1076297.75, "Total Cost": 1260149.49, "Plan Rows": 711018, "Plan Width": 12, "Plans": [{"Node Type": "Hash Join", "Parent Relationship": "Outer", "Join Type": "Inner", "Startup Cost": 1076297.75, "Total Cost": 1242455.4, "Plan Rows": 711018, "Plan Width": 12, "Inner Unique": true, "Hash Cond": "(mc.company_id = cn.id), (LLVM Optimized)", "Plans": [{"Node Type": "Streaming(type: LOCAL REDISTRIBUTE dop: 16/16)", "Parent Relationship": "Outer", "Startup Cost": 1069419.83, "Total Cost": 1234794.01, "Plan Rows": 1446714, "Plan Width": 16, "Plans": [{"Node Type": "Hash Join", "Parent Relationship": "Outer", "Join Type": "Inner", "Startup Cost": 1069419.83, "Total Cost": 1214312.32, "Plan Rows": 1446714, "Plan Width": 16, "Inner Unique": false, "Hash Cond": "(mc.movie_id = ci.movie_id), (LLVM Optimized)", "Plans": [{"Node Type": "Streaming(type: LOCAL REDISTRIBUTE dop: 16/16)", "Parent Relationship": "Outer", "Startup Cost": 0.0, "Total Cost": 139099.07, "Plan Rows": 2609128, "Plan Width": 8, "Plans": [{"Node Type": "Index Scan", "Parent Relationship": "Outer", "Scan Direction": "Forward", "Index Name": "company_id_movie_companies", "Relation Name": "movie_companies", "Alias": "mc", "Startup Cost": 0.0, "Total Cost": 114212.92, "Plan Rows": 2609128, "Plan Width": 8}]}, {"Node Type": "Hash", "Parent Relationship": "Inner", "Startup Cost": 1066844.59, "Total Cost": 1066844.59, "Plan Rows": 3296318, "Plan Width": 8, "Plans": [{"Node Type": "Streaming(type: LOCAL REDISTRIBUTE dop: 16/16)", "Parent Relationship": "Outer", "Startup Cost": 15012.82, "Total Cost": 1066844.59, "Plan Rows": 3296318, "Plan Width": 8, "Plans": [{"Node Type": "Hash Join", "Parent Relationship": "Outer", "Join Type": "Inner", "Startup Cost": 15012.82, "Total Cost": 1039354.63, "Plan Rows": 3296318, "Plan Width": 8, "Inner Unique": true, "Hash Cond": "(ci.role_id = rt.id), (LLVM Optimized)", "Plans": [{"Node Type": "Index Scan", "Parent Relationship": "Outer", "Scan Direction": "Forward", "Index Name": "role_id_cast_info", "Relation Name": "cast_info", "Alias": "ci", "Startup Cost": 0.0, "Total Cost": 1016601.9, "Plan Rows": 36259494, "Plan Width": 12}, {"Node Type": "Hash", "Parent Relationship": "Inner", "Startup Cost": 15012.81, "Total Cost": 15012.81, "Plan Rows": 16, "Plan Width": 4, "Plans": [{"Node Type": "Streaming(type: BROADCAST dop: 16/1)", "Parent Relationship": "Outer", "Startup Cost": 0.0, "Total Cost": 15012.81, "Plan Rows": 16, "Plan Width": 4, "Plans": [{"Node Type": "Index Scan", "Parent Relationship": "Outer", "Scan Direction": "Forward", "Index Name": "role_type_pkey", "Relation Name": "role_type", "Alias": "rt", "Startup Cost": 0.0, "Total Cost": 12.46, "Plan Rows": 1, "Plan Width": 4, "Filter": "((role)::text = 'writer'::text)"}]}]}]}]}]}]}]}, {"Node Type": "Hash", "Parent Relationship": "Inner", "Startup Cost": 27245.51, "Total Cost": 27245.51, "Plan Rows": 85170, "Plan Width": 4, "Plans": [{"Node Type": "Streaming(type: LOCAL REDISTRIBUTE dop: 16/1)", "Parent Relationship": "Outer", "Startup Cost": 2800.52, "Total Cost": 27245.51, "Plan Rows": 85170, "Plan Width": 4, "Plans": [{"Node Type": "Bitmap Heap Scan", "Parent Relationship": "Outer", "Relation Name": "company_name", "Alias": "cn", "Startup Cost": 2800.52, "Total Cost": 8703.97, "Plan Rows": 85170, "Plan Width": 4, "Filter": "((country_code)::text = '[us]'::text)", "Plans": [{"Node Type": "Bitmap Index Scan", "Parent Relationship": "Outer", "Index Name": "company_name_pkey", "Startup Cost": 0.0, "Total Cost": 2779.23, "Plan Rows": 234996, "Plan Width": 0}]}]}]}]}]}, {"Node Type": "Hash", "Parent Relationship": "Inner", "Startup Cost": 182953.41, "Total Cost": 182953.41, "Plan Rows": 4167490, "Plan Width": 4, "Plans": [{"Node Type": "Streaming(type: LOCAL REDISTRIBUTE dop: 16/16)", "Parent Relationship": "Outer", "Startup Cost": 0.0, "Total Cost": 182953.41, "Plan Rows": 4167490, "Plan Width": 4, "Plans": [{"Node Type": "Index Scan", "Parent Relationship": "Outer", "Scan Direction": "Forward", "Index Name": "name_pkey", "Relation Name": "name", "Alias": "n1", "Startup Cost": 0.0, "Total Cost": 152162.53, "Plan Rows": 4167490, "Plan Width": 4}]}]}]}]}, {"Node Type": "Hash", "Parent Relationship": "Inner", "Startup Cost": 89020.35, "Total Cost": 89020.35, "Plan Rows": 901342, "Plan Width": 20, "Plans": [{"Node Type": "Streaming(type: LOCAL REDISTRIBUTE dop: 16/1)", "Parent Relationship": "Outer", "Startup Cost": 16632.3, "Total Cost": 89020.35, "Plan Rows": 901342, "Plan Width": 20, "Plans": [{"Node Type": "Bitmap Heap Scan", "Parent Relationship": "Outer", "Relation Name": "aka_name", "Alias": "a1", "Startup Cost": 16632.3, "Total Cost": 36540.72, "Plan Rows": 901342, "Plan Width": 20, "Plans": [{"Node Type": "Bitmap Index Scan", "Parent Relationship": "Outer", "Index Name": "person_id_aka_name", "Startup Cost": 0.0, "Total Cost": 16406.96, "Plan Rows": 901342, "Plan Width": 0}]}]}]}]}]}, {"Node Type": "Hash", "Parent Relationship": "Inner", "Startup Cost": 125997.5, "Total Cost": 125997.5, "Plan Rows": 2528311, "Plan Width": 21, "Plans": [{"Node Type": "Streaming(type: LOCAL REDISTRIBUTE dop: 16/16)", "Parent Relationship": "Outer", "Startup Cost": 0.0, "Total Cost": 125997.5, "Plan Rows": 2528311, "Plan Width": 21, "Plans": [{"Node Type": "Index Scan", "Parent Relationship": "Outer", "Scan Direction": "Forward", "Index Name": "title_pkey", "Relation Name": "title", "Alias": "t", "Startup Cost": 0.0, "Total Cost": 101417.57, "Plan Rows": 2528311, "Plan Width": 21}]}]}]}]}]}]}, "Unique SQL Id": 2457761703, "Planner Runtime": 179}, "explain_analyze_plan": null}, "(16, 70)": {"explain_plan": {"Plan": {"Node Type": "Aggregate", "Strategy": "Plain", "Startup Cost": 287566.27, "Total Cost": 287566.3, "Plan Rows": 1, "Plan Width": 97, "Plans": [{"Node Type": "Streaming(type: LOCAL GATHER dop: 1/16)", "Parent Relationship": "Outer", "Startup Cost": 287566.27, "Total Cost": 287566.3, "Plan Rows": 1, "Plan Width": 97, "Plans": [{"Node Type": "Aggregate", "Strategy": "Plain", "Parent Relationship": "Outer", "Startup Cost": 287566.27, "Total Cost": 287566.28, "Plan Rows": 1, "Plan Width": 97, "Plans": [{"Node Type": "Hash Join", "Parent Relationship": "Outer", "Join Type": "Inner", "Startup Cost": 142621.96, "Total Cost": 285780.78, "Plan Rows": 357098, "Plan Width": 33, "Inner Unique": true, "Hash Cond": "(a1.person_id = n1.id), (LLVM Optimized)", "Plans": [{"Node Type": "Streaming(type: LOCAL REDISTRIBUTE dop: 16/16)", "Parent Relationship": "Outer", "Startup Cost": 126464.14, "Total Cost": 269316.07, "Plan Rows": 357098, "Plan Width": 41, "Plans": [{"Node Type": "Hash Join", "Parent Relationship": "Outer", "Join Type": "Inner", "Startup Cost": 126464.14, "Total Cost": 252963.01, "Plan Rows": 357098, "Plan Width": 41, "Inner Unique": true, "Hash Cond": "(ci.movie_id = t.id), (LLVM Optimized)", "Plans": [{"Node Type": "Streaming(type: LOCAL REDISTRIBUTE dop: 16/16)", "Parent Relationship": "Outer", "Startup Cost": 113655.34, "Total Cost": 239847.25, "Plan Rows": 357379, "Plan Width": 32, "Plans": [{"Node Type": "Hash Join", "Parent Relationship": "Outer", "Join Type": "Inner", "Startup Cost": 113655.34, "Total Cost": 223493.12, "Plan Rows": 357379, "Plan Width": 32, "Inner Unique": false, "Hash Cond": "(ci.person_id = a1.person_id), (LLVM Optimized)", "Plans": [{"Node Type": "Streaming(type: LOCAL REDISTRIBUTE dop: 16/16)", "Parent Relationship": "Outer", "Startup Cost": 104286.28, "Total Cost": 212931.86, "Plan Rows": 711018, "Plan Width": 12, "Plans": [{"Node Type": "Hash Join", "Parent Relationship": "Outer", "Join Type": "Inner", "Startup Cost": 104286.28, "Total Cost": 195237.77, "Plan Rows": 711018, "Plan Width": 12, "Inner Unique": false, "Hash Cond": "(ci.movie_id = mc.movie_id), (LLVM Optimized)", "Plans": [{"Node Type": "Streaming(type: LOCAL REDISTRIBUTE dop: 16/16)", "Parent Relationship": "Outer", "Startup Cost": 15001.51, "Total Cost": 102848.74, "Plan Rows": 3296318, "Plan Width": 8, "Plans": [{"Node Type": "Hash Join", "Parent Relationship": "Outer", "Join Type": "Inner", "Startup Cost": 15001.51, "Total Cost": 75358.79, "Plan Rows": 3296318, "Plan Width": 8, "Inner Unique": true, "Hash Cond": "(ci.role_id = rt.id), (LLVM Optimized)", "Plans": [{"Node Type": "Seq Scan", "Parent Relationship": "Outer", "Relation Name": "cast_info", "Alias": "ci", "Startup Cost": 0.0, "Total Cost": 52617.37, "Plan Rows": 36259494, "Plan Width": 12}, {"Node Type": "Hash", "Parent Relationship": "Inner", "Startup Cost": 15001.5, "Total Cost": 15001.5, "Plan Rows": 16, "Plan Width": 4, "Plans": [{"Node Type": "Streaming(type: BROADCAST dop: 16/1)", "Parent Relationship": "Outer", "Startup Cost": 0.0, "Total Cost": 15001.5, "Plan Rows": 16, "Plan Width": 4, "Plans": [{"Node Type": "Seq Scan", "Parent Relationship": "Outer", "Relation Name": "role_type", "Alias": "rt", "Startup Cost": 0.0, "Total Cost": 1.15, "Plan Rows": 1, "Plan Width": 4, "Filter": "((role)::text = 'writer'::text)"}]}]}]}]}, {"Node Type": "Hash", "Parent Relationship": "Inner", "Startup Cost": 88282.97, "Total Cost": 88282.97, "Plan Rows": 1282311, "Plan Width": 4, "Plans": [{"Node Type": "Streaming(type: LOCAL REDISTRIBUTE dop: 16/16)", "Parent Relationship": "Outer", "Startup Cost": 24511.53, "Total Cost": 88282.97, "Plan Rows": 1282311, "Plan Width": 4, "Plans": [{"Node Type": "Hash Join", "Parent Relationship": "Outer", "Join Type": "Inner", "Startup Cost": 24511.53, "Total Cost": 68424.21, "Plan Rows": 1282311, "Plan Width": 4, "Inner Unique": true, "Hash Cond": "(mc.company_id = cn.id), (LLVM Optimized)", "Plans": [{"Node Type": "Streaming(type: LOCAL REDISTRIBUTE dop: 16/16)", "Parent Relationship": "Outer", "Startup Cost": 0.0, "Total Cost": 42499.73, "Plan Rows": 2609128, "Plan Width": 8, "Plans": [{"Node Type": "Seq Scan", "Parent Relationship": "Outer", "Relation Name": "movie_companies", "Alias": "mc", "Startup Cost": 0.0, "Total Cost": 17613.58, "Plan Rows": 2609128, "Plan Width": 8}]}, {"Node Type": "Hash", "Parent Relationship": "Inner", "Startup Cost": 24444.99, "Total Cost": 24444.99, "Plan Rows": 85170, "Plan Width": 4, "Plans": [{"Node Type": "Streaming(type: LOCAL REDISTRIBUTE dop: 16/1)", "Parent Relationship": "Outer", "Startup Cost": 0.0, "Total Cost": 24444.99, "Plan Rows": 85170, "Plan Width": 4, "Plans": [{"Node Type": "Seq Scan", "Parent Relationship": "Outer", "Relation Name": "company_name", "Alias": "cn", "Startup Cost": 0.0, "Total Cost": 5903.45, "Plan Rows": 85170, "Plan Width": 4, "Filter": "((country_code)::text = '[us]'::text)"}]}]}]}]}]}]}]}, {"Node Type": "Hash", "Parent Relationship": "Inner", "Startup Cost": 34659.52, "Total Cost": 34659.52, "Plan Rows": 901342, "Plan Width": 20, "Plans": [{"Node Type": "Streaming(type: LOCAL REDISTRIBUTE dop: 16/16)", "Parent Relationship": "Outer", "Startup Cost": 0.0, "Total Cost": 34659.52, "Plan Rows": 901342, "Plan Width": 20, "Plans": [{"Node Type": "Seq Scan", "Parent Relationship": "Outer", "Relation Name": "aka_name", "Alias": "a1", "Startup Cost": 0.0, "Total Cost": 16244.28, "Plan Rows": 901342, "Plan Width": 20}]}]}]}]}, {"Node Type": "Hash", "Parent Relationship": "Inner", "Startup Cost": 43334.25, "Total Cost": 43334.25, "Plan Rows": 2528311, "Plan Width": 21, "Plans": [{"Node Type": "Streaming(type: LOCAL REDISTRIBUTE dop: 16/16)", "Parent Relationship": "Outer", "Startup Cost": 0.0, "Total Cost": 43334.25, "Plan Rows": 2528311, "Plan Width": 21, "Plans": [{"Node Type": "Seq Scan", "Parent Relationship": "Outer", "Relation Name": "title", "Alias": "t", "Startup Cost": 0.0, "Total Cost": 18754.32, "Plan Rows": 2528311, "Plan Width": 21}]}]}]}]}, {"Node Type": "Hash", "Parent Relationship": "Inner", "Startup Cost": 51607.87, "Total Cost": 51607.87, "Plan Rows": 4167490, "Plan Width": 4, "Plans": [{"Node Type": "Streaming(type: LOCAL REDISTRIBUTE dop: 16/16)", "Parent Relationship": "Outer", "Startup Cost": 0.0, "Total Cost": 51607.87, "Plan Rows": 4167490, "Plan Width": 4, "Plans": [{"Node Type": "Seq Scan", "Parent Relationship": "Outer", "Relation Name": "name", "Alias": "n1", "Startup Cost": 0.0, "Total Cost": 20816.99, "Plan Rows": 4167490, "Plan Width": 4}]}]}]}]}]}]}, "Unique SQL Id": 2457761703, "Planner Runtime": 181}, "explain_analyze_plan": {"Plan": {"Node Type": "Aggregate", "Strategy": "Plain", "Startup Cost": 287566.27, "Total Cost": 287566.3, "Plan Rows": 1, "Plan Width": 97, "Actual Min Startup Time": 2807.394, "Actual Max Startup Time": 2807.394, "Actual Min Total Time": 2807.394, "Actual Max Total Time": 2807.394, "Plans": [{"Node Type": "Streaming(type: LOCAL GATHER dop: 1/16)", "Parent Relationship": "Outer", "Startup Cost": 287566.27, "Total Cost": 287566.3, "Plan Rows": 1, "Plan Width": 97, "Actual Min Startup Time": 2805.812, "Actual Max Startup Time": 2805.812, "Actual Min Total Time": 2807.366, "Actual Max Total Time": 2807.366, "Plans": [{"Node Type": "Aggregate", "Strategy": "Plain", "Parent Relationship": "Outer", "Startup Cost": 287566.27, "Total Cost": 287566.28, "Plan Rows": 1, "Plan Width": 97, "Actual Min Startup Time": 2410.309, "Actual Max Startup Time": 2537.515, "Actual Min Total Time": 2410.309, "Actual Max Total Time": 2537.515, "Plans": [{"Node Type": "Hash Join", "Parent Relationship": "Outer", "Join Type": "Inner", "Startup Cost": 142621.96, "Total Cost": 285780.78, "Plan Rows": 357098, "Plan Width": 33, "Actual Min Startup Time": 682.796, "Actual Max Startup Time": 809.411, "Actual Min Total Time": 2287.798, "Actual Max Total Time": 2474.84, "Inner Unique": true, "Hash Cond": "(a1.person_id = n1.id), (LLVM Optimized, Jit Execute)", "Plans": [{"Node Type": "Streaming(type: LOCAL REDISTRIBUTE dop: 16/16)", "Parent Relationship": "Outer", "Startup Cost": 126464.14, "Total Cost": 269316.07, "Plan Rows": 357098, "Plan Width": 41, "Actual Min Startup Time": 104.514, "Actual Max Startup Time": 134.767, "Actual Min Total Time": 1604.955, "Actual Max Total Time": 1724.615, "Plans": [{"Node Type": "Hash Join", "Parent Relationship": "Outer", "Join Type": "Inner", "Startup Cost": 126464.14, "Total Cost": 252963.01, "Plan Rows": 357098, "Plan Width": 41, "Actual Min Startup Time": 684.369, "Actual Max Startup Time": 863.954, "Actual Min Total Time": 2250.417, "Actual Max Total Time": 2462.715, "Inner Unique": true, "Hash Cond": "(ci.movie_id = t.id), (LLVM Optimized, Jit Execute)", "Plans": [{"Node Type": "Streaming(type: LOCAL REDISTRIBUTE dop: 16/16)", "Parent Relationship": "Outer", "Startup Cost": 113655.34, "Total Cost": 239847.25, "Plan Rows": 357379, "Plan Width": 32, "Actual Min Startup Time": 317.069, "Actual Max Startup Time": 322.995, "Actual Min Total Time": 1801.077, "Actual Max Total Time": 1863.509, "Plans": [{"Node Type": "Hash Join", "Parent Relationship": "Outer", "Join Type": "Inner", "Startup Cost": 113655.34, "Total Cost": 223493.12, "Plan Rows": 357379, "Plan Width": 32, "Actual Min Startup Time": 676.499, "Actual Max Startup Time": 926.544, "Actual Min Total Time": 1889.984, "Actual Max Total Time": 2339.531, "Inner Unique": false, "Hash Cond": "(ci.person_id = a1.person_id), (LLVM Optimized, Jit Execute)", "Plans": [{"Node Type": "Streaming(type: LOCAL REDISTRIBUTE dop: 16/16)", "Parent Relationship": "Outer", "Startup Cost": 104286.28, "Total Cost": 212931.86, "Plan Rows": 711018, "Plan Width": 12, "Actual Min Startup Time": 544.363, "Actual Max Startup Time": 557.858, "Actual Min Total Time": 1635.928, "Actual Max Total Time": 1965.859, "Plans": [{"Node Type": "Hash Join", "Parent Relationship": "Outer", "Join Type": "Inner", "Startup Cost": 104286.28, "Total Cost": 195237.77, "Plan Rows": 711018, "Plan Width": 12, "Actual Min Startup Time": 676.505, "Actual Max Startup Time": 873.864, "Actual Min Total Time": 1726.934, "Actual Max Total Time": 1983.436, "Inner Unique": false, "Hash Cond": "(ci.movie_id = mc.movie_id), (LLVM Optimized, Jit Execute)", "Plans": [{"Node Type": "Streaming(type: LOCAL REDISTRIBUTE dop: 16/16)", "Parent Relationship": "Outer", "Startup Cost": 15001.51, "Total Cost": 102848.74, "Plan Rows": 3296318, "Plan Width": 8, "Actual Min Startup Time": 0.059, "Actual Max Startup Time": 0.35, "Actual Min Total Time": 960.325, "Actual Max Total Time": 1125.807, "Plans": [{"Node Type": "Hash Join", "Parent Relationship": "Outer", "Join Type": "Inner", "Startup Cost": 15001.51, "Total Cost": 75358.79, "Plan Rows": 3296318, "Plan Width": 8, "Actual Min Startup Time": 618.945, "Actual Max Startup Time": 658.044, "Actual Min Total Time": 973.958, "Actual Max Total Time": 1016.065, "Inner Unique": true, "Hash Cond": "(ci.role_id = rt.id), (LLVM Optimized, Jit Execute)", "Plans": [{"Node Type": "Seq Scan", "Parent Relationship": "Outer", "Relation Name": "cast_info", "Alias": "ci", "Startup Cost": 0.0, "Total Cost": 52617.37, "Plan Rows": 36259494, "Plan Width": 12, "Actual Min Startup Time": 0.027, "Actual Max Startup Time": 0.044, "Actual Min Total Time": 516.927, "Actual Max Total Time": 557.048, "Actual Rows": 36244343}, {"Node Type": "Hash", "Parent Relationship": "Inner", "Startup Cost": 15001.5, "Total Cost": 15001.5, "Plan Rows": 16, "Plan Width": 4, "Actual Min Startup Time": 0.012, "Actual Max Startup Time": 23.82, "Actual Min Total Time": 0.012, "Actual Max Total Time": 23.82, "Max Hash Buckets": 32768, "Min Hash Buckets": 32768, "Max Hash Batches": 1, "Min Hash Batches": 1, "Max Original Hash Batches": 1, "Min Original Hash Batches": 1, "Max Peak Memory Usage": 1, "min Peak Memory Usage": 1, "Plans": [{"Node Type": "Streaming(type: BROADCAST dop: 16/1)", "Parent Relationship": "Outer", "Startup Cost": 0.0, "Total Cost": 15001.5, "Plan Rows": 16, "Plan Width": 4, "Actual Min Startup Time": 0.003, "Actual Max Startup Time": 23.79, "Actual Min Total Time": 0.004, "Actual Max Total Time": 23.792, "Plans": [{"Node Type": "Seq Scan", "Parent Relationship": "Outer", "Relation Name": "role_type", "Alias": "rt", "Startup Cost": 0.0, "Total Cost": 1.15, "Plan Rows": 1, "Plan Width": 4, "Actual Min Startup Time": 0.032, "Actual Max Startup Time": 0.032, "Actual Min Total Time": 0.036, "Actual Max Total Time": 0.036, "Filter": "((role)::text = 'writer'::text)", "Rows Removed by Filter": 11, "Actual Rows": 1}], "Actual Rows": 16}], "Actual Rows": 16}], "Actual Rows": 2728943}], "Actual Rows": 2728943}, {"Node Type": "Hash", "Parent Relationship": "Inner", "Startup Cost": 88282.97, "Total Cost": 88282.97, "Plan Rows": 1282311, "Plan Width": 4, "Actual Min Startup Time": 676.313, "Actual Max Startup Time": 873.534, "Actual Min Total Time": 676.313, "Actual Max Total Time": 873.534, "Max Hash Buckets": 131072, "Min Hash Buckets": 131072, "Max Hash Batches": 1, "Min Hash Batches": 1, "Max Original Hash Batches": 1, "Min Original Hash Batches": 1, "Max Peak Memory Usage": 2542, "min Peak Memory Usage": 2542, "Plans": [{"Node Type": "Streaming(type: LOCAL REDISTRIBUTE dop: 16/16)", "Parent Relationship": "Outer", "Startup Cost": 24511.53, "Total Cost": 88282.97, "Plan Rows": 1282311, "Plan Width": 4, "Actual Min Startup Time": 194.948, "Actual Max Startup Time": 392.152, "Actual Min Total Time": 652.521, "Actual Max Total Time": 846.259, "Plans": [{"Node Type": "Hash Join", "Parent Relationship": "Outer", "Join Type": "Inner", "Startup Cost": 24511.53, "Total Cost": 68424.21, "Plan Rows": 1282311, "Plan Width": 4, "Actual Min Startup Time": 193.447, "Actual Max Startup Time": 460.105, "Actual Min Total Time": 545.948, "Actual Max Total Time": 855.575, "Inner Unique": true, "Hash Cond": "(mc.company_id = cn.id), (LLVM Optimized, Jit Execute)", "Plans": [{"Node Type": "Streaming(type: LOCAL REDISTRIBUTE dop: 16/16)", "Parent Relationship": "Outer", "Startup Cost": 0.0, "Total Cost": 42499.73, "Plan Rows": 2609128, "Plan Width": 8, "Actual Min Startup Time": 0.064, "Actual Max Startup Time": 1.902, "Actual Min Total Time": 262.091, "Actual Max Total Time": 376.152, "Plans": [{"Node Type": "Seq Scan", "Parent Relationship": "Outer", "Relation Name": "movie_companies", "Alias": "mc", "Startup Cost": 0.0, "Total Cost": 17613.58, "Plan Rows": 2609128, "Plan Width": 8, "Actual Min Startup Time": 0.027, "Actual Max Startup Time": 0.063, "Actual Min Total Time": 42.353, "Actual Max Total Time": 50.636, "Actual Rows": 2609128}], "Actual Rows": 2609128}, {"Node Type": "Hash", "Parent Relationship": "Inner", "Startup Cost": 24444.99, "Total Cost": 24444.99, "Plan Rows": 85170, "Plan Width": 4, "Actual Min Startup Time": 193.304, "Actual Max Startup Time": 459.356, "Actual Min Total Time": 193.304, "Actual Max Total Time": 459.356, "Max Hash Buckets": 32768, "Min Hash Buckets": 32768, "Max Hash Batches": 1, "Min Hash Batches": 1, "Max Original Hash Batches": 1, "Min Original Hash Batches": 1, "Max Peak Memory Usage": 182, "min Peak Memory Usage": 182, "Plans": [{"Node Type": "Streaming(type: LOCAL REDISTRIBUTE dop: 16/1)", "Parent Relationship": "Outer", "Startup Cost": 0.0, "Total Cost": 24444.99, "Plan Rows": 85170, "Plan Width": 4, "Actual Min Startup Time": 0.041, "Actual Max Startup Time": 266.767, "Actual Min Total Time": 191.764, "Actual Max Total Time": 457.92, "Plans": [{"Node Type": "Seq Scan", "Parent Relationship": "Outer", "Relation Name": "company_name", "Alias": "cn", "Startup Cost": 0.0, "Total Cost": 5903.45, "Plan Rows": 85170, "Plan Width": 4, "Actual Min Startup Time": 0.053, "Actual Max Startup Time": 0.053, "Actual Min Total Time": 97.001, "Actual Max Total Time": 97.001, "Filter": "((country_code)::text = '[us]'::text)", "Rows Removed by Filter": 150153, "Actual Rows": 84843}], "Actual Rows": 84843}], "Actual Rows": 84843}], "Actual Rows": 1153797}], "Actual Rows": 1153797}], "Actual Rows": 1153797}], "Actual Rows": 1970658}], "Actual Rows": 1970658}, {"Node Type": "Hash", "Parent Relationship": "Inner", "Startup Cost": 34659.52, "Total Cost": 34659.52, "Plan Rows": 901342, "Plan Width": 20, "Actual Min Startup Time": 130.612, "Actual Max Startup Time": 381.22, "Actual Min Total Time": 130.612, "Actual Max Total Time": 381.22, "Max Hash Buckets": 65536, "Min Hash Buckets": 65536, "Max Hash Batches": 1, "Min Hash Batches": 1, "Max Original Hash Batches": 1, "Min Original Hash Batches": 1, "Max Peak Memory Usage": 2981, "min Peak Memory Usage": 2981, "Plans": [{"Node Type": "Streaming(type: LOCAL REDISTRIBUTE dop: 16/16)", "Parent Relationship": "Outer", "Startup Cost": 0.0, "Total Cost": 34659.52, "Plan Rows": 901342, "Plan Width": 20, "Actual Min Startup Time": 0.052, "Actual Max Startup Time": 67.059, "Actual Min Total Time": 109.562, "Actual Max Total Time": 360.696, "Plans": [{"Node Type": "Seq Scan", "Parent Relationship": "Outer", "Relation Name": "aka_name", "Alias": "a1", "Startup Cost": 0.0, "Total Cost": 16244.28, "Plan Rows": 901342, "Plan Width": 20, "Actual Min Startup Time": 0.019, "Actual Max Startup Time": 0.042, "Actual Min Total Time": 15.933, "Actual Max Total Time": 20.502, "Actual Rows": 901342}], "Actual Rows": 901342}], "Actual Rows": 901342}], "Actual Rows": 2487611}], "Actual Rows": 2487611}, {"Node Type": "Hash", "Parent Relationship": "Inner", "Startup Cost": 43334.25, "Total Cost": 43334.25, "Plan Rows": 2528311, "Plan Width": 21, "Actual Min Startup Time": 365.618, "Actual Max Startup Time": 543.574, "Actual Min Total Time": 365.618, "Actual Max Total Time": 543.574, "Max Hash Buckets": 262144, "Min Hash Buckets": 262144, "Max Hash Batches": 1, "Min Hash Batches": 1, "Max Original Hash Batches": 1, "Min Original Hash Batches": 1, "Max Peak Memory Usage": 8518, "min Peak Memory Usage": 8518, "Plans": [{"Node Type": "Streaming(type: LOCAL REDISTRIBUTE dop: 16/16)", "Parent Relationship": "Outer", "Startup Cost": 0.0, "Total Cost": 43334.25, "Plan Rows": 2528311, "Plan Width": 21, "Actual Min Startup Time": 0.063, "Actual Max Startup Time": 18.287, "Actual Min Total Time": 289.389, "Actual Max Total Time": 470.899, "Plans": [{"Node Type": "Seq Scan", "Parent Relationship": "Outer", "Relation Name": "title", "Alias": "t", "Startup Cost": 0.0, "Total Cost": 18754.32, "Plan Rows": 2528311, "Plan Width": 21, "Actual Min Startup Time": 0.017, "Actual Max Startup Time": 0.037, "Actual Min Total Time": 47.834, "Actual Max Total Time": 58.11, "Actual Rows": 2528311}], "Actual Rows": 2528311}], "Actual Rows": 2528311}], "Actual Rows": 2487611}], "Actual Rows": 2487611}, {"Node Type": "Hash", "Parent Relationship": "Inner", "Startup Cost": 51607.87, "Total Cost": 51607.87, "Plan Rows": 4167490, "Plan Width": 4, "Actual Min Startup Time": 573.363, "Actual Max Startup Time": 700.351, "Actual Min Total Time": 573.363, "Actual Max Total Time": 700.351, "Max Hash Buckets": 262144, "Min Hash Buckets": 262144, "Max Hash Batches": 1, "Min Hash Batches": 1, "Max Original Hash Batches": 1, "Min Original Hash Batches": 1, "Max Peak Memory Usage": 9174, "min Peak Memory Usage": 9174, "Plans": [{"Node Type": "Streaming(type: LOCAL REDISTRIBUTE dop: 16/16)", "Parent Relationship": "Outer", "Startup Cost": 0.0, "Total Cost": 51607.87, "Plan Rows": 4167490, "Plan Width": 4, "Actual Min Startup Time": 0.053, "Actual Max Startup Time": 0.099, "Actual Min Total Time": 470.118, "Actual Max Total Time": 593.068, "Plans": [{"Node Type": "Seq Scan", "Parent Relationship": "Outer", "Relation Name": "name", "Alias": "n1", "Startup Cost": 0.0, "Total Cost": 20816.99, "Plan Rows": 4167490, "Plan Width": 4, "Actual Min Startup Time": 0.017, "Actual Max Startup Time": 0.04, "Actual Min Total Time": 75.276, "Actual Max Total Time": 87.952, "Actual Rows": 4167490}], "Actual Rows": 4167490}], "Actual Rows": 4167490}], "Actual Rows": 2487611}], "Actual Rows": 16}], "Actual Rows": 16}], "Actual Rows": 1}, "Triggers": [], "Planner Runtime": 253, "Total Runtime": 2852.697, "Unique SQL Id": 2457761703}}, "(16, 71)": {"explain_plan": {"Plan": {"Node Type": "Aggregate", "Strategy": "Plain", "Startup Cost": 1013578.73, "Total Cost": 1013578.74, "Plan Rows": 1, "Plan Width": 97, "Plans": [{"Node Type": "Hash Join", "Parent Relationship": "Outer", "Join Type": "Inner", "Startup Cost": 985285.55, "Total Cost": 1011793.24, "Plan Rows": 357098, "Plan Width": 33, "Inner Unique": false, "Hash Cond": "(a1.person_id = n1.id), (LLVM Optimized)", "Plans": [{"Node Type": "Bitmap Heap Scan", "Parent Relationship": "Outer", "Relation Name": "aka_name", "Alias": "a1", "Startup Cost": 16632.3, "Total Cost": 36540.72, "Plan Rows": 901342, "Plan Width": 20, "Plans": [{"Node Type": "Bitmap Index Scan", "Parent Relationship": "Outer", "Index Name": "person_id_aka_name", "Startup Cost": 0.0, "Total Cost": 16406.96, "Plan Rows": 901342, "Plan Width": 0}]}, {"Node Type": "Hash", "Parent Relationship": "Inner", "Startup Cost": 959772.51, "Total Cost": 959772.51, "Plan Rows": 710459, "Plan Width": 25, "Plans": [{"Node Type": "Hash Join", "Parent Relationship": "Outer", "Join Type": "Inner", "Startup Cost": 607483.06, "Total Cost": 959772.51, "Plan Rows": 710459, "Plan Width": 25, "Inner Unique": true, "Hash Cond": "(ci.person_id = n1.id), (LLVM Optimized)", "Plans": [{"Node Type": "Hash Join", "Parent Relationship": "Outer", "Join Type": "Inner", "Startup Cost": 378117.96, "Total Cost": 720638.61, "Plan Rows": 710459, "Plan Width": 21, "Inner Unique": false, "Hash Cond": "(ci.movie_id = t.id), (LLVM Optimized)", "Plans": [{"Node Type": "Nested Loop", "Parent Relationship": "Outer", "Join Type": "Inner", "Startup Cost": 76315.02, "Total Cost": 389769.33, "Plan Rows": 3296318, "Plan Width": 8, "Inner Unique": false, "Plans": [{"Node Type": "Bitmap Heap Scan", "Parent Relationship": "Outer", "Relation Name": "role_type", "Alias": "rt", "Startup Cost": 8.31, "Total Cost": 12.46, "Plan Rows": 1, "Plan Width": 4, "Filter": "((role)::text = 'writer'::text)", "Plans": [{"Node Type": "Bitmap Index Scan", "Parent Relationship": "Outer", "Index Name": "role_type_pkey", "Startup Cost": 0.0, "Total Cost": 8.31, "Plan Rows": 12, "Plan Width": 0}]}, {"Node Type": "Bitmap Heap Scan", "Parent Relationship": "Inner", "Relation Name": "cast_info", "Alias": "ci", "Startup Cost": 76306.71, "Total Cost": 356793.69, "Plan Rows": 3296318, "Plan Width": 12, "Recheck Cond": "(role_id = rt.id), (LLVM Optimized)", "Plans": [{"Node Type": "Bitmap Index Scan", "Parent Relationship": "Outer", "Index Name": "role_id_cast_info", "Startup Cost": 0.0, "Total Cost": 75482.63, "Plan Rows": 3296318, "Plan Width": 0, "Index Cond": "(role_id = rt.id)"}]}]}, {"Node Type": "Hash", "Parent Relationship": "Inner", "Startup Cost": 285774.05, "Total Cost": 285774.05, "Plan Rows": 1282311, "Plan Width": 25, "Plans": [{"Node Type": "Hash Join", "Parent Relationship": "Outer", "Join Type": "Inner", "Startup Cost": 203717.65, "Total Cost": 285774.05, "Plan Rows": 1282311, "Plan Width": 25, "Inner Unique": true, "Hash Cond": "(mc.movie_id = t.id), (LLVM Optimized)", "Plans": [{"Node Type": "Hash Join", "Parent Relationship": "Outer", "Join Type": "Inner", "Startup Cost": 61758.77, "Total Cost": 126183.39, "Plan Rows": 1282311, "Plan Width": 4, "Inner Unique": true, "Hash Cond": "(mc.company_id = cn.id), (LLVM Optimized)", "Plans": [{"Node Type": "Bitmap Heap Scan", "Parent Relationship": "Outer", "Relation Name": "movie_companies", "Alias": "mc", "Startup Cost": 51990.17, "Total Cost": 93807.45, "Plan Rows": 2609128, "Plan Width": 8, "Plans": [{"Node Type": "Bitmap Index Scan", "Parent Relationship": "Outer", "Index Name": "movie_id_movie_companies", "Startup Cost": 0.0, "Total Cost": 51337.89, "Plan Rows": 2609128, "Plan Width": 0}]}, {"Node Type": "Hash", "Parent Relationship": "Inner", "Startup Cost": 8703.97, "Total Cost": 8703.97, "Plan Rows": 85170, "Plan Width": 4, "Plans": [{"Node Type": "Bitmap Heap Scan", "Parent Relationship": "Outer", "Relation Name": "company_name", "Alias": "cn", "Startup Cost": 2800.52, "Total Cost": 8703.97, "Plan Rows": 85170, "Plan Width": 4, "Filter": "((country_code)::text = '[us]'::text)", "Plans": [{"Node Type": "Bitmap Index Scan", "Parent Relationship": "Outer", "Index Name": "company_name_pkey", "Startup Cost": 0.0, "Total Cost": 2779.23, "Plan Rows": 234996, "Plan Width": 0}]}]}]}, {"Node Type": "Hash", "Parent Relationship": "Inner", "Startup Cost": 110354.99, "Total Cost": 110354.99, "Plan Rows": 2528311, "Plan Width": 21, "Plans": [{"Node Type": "Bitmap Heap Scan", "Parent Relationship": "Outer", "Relation Name": "title", "Alias": "t", "Startup Cost": 50285.88, "Total Cost": 110354.99, "Plan Rows": 2528311, "Plan Width": 21, "Plans": [{"Node Type": "Bitmap Index Scan", "Parent Relationship": "Outer", "Index Name": "title_pkey", "Startup Cost": 0.0, "Total Cost": 49653.81, "Plan Rows": 2528311, "Plan Width": 0}]}]}]}]}]}, {"Node Type": "Hash", "Parent Relationship": "Inner", "Startup Cost": 177271.47, "Total Cost": 177271.47, "Plan Rows": 4167490, "Plan Width": 4, "Plans": [{"Node Type": "Bitmap Heap Scan", "Parent Relationship": "Outer", "Relation Name": "name", "Alias": "n1", "Startup Cost": 84199.57, "Total Cost": 177271.47, "Plan Rows": 4167490, "Plan Width": 4, "Plans": [{"Node Type": "Bitmap Index Scan", "Parent Relationship": "Outer", "Index Name": "name_pkey", "Startup Cost": 0.0, "Total Cost": 83157.7, "Plan Rows": 4167490, "Plan Width": 0}]}]}]}]}]}]}, "Unique SQL Id": 2457761703, "Planner Runtime": 72}, "explain_analyze_plan": null}, "(16, 72)": {"explain_plan": {"Plan": {"Node Type": "Aggregate", "Strategy": "Plain", "Startup Cost": 287566.27, "Total Cost": 287566.3, "Plan Rows": 1, "Plan Width": 97, "Plans": [{"Node Type": "Streaming(type: LOCAL GATHER dop: 1/16)", "Parent Relationship": "Outer", "Startup Cost": 287566.27, "Total Cost": 287566.3, "Plan Rows": 1, "Plan Width": 97, "Plans": [{"Node Type": "Aggregate", "Strategy": "Plain", "Parent Relationship": "Outer", "Startup Cost": 287566.27, "Total Cost": 287566.28, "Plan Rows": 1, "Plan Width": 97, "Plans": [{"Node Type": "Hash Join", "Parent Relationship": "Outer", "Join Type": "Inner", "Startup Cost": 142621.96, "Total Cost": 285780.78, "Plan Rows": 357098, "Plan Width": 33, "Inner Unique": true, "Hash Cond": "(a1.person_id = n1.id), (LLVM Optimized)", "Plans": [{"Node Type": "Streaming(type: LOCAL REDISTRIBUTE dop: 16/16)", "Parent Relationship": "Outer", "Startup Cost": 126464.14, "Total Cost": 269316.07, "Plan Rows": 357098, "Plan Width": 41, "Plans": [{"Node Type": "Hash Join", "Parent Relationship": "Outer", "Join Type": "Inner", "Startup Cost": 126464.14, "Total Cost": 252963.01, "Plan Rows": 357098, "Plan Width": 41, "Inner Unique": true, "Hash Cond": "(ci.movie_id = t.id), (LLVM Optimized)", "Plans": [{"Node Type": "Streaming(type: LOCAL REDISTRIBUTE dop: 16/16)", "Parent Relationship": "Outer", "Startup Cost": 113655.34, "Total Cost": 239847.25, "Plan Rows": 357379, "Plan Width": 32, "Plans": [{"Node Type": "Hash Join", "Parent Relationship": "Outer", "Join Type": "Inner", "Startup Cost": 113655.34, "Total Cost": 223493.12, "Plan Rows": 357379, "Plan Width": 32, "Inner Unique": false, "Hash Cond": "(ci.person_id = a1.person_id), (LLVM Optimized)", "Plans": [{"Node Type": "Streaming(type: LOCAL REDISTRIBUTE dop: 16/16)", "Parent Relationship": "Outer", "Startup Cost": 104286.28, "Total Cost": 212931.86, "Plan Rows": 711018, "Plan Width": 12, "Plans": [{"Node Type": "Hash Join", "Parent Relationship": "Outer", "Join Type": "Inner", "Startup Cost": 104286.28, "Total Cost": 195237.77, "Plan Rows": 711018, "Plan Width": 12, "Inner Unique": false, "Hash Cond": "(ci.movie_id = mc.movie_id), (LLVM Optimized)", "Plans": [{"Node Type": "Streaming(type: LOCAL REDISTRIBUTE dop: 16/16)", "Parent Relationship": "Outer", "Startup Cost": 15001.51, "Total Cost": 102848.74, "Plan Rows": 3296318, "Plan Width": 8, "Plans": [{"Node Type": "Hash Join", "Parent Relationship": "Outer", "Join Type": "Inner", "Startup Cost": 15001.51, "Total Cost": 75358.79, "Plan Rows": 3296318, "Plan Width": 8, "Inner Unique": true, "Hash Cond": "(ci.role_id = rt.id), (LLVM Optimized)", "Plans": [{"Node Type": "Seq Scan", "Parent Relationship": "Outer", "Relation Name": "cast_info", "Alias": "ci", "Startup Cost": 0.0, "Total Cost": 52617.37, "Plan Rows": 36259494, "Plan Width": 12}, {"Node Type": "Hash", "Parent Relationship": "Inner", "Startup Cost": 15001.5, "Total Cost": 15001.5, "Plan Rows": 16, "Plan Width": 4, "Plans": [{"Node Type": "Streaming(type: BROADCAST dop: 16/1)", "Parent Relationship": "Outer", "Startup Cost": 0.0, "Total Cost": 15001.5, "Plan Rows": 16, "Plan Width": 4, "Plans": [{"Node Type": "Seq Scan", "Parent Relationship": "Outer", "Relation Name": "role_type", "Alias": "rt", "Startup Cost": 0.0, "Total Cost": 1.15, "Plan Rows": 1, "Plan Width": 4, "Filter": "((role)::text = 'writer'::text)"}]}]}]}]}, {"Node Type": "Hash", "Parent Relationship": "Inner", "Startup Cost": 88282.97, "Total Cost": 88282.97, "Plan Rows": 1282311, "Plan Width": 4, "Plans": [{"Node Type": "Streaming(type: LOCAL REDISTRIBUTE dop: 16/16)", "Parent Relationship": "Outer", "Startup Cost": 24511.53, "Total Cost": 88282.97, "Plan Rows": 1282311, "Plan Width": 4, "Plans": [{"Node Type": "Hash Join", "Parent Relationship": "Outer", "Join Type": "Inner", "Startup Cost": 24511.53, "Total Cost": 68424.21, "Plan Rows": 1282311, "Plan Width": 4, "Inner Unique": true, "Hash Cond": "(mc.company_id = cn.id), (LLVM Optimized)", "Plans": [{"Node Type": "Streaming(type: LOCAL REDISTRIBUTE dop: 16/16)", "Parent Relationship": "Outer", "Startup Cost": 0.0, "Total Cost": 42499.73, "Plan Rows": 2609128, "Plan Width": 8, "Plans": [{"Node Type": "Seq Scan", "Parent Relationship": "Outer", "Relation Name": "movie_companies", "Alias": "mc", "Startup Cost": 0.0, "Total Cost": 17613.58, "Plan Rows": 2609128, "Plan Width": 8}]}, {"Node Type": "Hash", "Parent Relationship": "Inner", "Startup Cost": 24444.99, "Total Cost": 24444.99, "Plan Rows": 85170, "Plan Width": 4, "Plans": [{"Node Type": "Streaming(type: LOCAL REDISTRIBUTE dop: 16/1)", "Parent Relationship": "Outer", "Startup Cost": 0.0, "Total Cost": 24444.99, "Plan Rows": 85170, "Plan Width": 4, "Plans": [{"Node Type": "Seq Scan", "Parent Relationship": "Outer", "Relation Name": "company_name", "Alias": "cn", "Startup Cost": 0.0, "Total Cost": 5903.45, "Plan Rows": 85170, "Plan Width": 4, "Filter": "((country_code)::text = '[us]'::text)"}]}]}]}]}]}]}]}, {"Node Type": "Hash", "Parent Relationship": "Inner", "Startup Cost": 34659.52, "Total Cost": 34659.52, "Plan Rows": 901342, "Plan Width": 20, "Plans": [{"Node Type": "Streaming(type: LOCAL REDISTRIBUTE dop: 16/16)", "Parent Relationship": "Outer", "Startup Cost": 0.0, "Total Cost": 34659.52, "Plan Rows": 901342, "Plan Width": 20, "Plans": [{"Node Type": "Seq Scan", "Parent Relationship": "Outer", "Relation Name": "aka_name", "Alias": "a1", "Startup Cost": 0.0, "Total Cost": 16244.28, "Plan Rows": 901342, "Plan Width": 20}]}]}]}]}, {"Node Type": "Hash", "Parent Relationship": "Inner", "Startup Cost": 43334.25, "Total Cost": 43334.25, "Plan Rows": 2528311, "Plan Width": 21, "Plans": [{"Node Type": "Streaming(type: LOCAL REDISTRIBUTE dop: 16/16)", "Parent Relationship": "Outer", "Startup Cost": 0.0, "Total Cost": 43334.25, "Plan Rows": 2528311, "Plan Width": 21, "Plans": [{"Node Type": "Seq Scan", "Parent Relationship": "Outer", "Relation Name": "title", "Alias": "t", "Startup Cost": 0.0, "Total Cost": 18754.32, "Plan Rows": 2528311, "Plan Width": 21}]}]}]}]}, {"Node Type": "Hash", "Parent Relationship": "Inner", "Startup Cost": 51607.87, "Total Cost": 51607.87, "Plan Rows": 4167490, "Plan Width": 4, "Plans": [{"Node Type": "Streaming(type: LOCAL REDISTRIBUTE dop: 16/16)", "Parent Relationship": "Outer", "Startup Cost": 0.0, "Total Cost": 51607.87, "Plan Rows": 4167490, "Plan Width": 4, "Plans": [{"Node Type": "Index Only Scan", "Parent Relationship": "Outer", "Scan Direction": "Forward", "Index Name": "name_pkey", "Relation Name": "name", "Alias": "n1", "Startup Cost": 0.0, "Total Cost": 20816.99, "Plan Rows": 4167490, "Plan Width": 4}]}]}]}]}]}]}, "Unique SQL Id": 2457761703, "Planner Runtime": 199}, "explain_analyze_plan": {"Plan": {"Node Type": "Aggregate", "Strategy": "Plain", "Startup Cost": 287566.27, "Total Cost": 287566.3, "Plan Rows": 1, "Plan Width": 97, "Actual Min Startup Time": 4944.13, "Actual Max Startup Time": 4944.13, "Actual Min Total Time": 4944.13, "Actual Max Total Time": 4944.13, "Plans": [{"Node Type": "Streaming(type: LOCAL GATHER dop: 1/16)", "Parent Relationship": "Outer", "Startup Cost": 287566.27, "Total Cost": 287566.3, "Plan Rows": 1, "Plan Width": 97, "Actual Min Startup Time": 4943.285, "Actual Max Startup Time": 4943.285, "Actual Min Total Time": 4944.087, "Actual Max Total Time": 4944.087, "Plans": [{"Node Type": "Aggregate", "Strategy": "Plain", "Parent Relationship": "Outer", "Startup Cost": 287566.27, "Total Cost": 287566.28, "Plan Rows": 1, "Plan Width": 97, "Actual Min Startup Time": 4504.488, "Actual Max Startup Time": 4708.445, "Actual Min Total Time": 4504.488, "Actual Max Total Time": 4708.445, "Plans": [{"Node Type": "Hash Join", "Parent Relationship": "Outer", "Join Type": "Inner", "Startup Cost": 142621.96, "Total Cost": 285780.78, "Plan Rows": 357098, "Plan Width": 33, "Actual Min Startup Time": 622.123, "Actual Max Startup Time": 821.69, "Actual Min Total Time": 4385.581, "Actual Max Total Time": 4634.797, "Inner Unique": true, "Hash Cond": "(a1.person_id = n1.id), (LLVM Optimized, Jit Execute)", "Plans": [{"Node Type": "Streaming(type: LOCAL REDISTRIBUTE dop: 16/16)", "Parent Relationship": "Outer", "Startup Cost": 126464.14, "Total Cost": 269316.07, "Plan Rows": 357098, "Plan Width": 41, "Actual Min Startup Time": 62.393, "Actual Max Startup Time": 79.238, "Actual Min Total Time": 3724.655, "Actual Max Total Time": 3836.262, "Plans": [{"Node Type": "Hash Join", "Parent Relationship": "Outer", "Join Type": "Inner", "Startup Cost": 126464.14, "Total Cost": 252963.01, "Plan Rows": 357098, "Plan Width": 41, "Actual Min Startup Time": 614.667, "Actual Max Startup Time": 823.592, "Actual Min Total Time": 2392.015, "Actual Max Total Time": 4530.013, "Inner Unique": true, "Hash Cond": "(ci.movie_id = t.id), (LLVM Optimized, Jit Execute)", "Plans": [{"Node Type": "Streaming(type: LOCAL REDISTRIBUTE dop: 16/16)", "Parent Relationship": "Outer", "Startup Cost": 113655.34, "Total Cost": 239847.25, "Plan Rows": 357379, "Plan Width": 32, "Actual Min Startup Time": 232.06, "Actual Max Startup Time": 242.187, "Actual Min Total Time": 1737.73, "Actual Max Total Time": 3931.463, "Plans": [{"Node Type": "Hash Join", "Parent Relationship": "Outer", "Join Type": "Inner", "Startup Cost": 113655.34, "Total Cost": 223493.12, "Plan Rows": 357379, "Plan Width": 32, "Actual Min Startup Time": 618.18, "Actual Max Startup Time": 849.09, "Actual Min Total Time": 1988.988, "Actual Max Total Time": 4427.833, "Inner Unique": false, "Hash Cond": "(ci.person_id = a1.person_id), (LLVM Optimized, Jit Execute)", "Plans": [{"Node Type": "Streaming(type: LOCAL REDISTRIBUTE dop: 16/16)", "Parent Relationship": "Outer", "Startup Cost": 104286.28, "Total Cost": 212931.86, "Plan Rows": 711018, "Plan Width": 12, "Actual Min Startup Time": 483.749, "Actual Max Startup Time": 503.721, "Actual Min Total Time": 1782.944, "Actual Max Total Time": 4075.042, "Plans": [{"Node Type": "Hash Join", "Parent Relationship": "Outer", "Join Type": "Inner", "Startup Cost": 104286.28, "Total Cost": 195237.77, "Plan Rows": 711018, "Plan Width": 12, "Actual Min Startup Time": 609.63, "Actual Max Startup Time": 841.162, "Actual Min Total Time": 1681.314, "Actual Max Total Time": 3947.407, "Inner Unique": false, "Hash Cond": "(ci.movie_id = mc.movie_id), (LLVM Optimized, Jit Execute)", "Plans": [{"Node Type": "Streaming(type: LOCAL REDISTRIBUTE dop: 16/16)", "Parent Relationship": "Outer", "Startup Cost": 15001.51, "Total Cost": 102848.74, "Plan Rows": 3296318, "Plan Width": 8, "Actual Min Startup Time": 0.076, "Actual Max Startup Time": 1.512, "Actual Min Total Time": 958.941, "Actual Max Total Time": 3213.625, "Plans": [{"Node Type": "Hash Join", "Parent Relationship": "Outer", "Join Type": "Inner", "Startup Cost": 15001.51, "Total Cost": 75358.79, "Plan Rows": 3296318, "Plan Width": 8, "Actual Min Startup Time": 619.338, "Actual Max Startup Time": 684.705, "Actual Min Total Time": 978.386, "Actual Max Total Time": 1050.522, "Inner Unique": true, "Hash Cond": "(ci.role_id = rt.id), (LLVM Optimized, Jit Execute)", "Plans": [{"Node Type": "Seq Scan", "Parent Relationship": "Outer", "Relation Name": "cast_info", "Alias": "ci", "Startup Cost": 0.0, "Total Cost": 52617.37, "Plan Rows": 36259494, "Plan Width": 12, "Actual Min Startup Time": 0.025, "Actual Max Startup Time": 0.046, "Actual Min Total Time": 516.432, "Actual Max Total Time": 561.683, "Actual Rows": 36244343}, {"Node Type": "Hash", "Parent Relationship": "Inner", "Startup Cost": 15001.5, "Total Cost": 15001.5, "Plan Rows": 16, "Plan Width": 4, "Actual Min Startup Time": 0.012, "Actual Max Startup Time": 30.687, "Actual Min Total Time": 0.012, "Actual Max Total Time": 30.687, "Max Hash Buckets": 32768, "Min Hash Buckets": 32768, "Max Hash Batches": 1, "Min Hash Batches": 1, "Max Original Hash Batches": 1, "Min Original Hash Batches": 1, "Max Peak Memory Usage": 1, "min Peak Memory Usage": 1, "Plans": [{"Node Type": "Streaming(type: BROADCAST dop: 16/1)", "Parent Relationship": "Outer", "Startup Cost": 0.0, "Total Cost": 15001.5, "Plan Rows": 16, "Plan Width": 4, "Actual Min Startup Time": 0.003, "Actual Max Startup Time": 30.667, "Actual Min Total Time": 0.003, "Actual Max Total Time": 30.669, "Plans": [{"Node Type": "Seq Scan", "Parent Relationship": "Outer", "Relation Name": "role_type", "Alias": "rt", "Startup Cost": 0.0, "Total Cost": 1.15, "Plan Rows": 1, "Plan Width": 4, "Actual Min Startup Time": 0.038, "Actual Max Startup Time": 0.038, "Actual Min Total Time": 0.042, "Actual Max Total Time": 0.042, "Filter": "((role)::text = 'writer'::text)", "Rows Removed by Filter": 11, "Actual Rows": 1}], "Actual Rows": 16}], "Actual Rows": 16}], "Actual Rows": 2728943}], "Actual Rows": 2728943}, {"Node Type": "Hash", "Parent Relationship": "Inner", "Startup Cost": 88282.97, "Total Cost": 88282.97, "Plan Rows": 1282311, "Plan Width": 4, "Actual Min Startup Time": 608.642, "Actual Max Startup Time": 840.955, "Actual Min Total Time": 608.642, "Actual Max Total Time": 840.955, "Max Hash Buckets": 131072, "Min Hash Buckets": 131072, "Max Hash Batches": 1, "Min Hash Batches": 1, "Max Original Hash Batches": 1, "Min Original Hash Batches": 1, "Max Peak Memory Usage": 2542, "min Peak Memory Usage": 2542, "Plans": [{"Node Type": "Streaming(type: LOCAL REDISTRIBUTE dop: 16/16)", "Parent Relationship": "Outer", "Startup Cost": 24511.53, "Total Cost": 88282.97, "Plan Rows": 1282311, "Plan Width": 4, "Actual Min Startup Time": 165.19, "Actual Max Startup Time": 397.376, "Actual Min Total Time": 583.19, "Actual Max Total Time": 810.364, "Plans": [{"Node Type": "Hash Join", "Parent Relationship": "Outer", "Join Type": "Inner", "Startup Cost": 24511.53, "Total Cost": 68424.21, "Plan Rows": 1282311, "Plan Width": 4, "Actual Min Startup Time": 163.079, "Actual Max Startup Time": 409.822, "Actual Min Total Time": 482.508, "Actual Max Total Time": 768.684, "Inner Unique": true, "Hash Cond": "(mc.company_id = cn.id), (LLVM Optimized, Jit Execute)", "Plans": [{"Node Type": "Streaming(type: LOCAL REDISTRIBUTE dop: 16/16)", "Parent Relationship": "Outer", "Startup Cost": 0.0, "Total Cost": 42499.73, "Plan Rows": 2609128, "Plan Width": 8, "Actual Min Startup Time": 0.07, "Actual Max Startup Time": 1.506, "Actual Min Total Time": 241.68, "Actual Max Total Time": 332.619, "Plans": [{"Node Type": "Seq Scan", "Parent Relationship": "Outer", "Relation Name": "movie_companies", "Alias": "mc", "Startup Cost": 0.0, "Total Cost": 17613.58, "Plan Rows": 2609128, "Plan Width": 8, "Actual Min Startup Time": 0.024, "Actual Max Startup Time": 0.046, "Actual Min Total Time": 46.05, "Actual Max Total Time": 53.959, "Actual Rows": 2609128}], "Actual Rows": 2609128}, {"Node Type": "Hash", "Parent Relationship": "Inner", "Startup Cost": 24444.99, "Total Cost": 24444.99, "Plan Rows": 85170, "Plan Width": 4, "Actual Min Startup Time": 162.501, "Actual Max Startup Time": 408.821, "Actual Min Total Time": 162.501, "Actual Max Total Time": 408.821, "Max Hash Buckets": 32768, "Min Hash Buckets": 32768, "Max Hash Batches": 1, "Min Hash Batches": 1, "Max Original Hash Batches": 1, "Min Original Hash Batches": 1, "Max Peak Memory Usage": 182, "min Peak Memory Usage": 182, "Plans": [{"Node Type": "Streaming(type: LOCAL REDISTRIBUTE dop: 16/1)", "Parent Relationship": "Outer", "Startup Cost": 0.0, "Total Cost": 24444.99, "Plan Rows": 85170, "Plan Width": 4, "Actual Min Startup Time": 0.028, "Actual Max Startup Time": 240.208, "Actual Min Total Time": 160.838, "Actual Max Total Time": 406.797, "Plans": [{"Node Type": "Seq Scan", "Parent Relationship": "Outer", "Relation Name": "company_name", "Alias": "cn", "Startup Cost": 0.0, "Total Cost": 5903.45, "Plan Rows": 85170, "Plan Width": 4, "Actual Min Startup Time": 0.047, "Actual Max Startup Time": 0.047, "Actual Min Total Time": 93.762, "Actual Max Total Time": 93.762, "Filter": "((country_code)::text = '[us]'::text)", "Rows Removed by Filter": 150153, "Actual Rows": 84843}], "Actual Rows": 84843}], "Actual Rows": 84843}], "Actual Rows": 1153797}], "Actual Rows": 1153797}], "Actual Rows": 1153797}], "Actual Rows": 1970658}], "Actual Rows": 1970658}, {"Node Type": "Hash", "Parent Relationship": "Inner", "Startup Cost": 34659.52, "Total Cost": 34659.52, "Plan Rows": 901342, "Plan Width": 20, "Actual Min Startup Time": 129.787, "Actual Max Startup Time": 360.065, "Actual Min Total Time": 129.787, "Actual Max Total Time": 360.065, "Max Hash Buckets": 65536, "Min Hash Buckets": 65536, "Max Hash Batches": 1, "Min Hash Batches": 1, "Max Original Hash Batches": 1, "Min Original Hash Batches": 1, "Max Peak Memory Usage": 2981, "min Peak Memory Usage": 2981, "Plans": [{"Node Type": "Streaming(type: LOCAL REDISTRIBUTE dop: 16/16)", "Parent Relationship": "Outer", "Startup Cost": 0.0, "Total Cost": 34659.52, "Plan Rows": 901342, "Plan Width": 20, "Actual Min Startup Time": 0.045, "Actual Max Startup Time": 188.774, "Actual Min Total Time": 109.746, "Actual Max Total Time": 343.7, "Plans": [{"Node Type": "Seq Scan", "Parent Relationship": "Outer", "Relation Name": "aka_name", "Alias": "a1", "Startup Cost": 0.0, "Total Cost": 16244.28, "Plan Rows": 901342, "Plan Width": 20, "Actual Min Startup Time": 0.018, "Actual Max Startup Time": 0.04, "Actual Min Total Time": 16.479, "Actual Max Total Time": 20.369, "Actual Rows": 901342}], "Actual Rows": 901342}], "Actual Rows": 901342}], "Actual Rows": 2487611}], "Actual Rows": 2487611}, {"Node Type": "Hash", "Parent Relationship": "Inner", "Startup Cost": 43334.25, "Total Cost": 43334.25, "Plan Rows": 2528311, "Plan Width": 21, "Actual Min Startup Time": 381.985, "Actual Max Startup Time": 587.522, "Actual Min Total Time": 381.985, "Actual Max Total Time": 587.522, "Max Hash Buckets": 262144, "Min Hash Buckets": 262144, "Max Hash Batches": 1, "Min Hash Batches": 1, "Max Original Hash Batches": 1, "Min Original Hash Batches": 1, "Max Peak Memory Usage": 8518, "min Peak Memory Usage": 8518, "Plans": [{"Node Type": "Streaming(type: LOCAL REDISTRIBUTE dop: 16/16)", "Parent Relationship": "Outer", "Startup Cost": 0.0, "Total Cost": 43334.25, "Plan Rows": 2528311, "Plan Width": 21, "Actual Min Startup Time": 0.051, "Actual Max Startup Time": 110.199, "Actual Min Total Time": 305.798, "Actual Max Total Time": 512.197, "Plans": [{"Node Type": "Seq Scan", "Parent Relationship": "Outer", "Relation Name": "title", "Alias": "t", "Startup Cost": 0.0, "Total Cost": 18754.32, "Plan Rows": 2528311, "Plan Width": 21, "Actual Min Startup Time": 0.017, "Actual Max Startup Time": 0.033, "Actual Min Total Time": 50.642, "Actual Max Total Time": 58.797, "Actual Rows": 2528311}], "Actual Rows": 2528311}], "Actual Rows": 2528311}], "Actual Rows": 2487611}], "Actual Rows": 2487611}, {"Node Type": "Hash", "Parent Relationship": "Inner", "Startup Cost": 51607.87, "Total Cost": 51607.87, "Plan Rows": 4167490, "Plan Width": 4, "Actual Min Startup Time": 554.47, "Actual Max Startup Time": 758.245, "Actual Min Total Time": 554.47, "Actual Max Total Time": 758.245, "Max Hash Buckets": 262144, "Min Hash Buckets": 262144, "Max Hash Batches": 1, "Min Hash Batches": 1, "Max Original Hash Batches": 1, "Min Original Hash Batches": 1, "Max Peak Memory Usage": 9174, "min Peak Memory Usage": 9174, "Plans": [{"Node Type": "Streaming(type: LOCAL REDISTRIBUTE dop: 16/16)", "Parent Relationship": "Outer", "Startup Cost": 0.0, "Total Cost": 51607.87, "Plan Rows": 4167490, "Plan Width": 4, "Actual Min Startup Time": 0.05, "Actual Max Startup Time": 48.328, "Actual Min Total Time": 463.85, "Actual Max Total Time": 656.805, "Plans": [{"Node Type": "Index Only Scan", "Parent Relationship": "Outer", "Scan Direction": "Forward", "Index Name": "name_pkey", "Relation Name": "name", "Alias": "n1", "Startup Cost": 0.0, "Total Cost": 20816.99, "Plan Rows": 4167490, "Plan Width": 4, "Actual Min Startup Time": 0.039, "Actual Max Startup Time": 64.221, "Actual Min Total Time": 58.503, "Actual Max Total Time": 123.269, "Heap Fetches": 0, "Actual Rows": 4167490}], "Actual Rows": 4167490}], "Actual Rows": 4167490}], "Actual Rows": 2487611}], "Actual Rows": 16}], "Actual Rows": 16}], "Actual Rows": 1}, "Triggers": [], "Planner Runtime": 189, "Total Runtime": 4990.263, "Unique SQL Id": 2457761703}}, "(16, 73)": {"explain_plan": {"Plan": {"Node Type": "Aggregate", "Strategy": "Plain", "Startup Cost": 1386311.37, "Total Cost": 1386311.4, "Plan Rows": 1, "Plan Width": 97, "Plans": [{"Node Type": "Streaming(type: LOCAL GATHER dop: 1/16)", "Parent Relationship": "Outer", "Startup Cost": 1386311.37, "Total Cost": 1386311.4, "Plan Rows": 1, "Plan Width": 97, "Plans": [{"Node Type": "Aggregate", "Strategy": "Plain", "Parent Relationship": "Outer", "Startup Cost": 1386311.37, "Total Cost": 1386311.38, "Plan Rows": 1, "Plan Width": 97, "Plans": [{"Node Type": "Hash Join", "Parent Relationship": "Outer", "Join Type": "Inner", "Startup Cost": 252373.93, "Total Cost": 1384525.88, "Plan Rows": 357098, "Plan Width": 33, "Inner Unique": true, "Hash Cond": "(ci.movie_id = t.id), (LLVM Optimized)", "Plans": [{"Node Type": "Streaming(type: LOCAL REDISTRIBUTE dop: 16/16)", "Parent Relationship": "Outer", "Startup Cost": 218899.31, "Total Cost": 1350744.31, "Plan Rows": 357379, "Plan Width": 24, "Plans": [{"Node Type": "Hash Join", "Parent Relationship": "Outer", "Join Type": "Inner", "Startup Cost": 218899.31, "Total Cost": 1334390.18, "Plan Rows": 357379, "Plan Width": 24, "Inner Unique": true, "Hash Cond": "(a1.person_id = n1.id), (LLVM Optimized)", "Plans": [{"Node Type": "Streaming(type: LOCAL REDISTRIBUTE dop: 16/16)", "Parent Relationship": "Outer", "Startup Cost": 182755.14, "Total Cost": 1297938.9, "Plan Rows": 357379, "Plan Width": 32, "Plans": [{"Node Type": "Hash Join", "Parent Relationship": "Outer", "Join Type": "Inner", "Startup Cost": 182755.14, "Total Cost": 1281584.76, "Plan Rows": 357379, "Plan Width": 32, "Inner Unique": true, "Hash Cond": "(mc.company_id = cn.id), (LLVM Optimized)", "Plans": [{"Node Type": "Streaming(type: LOCAL REDISTRIBUTE dop: 16/16)", "Parent Relationship": "Outer", "Startup Cost": 175427.87, "Total Cost": 1273863.7, "Plan Rows": 727161, "Plan Width": 36, "Plans": [{"Node Type": "Hash Join", "Parent Relationship": "Outer", "Join Type": "Inner", "Startup Cost": 175427.87, "Total Cost": 1256108.44, "Plan Rows": 727161, "Plan Width": 36, "Inner Unique": false, "Hash Cond": "(ci.movie_id = mc.movie_id), (LLVM Optimized)", "Plans": [{"Node Type": "Streaming(type: LOCAL REDISTRIBUTE dop: 16/16)", "Parent Relationship": "Outer", "Startup Cost": 137161.66, "Total Cost": 1215145.72, "Plan Rows": 1484588, "Plan Width": 28, "Plans": [{"Node Type": "Hash Join", "Parent Relationship": "Outer", "Join Type": "Inner", "Startup Cost": 137161.66, "Total Cost": 1194520.52, "Plan Rows": 1484588, "Plan Width": 28, "Inner Unique": false, "Hash Cond": "(ci.person_id = a1.person_id), (LLVM Optimized)", "Plans": [{"Node Type": "Streaming(type: LOCAL REDISTRIBUTE dop: 16/16)", "Parent Relationship": "Outer", "Startup Cost": 15012.82, "Total Cost": 1066844.59, "Plan Rows": 3296318, "Plan Width": 8, "Plans": [{"Node Type": "Hash Join", "Parent Relationship": "Outer", "Join Type": "Inner", "Startup Cost": 15012.82, "Total Cost": 1039354.63, "Plan Rows": 3296318, "Plan Width": 8, "Inner Unique": true, "Hash Cond": "(ci.role_id = rt.id), (LLVM Optimized)", "Plans": [{"Node Type": "Index Scan", "Parent Relationship": "Outer", "Scan Direction": "Forward", "Index Name": "role_id_cast_info", "Relation Name": "cast_info", "Alias": "ci", "Startup Cost": 0.0, "Total Cost": 1016601.9, "Plan Rows": 36259494, "Plan Width": 12}, {"Node Type": "Hash", "Parent Relationship": "Inner", "Startup Cost": 15012.81, "Total Cost": 15012.81, "Plan Rows": 16, "Plan Width": 4, "Plans": [{"Node Type": "Streaming(type: BROADCAST dop: 16/1)", "Parent Relationship": "Outer", "Startup Cost": 0.0, "Total Cost": 15012.81, "Plan Rows": 16, "Plan Width": 4, "Plans": [{"Node Type": "Index Scan", "Parent Relationship": "Outer", "Scan Direction": "Forward", "Index Name": "role_type_pkey", "Relation Name": "role_type", "Alias": "rt", "Startup Cost": 0.0, "Total Cost": 12.46, "Plan Rows": 1, "Plan Width": 4, "Filter": "((role)::text = 'writer'::text)"}]}]}]}]}, {"Node Type": "Hash", "Parent Relationship": "Inner", "Startup Cost": 121444.67, "Total Cost": 121444.67, "Plan Rows": 901342, "Plan Width": 20, "Plans": [{"Node Type": "Streaming(type: LOCAL REDISTRIBUTE dop: 16/1)", "Parent Relationship": "Outer", "Startup Cost": 0.0, "Total Cost": 121444.67, "Plan Rows": 901342, "Plan Width": 20, "Plans": [{"Node Type": "Index Scan", "Parent Relationship": "Outer", "Scan Direction": "Forward", "Index Name": "person_id_aka_name", "Relation Name": "aka_name", "Alias": "a1", "Startup Cost": 0.0, "Total Cost": 68965.03, "Plan Rows": 901342, "Plan Width": 20}]}]}]}]}, {"Node Type": "Hash", "Parent Relationship": "Inner", "Startup Cost": 139099.07, "Total Cost": 139099.07, "Plan Rows": 2609128, "Plan Width": 8, "Plans": [{"Node Type": "Streaming(type: LOCAL REDISTRIBUTE dop: 16/16)", "Parent Relationship": "Outer", "Startup Cost": 0.0, "Total Cost": 139099.07, "Plan Rows": 2609128, "Plan Width": 8, "Plans": [{"Node Type": "Index Scan", "Parent Relationship": "Outer", "Scan Direction": "Forward", "Index Name": "company_id_movie_companies", "Relation Name": "movie_companies", "Alias": "mc", "Startup Cost": 0.0, "Total Cost": 114212.92, "Plan Rows": 2609128, "Plan Width": 8}]}]}]}]}, {"Node Type": "Hash", "Parent Relationship": "Inner", "Startup Cost": 29042.93, "Total Cost": 29042.93, "Plan Rows": 85170, "Plan Width": 4, "Plans": [{"Node Type": "Streaming(type: LOCAL REDISTRIBUTE dop: 16/1)", "Parent Relationship": "Outer", "Startup Cost": 0.0, "Total Cost": 29042.93, "Plan Rows": 85170, "Plan Width": 4, "Plans": [{"Node Type": "Index Scan", "Parent Relationship": "Outer", "Scan Direction": "Forward", "Index Name": "company_name_pkey", "Relation Name": "company_name", "Alias": "cn", "Startup Cost": 0.0, "Total Cost": 10501.39, "Plan Rows": 85170, "Plan Width": 4, "Filter": "((country_code)::text = '[us]'::text)"}]}]}]}]}, {"Node Type": "Hash", "Parent Relationship": "Inner", "Startup Cost": 131553.26, "Total Cost": 131553.26, "Plan Rows": 4167490, "Plan Width": 4, "Plans": [{"Node Type": "Streaming(type: LOCAL REDISTRIBUTE dop: 16/16)", "Parent Relationship": "Outer", "Startup Cost": 0.0, "Total Cost": 131553.26, "Plan Rows": 4167490, "Plan Width": 4, "Plans": [{"Node Type": "Index Only Scan", "Parent Relationship": "Outer", "Scan Direction": "Forward", "Index Name": "name_pkey", "Relation Name": "name", "Alias": "n1", "Startup Cost": 0.0, "Total Cost": 100762.38, "Plan Rows": 4167490, "Plan Width": 4}]}]}]}]}, {"Node Type": "Hash", "Parent Relationship": "Inner", "Startup Cost": 125997.5, "Total Cost": 125997.5, "Plan Rows": 2528311, "Plan Width": 21, "Plans": [{"Node Type": "Streaming(type: LOCAL REDISTRIBUTE dop: 16/16)", "Parent Relationship": "Outer", "Startup Cost": 0.0, "Total Cost": 125997.5, "Plan Rows": 2528311, "Plan Width": 21, "Plans": [{"Node Type": "Index Scan", "Parent Relationship": "Outer", "Scan Direction": "Forward", "Index Name": "title_pkey", "Relation Name": "title", "Alias": "t", "Startup Cost": 0.0, "Total Cost": 101417.57, "Plan Rows": 2528311, "Plan Width": 21}]}]}]}]}]}]}, "Unique SQL Id": 2457761703, "Planner Runtime": 122}, "explain_analyze_plan": null}, "(16, 74)": {"explain_plan": {"Plan": {"Node Type": "Aggregate", "Strategy": "Plain", "Startup Cost": 287566.27, "Total Cost": 287566.3, "Plan Rows": 1, "Plan Width": 97, "Plans": [{"Node Type": "Streaming(type: LOCAL GATHER dop: 1/16)", "Parent Relationship": "Outer", "Startup Cost": 287566.27, "Total Cost": 287566.3, "Plan Rows": 1, "Plan Width": 97, "Plans": [{"Node Type": "Aggregate", "Strategy": "Plain", "Parent Relationship": "Outer", "Startup Cost": 287566.27, "Total Cost": 287566.28, "Plan Rows": 1, "Plan Width": 97, "Plans": [{"Node Type": "Hash Join", "Parent Relationship": "Outer", "Join Type": "Inner", "Startup Cost": 142621.96, "Total Cost": 285780.78, "Plan Rows": 357098, "Plan Width": 33, "Inner Unique": true, "Hash Cond": "(a1.person_id = n1.id), (LLVM Optimized)", "Plans": [{"Node Type": "Streaming(type: LOCAL REDISTRIBUTE dop: 16/16)", "Parent Relationship": "Outer", "Startup Cost": 126464.14, "Total Cost": 269316.07, "Plan Rows": 357098, "Plan Width": 41, "Plans": [{"Node Type": "Hash Join", "Parent Relationship": "Outer", "Join Type": "Inner", "Startup Cost": 126464.14, "Total Cost": 252963.01, "Plan Rows": 357098, "Plan Width": 41, "Inner Unique": true, "Hash Cond": "(ci.movie_id = t.id), (LLVM Optimized)", "Plans": [{"Node Type": "Streaming(type: LOCAL REDISTRIBUTE dop: 16/16)", "Parent Relationship": "Outer", "Startup Cost": 113655.34, "Total Cost": 239847.25, "Plan Rows": 357379, "Plan Width": 32, "Plans": [{"Node Type": "Hash Join", "Parent Relationship": "Outer", "Join Type": "Inner", "Startup Cost": 113655.34, "Total Cost": 223493.12, "Plan Rows": 357379, "Plan Width": 32, "Inner Unique": false, "Hash Cond": "(ci.person_id = a1.person_id), (LLVM Optimized)", "Plans": [{"Node Type": "Streaming(type: LOCAL REDISTRIBUTE dop: 16/16)", "Parent Relationship": "Outer", "Startup Cost": 104286.28, "Total Cost": 212931.86, "Plan Rows": 711018, "Plan Width": 12, "Plans": [{"Node Type": "Hash Join", "Parent Relationship": "Outer", "Join Type": "Inner", "Startup Cost": 104286.28, "Total Cost": 195237.77, "Plan Rows": 711018, "Plan Width": 12, "Inner Unique": false, "Hash Cond": "(ci.movie_id = mc.movie_id), (LLVM Optimized)", "Plans": [{"Node Type": "Streaming(type: LOCAL REDISTRIBUTE dop: 16/16)", "Parent Relationship": "Outer", "Startup Cost": 15001.51, "Total Cost": 102848.74, "Plan Rows": 3296318, "Plan Width": 8, "Plans": [{"Node Type": "Hash Join", "Parent Relationship": "Outer", "Join Type": "Inner", "Startup Cost": 15001.51, "Total Cost": 75358.79, "Plan Rows": 3296318, "Plan Width": 8, "Inner Unique": true, "Hash Cond": "(ci.role_id = rt.id), (LLVM Optimized)", "Plans": [{"Node Type": "Seq Scan", "Parent Relationship": "Outer", "Relation Name": "cast_info", "Alias": "ci", "Startup Cost": 0.0, "Total Cost": 52617.37, "Plan Rows": 36259494, "Plan Width": 12}, {"Node Type": "Hash", "Parent Relationship": "Inner", "Startup Cost": 15001.5, "Total Cost": 15001.5, "Plan Rows": 16, "Plan Width": 4, "Plans": [{"Node Type": "Streaming(type: BROADCAST dop: 16/1)", "Parent Relationship": "Outer", "Startup Cost": 0.0, "Total Cost": 15001.5, "Plan Rows": 16, "Plan Width": 4, "Plans": [{"Node Type": "Seq Scan", "Parent Relationship": "Outer", "Relation Name": "role_type", "Alias": "rt", "Startup Cost": 0.0, "Total Cost": 1.15, "Plan Rows": 1, "Plan Width": 4, "Filter": "((role)::text = 'writer'::text)"}]}]}]}]}, {"Node Type": "Hash", "Parent Relationship": "Inner", "Startup Cost": 88282.97, "Total Cost": 88282.97, "Plan Rows": 1282311, "Plan Width": 4, "Plans": [{"Node Type": "Streaming(type: LOCAL REDISTRIBUTE dop: 16/16)", "Parent Relationship": "Outer", "Startup Cost": 24511.53, "Total Cost": 88282.97, "Plan Rows": 1282311, "Plan Width": 4, "Plans": [{"Node Type": "Hash Join", "Parent Relationship": "Outer", "Join Type": "Inner", "Startup Cost": 24511.53, "Total Cost": 68424.21, "Plan Rows": 1282311, "Plan Width": 4, "Inner Unique": true, "Hash Cond": "(mc.company_id = cn.id), (LLVM Optimized)", "Plans": [{"Node Type": "Streaming(type: LOCAL REDISTRIBUTE dop: 16/16)", "Parent Relationship": "Outer", "Startup Cost": 0.0, "Total Cost": 42499.73, "Plan Rows": 2609128, "Plan Width": 8, "Plans": [{"Node Type": "Seq Scan", "Parent Relationship": "Outer", "Relation Name": "movie_companies", "Alias": "mc", "Startup Cost": 0.0, "Total Cost": 17613.58, "Plan Rows": 2609128, "Plan Width": 8}]}, {"Node Type": "Hash", "Parent Relationship": "Inner", "Startup Cost": 24444.99, "Total Cost": 24444.99, "Plan Rows": 85170, "Plan Width": 4, "Plans": [{"Node Type": "Streaming(type: LOCAL REDISTRIBUTE dop: 16/1)", "Parent Relationship": "Outer", "Startup Cost": 0.0, "Total Cost": 24444.99, "Plan Rows": 85170, "Plan Width": 4, "Plans": [{"Node Type": "Seq Scan", "Parent Relationship": "Outer", "Relation Name": "company_name", "Alias": "cn", "Startup Cost": 0.0, "Total Cost": 5903.45, "Plan Rows": 85170, "Plan Width": 4, "Filter": "((country_code)::text = '[us]'::text)"}]}]}]}]}]}]}]}, {"Node Type": "Hash", "Parent Relationship": "Inner", "Startup Cost": 34659.52, "Total Cost": 34659.52, "Plan Rows": 901342, "Plan Width": 20, "Plans": [{"Node Type": "Streaming(type: LOCAL REDISTRIBUTE dop: 16/16)", "Parent Relationship": "Outer", "Startup Cost": 0.0, "Total Cost": 34659.52, "Plan Rows": 901342, "Plan Width": 20, "Plans": [{"Node Type": "Seq Scan", "Parent Relationship": "Outer", "Relation Name": "aka_name", "Alias": "a1", "Startup Cost": 0.0, "Total Cost": 16244.28, "Plan Rows": 901342, "Plan Width": 20}]}]}]}]}, {"Node Type": "Hash", "Parent Relationship": "Inner", "Startup Cost": 43334.25, "Total Cost": 43334.25, "Plan Rows": 2528311, "Plan Width": 21, "Plans": [{"Node Type": "Streaming(type: LOCAL REDISTRIBUTE dop: 16/16)", "Parent Relationship": "Outer", "Startup Cost": 0.0, "Total Cost": 43334.25, "Plan Rows": 2528311, "Plan Width": 21, "Plans": [{"Node Type": "Seq Scan", "Parent Relationship": "Outer", "Relation Name": "title", "Alias": "t", "Startup Cost": 0.0, "Total Cost": 18754.32, "Plan Rows": 2528311, "Plan Width": 21}]}]}]}]}, {"Node Type": "Hash", "Parent Relationship": "Inner", "Startup Cost": 51607.87, "Total Cost": 51607.87, "Plan Rows": 4167490, "Plan Width": 4, "Plans": [{"Node Type": "Streaming(type: LOCAL REDISTRIBUTE dop: 16/16)", "Parent Relationship": "Outer", "Startup Cost": 0.0, "Total Cost": 51607.87, "Plan Rows": 4167490, "Plan Width": 4, "Plans": [{"Node Type": "Seq Scan", "Parent Relationship": "Outer", "Relation Name": "name", "Alias": "n1", "Startup Cost": 0.0, "Total Cost": 20816.99, "Plan Rows": 4167490, "Plan Width": 4}]}]}]}]}]}]}, "Unique SQL Id": 2457761703, "Planner Runtime": 269}, "explain_analyze_plan": {"Plan": {"Node Type": "Aggregate", "Strategy": "Plain", "Startup Cost": 287566.27, "Total Cost": 287566.3, "Plan Rows": 1, "Plan Width": 97, "Actual Min Startup Time": 2807.394, "Actual Max Startup Time": 2807.394, "Actual Min Total Time": 2807.394, "Actual Max Total Time": 2807.394, "Plans": [{"Node Type": "Streaming(type: LOCAL GATHER dop: 1/16)", "Parent Relationship": "Outer", "Startup Cost": 287566.27, "Total Cost": 287566.3, "Plan Rows": 1, "Plan Width": 97, "Actual Min Startup Time": 2805.812, "Actual Max Startup Time": 2805.812, "Actual Min Total Time": 2807.366, "Actual Max Total Time": 2807.366, "Plans": [{"Node Type": "Aggregate", "Strategy": "Plain", "Parent Relationship": "Outer", "Startup Cost": 287566.27, "Total Cost": 287566.28, "Plan Rows": 1, "Plan Width": 97, "Actual Min Startup Time": 2410.309, "Actual Max Startup Time": 2537.515, "Actual Min Total Time": 2410.309, "Actual Max Total Time": 2537.515, "Plans": [{"Node Type": "Hash Join", "Parent Relationship": "Outer", "Join Type": "Inner", "Startup Cost": 142621.96, "Total Cost": 285780.78, "Plan Rows": 357098, "Plan Width": 33, "Actual Min Startup Time": 682.796, "Actual Max Startup Time": 809.411, "Actual Min Total Time": 2287.798, "Actual Max Total Time": 2474.84, "Inner Unique": true, "Hash Cond": "(a1.person_id = n1.id), (LLVM Optimized, Jit Execute)", "Plans": [{"Node Type": "Streaming(type: LOCAL REDISTRIBUTE dop: 16/16)", "Parent Relationship": "Outer", "Startup Cost": 126464.14, "Total Cost": 269316.07, "Plan Rows": 357098, "Plan Width": 41, "Actual Min Startup Time": 104.514, "Actual Max Startup Time": 134.767, "Actual Min Total Time": 1604.955, "Actual Max Total Time": 1724.615, "Plans": [{"Node Type": "Hash Join", "Parent Relationship": "Outer", "Join Type": "Inner", "Startup Cost": 126464.14, "Total Cost": 252963.01, "Plan Rows": 357098, "Plan Width": 41, "Actual Min Startup Time": 684.369, "Actual Max Startup Time": 863.954, "Actual Min Total Time": 2250.417, "Actual Max Total Time": 2462.715, "Inner Unique": true, "Hash Cond": "(ci.movie_id = t.id), (LLVM Optimized, Jit Execute)", "Plans": [{"Node Type": "Streaming(type: LOCAL REDISTRIBUTE dop: 16/16)", "Parent Relationship": "Outer", "Startup Cost": 113655.34, "Total Cost": 239847.25, "Plan Rows": 357379, "Plan Width": 32, "Actual Min Startup Time": 317.069, "Actual Max Startup Time": 322.995, "Actual Min Total Time": 1801.077, "Actual Max Total Time": 1863.509, "Plans": [{"Node Type": "Hash Join", "Parent Relationship": "Outer", "Join Type": "Inner", "Startup Cost": 113655.34, "Total Cost": 223493.12, "Plan Rows": 357379, "Plan Width": 32, "Actual Min Startup Time": 676.499, "Actual Max Startup Time": 926.544, "Actual Min Total Time": 1889.984, "Actual Max Total Time": 2339.531, "Inner Unique": false, "Hash Cond": "(ci.person_id = a1.person_id), (LLVM Optimized, Jit Execute)", "Plans": [{"Node Type": "Streaming(type: LOCAL REDISTRIBUTE dop: 16/16)", "Parent Relationship": "Outer", "Startup Cost": 104286.28, "Total Cost": 212931.86, "Plan Rows": 711018, "Plan Width": 12, "Actual Min Startup Time": 544.363, "Actual Max Startup Time": 557.858, "Actual Min Total Time": 1635.928, "Actual Max Total Time": 1965.859, "Plans": [{"Node Type": "Hash Join", "Parent Relationship": "Outer", "Join Type": "Inner", "Startup Cost": 104286.28, "Total Cost": 195237.77, "Plan Rows": 711018, "Plan Width": 12, "Actual Min Startup Time": 676.505, "Actual Max Startup Time": 873.864, "Actual Min Total Time": 1726.934, "Actual Max Total Time": 1983.436, "Inner Unique": false, "Hash Cond": "(ci.movie_id = mc.movie_id), (LLVM Optimized, Jit Execute)", "Plans": [{"Node Type": "Streaming(type: LOCAL REDISTRIBUTE dop: 16/16)", "Parent Relationship": "Outer", "Startup Cost": 15001.51, "Total Cost": 102848.74, "Plan Rows": 3296318, "Plan Width": 8, "Actual Min Startup Time": 0.059, "Actual Max Startup Time": 0.35, "Actual Min Total Time": 960.325, "Actual Max Total Time": 1125.807, "Plans": [{"Node Type": "Hash Join", "Parent Relationship": "Outer", "Join Type": "Inner", "Startup Cost": 15001.51, "Total Cost": 75358.79, "Plan Rows": 3296318, "Plan Width": 8, "Actual Min Startup Time": 618.945, "Actual Max Startup Time": 658.044, "Actual Min Total Time": 973.958, "Actual Max Total Time": 1016.065, "Inner Unique": true, "Hash Cond": "(ci.role_id = rt.id), (LLVM Optimized, Jit Execute)", "Plans": [{"Node Type": "Seq Scan", "Parent Relationship": "Outer", "Relation Name": "cast_info", "Alias": "ci", "Startup Cost": 0.0, "Total Cost": 52617.37, "Plan Rows": 36259494, "Plan Width": 12, "Actual Min Startup Time": 0.027, "Actual Max Startup Time": 0.044, "Actual Min Total Time": 516.927, "Actual Max Total Time": 557.048, "Actual Rows": 36244343}, {"Node Type": "Hash", "Parent Relationship": "Inner", "Startup Cost": 15001.5, "Total Cost": 15001.5, "Plan Rows": 16, "Plan Width": 4, "Actual Min Startup Time": 0.012, "Actual Max Startup Time": 23.82, "Actual Min Total Time": 0.012, "Actual Max Total Time": 23.82, "Max Hash Buckets": 32768, "Min Hash Buckets": 32768, "Max Hash Batches": 1, "Min Hash Batches": 1, "Max Original Hash Batches": 1, "Min Original Hash Batches": 1, "Max Peak Memory Usage": 1, "min Peak Memory Usage": 1, "Plans": [{"Node Type": "Streaming(type: BROADCAST dop: 16/1)", "Parent Relationship": "Outer", "Startup Cost": 0.0, "Total Cost": 15001.5, "Plan Rows": 16, "Plan Width": 4, "Actual Min Startup Time": 0.003, "Actual Max Startup Time": 23.79, "Actual Min Total Time": 0.004, "Actual Max Total Time": 23.792, "Plans": [{"Node Type": "Seq Scan", "Parent Relationship": "Outer", "Relation Name": "role_type", "Alias": "rt", "Startup Cost": 0.0, "Total Cost": 1.15, "Plan Rows": 1, "Plan Width": 4, "Actual Min Startup Time": 0.032, "Actual Max Startup Time": 0.032, "Actual Min Total Time": 0.036, "Actual Max Total Time": 0.036, "Filter": "((role)::text = 'writer'::text)", "Rows Removed by Filter": 11, "Actual Rows": 1}], "Actual Rows": 16}], "Actual Rows": 16}], "Actual Rows": 2728943}], "Actual Rows": 2728943}, {"Node Type": "Hash", "Parent Relationship": "Inner", "Startup Cost": 88282.97, "Total Cost": 88282.97, "Plan Rows": 1282311, "Plan Width": 4, "Actual Min Startup Time": 676.313, "Actual Max Startup Time": 873.534, "Actual Min Total Time": 676.313, "Actual Max Total Time": 873.534, "Max Hash Buckets": 131072, "Min Hash Buckets": 131072, "Max Hash Batches": 1, "Min Hash Batches": 1, "Max Original Hash Batches": 1, "Min Original Hash Batches": 1, "Max Peak Memory Usage": 2542, "min Peak Memory Usage": 2542, "Plans": [{"Node Type": "Streaming(type: LOCAL REDISTRIBUTE dop: 16/16)", "Parent Relationship": "Outer", "Startup Cost": 24511.53, "Total Cost": 88282.97, "Plan Rows": 1282311, "Plan Width": 4, "Actual Min Startup Time": 194.948, "Actual Max Startup Time": 392.152, "Actual Min Total Time": 652.521, "Actual Max Total Time": 846.259, "Plans": [{"Node Type": "Hash Join", "Parent Relationship": "Outer", "Join Type": "Inner", "Startup Cost": 24511.53, "Total Cost": 68424.21, "Plan Rows": 1282311, "Plan Width": 4, "Actual Min Startup Time": 193.447, "Actual Max Startup Time": 460.105, "Actual Min Total Time": 545.948, "Actual Max Total Time": 855.575, "Inner Unique": true, "Hash Cond": "(mc.company_id = cn.id), (LLVM Optimized, Jit Execute)", "Plans": [{"Node Type": "Streaming(type: LOCAL REDISTRIBUTE dop: 16/16)", "Parent Relationship": "Outer", "Startup Cost": 0.0, "Total Cost": 42499.73, "Plan Rows": 2609128, "Plan Width": 8, "Actual Min Startup Time": 0.064, "Actual Max Startup Time": 1.902, "Actual Min Total Time": 262.091, "Actual Max Total Time": 376.152, "Plans": [{"Node Type": "Seq Scan", "Parent Relationship": "Outer", "Relation Name": "movie_companies", "Alias": "mc", "Startup Cost": 0.0, "Total Cost": 17613.58, "Plan Rows": 2609128, "Plan Width": 8, "Actual Min Startup Time": 0.027, "Actual Max Startup Time": 0.063, "Actual Min Total Time": 42.353, "Actual Max Total Time": 50.636, "Actual Rows": 2609128}], "Actual Rows": 2609128}, {"Node Type": "Hash", "Parent Relationship": "Inner", "Startup Cost": 24444.99, "Total Cost": 24444.99, "Plan Rows": 85170, "Plan Width": 4, "Actual Min Startup Time": 193.304, "Actual Max Startup Time": 459.356, "Actual Min Total Time": 193.304, "Actual Max Total Time": 459.356, "Max Hash Buckets": 32768, "Min Hash Buckets": 32768, "Max Hash Batches": 1, "Min Hash Batches": 1, "Max Original Hash Batches": 1, "Min Original Hash Batches": 1, "Max Peak Memory Usage": 182, "min Peak Memory Usage": 182, "Plans": [{"Node Type": "Streaming(type: LOCAL REDISTRIBUTE dop: 16/1)", "Parent Relationship": "Outer", "Startup Cost": 0.0, "Total Cost": 24444.99, "Plan Rows": 85170, "Plan Width": 4, "Actual Min Startup Time": 0.041, "Actual Max Startup Time": 266.767, "Actual Min Total Time": 191.764, "Actual Max Total Time": 457.92, "Plans": [{"Node Type": "Seq Scan", "Parent Relationship": "Outer", "Relation Name": "company_name", "Alias": "cn", "Startup Cost": 0.0, "Total Cost": 5903.45, "Plan Rows": 85170, "Plan Width": 4, "Actual Min Startup Time": 0.053, "Actual Max Startup Time": 0.053, "Actual Min Total Time": 97.001, "Actual Max Total Time": 97.001, "Filter": "((country_code)::text = '[us]'::text)", "Rows Removed by Filter": 150153, "Actual Rows": 84843}], "Actual Rows": 84843}], "Actual Rows": 84843}], "Actual Rows": 1153797}], "Actual Rows": 1153797}], "Actual Rows": 1153797}], "Actual Rows": 1970658}], "Actual Rows": 1970658}, {"Node Type": "Hash", "Parent Relationship": "Inner", "Startup Cost": 34659.52, "Total Cost": 34659.52, "Plan Rows": 901342, "Plan Width": 20, "Actual Min Startup Time": 130.612, "Actual Max Startup Time": 381.22, "Actual Min Total Time": 130.612, "Actual Max Total Time": 381.22, "Max Hash Buckets": 65536, "Min Hash Buckets": 65536, "Max Hash Batches": 1, "Min Hash Batches": 1, "Max Original Hash Batches": 1, "Min Original Hash Batches": 1, "Max Peak Memory Usage": 2981, "min Peak Memory Usage": 2981, "Plans": [{"Node Type": "Streaming(type: LOCAL REDISTRIBUTE dop: 16/16)", "Parent Relationship": "Outer", "Startup Cost": 0.0, "Total Cost": 34659.52, "Plan Rows": 901342, "Plan Width": 20, "Actual Min Startup Time": 0.052, "Actual Max Startup Time": 67.059, "Actual Min Total Time": 109.562, "Actual Max Total Time": 360.696, "Plans": [{"Node Type": "Seq Scan", "Parent Relationship": "Outer", "Relation Name": "aka_name", "Alias": "a1", "Startup Cost": 0.0, "Total Cost": 16244.28, "Plan Rows": 901342, "Plan Width": 20, "Actual Min Startup Time": 0.019, "Actual Max Startup Time": 0.042, "Actual Min Total Time": 15.933, "Actual Max Total Time": 20.502, "Actual Rows": 901342}], "Actual Rows": 901342}], "Actual Rows": 901342}], "Actual Rows": 2487611}], "Actual Rows": 2487611}, {"Node Type": "Hash", "Parent Relationship": "Inner", "Startup Cost": 43334.25, "Total Cost": 43334.25, "Plan Rows": 2528311, "Plan Width": 21, "Actual Min Startup Time": 365.618, "Actual Max Startup Time": 543.574, "Actual Min Total Time": 365.618, "Actual Max Total Time": 543.574, "Max Hash Buckets": 262144, "Min Hash Buckets": 262144, "Max Hash Batches": 1, "Min Hash Batches": 1, "Max Original Hash Batches": 1, "Min Original Hash Batches": 1, "Max Peak Memory Usage": 8518, "min Peak Memory Usage": 8518, "Plans": [{"Node Type": "Streaming(type: LOCAL REDISTRIBUTE dop: 16/16)", "Parent Relationship": "Outer", "Startup Cost": 0.0, "Total Cost": 43334.25, "Plan Rows": 2528311, "Plan Width": 21, "Actual Min Startup Time": 0.063, "Actual Max Startup Time": 18.287, "Actual Min Total Time": 289.389, "Actual Max Total Time": 470.899, "Plans": [{"Node Type": "Seq Scan", "Parent Relationship": "Outer", "Relation Name": "title", "Alias": "t", "Startup Cost": 0.0, "Total Cost": 18754.32, "Plan Rows": 2528311, "Plan Width": 21, "Actual Min Startup Time": 0.017, "Actual Max Startup Time": 0.037, "Actual Min Total Time": 47.834, "Actual Max Total Time": 58.11, "Actual Rows": 2528311}], "Actual Rows": 2528311}], "Actual Rows": 2528311}], "Actual Rows": 2487611}], "Actual Rows": 2487611}, {"Node Type": "Hash", "Parent Relationship": "Inner", "Startup Cost": 51607.87, "Total Cost": 51607.87, "Plan Rows": 4167490, "Plan Width": 4, "Actual Min Startup Time": 573.363, "Actual Max Startup Time": 700.351, "Actual Min Total Time": 573.363, "Actual Max Total Time": 700.351, "Max Hash Buckets": 262144, "Min Hash Buckets": 262144, "Max Hash Batches": 1, "Min Hash Batches": 1, "Max Original Hash Batches": 1, "Min Original Hash Batches": 1, "Max Peak Memory Usage": 9174, "min Peak Memory Usage": 9174, "Plans": [{"Node Type": "Streaming(type: LOCAL REDISTRIBUTE dop: 16/16)", "Parent Relationship": "Outer", "Startup Cost": 0.0, "Total Cost": 51607.87, "Plan Rows": 4167490, "Plan Width": 4, "Actual Min Startup Time": 0.053, "Actual Max Startup Time": 0.099, "Actual Min Total Time": 470.118, "Actual Max Total Time": 593.068, "Plans": [{"Node Type": "Seq Scan", "Parent Relationship": "Outer", "Relation Name": "name", "Alias": "n1", "Startup Cost": 0.0, "Total Cost": 20816.99, "Plan Rows": 4167490, "Plan Width": 4, "Actual Min Startup Time": 0.017, "Actual Max Startup Time": 0.04, "Actual Min Total Time": 75.276, "Actual Max Total Time": 87.952, "Actual Rows": 4167490}], "Actual Rows": 4167490}], "Actual Rows": 4167490}], "Actual Rows": 2487611}], "Actual Rows": 16}], "Actual Rows": 16}], "Actual Rows": 1}, "Triggers": [], "Planner Runtime": 253, "Total Runtime": 2852.697, "Unique SQL Id": 2457761703}}, "(16, 75)": {"explain_plan": {"Plan": {"Node Type": "Aggregate", "Strategy": "Plain", "Startup Cost": 6720943715063.29, "Total Cost": 6720943715063.3, "Plan Rows": 1, "Plan Width": 97, "Plans": [{"Node Type": "Hash Join", "Parent Relationship": "Outer", "Join Type": "Inner", "Startup Cost": 4029125744837.46, "Total Cost": 6720943713277.8, "Plan Rows": 357098, "Plan Width": 33, "Inner Unique": false, "Hash Cond": "(ci.movie_id = t.id), (LLVM Optimized)", "Plans": [{"Node Type": "Hash Join", "Parent Relationship": "Outer", "Join Type": "Inner", "Startup Cost": 1030049898442.37, "Total Cost": 3721867853791.89, "Plan Rows": 1484588, "Plan Width": 20, "Inner Unique": true, "Hash Cond": "(ci.role_id = rt.id), (LLVM Optimized)", "Plans": [{"Node Type": "Merge Join", "Parent Relationship": "Outer", "Join Type": "Inner", "Startup Cost": 30049897196.36, "Total Cost": 2721867796771.75, "Plan Rows": 16330470, "Plan Width": 24, "Inner Unique": false, "Merge Cond": "(a1.person_id = ci.person_id)", "Plans": [{"Node Type": "Merge Join", "Parent Relationship": "Outer", "Join Type": "Inner", "Startup Cost": 20030754356.47, "Total Cost": 2000002534968.85, "Plan Rows": 901342, "Plan Width": 24, "Inner Unique": true, "Merge Cond": "(a1.person_id = n1.id)", "Plans": [{"Node Type": "Index Scan", "Parent Relationship": "Outer", "Scan Direction": "Forward", "Index Name": "person_id_aka_name", "Relation Name": "aka_name", "Alias": "a1", "Startup Cost": 10000000000.0, "Total Cost": 1000006896503.43, "Plan Rows": 901342, "Plan Width": 20}, {"Node Type": "Index Only Scan", "Parent Relationship": "Inner", "Scan Direction": "Forward", "Index Name": "name_pkey", "Relation Name": "name", "Alias": "n1", "Startup Cost": 10000000000.0, "Total Cost": 1000012483260.0, "Plan Rows": 4167490, "Plan Width": 4}]}, {"Node Type": "Index Scan", "Parent Relationship": "Inner", "Scan Direction": "Forward", "Index Name": "person_id_cast_info", "Relation Name": "cast_info", "Alias": "ci", "Startup Cost": 10000000000.0, "Total Cost": 1000170648833.21, "Plan Rows": 36259494, "Plan Width": 12}]}, {"Node Type": "Hash", "Parent Relationship": "Inner", "Startup Cost": 1000000001246.0, "Total Cost": 1000000001246.0, "Plan Rows": 1, "Plan Width": 4, "Plans": [{"Node Type": "Index Scan", "Parent Relationship": "Outer", "Scan Direction": "Forward", "Index Name": "role_type_pkey", "Relation Name": "role_type", "Alias": "rt", "Startup Cost": 10000000000.0, "Total Cost": 1000000001246.0, "Plan Rows": 1, "Plan Width": 4, "Filter": "((role)::text = 'writer'::text)"}]}]}, {"Node Type": "Hash", "Parent Relationship": "Inner", "Startup Cost": 2999075830366.2, "Total Cost": 2999075830366.2, "Plan Rows": 1282311, "Plan Width": 25, "Plans": [{"Node Type": "Merge Join", "Parent Relationship": "Outer", "Join Type": "Inner", "Startup Cost": 2010035495066.48, "Total Cost": 2999075830366.2, "Plan Rows": 1282311, "Plan Width": 25, "Inner Unique": true, "Merge Cond": "(mc.movie_id = t.id)", "Plans": [{"Node Type": "Sort", "Parent Relationship": "Outer", "Startup Cost": 2000013567140.28, "Total Cost": 2000013570346.05, "Plan Rows": 1282311, "Plan Width": 4, "Sort Key": ["mc.movie_id"], "Plans": [{"Node Type": "Merge Join", "Parent Relationship": "Outer", "Join Type": "Inner", "Startup Cost": 45724640147.62, "Total Cost": 2000013437047.81, "Plan Rows": 1282311, "Plan Width": 4, "Inner Unique": false, "Merge Cond": "(cn.id = mc.company_id)", "Plans": [{"Node Type": "Index Scan", "Parent Relationship": "Outer", "Scan Direction": "Forward", "Index Name": "company_name_pkey", "Relation Name": "company_name", "Alias": "cn", "Startup Cost": 10000000000.0, "Total Cost": 1000001050138.97, "Plan Rows": 85170, "Plan Width": 4, "Filter": "((country_code)::text = '[us]'::text)"}, {"Node Type": "Index Scan", "Parent Relationship": "Inner", "Scan Direction": "Forward", "Index Name": "company_id_movie_companies", "Relation Name": "movie_companies", "Alias": "mc", "Startup Cost": 10000000000.0, "Total Cost": 1000012367349.98, "Plan Rows": 2609128, "Plan Width": 8}]}]}, {"Node Type": "Index Scan", "Parent Relationship": "Inner", "Scan Direction": "Forward", "Index Name": "title_pkey", "Relation Name": "title", "Alias": "t", "Startup Cost": 10000000000.0, "Total Cost": 1000011012048.91, "Plan Rows": 2528311, "Plan Width": 21}]}]}]}]}, "Unique SQL Id": 2457761703, "Planner Runtime": 150}, "explain_analyze_plan": null}, "(16, 76)": {"explain_plan": {"Plan": {"Node Type": "Aggregate", "Strategy": "Plain", "Startup Cost": 287566.27, "Total Cost": 287566.3, "Plan Rows": 1, "Plan Width": 97, "Plans": [{"Node Type": "Streaming(type: LOCAL GATHER dop: 1/16)", "Parent Relationship": "Outer", "Startup Cost": 287566.27, "Total Cost": 287566.3, "Plan Rows": 1, "Plan Width": 97, "Plans": [{"Node Type": "Aggregate", "Strategy": "Plain", "Parent Relationship": "Outer", "Startup Cost": 287566.27, "Total Cost": 287566.28, "Plan Rows": 1, "Plan Width": 97, "Plans": [{"Node Type": "Hash Join", "Parent Relationship": "Outer", "Join Type": "Inner", "Startup Cost": 142621.96, "Total Cost": 285780.78, "Plan Rows": 357098, "Plan Width": 33, "Inner Unique": true, "Hash Cond": "(a1.person_id = n1.id), (LLVM Optimized)", "Plans": [{"Node Type": "Streaming(type: LOCAL REDISTRIBUTE dop: 16/16)", "Parent Relationship": "Outer", "Startup Cost": 126464.14, "Total Cost": 269316.07, "Plan Rows": 357098, "Plan Width": 41, "Plans": [{"Node Type": "Hash Join", "Parent Relationship": "Outer", "Join Type": "Inner", "Startup Cost": 126464.14, "Total Cost": 252963.01, "Plan Rows": 357098, "Plan Width": 41, "Inner Unique": true, "Hash Cond": "(ci.movie_id = t.id), (LLVM Optimized)", "Plans": [{"Node Type": "Streaming(type: LOCAL REDISTRIBUTE dop: 16/16)", "Parent Relationship": "Outer", "Startup Cost": 113655.34, "Total Cost": 239847.25, "Plan Rows": 357379, "Plan Width": 32, "Plans": [{"Node Type": "Hash Join", "Parent Relationship": "Outer", "Join Type": "Inner", "Startup Cost": 113655.34, "Total Cost": 223493.12, "Plan Rows": 357379, "Plan Width": 32, "Inner Unique": false, "Hash Cond": "(ci.person_id = a1.person_id), (LLVM Optimized)", "Plans": [{"Node Type": "Streaming(type: LOCAL REDISTRIBUTE dop: 16/16)", "Parent Relationship": "Outer", "Startup Cost": 104286.28, "Total Cost": 212931.86, "Plan Rows": 711018, "Plan Width": 12, "Plans": [{"Node Type": "Hash Join", "Parent Relationship": "Outer", "Join Type": "Inner", "Startup Cost": 104286.28, "Total Cost": 195237.77, "Plan Rows": 711018, "Plan Width": 12, "Inner Unique": false, "Hash Cond": "(ci.movie_id = mc.movie_id), (LLVM Optimized)", "Plans": [{"Node Type": "Streaming(type: LOCAL REDISTRIBUTE dop: 16/16)", "Parent Relationship": "Outer", "Startup Cost": 15001.51, "Total Cost": 102848.74, "Plan Rows": 3296318, "Plan Width": 8, "Plans": [{"Node Type": "Hash Join", "Parent Relationship": "Outer", "Join Type": "Inner", "Startup Cost": 15001.51, "Total Cost": 75358.79, "Plan Rows": 3296318, "Plan Width": 8, "Inner Unique": true, "Hash Cond": "(ci.role_id = rt.id), (LLVM Optimized)", "Plans": [{"Node Type": "Seq Scan", "Parent Relationship": "Outer", "Relation Name": "cast_info", "Alias": "ci", "Startup Cost": 0.0, "Total Cost": 52617.37, "Plan Rows": 36259494, "Plan Width": 12}, {"Node Type": "Hash", "Parent Relationship": "Inner", "Startup Cost": 15001.5, "Total Cost": 15001.5, "Plan Rows": 16, "Plan Width": 4, "Plans": [{"Node Type": "Streaming(type: BROADCAST dop: 16/1)", "Parent Relationship": "Outer", "Startup Cost": 0.0, "Total Cost": 15001.5, "Plan Rows": 16, "Plan Width": 4, "Plans": [{"Node Type": "Seq Scan", "Parent Relationship": "Outer", "Relation Name": "role_type", "Alias": "rt", "Startup Cost": 0.0, "Total Cost": 1.15, "Plan Rows": 1, "Plan Width": 4, "Filter": "((role)::text = 'writer'::text)"}]}]}]}]}, {"Node Type": "Hash", "Parent Relationship": "Inner", "Startup Cost": 88282.97, "Total Cost": 88282.97, "Plan Rows": 1282311, "Plan Width": 4, "Plans": [{"Node Type": "Streaming(type: LOCAL REDISTRIBUTE dop: 16/16)", "Parent Relationship": "Outer", "Startup Cost": 24511.53, "Total Cost": 88282.97, "Plan Rows": 1282311, "Plan Width": 4, "Plans": [{"Node Type": "Hash Join", "Parent Relationship": "Outer", "Join Type": "Inner", "Startup Cost": 24511.53, "Total Cost": 68424.21, "Plan Rows": 1282311, "Plan Width": 4, "Inner Unique": true, "Hash Cond": "(mc.company_id = cn.id), (LLVM Optimized)", "Plans": [{"Node Type": "Streaming(type: LOCAL REDISTRIBUTE dop: 16/16)", "Parent Relationship": "Outer", "Startup Cost": 0.0, "Total Cost": 42499.73, "Plan Rows": 2609128, "Plan Width": 8, "Plans": [{"Node Type": "Seq Scan", "Parent Relationship": "Outer", "Relation Name": "movie_companies", "Alias": "mc", "Startup Cost": 0.0, "Total Cost": 17613.58, "Plan Rows": 2609128, "Plan Width": 8}]}, {"Node Type": "Hash", "Parent Relationship": "Inner", "Startup Cost": 24444.99, "Total Cost": 24444.99, "Plan Rows": 85170, "Plan Width": 4, "Plans": [{"Node Type": "Streaming(type: LOCAL REDISTRIBUTE dop: 16/1)", "Parent Relationship": "Outer", "Startup Cost": 0.0, "Total Cost": 24444.99, "Plan Rows": 85170, "Plan Width": 4, "Plans": [{"Node Type": "Seq Scan", "Parent Relationship": "Outer", "Relation Name": "company_name", "Alias": "cn", "Startup Cost": 0.0, "Total Cost": 5903.45, "Plan Rows": 85170, "Plan Width": 4, "Filter": "((country_code)::text = '[us]'::text)"}]}]}]}]}]}]}]}, {"Node Type": "Hash", "Parent Relationship": "Inner", "Startup Cost": 34659.52, "Total Cost": 34659.52, "Plan Rows": 901342, "Plan Width": 20, "Plans": [{"Node Type": "Streaming(type: LOCAL REDISTRIBUTE dop: 16/16)", "Parent Relationship": "Outer", "Startup Cost": 0.0, "Total Cost": 34659.52, "Plan Rows": 901342, "Plan Width": 20, "Plans": [{"Node Type": "Seq Scan", "Parent Relationship": "Outer", "Relation Name": "aka_name", "Alias": "a1", "Startup Cost": 0.0, "Total Cost": 16244.28, "Plan Rows": 901342, "Plan Width": 20}]}]}]}]}, {"Node Type": "Hash", "Parent Relationship": "Inner", "Startup Cost": 43334.25, "Total Cost": 43334.25, "Plan Rows": 2528311, "Plan Width": 21, "Plans": [{"Node Type": "Streaming(type: LOCAL REDISTRIBUTE dop: 16/16)", "Parent Relationship": "Outer", "Startup Cost": 0.0, "Total Cost": 43334.25, "Plan Rows": 2528311, "Plan Width": 21, "Plans": [{"Node Type": "Seq Scan", "Parent Relationship": "Outer", "Relation Name": "title", "Alias": "t", "Startup Cost": 0.0, "Total Cost": 18754.32, "Plan Rows": 2528311, "Plan Width": 21}]}]}]}]}, {"Node Type": "Hash", "Parent Relationship": "Inner", "Startup Cost": 51607.87, "Total Cost": 51607.87, "Plan Rows": 4167490, "Plan Width": 4, "Plans": [{"Node Type": "Streaming(type: LOCAL REDISTRIBUTE dop: 16/16)", "Parent Relationship": "Outer", "Startup Cost": 0.0, "Total Cost": 51607.87, "Plan Rows": 4167490, "Plan Width": 4, "Plans": [{"Node Type": "Seq Scan", "Parent Relationship": "Outer", "Relation Name": "name", "Alias": "n1", "Startup Cost": 0.0, "Total Cost": 20816.99, "Plan Rows": 4167490, "Plan Width": 4}]}]}]}]}]}]}, "Unique SQL Id": 2457761703, "Planner Runtime": 200}, "explain_analyze_plan": {"Plan": {"Node Type": "Aggregate", "Strategy": "Plain", "Startup Cost": 287566.27, "Total Cost": 287566.3, "Plan Rows": 1, "Plan Width": 97, "Actual Min Startup Time": 2807.394, "Actual Max Startup Time": 2807.394, "Actual Min Total Time": 2807.394, "Actual Max Total Time": 2807.394, "Plans": [{"Node Type": "Streaming(type: LOCAL GATHER dop: 1/16)", "Parent Relationship": "Outer", "Startup Cost": 287566.27, "Total Cost": 287566.3, "Plan Rows": 1, "Plan Width": 97, "Actual Min Startup Time": 2805.812, "Actual Max Startup Time": 2805.812, "Actual Min Total Time": 2807.366, "Actual Max Total Time": 2807.366, "Plans": [{"Node Type": "Aggregate", "Strategy": "Plain", "Parent Relationship": "Outer", "Startup Cost": 287566.27, "Total Cost": 287566.28, "Plan Rows": 1, "Plan Width": 97, "Actual Min Startup Time": 2410.309, "Actual Max Startup Time": 2537.515, "Actual Min Total Time": 2410.309, "Actual Max Total Time": 2537.515, "Plans": [{"Node Type": "Hash Join", "Parent Relationship": "Outer", "Join Type": "Inner", "Startup Cost": 142621.96, "Total Cost": 285780.78, "Plan Rows": 357098, "Plan Width": 33, "Actual Min Startup Time": 682.796, "Actual Max Startup Time": 809.411, "Actual Min Total Time": 2287.798, "Actual Max Total Time": 2474.84, "Inner Unique": true, "Hash Cond": "(a1.person_id = n1.id), (LLVM Optimized, Jit Execute)", "Plans": [{"Node Type": "Streaming(type: LOCAL REDISTRIBUTE dop: 16/16)", "Parent Relationship": "Outer", "Startup Cost": 126464.14, "Total Cost": 269316.07, "Plan Rows": 357098, "Plan Width": 41, "Actual Min Startup Time": 104.514, "Actual Max Startup Time": 134.767, "Actual Min Total Time": 1604.955, "Actual Max Total Time": 1724.615, "Plans": [{"Node Type": "Hash Join", "Parent Relationship": "Outer", "Join Type": "Inner", "Startup Cost": 126464.14, "Total Cost": 252963.01, "Plan Rows": 357098, "Plan Width": 41, "Actual Min Startup Time": 684.369, "Actual Max Startup Time": 863.954, "Actual Min Total Time": 2250.417, "Actual Max Total Time": 2462.715, "Inner Unique": true, "Hash Cond": "(ci.movie_id = t.id), (LLVM Optimized, Jit Execute)", "Plans": [{"Node Type": "Streaming(type: LOCAL REDISTRIBUTE dop: 16/16)", "Parent Relationship": "Outer", "Startup Cost": 113655.34, "Total Cost": 239847.25, "Plan Rows": 357379, "Plan Width": 32, "Actual Min Startup Time": 317.069, "Actual Max Startup Time": 322.995, "Actual Min Total Time": 1801.077, "Actual Max Total Time": 1863.509, "Plans": [{"Node Type": "Hash Join", "Parent Relationship": "Outer", "Join Type": "Inner", "Startup Cost": 113655.34, "Total Cost": 223493.12, "Plan Rows": 357379, "Plan Width": 32, "Actual Min Startup Time": 676.499, "Actual Max Startup Time": 926.544, "Actual Min Total Time": 1889.984, "Actual Max Total Time": 2339.531, "Inner Unique": false, "Hash Cond": "(ci.person_id = a1.person_id), (LLVM Optimized, Jit Execute)", "Plans": [{"Node Type": "Streaming(type: LOCAL REDISTRIBUTE dop: 16/16)", "Parent Relationship": "Outer", "Startup Cost": 104286.28, "Total Cost": 212931.86, "Plan Rows": 711018, "Plan Width": 12, "Actual Min Startup Time": 544.363, "Actual Max Startup Time": 557.858, "Actual Min Total Time": 1635.928, "Actual Max Total Time": 1965.859, "Plans": [{"Node Type": "Hash Join", "Parent Relationship": "Outer", "Join Type": "Inner", "Startup Cost": 104286.28, "Total Cost": 195237.77, "Plan Rows": 711018, "Plan Width": 12, "Actual Min Startup Time": 676.505, "Actual Max Startup Time": 873.864, "Actual Min Total Time": 1726.934, "Actual Max Total Time": 1983.436, "Inner Unique": false, "Hash Cond": "(ci.movie_id = mc.movie_id), (LLVM Optimized, Jit Execute)", "Plans": [{"Node Type": "Streaming(type: LOCAL REDISTRIBUTE dop: 16/16)", "Parent Relationship": "Outer", "Startup Cost": 15001.51, "Total Cost": 102848.74, "Plan Rows": 3296318, "Plan Width": 8, "Actual Min Startup Time": 0.059, "Actual Max Startup Time": 0.35, "Actual Min Total Time": 960.325, "Actual Max Total Time": 1125.807, "Plans": [{"Node Type": "Hash Join", "Parent Relationship": "Outer", "Join Type": "Inner", "Startup Cost": 15001.51, "Total Cost": 75358.79, "Plan Rows": 3296318, "Plan Width": 8, "Actual Min Startup Time": 618.945, "Actual Max Startup Time": 658.044, "Actual Min Total Time": 973.958, "Actual Max Total Time": 1016.065, "Inner Unique": true, "Hash Cond": "(ci.role_id = rt.id), (LLVM Optimized, Jit Execute)", "Plans": [{"Node Type": "Seq Scan", "Parent Relationship": "Outer", "Relation Name": "cast_info", "Alias": "ci", "Startup Cost": 0.0, "Total Cost": 52617.37, "Plan Rows": 36259494, "Plan Width": 12, "Actual Min Startup Time": 0.027, "Actual Max Startup Time": 0.044, "Actual Min Total Time": 516.927, "Actual Max Total Time": 557.048, "Actual Rows": 36244343}, {"Node Type": "Hash", "Parent Relationship": "Inner", "Startup Cost": 15001.5, "Total Cost": 15001.5, "Plan Rows": 16, "Plan Width": 4, "Actual Min Startup Time": 0.012, "Actual Max Startup Time": 23.82, "Actual Min Total Time": 0.012, "Actual Max Total Time": 23.82, "Max Hash Buckets": 32768, "Min Hash Buckets": 32768, "Max Hash Batches": 1, "Min Hash Batches": 1, "Max Original Hash Batches": 1, "Min Original Hash Batches": 1, "Max Peak Memory Usage": 1, "min Peak Memory Usage": 1, "Plans": [{"Node Type": "Streaming(type: BROADCAST dop: 16/1)", "Parent Relationship": "Outer", "Startup Cost": 0.0, "Total Cost": 15001.5, "Plan Rows": 16, "Plan Width": 4, "Actual Min Startup Time": 0.003, "Actual Max Startup Time": 23.79, "Actual Min Total Time": 0.004, "Actual Max Total Time": 23.792, "Plans": [{"Node Type": "Seq Scan", "Parent Relationship": "Outer", "Relation Name": "role_type", "Alias": "rt", "Startup Cost": 0.0, "Total Cost": 1.15, "Plan Rows": 1, "Plan Width": 4, "Actual Min Startup Time": 0.032, "Actual Max Startup Time": 0.032, "Actual Min Total Time": 0.036, "Actual Max Total Time": 0.036, "Filter": "((role)::text = 'writer'::text)", "Rows Removed by Filter": 11, "Actual Rows": 1}], "Actual Rows": 16}], "Actual Rows": 16}], "Actual Rows": 2728943}], "Actual Rows": 2728943}, {"Node Type": "Hash", "Parent Relationship": "Inner", "Startup Cost": 88282.97, "Total Cost": 88282.97, "Plan Rows": 1282311, "Plan Width": 4, "Actual Min Startup Time": 676.313, "Actual Max Startup Time": 873.534, "Actual Min Total Time": 676.313, "Actual Max Total Time": 873.534, "Max Hash Buckets": 131072, "Min Hash Buckets": 131072, "Max Hash Batches": 1, "Min Hash Batches": 1, "Max Original Hash Batches": 1, "Min Original Hash Batches": 1, "Max Peak Memory Usage": 2542, "min Peak Memory Usage": 2542, "Plans": [{"Node Type": "Streaming(type: LOCAL REDISTRIBUTE dop: 16/16)", "Parent Relationship": "Outer", "Startup Cost": 24511.53, "Total Cost": 88282.97, "Plan Rows": 1282311, "Plan Width": 4, "Actual Min Startup Time": 194.948, "Actual Max Startup Time": 392.152, "Actual Min Total Time": 652.521, "Actual Max Total Time": 846.259, "Plans": [{"Node Type": "Hash Join", "Parent Relationship": "Outer", "Join Type": "Inner", "Startup Cost": 24511.53, "Total Cost": 68424.21, "Plan Rows": 1282311, "Plan Width": 4, "Actual Min Startup Time": 193.447, "Actual Max Startup Time": 460.105, "Actual Min Total Time": 545.948, "Actual Max Total Time": 855.575, "Inner Unique": true, "Hash Cond": "(mc.company_id = cn.id), (LLVM Optimized, Jit Execute)", "Plans": [{"Node Type": "Streaming(type: LOCAL REDISTRIBUTE dop: 16/16)", "Parent Relationship": "Outer", "Startup Cost": 0.0, "Total Cost": 42499.73, "Plan Rows": 2609128, "Plan Width": 8, "Actual Min Startup Time": 0.064, "Actual Max Startup Time": 1.902, "Actual Min Total Time": 262.091, "Actual Max Total Time": 376.152, "Plans": [{"Node Type": "Seq Scan", "Parent Relationship": "Outer", "Relation Name": "movie_companies", "Alias": "mc", "Startup Cost": 0.0, "Total Cost": 17613.58, "Plan Rows": 2609128, "Plan Width": 8, "Actual Min Startup Time": 0.027, "Actual Max Startup Time": 0.063, "Actual Min Total Time": 42.353, "Actual Max Total Time": 50.636, "Actual Rows": 2609128}], "Actual Rows": 2609128}, {"Node Type": "Hash", "Parent Relationship": "Inner", "Startup Cost": 24444.99, "Total Cost": 24444.99, "Plan Rows": 85170, "Plan Width": 4, "Actual Min Startup Time": 193.304, "Actual Max Startup Time": 459.356, "Actual Min Total Time": 193.304, "Actual Max Total Time": 459.356, "Max Hash Buckets": 32768, "Min Hash Buckets": 32768, "Max Hash Batches": 1, "Min Hash Batches": 1, "Max Original Hash Batches": 1, "Min Original Hash Batches": 1, "Max Peak Memory Usage": 182, "min Peak Memory Usage": 182, "Plans": [{"Node Type": "Streaming(type: LOCAL REDISTRIBUTE dop: 16/1)", "Parent Relationship": "Outer", "Startup Cost": 0.0, "Total Cost": 24444.99, "Plan Rows": 85170, "Plan Width": 4, "Actual Min Startup Time": 0.041, "Actual Max Startup Time": 266.767, "Actual Min Total Time": 191.764, "Actual Max Total Time": 457.92, "Plans": [{"Node Type": "Seq Scan", "Parent Relationship": "Outer", "Relation Name": "company_name", "Alias": "cn", "Startup Cost": 0.0, "Total Cost": 5903.45, "Plan Rows": 85170, "Plan Width": 4, "Actual Min Startup Time": 0.053, "Actual Max Startup Time": 0.053, "Actual Min Total Time": 97.001, "Actual Max Total Time": 97.001, "Filter": "((country_code)::text = '[us]'::text)", "Rows Removed by Filter": 150153, "Actual Rows": 84843}], "Actual Rows": 84843}], "Actual Rows": 84843}], "Actual Rows": 1153797}], "Actual Rows": 1153797}], "Actual Rows": 1153797}], "Actual Rows": 1970658}], "Actual Rows": 1970658}, {"Node Type": "Hash", "Parent Relationship": "Inner", "Startup Cost": 34659.52, "Total Cost": 34659.52, "Plan Rows": 901342, "Plan Width": 20, "Actual Min Startup Time": 130.612, "Actual Max Startup Time": 381.22, "Actual Min Total Time": 130.612, "Actual Max Total Time": 381.22, "Max Hash Buckets": 65536, "Min Hash Buckets": 65536, "Max Hash Batches": 1, "Min Hash Batches": 1, "Max Original Hash Batches": 1, "Min Original Hash Batches": 1, "Max Peak Memory Usage": 2981, "min Peak Memory Usage": 2981, "Plans": [{"Node Type": "Streaming(type: LOCAL REDISTRIBUTE dop: 16/16)", "Parent Relationship": "Outer", "Startup Cost": 0.0, "Total Cost": 34659.52, "Plan Rows": 901342, "Plan Width": 20, "Actual Min Startup Time": 0.052, "Actual Max Startup Time": 67.059, "Actual Min Total Time": 109.562, "Actual Max Total Time": 360.696, "Plans": [{"Node Type": "Seq Scan", "Parent Relationship": "Outer", "Relation Name": "aka_name", "Alias": "a1", "Startup Cost": 0.0, "Total Cost": 16244.28, "Plan Rows": 901342, "Plan Width": 20, "Actual Min Startup Time": 0.019, "Actual Max Startup Time": 0.042, "Actual Min Total Time": 15.933, "Actual Max Total Time": 20.502, "Actual Rows": 901342}], "Actual Rows": 901342}], "Actual Rows": 901342}], "Actual Rows": 2487611}], "Actual Rows": 2487611}, {"Node Type": "Hash", "Parent Relationship": "Inner", "Startup Cost": 43334.25, "Total Cost": 43334.25, "Plan Rows": 2528311, "Plan Width": 21, "Actual Min Startup Time": 365.618, "Actual Max Startup Time": 543.574, "Actual Min Total Time": 365.618, "Actual Max Total Time": 543.574, "Max Hash Buckets": 262144, "Min Hash Buckets": 262144, "Max Hash Batches": 1, "Min Hash Batches": 1, "Max Original Hash Batches": 1, "Min Original Hash Batches": 1, "Max Peak Memory Usage": 8518, "min Peak Memory Usage": 8518, "Plans": [{"Node Type": "Streaming(type: LOCAL REDISTRIBUTE dop: 16/16)", "Parent Relationship": "Outer", "Startup Cost": 0.0, "Total Cost": 43334.25, "Plan Rows": 2528311, "Plan Width": 21, "Actual Min Startup Time": 0.063, "Actual Max Startup Time": 18.287, "Actual Min Total Time": 289.389, "Actual Max Total Time": 470.899, "Plans": [{"Node Type": "Seq Scan", "Parent Relationship": "Outer", "Relation Name": "title", "Alias": "t", "Startup Cost": 0.0, "Total Cost": 18754.32, "Plan Rows": 2528311, "Plan Width": 21, "Actual Min Startup Time": 0.017, "Actual Max Startup Time": 0.037, "Actual Min Total Time": 47.834, "Actual Max Total Time": 58.11, "Actual Rows": 2528311}], "Actual Rows": 2528311}], "Actual Rows": 2528311}], "Actual Rows": 2487611}], "Actual Rows": 2487611}, {"Node Type": "Hash", "Parent Relationship": "Inner", "Startup Cost": 51607.87, "Total Cost": 51607.87, "Plan Rows": 4167490, "Plan Width": 4, "Actual Min Startup Time": 573.363, "Actual Max Startup Time": 700.351, "Actual Min Total Time": 573.363, "Actual Max Total Time": 700.351, "Max Hash Buckets": 262144, "Min Hash Buckets": 262144, "Max Hash Batches": 1, "Min Hash Batches": 1, "Max Original Hash Batches": 1, "Min Original Hash Batches": 1, "Max Peak Memory Usage": 9174, "min Peak Memory Usage": 9174, "Plans": [{"Node Type": "Streaming(type: LOCAL REDISTRIBUTE dop: 16/16)", "Parent Relationship": "Outer", "Startup Cost": 0.0, "Total Cost": 51607.87, "Plan Rows": 4167490, "Plan Width": 4, "Actual Min Startup Time": 0.053, "Actual Max Startup Time": 0.099, "Actual Min Total Time": 470.118, "Actual Max Total Time": 593.068, "Plans": [{"Node Type": "Seq Scan", "Parent Relationship": "Outer", "Relation Name": "name", "Alias": "n1", "Startup Cost": 0.0, "Total Cost": 20816.99, "Plan Rows": 4167490, "Plan Width": 4, "Actual Min Startup Time": 0.017, "Actual Max Startup Time": 0.04, "Actual Min Total Time": 75.276, "Actual Max Total Time": 87.952, "Actual Rows": 4167490}], "Actual Rows": 4167490}], "Actual Rows": 4167490}], "Actual Rows": 2487611}], "Actual Rows": 16}], "Actual Rows": 16}], "Actual Rows": 1}, "Triggers": [], "Planner Runtime": 253, "Total Runtime": 2852.697, "Unique SQL Id": 2457761703}}, "(16, 77)": {"explain_plan": {"Plan": {"Node Type": "Aggregate", "Strategy": "Plain", "Startup Cost": 1406524.48, "Total Cost": 1406524.51, "Plan Rows": 1, "Plan Width": 97, "Plans": [{"Node Type": "Streaming(type: LOCAL GATHER dop: 1/16)", "Parent Relationship": "Outer", "Startup Cost": 1406524.48, "Total Cost": 1406524.51, "Plan Rows": 1, "Plan Width": 97, "Plans": [{"Node Type": "Aggregate", "Strategy": "Plain", "Parent Relationship": "Outer", "Startup Cost": 1406524.48, "Total Cost": 1406524.49, "Plan Rows": 1, "Plan Width": 97, "Plans": [{"Node Type": "Hash Join", "Parent Relationship": "Outer", "Join Type": "Inner", "Startup Cost": 270868.12, "Total Cost": 1404738.99, "Plan Rows": 357098, "Plan Width": 33, "Inner Unique": true, "Hash Cond": "(ci.movie_id = t.id), (LLVM Optimized)", "Plans": [{"Node Type": "Streaming(type: LOCAL REDISTRIBUTE dop: 16/16)", "Parent Relationship": "Outer", "Startup Cost": 237393.5, "Total Cost": 1370957.42, "Plan Rows": 357379, "Plan Width": 24, "Plans": [{"Node Type": "Hash Join", "Parent Relationship": "Outer", "Join Type": "Inner", "Startup Cost": 237393.5, "Total Cost": 1354603.29, "Plan Rows": 357379, "Plan Width": 24, "Inner Unique": true, "Hash Cond": "(mc.company_id = cn.id), (LLVM Optimized)", "Plans": [{"Node Type": "Streaming(type: LOCAL REDISTRIBUTE dop: 16/16)", "Parent Relationship": "Outer", "Startup Cost": 230066.23, "Total Cost": 1346882.23, "Plan Rows": 727161, "Plan Width": 28, "Plans": [{"Node Type": "Hash Join", "Parent Relationship": "Outer", "Join Type": "Inner", "Startup Cost": 230066.23, "Total Cost": 1329126.97, "Plan Rows": 727161, "Plan Width": 28, "Inner Unique": true, "Hash Cond": "(a1.person_id = n1.id), (LLVM Optimized)", "Plans": [{"Node Type": "Streaming(type: LOCAL REDISTRIBUTE dop: 16/16)", "Parent Relationship": "Outer", "Startup Cost": 175427.87, "Total Cost": 1273863.7, "Plan Rows": 727161, "Plan Width": 36, "Plans": [{"Node Type": "Hash Join", "Parent Relationship": "Outer", "Join Type": "Inner", "Startup Cost": 175427.87, "Total Cost": 1256108.44, "Plan Rows": 727161, "Plan Width": 36, "Inner Unique": false, "Hash Cond": "(ci.movie_id = mc.movie_id), (LLVM Optimized)", "Plans": [{"Node Type": "Streaming(type: LOCAL REDISTRIBUTE dop: 16/16)", "Parent Relationship": "Outer", "Startup Cost": 137161.66, "Total Cost": 1215145.72, "Plan Rows": 1484588, "Plan Width": 28, "Plans": [{"Node Type": "Hash Join", "Parent Relationship": "Outer", "Join Type": "Inner", "Startup Cost": 137161.66, "Total Cost": 1194520.52, "Plan Rows": 1484588, "Plan Width": 28, "Inner Unique": false, "Hash Cond": "(ci.person_id = a1.person_id), (LLVM Optimized)", "Plans": [{"Node Type": "Streaming(type: LOCAL REDISTRIBUTE dop: 16/16)", "Parent Relationship": "Outer", "Startup Cost": 15012.82, "Total Cost": 1066844.59, "Plan Rows": 3296318, "Plan Width": 8, "Plans": [{"Node Type": "Hash Join", "Parent Relationship": "Outer", "Join Type": "Inner", "Startup Cost": 15012.82, "Total Cost": 1039354.63, "Plan Rows": 3296318, "Plan Width": 8, "Inner Unique": true, "Hash Cond": "(ci.role_id = rt.id), (LLVM Optimized)", "Plans": [{"Node Type": "Index Scan", "Parent Relationship": "Outer", "Scan Direction": "Forward", "Index Name": "role_id_cast_info", "Relation Name": "cast_info", "Alias": "ci", "Startup Cost": 0.0, "Total Cost": 1016601.9, "Plan Rows": 36259494, "Plan Width": 12}, {"Node Type": "Hash", "Parent Relationship": "Inner", "Startup Cost": 15012.81, "Total Cost": 15012.81, "Plan Rows": 16, "Plan Width": 4, "Plans": [{"Node Type": "Streaming(type: BROADCAST dop: 16/1)", "Parent Relationship": "Outer", "Startup Cost": 0.0, "Total Cost": 15012.81, "Plan Rows": 16, "Plan Width": 4, "Plans": [{"Node Type": "Index Scan", "Parent Relationship": "Outer", "Scan Direction": "Forward", "Index Name": "role_type_pkey", "Relation Name": "role_type", "Alias": "rt", "Startup Cost": 0.0, "Total Cost": 12.46, "Plan Rows": 1, "Plan Width": 4, "Filter": "((role)::text = 'writer'::text)"}]}]}]}]}, {"Node Type": "Hash", "Parent Relationship": "Inner", "Startup Cost": 121444.67, "Total Cost": 121444.67, "Plan Rows": 901342, "Plan Width": 20, "Plans": [{"Node Type": "Streaming(type: LOCAL REDISTRIBUTE dop: 16/1)", "Parent Relationship": "Outer", "Startup Cost": 0.0, "Total Cost": 121444.67, "Plan Rows": 901342, "Plan Width": 20, "Plans": [{"Node Type": "Index Scan", "Parent Relationship": "Outer", "Scan Direction": "Forward", "Index Name": "person_id_aka_name", "Relation Name": "aka_name", "Alias": "a1", "Startup Cost": 0.0, "Total Cost": 68965.03, "Plan Rows": 901342, "Plan Width": 20}]}]}]}]}, {"Node Type": "Hash", "Parent Relationship": "Inner", "Startup Cost": 139099.07, "Total Cost": 139099.07, "Plan Rows": 2609128, "Plan Width": 8, "Plans": [{"Node Type": "Streaming(type: LOCAL REDISTRIBUTE dop: 16/16)", "Parent Relationship": "Outer", "Startup Cost": 0.0, "Total Cost": 139099.07, "Plan Rows": 2609128, "Plan Width": 8, "Plans": [{"Node Type": "Index Scan", "Parent Relationship": "Outer", "Scan Direction": "Forward", "Index Name": "company_id_movie_companies", "Relation Name": "movie_companies", "Alias": "mc", "Startup Cost": 0.0, "Total Cost": 114212.92, "Plan Rows": 2609128, "Plan Width": 8}]}]}]}]}, {"Node Type": "Hash", "Parent Relationship": "Inner", "Startup Cost": 182953.41, "Total Cost": 182953.41, "Plan Rows": 4167490, "Plan Width": 4, "Plans": [{"Node Type": "Streaming(type: LOCAL REDISTRIBUTE dop: 16/16)", "Parent Relationship": "Outer", "Startup Cost": 0.0, "Total Cost": 182953.41, "Plan Rows": 4167490, "Plan Width": 4, "Plans": [{"Node Type": "Index Scan", "Parent Relationship": "Outer", "Scan Direction": "Forward", "Index Name": "name_pkey", "Relation Name": "name", "Alias": "n1", "Startup Cost": 0.0, "Total Cost": 152162.53, "Plan Rows": 4167490, "Plan Width": 4}]}]}]}]}, {"Node Type": "Hash", "Parent Relationship": "Inner", "Startup Cost": 29042.93, "Total Cost": 29042.93, "Plan Rows": 85170, "Plan Width": 4, "Plans": [{"Node Type": "Streaming(type: LOCAL REDISTRIBUTE dop: 16/1)", "Parent Relationship": "Outer", "Startup Cost": 0.0, "Total Cost": 29042.93, "Plan Rows": 85170, "Plan Width": 4, "Plans": [{"Node Type": "Index Scan", "Parent Relationship": "Outer", "Scan Direction": "Forward", "Index Name": "company_name_pkey", "Relation Name": "company_name", "Alias": "cn", "Startup Cost": 0.0, "Total Cost": 10501.39, "Plan Rows": 85170, "Plan Width": 4, "Filter": "((country_code)::text = '[us]'::text)"}]}]}]}]}, {"Node Type": "Hash", "Parent Relationship": "Inner", "Startup Cost": 125997.5, "Total Cost": 125997.5, "Plan Rows": 2528311, "Plan Width": 21, "Plans": [{"Node Type": "Streaming(type: LOCAL REDISTRIBUTE dop: 16/16)", "Parent Relationship": "Outer", "Startup Cost": 0.0, "Total Cost": 125997.5, "Plan Rows": 2528311, "Plan Width": 21, "Plans": [{"Node Type": "Index Scan", "Parent Relationship": "Outer", "Scan Direction": "Forward", "Index Name": "title_pkey", "Relation Name": "title", "Alias": "t", "Startup Cost": 0.0, "Total Cost": 101417.57, "Plan Rows": 2528311, "Plan Width": 21}]}]}]}]}]}]}, "Unique SQL Id": 2457761703, "Planner Runtime": 110}, "explain_analyze_plan": null}, "(16, 78)": {"explain_plan": {"Plan": {"Node Type": "Aggregate", "Strategy": "Plain", "Startup Cost": 287566.27, "Total Cost": 287566.3, "Plan Rows": 1, "Plan Width": 97, "Plans": [{"Node Type": "Streaming(type: LOCAL GATHER dop: 1/16)", "Parent Relationship": "Outer", "Startup Cost": 287566.27, "Total Cost": 287566.3, "Plan Rows": 1, "Plan Width": 97, "Plans": [{"Node Type": "Aggregate", "Strategy": "Plain", "Parent Relationship": "Outer", "Startup Cost": 287566.27, "Total Cost": 287566.28, "Plan Rows": 1, "Plan Width": 97, "Plans": [{"Node Type": "Hash Join", "Parent Relationship": "Outer", "Join Type": "Inner", "Startup Cost": 142621.96, "Total Cost": 285780.78, "Plan Rows": 357098, "Plan Width": 33, "Inner Unique": true, "Hash Cond": "(a1.person_id = n1.id), (LLVM Optimized)", "Plans": [{"Node Type": "Streaming(type: LOCAL REDISTRIBUTE dop: 16/16)", "Parent Relationship": "Outer", "Startup Cost": 126464.14, "Total Cost": 269316.07, "Plan Rows": 357098, "Plan Width": 41, "Plans": [{"Node Type": "Hash Join", "Parent Relationship": "Outer", "Join Type": "Inner", "Startup Cost": 126464.14, "Total Cost": 252963.01, "Plan Rows": 357098, "Plan Width": 41, "Inner Unique": true, "Hash Cond": "(ci.movie_id = t.id), (LLVM Optimized)", "Plans": [{"Node Type": "Streaming(type: LOCAL REDISTRIBUTE dop: 16/16)", "Parent Relationship": "Outer", "Startup Cost": 113655.34, "Total Cost": 239847.25, "Plan Rows": 357379, "Plan Width": 32, "Plans": [{"Node Type": "Hash Join", "Parent Relationship": "Outer", "Join Type": "Inner", "Startup Cost": 113655.34, "Total Cost": 223493.12, "Plan Rows": 357379, "Plan Width": 32, "Inner Unique": false, "Hash Cond": "(ci.person_id = a1.person_id), (LLVM Optimized)", "Plans": [{"Node Type": "Streaming(type: LOCAL REDISTRIBUTE dop: 16/16)", "Parent Relationship": "Outer", "Startup Cost": 104286.28, "Total Cost": 212931.86, "Plan Rows": 711018, "Plan Width": 12, "Plans": [{"Node Type": "Hash Join", "Parent Relationship": "Outer", "Join Type": "Inner", "Startup Cost": 104286.28, "Total Cost": 195237.77, "Plan Rows": 711018, "Plan Width": 12, "Inner Unique": false, "Hash Cond": "(ci.movie_id = mc.movie_id), (LLVM Optimized)", "Plans": [{"Node Type": "Streaming(type: LOCAL REDISTRIBUTE dop: 16/16)", "Parent Relationship": "Outer", "Startup Cost": 15001.51, "Total Cost": 102848.74, "Plan Rows": 3296318, "Plan Width": 8, "Plans": [{"Node Type": "Hash Join", "Parent Relationship": "Outer", "Join Type": "Inner", "Startup Cost": 15001.51, "Total Cost": 75358.79, "Plan Rows": 3296318, "Plan Width": 8, "Inner Unique": true, "Hash Cond": "(ci.role_id = rt.id), (LLVM Optimized)", "Plans": [{"Node Type": "Seq Scan", "Parent Relationship": "Outer", "Relation Name": "cast_info", "Alias": "ci", "Startup Cost": 0.0, "Total Cost": 52617.37, "Plan Rows": 36259494, "Plan Width": 12}, {"Node Type": "Hash", "Parent Relationship": "Inner", "Startup Cost": 15001.5, "Total Cost": 15001.5, "Plan Rows": 16, "Plan Width": 4, "Plans": [{"Node Type": "Streaming(type: BROADCAST dop: 16/1)", "Parent Relationship": "Outer", "Startup Cost": 0.0, "Total Cost": 15001.5, "Plan Rows": 16, "Plan Width": 4, "Plans": [{"Node Type": "Seq Scan", "Parent Relationship": "Outer", "Relation Name": "role_type", "Alias": "rt", "Startup Cost": 0.0, "Total Cost": 1.15, "Plan Rows": 1, "Plan Width": 4, "Filter": "((role)::text = 'writer'::text)"}]}]}]}]}, {"Node Type": "Hash", "Parent Relationship": "Inner", "Startup Cost": 88282.97, "Total Cost": 88282.97, "Plan Rows": 1282311, "Plan Width": 4, "Plans": [{"Node Type": "Streaming(type: LOCAL REDISTRIBUTE dop: 16/16)", "Parent Relationship": "Outer", "Startup Cost": 24511.53, "Total Cost": 88282.97, "Plan Rows": 1282311, "Plan Width": 4, "Plans": [{"Node Type": "Hash Join", "Parent Relationship": "Outer", "Join Type": "Inner", "Startup Cost": 24511.53, "Total Cost": 68424.21, "Plan Rows": 1282311, "Plan Width": 4, "Inner Unique": true, "Hash Cond": "(mc.company_id = cn.id), (LLVM Optimized)", "Plans": [{"Node Type": "Streaming(type: LOCAL REDISTRIBUTE dop: 16/16)", "Parent Relationship": "Outer", "Startup Cost": 0.0, "Total Cost": 42499.73, "Plan Rows": 2609128, "Plan Width": 8, "Plans": [{"Node Type": "Seq Scan", "Parent Relationship": "Outer", "Relation Name": "movie_companies", "Alias": "mc", "Startup Cost": 0.0, "Total Cost": 17613.58, "Plan Rows": 2609128, "Plan Width": 8}]}, {"Node Type": "Hash", "Parent Relationship": "Inner", "Startup Cost": 24444.99, "Total Cost": 24444.99, "Plan Rows": 85170, "Plan Width": 4, "Plans": [{"Node Type": "Streaming(type: LOCAL REDISTRIBUTE dop: 16/1)", "Parent Relationship": "Outer", "Startup Cost": 0.0, "Total Cost": 24444.99, "Plan Rows": 85170, "Plan Width": 4, "Plans": [{"Node Type": "Seq Scan", "Parent Relationship": "Outer", "Relation Name": "company_name", "Alias": "cn", "Startup Cost": 0.0, "Total Cost": 5903.45, "Plan Rows": 85170, "Plan Width": 4, "Filter": "((country_code)::text = '[us]'::text)"}]}]}]}]}]}]}]}, {"Node Type": "Hash", "Parent Relationship": "Inner", "Startup Cost": 34659.52, "Total Cost": 34659.52, "Plan Rows": 901342, "Plan Width": 20, "Plans": [{"Node Type": "Streaming(type: LOCAL REDISTRIBUTE dop: 16/16)", "Parent Relationship": "Outer", "Startup Cost": 0.0, "Total Cost": 34659.52, "Plan Rows": 901342, "Plan Width": 20, "Plans": [{"Node Type": "Seq Scan", "Parent Relationship": "Outer", "Relation Name": "aka_name", "Alias": "a1", "Startup Cost": 0.0, "Total Cost": 16244.28, "Plan Rows": 901342, "Plan Width": 20}]}]}]}]}, {"Node Type": "Hash", "Parent Relationship": "Inner", "Startup Cost": 43334.25, "Total Cost": 43334.25, "Plan Rows": 2528311, "Plan Width": 21, "Plans": [{"Node Type": "Streaming(type: LOCAL REDISTRIBUTE dop: 16/16)", "Parent Relationship": "Outer", "Startup Cost": 0.0, "Total Cost": 43334.25, "Plan Rows": 2528311, "Plan Width": 21, "Plans": [{"Node Type": "Seq Scan", "Parent Relationship": "Outer", "Relation Name": "title", "Alias": "t", "Startup Cost": 0.0, "Total Cost": 18754.32, "Plan Rows": 2528311, "Plan Width": 21}]}]}]}]}, {"Node Type": "Hash", "Parent Relationship": "Inner", "Startup Cost": 51607.87, "Total Cost": 51607.87, "Plan Rows": 4167490, "Plan Width": 4, "Plans": [{"Node Type": "Streaming(type: LOCAL REDISTRIBUTE dop: 16/16)", "Parent Relationship": "Outer", "Startup Cost": 0.0, "Total Cost": 51607.87, "Plan Rows": 4167490, "Plan Width": 4, "Plans": [{"Node Type": "Seq Scan", "Parent Relationship": "Outer", "Relation Name": "name", "Alias": "n1", "Startup Cost": 0.0, "Total Cost": 20816.99, "Plan Rows": 4167490, "Plan Width": 4}]}]}]}]}]}]}, "Unique SQL Id": 2457761703, "Planner Runtime": 269}, "explain_analyze_plan": {"Plan": {"Node Type": "Aggregate", "Strategy": "Plain", "Startup Cost": 287566.27, "Total Cost": 287566.3, "Plan Rows": 1, "Plan Width": 97, "Actual Min Startup Time": 2807.394, "Actual Max Startup Time": 2807.394, "Actual Min Total Time": 2807.394, "Actual Max Total Time": 2807.394, "Plans": [{"Node Type": "Streaming(type: LOCAL GATHER dop: 1/16)", "Parent Relationship": "Outer", "Startup Cost": 287566.27, "Total Cost": 287566.3, "Plan Rows": 1, "Plan Width": 97, "Actual Min Startup Time": 2805.812, "Actual Max Startup Time": 2805.812, "Actual Min Total Time": 2807.366, "Actual Max Total Time": 2807.366, "Plans": [{"Node Type": "Aggregate", "Strategy": "Plain", "Parent Relationship": "Outer", "Startup Cost": 287566.27, "Total Cost": 287566.28, "Plan Rows": 1, "Plan Width": 97, "Actual Min Startup Time": 2410.309, "Actual Max Startup Time": 2537.515, "Actual Min Total Time": 2410.309, "Actual Max Total Time": 2537.515, "Plans": [{"Node Type": "Hash Join", "Parent Relationship": "Outer", "Join Type": "Inner", "Startup Cost": 142621.96, "Total Cost": 285780.78, "Plan Rows": 357098, "Plan Width": 33, "Actual Min Startup Time": 682.796, "Actual Max Startup Time": 809.411, "Actual Min Total Time": 2287.798, "Actual Max Total Time": 2474.84, "Inner Unique": true, "Hash Cond": "(a1.person_id = n1.id), (LLVM Optimized, Jit Execute)", "Plans": [{"Node Type": "Streaming(type: LOCAL REDISTRIBUTE dop: 16/16)", "Parent Relationship": "Outer", "Startup Cost": 126464.14, "Total Cost": 269316.07, "Plan Rows": 357098, "Plan Width": 41, "Actual Min Startup Time": 104.514, "Actual Max Startup Time": 134.767, "Actual Min Total Time": 1604.955, "Actual Max Total Time": 1724.615, "Plans": [{"Node Type": "Hash Join", "Parent Relationship": "Outer", "Join Type": "Inner", "Startup Cost": 126464.14, "Total Cost": 252963.01, "Plan Rows": 357098, "Plan Width": 41, "Actual Min Startup Time": 684.369, "Actual Max Startup Time": 863.954, "Actual Min Total Time": 2250.417, "Actual Max Total Time": 2462.715, "Inner Unique": true, "Hash Cond": "(ci.movie_id = t.id), (LLVM Optimized, Jit Execute)", "Plans": [{"Node Type": "Streaming(type: LOCAL REDISTRIBUTE dop: 16/16)", "Parent Relationship": "Outer", "Startup Cost": 113655.34, "Total Cost": 239847.25, "Plan Rows": 357379, "Plan Width": 32, "Actual Min Startup Time": 317.069, "Actual Max Startup Time": 322.995, "Actual Min Total Time": 1801.077, "Actual Max Total Time": 1863.509, "Plans": [{"Node Type": "Hash Join", "Parent Relationship": "Outer", "Join Type": "Inner", "Startup Cost": 113655.34, "Total Cost": 223493.12, "Plan Rows": 357379, "Plan Width": 32, "Actual Min Startup Time": 676.499, "Actual Max Startup Time": 926.544, "Actual Min Total Time": 1889.984, "Actual Max Total Time": 2339.531, "Inner Unique": false, "Hash Cond": "(ci.person_id = a1.person_id), (LLVM Optimized, Jit Execute)", "Plans": [{"Node Type": "Streaming(type: LOCAL REDISTRIBUTE dop: 16/16)", "Parent Relationship": "Outer", "Startup Cost": 104286.28, "Total Cost": 212931.86, "Plan Rows": 711018, "Plan Width": 12, "Actual Min Startup Time": 544.363, "Actual Max Startup Time": 557.858, "Actual Min Total Time": 1635.928, "Actual Max Total Time": 1965.859, "Plans": [{"Node Type": "Hash Join", "Parent Relationship": "Outer", "Join Type": "Inner", "Startup Cost": 104286.28, "Total Cost": 195237.77, "Plan Rows": 711018, "Plan Width": 12, "Actual Min Startup Time": 676.505, "Actual Max Startup Time": 873.864, "Actual Min Total Time": 1726.934, "Actual Max Total Time": 1983.436, "Inner Unique": false, "Hash Cond": "(ci.movie_id = mc.movie_id), (LLVM Optimized, Jit Execute)", "Plans": [{"Node Type": "Streaming(type: LOCAL REDISTRIBUTE dop: 16/16)", "Parent Relationship": "Outer", "Startup Cost": 15001.51, "Total Cost": 102848.74, "Plan Rows": 3296318, "Plan Width": 8, "Actual Min Startup Time": 0.059, "Actual Max Startup Time": 0.35, "Actual Min Total Time": 960.325, "Actual Max Total Time": 1125.807, "Plans": [{"Node Type": "Hash Join", "Parent Relationship": "Outer", "Join Type": "Inner", "Startup Cost": 15001.51, "Total Cost": 75358.79, "Plan Rows": 3296318, "Plan Width": 8, "Actual Min Startup Time": 618.945, "Actual Max Startup Time": 658.044, "Actual Min Total Time": 973.958, "Actual Max Total Time": 1016.065, "Inner Unique": true, "Hash Cond": "(ci.role_id = rt.id), (LLVM Optimized, Jit Execute)", "Plans": [{"Node Type": "Seq Scan", "Parent Relationship": "Outer", "Relation Name": "cast_info", "Alias": "ci", "Startup Cost": 0.0, "Total Cost": 52617.37, "Plan Rows": 36259494, "Plan Width": 12, "Actual Min Startup Time": 0.027, "Actual Max Startup Time": 0.044, "Actual Min Total Time": 516.927, "Actual Max Total Time": 557.048, "Actual Rows": 36244343}, {"Node Type": "Hash", "Parent Relationship": "Inner", "Startup Cost": 15001.5, "Total Cost": 15001.5, "Plan Rows": 16, "Plan Width": 4, "Actual Min Startup Time": 0.012, "Actual Max Startup Time": 23.82, "Actual Min Total Time": 0.012, "Actual Max Total Time": 23.82, "Max Hash Buckets": 32768, "Min Hash Buckets": 32768, "Max Hash Batches": 1, "Min Hash Batches": 1, "Max Original Hash Batches": 1, "Min Original Hash Batches": 1, "Max Peak Memory Usage": 1, "min Peak Memory Usage": 1, "Plans": [{"Node Type": "Streaming(type: BROADCAST dop: 16/1)", "Parent Relationship": "Outer", "Startup Cost": 0.0, "Total Cost": 15001.5, "Plan Rows": 16, "Plan Width": 4, "Actual Min Startup Time": 0.003, "Actual Max Startup Time": 23.79, "Actual Min Total Time": 0.004, "Actual Max Total Time": 23.792, "Plans": [{"Node Type": "Seq Scan", "Parent Relationship": "Outer", "Relation Name": "role_type", "Alias": "rt", "Startup Cost": 0.0, "Total Cost": 1.15, "Plan Rows": 1, "Plan Width": 4, "Actual Min Startup Time": 0.032, "Actual Max Startup Time": 0.032, "Actual Min Total Time": 0.036, "Actual Max Total Time": 0.036, "Filter": "((role)::text = 'writer'::text)", "Rows Removed by Filter": 11, "Actual Rows": 1}], "Actual Rows": 16}], "Actual Rows": 16}], "Actual Rows": 2728943}], "Actual Rows": 2728943}, {"Node Type": "Hash", "Parent Relationship": "Inner", "Startup Cost": 88282.97, "Total Cost": 88282.97, "Plan Rows": 1282311, "Plan Width": 4, "Actual Min Startup Time": 676.313, "Actual Max Startup Time": 873.534, "Actual Min Total Time": 676.313, "Actual Max Total Time": 873.534, "Max Hash Buckets": 131072, "Min Hash Buckets": 131072, "Max Hash Batches": 1, "Min Hash Batches": 1, "Max Original Hash Batches": 1, "Min Original Hash Batches": 1, "Max Peak Memory Usage": 2542, "min Peak Memory Usage": 2542, "Plans": [{"Node Type": "Streaming(type: LOCAL REDISTRIBUTE dop: 16/16)", "Parent Relationship": "Outer", "Startup Cost": 24511.53, "Total Cost": 88282.97, "Plan Rows": 1282311, "Plan Width": 4, "Actual Min Startup Time": 194.948, "Actual Max Startup Time": 392.152, "Actual Min Total Time": 652.521, "Actual Max Total Time": 846.259, "Plans": [{"Node Type": "Hash Join", "Parent Relationship": "Outer", "Join Type": "Inner", "Startup Cost": 24511.53, "Total Cost": 68424.21, "Plan Rows": 1282311, "Plan Width": 4, "Actual Min Startup Time": 193.447, "Actual Max Startup Time": 460.105, "Actual Min Total Time": 545.948, "Actual Max Total Time": 855.575, "Inner Unique": true, "Hash Cond": "(mc.company_id = cn.id), (LLVM Optimized, Jit Execute)", "Plans": [{"Node Type": "Streaming(type: LOCAL REDISTRIBUTE dop: 16/16)", "Parent Relationship": "Outer", "Startup Cost": 0.0, "Total Cost": 42499.73, "Plan Rows": 2609128, "Plan Width": 8, "Actual Min Startup Time": 0.064, "Actual Max Startup Time": 1.902, "Actual Min Total Time": 262.091, "Actual Max Total Time": 376.152, "Plans": [{"Node Type": "Seq Scan", "Parent Relationship": "Outer", "Relation Name": "movie_companies", "Alias": "mc", "Startup Cost": 0.0, "Total Cost": 17613.58, "Plan Rows": 2609128, "Plan Width": 8, "Actual Min Startup Time": 0.027, "Actual Max Startup Time": 0.063, "Actual Min Total Time": 42.353, "Actual Max Total Time": 50.636, "Actual Rows": 2609128}], "Actual Rows": 2609128}, {"Node Type": "Hash", "Parent Relationship": "Inner", "Startup Cost": 24444.99, "Total Cost": 24444.99, "Plan Rows": 85170, "Plan Width": 4, "Actual Min Startup Time": 193.304, "Actual Max Startup Time": 459.356, "Actual Min Total Time": 193.304, "Actual Max Total Time": 459.356, "Max Hash Buckets": 32768, "Min Hash Buckets": 32768, "Max Hash Batches": 1, "Min Hash Batches": 1, "Max Original Hash Batches": 1, "Min Original Hash Batches": 1, "Max Peak Memory Usage": 182, "min Peak Memory Usage": 182, "Plans": [{"Node Type": "Streaming(type: LOCAL REDISTRIBUTE dop: 16/1)", "Parent Relationship": "Outer", "Startup Cost": 0.0, "Total Cost": 24444.99, "Plan Rows": 85170, "Plan Width": 4, "Actual Min Startup Time": 0.041, "Actual Max Startup Time": 266.767, "Actual Min Total Time": 191.764, "Actual Max Total Time": 457.92, "Plans": [{"Node Type": "Seq Scan", "Parent Relationship": "Outer", "Relation Name": "company_name", "Alias": "cn", "Startup Cost": 0.0, "Total Cost": 5903.45, "Plan Rows": 85170, "Plan Width": 4, "Actual Min Startup Time": 0.053, "Actual Max Startup Time": 0.053, "Actual Min Total Time": 97.001, "Actual Max Total Time": 97.001, "Filter": "((country_code)::text = '[us]'::text)", "Rows Removed by Filter": 150153, "Actual Rows": 84843}], "Actual Rows": 84843}], "Actual Rows": 84843}], "Actual Rows": 1153797}], "Actual Rows": 1153797}], "Actual Rows": 1153797}], "Actual Rows": 1970658}], "Actual Rows": 1970658}, {"Node Type": "Hash", "Parent Relationship": "Inner", "Startup Cost": 34659.52, "Total Cost": 34659.52, "Plan Rows": 901342, "Plan Width": 20, "Actual Min Startup Time": 130.612, "Actual Max Startup Time": 381.22, "Actual Min Total Time": 130.612, "Actual Max Total Time": 381.22, "Max Hash Buckets": 65536, "Min Hash Buckets": 65536, "Max Hash Batches": 1, "Min Hash Batches": 1, "Max Original Hash Batches": 1, "Min Original Hash Batches": 1, "Max Peak Memory Usage": 2981, "min Peak Memory Usage": 2981, "Plans": [{"Node Type": "Streaming(type: LOCAL REDISTRIBUTE dop: 16/16)", "Parent Relationship": "Outer", "Startup Cost": 0.0, "Total Cost": 34659.52, "Plan Rows": 901342, "Plan Width": 20, "Actual Min Startup Time": 0.052, "Actual Max Startup Time": 67.059, "Actual Min Total Time": 109.562, "Actual Max Total Time": 360.696, "Plans": [{"Node Type": "Seq Scan", "Parent Relationship": "Outer", "Relation Name": "aka_name", "Alias": "a1", "Startup Cost": 0.0, "Total Cost": 16244.28, "Plan Rows": 901342, "Plan Width": 20, "Actual Min Startup Time": 0.019, "Actual Max Startup Time": 0.042, "Actual Min Total Time": 15.933, "Actual Max Total Time": 20.502, "Actual Rows": 901342}], "Actual Rows": 901342}], "Actual Rows": 901342}], "Actual Rows": 2487611}], "Actual Rows": 2487611}, {"Node Type": "Hash", "Parent Relationship": "Inner", "Startup Cost": 43334.25, "Total Cost": 43334.25, "Plan Rows": 2528311, "Plan Width": 21, "Actual Min Startup Time": 365.618, "Actual Max Startup Time": 543.574, "Actual Min Total Time": 365.618, "Actual Max Total Time": 543.574, "Max Hash Buckets": 262144, "Min Hash Buckets": 262144, "Max Hash Batches": 1, "Min Hash Batches": 1, "Max Original Hash Batches": 1, "Min Original Hash Batches": 1, "Max Peak Memory Usage": 8518, "min Peak Memory Usage": 8518, "Plans": [{"Node Type": "Streaming(type: LOCAL REDISTRIBUTE dop: 16/16)", "Parent Relationship": "Outer", "Startup Cost": 0.0, "Total Cost": 43334.25, "Plan Rows": 2528311, "Plan Width": 21, "Actual Min Startup Time": 0.063, "Actual Max Startup Time": 18.287, "Actual Min Total Time": 289.389, "Actual Max Total Time": 470.899, "Plans": [{"Node Type": "Seq Scan", "Parent Relationship": "Outer", "Relation Name": "title", "Alias": "t", "Startup Cost": 0.0, "Total Cost": 18754.32, "Plan Rows": 2528311, "Plan Width": 21, "Actual Min Startup Time": 0.017, "Actual Max Startup Time": 0.037, "Actual Min Total Time": 47.834, "Actual Max Total Time": 58.11, "Actual Rows": 2528311}], "Actual Rows": 2528311}], "Actual Rows": 2528311}], "Actual Rows": 2487611}], "Actual Rows": 2487611}, {"Node Type": "Hash", "Parent Relationship": "Inner", "Startup Cost": 51607.87, "Total Cost": 51607.87, "Plan Rows": 4167490, "Plan Width": 4, "Actual Min Startup Time": 573.363, "Actual Max Startup Time": 700.351, "Actual Min Total Time": 573.363, "Actual Max Total Time": 700.351, "Max Hash Buckets": 262144, "Min Hash Buckets": 262144, "Max Hash Batches": 1, "Min Hash Batches": 1, "Max Original Hash Batches": 1, "Min Original Hash Batches": 1, "Max Peak Memory Usage": 9174, "min Peak Memory Usage": 9174, "Plans": [{"Node Type": "Streaming(type: LOCAL REDISTRIBUTE dop: 16/16)", "Parent Relationship": "Outer", "Startup Cost": 0.0, "Total Cost": 51607.87, "Plan Rows": 4167490, "Plan Width": 4, "Actual Min Startup Time": 0.053, "Actual Max Startup Time": 0.099, "Actual Min Total Time": 470.118, "Actual Max Total Time": 593.068, "Plans": [{"Node Type": "Seq Scan", "Parent Relationship": "Outer", "Relation Name": "name", "Alias": "n1", "Startup Cost": 0.0, "Total Cost": 20816.99, "Plan Rows": 4167490, "Plan Width": 4, "Actual Min Startup Time": 0.017, "Actual Max Startup Time": 0.04, "Actual Min Total Time": 75.276, "Actual Max Total Time": 87.952, "Actual Rows": 4167490}], "Actual Rows": 4167490}], "Actual Rows": 4167490}], "Actual Rows": 2487611}], "Actual Rows": 16}], "Actual Rows": 16}], "Actual Rows": 1}, "Triggers": [], "Planner Runtime": 253, "Total Runtime": 2852.697, "Unique SQL Id": 2457761703}}, "(16, 79)": {"explain_plan": {"Plan": {"Node Type": "Aggregate", "Strategy": "Plain", "Startup Cost": 6720948132520.17, "Total Cost": 6720948132520.18, "Plan Rows": 1, "Plan Width": 97, "Plans": [{"Node Type": "Hash Join", "Parent Relationship": "Outer", "Join Type": "Inner", "Startup Cost": 4029125744837.46, "Total Cost": 6720948130734.68, "Plan Rows": 357098, "Plan Width": 33, "Inner Unique": false, "Hash Cond": "(ci.movie_id = t.id), (LLVM Optimized)", "Plans": [{"Node Type": "Hash Join", "Parent Relationship": "Outer", "Join Type": "Inner", "Startup Cost": 1030049898442.37, "Total Cost": 3721872271248.76, "Plan Rows": 1484588, "Plan Width": 20, "Inner Unique": true, "Hash Cond": "(ci.role_id = rt.id), (LLVM Optimized)", "Plans": [{"Node Type": "Merge Join", "Parent Relationship": "Outer", "Join Type": "Inner", "Startup Cost": 30049897196.36, "Total Cost": 2721872214228.63, "Plan Rows": 16330470, "Plan Width": 24, "Inner Unique": false, "Merge Cond": "(a1.person_id = ci.person_id)", "Plans": [{"Node Type": "Merge Join", "Parent Relationship": "Outer", "Join Type": "Inner", "Startup Cost": 20030754356.47, "Total Cost": 2000007674895.99, "Plan Rows": 901342, "Plan Width": 24, "Inner Unique": true, "Merge Cond": "(a1.person_id = n1.id)", "Plans": [{"Node Type": "Index Scan", "Parent Relationship": "Outer", "Scan Direction": "Forward", "Index Name": "person_id_aka_name", "Relation Name": "aka_name", "Alias": "a1", "Startup Cost": 10000000000.0, "Total Cost": 1000006896503.43, "Plan Rows": 901342, "Plan Width": 20}, {"Node Type": "Index Scan", "Parent Relationship": "Inner", "Scan Direction": "Forward", "Index Name": "name_pkey", "Relation Name": "name", "Alias": "n1", "Startup Cost": 10000000000.0, "Total Cost": 1000017623274.7, "Plan Rows": 4167490, "Plan Width": 4}]}, {"Node Type": "Index Scan", "Parent Relationship": "Inner", "Scan Direction": "Forward", "Index Name": "person_id_cast_info", "Relation Name": "cast_info", "Alias": "ci", "Startup Cost": 10000000000.0, "Total Cost": 1000170648833.21, "Plan Rows": 36259494, "Plan Width": 12}]}, {"Node Type": "Hash", "Parent Relationship": "Inner", "Startup Cost": 1000000001246.0, "Total Cost": 1000000001246.0, "Plan Rows": 1, "Plan Width": 4, "Plans": [{"Node Type": "Index Scan", "Parent Relationship": "Outer", "Scan Direction": "Forward", "Index Name": "role_type_pkey", "Relation Name": "role_type", "Alias": "rt", "Startup Cost": 10000000000.0, "Total Cost": 1000000001246.0, "Plan Rows": 1, "Plan Width": 4, "Filter": "((role)::text = 'writer'::text)"}]}]}, {"Node Type": "Hash", "Parent Relationship": "Inner", "Startup Cost": 2999075830366.2, "Total Cost": 2999075830366.2, "Plan Rows": 1282311, "Plan Width": 25, "Plans": [{"Node Type": "Merge Join", "Parent Relationship": "Outer", "Join Type": "Inner", "Startup Cost": 2010035495066.48, "Total Cost": 2999075830366.2, "Plan Rows": 1282311, "Plan Width": 25, "Inner Unique": true, "Merge Cond": "(mc.movie_id = t.id)", "Plans": [{"Node Type": "Sort", "Parent Relationship": "Outer", "Startup Cost": 2000013567140.28, "Total Cost": 2000013570346.05, "Plan Rows": 1282311, "Plan Width": 4, "Sort Key": ["mc.movie_id"], "Plans": [{"Node Type": "Merge Join", "Parent Relationship": "Outer", "Join Type": "Inner", "Startup Cost": 45724640147.62, "Total Cost": 2000013437047.81, "Plan Rows": 1282311, "Plan Width": 4, "Inner Unique": false, "Merge Cond": "(cn.id = mc.company_id)", "Plans": [{"Node Type": "Index Scan", "Parent Relationship": "Outer", "Scan Direction": "Forward", "Index Name": "company_name_pkey", "Relation Name": "company_name", "Alias": "cn", "Startup Cost": 10000000000.0, "Total Cost": 1000001050138.97, "Plan Rows": 85170, "Plan Width": 4, "Filter": "((country_code)::text = '[us]'::text)"}, {"Node Type": "Index Scan", "Parent Relationship": "Inner", "Scan Direction": "Forward", "Index Name": "company_id_movie_companies", "Relation Name": "movie_companies", "Alias": "mc", "Startup Cost": 10000000000.0, "Total Cost": 1000012367349.98, "Plan Rows": 2609128, "Plan Width": 8}]}]}, {"Node Type": "Index Scan", "Parent Relationship": "Inner", "Scan Direction": "Forward", "Index Name": "title_pkey", "Relation Name": "title", "Alias": "t", "Startup Cost": 10000000000.0, "Total Cost": 1000011012048.91, "Plan Rows": 2528311, "Plan Width": 21}]}]}]}]}, "Unique SQL Id": 2457761703, "Planner Runtime": 150}, "explain_analyze_plan": null}, "(16, 80)": {"explain_plan": {"Plan": {"Node Type": "Aggregate", "Strategy": "Plain", "Startup Cost": 2355861.25, "Total Cost": 2355861.26, "Plan Rows": 1, "Plan Width": 97, "Plans": [{"Node Type": "Nested Loop", "Parent Relationship": "Outer", "Join Type": "Inner", "Startup Cost": 2183858.78, "Total Cost": 2354075.76, "Plan Rows": 357098, "Plan Width": 33, "Inner Unique": true, "Join Filter": "(a1.person_id = n1.id), (LLVM Optimized)", "Plans": [{"Node Type": "Merge Join", "Parent Relationship": "Outer", "Join Type": "Inner", "Startup Cost": 2183858.78, "Total Cost": 2252581.83, "Plan Rows": 357098, "Plan Width": 41, "Inner Unique": false, "Merge Cond": "(a1.person_id = ci.person_id)", "Plans": [{"Node Type": "Index Scan", "Parent Relationship": "Outer", "Scan Direction": "Forward", "Index Name": "person_id_aka_name", "Relation Name": "aka_name", "Alias": "a1", "Startup Cost": 0.0, "Total Cost": 68965.03, "Plan Rows": 901342, "Plan Width": 20}, {"Node Type": "Sort", "Parent Relationship": "Inner", "Startup Cost": 2183858.71, "Total Cost": 2185634.85, "Plan Rows": 710459, "Plan Width": 21, "Sort Key": ["ci.person_id"], "Plans": [{"Node Type": "Merge Join", "Parent Relationship": "Outer", "Join Type": "Inner", "Startup Cost": 2095152.01, "Total Cost": 2114807.8, "Plan Rows": 710459, "Plan Width": 21, "Inner Unique": false, "Merge Cond": "(rt.id = ci.role_id)", "Plans": [{"Node Type": "Sort", "Parent Relationship": "Outer", "Startup Cost": 1.16, "Total Cost": 1.16, "Plan Rows": 1, "Plan Width": 4, "Sort Key": ["rt.id"], "Plans": [{"Node Type": "Seq Scan", "Parent Relationship": "Outer", "Relation Name": "role_type", "Alias": "rt", "Startup Cost": 0.0, "Total Cost": 1.15, "Plan Rows": 1, "Plan Width": 4, "Filter": "((role)::text = 'writer'::text)"}]}, {"Node Type": "Sort", "Parent Relationship": "Inner", "Startup Cost": 2095150.85, "Total Cost": 2103466.76, "Plan Rows": 3326364, "Plan Width": 25, "Sort Key": ["ci.role_id"], "Plans": [{"Node Type": "Nested Loop", "Parent Relationship": "Outer", "Join Type": "Inner", "Startup Cost": 283828.79, "Total Cost": 1734813.91, "Plan Rows": 3326364, "Plan Width": 25, "Inner Unique": false, "Join Filter": "(t.id = ci.movie_id), (LLVM Optimized)", "Plans": [{"Node Type": "Merge Join", "Parent Relationship": "Outer", "Join Type": "Inner", "Startup Cost": 283828.79, "Total Cost": 419390.55, "Plan Rows": 1282311, "Plan Width": 25, "Inner Unique": false, "Merge Cond": "(t.id = mc.movie_id)", "Plans": [{"Node Type": "Index Scan", "Parent Relationship": "Outer", "Scan Direction": "Forward", "Index Name": "title_pkey", "Relation Name": "title", "Alias": "t", "Startup Cost": 0.0, "Total Cost": 110120.49, "Plan Rows": 2528311, "Plan Width": 21}, {"Node Type": "Sort", "Parent Relationship": "Inner", "Startup Cost": 283826.21, "Total Cost": 287031.99, "Plan Rows": 1282311, "Plan Width": 4, "Sort Key": ["mc.movie_id"], "Plans": [{"Node Type": "Merge Join", "Parent Relationship": "Outer", "Join Type": "Inner", "Startup Cost": 3383.04, "Total Cost": 153733.74, "Plan Rows": 1282311, "Plan Width": 4, "Inner Unique": false, "Merge Cond": "(cn.id = mc.company_id)", "Plans": [{"Node Type": "Index Scan", "Parent Relationship": "Outer", "Scan Direction": "Forward", "Index Name": "company_name_pkey", "Relation Name": "company_name", "Alias": "cn", "Startup Cost": 0.0, "Total Cost": 10501.39, "Plan Rows": 85170, "Plan Width": 4, "Filter": "((country_code)::text = '[us]'::text)"}, {"Node Type": "Index Scan", "Parent Relationship": "Inner", "Scan Direction": "Forward", "Index Name": "company_id_movie_companies", "Relation Name": "movie_companies", "Alias": "mc", "Startup Cost": 0.0, "Total Cost": 123673.5, "Plan Rows": 2609128, "Plan Width": 8}]}]}]}, {"Node Type": "Index Scan", "Parent Relationship": "Inner", "Scan Direction": "Forward", "Index Name": "movie_id_cast_info", "Relation Name": "cast_info", "Alias": "ci", "Startup Cost": 0.0, "Total Cost": 0.95, "Plan Rows": 6, "Plan Width": 12, "Index Cond": "(movie_id = mc.movie_id)"}]}]}]}]}]}, {"Node Type": "Index Only Scan", "Parent Relationship": "Inner", "Scan Direction": "Forward", "Index Name": "name_pkey", "Relation Name": "name", "Alias": "n1", "Startup Cost": 0.0, "Total Cost": 0.27, "Plan Rows": 1, "Plan Width": 4, "Index Cond": "(id = ci.person_id)"}]}]}, "Unique SQL Id": 2457761703, "Planner Runtime": 35}, "explain_analyze_plan": null}, "(16, 81)": {"explain_plan": {"Plan": {"Node Type": "Aggregate", "Strategy": "Plain", "Startup Cost": 2355872.55, "Total Cost": 2355872.56, "Plan Rows": 1, "Plan Width": 97, "Plans": [{"Node Type": "Nested Loop", "Parent Relationship": "Outer", "Join Type": "Inner", "Startup Cost": 2183870.07, "Total Cost": 2354087.06, "Plan Rows": 357098, "Plan Width": 33, "Inner Unique": true, "Join Filter": "(a1.person_id = n1.id), (LLVM Optimized)", "Plans": [{"Node Type": "Merge Join", "Parent Relationship": "Outer", "Join Type": "Inner", "Startup Cost": 2183870.07, "Total Cost": 2252593.12, "Plan Rows": 357098, "Plan Width": 41, "Inner Unique": false, "Merge Cond": "(a1.person_id = ci.person_id)", "Plans": [{"Node Type": "Index Scan", "Parent Relationship": "Outer", "Scan Direction": "Forward", "Index Name": "person_id_aka_name", "Relation Name": "aka_name", "Alias": "a1", "Startup Cost": 0.0, "Total Cost": 68965.03, "Plan Rows": 901342, "Plan Width": 20}, {"Node Type": "Sort", "Parent Relationship": "Inner", "Startup Cost": 2183870.0, "Total Cost": 2185646.15, "Plan Rows": 710459, "Plan Width": 21, "Sort Key": ["ci.person_id"], "Plans": [{"Node Type": "Merge Join", "Parent Relationship": "Outer", "Join Type": "Inner", "Startup Cost": 2095150.85, "Total Cost": 2114819.1, "Plan Rows": 710459, "Plan Width": 21, "Inner Unique": false, "Merge Cond": "(rt.id = ci.role_id)", "Plans": [{"Node Type": "Index Scan", "Parent Relationship": "Outer", "Scan Direction": "Forward", "Index Name": "role_type_pkey", "Relation Name": "role_type", "Alias": "rt", "Startup Cost": 0.0, "Total Cost": 12.46, "Plan Rows": 1, "Plan Width": 4, "Filter": "((role)::text = 'writer'::text)"}, {"Node Type": "Sort", "Parent Relationship": "Inner", "Startup Cost": 2095150.85, "Total Cost": 2103466.76, "Plan Rows": 3326364, "Plan Width": 25, "Sort Key": ["ci.role_id"], "Plans": [{"Node Type": "Nested Loop", "Parent Relationship": "Outer", "Join Type": "Inner", "Startup Cost": 283828.79, "Total Cost": 1734813.91, "Plan Rows": 3326364, "Plan Width": 25, "Inner Unique": false, "Join Filter": "(t.id = ci.movie_id), (LLVM Optimized)", "Plans": [{"Node Type": "Merge Join", "Parent Relationship": "Outer", "Join Type": "Inner", "Startup Cost": 283828.79, "Total Cost": 419390.55, "Plan Rows": 1282311, "Plan Width": 25, "Inner Unique": false, "Merge Cond": "(t.id = mc.movie_id)", "Plans": [{"Node Type": "Index Scan", "Parent Relationship": "Outer", "Scan Direction": "Forward", "Index Name": "title_pkey", "Relation Name": "title", "Alias": "t", "Startup Cost": 0.0, "Total Cost": 110120.49, "Plan Rows": 2528311, "Plan Width": 21}, {"Node Type": "Sort", "Parent Relationship": "Inner", "Startup Cost": 283826.21, "Total Cost": 287031.99, "Plan Rows": 1282311, "Plan Width": 4, "Sort Key": ["mc.movie_id"], "Plans": [{"Node Type": "Merge Join", "Parent Relationship": "Outer", "Join Type": "Inner", "Startup Cost": 3383.04, "Total Cost": 153733.74, "Plan Rows": 1282311, "Plan Width": 4, "Inner Unique": false, "Merge Cond": "(cn.id = mc.company_id)", "Plans": [{"Node Type": "Index Scan", "Parent Relationship": "Outer", "Scan Direction": "Forward", "Index Name": "company_name_pkey", "Relation Name": "company_name", "Alias": "cn", "Startup Cost": 0.0, "Total Cost": 10501.39, "Plan Rows": 85170, "Plan Width": 4, "Filter": "((country_code)::text = '[us]'::text)"}, {"Node Type": "Index Scan", "Parent Relationship": "Inner", "Scan Direction": "Forward", "Index Name": "company_id_movie_companies", "Relation Name": "movie_companies", "Alias": "mc", "Startup Cost": 0.0, "Total Cost": 123673.5, "Plan Rows": 2609128, "Plan Width": 8}]}]}]}, {"Node Type": "Index Scan", "Parent Relationship": "Inner", "Scan Direction": "Forward", "Index Name": "movie_id_cast_info", "Relation Name": "cast_info", "Alias": "ci", "Startup Cost": 0.0, "Total Cost": 0.95, "Plan Rows": 6, "Plan Width": 12, "Index Cond": "(movie_id = mc.movie_id)"}]}]}]}]}]}, {"Node Type": "Index Only Scan", "Parent Relationship": "Inner", "Scan Direction": "Forward", "Index Name": "name_pkey", "Relation Name": "name", "Alias": "n1", "Startup Cost": 0.0, "Total Cost": 0.27, "Plan Rows": 1, "Plan Width": 4, "Index Cond": "(id = ci.person_id)"}]}]}, "Unique SQL Id": 2457761703, "Planner Runtime": 46}, "explain_analyze_plan": null}, "(16, 82)": {"explain_plan": {"Plan": {"Node Type": "Aggregate", "Strategy": "Plain", "Startup Cost": 7018604.77, "Total Cost": 7018604.78, "Plan Rows": 1, "Plan Width": 97, "Plans": [{"Node Type": "Nested Loop", "Parent Relationship": "Outer", "Join Type": "Inner", "Startup Cost": 5475388.98, "Total Cost": 7016819.28, "Plan Rows": 357098, "Plan Width": 33, "Inner Unique": true, "Plans": [{"Node Type": "Merge Join", "Parent Relationship": "Outer", "Join Type": "Inner", "Startup Cost": 5475388.72, "Total Cost": 5486783.02, "Plan Rows": 357379, "Plan Width": 24, "Inner Unique": false, "Merge Cond": "(a1.person_id = ci.person_id)", "Plans": [{"Node Type": "Sort", "Parent Relationship": "Outer", "Startup Cost": 4045136.62, "Total Cost": 4047389.97, "Plan Rows": 901342, "Plan Width": 24, "Sort Key": ["a1.person_id"], "Plans": [{"Node Type": "Nested Loop", "Parent Relationship": "Outer", "Join Type": "Inner", "Startup Cost": 0.33, "Total Cost": 3955986.16, "Plan Rows": 901342, "Plan Width": 24, "Inner Unique": true, "Plans": [{"Node Type": "Streaming(type: LOCAL GATHER dop: 1/16)", "Parent Relationship": "Outer", "Startup Cost": 0.0, "Total Cost": 35697.07, "Plan Rows": 901342, "Plan Width": 20, "Plans": [{"Node Type": "Seq Scan", "Parent Relationship": "Outer", "Relation Name": "aka_name", "Alias": "a1", "Startup Cost": 0.0, "Total Cost": 16244.28, "Plan Rows": 901342, "Plan Width": 20}]}, {"Node Type": "Bitmap Heap Scan", "Parent Relationship": "Inner", "Relation Name": "name", "Alias": "n1", "Startup Cost": 0.33, "Total Cost": 4.34, "Plan Rows": 1, "Plan Width": 4, "Recheck Cond": "(id = a1.person_id)", "Plans": [{"Node Type": "Bitmap Index Scan", "Parent Relationship": "Outer", "Index Name": "name_pkey", "Startup Cost": 0.0, "Total Cost": 0.33, "Plan Rows": 1, "Plan Width": 0, "Index Cond": "(id = a1.person_id)"}]}]}]}, {"Node Type": "Sort", "Parent Relationship": "Inner", "Startup Cost": 1430252.03, "Total Cost": 1432029.58, "Plan Rows": 711018, "Plan Width": 12, "Sort Key": ["ci.person_id"], "Plans": [{"Node Type": "Merge Join", "Parent Relationship": "Outer", "Join Type": "Inner", "Startup Cost": 1321547.02, "Total Cost": 1361142.77, "Plan Rows": 711018, "Plan Width": 12, "Inner Unique": false, "Merge Cond": "(mc.movie_id = ci.movie_id)", "Plans": [{"Node Type": "Sort", "Parent Relationship": "Outer", "Startup Cost": 574922.31, "Total Cost": 578128.08, "Plan Rows": 1282311, "Plan Width": 4, "Sort Key": ["mc.movie_id"], "Plans": [{"Node Type": "Nested Loop", "Parent Relationship": "Outer", "Join Type": "Inner", "Startup Cost": 0.82, "Total Cost": 444829.84, "Plan Rows": 1282311, "Plan Width": 4, "Inner Unique": false, "Plans": [{"Node Type": "Seq Scan", "Parent Relationship": "Outer", "Relation Name": "company_name", "Alias": "cn", "Startup Cost": 0.0, "Total Cost": 5903.45, "Plan Rows": 85170, "Plan Width": 4, "Filter": "((country_code)::text = '[us]'::text)"}, {"Node Type": "Bitmap Heap Scan", "Parent Relationship": "Inner", "Relation Name": "movie_companies", "Alias": "mc", "Startup Cost": 0.82, "Total Cost": 5.0, "Plan Rows": 15, "Plan Width": 8, "Recheck Cond": "(company_id = cn.id)", "Plans": [{"Node Type": "Bitmap Index Scan", "Parent Relationship": "Outer", "Index Name": "company_id_movie_companies", "Startup Cost": 0.0, "Total Cost": 0.81, "Plan Rows": 15, "Plan Width": 0, "Index Cond": "(company_id = cn.id)"}]}]}]}, {"Node Type": "Sort", "Parent Relationship": "Inner", "Startup Cost": 746624.39, "Total Cost": 754865.19, "Plan Rows": 3296318, "Plan Width": 8, "Sort Key": ["ci.movie_id"], "Plans": [{"Node Type": "Nested Loop", "Parent Relationship": "Outer", "Join Type": "Inner", "Startup Cost": 76306.71, "Total Cost": 389758.02, "Plan Rows": 3296318, "Plan Width": 8, "Inner Unique": false, "Plans": [{"Node Type": "Seq Scan", "Parent Relationship": "Outer", "Relation Name": "role_type", "Alias": "rt", "Startup Cost": 0.0, "Total Cost": 1.15, "Plan Rows": 1, "Plan Width": 4, "Filter": "((role)::text = 'writer'::text)"}, {"Node Type": "Bitmap Heap Scan", "Parent Relationship": "Inner", "Relation Name": "cast_info", "Alias": "ci", "Startup Cost": 76306.71, "Total Cost": 356793.69, "Plan Rows": 3296318, "Plan Width": 12, "Recheck Cond": "(role_id = rt.id), (LLVM Optimized)", "Plans": [{"Node Type": "Bitmap Index Scan", "Parent Relationship": "Outer", "Index Name": "role_id_cast_info", "Startup Cost": 0.0, "Total Cost": 75482.63, "Plan Rows": 3296318, "Plan Width": 0, "Index Cond": "(role_id = rt.id)"}]}]}]}]}]}]}, {"Node Type": "Bitmap Heap Scan", "Parent Relationship": "Inner", "Relation Name": "title", "Alias": "t", "Startup Cost": 0.26, "Total Cost": 4.27, "Plan Rows": 1, "Plan Width": 21, "Recheck Cond": "(id = ci.movie_id)", "Plans": [{"Node Type": "Bitmap Index Scan", "Parent Relationship": "Outer", "Index Name": "title_pkey", "Startup Cost": 0.0, "Total Cost": 0.26, "Plan Rows": 1, "Plan Width": 0, "Index Cond": "(id = ci.movie_id)"}]}]}]}, "Unique SQL Id": 2457761703, "Planner Runtime": 30}, "explain_analyze_plan": null}, "(16, 83)": {"explain_plan": {"Plan": {"Node Type": "Aggregate", "Strategy": "Plain", "Startup Cost": 2599287.33, "Total Cost": 2599287.34, "Plan Rows": 1, "Plan Width": 97, "Plans": [{"Node Type": "Merge Join", "Parent Relationship": "Outer", "Join Type": "Inner", "Startup Cost": 2561169.56, "Total Cost": 2597501.84, "Plan Rows": 357098, "Plan Width": 33, "Inner Unique": true, "Merge Cond": "(a1.person_id = n1.id)", "Plans": [{"Node Type": "Merge Join", "Parent Relationship": "Outer", "Join Type": "Inner", "Startup Cost": 1925666.62, "Total Cost": 1936698.45, "Plan Rows": 357098, "Plan Width": 41, "Inner Unique": false, "Merge Cond": "(ci.person_id = a1.person_id)", "Plans": [{"Node Type": "Sort", "Parent Relationship": "Outer", "Startup Cost": 1799975.38, "Total Cost": 1801751.53, "Plan Rows": 710459, "Plan Width": 21, "Sort Key": ["ci.person_id"], "Plans": [{"Node Type": "Merge Join", "Parent Relationship": "Outer", "Join Type": "Inner", "Startup Cost": 1669816.61, "Total Cost": 1730924.48, "Plan Rows": 710459, "Plan Width": 21, "Inner Unique": true, "Merge Cond": "(ci.movie_id = t.id)", "Plans": [{"Node Type": "Merge Join", "Parent Relationship": "Outer", "Join Type": "Inner", "Startup Cost": 1290578.7, "Total Cost": 1330174.45, "Plan Rows": 711018, "Plan Width": 12, "Inner Unique": false, "Merge Cond": "(mc.movie_id = ci.movie_id)", "Plans": [{"Node Type": "Sort", "Parent Relationship": "Outer", "Startup Cost": 543942.68, "Total Cost": 547148.46, "Plan Rows": 1282311, "Plan Width": 4, "Sort Key": ["mc.movie_id"], "Plans": [{"Node Type": "Merge Join", "Parent Relationship": "Outer", "Join Type": "Inner", "Startup Cost": 387894.59, "Total Cost": 413850.21, "Plan Rows": 1282311, "Plan Width": 4, "Inner Unique": false, "Merge Cond": "(cn.id = mc.company_id)", "Plans": [{"Node Type": "Sort", "Parent Relationship": "Outer", "Startup Cost": 15678.57, "Total Cost": 15891.49, "Plan Rows": 85170, "Plan Width": 4, "Sort Key": ["cn.id"], "Plans": [{"Node Type": "Bitmap Heap Scan", "Parent Relationship": "Outer", "Relation Name": "company_name", "Alias": "cn", "Startup Cost": 2800.52, "Total Cost": 8703.97, "Plan Rows": 85170, "Plan Width": 4, "Filter": "((country_code)::text = '[us]'::text)", "Plans": [{"Node Type": "Bitmap Index Scan", "Parent Relationship": "Outer", "Index Name": "company_name_pkey", "Startup Cost": 0.0, "Total Cost": 2779.23, "Plan Rows": 234996, "Plan Width": 0}]}]}, {"Node Type": "Sort", "Parent Relationship": "Inner", "Startup Cost": 371877.05, "Total Cost": 378399.87, "Plan Rows": 2609128, "Plan Width": 8, "Sort Key": ["mc.company_id"], "Plans": [{"Node Type": "Bitmap Heap Scan", "Parent Relationship": "Outer", "Relation Name": "movie_companies", "Alias": "mc", "Startup Cost": 51990.17, "Total Cost": 93807.45, "Plan Rows": 2609128, "Plan Width": 8, "Plans": [{"Node Type": "Bitmap Index Scan", "Parent Relationship": "Outer", "Index Name": "movie_id_movie_companies", "Startup Cost": 0.0, "Total Cost": 51337.89, "Plan Rows": 2609128, "Plan Width": 0}]}]}]}]}, {"Node Type": "Sort", "Parent Relationship": "Inner", "Startup Cost": 746635.7, "Total Cost": 754876.5, "Plan Rows": 3296318, "Plan Width": 8, "Sort Key": ["ci.movie_id"], "Plans": [{"Node Type": "Nested Loop", "Parent Relationship": "Outer", "Join Type": "Inner", "Startup Cost": 76315.02, "Total Cost": 389769.33, "Plan Rows": 3296318, "Plan Width": 8, "Inner Unique": false, "Plans": [{"Node Type": "Bitmap Heap Scan", "Parent Relationship": "Outer", "Relation Name": "role_type", "Alias": "rt", "Startup Cost": 8.31, "Total Cost": 12.46, "Plan Rows": 1, "Plan Width": 4, "Filter": "((role)::text = 'writer'::text)", "Plans": [{"Node Type": "Bitmap Index Scan", "Parent Relationship": "Outer", "Index Name": "role_type_pkey", "Startup Cost": 0.0, "Total Cost": 8.31, "Plan Rows": 12, "Plan Width": 0}]}, {"Node Type": "Bitmap Heap Scan", "Parent Relationship": "Inner", "Relation Name": "cast_info", "Alias": "ci", "Startup Cost": 76306.71, "Total Cost": 356793.69, "Plan Rows": 3296318, "Plan Width": 12, "Recheck Cond": "(role_id = rt.id), (LLVM Optimized)", "Plans": [{"Node Type": "Bitmap Index Scan", "Parent Relationship": "Outer", "Index Name": "role_id_cast_info", "Startup Cost": 0.0, "Total Cost": 75482.63, "Plan Rows": 3296318, "Plan Width": 0, "Index Cond": "(role_id = rt.id)"}]}]}]}]}, {"Node Type": "Sort", "Parent Relationship": "Inner", "Startup Cost": 379237.61, "Total Cost": 385558.39, "Plan Rows": 2528311, "Plan Width": 21, "Sort Key": ["t.id"], "Plans": [{"Node Type": "Bitmap Heap Scan", "Parent Relationship": "Outer", "Relation Name": "title", "Alias": "t", "Startup Cost": 50285.88, "Total Cost": 110354.99, "Plan Rows": 2528311, "Plan Width": 21, "Plans": [{"Node Type": "Bitmap Index Scan", "Parent Relationship": "Outer", "Index Name": "title_pkey", "Startup Cost": 0.0, "Total Cost": 49653.81, "Plan Rows": 2528311, "Plan Width": 0}]}]}]}]}, {"Node Type": "Sort", "Parent Relationship": "Inner", "Startup Cost": 125691.17, "Total Cost": 127944.52, "Plan Rows": 901342, "Plan Width": 20, "Sort Key": ["a1.person_id"], "Plans": [{"Node Type": "Bitmap Heap Scan", "Parent Relationship": "Outer", "Relation Name": "aka_name", "Alias": "a1", "Startup Cost": 16632.3, "Total Cost": 36540.72, "Plan Rows": 901342, "Plan Width": 20, "Plans": [{"Node Type": "Bitmap Index Scan", "Parent Relationship": "Outer", "Index Name": "person_id_aka_name", "Startup Cost": 0.0, "Total Cost": 16406.96, "Plan Rows": 901342, "Plan Width": 0}]}]}]}, {"Node Type": "Sort", "Parent Relationship": "Inner", "Startup Cost": 635502.57, "Total Cost": 645921.29, "Plan Rows": 4167490, "Plan Width": 4, "Sort Key": ["n1.id"], "Plans": [{"Node Type": "Bitmap Heap Scan", "Parent Relationship": "Outer", "Relation Name": "name", "Alias": "n1", "Startup Cost": 84199.57, "Total Cost": 177271.47, "Plan Rows": 4167490, "Plan Width": 4, "Plans": [{"Node Type": "Bitmap Index Scan", "Parent Relationship": "Outer", "Index Name": "name_pkey", "Startup Cost": 0.0, "Total Cost": 83157.7, "Plan Rows": 4167490, "Plan Width": 0}]}]}]}]}, "Unique SQL Id": 2457761703, "Planner Runtime": 43}, "explain_analyze_plan": null}, "(16, 84)": {"explain_plan": {"Plan": {"Node Type": "Aggregate", "Strategy": "Plain", "Startup Cost": 2357885.97, "Total Cost": 2357885.98, "Plan Rows": 1, "Plan Width": 97, "Plans": [{"Node Type": "Nested Loop", "Parent Relationship": "Outer", "Join Type": "Inner", "Startup Cost": 2183858.78, "Total Cost": 2356100.48, "Plan Rows": 357098, "Plan Width": 33, "Inner Unique": true, "Join Filter": "(a1.person_id = n1.id), (LLVM Optimized)", "Plans": [{"Node Type": "Merge Join", "Parent Relationship": "Outer", "Join Type": "Inner", "Startup Cost": 2183858.78, "Total Cost": 2252581.83, "Plan Rows": 357098, "Plan Width": 41, "Inner Unique": false, "Merge Cond": "(a1.person_id = ci.person_id)", "Plans": [{"Node Type": "Index Scan", "Parent Relationship": "Outer", "Scan Direction": "Forward", "Index Name": "person_id_aka_name", "Relation Name": "aka_name", "Alias": "a1", "Startup Cost": 0.0, "Total Cost": 68965.03, "Plan Rows": 901342, "Plan Width": 20}, {"Node Type": "Sort", "Parent Relationship": "Inner", "Startup Cost": 2183858.71, "Total Cost": 2185634.85, "Plan Rows": 710459, "Plan Width": 21, "Sort Key": ["ci.person_id"], "Plans": [{"Node Type": "Merge Join", "Parent Relationship": "Outer", "Join Type": "Inner", "Startup Cost": 2095152.01, "Total Cost": 2114807.8, "Plan Rows": 710459, "Plan Width": 21, "Inner Unique": false, "Merge Cond": "(rt.id = ci.role_id)", "Plans": [{"Node Type": "Sort", "Parent Relationship": "Outer", "Startup Cost": 1.16, "Total Cost": 1.16, "Plan Rows": 1, "Plan Width": 4, "Sort Key": ["rt.id"], "Plans": [{"Node Type": "Seq Scan", "Parent Relationship": "Outer", "Relation Name": "role_type", "Alias": "rt", "Startup Cost": 0.0, "Total Cost": 1.15, "Plan Rows": 1, "Plan Width": 4, "Filter": "((role)::text = 'writer'::text)"}]}, {"Node Type": "Sort", "Parent Relationship": "Inner", "Startup Cost": 2095150.85, "Total Cost": 2103466.76, "Plan Rows": 3326364, "Plan Width": 25, "Sort Key": ["ci.role_id"], "Plans": [{"Node Type": "Nested Loop", "Parent Relationship": "Outer", "Join Type": "Inner", "Startup Cost": 283828.79, "Total Cost": 1734813.91, "Plan Rows": 3326364, "Plan Width": 25, "Inner Unique": false, "Join Filter": "(t.id = ci.movie_id), (LLVM Optimized)", "Plans": [{"Node Type": "Merge Join", "Parent Relationship": "Outer", "Join Type": "Inner", "Startup Cost": 283828.79, "Total Cost": 419390.55, "Plan Rows": 1282311, "Plan Width": 25, "Inner Unique": false, "Merge Cond": "(t.id = mc.movie_id)", "Plans": [{"Node Type": "Index Scan", "Parent Relationship": "Outer", "Scan Direction": "Forward", "Index Name": "title_pkey", "Relation Name": "title", "Alias": "t", "Startup Cost": 0.0, "Total Cost": 110120.49, "Plan Rows": 2528311, "Plan Width": 21}, {"Node Type": "Sort", "Parent Relationship": "Inner", "Startup Cost": 283826.21, "Total Cost": 287031.99, "Plan Rows": 1282311, "Plan Width": 4, "Sort Key": ["mc.movie_id"], "Plans": [{"Node Type": "Merge Join", "Parent Relationship": "Outer", "Join Type": "Inner", "Startup Cost": 3383.04, "Total Cost": 153733.74, "Plan Rows": 1282311, "Plan Width": 4, "Inner Unique": false, "Merge Cond": "(cn.id = mc.company_id)", "Plans": [{"Node Type": "Index Scan", "Parent Relationship": "Outer", "Scan Direction": "Forward", "Index Name": "company_name_pkey", "Relation Name": "company_name", "Alias": "cn", "Startup Cost": 0.0, "Total Cost": 10501.39, "Plan Rows": 85170, "Plan Width": 4, "Filter": "((country_code)::text = '[us]'::text)"}, {"Node Type": "Index Scan", "Parent Relationship": "Inner", "Scan Direction": "Forward", "Index Name": "company_id_movie_companies", "Relation Name": "movie_companies", "Alias": "mc", "Startup Cost": 0.0, "Total Cost": 123673.5, "Plan Rows": 2609128, "Plan Width": 8}]}]}]}, {"Node Type": "Index Scan", "Parent Relationship": "Inner", "Scan Direction": "Forward", "Index Name": "movie_id_cast_info", "Relation Name": "cast_info", "Alias": "ci", "Startup Cost": 0.0, "Total Cost": 0.95, "Plan Rows": 6, "Plan Width": 12, "Index Cond": "(movie_id = mc.movie_id)"}]}]}]}]}]}, {"Node Type": "Index Scan", "Parent Relationship": "Inner", "Scan Direction": "Forward", "Index Name": "name_pkey", "Relation Name": "name", "Alias": "n1", "Startup Cost": 0.0, "Total Cost": 0.28, "Plan Rows": 1, "Plan Width": 4, "Index Cond": "(id = ci.person_id)"}]}]}, "Unique SQL Id": 2457761703, "Planner Runtime": 33}, "explain_analyze_plan": null}, "(16, 85)": {"explain_plan": {"Plan": {"Node Type": "Aggregate", "Strategy": "Plain", "Startup Cost": 2357897.26, "Total Cost": 2357897.27, "Plan Rows": 1, "Plan Width": 97, "Plans": [{"Node Type": "Nested Loop", "Parent Relationship": "Outer", "Join Type": "Inner", "Startup Cost": 2183870.07, "Total Cost": 2356111.77, "Plan Rows": 357098, "Plan Width": 33, "Inner Unique": true, "Join Filter": "(a1.person_id = n1.id), (LLVM Optimized)", "Plans": [{"Node Type": "Merge Join", "Parent Relationship": "Outer", "Join Type": "Inner", "Startup Cost": 2183870.07, "Total Cost": 2252593.12, "Plan Rows": 357098, "Plan Width": 41, "Inner Unique": false, "Merge Cond": "(a1.person_id = ci.person_id)", "Plans": [{"Node Type": "Index Scan", "Parent Relationship": "Outer", "Scan Direction": "Forward", "Index Name": "person_id_aka_name", "Relation Name": "aka_name", "Alias": "a1", "Startup Cost": 0.0, "Total Cost": 68965.03, "Plan Rows": 901342, "Plan Width": 20}, {"Node Type": "Sort", "Parent Relationship": "Inner", "Startup Cost": 2183870.0, "Total Cost": 2185646.15, "Plan Rows": 710459, "Plan Width": 21, "Sort Key": ["ci.person_id"], "Plans": [{"Node Type": "Merge Join", "Parent Relationship": "Outer", "Join Type": "Inner", "Startup Cost": 2095150.85, "Total Cost": 2114819.1, "Plan Rows": 710459, "Plan Width": 21, "Inner Unique": false, "Merge Cond": "(rt.id = ci.role_id)", "Plans": [{"Node Type": "Index Scan", "Parent Relationship": "Outer", "Scan Direction": "Forward", "Index Name": "role_type_pkey", "Relation Name": "role_type", "Alias": "rt", "Startup Cost": 0.0, "Total Cost": 12.46, "Plan Rows": 1, "Plan Width": 4, "Filter": "((role)::text = 'writer'::text)"}, {"Node Type": "Sort", "Parent Relationship": "Inner", "Startup Cost": 2095150.85, "Total Cost": 2103466.76, "Plan Rows": 3326364, "Plan Width": 25, "Sort Key": ["ci.role_id"], "Plans": [{"Node Type": "Nested Loop", "Parent Relationship": "Outer", "Join Type": "Inner", "Startup Cost": 283828.79, "Total Cost": 1734813.91, "Plan Rows": 3326364, "Plan Width": 25, "Inner Unique": false, "Join Filter": "(t.id = ci.movie_id), (LLVM Optimized)", "Plans": [{"Node Type": "Merge Join", "Parent Relationship": "Outer", "Join Type": "Inner", "Startup Cost": 283828.79, "Total Cost": 419390.55, "Plan Rows": 1282311, "Plan Width": 25, "Inner Unique": false, "Merge Cond": "(t.id = mc.movie_id)", "Plans": [{"Node Type": "Index Scan", "Parent Relationship": "Outer", "Scan Direction": "Forward", "Index Name": "title_pkey", "Relation Name": "title", "Alias": "t", "Startup Cost": 0.0, "Total Cost": 110120.49, "Plan Rows": 2528311, "Plan Width": 21}, {"Node Type": "Sort", "Parent Relationship": "Inner", "Startup Cost": 283826.21, "Total Cost": 287031.99, "Plan Rows": 1282311, "Plan Width": 4, "Sort Key": ["mc.movie_id"], "Plans": [{"Node Type": "Merge Join", "Parent Relationship": "Outer", "Join Type": "Inner", "Startup Cost": 3383.04, "Total Cost": 153733.74, "Plan Rows": 1282311, "Plan Width": 4, "Inner Unique": false, "Merge Cond": "(cn.id = mc.company_id)", "Plans": [{"Node Type": "Index Scan", "Parent Relationship": "Outer", "Scan Direction": "Forward", "Index Name": "company_name_pkey", "Relation Name": "company_name", "Alias": "cn", "Startup Cost": 0.0, "Total Cost": 10501.39, "Plan Rows": 85170, "Plan Width": 4, "Filter": "((country_code)::text = '[us]'::text)"}, {"Node Type": "Index Scan", "Parent Relationship": "Inner", "Scan Direction": "Forward", "Index Name": "company_id_movie_companies", "Relation Name": "movie_companies", "Alias": "mc", "Startup Cost": 0.0, "Total Cost": 123673.5, "Plan Rows": 2609128, "Plan Width": 8}]}]}]}, {"Node Type": "Index Scan", "Parent Relationship": "Inner", "Scan Direction": "Forward", "Index Name": "movie_id_cast_info", "Relation Name": "cast_info", "Alias": "ci", "Startup Cost": 0.0, "Total Cost": 0.95, "Plan Rows": 6, "Plan Width": 12, "Index Cond": "(movie_id = mc.movie_id)"}]}]}]}]}]}, {"Node Type": "Index Scan", "Parent Relationship": "Inner", "Scan Direction": "Forward", "Index Name": "name_pkey", "Relation Name": "name", "Alias": "n1", "Startup Cost": 0.0, "Total Cost": 0.28, "Plan Rows": 1, "Plan Width": 4, "Index Cond": "(id = ci.person_id)"}]}]}, "Unique SQL Id": 2457761703, "Planner Runtime": 44}, "explain_analyze_plan": null}, "(16, 86)": {"explain_plan": {"Plan": {"Node Type": "Aggregate", "Strategy": "Plain", "Startup Cost": 7018604.77, "Total Cost": 7018604.78, "Plan Rows": 1, "Plan Width": 97, "Plans": [{"Node Type": "Nested Loop", "Parent Relationship": "Outer", "Join Type": "Inner", "Startup Cost": 5475388.98, "Total Cost": 7016819.28, "Plan Rows": 357098, "Plan Width": 33, "Inner Unique": true, "Plans": [{"Node Type": "Merge Join", "Parent Relationship": "Outer", "Join Type": "Inner", "Startup Cost": 5475388.72, "Total Cost": 5486783.02, "Plan Rows": 357379, "Plan Width": 24, "Inner Unique": false, "Merge Cond": "(a1.person_id = ci.person_id)", "Plans": [{"Node Type": "Sort", "Parent Relationship": "Outer", "Startup Cost": 4045136.62, "Total Cost": 4047389.97, "Plan Rows": 901342, "Plan Width": 24, "Sort Key": ["a1.person_id"], "Plans": [{"Node Type": "Nested Loop", "Parent Relationship": "Outer", "Join Type": "Inner", "Startup Cost": 0.33, "Total Cost": 3955986.16, "Plan Rows": 901342, "Plan Width": 24, "Inner Unique": true, "Plans": [{"Node Type": "Streaming(type: LOCAL GATHER dop: 1/16)", "Parent Relationship": "Outer", "Startup Cost": 0.0, "Total Cost": 35697.07, "Plan Rows": 901342, "Plan Width": 20, "Plans": [{"Node Type": "Seq Scan", "Parent Relationship": "Outer", "Relation Name": "aka_name", "Alias": "a1", "Startup Cost": 0.0, "Total Cost": 16244.28, "Plan Rows": 901342, "Plan Width": 20}]}, {"Node Type": "Bitmap Heap Scan", "Parent Relationship": "Inner", "Relation Name": "name", "Alias": "n1", "Startup Cost": 0.33, "Total Cost": 4.34, "Plan Rows": 1, "Plan Width": 4, "Recheck Cond": "(id = a1.person_id)", "Plans": [{"Node Type": "Bitmap Index Scan", "Parent Relationship": "Outer", "Index Name": "name_pkey", "Startup Cost": 0.0, "Total Cost": 0.33, "Plan Rows": 1, "Plan Width": 0, "Index Cond": "(id = a1.person_id)"}]}]}]}, {"Node Type": "Sort", "Parent Relationship": "Inner", "Startup Cost": 1430252.03, "Total Cost": 1432029.58, "Plan Rows": 711018, "Plan Width": 12, "Sort Key": ["ci.person_id"], "Plans": [{"Node Type": "Merge Join", "Parent Relationship": "Outer", "Join Type": "Inner", "Startup Cost": 1321547.02, "Total Cost": 1361142.77, "Plan Rows": 711018, "Plan Width": 12, "Inner Unique": false, "Merge Cond": "(mc.movie_id = ci.movie_id)", "Plans": [{"Node Type": "Sort", "Parent Relationship": "Outer", "Startup Cost": 574922.31, "Total Cost": 578128.08, "Plan Rows": 1282311, "Plan Width": 4, "Sort Key": ["mc.movie_id"], "Plans": [{"Node Type": "Nested Loop", "Parent Relationship": "Outer", "Join Type": "Inner", "Startup Cost": 0.82, "Total Cost": 444829.84, "Plan Rows": 1282311, "Plan Width": 4, "Inner Unique": false, "Plans": [{"Node Type": "Seq Scan", "Parent Relationship": "Outer", "Relation Name": "company_name", "Alias": "cn", "Startup Cost": 0.0, "Total Cost": 5903.45, "Plan Rows": 85170, "Plan Width": 4, "Filter": "((country_code)::text = '[us]'::text)"}, {"Node Type": "Bitmap Heap Scan", "Parent Relationship": "Inner", "Relation Name": "movie_companies", "Alias": "mc", "Startup Cost": 0.82, "Total Cost": 5.0, "Plan Rows": 15, "Plan Width": 8, "Recheck Cond": "(company_id = cn.id)", "Plans": [{"Node Type": "Bitmap Index Scan", "Parent Relationship": "Outer", "Index Name": "company_id_movie_companies", "Startup Cost": 0.0, "Total Cost": 0.81, "Plan Rows": 15, "Plan Width": 0, "Index Cond": "(company_id = cn.id)"}]}]}]}, {"Node Type": "Sort", "Parent Relationship": "Inner", "Startup Cost": 746624.39, "Total Cost": 754865.19, "Plan Rows": 3296318, "Plan Width": 8, "Sort Key": ["ci.movie_id"], "Plans": [{"Node Type": "Nested Loop", "Parent Relationship": "Outer", "Join Type": "Inner", "Startup Cost": 76306.71, "Total Cost": 389758.02, "Plan Rows": 3296318, "Plan Width": 8, "Inner Unique": false, "Plans": [{"Node Type": "Seq Scan", "Parent Relationship": "Outer", "Relation Name": "role_type", "Alias": "rt", "Startup Cost": 0.0, "Total Cost": 1.15, "Plan Rows": 1, "Plan Width": 4, "Filter": "((role)::text = 'writer'::text)"}, {"Node Type": "Bitmap Heap Scan", "Parent Relationship": "Inner", "Relation Name": "cast_info", "Alias": "ci", "Startup Cost": 76306.71, "Total Cost": 356793.69, "Plan Rows": 3296318, "Plan Width": 12, "Recheck Cond": "(role_id = rt.id), (LLVM Optimized)", "Plans": [{"Node Type": "Bitmap Index Scan", "Parent Relationship": "Outer", "Index Name": "role_id_cast_info", "Startup Cost": 0.0, "Total Cost": 75482.63, "Plan Rows": 3296318, "Plan Width": 0, "Index Cond": "(role_id = rt.id)"}]}]}]}]}]}]}, {"Node Type": "Bitmap Heap Scan", "Parent Relationship": "Inner", "Relation Name": "title", "Alias": "t", "Startup Cost": 0.26, "Total Cost": 4.27, "Plan Rows": 1, "Plan Width": 21, "Recheck Cond": "(id = ci.movie_id)", "Plans": [{"Node Type": "Bitmap Index Scan", "Parent Relationship": "Outer", "Index Name": "title_pkey", "Startup Cost": 0.0, "Total Cost": 0.26, "Plan Rows": 1, "Plan Width": 0, "Index Cond": "(id = ci.movie_id)"}]}]}]}, "Unique SQL Id": 2457761703, "Planner Runtime": 31}, "explain_analyze_plan": null}, "(16, 87)": {"explain_plan": {"Plan": {"Node Type": "Aggregate", "Strategy": "Plain", "Startup Cost": 2599287.33, "Total Cost": 2599287.34, "Plan Rows": 1, "Plan Width": 97, "Plans": [{"Node Type": "Merge Join", "Parent Relationship": "Outer", "Join Type": "Inner", "Startup Cost": 2561169.56, "Total Cost": 2597501.84, "Plan Rows": 357098, "Plan Width": 33, "Inner Unique": true, "Merge Cond": "(a1.person_id = n1.id)", "Plans": [{"Node Type": "Merge Join", "Parent Relationship": "Outer", "Join Type": "Inner", "Startup Cost": 1925666.62, "Total Cost": 1936698.45, "Plan Rows": 357098, "Plan Width": 41, "Inner Unique": false, "Merge Cond": "(ci.person_id = a1.person_id)", "Plans": [{"Node Type": "Sort", "Parent Relationship": "Outer", "Startup Cost": 1799975.38, "Total Cost": 1801751.53, "Plan Rows": 710459, "Plan Width": 21, "Sort Key": ["ci.person_id"], "Plans": [{"Node Type": "Merge Join", "Parent Relationship": "Outer", "Join Type": "Inner", "Startup Cost": 1669816.61, "Total Cost": 1730924.48, "Plan Rows": 710459, "Plan Width": 21, "Inner Unique": true, "Merge Cond": "(ci.movie_id = t.id)", "Plans": [{"Node Type": "Merge Join", "Parent Relationship": "Outer", "Join Type": "Inner", "Startup Cost": 1290578.7, "Total Cost": 1330174.45, "Plan Rows": 711018, "Plan Width": 12, "Inner Unique": false, "Merge Cond": "(mc.movie_id = ci.movie_id)", "Plans": [{"Node Type": "Sort", "Parent Relationship": "Outer", "Startup Cost": 543942.68, "Total Cost": 547148.46, "Plan Rows": 1282311, "Plan Width": 4, "Sort Key": ["mc.movie_id"], "Plans": [{"Node Type": "Merge Join", "Parent Relationship": "Outer", "Join Type": "Inner", "Startup Cost": 387894.59, "Total Cost": 413850.21, "Plan Rows": 1282311, "Plan Width": 4, "Inner Unique": false, "Merge Cond": "(cn.id = mc.company_id)", "Plans": [{"Node Type": "Sort", "Parent Relationship": "Outer", "Startup Cost": 15678.57, "Total Cost": 15891.49, "Plan Rows": 85170, "Plan Width": 4, "Sort Key": ["cn.id"], "Plans": [{"Node Type": "Bitmap Heap Scan", "Parent Relationship": "Outer", "Relation Name": "company_name", "Alias": "cn", "Startup Cost": 2800.52, "Total Cost": 8703.97, "Plan Rows": 85170, "Plan Width": 4, "Filter": "((country_code)::text = '[us]'::text)", "Plans": [{"Node Type": "Bitmap Index Scan", "Parent Relationship": "Outer", "Index Name": "company_name_pkey", "Startup Cost": 0.0, "Total Cost": 2779.23, "Plan Rows": 234996, "Plan Width": 0}]}]}, {"Node Type": "Sort", "Parent Relationship": "Inner", "Startup Cost": 371877.05, "Total Cost": 378399.87, "Plan Rows": 2609128, "Plan Width": 8, "Sort Key": ["mc.company_id"], "Plans": [{"Node Type": "Bitmap Heap Scan", "Parent Relationship": "Outer", "Relation Name": "movie_companies", "Alias": "mc", "Startup Cost": 51990.17, "Total Cost": 93807.45, "Plan Rows": 2609128, "Plan Width": 8, "Plans": [{"Node Type": "Bitmap Index Scan", "Parent Relationship": "Outer", "Index Name": "movie_id_movie_companies", "Startup Cost": 0.0, "Total Cost": 51337.89, "Plan Rows": 2609128, "Plan Width": 0}]}]}]}]}, {"Node Type": "Sort", "Parent Relationship": "Inner", "Startup Cost": 746635.7, "Total Cost": 754876.5, "Plan Rows": 3296318, "Plan Width": 8, "Sort Key": ["ci.movie_id"], "Plans": [{"Node Type": "Nested Loop", "Parent Relationship": "Outer", "Join Type": "Inner", "Startup Cost": 76315.02, "Total Cost": 389769.33, "Plan Rows": 3296318, "Plan Width": 8, "Inner Unique": false, "Plans": [{"Node Type": "Bitmap Heap Scan", "Parent Relationship": "Outer", "Relation Name": "role_type", "Alias": "rt", "Startup Cost": 8.31, "Total Cost": 12.46, "Plan Rows": 1, "Plan Width": 4, "Filter": "((role)::text = 'writer'::text)", "Plans": [{"Node Type": "Bitmap Index Scan", "Parent Relationship": "Outer", "Index Name": "role_type_pkey", "Startup Cost": 0.0, "Total Cost": 8.31, "Plan Rows": 12, "Plan Width": 0}]}, {"Node Type": "Bitmap Heap Scan", "Parent Relationship": "Inner", "Relation Name": "cast_info", "Alias": "ci", "Startup Cost": 76306.71, "Total Cost": 356793.69, "Plan Rows": 3296318, "Plan Width": 12, "Recheck Cond": "(role_id = rt.id), (LLVM Optimized)", "Plans": [{"Node Type": "Bitmap Index Scan", "Parent Relationship": "Outer", "Index Name": "role_id_cast_info", "Startup Cost": 0.0, "Total Cost": 75482.63, "Plan Rows": 3296318, "Plan Width": 0, "Index Cond": "(role_id = rt.id)"}]}]}]}]}, {"Node Type": "Sort", "Parent Relationship": "Inner", "Startup Cost": 379237.61, "Total Cost": 385558.39, "Plan Rows": 2528311, "Plan Width": 21, "Sort Key": ["t.id"], "Plans": [{"Node Type": "Bitmap Heap Scan", "Parent Relationship": "Outer", "Relation Name": "title", "Alias": "t", "Startup Cost": 50285.88, "Total Cost": 110354.99, "Plan Rows": 2528311, "Plan Width": 21, "Plans": [{"Node Type": "Bitmap Index Scan", "Parent Relationship": "Outer", "Index Name": "title_pkey", "Startup Cost": 0.0, "Total Cost": 49653.81, "Plan Rows": 2528311, "Plan Width": 0}]}]}]}]}, {"Node Type": "Sort", "Parent Relationship": "Inner", "Startup Cost": 125691.17, "Total Cost": 127944.52, "Plan Rows": 901342, "Plan Width": 20, "Sort Key": ["a1.person_id"], "Plans": [{"Node Type": "Bitmap Heap Scan", "Parent Relationship": "Outer", "Relation Name": "aka_name", "Alias": "a1", "Startup Cost": 16632.3, "Total Cost": 36540.72, "Plan Rows": 901342, "Plan Width": 20, "Plans": [{"Node Type": "Bitmap Index Scan", "Parent Relationship": "Outer", "Index Name": "person_id_aka_name", "Startup Cost": 0.0, "Total Cost": 16406.96, "Plan Rows": 901342, "Plan Width": 0}]}]}]}, {"Node Type": "Sort", "Parent Relationship": "Inner", "Startup Cost": 635502.57, "Total Cost": 645921.29, "Plan Rows": 4167490, "Plan Width": 4, "Sort Key": ["n1.id"], "Plans": [{"Node Type": "Bitmap Heap Scan", "Parent Relationship": "Outer", "Relation Name": "name", "Alias": "n1", "Startup Cost": 84199.57, "Total Cost": 177271.47, "Plan Rows": 4167490, "Plan Width": 4, "Plans": [{"Node Type": "Bitmap Index Scan", "Parent Relationship": "Outer", "Index Name": "name_pkey", "Startup Cost": 0.0, "Total Cost": 83157.7, "Plan Rows": 4167490, "Plan Width": 0}]}]}]}]}, "Unique SQL Id": 2457761703, "Planner Runtime": 42}, "explain_analyze_plan": null}, "(16, 88)": {"explain_plan": {"Plan": {"Node Type": "Aggregate", "Strategy": "Plain", "Startup Cost": 2355861.25, "Total Cost": 2355861.26, "Plan Rows": 1, "Plan Width": 97, "Plans": [{"Node Type": "Nested Loop", "Parent Relationship": "Outer", "Join Type": "Inner", "Startup Cost": 2183858.78, "Total Cost": 2354075.76, "Plan Rows": 357098, "Plan Width": 33, "Inner Unique": true, "Join Filter": "(a1.person_id = n1.id), (LLVM Optimized)", "Plans": [{"Node Type": "Merge Join", "Parent Relationship": "Outer", "Join Type": "Inner", "Startup Cost": 2183858.78, "Total Cost": 2252581.83, "Plan Rows": 357098, "Plan Width": 41, "Inner Unique": false, "Merge Cond": "(a1.person_id = ci.person_id)", "Plans": [{"Node Type": "Index Scan", "Parent Relationship": "Outer", "Scan Direction": "Forward", "Index Name": "person_id_aka_name", "Relation Name": "aka_name", "Alias": "a1", "Startup Cost": 0.0, "Total Cost": 68965.03, "Plan Rows": 901342, "Plan Width": 20}, {"Node Type": "Sort", "Parent Relationship": "Inner", "Startup Cost": 2183858.71, "Total Cost": 2185634.85, "Plan Rows": 710459, "Plan Width": 21, "Sort Key": ["ci.person_id"], "Plans": [{"Node Type": "Merge Join", "Parent Relationship": "Outer", "Join Type": "Inner", "Startup Cost": 2095152.01, "Total Cost": 2114807.8, "Plan Rows": 710459, "Plan Width": 21, "Inner Unique": false, "Merge Cond": "(rt.id = ci.role_id)", "Plans": [{"Node Type": "Sort", "Parent Relationship": "Outer", "Startup Cost": 1.16, "Total Cost": 1.16, "Plan Rows": 1, "Plan Width": 4, "Sort Key": ["rt.id"], "Plans": [{"Node Type": "Seq Scan", "Parent Relationship": "Outer", "Relation Name": "role_type", "Alias": "rt", "Startup Cost": 0.0, "Total Cost": 1.15, "Plan Rows": 1, "Plan Width": 4, "Filter": "((role)::text = 'writer'::text)"}]}, {"Node Type": "Sort", "Parent Relationship": "Inner", "Startup Cost": 2095150.85, "Total Cost": 2103466.76, "Plan Rows": 3326364, "Plan Width": 25, "Sort Key": ["ci.role_id"], "Plans": [{"Node Type": "Nested Loop", "Parent Relationship": "Outer", "Join Type": "Inner", "Startup Cost": 283828.79, "Total Cost": 1734813.91, "Plan Rows": 3326364, "Plan Width": 25, "Inner Unique": false, "Join Filter": "(t.id = ci.movie_id), (LLVM Optimized)", "Plans": [{"Node Type": "Merge Join", "Parent Relationship": "Outer", "Join Type": "Inner", "Startup Cost": 283828.79, "Total Cost": 419390.55, "Plan Rows": 1282311, "Plan Width": 25, "Inner Unique": false, "Merge Cond": "(t.id = mc.movie_id)", "Plans": [{"Node Type": "Index Scan", "Parent Relationship": "Outer", "Scan Direction": "Forward", "Index Name": "title_pkey", "Relation Name": "title", "Alias": "t", "Startup Cost": 0.0, "Total Cost": 110120.49, "Plan Rows": 2528311, "Plan Width": 21}, {"Node Type": "Sort", "Parent Relationship": "Inner", "Startup Cost": 283826.21, "Total Cost": 287031.99, "Plan Rows": 1282311, "Plan Width": 4, "Sort Key": ["mc.movie_id"], "Plans": [{"Node Type": "Merge Join", "Parent Relationship": "Outer", "Join Type": "Inner", "Startup Cost": 3383.04, "Total Cost": 153733.74, "Plan Rows": 1282311, "Plan Width": 4, "Inner Unique": false, "Merge Cond": "(cn.id = mc.company_id)", "Plans": [{"Node Type": "Index Scan", "Parent Relationship": "Outer", "Scan Direction": "Forward", "Index Name": "company_name_pkey", "Relation Name": "company_name", "Alias": "cn", "Startup Cost": 0.0, "Total Cost": 10501.39, "Plan Rows": 85170, "Plan Width": 4, "Filter": "((country_code)::text = '[us]'::text)"}, {"Node Type": "Index Scan", "Parent Relationship": "Inner", "Scan Direction": "Forward", "Index Name": "company_id_movie_companies", "Relation Name": "movie_companies", "Alias": "mc", "Startup Cost": 0.0, "Total Cost": 123673.5, "Plan Rows": 2609128, "Plan Width": 8}]}]}]}, {"Node Type": "Index Scan", "Parent Relationship": "Inner", "Scan Direction": "Forward", "Index Name": "movie_id_cast_info", "Relation Name": "cast_info", "Alias": "ci", "Startup Cost": 0.0, "Total Cost": 0.95, "Plan Rows": 6, "Plan Width": 12, "Index Cond": "(movie_id = mc.movie_id)"}]}]}]}]}]}, {"Node Type": "Index Only Scan", "Parent Relationship": "Inner", "Scan Direction": "Forward", "Index Name": "name_pkey", "Relation Name": "name", "Alias": "n1", "Startup Cost": 0.0, "Total Cost": 0.27, "Plan Rows": 1, "Plan Width": 4, "Index Cond": "(id = ci.person_id)"}]}]}, "Unique SQL Id": 2457761703, "Planner Runtime": 34}, "explain_analyze_plan": null}, "(16, 89)": {"explain_plan": {"Plan": {"Node Type": "Aggregate", "Strategy": "Plain", "Startup Cost": 2355872.55, "Total Cost": 2355872.56, "Plan Rows": 1, "Plan Width": 97, "Plans": [{"Node Type": "Nested Loop", "Parent Relationship": "Outer", "Join Type": "Inner", "Startup Cost": 2183870.07, "Total Cost": 2354087.06, "Plan Rows": 357098, "Plan Width": 33, "Inner Unique": true, "Join Filter": "(a1.person_id = n1.id), (LLVM Optimized)", "Plans": [{"Node Type": "Merge Join", "Parent Relationship": "Outer", "Join Type": "Inner", "Startup Cost": 2183870.07, "Total Cost": 2252593.12, "Plan Rows": 357098, "Plan Width": 41, "Inner Unique": false, "Merge Cond": "(ci.person_id = a1.person_id)", "Plans": [{"Node Type": "Sort", "Parent Relationship": "Outer", "Startup Cost": 2183870.0, "Total Cost": 2185646.15, "Plan Rows": 710459, "Plan Width": 21, "Sort Key": ["ci.person_id"], "Plans": [{"Node Type": "Merge Join", "Parent Relationship": "Outer", "Join Type": "Inner", "Startup Cost": 2095150.85, "Total Cost": 2114819.1, "Plan Rows": 710459, "Plan Width": 21, "Inner Unique": false, "Merge Cond": "(rt.id = ci.role_id)", "Plans": [{"Node Type": "Index Scan", "Parent Relationship": "Outer", "Scan Direction": "Forward", "Index Name": "role_type_pkey", "Relation Name": "role_type", "Alias": "rt", "Startup Cost": 0.0, "Total Cost": 12.46, "Plan Rows": 1, "Plan Width": 4, "Filter": "((role)::text = 'writer'::text)"}, {"Node Type": "Sort", "Parent Relationship": "Inner", "Startup Cost": 2095150.85, "Total Cost": 2103466.76, "Plan Rows": 3326364, "Plan Width": 25, "Sort Key": ["ci.role_id"], "Plans": [{"Node Type": "Nested Loop", "Parent Relationship": "Outer", "Join Type": "Inner", "Startup Cost": 283828.79, "Total Cost": 1734813.91, "Plan Rows": 3326364, "Plan Width": 25, "Inner Unique": false, "Join Filter": "(t.id = ci.movie_id), (LLVM Optimized)", "Plans": [{"Node Type": "Merge Join", "Parent Relationship": "Outer", "Join Type": "Inner", "Startup Cost": 283828.79, "Total Cost": 419390.55, "Plan Rows": 1282311, "Plan Width": 25, "Inner Unique": false, "Merge Cond": "(t.id = mc.movie_id)", "Plans": [{"Node Type": "Index Scan", "Parent Relationship": "Outer", "Scan Direction": "Forward", "Index Name": "title_pkey", "Relation Name": "title", "Alias": "t", "Startup Cost": 0.0, "Total Cost": 110120.49, "Plan Rows": 2528311, "Plan Width": 21}, {"Node Type": "Sort", "Parent Relationship": "Inner", "Startup Cost": 283826.21, "Total Cost": 287031.99, "Plan Rows": 1282311, "Plan Width": 4, "Sort Key": ["mc.movie_id"], "Plans": [{"Node Type": "Merge Join", "Parent Relationship": "Outer", "Join Type": "Inner", "Startup Cost": 3383.04, "Total Cost": 153733.74, "Plan Rows": 1282311, "Plan Width": 4, "Inner Unique": false, "Merge Cond": "(cn.id = mc.company_id)", "Plans": [{"Node Type": "Index Scan", "Parent Relationship": "Outer", "Scan Direction": "Forward", "Index Name": "company_name_pkey", "Relation Name": "company_name", "Alias": "cn", "Startup Cost": 0.0, "Total Cost": 10501.39, "Plan Rows": 85170, "Plan Width": 4, "Filter": "((country_code)::text = '[us]'::text)"}, {"Node Type": "Index Scan", "Parent Relationship": "Inner", "Scan Direction": "Forward", "Index Name": "company_id_movie_companies", "Relation Name": "movie_companies", "Alias": "mc", "Startup Cost": 0.0, "Total Cost": 123673.5, "Plan Rows": 2609128, "Plan Width": 8}]}]}]}, {"Node Type": "Index Scan", "Parent Relationship": "Inner", "Scan Direction": "Forward", "Index Name": "movie_id_cast_info", "Relation Name": "cast_info", "Alias": "ci", "Startup Cost": 0.0, "Total Cost": 0.95, "Plan Rows": 6, "Plan Width": 12, "Index Cond": "(movie_id = mc.movie_id)"}]}]}]}]}, {"Node Type": "Index Scan", "Parent Relationship": "Inner", "Scan Direction": "Forward", "Index Name": "person_id_aka_name", "Relation Name": "aka_name", "Alias": "a1", "Startup Cost": 0.0, "Total Cost": 68965.03, "Plan Rows": 901342, "Plan Width": 20}]}, {"Node Type": "Index Only Scan", "Parent Relationship": "Inner", "Scan Direction": "Forward", "Index Name": "name_pkey", "Relation Name": "name", "Alias": "n1", "Startup Cost": 0.0, "Total Cost": 0.27, "Plan Rows": 1, "Plan Width": 4, "Index Cond": "(id = ci.person_id)"}]}]}, "Unique SQL Id": 2457761703, "Planner Runtime": 40}, "explain_analyze_plan": null}, "(16, 90)": {"explain_plan": {"Plan": {"Node Type": "Aggregate", "Strategy": "Plain", "Startup Cost": 32370899884003.52, "Total Cost": 32370899884003.54, "Plan Rows": 1, "Plan Width": 97, "Plans": [{"Node Type": "Streaming(type: LOCAL GATHER dop: 1/16)", "Parent Relationship": "Outer", "Startup Cost": 32370899884003.52, "Total Cost": 32370899884003.54, "Plan Rows": 1, "Plan Width": 97, "Plans": [{"Node Type": "Aggregate", "Strategy": "Plain", "Parent Relationship": "Outer", "Startup Cost": 32370899884003.52, "Total Cost": 32370899884003.53, "Plan Rows": 1, "Plan Width": 97, "Plans": [{"Node Type": "Nested Loop", "Parent Relationship": "Outer", "Join Type": "Inner", "Startup Cost": 60000000000.0, "Total Cost": 32370899882218.03, "Plan Rows": 357098, "Plan Width": 33, "Inner Unique": false, "Join Filter": "(t.id = ci.movie_id), (LLVM Optimized)", "Plans": [{"Node Type": "Streaming(type: LOCAL REDISTRIBUTE dop: 16/16)", "Parent Relationship": "Outer", "Startup Cost": 20000000000.0, "Total Cost": 1103209073418.1, "Plan Rows": 1282311, "Plan Width": 25, "Plans": [{"Node Type": "Nested Loop", "Parent Relationship": "Outer", "Join Type": "Inner", "Startup Cost": 20000000000.0, "Total Cost": 1103209053559.35, "Plan Rows": 1282311, "Plan Width": 25, "Inner Unique": false, "Join Filter": "(mc.movie_id = t.id), (LLVM Optimized)", "Plans": [{"Node Type": "Streaming(type: LOCAL REDISTRIBUTE dop: 16/16)", "Parent Relationship": "Outer", "Startup Cost": 0.0, "Total Cost": 43334.25, "Plan Rows": 2528311, "Plan Width": 21, "Plans": [{"Node Type": "Seq Scan", "Parent Relationship": "Outer", "Relation Name": "title", "Alias": "t", "Startup Cost": 0.0, "Total Cost": 18754.32, "Plan Rows": 2528311, "Plan Width": 21}]}, {"Node Type": "Materialize", "Parent Relationship": "Inner", "Startup Cost": 10000000000.0, "Total Cost": 100130896538.06, "Plan Rows": 1282311, "Plan Width": 4, "Plans": [{"Node Type": "Streaming(type: LOCAL REDISTRIBUTE dop: 16/16)", "Parent Relationship": "Outer", "Startup Cost": 10000000000.0, "Total Cost": 100130896137.34, "Plan Rows": 1282311, "Plan Width": 4, "Plans": [{"Node Type": "Nested Loop", "Parent Relationship": "Outer", "Join Type": "Inner", "Startup Cost": 10000000000.0, "Total Cost": 100130876278.58, "Plan Rows": 1282311, "Plan Width": 4, "Inner Unique": true, "Join Filter": "(cn.id = mc.company_id), (LLVM Optimized)", "Plans": [{"Node Type": "Streaming(type: LOCAL REDISTRIBUTE dop: 16/16)", "Parent Relationship": "Outer", "Startup Cost": 0.0, "Total Cost": 42499.73, "Plan Rows": 2609128, "Plan Width": 8, "Plans": [{"Node Type": "Seq Scan", "Parent Relationship": "Outer", "Relation Name": "movie_companies", "Alias": "mc", "Startup Cost": 0.0, "Total Cost": 17613.58, "Plan Rows": 2609128, "Plan Width": 8}]}, {"Node Type": "Materialize", "Parent Relationship": "Inner", "Startup Cost": 0.0, "Total Cost": 24471.61, "Plan Rows": 85170, "Plan Width": 4, "Plans": [{"Node Type": "Streaming(type: LOCAL REDISTRIBUTE dop: 16/1)", "Parent Relationship": "Outer", "Startup Cost": 0.0, "Total Cost": 24444.99, "Plan Rows": 85170, "Plan Width": 4, "Plans": [{"Node Type": "Seq Scan", "Parent Relationship": "Outer", "Relation Name": "company_name", "Alias": "cn", "Startup Cost": 0.0, "Total Cost": 5903.45, "Plan Rows": 85170, "Plan Width": 4, "Filter": "((country_code)::text = '[us]'::text)"}]}]}]}]}]}]}]}, {"Node Type": "Materialize", "Parent Relationship": "Inner", "Startup Cost": 30000000000.0, "Total Cost": 2123769369907.37, "Plan Rows": 1484588, "Plan Width": 20, "Plans": [{"Node Type": "Streaming(type: LOCAL REDISTRIBUTE dop: 16/16)", "Parent Relationship": "Outer", "Startup Cost": 30000000000.0, "Total Cost": 2123769369443.44, "Plan Rows": 1484588, "Plan Width": 20, "Plans": [{"Node Type": "Nested Loop", "Parent Relationship": "Outer", "Join Type": "Inner", "Startup Cost": 30000000000.0, "Total Cost": 2123769348818.24, "Plan Rows": 1484588, "Plan Width": 20, "Inner Unique": false, "Join Filter": "(a1.person_id = ci.person_id), (LLVM Optimized)", "Plans": [{"Node Type": "Streaming(type: LOCAL REDISTRIBUTE dop: 16/16)", "Parent Relationship": "Outer", "Startup Cost": 10000000000.0, "Total Cost": 100000986955.92, "Plan Rows": 3296318, "Plan Width": 8, "Plans": [{"Node Type": "Nested Loop", "Parent Relationship": "Outer", "Join Type": "Inner", "Startup Cost": 10000000000.0, "Total Cost": 100000959465.96, "Plan Rows": 3296318, "Plan Width": 8, "Inner Unique": false, "Join Filter": "(ci.role_id = rt.id), (LLVM Optimized)", "Plans": [{"Node Type": "Streaming(type: BROADCAST dop: 16/1)", "Parent Relationship": "Outer", "Startup Cost": 0.0, "Total Cost": 15001.5, "Plan Rows": 16, "Plan Width": 4, "Plans": [{"Node Type": "Seq Scan", "Parent Relationship": "Outer", "Relation Name": "role_type", "Alias": "rt", "Startup Cost": 0.0, "Total Cost": 1.15, "Plan Rows": 1, "Plan Width": 4, "Filter": "((role)::text = 'writer'::text)"}]}, {"Node Type": "Seq Scan", "Parent Relationship": "Inner", "Relation Name": "cast_info", "Alias": "ci", "Startup Cost": 0.0, "Total Cost": 52617.37, "Plan Rows": 36259494, "Plan Width": 12}]}]}, {"Node Type": "Materialize", "Parent Relationship": "Inner", "Startup Cost": 10000000000.0, "Total Cost": 102201859598.46, "Plan Rows": 901342, "Plan Width": 24, "Plans": [{"Node Type": "Streaming(type: LOCAL REDISTRIBUTE dop: 16/16)", "Parent Relationship": "Outer", "Startup Cost": 10000000000.0, "Total Cost": 102201859316.79, "Plan Rows": 901342, "Plan Width": 24, "Plans": [{"Node Type": "Nested Loop", "Parent Relationship": "Outer", "Join Type": "Inner", "Startup Cost": 10000000000.0, "Total Cost": 102201840901.54, "Plan Rows": 901342, "Plan Width": 24, "Inner Unique": false, "Join Filter": "(a1.person_id = n1.id), (LLVM Optimized)", "Plans": [{"Node Type": "Streaming(type: LOCAL REDISTRIBUTE dop: 16/16)", "Parent Relationship": "Outer", "Startup Cost": 0.0, "Total Cost": 51607.87, "Plan Rows": 4167490, "Plan Width": 4, "Plans": [{"Node Type": "Seq Scan", "Parent Relationship": "Outer", "Relation Name": "name", "Alias": "n1", "Startup Cost": 0.0, "Total Cost": 20816.99, "Plan Rows": 4167490, "Plan Width": 4}]}, {"Node Type": "Materialize", "Parent Relationship": "Inner", "Startup Cost": 0.0, "Total Cost": 34941.19, "Plan Rows": 901342, "Plan Width": 20, "Plans": [{"Node Type": "Streaming(type: LOCAL REDISTRIBUTE dop: 16/16)", "Parent Relationship": "Outer", "Startup Cost": 0.0, "Total Cost": 34659.52, "Plan Rows": 901342, "Plan Width": 20, "Plans": [{"Node Type": "Seq Scan", "Parent Relationship": "Outer", "Relation Name": "aka_name", "Alias": "a1", "Startup Cost": 0.0, "Total Cost": 16244.28, "Plan Rows": 901342, "Plan Width": 20}]}]}]}]}]}]}]}]}]}]}]}]}, "Unique SQL Id": 2457761703, "Planner Runtime": 52}, "explain_analyze_plan": null}, "(16, 91)": {"explain_plan": {"Plan": {"Node Type": "Aggregate", "Strategy": "Plain", "Startup Cost": 6720929176038.34, "Total Cost": 6720929176038.35, "Plan Rows": 1, "Plan Width": 97, "Plans": [{"Node Type": "Merge Join", "Parent Relationship": "Outer", "Join Type": "Inner", "Startup Cost": 5019263027109.06, "Total Cost": 6720929174252.85, "Plan Rows": 357098, "Plan Width": 33, "Inner Unique": false, "Merge Cond": "(a1.person_id = ci.person_id)", "Plans": [{"Node Type": "Merge Join", "Parent Relationship": "Outer", "Join Type": "Inner", "Startup Cost": 20030754356.47, "Total Cost": 2000002534968.85, "Plan Rows": 901342, "Plan Width": 24, "Inner Unique": true, "Merge Cond": "(a1.person_id = n1.id)", "Plans": [{"Node Type": "Index Scan", "Parent Relationship": "Outer", "Scan Direction": "Forward", "Index Name": "person_id_aka_name", "Relation Name": "aka_name", "Alias": "a1", "Startup Cost": 10000000000.0, "Total Cost": 1000006896503.43, "Plan Rows": 901342, "Plan Width": 20}, {"Node Type": "Index Only Scan", "Parent Relationship": "Inner", "Scan Direction": "Forward", "Index Name": "name_pkey", "Relation Name": "name", "Alias": "n1", "Startup Cost": 10000000000.0, "Total Cost": 1000012483260.0, "Plan Rows": 4167490, "Plan Width": 4}]}, {"Node Type": "Sort", "Parent Relationship": "Inner", "Startup Cost": 4999232272752.52, "Total Cost": 4999232274528.67, "Plan Rows": 710459, "Plan Width": 21, "Sort Key": ["ci.person_id"], "Plans": [{"Node Type": "Merge Join", "Parent Relationship": "Outer", "Join Type": "Inner", "Startup Cost": 4010104165272.09, "Total Cost": 4999232203701.62, "Plan Rows": 710459, "Plan Width": 21, "Inner Unique": true, "Merge Cond": "(ci.movie_id = t.id)", "Plans": [{"Node Type": "Sort", "Parent Relationship": "Outer", "Startup Cost": 4000104165272.07, "Total Cost": 4000104167049.61, "Plan Rows": 711018, "Plan Width": 12, "Sort Key": ["ci.movie_id"], "Plans": [{"Node Type": "Merge Join", "Parent Relationship": "Outer", "Join Type": "Inner", "Startup Cost": 3010104048700.61, "Total Cost": 4000104096162.8, "Plan Rows": 711018, "Plan Width": 12, "Inner Unique": false, "Merge Cond": "(rt.id = ci.role_id)", "Plans": [{"Node Type": "Index Scan", "Parent Relationship": "Outer", "Scan Direction": "Forward", "Index Name": "role_type_pkey", "Relation Name": "role_type", "Alias": "rt", "Startup Cost": 10000000000.0, "Total Cost": 1000000001246.0, "Plan Rows": 1, "Plan Width": 4, "Filter": "((role)::text = 'writer'::text)"}, {"Node Type": "Sort", "Parent Relationship": "Inner", "Startup Cost": 3000104048700.61, "Total Cost": 3000104068253.62, "Plan Rows": 7821201, "Plan Width": 16, "Sort Key": ["ci.role_id"], "Plans": [{"Node Type": "Merge Join", "Parent Relationship": "Outer", "Join Type": "Inner", "Startup Cost": 2010032492191.3, "Total Cost": 3000103153213.82, "Plan Rows": 7821201, "Plan Width": 16, "Inner Unique": false, "Merge Cond": "(ci.movie_id = mc.movie_id)", "Plans": [{"Node Type": "Index Scan", "Parent Relationship": "Outer", "Scan Direction": "Forward", "Index Name": "movie_id_cast_info", "Relation Name": "cast_info", "Alias": "ci", "Startup Cost": 10000000000.0, "Total Cost": 1000205932389.3, "Plan Rows": 36259494, "Plan Width": 12}, {"Node Type": "Sort", "Parent Relationship": "Inner", "Startup Cost": 2000013567140.28, "Total Cost": 2000013570346.05, "Plan Rows": 1282311, "Plan Width": 4, "Sort Key": ["mc.movie_id"], "Plans": [{"Node Type": "Merge Join", "Parent Relationship": "Outer", "Join Type": "Inner", "Startup Cost": 45724640147.62, "Total Cost": 2000013437047.81, "Plan Rows": 1282311, "Plan Width": 4, "Inner Unique": false, "Merge Cond": "(cn.id = mc.company_id)", "Plans": [{"Node Type": "Index Scan", "Parent Relationship": "Outer", "Scan Direction": "Forward", "Index Name": "company_name_pkey", "Relation Name": "company_name", "Alias": "cn", "Startup Cost": 10000000000.0, "Total Cost": 1000001050138.97, "Plan Rows": 85170, "Plan Width": 4, "Filter": "((country_code)::text = '[us]'::text)"}, {"Node Type": "Index Scan", "Parent Relationship": "Inner", "Scan Direction": "Forward", "Index Name": "company_id_movie_companies", "Relation Name": "movie_companies", "Alias": "mc", "Startup Cost": 10000000000.0, "Total Cost": 1000012367349.98, "Plan Rows": 2609128, "Plan Width": 8}]}]}]}]}]}]}, {"Node Type": "Index Scan", "Parent Relationship": "Inner", "Scan Direction": "Forward", "Index Name": "title_pkey", "Relation Name": "title", "Alias": "t", "Startup Cost": 10000000000.0, "Total Cost": 1000011012048.91, "Plan Rows": 2528311, "Plan Width": 21}]}]}]}]}, "Unique SQL Id": 2457761703, "Planner Runtime": 128}, "explain_analyze_plan": null}, "(16, 92)": {"explain_plan": {"Plan": {"Node Type": "Aggregate", "Strategy": "Plain", "Startup Cost": 2357885.97, "Total Cost": 2357885.98, "Plan Rows": 1, "Plan Width": 97, "Plans": [{"Node Type": "Nested Loop", "Parent Relationship": "Outer", "Join Type": "Inner", "Startup Cost": 2183858.78, "Total Cost": 2356100.48, "Plan Rows": 357098, "Plan Width": 33, "Inner Unique": true, "Join Filter": "(a1.person_id = n1.id), (LLVM Optimized)", "Plans": [{"Node Type": "Merge Join", "Parent Relationship": "Outer", "Join Type": "Inner", "Startup Cost": 2183858.78, "Total Cost": 2252581.83, "Plan Rows": 357098, "Plan Width": 41, "Inner Unique": false, "Merge Cond": "(a1.person_id = ci.person_id)", "Plans": [{"Node Type": "Index Scan", "Parent Relationship": "Outer", "Scan Direction": "Forward", "Index Name": "person_id_aka_name", "Relation Name": "aka_name", "Alias": "a1", "Startup Cost": 0.0, "Total Cost": 68965.03, "Plan Rows": 901342, "Plan Width": 20}, {"Node Type": "Sort", "Parent Relationship": "Inner", "Startup Cost": 2183858.71, "Total Cost": 2185634.85, "Plan Rows": 710459, "Plan Width": 21, "Sort Key": ["ci.person_id"], "Plans": [{"Node Type": "Merge Join", "Parent Relationship": "Outer", "Join Type": "Inner", "Startup Cost": 2095152.01, "Total Cost": 2114807.8, "Plan Rows": 710459, "Plan Width": 21, "Inner Unique": false, "Merge Cond": "(rt.id = ci.role_id)", "Plans": [{"Node Type": "Sort", "Parent Relationship": "Outer", "Startup Cost": 1.16, "Total Cost": 1.16, "Plan Rows": 1, "Plan Width": 4, "Sort Key": ["rt.id"], "Plans": [{"Node Type": "Seq Scan", "Parent Relationship": "Outer", "Relation Name": "role_type", "Alias": "rt", "Startup Cost": 0.0, "Total Cost": 1.15, "Plan Rows": 1, "Plan Width": 4, "Filter": "((role)::text = 'writer'::text)"}]}, {"Node Type": "Sort", "Parent Relationship": "Inner", "Startup Cost": 2095150.85, "Total Cost": 2103466.76, "Plan Rows": 3326364, "Plan Width": 25, "Sort Key": ["ci.role_id"], "Plans": [{"Node Type": "Nested Loop", "Parent Relationship": "Outer", "Join Type": "Inner", "Startup Cost": 283828.79, "Total Cost": 1734813.91, "Plan Rows": 3326364, "Plan Width": 25, "Inner Unique": false, "Join Filter": "(t.id = ci.movie_id), (LLVM Optimized)", "Plans": [{"Node Type": "Merge Join", "Parent Relationship": "Outer", "Join Type": "Inner", "Startup Cost": 283828.79, "Total Cost": 419390.55, "Plan Rows": 1282311, "Plan Width": 25, "Inner Unique": false, "Merge Cond": "(t.id = mc.movie_id)", "Plans": [{"Node Type": "Index Scan", "Parent Relationship": "Outer", "Scan Direction": "Forward", "Index Name": "title_pkey", "Relation Name": "title", "Alias": "t", "Startup Cost": 0.0, "Total Cost": 110120.49, "Plan Rows": 2528311, "Plan Width": 21}, {"Node Type": "Sort", "Parent Relationship": "Inner", "Startup Cost": 283826.21, "Total Cost": 287031.99, "Plan Rows": 1282311, "Plan Width": 4, "Sort Key": ["mc.movie_id"], "Plans": [{"Node Type": "Merge Join", "Parent Relationship": "Outer", "Join Type": "Inner", "Startup Cost": 3383.04, "Total Cost": 153733.74, "Plan Rows": 1282311, "Plan Width": 4, "Inner Unique": false, "Merge Cond": "(cn.id = mc.company_id)", "Plans": [{"Node Type": "Index Scan", "Parent Relationship": "Outer", "Scan Direction": "Forward", "Index Name": "company_name_pkey", "Relation Name": "company_name", "Alias": "cn", "Startup Cost": 0.0, "Total Cost": 10501.39, "Plan Rows": 85170, "Plan Width": 4, "Filter": "((country_code)::text = '[us]'::text)"}, {"Node Type": "Index Scan", "Parent Relationship": "Inner", "Scan Direction": "Forward", "Index Name": "company_id_movie_companies", "Relation Name": "movie_companies", "Alias": "mc", "Startup Cost": 0.0, "Total Cost": 123673.5, "Plan Rows": 2609128, "Plan Width": 8}]}]}]}, {"Node Type": "Index Scan", "Parent Relationship": "Inner", "Scan Direction": "Forward", "Index Name": "movie_id_cast_info", "Relation Name": "cast_info", "Alias": "ci", "Startup Cost": 0.0, "Total Cost": 0.95, "Plan Rows": 6, "Plan Width": 12, "Index Cond": "(movie_id = mc.movie_id)"}]}]}]}]}]}, {"Node Type": "Index Scan", "Parent Relationship": "Inner", "Scan Direction": "Forward", "Index Name": "name_pkey", "Relation Name": "name", "Alias": "n1", "Startup Cost": 0.0, "Total Cost": 0.28, "Plan Rows": 1, "Plan Width": 4, "Index Cond": "(id = ci.person_id)"}]}]}, "Unique SQL Id": 2457761703, "Planner Runtime": 33}, "explain_analyze_plan": null}, "(16, 93)": {"explain_plan": {"Plan": {"Node Type": "Aggregate", "Strategy": "Plain", "Startup Cost": 2357897.26, "Total Cost": 2357897.27, "Plan Rows": 1, "Plan Width": 97, "Plans": [{"Node Type": "Nested Loop", "Parent Relationship": "Outer", "Join Type": "Inner", "Startup Cost": 2183870.07, "Total Cost": 2356111.77, "Plan Rows": 357098, "Plan Width": 33, "Inner Unique": true, "Join Filter": "(a1.person_id = n1.id), (LLVM Optimized)", "Plans": [{"Node Type": "Merge Join", "Parent Relationship": "Outer", "Join Type": "Inner", "Startup Cost": 2183870.07, "Total Cost": 2252593.12, "Plan Rows": 357098, "Plan Width": 41, "Inner Unique": false, "Merge Cond": "(ci.person_id = a1.person_id)", "Plans": [{"Node Type": "Sort", "Parent Relationship": "Outer", "Startup Cost": 2183870.0, "Total Cost": 2185646.15, "Plan Rows": 710459, "Plan Width": 21, "Sort Key": ["ci.person_id"], "Plans": [{"Node Type": "Merge Join", "Parent Relationship": "Outer", "Join Type": "Inner", "Startup Cost": 2095150.85, "Total Cost": 2114819.1, "Plan Rows": 710459, "Plan Width": 21, "Inner Unique": false, "Merge Cond": "(rt.id = ci.role_id)", "Plans": [{"Node Type": "Index Scan", "Parent Relationship": "Outer", "Scan Direction": "Forward", "Index Name": "role_type_pkey", "Relation Name": "role_type", "Alias": "rt", "Startup Cost": 0.0, "Total Cost": 12.46, "Plan Rows": 1, "Plan Width": 4, "Filter": "((role)::text = 'writer'::text)"}, {"Node Type": "Sort", "Parent Relationship": "Inner", "Startup Cost": 2095150.85, "Total Cost": 2103466.76, "Plan Rows": 3326364, "Plan Width": 25, "Sort Key": ["ci.role_id"], "Plans": [{"Node Type": "Nested Loop", "Parent Relationship": "Outer", "Join Type": "Inner", "Startup Cost": 283828.79, "Total Cost": 1734813.91, "Plan Rows": 3326364, "Plan Width": 25, "Inner Unique": false, "Join Filter": "(t.id = ci.movie_id), (LLVM Optimized)", "Plans": [{"Node Type": "Merge Join", "Parent Relationship": "Outer", "Join Type": "Inner", "Startup Cost": 283828.79, "Total Cost": 419390.55, "Plan Rows": 1282311, "Plan Width": 25, "Inner Unique": false, "Merge Cond": "(t.id = mc.movie_id)", "Plans": [{"Node Type": "Index Scan", "Parent Relationship": "Outer", "Scan Direction": "Forward", "Index Name": "title_pkey", "Relation Name": "title", "Alias": "t", "Startup Cost": 0.0, "Total Cost": 110120.49, "Plan Rows": 2528311, "Plan Width": 21}, {"Node Type": "Sort", "Parent Relationship": "Inner", "Startup Cost": 283826.21, "Total Cost": 287031.99, "Plan Rows": 1282311, "Plan Width": 4, "Sort Key": ["mc.movie_id"], "Plans": [{"Node Type": "Merge Join", "Parent Relationship": "Outer", "Join Type": "Inner", "Startup Cost": 3383.04, "Total Cost": 153733.74, "Plan Rows": 1282311, "Plan Width": 4, "Inner Unique": false, "Merge Cond": "(cn.id = mc.company_id)", "Plans": [{"Node Type": "Index Scan", "Parent Relationship": "Outer", "Scan Direction": "Forward", "Index Name": "company_name_pkey", "Relation Name": "company_name", "Alias": "cn", "Startup Cost": 0.0, "Total Cost": 10501.39, "Plan Rows": 85170, "Plan Width": 4, "Filter": "((country_code)::text = '[us]'::text)"}, {"Node Type": "Index Scan", "Parent Relationship": "Inner", "Scan Direction": "Forward", "Index Name": "company_id_movie_companies", "Relation Name": "movie_companies", "Alias": "mc", "Startup Cost": 0.0, "Total Cost": 123673.5, "Plan Rows": 2609128, "Plan Width": 8}]}]}]}, {"Node Type": "Index Scan", "Parent Relationship": "Inner", "Scan Direction": "Forward", "Index Name": "movie_id_cast_info", "Relation Name": "cast_info", "Alias": "ci", "Startup Cost": 0.0, "Total Cost": 0.95, "Plan Rows": 6, "Plan Width": 12, "Index Cond": "(movie_id = mc.movie_id)"}]}]}]}]}, {"Node Type": "Index Scan", "Parent Relationship": "Inner", "Scan Direction": "Forward", "Index Name": "person_id_aka_name", "Relation Name": "aka_name", "Alias": "a1", "Startup Cost": 0.0, "Total Cost": 68965.03, "Plan Rows": 901342, "Plan Width": 20}]}, {"Node Type": "Index Scan", "Parent Relationship": "Inner", "Scan Direction": "Forward", "Index Name": "name_pkey", "Relation Name": "name", "Alias": "n1", "Startup Cost": 0.0, "Total Cost": 0.28, "Plan Rows": 1, "Plan Width": 4, "Index Cond": "(id = ci.person_id)"}]}]}, "Unique SQL Id": 2457761703, "Planner Runtime": 38}, "explain_analyze_plan": null}, "(16, 94)": {"explain_plan": {"Plan": {"Node Type": "Aggregate", "Strategy": "Plain", "Startup Cost": 32370899884003.52, "Total Cost": 32370899884003.54, "Plan Rows": 1, "Plan Width": 97, "Plans": [{"Node Type": "Streaming(type: LOCAL GATHER dop: 1/16)", "Parent Relationship": "Outer", "Startup Cost": 32370899884003.52, "Total Cost": 32370899884003.54, "Plan Rows": 1, "Plan Width": 97, "Plans": [{"Node Type": "Aggregate", "Strategy": "Plain", "Parent Relationship": "Outer", "Startup Cost": 32370899884003.52, "Total Cost": 32370899884003.53, "Plan Rows": 1, "Plan Width": 97, "Plans": [{"Node Type": "Nested Loop", "Parent Relationship": "Outer", "Join Type": "Inner", "Startup Cost": 60000000000.0, "Total Cost": 32370899882218.03, "Plan Rows": 357098, "Plan Width": 33, "Inner Unique": false, "Join Filter": "(t.id = ci.movie_id), (LLVM Optimized)", "Plans": [{"Node Type": "Streaming(type: LOCAL REDISTRIBUTE dop: 16/16)", "Parent Relationship": "Outer", "Startup Cost": 20000000000.0, "Total Cost": 1103209073418.1, "Plan Rows": 1282311, "Plan Width": 25, "Plans": [{"Node Type": "Nested Loop", "Parent Relationship": "Outer", "Join Type": "Inner", "Startup Cost": 20000000000.0, "Total Cost": 1103209053559.35, "Plan Rows": 1282311, "Plan Width": 25, "Inner Unique": false, "Join Filter": "(mc.movie_id = t.id), (LLVM Optimized)", "Plans": [{"Node Type": "Streaming(type: LOCAL REDISTRIBUTE dop: 16/16)", "Parent Relationship": "Outer", "Startup Cost": 0.0, "Total Cost": 43334.25, "Plan Rows": 2528311, "Plan Width": 21, "Plans": [{"Node Type": "Seq Scan", "Parent Relationship": "Outer", "Relation Name": "title", "Alias": "t", "Startup Cost": 0.0, "Total Cost": 18754.32, "Plan Rows": 2528311, "Plan Width": 21}]}, {"Node Type": "Materialize", "Parent Relationship": "Inner", "Startup Cost": 10000000000.0, "Total Cost": 100130896538.06, "Plan Rows": 1282311, "Plan Width": 4, "Plans": [{"Node Type": "Streaming(type: LOCAL REDISTRIBUTE dop: 16/16)", "Parent Relationship": "Outer", "Startup Cost": 10000000000.0, "Total Cost": 100130896137.34, "Plan Rows": 1282311, "Plan Width": 4, "Plans": [{"Node Type": "Nested Loop", "Parent Relationship": "Outer", "Join Type": "Inner", "Startup Cost": 10000000000.0, "Total Cost": 100130876278.58, "Plan Rows": 1282311, "Plan Width": 4, "Inner Unique": true, "Join Filter": "(cn.id = mc.company_id), (LLVM Optimized)", "Plans": [{"Node Type": "Streaming(type: LOCAL REDISTRIBUTE dop: 16/16)", "Parent Relationship": "Outer", "Startup Cost": 0.0, "Total Cost": 42499.73, "Plan Rows": 2609128, "Plan Width": 8, "Plans": [{"Node Type": "Seq Scan", "Parent Relationship": "Outer", "Relation Name": "movie_companies", "Alias": "mc", "Startup Cost": 0.0, "Total Cost": 17613.58, "Plan Rows": 2609128, "Plan Width": 8}]}, {"Node Type": "Materialize", "Parent Relationship": "Inner", "Startup Cost": 0.0, "Total Cost": 24471.61, "Plan Rows": 85170, "Plan Width": 4, "Plans": [{"Node Type": "Streaming(type: LOCAL REDISTRIBUTE dop: 16/1)", "Parent Relationship": "Outer", "Startup Cost": 0.0, "Total Cost": 24444.99, "Plan Rows": 85170, "Plan Width": 4, "Plans": [{"Node Type": "Seq Scan", "Parent Relationship": "Outer", "Relation Name": "company_name", "Alias": "cn", "Startup Cost": 0.0, "Total Cost": 5903.45, "Plan Rows": 85170, "Plan Width": 4, "Filter": "((country_code)::text = '[us]'::text)"}]}]}]}]}]}]}]}, {"Node Type": "Materialize", "Parent Relationship": "Inner", "Startup Cost": 30000000000.0, "Total Cost": 2123769369907.37, "Plan Rows": 1484588, "Plan Width": 20, "Plans": [{"Node Type": "Streaming(type: LOCAL REDISTRIBUTE dop: 16/16)", "Parent Relationship": "Outer", "Startup Cost": 30000000000.0, "Total Cost": 2123769369443.44, "Plan Rows": 1484588, "Plan Width": 20, "Plans": [{"Node Type": "Nested Loop", "Parent Relationship": "Outer", "Join Type": "Inner", "Startup Cost": 30000000000.0, "Total Cost": 2123769348818.24, "Plan Rows": 1484588, "Plan Width": 20, "Inner Unique": false, "Join Filter": "(a1.person_id = ci.person_id), (LLVM Optimized)", "Plans": [{"Node Type": "Streaming(type: LOCAL REDISTRIBUTE dop: 16/16)", "Parent Relationship": "Outer", "Startup Cost": 10000000000.0, "Total Cost": 100000986955.92, "Plan Rows": 3296318, "Plan Width": 8, "Plans": [{"Node Type": "Nested Loop", "Parent Relationship": "Outer", "Join Type": "Inner", "Startup Cost": 10000000000.0, "Total Cost": 100000959465.96, "Plan Rows": 3296318, "Plan Width": 8, "Inner Unique": false, "Join Filter": "(ci.role_id = rt.id), (LLVM Optimized)", "Plans": [{"Node Type": "Streaming(type: BROADCAST dop: 16/1)", "Parent Relationship": "Outer", "Startup Cost": 0.0, "Total Cost": 15001.5, "Plan Rows": 16, "Plan Width": 4, "Plans": [{"Node Type": "Seq Scan", "Parent Relationship": "Outer", "Relation Name": "role_type", "Alias": "rt", "Startup Cost": 0.0, "Total Cost": 1.15, "Plan Rows": 1, "Plan Width": 4, "Filter": "((role)::text = 'writer'::text)"}]}, {"Node Type": "Seq Scan", "Parent Relationship": "Inner", "Relation Name": "cast_info", "Alias": "ci", "Startup Cost": 0.0, "Total Cost": 52617.37, "Plan Rows": 36259494, "Plan Width": 12}]}]}, {"Node Type": "Materialize", "Parent Relationship": "Inner", "Startup Cost": 10000000000.0, "Total Cost": 102201859598.46, "Plan Rows": 901342, "Plan Width": 24, "Plans": [{"Node Type": "Streaming(type: LOCAL REDISTRIBUTE dop: 16/16)", "Parent Relationship": "Outer", "Startup Cost": 10000000000.0, "Total Cost": 102201859316.79, "Plan Rows": 901342, "Plan Width": 24, "Plans": [{"Node Type": "Nested Loop", "Parent Relationship": "Outer", "Join Type": "Inner", "Startup Cost": 10000000000.0, "Total Cost": 102201840901.54, "Plan Rows": 901342, "Plan Width": 24, "Inner Unique": false, "Join Filter": "(a1.person_id = n1.id), (LLVM Optimized)", "Plans": [{"Node Type": "Streaming(type: LOCAL REDISTRIBUTE dop: 16/16)", "Parent Relationship": "Outer", "Startup Cost": 0.0, "Total Cost": 51607.87, "Plan Rows": 4167490, "Plan Width": 4, "Plans": [{"Node Type": "Seq Scan", "Parent Relationship": "Outer", "Relation Name": "name", "Alias": "n1", "Startup Cost": 0.0, "Total Cost": 20816.99, "Plan Rows": 4167490, "Plan Width": 4}]}, {"Node Type": "Materialize", "Parent Relationship": "Inner", "Startup Cost": 0.0, "Total Cost": 34941.19, "Plan Rows": 901342, "Plan Width": 20, "Plans": [{"Node Type": "Streaming(type: LOCAL REDISTRIBUTE dop: 16/16)", "Parent Relationship": "Outer", "Startup Cost": 0.0, "Total Cost": 34659.52, "Plan Rows": 901342, "Plan Width": 20, "Plans": [{"Node Type": "Seq Scan", "Parent Relationship": "Outer", "Relation Name": "aka_name", "Alias": "a1", "Startup Cost": 0.0, "Total Cost": 16244.28, "Plan Rows": 901342, "Plan Width": 20}]}]}]}]}]}]}]}]}]}]}]}]}, "Unique SQL Id": 2457761703, "Planner Runtime": 52}, "explain_analyze_plan": null}, "(16, 95)": {"explain_plan": {"Plan": {"Node Type": "Aggregate", "Strategy": "Plain", "Startup Cost": 6720933593495.22, "Total Cost": 6720933593495.23, "Plan Rows": 1, "Plan Width": 97, "Plans": [{"Node Type": "Merge Join", "Parent Relationship": "Outer", "Join Type": "Inner", "Startup Cost": 5019263027109.06, "Total Cost": 6720933591709.73, "Plan Rows": 357098, "Plan Width": 33, "Inner Unique": false, "Merge Cond": "(a1.person_id = ci.person_id)", "Plans": [{"Node Type": "Merge Join", "Parent Relationship": "Outer", "Join Type": "Inner", "Startup Cost": 20030754356.47, "Total Cost": 2000007674895.99, "Plan Rows": 901342, "Plan Width": 24, "Inner Unique": true, "Merge Cond": "(a1.person_id = n1.id)", "Plans": [{"Node Type": "Index Scan", "Parent Relationship": "Outer", "Scan Direction": "Forward", "Index Name": "person_id_aka_name", "Relation Name": "aka_name", "Alias": "a1", "Startup Cost": 10000000000.0, "Total Cost": 1000006896503.43, "Plan Rows": 901342, "Plan Width": 20}, {"Node Type": "Index Scan", "Parent Relationship": "Inner", "Scan Direction": "Forward", "Index Name": "name_pkey", "Relation Name": "name", "Alias": "n1", "Startup Cost": 10000000000.0, "Total Cost": 1000017623274.7, "Plan Rows": 4167490, "Plan Width": 4}]}, {"Node Type": "Sort", "Parent Relationship": "Inner", "Startup Cost": 4999232272752.52, "Total Cost": 4999232274528.67, "Plan Rows": 710459, "Plan Width": 21, "Sort Key": ["ci.person_id"], "Plans": [{"Node Type": "Merge Join", "Parent Relationship": "Outer", "Join Type": "Inner", "Startup Cost": 4010104165272.09, "Total Cost": 4999232203701.62, "Plan Rows": 710459, "Plan Width": 21, "Inner Unique": true, "Merge Cond": "(ci.movie_id = t.id)", "Plans": [{"Node Type": "Sort", "Parent Relationship": "Outer", "Startup Cost": 4000104165272.07, "Total Cost": 4000104167049.61, "Plan Rows": 711018, "Plan Width": 12, "Sort Key": ["ci.movie_id"], "Plans": [{"Node Type": "Merge Join", "Parent Relationship": "Outer", "Join Type": "Inner", "Startup Cost": 3010104048700.61, "Total Cost": 4000104096162.8, "Plan Rows": 711018, "Plan Width": 12, "Inner Unique": false, "Merge Cond": "(rt.id = ci.role_id)", "Plans": [{"Node Type": "Index Scan", "Parent Relationship": "Outer", "Scan Direction": "Forward", "Index Name": "role_type_pkey", "Relation Name": "role_type", "Alias": "rt", "Startup Cost": 10000000000.0, "Total Cost": 1000000001246.0, "Plan Rows": 1, "Plan Width": 4, "Filter": "((role)::text = 'writer'::text)"}, {"Node Type": "Sort", "Parent Relationship": "Inner", "Startup Cost": 3000104048700.61, "Total Cost": 3000104068253.62, "Plan Rows": 7821201, "Plan Width": 16, "Sort Key": ["ci.role_id"], "Plans": [{"Node Type": "Merge Join", "Parent Relationship": "Outer", "Join Type": "Inner", "Startup Cost": 2010032492191.3, "Total Cost": 3000103153213.82, "Plan Rows": 7821201, "Plan Width": 16, "Inner Unique": false, "Merge Cond": "(ci.movie_id = mc.movie_id)", "Plans": [{"Node Type": "Index Scan", "Parent Relationship": "Outer", "Scan Direction": "Forward", "Index Name": "movie_id_cast_info", "Relation Name": "cast_info", "Alias": "ci", "Startup Cost": 10000000000.0, "Total Cost": 1000205932389.3, "Plan Rows": 36259494, "Plan Width": 12}, {"Node Type": "Sort", "Parent Relationship": "Inner", "Startup Cost": 2000013567140.28, "Total Cost": 2000013570346.05, "Plan Rows": 1282311, "Plan Width": 4, "Sort Key": ["mc.movie_id"], "Plans": [{"Node Type": "Merge Join", "Parent Relationship": "Outer", "Join Type": "Inner", "Startup Cost": 45724640147.62, "Total Cost": 2000013437047.81, "Plan Rows": 1282311, "Plan Width": 4, "Inner Unique": false, "Merge Cond": "(cn.id = mc.company_id)", "Plans": [{"Node Type": "Index Scan", "Parent Relationship": "Outer", "Scan Direction": "Forward", "Index Name": "company_name_pkey", "Relation Name": "company_name", "Alias": "cn", "Startup Cost": 10000000000.0, "Total Cost": 1000001050138.97, "Plan Rows": 85170, "Plan Width": 4, "Filter": "((country_code)::text = '[us]'::text)"}, {"Node Type": "Index Scan", "Parent Relationship": "Inner", "Scan Direction": "Forward", "Index Name": "company_id_movie_companies", "Relation Name": "movie_companies", "Alias": "mc", "Startup Cost": 10000000000.0, "Total Cost": 1000012367349.98, "Plan Rows": 2609128, "Plan Width": 8}]}]}]}]}]}]}, {"Node Type": "Index Scan", "Parent Relationship": "Inner", "Scan Direction": "Forward", "Index Name": "title_pkey", "Relation Name": "title", "Alias": "t", "Startup Cost": 10000000000.0, "Total Cost": 1000011012048.91, "Plan Rows": 2528311, "Plan Width": 21}]}]}]}]}, "Unique SQL Id": 2457761703, "Planner Runtime": 128}, "explain_analyze_plan": null}, "(16, 96)": {"explain_plan": {"Plan": {"Node Type": "Aggregate", "Strategy": "Plain", "Startup Cost": 287566.27, "Total Cost": 287566.3, "Plan Rows": 1, "Plan Width": 97, "Plans": [{"Node Type": "Streaming(type: LOCAL GATHER dop: 1/16)", "Parent Relationship": "Outer", "Startup Cost": 287566.27, "Total Cost": 287566.3, "Plan Rows": 1, "Plan Width": 97, "Plans": [{"Node Type": "Aggregate", "Strategy": "Plain", "Parent Relationship": "Outer", "Startup Cost": 287566.27, "Total Cost": 287566.28, "Plan Rows": 1, "Plan Width": 97, "Plans": [{"Node Type": "Hash Join", "Parent Relationship": "Outer", "Join Type": "Inner", "Startup Cost": 142621.96, "Total Cost": 285780.78, "Plan Rows": 357098, "Plan Width": 33, "Inner Unique": true, "Hash Cond": "(a1.person_id = n1.id), (LLVM Optimized)", "Plans": [{"Node Type": "Streaming(type: LOCAL REDISTRIBUTE dop: 16/16)", "Parent Relationship": "Outer", "Startup Cost": 126464.14, "Total Cost": 269316.07, "Plan Rows": 357098, "Plan Width": 41, "Plans": [{"Node Type": "Hash Join", "Parent Relationship": "Outer", "Join Type": "Inner", "Startup Cost": 126464.14, "Total Cost": 252963.01, "Plan Rows": 357098, "Plan Width": 41, "Inner Unique": true, "Hash Cond": "(ci.movie_id = t.id), (LLVM Optimized)", "Plans": [{"Node Type": "Streaming(type: LOCAL REDISTRIBUTE dop: 16/16)", "Parent Relationship": "Outer", "Startup Cost": 113655.34, "Total Cost": 239847.25, "Plan Rows": 357379, "Plan Width": 32, "Plans": [{"Node Type": "Hash Join", "Parent Relationship": "Outer", "Join Type": "Inner", "Startup Cost": 113655.34, "Total Cost": 223493.12, "Plan Rows": 357379, "Plan Width": 32, "Inner Unique": false, "Hash Cond": "(ci.person_id = a1.person_id), (LLVM Optimized)", "Plans": [{"Node Type": "Streaming(type: LOCAL REDISTRIBUTE dop: 16/16)", "Parent Relationship": "Outer", "Startup Cost": 104286.28, "Total Cost": 212931.86, "Plan Rows": 711018, "Plan Width": 12, "Plans": [{"Node Type": "Hash Join", "Parent Relationship": "Outer", "Join Type": "Inner", "Startup Cost": 104286.28, "Total Cost": 195237.77, "Plan Rows": 711018, "Plan Width": 12, "Inner Unique": false, "Hash Cond": "(ci.movie_id = mc.movie_id), (LLVM Optimized)", "Plans": [{"Node Type": "Streaming(type: LOCAL REDISTRIBUTE dop: 16/16)", "Parent Relationship": "Outer", "Startup Cost": 15001.51, "Total Cost": 102848.74, "Plan Rows": 3296318, "Plan Width": 8, "Plans": [{"Node Type": "Hash Join", "Parent Relationship": "Outer", "Join Type": "Inner", "Startup Cost": 15001.51, "Total Cost": 75358.79, "Plan Rows": 3296318, "Plan Width": 8, "Inner Unique": true, "Hash Cond": "(ci.role_id = rt.id), (LLVM Optimized)", "Plans": [{"Node Type": "Seq Scan", "Parent Relationship": "Outer", "Relation Name": "cast_info", "Alias": "ci", "Startup Cost": 0.0, "Total Cost": 52617.37, "Plan Rows": 36259494, "Plan Width": 12}, {"Node Type": "Hash", "Parent Relationship": "Inner", "Startup Cost": 15001.5, "Total Cost": 15001.5, "Plan Rows": 16, "Plan Width": 4, "Plans": [{"Node Type": "Streaming(type: BROADCAST dop: 16/1)", "Parent Relationship": "Outer", "Startup Cost": 0.0, "Total Cost": 15001.5, "Plan Rows": 16, "Plan Width": 4, "Plans": [{"Node Type": "Seq Scan", "Parent Relationship": "Outer", "Relation Name": "role_type", "Alias": "rt", "Startup Cost": 0.0, "Total Cost": 1.15, "Plan Rows": 1, "Plan Width": 4, "Filter": "((role)::text = 'writer'::text)"}]}]}]}]}, {"Node Type": "Hash", "Parent Relationship": "Inner", "Startup Cost": 88282.97, "Total Cost": 88282.97, "Plan Rows": 1282311, "Plan Width": 4, "Plans": [{"Node Type": "Streaming(type: LOCAL REDISTRIBUTE dop: 16/16)", "Parent Relationship": "Outer", "Startup Cost": 24511.53, "Total Cost": 88282.97, "Plan Rows": 1282311, "Plan Width": 4, "Plans": [{"Node Type": "Hash Join", "Parent Relationship": "Outer", "Join Type": "Inner", "Startup Cost": 24511.53, "Total Cost": 68424.21, "Plan Rows": 1282311, "Plan Width": 4, "Inner Unique": true, "Hash Cond": "(mc.company_id = cn.id), (LLVM Optimized)", "Plans": [{"Node Type": "Streaming(type: LOCAL REDISTRIBUTE dop: 16/16)", "Parent Relationship": "Outer", "Startup Cost": 0.0, "Total Cost": 42499.73, "Plan Rows": 2609128, "Plan Width": 8, "Plans": [{"Node Type": "Seq Scan", "Parent Relationship": "Outer", "Relation Name": "movie_companies", "Alias": "mc", "Startup Cost": 0.0, "Total Cost": 17613.58, "Plan Rows": 2609128, "Plan Width": 8}]}, {"Node Type": "Hash", "Parent Relationship": "Inner", "Startup Cost": 24444.99, "Total Cost": 24444.99, "Plan Rows": 85170, "Plan Width": 4, "Plans": [{"Node Type": "Streaming(type: LOCAL REDISTRIBUTE dop: 16/1)", "Parent Relationship": "Outer", "Startup Cost": 0.0, "Total Cost": 24444.99, "Plan Rows": 85170, "Plan Width": 4, "Plans": [{"Node Type": "Seq Scan", "Parent Relationship": "Outer", "Relation Name": "company_name", "Alias": "cn", "Startup Cost": 0.0, "Total Cost": 5903.45, "Plan Rows": 85170, "Plan Width": 4, "Filter": "((country_code)::text = '[us]'::text)"}]}]}]}]}]}]}]}, {"Node Type": "Hash", "Parent Relationship": "Inner", "Startup Cost": 34659.52, "Total Cost": 34659.52, "Plan Rows": 901342, "Plan Width": 20, "Plans": [{"Node Type": "Streaming(type: LOCAL REDISTRIBUTE dop: 16/16)", "Parent Relationship": "Outer", "Startup Cost": 0.0, "Total Cost": 34659.52, "Plan Rows": 901342, "Plan Width": 20, "Plans": [{"Node Type": "Seq Scan", "Parent Relationship": "Outer", "Relation Name": "aka_name", "Alias": "a1", "Startup Cost": 0.0, "Total Cost": 16244.28, "Plan Rows": 901342, "Plan Width": 20}]}]}]}]}, {"Node Type": "Hash", "Parent Relationship": "Inner", "Startup Cost": 43334.25, "Total Cost": 43334.25, "Plan Rows": 2528311, "Plan Width": 21, "Plans": [{"Node Type": "Streaming(type: LOCAL REDISTRIBUTE dop: 16/16)", "Parent Relationship": "Outer", "Startup Cost": 0.0, "Total Cost": 43334.25, "Plan Rows": 2528311, "Plan Width": 21, "Plans": [{"Node Type": "Seq Scan", "Parent Relationship": "Outer", "Relation Name": "title", "Alias": "t", "Startup Cost": 0.0, "Total Cost": 18754.32, "Plan Rows": 2528311, "Plan Width": 21}]}]}]}]}, {"Node Type": "Hash", "Parent Relationship": "Inner", "Startup Cost": 51607.87, "Total Cost": 51607.87, "Plan Rows": 4167490, "Plan Width": 4, "Plans": [{"Node Type": "Streaming(type: LOCAL REDISTRIBUTE dop: 16/16)", "Parent Relationship": "Outer", "Startup Cost": 0.0, "Total Cost": 51607.87, "Plan Rows": 4167490, "Plan Width": 4, "Plans": [{"Node Type": "Index Only Scan", "Parent Relationship": "Outer", "Scan Direction": "Forward", "Index Name": "name_pkey", "Relation Name": "name", "Alias": "n1", "Startup Cost": 0.0, "Total Cost": 20816.99, "Plan Rows": 4167490, "Plan Width": 4}]}]}]}]}]}]}, "Unique SQL Id": 2457761703, "Planner Runtime": 189}, "explain_analyze_plan": {"Plan": {"Node Type": "Aggregate", "Strategy": "Plain", "Startup Cost": 287566.27, "Total Cost": 287566.3, "Plan Rows": 1, "Plan Width": 97, "Actual Min Startup Time": 4944.13, "Actual Max Startup Time": 4944.13, "Actual Min Total Time": 4944.13, "Actual Max Total Time": 4944.13, "Plans": [{"Node Type": "Streaming(type: LOCAL GATHER dop: 1/16)", "Parent Relationship": "Outer", "Startup Cost": 287566.27, "Total Cost": 287566.3, "Plan Rows": 1, "Plan Width": 97, "Actual Min Startup Time": 4943.285, "Actual Max Startup Time": 4943.285, "Actual Min Total Time": 4944.087, "Actual Max Total Time": 4944.087, "Plans": [{"Node Type": "Aggregate", "Strategy": "Plain", "Parent Relationship": "Outer", "Startup Cost": 287566.27, "Total Cost": 287566.28, "Plan Rows": 1, "Plan Width": 97, "Actual Min Startup Time": 4504.488, "Actual Max Startup Time": 4708.445, "Actual Min Total Time": 4504.488, "Actual Max Total Time": 4708.445, "Plans": [{"Node Type": "Hash Join", "Parent Relationship": "Outer", "Join Type": "Inner", "Startup Cost": 142621.96, "Total Cost": 285780.78, "Plan Rows": 357098, "Plan Width": 33, "Actual Min Startup Time": 622.123, "Actual Max Startup Time": 821.69, "Actual Min Total Time": 4385.581, "Actual Max Total Time": 4634.797, "Inner Unique": true, "Hash Cond": "(a1.person_id = n1.id), (LLVM Optimized, Jit Execute)", "Plans": [{"Node Type": "Streaming(type: LOCAL REDISTRIBUTE dop: 16/16)", "Parent Relationship": "Outer", "Startup Cost": 126464.14, "Total Cost": 269316.07, "Plan Rows": 357098, "Plan Width": 41, "Actual Min Startup Time": 62.393, "Actual Max Startup Time": 79.238, "Actual Min Total Time": 3724.655, "Actual Max Total Time": 3836.262, "Plans": [{"Node Type": "Hash Join", "Parent Relationship": "Outer", "Join Type": "Inner", "Startup Cost": 126464.14, "Total Cost": 252963.01, "Plan Rows": 357098, "Plan Width": 41, "Actual Min Startup Time": 614.667, "Actual Max Startup Time": 823.592, "Actual Min Total Time": 2392.015, "Actual Max Total Time": 4530.013, "Inner Unique": true, "Hash Cond": "(ci.movie_id = t.id), (LLVM Optimized, Jit Execute)", "Plans": [{"Node Type": "Streaming(type: LOCAL REDISTRIBUTE dop: 16/16)", "Parent Relationship": "Outer", "Startup Cost": 113655.34, "Total Cost": 239847.25, "Plan Rows": 357379, "Plan Width": 32, "Actual Min Startup Time": 232.06, "Actual Max Startup Time": 242.187, "Actual Min Total Time": 1737.73, "Actual Max Total Time": 3931.463, "Plans": [{"Node Type": "Hash Join", "Parent Relationship": "Outer", "Join Type": "Inner", "Startup Cost": 113655.34, "Total Cost": 223493.12, "Plan Rows": 357379, "Plan Width": 32, "Actual Min Startup Time": 618.18, "Actual Max Startup Time": 849.09, "Actual Min Total Time": 1988.988, "Actual Max Total Time": 4427.833, "Inner Unique": false, "Hash Cond": "(ci.person_id = a1.person_id), (LLVM Optimized, Jit Execute)", "Plans": [{"Node Type": "Streaming(type: LOCAL REDISTRIBUTE dop: 16/16)", "Parent Relationship": "Outer", "Startup Cost": 104286.28, "Total Cost": 212931.86, "Plan Rows": 711018, "Plan Width": 12, "Actual Min Startup Time": 483.749, "Actual Max Startup Time": 503.721, "Actual Min Total Time": 1782.944, "Actual Max Total Time": 4075.042, "Plans": [{"Node Type": "Hash Join", "Parent Relationship": "Outer", "Join Type": "Inner", "Startup Cost": 104286.28, "Total Cost": 195237.77, "Plan Rows": 711018, "Plan Width": 12, "Actual Min Startup Time": 609.63, "Actual Max Startup Time": 841.162, "Actual Min Total Time": 1681.314, "Actual Max Total Time": 3947.407, "Inner Unique": false, "Hash Cond": "(ci.movie_id = mc.movie_id), (LLVM Optimized, Jit Execute)", "Plans": [{"Node Type": "Streaming(type: LOCAL REDISTRIBUTE dop: 16/16)", "Parent Relationship": "Outer", "Startup Cost": 15001.51, "Total Cost": 102848.74, "Plan Rows": 3296318, "Plan Width": 8, "Actual Min Startup Time": 0.076, "Actual Max Startup Time": 1.512, "Actual Min Total Time": 958.941, "Actual Max Total Time": 3213.625, "Plans": [{"Node Type": "Hash Join", "Parent Relationship": "Outer", "Join Type": "Inner", "Startup Cost": 15001.51, "Total Cost": 75358.79, "Plan Rows": 3296318, "Plan Width": 8, "Actual Min Startup Time": 619.338, "Actual Max Startup Time": 684.705, "Actual Min Total Time": 978.386, "Actual Max Total Time": 1050.522, "Inner Unique": true, "Hash Cond": "(ci.role_id = rt.id), (LLVM Optimized, Jit Execute)", "Plans": [{"Node Type": "Seq Scan", "Parent Relationship": "Outer", "Relation Name": "cast_info", "Alias": "ci", "Startup Cost": 0.0, "Total Cost": 52617.37, "Plan Rows": 36259494, "Plan Width": 12, "Actual Min Startup Time": 0.025, "Actual Max Startup Time": 0.046, "Actual Min Total Time": 516.432, "Actual Max Total Time": 561.683, "Actual Rows": 36244343}, {"Node Type": "Hash", "Parent Relationship": "Inner", "Startup Cost": 15001.5, "Total Cost": 15001.5, "Plan Rows": 16, "Plan Width": 4, "Actual Min Startup Time": 0.012, "Actual Max Startup Time": 30.687, "Actual Min Total Time": 0.012, "Actual Max Total Time": 30.687, "Max Hash Buckets": 32768, "Min Hash Buckets": 32768, "Max Hash Batches": 1, "Min Hash Batches": 1, "Max Original Hash Batches": 1, "Min Original Hash Batches": 1, "Max Peak Memory Usage": 1, "min Peak Memory Usage": 1, "Plans": [{"Node Type": "Streaming(type: BROADCAST dop: 16/1)", "Parent Relationship": "Outer", "Startup Cost": 0.0, "Total Cost": 15001.5, "Plan Rows": 16, "Plan Width": 4, "Actual Min Startup Time": 0.003, "Actual Max Startup Time": 30.667, "Actual Min Total Time": 0.003, "Actual Max Total Time": 30.669, "Plans": [{"Node Type": "Seq Scan", "Parent Relationship": "Outer", "Relation Name": "role_type", "Alias": "rt", "Startup Cost": 0.0, "Total Cost": 1.15, "Plan Rows": 1, "Plan Width": 4, "Actual Min Startup Time": 0.038, "Actual Max Startup Time": 0.038, "Actual Min Total Time": 0.042, "Actual Max Total Time": 0.042, "Filter": "((role)::text = 'writer'::text)", "Rows Removed by Filter": 11, "Actual Rows": 1}], "Actual Rows": 16}], "Actual Rows": 16}], "Actual Rows": 2728943}], "Actual Rows": 2728943}, {"Node Type": "Hash", "Parent Relationship": "Inner", "Startup Cost": 88282.97, "Total Cost": 88282.97, "Plan Rows": 1282311, "Plan Width": 4, "Actual Min Startup Time": 608.642, "Actual Max Startup Time": 840.955, "Actual Min Total Time": 608.642, "Actual Max Total Time": 840.955, "Max Hash Buckets": 131072, "Min Hash Buckets": 131072, "Max Hash Batches": 1, "Min Hash Batches": 1, "Max Original Hash Batches": 1, "Min Original Hash Batches": 1, "Max Peak Memory Usage": 2542, "min Peak Memory Usage": 2542, "Plans": [{"Node Type": "Streaming(type: LOCAL REDISTRIBUTE dop: 16/16)", "Parent Relationship": "Outer", "Startup Cost": 24511.53, "Total Cost": 88282.97, "Plan Rows": 1282311, "Plan Width": 4, "Actual Min Startup Time": 165.19, "Actual Max Startup Time": 397.376, "Actual Min Total Time": 583.19, "Actual Max Total Time": 810.364, "Plans": [{"Node Type": "Hash Join", "Parent Relationship": "Outer", "Join Type": "Inner", "Startup Cost": 24511.53, "Total Cost": 68424.21, "Plan Rows": 1282311, "Plan Width": 4, "Actual Min Startup Time": 163.079, "Actual Max Startup Time": 409.822, "Actual Min Total Time": 482.508, "Actual Max Total Time": 768.684, "Inner Unique": true, "Hash Cond": "(mc.company_id = cn.id), (LLVM Optimized, Jit Execute)", "Plans": [{"Node Type": "Streaming(type: LOCAL REDISTRIBUTE dop: 16/16)", "Parent Relationship": "Outer", "Startup Cost": 0.0, "Total Cost": 42499.73, "Plan Rows": 2609128, "Plan Width": 8, "Actual Min Startup Time": 0.07, "Actual Max Startup Time": 1.506, "Actual Min Total Time": 241.68, "Actual Max Total Time": 332.619, "Plans": [{"Node Type": "Seq Scan", "Parent Relationship": "Outer", "Relation Name": "movie_companies", "Alias": "mc", "Startup Cost": 0.0, "Total Cost": 17613.58, "Plan Rows": 2609128, "Plan Width": 8, "Actual Min Startup Time": 0.024, "Actual Max Startup Time": 0.046, "Actual Min Total Time": 46.05, "Actual Max Total Time": 53.959, "Actual Rows": 2609128}], "Actual Rows": 2609128}, {"Node Type": "Hash", "Parent Relationship": "Inner", "Startup Cost": 24444.99, "Total Cost": 24444.99, "Plan Rows": 85170, "Plan Width": 4, "Actual Min Startup Time": 162.501, "Actual Max Startup Time": 408.821, "Actual Min Total Time": 162.501, "Actual Max Total Time": 408.821, "Max Hash Buckets": 32768, "Min Hash Buckets": 32768, "Max Hash Batches": 1, "Min Hash Batches": 1, "Max Original Hash Batches": 1, "Min Original Hash Batches": 1, "Max Peak Memory Usage": 182, "min Peak Memory Usage": 182, "Plans": [{"Node Type": "Streaming(type: LOCAL REDISTRIBUTE dop: 16/1)", "Parent Relationship": "Outer", "Startup Cost": 0.0, "Total Cost": 24444.99, "Plan Rows": 85170, "Plan Width": 4, "Actual Min Startup Time": 0.028, "Actual Max Startup Time": 240.208, "Actual Min Total Time": 160.838, "Actual Max Total Time": 406.797, "Plans": [{"Node Type": "Seq Scan", "Parent Relationship": "Outer", "Relation Name": "company_name", "Alias": "cn", "Startup Cost": 0.0, "Total Cost": 5903.45, "Plan Rows": 85170, "Plan Width": 4, "Actual Min Startup Time": 0.047, "Actual Max Startup Time": 0.047, "Actual Min Total Time": 93.762, "Actual Max Total Time": 93.762, "Filter": "((country_code)::text = '[us]'::text)", "Rows Removed by Filter": 150153, "Actual Rows": 84843}], "Actual Rows": 84843}], "Actual Rows": 84843}], "Actual Rows": 1153797}], "Actual Rows": 1153797}], "Actual Rows": 1153797}], "Actual Rows": 1970658}], "Actual Rows": 1970658}, {"Node Type": "Hash", "Parent Relationship": "Inner", "Startup Cost": 34659.52, "Total Cost": 34659.52, "Plan Rows": 901342, "Plan Width": 20, "Actual Min Startup Time": 129.787, "Actual Max Startup Time": 360.065, "Actual Min Total Time": 129.787, "Actual Max Total Time": 360.065, "Max Hash Buckets": 65536, "Min Hash Buckets": 65536, "Max Hash Batches": 1, "Min Hash Batches": 1, "Max Original Hash Batches": 1, "Min Original Hash Batches": 1, "Max Peak Memory Usage": 2981, "min Peak Memory Usage": 2981, "Plans": [{"Node Type": "Streaming(type: LOCAL REDISTRIBUTE dop: 16/16)", "Parent Relationship": "Outer", "Startup Cost": 0.0, "Total Cost": 34659.52, "Plan Rows": 901342, "Plan Width": 20, "Actual Min Startup Time": 0.045, "Actual Max Startup Time": 188.774, "Actual Min Total Time": 109.746, "Actual Max Total Time": 343.7, "Plans": [{"Node Type": "Seq Scan", "Parent Relationship": "Outer", "Relation Name": "aka_name", "Alias": "a1", "Startup Cost": 0.0, "Total Cost": 16244.28, "Plan Rows": 901342, "Plan Width": 20, "Actual Min Startup Time": 0.018, "Actual Max Startup Time": 0.04, "Actual Min Total Time": 16.479, "Actual Max Total Time": 20.369, "Actual Rows": 901342}], "Actual Rows": 901342}], "Actual Rows": 901342}], "Actual Rows": 2487611}], "Actual Rows": 2487611}, {"Node Type": "Hash", "Parent Relationship": "Inner", "Startup Cost": 43334.25, "Total Cost": 43334.25, "Plan Rows": 2528311, "Plan Width": 21, "Actual Min Startup Time": 381.985, "Actual Max Startup Time": 587.522, "Actual Min Total Time": 381.985, "Actual Max Total Time": 587.522, "Max Hash Buckets": 262144, "Min Hash Buckets": 262144, "Max Hash Batches": 1, "Min Hash Batches": 1, "Max Original Hash Batches": 1, "Min Original Hash Batches": 1, "Max Peak Memory Usage": 8518, "min Peak Memory Usage": 8518, "Plans": [{"Node Type": "Streaming(type: LOCAL REDISTRIBUTE dop: 16/16)", "Parent Relationship": "Outer", "Startup Cost": 0.0, "Total Cost": 43334.25, "Plan Rows": 2528311, "Plan Width": 21, "Actual Min Startup Time": 0.051, "Actual Max Startup Time": 110.199, "Actual Min Total Time": 305.798, "Actual Max Total Time": 512.197, "Plans": [{"Node Type": "Seq Scan", "Parent Relationship": "Outer", "Relation Name": "title", "Alias": "t", "Startup Cost": 0.0, "Total Cost": 18754.32, "Plan Rows": 2528311, "Plan Width": 21, "Actual Min Startup Time": 0.017, "Actual Max Startup Time": 0.033, "Actual Min Total Time": 50.642, "Actual Max Total Time": 58.797, "Actual Rows": 2528311}], "Actual Rows": 2528311}], "Actual Rows": 2528311}], "Actual Rows": 2487611}], "Actual Rows": 2487611}, {"Node Type": "Hash", "Parent Relationship": "Inner", "Startup Cost": 51607.87, "Total Cost": 51607.87, "Plan Rows": 4167490, "Plan Width": 4, "Actual Min Startup Time": 554.47, "Actual Max Startup Time": 758.245, "Actual Min Total Time": 554.47, "Actual Max Total Time": 758.245, "Max Hash Buckets": 262144, "Min Hash Buckets": 262144, "Max Hash Batches": 1, "Min Hash Batches": 1, "Max Original Hash Batches": 1, "Min Original Hash Batches": 1, "Max Peak Memory Usage": 9174, "min Peak Memory Usage": 9174, "Plans": [{"Node Type": "Streaming(type: LOCAL REDISTRIBUTE dop: 16/16)", "Parent Relationship": "Outer", "Startup Cost": 0.0, "Total Cost": 51607.87, "Plan Rows": 4167490, "Plan Width": 4, "Actual Min Startup Time": 0.05, "Actual Max Startup Time": 48.328, "Actual Min Total Time": 463.85, "Actual Max Total Time": 656.805, "Plans": [{"Node Type": "Index Only Scan", "Parent Relationship": "Outer", "Scan Direction": "Forward", "Index Name": "name_pkey", "Relation Name": "name", "Alias": "n1", "Startup Cost": 0.0, "Total Cost": 20816.99, "Plan Rows": 4167490, "Plan Width": 4, "Actual Min Startup Time": 0.039, "Actual Max Startup Time": 64.221, "Actual Min Total Time": 58.503, "Actual Max Total Time": 123.269, "Heap Fetches": 0, "Actual Rows": 4167490}], "Actual Rows": 4167490}], "Actual Rows": 4167490}], "Actual Rows": 2487611}], "Actual Rows": 16}], "Actual Rows": 16}], "Actual Rows": 1}, "Triggers": [], "Planner Runtime": 189, "Total Runtime": 4990.263, "Unique SQL Id": 2457761703}}, "(16, 97)": {"explain_plan": {"Plan": {"Node Type": "Aggregate", "Strategy": "Plain", "Startup Cost": 1388959.01, "Total Cost": 1388959.04, "Plan Rows": 1, "Plan Width": 97, "Plans": [{"Node Type": "Streaming(type: LOCAL GATHER dop: 1/16)", "Parent Relationship": "Outer", "Startup Cost": 1388959.01, "Total Cost": 1388959.04, "Plan Rows": 1, "Plan Width": 97, "Plans": [{"Node Type": "Aggregate", "Strategy": "Plain", "Parent Relationship": "Outer", "Startup Cost": 1388959.01, "Total Cost": 1388959.02, "Plan Rows": 1, "Plan Width": 97, "Plans": [{"Node Type": "Hash Join", "Parent Relationship": "Outer", "Join Type": "Inner", "Startup Cost": 269229.27, "Total Cost": 1387173.52, "Plan Rows": 357098, "Plan Width": 33, "Inner Unique": true, "Hash Cond": "(ci.movie_id = t.id), (LLVM Optimized)", "Plans": [{"Node Type": "Streaming(type: LOCAL REDISTRIBUTE dop: 16/16)", "Parent Relationship": "Outer", "Startup Cost": 235754.65, "Total Cost": 1353391.95, "Plan Rows": 357379, "Plan Width": 24, "Plans": [{"Node Type": "Hash Join", "Parent Relationship": "Outer", "Join Type": "Inner", "Startup Cost": 235754.65, "Total Cost": 1337037.82, "Plan Rows": 357379, "Plan Width": 24, "Inner Unique": false, "Hash Cond": "(ci.movie_id = mc.movie_id), (LLVM Optimized)", "Plans": [{"Node Type": "Streaming(type: LOCAL REDISTRIBUTE dop: 16/16)", "Parent Relationship": "Outer", "Startup Cost": 160993.45, "Total Cost": 1260878.52, "Plan Rows": 1484588, "Plan Width": 20, "Plans": [{"Node Type": "Hash Join", "Parent Relationship": "Outer", "Join Type": "Inner", "Startup Cost": 160993.45, "Total Cost": 1240253.33, "Plan Rows": 1484588, "Plan Width": 20, "Inner Unique": true, "Hash Cond": "(a1.person_id = n1.id), (LLVM Optimized)", "Plans": [{"Node Type": "Streaming(type: LOCAL REDISTRIBUTE dop: 16/16)", "Parent Relationship": "Outer", "Startup Cost": 104737.34, "Total Cost": 1182721.4, "Plan Rows": 1484588, "Plan Width": 28, "Plans": [{"Node Type": "Hash Join", "Parent Relationship": "Outer", "Join Type": "Inner", "Startup Cost": 104737.34, "Total Cost": 1162096.2, "Plan Rows": 1484588, "Plan Width": 28, "Inner Unique": false, "Hash Cond": "(ci.person_id = a1.person_id), (LLVM Optimized)", "Plans": [{"Node Type": "Streaming(type: LOCAL REDISTRIBUTE dop: 16/16)", "Parent Relationship": "Outer", "Startup Cost": 15012.82, "Total Cost": 1066844.59, "Plan Rows": 3296318, "Plan Width": 8, "Plans": [{"Node Type": "Hash Join", "Parent Relationship": "Outer", "Join Type": "Inner", "Startup Cost": 15012.82, "Total Cost": 1039354.63, "Plan Rows": 3296318, "Plan Width": 8, "Inner Unique": true, "Hash Cond": "(ci.role_id = rt.id), (LLVM Optimized)", "Plans": [{"Node Type": "Index Scan", "Parent Relationship": "Outer", "Scan Direction": "Forward", "Index Name": "role_id_cast_info", "Relation Name": "cast_info", "Alias": "ci", "Startup Cost": 0.0, "Total Cost": 1016601.9, "Plan Rows": 36259494, "Plan Width": 12}, {"Node Type": "Hash", "Parent Relationship": "Inner", "Startup Cost": 15012.81, "Total Cost": 15012.81, "Plan Rows": 16, "Plan Width": 4, "Plans": [{"Node Type": "Streaming(type: BROADCAST dop: 16/1)", "Parent Relationship": "Outer", "Startup Cost": 0.0, "Total Cost": 15012.81, "Plan Rows": 16, "Plan Width": 4, "Plans": [{"Node Type": "Index Scan", "Parent Relationship": "Outer", "Scan Direction": "Forward", "Index Name": "role_type_pkey", "Relation Name": "role_type", "Alias": "rt", "Startup Cost": 0.0, "Total Cost": 12.46, "Plan Rows": 1, "Plan Width": 4, "Filter": "((role)::text = 'writer'::text)"}]}]}]}]}, {"Node Type": "Hash", "Parent Relationship": "Inner", "Startup Cost": 89020.35, "Total Cost": 89020.35, "Plan Rows": 901342, "Plan Width": 20, "Plans": [{"Node Type": "Streaming(type: LOCAL REDISTRIBUTE dop: 16/1)", "Parent Relationship": "Outer", "Startup Cost": 16632.3, "Total Cost": 89020.35, "Plan Rows": 901342, "Plan Width": 20, "Plans": [{"Node Type": "Bitmap Heap Scan", "Parent Relationship": "Outer", "Relation Name": "aka_name", "Alias": "a1", "Startup Cost": 16632.3, "Total Cost": 36540.72, "Plan Rows": 901342, "Plan Width": 20, "Plans": [{"Node Type": "Bitmap Index Scan", "Parent Relationship": "Outer", "Index Name": "person_id_aka_name", "Startup Cost": 0.0, "Total Cost": 16406.96, "Plan Rows": 901342, "Plan Width": 0}]}]}]}]}]}, {"Node Type": "Hash", "Parent Relationship": "Inner", "Startup Cost": 131553.26, "Total Cost": 131553.26, "Plan Rows": 4167490, "Plan Width": 4, "Plans": [{"Node Type": "Streaming(type: LOCAL REDISTRIBUTE dop: 16/16)", "Parent Relationship": "Outer", "Startup Cost": 0.0, "Total Cost": 131553.26, "Plan Rows": 4167490, "Plan Width": 4, "Plans": [{"Node Type": "Index Only Scan", "Parent Relationship": "Outer", "Scan Direction": "Forward", "Index Name": "name_pkey", "Relation Name": "name", "Alias": "n1", "Startup Cost": 0.0, "Total Cost": 100762.38, "Plan Rows": 4167490, "Plan Width": 4}]}]}]}]}, {"Node Type": "Hash", "Parent Relationship": "Inner", "Startup Cost": 194504.49, "Total Cost": 194504.49, "Plan Rows": 1282311, "Plan Width": 4, "Plans": [{"Node Type": "Streaming(type: LOCAL REDISTRIBUTE dop: 16/1)", "Parent Relationship": "Outer", "Startup Cost": 61758.77, "Total Cost": 194504.49, "Plan Rows": 1282311, "Plan Width": 4, "Plans": [{"Node Type": "Hash Join", "Parent Relationship": "Outer", "Join Type": "Inner", "Startup Cost": 61758.77, "Total Cost": 126183.39, "Plan Rows": 1282311, "Plan Width": 4, "Inner Unique": true, "Hash Cond": "(mc.company_id = cn.id), (LLVM Optimized)", "Plans": [{"Node Type": "Bitmap Heap Scan", "Parent Relationship": "Outer", "Relation Name": "movie_companies", "Alias": "mc", "Startup Cost": 51990.17, "Total Cost": 93807.45, "Plan Rows": 2609128, "Plan Width": 8, "Plans": [{"Node Type": "Bitmap Index Scan", "Parent Relationship": "Outer", "Index Name": "movie_id_movie_companies", "Startup Cost": 0.0, "Total Cost": 51337.89, "Plan Rows": 2609128, "Plan Width": 0}]}, {"Node Type": "Hash", "Parent Relationship": "Inner", "Startup Cost": 8703.97, "Total Cost": 8703.97, "Plan Rows": 85170, "Plan Width": 4, "Plans": [{"Node Type": "Bitmap Heap Scan", "Parent Relationship": "Outer", "Relation Name": "company_name", "Alias": "cn", "Startup Cost": 2800.52, "Total Cost": 8703.97, "Plan Rows": 85170, "Plan Width": 4, "Filter": "((country_code)::text = '[us]'::text)", "Plans": [{"Node Type": "Bitmap Index Scan", "Parent Relationship": "Outer", "Index Name": "company_name_pkey", "Startup Cost": 0.0, "Total Cost": 2779.23, "Plan Rows": 234996, "Plan Width": 0}]}]}]}]}]}]}]}, {"Node Type": "Hash", "Parent Relationship": "Inner", "Startup Cost": 125997.5, "Total Cost": 125997.5, "Plan Rows": 2528311, "Plan Width": 21, "Plans": [{"Node Type": "Streaming(type: LOCAL REDISTRIBUTE dop: 16/16)", "Parent Relationship": "Outer", "Startup Cost": 0.0, "Total Cost": 125997.5, "Plan Rows": 2528311, "Plan Width": 21, "Plans": [{"Node Type": "Index Scan", "Parent Relationship": "Outer", "Scan Direction": "Forward", "Index Name": "title_pkey", "Relation Name": "title", "Alias": "t", "Startup Cost": 0.0, "Total Cost": 101417.57, "Plan Rows": 2528311, "Plan Width": 21}]}]}]}]}]}]}, "Unique SQL Id": 2457761703, "Planner Runtime": 166}, "explain_analyze_plan": null}, "(16, 98)": {"explain_plan": {"Plan": {"Node Type": "Aggregate", "Strategy": "Plain", "Startup Cost": 287566.27, "Total Cost": 287566.3, "Plan Rows": 1, "Plan Width": 97, "Plans": [{"Node Type": "Streaming(type: LOCAL GATHER dop: 1/16)", "Parent Relationship": "Outer", "Startup Cost": 287566.27, "Total Cost": 287566.3, "Plan Rows": 1, "Plan Width": 97, "Plans": [{"Node Type": "Aggregate", "Strategy": "Plain", "Parent Relationship": "Outer", "Startup Cost": 287566.27, "Total Cost": 287566.28, "Plan Rows": 1, "Plan Width": 97, "Plans": [{"Node Type": "Hash Join", "Parent Relationship": "Outer", "Join Type": "Inner", "Startup Cost": 142621.96, "Total Cost": 285780.78, "Plan Rows": 357098, "Plan Width": 33, "Inner Unique": true, "Hash Cond": "(a1.person_id = n1.id), (LLVM Optimized)", "Plans": [{"Node Type": "Streaming(type: LOCAL REDISTRIBUTE dop: 16/16)", "Parent Relationship": "Outer", "Startup Cost": 126464.14, "Total Cost": 269316.07, "Plan Rows": 357098, "Plan Width": 41, "Plans": [{"Node Type": "Hash Join", "Parent Relationship": "Outer", "Join Type": "Inner", "Startup Cost": 126464.14, "Total Cost": 252963.01, "Plan Rows": 357098, "Plan Width": 41, "Inner Unique": true, "Hash Cond": "(ci.movie_id = t.id), (LLVM Optimized)", "Plans": [{"Node Type": "Streaming(type: LOCAL REDISTRIBUTE dop: 16/16)", "Parent Relationship": "Outer", "Startup Cost": 113655.34, "Total Cost": 239847.25, "Plan Rows": 357379, "Plan Width": 32, "Plans": [{"Node Type": "Hash Join", "Parent Relationship": "Outer", "Join Type": "Inner", "Startup Cost": 113655.34, "Total Cost": 223493.12, "Plan Rows": 357379, "Plan Width": 32, "Inner Unique": false, "Hash Cond": "(ci.person_id = a1.person_id), (LLVM Optimized)", "Plans": [{"Node Type": "Streaming(type: LOCAL REDISTRIBUTE dop: 16/16)", "Parent Relationship": "Outer", "Startup Cost": 104286.28, "Total Cost": 212931.86, "Plan Rows": 711018, "Plan Width": 12, "Plans": [{"Node Type": "Hash Join", "Parent Relationship": "Outer", "Join Type": "Inner", "Startup Cost": 104286.28, "Total Cost": 195237.77, "Plan Rows": 711018, "Plan Width": 12, "Inner Unique": false, "Hash Cond": "(ci.movie_id = mc.movie_id), (LLVM Optimized)", "Plans": [{"Node Type": "Streaming(type: LOCAL REDISTRIBUTE dop: 16/16)", "Parent Relationship": "Outer", "Startup Cost": 15001.51, "Total Cost": 102848.74, "Plan Rows": 3296318, "Plan Width": 8, "Plans": [{"Node Type": "Hash Join", "Parent Relationship": "Outer", "Join Type": "Inner", "Startup Cost": 15001.51, "Total Cost": 75358.79, "Plan Rows": 3296318, "Plan Width": 8, "Inner Unique": true, "Hash Cond": "(ci.role_id = rt.id), (LLVM Optimized)", "Plans": [{"Node Type": "Seq Scan", "Parent Relationship": "Outer", "Relation Name": "cast_info", "Alias": "ci", "Startup Cost": 0.0, "Total Cost": 52617.37, "Plan Rows": 36259494, "Plan Width": 12}, {"Node Type": "Hash", "Parent Relationship": "Inner", "Startup Cost": 15001.5, "Total Cost": 15001.5, "Plan Rows": 16, "Plan Width": 4, "Plans": [{"Node Type": "Streaming(type: BROADCAST dop: 16/1)", "Parent Relationship": "Outer", "Startup Cost": 0.0, "Total Cost": 15001.5, "Plan Rows": 16, "Plan Width": 4, "Plans": [{"Node Type": "Seq Scan", "Parent Relationship": "Outer", "Relation Name": "role_type", "Alias": "rt", "Startup Cost": 0.0, "Total Cost": 1.15, "Plan Rows": 1, "Plan Width": 4, "Filter": "((role)::text = 'writer'::text)"}]}]}]}]}, {"Node Type": "Hash", "Parent Relationship": "Inner", "Startup Cost": 88282.97, "Total Cost": 88282.97, "Plan Rows": 1282311, "Plan Width": 4, "Plans": [{"Node Type": "Streaming(type: LOCAL REDISTRIBUTE dop: 16/16)", "Parent Relationship": "Outer", "Startup Cost": 24511.53, "Total Cost": 88282.97, "Plan Rows": 1282311, "Plan Width": 4, "Plans": [{"Node Type": "Hash Join", "Parent Relationship": "Outer", "Join Type": "Inner", "Startup Cost": 24511.53, "Total Cost": 68424.21, "Plan Rows": 1282311, "Plan Width": 4, "Inner Unique": true, "Hash Cond": "(mc.company_id = cn.id), (LLVM Optimized)", "Plans": [{"Node Type": "Streaming(type: LOCAL REDISTRIBUTE dop: 16/16)", "Parent Relationship": "Outer", "Startup Cost": 0.0, "Total Cost": 42499.73, "Plan Rows": 2609128, "Plan Width": 8, "Plans": [{"Node Type": "Seq Scan", "Parent Relationship": "Outer", "Relation Name": "movie_companies", "Alias": "mc", "Startup Cost": 0.0, "Total Cost": 17613.58, "Plan Rows": 2609128, "Plan Width": 8}]}, {"Node Type": "Hash", "Parent Relationship": "Inner", "Startup Cost": 24444.99, "Total Cost": 24444.99, "Plan Rows": 85170, "Plan Width": 4, "Plans": [{"Node Type": "Streaming(type: LOCAL REDISTRIBUTE dop: 16/1)", "Parent Relationship": "Outer", "Startup Cost": 0.0, "Total Cost": 24444.99, "Plan Rows": 85170, "Plan Width": 4, "Plans": [{"Node Type": "Seq Scan", "Parent Relationship": "Outer", "Relation Name": "company_name", "Alias": "cn", "Startup Cost": 0.0, "Total Cost": 5903.45, "Plan Rows": 85170, "Plan Width": 4, "Filter": "((country_code)::text = '[us]'::text)"}]}]}]}]}]}]}]}, {"Node Type": "Hash", "Parent Relationship": "Inner", "Startup Cost": 34659.52, "Total Cost": 34659.52, "Plan Rows": 901342, "Plan Width": 20, "Plans": [{"Node Type": "Streaming(type: LOCAL REDISTRIBUTE dop: 16/16)", "Parent Relationship": "Outer", "Startup Cost": 0.0, "Total Cost": 34659.52, "Plan Rows": 901342, "Plan Width": 20, "Plans": [{"Node Type": "Seq Scan", "Parent Relationship": "Outer", "Relation Name": "aka_name", "Alias": "a1", "Startup Cost": 0.0, "Total Cost": 16244.28, "Plan Rows": 901342, "Plan Width": 20}]}]}]}]}, {"Node Type": "Hash", "Parent Relationship": "Inner", "Startup Cost": 43334.25, "Total Cost": 43334.25, "Plan Rows": 2528311, "Plan Width": 21, "Plans": [{"Node Type": "Streaming(type: LOCAL REDISTRIBUTE dop: 16/16)", "Parent Relationship": "Outer", "Startup Cost": 0.0, "Total Cost": 43334.25, "Plan Rows": 2528311, "Plan Width": 21, "Plans": [{"Node Type": "Seq Scan", "Parent Relationship": "Outer", "Relation Name": "title", "Alias": "t", "Startup Cost": 0.0, "Total Cost": 18754.32, "Plan Rows": 2528311, "Plan Width": 21}]}]}]}]}, {"Node Type": "Hash", "Parent Relationship": "Inner", "Startup Cost": 51607.87, "Total Cost": 51607.87, "Plan Rows": 4167490, "Plan Width": 4, "Plans": [{"Node Type": "Streaming(type: LOCAL REDISTRIBUTE dop: 16/16)", "Parent Relationship": "Outer", "Startup Cost": 0.0, "Total Cost": 51607.87, "Plan Rows": 4167490, "Plan Width": 4, "Plans": [{"Node Type": "Seq Scan", "Parent Relationship": "Outer", "Relation Name": "name", "Alias": "n1", "Startup Cost": 0.0, "Total Cost": 20816.99, "Plan Rows": 4167490, "Plan Width": 4}]}]}]}]}]}]}, "Unique SQL Id": 2457761703, "Planner Runtime": 178}, "explain_analyze_plan": {"Plan": {"Node Type": "Aggregate", "Strategy": "Plain", "Startup Cost": 287566.27, "Total Cost": 287566.3, "Plan Rows": 1, "Plan Width": 97, "Actual Min Startup Time": 2807.394, "Actual Max Startup Time": 2807.394, "Actual Min Total Time": 2807.394, "Actual Max Total Time": 2807.394, "Plans": [{"Node Type": "Streaming(type: LOCAL GATHER dop: 1/16)", "Parent Relationship": "Outer", "Startup Cost": 287566.27, "Total Cost": 287566.3, "Plan Rows": 1, "Plan Width": 97, "Actual Min Startup Time": 2805.812, "Actual Max Startup Time": 2805.812, "Actual Min Total Time": 2807.366, "Actual Max Total Time": 2807.366, "Plans": [{"Node Type": "Aggregate", "Strategy": "Plain", "Parent Relationship": "Outer", "Startup Cost": 287566.27, "Total Cost": 287566.28, "Plan Rows": 1, "Plan Width": 97, "Actual Min Startup Time": 2410.309, "Actual Max Startup Time": 2537.515, "Actual Min Total Time": 2410.309, "Actual Max Total Time": 2537.515, "Plans": [{"Node Type": "Hash Join", "Parent Relationship": "Outer", "Join Type": "Inner", "Startup Cost": 142621.96, "Total Cost": 285780.78, "Plan Rows": 357098, "Plan Width": 33, "Actual Min Startup Time": 682.796, "Actual Max Startup Time": 809.411, "Actual Min Total Time": 2287.798, "Actual Max Total Time": 2474.84, "Inner Unique": true, "Hash Cond": "(a1.person_id = n1.id), (LLVM Optimized, Jit Execute)", "Plans": [{"Node Type": "Streaming(type: LOCAL REDISTRIBUTE dop: 16/16)", "Parent Relationship": "Outer", "Startup Cost": 126464.14, "Total Cost": 269316.07, "Plan Rows": 357098, "Plan Width": 41, "Actual Min Startup Time": 104.514, "Actual Max Startup Time": 134.767, "Actual Min Total Time": 1604.955, "Actual Max Total Time": 1724.615, "Plans": [{"Node Type": "Hash Join", "Parent Relationship": "Outer", "Join Type": "Inner", "Startup Cost": 126464.14, "Total Cost": 252963.01, "Plan Rows": 357098, "Plan Width": 41, "Actual Min Startup Time": 684.369, "Actual Max Startup Time": 863.954, "Actual Min Total Time": 2250.417, "Actual Max Total Time": 2462.715, "Inner Unique": true, "Hash Cond": "(ci.movie_id = t.id), (LLVM Optimized, Jit Execute)", "Plans": [{"Node Type": "Streaming(type: LOCAL REDISTRIBUTE dop: 16/16)", "Parent Relationship": "Outer", "Startup Cost": 113655.34, "Total Cost": 239847.25, "Plan Rows": 357379, "Plan Width": 32, "Actual Min Startup Time": 317.069, "Actual Max Startup Time": 322.995, "Actual Min Total Time": 1801.077, "Actual Max Total Time": 1863.509, "Plans": [{"Node Type": "Hash Join", "Parent Relationship": "Outer", "Join Type": "Inner", "Startup Cost": 113655.34, "Total Cost": 223493.12, "Plan Rows": 357379, "Plan Width": 32, "Actual Min Startup Time": 676.499, "Actual Max Startup Time": 926.544, "Actual Min Total Time": 1889.984, "Actual Max Total Time": 2339.531, "Inner Unique": false, "Hash Cond": "(ci.person_id = a1.person_id), (LLVM Optimized, Jit Execute)", "Plans": [{"Node Type": "Streaming(type: LOCAL REDISTRIBUTE dop: 16/16)", "Parent Relationship": "Outer", "Startup Cost": 104286.28, "Total Cost": 212931.86, "Plan Rows": 711018, "Plan Width": 12, "Actual Min Startup Time": 544.363, "Actual Max Startup Time": 557.858, "Actual Min Total Time": 1635.928, "Actual Max Total Time": 1965.859, "Plans": [{"Node Type": "Hash Join", "Parent Relationship": "Outer", "Join Type": "Inner", "Startup Cost": 104286.28, "Total Cost": 195237.77, "Plan Rows": 711018, "Plan Width": 12, "Actual Min Startup Time": 676.505, "Actual Max Startup Time": 873.864, "Actual Min Total Time": 1726.934, "Actual Max Total Time": 1983.436, "Inner Unique": false, "Hash Cond": "(ci.movie_id = mc.movie_id), (LLVM Optimized, Jit Execute)", "Plans": [{"Node Type": "Streaming(type: LOCAL REDISTRIBUTE dop: 16/16)", "Parent Relationship": "Outer", "Startup Cost": 15001.51, "Total Cost": 102848.74, "Plan Rows": 3296318, "Plan Width": 8, "Actual Min Startup Time": 0.059, "Actual Max Startup Time": 0.35, "Actual Min Total Time": 960.325, "Actual Max Total Time": 1125.807, "Plans": [{"Node Type": "Hash Join", "Parent Relationship": "Outer", "Join Type": "Inner", "Startup Cost": 15001.51, "Total Cost": 75358.79, "Plan Rows": 3296318, "Plan Width": 8, "Actual Min Startup Time": 618.945, "Actual Max Startup Time": 658.044, "Actual Min Total Time": 973.958, "Actual Max Total Time": 1016.065, "Inner Unique": true, "Hash Cond": "(ci.role_id = rt.id), (LLVM Optimized, Jit Execute)", "Plans": [{"Node Type": "Seq Scan", "Parent Relationship": "Outer", "Relation Name": "cast_info", "Alias": "ci", "Startup Cost": 0.0, "Total Cost": 52617.37, "Plan Rows": 36259494, "Plan Width": 12, "Actual Min Startup Time": 0.027, "Actual Max Startup Time": 0.044, "Actual Min Total Time": 516.927, "Actual Max Total Time": 557.048, "Actual Rows": 36244343}, {"Node Type": "Hash", "Parent Relationship": "Inner", "Startup Cost": 15001.5, "Total Cost": 15001.5, "Plan Rows": 16, "Plan Width": 4, "Actual Min Startup Time": 0.012, "Actual Max Startup Time": 23.82, "Actual Min Total Time": 0.012, "Actual Max Total Time": 23.82, "Max Hash Buckets": 32768, "Min Hash Buckets": 32768, "Max Hash Batches": 1, "Min Hash Batches": 1, "Max Original Hash Batches": 1, "Min Original Hash Batches": 1, "Max Peak Memory Usage": 1, "min Peak Memory Usage": 1, "Plans": [{"Node Type": "Streaming(type: BROADCAST dop: 16/1)", "Parent Relationship": "Outer", "Startup Cost": 0.0, "Total Cost": 15001.5, "Plan Rows": 16, "Plan Width": 4, "Actual Min Startup Time": 0.003, "Actual Max Startup Time": 23.79, "Actual Min Total Time": 0.004, "Actual Max Total Time": 23.792, "Plans": [{"Node Type": "Seq Scan", "Parent Relationship": "Outer", "Relation Name": "role_type", "Alias": "rt", "Startup Cost": 0.0, "Total Cost": 1.15, "Plan Rows": 1, "Plan Width": 4, "Actual Min Startup Time": 0.032, "Actual Max Startup Time": 0.032, "Actual Min Total Time": 0.036, "Actual Max Total Time": 0.036, "Filter": "((role)::text = 'writer'::text)", "Rows Removed by Filter": 11, "Actual Rows": 1}], "Actual Rows": 16}], "Actual Rows": 16}], "Actual Rows": 2728943}], "Actual Rows": 2728943}, {"Node Type": "Hash", "Parent Relationship": "Inner", "Startup Cost": 88282.97, "Total Cost": 88282.97, "Plan Rows": 1282311, "Plan Width": 4, "Actual Min Startup Time": 676.313, "Actual Max Startup Time": 873.534, "Actual Min Total Time": 676.313, "Actual Max Total Time": 873.534, "Max Hash Buckets": 131072, "Min Hash Buckets": 131072, "Max Hash Batches": 1, "Min Hash Batches": 1, "Max Original Hash Batches": 1, "Min Original Hash Batches": 1, "Max Peak Memory Usage": 2542, "min Peak Memory Usage": 2542, "Plans": [{"Node Type": "Streaming(type: LOCAL REDISTRIBUTE dop: 16/16)", "Parent Relationship": "Outer", "Startup Cost": 24511.53, "Total Cost": 88282.97, "Plan Rows": 1282311, "Plan Width": 4, "Actual Min Startup Time": 194.948, "Actual Max Startup Time": 392.152, "Actual Min Total Time": 652.521, "Actual Max Total Time": 846.259, "Plans": [{"Node Type": "Hash Join", "Parent Relationship": "Outer", "Join Type": "Inner", "Startup Cost": 24511.53, "Total Cost": 68424.21, "Plan Rows": 1282311, "Plan Width": 4, "Actual Min Startup Time": 193.447, "Actual Max Startup Time": 460.105, "Actual Min Total Time": 545.948, "Actual Max Total Time": 855.575, "Inner Unique": true, "Hash Cond": "(mc.company_id = cn.id), (LLVM Optimized, Jit Execute)", "Plans": [{"Node Type": "Streaming(type: LOCAL REDISTRIBUTE dop: 16/16)", "Parent Relationship": "Outer", "Startup Cost": 0.0, "Total Cost": 42499.73, "Plan Rows": 2609128, "Plan Width": 8, "Actual Min Startup Time": 0.064, "Actual Max Startup Time": 1.902, "Actual Min Total Time": 262.091, "Actual Max Total Time": 376.152, "Plans": [{"Node Type": "Seq Scan", "Parent Relationship": "Outer", "Relation Name": "movie_companies", "Alias": "mc", "Startup Cost": 0.0, "Total Cost": 17613.58, "Plan Rows": 2609128, "Plan Width": 8, "Actual Min Startup Time": 0.027, "Actual Max Startup Time": 0.063, "Actual Min Total Time": 42.353, "Actual Max Total Time": 50.636, "Actual Rows": 2609128}], "Actual Rows": 2609128}, {"Node Type": "Hash", "Parent Relationship": "Inner", "Startup Cost": 24444.99, "Total Cost": 24444.99, "Plan Rows": 85170, "Plan Width": 4, "Actual Min Startup Time": 193.304, "Actual Max Startup Time": 459.356, "Actual Min Total Time": 193.304, "Actual Max Total Time": 459.356, "Max Hash Buckets": 32768, "Min Hash Buckets": 32768, "Max Hash Batches": 1, "Min Hash Batches": 1, "Max Original Hash Batches": 1, "Min Original Hash Batches": 1, "Max Peak Memory Usage": 182, "min Peak Memory Usage": 182, "Plans": [{"Node Type": "Streaming(type: LOCAL REDISTRIBUTE dop: 16/1)", "Parent Relationship": "Outer", "Startup Cost": 0.0, "Total Cost": 24444.99, "Plan Rows": 85170, "Plan Width": 4, "Actual Min Startup Time": 0.041, "Actual Max Startup Time": 266.767, "Actual Min Total Time": 191.764, "Actual Max Total Time": 457.92, "Plans": [{"Node Type": "Seq Scan", "Parent Relationship": "Outer", "Relation Name": "company_name", "Alias": "cn", "Startup Cost": 0.0, "Total Cost": 5903.45, "Plan Rows": 85170, "Plan Width": 4, "Actual Min Startup Time": 0.053, "Actual Max Startup Time": 0.053, "Actual Min Total Time": 97.001, "Actual Max Total Time": 97.001, "Filter": "((country_code)::text = '[us]'::text)", "Rows Removed by Filter": 150153, "Actual Rows": 84843}], "Actual Rows": 84843}], "Actual Rows": 84843}], "Actual Rows": 1153797}], "Actual Rows": 1153797}], "Actual Rows": 1153797}], "Actual Rows": 1970658}], "Actual Rows": 1970658}, {"Node Type": "Hash", "Parent Relationship": "Inner", "Startup Cost": 34659.52, "Total Cost": 34659.52, "Plan Rows": 901342, "Plan Width": 20, "Actual Min Startup Time": 130.612, "Actual Max Startup Time": 381.22, "Actual Min Total Time": 130.612, "Actual Max Total Time": 381.22, "Max Hash Buckets": 65536, "Min Hash Buckets": 65536, "Max Hash Batches": 1, "Min Hash Batches": 1, "Max Original Hash Batches": 1, "Min Original Hash Batches": 1, "Max Peak Memory Usage": 2981, "min Peak Memory Usage": 2981, "Plans": [{"Node Type": "Streaming(type: LOCAL REDISTRIBUTE dop: 16/16)", "Parent Relationship": "Outer", "Startup Cost": 0.0, "Total Cost": 34659.52, "Plan Rows": 901342, "Plan Width": 20, "Actual Min Startup Time": 0.052, "Actual Max Startup Time": 67.059, "Actual Min Total Time": 109.562, "Actual Max Total Time": 360.696, "Plans": [{"Node Type": "Seq Scan", "Parent Relationship": "Outer", "Relation Name": "aka_name", "Alias": "a1", "Startup Cost": 0.0, "Total Cost": 16244.28, "Plan Rows": 901342, "Plan Width": 20, "Actual Min Startup Time": 0.019, "Actual Max Startup Time": 0.042, "Actual Min Total Time": 15.933, "Actual Max Total Time": 20.502, "Actual Rows": 901342}], "Actual Rows": 901342}], "Actual Rows": 901342}], "Actual Rows": 2487611}], "Actual Rows": 2487611}, {"Node Type": "Hash", "Parent Relationship": "Inner", "Startup Cost": 43334.25, "Total Cost": 43334.25, "Plan Rows": 2528311, "Plan Width": 21, "Actual Min Startup Time": 365.618, "Actual Max Startup Time": 543.574, "Actual Min Total Time": 365.618, "Actual Max Total Time": 543.574, "Max Hash Buckets": 262144, "Min Hash Buckets": 262144, "Max Hash Batches": 1, "Min Hash Batches": 1, "Max Original Hash Batches": 1, "Min Original Hash Batches": 1, "Max Peak Memory Usage": 8518, "min Peak Memory Usage": 8518, "Plans": [{"Node Type": "Streaming(type: LOCAL REDISTRIBUTE dop: 16/16)", "Parent Relationship": "Outer", "Startup Cost": 0.0, "Total Cost": 43334.25, "Plan Rows": 2528311, "Plan Width": 21, "Actual Min Startup Time": 0.063, "Actual Max Startup Time": 18.287, "Actual Min Total Time": 289.389, "Actual Max Total Time": 470.899, "Plans": [{"Node Type": "Seq Scan", "Parent Relationship": "Outer", "Relation Name": "title", "Alias": "t", "Startup Cost": 0.0, "Total Cost": 18754.32, "Plan Rows": 2528311, "Plan Width": 21, "Actual Min Startup Time": 0.017, "Actual Max Startup Time": 0.037, "Actual Min Total Time": 47.834, "Actual Max Total Time": 58.11, "Actual Rows": 2528311}], "Actual Rows": 2528311}], "Actual Rows": 2528311}], "Actual Rows": 2487611}], "Actual Rows": 2487611}, {"Node Type": "Hash", "Parent Relationship": "Inner", "Startup Cost": 51607.87, "Total Cost": 51607.87, "Plan Rows": 4167490, "Plan Width": 4, "Actual Min Startup Time": 573.363, "Actual Max Startup Time": 700.351, "Actual Min Total Time": 573.363, "Actual Max Total Time": 700.351, "Max Hash Buckets": 262144, "Min Hash Buckets": 262144, "Max Hash Batches": 1, "Min Hash Batches": 1, "Max Original Hash Batches": 1, "Min Original Hash Batches": 1, "Max Peak Memory Usage": 9174, "min Peak Memory Usage": 9174, "Plans": [{"Node Type": "Streaming(type: LOCAL REDISTRIBUTE dop: 16/16)", "Parent Relationship": "Outer", "Startup Cost": 0.0, "Total Cost": 51607.87, "Plan Rows": 4167490, "Plan Width": 4, "Actual Min Startup Time": 0.053, "Actual Max Startup Time": 0.099, "Actual Min Total Time": 470.118, "Actual Max Total Time": 593.068, "Plans": [{"Node Type": "Seq Scan", "Parent Relationship": "Outer", "Relation Name": "name", "Alias": "n1", "Startup Cost": 0.0, "Total Cost": 20816.99, "Plan Rows": 4167490, "Plan Width": 4, "Actual Min Startup Time": 0.017, "Actual Max Startup Time": 0.04, "Actual Min Total Time": 75.276, "Actual Max Total Time": 87.952, "Actual Rows": 4167490}], "Actual Rows": 4167490}], "Actual Rows": 4167490}], "Actual Rows": 2487611}], "Actual Rows": 16}], "Actual Rows": 16}], "Actual Rows": 1}, "Triggers": [], "Planner Runtime": 253, "Total Runtime": 2852.697, "Unique SQL Id": 2457761703}}, "(16, 99)": {"explain_plan": {"Plan": {"Node Type": "Aggregate", "Strategy": "Plain", "Startup Cost": 1013578.73, "Total Cost": 1013578.74, "Plan Rows": 1, "Plan Width": 97, "Plans": [{"Node Type": "Hash Join", "Parent Relationship": "Outer", "Join Type": "Inner", "Startup Cost": 985285.55, "Total Cost": 1011793.24, "Plan Rows": 357098, "Plan Width": 33, "Inner Unique": false, "Hash Cond": "(a1.person_id = n1.id), (LLVM Optimized)", "Plans": [{"Node Type": "Bitmap Heap Scan", "Parent Relationship": "Outer", "Relation Name": "aka_name", "Alias": "a1", "Startup Cost": 16632.3, "Total Cost": 36540.72, "Plan Rows": 901342, "Plan Width": 20, "Plans": [{"Node Type": "Bitmap Index Scan", "Parent Relationship": "Outer", "Index Name": "person_id_aka_name", "Startup Cost": 0.0, "Total Cost": 16406.96, "Plan Rows": 901342, "Plan Width": 0}]}, {"Node Type": "Hash", "Parent Relationship": "Inner", "Startup Cost": 959772.51, "Total Cost": 959772.51, "Plan Rows": 710459, "Plan Width": 25, "Plans": [{"Node Type": "Hash Join", "Parent Relationship": "Outer", "Join Type": "Inner", "Startup Cost": 607483.06, "Total Cost": 959772.51, "Plan Rows": 710459, "Plan Width": 25, "Inner Unique": true, "Hash Cond": "(ci.person_id = n1.id), (LLVM Optimized)", "Plans": [{"Node Type": "Hash Join", "Parent Relationship": "Outer", "Join Type": "Inner", "Startup Cost": 378117.96, "Total Cost": 720638.61, "Plan Rows": 710459, "Plan Width": 21, "Inner Unique": false, "Hash Cond": "(ci.movie_id = t.id), (LLVM Optimized)", "Plans": [{"Node Type": "Nested Loop", "Parent Relationship": "Outer", "Join Type": "Inner", "Startup Cost": 76315.02, "Total Cost": 389769.33, "Plan Rows": 3296318, "Plan Width": 8, "Inner Unique": false, "Plans": [{"Node Type": "Bitmap Heap Scan", "Parent Relationship": "Outer", "Relation Name": "role_type", "Alias": "rt", "Startup Cost": 8.31, "Total Cost": 12.46, "Plan Rows": 1, "Plan Width": 4, "Filter": "((role)::text = 'writer'::text)", "Plans": [{"Node Type": "Bitmap Index Scan", "Parent Relationship": "Outer", "Index Name": "role_type_pkey", "Startup Cost": 0.0, "Total Cost": 8.31, "Plan Rows": 12, "Plan Width": 0}]}, {"Node Type": "Bitmap Heap Scan", "Parent Relationship": "Inner", "Relation Name": "cast_info", "Alias": "ci", "Startup Cost": 76306.71, "Total Cost": 356793.69, "Plan Rows": 3296318, "Plan Width": 12, "Recheck Cond": "(role_id = rt.id), (LLVM Optimized)", "Plans": [{"Node Type": "Bitmap Index Scan", "Parent Relationship": "Outer", "Index Name": "role_id_cast_info", "Startup Cost": 0.0, "Total Cost": 75482.63, "Plan Rows": 3296318, "Plan Width": 0, "Index Cond": "(role_id = rt.id)"}]}]}, {"Node Type": "Hash", "Parent Relationship": "Inner", "Startup Cost": 285774.05, "Total Cost": 285774.05, "Plan Rows": 1282311, "Plan Width": 25, "Plans": [{"Node Type": "Hash Join", "Parent Relationship": "Outer", "Join Type": "Inner", "Startup Cost": 203717.65, "Total Cost": 285774.05, "Plan Rows": 1282311, "Plan Width": 25, "Inner Unique": true, "Hash Cond": "(mc.movie_id = t.id), (LLVM Optimized)", "Plans": [{"Node Type": "Hash Join", "Parent Relationship": "Outer", "Join Type": "Inner", "Startup Cost": 61758.77, "Total Cost": 126183.39, "Plan Rows": 1282311, "Plan Width": 4, "Inner Unique": true, "Hash Cond": "(mc.company_id = cn.id), (LLVM Optimized)", "Plans": [{"Node Type": "Bitmap Heap Scan", "Parent Relationship": "Outer", "Relation Name": "movie_companies", "Alias": "mc", "Startup Cost": 51990.17, "Total Cost": 93807.45, "Plan Rows": 2609128, "Plan Width": 8, "Plans": [{"Node Type": "Bitmap Index Scan", "Parent Relationship": "Outer", "Index Name": "movie_id_movie_companies", "Startup Cost": 0.0, "Total Cost": 51337.89, "Plan Rows": 2609128, "Plan Width": 0}]}, {"Node Type": "Hash", "Parent Relationship": "Inner", "Startup Cost": 8703.97, "Total Cost": 8703.97, "Plan Rows": 85170, "Plan Width": 4, "Plans": [{"Node Type": "Bitmap Heap Scan", "Parent Relationship": "Outer", "Relation Name": "company_name", "Alias": "cn", "Startup Cost": 2800.52, "Total Cost": 8703.97, "Plan Rows": 85170, "Plan Width": 4, "Filter": "((country_code)::text = '[us]'::text)", "Plans": [{"Node Type": "Bitmap Index Scan", "Parent Relationship": "Outer", "Index Name": "company_name_pkey", "Startup Cost": 0.0, "Total Cost": 2779.23, "Plan Rows": 234996, "Plan Width": 0}]}]}]}, {"Node Type": "Hash", "Parent Relationship": "Inner", "Startup Cost": 110354.99, "Total Cost": 110354.99, "Plan Rows": 2528311, "Plan Width": 21, "Plans": [{"Node Type": "Bitmap Heap Scan", "Parent Relationship": "Outer", "Relation Name": "title", "Alias": "t", "Startup Cost": 50285.88, "Total Cost": 110354.99, "Plan Rows": 2528311, "Plan Width": 21, "Plans": [{"Node Type": "Bitmap Index Scan", "Parent Relationship": "Outer", "Index Name": "title_pkey", "Startup Cost": 0.0, "Total Cost": 49653.81, "Plan Rows": 2528311, "Plan Width": 0}]}]}]}]}]}, {"Node Type": "Hash", "Parent Relationship": "Inner", "Startup Cost": 177271.47, "Total Cost": 177271.47, "Plan Rows": 4167490, "Plan Width": 4, "Plans": [{"Node Type": "Bitmap Heap Scan", "Parent Relationship": "Outer", "Relation Name": "name", "Alias": "n1", "Startup Cost": 84199.57, "Total Cost": 177271.47, "Plan Rows": 4167490, "Plan Width": 4, "Plans": [{"Node Type": "Bitmap Index Scan", "Parent Relationship": "Outer", "Index Name": "name_pkey", "Startup Cost": 0.0, "Total Cost": 83157.7, "Plan Rows": 4167490, "Plan Width": 0}]}]}]}]}]}]}, "Unique SQL Id": 2457761703, "Planner Runtime": 49}, "explain_analyze_plan": null}, "(16, 100)": {"explain_plan": {"Plan": {"Node Type": "Aggregate", "Strategy": "Plain", "Startup Cost": 287566.27, "Total Cost": 287566.3, "Plan Rows": 1, "Plan Width": 97, "Plans": [{"Node Type": "Streaming(type: LOCAL GATHER dop: 1/16)", "Parent Relationship": "Outer", "Startup Cost": 287566.27, "Total Cost": 287566.3, "Plan Rows": 1, "Plan Width": 97, "Plans": [{"Node Type": "Aggregate", "Strategy": "Plain", "Parent Relationship": "Outer", "Startup Cost": 287566.27, "Total Cost": 287566.28, "Plan Rows": 1, "Plan Width": 97, "Plans": [{"Node Type": "Hash Join", "Parent Relationship": "Outer", "Join Type": "Inner", "Startup Cost": 142621.96, "Total Cost": 285780.78, "Plan Rows": 357098, "Plan Width": 33, "Inner Unique": true, "Hash Cond": "(a1.person_id = n1.id), (LLVM Optimized)", "Plans": [{"Node Type": "Streaming(type: LOCAL REDISTRIBUTE dop: 16/16)", "Parent Relationship": "Outer", "Startup Cost": 126464.14, "Total Cost": 269316.07, "Plan Rows": 357098, "Plan Width": 41, "Plans": [{"Node Type": "Hash Join", "Parent Relationship": "Outer", "Join Type": "Inner", "Startup Cost": 126464.14, "Total Cost": 252963.01, "Plan Rows": 357098, "Plan Width": 41, "Inner Unique": true, "Hash Cond": "(ci.movie_id = t.id), (LLVM Optimized)", "Plans": [{"Node Type": "Streaming(type: LOCAL REDISTRIBUTE dop: 16/16)", "Parent Relationship": "Outer", "Startup Cost": 113655.34, "Total Cost": 239847.25, "Plan Rows": 357379, "Plan Width": 32, "Plans": [{"Node Type": "Hash Join", "Parent Relationship": "Outer", "Join Type": "Inner", "Startup Cost": 113655.34, "Total Cost": 223493.12, "Plan Rows": 357379, "Plan Width": 32, "Inner Unique": false, "Hash Cond": "(ci.person_id = a1.person_id), (LLVM Optimized)", "Plans": [{"Node Type": "Streaming(type: LOCAL REDISTRIBUTE dop: 16/16)", "Parent Relationship": "Outer", "Startup Cost": 104286.28, "Total Cost": 212931.86, "Plan Rows": 711018, "Plan Width": 12, "Plans": [{"Node Type": "Hash Join", "Parent Relationship": "Outer", "Join Type": "Inner", "Startup Cost": 104286.28, "Total Cost": 195237.77, "Plan Rows": 711018, "Plan Width": 12, "Inner Unique": false, "Hash Cond": "(ci.movie_id = mc.movie_id), (LLVM Optimized)", "Plans": [{"Node Type": "Streaming(type: LOCAL REDISTRIBUTE dop: 16/16)", "Parent Relationship": "Outer", "Startup Cost": 15001.51, "Total Cost": 102848.74, "Plan Rows": 3296318, "Plan Width": 8, "Plans": [{"Node Type": "Hash Join", "Parent Relationship": "Outer", "Join Type": "Inner", "Startup Cost": 15001.51, "Total Cost": 75358.79, "Plan Rows": 3296318, "Plan Width": 8, "Inner Unique": true, "Hash Cond": "(ci.role_id = rt.id), (LLVM Optimized)", "Plans": [{"Node Type": "Seq Scan", "Parent Relationship": "Outer", "Relation Name": "cast_info", "Alias": "ci", "Startup Cost": 0.0, "Total Cost": 52617.37, "Plan Rows": 36259494, "Plan Width": 12}, {"Node Type": "Hash", "Parent Relationship": "Inner", "Startup Cost": 15001.5, "Total Cost": 15001.5, "Plan Rows": 16, "Plan Width": 4, "Plans": [{"Node Type": "Streaming(type: BROADCAST dop: 16/1)", "Parent Relationship": "Outer", "Startup Cost": 0.0, "Total Cost": 15001.5, "Plan Rows": 16, "Plan Width": 4, "Plans": [{"Node Type": "Seq Scan", "Parent Relationship": "Outer", "Relation Name": "role_type", "Alias": "rt", "Startup Cost": 0.0, "Total Cost": 1.15, "Plan Rows": 1, "Plan Width": 4, "Filter": "((role)::text = 'writer'::text)"}]}]}]}]}, {"Node Type": "Hash", "Parent Relationship": "Inner", "Startup Cost": 88282.97, "Total Cost": 88282.97, "Plan Rows": 1282311, "Plan Width": 4, "Plans": [{"Node Type": "Streaming(type: LOCAL REDISTRIBUTE dop: 16/16)", "Parent Relationship": "Outer", "Startup Cost": 24511.53, "Total Cost": 88282.97, "Plan Rows": 1282311, "Plan Width": 4, "Plans": [{"Node Type": "Hash Join", "Parent Relationship": "Outer", "Join Type": "Inner", "Startup Cost": 24511.53, "Total Cost": 68424.21, "Plan Rows": 1282311, "Plan Width": 4, "Inner Unique": true, "Hash Cond": "(mc.company_id = cn.id), (LLVM Optimized)", "Plans": [{"Node Type": "Streaming(type: LOCAL REDISTRIBUTE dop: 16/16)", "Parent Relationship": "Outer", "Startup Cost": 0.0, "Total Cost": 42499.73, "Plan Rows": 2609128, "Plan Width": 8, "Plans": [{"Node Type": "Seq Scan", "Parent Relationship": "Outer", "Relation Name": "movie_companies", "Alias": "mc", "Startup Cost": 0.0, "Total Cost": 17613.58, "Plan Rows": 2609128, "Plan Width": 8}]}, {"Node Type": "Hash", "Parent Relationship": "Inner", "Startup Cost": 24444.99, "Total Cost": 24444.99, "Plan Rows": 85170, "Plan Width": 4, "Plans": [{"Node Type": "Streaming(type: LOCAL REDISTRIBUTE dop: 16/1)", "Parent Relationship": "Outer", "Startup Cost": 0.0, "Total Cost": 24444.99, "Plan Rows": 85170, "Plan Width": 4, "Plans": [{"Node Type": "Seq Scan", "Parent Relationship": "Outer", "Relation Name": "company_name", "Alias": "cn", "Startup Cost": 0.0, "Total Cost": 5903.45, "Plan Rows": 85170, "Plan Width": 4, "Filter": "((country_code)::text = '[us]'::text)"}]}]}]}]}]}]}]}, {"Node Type": "Hash", "Parent Relationship": "Inner", "Startup Cost": 34659.52, "Total Cost": 34659.52, "Plan Rows": 901342, "Plan Width": 20, "Plans": [{"Node Type": "Streaming(type: LOCAL REDISTRIBUTE dop: 16/16)", "Parent Relationship": "Outer", "Startup Cost": 0.0, "Total Cost": 34659.52, "Plan Rows": 901342, "Plan Width": 20, "Plans": [{"Node Type": "Seq Scan", "Parent Relationship": "Outer", "Relation Name": "aka_name", "Alias": "a1", "Startup Cost": 0.0, "Total Cost": 16244.28, "Plan Rows": 901342, "Plan Width": 20}]}]}]}]}, {"Node Type": "Hash", "Parent Relationship": "Inner", "Startup Cost": 43334.25, "Total Cost": 43334.25, "Plan Rows": 2528311, "Plan Width": 21, "Plans": [{"Node Type": "Streaming(type: LOCAL REDISTRIBUTE dop: 16/16)", "Parent Relationship": "Outer", "Startup Cost": 0.0, "Total Cost": 43334.25, "Plan Rows": 2528311, "Plan Width": 21, "Plans": [{"Node Type": "Seq Scan", "Parent Relationship": "Outer", "Relation Name": "title", "Alias": "t", "Startup Cost": 0.0, "Total Cost": 18754.32, "Plan Rows": 2528311, "Plan Width": 21}]}]}]}]}, {"Node Type": "Hash", "Parent Relationship": "Inner", "Startup Cost": 51607.87, "Total Cost": 51607.87, "Plan Rows": 4167490, "Plan Width": 4, "Plans": [{"Node Type": "Streaming(type: LOCAL REDISTRIBUTE dop: 16/16)", "Parent Relationship": "Outer", "Startup Cost": 0.0, "Total Cost": 51607.87, "Plan Rows": 4167490, "Plan Width": 4, "Plans": [{"Node Type": "Seq Scan", "Parent Relationship": "Outer", "Relation Name": "name", "Alias": "n1", "Startup Cost": 0.0, "Total Cost": 20816.99, "Plan Rows": 4167490, "Plan Width": 4}]}]}]}]}]}]}, "Unique SQL Id": 2457761703, "Planner Runtime": 191}, "explain_analyze_plan": {"Plan": {"Node Type": "Aggregate", "Strategy": "Plain", "Startup Cost": 287566.27, "Total Cost": 287566.3, "Plan Rows": 1, "Plan Width": 97, "Actual Min Startup Time": 2807.394, "Actual Max Startup Time": 2807.394, "Actual Min Total Time": 2807.394, "Actual Max Total Time": 2807.394, "Plans": [{"Node Type": "Streaming(type: LOCAL GATHER dop: 1/16)", "Parent Relationship": "Outer", "Startup Cost": 287566.27, "Total Cost": 287566.3, "Plan Rows": 1, "Plan Width": 97, "Actual Min Startup Time": 2805.812, "Actual Max Startup Time": 2805.812, "Actual Min Total Time": 2807.366, "Actual Max Total Time": 2807.366, "Plans": [{"Node Type": "Aggregate", "Strategy": "Plain", "Parent Relationship": "Outer", "Startup Cost": 287566.27, "Total Cost": 287566.28, "Plan Rows": 1, "Plan Width": 97, "Actual Min Startup Time": 2410.309, "Actual Max Startup Time": 2537.515, "Actual Min Total Time": 2410.309, "Actual Max Total Time": 2537.515, "Plans": [{"Node Type": "Hash Join", "Parent Relationship": "Outer", "Join Type": "Inner", "Startup Cost": 142621.96, "Total Cost": 285780.78, "Plan Rows": 357098, "Plan Width": 33, "Actual Min Startup Time": 682.796, "Actual Max Startup Time": 809.411, "Actual Min Total Time": 2287.798, "Actual Max Total Time": 2474.84, "Inner Unique": true, "Hash Cond": "(a1.person_id = n1.id), (LLVM Optimized, Jit Execute)", "Plans": [{"Node Type": "Streaming(type: LOCAL REDISTRIBUTE dop: 16/16)", "Parent Relationship": "Outer", "Startup Cost": 126464.14, "Total Cost": 269316.07, "Plan Rows": 357098, "Plan Width": 41, "Actual Min Startup Time": 104.514, "Actual Max Startup Time": 134.767, "Actual Min Total Time": 1604.955, "Actual Max Total Time": 1724.615, "Plans": [{"Node Type": "Hash Join", "Parent Relationship": "Outer", "Join Type": "Inner", "Startup Cost": 126464.14, "Total Cost": 252963.01, "Plan Rows": 357098, "Plan Width": 41, "Actual Min Startup Time": 684.369, "Actual Max Startup Time": 863.954, "Actual Min Total Time": 2250.417, "Actual Max Total Time": 2462.715, "Inner Unique": true, "Hash Cond": "(ci.movie_id = t.id), (LLVM Optimized, Jit Execute)", "Plans": [{"Node Type": "Streaming(type: LOCAL REDISTRIBUTE dop: 16/16)", "Parent Relationship": "Outer", "Startup Cost": 113655.34, "Total Cost": 239847.25, "Plan Rows": 357379, "Plan Width": 32, "Actual Min Startup Time": 317.069, "Actual Max Startup Time": 322.995, "Actual Min Total Time": 1801.077, "Actual Max Total Time": 1863.509, "Plans": [{"Node Type": "Hash Join", "Parent Relationship": "Outer", "Join Type": "Inner", "Startup Cost": 113655.34, "Total Cost": 223493.12, "Plan Rows": 357379, "Plan Width": 32, "Actual Min Startup Time": 676.499, "Actual Max Startup Time": 926.544, "Actual Min Total Time": 1889.984, "Actual Max Total Time": 2339.531, "Inner Unique": false, "Hash Cond": "(ci.person_id = a1.person_id), (LLVM Optimized, Jit Execute)", "Plans": [{"Node Type": "Streaming(type: LOCAL REDISTRIBUTE dop: 16/16)", "Parent Relationship": "Outer", "Startup Cost": 104286.28, "Total Cost": 212931.86, "Plan Rows": 711018, "Plan Width": 12, "Actual Min Startup Time": 544.363, "Actual Max Startup Time": 557.858, "Actual Min Total Time": 1635.928, "Actual Max Total Time": 1965.859, "Plans": [{"Node Type": "Hash Join", "Parent Relationship": "Outer", "Join Type": "Inner", "Startup Cost": 104286.28, "Total Cost": 195237.77, "Plan Rows": 711018, "Plan Width": 12, "Actual Min Startup Time": 676.505, "Actual Max Startup Time": 873.864, "Actual Min Total Time": 1726.934, "Actual Max Total Time": 1983.436, "Inner Unique": false, "Hash Cond": "(ci.movie_id = mc.movie_id), (LLVM Optimized, Jit Execute)", "Plans": [{"Node Type": "Streaming(type: LOCAL REDISTRIBUTE dop: 16/16)", "Parent Relationship": "Outer", "Startup Cost": 15001.51, "Total Cost": 102848.74, "Plan Rows": 3296318, "Plan Width": 8, "Actual Min Startup Time": 0.059, "Actual Max Startup Time": 0.35, "Actual Min Total Time": 960.325, "Actual Max Total Time": 1125.807, "Plans": [{"Node Type": "Hash Join", "Parent Relationship": "Outer", "Join Type": "Inner", "Startup Cost": 15001.51, "Total Cost": 75358.79, "Plan Rows": 3296318, "Plan Width": 8, "Actual Min Startup Time": 618.945, "Actual Max Startup Time": 658.044, "Actual Min Total Time": 973.958, "Actual Max Total Time": 1016.065, "Inner Unique": true, "Hash Cond": "(ci.role_id = rt.id), (LLVM Optimized, Jit Execute)", "Plans": [{"Node Type": "Seq Scan", "Parent Relationship": "Outer", "Relation Name": "cast_info", "Alias": "ci", "Startup Cost": 0.0, "Total Cost": 52617.37, "Plan Rows": 36259494, "Plan Width": 12, "Actual Min Startup Time": 0.027, "Actual Max Startup Time": 0.044, "Actual Min Total Time": 516.927, "Actual Max Total Time": 557.048, "Actual Rows": 36244343}, {"Node Type": "Hash", "Parent Relationship": "Inner", "Startup Cost": 15001.5, "Total Cost": 15001.5, "Plan Rows": 16, "Plan Width": 4, "Actual Min Startup Time": 0.012, "Actual Max Startup Time": 23.82, "Actual Min Total Time": 0.012, "Actual Max Total Time": 23.82, "Max Hash Buckets": 32768, "Min Hash Buckets": 32768, "Max Hash Batches": 1, "Min Hash Batches": 1, "Max Original Hash Batches": 1, "Min Original Hash Batches": 1, "Max Peak Memory Usage": 1, "min Peak Memory Usage": 1, "Plans": [{"Node Type": "Streaming(type: BROADCAST dop: 16/1)", "Parent Relationship": "Outer", "Startup Cost": 0.0, "Total Cost": 15001.5, "Plan Rows": 16, "Plan Width": 4, "Actual Min Startup Time": 0.003, "Actual Max Startup Time": 23.79, "Actual Min Total Time": 0.004, "Actual Max Total Time": 23.792, "Plans": [{"Node Type": "Seq Scan", "Parent Relationship": "Outer", "Relation Name": "role_type", "Alias": "rt", "Startup Cost": 0.0, "Total Cost": 1.15, "Plan Rows": 1, "Plan Width": 4, "Actual Min Startup Time": 0.032, "Actual Max Startup Time": 0.032, "Actual Min Total Time": 0.036, "Actual Max Total Time": 0.036, "Filter": "((role)::text = 'writer'::text)", "Rows Removed by Filter": 11, "Actual Rows": 1}], "Actual Rows": 16}], "Actual Rows": 16}], "Actual Rows": 2728943}], "Actual Rows": 2728943}, {"Node Type": "Hash", "Parent Relationship": "Inner", "Startup Cost": 88282.97, "Total Cost": 88282.97, "Plan Rows": 1282311, "Plan Width": 4, "Actual Min Startup Time": 676.313, "Actual Max Startup Time": 873.534, "Actual Min Total Time": 676.313, "Actual Max Total Time": 873.534, "Max Hash Buckets": 131072, "Min Hash Buckets": 131072, "Max Hash Batches": 1, "Min Hash Batches": 1, "Max Original Hash Batches": 1, "Min Original Hash Batches": 1, "Max Peak Memory Usage": 2542, "min Peak Memory Usage": 2542, "Plans": [{"Node Type": "Streaming(type: LOCAL REDISTRIBUTE dop: 16/16)", "Parent Relationship": "Outer", "Startup Cost": 24511.53, "Total Cost": 88282.97, "Plan Rows": 1282311, "Plan Width": 4, "Actual Min Startup Time": 194.948, "Actual Max Startup Time": 392.152, "Actual Min Total Time": 652.521, "Actual Max Total Time": 846.259, "Plans": [{"Node Type": "Hash Join", "Parent Relationship": "Outer", "Join Type": "Inner", "Startup Cost": 24511.53, "Total Cost": 68424.21, "Plan Rows": 1282311, "Plan Width": 4, "Actual Min Startup Time": 193.447, "Actual Max Startup Time": 460.105, "Actual Min Total Time": 545.948, "Actual Max Total Time": 855.575, "Inner Unique": true, "Hash Cond": "(mc.company_id = cn.id), (LLVM Optimized, Jit Execute)", "Plans": [{"Node Type": "Streaming(type: LOCAL REDISTRIBUTE dop: 16/16)", "Parent Relationship": "Outer", "Startup Cost": 0.0, "Total Cost": 42499.73, "Plan Rows": 2609128, "Plan Width": 8, "Actual Min Startup Time": 0.064, "Actual Max Startup Time": 1.902, "Actual Min Total Time": 262.091, "Actual Max Total Time": 376.152, "Plans": [{"Node Type": "Seq Scan", "Parent Relationship": "Outer", "Relation Name": "movie_companies", "Alias": "mc", "Startup Cost": 0.0, "Total Cost": 17613.58, "Plan Rows": 2609128, "Plan Width": 8, "Actual Min Startup Time": 0.027, "Actual Max Startup Time": 0.063, "Actual Min Total Time": 42.353, "Actual Max Total Time": 50.636, "Actual Rows": 2609128}], "Actual Rows": 2609128}, {"Node Type": "Hash", "Parent Relationship": "Inner", "Startup Cost": 24444.99, "Total Cost": 24444.99, "Plan Rows": 85170, "Plan Width": 4, "Actual Min Startup Time": 193.304, "Actual Max Startup Time": 459.356, "Actual Min Total Time": 193.304, "Actual Max Total Time": 459.356, "Max Hash Buckets": 32768, "Min Hash Buckets": 32768, "Max Hash Batches": 1, "Min Hash Batches": 1, "Max Original Hash Batches": 1, "Min Original Hash Batches": 1, "Max Peak Memory Usage": 182, "min Peak Memory Usage": 182, "Plans": [{"Node Type": "Streaming(type: LOCAL REDISTRIBUTE dop: 16/1)", "Parent Relationship": "Outer", "Startup Cost": 0.0, "Total Cost": 24444.99, "Plan Rows": 85170, "Plan Width": 4, "Actual Min Startup Time": 0.041, "Actual Max Startup Time": 266.767, "Actual Min Total Time": 191.764, "Actual Max Total Time": 457.92, "Plans": [{"Node Type": "Seq Scan", "Parent Relationship": "Outer", "Relation Name": "company_name", "Alias": "cn", "Startup Cost": 0.0, "Total Cost": 5903.45, "Plan Rows": 85170, "Plan Width": 4, "Actual Min Startup Time": 0.053, "Actual Max Startup Time": 0.053, "Actual Min Total Time": 97.001, "Actual Max Total Time": 97.001, "Filter": "((country_code)::text = '[us]'::text)", "Rows Removed by Filter": 150153, "Actual Rows": 84843}], "Actual Rows": 84843}], "Actual Rows": 84843}], "Actual Rows": 1153797}], "Actual Rows": 1153797}], "Actual Rows": 1153797}], "Actual Rows": 1970658}], "Actual Rows": 1970658}, {"Node Type": "Hash", "Parent Relationship": "Inner", "Startup Cost": 34659.52, "Total Cost": 34659.52, "Plan Rows": 901342, "Plan Width": 20, "Actual Min Startup Time": 130.612, "Actual Max Startup Time": 381.22, "Actual Min Total Time": 130.612, "Actual Max Total Time": 381.22, "Max Hash Buckets": 65536, "Min Hash Buckets": 65536, "Max Hash Batches": 1, "Min Hash Batches": 1, "Max Original Hash Batches": 1, "Min Original Hash Batches": 1, "Max Peak Memory Usage": 2981, "min Peak Memory Usage": 2981, "Plans": [{"Node Type": "Streaming(type: LOCAL REDISTRIBUTE dop: 16/16)", "Parent Relationship": "Outer", "Startup Cost": 0.0, "Total Cost": 34659.52, "Plan Rows": 901342, "Plan Width": 20, "Actual Min Startup Time": 0.052, "Actual Max Startup Time": 67.059, "Actual Min Total Time": 109.562, "Actual Max Total Time": 360.696, "Plans": [{"Node Type": "Seq Scan", "Parent Relationship": "Outer", "Relation Name": "aka_name", "Alias": "a1", "Startup Cost": 0.0, "Total Cost": 16244.28, "Plan Rows": 901342, "Plan Width": 20, "Actual Min Startup Time": 0.019, "Actual Max Startup Time": 0.042, "Actual Min Total Time": 15.933, "Actual Max Total Time": 20.502, "Actual Rows": 901342}], "Actual Rows": 901342}], "Actual Rows": 901342}], "Actual Rows": 2487611}], "Actual Rows": 2487611}, {"Node Type": "Hash", "Parent Relationship": "Inner", "Startup Cost": 43334.25, "Total Cost": 43334.25, "Plan Rows": 2528311, "Plan Width": 21, "Actual Min Startup Time": 365.618, "Actual Max Startup Time": 543.574, "Actual Min Total Time": 365.618, "Actual Max Total Time": 543.574, "Max Hash Buckets": 262144, "Min Hash Buckets": 262144, "Max Hash Batches": 1, "Min Hash Batches": 1, "Max Original Hash Batches": 1, "Min Original Hash Batches": 1, "Max Peak Memory Usage": 8518, "min Peak Memory Usage": 8518, "Plans": [{"Node Type": "Streaming(type: LOCAL REDISTRIBUTE dop: 16/16)", "Parent Relationship": "Outer", "Startup Cost": 0.0, "Total Cost": 43334.25, "Plan Rows": 2528311, "Plan Width": 21, "Actual Min Startup Time": 0.063, "Actual Max Startup Time": 18.287, "Actual Min Total Time": 289.389, "Actual Max Total Time": 470.899, "Plans": [{"Node Type": "Seq Scan", "Parent Relationship": "Outer", "Relation Name": "title", "Alias": "t", "Startup Cost": 0.0, "Total Cost": 18754.32, "Plan Rows": 2528311, "Plan Width": 21, "Actual Min Startup Time": 0.017, "Actual Max Startup Time": 0.037, "Actual Min Total Time": 47.834, "Actual Max Total Time": 58.11, "Actual Rows": 2528311}], "Actual Rows": 2528311}], "Actual Rows": 2528311}], "Actual Rows": 2487611}], "Actual Rows": 2487611}, {"Node Type": "Hash", "Parent Relationship": "Inner", "Startup Cost": 51607.87, "Total Cost": 51607.87, "Plan Rows": 4167490, "Plan Width": 4, "Actual Min Startup Time": 573.363, "Actual Max Startup Time": 700.351, "Actual Min Total Time": 573.363, "Actual Max Total Time": 700.351, "Max Hash Buckets": 262144, "Min Hash Buckets": 262144, "Max Hash Batches": 1, "Min Hash Batches": 1, "Max Original Hash Batches": 1, "Min Original Hash Batches": 1, "Max Peak Memory Usage": 9174, "min Peak Memory Usage": 9174, "Plans": [{"Node Type": "Streaming(type: LOCAL REDISTRIBUTE dop: 16/16)", "Parent Relationship": "Outer", "Startup Cost": 0.0, "Total Cost": 51607.87, "Plan Rows": 4167490, "Plan Width": 4, "Actual Min Startup Time": 0.053, "Actual Max Startup Time": 0.099, "Actual Min Total Time": 470.118, "Actual Max Total Time": 593.068, "Plans": [{"Node Type": "Seq Scan", "Parent Relationship": "Outer", "Relation Name": "name", "Alias": "n1", "Startup Cost": 0.0, "Total Cost": 20816.99, "Plan Rows": 4167490, "Plan Width": 4, "Actual Min Startup Time": 0.017, "Actual Max Startup Time": 0.04, "Actual Min Total Time": 75.276, "Actual Max Total Time": 87.952, "Actual Rows": 4167490}], "Actual Rows": 4167490}], "Actual Rows": 4167490}], "Actual Rows": 2487611}], "Actual Rows": 16}], "Actual Rows": 16}], "Actual Rows": 1}, "Triggers": [], "Planner Runtime": 253, "Total Runtime": 2852.697, "Unique SQL Id": 2457761703}}, "(16, 101)": {"explain_plan": {"Plan": {"Node Type": "Aggregate", "Strategy": "Plain", "Startup Cost": 1403521.5, "Total Cost": 1403521.52, "Plan Rows": 1, "Plan Width": 97, "Plans": [{"Node Type": "Streaming(type: LOCAL GATHER dop: 1/16)", "Parent Relationship": "Outer", "Startup Cost": 1403521.5, "Total Cost": 1403521.52, "Plan Rows": 1, "Plan Width": 97, "Plans": [{"Node Type": "Aggregate", "Strategy": "Plain", "Parent Relationship": "Outer", "Startup Cost": 1403521.5, "Total Cost": 1403521.51, "Plan Rows": 1, "Plan Width": 97, "Plans": [{"Node Type": "Hash Join", "Parent Relationship": "Outer", "Join Type": "Inner", "Startup Cost": 1181725.83, "Total Cost": 1401736.01, "Plan Rows": 357098, "Plan Width": 33, "Inner Unique": true, "Hash Cond": "(ci.movie_id = t.id), (LLVM Optimized)", "Plans": [{"Node Type": "Streaming(type: LOCAL REDISTRIBUTE dop: 16/16)", "Parent Relationship": "Outer", "Startup Cost": 1148251.22, "Total Cost": 1367954.44, "Plan Rows": 357379, "Plan Width": 24, "Plans": [{"Node Type": "Hash Join", "Parent Relationship": "Outer", "Join Type": "Inner", "Startup Cost": 1148251.22, "Total Cost": 1351600.31, "Plan Rows": 357379, "Plan Width": 24, "Inner Unique": false, "Hash Cond": "(n1.id = a1.person_id), (LLVM Optimized)", "Plans": [{"Node Type": "Streaming(type: LOCAL REDISTRIBUTE dop: 16/16)", "Parent Relationship": "Outer", "Startup Cost": 1125291.96, "Total Cost": 1327448.82, "Plan Rows": 711018, "Plan Width": 16, "Plans": [{"Node Type": "Hash Join", "Parent Relationship": "Outer", "Join Type": "Inner", "Startup Cost": 1125291.96, "Total Cost": 1309754.73, "Plan Rows": 711018, "Plan Width": 16, "Inner Unique": true, "Hash Cond": "(ci.person_id = n1.id), (LLVM Optimized)", "Plans": [{"Node Type": "Streaming(type: LOCAL REDISTRIBUTE dop: 16/16)", "Parent Relationship": "Outer", "Startup Cost": 1076297.75, "Total Cost": 1260149.49, "Plan Rows": 711018, "Plan Width": 12, "Plans": [{"Node Type": "Hash Join", "Parent Relationship": "Outer", "Join Type": "Inner", "Startup Cost": 1076297.75, "Total Cost": 1242455.4, "Plan Rows": 711018, "Plan Width": 12, "Inner Unique": true, "Hash Cond": "(mc.company_id = cn.id), (LLVM Optimized)", "Plans": [{"Node Type": "Streaming(type: LOCAL REDISTRIBUTE dop: 16/16)", "Parent Relationship": "Outer", "Startup Cost": 1069419.83, "Total Cost": 1234794.01, "Plan Rows": 1446714, "Plan Width": 16, "Plans": [{"Node Type": "Hash Join", "Parent Relationship": "Outer", "Join Type": "Inner", "Startup Cost": 1069419.83, "Total Cost": 1214312.32, "Plan Rows": 1446714, "Plan Width": 16, "Inner Unique": false, "Hash Cond": "(mc.movie_id = ci.movie_id), (LLVM Optimized)", "Plans": [{"Node Type": "Streaming(type: LOCAL REDISTRIBUTE dop: 16/16)", "Parent Relationship": "Outer", "Startup Cost": 0.0, "Total Cost": 139099.07, "Plan Rows": 2609128, "Plan Width": 8, "Plans": [{"Node Type": "Index Scan", "Parent Relationship": "Outer", "Scan Direction": "Forward", "Index Name": "company_id_movie_companies", "Relation Name": "movie_companies", "Alias": "mc", "Startup Cost": 0.0, "Total Cost": 114212.92, "Plan Rows": 2609128, "Plan Width": 8}]}, {"Node Type": "Hash", "Parent Relationship": "Inner", "Startup Cost": 1066844.59, "Total Cost": 1066844.59, "Plan Rows": 3296318, "Plan Width": 8, "Plans": [{"Node Type": "Streaming(type: LOCAL REDISTRIBUTE dop: 16/16)", "Parent Relationship": "Outer", "Startup Cost": 15012.82, "Total Cost": 1066844.59, "Plan Rows": 3296318, "Plan Width": 8, "Plans": [{"Node Type": "Hash Join", "Parent Relationship": "Outer", "Join Type": "Inner", "Startup Cost": 15012.82, "Total Cost": 1039354.63, "Plan Rows": 3296318, "Plan Width": 8, "Inner Unique": true, "Hash Cond": "(ci.role_id = rt.id), (LLVM Optimized)", "Plans": [{"Node Type": "Index Scan", "Parent Relationship": "Outer", "Scan Direction": "Forward", "Index Name": "role_id_cast_info", "Relation Name": "cast_info", "Alias": "ci", "Startup Cost": 0.0, "Total Cost": 1016601.9, "Plan Rows": 36259494, "Plan Width": 12}, {"Node Type": "Hash", "Parent Relationship": "Inner", "Startup Cost": 15012.81, "Total Cost": 15012.81, "Plan Rows": 16, "Plan Width": 4, "Plans": [{"Node Type": "Streaming(type: BROADCAST dop: 16/1)", "Parent Relationship": "Outer", "Startup Cost": 0.0, "Total Cost": 15012.81, "Plan Rows": 16, "Plan Width": 4, "Plans": [{"Node Type": "Index Scan", "Parent Relationship": "Outer", "Scan Direction": "Forward", "Index Name": "role_type_pkey", "Relation Name": "role_type", "Alias": "rt", "Startup Cost": 0.0, "Total Cost": 12.46, "Plan Rows": 1, "Plan Width": 4, "Filter": "((role)::text = 'writer'::text)"}]}]}]}]}]}]}]}, {"Node Type": "Hash", "Parent Relationship": "Inner", "Startup Cost": 27245.51, "Total Cost": 27245.51, "Plan Rows": 85170, "Plan Width": 4, "Plans": [{"Node Type": "Streaming(type: LOCAL REDISTRIBUTE dop: 16/1)", "Parent Relationship": "Outer", "Startup Cost": 2800.52, "Total Cost": 27245.51, "Plan Rows": 85170, "Plan Width": 4, "Plans": [{"Node Type": "Bitmap Heap Scan", "Parent Relationship": "Outer", "Relation Name": "company_name", "Alias": "cn", "Startup Cost": 2800.52, "Total Cost": 8703.97, "Plan Rows": 85170, "Plan Width": 4, "Filter": "((country_code)::text = '[us]'::text)", "Plans": [{"Node Type": "Bitmap Index Scan", "Parent Relationship": "Outer", "Index Name": "company_name_pkey", "Startup Cost": 0.0, "Total Cost": 2779.23, "Plan Rows": 234996, "Plan Width": 0}]}]}]}]}]}, {"Node Type": "Hash", "Parent Relationship": "Inner", "Startup Cost": 182953.41, "Total Cost": 182953.41, "Plan Rows": 4167490, "Plan Width": 4, "Plans": [{"Node Type": "Streaming(type: LOCAL REDISTRIBUTE dop: 16/16)", "Parent Relationship": "Outer", "Startup Cost": 0.0, "Total Cost": 182953.41, "Plan Rows": 4167490, "Plan Width": 4, "Plans": [{"Node Type": "Index Scan", "Parent Relationship": "Outer", "Scan Direction": "Forward", "Index Name": "name_pkey", "Relation Name": "name", "Alias": "n1", "Startup Cost": 0.0, "Total Cost": 152162.53, "Plan Rows": 4167490, "Plan Width": 4}]}]}]}]}, {"Node Type": "Hash", "Parent Relationship": "Inner", "Startup Cost": 89020.35, "Total Cost": 89020.35, "Plan Rows": 901342, "Plan Width": 20, "Plans": [{"Node Type": "Streaming(type: LOCAL REDISTRIBUTE dop: 16/1)", "Parent Relationship": "Outer", "Startup Cost": 16632.3, "Total Cost": 89020.35, "Plan Rows": 901342, "Plan Width": 20, "Plans": [{"Node Type": "Bitmap Heap Scan", "Parent Relationship": "Outer", "Relation Name": "aka_name", "Alias": "a1", "Startup Cost": 16632.3, "Total Cost": 36540.72, "Plan Rows": 901342, "Plan Width": 20, "Plans": [{"Node Type": "Bitmap Index Scan", "Parent Relationship": "Outer", "Index Name": "person_id_aka_name", "Startup Cost": 0.0, "Total Cost": 16406.96, "Plan Rows": 901342, "Plan Width": 0}]}]}]}]}]}, {"Node Type": "Hash", "Parent Relationship": "Inner", "Startup Cost": 125997.5, "Total Cost": 125997.5, "Plan Rows": 2528311, "Plan Width": 21, "Plans": [{"Node Type": "Streaming(type: LOCAL REDISTRIBUTE dop: 16/16)", "Parent Relationship": "Outer", "Startup Cost": 0.0, "Total Cost": 125997.5, "Plan Rows": 2528311, "Plan Width": 21, "Plans": [{"Node Type": "Index Scan", "Parent Relationship": "Outer", "Scan Direction": "Forward", "Index Name": "title_pkey", "Relation Name": "title", "Alias": "t", "Startup Cost": 0.0, "Total Cost": 101417.57, "Plan Rows": 2528311, "Plan Width": 21}]}]}]}]}]}]}, "Unique SQL Id": 2457761703, "Planner Runtime": 159}, "explain_analyze_plan": null}, "(16, 102)": {"explain_plan": {"Plan": {"Node Type": "Aggregate", "Strategy": "Plain", "Startup Cost": 287566.27, "Total Cost": 287566.3, "Plan Rows": 1, "Plan Width": 97, "Plans": [{"Node Type": "Streaming(type: LOCAL GATHER dop: 1/16)", "Parent Relationship": "Outer", "Startup Cost": 287566.27, "Total Cost": 287566.3, "Plan Rows": 1, "Plan Width": 97, "Plans": [{"Node Type": "Aggregate", "Strategy": "Plain", "Parent Relationship": "Outer", "Startup Cost": 287566.27, "Total Cost": 287566.28, "Plan Rows": 1, "Plan Width": 97, "Plans": [{"Node Type": "Hash Join", "Parent Relationship": "Outer", "Join Type": "Inner", "Startup Cost": 142621.96, "Total Cost": 285780.78, "Plan Rows": 357098, "Plan Width": 33, "Inner Unique": true, "Hash Cond": "(a1.person_id = n1.id), (LLVM Optimized)", "Plans": [{"Node Type": "Streaming(type: LOCAL REDISTRIBUTE dop: 16/16)", "Parent Relationship": "Outer", "Startup Cost": 126464.14, "Total Cost": 269316.07, "Plan Rows": 357098, "Plan Width": 41, "Plans": [{"Node Type": "Hash Join", "Parent Relationship": "Outer", "Join Type": "Inner", "Startup Cost": 126464.14, "Total Cost": 252963.01, "Plan Rows": 357098, "Plan Width": 41, "Inner Unique": true, "Hash Cond": "(ci.movie_id = t.id), (LLVM Optimized)", "Plans": [{"Node Type": "Streaming(type: LOCAL REDISTRIBUTE dop: 16/16)", "Parent Relationship": "Outer", "Startup Cost": 113655.34, "Total Cost": 239847.25, "Plan Rows": 357379, "Plan Width": 32, "Plans": [{"Node Type": "Hash Join", "Parent Relationship": "Outer", "Join Type": "Inner", "Startup Cost": 113655.34, "Total Cost": 223493.12, "Plan Rows": 357379, "Plan Width": 32, "Inner Unique": false, "Hash Cond": "(ci.person_id = a1.person_id), (LLVM Optimized)", "Plans": [{"Node Type": "Streaming(type: LOCAL REDISTRIBUTE dop: 16/16)", "Parent Relationship": "Outer", "Startup Cost": 104286.28, "Total Cost": 212931.86, "Plan Rows": 711018, "Plan Width": 12, "Plans": [{"Node Type": "Hash Join", "Parent Relationship": "Outer", "Join Type": "Inner", "Startup Cost": 104286.28, "Total Cost": 195237.77, "Plan Rows": 711018, "Plan Width": 12, "Inner Unique": false, "Hash Cond": "(ci.movie_id = mc.movie_id), (LLVM Optimized)", "Plans": [{"Node Type": "Streaming(type: LOCAL REDISTRIBUTE dop: 16/16)", "Parent Relationship": "Outer", "Startup Cost": 15001.51, "Total Cost": 102848.74, "Plan Rows": 3296318, "Plan Width": 8, "Plans": [{"Node Type": "Hash Join", "Parent Relationship": "Outer", "Join Type": "Inner", "Startup Cost": 15001.51, "Total Cost": 75358.79, "Plan Rows": 3296318, "Plan Width": 8, "Inner Unique": true, "Hash Cond": "(ci.role_id = rt.id), (LLVM Optimized)", "Plans": [{"Node Type": "Seq Scan", "Parent Relationship": "Outer", "Relation Name": "cast_info", "Alias": "ci", "Startup Cost": 0.0, "Total Cost": 52617.37, "Plan Rows": 36259494, "Plan Width": 12}, {"Node Type": "Hash", "Parent Relationship": "Inner", "Startup Cost": 15001.5, "Total Cost": 15001.5, "Plan Rows": 16, "Plan Width": 4, "Plans": [{"Node Type": "Streaming(type: BROADCAST dop: 16/1)", "Parent Relationship": "Outer", "Startup Cost": 0.0, "Total Cost": 15001.5, "Plan Rows": 16, "Plan Width": 4, "Plans": [{"Node Type": "Seq Scan", "Parent Relationship": "Outer", "Relation Name": "role_type", "Alias": "rt", "Startup Cost": 0.0, "Total Cost": 1.15, "Plan Rows": 1, "Plan Width": 4, "Filter": "((role)::text = 'writer'::text)"}]}]}]}]}, {"Node Type": "Hash", "Parent Relationship": "Inner", "Startup Cost": 88282.97, "Total Cost": 88282.97, "Plan Rows": 1282311, "Plan Width": 4, "Plans": [{"Node Type": "Streaming(type: LOCAL REDISTRIBUTE dop: 16/16)", "Parent Relationship": "Outer", "Startup Cost": 24511.53, "Total Cost": 88282.97, "Plan Rows": 1282311, "Plan Width": 4, "Plans": [{"Node Type": "Hash Join", "Parent Relationship": "Outer", "Join Type": "Inner", "Startup Cost": 24511.53, "Total Cost": 68424.21, "Plan Rows": 1282311, "Plan Width": 4, "Inner Unique": true, "Hash Cond": "(mc.company_id = cn.id), (LLVM Optimized)", "Plans": [{"Node Type": "Streaming(type: LOCAL REDISTRIBUTE dop: 16/16)", "Parent Relationship": "Outer", "Startup Cost": 0.0, "Total Cost": 42499.73, "Plan Rows": 2609128, "Plan Width": 8, "Plans": [{"Node Type": "Seq Scan", "Parent Relationship": "Outer", "Relation Name": "movie_companies", "Alias": "mc", "Startup Cost": 0.0, "Total Cost": 17613.58, "Plan Rows": 2609128, "Plan Width": 8}]}, {"Node Type": "Hash", "Parent Relationship": "Inner", "Startup Cost": 24444.99, "Total Cost": 24444.99, "Plan Rows": 85170, "Plan Width": 4, "Plans": [{"Node Type": "Streaming(type: LOCAL REDISTRIBUTE dop: 16/1)", "Parent Relationship": "Outer", "Startup Cost": 0.0, "Total Cost": 24444.99, "Plan Rows": 85170, "Plan Width": 4, "Plans": [{"Node Type": "Seq Scan", "Parent Relationship": "Outer", "Relation Name": "company_name", "Alias": "cn", "Startup Cost": 0.0, "Total Cost": 5903.45, "Plan Rows": 85170, "Plan Width": 4, "Filter": "((country_code)::text = '[us]'::text)"}]}]}]}]}]}]}]}, {"Node Type": "Hash", "Parent Relationship": "Inner", "Startup Cost": 34659.52, "Total Cost": 34659.52, "Plan Rows": 901342, "Plan Width": 20, "Plans": [{"Node Type": "Streaming(type: LOCAL REDISTRIBUTE dop: 16/16)", "Parent Relationship": "Outer", "Startup Cost": 0.0, "Total Cost": 34659.52, "Plan Rows": 901342, "Plan Width": 20, "Plans": [{"Node Type": "Seq Scan", "Parent Relationship": "Outer", "Relation Name": "aka_name", "Alias": "a1", "Startup Cost": 0.0, "Total Cost": 16244.28, "Plan Rows": 901342, "Plan Width": 20}]}]}]}]}, {"Node Type": "Hash", "Parent Relationship": "Inner", "Startup Cost": 43334.25, "Total Cost": 43334.25, "Plan Rows": 2528311, "Plan Width": 21, "Plans": [{"Node Type": "Streaming(type: LOCAL REDISTRIBUTE dop: 16/16)", "Parent Relationship": "Outer", "Startup Cost": 0.0, "Total Cost": 43334.25, "Plan Rows": 2528311, "Plan Width": 21, "Plans": [{"Node Type": "Seq Scan", "Parent Relationship": "Outer", "Relation Name": "title", "Alias": "t", "Startup Cost": 0.0, "Total Cost": 18754.32, "Plan Rows": 2528311, "Plan Width": 21}]}]}]}]}, {"Node Type": "Hash", "Parent Relationship": "Inner", "Startup Cost": 51607.87, "Total Cost": 51607.87, "Plan Rows": 4167490, "Plan Width": 4, "Plans": [{"Node Type": "Streaming(type: LOCAL REDISTRIBUTE dop: 16/16)", "Parent Relationship": "Outer", "Startup Cost": 0.0, "Total Cost": 51607.87, "Plan Rows": 4167490, "Plan Width": 4, "Plans": [{"Node Type": "Seq Scan", "Parent Relationship": "Outer", "Relation Name": "name", "Alias": "n1", "Startup Cost": 0.0, "Total Cost": 20816.99, "Plan Rows": 4167490, "Plan Width": 4}]}]}]}]}]}]}, "Unique SQL Id": 2457761703, "Planner Runtime": 177}, "explain_analyze_plan": {"Plan": {"Node Type": "Aggregate", "Strategy": "Plain", "Startup Cost": 287566.27, "Total Cost": 287566.3, "Plan Rows": 1, "Plan Width": 97, "Actual Min Startup Time": 2807.394, "Actual Max Startup Time": 2807.394, "Actual Min Total Time": 2807.394, "Actual Max Total Time": 2807.394, "Plans": [{"Node Type": "Streaming(type: LOCAL GATHER dop: 1/16)", "Parent Relationship": "Outer", "Startup Cost": 287566.27, "Total Cost": 287566.3, "Plan Rows": 1, "Plan Width": 97, "Actual Min Startup Time": 2805.812, "Actual Max Startup Time": 2805.812, "Actual Min Total Time": 2807.366, "Actual Max Total Time": 2807.366, "Plans": [{"Node Type": "Aggregate", "Strategy": "Plain", "Parent Relationship": "Outer", "Startup Cost": 287566.27, "Total Cost": 287566.28, "Plan Rows": 1, "Plan Width": 97, "Actual Min Startup Time": 2410.309, "Actual Max Startup Time": 2537.515, "Actual Min Total Time": 2410.309, "Actual Max Total Time": 2537.515, "Plans": [{"Node Type": "Hash Join", "Parent Relationship": "Outer", "Join Type": "Inner", "Startup Cost": 142621.96, "Total Cost": 285780.78, "Plan Rows": 357098, "Plan Width": 33, "Actual Min Startup Time": 682.796, "Actual Max Startup Time": 809.411, "Actual Min Total Time": 2287.798, "Actual Max Total Time": 2474.84, "Inner Unique": true, "Hash Cond": "(a1.person_id = n1.id), (LLVM Optimized, Jit Execute)", "Plans": [{"Node Type": "Streaming(type: LOCAL REDISTRIBUTE dop: 16/16)", "Parent Relationship": "Outer", "Startup Cost": 126464.14, "Total Cost": 269316.07, "Plan Rows": 357098, "Plan Width": 41, "Actual Min Startup Time": 104.514, "Actual Max Startup Time": 134.767, "Actual Min Total Time": 1604.955, "Actual Max Total Time": 1724.615, "Plans": [{"Node Type": "Hash Join", "Parent Relationship": "Outer", "Join Type": "Inner", "Startup Cost": 126464.14, "Total Cost": 252963.01, "Plan Rows": 357098, "Plan Width": 41, "Actual Min Startup Time": 684.369, "Actual Max Startup Time": 863.954, "Actual Min Total Time": 2250.417, "Actual Max Total Time": 2462.715, "Inner Unique": true, "Hash Cond": "(ci.movie_id = t.id), (LLVM Optimized, Jit Execute)", "Plans": [{"Node Type": "Streaming(type: LOCAL REDISTRIBUTE dop: 16/16)", "Parent Relationship": "Outer", "Startup Cost": 113655.34, "Total Cost": 239847.25, "Plan Rows": 357379, "Plan Width": 32, "Actual Min Startup Time": 317.069, "Actual Max Startup Time": 322.995, "Actual Min Total Time": 1801.077, "Actual Max Total Time": 1863.509, "Plans": [{"Node Type": "Hash Join", "Parent Relationship": "Outer", "Join Type": "Inner", "Startup Cost": 113655.34, "Total Cost": 223493.12, "Plan Rows": 357379, "Plan Width": 32, "Actual Min Startup Time": 676.499, "Actual Max Startup Time": 926.544, "Actual Min Total Time": 1889.984, "Actual Max Total Time": 2339.531, "Inner Unique": false, "Hash Cond": "(ci.person_id = a1.person_id), (LLVM Optimized, Jit Execute)", "Plans": [{"Node Type": "Streaming(type: LOCAL REDISTRIBUTE dop: 16/16)", "Parent Relationship": "Outer", "Startup Cost": 104286.28, "Total Cost": 212931.86, "Plan Rows": 711018, "Plan Width": 12, "Actual Min Startup Time": 544.363, "Actual Max Startup Time": 557.858, "Actual Min Total Time": 1635.928, "Actual Max Total Time": 1965.859, "Plans": [{"Node Type": "Hash Join", "Parent Relationship": "Outer", "Join Type": "Inner", "Startup Cost": 104286.28, "Total Cost": 195237.77, "Plan Rows": 711018, "Plan Width": 12, "Actual Min Startup Time": 676.505, "Actual Max Startup Time": 873.864, "Actual Min Total Time": 1726.934, "Actual Max Total Time": 1983.436, "Inner Unique": false, "Hash Cond": "(ci.movie_id = mc.movie_id), (LLVM Optimized, Jit Execute)", "Plans": [{"Node Type": "Streaming(type: LOCAL REDISTRIBUTE dop: 16/16)", "Parent Relationship": "Outer", "Startup Cost": 15001.51, "Total Cost": 102848.74, "Plan Rows": 3296318, "Plan Width": 8, "Actual Min Startup Time": 0.059, "Actual Max Startup Time": 0.35, "Actual Min Total Time": 960.325, "Actual Max Total Time": 1125.807, "Plans": [{"Node Type": "Hash Join", "Parent Relationship": "Outer", "Join Type": "Inner", "Startup Cost": 15001.51, "Total Cost": 75358.79, "Plan Rows": 3296318, "Plan Width": 8, "Actual Min Startup Time": 618.945, "Actual Max Startup Time": 658.044, "Actual Min Total Time": 973.958, "Actual Max Total Time": 1016.065, "Inner Unique": true, "Hash Cond": "(ci.role_id = rt.id), (LLVM Optimized, Jit Execute)", "Plans": [{"Node Type": "Seq Scan", "Parent Relationship": "Outer", "Relation Name": "cast_info", "Alias": "ci", "Startup Cost": 0.0, "Total Cost": 52617.37, "Plan Rows": 36259494, "Plan Width": 12, "Actual Min Startup Time": 0.027, "Actual Max Startup Time": 0.044, "Actual Min Total Time": 516.927, "Actual Max Total Time": 557.048, "Actual Rows": 36244343}, {"Node Type": "Hash", "Parent Relationship": "Inner", "Startup Cost": 15001.5, "Total Cost": 15001.5, "Plan Rows": 16, "Plan Width": 4, "Actual Min Startup Time": 0.012, "Actual Max Startup Time": 23.82, "Actual Min Total Time": 0.012, "Actual Max Total Time": 23.82, "Max Hash Buckets": 32768, "Min Hash Buckets": 32768, "Max Hash Batches": 1, "Min Hash Batches": 1, "Max Original Hash Batches": 1, "Min Original Hash Batches": 1, "Max Peak Memory Usage": 1, "min Peak Memory Usage": 1, "Plans": [{"Node Type": "Streaming(type: BROADCAST dop: 16/1)", "Parent Relationship": "Outer", "Startup Cost": 0.0, "Total Cost": 15001.5, "Plan Rows": 16, "Plan Width": 4, "Actual Min Startup Time": 0.003, "Actual Max Startup Time": 23.79, "Actual Min Total Time": 0.004, "Actual Max Total Time": 23.792, "Plans": [{"Node Type": "Seq Scan", "Parent Relationship": "Outer", "Relation Name": "role_type", "Alias": "rt", "Startup Cost": 0.0, "Total Cost": 1.15, "Plan Rows": 1, "Plan Width": 4, "Actual Min Startup Time": 0.032, "Actual Max Startup Time": 0.032, "Actual Min Total Time": 0.036, "Actual Max Total Time": 0.036, "Filter": "((role)::text = 'writer'::text)", "Rows Removed by Filter": 11, "Actual Rows": 1}], "Actual Rows": 16}], "Actual Rows": 16}], "Actual Rows": 2728943}], "Actual Rows": 2728943}, {"Node Type": "Hash", "Parent Relationship": "Inner", "Startup Cost": 88282.97, "Total Cost": 88282.97, "Plan Rows": 1282311, "Plan Width": 4, "Actual Min Startup Time": 676.313, "Actual Max Startup Time": 873.534, "Actual Min Total Time": 676.313, "Actual Max Total Time": 873.534, "Max Hash Buckets": 131072, "Min Hash Buckets": 131072, "Max Hash Batches": 1, "Min Hash Batches": 1, "Max Original Hash Batches": 1, "Min Original Hash Batches": 1, "Max Peak Memory Usage": 2542, "min Peak Memory Usage": 2542, "Plans": [{"Node Type": "Streaming(type: LOCAL REDISTRIBUTE dop: 16/16)", "Parent Relationship": "Outer", "Startup Cost": 24511.53, "Total Cost": 88282.97, "Plan Rows": 1282311, "Plan Width": 4, "Actual Min Startup Time": 194.948, "Actual Max Startup Time": 392.152, "Actual Min Total Time": 652.521, "Actual Max Total Time": 846.259, "Plans": [{"Node Type": "Hash Join", "Parent Relationship": "Outer", "Join Type": "Inner", "Startup Cost": 24511.53, "Total Cost": 68424.21, "Plan Rows": 1282311, "Plan Width": 4, "Actual Min Startup Time": 193.447, "Actual Max Startup Time": 460.105, "Actual Min Total Time": 545.948, "Actual Max Total Time": 855.575, "Inner Unique": true, "Hash Cond": "(mc.company_id = cn.id), (LLVM Optimized, Jit Execute)", "Plans": [{"Node Type": "Streaming(type: LOCAL REDISTRIBUTE dop: 16/16)", "Parent Relationship": "Outer", "Startup Cost": 0.0, "Total Cost": 42499.73, "Plan Rows": 2609128, "Plan Width": 8, "Actual Min Startup Time": 0.064, "Actual Max Startup Time": 1.902, "Actual Min Total Time": 262.091, "Actual Max Total Time": 376.152, "Plans": [{"Node Type": "Seq Scan", "Parent Relationship": "Outer", "Relation Name": "movie_companies", "Alias": "mc", "Startup Cost": 0.0, "Total Cost": 17613.58, "Plan Rows": 2609128, "Plan Width": 8, "Actual Min Startup Time": 0.027, "Actual Max Startup Time": 0.063, "Actual Min Total Time": 42.353, "Actual Max Total Time": 50.636, "Actual Rows": 2609128}], "Actual Rows": 2609128}, {"Node Type": "Hash", "Parent Relationship": "Inner", "Startup Cost": 24444.99, "Total Cost": 24444.99, "Plan Rows": 85170, "Plan Width": 4, "Actual Min Startup Time": 193.304, "Actual Max Startup Time": 459.356, "Actual Min Total Time": 193.304, "Actual Max Total Time": 459.356, "Max Hash Buckets": 32768, "Min Hash Buckets": 32768, "Max Hash Batches": 1, "Min Hash Batches": 1, "Max Original Hash Batches": 1, "Min Original Hash Batches": 1, "Max Peak Memory Usage": 182, "min Peak Memory Usage": 182, "Plans": [{"Node Type": "Streaming(type: LOCAL REDISTRIBUTE dop: 16/1)", "Parent Relationship": "Outer", "Startup Cost": 0.0, "Total Cost": 24444.99, "Plan Rows": 85170, "Plan Width": 4, "Actual Min Startup Time": 0.041, "Actual Max Startup Time": 266.767, "Actual Min Total Time": 191.764, "Actual Max Total Time": 457.92, "Plans": [{"Node Type": "Seq Scan", "Parent Relationship": "Outer", "Relation Name": "company_name", "Alias": "cn", "Startup Cost": 0.0, "Total Cost": 5903.45, "Plan Rows": 85170, "Plan Width": 4, "Actual Min Startup Time": 0.053, "Actual Max Startup Time": 0.053, "Actual Min Total Time": 97.001, "Actual Max Total Time": 97.001, "Filter": "((country_code)::text = '[us]'::text)", "Rows Removed by Filter": 150153, "Actual Rows": 84843}], "Actual Rows": 84843}], "Actual Rows": 84843}], "Actual Rows": 1153797}], "Actual Rows": 1153797}], "Actual Rows": 1153797}], "Actual Rows": 1970658}], "Actual Rows": 1970658}, {"Node Type": "Hash", "Parent Relationship": "Inner", "Startup Cost": 34659.52, "Total Cost": 34659.52, "Plan Rows": 901342, "Plan Width": 20, "Actual Min Startup Time": 130.612, "Actual Max Startup Time": 381.22, "Actual Min Total Time": 130.612, "Actual Max Total Time": 381.22, "Max Hash Buckets": 65536, "Min Hash Buckets": 65536, "Max Hash Batches": 1, "Min Hash Batches": 1, "Max Original Hash Batches": 1, "Min Original Hash Batches": 1, "Max Peak Memory Usage": 2981, "min Peak Memory Usage": 2981, "Plans": [{"Node Type": "Streaming(type: LOCAL REDISTRIBUTE dop: 16/16)", "Parent Relationship": "Outer", "Startup Cost": 0.0, "Total Cost": 34659.52, "Plan Rows": 901342, "Plan Width": 20, "Actual Min Startup Time": 0.052, "Actual Max Startup Time": 67.059, "Actual Min Total Time": 109.562, "Actual Max Total Time": 360.696, "Plans": [{"Node Type": "Seq Scan", "Parent Relationship": "Outer", "Relation Name": "aka_name", "Alias": "a1", "Startup Cost": 0.0, "Total Cost": 16244.28, "Plan Rows": 901342, "Plan Width": 20, "Actual Min Startup Time": 0.019, "Actual Max Startup Time": 0.042, "Actual Min Total Time": 15.933, "Actual Max Total Time": 20.502, "Actual Rows": 901342}], "Actual Rows": 901342}], "Actual Rows": 901342}], "Actual Rows": 2487611}], "Actual Rows": 2487611}, {"Node Type": "Hash", "Parent Relationship": "Inner", "Startup Cost": 43334.25, "Total Cost": 43334.25, "Plan Rows": 2528311, "Plan Width": 21, "Actual Min Startup Time": 365.618, "Actual Max Startup Time": 543.574, "Actual Min Total Time": 365.618, "Actual Max Total Time": 543.574, "Max Hash Buckets": 262144, "Min Hash Buckets": 262144, "Max Hash Batches": 1, "Min Hash Batches": 1, "Max Original Hash Batches": 1, "Min Original Hash Batches": 1, "Max Peak Memory Usage": 8518, "min Peak Memory Usage": 8518, "Plans": [{"Node Type": "Streaming(type: LOCAL REDISTRIBUTE dop: 16/16)", "Parent Relationship": "Outer", "Startup Cost": 0.0, "Total Cost": 43334.25, "Plan Rows": 2528311, "Plan Width": 21, "Actual Min Startup Time": 0.063, "Actual Max Startup Time": 18.287, "Actual Min Total Time": 289.389, "Actual Max Total Time": 470.899, "Plans": [{"Node Type": "Seq Scan", "Parent Relationship": "Outer", "Relation Name": "title", "Alias": "t", "Startup Cost": 0.0, "Total Cost": 18754.32, "Plan Rows": 2528311, "Plan Width": 21, "Actual Min Startup Time": 0.017, "Actual Max Startup Time": 0.037, "Actual Min Total Time": 47.834, "Actual Max Total Time": 58.11, "Actual Rows": 2528311}], "Actual Rows": 2528311}], "Actual Rows": 2528311}], "Actual Rows": 2487611}], "Actual Rows": 2487611}, {"Node Type": "Hash", "Parent Relationship": "Inner", "Startup Cost": 51607.87, "Total Cost": 51607.87, "Plan Rows": 4167490, "Plan Width": 4, "Actual Min Startup Time": 573.363, "Actual Max Startup Time": 700.351, "Actual Min Total Time": 573.363, "Actual Max Total Time": 700.351, "Max Hash Buckets": 262144, "Min Hash Buckets": 262144, "Max Hash Batches": 1, "Min Hash Batches": 1, "Max Original Hash Batches": 1, "Min Original Hash Batches": 1, "Max Peak Memory Usage": 9174, "min Peak Memory Usage": 9174, "Plans": [{"Node Type": "Streaming(type: LOCAL REDISTRIBUTE dop: 16/16)", "Parent Relationship": "Outer", "Startup Cost": 0.0, "Total Cost": 51607.87, "Plan Rows": 4167490, "Plan Width": 4, "Actual Min Startup Time": 0.053, "Actual Max Startup Time": 0.099, "Actual Min Total Time": 470.118, "Actual Max Total Time": 593.068, "Plans": [{"Node Type": "Seq Scan", "Parent Relationship": "Outer", "Relation Name": "name", "Alias": "n1", "Startup Cost": 0.0, "Total Cost": 20816.99, "Plan Rows": 4167490, "Plan Width": 4, "Actual Min Startup Time": 0.017, "Actual Max Startup Time": 0.04, "Actual Min Total Time": 75.276, "Actual Max Total Time": 87.952, "Actual Rows": 4167490}], "Actual Rows": 4167490}], "Actual Rows": 4167490}], "Actual Rows": 2487611}], "Actual Rows": 16}], "Actual Rows": 16}], "Actual Rows": 1}, "Triggers": [], "Planner Runtime": 253, "Total Runtime": 2852.697, "Unique SQL Id": 2457761703}}, "(16, 103)": {"explain_plan": {"Plan": {"Node Type": "Aggregate", "Strategy": "Plain", "Startup Cost": 1013578.73, "Total Cost": 1013578.74, "Plan Rows": 1, "Plan Width": 97, "Plans": [{"Node Type": "Hash Join", "Parent Relationship": "Outer", "Join Type": "Inner", "Startup Cost": 985285.55, "Total Cost": 1011793.24, "Plan Rows": 357098, "Plan Width": 33, "Inner Unique": false, "Hash Cond": "(a1.person_id = n1.id), (LLVM Optimized)", "Plans": [{"Node Type": "Bitmap Heap Scan", "Parent Relationship": "Outer", "Relation Name": "aka_name", "Alias": "a1", "Startup Cost": 16632.3, "Total Cost": 36540.72, "Plan Rows": 901342, "Plan Width": 20, "Plans": [{"Node Type": "Bitmap Index Scan", "Parent Relationship": "Outer", "Index Name": "person_id_aka_name", "Startup Cost": 0.0, "Total Cost": 16406.96, "Plan Rows": 901342, "Plan Width": 0}]}, {"Node Type": "Hash", "Parent Relationship": "Inner", "Startup Cost": 959772.51, "Total Cost": 959772.51, "Plan Rows": 710459, "Plan Width": 25, "Plans": [{"Node Type": "Hash Join", "Parent Relationship": "Outer", "Join Type": "Inner", "Startup Cost": 607483.06, "Total Cost": 959772.51, "Plan Rows": 710459, "Plan Width": 25, "Inner Unique": true, "Hash Cond": "(ci.person_id = n1.id), (LLVM Optimized)", "Plans": [{"Node Type": "Hash Join", "Parent Relationship": "Outer", "Join Type": "Inner", "Startup Cost": 378117.96, "Total Cost": 720638.61, "Plan Rows": 710459, "Plan Width": 21, "Inner Unique": false, "Hash Cond": "(ci.movie_id = t.id), (LLVM Optimized)", "Plans": [{"Node Type": "Nested Loop", "Parent Relationship": "Outer", "Join Type": "Inner", "Startup Cost": 76315.02, "Total Cost": 389769.33, "Plan Rows": 3296318, "Plan Width": 8, "Inner Unique": false, "Plans": [{"Node Type": "Bitmap Heap Scan", "Parent Relationship": "Outer", "Relation Name": "role_type", "Alias": "rt", "Startup Cost": 8.31, "Total Cost": 12.46, "Plan Rows": 1, "Plan Width": 4, "Filter": "((role)::text = 'writer'::text)", "Plans": [{"Node Type": "Bitmap Index Scan", "Parent Relationship": "Outer", "Index Name": "role_type_pkey", "Startup Cost": 0.0, "Total Cost": 8.31, "Plan Rows": 12, "Plan Width": 0}]}, {"Node Type": "Bitmap Heap Scan", "Parent Relationship": "Inner", "Relation Name": "cast_info", "Alias": "ci", "Startup Cost": 76306.71, "Total Cost": 356793.69, "Plan Rows": 3296318, "Plan Width": 12, "Recheck Cond": "(role_id = rt.id), (LLVM Optimized)", "Plans": [{"Node Type": "Bitmap Index Scan", "Parent Relationship": "Outer", "Index Name": "role_id_cast_info", "Startup Cost": 0.0, "Total Cost": 75482.63, "Plan Rows": 3296318, "Plan Width": 0, "Index Cond": "(role_id = rt.id)"}]}]}, {"Node Type": "Hash", "Parent Relationship": "Inner", "Startup Cost": 285774.05, "Total Cost": 285774.05, "Plan Rows": 1282311, "Plan Width": 25, "Plans": [{"Node Type": "Hash Join", "Parent Relationship": "Outer", "Join Type": "Inner", "Startup Cost": 203717.65, "Total Cost": 285774.05, "Plan Rows": 1282311, "Plan Width": 25, "Inner Unique": true, "Hash Cond": "(mc.movie_id = t.id), (LLVM Optimized)", "Plans": [{"Node Type": "Hash Join", "Parent Relationship": "Outer", "Join Type": "Inner", "Startup Cost": 61758.77, "Total Cost": 126183.39, "Plan Rows": 1282311, "Plan Width": 4, "Inner Unique": true, "Hash Cond": "(mc.company_id = cn.id), (LLVM Optimized)", "Plans": [{"Node Type": "Bitmap Heap Scan", "Parent Relationship": "Outer", "Relation Name": "movie_companies", "Alias": "mc", "Startup Cost": 51990.17, "Total Cost": 93807.45, "Plan Rows": 2609128, "Plan Width": 8, "Plans": [{"Node Type": "Bitmap Index Scan", "Parent Relationship": "Outer", "Index Name": "movie_id_movie_companies", "Startup Cost": 0.0, "Total Cost": 51337.89, "Plan Rows": 2609128, "Plan Width": 0}]}, {"Node Type": "Hash", "Parent Relationship": "Inner", "Startup Cost": 8703.97, "Total Cost": 8703.97, "Plan Rows": 85170, "Plan Width": 4, "Plans": [{"Node Type": "Bitmap Heap Scan", "Parent Relationship": "Outer", "Relation Name": "company_name", "Alias": "cn", "Startup Cost": 2800.52, "Total Cost": 8703.97, "Plan Rows": 85170, "Plan Width": 4, "Filter": "((country_code)::text = '[us]'::text)", "Plans": [{"Node Type": "Bitmap Index Scan", "Parent Relationship": "Outer", "Index Name": "company_name_pkey", "Startup Cost": 0.0, "Total Cost": 2779.23, "Plan Rows": 234996, "Plan Width": 0}]}]}]}, {"Node Type": "Hash", "Parent Relationship": "Inner", "Startup Cost": 110354.99, "Total Cost": 110354.99, "Plan Rows": 2528311, "Plan Width": 21, "Plans": [{"Node Type": "Bitmap Heap Scan", "Parent Relationship": "Outer", "Relation Name": "title", "Alias": "t", "Startup Cost": 50285.88, "Total Cost": 110354.99, "Plan Rows": 2528311, "Plan Width": 21, "Plans": [{"Node Type": "Bitmap Index Scan", "Parent Relationship": "Outer", "Index Name": "title_pkey", "Startup Cost": 0.0, "Total Cost": 49653.81, "Plan Rows": 2528311, "Plan Width": 0}]}]}]}]}]}, {"Node Type": "Hash", "Parent Relationship": "Inner", "Startup Cost": 177271.47, "Total Cost": 177271.47, "Plan Rows": 4167490, "Plan Width": 4, "Plans": [{"Node Type": "Bitmap Heap Scan", "Parent Relationship": "Outer", "Relation Name": "name", "Alias": "n1", "Startup Cost": 84199.57, "Total Cost": 177271.47, "Plan Rows": 4167490, "Plan Width": 4, "Plans": [{"Node Type": "Bitmap Index Scan", "Parent Relationship": "Outer", "Index Name": "name_pkey", "Startup Cost": 0.0, "Total Cost": 83157.7, "Plan Rows": 4167490, "Plan Width": 0}]}]}]}]}]}]}, "Unique SQL Id": 2457761703, "Planner Runtime": 49}, "explain_analyze_plan": null}, "(16, 104)": {"explain_plan": {"Plan": {"Node Type": "Aggregate", "Strategy": "Plain", "Startup Cost": 287566.27, "Total Cost": 287566.3, "Plan Rows": 1, "Plan Width": 97, "Plans": [{"Node Type": "Streaming(type: LOCAL GATHER dop: 1/16)", "Parent Relationship": "Outer", "Startup Cost": 287566.27, "Total Cost": 287566.3, "Plan Rows": 1, "Plan Width": 97, "Plans": [{"Node Type": "Aggregate", "Strategy": "Plain", "Parent Relationship": "Outer", "Startup Cost": 287566.27, "Total Cost": 287566.28, "Plan Rows": 1, "Plan Width": 97, "Plans": [{"Node Type": "Hash Join", "Parent Relationship": "Outer", "Join Type": "Inner", "Startup Cost": 142621.96, "Total Cost": 285780.78, "Plan Rows": 357098, "Plan Width": 33, "Inner Unique": true, "Hash Cond": "(a1.person_id = n1.id), (LLVM Optimized)", "Plans": [{"Node Type": "Streaming(type: LOCAL REDISTRIBUTE dop: 16/16)", "Parent Relationship": "Outer", "Startup Cost": 126464.14, "Total Cost": 269316.07, "Plan Rows": 357098, "Plan Width": 41, "Plans": [{"Node Type": "Hash Join", "Parent Relationship": "Outer", "Join Type": "Inner", "Startup Cost": 126464.14, "Total Cost": 252963.01, "Plan Rows": 357098, "Plan Width": 41, "Inner Unique": true, "Hash Cond": "(ci.movie_id = t.id), (LLVM Optimized)", "Plans": [{"Node Type": "Streaming(type: LOCAL REDISTRIBUTE dop: 16/16)", "Parent Relationship": "Outer", "Startup Cost": 113655.34, "Total Cost": 239847.25, "Plan Rows": 357379, "Plan Width": 32, "Plans": [{"Node Type": "Hash Join", "Parent Relationship": "Outer", "Join Type": "Inner", "Startup Cost": 113655.34, "Total Cost": 223493.12, "Plan Rows": 357379, "Plan Width": 32, "Inner Unique": false, "Hash Cond": "(ci.person_id = a1.person_id), (LLVM Optimized)", "Plans": [{"Node Type": "Streaming(type: LOCAL REDISTRIBUTE dop: 16/16)", "Parent Relationship": "Outer", "Startup Cost": 104286.28, "Total Cost": 212931.86, "Plan Rows": 711018, "Plan Width": 12, "Plans": [{"Node Type": "Hash Join", "Parent Relationship": "Outer", "Join Type": "Inner", "Startup Cost": 104286.28, "Total Cost": 195237.77, "Plan Rows": 711018, "Plan Width": 12, "Inner Unique": false, "Hash Cond": "(ci.movie_id = mc.movie_id), (LLVM Optimized)", "Plans": [{"Node Type": "Streaming(type: LOCAL REDISTRIBUTE dop: 16/16)", "Parent Relationship": "Outer", "Startup Cost": 15001.51, "Total Cost": 102848.74, "Plan Rows": 3296318, "Plan Width": 8, "Plans": [{"Node Type": "Hash Join", "Parent Relationship": "Outer", "Join Type": "Inner", "Startup Cost": 15001.51, "Total Cost": 75358.79, "Plan Rows": 3296318, "Plan Width": 8, "Inner Unique": true, "Hash Cond": "(ci.role_id = rt.id), (LLVM Optimized)", "Plans": [{"Node Type": "Seq Scan", "Parent Relationship": "Outer", "Relation Name": "cast_info", "Alias": "ci", "Startup Cost": 0.0, "Total Cost": 52617.37, "Plan Rows": 36259494, "Plan Width": 12}, {"Node Type": "Hash", "Parent Relationship": "Inner", "Startup Cost": 15001.5, "Total Cost": 15001.5, "Plan Rows": 16, "Plan Width": 4, "Plans": [{"Node Type": "Streaming(type: BROADCAST dop: 16/1)", "Parent Relationship": "Outer", "Startup Cost": 0.0, "Total Cost": 15001.5, "Plan Rows": 16, "Plan Width": 4, "Plans": [{"Node Type": "Seq Scan", "Parent Relationship": "Outer", "Relation Name": "role_type", "Alias": "rt", "Startup Cost": 0.0, "Total Cost": 1.15, "Plan Rows": 1, "Plan Width": 4, "Filter": "((role)::text = 'writer'::text)"}]}]}]}]}, {"Node Type": "Hash", "Parent Relationship": "Inner", "Startup Cost": 88282.97, "Total Cost": 88282.97, "Plan Rows": 1282311, "Plan Width": 4, "Plans": [{"Node Type": "Streaming(type: LOCAL REDISTRIBUTE dop: 16/16)", "Parent Relationship": "Outer", "Startup Cost": 24511.53, "Total Cost": 88282.97, "Plan Rows": 1282311, "Plan Width": 4, "Plans": [{"Node Type": "Hash Join", "Parent Relationship": "Outer", "Join Type": "Inner", "Startup Cost": 24511.53, "Total Cost": 68424.21, "Plan Rows": 1282311, "Plan Width": 4, "Inner Unique": true, "Hash Cond": "(mc.company_id = cn.id), (LLVM Optimized)", "Plans": [{"Node Type": "Streaming(type: LOCAL REDISTRIBUTE dop: 16/16)", "Parent Relationship": "Outer", "Startup Cost": 0.0, "Total Cost": 42499.73, "Plan Rows": 2609128, "Plan Width": 8, "Plans": [{"Node Type": "Seq Scan", "Parent Relationship": "Outer", "Relation Name": "movie_companies", "Alias": "mc", "Startup Cost": 0.0, "Total Cost": 17613.58, "Plan Rows": 2609128, "Plan Width": 8}]}, {"Node Type": "Hash", "Parent Relationship": "Inner", "Startup Cost": 24444.99, "Total Cost": 24444.99, "Plan Rows": 85170, "Plan Width": 4, "Plans": [{"Node Type": "Streaming(type: LOCAL REDISTRIBUTE dop: 16/1)", "Parent Relationship": "Outer", "Startup Cost": 0.0, "Total Cost": 24444.99, "Plan Rows": 85170, "Plan Width": 4, "Plans": [{"Node Type": "Seq Scan", "Parent Relationship": "Outer", "Relation Name": "company_name", "Alias": "cn", "Startup Cost": 0.0, "Total Cost": 5903.45, "Plan Rows": 85170, "Plan Width": 4, "Filter": "((country_code)::text = '[us]'::text)"}]}]}]}]}]}]}]}, {"Node Type": "Hash", "Parent Relationship": "Inner", "Startup Cost": 34659.52, "Total Cost": 34659.52, "Plan Rows": 901342, "Plan Width": 20, "Plans": [{"Node Type": "Streaming(type: LOCAL REDISTRIBUTE dop: 16/16)", "Parent Relationship": "Outer", "Startup Cost": 0.0, "Total Cost": 34659.52, "Plan Rows": 901342, "Plan Width": 20, "Plans": [{"Node Type": "Seq Scan", "Parent Relationship": "Outer", "Relation Name": "aka_name", "Alias": "a1", "Startup Cost": 0.0, "Total Cost": 16244.28, "Plan Rows": 901342, "Plan Width": 20}]}]}]}]}, {"Node Type": "Hash", "Parent Relationship": "Inner", "Startup Cost": 43334.25, "Total Cost": 43334.25, "Plan Rows": 2528311, "Plan Width": 21, "Plans": [{"Node Type": "Streaming(type: LOCAL REDISTRIBUTE dop: 16/16)", "Parent Relationship": "Outer", "Startup Cost": 0.0, "Total Cost": 43334.25, "Plan Rows": 2528311, "Plan Width": 21, "Plans": [{"Node Type": "Seq Scan", "Parent Relationship": "Outer", "Relation Name": "title", "Alias": "t", "Startup Cost": 0.0, "Total Cost": 18754.32, "Plan Rows": 2528311, "Plan Width": 21}]}]}]}]}, {"Node Type": "Hash", "Parent Relationship": "Inner", "Startup Cost": 51607.87, "Total Cost": 51607.87, "Plan Rows": 4167490, "Plan Width": 4, "Plans": [{"Node Type": "Streaming(type: LOCAL REDISTRIBUTE dop: 16/16)", "Parent Relationship": "Outer", "Startup Cost": 0.0, "Total Cost": 51607.87, "Plan Rows": 4167490, "Plan Width": 4, "Plans": [{"Node Type": "Index Only Scan", "Parent Relationship": "Outer", "Scan Direction": "Forward", "Index Name": "name_pkey", "Relation Name": "name", "Alias": "n1", "Startup Cost": 0.0, "Total Cost": 20816.99, "Plan Rows": 4167490, "Plan Width": 4}]}]}]}]}]}]}, "Unique SQL Id": 2457761703, "Planner Runtime": 189}, "explain_analyze_plan": {"Plan": {"Node Type": "Aggregate", "Strategy": "Plain", "Startup Cost": 287566.27, "Total Cost": 287566.3, "Plan Rows": 1, "Plan Width": 97, "Actual Min Startup Time": 4944.13, "Actual Max Startup Time": 4944.13, "Actual Min Total Time": 4944.13, "Actual Max Total Time": 4944.13, "Plans": [{"Node Type": "Streaming(type: LOCAL GATHER dop: 1/16)", "Parent Relationship": "Outer", "Startup Cost": 287566.27, "Total Cost": 287566.3, "Plan Rows": 1, "Plan Width": 97, "Actual Min Startup Time": 4943.285, "Actual Max Startup Time": 4943.285, "Actual Min Total Time": 4944.087, "Actual Max Total Time": 4944.087, "Plans": [{"Node Type": "Aggregate", "Strategy": "Plain", "Parent Relationship": "Outer", "Startup Cost": 287566.27, "Total Cost": 287566.28, "Plan Rows": 1, "Plan Width": 97, "Actual Min Startup Time": 4504.488, "Actual Max Startup Time": 4708.445, "Actual Min Total Time": 4504.488, "Actual Max Total Time": 4708.445, "Plans": [{"Node Type": "Hash Join", "Parent Relationship": "Outer", "Join Type": "Inner", "Startup Cost": 142621.96, "Total Cost": 285780.78, "Plan Rows": 357098, "Plan Width": 33, "Actual Min Startup Time": 622.123, "Actual Max Startup Time": 821.69, "Actual Min Total Time": 4385.581, "Actual Max Total Time": 4634.797, "Inner Unique": true, "Hash Cond": "(a1.person_id = n1.id), (LLVM Optimized, Jit Execute)", "Plans": [{"Node Type": "Streaming(type: LOCAL REDISTRIBUTE dop: 16/16)", "Parent Relationship": "Outer", "Startup Cost": 126464.14, "Total Cost": 269316.07, "Plan Rows": 357098, "Plan Width": 41, "Actual Min Startup Time": 62.393, "Actual Max Startup Time": 79.238, "Actual Min Total Time": 3724.655, "Actual Max Total Time": 3836.262, "Plans": [{"Node Type": "Hash Join", "Parent Relationship": "Outer", "Join Type": "Inner", "Startup Cost": 126464.14, "Total Cost": 252963.01, "Plan Rows": 357098, "Plan Width": 41, "Actual Min Startup Time": 614.667, "Actual Max Startup Time": 823.592, "Actual Min Total Time": 2392.015, "Actual Max Total Time": 4530.013, "Inner Unique": true, "Hash Cond": "(ci.movie_id = t.id), (LLVM Optimized, Jit Execute)", "Plans": [{"Node Type": "Streaming(type: LOCAL REDISTRIBUTE dop: 16/16)", "Parent Relationship": "Outer", "Startup Cost": 113655.34, "Total Cost": 239847.25, "Plan Rows": 357379, "Plan Width": 32, "Actual Min Startup Time": 232.06, "Actual Max Startup Time": 242.187, "Actual Min Total Time": 1737.73, "Actual Max Total Time": 3931.463, "Plans": [{"Node Type": "Hash Join", "Parent Relationship": "Outer", "Join Type": "Inner", "Startup Cost": 113655.34, "Total Cost": 223493.12, "Plan Rows": 357379, "Plan Width": 32, "Actual Min Startup Time": 618.18, "Actual Max Startup Time": 849.09, "Actual Min Total Time": 1988.988, "Actual Max Total Time": 4427.833, "Inner Unique": false, "Hash Cond": "(ci.person_id = a1.person_id), (LLVM Optimized, Jit Execute)", "Plans": [{"Node Type": "Streaming(type: LOCAL REDISTRIBUTE dop: 16/16)", "Parent Relationship": "Outer", "Startup Cost": 104286.28, "Total Cost": 212931.86, "Plan Rows": 711018, "Plan Width": 12, "Actual Min Startup Time": 483.749, "Actual Max Startup Time": 503.721, "Actual Min Total Time": 1782.944, "Actual Max Total Time": 4075.042, "Plans": [{"Node Type": "Hash Join", "Parent Relationship": "Outer", "Join Type": "Inner", "Startup Cost": 104286.28, "Total Cost": 195237.77, "Plan Rows": 711018, "Plan Width": 12, "Actual Min Startup Time": 609.63, "Actual Max Startup Time": 841.162, "Actual Min Total Time": 1681.314, "Actual Max Total Time": 3947.407, "Inner Unique": false, "Hash Cond": "(ci.movie_id = mc.movie_id), (LLVM Optimized, Jit Execute)", "Plans": [{"Node Type": "Streaming(type: LOCAL REDISTRIBUTE dop: 16/16)", "Parent Relationship": "Outer", "Startup Cost": 15001.51, "Total Cost": 102848.74, "Plan Rows": 3296318, "Plan Width": 8, "Actual Min Startup Time": 0.076, "Actual Max Startup Time": 1.512, "Actual Min Total Time": 958.941, "Actual Max Total Time": 3213.625, "Plans": [{"Node Type": "Hash Join", "Parent Relationship": "Outer", "Join Type": "Inner", "Startup Cost": 15001.51, "Total Cost": 75358.79, "Plan Rows": 3296318, "Plan Width": 8, "Actual Min Startup Time": 619.338, "Actual Max Startup Time": 684.705, "Actual Min Total Time": 978.386, "Actual Max Total Time": 1050.522, "Inner Unique": true, "Hash Cond": "(ci.role_id = rt.id), (LLVM Optimized, Jit Execute)", "Plans": [{"Node Type": "Seq Scan", "Parent Relationship": "Outer", "Relation Name": "cast_info", "Alias": "ci", "Startup Cost": 0.0, "Total Cost": 52617.37, "Plan Rows": 36259494, "Plan Width": 12, "Actual Min Startup Time": 0.025, "Actual Max Startup Time": 0.046, "Actual Min Total Time": 516.432, "Actual Max Total Time": 561.683, "Actual Rows": 36244343}, {"Node Type": "Hash", "Parent Relationship": "Inner", "Startup Cost": 15001.5, "Total Cost": 15001.5, "Plan Rows": 16, "Plan Width": 4, "Actual Min Startup Time": 0.012, "Actual Max Startup Time": 30.687, "Actual Min Total Time": 0.012, "Actual Max Total Time": 30.687, "Max Hash Buckets": 32768, "Min Hash Buckets": 32768, "Max Hash Batches": 1, "Min Hash Batches": 1, "Max Original Hash Batches": 1, "Min Original Hash Batches": 1, "Max Peak Memory Usage": 1, "min Peak Memory Usage": 1, "Plans": [{"Node Type": "Streaming(type: BROADCAST dop: 16/1)", "Parent Relationship": "Outer", "Startup Cost": 0.0, "Total Cost": 15001.5, "Plan Rows": 16, "Plan Width": 4, "Actual Min Startup Time": 0.003, "Actual Max Startup Time": 30.667, "Actual Min Total Time": 0.003, "Actual Max Total Time": 30.669, "Plans": [{"Node Type": "Seq Scan", "Parent Relationship": "Outer", "Relation Name": "role_type", "Alias": "rt", "Startup Cost": 0.0, "Total Cost": 1.15, "Plan Rows": 1, "Plan Width": 4, "Actual Min Startup Time": 0.038, "Actual Max Startup Time": 0.038, "Actual Min Total Time": 0.042, "Actual Max Total Time": 0.042, "Filter": "((role)::text = 'writer'::text)", "Rows Removed by Filter": 11, "Actual Rows": 1}], "Actual Rows": 16}], "Actual Rows": 16}], "Actual Rows": 2728943}], "Actual Rows": 2728943}, {"Node Type": "Hash", "Parent Relationship": "Inner", "Startup Cost": 88282.97, "Total Cost": 88282.97, "Plan Rows": 1282311, "Plan Width": 4, "Actual Min Startup Time": 608.642, "Actual Max Startup Time": 840.955, "Actual Min Total Time": 608.642, "Actual Max Total Time": 840.955, "Max Hash Buckets": 131072, "Min Hash Buckets": 131072, "Max Hash Batches": 1, "Min Hash Batches": 1, "Max Original Hash Batches": 1, "Min Original Hash Batches": 1, "Max Peak Memory Usage": 2542, "min Peak Memory Usage": 2542, "Plans": [{"Node Type": "Streaming(type: LOCAL REDISTRIBUTE dop: 16/16)", "Parent Relationship": "Outer", "Startup Cost": 24511.53, "Total Cost": 88282.97, "Plan Rows": 1282311, "Plan Width": 4, "Actual Min Startup Time": 165.19, "Actual Max Startup Time": 397.376, "Actual Min Total Time": 583.19, "Actual Max Total Time": 810.364, "Plans": [{"Node Type": "Hash Join", "Parent Relationship": "Outer", "Join Type": "Inner", "Startup Cost": 24511.53, "Total Cost": 68424.21, "Plan Rows": 1282311, "Plan Width": 4, "Actual Min Startup Time": 163.079, "Actual Max Startup Time": 409.822, "Actual Min Total Time": 482.508, "Actual Max Total Time": 768.684, "Inner Unique": true, "Hash Cond": "(mc.company_id = cn.id), (LLVM Optimized, Jit Execute)", "Plans": [{"Node Type": "Streaming(type: LOCAL REDISTRIBUTE dop: 16/16)", "Parent Relationship": "Outer", "Startup Cost": 0.0, "Total Cost": 42499.73, "Plan Rows": 2609128, "Plan Width": 8, "Actual Min Startup Time": 0.07, "Actual Max Startup Time": 1.506, "Actual Min Total Time": 241.68, "Actual Max Total Time": 332.619, "Plans": [{"Node Type": "Seq Scan", "Parent Relationship": "Outer", "Relation Name": "movie_companies", "Alias": "mc", "Startup Cost": 0.0, "Total Cost": 17613.58, "Plan Rows": 2609128, "Plan Width": 8, "Actual Min Startup Time": 0.024, "Actual Max Startup Time": 0.046, "Actual Min Total Time": 46.05, "Actual Max Total Time": 53.959, "Actual Rows": 2609128}], "Actual Rows": 2609128}, {"Node Type": "Hash", "Parent Relationship": "Inner", "Startup Cost": 24444.99, "Total Cost": 24444.99, "Plan Rows": 85170, "Plan Width": 4, "Actual Min Startup Time": 162.501, "Actual Max Startup Time": 408.821, "Actual Min Total Time": 162.501, "Actual Max Total Time": 408.821, "Max Hash Buckets": 32768, "Min Hash Buckets": 32768, "Max Hash Batches": 1, "Min Hash Batches": 1, "Max Original Hash Batches": 1, "Min Original Hash Batches": 1, "Max Peak Memory Usage": 182, "min Peak Memory Usage": 182, "Plans": [{"Node Type": "Streaming(type: LOCAL REDISTRIBUTE dop: 16/1)", "Parent Relationship": "Outer", "Startup Cost": 0.0, "Total Cost": 24444.99, "Plan Rows": 85170, "Plan Width": 4, "Actual Min Startup Time": 0.028, "Actual Max Startup Time": 240.208, "Actual Min Total Time": 160.838, "Actual Max Total Time": 406.797, "Plans": [{"Node Type": "Seq Scan", "Parent Relationship": "Outer", "Relation Name": "company_name", "Alias": "cn", "Startup Cost": 0.0, "Total Cost": 5903.45, "Plan Rows": 85170, "Plan Width": 4, "Actual Min Startup Time": 0.047, "Actual Max Startup Time": 0.047, "Actual Min Total Time": 93.762, "Actual Max Total Time": 93.762, "Filter": "((country_code)::text = '[us]'::text)", "Rows Removed by Filter": 150153, "Actual Rows": 84843}], "Actual Rows": 84843}], "Actual Rows": 84843}], "Actual Rows": 1153797}], "Actual Rows": 1153797}], "Actual Rows": 1153797}], "Actual Rows": 1970658}], "Actual Rows": 1970658}, {"Node Type": "Hash", "Parent Relationship": "Inner", "Startup Cost": 34659.52, "Total Cost": 34659.52, "Plan Rows": 901342, "Plan Width": 20, "Actual Min Startup Time": 129.787, "Actual Max Startup Time": 360.065, "Actual Min Total Time": 129.787, "Actual Max Total Time": 360.065, "Max Hash Buckets": 65536, "Min Hash Buckets": 65536, "Max Hash Batches": 1, "Min Hash Batches": 1, "Max Original Hash Batches": 1, "Min Original Hash Batches": 1, "Max Peak Memory Usage": 2981, "min Peak Memory Usage": 2981, "Plans": [{"Node Type": "Streaming(type: LOCAL REDISTRIBUTE dop: 16/16)", "Parent Relationship": "Outer", "Startup Cost": 0.0, "Total Cost": 34659.52, "Plan Rows": 901342, "Plan Width": 20, "Actual Min Startup Time": 0.045, "Actual Max Startup Time": 188.774, "Actual Min Total Time": 109.746, "Actual Max Total Time": 343.7, "Plans": [{"Node Type": "Seq Scan", "Parent Relationship": "Outer", "Relation Name": "aka_name", "Alias": "a1", "Startup Cost": 0.0, "Total Cost": 16244.28, "Plan Rows": 901342, "Plan Width": 20, "Actual Min Startup Time": 0.018, "Actual Max Startup Time": 0.04, "Actual Min Total Time": 16.479, "Actual Max Total Time": 20.369, "Actual Rows": 901342}], "Actual Rows": 901342}], "Actual Rows": 901342}], "Actual Rows": 2487611}], "Actual Rows": 2487611}, {"Node Type": "Hash", "Parent Relationship": "Inner", "Startup Cost": 43334.25, "Total Cost": 43334.25, "Plan Rows": 2528311, "Plan Width": 21, "Actual Min Startup Time": 381.985, "Actual Max Startup Time": 587.522, "Actual Min Total Time": 381.985, "Actual Max Total Time": 587.522, "Max Hash Buckets": 262144, "Min Hash Buckets": 262144, "Max Hash Batches": 1, "Min Hash Batches": 1, "Max Original Hash Batches": 1, "Min Original Hash Batches": 1, "Max Peak Memory Usage": 8518, "min Peak Memory Usage": 8518, "Plans": [{"Node Type": "Streaming(type: LOCAL REDISTRIBUTE dop: 16/16)", "Parent Relationship": "Outer", "Startup Cost": 0.0, "Total Cost": 43334.25, "Plan Rows": 2528311, "Plan Width": 21, "Actual Min Startup Time": 0.051, "Actual Max Startup Time": 110.199, "Actual Min Total Time": 305.798, "Actual Max Total Time": 512.197, "Plans": [{"Node Type": "Seq Scan", "Parent Relationship": "Outer", "Relation Name": "title", "Alias": "t", "Startup Cost": 0.0, "Total Cost": 18754.32, "Plan Rows": 2528311, "Plan Width": 21, "Actual Min Startup Time": 0.017, "Actual Max Startup Time": 0.033, "Actual Min Total Time": 50.642, "Actual Max Total Time": 58.797, "Actual Rows": 2528311}], "Actual Rows": 2528311}], "Actual Rows": 2528311}], "Actual Rows": 2487611}], "Actual Rows": 2487611}, {"Node Type": "Hash", "Parent Relationship": "Inner", "Startup Cost": 51607.87, "Total Cost": 51607.87, "Plan Rows": 4167490, "Plan Width": 4, "Actual Min Startup Time": 554.47, "Actual Max Startup Time": 758.245, "Actual Min Total Time": 554.47, "Actual Max Total Time": 758.245, "Max Hash Buckets": 262144, "Min Hash Buckets": 262144, "Max Hash Batches": 1, "Min Hash Batches": 1, "Max Original Hash Batches": 1, "Min Original Hash Batches": 1, "Max Peak Memory Usage": 9174, "min Peak Memory Usage": 9174, "Plans": [{"Node Type": "Streaming(type: LOCAL REDISTRIBUTE dop: 16/16)", "Parent Relationship": "Outer", "Startup Cost": 0.0, "Total Cost": 51607.87, "Plan Rows": 4167490, "Plan Width": 4, "Actual Min Startup Time": 0.05, "Actual Max Startup Time": 48.328, "Actual Min Total Time": 463.85, "Actual Max Total Time": 656.805, "Plans": [{"Node Type": "Index Only Scan", "Parent Relationship": "Outer", "Scan Direction": "Forward", "Index Name": "name_pkey", "Relation Name": "name", "Alias": "n1", "Startup Cost": 0.0, "Total Cost": 20816.99, "Plan Rows": 4167490, "Plan Width": 4, "Actual Min Startup Time": 0.039, "Actual Max Startup Time": 64.221, "Actual Min Total Time": 58.503, "Actual Max Total Time": 123.269, "Heap Fetches": 0, "Actual Rows": 4167490}], "Actual Rows": 4167490}], "Actual Rows": 4167490}], "Actual Rows": 2487611}], "Actual Rows": 16}], "Actual Rows": 16}], "Actual Rows": 1}, "Triggers": [], "Planner Runtime": 189, "Total Runtime": 4990.263, "Unique SQL Id": 2457761703}}, "(16, 105)": {"explain_plan": {"Plan": {"Node Type": "Aggregate", "Strategy": "Plain", "Startup Cost": 1386311.37, "Total Cost": 1386311.4, "Plan Rows": 1, "Plan Width": 97, "Plans": [{"Node Type": "Streaming(type: LOCAL GATHER dop: 1/16)", "Parent Relationship": "Outer", "Startup Cost": 1386311.37, "Total Cost": 1386311.4, "Plan Rows": 1, "Plan Width": 97, "Plans": [{"Node Type": "Aggregate", "Strategy": "Plain", "Parent Relationship": "Outer", "Startup Cost": 1386311.37, "Total Cost": 1386311.38, "Plan Rows": 1, "Plan Width": 97, "Plans": [{"Node Type": "Hash Join", "Parent Relationship": "Outer", "Join Type": "Inner", "Startup Cost": 252373.93, "Total Cost": 1384525.88, "Plan Rows": 357098, "Plan Width": 33, "Inner Unique": true, "Hash Cond": "(ci.movie_id = t.id), (LLVM Optimized)", "Plans": [{"Node Type": "Streaming(type: LOCAL REDISTRIBUTE dop: 16/16)", "Parent Relationship": "Outer", "Startup Cost": 218899.31, "Total Cost": 1350744.31, "Plan Rows": 357379, "Plan Width": 24, "Plans": [{"Node Type": "Hash Join", "Parent Relationship": "Outer", "Join Type": "Inner", "Startup Cost": 218899.31, "Total Cost": 1334390.18, "Plan Rows": 357379, "Plan Width": 24, "Inner Unique": true, "Hash Cond": "(a1.person_id = n1.id), (LLVM Optimized)", "Plans": [{"Node Type": "Streaming(type: LOCAL REDISTRIBUTE dop: 16/16)", "Parent Relationship": "Outer", "Startup Cost": 182755.14, "Total Cost": 1297938.9, "Plan Rows": 357379, "Plan Width": 32, "Plans": [{"Node Type": "Hash Join", "Parent Relationship": "Outer", "Join Type": "Inner", "Startup Cost": 182755.14, "Total Cost": 1281584.76, "Plan Rows": 357379, "Plan Width": 32, "Inner Unique": true, "Hash Cond": "(mc.company_id = cn.id), (LLVM Optimized)", "Plans": [{"Node Type": "Streaming(type: LOCAL REDISTRIBUTE dop: 16/16)", "Parent Relationship": "Outer", "Startup Cost": 175427.87, "Total Cost": 1273863.7, "Plan Rows": 727161, "Plan Width": 36, "Plans": [{"Node Type": "Hash Join", "Parent Relationship": "Outer", "Join Type": "Inner", "Startup Cost": 175427.87, "Total Cost": 1256108.44, "Plan Rows": 727161, "Plan Width": 36, "Inner Unique": false, "Hash Cond": "(ci.movie_id = mc.movie_id), (LLVM Optimized)", "Plans": [{"Node Type": "Streaming(type: LOCAL REDISTRIBUTE dop: 16/16)", "Parent Relationship": "Outer", "Startup Cost": 137161.66, "Total Cost": 1215145.72, "Plan Rows": 1484588, "Plan Width": 28, "Plans": [{"Node Type": "Hash Join", "Parent Relationship": "Outer", "Join Type": "Inner", "Startup Cost": 137161.66, "Total Cost": 1194520.52, "Plan Rows": 1484588, "Plan Width": 28, "Inner Unique": false, "Hash Cond": "(ci.person_id = a1.person_id), (LLVM Optimized)", "Plans": [{"Node Type": "Streaming(type: LOCAL REDISTRIBUTE dop: 16/16)", "Parent Relationship": "Outer", "Startup Cost": 15012.82, "Total Cost": 1066844.59, "Plan Rows": 3296318, "Plan Width": 8, "Plans": [{"Node Type": "Hash Join", "Parent Relationship": "Outer", "Join Type": "Inner", "Startup Cost": 15012.82, "Total Cost": 1039354.63, "Plan Rows": 3296318, "Plan Width": 8, "Inner Unique": true, "Hash Cond": "(ci.role_id = rt.id), (LLVM Optimized)", "Plans": [{"Node Type": "Index Scan", "Parent Relationship": "Outer", "Scan Direction": "Forward", "Index Name": "role_id_cast_info", "Relation Name": "cast_info", "Alias": "ci", "Startup Cost": 0.0, "Total Cost": 1016601.9, "Plan Rows": 36259494, "Plan Width": 12}, {"Node Type": "Hash", "Parent Relationship": "Inner", "Startup Cost": 15012.81, "Total Cost": 15012.81, "Plan Rows": 16, "Plan Width": 4, "Plans": [{"Node Type": "Streaming(type: BROADCAST dop: 16/1)", "Parent Relationship": "Outer", "Startup Cost": 0.0, "Total Cost": 15012.81, "Plan Rows": 16, "Plan Width": 4, "Plans": [{"Node Type": "Index Scan", "Parent Relationship": "Outer", "Scan Direction": "Forward", "Index Name": "role_type_pkey", "Relation Name": "role_type", "Alias": "rt", "Startup Cost": 0.0, "Total Cost": 12.46, "Plan Rows": 1, "Plan Width": 4, "Filter": "((role)::text = 'writer'::text)"}]}]}]}]}, {"Node Type": "Hash", "Parent Relationship": "Inner", "Startup Cost": 121444.67, "Total Cost": 121444.67, "Plan Rows": 901342, "Plan Width": 20, "Plans": [{"Node Type": "Streaming(type: LOCAL REDISTRIBUTE dop: 16/1)", "Parent Relationship": "Outer", "Startup Cost": 0.0, "Total Cost": 121444.67, "Plan Rows": 901342, "Plan Width": 20, "Plans": [{"Node Type": "Index Scan", "Parent Relationship": "Outer", "Scan Direction": "Forward", "Index Name": "person_id_aka_name", "Relation Name": "aka_name", "Alias": "a1", "Startup Cost": 0.0, "Total Cost": 68965.03, "Plan Rows": 901342, "Plan Width": 20}]}]}]}]}, {"Node Type": "Hash", "Parent Relationship": "Inner", "Startup Cost": 139099.07, "Total Cost": 139099.07, "Plan Rows": 2609128, "Plan Width": 8, "Plans": [{"Node Type": "Streaming(type: LOCAL REDISTRIBUTE dop: 16/16)", "Parent Relationship": "Outer", "Startup Cost": 0.0, "Total Cost": 139099.07, "Plan Rows": 2609128, "Plan Width": 8, "Plans": [{"Node Type": "Index Scan", "Parent Relationship": "Outer", "Scan Direction": "Forward", "Index Name": "company_id_movie_companies", "Relation Name": "movie_companies", "Alias": "mc", "Startup Cost": 0.0, "Total Cost": 114212.92, "Plan Rows": 2609128, "Plan Width": 8}]}]}]}]}, {"Node Type": "Hash", "Parent Relationship": "Inner", "Startup Cost": 29042.93, "Total Cost": 29042.93, "Plan Rows": 85170, "Plan Width": 4, "Plans": [{"Node Type": "Streaming(type: LOCAL REDISTRIBUTE dop: 16/1)", "Parent Relationship": "Outer", "Startup Cost": 0.0, "Total Cost": 29042.93, "Plan Rows": 85170, "Plan Width": 4, "Plans": [{"Node Type": "Index Scan", "Parent Relationship": "Outer", "Scan Direction": "Forward", "Index Name": "company_name_pkey", "Relation Name": "company_name", "Alias": "cn", "Startup Cost": 0.0, "Total Cost": 10501.39, "Plan Rows": 85170, "Plan Width": 4, "Filter": "((country_code)::text = '[us]'::text)"}]}]}]}]}, {"Node Type": "Hash", "Parent Relationship": "Inner", "Startup Cost": 131553.26, "Total Cost": 131553.26, "Plan Rows": 4167490, "Plan Width": 4, "Plans": [{"Node Type": "Streaming(type: LOCAL REDISTRIBUTE dop: 16/16)", "Parent Relationship": "Outer", "Startup Cost": 0.0, "Total Cost": 131553.26, "Plan Rows": 4167490, "Plan Width": 4, "Plans": [{"Node Type": "Index Only Scan", "Parent Relationship": "Outer", "Scan Direction": "Forward", "Index Name": "name_pkey", "Relation Name": "name", "Alias": "n1", "Startup Cost": 0.0, "Total Cost": 100762.38, "Plan Rows": 4167490, "Plan Width": 4}]}]}]}]}, {"Node Type": "Hash", "Parent Relationship": "Inner", "Startup Cost": 125997.5, "Total Cost": 125997.5, "Plan Rows": 2528311, "Plan Width": 21, "Plans": [{"Node Type": "Streaming(type: LOCAL REDISTRIBUTE dop: 16/16)", "Parent Relationship": "Outer", "Startup Cost": 0.0, "Total Cost": 125997.5, "Plan Rows": 2528311, "Plan Width": 21, "Plans": [{"Node Type": "Index Scan", "Parent Relationship": "Outer", "Scan Direction": "Forward", "Index Name": "title_pkey", "Relation Name": "title", "Alias": "t", "Startup Cost": 0.0, "Total Cost": 101417.57, "Plan Rows": 2528311, "Plan Width": 21}]}]}]}]}]}]}, "Unique SQL Id": 2457761703, "Planner Runtime": 99}, "explain_analyze_plan": null}, "(16, 106)": {"explain_plan": {"Plan": {"Node Type": "Aggregate", "Strategy": "Plain", "Startup Cost": 287566.27, "Total Cost": 287566.3, "Plan Rows": 1, "Plan Width": 97, "Plans": [{"Node Type": "Streaming(type: LOCAL GATHER dop: 1/16)", "Parent Relationship": "Outer", "Startup Cost": 287566.27, "Total Cost": 287566.3, "Plan Rows": 1, "Plan Width": 97, "Plans": [{"Node Type": "Aggregate", "Strategy": "Plain", "Parent Relationship": "Outer", "Startup Cost": 287566.27, "Total Cost": 287566.28, "Plan Rows": 1, "Plan Width": 97, "Plans": [{"Node Type": "Hash Join", "Parent Relationship": "Outer", "Join Type": "Inner", "Startup Cost": 142621.96, "Total Cost": 285780.78, "Plan Rows": 357098, "Plan Width": 33, "Inner Unique": true, "Hash Cond": "(a1.person_id = n1.id), (LLVM Optimized)", "Plans": [{"Node Type": "Streaming(type: LOCAL REDISTRIBUTE dop: 16/16)", "Parent Relationship": "Outer", "Startup Cost": 126464.14, "Total Cost": 269316.07, "Plan Rows": 357098, "Plan Width": 41, "Plans": [{"Node Type": "Hash Join", "Parent Relationship": "Outer", "Join Type": "Inner", "Startup Cost": 126464.14, "Total Cost": 252963.01, "Plan Rows": 357098, "Plan Width": 41, "Inner Unique": true, "Hash Cond": "(ci.movie_id = t.id), (LLVM Optimized)", "Plans": [{"Node Type": "Streaming(type: LOCAL REDISTRIBUTE dop: 16/16)", "Parent Relationship": "Outer", "Startup Cost": 113655.34, "Total Cost": 239847.25, "Plan Rows": 357379, "Plan Width": 32, "Plans": [{"Node Type": "Hash Join", "Parent Relationship": "Outer", "Join Type": "Inner", "Startup Cost": 113655.34, "Total Cost": 223493.12, "Plan Rows": 357379, "Plan Width": 32, "Inner Unique": false, "Hash Cond": "(ci.person_id = a1.person_id), (LLVM Optimized)", "Plans": [{"Node Type": "Streaming(type: LOCAL REDISTRIBUTE dop: 16/16)", "Parent Relationship": "Outer", "Startup Cost": 104286.28, "Total Cost": 212931.86, "Plan Rows": 711018, "Plan Width": 12, "Plans": [{"Node Type": "Hash Join", "Parent Relationship": "Outer", "Join Type": "Inner", "Startup Cost": 104286.28, "Total Cost": 195237.77, "Plan Rows": 711018, "Plan Width": 12, "Inner Unique": false, "Hash Cond": "(ci.movie_id = mc.movie_id), (LLVM Optimized)", "Plans": [{"Node Type": "Streaming(type: LOCAL REDISTRIBUTE dop: 16/16)", "Parent Relationship": "Outer", "Startup Cost": 15001.51, "Total Cost": 102848.74, "Plan Rows": 3296318, "Plan Width": 8, "Plans": [{"Node Type": "Hash Join", "Parent Relationship": "Outer", "Join Type": "Inner", "Startup Cost": 15001.51, "Total Cost": 75358.79, "Plan Rows": 3296318, "Plan Width": 8, "Inner Unique": true, "Hash Cond": "(ci.role_id = rt.id), (LLVM Optimized)", "Plans": [{"Node Type": "Seq Scan", "Parent Relationship": "Outer", "Relation Name": "cast_info", "Alias": "ci", "Startup Cost": 0.0, "Total Cost": 52617.37, "Plan Rows": 36259494, "Plan Width": 12}, {"Node Type": "Hash", "Parent Relationship": "Inner", "Startup Cost": 15001.5, "Total Cost": 15001.5, "Plan Rows": 16, "Plan Width": 4, "Plans": [{"Node Type": "Streaming(type: BROADCAST dop: 16/1)", "Parent Relationship": "Outer", "Startup Cost": 0.0, "Total Cost": 15001.5, "Plan Rows": 16, "Plan Width": 4, "Plans": [{"Node Type": "Seq Scan", "Parent Relationship": "Outer", "Relation Name": "role_type", "Alias": "rt", "Startup Cost": 0.0, "Total Cost": 1.15, "Plan Rows": 1, "Plan Width": 4, "Filter": "((role)::text = 'writer'::text)"}]}]}]}]}, {"Node Type": "Hash", "Parent Relationship": "Inner", "Startup Cost": 88282.97, "Total Cost": 88282.97, "Plan Rows": 1282311, "Plan Width": 4, "Plans": [{"Node Type": "Streaming(type: LOCAL REDISTRIBUTE dop: 16/16)", "Parent Relationship": "Outer", "Startup Cost": 24511.53, "Total Cost": 88282.97, "Plan Rows": 1282311, "Plan Width": 4, "Plans": [{"Node Type": "Hash Join", "Parent Relationship": "Outer", "Join Type": "Inner", "Startup Cost": 24511.53, "Total Cost": 68424.21, "Plan Rows": 1282311, "Plan Width": 4, "Inner Unique": true, "Hash Cond": "(mc.company_id = cn.id), (LLVM Optimized)", "Plans": [{"Node Type": "Streaming(type: LOCAL REDISTRIBUTE dop: 16/16)", "Parent Relationship": "Outer", "Startup Cost": 0.0, "Total Cost": 42499.73, "Plan Rows": 2609128, "Plan Width": 8, "Plans": [{"Node Type": "Seq Scan", "Parent Relationship": "Outer", "Relation Name": "movie_companies", "Alias": "mc", "Startup Cost": 0.0, "Total Cost": 17613.58, "Plan Rows": 2609128, "Plan Width": 8}]}, {"Node Type": "Hash", "Parent Relationship": "Inner", "Startup Cost": 24444.99, "Total Cost": 24444.99, "Plan Rows": 85170, "Plan Width": 4, "Plans": [{"Node Type": "Streaming(type: LOCAL REDISTRIBUTE dop: 16/1)", "Parent Relationship": "Outer", "Startup Cost": 0.0, "Total Cost": 24444.99, "Plan Rows": 85170, "Plan Width": 4, "Plans": [{"Node Type": "Seq Scan", "Parent Relationship": "Outer", "Relation Name": "company_name", "Alias": "cn", "Startup Cost": 0.0, "Total Cost": 5903.45, "Plan Rows": 85170, "Plan Width": 4, "Filter": "((country_code)::text = '[us]'::text)"}]}]}]}]}]}]}]}, {"Node Type": "Hash", "Parent Relationship": "Inner", "Startup Cost": 34659.52, "Total Cost": 34659.52, "Plan Rows": 901342, "Plan Width": 20, "Plans": [{"Node Type": "Streaming(type: LOCAL REDISTRIBUTE dop: 16/16)", "Parent Relationship": "Outer", "Startup Cost": 0.0, "Total Cost": 34659.52, "Plan Rows": 901342, "Plan Width": 20, "Plans": [{"Node Type": "Seq Scan", "Parent Relationship": "Outer", "Relation Name": "aka_name", "Alias": "a1", "Startup Cost": 0.0, "Total Cost": 16244.28, "Plan Rows": 901342, "Plan Width": 20}]}]}]}]}, {"Node Type": "Hash", "Parent Relationship": "Inner", "Startup Cost": 43334.25, "Total Cost": 43334.25, "Plan Rows": 2528311, "Plan Width": 21, "Plans": [{"Node Type": "Streaming(type: LOCAL REDISTRIBUTE dop: 16/16)", "Parent Relationship": "Outer", "Startup Cost": 0.0, "Total Cost": 43334.25, "Plan Rows": 2528311, "Plan Width": 21, "Plans": [{"Node Type": "Seq Scan", "Parent Relationship": "Outer", "Relation Name": "title", "Alias": "t", "Startup Cost": 0.0, "Total Cost": 18754.32, "Plan Rows": 2528311, "Plan Width": 21}]}]}]}]}, {"Node Type": "Hash", "Parent Relationship": "Inner", "Startup Cost": 51607.87, "Total Cost": 51607.87, "Plan Rows": 4167490, "Plan Width": 4, "Plans": [{"Node Type": "Streaming(type: LOCAL REDISTRIBUTE dop: 16/16)", "Parent Relationship": "Outer", "Startup Cost": 0.0, "Total Cost": 51607.87, "Plan Rows": 4167490, "Plan Width": 4, "Plans": [{"Node Type": "Seq Scan", "Parent Relationship": "Outer", "Relation Name": "name", "Alias": "n1", "Startup Cost": 0.0, "Total Cost": 20816.99, "Plan Rows": 4167490, "Plan Width": 4}]}]}]}]}]}]}, "Unique SQL Id": 2457761703, "Planner Runtime": 254}, "explain_analyze_plan": {"Plan": {"Node Type": "Aggregate", "Strategy": "Plain", "Startup Cost": 287566.27, "Total Cost": 287566.3, "Plan Rows": 1, "Plan Width": 97, "Actual Min Startup Time": 2807.394, "Actual Max Startup Time": 2807.394, "Actual Min Total Time": 2807.394, "Actual Max Total Time": 2807.394, "Plans": [{"Node Type": "Streaming(type: LOCAL GATHER dop: 1/16)", "Parent Relationship": "Outer", "Startup Cost": 287566.27, "Total Cost": 287566.3, "Plan Rows": 1, "Plan Width": 97, "Actual Min Startup Time": 2805.812, "Actual Max Startup Time": 2805.812, "Actual Min Total Time": 2807.366, "Actual Max Total Time": 2807.366, "Plans": [{"Node Type": "Aggregate", "Strategy": "Plain", "Parent Relationship": "Outer", "Startup Cost": 287566.27, "Total Cost": 287566.28, "Plan Rows": 1, "Plan Width": 97, "Actual Min Startup Time": 2410.309, "Actual Max Startup Time": 2537.515, "Actual Min Total Time": 2410.309, "Actual Max Total Time": 2537.515, "Plans": [{"Node Type": "Hash Join", "Parent Relationship": "Outer", "Join Type": "Inner", "Startup Cost": 142621.96, "Total Cost": 285780.78, "Plan Rows": 357098, "Plan Width": 33, "Actual Min Startup Time": 682.796, "Actual Max Startup Time": 809.411, "Actual Min Total Time": 2287.798, "Actual Max Total Time": 2474.84, "Inner Unique": true, "Hash Cond": "(a1.person_id = n1.id), (LLVM Optimized, Jit Execute)", "Plans": [{"Node Type": "Streaming(type: LOCAL REDISTRIBUTE dop: 16/16)", "Parent Relationship": "Outer", "Startup Cost": 126464.14, "Total Cost": 269316.07, "Plan Rows": 357098, "Plan Width": 41, "Actual Min Startup Time": 104.514, "Actual Max Startup Time": 134.767, "Actual Min Total Time": 1604.955, "Actual Max Total Time": 1724.615, "Plans": [{"Node Type": "Hash Join", "Parent Relationship": "Outer", "Join Type": "Inner", "Startup Cost": 126464.14, "Total Cost": 252963.01, "Plan Rows": 357098, "Plan Width": 41, "Actual Min Startup Time": 684.369, "Actual Max Startup Time": 863.954, "Actual Min Total Time": 2250.417, "Actual Max Total Time": 2462.715, "Inner Unique": true, "Hash Cond": "(ci.movie_id = t.id), (LLVM Optimized, Jit Execute)", "Plans": [{"Node Type": "Streaming(type: LOCAL REDISTRIBUTE dop: 16/16)", "Parent Relationship": "Outer", "Startup Cost": 113655.34, "Total Cost": 239847.25, "Plan Rows": 357379, "Plan Width": 32, "Actual Min Startup Time": 317.069, "Actual Max Startup Time": 322.995, "Actual Min Total Time": 1801.077, "Actual Max Total Time": 1863.509, "Plans": [{"Node Type": "Hash Join", "Parent Relationship": "Outer", "Join Type": "Inner", "Startup Cost": 113655.34, "Total Cost": 223493.12, "Plan Rows": 357379, "Plan Width": 32, "Actual Min Startup Time": 676.499, "Actual Max Startup Time": 926.544, "Actual Min Total Time": 1889.984, "Actual Max Total Time": 2339.531, "Inner Unique": false, "Hash Cond": "(ci.person_id = a1.person_id), (LLVM Optimized, Jit Execute)", "Plans": [{"Node Type": "Streaming(type: LOCAL REDISTRIBUTE dop: 16/16)", "Parent Relationship": "Outer", "Startup Cost": 104286.28, "Total Cost": 212931.86, "Plan Rows": 711018, "Plan Width": 12, "Actual Min Startup Time": 544.363, "Actual Max Startup Time": 557.858, "Actual Min Total Time": 1635.928, "Actual Max Total Time": 1965.859, "Plans": [{"Node Type": "Hash Join", "Parent Relationship": "Outer", "Join Type": "Inner", "Startup Cost": 104286.28, "Total Cost": 195237.77, "Plan Rows": 711018, "Plan Width": 12, "Actual Min Startup Time": 676.505, "Actual Max Startup Time": 873.864, "Actual Min Total Time": 1726.934, "Actual Max Total Time": 1983.436, "Inner Unique": false, "Hash Cond": "(ci.movie_id = mc.movie_id), (LLVM Optimized, Jit Execute)", "Plans": [{"Node Type": "Streaming(type: LOCAL REDISTRIBUTE dop: 16/16)", "Parent Relationship": "Outer", "Startup Cost": 15001.51, "Total Cost": 102848.74, "Plan Rows": 3296318, "Plan Width": 8, "Actual Min Startup Time": 0.059, "Actual Max Startup Time": 0.35, "Actual Min Total Time": 960.325, "Actual Max Total Time": 1125.807, "Plans": [{"Node Type": "Hash Join", "Parent Relationship": "Outer", "Join Type": "Inner", "Startup Cost": 15001.51, "Total Cost": 75358.79, "Plan Rows": 3296318, "Plan Width": 8, "Actual Min Startup Time": 618.945, "Actual Max Startup Time": 658.044, "Actual Min Total Time": 973.958, "Actual Max Total Time": 1016.065, "Inner Unique": true, "Hash Cond": "(ci.role_id = rt.id), (LLVM Optimized, Jit Execute)", "Plans": [{"Node Type": "Seq Scan", "Parent Relationship": "Outer", "Relation Name": "cast_info", "Alias": "ci", "Startup Cost": 0.0, "Total Cost": 52617.37, "Plan Rows": 36259494, "Plan Width": 12, "Actual Min Startup Time": 0.027, "Actual Max Startup Time": 0.044, "Actual Min Total Time": 516.927, "Actual Max Total Time": 557.048, "Actual Rows": 36244343}, {"Node Type": "Hash", "Parent Relationship": "Inner", "Startup Cost": 15001.5, "Total Cost": 15001.5, "Plan Rows": 16, "Plan Width": 4, "Actual Min Startup Time": 0.012, "Actual Max Startup Time": 23.82, "Actual Min Total Time": 0.012, "Actual Max Total Time": 23.82, "Max Hash Buckets": 32768, "Min Hash Buckets": 32768, "Max Hash Batches": 1, "Min Hash Batches": 1, "Max Original Hash Batches": 1, "Min Original Hash Batches": 1, "Max Peak Memory Usage": 1, "min Peak Memory Usage": 1, "Plans": [{"Node Type": "Streaming(type: BROADCAST dop: 16/1)", "Parent Relationship": "Outer", "Startup Cost": 0.0, "Total Cost": 15001.5, "Plan Rows": 16, "Plan Width": 4, "Actual Min Startup Time": 0.003, "Actual Max Startup Time": 23.79, "Actual Min Total Time": 0.004, "Actual Max Total Time": 23.792, "Plans": [{"Node Type": "Seq Scan", "Parent Relationship": "Outer", "Relation Name": "role_type", "Alias": "rt", "Startup Cost": 0.0, "Total Cost": 1.15, "Plan Rows": 1, "Plan Width": 4, "Actual Min Startup Time": 0.032, "Actual Max Startup Time": 0.032, "Actual Min Total Time": 0.036, "Actual Max Total Time": 0.036, "Filter": "((role)::text = 'writer'::text)", "Rows Removed by Filter": 11, "Actual Rows": 1}], "Actual Rows": 16}], "Actual Rows": 16}], "Actual Rows": 2728943}], "Actual Rows": 2728943}, {"Node Type": "Hash", "Parent Relationship": "Inner", "Startup Cost": 88282.97, "Total Cost": 88282.97, "Plan Rows": 1282311, "Plan Width": 4, "Actual Min Startup Time": 676.313, "Actual Max Startup Time": 873.534, "Actual Min Total Time": 676.313, "Actual Max Total Time": 873.534, "Max Hash Buckets": 131072, "Min Hash Buckets": 131072, "Max Hash Batches": 1, "Min Hash Batches": 1, "Max Original Hash Batches": 1, "Min Original Hash Batches": 1, "Max Peak Memory Usage": 2542, "min Peak Memory Usage": 2542, "Plans": [{"Node Type": "Streaming(type: LOCAL REDISTRIBUTE dop: 16/16)", "Parent Relationship": "Outer", "Startup Cost": 24511.53, "Total Cost": 88282.97, "Plan Rows": 1282311, "Plan Width": 4, "Actual Min Startup Time": 194.948, "Actual Max Startup Time": 392.152, "Actual Min Total Time": 652.521, "Actual Max Total Time": 846.259, "Plans": [{"Node Type": "Hash Join", "Parent Relationship": "Outer", "Join Type": "Inner", "Startup Cost": 24511.53, "Total Cost": 68424.21, "Plan Rows": 1282311, "Plan Width": 4, "Actual Min Startup Time": 193.447, "Actual Max Startup Time": 460.105, "Actual Min Total Time": 545.948, "Actual Max Total Time": 855.575, "Inner Unique": true, "Hash Cond": "(mc.company_id = cn.id), (LLVM Optimized, Jit Execute)", "Plans": [{"Node Type": "Streaming(type: LOCAL REDISTRIBUTE dop: 16/16)", "Parent Relationship": "Outer", "Startup Cost": 0.0, "Total Cost": 42499.73, "Plan Rows": 2609128, "Plan Width": 8, "Actual Min Startup Time": 0.064, "Actual Max Startup Time": 1.902, "Actual Min Total Time": 262.091, "Actual Max Total Time": 376.152, "Plans": [{"Node Type": "Seq Scan", "Parent Relationship": "Outer", "Relation Name": "movie_companies", "Alias": "mc", "Startup Cost": 0.0, "Total Cost": 17613.58, "Plan Rows": 2609128, "Plan Width": 8, "Actual Min Startup Time": 0.027, "Actual Max Startup Time": 0.063, "Actual Min Total Time": 42.353, "Actual Max Total Time": 50.636, "Actual Rows": 2609128}], "Actual Rows": 2609128}, {"Node Type": "Hash", "Parent Relationship": "Inner", "Startup Cost": 24444.99, "Total Cost": 24444.99, "Plan Rows": 85170, "Plan Width": 4, "Actual Min Startup Time": 193.304, "Actual Max Startup Time": 459.356, "Actual Min Total Time": 193.304, "Actual Max Total Time": 459.356, "Max Hash Buckets": 32768, "Min Hash Buckets": 32768, "Max Hash Batches": 1, "Min Hash Batches": 1, "Max Original Hash Batches": 1, "Min Original Hash Batches": 1, "Max Peak Memory Usage": 182, "min Peak Memory Usage": 182, "Plans": [{"Node Type": "Streaming(type: LOCAL REDISTRIBUTE dop: 16/1)", "Parent Relationship": "Outer", "Startup Cost": 0.0, "Total Cost": 24444.99, "Plan Rows": 85170, "Plan Width": 4, "Actual Min Startup Time": 0.041, "Actual Max Startup Time": 266.767, "Actual Min Total Time": 191.764, "Actual Max Total Time": 457.92, "Plans": [{"Node Type": "Seq Scan", "Parent Relationship": "Outer", "Relation Name": "company_name", "Alias": "cn", "Startup Cost": 0.0, "Total Cost": 5903.45, "Plan Rows": 85170, "Plan Width": 4, "Actual Min Startup Time": 0.053, "Actual Max Startup Time": 0.053, "Actual Min Total Time": 97.001, "Actual Max Total Time": 97.001, "Filter": "((country_code)::text = '[us]'::text)", "Rows Removed by Filter": 150153, "Actual Rows": 84843}], "Actual Rows": 84843}], "Actual Rows": 84843}], "Actual Rows": 1153797}], "Actual Rows": 1153797}], "Actual Rows": 1153797}], "Actual Rows": 1970658}], "Actual Rows": 1970658}, {"Node Type": "Hash", "Parent Relationship": "Inner", "Startup Cost": 34659.52, "Total Cost": 34659.52, "Plan Rows": 901342, "Plan Width": 20, "Actual Min Startup Time": 130.612, "Actual Max Startup Time": 381.22, "Actual Min Total Time": 130.612, "Actual Max Total Time": 381.22, "Max Hash Buckets": 65536, "Min Hash Buckets": 65536, "Max Hash Batches": 1, "Min Hash Batches": 1, "Max Original Hash Batches": 1, "Min Original Hash Batches": 1, "Max Peak Memory Usage": 2981, "min Peak Memory Usage": 2981, "Plans": [{"Node Type": "Streaming(type: LOCAL REDISTRIBUTE dop: 16/16)", "Parent Relationship": "Outer", "Startup Cost": 0.0, "Total Cost": 34659.52, "Plan Rows": 901342, "Plan Width": 20, "Actual Min Startup Time": 0.052, "Actual Max Startup Time": 67.059, "Actual Min Total Time": 109.562, "Actual Max Total Time": 360.696, "Plans": [{"Node Type": "Seq Scan", "Parent Relationship": "Outer", "Relation Name": "aka_name", "Alias": "a1", "Startup Cost": 0.0, "Total Cost": 16244.28, "Plan Rows": 901342, "Plan Width": 20, "Actual Min Startup Time": 0.019, "Actual Max Startup Time": 0.042, "Actual Min Total Time": 15.933, "Actual Max Total Time": 20.502, "Actual Rows": 901342}], "Actual Rows": 901342}], "Actual Rows": 901342}], "Actual Rows": 2487611}], "Actual Rows": 2487611}, {"Node Type": "Hash", "Parent Relationship": "Inner", "Startup Cost": 43334.25, "Total Cost": 43334.25, "Plan Rows": 2528311, "Plan Width": 21, "Actual Min Startup Time": 365.618, "Actual Max Startup Time": 543.574, "Actual Min Total Time": 365.618, "Actual Max Total Time": 543.574, "Max Hash Buckets": 262144, "Min Hash Buckets": 262144, "Max Hash Batches": 1, "Min Hash Batches": 1, "Max Original Hash Batches": 1, "Min Original Hash Batches": 1, "Max Peak Memory Usage": 8518, "min Peak Memory Usage": 8518, "Plans": [{"Node Type": "Streaming(type: LOCAL REDISTRIBUTE dop: 16/16)", "Parent Relationship": "Outer", "Startup Cost": 0.0, "Total Cost": 43334.25, "Plan Rows": 2528311, "Plan Width": 21, "Actual Min Startup Time": 0.063, "Actual Max Startup Time": 18.287, "Actual Min Total Time": 289.389, "Actual Max Total Time": 470.899, "Plans": [{"Node Type": "Seq Scan", "Parent Relationship": "Outer", "Relation Name": "title", "Alias": "t", "Startup Cost": 0.0, "Total Cost": 18754.32, "Plan Rows": 2528311, "Plan Width": 21, "Actual Min Startup Time": 0.017, "Actual Max Startup Time": 0.037, "Actual Min Total Time": 47.834, "Actual Max Total Time": 58.11, "Actual Rows": 2528311}], "Actual Rows": 2528311}], "Actual Rows": 2528311}], "Actual Rows": 2487611}], "Actual Rows": 2487611}, {"Node Type": "Hash", "Parent Relationship": "Inner", "Startup Cost": 51607.87, "Total Cost": 51607.87, "Plan Rows": 4167490, "Plan Width": 4, "Actual Min Startup Time": 573.363, "Actual Max Startup Time": 700.351, "Actual Min Total Time": 573.363, "Actual Max Total Time": 700.351, "Max Hash Buckets": 262144, "Min Hash Buckets": 262144, "Max Hash Batches": 1, "Min Hash Batches": 1, "Max Original Hash Batches": 1, "Min Original Hash Batches": 1, "Max Peak Memory Usage": 9174, "min Peak Memory Usage": 9174, "Plans": [{"Node Type": "Streaming(type: LOCAL REDISTRIBUTE dop: 16/16)", "Parent Relationship": "Outer", "Startup Cost": 0.0, "Total Cost": 51607.87, "Plan Rows": 4167490, "Plan Width": 4, "Actual Min Startup Time": 0.053, "Actual Max Startup Time": 0.099, "Actual Min Total Time": 470.118, "Actual Max Total Time": 593.068, "Plans": [{"Node Type": "Seq Scan", "Parent Relationship": "Outer", "Relation Name": "name", "Alias": "n1", "Startup Cost": 0.0, "Total Cost": 20816.99, "Plan Rows": 4167490, "Plan Width": 4, "Actual Min Startup Time": 0.017, "Actual Max Startup Time": 0.04, "Actual Min Total Time": 75.276, "Actual Max Total Time": 87.952, "Actual Rows": 4167490}], "Actual Rows": 4167490}], "Actual Rows": 4167490}], "Actual Rows": 2487611}], "Actual Rows": 16}], "Actual Rows": 16}], "Actual Rows": 1}, "Triggers": [], "Planner Runtime": 253, "Total Runtime": 2852.697, "Unique SQL Id": 2457761703}}, "(16, 107)": {"explain_plan": {"Plan": {"Node Type": "Aggregate", "Strategy": "Plain", "Startup Cost": 7000179338360.79, "Total Cost": 7000179338360.8, "Plan Rows": 1, "Plan Width": 97, "Plans": [{"Node Type": "Hash Join", "Parent Relationship": "Outer", "Join Type": "Inner", "Startup Cost": 6010043939190.32, "Total Cost": 7000179336575.3, "Plan Rows": 357098, "Plan Width": 33, "Inner Unique": true, "Hash Cond": "(ci.movie_id = t.id), (LLVM Optimized)", "Plans": [{"Node Type": "Hash Join", "Parent Relationship": "Outer", "Join Type": "Inner", "Startup Cost": 5010032895537.52, "Total Cost": 6000168288011.34, "Plan Rows": 357379, "Plan Width": 24, "Inner Unique": true, "Hash Cond": "(a1.person_id = n1.id), (LLVM Optimized)", "Plans": [{"Node Type": "Hash Join", "Parent Relationship": "Outer", "Join Type": "Inner", "Startup Cost": 4010020360183.89, "Total Cost": 5000155747743.76, "Plan Rows": 357379, "Plan Width": 32, "Inner Unique": false, "Hash Cond": "(ci.person_id = a1.person_id), (LLVM Optimized)", "Plans": [{"Node Type": "Hash Join", "Parent Relationship": "Outer", "Join Type": "Inner", "Startup Cost": 3010013452413.69, "Total Cost": 4000148620924.57, "Plan Rows": 711018, "Plan Width": 12, "Inner Unique": true, "Hash Cond": "(mc.company_id = cn.id), (LLVM Optimized)", "Plans": [{"Node Type": "Hash Join", "Parent Relationship": "Outer", "Join Type": "Inner", "Startup Cost": 2010012401210.1, "Total Cost": 3000147557185.62, "Plan Rows": 1446714, "Plan Width": 16, "Inner Unique": false, "Hash Cond": "(ci.movie_id = mc.movie_id), (LLVM Optimized)", "Plans": [{"Node Type": "Hash Join", "Parent Relationship": "Outer", "Join Type": "Inner", "Startup Cost": 1010000001246.01, "Total Cost": 2000134278550.55, "Plan Rows": 3296318, "Plan Width": 8, "Inner Unique": true, "Hash Cond": "(ci.role_id = rt.id), (LLVM Optimized)", "Plans": [{"Node Type": "Index Scan", "Parent Relationship": "Outer", "Scan Direction": "Forward", "Index Name": "role_id_cast_info", "Relation Name": "cast_info", "Alias": "ci", "Startup Cost": 10000000000.0, "Total Cost": 1000134153466.0, "Plan Rows": 36259494, "Plan Width": 12}, {"Node Type": "Hash", "Parent Relationship": "Inner", "Startup Cost": 1000000001246.0, "Total Cost": 1000000001246.0, "Plan Rows": 1, "Plan Width": 4, "Plans": [{"Node Type": "Index Scan", "Parent Relationship": "Outer", "Scan Direction": "Forward", "Index Name": "role_type_pkey", "Relation Name": "role_type", "Alias": "rt", "Startup Cost": 10000000000.0, "Total Cost": 1000000001246.0, "Plan Rows": 1, "Plan Width": 4, "Filter": "((role)::text = 'writer'::text)"}]}]}, {"Node Type": "Hash", "Parent Relationship": "Inner", "Startup Cost": 1000012367349.98, "Total Cost": 1000012367349.98, "Plan Rows": 2609128, "Plan Width": 8, "Plans": [{"Node Type": "Index Scan", "Parent Relationship": "Outer", "Scan Direction": "Forward", "Index Name": "company_id_movie_companies", "Relation Name": "movie_companies", "Alias": "mc", "Startup Cost": 10000000000.0, "Total Cost": 1000012367349.98, "Plan Rows": 2609128, "Plan Width": 8}]}]}, {"Node Type": "Hash", "Parent Relationship": "Inner", "Startup Cost": 1000001050138.97, "Total Cost": 1000001050138.97, "Plan Rows": 85170, "Plan Width": 4, "Plans": [{"Node Type": "Index Scan", "Parent Relationship": "Outer", "Scan Direction": "Forward", "Index Name": "company_name_pkey", "Relation Name": "company_name", "Alias": "cn", "Startup Cost": 10000000000.0, "Total Cost": 1000001050138.97, "Plan Rows": 85170, "Plan Width": 4, "Filter": "((country_code)::text = '[us]'::text)"}]}]}, {"Node Type": "Hash", "Parent Relationship": "Inner", "Startup Cost": 1000006896503.43, "Total Cost": 1000006896503.43, "Plan Rows": 901342, "Plan Width": 20, "Plans": [{"Node Type": "Index Scan", "Parent Relationship": "Outer", "Scan Direction": "Forward", "Index Name": "person_id_aka_name", "Relation Name": "aka_name", "Alias": "a1", "Startup Cost": 10000000000.0, "Total Cost": 1000006896503.43, "Plan Rows": 901342, "Plan Width": 20}]}]}, {"Node Type": "Hash", "Parent Relationship": "Inner", "Startup Cost": 1000012483260.0, "Total Cost": 1000012483260.0, "Plan Rows": 4167490, "Plan Width": 4, "Plans": [{"Node Type": "Index Only Scan", "Parent Relationship": "Outer", "Scan Direction": "Forward", "Index Name": "name_pkey", "Relation Name": "name", "Alias": "n1", "Startup Cost": 10000000000.0, "Total Cost": 1000012483260.0, "Plan Rows": 4167490, "Plan Width": 4}]}]}, {"Node Type": "Hash", "Parent Relationship": "Inner", "Startup Cost": 1000011012048.91, "Total Cost": 1000011012048.91, "Plan Rows": 2528311, "Plan Width": 21, "Plans": [{"Node Type": "Index Scan", "Parent Relationship": "Outer", "Scan Direction": "Forward", "Index Name": "title_pkey", "Relation Name": "title", "Alias": "t", "Startup Cost": 10000000000.0, "Total Cost": 1000011012048.91, "Plan Rows": 2528311, "Plan Width": 21}]}]}]}, "Unique SQL Id": 2457761703, "Planner Runtime": 53}, "explain_analyze_plan": null}, "(16, 108)": {"explain_plan": {"Plan": {"Node Type": "Aggregate", "Strategy": "Plain", "Startup Cost": 287566.27, "Total Cost": 287566.3, "Plan Rows": 1, "Plan Width": 97, "Plans": [{"Node Type": "Streaming(type: LOCAL GATHER dop: 1/16)", "Parent Relationship": "Outer", "Startup Cost": 287566.27, "Total Cost": 287566.3, "Plan Rows": 1, "Plan Width": 97, "Plans": [{"Node Type": "Aggregate", "Strategy": "Plain", "Parent Relationship": "Outer", "Startup Cost": 287566.27, "Total Cost": 287566.28, "Plan Rows": 1, "Plan Width": 97, "Plans": [{"Node Type": "Hash Join", "Parent Relationship": "Outer", "Join Type": "Inner", "Startup Cost": 142621.96, "Total Cost": 285780.78, "Plan Rows": 357098, "Plan Width": 33, "Inner Unique": true, "Hash Cond": "(a1.person_id = n1.id), (LLVM Optimized)", "Plans": [{"Node Type": "Streaming(type: LOCAL REDISTRIBUTE dop: 16/16)", "Parent Relationship": "Outer", "Startup Cost": 126464.14, "Total Cost": 269316.07, "Plan Rows": 357098, "Plan Width": 41, "Plans": [{"Node Type": "Hash Join", "Parent Relationship": "Outer", "Join Type": "Inner", "Startup Cost": 126464.14, "Total Cost": 252963.01, "Plan Rows": 357098, "Plan Width": 41, "Inner Unique": true, "Hash Cond": "(ci.movie_id = t.id), (LLVM Optimized)", "Plans": [{"Node Type": "Streaming(type: LOCAL REDISTRIBUTE dop: 16/16)", "Parent Relationship": "Outer", "Startup Cost": 113655.34, "Total Cost": 239847.25, "Plan Rows": 357379, "Plan Width": 32, "Plans": [{"Node Type": "Hash Join", "Parent Relationship": "Outer", "Join Type": "Inner", "Startup Cost": 113655.34, "Total Cost": 223493.12, "Plan Rows": 357379, "Plan Width": 32, "Inner Unique": false, "Hash Cond": "(ci.person_id = a1.person_id), (LLVM Optimized)", "Plans": [{"Node Type": "Streaming(type: LOCAL REDISTRIBUTE dop: 16/16)", "Parent Relationship": "Outer", "Startup Cost": 104286.28, "Total Cost": 212931.86, "Plan Rows": 711018, "Plan Width": 12, "Plans": [{"Node Type": "Hash Join", "Parent Relationship": "Outer", "Join Type": "Inner", "Startup Cost": 104286.28, "Total Cost": 195237.77, "Plan Rows": 711018, "Plan Width": 12, "Inner Unique": false, "Hash Cond": "(ci.movie_id = mc.movie_id), (LLVM Optimized)", "Plans": [{"Node Type": "Streaming(type: LOCAL REDISTRIBUTE dop: 16/16)", "Parent Relationship": "Outer", "Startup Cost": 15001.51, "Total Cost": 102848.74, "Plan Rows": 3296318, "Plan Width": 8, "Plans": [{"Node Type": "Hash Join", "Parent Relationship": "Outer", "Join Type": "Inner", "Startup Cost": 15001.51, "Total Cost": 75358.79, "Plan Rows": 3296318, "Plan Width": 8, "Inner Unique": true, "Hash Cond": "(ci.role_id = rt.id), (LLVM Optimized)", "Plans": [{"Node Type": "Seq Scan", "Parent Relationship": "Outer", "Relation Name": "cast_info", "Alias": "ci", "Startup Cost": 0.0, "Total Cost": 52617.37, "Plan Rows": 36259494, "Plan Width": 12}, {"Node Type": "Hash", "Parent Relationship": "Inner", "Startup Cost": 15001.5, "Total Cost": 15001.5, "Plan Rows": 16, "Plan Width": 4, "Plans": [{"Node Type": "Streaming(type: BROADCAST dop: 16/1)", "Parent Relationship": "Outer", "Startup Cost": 0.0, "Total Cost": 15001.5, "Plan Rows": 16, "Plan Width": 4, "Plans": [{"Node Type": "Seq Scan", "Parent Relationship": "Outer", "Relation Name": "role_type", "Alias": "rt", "Startup Cost": 0.0, "Total Cost": 1.15, "Plan Rows": 1, "Plan Width": 4, "Filter": "((role)::text = 'writer'::text)"}]}]}]}]}, {"Node Type": "Hash", "Parent Relationship": "Inner", "Startup Cost": 88282.97, "Total Cost": 88282.97, "Plan Rows": 1282311, "Plan Width": 4, "Plans": [{"Node Type": "Streaming(type: LOCAL REDISTRIBUTE dop: 16/16)", "Parent Relationship": "Outer", "Startup Cost": 24511.53, "Total Cost": 88282.97, "Plan Rows": 1282311, "Plan Width": 4, "Plans": [{"Node Type": "Hash Join", "Parent Relationship": "Outer", "Join Type": "Inner", "Startup Cost": 24511.53, "Total Cost": 68424.21, "Plan Rows": 1282311, "Plan Width": 4, "Inner Unique": true, "Hash Cond": "(mc.company_id = cn.id), (LLVM Optimized)", "Plans": [{"Node Type": "Streaming(type: LOCAL REDISTRIBUTE dop: 16/16)", "Parent Relationship": "Outer", "Startup Cost": 0.0, "Total Cost": 42499.73, "Plan Rows": 2609128, "Plan Width": 8, "Plans": [{"Node Type": "Seq Scan", "Parent Relationship": "Outer", "Relation Name": "movie_companies", "Alias": "mc", "Startup Cost": 0.0, "Total Cost": 17613.58, "Plan Rows": 2609128, "Plan Width": 8}]}, {"Node Type": "Hash", "Parent Relationship": "Inner", "Startup Cost": 24444.99, "Total Cost": 24444.99, "Plan Rows": 85170, "Plan Width": 4, "Plans": [{"Node Type": "Streaming(type: LOCAL REDISTRIBUTE dop: 16/1)", "Parent Relationship": "Outer", "Startup Cost": 0.0, "Total Cost": 24444.99, "Plan Rows": 85170, "Plan Width": 4, "Plans": [{"Node Type": "Seq Scan", "Parent Relationship": "Outer", "Relation Name": "company_name", "Alias": "cn", "Startup Cost": 0.0, "Total Cost": 5903.45, "Plan Rows": 85170, "Plan Width": 4, "Filter": "((country_code)::text = '[us]'::text)"}]}]}]}]}]}]}]}, {"Node Type": "Hash", "Parent Relationship": "Inner", "Startup Cost": 34659.52, "Total Cost": 34659.52, "Plan Rows": 901342, "Plan Width": 20, "Plans": [{"Node Type": "Streaming(type: LOCAL REDISTRIBUTE dop: 16/16)", "Parent Relationship": "Outer", "Startup Cost": 0.0, "Total Cost": 34659.52, "Plan Rows": 901342, "Plan Width": 20, "Plans": [{"Node Type": "Seq Scan", "Parent Relationship": "Outer", "Relation Name": "aka_name", "Alias": "a1", "Startup Cost": 0.0, "Total Cost": 16244.28, "Plan Rows": 901342, "Plan Width": 20}]}]}]}]}, {"Node Type": "Hash", "Parent Relationship": "Inner", "Startup Cost": 43334.25, "Total Cost": 43334.25, "Plan Rows": 2528311, "Plan Width": 21, "Plans": [{"Node Type": "Streaming(type: LOCAL REDISTRIBUTE dop: 16/16)", "Parent Relationship": "Outer", "Startup Cost": 0.0, "Total Cost": 43334.25, "Plan Rows": 2528311, "Plan Width": 21, "Plans": [{"Node Type": "Seq Scan", "Parent Relationship": "Outer", "Relation Name": "title", "Alias": "t", "Startup Cost": 0.0, "Total Cost": 18754.32, "Plan Rows": 2528311, "Plan Width": 21}]}]}]}]}, {"Node Type": "Hash", "Parent Relationship": "Inner", "Startup Cost": 51607.87, "Total Cost": 51607.87, "Plan Rows": 4167490, "Plan Width": 4, "Plans": [{"Node Type": "Streaming(type: LOCAL REDISTRIBUTE dop: 16/16)", "Parent Relationship": "Outer", "Startup Cost": 0.0, "Total Cost": 51607.87, "Plan Rows": 4167490, "Plan Width": 4, "Plans": [{"Node Type": "Seq Scan", "Parent Relationship": "Outer", "Relation Name": "name", "Alias": "n1", "Startup Cost": 0.0, "Total Cost": 20816.99, "Plan Rows": 4167490, "Plan Width": 4}]}]}]}]}]}]}, "Unique SQL Id": 2457761703, "Planner Runtime": 190}, "explain_analyze_plan": {"Plan": {"Node Type": "Aggregate", "Strategy": "Plain", "Startup Cost": 287566.27, "Total Cost": 287566.3, "Plan Rows": 1, "Plan Width": 97, "Actual Min Startup Time": 2807.394, "Actual Max Startup Time": 2807.394, "Actual Min Total Time": 2807.394, "Actual Max Total Time": 2807.394, "Plans": [{"Node Type": "Streaming(type: LOCAL GATHER dop: 1/16)", "Parent Relationship": "Outer", "Startup Cost": 287566.27, "Total Cost": 287566.3, "Plan Rows": 1, "Plan Width": 97, "Actual Min Startup Time": 2805.812, "Actual Max Startup Time": 2805.812, "Actual Min Total Time": 2807.366, "Actual Max Total Time": 2807.366, "Plans": [{"Node Type": "Aggregate", "Strategy": "Plain", "Parent Relationship": "Outer", "Startup Cost": 287566.27, "Total Cost": 287566.28, "Plan Rows": 1, "Plan Width": 97, "Actual Min Startup Time": 2410.309, "Actual Max Startup Time": 2537.515, "Actual Min Total Time": 2410.309, "Actual Max Total Time": 2537.515, "Plans": [{"Node Type": "Hash Join", "Parent Relationship": "Outer", "Join Type": "Inner", "Startup Cost": 142621.96, "Total Cost": 285780.78, "Plan Rows": 357098, "Plan Width": 33, "Actual Min Startup Time": 682.796, "Actual Max Startup Time": 809.411, "Actual Min Total Time": 2287.798, "Actual Max Total Time": 2474.84, "Inner Unique": true, "Hash Cond": "(a1.person_id = n1.id), (LLVM Optimized, Jit Execute)", "Plans": [{"Node Type": "Streaming(type: LOCAL REDISTRIBUTE dop: 16/16)", "Parent Relationship": "Outer", "Startup Cost": 126464.14, "Total Cost": 269316.07, "Plan Rows": 357098, "Plan Width": 41, "Actual Min Startup Time": 104.514, "Actual Max Startup Time": 134.767, "Actual Min Total Time": 1604.955, "Actual Max Total Time": 1724.615, "Plans": [{"Node Type": "Hash Join", "Parent Relationship": "Outer", "Join Type": "Inner", "Startup Cost": 126464.14, "Total Cost": 252963.01, "Plan Rows": 357098, "Plan Width": 41, "Actual Min Startup Time": 684.369, "Actual Max Startup Time": 863.954, "Actual Min Total Time": 2250.417, "Actual Max Total Time": 2462.715, "Inner Unique": true, "Hash Cond": "(ci.movie_id = t.id), (LLVM Optimized, Jit Execute)", "Plans": [{"Node Type": "Streaming(type: LOCAL REDISTRIBUTE dop: 16/16)", "Parent Relationship": "Outer", "Startup Cost": 113655.34, "Total Cost": 239847.25, "Plan Rows": 357379, "Plan Width": 32, "Actual Min Startup Time": 317.069, "Actual Max Startup Time": 322.995, "Actual Min Total Time": 1801.077, "Actual Max Total Time": 1863.509, "Plans": [{"Node Type": "Hash Join", "Parent Relationship": "Outer", "Join Type": "Inner", "Startup Cost": 113655.34, "Total Cost": 223493.12, "Plan Rows": 357379, "Plan Width": 32, "Actual Min Startup Time": 676.499, "Actual Max Startup Time": 926.544, "Actual Min Total Time": 1889.984, "Actual Max Total Time": 2339.531, "Inner Unique": false, "Hash Cond": "(ci.person_id = a1.person_id), (LLVM Optimized, Jit Execute)", "Plans": [{"Node Type": "Streaming(type: LOCAL REDISTRIBUTE dop: 16/16)", "Parent Relationship": "Outer", "Startup Cost": 104286.28, "Total Cost": 212931.86, "Plan Rows": 711018, "Plan Width": 12, "Actual Min Startup Time": 544.363, "Actual Max Startup Time": 557.858, "Actual Min Total Time": 1635.928, "Actual Max Total Time": 1965.859, "Plans": [{"Node Type": "Hash Join", "Parent Relationship": "Outer", "Join Type": "Inner", "Startup Cost": 104286.28, "Total Cost": 195237.77, "Plan Rows": 711018, "Plan Width": 12, "Actual Min Startup Time": 676.505, "Actual Max Startup Time": 873.864, "Actual Min Total Time": 1726.934, "Actual Max Total Time": 1983.436, "Inner Unique": false, "Hash Cond": "(ci.movie_id = mc.movie_id), (LLVM Optimized, Jit Execute)", "Plans": [{"Node Type": "Streaming(type: LOCAL REDISTRIBUTE dop: 16/16)", "Parent Relationship": "Outer", "Startup Cost": 15001.51, "Total Cost": 102848.74, "Plan Rows": 3296318, "Plan Width": 8, "Actual Min Startup Time": 0.059, "Actual Max Startup Time": 0.35, "Actual Min Total Time": 960.325, "Actual Max Total Time": 1125.807, "Plans": [{"Node Type": "Hash Join", "Parent Relationship": "Outer", "Join Type": "Inner", "Startup Cost": 15001.51, "Total Cost": 75358.79, "Plan Rows": 3296318, "Plan Width": 8, "Actual Min Startup Time": 618.945, "Actual Max Startup Time": 658.044, "Actual Min Total Time": 973.958, "Actual Max Total Time": 1016.065, "Inner Unique": true, "Hash Cond": "(ci.role_id = rt.id), (LLVM Optimized, Jit Execute)", "Plans": [{"Node Type": "Seq Scan", "Parent Relationship": "Outer", "Relation Name": "cast_info", "Alias": "ci", "Startup Cost": 0.0, "Total Cost": 52617.37, "Plan Rows": 36259494, "Plan Width": 12, "Actual Min Startup Time": 0.027, "Actual Max Startup Time": 0.044, "Actual Min Total Time": 516.927, "Actual Max Total Time": 557.048, "Actual Rows": 36244343}, {"Node Type": "Hash", "Parent Relationship": "Inner", "Startup Cost": 15001.5, "Total Cost": 15001.5, "Plan Rows": 16, "Plan Width": 4, "Actual Min Startup Time": 0.012, "Actual Max Startup Time": 23.82, "Actual Min Total Time": 0.012, "Actual Max Total Time": 23.82, "Max Hash Buckets": 32768, "Min Hash Buckets": 32768, "Max Hash Batches": 1, "Min Hash Batches": 1, "Max Original Hash Batches": 1, "Min Original Hash Batches": 1, "Max Peak Memory Usage": 1, "min Peak Memory Usage": 1, "Plans": [{"Node Type": "Streaming(type: BROADCAST dop: 16/1)", "Parent Relationship": "Outer", "Startup Cost": 0.0, "Total Cost": 15001.5, "Plan Rows": 16, "Plan Width": 4, "Actual Min Startup Time": 0.003, "Actual Max Startup Time": 23.79, "Actual Min Total Time": 0.004, "Actual Max Total Time": 23.792, "Plans": [{"Node Type": "Seq Scan", "Parent Relationship": "Outer", "Relation Name": "role_type", "Alias": "rt", "Startup Cost": 0.0, "Total Cost": 1.15, "Plan Rows": 1, "Plan Width": 4, "Actual Min Startup Time": 0.032, "Actual Max Startup Time": 0.032, "Actual Min Total Time": 0.036, "Actual Max Total Time": 0.036, "Filter": "((role)::text = 'writer'::text)", "Rows Removed by Filter": 11, "Actual Rows": 1}], "Actual Rows": 16}], "Actual Rows": 16}], "Actual Rows": 2728943}], "Actual Rows": 2728943}, {"Node Type": "Hash", "Parent Relationship": "Inner", "Startup Cost": 88282.97, "Total Cost": 88282.97, "Plan Rows": 1282311, "Plan Width": 4, "Actual Min Startup Time": 676.313, "Actual Max Startup Time": 873.534, "Actual Min Total Time": 676.313, "Actual Max Total Time": 873.534, "Max Hash Buckets": 131072, "Min Hash Buckets": 131072, "Max Hash Batches": 1, "Min Hash Batches": 1, "Max Original Hash Batches": 1, "Min Original Hash Batches": 1, "Max Peak Memory Usage": 2542, "min Peak Memory Usage": 2542, "Plans": [{"Node Type": "Streaming(type: LOCAL REDISTRIBUTE dop: 16/16)", "Parent Relationship": "Outer", "Startup Cost": 24511.53, "Total Cost": 88282.97, "Plan Rows": 1282311, "Plan Width": 4, "Actual Min Startup Time": 194.948, "Actual Max Startup Time": 392.152, "Actual Min Total Time": 652.521, "Actual Max Total Time": 846.259, "Plans": [{"Node Type": "Hash Join", "Parent Relationship": "Outer", "Join Type": "Inner", "Startup Cost": 24511.53, "Total Cost": 68424.21, "Plan Rows": 1282311, "Plan Width": 4, "Actual Min Startup Time": 193.447, "Actual Max Startup Time": 460.105, "Actual Min Total Time": 545.948, "Actual Max Total Time": 855.575, "Inner Unique": true, "Hash Cond": "(mc.company_id = cn.id), (LLVM Optimized, Jit Execute)", "Plans": [{"Node Type": "Streaming(type: LOCAL REDISTRIBUTE dop: 16/16)", "Parent Relationship": "Outer", "Startup Cost": 0.0, "Total Cost": 42499.73, "Plan Rows": 2609128, "Plan Width": 8, "Actual Min Startup Time": 0.064, "Actual Max Startup Time": 1.902, "Actual Min Total Time": 262.091, "Actual Max Total Time": 376.152, "Plans": [{"Node Type": "Seq Scan", "Parent Relationship": "Outer", "Relation Name": "movie_companies", "Alias": "mc", "Startup Cost": 0.0, "Total Cost": 17613.58, "Plan Rows": 2609128, "Plan Width": 8, "Actual Min Startup Time": 0.027, "Actual Max Startup Time": 0.063, "Actual Min Total Time": 42.353, "Actual Max Total Time": 50.636, "Actual Rows": 2609128}], "Actual Rows": 2609128}, {"Node Type": "Hash", "Parent Relationship": "Inner", "Startup Cost": 24444.99, "Total Cost": 24444.99, "Plan Rows": 85170, "Plan Width": 4, "Actual Min Startup Time": 193.304, "Actual Max Startup Time": 459.356, "Actual Min Total Time": 193.304, "Actual Max Total Time": 459.356, "Max Hash Buckets": 32768, "Min Hash Buckets": 32768, "Max Hash Batches": 1, "Min Hash Batches": 1, "Max Original Hash Batches": 1, "Min Original Hash Batches": 1, "Max Peak Memory Usage": 182, "min Peak Memory Usage": 182, "Plans": [{"Node Type": "Streaming(type: LOCAL REDISTRIBUTE dop: 16/1)", "Parent Relationship": "Outer", "Startup Cost": 0.0, "Total Cost": 24444.99, "Plan Rows": 85170, "Plan Width": 4, "Actual Min Startup Time": 0.041, "Actual Max Startup Time": 266.767, "Actual Min Total Time": 191.764, "Actual Max Total Time": 457.92, "Plans": [{"Node Type": "Seq Scan", "Parent Relationship": "Outer", "Relation Name": "company_name", "Alias": "cn", "Startup Cost": 0.0, "Total Cost": 5903.45, "Plan Rows": 85170, "Plan Width": 4, "Actual Min Startup Time": 0.053, "Actual Max Startup Time": 0.053, "Actual Min Total Time": 97.001, "Actual Max Total Time": 97.001, "Filter": "((country_code)::text = '[us]'::text)", "Rows Removed by Filter": 150153, "Actual Rows": 84843}], "Actual Rows": 84843}], "Actual Rows": 84843}], "Actual Rows": 1153797}], "Actual Rows": 1153797}], "Actual Rows": 1153797}], "Actual Rows": 1970658}], "Actual Rows": 1970658}, {"Node Type": "Hash", "Parent Relationship": "Inner", "Startup Cost": 34659.52, "Total Cost": 34659.52, "Plan Rows": 901342, "Plan Width": 20, "Actual Min Startup Time": 130.612, "Actual Max Startup Time": 381.22, "Actual Min Total Time": 130.612, "Actual Max Total Time": 381.22, "Max Hash Buckets": 65536, "Min Hash Buckets": 65536, "Max Hash Batches": 1, "Min Hash Batches": 1, "Max Original Hash Batches": 1, "Min Original Hash Batches": 1, "Max Peak Memory Usage": 2981, "min Peak Memory Usage": 2981, "Plans": [{"Node Type": "Streaming(type: LOCAL REDISTRIBUTE dop: 16/16)", "Parent Relationship": "Outer", "Startup Cost": 0.0, "Total Cost": 34659.52, "Plan Rows": 901342, "Plan Width": 20, "Actual Min Startup Time": 0.052, "Actual Max Startup Time": 67.059, "Actual Min Total Time": 109.562, "Actual Max Total Time": 360.696, "Plans": [{"Node Type": "Seq Scan", "Parent Relationship": "Outer", "Relation Name": "aka_name", "Alias": "a1", "Startup Cost": 0.0, "Total Cost": 16244.28, "Plan Rows": 901342, "Plan Width": 20, "Actual Min Startup Time": 0.019, "Actual Max Startup Time": 0.042, "Actual Min Total Time": 15.933, "Actual Max Total Time": 20.502, "Actual Rows": 901342}], "Actual Rows": 901342}], "Actual Rows": 901342}], "Actual Rows": 2487611}], "Actual Rows": 2487611}, {"Node Type": "Hash", "Parent Relationship": "Inner", "Startup Cost": 43334.25, "Total Cost": 43334.25, "Plan Rows": 2528311, "Plan Width": 21, "Actual Min Startup Time": 365.618, "Actual Max Startup Time": 543.574, "Actual Min Total Time": 365.618, "Actual Max Total Time": 543.574, "Max Hash Buckets": 262144, "Min Hash Buckets": 262144, "Max Hash Batches": 1, "Min Hash Batches": 1, "Max Original Hash Batches": 1, "Min Original Hash Batches": 1, "Max Peak Memory Usage": 8518, "min Peak Memory Usage": 8518, "Plans": [{"Node Type": "Streaming(type: LOCAL REDISTRIBUTE dop: 16/16)", "Parent Relationship": "Outer", "Startup Cost": 0.0, "Total Cost": 43334.25, "Plan Rows": 2528311, "Plan Width": 21, "Actual Min Startup Time": 0.063, "Actual Max Startup Time": 18.287, "Actual Min Total Time": 289.389, "Actual Max Total Time": 470.899, "Plans": [{"Node Type": "Seq Scan", "Parent Relationship": "Outer", "Relation Name": "title", "Alias": "t", "Startup Cost": 0.0, "Total Cost": 18754.32, "Plan Rows": 2528311, "Plan Width": 21, "Actual Min Startup Time": 0.017, "Actual Max Startup Time": 0.037, "Actual Min Total Time": 47.834, "Actual Max Total Time": 58.11, "Actual Rows": 2528311}], "Actual Rows": 2528311}], "Actual Rows": 2528311}], "Actual Rows": 2487611}], "Actual Rows": 2487611}, {"Node Type": "Hash", "Parent Relationship": "Inner", "Startup Cost": 51607.87, "Total Cost": 51607.87, "Plan Rows": 4167490, "Plan Width": 4, "Actual Min Startup Time": 573.363, "Actual Max Startup Time": 700.351, "Actual Min Total Time": 573.363, "Actual Max Total Time": 700.351, "Max Hash Buckets": 262144, "Min Hash Buckets": 262144, "Max Hash Batches": 1, "Min Hash Batches": 1, "Max Original Hash Batches": 1, "Min Original Hash Batches": 1, "Max Peak Memory Usage": 9174, "min Peak Memory Usage": 9174, "Plans": [{"Node Type": "Streaming(type: LOCAL REDISTRIBUTE dop: 16/16)", "Parent Relationship": "Outer", "Startup Cost": 0.0, "Total Cost": 51607.87, "Plan Rows": 4167490, "Plan Width": 4, "Actual Min Startup Time": 0.053, "Actual Max Startup Time": 0.099, "Actual Min Total Time": 470.118, "Actual Max Total Time": 593.068, "Plans": [{"Node Type": "Seq Scan", "Parent Relationship": "Outer", "Relation Name": "name", "Alias": "n1", "Startup Cost": 0.0, "Total Cost": 20816.99, "Plan Rows": 4167490, "Plan Width": 4, "Actual Min Startup Time": 0.017, "Actual Max Startup Time": 0.04, "Actual Min Total Time": 75.276, "Actual Max Total Time": 87.952, "Actual Rows": 4167490}], "Actual Rows": 4167490}], "Actual Rows": 4167490}], "Actual Rows": 2487611}], "Actual Rows": 16}], "Actual Rows": 16}], "Actual Rows": 1}, "Triggers": [], "Planner Runtime": 253, "Total Runtime": 2852.697, "Unique SQL Id": 2457761703}}, "(16, 109)": {"explain_plan": {"Plan": {"Node Type": "Aggregate", "Strategy": "Plain", "Startup Cost": 1406524.48, "Total Cost": 1406524.51, "Plan Rows": 1, "Plan Width": 97, "Plans": [{"Node Type": "Streaming(type: LOCAL GATHER dop: 1/16)", "Parent Relationship": "Outer", "Startup Cost": 1406524.48, "Total Cost": 1406524.51, "Plan Rows": 1, "Plan Width": 97, "Plans": [{"Node Type": "Aggregate", "Strategy": "Plain", "Parent Relationship": "Outer", "Startup Cost": 1406524.48, "Total Cost": 1406524.49, "Plan Rows": 1, "Plan Width": 97, "Plans": [{"Node Type": "Hash Join", "Parent Relationship": "Outer", "Join Type": "Inner", "Startup Cost": 270868.12, "Total Cost": 1404738.99, "Plan Rows": 357098, "Plan Width": 33, "Inner Unique": true, "Hash Cond": "(ci.movie_id = t.id), (LLVM Optimized)", "Plans": [{"Node Type": "Streaming(type: LOCAL REDISTRIBUTE dop: 16/16)", "Parent Relationship": "Outer", "Startup Cost": 237393.5, "Total Cost": 1370957.42, "Plan Rows": 357379, "Plan Width": 24, "Plans": [{"Node Type": "Hash Join", "Parent Relationship": "Outer", "Join Type": "Inner", "Startup Cost": 237393.5, "Total Cost": 1354603.29, "Plan Rows": 357379, "Plan Width": 24, "Inner Unique": true, "Hash Cond": "(mc.company_id = cn.id), (LLVM Optimized)", "Plans": [{"Node Type": "Streaming(type: LOCAL REDISTRIBUTE dop: 16/16)", "Parent Relationship": "Outer", "Startup Cost": 230066.23, "Total Cost": 1346882.23, "Plan Rows": 727161, "Plan Width": 28, "Plans": [{"Node Type": "Hash Join", "Parent Relationship": "Outer", "Join Type": "Inner", "Startup Cost": 230066.23, "Total Cost": 1329126.97, "Plan Rows": 727161, "Plan Width": 28, "Inner Unique": true, "Hash Cond": "(a1.person_id = n1.id), (LLVM Optimized)", "Plans": [{"Node Type": "Streaming(type: LOCAL REDISTRIBUTE dop: 16/16)", "Parent Relationship": "Outer", "Startup Cost": 175427.87, "Total Cost": 1273863.7, "Plan Rows": 727161, "Plan Width": 36, "Plans": [{"Node Type": "Hash Join", "Parent Relationship": "Outer", "Join Type": "Inner", "Startup Cost": 175427.87, "Total Cost": 1256108.44, "Plan Rows": 727161, "Plan Width": 36, "Inner Unique": false, "Hash Cond": "(ci.movie_id = mc.movie_id), (LLVM Optimized)", "Plans": [{"Node Type": "Streaming(type: LOCAL REDISTRIBUTE dop: 16/16)", "Parent Relationship": "Outer", "Startup Cost": 137161.66, "Total Cost": 1215145.72, "Plan Rows": 1484588, "Plan Width": 28, "Plans": [{"Node Type": "Hash Join", "Parent Relationship": "Outer", "Join Type": "Inner", "Startup Cost": 137161.66, "Total Cost": 1194520.52, "Plan Rows": 1484588, "Plan Width": 28, "Inner Unique": false, "Hash Cond": "(ci.person_id = a1.person_id), (LLVM Optimized)", "Plans": [{"Node Type": "Streaming(type: LOCAL REDISTRIBUTE dop: 16/16)", "Parent Relationship": "Outer", "Startup Cost": 15012.82, "Total Cost": 1066844.59, "Plan Rows": 3296318, "Plan Width": 8, "Plans": [{"Node Type": "Hash Join", "Parent Relationship": "Outer", "Join Type": "Inner", "Startup Cost": 15012.82, "Total Cost": 1039354.63, "Plan Rows": 3296318, "Plan Width": 8, "Inner Unique": true, "Hash Cond": "(ci.role_id = rt.id), (LLVM Optimized)", "Plans": [{"Node Type": "Index Scan", "Parent Relationship": "Outer", "Scan Direction": "Forward", "Index Name": "role_id_cast_info", "Relation Name": "cast_info", "Alias": "ci", "Startup Cost": 0.0, "Total Cost": 1016601.9, "Plan Rows": 36259494, "Plan Width": 12}, {"Node Type": "Hash", "Parent Relationship": "Inner", "Startup Cost": 15012.81, "Total Cost": 15012.81, "Plan Rows": 16, "Plan Width": 4, "Plans": [{"Node Type": "Streaming(type: BROADCAST dop: 16/1)", "Parent Relationship": "Outer", "Startup Cost": 0.0, "Total Cost": 15012.81, "Plan Rows": 16, "Plan Width": 4, "Plans": [{"Node Type": "Index Scan", "Parent Relationship": "Outer", "Scan Direction": "Forward", "Index Name": "role_type_pkey", "Relation Name": "role_type", "Alias": "rt", "Startup Cost": 0.0, "Total Cost": 12.46, "Plan Rows": 1, "Plan Width": 4, "Filter": "((role)::text = 'writer'::text)"}]}]}]}]}, {"Node Type": "Hash", "Parent Relationship": "Inner", "Startup Cost": 121444.67, "Total Cost": 121444.67, "Plan Rows": 901342, "Plan Width": 20, "Plans": [{"Node Type": "Streaming(type: LOCAL REDISTRIBUTE dop: 16/1)", "Parent Relationship": "Outer", "Startup Cost": 0.0, "Total Cost": 121444.67, "Plan Rows": 901342, "Plan Width": 20, "Plans": [{"Node Type": "Index Scan", "Parent Relationship": "Outer", "Scan Direction": "Forward", "Index Name": "person_id_aka_name", "Relation Name": "aka_name", "Alias": "a1", "Startup Cost": 0.0, "Total Cost": 68965.03, "Plan Rows": 901342, "Plan Width": 20}]}]}]}]}, {"Node Type": "Hash", "Parent Relationship": "Inner", "Startup Cost": 139099.07, "Total Cost": 139099.07, "Plan Rows": 2609128, "Plan Width": 8, "Plans": [{"Node Type": "Streaming(type: LOCAL REDISTRIBUTE dop: 16/16)", "Parent Relationship": "Outer", "Startup Cost": 0.0, "Total Cost": 139099.07, "Plan Rows": 2609128, "Plan Width": 8, "Plans": [{"Node Type": "Index Scan", "Parent Relationship": "Outer", "Scan Direction": "Forward", "Index Name": "company_id_movie_companies", "Relation Name": "movie_companies", "Alias": "mc", "Startup Cost": 0.0, "Total Cost": 114212.92, "Plan Rows": 2609128, "Plan Width": 8}]}]}]}]}, {"Node Type": "Hash", "Parent Relationship": "Inner", "Startup Cost": 182953.41, "Total Cost": 182953.41, "Plan Rows": 4167490, "Plan Width": 4, "Plans": [{"Node Type": "Streaming(type: LOCAL REDISTRIBUTE dop: 16/16)", "Parent Relationship": "Outer", "Startup Cost": 0.0, "Total Cost": 182953.41, "Plan Rows": 4167490, "Plan Width": 4, "Plans": [{"Node Type": "Index Scan", "Parent Relationship": "Outer", "Scan Direction": "Forward", "Index Name": "name_pkey", "Relation Name": "name", "Alias": "n1", "Startup Cost": 0.0, "Total Cost": 152162.53, "Plan Rows": 4167490, "Plan Width": 4}]}]}]}]}, {"Node Type": "Hash", "Parent Relationship": "Inner", "Startup Cost": 29042.93, "Total Cost": 29042.93, "Plan Rows": 85170, "Plan Width": 4, "Plans": [{"Node Type": "Streaming(type: LOCAL REDISTRIBUTE dop: 16/1)", "Parent Relationship": "Outer", "Startup Cost": 0.0, "Total Cost": 29042.93, "Plan Rows": 85170, "Plan Width": 4, "Plans": [{"Node Type": "Index Scan", "Parent Relationship": "Outer", "Scan Direction": "Forward", "Index Name": "company_name_pkey", "Relation Name": "company_name", "Alias": "cn", "Startup Cost": 0.0, "Total Cost": 10501.39, "Plan Rows": 85170, "Plan Width": 4, "Filter": "((country_code)::text = '[us]'::text)"}]}]}]}]}, {"Node Type": "Hash", "Parent Relationship": "Inner", "Startup Cost": 125997.5, "Total Cost": 125997.5, "Plan Rows": 2528311, "Plan Width": 21, "Plans": [{"Node Type": "Streaming(type: LOCAL REDISTRIBUTE dop: 16/16)", "Parent Relationship": "Outer", "Startup Cost": 0.0, "Total Cost": 125997.5, "Plan Rows": 2528311, "Plan Width": 21, "Plans": [{"Node Type": "Index Scan", "Parent Relationship": "Outer", "Scan Direction": "Forward", "Index Name": "title_pkey", "Relation Name": "title", "Alias": "t", "Startup Cost": 0.0, "Total Cost": 101417.57, "Plan Rows": 2528311, "Plan Width": 21}]}]}]}]}]}]}, "Unique SQL Id": 2457761703, "Planner Runtime": 94}, "explain_analyze_plan": null}, "(16, 110)": {"explain_plan": {"Plan": {"Node Type": "Aggregate", "Strategy": "Plain", "Startup Cost": 287566.27, "Total Cost": 287566.3, "Plan Rows": 1, "Plan Width": 97, "Plans": [{"Node Type": "Streaming(type: LOCAL GATHER dop: 1/16)", "Parent Relationship": "Outer", "Startup Cost": 287566.27, "Total Cost": 287566.3, "Plan Rows": 1, "Plan Width": 97, "Plans": [{"Node Type": "Aggregate", "Strategy": "Plain", "Parent Relationship": "Outer", "Startup Cost": 287566.27, "Total Cost": 287566.28, "Plan Rows": 1, "Plan Width": 97, "Plans": [{"Node Type": "Hash Join", "Parent Relationship": "Outer", "Join Type": "Inner", "Startup Cost": 142621.96, "Total Cost": 285780.78, "Plan Rows": 357098, "Plan Width": 33, "Inner Unique": true, "Hash Cond": "(a1.person_id = n1.id), (LLVM Optimized)", "Plans": [{"Node Type": "Streaming(type: LOCAL REDISTRIBUTE dop: 16/16)", "Parent Relationship": "Outer", "Startup Cost": 126464.14, "Total Cost": 269316.07, "Plan Rows": 357098, "Plan Width": 41, "Plans": [{"Node Type": "Hash Join", "Parent Relationship": "Outer", "Join Type": "Inner", "Startup Cost": 126464.14, "Total Cost": 252963.01, "Plan Rows": 357098, "Plan Width": 41, "Inner Unique": true, "Hash Cond": "(ci.movie_id = t.id), (LLVM Optimized)", "Plans": [{"Node Type": "Streaming(type: LOCAL REDISTRIBUTE dop: 16/16)", "Parent Relationship": "Outer", "Startup Cost": 113655.34, "Total Cost": 239847.25, "Plan Rows": 357379, "Plan Width": 32, "Plans": [{"Node Type": "Hash Join", "Parent Relationship": "Outer", "Join Type": "Inner", "Startup Cost": 113655.34, "Total Cost": 223493.12, "Plan Rows": 357379, "Plan Width": 32, "Inner Unique": false, "Hash Cond": "(ci.person_id = a1.person_id), (LLVM Optimized)", "Plans": [{"Node Type": "Streaming(type: LOCAL REDISTRIBUTE dop: 16/16)", "Parent Relationship": "Outer", "Startup Cost": 104286.28, "Total Cost": 212931.86, "Plan Rows": 711018, "Plan Width": 12, "Plans": [{"Node Type": "Hash Join", "Parent Relationship": "Outer", "Join Type": "Inner", "Startup Cost": 104286.28, "Total Cost": 195237.77, "Plan Rows": 711018, "Plan Width": 12, "Inner Unique": false, "Hash Cond": "(ci.movie_id = mc.movie_id), (LLVM Optimized)", "Plans": [{"Node Type": "Streaming(type: LOCAL REDISTRIBUTE dop: 16/16)", "Parent Relationship": "Outer", "Startup Cost": 15001.51, "Total Cost": 102848.74, "Plan Rows": 3296318, "Plan Width": 8, "Plans": [{"Node Type": "Hash Join", "Parent Relationship": "Outer", "Join Type": "Inner", "Startup Cost": 15001.51, "Total Cost": 75358.79, "Plan Rows": 3296318, "Plan Width": 8, "Inner Unique": true, "Hash Cond": "(ci.role_id = rt.id), (LLVM Optimized)", "Plans": [{"Node Type": "Seq Scan", "Parent Relationship": "Outer", "Relation Name": "cast_info", "Alias": "ci", "Startup Cost": 0.0, "Total Cost": 52617.37, "Plan Rows": 36259494, "Plan Width": 12}, {"Node Type": "Hash", "Parent Relationship": "Inner", "Startup Cost": 15001.5, "Total Cost": 15001.5, "Plan Rows": 16, "Plan Width": 4, "Plans": [{"Node Type": "Streaming(type: BROADCAST dop: 16/1)", "Parent Relationship": "Outer", "Startup Cost": 0.0, "Total Cost": 15001.5, "Plan Rows": 16, "Plan Width": 4, "Plans": [{"Node Type": "Seq Scan", "Parent Relationship": "Outer", "Relation Name": "role_type", "Alias": "rt", "Startup Cost": 0.0, "Total Cost": 1.15, "Plan Rows": 1, "Plan Width": 4, "Filter": "((role)::text = 'writer'::text)"}]}]}]}]}, {"Node Type": "Hash", "Parent Relationship": "Inner", "Startup Cost": 88282.97, "Total Cost": 88282.97, "Plan Rows": 1282311, "Plan Width": 4, "Plans": [{"Node Type": "Streaming(type: LOCAL REDISTRIBUTE dop: 16/16)", "Parent Relationship": "Outer", "Startup Cost": 24511.53, "Total Cost": 88282.97, "Plan Rows": 1282311, "Plan Width": 4, "Plans": [{"Node Type": "Hash Join", "Parent Relationship": "Outer", "Join Type": "Inner", "Startup Cost": 24511.53, "Total Cost": 68424.21, "Plan Rows": 1282311, "Plan Width": 4, "Inner Unique": true, "Hash Cond": "(mc.company_id = cn.id), (LLVM Optimized)", "Plans": [{"Node Type": "Streaming(type: LOCAL REDISTRIBUTE dop: 16/16)", "Parent Relationship": "Outer", "Startup Cost": 0.0, "Total Cost": 42499.73, "Plan Rows": 2609128, "Plan Width": 8, "Plans": [{"Node Type": "Seq Scan", "Parent Relationship": "Outer", "Relation Name": "movie_companies", "Alias": "mc", "Startup Cost": 0.0, "Total Cost": 17613.58, "Plan Rows": 2609128, "Plan Width": 8}]}, {"Node Type": "Hash", "Parent Relationship": "Inner", "Startup Cost": 24444.99, "Total Cost": 24444.99, "Plan Rows": 85170, "Plan Width": 4, "Plans": [{"Node Type": "Streaming(type: LOCAL REDISTRIBUTE dop: 16/1)", "Parent Relationship": "Outer", "Startup Cost": 0.0, "Total Cost": 24444.99, "Plan Rows": 85170, "Plan Width": 4, "Plans": [{"Node Type": "Seq Scan", "Parent Relationship": "Outer", "Relation Name": "company_name", "Alias": "cn", "Startup Cost": 0.0, "Total Cost": 5903.45, "Plan Rows": 85170, "Plan Width": 4, "Filter": "((country_code)::text = '[us]'::text)"}]}]}]}]}]}]}]}, {"Node Type": "Hash", "Parent Relationship": "Inner", "Startup Cost": 34659.52, "Total Cost": 34659.52, "Plan Rows": 901342, "Plan Width": 20, "Plans": [{"Node Type": "Streaming(type: LOCAL REDISTRIBUTE dop: 16/16)", "Parent Relationship": "Outer", "Startup Cost": 0.0, "Total Cost": 34659.52, "Plan Rows": 901342, "Plan Width": 20, "Plans": [{"Node Type": "Seq Scan", "Parent Relationship": "Outer", "Relation Name": "aka_name", "Alias": "a1", "Startup Cost": 0.0, "Total Cost": 16244.28, "Plan Rows": 901342, "Plan Width": 20}]}]}]}]}, {"Node Type": "Hash", "Parent Relationship": "Inner", "Startup Cost": 43334.25, "Total Cost": 43334.25, "Plan Rows": 2528311, "Plan Width": 21, "Plans": [{"Node Type": "Streaming(type: LOCAL REDISTRIBUTE dop: 16/16)", "Parent Relationship": "Outer", "Startup Cost": 0.0, "Total Cost": 43334.25, "Plan Rows": 2528311, "Plan Width": 21, "Plans": [{"Node Type": "Seq Scan", "Parent Relationship": "Outer", "Relation Name": "title", "Alias": "t", "Startup Cost": 0.0, "Total Cost": 18754.32, "Plan Rows": 2528311, "Plan Width": 21}]}]}]}]}, {"Node Type": "Hash", "Parent Relationship": "Inner", "Startup Cost": 51607.87, "Total Cost": 51607.87, "Plan Rows": 4167490, "Plan Width": 4, "Plans": [{"Node Type": "Streaming(type: LOCAL REDISTRIBUTE dop: 16/16)", "Parent Relationship": "Outer", "Startup Cost": 0.0, "Total Cost": 51607.87, "Plan Rows": 4167490, "Plan Width": 4, "Plans": [{"Node Type": "Seq Scan", "Parent Relationship": "Outer", "Relation Name": "name", "Alias": "n1", "Startup Cost": 0.0, "Total Cost": 20816.99, "Plan Rows": 4167490, "Plan Width": 4}]}]}]}]}]}]}, "Unique SQL Id": 2457761703, "Planner Runtime": 253}, "explain_analyze_plan": {"Plan": {"Node Type": "Aggregate", "Strategy": "Plain", "Startup Cost": 287566.27, "Total Cost": 287566.3, "Plan Rows": 1, "Plan Width": 97, "Actual Min Startup Time": 2807.394, "Actual Max Startup Time": 2807.394, "Actual Min Total Time": 2807.394, "Actual Max Total Time": 2807.394, "Plans": [{"Node Type": "Streaming(type: LOCAL GATHER dop: 1/16)", "Parent Relationship": "Outer", "Startup Cost": 287566.27, "Total Cost": 287566.3, "Plan Rows": 1, "Plan Width": 97, "Actual Min Startup Time": 2805.812, "Actual Max Startup Time": 2805.812, "Actual Min Total Time": 2807.366, "Actual Max Total Time": 2807.366, "Plans": [{"Node Type": "Aggregate", "Strategy": "Plain", "Parent Relationship": "Outer", "Startup Cost": 287566.27, "Total Cost": 287566.28, "Plan Rows": 1, "Plan Width": 97, "Actual Min Startup Time": 2410.309, "Actual Max Startup Time": 2537.515, "Actual Min Total Time": 2410.309, "Actual Max Total Time": 2537.515, "Plans": [{"Node Type": "Hash Join", "Parent Relationship": "Outer", "Join Type": "Inner", "Startup Cost": 142621.96, "Total Cost": 285780.78, "Plan Rows": 357098, "Plan Width": 33, "Actual Min Startup Time": 682.796, "Actual Max Startup Time": 809.411, "Actual Min Total Time": 2287.798, "Actual Max Total Time": 2474.84, "Inner Unique": true, "Hash Cond": "(a1.person_id = n1.id), (LLVM Optimized, Jit Execute)", "Plans": [{"Node Type": "Streaming(type: LOCAL REDISTRIBUTE dop: 16/16)", "Parent Relationship": "Outer", "Startup Cost": 126464.14, "Total Cost": 269316.07, "Plan Rows": 357098, "Plan Width": 41, "Actual Min Startup Time": 104.514, "Actual Max Startup Time": 134.767, "Actual Min Total Time": 1604.955, "Actual Max Total Time": 1724.615, "Plans": [{"Node Type": "Hash Join", "Parent Relationship": "Outer", "Join Type": "Inner", "Startup Cost": 126464.14, "Total Cost": 252963.01, "Plan Rows": 357098, "Plan Width": 41, "Actual Min Startup Time": 684.369, "Actual Max Startup Time": 863.954, "Actual Min Total Time": 2250.417, "Actual Max Total Time": 2462.715, "Inner Unique": true, "Hash Cond": "(ci.movie_id = t.id), (LLVM Optimized, Jit Execute)", "Plans": [{"Node Type": "Streaming(type: LOCAL REDISTRIBUTE dop: 16/16)", "Parent Relationship": "Outer", "Startup Cost": 113655.34, "Total Cost": 239847.25, "Plan Rows": 357379, "Plan Width": 32, "Actual Min Startup Time": 317.069, "Actual Max Startup Time": 322.995, "Actual Min Total Time": 1801.077, "Actual Max Total Time": 1863.509, "Plans": [{"Node Type": "Hash Join", "Parent Relationship": "Outer", "Join Type": "Inner", "Startup Cost": 113655.34, "Total Cost": 223493.12, "Plan Rows": 357379, "Plan Width": 32, "Actual Min Startup Time": 676.499, "Actual Max Startup Time": 926.544, "Actual Min Total Time": 1889.984, "Actual Max Total Time": 2339.531, "Inner Unique": false, "Hash Cond": "(ci.person_id = a1.person_id), (LLVM Optimized, Jit Execute)", "Plans": [{"Node Type": "Streaming(type: LOCAL REDISTRIBUTE dop: 16/16)", "Parent Relationship": "Outer", "Startup Cost": 104286.28, "Total Cost": 212931.86, "Plan Rows": 711018, "Plan Width": 12, "Actual Min Startup Time": 544.363, "Actual Max Startup Time": 557.858, "Actual Min Total Time": 1635.928, "Actual Max Total Time": 1965.859, "Plans": [{"Node Type": "Hash Join", "Parent Relationship": "Outer", "Join Type": "Inner", "Startup Cost": 104286.28, "Total Cost": 195237.77, "Plan Rows": 711018, "Plan Width": 12, "Actual Min Startup Time": 676.505, "Actual Max Startup Time": 873.864, "Actual Min Total Time": 1726.934, "Actual Max Total Time": 1983.436, "Inner Unique": false, "Hash Cond": "(ci.movie_id = mc.movie_id), (LLVM Optimized, Jit Execute)", "Plans": [{"Node Type": "Streaming(type: LOCAL REDISTRIBUTE dop: 16/16)", "Parent Relationship": "Outer", "Startup Cost": 15001.51, "Total Cost": 102848.74, "Plan Rows": 3296318, "Plan Width": 8, "Actual Min Startup Time": 0.059, "Actual Max Startup Time": 0.35, "Actual Min Total Time": 960.325, "Actual Max Total Time": 1125.807, "Plans": [{"Node Type": "Hash Join", "Parent Relationship": "Outer", "Join Type": "Inner", "Startup Cost": 15001.51, "Total Cost": 75358.79, "Plan Rows": 3296318, "Plan Width": 8, "Actual Min Startup Time": 618.945, "Actual Max Startup Time": 658.044, "Actual Min Total Time": 973.958, "Actual Max Total Time": 1016.065, "Inner Unique": true, "Hash Cond": "(ci.role_id = rt.id), (LLVM Optimized, Jit Execute)", "Plans": [{"Node Type": "Seq Scan", "Parent Relationship": "Outer", "Relation Name": "cast_info", "Alias": "ci", "Startup Cost": 0.0, "Total Cost": 52617.37, "Plan Rows": 36259494, "Plan Width": 12, "Actual Min Startup Time": 0.027, "Actual Max Startup Time": 0.044, "Actual Min Total Time": 516.927, "Actual Max Total Time": 557.048, "Actual Rows": 36244343}, {"Node Type": "Hash", "Parent Relationship": "Inner", "Startup Cost": 15001.5, "Total Cost": 15001.5, "Plan Rows": 16, "Plan Width": 4, "Actual Min Startup Time": 0.012, "Actual Max Startup Time": 23.82, "Actual Min Total Time": 0.012, "Actual Max Total Time": 23.82, "Max Hash Buckets": 32768, "Min Hash Buckets": 32768, "Max Hash Batches": 1, "Min Hash Batches": 1, "Max Original Hash Batches": 1, "Min Original Hash Batches": 1, "Max Peak Memory Usage": 1, "min Peak Memory Usage": 1, "Plans": [{"Node Type": "Streaming(type: BROADCAST dop: 16/1)", "Parent Relationship": "Outer", "Startup Cost": 0.0, "Total Cost": 15001.5, "Plan Rows": 16, "Plan Width": 4, "Actual Min Startup Time": 0.003, "Actual Max Startup Time": 23.79, "Actual Min Total Time": 0.004, "Actual Max Total Time": 23.792, "Plans": [{"Node Type": "Seq Scan", "Parent Relationship": "Outer", "Relation Name": "role_type", "Alias": "rt", "Startup Cost": 0.0, "Total Cost": 1.15, "Plan Rows": 1, "Plan Width": 4, "Actual Min Startup Time": 0.032, "Actual Max Startup Time": 0.032, "Actual Min Total Time": 0.036, "Actual Max Total Time": 0.036, "Filter": "((role)::text = 'writer'::text)", "Rows Removed by Filter": 11, "Actual Rows": 1}], "Actual Rows": 16}], "Actual Rows": 16}], "Actual Rows": 2728943}], "Actual Rows": 2728943}, {"Node Type": "Hash", "Parent Relationship": "Inner", "Startup Cost": 88282.97, "Total Cost": 88282.97, "Plan Rows": 1282311, "Plan Width": 4, "Actual Min Startup Time": 676.313, "Actual Max Startup Time": 873.534, "Actual Min Total Time": 676.313, "Actual Max Total Time": 873.534, "Max Hash Buckets": 131072, "Min Hash Buckets": 131072, "Max Hash Batches": 1, "Min Hash Batches": 1, "Max Original Hash Batches": 1, "Min Original Hash Batches": 1, "Max Peak Memory Usage": 2542, "min Peak Memory Usage": 2542, "Plans": [{"Node Type": "Streaming(type: LOCAL REDISTRIBUTE dop: 16/16)", "Parent Relationship": "Outer", "Startup Cost": 24511.53, "Total Cost": 88282.97, "Plan Rows": 1282311, "Plan Width": 4, "Actual Min Startup Time": 194.948, "Actual Max Startup Time": 392.152, "Actual Min Total Time": 652.521, "Actual Max Total Time": 846.259, "Plans": [{"Node Type": "Hash Join", "Parent Relationship": "Outer", "Join Type": "Inner", "Startup Cost": 24511.53, "Total Cost": 68424.21, "Plan Rows": 1282311, "Plan Width": 4, "Actual Min Startup Time": 193.447, "Actual Max Startup Time": 460.105, "Actual Min Total Time": 545.948, "Actual Max Total Time": 855.575, "Inner Unique": true, "Hash Cond": "(mc.company_id = cn.id), (LLVM Optimized, Jit Execute)", "Plans": [{"Node Type": "Streaming(type: LOCAL REDISTRIBUTE dop: 16/16)", "Parent Relationship": "Outer", "Startup Cost": 0.0, "Total Cost": 42499.73, "Plan Rows": 2609128, "Plan Width": 8, "Actual Min Startup Time": 0.064, "Actual Max Startup Time": 1.902, "Actual Min Total Time": 262.091, "Actual Max Total Time": 376.152, "Plans": [{"Node Type": "Seq Scan", "Parent Relationship": "Outer", "Relation Name": "movie_companies", "Alias": "mc", "Startup Cost": 0.0, "Total Cost": 17613.58, "Plan Rows": 2609128, "Plan Width": 8, "Actual Min Startup Time": 0.027, "Actual Max Startup Time": 0.063, "Actual Min Total Time": 42.353, "Actual Max Total Time": 50.636, "Actual Rows": 2609128}], "Actual Rows": 2609128}, {"Node Type": "Hash", "Parent Relationship": "Inner", "Startup Cost": 24444.99, "Total Cost": 24444.99, "Plan Rows": 85170, "Plan Width": 4, "Actual Min Startup Time": 193.304, "Actual Max Startup Time": 459.356, "Actual Min Total Time": 193.304, "Actual Max Total Time": 459.356, "Max Hash Buckets": 32768, "Min Hash Buckets": 32768, "Max Hash Batches": 1, "Min Hash Batches": 1, "Max Original Hash Batches": 1, "Min Original Hash Batches": 1, "Max Peak Memory Usage": 182, "min Peak Memory Usage": 182, "Plans": [{"Node Type": "Streaming(type: LOCAL REDISTRIBUTE dop: 16/1)", "Parent Relationship": "Outer", "Startup Cost": 0.0, "Total Cost": 24444.99, "Plan Rows": 85170, "Plan Width": 4, "Actual Min Startup Time": 0.041, "Actual Max Startup Time": 266.767, "Actual Min Total Time": 191.764, "Actual Max Total Time": 457.92, "Plans": [{"Node Type": "Seq Scan", "Parent Relationship": "Outer", "Relation Name": "company_name", "Alias": "cn", "Startup Cost": 0.0, "Total Cost": 5903.45, "Plan Rows": 85170, "Plan Width": 4, "Actual Min Startup Time": 0.053, "Actual Max Startup Time": 0.053, "Actual Min Total Time": 97.001, "Actual Max Total Time": 97.001, "Filter": "((country_code)::text = '[us]'::text)", "Rows Removed by Filter": 150153, "Actual Rows": 84843}], "Actual Rows": 84843}], "Actual Rows": 84843}], "Actual Rows": 1153797}], "Actual Rows": 1153797}], "Actual Rows": 1153797}], "Actual Rows": 1970658}], "Actual Rows": 1970658}, {"Node Type": "Hash", "Parent Relationship": "Inner", "Startup Cost": 34659.52, "Total Cost": 34659.52, "Plan Rows": 901342, "Plan Width": 20, "Actual Min Startup Time": 130.612, "Actual Max Startup Time": 381.22, "Actual Min Total Time": 130.612, "Actual Max Total Time": 381.22, "Max Hash Buckets": 65536, "Min Hash Buckets": 65536, "Max Hash Batches": 1, "Min Hash Batches": 1, "Max Original Hash Batches": 1, "Min Original Hash Batches": 1, "Max Peak Memory Usage": 2981, "min Peak Memory Usage": 2981, "Plans": [{"Node Type": "Streaming(type: LOCAL REDISTRIBUTE dop: 16/16)", "Parent Relationship": "Outer", "Startup Cost": 0.0, "Total Cost": 34659.52, "Plan Rows": 901342, "Plan Width": 20, "Actual Min Startup Time": 0.052, "Actual Max Startup Time": 67.059, "Actual Min Total Time": 109.562, "Actual Max Total Time": 360.696, "Plans": [{"Node Type": "Seq Scan", "Parent Relationship": "Outer", "Relation Name": "aka_name", "Alias": "a1", "Startup Cost": 0.0, "Total Cost": 16244.28, "Plan Rows": 901342, "Plan Width": 20, "Actual Min Startup Time": 0.019, "Actual Max Startup Time": 0.042, "Actual Min Total Time": 15.933, "Actual Max Total Time": 20.502, "Actual Rows": 901342}], "Actual Rows": 901342}], "Actual Rows": 901342}], "Actual Rows": 2487611}], "Actual Rows": 2487611}, {"Node Type": "Hash", "Parent Relationship": "Inner", "Startup Cost": 43334.25, "Total Cost": 43334.25, "Plan Rows": 2528311, "Plan Width": 21, "Actual Min Startup Time": 365.618, "Actual Max Startup Time": 543.574, "Actual Min Total Time": 365.618, "Actual Max Total Time": 543.574, "Max Hash Buckets": 262144, "Min Hash Buckets": 262144, "Max Hash Batches": 1, "Min Hash Batches": 1, "Max Original Hash Batches": 1, "Min Original Hash Batches": 1, "Max Peak Memory Usage": 8518, "min Peak Memory Usage": 8518, "Plans": [{"Node Type": "Streaming(type: LOCAL REDISTRIBUTE dop: 16/16)", "Parent Relationship": "Outer", "Startup Cost": 0.0, "Total Cost": 43334.25, "Plan Rows": 2528311, "Plan Width": 21, "Actual Min Startup Time": 0.063, "Actual Max Startup Time": 18.287, "Actual Min Total Time": 289.389, "Actual Max Total Time": 470.899, "Plans": [{"Node Type": "Seq Scan", "Parent Relationship": "Outer", "Relation Name": "title", "Alias": "t", "Startup Cost": 0.0, "Total Cost": 18754.32, "Plan Rows": 2528311, "Plan Width": 21, "Actual Min Startup Time": 0.017, "Actual Max Startup Time": 0.037, "Actual Min Total Time": 47.834, "Actual Max Total Time": 58.11, "Actual Rows": 2528311}], "Actual Rows": 2528311}], "Actual Rows": 2528311}], "Actual Rows": 2487611}], "Actual Rows": 2487611}, {"Node Type": "Hash", "Parent Relationship": "Inner", "Startup Cost": 51607.87, "Total Cost": 51607.87, "Plan Rows": 4167490, "Plan Width": 4, "Actual Min Startup Time": 573.363, "Actual Max Startup Time": 700.351, "Actual Min Total Time": 573.363, "Actual Max Total Time": 700.351, "Max Hash Buckets": 262144, "Min Hash Buckets": 262144, "Max Hash Batches": 1, "Min Hash Batches": 1, "Max Original Hash Batches": 1, "Min Original Hash Batches": 1, "Max Peak Memory Usage": 9174, "min Peak Memory Usage": 9174, "Plans": [{"Node Type": "Streaming(type: LOCAL REDISTRIBUTE dop: 16/16)", "Parent Relationship": "Outer", "Startup Cost": 0.0, "Total Cost": 51607.87, "Plan Rows": 4167490, "Plan Width": 4, "Actual Min Startup Time": 0.053, "Actual Max Startup Time": 0.099, "Actual Min Total Time": 470.118, "Actual Max Total Time": 593.068, "Plans": [{"Node Type": "Seq Scan", "Parent Relationship": "Outer", "Relation Name": "name", "Alias": "n1", "Startup Cost": 0.0, "Total Cost": 20816.99, "Plan Rows": 4167490, "Plan Width": 4, "Actual Min Startup Time": 0.017, "Actual Max Startup Time": 0.04, "Actual Min Total Time": 75.276, "Actual Max Total Time": 87.952, "Actual Rows": 4167490}], "Actual Rows": 4167490}], "Actual Rows": 4167490}], "Actual Rows": 2487611}], "Actual Rows": 16}], "Actual Rows": 16}], "Actual Rows": 1}, "Triggers": [], "Planner Runtime": 253, "Total Runtime": 2852.697, "Unique SQL Id": 2457761703}}, "(16, 111)": {"explain_plan": {"Plan": {"Node Type": "Aggregate", "Strategy": "Plain", "Startup Cost": 7000184478375.49, "Total Cost": 7000184478375.5, "Plan Rows": 1, "Plan Width": 97, "Plans": [{"Node Type": "Hash Join", "Parent Relationship": "Outer", "Join Type": "Inner", "Startup Cost": 6010049079205.02, "Total Cost": 7000184476590.0, "Plan Rows": 357098, "Plan Width": 33, "Inner Unique": true, "Hash Cond": "(ci.movie_id = t.id), (LLVM Optimized)", "Plans": [{"Node Type": "Hash Join", "Parent Relationship": "Outer", "Join Type": "Inner", "Startup Cost": 5010038035552.22, "Total Cost": 6000173428026.05, "Plan Rows": 357379, "Plan Width": 24, "Inner Unique": true, "Hash Cond": "(a1.person_id = n1.id), (LLVM Optimized)", "Plans": [{"Node Type": "Hash Join", "Parent Relationship": "Outer", "Join Type": "Inner", "Startup Cost": 4010020360183.89, "Total Cost": 5000155747743.76, "Plan Rows": 357379, "Plan Width": 32, "Inner Unique": false, "Hash Cond": "(ci.person_id = a1.person_id), (LLVM Optimized)", "Plans": [{"Node Type": "Hash Join", "Parent Relationship": "Outer", "Join Type": "Inner", "Startup Cost": 3010013452413.69, "Total Cost": 4000148620924.57, "Plan Rows": 711018, "Plan Width": 12, "Inner Unique": true, "Hash Cond": "(mc.company_id = cn.id), (LLVM Optimized)", "Plans": [{"Node Type": "Hash Join", "Parent Relationship": "Outer", "Join Type": "Inner", "Startup Cost": 2010012401210.1, "Total Cost": 3000147557185.62, "Plan Rows": 1446714, "Plan Width": 16, "Inner Unique": false, "Hash Cond": "(ci.movie_id = mc.movie_id), (LLVM Optimized)", "Plans": [{"Node Type": "Hash Join", "Parent Relationship": "Outer", "Join Type": "Inner", "Startup Cost": 1010000001246.01, "Total Cost": 2000134278550.55, "Plan Rows": 3296318, "Plan Width": 8, "Inner Unique": true, "Hash Cond": "(ci.role_id = rt.id), (LLVM Optimized)", "Plans": [{"Node Type": "Index Scan", "Parent Relationship": "Outer", "Scan Direction": "Forward", "Index Name": "role_id_cast_info", "Relation Name": "cast_info", "Alias": "ci", "Startup Cost": 10000000000.0, "Total Cost": 1000134153466.0, "Plan Rows": 36259494, "Plan Width": 12}, {"Node Type": "Hash", "Parent Relationship": "Inner", "Startup Cost": 1000000001246.0, "Total Cost": 1000000001246.0, "Plan Rows": 1, "Plan Width": 4, "Plans": [{"Node Type": "Index Scan", "Parent Relationship": "Outer", "Scan Direction": "Forward", "Index Name": "role_type_pkey", "Relation Name": "role_type", "Alias": "rt", "Startup Cost": 10000000000.0, "Total Cost": 1000000001246.0, "Plan Rows": 1, "Plan Width": 4, "Filter": "((role)::text = 'writer'::text)"}]}]}, {"Node Type": "Hash", "Parent Relationship": "Inner", "Startup Cost": 1000012367349.98, "Total Cost": 1000012367349.98, "Plan Rows": 2609128, "Plan Width": 8, "Plans": [{"Node Type": "Index Scan", "Parent Relationship": "Outer", "Scan Direction": "Forward", "Index Name": "company_id_movie_companies", "Relation Name": "movie_companies", "Alias": "mc", "Startup Cost": 10000000000.0, "Total Cost": 1000012367349.98, "Plan Rows": 2609128, "Plan Width": 8}]}]}, {"Node Type": "Hash", "Parent Relationship": "Inner", "Startup Cost": 1000001050138.97, "Total Cost": 1000001050138.97, "Plan Rows": 85170, "Plan Width": 4, "Plans": [{"Node Type": "Index Scan", "Parent Relationship": "Outer", "Scan Direction": "Forward", "Index Name": "company_name_pkey", "Relation Name": "company_name", "Alias": "cn", "Startup Cost": 10000000000.0, "Total Cost": 1000001050138.97, "Plan Rows": 85170, "Plan Width": 4, "Filter": "((country_code)::text = '[us]'::text)"}]}]}, {"Node Type": "Hash", "Parent Relationship": "Inner", "Startup Cost": 1000006896503.43, "Total Cost": 1000006896503.43, "Plan Rows": 901342, "Plan Width": 20, "Plans": [{"Node Type": "Index Scan", "Parent Relationship": "Outer", "Scan Direction": "Forward", "Index Name": "person_id_aka_name", "Relation Name": "aka_name", "Alias": "a1", "Startup Cost": 10000000000.0, "Total Cost": 1000006896503.43, "Plan Rows": 901342, "Plan Width": 20}]}]}, {"Node Type": "Hash", "Parent Relationship": "Inner", "Startup Cost": 1000017623274.7, "Total Cost": 1000017623274.7, "Plan Rows": 4167490, "Plan Width": 4, "Plans": [{"Node Type": "Index Scan", "Parent Relationship": "Outer", "Scan Direction": "Forward", "Index Name": "name_pkey", "Relation Name": "name", "Alias": "n1", "Startup Cost": 10000000000.0, "Total Cost": 1000017623274.7, "Plan Rows": 4167490, "Plan Width": 4}]}]}, {"Node Type": "Hash", "Parent Relationship": "Inner", "Startup Cost": 1000011012048.91, "Total Cost": 1000011012048.91, "Plan Rows": 2528311, "Plan Width": 21, "Plans": [{"Node Type": "Index Scan", "Parent Relationship": "Outer", "Scan Direction": "Forward", "Index Name": "title_pkey", "Relation Name": "title", "Alias": "t", "Startup Cost": 10000000000.0, "Total Cost": 1000011012048.91, "Plan Rows": 2528311, "Plan Width": 21}]}]}]}, "Unique SQL Id": 2457761703, "Planner Runtime": 52}, "explain_analyze_plan": null}, "(16, 112)": {"explain_plan": {"Plan": {"Node Type": "Aggregate", "Strategy": "Plain", "Startup Cost": 1965944.02, "Total Cost": 1965944.03, "Plan Rows": 1, "Plan Width": 97, "Plans": [{"Node Type": "Nested Loop", "Parent Relationship": "Outer", "Join Type": "Inner", "Startup Cost": 0.0, "Total Cost": 1964158.53, "Plan Rows": 357098, "Plan Width": 33, "Inner Unique": true, "Join Filter": "(a1.person_id = n1.id), (LLVM Optimized)", "Plans": [{"Node Type": "Nested Loop", "Parent Relationship": "Outer", "Join Type": "Inner", "Startup Cost": 0.0, "Total Cost": 1862664.6, "Plan Rows": 357098, "Plan Width": 41, "Inner Unique": true, "Plans": [{"Node Type": "Nested Loop", "Parent Relationship": "Outer", "Join Type": "Inner", "Startup Cost": 0.0, "Total Cost": 1760862.26, "Plan Rows": 357379, "Plan Width": 32, "Inner Unique": false, "Plans": [{"Node Type": "Nested Loop", "Parent Relationship": "Outer", "Join Type": "Inner", "Startup Cost": 0.0, "Total Cost": 1560689.3, "Plan Rows": 711018, "Plan Width": 12, "Inner Unique": false, "Join Filter": "(ci.role_id = rt.id), (LLVM Optimized)", "Plans": [{"Node Type": "Seq Scan", "Parent Relationship": "Outer", "Relation Name": "role_type", "Alias": "rt", "Startup Cost": 0.0, "Total Cost": 1.15, "Plan Rows": 1, "Plan Width": 4, "Filter": "((role)::text = 'writer'::text)"}, {"Node Type": "Nested Loop", "Parent Relationship": "Inner", "Join Type": "Inner", "Startup Cost": 0.0, "Total Cost": 1462923.14, "Plan Rows": 7821201, "Plan Width": 16, "Inner Unique": false, "Plans": [{"Node Type": "Nested Loop", "Parent Relationship": "Outer", "Join Type": "Inner", "Startup Cost": 0.0, "Total Cost": 166734.45, "Plan Rows": 1282311, "Plan Width": 4, "Inner Unique": false, "Plans": [{"Node Type": "Seq Scan", "Parent Relationship": "Outer", "Relation Name": "company_name", "Alias": "cn", "Startup Cost": 0.0, "Total Cost": 5903.45, "Plan Rows": 85170, "Plan Width": 4, "Filter": "((country_code)::text = '[us]'::text)"}, {"Node Type": "Index Scan", "Parent Relationship": "Inner", "Scan Direction": "Forward", "Index Name": "company_id_movie_companies", "Relation Name": "movie_companies", "Alias": "mc", "Startup Cost": 0.0, "Total Cost": 1.74, "Plan Rows": 15, "Plan Width": 8, "Index Cond": "(company_id = cn.id)"}]}, {"Node Type": "Index Scan", "Parent Relationship": "Inner", "Scan Direction": "Forward", "Index Name": "movie_id_cast_info", "Relation Name": "cast_info", "Alias": "ci", "Startup Cost": 0.0, "Total Cost": 0.95, "Plan Rows": 6, "Plan Width": 12, "Index Cond": "(movie_id = mc.movie_id)"}]}]}, {"Node Type": "Index Scan", "Parent Relationship": "Inner", "Scan Direction": "Forward", "Index Name": "person_id_aka_name", "Relation Name": "aka_name", "Alias": "a1", "Startup Cost": 0.0, "Total Cost": 0.27, "Plan Rows": 1, "Plan Width": 20, "Index Cond": "(person_id = ci.person_id)"}]}, {"Node Type": "Index Scan", "Parent Relationship": "Inner", "Scan Direction": "Forward", "Index Name": "title_pkey", "Relation Name": "title", "Alias": "t", "Startup Cost": 0.0, "Total Cost": 0.27, "Plan Rows": 1, "Plan Width": 21, "Index Cond": "(id = ci.movie_id)"}]}, {"Node Type": "Index Only Scan", "Parent Relationship": "Inner", "Scan Direction": "Forward", "Index Name": "name_pkey", "Relation Name": "name", "Alias": "n1", "Startup Cost": 0.0, "Total Cost": 0.27, "Plan Rows": 1, "Plan Width": 4, "Index Cond": "(id = ci.person_id)"}]}]}, "Unique SQL Id": 2457761703, "Planner Runtime": 6}, "explain_analyze_plan": null}, "(16, 113)": {"explain_plan": {"Plan": {"Node Type": "Aggregate", "Strategy": "Plain", "Startup Cost": 1970553.27, "Total Cost": 1970553.28, "Plan Rows": 1, "Plan Width": 97, "Plans": [{"Node Type": "Nested Loop", "Parent Relationship": "Outer", "Join Type": "Inner", "Startup Cost": 0.0, "Total Cost": 1968767.78, "Plan Rows": 357098, "Plan Width": 33, "Inner Unique": true, "Join Filter": "(a1.person_id = n1.id), (LLVM Optimized)", "Plans": [{"Node Type": "Nested Loop", "Parent Relationship": "Outer", "Join Type": "Inner", "Startup Cost": 0.0, "Total Cost": 1867273.85, "Plan Rows": 357098, "Plan Width": 41, "Inner Unique": true, "Plans": [{"Node Type": "Nested Loop", "Parent Relationship": "Outer", "Join Type": "Inner", "Startup Cost": 0.0, "Total Cost": 1765471.51, "Plan Rows": 357379, "Plan Width": 32, "Inner Unique": false, "Plans": [{"Node Type": "Nested Loop", "Parent Relationship": "Outer", "Join Type": "Inner", "Startup Cost": 0.0, "Total Cost": 1565298.55, "Plan Rows": 711018, "Plan Width": 12, "Inner Unique": false, "Join Filter": "(ci.role_id = rt.id), (LLVM Optimized)", "Plans": [{"Node Type": "Index Scan", "Parent Relationship": "Outer", "Scan Direction": "Forward", "Index Name": "role_type_pkey", "Relation Name": "role_type", "Alias": "rt", "Startup Cost": 0.0, "Total Cost": 12.46, "Plan Rows": 1, "Plan Width": 4, "Filter": "((role)::text = 'writer'::text)"}, {"Node Type": "Nested Loop", "Parent Relationship": "Inner", "Join Type": "Inner", "Startup Cost": 0.0, "Total Cost": 1467521.08, "Plan Rows": 7821201, "Plan Width": 16, "Inner Unique": false, "Plans": [{"Node Type": "Nested Loop", "Parent Relationship": "Outer", "Join Type": "Inner", "Startup Cost": 0.0, "Total Cost": 171332.39, "Plan Rows": 1282311, "Plan Width": 4, "Inner Unique": false, "Plans": [{"Node Type": "Index Scan", "Parent Relationship": "Outer", "Scan Direction": "Forward", "Index Name": "company_name_pkey", "Relation Name": "company_name", "Alias": "cn", "Startup Cost": 0.0, "Total Cost": 10501.39, "Plan Rows": 85170, "Plan Width": 4, "Filter": "((country_code)::text = '[us]'::text)"}, {"Node Type": "Index Scan", "Parent Relationship": "Inner", "Scan Direction": "Forward", "Index Name": "company_id_movie_companies", "Relation Name": "movie_companies", "Alias": "mc", "Startup Cost": 0.0, "Total Cost": 1.74, "Plan Rows": 15, "Plan Width": 8, "Index Cond": "(company_id = cn.id)"}]}, {"Node Type": "Index Scan", "Parent Relationship": "Inner", "Scan Direction": "Forward", "Index Name": "movie_id_cast_info", "Relation Name": "cast_info", "Alias": "ci", "Startup Cost": 0.0, "Total Cost": 0.95, "Plan Rows": 6, "Plan Width": 12, "Index Cond": "(movie_id = mc.movie_id)"}]}]}, {"Node Type": "Index Scan", "Parent Relationship": "Inner", "Scan Direction": "Forward", "Index Name": "person_id_aka_name", "Relation Name": "aka_name", "Alias": "a1", "Startup Cost": 0.0, "Total Cost": 0.27, "Plan Rows": 1, "Plan Width": 20, "Index Cond": "(person_id = ci.person_id)"}]}, {"Node Type": "Index Scan", "Parent Relationship": "Inner", "Scan Direction": "Forward", "Index Name": "title_pkey", "Relation Name": "title", "Alias": "t", "Startup Cost": 0.0, "Total Cost": 0.27, "Plan Rows": 1, "Plan Width": 21, "Index Cond": "(id = ci.movie_id)"}]}, {"Node Type": "Index Only Scan", "Parent Relationship": "Inner", "Scan Direction": "Forward", "Index Name": "name_pkey", "Relation Name": "name", "Alias": "n1", "Startup Cost": 0.0, "Total Cost": 0.27, "Plan Rows": 1, "Plan Width": 4, "Index Cond": "(id = ci.person_id)"}]}]}, "Unique SQL Id": 2457761703, "Planner Runtime": 6}, "explain_analyze_plan": null}, "(16, 114)": {"explain_plan": {"Plan": {"Node Type": "Aggregate", "Strategy": "Plain", "Startup Cost": 12604914.55, "Total Cost": 12604914.56, "Plan Rows": 1, "Plan Width": 97, "Plans": [{"Node Type": "Nested Loop", "Parent Relationship": "Outer", "Join Type": "Inner", "Startup Cost": 2.1, "Total Cost": 12603129.06, "Plan Rows": 357098, "Plan Width": 33, "Inner Unique": true, "Join Filter": "(a1.person_id = n1.id), (LLVM Optimized)", "Plans": [{"Node Type": "Nested Loop", "Parent Relationship": "Outer", "Join Type": "Inner", "Startup Cost": 1.84, "Total Cost": 11073153.85, "Plan Rows": 357098, "Plan Width": 41, "Inner Unique": true, "Plans": [{"Node Type": "Nested Loop", "Parent Relationship": "Outer", "Join Type": "Inner", "Startup Cost": 1.58, "Total Cost": 9543117.59, "Plan Rows": 357379, "Plan Width": 32, "Inner Unique": false, "Plans": [{"Node Type": "Nested Loop", "Parent Relationship": "Outer", "Join Type": "Inner", "Startup Cost": 1.33, "Total Cost": 6499549.44, "Plan Rows": 711018, "Plan Width": 12, "Inner Unique": false, "Join Filter": "(ci.role_id = rt.id), (LLVM Optimized)", "Plans": [{"Node Type": "Seq Scan", "Parent Relationship": "Outer", "Relation Name": "role_type", "Alias": "rt", "Startup Cost": 0.0, "Total Cost": 1.15, "Plan Rows": 1, "Plan Width": 4, "Filter": "((role)::text = 'writer'::text)"}, {"Node Type": "Nested Loop", "Parent Relationship": "Inner", "Join Type": "Inner", "Startup Cost": 1.33, "Total Cost": 6401783.28, "Plan Rows": 7821201, "Plan Width": 16, "Inner Unique": false, "Plans": [{"Node Type": "Nested Loop", "Parent Relationship": "Outer", "Join Type": "Inner", "Startup Cost": 0.82, "Total Cost": 444829.84, "Plan Rows": 1282311, "Plan Width": 4, "Inner Unique": false, "Plans": [{"Node Type": "Seq Scan", "Parent Relationship": "Outer", "Relation Name": "company_name", "Alias": "cn", "Startup Cost": 0.0, "Total Cost": 5903.45, "Plan Rows": 85170, "Plan Width": 4, "Filter": "((country_code)::text = '[us]'::text)"}, {"Node Type": "Bitmap Heap Scan", "Parent Relationship": "Inner", "Relation Name": "movie_companies", "Alias": "mc", "Startup Cost": 0.82, "Total Cost": 5.0, "Plan Rows": 15, "Plan Width": 8, "Recheck Cond": "(company_id = cn.id)", "Plans": [{"Node Type": "Bitmap Index Scan", "Parent Relationship": "Outer", "Index Name": "company_id_movie_companies", "Startup Cost": 0.0, "Total Cost": 0.81, "Plan Rows": 15, "Plan Width": 0, "Index Cond": "(company_id = cn.id)"}]}]}, {"Node Type": "Bitmap Heap Scan", "Parent Relationship": "Inner", "Relation Name": "cast_info", "Alias": "ci", "Startup Cost": 0.51, "Total Cost": 4.59, "Plan Rows": 6, "Plan Width": 12, "Recheck Cond": "(movie_id = mc.movie_id)", "Plans": [{"Node Type": "Bitmap Index Scan", "Parent Relationship": "Outer", "Index Name": "movie_id_cast_info", "Startup Cost": 0.0, "Total Cost": 0.51, "Plan Rows": 6, "Plan Width": 0, "Index Cond": "(movie_id = mc.movie_id)"}]}]}]}, {"Node Type": "Bitmap Heap Scan", "Parent Relationship": "Inner", "Relation Name": "aka_name", "Alias": "a1", "Startup Cost": 0.26, "Total Cost": 4.27, "Plan Rows": 1, "Plan Width": 20, "Recheck Cond": "(person_id = ci.person_id)", "Plans": [{"Node Type": "Bitmap Index Scan", "Parent Relationship": "Outer", "Index Name": "person_id_aka_name", "Startup Cost": 0.0, "Total Cost": 0.26, "Plan Rows": 1, "Plan Width": 0, "Index Cond": "(person_id = ci.person_id)"}]}]}, {"Node Type": "Bitmap Heap Scan", "Parent Relationship": "Inner", "Relation Name": "title", "Alias": "t", "Startup Cost": 0.26, "Total Cost": 4.27, "Plan Rows": 1, "Plan Width": 21, "Recheck Cond": "(id = ci.movie_id)", "Plans": [{"Node Type": "Bitmap Index Scan", "Parent Relationship": "Outer", "Index Name": "title_pkey", "Startup Cost": 0.0, "Total Cost": 0.26, "Plan Rows": 1, "Plan Width": 0, "Index Cond": "(id = ci.movie_id)"}]}]}, {"Node Type": "Bitmap Heap Scan", "Parent Relationship": "Inner", "Relation Name": "name", "Alias": "n1", "Startup Cost": 0.26, "Total Cost": 4.27, "Plan Rows": 1, "Plan Width": 4, "Recheck Cond": "(id = ci.person_id)", "Plans": [{"Node Type": "Bitmap Index Scan", "Parent Relationship": "Outer", "Index Name": "name_pkey", "Startup Cost": 0.0, "Total Cost": 0.26, "Plan Rows": 1, "Plan Width": 0, "Index Cond": "(id = ci.person_id)"}]}]}]}, "Unique SQL Id": 2457761703, "Planner Runtime": 22}, "explain_analyze_plan": null}, "(16, 115)": {"explain_plan": {"Plan": {"Node Type": "Aggregate", "Strategy": "Plain", "Startup Cost": 12607726.38, "Total Cost": 12607726.39, "Plan Rows": 1, "Plan Width": 97, "Plans": [{"Node Type": "Nested Loop", "Parent Relationship": "Outer", "Join Type": "Inner", "Startup Cost": 2810.94, "Total Cost": 12605940.89, "Plan Rows": 357098, "Plan Width": 33, "Inner Unique": true, "Join Filter": "(a1.person_id = n1.id), (LLVM Optimized)", "Plans": [{"Node Type": "Nested Loop", "Parent Relationship": "Outer", "Join Type": "Inner", "Startup Cost": 2810.68, "Total Cost": 11075965.68, "Plan Rows": 357098, "Plan Width": 41, "Inner Unique": true, "Plans": [{"Node Type": "Nested Loop", "Parent Relationship": "Outer", "Join Type": "Inner", "Startup Cost": 2810.42, "Total Cost": 9545929.42, "Plan Rows": 357379, "Plan Width": 32, "Inner Unique": false, "Plans": [{"Node Type": "Nested Loop", "Parent Relationship": "Outer", "Join Type": "Inner", "Startup Cost": 2810.16, "Total Cost": 6502361.27, "Plan Rows": 711018, "Plan Width": 12, "Inner Unique": false, "Join Filter": "(ci.role_id = rt.id), (LLVM Optimized)", "Plans": [{"Node Type": "Bitmap Heap Scan", "Parent Relationship": "Outer", "Relation Name": "role_type", "Alias": "rt", "Startup Cost": 8.31, "Total Cost": 12.46, "Plan Rows": 1, "Plan Width": 4, "Filter": "((role)::text = 'writer'::text)", "Plans": [{"Node Type": "Bitmap Index Scan", "Parent Relationship": "Outer", "Index Name": "role_type_pkey", "Startup Cost": 0.0, "Total Cost": 8.31, "Plan Rows": 12, "Plan Width": 0}]}, {"Node Type": "Nested Loop", "Parent Relationship": "Inner", "Join Type": "Inner", "Startup Cost": 2801.85, "Total Cost": 6404583.8, "Plan Rows": 7821201, "Plan Width": 16, "Inner Unique": false, "Plans": [{"Node Type": "Nested Loop", "Parent Relationship": "Outer", "Join Type": "Inner", "Startup Cost": 2801.34, "Total Cost": 447630.36, "Plan Rows": 1282311, "Plan Width": 4, "Inner Unique": false, "Plans": [{"Node Type": "Bitmap Heap Scan", "Parent Relationship": "Outer", "Relation Name": "company_name", "Alias": "cn", "Startup Cost": 2800.52, "Total Cost": 8703.97, "Plan Rows": 85170, "Plan Width": 4, "Filter": "((country_code)::text = '[us]'::text)", "Plans": [{"Node Type": "Bitmap Index Scan", "Parent Relationship": "Outer", "Index Name": "company_name_pkey", "Startup Cost": 0.0, "Total Cost": 2779.23, "Plan Rows": 234996, "Plan Width": 0}]}, {"Node Type": "Bitmap Heap Scan", "Parent Relationship": "Inner", "Relation Name": "movie_companies", "Alias": "mc", "Startup Cost": 0.82, "Total Cost": 5.0, "Plan Rows": 15, "Plan Width": 8, "Recheck Cond": "(company_id = cn.id)", "Plans": [{"Node Type": "Bitmap Index Scan", "Parent Relationship": "Outer", "Index Name": "company_id_movie_companies", "Startup Cost": 0.0, "Total Cost": 0.81, "Plan Rows": 15, "Plan Width": 0, "Index Cond": "(company_id = cn.id)"}]}]}, {"Node Type": "Bitmap Heap Scan", "Parent Relationship": "Inner", "Relation Name": "cast_info", "Alias": "ci", "Startup Cost": 0.51, "Total Cost": 4.59, "Plan Rows": 6, "Plan Width": 12, "Recheck Cond": "(movie_id = mc.movie_id)", "Plans": [{"Node Type": "Bitmap Index Scan", "Parent Relationship": "Outer", "Index Name": "movie_id_cast_info", "Startup Cost": 0.0, "Total Cost": 0.51, "Plan Rows": 6, "Plan Width": 0, "Index Cond": "(movie_id = mc.movie_id)"}]}]}]}, {"Node Type": "Bitmap Heap Scan", "Parent Relationship": "Inner", "Relation Name": "aka_name", "Alias": "a1", "Startup Cost": 0.26, "Total Cost": 4.27, "Plan Rows": 1, "Plan Width": 20, "Recheck Cond": "(person_id = ci.person_id)", "Plans": [{"Node Type": "Bitmap Index Scan", "Parent Relationship": "Outer", "Index Name": "person_id_aka_name", "Startup Cost": 0.0, "Total Cost": 0.26, "Plan Rows": 1, "Plan Width": 0, "Index Cond": "(person_id = ci.person_id)"}]}]}, {"Node Type": "Bitmap Heap Scan", "Parent Relationship": "Inner", "Relation Name": "title", "Alias": "t", "Startup Cost": 0.26, "Total Cost": 4.27, "Plan Rows": 1, "Plan Width": 21, "Recheck Cond": "(id = ci.movie_id)", "Plans": [{"Node Type": "Bitmap Index Scan", "Parent Relationship": "Outer", "Index Name": "title_pkey", "Startup Cost": 0.0, "Total Cost": 0.26, "Plan Rows": 1, "Plan Width": 0, "Index Cond": "(id = ci.movie_id)"}]}]}, {"Node Type": "Bitmap Heap Scan", "Parent Relationship": "Inner", "Relation Name": "name", "Alias": "n1", "Startup Cost": 0.26, "Total Cost": 4.27, "Plan Rows": 1, "Plan Width": 4, "Recheck Cond": "(id = ci.person_id)", "Plans": [{"Node Type": "Bitmap Index Scan", "Parent Relationship": "Outer", "Index Name": "name_pkey", "Startup Cost": 0.0, "Total Cost": 0.26, "Plan Rows": 1, "Plan Width": 0, "Index Cond": "(id = ci.person_id)"}]}]}]}, "Unique SQL Id": 2457761703, "Planner Runtime": 5}, "explain_analyze_plan": null}, "(16, 116)": {"explain_plan": {"Plan": {"Node Type": "Aggregate", "Strategy": "Plain", "Startup Cost": 1967968.74, "Total Cost": 1967968.75, "Plan Rows": 1, "Plan Width": 97, "Plans": [{"Node Type": "Nested Loop", "Parent Relationship": "Outer", "Join Type": "Inner", "Startup Cost": 0.0, "Total Cost": 1966183.25, "Plan Rows": 357098, "Plan Width": 33, "Inner Unique": true, "Join Filter": "(a1.person_id = n1.id), (LLVM Optimized)", "Plans": [{"Node Type": "Nested Loop", "Parent Relationship": "Outer", "Join Type": "Inner", "Startup Cost": 0.0, "Total Cost": 1862664.6, "Plan Rows": 357098, "Plan Width": 41, "Inner Unique": true, "Plans": [{"Node Type": "Nested Loop", "Parent Relationship": "Outer", "Join Type": "Inner", "Startup Cost": 0.0, "Total Cost": 1760862.26, "Plan Rows": 357379, "Plan Width": 32, "Inner Unique": false, "Plans": [{"Node Type": "Nested Loop", "Parent Relationship": "Outer", "Join Type": "Inner", "Startup Cost": 0.0, "Total Cost": 1560689.3, "Plan Rows": 711018, "Plan Width": 12, "Inner Unique": false, "Join Filter": "(ci.role_id = rt.id), (LLVM Optimized)", "Plans": [{"Node Type": "Seq Scan", "Parent Relationship": "Outer", "Relation Name": "role_type", "Alias": "rt", "Startup Cost": 0.0, "Total Cost": 1.15, "Plan Rows": 1, "Plan Width": 4, "Filter": "((role)::text = 'writer'::text)"}, {"Node Type": "Nested Loop", "Parent Relationship": "Inner", "Join Type": "Inner", "Startup Cost": 0.0, "Total Cost": 1462923.14, "Plan Rows": 7821201, "Plan Width": 16, "Inner Unique": false, "Plans": [{"Node Type": "Nested Loop", "Parent Relationship": "Outer", "Join Type": "Inner", "Startup Cost": 0.0, "Total Cost": 166734.45, "Plan Rows": 1282311, "Plan Width": 4, "Inner Unique": false, "Plans": [{"Node Type": "Seq Scan", "Parent Relationship": "Outer", "Relation Name": "company_name", "Alias": "cn", "Startup Cost": 0.0, "Total Cost": 5903.45, "Plan Rows": 85170, "Plan Width": 4, "Filter": "((country_code)::text = '[us]'::text)"}, {"Node Type": "Index Scan", "Parent Relationship": "Inner", "Scan Direction": "Forward", "Index Name": "company_id_movie_companies", "Relation Name": "movie_companies", "Alias": "mc", "Startup Cost": 0.0, "Total Cost": 1.74, "Plan Rows": 15, "Plan Width": 8, "Index Cond": "(company_id = cn.id)"}]}, {"Node Type": "Index Scan", "Parent Relationship": "Inner", "Scan Direction": "Forward", "Index Name": "movie_id_cast_info", "Relation Name": "cast_info", "Alias": "ci", "Startup Cost": 0.0, "Total Cost": 0.95, "Plan Rows": 6, "Plan Width": 12, "Index Cond": "(movie_id = mc.movie_id)"}]}]}, {"Node Type": "Index Scan", "Parent Relationship": "Inner", "Scan Direction": "Forward", "Index Name": "person_id_aka_name", "Relation Name": "aka_name", "Alias": "a1", "Startup Cost": 0.0, "Total Cost": 0.27, "Plan Rows": 1, "Plan Width": 20, "Index Cond": "(person_id = ci.person_id)"}]}, {"Node Type": "Index Scan", "Parent Relationship": "Inner", "Scan Direction": "Forward", "Index Name": "title_pkey", "Relation Name": "title", "Alias": "t", "Startup Cost": 0.0, "Total Cost": 0.27, "Plan Rows": 1, "Plan Width": 21, "Index Cond": "(id = ci.movie_id)"}]}, {"Node Type": "Index Scan", "Parent Relationship": "Inner", "Scan Direction": "Forward", "Index Name": "name_pkey", "Relation Name": "name", "Alias": "n1", "Startup Cost": 0.0, "Total Cost": 0.28, "Plan Rows": 1, "Plan Width": 4, "Index Cond": "(id = ci.person_id)"}]}]}, "Unique SQL Id": 2457761703, "Planner Runtime": 6}, "explain_analyze_plan": null}, "(16, 117)": {"explain_plan": {"Plan": {"Node Type": "Aggregate", "Strategy": "Plain", "Startup Cost": 1972577.99, "Total Cost": 1972578.0, "Plan Rows": 1, "Plan Width": 97, "Plans": [{"Node Type": "Nested Loop", "Parent Relationship": "Outer", "Join Type": "Inner", "Startup Cost": 0.0, "Total Cost": 1970792.5, "Plan Rows": 357098, "Plan Width": 33, "Inner Unique": true, "Join Filter": "(a1.person_id = n1.id), (LLVM Optimized)", "Plans": [{"Node Type": "Nested Loop", "Parent Relationship": "Outer", "Join Type": "Inner", "Startup Cost": 0.0, "Total Cost": 1867273.85, "Plan Rows": 357098, "Plan Width": 41, "Inner Unique": true, "Plans": [{"Node Type": "Nested Loop", "Parent Relationship": "Outer", "Join Type": "Inner", "Startup Cost": 0.0, "Total Cost": 1765471.51, "Plan Rows": 357379, "Plan Width": 32, "Inner Unique": false, "Plans": [{"Node Type": "Nested Loop", "Parent Relationship": "Outer", "Join Type": "Inner", "Startup Cost": 0.0, "Total Cost": 1565298.55, "Plan Rows": 711018, "Plan Width": 12, "Inner Unique": false, "Join Filter": "(ci.role_id = rt.id), (LLVM Optimized)", "Plans": [{"Node Type": "Index Scan", "Parent Relationship": "Outer", "Scan Direction": "Forward", "Index Name": "role_type_pkey", "Relation Name": "role_type", "Alias": "rt", "Startup Cost": 0.0, "Total Cost": 12.46, "Plan Rows": 1, "Plan Width": 4, "Filter": "((role)::text = 'writer'::text)"}, {"Node Type": "Nested Loop", "Parent Relationship": "Inner", "Join Type": "Inner", "Startup Cost": 0.0, "Total Cost": 1467521.08, "Plan Rows": 7821201, "Plan Width": 16, "Inner Unique": false, "Plans": [{"Node Type": "Nested Loop", "Parent Relationship": "Outer", "Join Type": "Inner", "Startup Cost": 0.0, "Total Cost": 171332.39, "Plan Rows": 1282311, "Plan Width": 4, "Inner Unique": false, "Plans": [{"Node Type": "Index Scan", "Parent Relationship": "Outer", "Scan Direction": "Forward", "Index Name": "company_name_pkey", "Relation Name": "company_name", "Alias": "cn", "Startup Cost": 0.0, "Total Cost": 10501.39, "Plan Rows": 85170, "Plan Width": 4, "Filter": "((country_code)::text = '[us]'::text)"}, {"Node Type": "Index Scan", "Parent Relationship": "Inner", "Scan Direction": "Forward", "Index Name": "company_id_movie_companies", "Relation Name": "movie_companies", "Alias": "mc", "Startup Cost": 0.0, "Total Cost": 1.74, "Plan Rows": 15, "Plan Width": 8, "Index Cond": "(company_id = cn.id)"}]}, {"Node Type": "Index Scan", "Parent Relationship": "Inner", "Scan Direction": "Forward", "Index Name": "movie_id_cast_info", "Relation Name": "cast_info", "Alias": "ci", "Startup Cost": 0.0, "Total Cost": 0.95, "Plan Rows": 6, "Plan Width": 12, "Index Cond": "(movie_id = mc.movie_id)"}]}]}, {"Node Type": "Index Scan", "Parent Relationship": "Inner", "Scan Direction": "Forward", "Index Name": "person_id_aka_name", "Relation Name": "aka_name", "Alias": "a1", "Startup Cost": 0.0, "Total Cost": 0.27, "Plan Rows": 1, "Plan Width": 20, "Index Cond": "(person_id = ci.person_id)"}]}, {"Node Type": "Index Scan", "Parent Relationship": "Inner", "Scan Direction": "Forward", "Index Name": "title_pkey", "Relation Name": "title", "Alias": "t", "Startup Cost": 0.0, "Total Cost": 0.27, "Plan Rows": 1, "Plan Width": 21, "Index Cond": "(id = ci.movie_id)"}]}, {"Node Type": "Index Scan", "Parent Relationship": "Inner", "Scan Direction": "Forward", "Index Name": "name_pkey", "Relation Name": "name", "Alias": "n1", "Startup Cost": 0.0, "Total Cost": 0.28, "Plan Rows": 1, "Plan Width": 4, "Index Cond": "(id = ci.person_id)"}]}]}, "Unique SQL Id": 2457761703, "Planner Runtime": 6}, "explain_analyze_plan": null}, "(16, 118)": {"explain_plan": {"Plan": {"Node Type": "Aggregate", "Strategy": "Plain", "Startup Cost": 12604914.55, "Total Cost": 12604914.56, "Plan Rows": 1, "Plan Width": 97, "Plans": [{"Node Type": "Nested Loop", "Parent Relationship": "Outer", "Join Type": "Inner", "Startup Cost": 2.1, "Total Cost": 12603129.06, "Plan Rows": 357098, "Plan Width": 33, "Inner Unique": true, "Join Filter": "(a1.person_id = n1.id), (LLVM Optimized)", "Plans": [{"Node Type": "Nested Loop", "Parent Relationship": "Outer", "Join Type": "Inner", "Startup Cost": 1.84, "Total Cost": 11073153.85, "Plan Rows": 357098, "Plan Width": 41, "Inner Unique": true, "Plans": [{"Node Type": "Nested Loop", "Parent Relationship": "Outer", "Join Type": "Inner", "Startup Cost": 1.58, "Total Cost": 9543117.59, "Plan Rows": 357379, "Plan Width": 32, "Inner Unique": false, "Plans": [{"Node Type": "Nested Loop", "Parent Relationship": "Outer", "Join Type": "Inner", "Startup Cost": 1.33, "Total Cost": 6499549.44, "Plan Rows": 711018, "Plan Width": 12, "Inner Unique": false, "Join Filter": "(ci.role_id = rt.id), (LLVM Optimized)", "Plans": [{"Node Type": "Seq Scan", "Parent Relationship": "Outer", "Relation Name": "role_type", "Alias": "rt", "Startup Cost": 0.0, "Total Cost": 1.15, "Plan Rows": 1, "Plan Width": 4, "Filter": "((role)::text = 'writer'::text)"}, {"Node Type": "Nested Loop", "Parent Relationship": "Inner", "Join Type": "Inner", "Startup Cost": 1.33, "Total Cost": 6401783.28, "Plan Rows": 7821201, "Plan Width": 16, "Inner Unique": false, "Plans": [{"Node Type": "Nested Loop", "Parent Relationship": "Outer", "Join Type": "Inner", "Startup Cost": 0.82, "Total Cost": 444829.84, "Plan Rows": 1282311, "Plan Width": 4, "Inner Unique": false, "Plans": [{"Node Type": "Seq Scan", "Parent Relationship": "Outer", "Relation Name": "company_name", "Alias": "cn", "Startup Cost": 0.0, "Total Cost": 5903.45, "Plan Rows": 85170, "Plan Width": 4, "Filter": "((country_code)::text = '[us]'::text)"}, {"Node Type": "Bitmap Heap Scan", "Parent Relationship": "Inner", "Relation Name": "movie_companies", "Alias": "mc", "Startup Cost": 0.82, "Total Cost": 5.0, "Plan Rows": 15, "Plan Width": 8, "Recheck Cond": "(company_id = cn.id)", "Plans": [{"Node Type": "Bitmap Index Scan", "Parent Relationship": "Outer", "Index Name": "company_id_movie_companies", "Startup Cost": 0.0, "Total Cost": 0.81, "Plan Rows": 15, "Plan Width": 0, "Index Cond": "(company_id = cn.id)"}]}]}, {"Node Type": "Bitmap Heap Scan", "Parent Relationship": "Inner", "Relation Name": "cast_info", "Alias": "ci", "Startup Cost": 0.51, "Total Cost": 4.59, "Plan Rows": 6, "Plan Width": 12, "Recheck Cond": "(movie_id = mc.movie_id)", "Plans": [{"Node Type": "Bitmap Index Scan", "Parent Relationship": "Outer", "Index Name": "movie_id_cast_info", "Startup Cost": 0.0, "Total Cost": 0.51, "Plan Rows": 6, "Plan Width": 0, "Index Cond": "(movie_id = mc.movie_id)"}]}]}]}, {"Node Type": "Bitmap Heap Scan", "Parent Relationship": "Inner", "Relation Name": "aka_name", "Alias": "a1", "Startup Cost": 0.26, "Total Cost": 4.27, "Plan Rows": 1, "Plan Width": 20, "Recheck Cond": "(person_id = ci.person_id)", "Plans": [{"Node Type": "Bitmap Index Scan", "Parent Relationship": "Outer", "Index Name": "person_id_aka_name", "Startup Cost": 0.0, "Total Cost": 0.26, "Plan Rows": 1, "Plan Width": 0, "Index Cond": "(person_id = ci.person_id)"}]}]}, {"Node Type": "Bitmap Heap Scan", "Parent Relationship": "Inner", "Relation Name": "title", "Alias": "t", "Startup Cost": 0.26, "Total Cost": 4.27, "Plan Rows": 1, "Plan Width": 21, "Recheck Cond": "(id = ci.movie_id)", "Plans": [{"Node Type": "Bitmap Index Scan", "Parent Relationship": "Outer", "Index Name": "title_pkey", "Startup Cost": 0.0, "Total Cost": 0.26, "Plan Rows": 1, "Plan Width": 0, "Index Cond": "(id = ci.movie_id)"}]}]}, {"Node Type": "Bitmap Heap Scan", "Parent Relationship": "Inner", "Relation Name": "name", "Alias": "n1", "Startup Cost": 0.26, "Total Cost": 4.27, "Plan Rows": 1, "Plan Width": 4, "Recheck Cond": "(id = ci.person_id)", "Plans": [{"Node Type": "Bitmap Index Scan", "Parent Relationship": "Outer", "Index Name": "name_pkey", "Startup Cost": 0.0, "Total Cost": 0.26, "Plan Rows": 1, "Plan Width": 0, "Index Cond": "(id = ci.person_id)"}]}]}]}, "Unique SQL Id": 2457761703, "Planner Runtime": 22}, "explain_analyze_plan": null}, "(16, 119)": {"explain_plan": {"Plan": {"Node Type": "Aggregate", "Strategy": "Plain", "Startup Cost": 12607726.38, "Total Cost": 12607726.39, "Plan Rows": 1, "Plan Width": 97, "Plans": [{"Node Type": "Nested Loop", "Parent Relationship": "Outer", "Join Type": "Inner", "Startup Cost": 2810.94, "Total Cost": 12605940.89, "Plan Rows": 357098, "Plan Width": 33, "Inner Unique": true, "Join Filter": "(a1.person_id = n1.id), (LLVM Optimized)", "Plans": [{"Node Type": "Nested Loop", "Parent Relationship": "Outer", "Join Type": "Inner", "Startup Cost": 2810.68, "Total Cost": 11075965.68, "Plan Rows": 357098, "Plan Width": 41, "Inner Unique": true, "Plans": [{"Node Type": "Nested Loop", "Parent Relationship": "Outer", "Join Type": "Inner", "Startup Cost": 2810.42, "Total Cost": 9545929.42, "Plan Rows": 357379, "Plan Width": 32, "Inner Unique": false, "Plans": [{"Node Type": "Nested Loop", "Parent Relationship": "Outer", "Join Type": "Inner", "Startup Cost": 2810.16, "Total Cost": 6502361.27, "Plan Rows": 711018, "Plan Width": 12, "Inner Unique": false, "Join Filter": "(ci.role_id = rt.id), (LLVM Optimized)", "Plans": [{"Node Type": "Bitmap Heap Scan", "Parent Relationship": "Outer", "Relation Name": "role_type", "Alias": "rt", "Startup Cost": 8.31, "Total Cost": 12.46, "Plan Rows": 1, "Plan Width": 4, "Filter": "((role)::text = 'writer'::text)", "Plans": [{"Node Type": "Bitmap Index Scan", "Parent Relationship": "Outer", "Index Name": "role_type_pkey", "Startup Cost": 0.0, "Total Cost": 8.31, "Plan Rows": 12, "Plan Width": 0}]}, {"Node Type": "Nested Loop", "Parent Relationship": "Inner", "Join Type": "Inner", "Startup Cost": 2801.85, "Total Cost": 6404583.8, "Plan Rows": 7821201, "Plan Width": 16, "Inner Unique": false, "Plans": [{"Node Type": "Nested Loop", "Parent Relationship": "Outer", "Join Type": "Inner", "Startup Cost": 2801.34, "Total Cost": 447630.36, "Plan Rows": 1282311, "Plan Width": 4, "Inner Unique": false, "Plans": [{"Node Type": "Bitmap Heap Scan", "Parent Relationship": "Outer", "Relation Name": "company_name", "Alias": "cn", "Startup Cost": 2800.52, "Total Cost": 8703.97, "Plan Rows": 85170, "Plan Width": 4, "Filter": "((country_code)::text = '[us]'::text)", "Plans": [{"Node Type": "Bitmap Index Scan", "Parent Relationship": "Outer", "Index Name": "company_name_pkey", "Startup Cost": 0.0, "Total Cost": 2779.23, "Plan Rows": 234996, "Plan Width": 0}]}, {"Node Type": "Bitmap Heap Scan", "Parent Relationship": "Inner", "Relation Name": "movie_companies", "Alias": "mc", "Startup Cost": 0.82, "Total Cost": 5.0, "Plan Rows": 15, "Plan Width": 8, "Recheck Cond": "(company_id = cn.id)", "Plans": [{"Node Type": "Bitmap Index Scan", "Parent Relationship": "Outer", "Index Name": "company_id_movie_companies", "Startup Cost": 0.0, "Total Cost": 0.81, "Plan Rows": 15, "Plan Width": 0, "Index Cond": "(company_id = cn.id)"}]}]}, {"Node Type": "Bitmap Heap Scan", "Parent Relationship": "Inner", "Relation Name": "cast_info", "Alias": "ci", "Startup Cost": 0.51, "Total Cost": 4.59, "Plan Rows": 6, "Plan Width": 12, "Recheck Cond": "(movie_id = mc.movie_id)", "Plans": [{"Node Type": "Bitmap Index Scan", "Parent Relationship": "Outer", "Index Name": "movie_id_cast_info", "Startup Cost": 0.0, "Total Cost": 0.51, "Plan Rows": 6, "Plan Width": 0, "Index Cond": "(movie_id = mc.movie_id)"}]}]}]}, {"Node Type": "Bitmap Heap Scan", "Parent Relationship": "Inner", "Relation Name": "aka_name", "Alias": "a1", "Startup Cost": 0.26, "Total Cost": 4.27, "Plan Rows": 1, "Plan Width": 20, "Recheck Cond": "(person_id = ci.person_id)", "Plans": [{"Node Type": "Bitmap Index Scan", "Parent Relationship": "Outer", "Index Name": "person_id_aka_name", "Startup Cost": 0.0, "Total Cost": 0.26, "Plan Rows": 1, "Plan Width": 0, "Index Cond": "(person_id = ci.person_id)"}]}]}, {"Node Type": "Bitmap Heap Scan", "Parent Relationship": "Inner", "Relation Name": "title", "Alias": "t", "Startup Cost": 0.26, "Total Cost": 4.27, "Plan Rows": 1, "Plan Width": 21, "Recheck Cond": "(id = ci.movie_id)", "Plans": [{"Node Type": "Bitmap Index Scan", "Parent Relationship": "Outer", "Index Name": "title_pkey", "Startup Cost": 0.0, "Total Cost": 0.26, "Plan Rows": 1, "Plan Width": 0, "Index Cond": "(id = ci.movie_id)"}]}]}, {"Node Type": "Bitmap Heap Scan", "Parent Relationship": "Inner", "Relation Name": "name", "Alias": "n1", "Startup Cost": 0.26, "Total Cost": 4.27, "Plan Rows": 1, "Plan Width": 4, "Recheck Cond": "(id = ci.person_id)", "Plans": [{"Node Type": "Bitmap Index Scan", "Parent Relationship": "Outer", "Index Name": "name_pkey", "Startup Cost": 0.0, "Total Cost": 0.26, "Plan Rows": 1, "Plan Width": 0, "Index Cond": "(id = ci.person_id)"}]}]}]}, "Unique SQL Id": 2457761703, "Planner Runtime": 5}, "explain_analyze_plan": null}, "(16, 120)": {"explain_plan": {"Plan": {"Node Type": "Aggregate", "Strategy": "Plain", "Startup Cost": 1965944.02, "Total Cost": 1965944.03, "Plan Rows": 1, "Plan Width": 97, "Plans": [{"Node Type": "Nested Loop", "Parent Relationship": "Outer", "Join Type": "Inner", "Startup Cost": 0.0, "Total Cost": 1964158.53, "Plan Rows": 357098, "Plan Width": 33, "Inner Unique": true, "Join Filter": "(a1.person_id = n1.id), (LLVM Optimized)", "Plans": [{"Node Type": "Nested Loop", "Parent Relationship": "Outer", "Join Type": "Inner", "Startup Cost": 0.0, "Total Cost": 1862664.6, "Plan Rows": 357098, "Plan Width": 41, "Inner Unique": true, "Plans": [{"Node Type": "Nested Loop", "Parent Relationship": "Outer", "Join Type": "Inner", "Startup Cost": 0.0, "Total Cost": 1760862.26, "Plan Rows": 357379, "Plan Width": 32, "Inner Unique": false, "Plans": [{"Node Type": "Nested Loop", "Parent Relationship": "Outer", "Join Type": "Inner", "Startup Cost": 0.0, "Total Cost": 1560689.3, "Plan Rows": 711018, "Plan Width": 12, "Inner Unique": false, "Join Filter": "(ci.role_id = rt.id), (LLVM Optimized)", "Plans": [{"Node Type": "Seq Scan", "Parent Relationship": "Outer", "Relation Name": "role_type", "Alias": "rt", "Startup Cost": 0.0, "Total Cost": 1.15, "Plan Rows": 1, "Plan Width": 4, "Filter": "((role)::text = 'writer'::text)"}, {"Node Type": "Nested Loop", "Parent Relationship": "Inner", "Join Type": "Inner", "Startup Cost": 0.0, "Total Cost": 1462923.14, "Plan Rows": 7821201, "Plan Width": 16, "Inner Unique": false, "Plans": [{"Node Type": "Nested Loop", "Parent Relationship": "Outer", "Join Type": "Inner", "Startup Cost": 0.0, "Total Cost": 166734.45, "Plan Rows": 1282311, "Plan Width": 4, "Inner Unique": false, "Plans": [{"Node Type": "Seq Scan", "Parent Relationship": "Outer", "Relation Name": "company_name", "Alias": "cn", "Startup Cost": 0.0, "Total Cost": 5903.45, "Plan Rows": 85170, "Plan Width": 4, "Filter": "((country_code)::text = '[us]'::text)"}, {"Node Type": "Index Scan", "Parent Relationship": "Inner", "Scan Direction": "Forward", "Index Name": "company_id_movie_companies", "Relation Name": "movie_companies", "Alias": "mc", "Startup Cost": 0.0, "Total Cost": 1.74, "Plan Rows": 15, "Plan Width": 8, "Index Cond": "(company_id = cn.id)"}]}, {"Node Type": "Index Scan", "Parent Relationship": "Inner", "Scan Direction": "Forward", "Index Name": "movie_id_cast_info", "Relation Name": "cast_info", "Alias": "ci", "Startup Cost": 0.0, "Total Cost": 0.95, "Plan Rows": 6, "Plan Width": 12, "Index Cond": "(movie_id = mc.movie_id)"}]}]}, {"Node Type": "Index Scan", "Parent Relationship": "Inner", "Scan Direction": "Forward", "Index Name": "person_id_aka_name", "Relation Name": "aka_name", "Alias": "a1", "Startup Cost": 0.0, "Total Cost": 0.27, "Plan Rows": 1, "Plan Width": 20, "Index Cond": "(person_id = ci.person_id)"}]}, {"Node Type": "Index Scan", "Parent Relationship": "Inner", "Scan Direction": "Forward", "Index Name": "title_pkey", "Relation Name": "title", "Alias": "t", "Startup Cost": 0.0, "Total Cost": 0.27, "Plan Rows": 1, "Plan Width": 21, "Index Cond": "(id = ci.movie_id)"}]}, {"Node Type": "Index Only Scan", "Parent Relationship": "Inner", "Scan Direction": "Forward", "Index Name": "name_pkey", "Relation Name": "name", "Alias": "n1", "Startup Cost": 0.0, "Total Cost": 0.27, "Plan Rows": 1, "Plan Width": 4, "Index Cond": "(id = ci.person_id)"}]}]}, "Unique SQL Id": 2457761703, "Planner Runtime": 6}, "explain_analyze_plan": null}, "(16, 121)": {"explain_plan": {"Plan": {"Node Type": "Aggregate", "Strategy": "Plain", "Startup Cost": 1970553.27, "Total Cost": 1970553.28, "Plan Rows": 1, "Plan Width": 97, "Plans": [{"Node Type": "Nested Loop", "Parent Relationship": "Outer", "Join Type": "Inner", "Startup Cost": 0.0, "Total Cost": 1968767.78, "Plan Rows": 357098, "Plan Width": 33, "Inner Unique": true, "Join Filter": "(a1.person_id = n1.id), (LLVM Optimized)", "Plans": [{"Node Type": "Nested Loop", "Parent Relationship": "Outer", "Join Type": "Inner", "Startup Cost": 0.0, "Total Cost": 1867273.85, "Plan Rows": 357098, "Plan Width": 41, "Inner Unique": true, "Plans": [{"Node Type": "Nested Loop", "Parent Relationship": "Outer", "Join Type": "Inner", "Startup Cost": 0.0, "Total Cost": 1765471.51, "Plan Rows": 357379, "Plan Width": 32, "Inner Unique": false, "Plans": [{"Node Type": "Nested Loop", "Parent Relationship": "Outer", "Join Type": "Inner", "Startup Cost": 0.0, "Total Cost": 1565298.55, "Plan Rows": 711018, "Plan Width": 12, "Inner Unique": false, "Join Filter": "(ci.role_id = rt.id), (LLVM Optimized)", "Plans": [{"Node Type": "Index Scan", "Parent Relationship": "Outer", "Scan Direction": "Forward", "Index Name": "role_type_pkey", "Relation Name": "role_type", "Alias": "rt", "Startup Cost": 0.0, "Total Cost": 12.46, "Plan Rows": 1, "Plan Width": 4, "Filter": "((role)::text = 'writer'::text)"}, {"Node Type": "Nested Loop", "Parent Relationship": "Inner", "Join Type": "Inner", "Startup Cost": 0.0, "Total Cost": 1467521.08, "Plan Rows": 7821201, "Plan Width": 16, "Inner Unique": false, "Plans": [{"Node Type": "Nested Loop", "Parent Relationship": "Outer", "Join Type": "Inner", "Startup Cost": 0.0, "Total Cost": 171332.39, "Plan Rows": 1282311, "Plan Width": 4, "Inner Unique": false, "Plans": [{"Node Type": "Index Scan", "Parent Relationship": "Outer", "Scan Direction": "Forward", "Index Name": "company_name_pkey", "Relation Name": "company_name", "Alias": "cn", "Startup Cost": 0.0, "Total Cost": 10501.39, "Plan Rows": 85170, "Plan Width": 4, "Filter": "((country_code)::text = '[us]'::text)"}, {"Node Type": "Index Scan", "Parent Relationship": "Inner", "Scan Direction": "Forward", "Index Name": "company_id_movie_companies", "Relation Name": "movie_companies", "Alias": "mc", "Startup Cost": 0.0, "Total Cost": 1.74, "Plan Rows": 15, "Plan Width": 8, "Index Cond": "(company_id = cn.id)"}]}, {"Node Type": "Index Scan", "Parent Relationship": "Inner", "Scan Direction": "Forward", "Index Name": "movie_id_cast_info", "Relation Name": "cast_info", "Alias": "ci", "Startup Cost": 0.0, "Total Cost": 0.95, "Plan Rows": 6, "Plan Width": 12, "Index Cond": "(movie_id = mc.movie_id)"}]}]}, {"Node Type": "Index Scan", "Parent Relationship": "Inner", "Scan Direction": "Forward", "Index Name": "person_id_aka_name", "Relation Name": "aka_name", "Alias": "a1", "Startup Cost": 0.0, "Total Cost": 0.27, "Plan Rows": 1, "Plan Width": 20, "Index Cond": "(person_id = ci.person_id)"}]}, {"Node Type": "Index Scan", "Parent Relationship": "Inner", "Scan Direction": "Forward", "Index Name": "title_pkey", "Relation Name": "title", "Alias": "t", "Startup Cost": 0.0, "Total Cost": 0.27, "Plan Rows": 1, "Plan Width": 21, "Index Cond": "(id = ci.movie_id)"}]}, {"Node Type": "Index Only Scan", "Parent Relationship": "Inner", "Scan Direction": "Forward", "Index Name": "name_pkey", "Relation Name": "name", "Alias": "n1", "Startup Cost": 0.0, "Total Cost": 0.27, "Plan Rows": 1, "Plan Width": 4, "Index Cond": "(id = ci.person_id)"}]}]}, "Unique SQL Id": 2457761703, "Planner Runtime": 5}, "explain_analyze_plan": null}, "(16, 122)": {"explain_plan": {"Plan": {"Node Type": "Aggregate", "Strategy": "Plain", "Startup Cost": 438777366.04, "Total Cost": 438777366.06, "Plan Rows": 1, "Plan Width": 97, "Plans": [{"Node Type": "Streaming(type: LOCAL GATHER dop: 1/16)", "Parent Relationship": "Outer", "Startup Cost": 438777366.04, "Total Cost": 438777366.06, "Plan Rows": 1, "Plan Width": 97, "Plans": [{"Node Type": "Aggregate", "Strategy": "Plain", "Parent Relationship": "Outer", "Startup Cost": 438777366.04, "Total Cost": 438777366.05, "Plan Rows": 1, "Plan Width": 97, "Plans": [{"Node Type": "Nested Loop", "Parent Relationship": "Outer", "Join Type": "Inner", "Startup Cost": 0.0, "Total Cost": 438775580.55, "Plan Rows": 357098, "Plan Width": 33, "Inner Unique": false, "Join Filter": "(a1.person_id = n1.id), (LLVM Optimized)", "Plans": [{"Node Type": "Streaming(type: LOCAL REDISTRIBUTE dop: 16/16)", "Parent Relationship": "Outer", "Startup Cost": 0.0, "Total Cost": 51607.87, "Plan Rows": 4167490, "Plan Width": 4, "Plans": [{"Node Type": "Seq Scan", "Parent Relationship": "Outer", "Relation Name": "name", "Alias": "n1", "Startup Cost": 0.0, "Total Cost": 20816.99, "Plan Rows": 4167490, "Plan Width": 4}]}, {"Node Type": "Materialize", "Parent Relationship": "Inner", "Startup Cost": 0.0, "Total Cost": 351524672.37, "Plan Rows": 357098, "Plan Width": 41, "Plans": [{"Node Type": "Streaming(type: LOCAL REDISTRIBUTE dop: 16/16)", "Parent Relationship": "Outer", "Startup Cost": 0.0, "Total Cost": 351524560.78, "Plan Rows": 357098, "Plan Width": 41, "Plans": [{"Node Type": "Nested Loop", "Parent Relationship": "Outer", "Join Type": "Inner", "Startup Cost": 0.0, "Total Cost": 351508207.71, "Plan Rows": 357098, "Plan Width": 41, "Inner Unique": false, "Join Filter": "(ci.movie_id = t.id), (LLVM Optimized)", "Plans": [{"Node Type": "Streaming(type: LOCAL REDISTRIBUTE dop: 16/16)", "Parent Relationship": "Outer", "Startup Cost": 0.0, "Total Cost": 43334.25, "Plan Rows": 2528311, "Plan Width": 21, "Plans": [{"Node Type": "Seq Scan", "Parent Relationship": "Outer", "Relation Name": "title", "Alias": "t", "Startup Cost": 0.0, "Total Cost": 18754.32, "Plan Rows": 2528311, "Plan Width": 21}]}, {"Node Type": "Materialize", "Parent Relationship": "Inner", "Startup Cost": 0.0, "Total Cost": 298521652.54, "Plan Rows": 357379, "Plan Width": 32, "Plans": [{"Node Type": "Streaming(type: LOCAL REDISTRIBUTE dop: 16/16)", "Parent Relationship": "Outer", "Startup Cost": 0.0, "Total Cost": 298521540.86, "Plan Rows": 357379, "Plan Width": 32, "Plans": [{"Node Type": "Nested Loop", "Parent Relationship": "Outer", "Join Type": "Inner", "Startup Cost": 0.0, "Total Cost": 298505186.73, "Plan Rows": 357379, "Plan Width": 32, "Inner Unique": false, "Join Filter": "(ci.person_id = a1.person_id), (LLVM Optimized)", "Plans": [{"Node Type": "Streaming(type: LOCAL REDISTRIBUTE dop: 16/16)", "Parent Relationship": "Outer", "Startup Cost": 0.0, "Total Cost": 34659.52, "Plan Rows": 901342, "Plan Width": 20, "Plans": [{"Node Type": "Seq Scan", "Parent Relationship": "Outer", "Relation Name": "aka_name", "Alias": "a1", "Startup Cost": 0.0, "Total Cost": 16244.28, "Plan Rows": 901342, "Plan Width": 20}]}, {"Node Type": "Materialize", "Parent Relationship": "Inner", "Startup Cost": 0.0, "Total Cost": 260919639.12, "Plan Rows": 711018, "Plan Width": 12, "Plans": [{"Node Type": "Streaming(type: LOCAL REDISTRIBUTE dop: 16/16)", "Parent Relationship": "Outer", "Startup Cost": 0.0, "Total Cost": 260919416.92, "Plan Rows": 711018, "Plan Width": 12, "Plans": [{"Node Type": "Nested Loop", "Parent Relationship": "Outer", "Join Type": "Inner", "Startup Cost": 0.0, "Total Cost": 260901722.83, "Plan Rows": 711018, "Plan Width": 12, "Inner Unique": false, "Join Filter": "(ci.movie_id = mc.movie_id), (LLVM Optimized)", "Plans": [{"Node Type": "Streaming(type: LOCAL REDISTRIBUTE dop: 16/16)", "Parent Relationship": "Outer", "Startup Cost": 0.0, "Total Cost": 123436.55, "Plan Rows": 3296318, "Plan Width": 8, "Plans": [{"Node Type": "Nested Loop", "Parent Relationship": "Outer", "Join Type": "Inner", "Startup Cost": 0.0, "Total Cost": 95946.6, "Plan Rows": 3296318, "Plan Width": 8, "Inner Unique": false, "Join Filter": "(ci.role_id = rt.id), (LLVM Optimized)", "Plans": [{"Node Type": "Streaming(type: BROADCAST dop: 16/1)", "Parent Relationship": "Outer", "Startup Cost": 0.0, "Total Cost": 15001.5, "Plan Rows": 16, "Plan Width": 4, "Plans": [{"Node Type": "Seq Scan", "Parent Relationship": "Outer", "Relation Name": "role_type", "Alias": "rt", "Startup Cost": 0.0, "Total Cost": 1.15, "Plan Rows": 1, "Plan Width": 4, "Filter": "((role)::text = 'writer'::text)"}]}, {"Node Type": "Seq Scan", "Parent Relationship": "Inner", "Relation Name": "cast_info", "Alias": "ci", "Startup Cost": 0.0, "Total Cost": 52617.37, "Plan Rows": 36259494, "Plan Width": 12}]}]}, {"Node Type": "Materialize", "Parent Relationship": "Inner", "Startup Cost": 0.0, "Total Cost": 13108281.71, "Plan Rows": 1282311, "Plan Width": 4, "Plans": [{"Node Type": "Streaming(type: LOCAL REDISTRIBUTE dop: 16/16)", "Parent Relationship": "Outer", "Startup Cost": 0.0, "Total Cost": 13107880.98, "Plan Rows": 1282311, "Plan Width": 4, "Plans": [{"Node Type": "Nested Loop", "Parent Relationship": "Outer", "Join Type": "Inner", "Startup Cost": 0.0, "Total Cost": 13088022.23, "Plan Rows": 1282311, "Plan Width": 4, "Inner Unique": false, "Join Filter": "(cn.id = mc.company_id), (LLVM Optimized)", "Plans": [{"Node Type": "Streaming(type: LOCAL REDISTRIBUTE dop: 16/1)", "Parent Relationship": "Outer", "Startup Cost": 0.0, "Total Cost": 24444.99, "Plan Rows": 85170, "Plan Width": 4, "Plans": [{"Node Type": "Seq Scan", "Parent Relationship": "Outer", "Relation Name": "company_name", "Alias": "cn", "Startup Cost": 0.0, "Total Cost": 5903.45, "Plan Rows": 85170, "Plan Width": 4, "Filter": "((country_code)::text = '[us]'::text)"}]}, {"Node Type": "Materialize", "Parent Relationship": "Inner", "Startup Cost": 0.0, "Total Cost": 43315.08, "Plan Rows": 2609128, "Plan Width": 8, "Plans": [{"Node Type": "Streaming(type: LOCAL REDISTRIBUTE dop: 16/16)", "Parent Relationship": "Outer", "Startup Cost": 0.0, "Total Cost": 42499.73, "Plan Rows": 2609128, "Plan Width": 8, "Plans": [{"Node Type": "Seq Scan", "Parent Relationship": "Outer", "Relation Name": "movie_companies", "Alias": "mc", "Startup Cost": 0.0, "Total Cost": 17613.58, "Plan Rows": 2609128, "Plan Width": 8}]}]}]}]}]}]}]}]}]}]}]}]}]}]}]}]}]}]}, "Unique SQL Id": 2457761703, "Planner Runtime": 11}, "explain_analyze_plan": null}, "(16, 123)": {"explain_plan": {"Plan": {"Node Type": "Aggregate", "Strategy": "Plain", "Startup Cost": 7112442136285.67, "Total Cost": 7112442136285.68, "Plan Rows": 1, "Plan Width": 97, "Plans": [{"Node Type": "Nested Loop", "Parent Relationship": "Outer", "Join Type": "Inner", "Startup Cost": 70000000000.0, "Total Cost": 7112442134500.18, "Plan Rows": 357098, "Plan Width": 33, "Inner Unique": false, "Join Filter": "(a1.person_id = n1.id), (LLVM Optimized)", "Plans": [{"Node Type": "Index Only Scan", "Parent Relationship": "Outer", "Scan Direction": "Forward", "Index Name": "name_pkey", "Relation Name": "name", "Alias": "n1", "Startup Cost": 10000000000.0, "Total Cost": 1000012483260.0, "Plan Rows": 4167490, "Plan Width": 4}, {"Node Type": "Materialize", "Parent Relationship": "Inner", "Startup Cost": 60000000000.0, "Total Cost": 6090106616972.63, "Plan Rows": 357098, "Plan Width": 41, "Plans": [{"Node Type": "Nested Loop", "Parent Relationship": "Outer", "Join Type": "Inner", "Startup Cost": 60000000000.0, "Total Cost": 6090106615187.14, "Plan Rows": 357098, "Plan Width": 41, "Inner Unique": true, "Join Filter": "(ci.movie_id = t.id), (LLVM Optimized)", "Plans": [{"Node Type": "Nested Loop", "Parent Relationship": "Outer", "Join Type": "Inner", "Startup Cost": 50000000000.0, "Total Cost": 5076542117964.41, "Plan Rows": 357379, "Plan Width": 32, "Inner Unique": false, "Join Filter": "(ci.person_id = a1.person_id), (LLVM Optimized)", "Plans": [{"Node Type": "Nested Loop", "Parent Relationship": "Outer", "Join Type": "Inner", "Startup Cost": 40000000000.0, "Total Cost": 4066922163415.29, "Plan Rows": 711018, "Plan Width": 12, "Inner Unique": false, "Join Filter": "(ci.movie_id = mc.movie_id), (LLVM Optimized)", "Plans": [{"Node Type": "Nested Loop", "Parent Relationship": "Outer", "Join Type": "Inner", "Startup Cost": 20000000000.0, "Total Cost": 2000171193971.62, "Plan Rows": 3296318, "Plan Width": 8, "Inner Unique": true, "Join Filter": "(ci.role_id = rt.id), (LLVM Optimized)", "Plans": [{"Node Type": "Index Scan", "Parent Relationship": "Outer", "Scan Direction": "Forward", "Index Name": "person_id_cast_info", "Relation Name": "cast_info", "Alias": "ci", "Startup Cost": 10000000000.0, "Total Cost": 1000170648833.21, "Plan Rows": 36259494, "Plan Width": 12}, {"Node Type": "Materialize", "Parent Relationship": "Inner", "Startup Cost": 10000000000.0, "Total Cost": 1000000001246.0, "Plan Rows": 1, "Plan Width": 4, "Plans": [{"Node Type": "Index Scan", "Parent Relationship": "Outer", "Scan Direction": "Forward", "Index Name": "role_type_pkey", "Relation Name": "role_type", "Alias": "rt", "Startup Cost": 10000000000.0, "Total Cost": 1000000001246.0, "Plan Rows": 1, "Plan Width": 4, "Filter": "((role)::text = 'writer'::text)"}]}]}, {"Node Type": "Materialize", "Parent Relationship": "Inner", "Startup Cost": 20000000000.0, "Total Cost": 2003347400185.98, "Plan Rows": 1282311, "Plan Width": 4, "Plans": [{"Node Type": "Nested Loop", "Parent Relationship": "Outer", "Join Type": "Inner", "Startup Cost": 20000000000.0, "Total Cost": 2003347393774.42, "Plan Rows": 1282311, "Plan Width": 4, "Inner Unique": true, "Join Filter": "(cn.id = mc.company_id), (LLVM Optimized)", "Plans": [{"Node Type": "Index Scan", "Parent Relationship": "Outer", "Scan Direction": "Forward", "Index Name": "movie_id_movie_companies", "Relation Name": "movie_companies", "Alias": "mc", "Startup Cost": 10000000000.0, "Total Cost": 1000013051946.13, "Plan Rows": 2609128, "Plan Width": 8}, {"Node Type": "Materialize", "Parent Relationship": "Inner", "Startup Cost": 10000000000.0, "Total Cost": 1000001050564.82, "Plan Rows": 85170, "Plan Width": 4, "Plans": [{"Node Type": "Index Scan", "Parent Relationship": "Outer", "Scan Direction": "Forward", "Index Name": "company_name_pkey", "Relation Name": "company_name", "Alias": "cn", "Startup Cost": 10000000000.0, "Total Cost": 1000001050138.97, "Plan Rows": 85170, "Plan Width": 4, "Filter": "((country_code)::text = '[us]'::text)"}]}]}]}]}, {"Node Type": "Materialize", "Parent Relationship": "Inner", "Startup Cost": 10000000000.0, "Total Cost": 1000006901010.14, "Plan Rows": 901342, "Plan Width": 20, "Plans": [{"Node Type": "Index Scan", "Parent Relationship": "Outer", "Scan Direction": "Forward", "Index Name": "person_id_aka_name", "Relation Name": "aka_name", "Alias": "a1", "Startup Cost": 10000000000.0, "Total Cost": 1000006896503.43, "Plan Rows": 901342, "Plan Width": 20}]}]}, {"Node Type": "Materialize", "Parent Relationship": "Inner", "Startup Cost": 10000000000.0, "Total Cost": 1000011024690.47, "Plan Rows": 2528311, "Plan Width": 21, "Plans": [{"Node Type": "Index Scan", "Parent Relationship": "Outer", "Scan Direction": "Forward", "Index Name": "title_pkey", "Relation Name": "title", "Alias": "t", "Startup Cost": 10000000000.0, "Total Cost": 1000011012048.91, "Plan Rows": 2528311, "Plan Width": 21}]}]}]}]}]}, "Unique SQL Id": 2457761703, "Planner Runtime": 4}, "explain_analyze_plan": null}, "(16, 124)": {"explain_plan": {"Plan": {"Node Type": "Aggregate", "Strategy": "Plain", "Startup Cost": 1967968.74, "Total Cost": 1967968.75, "Plan Rows": 1, "Plan Width": 97, "Plans": [{"Node Type": "Nested Loop", "Parent Relationship": "Outer", "Join Type": "Inner", "Startup Cost": 0.0, "Total Cost": 1966183.25, "Plan Rows": 357098, "Plan Width": 33, "Inner Unique": true, "Join Filter": "(a1.person_id = n1.id), (LLVM Optimized)", "Plans": [{"Node Type": "Nested Loop", "Parent Relationship": "Outer", "Join Type": "Inner", "Startup Cost": 0.0, "Total Cost": 1862664.6, "Plan Rows": 357098, "Plan Width": 41, "Inner Unique": true, "Plans": [{"Node Type": "Nested Loop", "Parent Relationship": "Outer", "Join Type": "Inner", "Startup Cost": 0.0, "Total Cost": 1760862.26, "Plan Rows": 357379, "Plan Width": 32, "Inner Unique": false, "Plans": [{"Node Type": "Nested Loop", "Parent Relationship": "Outer", "Join Type": "Inner", "Startup Cost": 0.0, "Total Cost": 1560689.3, "Plan Rows": 711018, "Plan Width": 12, "Inner Unique": false, "Join Filter": "(ci.role_id = rt.id), (LLVM Optimized)", "Plans": [{"Node Type": "Seq Scan", "Parent Relationship": "Outer", "Relation Name": "role_type", "Alias": "rt", "Startup Cost": 0.0, "Total Cost": 1.15, "Plan Rows": 1, "Plan Width": 4, "Filter": "((role)::text = 'writer'::text)"}, {"Node Type": "Nested Loop", "Parent Relationship": "Inner", "Join Type": "Inner", "Startup Cost": 0.0, "Total Cost": 1462923.14, "Plan Rows": 7821201, "Plan Width": 16, "Inner Unique": false, "Plans": [{"Node Type": "Nested Loop", "Parent Relationship": "Outer", "Join Type": "Inner", "Startup Cost": 0.0, "Total Cost": 166734.45, "Plan Rows": 1282311, "Plan Width": 4, "Inner Unique": false, "Plans": [{"Node Type": "Seq Scan", "Parent Relationship": "Outer", "Relation Name": "company_name", "Alias": "cn", "Startup Cost": 0.0, "Total Cost": 5903.45, "Plan Rows": 85170, "Plan Width": 4, "Filter": "((country_code)::text = '[us]'::text)"}, {"Node Type": "Index Scan", "Parent Relationship": "Inner", "Scan Direction": "Forward", "Index Name": "company_id_movie_companies", "Relation Name": "movie_companies", "Alias": "mc", "Startup Cost": 0.0, "Total Cost": 1.74, "Plan Rows": 15, "Plan Width": 8, "Index Cond": "(company_id = cn.id)"}]}, {"Node Type": "Index Scan", "Parent Relationship": "Inner", "Scan Direction": "Forward", "Index Name": "movie_id_cast_info", "Relation Name": "cast_info", "Alias": "ci", "Startup Cost": 0.0, "Total Cost": 0.95, "Plan Rows": 6, "Plan Width": 12, "Index Cond": "(movie_id = mc.movie_id)"}]}]}, {"Node Type": "Index Scan", "Parent Relationship": "Inner", "Scan Direction": "Forward", "Index Name": "person_id_aka_name", "Relation Name": "aka_name", "Alias": "a1", "Startup Cost": 0.0, "Total Cost": 0.27, "Plan Rows": 1, "Plan Width": 20, "Index Cond": "(person_id = ci.person_id)"}]}, {"Node Type": "Index Scan", "Parent Relationship": "Inner", "Scan Direction": "Forward", "Index Name": "title_pkey", "Relation Name": "title", "Alias": "t", "Startup Cost": 0.0, "Total Cost": 0.27, "Plan Rows": 1, "Plan Width": 21, "Index Cond": "(id = ci.movie_id)"}]}, {"Node Type": "Index Scan", "Parent Relationship": "Inner", "Scan Direction": "Forward", "Index Name": "name_pkey", "Relation Name": "name", "Alias": "n1", "Startup Cost": 0.0, "Total Cost": 0.28, "Plan Rows": 1, "Plan Width": 4, "Index Cond": "(id = ci.person_id)"}]}]}, "Unique SQL Id": 2457761703, "Planner Runtime": 6}, "explain_analyze_plan": null}, "(16, 125)": {"explain_plan": {"Plan": {"Node Type": "Aggregate", "Strategy": "Plain", "Startup Cost": 1972577.99, "Total Cost": 1972578.0, "Plan Rows": 1, "Plan Width": 97, "Plans": [{"Node Type": "Nested Loop", "Parent Relationship": "Outer", "Join Type": "Inner", "Startup Cost": 0.0, "Total Cost": 1970792.5, "Plan Rows": 357098, "Plan Width": 33, "Inner Unique": true, "Join Filter": "(a1.person_id = n1.id), (LLVM Optimized)", "Plans": [{"Node Type": "Nested Loop", "Parent Relationship": "Outer", "Join Type": "Inner", "Startup Cost": 0.0, "Total Cost": 1867273.85, "Plan Rows": 357098, "Plan Width": 41, "Inner Unique": true, "Plans": [{"Node Type": "Nested Loop", "Parent Relationship": "Outer", "Join Type": "Inner", "Startup Cost": 0.0, "Total Cost": 1765471.51, "Plan Rows": 357379, "Plan Width": 32, "Inner Unique": false, "Plans": [{"Node Type": "Nested Loop", "Parent Relationship": "Outer", "Join Type": "Inner", "Startup Cost": 0.0, "Total Cost": 1565298.55, "Plan Rows": 711018, "Plan Width": 12, "Inner Unique": false, "Join Filter": "(ci.role_id = rt.id), (LLVM Optimized)", "Plans": [{"Node Type": "Index Scan", "Parent Relationship": "Outer", "Scan Direction": "Forward", "Index Name": "role_type_pkey", "Relation Name": "role_type", "Alias": "rt", "Startup Cost": 0.0, "Total Cost": 12.46, "Plan Rows": 1, "Plan Width": 4, "Filter": "((role)::text = 'writer'::text)"}, {"Node Type": "Nested Loop", "Parent Relationship": "Inner", "Join Type": "Inner", "Startup Cost": 0.0, "Total Cost": 1467521.08, "Plan Rows": 7821201, "Plan Width": 16, "Inner Unique": false, "Plans": [{"Node Type": "Nested Loop", "Parent Relationship": "Outer", "Join Type": "Inner", "Startup Cost": 0.0, "Total Cost": 171332.39, "Plan Rows": 1282311, "Plan Width": 4, "Inner Unique": false, "Plans": [{"Node Type": "Index Scan", "Parent Relationship": "Outer", "Scan Direction": "Forward", "Index Name": "company_name_pkey", "Relation Name": "company_name", "Alias": "cn", "Startup Cost": 0.0, "Total Cost": 10501.39, "Plan Rows": 85170, "Plan Width": 4, "Filter": "((country_code)::text = '[us]'::text)"}, {"Node Type": "Index Scan", "Parent Relationship": "Inner", "Scan Direction": "Forward", "Index Name": "company_id_movie_companies", "Relation Name": "movie_companies", "Alias": "mc", "Startup Cost": 0.0, "Total Cost": 1.74, "Plan Rows": 15, "Plan Width": 8, "Index Cond": "(company_id = cn.id)"}]}, {"Node Type": "Index Scan", "Parent Relationship": "Inner", "Scan Direction": "Forward", "Index Name": "movie_id_cast_info", "Relation Name": "cast_info", "Alias": "ci", "Startup Cost": 0.0, "Total Cost": 0.95, "Plan Rows": 6, "Plan Width": 12, "Index Cond": "(movie_id = mc.movie_id)"}]}]}, {"Node Type": "Index Scan", "Parent Relationship": "Inner", "Scan Direction": "Forward", "Index Name": "person_id_aka_name", "Relation Name": "aka_name", "Alias": "a1", "Startup Cost": 0.0, "Total Cost": 0.27, "Plan Rows": 1, "Plan Width": 20, "Index Cond": "(person_id = ci.person_id)"}]}, {"Node Type": "Index Scan", "Parent Relationship": "Inner", "Scan Direction": "Forward", "Index Name": "title_pkey", "Relation Name": "title", "Alias": "t", "Startup Cost": 0.0, "Total Cost": 0.27, "Plan Rows": 1, "Plan Width": 21, "Index Cond": "(id = ci.movie_id)"}]}, {"Node Type": "Index Scan", "Parent Relationship": "Inner", "Scan Direction": "Forward", "Index Name": "name_pkey", "Relation Name": "name", "Alias": "n1", "Startup Cost": 0.0, "Total Cost": 0.28, "Plan Rows": 1, "Plan Width": 4, "Index Cond": "(id = ci.person_id)"}]}]}, "Unique SQL Id": 2457761703, "Planner Runtime": 5}, "explain_analyze_plan": null}, "(16, 126)": {"explain_plan": {"Plan": {"Node Type": "Aggregate", "Strategy": "Plain", "Startup Cost": 438777366.04, "Total Cost": 438777366.06, "Plan Rows": 1, "Plan Width": 97, "Plans": [{"Node Type": "Streaming(type: LOCAL GATHER dop: 1/16)", "Parent Relationship": "Outer", "Startup Cost": 438777366.04, "Total Cost": 438777366.06, "Plan Rows": 1, "Plan Width": 97, "Plans": [{"Node Type": "Aggregate", "Strategy": "Plain", "Parent Relationship": "Outer", "Startup Cost": 438777366.04, "Total Cost": 438777366.05, "Plan Rows": 1, "Plan Width": 97, "Plans": [{"Node Type": "Nested Loop", "Parent Relationship": "Outer", "Join Type": "Inner", "Startup Cost": 0.0, "Total Cost": 438775580.55, "Plan Rows": 357098, "Plan Width": 33, "Inner Unique": false, "Join Filter": "(a1.person_id = n1.id), (LLVM Optimized)", "Plans": [{"Node Type": "Streaming(type: LOCAL REDISTRIBUTE dop: 16/16)", "Parent Relationship": "Outer", "Startup Cost": 0.0, "Total Cost": 51607.87, "Plan Rows": 4167490, "Plan Width": 4, "Plans": [{"Node Type": "Seq Scan", "Parent Relationship": "Outer", "Relation Name": "name", "Alias": "n1", "Startup Cost": 0.0, "Total Cost": 20816.99, "Plan Rows": 4167490, "Plan Width": 4}]}, {"Node Type": "Materialize", "Parent Relationship": "Inner", "Startup Cost": 0.0, "Total Cost": 351524672.37, "Plan Rows": 357098, "Plan Width": 41, "Plans": [{"Node Type": "Streaming(type: LOCAL REDISTRIBUTE dop: 16/16)", "Parent Relationship": "Outer", "Startup Cost": 0.0, "Total Cost": 351524560.78, "Plan Rows": 357098, "Plan Width": 41, "Plans": [{"Node Type": "Nested Loop", "Parent Relationship": "Outer", "Join Type": "Inner", "Startup Cost": 0.0, "Total Cost": 351508207.71, "Plan Rows": 357098, "Plan Width": 41, "Inner Unique": false, "Join Filter": "(ci.movie_id = t.id), (LLVM Optimized)", "Plans": [{"Node Type": "Streaming(type: LOCAL REDISTRIBUTE dop: 16/16)", "Parent Relationship": "Outer", "Startup Cost": 0.0, "Total Cost": 43334.25, "Plan Rows": 2528311, "Plan Width": 21, "Plans": [{"Node Type": "Seq Scan", "Parent Relationship": "Outer", "Relation Name": "title", "Alias": "t", "Startup Cost": 0.0, "Total Cost": 18754.32, "Plan Rows": 2528311, "Plan Width": 21}]}, {"Node Type": "Materialize", "Parent Relationship": "Inner", "Startup Cost": 0.0, "Total Cost": 298521652.54, "Plan Rows": 357379, "Plan Width": 32, "Plans": [{"Node Type": "Streaming(type: LOCAL REDISTRIBUTE dop: 16/16)", "Parent Relationship": "Outer", "Startup Cost": 0.0, "Total Cost": 298521540.86, "Plan Rows": 357379, "Plan Width": 32, "Plans": [{"Node Type": "Nested Loop", "Parent Relationship": "Outer", "Join Type": "Inner", "Startup Cost": 0.0, "Total Cost": 298505186.73, "Plan Rows": 357379, "Plan Width": 32, "Inner Unique": false, "Join Filter": "(ci.person_id = a1.person_id), (LLVM Optimized)", "Plans": [{"Node Type": "Streaming(type: LOCAL REDISTRIBUTE dop: 16/16)", "Parent Relationship": "Outer", "Startup Cost": 0.0, "Total Cost": 34659.52, "Plan Rows": 901342, "Plan Width": 20, "Plans": [{"Node Type": "Seq Scan", "Parent Relationship": "Outer", "Relation Name": "aka_name", "Alias": "a1", "Startup Cost": 0.0, "Total Cost": 16244.28, "Plan Rows": 901342, "Plan Width": 20}]}, {"Node Type": "Materialize", "Parent Relationship": "Inner", "Startup Cost": 0.0, "Total Cost": 260919639.12, "Plan Rows": 711018, "Plan Width": 12, "Plans": [{"Node Type": "Streaming(type: LOCAL REDISTRIBUTE dop: 16/16)", "Parent Relationship": "Outer", "Startup Cost": 0.0, "Total Cost": 260919416.92, "Plan Rows": 711018, "Plan Width": 12, "Plans": [{"Node Type": "Nested Loop", "Parent Relationship": "Outer", "Join Type": "Inner", "Startup Cost": 0.0, "Total Cost": 260901722.83, "Plan Rows": 711018, "Plan Width": 12, "Inner Unique": false, "Join Filter": "(ci.movie_id = mc.movie_id), (LLVM Optimized)", "Plans": [{"Node Type": "Streaming(type: LOCAL REDISTRIBUTE dop: 16/16)", "Parent Relationship": "Outer", "Startup Cost": 0.0, "Total Cost": 123436.55, "Plan Rows": 3296318, "Plan Width": 8, "Plans": [{"Node Type": "Nested Loop", "Parent Relationship": "Outer", "Join Type": "Inner", "Startup Cost": 0.0, "Total Cost": 95946.6, "Plan Rows": 3296318, "Plan Width": 8, "Inner Unique": false, "Join Filter": "(ci.role_id = rt.id), (LLVM Optimized)", "Plans": [{"Node Type": "Streaming(type: BROADCAST dop: 16/1)", "Parent Relationship": "Outer", "Startup Cost": 0.0, "Total Cost": 15001.5, "Plan Rows": 16, "Plan Width": 4, "Plans": [{"Node Type": "Seq Scan", "Parent Relationship": "Outer", "Relation Name": "role_type", "Alias": "rt", "Startup Cost": 0.0, "Total Cost": 1.15, "Plan Rows": 1, "Plan Width": 4, "Filter": "((role)::text = 'writer'::text)"}]}, {"Node Type": "Seq Scan", "Parent Relationship": "Inner", "Relation Name": "cast_info", "Alias": "ci", "Startup Cost": 0.0, "Total Cost": 52617.37, "Plan Rows": 36259494, "Plan Width": 12}]}]}, {"Node Type": "Materialize", "Parent Relationship": "Inner", "Startup Cost": 0.0, "Total Cost": 13108281.71, "Plan Rows": 1282311, "Plan Width": 4, "Plans": [{"Node Type": "Streaming(type: LOCAL REDISTRIBUTE dop: 16/16)", "Parent Relationship": "Outer", "Startup Cost": 0.0, "Total Cost": 13107880.98, "Plan Rows": 1282311, "Plan Width": 4, "Plans": [{"Node Type": "Nested Loop", "Parent Relationship": "Outer", "Join Type": "Inner", "Startup Cost": 0.0, "Total Cost": 13088022.23, "Plan Rows": 1282311, "Plan Width": 4, "Inner Unique": false, "Join Filter": "(cn.id = mc.company_id), (LLVM Optimized)", "Plans": [{"Node Type": "Streaming(type: LOCAL REDISTRIBUTE dop: 16/1)", "Parent Relationship": "Outer", "Startup Cost": 0.0, "Total Cost": 24444.99, "Plan Rows": 85170, "Plan Width": 4, "Plans": [{"Node Type": "Seq Scan", "Parent Relationship": "Outer", "Relation Name": "company_name", "Alias": "cn", "Startup Cost": 0.0, "Total Cost": 5903.45, "Plan Rows": 85170, "Plan Width": 4, "Filter": "((country_code)::text = '[us]'::text)"}]}, {"Node Type": "Materialize", "Parent Relationship": "Inner", "Startup Cost": 0.0, "Total Cost": 43315.08, "Plan Rows": 2609128, "Plan Width": 8, "Plans": [{"Node Type": "Streaming(type: LOCAL REDISTRIBUTE dop: 16/16)", "Parent Relationship": "Outer", "Startup Cost": 0.0, "Total Cost": 42499.73, "Plan Rows": 2609128, "Plan Width": 8, "Plans": [{"Node Type": "Seq Scan", "Parent Relationship": "Outer", "Relation Name": "movie_companies", "Alias": "mc", "Startup Cost": 0.0, "Total Cost": 17613.58, "Plan Rows": 2609128, "Plan Width": 8}]}]}]}]}]}]}]}]}]}]}]}]}]}]}]}]}]}]}, "Unique SQL Id": 2457761703, "Planner Runtime": 11}, "explain_analyze_plan": null}, "(16, 127)": {"explain_plan": {"Plan": {"Node Type": "Aggregate", "Strategy": "Plain", "Startup Cost": 7112447276300.38, "Total Cost": 7112447276300.39, "Plan Rows": 1, "Plan Width": 97, "Plans": [{"Node Type": "Nested Loop", "Parent Relationship": "Outer", "Join Type": "Inner", "Startup Cost": 70000000000.0, "Total Cost": 7112447274514.89, "Plan Rows": 357098, "Plan Width": 33, "Inner Unique": false, "Join Filter": "(a1.person_id = n1.id), (LLVM Optimized)", "Plans": [{"Node Type": "Index Scan", "Parent Relationship": "Outer", "Scan Direction": "Forward", "Index Name": "name_pkey", "Relation Name": "name", "Alias": "n1", "Startup Cost": 10000000000.0, "Total Cost": 1000017623274.7, "Plan Rows": 4167490, "Plan Width": 4}, {"Node Type": "Materialize", "Parent Relationship": "Inner", "Startup Cost": 60000000000.0, "Total Cost": 6090106616972.63, "Plan Rows": 357098, "Plan Width": 41, "Plans": [{"Node Type": "Nested Loop", "Parent Relationship": "Outer", "Join Type": "Inner", "Startup Cost": 60000000000.0, "Total Cost": 6090106615187.14, "Plan Rows": 357098, "Plan Width": 41, "Inner Unique": true, "Join Filter": "(ci.movie_id = t.id), (LLVM Optimized)", "Plans": [{"Node Type": "Nested Loop", "Parent Relationship": "Outer", "Join Type": "Inner", "Startup Cost": 50000000000.0, "Total Cost": 5076542117964.41, "Plan Rows": 357379, "Plan Width": 32, "Inner Unique": false, "Join Filter": "(ci.person_id = a1.person_id), (LLVM Optimized)", "Plans": [{"Node Type": "Nested Loop", "Parent Relationship": "Outer", "Join Type": "Inner", "Startup Cost": 40000000000.0, "Total Cost": 4066922163415.29, "Plan Rows": 711018, "Plan Width": 12, "Inner Unique": false, "Join Filter": "(ci.movie_id = mc.movie_id), (LLVM Optimized)", "Plans": [{"Node Type": "Nested Loop", "Parent Relationship": "Outer", "Join Type": "Inner", "Startup Cost": 20000000000.0, "Total Cost": 2000171193971.62, "Plan Rows": 3296318, "Plan Width": 8, "Inner Unique": true, "Join Filter": "(ci.role_id = rt.id), (LLVM Optimized)", "Plans": [{"Node Type": "Index Scan", "Parent Relationship": "Outer", "Scan Direction": "Forward", "Index Name": "person_id_cast_info", "Relation Name": "cast_info", "Alias": "ci", "Startup Cost": 10000000000.0, "Total Cost": 1000170648833.21, "Plan Rows": 36259494, "Plan Width": 12}, {"Node Type": "Materialize", "Parent Relationship": "Inner", "Startup Cost": 10000000000.0, "Total Cost": 1000000001246.0, "Plan Rows": 1, "Plan Width": 4, "Plans": [{"Node Type": "Index Scan", "Parent Relationship": "Outer", "Scan Direction": "Forward", "Index Name": "role_type_pkey", "Relation Name": "role_type", "Alias": "rt", "Startup Cost": 10000000000.0, "Total Cost": 1000000001246.0, "Plan Rows": 1, "Plan Width": 4, "Filter": "((role)::text = 'writer'::text)"}]}]}, {"Node Type": "Materialize", "Parent Relationship": "Inner", "Startup Cost": 20000000000.0, "Total Cost": 2003347400185.98, "Plan Rows": 1282311, "Plan Width": 4, "Plans": [{"Node Type": "Nested Loop", "Parent Relationship": "Outer", "Join Type": "Inner", "Startup Cost": 20000000000.0, "Total Cost": 2003347393774.42, "Plan Rows": 1282311, "Plan Width": 4, "Inner Unique": true, "Join Filter": "(cn.id = mc.company_id), (LLVM Optimized)", "Plans": [{"Node Type": "Index Scan", "Parent Relationship": "Outer", "Scan Direction": "Forward", "Index Name": "movie_id_movie_companies", "Relation Name": "movie_companies", "Alias": "mc", "Startup Cost": 10000000000.0, "Total Cost": 1000013051946.13, "Plan Rows": 2609128, "Plan Width": 8}, {"Node Type": "Materialize", "Parent Relationship": "Inner", "Startup Cost": 10000000000.0, "Total Cost": 1000001050564.82, "Plan Rows": 85170, "Plan Width": 4, "Plans": [{"Node Type": "Index Scan", "Parent Relationship": "Outer", "Scan Direction": "Forward", "Index Name": "company_name_pkey", "Relation Name": "company_name", "Alias": "cn", "Startup Cost": 10000000000.0, "Total Cost": 1000001050138.97, "Plan Rows": 85170, "Plan Width": 4, "Filter": "((country_code)::text = '[us]'::text)"}]}]}]}]}, {"Node Type": "Materialize", "Parent Relationship": "Inner", "Startup Cost": 10000000000.0, "Total Cost": 1000006901010.14, "Plan Rows": 901342, "Plan Width": 20, "Plans": [{"Node Type": "Index Scan", "Parent Relationship": "Outer", "Scan Direction": "Forward", "Index Name": "person_id_aka_name", "Relation Name": "aka_name", "Alias": "a1", "Startup Cost": 10000000000.0, "Total Cost": 1000006896503.43, "Plan Rows": 901342, "Plan Width": 20}]}]}, {"Node Type": "Materialize", "Parent Relationship": "Inner", "Startup Cost": 10000000000.0, "Total Cost": 1000011024690.47, "Plan Rows": 2528311, "Plan Width": 21, "Plans": [{"Node Type": "Index Scan", "Parent Relationship": "Outer", "Scan Direction": "Forward", "Index Name": "title_pkey", "Relation Name": "title", "Alias": "t", "Startup Cost": 10000000000.0, "Total Cost": 1000011012048.91, "Plan Rows": 2528311, "Plan Width": 21}]}]}]}]}]}, "Unique SQL Id": 2457761703, "Planner Runtime": 4}, "explain_analyze_plan": null}, "(64, 0)": {"explain_plan": {"Plan": {"Node Type": "Aggregate", "Strategy": "Plain", "Startup Cost": 532222.07, "Total Cost": 532222.08, "Plan Rows": 1, "Plan Width": 97, "Plans": [{"Node Type": "Hash Join", "Parent Relationship": "Outer", "Join Type": "Inner", "Startup Cost": 503541.41, "Total Cost": 530436.58, "Plan Rows": 357098, "Plan Width": 33, "Inner Unique": false, "Hash Cond": "(a1.person_id = n1.id), (LLVM Optimized)", "Plans": [{"Node Type": "Seq Scan", "Parent Relationship": "Outer", "Relation Name": "aka_name", "Alias": "a1", "Startup Cost": 0.0, "Total Cost": 19908.42, "Plan Rows": 901342, "Plan Width": 20}, {"Node Type": "Hash", "Parent Relationship": "Inner", "Startup Cost": 494660.67, "Total Cost": 494660.67, "Plan Rows": 710459, "Plan Width": 25, "Plans": [{"Node Type": "Hash Join", "Parent Relationship": "Outer", "Join Type": "Inner", "Startup Cost": 256421.67, "Total Cost": 494660.67, "Plan Rows": 710459, "Plan Width": 25, "Inner Unique": false, "Hash Cond": "(ci.movie_id = t.id), (LLVM Optimized)", "Plans": [{"Node Type": "Streaming(type: LOCAL GATHER dop: 1/64)", "Parent Relationship": "Outer", "Startup Cost": 195218.41, "Total Cost": 404391.07, "Plan Rows": 3296318, "Plan Width": 12, "Plans": [{"Node Type": "Hash Join", "Parent Relationship": "Outer", "Join Type": "Inner", "Startup Cost": 195218.41, "Total Cost": 336388.42, "Plan Rows": 3296318, "Plan Width": 12, "Inner Unique": true, "Hash Cond": "(ci.person_id = n1.id), (LLVM Optimized)", "Plans": [{"Node Type": "Streaming(type: LOCAL REDISTRIBUTE dop: 64/64)", "Parent Relationship": "Outer", "Startup Cost": 63002.48, "Total Cost": 203464.29, "Plan Rows": 3296318, "Plan Width": 8, "Plans": [{"Node Type": "Hash Join", "Parent Relationship": "Outer", "Join Type": "Inner", "Startup Cost": 63002.48, "Total Cost": 137341.8, "Plan Rows": 3296318, "Plan Width": 8, "Inner Unique": true, "Hash Cond": "(ci.role_id = rt.id), (LLVM Optimized)", "Plans": [{"Node Type": "Seq Scan", "Parent Relationship": "Outer", "Relation Name": "cast_info", "Alias": "ci", "Startup Cost": 0.0, "Total Cost": 72404.34, "Plan Rows": 36259494, "Plan Width": 12}, {"Node Type": "Hash", "Parent Relationship": "Inner", "Startup Cost": 63002.47, "Total Cost": 63002.47, "Plan Rows": 64, "Plan Width": 4, "Plans": [{"Node Type": "Streaming(type: BROADCAST dop: 64/1)", "Parent Relationship": "Outer", "Startup Cost": 0.0, "Total Cost": 63002.47, "Plan Rows": 64, "Plan Width": 4, "Plans": [{"Node Type": "Seq Scan", "Parent Relationship": "Outer", "Relation Name": "role_type", "Alias": "rt", "Startup Cost": 0.0, "Total Cost": 1.15, "Plan Rows": 1, "Plan Width": 4, "Filter": "((role)::text = 'writer'::text)"}]}]}]}]}, {"Node Type": "Hash", "Parent Relationship": "Inner", "Startup Cost": 131401.97, "Total Cost": 131401.97, "Plan Rows": 4167490, "Plan Width": 4, "Plans": [{"Node Type": "Streaming(type: LOCAL REDISTRIBUTE dop: 64/64)", "Parent Relationship": "Outer", "Startup Cost": 0.0, "Total Cost": 131401.97, "Plan Rows": 4167490, "Plan Width": 4, "Plans": [{"Node Type": "Seq Scan", "Parent Relationship": "Outer", "Relation Name": "name", "Alias": "n1", "Startup Cost": 0.0, "Total Cost": 64454.25, "Plan Rows": 4167490, "Plan Width": 4}]}]}]}]}, {"Node Type": "Hash", "Parent Relationship": "Inner", "Startup Cost": 180697.47, "Total Cost": 180697.47, "Plan Rows": 1282311, "Plan Width": 25, "Plans": [{"Node Type": "Hash Join", "Parent Relationship": "Outer", "Join Type": "Inner", "Startup Cost": 98641.07, "Total Cost": 180697.47, "Plan Rows": 1282311, "Plan Width": 25, "Inner Unique": true, "Hash Cond": "(mc.movie_id = t.id), (LLVM Optimized)", "Plans": [{"Node Type": "Hash Join", "Parent Relationship": "Outer", "Join Type": "Inner", "Startup Cost": 6968.08, "Total Cost": 71392.69, "Plan Rows": 1282311, "Plan Width": 4, "Inner Unique": true, "Hash Cond": "(mc.company_id = cn.id), (LLVM Optimized)", "Plans": [{"Node Type": "Seq Scan", "Parent Relationship": "Outer", "Relation Name": "movie_companies", "Alias": "mc", "Startup Cost": 0.0, "Total Cost": 41817.28, "Plan Rows": 2609128, "Plan Width": 8}, {"Node Type": "Hash", "Parent Relationship": "Inner", "Startup Cost": 5903.45, "Total Cost": 5903.45, "Plan Rows": 85170, "Plan Width": 4, "Plans": [{"Node Type": "Seq Scan", "Parent Relationship": "Outer", "Relation Name": "company_name", "Alias": "cn", "Startup Cost": 0.0, "Total Cost": 5903.45, "Plan Rows": 85170, "Plan Width": 4, "Filter": "((country_code)::text = '[us]'::text)"}]}]}, {"Node Type": "Hash", "Parent Relationship": "Inner", "Startup Cost": 60069.11, "Total Cost": 60069.11, "Plan Rows": 2528311, "Plan Width": 21, "Plans": [{"Node Type": "Seq Scan", "Parent Relationship": "Outer", "Relation Name": "title", "Alias": "t", "Startup Cost": 0.0, "Total Cost": 60069.11, "Plan Rows": 2528311, "Plan Width": 21}]}]}]}]}]}]}]}, "Unique SQL Id": 2457761703, "Planner Runtime": 164}, "explain_analyze_plan": {"Plan": {"Node Type": "Aggregate", "Strategy": "Plain", "Startup Cost": 532222.07, "Total Cost": 532222.08, "Plan Rows": 1, "Plan Width": 97, "Actual Min Startup Time": 10743.451, "Actual Max Startup Time": 10743.451, "Actual Min Total Time": 10743.451, "Actual Max Total Time": 10743.451, "Plans": [{"Node Type": "Hash Join", "Parent Relationship": "Outer", "Join Type": "Inner", "Startup Cost": 503541.41, "Total Cost": 530436.58, "Plan Rows": 357098, "Plan Width": 33, "Actual Min Startup Time": 8412.444, "Actual Max Startup Time": 8412.444, "Actual Min Total Time": 9624.968, "Actual Max Total Time": 9624.968, "Inner Unique": false, "Hash Cond": "(a1.person_id = n1.id), (LLVM Optimized, Jit Execute)", "Plans": [{"Node Type": "Seq Scan", "Parent Relationship": "Outer", "Relation Name": "aka_name", "Alias": "a1", "Startup Cost": 0.0, "Total Cost": 19908.42, "Plan Rows": 901342, "Plan Width": 20, "Actual Min Startup Time": 0.055, "Actual Max Startup Time": 0.055, "Actual Min Total Time": 231.953, "Actual Max Total Time": 231.953, "Actual Rows": 901342}, {"Node Type": "Hash", "Parent Relationship": "Inner", "Startup Cost": 494660.67, "Total Cost": 494660.67, "Plan Rows": 710459, "Plan Width": 25, "Actual Min Startup Time": 8409.069, "Actual Max Startup Time": 8409.069, "Actual Min Total Time": 8409.069, "Actual Max Total Time": 8409.069, "Max Hash Buckets": 1048576, "Min Hash Buckets": 1048576, "Max Hash Batches": 1, "Min Hash Batches": 1, "Max Original Hash Batches": 1, "Min Original Hash Batches": 1, "Max Peak Memory Usage": 112799, "min Peak Memory Usage": 112799, "Plans": [{"Node Type": "Hash Join", "Parent Relationship": "Outer", "Join Type": "Inner", "Startup Cost": 256421.67, "Total Cost": 494660.67, "Plan Rows": 710459, "Plan Width": 25, "Actual Min Startup Time": 4920.502, "Actual Max Startup Time": 4920.502, "Actual Min Total Time": 7830.913, "Actual Max Total Time": 7830.913, "Inner Unique": false, "Hash Cond": "(ci.movie_id = t.id), (LLVM Optimized, Jit Execute)", "Plans": [{"Node Type": "Streaming(type: LOCAL GATHER dop: 1/64)", "Parent Relationship": "Outer", "Startup Cost": 195218.41, "Total Cost": 404391.07, "Plan Rows": 3296318, "Plan Width": 12, "Actual Min Startup Time": 0.155, "Actual Max Startup Time": 0.155, "Actual Min Total Time": 1174.193, "Actual Max Total Time": 1174.193, "Plans": [{"Node Type": "Hash Join", "Parent Relationship": "Outer", "Join Type": "Inner", "Startup Cost": 195218.41, "Total Cost": 336388.42, "Plan Rows": 3296318, "Plan Width": 12, "Actual Min Startup Time": 183.261, "Actual Max Startup Time": 4647.642, "Actual Min Total Time": 926.5, "Actual Max Total Time": 6870.393, "Inner Unique": true, "Hash Cond": "(ci.person_id = n1.id), (LLVM Optimized, Jit Execute)", "Plans": [{"Node Type": "Streaming(type: LOCAL REDISTRIBUTE dop: 64/64)", "Parent Relationship": "Outer", "Startup Cost": 63002.48, "Total Cost": 203464.29, "Plan Rows": 3296318, "Plan Width": 8, "Actual Min Startup Time": 0.172, "Actual Max Startup Time": 4216.734, "Actual Min Total Time": 710.295, "Actual Max Total Time": 6670.262, "Plans": [{"Node Type": "Hash Join", "Parent Relationship": "Outer", "Join Type": "Inner", "Startup Cost": 63002.48, "Total Cost": 137341.8, "Plan Rows": 3296318, "Plan Width": 8, "Actual Min Startup Time": 151.529, "Actual Max Startup Time": 177.793, "Actual Min Total Time": 241.571, "Actual Max Total Time": 273.463, "Inner Unique": true, "Hash Cond": "(ci.role_id = rt.id), (LLVM Optimized, Jit Execute)", "Plans": [{"Node Type": "Seq Scan", "Parent Relationship": "Outer", "Relation Name": "cast_info", "Alias": "ci", "Startup Cost": 0.0, "Total Cost": 72404.34, "Plan Rows": 36259494, "Plan Width": 12, "Actual Min Startup Time": 0.026, "Actual Max Startup Time": 0.052, "Actual Min Total Time": 128.42, "Actual Max Total Time": 144.022, "Actual Rows": 36244343}, {"Node Type": "Hash", "Parent Relationship": "Inner", "Startup Cost": 63002.47, "Total Cost": 63002.47, "Plan Rows": 64, "Plan Width": 4, "Actual Min Startup Time": 0.011, "Actual Max Startup Time": 14.802, "Actual Min Total Time": 0.011, "Actual Max Total Time": 14.802, "Max Hash Buckets": 32768, "Min Hash Buckets": 32768, "Max Hash Batches": 1, "Min Hash Batches": 1, "Max Original Hash Batches": 1, "Min Original Hash Batches": 1, "Max Peak Memory Usage": 1, "min Peak Memory Usage": 1, "Plans": [{"Node Type": "Streaming(type: BROADCAST dop: 64/1)", "Parent Relationship": "Outer", "Startup Cost": 0.0, "Total Cost": 63002.47, "Plan Rows": 64, "Plan Width": 4, "Actual Min Startup Time": 0.003, "Actual Max Startup Time": 14.772, "Actual Min Total Time": 0.003, "Actual Max Total Time": 14.774, "Plans": [{"Node Type": "Seq Scan", "Parent Relationship": "Outer", "Relation Name": "role_type", "Alias": "rt", "Startup Cost": 0.0, "Total Cost": 1.15, "Plan Rows": 1, "Plan Width": 4, "Actual Min Startup Time": 0.027, "Actual Max Startup Time": 0.027, "Actual Min Total Time": 0.03, "Actual Max Total Time": 0.03, "Filter": "((role)::text = 'writer'::text)", "Rows Removed by Filter": 11, "Actual Rows": 1}], "Actual Rows": 64}], "Actual Rows": 64}], "Actual Rows": 2728943}], "Actual Rows": 2728943}, {"Node Type": "Hash", "Parent Relationship": "Inner", "Startup Cost": 131401.97, "Total Cost": 131401.97, "Plan Rows": 4167490, "Plan Width": 4, "Actual Min Startup Time": 182.95, "Actual Max Startup Time": 484.355, "Actual Min Total Time": 182.95, "Actual Max Total Time": 484.355, "Max Hash Buckets": 65536, "Min Hash Buckets": 65536, "Max Hash Batches": 1, "Min Hash Batches": 1, "Max Original Hash Batches": 1, "Min Original Hash Batches": 1, "Max Peak Memory Usage": 2290, "min Peak Memory Usage": 2290, "Plans": [{"Node Type": "Streaming(type: LOCAL REDISTRIBUTE dop: 64/64)", "Parent Relationship": "Outer", "Startup Cost": 0.0, "Total Cost": 131401.97, "Plan Rows": 4167490, "Plan Width": 4, "Actual Min Startup Time": 0.115, "Actual Max Startup Time": 163.747, "Actual Min Total Time": 154.309, "Actual Max Total Time": 460.619, "Plans": [{"Node Type": "Seq Scan", "Parent Relationship": "Outer", "Relation Name": "name", "Alias": "n1", "Startup Cost": 0.0, "Total Cost": 64454.25, "Plan Rows": 4167490, "Plan Width": 4, "Actual Min Startup Time": 0.016, "Actual Max Startup Time": 0.042, "Actual Min Total Time": 20.141, "Actual Max Total Time": 26.052, "Actual Rows": 4167490}], "Actual Rows": 4167490}], "Actual Rows": 4167490}], "Actual Rows": 2728943}], "Actual Rows": 2728943}, {"Node Type": "Hash", "Parent Relationship": "Inner", "Startup Cost": 180697.47, "Total Cost": 180697.47, "Plan Rows": 1282311, "Plan Width": 25, "Actual Min Startup Time": 4914.069, "Actual Max Startup Time": 4914.069, "Actual Min Total Time": 4914.069, "Actual Max Total Time": 4914.069, "Max Hash Buckets": 2097152, "Min Hash Buckets": 2097152, "Max Hash Batches": 1, "Min Hash Batches": 1, "Max Original Hash Batches": 1, "Min Original Hash Batches": 1, "Max Peak Memory Usage": 68508, "min Peak Memory Usage": 68508, "Plans": [{"Node Type": "Hash Join", "Parent Relationship": "Outer", "Join Type": "Inner", "Startup Cost": 98641.07, "Total Cost": 180697.47, "Plan Rows": 1282311, "Plan Width": 25, "Actual Min Startup Time": 2259.382, "Actual Max Startup Time": 2259.382, "Actual Min Total Time": 4410.608, "Actual Max Total Time": 4410.608, "Inner Unique": true, "Hash Cond": "(mc.movie_id = t.id), (LLVM Optimized, Jit Execute)", "Plans": [{"Node Type": "Hash Join", "Parent Relationship": "Outer", "Join Type": "Inner", "Startup Cost": 6968.08, "Total Cost": 71392.69, "Plan Rows": 1282311, "Plan Width": 4, "Actual Min Startup Time": 113.346, "Actual Max Startup Time": 113.346, "Actual Min Total Time": 1565.064, "Actual Max Total Time": 1565.064, "Inner Unique": true, "Hash Cond": "(mc.company_id = cn.id), (LLVM Optimized, Jit Execute)", "Plans": [{"Node Type": "Seq Scan", "Parent Relationship": "Outer", "Relation Name": "movie_companies", "Alias": "mc", "Startup Cost": 0.0, "Total Cost": 41817.28, "Plan Rows": 2609128, "Plan Width": 8, "Actual Min Startup Time": 0.056, "Actual Max Startup Time": 0.056, "Actual Min Total Time": 615.838, "Actual Max Total Time": 615.838, "Actual Rows": 2609128}, {"Node Type": "Hash", "Parent Relationship": "Inner", "Startup Cost": 5903.45, "Total Cost": 5903.45, "Plan Rows": 85170, "Plan Width": 4, "Actual Min Startup Time": 113.174, "Actual Max Startup Time": 113.174, "Actual Min Total Time": 113.174, "Actual Max Total Time": 113.174, "Max Hash Buckets": 131072, "Min Hash Buckets": 131072, "Max Hash Batches": 1, "Min Hash Batches": 1, "Max Original Hash Batches": 1, "Min Original Hash Batches": 1, "Max Peak Memory Usage": 2983, "min Peak Memory Usage": 2983, "Plans": [{"Node Type": "Seq Scan", "Parent Relationship": "Outer", "Relation Name": "company_name", "Alias": "cn", "Startup Cost": 0.0, "Total Cost": 5903.45, "Plan Rows": 85170, "Plan Width": 4, "Actual Min Startup Time": 0.046, "Actual Max Startup Time": 0.046, "Actual Min Total Time": 90.363, "Actual Max Total Time": 90.363, "Filter": "((country_code)::text = '[us]'::text)", "Rows Removed by Filter": 150153, "Actual Rows": 84843}], "Actual Rows": 84843}], "Actual Rows": 1153797}, {"Node Type": "Hash", "Parent Relationship": "Inner", "Startup Cost": 60069.11, "Total Cost": 60069.11, "Plan Rows": 2528311, "Plan Width": 21, "Actual Min Startup Time": 2143.448, "Actual Max Startup Time": 2143.448, "Actual Min Total Time": 2143.448, "Actual Max Total Time": 2143.448, "Max Hash Buckets": 4194304, "Min Hash Buckets": 4194304, "Max Hash Batches": 1, "Min Hash Batches": 1, "Max Original Hash Batches": 1, "Min Original Hash Batches": 1, "Max Peak Memory Usage": 135869, "min Peak Memory Usage": 135869, "Plans": [{"Node Type": "Seq Scan", "Parent Relationship": "Outer", "Relation Name": "title", "Alias": "t", "Startup Cost": 0.0, "Total Cost": 60069.11, "Plan Rows": 2528311, "Plan Width": 21, "Actual Min Startup Time": 0.023, "Actual Max Startup Time": 0.023, "Actual Min Total Time": 852.648, "Actual Max Total Time": 852.648, "Actual Rows": 2528311}], "Actual Rows": 2528311}], "Actual Rows": 1153797}], "Actual Rows": 1153797}], "Actual Rows": 1970658}], "Actual Rows": 1970658}], "Actual Rows": 2487611}], "Actual Rows": 1}, "Triggers": [], "Planner Runtime": 150, "Total Runtime": 10828.626, "Unique SQL Id": 2457761703}}, "(64, 1)": {"explain_plan": {"Plan": {"Node Type": "Aggregate", "Strategy": "Plain", "Startup Cost": 742749.91, "Total Cost": 742749.92, "Plan Rows": 1, "Plan Width": 97, "Plans": [{"Node Type": "Nested Loop", "Parent Relationship": "Outer", "Join Type": "Inner", "Startup Cost": 571103.99, "Total Cost": 740964.42, "Plan Rows": 357098, "Plan Width": 33, "Inner Unique": true, "Join Filter": "(a1.person_id = n1.id), (LLVM Optimized)", "Plans": [{"Node Type": "Merge Join", "Parent Relationship": "Outer", "Join Type": "Inner", "Startup Cost": 571103.99, "Total Cost": 639470.48, "Plan Rows": 357098, "Plan Width": 41, "Inner Unique": false, "Merge Cond": "(a1.person_id = ci.person_id)", "Plans": [{"Node Type": "Index Scan", "Parent Relationship": "Outer", "Scan Direction": "Forward", "Index Name": "person_id_aka_name", "Relation Name": "aka_name", "Alias": "a1", "Startup Cost": 0.0, "Total Cost": 68965.03, "Plan Rows": 901342, "Plan Width": 20}, {"Node Type": "Sort", "Parent Relationship": "Inner", "Startup Cost": 571103.92, "Total Cost": 572880.07, "Plan Rows": 710459, "Plan Width": 21, "Sort Key": ["ci.person_id"], "Plans": [{"Node Type": "Hash Join", "Parent Relationship": "Outer", "Join Type": "Inner", "Startup Cost": 301568.43, "Total Cost": 502053.02, "Plan Rows": 710459, "Plan Width": 21, "Inner Unique": false, "Hash Cond": "(ci.movie_id = t.id), (LLVM Optimized)", "Plans": [{"Node Type": "Nested Loop", "Parent Relationship": "Outer", "Join Type": "Inner", "Startup Cost": 0.0, "Total Cost": 171418.25, "Plan Rows": 3296318, "Plan Width": 8, "Inner Unique": false, "Plans": [{"Node Type": "Index Scan", "Parent Relationship": "Outer", "Scan Direction": "Forward", "Index Name": "role_type_pkey", "Relation Name": "role_type", "Alias": "rt", "Startup Cost": 0.0, "Total Cost": 12.46, "Plan Rows": 1, "Plan Width": 4, "Filter": "((role)::text = 'writer'::text)"}, {"Node Type": "Index Scan", "Parent Relationship": "Inner", "Scan Direction": "Forward", "Index Name": "role_id_cast_info", "Relation Name": "cast_info", "Alias": "ci", "Startup Cost": 0.0, "Total Cost": 138442.61, "Plan Rows": 3296318, "Plan Width": 12, "Index Cond": "(role_id = rt.id), (LLVM Optimized)"}]}, {"Node Type": "Hash", "Parent Relationship": "Inner", "Startup Cost": 285539.54, "Total Cost": 285539.54, "Plan Rows": 1282311, "Plan Width": 25, "Plans": [{"Node Type": "Hash Join", "Parent Relationship": "Outer", "Join Type": "Inner", "Startup Cost": 203483.15, "Total Cost": 285539.54, "Plan Rows": 1282311, "Plan Width": 25, "Inner Unique": true, "Hash Cond": "(mc.movie_id = t.id), (LLVM Optimized)", "Plans": [{"Node Type": "Hash Join", "Parent Relationship": "Outer", "Join Type": "Inner", "Startup Cost": 61758.77, "Total Cost": 126183.39, "Plan Rows": 1282311, "Plan Width": 4, "Inner Unique": true, "Hash Cond": "(mc.company_id = cn.id), (LLVM Optimized)", "Plans": [{"Node Type": "Bitmap Heap Scan", "Parent Relationship": "Outer", "Relation Name": "movie_companies", "Alias": "mc", "Startup Cost": 51990.17, "Total Cost": 93807.45, "Plan Rows": 2609128, "Plan Width": 8, "Plans": [{"Node Type": "Bitmap Index Scan", "Parent Relationship": "Outer", "Index Name": "movie_id_movie_companies", "Startup Cost": 0.0, "Total Cost": 51337.89, "Plan Rows": 2609128, "Plan Width": 0}]}, {"Node Type": "Hash", "Parent Relationship": "Inner", "Startup Cost": 8703.97, "Total Cost": 8703.97, "Plan Rows": 85170, "Plan Width": 4, "Plans": [{"Node Type": "Bitmap Heap Scan", "Parent Relationship": "Outer", "Relation Name": "company_name", "Alias": "cn", "Startup Cost": 2800.52, "Total Cost": 8703.97, "Plan Rows": 85170, "Plan Width": 4, "Filter": "((country_code)::text = '[us]'::text)", "Plans": [{"Node Type": "Bitmap Index Scan", "Parent Relationship": "Outer", "Index Name": "company_name_pkey", "Startup Cost": 0.0, "Total Cost": 2779.23, "Plan Rows": 234996, "Plan Width": 0}]}]}]}, {"Node Type": "Hash", "Parent Relationship": "Inner", "Startup Cost": 110120.49, "Total Cost": 110120.49, "Plan Rows": 2528311, "Plan Width": 21, "Plans": [{"Node Type": "Index Scan", "Parent Relationship": "Outer", "Scan Direction": "Forward", "Index Name": "title_pkey", "Relation Name": "title", "Alias": "t", "Startup Cost": 0.0, "Total Cost": 110120.49, "Plan Rows": 2528311, "Plan Width": 21}]}]}]}]}]}]}, {"Node Type": "Index Only Scan", "Parent Relationship": "Inner", "Scan Direction": "Forward", "Index Name": "name_pkey", "Relation Name": "name", "Alias": "n1", "Startup Cost": 0.0, "Total Cost": 0.27, "Plan Rows": 1, "Plan Width": 4, "Index Cond": "(id = ci.person_id)"}]}]}, "Unique SQL Id": 2457761703, "Planner Runtime": 147}, "explain_analyze_plan": null}, "(64, 2)": {"explain_plan": {"Plan": {"Node Type": "Aggregate", "Strategy": "Plain", "Startup Cost": 528738.29, "Total Cost": 528738.3, "Plan Rows": 1, "Plan Width": 97, "Plans": [{"Node Type": "Hash Join", "Parent Relationship": "Outer", "Join Type": "Inner", "Startup Cost": 336662.4, "Total Cost": 526952.8, "Plan Rows": 357098, "Plan Width": 33, "Inner Unique": true, "Hash Cond": "(mc.company_id = cn.id), (LLVM Optimized)", "Plans": [{"Node Type": "Hash Join", "Parent Relationship": "Outer", "Join Type": "Inner", "Startup Cost": 329694.33, "Total Cost": 513689.03, "Plan Rows": 726589, "Plan Width": 37, "Inner Unique": false, "Hash Cond": "(ci.movie_id = t.id), (LLVM Optimized)", "Plans": [{"Node Type": "Streaming(type: LOCAL GATHER dop: 1/64)", "Parent Relationship": "Outer", "Startup Cost": 254738.78, "Total Cost": 417857.9, "Plan Rows": 1484588, "Plan Width": 20, "Plans": [{"Node Type": "Hash Join", "Parent Relationship": "Outer", "Join Type": "Inner", "Startup Cost": 254738.78, "Total Cost": 387231.02, "Plan Rows": 1484588, "Plan Width": 20, "Inner Unique": false, "Hash Cond": "(a1.person_id = ci.person_id), (LLVM Optimized)", "Plans": [{"Node Type": "Streaming(type: LOCAL REDISTRIBUTE dop: 64/1)", "Parent Relationship": "Outer", "Startup Cost": 202522.7, "Total Cost": 334446.0, "Plan Rows": 901342, "Plan Width": 24, "Plans": [{"Node Type": "Hash Join", "Parent Relationship": "Outer", "Join Type": "Inner", "Startup Cost": 202522.7, "Total Cost": 234824.58, "Plan Rows": 901342, "Plan Width": 24, "Inner Unique": true, "Hash Cond": "(a1.person_id = n1.id), (LLVM Optimized)", "Plans": [{"Node Type": "Seq Scan", "Parent Relationship": "Outer", "Relation Name": "aka_name", "Alias": "a1", "Startup Cost": 0.0, "Total Cost": 19908.42, "Plan Rows": 901342, "Plan Width": 20}, {"Node Type": "Hash", "Parent Relationship": "Inner", "Startup Cost": 150429.08, "Total Cost": 150429.08, "Plan Rows": 4167490, "Plan Width": 4, "Plans": [{"Node Type": "Streaming(type: LOCAL GATHER dop: 1/64)", "Parent Relationship": "Outer", "Startup Cost": 0.0, "Total Cost": 150429.08, "Plan Rows": 4167490, "Plan Width": 4, "Plans": [{"Node Type": "Seq Scan", "Parent Relationship": "Outer", "Relation Name": "name", "Alias": "n1", "Startup Cost": 0.0, "Total Cost": 64454.25, "Plan Rows": 4167490, "Plan Width": 4}]}]}]}]}, {"Node Type": "Hash", "Parent Relationship": "Inner", "Startup Cost": 203464.29, "Total Cost": 203464.29, "Plan Rows": 3296318, "Plan Width": 8, "Plans": [{"Node Type": "Streaming(type: LOCAL REDISTRIBUTE dop: 64/64)", "Parent Relationship": "Outer", "Startup Cost": 63002.48, "Total Cost": 203464.29, "Plan Rows": 3296318, "Plan Width": 8, "Plans": [{"Node Type": "Hash Join", "Parent Relationship": "Outer", "Join Type": "Inner", "Startup Cost": 63002.48, "Total Cost": 137341.8, "Plan Rows": 3296318, "Plan Width": 8, "Inner Unique": true, "Hash Cond": "(ci.role_id = rt.id), (LLVM Optimized)", "Plans": [{"Node Type": "Seq Scan", "Parent Relationship": "Outer", "Relation Name": "cast_info", "Alias": "ci", "Startup Cost": 0.0, "Total Cost": 72404.34, "Plan Rows": 36259494, "Plan Width": 12}, {"Node Type": "Hash", "Parent Relationship": "Inner", "Startup Cost": 63002.47, "Total Cost": 63002.47, "Plan Rows": 64, "Plan Width": 4, "Plans": [{"Node Type": "Streaming(type: BROADCAST dop: 64/1)", "Parent Relationship": "Outer", "Startup Cost": 0.0, "Total Cost": 63002.47, "Plan Rows": 64, "Plan Width": 4, "Plans": [{"Node Type": "Seq Scan", "Parent Relationship": "Outer", "Relation Name": "role_type", "Alias": "rt", "Startup Cost": 0.0, "Total Cost": 1.15, "Plan Rows": 1, "Plan Width": 4, "Filter": "((role)::text = 'writer'::text)"}]}]}]}]}]}]}]}, {"Node Type": "Hash", "Parent Relationship": "Inner", "Startup Cost": 169365.79, "Total Cost": 169365.79, "Plan Rows": 2609128, "Plan Width": 29, "Plans": [{"Node Type": "Hash Join", "Parent Relationship": "Outer", "Join Type": "Inner", "Startup Cost": 91673.0, "Total Cost": 169365.79, "Plan Rows": 2609128, "Plan Width": 29, "Inner Unique": true, "Hash Cond": "(mc.movie_id = t.id), (LLVM Optimized)", "Plans": [{"Node Type": "Seq Scan", "Parent Relationship": "Outer", "Relation Name": "movie_companies", "Alias": "mc", "Startup Cost": 0.0, "Total Cost": 41817.28, "Plan Rows": 2609128, "Plan Width": 8}, {"Node Type": "Hash", "Parent Relationship": "Inner", "Startup Cost": 60069.11, "Total Cost": 60069.11, "Plan Rows": 2528311, "Plan Width": 21, "Plans": [{"Node Type": "Seq Scan", "Parent Relationship": "Outer", "Relation Name": "title", "Alias": "t", "Startup Cost": 0.0, "Total Cost": 60069.11, "Plan Rows": 2528311, "Plan Width": 21}]}]}]}]}, {"Node Type": "Hash", "Parent Relationship": "Inner", "Startup Cost": 5903.45, "Total Cost": 5903.45, "Plan Rows": 85170, "Plan Width": 4, "Plans": [{"Node Type": "Seq Scan", "Parent Relationship": "Outer", "Relation Name": "company_name", "Alias": "cn", "Startup Cost": 0.0, "Total Cost": 5903.45, "Plan Rows": 85170, "Plan Width": 4, "Filter": "((country_code)::text = '[us]'::text)"}]}]}]}, "Unique SQL Id": 2457761703, "Planner Runtime": 179}, "explain_analyze_plan": {"Plan": {"Node Type": "Aggregate", "Strategy": "Plain", "Startup Cost": 528738.29, "Total Cost": 528738.3, "Plan Rows": 1, "Plan Width": 97, "Actual Min Startup Time": 10653.339, "Actual Max Startup Time": 10653.339, "Actual Min Total Time": 10653.34, "Actual Max Total Time": 10653.34, "Plans": [{"Node Type": "Hash Join", "Parent Relationship": "Outer", "Join Type": "Inner", "Startup Cost": 336662.4, "Total Cost": 526952.8, "Plan Rows": 357098, "Plan Width": 33, "Actual Min Startup Time": 5045.785, "Actual Max Startup Time": 5045.785, "Actual Min Total Time": 9470.761, "Actual Max Total Time": 9470.761, "Inner Unique": true, "Hash Cond": "(mc.company_id = cn.id), (LLVM Optimized, Jit Execute)", "Plans": [{"Node Type": "Hash Join", "Parent Relationship": "Outer", "Join Type": "Inner", "Startup Cost": 329694.33, "Total Cost": 513689.03, "Plan Rows": 726589, "Plan Width": 37, "Actual Min Startup Time": 4932.473, "Actual Max Startup Time": 4932.473, "Actual Min Total Time": 8014.504, "Actual Max Total Time": 8014.504, "Inner Unique": false, "Hash Cond": "(ci.movie_id = t.id), (LLVM Optimized, Jit Execute)", "Plans": [{"Node Type": "Streaming(type: LOCAL GATHER dop: 1/64)", "Parent Relationship": "Outer", "Startup Cost": 254738.78, "Total Cost": 417857.9, "Plan Rows": 1484588, "Plan Width": 20, "Actual Min Startup Time": 0.149, "Actual Max Startup Time": 0.149, "Actual Min Total Time": 1136.935, "Actual Max Total Time": 1136.935, "Plans": [{"Node Type": "Hash Join", "Parent Relationship": "Outer", "Join Type": "Inner", "Startup Cost": 254738.78, "Total Cost": 387231.02, "Plan Rows": 1484588, "Plan Width": 20, "Actual Min Startup Time": 2400.847, "Actual Max Startup Time": 4561.54, "Actual Min Total Time": 6405.607, "Actual Max Total Time": 9204.271, "Inner Unique": false, "Hash Cond": "(a1.person_id = ci.person_id), (LLVM Optimized, Jit Execute)", "Plans": [{"Node Type": "Streaming(type: LOCAL REDISTRIBUTE dop: 64/1)", "Parent Relationship": "Outer", "Startup Cost": 202522.7, "Total Cost": 334446.0, "Plan Rows": 901342, "Plan Width": 24, "Actual Min Startup Time": 2082.179, "Actual Max Startup Time": 4189.143, "Actual Min Total Time": 5973.318, "Actual Max Total Time": 8689.53, "Plans": [{"Node Type": "Hash Join", "Parent Relationship": "Outer", "Join Type": "Inner", "Startup Cost": 202522.7, "Total Cost": 234824.58, "Plan Rows": 901342, "Plan Width": 24, "Actual Min Startup Time": 2391.386, "Actual Max Startup Time": 2391.386, "Actual Min Total Time": 3134.379, "Actual Max Total Time": 3134.379, "Inner Unique": true, "Hash Cond": "(a1.person_id = n1.id), (LLVM Optimized, Jit Execute)", "Plans": [{"Node Type": "Seq Scan", "Parent Relationship": "Outer", "Relation Name": "aka_name", "Alias": "a1", "Startup Cost": 0.0, "Total Cost": 19908.42, "Plan Rows": 901342, "Plan Width": 20, "Actual Min Startup Time": 0.031, "Actual Max Startup Time": 0.031, "Actual Min Total Time": 226.0, "Actual Max Total Time": 226.0, "Actual Rows": 901342}, {"Node Type": "Hash", "Parent Relationship": "Inner", "Startup Cost": 150429.08, "Total Cost": 150429.08, "Plan Rows": 4167490, "Plan Width": 4, "Actual Min Startup Time": 2388.72, "Actual Max Startup Time": 2388.72, "Actual Min Total Time": 2388.72, "Actual Max Total Time": 2388.72, "Max Hash Buckets": 4194304, "Min Hash Buckets": 4194304, "Max Hash Batches": 1, "Min Hash Batches": 1, "Max Original Hash Batches": 1, "Min Original Hash Batches": 1, "Max Peak Memory Usage": 146514, "min Peak Memory Usage": 146514, "Plans": [{"Node Type": "Streaming(type: LOCAL GATHER dop: 1/64)", "Parent Relationship": "Outer", "Startup Cost": 0.0, "Total Cost": 150429.08, "Plan Rows": 4167490, "Plan Width": 4, "Actual Min Startup Time": 0.144, "Actual Max Startup Time": 0.144, "Actual Min Total Time": 1203.473, "Actual Max Total Time": 1203.473, "Plans": [{"Node Type": "Seq Scan", "Parent Relationship": "Outer", "Relation Name": "name", "Alias": "n1", "Startup Cost": 0.0, "Total Cost": 64454.25, "Plan Rows": 4167490, "Plan Width": 4, "Actual Min Startup Time": 0.019, "Actual Max Startup Time": 0.041, "Actual Min Total Time": 18.918, "Actual Max Total Time": 22.367, "Actual Rows": 4167490}], "Actual Rows": 4167490}], "Actual Rows": 4167490}], "Actual Rows": 901342}], "Actual Rows": 901342}, {"Node Type": "Hash", "Parent Relationship": "Inner", "Startup Cost": 203464.29, "Total Cost": 203464.29, "Plan Rows": 3296318, "Plan Width": 8, "Actual Min Startup Time": 314.974, "Actual Max Startup Time": 620.859, "Actual Min Total Time": 314.974, "Actual Max Total Time": 620.859, "Max Hash Buckets": 65536, "Min Hash Buckets": 65536, "Max Hash Batches": 1, "Min Hash Batches": 1, "Max Original Hash Batches": 1, "Min Original Hash Batches": 1, "Max Peak Memory Usage": 1483, "min Peak Memory Usage": 1483, "Plans": [{"Node Type": "Streaming(type: LOCAL REDISTRIBUTE dop: 64/64)", "Parent Relationship": "Outer", "Startup Cost": 63002.48, "Total Cost": 203464.29, "Plan Rows": 3296318, "Plan Width": 8, "Actual Min Startup Time": 0.106, "Actual Max Startup Time": 297.598, "Actual Min Total Time": 304.117, "Actual Max Total Time": 610.951, "Plans": [{"Node Type": "Hash Join", "Parent Relationship": "Outer", "Join Type": "Inner", "Startup Cost": 63002.48, "Total Cost": 137341.8, "Plan Rows": 3296318, "Plan Width": 8, "Actual Min Startup Time": 151.808, "Actual Max Startup Time": 321.453, "Actual Min Total Time": 242.856, "Actual Max Total Time": 411.34, "Inner Unique": true, "Hash Cond": "(ci.role_id = rt.id), (LLVM Optimized, Jit Execute)", "Plans": [{"Node Type": "Seq Scan", "Parent Relationship": "Outer", "Relation Name": "cast_info", "Alias": "ci", "Startup Cost": 0.0, "Total Cost": 72404.34, "Plan Rows": 36259494, "Plan Width": 12, "Actual Min Startup Time": 0.025, "Actual Max Startup Time": 9.439, "Actual Min Total Time": 127.377, "Actual Max Total Time": 144.233, "Actual Rows": 36244343}, {"Node Type": "Hash", "Parent Relationship": "Inner", "Startup Cost": 63002.47, "Total Cost": 63002.47, "Plan Rows": 64, "Plan Width": 4, "Actual Min Startup Time": 0.011, "Actual Max Startup Time": 159.839, "Actual Min Total Time": 0.011, "Actual Max Total Time": 159.839, "Max Hash Buckets": 32768, "Min Hash Buckets": 32768, "Max Hash Batches": 1, "Min Hash Batches": 1, "Max Original Hash Batches": 1, "Min Original Hash Batches": 1, "Max Peak Memory Usage": 1, "min Peak Memory Usage": 1, "Plans": [{"Node Type": "Streaming(type: BROADCAST dop: 64/1)", "Parent Relationship": "Outer", "Startup Cost": 0.0, "Total Cost": 63002.47, "Plan Rows": 64, "Plan Width": 4, "Actual Min Startup Time": 0.003, "Actual Max Startup Time": 159.19, "Actual Min Total Time": 0.003, "Actual Max Total Time": 159.194, "Plans": [{"Node Type": "Seq Scan", "Parent Relationship": "Outer", "Relation Name": "role_type", "Alias": "rt", "Startup Cost": 0.0, "Total Cost": 1.15, "Plan Rows": 1, "Plan Width": 4, "Actual Min Startup Time": 0.04, "Actual Max Startup Time": 0.04, "Actual Min Total Time": 0.044, "Actual Max Total Time": 0.044, "Filter": "((role)::text = 'writer'::text)", "Rows Removed by Filter": 11, "Actual Rows": 1}], "Actual Rows": 64}], "Actual Rows": 64}], "Actual Rows": 2728943}], "Actual Rows": 2728943}], "Actual Rows": 2728943}], "Actual Rows": 2343724}], "Actual Rows": 2343724}, {"Node Type": "Hash", "Parent Relationship": "Inner", "Startup Cost": 169365.79, "Total Cost": 169365.79, "Plan Rows": 2609128, "Plan Width": 29, "Actual Min Startup Time": 4926.029, "Actual Max Startup Time": 4926.029, "Actual Min Total Time": 4926.029, "Actual Max Total Time": 4926.029, "Max Hash Buckets": 4194304, "Min Hash Buckets": 4194304, "Max Hash Batches": 1, "Min Hash Batches": 1, "Max Original Hash Batches": 1, "Min Original Hash Batches": 1, "Max Peak Memory Usage": 164769, "min Peak Memory Usage": 164769, "Plans": [{"Node Type": "Hash Join", "Parent Relationship": "Outer", "Join Type": "Inner", "Startup Cost": 91673.0, "Total Cost": 169365.79, "Plan Rows": 2609128, "Plan Width": 29, "Actual Min Startup Time": 1869.664, "Actual Max Startup Time": 1869.664, "Actual Min Total Time": 3974.511, "Actual Max Total Time": 3974.511, "Inner Unique": true, "Hash Cond": "(mc.movie_id = t.id), (LLVM Optimized, Jit Execute)", "Plans": [{"Node Type": "Seq Scan", "Parent Relationship": "Outer", "Relation Name": "movie_companies", "Alias": "mc", "Startup Cost": 0.0, "Total Cost": 41817.28, "Plan Rows": 2609128, "Plan Width": 8, "Actual Min Startup Time": 0.034, "Actual Max Startup Time": 0.034, "Actual Min Total Time": 573.13, "Actual Max Total Time": 573.13, "Actual Rows": 2609128}, {"Node Type": "Hash", "Parent Relationship": "Inner", "Startup Cost": 60069.11, "Total Cost": 60069.11, "Plan Rows": 2528311, "Plan Width": 21, "Actual Min Startup Time": 1867.154, "Actual Max Startup Time": 1867.154, "Actual Min Total Time": 1867.154, "Actual Max Total Time": 1867.154, "Max Hash Buckets": 4194304, "Min Hash Buckets": 4194304, "Max Hash Batches": 1, "Min Hash Batches": 1, "Max Original Hash Batches": 1, "Min Original Hash Batches": 1, "Max Peak Memory Usage": 135869, "min Peak Memory Usage": 135869, "Plans": [{"Node Type": "Seq Scan", "Parent Relationship": "Outer", "Relation Name": "title", "Alias": "t", "Startup Cost": 0.0, "Total Cost": 60069.11, "Plan Rows": 2528311, "Plan Width": 21, "Actual Min Startup Time": 0.025, "Actual Max Startup Time": 0.025, "Actual Min Total Time": 832.832, "Actual Max Total Time": 832.832, "Actual Rows": 2528311}], "Actual Rows": 2528311}], "Actual Rows": 2609128}], "Actual Rows": 2609128}], "Actual Rows": 4961427}, {"Node Type": "Hash", "Parent Relationship": "Inner", "Startup Cost": 5903.45, "Total Cost": 5903.45, "Plan Rows": 85170, "Plan Width": 4, "Actual Min Startup Time": 113.153, "Actual Max Startup Time": 113.153, "Actual Min Total Time": 113.153, "Actual Max Total Time": 113.153, "Max Hash Buckets": 131072, "Min Hash Buckets": 131072, "Max Hash Batches": 1, "Min Hash Batches": 1, "Max Original Hash Batches": 1, "Min Original Hash Batches": 1, "Max Peak Memory Usage": 2983, "min Peak Memory Usage": 2983, "Plans": [{"Node Type": "Seq Scan", "Parent Relationship": "Outer", "Relation Name": "company_name", "Alias": "cn", "Startup Cost": 0.0, "Total Cost": 5903.45, "Plan Rows": 85170, "Plan Width": 4, "Actual Min Startup Time": 0.07, "Actual Max Startup Time": 0.07, "Actual Min Total Time": 89.97, "Actual Max Total Time": 89.97, "Filter": "((country_code)::text = '[us]'::text)", "Rows Removed by Filter": 150153, "Actual Rows": 84843}], "Actual Rows": 84843}], "Actual Rows": 2487611}], "Actual Rows": 1}, "Triggers": [], "Planner Runtime": 172, "Total Runtime": 10708.533, "Unique SQL Id": 2457761703}}, "(64, 3)": {"explain_plan": {"Plan": {"Node Type": "Aggregate", "Strategy": "Plain", "Startup Cost": 1013578.73, "Total Cost": 1013578.74, "Plan Rows": 1, "Plan Width": 97, "Plans": [{"Node Type": "Hash Join", "Parent Relationship": "Outer", "Join Type": "Inner", "Startup Cost": 985285.55, "Total Cost": 1011793.24, "Plan Rows": 357098, "Plan Width": 33, "Inner Unique": false, "Hash Cond": "(a1.person_id = n1.id), (LLVM Optimized)", "Plans": [{"Node Type": "Bitmap Heap Scan", "Parent Relationship": "Outer", "Relation Name": "aka_name", "Alias": "a1", "Startup Cost": 16632.3, "Total Cost": 36540.72, "Plan Rows": 901342, "Plan Width": 20, "Plans": [{"Node Type": "Bitmap Index Scan", "Parent Relationship": "Outer", "Index Name": "person_id_aka_name", "Startup Cost": 0.0, "Total Cost": 16406.96, "Plan Rows": 901342, "Plan Width": 0}]}, {"Node Type": "Hash", "Parent Relationship": "Inner", "Startup Cost": 959772.51, "Total Cost": 959772.51, "Plan Rows": 710459, "Plan Width": 25, "Plans": [{"Node Type": "Hash Join", "Parent Relationship": "Outer", "Join Type": "Inner", "Startup Cost": 607483.06, "Total Cost": 959772.51, "Plan Rows": 710459, "Plan Width": 25, "Inner Unique": true, "Hash Cond": "(ci.person_id = n1.id), (LLVM Optimized)", "Plans": [{"Node Type": "Hash Join", "Parent Relationship": "Outer", "Join Type": "Inner", "Startup Cost": 378117.96, "Total Cost": 720638.61, "Plan Rows": 710459, "Plan Width": 21, "Inner Unique": false, "Hash Cond": "(ci.movie_id = t.id), (LLVM Optimized)", "Plans": [{"Node Type": "Nested Loop", "Parent Relationship": "Outer", "Join Type": "Inner", "Startup Cost": 76315.02, "Total Cost": 389769.33, "Plan Rows": 3296318, "Plan Width": 8, "Inner Unique": false, "Plans": [{"Node Type": "Bitmap Heap Scan", "Parent Relationship": "Outer", "Relation Name": "role_type", "Alias": "rt", "Startup Cost": 8.31, "Total Cost": 12.46, "Plan Rows": 1, "Plan Width": 4, "Filter": "((role)::text = 'writer'::text)", "Plans": [{"Node Type": "Bitmap Index Scan", "Parent Relationship": "Outer", "Index Name": "role_type_pkey", "Startup Cost": 0.0, "Total Cost": 8.31, "Plan Rows": 12, "Plan Width": 0}]}, {"Node Type": "Bitmap Heap Scan", "Parent Relationship": "Inner", "Relation Name": "cast_info", "Alias": "ci", "Startup Cost": 76306.71, "Total Cost": 356793.69, "Plan Rows": 3296318, "Plan Width": 12, "Recheck Cond": "(role_id = rt.id), (LLVM Optimized)", "Plans": [{"Node Type": "Bitmap Index Scan", "Parent Relationship": "Outer", "Index Name": "role_id_cast_info", "Startup Cost": 0.0, "Total Cost": 75482.63, "Plan Rows": 3296318, "Plan Width": 0, "Index Cond": "(role_id = rt.id)"}]}]}, {"Node Type": "Hash", "Parent Relationship": "Inner", "Startup Cost": 285774.05, "Total Cost": 285774.05, "Plan Rows": 1282311, "Plan Width": 25, "Plans": [{"Node Type": "Hash Join", "Parent Relationship": "Outer", "Join Type": "Inner", "Startup Cost": 203717.65, "Total Cost": 285774.05, "Plan Rows": 1282311, "Plan Width": 25, "Inner Unique": true, "Hash Cond": "(mc.movie_id = t.id), (LLVM Optimized)", "Plans": [{"Node Type": "Hash Join", "Parent Relationship": "Outer", "Join Type": "Inner", "Startup Cost": 61758.77, "Total Cost": 126183.39, "Plan Rows": 1282311, "Plan Width": 4, "Inner Unique": true, "Hash Cond": "(mc.company_id = cn.id), (LLVM Optimized)", "Plans": [{"Node Type": "Bitmap Heap Scan", "Parent Relationship": "Outer", "Relation Name": "movie_companies", "Alias": "mc", "Startup Cost": 51990.17, "Total Cost": 93807.45, "Plan Rows": 2609128, "Plan Width": 8, "Plans": [{"Node Type": "Bitmap Index Scan", "Parent Relationship": "Outer", "Index Name": "movie_id_movie_companies", "Startup Cost": 0.0, "Total Cost": 51337.89, "Plan Rows": 2609128, "Plan Width": 0}]}, {"Node Type": "Hash", "Parent Relationship": "Inner", "Startup Cost": 8703.97, "Total Cost": 8703.97, "Plan Rows": 85170, "Plan Width": 4, "Plans": [{"Node Type": "Bitmap Heap Scan", "Parent Relationship": "Outer", "Relation Name": "company_name", "Alias": "cn", "Startup Cost": 2800.52, "Total Cost": 8703.97, "Plan Rows": 85170, "Plan Width": 4, "Filter": "((country_code)::text = '[us]'::text)", "Plans": [{"Node Type": "Bitmap Index Scan", "Parent Relationship": "Outer", "Index Name": "company_name_pkey", "Startup Cost": 0.0, "Total Cost": 2779.23, "Plan Rows": 234996, "Plan Width": 0}]}]}]}, {"Node Type": "Hash", "Parent Relationship": "Inner", "Startup Cost": 110354.99, "Total Cost": 110354.99, "Plan Rows": 2528311, "Plan Width": 21, "Plans": [{"Node Type": "Bitmap Heap Scan", "Parent Relationship": "Outer", "Relation Name": "title", "Alias": "t", "Startup Cost": 50285.88, "Total Cost": 110354.99, "Plan Rows": 2528311, "Plan Width": 21, "Plans": [{"Node Type": "Bitmap Index Scan", "Parent Relationship": "Outer", "Index Name": "title_pkey", "Startup Cost": 0.0, "Total Cost": 49653.81, "Plan Rows": 2528311, "Plan Width": 0}]}]}]}]}]}, {"Node Type": "Hash", "Parent Relationship": "Inner", "Startup Cost": 177271.47, "Total Cost": 177271.47, "Plan Rows": 4167490, "Plan Width": 4, "Plans": [{"Node Type": "Bitmap Heap Scan", "Parent Relationship": "Outer", "Relation Name": "name", "Alias": "n1", "Startup Cost": 84199.57, "Total Cost": 177271.47, "Plan Rows": 4167490, "Plan Width": 4, "Plans": [{"Node Type": "Bitmap Index Scan", "Parent Relationship": "Outer", "Index Name": "name_pkey", "Startup Cost": 0.0, "Total Cost": 83157.7, "Plan Rows": 4167490, "Plan Width": 0}]}]}]}]}]}]}, "Unique SQL Id": 2457761703, "Planner Runtime": 75}, "explain_analyze_plan": {"Plan": {"Node Type": "Aggregate", "Strategy": "Plain", "Startup Cost": 1013578.73, "Total Cost": 1013578.74, "Plan Rows": 1, "Plan Width": 97, "Actual Startup Time": 16862.492, "Actual Total Time": 16862.492, "Actual Rows": 1, "Actual Loops": 1, "Plans": [{"Node Type": "Hash Join", "Parent Relationship": "Outer", "Join Type": "Inner", "Startup Cost": 985285.55, "Total Cost": 1011793.24, "Plan Rows": 357098, "Plan Width": 33, "Actual Startup Time": 14323.785, "Actual Total Time": 15724.573, "Actual Rows": 2487611, "Actual Loops": 1, "Inner Unique": false, "Hash Cond": "(a1.person_id = n1.id), (LLVM Optimized, Jit Execute)", "Plans": [{"Node Type": "Bitmap Heap Scan", "Parent Relationship": "Outer", "Relation Name": "aka_name", "Alias": "a1", "Startup Cost": 16632.3, "Total Cost": 36540.72, "Plan Rows": 901342, "Plan Width": 20, "Actual Startup Time": 102.848, "Actual Total Time": 449.182, "Actual Rows": 901342, "Actual Loops": 1, "Exact Heap Blocks": 10895, "Lossy Heap Blocks": 10895, "Plans": [{"Node Type": "Bitmap Index Scan", "Parent Relationship": "Outer", "Index Name": "person_id_aka_name", "Startup Cost": 0.0, "Total Cost": 16406.96, "Plan Rows": 901342, "Plan Width": 0, "Actual Startup Time": 100.9, "Actual Total Time": 100.9, "Actual Rows": 901342, "Actual Loops": 1}]}, {"Node Type": "Hash", "Parent Relationship": "Inner", "Startup Cost": 959772.51, "Total Cost": 959772.51, "Plan Rows": 710459, "Plan Width": 25, "Actual Startup Time": 14215.549, "Actual Total Time": 14215.549, "Actual Rows": 1970658, "Actual Loops": 1, "Hash Buckets": 1048576, "Hash Batches": 1, "Original Hash Batches": 1, "Peak Memory Usage": 112799, "Plans": [{"Node Type": "Hash Join", "Parent Relationship": "Outer", "Join Type": "Inner", "Startup Cost": 607483.06, "Total Cost": 959772.51, "Plan Rows": 710459, "Plan Width": 25, "Actual Startup Time": 10075.48, "Actual Total Time": 13607.521, "Actual Rows": 1970658, "Actual Loops": 1, "Inner Unique": true, "Hash Cond": "(ci.person_id = n1.id), (LLVM Optimized, Jit Execute)", "Plans": [{"Node Type": "Hash Join", "Parent Relationship": "Outer", "Join Type": "Inner", "Startup Cost": 378117.96, "Total Cost": 720638.61, "Plan Rows": 710459, "Plan Width": 21, "Actual Startup Time": 5761.347, "Actual Total Time": 8502.541, "Actual Rows": 1970658, "Actual Loops": 1, "Inner Unique": false, "Hash Cond": "(ci.movie_id = t.id), (LLVM Optimized, Jit Execute)", "Plans": [{"Node Type": "Nested Loop", "Parent Relationship": "Outer", "Join Type": "Inner", "Startup Cost": 76315.02, "Total Cost": 389769.33, "Plan Rows": 3296318, "Plan Width": 8, "Actual Startup Time": 304.881, "Actual Total Time": 1662.16, "Actual Rows": 2728943, "Actual Loops": 1, "Inner Unique": false, "Plans": [{"Node Type": "Bitmap Heap Scan", "Parent Relationship": "Outer", "Relation Name": "role_type", "Alias": "rt", "Startup Cost": 8.31, "Total Cost": 12.46, "Plan Rows": 1, "Plan Width": 4, "Actual Startup Time": 0.09, "Actual Total Time": 0.108, "Actual Rows": 1, "Actual Loops": 1, "Filter": "((role)::text = 'writer'::text)", "Rows Removed by Filter": 11, "Exact Heap Blocks": 1, "Lossy Heap Blocks": 1, "Plans": [{"Node Type": "Bitmap Index Scan", "Parent Relationship": "Outer", "Index Name": "role_type_pkey", "Startup Cost": 0.0, "Total Cost": 8.31, "Plan Rows": 12, "Plan Width": 0, "Actual Startup Time": 0.027, "Actual Total Time": 0.027, "Actual Rows": 12, "Actual Loops": 1}]}, {"Node Type": "Bitmap Heap Scan", "Parent Relationship": "Inner", "Relation Name": "cast_info", "Alias": "ci", "Startup Cost": 76306.71, "Total Cost": 356793.69, "Plan Rows": 3296318, "Plan Width": 12, "Actual Startup Time": 304.767, "Actual Total Time": 1172.992, "Actual Rows": 2728943, "Actual Loops": 1, "Recheck Cond": "(role_id = rt.id), (LLVM Optimized, Jit Execute)", "Rows Removed by Index Recheck": 0, "Exact Heap Blocks": 19177, "Lossy Heap Blocks": 19177, "Plans": [{"Node Type": "Bitmap Index Scan", "Parent Relationship": "Outer", "Index Name": "role_id_cast_info", "Startup Cost": 0.0, "Total Cost": 75482.63, "Plan Rows": 3296318, "Plan Width": 0, "Actual Startup Time": 300.404, "Actual Total Time": 300.404, "Actual Rows": 2728943, "Actual Loops": 1, "Index Cond": "(role_id = rt.id)"}]}]}, {"Node Type": "Hash", "Parent Relationship": "Inner", "Startup Cost": 285774.05, "Total Cost": 285774.05, "Plan Rows": 1282311, "Plan Width": 25, "Actual Startup Time": 5451.33, "Actual Total Time": 5451.33, "Actual Rows": 1153797, "Actual Loops": 1, "Hash Buckets": 2097152, "Hash Batches": 1, "Original Hash Batches": 1, "Peak Memory Usage": 68508, "Plans": [{"Node Type": "Hash Join", "Parent Relationship": "Outer", "Join Type": "Inner", "Startup Cost": 203717.65, "Total Cost": 285774.05, "Plan Rows": 1282311, "Plan Width": 25, "Actual Startup Time": 2726.056, "Actual Total Time": 5015.59, "Actual Rows": 1153797, "Actual Loops": 1, "Inner Unique": true, "Hash Cond": "(mc.movie_id = t.id), (LLVM Optimized, Jit Execute)", "Plans": [{"Node Type": "Hash Join", "Parent Relationship": "Outer", "Join Type": "Inner", "Startup Cost": 61758.77, "Total Cost": 126183.39, "Plan Rows": 1282311, "Plan Width": 4, "Actual Startup Time": 372.339, "Actual Total Time": 2018.516, "Actual Rows": 1153797, "Actual Loops": 1, "Inner Unique": true, "Hash Cond": "(mc.company_id = cn.id), (LLVM Optimized, Jit Execute)", "Plans": [{"Node Type": "Bitmap Heap Scan", "Parent Relationship": "Outer", "Relation Name": "movie_companies", "Alias": "mc", "Startup Cost": 51990.17, "Total Cost": 93807.45, "Plan Rows": 2609128, "Plan Width": 8, "Actual Startup Time": 216.154, "Actual Total Time": 1035.33, "Actual Rows": 2609128, "Actual Loops": 1, "Exact Heap Blocks": 15726, "Lossy Heap Blocks": 15726, "Plans": [{"Node Type": "Bitmap Index Scan", "Parent Relationship": "Outer", "Index Name": "movie_id_movie_companies", "Startup Cost": 0.0, "Total Cost": 51337.89, "Plan Rows": 2609128, "Plan Width": 0, "Actual Startup Time": 212.542, "Actual Total Time": 212.542, "Actual Rows": 2609128, "Actual Loops": 1}]}, {"Node Type": "Hash", "Parent Relationship": "Inner", "Startup Cost": 8703.97, "Total Cost": 8703.97, "Plan Rows": 85170, "Plan Width": 4, "Actual Startup Time": 156.063, "Actual Total Time": 156.063, "Actual Rows": 84843, "Actual Loops": 1, "Hash Buckets": 131072, "Hash Batches": 1, "Original Hash Batches": 1, "Peak Memory Usage": 2983, "Plans": [{"Node Type": "Bitmap Heap Scan", "Parent Relationship": "Outer", "Relation Name": "company_name", "Alias": "cn", "Startup Cost": 2800.52, "Total Cost": 8703.97, "Plan Rows": 85170, "Plan Width": 4, "Actual Startup Time": 20.847, "Actual Total Time": 133.286, "Actual Rows": 84843, "Actual Loops": 1, "Filter": "((country_code)::text = '[us]'::text)", "Rows Removed by Filter": 150153, "Exact Heap Blocks": 2966, "Lossy Heap Blocks": 2966, "Plans": [{"Node Type": "Bitmap Index Scan", "Parent Relationship": "Outer", "Index Name": "company_name_pkey", "Startup Cost": 0.0, "Total Cost": 2779.23, "Plan Rows": 234996, "Plan Width": 0, "Actual Startup Time": 20.364, "Actual Total Time": 20.364, "Actual Rows": 234996, "Actual Loops": 1}]}]}]}, {"Node Type": "Hash", "Parent Relationship": "Inner", "Startup Cost": 110354.99, "Total Cost": 110354.99, "Plan Rows": 2528311, "Plan Width": 21, "Actual Startup Time": 2351.141, "Actual Total Time": 2351.141, "Actual Rows": 2528311, "Actual Loops": 1, "Hash Buckets": 4194304, "Hash Batches": 1, "Original Hash Batches": 1, "Peak Memory Usage": 135869, "Plans": [{"Node Type": "Bitmap Heap Scan", "Parent Relationship": "Outer", "Relation Name": "title", "Alias": "t", "Startup Cost": 50285.88, "Total Cost": 110354.99, "Plan Rows": 2528311, "Plan Width": 21, "Actual Startup Time": 290.426, "Actual Total Time": 1476.245, "Actual Rows": 2528311, "Actual Loops": 1, "Exact Heap Blocks": 34786, "Lossy Heap Blocks": 34786, "Plans": [{"Node Type": "Bitmap Index Scan", "Parent Relationship": "Outer", "Index Name": "title_pkey", "Startup Cost": 0.0, "Total Cost": 49653.81, "Plan Rows": 2528311, "Plan Width": 0, "Actual Startup Time": 282.417, "Actual Total Time": 282.417, "Actual Rows": 2528311, "Actual Loops": 1}]}]}]}]}]}, {"Node Type": "Hash", "Parent Relationship": "Inner", "Startup Cost": 177271.47, "Total Cost": 177271.47, "Plan Rows": 4167490, "Plan Width": 4, "Actual Startup Time": 4311.571, "Actual Total Time": 4311.571, "Actual Rows": 4167490, "Actual Loops": 1, "Hash Buckets": 4194304, "Hash Batches": 1, "Original Hash Batches": 1, "Peak Memory Usage": 146514, "Plans": [{"Node Type": "Bitmap Heap Scan", "Parent Relationship": "Outer", "Relation Name": "name", "Alias": "n1", "Startup Cost": 84199.57, "Total Cost": 177271.47, "Plan Rows": 4167490, "Plan Width": 4, "Actual Startup Time": 546.808, "Actual Total Time": 2370.146, "Actual Rows": 4167490, "Actual Loops": 1, "Exact Heap Blocks": 51397, "Lossy Heap Blocks": 51397, "Plans": [{"Node Type": "Bitmap Index Scan", "Parent Relationship": "Outer", "Index Name": "name_pkey", "Startup Cost": 0.0, "Total Cost": 83157.7, "Plan Rows": 4167490, "Plan Width": 0, "Actual Startup Time": 534.683, "Actual Total Time": 534.683, "Actual Rows": 4167490, "Actual Loops": 1}]}]}]}]}]}]}, "Triggers": [], "Planner Runtime": 49, "Total Runtime": 16879.015, "Unique SQL Id": 2457761703}}, "(64, 4)": {"explain_plan": {"Plan": {"Node Type": "Aggregate", "Strategy": "Plain", "Startup Cost": 528738.29, "Total Cost": 528738.3, "Plan Rows": 1, "Plan Width": 97, "Plans": [{"Node Type": "Hash Join", "Parent Relationship": "Outer", "Join Type": "Inner", "Startup Cost": 336662.4, "Total Cost": 526952.8, "Plan Rows": 357098, "Plan Width": 33, "Inner Unique": true, "Hash Cond": "(mc.company_id = cn.id), (LLVM Optimized)", "Plans": [{"Node Type": "Hash Join", "Parent Relationship": "Outer", "Join Type": "Inner", "Startup Cost": 329694.33, "Total Cost": 513689.03, "Plan Rows": 726589, "Plan Width": 37, "Inner Unique": false, "Hash Cond": "(ci.movie_id = t.id), (LLVM Optimized)", "Plans": [{"Node Type": "Streaming(type: LOCAL GATHER dop: 1/64)", "Parent Relationship": "Outer", "Startup Cost": 254738.78, "Total Cost": 417857.9, "Plan Rows": 1484588, "Plan Width": 20, "Plans": [{"Node Type": "Hash Join", "Parent Relationship": "Outer", "Join Type": "Inner", "Startup Cost": 254738.78, "Total Cost": 387231.02, "Plan Rows": 1484588, "Plan Width": 20, "Inner Unique": false, "Hash Cond": "(a1.person_id = ci.person_id), (LLVM Optimized)", "Plans": [{"Node Type": "Streaming(type: LOCAL REDISTRIBUTE dop: 64/1)", "Parent Relationship": "Outer", "Startup Cost": 202522.7, "Total Cost": 334446.0, "Plan Rows": 901342, "Plan Width": 24, "Plans": [{"Node Type": "Hash Join", "Parent Relationship": "Outer", "Join Type": "Inner", "Startup Cost": 202522.7, "Total Cost": 234824.58, "Plan Rows": 901342, "Plan Width": 24, "Inner Unique": true, "Hash Cond": "(a1.person_id = n1.id), (LLVM Optimized)", "Plans": [{"Node Type": "Seq Scan", "Parent Relationship": "Outer", "Relation Name": "aka_name", "Alias": "a1", "Startup Cost": 0.0, "Total Cost": 19908.42, "Plan Rows": 901342, "Plan Width": 20}, {"Node Type": "Hash", "Parent Relationship": "Inner", "Startup Cost": 150429.08, "Total Cost": 150429.08, "Plan Rows": 4167490, "Plan Width": 4, "Plans": [{"Node Type": "Streaming(type: LOCAL GATHER dop: 1/64)", "Parent Relationship": "Outer", "Startup Cost": 0.0, "Total Cost": 150429.08, "Plan Rows": 4167490, "Plan Width": 4, "Plans": [{"Node Type": "Seq Scan", "Parent Relationship": "Outer", "Relation Name": "name", "Alias": "n1", "Startup Cost": 0.0, "Total Cost": 64454.25, "Plan Rows": 4167490, "Plan Width": 4}]}]}]}]}, {"Node Type": "Hash", "Parent Relationship": "Inner", "Startup Cost": 203464.29, "Total Cost": 203464.29, "Plan Rows": 3296318, "Plan Width": 8, "Plans": [{"Node Type": "Streaming(type: LOCAL REDISTRIBUTE dop: 64/64)", "Parent Relationship": "Outer", "Startup Cost": 63002.48, "Total Cost": 203464.29, "Plan Rows": 3296318, "Plan Width": 8, "Plans": [{"Node Type": "Hash Join", "Parent Relationship": "Outer", "Join Type": "Inner", "Startup Cost": 63002.48, "Total Cost": 137341.8, "Plan Rows": 3296318, "Plan Width": 8, "Inner Unique": true, "Hash Cond": "(ci.role_id = rt.id), (LLVM Optimized)", "Plans": [{"Node Type": "Seq Scan", "Parent Relationship": "Outer", "Relation Name": "cast_info", "Alias": "ci", "Startup Cost": 0.0, "Total Cost": 72404.34, "Plan Rows": 36259494, "Plan Width": 12}, {"Node Type": "Hash", "Parent Relationship": "Inner", "Startup Cost": 63002.47, "Total Cost": 63002.47, "Plan Rows": 64, "Plan Width": 4, "Plans": [{"Node Type": "Streaming(type: BROADCAST dop: 64/1)", "Parent Relationship": "Outer", "Startup Cost": 0.0, "Total Cost": 63002.47, "Plan Rows": 64, "Plan Width": 4, "Plans": [{"Node Type": "Seq Scan", "Parent Relationship": "Outer", "Relation Name": "role_type", "Alias": "rt", "Startup Cost": 0.0, "Total Cost": 1.15, "Plan Rows": 1, "Plan Width": 4, "Filter": "((role)::text = 'writer'::text)"}]}]}]}]}]}]}]}, {"Node Type": "Hash", "Parent Relationship": "Inner", "Startup Cost": 169365.79, "Total Cost": 169365.79, "Plan Rows": 2609128, "Plan Width": 29, "Plans": [{"Node Type": "Hash Join", "Parent Relationship": "Outer", "Join Type": "Inner", "Startup Cost": 91673.0, "Total Cost": 169365.79, "Plan Rows": 2609128, "Plan Width": 29, "Inner Unique": true, "Hash Cond": "(mc.movie_id = t.id), (LLVM Optimized)", "Plans": [{"Node Type": "Seq Scan", "Parent Relationship": "Outer", "Relation Name": "movie_companies", "Alias": "mc", "Startup Cost": 0.0, "Total Cost": 41817.28, "Plan Rows": 2609128, "Plan Width": 8}, {"Node Type": "Hash", "Parent Relationship": "Inner", "Startup Cost": 60069.11, "Total Cost": 60069.11, "Plan Rows": 2528311, "Plan Width": 21, "Plans": [{"Node Type": "Seq Scan", "Parent Relationship": "Outer", "Relation Name": "title", "Alias": "t", "Startup Cost": 0.0, "Total Cost": 60069.11, "Plan Rows": 2528311, "Plan Width": 21}]}]}]}]}, {"Node Type": "Hash", "Parent Relationship": "Inner", "Startup Cost": 5903.45, "Total Cost": 5903.45, "Plan Rows": 85170, "Plan Width": 4, "Plans": [{"Node Type": "Seq Scan", "Parent Relationship": "Outer", "Relation Name": "company_name", "Alias": "cn", "Startup Cost": 0.0, "Total Cost": 5903.45, "Plan Rows": 85170, "Plan Width": 4, "Filter": "((country_code)::text = '[us]'::text)"}]}]}]}, "Unique SQL Id": 2457761703, "Planner Runtime": 180}, "explain_analyze_plan": {"Plan": {"Node Type": "Aggregate", "Strategy": "Plain", "Startup Cost": 528738.29, "Total Cost": 528738.3, "Plan Rows": 1, "Plan Width": 97, "Actual Min Startup Time": 10653.339, "Actual Max Startup Time": 10653.339, "Actual Min Total Time": 10653.34, "Actual Max Total Time": 10653.34, "Plans": [{"Node Type": "Hash Join", "Parent Relationship": "Outer", "Join Type": "Inner", "Startup Cost": 336662.4, "Total Cost": 526952.8, "Plan Rows": 357098, "Plan Width": 33, "Actual Min Startup Time": 5045.785, "Actual Max Startup Time": 5045.785, "Actual Min Total Time": 9470.761, "Actual Max Total Time": 9470.761, "Inner Unique": true, "Hash Cond": "(mc.company_id = cn.id), (LLVM Optimized, Jit Execute)", "Plans": [{"Node Type": "Hash Join", "Parent Relationship": "Outer", "Join Type": "Inner", "Startup Cost": 329694.33, "Total Cost": 513689.03, "Plan Rows": 726589, "Plan Width": 37, "Actual Min Startup Time": 4932.473, "Actual Max Startup Time": 4932.473, "Actual Min Total Time": 8014.504, "Actual Max Total Time": 8014.504, "Inner Unique": false, "Hash Cond": "(ci.movie_id = t.id), (LLVM Optimized, Jit Execute)", "Plans": [{"Node Type": "Streaming(type: LOCAL GATHER dop: 1/64)", "Parent Relationship": "Outer", "Startup Cost": 254738.78, "Total Cost": 417857.9, "Plan Rows": 1484588, "Plan Width": 20, "Actual Min Startup Time": 0.149, "Actual Max Startup Time": 0.149, "Actual Min Total Time": 1136.935, "Actual Max Total Time": 1136.935, "Plans": [{"Node Type": "Hash Join", "Parent Relationship": "Outer", "Join Type": "Inner", "Startup Cost": 254738.78, "Total Cost": 387231.02, "Plan Rows": 1484588, "Plan Width": 20, "Actual Min Startup Time": 2400.847, "Actual Max Startup Time": 4561.54, "Actual Min Total Time": 6405.607, "Actual Max Total Time": 9204.271, "Inner Unique": false, "Hash Cond": "(a1.person_id = ci.person_id), (LLVM Optimized, Jit Execute)", "Plans": [{"Node Type": "Streaming(type: LOCAL REDISTRIBUTE dop: 64/1)", "Parent Relationship": "Outer", "Startup Cost": 202522.7, "Total Cost": 334446.0, "Plan Rows": 901342, "Plan Width": 24, "Actual Min Startup Time": 2082.179, "Actual Max Startup Time": 4189.143, "Actual Min Total Time": 5973.318, "Actual Max Total Time": 8689.53, "Plans": [{"Node Type": "Hash Join", "Parent Relationship": "Outer", "Join Type": "Inner", "Startup Cost": 202522.7, "Total Cost": 234824.58, "Plan Rows": 901342, "Plan Width": 24, "Actual Min Startup Time": 2391.386, "Actual Max Startup Time": 2391.386, "Actual Min Total Time": 3134.379, "Actual Max Total Time": 3134.379, "Inner Unique": true, "Hash Cond": "(a1.person_id = n1.id), (LLVM Optimized, Jit Execute)", "Plans": [{"Node Type": "Seq Scan", "Parent Relationship": "Outer", "Relation Name": "aka_name", "Alias": "a1", "Startup Cost": 0.0, "Total Cost": 19908.42, "Plan Rows": 901342, "Plan Width": 20, "Actual Min Startup Time": 0.031, "Actual Max Startup Time": 0.031, "Actual Min Total Time": 226.0, "Actual Max Total Time": 226.0, "Actual Rows": 901342}, {"Node Type": "Hash", "Parent Relationship": "Inner", "Startup Cost": 150429.08, "Total Cost": 150429.08, "Plan Rows": 4167490, "Plan Width": 4, "Actual Min Startup Time": 2388.72, "Actual Max Startup Time": 2388.72, "Actual Min Total Time": 2388.72, "Actual Max Total Time": 2388.72, "Max Hash Buckets": 4194304, "Min Hash Buckets": 4194304, "Max Hash Batches": 1, "Min Hash Batches": 1, "Max Original Hash Batches": 1, "Min Original Hash Batches": 1, "Max Peak Memory Usage": 146514, "min Peak Memory Usage": 146514, "Plans": [{"Node Type": "Streaming(type: LOCAL GATHER dop: 1/64)", "Parent Relationship": "Outer", "Startup Cost": 0.0, "Total Cost": 150429.08, "Plan Rows": 4167490, "Plan Width": 4, "Actual Min Startup Time": 0.144, "Actual Max Startup Time": 0.144, "Actual Min Total Time": 1203.473, "Actual Max Total Time": 1203.473, "Plans": [{"Node Type": "Seq Scan", "Parent Relationship": "Outer", "Relation Name": "name", "Alias": "n1", "Startup Cost": 0.0, "Total Cost": 64454.25, "Plan Rows": 4167490, "Plan Width": 4, "Actual Min Startup Time": 0.019, "Actual Max Startup Time": 0.041, "Actual Min Total Time": 18.918, "Actual Max Total Time": 22.367, "Actual Rows": 4167490}], "Actual Rows": 4167490}], "Actual Rows": 4167490}], "Actual Rows": 901342}], "Actual Rows": 901342}, {"Node Type": "Hash", "Parent Relationship": "Inner", "Startup Cost": 203464.29, "Total Cost": 203464.29, "Plan Rows": 3296318, "Plan Width": 8, "Actual Min Startup Time": 314.974, "Actual Max Startup Time": 620.859, "Actual Min Total Time": 314.974, "Actual Max Total Time": 620.859, "Max Hash Buckets": 65536, "Min Hash Buckets": 65536, "Max Hash Batches": 1, "Min Hash Batches": 1, "Max Original Hash Batches": 1, "Min Original Hash Batches": 1, "Max Peak Memory Usage": 1483, "min Peak Memory Usage": 1483, "Plans": [{"Node Type": "Streaming(type: LOCAL REDISTRIBUTE dop: 64/64)", "Parent Relationship": "Outer", "Startup Cost": 63002.48, "Total Cost": 203464.29, "Plan Rows": 3296318, "Plan Width": 8, "Actual Min Startup Time": 0.106, "Actual Max Startup Time": 297.598, "Actual Min Total Time": 304.117, "Actual Max Total Time": 610.951, "Plans": [{"Node Type": "Hash Join", "Parent Relationship": "Outer", "Join Type": "Inner", "Startup Cost": 63002.48, "Total Cost": 137341.8, "Plan Rows": 3296318, "Plan Width": 8, "Actual Min Startup Time": 151.808, "Actual Max Startup Time": 321.453, "Actual Min Total Time": 242.856, "Actual Max Total Time": 411.34, "Inner Unique": true, "Hash Cond": "(ci.role_id = rt.id), (LLVM Optimized, Jit Execute)", "Plans": [{"Node Type": "Seq Scan", "Parent Relationship": "Outer", "Relation Name": "cast_info", "Alias": "ci", "Startup Cost": 0.0, "Total Cost": 72404.34, "Plan Rows": 36259494, "Plan Width": 12, "Actual Min Startup Time": 0.025, "Actual Max Startup Time": 9.439, "Actual Min Total Time": 127.377, "Actual Max Total Time": 144.233, "Actual Rows": 36244343}, {"Node Type": "Hash", "Parent Relationship": "Inner", "Startup Cost": 63002.47, "Total Cost": 63002.47, "Plan Rows": 64, "Plan Width": 4, "Actual Min Startup Time": 0.011, "Actual Max Startup Time": 159.839, "Actual Min Total Time": 0.011, "Actual Max Total Time": 159.839, "Max Hash Buckets": 32768, "Min Hash Buckets": 32768, "Max Hash Batches": 1, "Min Hash Batches": 1, "Max Original Hash Batches": 1, "Min Original Hash Batches": 1, "Max Peak Memory Usage": 1, "min Peak Memory Usage": 1, "Plans": [{"Node Type": "Streaming(type: BROADCAST dop: 64/1)", "Parent Relationship": "Outer", "Startup Cost": 0.0, "Total Cost": 63002.47, "Plan Rows": 64, "Plan Width": 4, "Actual Min Startup Time": 0.003, "Actual Max Startup Time": 159.19, "Actual Min Total Time": 0.003, "Actual Max Total Time": 159.194, "Plans": [{"Node Type": "Seq Scan", "Parent Relationship": "Outer", "Relation Name": "role_type", "Alias": "rt", "Startup Cost": 0.0, "Total Cost": 1.15, "Plan Rows": 1, "Plan Width": 4, "Actual Min Startup Time": 0.04, "Actual Max Startup Time": 0.04, "Actual Min Total Time": 0.044, "Actual Max Total Time": 0.044, "Filter": "((role)::text = 'writer'::text)", "Rows Removed by Filter": 11, "Actual Rows": 1}], "Actual Rows": 64}], "Actual Rows": 64}], "Actual Rows": 2728943}], "Actual Rows": 2728943}], "Actual Rows": 2728943}], "Actual Rows": 2343724}], "Actual Rows": 2343724}, {"Node Type": "Hash", "Parent Relationship": "Inner", "Startup Cost": 169365.79, "Total Cost": 169365.79, "Plan Rows": 2609128, "Plan Width": 29, "Actual Min Startup Time": 4926.029, "Actual Max Startup Time": 4926.029, "Actual Min Total Time": 4926.029, "Actual Max Total Time": 4926.029, "Max Hash Buckets": 4194304, "Min Hash Buckets": 4194304, "Max Hash Batches": 1, "Min Hash Batches": 1, "Max Original Hash Batches": 1, "Min Original Hash Batches": 1, "Max Peak Memory Usage": 164769, "min Peak Memory Usage": 164769, "Plans": [{"Node Type": "Hash Join", "Parent Relationship": "Outer", "Join Type": "Inner", "Startup Cost": 91673.0, "Total Cost": 169365.79, "Plan Rows": 2609128, "Plan Width": 29, "Actual Min Startup Time": 1869.664, "Actual Max Startup Time": 1869.664, "Actual Min Total Time": 3974.511, "Actual Max Total Time": 3974.511, "Inner Unique": true, "Hash Cond": "(mc.movie_id = t.id), (LLVM Optimized, Jit Execute)", "Plans": [{"Node Type": "Seq Scan", "Parent Relationship": "Outer", "Relation Name": "movie_companies", "Alias": "mc", "Startup Cost": 0.0, "Total Cost": 41817.28, "Plan Rows": 2609128, "Plan Width": 8, "Actual Min Startup Time": 0.034, "Actual Max Startup Time": 0.034, "Actual Min Total Time": 573.13, "Actual Max Total Time": 573.13, "Actual Rows": 2609128}, {"Node Type": "Hash", "Parent Relationship": "Inner", "Startup Cost": 60069.11, "Total Cost": 60069.11, "Plan Rows": 2528311, "Plan Width": 21, "Actual Min Startup Time": 1867.154, "Actual Max Startup Time": 1867.154, "Actual Min Total Time": 1867.154, "Actual Max Total Time": 1867.154, "Max Hash Buckets": 4194304, "Min Hash Buckets": 4194304, "Max Hash Batches": 1, "Min Hash Batches": 1, "Max Original Hash Batches": 1, "Min Original Hash Batches": 1, "Max Peak Memory Usage": 135869, "min Peak Memory Usage": 135869, "Plans": [{"Node Type": "Seq Scan", "Parent Relationship": "Outer", "Relation Name": "title", "Alias": "t", "Startup Cost": 0.0, "Total Cost": 60069.11, "Plan Rows": 2528311, "Plan Width": 21, "Actual Min Startup Time": 0.025, "Actual Max Startup Time": 0.025, "Actual Min Total Time": 832.832, "Actual Max Total Time": 832.832, "Actual Rows": 2528311}], "Actual Rows": 2528311}], "Actual Rows": 2609128}], "Actual Rows": 2609128}], "Actual Rows": 4961427}, {"Node Type": "Hash", "Parent Relationship": "Inner", "Startup Cost": 5903.45, "Total Cost": 5903.45, "Plan Rows": 85170, "Plan Width": 4, "Actual Min Startup Time": 113.153, "Actual Max Startup Time": 113.153, "Actual Min Total Time": 113.153, "Actual Max Total Time": 113.153, "Max Hash Buckets": 131072, "Min Hash Buckets": 131072, "Max Hash Batches": 1, "Min Hash Batches": 1, "Max Original Hash Batches": 1, "Min Original Hash Batches": 1, "Max Peak Memory Usage": 2983, "min Peak Memory Usage": 2983, "Plans": [{"Node Type": "Seq Scan", "Parent Relationship": "Outer", "Relation Name": "company_name", "Alias": "cn", "Startup Cost": 0.0, "Total Cost": 5903.45, "Plan Rows": 85170, "Plan Width": 4, "Actual Min Startup Time": 0.07, "Actual Max Startup Time": 0.07, "Actual Min Total Time": 89.97, "Actual Max Total Time": 89.97, "Filter": "((country_code)::text = '[us]'::text)", "Rows Removed by Filter": 150153, "Actual Rows": 84843}], "Actual Rows": 84843}], "Actual Rows": 2487611}], "Actual Rows": 1}, "Triggers": [], "Planner Runtime": 172, "Total Runtime": 10708.533, "Unique SQL Id": 2457761703}}, "(64, 5)": {"explain_plan": {"Plan": {"Node Type": "Aggregate", "Strategy": "Plain", "Startup Cost": 744774.62, "Total Cost": 744774.63, "Plan Rows": 1, "Plan Width": 97, "Plans": [{"Node Type": "Nested Loop", "Parent Relationship": "Outer", "Join Type": "Inner", "Startup Cost": 571103.99, "Total Cost": 742989.13, "Plan Rows": 357098, "Plan Width": 33, "Inner Unique": true, "Join Filter": "(a1.person_id = n1.id), (LLVM Optimized)", "Plans": [{"Node Type": "Merge Join", "Parent Relationship": "Outer", "Join Type": "Inner", "Startup Cost": 571103.99, "Total Cost": 639470.48, "Plan Rows": 357098, "Plan Width": 41, "Inner Unique": false, "Merge Cond": "(a1.person_id = ci.person_id)", "Plans": [{"Node Type": "Index Scan", "Parent Relationship": "Outer", "Scan Direction": "Forward", "Index Name": "person_id_aka_name", "Relation Name": "aka_name", "Alias": "a1", "Startup Cost": 0.0, "Total Cost": 68965.03, "Plan Rows": 901342, "Plan Width": 20}, {"Node Type": "Sort", "Parent Relationship": "Inner", "Startup Cost": 571103.92, "Total Cost": 572880.07, "Plan Rows": 710459, "Plan Width": 21, "Sort Key": ["ci.person_id"], "Plans": [{"Node Type": "Hash Join", "Parent Relationship": "Outer", "Join Type": "Inner", "Startup Cost": 301568.43, "Total Cost": 502053.02, "Plan Rows": 710459, "Plan Width": 21, "Inner Unique": false, "Hash Cond": "(ci.movie_id = t.id), (LLVM Optimized)", "Plans": [{"Node Type": "Nested Loop", "Parent Relationship": "Outer", "Join Type": "Inner", "Startup Cost": 0.0, "Total Cost": 171418.25, "Plan Rows": 3296318, "Plan Width": 8, "Inner Unique": false, "Plans": [{"Node Type": "Index Scan", "Parent Relationship": "Outer", "Scan Direction": "Forward", "Index Name": "role_type_pkey", "Relation Name": "role_type", "Alias": "rt", "Startup Cost": 0.0, "Total Cost": 12.46, "Plan Rows": 1, "Plan Width": 4, "Filter": "((role)::text = 'writer'::text)"}, {"Node Type": "Index Scan", "Parent Relationship": "Inner", "Scan Direction": "Forward", "Index Name": "role_id_cast_info", "Relation Name": "cast_info", "Alias": "ci", "Startup Cost": 0.0, "Total Cost": 138442.61, "Plan Rows": 3296318, "Plan Width": 12, "Index Cond": "(role_id = rt.id), (LLVM Optimized)"}]}, {"Node Type": "Hash", "Parent Relationship": "Inner", "Startup Cost": 285539.54, "Total Cost": 285539.54, "Plan Rows": 1282311, "Plan Width": 25, "Plans": [{"Node Type": "Hash Join", "Parent Relationship": "Outer", "Join Type": "Inner", "Startup Cost": 203483.15, "Total Cost": 285539.54, "Plan Rows": 1282311, "Plan Width": 25, "Inner Unique": true, "Hash Cond": "(mc.movie_id = t.id), (LLVM Optimized)", "Plans": [{"Node Type": "Hash Join", "Parent Relationship": "Outer", "Join Type": "Inner", "Startup Cost": 61758.77, "Total Cost": 126183.39, "Plan Rows": 1282311, "Plan Width": 4, "Inner Unique": true, "Hash Cond": "(mc.company_id = cn.id), (LLVM Optimized)", "Plans": [{"Node Type": "Bitmap Heap Scan", "Parent Relationship": "Outer", "Relation Name": "movie_companies", "Alias": "mc", "Startup Cost": 51990.17, "Total Cost": 93807.45, "Plan Rows": 2609128, "Plan Width": 8, "Plans": [{"Node Type": "Bitmap Index Scan", "Parent Relationship": "Outer", "Index Name": "movie_id_movie_companies", "Startup Cost": 0.0, "Total Cost": 51337.89, "Plan Rows": 2609128, "Plan Width": 0}]}, {"Node Type": "Hash", "Parent Relationship": "Inner", "Startup Cost": 8703.97, "Total Cost": 8703.97, "Plan Rows": 85170, "Plan Width": 4, "Plans": [{"Node Type": "Bitmap Heap Scan", "Parent Relationship": "Outer", "Relation Name": "company_name", "Alias": "cn", "Startup Cost": 2800.52, "Total Cost": 8703.97, "Plan Rows": 85170, "Plan Width": 4, "Filter": "((country_code)::text = '[us]'::text)", "Plans": [{"Node Type": "Bitmap Index Scan", "Parent Relationship": "Outer", "Index Name": "company_name_pkey", "Startup Cost": 0.0, "Total Cost": 2779.23, "Plan Rows": 234996, "Plan Width": 0}]}]}]}, {"Node Type": "Hash", "Parent Relationship": "Inner", "Startup Cost": 110120.49, "Total Cost": 110120.49, "Plan Rows": 2528311, "Plan Width": 21, "Plans": [{"Node Type": "Index Scan", "Parent Relationship": "Outer", "Scan Direction": "Forward", "Index Name": "title_pkey", "Relation Name": "title", "Alias": "t", "Startup Cost": 0.0, "Total Cost": 110120.49, "Plan Rows": 2528311, "Plan Width": 21}]}]}]}]}]}]}, {"Node Type": "Index Scan", "Parent Relationship": "Inner", "Scan Direction": "Forward", "Index Name": "name_pkey", "Relation Name": "name", "Alias": "n1", "Startup Cost": 0.0, "Total Cost": 0.28, "Plan Rows": 1, "Plan Width": 4, "Index Cond": "(id = ci.person_id)"}]}]}, "Unique SQL Id": 2457761703, "Planner Runtime": 145}, "explain_analyze_plan": null}, "(64, 6)": {"explain_plan": {"Plan": {"Node Type": "Aggregate", "Strategy": "Plain", "Startup Cost": 528738.29, "Total Cost": 528738.3, "Plan Rows": 1, "Plan Width": 97, "Plans": [{"Node Type": "Hash Join", "Parent Relationship": "Outer", "Join Type": "Inner", "Startup Cost": 336662.4, "Total Cost": 526952.8, "Plan Rows": 357098, "Plan Width": 33, "Inner Unique": true, "Hash Cond": "(mc.company_id = cn.id), (LLVM Optimized)", "Plans": [{"Node Type": "Hash Join", "Parent Relationship": "Outer", "Join Type": "Inner", "Startup Cost": 329694.33, "Total Cost": 513689.03, "Plan Rows": 726589, "Plan Width": 37, "Inner Unique": false, "Hash Cond": "(ci.movie_id = t.id), (LLVM Optimized)", "Plans": [{"Node Type": "Streaming(type: LOCAL GATHER dop: 1/64)", "Parent Relationship": "Outer", "Startup Cost": 254738.78, "Total Cost": 417857.9, "Plan Rows": 1484588, "Plan Width": 20, "Plans": [{"Node Type": "Hash Join", "Parent Relationship": "Outer", "Join Type": "Inner", "Startup Cost": 254738.78, "Total Cost": 387231.02, "Plan Rows": 1484588, "Plan Width": 20, "Inner Unique": false, "Hash Cond": "(a1.person_id = ci.person_id), (LLVM Optimized)", "Plans": [{"Node Type": "Streaming(type: LOCAL REDISTRIBUTE dop: 64/1)", "Parent Relationship": "Outer", "Startup Cost": 202522.7, "Total Cost": 334446.0, "Plan Rows": 901342, "Plan Width": 24, "Plans": [{"Node Type": "Hash Join", "Parent Relationship": "Outer", "Join Type": "Inner", "Startup Cost": 202522.7, "Total Cost": 234824.58, "Plan Rows": 901342, "Plan Width": 24, "Inner Unique": true, "Hash Cond": "(a1.person_id = n1.id), (LLVM Optimized)", "Plans": [{"Node Type": "Seq Scan", "Parent Relationship": "Outer", "Relation Name": "aka_name", "Alias": "a1", "Startup Cost": 0.0, "Total Cost": 19908.42, "Plan Rows": 901342, "Plan Width": 20}, {"Node Type": "Hash", "Parent Relationship": "Inner", "Startup Cost": 150429.08, "Total Cost": 150429.08, "Plan Rows": 4167490, "Plan Width": 4, "Plans": [{"Node Type": "Streaming(type: LOCAL GATHER dop: 1/64)", "Parent Relationship": "Outer", "Startup Cost": 0.0, "Total Cost": 150429.08, "Plan Rows": 4167490, "Plan Width": 4, "Plans": [{"Node Type": "Seq Scan", "Parent Relationship": "Outer", "Relation Name": "name", "Alias": "n1", "Startup Cost": 0.0, "Total Cost": 64454.25, "Plan Rows": 4167490, "Plan Width": 4}]}]}]}]}, {"Node Type": "Hash", "Parent Relationship": "Inner", "Startup Cost": 203464.29, "Total Cost": 203464.29, "Plan Rows": 3296318, "Plan Width": 8, "Plans": [{"Node Type": "Streaming(type: LOCAL REDISTRIBUTE dop: 64/64)", "Parent Relationship": "Outer", "Startup Cost": 63002.48, "Total Cost": 203464.29, "Plan Rows": 3296318, "Plan Width": 8, "Plans": [{"Node Type": "Hash Join", "Parent Relationship": "Outer", "Join Type": "Inner", "Startup Cost": 63002.48, "Total Cost": 137341.8, "Plan Rows": 3296318, "Plan Width": 8, "Inner Unique": true, "Hash Cond": "(ci.role_id = rt.id), (LLVM Optimized)", "Plans": [{"Node Type": "Seq Scan", "Parent Relationship": "Outer", "Relation Name": "cast_info", "Alias": "ci", "Startup Cost": 0.0, "Total Cost": 72404.34, "Plan Rows": 36259494, "Plan Width": 12}, {"Node Type": "Hash", "Parent Relationship": "Inner", "Startup Cost": 63002.47, "Total Cost": 63002.47, "Plan Rows": 64, "Plan Width": 4, "Plans": [{"Node Type": "Streaming(type: BROADCAST dop: 64/1)", "Parent Relationship": "Outer", "Startup Cost": 0.0, "Total Cost": 63002.47, "Plan Rows": 64, "Plan Width": 4, "Plans": [{"Node Type": "Seq Scan", "Parent Relationship": "Outer", "Relation Name": "role_type", "Alias": "rt", "Startup Cost": 0.0, "Total Cost": 1.15, "Plan Rows": 1, "Plan Width": 4, "Filter": "((role)::text = 'writer'::text)"}]}]}]}]}]}]}]}, {"Node Type": "Hash", "Parent Relationship": "Inner", "Startup Cost": 169365.79, "Total Cost": 169365.79, "Plan Rows": 2609128, "Plan Width": 29, "Plans": [{"Node Type": "Hash Join", "Parent Relationship": "Outer", "Join Type": "Inner", "Startup Cost": 91673.0, "Total Cost": 169365.79, "Plan Rows": 2609128, "Plan Width": 29, "Inner Unique": true, "Hash Cond": "(mc.movie_id = t.id), (LLVM Optimized)", "Plans": [{"Node Type": "Seq Scan", "Parent Relationship": "Outer", "Relation Name": "movie_companies", "Alias": "mc", "Startup Cost": 0.0, "Total Cost": 41817.28, "Plan Rows": 2609128, "Plan Width": 8}, {"Node Type": "Hash", "Parent Relationship": "Inner", "Startup Cost": 60069.11, "Total Cost": 60069.11, "Plan Rows": 2528311, "Plan Width": 21, "Plans": [{"Node Type": "Seq Scan", "Parent Relationship": "Outer", "Relation Name": "title", "Alias": "t", "Startup Cost": 0.0, "Total Cost": 60069.11, "Plan Rows": 2528311, "Plan Width": 21}]}]}]}]}, {"Node Type": "Hash", "Parent Relationship": "Inner", "Startup Cost": 5903.45, "Total Cost": 5903.45, "Plan Rows": 85170, "Plan Width": 4, "Plans": [{"Node Type": "Seq Scan", "Parent Relationship": "Outer", "Relation Name": "company_name", "Alias": "cn", "Startup Cost": 0.0, "Total Cost": 5903.45, "Plan Rows": 85170, "Plan Width": 4, "Filter": "((country_code)::text = '[us]'::text)"}]}]}]}, "Unique SQL Id": 2457761703, "Planner Runtime": 177}, "explain_analyze_plan": {"Plan": {"Node Type": "Aggregate", "Strategy": "Plain", "Startup Cost": 528738.29, "Total Cost": 528738.3, "Plan Rows": 1, "Plan Width": 97, "Actual Min Startup Time": 10653.339, "Actual Max Startup Time": 10653.339, "Actual Min Total Time": 10653.34, "Actual Max Total Time": 10653.34, "Plans": [{"Node Type": "Hash Join", "Parent Relationship": "Outer", "Join Type": "Inner", "Startup Cost": 336662.4, "Total Cost": 526952.8, "Plan Rows": 357098, "Plan Width": 33, "Actual Min Startup Time": 5045.785, "Actual Max Startup Time": 5045.785, "Actual Min Total Time": 9470.761, "Actual Max Total Time": 9470.761, "Inner Unique": true, "Hash Cond": "(mc.company_id = cn.id), (LLVM Optimized, Jit Execute)", "Plans": [{"Node Type": "Hash Join", "Parent Relationship": "Outer", "Join Type": "Inner", "Startup Cost": 329694.33, "Total Cost": 513689.03, "Plan Rows": 726589, "Plan Width": 37, "Actual Min Startup Time": 4932.473, "Actual Max Startup Time": 4932.473, "Actual Min Total Time": 8014.504, "Actual Max Total Time": 8014.504, "Inner Unique": false, "Hash Cond": "(ci.movie_id = t.id), (LLVM Optimized, Jit Execute)", "Plans": [{"Node Type": "Streaming(type: LOCAL GATHER dop: 1/64)", "Parent Relationship": "Outer", "Startup Cost": 254738.78, "Total Cost": 417857.9, "Plan Rows": 1484588, "Plan Width": 20, "Actual Min Startup Time": 0.149, "Actual Max Startup Time": 0.149, "Actual Min Total Time": 1136.935, "Actual Max Total Time": 1136.935, "Plans": [{"Node Type": "Hash Join", "Parent Relationship": "Outer", "Join Type": "Inner", "Startup Cost": 254738.78, "Total Cost": 387231.02, "Plan Rows": 1484588, "Plan Width": 20, "Actual Min Startup Time": 2400.847, "Actual Max Startup Time": 4561.54, "Actual Min Total Time": 6405.607, "Actual Max Total Time": 9204.271, "Inner Unique": false, "Hash Cond": "(a1.person_id = ci.person_id), (LLVM Optimized, Jit Execute)", "Plans": [{"Node Type": "Streaming(type: LOCAL REDISTRIBUTE dop: 64/1)", "Parent Relationship": "Outer", "Startup Cost": 202522.7, "Total Cost": 334446.0, "Plan Rows": 901342, "Plan Width": 24, "Actual Min Startup Time": 2082.179, "Actual Max Startup Time": 4189.143, "Actual Min Total Time": 5973.318, "Actual Max Total Time": 8689.53, "Plans": [{"Node Type": "Hash Join", "Parent Relationship": "Outer", "Join Type": "Inner", "Startup Cost": 202522.7, "Total Cost": 234824.58, "Plan Rows": 901342, "Plan Width": 24, "Actual Min Startup Time": 2391.386, "Actual Max Startup Time": 2391.386, "Actual Min Total Time": 3134.379, "Actual Max Total Time": 3134.379, "Inner Unique": true, "Hash Cond": "(a1.person_id = n1.id), (LLVM Optimized, Jit Execute)", "Plans": [{"Node Type": "Seq Scan", "Parent Relationship": "Outer", "Relation Name": "aka_name", "Alias": "a1", "Startup Cost": 0.0, "Total Cost": 19908.42, "Plan Rows": 901342, "Plan Width": 20, "Actual Min Startup Time": 0.031, "Actual Max Startup Time": 0.031, "Actual Min Total Time": 226.0, "Actual Max Total Time": 226.0, "Actual Rows": 901342}, {"Node Type": "Hash", "Parent Relationship": "Inner", "Startup Cost": 150429.08, "Total Cost": 150429.08, "Plan Rows": 4167490, "Plan Width": 4, "Actual Min Startup Time": 2388.72, "Actual Max Startup Time": 2388.72, "Actual Min Total Time": 2388.72, "Actual Max Total Time": 2388.72, "Max Hash Buckets": 4194304, "Min Hash Buckets": 4194304, "Max Hash Batches": 1, "Min Hash Batches": 1, "Max Original Hash Batches": 1, "Min Original Hash Batches": 1, "Max Peak Memory Usage": 146514, "min Peak Memory Usage": 146514, "Plans": [{"Node Type": "Streaming(type: LOCAL GATHER dop: 1/64)", "Parent Relationship": "Outer", "Startup Cost": 0.0, "Total Cost": 150429.08, "Plan Rows": 4167490, "Plan Width": 4, "Actual Min Startup Time": 0.144, "Actual Max Startup Time": 0.144, "Actual Min Total Time": 1203.473, "Actual Max Total Time": 1203.473, "Plans": [{"Node Type": "Seq Scan", "Parent Relationship": "Outer", "Relation Name": "name", "Alias": "n1", "Startup Cost": 0.0, "Total Cost": 64454.25, "Plan Rows": 4167490, "Plan Width": 4, "Actual Min Startup Time": 0.019, "Actual Max Startup Time": 0.041, "Actual Min Total Time": 18.918, "Actual Max Total Time": 22.367, "Actual Rows": 4167490}], "Actual Rows": 4167490}], "Actual Rows": 4167490}], "Actual Rows": 901342}], "Actual Rows": 901342}, {"Node Type": "Hash", "Parent Relationship": "Inner", "Startup Cost": 203464.29, "Total Cost": 203464.29, "Plan Rows": 3296318, "Plan Width": 8, "Actual Min Startup Time": 314.974, "Actual Max Startup Time": 620.859, "Actual Min Total Time": 314.974, "Actual Max Total Time": 620.859, "Max Hash Buckets": 65536, "Min Hash Buckets": 65536, "Max Hash Batches": 1, "Min Hash Batches": 1, "Max Original Hash Batches": 1, "Min Original Hash Batches": 1, "Max Peak Memory Usage": 1483, "min Peak Memory Usage": 1483, "Plans": [{"Node Type": "Streaming(type: LOCAL REDISTRIBUTE dop: 64/64)", "Parent Relationship": "Outer", "Startup Cost": 63002.48, "Total Cost": 203464.29, "Plan Rows": 3296318, "Plan Width": 8, "Actual Min Startup Time": 0.106, "Actual Max Startup Time": 297.598, "Actual Min Total Time": 304.117, "Actual Max Total Time": 610.951, "Plans": [{"Node Type": "Hash Join", "Parent Relationship": "Outer", "Join Type": "Inner", "Startup Cost": 63002.48, "Total Cost": 137341.8, "Plan Rows": 3296318, "Plan Width": 8, "Actual Min Startup Time": 151.808, "Actual Max Startup Time": 321.453, "Actual Min Total Time": 242.856, "Actual Max Total Time": 411.34, "Inner Unique": true, "Hash Cond": "(ci.role_id = rt.id), (LLVM Optimized, Jit Execute)", "Plans": [{"Node Type": "Seq Scan", "Parent Relationship": "Outer", "Relation Name": "cast_info", "Alias": "ci", "Startup Cost": 0.0, "Total Cost": 72404.34, "Plan Rows": 36259494, "Plan Width": 12, "Actual Min Startup Time": 0.025, "Actual Max Startup Time": 9.439, "Actual Min Total Time": 127.377, "Actual Max Total Time": 144.233, "Actual Rows": 36244343}, {"Node Type": "Hash", "Parent Relationship": "Inner", "Startup Cost": 63002.47, "Total Cost": 63002.47, "Plan Rows": 64, "Plan Width": 4, "Actual Min Startup Time": 0.011, "Actual Max Startup Time": 159.839, "Actual Min Total Time": 0.011, "Actual Max Total Time": 159.839, "Max Hash Buckets": 32768, "Min Hash Buckets": 32768, "Max Hash Batches": 1, "Min Hash Batches": 1, "Max Original Hash Batches": 1, "Min Original Hash Batches": 1, "Max Peak Memory Usage": 1, "min Peak Memory Usage": 1, "Plans": [{"Node Type": "Streaming(type: BROADCAST dop: 64/1)", "Parent Relationship": "Outer", "Startup Cost": 0.0, "Total Cost": 63002.47, "Plan Rows": 64, "Plan Width": 4, "Actual Min Startup Time": 0.003, "Actual Max Startup Time": 159.19, "Actual Min Total Time": 0.003, "Actual Max Total Time": 159.194, "Plans": [{"Node Type": "Seq Scan", "Parent Relationship": "Outer", "Relation Name": "role_type", "Alias": "rt", "Startup Cost": 0.0, "Total Cost": 1.15, "Plan Rows": 1, "Plan Width": 4, "Actual Min Startup Time": 0.04, "Actual Max Startup Time": 0.04, "Actual Min Total Time": 0.044, "Actual Max Total Time": 0.044, "Filter": "((role)::text = 'writer'::text)", "Rows Removed by Filter": 11, "Actual Rows": 1}], "Actual Rows": 64}], "Actual Rows": 64}], "Actual Rows": 2728943}], "Actual Rows": 2728943}], "Actual Rows": 2728943}], "Actual Rows": 2343724}], "Actual Rows": 2343724}, {"Node Type": "Hash", "Parent Relationship": "Inner", "Startup Cost": 169365.79, "Total Cost": 169365.79, "Plan Rows": 2609128, "Plan Width": 29, "Actual Min Startup Time": 4926.029, "Actual Max Startup Time": 4926.029, "Actual Min Total Time": 4926.029, "Actual Max Total Time": 4926.029, "Max Hash Buckets": 4194304, "Min Hash Buckets": 4194304, "Max Hash Batches": 1, "Min Hash Batches": 1, "Max Original Hash Batches": 1, "Min Original Hash Batches": 1, "Max Peak Memory Usage": 164769, "min Peak Memory Usage": 164769, "Plans": [{"Node Type": "Hash Join", "Parent Relationship": "Outer", "Join Type": "Inner", "Startup Cost": 91673.0, "Total Cost": 169365.79, "Plan Rows": 2609128, "Plan Width": 29, "Actual Min Startup Time": 1869.664, "Actual Max Startup Time": 1869.664, "Actual Min Total Time": 3974.511, "Actual Max Total Time": 3974.511, "Inner Unique": true, "Hash Cond": "(mc.movie_id = t.id), (LLVM Optimized, Jit Execute)", "Plans": [{"Node Type": "Seq Scan", "Parent Relationship": "Outer", "Relation Name": "movie_companies", "Alias": "mc", "Startup Cost": 0.0, "Total Cost": 41817.28, "Plan Rows": 2609128, "Plan Width": 8, "Actual Min Startup Time": 0.034, "Actual Max Startup Time": 0.034, "Actual Min Total Time": 573.13, "Actual Max Total Time": 573.13, "Actual Rows": 2609128}, {"Node Type": "Hash", "Parent Relationship": "Inner", "Startup Cost": 60069.11, "Total Cost": 60069.11, "Plan Rows": 2528311, "Plan Width": 21, "Actual Min Startup Time": 1867.154, "Actual Max Startup Time": 1867.154, "Actual Min Total Time": 1867.154, "Actual Max Total Time": 1867.154, "Max Hash Buckets": 4194304, "Min Hash Buckets": 4194304, "Max Hash Batches": 1, "Min Hash Batches": 1, "Max Original Hash Batches": 1, "Min Original Hash Batches": 1, "Max Peak Memory Usage": 135869, "min Peak Memory Usage": 135869, "Plans": [{"Node Type": "Seq Scan", "Parent Relationship": "Outer", "Relation Name": "title", "Alias": "t", "Startup Cost": 0.0, "Total Cost": 60069.11, "Plan Rows": 2528311, "Plan Width": 21, "Actual Min Startup Time": 0.025, "Actual Max Startup Time": 0.025, "Actual Min Total Time": 832.832, "Actual Max Total Time": 832.832, "Actual Rows": 2528311}], "Actual Rows": 2528311}], "Actual Rows": 2609128}], "Actual Rows": 2609128}], "Actual Rows": 4961427}, {"Node Type": "Hash", "Parent Relationship": "Inner", "Startup Cost": 5903.45, "Total Cost": 5903.45, "Plan Rows": 85170, "Plan Width": 4, "Actual Min Startup Time": 113.153, "Actual Max Startup Time": 113.153, "Actual Min Total Time": 113.153, "Actual Max Total Time": 113.153, "Max Hash Buckets": 131072, "Min Hash Buckets": 131072, "Max Hash Batches": 1, "Min Hash Batches": 1, "Max Original Hash Batches": 1, "Min Original Hash Batches": 1, "Max Peak Memory Usage": 2983, "min Peak Memory Usage": 2983, "Plans": [{"Node Type": "Seq Scan", "Parent Relationship": "Outer", "Relation Name": "company_name", "Alias": "cn", "Startup Cost": 0.0, "Total Cost": 5903.45, "Plan Rows": 85170, "Plan Width": 4, "Actual Min Startup Time": 0.07, "Actual Max Startup Time": 0.07, "Actual Min Total Time": 89.97, "Actual Max Total Time": 89.97, "Filter": "((country_code)::text = '[us]'::text)", "Rows Removed by Filter": 150153, "Actual Rows": 84843}], "Actual Rows": 84843}], "Actual Rows": 2487611}], "Actual Rows": 1}, "Triggers": [], "Planner Runtime": 172, "Total Runtime": 10708.533, "Unique SQL Id": 2457761703}}, "(64, 7)": {"explain_plan": {"Plan": {"Node Type": "Aggregate", "Strategy": "Plain", "Startup Cost": 1013578.73, "Total Cost": 1013578.74, "Plan Rows": 1, "Plan Width": 97, "Plans": [{"Node Type": "Hash Join", "Parent Relationship": "Outer", "Join Type": "Inner", "Startup Cost": 985285.55, "Total Cost": 1011793.24, "Plan Rows": 357098, "Plan Width": 33, "Inner Unique": false, "Hash Cond": "(a1.person_id = n1.id), (LLVM Optimized)", "Plans": [{"Node Type": "Bitmap Heap Scan", "Parent Relationship": "Outer", "Relation Name": "aka_name", "Alias": "a1", "Startup Cost": 16632.3, "Total Cost": 36540.72, "Plan Rows": 901342, "Plan Width": 20, "Plans": [{"Node Type": "Bitmap Index Scan", "Parent Relationship": "Outer", "Index Name": "person_id_aka_name", "Startup Cost": 0.0, "Total Cost": 16406.96, "Plan Rows": 901342, "Plan Width": 0}]}, {"Node Type": "Hash", "Parent Relationship": "Inner", "Startup Cost": 959772.51, "Total Cost": 959772.51, "Plan Rows": 710459, "Plan Width": 25, "Plans": [{"Node Type": "Hash Join", "Parent Relationship": "Outer", "Join Type": "Inner", "Startup Cost": 607483.06, "Total Cost": 959772.51, "Plan Rows": 710459, "Plan Width": 25, "Inner Unique": true, "Hash Cond": "(ci.person_id = n1.id), (LLVM Optimized)", "Plans": [{"Node Type": "Hash Join", "Parent Relationship": "Outer", "Join Type": "Inner", "Startup Cost": 378117.96, "Total Cost": 720638.61, "Plan Rows": 710459, "Plan Width": 21, "Inner Unique": false, "Hash Cond": "(ci.movie_id = t.id), (LLVM Optimized)", "Plans": [{"Node Type": "Nested Loop", "Parent Relationship": "Outer", "Join Type": "Inner", "Startup Cost": 76315.02, "Total Cost": 389769.33, "Plan Rows": 3296318, "Plan Width": 8, "Inner Unique": false, "Plans": [{"Node Type": "Bitmap Heap Scan", "Parent Relationship": "Outer", "Relation Name": "role_type", "Alias": "rt", "Startup Cost": 8.31, "Total Cost": 12.46, "Plan Rows": 1, "Plan Width": 4, "Filter": "((role)::text = 'writer'::text)", "Plans": [{"Node Type": "Bitmap Index Scan", "Parent Relationship": "Outer", "Index Name": "role_type_pkey", "Startup Cost": 0.0, "Total Cost": 8.31, "Plan Rows": 12, "Plan Width": 0}]}, {"Node Type": "Bitmap Heap Scan", "Parent Relationship": "Inner", "Relation Name": "cast_info", "Alias": "ci", "Startup Cost": 76306.71, "Total Cost": 356793.69, "Plan Rows": 3296318, "Plan Width": 12, "Recheck Cond": "(role_id = rt.id), (LLVM Optimized)", "Plans": [{"Node Type": "Bitmap Index Scan", "Parent Relationship": "Outer", "Index Name": "role_id_cast_info", "Startup Cost": 0.0, "Total Cost": 75482.63, "Plan Rows": 3296318, "Plan Width": 0, "Index Cond": "(role_id = rt.id)"}]}]}, {"Node Type": "Hash", "Parent Relationship": "Inner", "Startup Cost": 285774.05, "Total Cost": 285774.05, "Plan Rows": 1282311, "Plan Width": 25, "Plans": [{"Node Type": "Hash Join", "Parent Relationship": "Outer", "Join Type": "Inner", "Startup Cost": 203717.65, "Total Cost": 285774.05, "Plan Rows": 1282311, "Plan Width": 25, "Inner Unique": true, "Hash Cond": "(mc.movie_id = t.id), (LLVM Optimized)", "Plans": [{"Node Type": "Hash Join", "Parent Relationship": "Outer", "Join Type": "Inner", "Startup Cost": 61758.77, "Total Cost": 126183.39, "Plan Rows": 1282311, "Plan Width": 4, "Inner Unique": true, "Hash Cond": "(mc.company_id = cn.id), (LLVM Optimized)", "Plans": [{"Node Type": "Bitmap Heap Scan", "Parent Relationship": "Outer", "Relation Name": "movie_companies", "Alias": "mc", "Startup Cost": 51990.17, "Total Cost": 93807.45, "Plan Rows": 2609128, "Plan Width": 8, "Plans": [{"Node Type": "Bitmap Index Scan", "Parent Relationship": "Outer", "Index Name": "movie_id_movie_companies", "Startup Cost": 0.0, "Total Cost": 51337.89, "Plan Rows": 2609128, "Plan Width": 0}]}, {"Node Type": "Hash", "Parent Relationship": "Inner", "Startup Cost": 8703.97, "Total Cost": 8703.97, "Plan Rows": 85170, "Plan Width": 4, "Plans": [{"Node Type": "Bitmap Heap Scan", "Parent Relationship": "Outer", "Relation Name": "company_name", "Alias": "cn", "Startup Cost": 2800.52, "Total Cost": 8703.97, "Plan Rows": 85170, "Plan Width": 4, "Filter": "((country_code)::text = '[us]'::text)", "Plans": [{"Node Type": "Bitmap Index Scan", "Parent Relationship": "Outer", "Index Name": "company_name_pkey", "Startup Cost": 0.0, "Total Cost": 2779.23, "Plan Rows": 234996, "Plan Width": 0}]}]}]}, {"Node Type": "Hash", "Parent Relationship": "Inner", "Startup Cost": 110354.99, "Total Cost": 110354.99, "Plan Rows": 2528311, "Plan Width": 21, "Plans": [{"Node Type": "Bitmap Heap Scan", "Parent Relationship": "Outer", "Relation Name": "title", "Alias": "t", "Startup Cost": 50285.88, "Total Cost": 110354.99, "Plan Rows": 2528311, "Plan Width": 21, "Plans": [{"Node Type": "Bitmap Index Scan", "Parent Relationship": "Outer", "Index Name": "title_pkey", "Startup Cost": 0.0, "Total Cost": 49653.81, "Plan Rows": 2528311, "Plan Width": 0}]}]}]}]}]}, {"Node Type": "Hash", "Parent Relationship": "Inner", "Startup Cost": 177271.47, "Total Cost": 177271.47, "Plan Rows": 4167490, "Plan Width": 4, "Plans": [{"Node Type": "Bitmap Heap Scan", "Parent Relationship": "Outer", "Relation Name": "name", "Alias": "n1", "Startup Cost": 84199.57, "Total Cost": 177271.47, "Plan Rows": 4167490, "Plan Width": 4, "Plans": [{"Node Type": "Bitmap Index Scan", "Parent Relationship": "Outer", "Index Name": "name_pkey", "Startup Cost": 0.0, "Total Cost": 83157.7, "Plan Rows": 4167490, "Plan Width": 0}]}]}]}]}]}]}, "Unique SQL Id": 2457761703, "Planner Runtime": 73}, "explain_analyze_plan": {"Plan": {"Node Type": "Aggregate", "Strategy": "Plain", "Startup Cost": 1013578.73, "Total Cost": 1013578.74, "Plan Rows": 1, "Plan Width": 97, "Actual Startup Time": 16862.492, "Actual Total Time": 16862.492, "Actual Rows": 1, "Actual Loops": 1, "Plans": [{"Node Type": "Hash Join", "Parent Relationship": "Outer", "Join Type": "Inner", "Startup Cost": 985285.55, "Total Cost": 1011793.24, "Plan Rows": 357098, "Plan Width": 33, "Actual Startup Time": 14323.785, "Actual Total Time": 15724.573, "Actual Rows": 2487611, "Actual Loops": 1, "Inner Unique": false, "Hash Cond": "(a1.person_id = n1.id), (LLVM Optimized, Jit Execute)", "Plans": [{"Node Type": "Bitmap Heap Scan", "Parent Relationship": "Outer", "Relation Name": "aka_name", "Alias": "a1", "Startup Cost": 16632.3, "Total Cost": 36540.72, "Plan Rows": 901342, "Plan Width": 20, "Actual Startup Time": 102.848, "Actual Total Time": 449.182, "Actual Rows": 901342, "Actual Loops": 1, "Exact Heap Blocks": 10895, "Lossy Heap Blocks": 10895, "Plans": [{"Node Type": "Bitmap Index Scan", "Parent Relationship": "Outer", "Index Name": "person_id_aka_name", "Startup Cost": 0.0, "Total Cost": 16406.96, "Plan Rows": 901342, "Plan Width": 0, "Actual Startup Time": 100.9, "Actual Total Time": 100.9, "Actual Rows": 901342, "Actual Loops": 1}]}, {"Node Type": "Hash", "Parent Relationship": "Inner", "Startup Cost": 959772.51, "Total Cost": 959772.51, "Plan Rows": 710459, "Plan Width": 25, "Actual Startup Time": 14215.549, "Actual Total Time": 14215.549, "Actual Rows": 1970658, "Actual Loops": 1, "Hash Buckets": 1048576, "Hash Batches": 1, "Original Hash Batches": 1, "Peak Memory Usage": 112799, "Plans": [{"Node Type": "Hash Join", "Parent Relationship": "Outer", "Join Type": "Inner", "Startup Cost": 607483.06, "Total Cost": 959772.51, "Plan Rows": 710459, "Plan Width": 25, "Actual Startup Time": 10075.48, "Actual Total Time": 13607.521, "Actual Rows": 1970658, "Actual Loops": 1, "Inner Unique": true, "Hash Cond": "(ci.person_id = n1.id), (LLVM Optimized, Jit Execute)", "Plans": [{"Node Type": "Hash Join", "Parent Relationship": "Outer", "Join Type": "Inner", "Startup Cost": 378117.96, "Total Cost": 720638.61, "Plan Rows": 710459, "Plan Width": 21, "Actual Startup Time": 5761.347, "Actual Total Time": 8502.541, "Actual Rows": 1970658, "Actual Loops": 1, "Inner Unique": false, "Hash Cond": "(ci.movie_id = t.id), (LLVM Optimized, Jit Execute)", "Plans": [{"Node Type": "Nested Loop", "Parent Relationship": "Outer", "Join Type": "Inner", "Startup Cost": 76315.02, "Total Cost": 389769.33, "Plan Rows": 3296318, "Plan Width": 8, "Actual Startup Time": 304.881, "Actual Total Time": 1662.16, "Actual Rows": 2728943, "Actual Loops": 1, "Inner Unique": false, "Plans": [{"Node Type": "Bitmap Heap Scan", "Parent Relationship": "Outer", "Relation Name": "role_type", "Alias": "rt", "Startup Cost": 8.31, "Total Cost": 12.46, "Plan Rows": 1, "Plan Width": 4, "Actual Startup Time": 0.09, "Actual Total Time": 0.108, "Actual Rows": 1, "Actual Loops": 1, "Filter": "((role)::text = 'writer'::text)", "Rows Removed by Filter": 11, "Exact Heap Blocks": 1, "Lossy Heap Blocks": 1, "Plans": [{"Node Type": "Bitmap Index Scan", "Parent Relationship": "Outer", "Index Name": "role_type_pkey", "Startup Cost": 0.0, "Total Cost": 8.31, "Plan Rows": 12, "Plan Width": 0, "Actual Startup Time": 0.027, "Actual Total Time": 0.027, "Actual Rows": 12, "Actual Loops": 1}]}, {"Node Type": "Bitmap Heap Scan", "Parent Relationship": "Inner", "Relation Name": "cast_info", "Alias": "ci", "Startup Cost": 76306.71, "Total Cost": 356793.69, "Plan Rows": 3296318, "Plan Width": 12, "Actual Startup Time": 304.767, "Actual Total Time": 1172.992, "Actual Rows": 2728943, "Actual Loops": 1, "Recheck Cond": "(role_id = rt.id), (LLVM Optimized, Jit Execute)", "Rows Removed by Index Recheck": 0, "Exact Heap Blocks": 19177, "Lossy Heap Blocks": 19177, "Plans": [{"Node Type": "Bitmap Index Scan", "Parent Relationship": "Outer", "Index Name": "role_id_cast_info", "Startup Cost": 0.0, "Total Cost": 75482.63, "Plan Rows": 3296318, "Plan Width": 0, "Actual Startup Time": 300.404, "Actual Total Time": 300.404, "Actual Rows": 2728943, "Actual Loops": 1, "Index Cond": "(role_id = rt.id)"}]}]}, {"Node Type": "Hash", "Parent Relationship": "Inner", "Startup Cost": 285774.05, "Total Cost": 285774.05, "Plan Rows": 1282311, "Plan Width": 25, "Actual Startup Time": 5451.33, "Actual Total Time": 5451.33, "Actual Rows": 1153797, "Actual Loops": 1, "Hash Buckets": 2097152, "Hash Batches": 1, "Original Hash Batches": 1, "Peak Memory Usage": 68508, "Plans": [{"Node Type": "Hash Join", "Parent Relationship": "Outer", "Join Type": "Inner", "Startup Cost": 203717.65, "Total Cost": 285774.05, "Plan Rows": 1282311, "Plan Width": 25, "Actual Startup Time": 2726.056, "Actual Total Time": 5015.59, "Actual Rows": 1153797, "Actual Loops": 1, "Inner Unique": true, "Hash Cond": "(mc.movie_id = t.id), (LLVM Optimized, Jit Execute)", "Plans": [{"Node Type": "Hash Join", "Parent Relationship": "Outer", "Join Type": "Inner", "Startup Cost": 61758.77, "Total Cost": 126183.39, "Plan Rows": 1282311, "Plan Width": 4, "Actual Startup Time": 372.339, "Actual Total Time": 2018.516, "Actual Rows": 1153797, "Actual Loops": 1, "Inner Unique": true, "Hash Cond": "(mc.company_id = cn.id), (LLVM Optimized, Jit Execute)", "Plans": [{"Node Type": "Bitmap Heap Scan", "Parent Relationship": "Outer", "Relation Name": "movie_companies", "Alias": "mc", "Startup Cost": 51990.17, "Total Cost": 93807.45, "Plan Rows": 2609128, "Plan Width": 8, "Actual Startup Time": 216.154, "Actual Total Time": 1035.33, "Actual Rows": 2609128, "Actual Loops": 1, "Exact Heap Blocks": 15726, "Lossy Heap Blocks": 15726, "Plans": [{"Node Type": "Bitmap Index Scan", "Parent Relationship": "Outer", "Index Name": "movie_id_movie_companies", "Startup Cost": 0.0, "Total Cost": 51337.89, "Plan Rows": 2609128, "Plan Width": 0, "Actual Startup Time": 212.542, "Actual Total Time": 212.542, "Actual Rows": 2609128, "Actual Loops": 1}]}, {"Node Type": "Hash", "Parent Relationship": "Inner", "Startup Cost": 8703.97, "Total Cost": 8703.97, "Plan Rows": 85170, "Plan Width": 4, "Actual Startup Time": 156.063, "Actual Total Time": 156.063, "Actual Rows": 84843, "Actual Loops": 1, "Hash Buckets": 131072, "Hash Batches": 1, "Original Hash Batches": 1, "Peak Memory Usage": 2983, "Plans": [{"Node Type": "Bitmap Heap Scan", "Parent Relationship": "Outer", "Relation Name": "company_name", "Alias": "cn", "Startup Cost": 2800.52, "Total Cost": 8703.97, "Plan Rows": 85170, "Plan Width": 4, "Actual Startup Time": 20.847, "Actual Total Time": 133.286, "Actual Rows": 84843, "Actual Loops": 1, "Filter": "((country_code)::text = '[us]'::text)", "Rows Removed by Filter": 150153, "Exact Heap Blocks": 2966, "Lossy Heap Blocks": 2966, "Plans": [{"Node Type": "Bitmap Index Scan", "Parent Relationship": "Outer", "Index Name": "company_name_pkey", "Startup Cost": 0.0, "Total Cost": 2779.23, "Plan Rows": 234996, "Plan Width": 0, "Actual Startup Time": 20.364, "Actual Total Time": 20.364, "Actual Rows": 234996, "Actual Loops": 1}]}]}]}, {"Node Type": "Hash", "Parent Relationship": "Inner", "Startup Cost": 110354.99, "Total Cost": 110354.99, "Plan Rows": 2528311, "Plan Width": 21, "Actual Startup Time": 2351.141, "Actual Total Time": 2351.141, "Actual Rows": 2528311, "Actual Loops": 1, "Hash Buckets": 4194304, "Hash Batches": 1, "Original Hash Batches": 1, "Peak Memory Usage": 135869, "Plans": [{"Node Type": "Bitmap Heap Scan", "Parent Relationship": "Outer", "Relation Name": "title", "Alias": "t", "Startup Cost": 50285.88, "Total Cost": 110354.99, "Plan Rows": 2528311, "Plan Width": 21, "Actual Startup Time": 290.426, "Actual Total Time": 1476.245, "Actual Rows": 2528311, "Actual Loops": 1, "Exact Heap Blocks": 34786, "Lossy Heap Blocks": 34786, "Plans": [{"Node Type": "Bitmap Index Scan", "Parent Relationship": "Outer", "Index Name": "title_pkey", "Startup Cost": 0.0, "Total Cost": 49653.81, "Plan Rows": 2528311, "Plan Width": 0, "Actual Startup Time": 282.417, "Actual Total Time": 282.417, "Actual Rows": 2528311, "Actual Loops": 1}]}]}]}]}]}, {"Node Type": "Hash", "Parent Relationship": "Inner", "Startup Cost": 177271.47, "Total Cost": 177271.47, "Plan Rows": 4167490, "Plan Width": 4, "Actual Startup Time": 4311.571, "Actual Total Time": 4311.571, "Actual Rows": 4167490, "Actual Loops": 1, "Hash Buckets": 4194304, "Hash Batches": 1, "Original Hash Batches": 1, "Peak Memory Usage": 146514, "Plans": [{"Node Type": "Bitmap Heap Scan", "Parent Relationship": "Outer", "Relation Name": "name", "Alias": "n1", "Startup Cost": 84199.57, "Total Cost": 177271.47, "Plan Rows": 4167490, "Plan Width": 4, "Actual Startup Time": 546.808, "Actual Total Time": 2370.146, "Actual Rows": 4167490, "Actual Loops": 1, "Exact Heap Blocks": 51397, "Lossy Heap Blocks": 51397, "Plans": [{"Node Type": "Bitmap Index Scan", "Parent Relationship": "Outer", "Index Name": "name_pkey", "Startup Cost": 0.0, "Total Cost": 83157.7, "Plan Rows": 4167490, "Plan Width": 0, "Actual Startup Time": 534.683, "Actual Total Time": 534.683, "Actual Rows": 4167490, "Actual Loops": 1}]}]}]}]}]}]}, "Triggers": [], "Planner Runtime": 49, "Total Runtime": 16879.015, "Unique SQL Id": 2457761703}}, "(64, 8)": {"explain_plan": {"Plan": {"Node Type": "Aggregate", "Strategy": "Plain", "Startup Cost": 532222.07, "Total Cost": 532222.08, "Plan Rows": 1, "Plan Width": 97, "Plans": [{"Node Type": "Hash Join", "Parent Relationship": "Outer", "Join Type": "Inner", "Startup Cost": 503541.41, "Total Cost": 530436.58, "Plan Rows": 357098, "Plan Width": 33, "Inner Unique": false, "Hash Cond": "(a1.person_id = n1.id), (LLVM Optimized)", "Plans": [{"Node Type": "Seq Scan", "Parent Relationship": "Outer", "Relation Name": "aka_name", "Alias": "a1", "Startup Cost": 0.0, "Total Cost": 19908.42, "Plan Rows": 901342, "Plan Width": 20}, {"Node Type": "Hash", "Parent Relationship": "Inner", "Startup Cost": 494660.67, "Total Cost": 494660.67, "Plan Rows": 710459, "Plan Width": 25, "Plans": [{"Node Type": "Hash Join", "Parent Relationship": "Outer", "Join Type": "Inner", "Startup Cost": 256421.67, "Total Cost": 494660.67, "Plan Rows": 710459, "Plan Width": 25, "Inner Unique": false, "Hash Cond": "(ci.movie_id = t.id), (LLVM Optimized)", "Plans": [{"Node Type": "Streaming(type: LOCAL GATHER dop: 1/64)", "Parent Relationship": "Outer", "Startup Cost": 195218.41, "Total Cost": 404391.07, "Plan Rows": 3296318, "Plan Width": 12, "Plans": [{"Node Type": "Hash Join", "Parent Relationship": "Outer", "Join Type": "Inner", "Startup Cost": 195218.41, "Total Cost": 336388.42, "Plan Rows": 3296318, "Plan Width": 12, "Inner Unique": true, "Hash Cond": "(ci.person_id = n1.id), (LLVM Optimized)", "Plans": [{"Node Type": "Streaming(type: LOCAL REDISTRIBUTE dop: 64/64)", "Parent Relationship": "Outer", "Startup Cost": 63002.48, "Total Cost": 203464.29, "Plan Rows": 3296318, "Plan Width": 8, "Plans": [{"Node Type": "Hash Join", "Parent Relationship": "Outer", "Join Type": "Inner", "Startup Cost": 63002.48, "Total Cost": 137341.8, "Plan Rows": 3296318, "Plan Width": 8, "Inner Unique": true, "Hash Cond": "(ci.role_id = rt.id), (LLVM Optimized)", "Plans": [{"Node Type": "Seq Scan", "Parent Relationship": "Outer", "Relation Name": "cast_info", "Alias": "ci", "Startup Cost": 0.0, "Total Cost": 72404.34, "Plan Rows": 36259494, "Plan Width": 12}, {"Node Type": "Hash", "Parent Relationship": "Inner", "Startup Cost": 63002.47, "Total Cost": 63002.47, "Plan Rows": 64, "Plan Width": 4, "Plans": [{"Node Type": "Streaming(type: BROADCAST dop: 64/1)", "Parent Relationship": "Outer", "Startup Cost": 0.0, "Total Cost": 63002.47, "Plan Rows": 64, "Plan Width": 4, "Plans": [{"Node Type": "Seq Scan", "Parent Relationship": "Outer", "Relation Name": "role_type", "Alias": "rt", "Startup Cost": 0.0, "Total Cost": 1.15, "Plan Rows": 1, "Plan Width": 4, "Filter": "((role)::text = 'writer'::text)"}]}]}]}]}, {"Node Type": "Hash", "Parent Relationship": "Inner", "Startup Cost": 131401.97, "Total Cost": 131401.97, "Plan Rows": 4167490, "Plan Width": 4, "Plans": [{"Node Type": "Streaming(type: LOCAL REDISTRIBUTE dop: 64/64)", "Parent Relationship": "Outer", "Startup Cost": 0.0, "Total Cost": 131401.97, "Plan Rows": 4167490, "Plan Width": 4, "Plans": [{"Node Type": "Seq Scan", "Parent Relationship": "Outer", "Relation Name": "name", "Alias": "n1", "Startup Cost": 0.0, "Total Cost": 64454.25, "Plan Rows": 4167490, "Plan Width": 4}]}]}]}]}, {"Node Type": "Hash", "Parent Relationship": "Inner", "Startup Cost": 180697.47, "Total Cost": 180697.47, "Plan Rows": 1282311, "Plan Width": 25, "Plans": [{"Node Type": "Hash Join", "Parent Relationship": "Outer", "Join Type": "Inner", "Startup Cost": 98641.07, "Total Cost": 180697.47, "Plan Rows": 1282311, "Plan Width": 25, "Inner Unique": true, "Hash Cond": "(mc.movie_id = t.id), (LLVM Optimized)", "Plans": [{"Node Type": "Hash Join", "Parent Relationship": "Outer", "Join Type": "Inner", "Startup Cost": 6968.08, "Total Cost": 71392.69, "Plan Rows": 1282311, "Plan Width": 4, "Inner Unique": true, "Hash Cond": "(mc.company_id = cn.id), (LLVM Optimized)", "Plans": [{"Node Type": "Seq Scan", "Parent Relationship": "Outer", "Relation Name": "movie_companies", "Alias": "mc", "Startup Cost": 0.0, "Total Cost": 41817.28, "Plan Rows": 2609128, "Plan Width": 8}, {"Node Type": "Hash", "Parent Relationship": "Inner", "Startup Cost": 5903.45, "Total Cost": 5903.45, "Plan Rows": 85170, "Plan Width": 4, "Plans": [{"Node Type": "Seq Scan", "Parent Relationship": "Outer", "Relation Name": "company_name", "Alias": "cn", "Startup Cost": 0.0, "Total Cost": 5903.45, "Plan Rows": 85170, "Plan Width": 4, "Filter": "((country_code)::text = '[us]'::text)"}]}]}, {"Node Type": "Hash", "Parent Relationship": "Inner", "Startup Cost": 60069.11, "Total Cost": 60069.11, "Plan Rows": 2528311, "Plan Width": 21, "Plans": [{"Node Type": "Seq Scan", "Parent Relationship": "Outer", "Relation Name": "title", "Alias": "t", "Startup Cost": 0.0, "Total Cost": 60069.11, "Plan Rows": 2528311, "Plan Width": 21}]}]}]}]}]}]}]}, "Unique SQL Id": 2457761703, "Planner Runtime": 166}, "explain_analyze_plan": {"Plan": {"Node Type": "Aggregate", "Strategy": "Plain", "Startup Cost": 532222.07, "Total Cost": 532222.08, "Plan Rows": 1, "Plan Width": 97, "Actual Min Startup Time": 10743.451, "Actual Max Startup Time": 10743.451, "Actual Min Total Time": 10743.451, "Actual Max Total Time": 10743.451, "Plans": [{"Node Type": "Hash Join", "Parent Relationship": "Outer", "Join Type": "Inner", "Startup Cost": 503541.41, "Total Cost": 530436.58, "Plan Rows": 357098, "Plan Width": 33, "Actual Min Startup Time": 8412.444, "Actual Max Startup Time": 8412.444, "Actual Min Total Time": 9624.968, "Actual Max Total Time": 9624.968, "Inner Unique": false, "Hash Cond": "(a1.person_id = n1.id), (LLVM Optimized, Jit Execute)", "Plans": [{"Node Type": "Seq Scan", "Parent Relationship": "Outer", "Relation Name": "aka_name", "Alias": "a1", "Startup Cost": 0.0, "Total Cost": 19908.42, "Plan Rows": 901342, "Plan Width": 20, "Actual Min Startup Time": 0.055, "Actual Max Startup Time": 0.055, "Actual Min Total Time": 231.953, "Actual Max Total Time": 231.953, "Actual Rows": 901342}, {"Node Type": "Hash", "Parent Relationship": "Inner", "Startup Cost": 494660.67, "Total Cost": 494660.67, "Plan Rows": 710459, "Plan Width": 25, "Actual Min Startup Time": 8409.069, "Actual Max Startup Time": 8409.069, "Actual Min Total Time": 8409.069, "Actual Max Total Time": 8409.069, "Max Hash Buckets": 1048576, "Min Hash Buckets": 1048576, "Max Hash Batches": 1, "Min Hash Batches": 1, "Max Original Hash Batches": 1, "Min Original Hash Batches": 1, "Max Peak Memory Usage": 112799, "min Peak Memory Usage": 112799, "Plans": [{"Node Type": "Hash Join", "Parent Relationship": "Outer", "Join Type": "Inner", "Startup Cost": 256421.67, "Total Cost": 494660.67, "Plan Rows": 710459, "Plan Width": 25, "Actual Min Startup Time": 4920.502, "Actual Max Startup Time": 4920.502, "Actual Min Total Time": 7830.913, "Actual Max Total Time": 7830.913, "Inner Unique": false, "Hash Cond": "(ci.movie_id = t.id), (LLVM Optimized, Jit Execute)", "Plans": [{"Node Type": "Streaming(type: LOCAL GATHER dop: 1/64)", "Parent Relationship": "Outer", "Startup Cost": 195218.41, "Total Cost": 404391.07, "Plan Rows": 3296318, "Plan Width": 12, "Actual Min Startup Time": 0.155, "Actual Max Startup Time": 0.155, "Actual Min Total Time": 1174.193, "Actual Max Total Time": 1174.193, "Plans": [{"Node Type": "Hash Join", "Parent Relationship": "Outer", "Join Type": "Inner", "Startup Cost": 195218.41, "Total Cost": 336388.42, "Plan Rows": 3296318, "Plan Width": 12, "Actual Min Startup Time": 183.261, "Actual Max Startup Time": 4647.642, "Actual Min Total Time": 926.5, "Actual Max Total Time": 6870.393, "Inner Unique": true, "Hash Cond": "(ci.person_id = n1.id), (LLVM Optimized, Jit Execute)", "Plans": [{"Node Type": "Streaming(type: LOCAL REDISTRIBUTE dop: 64/64)", "Parent Relationship": "Outer", "Startup Cost": 63002.48, "Total Cost": 203464.29, "Plan Rows": 3296318, "Plan Width": 8, "Actual Min Startup Time": 0.172, "Actual Max Startup Time": 4216.734, "Actual Min Total Time": 710.295, "Actual Max Total Time": 6670.262, "Plans": [{"Node Type": "Hash Join", "Parent Relationship": "Outer", "Join Type": "Inner", "Startup Cost": 63002.48, "Total Cost": 137341.8, "Plan Rows": 3296318, "Plan Width": 8, "Actual Min Startup Time": 151.529, "Actual Max Startup Time": 177.793, "Actual Min Total Time": 241.571, "Actual Max Total Time": 273.463, "Inner Unique": true, "Hash Cond": "(ci.role_id = rt.id), (LLVM Optimized, Jit Execute)", "Plans": [{"Node Type": "Seq Scan", "Parent Relationship": "Outer", "Relation Name": "cast_info", "Alias": "ci", "Startup Cost": 0.0, "Total Cost": 72404.34, "Plan Rows": 36259494, "Plan Width": 12, "Actual Min Startup Time": 0.026, "Actual Max Startup Time": 0.052, "Actual Min Total Time": 128.42, "Actual Max Total Time": 144.022, "Actual Rows": 36244343}, {"Node Type": "Hash", "Parent Relationship": "Inner", "Startup Cost": 63002.47, "Total Cost": 63002.47, "Plan Rows": 64, "Plan Width": 4, "Actual Min Startup Time": 0.011, "Actual Max Startup Time": 14.802, "Actual Min Total Time": 0.011, "Actual Max Total Time": 14.802, "Max Hash Buckets": 32768, "Min Hash Buckets": 32768, "Max Hash Batches": 1, "Min Hash Batches": 1, "Max Original Hash Batches": 1, "Min Original Hash Batches": 1, "Max Peak Memory Usage": 1, "min Peak Memory Usage": 1, "Plans": [{"Node Type": "Streaming(type: BROADCAST dop: 64/1)", "Parent Relationship": "Outer", "Startup Cost": 0.0, "Total Cost": 63002.47, "Plan Rows": 64, "Plan Width": 4, "Actual Min Startup Time": 0.003, "Actual Max Startup Time": 14.772, "Actual Min Total Time": 0.003, "Actual Max Total Time": 14.774, "Plans": [{"Node Type": "Seq Scan", "Parent Relationship": "Outer", "Relation Name": "role_type", "Alias": "rt", "Startup Cost": 0.0, "Total Cost": 1.15, "Plan Rows": 1, "Plan Width": 4, "Actual Min Startup Time": 0.027, "Actual Max Startup Time": 0.027, "Actual Min Total Time": 0.03, "Actual Max Total Time": 0.03, "Filter": "((role)::text = 'writer'::text)", "Rows Removed by Filter": 11, "Actual Rows": 1}], "Actual Rows": 64}], "Actual Rows": 64}], "Actual Rows": 2728943}], "Actual Rows": 2728943}, {"Node Type": "Hash", "Parent Relationship": "Inner", "Startup Cost": 131401.97, "Total Cost": 131401.97, "Plan Rows": 4167490, "Plan Width": 4, "Actual Min Startup Time": 182.95, "Actual Max Startup Time": 484.355, "Actual Min Total Time": 182.95, "Actual Max Total Time": 484.355, "Max Hash Buckets": 65536, "Min Hash Buckets": 65536, "Max Hash Batches": 1, "Min Hash Batches": 1, "Max Original Hash Batches": 1, "Min Original Hash Batches": 1, "Max Peak Memory Usage": 2290, "min Peak Memory Usage": 2290, "Plans": [{"Node Type": "Streaming(type: LOCAL REDISTRIBUTE dop: 64/64)", "Parent Relationship": "Outer", "Startup Cost": 0.0, "Total Cost": 131401.97, "Plan Rows": 4167490, "Plan Width": 4, "Actual Min Startup Time": 0.115, "Actual Max Startup Time": 163.747, "Actual Min Total Time": 154.309, "Actual Max Total Time": 460.619, "Plans": [{"Node Type": "Seq Scan", "Parent Relationship": "Outer", "Relation Name": "name", "Alias": "n1", "Startup Cost": 0.0, "Total Cost": 64454.25, "Plan Rows": 4167490, "Plan Width": 4, "Actual Min Startup Time": 0.016, "Actual Max Startup Time": 0.042, "Actual Min Total Time": 20.141, "Actual Max Total Time": 26.052, "Actual Rows": 4167490}], "Actual Rows": 4167490}], "Actual Rows": 4167490}], "Actual Rows": 2728943}], "Actual Rows": 2728943}, {"Node Type": "Hash", "Parent Relationship": "Inner", "Startup Cost": 180697.47, "Total Cost": 180697.47, "Plan Rows": 1282311, "Plan Width": 25, "Actual Min Startup Time": 4914.069, "Actual Max Startup Time": 4914.069, "Actual Min Total Time": 4914.069, "Actual Max Total Time": 4914.069, "Max Hash Buckets": 2097152, "Min Hash Buckets": 2097152, "Max Hash Batches": 1, "Min Hash Batches": 1, "Max Original Hash Batches": 1, "Min Original Hash Batches": 1, "Max Peak Memory Usage": 68508, "min Peak Memory Usage": 68508, "Plans": [{"Node Type": "Hash Join", "Parent Relationship": "Outer", "Join Type": "Inner", "Startup Cost": 98641.07, "Total Cost": 180697.47, "Plan Rows": 1282311, "Plan Width": 25, "Actual Min Startup Time": 2259.382, "Actual Max Startup Time": 2259.382, "Actual Min Total Time": 4410.608, "Actual Max Total Time": 4410.608, "Inner Unique": true, "Hash Cond": "(mc.movie_id = t.id), (LLVM Optimized, Jit Execute)", "Plans": [{"Node Type": "Hash Join", "Parent Relationship": "Outer", "Join Type": "Inner", "Startup Cost": 6968.08, "Total Cost": 71392.69, "Plan Rows": 1282311, "Plan Width": 4, "Actual Min Startup Time": 113.346, "Actual Max Startup Time": 113.346, "Actual Min Total Time": 1565.064, "Actual Max Total Time": 1565.064, "Inner Unique": true, "Hash Cond": "(mc.company_id = cn.id), (LLVM Optimized, Jit Execute)", "Plans": [{"Node Type": "Seq Scan", "Parent Relationship": "Outer", "Relation Name": "movie_companies", "Alias": "mc", "Startup Cost": 0.0, "Total Cost": 41817.28, "Plan Rows": 2609128, "Plan Width": 8, "Actual Min Startup Time": 0.056, "Actual Max Startup Time": 0.056, "Actual Min Total Time": 615.838, "Actual Max Total Time": 615.838, "Actual Rows": 2609128}, {"Node Type": "Hash", "Parent Relationship": "Inner", "Startup Cost": 5903.45, "Total Cost": 5903.45, "Plan Rows": 85170, "Plan Width": 4, "Actual Min Startup Time": 113.174, "Actual Max Startup Time": 113.174, "Actual Min Total Time": 113.174, "Actual Max Total Time": 113.174, "Max Hash Buckets": 131072, "Min Hash Buckets": 131072, "Max Hash Batches": 1, "Min Hash Batches": 1, "Max Original Hash Batches": 1, "Min Original Hash Batches": 1, "Max Peak Memory Usage": 2983, "min Peak Memory Usage": 2983, "Plans": [{"Node Type": "Seq Scan", "Parent Relationship": "Outer", "Relation Name": "company_name", "Alias": "cn", "Startup Cost": 0.0, "Total Cost": 5903.45, "Plan Rows": 85170, "Plan Width": 4, "Actual Min Startup Time": 0.046, "Actual Max Startup Time": 0.046, "Actual Min Total Time": 90.363, "Actual Max Total Time": 90.363, "Filter": "((country_code)::text = '[us]'::text)", "Rows Removed by Filter": 150153, "Actual Rows": 84843}], "Actual Rows": 84843}], "Actual Rows": 1153797}, {"Node Type": "Hash", "Parent Relationship": "Inner", "Startup Cost": 60069.11, "Total Cost": 60069.11, "Plan Rows": 2528311, "Plan Width": 21, "Actual Min Startup Time": 2143.448, "Actual Max Startup Time": 2143.448, "Actual Min Total Time": 2143.448, "Actual Max Total Time": 2143.448, "Max Hash Buckets": 4194304, "Min Hash Buckets": 4194304, "Max Hash Batches": 1, "Min Hash Batches": 1, "Max Original Hash Batches": 1, "Min Original Hash Batches": 1, "Max Peak Memory Usage": 135869, "min Peak Memory Usage": 135869, "Plans": [{"Node Type": "Seq Scan", "Parent Relationship": "Outer", "Relation Name": "title", "Alias": "t", "Startup Cost": 0.0, "Total Cost": 60069.11, "Plan Rows": 2528311, "Plan Width": 21, "Actual Min Startup Time": 0.023, "Actual Max Startup Time": 0.023, "Actual Min Total Time": 852.648, "Actual Max Total Time": 852.648, "Actual Rows": 2528311}], "Actual Rows": 2528311}], "Actual Rows": 1153797}], "Actual Rows": 1153797}], "Actual Rows": 1970658}], "Actual Rows": 1970658}], "Actual Rows": 2487611}], "Actual Rows": 1}, "Triggers": [], "Planner Runtime": 150, "Total Runtime": 10828.626, "Unique SQL Id": 2457761703}}, "(64, 9)": {"explain_plan": {"Plan": {"Node Type": "Aggregate", "Strategy": "Plain", "Startup Cost": 770846.96, "Total Cost": 770846.97, "Plan Rows": 1, "Plan Width": 97, "Plans": [{"Node Type": "Nested Loop", "Parent Relationship": "Outer", "Join Type": "Inner", "Startup Cost": 599201.04, "Total Cost": 769061.47, "Plan Rows": 357098, "Plan Width": 33, "Inner Unique": true, "Join Filter": "(a1.person_id = n1.id), (LLVM Optimized)", "Plans": [{"Node Type": "Merge Join", "Parent Relationship": "Outer", "Join Type": "Inner", "Startup Cost": 599201.04, "Total Cost": 667567.53, "Plan Rows": 357098, "Plan Width": 41, "Inner Unique": false, "Merge Cond": "(ci.person_id = a1.person_id)", "Plans": [{"Node Type": "Sort", "Parent Relationship": "Outer", "Startup Cost": 599200.97, "Total Cost": 600977.12, "Plan Rows": 710459, "Plan Width": 21, "Sort Key": ["ci.person_id"], "Plans": [{"Node Type": "Hash Join", "Parent Relationship": "Outer", "Join Type": "Inner", "Startup Cost": 329665.48, "Total Cost": 530150.07, "Plan Rows": 710459, "Plan Width": 21, "Inner Unique": false, "Hash Cond": "(ci.movie_id = t.id), (LLVM Optimized)", "Plans": [{"Node Type": "Nested Loop", "Parent Relationship": "Outer", "Join Type": "Inner", "Startup Cost": 0.0, "Total Cost": 171418.25, "Plan Rows": 3296318, "Plan Width": 8, "Inner Unique": false, "Plans": [{"Node Type": "Index Scan", "Parent Relationship": "Outer", "Scan Direction": "Forward", "Index Name": "role_type_pkey", "Relation Name": "role_type", "Alias": "rt", "Startup Cost": 0.0, "Total Cost": 12.46, "Plan Rows": 1, "Plan Width": 4, "Filter": "((role)::text = 'writer'::text)"}, {"Node Type": "Index Scan", "Parent Relationship": "Inner", "Scan Direction": "Forward", "Index Name": "role_id_cast_info", "Relation Name": "cast_info", "Alias": "ci", "Startup Cost": 0.0, "Total Cost": 138442.61, "Plan Rows": 3296318, "Plan Width": 12, "Index Cond": "(role_id = rt.id), (LLVM Optimized)"}]}, {"Node Type": "Hash", "Parent Relationship": "Inner", "Startup Cost": 313636.59, "Total Cost": 313636.59, "Plan Rows": 1282311, "Plan Width": 25, "Plans": [{"Node Type": "Hash Join", "Parent Relationship": "Outer", "Join Type": "Inner", "Startup Cost": 11568.59, "Total Cost": 313636.59, "Plan Rows": 1282311, "Plan Width": 25, "Inner Unique": true, "Hash Cond": "(mc.company_id = cn.id), (LLVM Optimized)", "Plans": [{"Node Type": "Merge Join", "Parent Relationship": "Outer", "Join Type": "Inner", "Startup Cost": 2.58, "Total Cost": 279463.24, "Plan Rows": 2609128, "Plan Width": 29, "Inner Unique": false, "Merge Cond": "(t.id = mc.movie_id)", "Plans": [{"Node Type": "Index Scan", "Parent Relationship": "Outer", "Scan Direction": "Forward", "Index Name": "title_pkey", "Relation Name": "title", "Alias": "t", "Startup Cost": 0.0, "Total Cost": 110120.49, "Plan Rows": 2528311, "Plan Width": 21}, {"Node Type": "Index Scan", "Parent Relationship": "Inner", "Scan Direction": "Forward", "Index Name": "movie_id_movie_companies", "Relation Name": "movie_companies", "Alias": "mc", "Startup Cost": 0.0, "Total Cost": 130519.46, "Plan Rows": 2609128, "Plan Width": 8}]}, {"Node Type": "Hash", "Parent Relationship": "Inner", "Startup Cost": 10501.39, "Total Cost": 10501.39, "Plan Rows": 85170, "Plan Width": 4, "Plans": [{"Node Type": "Index Scan", "Parent Relationship": "Outer", "Scan Direction": "Forward", "Index Name": "company_name_pkey", "Relation Name": "company_name", "Alias": "cn", "Startup Cost": 0.0, "Total Cost": 10501.39, "Plan Rows": 85170, "Plan Width": 4, "Filter": "((country_code)::text = '[us]'::text)"}]}]}]}]}]}, {"Node Type": "Index Scan", "Parent Relationship": "Inner", "Scan Direction": "Forward", "Index Name": "person_id_aka_name", "Relation Name": "aka_name", "Alias": "a1", "Startup Cost": 0.0, "Total Cost": 68965.03, "Plan Rows": 901342, "Plan Width": 20}]}, {"Node Type": "Index Only Scan", "Parent Relationship": "Inner", "Scan Direction": "Forward", "Index Name": "name_pkey", "Relation Name": "name", "Alias": "n1", "Startup Cost": 0.0, "Total Cost": 0.27, "Plan Rows": 1, "Plan Width": 4, "Index Cond": "(id = ci.person_id)"}]}]}, "Unique SQL Id": 2457761703, "Planner Runtime": 119}, "explain_analyze_plan": null}, "(64, 10)": {"explain_plan": {"Plan": {"Node Type": "Aggregate", "Strategy": "Plain", "Startup Cost": 528738.29, "Total Cost": 528738.3, "Plan Rows": 1, "Plan Width": 97, "Plans": [{"Node Type": "Hash Join", "Parent Relationship": "Outer", "Join Type": "Inner", "Startup Cost": 336662.4, "Total Cost": 526952.8, "Plan Rows": 357098, "Plan Width": 33, "Inner Unique": true, "Hash Cond": "(mc.company_id = cn.id), (LLVM Optimized)", "Plans": [{"Node Type": "Hash Join", "Parent Relationship": "Outer", "Join Type": "Inner", "Startup Cost": 329694.33, "Total Cost": 513689.03, "Plan Rows": 726589, "Plan Width": 37, "Inner Unique": false, "Hash Cond": "(ci.movie_id = t.id), (LLVM Optimized)", "Plans": [{"Node Type": "Streaming(type: LOCAL GATHER dop: 1/64)", "Parent Relationship": "Outer", "Startup Cost": 254738.78, "Total Cost": 417857.9, "Plan Rows": 1484588, "Plan Width": 20, "Plans": [{"Node Type": "Hash Join", "Parent Relationship": "Outer", "Join Type": "Inner", "Startup Cost": 254738.78, "Total Cost": 387231.02, "Plan Rows": 1484588, "Plan Width": 20, "Inner Unique": false, "Hash Cond": "(a1.person_id = ci.person_id), (LLVM Optimized)", "Plans": [{"Node Type": "Streaming(type: LOCAL REDISTRIBUTE dop: 64/1)", "Parent Relationship": "Outer", "Startup Cost": 202522.7, "Total Cost": 334446.0, "Plan Rows": 901342, "Plan Width": 24, "Plans": [{"Node Type": "Hash Join", "Parent Relationship": "Outer", "Join Type": "Inner", "Startup Cost": 202522.7, "Total Cost": 234824.58, "Plan Rows": 901342, "Plan Width": 24, "Inner Unique": true, "Hash Cond": "(a1.person_id = n1.id), (LLVM Optimized)", "Plans": [{"Node Type": "Seq Scan", "Parent Relationship": "Outer", "Relation Name": "aka_name", "Alias": "a1", "Startup Cost": 0.0, "Total Cost": 19908.42, "Plan Rows": 901342, "Plan Width": 20}, {"Node Type": "Hash", "Parent Relationship": "Inner", "Startup Cost": 150429.08, "Total Cost": 150429.08, "Plan Rows": 4167490, "Plan Width": 4, "Plans": [{"Node Type": "Streaming(type: LOCAL GATHER dop: 1/64)", "Parent Relationship": "Outer", "Startup Cost": 0.0, "Total Cost": 150429.08, "Plan Rows": 4167490, "Plan Width": 4, "Plans": [{"Node Type": "Seq Scan", "Parent Relationship": "Outer", "Relation Name": "name", "Alias": "n1", "Startup Cost": 0.0, "Total Cost": 64454.25, "Plan Rows": 4167490, "Plan Width": 4}]}]}]}]}, {"Node Type": "Hash", "Parent Relationship": "Inner", "Startup Cost": 203464.29, "Total Cost": 203464.29, "Plan Rows": 3296318, "Plan Width": 8, "Plans": [{"Node Type": "Streaming(type: LOCAL REDISTRIBUTE dop: 64/64)", "Parent Relationship": "Outer", "Startup Cost": 63002.48, "Total Cost": 203464.29, "Plan Rows": 3296318, "Plan Width": 8, "Plans": [{"Node Type": "Hash Join", "Parent Relationship": "Outer", "Join Type": "Inner", "Startup Cost": 63002.48, "Total Cost": 137341.8, "Plan Rows": 3296318, "Plan Width": 8, "Inner Unique": true, "Hash Cond": "(ci.role_id = rt.id), (LLVM Optimized)", "Plans": [{"Node Type": "Seq Scan", "Parent Relationship": "Outer", "Relation Name": "cast_info", "Alias": "ci", "Startup Cost": 0.0, "Total Cost": 72404.34, "Plan Rows": 36259494, "Plan Width": 12}, {"Node Type": "Hash", "Parent Relationship": "Inner", "Startup Cost": 63002.47, "Total Cost": 63002.47, "Plan Rows": 64, "Plan Width": 4, "Plans": [{"Node Type": "Streaming(type: BROADCAST dop: 64/1)", "Parent Relationship": "Outer", "Startup Cost": 0.0, "Total Cost": 63002.47, "Plan Rows": 64, "Plan Width": 4, "Plans": [{"Node Type": "Seq Scan", "Parent Relationship": "Outer", "Relation Name": "role_type", "Alias": "rt", "Startup Cost": 0.0, "Total Cost": 1.15, "Plan Rows": 1, "Plan Width": 4, "Filter": "((role)::text = 'writer'::text)"}]}]}]}]}]}]}]}, {"Node Type": "Hash", "Parent Relationship": "Inner", "Startup Cost": 169365.79, "Total Cost": 169365.79, "Plan Rows": 2609128, "Plan Width": 29, "Plans": [{"Node Type": "Hash Join", "Parent Relationship": "Outer", "Join Type": "Inner", "Startup Cost": 91673.0, "Total Cost": 169365.79, "Plan Rows": 2609128, "Plan Width": 29, "Inner Unique": true, "Hash Cond": "(mc.movie_id = t.id), (LLVM Optimized)", "Plans": [{"Node Type": "Seq Scan", "Parent Relationship": "Outer", "Relation Name": "movie_companies", "Alias": "mc", "Startup Cost": 0.0, "Total Cost": 41817.28, "Plan Rows": 2609128, "Plan Width": 8}, {"Node Type": "Hash", "Parent Relationship": "Inner", "Startup Cost": 60069.11, "Total Cost": 60069.11, "Plan Rows": 2528311, "Plan Width": 21, "Plans": [{"Node Type": "Seq Scan", "Parent Relationship": "Outer", "Relation Name": "title", "Alias": "t", "Startup Cost": 0.0, "Total Cost": 60069.11, "Plan Rows": 2528311, "Plan Width": 21}]}]}]}]}, {"Node Type": "Hash", "Parent Relationship": "Inner", "Startup Cost": 5903.45, "Total Cost": 5903.45, "Plan Rows": 85170, "Plan Width": 4, "Plans": [{"Node Type": "Seq Scan", "Parent Relationship": "Outer", "Relation Name": "company_name", "Alias": "cn", "Startup Cost": 0.0, "Total Cost": 5903.45, "Plan Rows": 85170, "Plan Width": 4, "Filter": "((country_code)::text = '[us]'::text)"}]}]}]}, "Unique SQL Id": 2457761703, "Planner Runtime": 194}, "explain_analyze_plan": {"Plan": {"Node Type": "Aggregate", "Strategy": "Plain", "Startup Cost": 528738.29, "Total Cost": 528738.3, "Plan Rows": 1, "Plan Width": 97, "Actual Min Startup Time": 10653.339, "Actual Max Startup Time": 10653.339, "Actual Min Total Time": 10653.34, "Actual Max Total Time": 10653.34, "Plans": [{"Node Type": "Hash Join", "Parent Relationship": "Outer", "Join Type": "Inner", "Startup Cost": 336662.4, "Total Cost": 526952.8, "Plan Rows": 357098, "Plan Width": 33, "Actual Min Startup Time": 5045.785, "Actual Max Startup Time": 5045.785, "Actual Min Total Time": 9470.761, "Actual Max Total Time": 9470.761, "Inner Unique": true, "Hash Cond": "(mc.company_id = cn.id), (LLVM Optimized, Jit Execute)", "Plans": [{"Node Type": "Hash Join", "Parent Relationship": "Outer", "Join Type": "Inner", "Startup Cost": 329694.33, "Total Cost": 513689.03, "Plan Rows": 726589, "Plan Width": 37, "Actual Min Startup Time": 4932.473, "Actual Max Startup Time": 4932.473, "Actual Min Total Time": 8014.504, "Actual Max Total Time": 8014.504, "Inner Unique": false, "Hash Cond": "(ci.movie_id = t.id), (LLVM Optimized, Jit Execute)", "Plans": [{"Node Type": "Streaming(type: LOCAL GATHER dop: 1/64)", "Parent Relationship": "Outer", "Startup Cost": 254738.78, "Total Cost": 417857.9, "Plan Rows": 1484588, "Plan Width": 20, "Actual Min Startup Time": 0.149, "Actual Max Startup Time": 0.149, "Actual Min Total Time": 1136.935, "Actual Max Total Time": 1136.935, "Plans": [{"Node Type": "Hash Join", "Parent Relationship": "Outer", "Join Type": "Inner", "Startup Cost": 254738.78, "Total Cost": 387231.02, "Plan Rows": 1484588, "Plan Width": 20, "Actual Min Startup Time": 2400.847, "Actual Max Startup Time": 4561.54, "Actual Min Total Time": 6405.607, "Actual Max Total Time": 9204.271, "Inner Unique": false, "Hash Cond": "(a1.person_id = ci.person_id), (LLVM Optimized, Jit Execute)", "Plans": [{"Node Type": "Streaming(type: LOCAL REDISTRIBUTE dop: 64/1)", "Parent Relationship": "Outer", "Startup Cost": 202522.7, "Total Cost": 334446.0, "Plan Rows": 901342, "Plan Width": 24, "Actual Min Startup Time": 2082.179, "Actual Max Startup Time": 4189.143, "Actual Min Total Time": 5973.318, "Actual Max Total Time": 8689.53, "Plans": [{"Node Type": "Hash Join", "Parent Relationship": "Outer", "Join Type": "Inner", "Startup Cost": 202522.7, "Total Cost": 234824.58, "Plan Rows": 901342, "Plan Width": 24, "Actual Min Startup Time": 2391.386, "Actual Max Startup Time": 2391.386, "Actual Min Total Time": 3134.379, "Actual Max Total Time": 3134.379, "Inner Unique": true, "Hash Cond": "(a1.person_id = n1.id), (LLVM Optimized, Jit Execute)", "Plans": [{"Node Type": "Seq Scan", "Parent Relationship": "Outer", "Relation Name": "aka_name", "Alias": "a1", "Startup Cost": 0.0, "Total Cost": 19908.42, "Plan Rows": 901342, "Plan Width": 20, "Actual Min Startup Time": 0.031, "Actual Max Startup Time": 0.031, "Actual Min Total Time": 226.0, "Actual Max Total Time": 226.0, "Actual Rows": 901342}, {"Node Type": "Hash", "Parent Relationship": "Inner", "Startup Cost": 150429.08, "Total Cost": 150429.08, "Plan Rows": 4167490, "Plan Width": 4, "Actual Min Startup Time": 2388.72, "Actual Max Startup Time": 2388.72, "Actual Min Total Time": 2388.72, "Actual Max Total Time": 2388.72, "Max Hash Buckets": 4194304, "Min Hash Buckets": 4194304, "Max Hash Batches": 1, "Min Hash Batches": 1, "Max Original Hash Batches": 1, "Min Original Hash Batches": 1, "Max Peak Memory Usage": 146514, "min Peak Memory Usage": 146514, "Plans": [{"Node Type": "Streaming(type: LOCAL GATHER dop: 1/64)", "Parent Relationship": "Outer", "Startup Cost": 0.0, "Total Cost": 150429.08, "Plan Rows": 4167490, "Plan Width": 4, "Actual Min Startup Time": 0.144, "Actual Max Startup Time": 0.144, "Actual Min Total Time": 1203.473, "Actual Max Total Time": 1203.473, "Plans": [{"Node Type": "Seq Scan", "Parent Relationship": "Outer", "Relation Name": "name", "Alias": "n1", "Startup Cost": 0.0, "Total Cost": 64454.25, "Plan Rows": 4167490, "Plan Width": 4, "Actual Min Startup Time": 0.019, "Actual Max Startup Time": 0.041, "Actual Min Total Time": 18.918, "Actual Max Total Time": 22.367, "Actual Rows": 4167490}], "Actual Rows": 4167490}], "Actual Rows": 4167490}], "Actual Rows": 901342}], "Actual Rows": 901342}, {"Node Type": "Hash", "Parent Relationship": "Inner", "Startup Cost": 203464.29, "Total Cost": 203464.29, "Plan Rows": 3296318, "Plan Width": 8, "Actual Min Startup Time": 314.974, "Actual Max Startup Time": 620.859, "Actual Min Total Time": 314.974, "Actual Max Total Time": 620.859, "Max Hash Buckets": 65536, "Min Hash Buckets": 65536, "Max Hash Batches": 1, "Min Hash Batches": 1, "Max Original Hash Batches": 1, "Min Original Hash Batches": 1, "Max Peak Memory Usage": 1483, "min Peak Memory Usage": 1483, "Plans": [{"Node Type": "Streaming(type: LOCAL REDISTRIBUTE dop: 64/64)", "Parent Relationship": "Outer", "Startup Cost": 63002.48, "Total Cost": 203464.29, "Plan Rows": 3296318, "Plan Width": 8, "Actual Min Startup Time": 0.106, "Actual Max Startup Time": 297.598, "Actual Min Total Time": 304.117, "Actual Max Total Time": 610.951, "Plans": [{"Node Type": "Hash Join", "Parent Relationship": "Outer", "Join Type": "Inner", "Startup Cost": 63002.48, "Total Cost": 137341.8, "Plan Rows": 3296318, "Plan Width": 8, "Actual Min Startup Time": 151.808, "Actual Max Startup Time": 321.453, "Actual Min Total Time": 242.856, "Actual Max Total Time": 411.34, "Inner Unique": true, "Hash Cond": "(ci.role_id = rt.id), (LLVM Optimized, Jit Execute)", "Plans": [{"Node Type": "Seq Scan", "Parent Relationship": "Outer", "Relation Name": "cast_info", "Alias": "ci", "Startup Cost": 0.0, "Total Cost": 72404.34, "Plan Rows": 36259494, "Plan Width": 12, "Actual Min Startup Time": 0.025, "Actual Max Startup Time": 9.439, "Actual Min Total Time": 127.377, "Actual Max Total Time": 144.233, "Actual Rows": 36244343}, {"Node Type": "Hash", "Parent Relationship": "Inner", "Startup Cost": 63002.47, "Total Cost": 63002.47, "Plan Rows": 64, "Plan Width": 4, "Actual Min Startup Time": 0.011, "Actual Max Startup Time": 159.839, "Actual Min Total Time": 0.011, "Actual Max Total Time": 159.839, "Max Hash Buckets": 32768, "Min Hash Buckets": 32768, "Max Hash Batches": 1, "Min Hash Batches": 1, "Max Original Hash Batches": 1, "Min Original Hash Batches": 1, "Max Peak Memory Usage": 1, "min Peak Memory Usage": 1, "Plans": [{"Node Type": "Streaming(type: BROADCAST dop: 64/1)", "Parent Relationship": "Outer", "Startup Cost": 0.0, "Total Cost": 63002.47, "Plan Rows": 64, "Plan Width": 4, "Actual Min Startup Time": 0.003, "Actual Max Startup Time": 159.19, "Actual Min Total Time": 0.003, "Actual Max Total Time": 159.194, "Plans": [{"Node Type": "Seq Scan", "Parent Relationship": "Outer", "Relation Name": "role_type", "Alias": "rt", "Startup Cost": 0.0, "Total Cost": 1.15, "Plan Rows": 1, "Plan Width": 4, "Actual Min Startup Time": 0.04, "Actual Max Startup Time": 0.04, "Actual Min Total Time": 0.044, "Actual Max Total Time": 0.044, "Filter": "((role)::text = 'writer'::text)", "Rows Removed by Filter": 11, "Actual Rows": 1}], "Actual Rows": 64}], "Actual Rows": 64}], "Actual Rows": 2728943}], "Actual Rows": 2728943}], "Actual Rows": 2728943}], "Actual Rows": 2343724}], "Actual Rows": 2343724}, {"Node Type": "Hash", "Parent Relationship": "Inner", "Startup Cost": 169365.79, "Total Cost": 169365.79, "Plan Rows": 2609128, "Plan Width": 29, "Actual Min Startup Time": 4926.029, "Actual Max Startup Time": 4926.029, "Actual Min Total Time": 4926.029, "Actual Max Total Time": 4926.029, "Max Hash Buckets": 4194304, "Min Hash Buckets": 4194304, "Max Hash Batches": 1, "Min Hash Batches": 1, "Max Original Hash Batches": 1, "Min Original Hash Batches": 1, "Max Peak Memory Usage": 164769, "min Peak Memory Usage": 164769, "Plans": [{"Node Type": "Hash Join", "Parent Relationship": "Outer", "Join Type": "Inner", "Startup Cost": 91673.0, "Total Cost": 169365.79, "Plan Rows": 2609128, "Plan Width": 29, "Actual Min Startup Time": 1869.664, "Actual Max Startup Time": 1869.664, "Actual Min Total Time": 3974.511, "Actual Max Total Time": 3974.511, "Inner Unique": true, "Hash Cond": "(mc.movie_id = t.id), (LLVM Optimized, Jit Execute)", "Plans": [{"Node Type": "Seq Scan", "Parent Relationship": "Outer", "Relation Name": "movie_companies", "Alias": "mc", "Startup Cost": 0.0, "Total Cost": 41817.28, "Plan Rows": 2609128, "Plan Width": 8, "Actual Min Startup Time": 0.034, "Actual Max Startup Time": 0.034, "Actual Min Total Time": 573.13, "Actual Max Total Time": 573.13, "Actual Rows": 2609128}, {"Node Type": "Hash", "Parent Relationship": "Inner", "Startup Cost": 60069.11, "Total Cost": 60069.11, "Plan Rows": 2528311, "Plan Width": 21, "Actual Min Startup Time": 1867.154, "Actual Max Startup Time": 1867.154, "Actual Min Total Time": 1867.154, "Actual Max Total Time": 1867.154, "Max Hash Buckets": 4194304, "Min Hash Buckets": 4194304, "Max Hash Batches": 1, "Min Hash Batches": 1, "Max Original Hash Batches": 1, "Min Original Hash Batches": 1, "Max Peak Memory Usage": 135869, "min Peak Memory Usage": 135869, "Plans": [{"Node Type": "Seq Scan", "Parent Relationship": "Outer", "Relation Name": "title", "Alias": "t", "Startup Cost": 0.0, "Total Cost": 60069.11, "Plan Rows": 2528311, "Plan Width": 21, "Actual Min Startup Time": 0.025, "Actual Max Startup Time": 0.025, "Actual Min Total Time": 832.832, "Actual Max Total Time": 832.832, "Actual Rows": 2528311}], "Actual Rows": 2528311}], "Actual Rows": 2609128}], "Actual Rows": 2609128}], "Actual Rows": 4961427}, {"Node Type": "Hash", "Parent Relationship": "Inner", "Startup Cost": 5903.45, "Total Cost": 5903.45, "Plan Rows": 85170, "Plan Width": 4, "Actual Min Startup Time": 113.153, "Actual Max Startup Time": 113.153, "Actual Min Total Time": 113.153, "Actual Max Total Time": 113.153, "Max Hash Buckets": 131072, "Min Hash Buckets": 131072, "Max Hash Batches": 1, "Min Hash Batches": 1, "Max Original Hash Batches": 1, "Min Original Hash Batches": 1, "Max Peak Memory Usage": 2983, "min Peak Memory Usage": 2983, "Plans": [{"Node Type": "Seq Scan", "Parent Relationship": "Outer", "Relation Name": "company_name", "Alias": "cn", "Startup Cost": 0.0, "Total Cost": 5903.45, "Plan Rows": 85170, "Plan Width": 4, "Actual Min Startup Time": 0.07, "Actual Max Startup Time": 0.07, "Actual Min Total Time": 89.97, "Actual Max Total Time": 89.97, "Filter": "((country_code)::text = '[us]'::text)", "Rows Removed by Filter": 150153, "Actual Rows": 84843}], "Actual Rows": 84843}], "Actual Rows": 2487611}], "Actual Rows": 1}, "Triggers": [], "Planner Runtime": 172, "Total Runtime": 10708.533, "Unique SQL Id": 2457761703}}, "(64, 11)": {"explain_plan": {"Plan": {"Node Type": "Aggregate", "Strategy": "Plain", "Startup Cost": 6752833214283.18, "Total Cost": 6752833214283.19, "Plan Rows": 1, "Plan Width": 97, "Plans": [{"Node Type": "Nested Loop", "Parent Relationship": "Outer", "Join Type": "Inner", "Startup Cost": 70071825122.57, "Total Cost": 6752833212497.69, "Plan Rows": 357098, "Plan Width": 33, "Inner Unique": false, "Join Filter": "(t.id = ci.movie_id), (LLVM Optimized)", "Plans": [{"Node Type": "Merge Join", "Parent Relationship": "Outer", "Join Type": "Inner", "Startup Cost": 30021927926.2, "Total Cost": 3002409653794.57, "Plan Rows": 1282311, "Plan Width": 25, "Inner Unique": true, "Merge Cond": "(mc.movie_id = t.id)", "Plans": [{"Node Type": "Nested Loop", "Parent Relationship": "Outer", "Join Type": "Inner", "Startup Cost": 20000000000.0, "Total Cost": 2003347393774.42, "Plan Rows": 1282311, "Plan Width": 4, "Inner Unique": true, "Join Filter": "(cn.id = mc.company_id), (LLVM Optimized)", "Plans": [{"Node Type": "Index Scan", "Parent Relationship": "Outer", "Scan Direction": "Forward", "Index Name": "movie_id_movie_companies", "Relation Name": "movie_companies", "Alias": "mc", "Startup Cost": 10000000000.0, "Total Cost": 1000013051946.13, "Plan Rows": 2609128, "Plan Width": 8}, {"Node Type": "Materialize", "Parent Relationship": "Inner", "Startup Cost": 10000000000.0, "Total Cost": 1000001050564.82, "Plan Rows": 85170, "Plan Width": 4, "Plans": [{"Node Type": "Index Scan", "Parent Relationship": "Outer", "Scan Direction": "Forward", "Index Name": "company_name_pkey", "Relation Name": "company_name", "Alias": "cn", "Startup Cost": 10000000000.0, "Total Cost": 1000001050138.97, "Plan Rows": 85170, "Plan Width": 4, "Filter": "((country_code)::text = '[us]'::text)"}]}]}, {"Node Type": "Index Scan", "Parent Relationship": "Inner", "Scan Direction": "Forward", "Index Name": "title_pkey", "Relation Name": "title", "Alias": "t", "Startup Cost": 10000000000.0, "Total Cost": 1000011012048.91, "Plan Rows": 2528311, "Plan Width": 21}]}, {"Node Type": "Materialize", "Parent Relationship": "Inner", "Startup Cost": 40049897196.36, "Total Cost": 3721868009571.57, "Plan Rows": 1484588, "Plan Width": 20, "Plans": [{"Node Type": "Nested Loop", "Parent Relationship": "Outer", "Join Type": "Inner", "Startup Cost": 40049897196.36, "Total Cost": 3721868002148.63, "Plan Rows": 1484588, "Plan Width": 20, "Inner Unique": false, "Join Filter": "(ci.role_id = rt.id), (LLVM Optimized)", "Plans": [{"Node Type": "Index Scan", "Parent Relationship": "Outer", "Scan Direction": "Forward", "Index Name": "role_type_pkey", "Relation Name": "role_type", "Alias": "rt", "Startup Cost": 10000000000.0, "Total Cost": 1000000001246.0, "Plan Rows": 1, "Plan Width": 4, "Filter": "((role)::text = 'writer'::text)"}, {"Node Type": "Merge Join", "Parent Relationship": "Inner", "Join Type": "Inner", "Startup Cost": 30049897196.36, "Total Cost": 2721867796771.75, "Plan Rows": 16330470, "Plan Width": 24, "Inner Unique": false, "Merge Cond": "(a1.person_id = ci.person_id)", "Plans": [{"Node Type": "Merge Join", "Parent Relationship": "Outer", "Join Type": "Inner", "Startup Cost": 20030754356.47, "Total Cost": 2000002534968.85, "Plan Rows": 901342, "Plan Width": 24, "Inner Unique": true, "Merge Cond": "(a1.person_id = n1.id)", "Plans": [{"Node Type": "Index Scan", "Parent Relationship": "Outer", "Scan Direction": "Forward", "Index Name": "person_id_aka_name", "Relation Name": "aka_name", "Alias": "a1", "Startup Cost": 10000000000.0, "Total Cost": 1000006896503.43, "Plan Rows": 901342, "Plan Width": 20}, {"Node Type": "Index Only Scan", "Parent Relationship": "Inner", "Scan Direction": "Forward", "Index Name": "name_pkey", "Relation Name": "name", "Alias": "n1", "Startup Cost": 10000000000.0, "Total Cost": 1000012483260.0, "Plan Rows": 4167490, "Plan Width": 4}]}, {"Node Type": "Index Scan", "Parent Relationship": "Inner", "Scan Direction": "Forward", "Index Name": "person_id_cast_info", "Relation Name": "cast_info", "Alias": "ci", "Startup Cost": 10000000000.0, "Total Cost": 1000170648833.21, "Plan Rows": 36259494, "Plan Width": 12}]}]}]}]}]}, "Unique SQL Id": 2457761703, "Planner Runtime": 113}, "explain_analyze_plan": null}, "(64, 12)": {"explain_plan": {"Plan": {"Node Type": "Aggregate", "Strategy": "Plain", "Startup Cost": 528738.29, "Total Cost": 528738.3, "Plan Rows": 1, "Plan Width": 97, "Plans": [{"Node Type": "Hash Join", "Parent Relationship": "Outer", "Join Type": "Inner", "Startup Cost": 336662.4, "Total Cost": 526952.8, "Plan Rows": 357098, "Plan Width": 33, "Inner Unique": true, "Hash Cond": "(mc.company_id = cn.id), (LLVM Optimized)", "Plans": [{"Node Type": "Hash Join", "Parent Relationship": "Outer", "Join Type": "Inner", "Startup Cost": 329694.33, "Total Cost": 513689.03, "Plan Rows": 726589, "Plan Width": 37, "Inner Unique": false, "Hash Cond": "(ci.movie_id = t.id), (LLVM Optimized)", "Plans": [{"Node Type": "Streaming(type: LOCAL GATHER dop: 1/64)", "Parent Relationship": "Outer", "Startup Cost": 254738.78, "Total Cost": 417857.9, "Plan Rows": 1484588, "Plan Width": 20, "Plans": [{"Node Type": "Hash Join", "Parent Relationship": "Outer", "Join Type": "Inner", "Startup Cost": 254738.78, "Total Cost": 387231.02, "Plan Rows": 1484588, "Plan Width": 20, "Inner Unique": false, "Hash Cond": "(a1.person_id = ci.person_id), (LLVM Optimized)", "Plans": [{"Node Type": "Streaming(type: LOCAL REDISTRIBUTE dop: 64/1)", "Parent Relationship": "Outer", "Startup Cost": 202522.7, "Total Cost": 334446.0, "Plan Rows": 901342, "Plan Width": 24, "Plans": [{"Node Type": "Hash Join", "Parent Relationship": "Outer", "Join Type": "Inner", "Startup Cost": 202522.7, "Total Cost": 234824.58, "Plan Rows": 901342, "Plan Width": 24, "Inner Unique": true, "Hash Cond": "(a1.person_id = n1.id), (LLVM Optimized)", "Plans": [{"Node Type": "Seq Scan", "Parent Relationship": "Outer", "Relation Name": "aka_name", "Alias": "a1", "Startup Cost": 0.0, "Total Cost": 19908.42, "Plan Rows": 901342, "Plan Width": 20}, {"Node Type": "Hash", "Parent Relationship": "Inner", "Startup Cost": 150429.08, "Total Cost": 150429.08, "Plan Rows": 4167490, "Plan Width": 4, "Plans": [{"Node Type": "Streaming(type: LOCAL GATHER dop: 1/64)", "Parent Relationship": "Outer", "Startup Cost": 0.0, "Total Cost": 150429.08, "Plan Rows": 4167490, "Plan Width": 4, "Plans": [{"Node Type": "Seq Scan", "Parent Relationship": "Outer", "Relation Name": "name", "Alias": "n1", "Startup Cost": 0.0, "Total Cost": 64454.25, "Plan Rows": 4167490, "Plan Width": 4}]}]}]}]}, {"Node Type": "Hash", "Parent Relationship": "Inner", "Startup Cost": 203464.29, "Total Cost": 203464.29, "Plan Rows": 3296318, "Plan Width": 8, "Plans": [{"Node Type": "Streaming(type: LOCAL REDISTRIBUTE dop: 64/64)", "Parent Relationship": "Outer", "Startup Cost": 63002.48, "Total Cost": 203464.29, "Plan Rows": 3296318, "Plan Width": 8, "Plans": [{"Node Type": "Hash Join", "Parent Relationship": "Outer", "Join Type": "Inner", "Startup Cost": 63002.48, "Total Cost": 137341.8, "Plan Rows": 3296318, "Plan Width": 8, "Inner Unique": true, "Hash Cond": "(ci.role_id = rt.id), (LLVM Optimized)", "Plans": [{"Node Type": "Seq Scan", "Parent Relationship": "Outer", "Relation Name": "cast_info", "Alias": "ci", "Startup Cost": 0.0, "Total Cost": 72404.34, "Plan Rows": 36259494, "Plan Width": 12}, {"Node Type": "Hash", "Parent Relationship": "Inner", "Startup Cost": 63002.47, "Total Cost": 63002.47, "Plan Rows": 64, "Plan Width": 4, "Plans": [{"Node Type": "Streaming(type: BROADCAST dop: 64/1)", "Parent Relationship": "Outer", "Startup Cost": 0.0, "Total Cost": 63002.47, "Plan Rows": 64, "Plan Width": 4, "Plans": [{"Node Type": "Seq Scan", "Parent Relationship": "Outer", "Relation Name": "role_type", "Alias": "rt", "Startup Cost": 0.0, "Total Cost": 1.15, "Plan Rows": 1, "Plan Width": 4, "Filter": "((role)::text = 'writer'::text)"}]}]}]}]}]}]}]}, {"Node Type": "Hash", "Parent Relationship": "Inner", "Startup Cost": 169365.79, "Total Cost": 169365.79, "Plan Rows": 2609128, "Plan Width": 29, "Plans": [{"Node Type": "Hash Join", "Parent Relationship": "Outer", "Join Type": "Inner", "Startup Cost": 91673.0, "Total Cost": 169365.79, "Plan Rows": 2609128, "Plan Width": 29, "Inner Unique": true, "Hash Cond": "(mc.movie_id = t.id), (LLVM Optimized)", "Plans": [{"Node Type": "Seq Scan", "Parent Relationship": "Outer", "Relation Name": "movie_companies", "Alias": "mc", "Startup Cost": 0.0, "Total Cost": 41817.28, "Plan Rows": 2609128, "Plan Width": 8}, {"Node Type": "Hash", "Parent Relationship": "Inner", "Startup Cost": 60069.11, "Total Cost": 60069.11, "Plan Rows": 2528311, "Plan Width": 21, "Plans": [{"Node Type": "Seq Scan", "Parent Relationship": "Outer", "Relation Name": "title", "Alias": "t", "Startup Cost": 0.0, "Total Cost": 60069.11, "Plan Rows": 2528311, "Plan Width": 21}]}]}]}]}, {"Node Type": "Hash", "Parent Relationship": "Inner", "Startup Cost": 5903.45, "Total Cost": 5903.45, "Plan Rows": 85170, "Plan Width": 4, "Plans": [{"Node Type": "Seq Scan", "Parent Relationship": "Outer", "Relation Name": "company_name", "Alias": "cn", "Startup Cost": 0.0, "Total Cost": 5903.45, "Plan Rows": 85170, "Plan Width": 4, "Filter": "((country_code)::text = '[us]'::text)"}]}]}]}, "Unique SQL Id": 2457761703, "Planner Runtime": 180}, "explain_analyze_plan": {"Plan": {"Node Type": "Aggregate", "Strategy": "Plain", "Startup Cost": 528738.29, "Total Cost": 528738.3, "Plan Rows": 1, "Plan Width": 97, "Actual Min Startup Time": 10653.339, "Actual Max Startup Time": 10653.339, "Actual Min Total Time": 10653.34, "Actual Max Total Time": 10653.34, "Plans": [{"Node Type": "Hash Join", "Parent Relationship": "Outer", "Join Type": "Inner", "Startup Cost": 336662.4, "Total Cost": 526952.8, "Plan Rows": 357098, "Plan Width": 33, "Actual Min Startup Time": 5045.785, "Actual Max Startup Time": 5045.785, "Actual Min Total Time": 9470.761, "Actual Max Total Time": 9470.761, "Inner Unique": true, "Hash Cond": "(mc.company_id = cn.id), (LLVM Optimized, Jit Execute)", "Plans": [{"Node Type": "Hash Join", "Parent Relationship": "Outer", "Join Type": "Inner", "Startup Cost": 329694.33, "Total Cost": 513689.03, "Plan Rows": 726589, "Plan Width": 37, "Actual Min Startup Time": 4932.473, "Actual Max Startup Time": 4932.473, "Actual Min Total Time": 8014.504, "Actual Max Total Time": 8014.504, "Inner Unique": false, "Hash Cond": "(ci.movie_id = t.id), (LLVM Optimized, Jit Execute)", "Plans": [{"Node Type": "Streaming(type: LOCAL GATHER dop: 1/64)", "Parent Relationship": "Outer", "Startup Cost": 254738.78, "Total Cost": 417857.9, "Plan Rows": 1484588, "Plan Width": 20, "Actual Min Startup Time": 0.149, "Actual Max Startup Time": 0.149, "Actual Min Total Time": 1136.935, "Actual Max Total Time": 1136.935, "Plans": [{"Node Type": "Hash Join", "Parent Relationship": "Outer", "Join Type": "Inner", "Startup Cost": 254738.78, "Total Cost": 387231.02, "Plan Rows": 1484588, "Plan Width": 20, "Actual Min Startup Time": 2400.847, "Actual Max Startup Time": 4561.54, "Actual Min Total Time": 6405.607, "Actual Max Total Time": 9204.271, "Inner Unique": false, "Hash Cond": "(a1.person_id = ci.person_id), (LLVM Optimized, Jit Execute)", "Plans": [{"Node Type": "Streaming(type: LOCAL REDISTRIBUTE dop: 64/1)", "Parent Relationship": "Outer", "Startup Cost": 202522.7, "Total Cost": 334446.0, "Plan Rows": 901342, "Plan Width": 24, "Actual Min Startup Time": 2082.179, "Actual Max Startup Time": 4189.143, "Actual Min Total Time": 5973.318, "Actual Max Total Time": 8689.53, "Plans": [{"Node Type": "Hash Join", "Parent Relationship": "Outer", "Join Type": "Inner", "Startup Cost": 202522.7, "Total Cost": 234824.58, "Plan Rows": 901342, "Plan Width": 24, "Actual Min Startup Time": 2391.386, "Actual Max Startup Time": 2391.386, "Actual Min Total Time": 3134.379, "Actual Max Total Time": 3134.379, "Inner Unique": true, "Hash Cond": "(a1.person_id = n1.id), (LLVM Optimized, Jit Execute)", "Plans": [{"Node Type": "Seq Scan", "Parent Relationship": "Outer", "Relation Name": "aka_name", "Alias": "a1", "Startup Cost": 0.0, "Total Cost": 19908.42, "Plan Rows": 901342, "Plan Width": 20, "Actual Min Startup Time": 0.031, "Actual Max Startup Time": 0.031, "Actual Min Total Time": 226.0, "Actual Max Total Time": 226.0, "Actual Rows": 901342}, {"Node Type": "Hash", "Parent Relationship": "Inner", "Startup Cost": 150429.08, "Total Cost": 150429.08, "Plan Rows": 4167490, "Plan Width": 4, "Actual Min Startup Time": 2388.72, "Actual Max Startup Time": 2388.72, "Actual Min Total Time": 2388.72, "Actual Max Total Time": 2388.72, "Max Hash Buckets": 4194304, "Min Hash Buckets": 4194304, "Max Hash Batches": 1, "Min Hash Batches": 1, "Max Original Hash Batches": 1, "Min Original Hash Batches": 1, "Max Peak Memory Usage": 146514, "min Peak Memory Usage": 146514, "Plans": [{"Node Type": "Streaming(type: LOCAL GATHER dop: 1/64)", "Parent Relationship": "Outer", "Startup Cost": 0.0, "Total Cost": 150429.08, "Plan Rows": 4167490, "Plan Width": 4, "Actual Min Startup Time": 0.144, "Actual Max Startup Time": 0.144, "Actual Min Total Time": 1203.473, "Actual Max Total Time": 1203.473, "Plans": [{"Node Type": "Seq Scan", "Parent Relationship": "Outer", "Relation Name": "name", "Alias": "n1", "Startup Cost": 0.0, "Total Cost": 64454.25, "Plan Rows": 4167490, "Plan Width": 4, "Actual Min Startup Time": 0.019, "Actual Max Startup Time": 0.041, "Actual Min Total Time": 18.918, "Actual Max Total Time": 22.367, "Actual Rows": 4167490}], "Actual Rows": 4167490}], "Actual Rows": 4167490}], "Actual Rows": 901342}], "Actual Rows": 901342}, {"Node Type": "Hash", "Parent Relationship": "Inner", "Startup Cost": 203464.29, "Total Cost": 203464.29, "Plan Rows": 3296318, "Plan Width": 8, "Actual Min Startup Time": 314.974, "Actual Max Startup Time": 620.859, "Actual Min Total Time": 314.974, "Actual Max Total Time": 620.859, "Max Hash Buckets": 65536, "Min Hash Buckets": 65536, "Max Hash Batches": 1, "Min Hash Batches": 1, "Max Original Hash Batches": 1, "Min Original Hash Batches": 1, "Max Peak Memory Usage": 1483, "min Peak Memory Usage": 1483, "Plans": [{"Node Type": "Streaming(type: LOCAL REDISTRIBUTE dop: 64/64)", "Parent Relationship": "Outer", "Startup Cost": 63002.48, "Total Cost": 203464.29, "Plan Rows": 3296318, "Plan Width": 8, "Actual Min Startup Time": 0.106, "Actual Max Startup Time": 297.598, "Actual Min Total Time": 304.117, "Actual Max Total Time": 610.951, "Plans": [{"Node Type": "Hash Join", "Parent Relationship": "Outer", "Join Type": "Inner", "Startup Cost": 63002.48, "Total Cost": 137341.8, "Plan Rows": 3296318, "Plan Width": 8, "Actual Min Startup Time": 151.808, "Actual Max Startup Time": 321.453, "Actual Min Total Time": 242.856, "Actual Max Total Time": 411.34, "Inner Unique": true, "Hash Cond": "(ci.role_id = rt.id), (LLVM Optimized, Jit Execute)", "Plans": [{"Node Type": "Seq Scan", "Parent Relationship": "Outer", "Relation Name": "cast_info", "Alias": "ci", "Startup Cost": 0.0, "Total Cost": 72404.34, "Plan Rows": 36259494, "Plan Width": 12, "Actual Min Startup Time": 0.025, "Actual Max Startup Time": 9.439, "Actual Min Total Time": 127.377, "Actual Max Total Time": 144.233, "Actual Rows": 36244343}, {"Node Type": "Hash", "Parent Relationship": "Inner", "Startup Cost": 63002.47, "Total Cost": 63002.47, "Plan Rows": 64, "Plan Width": 4, "Actual Min Startup Time": 0.011, "Actual Max Startup Time": 159.839, "Actual Min Total Time": 0.011, "Actual Max Total Time": 159.839, "Max Hash Buckets": 32768, "Min Hash Buckets": 32768, "Max Hash Batches": 1, "Min Hash Batches": 1, "Max Original Hash Batches": 1, "Min Original Hash Batches": 1, "Max Peak Memory Usage": 1, "min Peak Memory Usage": 1, "Plans": [{"Node Type": "Streaming(type: BROADCAST dop: 64/1)", "Parent Relationship": "Outer", "Startup Cost": 0.0, "Total Cost": 63002.47, "Plan Rows": 64, "Plan Width": 4, "Actual Min Startup Time": 0.003, "Actual Max Startup Time": 159.19, "Actual Min Total Time": 0.003, "Actual Max Total Time": 159.194, "Plans": [{"Node Type": "Seq Scan", "Parent Relationship": "Outer", "Relation Name": "role_type", "Alias": "rt", "Startup Cost": 0.0, "Total Cost": 1.15, "Plan Rows": 1, "Plan Width": 4, "Actual Min Startup Time": 0.04, "Actual Max Startup Time": 0.04, "Actual Min Total Time": 0.044, "Actual Max Total Time": 0.044, "Filter": "((role)::text = 'writer'::text)", "Rows Removed by Filter": 11, "Actual Rows": 1}], "Actual Rows": 64}], "Actual Rows": 64}], "Actual Rows": 2728943}], "Actual Rows": 2728943}], "Actual Rows": 2728943}], "Actual Rows": 2343724}], "Actual Rows": 2343724}, {"Node Type": "Hash", "Parent Relationship": "Inner", "Startup Cost": 169365.79, "Total Cost": 169365.79, "Plan Rows": 2609128, "Plan Width": 29, "Actual Min Startup Time": 4926.029, "Actual Max Startup Time": 4926.029, "Actual Min Total Time": 4926.029, "Actual Max Total Time": 4926.029, "Max Hash Buckets": 4194304, "Min Hash Buckets": 4194304, "Max Hash Batches": 1, "Min Hash Batches": 1, "Max Original Hash Batches": 1, "Min Original Hash Batches": 1, "Max Peak Memory Usage": 164769, "min Peak Memory Usage": 164769, "Plans": [{"Node Type": "Hash Join", "Parent Relationship": "Outer", "Join Type": "Inner", "Startup Cost": 91673.0, "Total Cost": 169365.79, "Plan Rows": 2609128, "Plan Width": 29, "Actual Min Startup Time": 1869.664, "Actual Max Startup Time": 1869.664, "Actual Min Total Time": 3974.511, "Actual Max Total Time": 3974.511, "Inner Unique": true, "Hash Cond": "(mc.movie_id = t.id), (LLVM Optimized, Jit Execute)", "Plans": [{"Node Type": "Seq Scan", "Parent Relationship": "Outer", "Relation Name": "movie_companies", "Alias": "mc", "Startup Cost": 0.0, "Total Cost": 41817.28, "Plan Rows": 2609128, "Plan Width": 8, "Actual Min Startup Time": 0.034, "Actual Max Startup Time": 0.034, "Actual Min Total Time": 573.13, "Actual Max Total Time": 573.13, "Actual Rows": 2609128}, {"Node Type": "Hash", "Parent Relationship": "Inner", "Startup Cost": 60069.11, "Total Cost": 60069.11, "Plan Rows": 2528311, "Plan Width": 21, "Actual Min Startup Time": 1867.154, "Actual Max Startup Time": 1867.154, "Actual Min Total Time": 1867.154, "Actual Max Total Time": 1867.154, "Max Hash Buckets": 4194304, "Min Hash Buckets": 4194304, "Max Hash Batches": 1, "Min Hash Batches": 1, "Max Original Hash Batches": 1, "Min Original Hash Batches": 1, "Max Peak Memory Usage": 135869, "min Peak Memory Usage": 135869, "Plans": [{"Node Type": "Seq Scan", "Parent Relationship": "Outer", "Relation Name": "title", "Alias": "t", "Startup Cost": 0.0, "Total Cost": 60069.11, "Plan Rows": 2528311, "Plan Width": 21, "Actual Min Startup Time": 0.025, "Actual Max Startup Time": 0.025, "Actual Min Total Time": 832.832, "Actual Max Total Time": 832.832, "Actual Rows": 2528311}], "Actual Rows": 2528311}], "Actual Rows": 2609128}], "Actual Rows": 2609128}], "Actual Rows": 4961427}, {"Node Type": "Hash", "Parent Relationship": "Inner", "Startup Cost": 5903.45, "Total Cost": 5903.45, "Plan Rows": 85170, "Plan Width": 4, "Actual Min Startup Time": 113.153, "Actual Max Startup Time": 113.153, "Actual Min Total Time": 113.153, "Actual Max Total Time": 113.153, "Max Hash Buckets": 131072, "Min Hash Buckets": 131072, "Max Hash Batches": 1, "Min Hash Batches": 1, "Max Original Hash Batches": 1, "Min Original Hash Batches": 1, "Max Peak Memory Usage": 2983, "min Peak Memory Usage": 2983, "Plans": [{"Node Type": "Seq Scan", "Parent Relationship": "Outer", "Relation Name": "company_name", "Alias": "cn", "Startup Cost": 0.0, "Total Cost": 5903.45, "Plan Rows": 85170, "Plan Width": 4, "Actual Min Startup Time": 0.07, "Actual Max Startup Time": 0.07, "Actual Min Total Time": 89.97, "Actual Max Total Time": 89.97, "Filter": "((country_code)::text = '[us]'::text)", "Rows Removed by Filter": 150153, "Actual Rows": 84843}], "Actual Rows": 84843}], "Actual Rows": 2487611}], "Actual Rows": 1}, "Triggers": [], "Planner Runtime": 172, "Total Runtime": 10708.533, "Unique SQL Id": 2457761703}}, "(64, 13)": {"explain_plan": {"Plan": {"Node Type": "Aggregate", "Strategy": "Plain", "Startup Cost": 772871.67, "Total Cost": 772871.68, "Plan Rows": 1, "Plan Width": 97, "Plans": [{"Node Type": "Nested Loop", "Parent Relationship": "Outer", "Join Type": "Inner", "Startup Cost": 599201.04, "Total Cost": 771086.18, "Plan Rows": 357098, "Plan Width": 33, "Inner Unique": true, "Join Filter": "(a1.person_id = n1.id), (LLVM Optimized)", "Plans": [{"Node Type": "Merge Join", "Parent Relationship": "Outer", "Join Type": "Inner", "Startup Cost": 599201.04, "Total Cost": 667567.53, "Plan Rows": 357098, "Plan Width": 41, "Inner Unique": false, "Merge Cond": "(ci.person_id = a1.person_id)", "Plans": [{"Node Type": "Sort", "Parent Relationship": "Outer", "Startup Cost": 599200.97, "Total Cost": 600977.12, "Plan Rows": 710459, "Plan Width": 21, "Sort Key": ["ci.person_id"], "Plans": [{"Node Type": "Hash Join", "Parent Relationship": "Outer", "Join Type": "Inner", "Startup Cost": 329665.48, "Total Cost": 530150.07, "Plan Rows": 710459, "Plan Width": 21, "Inner Unique": false, "Hash Cond": "(ci.movie_id = t.id), (LLVM Optimized)", "Plans": [{"Node Type": "Nested Loop", "Parent Relationship": "Outer", "Join Type": "Inner", "Startup Cost": 0.0, "Total Cost": 171418.25, "Plan Rows": 3296318, "Plan Width": 8, "Inner Unique": false, "Plans": [{"Node Type": "Index Scan", "Parent Relationship": "Outer", "Scan Direction": "Forward", "Index Name": "role_type_pkey", "Relation Name": "role_type", "Alias": "rt", "Startup Cost": 0.0, "Total Cost": 12.46, "Plan Rows": 1, "Plan Width": 4, "Filter": "((role)::text = 'writer'::text)"}, {"Node Type": "Index Scan", "Parent Relationship": "Inner", "Scan Direction": "Forward", "Index Name": "role_id_cast_info", "Relation Name": "cast_info", "Alias": "ci", "Startup Cost": 0.0, "Total Cost": 138442.61, "Plan Rows": 3296318, "Plan Width": 12, "Index Cond": "(role_id = rt.id), (LLVM Optimized)"}]}, {"Node Type": "Hash", "Parent Relationship": "Inner", "Startup Cost": 313636.59, "Total Cost": 313636.59, "Plan Rows": 1282311, "Plan Width": 25, "Plans": [{"Node Type": "Hash Join", "Parent Relationship": "Outer", "Join Type": "Inner", "Startup Cost": 11568.59, "Total Cost": 313636.59, "Plan Rows": 1282311, "Plan Width": 25, "Inner Unique": true, "Hash Cond": "(mc.company_id = cn.id), (LLVM Optimized)", "Plans": [{"Node Type": "Merge Join", "Parent Relationship": "Outer", "Join Type": "Inner", "Startup Cost": 2.58, "Total Cost": 279463.24, "Plan Rows": 2609128, "Plan Width": 29, "Inner Unique": false, "Merge Cond": "(t.id = mc.movie_id)", "Plans": [{"Node Type": "Index Scan", "Parent Relationship": "Outer", "Scan Direction": "Forward", "Index Name": "title_pkey", "Relation Name": "title", "Alias": "t", "Startup Cost": 0.0, "Total Cost": 110120.49, "Plan Rows": 2528311, "Plan Width": 21}, {"Node Type": "Index Scan", "Parent Relationship": "Inner", "Scan Direction": "Forward", "Index Name": "movie_id_movie_companies", "Relation Name": "movie_companies", "Alias": "mc", "Startup Cost": 0.0, "Total Cost": 130519.46, "Plan Rows": 2609128, "Plan Width": 8}]}, {"Node Type": "Hash", "Parent Relationship": "Inner", "Startup Cost": 10501.39, "Total Cost": 10501.39, "Plan Rows": 85170, "Plan Width": 4, "Plans": [{"Node Type": "Index Scan", "Parent Relationship": "Outer", "Scan Direction": "Forward", "Index Name": "company_name_pkey", "Relation Name": "company_name", "Alias": "cn", "Startup Cost": 0.0, "Total Cost": 10501.39, "Plan Rows": 85170, "Plan Width": 4, "Filter": "((country_code)::text = '[us]'::text)"}]}]}]}]}]}, {"Node Type": "Index Scan", "Parent Relationship": "Inner", "Scan Direction": "Forward", "Index Name": "person_id_aka_name", "Relation Name": "aka_name", "Alias": "a1", "Startup Cost": 0.0, "Total Cost": 68965.03, "Plan Rows": 901342, "Plan Width": 20}]}, {"Node Type": "Index Scan", "Parent Relationship": "Inner", "Scan Direction": "Forward", "Index Name": "name_pkey", "Relation Name": "name", "Alias": "n1", "Startup Cost": 0.0, "Total Cost": 0.28, "Plan Rows": 1, "Plan Width": 4, "Index Cond": "(id = ci.person_id)"}]}]}, "Unique SQL Id": 2457761703, "Planner Runtime": 116}, "explain_analyze_plan": null}, "(64, 14)": {"explain_plan": {"Plan": {"Node Type": "Aggregate", "Strategy": "Plain", "Startup Cost": 528738.29, "Total Cost": 528738.3, "Plan Rows": 1, "Plan Width": 97, "Plans": [{"Node Type": "Hash Join", "Parent Relationship": "Outer", "Join Type": "Inner", "Startup Cost": 336662.4, "Total Cost": 526952.8, "Plan Rows": 357098, "Plan Width": 33, "Inner Unique": true, "Hash Cond": "(mc.company_id = cn.id), (LLVM Optimized)", "Plans": [{"Node Type": "Hash Join", "Parent Relationship": "Outer", "Join Type": "Inner", "Startup Cost": 329694.33, "Total Cost": 513689.03, "Plan Rows": 726589, "Plan Width": 37, "Inner Unique": false, "Hash Cond": "(ci.movie_id = t.id), (LLVM Optimized)", "Plans": [{"Node Type": "Streaming(type: LOCAL GATHER dop: 1/64)", "Parent Relationship": "Outer", "Startup Cost": 254738.78, "Total Cost": 417857.9, "Plan Rows": 1484588, "Plan Width": 20, "Plans": [{"Node Type": "Hash Join", "Parent Relationship": "Outer", "Join Type": "Inner", "Startup Cost": 254738.78, "Total Cost": 387231.02, "Plan Rows": 1484588, "Plan Width": 20, "Inner Unique": false, "Hash Cond": "(a1.person_id = ci.person_id), (LLVM Optimized)", "Plans": [{"Node Type": "Streaming(type: LOCAL REDISTRIBUTE dop: 64/1)", "Parent Relationship": "Outer", "Startup Cost": 202522.7, "Total Cost": 334446.0, "Plan Rows": 901342, "Plan Width": 24, "Plans": [{"Node Type": "Hash Join", "Parent Relationship": "Outer", "Join Type": "Inner", "Startup Cost": 202522.7, "Total Cost": 234824.58, "Plan Rows": 901342, "Plan Width": 24, "Inner Unique": true, "Hash Cond": "(a1.person_id = n1.id), (LLVM Optimized)", "Plans": [{"Node Type": "Seq Scan", "Parent Relationship": "Outer", "Relation Name": "aka_name", "Alias": "a1", "Startup Cost": 0.0, "Total Cost": 19908.42, "Plan Rows": 901342, "Plan Width": 20}, {"Node Type": "Hash", "Parent Relationship": "Inner", "Startup Cost": 150429.08, "Total Cost": 150429.08, "Plan Rows": 4167490, "Plan Width": 4, "Plans": [{"Node Type": "Streaming(type: LOCAL GATHER dop: 1/64)", "Parent Relationship": "Outer", "Startup Cost": 0.0, "Total Cost": 150429.08, "Plan Rows": 4167490, "Plan Width": 4, "Plans": [{"Node Type": "Seq Scan", "Parent Relationship": "Outer", "Relation Name": "name", "Alias": "n1", "Startup Cost": 0.0, "Total Cost": 64454.25, "Plan Rows": 4167490, "Plan Width": 4}]}]}]}]}, {"Node Type": "Hash", "Parent Relationship": "Inner", "Startup Cost": 203464.29, "Total Cost": 203464.29, "Plan Rows": 3296318, "Plan Width": 8, "Plans": [{"Node Type": "Streaming(type: LOCAL REDISTRIBUTE dop: 64/64)", "Parent Relationship": "Outer", "Startup Cost": 63002.48, "Total Cost": 203464.29, "Plan Rows": 3296318, "Plan Width": 8, "Plans": [{"Node Type": "Hash Join", "Parent Relationship": "Outer", "Join Type": "Inner", "Startup Cost": 63002.48, "Total Cost": 137341.8, "Plan Rows": 3296318, "Plan Width": 8, "Inner Unique": true, "Hash Cond": "(ci.role_id = rt.id), (LLVM Optimized)", "Plans": [{"Node Type": "Seq Scan", "Parent Relationship": "Outer", "Relation Name": "cast_info", "Alias": "ci", "Startup Cost": 0.0, "Total Cost": 72404.34, "Plan Rows": 36259494, "Plan Width": 12}, {"Node Type": "Hash", "Parent Relationship": "Inner", "Startup Cost": 63002.47, "Total Cost": 63002.47, "Plan Rows": 64, "Plan Width": 4, "Plans": [{"Node Type": "Streaming(type: BROADCAST dop: 64/1)", "Parent Relationship": "Outer", "Startup Cost": 0.0, "Total Cost": 63002.47, "Plan Rows": 64, "Plan Width": 4, "Plans": [{"Node Type": "Seq Scan", "Parent Relationship": "Outer", "Relation Name": "role_type", "Alias": "rt", "Startup Cost": 0.0, "Total Cost": 1.15, "Plan Rows": 1, "Plan Width": 4, "Filter": "((role)::text = 'writer'::text)"}]}]}]}]}]}]}]}, {"Node Type": "Hash", "Parent Relationship": "Inner", "Startup Cost": 169365.79, "Total Cost": 169365.79, "Plan Rows": 2609128, "Plan Width": 29, "Plans": [{"Node Type": "Hash Join", "Parent Relationship": "Outer", "Join Type": "Inner", "Startup Cost": 91673.0, "Total Cost": 169365.79, "Plan Rows": 2609128, "Plan Width": 29, "Inner Unique": true, "Hash Cond": "(mc.movie_id = t.id), (LLVM Optimized)", "Plans": [{"Node Type": "Seq Scan", "Parent Relationship": "Outer", "Relation Name": "movie_companies", "Alias": "mc", "Startup Cost": 0.0, "Total Cost": 41817.28, "Plan Rows": 2609128, "Plan Width": 8}, {"Node Type": "Hash", "Parent Relationship": "Inner", "Startup Cost": 60069.11, "Total Cost": 60069.11, "Plan Rows": 2528311, "Plan Width": 21, "Plans": [{"Node Type": "Seq Scan", "Parent Relationship": "Outer", "Relation Name": "title", "Alias": "t", "Startup Cost": 0.0, "Total Cost": 60069.11, "Plan Rows": 2528311, "Plan Width": 21}]}]}]}]}, {"Node Type": "Hash", "Parent Relationship": "Inner", "Startup Cost": 5903.45, "Total Cost": 5903.45, "Plan Rows": 85170, "Plan Width": 4, "Plans": [{"Node Type": "Seq Scan", "Parent Relationship": "Outer", "Relation Name": "company_name", "Alias": "cn", "Startup Cost": 0.0, "Total Cost": 5903.45, "Plan Rows": 85170, "Plan Width": 4, "Filter": "((country_code)::text = '[us]'::text)"}]}]}]}, "Unique SQL Id": 2457761703, "Planner Runtime": 194}, "explain_analyze_plan": {"Plan": {"Node Type": "Aggregate", "Strategy": "Plain", "Startup Cost": 528738.29, "Total Cost": 528738.3, "Plan Rows": 1, "Plan Width": 97, "Actual Min Startup Time": 10653.339, "Actual Max Startup Time": 10653.339, "Actual Min Total Time": 10653.34, "Actual Max Total Time": 10653.34, "Plans": [{"Node Type": "Hash Join", "Parent Relationship": "Outer", "Join Type": "Inner", "Startup Cost": 336662.4, "Total Cost": 526952.8, "Plan Rows": 357098, "Plan Width": 33, "Actual Min Startup Time": 5045.785, "Actual Max Startup Time": 5045.785, "Actual Min Total Time": 9470.761, "Actual Max Total Time": 9470.761, "Inner Unique": true, "Hash Cond": "(mc.company_id = cn.id), (LLVM Optimized, Jit Execute)", "Plans": [{"Node Type": "Hash Join", "Parent Relationship": "Outer", "Join Type": "Inner", "Startup Cost": 329694.33, "Total Cost": 513689.03, "Plan Rows": 726589, "Plan Width": 37, "Actual Min Startup Time": 4932.473, "Actual Max Startup Time": 4932.473, "Actual Min Total Time": 8014.504, "Actual Max Total Time": 8014.504, "Inner Unique": false, "Hash Cond": "(ci.movie_id = t.id), (LLVM Optimized, Jit Execute)", "Plans": [{"Node Type": "Streaming(type: LOCAL GATHER dop: 1/64)", "Parent Relationship": "Outer", "Startup Cost": 254738.78, "Total Cost": 417857.9, "Plan Rows": 1484588, "Plan Width": 20, "Actual Min Startup Time": 0.149, "Actual Max Startup Time": 0.149, "Actual Min Total Time": 1136.935, "Actual Max Total Time": 1136.935, "Plans": [{"Node Type": "Hash Join", "Parent Relationship": "Outer", "Join Type": "Inner", "Startup Cost": 254738.78, "Total Cost": 387231.02, "Plan Rows": 1484588, "Plan Width": 20, "Actual Min Startup Time": 2400.847, "Actual Max Startup Time": 4561.54, "Actual Min Total Time": 6405.607, "Actual Max Total Time": 9204.271, "Inner Unique": false, "Hash Cond": "(a1.person_id = ci.person_id), (LLVM Optimized, Jit Execute)", "Plans": [{"Node Type": "Streaming(type: LOCAL REDISTRIBUTE dop: 64/1)", "Parent Relationship": "Outer", "Startup Cost": 202522.7, "Total Cost": 334446.0, "Plan Rows": 901342, "Plan Width": 24, "Actual Min Startup Time": 2082.179, "Actual Max Startup Time": 4189.143, "Actual Min Total Time": 5973.318, "Actual Max Total Time": 8689.53, "Plans": [{"Node Type": "Hash Join", "Parent Relationship": "Outer", "Join Type": "Inner", "Startup Cost": 202522.7, "Total Cost": 234824.58, "Plan Rows": 901342, "Plan Width": 24, "Actual Min Startup Time": 2391.386, "Actual Max Startup Time": 2391.386, "Actual Min Total Time": 3134.379, "Actual Max Total Time": 3134.379, "Inner Unique": true, "Hash Cond": "(a1.person_id = n1.id), (LLVM Optimized, Jit Execute)", "Plans": [{"Node Type": "Seq Scan", "Parent Relationship": "Outer", "Relation Name": "aka_name", "Alias": "a1", "Startup Cost": 0.0, "Total Cost": 19908.42, "Plan Rows": 901342, "Plan Width": 20, "Actual Min Startup Time": 0.031, "Actual Max Startup Time": 0.031, "Actual Min Total Time": 226.0, "Actual Max Total Time": 226.0, "Actual Rows": 901342}, {"Node Type": "Hash", "Parent Relationship": "Inner", "Startup Cost": 150429.08, "Total Cost": 150429.08, "Plan Rows": 4167490, "Plan Width": 4, "Actual Min Startup Time": 2388.72, "Actual Max Startup Time": 2388.72, "Actual Min Total Time": 2388.72, "Actual Max Total Time": 2388.72, "Max Hash Buckets": 4194304, "Min Hash Buckets": 4194304, "Max Hash Batches": 1, "Min Hash Batches": 1, "Max Original Hash Batches": 1, "Min Original Hash Batches": 1, "Max Peak Memory Usage": 146514, "min Peak Memory Usage": 146514, "Plans": [{"Node Type": "Streaming(type: LOCAL GATHER dop: 1/64)", "Parent Relationship": "Outer", "Startup Cost": 0.0, "Total Cost": 150429.08, "Plan Rows": 4167490, "Plan Width": 4, "Actual Min Startup Time": 0.144, "Actual Max Startup Time": 0.144, "Actual Min Total Time": 1203.473, "Actual Max Total Time": 1203.473, "Plans": [{"Node Type": "Seq Scan", "Parent Relationship": "Outer", "Relation Name": "name", "Alias": "n1", "Startup Cost": 0.0, "Total Cost": 64454.25, "Plan Rows": 4167490, "Plan Width": 4, "Actual Min Startup Time": 0.019, "Actual Max Startup Time": 0.041, "Actual Min Total Time": 18.918, "Actual Max Total Time": 22.367, "Actual Rows": 4167490}], "Actual Rows": 4167490}], "Actual Rows": 4167490}], "Actual Rows": 901342}], "Actual Rows": 901342}, {"Node Type": "Hash", "Parent Relationship": "Inner", "Startup Cost": 203464.29, "Total Cost": 203464.29, "Plan Rows": 3296318, "Plan Width": 8, "Actual Min Startup Time": 314.974, "Actual Max Startup Time": 620.859, "Actual Min Total Time": 314.974, "Actual Max Total Time": 620.859, "Max Hash Buckets": 65536, "Min Hash Buckets": 65536, "Max Hash Batches": 1, "Min Hash Batches": 1, "Max Original Hash Batches": 1, "Min Original Hash Batches": 1, "Max Peak Memory Usage": 1483, "min Peak Memory Usage": 1483, "Plans": [{"Node Type": "Streaming(type: LOCAL REDISTRIBUTE dop: 64/64)", "Parent Relationship": "Outer", "Startup Cost": 63002.48, "Total Cost": 203464.29, "Plan Rows": 3296318, "Plan Width": 8, "Actual Min Startup Time": 0.106, "Actual Max Startup Time": 297.598, "Actual Min Total Time": 304.117, "Actual Max Total Time": 610.951, "Plans": [{"Node Type": "Hash Join", "Parent Relationship": "Outer", "Join Type": "Inner", "Startup Cost": 63002.48, "Total Cost": 137341.8, "Plan Rows": 3296318, "Plan Width": 8, "Actual Min Startup Time": 151.808, "Actual Max Startup Time": 321.453, "Actual Min Total Time": 242.856, "Actual Max Total Time": 411.34, "Inner Unique": true, "Hash Cond": "(ci.role_id = rt.id), (LLVM Optimized, Jit Execute)", "Plans": [{"Node Type": "Seq Scan", "Parent Relationship": "Outer", "Relation Name": "cast_info", "Alias": "ci", "Startup Cost": 0.0, "Total Cost": 72404.34, "Plan Rows": 36259494, "Plan Width": 12, "Actual Min Startup Time": 0.025, "Actual Max Startup Time": 9.439, "Actual Min Total Time": 127.377, "Actual Max Total Time": 144.233, "Actual Rows": 36244343}, {"Node Type": "Hash", "Parent Relationship": "Inner", "Startup Cost": 63002.47, "Total Cost": 63002.47, "Plan Rows": 64, "Plan Width": 4, "Actual Min Startup Time": 0.011, "Actual Max Startup Time": 159.839, "Actual Min Total Time": 0.011, "Actual Max Total Time": 159.839, "Max Hash Buckets": 32768, "Min Hash Buckets": 32768, "Max Hash Batches": 1, "Min Hash Batches": 1, "Max Original Hash Batches": 1, "Min Original Hash Batches": 1, "Max Peak Memory Usage": 1, "min Peak Memory Usage": 1, "Plans": [{"Node Type": "Streaming(type: BROADCAST dop: 64/1)", "Parent Relationship": "Outer", "Startup Cost": 0.0, "Total Cost": 63002.47, "Plan Rows": 64, "Plan Width": 4, "Actual Min Startup Time": 0.003, "Actual Max Startup Time": 159.19, "Actual Min Total Time": 0.003, "Actual Max Total Time": 159.194, "Plans": [{"Node Type": "Seq Scan", "Parent Relationship": "Outer", "Relation Name": "role_type", "Alias": "rt", "Startup Cost": 0.0, "Total Cost": 1.15, "Plan Rows": 1, "Plan Width": 4, "Actual Min Startup Time": 0.04, "Actual Max Startup Time": 0.04, "Actual Min Total Time": 0.044, "Actual Max Total Time": 0.044, "Filter": "((role)::text = 'writer'::text)", "Rows Removed by Filter": 11, "Actual Rows": 1}], "Actual Rows": 64}], "Actual Rows": 64}], "Actual Rows": 2728943}], "Actual Rows": 2728943}], "Actual Rows": 2728943}], "Actual Rows": 2343724}], "Actual Rows": 2343724}, {"Node Type": "Hash", "Parent Relationship": "Inner", "Startup Cost": 169365.79, "Total Cost": 169365.79, "Plan Rows": 2609128, "Plan Width": 29, "Actual Min Startup Time": 4926.029, "Actual Max Startup Time": 4926.029, "Actual Min Total Time": 4926.029, "Actual Max Total Time": 4926.029, "Max Hash Buckets": 4194304, "Min Hash Buckets": 4194304, "Max Hash Batches": 1, "Min Hash Batches": 1, "Max Original Hash Batches": 1, "Min Original Hash Batches": 1, "Max Peak Memory Usage": 164769, "min Peak Memory Usage": 164769, "Plans": [{"Node Type": "Hash Join", "Parent Relationship": "Outer", "Join Type": "Inner", "Startup Cost": 91673.0, "Total Cost": 169365.79, "Plan Rows": 2609128, "Plan Width": 29, "Actual Min Startup Time": 1869.664, "Actual Max Startup Time": 1869.664, "Actual Min Total Time": 3974.511, "Actual Max Total Time": 3974.511, "Inner Unique": true, "Hash Cond": "(mc.movie_id = t.id), (LLVM Optimized, Jit Execute)", "Plans": [{"Node Type": "Seq Scan", "Parent Relationship": "Outer", "Relation Name": "movie_companies", "Alias": "mc", "Startup Cost": 0.0, "Total Cost": 41817.28, "Plan Rows": 2609128, "Plan Width": 8, "Actual Min Startup Time": 0.034, "Actual Max Startup Time": 0.034, "Actual Min Total Time": 573.13, "Actual Max Total Time": 573.13, "Actual Rows": 2609128}, {"Node Type": "Hash", "Parent Relationship": "Inner", "Startup Cost": 60069.11, "Total Cost": 60069.11, "Plan Rows": 2528311, "Plan Width": 21, "Actual Min Startup Time": 1867.154, "Actual Max Startup Time": 1867.154, "Actual Min Total Time": 1867.154, "Actual Max Total Time": 1867.154, "Max Hash Buckets": 4194304, "Min Hash Buckets": 4194304, "Max Hash Batches": 1, "Min Hash Batches": 1, "Max Original Hash Batches": 1, "Min Original Hash Batches": 1, "Max Peak Memory Usage": 135869, "min Peak Memory Usage": 135869, "Plans": [{"Node Type": "Seq Scan", "Parent Relationship": "Outer", "Relation Name": "title", "Alias": "t", "Startup Cost": 0.0, "Total Cost": 60069.11, "Plan Rows": 2528311, "Plan Width": 21, "Actual Min Startup Time": 0.025, "Actual Max Startup Time": 0.025, "Actual Min Total Time": 832.832, "Actual Max Total Time": 832.832, "Actual Rows": 2528311}], "Actual Rows": 2528311}], "Actual Rows": 2609128}], "Actual Rows": 2609128}], "Actual Rows": 4961427}, {"Node Type": "Hash", "Parent Relationship": "Inner", "Startup Cost": 5903.45, "Total Cost": 5903.45, "Plan Rows": 85170, "Plan Width": 4, "Actual Min Startup Time": 113.153, "Actual Max Startup Time": 113.153, "Actual Min Total Time": 113.153, "Actual Max Total Time": 113.153, "Max Hash Buckets": 131072, "Min Hash Buckets": 131072, "Max Hash Batches": 1, "Min Hash Batches": 1, "Max Original Hash Batches": 1, "Min Original Hash Batches": 1, "Max Peak Memory Usage": 2983, "min Peak Memory Usage": 2983, "Plans": [{"Node Type": "Seq Scan", "Parent Relationship": "Outer", "Relation Name": "company_name", "Alias": "cn", "Startup Cost": 0.0, "Total Cost": 5903.45, "Plan Rows": 85170, "Plan Width": 4, "Actual Min Startup Time": 0.07, "Actual Max Startup Time": 0.07, "Actual Min Total Time": 89.97, "Actual Max Total Time": 89.97, "Filter": "((country_code)::text = '[us]'::text)", "Rows Removed by Filter": 150153, "Actual Rows": 84843}], "Actual Rows": 84843}], "Actual Rows": 2487611}], "Actual Rows": 1}, "Triggers": [], "Planner Runtime": 172, "Total Runtime": 10708.533, "Unique SQL Id": 2457761703}}, "(64, 15)": {"explain_plan": {"Plan": {"Node Type": "Aggregate", "Strategy": "Plain", "Startup Cost": 6752837631740.06, "Total Cost": 6752837631740.07, "Plan Rows": 1, "Plan Width": 97, "Plans": [{"Node Type": "Nested Loop", "Parent Relationship": "Outer", "Join Type": "Inner", "Startup Cost": 70071825122.57, "Total Cost": 6752837629954.57, "Plan Rows": 357098, "Plan Width": 33, "Inner Unique": false, "Join Filter": "(t.id = ci.movie_id), (LLVM Optimized)", "Plans": [{"Node Type": "Merge Join", "Parent Relationship": "Outer", "Join Type": "Inner", "Startup Cost": 30021927926.2, "Total Cost": 3002409653794.57, "Plan Rows": 1282311, "Plan Width": 25, "Inner Unique": true, "Merge Cond": "(mc.movie_id = t.id)", "Plans": [{"Node Type": "Nested Loop", "Parent Relationship": "Outer", "Join Type": "Inner", "Startup Cost": 20000000000.0, "Total Cost": 2003347393774.42, "Plan Rows": 1282311, "Plan Width": 4, "Inner Unique": true, "Join Filter": "(cn.id = mc.company_id), (LLVM Optimized)", "Plans": [{"Node Type": "Index Scan", "Parent Relationship": "Outer", "Scan Direction": "Forward", "Index Name": "movie_id_movie_companies", "Relation Name": "movie_companies", "Alias": "mc", "Startup Cost": 10000000000.0, "Total Cost": 1000013051946.13, "Plan Rows": 2609128, "Plan Width": 8}, {"Node Type": "Materialize", "Parent Relationship": "Inner", "Startup Cost": 10000000000.0, "Total Cost": 1000001050564.82, "Plan Rows": 85170, "Plan Width": 4, "Plans": [{"Node Type": "Index Scan", "Parent Relationship": "Outer", "Scan Direction": "Forward", "Index Name": "company_name_pkey", "Relation Name": "company_name", "Alias": "cn", "Startup Cost": 10000000000.0, "Total Cost": 1000001050138.97, "Plan Rows": 85170, "Plan Width": 4, "Filter": "((country_code)::text = '[us]'::text)"}]}]}, {"Node Type": "Index Scan", "Parent Relationship": "Inner", "Scan Direction": "Forward", "Index Name": "title_pkey", "Relation Name": "title", "Alias": "t", "Startup Cost": 10000000000.0, "Total Cost": 1000011012048.91, "Plan Rows": 2528311, "Plan Width": 21}]}, {"Node Type": "Materialize", "Parent Relationship": "Inner", "Startup Cost": 40049897196.36, "Total Cost": 3721872427028.45, "Plan Rows": 1484588, "Plan Width": 20, "Plans": [{"Node Type": "Nested Loop", "Parent Relationship": "Outer", "Join Type": "Inner", "Startup Cost": 40049897196.36, "Total Cost": 3721872419605.51, "Plan Rows": 1484588, "Plan Width": 20, "Inner Unique": false, "Join Filter": "(ci.role_id = rt.id), (LLVM Optimized)", "Plans": [{"Node Type": "Index Scan", "Parent Relationship": "Outer", "Scan Direction": "Forward", "Index Name": "role_type_pkey", "Relation Name": "role_type", "Alias": "rt", "Startup Cost": 10000000000.0, "Total Cost": 1000000001246.0, "Plan Rows": 1, "Plan Width": 4, "Filter": "((role)::text = 'writer'::text)"}, {"Node Type": "Merge Join", "Parent Relationship": "Inner", "Join Type": "Inner", "Startup Cost": 30049897196.36, "Total Cost": 2721872214228.63, "Plan Rows": 16330470, "Plan Width": 24, "Inner Unique": false, "Merge Cond": "(a1.person_id = ci.person_id)", "Plans": [{"Node Type": "Merge Join", "Parent Relationship": "Outer", "Join Type": "Inner", "Startup Cost": 20030754356.47, "Total Cost": 2000007674895.99, "Plan Rows": 901342, "Plan Width": 24, "Inner Unique": true, "Merge Cond": "(a1.person_id = n1.id)", "Plans": [{"Node Type": "Index Scan", "Parent Relationship": "Outer", "Scan Direction": "Forward", "Index Name": "person_id_aka_name", "Relation Name": "aka_name", "Alias": "a1", "Startup Cost": 10000000000.0, "Total Cost": 1000006896503.43, "Plan Rows": 901342, "Plan Width": 20}, {"Node Type": "Index Scan", "Parent Relationship": "Inner", "Scan Direction": "Forward", "Index Name": "name_pkey", "Relation Name": "name", "Alias": "n1", "Startup Cost": 10000000000.0, "Total Cost": 1000017623274.7, "Plan Rows": 4167490, "Plan Width": 4}]}, {"Node Type": "Index Scan", "Parent Relationship": "Inner", "Scan Direction": "Forward", "Index Name": "person_id_cast_info", "Relation Name": "cast_info", "Alias": "ci", "Startup Cost": 10000000000.0, "Total Cost": 1000170648833.21, "Plan Rows": 36259494, "Plan Width": 12}]}]}]}]}]}, "Unique SQL Id": 2457761703, "Planner Runtime": 113}, "explain_analyze_plan": null}, "(64, 16)": {"explain_plan": {"Plan": {"Node Type": "Aggregate", "Strategy": "Plain", "Startup Cost": 1757558.04, "Total Cost": 1757558.05, "Plan Rows": 1, "Plan Width": 97, "Plans": [{"Node Type": "Nested Loop", "Parent Relationship": "Outer", "Join Type": "Inner", "Startup Cost": 1483747.31, "Total Cost": 1755772.55, "Plan Rows": 357098, "Plan Width": 33, "Inner Unique": true, "Join Filter": "(a1.person_id = n1.id), (LLVM Optimized)", "Plans": [{"Node Type": "Nested Loop", "Parent Relationship": "Outer", "Join Type": "Inner", "Startup Cost": 1483747.31, "Total Cost": 1654278.62, "Plan Rows": 357098, "Plan Width": 41, "Inner Unique": true, "Plans": [{"Node Type": "Merge Join", "Parent Relationship": "Outer", "Join Type": "Inner", "Startup Cost": 1483747.31, "Total Cost": 1552476.28, "Plan Rows": 357379, "Plan Width": 32, "Inner Unique": false, "Merge Cond": "(a1.person_id = ci.person_id)", "Plans": [{"Node Type": "Index Scan", "Parent Relationship": "Outer", "Scan Direction": "Forward", "Index Name": "person_id_aka_name", "Relation Name": "aka_name", "Alias": "a1", "Startup Cost": 0.0, "Total Cost": 68965.03, "Plan Rows": 901342, "Plan Width": 20}, {"Node Type": "Sort", "Parent Relationship": "Inner", "Startup Cost": 1483747.24, "Total Cost": 1485524.79, "Plan Rows": 711018, "Plan Width": 12, "Sort Key": ["ci.person_id"], "Plans": [{"Node Type": "Merge Join", "Parent Relationship": "Outer", "Join Type": "Inner", "Startup Cost": 1389767.87, "Total Cost": 1414637.98, "Plan Rows": 711018, "Plan Width": 12, "Inner Unique": false, "Merge Cond": "(cn.id = mc.company_id)", "Plans": [{"Node Type": "Index Scan", "Parent Relationship": "Outer", "Scan Direction": "Forward", "Index Name": "company_name_pkey", "Relation Name": "company_name", "Alias": "cn", "Startup Cost": 0.0, "Total Cost": 10501.39, "Plan Rows": 85170, "Plan Width": 4, "Filter": "((country_code)::text = '[us]'::text)"}, {"Node Type": "Sort", "Parent Relationship": "Inner", "Startup Cost": 1389579.91, "Total Cost": 1393196.7, "Plan Rows": 1446714, "Plan Width": 16, "Sort Key": ["mc.company_id"], "Plans": [{"Node Type": "Nested Loop", "Parent Relationship": "Outer", "Join Type": "Inner", "Startup Cost": 0.0, "Total Cost": 1241549.62, "Plan Rows": 1446714, "Plan Width": 16, "Inner Unique": false, "Plans": [{"Node Type": "Streaming(type: LOCAL GATHER dop: 1/64)", "Parent Relationship": "Outer", "Startup Cost": 0.0, "Total Cost": 210491.4, "Plan Rows": 3296318, "Plan Width": 8, "Plans": [{"Node Type": "Nested Loop", "Parent Relationship": "Outer", "Join Type": "Inner", "Startup Cost": 0.0, "Total Cost": 142488.75, "Plan Rows": 3296318, "Plan Width": 8, "Inner Unique": false, "Join Filter": "(ci.role_id = rt.id), (LLVM Optimized)", "Plans": [{"Node Type": "Streaming(type: BROADCAST dop: 64/1)", "Parent Relationship": "Outer", "Startup Cost": 0.0, "Total Cost": 63002.47, "Plan Rows": 64, "Plan Width": 4, "Plans": [{"Node Type": "Seq Scan", "Parent Relationship": "Outer", "Relation Name": "role_type", "Alias": "rt", "Startup Cost": 0.0, "Total Cost": 1.15, "Plan Rows": 1, "Plan Width": 4, "Filter": "((role)::text = 'writer'::text)"}]}, {"Node Type": "Seq Scan", "Parent Relationship": "Inner", "Relation Name": "cast_info", "Alias": "ci", "Startup Cost": 0.0, "Total Cost": 72404.34, "Plan Rows": 36259494, "Plan Width": 12}]}]}, {"Node Type": "Index Scan", "Parent Relationship": "Inner", "Scan Direction": "Forward", "Index Name": "movie_id_movie_companies", "Relation Name": "movie_companies", "Alias": "mc", "Startup Cost": 0.0, "Total Cost": 0.29, "Plan Rows": 2, "Plan Width": 8, "Index Cond": "(movie_id = ci.movie_id)"}]}]}]}]}]}, {"Node Type": "Index Scan", "Parent Relationship": "Inner", "Scan Direction": "Forward", "Index Name": "title_pkey", "Relation Name": "title", "Alias": "t", "Startup Cost": 0.0, "Total Cost": 0.27, "Plan Rows": 1, "Plan Width": 21, "Index Cond": "(id = ci.movie_id)"}]}, {"Node Type": "Index Only Scan", "Parent Relationship": "Inner", "Scan Direction": "Forward", "Index Name": "name_pkey", "Relation Name": "name", "Alias": "n1", "Startup Cost": 0.0, "Total Cost": 0.27, "Plan Rows": 1, "Plan Width": 4, "Index Cond": "(id = ci.person_id)"}]}]}, "Unique SQL Id": 2457761703, "Planner Runtime": 40}, "explain_analyze_plan": null}, "(64, 17)": {"explain_plan": {"Plan": {"Node Type": "Aggregate", "Strategy": "Plain", "Startup Cost": 1194626.97, "Total Cost": 1194626.98, "Plan Rows": 1, "Plan Width": 97, "Plans": [{"Node Type": "Nested Loop", "Parent Relationship": "Outer", "Join Type": "Inner", "Startup Cost": 920816.24, "Total Cost": 1192841.48, "Plan Rows": 357098, "Plan Width": 33, "Inner Unique": true, "Join Filter": "(a1.person_id = n1.id), (LLVM Optimized)", "Plans": [{"Node Type": "Nested Loop", "Parent Relationship": "Outer", "Join Type": "Inner", "Startup Cost": 920816.24, "Total Cost": 1091347.54, "Plan Rows": 357098, "Plan Width": 41, "Inner Unique": true, "Plans": [{"Node Type": "Merge Join", "Parent Relationship": "Outer", "Join Type": "Inner", "Startup Cost": 920816.24, "Total Cost": 989545.2, "Plan Rows": 357379, "Plan Width": 32, "Inner Unique": false, "Merge Cond": "(a1.person_id = ci.person_id)", "Plans": [{"Node Type": "Index Scan", "Parent Relationship": "Outer", "Scan Direction": "Forward", "Index Name": "person_id_aka_name", "Relation Name": "aka_name", "Alias": "a1", "Startup Cost": 0.0, "Total Cost": 68965.03, "Plan Rows": 901342, "Plan Width": 20}, {"Node Type": "Sort", "Parent Relationship": "Inner", "Startup Cost": 920816.17, "Total Cost": 922593.71, "Plan Rows": 711018, "Plan Width": 12, "Sort Key": ["ci.person_id"], "Plans": [{"Node Type": "Merge Join", "Parent Relationship": "Outer", "Join Type": "Inner", "Startup Cost": 812111.15, "Total Cost": 851706.9, "Plan Rows": 711018, "Plan Width": 12, "Inner Unique": false, "Merge Cond": "(mc.movie_id = ci.movie_id)", "Plans": [{"Node Type": "Sort", "Parent Relationship": "Outer", "Startup Cost": 283826.21, "Total Cost": 287031.99, "Plan Rows": 1282311, "Plan Width": 4, "Sort Key": ["mc.movie_id"], "Plans": [{"Node Type": "Merge Join", "Parent Relationship": "Outer", "Join Type": "Inner", "Startup Cost": 3383.04, "Total Cost": 153733.74, "Plan Rows": 1282311, "Plan Width": 4, "Inner Unique": false, "Merge Cond": "(cn.id = mc.company_id)", "Plans": [{"Node Type": "Index Scan", "Parent Relationship": "Outer", "Scan Direction": "Forward", "Index Name": "company_name_pkey", "Relation Name": "company_name", "Alias": "cn", "Startup Cost": 0.0, "Total Cost": 10501.39, "Plan Rows": 85170, "Plan Width": 4, "Filter": "((country_code)::text = '[us]'::text)"}, {"Node Type": "Index Scan", "Parent Relationship": "Inner", "Scan Direction": "Forward", "Index Name": "company_id_movie_companies", "Relation Name": "movie_companies", "Alias": "mc", "Startup Cost": 0.0, "Total Cost": 123673.5, "Plan Rows": 2609128, "Plan Width": 8}]}]}, {"Node Type": "Sort", "Parent Relationship": "Inner", "Startup Cost": 528284.62, "Total Cost": 536525.42, "Plan Rows": 3296318, "Plan Width": 8, "Sort Key": ["ci.movie_id"], "Plans": [{"Node Type": "Nested Loop", "Parent Relationship": "Outer", "Join Type": "Inner", "Startup Cost": 0.0, "Total Cost": 171418.25, "Plan Rows": 3296318, "Plan Width": 8, "Inner Unique": false, "Plans": [{"Node Type": "Index Scan", "Parent Relationship": "Outer", "Scan Direction": "Forward", "Index Name": "role_type_pkey", "Relation Name": "role_type", "Alias": "rt", "Startup Cost": 0.0, "Total Cost": 12.46, "Plan Rows": 1, "Plan Width": 4, "Filter": "((role)::text = 'writer'::text)"}, {"Node Type": "Index Scan", "Parent Relationship": "Inner", "Scan Direction": "Forward", "Index Name": "role_id_cast_info", "Relation Name": "cast_info", "Alias": "ci", "Startup Cost": 0.0, "Total Cost": 138442.61, "Plan Rows": 3296318, "Plan Width": 12, "Index Cond": "(role_id = rt.id), (LLVM Optimized)"}]}]}]}]}]}, {"Node Type": "Index Scan", "Parent Relationship": "Inner", "Scan Direction": "Forward", "Index Name": "title_pkey", "Relation Name": "title", "Alias": "t", "Startup Cost": 0.0, "Total Cost": 0.27, "Plan Rows": 1, "Plan Width": 21, "Index Cond": "(id = ci.movie_id)"}]}, {"Node Type": "Index Only Scan", "Parent Relationship": "Inner", "Scan Direction": "Forward", "Index Name": "name_pkey", "Relation Name": "name", "Alias": "n1", "Startup Cost": 0.0, "Total Cost": 0.27, "Plan Rows": 1, "Plan Width": 4, "Index Cond": "(id = ci.person_id)"}]}]}, "Unique SQL Id": 2457761703, "Planner Runtime": 43}, "explain_analyze_plan": null}, "(64, 18)": {"explain_plan": {"Plan": {"Node Type": "Aggregate", "Strategy": "Plain", "Startup Cost": 7585308.33, "Total Cost": 7585308.34, "Plan Rows": 1, "Plan Width": 97, "Plans": [{"Node Type": "Nested Loop", "Parent Relationship": "Outer", "Join Type": "Inner", "Startup Cost": 6046012.51, "Total Cost": 7583522.84, "Plan Rows": 357098, "Plan Width": 33, "Inner Unique": true, "Join Filter": "(a1.person_id = n1.id), (LLVM Optimized)", "Plans": [{"Node Type": "Merge Join", "Parent Relationship": "Outer", "Join Type": "Inner", "Startup Cost": 6046012.25, "Total Cost": 6053547.63, "Plan Rows": 357098, "Plan Width": 41, "Inner Unique": false, "Merge Cond": "(cn.id = mc.company_id)", "Plans": [{"Node Type": "Sort", "Parent Relationship": "Outer", "Startup Cost": 12878.05, "Total Cost": 13090.97, "Plan Rows": 85170, "Plan Width": 4, "Sort Key": ["cn.id"], "Plans": [{"Node Type": "Seq Scan", "Parent Relationship": "Outer", "Relation Name": "company_name", "Alias": "cn", "Startup Cost": 0.0, "Total Cost": 5903.45, "Plan Rows": 85170, "Plan Width": 4, "Filter": "((country_code)::text = '[us]'::text)"}]}, {"Node Type": "Sort", "Parent Relationship": "Inner", "Startup Cost": 6033039.81, "Total Cost": 6034856.28, "Plan Rows": 726589, "Plan Width": 45, "Sort Key": ["mc.company_id"], "Plans": [{"Node Type": "Merge Join", "Parent Relationship": "Outer", "Join Type": "Inner", "Startup Cost": 5904814.04, "Total Cost": 5962303.53, "Plan Rows": 726589, "Plan Width": 45, "Inner Unique": true, "Merge Cond": "(ci.movie_id = t.id)", "Plans": [{"Node Type": "Merge Join", "Parent Relationship": "Outer", "Join Type": "Inner", "Startup Cost": 5575862.06, "Total Cost": 5611637.73, "Plan Rows": 727161, "Plan Width": 36, "Inner Unique": false, "Merge Cond": "(ci.movie_id = mc.movie_id)", "Plans": [{"Node Type": "Sort", "Parent Relationship": "Outer", "Startup Cost": 5255975.04, "Total Cost": 5259686.51, "Plan Rows": 1484588, "Plan Width": 28, "Sort Key": ["ci.movie_id"], "Plans": [{"Node Type": "Nested Loop", "Parent Relationship": "Outer", "Join Type": "Inner", "Startup Cost": 1.01, "Total Cost": 5103792.66, "Plan Rows": 1484588, "Plan Width": 28, "Inner Unique": false, "Join Filter": "(ci.role_id = rt.id), (LLVM Optimized)", "Plans": [{"Node Type": "Seq Scan", "Parent Relationship": "Outer", "Relation Name": "role_type", "Alias": "rt", "Startup Cost": 0.0, "Total Cost": 1.15, "Plan Rows": 1, "Plan Width": 4, "Filter": "((role)::text = 'writer'::text)"}, {"Node Type": "Nested Loop", "Parent Relationship": "Inner", "Join Type": "Inner", "Startup Cost": 1.01, "Total Cost": 4899660.64, "Plan Rows": 16330470, "Plan Width": 32, "Inner Unique": false, "Plans": [{"Node Type": "Seq Scan", "Parent Relationship": "Outer", "Relation Name": "aka_name", "Alias": "a1", "Startup Cost": 0.0, "Total Cost": 19908.42, "Plan Rows": 901342, "Plan Width": 20}, {"Node Type": "Bitmap Heap Scan", "Parent Relationship": "Inner", "Relation Name": "cast_info", "Alias": "ci", "Startup Cost": 1.01, "Total Cost": 5.23, "Plan Rows": 18, "Plan Width": 12, "Recheck Cond": "(person_id = a1.person_id)", "Plans": [{"Node Type": "Bitmap Index Scan", "Parent Relationship": "Outer", "Index Name": "person_id_cast_info", "Startup Cost": 0.0, "Total Cost": 1.0, "Plan Rows": 18, "Plan Width": 0, "Index Cond": "(person_id = a1.person_id)"}]}]}]}]}, {"Node Type": "Sort", "Parent Relationship": "Inner", "Startup Cost": 319886.87, "Total Cost": 326409.69, "Plan Rows": 2609128, "Plan Width": 8, "Sort Key": ["mc.movie_id"], "Plans": [{"Node Type": "Seq Scan", "Parent Relationship": "Outer", "Relation Name": "movie_companies", "Alias": "mc", "Startup Cost": 0.0, "Total Cost": 41817.28, "Plan Rows": 2609128, "Plan Width": 8}]}]}, {"Node Type": "Sort", "Parent Relationship": "Inner", "Startup Cost": 328951.73, "Total Cost": 335272.51, "Plan Rows": 2528311, "Plan Width": 21, "Sort Key": ["t.id"], "Plans": [{"Node Type": "Seq Scan", "Parent Relationship": "Outer", "Relation Name": "title", "Alias": "t", "Startup Cost": 0.0, "Total Cost": 60069.11, "Plan Rows": 2528311, "Plan Width": 21}]}]}]}]}, {"Node Type": "Bitmap Heap Scan", "Parent Relationship": "Inner", "Relation Name": "name", "Alias": "n1", "Startup Cost": 0.26, "Total Cost": 4.27, "Plan Rows": 1, "Plan Width": 4, "Recheck Cond": "(id = ci.person_id)", "Plans": [{"Node Type": "Bitmap Index Scan", "Parent Relationship": "Outer", "Index Name": "name_pkey", "Startup Cost": 0.0, "Total Cost": 0.26, "Plan Rows": 1, "Plan Width": 0, "Index Cond": "(id = ci.person_id)"}]}]}]}, "Unique SQL Id": 2457761703, "Planner Runtime": 43}, "explain_analyze_plan": null}, "(64, 19)": {"explain_plan": {"Plan": {"Node Type": "Aggregate", "Strategy": "Plain", "Startup Cost": 2599287.33, "Total Cost": 2599287.34, "Plan Rows": 1, "Plan Width": 97, "Plans": [{"Node Type": "Merge Join", "Parent Relationship": "Outer", "Join Type": "Inner", "Startup Cost": 2561169.56, "Total Cost": 2597501.84, "Plan Rows": 357098, "Plan Width": 33, "Inner Unique": true, "Merge Cond": "(a1.person_id = n1.id)", "Plans": [{"Node Type": "Merge Join", "Parent Relationship": "Outer", "Join Type": "Inner", "Startup Cost": 1925666.62, "Total Cost": 1936698.45, "Plan Rows": 357098, "Plan Width": 41, "Inner Unique": false, "Merge Cond": "(ci.person_id = a1.person_id)", "Plans": [{"Node Type": "Sort", "Parent Relationship": "Outer", "Startup Cost": 1799975.38, "Total Cost": 1801751.53, "Plan Rows": 710459, "Plan Width": 21, "Sort Key": ["ci.person_id"], "Plans": [{"Node Type": "Merge Join", "Parent Relationship": "Outer", "Join Type": "Inner", "Startup Cost": 1669816.61, "Total Cost": 1730924.48, "Plan Rows": 710459, "Plan Width": 21, "Inner Unique": true, "Merge Cond": "(ci.movie_id = t.id)", "Plans": [{"Node Type": "Merge Join", "Parent Relationship": "Outer", "Join Type": "Inner", "Startup Cost": 1290578.7, "Total Cost": 1330174.45, "Plan Rows": 711018, "Plan Width": 12, "Inner Unique": false, "Merge Cond": "(mc.movie_id = ci.movie_id)", "Plans": [{"Node Type": "Sort", "Parent Relationship": "Outer", "Startup Cost": 543942.68, "Total Cost": 547148.46, "Plan Rows": 1282311, "Plan Width": 4, "Sort Key": ["mc.movie_id"], "Plans": [{"Node Type": "Merge Join", "Parent Relationship": "Outer", "Join Type": "Inner", "Startup Cost": 387894.59, "Total Cost": 413850.21, "Plan Rows": 1282311, "Plan Width": 4, "Inner Unique": false, "Merge Cond": "(cn.id = mc.company_id)", "Plans": [{"Node Type": "Sort", "Parent Relationship": "Outer", "Startup Cost": 15678.57, "Total Cost": 15891.49, "Plan Rows": 85170, "Plan Width": 4, "Sort Key": ["cn.id"], "Plans": [{"Node Type": "Bitmap Heap Scan", "Parent Relationship": "Outer", "Relation Name": "company_name", "Alias": "cn", "Startup Cost": 2800.52, "Total Cost": 8703.97, "Plan Rows": 85170, "Plan Width": 4, "Filter": "((country_code)::text = '[us]'::text)", "Plans": [{"Node Type": "Bitmap Index Scan", "Parent Relationship": "Outer", "Index Name": "company_name_pkey", "Startup Cost": 0.0, "Total Cost": 2779.23, "Plan Rows": 234996, "Plan Width": 0}]}]}, {"Node Type": "Sort", "Parent Relationship": "Inner", "Startup Cost": 371877.05, "Total Cost": 378399.87, "Plan Rows": 2609128, "Plan Width": 8, "Sort Key": ["mc.company_id"], "Plans": [{"Node Type": "Bitmap Heap Scan", "Parent Relationship": "Outer", "Relation Name": "movie_companies", "Alias": "mc", "Startup Cost": 51990.17, "Total Cost": 93807.45, "Plan Rows": 2609128, "Plan Width": 8, "Plans": [{"Node Type": "Bitmap Index Scan", "Parent Relationship": "Outer", "Index Name": "movie_id_movie_companies", "Startup Cost": 0.0, "Total Cost": 51337.89, "Plan Rows": 2609128, "Plan Width": 0}]}]}]}]}, {"Node Type": "Sort", "Parent Relationship": "Inner", "Startup Cost": 746635.7, "Total Cost": 754876.5, "Plan Rows": 3296318, "Plan Width": 8, "Sort Key": ["ci.movie_id"], "Plans": [{"Node Type": "Nested Loop", "Parent Relationship": "Outer", "Join Type": "Inner", "Startup Cost": 76315.02, "Total Cost": 389769.33, "Plan Rows": 3296318, "Plan Width": 8, "Inner Unique": false, "Plans": [{"Node Type": "Bitmap Heap Scan", "Parent Relationship": "Outer", "Relation Name": "role_type", "Alias": "rt", "Startup Cost": 8.31, "Total Cost": 12.46, "Plan Rows": 1, "Plan Width": 4, "Filter": "((role)::text = 'writer'::text)", "Plans": [{"Node Type": "Bitmap Index Scan", "Parent Relationship": "Outer", "Index Name": "role_type_pkey", "Startup Cost": 0.0, "Total Cost": 8.31, "Plan Rows": 12, "Plan Width": 0}]}, {"Node Type": "Bitmap Heap Scan", "Parent Relationship": "Inner", "Relation Name": "cast_info", "Alias": "ci", "Startup Cost": 76306.71, "Total Cost": 356793.69, "Plan Rows": 3296318, "Plan Width": 12, "Recheck Cond": "(role_id = rt.id), (LLVM Optimized)", "Plans": [{"Node Type": "Bitmap Index Scan", "Parent Relationship": "Outer", "Index Name": "role_id_cast_info", "Startup Cost": 0.0, "Total Cost": 75482.63, "Plan Rows": 3296318, "Plan Width": 0, "Index Cond": "(role_id = rt.id)"}]}]}]}]}, {"Node Type": "Sort", "Parent Relationship": "Inner", "Startup Cost": 379237.61, "Total Cost": 385558.39, "Plan Rows": 2528311, "Plan Width": 21, "Sort Key": ["t.id"], "Plans": [{"Node Type": "Bitmap Heap Scan", "Parent Relationship": "Outer", "Relation Name": "title", "Alias": "t", "Startup Cost": 50285.88, "Total Cost": 110354.99, "Plan Rows": 2528311, "Plan Width": 21, "Plans": [{"Node Type": "Bitmap Index Scan", "Parent Relationship": "Outer", "Index Name": "title_pkey", "Startup Cost": 0.0, "Total Cost": 49653.81, "Plan Rows": 2528311, "Plan Width": 0}]}]}]}]}, {"Node Type": "Sort", "Parent Relationship": "Inner", "Startup Cost": 125691.17, "Total Cost": 127944.52, "Plan Rows": 901342, "Plan Width": 20, "Sort Key": ["a1.person_id"], "Plans": [{"Node Type": "Bitmap Heap Scan", "Parent Relationship": "Outer", "Relation Name": "aka_name", "Alias": "a1", "Startup Cost": 16632.3, "Total Cost": 36540.72, "Plan Rows": 901342, "Plan Width": 20, "Plans": [{"Node Type": "Bitmap Index Scan", "Parent Relationship": "Outer", "Index Name": "person_id_aka_name", "Startup Cost": 0.0, "Total Cost": 16406.96, "Plan Rows": 901342, "Plan Width": 0}]}]}]}, {"Node Type": "Sort", "Parent Relationship": "Inner", "Startup Cost": 635502.57, "Total Cost": 645921.29, "Plan Rows": 4167490, "Plan Width": 4, "Sort Key": ["n1.id"], "Plans": [{"Node Type": "Bitmap Heap Scan", "Parent Relationship": "Outer", "Relation Name": "name", "Alias": "n1", "Startup Cost": 84199.57, "Total Cost": 177271.47, "Plan Rows": 4167490, "Plan Width": 4, "Plans": [{"Node Type": "Bitmap Index Scan", "Parent Relationship": "Outer", "Index Name": "name_pkey", "Startup Cost": 0.0, "Total Cost": 83157.7, "Plan Rows": 4167490, "Plan Width": 0}]}]}]}]}, "Unique SQL Id": 2457761703, "Planner Runtime": 43}, "explain_analyze_plan": {"Plan": {"Node Type": "Aggregate", "Strategy": "Plain", "Startup Cost": 2599287.33, "Total Cost": 2599287.34, "Plan Rows": 1, "Plan Width": 97, "Actual Startup Time": 21363.201, "Actual Total Time": 21363.203, "Actual Rows": 1, "Actual Loops": 1, "Plans": [{"Node Type": "Merge Join", "Parent Relationship": "Outer", "Join Type": "Inner", "Startup Cost": 2561169.56, "Total Cost": 2597501.84, "Plan Rows": 357098, "Plan Width": 33, "Actual Startup Time": 17003.752, "Actual Total Time": 20119.576, "Actual Rows": 2487611, "Actual Loops": 1, "Inner Unique": true, "Merge Cond": "(a1.person_id = n1.id)", "Plans": [{"Node Type": "Merge Join", "Parent Relationship": "Outer", "Join Type": "Inner", "Startup Cost": 1925666.62, "Total Cost": 1936698.45, "Plan Rows": 357098, "Plan Width": 41, "Actual Startup Time": 13412.753, "Actual Total Time": 15064.011, "Actual Rows": 2487611, "Actual Loops": 1, "Inner Unique": false, "Merge Cond": "(ci.person_id = a1.person_id)", "Plans": [{"Node Type": "Sort", "Parent Relationship": "Outer", "Startup Cost": 1799975.38, "Total Cost": 1801751.53, "Plan Rows": 710459, "Plan Width": 21, "Actual Startup Time": 12570.328, "Actual Total Time": 12916.296, "Actual Rows": 1970658, "Actual Loops": 1, "Sort Key": ["ci.person_id"], "Sort Method": "quicksort", "Sort Space Used": 240236, "Sort Space Type": "Memory", "Plans": [{"Node Type": "Merge Join", "Parent Relationship": "Outer", "Join Type": "Inner", "Startup Cost": 1669816.61, "Total Cost": 1730924.48, "Plan Rows": 710459, "Plan Width": 21, "Actual Startup Time": 8796.391, "Actual Total Time": 11812.599, "Actual Rows": 1970658, "Actual Loops": 1, "Inner Unique": true, "Merge Cond": "(ci.movie_id = t.id)", "Plans": [{"Node Type": "Merge Join", "Parent Relationship": "Outer", "Join Type": "Inner", "Startup Cost": 1290578.7, "Total Cost": 1330174.45, "Plan Rows": 711018, "Plan Width": 12, "Actual Startup Time": 6289.251, "Actual Total Time": 7900.595, "Actual Rows": 1970658, "Actual Loops": 1, "Inner Unique": false, "Merge Cond": "(mc.movie_id = ci.movie_id)", "Plans": [{"Node Type": "Sort", "Parent Relationship": "Outer", "Startup Cost": 543942.68, "Total Cost": 547148.46, "Plan Rows": 1282311, "Plan Width": 4, "Actual Startup Time": 3764.947, "Actual Total Time": 3949.371, "Actual Rows": 1153797, "Actual Loops": 1, "Sort Key": ["mc.movie_id"], "Sort Method": "quicksort", "Sort Space Used": 121265, "Sort Space Type": "Memory", "Plans": [{"Node Type": "Merge Join", "Parent Relationship": "Outer", "Join Type": "Inner", "Startup Cost": 387894.59, "Total Cost": 413850.21, "Plan Rows": 1282311, "Plan Width": 4, "Actual Startup Time": 2260.48, "Actual Total Time": 3336.297, "Actual Rows": 1153797, "Actual Loops": 1, "Inner Unique": false, "Merge Cond": "(cn.id = mc.company_id)", "Plans": [{"Node Type": "Sort", "Parent Relationship": "Outer", "Startup Cost": 15678.57, "Total Cost": 15891.49, "Plan Rows": 85170, "Plan Width": 4, "Actual Startup Time": 192.365, "Actual Total Time": 212.911, "Actual Rows": 84843, "Actual Loops": 1, "Sort Key": ["cn.id"], "Sort Method": "quicksort", "Sort Space Used": 8375, "Sort Space Type": "Memory", "Plans": [{"Node Type": "Bitmap Heap Scan", "Parent Relationship": "Outer", "Relation Name": "company_name", "Alias": "cn", "Startup Cost": 2800.52, "Total Cost": 8703.97, "Plan Rows": 85170, "Plan Width": 4, "Actual Startup Time": 22.528, "Actual Total Time": 161.757, "Actual Rows": 84843, "Actual Loops": 1, "Filter": "((country_code)::text = '[us]'::text)", "Rows Removed by Filter": 150153, "Exact Heap Blocks": 2966, "Lossy Heap Blocks": 2966, "Plans": [{"Node Type": "Bitmap Index Scan", "Parent Relationship": "Outer", "Index Name": "company_name_pkey", "Startup Cost": 0.0, "Total Cost": 2779.23, "Plan Rows": 234996, "Plan Width": 0, "Actual Startup Time": 22.067, "Actual Total Time": 22.067, "Actual Rows": 234996, "Actual Loops": 1}]}]}, {"Node Type": "Sort", "Parent Relationship": "Inner", "Startup Cost": 371877.05, "Total Cost": 378399.87, "Plan Rows": 2609128, "Plan Width": 8, "Actual Startup Time": 2068.098, "Actual Total Time": 2615.706, "Actual Rows": 2609128, "Actual Loops": 1, "Sort Key": ["mc.company_id"], "Sort Method": "quicksort", "Sort Space Used": 261375, "Sort Space Type": "Memory", "Plans": [{"Node Type": "Bitmap Heap Scan", "Parent Relationship": "Outer", "Relation Name": "movie_companies", "Alias": "mc", "Startup Cost": 51990.17, "Total Cost": 93807.45, "Plan Rows": 2609128, "Plan Width": 8, "Actual Startup Time": 219.656, "Actual Total Time": 1155.876, "Actual Rows": 2609128, "Actual Loops": 1, "Exact Heap Blocks": 15726, "Lossy Heap Blocks": 15726, "Plans": [{"Node Type": "Bitmap Index Scan", "Parent Relationship": "Outer", "Index Name": "movie_id_movie_companies", "Startup Cost": 0.0, "Total Cost": 51337.89, "Plan Rows": 2609128, "Plan Width": 0, "Actual Startup Time": 215.949, "Actual Total Time": 215.949, "Actual Rows": 2609128, "Actual Loops": 1}]}]}]}]}, {"Node Type": "Sort", "Parent Relationship": "Inner", "Startup Cost": 746635.7, "Total Cost": 754876.5, "Plan Rows": 3296318, "Plan Width": 8, "Actual Startup Time": 2524.267, "Actual Total Time": 3024.157, "Actual Rows": 3863824, "Actual Loops": 1, "Sort Key": ["ci.movie_id"], "Sort Method": "quicksort", "Sort Space Used": 268863, "Sort Space Type": "Memory", "Plans": [{"Node Type": "Nested Loop", "Parent Relationship": "Outer", "Join Type": "Inner", "Startup Cost": 76315.02, "Total Cost": 389769.33, "Plan Rows": 3296318, "Plan Width": 8, "Actual Startup Time": 302.973, "Actual Total Time": 1538.687, "Actual Rows": 2728943, "Actual Loops": 1, "Inner Unique": false, "Plans": [{"Node Type": "Bitmap Heap Scan", "Parent Relationship": "Outer", "Relation Name": "role_type", "Alias": "rt", "Startup Cost": 8.31, "Total Cost": 12.46, "Plan Rows": 1, "Plan Width": 4, "Actual Startup Time": 0.09, "Actual Total Time": 0.104, "Actual Rows": 1, "Actual Loops": 1, "Filter": "((role)::text = 'writer'::text)", "Rows Removed by Filter": 11, "Exact Heap Blocks": 1, "Lossy Heap Blocks": 1, "Plans": [{"Node Type": "Bitmap Index Scan", "Parent Relationship": "Outer", "Index Name": "role_type_pkey", "Startup Cost": 0.0, "Total Cost": 8.31, "Plan Rows": 12, "Plan Width": 0, "Actual Startup Time": 0.025, "Actual Total Time": 0.025, "Actual Rows": 12, "Actual Loops": 1}]}, {"Node Type": "Bitmap Heap Scan", "Parent Relationship": "Inner", "Relation Name": "cast_info", "Alias": "ci", "Startup Cost": 76306.71, "Total Cost": 356793.69, "Plan Rows": 3296318, "Plan Width": 12, "Actual Startup Time": 302.859, "Actual Total Time": 1064.841, "Actual Rows": 2728943, "Actual Loops": 1, "Recheck Cond": "(role_id = rt.id), (LLVM Optimized, Jit Execute)", "Rows Removed by Index Recheck": 0, "Exact Heap Blocks": 19177, "Lossy Heap Blocks": 19177, "Plans": [{"Node Type": "Bitmap Index Scan", "Parent Relationship": "Outer", "Index Name": "role_id_cast_info", "Startup Cost": 0.0, "Total Cost": 75482.63, "Plan Rows": 3296318, "Plan Width": 0, "Actual Startup Time": 298.466, "Actual Total Time": 298.466, "Actual Rows": 2728943, "Actual Loops": 1, "Index Cond": "(role_id = rt.id)"}]}]}]}]}, {"Node Type": "Sort", "Parent Relationship": "Inner", "Startup Cost": 379237.61, "Total Cost": 385558.39, "Plan Rows": 2528311, "Plan Width": 21, "Actual Startup Time": 2507.119, "Actual Total Time": 2981.567, "Actual Rows": 2525743, "Actual Loops": 1, "Sort Key": ["t.id"], "Sort Method": "quicksort", "Sort Space Used": 344074, "Sort Space Type": "Memory", "Plans": [{"Node Type": "Bitmap Heap Scan", "Parent Relationship": "Outer", "Relation Name": "title", "Alias": "t", "Startup Cost": 50285.88, "Total Cost": 110354.99, "Plan Rows": 2528311, "Plan Width": 21, "Actual Startup Time": 271.285, "Actual Total Time": 1400.305, "Actual Rows": 2528311, "Actual Loops": 1, "Exact Heap Blocks": 34786, "Lossy Heap Blocks": 34786, "Plans": [{"Node Type": "Bitmap Index Scan", "Parent Relationship": "Outer", "Index Name": "title_pkey", "Startup Cost": 0.0, "Total Cost": 49653.81, "Plan Rows": 2528311, "Plan Width": 0, "Actual Startup Time": 263.409, "Actual Total Time": 263.409, "Actual Rows": 2528311, "Actual Loops": 1}]}]}]}]}, {"Node Type": "Sort", "Parent Relationship": "Inner", "Startup Cost": 125691.17, "Total Cost": 127944.52, "Plan Rows": 901342, "Plan Width": 20, "Actual Startup Time": 842.4, "Actual Total Time": 1134.101, "Actual Rows": 3063953, "Actual Loops": 1, "Sort Key": ["a1.person_id"], "Sort Method": "quicksort", "Sort Space Used": 109040, "Sort Space Type": "Memory", "Plans": [{"Node Type": "Bitmap Heap Scan", "Parent Relationship": "Outer", "Relation Name": "aka_name", "Alias": "a1", "Startup Cost": 16632.3, "Total Cost": 36540.72, "Plan Rows": 901342, "Plan Width": 20, "Actual Startup Time": 85.015, "Actual Total Time": 470.164, "Actual Rows": 901342, "Actual Loops": 1, "Exact Heap Blocks": 10895, "Lossy Heap Blocks": 10895, "Plans": [{"Node Type": "Bitmap Index Scan", "Parent Relationship": "Outer", "Index Name": "person_id_aka_name", "Startup Cost": 0.0, "Total Cost": 16406.96, "Plan Rows": 901342, "Plan Width": 0, "Actual Startup Time": 83.053, "Actual Total Time": 83.053, "Actual Rows": 901342, "Actual Loops": 1}]}]}]}, {"Node Type": "Sort", "Parent Relationship": "Inner", "Startup Cost": 635502.57, "Total Cost": 645921.29, "Plan Rows": 4167490, "Plan Width": 4, "Actual Startup Time": 3590.969, "Actual Total Time": 4043.226, "Actual Rows": 3228264, "Actual Loops": 1, "Sort Key": ["n1.id"], "Sort Method": "quicksort", "Sort Space Used": 358773, "Sort Space Type": "Memory", "Plans": [{"Node Type": "Bitmap Heap Scan", "Parent Relationship": "Outer", "Relation Name": "name", "Alias": "n1", "Startup Cost": 84199.57, "Total Cost": 177271.47, "Plan Rows": 4167490, "Plan Width": 4, "Actual Startup Time": 382.836, "Actual Total Time": 2060.348, "Actual Rows": 4167490, "Actual Loops": 1, "Exact Heap Blocks": 51397, "Lossy Heap Blocks": 51397, "Plans": [{"Node Type": "Bitmap Index Scan", "Parent Relationship": "Outer", "Index Name": "name_pkey", "Startup Cost": 0.0, "Total Cost": 83157.7, "Plan Rows": 4167490, "Plan Width": 0, "Actual Startup Time": 370.801, "Actual Total Time": 370.801, "Actual Rows": 4167490, "Actual Loops": 1}]}]}]}]}, "Triggers": [], "Planner Runtime": 43, "Total Runtime": 21373.426, "Unique SQL Id": 2457761703}}, "(64, 20)": {"explain_plan": {"Plan": {"Node Type": "Aggregate", "Strategy": "Plain", "Startup Cost": 1759582.76, "Total Cost": 1759582.77, "Plan Rows": 1, "Plan Width": 97, "Plans": [{"Node Type": "Nested Loop", "Parent Relationship": "Outer", "Join Type": "Inner", "Startup Cost": 1483747.31, "Total Cost": 1757797.27, "Plan Rows": 357098, "Plan Width": 33, "Inner Unique": true, "Join Filter": "(a1.person_id = n1.id), (LLVM Optimized)", "Plans": [{"Node Type": "Nested Loop", "Parent Relationship": "Outer", "Join Type": "Inner", "Startup Cost": 1483747.31, "Total Cost": 1654278.62, "Plan Rows": 357098, "Plan Width": 41, "Inner Unique": true, "Plans": [{"Node Type": "Merge Join", "Parent Relationship": "Outer", "Join Type": "Inner", "Startup Cost": 1483747.31, "Total Cost": 1552476.28, "Plan Rows": 357379, "Plan Width": 32, "Inner Unique": false, "Merge Cond": "(a1.person_id = ci.person_id)", "Plans": [{"Node Type": "Index Scan", "Parent Relationship": "Outer", "Scan Direction": "Forward", "Index Name": "person_id_aka_name", "Relation Name": "aka_name", "Alias": "a1", "Startup Cost": 0.0, "Total Cost": 68965.03, "Plan Rows": 901342, "Plan Width": 20}, {"Node Type": "Sort", "Parent Relationship": "Inner", "Startup Cost": 1483747.24, "Total Cost": 1485524.79, "Plan Rows": 711018, "Plan Width": 12, "Sort Key": ["ci.person_id"], "Plans": [{"Node Type": "Merge Join", "Parent Relationship": "Outer", "Join Type": "Inner", "Startup Cost": 1389767.87, "Total Cost": 1414637.98, "Plan Rows": 711018, "Plan Width": 12, "Inner Unique": false, "Merge Cond": "(cn.id = mc.company_id)", "Plans": [{"Node Type": "Index Scan", "Parent Relationship": "Outer", "Scan Direction": "Forward", "Index Name": "company_name_pkey", "Relation Name": "company_name", "Alias": "cn", "Startup Cost": 0.0, "Total Cost": 10501.39, "Plan Rows": 85170, "Plan Width": 4, "Filter": "((country_code)::text = '[us]'::text)"}, {"Node Type": "Sort", "Parent Relationship": "Inner", "Startup Cost": 1389579.91, "Total Cost": 1393196.7, "Plan Rows": 1446714, "Plan Width": 16, "Sort Key": ["mc.company_id"], "Plans": [{"Node Type": "Nested Loop", "Parent Relationship": "Outer", "Join Type": "Inner", "Startup Cost": 0.0, "Total Cost": 1241549.62, "Plan Rows": 1446714, "Plan Width": 16, "Inner Unique": false, "Plans": [{"Node Type": "Streaming(type: LOCAL GATHER dop: 1/64)", "Parent Relationship": "Outer", "Startup Cost": 0.0, "Total Cost": 210491.4, "Plan Rows": 3296318, "Plan Width": 8, "Plans": [{"Node Type": "Nested Loop", "Parent Relationship": "Outer", "Join Type": "Inner", "Startup Cost": 0.0, "Total Cost": 142488.75, "Plan Rows": 3296318, "Plan Width": 8, "Inner Unique": false, "Join Filter": "(ci.role_id = rt.id), (LLVM Optimized)", "Plans": [{"Node Type": "Streaming(type: BROADCAST dop: 64/1)", "Parent Relationship": "Outer", "Startup Cost": 0.0, "Total Cost": 63002.47, "Plan Rows": 64, "Plan Width": 4, "Plans": [{"Node Type": "Seq Scan", "Parent Relationship": "Outer", "Relation Name": "role_type", "Alias": "rt", "Startup Cost": 0.0, "Total Cost": 1.15, "Plan Rows": 1, "Plan Width": 4, "Filter": "((role)::text = 'writer'::text)"}]}, {"Node Type": "Seq Scan", "Parent Relationship": "Inner", "Relation Name": "cast_info", "Alias": "ci", "Startup Cost": 0.0, "Total Cost": 72404.34, "Plan Rows": 36259494, "Plan Width": 12}]}]}, {"Node Type": "Index Scan", "Parent Relationship": "Inner", "Scan Direction": "Forward", "Index Name": "movie_id_movie_companies", "Relation Name": "movie_companies", "Alias": "mc", "Startup Cost": 0.0, "Total Cost": 0.29, "Plan Rows": 2, "Plan Width": 8, "Index Cond": "(movie_id = ci.movie_id)"}]}]}]}]}]}, {"Node Type": "Index Scan", "Parent Relationship": "Inner", "Scan Direction": "Forward", "Index Name": "title_pkey", "Relation Name": "title", "Alias": "t", "Startup Cost": 0.0, "Total Cost": 0.27, "Plan Rows": 1, "Plan Width": 21, "Index Cond": "(id = ci.movie_id)"}]}, {"Node Type": "Index Scan", "Parent Relationship": "Inner", "Scan Direction": "Forward", "Index Name": "name_pkey", "Relation Name": "name", "Alias": "n1", "Startup Cost": 0.0, "Total Cost": 0.28, "Plan Rows": 1, "Plan Width": 4, "Index Cond": "(id = ci.person_id)"}]}]}, "Unique SQL Id": 2457761703, "Planner Runtime": 40}, "explain_analyze_plan": null}, "(64, 21)": {"explain_plan": {"Plan": {"Node Type": "Aggregate", "Strategy": "Plain", "Startup Cost": 1196651.68, "Total Cost": 1196651.69, "Plan Rows": 1, "Plan Width": 97, "Plans": [{"Node Type": "Nested Loop", "Parent Relationship": "Outer", "Join Type": "Inner", "Startup Cost": 920816.24, "Total Cost": 1194866.19, "Plan Rows": 357098, "Plan Width": 33, "Inner Unique": true, "Join Filter": "(a1.person_id = n1.id), (LLVM Optimized)", "Plans": [{"Node Type": "Nested Loop", "Parent Relationship": "Outer", "Join Type": "Inner", "Startup Cost": 920816.24, "Total Cost": 1091347.54, "Plan Rows": 357098, "Plan Width": 41, "Inner Unique": true, "Plans": [{"Node Type": "Merge Join", "Parent Relationship": "Outer", "Join Type": "Inner", "Startup Cost": 920816.24, "Total Cost": 989545.2, "Plan Rows": 357379, "Plan Width": 32, "Inner Unique": false, "Merge Cond": "(a1.person_id = ci.person_id)", "Plans": [{"Node Type": "Index Scan", "Parent Relationship": "Outer", "Scan Direction": "Forward", "Index Name": "person_id_aka_name", "Relation Name": "aka_name", "Alias": "a1", "Startup Cost": 0.0, "Total Cost": 68965.03, "Plan Rows": 901342, "Plan Width": 20}, {"Node Type": "Sort", "Parent Relationship": "Inner", "Startup Cost": 920816.17, "Total Cost": 922593.71, "Plan Rows": 711018, "Plan Width": 12, "Sort Key": ["ci.person_id"], "Plans": [{"Node Type": "Merge Join", "Parent Relationship": "Outer", "Join Type": "Inner", "Startup Cost": 812111.15, "Total Cost": 851706.9, "Plan Rows": 711018, "Plan Width": 12, "Inner Unique": false, "Merge Cond": "(mc.movie_id = ci.movie_id)", "Plans": [{"Node Type": "Sort", "Parent Relationship": "Outer", "Startup Cost": 283826.21, "Total Cost": 287031.99, "Plan Rows": 1282311, "Plan Width": 4, "Sort Key": ["mc.movie_id"], "Plans": [{"Node Type": "Merge Join", "Parent Relationship": "Outer", "Join Type": "Inner", "Startup Cost": 3383.04, "Total Cost": 153733.74, "Plan Rows": 1282311, "Plan Width": 4, "Inner Unique": false, "Merge Cond": "(cn.id = mc.company_id)", "Plans": [{"Node Type": "Index Scan", "Parent Relationship": "Outer", "Scan Direction": "Forward", "Index Name": "company_name_pkey", "Relation Name": "company_name", "Alias": "cn", "Startup Cost": 0.0, "Total Cost": 10501.39, "Plan Rows": 85170, "Plan Width": 4, "Filter": "((country_code)::text = '[us]'::text)"}, {"Node Type": "Index Scan", "Parent Relationship": "Inner", "Scan Direction": "Forward", "Index Name": "company_id_movie_companies", "Relation Name": "movie_companies", "Alias": "mc", "Startup Cost": 0.0, "Total Cost": 123673.5, "Plan Rows": 2609128, "Plan Width": 8}]}]}, {"Node Type": "Sort", "Parent Relationship": "Inner", "Startup Cost": 528284.62, "Total Cost": 536525.42, "Plan Rows": 3296318, "Plan Width": 8, "Sort Key": ["ci.movie_id"], "Plans": [{"Node Type": "Nested Loop", "Parent Relationship": "Outer", "Join Type": "Inner", "Startup Cost": 0.0, "Total Cost": 171418.25, "Plan Rows": 3296318, "Plan Width": 8, "Inner Unique": false, "Plans": [{"Node Type": "Index Scan", "Parent Relationship": "Outer", "Scan Direction": "Forward", "Index Name": "role_type_pkey", "Relation Name": "role_type", "Alias": "rt", "Startup Cost": 0.0, "Total Cost": 12.46, "Plan Rows": 1, "Plan Width": 4, "Filter": "((role)::text = 'writer'::text)"}, {"Node Type": "Index Scan", "Parent Relationship": "Inner", "Scan Direction": "Forward", "Index Name": "role_id_cast_info", "Relation Name": "cast_info", "Alias": "ci", "Startup Cost": 0.0, "Total Cost": 138442.61, "Plan Rows": 3296318, "Plan Width": 12, "Index Cond": "(role_id = rt.id), (LLVM Optimized)"}]}]}]}]}]}, {"Node Type": "Index Scan", "Parent Relationship": "Inner", "Scan Direction": "Forward", "Index Name": "title_pkey", "Relation Name": "title", "Alias": "t", "Startup Cost": 0.0, "Total Cost": 0.27, "Plan Rows": 1, "Plan Width": 21, "Index Cond": "(id = ci.movie_id)"}]}, {"Node Type": "Index Scan", "Parent Relationship": "Inner", "Scan Direction": "Forward", "Index Name": "name_pkey", "Relation Name": "name", "Alias": "n1", "Startup Cost": 0.0, "Total Cost": 0.28, "Plan Rows": 1, "Plan Width": 4, "Index Cond": "(id = ci.person_id)"}]}]}, "Unique SQL Id": 2457761703, "Planner Runtime": 43}, "explain_analyze_plan": null}, "(64, 22)": {"explain_plan": {"Plan": {"Node Type": "Aggregate", "Strategy": "Plain", "Startup Cost": 7585308.33, "Total Cost": 7585308.34, "Plan Rows": 1, "Plan Width": 97, "Plans": [{"Node Type": "Nested Loop", "Parent Relationship": "Outer", "Join Type": "Inner", "Startup Cost": 6046012.51, "Total Cost": 7583522.84, "Plan Rows": 357098, "Plan Width": 33, "Inner Unique": true, "Join Filter": "(a1.person_id = n1.id), (LLVM Optimized)", "Plans": [{"Node Type": "Merge Join", "Parent Relationship": "Outer", "Join Type": "Inner", "Startup Cost": 6046012.25, "Total Cost": 6053547.63, "Plan Rows": 357098, "Plan Width": 41, "Inner Unique": false, "Merge Cond": "(cn.id = mc.company_id)", "Plans": [{"Node Type": "Sort", "Parent Relationship": "Outer", "Startup Cost": 12878.05, "Total Cost": 13090.97, "Plan Rows": 85170, "Plan Width": 4, "Sort Key": ["cn.id"], "Plans": [{"Node Type": "Seq Scan", "Parent Relationship": "Outer", "Relation Name": "company_name", "Alias": "cn", "Startup Cost": 0.0, "Total Cost": 5903.45, "Plan Rows": 85170, "Plan Width": 4, "Filter": "((country_code)::text = '[us]'::text)"}]}, {"Node Type": "Sort", "Parent Relationship": "Inner", "Startup Cost": 6033039.81, "Total Cost": 6034856.28, "Plan Rows": 726589, "Plan Width": 45, "Sort Key": ["mc.company_id"], "Plans": [{"Node Type": "Merge Join", "Parent Relationship": "Outer", "Join Type": "Inner", "Startup Cost": 5904814.04, "Total Cost": 5962303.53, "Plan Rows": 726589, "Plan Width": 45, "Inner Unique": true, "Merge Cond": "(ci.movie_id = t.id)", "Plans": [{"Node Type": "Merge Join", "Parent Relationship": "Outer", "Join Type": "Inner", "Startup Cost": 5575862.06, "Total Cost": 5611637.73, "Plan Rows": 727161, "Plan Width": 36, "Inner Unique": false, "Merge Cond": "(ci.movie_id = mc.movie_id)", "Plans": [{"Node Type": "Sort", "Parent Relationship": "Outer", "Startup Cost": 5255975.04, "Total Cost": 5259686.51, "Plan Rows": 1484588, "Plan Width": 28, "Sort Key": ["ci.movie_id"], "Plans": [{"Node Type": "Nested Loop", "Parent Relationship": "Outer", "Join Type": "Inner", "Startup Cost": 1.01, "Total Cost": 5103792.66, "Plan Rows": 1484588, "Plan Width": 28, "Inner Unique": false, "Join Filter": "(ci.role_id = rt.id), (LLVM Optimized)", "Plans": [{"Node Type": "Seq Scan", "Parent Relationship": "Outer", "Relation Name": "role_type", "Alias": "rt", "Startup Cost": 0.0, "Total Cost": 1.15, "Plan Rows": 1, "Plan Width": 4, "Filter": "((role)::text = 'writer'::text)"}, {"Node Type": "Nested Loop", "Parent Relationship": "Inner", "Join Type": "Inner", "Startup Cost": 1.01, "Total Cost": 4899660.64, "Plan Rows": 16330470, "Plan Width": 32, "Inner Unique": false, "Plans": [{"Node Type": "Seq Scan", "Parent Relationship": "Outer", "Relation Name": "aka_name", "Alias": "a1", "Startup Cost": 0.0, "Total Cost": 19908.42, "Plan Rows": 901342, "Plan Width": 20}, {"Node Type": "Bitmap Heap Scan", "Parent Relationship": "Inner", "Relation Name": "cast_info", "Alias": "ci", "Startup Cost": 1.01, "Total Cost": 5.23, "Plan Rows": 18, "Plan Width": 12, "Recheck Cond": "(person_id = a1.person_id)", "Plans": [{"Node Type": "Bitmap Index Scan", "Parent Relationship": "Outer", "Index Name": "person_id_cast_info", "Startup Cost": 0.0, "Total Cost": 1.0, "Plan Rows": 18, "Plan Width": 0, "Index Cond": "(person_id = a1.person_id)"}]}]}]}]}, {"Node Type": "Sort", "Parent Relationship": "Inner", "Startup Cost": 319886.87, "Total Cost": 326409.69, "Plan Rows": 2609128, "Plan Width": 8, "Sort Key": ["mc.movie_id"], "Plans": [{"Node Type": "Seq Scan", "Parent Relationship": "Outer", "Relation Name": "movie_companies", "Alias": "mc", "Startup Cost": 0.0, "Total Cost": 41817.28, "Plan Rows": 2609128, "Plan Width": 8}]}]}, {"Node Type": "Sort", "Parent Relationship": "Inner", "Startup Cost": 328951.73, "Total Cost": 335272.51, "Plan Rows": 2528311, "Plan Width": 21, "Sort Key": ["t.id"], "Plans": [{"Node Type": "Seq Scan", "Parent Relationship": "Outer", "Relation Name": "title", "Alias": "t", "Startup Cost": 0.0, "Total Cost": 60069.11, "Plan Rows": 2528311, "Plan Width": 21}]}]}]}]}, {"Node Type": "Bitmap Heap Scan", "Parent Relationship": "Inner", "Relation Name": "name", "Alias": "n1", "Startup Cost": 0.26, "Total Cost": 4.27, "Plan Rows": 1, "Plan Width": 4, "Recheck Cond": "(id = ci.person_id)", "Plans": [{"Node Type": "Bitmap Index Scan", "Parent Relationship": "Outer", "Index Name": "name_pkey", "Startup Cost": 0.0, "Total Cost": 0.26, "Plan Rows": 1, "Plan Width": 0, "Index Cond": "(id = ci.person_id)"}]}]}]}, "Unique SQL Id": 2457761703, "Planner Runtime": 43}, "explain_analyze_plan": null}, "(64, 23)": {"explain_plan": {"Plan": {"Node Type": "Aggregate", "Strategy": "Plain", "Startup Cost": 2599287.33, "Total Cost": 2599287.34, "Plan Rows": 1, "Plan Width": 97, "Plans": [{"Node Type": "Merge Join", "Parent Relationship": "Outer", "Join Type": "Inner", "Startup Cost": 2561169.56, "Total Cost": 2597501.84, "Plan Rows": 357098, "Plan Width": 33, "Inner Unique": true, "Merge Cond": "(a1.person_id = n1.id)", "Plans": [{"Node Type": "Merge Join", "Parent Relationship": "Outer", "Join Type": "Inner", "Startup Cost": 1925666.62, "Total Cost": 1936698.45, "Plan Rows": 357098, "Plan Width": 41, "Inner Unique": false, "Merge Cond": "(ci.person_id = a1.person_id)", "Plans": [{"Node Type": "Sort", "Parent Relationship": "Outer", "Startup Cost": 1799975.38, "Total Cost": 1801751.53, "Plan Rows": 710459, "Plan Width": 21, "Sort Key": ["ci.person_id"], "Plans": [{"Node Type": "Merge Join", "Parent Relationship": "Outer", "Join Type": "Inner", "Startup Cost": 1669816.61, "Total Cost": 1730924.48, "Plan Rows": 710459, "Plan Width": 21, "Inner Unique": true, "Merge Cond": "(ci.movie_id = t.id)", "Plans": [{"Node Type": "Merge Join", "Parent Relationship": "Outer", "Join Type": "Inner", "Startup Cost": 1290578.7, "Total Cost": 1330174.45, "Plan Rows": 711018, "Plan Width": 12, "Inner Unique": false, "Merge Cond": "(mc.movie_id = ci.movie_id)", "Plans": [{"Node Type": "Sort", "Parent Relationship": "Outer", "Startup Cost": 543942.68, "Total Cost": 547148.46, "Plan Rows": 1282311, "Plan Width": 4, "Sort Key": ["mc.movie_id"], "Plans": [{"Node Type": "Merge Join", "Parent Relationship": "Outer", "Join Type": "Inner", "Startup Cost": 387894.59, "Total Cost": 413850.21, "Plan Rows": 1282311, "Plan Width": 4, "Inner Unique": false, "Merge Cond": "(cn.id = mc.company_id)", "Plans": [{"Node Type": "Sort", "Parent Relationship": "Outer", "Startup Cost": 15678.57, "Total Cost": 15891.49, "Plan Rows": 85170, "Plan Width": 4, "Sort Key": ["cn.id"], "Plans": [{"Node Type": "Bitmap Heap Scan", "Parent Relationship": "Outer", "Relation Name": "company_name", "Alias": "cn", "Startup Cost": 2800.52, "Total Cost": 8703.97, "Plan Rows": 85170, "Plan Width": 4, "Filter": "((country_code)::text = '[us]'::text)", "Plans": [{"Node Type": "Bitmap Index Scan", "Parent Relationship": "Outer", "Index Name": "company_name_pkey", "Startup Cost": 0.0, "Total Cost": 2779.23, "Plan Rows": 234996, "Plan Width": 0}]}]}, {"Node Type": "Sort", "Parent Relationship": "Inner", "Startup Cost": 371877.05, "Total Cost": 378399.87, "Plan Rows": 2609128, "Plan Width": 8, "Sort Key": ["mc.company_id"], "Plans": [{"Node Type": "Bitmap Heap Scan", "Parent Relationship": "Outer", "Relation Name": "movie_companies", "Alias": "mc", "Startup Cost": 51990.17, "Total Cost": 93807.45, "Plan Rows": 2609128, "Plan Width": 8, "Plans": [{"Node Type": "Bitmap Index Scan", "Parent Relationship": "Outer", "Index Name": "movie_id_movie_companies", "Startup Cost": 0.0, "Total Cost": 51337.89, "Plan Rows": 2609128, "Plan Width": 0}]}]}]}]}, {"Node Type": "Sort", "Parent Relationship": "Inner", "Startup Cost": 746635.7, "Total Cost": 754876.5, "Plan Rows": 3296318, "Plan Width": 8, "Sort Key": ["ci.movie_id"], "Plans": [{"Node Type": "Nested Loop", "Parent Relationship": "Outer", "Join Type": "Inner", "Startup Cost": 76315.02, "Total Cost": 389769.33, "Plan Rows": 3296318, "Plan Width": 8, "Inner Unique": false, "Plans": [{"Node Type": "Bitmap Heap Scan", "Parent Relationship": "Outer", "Relation Name": "role_type", "Alias": "rt", "Startup Cost": 8.31, "Total Cost": 12.46, "Plan Rows": 1, "Plan Width": 4, "Filter": "((role)::text = 'writer'::text)", "Plans": [{"Node Type": "Bitmap Index Scan", "Parent Relationship": "Outer", "Index Name": "role_type_pkey", "Startup Cost": 0.0, "Total Cost": 8.31, "Plan Rows": 12, "Plan Width": 0}]}, {"Node Type": "Bitmap Heap Scan", "Parent Relationship": "Inner", "Relation Name": "cast_info", "Alias": "ci", "Startup Cost": 76306.71, "Total Cost": 356793.69, "Plan Rows": 3296318, "Plan Width": 12, "Recheck Cond": "(role_id = rt.id), (LLVM Optimized)", "Plans": [{"Node Type": "Bitmap Index Scan", "Parent Relationship": "Outer", "Index Name": "role_id_cast_info", "Startup Cost": 0.0, "Total Cost": 75482.63, "Plan Rows": 3296318, "Plan Width": 0, "Index Cond": "(role_id = rt.id)"}]}]}]}]}, {"Node Type": "Sort", "Parent Relationship": "Inner", "Startup Cost": 379237.61, "Total Cost": 385558.39, "Plan Rows": 2528311, "Plan Width": 21, "Sort Key": ["t.id"], "Plans": [{"Node Type": "Bitmap Heap Scan", "Parent Relationship": "Outer", "Relation Name": "title", "Alias": "t", "Startup Cost": 50285.88, "Total Cost": 110354.99, "Plan Rows": 2528311, "Plan Width": 21, "Plans": [{"Node Type": "Bitmap Index Scan", "Parent Relationship": "Outer", "Index Name": "title_pkey", "Startup Cost": 0.0, "Total Cost": 49653.81, "Plan Rows": 2528311, "Plan Width": 0}]}]}]}]}, {"Node Type": "Sort", "Parent Relationship": "Inner", "Startup Cost": 125691.17, "Total Cost": 127944.52, "Plan Rows": 901342, "Plan Width": 20, "Sort Key": ["a1.person_id"], "Plans": [{"Node Type": "Bitmap Heap Scan", "Parent Relationship": "Outer", "Relation Name": "aka_name", "Alias": "a1", "Startup Cost": 16632.3, "Total Cost": 36540.72, "Plan Rows": 901342, "Plan Width": 20, "Plans": [{"Node Type": "Bitmap Index Scan", "Parent Relationship": "Outer", "Index Name": "person_id_aka_name", "Startup Cost": 0.0, "Total Cost": 16406.96, "Plan Rows": 901342, "Plan Width": 0}]}]}]}, {"Node Type": "Sort", "Parent Relationship": "Inner", "Startup Cost": 635502.57, "Total Cost": 645921.29, "Plan Rows": 4167490, "Plan Width": 4, "Sort Key": ["n1.id"], "Plans": [{"Node Type": "Bitmap Heap Scan", "Parent Relationship": "Outer", "Relation Name": "name", "Alias": "n1", "Startup Cost": 84199.57, "Total Cost": 177271.47, "Plan Rows": 4167490, "Plan Width": 4, "Plans": [{"Node Type": "Bitmap Index Scan", "Parent Relationship": "Outer", "Index Name": "name_pkey", "Startup Cost": 0.0, "Total Cost": 83157.7, "Plan Rows": 4167490, "Plan Width": 0}]}]}]}]}, "Unique SQL Id": 2457761703, "Planner Runtime": 42}, "explain_analyze_plan": {"Plan": {"Node Type": "Aggregate", "Strategy": "Plain", "Startup Cost": 2599287.33, "Total Cost": 2599287.34, "Plan Rows": 1, "Plan Width": 97, "Actual Startup Time": 21363.201, "Actual Total Time": 21363.203, "Actual Rows": 1, "Actual Loops": 1, "Plans": [{"Node Type": "Merge Join", "Parent Relationship": "Outer", "Join Type": "Inner", "Startup Cost": 2561169.56, "Total Cost": 2597501.84, "Plan Rows": 357098, "Plan Width": 33, "Actual Startup Time": 17003.752, "Actual Total Time": 20119.576, "Actual Rows": 2487611, "Actual Loops": 1, "Inner Unique": true, "Merge Cond": "(a1.person_id = n1.id)", "Plans": [{"Node Type": "Merge Join", "Parent Relationship": "Outer", "Join Type": "Inner", "Startup Cost": 1925666.62, "Total Cost": 1936698.45, "Plan Rows": 357098, "Plan Width": 41, "Actual Startup Time": 13412.753, "Actual Total Time": 15064.011, "Actual Rows": 2487611, "Actual Loops": 1, "Inner Unique": false, "Merge Cond": "(ci.person_id = a1.person_id)", "Plans": [{"Node Type": "Sort", "Parent Relationship": "Outer", "Startup Cost": 1799975.38, "Total Cost": 1801751.53, "Plan Rows": 710459, "Plan Width": 21, "Actual Startup Time": 12570.328, "Actual Total Time": 12916.296, "Actual Rows": 1970658, "Actual Loops": 1, "Sort Key": ["ci.person_id"], "Sort Method": "quicksort", "Sort Space Used": 240236, "Sort Space Type": "Memory", "Plans": [{"Node Type": "Merge Join", "Parent Relationship": "Outer", "Join Type": "Inner", "Startup Cost": 1669816.61, "Total Cost": 1730924.48, "Plan Rows": 710459, "Plan Width": 21, "Actual Startup Time": 8796.391, "Actual Total Time": 11812.599, "Actual Rows": 1970658, "Actual Loops": 1, "Inner Unique": true, "Merge Cond": "(ci.movie_id = t.id)", "Plans": [{"Node Type": "Merge Join", "Parent Relationship": "Outer", "Join Type": "Inner", "Startup Cost": 1290578.7, "Total Cost": 1330174.45, "Plan Rows": 711018, "Plan Width": 12, "Actual Startup Time": 6289.251, "Actual Total Time": 7900.595, "Actual Rows": 1970658, "Actual Loops": 1, "Inner Unique": false, "Merge Cond": "(mc.movie_id = ci.movie_id)", "Plans": [{"Node Type": "Sort", "Parent Relationship": "Outer", "Startup Cost": 543942.68, "Total Cost": 547148.46, "Plan Rows": 1282311, "Plan Width": 4, "Actual Startup Time": 3764.947, "Actual Total Time": 3949.371, "Actual Rows": 1153797, "Actual Loops": 1, "Sort Key": ["mc.movie_id"], "Sort Method": "quicksort", "Sort Space Used": 121265, "Sort Space Type": "Memory", "Plans": [{"Node Type": "Merge Join", "Parent Relationship": "Outer", "Join Type": "Inner", "Startup Cost": 387894.59, "Total Cost": 413850.21, "Plan Rows": 1282311, "Plan Width": 4, "Actual Startup Time": 2260.48, "Actual Total Time": 3336.297, "Actual Rows": 1153797, "Actual Loops": 1, "Inner Unique": false, "Merge Cond": "(cn.id = mc.company_id)", "Plans": [{"Node Type": "Sort", "Parent Relationship": "Outer", "Startup Cost": 15678.57, "Total Cost": 15891.49, "Plan Rows": 85170, "Plan Width": 4, "Actual Startup Time": 192.365, "Actual Total Time": 212.911, "Actual Rows": 84843, "Actual Loops": 1, "Sort Key": ["cn.id"], "Sort Method": "quicksort", "Sort Space Used": 8375, "Sort Space Type": "Memory", "Plans": [{"Node Type": "Bitmap Heap Scan", "Parent Relationship": "Outer", "Relation Name": "company_name", "Alias": "cn", "Startup Cost": 2800.52, "Total Cost": 8703.97, "Plan Rows": 85170, "Plan Width": 4, "Actual Startup Time": 22.528, "Actual Total Time": 161.757, "Actual Rows": 84843, "Actual Loops": 1, "Filter": "((country_code)::text = '[us]'::text)", "Rows Removed by Filter": 150153, "Exact Heap Blocks": 2966, "Lossy Heap Blocks": 2966, "Plans": [{"Node Type": "Bitmap Index Scan", "Parent Relationship": "Outer", "Index Name": "company_name_pkey", "Startup Cost": 0.0, "Total Cost": 2779.23, "Plan Rows": 234996, "Plan Width": 0, "Actual Startup Time": 22.067, "Actual Total Time": 22.067, "Actual Rows": 234996, "Actual Loops": 1}]}]}, {"Node Type": "Sort", "Parent Relationship": "Inner", "Startup Cost": 371877.05, "Total Cost": 378399.87, "Plan Rows": 2609128, "Plan Width": 8, "Actual Startup Time": 2068.098, "Actual Total Time": 2615.706, "Actual Rows": 2609128, "Actual Loops": 1, "Sort Key": ["mc.company_id"], "Sort Method": "quicksort", "Sort Space Used": 261375, "Sort Space Type": "Memory", "Plans": [{"Node Type": "Bitmap Heap Scan", "Parent Relationship": "Outer", "Relation Name": "movie_companies", "Alias": "mc", "Startup Cost": 51990.17, "Total Cost": 93807.45, "Plan Rows": 2609128, "Plan Width": 8, "Actual Startup Time": 219.656, "Actual Total Time": 1155.876, "Actual Rows": 2609128, "Actual Loops": 1, "Exact Heap Blocks": 15726, "Lossy Heap Blocks": 15726, "Plans": [{"Node Type": "Bitmap Index Scan", "Parent Relationship": "Outer", "Index Name": "movie_id_movie_companies", "Startup Cost": 0.0, "Total Cost": 51337.89, "Plan Rows": 2609128, "Plan Width": 0, "Actual Startup Time": 215.949, "Actual Total Time": 215.949, "Actual Rows": 2609128, "Actual Loops": 1}]}]}]}]}, {"Node Type": "Sort", "Parent Relationship": "Inner", "Startup Cost": 746635.7, "Total Cost": 754876.5, "Plan Rows": 3296318, "Plan Width": 8, "Actual Startup Time": 2524.267, "Actual Total Time": 3024.157, "Actual Rows": 3863824, "Actual Loops": 1, "Sort Key": ["ci.movie_id"], "Sort Method": "quicksort", "Sort Space Used": 268863, "Sort Space Type": "Memory", "Plans": [{"Node Type": "Nested Loop", "Parent Relationship": "Outer", "Join Type": "Inner", "Startup Cost": 76315.02, "Total Cost": 389769.33, "Plan Rows": 3296318, "Plan Width": 8, "Actual Startup Time": 302.973, "Actual Total Time": 1538.687, "Actual Rows": 2728943, "Actual Loops": 1, "Inner Unique": false, "Plans": [{"Node Type": "Bitmap Heap Scan", "Parent Relationship": "Outer", "Relation Name": "role_type", "Alias": "rt", "Startup Cost": 8.31, "Total Cost": 12.46, "Plan Rows": 1, "Plan Width": 4, "Actual Startup Time": 0.09, "Actual Total Time": 0.104, "Actual Rows": 1, "Actual Loops": 1, "Filter": "((role)::text = 'writer'::text)", "Rows Removed by Filter": 11, "Exact Heap Blocks": 1, "Lossy Heap Blocks": 1, "Plans": [{"Node Type": "Bitmap Index Scan", "Parent Relationship": "Outer", "Index Name": "role_type_pkey", "Startup Cost": 0.0, "Total Cost": 8.31, "Plan Rows": 12, "Plan Width": 0, "Actual Startup Time": 0.025, "Actual Total Time": 0.025, "Actual Rows": 12, "Actual Loops": 1}]}, {"Node Type": "Bitmap Heap Scan", "Parent Relationship": "Inner", "Relation Name": "cast_info", "Alias": "ci", "Startup Cost": 76306.71, "Total Cost": 356793.69, "Plan Rows": 3296318, "Plan Width": 12, "Actual Startup Time": 302.859, "Actual Total Time": 1064.841, "Actual Rows": 2728943, "Actual Loops": 1, "Recheck Cond": "(role_id = rt.id), (LLVM Optimized, Jit Execute)", "Rows Removed by Index Recheck": 0, "Exact Heap Blocks": 19177, "Lossy Heap Blocks": 19177, "Plans": [{"Node Type": "Bitmap Index Scan", "Parent Relationship": "Outer", "Index Name": "role_id_cast_info", "Startup Cost": 0.0, "Total Cost": 75482.63, "Plan Rows": 3296318, "Plan Width": 0, "Actual Startup Time": 298.466, "Actual Total Time": 298.466, "Actual Rows": 2728943, "Actual Loops": 1, "Index Cond": "(role_id = rt.id)"}]}]}]}]}, {"Node Type": "Sort", "Parent Relationship": "Inner", "Startup Cost": 379237.61, "Total Cost": 385558.39, "Plan Rows": 2528311, "Plan Width": 21, "Actual Startup Time": 2507.119, "Actual Total Time": 2981.567, "Actual Rows": 2525743, "Actual Loops": 1, "Sort Key": ["t.id"], "Sort Method": "quicksort", "Sort Space Used": 344074, "Sort Space Type": "Memory", "Plans": [{"Node Type": "Bitmap Heap Scan", "Parent Relationship": "Outer", "Relation Name": "title", "Alias": "t", "Startup Cost": 50285.88, "Total Cost": 110354.99, "Plan Rows": 2528311, "Plan Width": 21, "Actual Startup Time": 271.285, "Actual Total Time": 1400.305, "Actual Rows": 2528311, "Actual Loops": 1, "Exact Heap Blocks": 34786, "Lossy Heap Blocks": 34786, "Plans": [{"Node Type": "Bitmap Index Scan", "Parent Relationship": "Outer", "Index Name": "title_pkey", "Startup Cost": 0.0, "Total Cost": 49653.81, "Plan Rows": 2528311, "Plan Width": 0, "Actual Startup Time": 263.409, "Actual Total Time": 263.409, "Actual Rows": 2528311, "Actual Loops": 1}]}]}]}]}, {"Node Type": "Sort", "Parent Relationship": "Inner", "Startup Cost": 125691.17, "Total Cost": 127944.52, "Plan Rows": 901342, "Plan Width": 20, "Actual Startup Time": 842.4, "Actual Total Time": 1134.101, "Actual Rows": 3063953, "Actual Loops": 1, "Sort Key": ["a1.person_id"], "Sort Method": "quicksort", "Sort Space Used": 109040, "Sort Space Type": "Memory", "Plans": [{"Node Type": "Bitmap Heap Scan", "Parent Relationship": "Outer", "Relation Name": "aka_name", "Alias": "a1", "Startup Cost": 16632.3, "Total Cost": 36540.72, "Plan Rows": 901342, "Plan Width": 20, "Actual Startup Time": 85.015, "Actual Total Time": 470.164, "Actual Rows": 901342, "Actual Loops": 1, "Exact Heap Blocks": 10895, "Lossy Heap Blocks": 10895, "Plans": [{"Node Type": "Bitmap Index Scan", "Parent Relationship": "Outer", "Index Name": "person_id_aka_name", "Startup Cost": 0.0, "Total Cost": 16406.96, "Plan Rows": 901342, "Plan Width": 0, "Actual Startup Time": 83.053, "Actual Total Time": 83.053, "Actual Rows": 901342, "Actual Loops": 1}]}]}]}, {"Node Type": "Sort", "Parent Relationship": "Inner", "Startup Cost": 635502.57, "Total Cost": 645921.29, "Plan Rows": 4167490, "Plan Width": 4, "Actual Startup Time": 3590.969, "Actual Total Time": 4043.226, "Actual Rows": 3228264, "Actual Loops": 1, "Sort Key": ["n1.id"], "Sort Method": "quicksort", "Sort Space Used": 358773, "Sort Space Type": "Memory", "Plans": [{"Node Type": "Bitmap Heap Scan", "Parent Relationship": "Outer", "Relation Name": "name", "Alias": "n1", "Startup Cost": 84199.57, "Total Cost": 177271.47, "Plan Rows": 4167490, "Plan Width": 4, "Actual Startup Time": 382.836, "Actual Total Time": 2060.348, "Actual Rows": 4167490, "Actual Loops": 1, "Exact Heap Blocks": 51397, "Lossy Heap Blocks": 51397, "Plans": [{"Node Type": "Bitmap Index Scan", "Parent Relationship": "Outer", "Index Name": "name_pkey", "Startup Cost": 0.0, "Total Cost": 83157.7, "Plan Rows": 4167490, "Plan Width": 0, "Actual Startup Time": 370.801, "Actual Total Time": 370.801, "Actual Rows": 4167490, "Actual Loops": 1}]}]}]}]}, "Triggers": [], "Planner Runtime": 43, "Total Runtime": 21373.426, "Unique SQL Id": 2457761703}}, "(64, 24)": {"explain_plan": {"Plan": {"Node Type": "Aggregate", "Strategy": "Plain", "Startup Cost": 1757558.04, "Total Cost": 1757558.05, "Plan Rows": 1, "Plan Width": 97, "Plans": [{"Node Type": "Nested Loop", "Parent Relationship": "Outer", "Join Type": "Inner", "Startup Cost": 1483747.31, "Total Cost": 1755772.55, "Plan Rows": 357098, "Plan Width": 33, "Inner Unique": true, "Join Filter": "(a1.person_id = n1.id), (LLVM Optimized)", "Plans": [{"Node Type": "Nested Loop", "Parent Relationship": "Outer", "Join Type": "Inner", "Startup Cost": 1483747.31, "Total Cost": 1654278.62, "Plan Rows": 357098, "Plan Width": 41, "Inner Unique": true, "Plans": [{"Node Type": "Merge Join", "Parent Relationship": "Outer", "Join Type": "Inner", "Startup Cost": 1483747.31, "Total Cost": 1552476.28, "Plan Rows": 357379, "Plan Width": 32, "Inner Unique": false, "Merge Cond": "(a1.person_id = ci.person_id)", "Plans": [{"Node Type": "Index Scan", "Parent Relationship": "Outer", "Scan Direction": "Forward", "Index Name": "person_id_aka_name", "Relation Name": "aka_name", "Alias": "a1", "Startup Cost": 0.0, "Total Cost": 68965.03, "Plan Rows": 901342, "Plan Width": 20}, {"Node Type": "Sort", "Parent Relationship": "Inner", "Startup Cost": 1483747.24, "Total Cost": 1485524.79, "Plan Rows": 711018, "Plan Width": 12, "Sort Key": ["ci.person_id"], "Plans": [{"Node Type": "Merge Join", "Parent Relationship": "Outer", "Join Type": "Inner", "Startup Cost": 1389767.87, "Total Cost": 1414637.98, "Plan Rows": 711018, "Plan Width": 12, "Inner Unique": false, "Merge Cond": "(cn.id = mc.company_id)", "Plans": [{"Node Type": "Index Scan", "Parent Relationship": "Outer", "Scan Direction": "Forward", "Index Name": "company_name_pkey", "Relation Name": "company_name", "Alias": "cn", "Startup Cost": 0.0, "Total Cost": 10501.39, "Plan Rows": 85170, "Plan Width": 4, "Filter": "((country_code)::text = '[us]'::text)"}, {"Node Type": "Sort", "Parent Relationship": "Inner", "Startup Cost": 1389579.91, "Total Cost": 1393196.7, "Plan Rows": 1446714, "Plan Width": 16, "Sort Key": ["mc.company_id"], "Plans": [{"Node Type": "Nested Loop", "Parent Relationship": "Outer", "Join Type": "Inner", "Startup Cost": 0.0, "Total Cost": 1241549.62, "Plan Rows": 1446714, "Plan Width": 16, "Inner Unique": false, "Plans": [{"Node Type": "Streaming(type: LOCAL GATHER dop: 1/64)", "Parent Relationship": "Outer", "Startup Cost": 0.0, "Total Cost": 210491.4, "Plan Rows": 3296318, "Plan Width": 8, "Plans": [{"Node Type": "Nested Loop", "Parent Relationship": "Outer", "Join Type": "Inner", "Startup Cost": 0.0, "Total Cost": 142488.75, "Plan Rows": 3296318, "Plan Width": 8, "Inner Unique": false, "Join Filter": "(ci.role_id = rt.id), (LLVM Optimized)", "Plans": [{"Node Type": "Streaming(type: BROADCAST dop: 64/1)", "Parent Relationship": "Outer", "Startup Cost": 0.0, "Total Cost": 63002.47, "Plan Rows": 64, "Plan Width": 4, "Plans": [{"Node Type": "Seq Scan", "Parent Relationship": "Outer", "Relation Name": "role_type", "Alias": "rt", "Startup Cost": 0.0, "Total Cost": 1.15, "Plan Rows": 1, "Plan Width": 4, "Filter": "((role)::text = 'writer'::text)"}]}, {"Node Type": "Seq Scan", "Parent Relationship": "Inner", "Relation Name": "cast_info", "Alias": "ci", "Startup Cost": 0.0, "Total Cost": 72404.34, "Plan Rows": 36259494, "Plan Width": 12}]}]}, {"Node Type": "Index Scan", "Parent Relationship": "Inner", "Scan Direction": "Forward", "Index Name": "movie_id_movie_companies", "Relation Name": "movie_companies", "Alias": "mc", "Startup Cost": 0.0, "Total Cost": 0.29, "Plan Rows": 2, "Plan Width": 8, "Index Cond": "(movie_id = ci.movie_id)"}]}]}]}]}]}, {"Node Type": "Index Scan", "Parent Relationship": "Inner", "Scan Direction": "Forward", "Index Name": "title_pkey", "Relation Name": "title", "Alias": "t", "Startup Cost": 0.0, "Total Cost": 0.27, "Plan Rows": 1, "Plan Width": 21, "Index Cond": "(id = ci.movie_id)"}]}, {"Node Type": "Index Only Scan", "Parent Relationship": "Inner", "Scan Direction": "Forward", "Index Name": "name_pkey", "Relation Name": "name", "Alias": "n1", "Startup Cost": 0.0, "Total Cost": 0.27, "Plan Rows": 1, "Plan Width": 4, "Index Cond": "(id = ci.person_id)"}]}]}, "Unique SQL Id": 2457761703, "Planner Runtime": 39}, "explain_analyze_plan": null}, "(64, 25)": {"explain_plan": {"Plan": {"Node Type": "Aggregate", "Strategy": "Plain", "Startup Cost": 1194626.97, "Total Cost": 1194626.98, "Plan Rows": 1, "Plan Width": 97, "Plans": [{"Node Type": "Nested Loop", "Parent Relationship": "Outer", "Join Type": "Inner", "Startup Cost": 920816.24, "Total Cost": 1192841.48, "Plan Rows": 357098, "Plan Width": 33, "Inner Unique": true, "Join Filter": "(a1.person_id = n1.id), (LLVM Optimized)", "Plans": [{"Node Type": "Nested Loop", "Parent Relationship": "Outer", "Join Type": "Inner", "Startup Cost": 920816.24, "Total Cost": 1091347.54, "Plan Rows": 357098, "Plan Width": 41, "Inner Unique": true, "Plans": [{"Node Type": "Merge Join", "Parent Relationship": "Outer", "Join Type": "Inner", "Startup Cost": 920816.24, "Total Cost": 989545.2, "Plan Rows": 357379, "Plan Width": 32, "Inner Unique": false, "Merge Cond": "(ci.person_id = a1.person_id)", "Plans": [{"Node Type": "Sort", "Parent Relationship": "Outer", "Startup Cost": 920816.17, "Total Cost": 922593.71, "Plan Rows": 711018, "Plan Width": 12, "Sort Key": ["ci.person_id"], "Plans": [{"Node Type": "Merge Join", "Parent Relationship": "Outer", "Join Type": "Inner", "Startup Cost": 812111.15, "Total Cost": 851706.9, "Plan Rows": 711018, "Plan Width": 12, "Inner Unique": false, "Merge Cond": "(mc.movie_id = ci.movie_id)", "Plans": [{"Node Type": "Sort", "Parent Relationship": "Outer", "Startup Cost": 283826.21, "Total Cost": 287031.99, "Plan Rows": 1282311, "Plan Width": 4, "Sort Key": ["mc.movie_id"], "Plans": [{"Node Type": "Merge Join", "Parent Relationship": "Outer", "Join Type": "Inner", "Startup Cost": 3383.04, "Total Cost": 153733.74, "Plan Rows": 1282311, "Plan Width": 4, "Inner Unique": false, "Merge Cond": "(cn.id = mc.company_id)", "Plans": [{"Node Type": "Index Scan", "Parent Relationship": "Outer", "Scan Direction": "Forward", "Index Name": "company_name_pkey", "Relation Name": "company_name", "Alias": "cn", "Startup Cost": 0.0, "Total Cost": 10501.39, "Plan Rows": 85170, "Plan Width": 4, "Filter": "((country_code)::text = '[us]'::text)"}, {"Node Type": "Index Scan", "Parent Relationship": "Inner", "Scan Direction": "Forward", "Index Name": "company_id_movie_companies", "Relation Name": "movie_companies", "Alias": "mc", "Startup Cost": 0.0, "Total Cost": 123673.5, "Plan Rows": 2609128, "Plan Width": 8}]}]}, {"Node Type": "Sort", "Parent Relationship": "Inner", "Startup Cost": 528284.62, "Total Cost": 536525.42, "Plan Rows": 3296318, "Plan Width": 8, "Sort Key": ["ci.movie_id"], "Plans": [{"Node Type": "Nested Loop", "Parent Relationship": "Outer", "Join Type": "Inner", "Startup Cost": 0.0, "Total Cost": 171418.25, "Plan Rows": 3296318, "Plan Width": 8, "Inner Unique": false, "Plans": [{"Node Type": "Index Scan", "Parent Relationship": "Outer", "Scan Direction": "Forward", "Index Name": "role_type_pkey", "Relation Name": "role_type", "Alias": "rt", "Startup Cost": 0.0, "Total Cost": 12.46, "Plan Rows": 1, "Plan Width": 4, "Filter": "((role)::text = 'writer'::text)"}, {"Node Type": "Index Scan", "Parent Relationship": "Inner", "Scan Direction": "Forward", "Index Name": "role_id_cast_info", "Relation Name": "cast_info", "Alias": "ci", "Startup Cost": 0.0, "Total Cost": 138442.61, "Plan Rows": 3296318, "Plan Width": 12, "Index Cond": "(role_id = rt.id), (LLVM Optimized)"}]}]}]}]}, {"Node Type": "Index Scan", "Parent Relationship": "Inner", "Scan Direction": "Forward", "Index Name": "person_id_aka_name", "Relation Name": "aka_name", "Alias": "a1", "Startup Cost": 0.0, "Total Cost": 68965.03, "Plan Rows": 901342, "Plan Width": 20}]}, {"Node Type": "Index Scan", "Parent Relationship": "Inner", "Scan Direction": "Forward", "Index Name": "title_pkey", "Relation Name": "title", "Alias": "t", "Startup Cost": 0.0, "Total Cost": 0.27, "Plan Rows": 1, "Plan Width": 21, "Index Cond": "(id = ci.movie_id)"}]}, {"Node Type": "Index Only Scan", "Parent Relationship": "Inner", "Scan Direction": "Forward", "Index Name": "name_pkey", "Relation Name": "name", "Alias": "n1", "Startup Cost": 0.0, "Total Cost": 0.27, "Plan Rows": 1, "Plan Width": 4, "Index Cond": "(id = ci.person_id)"}]}]}, "Unique SQL Id": 2457761703, "Planner Runtime": 42}, "explain_analyze_plan": null}, "(64, 26)": {"explain_plan": {"Plan": {"Node Type": "Aggregate", "Strategy": "Plain", "Startup Cost": 24828018.09, "Total Cost": 24828018.11, "Plan Rows": 1, "Plan Width": 97, "Plans": [{"Node Type": "Streaming(type: LOCAL GATHER dop: 1/64)", "Parent Relationship": "Outer", "Startup Cost": 24828018.09, "Total Cost": 24828018.11, "Plan Rows": 1, "Plan Width": 97, "Plans": [{"Node Type": "Aggregate", "Strategy": "Plain", "Parent Relationship": "Outer", "Startup Cost": 24828018.09, "Total Cost": 24828018.1, "Plan Rows": 1, "Plan Width": 97, "Plans": [{"Node Type": "Nested Loop", "Parent Relationship": "Outer", "Join Type": "Inner", "Startup Cost": 818104.0, "Total Cost": 24826232.6, "Plan Rows": 357098, "Plan Width": 33, "Inner Unique": false, "Join Filter": "(a1.person_id = n1.id), (LLVM Optimized)", "Plans": [{"Node Type": "Streaming(type: LOCAL REDISTRIBUTE dop: 64/64)", "Parent Relationship": "Outer", "Startup Cost": 0.0, "Total Cost": 131401.97, "Plan Rows": 4167490, "Plan Width": 4, "Plans": [{"Node Type": "Seq Scan", "Parent Relationship": "Outer", "Relation Name": "name", "Alias": "n1", "Startup Cost": 0.0, "Total Cost": 64454.25, "Plan Rows": 4167490, "Plan Width": 4}]}, {"Node Type": "Materialize", "Parent Relationship": "Inner", "Startup Cost": 818104.0, "Total Cost": 19244884.82, "Plan Rows": 357098, "Plan Width": 41, "Plans": [{"Node Type": "Streaming(type: LOCAL REDISTRIBUTE dop: 64/64)", "Parent Relationship": "Outer", "Startup Cost": 818104.0, "Total Cost": 19244856.92, "Plan Rows": 357098, "Plan Width": 41, "Plans": [{"Node Type": "Nested Loop", "Parent Relationship": "Outer", "Join Type": "Inner", "Startup Cost": 818104.0, "Total Cost": 19181518.66, "Plan Rows": 357098, "Plan Width": 41, "Inner Unique": false, "Join Filter": "(ci.person_id = a1.person_id), (LLVM Optimized)", "Plans": [{"Node Type": "Streaming(type: LOCAL REDISTRIBUTE dop: 64/1)", "Parent Relationship": "Outer", "Startup Cost": 0.0, "Total Cost": 119529.84, "Plan Rows": 901342, "Plan Width": 20, "Plans": [{"Node Type": "Seq Scan", "Parent Relationship": "Outer", "Relation Name": "aka_name", "Alias": "a1", "Startup Cost": 0.0, "Total Cost": 19908.42, "Plan Rows": 901342, "Plan Width": 20}]}, {"Node Type": "Materialize", "Parent Relationship": "Inner", "Startup Cost": 818104.0, "Total Cost": 16716924.27, "Plan Rows": 710459, "Plan Width": 21, "Plans": [{"Node Type": "Streaming(type: LOCAL REDISTRIBUTE dop: 64/64)", "Parent Relationship": "Outer", "Startup Cost": 818104.0, "Total Cost": 16716868.77, "Plan Rows": 710459, "Plan Width": 21, "Plans": [{"Node Type": "Nested Loop", "Parent Relationship": "Outer", "Join Type": "Inner", "Startup Cost": 818104.0, "Total Cost": 16653195.78, "Plan Rows": 710459, "Plan Width": 21, "Inner Unique": false, "Join Filter": "(ci.movie_id = t.id), (LLVM Optimized)", "Plans": [{"Node Type": "Streaming(type: LOCAL REDISTRIBUTE dop: 64/1)", "Parent Relationship": "Outer", "Startup Cost": 818104.0, "Total Cost": 965067.97, "Plan Rows": 1282311, "Plan Width": 25, "Plans": [{"Node Type": "Merge Join", "Parent Relationship": "Outer", "Join Type": "Inner", "Startup Cost": 818104.0, "Total Cost": 849967.82, "Plan Rows": 1282311, "Plan Width": 25, "Inner Unique": true, "Merge Cond": "(mc.movie_id = t.id)", "Plans": [{"Node Type": "Sort", "Parent Relationship": "Outer", "Startup Cost": 489151.99, "Total Cost": 492357.77, "Plan Rows": 1282311, "Plan Width": 4, "Sort Key": ["mc.movie_id"], "Plans": [{"Node Type": "Merge Join", "Parent Relationship": "Outer", "Join Type": "Inner", "Startup Cost": 333103.9, "Total Cost": 359059.52, "Plan Rows": 1282311, "Plan Width": 4, "Inner Unique": false, "Merge Cond": "(cn.id = mc.company_id)", "Plans": [{"Node Type": "Sort", "Parent Relationship": "Outer", "Startup Cost": 12878.05, "Total Cost": 13090.97, "Plan Rows": 85170, "Plan Width": 4, "Sort Key": ["cn.id"], "Plans": [{"Node Type": "Seq Scan", "Parent Relationship": "Outer", "Relation Name": "company_name", "Alias": "cn", "Startup Cost": 0.0, "Total Cost": 5903.45, "Plan Rows": 85170, "Plan Width": 4, "Filter": "((country_code)::text = '[us]'::text)"}]}, {"Node Type": "Sort", "Parent Relationship": "Inner", "Startup Cost": 319886.87, "Total Cost": 326409.69, "Plan Rows": 2609128, "Plan Width": 8, "Sort Key": ["mc.company_id"], "Plans": [{"Node Type": "Seq Scan", "Parent Relationship": "Outer", "Relation Name": "movie_companies", "Alias": "mc", "Startup Cost": 0.0, "Total Cost": 41817.28, "Plan Rows": 2609128, "Plan Width": 8}]}]}]}, {"Node Type": "Sort", "Parent Relationship": "Inner", "Startup Cost": 328951.73, "Total Cost": 335272.51, "Plan Rows": 2528311, "Plan Width": 21, "Sort Key": ["t.id"], "Plans": [{"Node Type": "Seq Scan", "Parent Relationship": "Outer", "Relation Name": "title", "Alias": "t", "Startup Cost": 0.0, "Total Cost": 60069.11, "Plan Rows": 2528311, "Plan Width": 21}]}]}]}, {"Node Type": "Materialize", "Parent Relationship": "Inner", "Startup Cost": 0.0, "Total Cost": 208868.76, "Plan Rows": 3296318, "Plan Width": 8, "Plans": [{"Node Type": "Streaming(type: LOCAL REDISTRIBUTE dop: 64/64)", "Parent Relationship": "Outer", "Startup Cost": 0.0, "Total Cost": 208611.23, "Plan Rows": 3296318, "Plan Width": 8, "Plans": [{"Node Type": "Nested Loop", "Parent Relationship": "Outer", "Join Type": "Inner", "Startup Cost": 0.0, "Total Cost": 142488.75, "Plan Rows": 3296318, "Plan Width": 8, "Inner Unique": false, "Join Filter": "(ci.role_id = rt.id), (LLVM Optimized)", "Plans": [{"Node Type": "Streaming(type: BROADCAST dop: 64/1)", "Parent Relationship": "Outer", "Startup Cost": 0.0, "Total Cost": 63002.47, "Plan Rows": 64, "Plan Width": 4, "Plans": [{"Node Type": "Seq Scan", "Parent Relationship": "Outer", "Relation Name": "role_type", "Alias": "rt", "Startup Cost": 0.0, "Total Cost": 1.15, "Plan Rows": 1, "Plan Width": 4, "Filter": "((role)::text = 'writer'::text)"}]}, {"Node Type": "Seq Scan", "Parent Relationship": "Inner", "Relation Name": "cast_info", "Alias": "ci", "Startup Cost": 0.0, "Total Cost": 72404.34, "Plan Rows": 36259494, "Plan Width": 12}]}]}]}]}]}]}]}]}]}]}]}]}]}, "Unique SQL Id": 2457761703, "Planner Runtime": 16}, "explain_analyze_plan": null}, "(64, 27)": {"explain_plan": {"Plan": {"Node Type": "Aggregate", "Strategy": "Plain", "Startup Cost": 6752833214283.18, "Total Cost": 6752833214283.19, "Plan Rows": 1, "Plan Width": 97, "Plans": [{"Node Type": "Nested Loop", "Parent Relationship": "Outer", "Join Type": "Inner", "Startup Cost": 70071825122.57, "Total Cost": 6752833212497.69, "Plan Rows": 357098, "Plan Width": 33, "Inner Unique": false, "Join Filter": "(t.id = ci.movie_id), (LLVM Optimized)", "Plans": [{"Node Type": "Merge Join", "Parent Relationship": "Outer", "Join Type": "Inner", "Startup Cost": 30021927926.2, "Total Cost": 3002409653794.57, "Plan Rows": 1282311, "Plan Width": 25, "Inner Unique": true, "Merge Cond": "(mc.movie_id = t.id)", "Plans": [{"Node Type": "Nested Loop", "Parent Relationship": "Outer", "Join Type": "Inner", "Startup Cost": 20000000000.0, "Total Cost": 2003347393774.42, "Plan Rows": 1282311, "Plan Width": 4, "Inner Unique": true, "Join Filter": "(cn.id = mc.company_id), (LLVM Optimized)", "Plans": [{"Node Type": "Index Scan", "Parent Relationship": "Outer", "Scan Direction": "Forward", "Index Name": "movie_id_movie_companies", "Relation Name": "movie_companies", "Alias": "mc", "Startup Cost": 10000000000.0, "Total Cost": 1000013051946.13, "Plan Rows": 2609128, "Plan Width": 8}, {"Node Type": "Materialize", "Parent Relationship": "Inner", "Startup Cost": 10000000000.0, "Total Cost": 1000001050564.82, "Plan Rows": 85170, "Plan Width": 4, "Plans": [{"Node Type": "Index Scan", "Parent Relationship": "Outer", "Scan Direction": "Forward", "Index Name": "company_name_pkey", "Relation Name": "company_name", "Alias": "cn", "Startup Cost": 10000000000.0, "Total Cost": 1000001050138.97, "Plan Rows": 85170, "Plan Width": 4, "Filter": "((country_code)::text = '[us]'::text)"}]}]}, {"Node Type": "Index Scan", "Parent Relationship": "Inner", "Scan Direction": "Forward", "Index Name": "title_pkey", "Relation Name": "title", "Alias": "t", "Startup Cost": 10000000000.0, "Total Cost": 1000011012048.91, "Plan Rows": 2528311, "Plan Width": 21}]}, {"Node Type": "Materialize", "Parent Relationship": "Inner", "Startup Cost": 40049897196.36, "Total Cost": 3721868009571.57, "Plan Rows": 1484588, "Plan Width": 20, "Plans": [{"Node Type": "Nested Loop", "Parent Relationship": "Outer", "Join Type": "Inner", "Startup Cost": 40049897196.36, "Total Cost": 3721868002148.63, "Plan Rows": 1484588, "Plan Width": 20, "Inner Unique": false, "Join Filter": "(ci.role_id = rt.id), (LLVM Optimized)", "Plans": [{"Node Type": "Index Scan", "Parent Relationship": "Outer", "Scan Direction": "Forward", "Index Name": "role_type_pkey", "Relation Name": "role_type", "Alias": "rt", "Startup Cost": 10000000000.0, "Total Cost": 1000000001246.0, "Plan Rows": 1, "Plan Width": 4, "Filter": "((role)::text = 'writer'::text)"}, {"Node Type": "Merge Join", "Parent Relationship": "Inner", "Join Type": "Inner", "Startup Cost": 30049897196.36, "Total Cost": 2721867796771.75, "Plan Rows": 16330470, "Plan Width": 24, "Inner Unique": false, "Merge Cond": "(a1.person_id = ci.person_id)", "Plans": [{"Node Type": "Merge Join", "Parent Relationship": "Outer", "Join Type": "Inner", "Startup Cost": 20030754356.47, "Total Cost": 2000002534968.85, "Plan Rows": 901342, "Plan Width": 24, "Inner Unique": true, "Merge Cond": "(a1.person_id = n1.id)", "Plans": [{"Node Type": "Index Scan", "Parent Relationship": "Outer", "Scan Direction": "Forward", "Index Name": "person_id_aka_name", "Relation Name": "aka_name", "Alias": "a1", "Startup Cost": 10000000000.0, "Total Cost": 1000006896503.43, "Plan Rows": 901342, "Plan Width": 20}, {"Node Type": "Index Only Scan", "Parent Relationship": "Inner", "Scan Direction": "Forward", "Index Name": "name_pkey", "Relation Name": "name", "Alias": "n1", "Startup Cost": 10000000000.0, "Total Cost": 1000012483260.0, "Plan Rows": 4167490, "Plan Width": 4}]}, {"Node Type": "Index Scan", "Parent Relationship": "Inner", "Scan Direction": "Forward", "Index Name": "person_id_cast_info", "Relation Name": "cast_info", "Alias": "ci", "Startup Cost": 10000000000.0, "Total Cost": 1000170648833.21, "Plan Rows": 36259494, "Plan Width": 12}]}]}]}]}]}, "Unique SQL Id": 2457761703, "Planner Runtime": 107}, "explain_analyze_plan": null}, "(64, 28)": {"explain_plan": {"Plan": {"Node Type": "Aggregate", "Strategy": "Plain", "Startup Cost": 1759582.76, "Total Cost": 1759582.77, "Plan Rows": 1, "Plan Width": 97, "Plans": [{"Node Type": "Nested Loop", "Parent Relationship": "Outer", "Join Type": "Inner", "Startup Cost": 1483747.31, "Total Cost": 1757797.27, "Plan Rows": 357098, "Plan Width": 33, "Inner Unique": true, "Join Filter": "(a1.person_id = n1.id), (LLVM Optimized)", "Plans": [{"Node Type": "Nested Loop", "Parent Relationship": "Outer", "Join Type": "Inner", "Startup Cost": 1483747.31, "Total Cost": 1654278.62, "Plan Rows": 357098, "Plan Width": 41, "Inner Unique": true, "Plans": [{"Node Type": "Merge Join", "Parent Relationship": "Outer", "Join Type": "Inner", "Startup Cost": 1483747.31, "Total Cost": 1552476.28, "Plan Rows": 357379, "Plan Width": 32, "Inner Unique": false, "Merge Cond": "(a1.person_id = ci.person_id)", "Plans": [{"Node Type": "Index Scan", "Parent Relationship": "Outer", "Scan Direction": "Forward", "Index Name": "person_id_aka_name", "Relation Name": "aka_name", "Alias": "a1", "Startup Cost": 0.0, "Total Cost": 68965.03, "Plan Rows": 901342, "Plan Width": 20}, {"Node Type": "Sort", "Parent Relationship": "Inner", "Startup Cost": 1483747.24, "Total Cost": 1485524.79, "Plan Rows": 711018, "Plan Width": 12, "Sort Key": ["ci.person_id"], "Plans": [{"Node Type": "Merge Join", "Parent Relationship": "Outer", "Join Type": "Inner", "Startup Cost": 1389767.87, "Total Cost": 1414637.98, "Plan Rows": 711018, "Plan Width": 12, "Inner Unique": false, "Merge Cond": "(cn.id = mc.company_id)", "Plans": [{"Node Type": "Index Scan", "Parent Relationship": "Outer", "Scan Direction": "Forward", "Index Name": "company_name_pkey", "Relation Name": "company_name", "Alias": "cn", "Startup Cost": 0.0, "Total Cost": 10501.39, "Plan Rows": 85170, "Plan Width": 4, "Filter": "((country_code)::text = '[us]'::text)"}, {"Node Type": "Sort", "Parent Relationship": "Inner", "Startup Cost": 1389579.91, "Total Cost": 1393196.7, "Plan Rows": 1446714, "Plan Width": 16, "Sort Key": ["mc.company_id"], "Plans": [{"Node Type": "Nested Loop", "Parent Relationship": "Outer", "Join Type": "Inner", "Startup Cost": 0.0, "Total Cost": 1241549.62, "Plan Rows": 1446714, "Plan Width": 16, "Inner Unique": false, "Plans": [{"Node Type": "Streaming(type: LOCAL GATHER dop: 1/64)", "Parent Relationship": "Outer", "Startup Cost": 0.0, "Total Cost": 210491.4, "Plan Rows": 3296318, "Plan Width": 8, "Plans": [{"Node Type": "Nested Loop", "Parent Relationship": "Outer", "Join Type": "Inner", "Startup Cost": 0.0, "Total Cost": 142488.75, "Plan Rows": 3296318, "Plan Width": 8, "Inner Unique": false, "Join Filter": "(ci.role_id = rt.id), (LLVM Optimized)", "Plans": [{"Node Type": "Streaming(type: BROADCAST dop: 64/1)", "Parent Relationship": "Outer", "Startup Cost": 0.0, "Total Cost": 63002.47, "Plan Rows": 64, "Plan Width": 4, "Plans": [{"Node Type": "Seq Scan", "Parent Relationship": "Outer", "Relation Name": "role_type", "Alias": "rt", "Startup Cost": 0.0, "Total Cost": 1.15, "Plan Rows": 1, "Plan Width": 4, "Filter": "((role)::text = 'writer'::text)"}]}, {"Node Type": "Seq Scan", "Parent Relationship": "Inner", "Relation Name": "cast_info", "Alias": "ci", "Startup Cost": 0.0, "Total Cost": 72404.34, "Plan Rows": 36259494, "Plan Width": 12}]}]}, {"Node Type": "Index Scan", "Parent Relationship": "Inner", "Scan Direction": "Forward", "Index Name": "movie_id_movie_companies", "Relation Name": "movie_companies", "Alias": "mc", "Startup Cost": 0.0, "Total Cost": 0.29, "Plan Rows": 2, "Plan Width": 8, "Index Cond": "(movie_id = ci.movie_id)"}]}]}]}]}]}, {"Node Type": "Index Scan", "Parent Relationship": "Inner", "Scan Direction": "Forward", "Index Name": "title_pkey", "Relation Name": "title", "Alias": "t", "Startup Cost": 0.0, "Total Cost": 0.27, "Plan Rows": 1, "Plan Width": 21, "Index Cond": "(id = ci.movie_id)"}]}, {"Node Type": "Index Scan", "Parent Relationship": "Inner", "Scan Direction": "Forward", "Index Name": "name_pkey", "Relation Name": "name", "Alias": "n1", "Startup Cost": 0.0, "Total Cost": 0.28, "Plan Rows": 1, "Plan Width": 4, "Index Cond": "(id = ci.person_id)"}]}]}, "Unique SQL Id": 2457761703, "Planner Runtime": 39}, "explain_analyze_plan": null}, "(64, 29)": {"explain_plan": {"Plan": {"Node Type": "Aggregate", "Strategy": "Plain", "Startup Cost": 1196651.68, "Total Cost": 1196651.69, "Plan Rows": 1, "Plan Width": 97, "Plans": [{"Node Type": "Nested Loop", "Parent Relationship": "Outer", "Join Type": "Inner", "Startup Cost": 920816.24, "Total Cost": 1194866.19, "Plan Rows": 357098, "Plan Width": 33, "Inner Unique": true, "Join Filter": "(a1.person_id = n1.id), (LLVM Optimized)", "Plans": [{"Node Type": "Nested Loop", "Parent Relationship": "Outer", "Join Type": "Inner", "Startup Cost": 920816.24, "Total Cost": 1091347.54, "Plan Rows": 357098, "Plan Width": 41, "Inner Unique": true, "Plans": [{"Node Type": "Merge Join", "Parent Relationship": "Outer", "Join Type": "Inner", "Startup Cost": 920816.24, "Total Cost": 989545.2, "Plan Rows": 357379, "Plan Width": 32, "Inner Unique": false, "Merge Cond": "(ci.person_id = a1.person_id)", "Plans": [{"Node Type": "Sort", "Parent Relationship": "Outer", "Startup Cost": 920816.17, "Total Cost": 922593.71, "Plan Rows": 711018, "Plan Width": 12, "Sort Key": ["ci.person_id"], "Plans": [{"Node Type": "Merge Join", "Parent Relationship": "Outer", "Join Type": "Inner", "Startup Cost": 812111.15, "Total Cost": 851706.9, "Plan Rows": 711018, "Plan Width": 12, "Inner Unique": false, "Merge Cond": "(mc.movie_id = ci.movie_id)", "Plans": [{"Node Type": "Sort", "Parent Relationship": "Outer", "Startup Cost": 283826.21, "Total Cost": 287031.99, "Plan Rows": 1282311, "Plan Width": 4, "Sort Key": ["mc.movie_id"], "Plans": [{"Node Type": "Merge Join", "Parent Relationship": "Outer", "Join Type": "Inner", "Startup Cost": 3383.04, "Total Cost": 153733.74, "Plan Rows": 1282311, "Plan Width": 4, "Inner Unique": false, "Merge Cond": "(cn.id = mc.company_id)", "Plans": [{"Node Type": "Index Scan", "Parent Relationship": "Outer", "Scan Direction": "Forward", "Index Name": "company_name_pkey", "Relation Name": "company_name", "Alias": "cn", "Startup Cost": 0.0, "Total Cost": 10501.39, "Plan Rows": 85170, "Plan Width": 4, "Filter": "((country_code)::text = '[us]'::text)"}, {"Node Type": "Index Scan", "Parent Relationship": "Inner", "Scan Direction": "Forward", "Index Name": "company_id_movie_companies", "Relation Name": "movie_companies", "Alias": "mc", "Startup Cost": 0.0, "Total Cost": 123673.5, "Plan Rows": 2609128, "Plan Width": 8}]}]}, {"Node Type": "Sort", "Parent Relationship": "Inner", "Startup Cost": 528284.62, "Total Cost": 536525.42, "Plan Rows": 3296318, "Plan Width": 8, "Sort Key": ["ci.movie_id"], "Plans": [{"Node Type": "Nested Loop", "Parent Relationship": "Outer", "Join Type": "Inner", "Startup Cost": 0.0, "Total Cost": 171418.25, "Plan Rows": 3296318, "Plan Width": 8, "Inner Unique": false, "Plans": [{"Node Type": "Index Scan", "Parent Relationship": "Outer", "Scan Direction": "Forward", "Index Name": "role_type_pkey", "Relation Name": "role_type", "Alias": "rt", "Startup Cost": 0.0, "Total Cost": 12.46, "Plan Rows": 1, "Plan Width": 4, "Filter": "((role)::text = 'writer'::text)"}, {"Node Type": "Index Scan", "Parent Relationship": "Inner", "Scan Direction": "Forward", "Index Name": "role_id_cast_info", "Relation Name": "cast_info", "Alias": "ci", "Startup Cost": 0.0, "Total Cost": 138442.61, "Plan Rows": 3296318, "Plan Width": 12, "Index Cond": "(role_id = rt.id), (LLVM Optimized)"}]}]}]}]}, {"Node Type": "Index Scan", "Parent Relationship": "Inner", "Scan Direction": "Forward", "Index Name": "person_id_aka_name", "Relation Name": "aka_name", "Alias": "a1", "Startup Cost": 0.0, "Total Cost": 68965.03, "Plan Rows": 901342, "Plan Width": 20}]}, {"Node Type": "Index Scan", "Parent Relationship": "Inner", "Scan Direction": "Forward", "Index Name": "title_pkey", "Relation Name": "title", "Alias": "t", "Startup Cost": 0.0, "Total Cost": 0.27, "Plan Rows": 1, "Plan Width": 21, "Index Cond": "(id = ci.movie_id)"}]}, {"Node Type": "Index Scan", "Parent Relationship": "Inner", "Scan Direction": "Forward", "Index Name": "name_pkey", "Relation Name": "name", "Alias": "n1", "Startup Cost": 0.0, "Total Cost": 0.28, "Plan Rows": 1, "Plan Width": 4, "Index Cond": "(id = ci.person_id)"}]}]}, "Unique SQL Id": 2457761703, "Planner Runtime": 43}, "explain_analyze_plan": null}, "(64, 30)": {"explain_plan": {"Plan": {"Node Type": "Aggregate", "Strategy": "Plain", "Startup Cost": 24828018.09, "Total Cost": 24828018.11, "Plan Rows": 1, "Plan Width": 97, "Plans": [{"Node Type": "Streaming(type: LOCAL GATHER dop: 1/64)", "Parent Relationship": "Outer", "Startup Cost": 24828018.09, "Total Cost": 24828018.11, "Plan Rows": 1, "Plan Width": 97, "Plans": [{"Node Type": "Aggregate", "Strategy": "Plain", "Parent Relationship": "Outer", "Startup Cost": 24828018.09, "Total Cost": 24828018.1, "Plan Rows": 1, "Plan Width": 97, "Plans": [{"Node Type": "Nested Loop", "Parent Relationship": "Outer", "Join Type": "Inner", "Startup Cost": 818104.0, "Total Cost": 24826232.6, "Plan Rows": 357098, "Plan Width": 33, "Inner Unique": false, "Join Filter": "(a1.person_id = n1.id), (LLVM Optimized)", "Plans": [{"Node Type": "Streaming(type: LOCAL REDISTRIBUTE dop: 64/64)", "Parent Relationship": "Outer", "Startup Cost": 0.0, "Total Cost": 131401.97, "Plan Rows": 4167490, "Plan Width": 4, "Plans": [{"Node Type": "Seq Scan", "Parent Relationship": "Outer", "Relation Name": "name", "Alias": "n1", "Startup Cost": 0.0, "Total Cost": 64454.25, "Plan Rows": 4167490, "Plan Width": 4}]}, {"Node Type": "Materialize", "Parent Relationship": "Inner", "Startup Cost": 818104.0, "Total Cost": 19244884.82, "Plan Rows": 357098, "Plan Width": 41, "Plans": [{"Node Type": "Streaming(type: LOCAL REDISTRIBUTE dop: 64/64)", "Parent Relationship": "Outer", "Startup Cost": 818104.0, "Total Cost": 19244856.92, "Plan Rows": 357098, "Plan Width": 41, "Plans": [{"Node Type": "Nested Loop", "Parent Relationship": "Outer", "Join Type": "Inner", "Startup Cost": 818104.0, "Total Cost": 19181518.66, "Plan Rows": 357098, "Plan Width": 41, "Inner Unique": false, "Join Filter": "(ci.person_id = a1.person_id), (LLVM Optimized)", "Plans": [{"Node Type": "Streaming(type: LOCAL REDISTRIBUTE dop: 64/1)", "Parent Relationship": "Outer", "Startup Cost": 0.0, "Total Cost": 119529.84, "Plan Rows": 901342, "Plan Width": 20, "Plans": [{"Node Type": "Seq Scan", "Parent Relationship": "Outer", "Relation Name": "aka_name", "Alias": "a1", "Startup Cost": 0.0, "Total Cost": 19908.42, "Plan Rows": 901342, "Plan Width": 20}]}, {"Node Type": "Materialize", "Parent Relationship": "Inner", "Startup Cost": 818104.0, "Total Cost": 16716924.27, "Plan Rows": 710459, "Plan Width": 21, "Plans": [{"Node Type": "Streaming(type: LOCAL REDISTRIBUTE dop: 64/64)", "Parent Relationship": "Outer", "Startup Cost": 818104.0, "Total Cost": 16716868.77, "Plan Rows": 710459, "Plan Width": 21, "Plans": [{"Node Type": "Nested Loop", "Parent Relationship": "Outer", "Join Type": "Inner", "Startup Cost": 818104.0, "Total Cost": 16653195.78, "Plan Rows": 710459, "Plan Width": 21, "Inner Unique": false, "Join Filter": "(ci.movie_id = t.id), (LLVM Optimized)", "Plans": [{"Node Type": "Streaming(type: LOCAL REDISTRIBUTE dop: 64/1)", "Parent Relationship": "Outer", "Startup Cost": 818104.0, "Total Cost": 965067.97, "Plan Rows": 1282311, "Plan Width": 25, "Plans": [{"Node Type": "Merge Join", "Parent Relationship": "Outer", "Join Type": "Inner", "Startup Cost": 818104.0, "Total Cost": 849967.82, "Plan Rows": 1282311, "Plan Width": 25, "Inner Unique": true, "Merge Cond": "(mc.movie_id = t.id)", "Plans": [{"Node Type": "Sort", "Parent Relationship": "Outer", "Startup Cost": 489151.99, "Total Cost": 492357.77, "Plan Rows": 1282311, "Plan Width": 4, "Sort Key": ["mc.movie_id"], "Plans": [{"Node Type": "Merge Join", "Parent Relationship": "Outer", "Join Type": "Inner", "Startup Cost": 333103.9, "Total Cost": 359059.52, "Plan Rows": 1282311, "Plan Width": 4, "Inner Unique": false, "Merge Cond": "(cn.id = mc.company_id)", "Plans": [{"Node Type": "Sort", "Parent Relationship": "Outer", "Startup Cost": 12878.05, "Total Cost": 13090.97, "Plan Rows": 85170, "Plan Width": 4, "Sort Key": ["cn.id"], "Plans": [{"Node Type": "Seq Scan", "Parent Relationship": "Outer", "Relation Name": "company_name", "Alias": "cn", "Startup Cost": 0.0, "Total Cost": 5903.45, "Plan Rows": 85170, "Plan Width": 4, "Filter": "((country_code)::text = '[us]'::text)"}]}, {"Node Type": "Sort", "Parent Relationship": "Inner", "Startup Cost": 319886.87, "Total Cost": 326409.69, "Plan Rows": 2609128, "Plan Width": 8, "Sort Key": ["mc.company_id"], "Plans": [{"Node Type": "Seq Scan", "Parent Relationship": "Outer", "Relation Name": "movie_companies", "Alias": "mc", "Startup Cost": 0.0, "Total Cost": 41817.28, "Plan Rows": 2609128, "Plan Width": 8}]}]}]}, {"Node Type": "Sort", "Parent Relationship": "Inner", "Startup Cost": 328951.73, "Total Cost": 335272.51, "Plan Rows": 2528311, "Plan Width": 21, "Sort Key": ["t.id"], "Plans": [{"Node Type": "Seq Scan", "Parent Relationship": "Outer", "Relation Name": "title", "Alias": "t", "Startup Cost": 0.0, "Total Cost": 60069.11, "Plan Rows": 2528311, "Plan Width": 21}]}]}]}, {"Node Type": "Materialize", "Parent Relationship": "Inner", "Startup Cost": 0.0, "Total Cost": 208868.76, "Plan Rows": 3296318, "Plan Width": 8, "Plans": [{"Node Type": "Streaming(type: LOCAL REDISTRIBUTE dop: 64/64)", "Parent Relationship": "Outer", "Startup Cost": 0.0, "Total Cost": 208611.23, "Plan Rows": 3296318, "Plan Width": 8, "Plans": [{"Node Type": "Nested Loop", "Parent Relationship": "Outer", "Join Type": "Inner", "Startup Cost": 0.0, "Total Cost": 142488.75, "Plan Rows": 3296318, "Plan Width": 8, "Inner Unique": false, "Join Filter": "(ci.role_id = rt.id), (LLVM Optimized)", "Plans": [{"Node Type": "Streaming(type: BROADCAST dop: 64/1)", "Parent Relationship": "Outer", "Startup Cost": 0.0, "Total Cost": 63002.47, "Plan Rows": 64, "Plan Width": 4, "Plans": [{"Node Type": "Seq Scan", "Parent Relationship": "Outer", "Relation Name": "role_type", "Alias": "rt", "Startup Cost": 0.0, "Total Cost": 1.15, "Plan Rows": 1, "Plan Width": 4, "Filter": "((role)::text = 'writer'::text)"}]}, {"Node Type": "Seq Scan", "Parent Relationship": "Inner", "Relation Name": "cast_info", "Alias": "ci", "Startup Cost": 0.0, "Total Cost": 72404.34, "Plan Rows": 36259494, "Plan Width": 12}]}]}]}]}]}]}]}]}]}]}]}]}]}, "Unique SQL Id": 2457761703, "Planner Runtime": 16}, "explain_analyze_plan": null}, "(64, 31)": {"explain_plan": {"Plan": {"Node Type": "Aggregate", "Strategy": "Plain", "Startup Cost": 6752837631740.06, "Total Cost": 6752837631740.07, "Plan Rows": 1, "Plan Width": 97, "Plans": [{"Node Type": "Nested Loop", "Parent Relationship": "Outer", "Join Type": "Inner", "Startup Cost": 70071825122.57, "Total Cost": 6752837629954.57, "Plan Rows": 357098, "Plan Width": 33, "Inner Unique": false, "Join Filter": "(t.id = ci.movie_id), (LLVM Optimized)", "Plans": [{"Node Type": "Merge Join", "Parent Relationship": "Outer", "Join Type": "Inner", "Startup Cost": 30021927926.2, "Total Cost": 3002409653794.57, "Plan Rows": 1282311, "Plan Width": 25, "Inner Unique": true, "Merge Cond": "(mc.movie_id = t.id)", "Plans": [{"Node Type": "Nested Loop", "Parent Relationship": "Outer", "Join Type": "Inner", "Startup Cost": 20000000000.0, "Total Cost": 2003347393774.42, "Plan Rows": 1282311, "Plan Width": 4, "Inner Unique": true, "Join Filter": "(cn.id = mc.company_id), (LLVM Optimized)", "Plans": [{"Node Type": "Index Scan", "Parent Relationship": "Outer", "Scan Direction": "Forward", "Index Name": "movie_id_movie_companies", "Relation Name": "movie_companies", "Alias": "mc", "Startup Cost": 10000000000.0, "Total Cost": 1000013051946.13, "Plan Rows": 2609128, "Plan Width": 8}, {"Node Type": "Materialize", "Parent Relationship": "Inner", "Startup Cost": 10000000000.0, "Total Cost": 1000001050564.82, "Plan Rows": 85170, "Plan Width": 4, "Plans": [{"Node Type": "Index Scan", "Parent Relationship": "Outer", "Scan Direction": "Forward", "Index Name": "company_name_pkey", "Relation Name": "company_name", "Alias": "cn", "Startup Cost": 10000000000.0, "Total Cost": 1000001050138.97, "Plan Rows": 85170, "Plan Width": 4, "Filter": "((country_code)::text = '[us]'::text)"}]}]}, {"Node Type": "Index Scan", "Parent Relationship": "Inner", "Scan Direction": "Forward", "Index Name": "title_pkey", "Relation Name": "title", "Alias": "t", "Startup Cost": 10000000000.0, "Total Cost": 1000011012048.91, "Plan Rows": 2528311, "Plan Width": 21}]}, {"Node Type": "Materialize", "Parent Relationship": "Inner", "Startup Cost": 40049897196.36, "Total Cost": 3721872427028.45, "Plan Rows": 1484588, "Plan Width": 20, "Plans": [{"Node Type": "Nested Loop", "Parent Relationship": "Outer", "Join Type": "Inner", "Startup Cost": 40049897196.36, "Total Cost": 3721872419605.51, "Plan Rows": 1484588, "Plan Width": 20, "Inner Unique": false, "Join Filter": "(ci.role_id = rt.id), (LLVM Optimized)", "Plans": [{"Node Type": "Index Scan", "Parent Relationship": "Outer", "Scan Direction": "Forward", "Index Name": "role_type_pkey", "Relation Name": "role_type", "Alias": "rt", "Startup Cost": 10000000000.0, "Total Cost": 1000000001246.0, "Plan Rows": 1, "Plan Width": 4, "Filter": "((role)::text = 'writer'::text)"}, {"Node Type": "Merge Join", "Parent Relationship": "Inner", "Join Type": "Inner", "Startup Cost": 30049897196.36, "Total Cost": 2721872214228.63, "Plan Rows": 16330470, "Plan Width": 24, "Inner Unique": false, "Merge Cond": "(a1.person_id = ci.person_id)", "Plans": [{"Node Type": "Merge Join", "Parent Relationship": "Outer", "Join Type": "Inner", "Startup Cost": 20030754356.47, "Total Cost": 2000007674895.99, "Plan Rows": 901342, "Plan Width": 24, "Inner Unique": true, "Merge Cond": "(a1.person_id = n1.id)", "Plans": [{"Node Type": "Index Scan", "Parent Relationship": "Outer", "Scan Direction": "Forward", "Index Name": "person_id_aka_name", "Relation Name": "aka_name", "Alias": "a1", "Startup Cost": 10000000000.0, "Total Cost": 1000006896503.43, "Plan Rows": 901342, "Plan Width": 20}, {"Node Type": "Index Scan", "Parent Relationship": "Inner", "Scan Direction": "Forward", "Index Name": "name_pkey", "Relation Name": "name", "Alias": "n1", "Startup Cost": 10000000000.0, "Total Cost": 1000017623274.7, "Plan Rows": 4167490, "Plan Width": 4}]}, {"Node Type": "Index Scan", "Parent Relationship": "Inner", "Scan Direction": "Forward", "Index Name": "person_id_cast_info", "Relation Name": "cast_info", "Alias": "ci", "Startup Cost": 10000000000.0, "Total Cost": 1000170648833.21, "Plan Rows": 36259494, "Plan Width": 12}]}]}]}]}]}, "Unique SQL Id": 2457761703, "Planner Runtime": 89}, "explain_analyze_plan": null}, "(64, 32)": {"explain_plan": {"Plan": {"Node Type": "Aggregate", "Strategy": "Plain", "Startup Cost": 528738.29, "Total Cost": 528738.3, "Plan Rows": 1, "Plan Width": 97, "Plans": [{"Node Type": "Hash Join", "Parent Relationship": "Outer", "Join Type": "Inner", "Startup Cost": 336662.4, "Total Cost": 526952.8, "Plan Rows": 357098, "Plan Width": 33, "Inner Unique": true, "Hash Cond": "(mc.company_id = cn.id), (LLVM Optimized)", "Plans": [{"Node Type": "Hash Join", "Parent Relationship": "Outer", "Join Type": "Inner", "Startup Cost": 329694.33, "Total Cost": 513689.03, "Plan Rows": 726589, "Plan Width": 37, "Inner Unique": false, "Hash Cond": "(ci.movie_id = t.id), (LLVM Optimized)", "Plans": [{"Node Type": "Streaming(type: LOCAL GATHER dop: 1/64)", "Parent Relationship": "Outer", "Startup Cost": 254738.78, "Total Cost": 417857.9, "Plan Rows": 1484588, "Plan Width": 20, "Plans": [{"Node Type": "Hash Join", "Parent Relationship": "Outer", "Join Type": "Inner", "Startup Cost": 254738.78, "Total Cost": 387231.02, "Plan Rows": 1484588, "Plan Width": 20, "Inner Unique": false, "Hash Cond": "(a1.person_id = ci.person_id), (LLVM Optimized)", "Plans": [{"Node Type": "Streaming(type: LOCAL REDISTRIBUTE dop: 64/1)", "Parent Relationship": "Outer", "Startup Cost": 202522.7, "Total Cost": 334446.0, "Plan Rows": 901342, "Plan Width": 24, "Plans": [{"Node Type": "Hash Join", "Parent Relationship": "Outer", "Join Type": "Inner", "Startup Cost": 202522.7, "Total Cost": 234824.58, "Plan Rows": 901342, "Plan Width": 24, "Inner Unique": true, "Hash Cond": "(a1.person_id = n1.id), (LLVM Optimized)", "Plans": [{"Node Type": "Seq Scan", "Parent Relationship": "Outer", "Relation Name": "aka_name", "Alias": "a1", "Startup Cost": 0.0, "Total Cost": 19908.42, "Plan Rows": 901342, "Plan Width": 20}, {"Node Type": "Hash", "Parent Relationship": "Inner", "Startup Cost": 150429.08, "Total Cost": 150429.08, "Plan Rows": 4167490, "Plan Width": 4, "Plans": [{"Node Type": "Streaming(type: LOCAL GATHER dop: 1/64)", "Parent Relationship": "Outer", "Startup Cost": 0.0, "Total Cost": 150429.08, "Plan Rows": 4167490, "Plan Width": 4, "Plans": [{"Node Type": "Seq Scan", "Parent Relationship": "Outer", "Relation Name": "name", "Alias": "n1", "Startup Cost": 0.0, "Total Cost": 64454.25, "Plan Rows": 4167490, "Plan Width": 4}]}]}]}]}, {"Node Type": "Hash", "Parent Relationship": "Inner", "Startup Cost": 203464.29, "Total Cost": 203464.29, "Plan Rows": 3296318, "Plan Width": 8, "Plans": [{"Node Type": "Streaming(type: LOCAL REDISTRIBUTE dop: 64/64)", "Parent Relationship": "Outer", "Startup Cost": 63002.48, "Total Cost": 203464.29, "Plan Rows": 3296318, "Plan Width": 8, "Plans": [{"Node Type": "Hash Join", "Parent Relationship": "Outer", "Join Type": "Inner", "Startup Cost": 63002.48, "Total Cost": 137341.8, "Plan Rows": 3296318, "Plan Width": 8, "Inner Unique": true, "Hash Cond": "(ci.role_id = rt.id), (LLVM Optimized)", "Plans": [{"Node Type": "Seq Scan", "Parent Relationship": "Outer", "Relation Name": "cast_info", "Alias": "ci", "Startup Cost": 0.0, "Total Cost": 72404.34, "Plan Rows": 36259494, "Plan Width": 12}, {"Node Type": "Hash", "Parent Relationship": "Inner", "Startup Cost": 63002.47, "Total Cost": 63002.47, "Plan Rows": 64, "Plan Width": 4, "Plans": [{"Node Type": "Streaming(type: BROADCAST dop: 64/1)", "Parent Relationship": "Outer", "Startup Cost": 0.0, "Total Cost": 63002.47, "Plan Rows": 64, "Plan Width": 4, "Plans": [{"Node Type": "Seq Scan", "Parent Relationship": "Outer", "Relation Name": "role_type", "Alias": "rt", "Startup Cost": 0.0, "Total Cost": 1.15, "Plan Rows": 1, "Plan Width": 4, "Filter": "((role)::text = 'writer'::text)"}]}]}]}]}]}]}]}, {"Node Type": "Hash", "Parent Relationship": "Inner", "Startup Cost": 169365.79, "Total Cost": 169365.79, "Plan Rows": 2609128, "Plan Width": 29, "Plans": [{"Node Type": "Hash Join", "Parent Relationship": "Outer", "Join Type": "Inner", "Startup Cost": 91673.0, "Total Cost": 169365.79, "Plan Rows": 2609128, "Plan Width": 29, "Inner Unique": true, "Hash Cond": "(mc.movie_id = t.id), (LLVM Optimized)", "Plans": [{"Node Type": "Seq Scan", "Parent Relationship": "Outer", "Relation Name": "movie_companies", "Alias": "mc", "Startup Cost": 0.0, "Total Cost": 41817.28, "Plan Rows": 2609128, "Plan Width": 8}, {"Node Type": "Hash", "Parent Relationship": "Inner", "Startup Cost": 60069.11, "Total Cost": 60069.11, "Plan Rows": 2528311, "Plan Width": 21, "Plans": [{"Node Type": "Seq Scan", "Parent Relationship": "Outer", "Relation Name": "title", "Alias": "t", "Startup Cost": 0.0, "Total Cost": 60069.11, "Plan Rows": 2528311, "Plan Width": 21}]}]}]}]}, {"Node Type": "Hash", "Parent Relationship": "Inner", "Startup Cost": 5903.45, "Total Cost": 5903.45, "Plan Rows": 85170, "Plan Width": 4, "Plans": [{"Node Type": "Seq Scan", "Parent Relationship": "Outer", "Relation Name": "company_name", "Alias": "cn", "Startup Cost": 0.0, "Total Cost": 5903.45, "Plan Rows": 85170, "Plan Width": 4, "Filter": "((country_code)::text = '[us]'::text)"}]}]}]}, "Unique SQL Id": 2457761703, "Planner Runtime": 166}, "explain_analyze_plan": {"Plan": {"Node Type": "Aggregate", "Strategy": "Plain", "Startup Cost": 528738.29, "Total Cost": 528738.3, "Plan Rows": 1, "Plan Width": 97, "Actual Min Startup Time": 10653.339, "Actual Max Startup Time": 10653.339, "Actual Min Total Time": 10653.34, "Actual Max Total Time": 10653.34, "Plans": [{"Node Type": "Hash Join", "Parent Relationship": "Outer", "Join Type": "Inner", "Startup Cost": 336662.4, "Total Cost": 526952.8, "Plan Rows": 357098, "Plan Width": 33, "Actual Min Startup Time": 5045.785, "Actual Max Startup Time": 5045.785, "Actual Min Total Time": 9470.761, "Actual Max Total Time": 9470.761, "Inner Unique": true, "Hash Cond": "(mc.company_id = cn.id), (LLVM Optimized, Jit Execute)", "Plans": [{"Node Type": "Hash Join", "Parent Relationship": "Outer", "Join Type": "Inner", "Startup Cost": 329694.33, "Total Cost": 513689.03, "Plan Rows": 726589, "Plan Width": 37, "Actual Min Startup Time": 4932.473, "Actual Max Startup Time": 4932.473, "Actual Min Total Time": 8014.504, "Actual Max Total Time": 8014.504, "Inner Unique": false, "Hash Cond": "(ci.movie_id = t.id), (LLVM Optimized, Jit Execute)", "Plans": [{"Node Type": "Streaming(type: LOCAL GATHER dop: 1/64)", "Parent Relationship": "Outer", "Startup Cost": 254738.78, "Total Cost": 417857.9, "Plan Rows": 1484588, "Plan Width": 20, "Actual Min Startup Time": 0.149, "Actual Max Startup Time": 0.149, "Actual Min Total Time": 1136.935, "Actual Max Total Time": 1136.935, "Plans": [{"Node Type": "Hash Join", "Parent Relationship": "Outer", "Join Type": "Inner", "Startup Cost": 254738.78, "Total Cost": 387231.02, "Plan Rows": 1484588, "Plan Width": 20, "Actual Min Startup Time": 2400.847, "Actual Max Startup Time": 4561.54, "Actual Min Total Time": 6405.607, "Actual Max Total Time": 9204.271, "Inner Unique": false, "Hash Cond": "(a1.person_id = ci.person_id), (LLVM Optimized, Jit Execute)", "Plans": [{"Node Type": "Streaming(type: LOCAL REDISTRIBUTE dop: 64/1)", "Parent Relationship": "Outer", "Startup Cost": 202522.7, "Total Cost": 334446.0, "Plan Rows": 901342, "Plan Width": 24, "Actual Min Startup Time": 2082.179, "Actual Max Startup Time": 4189.143, "Actual Min Total Time": 5973.318, "Actual Max Total Time": 8689.53, "Plans": [{"Node Type": "Hash Join", "Parent Relationship": "Outer", "Join Type": "Inner", "Startup Cost": 202522.7, "Total Cost": 234824.58, "Plan Rows": 901342, "Plan Width": 24, "Actual Min Startup Time": 2391.386, "Actual Max Startup Time": 2391.386, "Actual Min Total Time": 3134.379, "Actual Max Total Time": 3134.379, "Inner Unique": true, "Hash Cond": "(a1.person_id = n1.id), (LLVM Optimized, Jit Execute)", "Plans": [{"Node Type": "Seq Scan", "Parent Relationship": "Outer", "Relation Name": "aka_name", "Alias": "a1", "Startup Cost": 0.0, "Total Cost": 19908.42, "Plan Rows": 901342, "Plan Width": 20, "Actual Min Startup Time": 0.031, "Actual Max Startup Time": 0.031, "Actual Min Total Time": 226.0, "Actual Max Total Time": 226.0, "Actual Rows": 901342}, {"Node Type": "Hash", "Parent Relationship": "Inner", "Startup Cost": 150429.08, "Total Cost": 150429.08, "Plan Rows": 4167490, "Plan Width": 4, "Actual Min Startup Time": 2388.72, "Actual Max Startup Time": 2388.72, "Actual Min Total Time": 2388.72, "Actual Max Total Time": 2388.72, "Max Hash Buckets": 4194304, "Min Hash Buckets": 4194304, "Max Hash Batches": 1, "Min Hash Batches": 1, "Max Original Hash Batches": 1, "Min Original Hash Batches": 1, "Max Peak Memory Usage": 146514, "min Peak Memory Usage": 146514, "Plans": [{"Node Type": "Streaming(type: LOCAL GATHER dop: 1/64)", "Parent Relationship": "Outer", "Startup Cost": 0.0, "Total Cost": 150429.08, "Plan Rows": 4167490, "Plan Width": 4, "Actual Min Startup Time": 0.144, "Actual Max Startup Time": 0.144, "Actual Min Total Time": 1203.473, "Actual Max Total Time": 1203.473, "Plans": [{"Node Type": "Seq Scan", "Parent Relationship": "Outer", "Relation Name": "name", "Alias": "n1", "Startup Cost": 0.0, "Total Cost": 64454.25, "Plan Rows": 4167490, "Plan Width": 4, "Actual Min Startup Time": 0.019, "Actual Max Startup Time": 0.041, "Actual Min Total Time": 18.918, "Actual Max Total Time": 22.367, "Actual Rows": 4167490}], "Actual Rows": 4167490}], "Actual Rows": 4167490}], "Actual Rows": 901342}], "Actual Rows": 901342}, {"Node Type": "Hash", "Parent Relationship": "Inner", "Startup Cost": 203464.29, "Total Cost": 203464.29, "Plan Rows": 3296318, "Plan Width": 8, "Actual Min Startup Time": 314.974, "Actual Max Startup Time": 620.859, "Actual Min Total Time": 314.974, "Actual Max Total Time": 620.859, "Max Hash Buckets": 65536, "Min Hash Buckets": 65536, "Max Hash Batches": 1, "Min Hash Batches": 1, "Max Original Hash Batches": 1, "Min Original Hash Batches": 1, "Max Peak Memory Usage": 1483, "min Peak Memory Usage": 1483, "Plans": [{"Node Type": "Streaming(type: LOCAL REDISTRIBUTE dop: 64/64)", "Parent Relationship": "Outer", "Startup Cost": 63002.48, "Total Cost": 203464.29, "Plan Rows": 3296318, "Plan Width": 8, "Actual Min Startup Time": 0.106, "Actual Max Startup Time": 297.598, "Actual Min Total Time": 304.117, "Actual Max Total Time": 610.951, "Plans": [{"Node Type": "Hash Join", "Parent Relationship": "Outer", "Join Type": "Inner", "Startup Cost": 63002.48, "Total Cost": 137341.8, "Plan Rows": 3296318, "Plan Width": 8, "Actual Min Startup Time": 151.808, "Actual Max Startup Time": 321.453, "Actual Min Total Time": 242.856, "Actual Max Total Time": 411.34, "Inner Unique": true, "Hash Cond": "(ci.role_id = rt.id), (LLVM Optimized, Jit Execute)", "Plans": [{"Node Type": "Seq Scan", "Parent Relationship": "Outer", "Relation Name": "cast_info", "Alias": "ci", "Startup Cost": 0.0, "Total Cost": 72404.34, "Plan Rows": 36259494, "Plan Width": 12, "Actual Min Startup Time": 0.025, "Actual Max Startup Time": 9.439, "Actual Min Total Time": 127.377, "Actual Max Total Time": 144.233, "Actual Rows": 36244343}, {"Node Type": "Hash", "Parent Relationship": "Inner", "Startup Cost": 63002.47, "Total Cost": 63002.47, "Plan Rows": 64, "Plan Width": 4, "Actual Min Startup Time": 0.011, "Actual Max Startup Time": 159.839, "Actual Min Total Time": 0.011, "Actual Max Total Time": 159.839, "Max Hash Buckets": 32768, "Min Hash Buckets": 32768, "Max Hash Batches": 1, "Min Hash Batches": 1, "Max Original Hash Batches": 1, "Min Original Hash Batches": 1, "Max Peak Memory Usage": 1, "min Peak Memory Usage": 1, "Plans": [{"Node Type": "Streaming(type: BROADCAST dop: 64/1)", "Parent Relationship": "Outer", "Startup Cost": 0.0, "Total Cost": 63002.47, "Plan Rows": 64, "Plan Width": 4, "Actual Min Startup Time": 0.003, "Actual Max Startup Time": 159.19, "Actual Min Total Time": 0.003, "Actual Max Total Time": 159.194, "Plans": [{"Node Type": "Seq Scan", "Parent Relationship": "Outer", "Relation Name": "role_type", "Alias": "rt", "Startup Cost": 0.0, "Total Cost": 1.15, "Plan Rows": 1, "Plan Width": 4, "Actual Min Startup Time": 0.04, "Actual Max Startup Time": 0.04, "Actual Min Total Time": 0.044, "Actual Max Total Time": 0.044, "Filter": "((role)::text = 'writer'::text)", "Rows Removed by Filter": 11, "Actual Rows": 1}], "Actual Rows": 64}], "Actual Rows": 64}], "Actual Rows": 2728943}], "Actual Rows": 2728943}], "Actual Rows": 2728943}], "Actual Rows": 2343724}], "Actual Rows": 2343724}, {"Node Type": "Hash", "Parent Relationship": "Inner", "Startup Cost": 169365.79, "Total Cost": 169365.79, "Plan Rows": 2609128, "Plan Width": 29, "Actual Min Startup Time": 4926.029, "Actual Max Startup Time": 4926.029, "Actual Min Total Time": 4926.029, "Actual Max Total Time": 4926.029, "Max Hash Buckets": 4194304, "Min Hash Buckets": 4194304, "Max Hash Batches": 1, "Min Hash Batches": 1, "Max Original Hash Batches": 1, "Min Original Hash Batches": 1, "Max Peak Memory Usage": 164769, "min Peak Memory Usage": 164769, "Plans": [{"Node Type": "Hash Join", "Parent Relationship": "Outer", "Join Type": "Inner", "Startup Cost": 91673.0, "Total Cost": 169365.79, "Plan Rows": 2609128, "Plan Width": 29, "Actual Min Startup Time": 1869.664, "Actual Max Startup Time": 1869.664, "Actual Min Total Time": 3974.511, "Actual Max Total Time": 3974.511, "Inner Unique": true, "Hash Cond": "(mc.movie_id = t.id), (LLVM Optimized, Jit Execute)", "Plans": [{"Node Type": "Seq Scan", "Parent Relationship": "Outer", "Relation Name": "movie_companies", "Alias": "mc", "Startup Cost": 0.0, "Total Cost": 41817.28, "Plan Rows": 2609128, "Plan Width": 8, "Actual Min Startup Time": 0.034, "Actual Max Startup Time": 0.034, "Actual Min Total Time": 573.13, "Actual Max Total Time": 573.13, "Actual Rows": 2609128}, {"Node Type": "Hash", "Parent Relationship": "Inner", "Startup Cost": 60069.11, "Total Cost": 60069.11, "Plan Rows": 2528311, "Plan Width": 21, "Actual Min Startup Time": 1867.154, "Actual Max Startup Time": 1867.154, "Actual Min Total Time": 1867.154, "Actual Max Total Time": 1867.154, "Max Hash Buckets": 4194304, "Min Hash Buckets": 4194304, "Max Hash Batches": 1, "Min Hash Batches": 1, "Max Original Hash Batches": 1, "Min Original Hash Batches": 1, "Max Peak Memory Usage": 135869, "min Peak Memory Usage": 135869, "Plans": [{"Node Type": "Seq Scan", "Parent Relationship": "Outer", "Relation Name": "title", "Alias": "t", "Startup Cost": 0.0, "Total Cost": 60069.11, "Plan Rows": 2528311, "Plan Width": 21, "Actual Min Startup Time": 0.025, "Actual Max Startup Time": 0.025, "Actual Min Total Time": 832.832, "Actual Max Total Time": 832.832, "Actual Rows": 2528311}], "Actual Rows": 2528311}], "Actual Rows": 2609128}], "Actual Rows": 2609128}], "Actual Rows": 4961427}, {"Node Type": "Hash", "Parent Relationship": "Inner", "Startup Cost": 5903.45, "Total Cost": 5903.45, "Plan Rows": 85170, "Plan Width": 4, "Actual Min Startup Time": 113.153, "Actual Max Startup Time": 113.153, "Actual Min Total Time": 113.153, "Actual Max Total Time": 113.153, "Max Hash Buckets": 131072, "Min Hash Buckets": 131072, "Max Hash Batches": 1, "Min Hash Batches": 1, "Max Original Hash Batches": 1, "Min Original Hash Batches": 1, "Max Peak Memory Usage": 2983, "min Peak Memory Usage": 2983, "Plans": [{"Node Type": "Seq Scan", "Parent Relationship": "Outer", "Relation Name": "company_name", "Alias": "cn", "Startup Cost": 0.0, "Total Cost": 5903.45, "Plan Rows": 85170, "Plan Width": 4, "Actual Min Startup Time": 0.07, "Actual Max Startup Time": 0.07, "Actual Min Total Time": 89.97, "Actual Max Total Time": 89.97, "Filter": "((country_code)::text = '[us]'::text)", "Rows Removed by Filter": 150153, "Actual Rows": 84843}], "Actual Rows": 84843}], "Actual Rows": 2487611}], "Actual Rows": 1}, "Triggers": [], "Planner Runtime": 172, "Total Runtime": 10708.533, "Unique SQL Id": 2457761703}}, "(64, 33)": {"explain_plan": {"Plan": {"Node Type": "Aggregate", "Strategy": "Plain", "Startup Cost": 742941.75, "Total Cost": 742941.76, "Plan Rows": 1, "Plan Width": 97, "Plans": [{"Node Type": "Hash Join", "Parent Relationship": "Outer", "Join Type": "Inner", "Startup Cost": 714261.09, "Total Cost": 741156.26, "Plan Rows": 357098, "Plan Width": 33, "Inner Unique": false, "Hash Cond": "(a1.person_id = n1.id), (LLVM Optimized)", "Plans": [{"Node Type": "Bitmap Heap Scan", "Parent Relationship": "Outer", "Relation Name": "aka_name", "Alias": "a1", "Startup Cost": 16632.3, "Total Cost": 36540.72, "Plan Rows": 901342, "Plan Width": 20, "Plans": [{"Node Type": "Bitmap Index Scan", "Parent Relationship": "Outer", "Index Name": "person_id_aka_name", "Startup Cost": 0.0, "Total Cost": 16406.96, "Plan Rows": 901342, "Plan Width": 0}]}, {"Node Type": "Hash", "Parent Relationship": "Inner", "Startup Cost": 688748.06, "Total Cost": 688748.06, "Plan Rows": 710459, "Plan Width": 25, "Plans": [{"Node Type": "Hash Join", "Parent Relationship": "Outer", "Join Type": "Inner", "Startup Cost": 478494.65, "Total Cost": 688748.06, "Plan Rows": 710459, "Plan Width": 25, "Inner Unique": true, "Hash Cond": "(ci.person_id = n1.id), (LLVM Optimized)", "Plans": [{"Node Type": "Hash Join", "Parent Relationship": "Outer", "Join Type": "Inner", "Startup Cost": 301568.43, "Total Cost": 502053.02, "Plan Rows": 710459, "Plan Width": 21, "Inner Unique": false, "Hash Cond": "(ci.movie_id = t.id), (LLVM Optimized)", "Plans": [{"Node Type": "Nested Loop", "Parent Relationship": "Outer", "Join Type": "Inner", "Startup Cost": 0.0, "Total Cost": 171418.25, "Plan Rows": 3296318, "Plan Width": 8, "Inner Unique": false, "Plans": [{"Node Type": "Index Scan", "Parent Relationship": "Outer", "Scan Direction": "Forward", "Index Name": "role_type_pkey", "Relation Name": "role_type", "Alias": "rt", "Startup Cost": 0.0, "Total Cost": 12.46, "Plan Rows": 1, "Plan Width": 4, "Filter": "((role)::text = 'writer'::text)"}, {"Node Type": "Index Scan", "Parent Relationship": "Inner", "Scan Direction": "Forward", "Index Name": "role_id_cast_info", "Relation Name": "cast_info", "Alias": "ci", "Startup Cost": 0.0, "Total Cost": 138442.61, "Plan Rows": 3296318, "Plan Width": 12, "Index Cond": "(role_id = rt.id), (LLVM Optimized)"}]}, {"Node Type": "Hash", "Parent Relationship": "Inner", "Startup Cost": 285539.54, "Total Cost": 285539.54, "Plan Rows": 1282311, "Plan Width": 25, "Plans": [{"Node Type": "Hash Join", "Parent Relationship": "Outer", "Join Type": "Inner", "Startup Cost": 203483.15, "Total Cost": 285539.54, "Plan Rows": 1282311, "Plan Width": 25, "Inner Unique": true, "Hash Cond": "(mc.movie_id = t.id), (LLVM Optimized)", "Plans": [{"Node Type": "Hash Join", "Parent Relationship": "Outer", "Join Type": "Inner", "Startup Cost": 61758.77, "Total Cost": 126183.39, "Plan Rows": 1282311, "Plan Width": 4, "Inner Unique": true, "Hash Cond": "(mc.company_id = cn.id), (LLVM Optimized)", "Plans": [{"Node Type": "Bitmap Heap Scan", "Parent Relationship": "Outer", "Relation Name": "movie_companies", "Alias": "mc", "Startup Cost": 51990.17, "Total Cost": 93807.45, "Plan Rows": 2609128, "Plan Width": 8, "Plans": [{"Node Type": "Bitmap Index Scan", "Parent Relationship": "Outer", "Index Name": "movie_id_movie_companies", "Startup Cost": 0.0, "Total Cost": 51337.89, "Plan Rows": 2609128, "Plan Width": 0}]}, {"Node Type": "Hash", "Parent Relationship": "Inner", "Startup Cost": 8703.97, "Total Cost": 8703.97, "Plan Rows": 85170, "Plan Width": 4, "Plans": [{"Node Type": "Bitmap Heap Scan", "Parent Relationship": "Outer", "Relation Name": "company_name", "Alias": "cn", "Startup Cost": 2800.52, "Total Cost": 8703.97, "Plan Rows": 85170, "Plan Width": 4, "Filter": "((country_code)::text = '[us]'::text)", "Plans": [{"Node Type": "Bitmap Index Scan", "Parent Relationship": "Outer", "Index Name": "company_name_pkey", "Startup Cost": 0.0, "Total Cost": 2779.23, "Plan Rows": 234996, "Plan Width": 0}]}]}]}, {"Node Type": "Hash", "Parent Relationship": "Inner", "Startup Cost": 110120.49, "Total Cost": 110120.49, "Plan Rows": 2528311, "Plan Width": 21, "Plans": [{"Node Type": "Index Scan", "Parent Relationship": "Outer", "Scan Direction": "Forward", "Index Name": "title_pkey", "Relation Name": "title", "Alias": "t", "Startup Cost": 0.0, "Total Cost": 110120.49, "Plan Rows": 2528311, "Plan Width": 21}]}]}]}]}, {"Node Type": "Hash", "Parent Relationship": "Inner", "Startup Cost": 124832.6, "Total Cost": 124832.6, "Plan Rows": 4167490, "Plan Width": 4, "Plans": [{"Node Type": "Index Only Scan", "Parent Relationship": "Outer", "Scan Direction": "Forward", "Index Name": "name_pkey", "Relation Name": "name", "Alias": "n1", "Startup Cost": 0.0, "Total Cost": 124832.6, "Plan Rows": 4167490, "Plan Width": 4}]}]}]}]}]}, "Unique SQL Id": 2457761703, "Planner Runtime": 120}, "explain_analyze_plan": {"Plan": {"Node Type": "Aggregate", "Strategy": "Plain", "Startup Cost": 742941.75, "Total Cost": 742941.76, "Plan Rows": 1, "Plan Width": 97, "Actual Startup Time": 17148.628, "Actual Total Time": 17148.629, "Actual Rows": 1, "Actual Loops": 1, "Plans": [{"Node Type": "Hash Join", "Parent Relationship": "Outer", "Join Type": "Inner", "Startup Cost": 714261.09, "Total Cost": 741156.26, "Plan Rows": 357098, "Plan Width": 33, "Actual Startup Time": 14793.399, "Actual Total Time": 16025.709, "Actual Rows": 2487611, "Actual Loops": 1, "Inner Unique": false, "Hash Cond": "(a1.person_id = n1.id), (LLVM Optimized, Jit Execute)", "Plans": [{"Node Type": "Bitmap Heap Scan", "Parent Relationship": "Outer", "Relation Name": "aka_name", "Alias": "a1", "Startup Cost": 16632.3, "Total Cost": 36540.72, "Plan Rows": 901342, "Plan Width": 20, "Actual Startup Time": 88.637, "Actual Total Time": 410.546, "Actual Rows": 901342, "Actual Loops": 1, "Exact Heap Blocks": 10895, "Lossy Heap Blocks": 10895, "Plans": [{"Node Type": "Bitmap Index Scan", "Parent Relationship": "Outer", "Index Name": "person_id_aka_name", "Startup Cost": 0.0, "Total Cost": 16406.96, "Plan Rows": 901342, "Plan Width": 0, "Actual Startup Time": 86.695, "Actual Total Time": 86.695, "Actual Rows": 901342, "Actual Loops": 1}]}, {"Node Type": "Hash", "Parent Relationship": "Inner", "Startup Cost": 688748.06, "Total Cost": 688748.06, "Plan Rows": 710459, "Plan Width": 25, "Actual Startup Time": 14699.079, "Actual Total Time": 14699.079, "Actual Rows": 1970658, "Actual Loops": 1, "Hash Buckets": 1048576, "Hash Batches": 1, "Original Hash Batches": 1, "Peak Memory Usage": 112799, "Plans": [{"Node Type": "Hash Join", "Parent Relationship": "Outer", "Join Type": "Inner", "Startup Cost": 478494.65, "Total Cost": 688748.06, "Plan Rows": 710459, "Plan Width": 25, "Actual Startup Time": 10017.77, "Actual Total Time": 14115.532, "Actual Rows": 1970658, "Actual Loops": 1, "Inner Unique": true, "Hash Cond": "(ci.person_id = n1.id), (LLVM Optimized, Jit Execute)", "Plans": [{"Node Type": "Hash Join", "Parent Relationship": "Outer", "Join Type": "Inner", "Startup Cost": 301568.43, "Total Cost": 502053.02, "Plan Rows": 710459, "Plan Width": 21, "Actual Startup Time": 7171.394, "Actual Total Time": 10484.153, "Actual Rows": 1970658, "Actual Loops": 1, "Inner Unique": false, "Hash Cond": "(ci.movie_id = t.id), (LLVM Optimized, Jit Execute)", "Plans": [{"Node Type": "Nested Loop", "Parent Relationship": "Outer", "Join Type": "Inner", "Startup Cost": 0.0, "Total Cost": 171418.25, "Plan Rows": 3296318, "Plan Width": 8, "Actual Startup Time": 0.108, "Actual Total Time": 1864.889, "Actual Rows": 2728943, "Actual Loops": 1, "Inner Unique": false, "Plans": [{"Node Type": "Index Scan", "Parent Relationship": "Outer", "Scan Direction": "Forward", "Index Name": "role_type_pkey", "Relation Name": "role_type", "Alias": "rt", "Startup Cost": 0.0, "Total Cost": 12.46, "Plan Rows": 1, "Plan Width": 4, "Actual Startup Time": 0.06, "Actual Total Time": 0.159, "Actual Rows": 1, "Actual Loops": 1, "Filter": "((role)::text = 'writer'::text)", "Rows Removed by Filter": 11}, {"Node Type": "Index Scan", "Parent Relationship": "Inner", "Scan Direction": "Forward", "Index Name": "role_id_cast_info", "Relation Name": "cast_info", "Alias": "ci", "Startup Cost": 0.0, "Total Cost": 138442.61, "Plan Rows": 3296318, "Plan Width": 12, "Actual Startup Time": 0.036, "Actual Total Time": 1330.049, "Actual Rows": 2728943, "Actual Loops": 1, "Index Cond": "(role_id = rt.id), (LLVM Optimized, Jit Execute)", "Rows Removed by Index Recheck": 0}]}, {"Node Type": "Hash", "Parent Relationship": "Inner", "Startup Cost": 285539.54, "Total Cost": 285539.54, "Plan Rows": 1282311, "Plan Width": 25, "Actual Startup Time": 7166.162, "Actual Total Time": 7166.162, "Actual Rows": 1153797, "Actual Loops": 1, "Hash Buckets": 2097152, "Hash Batches": 1, "Original Hash Batches": 1, "Peak Memory Usage": 68508, "Plans": [{"Node Type": "Hash Join", "Parent Relationship": "Outer", "Join Type": "Inner", "Startup Cost": 203483.15, "Total Cost": 285539.54, "Plan Rows": 1282311, "Plan Width": 25, "Actual Startup Time": 4537.68, "Actual Total Time": 6742.122, "Actual Rows": 1153797, "Actual Loops": 1, "Inner Unique": true, "Hash Cond": "(mc.movie_id = t.id), (LLVM Optimized, Jit Execute)", "Plans": [{"Node Type": "Hash Join", "Parent Relationship": "Outer", "Join Type": "Inner", "Startup Cost": 61758.77, "Total Cost": 126183.39, "Plan Rows": 1282311, "Plan Width": 4, "Actual Startup Time": 373.892, "Actual Total Time": 1995.107, "Actual Rows": 1153797, "Actual Loops": 1, "Inner Unique": true, "Hash Cond": "(mc.company_id = cn.id), (LLVM Optimized, Jit Execute)", "Plans": [{"Node Type": "Bitmap Heap Scan", "Parent Relationship": "Outer", "Relation Name": "movie_companies", "Alias": "mc", "Startup Cost": 51990.17, "Total Cost": 93807.45, "Plan Rows": 2609128, "Plan Width": 8, "Actual Startup Time": 216.565, "Actual Total Time": 1018.768, "Actual Rows": 2609128, "Actual Loops": 1, "Exact Heap Blocks": 15726, "Lossy Heap Blocks": 15726, "Plans": [{"Node Type": "Bitmap Index Scan", "Parent Relationship": "Outer", "Index Name": "movie_id_movie_companies", "Startup Cost": 0.0, "Total Cost": 51337.89, "Plan Rows": 2609128, "Plan Width": 0, "Actual Startup Time": 212.922, "Actual Total Time": 212.922, "Actual Rows": 2609128, "Actual Loops": 1}]}, {"Node Type": "Hash", "Parent Relationship": "Inner", "Startup Cost": 8703.97, "Total Cost": 8703.97, "Plan Rows": 85170, "Plan Width": 4, "Actual Startup Time": 157.221, "Actual Total Time": 157.221, "Actual Rows": 84843, "Actual Loops": 1, "Hash Buckets": 131072, "Hash Batches": 1, "Original Hash Batches": 1, "Peak Memory Usage": 2983, "Plans": [{"Node Type": "Bitmap Heap Scan", "Parent Relationship": "Outer", "Relation Name": "company_name", "Alias": "cn", "Startup Cost": 2800.52, "Total Cost": 8703.97, "Plan Rows": 85170, "Plan Width": 4, "Actual Startup Time": 21.348, "Actual Total Time": 134.118, "Actual Rows": 84843, "Actual Loops": 1, "Filter": "((country_code)::text = '[us]'::text)", "Rows Removed by Filter": 150153, "Exact Heap Blocks": 2966, "Lossy Heap Blocks": 2966, "Plans": [{"Node Type": "Bitmap Index Scan", "Parent Relationship": "Outer", "Index Name": "company_name_pkey", "Startup Cost": 0.0, "Total Cost": 2779.23, "Plan Rows": 234996, "Plan Width": 0, "Actual Startup Time": 20.877, "Actual Total Time": 20.877, "Actual Rows": 234996, "Actual Loops": 1}]}]}]}, {"Node Type": "Hash", "Parent Relationship": "Inner", "Startup Cost": 110120.49, "Total Cost": 110120.49, "Plan Rows": 2528311, "Plan Width": 21, "Actual Startup Time": 4161.126, "Actual Total Time": 4161.126, "Actual Rows": 2528311, "Actual Loops": 1, "Hash Buckets": 4194304, "Hash Batches": 1, "Original Hash Batches": 1, "Peak Memory Usage": 135869, "Plans": [{"Node Type": "Index Scan", "Parent Relationship": "Outer", "Scan Direction": "Forward", "Index Name": "title_pkey", "Relation Name": "title", "Alias": "t", "Startup Cost": 0.0, "Total Cost": 110120.49, "Plan Rows": 2528311, "Plan Width": 21, "Actual Startup Time": 0.058, "Actual Total Time": 3119.711, "Actual Rows": 2528311, "Actual Loops": 1}]}]}]}]}, {"Node Type": "Hash", "Parent Relationship": "Inner", "Startup Cost": 124832.6, "Total Cost": 124832.6, "Plan Rows": 4167490, "Plan Width": 4, "Actual Startup Time": 2843.873, "Actual Total Time": 2843.873, "Actual Rows": 4167490, "Actual Loops": 1, "Hash Buckets": 4194304, "Hash Batches": 1, "Original Hash Batches": 1, "Peak Memory Usage": 146514, "Plans": [{"Node Type": "Index Only Scan", "Parent Relationship": "Outer", "Scan Direction": "Forward", "Index Name": "name_pkey", "Relation Name": "name", "Alias": "n1", "Startup Cost": 0.0, "Total Cost": 124832.6, "Plan Rows": 4167490, "Plan Width": 4, "Actual Startup Time": 0.044, "Actual Total Time": 1022.322, "Actual Rows": 4167490, "Actual Loops": 1, "Heap Fetches": 0}]}]}]}]}]}, "Triggers": [], "Planner Runtime": 120, "Total Runtime": 17165.177, "Unique SQL Id": 2457761703}}, "(64, 34)": {"explain_plan": {"Plan": {"Node Type": "Aggregate", "Strategy": "Plain", "Startup Cost": 528738.29, "Total Cost": 528738.3, "Plan Rows": 1, "Plan Width": 97, "Plans": [{"Node Type": "Hash Join", "Parent Relationship": "Outer", "Join Type": "Inner", "Startup Cost": 336662.4, "Total Cost": 526952.8, "Plan Rows": 357098, "Plan Width": 33, "Inner Unique": true, "Hash Cond": "(mc.company_id = cn.id), (LLVM Optimized)", "Plans": [{"Node Type": "Hash Join", "Parent Relationship": "Outer", "Join Type": "Inner", "Startup Cost": 329694.33, "Total Cost": 513689.03, "Plan Rows": 726589, "Plan Width": 37, "Inner Unique": false, "Hash Cond": "(ci.movie_id = t.id), (LLVM Optimized)", "Plans": [{"Node Type": "Streaming(type: LOCAL GATHER dop: 1/64)", "Parent Relationship": "Outer", "Startup Cost": 254738.78, "Total Cost": 417857.9, "Plan Rows": 1484588, "Plan Width": 20, "Plans": [{"Node Type": "Hash Join", "Parent Relationship": "Outer", "Join Type": "Inner", "Startup Cost": 254738.78, "Total Cost": 387231.02, "Plan Rows": 1484588, "Plan Width": 20, "Inner Unique": false, "Hash Cond": "(a1.person_id = ci.person_id), (LLVM Optimized)", "Plans": [{"Node Type": "Streaming(type: LOCAL REDISTRIBUTE dop: 64/1)", "Parent Relationship": "Outer", "Startup Cost": 202522.7, "Total Cost": 334446.0, "Plan Rows": 901342, "Plan Width": 24, "Plans": [{"Node Type": "Hash Join", "Parent Relationship": "Outer", "Join Type": "Inner", "Startup Cost": 202522.7, "Total Cost": 234824.58, "Plan Rows": 901342, "Plan Width": 24, "Inner Unique": true, "Hash Cond": "(a1.person_id = n1.id), (LLVM Optimized)", "Plans": [{"Node Type": "Seq Scan", "Parent Relationship": "Outer", "Relation Name": "aka_name", "Alias": "a1", "Startup Cost": 0.0, "Total Cost": 19908.42, "Plan Rows": 901342, "Plan Width": 20}, {"Node Type": "Hash", "Parent Relationship": "Inner", "Startup Cost": 150429.08, "Total Cost": 150429.08, "Plan Rows": 4167490, "Plan Width": 4, "Plans": [{"Node Type": "Streaming(type: LOCAL GATHER dop: 1/64)", "Parent Relationship": "Outer", "Startup Cost": 0.0, "Total Cost": 150429.08, "Plan Rows": 4167490, "Plan Width": 4, "Plans": [{"Node Type": "Seq Scan", "Parent Relationship": "Outer", "Relation Name": "name", "Alias": "n1", "Startup Cost": 0.0, "Total Cost": 64454.25, "Plan Rows": 4167490, "Plan Width": 4}]}]}]}]}, {"Node Type": "Hash", "Parent Relationship": "Inner", "Startup Cost": 203464.29, "Total Cost": 203464.29, "Plan Rows": 3296318, "Plan Width": 8, "Plans": [{"Node Type": "Streaming(type: LOCAL REDISTRIBUTE dop: 64/64)", "Parent Relationship": "Outer", "Startup Cost": 63002.48, "Total Cost": 203464.29, "Plan Rows": 3296318, "Plan Width": 8, "Plans": [{"Node Type": "Hash Join", "Parent Relationship": "Outer", "Join Type": "Inner", "Startup Cost": 63002.48, "Total Cost": 137341.8, "Plan Rows": 3296318, "Plan Width": 8, "Inner Unique": true, "Hash Cond": "(ci.role_id = rt.id), (LLVM Optimized)", "Plans": [{"Node Type": "Seq Scan", "Parent Relationship": "Outer", "Relation Name": "cast_info", "Alias": "ci", "Startup Cost": 0.0, "Total Cost": 72404.34, "Plan Rows": 36259494, "Plan Width": 12}, {"Node Type": "Hash", "Parent Relationship": "Inner", "Startup Cost": 63002.47, "Total Cost": 63002.47, "Plan Rows": 64, "Plan Width": 4, "Plans": [{"Node Type": "Streaming(type: BROADCAST dop: 64/1)", "Parent Relationship": "Outer", "Startup Cost": 0.0, "Total Cost": 63002.47, "Plan Rows": 64, "Plan Width": 4, "Plans": [{"Node Type": "Seq Scan", "Parent Relationship": "Outer", "Relation Name": "role_type", "Alias": "rt", "Startup Cost": 0.0, "Total Cost": 1.15, "Plan Rows": 1, "Plan Width": 4, "Filter": "((role)::text = 'writer'::text)"}]}]}]}]}]}]}]}, {"Node Type": "Hash", "Parent Relationship": "Inner", "Startup Cost": 169365.79, "Total Cost": 169365.79, "Plan Rows": 2609128, "Plan Width": 29, "Plans": [{"Node Type": "Hash Join", "Parent Relationship": "Outer", "Join Type": "Inner", "Startup Cost": 91673.0, "Total Cost": 169365.79, "Plan Rows": 2609128, "Plan Width": 29, "Inner Unique": true, "Hash Cond": "(mc.movie_id = t.id), (LLVM Optimized)", "Plans": [{"Node Type": "Seq Scan", "Parent Relationship": "Outer", "Relation Name": "movie_companies", "Alias": "mc", "Startup Cost": 0.0, "Total Cost": 41817.28, "Plan Rows": 2609128, "Plan Width": 8}, {"Node Type": "Hash", "Parent Relationship": "Inner", "Startup Cost": 60069.11, "Total Cost": 60069.11, "Plan Rows": 2528311, "Plan Width": 21, "Plans": [{"Node Type": "Seq Scan", "Parent Relationship": "Outer", "Relation Name": "title", "Alias": "t", "Startup Cost": 0.0, "Total Cost": 60069.11, "Plan Rows": 2528311, "Plan Width": 21}]}]}]}]}, {"Node Type": "Hash", "Parent Relationship": "Inner", "Startup Cost": 5903.45, "Total Cost": 5903.45, "Plan Rows": 85170, "Plan Width": 4, "Plans": [{"Node Type": "Seq Scan", "Parent Relationship": "Outer", "Relation Name": "company_name", "Alias": "cn", "Startup Cost": 0.0, "Total Cost": 5903.45, "Plan Rows": 85170, "Plan Width": 4, "Filter": "((country_code)::text = '[us]'::text)"}]}]}]}, "Unique SQL Id": 2457761703, "Planner Runtime": 163}, "explain_analyze_plan": {"Plan": {"Node Type": "Aggregate", "Strategy": "Plain", "Startup Cost": 528738.29, "Total Cost": 528738.3, "Plan Rows": 1, "Plan Width": 97, "Actual Min Startup Time": 10653.339, "Actual Max Startup Time": 10653.339, "Actual Min Total Time": 10653.34, "Actual Max Total Time": 10653.34, "Plans": [{"Node Type": "Hash Join", "Parent Relationship": "Outer", "Join Type": "Inner", "Startup Cost": 336662.4, "Total Cost": 526952.8, "Plan Rows": 357098, "Plan Width": 33, "Actual Min Startup Time": 5045.785, "Actual Max Startup Time": 5045.785, "Actual Min Total Time": 9470.761, "Actual Max Total Time": 9470.761, "Inner Unique": true, "Hash Cond": "(mc.company_id = cn.id), (LLVM Optimized, Jit Execute)", "Plans": [{"Node Type": "Hash Join", "Parent Relationship": "Outer", "Join Type": "Inner", "Startup Cost": 329694.33, "Total Cost": 513689.03, "Plan Rows": 726589, "Plan Width": 37, "Actual Min Startup Time": 4932.473, "Actual Max Startup Time": 4932.473, "Actual Min Total Time": 8014.504, "Actual Max Total Time": 8014.504, "Inner Unique": false, "Hash Cond": "(ci.movie_id = t.id), (LLVM Optimized, Jit Execute)", "Plans": [{"Node Type": "Streaming(type: LOCAL GATHER dop: 1/64)", "Parent Relationship": "Outer", "Startup Cost": 254738.78, "Total Cost": 417857.9, "Plan Rows": 1484588, "Plan Width": 20, "Actual Min Startup Time": 0.149, "Actual Max Startup Time": 0.149, "Actual Min Total Time": 1136.935, "Actual Max Total Time": 1136.935, "Plans": [{"Node Type": "Hash Join", "Parent Relationship": "Outer", "Join Type": "Inner", "Startup Cost": 254738.78, "Total Cost": 387231.02, "Plan Rows": 1484588, "Plan Width": 20, "Actual Min Startup Time": 2400.847, "Actual Max Startup Time": 4561.54, "Actual Min Total Time": 6405.607, "Actual Max Total Time": 9204.271, "Inner Unique": false, "Hash Cond": "(a1.person_id = ci.person_id), (LLVM Optimized, Jit Execute)", "Plans": [{"Node Type": "Streaming(type: LOCAL REDISTRIBUTE dop: 64/1)", "Parent Relationship": "Outer", "Startup Cost": 202522.7, "Total Cost": 334446.0, "Plan Rows": 901342, "Plan Width": 24, "Actual Min Startup Time": 2082.179, "Actual Max Startup Time": 4189.143, "Actual Min Total Time": 5973.318, "Actual Max Total Time": 8689.53, "Plans": [{"Node Type": "Hash Join", "Parent Relationship": "Outer", "Join Type": "Inner", "Startup Cost": 202522.7, "Total Cost": 234824.58, "Plan Rows": 901342, "Plan Width": 24, "Actual Min Startup Time": 2391.386, "Actual Max Startup Time": 2391.386, "Actual Min Total Time": 3134.379, "Actual Max Total Time": 3134.379, "Inner Unique": true, "Hash Cond": "(a1.person_id = n1.id), (LLVM Optimized, Jit Execute)", "Plans": [{"Node Type": "Seq Scan", "Parent Relationship": "Outer", "Relation Name": "aka_name", "Alias": "a1", "Startup Cost": 0.0, "Total Cost": 19908.42, "Plan Rows": 901342, "Plan Width": 20, "Actual Min Startup Time": 0.031, "Actual Max Startup Time": 0.031, "Actual Min Total Time": 226.0, "Actual Max Total Time": 226.0, "Actual Rows": 901342}, {"Node Type": "Hash", "Parent Relationship": "Inner", "Startup Cost": 150429.08, "Total Cost": 150429.08, "Plan Rows": 4167490, "Plan Width": 4, "Actual Min Startup Time": 2388.72, "Actual Max Startup Time": 2388.72, "Actual Min Total Time": 2388.72, "Actual Max Total Time": 2388.72, "Max Hash Buckets": 4194304, "Min Hash Buckets": 4194304, "Max Hash Batches": 1, "Min Hash Batches": 1, "Max Original Hash Batches": 1, "Min Original Hash Batches": 1, "Max Peak Memory Usage": 146514, "min Peak Memory Usage": 146514, "Plans": [{"Node Type": "Streaming(type: LOCAL GATHER dop: 1/64)", "Parent Relationship": "Outer", "Startup Cost": 0.0, "Total Cost": 150429.08, "Plan Rows": 4167490, "Plan Width": 4, "Actual Min Startup Time": 0.144, "Actual Max Startup Time": 0.144, "Actual Min Total Time": 1203.473, "Actual Max Total Time": 1203.473, "Plans": [{"Node Type": "Seq Scan", "Parent Relationship": "Outer", "Relation Name": "name", "Alias": "n1", "Startup Cost": 0.0, "Total Cost": 64454.25, "Plan Rows": 4167490, "Plan Width": 4, "Actual Min Startup Time": 0.019, "Actual Max Startup Time": 0.041, "Actual Min Total Time": 18.918, "Actual Max Total Time": 22.367, "Actual Rows": 4167490}], "Actual Rows": 4167490}], "Actual Rows": 4167490}], "Actual Rows": 901342}], "Actual Rows": 901342}, {"Node Type": "Hash", "Parent Relationship": "Inner", "Startup Cost": 203464.29, "Total Cost": 203464.29, "Plan Rows": 3296318, "Plan Width": 8, "Actual Min Startup Time": 314.974, "Actual Max Startup Time": 620.859, "Actual Min Total Time": 314.974, "Actual Max Total Time": 620.859, "Max Hash Buckets": 65536, "Min Hash Buckets": 65536, "Max Hash Batches": 1, "Min Hash Batches": 1, "Max Original Hash Batches": 1, "Min Original Hash Batches": 1, "Max Peak Memory Usage": 1483, "min Peak Memory Usage": 1483, "Plans": [{"Node Type": "Streaming(type: LOCAL REDISTRIBUTE dop: 64/64)", "Parent Relationship": "Outer", "Startup Cost": 63002.48, "Total Cost": 203464.29, "Plan Rows": 3296318, "Plan Width": 8, "Actual Min Startup Time": 0.106, "Actual Max Startup Time": 297.598, "Actual Min Total Time": 304.117, "Actual Max Total Time": 610.951, "Plans": [{"Node Type": "Hash Join", "Parent Relationship": "Outer", "Join Type": "Inner", "Startup Cost": 63002.48, "Total Cost": 137341.8, "Plan Rows": 3296318, "Plan Width": 8, "Actual Min Startup Time": 151.808, "Actual Max Startup Time": 321.453, "Actual Min Total Time": 242.856, "Actual Max Total Time": 411.34, "Inner Unique": true, "Hash Cond": "(ci.role_id = rt.id), (LLVM Optimized, Jit Execute)", "Plans": [{"Node Type": "Seq Scan", "Parent Relationship": "Outer", "Relation Name": "cast_info", "Alias": "ci", "Startup Cost": 0.0, "Total Cost": 72404.34, "Plan Rows": 36259494, "Plan Width": 12, "Actual Min Startup Time": 0.025, "Actual Max Startup Time": 9.439, "Actual Min Total Time": 127.377, "Actual Max Total Time": 144.233, "Actual Rows": 36244343}, {"Node Type": "Hash", "Parent Relationship": "Inner", "Startup Cost": 63002.47, "Total Cost": 63002.47, "Plan Rows": 64, "Plan Width": 4, "Actual Min Startup Time": 0.011, "Actual Max Startup Time": 159.839, "Actual Min Total Time": 0.011, "Actual Max Total Time": 159.839, "Max Hash Buckets": 32768, "Min Hash Buckets": 32768, "Max Hash Batches": 1, "Min Hash Batches": 1, "Max Original Hash Batches": 1, "Min Original Hash Batches": 1, "Max Peak Memory Usage": 1, "min Peak Memory Usage": 1, "Plans": [{"Node Type": "Streaming(type: BROADCAST dop: 64/1)", "Parent Relationship": "Outer", "Startup Cost": 0.0, "Total Cost": 63002.47, "Plan Rows": 64, "Plan Width": 4, "Actual Min Startup Time": 0.003, "Actual Max Startup Time": 159.19, "Actual Min Total Time": 0.003, "Actual Max Total Time": 159.194, "Plans": [{"Node Type": "Seq Scan", "Parent Relationship": "Outer", "Relation Name": "role_type", "Alias": "rt", "Startup Cost": 0.0, "Total Cost": 1.15, "Plan Rows": 1, "Plan Width": 4, "Actual Min Startup Time": 0.04, "Actual Max Startup Time": 0.04, "Actual Min Total Time": 0.044, "Actual Max Total Time": 0.044, "Filter": "((role)::text = 'writer'::text)", "Rows Removed by Filter": 11, "Actual Rows": 1}], "Actual Rows": 64}], "Actual Rows": 64}], "Actual Rows": 2728943}], "Actual Rows": 2728943}], "Actual Rows": 2728943}], "Actual Rows": 2343724}], "Actual Rows": 2343724}, {"Node Type": "Hash", "Parent Relationship": "Inner", "Startup Cost": 169365.79, "Total Cost": 169365.79, "Plan Rows": 2609128, "Plan Width": 29, "Actual Min Startup Time": 4926.029, "Actual Max Startup Time": 4926.029, "Actual Min Total Time": 4926.029, "Actual Max Total Time": 4926.029, "Max Hash Buckets": 4194304, "Min Hash Buckets": 4194304, "Max Hash Batches": 1, "Min Hash Batches": 1, "Max Original Hash Batches": 1, "Min Original Hash Batches": 1, "Max Peak Memory Usage": 164769, "min Peak Memory Usage": 164769, "Plans": [{"Node Type": "Hash Join", "Parent Relationship": "Outer", "Join Type": "Inner", "Startup Cost": 91673.0, "Total Cost": 169365.79, "Plan Rows": 2609128, "Plan Width": 29, "Actual Min Startup Time": 1869.664, "Actual Max Startup Time": 1869.664, "Actual Min Total Time": 3974.511, "Actual Max Total Time": 3974.511, "Inner Unique": true, "Hash Cond": "(mc.movie_id = t.id), (LLVM Optimized, Jit Execute)", "Plans": [{"Node Type": "Seq Scan", "Parent Relationship": "Outer", "Relation Name": "movie_companies", "Alias": "mc", "Startup Cost": 0.0, "Total Cost": 41817.28, "Plan Rows": 2609128, "Plan Width": 8, "Actual Min Startup Time": 0.034, "Actual Max Startup Time": 0.034, "Actual Min Total Time": 573.13, "Actual Max Total Time": 573.13, "Actual Rows": 2609128}, {"Node Type": "Hash", "Parent Relationship": "Inner", "Startup Cost": 60069.11, "Total Cost": 60069.11, "Plan Rows": 2528311, "Plan Width": 21, "Actual Min Startup Time": 1867.154, "Actual Max Startup Time": 1867.154, "Actual Min Total Time": 1867.154, "Actual Max Total Time": 1867.154, "Max Hash Buckets": 4194304, "Min Hash Buckets": 4194304, "Max Hash Batches": 1, "Min Hash Batches": 1, "Max Original Hash Batches": 1, "Min Original Hash Batches": 1, "Max Peak Memory Usage": 135869, "min Peak Memory Usage": 135869, "Plans": [{"Node Type": "Seq Scan", "Parent Relationship": "Outer", "Relation Name": "title", "Alias": "t", "Startup Cost": 0.0, "Total Cost": 60069.11, "Plan Rows": 2528311, "Plan Width": 21, "Actual Min Startup Time": 0.025, "Actual Max Startup Time": 0.025, "Actual Min Total Time": 832.832, "Actual Max Total Time": 832.832, "Actual Rows": 2528311}], "Actual Rows": 2528311}], "Actual Rows": 2609128}], "Actual Rows": 2609128}], "Actual Rows": 4961427}, {"Node Type": "Hash", "Parent Relationship": "Inner", "Startup Cost": 5903.45, "Total Cost": 5903.45, "Plan Rows": 85170, "Plan Width": 4, "Actual Min Startup Time": 113.153, "Actual Max Startup Time": 113.153, "Actual Min Total Time": 113.153, "Actual Max Total Time": 113.153, "Max Hash Buckets": 131072, "Min Hash Buckets": 131072, "Max Hash Batches": 1, "Min Hash Batches": 1, "Max Original Hash Batches": 1, "Min Original Hash Batches": 1, "Max Peak Memory Usage": 2983, "min Peak Memory Usage": 2983, "Plans": [{"Node Type": "Seq Scan", "Parent Relationship": "Outer", "Relation Name": "company_name", "Alias": "cn", "Startup Cost": 0.0, "Total Cost": 5903.45, "Plan Rows": 85170, "Plan Width": 4, "Actual Min Startup Time": 0.07, "Actual Max Startup Time": 0.07, "Actual Min Total Time": 89.97, "Actual Max Total Time": 89.97, "Filter": "((country_code)::text = '[us]'::text)", "Rows Removed by Filter": 150153, "Actual Rows": 84843}], "Actual Rows": 84843}], "Actual Rows": 2487611}], "Actual Rows": 1}, "Triggers": [], "Planner Runtime": 172, "Total Runtime": 10708.533, "Unique SQL Id": 2457761703}}, "(64, 35)": {"explain_plan": {"Plan": {"Node Type": "Aggregate", "Strategy": "Plain", "Startup Cost": 1013578.73, "Total Cost": 1013578.74, "Plan Rows": 1, "Plan Width": 97, "Plans": [{"Node Type": "Hash Join", "Parent Relationship": "Outer", "Join Type": "Inner", "Startup Cost": 985285.55, "Total Cost": 1011793.24, "Plan Rows": 357098, "Plan Width": 33, "Inner Unique": false, "Hash Cond": "(a1.person_id = n1.id), (LLVM Optimized)", "Plans": [{"Node Type": "Bitmap Heap Scan", "Parent Relationship": "Outer", "Relation Name": "aka_name", "Alias": "a1", "Startup Cost": 16632.3, "Total Cost": 36540.72, "Plan Rows": 901342, "Plan Width": 20, "Plans": [{"Node Type": "Bitmap Index Scan", "Parent Relationship": "Outer", "Index Name": "person_id_aka_name", "Startup Cost": 0.0, "Total Cost": 16406.96, "Plan Rows": 901342, "Plan Width": 0}]}, {"Node Type": "Hash", "Parent Relationship": "Inner", "Startup Cost": 959772.51, "Total Cost": 959772.51, "Plan Rows": 710459, "Plan Width": 25, "Plans": [{"Node Type": "Hash Join", "Parent Relationship": "Outer", "Join Type": "Inner", "Startup Cost": 607483.06, "Total Cost": 959772.51, "Plan Rows": 710459, "Plan Width": 25, "Inner Unique": true, "Hash Cond": "(ci.person_id = n1.id), (LLVM Optimized)", "Plans": [{"Node Type": "Hash Join", "Parent Relationship": "Outer", "Join Type": "Inner", "Startup Cost": 378117.96, "Total Cost": 720638.61, "Plan Rows": 710459, "Plan Width": 21, "Inner Unique": false, "Hash Cond": "(ci.movie_id = t.id), (LLVM Optimized)", "Plans": [{"Node Type": "Nested Loop", "Parent Relationship": "Outer", "Join Type": "Inner", "Startup Cost": 76315.02, "Total Cost": 389769.33, "Plan Rows": 3296318, "Plan Width": 8, "Inner Unique": false, "Plans": [{"Node Type": "Bitmap Heap Scan", "Parent Relationship": "Outer", "Relation Name": "role_type", "Alias": "rt", "Startup Cost": 8.31, "Total Cost": 12.46, "Plan Rows": 1, "Plan Width": 4, "Filter": "((role)::text = 'writer'::text)", "Plans": [{"Node Type": "Bitmap Index Scan", "Parent Relationship": "Outer", "Index Name": "role_type_pkey", "Startup Cost": 0.0, "Total Cost": 8.31, "Plan Rows": 12, "Plan Width": 0}]}, {"Node Type": "Bitmap Heap Scan", "Parent Relationship": "Inner", "Relation Name": "cast_info", "Alias": "ci", "Startup Cost": 76306.71, "Total Cost": 356793.69, "Plan Rows": 3296318, "Plan Width": 12, "Recheck Cond": "(role_id = rt.id), (LLVM Optimized)", "Plans": [{"Node Type": "Bitmap Index Scan", "Parent Relationship": "Outer", "Index Name": "role_id_cast_info", "Startup Cost": 0.0, "Total Cost": 75482.63, "Plan Rows": 3296318, "Plan Width": 0, "Index Cond": "(role_id = rt.id)"}]}]}, {"Node Type": "Hash", "Parent Relationship": "Inner", "Startup Cost": 285774.05, "Total Cost": 285774.05, "Plan Rows": 1282311, "Plan Width": 25, "Plans": [{"Node Type": "Hash Join", "Parent Relationship": "Outer", "Join Type": "Inner", "Startup Cost": 203717.65, "Total Cost": 285774.05, "Plan Rows": 1282311, "Plan Width": 25, "Inner Unique": true, "Hash Cond": "(mc.movie_id = t.id), (LLVM Optimized)", "Plans": [{"Node Type": "Hash Join", "Parent Relationship": "Outer", "Join Type": "Inner", "Startup Cost": 61758.77, "Total Cost": 126183.39, "Plan Rows": 1282311, "Plan Width": 4, "Inner Unique": true, "Hash Cond": "(mc.company_id = cn.id), (LLVM Optimized)", "Plans": [{"Node Type": "Bitmap Heap Scan", "Parent Relationship": "Outer", "Relation Name": "movie_companies", "Alias": "mc", "Startup Cost": 51990.17, "Total Cost": 93807.45, "Plan Rows": 2609128, "Plan Width": 8, "Plans": [{"Node Type": "Bitmap Index Scan", "Parent Relationship": "Outer", "Index Name": "movie_id_movie_companies", "Startup Cost": 0.0, "Total Cost": 51337.89, "Plan Rows": 2609128, "Plan Width": 0}]}, {"Node Type": "Hash", "Parent Relationship": "Inner", "Startup Cost": 8703.97, "Total Cost": 8703.97, "Plan Rows": 85170, "Plan Width": 4, "Plans": [{"Node Type": "Bitmap Heap Scan", "Parent Relationship": "Outer", "Relation Name": "company_name", "Alias": "cn", "Startup Cost": 2800.52, "Total Cost": 8703.97, "Plan Rows": 85170, "Plan Width": 4, "Filter": "((country_code)::text = '[us]'::text)", "Plans": [{"Node Type": "Bitmap Index Scan", "Parent Relationship": "Outer", "Index Name": "company_name_pkey", "Startup Cost": 0.0, "Total Cost": 2779.23, "Plan Rows": 234996, "Plan Width": 0}]}]}]}, {"Node Type": "Hash", "Parent Relationship": "Inner", "Startup Cost": 110354.99, "Total Cost": 110354.99, "Plan Rows": 2528311, "Plan Width": 21, "Plans": [{"Node Type": "Bitmap Heap Scan", "Parent Relationship": "Outer", "Relation Name": "title", "Alias": "t", "Startup Cost": 50285.88, "Total Cost": 110354.99, "Plan Rows": 2528311, "Plan Width": 21, "Plans": [{"Node Type": "Bitmap Index Scan", "Parent Relationship": "Outer", "Index Name": "title_pkey", "Startup Cost": 0.0, "Total Cost": 49653.81, "Plan Rows": 2528311, "Plan Width": 0}]}]}]}]}]}, {"Node Type": "Hash", "Parent Relationship": "Inner", "Startup Cost": 177271.47, "Total Cost": 177271.47, "Plan Rows": 4167490, "Plan Width": 4, "Plans": [{"Node Type": "Bitmap Heap Scan", "Parent Relationship": "Outer", "Relation Name": "name", "Alias": "n1", "Startup Cost": 84199.57, "Total Cost": 177271.47, "Plan Rows": 4167490, "Plan Width": 4, "Plans": [{"Node Type": "Bitmap Index Scan", "Parent Relationship": "Outer", "Index Name": "name_pkey", "Startup Cost": 0.0, "Total Cost": 83157.7, "Plan Rows": 4167490, "Plan Width": 0}]}]}]}]}]}]}, "Unique SQL Id": 2457761703, "Planner Runtime": 50}, "explain_analyze_plan": {"Plan": {"Node Type": "Aggregate", "Strategy": "Plain", "Startup Cost": 1013578.73, "Total Cost": 1013578.74, "Plan Rows": 1, "Plan Width": 97, "Actual Startup Time": 16862.492, "Actual Total Time": 16862.492, "Actual Rows": 1, "Actual Loops": 1, "Plans": [{"Node Type": "Hash Join", "Parent Relationship": "Outer", "Join Type": "Inner", "Startup Cost": 985285.55, "Total Cost": 1011793.24, "Plan Rows": 357098, "Plan Width": 33, "Actual Startup Time": 14323.785, "Actual Total Time": 15724.573, "Actual Rows": 2487611, "Actual Loops": 1, "Inner Unique": false, "Hash Cond": "(a1.person_id = n1.id), (LLVM Optimized, Jit Execute)", "Plans": [{"Node Type": "Bitmap Heap Scan", "Parent Relationship": "Outer", "Relation Name": "aka_name", "Alias": "a1", "Startup Cost": 16632.3, "Total Cost": 36540.72, "Plan Rows": 901342, "Plan Width": 20, "Actual Startup Time": 102.848, "Actual Total Time": 449.182, "Actual Rows": 901342, "Actual Loops": 1, "Exact Heap Blocks": 10895, "Lossy Heap Blocks": 10895, "Plans": [{"Node Type": "Bitmap Index Scan", "Parent Relationship": "Outer", "Index Name": "person_id_aka_name", "Startup Cost": 0.0, "Total Cost": 16406.96, "Plan Rows": 901342, "Plan Width": 0, "Actual Startup Time": 100.9, "Actual Total Time": 100.9, "Actual Rows": 901342, "Actual Loops": 1}]}, {"Node Type": "Hash", "Parent Relationship": "Inner", "Startup Cost": 959772.51, "Total Cost": 959772.51, "Plan Rows": 710459, "Plan Width": 25, "Actual Startup Time": 14215.549, "Actual Total Time": 14215.549, "Actual Rows": 1970658, "Actual Loops": 1, "Hash Buckets": 1048576, "Hash Batches": 1, "Original Hash Batches": 1, "Peak Memory Usage": 112799, "Plans": [{"Node Type": "Hash Join", "Parent Relationship": "Outer", "Join Type": "Inner", "Startup Cost": 607483.06, "Total Cost": 959772.51, "Plan Rows": 710459, "Plan Width": 25, "Actual Startup Time": 10075.48, "Actual Total Time": 13607.521, "Actual Rows": 1970658, "Actual Loops": 1, "Inner Unique": true, "Hash Cond": "(ci.person_id = n1.id), (LLVM Optimized, Jit Execute)", "Plans": [{"Node Type": "Hash Join", "Parent Relationship": "Outer", "Join Type": "Inner", "Startup Cost": 378117.96, "Total Cost": 720638.61, "Plan Rows": 710459, "Plan Width": 21, "Actual Startup Time": 5761.347, "Actual Total Time": 8502.541, "Actual Rows": 1970658, "Actual Loops": 1, "Inner Unique": false, "Hash Cond": "(ci.movie_id = t.id), (LLVM Optimized, Jit Execute)", "Plans": [{"Node Type": "Nested Loop", "Parent Relationship": "Outer", "Join Type": "Inner", "Startup Cost": 76315.02, "Total Cost": 389769.33, "Plan Rows": 3296318, "Plan Width": 8, "Actual Startup Time": 304.881, "Actual Total Time": 1662.16, "Actual Rows": 2728943, "Actual Loops": 1, "Inner Unique": false, "Plans": [{"Node Type": "Bitmap Heap Scan", "Parent Relationship": "Outer", "Relation Name": "role_type", "Alias": "rt", "Startup Cost": 8.31, "Total Cost": 12.46, "Plan Rows": 1, "Plan Width": 4, "Actual Startup Time": 0.09, "Actual Total Time": 0.108, "Actual Rows": 1, "Actual Loops": 1, "Filter": "((role)::text = 'writer'::text)", "Rows Removed by Filter": 11, "Exact Heap Blocks": 1, "Lossy Heap Blocks": 1, "Plans": [{"Node Type": "Bitmap Index Scan", "Parent Relationship": "Outer", "Index Name": "role_type_pkey", "Startup Cost": 0.0, "Total Cost": 8.31, "Plan Rows": 12, "Plan Width": 0, "Actual Startup Time": 0.027, "Actual Total Time": 0.027, "Actual Rows": 12, "Actual Loops": 1}]}, {"Node Type": "Bitmap Heap Scan", "Parent Relationship": "Inner", "Relation Name": "cast_info", "Alias": "ci", "Startup Cost": 76306.71, "Total Cost": 356793.69, "Plan Rows": 3296318, "Plan Width": 12, "Actual Startup Time": 304.767, "Actual Total Time": 1172.992, "Actual Rows": 2728943, "Actual Loops": 1, "Recheck Cond": "(role_id = rt.id), (LLVM Optimized, Jit Execute)", "Rows Removed by Index Recheck": 0, "Exact Heap Blocks": 19177, "Lossy Heap Blocks": 19177, "Plans": [{"Node Type": "Bitmap Index Scan", "Parent Relationship": "Outer", "Index Name": "role_id_cast_info", "Startup Cost": 0.0, "Total Cost": 75482.63, "Plan Rows": 3296318, "Plan Width": 0, "Actual Startup Time": 300.404, "Actual Total Time": 300.404, "Actual Rows": 2728943, "Actual Loops": 1, "Index Cond": "(role_id = rt.id)"}]}]}, {"Node Type": "Hash", "Parent Relationship": "Inner", "Startup Cost": 285774.05, "Total Cost": 285774.05, "Plan Rows": 1282311, "Plan Width": 25, "Actual Startup Time": 5451.33, "Actual Total Time": 5451.33, "Actual Rows": 1153797, "Actual Loops": 1, "Hash Buckets": 2097152, "Hash Batches": 1, "Original Hash Batches": 1, "Peak Memory Usage": 68508, "Plans": [{"Node Type": "Hash Join", "Parent Relationship": "Outer", "Join Type": "Inner", "Startup Cost": 203717.65, "Total Cost": 285774.05, "Plan Rows": 1282311, "Plan Width": 25, "Actual Startup Time": 2726.056, "Actual Total Time": 5015.59, "Actual Rows": 1153797, "Actual Loops": 1, "Inner Unique": true, "Hash Cond": "(mc.movie_id = t.id), (LLVM Optimized, Jit Execute)", "Plans": [{"Node Type": "Hash Join", "Parent Relationship": "Outer", "Join Type": "Inner", "Startup Cost": 61758.77, "Total Cost": 126183.39, "Plan Rows": 1282311, "Plan Width": 4, "Actual Startup Time": 372.339, "Actual Total Time": 2018.516, "Actual Rows": 1153797, "Actual Loops": 1, "Inner Unique": true, "Hash Cond": "(mc.company_id = cn.id), (LLVM Optimized, Jit Execute)", "Plans": [{"Node Type": "Bitmap Heap Scan", "Parent Relationship": "Outer", "Relation Name": "movie_companies", "Alias": "mc", "Startup Cost": 51990.17, "Total Cost": 93807.45, "Plan Rows": 2609128, "Plan Width": 8, "Actual Startup Time": 216.154, "Actual Total Time": 1035.33, "Actual Rows": 2609128, "Actual Loops": 1, "Exact Heap Blocks": 15726, "Lossy Heap Blocks": 15726, "Plans": [{"Node Type": "Bitmap Index Scan", "Parent Relationship": "Outer", "Index Name": "movie_id_movie_companies", "Startup Cost": 0.0, "Total Cost": 51337.89, "Plan Rows": 2609128, "Plan Width": 0, "Actual Startup Time": 212.542, "Actual Total Time": 212.542, "Actual Rows": 2609128, "Actual Loops": 1}]}, {"Node Type": "Hash", "Parent Relationship": "Inner", "Startup Cost": 8703.97, "Total Cost": 8703.97, "Plan Rows": 85170, "Plan Width": 4, "Actual Startup Time": 156.063, "Actual Total Time": 156.063, "Actual Rows": 84843, "Actual Loops": 1, "Hash Buckets": 131072, "Hash Batches": 1, "Original Hash Batches": 1, "Peak Memory Usage": 2983, "Plans": [{"Node Type": "Bitmap Heap Scan", "Parent Relationship": "Outer", "Relation Name": "company_name", "Alias": "cn", "Startup Cost": 2800.52, "Total Cost": 8703.97, "Plan Rows": 85170, "Plan Width": 4, "Actual Startup Time": 20.847, "Actual Total Time": 133.286, "Actual Rows": 84843, "Actual Loops": 1, "Filter": "((country_code)::text = '[us]'::text)", "Rows Removed by Filter": 150153, "Exact Heap Blocks": 2966, "Lossy Heap Blocks": 2966, "Plans": [{"Node Type": "Bitmap Index Scan", "Parent Relationship": "Outer", "Index Name": "company_name_pkey", "Startup Cost": 0.0, "Total Cost": 2779.23, "Plan Rows": 234996, "Plan Width": 0, "Actual Startup Time": 20.364, "Actual Total Time": 20.364, "Actual Rows": 234996, "Actual Loops": 1}]}]}]}, {"Node Type": "Hash", "Parent Relationship": "Inner", "Startup Cost": 110354.99, "Total Cost": 110354.99, "Plan Rows": 2528311, "Plan Width": 21, "Actual Startup Time": 2351.141, "Actual Total Time": 2351.141, "Actual Rows": 2528311, "Actual Loops": 1, "Hash Buckets": 4194304, "Hash Batches": 1, "Original Hash Batches": 1, "Peak Memory Usage": 135869, "Plans": [{"Node Type": "Bitmap Heap Scan", "Parent Relationship": "Outer", "Relation Name": "title", "Alias": "t", "Startup Cost": 50285.88, "Total Cost": 110354.99, "Plan Rows": 2528311, "Plan Width": 21, "Actual Startup Time": 290.426, "Actual Total Time": 1476.245, "Actual Rows": 2528311, "Actual Loops": 1, "Exact Heap Blocks": 34786, "Lossy Heap Blocks": 34786, "Plans": [{"Node Type": "Bitmap Index Scan", "Parent Relationship": "Outer", "Index Name": "title_pkey", "Startup Cost": 0.0, "Total Cost": 49653.81, "Plan Rows": 2528311, "Plan Width": 0, "Actual Startup Time": 282.417, "Actual Total Time": 282.417, "Actual Rows": 2528311, "Actual Loops": 1}]}]}]}]}]}, {"Node Type": "Hash", "Parent Relationship": "Inner", "Startup Cost": 177271.47, "Total Cost": 177271.47, "Plan Rows": 4167490, "Plan Width": 4, "Actual Startup Time": 4311.571, "Actual Total Time": 4311.571, "Actual Rows": 4167490, "Actual Loops": 1, "Hash Buckets": 4194304, "Hash Batches": 1, "Original Hash Batches": 1, "Peak Memory Usage": 146514, "Plans": [{"Node Type": "Bitmap Heap Scan", "Parent Relationship": "Outer", "Relation Name": "name", "Alias": "n1", "Startup Cost": 84199.57, "Total Cost": 177271.47, "Plan Rows": 4167490, "Plan Width": 4, "Actual Startup Time": 546.808, "Actual Total Time": 2370.146, "Actual Rows": 4167490, "Actual Loops": 1, "Exact Heap Blocks": 51397, "Lossy Heap Blocks": 51397, "Plans": [{"Node Type": "Bitmap Index Scan", "Parent Relationship": "Outer", "Index Name": "name_pkey", "Startup Cost": 0.0, "Total Cost": 83157.7, "Plan Rows": 4167490, "Plan Width": 0, "Actual Startup Time": 534.683, "Actual Total Time": 534.683, "Actual Rows": 4167490, "Actual Loops": 1}]}]}]}]}]}]}, "Triggers": [], "Planner Runtime": 49, "Total Runtime": 16879.015, "Unique SQL Id": 2457761703}}, "(64, 36)": {"explain_plan": {"Plan": {"Node Type": "Aggregate", "Strategy": "Plain", "Startup Cost": 528738.29, "Total Cost": 528738.3, "Plan Rows": 1, "Plan Width": 97, "Plans": [{"Node Type": "Hash Join", "Parent Relationship": "Outer", "Join Type": "Inner", "Startup Cost": 336662.4, "Total Cost": 526952.8, "Plan Rows": 357098, "Plan Width": 33, "Inner Unique": true, "Hash Cond": "(mc.company_id = cn.id), (LLVM Optimized)", "Plans": [{"Node Type": "Hash Join", "Parent Relationship": "Outer", "Join Type": "Inner", "Startup Cost": 329694.33, "Total Cost": 513689.03, "Plan Rows": 726589, "Plan Width": 37, "Inner Unique": false, "Hash Cond": "(ci.movie_id = t.id), (LLVM Optimized)", "Plans": [{"Node Type": "Streaming(type: LOCAL GATHER dop: 1/64)", "Parent Relationship": "Outer", "Startup Cost": 254738.78, "Total Cost": 417857.9, "Plan Rows": 1484588, "Plan Width": 20, "Plans": [{"Node Type": "Hash Join", "Parent Relationship": "Outer", "Join Type": "Inner", "Startup Cost": 254738.78, "Total Cost": 387231.02, "Plan Rows": 1484588, "Plan Width": 20, "Inner Unique": false, "Hash Cond": "(a1.person_id = ci.person_id), (LLVM Optimized)", "Plans": [{"Node Type": "Streaming(type: LOCAL REDISTRIBUTE dop: 64/1)", "Parent Relationship": "Outer", "Startup Cost": 202522.7, "Total Cost": 334446.0, "Plan Rows": 901342, "Plan Width": 24, "Plans": [{"Node Type": "Hash Join", "Parent Relationship": "Outer", "Join Type": "Inner", "Startup Cost": 202522.7, "Total Cost": 234824.58, "Plan Rows": 901342, "Plan Width": 24, "Inner Unique": true, "Hash Cond": "(a1.person_id = n1.id), (LLVM Optimized)", "Plans": [{"Node Type": "Seq Scan", "Parent Relationship": "Outer", "Relation Name": "aka_name", "Alias": "a1", "Startup Cost": 0.0, "Total Cost": 19908.42, "Plan Rows": 901342, "Plan Width": 20}, {"Node Type": "Hash", "Parent Relationship": "Inner", "Startup Cost": 150429.08, "Total Cost": 150429.08, "Plan Rows": 4167490, "Plan Width": 4, "Plans": [{"Node Type": "Streaming(type: LOCAL GATHER dop: 1/64)", "Parent Relationship": "Outer", "Startup Cost": 0.0, "Total Cost": 150429.08, "Plan Rows": 4167490, "Plan Width": 4, "Plans": [{"Node Type": "Seq Scan", "Parent Relationship": "Outer", "Relation Name": "name", "Alias": "n1", "Startup Cost": 0.0, "Total Cost": 64454.25, "Plan Rows": 4167490, "Plan Width": 4}]}]}]}]}, {"Node Type": "Hash", "Parent Relationship": "Inner", "Startup Cost": 203464.29, "Total Cost": 203464.29, "Plan Rows": 3296318, "Plan Width": 8, "Plans": [{"Node Type": "Streaming(type: LOCAL REDISTRIBUTE dop: 64/64)", "Parent Relationship": "Outer", "Startup Cost": 63002.48, "Total Cost": 203464.29, "Plan Rows": 3296318, "Plan Width": 8, "Plans": [{"Node Type": "Hash Join", "Parent Relationship": "Outer", "Join Type": "Inner", "Startup Cost": 63002.48, "Total Cost": 137341.8, "Plan Rows": 3296318, "Plan Width": 8, "Inner Unique": true, "Hash Cond": "(ci.role_id = rt.id), (LLVM Optimized)", "Plans": [{"Node Type": "Seq Scan", "Parent Relationship": "Outer", "Relation Name": "cast_info", "Alias": "ci", "Startup Cost": 0.0, "Total Cost": 72404.34, "Plan Rows": 36259494, "Plan Width": 12}, {"Node Type": "Hash", "Parent Relationship": "Inner", "Startup Cost": 63002.47, "Total Cost": 63002.47, "Plan Rows": 64, "Plan Width": 4, "Plans": [{"Node Type": "Streaming(type: BROADCAST dop: 64/1)", "Parent Relationship": "Outer", "Startup Cost": 0.0, "Total Cost": 63002.47, "Plan Rows": 64, "Plan Width": 4, "Plans": [{"Node Type": "Seq Scan", "Parent Relationship": "Outer", "Relation Name": "role_type", "Alias": "rt", "Startup Cost": 0.0, "Total Cost": 1.15, "Plan Rows": 1, "Plan Width": 4, "Filter": "((role)::text = 'writer'::text)"}]}]}]}]}]}]}]}, {"Node Type": "Hash", "Parent Relationship": "Inner", "Startup Cost": 169365.79, "Total Cost": 169365.79, "Plan Rows": 2609128, "Plan Width": 29, "Plans": [{"Node Type": "Hash Join", "Parent Relationship": "Outer", "Join Type": "Inner", "Startup Cost": 91673.0, "Total Cost": 169365.79, "Plan Rows": 2609128, "Plan Width": 29, "Inner Unique": true, "Hash Cond": "(mc.movie_id = t.id), (LLVM Optimized)", "Plans": [{"Node Type": "Seq Scan", "Parent Relationship": "Outer", "Relation Name": "movie_companies", "Alias": "mc", "Startup Cost": 0.0, "Total Cost": 41817.28, "Plan Rows": 2609128, "Plan Width": 8}, {"Node Type": "Hash", "Parent Relationship": "Inner", "Startup Cost": 60069.11, "Total Cost": 60069.11, "Plan Rows": 2528311, "Plan Width": 21, "Plans": [{"Node Type": "Seq Scan", "Parent Relationship": "Outer", "Relation Name": "title", "Alias": "t", "Startup Cost": 0.0, "Total Cost": 60069.11, "Plan Rows": 2528311, "Plan Width": 21}]}]}]}]}, {"Node Type": "Hash", "Parent Relationship": "Inner", "Startup Cost": 5903.45, "Total Cost": 5903.45, "Plan Rows": 85170, "Plan Width": 4, "Plans": [{"Node Type": "Seq Scan", "Parent Relationship": "Outer", "Relation Name": "company_name", "Alias": "cn", "Startup Cost": 0.0, "Total Cost": 5903.45, "Plan Rows": 85170, "Plan Width": 4, "Filter": "((country_code)::text = '[us]'::text)"}]}]}]}, "Unique SQL Id": 2457761703, "Planner Runtime": 166}, "explain_analyze_plan": {"Plan": {"Node Type": "Aggregate", "Strategy": "Plain", "Startup Cost": 528738.29, "Total Cost": 528738.3, "Plan Rows": 1, "Plan Width": 97, "Actual Min Startup Time": 10653.339, "Actual Max Startup Time": 10653.339, "Actual Min Total Time": 10653.34, "Actual Max Total Time": 10653.34, "Plans": [{"Node Type": "Hash Join", "Parent Relationship": "Outer", "Join Type": "Inner", "Startup Cost": 336662.4, "Total Cost": 526952.8, "Plan Rows": 357098, "Plan Width": 33, "Actual Min Startup Time": 5045.785, "Actual Max Startup Time": 5045.785, "Actual Min Total Time": 9470.761, "Actual Max Total Time": 9470.761, "Inner Unique": true, "Hash Cond": "(mc.company_id = cn.id), (LLVM Optimized, Jit Execute)", "Plans": [{"Node Type": "Hash Join", "Parent Relationship": "Outer", "Join Type": "Inner", "Startup Cost": 329694.33, "Total Cost": 513689.03, "Plan Rows": 726589, "Plan Width": 37, "Actual Min Startup Time": 4932.473, "Actual Max Startup Time": 4932.473, "Actual Min Total Time": 8014.504, "Actual Max Total Time": 8014.504, "Inner Unique": false, "Hash Cond": "(ci.movie_id = t.id), (LLVM Optimized, Jit Execute)", "Plans": [{"Node Type": "Streaming(type: LOCAL GATHER dop: 1/64)", "Parent Relationship": "Outer", "Startup Cost": 254738.78, "Total Cost": 417857.9, "Plan Rows": 1484588, "Plan Width": 20, "Actual Min Startup Time": 0.149, "Actual Max Startup Time": 0.149, "Actual Min Total Time": 1136.935, "Actual Max Total Time": 1136.935, "Plans": [{"Node Type": "Hash Join", "Parent Relationship": "Outer", "Join Type": "Inner", "Startup Cost": 254738.78, "Total Cost": 387231.02, "Plan Rows": 1484588, "Plan Width": 20, "Actual Min Startup Time": 2400.847, "Actual Max Startup Time": 4561.54, "Actual Min Total Time": 6405.607, "Actual Max Total Time": 9204.271, "Inner Unique": false, "Hash Cond": "(a1.person_id = ci.person_id), (LLVM Optimized, Jit Execute)", "Plans": [{"Node Type": "Streaming(type: LOCAL REDISTRIBUTE dop: 64/1)", "Parent Relationship": "Outer", "Startup Cost": 202522.7, "Total Cost": 334446.0, "Plan Rows": 901342, "Plan Width": 24, "Actual Min Startup Time": 2082.179, "Actual Max Startup Time": 4189.143, "Actual Min Total Time": 5973.318, "Actual Max Total Time": 8689.53, "Plans": [{"Node Type": "Hash Join", "Parent Relationship": "Outer", "Join Type": "Inner", "Startup Cost": 202522.7, "Total Cost": 234824.58, "Plan Rows": 901342, "Plan Width": 24, "Actual Min Startup Time": 2391.386, "Actual Max Startup Time": 2391.386, "Actual Min Total Time": 3134.379, "Actual Max Total Time": 3134.379, "Inner Unique": true, "Hash Cond": "(a1.person_id = n1.id), (LLVM Optimized, Jit Execute)", "Plans": [{"Node Type": "Seq Scan", "Parent Relationship": "Outer", "Relation Name": "aka_name", "Alias": "a1", "Startup Cost": 0.0, "Total Cost": 19908.42, "Plan Rows": 901342, "Plan Width": 20, "Actual Min Startup Time": 0.031, "Actual Max Startup Time": 0.031, "Actual Min Total Time": 226.0, "Actual Max Total Time": 226.0, "Actual Rows": 901342}, {"Node Type": "Hash", "Parent Relationship": "Inner", "Startup Cost": 150429.08, "Total Cost": 150429.08, "Plan Rows": 4167490, "Plan Width": 4, "Actual Min Startup Time": 2388.72, "Actual Max Startup Time": 2388.72, "Actual Min Total Time": 2388.72, "Actual Max Total Time": 2388.72, "Max Hash Buckets": 4194304, "Min Hash Buckets": 4194304, "Max Hash Batches": 1, "Min Hash Batches": 1, "Max Original Hash Batches": 1, "Min Original Hash Batches": 1, "Max Peak Memory Usage": 146514, "min Peak Memory Usage": 146514, "Plans": [{"Node Type": "Streaming(type: LOCAL GATHER dop: 1/64)", "Parent Relationship": "Outer", "Startup Cost": 0.0, "Total Cost": 150429.08, "Plan Rows": 4167490, "Plan Width": 4, "Actual Min Startup Time": 0.144, "Actual Max Startup Time": 0.144, "Actual Min Total Time": 1203.473, "Actual Max Total Time": 1203.473, "Plans": [{"Node Type": "Seq Scan", "Parent Relationship": "Outer", "Relation Name": "name", "Alias": "n1", "Startup Cost": 0.0, "Total Cost": 64454.25, "Plan Rows": 4167490, "Plan Width": 4, "Actual Min Startup Time": 0.019, "Actual Max Startup Time": 0.041, "Actual Min Total Time": 18.918, "Actual Max Total Time": 22.367, "Actual Rows": 4167490}], "Actual Rows": 4167490}], "Actual Rows": 4167490}], "Actual Rows": 901342}], "Actual Rows": 901342}, {"Node Type": "Hash", "Parent Relationship": "Inner", "Startup Cost": 203464.29, "Total Cost": 203464.29, "Plan Rows": 3296318, "Plan Width": 8, "Actual Min Startup Time": 314.974, "Actual Max Startup Time": 620.859, "Actual Min Total Time": 314.974, "Actual Max Total Time": 620.859, "Max Hash Buckets": 65536, "Min Hash Buckets": 65536, "Max Hash Batches": 1, "Min Hash Batches": 1, "Max Original Hash Batches": 1, "Min Original Hash Batches": 1, "Max Peak Memory Usage": 1483, "min Peak Memory Usage": 1483, "Plans": [{"Node Type": "Streaming(type: LOCAL REDISTRIBUTE dop: 64/64)", "Parent Relationship": "Outer", "Startup Cost": 63002.48, "Total Cost": 203464.29, "Plan Rows": 3296318, "Plan Width": 8, "Actual Min Startup Time": 0.106, "Actual Max Startup Time": 297.598, "Actual Min Total Time": 304.117, "Actual Max Total Time": 610.951, "Plans": [{"Node Type": "Hash Join", "Parent Relationship": "Outer", "Join Type": "Inner", "Startup Cost": 63002.48, "Total Cost": 137341.8, "Plan Rows": 3296318, "Plan Width": 8, "Actual Min Startup Time": 151.808, "Actual Max Startup Time": 321.453, "Actual Min Total Time": 242.856, "Actual Max Total Time": 411.34, "Inner Unique": true, "Hash Cond": "(ci.role_id = rt.id), (LLVM Optimized, Jit Execute)", "Plans": [{"Node Type": "Seq Scan", "Parent Relationship": "Outer", "Relation Name": "cast_info", "Alias": "ci", "Startup Cost": 0.0, "Total Cost": 72404.34, "Plan Rows": 36259494, "Plan Width": 12, "Actual Min Startup Time": 0.025, "Actual Max Startup Time": 9.439, "Actual Min Total Time": 127.377, "Actual Max Total Time": 144.233, "Actual Rows": 36244343}, {"Node Type": "Hash", "Parent Relationship": "Inner", "Startup Cost": 63002.47, "Total Cost": 63002.47, "Plan Rows": 64, "Plan Width": 4, "Actual Min Startup Time": 0.011, "Actual Max Startup Time": 159.839, "Actual Min Total Time": 0.011, "Actual Max Total Time": 159.839, "Max Hash Buckets": 32768, "Min Hash Buckets": 32768, "Max Hash Batches": 1, "Min Hash Batches": 1, "Max Original Hash Batches": 1, "Min Original Hash Batches": 1, "Max Peak Memory Usage": 1, "min Peak Memory Usage": 1, "Plans": [{"Node Type": "Streaming(type: BROADCAST dop: 64/1)", "Parent Relationship": "Outer", "Startup Cost": 0.0, "Total Cost": 63002.47, "Plan Rows": 64, "Plan Width": 4, "Actual Min Startup Time": 0.003, "Actual Max Startup Time": 159.19, "Actual Min Total Time": 0.003, "Actual Max Total Time": 159.194, "Plans": [{"Node Type": "Seq Scan", "Parent Relationship": "Outer", "Relation Name": "role_type", "Alias": "rt", "Startup Cost": 0.0, "Total Cost": 1.15, "Plan Rows": 1, "Plan Width": 4, "Actual Min Startup Time": 0.04, "Actual Max Startup Time": 0.04, "Actual Min Total Time": 0.044, "Actual Max Total Time": 0.044, "Filter": "((role)::text = 'writer'::text)", "Rows Removed by Filter": 11, "Actual Rows": 1}], "Actual Rows": 64}], "Actual Rows": 64}], "Actual Rows": 2728943}], "Actual Rows": 2728943}], "Actual Rows": 2728943}], "Actual Rows": 2343724}], "Actual Rows": 2343724}, {"Node Type": "Hash", "Parent Relationship": "Inner", "Startup Cost": 169365.79, "Total Cost": 169365.79, "Plan Rows": 2609128, "Plan Width": 29, "Actual Min Startup Time": 4926.029, "Actual Max Startup Time": 4926.029, "Actual Min Total Time": 4926.029, "Actual Max Total Time": 4926.029, "Max Hash Buckets": 4194304, "Min Hash Buckets": 4194304, "Max Hash Batches": 1, "Min Hash Batches": 1, "Max Original Hash Batches": 1, "Min Original Hash Batches": 1, "Max Peak Memory Usage": 164769, "min Peak Memory Usage": 164769, "Plans": [{"Node Type": "Hash Join", "Parent Relationship": "Outer", "Join Type": "Inner", "Startup Cost": 91673.0, "Total Cost": 169365.79, "Plan Rows": 2609128, "Plan Width": 29, "Actual Min Startup Time": 1869.664, "Actual Max Startup Time": 1869.664, "Actual Min Total Time": 3974.511, "Actual Max Total Time": 3974.511, "Inner Unique": true, "Hash Cond": "(mc.movie_id = t.id), (LLVM Optimized, Jit Execute)", "Plans": [{"Node Type": "Seq Scan", "Parent Relationship": "Outer", "Relation Name": "movie_companies", "Alias": "mc", "Startup Cost": 0.0, "Total Cost": 41817.28, "Plan Rows": 2609128, "Plan Width": 8, "Actual Min Startup Time": 0.034, "Actual Max Startup Time": 0.034, "Actual Min Total Time": 573.13, "Actual Max Total Time": 573.13, "Actual Rows": 2609128}, {"Node Type": "Hash", "Parent Relationship": "Inner", "Startup Cost": 60069.11, "Total Cost": 60069.11, "Plan Rows": 2528311, "Plan Width": 21, "Actual Min Startup Time": 1867.154, "Actual Max Startup Time": 1867.154, "Actual Min Total Time": 1867.154, "Actual Max Total Time": 1867.154, "Max Hash Buckets": 4194304, "Min Hash Buckets": 4194304, "Max Hash Batches": 1, "Min Hash Batches": 1, "Max Original Hash Batches": 1, "Min Original Hash Batches": 1, "Max Peak Memory Usage": 135869, "min Peak Memory Usage": 135869, "Plans": [{"Node Type": "Seq Scan", "Parent Relationship": "Outer", "Relation Name": "title", "Alias": "t", "Startup Cost": 0.0, "Total Cost": 60069.11, "Plan Rows": 2528311, "Plan Width": 21, "Actual Min Startup Time": 0.025, "Actual Max Startup Time": 0.025, "Actual Min Total Time": 832.832, "Actual Max Total Time": 832.832, "Actual Rows": 2528311}], "Actual Rows": 2528311}], "Actual Rows": 2609128}], "Actual Rows": 2609128}], "Actual Rows": 4961427}, {"Node Type": "Hash", "Parent Relationship": "Inner", "Startup Cost": 5903.45, "Total Cost": 5903.45, "Plan Rows": 85170, "Plan Width": 4, "Actual Min Startup Time": 113.153, "Actual Max Startup Time": 113.153, "Actual Min Total Time": 113.153, "Actual Max Total Time": 113.153, "Max Hash Buckets": 131072, "Min Hash Buckets": 131072, "Max Hash Batches": 1, "Min Hash Batches": 1, "Max Original Hash Batches": 1, "Min Original Hash Batches": 1, "Max Peak Memory Usage": 2983, "min Peak Memory Usage": 2983, "Plans": [{"Node Type": "Seq Scan", "Parent Relationship": "Outer", "Relation Name": "company_name", "Alias": "cn", "Startup Cost": 0.0, "Total Cost": 5903.45, "Plan Rows": 85170, "Plan Width": 4, "Actual Min Startup Time": 0.07, "Actual Max Startup Time": 0.07, "Actual Min Total Time": 89.97, "Actual Max Total Time": 89.97, "Filter": "((country_code)::text = '[us]'::text)", "Rows Removed by Filter": 150153, "Actual Rows": 84843}], "Actual Rows": 84843}], "Actual Rows": 2487611}], "Actual Rows": 1}, "Triggers": [], "Planner Runtime": 172, "Total Runtime": 10708.533, "Unique SQL Id": 2457761703}}, "(64, 37)": {"explain_plan": {"Plan": {"Node Type": "Aggregate", "Strategy": "Plain", "Startup Cost": 760424.56, "Total Cost": 760424.57, "Plan Rows": 1, "Plan Width": 97, "Plans": [{"Node Type": "Hash Join", "Parent Relationship": "Outer", "Join Type": "Inner", "Startup Cost": 731743.89, "Total Cost": 758639.07, "Plan Rows": 357098, "Plan Width": 33, "Inner Unique": false, "Hash Cond": "(a1.person_id = n1.id), (LLVM Optimized)", "Plans": [{"Node Type": "Bitmap Heap Scan", "Parent Relationship": "Outer", "Relation Name": "aka_name", "Alias": "a1", "Startup Cost": 16632.3, "Total Cost": 36540.72, "Plan Rows": 901342, "Plan Width": 20, "Plans": [{"Node Type": "Bitmap Index Scan", "Parent Relationship": "Outer", "Index Name": "person_id_aka_name", "Startup Cost": 0.0, "Total Cost": 16406.96, "Plan Rows": 901342, "Plan Width": 0}]}, {"Node Type": "Hash", "Parent Relationship": "Inner", "Startup Cost": 706230.86, "Total Cost": 706230.86, "Plan Rows": 710459, "Plan Width": 25, "Plans": [{"Node Type": "Nested Loop", "Parent Relationship": "Outer", "Join Type": "Inner", "Startup Cost": 301568.43, "Total Cost": 706230.86, "Plan Rows": 710459, "Plan Width": 25, "Inner Unique": true, "Plans": [{"Node Type": "Hash Join", "Parent Relationship": "Outer", "Join Type": "Inner", "Startup Cost": 301568.43, "Total Cost": 502053.02, "Plan Rows": 710459, "Plan Width": 21, "Inner Unique": false, "Hash Cond": "(ci.movie_id = t.id), (LLVM Optimized)", "Plans": [{"Node Type": "Nested Loop", "Parent Relationship": "Outer", "Join Type": "Inner", "Startup Cost": 0.0, "Total Cost": 171418.25, "Plan Rows": 3296318, "Plan Width": 8, "Inner Unique": false, "Plans": [{"Node Type": "Index Scan", "Parent Relationship": "Outer", "Scan Direction": "Forward", "Index Name": "role_type_pkey", "Relation Name": "role_type", "Alias": "rt", "Startup Cost": 0.0, "Total Cost": 12.46, "Plan Rows": 1, "Plan Width": 4, "Filter": "((role)::text = 'writer'::text)"}, {"Node Type": "Index Scan", "Parent Relationship": "Inner", "Scan Direction": "Forward", "Index Name": "role_id_cast_info", "Relation Name": "cast_info", "Alias": "ci", "Startup Cost": 0.0, "Total Cost": 138442.61, "Plan Rows": 3296318, "Plan Width": 12, "Index Cond": "(role_id = rt.id), (LLVM Optimized)"}]}, {"Node Type": "Hash", "Parent Relationship": "Inner", "Startup Cost": 285539.54, "Total Cost": 285539.54, "Plan Rows": 1282311, "Plan Width": 25, "Plans": [{"Node Type": "Hash Join", "Parent Relationship": "Outer", "Join Type": "Inner", "Startup Cost": 203483.15, "Total Cost": 285539.54, "Plan Rows": 1282311, "Plan Width": 25, "Inner Unique": true, "Hash Cond": "(mc.movie_id = t.id), (LLVM Optimized)", "Plans": [{"Node Type": "Hash Join", "Parent Relationship": "Outer", "Join Type": "Inner", "Startup Cost": 61758.77, "Total Cost": 126183.39, "Plan Rows": 1282311, "Plan Width": 4, "Inner Unique": true, "Hash Cond": "(mc.company_id = cn.id), (LLVM Optimized)", "Plans": [{"Node Type": "Bitmap Heap Scan", "Parent Relationship": "Outer", "Relation Name": "movie_companies", "Alias": "mc", "Startup Cost": 51990.17, "Total Cost": 93807.45, "Plan Rows": 2609128, "Plan Width": 8, "Plans": [{"Node Type": "Bitmap Index Scan", "Parent Relationship": "Outer", "Index Name": "movie_id_movie_companies", "Startup Cost": 0.0, "Total Cost": 51337.89, "Plan Rows": 2609128, "Plan Width": 0}]}, {"Node Type": "Hash", "Parent Relationship": "Inner", "Startup Cost": 8703.97, "Total Cost": 8703.97, "Plan Rows": 85170, "Plan Width": 4, "Plans": [{"Node Type": "Bitmap Heap Scan", "Parent Relationship": "Outer", "Relation Name": "company_name", "Alias": "cn", "Startup Cost": 2800.52, "Total Cost": 8703.97, "Plan Rows": 85170, "Plan Width": 4, "Filter": "((country_code)::text = '[us]'::text)", "Plans": [{"Node Type": "Bitmap Index Scan", "Parent Relationship": "Outer", "Index Name": "company_name_pkey", "Startup Cost": 0.0, "Total Cost": 2779.23, "Plan Rows": 234996, "Plan Width": 0}]}]}]}, {"Node Type": "Hash", "Parent Relationship": "Inner", "Startup Cost": 110120.49, "Total Cost": 110120.49, "Plan Rows": 2528311, "Plan Width": 21, "Plans": [{"Node Type": "Index Scan", "Parent Relationship": "Outer", "Scan Direction": "Forward", "Index Name": "title_pkey", "Relation Name": "title", "Alias": "t", "Startup Cost": 0.0, "Total Cost": 110120.49, "Plan Rows": 2528311, "Plan Width": 21}]}]}]}]}, {"Node Type": "Index Scan", "Parent Relationship": "Inner", "Scan Direction": "Forward", "Index Name": "name_pkey", "Relation Name": "name", "Alias": "n1", "Startup Cost": 0.0, "Total Cost": 0.28, "Plan Rows": 1, "Plan Width": 4, "Index Cond": "(id = ci.person_id)"}]}]}]}]}, "Unique SQL Id": 2457761703, "Planner Runtime": 119}, "explain_analyze_plan": {"Plan": {"Node Type": "Aggregate", "Strategy": "Plain", "Startup Cost": 760424.56, "Total Cost": 760424.57, "Plan Rows": 1, "Plan Width": 97, "Actual Startup Time": 21451.966, "Actual Total Time": 21451.966, "Actual Rows": 1, "Actual Loops": 1, "Plans": [{"Node Type": "Hash Join", "Parent Relationship": "Outer", "Join Type": "Inner", "Startup Cost": 731743.89, "Total Cost": 758639.07, "Plan Rows": 357098, "Plan Width": 33, "Actual Startup Time": 19075.086, "Actual Total Time": 20324.994, "Actual Rows": 2487611, "Actual Loops": 1, "Inner Unique": false, "Hash Cond": "(a1.person_id = n1.id), (LLVM Optimized, Jit Execute)", "Plans": [{"Node Type": "Bitmap Heap Scan", "Parent Relationship": "Outer", "Relation Name": "aka_name", "Alias": "a1", "Startup Cost": 16632.3, "Total Cost": 36540.72, "Plan Rows": 901342, "Plan Width": 20, "Actual Startup Time": 87.631, "Actual Total Time": 415.362, "Actual Rows": 901342, "Actual Loops": 1, "Exact Heap Blocks": 10895, "Lossy Heap Blocks": 10895, "Plans": [{"Node Type": "Bitmap Index Scan", "Parent Relationship": "Outer", "Index Name": "person_id_aka_name", "Startup Cost": 0.0, "Total Cost": 16406.96, "Plan Rows": 901342, "Plan Width": 0, "Actual Startup Time": 85.687, "Actual Total Time": 85.687, "Actual Rows": 901342, "Actual Loops": 1}]}, {"Node Type": "Hash", "Parent Relationship": "Inner", "Startup Cost": 706230.86, "Total Cost": 706230.86, "Plan Rows": 710459, "Plan Width": 25, "Actual Startup Time": 18986.686, "Actual Total Time": 18986.686, "Actual Rows": 1970658, "Actual Loops": 1, "Hash Buckets": 1048576, "Hash Batches": 1, "Original Hash Batches": 1, "Peak Memory Usage": 112799, "Plans": [{"Node Type": "Nested Loop", "Parent Relationship": "Outer", "Join Type": "Inner", "Startup Cost": 301568.43, "Total Cost": 706230.86, "Plan Rows": 710459, "Plan Width": 25, "Actual Startup Time": 7638.207, "Actual Total Time": 18192.384, "Actual Rows": 1970658, "Actual Loops": 1, "Inner Unique": true, "Plans": [{"Node Type": "Hash Join", "Parent Relationship": "Outer", "Join Type": "Inner", "Startup Cost": 301568.43, "Total Cost": 502053.02, "Plan Rows": 710459, "Plan Width": 21, "Actual Startup Time": 7638.1, "Actual Total Time": 11156.141, "Actual Rows": 1970658, "Actual Loops": 1, "Inner Unique": false, "Hash Cond": "(ci.movie_id = t.id), (LLVM Optimized, Jit Execute)", "Plans": [{"Node Type": "Nested Loop", "Parent Relationship": "Outer", "Join Type": "Inner", "Startup Cost": 0.0, "Total Cost": 171418.25, "Plan Rows": 3296318, "Plan Width": 8, "Actual Startup Time": 0.093, "Actual Total Time": 1925.334, "Actual Rows": 2728943, "Actual Loops": 1, "Inner Unique": false, "Plans": [{"Node Type": "Index Scan", "Parent Relationship": "Outer", "Scan Direction": "Forward", "Index Name": "role_type_pkey", "Relation Name": "role_type", "Alias": "rt", "Startup Cost": 0.0, "Total Cost": 12.46, "Plan Rows": 1, "Plan Width": 4, "Actual Startup Time": 0.039, "Actual Total Time": 0.124, "Actual Rows": 1, "Actual Loops": 1, "Filter": "((role)::text = 'writer'::text)", "Rows Removed by Filter": 11}, {"Node Type": "Index Scan", "Parent Relationship": "Inner", "Scan Direction": "Forward", "Index Name": "role_id_cast_info", "Relation Name": "cast_info", "Alias": "ci", "Startup Cost": 0.0, "Total Cost": 138442.61, "Plan Rows": 3296318, "Plan Width": 12, "Actual Startup Time": 0.043, "Actual Total Time": 1377.599, "Actual Rows": 2728943, "Actual Loops": 1, "Index Cond": "(role_id = rt.id), (LLVM Optimized, Jit Execute)", "Rows Removed by Index Recheck": 0}]}, {"Node Type": "Hash", "Parent Relationship": "Inner", "Startup Cost": 285539.54, "Total Cost": 285539.54, "Plan Rows": 1282311, "Plan Width": 25, "Actual Startup Time": 7632.452, "Actual Total Time": 7632.452, "Actual Rows": 1153797, "Actual Loops": 1, "Hash Buckets": 2097152, "Hash Batches": 1, "Original Hash Batches": 1, "Peak Memory Usage": 68508, "Plans": [{"Node Type": "Hash Join", "Parent Relationship": "Outer", "Join Type": "Inner", "Startup Cost": 203483.15, "Total Cost": 285539.54, "Plan Rows": 1282311, "Plan Width": 25, "Actual Startup Time": 4862.341, "Actual Total Time": 7195.507, "Actual Rows": 1153797, "Actual Loops": 1, "Inner Unique": true, "Hash Cond": "(mc.movie_id = t.id), (LLVM Optimized, Jit Execute)", "Plans": [{"Node Type": "Hash Join", "Parent Relationship": "Outer", "Join Type": "Inner", "Startup Cost": 61758.77, "Total Cost": 126183.39, "Plan Rows": 1282311, "Plan Width": 4, "Actual Startup Time": 406.764, "Actual Total Time": 2043.955, "Actual Rows": 1153797, "Actual Loops": 1, "Inner Unique": true, "Hash Cond": "(mc.company_id = cn.id), (LLVM Optimized, Jit Execute)", "Plans": [{"Node Type": "Bitmap Heap Scan", "Parent Relationship": "Outer", "Relation Name": "movie_companies", "Alias": "mc", "Startup Cost": 51990.17, "Total Cost": 93807.45, "Plan Rows": 2609128, "Plan Width": 8, "Actual Startup Time": 217.941, "Actual Total Time": 1032.431, "Actual Rows": 2609128, "Actual Loops": 1, "Exact Heap Blocks": 15726, "Lossy Heap Blocks": 15726, "Plans": [{"Node Type": "Bitmap Index Scan", "Parent Relationship": "Outer", "Index Name": "movie_id_movie_companies", "Startup Cost": 0.0, "Total Cost": 51337.89, "Plan Rows": 2609128, "Plan Width": 0, "Actual Startup Time": 214.293, "Actual Total Time": 214.293, "Actual Rows": 2609128, "Actual Loops": 1}]}, {"Node Type": "Hash", "Parent Relationship": "Inner", "Startup Cost": 8703.97, "Total Cost": 8703.97, "Plan Rows": 85170, "Plan Width": 4, "Actual Startup Time": 188.701, "Actual Total Time": 188.701, "Actual Rows": 84843, "Actual Loops": 1, "Hash Buckets": 131072, "Hash Batches": 1, "Original Hash Batches": 1, "Peak Memory Usage": 2983, "Plans": [{"Node Type": "Bitmap Heap Scan", "Parent Relationship": "Outer", "Relation Name": "company_name", "Alias": "cn", "Startup Cost": 2800.52, "Total Cost": 8703.97, "Plan Rows": 85170, "Plan Width": 4, "Actual Startup Time": 23.144, "Actual Total Time": 166.77, "Actual Rows": 84843, "Actual Loops": 1, "Filter": "((country_code)::text = '[us]'::text)", "Rows Removed by Filter": 150153, "Exact Heap Blocks": 2966, "Lossy Heap Blocks": 2966, "Plans": [{"Node Type": "Bitmap Index Scan", "Parent Relationship": "Outer", "Index Name": "company_name_pkey", "Startup Cost": 0.0, "Total Cost": 2779.23, "Plan Rows": 234996, "Plan Width": 0, "Actual Startup Time": 22.665, "Actual Total Time": 22.665, "Actual Rows": 234996, "Actual Loops": 1}]}]}]}, {"Node Type": "Hash", "Parent Relationship": "Inner", "Startup Cost": 110120.49, "Total Cost": 110120.49, "Plan Rows": 2528311, "Plan Width": 21, "Actual Startup Time": 4452.99, "Actual Total Time": 4452.99, "Actual Rows": 2528311, "Actual Loops": 1, "Hash Buckets": 4194304, "Hash Batches": 1, "Original Hash Batches": 1, "Peak Memory Usage": 135869, "Plans": [{"Node Type": "Index Scan", "Parent Relationship": "Outer", "Scan Direction": "Forward", "Index Name": "title_pkey", "Relation Name": "title", "Alias": "t", "Startup Cost": 0.0, "Total Cost": 110120.49, "Plan Rows": 2528311, "Plan Width": 21, "Actual Startup Time": 0.041, "Actual Total Time": 3166.458, "Actual Rows": 2528311, "Actual Loops": 1}]}]}]}]}, {"Node Type": "Index Scan", "Parent Relationship": "Inner", "Scan Direction": "Forward", "Index Name": "name_pkey", "Relation Name": "name", "Alias": "n1", "Startup Cost": 0.0, "Total Cost": 0.28, "Plan Rows": 1, "Plan Width": 4, "Actual Startup Time": 5516.037, "Actual Total Time": 5516.037, "Actual Rows": 1970658, "Actual Loops": 1970658, "Index Cond": "(id = ci.person_id)", "Rows Removed by Index Recheck": 0}]}]}]}]}, "Triggers": [], "Planner Runtime": 119, "Total Runtime": 21466.88, "Unique SQL Id": 2457761703}}, "(64, 38)": {"explain_plan": {"Plan": {"Node Type": "Aggregate", "Strategy": "Plain", "Startup Cost": 528738.29, "Total Cost": 528738.3, "Plan Rows": 1, "Plan Width": 97, "Plans": [{"Node Type": "Hash Join", "Parent Relationship": "Outer", "Join Type": "Inner", "Startup Cost": 336662.4, "Total Cost": 526952.8, "Plan Rows": 357098, "Plan Width": 33, "Inner Unique": true, "Hash Cond": "(mc.company_id = cn.id), (LLVM Optimized)", "Plans": [{"Node Type": "Hash Join", "Parent Relationship": "Outer", "Join Type": "Inner", "Startup Cost": 329694.33, "Total Cost": 513689.03, "Plan Rows": 726589, "Plan Width": 37, "Inner Unique": false, "Hash Cond": "(ci.movie_id = t.id), (LLVM Optimized)", "Plans": [{"Node Type": "Streaming(type: LOCAL GATHER dop: 1/64)", "Parent Relationship": "Outer", "Startup Cost": 254738.78, "Total Cost": 417857.9, "Plan Rows": 1484588, "Plan Width": 20, "Plans": [{"Node Type": "Hash Join", "Parent Relationship": "Outer", "Join Type": "Inner", "Startup Cost": 254738.78, "Total Cost": 387231.02, "Plan Rows": 1484588, "Plan Width": 20, "Inner Unique": false, "Hash Cond": "(a1.person_id = ci.person_id), (LLVM Optimized)", "Plans": [{"Node Type": "Streaming(type: LOCAL REDISTRIBUTE dop: 64/1)", "Parent Relationship": "Outer", "Startup Cost": 202522.7, "Total Cost": 334446.0, "Plan Rows": 901342, "Plan Width": 24, "Plans": [{"Node Type": "Hash Join", "Parent Relationship": "Outer", "Join Type": "Inner", "Startup Cost": 202522.7, "Total Cost": 234824.58, "Plan Rows": 901342, "Plan Width": 24, "Inner Unique": true, "Hash Cond": "(a1.person_id = n1.id), (LLVM Optimized)", "Plans": [{"Node Type": "Seq Scan", "Parent Relationship": "Outer", "Relation Name": "aka_name", "Alias": "a1", "Startup Cost": 0.0, "Total Cost": 19908.42, "Plan Rows": 901342, "Plan Width": 20}, {"Node Type": "Hash", "Parent Relationship": "Inner", "Startup Cost": 150429.08, "Total Cost": 150429.08, "Plan Rows": 4167490, "Plan Width": 4, "Plans": [{"Node Type": "Streaming(type: LOCAL GATHER dop: 1/64)", "Parent Relationship": "Outer", "Startup Cost": 0.0, "Total Cost": 150429.08, "Plan Rows": 4167490, "Plan Width": 4, "Plans": [{"Node Type": "Seq Scan", "Parent Relationship": "Outer", "Relation Name": "name", "Alias": "n1", "Startup Cost": 0.0, "Total Cost": 64454.25, "Plan Rows": 4167490, "Plan Width": 4}]}]}]}]}, {"Node Type": "Hash", "Parent Relationship": "Inner", "Startup Cost": 203464.29, "Total Cost": 203464.29, "Plan Rows": 3296318, "Plan Width": 8, "Plans": [{"Node Type": "Streaming(type: LOCAL REDISTRIBUTE dop: 64/64)", "Parent Relationship": "Outer", "Startup Cost": 63002.48, "Total Cost": 203464.29, "Plan Rows": 3296318, "Plan Width": 8, "Plans": [{"Node Type": "Hash Join", "Parent Relationship": "Outer", "Join Type": "Inner", "Startup Cost": 63002.48, "Total Cost": 137341.8, "Plan Rows": 3296318, "Plan Width": 8, "Inner Unique": true, "Hash Cond": "(ci.role_id = rt.id), (LLVM Optimized)", "Plans": [{"Node Type": "Seq Scan", "Parent Relationship": "Outer", "Relation Name": "cast_info", "Alias": "ci", "Startup Cost": 0.0, "Total Cost": 72404.34, "Plan Rows": 36259494, "Plan Width": 12}, {"Node Type": "Hash", "Parent Relationship": "Inner", "Startup Cost": 63002.47, "Total Cost": 63002.47, "Plan Rows": 64, "Plan Width": 4, "Plans": [{"Node Type": "Streaming(type: BROADCAST dop: 64/1)", "Parent Relationship": "Outer", "Startup Cost": 0.0, "Total Cost": 63002.47, "Plan Rows": 64, "Plan Width": 4, "Plans": [{"Node Type": "Seq Scan", "Parent Relationship": "Outer", "Relation Name": "role_type", "Alias": "rt", "Startup Cost": 0.0, "Total Cost": 1.15, "Plan Rows": 1, "Plan Width": 4, "Filter": "((role)::text = 'writer'::text)"}]}]}]}]}]}]}]}, {"Node Type": "Hash", "Parent Relationship": "Inner", "Startup Cost": 169365.79, "Total Cost": 169365.79, "Plan Rows": 2609128, "Plan Width": 29, "Plans": [{"Node Type": "Hash Join", "Parent Relationship": "Outer", "Join Type": "Inner", "Startup Cost": 91673.0, "Total Cost": 169365.79, "Plan Rows": 2609128, "Plan Width": 29, "Inner Unique": true, "Hash Cond": "(mc.movie_id = t.id), (LLVM Optimized)", "Plans": [{"Node Type": "Seq Scan", "Parent Relationship": "Outer", "Relation Name": "movie_companies", "Alias": "mc", "Startup Cost": 0.0, "Total Cost": 41817.28, "Plan Rows": 2609128, "Plan Width": 8}, {"Node Type": "Hash", "Parent Relationship": "Inner", "Startup Cost": 60069.11, "Total Cost": 60069.11, "Plan Rows": 2528311, "Plan Width": 21, "Plans": [{"Node Type": "Seq Scan", "Parent Relationship": "Outer", "Relation Name": "title", "Alias": "t", "Startup Cost": 0.0, "Total Cost": 60069.11, "Plan Rows": 2528311, "Plan Width": 21}]}]}]}]}, {"Node Type": "Hash", "Parent Relationship": "Inner", "Startup Cost": 5903.45, "Total Cost": 5903.45, "Plan Rows": 85170, "Plan Width": 4, "Plans": [{"Node Type": "Seq Scan", "Parent Relationship": "Outer", "Relation Name": "company_name", "Alias": "cn", "Startup Cost": 0.0, "Total Cost": 5903.45, "Plan Rows": 85170, "Plan Width": 4, "Filter": "((country_code)::text = '[us]'::text)"}]}]}]}, "Unique SQL Id": 2457761703, "Planner Runtime": 164}, "explain_analyze_plan": {"Plan": {"Node Type": "Aggregate", "Strategy": "Plain", "Startup Cost": 528738.29, "Total Cost": 528738.3, "Plan Rows": 1, "Plan Width": 97, "Actual Min Startup Time": 10653.339, "Actual Max Startup Time": 10653.339, "Actual Min Total Time": 10653.34, "Actual Max Total Time": 10653.34, "Plans": [{"Node Type": "Hash Join", "Parent Relationship": "Outer", "Join Type": "Inner", "Startup Cost": 336662.4, "Total Cost": 526952.8, "Plan Rows": 357098, "Plan Width": 33, "Actual Min Startup Time": 5045.785, "Actual Max Startup Time": 5045.785, "Actual Min Total Time": 9470.761, "Actual Max Total Time": 9470.761, "Inner Unique": true, "Hash Cond": "(mc.company_id = cn.id), (LLVM Optimized, Jit Execute)", "Plans": [{"Node Type": "Hash Join", "Parent Relationship": "Outer", "Join Type": "Inner", "Startup Cost": 329694.33, "Total Cost": 513689.03, "Plan Rows": 726589, "Plan Width": 37, "Actual Min Startup Time": 4932.473, "Actual Max Startup Time": 4932.473, "Actual Min Total Time": 8014.504, "Actual Max Total Time": 8014.504, "Inner Unique": false, "Hash Cond": "(ci.movie_id = t.id), (LLVM Optimized, Jit Execute)", "Plans": [{"Node Type": "Streaming(type: LOCAL GATHER dop: 1/64)", "Parent Relationship": "Outer", "Startup Cost": 254738.78, "Total Cost": 417857.9, "Plan Rows": 1484588, "Plan Width": 20, "Actual Min Startup Time": 0.149, "Actual Max Startup Time": 0.149, "Actual Min Total Time": 1136.935, "Actual Max Total Time": 1136.935, "Plans": [{"Node Type": "Hash Join", "Parent Relationship": "Outer", "Join Type": "Inner", "Startup Cost": 254738.78, "Total Cost": 387231.02, "Plan Rows": 1484588, "Plan Width": 20, "Actual Min Startup Time": 2400.847, "Actual Max Startup Time": 4561.54, "Actual Min Total Time": 6405.607, "Actual Max Total Time": 9204.271, "Inner Unique": false, "Hash Cond": "(a1.person_id = ci.person_id), (LLVM Optimized, Jit Execute)", "Plans": [{"Node Type": "Streaming(type: LOCAL REDISTRIBUTE dop: 64/1)", "Parent Relationship": "Outer", "Startup Cost": 202522.7, "Total Cost": 334446.0, "Plan Rows": 901342, "Plan Width": 24, "Actual Min Startup Time": 2082.179, "Actual Max Startup Time": 4189.143, "Actual Min Total Time": 5973.318, "Actual Max Total Time": 8689.53, "Plans": [{"Node Type": "Hash Join", "Parent Relationship": "Outer", "Join Type": "Inner", "Startup Cost": 202522.7, "Total Cost": 234824.58, "Plan Rows": 901342, "Plan Width": 24, "Actual Min Startup Time": 2391.386, "Actual Max Startup Time": 2391.386, "Actual Min Total Time": 3134.379, "Actual Max Total Time": 3134.379, "Inner Unique": true, "Hash Cond": "(a1.person_id = n1.id), (LLVM Optimized, Jit Execute)", "Plans": [{"Node Type": "Seq Scan", "Parent Relationship": "Outer", "Relation Name": "aka_name", "Alias": "a1", "Startup Cost": 0.0, "Total Cost": 19908.42, "Plan Rows": 901342, "Plan Width": 20, "Actual Min Startup Time": 0.031, "Actual Max Startup Time": 0.031, "Actual Min Total Time": 226.0, "Actual Max Total Time": 226.0, "Actual Rows": 901342}, {"Node Type": "Hash", "Parent Relationship": "Inner", "Startup Cost": 150429.08, "Total Cost": 150429.08, "Plan Rows": 4167490, "Plan Width": 4, "Actual Min Startup Time": 2388.72, "Actual Max Startup Time": 2388.72, "Actual Min Total Time": 2388.72, "Actual Max Total Time": 2388.72, "Max Hash Buckets": 4194304, "Min Hash Buckets": 4194304, "Max Hash Batches": 1, "Min Hash Batches": 1, "Max Original Hash Batches": 1, "Min Original Hash Batches": 1, "Max Peak Memory Usage": 146514, "min Peak Memory Usage": 146514, "Plans": [{"Node Type": "Streaming(type: LOCAL GATHER dop: 1/64)", "Parent Relationship": "Outer", "Startup Cost": 0.0, "Total Cost": 150429.08, "Plan Rows": 4167490, "Plan Width": 4, "Actual Min Startup Time": 0.144, "Actual Max Startup Time": 0.144, "Actual Min Total Time": 1203.473, "Actual Max Total Time": 1203.473, "Plans": [{"Node Type": "Seq Scan", "Parent Relationship": "Outer", "Relation Name": "name", "Alias": "n1", "Startup Cost": 0.0, "Total Cost": 64454.25, "Plan Rows": 4167490, "Plan Width": 4, "Actual Min Startup Time": 0.019, "Actual Max Startup Time": 0.041, "Actual Min Total Time": 18.918, "Actual Max Total Time": 22.367, "Actual Rows": 4167490}], "Actual Rows": 4167490}], "Actual Rows": 4167490}], "Actual Rows": 901342}], "Actual Rows": 901342}, {"Node Type": "Hash", "Parent Relationship": "Inner", "Startup Cost": 203464.29, "Total Cost": 203464.29, "Plan Rows": 3296318, "Plan Width": 8, "Actual Min Startup Time": 314.974, "Actual Max Startup Time": 620.859, "Actual Min Total Time": 314.974, "Actual Max Total Time": 620.859, "Max Hash Buckets": 65536, "Min Hash Buckets": 65536, "Max Hash Batches": 1, "Min Hash Batches": 1, "Max Original Hash Batches": 1, "Min Original Hash Batches": 1, "Max Peak Memory Usage": 1483, "min Peak Memory Usage": 1483, "Plans": [{"Node Type": "Streaming(type: LOCAL REDISTRIBUTE dop: 64/64)", "Parent Relationship": "Outer", "Startup Cost": 63002.48, "Total Cost": 203464.29, "Plan Rows": 3296318, "Plan Width": 8, "Actual Min Startup Time": 0.106, "Actual Max Startup Time": 297.598, "Actual Min Total Time": 304.117, "Actual Max Total Time": 610.951, "Plans": [{"Node Type": "Hash Join", "Parent Relationship": "Outer", "Join Type": "Inner", "Startup Cost": 63002.48, "Total Cost": 137341.8, "Plan Rows": 3296318, "Plan Width": 8, "Actual Min Startup Time": 151.808, "Actual Max Startup Time": 321.453, "Actual Min Total Time": 242.856, "Actual Max Total Time": 411.34, "Inner Unique": true, "Hash Cond": "(ci.role_id = rt.id), (LLVM Optimized, Jit Execute)", "Plans": [{"Node Type": "Seq Scan", "Parent Relationship": "Outer", "Relation Name": "cast_info", "Alias": "ci", "Startup Cost": 0.0, "Total Cost": 72404.34, "Plan Rows": 36259494, "Plan Width": 12, "Actual Min Startup Time": 0.025, "Actual Max Startup Time": 9.439, "Actual Min Total Time": 127.377, "Actual Max Total Time": 144.233, "Actual Rows": 36244343}, {"Node Type": "Hash", "Parent Relationship": "Inner", "Startup Cost": 63002.47, "Total Cost": 63002.47, "Plan Rows": 64, "Plan Width": 4, "Actual Min Startup Time": 0.011, "Actual Max Startup Time": 159.839, "Actual Min Total Time": 0.011, "Actual Max Total Time": 159.839, "Max Hash Buckets": 32768, "Min Hash Buckets": 32768, "Max Hash Batches": 1, "Min Hash Batches": 1, "Max Original Hash Batches": 1, "Min Original Hash Batches": 1, "Max Peak Memory Usage": 1, "min Peak Memory Usage": 1, "Plans": [{"Node Type": "Streaming(type: BROADCAST dop: 64/1)", "Parent Relationship": "Outer", "Startup Cost": 0.0, "Total Cost": 63002.47, "Plan Rows": 64, "Plan Width": 4, "Actual Min Startup Time": 0.003, "Actual Max Startup Time": 159.19, "Actual Min Total Time": 0.003, "Actual Max Total Time": 159.194, "Plans": [{"Node Type": "Seq Scan", "Parent Relationship": "Outer", "Relation Name": "role_type", "Alias": "rt", "Startup Cost": 0.0, "Total Cost": 1.15, "Plan Rows": 1, "Plan Width": 4, "Actual Min Startup Time": 0.04, "Actual Max Startup Time": 0.04, "Actual Min Total Time": 0.044, "Actual Max Total Time": 0.044, "Filter": "((role)::text = 'writer'::text)", "Rows Removed by Filter": 11, "Actual Rows": 1}], "Actual Rows": 64}], "Actual Rows": 64}], "Actual Rows": 2728943}], "Actual Rows": 2728943}], "Actual Rows": 2728943}], "Actual Rows": 2343724}], "Actual Rows": 2343724}, {"Node Type": "Hash", "Parent Relationship": "Inner", "Startup Cost": 169365.79, "Total Cost": 169365.79, "Plan Rows": 2609128, "Plan Width": 29, "Actual Min Startup Time": 4926.029, "Actual Max Startup Time": 4926.029, "Actual Min Total Time": 4926.029, "Actual Max Total Time": 4926.029, "Max Hash Buckets": 4194304, "Min Hash Buckets": 4194304, "Max Hash Batches": 1, "Min Hash Batches": 1, "Max Original Hash Batches": 1, "Min Original Hash Batches": 1, "Max Peak Memory Usage": 164769, "min Peak Memory Usage": 164769, "Plans": [{"Node Type": "Hash Join", "Parent Relationship": "Outer", "Join Type": "Inner", "Startup Cost": 91673.0, "Total Cost": 169365.79, "Plan Rows": 2609128, "Plan Width": 29, "Actual Min Startup Time": 1869.664, "Actual Max Startup Time": 1869.664, "Actual Min Total Time": 3974.511, "Actual Max Total Time": 3974.511, "Inner Unique": true, "Hash Cond": "(mc.movie_id = t.id), (LLVM Optimized, Jit Execute)", "Plans": [{"Node Type": "Seq Scan", "Parent Relationship": "Outer", "Relation Name": "movie_companies", "Alias": "mc", "Startup Cost": 0.0, "Total Cost": 41817.28, "Plan Rows": 2609128, "Plan Width": 8, "Actual Min Startup Time": 0.034, "Actual Max Startup Time": 0.034, "Actual Min Total Time": 573.13, "Actual Max Total Time": 573.13, "Actual Rows": 2609128}, {"Node Type": "Hash", "Parent Relationship": "Inner", "Startup Cost": 60069.11, "Total Cost": 60069.11, "Plan Rows": 2528311, "Plan Width": 21, "Actual Min Startup Time": 1867.154, "Actual Max Startup Time": 1867.154, "Actual Min Total Time": 1867.154, "Actual Max Total Time": 1867.154, "Max Hash Buckets": 4194304, "Min Hash Buckets": 4194304, "Max Hash Batches": 1, "Min Hash Batches": 1, "Max Original Hash Batches": 1, "Min Original Hash Batches": 1, "Max Peak Memory Usage": 135869, "min Peak Memory Usage": 135869, "Plans": [{"Node Type": "Seq Scan", "Parent Relationship": "Outer", "Relation Name": "title", "Alias": "t", "Startup Cost": 0.0, "Total Cost": 60069.11, "Plan Rows": 2528311, "Plan Width": 21, "Actual Min Startup Time": 0.025, "Actual Max Startup Time": 0.025, "Actual Min Total Time": 832.832, "Actual Max Total Time": 832.832, "Actual Rows": 2528311}], "Actual Rows": 2528311}], "Actual Rows": 2609128}], "Actual Rows": 2609128}], "Actual Rows": 4961427}, {"Node Type": "Hash", "Parent Relationship": "Inner", "Startup Cost": 5903.45, "Total Cost": 5903.45, "Plan Rows": 85170, "Plan Width": 4, "Actual Min Startup Time": 113.153, "Actual Max Startup Time": 113.153, "Actual Min Total Time": 113.153, "Actual Max Total Time": 113.153, "Max Hash Buckets": 131072, "Min Hash Buckets": 131072, "Max Hash Batches": 1, "Min Hash Batches": 1, "Max Original Hash Batches": 1, "Min Original Hash Batches": 1, "Max Peak Memory Usage": 2983, "min Peak Memory Usage": 2983, "Plans": [{"Node Type": "Seq Scan", "Parent Relationship": "Outer", "Relation Name": "company_name", "Alias": "cn", "Startup Cost": 0.0, "Total Cost": 5903.45, "Plan Rows": 85170, "Plan Width": 4, "Actual Min Startup Time": 0.07, "Actual Max Startup Time": 0.07, "Actual Min Total Time": 89.97, "Actual Max Total Time": 89.97, "Filter": "((country_code)::text = '[us]'::text)", "Rows Removed by Filter": 150153, "Actual Rows": 84843}], "Actual Rows": 84843}], "Actual Rows": 2487611}], "Actual Rows": 1}, "Triggers": [], "Planner Runtime": 172, "Total Runtime": 10708.533, "Unique SQL Id": 2457761703}}, "(64, 39)": {"explain_plan": {"Plan": {"Node Type": "Aggregate", "Strategy": "Plain", "Startup Cost": 1013578.73, "Total Cost": 1013578.74, "Plan Rows": 1, "Plan Width": 97, "Plans": [{"Node Type": "Hash Join", "Parent Relationship": "Outer", "Join Type": "Inner", "Startup Cost": 985285.55, "Total Cost": 1011793.24, "Plan Rows": 357098, "Plan Width": 33, "Inner Unique": false, "Hash Cond": "(a1.person_id = n1.id), (LLVM Optimized)", "Plans": [{"Node Type": "Bitmap Heap Scan", "Parent Relationship": "Outer", "Relation Name": "aka_name", "Alias": "a1", "Startup Cost": 16632.3, "Total Cost": 36540.72, "Plan Rows": 901342, "Plan Width": 20, "Plans": [{"Node Type": "Bitmap Index Scan", "Parent Relationship": "Outer", "Index Name": "person_id_aka_name", "Startup Cost": 0.0, "Total Cost": 16406.96, "Plan Rows": 901342, "Plan Width": 0}]}, {"Node Type": "Hash", "Parent Relationship": "Inner", "Startup Cost": 959772.51, "Total Cost": 959772.51, "Plan Rows": 710459, "Plan Width": 25, "Plans": [{"Node Type": "Hash Join", "Parent Relationship": "Outer", "Join Type": "Inner", "Startup Cost": 607483.06, "Total Cost": 959772.51, "Plan Rows": 710459, "Plan Width": 25, "Inner Unique": true, "Hash Cond": "(ci.person_id = n1.id), (LLVM Optimized)", "Plans": [{"Node Type": "Hash Join", "Parent Relationship": "Outer", "Join Type": "Inner", "Startup Cost": 378117.96, "Total Cost": 720638.61, "Plan Rows": 710459, "Plan Width": 21, "Inner Unique": false, "Hash Cond": "(ci.movie_id = t.id), (LLVM Optimized)", "Plans": [{"Node Type": "Nested Loop", "Parent Relationship": "Outer", "Join Type": "Inner", "Startup Cost": 76315.02, "Total Cost": 389769.33, "Plan Rows": 3296318, "Plan Width": 8, "Inner Unique": false, "Plans": [{"Node Type": "Bitmap Heap Scan", "Parent Relationship": "Outer", "Relation Name": "role_type", "Alias": "rt", "Startup Cost": 8.31, "Total Cost": 12.46, "Plan Rows": 1, "Plan Width": 4, "Filter": "((role)::text = 'writer'::text)", "Plans": [{"Node Type": "Bitmap Index Scan", "Parent Relationship": "Outer", "Index Name": "role_type_pkey", "Startup Cost": 0.0, "Total Cost": 8.31, "Plan Rows": 12, "Plan Width": 0}]}, {"Node Type": "Bitmap Heap Scan", "Parent Relationship": "Inner", "Relation Name": "cast_info", "Alias": "ci", "Startup Cost": 76306.71, "Total Cost": 356793.69, "Plan Rows": 3296318, "Plan Width": 12, "Recheck Cond": "(role_id = rt.id), (LLVM Optimized)", "Plans": [{"Node Type": "Bitmap Index Scan", "Parent Relationship": "Outer", "Index Name": "role_id_cast_info", "Startup Cost": 0.0, "Total Cost": 75482.63, "Plan Rows": 3296318, "Plan Width": 0, "Index Cond": "(role_id = rt.id)"}]}]}, {"Node Type": "Hash", "Parent Relationship": "Inner", "Startup Cost": 285774.05, "Total Cost": 285774.05, "Plan Rows": 1282311, "Plan Width": 25, "Plans": [{"Node Type": "Hash Join", "Parent Relationship": "Outer", "Join Type": "Inner", "Startup Cost": 203717.65, "Total Cost": 285774.05, "Plan Rows": 1282311, "Plan Width": 25, "Inner Unique": true, "Hash Cond": "(mc.movie_id = t.id), (LLVM Optimized)", "Plans": [{"Node Type": "Hash Join", "Parent Relationship": "Outer", "Join Type": "Inner", "Startup Cost": 61758.77, "Total Cost": 126183.39, "Plan Rows": 1282311, "Plan Width": 4, "Inner Unique": true, "Hash Cond": "(mc.company_id = cn.id), (LLVM Optimized)", "Plans": [{"Node Type": "Bitmap Heap Scan", "Parent Relationship": "Outer", "Relation Name": "movie_companies", "Alias": "mc", "Startup Cost": 51990.17, "Total Cost": 93807.45, "Plan Rows": 2609128, "Plan Width": 8, "Plans": [{"Node Type": "Bitmap Index Scan", "Parent Relationship": "Outer", "Index Name": "movie_id_movie_companies", "Startup Cost": 0.0, "Total Cost": 51337.89, "Plan Rows": 2609128, "Plan Width": 0}]}, {"Node Type": "Hash", "Parent Relationship": "Inner", "Startup Cost": 8703.97, "Total Cost": 8703.97, "Plan Rows": 85170, "Plan Width": 4, "Plans": [{"Node Type": "Bitmap Heap Scan", "Parent Relationship": "Outer", "Relation Name": "company_name", "Alias": "cn", "Startup Cost": 2800.52, "Total Cost": 8703.97, "Plan Rows": 85170, "Plan Width": 4, "Filter": "((country_code)::text = '[us]'::text)", "Plans": [{"Node Type": "Bitmap Index Scan", "Parent Relationship": "Outer", "Index Name": "company_name_pkey", "Startup Cost": 0.0, "Total Cost": 2779.23, "Plan Rows": 234996, "Plan Width": 0}]}]}]}, {"Node Type": "Hash", "Parent Relationship": "Inner", "Startup Cost": 110354.99, "Total Cost": 110354.99, "Plan Rows": 2528311, "Plan Width": 21, "Plans": [{"Node Type": "Bitmap Heap Scan", "Parent Relationship": "Outer", "Relation Name": "title", "Alias": "t", "Startup Cost": 50285.88, "Total Cost": 110354.99, "Plan Rows": 2528311, "Plan Width": 21, "Plans": [{"Node Type": "Bitmap Index Scan", "Parent Relationship": "Outer", "Index Name": "title_pkey", "Startup Cost": 0.0, "Total Cost": 49653.81, "Plan Rows": 2528311, "Plan Width": 0}]}]}]}]}]}, {"Node Type": "Hash", "Parent Relationship": "Inner", "Startup Cost": 177271.47, "Total Cost": 177271.47, "Plan Rows": 4167490, "Plan Width": 4, "Plans": [{"Node Type": "Bitmap Heap Scan", "Parent Relationship": "Outer", "Relation Name": "name", "Alias": "n1", "Startup Cost": 84199.57, "Total Cost": 177271.47, "Plan Rows": 4167490, "Plan Width": 4, "Plans": [{"Node Type": "Bitmap Index Scan", "Parent Relationship": "Outer", "Index Name": "name_pkey", "Startup Cost": 0.0, "Total Cost": 83157.7, "Plan Rows": 4167490, "Plan Width": 0}]}]}]}]}]}]}, "Unique SQL Id": 2457761703, "Planner Runtime": 49}, "explain_analyze_plan": {"Plan": {"Node Type": "Aggregate", "Strategy": "Plain", "Startup Cost": 1013578.73, "Total Cost": 1013578.74, "Plan Rows": 1, "Plan Width": 97, "Actual Startup Time": 16862.492, "Actual Total Time": 16862.492, "Actual Rows": 1, "Actual Loops": 1, "Plans": [{"Node Type": "Hash Join", "Parent Relationship": "Outer", "Join Type": "Inner", "Startup Cost": 985285.55, "Total Cost": 1011793.24, "Plan Rows": 357098, "Plan Width": 33, "Actual Startup Time": 14323.785, "Actual Total Time": 15724.573, "Actual Rows": 2487611, "Actual Loops": 1, "Inner Unique": false, "Hash Cond": "(a1.person_id = n1.id), (LLVM Optimized, Jit Execute)", "Plans": [{"Node Type": "Bitmap Heap Scan", "Parent Relationship": "Outer", "Relation Name": "aka_name", "Alias": "a1", "Startup Cost": 16632.3, "Total Cost": 36540.72, "Plan Rows": 901342, "Plan Width": 20, "Actual Startup Time": 102.848, "Actual Total Time": 449.182, "Actual Rows": 901342, "Actual Loops": 1, "Exact Heap Blocks": 10895, "Lossy Heap Blocks": 10895, "Plans": [{"Node Type": "Bitmap Index Scan", "Parent Relationship": "Outer", "Index Name": "person_id_aka_name", "Startup Cost": 0.0, "Total Cost": 16406.96, "Plan Rows": 901342, "Plan Width": 0, "Actual Startup Time": 100.9, "Actual Total Time": 100.9, "Actual Rows": 901342, "Actual Loops": 1}]}, {"Node Type": "Hash", "Parent Relationship": "Inner", "Startup Cost": 959772.51, "Total Cost": 959772.51, "Plan Rows": 710459, "Plan Width": 25, "Actual Startup Time": 14215.549, "Actual Total Time": 14215.549, "Actual Rows": 1970658, "Actual Loops": 1, "Hash Buckets": 1048576, "Hash Batches": 1, "Original Hash Batches": 1, "Peak Memory Usage": 112799, "Plans": [{"Node Type": "Hash Join", "Parent Relationship": "Outer", "Join Type": "Inner", "Startup Cost": 607483.06, "Total Cost": 959772.51, "Plan Rows": 710459, "Plan Width": 25, "Actual Startup Time": 10075.48, "Actual Total Time": 13607.521, "Actual Rows": 1970658, "Actual Loops": 1, "Inner Unique": true, "Hash Cond": "(ci.person_id = n1.id), (LLVM Optimized, Jit Execute)", "Plans": [{"Node Type": "Hash Join", "Parent Relationship": "Outer", "Join Type": "Inner", "Startup Cost": 378117.96, "Total Cost": 720638.61, "Plan Rows": 710459, "Plan Width": 21, "Actual Startup Time": 5761.347, "Actual Total Time": 8502.541, "Actual Rows": 1970658, "Actual Loops": 1, "Inner Unique": false, "Hash Cond": "(ci.movie_id = t.id), (LLVM Optimized, Jit Execute)", "Plans": [{"Node Type": "Nested Loop", "Parent Relationship": "Outer", "Join Type": "Inner", "Startup Cost": 76315.02, "Total Cost": 389769.33, "Plan Rows": 3296318, "Plan Width": 8, "Actual Startup Time": 304.881, "Actual Total Time": 1662.16, "Actual Rows": 2728943, "Actual Loops": 1, "Inner Unique": false, "Plans": [{"Node Type": "Bitmap Heap Scan", "Parent Relationship": "Outer", "Relation Name": "role_type", "Alias": "rt", "Startup Cost": 8.31, "Total Cost": 12.46, "Plan Rows": 1, "Plan Width": 4, "Actual Startup Time": 0.09, "Actual Total Time": 0.108, "Actual Rows": 1, "Actual Loops": 1, "Filter": "((role)::text = 'writer'::text)", "Rows Removed by Filter": 11, "Exact Heap Blocks": 1, "Lossy Heap Blocks": 1, "Plans": [{"Node Type": "Bitmap Index Scan", "Parent Relationship": "Outer", "Index Name": "role_type_pkey", "Startup Cost": 0.0, "Total Cost": 8.31, "Plan Rows": 12, "Plan Width": 0, "Actual Startup Time": 0.027, "Actual Total Time": 0.027, "Actual Rows": 12, "Actual Loops": 1}]}, {"Node Type": "Bitmap Heap Scan", "Parent Relationship": "Inner", "Relation Name": "cast_info", "Alias": "ci", "Startup Cost": 76306.71, "Total Cost": 356793.69, "Plan Rows": 3296318, "Plan Width": 12, "Actual Startup Time": 304.767, "Actual Total Time": 1172.992, "Actual Rows": 2728943, "Actual Loops": 1, "Recheck Cond": "(role_id = rt.id), (LLVM Optimized, Jit Execute)", "Rows Removed by Index Recheck": 0, "Exact Heap Blocks": 19177, "Lossy Heap Blocks": 19177, "Plans": [{"Node Type": "Bitmap Index Scan", "Parent Relationship": "Outer", "Index Name": "role_id_cast_info", "Startup Cost": 0.0, "Total Cost": 75482.63, "Plan Rows": 3296318, "Plan Width": 0, "Actual Startup Time": 300.404, "Actual Total Time": 300.404, "Actual Rows": 2728943, "Actual Loops": 1, "Index Cond": "(role_id = rt.id)"}]}]}, {"Node Type": "Hash", "Parent Relationship": "Inner", "Startup Cost": 285774.05, "Total Cost": 285774.05, "Plan Rows": 1282311, "Plan Width": 25, "Actual Startup Time": 5451.33, "Actual Total Time": 5451.33, "Actual Rows": 1153797, "Actual Loops": 1, "Hash Buckets": 2097152, "Hash Batches": 1, "Original Hash Batches": 1, "Peak Memory Usage": 68508, "Plans": [{"Node Type": "Hash Join", "Parent Relationship": "Outer", "Join Type": "Inner", "Startup Cost": 203717.65, "Total Cost": 285774.05, "Plan Rows": 1282311, "Plan Width": 25, "Actual Startup Time": 2726.056, "Actual Total Time": 5015.59, "Actual Rows": 1153797, "Actual Loops": 1, "Inner Unique": true, "Hash Cond": "(mc.movie_id = t.id), (LLVM Optimized, Jit Execute)", "Plans": [{"Node Type": "Hash Join", "Parent Relationship": "Outer", "Join Type": "Inner", "Startup Cost": 61758.77, "Total Cost": 126183.39, "Plan Rows": 1282311, "Plan Width": 4, "Actual Startup Time": 372.339, "Actual Total Time": 2018.516, "Actual Rows": 1153797, "Actual Loops": 1, "Inner Unique": true, "Hash Cond": "(mc.company_id = cn.id), (LLVM Optimized, Jit Execute)", "Plans": [{"Node Type": "Bitmap Heap Scan", "Parent Relationship": "Outer", "Relation Name": "movie_companies", "Alias": "mc", "Startup Cost": 51990.17, "Total Cost": 93807.45, "Plan Rows": 2609128, "Plan Width": 8, "Actual Startup Time": 216.154, "Actual Total Time": 1035.33, "Actual Rows": 2609128, "Actual Loops": 1, "Exact Heap Blocks": 15726, "Lossy Heap Blocks": 15726, "Plans": [{"Node Type": "Bitmap Index Scan", "Parent Relationship": "Outer", "Index Name": "movie_id_movie_companies", "Startup Cost": 0.0, "Total Cost": 51337.89, "Plan Rows": 2609128, "Plan Width": 0, "Actual Startup Time": 212.542, "Actual Total Time": 212.542, "Actual Rows": 2609128, "Actual Loops": 1}]}, {"Node Type": "Hash", "Parent Relationship": "Inner", "Startup Cost": 8703.97, "Total Cost": 8703.97, "Plan Rows": 85170, "Plan Width": 4, "Actual Startup Time": 156.063, "Actual Total Time": 156.063, "Actual Rows": 84843, "Actual Loops": 1, "Hash Buckets": 131072, "Hash Batches": 1, "Original Hash Batches": 1, "Peak Memory Usage": 2983, "Plans": [{"Node Type": "Bitmap Heap Scan", "Parent Relationship": "Outer", "Relation Name": "company_name", "Alias": "cn", "Startup Cost": 2800.52, "Total Cost": 8703.97, "Plan Rows": 85170, "Plan Width": 4, "Actual Startup Time": 20.847, "Actual Total Time": 133.286, "Actual Rows": 84843, "Actual Loops": 1, "Filter": "((country_code)::text = '[us]'::text)", "Rows Removed by Filter": 150153, "Exact Heap Blocks": 2966, "Lossy Heap Blocks": 2966, "Plans": [{"Node Type": "Bitmap Index Scan", "Parent Relationship": "Outer", "Index Name": "company_name_pkey", "Startup Cost": 0.0, "Total Cost": 2779.23, "Plan Rows": 234996, "Plan Width": 0, "Actual Startup Time": 20.364, "Actual Total Time": 20.364, "Actual Rows": 234996, "Actual Loops": 1}]}]}]}, {"Node Type": "Hash", "Parent Relationship": "Inner", "Startup Cost": 110354.99, "Total Cost": 110354.99, "Plan Rows": 2528311, "Plan Width": 21, "Actual Startup Time": 2351.141, "Actual Total Time": 2351.141, "Actual Rows": 2528311, "Actual Loops": 1, "Hash Buckets": 4194304, "Hash Batches": 1, "Original Hash Batches": 1, "Peak Memory Usage": 135869, "Plans": [{"Node Type": "Bitmap Heap Scan", "Parent Relationship": "Outer", "Relation Name": "title", "Alias": "t", "Startup Cost": 50285.88, "Total Cost": 110354.99, "Plan Rows": 2528311, "Plan Width": 21, "Actual Startup Time": 290.426, "Actual Total Time": 1476.245, "Actual Rows": 2528311, "Actual Loops": 1, "Exact Heap Blocks": 34786, "Lossy Heap Blocks": 34786, "Plans": [{"Node Type": "Bitmap Index Scan", "Parent Relationship": "Outer", "Index Name": "title_pkey", "Startup Cost": 0.0, "Total Cost": 49653.81, "Plan Rows": 2528311, "Plan Width": 0, "Actual Startup Time": 282.417, "Actual Total Time": 282.417, "Actual Rows": 2528311, "Actual Loops": 1}]}]}]}]}]}, {"Node Type": "Hash", "Parent Relationship": "Inner", "Startup Cost": 177271.47, "Total Cost": 177271.47, "Plan Rows": 4167490, "Plan Width": 4, "Actual Startup Time": 4311.571, "Actual Total Time": 4311.571, "Actual Rows": 4167490, "Actual Loops": 1, "Hash Buckets": 4194304, "Hash Batches": 1, "Original Hash Batches": 1, "Peak Memory Usage": 146514, "Plans": [{"Node Type": "Bitmap Heap Scan", "Parent Relationship": "Outer", "Relation Name": "name", "Alias": "n1", "Startup Cost": 84199.57, "Total Cost": 177271.47, "Plan Rows": 4167490, "Plan Width": 4, "Actual Startup Time": 546.808, "Actual Total Time": 2370.146, "Actual Rows": 4167490, "Actual Loops": 1, "Exact Heap Blocks": 51397, "Lossy Heap Blocks": 51397, "Plans": [{"Node Type": "Bitmap Index Scan", "Parent Relationship": "Outer", "Index Name": "name_pkey", "Startup Cost": 0.0, "Total Cost": 83157.7, "Plan Rows": 4167490, "Plan Width": 0, "Actual Startup Time": 534.683, "Actual Total Time": 534.683, "Actual Rows": 4167490, "Actual Loops": 1}]}]}]}]}]}]}, "Triggers": [], "Planner Runtime": 49, "Total Runtime": 16879.015, "Unique SQL Id": 2457761703}}, "(64, 40)": {"explain_plan": {"Plan": {"Node Type": "Aggregate", "Strategy": "Plain", "Startup Cost": 528738.29, "Total Cost": 528738.3, "Plan Rows": 1, "Plan Width": 97, "Plans": [{"Node Type": "Hash Join", "Parent Relationship": "Outer", "Join Type": "Inner", "Startup Cost": 336662.4, "Total Cost": 526952.8, "Plan Rows": 357098, "Plan Width": 33, "Inner Unique": true, "Hash Cond": "(mc.company_id = cn.id), (LLVM Optimized)", "Plans": [{"Node Type": "Hash Join", "Parent Relationship": "Outer", "Join Type": "Inner", "Startup Cost": 329694.33, "Total Cost": 513689.03, "Plan Rows": 726589, "Plan Width": 37, "Inner Unique": false, "Hash Cond": "(ci.movie_id = t.id), (LLVM Optimized)", "Plans": [{"Node Type": "Streaming(type: LOCAL GATHER dop: 1/64)", "Parent Relationship": "Outer", "Startup Cost": 254738.78, "Total Cost": 417857.9, "Plan Rows": 1484588, "Plan Width": 20, "Plans": [{"Node Type": "Hash Join", "Parent Relationship": "Outer", "Join Type": "Inner", "Startup Cost": 254738.78, "Total Cost": 387231.02, "Plan Rows": 1484588, "Plan Width": 20, "Inner Unique": false, "Hash Cond": "(a1.person_id = ci.person_id), (LLVM Optimized)", "Plans": [{"Node Type": "Streaming(type: LOCAL REDISTRIBUTE dop: 64/1)", "Parent Relationship": "Outer", "Startup Cost": 202522.7, "Total Cost": 334446.0, "Plan Rows": 901342, "Plan Width": 24, "Plans": [{"Node Type": "Hash Join", "Parent Relationship": "Outer", "Join Type": "Inner", "Startup Cost": 202522.7, "Total Cost": 234824.58, "Plan Rows": 901342, "Plan Width": 24, "Inner Unique": true, "Hash Cond": "(a1.person_id = n1.id), (LLVM Optimized)", "Plans": [{"Node Type": "Seq Scan", "Parent Relationship": "Outer", "Relation Name": "aka_name", "Alias": "a1", "Startup Cost": 0.0, "Total Cost": 19908.42, "Plan Rows": 901342, "Plan Width": 20}, {"Node Type": "Hash", "Parent Relationship": "Inner", "Startup Cost": 150429.08, "Total Cost": 150429.08, "Plan Rows": 4167490, "Plan Width": 4, "Plans": [{"Node Type": "Streaming(type: LOCAL GATHER dop: 1/64)", "Parent Relationship": "Outer", "Startup Cost": 0.0, "Total Cost": 150429.08, "Plan Rows": 4167490, "Plan Width": 4, "Plans": [{"Node Type": "Seq Scan", "Parent Relationship": "Outer", "Relation Name": "name", "Alias": "n1", "Startup Cost": 0.0, "Total Cost": 64454.25, "Plan Rows": 4167490, "Plan Width": 4}]}]}]}]}, {"Node Type": "Hash", "Parent Relationship": "Inner", "Startup Cost": 203464.29, "Total Cost": 203464.29, "Plan Rows": 3296318, "Plan Width": 8, "Plans": [{"Node Type": "Streaming(type: LOCAL REDISTRIBUTE dop: 64/64)", "Parent Relationship": "Outer", "Startup Cost": 63002.48, "Total Cost": 203464.29, "Plan Rows": 3296318, "Plan Width": 8, "Plans": [{"Node Type": "Hash Join", "Parent Relationship": "Outer", "Join Type": "Inner", "Startup Cost": 63002.48, "Total Cost": 137341.8, "Plan Rows": 3296318, "Plan Width": 8, "Inner Unique": true, "Hash Cond": "(ci.role_id = rt.id), (LLVM Optimized)", "Plans": [{"Node Type": "Seq Scan", "Parent Relationship": "Outer", "Relation Name": "cast_info", "Alias": "ci", "Startup Cost": 0.0, "Total Cost": 72404.34, "Plan Rows": 36259494, "Plan Width": 12}, {"Node Type": "Hash", "Parent Relationship": "Inner", "Startup Cost": 63002.47, "Total Cost": 63002.47, "Plan Rows": 64, "Plan Width": 4, "Plans": [{"Node Type": "Streaming(type: BROADCAST dop: 64/1)", "Parent Relationship": "Outer", "Startup Cost": 0.0, "Total Cost": 63002.47, "Plan Rows": 64, "Plan Width": 4, "Plans": [{"Node Type": "Seq Scan", "Parent Relationship": "Outer", "Relation Name": "role_type", "Alias": "rt", "Startup Cost": 0.0, "Total Cost": 1.15, "Plan Rows": 1, "Plan Width": 4, "Filter": "((role)::text = 'writer'::text)"}]}]}]}]}]}]}]}, {"Node Type": "Hash", "Parent Relationship": "Inner", "Startup Cost": 169365.79, "Total Cost": 169365.79, "Plan Rows": 2609128, "Plan Width": 29, "Plans": [{"Node Type": "Hash Join", "Parent Relationship": "Outer", "Join Type": "Inner", "Startup Cost": 91673.0, "Total Cost": 169365.79, "Plan Rows": 2609128, "Plan Width": 29, "Inner Unique": true, "Hash Cond": "(mc.movie_id = t.id), (LLVM Optimized)", "Plans": [{"Node Type": "Seq Scan", "Parent Relationship": "Outer", "Relation Name": "movie_companies", "Alias": "mc", "Startup Cost": 0.0, "Total Cost": 41817.28, "Plan Rows": 2609128, "Plan Width": 8}, {"Node Type": "Hash", "Parent Relationship": "Inner", "Startup Cost": 60069.11, "Total Cost": 60069.11, "Plan Rows": 2528311, "Plan Width": 21, "Plans": [{"Node Type": "Seq Scan", "Parent Relationship": "Outer", "Relation Name": "title", "Alias": "t", "Startup Cost": 0.0, "Total Cost": 60069.11, "Plan Rows": 2528311, "Plan Width": 21}]}]}]}]}, {"Node Type": "Hash", "Parent Relationship": "Inner", "Startup Cost": 5903.45, "Total Cost": 5903.45, "Plan Rows": 85170, "Plan Width": 4, "Plans": [{"Node Type": "Seq Scan", "Parent Relationship": "Outer", "Relation Name": "company_name", "Alias": "cn", "Startup Cost": 0.0, "Total Cost": 5903.45, "Plan Rows": 85170, "Plan Width": 4, "Filter": "((country_code)::text = '[us]'::text)"}]}]}]}, "Unique SQL Id": 2457761703, "Planner Runtime": 166}, "explain_analyze_plan": {"Plan": {"Node Type": "Aggregate", "Strategy": "Plain", "Startup Cost": 528738.29, "Total Cost": 528738.3, "Plan Rows": 1, "Plan Width": 97, "Actual Min Startup Time": 10653.339, "Actual Max Startup Time": 10653.339, "Actual Min Total Time": 10653.34, "Actual Max Total Time": 10653.34, "Plans": [{"Node Type": "Hash Join", "Parent Relationship": "Outer", "Join Type": "Inner", "Startup Cost": 336662.4, "Total Cost": 526952.8, "Plan Rows": 357098, "Plan Width": 33, "Actual Min Startup Time": 5045.785, "Actual Max Startup Time": 5045.785, "Actual Min Total Time": 9470.761, "Actual Max Total Time": 9470.761, "Inner Unique": true, "Hash Cond": "(mc.company_id = cn.id), (LLVM Optimized, Jit Execute)", "Plans": [{"Node Type": "Hash Join", "Parent Relationship": "Outer", "Join Type": "Inner", "Startup Cost": 329694.33, "Total Cost": 513689.03, "Plan Rows": 726589, "Plan Width": 37, "Actual Min Startup Time": 4932.473, "Actual Max Startup Time": 4932.473, "Actual Min Total Time": 8014.504, "Actual Max Total Time": 8014.504, "Inner Unique": false, "Hash Cond": "(ci.movie_id = t.id), (LLVM Optimized, Jit Execute)", "Plans": [{"Node Type": "Streaming(type: LOCAL GATHER dop: 1/64)", "Parent Relationship": "Outer", "Startup Cost": 254738.78, "Total Cost": 417857.9, "Plan Rows": 1484588, "Plan Width": 20, "Actual Min Startup Time": 0.149, "Actual Max Startup Time": 0.149, "Actual Min Total Time": 1136.935, "Actual Max Total Time": 1136.935, "Plans": [{"Node Type": "Hash Join", "Parent Relationship": "Outer", "Join Type": "Inner", "Startup Cost": 254738.78, "Total Cost": 387231.02, "Plan Rows": 1484588, "Plan Width": 20, "Actual Min Startup Time": 2400.847, "Actual Max Startup Time": 4561.54, "Actual Min Total Time": 6405.607, "Actual Max Total Time": 9204.271, "Inner Unique": false, "Hash Cond": "(a1.person_id = ci.person_id), (LLVM Optimized, Jit Execute)", "Plans": [{"Node Type": "Streaming(type: LOCAL REDISTRIBUTE dop: 64/1)", "Parent Relationship": "Outer", "Startup Cost": 202522.7, "Total Cost": 334446.0, "Plan Rows": 901342, "Plan Width": 24, "Actual Min Startup Time": 2082.179, "Actual Max Startup Time": 4189.143, "Actual Min Total Time": 5973.318, "Actual Max Total Time": 8689.53, "Plans": [{"Node Type": "Hash Join", "Parent Relationship": "Outer", "Join Type": "Inner", "Startup Cost": 202522.7, "Total Cost": 234824.58, "Plan Rows": 901342, "Plan Width": 24, "Actual Min Startup Time": 2391.386, "Actual Max Startup Time": 2391.386, "Actual Min Total Time": 3134.379, "Actual Max Total Time": 3134.379, "Inner Unique": true, "Hash Cond": "(a1.person_id = n1.id), (LLVM Optimized, Jit Execute)", "Plans": [{"Node Type": "Seq Scan", "Parent Relationship": "Outer", "Relation Name": "aka_name", "Alias": "a1", "Startup Cost": 0.0, "Total Cost": 19908.42, "Plan Rows": 901342, "Plan Width": 20, "Actual Min Startup Time": 0.031, "Actual Max Startup Time": 0.031, "Actual Min Total Time": 226.0, "Actual Max Total Time": 226.0, "Actual Rows": 901342}, {"Node Type": "Hash", "Parent Relationship": "Inner", "Startup Cost": 150429.08, "Total Cost": 150429.08, "Plan Rows": 4167490, "Plan Width": 4, "Actual Min Startup Time": 2388.72, "Actual Max Startup Time": 2388.72, "Actual Min Total Time": 2388.72, "Actual Max Total Time": 2388.72, "Max Hash Buckets": 4194304, "Min Hash Buckets": 4194304, "Max Hash Batches": 1, "Min Hash Batches": 1, "Max Original Hash Batches": 1, "Min Original Hash Batches": 1, "Max Peak Memory Usage": 146514, "min Peak Memory Usage": 146514, "Plans": [{"Node Type": "Streaming(type: LOCAL GATHER dop: 1/64)", "Parent Relationship": "Outer", "Startup Cost": 0.0, "Total Cost": 150429.08, "Plan Rows": 4167490, "Plan Width": 4, "Actual Min Startup Time": 0.144, "Actual Max Startup Time": 0.144, "Actual Min Total Time": 1203.473, "Actual Max Total Time": 1203.473, "Plans": [{"Node Type": "Seq Scan", "Parent Relationship": "Outer", "Relation Name": "name", "Alias": "n1", "Startup Cost": 0.0, "Total Cost": 64454.25, "Plan Rows": 4167490, "Plan Width": 4, "Actual Min Startup Time": 0.019, "Actual Max Startup Time": 0.041, "Actual Min Total Time": 18.918, "Actual Max Total Time": 22.367, "Actual Rows": 4167490}], "Actual Rows": 4167490}], "Actual Rows": 4167490}], "Actual Rows": 901342}], "Actual Rows": 901342}, {"Node Type": "Hash", "Parent Relationship": "Inner", "Startup Cost": 203464.29, "Total Cost": 203464.29, "Plan Rows": 3296318, "Plan Width": 8, "Actual Min Startup Time": 314.974, "Actual Max Startup Time": 620.859, "Actual Min Total Time": 314.974, "Actual Max Total Time": 620.859, "Max Hash Buckets": 65536, "Min Hash Buckets": 65536, "Max Hash Batches": 1, "Min Hash Batches": 1, "Max Original Hash Batches": 1, "Min Original Hash Batches": 1, "Max Peak Memory Usage": 1483, "min Peak Memory Usage": 1483, "Plans": [{"Node Type": "Streaming(type: LOCAL REDISTRIBUTE dop: 64/64)", "Parent Relationship": "Outer", "Startup Cost": 63002.48, "Total Cost": 203464.29, "Plan Rows": 3296318, "Plan Width": 8, "Actual Min Startup Time": 0.106, "Actual Max Startup Time": 297.598, "Actual Min Total Time": 304.117, "Actual Max Total Time": 610.951, "Plans": [{"Node Type": "Hash Join", "Parent Relationship": "Outer", "Join Type": "Inner", "Startup Cost": 63002.48, "Total Cost": 137341.8, "Plan Rows": 3296318, "Plan Width": 8, "Actual Min Startup Time": 151.808, "Actual Max Startup Time": 321.453, "Actual Min Total Time": 242.856, "Actual Max Total Time": 411.34, "Inner Unique": true, "Hash Cond": "(ci.role_id = rt.id), (LLVM Optimized, Jit Execute)", "Plans": [{"Node Type": "Seq Scan", "Parent Relationship": "Outer", "Relation Name": "cast_info", "Alias": "ci", "Startup Cost": 0.0, "Total Cost": 72404.34, "Plan Rows": 36259494, "Plan Width": 12, "Actual Min Startup Time": 0.025, "Actual Max Startup Time": 9.439, "Actual Min Total Time": 127.377, "Actual Max Total Time": 144.233, "Actual Rows": 36244343}, {"Node Type": "Hash", "Parent Relationship": "Inner", "Startup Cost": 63002.47, "Total Cost": 63002.47, "Plan Rows": 64, "Plan Width": 4, "Actual Min Startup Time": 0.011, "Actual Max Startup Time": 159.839, "Actual Min Total Time": 0.011, "Actual Max Total Time": 159.839, "Max Hash Buckets": 32768, "Min Hash Buckets": 32768, "Max Hash Batches": 1, "Min Hash Batches": 1, "Max Original Hash Batches": 1, "Min Original Hash Batches": 1, "Max Peak Memory Usage": 1, "min Peak Memory Usage": 1, "Plans": [{"Node Type": "Streaming(type: BROADCAST dop: 64/1)", "Parent Relationship": "Outer", "Startup Cost": 0.0, "Total Cost": 63002.47, "Plan Rows": 64, "Plan Width": 4, "Actual Min Startup Time": 0.003, "Actual Max Startup Time": 159.19, "Actual Min Total Time": 0.003, "Actual Max Total Time": 159.194, "Plans": [{"Node Type": "Seq Scan", "Parent Relationship": "Outer", "Relation Name": "role_type", "Alias": "rt", "Startup Cost": 0.0, "Total Cost": 1.15, "Plan Rows": 1, "Plan Width": 4, "Actual Min Startup Time": 0.04, "Actual Max Startup Time": 0.04, "Actual Min Total Time": 0.044, "Actual Max Total Time": 0.044, "Filter": "((role)::text = 'writer'::text)", "Rows Removed by Filter": 11, "Actual Rows": 1}], "Actual Rows": 64}], "Actual Rows": 64}], "Actual Rows": 2728943}], "Actual Rows": 2728943}], "Actual Rows": 2728943}], "Actual Rows": 2343724}], "Actual Rows": 2343724}, {"Node Type": "Hash", "Parent Relationship": "Inner", "Startup Cost": 169365.79, "Total Cost": 169365.79, "Plan Rows": 2609128, "Plan Width": 29, "Actual Min Startup Time": 4926.029, "Actual Max Startup Time": 4926.029, "Actual Min Total Time": 4926.029, "Actual Max Total Time": 4926.029, "Max Hash Buckets": 4194304, "Min Hash Buckets": 4194304, "Max Hash Batches": 1, "Min Hash Batches": 1, "Max Original Hash Batches": 1, "Min Original Hash Batches": 1, "Max Peak Memory Usage": 164769, "min Peak Memory Usage": 164769, "Plans": [{"Node Type": "Hash Join", "Parent Relationship": "Outer", "Join Type": "Inner", "Startup Cost": 91673.0, "Total Cost": 169365.79, "Plan Rows": 2609128, "Plan Width": 29, "Actual Min Startup Time": 1869.664, "Actual Max Startup Time": 1869.664, "Actual Min Total Time": 3974.511, "Actual Max Total Time": 3974.511, "Inner Unique": true, "Hash Cond": "(mc.movie_id = t.id), (LLVM Optimized, Jit Execute)", "Plans": [{"Node Type": "Seq Scan", "Parent Relationship": "Outer", "Relation Name": "movie_companies", "Alias": "mc", "Startup Cost": 0.0, "Total Cost": 41817.28, "Plan Rows": 2609128, "Plan Width": 8, "Actual Min Startup Time": 0.034, "Actual Max Startup Time": 0.034, "Actual Min Total Time": 573.13, "Actual Max Total Time": 573.13, "Actual Rows": 2609128}, {"Node Type": "Hash", "Parent Relationship": "Inner", "Startup Cost": 60069.11, "Total Cost": 60069.11, "Plan Rows": 2528311, "Plan Width": 21, "Actual Min Startup Time": 1867.154, "Actual Max Startup Time": 1867.154, "Actual Min Total Time": 1867.154, "Actual Max Total Time": 1867.154, "Max Hash Buckets": 4194304, "Min Hash Buckets": 4194304, "Max Hash Batches": 1, "Min Hash Batches": 1, "Max Original Hash Batches": 1, "Min Original Hash Batches": 1, "Max Peak Memory Usage": 135869, "min Peak Memory Usage": 135869, "Plans": [{"Node Type": "Seq Scan", "Parent Relationship": "Outer", "Relation Name": "title", "Alias": "t", "Startup Cost": 0.0, "Total Cost": 60069.11, "Plan Rows": 2528311, "Plan Width": 21, "Actual Min Startup Time": 0.025, "Actual Max Startup Time": 0.025, "Actual Min Total Time": 832.832, "Actual Max Total Time": 832.832, "Actual Rows": 2528311}], "Actual Rows": 2528311}], "Actual Rows": 2609128}], "Actual Rows": 2609128}], "Actual Rows": 4961427}, {"Node Type": "Hash", "Parent Relationship": "Inner", "Startup Cost": 5903.45, "Total Cost": 5903.45, "Plan Rows": 85170, "Plan Width": 4, "Actual Min Startup Time": 113.153, "Actual Max Startup Time": 113.153, "Actual Min Total Time": 113.153, "Actual Max Total Time": 113.153, "Max Hash Buckets": 131072, "Min Hash Buckets": 131072, "Max Hash Batches": 1, "Min Hash Batches": 1, "Max Original Hash Batches": 1, "Min Original Hash Batches": 1, "Max Peak Memory Usage": 2983, "min Peak Memory Usage": 2983, "Plans": [{"Node Type": "Seq Scan", "Parent Relationship": "Outer", "Relation Name": "company_name", "Alias": "cn", "Startup Cost": 0.0, "Total Cost": 5903.45, "Plan Rows": 85170, "Plan Width": 4, "Actual Min Startup Time": 0.07, "Actual Max Startup Time": 0.07, "Actual Min Total Time": 89.97, "Actual Max Total Time": 89.97, "Filter": "((country_code)::text = '[us]'::text)", "Rows Removed by Filter": 150153, "Actual Rows": 84843}], "Actual Rows": 84843}], "Actual Rows": 2487611}], "Actual Rows": 1}, "Triggers": [], "Planner Runtime": 172, "Total Runtime": 10708.533, "Unique SQL Id": 2457761703}}, "(64, 41)": {"explain_plan": {"Plan": {"Node Type": "Aggregate", "Strategy": "Plain", "Startup Cost": 807029.54, "Total Cost": 807029.55, "Plan Rows": 1, "Plan Width": 97, "Plans": [{"Node Type": "Hash Join", "Parent Relationship": "Outer", "Join Type": "Inner", "Startup Cost": 729292.26, "Total Cost": 805244.05, "Plan Rows": 357098, "Plan Width": 33, "Inner Unique": false, "Hash Cond": "(a1.person_id = n1.id), (LLVM Optimized)", "Plans": [{"Node Type": "Index Scan", "Parent Relationship": "Outer", "Scan Direction": "Forward", "Index Name": "person_id_aka_name", "Relation Name": "aka_name", "Alias": "a1", "Startup Cost": 0.0, "Total Cost": 68965.03, "Plan Rows": 901342, "Plan Width": 20}, {"Node Type": "Hash", "Parent Relationship": "Inner", "Startup Cost": 720411.52, "Total Cost": 720411.52, "Plan Rows": 710459, "Plan Width": 25, "Plans": [{"Node Type": "Hash Join", "Parent Relationship": "Outer", "Join Type": "Inner", "Startup Cost": 510158.12, "Total Cost": 720411.52, "Plan Rows": 710459, "Plan Width": 25, "Inner Unique": true, "Hash Cond": "(ci.person_id = n1.id), (LLVM Optimized)", "Plans": [{"Node Type": "Hash Join", "Parent Relationship": "Outer", "Join Type": "Inner", "Startup Cost": 333231.89, "Total Cost": 533716.49, "Plan Rows": 710459, "Plan Width": 21, "Inner Unique": false, "Hash Cond": "(ci.movie_id = t.id), (LLVM Optimized)", "Plans": [{"Node Type": "Nested Loop", "Parent Relationship": "Outer", "Join Type": "Inner", "Startup Cost": 0.0, "Total Cost": 171418.25, "Plan Rows": 3296318, "Plan Width": 8, "Inner Unique": false, "Plans": [{"Node Type": "Index Scan", "Parent Relationship": "Outer", "Scan Direction": "Forward", "Index Name": "role_type_pkey", "Relation Name": "role_type", "Alias": "rt", "Startup Cost": 0.0, "Total Cost": 12.46, "Plan Rows": 1, "Plan Width": 4, "Filter": "((role)::text = 'writer'::text)"}, {"Node Type": "Index Scan", "Parent Relationship": "Inner", "Scan Direction": "Forward", "Index Name": "role_id_cast_info", "Relation Name": "cast_info", "Alias": "ci", "Startup Cost": 0.0, "Total Cost": 138442.61, "Plan Rows": 3296318, "Plan Width": 12, "Index Cond": "(role_id = rt.id), (LLVM Optimized)"}]}, {"Node Type": "Hash", "Parent Relationship": "Inner", "Startup Cost": 317203.01, "Total Cost": 317203.01, "Plan Rows": 1282311, "Plan Width": 25, "Plans": [{"Node Type": "Hash Join", "Parent Relationship": "Outer", "Join Type": "Inner", "Startup Cost": 153290.39, "Total Cost": 317203.01, "Plan Rows": 1282311, "Plan Width": 25, "Inner Unique": true, "Hash Cond": "(mc.movie_id = t.id), (LLVM Optimized)", "Plans": [{"Node Type": "Hash Join", "Parent Relationship": "Outer", "Join Type": "Inner", "Startup Cost": 11566.01, "Total Cost": 157846.85, "Plan Rows": 1282311, "Plan Width": 4, "Inner Unique": true, "Hash Cond": "(mc.company_id = cn.id), (LLVM Optimized)", "Plans": [{"Node Type": "Index Scan", "Parent Relationship": "Outer", "Scan Direction": "Forward", "Index Name": "company_id_movie_companies", "Relation Name": "movie_companies", "Alias": "mc", "Startup Cost": 0.0, "Total Cost": 123673.5, "Plan Rows": 2609128, "Plan Width": 8}, {"Node Type": "Hash", "Parent Relationship": "Inner", "Startup Cost": 10501.39, "Total Cost": 10501.39, "Plan Rows": 85170, "Plan Width": 4, "Plans": [{"Node Type": "Index Scan", "Parent Relationship": "Outer", "Scan Direction": "Forward", "Index Name": "company_name_pkey", "Relation Name": "company_name", "Alias": "cn", "Startup Cost": 0.0, "Total Cost": 10501.39, "Plan Rows": 85170, "Plan Width": 4, "Filter": "((country_code)::text = '[us]'::text)"}]}]}, {"Node Type": "Hash", "Parent Relationship": "Inner", "Startup Cost": 110120.49, "Total Cost": 110120.49, "Plan Rows": 2528311, "Plan Width": 21, "Plans": [{"Node Type": "Index Scan", "Parent Relationship": "Outer", "Scan Direction": "Forward", "Index Name": "title_pkey", "Relation Name": "title", "Alias": "t", "Startup Cost": 0.0, "Total Cost": 110120.49, "Plan Rows": 2528311, "Plan Width": 21}]}]}]}]}, {"Node Type": "Hash", "Parent Relationship": "Inner", "Startup Cost": 124832.6, "Total Cost": 124832.6, "Plan Rows": 4167490, "Plan Width": 4, "Plans": [{"Node Type": "Index Only Scan", "Parent Relationship": "Outer", "Scan Direction": "Forward", "Index Name": "name_pkey", "Relation Name": "name", "Alias": "n1", "Startup Cost": 0.0, "Total Cost": 124832.6, "Plan Rows": 4167490, "Plan Width": 4}]}]}]}]}]}, "Unique SQL Id": 2457761703, "Planner Runtime": 92}, "explain_analyze_plan": {"Plan": {"Node Type": "Aggregate", "Strategy": "Plain", "Startup Cost": 807029.54, "Total Cost": 807029.55, "Plan Rows": 1, "Plan Width": 97, "Actual Startup Time": 18924.98, "Actual Total Time": 18924.98, "Actual Rows": 1, "Actual Loops": 1, "Plans": [{"Node Type": "Hash Join", "Parent Relationship": "Outer", "Join Type": "Inner", "Startup Cost": 729292.26, "Total Cost": 805244.05, "Plan Rows": 357098, "Plan Width": 33, "Actual Startup Time": 16059.593, "Actual Total Time": 17769.883, "Actual Rows": 2487611, "Actual Loops": 1, "Inner Unique": false, "Hash Cond": "(a1.person_id = n1.id), (LLVM Optimized, Jit Execute)", "Plans": [{"Node Type": "Index Scan", "Parent Relationship": "Outer", "Scan Direction": "Forward", "Index Name": "person_id_aka_name", "Relation Name": "aka_name", "Alias": "a1", "Startup Cost": 0.0, "Total Cost": 68965.03, "Plan Rows": 901342, "Plan Width": 20, "Actual Startup Time": 0.047, "Actual Total Time": 686.671, "Actual Rows": 901342, "Actual Loops": 1}, {"Node Type": "Hash", "Parent Relationship": "Inner", "Startup Cost": 720411.52, "Total Cost": 720411.52, "Plan Rows": 710459, "Plan Width": 25, "Actual Startup Time": 16052.195, "Actual Total Time": 16052.195, "Actual Rows": 1970658, "Actual Loops": 1, "Hash Buckets": 1048576, "Hash Batches": 1, "Original Hash Batches": 1, "Peak Memory Usage": 112799, "Plans": [{"Node Type": "Hash Join", "Parent Relationship": "Outer", "Join Type": "Inner", "Startup Cost": 510158.12, "Total Cost": 720411.52, "Plan Rows": 710459, "Plan Width": 25, "Actual Startup Time": 11303.596, "Actual Total Time": 15461.01, "Actual Rows": 1970658, "Actual Loops": 1, "Inner Unique": true, "Hash Cond": "(ci.person_id = n1.id), (LLVM Optimized, Jit Execute)", "Plans": [{"Node Type": "Hash Join", "Parent Relationship": "Outer", "Join Type": "Inner", "Startup Cost": 333231.89, "Total Cost": 533716.49, "Plan Rows": 710459, "Plan Width": 21, "Actual Startup Time": 8809.086, "Actual Total Time": 12200.75, "Actual Rows": 1970658, "Actual Loops": 1, "Inner Unique": false, "Hash Cond": "(ci.movie_id = t.id), (LLVM Optimized, Jit Execute)", "Plans": [{"Node Type": "Nested Loop", "Parent Relationship": "Outer", "Join Type": "Inner", "Startup Cost": 0.0, "Total Cost": 171418.25, "Plan Rows": 3296318, "Plan Width": 8, "Actual Startup Time": 0.121, "Actual Total Time": 1877.025, "Actual Rows": 2728943, "Actual Loops": 1, "Inner Unique": false, "Plans": [{"Node Type": "Index Scan", "Parent Relationship": "Outer", "Scan Direction": "Forward", "Index Name": "role_type_pkey", "Relation Name": "role_type", "Alias": "rt", "Startup Cost": 0.0, "Total Cost": 12.46, "Plan Rows": 1, "Plan Width": 4, "Actual Startup Time": 0.07, "Actual Total Time": 0.095, "Actual Rows": 1, "Actual Loops": 1, "Filter": "((role)::text = 'writer'::text)", "Rows Removed by Filter": 11}, {"Node Type": "Index Scan", "Parent Relationship": "Inner", "Scan Direction": "Forward", "Index Name": "role_id_cast_info", "Relation Name": "cast_info", "Alias": "ci", "Startup Cost": 0.0, "Total Cost": 138442.61, "Plan Rows": 3296318, "Plan Width": 12, "Actual Startup Time": 0.038, "Actual Total Time": 1345.228, "Actual Rows": 2728943, "Actual Loops": 1, "Index Cond": "(role_id = rt.id), (LLVM Optimized, Jit Execute)", "Rows Removed by Index Recheck": 0}]}, {"Node Type": "Hash", "Parent Relationship": "Inner", "Startup Cost": 317203.01, "Total Cost": 317203.01, "Plan Rows": 1282311, "Plan Width": 25, "Actual Startup Time": 8804.122, "Actual Total Time": 8804.122, "Actual Rows": 1153797, "Actual Loops": 1, "Hash Buckets": 2097152, "Hash Batches": 1, "Original Hash Batches": 1, "Peak Memory Usage": 68508, "Plans": [{"Node Type": "Hash Join", "Parent Relationship": "Outer", "Join Type": "Inner", "Startup Cost": 153290.39, "Total Cost": 317203.01, "Plan Rows": 1282311, "Plan Width": 25, "Actual Startup Time": 4387.727, "Actual Total Time": 8359.227, "Actual Rows": 1153797, "Actual Loops": 1, "Inner Unique": true, "Hash Cond": "(mc.movie_id = t.id), (LLVM Optimized, Jit Execute)", "Plans": [{"Node Type": "Hash Join", "Parent Relationship": "Outer", "Join Type": "Inner", "Startup Cost": 11566.01, "Total Cost": 157846.85, "Plan Rows": 1282311, "Plan Width": 4, "Actual Startup Time": 304.212, "Actual Total Time": 3634.012, "Actual Rows": 1153797, "Actual Loops": 1, "Inner Unique": true, "Hash Cond": "(mc.company_id = cn.id), (LLVM Optimized, Jit Execute)", "Plans": [{"Node Type": "Index Scan", "Parent Relationship": "Outer", "Scan Direction": "Forward", "Index Name": "company_id_movie_companies", "Relation Name": "movie_companies", "Alias": "mc", "Startup Cost": 0.0, "Total Cost": 123673.5, "Plan Rows": 2609128, "Plan Width": 8, "Actual Startup Time": 0.039, "Actual Total Time": 2571.039, "Actual Rows": 2609128, "Actual Loops": 1}, {"Node Type": "Hash", "Parent Relationship": "Inner", "Startup Cost": 10501.39, "Total Cost": 10501.39, "Plan Rows": 85170, "Plan Width": 4, "Actual Startup Time": 304.059, "Actual Total Time": 304.059, "Actual Rows": 84843, "Actual Loops": 1, "Hash Buckets": 131072, "Hash Batches": 1, "Original Hash Batches": 1, "Peak Memory Usage": 2983, "Plans": [{"Node Type": "Index Scan", "Parent Relationship": "Outer", "Scan Direction": "Forward", "Index Name": "company_name_pkey", "Relation Name": "company_name", "Alias": "cn", "Startup Cost": 0.0, "Total Cost": 10501.39, "Plan Rows": 85170, "Plan Width": 4, "Actual Startup Time": 0.042, "Actual Total Time": 276.862, "Actual Rows": 84843, "Actual Loops": 1, "Filter": "((country_code)::text = '[us]'::text)", "Rows Removed by Filter": 150153}]}]}, {"Node Type": "Hash", "Parent Relationship": "Inner", "Startup Cost": 110120.49, "Total Cost": 110120.49, "Plan Rows": 2528311, "Plan Width": 21, "Actual Startup Time": 4080.997, "Actual Total Time": 4080.997, "Actual Rows": 2528311, "Actual Loops": 1, "Hash Buckets": 4194304, "Hash Batches": 1, "Original Hash Batches": 1, "Peak Memory Usage": 135869, "Plans": [{"Node Type": "Index Scan", "Parent Relationship": "Outer", "Scan Direction": "Forward", "Index Name": "title_pkey", "Relation Name": "title", "Alias": "t", "Startup Cost": 0.0, "Total Cost": 110120.49, "Plan Rows": 2528311, "Plan Width": 21, "Actual Startup Time": 0.042, "Actual Total Time": 3103.534, "Actual Rows": 2528311, "Actual Loops": 1}]}]}]}]}, {"Node Type": "Hash", "Parent Relationship": "Inner", "Startup Cost": 124832.6, "Total Cost": 124832.6, "Plan Rows": 4167490, "Plan Width": 4, "Actual Startup Time": 2492.048, "Actual Total Time": 2492.048, "Actual Rows": 4167490, "Actual Loops": 1, "Hash Buckets": 4194304, "Hash Batches": 1, "Original Hash Batches": 1, "Peak Memory Usage": 146514, "Plans": [{"Node Type": "Index Only Scan", "Parent Relationship": "Outer", "Scan Direction": "Forward", "Index Name": "name_pkey", "Relation Name": "name", "Alias": "n1", "Startup Cost": 0.0, "Total Cost": 124832.6, "Plan Rows": 4167490, "Plan Width": 4, "Actual Startup Time": 0.031, "Actual Total Time": 1032.843, "Actual Rows": 4167490, "Actual Loops": 1, "Heap Fetches": 0}]}]}]}]}]}, "Triggers": [], "Planner Runtime": 92, "Total Runtime": 18940.461, "Unique SQL Id": 2457761703}}, "(64, 42)": {"explain_plan": {"Plan": {"Node Type": "Aggregate", "Strategy": "Plain", "Startup Cost": 528738.29, "Total Cost": 528738.3, "Plan Rows": 1, "Plan Width": 97, "Plans": [{"Node Type": "Hash Join", "Parent Relationship": "Outer", "Join Type": "Inner", "Startup Cost": 336662.4, "Total Cost": 526952.8, "Plan Rows": 357098, "Plan Width": 33, "Inner Unique": true, "Hash Cond": "(mc.company_id = cn.id), (LLVM Optimized)", "Plans": [{"Node Type": "Hash Join", "Parent Relationship": "Outer", "Join Type": "Inner", "Startup Cost": 329694.33, "Total Cost": 513689.03, "Plan Rows": 726589, "Plan Width": 37, "Inner Unique": false, "Hash Cond": "(ci.movie_id = t.id), (LLVM Optimized)", "Plans": [{"Node Type": "Streaming(type: LOCAL GATHER dop: 1/64)", "Parent Relationship": "Outer", "Startup Cost": 254738.78, "Total Cost": 417857.9, "Plan Rows": 1484588, "Plan Width": 20, "Plans": [{"Node Type": "Hash Join", "Parent Relationship": "Outer", "Join Type": "Inner", "Startup Cost": 254738.78, "Total Cost": 387231.02, "Plan Rows": 1484588, "Plan Width": 20, "Inner Unique": false, "Hash Cond": "(a1.person_id = ci.person_id), (LLVM Optimized)", "Plans": [{"Node Type": "Streaming(type: LOCAL REDISTRIBUTE dop: 64/1)", "Parent Relationship": "Outer", "Startup Cost": 202522.7, "Total Cost": 334446.0, "Plan Rows": 901342, "Plan Width": 24, "Plans": [{"Node Type": "Hash Join", "Parent Relationship": "Outer", "Join Type": "Inner", "Startup Cost": 202522.7, "Total Cost": 234824.58, "Plan Rows": 901342, "Plan Width": 24, "Inner Unique": true, "Hash Cond": "(a1.person_id = n1.id), (LLVM Optimized)", "Plans": [{"Node Type": "Seq Scan", "Parent Relationship": "Outer", "Relation Name": "aka_name", "Alias": "a1", "Startup Cost": 0.0, "Total Cost": 19908.42, "Plan Rows": 901342, "Plan Width": 20}, {"Node Type": "Hash", "Parent Relationship": "Inner", "Startup Cost": 150429.08, "Total Cost": 150429.08, "Plan Rows": 4167490, "Plan Width": 4, "Plans": [{"Node Type": "Streaming(type: LOCAL GATHER dop: 1/64)", "Parent Relationship": "Outer", "Startup Cost": 0.0, "Total Cost": 150429.08, "Plan Rows": 4167490, "Plan Width": 4, "Plans": [{"Node Type": "Seq Scan", "Parent Relationship": "Outer", "Relation Name": "name", "Alias": "n1", "Startup Cost": 0.0, "Total Cost": 64454.25, "Plan Rows": 4167490, "Plan Width": 4}]}]}]}]}, {"Node Type": "Hash", "Parent Relationship": "Inner", "Startup Cost": 203464.29, "Total Cost": 203464.29, "Plan Rows": 3296318, "Plan Width": 8, "Plans": [{"Node Type": "Streaming(type: LOCAL REDISTRIBUTE dop: 64/64)", "Parent Relationship": "Outer", "Startup Cost": 63002.48, "Total Cost": 203464.29, "Plan Rows": 3296318, "Plan Width": 8, "Plans": [{"Node Type": "Hash Join", "Parent Relationship": "Outer", "Join Type": "Inner", "Startup Cost": 63002.48, "Total Cost": 137341.8, "Plan Rows": 3296318, "Plan Width": 8, "Inner Unique": true, "Hash Cond": "(ci.role_id = rt.id), (LLVM Optimized)", "Plans": [{"Node Type": "Seq Scan", "Parent Relationship": "Outer", "Relation Name": "cast_info", "Alias": "ci", "Startup Cost": 0.0, "Total Cost": 72404.34, "Plan Rows": 36259494, "Plan Width": 12}, {"Node Type": "Hash", "Parent Relationship": "Inner", "Startup Cost": 63002.47, "Total Cost": 63002.47, "Plan Rows": 64, "Plan Width": 4, "Plans": [{"Node Type": "Streaming(type: BROADCAST dop: 64/1)", "Parent Relationship": "Outer", "Startup Cost": 0.0, "Total Cost": 63002.47, "Plan Rows": 64, "Plan Width": 4, "Plans": [{"Node Type": "Seq Scan", "Parent Relationship": "Outer", "Relation Name": "role_type", "Alias": "rt", "Startup Cost": 0.0, "Total Cost": 1.15, "Plan Rows": 1, "Plan Width": 4, "Filter": "((role)::text = 'writer'::text)"}]}]}]}]}]}]}]}, {"Node Type": "Hash", "Parent Relationship": "Inner", "Startup Cost": 169365.79, "Total Cost": 169365.79, "Plan Rows": 2609128, "Plan Width": 29, "Plans": [{"Node Type": "Hash Join", "Parent Relationship": "Outer", "Join Type": "Inner", "Startup Cost": 91673.0, "Total Cost": 169365.79, "Plan Rows": 2609128, "Plan Width": 29, "Inner Unique": true, "Hash Cond": "(mc.movie_id = t.id), (LLVM Optimized)", "Plans": [{"Node Type": "Seq Scan", "Parent Relationship": "Outer", "Relation Name": "movie_companies", "Alias": "mc", "Startup Cost": 0.0, "Total Cost": 41817.28, "Plan Rows": 2609128, "Plan Width": 8}, {"Node Type": "Hash", "Parent Relationship": "Inner", "Startup Cost": 60069.11, "Total Cost": 60069.11, "Plan Rows": 2528311, "Plan Width": 21, "Plans": [{"Node Type": "Seq Scan", "Parent Relationship": "Outer", "Relation Name": "title", "Alias": "t", "Startup Cost": 0.0, "Total Cost": 60069.11, "Plan Rows": 2528311, "Plan Width": 21}]}]}]}]}, {"Node Type": "Hash", "Parent Relationship": "Inner", "Startup Cost": 5903.45, "Total Cost": 5903.45, "Plan Rows": 85170, "Plan Width": 4, "Plans": [{"Node Type": "Seq Scan", "Parent Relationship": "Outer", "Relation Name": "company_name", "Alias": "cn", "Startup Cost": 0.0, "Total Cost": 5903.45, "Plan Rows": 85170, "Plan Width": 4, "Filter": "((country_code)::text = '[us]'::text)"}]}]}]}, "Unique SQL Id": 2457761703, "Planner Runtime": 186}, "explain_analyze_plan": {"Plan": {"Node Type": "Aggregate", "Strategy": "Plain", "Startup Cost": 528738.29, "Total Cost": 528738.3, "Plan Rows": 1, "Plan Width": 97, "Actual Min Startup Time": 10653.339, "Actual Max Startup Time": 10653.339, "Actual Min Total Time": 10653.34, "Actual Max Total Time": 10653.34, "Plans": [{"Node Type": "Hash Join", "Parent Relationship": "Outer", "Join Type": "Inner", "Startup Cost": 336662.4, "Total Cost": 526952.8, "Plan Rows": 357098, "Plan Width": 33, "Actual Min Startup Time": 5045.785, "Actual Max Startup Time": 5045.785, "Actual Min Total Time": 9470.761, "Actual Max Total Time": 9470.761, "Inner Unique": true, "Hash Cond": "(mc.company_id = cn.id), (LLVM Optimized, Jit Execute)", "Plans": [{"Node Type": "Hash Join", "Parent Relationship": "Outer", "Join Type": "Inner", "Startup Cost": 329694.33, "Total Cost": 513689.03, "Plan Rows": 726589, "Plan Width": 37, "Actual Min Startup Time": 4932.473, "Actual Max Startup Time": 4932.473, "Actual Min Total Time": 8014.504, "Actual Max Total Time": 8014.504, "Inner Unique": false, "Hash Cond": "(ci.movie_id = t.id), (LLVM Optimized, Jit Execute)", "Plans": [{"Node Type": "Streaming(type: LOCAL GATHER dop: 1/64)", "Parent Relationship": "Outer", "Startup Cost": 254738.78, "Total Cost": 417857.9, "Plan Rows": 1484588, "Plan Width": 20, "Actual Min Startup Time": 0.149, "Actual Max Startup Time": 0.149, "Actual Min Total Time": 1136.935, "Actual Max Total Time": 1136.935, "Plans": [{"Node Type": "Hash Join", "Parent Relationship": "Outer", "Join Type": "Inner", "Startup Cost": 254738.78, "Total Cost": 387231.02, "Plan Rows": 1484588, "Plan Width": 20, "Actual Min Startup Time": 2400.847, "Actual Max Startup Time": 4561.54, "Actual Min Total Time": 6405.607, "Actual Max Total Time": 9204.271, "Inner Unique": false, "Hash Cond": "(a1.person_id = ci.person_id), (LLVM Optimized, Jit Execute)", "Plans": [{"Node Type": "Streaming(type: LOCAL REDISTRIBUTE dop: 64/1)", "Parent Relationship": "Outer", "Startup Cost": 202522.7, "Total Cost": 334446.0, "Plan Rows": 901342, "Plan Width": 24, "Actual Min Startup Time": 2082.179, "Actual Max Startup Time": 4189.143, "Actual Min Total Time": 5973.318, "Actual Max Total Time": 8689.53, "Plans": [{"Node Type": "Hash Join", "Parent Relationship": "Outer", "Join Type": "Inner", "Startup Cost": 202522.7, "Total Cost": 234824.58, "Plan Rows": 901342, "Plan Width": 24, "Actual Min Startup Time": 2391.386, "Actual Max Startup Time": 2391.386, "Actual Min Total Time": 3134.379, "Actual Max Total Time": 3134.379, "Inner Unique": true, "Hash Cond": "(a1.person_id = n1.id), (LLVM Optimized, Jit Execute)", "Plans": [{"Node Type": "Seq Scan", "Parent Relationship": "Outer", "Relation Name": "aka_name", "Alias": "a1", "Startup Cost": 0.0, "Total Cost": 19908.42, "Plan Rows": 901342, "Plan Width": 20, "Actual Min Startup Time": 0.031, "Actual Max Startup Time": 0.031, "Actual Min Total Time": 226.0, "Actual Max Total Time": 226.0, "Actual Rows": 901342}, {"Node Type": "Hash", "Parent Relationship": "Inner", "Startup Cost": 150429.08, "Total Cost": 150429.08, "Plan Rows": 4167490, "Plan Width": 4, "Actual Min Startup Time": 2388.72, "Actual Max Startup Time": 2388.72, "Actual Min Total Time": 2388.72, "Actual Max Total Time": 2388.72, "Max Hash Buckets": 4194304, "Min Hash Buckets": 4194304, "Max Hash Batches": 1, "Min Hash Batches": 1, "Max Original Hash Batches": 1, "Min Original Hash Batches": 1, "Max Peak Memory Usage": 146514, "min Peak Memory Usage": 146514, "Plans": [{"Node Type": "Streaming(type: LOCAL GATHER dop: 1/64)", "Parent Relationship": "Outer", "Startup Cost": 0.0, "Total Cost": 150429.08, "Plan Rows": 4167490, "Plan Width": 4, "Actual Min Startup Time": 0.144, "Actual Max Startup Time": 0.144, "Actual Min Total Time": 1203.473, "Actual Max Total Time": 1203.473, "Plans": [{"Node Type": "Seq Scan", "Parent Relationship": "Outer", "Relation Name": "name", "Alias": "n1", "Startup Cost": 0.0, "Total Cost": 64454.25, "Plan Rows": 4167490, "Plan Width": 4, "Actual Min Startup Time": 0.019, "Actual Max Startup Time": 0.041, "Actual Min Total Time": 18.918, "Actual Max Total Time": 22.367, "Actual Rows": 4167490}], "Actual Rows": 4167490}], "Actual Rows": 4167490}], "Actual Rows": 901342}], "Actual Rows": 901342}, {"Node Type": "Hash", "Parent Relationship": "Inner", "Startup Cost": 203464.29, "Total Cost": 203464.29, "Plan Rows": 3296318, "Plan Width": 8, "Actual Min Startup Time": 314.974, "Actual Max Startup Time": 620.859, "Actual Min Total Time": 314.974, "Actual Max Total Time": 620.859, "Max Hash Buckets": 65536, "Min Hash Buckets": 65536, "Max Hash Batches": 1, "Min Hash Batches": 1, "Max Original Hash Batches": 1, "Min Original Hash Batches": 1, "Max Peak Memory Usage": 1483, "min Peak Memory Usage": 1483, "Plans": [{"Node Type": "Streaming(type: LOCAL REDISTRIBUTE dop: 64/64)", "Parent Relationship": "Outer", "Startup Cost": 63002.48, "Total Cost": 203464.29, "Plan Rows": 3296318, "Plan Width": 8, "Actual Min Startup Time": 0.106, "Actual Max Startup Time": 297.598, "Actual Min Total Time": 304.117, "Actual Max Total Time": 610.951, "Plans": [{"Node Type": "Hash Join", "Parent Relationship": "Outer", "Join Type": "Inner", "Startup Cost": 63002.48, "Total Cost": 137341.8, "Plan Rows": 3296318, "Plan Width": 8, "Actual Min Startup Time": 151.808, "Actual Max Startup Time": 321.453, "Actual Min Total Time": 242.856, "Actual Max Total Time": 411.34, "Inner Unique": true, "Hash Cond": "(ci.role_id = rt.id), (LLVM Optimized, Jit Execute)", "Plans": [{"Node Type": "Seq Scan", "Parent Relationship": "Outer", "Relation Name": "cast_info", "Alias": "ci", "Startup Cost": 0.0, "Total Cost": 72404.34, "Plan Rows": 36259494, "Plan Width": 12, "Actual Min Startup Time": 0.025, "Actual Max Startup Time": 9.439, "Actual Min Total Time": 127.377, "Actual Max Total Time": 144.233, "Actual Rows": 36244343}, {"Node Type": "Hash", "Parent Relationship": "Inner", "Startup Cost": 63002.47, "Total Cost": 63002.47, "Plan Rows": 64, "Plan Width": 4, "Actual Min Startup Time": 0.011, "Actual Max Startup Time": 159.839, "Actual Min Total Time": 0.011, "Actual Max Total Time": 159.839, "Max Hash Buckets": 32768, "Min Hash Buckets": 32768, "Max Hash Batches": 1, "Min Hash Batches": 1, "Max Original Hash Batches": 1, "Min Original Hash Batches": 1, "Max Peak Memory Usage": 1, "min Peak Memory Usage": 1, "Plans": [{"Node Type": "Streaming(type: BROADCAST dop: 64/1)", "Parent Relationship": "Outer", "Startup Cost": 0.0, "Total Cost": 63002.47, "Plan Rows": 64, "Plan Width": 4, "Actual Min Startup Time": 0.003, "Actual Max Startup Time": 159.19, "Actual Min Total Time": 0.003, "Actual Max Total Time": 159.194, "Plans": [{"Node Type": "Seq Scan", "Parent Relationship": "Outer", "Relation Name": "role_type", "Alias": "rt", "Startup Cost": 0.0, "Total Cost": 1.15, "Plan Rows": 1, "Plan Width": 4, "Actual Min Startup Time": 0.04, "Actual Max Startup Time": 0.04, "Actual Min Total Time": 0.044, "Actual Max Total Time": 0.044, "Filter": "((role)::text = 'writer'::text)", "Rows Removed by Filter": 11, "Actual Rows": 1}], "Actual Rows": 64}], "Actual Rows": 64}], "Actual Rows": 2728943}], "Actual Rows": 2728943}], "Actual Rows": 2728943}], "Actual Rows": 2343724}], "Actual Rows": 2343724}, {"Node Type": "Hash", "Parent Relationship": "Inner", "Startup Cost": 169365.79, "Total Cost": 169365.79, "Plan Rows": 2609128, "Plan Width": 29, "Actual Min Startup Time": 4926.029, "Actual Max Startup Time": 4926.029, "Actual Min Total Time": 4926.029, "Actual Max Total Time": 4926.029, "Max Hash Buckets": 4194304, "Min Hash Buckets": 4194304, "Max Hash Batches": 1, "Min Hash Batches": 1, "Max Original Hash Batches": 1, "Min Original Hash Batches": 1, "Max Peak Memory Usage": 164769, "min Peak Memory Usage": 164769, "Plans": [{"Node Type": "Hash Join", "Parent Relationship": "Outer", "Join Type": "Inner", "Startup Cost": 91673.0, "Total Cost": 169365.79, "Plan Rows": 2609128, "Plan Width": 29, "Actual Min Startup Time": 1869.664, "Actual Max Startup Time": 1869.664, "Actual Min Total Time": 3974.511, "Actual Max Total Time": 3974.511, "Inner Unique": true, "Hash Cond": "(mc.movie_id = t.id), (LLVM Optimized, Jit Execute)", "Plans": [{"Node Type": "Seq Scan", "Parent Relationship": "Outer", "Relation Name": "movie_companies", "Alias": "mc", "Startup Cost": 0.0, "Total Cost": 41817.28, "Plan Rows": 2609128, "Plan Width": 8, "Actual Min Startup Time": 0.034, "Actual Max Startup Time": 0.034, "Actual Min Total Time": 573.13, "Actual Max Total Time": 573.13, "Actual Rows": 2609128}, {"Node Type": "Hash", "Parent Relationship": "Inner", "Startup Cost": 60069.11, "Total Cost": 60069.11, "Plan Rows": 2528311, "Plan Width": 21, "Actual Min Startup Time": 1867.154, "Actual Max Startup Time": 1867.154, "Actual Min Total Time": 1867.154, "Actual Max Total Time": 1867.154, "Max Hash Buckets": 4194304, "Min Hash Buckets": 4194304, "Max Hash Batches": 1, "Min Hash Batches": 1, "Max Original Hash Batches": 1, "Min Original Hash Batches": 1, "Max Peak Memory Usage": 135869, "min Peak Memory Usage": 135869, "Plans": [{"Node Type": "Seq Scan", "Parent Relationship": "Outer", "Relation Name": "title", "Alias": "t", "Startup Cost": 0.0, "Total Cost": 60069.11, "Plan Rows": 2528311, "Plan Width": 21, "Actual Min Startup Time": 0.025, "Actual Max Startup Time": 0.025, "Actual Min Total Time": 832.832, "Actual Max Total Time": 832.832, "Actual Rows": 2528311}], "Actual Rows": 2528311}], "Actual Rows": 2609128}], "Actual Rows": 2609128}], "Actual Rows": 4961427}, {"Node Type": "Hash", "Parent Relationship": "Inner", "Startup Cost": 5903.45, "Total Cost": 5903.45, "Plan Rows": 85170, "Plan Width": 4, "Actual Min Startup Time": 113.153, "Actual Max Startup Time": 113.153, "Actual Min Total Time": 113.153, "Actual Max Total Time": 113.153, "Max Hash Buckets": 131072, "Min Hash Buckets": 131072, "Max Hash Batches": 1, "Min Hash Batches": 1, "Max Original Hash Batches": 1, "Min Original Hash Batches": 1, "Max Peak Memory Usage": 2983, "min Peak Memory Usage": 2983, "Plans": [{"Node Type": "Seq Scan", "Parent Relationship": "Outer", "Relation Name": "company_name", "Alias": "cn", "Startup Cost": 0.0, "Total Cost": 5903.45, "Plan Rows": 85170, "Plan Width": 4, "Actual Min Startup Time": 0.07, "Actual Max Startup Time": 0.07, "Actual Min Total Time": 89.97, "Actual Max Total Time": 89.97, "Filter": "((country_code)::text = '[us]'::text)", "Rows Removed by Filter": 150153, "Actual Rows": 84843}], "Actual Rows": 84843}], "Actual Rows": 2487611}], "Actual Rows": 1}, "Triggers": [], "Planner Runtime": 172, "Total Runtime": 10708.533, "Unique SQL Id": 2457761703}}, "(64, 43)": {"explain_plan": {"Plan": {"Node Type": "Aggregate", "Strategy": "Plain", "Startup Cost": 7003513384784.16, "Total Cost": 7003513384784.17, "Plan Rows": 1, "Plan Width": 97, "Plans": [{"Node Type": "Hash Join", "Parent Relationship": "Outer", "Join Type": "Inner", "Startup Cost": 5023377247859.3, "Total Cost": 7003513382998.67, "Plan Rows": 357098, "Plan Width": 33, "Inner Unique": false, "Hash Cond": "(ci.movie_id = t.id), (LLVM Optimized)", "Plans": [{"Node Type": "Hash Join", "Parent Relationship": "Outer", "Join Type": "Inner", "Startup Cost": 2020019443123.83, "Total Cost": 4000155565172.37, "Plan Rows": 1484588, "Plan Width": 20, "Inner Unique": false, "Hash Cond": "(n1.id = a1.person_id), (LLVM Optimized)", "Plans": [{"Node Type": "Nested Loop", "Parent Relationship": "Outer", "Join Type": "Inner", "Startup Cost": 1020012535353.62, "Total Cost": 3000147641877.34, "Plan Rows": 3296318, "Plan Width": 12, "Inner Unique": false, "Join Filter": "(ci.role_id = rt.id), (LLVM Optimized)", "Plans": [{"Node Type": "Index Scan", "Parent Relationship": "Outer", "Scan Direction": "Forward", "Index Name": "role_type_pkey", "Relation Name": "role_type", "Alias": "rt", "Startup Cost": 10000000000.0, "Total Cost": 1000000001246.0, "Plan Rows": 1, "Plan Width": 4, "Filter": "((role)::text = 'writer'::text)"}, {"Node Type": "Hash Join", "Parent Relationship": "Inner", "Join Type": "Inner", "Startup Cost": 1010012535353.62, "Total Cost": 2000147187387.67, "Plan Rows": 36259494, "Plan Width": 16, "Inner Unique": true, "Hash Cond": "(ci.person_id = n1.id), (LLVM Optimized)", "Plans": [{"Node Type": "Index Scan", "Parent Relationship": "Outer", "Scan Direction": "Forward", "Index Name": "role_id_cast_info", "Relation Name": "cast_info", "Alias": "ci", "Startup Cost": 10000000000.0, "Total Cost": 1000134153466.0, "Plan Rows": 36259494, "Plan Width": 12}, {"Node Type": "Hash", "Parent Relationship": "Inner", "Startup Cost": 1000012483260.0, "Total Cost": 1000012483260.0, "Plan Rows": 4167490, "Plan Width": 4, "Plans": [{"Node Type": "Index Only Scan", "Parent Relationship": "Outer", "Scan Direction": "Forward", "Index Name": "name_pkey", "Relation Name": "name", "Alias": "n1", "Startup Cost": 10000000000.0, "Total Cost": 1000012483260.0, "Plan Rows": 4167490, "Plan Width": 4}]}]}]}, {"Node Type": "Hash", "Parent Relationship": "Inner", "Startup Cost": 1000006896503.43, "Total Cost": 1000006896503.43, "Plan Rows": 901342, "Plan Width": 20, "Plans": [{"Node Type": "Index Scan", "Parent Relationship": "Outer", "Scan Direction": "Forward", "Index Name": "person_id_aka_name", "Relation Name": "aka_name", "Alias": "a1", "Startup Cost": 10000000000.0, "Total Cost": 1000006896503.43, "Plan Rows": 901342, "Plan Width": 20}]}]}, {"Node Type": "Hash", "Parent Relationship": "Inner", "Startup Cost": 3003357788706.59, "Total Cost": 3003357788706.59, "Plan Rows": 1282311, "Plan Width": 25, "Plans": [{"Node Type": "Nested Loop", "Parent Relationship": "Outer", "Join Type": "Inner", "Startup Cost": 1020011043652.8, "Total Cost": 3003357788706.59, "Plan Rows": 1282311, "Plan Width": 25, "Inner Unique": true, "Join Filter": "(mc.company_id = cn.id), (LLVM Optimized)", "Plans": [{"Node Type": "Hash Join", "Parent Relationship": "Outer", "Join Type": "Inner", "Startup Cost": 1010011043652.8, "Total Cost": 2000023446878.29, "Plan Rows": 2609128, "Plan Width": 29, "Inner Unique": true, "Hash Cond": "(mc.movie_id = t.id), (LLVM Optimized)", "Plans": [{"Node Type": "Index Scan", "Parent Relationship": "Outer", "Scan Direction": "Forward", "Index Name": "company_id_movie_companies", "Relation Name": "movie_companies", "Alias": "mc", "Startup Cost": 10000000000.0, "Total Cost": 1000012367349.98, "Plan Rows": 2609128, "Plan Width": 8}, {"Node Type": "Hash", "Parent Relationship": "Inner", "Startup Cost": 1000011012048.91, "Total Cost": 1000011012048.91, "Plan Rows": 2528311, "Plan Width": 21, "Plans": [{"Node Type": "Index Scan", "Parent Relationship": "Outer", "Scan Direction": "Forward", "Index Name": "title_pkey", "Relation Name": "title", "Alias": "t", "Startup Cost": 10000000000.0, "Total Cost": 1000011012048.91, "Plan Rows": 2528311, "Plan Width": 21}]}]}, {"Node Type": "Materialize", "Parent Relationship": "Inner", "Startup Cost": 10000000000.0, "Total Cost": 1000001050564.82, "Plan Rows": 85170, "Plan Width": 4, "Plans": [{"Node Type": "Index Scan", "Parent Relationship": "Outer", "Scan Direction": "Forward", "Index Name": "company_name_pkey", "Relation Name": "company_name", "Alias": "cn", "Startup Cost": 10000000000.0, "Total Cost": 1000001050138.97, "Plan Rows": 85170, "Plan Width": 4, "Filter": "((country_code)::text = '[us]'::text)"}]}]}]}]}]}, "Unique SQL Id": 2457761703, "Planner Runtime": 53}, "explain_analyze_plan": null}, "(64, 44)": {"explain_plan": {"Plan": {"Node Type": "Aggregate", "Strategy": "Plain", "Startup Cost": 528738.29, "Total Cost": 528738.3, "Plan Rows": 1, "Plan Width": 97, "Plans": [{"Node Type": "Hash Join", "Parent Relationship": "Outer", "Join Type": "Inner", "Startup Cost": 336662.4, "Total Cost": 526952.8, "Plan Rows": 357098, "Plan Width": 33, "Inner Unique": true, "Hash Cond": "(mc.company_id = cn.id), (LLVM Optimized)", "Plans": [{"Node Type": "Hash Join", "Parent Relationship": "Outer", "Join Type": "Inner", "Startup Cost": 329694.33, "Total Cost": 513689.03, "Plan Rows": 726589, "Plan Width": 37, "Inner Unique": false, "Hash Cond": "(ci.movie_id = t.id), (LLVM Optimized)", "Plans": [{"Node Type": "Streaming(type: LOCAL GATHER dop: 1/64)", "Parent Relationship": "Outer", "Startup Cost": 254738.78, "Total Cost": 417857.9, "Plan Rows": 1484588, "Plan Width": 20, "Plans": [{"Node Type": "Hash Join", "Parent Relationship": "Outer", "Join Type": "Inner", "Startup Cost": 254738.78, "Total Cost": 387231.02, "Plan Rows": 1484588, "Plan Width": 20, "Inner Unique": false, "Hash Cond": "(a1.person_id = ci.person_id), (LLVM Optimized)", "Plans": [{"Node Type": "Streaming(type: LOCAL REDISTRIBUTE dop: 64/1)", "Parent Relationship": "Outer", "Startup Cost": 202522.7, "Total Cost": 334446.0, "Plan Rows": 901342, "Plan Width": 24, "Plans": [{"Node Type": "Hash Join", "Parent Relationship": "Outer", "Join Type": "Inner", "Startup Cost": 202522.7, "Total Cost": 234824.58, "Plan Rows": 901342, "Plan Width": 24, "Inner Unique": true, "Hash Cond": "(a1.person_id = n1.id), (LLVM Optimized)", "Plans": [{"Node Type": "Seq Scan", "Parent Relationship": "Outer", "Relation Name": "aka_name", "Alias": "a1", "Startup Cost": 0.0, "Total Cost": 19908.42, "Plan Rows": 901342, "Plan Width": 20}, {"Node Type": "Hash", "Parent Relationship": "Inner", "Startup Cost": 150429.08, "Total Cost": 150429.08, "Plan Rows": 4167490, "Plan Width": 4, "Plans": [{"Node Type": "Streaming(type: LOCAL GATHER dop: 1/64)", "Parent Relationship": "Outer", "Startup Cost": 0.0, "Total Cost": 150429.08, "Plan Rows": 4167490, "Plan Width": 4, "Plans": [{"Node Type": "Seq Scan", "Parent Relationship": "Outer", "Relation Name": "name", "Alias": "n1", "Startup Cost": 0.0, "Total Cost": 64454.25, "Plan Rows": 4167490, "Plan Width": 4}]}]}]}]}, {"Node Type": "Hash", "Parent Relationship": "Inner", "Startup Cost": 203464.29, "Total Cost": 203464.29, "Plan Rows": 3296318, "Plan Width": 8, "Plans": [{"Node Type": "Streaming(type: LOCAL REDISTRIBUTE dop: 64/64)", "Parent Relationship": "Outer", "Startup Cost": 63002.48, "Total Cost": 203464.29, "Plan Rows": 3296318, "Plan Width": 8, "Plans": [{"Node Type": "Hash Join", "Parent Relationship": "Outer", "Join Type": "Inner", "Startup Cost": 63002.48, "Total Cost": 137341.8, "Plan Rows": 3296318, "Plan Width": 8, "Inner Unique": true, "Hash Cond": "(ci.role_id = rt.id), (LLVM Optimized)", "Plans": [{"Node Type": "Seq Scan", "Parent Relationship": "Outer", "Relation Name": "cast_info", "Alias": "ci", "Startup Cost": 0.0, "Total Cost": 72404.34, "Plan Rows": 36259494, "Plan Width": 12}, {"Node Type": "Hash", "Parent Relationship": "Inner", "Startup Cost": 63002.47, "Total Cost": 63002.47, "Plan Rows": 64, "Plan Width": 4, "Plans": [{"Node Type": "Streaming(type: BROADCAST dop: 64/1)", "Parent Relationship": "Outer", "Startup Cost": 0.0, "Total Cost": 63002.47, "Plan Rows": 64, "Plan Width": 4, "Plans": [{"Node Type": "Seq Scan", "Parent Relationship": "Outer", "Relation Name": "role_type", "Alias": "rt", "Startup Cost": 0.0, "Total Cost": 1.15, "Plan Rows": 1, "Plan Width": 4, "Filter": "((role)::text = 'writer'::text)"}]}]}]}]}]}]}]}, {"Node Type": "Hash", "Parent Relationship": "Inner", "Startup Cost": 169365.79, "Total Cost": 169365.79, "Plan Rows": 2609128, "Plan Width": 29, "Plans": [{"Node Type": "Hash Join", "Parent Relationship": "Outer", "Join Type": "Inner", "Startup Cost": 91673.0, "Total Cost": 169365.79, "Plan Rows": 2609128, "Plan Width": 29, "Inner Unique": true, "Hash Cond": "(mc.movie_id = t.id), (LLVM Optimized)", "Plans": [{"Node Type": "Seq Scan", "Parent Relationship": "Outer", "Relation Name": "movie_companies", "Alias": "mc", "Startup Cost": 0.0, "Total Cost": 41817.28, "Plan Rows": 2609128, "Plan Width": 8}, {"Node Type": "Hash", "Parent Relationship": "Inner", "Startup Cost": 60069.11, "Total Cost": 60069.11, "Plan Rows": 2528311, "Plan Width": 21, "Plans": [{"Node Type": "Seq Scan", "Parent Relationship": "Outer", "Relation Name": "title", "Alias": "t", "Startup Cost": 0.0, "Total Cost": 60069.11, "Plan Rows": 2528311, "Plan Width": 21}]}]}]}]}, {"Node Type": "Hash", "Parent Relationship": "Inner", "Startup Cost": 5903.45, "Total Cost": 5903.45, "Plan Rows": 85170, "Plan Width": 4, "Plans": [{"Node Type": "Seq Scan", "Parent Relationship": "Outer", "Relation Name": "company_name", "Alias": "cn", "Startup Cost": 0.0, "Total Cost": 5903.45, "Plan Rows": 85170, "Plan Width": 4, "Filter": "((country_code)::text = '[us]'::text)"}]}]}]}, "Unique SQL Id": 2457761703, "Planner Runtime": 166}, "explain_analyze_plan": {"Plan": {"Node Type": "Aggregate", "Strategy": "Plain", "Startup Cost": 528738.29, "Total Cost": 528738.3, "Plan Rows": 1, "Plan Width": 97, "Actual Min Startup Time": 10653.339, "Actual Max Startup Time": 10653.339, "Actual Min Total Time": 10653.34, "Actual Max Total Time": 10653.34, "Plans": [{"Node Type": "Hash Join", "Parent Relationship": "Outer", "Join Type": "Inner", "Startup Cost": 336662.4, "Total Cost": 526952.8, "Plan Rows": 357098, "Plan Width": 33, "Actual Min Startup Time": 5045.785, "Actual Max Startup Time": 5045.785, "Actual Min Total Time": 9470.761, "Actual Max Total Time": 9470.761, "Inner Unique": true, "Hash Cond": "(mc.company_id = cn.id), (LLVM Optimized, Jit Execute)", "Plans": [{"Node Type": "Hash Join", "Parent Relationship": "Outer", "Join Type": "Inner", "Startup Cost": 329694.33, "Total Cost": 513689.03, "Plan Rows": 726589, "Plan Width": 37, "Actual Min Startup Time": 4932.473, "Actual Max Startup Time": 4932.473, "Actual Min Total Time": 8014.504, "Actual Max Total Time": 8014.504, "Inner Unique": false, "Hash Cond": "(ci.movie_id = t.id), (LLVM Optimized, Jit Execute)", "Plans": [{"Node Type": "Streaming(type: LOCAL GATHER dop: 1/64)", "Parent Relationship": "Outer", "Startup Cost": 254738.78, "Total Cost": 417857.9, "Plan Rows": 1484588, "Plan Width": 20, "Actual Min Startup Time": 0.149, "Actual Max Startup Time": 0.149, "Actual Min Total Time": 1136.935, "Actual Max Total Time": 1136.935, "Plans": [{"Node Type": "Hash Join", "Parent Relationship": "Outer", "Join Type": "Inner", "Startup Cost": 254738.78, "Total Cost": 387231.02, "Plan Rows": 1484588, "Plan Width": 20, "Actual Min Startup Time": 2400.847, "Actual Max Startup Time": 4561.54, "Actual Min Total Time": 6405.607, "Actual Max Total Time": 9204.271, "Inner Unique": false, "Hash Cond": "(a1.person_id = ci.person_id), (LLVM Optimized, Jit Execute)", "Plans": [{"Node Type": "Streaming(type: LOCAL REDISTRIBUTE dop: 64/1)", "Parent Relationship": "Outer", "Startup Cost": 202522.7, "Total Cost": 334446.0, "Plan Rows": 901342, "Plan Width": 24, "Actual Min Startup Time": 2082.179, "Actual Max Startup Time": 4189.143, "Actual Min Total Time": 5973.318, "Actual Max Total Time": 8689.53, "Plans": [{"Node Type": "Hash Join", "Parent Relationship": "Outer", "Join Type": "Inner", "Startup Cost": 202522.7, "Total Cost": 234824.58, "Plan Rows": 901342, "Plan Width": 24, "Actual Min Startup Time": 2391.386, "Actual Max Startup Time": 2391.386, "Actual Min Total Time": 3134.379, "Actual Max Total Time": 3134.379, "Inner Unique": true, "Hash Cond": "(a1.person_id = n1.id), (LLVM Optimized, Jit Execute)", "Plans": [{"Node Type": "Seq Scan", "Parent Relationship": "Outer", "Relation Name": "aka_name", "Alias": "a1", "Startup Cost": 0.0, "Total Cost": 19908.42, "Plan Rows": 901342, "Plan Width": 20, "Actual Min Startup Time": 0.031, "Actual Max Startup Time": 0.031, "Actual Min Total Time": 226.0, "Actual Max Total Time": 226.0, "Actual Rows": 901342}, {"Node Type": "Hash", "Parent Relationship": "Inner", "Startup Cost": 150429.08, "Total Cost": 150429.08, "Plan Rows": 4167490, "Plan Width": 4, "Actual Min Startup Time": 2388.72, "Actual Max Startup Time": 2388.72, "Actual Min Total Time": 2388.72, "Actual Max Total Time": 2388.72, "Max Hash Buckets": 4194304, "Min Hash Buckets": 4194304, "Max Hash Batches": 1, "Min Hash Batches": 1, "Max Original Hash Batches": 1, "Min Original Hash Batches": 1, "Max Peak Memory Usage": 146514, "min Peak Memory Usage": 146514, "Plans": [{"Node Type": "Streaming(type: LOCAL GATHER dop: 1/64)", "Parent Relationship": "Outer", "Startup Cost": 0.0, "Total Cost": 150429.08, "Plan Rows": 4167490, "Plan Width": 4, "Actual Min Startup Time": 0.144, "Actual Max Startup Time": 0.144, "Actual Min Total Time": 1203.473, "Actual Max Total Time": 1203.473, "Plans": [{"Node Type": "Seq Scan", "Parent Relationship": "Outer", "Relation Name": "name", "Alias": "n1", "Startup Cost": 0.0, "Total Cost": 64454.25, "Plan Rows": 4167490, "Plan Width": 4, "Actual Min Startup Time": 0.019, "Actual Max Startup Time": 0.041, "Actual Min Total Time": 18.918, "Actual Max Total Time": 22.367, "Actual Rows": 4167490}], "Actual Rows": 4167490}], "Actual Rows": 4167490}], "Actual Rows": 901342}], "Actual Rows": 901342}, {"Node Type": "Hash", "Parent Relationship": "Inner", "Startup Cost": 203464.29, "Total Cost": 203464.29, "Plan Rows": 3296318, "Plan Width": 8, "Actual Min Startup Time": 314.974, "Actual Max Startup Time": 620.859, "Actual Min Total Time": 314.974, "Actual Max Total Time": 620.859, "Max Hash Buckets": 65536, "Min Hash Buckets": 65536, "Max Hash Batches": 1, "Min Hash Batches": 1, "Max Original Hash Batches": 1, "Min Original Hash Batches": 1, "Max Peak Memory Usage": 1483, "min Peak Memory Usage": 1483, "Plans": [{"Node Type": "Streaming(type: LOCAL REDISTRIBUTE dop: 64/64)", "Parent Relationship": "Outer", "Startup Cost": 63002.48, "Total Cost": 203464.29, "Plan Rows": 3296318, "Plan Width": 8, "Actual Min Startup Time": 0.106, "Actual Max Startup Time": 297.598, "Actual Min Total Time": 304.117, "Actual Max Total Time": 610.951, "Plans": [{"Node Type": "Hash Join", "Parent Relationship": "Outer", "Join Type": "Inner", "Startup Cost": 63002.48, "Total Cost": 137341.8, "Plan Rows": 3296318, "Plan Width": 8, "Actual Min Startup Time": 151.808, "Actual Max Startup Time": 321.453, "Actual Min Total Time": 242.856, "Actual Max Total Time": 411.34, "Inner Unique": true, "Hash Cond": "(ci.role_id = rt.id), (LLVM Optimized, Jit Execute)", "Plans": [{"Node Type": "Seq Scan", "Parent Relationship": "Outer", "Relation Name": "cast_info", "Alias": "ci", "Startup Cost": 0.0, "Total Cost": 72404.34, "Plan Rows": 36259494, "Plan Width": 12, "Actual Min Startup Time": 0.025, "Actual Max Startup Time": 9.439, "Actual Min Total Time": 127.377, "Actual Max Total Time": 144.233, "Actual Rows": 36244343}, {"Node Type": "Hash", "Parent Relationship": "Inner", "Startup Cost": 63002.47, "Total Cost": 63002.47, "Plan Rows": 64, "Plan Width": 4, "Actual Min Startup Time": 0.011, "Actual Max Startup Time": 159.839, "Actual Min Total Time": 0.011, "Actual Max Total Time": 159.839, "Max Hash Buckets": 32768, "Min Hash Buckets": 32768, "Max Hash Batches": 1, "Min Hash Batches": 1, "Max Original Hash Batches": 1, "Min Original Hash Batches": 1, "Max Peak Memory Usage": 1, "min Peak Memory Usage": 1, "Plans": [{"Node Type": "Streaming(type: BROADCAST dop: 64/1)", "Parent Relationship": "Outer", "Startup Cost": 0.0, "Total Cost": 63002.47, "Plan Rows": 64, "Plan Width": 4, "Actual Min Startup Time": 0.003, "Actual Max Startup Time": 159.19, "Actual Min Total Time": 0.003, "Actual Max Total Time": 159.194, "Plans": [{"Node Type": "Seq Scan", "Parent Relationship": "Outer", "Relation Name": "role_type", "Alias": "rt", "Startup Cost": 0.0, "Total Cost": 1.15, "Plan Rows": 1, "Plan Width": 4, "Actual Min Startup Time": 0.04, "Actual Max Startup Time": 0.04, "Actual Min Total Time": 0.044, "Actual Max Total Time": 0.044, "Filter": "((role)::text = 'writer'::text)", "Rows Removed by Filter": 11, "Actual Rows": 1}], "Actual Rows": 64}], "Actual Rows": 64}], "Actual Rows": 2728943}], "Actual Rows": 2728943}], "Actual Rows": 2728943}], "Actual Rows": 2343724}], "Actual Rows": 2343724}, {"Node Type": "Hash", "Parent Relationship": "Inner", "Startup Cost": 169365.79, "Total Cost": 169365.79, "Plan Rows": 2609128, "Plan Width": 29, "Actual Min Startup Time": 4926.029, "Actual Max Startup Time": 4926.029, "Actual Min Total Time": 4926.029, "Actual Max Total Time": 4926.029, "Max Hash Buckets": 4194304, "Min Hash Buckets": 4194304, "Max Hash Batches": 1, "Min Hash Batches": 1, "Max Original Hash Batches": 1, "Min Original Hash Batches": 1, "Max Peak Memory Usage": 164769, "min Peak Memory Usage": 164769, "Plans": [{"Node Type": "Hash Join", "Parent Relationship": "Outer", "Join Type": "Inner", "Startup Cost": 91673.0, "Total Cost": 169365.79, "Plan Rows": 2609128, "Plan Width": 29, "Actual Min Startup Time": 1869.664, "Actual Max Startup Time": 1869.664, "Actual Min Total Time": 3974.511, "Actual Max Total Time": 3974.511, "Inner Unique": true, "Hash Cond": "(mc.movie_id = t.id), (LLVM Optimized, Jit Execute)", "Plans": [{"Node Type": "Seq Scan", "Parent Relationship": "Outer", "Relation Name": "movie_companies", "Alias": "mc", "Startup Cost": 0.0, "Total Cost": 41817.28, "Plan Rows": 2609128, "Plan Width": 8, "Actual Min Startup Time": 0.034, "Actual Max Startup Time": 0.034, "Actual Min Total Time": 573.13, "Actual Max Total Time": 573.13, "Actual Rows": 2609128}, {"Node Type": "Hash", "Parent Relationship": "Inner", "Startup Cost": 60069.11, "Total Cost": 60069.11, "Plan Rows": 2528311, "Plan Width": 21, "Actual Min Startup Time": 1867.154, "Actual Max Startup Time": 1867.154, "Actual Min Total Time": 1867.154, "Actual Max Total Time": 1867.154, "Max Hash Buckets": 4194304, "Min Hash Buckets": 4194304, "Max Hash Batches": 1, "Min Hash Batches": 1, "Max Original Hash Batches": 1, "Min Original Hash Batches": 1, "Max Peak Memory Usage": 135869, "min Peak Memory Usage": 135869, "Plans": [{"Node Type": "Seq Scan", "Parent Relationship": "Outer", "Relation Name": "title", "Alias": "t", "Startup Cost": 0.0, "Total Cost": 60069.11, "Plan Rows": 2528311, "Plan Width": 21, "Actual Min Startup Time": 0.025, "Actual Max Startup Time": 0.025, "Actual Min Total Time": 832.832, "Actual Max Total Time": 832.832, "Actual Rows": 2528311}], "Actual Rows": 2528311}], "Actual Rows": 2609128}], "Actual Rows": 2609128}], "Actual Rows": 4961427}, {"Node Type": "Hash", "Parent Relationship": "Inner", "Startup Cost": 5903.45, "Total Cost": 5903.45, "Plan Rows": 85170, "Plan Width": 4, "Actual Min Startup Time": 113.153, "Actual Max Startup Time": 113.153, "Actual Min Total Time": 113.153, "Actual Max Total Time": 113.153, "Max Hash Buckets": 131072, "Min Hash Buckets": 131072, "Max Hash Batches": 1, "Min Hash Batches": 1, "Max Original Hash Batches": 1, "Min Original Hash Batches": 1, "Max Peak Memory Usage": 2983, "min Peak Memory Usage": 2983, "Plans": [{"Node Type": "Seq Scan", "Parent Relationship": "Outer", "Relation Name": "company_name", "Alias": "cn", "Startup Cost": 0.0, "Total Cost": 5903.45, "Plan Rows": 85170, "Plan Width": 4, "Actual Min Startup Time": 0.07, "Actual Max Startup Time": 0.07, "Actual Min Total Time": 89.97, "Actual Max Total Time": 89.97, "Filter": "((country_code)::text = '[us]'::text)", "Rows Removed by Filter": 150153, "Actual Rows": 84843}], "Actual Rows": 84843}], "Actual Rows": 2487611}], "Actual Rows": 1}, "Triggers": [], "Planner Runtime": 172, "Total Runtime": 10708.533, "Unique SQL Id": 2457761703}}, "(64, 45)": {"explain_plan": {"Plan": {"Node Type": "Aggregate", "Strategy": "Plain", "Startup Cost": 824512.34, "Total Cost": 824512.35, "Plan Rows": 1, "Plan Width": 97, "Plans": [{"Node Type": "Hash Join", "Parent Relationship": "Outer", "Join Type": "Inner", "Startup Cost": 746775.06, "Total Cost": 822726.85, "Plan Rows": 357098, "Plan Width": 33, "Inner Unique": false, "Hash Cond": "(a1.person_id = n1.id), (LLVM Optimized)", "Plans": [{"Node Type": "Index Scan", "Parent Relationship": "Outer", "Scan Direction": "Forward", "Index Name": "person_id_aka_name", "Relation Name": "aka_name", "Alias": "a1", "Startup Cost": 0.0, "Total Cost": 68965.03, "Plan Rows": 901342, "Plan Width": 20}, {"Node Type": "Hash", "Parent Relationship": "Inner", "Startup Cost": 737894.33, "Total Cost": 737894.33, "Plan Rows": 710459, "Plan Width": 25, "Plans": [{"Node Type": "Nested Loop", "Parent Relationship": "Outer", "Join Type": "Inner", "Startup Cost": 333231.89, "Total Cost": 737894.33, "Plan Rows": 710459, "Plan Width": 25, "Inner Unique": true, "Plans": [{"Node Type": "Hash Join", "Parent Relationship": "Outer", "Join Type": "Inner", "Startup Cost": 333231.89, "Total Cost": 533716.49, "Plan Rows": 710459, "Plan Width": 21, "Inner Unique": false, "Hash Cond": "(ci.movie_id = t.id), (LLVM Optimized)", "Plans": [{"Node Type": "Nested Loop", "Parent Relationship": "Outer", "Join Type": "Inner", "Startup Cost": 0.0, "Total Cost": 171418.25, "Plan Rows": 3296318, "Plan Width": 8, "Inner Unique": false, "Plans": [{"Node Type": "Index Scan", "Parent Relationship": "Outer", "Scan Direction": "Forward", "Index Name": "role_type_pkey", "Relation Name": "role_type", "Alias": "rt", "Startup Cost": 0.0, "Total Cost": 12.46, "Plan Rows": 1, "Plan Width": 4, "Filter": "((role)::text = 'writer'::text)"}, {"Node Type": "Index Scan", "Parent Relationship": "Inner", "Scan Direction": "Forward", "Index Name": "role_id_cast_info", "Relation Name": "cast_info", "Alias": "ci", "Startup Cost": 0.0, "Total Cost": 138442.61, "Plan Rows": 3296318, "Plan Width": 12, "Index Cond": "(role_id = rt.id), (LLVM Optimized)"}]}, {"Node Type": "Hash", "Parent Relationship": "Inner", "Startup Cost": 317203.01, "Total Cost": 317203.01, "Plan Rows": 1282311, "Plan Width": 25, "Plans": [{"Node Type": "Hash Join", "Parent Relationship": "Outer", "Join Type": "Inner", "Startup Cost": 153290.39, "Total Cost": 317203.01, "Plan Rows": 1282311, "Plan Width": 25, "Inner Unique": true, "Hash Cond": "(mc.movie_id = t.id), (LLVM Optimized)", "Plans": [{"Node Type": "Hash Join", "Parent Relationship": "Outer", "Join Type": "Inner", "Startup Cost": 11566.01, "Total Cost": 157846.85, "Plan Rows": 1282311, "Plan Width": 4, "Inner Unique": true, "Hash Cond": "(mc.company_id = cn.id), (LLVM Optimized)", "Plans": [{"Node Type": "Index Scan", "Parent Relationship": "Outer", "Scan Direction": "Forward", "Index Name": "company_id_movie_companies", "Relation Name": "movie_companies", "Alias": "mc", "Startup Cost": 0.0, "Total Cost": 123673.5, "Plan Rows": 2609128, "Plan Width": 8}, {"Node Type": "Hash", "Parent Relationship": "Inner", "Startup Cost": 10501.39, "Total Cost": 10501.39, "Plan Rows": 85170, "Plan Width": 4, "Plans": [{"Node Type": "Index Scan", "Parent Relationship": "Outer", "Scan Direction": "Forward", "Index Name": "company_name_pkey", "Relation Name": "company_name", "Alias": "cn", "Startup Cost": 0.0, "Total Cost": 10501.39, "Plan Rows": 85170, "Plan Width": 4, "Filter": "((country_code)::text = '[us]'::text)"}]}]}, {"Node Type": "Hash", "Parent Relationship": "Inner", "Startup Cost": 110120.49, "Total Cost": 110120.49, "Plan Rows": 2528311, "Plan Width": 21, "Plans": [{"Node Type": "Index Scan", "Parent Relationship": "Outer", "Scan Direction": "Forward", "Index Name": "title_pkey", "Relation Name": "title", "Alias": "t", "Startup Cost": 0.0, "Total Cost": 110120.49, "Plan Rows": 2528311, "Plan Width": 21}]}]}]}]}, {"Node Type": "Index Scan", "Parent Relationship": "Inner", "Scan Direction": "Forward", "Index Name": "name_pkey", "Relation Name": "name", "Alias": "n1", "Startup Cost": 0.0, "Total Cost": 0.28, "Plan Rows": 1, "Plan Width": 4, "Index Cond": "(id = ci.person_id)"}]}]}]}]}, "Unique SQL Id": 2457761703, "Planner Runtime": 89}, "explain_analyze_plan": null}, "(64, 46)": {"explain_plan": {"Plan": {"Node Type": "Aggregate", "Strategy": "Plain", "Startup Cost": 528738.29, "Total Cost": 528738.3, "Plan Rows": 1, "Plan Width": 97, "Plans": [{"Node Type": "Hash Join", "Parent Relationship": "Outer", "Join Type": "Inner", "Startup Cost": 336662.4, "Total Cost": 526952.8, "Plan Rows": 357098, "Plan Width": 33, "Inner Unique": true, "Hash Cond": "(mc.company_id = cn.id), (LLVM Optimized)", "Plans": [{"Node Type": "Hash Join", "Parent Relationship": "Outer", "Join Type": "Inner", "Startup Cost": 329694.33, "Total Cost": 513689.03, "Plan Rows": 726589, "Plan Width": 37, "Inner Unique": false, "Hash Cond": "(ci.movie_id = t.id), (LLVM Optimized)", "Plans": [{"Node Type": "Streaming(type: LOCAL GATHER dop: 1/64)", "Parent Relationship": "Outer", "Startup Cost": 254738.78, "Total Cost": 417857.9, "Plan Rows": 1484588, "Plan Width": 20, "Plans": [{"Node Type": "Hash Join", "Parent Relationship": "Outer", "Join Type": "Inner", "Startup Cost": 254738.78, "Total Cost": 387231.02, "Plan Rows": 1484588, "Plan Width": 20, "Inner Unique": false, "Hash Cond": "(a1.person_id = ci.person_id), (LLVM Optimized)", "Plans": [{"Node Type": "Streaming(type: LOCAL REDISTRIBUTE dop: 64/1)", "Parent Relationship": "Outer", "Startup Cost": 202522.7, "Total Cost": 334446.0, "Plan Rows": 901342, "Plan Width": 24, "Plans": [{"Node Type": "Hash Join", "Parent Relationship": "Outer", "Join Type": "Inner", "Startup Cost": 202522.7, "Total Cost": 234824.58, "Plan Rows": 901342, "Plan Width": 24, "Inner Unique": true, "Hash Cond": "(a1.person_id = n1.id), (LLVM Optimized)", "Plans": [{"Node Type": "Seq Scan", "Parent Relationship": "Outer", "Relation Name": "aka_name", "Alias": "a1", "Startup Cost": 0.0, "Total Cost": 19908.42, "Plan Rows": 901342, "Plan Width": 20}, {"Node Type": "Hash", "Parent Relationship": "Inner", "Startup Cost": 150429.08, "Total Cost": 150429.08, "Plan Rows": 4167490, "Plan Width": 4, "Plans": [{"Node Type": "Streaming(type: LOCAL GATHER dop: 1/64)", "Parent Relationship": "Outer", "Startup Cost": 0.0, "Total Cost": 150429.08, "Plan Rows": 4167490, "Plan Width": 4, "Plans": [{"Node Type": "Seq Scan", "Parent Relationship": "Outer", "Relation Name": "name", "Alias": "n1", "Startup Cost": 0.0, "Total Cost": 64454.25, "Plan Rows": 4167490, "Plan Width": 4}]}]}]}]}, {"Node Type": "Hash", "Parent Relationship": "Inner", "Startup Cost": 203464.29, "Total Cost": 203464.29, "Plan Rows": 3296318, "Plan Width": 8, "Plans": [{"Node Type": "Streaming(type: LOCAL REDISTRIBUTE dop: 64/64)", "Parent Relationship": "Outer", "Startup Cost": 63002.48, "Total Cost": 203464.29, "Plan Rows": 3296318, "Plan Width": 8, "Plans": [{"Node Type": "Hash Join", "Parent Relationship": "Outer", "Join Type": "Inner", "Startup Cost": 63002.48, "Total Cost": 137341.8, "Plan Rows": 3296318, "Plan Width": 8, "Inner Unique": true, "Hash Cond": "(ci.role_id = rt.id), (LLVM Optimized)", "Plans": [{"Node Type": "Seq Scan", "Parent Relationship": "Outer", "Relation Name": "cast_info", "Alias": "ci", "Startup Cost": 0.0, "Total Cost": 72404.34, "Plan Rows": 36259494, "Plan Width": 12}, {"Node Type": "Hash", "Parent Relationship": "Inner", "Startup Cost": 63002.47, "Total Cost": 63002.47, "Plan Rows": 64, "Plan Width": 4, "Plans": [{"Node Type": "Streaming(type: BROADCAST dop: 64/1)", "Parent Relationship": "Outer", "Startup Cost": 0.0, "Total Cost": 63002.47, "Plan Rows": 64, "Plan Width": 4, "Plans": [{"Node Type": "Seq Scan", "Parent Relationship": "Outer", "Relation Name": "role_type", "Alias": "rt", "Startup Cost": 0.0, "Total Cost": 1.15, "Plan Rows": 1, "Plan Width": 4, "Filter": "((role)::text = 'writer'::text)"}]}]}]}]}]}]}]}, {"Node Type": "Hash", "Parent Relationship": "Inner", "Startup Cost": 169365.79, "Total Cost": 169365.79, "Plan Rows": 2609128, "Plan Width": 29, "Plans": [{"Node Type": "Hash Join", "Parent Relationship": "Outer", "Join Type": "Inner", "Startup Cost": 91673.0, "Total Cost": 169365.79, "Plan Rows": 2609128, "Plan Width": 29, "Inner Unique": true, "Hash Cond": "(mc.movie_id = t.id), (LLVM Optimized)", "Plans": [{"Node Type": "Seq Scan", "Parent Relationship": "Outer", "Relation Name": "movie_companies", "Alias": "mc", "Startup Cost": 0.0, "Total Cost": 41817.28, "Plan Rows": 2609128, "Plan Width": 8}, {"Node Type": "Hash", "Parent Relationship": "Inner", "Startup Cost": 60069.11, "Total Cost": 60069.11, "Plan Rows": 2528311, "Plan Width": 21, "Plans": [{"Node Type": "Seq Scan", "Parent Relationship": "Outer", "Relation Name": "title", "Alias": "t", "Startup Cost": 0.0, "Total Cost": 60069.11, "Plan Rows": 2528311, "Plan Width": 21}]}]}]}]}, {"Node Type": "Hash", "Parent Relationship": "Inner", "Startup Cost": 5903.45, "Total Cost": 5903.45, "Plan Rows": 85170, "Plan Width": 4, "Plans": [{"Node Type": "Seq Scan", "Parent Relationship": "Outer", "Relation Name": "company_name", "Alias": "cn", "Startup Cost": 0.0, "Total Cost": 5903.45, "Plan Rows": 85170, "Plan Width": 4, "Filter": "((country_code)::text = '[us]'::text)"}]}]}]}, "Unique SQL Id": 2457761703, "Planner Runtime": 185}, "explain_analyze_plan": {"Plan": {"Node Type": "Aggregate", "Strategy": "Plain", "Startup Cost": 528738.29, "Total Cost": 528738.3, "Plan Rows": 1, "Plan Width": 97, "Actual Min Startup Time": 10653.339, "Actual Max Startup Time": 10653.339, "Actual Min Total Time": 10653.34, "Actual Max Total Time": 10653.34, "Plans": [{"Node Type": "Hash Join", "Parent Relationship": "Outer", "Join Type": "Inner", "Startup Cost": 336662.4, "Total Cost": 526952.8, "Plan Rows": 357098, "Plan Width": 33, "Actual Min Startup Time": 5045.785, "Actual Max Startup Time": 5045.785, "Actual Min Total Time": 9470.761, "Actual Max Total Time": 9470.761, "Inner Unique": true, "Hash Cond": "(mc.company_id = cn.id), (LLVM Optimized, Jit Execute)", "Plans": [{"Node Type": "Hash Join", "Parent Relationship": "Outer", "Join Type": "Inner", "Startup Cost": 329694.33, "Total Cost": 513689.03, "Plan Rows": 726589, "Plan Width": 37, "Actual Min Startup Time": 4932.473, "Actual Max Startup Time": 4932.473, "Actual Min Total Time": 8014.504, "Actual Max Total Time": 8014.504, "Inner Unique": false, "Hash Cond": "(ci.movie_id = t.id), (LLVM Optimized, Jit Execute)", "Plans": [{"Node Type": "Streaming(type: LOCAL GATHER dop: 1/64)", "Parent Relationship": "Outer", "Startup Cost": 254738.78, "Total Cost": 417857.9, "Plan Rows": 1484588, "Plan Width": 20, "Actual Min Startup Time": 0.149, "Actual Max Startup Time": 0.149, "Actual Min Total Time": 1136.935, "Actual Max Total Time": 1136.935, "Plans": [{"Node Type": "Hash Join", "Parent Relationship": "Outer", "Join Type": "Inner", "Startup Cost": 254738.78, "Total Cost": 387231.02, "Plan Rows": 1484588, "Plan Width": 20, "Actual Min Startup Time": 2400.847, "Actual Max Startup Time": 4561.54, "Actual Min Total Time": 6405.607, "Actual Max Total Time": 9204.271, "Inner Unique": false, "Hash Cond": "(a1.person_id = ci.person_id), (LLVM Optimized, Jit Execute)", "Plans": [{"Node Type": "Streaming(type: LOCAL REDISTRIBUTE dop: 64/1)", "Parent Relationship": "Outer", "Startup Cost": 202522.7, "Total Cost": 334446.0, "Plan Rows": 901342, "Plan Width": 24, "Actual Min Startup Time": 2082.179, "Actual Max Startup Time": 4189.143, "Actual Min Total Time": 5973.318, "Actual Max Total Time": 8689.53, "Plans": [{"Node Type": "Hash Join", "Parent Relationship": "Outer", "Join Type": "Inner", "Startup Cost": 202522.7, "Total Cost": 234824.58, "Plan Rows": 901342, "Plan Width": 24, "Actual Min Startup Time": 2391.386, "Actual Max Startup Time": 2391.386, "Actual Min Total Time": 3134.379, "Actual Max Total Time": 3134.379, "Inner Unique": true, "Hash Cond": "(a1.person_id = n1.id), (LLVM Optimized, Jit Execute)", "Plans": [{"Node Type": "Seq Scan", "Parent Relationship": "Outer", "Relation Name": "aka_name", "Alias": "a1", "Startup Cost": 0.0, "Total Cost": 19908.42, "Plan Rows": 901342, "Plan Width": 20, "Actual Min Startup Time": 0.031, "Actual Max Startup Time": 0.031, "Actual Min Total Time": 226.0, "Actual Max Total Time": 226.0, "Actual Rows": 901342}, {"Node Type": "Hash", "Parent Relationship": "Inner", "Startup Cost": 150429.08, "Total Cost": 150429.08, "Plan Rows": 4167490, "Plan Width": 4, "Actual Min Startup Time": 2388.72, "Actual Max Startup Time": 2388.72, "Actual Min Total Time": 2388.72, "Actual Max Total Time": 2388.72, "Max Hash Buckets": 4194304, "Min Hash Buckets": 4194304, "Max Hash Batches": 1, "Min Hash Batches": 1, "Max Original Hash Batches": 1, "Min Original Hash Batches": 1, "Max Peak Memory Usage": 146514, "min Peak Memory Usage": 146514, "Plans": [{"Node Type": "Streaming(type: LOCAL GATHER dop: 1/64)", "Parent Relationship": "Outer", "Startup Cost": 0.0, "Total Cost": 150429.08, "Plan Rows": 4167490, "Plan Width": 4, "Actual Min Startup Time": 0.144, "Actual Max Startup Time": 0.144, "Actual Min Total Time": 1203.473, "Actual Max Total Time": 1203.473, "Plans": [{"Node Type": "Seq Scan", "Parent Relationship": "Outer", "Relation Name": "name", "Alias": "n1", "Startup Cost": 0.0, "Total Cost": 64454.25, "Plan Rows": 4167490, "Plan Width": 4, "Actual Min Startup Time": 0.019, "Actual Max Startup Time": 0.041, "Actual Min Total Time": 18.918, "Actual Max Total Time": 22.367, "Actual Rows": 4167490}], "Actual Rows": 4167490}], "Actual Rows": 4167490}], "Actual Rows": 901342}], "Actual Rows": 901342}, {"Node Type": "Hash", "Parent Relationship": "Inner", "Startup Cost": 203464.29, "Total Cost": 203464.29, "Plan Rows": 3296318, "Plan Width": 8, "Actual Min Startup Time": 314.974, "Actual Max Startup Time": 620.859, "Actual Min Total Time": 314.974, "Actual Max Total Time": 620.859, "Max Hash Buckets": 65536, "Min Hash Buckets": 65536, "Max Hash Batches": 1, "Min Hash Batches": 1, "Max Original Hash Batches": 1, "Min Original Hash Batches": 1, "Max Peak Memory Usage": 1483, "min Peak Memory Usage": 1483, "Plans": [{"Node Type": "Streaming(type: LOCAL REDISTRIBUTE dop: 64/64)", "Parent Relationship": "Outer", "Startup Cost": 63002.48, "Total Cost": 203464.29, "Plan Rows": 3296318, "Plan Width": 8, "Actual Min Startup Time": 0.106, "Actual Max Startup Time": 297.598, "Actual Min Total Time": 304.117, "Actual Max Total Time": 610.951, "Plans": [{"Node Type": "Hash Join", "Parent Relationship": "Outer", "Join Type": "Inner", "Startup Cost": 63002.48, "Total Cost": 137341.8, "Plan Rows": 3296318, "Plan Width": 8, "Actual Min Startup Time": 151.808, "Actual Max Startup Time": 321.453, "Actual Min Total Time": 242.856, "Actual Max Total Time": 411.34, "Inner Unique": true, "Hash Cond": "(ci.role_id = rt.id), (LLVM Optimized, Jit Execute)", "Plans": [{"Node Type": "Seq Scan", "Parent Relationship": "Outer", "Relation Name": "cast_info", "Alias": "ci", "Startup Cost": 0.0, "Total Cost": 72404.34, "Plan Rows": 36259494, "Plan Width": 12, "Actual Min Startup Time": 0.025, "Actual Max Startup Time": 9.439, "Actual Min Total Time": 127.377, "Actual Max Total Time": 144.233, "Actual Rows": 36244343}, {"Node Type": "Hash", "Parent Relationship": "Inner", "Startup Cost": 63002.47, "Total Cost": 63002.47, "Plan Rows": 64, "Plan Width": 4, "Actual Min Startup Time": 0.011, "Actual Max Startup Time": 159.839, "Actual Min Total Time": 0.011, "Actual Max Total Time": 159.839, "Max Hash Buckets": 32768, "Min Hash Buckets": 32768, "Max Hash Batches": 1, "Min Hash Batches": 1, "Max Original Hash Batches": 1, "Min Original Hash Batches": 1, "Max Peak Memory Usage": 1, "min Peak Memory Usage": 1, "Plans": [{"Node Type": "Streaming(type: BROADCAST dop: 64/1)", "Parent Relationship": "Outer", "Startup Cost": 0.0, "Total Cost": 63002.47, "Plan Rows": 64, "Plan Width": 4, "Actual Min Startup Time": 0.003, "Actual Max Startup Time": 159.19, "Actual Min Total Time": 0.003, "Actual Max Total Time": 159.194, "Plans": [{"Node Type": "Seq Scan", "Parent Relationship": "Outer", "Relation Name": "role_type", "Alias": "rt", "Startup Cost": 0.0, "Total Cost": 1.15, "Plan Rows": 1, "Plan Width": 4, "Actual Min Startup Time": 0.04, "Actual Max Startup Time": 0.04, "Actual Min Total Time": 0.044, "Actual Max Total Time": 0.044, "Filter": "((role)::text = 'writer'::text)", "Rows Removed by Filter": 11, "Actual Rows": 1}], "Actual Rows": 64}], "Actual Rows": 64}], "Actual Rows": 2728943}], "Actual Rows": 2728943}], "Actual Rows": 2728943}], "Actual Rows": 2343724}], "Actual Rows": 2343724}, {"Node Type": "Hash", "Parent Relationship": "Inner", "Startup Cost": 169365.79, "Total Cost": 169365.79, "Plan Rows": 2609128, "Plan Width": 29, "Actual Min Startup Time": 4926.029, "Actual Max Startup Time": 4926.029, "Actual Min Total Time": 4926.029, "Actual Max Total Time": 4926.029, "Max Hash Buckets": 4194304, "Min Hash Buckets": 4194304, "Max Hash Batches": 1, "Min Hash Batches": 1, "Max Original Hash Batches": 1, "Min Original Hash Batches": 1, "Max Peak Memory Usage": 164769, "min Peak Memory Usage": 164769, "Plans": [{"Node Type": "Hash Join", "Parent Relationship": "Outer", "Join Type": "Inner", "Startup Cost": 91673.0, "Total Cost": 169365.79, "Plan Rows": 2609128, "Plan Width": 29, "Actual Min Startup Time": 1869.664, "Actual Max Startup Time": 1869.664, "Actual Min Total Time": 3974.511, "Actual Max Total Time": 3974.511, "Inner Unique": true, "Hash Cond": "(mc.movie_id = t.id), (LLVM Optimized, Jit Execute)", "Plans": [{"Node Type": "Seq Scan", "Parent Relationship": "Outer", "Relation Name": "movie_companies", "Alias": "mc", "Startup Cost": 0.0, "Total Cost": 41817.28, "Plan Rows": 2609128, "Plan Width": 8, "Actual Min Startup Time": 0.034, "Actual Max Startup Time": 0.034, "Actual Min Total Time": 573.13, "Actual Max Total Time": 573.13, "Actual Rows": 2609128}, {"Node Type": "Hash", "Parent Relationship": "Inner", "Startup Cost": 60069.11, "Total Cost": 60069.11, "Plan Rows": 2528311, "Plan Width": 21, "Actual Min Startup Time": 1867.154, "Actual Max Startup Time": 1867.154, "Actual Min Total Time": 1867.154, "Actual Max Total Time": 1867.154, "Max Hash Buckets": 4194304, "Min Hash Buckets": 4194304, "Max Hash Batches": 1, "Min Hash Batches": 1, "Max Original Hash Batches": 1, "Min Original Hash Batches": 1, "Max Peak Memory Usage": 135869, "min Peak Memory Usage": 135869, "Plans": [{"Node Type": "Seq Scan", "Parent Relationship": "Outer", "Relation Name": "title", "Alias": "t", "Startup Cost": 0.0, "Total Cost": 60069.11, "Plan Rows": 2528311, "Plan Width": 21, "Actual Min Startup Time": 0.025, "Actual Max Startup Time": 0.025, "Actual Min Total Time": 832.832, "Actual Max Total Time": 832.832, "Actual Rows": 2528311}], "Actual Rows": 2528311}], "Actual Rows": 2609128}], "Actual Rows": 2609128}], "Actual Rows": 4961427}, {"Node Type": "Hash", "Parent Relationship": "Inner", "Startup Cost": 5903.45, "Total Cost": 5903.45, "Plan Rows": 85170, "Plan Width": 4, "Actual Min Startup Time": 113.153, "Actual Max Startup Time": 113.153, "Actual Min Total Time": 113.153, "Actual Max Total Time": 113.153, "Max Hash Buckets": 131072, "Min Hash Buckets": 131072, "Max Hash Batches": 1, "Min Hash Batches": 1, "Max Original Hash Batches": 1, "Min Original Hash Batches": 1, "Max Peak Memory Usage": 2983, "min Peak Memory Usage": 2983, "Plans": [{"Node Type": "Seq Scan", "Parent Relationship": "Outer", "Relation Name": "company_name", "Alias": "cn", "Startup Cost": 0.0, "Total Cost": 5903.45, "Plan Rows": 85170, "Plan Width": 4, "Actual Min Startup Time": 0.07, "Actual Max Startup Time": 0.07, "Actual Min Total Time": 89.97, "Actual Max Total Time": 89.97, "Filter": "((country_code)::text = '[us]'::text)", "Rows Removed by Filter": 150153, "Actual Rows": 84843}], "Actual Rows": 84843}], "Actual Rows": 2487611}], "Actual Rows": 1}, "Triggers": [], "Planner Runtime": 172, "Total Runtime": 10708.533, "Unique SQL Id": 2457761703}}, "(64, 47)": {"explain_plan": {"Plan": {"Node Type": "Aggregate", "Strategy": "Plain", "Startup Cost": 7003518524798.87, "Total Cost": 7003518524798.88, "Plan Rows": 1, "Plan Width": 97, "Plans": [{"Node Type": "Hash Join", "Parent Relationship": "Outer", "Join Type": "Inner", "Startup Cost": 5023382387874.01, "Total Cost": 7003518523013.38, "Plan Rows": 357098, "Plan Width": 33, "Inner Unique": false, "Hash Cond": "(ci.movie_id = t.id), (LLVM Optimized)", "Plans": [{"Node Type": "Hash Join", "Parent Relationship": "Outer", "Join Type": "Inner", "Startup Cost": 2020024583138.53, "Total Cost": 4000160705187.07, "Plan Rows": 1484588, "Plan Width": 20, "Inner Unique": false, "Hash Cond": "(n1.id = a1.person_id), (LLVM Optimized)", "Plans": [{"Node Type": "Nested Loop", "Parent Relationship": "Outer", "Join Type": "Inner", "Startup Cost": 1020017675368.33, "Total Cost": 3000152781892.05, "Plan Rows": 3296318, "Plan Width": 12, "Inner Unique": false, "Join Filter": "(ci.role_id = rt.id), (LLVM Optimized)", "Plans": [{"Node Type": "Index Scan", "Parent Relationship": "Outer", "Scan Direction": "Forward", "Index Name": "role_type_pkey", "Relation Name": "role_type", "Alias": "rt", "Startup Cost": 10000000000.0, "Total Cost": 1000000001246.0, "Plan Rows": 1, "Plan Width": 4, "Filter": "((role)::text = 'writer'::text)"}, {"Node Type": "Hash Join", "Parent Relationship": "Inner", "Join Type": "Inner", "Startup Cost": 1010017675368.33, "Total Cost": 2000152327402.37, "Plan Rows": 36259494, "Plan Width": 16, "Inner Unique": true, "Hash Cond": "(ci.person_id = n1.id), (LLVM Optimized)", "Plans": [{"Node Type": "Index Scan", "Parent Relationship": "Outer", "Scan Direction": "Forward", "Index Name": "role_id_cast_info", "Relation Name": "cast_info", "Alias": "ci", "Startup Cost": 10000000000.0, "Total Cost": 1000134153466.0, "Plan Rows": 36259494, "Plan Width": 12}, {"Node Type": "Hash", "Parent Relationship": "Inner", "Startup Cost": 1000017623274.7, "Total Cost": 1000017623274.7, "Plan Rows": 4167490, "Plan Width": 4, "Plans": [{"Node Type": "Index Scan", "Parent Relationship": "Outer", "Scan Direction": "Forward", "Index Name": "name_pkey", "Relation Name": "name", "Alias": "n1", "Startup Cost": 10000000000.0, "Total Cost": 1000017623274.7, "Plan Rows": 4167490, "Plan Width": 4}]}]}]}, {"Node Type": "Hash", "Parent Relationship": "Inner", "Startup Cost": 1000006896503.43, "Total Cost": 1000006896503.43, "Plan Rows": 901342, "Plan Width": 20, "Plans": [{"Node Type": "Index Scan", "Parent Relationship": "Outer", "Scan Direction": "Forward", "Index Name": "person_id_aka_name", "Relation Name": "aka_name", "Alias": "a1", "Startup Cost": 10000000000.0, "Total Cost": 1000006896503.43, "Plan Rows": 901342, "Plan Width": 20}]}]}, {"Node Type": "Hash", "Parent Relationship": "Inner", "Startup Cost": 3003357788706.59, "Total Cost": 3003357788706.59, "Plan Rows": 1282311, "Plan Width": 25, "Plans": [{"Node Type": "Nested Loop", "Parent Relationship": "Outer", "Join Type": "Inner", "Startup Cost": 1020011043652.8, "Total Cost": 3003357788706.59, "Plan Rows": 1282311, "Plan Width": 25, "Inner Unique": true, "Join Filter": "(mc.company_id = cn.id), (LLVM Optimized)", "Plans": [{"Node Type": "Hash Join", "Parent Relationship": "Outer", "Join Type": "Inner", "Startup Cost": 1010011043652.8, "Total Cost": 2000023446878.29, "Plan Rows": 2609128, "Plan Width": 29, "Inner Unique": true, "Hash Cond": "(mc.movie_id = t.id), (LLVM Optimized)", "Plans": [{"Node Type": "Index Scan", "Parent Relationship": "Outer", "Scan Direction": "Forward", "Index Name": "company_id_movie_companies", "Relation Name": "movie_companies", "Alias": "mc", "Startup Cost": 10000000000.0, "Total Cost": 1000012367349.98, "Plan Rows": 2609128, "Plan Width": 8}, {"Node Type": "Hash", "Parent Relationship": "Inner", "Startup Cost": 1000011012048.91, "Total Cost": 1000011012048.91, "Plan Rows": 2528311, "Plan Width": 21, "Plans": [{"Node Type": "Index Scan", "Parent Relationship": "Outer", "Scan Direction": "Forward", "Index Name": "title_pkey", "Relation Name": "title", "Alias": "t", "Startup Cost": 10000000000.0, "Total Cost": 1000011012048.91, "Plan Rows": 2528311, "Plan Width": 21}]}]}, {"Node Type": "Materialize", "Parent Relationship": "Inner", "Startup Cost": 10000000000.0, "Total Cost": 1000001050564.82, "Plan Rows": 85170, "Plan Width": 4, "Plans": [{"Node Type": "Index Scan", "Parent Relationship": "Outer", "Scan Direction": "Forward", "Index Name": "company_name_pkey", "Relation Name": "company_name", "Alias": "cn", "Startup Cost": 10000000000.0, "Total Cost": 1000001050138.97, "Plan Rows": 85170, "Plan Width": 4, "Filter": "((country_code)::text = '[us]'::text)"}]}]}]}]}]}, "Unique SQL Id": 2457761703, "Planner Runtime": 53}, "explain_analyze_plan": null}, "(64, 48)": {"explain_plan": {"Plan": {"Node Type": "Aggregate", "Strategy": "Plain", "Startup Cost": 1965944.02, "Total Cost": 1965944.03, "Plan Rows": 1, "Plan Width": 97, "Plans": [{"Node Type": "Nested Loop", "Parent Relationship": "Outer", "Join Type": "Inner", "Startup Cost": 0.0, "Total Cost": 1964158.53, "Plan Rows": 357098, "Plan Width": 33, "Inner Unique": true, "Join Filter": "(a1.person_id = n1.id), (LLVM Optimized)", "Plans": [{"Node Type": "Nested Loop", "Parent Relationship": "Outer", "Join Type": "Inner", "Startup Cost": 0.0, "Total Cost": 1862664.6, "Plan Rows": 357098, "Plan Width": 41, "Inner Unique": true, "Plans": [{"Node Type": "Nested Loop", "Parent Relationship": "Outer", "Join Type": "Inner", "Startup Cost": 0.0, "Total Cost": 1760862.26, "Plan Rows": 357379, "Plan Width": 32, "Inner Unique": false, "Plans": [{"Node Type": "Nested Loop", "Parent Relationship": "Outer", "Join Type": "Inner", "Startup Cost": 0.0, "Total Cost": 1560689.3, "Plan Rows": 711018, "Plan Width": 12, "Inner Unique": false, "Join Filter": "(ci.role_id = rt.id), (LLVM Optimized)", "Plans": [{"Node Type": "Seq Scan", "Parent Relationship": "Outer", "Relation Name": "role_type", "Alias": "rt", "Startup Cost": 0.0, "Total Cost": 1.15, "Plan Rows": 1, "Plan Width": 4, "Filter": "((role)::text = 'writer'::text)"}, {"Node Type": "Nested Loop", "Parent Relationship": "Inner", "Join Type": "Inner", "Startup Cost": 0.0, "Total Cost": 1462923.14, "Plan Rows": 7821201, "Plan Width": 16, "Inner Unique": false, "Plans": [{"Node Type": "Nested Loop", "Parent Relationship": "Outer", "Join Type": "Inner", "Startup Cost": 0.0, "Total Cost": 166734.45, "Plan Rows": 1282311, "Plan Width": 4, "Inner Unique": false, "Plans": [{"Node Type": "Seq Scan", "Parent Relationship": "Outer", "Relation Name": "company_name", "Alias": "cn", "Startup Cost": 0.0, "Total Cost": 5903.45, "Plan Rows": 85170, "Plan Width": 4, "Filter": "((country_code)::text = '[us]'::text)"}, {"Node Type": "Index Scan", "Parent Relationship": "Inner", "Scan Direction": "Forward", "Index Name": "company_id_movie_companies", "Relation Name": "movie_companies", "Alias": "mc", "Startup Cost": 0.0, "Total Cost": 1.74, "Plan Rows": 15, "Plan Width": 8, "Index Cond": "(company_id = cn.id)"}]}, {"Node Type": "Index Scan", "Parent Relationship": "Inner", "Scan Direction": "Forward", "Index Name": "movie_id_cast_info", "Relation Name": "cast_info", "Alias": "ci", "Startup Cost": 0.0, "Total Cost": 0.95, "Plan Rows": 6, "Plan Width": 12, "Index Cond": "(movie_id = mc.movie_id)"}]}]}, {"Node Type": "Index Scan", "Parent Relationship": "Inner", "Scan Direction": "Forward", "Index Name": "person_id_aka_name", "Relation Name": "aka_name", "Alias": "a1", "Startup Cost": 0.0, "Total Cost": 0.27, "Plan Rows": 1, "Plan Width": 20, "Index Cond": "(person_id = ci.person_id)"}]}, {"Node Type": "Index Scan", "Parent Relationship": "Inner", "Scan Direction": "Forward", "Index Name": "title_pkey", "Relation Name": "title", "Alias": "t", "Startup Cost": 0.0, "Total Cost": 0.27, "Plan Rows": 1, "Plan Width": 21, "Index Cond": "(id = ci.movie_id)"}]}, {"Node Type": "Index Only Scan", "Parent Relationship": "Inner", "Scan Direction": "Forward", "Index Name": "name_pkey", "Relation Name": "name", "Alias": "n1", "Startup Cost": 0.0, "Total Cost": 0.27, "Plan Rows": 1, "Plan Width": 4, "Index Cond": "(id = ci.person_id)"}]}]}, "Unique SQL Id": 2457761703, "Planner Runtime": 5}, "explain_analyze_plan": null}, "(64, 49)": {"explain_plan": {"Plan": {"Node Type": "Aggregate", "Strategy": "Plain", "Startup Cost": 1970553.27, "Total Cost": 1970553.28, "Plan Rows": 1, "Plan Width": 97, "Plans": [{"Node Type": "Nested Loop", "Parent Relationship": "Outer", "Join Type": "Inner", "Startup Cost": 0.0, "Total Cost": 1968767.78, "Plan Rows": 357098, "Plan Width": 33, "Inner Unique": true, "Join Filter": "(a1.person_id = n1.id), (LLVM Optimized)", "Plans": [{"Node Type": "Nested Loop", "Parent Relationship": "Outer", "Join Type": "Inner", "Startup Cost": 0.0, "Total Cost": 1867273.85, "Plan Rows": 357098, "Plan Width": 41, "Inner Unique": true, "Plans": [{"Node Type": "Nested Loop", "Parent Relationship": "Outer", "Join Type": "Inner", "Startup Cost": 0.0, "Total Cost": 1765471.51, "Plan Rows": 357379, "Plan Width": 32, "Inner Unique": false, "Plans": [{"Node Type": "Nested Loop", "Parent Relationship": "Outer", "Join Type": "Inner", "Startup Cost": 0.0, "Total Cost": 1565298.55, "Plan Rows": 711018, "Plan Width": 12, "Inner Unique": false, "Join Filter": "(ci.role_id = rt.id), (LLVM Optimized)", "Plans": [{"Node Type": "Index Scan", "Parent Relationship": "Outer", "Scan Direction": "Forward", "Index Name": "role_type_pkey", "Relation Name": "role_type", "Alias": "rt", "Startup Cost": 0.0, "Total Cost": 12.46, "Plan Rows": 1, "Plan Width": 4, "Filter": "((role)::text = 'writer'::text)"}, {"Node Type": "Nested Loop", "Parent Relationship": "Inner", "Join Type": "Inner", "Startup Cost": 0.0, "Total Cost": 1467521.08, "Plan Rows": 7821201, "Plan Width": 16, "Inner Unique": false, "Plans": [{"Node Type": "Nested Loop", "Parent Relationship": "Outer", "Join Type": "Inner", "Startup Cost": 0.0, "Total Cost": 171332.39, "Plan Rows": 1282311, "Plan Width": 4, "Inner Unique": false, "Plans": [{"Node Type": "Index Scan", "Parent Relationship": "Outer", "Scan Direction": "Forward", "Index Name": "company_name_pkey", "Relation Name": "company_name", "Alias": "cn", "Startup Cost": 0.0, "Total Cost": 10501.39, "Plan Rows": 85170, "Plan Width": 4, "Filter": "((country_code)::text = '[us]'::text)"}, {"Node Type": "Index Scan", "Parent Relationship": "Inner", "Scan Direction": "Forward", "Index Name": "company_id_movie_companies", "Relation Name": "movie_companies", "Alias": "mc", "Startup Cost": 0.0, "Total Cost": 1.74, "Plan Rows": 15, "Plan Width": 8, "Index Cond": "(company_id = cn.id)"}]}, {"Node Type": "Index Scan", "Parent Relationship": "Inner", "Scan Direction": "Forward", "Index Name": "movie_id_cast_info", "Relation Name": "cast_info", "Alias": "ci", "Startup Cost": 0.0, "Total Cost": 0.95, "Plan Rows": 6, "Plan Width": 12, "Index Cond": "(movie_id = mc.movie_id)"}]}]}, {"Node Type": "Index Scan", "Parent Relationship": "Inner", "Scan Direction": "Forward", "Index Name": "person_id_aka_name", "Relation Name": "aka_name", "Alias": "a1", "Startup Cost": 0.0, "Total Cost": 0.27, "Plan Rows": 1, "Plan Width": 20, "Index Cond": "(person_id = ci.person_id)"}]}, {"Node Type": "Index Scan", "Parent Relationship": "Inner", "Scan Direction": "Forward", "Index Name": "title_pkey", "Relation Name": "title", "Alias": "t", "Startup Cost": 0.0, "Total Cost": 0.27, "Plan Rows": 1, "Plan Width": 21, "Index Cond": "(id = ci.movie_id)"}]}, {"Node Type": "Index Only Scan", "Parent Relationship": "Inner", "Scan Direction": "Forward", "Index Name": "name_pkey", "Relation Name": "name", "Alias": "n1", "Startup Cost": 0.0, "Total Cost": 0.27, "Plan Rows": 1, "Plan Width": 4, "Index Cond": "(id = ci.person_id)"}]}]}, "Unique SQL Id": 2457761703, "Planner Runtime": 5}, "explain_analyze_plan": null}, "(64, 50)": {"explain_plan": {"Plan": {"Node Type": "Aggregate", "Strategy": "Plain", "Startup Cost": 12604914.55, "Total Cost": 12604914.56, "Plan Rows": 1, "Plan Width": 97, "Plans": [{"Node Type": "Nested Loop", "Parent Relationship": "Outer", "Join Type": "Inner", "Startup Cost": 2.1, "Total Cost": 12603129.06, "Plan Rows": 357098, "Plan Width": 33, "Inner Unique": true, "Join Filter": "(a1.person_id = n1.id), (LLVM Optimized)", "Plans": [{"Node Type": "Nested Loop", "Parent Relationship": "Outer", "Join Type": "Inner", "Startup Cost": 1.84, "Total Cost": 11073153.85, "Plan Rows": 357098, "Plan Width": 41, "Inner Unique": true, "Plans": [{"Node Type": "Nested Loop", "Parent Relationship": "Outer", "Join Type": "Inner", "Startup Cost": 1.58, "Total Cost": 9543117.59, "Plan Rows": 357379, "Plan Width": 32, "Inner Unique": false, "Plans": [{"Node Type": "Nested Loop", "Parent Relationship": "Outer", "Join Type": "Inner", "Startup Cost": 1.33, "Total Cost": 6499549.44, "Plan Rows": 711018, "Plan Width": 12, "Inner Unique": false, "Join Filter": "(ci.role_id = rt.id), (LLVM Optimized)", "Plans": [{"Node Type": "Seq Scan", "Parent Relationship": "Outer", "Relation Name": "role_type", "Alias": "rt", "Startup Cost": 0.0, "Total Cost": 1.15, "Plan Rows": 1, "Plan Width": 4, "Filter": "((role)::text = 'writer'::text)"}, {"Node Type": "Nested Loop", "Parent Relationship": "Inner", "Join Type": "Inner", "Startup Cost": 1.33, "Total Cost": 6401783.28, "Plan Rows": 7821201, "Plan Width": 16, "Inner Unique": false, "Plans": [{"Node Type": "Nested Loop", "Parent Relationship": "Outer", "Join Type": "Inner", "Startup Cost": 0.82, "Total Cost": 444829.84, "Plan Rows": 1282311, "Plan Width": 4, "Inner Unique": false, "Plans": [{"Node Type": "Seq Scan", "Parent Relationship": "Outer", "Relation Name": "company_name", "Alias": "cn", "Startup Cost": 0.0, "Total Cost": 5903.45, "Plan Rows": 85170, "Plan Width": 4, "Filter": "((country_code)::text = '[us]'::text)"}, {"Node Type": "Bitmap Heap Scan", "Parent Relationship": "Inner", "Relation Name": "movie_companies", "Alias": "mc", "Startup Cost": 0.82, "Total Cost": 5.0, "Plan Rows": 15, "Plan Width": 8, "Recheck Cond": "(company_id = cn.id)", "Plans": [{"Node Type": "Bitmap Index Scan", "Parent Relationship": "Outer", "Index Name": "company_id_movie_companies", "Startup Cost": 0.0, "Total Cost": 0.81, "Plan Rows": 15, "Plan Width": 0, "Index Cond": "(company_id = cn.id)"}]}]}, {"Node Type": "Bitmap Heap Scan", "Parent Relationship": "Inner", "Relation Name": "cast_info", "Alias": "ci", "Startup Cost": 0.51, "Total Cost": 4.59, "Plan Rows": 6, "Plan Width": 12, "Recheck Cond": "(movie_id = mc.movie_id)", "Plans": [{"Node Type": "Bitmap Index Scan", "Parent Relationship": "Outer", "Index Name": "movie_id_cast_info", "Startup Cost": 0.0, "Total Cost": 0.51, "Plan Rows": 6, "Plan Width": 0, "Index Cond": "(movie_id = mc.movie_id)"}]}]}]}, {"Node Type": "Bitmap Heap Scan", "Parent Relationship": "Inner", "Relation Name": "aka_name", "Alias": "a1", "Startup Cost": 0.26, "Total Cost": 4.27, "Plan Rows": 1, "Plan Width": 20, "Recheck Cond": "(person_id = ci.person_id)", "Plans": [{"Node Type": "Bitmap Index Scan", "Parent Relationship": "Outer", "Index Name": "person_id_aka_name", "Startup Cost": 0.0, "Total Cost": 0.26, "Plan Rows": 1, "Plan Width": 0, "Index Cond": "(person_id = ci.person_id)"}]}]}, {"Node Type": "Bitmap Heap Scan", "Parent Relationship": "Inner", "Relation Name": "title", "Alias": "t", "Startup Cost": 0.26, "Total Cost": 4.27, "Plan Rows": 1, "Plan Width": 21, "Recheck Cond": "(id = ci.movie_id)", "Plans": [{"Node Type": "Bitmap Index Scan", "Parent Relationship": "Outer", "Index Name": "title_pkey", "Startup Cost": 0.0, "Total Cost": 0.26, "Plan Rows": 1, "Plan Width": 0, "Index Cond": "(id = ci.movie_id)"}]}]}, {"Node Type": "Bitmap Heap Scan", "Parent Relationship": "Inner", "Relation Name": "name", "Alias": "n1", "Startup Cost": 0.26, "Total Cost": 4.27, "Plan Rows": 1, "Plan Width": 4, "Recheck Cond": "(id = ci.person_id)", "Plans": [{"Node Type": "Bitmap Index Scan", "Parent Relationship": "Outer", "Index Name": "name_pkey", "Startup Cost": 0.0, "Total Cost": 0.26, "Plan Rows": 1, "Plan Width": 0, "Index Cond": "(id = ci.person_id)"}]}]}]}, "Unique SQL Id": 2457761703, "Planner Runtime": 14}, "explain_analyze_plan": null}, "(64, 51)": {"explain_plan": {"Plan": {"Node Type": "Aggregate", "Strategy": "Plain", "Startup Cost": 12607726.38, "Total Cost": 12607726.39, "Plan Rows": 1, "Plan Width": 97, "Plans": [{"Node Type": "Nested Loop", "Parent Relationship": "Outer", "Join Type": "Inner", "Startup Cost": 2810.94, "Total Cost": 12605940.89, "Plan Rows": 357098, "Plan Width": 33, "Inner Unique": true, "Join Filter": "(a1.person_id = n1.id), (LLVM Optimized)", "Plans": [{"Node Type": "Nested Loop", "Parent Relationship": "Outer", "Join Type": "Inner", "Startup Cost": 2810.68, "Total Cost": 11075965.68, "Plan Rows": 357098, "Plan Width": 41, "Inner Unique": true, "Plans": [{"Node Type": "Nested Loop", "Parent Relationship": "Outer", "Join Type": "Inner", "Startup Cost": 2810.42, "Total Cost": 9545929.42, "Plan Rows": 357379, "Plan Width": 32, "Inner Unique": false, "Plans": [{"Node Type": "Nested Loop", "Parent Relationship": "Outer", "Join Type": "Inner", "Startup Cost": 2810.16, "Total Cost": 6502361.27, "Plan Rows": 711018, "Plan Width": 12, "Inner Unique": false, "Join Filter": "(ci.role_id = rt.id), (LLVM Optimized)", "Plans": [{"Node Type": "Bitmap Heap Scan", "Parent Relationship": "Outer", "Relation Name": "role_type", "Alias": "rt", "Startup Cost": 8.31, "Total Cost": 12.46, "Plan Rows": 1, "Plan Width": 4, "Filter": "((role)::text = 'writer'::text)", "Plans": [{"Node Type": "Bitmap Index Scan", "Parent Relationship": "Outer", "Index Name": "role_type_pkey", "Startup Cost": 0.0, "Total Cost": 8.31, "Plan Rows": 12, "Plan Width": 0}]}, {"Node Type": "Nested Loop", "Parent Relationship": "Inner", "Join Type": "Inner", "Startup Cost": 2801.85, "Total Cost": 6404583.8, "Plan Rows": 7821201, "Plan Width": 16, "Inner Unique": false, "Plans": [{"Node Type": "Nested Loop", "Parent Relationship": "Outer", "Join Type": "Inner", "Startup Cost": 2801.34, "Total Cost": 447630.36, "Plan Rows": 1282311, "Plan Width": 4, "Inner Unique": false, "Plans": [{"Node Type": "Bitmap Heap Scan", "Parent Relationship": "Outer", "Relation Name": "company_name", "Alias": "cn", "Startup Cost": 2800.52, "Total Cost": 8703.97, "Plan Rows": 85170, "Plan Width": 4, "Filter": "((country_code)::text = '[us]'::text)", "Plans": [{"Node Type": "Bitmap Index Scan", "Parent Relationship": "Outer", "Index Name": "company_name_pkey", "Startup Cost": 0.0, "Total Cost": 2779.23, "Plan Rows": 234996, "Plan Width": 0}]}, {"Node Type": "Bitmap Heap Scan", "Parent Relationship": "Inner", "Relation Name": "movie_companies", "Alias": "mc", "Startup Cost": 0.82, "Total Cost": 5.0, "Plan Rows": 15, "Plan Width": 8, "Recheck Cond": "(company_id = cn.id)", "Plans": [{"Node Type": "Bitmap Index Scan", "Parent Relationship": "Outer", "Index Name": "company_id_movie_companies", "Startup Cost": 0.0, "Total Cost": 0.81, "Plan Rows": 15, "Plan Width": 0, "Index Cond": "(company_id = cn.id)"}]}]}, {"Node Type": "Bitmap Heap Scan", "Parent Relationship": "Inner", "Relation Name": "cast_info", "Alias": "ci", "Startup Cost": 0.51, "Total Cost": 4.59, "Plan Rows": 6, "Plan Width": 12, "Recheck Cond": "(movie_id = mc.movie_id)", "Plans": [{"Node Type": "Bitmap Index Scan", "Parent Relationship": "Outer", "Index Name": "movie_id_cast_info", "Startup Cost": 0.0, "Total Cost": 0.51, "Plan Rows": 6, "Plan Width": 0, "Index Cond": "(movie_id = mc.movie_id)"}]}]}]}, {"Node Type": "Bitmap Heap Scan", "Parent Relationship": "Inner", "Relation Name": "aka_name", "Alias": "a1", "Startup Cost": 0.26, "Total Cost": 4.27, "Plan Rows": 1, "Plan Width": 20, "Recheck Cond": "(person_id = ci.person_id)", "Plans": [{"Node Type": "Bitmap Index Scan", "Parent Relationship": "Outer", "Index Name": "person_id_aka_name", "Startup Cost": 0.0, "Total Cost": 0.26, "Plan Rows": 1, "Plan Width": 0, "Index Cond": "(person_id = ci.person_id)"}]}]}, {"Node Type": "Bitmap Heap Scan", "Parent Relationship": "Inner", "Relation Name": "title", "Alias": "t", "Startup Cost": 0.26, "Total Cost": 4.27, "Plan Rows": 1, "Plan Width": 21, "Recheck Cond": "(id = ci.movie_id)", "Plans": [{"Node Type": "Bitmap Index Scan", "Parent Relationship": "Outer", "Index Name": "title_pkey", "Startup Cost": 0.0, "Total Cost": 0.26, "Plan Rows": 1, "Plan Width": 0, "Index Cond": "(id = ci.movie_id)"}]}]}, {"Node Type": "Bitmap Heap Scan", "Parent Relationship": "Inner", "Relation Name": "name", "Alias": "n1", "Startup Cost": 0.26, "Total Cost": 4.27, "Plan Rows": 1, "Plan Width": 4, "Recheck Cond": "(id = ci.person_id)", "Plans": [{"Node Type": "Bitmap Index Scan", "Parent Relationship": "Outer", "Index Name": "name_pkey", "Startup Cost": 0.0, "Total Cost": 0.26, "Plan Rows": 1, "Plan Width": 0, "Index Cond": "(id = ci.person_id)"}]}]}]}, "Unique SQL Id": 2457761703, "Planner Runtime": 6}, "explain_analyze_plan": null}, "(64, 52)": {"explain_plan": {"Plan": {"Node Type": "Aggregate", "Strategy": "Plain", "Startup Cost": 1967968.74, "Total Cost": 1967968.75, "Plan Rows": 1, "Plan Width": 97, "Plans": [{"Node Type": "Nested Loop", "Parent Relationship": "Outer", "Join Type": "Inner", "Startup Cost": 0.0, "Total Cost": 1966183.25, "Plan Rows": 357098, "Plan Width": 33, "Inner Unique": true, "Join Filter": "(a1.person_id = n1.id), (LLVM Optimized)", "Plans": [{"Node Type": "Nested Loop", "Parent Relationship": "Outer", "Join Type": "Inner", "Startup Cost": 0.0, "Total Cost": 1862664.6, "Plan Rows": 357098, "Plan Width": 41, "Inner Unique": true, "Plans": [{"Node Type": "Nested Loop", "Parent Relationship": "Outer", "Join Type": "Inner", "Startup Cost": 0.0, "Total Cost": 1760862.26, "Plan Rows": 357379, "Plan Width": 32, "Inner Unique": false, "Plans": [{"Node Type": "Nested Loop", "Parent Relationship": "Outer", "Join Type": "Inner", "Startup Cost": 0.0, "Total Cost": 1560689.3, "Plan Rows": 711018, "Plan Width": 12, "Inner Unique": false, "Join Filter": "(ci.role_id = rt.id), (LLVM Optimized)", "Plans": [{"Node Type": "Seq Scan", "Parent Relationship": "Outer", "Relation Name": "role_type", "Alias": "rt", "Startup Cost": 0.0, "Total Cost": 1.15, "Plan Rows": 1, "Plan Width": 4, "Filter": "((role)::text = 'writer'::text)"}, {"Node Type": "Nested Loop", "Parent Relationship": "Inner", "Join Type": "Inner", "Startup Cost": 0.0, "Total Cost": 1462923.14, "Plan Rows": 7821201, "Plan Width": 16, "Inner Unique": false, "Plans": [{"Node Type": "Nested Loop", "Parent Relationship": "Outer", "Join Type": "Inner", "Startup Cost": 0.0, "Total Cost": 166734.45, "Plan Rows": 1282311, "Plan Width": 4, "Inner Unique": false, "Plans": [{"Node Type": "Seq Scan", "Parent Relationship": "Outer", "Relation Name": "company_name", "Alias": "cn", "Startup Cost": 0.0, "Total Cost": 5903.45, "Plan Rows": 85170, "Plan Width": 4, "Filter": "((country_code)::text = '[us]'::text)"}, {"Node Type": "Index Scan", "Parent Relationship": "Inner", "Scan Direction": "Forward", "Index Name": "company_id_movie_companies", "Relation Name": "movie_companies", "Alias": "mc", "Startup Cost": 0.0, "Total Cost": 1.74, "Plan Rows": 15, "Plan Width": 8, "Index Cond": "(company_id = cn.id)"}]}, {"Node Type": "Index Scan", "Parent Relationship": "Inner", "Scan Direction": "Forward", "Index Name": "movie_id_cast_info", "Relation Name": "cast_info", "Alias": "ci", "Startup Cost": 0.0, "Total Cost": 0.95, "Plan Rows": 6, "Plan Width": 12, "Index Cond": "(movie_id = mc.movie_id)"}]}]}, {"Node Type": "Index Scan", "Parent Relationship": "Inner", "Scan Direction": "Forward", "Index Name": "person_id_aka_name", "Relation Name": "aka_name", "Alias": "a1", "Startup Cost": 0.0, "Total Cost": 0.27, "Plan Rows": 1, "Plan Width": 20, "Index Cond": "(person_id = ci.person_id)"}]}, {"Node Type": "Index Scan", "Parent Relationship": "Inner", "Scan Direction": "Forward", "Index Name": "title_pkey", "Relation Name": "title", "Alias": "t", "Startup Cost": 0.0, "Total Cost": 0.27, "Plan Rows": 1, "Plan Width": 21, "Index Cond": "(id = ci.movie_id)"}]}, {"Node Type": "Index Scan", "Parent Relationship": "Inner", "Scan Direction": "Forward", "Index Name": "name_pkey", "Relation Name": "name", "Alias": "n1", "Startup Cost": 0.0, "Total Cost": 0.28, "Plan Rows": 1, "Plan Width": 4, "Index Cond": "(id = ci.person_id)"}]}]}, "Unique SQL Id": 2457761703, "Planner Runtime": 5}, "explain_analyze_plan": null}, "(64, 53)": {"explain_plan": {"Plan": {"Node Type": "Aggregate", "Strategy": "Plain", "Startup Cost": 1972577.99, "Total Cost": 1972578.0, "Plan Rows": 1, "Plan Width": 97, "Plans": [{"Node Type": "Nested Loop", "Parent Relationship": "Outer", "Join Type": "Inner", "Startup Cost": 0.0, "Total Cost": 1970792.5, "Plan Rows": 357098, "Plan Width": 33, "Inner Unique": true, "Join Filter": "(a1.person_id = n1.id), (LLVM Optimized)", "Plans": [{"Node Type": "Nested Loop", "Parent Relationship": "Outer", "Join Type": "Inner", "Startup Cost": 0.0, "Total Cost": 1867273.85, "Plan Rows": 357098, "Plan Width": 41, "Inner Unique": true, "Plans": [{"Node Type": "Nested Loop", "Parent Relationship": "Outer", "Join Type": "Inner", "Startup Cost": 0.0, "Total Cost": 1765471.51, "Plan Rows": 357379, "Plan Width": 32, "Inner Unique": false, "Plans": [{"Node Type": "Nested Loop", "Parent Relationship": "Outer", "Join Type": "Inner", "Startup Cost": 0.0, "Total Cost": 1565298.55, "Plan Rows": 711018, "Plan Width": 12, "Inner Unique": false, "Join Filter": "(ci.role_id = rt.id), (LLVM Optimized)", "Plans": [{"Node Type": "Index Scan", "Parent Relationship": "Outer", "Scan Direction": "Forward", "Index Name": "role_type_pkey", "Relation Name": "role_type", "Alias": "rt", "Startup Cost": 0.0, "Total Cost": 12.46, "Plan Rows": 1, "Plan Width": 4, "Filter": "((role)::text = 'writer'::text)"}, {"Node Type": "Nested Loop", "Parent Relationship": "Inner", "Join Type": "Inner", "Startup Cost": 0.0, "Total Cost": 1467521.08, "Plan Rows": 7821201, "Plan Width": 16, "Inner Unique": false, "Plans": [{"Node Type": "Nested Loop", "Parent Relationship": "Outer", "Join Type": "Inner", "Startup Cost": 0.0, "Total Cost": 171332.39, "Plan Rows": 1282311, "Plan Width": 4, "Inner Unique": false, "Plans": [{"Node Type": "Index Scan", "Parent Relationship": "Outer", "Scan Direction": "Forward", "Index Name": "company_name_pkey", "Relation Name": "company_name", "Alias": "cn", "Startup Cost": 0.0, "Total Cost": 10501.39, "Plan Rows": 85170, "Plan Width": 4, "Filter": "((country_code)::text = '[us]'::text)"}, {"Node Type": "Index Scan", "Parent Relationship": "Inner", "Scan Direction": "Forward", "Index Name": "company_id_movie_companies", "Relation Name": "movie_companies", "Alias": "mc", "Startup Cost": 0.0, "Total Cost": 1.74, "Plan Rows": 15, "Plan Width": 8, "Index Cond": "(company_id = cn.id)"}]}, {"Node Type": "Index Scan", "Parent Relationship": "Inner", "Scan Direction": "Forward", "Index Name": "movie_id_cast_info", "Relation Name": "cast_info", "Alias": "ci", "Startup Cost": 0.0, "Total Cost": 0.95, "Plan Rows": 6, "Plan Width": 12, "Index Cond": "(movie_id = mc.movie_id)"}]}]}, {"Node Type": "Index Scan", "Parent Relationship": "Inner", "Scan Direction": "Forward", "Index Name": "person_id_aka_name", "Relation Name": "aka_name", "Alias": "a1", "Startup Cost": 0.0, "Total Cost": 0.27, "Plan Rows": 1, "Plan Width": 20, "Index Cond": "(person_id = ci.person_id)"}]}, {"Node Type": "Index Scan", "Parent Relationship": "Inner", "Scan Direction": "Forward", "Index Name": "title_pkey", "Relation Name": "title", "Alias": "t", "Startup Cost": 0.0, "Total Cost": 0.27, "Plan Rows": 1, "Plan Width": 21, "Index Cond": "(id = ci.movie_id)"}]}, {"Node Type": "Index Scan", "Parent Relationship": "Inner", "Scan Direction": "Forward", "Index Name": "name_pkey", "Relation Name": "name", "Alias": "n1", "Startup Cost": 0.0, "Total Cost": 0.28, "Plan Rows": 1, "Plan Width": 4, "Index Cond": "(id = ci.person_id)"}]}]}, "Unique SQL Id": 2457761703, "Planner Runtime": 5}, "explain_analyze_plan": null}, "(64, 54)": {"explain_plan": {"Plan": {"Node Type": "Aggregate", "Strategy": "Plain", "Startup Cost": 12604914.55, "Total Cost": 12604914.56, "Plan Rows": 1, "Plan Width": 97, "Plans": [{"Node Type": "Nested Loop", "Parent Relationship": "Outer", "Join Type": "Inner", "Startup Cost": 2.1, "Total Cost": 12603129.06, "Plan Rows": 357098, "Plan Width": 33, "Inner Unique": true, "Join Filter": "(a1.person_id = n1.id), (LLVM Optimized)", "Plans": [{"Node Type": "Nested Loop", "Parent Relationship": "Outer", "Join Type": "Inner", "Startup Cost": 1.84, "Total Cost": 11073153.85, "Plan Rows": 357098, "Plan Width": 41, "Inner Unique": true, "Plans": [{"Node Type": "Nested Loop", "Parent Relationship": "Outer", "Join Type": "Inner", "Startup Cost": 1.58, "Total Cost": 9543117.59, "Plan Rows": 357379, "Plan Width": 32, "Inner Unique": false, "Plans": [{"Node Type": "Nested Loop", "Parent Relationship": "Outer", "Join Type": "Inner", "Startup Cost": 1.33, "Total Cost": 6499549.44, "Plan Rows": 711018, "Plan Width": 12, "Inner Unique": false, "Join Filter": "(ci.role_id = rt.id), (LLVM Optimized)", "Plans": [{"Node Type": "Seq Scan", "Parent Relationship": "Outer", "Relation Name": "role_type", "Alias": "rt", "Startup Cost": 0.0, "Total Cost": 1.15, "Plan Rows": 1, "Plan Width": 4, "Filter": "((role)::text = 'writer'::text)"}, {"Node Type": "Nested Loop", "Parent Relationship": "Inner", "Join Type": "Inner", "Startup Cost": 1.33, "Total Cost": 6401783.28, "Plan Rows": 7821201, "Plan Width": 16, "Inner Unique": false, "Plans": [{"Node Type": "Nested Loop", "Parent Relationship": "Outer", "Join Type": "Inner", "Startup Cost": 0.82, "Total Cost": 444829.84, "Plan Rows": 1282311, "Plan Width": 4, "Inner Unique": false, "Plans": [{"Node Type": "Seq Scan", "Parent Relationship": "Outer", "Relation Name": "company_name", "Alias": "cn", "Startup Cost": 0.0, "Total Cost": 5903.45, "Plan Rows": 85170, "Plan Width": 4, "Filter": "((country_code)::text = '[us]'::text)"}, {"Node Type": "Bitmap Heap Scan", "Parent Relationship": "Inner", "Relation Name": "movie_companies", "Alias": "mc", "Startup Cost": 0.82, "Total Cost": 5.0, "Plan Rows": 15, "Plan Width": 8, "Recheck Cond": "(company_id = cn.id)", "Plans": [{"Node Type": "Bitmap Index Scan", "Parent Relationship": "Outer", "Index Name": "company_id_movie_companies", "Startup Cost": 0.0, "Total Cost": 0.81, "Plan Rows": 15, "Plan Width": 0, "Index Cond": "(company_id = cn.id)"}]}]}, {"Node Type": "Bitmap Heap Scan", "Parent Relationship": "Inner", "Relation Name": "cast_info", "Alias": "ci", "Startup Cost": 0.51, "Total Cost": 4.59, "Plan Rows": 6, "Plan Width": 12, "Recheck Cond": "(movie_id = mc.movie_id)", "Plans": [{"Node Type": "Bitmap Index Scan", "Parent Relationship": "Outer", "Index Name": "movie_id_cast_info", "Startup Cost": 0.0, "Total Cost": 0.51, "Plan Rows": 6, "Plan Width": 0, "Index Cond": "(movie_id = mc.movie_id)"}]}]}]}, {"Node Type": "Bitmap Heap Scan", "Parent Relationship": "Inner", "Relation Name": "aka_name", "Alias": "a1", "Startup Cost": 0.26, "Total Cost": 4.27, "Plan Rows": 1, "Plan Width": 20, "Recheck Cond": "(person_id = ci.person_id)", "Plans": [{"Node Type": "Bitmap Index Scan", "Parent Relationship": "Outer", "Index Name": "person_id_aka_name", "Startup Cost": 0.0, "Total Cost": 0.26, "Plan Rows": 1, "Plan Width": 0, "Index Cond": "(person_id = ci.person_id)"}]}]}, {"Node Type": "Bitmap Heap Scan", "Parent Relationship": "Inner", "Relation Name": "title", "Alias": "t", "Startup Cost": 0.26, "Total Cost": 4.27, "Plan Rows": 1, "Plan Width": 21, "Recheck Cond": "(id = ci.movie_id)", "Plans": [{"Node Type": "Bitmap Index Scan", "Parent Relationship": "Outer", "Index Name": "title_pkey", "Startup Cost": 0.0, "Total Cost": 0.26, "Plan Rows": 1, "Plan Width": 0, "Index Cond": "(id = ci.movie_id)"}]}]}, {"Node Type": "Bitmap Heap Scan", "Parent Relationship": "Inner", "Relation Name": "name", "Alias": "n1", "Startup Cost": 0.26, "Total Cost": 4.27, "Plan Rows": 1, "Plan Width": 4, "Recheck Cond": "(id = ci.person_id)", "Plans": [{"Node Type": "Bitmap Index Scan", "Parent Relationship": "Outer", "Index Name": "name_pkey", "Startup Cost": 0.0, "Total Cost": 0.26, "Plan Rows": 1, "Plan Width": 0, "Index Cond": "(id = ci.person_id)"}]}]}]}, "Unique SQL Id": 2457761703, "Planner Runtime": 15}, "explain_analyze_plan": null}, "(64, 55)": {"explain_plan": {"Plan": {"Node Type": "Aggregate", "Strategy": "Plain", "Startup Cost": 12607726.38, "Total Cost": 12607726.39, "Plan Rows": 1, "Plan Width": 97, "Plans": [{"Node Type": "Nested Loop", "Parent Relationship": "Outer", "Join Type": "Inner", "Startup Cost": 2810.94, "Total Cost": 12605940.89, "Plan Rows": 357098, "Plan Width": 33, "Inner Unique": true, "Join Filter": "(a1.person_id = n1.id), (LLVM Optimized)", "Plans": [{"Node Type": "Nested Loop", "Parent Relationship": "Outer", "Join Type": "Inner", "Startup Cost": 2810.68, "Total Cost": 11075965.68, "Plan Rows": 357098, "Plan Width": 41, "Inner Unique": true, "Plans": [{"Node Type": "Nested Loop", "Parent Relationship": "Outer", "Join Type": "Inner", "Startup Cost": 2810.42, "Total Cost": 9545929.42, "Plan Rows": 357379, "Plan Width": 32, "Inner Unique": false, "Plans": [{"Node Type": "Nested Loop", "Parent Relationship": "Outer", "Join Type": "Inner", "Startup Cost": 2810.16, "Total Cost": 6502361.27, "Plan Rows": 711018, "Plan Width": 12, "Inner Unique": false, "Join Filter": "(ci.role_id = rt.id), (LLVM Optimized)", "Plans": [{"Node Type": "Bitmap Heap Scan", "Parent Relationship": "Outer", "Relation Name": "role_type", "Alias": "rt", "Startup Cost": 8.31, "Total Cost": 12.46, "Plan Rows": 1, "Plan Width": 4, "Filter": "((role)::text = 'writer'::text)", "Plans": [{"Node Type": "Bitmap Index Scan", "Parent Relationship": "Outer", "Index Name": "role_type_pkey", "Startup Cost": 0.0, "Total Cost": 8.31, "Plan Rows": 12, "Plan Width": 0}]}, {"Node Type": "Nested Loop", "Parent Relationship": "Inner", "Join Type": "Inner", "Startup Cost": 2801.85, "Total Cost": 6404583.8, "Plan Rows": 7821201, "Plan Width": 16, "Inner Unique": false, "Plans": [{"Node Type": "Nested Loop", "Parent Relationship": "Outer", "Join Type": "Inner", "Startup Cost": 2801.34, "Total Cost": 447630.36, "Plan Rows": 1282311, "Plan Width": 4, "Inner Unique": false, "Plans": [{"Node Type": "Bitmap Heap Scan", "Parent Relationship": "Outer", "Relation Name": "company_name", "Alias": "cn", "Startup Cost": 2800.52, "Total Cost": 8703.97, "Plan Rows": 85170, "Plan Width": 4, "Filter": "((country_code)::text = '[us]'::text)", "Plans": [{"Node Type": "Bitmap Index Scan", "Parent Relationship": "Outer", "Index Name": "company_name_pkey", "Startup Cost": 0.0, "Total Cost": 2779.23, "Plan Rows": 234996, "Plan Width": 0}]}, {"Node Type": "Bitmap Heap Scan", "Parent Relationship": "Inner", "Relation Name": "movie_companies", "Alias": "mc", "Startup Cost": 0.82, "Total Cost": 5.0, "Plan Rows": 15, "Plan Width": 8, "Recheck Cond": "(company_id = cn.id)", "Plans": [{"Node Type": "Bitmap Index Scan", "Parent Relationship": "Outer", "Index Name": "company_id_movie_companies", "Startup Cost": 0.0, "Total Cost": 0.81, "Plan Rows": 15, "Plan Width": 0, "Index Cond": "(company_id = cn.id)"}]}]}, {"Node Type": "Bitmap Heap Scan", "Parent Relationship": "Inner", "Relation Name": "cast_info", "Alias": "ci", "Startup Cost": 0.51, "Total Cost": 4.59, "Plan Rows": 6, "Plan Width": 12, "Recheck Cond": "(movie_id = mc.movie_id)", "Plans": [{"Node Type": "Bitmap Index Scan", "Parent Relationship": "Outer", "Index Name": "movie_id_cast_info", "Startup Cost": 0.0, "Total Cost": 0.51, "Plan Rows": 6, "Plan Width": 0, "Index Cond": "(movie_id = mc.movie_id)"}]}]}]}, {"Node Type": "Bitmap Heap Scan", "Parent Relationship": "Inner", "Relation Name": "aka_name", "Alias": "a1", "Startup Cost": 0.26, "Total Cost": 4.27, "Plan Rows": 1, "Plan Width": 20, "Recheck Cond": "(person_id = ci.person_id)", "Plans": [{"Node Type": "Bitmap Index Scan", "Parent Relationship": "Outer", "Index Name": "person_id_aka_name", "Startup Cost": 0.0, "Total Cost": 0.26, "Plan Rows": 1, "Plan Width": 0, "Index Cond": "(person_id = ci.person_id)"}]}]}, {"Node Type": "Bitmap Heap Scan", "Parent Relationship": "Inner", "Relation Name": "title", "Alias": "t", "Startup Cost": 0.26, "Total Cost": 4.27, "Plan Rows": 1, "Plan Width": 21, "Recheck Cond": "(id = ci.movie_id)", "Plans": [{"Node Type": "Bitmap Index Scan", "Parent Relationship": "Outer", "Index Name": "title_pkey", "Startup Cost": 0.0, "Total Cost": 0.26, "Plan Rows": 1, "Plan Width": 0, "Index Cond": "(id = ci.movie_id)"}]}]}, {"Node Type": "Bitmap Heap Scan", "Parent Relationship": "Inner", "Relation Name": "name", "Alias": "n1", "Startup Cost": 0.26, "Total Cost": 4.27, "Plan Rows": 1, "Plan Width": 4, "Recheck Cond": "(id = ci.person_id)", "Plans": [{"Node Type": "Bitmap Index Scan", "Parent Relationship": "Outer", "Index Name": "name_pkey", "Startup Cost": 0.0, "Total Cost": 0.26, "Plan Rows": 1, "Plan Width": 0, "Index Cond": "(id = ci.person_id)"}]}]}]}, "Unique SQL Id": 2457761703, "Planner Runtime": 6}, "explain_analyze_plan": null}, "(64, 56)": {"explain_plan": {"Plan": {"Node Type": "Aggregate", "Strategy": "Plain", "Startup Cost": 1965944.02, "Total Cost": 1965944.03, "Plan Rows": 1, "Plan Width": 97, "Plans": [{"Node Type": "Nested Loop", "Parent Relationship": "Outer", "Join Type": "Inner", "Startup Cost": 0.0, "Total Cost": 1964158.53, "Plan Rows": 357098, "Plan Width": 33, "Inner Unique": true, "Join Filter": "(a1.person_id = n1.id), (LLVM Optimized)", "Plans": [{"Node Type": "Nested Loop", "Parent Relationship": "Outer", "Join Type": "Inner", "Startup Cost": 0.0, "Total Cost": 1862664.6, "Plan Rows": 357098, "Plan Width": 41, "Inner Unique": true, "Plans": [{"Node Type": "Nested Loop", "Parent Relationship": "Outer", "Join Type": "Inner", "Startup Cost": 0.0, "Total Cost": 1760862.26, "Plan Rows": 357379, "Plan Width": 32, "Inner Unique": false, "Plans": [{"Node Type": "Nested Loop", "Parent Relationship": "Outer", "Join Type": "Inner", "Startup Cost": 0.0, "Total Cost": 1560689.3, "Plan Rows": 711018, "Plan Width": 12, "Inner Unique": false, "Join Filter": "(ci.role_id = rt.id), (LLVM Optimized)", "Plans": [{"Node Type": "Seq Scan", "Parent Relationship": "Outer", "Relation Name": "role_type", "Alias": "rt", "Startup Cost": 0.0, "Total Cost": 1.15, "Plan Rows": 1, "Plan Width": 4, "Filter": "((role)::text = 'writer'::text)"}, {"Node Type": "Nested Loop", "Parent Relationship": "Inner", "Join Type": "Inner", "Startup Cost": 0.0, "Total Cost": 1462923.14, "Plan Rows": 7821201, "Plan Width": 16, "Inner Unique": false, "Plans": [{"Node Type": "Nested Loop", "Parent Relationship": "Outer", "Join Type": "Inner", "Startup Cost": 0.0, "Total Cost": 166734.45, "Plan Rows": 1282311, "Plan Width": 4, "Inner Unique": false, "Plans": [{"Node Type": "Seq Scan", "Parent Relationship": "Outer", "Relation Name": "company_name", "Alias": "cn", "Startup Cost": 0.0, "Total Cost": 5903.45, "Plan Rows": 85170, "Plan Width": 4, "Filter": "((country_code)::text = '[us]'::text)"}, {"Node Type": "Index Scan", "Parent Relationship": "Inner", "Scan Direction": "Forward", "Index Name": "company_id_movie_companies", "Relation Name": "movie_companies", "Alias": "mc", "Startup Cost": 0.0, "Total Cost": 1.74, "Plan Rows": 15, "Plan Width": 8, "Index Cond": "(company_id = cn.id)"}]}, {"Node Type": "Index Scan", "Parent Relationship": "Inner", "Scan Direction": "Forward", "Index Name": "movie_id_cast_info", "Relation Name": "cast_info", "Alias": "ci", "Startup Cost": 0.0, "Total Cost": 0.95, "Plan Rows": 6, "Plan Width": 12, "Index Cond": "(movie_id = mc.movie_id)"}]}]}, {"Node Type": "Index Scan", "Parent Relationship": "Inner", "Scan Direction": "Forward", "Index Name": "person_id_aka_name", "Relation Name": "aka_name", "Alias": "a1", "Startup Cost": 0.0, "Total Cost": 0.27, "Plan Rows": 1, "Plan Width": 20, "Index Cond": "(person_id = ci.person_id)"}]}, {"Node Type": "Index Scan", "Parent Relationship": "Inner", "Scan Direction": "Forward", "Index Name": "title_pkey", "Relation Name": "title", "Alias": "t", "Startup Cost": 0.0, "Total Cost": 0.27, "Plan Rows": 1, "Plan Width": 21, "Index Cond": "(id = ci.movie_id)"}]}, {"Node Type": "Index Only Scan", "Parent Relationship": "Inner", "Scan Direction": "Forward", "Index Name": "name_pkey", "Relation Name": "name", "Alias": "n1", "Startup Cost": 0.0, "Total Cost": 0.27, "Plan Rows": 1, "Plan Width": 4, "Index Cond": "(id = ci.person_id)"}]}]}, "Unique SQL Id": 2457761703, "Planner Runtime": 5}, "explain_analyze_plan": null}, "(64, 57)": {"explain_plan": {"Plan": {"Node Type": "Aggregate", "Strategy": "Plain", "Startup Cost": 1970553.27, "Total Cost": 1970553.28, "Plan Rows": 1, "Plan Width": 97, "Plans": [{"Node Type": "Nested Loop", "Parent Relationship": "Outer", "Join Type": "Inner", "Startup Cost": 0.0, "Total Cost": 1968767.78, "Plan Rows": 357098, "Plan Width": 33, "Inner Unique": true, "Join Filter": "(a1.person_id = n1.id), (LLVM Optimized)", "Plans": [{"Node Type": "Nested Loop", "Parent Relationship": "Outer", "Join Type": "Inner", "Startup Cost": 0.0, "Total Cost": 1867273.85, "Plan Rows": 357098, "Plan Width": 41, "Inner Unique": true, "Plans": [{"Node Type": "Nested Loop", "Parent Relationship": "Outer", "Join Type": "Inner", "Startup Cost": 0.0, "Total Cost": 1765471.51, "Plan Rows": 357379, "Plan Width": 32, "Inner Unique": false, "Plans": [{"Node Type": "Nested Loop", "Parent Relationship": "Outer", "Join Type": "Inner", "Startup Cost": 0.0, "Total Cost": 1565298.55, "Plan Rows": 711018, "Plan Width": 12, "Inner Unique": false, "Join Filter": "(ci.role_id = rt.id), (LLVM Optimized)", "Plans": [{"Node Type": "Index Scan", "Parent Relationship": "Outer", "Scan Direction": "Forward", "Index Name": "role_type_pkey", "Relation Name": "role_type", "Alias": "rt", "Startup Cost": 0.0, "Total Cost": 12.46, "Plan Rows": 1, "Plan Width": 4, "Filter": "((role)::text = 'writer'::text)"}, {"Node Type": "Nested Loop", "Parent Relationship": "Inner", "Join Type": "Inner", "Startup Cost": 0.0, "Total Cost": 1467521.08, "Plan Rows": 7821201, "Plan Width": 16, "Inner Unique": false, "Plans": [{"Node Type": "Nested Loop", "Parent Relationship": "Outer", "Join Type": "Inner", "Startup Cost": 0.0, "Total Cost": 171332.39, "Plan Rows": 1282311, "Plan Width": 4, "Inner Unique": false, "Plans": [{"Node Type": "Index Scan", "Parent Relationship": "Outer", "Scan Direction": "Forward", "Index Name": "company_name_pkey", "Relation Name": "company_name", "Alias": "cn", "Startup Cost": 0.0, "Total Cost": 10501.39, "Plan Rows": 85170, "Plan Width": 4, "Filter": "((country_code)::text = '[us]'::text)"}, {"Node Type": "Index Scan", "Parent Relationship": "Inner", "Scan Direction": "Forward", "Index Name": "company_id_movie_companies", "Relation Name": "movie_companies", "Alias": "mc", "Startup Cost": 0.0, "Total Cost": 1.74, "Plan Rows": 15, "Plan Width": 8, "Index Cond": "(company_id = cn.id)"}]}, {"Node Type": "Index Scan", "Parent Relationship": "Inner", "Scan Direction": "Forward", "Index Name": "movie_id_cast_info", "Relation Name": "cast_info", "Alias": "ci", "Startup Cost": 0.0, "Total Cost": 0.95, "Plan Rows": 6, "Plan Width": 12, "Index Cond": "(movie_id = mc.movie_id)"}]}]}, {"Node Type": "Index Scan", "Parent Relationship": "Inner", "Scan Direction": "Forward", "Index Name": "person_id_aka_name", "Relation Name": "aka_name", "Alias": "a1", "Startup Cost": 0.0, "Total Cost": 0.27, "Plan Rows": 1, "Plan Width": 20, "Index Cond": "(person_id = ci.person_id)"}]}, {"Node Type": "Index Scan", "Parent Relationship": "Inner", "Scan Direction": "Forward", "Index Name": "title_pkey", "Relation Name": "title", "Alias": "t", "Startup Cost": 0.0, "Total Cost": 0.27, "Plan Rows": 1, "Plan Width": 21, "Index Cond": "(id = ci.movie_id)"}]}, {"Node Type": "Index Only Scan", "Parent Relationship": "Inner", "Scan Direction": "Forward", "Index Name": "name_pkey", "Relation Name": "name", "Alias": "n1", "Startup Cost": 0.0, "Total Cost": 0.27, "Plan Rows": 1, "Plan Width": 4, "Index Cond": "(id = ci.person_id)"}]}]}, "Unique SQL Id": 2457761703, "Planner Runtime": 4}, "explain_analyze_plan": null}, "(64, 58)": {"explain_plan": {"Plan": {"Node Type": "Aggregate", "Strategy": "Plain", "Startup Cost": 35276563.26, "Total Cost": 35276563.29, "Plan Rows": 1, "Plan Width": 97, "Plans": [{"Node Type": "Streaming(type: LOCAL GATHER dop: 1/64)", "Parent Relationship": "Outer", "Startup Cost": 35276563.26, "Total Cost": 35276563.29, "Plan Rows": 1, "Plan Width": 97, "Plans": [{"Node Type": "Aggregate", "Strategy": "Plain", "Parent Relationship": "Outer", "Startup Cost": 35276563.26, "Total Cost": 35276563.27, "Plan Rows": 1, "Plan Width": 97, "Plans": [{"Node Type": "Nested Loop", "Parent Relationship": "Outer", "Join Type": "Inner", "Startup Cost": 0.0, "Total Cost": 35274777.77, "Plan Rows": 357098, "Plan Width": 33, "Inner Unique": false, "Join Filter": "(a1.person_id = n1.id), (LLVM Optimized)", "Plans": [{"Node Type": "Streaming(type: LOCAL REDISTRIBUTE dop: 64/64)", "Parent Relationship": "Outer", "Startup Cost": 0.0, "Total Cost": 131401.97, "Plan Rows": 4167490, "Plan Width": 4, "Plans": [{"Node Type": "Seq Scan", "Parent Relationship": "Outer", "Relation Name": "name", "Alias": "n1", "Startup Cost": 0.0, "Total Cost": 64454.25, "Plan Rows": 4167490, "Plan Width": 4}]}, {"Node Type": "Materialize", "Parent Relationship": "Inner", "Startup Cost": 0.0, "Total Cost": 29693429.99, "Plan Rows": 357098, "Plan Width": 41, "Plans": [{"Node Type": "Streaming(type: LOCAL REDISTRIBUTE dop: 64/64)", "Parent Relationship": "Outer", "Startup Cost": 0.0, "Total Cost": 29693402.1, "Plan Rows": 357098, "Plan Width": 41, "Plans": [{"Node Type": "Nested Loop", "Parent Relationship": "Outer", "Join Type": "Inner", "Startup Cost": 0.0, "Total Cost": 29630063.83, "Plan Rows": 357098, "Plan Width": 41, "Inner Unique": false, "Join Filter": "(ci.movie_id = t.id), (LLVM Optimized)", "Plans": [{"Node Type": "Streaming(type: LOCAL REDISTRIBUTE dop: 64/1)", "Parent Relationship": "Outer", "Startup Cost": 0.0, "Total Cost": 225794.09, "Plan Rows": 2528311, "Plan Width": 21, "Plans": [{"Node Type": "Seq Scan", "Parent Relationship": "Outer", "Relation Name": "title", "Alias": "t", "Startup Cost": 0.0, "Total Cost": 60069.11, "Plan Rows": 2528311, "Plan Width": 21}]}, {"Node Type": "Materialize", "Parent Relationship": "Inner", "Startup Cost": 0.0, "Total Cost": 26095328.9, "Plan Rows": 357379, "Plan Width": 32, "Plans": [{"Node Type": "Streaming(type: LOCAL REDISTRIBUTE dop: 64/64)", "Parent Relationship": "Outer", "Startup Cost": 0.0, "Total Cost": 26095300.98, "Plan Rows": 357379, "Plan Width": 32, "Plans": [{"Node Type": "Nested Loop", "Parent Relationship": "Outer", "Join Type": "Inner", "Startup Cost": 0.0, "Total Cost": 26031962.45, "Plan Rows": 357379, "Plan Width": 32, "Inner Unique": true, "Join Filter": "(mc.company_id = cn.id), (LLVM Optimized)", "Plans": [{"Node Type": "Streaming(type: LOCAL REDISTRIBUTE dop: 64/64)", "Parent Relationship": "Outer", "Startup Cost": 0.0, "Total Cost": 25732792.36, "Plan Rows": 727161, "Plan Width": 36, "Plans": [{"Node Type": "Nested Loop", "Parent Relationship": "Outer", "Join Type": "Inner", "Startup Cost": 0.0, "Total Cost": 25669103.55, "Plan Rows": 727161, "Plan Width": 36, "Inner Unique": false, "Join Filter": "(ci.movie_id = mc.movie_id), (LLVM Optimized)", "Plans": [{"Node Type": "Streaming(type: LOCAL REDISTRIBUTE dop: 64/1)", "Parent Relationship": "Outer", "Startup Cost": 0.0, "Total Cost": 210825.84, "Plan Rows": 2609128, "Plan Width": 8, "Plans": [{"Node Type": "Seq Scan", "Parent Relationship": "Outer", "Relation Name": "movie_companies", "Alias": "mc", "Startup Cost": 0.0, "Total Cost": 41817.28, "Plan Rows": 2609128, "Plan Width": 8}]}, {"Node Type": "Materialize", "Parent Relationship": "Inner", "Startup Cost": 0.0, "Total Cost": 11273227.83, "Plan Rows": 1484588, "Plan Width": 28, "Plans": [{"Node Type": "Streaming(type: LOCAL REDISTRIBUTE dop: 64/64)", "Parent Relationship": "Outer", "Startup Cost": 0.0, "Total Cost": 11273111.85, "Plan Rows": 1484588, "Plan Width": 28, "Plans": [{"Node Type": "Nested Loop", "Parent Relationship": "Outer", "Join Type": "Inner", "Startup Cost": 0.0, "Total Cost": 11208705.55, "Plan Rows": 1484588, "Plan Width": 28, "Inner Unique": false, "Join Filter": "(ci.person_id = a1.person_id), (LLVM Optimized)", "Plans": [{"Node Type": "Streaming(type: LOCAL REDISTRIBUTE dop: 64/64)", "Parent Relationship": "Outer", "Startup Cost": 0.0, "Total Cost": 208611.23, "Plan Rows": 3296318, "Plan Width": 8, "Plans": [{"Node Type": "Nested Loop", "Parent Relationship": "Outer", "Join Type": "Inner", "Startup Cost": 0.0, "Total Cost": 142488.75, "Plan Rows": 3296318, "Plan Width": 8, "Inner Unique": false, "Join Filter": "(ci.role_id = rt.id), (LLVM Optimized)", "Plans": [{"Node Type": "Streaming(type: BROADCAST dop: 64/1)", "Parent Relationship": "Outer", "Startup Cost": 0.0, "Total Cost": 63002.47, "Plan Rows": 64, "Plan Width": 4, "Plans": [{"Node Type": "Seq Scan", "Parent Relationship": "Outer", "Relation Name": "role_type", "Alias": "rt", "Startup Cost": 0.0, "Total Cost": 1.15, "Plan Rows": 1, "Plan Width": 4, "Filter": "((role)::text = 'writer'::text)"}]}, {"Node Type": "Seq Scan", "Parent Relationship": "Inner", "Relation Name": "cast_info", "Alias": "ci", "Startup Cost": 0.0, "Total Cost": 72404.34, "Plan Rows": 36259494, "Plan Width": 12}]}]}, {"Node Type": "Materialize", "Parent Relationship": "Inner", "Startup Cost": 0.0, "Total Cost": 119600.26, "Plan Rows": 901342, "Plan Width": 20, "Plans": [{"Node Type": "Streaming(type: LOCAL REDISTRIBUTE dop: 64/1)", "Parent Relationship": "Outer", "Startup Cost": 0.0, "Total Cost": 119529.84, "Plan Rows": 901342, "Plan Width": 20, "Plans": [{"Node Type": "Seq Scan", "Parent Relationship": "Outer", "Relation Name": "aka_name", "Alias": "a1", "Startup Cost": 0.0, "Total Cost": 19908.42, "Plan Rows": 901342, "Plan Width": 20}]}]}]}]}]}]}]}, {"Node Type": "Materialize", "Parent Relationship": "Inner", "Startup Cost": 0.0, "Total Cost": 72370.55, "Plan Rows": 85170, "Plan Width": 4, "Plans": [{"Node Type": "Streaming(type: LOCAL REDISTRIBUTE dop: 64/1)", "Parent Relationship": "Outer", "Startup Cost": 0.0, "Total Cost": 72363.9, "Plan Rows": 85170, "Plan Width": 4, "Plans": [{"Node Type": "Seq Scan", "Parent Relationship": "Outer", "Relation Name": "company_name", "Alias": "cn", "Startup Cost": 0.0, "Total Cost": 5903.45, "Plan Rows": 85170, "Plan Width": 4, "Filter": "((country_code)::text = '[us]'::text)"}]}]}]}]}]}]}]}]}]}]}]}]}, "Unique SQL Id": 2457761703, "Planner Runtime": 9}, "explain_analyze_plan": null}, "(64, 59)": {"explain_plan": {"Plan": {"Node Type": "Aggregate", "Strategy": "Plain", "Startup Cost": 7112442136285.67, "Total Cost": 7112442136285.68, "Plan Rows": 1, "Plan Width": 97, "Plans": [{"Node Type": "Nested Loop", "Parent Relationship": "Outer", "Join Type": "Inner", "Startup Cost": 70000000000.0, "Total Cost": 7112442134500.18, "Plan Rows": 357098, "Plan Width": 33, "Inner Unique": false, "Join Filter": "(a1.person_id = n1.id), (LLVM Optimized)", "Plans": [{"Node Type": "Index Only Scan", "Parent Relationship": "Outer", "Scan Direction": "Forward", "Index Name": "name_pkey", "Relation Name": "name", "Alias": "n1", "Startup Cost": 10000000000.0, "Total Cost": 1000012483260.0, "Plan Rows": 4167490, "Plan Width": 4}, {"Node Type": "Materialize", "Parent Relationship": "Inner", "Startup Cost": 60000000000.0, "Total Cost": 6090106616972.63, "Plan Rows": 357098, "Plan Width": 41, "Plans": [{"Node Type": "Nested Loop", "Parent Relationship": "Outer", "Join Type": "Inner", "Startup Cost": 60000000000.0, "Total Cost": 6090106615187.14, "Plan Rows": 357098, "Plan Width": 41, "Inner Unique": true, "Join Filter": "(ci.movie_id = t.id), (LLVM Optimized)", "Plans": [{"Node Type": "Nested Loop", "Parent Relationship": "Outer", "Join Type": "Inner", "Startup Cost": 50000000000.0, "Total Cost": 5076542117964.41, "Plan Rows": 357379, "Plan Width": 32, "Inner Unique": false, "Join Filter": "(ci.person_id = a1.person_id), (LLVM Optimized)", "Plans": [{"Node Type": "Nested Loop", "Parent Relationship": "Outer", "Join Type": "Inner", "Startup Cost": 40000000000.0, "Total Cost": 4066922163415.29, "Plan Rows": 711018, "Plan Width": 12, "Inner Unique": false, "Join Filter": "(ci.movie_id = mc.movie_id), (LLVM Optimized)", "Plans": [{"Node Type": "Nested Loop", "Parent Relationship": "Outer", "Join Type": "Inner", "Startup Cost": 20000000000.0, "Total Cost": 2000171193971.62, "Plan Rows": 3296318, "Plan Width": 8, "Inner Unique": true, "Join Filter": "(ci.role_id = rt.id), (LLVM Optimized)", "Plans": [{"Node Type": "Index Scan", "Parent Relationship": "Outer", "Scan Direction": "Forward", "Index Name": "person_id_cast_info", "Relation Name": "cast_info", "Alias": "ci", "Startup Cost": 10000000000.0, "Total Cost": 1000170648833.21, "Plan Rows": 36259494, "Plan Width": 12}, {"Node Type": "Materialize", "Parent Relationship": "Inner", "Startup Cost": 10000000000.0, "Total Cost": 1000000001246.0, "Plan Rows": 1, "Plan Width": 4, "Plans": [{"Node Type": "Index Scan", "Parent Relationship": "Outer", "Scan Direction": "Forward", "Index Name": "role_type_pkey", "Relation Name": "role_type", "Alias": "rt", "Startup Cost": 10000000000.0, "Total Cost": 1000000001246.0, "Plan Rows": 1, "Plan Width": 4, "Filter": "((role)::text = 'writer'::text)"}]}]}, {"Node Type": "Materialize", "Parent Relationship": "Inner", "Startup Cost": 20000000000.0, "Total Cost": 2003347400185.98, "Plan Rows": 1282311, "Plan Width": 4, "Plans": [{"Node Type": "Nested Loop", "Parent Relationship": "Outer", "Join Type": "Inner", "Startup Cost": 20000000000.0, "Total Cost": 2003347393774.42, "Plan Rows": 1282311, "Plan Width": 4, "Inner Unique": true, "Join Filter": "(cn.id = mc.company_id), (LLVM Optimized)", "Plans": [{"Node Type": "Index Scan", "Parent Relationship": "Outer", "Scan Direction": "Forward", "Index Name": "movie_id_movie_companies", "Relation Name": "movie_companies", "Alias": "mc", "Startup Cost": 10000000000.0, "Total Cost": 1000013051946.13, "Plan Rows": 2609128, "Plan Width": 8}, {"Node Type": "Materialize", "Parent Relationship": "Inner", "Startup Cost": 10000000000.0, "Total Cost": 1000001050564.82, "Plan Rows": 85170, "Plan Width": 4, "Plans": [{"Node Type": "Index Scan", "Parent Relationship": "Outer", "Scan Direction": "Forward", "Index Name": "company_name_pkey", "Relation Name": "company_name", "Alias": "cn", "Startup Cost": 10000000000.0, "Total Cost": 1000001050138.97, "Plan Rows": 85170, "Plan Width": 4, "Filter": "((country_code)::text = '[us]'::text)"}]}]}]}]}, {"Node Type": "Materialize", "Parent Relationship": "Inner", "Startup Cost": 10000000000.0, "Total Cost": 1000006901010.14, "Plan Rows": 901342, "Plan Width": 20, "Plans": [{"Node Type": "Index Scan", "Parent Relationship": "Outer", "Scan Direction": "Forward", "Index Name": "person_id_aka_name", "Relation Name": "aka_name", "Alias": "a1", "Startup Cost": 10000000000.0, "Total Cost": 1000006896503.43, "Plan Rows": 901342, "Plan Width": 20}]}]}, {"Node Type": "Materialize", "Parent Relationship": "Inner", "Startup Cost": 10000000000.0, "Total Cost": 1000011024690.47, "Plan Rows": 2528311, "Plan Width": 21, "Plans": [{"Node Type": "Index Scan", "Parent Relationship": "Outer", "Scan Direction": "Forward", "Index Name": "title_pkey", "Relation Name": "title", "Alias": "t", "Startup Cost": 10000000000.0, "Total Cost": 1000011012048.91, "Plan Rows": 2528311, "Plan Width": 21}]}]}]}]}]}, "Unique SQL Id": 2457761703, "Planner Runtime": 5}, "explain_analyze_plan": null}, "(64, 60)": {"explain_plan": {"Plan": {"Node Type": "Aggregate", "Strategy": "Plain", "Startup Cost": 1967968.74, "Total Cost": 1967968.75, "Plan Rows": 1, "Plan Width": 97, "Plans": [{"Node Type": "Nested Loop", "Parent Relationship": "Outer", "Join Type": "Inner", "Startup Cost": 0.0, "Total Cost": 1966183.25, "Plan Rows": 357098, "Plan Width": 33, "Inner Unique": true, "Join Filter": "(a1.person_id = n1.id), (LLVM Optimized)", "Plans": [{"Node Type": "Nested Loop", "Parent Relationship": "Outer", "Join Type": "Inner", "Startup Cost": 0.0, "Total Cost": 1862664.6, "Plan Rows": 357098, "Plan Width": 41, "Inner Unique": true, "Plans": [{"Node Type": "Nested Loop", "Parent Relationship": "Outer", "Join Type": "Inner", "Startup Cost": 0.0, "Total Cost": 1760862.26, "Plan Rows": 357379, "Plan Width": 32, "Inner Unique": false, "Plans": [{"Node Type": "Nested Loop", "Parent Relationship": "Outer", "Join Type": "Inner", "Startup Cost": 0.0, "Total Cost": 1560689.3, "Plan Rows": 711018, "Plan Width": 12, "Inner Unique": false, "Join Filter": "(ci.role_id = rt.id), (LLVM Optimized)", "Plans": [{"Node Type": "Seq Scan", "Parent Relationship": "Outer", "Relation Name": "role_type", "Alias": "rt", "Startup Cost": 0.0, "Total Cost": 1.15, "Plan Rows": 1, "Plan Width": 4, "Filter": "((role)::text = 'writer'::text)"}, {"Node Type": "Nested Loop", "Parent Relationship": "Inner", "Join Type": "Inner", "Startup Cost": 0.0, "Total Cost": 1462923.14, "Plan Rows": 7821201, "Plan Width": 16, "Inner Unique": false, "Plans": [{"Node Type": "Nested Loop", "Parent Relationship": "Outer", "Join Type": "Inner", "Startup Cost": 0.0, "Total Cost": 166734.45, "Plan Rows": 1282311, "Plan Width": 4, "Inner Unique": false, "Plans": [{"Node Type": "Seq Scan", "Parent Relationship": "Outer", "Relation Name": "company_name", "Alias": "cn", "Startup Cost": 0.0, "Total Cost": 5903.45, "Plan Rows": 85170, "Plan Width": 4, "Filter": "((country_code)::text = '[us]'::text)"}, {"Node Type": "Index Scan", "Parent Relationship": "Inner", "Scan Direction": "Forward", "Index Name": "company_id_movie_companies", "Relation Name": "movie_companies", "Alias": "mc", "Startup Cost": 0.0, "Total Cost": 1.74, "Plan Rows": 15, "Plan Width": 8, "Index Cond": "(company_id = cn.id)"}]}, {"Node Type": "Index Scan", "Parent Relationship": "Inner", "Scan Direction": "Forward", "Index Name": "movie_id_cast_info", "Relation Name": "cast_info", "Alias": "ci", "Startup Cost": 0.0, "Total Cost": 0.95, "Plan Rows": 6, "Plan Width": 12, "Index Cond": "(movie_id = mc.movie_id)"}]}]}, {"Node Type": "Index Scan", "Parent Relationship": "Inner", "Scan Direction": "Forward", "Index Name": "person_id_aka_name", "Relation Name": "aka_name", "Alias": "a1", "Startup Cost": 0.0, "Total Cost": 0.27, "Plan Rows": 1, "Plan Width": 20, "Index Cond": "(person_id = ci.person_id)"}]}, {"Node Type": "Index Scan", "Parent Relationship": "Inner", "Scan Direction": "Forward", "Index Name": "title_pkey", "Relation Name": "title", "Alias": "t", "Startup Cost": 0.0, "Total Cost": 0.27, "Plan Rows": 1, "Plan Width": 21, "Index Cond": "(id = ci.movie_id)"}]}, {"Node Type": "Index Scan", "Parent Relationship": "Inner", "Scan Direction": "Forward", "Index Name": "name_pkey", "Relation Name": "name", "Alias": "n1", "Startup Cost": 0.0, "Total Cost": 0.28, "Plan Rows": 1, "Plan Width": 4, "Index Cond": "(id = ci.person_id)"}]}]}, "Unique SQL Id": 2457761703, "Planner Runtime": 6}, "explain_analyze_plan": null}, "(64, 61)": {"explain_plan": {"Plan": {"Node Type": "Aggregate", "Strategy": "Plain", "Startup Cost": 1972577.99, "Total Cost": 1972578.0, "Plan Rows": 1, "Plan Width": 97, "Plans": [{"Node Type": "Nested Loop", "Parent Relationship": "Outer", "Join Type": "Inner", "Startup Cost": 0.0, "Total Cost": 1970792.5, "Plan Rows": 357098, "Plan Width": 33, "Inner Unique": true, "Join Filter": "(a1.person_id = n1.id), (LLVM Optimized)", "Plans": [{"Node Type": "Nested Loop", "Parent Relationship": "Outer", "Join Type": "Inner", "Startup Cost": 0.0, "Total Cost": 1867273.85, "Plan Rows": 357098, "Plan Width": 41, "Inner Unique": true, "Plans": [{"Node Type": "Nested Loop", "Parent Relationship": "Outer", "Join Type": "Inner", "Startup Cost": 0.0, "Total Cost": 1765471.51, "Plan Rows": 357379, "Plan Width": 32, "Inner Unique": false, "Plans": [{"Node Type": "Nested Loop", "Parent Relationship": "Outer", "Join Type": "Inner", "Startup Cost": 0.0, "Total Cost": 1565298.55, "Plan Rows": 711018, "Plan Width": 12, "Inner Unique": false, "Join Filter": "(ci.role_id = rt.id), (LLVM Optimized)", "Plans": [{"Node Type": "Index Scan", "Parent Relationship": "Outer", "Scan Direction": "Forward", "Index Name": "role_type_pkey", "Relation Name": "role_type", "Alias": "rt", "Startup Cost": 0.0, "Total Cost": 12.46, "Plan Rows": 1, "Plan Width": 4, "Filter": "((role)::text = 'writer'::text)"}, {"Node Type": "Nested Loop", "Parent Relationship": "Inner", "Join Type": "Inner", "Startup Cost": 0.0, "Total Cost": 1467521.08, "Plan Rows": 7821201, "Plan Width": 16, "Inner Unique": false, "Plans": [{"Node Type": "Nested Loop", "Parent Relationship": "Outer", "Join Type": "Inner", "Startup Cost": 0.0, "Total Cost": 171332.39, "Plan Rows": 1282311, "Plan Width": 4, "Inner Unique": false, "Plans": [{"Node Type": "Index Scan", "Parent Relationship": "Outer", "Scan Direction": "Forward", "Index Name": "company_name_pkey", "Relation Name": "company_name", "Alias": "cn", "Startup Cost": 0.0, "Total Cost": 10501.39, "Plan Rows": 85170, "Plan Width": 4, "Filter": "((country_code)::text = '[us]'::text)"}, {"Node Type": "Index Scan", "Parent Relationship": "Inner", "Scan Direction": "Forward", "Index Name": "company_id_movie_companies", "Relation Name": "movie_companies", "Alias": "mc", "Startup Cost": 0.0, "Total Cost": 1.74, "Plan Rows": 15, "Plan Width": 8, "Index Cond": "(company_id = cn.id)"}]}, {"Node Type": "Index Scan", "Parent Relationship": "Inner", "Scan Direction": "Forward", "Index Name": "movie_id_cast_info", "Relation Name": "cast_info", "Alias": "ci", "Startup Cost": 0.0, "Total Cost": 0.95, "Plan Rows": 6, "Plan Width": 12, "Index Cond": "(movie_id = mc.movie_id)"}]}]}, {"Node Type": "Index Scan", "Parent Relationship": "Inner", "Scan Direction": "Forward", "Index Name": "person_id_aka_name", "Relation Name": "aka_name", "Alias": "a1", "Startup Cost": 0.0, "Total Cost": 0.27, "Plan Rows": 1, "Plan Width": 20, "Index Cond": "(person_id = ci.person_id)"}]}, {"Node Type": "Index Scan", "Parent Relationship": "Inner", "Scan Direction": "Forward", "Index Name": "title_pkey", "Relation Name": "title", "Alias": "t", "Startup Cost": 0.0, "Total Cost": 0.27, "Plan Rows": 1, "Plan Width": 21, "Index Cond": "(id = ci.movie_id)"}]}, {"Node Type": "Index Scan", "Parent Relationship": "Inner", "Scan Direction": "Forward", "Index Name": "name_pkey", "Relation Name": "name", "Alias": "n1", "Startup Cost": 0.0, "Total Cost": 0.28, "Plan Rows": 1, "Plan Width": 4, "Index Cond": "(id = ci.person_id)"}]}]}, "Unique SQL Id": 2457761703, "Planner Runtime": 4}, "explain_analyze_plan": null}, "(64, 62)": {"explain_plan": {"Plan": {"Node Type": "Aggregate", "Strategy": "Plain", "Startup Cost": 35276563.26, "Total Cost": 35276563.29, "Plan Rows": 1, "Plan Width": 97, "Plans": [{"Node Type": "Streaming(type: LOCAL GATHER dop: 1/64)", "Parent Relationship": "Outer", "Startup Cost": 35276563.26, "Total Cost": 35276563.29, "Plan Rows": 1, "Plan Width": 97, "Plans": [{"Node Type": "Aggregate", "Strategy": "Plain", "Parent Relationship": "Outer", "Startup Cost": 35276563.26, "Total Cost": 35276563.27, "Plan Rows": 1, "Plan Width": 97, "Plans": [{"Node Type": "Nested Loop", "Parent Relationship": "Outer", "Join Type": "Inner", "Startup Cost": 0.0, "Total Cost": 35274777.77, "Plan Rows": 357098, "Plan Width": 33, "Inner Unique": false, "Join Filter": "(a1.person_id = n1.id), (LLVM Optimized)", "Plans": [{"Node Type": "Streaming(type: LOCAL REDISTRIBUTE dop: 64/64)", "Parent Relationship": "Outer", "Startup Cost": 0.0, "Total Cost": 131401.97, "Plan Rows": 4167490, "Plan Width": 4, "Plans": [{"Node Type": "Seq Scan", "Parent Relationship": "Outer", "Relation Name": "name", "Alias": "n1", "Startup Cost": 0.0, "Total Cost": 64454.25, "Plan Rows": 4167490, "Plan Width": 4}]}, {"Node Type": "Materialize", "Parent Relationship": "Inner", "Startup Cost": 0.0, "Total Cost": 29693429.99, "Plan Rows": 357098, "Plan Width": 41, "Plans": [{"Node Type": "Streaming(type: LOCAL REDISTRIBUTE dop: 64/64)", "Parent Relationship": "Outer", "Startup Cost": 0.0, "Total Cost": 29693402.1, "Plan Rows": 357098, "Plan Width": 41, "Plans": [{"Node Type": "Nested Loop", "Parent Relationship": "Outer", "Join Type": "Inner", "Startup Cost": 0.0, "Total Cost": 29630063.83, "Plan Rows": 357098, "Plan Width": 41, "Inner Unique": false, "Join Filter": "(ci.movie_id = t.id), (LLVM Optimized)", "Plans": [{"Node Type": "Streaming(type: LOCAL REDISTRIBUTE dop: 64/1)", "Parent Relationship": "Outer", "Startup Cost": 0.0, "Total Cost": 225794.09, "Plan Rows": 2528311, "Plan Width": 21, "Plans": [{"Node Type": "Seq Scan", "Parent Relationship": "Outer", "Relation Name": "title", "Alias": "t", "Startup Cost": 0.0, "Total Cost": 60069.11, "Plan Rows": 2528311, "Plan Width": 21}]}, {"Node Type": "Materialize", "Parent Relationship": "Inner", "Startup Cost": 0.0, "Total Cost": 26095328.9, "Plan Rows": 357379, "Plan Width": 32, "Plans": [{"Node Type": "Streaming(type: LOCAL REDISTRIBUTE dop: 64/64)", "Parent Relationship": "Outer", "Startup Cost": 0.0, "Total Cost": 26095300.98, "Plan Rows": 357379, "Plan Width": 32, "Plans": [{"Node Type": "Nested Loop", "Parent Relationship": "Outer", "Join Type": "Inner", "Startup Cost": 0.0, "Total Cost": 26031962.45, "Plan Rows": 357379, "Plan Width": 32, "Inner Unique": true, "Join Filter": "(mc.company_id = cn.id), (LLVM Optimized)", "Plans": [{"Node Type": "Streaming(type: LOCAL REDISTRIBUTE dop: 64/64)", "Parent Relationship": "Outer", "Startup Cost": 0.0, "Total Cost": 25732792.36, "Plan Rows": 727161, "Plan Width": 36, "Plans": [{"Node Type": "Nested Loop", "Parent Relationship": "Outer", "Join Type": "Inner", "Startup Cost": 0.0, "Total Cost": 25669103.55, "Plan Rows": 727161, "Plan Width": 36, "Inner Unique": false, "Join Filter": "(ci.movie_id = mc.movie_id), (LLVM Optimized)", "Plans": [{"Node Type": "Streaming(type: LOCAL REDISTRIBUTE dop: 64/1)", "Parent Relationship": "Outer", "Startup Cost": 0.0, "Total Cost": 210825.84, "Plan Rows": 2609128, "Plan Width": 8, "Plans": [{"Node Type": "Seq Scan", "Parent Relationship": "Outer", "Relation Name": "movie_companies", "Alias": "mc", "Startup Cost": 0.0, "Total Cost": 41817.28, "Plan Rows": 2609128, "Plan Width": 8}]}, {"Node Type": "Materialize", "Parent Relationship": "Inner", "Startup Cost": 0.0, "Total Cost": 11273227.83, "Plan Rows": 1484588, "Plan Width": 28, "Plans": [{"Node Type": "Streaming(type: LOCAL REDISTRIBUTE dop: 64/64)", "Parent Relationship": "Outer", "Startup Cost": 0.0, "Total Cost": 11273111.85, "Plan Rows": 1484588, "Plan Width": 28, "Plans": [{"Node Type": "Nested Loop", "Parent Relationship": "Outer", "Join Type": "Inner", "Startup Cost": 0.0, "Total Cost": 11208705.55, "Plan Rows": 1484588, "Plan Width": 28, "Inner Unique": false, "Join Filter": "(ci.person_id = a1.person_id), (LLVM Optimized)", "Plans": [{"Node Type": "Streaming(type: LOCAL REDISTRIBUTE dop: 64/64)", "Parent Relationship": "Outer", "Startup Cost": 0.0, "Total Cost": 208611.23, "Plan Rows": 3296318, "Plan Width": 8, "Plans": [{"Node Type": "Nested Loop", "Parent Relationship": "Outer", "Join Type": "Inner", "Startup Cost": 0.0, "Total Cost": 142488.75, "Plan Rows": 3296318, "Plan Width": 8, "Inner Unique": false, "Join Filter": "(ci.role_id = rt.id), (LLVM Optimized)", "Plans": [{"Node Type": "Streaming(type: BROADCAST dop: 64/1)", "Parent Relationship": "Outer", "Startup Cost": 0.0, "Total Cost": 63002.47, "Plan Rows": 64, "Plan Width": 4, "Plans": [{"Node Type": "Seq Scan", "Parent Relationship": "Outer", "Relation Name": "role_type", "Alias": "rt", "Startup Cost": 0.0, "Total Cost": 1.15, "Plan Rows": 1, "Plan Width": 4, "Filter": "((role)::text = 'writer'::text)"}]}, {"Node Type": "Seq Scan", "Parent Relationship": "Inner", "Relation Name": "cast_info", "Alias": "ci", "Startup Cost": 0.0, "Total Cost": 72404.34, "Plan Rows": 36259494, "Plan Width": 12}]}]}, {"Node Type": "Materialize", "Parent Relationship": "Inner", "Startup Cost": 0.0, "Total Cost": 119600.26, "Plan Rows": 901342, "Plan Width": 20, "Plans": [{"Node Type": "Streaming(type: LOCAL REDISTRIBUTE dop: 64/1)", "Parent Relationship": "Outer", "Startup Cost": 0.0, "Total Cost": 119529.84, "Plan Rows": 901342, "Plan Width": 20, "Plans": [{"Node Type": "Seq Scan", "Parent Relationship": "Outer", "Relation Name": "aka_name", "Alias": "a1", "Startup Cost": 0.0, "Total Cost": 19908.42, "Plan Rows": 901342, "Plan Width": 20}]}]}]}]}]}]}]}, {"Node Type": "Materialize", "Parent Relationship": "Inner", "Startup Cost": 0.0, "Total Cost": 72370.55, "Plan Rows": 85170, "Plan Width": 4, "Plans": [{"Node Type": "Streaming(type: LOCAL REDISTRIBUTE dop: 64/1)", "Parent Relationship": "Outer", "Startup Cost": 0.0, "Total Cost": 72363.9, "Plan Rows": 85170, "Plan Width": 4, "Plans": [{"Node Type": "Seq Scan", "Parent Relationship": "Outer", "Relation Name": "company_name", "Alias": "cn", "Startup Cost": 0.0, "Total Cost": 5903.45, "Plan Rows": 85170, "Plan Width": 4, "Filter": "((country_code)::text = '[us]'::text)"}]}]}]}]}]}]}]}]}]}]}]}]}, "Unique SQL Id": 2457761703, "Planner Runtime": 9}, "explain_analyze_plan": null}, "(64, 63)": {"explain_plan": {"Plan": {"Node Type": "Aggregate", "Strategy": "Plain", "Startup Cost": 7112447276300.38, "Total Cost": 7112447276300.39, "Plan Rows": 1, "Plan Width": 97, "Plans": [{"Node Type": "Nested Loop", "Parent Relationship": "Outer", "Join Type": "Inner", "Startup Cost": 70000000000.0, "Total Cost": 7112447274514.89, "Plan Rows": 357098, "Plan Width": 33, "Inner Unique": false, "Join Filter": "(a1.person_id = n1.id), (LLVM Optimized)", "Plans": [{"Node Type": "Index Scan", "Parent Relationship": "Outer", "Scan Direction": "Forward", "Index Name": "name_pkey", "Relation Name": "name", "Alias": "n1", "Startup Cost": 10000000000.0, "Total Cost": 1000017623274.7, "Plan Rows": 4167490, "Plan Width": 4}, {"Node Type": "Materialize", "Parent Relationship": "Inner", "Startup Cost": 60000000000.0, "Total Cost": 6090106616972.63, "Plan Rows": 357098, "Plan Width": 41, "Plans": [{"Node Type": "Nested Loop", "Parent Relationship": "Outer", "Join Type": "Inner", "Startup Cost": 60000000000.0, "Total Cost": 6090106615187.14, "Plan Rows": 357098, "Plan Width": 41, "Inner Unique": true, "Join Filter": "(ci.movie_id = t.id), (LLVM Optimized)", "Plans": [{"Node Type": "Nested Loop", "Parent Relationship": "Outer", "Join Type": "Inner", "Startup Cost": 50000000000.0, "Total Cost": 5076542117964.41, "Plan Rows": 357379, "Plan Width": 32, "Inner Unique": false, "Join Filter": "(ci.person_id = a1.person_id), (LLVM Optimized)", "Plans": [{"Node Type": "Nested Loop", "Parent Relationship": "Outer", "Join Type": "Inner", "Startup Cost": 40000000000.0, "Total Cost": 4066922163415.29, "Plan Rows": 711018, "Plan Width": 12, "Inner Unique": false, "Join Filter": "(ci.movie_id = mc.movie_id), (LLVM Optimized)", "Plans": [{"Node Type": "Nested Loop", "Parent Relationship": "Outer", "Join Type": "Inner", "Startup Cost": 20000000000.0, "Total Cost": 2000171193971.62, "Plan Rows": 3296318, "Plan Width": 8, "Inner Unique": true, "Join Filter": "(ci.role_id = rt.id), (LLVM Optimized)", "Plans": [{"Node Type": "Index Scan", "Parent Relationship": "Outer", "Scan Direction": "Forward", "Index Name": "person_id_cast_info", "Relation Name": "cast_info", "Alias": "ci", "Startup Cost": 10000000000.0, "Total Cost": 1000170648833.21, "Plan Rows": 36259494, "Plan Width": 12}, {"Node Type": "Materialize", "Parent Relationship": "Inner", "Startup Cost": 10000000000.0, "Total Cost": 1000000001246.0, "Plan Rows": 1, "Plan Width": 4, "Plans": [{"Node Type": "Index Scan", "Parent Relationship": "Outer", "Scan Direction": "Forward", "Index Name": "role_type_pkey", "Relation Name": "role_type", "Alias": "rt", "Startup Cost": 10000000000.0, "Total Cost": 1000000001246.0, "Plan Rows": 1, "Plan Width": 4, "Filter": "((role)::text = 'writer'::text)"}]}]}, {"Node Type": "Materialize", "Parent Relationship": "Inner", "Startup Cost": 20000000000.0, "Total Cost": 2003347400185.98, "Plan Rows": 1282311, "Plan Width": 4, "Plans": [{"Node Type": "Nested Loop", "Parent Relationship": "Outer", "Join Type": "Inner", "Startup Cost": 20000000000.0, "Total Cost": 2003347393774.42, "Plan Rows": 1282311, "Plan Width": 4, "Inner Unique": true, "Join Filter": "(cn.id = mc.company_id), (LLVM Optimized)", "Plans": [{"Node Type": "Index Scan", "Parent Relationship": "Outer", "Scan Direction": "Forward", "Index Name": "movie_id_movie_companies", "Relation Name": "movie_companies", "Alias": "mc", "Startup Cost": 10000000000.0, "Total Cost": 1000013051946.13, "Plan Rows": 2609128, "Plan Width": 8}, {"Node Type": "Materialize", "Parent Relationship": "Inner", "Startup Cost": 10000000000.0, "Total Cost": 1000001050564.82, "Plan Rows": 85170, "Plan Width": 4, "Plans": [{"Node Type": "Index Scan", "Parent Relationship": "Outer", "Scan Direction": "Forward", "Index Name": "company_name_pkey", "Relation Name": "company_name", "Alias": "cn", "Startup Cost": 10000000000.0, "Total Cost": 1000001050138.97, "Plan Rows": 85170, "Plan Width": 4, "Filter": "((country_code)::text = '[us]'::text)"}]}]}]}]}, {"Node Type": "Materialize", "Parent Relationship": "Inner", "Startup Cost": 10000000000.0, "Total Cost": 1000006901010.14, "Plan Rows": 901342, "Plan Width": 20, "Plans": [{"Node Type": "Index Scan", "Parent Relationship": "Outer", "Scan Direction": "Forward", "Index Name": "person_id_aka_name", "Relation Name": "aka_name", "Alias": "a1", "Startup Cost": 10000000000.0, "Total Cost": 1000006896503.43, "Plan Rows": 901342, "Plan Width": 20}]}]}, {"Node Type": "Materialize", "Parent Relationship": "Inner", "Startup Cost": 10000000000.0, "Total Cost": 1000011024690.47, "Plan Rows": 2528311, "Plan Width": 21, "Plans": [{"Node Type": "Index Scan", "Parent Relationship": "Outer", "Scan Direction": "Forward", "Index Name": "title_pkey", "Relation Name": "title", "Alias": "t", "Startup Cost": 10000000000.0, "Total Cost": 1000011012048.91, "Plan Rows": 2528311, "Plan Width": 21}]}]}]}]}]}, "Unique SQL Id": 2457761703, "Planner Runtime": 4}, "explain_analyze_plan": null}, "(64, 64)": {"explain_plan": {"Plan": {"Node Type": "Aggregate", "Strategy": "Plain", "Startup Cost": 532222.07, "Total Cost": 532222.08, "Plan Rows": 1, "Plan Width": 97, "Plans": [{"Node Type": "Hash Join", "Parent Relationship": "Outer", "Join Type": "Inner", "Startup Cost": 503541.41, "Total Cost": 530436.58, "Plan Rows": 357098, "Plan Width": 33, "Inner Unique": false, "Hash Cond": "(a1.person_id = n1.id), (LLVM Optimized)", "Plans": [{"Node Type": "Seq Scan", "Parent Relationship": "Outer", "Relation Name": "aka_name", "Alias": "a1", "Startup Cost": 0.0, "Total Cost": 19908.42, "Plan Rows": 901342, "Plan Width": 20}, {"Node Type": "Hash", "Parent Relationship": "Inner", "Startup Cost": 494660.67, "Total Cost": 494660.67, "Plan Rows": 710459, "Plan Width": 25, "Plans": [{"Node Type": "Hash Join", "Parent Relationship": "Outer", "Join Type": "Inner", "Startup Cost": 256421.67, "Total Cost": 494660.67, "Plan Rows": 710459, "Plan Width": 25, "Inner Unique": false, "Hash Cond": "(ci.movie_id = t.id), (LLVM Optimized)", "Plans": [{"Node Type": "Streaming(type: LOCAL GATHER dop: 1/64)", "Parent Relationship": "Outer", "Startup Cost": 195218.41, "Total Cost": 404391.07, "Plan Rows": 3296318, "Plan Width": 12, "Plans": [{"Node Type": "Hash Join", "Parent Relationship": "Outer", "Join Type": "Inner", "Startup Cost": 195218.41, "Total Cost": 336388.42, "Plan Rows": 3296318, "Plan Width": 12, "Inner Unique": true, "Hash Cond": "(ci.person_id = n1.id), (LLVM Optimized)", "Plans": [{"Node Type": "Streaming(type: LOCAL REDISTRIBUTE dop: 64/64)", "Parent Relationship": "Outer", "Startup Cost": 63002.48, "Total Cost": 203464.29, "Plan Rows": 3296318, "Plan Width": 8, "Plans": [{"Node Type": "Hash Join", "Parent Relationship": "Outer", "Join Type": "Inner", "Startup Cost": 63002.48, "Total Cost": 137341.8, "Plan Rows": 3296318, "Plan Width": 8, "Inner Unique": true, "Hash Cond": "(ci.role_id = rt.id), (LLVM Optimized)", "Plans": [{"Node Type": "Seq Scan", "Parent Relationship": "Outer", "Relation Name": "cast_info", "Alias": "ci", "Startup Cost": 0.0, "Total Cost": 72404.34, "Plan Rows": 36259494, "Plan Width": 12}, {"Node Type": "Hash", "Parent Relationship": "Inner", "Startup Cost": 63002.47, "Total Cost": 63002.47, "Plan Rows": 64, "Plan Width": 4, "Plans": [{"Node Type": "Streaming(type: BROADCAST dop: 64/1)", "Parent Relationship": "Outer", "Startup Cost": 0.0, "Total Cost": 63002.47, "Plan Rows": 64, "Plan Width": 4, "Plans": [{"Node Type": "Seq Scan", "Parent Relationship": "Outer", "Relation Name": "role_type", "Alias": "rt", "Startup Cost": 0.0, "Total Cost": 1.15, "Plan Rows": 1, "Plan Width": 4, "Filter": "((role)::text = 'writer'::text)"}]}]}]}]}, {"Node Type": "Hash", "Parent Relationship": "Inner", "Startup Cost": 131401.97, "Total Cost": 131401.97, "Plan Rows": 4167490, "Plan Width": 4, "Plans": [{"Node Type": "Streaming(type: LOCAL REDISTRIBUTE dop: 64/64)", "Parent Relationship": "Outer", "Startup Cost": 0.0, "Total Cost": 131401.97, "Plan Rows": 4167490, "Plan Width": 4, "Plans": [{"Node Type": "Seq Scan", "Parent Relationship": "Outer", "Relation Name": "name", "Alias": "n1", "Startup Cost": 0.0, "Total Cost": 64454.25, "Plan Rows": 4167490, "Plan Width": 4}]}]}]}]}, {"Node Type": "Hash", "Parent Relationship": "Inner", "Startup Cost": 180697.47, "Total Cost": 180697.47, "Plan Rows": 1282311, "Plan Width": 25, "Plans": [{"Node Type": "Hash Join", "Parent Relationship": "Outer", "Join Type": "Inner", "Startup Cost": 98641.07, "Total Cost": 180697.47, "Plan Rows": 1282311, "Plan Width": 25, "Inner Unique": true, "Hash Cond": "(mc.movie_id = t.id), (LLVM Optimized)", "Plans": [{"Node Type": "Hash Join", "Parent Relationship": "Outer", "Join Type": "Inner", "Startup Cost": 6968.08, "Total Cost": 71392.69, "Plan Rows": 1282311, "Plan Width": 4, "Inner Unique": true, "Hash Cond": "(mc.company_id = cn.id), (LLVM Optimized)", "Plans": [{"Node Type": "Seq Scan", "Parent Relationship": "Outer", "Relation Name": "movie_companies", "Alias": "mc", "Startup Cost": 0.0, "Total Cost": 41817.28, "Plan Rows": 2609128, "Plan Width": 8}, {"Node Type": "Hash", "Parent Relationship": "Inner", "Startup Cost": 5903.45, "Total Cost": 5903.45, "Plan Rows": 85170, "Plan Width": 4, "Plans": [{"Node Type": "Seq Scan", "Parent Relationship": "Outer", "Relation Name": "company_name", "Alias": "cn", "Startup Cost": 0.0, "Total Cost": 5903.45, "Plan Rows": 85170, "Plan Width": 4, "Filter": "((country_code)::text = '[us]'::text)"}]}]}, {"Node Type": "Hash", "Parent Relationship": "Inner", "Startup Cost": 60069.11, "Total Cost": 60069.11, "Plan Rows": 2528311, "Plan Width": 21, "Plans": [{"Node Type": "Seq Scan", "Parent Relationship": "Outer", "Relation Name": "title", "Alias": "t", "Startup Cost": 0.0, "Total Cost": 60069.11, "Plan Rows": 2528311, "Plan Width": 21}]}]}]}]}]}]}]}, "Unique SQL Id": 2457761703, "Planner Runtime": 149}, "explain_analyze_plan": {"Plan": {"Node Type": "Aggregate", "Strategy": "Plain", "Startup Cost": 532222.07, "Total Cost": 532222.08, "Plan Rows": 1, "Plan Width": 97, "Actual Min Startup Time": 10743.451, "Actual Max Startup Time": 10743.451, "Actual Min Total Time": 10743.451, "Actual Max Total Time": 10743.451, "Plans": [{"Node Type": "Hash Join", "Parent Relationship": "Outer", "Join Type": "Inner", "Startup Cost": 503541.41, "Total Cost": 530436.58, "Plan Rows": 357098, "Plan Width": 33, "Actual Min Startup Time": 8412.444, "Actual Max Startup Time": 8412.444, "Actual Min Total Time": 9624.968, "Actual Max Total Time": 9624.968, "Inner Unique": false, "Hash Cond": "(a1.person_id = n1.id), (LLVM Optimized, Jit Execute)", "Plans": [{"Node Type": "Seq Scan", "Parent Relationship": "Outer", "Relation Name": "aka_name", "Alias": "a1", "Startup Cost": 0.0, "Total Cost": 19908.42, "Plan Rows": 901342, "Plan Width": 20, "Actual Min Startup Time": 0.055, "Actual Max Startup Time": 0.055, "Actual Min Total Time": 231.953, "Actual Max Total Time": 231.953, "Actual Rows": 901342}, {"Node Type": "Hash", "Parent Relationship": "Inner", "Startup Cost": 494660.67, "Total Cost": 494660.67, "Plan Rows": 710459, "Plan Width": 25, "Actual Min Startup Time": 8409.069, "Actual Max Startup Time": 8409.069, "Actual Min Total Time": 8409.069, "Actual Max Total Time": 8409.069, "Max Hash Buckets": 1048576, "Min Hash Buckets": 1048576, "Max Hash Batches": 1, "Min Hash Batches": 1, "Max Original Hash Batches": 1, "Min Original Hash Batches": 1, "Max Peak Memory Usage": 112799, "min Peak Memory Usage": 112799, "Plans": [{"Node Type": "Hash Join", "Parent Relationship": "Outer", "Join Type": "Inner", "Startup Cost": 256421.67, "Total Cost": 494660.67, "Plan Rows": 710459, "Plan Width": 25, "Actual Min Startup Time": 4920.502, "Actual Max Startup Time": 4920.502, "Actual Min Total Time": 7830.913, "Actual Max Total Time": 7830.913, "Inner Unique": false, "Hash Cond": "(ci.movie_id = t.id), (LLVM Optimized, Jit Execute)", "Plans": [{"Node Type": "Streaming(type: LOCAL GATHER dop: 1/64)", "Parent Relationship": "Outer", "Startup Cost": 195218.41, "Total Cost": 404391.07, "Plan Rows": 3296318, "Plan Width": 12, "Actual Min Startup Time": 0.155, "Actual Max Startup Time": 0.155, "Actual Min Total Time": 1174.193, "Actual Max Total Time": 1174.193, "Plans": [{"Node Type": "Hash Join", "Parent Relationship": "Outer", "Join Type": "Inner", "Startup Cost": 195218.41, "Total Cost": 336388.42, "Plan Rows": 3296318, "Plan Width": 12, "Actual Min Startup Time": 183.261, "Actual Max Startup Time": 4647.642, "Actual Min Total Time": 926.5, "Actual Max Total Time": 6870.393, "Inner Unique": true, "Hash Cond": "(ci.person_id = n1.id), (LLVM Optimized, Jit Execute)", "Plans": [{"Node Type": "Streaming(type: LOCAL REDISTRIBUTE dop: 64/64)", "Parent Relationship": "Outer", "Startup Cost": 63002.48, "Total Cost": 203464.29, "Plan Rows": 3296318, "Plan Width": 8, "Actual Min Startup Time": 0.172, "Actual Max Startup Time": 4216.734, "Actual Min Total Time": 710.295, "Actual Max Total Time": 6670.262, "Plans": [{"Node Type": "Hash Join", "Parent Relationship": "Outer", "Join Type": "Inner", "Startup Cost": 63002.48, "Total Cost": 137341.8, "Plan Rows": 3296318, "Plan Width": 8, "Actual Min Startup Time": 151.529, "Actual Max Startup Time": 177.793, "Actual Min Total Time": 241.571, "Actual Max Total Time": 273.463, "Inner Unique": true, "Hash Cond": "(ci.role_id = rt.id), (LLVM Optimized, Jit Execute)", "Plans": [{"Node Type": "Seq Scan", "Parent Relationship": "Outer", "Relation Name": "cast_info", "Alias": "ci", "Startup Cost": 0.0, "Total Cost": 72404.34, "Plan Rows": 36259494, "Plan Width": 12, "Actual Min Startup Time": 0.026, "Actual Max Startup Time": 0.052, "Actual Min Total Time": 128.42, "Actual Max Total Time": 144.022, "Actual Rows": 36244343}, {"Node Type": "Hash", "Parent Relationship": "Inner", "Startup Cost": 63002.47, "Total Cost": 63002.47, "Plan Rows": 64, "Plan Width": 4, "Actual Min Startup Time": 0.011, "Actual Max Startup Time": 14.802, "Actual Min Total Time": 0.011, "Actual Max Total Time": 14.802, "Max Hash Buckets": 32768, "Min Hash Buckets": 32768, "Max Hash Batches": 1, "Min Hash Batches": 1, "Max Original Hash Batches": 1, "Min Original Hash Batches": 1, "Max Peak Memory Usage": 1, "min Peak Memory Usage": 1, "Plans": [{"Node Type": "Streaming(type: BROADCAST dop: 64/1)", "Parent Relationship": "Outer", "Startup Cost": 0.0, "Total Cost": 63002.47, "Plan Rows": 64, "Plan Width": 4, "Actual Min Startup Time": 0.003, "Actual Max Startup Time": 14.772, "Actual Min Total Time": 0.003, "Actual Max Total Time": 14.774, "Plans": [{"Node Type": "Seq Scan", "Parent Relationship": "Outer", "Relation Name": "role_type", "Alias": "rt", "Startup Cost": 0.0, "Total Cost": 1.15, "Plan Rows": 1, "Plan Width": 4, "Actual Min Startup Time": 0.027, "Actual Max Startup Time": 0.027, "Actual Min Total Time": 0.03, "Actual Max Total Time": 0.03, "Filter": "((role)::text = 'writer'::text)", "Rows Removed by Filter": 11, "Actual Rows": 1}], "Actual Rows": 64}], "Actual Rows": 64}], "Actual Rows": 2728943}], "Actual Rows": 2728943}, {"Node Type": "Hash", "Parent Relationship": "Inner", "Startup Cost": 131401.97, "Total Cost": 131401.97, "Plan Rows": 4167490, "Plan Width": 4, "Actual Min Startup Time": 182.95, "Actual Max Startup Time": 484.355, "Actual Min Total Time": 182.95, "Actual Max Total Time": 484.355, "Max Hash Buckets": 65536, "Min Hash Buckets": 65536, "Max Hash Batches": 1, "Min Hash Batches": 1, "Max Original Hash Batches": 1, "Min Original Hash Batches": 1, "Max Peak Memory Usage": 2290, "min Peak Memory Usage": 2290, "Plans": [{"Node Type": "Streaming(type: LOCAL REDISTRIBUTE dop: 64/64)", "Parent Relationship": "Outer", "Startup Cost": 0.0, "Total Cost": 131401.97, "Plan Rows": 4167490, "Plan Width": 4, "Actual Min Startup Time": 0.115, "Actual Max Startup Time": 163.747, "Actual Min Total Time": 154.309, "Actual Max Total Time": 460.619, "Plans": [{"Node Type": "Seq Scan", "Parent Relationship": "Outer", "Relation Name": "name", "Alias": "n1", "Startup Cost": 0.0, "Total Cost": 64454.25, "Plan Rows": 4167490, "Plan Width": 4, "Actual Min Startup Time": 0.016, "Actual Max Startup Time": 0.042, "Actual Min Total Time": 20.141, "Actual Max Total Time": 26.052, "Actual Rows": 4167490}], "Actual Rows": 4167490}], "Actual Rows": 4167490}], "Actual Rows": 2728943}], "Actual Rows": 2728943}, {"Node Type": "Hash", "Parent Relationship": "Inner", "Startup Cost": 180697.47, "Total Cost": 180697.47, "Plan Rows": 1282311, "Plan Width": 25, "Actual Min Startup Time": 4914.069, "Actual Max Startup Time": 4914.069, "Actual Min Total Time": 4914.069, "Actual Max Total Time": 4914.069, "Max Hash Buckets": 2097152, "Min Hash Buckets": 2097152, "Max Hash Batches": 1, "Min Hash Batches": 1, "Max Original Hash Batches": 1, "Min Original Hash Batches": 1, "Max Peak Memory Usage": 68508, "min Peak Memory Usage": 68508, "Plans": [{"Node Type": "Hash Join", "Parent Relationship": "Outer", "Join Type": "Inner", "Startup Cost": 98641.07, "Total Cost": 180697.47, "Plan Rows": 1282311, "Plan Width": 25, "Actual Min Startup Time": 2259.382, "Actual Max Startup Time": 2259.382, "Actual Min Total Time": 4410.608, "Actual Max Total Time": 4410.608, "Inner Unique": true, "Hash Cond": "(mc.movie_id = t.id), (LLVM Optimized, Jit Execute)", "Plans": [{"Node Type": "Hash Join", "Parent Relationship": "Outer", "Join Type": "Inner", "Startup Cost": 6968.08, "Total Cost": 71392.69, "Plan Rows": 1282311, "Plan Width": 4, "Actual Min Startup Time": 113.346, "Actual Max Startup Time": 113.346, "Actual Min Total Time": 1565.064, "Actual Max Total Time": 1565.064, "Inner Unique": true, "Hash Cond": "(mc.company_id = cn.id), (LLVM Optimized, Jit Execute)", "Plans": [{"Node Type": "Seq Scan", "Parent Relationship": "Outer", "Relation Name": "movie_companies", "Alias": "mc", "Startup Cost": 0.0, "Total Cost": 41817.28, "Plan Rows": 2609128, "Plan Width": 8, "Actual Min Startup Time": 0.056, "Actual Max Startup Time": 0.056, "Actual Min Total Time": 615.838, "Actual Max Total Time": 615.838, "Actual Rows": 2609128}, {"Node Type": "Hash", "Parent Relationship": "Inner", "Startup Cost": 5903.45, "Total Cost": 5903.45, "Plan Rows": 85170, "Plan Width": 4, "Actual Min Startup Time": 113.174, "Actual Max Startup Time": 113.174, "Actual Min Total Time": 113.174, "Actual Max Total Time": 113.174, "Max Hash Buckets": 131072, "Min Hash Buckets": 131072, "Max Hash Batches": 1, "Min Hash Batches": 1, "Max Original Hash Batches": 1, "Min Original Hash Batches": 1, "Max Peak Memory Usage": 2983, "min Peak Memory Usage": 2983, "Plans": [{"Node Type": "Seq Scan", "Parent Relationship": "Outer", "Relation Name": "company_name", "Alias": "cn", "Startup Cost": 0.0, "Total Cost": 5903.45, "Plan Rows": 85170, "Plan Width": 4, "Actual Min Startup Time": 0.046, "Actual Max Startup Time": 0.046, "Actual Min Total Time": 90.363, "Actual Max Total Time": 90.363, "Filter": "((country_code)::text = '[us]'::text)", "Rows Removed by Filter": 150153, "Actual Rows": 84843}], "Actual Rows": 84843}], "Actual Rows": 1153797}, {"Node Type": "Hash", "Parent Relationship": "Inner", "Startup Cost": 60069.11, "Total Cost": 60069.11, "Plan Rows": 2528311, "Plan Width": 21, "Actual Min Startup Time": 2143.448, "Actual Max Startup Time": 2143.448, "Actual Min Total Time": 2143.448, "Actual Max Total Time": 2143.448, "Max Hash Buckets": 4194304, "Min Hash Buckets": 4194304, "Max Hash Batches": 1, "Min Hash Batches": 1, "Max Original Hash Batches": 1, "Min Original Hash Batches": 1, "Max Peak Memory Usage": 135869, "min Peak Memory Usage": 135869, "Plans": [{"Node Type": "Seq Scan", "Parent Relationship": "Outer", "Relation Name": "title", "Alias": "t", "Startup Cost": 0.0, "Total Cost": 60069.11, "Plan Rows": 2528311, "Plan Width": 21, "Actual Min Startup Time": 0.023, "Actual Max Startup Time": 0.023, "Actual Min Total Time": 852.648, "Actual Max Total Time": 852.648, "Actual Rows": 2528311}], "Actual Rows": 2528311}], "Actual Rows": 1153797}], "Actual Rows": 1153797}], "Actual Rows": 1970658}], "Actual Rows": 1970658}], "Actual Rows": 2487611}], "Actual Rows": 1}, "Triggers": [], "Planner Runtime": 150, "Total Runtime": 10828.626, "Unique SQL Id": 2457761703}}, "(64, 65)": {"explain_plan": {"Plan": {"Node Type": "Aggregate", "Strategy": "Plain", "Startup Cost": 742749.91, "Total Cost": 742749.92, "Plan Rows": 1, "Plan Width": 97, "Plans": [{"Node Type": "Nested Loop", "Parent Relationship": "Outer", "Join Type": "Inner", "Startup Cost": 571103.99, "Total Cost": 740964.42, "Plan Rows": 357098, "Plan Width": 33, "Inner Unique": true, "Join Filter": "(a1.person_id = n1.id), (LLVM Optimized)", "Plans": [{"Node Type": "Merge Join", "Parent Relationship": "Outer", "Join Type": "Inner", "Startup Cost": 571103.99, "Total Cost": 639470.48, "Plan Rows": 357098, "Plan Width": 41, "Inner Unique": false, "Merge Cond": "(a1.person_id = ci.person_id)", "Plans": [{"Node Type": "Index Scan", "Parent Relationship": "Outer", "Scan Direction": "Forward", "Index Name": "person_id_aka_name", "Relation Name": "aka_name", "Alias": "a1", "Startup Cost": 0.0, "Total Cost": 68965.03, "Plan Rows": 901342, "Plan Width": 20}, {"Node Type": "Sort", "Parent Relationship": "Inner", "Startup Cost": 571103.92, "Total Cost": 572880.07, "Plan Rows": 710459, "Plan Width": 21, "Sort Key": ["ci.person_id"], "Plans": [{"Node Type": "Hash Join", "Parent Relationship": "Outer", "Join Type": "Inner", "Startup Cost": 301568.43, "Total Cost": 502053.02, "Plan Rows": 710459, "Plan Width": 21, "Inner Unique": false, "Hash Cond": "(ci.movie_id = t.id), (LLVM Optimized)", "Plans": [{"Node Type": "Nested Loop", "Parent Relationship": "Outer", "Join Type": "Inner", "Startup Cost": 0.0, "Total Cost": 171418.25, "Plan Rows": 3296318, "Plan Width": 8, "Inner Unique": false, "Plans": [{"Node Type": "Index Scan", "Parent Relationship": "Outer", "Scan Direction": "Forward", "Index Name": "role_type_pkey", "Relation Name": "role_type", "Alias": "rt", "Startup Cost": 0.0, "Total Cost": 12.46, "Plan Rows": 1, "Plan Width": 4, "Filter": "((role)::text = 'writer'::text)"}, {"Node Type": "Index Scan", "Parent Relationship": "Inner", "Scan Direction": "Forward", "Index Name": "role_id_cast_info", "Relation Name": "cast_info", "Alias": "ci", "Startup Cost": 0.0, "Total Cost": 138442.61, "Plan Rows": 3296318, "Plan Width": 12, "Index Cond": "(role_id = rt.id), (LLVM Optimized)"}]}, {"Node Type": "Hash", "Parent Relationship": "Inner", "Startup Cost": 285539.54, "Total Cost": 285539.54, "Plan Rows": 1282311, "Plan Width": 25, "Plans": [{"Node Type": "Hash Join", "Parent Relationship": "Outer", "Join Type": "Inner", "Startup Cost": 203483.15, "Total Cost": 285539.54, "Plan Rows": 1282311, "Plan Width": 25, "Inner Unique": true, "Hash Cond": "(mc.movie_id = t.id), (LLVM Optimized)", "Plans": [{"Node Type": "Hash Join", "Parent Relationship": "Outer", "Join Type": "Inner", "Startup Cost": 61758.77, "Total Cost": 126183.39, "Plan Rows": 1282311, "Plan Width": 4, "Inner Unique": true, "Hash Cond": "(mc.company_id = cn.id), (LLVM Optimized)", "Plans": [{"Node Type": "Bitmap Heap Scan", "Parent Relationship": "Outer", "Relation Name": "movie_companies", "Alias": "mc", "Startup Cost": 51990.17, "Total Cost": 93807.45, "Plan Rows": 2609128, "Plan Width": 8, "Plans": [{"Node Type": "Bitmap Index Scan", "Parent Relationship": "Outer", "Index Name": "movie_id_movie_companies", "Startup Cost": 0.0, "Total Cost": 51337.89, "Plan Rows": 2609128, "Plan Width": 0}]}, {"Node Type": "Hash", "Parent Relationship": "Inner", "Startup Cost": 8703.97, "Total Cost": 8703.97, "Plan Rows": 85170, "Plan Width": 4, "Plans": [{"Node Type": "Bitmap Heap Scan", "Parent Relationship": "Outer", "Relation Name": "company_name", "Alias": "cn", "Startup Cost": 2800.52, "Total Cost": 8703.97, "Plan Rows": 85170, "Plan Width": 4, "Filter": "((country_code)::text = '[us]'::text)", "Plans": [{"Node Type": "Bitmap Index Scan", "Parent Relationship": "Outer", "Index Name": "company_name_pkey", "Startup Cost": 0.0, "Total Cost": 2779.23, "Plan Rows": 234996, "Plan Width": 0}]}]}]}, {"Node Type": "Hash", "Parent Relationship": "Inner", "Startup Cost": 110120.49, "Total Cost": 110120.49, "Plan Rows": 2528311, "Plan Width": 21, "Plans": [{"Node Type": "Index Scan", "Parent Relationship": "Outer", "Scan Direction": "Forward", "Index Name": "title_pkey", "Relation Name": "title", "Alias": "t", "Startup Cost": 0.0, "Total Cost": 110120.49, "Plan Rows": 2528311, "Plan Width": 21}]}]}]}]}]}]}, {"Node Type": "Index Only Scan", "Parent Relationship": "Inner", "Scan Direction": "Forward", "Index Name": "name_pkey", "Relation Name": "name", "Alias": "n1", "Startup Cost": 0.0, "Total Cost": 0.27, "Plan Rows": 1, "Plan Width": 4, "Index Cond": "(id = ci.person_id)"}]}]}, "Unique SQL Id": 2457761703, "Planner Runtime": 145}, "explain_analyze_plan": null}, "(64, 66)": {"explain_plan": {"Plan": {"Node Type": "Aggregate", "Strategy": "Plain", "Startup Cost": 528738.29, "Total Cost": 528738.3, "Plan Rows": 1, "Plan Width": 97, "Plans": [{"Node Type": "Hash Join", "Parent Relationship": "Outer", "Join Type": "Inner", "Startup Cost": 336662.4, "Total Cost": 526952.8, "Plan Rows": 357098, "Plan Width": 33, "Inner Unique": true, "Hash Cond": "(mc.company_id = cn.id), (LLVM Optimized)", "Plans": [{"Node Type": "Hash Join", "Parent Relationship": "Outer", "Join Type": "Inner", "Startup Cost": 329694.33, "Total Cost": 513689.03, "Plan Rows": 726589, "Plan Width": 37, "Inner Unique": false, "Hash Cond": "(ci.movie_id = t.id), (LLVM Optimized)", "Plans": [{"Node Type": "Streaming(type: LOCAL GATHER dop: 1/64)", "Parent Relationship": "Outer", "Startup Cost": 254738.78, "Total Cost": 417857.9, "Plan Rows": 1484588, "Plan Width": 20, "Plans": [{"Node Type": "Hash Join", "Parent Relationship": "Outer", "Join Type": "Inner", "Startup Cost": 254738.78, "Total Cost": 387231.02, "Plan Rows": 1484588, "Plan Width": 20, "Inner Unique": false, "Hash Cond": "(a1.person_id = ci.person_id), (LLVM Optimized)", "Plans": [{"Node Type": "Streaming(type: LOCAL REDISTRIBUTE dop: 64/1)", "Parent Relationship": "Outer", "Startup Cost": 202522.7, "Total Cost": 334446.0, "Plan Rows": 901342, "Plan Width": 24, "Plans": [{"Node Type": "Hash Join", "Parent Relationship": "Outer", "Join Type": "Inner", "Startup Cost": 202522.7, "Total Cost": 234824.58, "Plan Rows": 901342, "Plan Width": 24, "Inner Unique": true, "Hash Cond": "(a1.person_id = n1.id), (LLVM Optimized)", "Plans": [{"Node Type": "Seq Scan", "Parent Relationship": "Outer", "Relation Name": "aka_name", "Alias": "a1", "Startup Cost": 0.0, "Total Cost": 19908.42, "Plan Rows": 901342, "Plan Width": 20}, {"Node Type": "Hash", "Parent Relationship": "Inner", "Startup Cost": 150429.08, "Total Cost": 150429.08, "Plan Rows": 4167490, "Plan Width": 4, "Plans": [{"Node Type": "Streaming(type: LOCAL GATHER dop: 1/64)", "Parent Relationship": "Outer", "Startup Cost": 0.0, "Total Cost": 150429.08, "Plan Rows": 4167490, "Plan Width": 4, "Plans": [{"Node Type": "Seq Scan", "Parent Relationship": "Outer", "Relation Name": "name", "Alias": "n1", "Startup Cost": 0.0, "Total Cost": 64454.25, "Plan Rows": 4167490, "Plan Width": 4}]}]}]}]}, {"Node Type": "Hash", "Parent Relationship": "Inner", "Startup Cost": 203464.29, "Total Cost": 203464.29, "Plan Rows": 3296318, "Plan Width": 8, "Plans": [{"Node Type": "Streaming(type: LOCAL REDISTRIBUTE dop: 64/64)", "Parent Relationship": "Outer", "Startup Cost": 63002.48, "Total Cost": 203464.29, "Plan Rows": 3296318, "Plan Width": 8, "Plans": [{"Node Type": "Hash Join", "Parent Relationship": "Outer", "Join Type": "Inner", "Startup Cost": 63002.48, "Total Cost": 137341.8, "Plan Rows": 3296318, "Plan Width": 8, "Inner Unique": true, "Hash Cond": "(ci.role_id = rt.id), (LLVM Optimized)", "Plans": [{"Node Type": "Seq Scan", "Parent Relationship": "Outer", "Relation Name": "cast_info", "Alias": "ci", "Startup Cost": 0.0, "Total Cost": 72404.34, "Plan Rows": 36259494, "Plan Width": 12}, {"Node Type": "Hash", "Parent Relationship": "Inner", "Startup Cost": 63002.47, "Total Cost": 63002.47, "Plan Rows": 64, "Plan Width": 4, "Plans": [{"Node Type": "Streaming(type: BROADCAST dop: 64/1)", "Parent Relationship": "Outer", "Startup Cost": 0.0, "Total Cost": 63002.47, "Plan Rows": 64, "Plan Width": 4, "Plans": [{"Node Type": "Seq Scan", "Parent Relationship": "Outer", "Relation Name": "role_type", "Alias": "rt", "Startup Cost": 0.0, "Total Cost": 1.15, "Plan Rows": 1, "Plan Width": 4, "Filter": "((role)::text = 'writer'::text)"}]}]}]}]}]}]}]}, {"Node Type": "Hash", "Parent Relationship": "Inner", "Startup Cost": 169365.79, "Total Cost": 169365.79, "Plan Rows": 2609128, "Plan Width": 29, "Plans": [{"Node Type": "Hash Join", "Parent Relationship": "Outer", "Join Type": "Inner", "Startup Cost": 91673.0, "Total Cost": 169365.79, "Plan Rows": 2609128, "Plan Width": 29, "Inner Unique": true, "Hash Cond": "(mc.movie_id = t.id), (LLVM Optimized)", "Plans": [{"Node Type": "Seq Scan", "Parent Relationship": "Outer", "Relation Name": "movie_companies", "Alias": "mc", "Startup Cost": 0.0, "Total Cost": 41817.28, "Plan Rows": 2609128, "Plan Width": 8}, {"Node Type": "Hash", "Parent Relationship": "Inner", "Startup Cost": 60069.11, "Total Cost": 60069.11, "Plan Rows": 2528311, "Plan Width": 21, "Plans": [{"Node Type": "Seq Scan", "Parent Relationship": "Outer", "Relation Name": "title", "Alias": "t", "Startup Cost": 0.0, "Total Cost": 60069.11, "Plan Rows": 2528311, "Plan Width": 21}]}]}]}]}, {"Node Type": "Hash", "Parent Relationship": "Inner", "Startup Cost": 5903.45, "Total Cost": 5903.45, "Plan Rows": 85170, "Plan Width": 4, "Plans": [{"Node Type": "Seq Scan", "Parent Relationship": "Outer", "Relation Name": "company_name", "Alias": "cn", "Startup Cost": 0.0, "Total Cost": 5903.45, "Plan Rows": 85170, "Plan Width": 4, "Filter": "((country_code)::text = '[us]'::text)"}]}]}]}, "Unique SQL Id": 2457761703, "Planner Runtime": 164}, "explain_analyze_plan": {"Plan": {"Node Type": "Aggregate", "Strategy": "Plain", "Startup Cost": 528738.29, "Total Cost": 528738.3, "Plan Rows": 1, "Plan Width": 97, "Actual Min Startup Time": 10653.339, "Actual Max Startup Time": 10653.339, "Actual Min Total Time": 10653.34, "Actual Max Total Time": 10653.34, "Plans": [{"Node Type": "Hash Join", "Parent Relationship": "Outer", "Join Type": "Inner", "Startup Cost": 336662.4, "Total Cost": 526952.8, "Plan Rows": 357098, "Plan Width": 33, "Actual Min Startup Time": 5045.785, "Actual Max Startup Time": 5045.785, "Actual Min Total Time": 9470.761, "Actual Max Total Time": 9470.761, "Inner Unique": true, "Hash Cond": "(mc.company_id = cn.id), (LLVM Optimized, Jit Execute)", "Plans": [{"Node Type": "Hash Join", "Parent Relationship": "Outer", "Join Type": "Inner", "Startup Cost": 329694.33, "Total Cost": 513689.03, "Plan Rows": 726589, "Plan Width": 37, "Actual Min Startup Time": 4932.473, "Actual Max Startup Time": 4932.473, "Actual Min Total Time": 8014.504, "Actual Max Total Time": 8014.504, "Inner Unique": false, "Hash Cond": "(ci.movie_id = t.id), (LLVM Optimized, Jit Execute)", "Plans": [{"Node Type": "Streaming(type: LOCAL GATHER dop: 1/64)", "Parent Relationship": "Outer", "Startup Cost": 254738.78, "Total Cost": 417857.9, "Plan Rows": 1484588, "Plan Width": 20, "Actual Min Startup Time": 0.149, "Actual Max Startup Time": 0.149, "Actual Min Total Time": 1136.935, "Actual Max Total Time": 1136.935, "Plans": [{"Node Type": "Hash Join", "Parent Relationship": "Outer", "Join Type": "Inner", "Startup Cost": 254738.78, "Total Cost": 387231.02, "Plan Rows": 1484588, "Plan Width": 20, "Actual Min Startup Time": 2400.847, "Actual Max Startup Time": 4561.54, "Actual Min Total Time": 6405.607, "Actual Max Total Time": 9204.271, "Inner Unique": false, "Hash Cond": "(a1.person_id = ci.person_id), (LLVM Optimized, Jit Execute)", "Plans": [{"Node Type": "Streaming(type: LOCAL REDISTRIBUTE dop: 64/1)", "Parent Relationship": "Outer", "Startup Cost": 202522.7, "Total Cost": 334446.0, "Plan Rows": 901342, "Plan Width": 24, "Actual Min Startup Time": 2082.179, "Actual Max Startup Time": 4189.143, "Actual Min Total Time": 5973.318, "Actual Max Total Time": 8689.53, "Plans": [{"Node Type": "Hash Join", "Parent Relationship": "Outer", "Join Type": "Inner", "Startup Cost": 202522.7, "Total Cost": 234824.58, "Plan Rows": 901342, "Plan Width": 24, "Actual Min Startup Time": 2391.386, "Actual Max Startup Time": 2391.386, "Actual Min Total Time": 3134.379, "Actual Max Total Time": 3134.379, "Inner Unique": true, "Hash Cond": "(a1.person_id = n1.id), (LLVM Optimized, Jit Execute)", "Plans": [{"Node Type": "Seq Scan", "Parent Relationship": "Outer", "Relation Name": "aka_name", "Alias": "a1", "Startup Cost": 0.0, "Total Cost": 19908.42, "Plan Rows": 901342, "Plan Width": 20, "Actual Min Startup Time": 0.031, "Actual Max Startup Time": 0.031, "Actual Min Total Time": 226.0, "Actual Max Total Time": 226.0, "Actual Rows": 901342}, {"Node Type": "Hash", "Parent Relationship": "Inner", "Startup Cost": 150429.08, "Total Cost": 150429.08, "Plan Rows": 4167490, "Plan Width": 4, "Actual Min Startup Time": 2388.72, "Actual Max Startup Time": 2388.72, "Actual Min Total Time": 2388.72, "Actual Max Total Time": 2388.72, "Max Hash Buckets": 4194304, "Min Hash Buckets": 4194304, "Max Hash Batches": 1, "Min Hash Batches": 1, "Max Original Hash Batches": 1, "Min Original Hash Batches": 1, "Max Peak Memory Usage": 146514, "min Peak Memory Usage": 146514, "Plans": [{"Node Type": "Streaming(type: LOCAL GATHER dop: 1/64)", "Parent Relationship": "Outer", "Startup Cost": 0.0, "Total Cost": 150429.08, "Plan Rows": 4167490, "Plan Width": 4, "Actual Min Startup Time": 0.144, "Actual Max Startup Time": 0.144, "Actual Min Total Time": 1203.473, "Actual Max Total Time": 1203.473, "Plans": [{"Node Type": "Seq Scan", "Parent Relationship": "Outer", "Relation Name": "name", "Alias": "n1", "Startup Cost": 0.0, "Total Cost": 64454.25, "Plan Rows": 4167490, "Plan Width": 4, "Actual Min Startup Time": 0.019, "Actual Max Startup Time": 0.041, "Actual Min Total Time": 18.918, "Actual Max Total Time": 22.367, "Actual Rows": 4167490}], "Actual Rows": 4167490}], "Actual Rows": 4167490}], "Actual Rows": 901342}], "Actual Rows": 901342}, {"Node Type": "Hash", "Parent Relationship": "Inner", "Startup Cost": 203464.29, "Total Cost": 203464.29, "Plan Rows": 3296318, "Plan Width": 8, "Actual Min Startup Time": 314.974, "Actual Max Startup Time": 620.859, "Actual Min Total Time": 314.974, "Actual Max Total Time": 620.859, "Max Hash Buckets": 65536, "Min Hash Buckets": 65536, "Max Hash Batches": 1, "Min Hash Batches": 1, "Max Original Hash Batches": 1, "Min Original Hash Batches": 1, "Max Peak Memory Usage": 1483, "min Peak Memory Usage": 1483, "Plans": [{"Node Type": "Streaming(type: LOCAL REDISTRIBUTE dop: 64/64)", "Parent Relationship": "Outer", "Startup Cost": 63002.48, "Total Cost": 203464.29, "Plan Rows": 3296318, "Plan Width": 8, "Actual Min Startup Time": 0.106, "Actual Max Startup Time": 297.598, "Actual Min Total Time": 304.117, "Actual Max Total Time": 610.951, "Plans": [{"Node Type": "Hash Join", "Parent Relationship": "Outer", "Join Type": "Inner", "Startup Cost": 63002.48, "Total Cost": 137341.8, "Plan Rows": 3296318, "Plan Width": 8, "Actual Min Startup Time": 151.808, "Actual Max Startup Time": 321.453, "Actual Min Total Time": 242.856, "Actual Max Total Time": 411.34, "Inner Unique": true, "Hash Cond": "(ci.role_id = rt.id), (LLVM Optimized, Jit Execute)", "Plans": [{"Node Type": "Seq Scan", "Parent Relationship": "Outer", "Relation Name": "cast_info", "Alias": "ci", "Startup Cost": 0.0, "Total Cost": 72404.34, "Plan Rows": 36259494, "Plan Width": 12, "Actual Min Startup Time": 0.025, "Actual Max Startup Time": 9.439, "Actual Min Total Time": 127.377, "Actual Max Total Time": 144.233, "Actual Rows": 36244343}, {"Node Type": "Hash", "Parent Relationship": "Inner", "Startup Cost": 63002.47, "Total Cost": 63002.47, "Plan Rows": 64, "Plan Width": 4, "Actual Min Startup Time": 0.011, "Actual Max Startup Time": 159.839, "Actual Min Total Time": 0.011, "Actual Max Total Time": 159.839, "Max Hash Buckets": 32768, "Min Hash Buckets": 32768, "Max Hash Batches": 1, "Min Hash Batches": 1, "Max Original Hash Batches": 1, "Min Original Hash Batches": 1, "Max Peak Memory Usage": 1, "min Peak Memory Usage": 1, "Plans": [{"Node Type": "Streaming(type: BROADCAST dop: 64/1)", "Parent Relationship": "Outer", "Startup Cost": 0.0, "Total Cost": 63002.47, "Plan Rows": 64, "Plan Width": 4, "Actual Min Startup Time": 0.003, "Actual Max Startup Time": 159.19, "Actual Min Total Time": 0.003, "Actual Max Total Time": 159.194, "Plans": [{"Node Type": "Seq Scan", "Parent Relationship": "Outer", "Relation Name": "role_type", "Alias": "rt", "Startup Cost": 0.0, "Total Cost": 1.15, "Plan Rows": 1, "Plan Width": 4, "Actual Min Startup Time": 0.04, "Actual Max Startup Time": 0.04, "Actual Min Total Time": 0.044, "Actual Max Total Time": 0.044, "Filter": "((role)::text = 'writer'::text)", "Rows Removed by Filter": 11, "Actual Rows": 1}], "Actual Rows": 64}], "Actual Rows": 64}], "Actual Rows": 2728943}], "Actual Rows": 2728943}], "Actual Rows": 2728943}], "Actual Rows": 2343724}], "Actual Rows": 2343724}, {"Node Type": "Hash", "Parent Relationship": "Inner", "Startup Cost": 169365.79, "Total Cost": 169365.79, "Plan Rows": 2609128, "Plan Width": 29, "Actual Min Startup Time": 4926.029, "Actual Max Startup Time": 4926.029, "Actual Min Total Time": 4926.029, "Actual Max Total Time": 4926.029, "Max Hash Buckets": 4194304, "Min Hash Buckets": 4194304, "Max Hash Batches": 1, "Min Hash Batches": 1, "Max Original Hash Batches": 1, "Min Original Hash Batches": 1, "Max Peak Memory Usage": 164769, "min Peak Memory Usage": 164769, "Plans": [{"Node Type": "Hash Join", "Parent Relationship": "Outer", "Join Type": "Inner", "Startup Cost": 91673.0, "Total Cost": 169365.79, "Plan Rows": 2609128, "Plan Width": 29, "Actual Min Startup Time": 1869.664, "Actual Max Startup Time": 1869.664, "Actual Min Total Time": 3974.511, "Actual Max Total Time": 3974.511, "Inner Unique": true, "Hash Cond": "(mc.movie_id = t.id), (LLVM Optimized, Jit Execute)", "Plans": [{"Node Type": "Seq Scan", "Parent Relationship": "Outer", "Relation Name": "movie_companies", "Alias": "mc", "Startup Cost": 0.0, "Total Cost": 41817.28, "Plan Rows": 2609128, "Plan Width": 8, "Actual Min Startup Time": 0.034, "Actual Max Startup Time": 0.034, "Actual Min Total Time": 573.13, "Actual Max Total Time": 573.13, "Actual Rows": 2609128}, {"Node Type": "Hash", "Parent Relationship": "Inner", "Startup Cost": 60069.11, "Total Cost": 60069.11, "Plan Rows": 2528311, "Plan Width": 21, "Actual Min Startup Time": 1867.154, "Actual Max Startup Time": 1867.154, "Actual Min Total Time": 1867.154, "Actual Max Total Time": 1867.154, "Max Hash Buckets": 4194304, "Min Hash Buckets": 4194304, "Max Hash Batches": 1, "Min Hash Batches": 1, "Max Original Hash Batches": 1, "Min Original Hash Batches": 1, "Max Peak Memory Usage": 135869, "min Peak Memory Usage": 135869, "Plans": [{"Node Type": "Seq Scan", "Parent Relationship": "Outer", "Relation Name": "title", "Alias": "t", "Startup Cost": 0.0, "Total Cost": 60069.11, "Plan Rows": 2528311, "Plan Width": 21, "Actual Min Startup Time": 0.025, "Actual Max Startup Time": 0.025, "Actual Min Total Time": 832.832, "Actual Max Total Time": 832.832, "Actual Rows": 2528311}], "Actual Rows": 2528311}], "Actual Rows": 2609128}], "Actual Rows": 2609128}], "Actual Rows": 4961427}, {"Node Type": "Hash", "Parent Relationship": "Inner", "Startup Cost": 5903.45, "Total Cost": 5903.45, "Plan Rows": 85170, "Plan Width": 4, "Actual Min Startup Time": 113.153, "Actual Max Startup Time": 113.153, "Actual Min Total Time": 113.153, "Actual Max Total Time": 113.153, "Max Hash Buckets": 131072, "Min Hash Buckets": 131072, "Max Hash Batches": 1, "Min Hash Batches": 1, "Max Original Hash Batches": 1, "Min Original Hash Batches": 1, "Max Peak Memory Usage": 2983, "min Peak Memory Usage": 2983, "Plans": [{"Node Type": "Seq Scan", "Parent Relationship": "Outer", "Relation Name": "company_name", "Alias": "cn", "Startup Cost": 0.0, "Total Cost": 5903.45, "Plan Rows": 85170, "Plan Width": 4, "Actual Min Startup Time": 0.07, "Actual Max Startup Time": 0.07, "Actual Min Total Time": 89.97, "Actual Max Total Time": 89.97, "Filter": "((country_code)::text = '[us]'::text)", "Rows Removed by Filter": 150153, "Actual Rows": 84843}], "Actual Rows": 84843}], "Actual Rows": 2487611}], "Actual Rows": 1}, "Triggers": [], "Planner Runtime": 172, "Total Runtime": 10708.533, "Unique SQL Id": 2457761703}}, "(64, 67)": {"explain_plan": {"Plan": {"Node Type": "Aggregate", "Strategy": "Plain", "Startup Cost": 1013578.73, "Total Cost": 1013578.74, "Plan Rows": 1, "Plan Width": 97, "Plans": [{"Node Type": "Hash Join", "Parent Relationship": "Outer", "Join Type": "Inner", "Startup Cost": 985285.55, "Total Cost": 1011793.24, "Plan Rows": 357098, "Plan Width": 33, "Inner Unique": false, "Hash Cond": "(a1.person_id = n1.id), (LLVM Optimized)", "Plans": [{"Node Type": "Bitmap Heap Scan", "Parent Relationship": "Outer", "Relation Name": "aka_name", "Alias": "a1", "Startup Cost": 16632.3, "Total Cost": 36540.72, "Plan Rows": 901342, "Plan Width": 20, "Plans": [{"Node Type": "Bitmap Index Scan", "Parent Relationship": "Outer", "Index Name": "person_id_aka_name", "Startup Cost": 0.0, "Total Cost": 16406.96, "Plan Rows": 901342, "Plan Width": 0}]}, {"Node Type": "Hash", "Parent Relationship": "Inner", "Startup Cost": 959772.51, "Total Cost": 959772.51, "Plan Rows": 710459, "Plan Width": 25, "Plans": [{"Node Type": "Hash Join", "Parent Relationship": "Outer", "Join Type": "Inner", "Startup Cost": 607483.06, "Total Cost": 959772.51, "Plan Rows": 710459, "Plan Width": 25, "Inner Unique": true, "Hash Cond": "(ci.person_id = n1.id), (LLVM Optimized)", "Plans": [{"Node Type": "Hash Join", "Parent Relationship": "Outer", "Join Type": "Inner", "Startup Cost": 378117.96, "Total Cost": 720638.61, "Plan Rows": 710459, "Plan Width": 21, "Inner Unique": false, "Hash Cond": "(ci.movie_id = t.id), (LLVM Optimized)", "Plans": [{"Node Type": "Nested Loop", "Parent Relationship": "Outer", "Join Type": "Inner", "Startup Cost": 76315.02, "Total Cost": 389769.33, "Plan Rows": 3296318, "Plan Width": 8, "Inner Unique": false, "Plans": [{"Node Type": "Bitmap Heap Scan", "Parent Relationship": "Outer", "Relation Name": "role_type", "Alias": "rt", "Startup Cost": 8.31, "Total Cost": 12.46, "Plan Rows": 1, "Plan Width": 4, "Filter": "((role)::text = 'writer'::text)", "Plans": [{"Node Type": "Bitmap Index Scan", "Parent Relationship": "Outer", "Index Name": "role_type_pkey", "Startup Cost": 0.0, "Total Cost": 8.31, "Plan Rows": 12, "Plan Width": 0}]}, {"Node Type": "Bitmap Heap Scan", "Parent Relationship": "Inner", "Relation Name": "cast_info", "Alias": "ci", "Startup Cost": 76306.71, "Total Cost": 356793.69, "Plan Rows": 3296318, "Plan Width": 12, "Recheck Cond": "(role_id = rt.id), (LLVM Optimized)", "Plans": [{"Node Type": "Bitmap Index Scan", "Parent Relationship": "Outer", "Index Name": "role_id_cast_info", "Startup Cost": 0.0, "Total Cost": 75482.63, "Plan Rows": 3296318, "Plan Width": 0, "Index Cond": "(role_id = rt.id)"}]}]}, {"Node Type": "Hash", "Parent Relationship": "Inner", "Startup Cost": 285774.05, "Total Cost": 285774.05, "Plan Rows": 1282311, "Plan Width": 25, "Plans": [{"Node Type": "Hash Join", "Parent Relationship": "Outer", "Join Type": "Inner", "Startup Cost": 203717.65, "Total Cost": 285774.05, "Plan Rows": 1282311, "Plan Width": 25, "Inner Unique": true, "Hash Cond": "(mc.movie_id = t.id), (LLVM Optimized)", "Plans": [{"Node Type": "Hash Join", "Parent Relationship": "Outer", "Join Type": "Inner", "Startup Cost": 61758.77, "Total Cost": 126183.39, "Plan Rows": 1282311, "Plan Width": 4, "Inner Unique": true, "Hash Cond": "(mc.company_id = cn.id), (LLVM Optimized)", "Plans": [{"Node Type": "Bitmap Heap Scan", "Parent Relationship": "Outer", "Relation Name": "movie_companies", "Alias": "mc", "Startup Cost": 51990.17, "Total Cost": 93807.45, "Plan Rows": 2609128, "Plan Width": 8, "Plans": [{"Node Type": "Bitmap Index Scan", "Parent Relationship": "Outer", "Index Name": "movie_id_movie_companies", "Startup Cost": 0.0, "Total Cost": 51337.89, "Plan Rows": 2609128, "Plan Width": 0}]}, {"Node Type": "Hash", "Parent Relationship": "Inner", "Startup Cost": 8703.97, "Total Cost": 8703.97, "Plan Rows": 85170, "Plan Width": 4, "Plans": [{"Node Type": "Bitmap Heap Scan", "Parent Relationship": "Outer", "Relation Name": "company_name", "Alias": "cn", "Startup Cost": 2800.52, "Total Cost": 8703.97, "Plan Rows": 85170, "Plan Width": 4, "Filter": "((country_code)::text = '[us]'::text)", "Plans": [{"Node Type": "Bitmap Index Scan", "Parent Relationship": "Outer", "Index Name": "company_name_pkey", "Startup Cost": 0.0, "Total Cost": 2779.23, "Plan Rows": 234996, "Plan Width": 0}]}]}]}, {"Node Type": "Hash", "Parent Relationship": "Inner", "Startup Cost": 110354.99, "Total Cost": 110354.99, "Plan Rows": 2528311, "Plan Width": 21, "Plans": [{"Node Type": "Bitmap Heap Scan", "Parent Relationship": "Outer", "Relation Name": "title", "Alias": "t", "Startup Cost": 50285.88, "Total Cost": 110354.99, "Plan Rows": 2528311, "Plan Width": 21, "Plans": [{"Node Type": "Bitmap Index Scan", "Parent Relationship": "Outer", "Index Name": "title_pkey", "Startup Cost": 0.0, "Total Cost": 49653.81, "Plan Rows": 2528311, "Plan Width": 0}]}]}]}]}]}, {"Node Type": "Hash", "Parent Relationship": "Inner", "Startup Cost": 177271.47, "Total Cost": 177271.47, "Plan Rows": 4167490, "Plan Width": 4, "Plans": [{"Node Type": "Bitmap Heap Scan", "Parent Relationship": "Outer", "Relation Name": "name", "Alias": "n1", "Startup Cost": 84199.57, "Total Cost": 177271.47, "Plan Rows": 4167490, "Plan Width": 4, "Plans": [{"Node Type": "Bitmap Index Scan", "Parent Relationship": "Outer", "Index Name": "name_pkey", "Startup Cost": 0.0, "Total Cost": 83157.7, "Plan Rows": 4167490, "Plan Width": 0}]}]}]}]}]}]}, "Unique SQL Id": 2457761703, "Planner Runtime": 72}, "explain_analyze_plan": {"Plan": {"Node Type": "Aggregate", "Strategy": "Plain", "Startup Cost": 1013578.73, "Total Cost": 1013578.74, "Plan Rows": 1, "Plan Width": 97, "Actual Startup Time": 16862.492, "Actual Total Time": 16862.492, "Actual Rows": 1, "Actual Loops": 1, "Plans": [{"Node Type": "Hash Join", "Parent Relationship": "Outer", "Join Type": "Inner", "Startup Cost": 985285.55, "Total Cost": 1011793.24, "Plan Rows": 357098, "Plan Width": 33, "Actual Startup Time": 14323.785, "Actual Total Time": 15724.573, "Actual Rows": 2487611, "Actual Loops": 1, "Inner Unique": false, "Hash Cond": "(a1.person_id = n1.id), (LLVM Optimized, Jit Execute)", "Plans": [{"Node Type": "Bitmap Heap Scan", "Parent Relationship": "Outer", "Relation Name": "aka_name", "Alias": "a1", "Startup Cost": 16632.3, "Total Cost": 36540.72, "Plan Rows": 901342, "Plan Width": 20, "Actual Startup Time": 102.848, "Actual Total Time": 449.182, "Actual Rows": 901342, "Actual Loops": 1, "Exact Heap Blocks": 10895, "Lossy Heap Blocks": 10895, "Plans": [{"Node Type": "Bitmap Index Scan", "Parent Relationship": "Outer", "Index Name": "person_id_aka_name", "Startup Cost": 0.0, "Total Cost": 16406.96, "Plan Rows": 901342, "Plan Width": 0, "Actual Startup Time": 100.9, "Actual Total Time": 100.9, "Actual Rows": 901342, "Actual Loops": 1}]}, {"Node Type": "Hash", "Parent Relationship": "Inner", "Startup Cost": 959772.51, "Total Cost": 959772.51, "Plan Rows": 710459, "Plan Width": 25, "Actual Startup Time": 14215.549, "Actual Total Time": 14215.549, "Actual Rows": 1970658, "Actual Loops": 1, "Hash Buckets": 1048576, "Hash Batches": 1, "Original Hash Batches": 1, "Peak Memory Usage": 112799, "Plans": [{"Node Type": "Hash Join", "Parent Relationship": "Outer", "Join Type": "Inner", "Startup Cost": 607483.06, "Total Cost": 959772.51, "Plan Rows": 710459, "Plan Width": 25, "Actual Startup Time": 10075.48, "Actual Total Time": 13607.521, "Actual Rows": 1970658, "Actual Loops": 1, "Inner Unique": true, "Hash Cond": "(ci.person_id = n1.id), (LLVM Optimized, Jit Execute)", "Plans": [{"Node Type": "Hash Join", "Parent Relationship": "Outer", "Join Type": "Inner", "Startup Cost": 378117.96, "Total Cost": 720638.61, "Plan Rows": 710459, "Plan Width": 21, "Actual Startup Time": 5761.347, "Actual Total Time": 8502.541, "Actual Rows": 1970658, "Actual Loops": 1, "Inner Unique": false, "Hash Cond": "(ci.movie_id = t.id), (LLVM Optimized, Jit Execute)", "Plans": [{"Node Type": "Nested Loop", "Parent Relationship": "Outer", "Join Type": "Inner", "Startup Cost": 76315.02, "Total Cost": 389769.33, "Plan Rows": 3296318, "Plan Width": 8, "Actual Startup Time": 304.881, "Actual Total Time": 1662.16, "Actual Rows": 2728943, "Actual Loops": 1, "Inner Unique": false, "Plans": [{"Node Type": "Bitmap Heap Scan", "Parent Relationship": "Outer", "Relation Name": "role_type", "Alias": "rt", "Startup Cost": 8.31, "Total Cost": 12.46, "Plan Rows": 1, "Plan Width": 4, "Actual Startup Time": 0.09, "Actual Total Time": 0.108, "Actual Rows": 1, "Actual Loops": 1, "Filter": "((role)::text = 'writer'::text)", "Rows Removed by Filter": 11, "Exact Heap Blocks": 1, "Lossy Heap Blocks": 1, "Plans": [{"Node Type": "Bitmap Index Scan", "Parent Relationship": "Outer", "Index Name": "role_type_pkey", "Startup Cost": 0.0, "Total Cost": 8.31, "Plan Rows": 12, "Plan Width": 0, "Actual Startup Time": 0.027, "Actual Total Time": 0.027, "Actual Rows": 12, "Actual Loops": 1}]}, {"Node Type": "Bitmap Heap Scan", "Parent Relationship": "Inner", "Relation Name": "cast_info", "Alias": "ci", "Startup Cost": 76306.71, "Total Cost": 356793.69, "Plan Rows": 3296318, "Plan Width": 12, "Actual Startup Time": 304.767, "Actual Total Time": 1172.992, "Actual Rows": 2728943, "Actual Loops": 1, "Recheck Cond": "(role_id = rt.id), (LLVM Optimized, Jit Execute)", "Rows Removed by Index Recheck": 0, "Exact Heap Blocks": 19177, "Lossy Heap Blocks": 19177, "Plans": [{"Node Type": "Bitmap Index Scan", "Parent Relationship": "Outer", "Index Name": "role_id_cast_info", "Startup Cost": 0.0, "Total Cost": 75482.63, "Plan Rows": 3296318, "Plan Width": 0, "Actual Startup Time": 300.404, "Actual Total Time": 300.404, "Actual Rows": 2728943, "Actual Loops": 1, "Index Cond": "(role_id = rt.id)"}]}]}, {"Node Type": "Hash", "Parent Relationship": "Inner", "Startup Cost": 285774.05, "Total Cost": 285774.05, "Plan Rows": 1282311, "Plan Width": 25, "Actual Startup Time": 5451.33, "Actual Total Time": 5451.33, "Actual Rows": 1153797, "Actual Loops": 1, "Hash Buckets": 2097152, "Hash Batches": 1, "Original Hash Batches": 1, "Peak Memory Usage": 68508, "Plans": [{"Node Type": "Hash Join", "Parent Relationship": "Outer", "Join Type": "Inner", "Startup Cost": 203717.65, "Total Cost": 285774.05, "Plan Rows": 1282311, "Plan Width": 25, "Actual Startup Time": 2726.056, "Actual Total Time": 5015.59, "Actual Rows": 1153797, "Actual Loops": 1, "Inner Unique": true, "Hash Cond": "(mc.movie_id = t.id), (LLVM Optimized, Jit Execute)", "Plans": [{"Node Type": "Hash Join", "Parent Relationship": "Outer", "Join Type": "Inner", "Startup Cost": 61758.77, "Total Cost": 126183.39, "Plan Rows": 1282311, "Plan Width": 4, "Actual Startup Time": 372.339, "Actual Total Time": 2018.516, "Actual Rows": 1153797, "Actual Loops": 1, "Inner Unique": true, "Hash Cond": "(mc.company_id = cn.id), (LLVM Optimized, Jit Execute)", "Plans": [{"Node Type": "Bitmap Heap Scan", "Parent Relationship": "Outer", "Relation Name": "movie_companies", "Alias": "mc", "Startup Cost": 51990.17, "Total Cost": 93807.45, "Plan Rows": 2609128, "Plan Width": 8, "Actual Startup Time": 216.154, "Actual Total Time": 1035.33, "Actual Rows": 2609128, "Actual Loops": 1, "Exact Heap Blocks": 15726, "Lossy Heap Blocks": 15726, "Plans": [{"Node Type": "Bitmap Index Scan", "Parent Relationship": "Outer", "Index Name": "movie_id_movie_companies", "Startup Cost": 0.0, "Total Cost": 51337.89, "Plan Rows": 2609128, "Plan Width": 0, "Actual Startup Time": 212.542, "Actual Total Time": 212.542, "Actual Rows": 2609128, "Actual Loops": 1}]}, {"Node Type": "Hash", "Parent Relationship": "Inner", "Startup Cost": 8703.97, "Total Cost": 8703.97, "Plan Rows": 85170, "Plan Width": 4, "Actual Startup Time": 156.063, "Actual Total Time": 156.063, "Actual Rows": 84843, "Actual Loops": 1, "Hash Buckets": 131072, "Hash Batches": 1, "Original Hash Batches": 1, "Peak Memory Usage": 2983, "Plans": [{"Node Type": "Bitmap Heap Scan", "Parent Relationship": "Outer", "Relation Name": "company_name", "Alias": "cn", "Startup Cost": 2800.52, "Total Cost": 8703.97, "Plan Rows": 85170, "Plan Width": 4, "Actual Startup Time": 20.847, "Actual Total Time": 133.286, "Actual Rows": 84843, "Actual Loops": 1, "Filter": "((country_code)::text = '[us]'::text)", "Rows Removed by Filter": 150153, "Exact Heap Blocks": 2966, "Lossy Heap Blocks": 2966, "Plans": [{"Node Type": "Bitmap Index Scan", "Parent Relationship": "Outer", "Index Name": "company_name_pkey", "Startup Cost": 0.0, "Total Cost": 2779.23, "Plan Rows": 234996, "Plan Width": 0, "Actual Startup Time": 20.364, "Actual Total Time": 20.364, "Actual Rows": 234996, "Actual Loops": 1}]}]}]}, {"Node Type": "Hash", "Parent Relationship": "Inner", "Startup Cost": 110354.99, "Total Cost": 110354.99, "Plan Rows": 2528311, "Plan Width": 21, "Actual Startup Time": 2351.141, "Actual Total Time": 2351.141, "Actual Rows": 2528311, "Actual Loops": 1, "Hash Buckets": 4194304, "Hash Batches": 1, "Original Hash Batches": 1, "Peak Memory Usage": 135869, "Plans": [{"Node Type": "Bitmap Heap Scan", "Parent Relationship": "Outer", "Relation Name": "title", "Alias": "t", "Startup Cost": 50285.88, "Total Cost": 110354.99, "Plan Rows": 2528311, "Plan Width": 21, "Actual Startup Time": 290.426, "Actual Total Time": 1476.245, "Actual Rows": 2528311, "Actual Loops": 1, "Exact Heap Blocks": 34786, "Lossy Heap Blocks": 34786, "Plans": [{"Node Type": "Bitmap Index Scan", "Parent Relationship": "Outer", "Index Name": "title_pkey", "Startup Cost": 0.0, "Total Cost": 49653.81, "Plan Rows": 2528311, "Plan Width": 0, "Actual Startup Time": 282.417, "Actual Total Time": 282.417, "Actual Rows": 2528311, "Actual Loops": 1}]}]}]}]}]}, {"Node Type": "Hash", "Parent Relationship": "Inner", "Startup Cost": 177271.47, "Total Cost": 177271.47, "Plan Rows": 4167490, "Plan Width": 4, "Actual Startup Time": 4311.571, "Actual Total Time": 4311.571, "Actual Rows": 4167490, "Actual Loops": 1, "Hash Buckets": 4194304, "Hash Batches": 1, "Original Hash Batches": 1, "Peak Memory Usage": 146514, "Plans": [{"Node Type": "Bitmap Heap Scan", "Parent Relationship": "Outer", "Relation Name": "name", "Alias": "n1", "Startup Cost": 84199.57, "Total Cost": 177271.47, "Plan Rows": 4167490, "Plan Width": 4, "Actual Startup Time": 546.808, "Actual Total Time": 2370.146, "Actual Rows": 4167490, "Actual Loops": 1, "Exact Heap Blocks": 51397, "Lossy Heap Blocks": 51397, "Plans": [{"Node Type": "Bitmap Index Scan", "Parent Relationship": "Outer", "Index Name": "name_pkey", "Startup Cost": 0.0, "Total Cost": 83157.7, "Plan Rows": 4167490, "Plan Width": 0, "Actual Startup Time": 534.683, "Actual Total Time": 534.683, "Actual Rows": 4167490, "Actual Loops": 1}]}]}]}]}]}]}, "Triggers": [], "Planner Runtime": 49, "Total Runtime": 16879.015, "Unique SQL Id": 2457761703}}, "(64, 68)": {"explain_plan": {"Plan": {"Node Type": "Aggregate", "Strategy": "Plain", "Startup Cost": 528738.29, "Total Cost": 528738.3, "Plan Rows": 1, "Plan Width": 97, "Plans": [{"Node Type": "Hash Join", "Parent Relationship": "Outer", "Join Type": "Inner", "Startup Cost": 336662.4, "Total Cost": 526952.8, "Plan Rows": 357098, "Plan Width": 33, "Inner Unique": true, "Hash Cond": "(mc.company_id = cn.id), (LLVM Optimized)", "Plans": [{"Node Type": "Hash Join", "Parent Relationship": "Outer", "Join Type": "Inner", "Startup Cost": 329694.33, "Total Cost": 513689.03, "Plan Rows": 726589, "Plan Width": 37, "Inner Unique": false, "Hash Cond": "(ci.movie_id = t.id), (LLVM Optimized)", "Plans": [{"Node Type": "Streaming(type: LOCAL GATHER dop: 1/64)", "Parent Relationship": "Outer", "Startup Cost": 254738.78, "Total Cost": 417857.9, "Plan Rows": 1484588, "Plan Width": 20, "Plans": [{"Node Type": "Hash Join", "Parent Relationship": "Outer", "Join Type": "Inner", "Startup Cost": 254738.78, "Total Cost": 387231.02, "Plan Rows": 1484588, "Plan Width": 20, "Inner Unique": false, "Hash Cond": "(a1.person_id = ci.person_id), (LLVM Optimized)", "Plans": [{"Node Type": "Streaming(type: LOCAL REDISTRIBUTE dop: 64/1)", "Parent Relationship": "Outer", "Startup Cost": 202522.7, "Total Cost": 334446.0, "Plan Rows": 901342, "Plan Width": 24, "Plans": [{"Node Type": "Hash Join", "Parent Relationship": "Outer", "Join Type": "Inner", "Startup Cost": 202522.7, "Total Cost": 234824.58, "Plan Rows": 901342, "Plan Width": 24, "Inner Unique": true, "Hash Cond": "(a1.person_id = n1.id), (LLVM Optimized)", "Plans": [{"Node Type": "Seq Scan", "Parent Relationship": "Outer", "Relation Name": "aka_name", "Alias": "a1", "Startup Cost": 0.0, "Total Cost": 19908.42, "Plan Rows": 901342, "Plan Width": 20}, {"Node Type": "Hash", "Parent Relationship": "Inner", "Startup Cost": 150429.08, "Total Cost": 150429.08, "Plan Rows": 4167490, "Plan Width": 4, "Plans": [{"Node Type": "Streaming(type: LOCAL GATHER dop: 1/64)", "Parent Relationship": "Outer", "Startup Cost": 0.0, "Total Cost": 150429.08, "Plan Rows": 4167490, "Plan Width": 4, "Plans": [{"Node Type": "Seq Scan", "Parent Relationship": "Outer", "Relation Name": "name", "Alias": "n1", "Startup Cost": 0.0, "Total Cost": 64454.25, "Plan Rows": 4167490, "Plan Width": 4}]}]}]}]}, {"Node Type": "Hash", "Parent Relationship": "Inner", "Startup Cost": 203464.29, "Total Cost": 203464.29, "Plan Rows": 3296318, "Plan Width": 8, "Plans": [{"Node Type": "Streaming(type: LOCAL REDISTRIBUTE dop: 64/64)", "Parent Relationship": "Outer", "Startup Cost": 63002.48, "Total Cost": 203464.29, "Plan Rows": 3296318, "Plan Width": 8, "Plans": [{"Node Type": "Hash Join", "Parent Relationship": "Outer", "Join Type": "Inner", "Startup Cost": 63002.48, "Total Cost": 137341.8, "Plan Rows": 3296318, "Plan Width": 8, "Inner Unique": true, "Hash Cond": "(ci.role_id = rt.id), (LLVM Optimized)", "Plans": [{"Node Type": "Seq Scan", "Parent Relationship": "Outer", "Relation Name": "cast_info", "Alias": "ci", "Startup Cost": 0.0, "Total Cost": 72404.34, "Plan Rows": 36259494, "Plan Width": 12}, {"Node Type": "Hash", "Parent Relationship": "Inner", "Startup Cost": 63002.47, "Total Cost": 63002.47, "Plan Rows": 64, "Plan Width": 4, "Plans": [{"Node Type": "Streaming(type: BROADCAST dop: 64/1)", "Parent Relationship": "Outer", "Startup Cost": 0.0, "Total Cost": 63002.47, "Plan Rows": 64, "Plan Width": 4, "Plans": [{"Node Type": "Seq Scan", "Parent Relationship": "Outer", "Relation Name": "role_type", "Alias": "rt", "Startup Cost": 0.0, "Total Cost": 1.15, "Plan Rows": 1, "Plan Width": 4, "Filter": "((role)::text = 'writer'::text)"}]}]}]}]}]}]}]}, {"Node Type": "Hash", "Parent Relationship": "Inner", "Startup Cost": 169365.79, "Total Cost": 169365.79, "Plan Rows": 2609128, "Plan Width": 29, "Plans": [{"Node Type": "Hash Join", "Parent Relationship": "Outer", "Join Type": "Inner", "Startup Cost": 91673.0, "Total Cost": 169365.79, "Plan Rows": 2609128, "Plan Width": 29, "Inner Unique": true, "Hash Cond": "(mc.movie_id = t.id), (LLVM Optimized)", "Plans": [{"Node Type": "Seq Scan", "Parent Relationship": "Outer", "Relation Name": "movie_companies", "Alias": "mc", "Startup Cost": 0.0, "Total Cost": 41817.28, "Plan Rows": 2609128, "Plan Width": 8}, {"Node Type": "Hash", "Parent Relationship": "Inner", "Startup Cost": 60069.11, "Total Cost": 60069.11, "Plan Rows": 2528311, "Plan Width": 21, "Plans": [{"Node Type": "Seq Scan", "Parent Relationship": "Outer", "Relation Name": "title", "Alias": "t", "Startup Cost": 0.0, "Total Cost": 60069.11, "Plan Rows": 2528311, "Plan Width": 21}]}]}]}]}, {"Node Type": "Hash", "Parent Relationship": "Inner", "Startup Cost": 5903.45, "Total Cost": 5903.45, "Plan Rows": 85170, "Plan Width": 4, "Plans": [{"Node Type": "Seq Scan", "Parent Relationship": "Outer", "Relation Name": "company_name", "Alias": "cn", "Startup Cost": 0.0, "Total Cost": 5903.45, "Plan Rows": 85170, "Plan Width": 4, "Filter": "((country_code)::text = '[us]'::text)"}]}]}]}, "Unique SQL Id": 2457761703, "Planner Runtime": 164}, "explain_analyze_plan": {"Plan": {"Node Type": "Aggregate", "Strategy": "Plain", "Startup Cost": 528738.29, "Total Cost": 528738.3, "Plan Rows": 1, "Plan Width": 97, "Actual Min Startup Time": 10653.339, "Actual Max Startup Time": 10653.339, "Actual Min Total Time": 10653.34, "Actual Max Total Time": 10653.34, "Plans": [{"Node Type": "Hash Join", "Parent Relationship": "Outer", "Join Type": "Inner", "Startup Cost": 336662.4, "Total Cost": 526952.8, "Plan Rows": 357098, "Plan Width": 33, "Actual Min Startup Time": 5045.785, "Actual Max Startup Time": 5045.785, "Actual Min Total Time": 9470.761, "Actual Max Total Time": 9470.761, "Inner Unique": true, "Hash Cond": "(mc.company_id = cn.id), (LLVM Optimized, Jit Execute)", "Plans": [{"Node Type": "Hash Join", "Parent Relationship": "Outer", "Join Type": "Inner", "Startup Cost": 329694.33, "Total Cost": 513689.03, "Plan Rows": 726589, "Plan Width": 37, "Actual Min Startup Time": 4932.473, "Actual Max Startup Time": 4932.473, "Actual Min Total Time": 8014.504, "Actual Max Total Time": 8014.504, "Inner Unique": false, "Hash Cond": "(ci.movie_id = t.id), (LLVM Optimized, Jit Execute)", "Plans": [{"Node Type": "Streaming(type: LOCAL GATHER dop: 1/64)", "Parent Relationship": "Outer", "Startup Cost": 254738.78, "Total Cost": 417857.9, "Plan Rows": 1484588, "Plan Width": 20, "Actual Min Startup Time": 0.149, "Actual Max Startup Time": 0.149, "Actual Min Total Time": 1136.935, "Actual Max Total Time": 1136.935, "Plans": [{"Node Type": "Hash Join", "Parent Relationship": "Outer", "Join Type": "Inner", "Startup Cost": 254738.78, "Total Cost": 387231.02, "Plan Rows": 1484588, "Plan Width": 20, "Actual Min Startup Time": 2400.847, "Actual Max Startup Time": 4561.54, "Actual Min Total Time": 6405.607, "Actual Max Total Time": 9204.271, "Inner Unique": false, "Hash Cond": "(a1.person_id = ci.person_id), (LLVM Optimized, Jit Execute)", "Plans": [{"Node Type": "Streaming(type: LOCAL REDISTRIBUTE dop: 64/1)", "Parent Relationship": "Outer", "Startup Cost": 202522.7, "Total Cost": 334446.0, "Plan Rows": 901342, "Plan Width": 24, "Actual Min Startup Time": 2082.179, "Actual Max Startup Time": 4189.143, "Actual Min Total Time": 5973.318, "Actual Max Total Time": 8689.53, "Plans": [{"Node Type": "Hash Join", "Parent Relationship": "Outer", "Join Type": "Inner", "Startup Cost": 202522.7, "Total Cost": 234824.58, "Plan Rows": 901342, "Plan Width": 24, "Actual Min Startup Time": 2391.386, "Actual Max Startup Time": 2391.386, "Actual Min Total Time": 3134.379, "Actual Max Total Time": 3134.379, "Inner Unique": true, "Hash Cond": "(a1.person_id = n1.id), (LLVM Optimized, Jit Execute)", "Plans": [{"Node Type": "Seq Scan", "Parent Relationship": "Outer", "Relation Name": "aka_name", "Alias": "a1", "Startup Cost": 0.0, "Total Cost": 19908.42, "Plan Rows": 901342, "Plan Width": 20, "Actual Min Startup Time": 0.031, "Actual Max Startup Time": 0.031, "Actual Min Total Time": 226.0, "Actual Max Total Time": 226.0, "Actual Rows": 901342}, {"Node Type": "Hash", "Parent Relationship": "Inner", "Startup Cost": 150429.08, "Total Cost": 150429.08, "Plan Rows": 4167490, "Plan Width": 4, "Actual Min Startup Time": 2388.72, "Actual Max Startup Time": 2388.72, "Actual Min Total Time": 2388.72, "Actual Max Total Time": 2388.72, "Max Hash Buckets": 4194304, "Min Hash Buckets": 4194304, "Max Hash Batches": 1, "Min Hash Batches": 1, "Max Original Hash Batches": 1, "Min Original Hash Batches": 1, "Max Peak Memory Usage": 146514, "min Peak Memory Usage": 146514, "Plans": [{"Node Type": "Streaming(type: LOCAL GATHER dop: 1/64)", "Parent Relationship": "Outer", "Startup Cost": 0.0, "Total Cost": 150429.08, "Plan Rows": 4167490, "Plan Width": 4, "Actual Min Startup Time": 0.144, "Actual Max Startup Time": 0.144, "Actual Min Total Time": 1203.473, "Actual Max Total Time": 1203.473, "Plans": [{"Node Type": "Seq Scan", "Parent Relationship": "Outer", "Relation Name": "name", "Alias": "n1", "Startup Cost": 0.0, "Total Cost": 64454.25, "Plan Rows": 4167490, "Plan Width": 4, "Actual Min Startup Time": 0.019, "Actual Max Startup Time": 0.041, "Actual Min Total Time": 18.918, "Actual Max Total Time": 22.367, "Actual Rows": 4167490}], "Actual Rows": 4167490}], "Actual Rows": 4167490}], "Actual Rows": 901342}], "Actual Rows": 901342}, {"Node Type": "Hash", "Parent Relationship": "Inner", "Startup Cost": 203464.29, "Total Cost": 203464.29, "Plan Rows": 3296318, "Plan Width": 8, "Actual Min Startup Time": 314.974, "Actual Max Startup Time": 620.859, "Actual Min Total Time": 314.974, "Actual Max Total Time": 620.859, "Max Hash Buckets": 65536, "Min Hash Buckets": 65536, "Max Hash Batches": 1, "Min Hash Batches": 1, "Max Original Hash Batches": 1, "Min Original Hash Batches": 1, "Max Peak Memory Usage": 1483, "min Peak Memory Usage": 1483, "Plans": [{"Node Type": "Streaming(type: LOCAL REDISTRIBUTE dop: 64/64)", "Parent Relationship": "Outer", "Startup Cost": 63002.48, "Total Cost": 203464.29, "Plan Rows": 3296318, "Plan Width": 8, "Actual Min Startup Time": 0.106, "Actual Max Startup Time": 297.598, "Actual Min Total Time": 304.117, "Actual Max Total Time": 610.951, "Plans": [{"Node Type": "Hash Join", "Parent Relationship": "Outer", "Join Type": "Inner", "Startup Cost": 63002.48, "Total Cost": 137341.8, "Plan Rows": 3296318, "Plan Width": 8, "Actual Min Startup Time": 151.808, "Actual Max Startup Time": 321.453, "Actual Min Total Time": 242.856, "Actual Max Total Time": 411.34, "Inner Unique": true, "Hash Cond": "(ci.role_id = rt.id), (LLVM Optimized, Jit Execute)", "Plans": [{"Node Type": "Seq Scan", "Parent Relationship": "Outer", "Relation Name": "cast_info", "Alias": "ci", "Startup Cost": 0.0, "Total Cost": 72404.34, "Plan Rows": 36259494, "Plan Width": 12, "Actual Min Startup Time": 0.025, "Actual Max Startup Time": 9.439, "Actual Min Total Time": 127.377, "Actual Max Total Time": 144.233, "Actual Rows": 36244343}, {"Node Type": "Hash", "Parent Relationship": "Inner", "Startup Cost": 63002.47, "Total Cost": 63002.47, "Plan Rows": 64, "Plan Width": 4, "Actual Min Startup Time": 0.011, "Actual Max Startup Time": 159.839, "Actual Min Total Time": 0.011, "Actual Max Total Time": 159.839, "Max Hash Buckets": 32768, "Min Hash Buckets": 32768, "Max Hash Batches": 1, "Min Hash Batches": 1, "Max Original Hash Batches": 1, "Min Original Hash Batches": 1, "Max Peak Memory Usage": 1, "min Peak Memory Usage": 1, "Plans": [{"Node Type": "Streaming(type: BROADCAST dop: 64/1)", "Parent Relationship": "Outer", "Startup Cost": 0.0, "Total Cost": 63002.47, "Plan Rows": 64, "Plan Width": 4, "Actual Min Startup Time": 0.003, "Actual Max Startup Time": 159.19, "Actual Min Total Time": 0.003, "Actual Max Total Time": 159.194, "Plans": [{"Node Type": "Seq Scan", "Parent Relationship": "Outer", "Relation Name": "role_type", "Alias": "rt", "Startup Cost": 0.0, "Total Cost": 1.15, "Plan Rows": 1, "Plan Width": 4, "Actual Min Startup Time": 0.04, "Actual Max Startup Time": 0.04, "Actual Min Total Time": 0.044, "Actual Max Total Time": 0.044, "Filter": "((role)::text = 'writer'::text)", "Rows Removed by Filter": 11, "Actual Rows": 1}], "Actual Rows": 64}], "Actual Rows": 64}], "Actual Rows": 2728943}], "Actual Rows": 2728943}], "Actual Rows": 2728943}], "Actual Rows": 2343724}], "Actual Rows": 2343724}, {"Node Type": "Hash", "Parent Relationship": "Inner", "Startup Cost": 169365.79, "Total Cost": 169365.79, "Plan Rows": 2609128, "Plan Width": 29, "Actual Min Startup Time": 4926.029, "Actual Max Startup Time": 4926.029, "Actual Min Total Time": 4926.029, "Actual Max Total Time": 4926.029, "Max Hash Buckets": 4194304, "Min Hash Buckets": 4194304, "Max Hash Batches": 1, "Min Hash Batches": 1, "Max Original Hash Batches": 1, "Min Original Hash Batches": 1, "Max Peak Memory Usage": 164769, "min Peak Memory Usage": 164769, "Plans": [{"Node Type": "Hash Join", "Parent Relationship": "Outer", "Join Type": "Inner", "Startup Cost": 91673.0, "Total Cost": 169365.79, "Plan Rows": 2609128, "Plan Width": 29, "Actual Min Startup Time": 1869.664, "Actual Max Startup Time": 1869.664, "Actual Min Total Time": 3974.511, "Actual Max Total Time": 3974.511, "Inner Unique": true, "Hash Cond": "(mc.movie_id = t.id), (LLVM Optimized, Jit Execute)", "Plans": [{"Node Type": "Seq Scan", "Parent Relationship": "Outer", "Relation Name": "movie_companies", "Alias": "mc", "Startup Cost": 0.0, "Total Cost": 41817.28, "Plan Rows": 2609128, "Plan Width": 8, "Actual Min Startup Time": 0.034, "Actual Max Startup Time": 0.034, "Actual Min Total Time": 573.13, "Actual Max Total Time": 573.13, "Actual Rows": 2609128}, {"Node Type": "Hash", "Parent Relationship": "Inner", "Startup Cost": 60069.11, "Total Cost": 60069.11, "Plan Rows": 2528311, "Plan Width": 21, "Actual Min Startup Time": 1867.154, "Actual Max Startup Time": 1867.154, "Actual Min Total Time": 1867.154, "Actual Max Total Time": 1867.154, "Max Hash Buckets": 4194304, "Min Hash Buckets": 4194304, "Max Hash Batches": 1, "Min Hash Batches": 1, "Max Original Hash Batches": 1, "Min Original Hash Batches": 1, "Max Peak Memory Usage": 135869, "min Peak Memory Usage": 135869, "Plans": [{"Node Type": "Seq Scan", "Parent Relationship": "Outer", "Relation Name": "title", "Alias": "t", "Startup Cost": 0.0, "Total Cost": 60069.11, "Plan Rows": 2528311, "Plan Width": 21, "Actual Min Startup Time": 0.025, "Actual Max Startup Time": 0.025, "Actual Min Total Time": 832.832, "Actual Max Total Time": 832.832, "Actual Rows": 2528311}], "Actual Rows": 2528311}], "Actual Rows": 2609128}], "Actual Rows": 2609128}], "Actual Rows": 4961427}, {"Node Type": "Hash", "Parent Relationship": "Inner", "Startup Cost": 5903.45, "Total Cost": 5903.45, "Plan Rows": 85170, "Plan Width": 4, "Actual Min Startup Time": 113.153, "Actual Max Startup Time": 113.153, "Actual Min Total Time": 113.153, "Actual Max Total Time": 113.153, "Max Hash Buckets": 131072, "Min Hash Buckets": 131072, "Max Hash Batches": 1, "Min Hash Batches": 1, "Max Original Hash Batches": 1, "Min Original Hash Batches": 1, "Max Peak Memory Usage": 2983, "min Peak Memory Usage": 2983, "Plans": [{"Node Type": "Seq Scan", "Parent Relationship": "Outer", "Relation Name": "company_name", "Alias": "cn", "Startup Cost": 0.0, "Total Cost": 5903.45, "Plan Rows": 85170, "Plan Width": 4, "Actual Min Startup Time": 0.07, "Actual Max Startup Time": 0.07, "Actual Min Total Time": 89.97, "Actual Max Total Time": 89.97, "Filter": "((country_code)::text = '[us]'::text)", "Rows Removed by Filter": 150153, "Actual Rows": 84843}], "Actual Rows": 84843}], "Actual Rows": 2487611}], "Actual Rows": 1}, "Triggers": [], "Planner Runtime": 172, "Total Runtime": 10708.533, "Unique SQL Id": 2457761703}}, "(64, 69)": {"explain_plan": {"Plan": {"Node Type": "Aggregate", "Strategy": "Plain", "Startup Cost": 744774.62, "Total Cost": 744774.63, "Plan Rows": 1, "Plan Width": 97, "Plans": [{"Node Type": "Nested Loop", "Parent Relationship": "Outer", "Join Type": "Inner", "Startup Cost": 571103.99, "Total Cost": 742989.13, "Plan Rows": 357098, "Plan Width": 33, "Inner Unique": true, "Join Filter": "(a1.person_id = n1.id), (LLVM Optimized)", "Plans": [{"Node Type": "Merge Join", "Parent Relationship": "Outer", "Join Type": "Inner", "Startup Cost": 571103.99, "Total Cost": 639470.48, "Plan Rows": 357098, "Plan Width": 41, "Inner Unique": false, "Merge Cond": "(a1.person_id = ci.person_id)", "Plans": [{"Node Type": "Index Scan", "Parent Relationship": "Outer", "Scan Direction": "Forward", "Index Name": "person_id_aka_name", "Relation Name": "aka_name", "Alias": "a1", "Startup Cost": 0.0, "Total Cost": 68965.03, "Plan Rows": 901342, "Plan Width": 20}, {"Node Type": "Sort", "Parent Relationship": "Inner", "Startup Cost": 571103.92, "Total Cost": 572880.07, "Plan Rows": 710459, "Plan Width": 21, "Sort Key": ["ci.person_id"], "Plans": [{"Node Type": "Hash Join", "Parent Relationship": "Outer", "Join Type": "Inner", "Startup Cost": 301568.43, "Total Cost": 502053.02, "Plan Rows": 710459, "Plan Width": 21, "Inner Unique": false, "Hash Cond": "(ci.movie_id = t.id), (LLVM Optimized)", "Plans": [{"Node Type": "Nested Loop", "Parent Relationship": "Outer", "Join Type": "Inner", "Startup Cost": 0.0, "Total Cost": 171418.25, "Plan Rows": 3296318, "Plan Width": 8, "Inner Unique": false, "Plans": [{"Node Type": "Index Scan", "Parent Relationship": "Outer", "Scan Direction": "Forward", "Index Name": "role_type_pkey", "Relation Name": "role_type", "Alias": "rt", "Startup Cost": 0.0, "Total Cost": 12.46, "Plan Rows": 1, "Plan Width": 4, "Filter": "((role)::text = 'writer'::text)"}, {"Node Type": "Index Scan", "Parent Relationship": "Inner", "Scan Direction": "Forward", "Index Name": "role_id_cast_info", "Relation Name": "cast_info", "Alias": "ci", "Startup Cost": 0.0, "Total Cost": 138442.61, "Plan Rows": 3296318, "Plan Width": 12, "Index Cond": "(role_id = rt.id), (LLVM Optimized)"}]}, {"Node Type": "Hash", "Parent Relationship": "Inner", "Startup Cost": 285539.54, "Total Cost": 285539.54, "Plan Rows": 1282311, "Plan Width": 25, "Plans": [{"Node Type": "Hash Join", "Parent Relationship": "Outer", "Join Type": "Inner", "Startup Cost": 203483.15, "Total Cost": 285539.54, "Plan Rows": 1282311, "Plan Width": 25, "Inner Unique": true, "Hash Cond": "(mc.movie_id = t.id), (LLVM Optimized)", "Plans": [{"Node Type": "Hash Join", "Parent Relationship": "Outer", "Join Type": "Inner", "Startup Cost": 61758.77, "Total Cost": 126183.39, "Plan Rows": 1282311, "Plan Width": 4, "Inner Unique": true, "Hash Cond": "(mc.company_id = cn.id), (LLVM Optimized)", "Plans": [{"Node Type": "Bitmap Heap Scan", "Parent Relationship": "Outer", "Relation Name": "movie_companies", "Alias": "mc", "Startup Cost": 51990.17, "Total Cost": 93807.45, "Plan Rows": 2609128, "Plan Width": 8, "Plans": [{"Node Type": "Bitmap Index Scan", "Parent Relationship": "Outer", "Index Name": "movie_id_movie_companies", "Startup Cost": 0.0, "Total Cost": 51337.89, "Plan Rows": 2609128, "Plan Width": 0}]}, {"Node Type": "Hash", "Parent Relationship": "Inner", "Startup Cost": 8703.97, "Total Cost": 8703.97, "Plan Rows": 85170, "Plan Width": 4, "Plans": [{"Node Type": "Bitmap Heap Scan", "Parent Relationship": "Outer", "Relation Name": "company_name", "Alias": "cn", "Startup Cost": 2800.52, "Total Cost": 8703.97, "Plan Rows": 85170, "Plan Width": 4, "Filter": "((country_code)::text = '[us]'::text)", "Plans": [{"Node Type": "Bitmap Index Scan", "Parent Relationship": "Outer", "Index Name": "company_name_pkey", "Startup Cost": 0.0, "Total Cost": 2779.23, "Plan Rows": 234996, "Plan Width": 0}]}]}]}, {"Node Type": "Hash", "Parent Relationship": "Inner", "Startup Cost": 110120.49, "Total Cost": 110120.49, "Plan Rows": 2528311, "Plan Width": 21, "Plans": [{"Node Type": "Index Scan", "Parent Relationship": "Outer", "Scan Direction": "Forward", "Index Name": "title_pkey", "Relation Name": "title", "Alias": "t", "Startup Cost": 0.0, "Total Cost": 110120.49, "Plan Rows": 2528311, "Plan Width": 21}]}]}]}]}]}]}, {"Node Type": "Index Scan", "Parent Relationship": "Inner", "Scan Direction": "Forward", "Index Name": "name_pkey", "Relation Name": "name", "Alias": "n1", "Startup Cost": 0.0, "Total Cost": 0.28, "Plan Rows": 1, "Plan Width": 4, "Index Cond": "(id = ci.person_id)"}]}]}, "Unique SQL Id": 2457761703, "Planner Runtime": 144}, "explain_analyze_plan": null}, "(64, 70)": {"explain_plan": {"Plan": {"Node Type": "Aggregate", "Strategy": "Plain", "Startup Cost": 528738.29, "Total Cost": 528738.3, "Plan Rows": 1, "Plan Width": 97, "Plans": [{"Node Type": "Hash Join", "Parent Relationship": "Outer", "Join Type": "Inner", "Startup Cost": 336662.4, "Total Cost": 526952.8, "Plan Rows": 357098, "Plan Width": 33, "Inner Unique": true, "Hash Cond": "(mc.company_id = cn.id), (LLVM Optimized)", "Plans": [{"Node Type": "Hash Join", "Parent Relationship": "Outer", "Join Type": "Inner", "Startup Cost": 329694.33, "Total Cost": 513689.03, "Plan Rows": 726589, "Plan Width": 37, "Inner Unique": false, "Hash Cond": "(ci.movie_id = t.id), (LLVM Optimized)", "Plans": [{"Node Type": "Streaming(type: LOCAL GATHER dop: 1/64)", "Parent Relationship": "Outer", "Startup Cost": 254738.78, "Total Cost": 417857.9, "Plan Rows": 1484588, "Plan Width": 20, "Plans": [{"Node Type": "Hash Join", "Parent Relationship": "Outer", "Join Type": "Inner", "Startup Cost": 254738.78, "Total Cost": 387231.02, "Plan Rows": 1484588, "Plan Width": 20, "Inner Unique": false, "Hash Cond": "(a1.person_id = ci.person_id), (LLVM Optimized)", "Plans": [{"Node Type": "Streaming(type: LOCAL REDISTRIBUTE dop: 64/1)", "Parent Relationship": "Outer", "Startup Cost": 202522.7, "Total Cost": 334446.0, "Plan Rows": 901342, "Plan Width": 24, "Plans": [{"Node Type": "Hash Join", "Parent Relationship": "Outer", "Join Type": "Inner", "Startup Cost": 202522.7, "Total Cost": 234824.58, "Plan Rows": 901342, "Plan Width": 24, "Inner Unique": true, "Hash Cond": "(a1.person_id = n1.id), (LLVM Optimized)", "Plans": [{"Node Type": "Seq Scan", "Parent Relationship": "Outer", "Relation Name": "aka_name", "Alias": "a1", "Startup Cost": 0.0, "Total Cost": 19908.42, "Plan Rows": 901342, "Plan Width": 20}, {"Node Type": "Hash", "Parent Relationship": "Inner", "Startup Cost": 150429.08, "Total Cost": 150429.08, "Plan Rows": 4167490, "Plan Width": 4, "Plans": [{"Node Type": "Streaming(type: LOCAL GATHER dop: 1/64)", "Parent Relationship": "Outer", "Startup Cost": 0.0, "Total Cost": 150429.08, "Plan Rows": 4167490, "Plan Width": 4, "Plans": [{"Node Type": "Seq Scan", "Parent Relationship": "Outer", "Relation Name": "name", "Alias": "n1", "Startup Cost": 0.0, "Total Cost": 64454.25, "Plan Rows": 4167490, "Plan Width": 4}]}]}]}]}, {"Node Type": "Hash", "Parent Relationship": "Inner", "Startup Cost": 203464.29, "Total Cost": 203464.29, "Plan Rows": 3296318, "Plan Width": 8, "Plans": [{"Node Type": "Streaming(type: LOCAL REDISTRIBUTE dop: 64/64)", "Parent Relationship": "Outer", "Startup Cost": 63002.48, "Total Cost": 203464.29, "Plan Rows": 3296318, "Plan Width": 8, "Plans": [{"Node Type": "Hash Join", "Parent Relationship": "Outer", "Join Type": "Inner", "Startup Cost": 63002.48, "Total Cost": 137341.8, "Plan Rows": 3296318, "Plan Width": 8, "Inner Unique": true, "Hash Cond": "(ci.role_id = rt.id), (LLVM Optimized)", "Plans": [{"Node Type": "Seq Scan", "Parent Relationship": "Outer", "Relation Name": "cast_info", "Alias": "ci", "Startup Cost": 0.0, "Total Cost": 72404.34, "Plan Rows": 36259494, "Plan Width": 12}, {"Node Type": "Hash", "Parent Relationship": "Inner", "Startup Cost": 63002.47, "Total Cost": 63002.47, "Plan Rows": 64, "Plan Width": 4, "Plans": [{"Node Type": "Streaming(type: BROADCAST dop: 64/1)", "Parent Relationship": "Outer", "Startup Cost": 0.0, "Total Cost": 63002.47, "Plan Rows": 64, "Plan Width": 4, "Plans": [{"Node Type": "Seq Scan", "Parent Relationship": "Outer", "Relation Name": "role_type", "Alias": "rt", "Startup Cost": 0.0, "Total Cost": 1.15, "Plan Rows": 1, "Plan Width": 4, "Filter": "((role)::text = 'writer'::text)"}]}]}]}]}]}]}]}, {"Node Type": "Hash", "Parent Relationship": "Inner", "Startup Cost": 169365.79, "Total Cost": 169365.79, "Plan Rows": 2609128, "Plan Width": 29, "Plans": [{"Node Type": "Hash Join", "Parent Relationship": "Outer", "Join Type": "Inner", "Startup Cost": 91673.0, "Total Cost": 169365.79, "Plan Rows": 2609128, "Plan Width": 29, "Inner Unique": true, "Hash Cond": "(mc.movie_id = t.id), (LLVM Optimized)", "Plans": [{"Node Type": "Seq Scan", "Parent Relationship": "Outer", "Relation Name": "movie_companies", "Alias": "mc", "Startup Cost": 0.0, "Total Cost": 41817.28, "Plan Rows": 2609128, "Plan Width": 8}, {"Node Type": "Hash", "Parent Relationship": "Inner", "Startup Cost": 60069.11, "Total Cost": 60069.11, "Plan Rows": 2528311, "Plan Width": 21, "Plans": [{"Node Type": "Seq Scan", "Parent Relationship": "Outer", "Relation Name": "title", "Alias": "t", "Startup Cost": 0.0, "Total Cost": 60069.11, "Plan Rows": 2528311, "Plan Width": 21}]}]}]}]}, {"Node Type": "Hash", "Parent Relationship": "Inner", "Startup Cost": 5903.45, "Total Cost": 5903.45, "Plan Rows": 85170, "Plan Width": 4, "Plans": [{"Node Type": "Seq Scan", "Parent Relationship": "Outer", "Relation Name": "company_name", "Alias": "cn", "Startup Cost": 0.0, "Total Cost": 5903.45, "Plan Rows": 85170, "Plan Width": 4, "Filter": "((country_code)::text = '[us]'::text)"}]}]}]}, "Unique SQL Id": 2457761703, "Planner Runtime": 164}, "explain_analyze_plan": {"Plan": {"Node Type": "Aggregate", "Strategy": "Plain", "Startup Cost": 528738.29, "Total Cost": 528738.3, "Plan Rows": 1, "Plan Width": 97, "Actual Min Startup Time": 10653.339, "Actual Max Startup Time": 10653.339, "Actual Min Total Time": 10653.34, "Actual Max Total Time": 10653.34, "Plans": [{"Node Type": "Hash Join", "Parent Relationship": "Outer", "Join Type": "Inner", "Startup Cost": 336662.4, "Total Cost": 526952.8, "Plan Rows": 357098, "Plan Width": 33, "Actual Min Startup Time": 5045.785, "Actual Max Startup Time": 5045.785, "Actual Min Total Time": 9470.761, "Actual Max Total Time": 9470.761, "Inner Unique": true, "Hash Cond": "(mc.company_id = cn.id), (LLVM Optimized, Jit Execute)", "Plans": [{"Node Type": "Hash Join", "Parent Relationship": "Outer", "Join Type": "Inner", "Startup Cost": 329694.33, "Total Cost": 513689.03, "Plan Rows": 726589, "Plan Width": 37, "Actual Min Startup Time": 4932.473, "Actual Max Startup Time": 4932.473, "Actual Min Total Time": 8014.504, "Actual Max Total Time": 8014.504, "Inner Unique": false, "Hash Cond": "(ci.movie_id = t.id), (LLVM Optimized, Jit Execute)", "Plans": [{"Node Type": "Streaming(type: LOCAL GATHER dop: 1/64)", "Parent Relationship": "Outer", "Startup Cost": 254738.78, "Total Cost": 417857.9, "Plan Rows": 1484588, "Plan Width": 20, "Actual Min Startup Time": 0.149, "Actual Max Startup Time": 0.149, "Actual Min Total Time": 1136.935, "Actual Max Total Time": 1136.935, "Plans": [{"Node Type": "Hash Join", "Parent Relationship": "Outer", "Join Type": "Inner", "Startup Cost": 254738.78, "Total Cost": 387231.02, "Plan Rows": 1484588, "Plan Width": 20, "Actual Min Startup Time": 2400.847, "Actual Max Startup Time": 4561.54, "Actual Min Total Time": 6405.607, "Actual Max Total Time": 9204.271, "Inner Unique": false, "Hash Cond": "(a1.person_id = ci.person_id), (LLVM Optimized, Jit Execute)", "Plans": [{"Node Type": "Streaming(type: LOCAL REDISTRIBUTE dop: 64/1)", "Parent Relationship": "Outer", "Startup Cost": 202522.7, "Total Cost": 334446.0, "Plan Rows": 901342, "Plan Width": 24, "Actual Min Startup Time": 2082.179, "Actual Max Startup Time": 4189.143, "Actual Min Total Time": 5973.318, "Actual Max Total Time": 8689.53, "Plans": [{"Node Type": "Hash Join", "Parent Relationship": "Outer", "Join Type": "Inner", "Startup Cost": 202522.7, "Total Cost": 234824.58, "Plan Rows": 901342, "Plan Width": 24, "Actual Min Startup Time": 2391.386, "Actual Max Startup Time": 2391.386, "Actual Min Total Time": 3134.379, "Actual Max Total Time": 3134.379, "Inner Unique": true, "Hash Cond": "(a1.person_id = n1.id), (LLVM Optimized, Jit Execute)", "Plans": [{"Node Type": "Seq Scan", "Parent Relationship": "Outer", "Relation Name": "aka_name", "Alias": "a1", "Startup Cost": 0.0, "Total Cost": 19908.42, "Plan Rows": 901342, "Plan Width": 20, "Actual Min Startup Time": 0.031, "Actual Max Startup Time": 0.031, "Actual Min Total Time": 226.0, "Actual Max Total Time": 226.0, "Actual Rows": 901342}, {"Node Type": "Hash", "Parent Relationship": "Inner", "Startup Cost": 150429.08, "Total Cost": 150429.08, "Plan Rows": 4167490, "Plan Width": 4, "Actual Min Startup Time": 2388.72, "Actual Max Startup Time": 2388.72, "Actual Min Total Time": 2388.72, "Actual Max Total Time": 2388.72, "Max Hash Buckets": 4194304, "Min Hash Buckets": 4194304, "Max Hash Batches": 1, "Min Hash Batches": 1, "Max Original Hash Batches": 1, "Min Original Hash Batches": 1, "Max Peak Memory Usage": 146514, "min Peak Memory Usage": 146514, "Plans": [{"Node Type": "Streaming(type: LOCAL GATHER dop: 1/64)", "Parent Relationship": "Outer", "Startup Cost": 0.0, "Total Cost": 150429.08, "Plan Rows": 4167490, "Plan Width": 4, "Actual Min Startup Time": 0.144, "Actual Max Startup Time": 0.144, "Actual Min Total Time": 1203.473, "Actual Max Total Time": 1203.473, "Plans": [{"Node Type": "Seq Scan", "Parent Relationship": "Outer", "Relation Name": "name", "Alias": "n1", "Startup Cost": 0.0, "Total Cost": 64454.25, "Plan Rows": 4167490, "Plan Width": 4, "Actual Min Startup Time": 0.019, "Actual Max Startup Time": 0.041, "Actual Min Total Time": 18.918, "Actual Max Total Time": 22.367, "Actual Rows": 4167490}], "Actual Rows": 4167490}], "Actual Rows": 4167490}], "Actual Rows": 901342}], "Actual Rows": 901342}, {"Node Type": "Hash", "Parent Relationship": "Inner", "Startup Cost": 203464.29, "Total Cost": 203464.29, "Plan Rows": 3296318, "Plan Width": 8, "Actual Min Startup Time": 314.974, "Actual Max Startup Time": 620.859, "Actual Min Total Time": 314.974, "Actual Max Total Time": 620.859, "Max Hash Buckets": 65536, "Min Hash Buckets": 65536, "Max Hash Batches": 1, "Min Hash Batches": 1, "Max Original Hash Batches": 1, "Min Original Hash Batches": 1, "Max Peak Memory Usage": 1483, "min Peak Memory Usage": 1483, "Plans": [{"Node Type": "Streaming(type: LOCAL REDISTRIBUTE dop: 64/64)", "Parent Relationship": "Outer", "Startup Cost": 63002.48, "Total Cost": 203464.29, "Plan Rows": 3296318, "Plan Width": 8, "Actual Min Startup Time": 0.106, "Actual Max Startup Time": 297.598, "Actual Min Total Time": 304.117, "Actual Max Total Time": 610.951, "Plans": [{"Node Type": "Hash Join", "Parent Relationship": "Outer", "Join Type": "Inner", "Startup Cost": 63002.48, "Total Cost": 137341.8, "Plan Rows": 3296318, "Plan Width": 8, "Actual Min Startup Time": 151.808, "Actual Max Startup Time": 321.453, "Actual Min Total Time": 242.856, "Actual Max Total Time": 411.34, "Inner Unique": true, "Hash Cond": "(ci.role_id = rt.id), (LLVM Optimized, Jit Execute)", "Plans": [{"Node Type": "Seq Scan", "Parent Relationship": "Outer", "Relation Name": "cast_info", "Alias": "ci", "Startup Cost": 0.0, "Total Cost": 72404.34, "Plan Rows": 36259494, "Plan Width": 12, "Actual Min Startup Time": 0.025, "Actual Max Startup Time": 9.439, "Actual Min Total Time": 127.377, "Actual Max Total Time": 144.233, "Actual Rows": 36244343}, {"Node Type": "Hash", "Parent Relationship": "Inner", "Startup Cost": 63002.47, "Total Cost": 63002.47, "Plan Rows": 64, "Plan Width": 4, "Actual Min Startup Time": 0.011, "Actual Max Startup Time": 159.839, "Actual Min Total Time": 0.011, "Actual Max Total Time": 159.839, "Max Hash Buckets": 32768, "Min Hash Buckets": 32768, "Max Hash Batches": 1, "Min Hash Batches": 1, "Max Original Hash Batches": 1, "Min Original Hash Batches": 1, "Max Peak Memory Usage": 1, "min Peak Memory Usage": 1, "Plans": [{"Node Type": "Streaming(type: BROADCAST dop: 64/1)", "Parent Relationship": "Outer", "Startup Cost": 0.0, "Total Cost": 63002.47, "Plan Rows": 64, "Plan Width": 4, "Actual Min Startup Time": 0.003, "Actual Max Startup Time": 159.19, "Actual Min Total Time": 0.003, "Actual Max Total Time": 159.194, "Plans": [{"Node Type": "Seq Scan", "Parent Relationship": "Outer", "Relation Name": "role_type", "Alias": "rt", "Startup Cost": 0.0, "Total Cost": 1.15, "Plan Rows": 1, "Plan Width": 4, "Actual Min Startup Time": 0.04, "Actual Max Startup Time": 0.04, "Actual Min Total Time": 0.044, "Actual Max Total Time": 0.044, "Filter": "((role)::text = 'writer'::text)", "Rows Removed by Filter": 11, "Actual Rows": 1}], "Actual Rows": 64}], "Actual Rows": 64}], "Actual Rows": 2728943}], "Actual Rows": 2728943}], "Actual Rows": 2728943}], "Actual Rows": 2343724}], "Actual Rows": 2343724}, {"Node Type": "Hash", "Parent Relationship": "Inner", "Startup Cost": 169365.79, "Total Cost": 169365.79, "Plan Rows": 2609128, "Plan Width": 29, "Actual Min Startup Time": 4926.029, "Actual Max Startup Time": 4926.029, "Actual Min Total Time": 4926.029, "Actual Max Total Time": 4926.029, "Max Hash Buckets": 4194304, "Min Hash Buckets": 4194304, "Max Hash Batches": 1, "Min Hash Batches": 1, "Max Original Hash Batches": 1, "Min Original Hash Batches": 1, "Max Peak Memory Usage": 164769, "min Peak Memory Usage": 164769, "Plans": [{"Node Type": "Hash Join", "Parent Relationship": "Outer", "Join Type": "Inner", "Startup Cost": 91673.0, "Total Cost": 169365.79, "Plan Rows": 2609128, "Plan Width": 29, "Actual Min Startup Time": 1869.664, "Actual Max Startup Time": 1869.664, "Actual Min Total Time": 3974.511, "Actual Max Total Time": 3974.511, "Inner Unique": true, "Hash Cond": "(mc.movie_id = t.id), (LLVM Optimized, Jit Execute)", "Plans": [{"Node Type": "Seq Scan", "Parent Relationship": "Outer", "Relation Name": "movie_companies", "Alias": "mc", "Startup Cost": 0.0, "Total Cost": 41817.28, "Plan Rows": 2609128, "Plan Width": 8, "Actual Min Startup Time": 0.034, "Actual Max Startup Time": 0.034, "Actual Min Total Time": 573.13, "Actual Max Total Time": 573.13, "Actual Rows": 2609128}, {"Node Type": "Hash", "Parent Relationship": "Inner", "Startup Cost": 60069.11, "Total Cost": 60069.11, "Plan Rows": 2528311, "Plan Width": 21, "Actual Min Startup Time": 1867.154, "Actual Max Startup Time": 1867.154, "Actual Min Total Time": 1867.154, "Actual Max Total Time": 1867.154, "Max Hash Buckets": 4194304, "Min Hash Buckets": 4194304, "Max Hash Batches": 1, "Min Hash Batches": 1, "Max Original Hash Batches": 1, "Min Original Hash Batches": 1, "Max Peak Memory Usage": 135869, "min Peak Memory Usage": 135869, "Plans": [{"Node Type": "Seq Scan", "Parent Relationship": "Outer", "Relation Name": "title", "Alias": "t", "Startup Cost": 0.0, "Total Cost": 60069.11, "Plan Rows": 2528311, "Plan Width": 21, "Actual Min Startup Time": 0.025, "Actual Max Startup Time": 0.025, "Actual Min Total Time": 832.832, "Actual Max Total Time": 832.832, "Actual Rows": 2528311}], "Actual Rows": 2528311}], "Actual Rows": 2609128}], "Actual Rows": 2609128}], "Actual Rows": 4961427}, {"Node Type": "Hash", "Parent Relationship": "Inner", "Startup Cost": 5903.45, "Total Cost": 5903.45, "Plan Rows": 85170, "Plan Width": 4, "Actual Min Startup Time": 113.153, "Actual Max Startup Time": 113.153, "Actual Min Total Time": 113.153, "Actual Max Total Time": 113.153, "Max Hash Buckets": 131072, "Min Hash Buckets": 131072, "Max Hash Batches": 1, "Min Hash Batches": 1, "Max Original Hash Batches": 1, "Min Original Hash Batches": 1, "Max Peak Memory Usage": 2983, "min Peak Memory Usage": 2983, "Plans": [{"Node Type": "Seq Scan", "Parent Relationship": "Outer", "Relation Name": "company_name", "Alias": "cn", "Startup Cost": 0.0, "Total Cost": 5903.45, "Plan Rows": 85170, "Plan Width": 4, "Actual Min Startup Time": 0.07, "Actual Max Startup Time": 0.07, "Actual Min Total Time": 89.97, "Actual Max Total Time": 89.97, "Filter": "((country_code)::text = '[us]'::text)", "Rows Removed by Filter": 150153, "Actual Rows": 84843}], "Actual Rows": 84843}], "Actual Rows": 2487611}], "Actual Rows": 1}, "Triggers": [], "Planner Runtime": 172, "Total Runtime": 10708.533, "Unique SQL Id": 2457761703}}, "(64, 71)": {"explain_plan": {"Plan": {"Node Type": "Aggregate", "Strategy": "Plain", "Startup Cost": 1013578.73, "Total Cost": 1013578.74, "Plan Rows": 1, "Plan Width": 97, "Plans": [{"Node Type": "Hash Join", "Parent Relationship": "Outer", "Join Type": "Inner", "Startup Cost": 985285.55, "Total Cost": 1011793.24, "Plan Rows": 357098, "Plan Width": 33, "Inner Unique": false, "Hash Cond": "(a1.person_id = n1.id), (LLVM Optimized)", "Plans": [{"Node Type": "Bitmap Heap Scan", "Parent Relationship": "Outer", "Relation Name": "aka_name", "Alias": "a1", "Startup Cost": 16632.3, "Total Cost": 36540.72, "Plan Rows": 901342, "Plan Width": 20, "Plans": [{"Node Type": "Bitmap Index Scan", "Parent Relationship": "Outer", "Index Name": "person_id_aka_name", "Startup Cost": 0.0, "Total Cost": 16406.96, "Plan Rows": 901342, "Plan Width": 0}]}, {"Node Type": "Hash", "Parent Relationship": "Inner", "Startup Cost": 959772.51, "Total Cost": 959772.51, "Plan Rows": 710459, "Plan Width": 25, "Plans": [{"Node Type": "Hash Join", "Parent Relationship": "Outer", "Join Type": "Inner", "Startup Cost": 607483.06, "Total Cost": 959772.51, "Plan Rows": 710459, "Plan Width": 25, "Inner Unique": true, "Hash Cond": "(ci.person_id = n1.id), (LLVM Optimized)", "Plans": [{"Node Type": "Hash Join", "Parent Relationship": "Outer", "Join Type": "Inner", "Startup Cost": 378117.96, "Total Cost": 720638.61, "Plan Rows": 710459, "Plan Width": 21, "Inner Unique": false, "Hash Cond": "(ci.movie_id = t.id), (LLVM Optimized)", "Plans": [{"Node Type": "Nested Loop", "Parent Relationship": "Outer", "Join Type": "Inner", "Startup Cost": 76315.02, "Total Cost": 389769.33, "Plan Rows": 3296318, "Plan Width": 8, "Inner Unique": false, "Plans": [{"Node Type": "Bitmap Heap Scan", "Parent Relationship": "Outer", "Relation Name": "role_type", "Alias": "rt", "Startup Cost": 8.31, "Total Cost": 12.46, "Plan Rows": 1, "Plan Width": 4, "Filter": "((role)::text = 'writer'::text)", "Plans": [{"Node Type": "Bitmap Index Scan", "Parent Relationship": "Outer", "Index Name": "role_type_pkey", "Startup Cost": 0.0, "Total Cost": 8.31, "Plan Rows": 12, "Plan Width": 0}]}, {"Node Type": "Bitmap Heap Scan", "Parent Relationship": "Inner", "Relation Name": "cast_info", "Alias": "ci", "Startup Cost": 76306.71, "Total Cost": 356793.69, "Plan Rows": 3296318, "Plan Width": 12, "Recheck Cond": "(role_id = rt.id), (LLVM Optimized)", "Plans": [{"Node Type": "Bitmap Index Scan", "Parent Relationship": "Outer", "Index Name": "role_id_cast_info", "Startup Cost": 0.0, "Total Cost": 75482.63, "Plan Rows": 3296318, "Plan Width": 0, "Index Cond": "(role_id = rt.id)"}]}]}, {"Node Type": "Hash", "Parent Relationship": "Inner", "Startup Cost": 285774.05, "Total Cost": 285774.05, "Plan Rows": 1282311, "Plan Width": 25, "Plans": [{"Node Type": "Hash Join", "Parent Relationship": "Outer", "Join Type": "Inner", "Startup Cost": 203717.65, "Total Cost": 285774.05, "Plan Rows": 1282311, "Plan Width": 25, "Inner Unique": true, "Hash Cond": "(mc.movie_id = t.id), (LLVM Optimized)", "Plans": [{"Node Type": "Hash Join", "Parent Relationship": "Outer", "Join Type": "Inner", "Startup Cost": 61758.77, "Total Cost": 126183.39, "Plan Rows": 1282311, "Plan Width": 4, "Inner Unique": true, "Hash Cond": "(mc.company_id = cn.id), (LLVM Optimized)", "Plans": [{"Node Type": "Bitmap Heap Scan", "Parent Relationship": "Outer", "Relation Name": "movie_companies", "Alias": "mc", "Startup Cost": 51990.17, "Total Cost": 93807.45, "Plan Rows": 2609128, "Plan Width": 8, "Plans": [{"Node Type": "Bitmap Index Scan", "Parent Relationship": "Outer", "Index Name": "movie_id_movie_companies", "Startup Cost": 0.0, "Total Cost": 51337.89, "Plan Rows": 2609128, "Plan Width": 0}]}, {"Node Type": "Hash", "Parent Relationship": "Inner", "Startup Cost": 8703.97, "Total Cost": 8703.97, "Plan Rows": 85170, "Plan Width": 4, "Plans": [{"Node Type": "Bitmap Heap Scan", "Parent Relationship": "Outer", "Relation Name": "company_name", "Alias": "cn", "Startup Cost": 2800.52, "Total Cost": 8703.97, "Plan Rows": 85170, "Plan Width": 4, "Filter": "((country_code)::text = '[us]'::text)", "Plans": [{"Node Type": "Bitmap Index Scan", "Parent Relationship": "Outer", "Index Name": "company_name_pkey", "Startup Cost": 0.0, "Total Cost": 2779.23, "Plan Rows": 234996, "Plan Width": 0}]}]}]}, {"Node Type": "Hash", "Parent Relationship": "Inner", "Startup Cost": 110354.99, "Total Cost": 110354.99, "Plan Rows": 2528311, "Plan Width": 21, "Plans": [{"Node Type": "Bitmap Heap Scan", "Parent Relationship": "Outer", "Relation Name": "title", "Alias": "t", "Startup Cost": 50285.88, "Total Cost": 110354.99, "Plan Rows": 2528311, "Plan Width": 21, "Plans": [{"Node Type": "Bitmap Index Scan", "Parent Relationship": "Outer", "Index Name": "title_pkey", "Startup Cost": 0.0, "Total Cost": 49653.81, "Plan Rows": 2528311, "Plan Width": 0}]}]}]}]}]}, {"Node Type": "Hash", "Parent Relationship": "Inner", "Startup Cost": 177271.47, "Total Cost": 177271.47, "Plan Rows": 4167490, "Plan Width": 4, "Plans": [{"Node Type": "Bitmap Heap Scan", "Parent Relationship": "Outer", "Relation Name": "name", "Alias": "n1", "Startup Cost": 84199.57, "Total Cost": 177271.47, "Plan Rows": 4167490, "Plan Width": 4, "Plans": [{"Node Type": "Bitmap Index Scan", "Parent Relationship": "Outer", "Index Name": "name_pkey", "Startup Cost": 0.0, "Total Cost": 83157.7, "Plan Rows": 4167490, "Plan Width": 0}]}]}]}]}]}]}, "Unique SQL Id": 2457761703, "Planner Runtime": 72}, "explain_analyze_plan": {"Plan": {"Node Type": "Aggregate", "Strategy": "Plain", "Startup Cost": 1013578.73, "Total Cost": 1013578.74, "Plan Rows": 1, "Plan Width": 97, "Actual Startup Time": 16862.492, "Actual Total Time": 16862.492, "Actual Rows": 1, "Actual Loops": 1, "Plans": [{"Node Type": "Hash Join", "Parent Relationship": "Outer", "Join Type": "Inner", "Startup Cost": 985285.55, "Total Cost": 1011793.24, "Plan Rows": 357098, "Plan Width": 33, "Actual Startup Time": 14323.785, "Actual Total Time": 15724.573, "Actual Rows": 2487611, "Actual Loops": 1, "Inner Unique": false, "Hash Cond": "(a1.person_id = n1.id), (LLVM Optimized, Jit Execute)", "Plans": [{"Node Type": "Bitmap Heap Scan", "Parent Relationship": "Outer", "Relation Name": "aka_name", "Alias": "a1", "Startup Cost": 16632.3, "Total Cost": 36540.72, "Plan Rows": 901342, "Plan Width": 20, "Actual Startup Time": 102.848, "Actual Total Time": 449.182, "Actual Rows": 901342, "Actual Loops": 1, "Exact Heap Blocks": 10895, "Lossy Heap Blocks": 10895, "Plans": [{"Node Type": "Bitmap Index Scan", "Parent Relationship": "Outer", "Index Name": "person_id_aka_name", "Startup Cost": 0.0, "Total Cost": 16406.96, "Plan Rows": 901342, "Plan Width": 0, "Actual Startup Time": 100.9, "Actual Total Time": 100.9, "Actual Rows": 901342, "Actual Loops": 1}]}, {"Node Type": "Hash", "Parent Relationship": "Inner", "Startup Cost": 959772.51, "Total Cost": 959772.51, "Plan Rows": 710459, "Plan Width": 25, "Actual Startup Time": 14215.549, "Actual Total Time": 14215.549, "Actual Rows": 1970658, "Actual Loops": 1, "Hash Buckets": 1048576, "Hash Batches": 1, "Original Hash Batches": 1, "Peak Memory Usage": 112799, "Plans": [{"Node Type": "Hash Join", "Parent Relationship": "Outer", "Join Type": "Inner", "Startup Cost": 607483.06, "Total Cost": 959772.51, "Plan Rows": 710459, "Plan Width": 25, "Actual Startup Time": 10075.48, "Actual Total Time": 13607.521, "Actual Rows": 1970658, "Actual Loops": 1, "Inner Unique": true, "Hash Cond": "(ci.person_id = n1.id), (LLVM Optimized, Jit Execute)", "Plans": [{"Node Type": "Hash Join", "Parent Relationship": "Outer", "Join Type": "Inner", "Startup Cost": 378117.96, "Total Cost": 720638.61, "Plan Rows": 710459, "Plan Width": 21, "Actual Startup Time": 5761.347, "Actual Total Time": 8502.541, "Actual Rows": 1970658, "Actual Loops": 1, "Inner Unique": false, "Hash Cond": "(ci.movie_id = t.id), (LLVM Optimized, Jit Execute)", "Plans": [{"Node Type": "Nested Loop", "Parent Relationship": "Outer", "Join Type": "Inner", "Startup Cost": 76315.02, "Total Cost": 389769.33, "Plan Rows": 3296318, "Plan Width": 8, "Actual Startup Time": 304.881, "Actual Total Time": 1662.16, "Actual Rows": 2728943, "Actual Loops": 1, "Inner Unique": false, "Plans": [{"Node Type": "Bitmap Heap Scan", "Parent Relationship": "Outer", "Relation Name": "role_type", "Alias": "rt", "Startup Cost": 8.31, "Total Cost": 12.46, "Plan Rows": 1, "Plan Width": 4, "Actual Startup Time": 0.09, "Actual Total Time": 0.108, "Actual Rows": 1, "Actual Loops": 1, "Filter": "((role)::text = 'writer'::text)", "Rows Removed by Filter": 11, "Exact Heap Blocks": 1, "Lossy Heap Blocks": 1, "Plans": [{"Node Type": "Bitmap Index Scan", "Parent Relationship": "Outer", "Index Name": "role_type_pkey", "Startup Cost": 0.0, "Total Cost": 8.31, "Plan Rows": 12, "Plan Width": 0, "Actual Startup Time": 0.027, "Actual Total Time": 0.027, "Actual Rows": 12, "Actual Loops": 1}]}, {"Node Type": "Bitmap Heap Scan", "Parent Relationship": "Inner", "Relation Name": "cast_info", "Alias": "ci", "Startup Cost": 76306.71, "Total Cost": 356793.69, "Plan Rows": 3296318, "Plan Width": 12, "Actual Startup Time": 304.767, "Actual Total Time": 1172.992, "Actual Rows": 2728943, "Actual Loops": 1, "Recheck Cond": "(role_id = rt.id), (LLVM Optimized, Jit Execute)", "Rows Removed by Index Recheck": 0, "Exact Heap Blocks": 19177, "Lossy Heap Blocks": 19177, "Plans": [{"Node Type": "Bitmap Index Scan", "Parent Relationship": "Outer", "Index Name": "role_id_cast_info", "Startup Cost": 0.0, "Total Cost": 75482.63, "Plan Rows": 3296318, "Plan Width": 0, "Actual Startup Time": 300.404, "Actual Total Time": 300.404, "Actual Rows": 2728943, "Actual Loops": 1, "Index Cond": "(role_id = rt.id)"}]}]}, {"Node Type": "Hash", "Parent Relationship": "Inner", "Startup Cost": 285774.05, "Total Cost": 285774.05, "Plan Rows": 1282311, "Plan Width": 25, "Actual Startup Time": 5451.33, "Actual Total Time": 5451.33, "Actual Rows": 1153797, "Actual Loops": 1, "Hash Buckets": 2097152, "Hash Batches": 1, "Original Hash Batches": 1, "Peak Memory Usage": 68508, "Plans": [{"Node Type": "Hash Join", "Parent Relationship": "Outer", "Join Type": "Inner", "Startup Cost": 203717.65, "Total Cost": 285774.05, "Plan Rows": 1282311, "Plan Width": 25, "Actual Startup Time": 2726.056, "Actual Total Time": 5015.59, "Actual Rows": 1153797, "Actual Loops": 1, "Inner Unique": true, "Hash Cond": "(mc.movie_id = t.id), (LLVM Optimized, Jit Execute)", "Plans": [{"Node Type": "Hash Join", "Parent Relationship": "Outer", "Join Type": "Inner", "Startup Cost": 61758.77, "Total Cost": 126183.39, "Plan Rows": 1282311, "Plan Width": 4, "Actual Startup Time": 372.339, "Actual Total Time": 2018.516, "Actual Rows": 1153797, "Actual Loops": 1, "Inner Unique": true, "Hash Cond": "(mc.company_id = cn.id), (LLVM Optimized, Jit Execute)", "Plans": [{"Node Type": "Bitmap Heap Scan", "Parent Relationship": "Outer", "Relation Name": "movie_companies", "Alias": "mc", "Startup Cost": 51990.17, "Total Cost": 93807.45, "Plan Rows": 2609128, "Plan Width": 8, "Actual Startup Time": 216.154, "Actual Total Time": 1035.33, "Actual Rows": 2609128, "Actual Loops": 1, "Exact Heap Blocks": 15726, "Lossy Heap Blocks": 15726, "Plans": [{"Node Type": "Bitmap Index Scan", "Parent Relationship": "Outer", "Index Name": "movie_id_movie_companies", "Startup Cost": 0.0, "Total Cost": 51337.89, "Plan Rows": 2609128, "Plan Width": 0, "Actual Startup Time": 212.542, "Actual Total Time": 212.542, "Actual Rows": 2609128, "Actual Loops": 1}]}, {"Node Type": "Hash", "Parent Relationship": "Inner", "Startup Cost": 8703.97, "Total Cost": 8703.97, "Plan Rows": 85170, "Plan Width": 4, "Actual Startup Time": 156.063, "Actual Total Time": 156.063, "Actual Rows": 84843, "Actual Loops": 1, "Hash Buckets": 131072, "Hash Batches": 1, "Original Hash Batches": 1, "Peak Memory Usage": 2983, "Plans": [{"Node Type": "Bitmap Heap Scan", "Parent Relationship": "Outer", "Relation Name": "company_name", "Alias": "cn", "Startup Cost": 2800.52, "Total Cost": 8703.97, "Plan Rows": 85170, "Plan Width": 4, "Actual Startup Time": 20.847, "Actual Total Time": 133.286, "Actual Rows": 84843, "Actual Loops": 1, "Filter": "((country_code)::text = '[us]'::text)", "Rows Removed by Filter": 150153, "Exact Heap Blocks": 2966, "Lossy Heap Blocks": 2966, "Plans": [{"Node Type": "Bitmap Index Scan", "Parent Relationship": "Outer", "Index Name": "company_name_pkey", "Startup Cost": 0.0, "Total Cost": 2779.23, "Plan Rows": 234996, "Plan Width": 0, "Actual Startup Time": 20.364, "Actual Total Time": 20.364, "Actual Rows": 234996, "Actual Loops": 1}]}]}]}, {"Node Type": "Hash", "Parent Relationship": "Inner", "Startup Cost": 110354.99, "Total Cost": 110354.99, "Plan Rows": 2528311, "Plan Width": 21, "Actual Startup Time": 2351.141, "Actual Total Time": 2351.141, "Actual Rows": 2528311, "Actual Loops": 1, "Hash Buckets": 4194304, "Hash Batches": 1, "Original Hash Batches": 1, "Peak Memory Usage": 135869, "Plans": [{"Node Type": "Bitmap Heap Scan", "Parent Relationship": "Outer", "Relation Name": "title", "Alias": "t", "Startup Cost": 50285.88, "Total Cost": 110354.99, "Plan Rows": 2528311, "Plan Width": 21, "Actual Startup Time": 290.426, "Actual Total Time": 1476.245, "Actual Rows": 2528311, "Actual Loops": 1, "Exact Heap Blocks": 34786, "Lossy Heap Blocks": 34786, "Plans": [{"Node Type": "Bitmap Index Scan", "Parent Relationship": "Outer", "Index Name": "title_pkey", "Startup Cost": 0.0, "Total Cost": 49653.81, "Plan Rows": 2528311, "Plan Width": 0, "Actual Startup Time": 282.417, "Actual Total Time": 282.417, "Actual Rows": 2528311, "Actual Loops": 1}]}]}]}]}]}, {"Node Type": "Hash", "Parent Relationship": "Inner", "Startup Cost": 177271.47, "Total Cost": 177271.47, "Plan Rows": 4167490, "Plan Width": 4, "Actual Startup Time": 4311.571, "Actual Total Time": 4311.571, "Actual Rows": 4167490, "Actual Loops": 1, "Hash Buckets": 4194304, "Hash Batches": 1, "Original Hash Batches": 1, "Peak Memory Usage": 146514, "Plans": [{"Node Type": "Bitmap Heap Scan", "Parent Relationship": "Outer", "Relation Name": "name", "Alias": "n1", "Startup Cost": 84199.57, "Total Cost": 177271.47, "Plan Rows": 4167490, "Plan Width": 4, "Actual Startup Time": 546.808, "Actual Total Time": 2370.146, "Actual Rows": 4167490, "Actual Loops": 1, "Exact Heap Blocks": 51397, "Lossy Heap Blocks": 51397, "Plans": [{"Node Type": "Bitmap Index Scan", "Parent Relationship": "Outer", "Index Name": "name_pkey", "Startup Cost": 0.0, "Total Cost": 83157.7, "Plan Rows": 4167490, "Plan Width": 0, "Actual Startup Time": 534.683, "Actual Total Time": 534.683, "Actual Rows": 4167490, "Actual Loops": 1}]}]}]}]}]}]}, "Triggers": [], "Planner Runtime": 49, "Total Runtime": 16879.015, "Unique SQL Id": 2457761703}}, "(64, 72)": {"explain_plan": {"Plan": {"Node Type": "Aggregate", "Strategy": "Plain", "Startup Cost": 532222.07, "Total Cost": 532222.08, "Plan Rows": 1, "Plan Width": 97, "Plans": [{"Node Type": "Hash Join", "Parent Relationship": "Outer", "Join Type": "Inner", "Startup Cost": 503541.41, "Total Cost": 530436.58, "Plan Rows": 357098, "Plan Width": 33, "Inner Unique": false, "Hash Cond": "(a1.person_id = n1.id), (LLVM Optimized)", "Plans": [{"Node Type": "Seq Scan", "Parent Relationship": "Outer", "Relation Name": "aka_name", "Alias": "a1", "Startup Cost": 0.0, "Total Cost": 19908.42, "Plan Rows": 901342, "Plan Width": 20}, {"Node Type": "Hash", "Parent Relationship": "Inner", "Startup Cost": 494660.67, "Total Cost": 494660.67, "Plan Rows": 710459, "Plan Width": 25, "Plans": [{"Node Type": "Hash Join", "Parent Relationship": "Outer", "Join Type": "Inner", "Startup Cost": 256421.67, "Total Cost": 494660.67, "Plan Rows": 710459, "Plan Width": 25, "Inner Unique": false, "Hash Cond": "(ci.movie_id = t.id), (LLVM Optimized)", "Plans": [{"Node Type": "Streaming(type: LOCAL GATHER dop: 1/64)", "Parent Relationship": "Outer", "Startup Cost": 195218.41, "Total Cost": 404391.07, "Plan Rows": 3296318, "Plan Width": 12, "Plans": [{"Node Type": "Hash Join", "Parent Relationship": "Outer", "Join Type": "Inner", "Startup Cost": 195218.41, "Total Cost": 336388.42, "Plan Rows": 3296318, "Plan Width": 12, "Inner Unique": true, "Hash Cond": "(ci.person_id = n1.id), (LLVM Optimized)", "Plans": [{"Node Type": "Streaming(type: LOCAL REDISTRIBUTE dop: 64/64)", "Parent Relationship": "Outer", "Startup Cost": 63002.48, "Total Cost": 203464.29, "Plan Rows": 3296318, "Plan Width": 8, "Plans": [{"Node Type": "Hash Join", "Parent Relationship": "Outer", "Join Type": "Inner", "Startup Cost": 63002.48, "Total Cost": 137341.8, "Plan Rows": 3296318, "Plan Width": 8, "Inner Unique": true, "Hash Cond": "(ci.role_id = rt.id), (LLVM Optimized)", "Plans": [{"Node Type": "Seq Scan", "Parent Relationship": "Outer", "Relation Name": "cast_info", "Alias": "ci", "Startup Cost": 0.0, "Total Cost": 72404.34, "Plan Rows": 36259494, "Plan Width": 12}, {"Node Type": "Hash", "Parent Relationship": "Inner", "Startup Cost": 63002.47, "Total Cost": 63002.47, "Plan Rows": 64, "Plan Width": 4, "Plans": [{"Node Type": "Streaming(type: BROADCAST dop: 64/1)", "Parent Relationship": "Outer", "Startup Cost": 0.0, "Total Cost": 63002.47, "Plan Rows": 64, "Plan Width": 4, "Plans": [{"Node Type": "Seq Scan", "Parent Relationship": "Outer", "Relation Name": "role_type", "Alias": "rt", "Startup Cost": 0.0, "Total Cost": 1.15, "Plan Rows": 1, "Plan Width": 4, "Filter": "((role)::text = 'writer'::text)"}]}]}]}]}, {"Node Type": "Hash", "Parent Relationship": "Inner", "Startup Cost": 131401.97, "Total Cost": 131401.97, "Plan Rows": 4167490, "Plan Width": 4, "Plans": [{"Node Type": "Streaming(type: LOCAL REDISTRIBUTE dop: 64/64)", "Parent Relationship": "Outer", "Startup Cost": 0.0, "Total Cost": 131401.97, "Plan Rows": 4167490, "Plan Width": 4, "Plans": [{"Node Type": "Seq Scan", "Parent Relationship": "Outer", "Relation Name": "name", "Alias": "n1", "Startup Cost": 0.0, "Total Cost": 64454.25, "Plan Rows": 4167490, "Plan Width": 4}]}]}]}]}, {"Node Type": "Hash", "Parent Relationship": "Inner", "Startup Cost": 180697.47, "Total Cost": 180697.47, "Plan Rows": 1282311, "Plan Width": 25, "Plans": [{"Node Type": "Hash Join", "Parent Relationship": "Outer", "Join Type": "Inner", "Startup Cost": 98641.07, "Total Cost": 180697.47, "Plan Rows": 1282311, "Plan Width": 25, "Inner Unique": true, "Hash Cond": "(mc.movie_id = t.id), (LLVM Optimized)", "Plans": [{"Node Type": "Hash Join", "Parent Relationship": "Outer", "Join Type": "Inner", "Startup Cost": 6968.08, "Total Cost": 71392.69, "Plan Rows": 1282311, "Plan Width": 4, "Inner Unique": true, "Hash Cond": "(mc.company_id = cn.id), (LLVM Optimized)", "Plans": [{"Node Type": "Seq Scan", "Parent Relationship": "Outer", "Relation Name": "movie_companies", "Alias": "mc", "Startup Cost": 0.0, "Total Cost": 41817.28, "Plan Rows": 2609128, "Plan Width": 8}, {"Node Type": "Hash", "Parent Relationship": "Inner", "Startup Cost": 5903.45, "Total Cost": 5903.45, "Plan Rows": 85170, "Plan Width": 4, "Plans": [{"Node Type": "Seq Scan", "Parent Relationship": "Outer", "Relation Name": "company_name", "Alias": "cn", "Startup Cost": 0.0, "Total Cost": 5903.45, "Plan Rows": 85170, "Plan Width": 4, "Filter": "((country_code)::text = '[us]'::text)"}]}]}, {"Node Type": "Hash", "Parent Relationship": "Inner", "Startup Cost": 60069.11, "Total Cost": 60069.11, "Plan Rows": 2528311, "Plan Width": 21, "Plans": [{"Node Type": "Seq Scan", "Parent Relationship": "Outer", "Relation Name": "title", "Alias": "t", "Startup Cost": 0.0, "Total Cost": 60069.11, "Plan Rows": 2528311, "Plan Width": 21}]}]}]}]}]}]}]}, "Unique SQL Id": 2457761703, "Planner Runtime": 150}, "explain_analyze_plan": {"Plan": {"Node Type": "Aggregate", "Strategy": "Plain", "Startup Cost": 532222.07, "Total Cost": 532222.08, "Plan Rows": 1, "Plan Width": 97, "Actual Min Startup Time": 10743.451, "Actual Max Startup Time": 10743.451, "Actual Min Total Time": 10743.451, "Actual Max Total Time": 10743.451, "Plans": [{"Node Type": "Hash Join", "Parent Relationship": "Outer", "Join Type": "Inner", "Startup Cost": 503541.41, "Total Cost": 530436.58, "Plan Rows": 357098, "Plan Width": 33, "Actual Min Startup Time": 8412.444, "Actual Max Startup Time": 8412.444, "Actual Min Total Time": 9624.968, "Actual Max Total Time": 9624.968, "Inner Unique": false, "Hash Cond": "(a1.person_id = n1.id), (LLVM Optimized, Jit Execute)", "Plans": [{"Node Type": "Seq Scan", "Parent Relationship": "Outer", "Relation Name": "aka_name", "Alias": "a1", "Startup Cost": 0.0, "Total Cost": 19908.42, "Plan Rows": 901342, "Plan Width": 20, "Actual Min Startup Time": 0.055, "Actual Max Startup Time": 0.055, "Actual Min Total Time": 231.953, "Actual Max Total Time": 231.953, "Actual Rows": 901342}, {"Node Type": "Hash", "Parent Relationship": "Inner", "Startup Cost": 494660.67, "Total Cost": 494660.67, "Plan Rows": 710459, "Plan Width": 25, "Actual Min Startup Time": 8409.069, "Actual Max Startup Time": 8409.069, "Actual Min Total Time": 8409.069, "Actual Max Total Time": 8409.069, "Max Hash Buckets": 1048576, "Min Hash Buckets": 1048576, "Max Hash Batches": 1, "Min Hash Batches": 1, "Max Original Hash Batches": 1, "Min Original Hash Batches": 1, "Max Peak Memory Usage": 112799, "min Peak Memory Usage": 112799, "Plans": [{"Node Type": "Hash Join", "Parent Relationship": "Outer", "Join Type": "Inner", "Startup Cost": 256421.67, "Total Cost": 494660.67, "Plan Rows": 710459, "Plan Width": 25, "Actual Min Startup Time": 4920.502, "Actual Max Startup Time": 4920.502, "Actual Min Total Time": 7830.913, "Actual Max Total Time": 7830.913, "Inner Unique": false, "Hash Cond": "(ci.movie_id = t.id), (LLVM Optimized, Jit Execute)", "Plans": [{"Node Type": "Streaming(type: LOCAL GATHER dop: 1/64)", "Parent Relationship": "Outer", "Startup Cost": 195218.41, "Total Cost": 404391.07, "Plan Rows": 3296318, "Plan Width": 12, "Actual Min Startup Time": 0.155, "Actual Max Startup Time": 0.155, "Actual Min Total Time": 1174.193, "Actual Max Total Time": 1174.193, "Plans": [{"Node Type": "Hash Join", "Parent Relationship": "Outer", "Join Type": "Inner", "Startup Cost": 195218.41, "Total Cost": 336388.42, "Plan Rows": 3296318, "Plan Width": 12, "Actual Min Startup Time": 183.261, "Actual Max Startup Time": 4647.642, "Actual Min Total Time": 926.5, "Actual Max Total Time": 6870.393, "Inner Unique": true, "Hash Cond": "(ci.person_id = n1.id), (LLVM Optimized, Jit Execute)", "Plans": [{"Node Type": "Streaming(type: LOCAL REDISTRIBUTE dop: 64/64)", "Parent Relationship": "Outer", "Startup Cost": 63002.48, "Total Cost": 203464.29, "Plan Rows": 3296318, "Plan Width": 8, "Actual Min Startup Time": 0.172, "Actual Max Startup Time": 4216.734, "Actual Min Total Time": 710.295, "Actual Max Total Time": 6670.262, "Plans": [{"Node Type": "Hash Join", "Parent Relationship": "Outer", "Join Type": "Inner", "Startup Cost": 63002.48, "Total Cost": 137341.8, "Plan Rows": 3296318, "Plan Width": 8, "Actual Min Startup Time": 151.529, "Actual Max Startup Time": 177.793, "Actual Min Total Time": 241.571, "Actual Max Total Time": 273.463, "Inner Unique": true, "Hash Cond": "(ci.role_id = rt.id), (LLVM Optimized, Jit Execute)", "Plans": [{"Node Type": "Seq Scan", "Parent Relationship": "Outer", "Relation Name": "cast_info", "Alias": "ci", "Startup Cost": 0.0, "Total Cost": 72404.34, "Plan Rows": 36259494, "Plan Width": 12, "Actual Min Startup Time": 0.026, "Actual Max Startup Time": 0.052, "Actual Min Total Time": 128.42, "Actual Max Total Time": 144.022, "Actual Rows": 36244343}, {"Node Type": "Hash", "Parent Relationship": "Inner", "Startup Cost": 63002.47, "Total Cost": 63002.47, "Plan Rows": 64, "Plan Width": 4, "Actual Min Startup Time": 0.011, "Actual Max Startup Time": 14.802, "Actual Min Total Time": 0.011, "Actual Max Total Time": 14.802, "Max Hash Buckets": 32768, "Min Hash Buckets": 32768, "Max Hash Batches": 1, "Min Hash Batches": 1, "Max Original Hash Batches": 1, "Min Original Hash Batches": 1, "Max Peak Memory Usage": 1, "min Peak Memory Usage": 1, "Plans": [{"Node Type": "Streaming(type: BROADCAST dop: 64/1)", "Parent Relationship": "Outer", "Startup Cost": 0.0, "Total Cost": 63002.47, "Plan Rows": 64, "Plan Width": 4, "Actual Min Startup Time": 0.003, "Actual Max Startup Time": 14.772, "Actual Min Total Time": 0.003, "Actual Max Total Time": 14.774, "Plans": [{"Node Type": "Seq Scan", "Parent Relationship": "Outer", "Relation Name": "role_type", "Alias": "rt", "Startup Cost": 0.0, "Total Cost": 1.15, "Plan Rows": 1, "Plan Width": 4, "Actual Min Startup Time": 0.027, "Actual Max Startup Time": 0.027, "Actual Min Total Time": 0.03, "Actual Max Total Time": 0.03, "Filter": "((role)::text = 'writer'::text)", "Rows Removed by Filter": 11, "Actual Rows": 1}], "Actual Rows": 64}], "Actual Rows": 64}], "Actual Rows": 2728943}], "Actual Rows": 2728943}, {"Node Type": "Hash", "Parent Relationship": "Inner", "Startup Cost": 131401.97, "Total Cost": 131401.97, "Plan Rows": 4167490, "Plan Width": 4, "Actual Min Startup Time": 182.95, "Actual Max Startup Time": 484.355, "Actual Min Total Time": 182.95, "Actual Max Total Time": 484.355, "Max Hash Buckets": 65536, "Min Hash Buckets": 65536, "Max Hash Batches": 1, "Min Hash Batches": 1, "Max Original Hash Batches": 1, "Min Original Hash Batches": 1, "Max Peak Memory Usage": 2290, "min Peak Memory Usage": 2290, "Plans": [{"Node Type": "Streaming(type: LOCAL REDISTRIBUTE dop: 64/64)", "Parent Relationship": "Outer", "Startup Cost": 0.0, "Total Cost": 131401.97, "Plan Rows": 4167490, "Plan Width": 4, "Actual Min Startup Time": 0.115, "Actual Max Startup Time": 163.747, "Actual Min Total Time": 154.309, "Actual Max Total Time": 460.619, "Plans": [{"Node Type": "Seq Scan", "Parent Relationship": "Outer", "Relation Name": "name", "Alias": "n1", "Startup Cost": 0.0, "Total Cost": 64454.25, "Plan Rows": 4167490, "Plan Width": 4, "Actual Min Startup Time": 0.016, "Actual Max Startup Time": 0.042, "Actual Min Total Time": 20.141, "Actual Max Total Time": 26.052, "Actual Rows": 4167490}], "Actual Rows": 4167490}], "Actual Rows": 4167490}], "Actual Rows": 2728943}], "Actual Rows": 2728943}, {"Node Type": "Hash", "Parent Relationship": "Inner", "Startup Cost": 180697.47, "Total Cost": 180697.47, "Plan Rows": 1282311, "Plan Width": 25, "Actual Min Startup Time": 4914.069, "Actual Max Startup Time": 4914.069, "Actual Min Total Time": 4914.069, "Actual Max Total Time": 4914.069, "Max Hash Buckets": 2097152, "Min Hash Buckets": 2097152, "Max Hash Batches": 1, "Min Hash Batches": 1, "Max Original Hash Batches": 1, "Min Original Hash Batches": 1, "Max Peak Memory Usage": 68508, "min Peak Memory Usage": 68508, "Plans": [{"Node Type": "Hash Join", "Parent Relationship": "Outer", "Join Type": "Inner", "Startup Cost": 98641.07, "Total Cost": 180697.47, "Plan Rows": 1282311, "Plan Width": 25, "Actual Min Startup Time": 2259.382, "Actual Max Startup Time": 2259.382, "Actual Min Total Time": 4410.608, "Actual Max Total Time": 4410.608, "Inner Unique": true, "Hash Cond": "(mc.movie_id = t.id), (LLVM Optimized, Jit Execute)", "Plans": [{"Node Type": "Hash Join", "Parent Relationship": "Outer", "Join Type": "Inner", "Startup Cost": 6968.08, "Total Cost": 71392.69, "Plan Rows": 1282311, "Plan Width": 4, "Actual Min Startup Time": 113.346, "Actual Max Startup Time": 113.346, "Actual Min Total Time": 1565.064, "Actual Max Total Time": 1565.064, "Inner Unique": true, "Hash Cond": "(mc.company_id = cn.id), (LLVM Optimized, Jit Execute)", "Plans": [{"Node Type": "Seq Scan", "Parent Relationship": "Outer", "Relation Name": "movie_companies", "Alias": "mc", "Startup Cost": 0.0, "Total Cost": 41817.28, "Plan Rows": 2609128, "Plan Width": 8, "Actual Min Startup Time": 0.056, "Actual Max Startup Time": 0.056, "Actual Min Total Time": 615.838, "Actual Max Total Time": 615.838, "Actual Rows": 2609128}, {"Node Type": "Hash", "Parent Relationship": "Inner", "Startup Cost": 5903.45, "Total Cost": 5903.45, "Plan Rows": 85170, "Plan Width": 4, "Actual Min Startup Time": 113.174, "Actual Max Startup Time": 113.174, "Actual Min Total Time": 113.174, "Actual Max Total Time": 113.174, "Max Hash Buckets": 131072, "Min Hash Buckets": 131072, "Max Hash Batches": 1, "Min Hash Batches": 1, "Max Original Hash Batches": 1, "Min Original Hash Batches": 1, "Max Peak Memory Usage": 2983, "min Peak Memory Usage": 2983, "Plans": [{"Node Type": "Seq Scan", "Parent Relationship": "Outer", "Relation Name": "company_name", "Alias": "cn", "Startup Cost": 0.0, "Total Cost": 5903.45, "Plan Rows": 85170, "Plan Width": 4, "Actual Min Startup Time": 0.046, "Actual Max Startup Time": 0.046, "Actual Min Total Time": 90.363, "Actual Max Total Time": 90.363, "Filter": "((country_code)::text = '[us]'::text)", "Rows Removed by Filter": 150153, "Actual Rows": 84843}], "Actual Rows": 84843}], "Actual Rows": 1153797}, {"Node Type": "Hash", "Parent Relationship": "Inner", "Startup Cost": 60069.11, "Total Cost": 60069.11, "Plan Rows": 2528311, "Plan Width": 21, "Actual Min Startup Time": 2143.448, "Actual Max Startup Time": 2143.448, "Actual Min Total Time": 2143.448, "Actual Max Total Time": 2143.448, "Max Hash Buckets": 4194304, "Min Hash Buckets": 4194304, "Max Hash Batches": 1, "Min Hash Batches": 1, "Max Original Hash Batches": 1, "Min Original Hash Batches": 1, "Max Peak Memory Usage": 135869, "min Peak Memory Usage": 135869, "Plans": [{"Node Type": "Seq Scan", "Parent Relationship": "Outer", "Relation Name": "title", "Alias": "t", "Startup Cost": 0.0, "Total Cost": 60069.11, "Plan Rows": 2528311, "Plan Width": 21, "Actual Min Startup Time": 0.023, "Actual Max Startup Time": 0.023, "Actual Min Total Time": 852.648, "Actual Max Total Time": 852.648, "Actual Rows": 2528311}], "Actual Rows": 2528311}], "Actual Rows": 1153797}], "Actual Rows": 1153797}], "Actual Rows": 1970658}], "Actual Rows": 1970658}], "Actual Rows": 2487611}], "Actual Rows": 1}, "Triggers": [], "Planner Runtime": 150, "Total Runtime": 10828.626, "Unique SQL Id": 2457761703}}, "(64, 73)": {"explain_plan": {"Plan": {"Node Type": "Aggregate", "Strategy": "Plain", "Startup Cost": 770846.96, "Total Cost": 770846.97, "Plan Rows": 1, "Plan Width": 97, "Plans": [{"Node Type": "Nested Loop", "Parent Relationship": "Outer", "Join Type": "Inner", "Startup Cost": 599201.04, "Total Cost": 769061.47, "Plan Rows": 357098, "Plan Width": 33, "Inner Unique": true, "Join Filter": "(a1.person_id = n1.id), (LLVM Optimized)", "Plans": [{"Node Type": "Merge Join", "Parent Relationship": "Outer", "Join Type": "Inner", "Startup Cost": 599201.04, "Total Cost": 667567.53, "Plan Rows": 357098, "Plan Width": 41, "Inner Unique": false, "Merge Cond": "(ci.person_id = a1.person_id)", "Plans": [{"Node Type": "Sort", "Parent Relationship": "Outer", "Startup Cost": 599200.97, "Total Cost": 600977.12, "Plan Rows": 710459, "Plan Width": 21, "Sort Key": ["ci.person_id"], "Plans": [{"Node Type": "Hash Join", "Parent Relationship": "Outer", "Join Type": "Inner", "Startup Cost": 329665.48, "Total Cost": 530150.07, "Plan Rows": 710459, "Plan Width": 21, "Inner Unique": false, "Hash Cond": "(ci.movie_id = t.id), (LLVM Optimized)", "Plans": [{"Node Type": "Nested Loop", "Parent Relationship": "Outer", "Join Type": "Inner", "Startup Cost": 0.0, "Total Cost": 171418.25, "Plan Rows": 3296318, "Plan Width": 8, "Inner Unique": false, "Plans": [{"Node Type": "Index Scan", "Parent Relationship": "Outer", "Scan Direction": "Forward", "Index Name": "role_type_pkey", "Relation Name": "role_type", "Alias": "rt", "Startup Cost": 0.0, "Total Cost": 12.46, "Plan Rows": 1, "Plan Width": 4, "Filter": "((role)::text = 'writer'::text)"}, {"Node Type": "Index Scan", "Parent Relationship": "Inner", "Scan Direction": "Forward", "Index Name": "role_id_cast_info", "Relation Name": "cast_info", "Alias": "ci", "Startup Cost": 0.0, "Total Cost": 138442.61, "Plan Rows": 3296318, "Plan Width": 12, "Index Cond": "(role_id = rt.id), (LLVM Optimized)"}]}, {"Node Type": "Hash", "Parent Relationship": "Inner", "Startup Cost": 313636.59, "Total Cost": 313636.59, "Plan Rows": 1282311, "Plan Width": 25, "Plans": [{"Node Type": "Hash Join", "Parent Relationship": "Outer", "Join Type": "Inner", "Startup Cost": 11568.59, "Total Cost": 313636.59, "Plan Rows": 1282311, "Plan Width": 25, "Inner Unique": true, "Hash Cond": "(mc.company_id = cn.id), (LLVM Optimized)", "Plans": [{"Node Type": "Merge Join", "Parent Relationship": "Outer", "Join Type": "Inner", "Startup Cost": 2.58, "Total Cost": 279463.24, "Plan Rows": 2609128, "Plan Width": 29, "Inner Unique": false, "Merge Cond": "(t.id = mc.movie_id)", "Plans": [{"Node Type": "Index Scan", "Parent Relationship": "Outer", "Scan Direction": "Forward", "Index Name": "title_pkey", "Relation Name": "title", "Alias": "t", "Startup Cost": 0.0, "Total Cost": 110120.49, "Plan Rows": 2528311, "Plan Width": 21}, {"Node Type": "Index Scan", "Parent Relationship": "Inner", "Scan Direction": "Forward", "Index Name": "movie_id_movie_companies", "Relation Name": "movie_companies", "Alias": "mc", "Startup Cost": 0.0, "Total Cost": 130519.46, "Plan Rows": 2609128, "Plan Width": 8}]}, {"Node Type": "Hash", "Parent Relationship": "Inner", "Startup Cost": 10501.39, "Total Cost": 10501.39, "Plan Rows": 85170, "Plan Width": 4, "Plans": [{"Node Type": "Index Scan", "Parent Relationship": "Outer", "Scan Direction": "Forward", "Index Name": "company_name_pkey", "Relation Name": "company_name", "Alias": "cn", "Startup Cost": 0.0, "Total Cost": 10501.39, "Plan Rows": 85170, "Plan Width": 4, "Filter": "((country_code)::text = '[us]'::text)"}]}]}]}]}]}, {"Node Type": "Index Scan", "Parent Relationship": "Inner", "Scan Direction": "Forward", "Index Name": "person_id_aka_name", "Relation Name": "aka_name", "Alias": "a1", "Startup Cost": 0.0, "Total Cost": 68965.03, "Plan Rows": 901342, "Plan Width": 20}]}, {"Node Type": "Index Only Scan", "Parent Relationship": "Inner", "Scan Direction": "Forward", "Index Name": "name_pkey", "Relation Name": "name", "Alias": "n1", "Startup Cost": 0.0, "Total Cost": 0.27, "Plan Rows": 1, "Plan Width": 4, "Index Cond": "(id = ci.person_id)"}]}]}, "Unique SQL Id": 2457761703, "Planner Runtime": 118}, "explain_analyze_plan": null}, "(64, 74)": {"explain_plan": {"Plan": {"Node Type": "Aggregate", "Strategy": "Plain", "Startup Cost": 528738.29, "Total Cost": 528738.3, "Plan Rows": 1, "Plan Width": 97, "Plans": [{"Node Type": "Hash Join", "Parent Relationship": "Outer", "Join Type": "Inner", "Startup Cost": 336662.4, "Total Cost": 526952.8, "Plan Rows": 357098, "Plan Width": 33, "Inner Unique": true, "Hash Cond": "(mc.company_id = cn.id), (LLVM Optimized)", "Plans": [{"Node Type": "Hash Join", "Parent Relationship": "Outer", "Join Type": "Inner", "Startup Cost": 329694.33, "Total Cost": 513689.03, "Plan Rows": 726589, "Plan Width": 37, "Inner Unique": false, "Hash Cond": "(ci.movie_id = t.id), (LLVM Optimized)", "Plans": [{"Node Type": "Streaming(type: LOCAL GATHER dop: 1/64)", "Parent Relationship": "Outer", "Startup Cost": 254738.78, "Total Cost": 417857.9, "Plan Rows": 1484588, "Plan Width": 20, "Plans": [{"Node Type": "Hash Join", "Parent Relationship": "Outer", "Join Type": "Inner", "Startup Cost": 254738.78, "Total Cost": 387231.02, "Plan Rows": 1484588, "Plan Width": 20, "Inner Unique": false, "Hash Cond": "(a1.person_id = ci.person_id), (LLVM Optimized)", "Plans": [{"Node Type": "Streaming(type: LOCAL REDISTRIBUTE dop: 64/1)", "Parent Relationship": "Outer", "Startup Cost": 202522.7, "Total Cost": 334446.0, "Plan Rows": 901342, "Plan Width": 24, "Plans": [{"Node Type": "Hash Join", "Parent Relationship": "Outer", "Join Type": "Inner", "Startup Cost": 202522.7, "Total Cost": 234824.58, "Plan Rows": 901342, "Plan Width": 24, "Inner Unique": true, "Hash Cond": "(a1.person_id = n1.id), (LLVM Optimized)", "Plans": [{"Node Type": "Seq Scan", "Parent Relationship": "Outer", "Relation Name": "aka_name", "Alias": "a1", "Startup Cost": 0.0, "Total Cost": 19908.42, "Plan Rows": 901342, "Plan Width": 20}, {"Node Type": "Hash", "Parent Relationship": "Inner", "Startup Cost": 150429.08, "Total Cost": 150429.08, "Plan Rows": 4167490, "Plan Width": 4, "Plans": [{"Node Type": "Streaming(type: LOCAL GATHER dop: 1/64)", "Parent Relationship": "Outer", "Startup Cost": 0.0, "Total Cost": 150429.08, "Plan Rows": 4167490, "Plan Width": 4, "Plans": [{"Node Type": "Seq Scan", "Parent Relationship": "Outer", "Relation Name": "name", "Alias": "n1", "Startup Cost": 0.0, "Total Cost": 64454.25, "Plan Rows": 4167490, "Plan Width": 4}]}]}]}]}, {"Node Type": "Hash", "Parent Relationship": "Inner", "Startup Cost": 203464.29, "Total Cost": 203464.29, "Plan Rows": 3296318, "Plan Width": 8, "Plans": [{"Node Type": "Streaming(type: LOCAL REDISTRIBUTE dop: 64/64)", "Parent Relationship": "Outer", "Startup Cost": 63002.48, "Total Cost": 203464.29, "Plan Rows": 3296318, "Plan Width": 8, "Plans": [{"Node Type": "Hash Join", "Parent Relationship": "Outer", "Join Type": "Inner", "Startup Cost": 63002.48, "Total Cost": 137341.8, "Plan Rows": 3296318, "Plan Width": 8, "Inner Unique": true, "Hash Cond": "(ci.role_id = rt.id), (LLVM Optimized)", "Plans": [{"Node Type": "Seq Scan", "Parent Relationship": "Outer", "Relation Name": "cast_info", "Alias": "ci", "Startup Cost": 0.0, "Total Cost": 72404.34, "Plan Rows": 36259494, "Plan Width": 12}, {"Node Type": "Hash", "Parent Relationship": "Inner", "Startup Cost": 63002.47, "Total Cost": 63002.47, "Plan Rows": 64, "Plan Width": 4, "Plans": [{"Node Type": "Streaming(type: BROADCAST dop: 64/1)", "Parent Relationship": "Outer", "Startup Cost": 0.0, "Total Cost": 63002.47, "Plan Rows": 64, "Plan Width": 4, "Plans": [{"Node Type": "Seq Scan", "Parent Relationship": "Outer", "Relation Name": "role_type", "Alias": "rt", "Startup Cost": 0.0, "Total Cost": 1.15, "Plan Rows": 1, "Plan Width": 4, "Filter": "((role)::text = 'writer'::text)"}]}]}]}]}]}]}]}, {"Node Type": "Hash", "Parent Relationship": "Inner", "Startup Cost": 169365.79, "Total Cost": 169365.79, "Plan Rows": 2609128, "Plan Width": 29, "Plans": [{"Node Type": "Hash Join", "Parent Relationship": "Outer", "Join Type": "Inner", "Startup Cost": 91673.0, "Total Cost": 169365.79, "Plan Rows": 2609128, "Plan Width": 29, "Inner Unique": true, "Hash Cond": "(mc.movie_id = t.id), (LLVM Optimized)", "Plans": [{"Node Type": "Seq Scan", "Parent Relationship": "Outer", "Relation Name": "movie_companies", "Alias": "mc", "Startup Cost": 0.0, "Total Cost": 41817.28, "Plan Rows": 2609128, "Plan Width": 8}, {"Node Type": "Hash", "Parent Relationship": "Inner", "Startup Cost": 60069.11, "Total Cost": 60069.11, "Plan Rows": 2528311, "Plan Width": 21, "Plans": [{"Node Type": "Seq Scan", "Parent Relationship": "Outer", "Relation Name": "title", "Alias": "t", "Startup Cost": 0.0, "Total Cost": 60069.11, "Plan Rows": 2528311, "Plan Width": 21}]}]}]}]}, {"Node Type": "Hash", "Parent Relationship": "Inner", "Startup Cost": 5903.45, "Total Cost": 5903.45, "Plan Rows": 85170, "Plan Width": 4, "Plans": [{"Node Type": "Seq Scan", "Parent Relationship": "Outer", "Relation Name": "company_name", "Alias": "cn", "Startup Cost": 0.0, "Total Cost": 5903.45, "Plan Rows": 85170, "Plan Width": 4, "Filter": "((country_code)::text = '[us]'::text)"}]}]}]}, "Unique SQL Id": 2457761703, "Planner Runtime": 184}, "explain_analyze_plan": {"Plan": {"Node Type": "Aggregate", "Strategy": "Plain", "Startup Cost": 528738.29, "Total Cost": 528738.3, "Plan Rows": 1, "Plan Width": 97, "Actual Min Startup Time": 10653.339, "Actual Max Startup Time": 10653.339, "Actual Min Total Time": 10653.34, "Actual Max Total Time": 10653.34, "Plans": [{"Node Type": "Hash Join", "Parent Relationship": "Outer", "Join Type": "Inner", "Startup Cost": 336662.4, "Total Cost": 526952.8, "Plan Rows": 357098, "Plan Width": 33, "Actual Min Startup Time": 5045.785, "Actual Max Startup Time": 5045.785, "Actual Min Total Time": 9470.761, "Actual Max Total Time": 9470.761, "Inner Unique": true, "Hash Cond": "(mc.company_id = cn.id), (LLVM Optimized, Jit Execute)", "Plans": [{"Node Type": "Hash Join", "Parent Relationship": "Outer", "Join Type": "Inner", "Startup Cost": 329694.33, "Total Cost": 513689.03, "Plan Rows": 726589, "Plan Width": 37, "Actual Min Startup Time": 4932.473, "Actual Max Startup Time": 4932.473, "Actual Min Total Time": 8014.504, "Actual Max Total Time": 8014.504, "Inner Unique": false, "Hash Cond": "(ci.movie_id = t.id), (LLVM Optimized, Jit Execute)", "Plans": [{"Node Type": "Streaming(type: LOCAL GATHER dop: 1/64)", "Parent Relationship": "Outer", "Startup Cost": 254738.78, "Total Cost": 417857.9, "Plan Rows": 1484588, "Plan Width": 20, "Actual Min Startup Time": 0.149, "Actual Max Startup Time": 0.149, "Actual Min Total Time": 1136.935, "Actual Max Total Time": 1136.935, "Plans": [{"Node Type": "Hash Join", "Parent Relationship": "Outer", "Join Type": "Inner", "Startup Cost": 254738.78, "Total Cost": 387231.02, "Plan Rows": 1484588, "Plan Width": 20, "Actual Min Startup Time": 2400.847, "Actual Max Startup Time": 4561.54, "Actual Min Total Time": 6405.607, "Actual Max Total Time": 9204.271, "Inner Unique": false, "Hash Cond": "(a1.person_id = ci.person_id), (LLVM Optimized, Jit Execute)", "Plans": [{"Node Type": "Streaming(type: LOCAL REDISTRIBUTE dop: 64/1)", "Parent Relationship": "Outer", "Startup Cost": 202522.7, "Total Cost": 334446.0, "Plan Rows": 901342, "Plan Width": 24, "Actual Min Startup Time": 2082.179, "Actual Max Startup Time": 4189.143, "Actual Min Total Time": 5973.318, "Actual Max Total Time": 8689.53, "Plans": [{"Node Type": "Hash Join", "Parent Relationship": "Outer", "Join Type": "Inner", "Startup Cost": 202522.7, "Total Cost": 234824.58, "Plan Rows": 901342, "Plan Width": 24, "Actual Min Startup Time": 2391.386, "Actual Max Startup Time": 2391.386, "Actual Min Total Time": 3134.379, "Actual Max Total Time": 3134.379, "Inner Unique": true, "Hash Cond": "(a1.person_id = n1.id), (LLVM Optimized, Jit Execute)", "Plans": [{"Node Type": "Seq Scan", "Parent Relationship": "Outer", "Relation Name": "aka_name", "Alias": "a1", "Startup Cost": 0.0, "Total Cost": 19908.42, "Plan Rows": 901342, "Plan Width": 20, "Actual Min Startup Time": 0.031, "Actual Max Startup Time": 0.031, "Actual Min Total Time": 226.0, "Actual Max Total Time": 226.0, "Actual Rows": 901342}, {"Node Type": "Hash", "Parent Relationship": "Inner", "Startup Cost": 150429.08, "Total Cost": 150429.08, "Plan Rows": 4167490, "Plan Width": 4, "Actual Min Startup Time": 2388.72, "Actual Max Startup Time": 2388.72, "Actual Min Total Time": 2388.72, "Actual Max Total Time": 2388.72, "Max Hash Buckets": 4194304, "Min Hash Buckets": 4194304, "Max Hash Batches": 1, "Min Hash Batches": 1, "Max Original Hash Batches": 1, "Min Original Hash Batches": 1, "Max Peak Memory Usage": 146514, "min Peak Memory Usage": 146514, "Plans": [{"Node Type": "Streaming(type: LOCAL GATHER dop: 1/64)", "Parent Relationship": "Outer", "Startup Cost": 0.0, "Total Cost": 150429.08, "Plan Rows": 4167490, "Plan Width": 4, "Actual Min Startup Time": 0.144, "Actual Max Startup Time": 0.144, "Actual Min Total Time": 1203.473, "Actual Max Total Time": 1203.473, "Plans": [{"Node Type": "Seq Scan", "Parent Relationship": "Outer", "Relation Name": "name", "Alias": "n1", "Startup Cost": 0.0, "Total Cost": 64454.25, "Plan Rows": 4167490, "Plan Width": 4, "Actual Min Startup Time": 0.019, "Actual Max Startup Time": 0.041, "Actual Min Total Time": 18.918, "Actual Max Total Time": 22.367, "Actual Rows": 4167490}], "Actual Rows": 4167490}], "Actual Rows": 4167490}], "Actual Rows": 901342}], "Actual Rows": 901342}, {"Node Type": "Hash", "Parent Relationship": "Inner", "Startup Cost": 203464.29, "Total Cost": 203464.29, "Plan Rows": 3296318, "Plan Width": 8, "Actual Min Startup Time": 314.974, "Actual Max Startup Time": 620.859, "Actual Min Total Time": 314.974, "Actual Max Total Time": 620.859, "Max Hash Buckets": 65536, "Min Hash Buckets": 65536, "Max Hash Batches": 1, "Min Hash Batches": 1, "Max Original Hash Batches": 1, "Min Original Hash Batches": 1, "Max Peak Memory Usage": 1483, "min Peak Memory Usage": 1483, "Plans": [{"Node Type": "Streaming(type: LOCAL REDISTRIBUTE dop: 64/64)", "Parent Relationship": "Outer", "Startup Cost": 63002.48, "Total Cost": 203464.29, "Plan Rows": 3296318, "Plan Width": 8, "Actual Min Startup Time": 0.106, "Actual Max Startup Time": 297.598, "Actual Min Total Time": 304.117, "Actual Max Total Time": 610.951, "Plans": [{"Node Type": "Hash Join", "Parent Relationship": "Outer", "Join Type": "Inner", "Startup Cost": 63002.48, "Total Cost": 137341.8, "Plan Rows": 3296318, "Plan Width": 8, "Actual Min Startup Time": 151.808, "Actual Max Startup Time": 321.453, "Actual Min Total Time": 242.856, "Actual Max Total Time": 411.34, "Inner Unique": true, "Hash Cond": "(ci.role_id = rt.id), (LLVM Optimized, Jit Execute)", "Plans": [{"Node Type": "Seq Scan", "Parent Relationship": "Outer", "Relation Name": "cast_info", "Alias": "ci", "Startup Cost": 0.0, "Total Cost": 72404.34, "Plan Rows": 36259494, "Plan Width": 12, "Actual Min Startup Time": 0.025, "Actual Max Startup Time": 9.439, "Actual Min Total Time": 127.377, "Actual Max Total Time": 144.233, "Actual Rows": 36244343}, {"Node Type": "Hash", "Parent Relationship": "Inner", "Startup Cost": 63002.47, "Total Cost": 63002.47, "Plan Rows": 64, "Plan Width": 4, "Actual Min Startup Time": 0.011, "Actual Max Startup Time": 159.839, "Actual Min Total Time": 0.011, "Actual Max Total Time": 159.839, "Max Hash Buckets": 32768, "Min Hash Buckets": 32768, "Max Hash Batches": 1, "Min Hash Batches": 1, "Max Original Hash Batches": 1, "Min Original Hash Batches": 1, "Max Peak Memory Usage": 1, "min Peak Memory Usage": 1, "Plans": [{"Node Type": "Streaming(type: BROADCAST dop: 64/1)", "Parent Relationship": "Outer", "Startup Cost": 0.0, "Total Cost": 63002.47, "Plan Rows": 64, "Plan Width": 4, "Actual Min Startup Time": 0.003, "Actual Max Startup Time": 159.19, "Actual Min Total Time": 0.003, "Actual Max Total Time": 159.194, "Plans": [{"Node Type": "Seq Scan", "Parent Relationship": "Outer", "Relation Name": "role_type", "Alias": "rt", "Startup Cost": 0.0, "Total Cost": 1.15, "Plan Rows": 1, "Plan Width": 4, "Actual Min Startup Time": 0.04, "Actual Max Startup Time": 0.04, "Actual Min Total Time": 0.044, "Actual Max Total Time": 0.044, "Filter": "((role)::text = 'writer'::text)", "Rows Removed by Filter": 11, "Actual Rows": 1}], "Actual Rows": 64}], "Actual Rows": 64}], "Actual Rows": 2728943}], "Actual Rows": 2728943}], "Actual Rows": 2728943}], "Actual Rows": 2343724}], "Actual Rows": 2343724}, {"Node Type": "Hash", "Parent Relationship": "Inner", "Startup Cost": 169365.79, "Total Cost": 169365.79, "Plan Rows": 2609128, "Plan Width": 29, "Actual Min Startup Time": 4926.029, "Actual Max Startup Time": 4926.029, "Actual Min Total Time": 4926.029, "Actual Max Total Time": 4926.029, "Max Hash Buckets": 4194304, "Min Hash Buckets": 4194304, "Max Hash Batches": 1, "Min Hash Batches": 1, "Max Original Hash Batches": 1, "Min Original Hash Batches": 1, "Max Peak Memory Usage": 164769, "min Peak Memory Usage": 164769, "Plans": [{"Node Type": "Hash Join", "Parent Relationship": "Outer", "Join Type": "Inner", "Startup Cost": 91673.0, "Total Cost": 169365.79, "Plan Rows": 2609128, "Plan Width": 29, "Actual Min Startup Time": 1869.664, "Actual Max Startup Time": 1869.664, "Actual Min Total Time": 3974.511, "Actual Max Total Time": 3974.511, "Inner Unique": true, "Hash Cond": "(mc.movie_id = t.id), (LLVM Optimized, Jit Execute)", "Plans": [{"Node Type": "Seq Scan", "Parent Relationship": "Outer", "Relation Name": "movie_companies", "Alias": "mc", "Startup Cost": 0.0, "Total Cost": 41817.28, "Plan Rows": 2609128, "Plan Width": 8, "Actual Min Startup Time": 0.034, "Actual Max Startup Time": 0.034, "Actual Min Total Time": 573.13, "Actual Max Total Time": 573.13, "Actual Rows": 2609128}, {"Node Type": "Hash", "Parent Relationship": "Inner", "Startup Cost": 60069.11, "Total Cost": 60069.11, "Plan Rows": 2528311, "Plan Width": 21, "Actual Min Startup Time": 1867.154, "Actual Max Startup Time": 1867.154, "Actual Min Total Time": 1867.154, "Actual Max Total Time": 1867.154, "Max Hash Buckets": 4194304, "Min Hash Buckets": 4194304, "Max Hash Batches": 1, "Min Hash Batches": 1, "Max Original Hash Batches": 1, "Min Original Hash Batches": 1, "Max Peak Memory Usage": 135869, "min Peak Memory Usage": 135869, "Plans": [{"Node Type": "Seq Scan", "Parent Relationship": "Outer", "Relation Name": "title", "Alias": "t", "Startup Cost": 0.0, "Total Cost": 60069.11, "Plan Rows": 2528311, "Plan Width": 21, "Actual Min Startup Time": 0.025, "Actual Max Startup Time": 0.025, "Actual Min Total Time": 832.832, "Actual Max Total Time": 832.832, "Actual Rows": 2528311}], "Actual Rows": 2528311}], "Actual Rows": 2609128}], "Actual Rows": 2609128}], "Actual Rows": 4961427}, {"Node Type": "Hash", "Parent Relationship": "Inner", "Startup Cost": 5903.45, "Total Cost": 5903.45, "Plan Rows": 85170, "Plan Width": 4, "Actual Min Startup Time": 113.153, "Actual Max Startup Time": 113.153, "Actual Min Total Time": 113.153, "Actual Max Total Time": 113.153, "Max Hash Buckets": 131072, "Min Hash Buckets": 131072, "Max Hash Batches": 1, "Min Hash Batches": 1, "Max Original Hash Batches": 1, "Min Original Hash Batches": 1, "Max Peak Memory Usage": 2983, "min Peak Memory Usage": 2983, "Plans": [{"Node Type": "Seq Scan", "Parent Relationship": "Outer", "Relation Name": "company_name", "Alias": "cn", "Startup Cost": 0.0, "Total Cost": 5903.45, "Plan Rows": 85170, "Plan Width": 4, "Actual Min Startup Time": 0.07, "Actual Max Startup Time": 0.07, "Actual Min Total Time": 89.97, "Actual Max Total Time": 89.97, "Filter": "((country_code)::text = '[us]'::text)", "Rows Removed by Filter": 150153, "Actual Rows": 84843}], "Actual Rows": 84843}], "Actual Rows": 2487611}], "Actual Rows": 1}, "Triggers": [], "Planner Runtime": 172, "Total Runtime": 10708.533, "Unique SQL Id": 2457761703}}, "(64, 75)": {"explain_plan": {"Plan": {"Node Type": "Aggregate", "Strategy": "Plain", "Startup Cost": 6720943715063.29, "Total Cost": 6720943715063.3, "Plan Rows": 1, "Plan Width": 97, "Plans": [{"Node Type": "Hash Join", "Parent Relationship": "Outer", "Join Type": "Inner", "Startup Cost": 4029125744837.46, "Total Cost": 6720943713277.8, "Plan Rows": 357098, "Plan Width": 33, "Inner Unique": false, "Hash Cond": "(ci.movie_id = t.id), (LLVM Optimized)", "Plans": [{"Node Type": "Hash Join", "Parent Relationship": "Outer", "Join Type": "Inner", "Startup Cost": 1030049898442.37, "Total Cost": 3721867853791.89, "Plan Rows": 1484588, "Plan Width": 20, "Inner Unique": true, "Hash Cond": "(ci.role_id = rt.id), (LLVM Optimized)", "Plans": [{"Node Type": "Merge Join", "Parent Relationship": "Outer", "Join Type": "Inner", "Startup Cost": 30049897196.36, "Total Cost": 2721867796771.75, "Plan Rows": 16330470, "Plan Width": 24, "Inner Unique": false, "Merge Cond": "(a1.person_id = ci.person_id)", "Plans": [{"Node Type": "Merge Join", "Parent Relationship": "Outer", "Join Type": "Inner", "Startup Cost": 20030754356.47, "Total Cost": 2000002534968.85, "Plan Rows": 901342, "Plan Width": 24, "Inner Unique": true, "Merge Cond": "(a1.person_id = n1.id)", "Plans": [{"Node Type": "Index Scan", "Parent Relationship": "Outer", "Scan Direction": "Forward", "Index Name": "person_id_aka_name", "Relation Name": "aka_name", "Alias": "a1", "Startup Cost": 10000000000.0, "Total Cost": 1000006896503.43, "Plan Rows": 901342, "Plan Width": 20}, {"Node Type": "Index Only Scan", "Parent Relationship": "Inner", "Scan Direction": "Forward", "Index Name": "name_pkey", "Relation Name": "name", "Alias": "n1", "Startup Cost": 10000000000.0, "Total Cost": 1000012483260.0, "Plan Rows": 4167490, "Plan Width": 4}]}, {"Node Type": "Index Scan", "Parent Relationship": "Inner", "Scan Direction": "Forward", "Index Name": "person_id_cast_info", "Relation Name": "cast_info", "Alias": "ci", "Startup Cost": 10000000000.0, "Total Cost": 1000170648833.21, "Plan Rows": 36259494, "Plan Width": 12}]}, {"Node Type": "Hash", "Parent Relationship": "Inner", "Startup Cost": 1000000001246.0, "Total Cost": 1000000001246.0, "Plan Rows": 1, "Plan Width": 4, "Plans": [{"Node Type": "Index Scan", "Parent Relationship": "Outer", "Scan Direction": "Forward", "Index Name": "role_type_pkey", "Relation Name": "role_type", "Alias": "rt", "Startup Cost": 10000000000.0, "Total Cost": 1000000001246.0, "Plan Rows": 1, "Plan Width": 4, "Filter": "((role)::text = 'writer'::text)"}]}]}, {"Node Type": "Hash", "Parent Relationship": "Inner", "Startup Cost": 2999075830366.2, "Total Cost": 2999075830366.2, "Plan Rows": 1282311, "Plan Width": 25, "Plans": [{"Node Type": "Merge Join", "Parent Relationship": "Outer", "Join Type": "Inner", "Startup Cost": 2010035495066.48, "Total Cost": 2999075830366.2, "Plan Rows": 1282311, "Plan Width": 25, "Inner Unique": true, "Merge Cond": "(mc.movie_id = t.id)", "Plans": [{"Node Type": "Sort", "Parent Relationship": "Outer", "Startup Cost": 2000013567140.28, "Total Cost": 2000013570346.05, "Plan Rows": 1282311, "Plan Width": 4, "Sort Key": ["mc.movie_id"], "Plans": [{"Node Type": "Merge Join", "Parent Relationship": "Outer", "Join Type": "Inner", "Startup Cost": 45724640147.62, "Total Cost": 2000013437047.81, "Plan Rows": 1282311, "Plan Width": 4, "Inner Unique": false, "Merge Cond": "(cn.id = mc.company_id)", "Plans": [{"Node Type": "Index Scan", "Parent Relationship": "Outer", "Scan Direction": "Forward", "Index Name": "company_name_pkey", "Relation Name": "company_name", "Alias": "cn", "Startup Cost": 10000000000.0, "Total Cost": 1000001050138.97, "Plan Rows": 85170, "Plan Width": 4, "Filter": "((country_code)::text = '[us]'::text)"}, {"Node Type": "Index Scan", "Parent Relationship": "Inner", "Scan Direction": "Forward", "Index Name": "company_id_movie_companies", "Relation Name": "movie_companies", "Alias": "mc", "Startup Cost": 10000000000.0, "Total Cost": 1000012367349.98, "Plan Rows": 2609128, "Plan Width": 8}]}]}, {"Node Type": "Index Scan", "Parent Relationship": "Inner", "Scan Direction": "Forward", "Index Name": "title_pkey", "Relation Name": "title", "Alias": "t", "Startup Cost": 10000000000.0, "Total Cost": 1000011012048.91, "Plan Rows": 2528311, "Plan Width": 21}]}]}]}]}, "Unique SQL Id": 2457761703, "Planner Runtime": 149}, "explain_analyze_plan": null}, "(64, 76)": {"explain_plan": {"Plan": {"Node Type": "Aggregate", "Strategy": "Plain", "Startup Cost": 528738.29, "Total Cost": 528738.3, "Plan Rows": 1, "Plan Width": 97, "Plans": [{"Node Type": "Hash Join", "Parent Relationship": "Outer", "Join Type": "Inner", "Startup Cost": 336662.4, "Total Cost": 526952.8, "Plan Rows": 357098, "Plan Width": 33, "Inner Unique": true, "Hash Cond": "(mc.company_id = cn.id), (LLVM Optimized)", "Plans": [{"Node Type": "Hash Join", "Parent Relationship": "Outer", "Join Type": "Inner", "Startup Cost": 329694.33, "Total Cost": 513689.03, "Plan Rows": 726589, "Plan Width": 37, "Inner Unique": false, "Hash Cond": "(ci.movie_id = t.id), (LLVM Optimized)", "Plans": [{"Node Type": "Streaming(type: LOCAL GATHER dop: 1/64)", "Parent Relationship": "Outer", "Startup Cost": 254738.78, "Total Cost": 417857.9, "Plan Rows": 1484588, "Plan Width": 20, "Plans": [{"Node Type": "Hash Join", "Parent Relationship": "Outer", "Join Type": "Inner", "Startup Cost": 254738.78, "Total Cost": 387231.02, "Plan Rows": 1484588, "Plan Width": 20, "Inner Unique": false, "Hash Cond": "(a1.person_id = ci.person_id), (LLVM Optimized)", "Plans": [{"Node Type": "Streaming(type: LOCAL REDISTRIBUTE dop: 64/1)", "Parent Relationship": "Outer", "Startup Cost": 202522.7, "Total Cost": 334446.0, "Plan Rows": 901342, "Plan Width": 24, "Plans": [{"Node Type": "Hash Join", "Parent Relationship": "Outer", "Join Type": "Inner", "Startup Cost": 202522.7, "Total Cost": 234824.58, "Plan Rows": 901342, "Plan Width": 24, "Inner Unique": true, "Hash Cond": "(a1.person_id = n1.id), (LLVM Optimized)", "Plans": [{"Node Type": "Seq Scan", "Parent Relationship": "Outer", "Relation Name": "aka_name", "Alias": "a1", "Startup Cost": 0.0, "Total Cost": 19908.42, "Plan Rows": 901342, "Plan Width": 20}, {"Node Type": "Hash", "Parent Relationship": "Inner", "Startup Cost": 150429.08, "Total Cost": 150429.08, "Plan Rows": 4167490, "Plan Width": 4, "Plans": [{"Node Type": "Streaming(type: LOCAL GATHER dop: 1/64)", "Parent Relationship": "Outer", "Startup Cost": 0.0, "Total Cost": 150429.08, "Plan Rows": 4167490, "Plan Width": 4, "Plans": [{"Node Type": "Seq Scan", "Parent Relationship": "Outer", "Relation Name": "name", "Alias": "n1", "Startup Cost": 0.0, "Total Cost": 64454.25, "Plan Rows": 4167490, "Plan Width": 4}]}]}]}]}, {"Node Type": "Hash", "Parent Relationship": "Inner", "Startup Cost": 203464.29, "Total Cost": 203464.29, "Plan Rows": 3296318, "Plan Width": 8, "Plans": [{"Node Type": "Streaming(type: LOCAL REDISTRIBUTE dop: 64/64)", "Parent Relationship": "Outer", "Startup Cost": 63002.48, "Total Cost": 203464.29, "Plan Rows": 3296318, "Plan Width": 8, "Plans": [{"Node Type": "Hash Join", "Parent Relationship": "Outer", "Join Type": "Inner", "Startup Cost": 63002.48, "Total Cost": 137341.8, "Plan Rows": 3296318, "Plan Width": 8, "Inner Unique": true, "Hash Cond": "(ci.role_id = rt.id), (LLVM Optimized)", "Plans": [{"Node Type": "Seq Scan", "Parent Relationship": "Outer", "Relation Name": "cast_info", "Alias": "ci", "Startup Cost": 0.0, "Total Cost": 72404.34, "Plan Rows": 36259494, "Plan Width": 12}, {"Node Type": "Hash", "Parent Relationship": "Inner", "Startup Cost": 63002.47, "Total Cost": 63002.47, "Plan Rows": 64, "Plan Width": 4, "Plans": [{"Node Type": "Streaming(type: BROADCAST dop: 64/1)", "Parent Relationship": "Outer", "Startup Cost": 0.0, "Total Cost": 63002.47, "Plan Rows": 64, "Plan Width": 4, "Plans": [{"Node Type": "Seq Scan", "Parent Relationship": "Outer", "Relation Name": "role_type", "Alias": "rt", "Startup Cost": 0.0, "Total Cost": 1.15, "Plan Rows": 1, "Plan Width": 4, "Filter": "((role)::text = 'writer'::text)"}]}]}]}]}]}]}]}, {"Node Type": "Hash", "Parent Relationship": "Inner", "Startup Cost": 169365.79, "Total Cost": 169365.79, "Plan Rows": 2609128, "Plan Width": 29, "Plans": [{"Node Type": "Hash Join", "Parent Relationship": "Outer", "Join Type": "Inner", "Startup Cost": 91673.0, "Total Cost": 169365.79, "Plan Rows": 2609128, "Plan Width": 29, "Inner Unique": true, "Hash Cond": "(mc.movie_id = t.id), (LLVM Optimized)", "Plans": [{"Node Type": "Seq Scan", "Parent Relationship": "Outer", "Relation Name": "movie_companies", "Alias": "mc", "Startup Cost": 0.0, "Total Cost": 41817.28, "Plan Rows": 2609128, "Plan Width": 8}, {"Node Type": "Hash", "Parent Relationship": "Inner", "Startup Cost": 60069.11, "Total Cost": 60069.11, "Plan Rows": 2528311, "Plan Width": 21, "Plans": [{"Node Type": "Seq Scan", "Parent Relationship": "Outer", "Relation Name": "title", "Alias": "t", "Startup Cost": 0.0, "Total Cost": 60069.11, "Plan Rows": 2528311, "Plan Width": 21}]}]}]}]}, {"Node Type": "Hash", "Parent Relationship": "Inner", "Startup Cost": 5903.45, "Total Cost": 5903.45, "Plan Rows": 85170, "Plan Width": 4, "Plans": [{"Node Type": "Seq Scan", "Parent Relationship": "Outer", "Relation Name": "company_name", "Alias": "cn", "Startup Cost": 0.0, "Total Cost": 5903.45, "Plan Rows": 85170, "Plan Width": 4, "Filter": "((country_code)::text = '[us]'::text)"}]}]}]}, "Unique SQL Id": 2457761703, "Planner Runtime": 164}, "explain_analyze_plan": {"Plan": {"Node Type": "Aggregate", "Strategy": "Plain", "Startup Cost": 528738.29, "Total Cost": 528738.3, "Plan Rows": 1, "Plan Width": 97, "Actual Min Startup Time": 10653.339, "Actual Max Startup Time": 10653.339, "Actual Min Total Time": 10653.34, "Actual Max Total Time": 10653.34, "Plans": [{"Node Type": "Hash Join", "Parent Relationship": "Outer", "Join Type": "Inner", "Startup Cost": 336662.4, "Total Cost": 526952.8, "Plan Rows": 357098, "Plan Width": 33, "Actual Min Startup Time": 5045.785, "Actual Max Startup Time": 5045.785, "Actual Min Total Time": 9470.761, "Actual Max Total Time": 9470.761, "Inner Unique": true, "Hash Cond": "(mc.company_id = cn.id), (LLVM Optimized, Jit Execute)", "Plans": [{"Node Type": "Hash Join", "Parent Relationship": "Outer", "Join Type": "Inner", "Startup Cost": 329694.33, "Total Cost": 513689.03, "Plan Rows": 726589, "Plan Width": 37, "Actual Min Startup Time": 4932.473, "Actual Max Startup Time": 4932.473, "Actual Min Total Time": 8014.504, "Actual Max Total Time": 8014.504, "Inner Unique": false, "Hash Cond": "(ci.movie_id = t.id), (LLVM Optimized, Jit Execute)", "Plans": [{"Node Type": "Streaming(type: LOCAL GATHER dop: 1/64)", "Parent Relationship": "Outer", "Startup Cost": 254738.78, "Total Cost": 417857.9, "Plan Rows": 1484588, "Plan Width": 20, "Actual Min Startup Time": 0.149, "Actual Max Startup Time": 0.149, "Actual Min Total Time": 1136.935, "Actual Max Total Time": 1136.935, "Plans": [{"Node Type": "Hash Join", "Parent Relationship": "Outer", "Join Type": "Inner", "Startup Cost": 254738.78, "Total Cost": 387231.02, "Plan Rows": 1484588, "Plan Width": 20, "Actual Min Startup Time": 2400.847, "Actual Max Startup Time": 4561.54, "Actual Min Total Time": 6405.607, "Actual Max Total Time": 9204.271, "Inner Unique": false, "Hash Cond": "(a1.person_id = ci.person_id), (LLVM Optimized, Jit Execute)", "Plans": [{"Node Type": "Streaming(type: LOCAL REDISTRIBUTE dop: 64/1)", "Parent Relationship": "Outer", "Startup Cost": 202522.7, "Total Cost": 334446.0, "Plan Rows": 901342, "Plan Width": 24, "Actual Min Startup Time": 2082.179, "Actual Max Startup Time": 4189.143, "Actual Min Total Time": 5973.318, "Actual Max Total Time": 8689.53, "Plans": [{"Node Type": "Hash Join", "Parent Relationship": "Outer", "Join Type": "Inner", "Startup Cost": 202522.7, "Total Cost": 234824.58, "Plan Rows": 901342, "Plan Width": 24, "Actual Min Startup Time": 2391.386, "Actual Max Startup Time": 2391.386, "Actual Min Total Time": 3134.379, "Actual Max Total Time": 3134.379, "Inner Unique": true, "Hash Cond": "(a1.person_id = n1.id), (LLVM Optimized, Jit Execute)", "Plans": [{"Node Type": "Seq Scan", "Parent Relationship": "Outer", "Relation Name": "aka_name", "Alias": "a1", "Startup Cost": 0.0, "Total Cost": 19908.42, "Plan Rows": 901342, "Plan Width": 20, "Actual Min Startup Time": 0.031, "Actual Max Startup Time": 0.031, "Actual Min Total Time": 226.0, "Actual Max Total Time": 226.0, "Actual Rows": 901342}, {"Node Type": "Hash", "Parent Relationship": "Inner", "Startup Cost": 150429.08, "Total Cost": 150429.08, "Plan Rows": 4167490, "Plan Width": 4, "Actual Min Startup Time": 2388.72, "Actual Max Startup Time": 2388.72, "Actual Min Total Time": 2388.72, "Actual Max Total Time": 2388.72, "Max Hash Buckets": 4194304, "Min Hash Buckets": 4194304, "Max Hash Batches": 1, "Min Hash Batches": 1, "Max Original Hash Batches": 1, "Min Original Hash Batches": 1, "Max Peak Memory Usage": 146514, "min Peak Memory Usage": 146514, "Plans": [{"Node Type": "Streaming(type: LOCAL GATHER dop: 1/64)", "Parent Relationship": "Outer", "Startup Cost": 0.0, "Total Cost": 150429.08, "Plan Rows": 4167490, "Plan Width": 4, "Actual Min Startup Time": 0.144, "Actual Max Startup Time": 0.144, "Actual Min Total Time": 1203.473, "Actual Max Total Time": 1203.473, "Plans": [{"Node Type": "Seq Scan", "Parent Relationship": "Outer", "Relation Name": "name", "Alias": "n1", "Startup Cost": 0.0, "Total Cost": 64454.25, "Plan Rows": 4167490, "Plan Width": 4, "Actual Min Startup Time": 0.019, "Actual Max Startup Time": 0.041, "Actual Min Total Time": 18.918, "Actual Max Total Time": 22.367, "Actual Rows": 4167490}], "Actual Rows": 4167490}], "Actual Rows": 4167490}], "Actual Rows": 901342}], "Actual Rows": 901342}, {"Node Type": "Hash", "Parent Relationship": "Inner", "Startup Cost": 203464.29, "Total Cost": 203464.29, "Plan Rows": 3296318, "Plan Width": 8, "Actual Min Startup Time": 314.974, "Actual Max Startup Time": 620.859, "Actual Min Total Time": 314.974, "Actual Max Total Time": 620.859, "Max Hash Buckets": 65536, "Min Hash Buckets": 65536, "Max Hash Batches": 1, "Min Hash Batches": 1, "Max Original Hash Batches": 1, "Min Original Hash Batches": 1, "Max Peak Memory Usage": 1483, "min Peak Memory Usage": 1483, "Plans": [{"Node Type": "Streaming(type: LOCAL REDISTRIBUTE dop: 64/64)", "Parent Relationship": "Outer", "Startup Cost": 63002.48, "Total Cost": 203464.29, "Plan Rows": 3296318, "Plan Width": 8, "Actual Min Startup Time": 0.106, "Actual Max Startup Time": 297.598, "Actual Min Total Time": 304.117, "Actual Max Total Time": 610.951, "Plans": [{"Node Type": "Hash Join", "Parent Relationship": "Outer", "Join Type": "Inner", "Startup Cost": 63002.48, "Total Cost": 137341.8, "Plan Rows": 3296318, "Plan Width": 8, "Actual Min Startup Time": 151.808, "Actual Max Startup Time": 321.453, "Actual Min Total Time": 242.856, "Actual Max Total Time": 411.34, "Inner Unique": true, "Hash Cond": "(ci.role_id = rt.id), (LLVM Optimized, Jit Execute)", "Plans": [{"Node Type": "Seq Scan", "Parent Relationship": "Outer", "Relation Name": "cast_info", "Alias": "ci", "Startup Cost": 0.0, "Total Cost": 72404.34, "Plan Rows": 36259494, "Plan Width": 12, "Actual Min Startup Time": 0.025, "Actual Max Startup Time": 9.439, "Actual Min Total Time": 127.377, "Actual Max Total Time": 144.233, "Actual Rows": 36244343}, {"Node Type": "Hash", "Parent Relationship": "Inner", "Startup Cost": 63002.47, "Total Cost": 63002.47, "Plan Rows": 64, "Plan Width": 4, "Actual Min Startup Time": 0.011, "Actual Max Startup Time": 159.839, "Actual Min Total Time": 0.011, "Actual Max Total Time": 159.839, "Max Hash Buckets": 32768, "Min Hash Buckets": 32768, "Max Hash Batches": 1, "Min Hash Batches": 1, "Max Original Hash Batches": 1, "Min Original Hash Batches": 1, "Max Peak Memory Usage": 1, "min Peak Memory Usage": 1, "Plans": [{"Node Type": "Streaming(type: BROADCAST dop: 64/1)", "Parent Relationship": "Outer", "Startup Cost": 0.0, "Total Cost": 63002.47, "Plan Rows": 64, "Plan Width": 4, "Actual Min Startup Time": 0.003, "Actual Max Startup Time": 159.19, "Actual Min Total Time": 0.003, "Actual Max Total Time": 159.194, "Plans": [{"Node Type": "Seq Scan", "Parent Relationship": "Outer", "Relation Name": "role_type", "Alias": "rt", "Startup Cost": 0.0, "Total Cost": 1.15, "Plan Rows": 1, "Plan Width": 4, "Actual Min Startup Time": 0.04, "Actual Max Startup Time": 0.04, "Actual Min Total Time": 0.044, "Actual Max Total Time": 0.044, "Filter": "((role)::text = 'writer'::text)", "Rows Removed by Filter": 11, "Actual Rows": 1}], "Actual Rows": 64}], "Actual Rows": 64}], "Actual Rows": 2728943}], "Actual Rows": 2728943}], "Actual Rows": 2728943}], "Actual Rows": 2343724}], "Actual Rows": 2343724}, {"Node Type": "Hash", "Parent Relationship": "Inner", "Startup Cost": 169365.79, "Total Cost": 169365.79, "Plan Rows": 2609128, "Plan Width": 29, "Actual Min Startup Time": 4926.029, "Actual Max Startup Time": 4926.029, "Actual Min Total Time": 4926.029, "Actual Max Total Time": 4926.029, "Max Hash Buckets": 4194304, "Min Hash Buckets": 4194304, "Max Hash Batches": 1, "Min Hash Batches": 1, "Max Original Hash Batches": 1, "Min Original Hash Batches": 1, "Max Peak Memory Usage": 164769, "min Peak Memory Usage": 164769, "Plans": [{"Node Type": "Hash Join", "Parent Relationship": "Outer", "Join Type": "Inner", "Startup Cost": 91673.0, "Total Cost": 169365.79, "Plan Rows": 2609128, "Plan Width": 29, "Actual Min Startup Time": 1869.664, "Actual Max Startup Time": 1869.664, "Actual Min Total Time": 3974.511, "Actual Max Total Time": 3974.511, "Inner Unique": true, "Hash Cond": "(mc.movie_id = t.id), (LLVM Optimized, Jit Execute)", "Plans": [{"Node Type": "Seq Scan", "Parent Relationship": "Outer", "Relation Name": "movie_companies", "Alias": "mc", "Startup Cost": 0.0, "Total Cost": 41817.28, "Plan Rows": 2609128, "Plan Width": 8, "Actual Min Startup Time": 0.034, "Actual Max Startup Time": 0.034, "Actual Min Total Time": 573.13, "Actual Max Total Time": 573.13, "Actual Rows": 2609128}, {"Node Type": "Hash", "Parent Relationship": "Inner", "Startup Cost": 60069.11, "Total Cost": 60069.11, "Plan Rows": 2528311, "Plan Width": 21, "Actual Min Startup Time": 1867.154, "Actual Max Startup Time": 1867.154, "Actual Min Total Time": 1867.154, "Actual Max Total Time": 1867.154, "Max Hash Buckets": 4194304, "Min Hash Buckets": 4194304, "Max Hash Batches": 1, "Min Hash Batches": 1, "Max Original Hash Batches": 1, "Min Original Hash Batches": 1, "Max Peak Memory Usage": 135869, "min Peak Memory Usage": 135869, "Plans": [{"Node Type": "Seq Scan", "Parent Relationship": "Outer", "Relation Name": "title", "Alias": "t", "Startup Cost": 0.0, "Total Cost": 60069.11, "Plan Rows": 2528311, "Plan Width": 21, "Actual Min Startup Time": 0.025, "Actual Max Startup Time": 0.025, "Actual Min Total Time": 832.832, "Actual Max Total Time": 832.832, "Actual Rows": 2528311}], "Actual Rows": 2528311}], "Actual Rows": 2609128}], "Actual Rows": 2609128}], "Actual Rows": 4961427}, {"Node Type": "Hash", "Parent Relationship": "Inner", "Startup Cost": 5903.45, "Total Cost": 5903.45, "Plan Rows": 85170, "Plan Width": 4, "Actual Min Startup Time": 113.153, "Actual Max Startup Time": 113.153, "Actual Min Total Time": 113.153, "Actual Max Total Time": 113.153, "Max Hash Buckets": 131072, "Min Hash Buckets": 131072, "Max Hash Batches": 1, "Min Hash Batches": 1, "Max Original Hash Batches": 1, "Min Original Hash Batches": 1, "Max Peak Memory Usage": 2983, "min Peak Memory Usage": 2983, "Plans": [{"Node Type": "Seq Scan", "Parent Relationship": "Outer", "Relation Name": "company_name", "Alias": "cn", "Startup Cost": 0.0, "Total Cost": 5903.45, "Plan Rows": 85170, "Plan Width": 4, "Actual Min Startup Time": 0.07, "Actual Max Startup Time": 0.07, "Actual Min Total Time": 89.97, "Actual Max Total Time": 89.97, "Filter": "((country_code)::text = '[us]'::text)", "Rows Removed by Filter": 150153, "Actual Rows": 84843}], "Actual Rows": 84843}], "Actual Rows": 2487611}], "Actual Rows": 1}, "Triggers": [], "Planner Runtime": 172, "Total Runtime": 10708.533, "Unique SQL Id": 2457761703}}, "(64, 77)": {"explain_plan": {"Plan": {"Node Type": "Aggregate", "Strategy": "Plain", "Startup Cost": 772871.67, "Total Cost": 772871.68, "Plan Rows": 1, "Plan Width": 97, "Plans": [{"Node Type": "Nested Loop", "Parent Relationship": "Outer", "Join Type": "Inner", "Startup Cost": 599201.04, "Total Cost": 771086.18, "Plan Rows": 357098, "Plan Width": 33, "Inner Unique": true, "Join Filter": "(a1.person_id = n1.id), (LLVM Optimized)", "Plans": [{"Node Type": "Merge Join", "Parent Relationship": "Outer", "Join Type": "Inner", "Startup Cost": 599201.04, "Total Cost": 667567.53, "Plan Rows": 357098, "Plan Width": 41, "Inner Unique": false, "Merge Cond": "(ci.person_id = a1.person_id)", "Plans": [{"Node Type": "Sort", "Parent Relationship": "Outer", "Startup Cost": 599200.97, "Total Cost": 600977.12, "Plan Rows": 710459, "Plan Width": 21, "Sort Key": ["ci.person_id"], "Plans": [{"Node Type": "Hash Join", "Parent Relationship": "Outer", "Join Type": "Inner", "Startup Cost": 329665.48, "Total Cost": 530150.07, "Plan Rows": 710459, "Plan Width": 21, "Inner Unique": false, "Hash Cond": "(ci.movie_id = t.id), (LLVM Optimized)", "Plans": [{"Node Type": "Nested Loop", "Parent Relationship": "Outer", "Join Type": "Inner", "Startup Cost": 0.0, "Total Cost": 171418.25, "Plan Rows": 3296318, "Plan Width": 8, "Inner Unique": false, "Plans": [{"Node Type": "Index Scan", "Parent Relationship": "Outer", "Scan Direction": "Forward", "Index Name": "role_type_pkey", "Relation Name": "role_type", "Alias": "rt", "Startup Cost": 0.0, "Total Cost": 12.46, "Plan Rows": 1, "Plan Width": 4, "Filter": "((role)::text = 'writer'::text)"}, {"Node Type": "Index Scan", "Parent Relationship": "Inner", "Scan Direction": "Forward", "Index Name": "role_id_cast_info", "Relation Name": "cast_info", "Alias": "ci", "Startup Cost": 0.0, "Total Cost": 138442.61, "Plan Rows": 3296318, "Plan Width": 12, "Index Cond": "(role_id = rt.id), (LLVM Optimized)"}]}, {"Node Type": "Hash", "Parent Relationship": "Inner", "Startup Cost": 313636.59, "Total Cost": 313636.59, "Plan Rows": 1282311, "Plan Width": 25, "Plans": [{"Node Type": "Hash Join", "Parent Relationship": "Outer", "Join Type": "Inner", "Startup Cost": 11568.59, "Total Cost": 313636.59, "Plan Rows": 1282311, "Plan Width": 25, "Inner Unique": true, "Hash Cond": "(mc.company_id = cn.id), (LLVM Optimized)", "Plans": [{"Node Type": "Merge Join", "Parent Relationship": "Outer", "Join Type": "Inner", "Startup Cost": 2.58, "Total Cost": 279463.24, "Plan Rows": 2609128, "Plan Width": 29, "Inner Unique": false, "Merge Cond": "(t.id = mc.movie_id)", "Plans": [{"Node Type": "Index Scan", "Parent Relationship": "Outer", "Scan Direction": "Forward", "Index Name": "title_pkey", "Relation Name": "title", "Alias": "t", "Startup Cost": 0.0, "Total Cost": 110120.49, "Plan Rows": 2528311, "Plan Width": 21}, {"Node Type": "Index Scan", "Parent Relationship": "Inner", "Scan Direction": "Forward", "Index Name": "movie_id_movie_companies", "Relation Name": "movie_companies", "Alias": "mc", "Startup Cost": 0.0, "Total Cost": 130519.46, "Plan Rows": 2609128, "Plan Width": 8}]}, {"Node Type": "Hash", "Parent Relationship": "Inner", "Startup Cost": 10501.39, "Total Cost": 10501.39, "Plan Rows": 85170, "Plan Width": 4, "Plans": [{"Node Type": "Index Scan", "Parent Relationship": "Outer", "Scan Direction": "Forward", "Index Name": "company_name_pkey", "Relation Name": "company_name", "Alias": "cn", "Startup Cost": 0.0, "Total Cost": 10501.39, "Plan Rows": 85170, "Plan Width": 4, "Filter": "((country_code)::text = '[us]'::text)"}]}]}]}]}]}, {"Node Type": "Index Scan", "Parent Relationship": "Inner", "Scan Direction": "Forward", "Index Name": "person_id_aka_name", "Relation Name": "aka_name", "Alias": "a1", "Startup Cost": 0.0, "Total Cost": 68965.03, "Plan Rows": 901342, "Plan Width": 20}]}, {"Node Type": "Index Scan", "Parent Relationship": "Inner", "Scan Direction": "Forward", "Index Name": "name_pkey", "Relation Name": "name", "Alias": "n1", "Startup Cost": 0.0, "Total Cost": 0.28, "Plan Rows": 1, "Plan Width": 4, "Index Cond": "(id = ci.person_id)"}]}]}, "Unique SQL Id": 2457761703, "Planner Runtime": 114}, "explain_analyze_plan": null}, "(64, 78)": {"explain_plan": {"Plan": {"Node Type": "Aggregate", "Strategy": "Plain", "Startup Cost": 528738.29, "Total Cost": 528738.3, "Plan Rows": 1, "Plan Width": 97, "Plans": [{"Node Type": "Hash Join", "Parent Relationship": "Outer", "Join Type": "Inner", "Startup Cost": 336662.4, "Total Cost": 526952.8, "Plan Rows": 357098, "Plan Width": 33, "Inner Unique": true, "Hash Cond": "(mc.company_id = cn.id), (LLVM Optimized)", "Plans": [{"Node Type": "Hash Join", "Parent Relationship": "Outer", "Join Type": "Inner", "Startup Cost": 329694.33, "Total Cost": 513689.03, "Plan Rows": 726589, "Plan Width": 37, "Inner Unique": false, "Hash Cond": "(ci.movie_id = t.id), (LLVM Optimized)", "Plans": [{"Node Type": "Streaming(type: LOCAL GATHER dop: 1/64)", "Parent Relationship": "Outer", "Startup Cost": 254738.78, "Total Cost": 417857.9, "Plan Rows": 1484588, "Plan Width": 20, "Plans": [{"Node Type": "Hash Join", "Parent Relationship": "Outer", "Join Type": "Inner", "Startup Cost": 254738.78, "Total Cost": 387231.02, "Plan Rows": 1484588, "Plan Width": 20, "Inner Unique": false, "Hash Cond": "(a1.person_id = ci.person_id), (LLVM Optimized)", "Plans": [{"Node Type": "Streaming(type: LOCAL REDISTRIBUTE dop: 64/1)", "Parent Relationship": "Outer", "Startup Cost": 202522.7, "Total Cost": 334446.0, "Plan Rows": 901342, "Plan Width": 24, "Plans": [{"Node Type": "Hash Join", "Parent Relationship": "Outer", "Join Type": "Inner", "Startup Cost": 202522.7, "Total Cost": 234824.58, "Plan Rows": 901342, "Plan Width": 24, "Inner Unique": true, "Hash Cond": "(a1.person_id = n1.id), (LLVM Optimized)", "Plans": [{"Node Type": "Seq Scan", "Parent Relationship": "Outer", "Relation Name": "aka_name", "Alias": "a1", "Startup Cost": 0.0, "Total Cost": 19908.42, "Plan Rows": 901342, "Plan Width": 20}, {"Node Type": "Hash", "Parent Relationship": "Inner", "Startup Cost": 150429.08, "Total Cost": 150429.08, "Plan Rows": 4167490, "Plan Width": 4, "Plans": [{"Node Type": "Streaming(type: LOCAL GATHER dop: 1/64)", "Parent Relationship": "Outer", "Startup Cost": 0.0, "Total Cost": 150429.08, "Plan Rows": 4167490, "Plan Width": 4, "Plans": [{"Node Type": "Seq Scan", "Parent Relationship": "Outer", "Relation Name": "name", "Alias": "n1", "Startup Cost": 0.0, "Total Cost": 64454.25, "Plan Rows": 4167490, "Plan Width": 4}]}]}]}]}, {"Node Type": "Hash", "Parent Relationship": "Inner", "Startup Cost": 203464.29, "Total Cost": 203464.29, "Plan Rows": 3296318, "Plan Width": 8, "Plans": [{"Node Type": "Streaming(type: LOCAL REDISTRIBUTE dop: 64/64)", "Parent Relationship": "Outer", "Startup Cost": 63002.48, "Total Cost": 203464.29, "Plan Rows": 3296318, "Plan Width": 8, "Plans": [{"Node Type": "Hash Join", "Parent Relationship": "Outer", "Join Type": "Inner", "Startup Cost": 63002.48, "Total Cost": 137341.8, "Plan Rows": 3296318, "Plan Width": 8, "Inner Unique": true, "Hash Cond": "(ci.role_id = rt.id), (LLVM Optimized)", "Plans": [{"Node Type": "Seq Scan", "Parent Relationship": "Outer", "Relation Name": "cast_info", "Alias": "ci", "Startup Cost": 0.0, "Total Cost": 72404.34, "Plan Rows": 36259494, "Plan Width": 12}, {"Node Type": "Hash", "Parent Relationship": "Inner", "Startup Cost": 63002.47, "Total Cost": 63002.47, "Plan Rows": 64, "Plan Width": 4, "Plans": [{"Node Type": "Streaming(type: BROADCAST dop: 64/1)", "Parent Relationship": "Outer", "Startup Cost": 0.0, "Total Cost": 63002.47, "Plan Rows": 64, "Plan Width": 4, "Plans": [{"Node Type": "Seq Scan", "Parent Relationship": "Outer", "Relation Name": "role_type", "Alias": "rt", "Startup Cost": 0.0, "Total Cost": 1.15, "Plan Rows": 1, "Plan Width": 4, "Filter": "((role)::text = 'writer'::text)"}]}]}]}]}]}]}]}, {"Node Type": "Hash", "Parent Relationship": "Inner", "Startup Cost": 169365.79, "Total Cost": 169365.79, "Plan Rows": 2609128, "Plan Width": 29, "Plans": [{"Node Type": "Hash Join", "Parent Relationship": "Outer", "Join Type": "Inner", "Startup Cost": 91673.0, "Total Cost": 169365.79, "Plan Rows": 2609128, "Plan Width": 29, "Inner Unique": true, "Hash Cond": "(mc.movie_id = t.id), (LLVM Optimized)", "Plans": [{"Node Type": "Seq Scan", "Parent Relationship": "Outer", "Relation Name": "movie_companies", "Alias": "mc", "Startup Cost": 0.0, "Total Cost": 41817.28, "Plan Rows": 2609128, "Plan Width": 8}, {"Node Type": "Hash", "Parent Relationship": "Inner", "Startup Cost": 60069.11, "Total Cost": 60069.11, "Plan Rows": 2528311, "Plan Width": 21, "Plans": [{"Node Type": "Seq Scan", "Parent Relationship": "Outer", "Relation Name": "title", "Alias": "t", "Startup Cost": 0.0, "Total Cost": 60069.11, "Plan Rows": 2528311, "Plan Width": 21}]}]}]}]}, {"Node Type": "Hash", "Parent Relationship": "Inner", "Startup Cost": 5903.45, "Total Cost": 5903.45, "Plan Rows": 85170, "Plan Width": 4, "Plans": [{"Node Type": "Seq Scan", "Parent Relationship": "Outer", "Relation Name": "company_name", "Alias": "cn", "Startup Cost": 0.0, "Total Cost": 5903.45, "Plan Rows": 85170, "Plan Width": 4, "Filter": "((country_code)::text = '[us]'::text)"}]}]}]}, "Unique SQL Id": 2457761703, "Planner Runtime": 184}, "explain_analyze_plan": {"Plan": {"Node Type": "Aggregate", "Strategy": "Plain", "Startup Cost": 528738.29, "Total Cost": 528738.3, "Plan Rows": 1, "Plan Width": 97, "Actual Min Startup Time": 10653.339, "Actual Max Startup Time": 10653.339, "Actual Min Total Time": 10653.34, "Actual Max Total Time": 10653.34, "Plans": [{"Node Type": "Hash Join", "Parent Relationship": "Outer", "Join Type": "Inner", "Startup Cost": 336662.4, "Total Cost": 526952.8, "Plan Rows": 357098, "Plan Width": 33, "Actual Min Startup Time": 5045.785, "Actual Max Startup Time": 5045.785, "Actual Min Total Time": 9470.761, "Actual Max Total Time": 9470.761, "Inner Unique": true, "Hash Cond": "(mc.company_id = cn.id), (LLVM Optimized, Jit Execute)", "Plans": [{"Node Type": "Hash Join", "Parent Relationship": "Outer", "Join Type": "Inner", "Startup Cost": 329694.33, "Total Cost": 513689.03, "Plan Rows": 726589, "Plan Width": 37, "Actual Min Startup Time": 4932.473, "Actual Max Startup Time": 4932.473, "Actual Min Total Time": 8014.504, "Actual Max Total Time": 8014.504, "Inner Unique": false, "Hash Cond": "(ci.movie_id = t.id), (LLVM Optimized, Jit Execute)", "Plans": [{"Node Type": "Streaming(type: LOCAL GATHER dop: 1/64)", "Parent Relationship": "Outer", "Startup Cost": 254738.78, "Total Cost": 417857.9, "Plan Rows": 1484588, "Plan Width": 20, "Actual Min Startup Time": 0.149, "Actual Max Startup Time": 0.149, "Actual Min Total Time": 1136.935, "Actual Max Total Time": 1136.935, "Plans": [{"Node Type": "Hash Join", "Parent Relationship": "Outer", "Join Type": "Inner", "Startup Cost": 254738.78, "Total Cost": 387231.02, "Plan Rows": 1484588, "Plan Width": 20, "Actual Min Startup Time": 2400.847, "Actual Max Startup Time": 4561.54, "Actual Min Total Time": 6405.607, "Actual Max Total Time": 9204.271, "Inner Unique": false, "Hash Cond": "(a1.person_id = ci.person_id), (LLVM Optimized, Jit Execute)", "Plans": [{"Node Type": "Streaming(type: LOCAL REDISTRIBUTE dop: 64/1)", "Parent Relationship": "Outer", "Startup Cost": 202522.7, "Total Cost": 334446.0, "Plan Rows": 901342, "Plan Width": 24, "Actual Min Startup Time": 2082.179, "Actual Max Startup Time": 4189.143, "Actual Min Total Time": 5973.318, "Actual Max Total Time": 8689.53, "Plans": [{"Node Type": "Hash Join", "Parent Relationship": "Outer", "Join Type": "Inner", "Startup Cost": 202522.7, "Total Cost": 234824.58, "Plan Rows": 901342, "Plan Width": 24, "Actual Min Startup Time": 2391.386, "Actual Max Startup Time": 2391.386, "Actual Min Total Time": 3134.379, "Actual Max Total Time": 3134.379, "Inner Unique": true, "Hash Cond": "(a1.person_id = n1.id), (LLVM Optimized, Jit Execute)", "Plans": [{"Node Type": "Seq Scan", "Parent Relationship": "Outer", "Relation Name": "aka_name", "Alias": "a1", "Startup Cost": 0.0, "Total Cost": 19908.42, "Plan Rows": 901342, "Plan Width": 20, "Actual Min Startup Time": 0.031, "Actual Max Startup Time": 0.031, "Actual Min Total Time": 226.0, "Actual Max Total Time": 226.0, "Actual Rows": 901342}, {"Node Type": "Hash", "Parent Relationship": "Inner", "Startup Cost": 150429.08, "Total Cost": 150429.08, "Plan Rows": 4167490, "Plan Width": 4, "Actual Min Startup Time": 2388.72, "Actual Max Startup Time": 2388.72, "Actual Min Total Time": 2388.72, "Actual Max Total Time": 2388.72, "Max Hash Buckets": 4194304, "Min Hash Buckets": 4194304, "Max Hash Batches": 1, "Min Hash Batches": 1, "Max Original Hash Batches": 1, "Min Original Hash Batches": 1, "Max Peak Memory Usage": 146514, "min Peak Memory Usage": 146514, "Plans": [{"Node Type": "Streaming(type: LOCAL GATHER dop: 1/64)", "Parent Relationship": "Outer", "Startup Cost": 0.0, "Total Cost": 150429.08, "Plan Rows": 4167490, "Plan Width": 4, "Actual Min Startup Time": 0.144, "Actual Max Startup Time": 0.144, "Actual Min Total Time": 1203.473, "Actual Max Total Time": 1203.473, "Plans": [{"Node Type": "Seq Scan", "Parent Relationship": "Outer", "Relation Name": "name", "Alias": "n1", "Startup Cost": 0.0, "Total Cost": 64454.25, "Plan Rows": 4167490, "Plan Width": 4, "Actual Min Startup Time": 0.019, "Actual Max Startup Time": 0.041, "Actual Min Total Time": 18.918, "Actual Max Total Time": 22.367, "Actual Rows": 4167490}], "Actual Rows": 4167490}], "Actual Rows": 4167490}], "Actual Rows": 901342}], "Actual Rows": 901342}, {"Node Type": "Hash", "Parent Relationship": "Inner", "Startup Cost": 203464.29, "Total Cost": 203464.29, "Plan Rows": 3296318, "Plan Width": 8, "Actual Min Startup Time": 314.974, "Actual Max Startup Time": 620.859, "Actual Min Total Time": 314.974, "Actual Max Total Time": 620.859, "Max Hash Buckets": 65536, "Min Hash Buckets": 65536, "Max Hash Batches": 1, "Min Hash Batches": 1, "Max Original Hash Batches": 1, "Min Original Hash Batches": 1, "Max Peak Memory Usage": 1483, "min Peak Memory Usage": 1483, "Plans": [{"Node Type": "Streaming(type: LOCAL REDISTRIBUTE dop: 64/64)", "Parent Relationship": "Outer", "Startup Cost": 63002.48, "Total Cost": 203464.29, "Plan Rows": 3296318, "Plan Width": 8, "Actual Min Startup Time": 0.106, "Actual Max Startup Time": 297.598, "Actual Min Total Time": 304.117, "Actual Max Total Time": 610.951, "Plans": [{"Node Type": "Hash Join", "Parent Relationship": "Outer", "Join Type": "Inner", "Startup Cost": 63002.48, "Total Cost": 137341.8, "Plan Rows": 3296318, "Plan Width": 8, "Actual Min Startup Time": 151.808, "Actual Max Startup Time": 321.453, "Actual Min Total Time": 242.856, "Actual Max Total Time": 411.34, "Inner Unique": true, "Hash Cond": "(ci.role_id = rt.id), (LLVM Optimized, Jit Execute)", "Plans": [{"Node Type": "Seq Scan", "Parent Relationship": "Outer", "Relation Name": "cast_info", "Alias": "ci", "Startup Cost": 0.0, "Total Cost": 72404.34, "Plan Rows": 36259494, "Plan Width": 12, "Actual Min Startup Time": 0.025, "Actual Max Startup Time": 9.439, "Actual Min Total Time": 127.377, "Actual Max Total Time": 144.233, "Actual Rows": 36244343}, {"Node Type": "Hash", "Parent Relationship": "Inner", "Startup Cost": 63002.47, "Total Cost": 63002.47, "Plan Rows": 64, "Plan Width": 4, "Actual Min Startup Time": 0.011, "Actual Max Startup Time": 159.839, "Actual Min Total Time": 0.011, "Actual Max Total Time": 159.839, "Max Hash Buckets": 32768, "Min Hash Buckets": 32768, "Max Hash Batches": 1, "Min Hash Batches": 1, "Max Original Hash Batches": 1, "Min Original Hash Batches": 1, "Max Peak Memory Usage": 1, "min Peak Memory Usage": 1, "Plans": [{"Node Type": "Streaming(type: BROADCAST dop: 64/1)", "Parent Relationship": "Outer", "Startup Cost": 0.0, "Total Cost": 63002.47, "Plan Rows": 64, "Plan Width": 4, "Actual Min Startup Time": 0.003, "Actual Max Startup Time": 159.19, "Actual Min Total Time": 0.003, "Actual Max Total Time": 159.194, "Plans": [{"Node Type": "Seq Scan", "Parent Relationship": "Outer", "Relation Name": "role_type", "Alias": "rt", "Startup Cost": 0.0, "Total Cost": 1.15, "Plan Rows": 1, "Plan Width": 4, "Actual Min Startup Time": 0.04, "Actual Max Startup Time": 0.04, "Actual Min Total Time": 0.044, "Actual Max Total Time": 0.044, "Filter": "((role)::text = 'writer'::text)", "Rows Removed by Filter": 11, "Actual Rows": 1}], "Actual Rows": 64}], "Actual Rows": 64}], "Actual Rows": 2728943}], "Actual Rows": 2728943}], "Actual Rows": 2728943}], "Actual Rows": 2343724}], "Actual Rows": 2343724}, {"Node Type": "Hash", "Parent Relationship": "Inner", "Startup Cost": 169365.79, "Total Cost": 169365.79, "Plan Rows": 2609128, "Plan Width": 29, "Actual Min Startup Time": 4926.029, "Actual Max Startup Time": 4926.029, "Actual Min Total Time": 4926.029, "Actual Max Total Time": 4926.029, "Max Hash Buckets": 4194304, "Min Hash Buckets": 4194304, "Max Hash Batches": 1, "Min Hash Batches": 1, "Max Original Hash Batches": 1, "Min Original Hash Batches": 1, "Max Peak Memory Usage": 164769, "min Peak Memory Usage": 164769, "Plans": [{"Node Type": "Hash Join", "Parent Relationship": "Outer", "Join Type": "Inner", "Startup Cost": 91673.0, "Total Cost": 169365.79, "Plan Rows": 2609128, "Plan Width": 29, "Actual Min Startup Time": 1869.664, "Actual Max Startup Time": 1869.664, "Actual Min Total Time": 3974.511, "Actual Max Total Time": 3974.511, "Inner Unique": true, "Hash Cond": "(mc.movie_id = t.id), (LLVM Optimized, Jit Execute)", "Plans": [{"Node Type": "Seq Scan", "Parent Relationship": "Outer", "Relation Name": "movie_companies", "Alias": "mc", "Startup Cost": 0.0, "Total Cost": 41817.28, "Plan Rows": 2609128, "Plan Width": 8, "Actual Min Startup Time": 0.034, "Actual Max Startup Time": 0.034, "Actual Min Total Time": 573.13, "Actual Max Total Time": 573.13, "Actual Rows": 2609128}, {"Node Type": "Hash", "Parent Relationship": "Inner", "Startup Cost": 60069.11, "Total Cost": 60069.11, "Plan Rows": 2528311, "Plan Width": 21, "Actual Min Startup Time": 1867.154, "Actual Max Startup Time": 1867.154, "Actual Min Total Time": 1867.154, "Actual Max Total Time": 1867.154, "Max Hash Buckets": 4194304, "Min Hash Buckets": 4194304, "Max Hash Batches": 1, "Min Hash Batches": 1, "Max Original Hash Batches": 1, "Min Original Hash Batches": 1, "Max Peak Memory Usage": 135869, "min Peak Memory Usage": 135869, "Plans": [{"Node Type": "Seq Scan", "Parent Relationship": "Outer", "Relation Name": "title", "Alias": "t", "Startup Cost": 0.0, "Total Cost": 60069.11, "Plan Rows": 2528311, "Plan Width": 21, "Actual Min Startup Time": 0.025, "Actual Max Startup Time": 0.025, "Actual Min Total Time": 832.832, "Actual Max Total Time": 832.832, "Actual Rows": 2528311}], "Actual Rows": 2528311}], "Actual Rows": 2609128}], "Actual Rows": 2609128}], "Actual Rows": 4961427}, {"Node Type": "Hash", "Parent Relationship": "Inner", "Startup Cost": 5903.45, "Total Cost": 5903.45, "Plan Rows": 85170, "Plan Width": 4, "Actual Min Startup Time": 113.153, "Actual Max Startup Time": 113.153, "Actual Min Total Time": 113.153, "Actual Max Total Time": 113.153, "Max Hash Buckets": 131072, "Min Hash Buckets": 131072, "Max Hash Batches": 1, "Min Hash Batches": 1, "Max Original Hash Batches": 1, "Min Original Hash Batches": 1, "Max Peak Memory Usage": 2983, "min Peak Memory Usage": 2983, "Plans": [{"Node Type": "Seq Scan", "Parent Relationship": "Outer", "Relation Name": "company_name", "Alias": "cn", "Startup Cost": 0.0, "Total Cost": 5903.45, "Plan Rows": 85170, "Plan Width": 4, "Actual Min Startup Time": 0.07, "Actual Max Startup Time": 0.07, "Actual Min Total Time": 89.97, "Actual Max Total Time": 89.97, "Filter": "((country_code)::text = '[us]'::text)", "Rows Removed by Filter": 150153, "Actual Rows": 84843}], "Actual Rows": 84843}], "Actual Rows": 2487611}], "Actual Rows": 1}, "Triggers": [], "Planner Runtime": 172, "Total Runtime": 10708.533, "Unique SQL Id": 2457761703}}, "(64, 79)": {"explain_plan": {"Plan": {"Node Type": "Aggregate", "Strategy": "Plain", "Startup Cost": 6720948132520.17, "Total Cost": 6720948132520.18, "Plan Rows": 1, "Plan Width": 97, "Plans": [{"Node Type": "Hash Join", "Parent Relationship": "Outer", "Join Type": "Inner", "Startup Cost": 4029125744837.46, "Total Cost": 6720948130734.68, "Plan Rows": 357098, "Plan Width": 33, "Inner Unique": false, "Hash Cond": "(ci.movie_id = t.id), (LLVM Optimized)", "Plans": [{"Node Type": "Hash Join", "Parent Relationship": "Outer", "Join Type": "Inner", "Startup Cost": 1030049898442.37, "Total Cost": 3721872271248.76, "Plan Rows": 1484588, "Plan Width": 20, "Inner Unique": true, "Hash Cond": "(ci.role_id = rt.id), (LLVM Optimized)", "Plans": [{"Node Type": "Merge Join", "Parent Relationship": "Outer", "Join Type": "Inner", "Startup Cost": 30049897196.36, "Total Cost": 2721872214228.63, "Plan Rows": 16330470, "Plan Width": 24, "Inner Unique": false, "Merge Cond": "(a1.person_id = ci.person_id)", "Plans": [{"Node Type": "Merge Join", "Parent Relationship": "Outer", "Join Type": "Inner", "Startup Cost": 20030754356.47, "Total Cost": 2000007674895.99, "Plan Rows": 901342, "Plan Width": 24, "Inner Unique": true, "Merge Cond": "(a1.person_id = n1.id)", "Plans": [{"Node Type": "Index Scan", "Parent Relationship": "Outer", "Scan Direction": "Forward", "Index Name": "person_id_aka_name", "Relation Name": "aka_name", "Alias": "a1", "Startup Cost": 10000000000.0, "Total Cost": 1000006896503.43, "Plan Rows": 901342, "Plan Width": 20}, {"Node Type": "Index Scan", "Parent Relationship": "Inner", "Scan Direction": "Forward", "Index Name": "name_pkey", "Relation Name": "name", "Alias": "n1", "Startup Cost": 10000000000.0, "Total Cost": 1000017623274.7, "Plan Rows": 4167490, "Plan Width": 4}]}, {"Node Type": "Index Scan", "Parent Relationship": "Inner", "Scan Direction": "Forward", "Index Name": "person_id_cast_info", "Relation Name": "cast_info", "Alias": "ci", "Startup Cost": 10000000000.0, "Total Cost": 1000170648833.21, "Plan Rows": 36259494, "Plan Width": 12}]}, {"Node Type": "Hash", "Parent Relationship": "Inner", "Startup Cost": 1000000001246.0, "Total Cost": 1000000001246.0, "Plan Rows": 1, "Plan Width": 4, "Plans": [{"Node Type": "Index Scan", "Parent Relationship": "Outer", "Scan Direction": "Forward", "Index Name": "role_type_pkey", "Relation Name": "role_type", "Alias": "rt", "Startup Cost": 10000000000.0, "Total Cost": 1000000001246.0, "Plan Rows": 1, "Plan Width": 4, "Filter": "((role)::text = 'writer'::text)"}]}]}, {"Node Type": "Hash", "Parent Relationship": "Inner", "Startup Cost": 2999075830366.2, "Total Cost": 2999075830366.2, "Plan Rows": 1282311, "Plan Width": 25, "Plans": [{"Node Type": "Merge Join", "Parent Relationship": "Outer", "Join Type": "Inner", "Startup Cost": 2010035495066.48, "Total Cost": 2999075830366.2, "Plan Rows": 1282311, "Plan Width": 25, "Inner Unique": true, "Merge Cond": "(mc.movie_id = t.id)", "Plans": [{"Node Type": "Sort", "Parent Relationship": "Outer", "Startup Cost": 2000013567140.28, "Total Cost": 2000013570346.05, "Plan Rows": 1282311, "Plan Width": 4, "Sort Key": ["mc.movie_id"], "Plans": [{"Node Type": "Merge Join", "Parent Relationship": "Outer", "Join Type": "Inner", "Startup Cost": 45724640147.62, "Total Cost": 2000013437047.81, "Plan Rows": 1282311, "Plan Width": 4, "Inner Unique": false, "Merge Cond": "(cn.id = mc.company_id)", "Plans": [{"Node Type": "Index Scan", "Parent Relationship": "Outer", "Scan Direction": "Forward", "Index Name": "company_name_pkey", "Relation Name": "company_name", "Alias": "cn", "Startup Cost": 10000000000.0, "Total Cost": 1000001050138.97, "Plan Rows": 85170, "Plan Width": 4, "Filter": "((country_code)::text = '[us]'::text)"}, {"Node Type": "Index Scan", "Parent Relationship": "Inner", "Scan Direction": "Forward", "Index Name": "company_id_movie_companies", "Relation Name": "movie_companies", "Alias": "mc", "Startup Cost": 10000000000.0, "Total Cost": 1000012367349.98, "Plan Rows": 2609128, "Plan Width": 8}]}]}, {"Node Type": "Index Scan", "Parent Relationship": "Inner", "Scan Direction": "Forward", "Index Name": "title_pkey", "Relation Name": "title", "Alias": "t", "Startup Cost": 10000000000.0, "Total Cost": 1000011012048.91, "Plan Rows": 2528311, "Plan Width": 21}]}]}]}]}, "Unique SQL Id": 2457761703, "Planner Runtime": 149}, "explain_analyze_plan": null}, "(64, 80)": {"explain_plan": {"Plan": {"Node Type": "Aggregate", "Strategy": "Plain", "Startup Cost": 1194615.66, "Total Cost": 1194615.67, "Plan Rows": 1, "Plan Width": 97, "Plans": [{"Node Type": "Nested Loop", "Parent Relationship": "Outer", "Join Type": "Inner", "Startup Cost": 920804.93, "Total Cost": 1192830.17, "Plan Rows": 357098, "Plan Width": 33, "Inner Unique": true, "Join Filter": "(a1.person_id = n1.id), (LLVM Optimized)", "Plans": [{"Node Type": "Nested Loop", "Parent Relationship": "Outer", "Join Type": "Inner", "Startup Cost": 920804.93, "Total Cost": 1091336.23, "Plan Rows": 357098, "Plan Width": 41, "Inner Unique": true, "Plans": [{"Node Type": "Merge Join", "Parent Relationship": "Outer", "Join Type": "Inner", "Startup Cost": 920804.93, "Total Cost": 989533.89, "Plan Rows": 357379, "Plan Width": 32, "Inner Unique": false, "Merge Cond": "(a1.person_id = ci.person_id)", "Plans": [{"Node Type": "Index Scan", "Parent Relationship": "Outer", "Scan Direction": "Forward", "Index Name": "person_id_aka_name", "Relation Name": "aka_name", "Alias": "a1", "Startup Cost": 0.0, "Total Cost": 68965.03, "Plan Rows": 901342, "Plan Width": 20}, {"Node Type": "Sort", "Parent Relationship": "Inner", "Startup Cost": 920804.86, "Total Cost": 922582.4, "Plan Rows": 711018, "Plan Width": 12, "Sort Key": ["ci.person_id"], "Plans": [{"Node Type": "Merge Join", "Parent Relationship": "Outer", "Join Type": "Inner", "Startup Cost": 812099.84, "Total Cost": 851695.59, "Plan Rows": 711018, "Plan Width": 12, "Inner Unique": false, "Merge Cond": "(mc.movie_id = ci.movie_id)", "Plans": [{"Node Type": "Sort", "Parent Relationship": "Outer", "Startup Cost": 283826.21, "Total Cost": 287031.99, "Plan Rows": 1282311, "Plan Width": 4, "Sort Key": ["mc.movie_id"], "Plans": [{"Node Type": "Merge Join", "Parent Relationship": "Outer", "Join Type": "Inner", "Startup Cost": 3383.04, "Total Cost": 153733.74, "Plan Rows": 1282311, "Plan Width": 4, "Inner Unique": false, "Merge Cond": "(cn.id = mc.company_id)", "Plans": [{"Node Type": "Index Scan", "Parent Relationship": "Outer", "Scan Direction": "Forward", "Index Name": "company_name_pkey", "Relation Name": "company_name", "Alias": "cn", "Startup Cost": 0.0, "Total Cost": 10501.39, "Plan Rows": 85170, "Plan Width": 4, "Filter": "((country_code)::text = '[us]'::text)"}, {"Node Type": "Index Scan", "Parent Relationship": "Inner", "Scan Direction": "Forward", "Index Name": "company_id_movie_companies", "Relation Name": "movie_companies", "Alias": "mc", "Startup Cost": 0.0, "Total Cost": 123673.5, "Plan Rows": 2609128, "Plan Width": 8}]}]}, {"Node Type": "Sort", "Parent Relationship": "Inner", "Startup Cost": 528273.31, "Total Cost": 536514.11, "Plan Rows": 3296318, "Plan Width": 8, "Sort Key": ["ci.movie_id"], "Plans": [{"Node Type": "Nested Loop", "Parent Relationship": "Outer", "Join Type": "Inner", "Startup Cost": 0.0, "Total Cost": 171406.94, "Plan Rows": 3296318, "Plan Width": 8, "Inner Unique": false, "Plans": [{"Node Type": "Seq Scan", "Parent Relationship": "Outer", "Relation Name": "role_type", "Alias": "rt", "Startup Cost": 0.0, "Total Cost": 1.15, "Plan Rows": 1, "Plan Width": 4, "Filter": "((role)::text = 'writer'::text)"}, {"Node Type": "Index Scan", "Parent Relationship": "Inner", "Scan Direction": "Forward", "Index Name": "role_id_cast_info", "Relation Name": "cast_info", "Alias": "ci", "Startup Cost": 0.0, "Total Cost": 138442.61, "Plan Rows": 3296318, "Plan Width": 12, "Index Cond": "(role_id = rt.id), (LLVM Optimized)"}]}]}]}]}]}, {"Node Type": "Index Scan", "Parent Relationship": "Inner", "Scan Direction": "Forward", "Index Name": "title_pkey", "Relation Name": "title", "Alias": "t", "Startup Cost": 0.0, "Total Cost": 0.27, "Plan Rows": 1, "Plan Width": 21, "Index Cond": "(id = ci.movie_id)"}]}, {"Node Type": "Index Only Scan", "Parent Relationship": "Inner", "Scan Direction": "Forward", "Index Name": "name_pkey", "Relation Name": "name", "Alias": "n1", "Startup Cost": 0.0, "Total Cost": 0.27, "Plan Rows": 1, "Plan Width": 4, "Index Cond": "(id = ci.person_id)"}]}]}, "Unique SQL Id": 2457761703, "Planner Runtime": 43}, "explain_analyze_plan": null}, "(64, 81)": {"explain_plan": {"Plan": {"Node Type": "Aggregate", "Strategy": "Plain", "Startup Cost": 1194626.97, "Total Cost": 1194626.98, "Plan Rows": 1, "Plan Width": 97, "Plans": [{"Node Type": "Nested Loop", "Parent Relationship": "Outer", "Join Type": "Inner", "Startup Cost": 920816.24, "Total Cost": 1192841.48, "Plan Rows": 357098, "Plan Width": 33, "Inner Unique": true, "Join Filter": "(a1.person_id = n1.id), (LLVM Optimized)", "Plans": [{"Node Type": "Nested Loop", "Parent Relationship": "Outer", "Join Type": "Inner", "Startup Cost": 920816.24, "Total Cost": 1091347.54, "Plan Rows": 357098, "Plan Width": 41, "Inner Unique": true, "Plans": [{"Node Type": "Merge Join", "Parent Relationship": "Outer", "Join Type": "Inner", "Startup Cost": 920816.24, "Total Cost": 989545.2, "Plan Rows": 357379, "Plan Width": 32, "Inner Unique": false, "Merge Cond": "(a1.person_id = ci.person_id)", "Plans": [{"Node Type": "Index Scan", "Parent Relationship": "Outer", "Scan Direction": "Forward", "Index Name": "person_id_aka_name", "Relation Name": "aka_name", "Alias": "a1", "Startup Cost": 0.0, "Total Cost": 68965.03, "Plan Rows": 901342, "Plan Width": 20}, {"Node Type": "Sort", "Parent Relationship": "Inner", "Startup Cost": 920816.17, "Total Cost": 922593.71, "Plan Rows": 711018, "Plan Width": 12, "Sort Key": ["ci.person_id"], "Plans": [{"Node Type": "Merge Join", "Parent Relationship": "Outer", "Join Type": "Inner", "Startup Cost": 812111.15, "Total Cost": 851706.9, "Plan Rows": 711018, "Plan Width": 12, "Inner Unique": false, "Merge Cond": "(mc.movie_id = ci.movie_id)", "Plans": [{"Node Type": "Sort", "Parent Relationship": "Outer", "Startup Cost": 283826.21, "Total Cost": 287031.99, "Plan Rows": 1282311, "Plan Width": 4, "Sort Key": ["mc.movie_id"], "Plans": [{"Node Type": "Merge Join", "Parent Relationship": "Outer", "Join Type": "Inner", "Startup Cost": 3383.04, "Total Cost": 153733.74, "Plan Rows": 1282311, "Plan Width": 4, "Inner Unique": false, "Merge Cond": "(cn.id = mc.company_id)", "Plans": [{"Node Type": "Index Scan", "Parent Relationship": "Outer", "Scan Direction": "Forward", "Index Name": "company_name_pkey", "Relation Name": "company_name", "Alias": "cn", "Startup Cost": 0.0, "Total Cost": 10501.39, "Plan Rows": 85170, "Plan Width": 4, "Filter": "((country_code)::text = '[us]'::text)"}, {"Node Type": "Index Scan", "Parent Relationship": "Inner", "Scan Direction": "Forward", "Index Name": "company_id_movie_companies", "Relation Name": "movie_companies", "Alias": "mc", "Startup Cost": 0.0, "Total Cost": 123673.5, "Plan Rows": 2609128, "Plan Width": 8}]}]}, {"Node Type": "Sort", "Parent Relationship": "Inner", "Startup Cost": 528284.62, "Total Cost": 536525.42, "Plan Rows": 3296318, "Plan Width": 8, "Sort Key": ["ci.movie_id"], "Plans": [{"Node Type": "Nested Loop", "Parent Relationship": "Outer", "Join Type": "Inner", "Startup Cost": 0.0, "Total Cost": 171418.25, "Plan Rows": 3296318, "Plan Width": 8, "Inner Unique": false, "Plans": [{"Node Type": "Index Scan", "Parent Relationship": "Outer", "Scan Direction": "Forward", "Index Name": "role_type_pkey", "Relation Name": "role_type", "Alias": "rt", "Startup Cost": 0.0, "Total Cost": 12.46, "Plan Rows": 1, "Plan Width": 4, "Filter": "((role)::text = 'writer'::text)"}, {"Node Type": "Index Scan", "Parent Relationship": "Inner", "Scan Direction": "Forward", "Index Name": "role_id_cast_info", "Relation Name": "cast_info", "Alias": "ci", "Startup Cost": 0.0, "Total Cost": 138442.61, "Plan Rows": 3296318, "Plan Width": 12, "Index Cond": "(role_id = rt.id), (LLVM Optimized)"}]}]}]}]}]}, {"Node Type": "Index Scan", "Parent Relationship": "Inner", "Scan Direction": "Forward", "Index Name": "title_pkey", "Relation Name": "title", "Alias": "t", "Startup Cost": 0.0, "Total Cost": 0.27, "Plan Rows": 1, "Plan Width": 21, "Index Cond": "(id = ci.movie_id)"}]}, {"Node Type": "Index Only Scan", "Parent Relationship": "Inner", "Scan Direction": "Forward", "Index Name": "name_pkey", "Relation Name": "name", "Alias": "n1", "Startup Cost": 0.0, "Total Cost": 0.27, "Plan Rows": 1, "Plan Width": 4, "Index Cond": "(id = ci.person_id)"}]}]}, "Unique SQL Id": 2457761703, "Planner Runtime": 42}, "explain_analyze_plan": null}, "(64, 82)": {"explain_plan": {"Plan": {"Node Type": "Aggregate", "Strategy": "Plain", "Startup Cost": 3346738.97, "Total Cost": 3346738.98, "Plan Rows": 1, "Plan Width": 97, "Plans": [{"Node Type": "Nested Loop", "Parent Relationship": "Outer", "Join Type": "Inner", "Startup Cost": 1803946.7, "Total Cost": 3344953.48, "Plan Rows": 357098, "Plan Width": 33, "Inner Unique": true, "Join Filter": "(a1.person_id = n1.id), (LLVM Optimized)", "Plans": [{"Node Type": "Merge Join", "Parent Relationship": "Outer", "Join Type": "Inner", "Startup Cost": 1803946.44, "Total Cost": 1814978.27, "Plan Rows": 357098, "Plan Width": 41, "Inner Unique": false, "Merge Cond": "(ci.person_id = a1.person_id)", "Plans": [{"Node Type": "Sort", "Parent Relationship": "Outer", "Startup Cost": 1694887.5, "Total Cost": 1696663.64, "Plan Rows": 710459, "Plan Width": 21, "Sort Key": ["ci.person_id"], "Plans": [{"Node Type": "Merge Join", "Parent Relationship": "Outer", "Join Type": "Inner", "Startup Cost": 1564728.72, "Total Cost": 1625836.59, "Plan Rows": 710459, "Plan Width": 21, "Inner Unique": true, "Merge Cond": "(ci.movie_id = t.id)", "Plans": [{"Node Type": "Merge Join", "Parent Relationship": "Outer", "Join Type": "Inner", "Startup Cost": 1235776.7, "Total Cost": 1275372.45, "Plan Rows": 711018, "Plan Width": 12, "Inner Unique": false, "Merge Cond": "(mc.movie_id = ci.movie_id)", "Plans": [{"Node Type": "Sort", "Parent Relationship": "Outer", "Startup Cost": 489151.99, "Total Cost": 492357.77, "Plan Rows": 1282311, "Plan Width": 4, "Sort Key": ["mc.movie_id"], "Plans": [{"Node Type": "Merge Join", "Parent Relationship": "Outer", "Join Type": "Inner", "Startup Cost": 333103.9, "Total Cost": 359059.52, "Plan Rows": 1282311, "Plan Width": 4, "Inner Unique": false, "Merge Cond": "(cn.id = mc.company_id)", "Plans": [{"Node Type": "Sort", "Parent Relationship": "Outer", "Startup Cost": 12878.05, "Total Cost": 13090.97, "Plan Rows": 85170, "Plan Width": 4, "Sort Key": ["cn.id"], "Plans": [{"Node Type": "Seq Scan", "Parent Relationship": "Outer", "Relation Name": "company_name", "Alias": "cn", "Startup Cost": 0.0, "Total Cost": 5903.45, "Plan Rows": 85170, "Plan Width": 4, "Filter": "((country_code)::text = '[us]'::text)"}]}, {"Node Type": "Sort", "Parent Relationship": "Inner", "Startup Cost": 319886.87, "Total Cost": 326409.69, "Plan Rows": 2609128, "Plan Width": 8, "Sort Key": ["mc.company_id"], "Plans": [{"Node Type": "Seq Scan", "Parent Relationship": "Outer", "Relation Name": "movie_companies", "Alias": "mc", "Startup Cost": 0.0, "Total Cost": 41817.28, "Plan Rows": 2609128, "Plan Width": 8}]}]}]}, {"Node Type": "Sort", "Parent Relationship": "Inner", "Startup Cost": 746624.39, "Total Cost": 754865.19, "Plan Rows": 3296318, "Plan Width": 8, "Sort Key": ["ci.movie_id"], "Plans": [{"Node Type": "Nested Loop", "Parent Relationship": "Outer", "Join Type": "Inner", "Startup Cost": 76306.71, "Total Cost": 389758.02, "Plan Rows": 3296318, "Plan Width": 8, "Inner Unique": false, "Plans": [{"Node Type": "Seq Scan", "Parent Relationship": "Outer", "Relation Name": "role_type", "Alias": "rt", "Startup Cost": 0.0, "Total Cost": 1.15, "Plan Rows": 1, "Plan Width": 4, "Filter": "((role)::text = 'writer'::text)"}, {"Node Type": "Bitmap Heap Scan", "Parent Relationship": "Inner", "Relation Name": "cast_info", "Alias": "ci", "Startup Cost": 76306.71, "Total Cost": 356793.69, "Plan Rows": 3296318, "Plan Width": 12, "Recheck Cond": "(role_id = rt.id), (LLVM Optimized)", "Plans": [{"Node Type": "Bitmap Index Scan", "Parent Relationship": "Outer", "Index Name": "role_id_cast_info", "Startup Cost": 0.0, "Total Cost": 75482.63, "Plan Rows": 3296318, "Plan Width": 0, "Index Cond": "(role_id = rt.id)"}]}]}]}]}, {"Node Type": "Sort", "Parent Relationship": "Inner", "Startup Cost": 328951.73, "Total Cost": 335272.51, "Plan Rows": 2528311, "Plan Width": 21, "Sort Key": ["t.id"], "Plans": [{"Node Type": "Seq Scan", "Parent Relationship": "Outer", "Relation Name": "title", "Alias": "t", "Startup Cost": 0.0, "Total Cost": 60069.11, "Plan Rows": 2528311, "Plan Width": 21}]}]}]}, {"Node Type": "Sort", "Parent Relationship": "Inner", "Startup Cost": 109058.87, "Total Cost": 111312.23, "Plan Rows": 901342, "Plan Width": 20, "Sort Key": ["a1.person_id"], "Plans": [{"Node Type": "Seq Scan", "Parent Relationship": "Outer", "Relation Name": "aka_name", "Alias": "a1", "Startup Cost": 0.0, "Total Cost": 19908.42, "Plan Rows": 901342, "Plan Width": 20}]}]}, {"Node Type": "Bitmap Heap Scan", "Parent Relationship": "Inner", "Relation Name": "name", "Alias": "n1", "Startup Cost": 0.26, "Total Cost": 4.27, "Plan Rows": 1, "Plan Width": 4, "Recheck Cond": "(id = ci.person_id)", "Plans": [{"Node Type": "Bitmap Index Scan", "Parent Relationship": "Outer", "Index Name": "name_pkey", "Startup Cost": 0.0, "Total Cost": 0.26, "Plan Rows": 1, "Plan Width": 0, "Index Cond": "(id = ci.person_id)"}]}]}]}, "Unique SQL Id": 2457761703, "Planner Runtime": 38}, "explain_analyze_plan": null}, "(64, 83)": {"explain_plan": {"Plan": {"Node Type": "Aggregate", "Strategy": "Plain", "Startup Cost": 2599287.33, "Total Cost": 2599287.34, "Plan Rows": 1, "Plan Width": 97, "Plans": [{"Node Type": "Merge Join", "Parent Relationship": "Outer", "Join Type": "Inner", "Startup Cost": 2561169.56, "Total Cost": 2597501.84, "Plan Rows": 357098, "Plan Width": 33, "Inner Unique": true, "Merge Cond": "(a1.person_id = n1.id)", "Plans": [{"Node Type": "Merge Join", "Parent Relationship": "Outer", "Join Type": "Inner", "Startup Cost": 1925666.62, "Total Cost": 1936698.45, "Plan Rows": 357098, "Plan Width": 41, "Inner Unique": false, "Merge Cond": "(ci.person_id = a1.person_id)", "Plans": [{"Node Type": "Sort", "Parent Relationship": "Outer", "Startup Cost": 1799975.38, "Total Cost": 1801751.53, "Plan Rows": 710459, "Plan Width": 21, "Sort Key": ["ci.person_id"], "Plans": [{"Node Type": "Merge Join", "Parent Relationship": "Outer", "Join Type": "Inner", "Startup Cost": 1669816.61, "Total Cost": 1730924.48, "Plan Rows": 710459, "Plan Width": 21, "Inner Unique": true, "Merge Cond": "(ci.movie_id = t.id)", "Plans": [{"Node Type": "Merge Join", "Parent Relationship": "Outer", "Join Type": "Inner", "Startup Cost": 1290578.7, "Total Cost": 1330174.45, "Plan Rows": 711018, "Plan Width": 12, "Inner Unique": false, "Merge Cond": "(mc.movie_id = ci.movie_id)", "Plans": [{"Node Type": "Sort", "Parent Relationship": "Outer", "Startup Cost": 543942.68, "Total Cost": 547148.46, "Plan Rows": 1282311, "Plan Width": 4, "Sort Key": ["mc.movie_id"], "Plans": [{"Node Type": "Merge Join", "Parent Relationship": "Outer", "Join Type": "Inner", "Startup Cost": 387894.59, "Total Cost": 413850.21, "Plan Rows": 1282311, "Plan Width": 4, "Inner Unique": false, "Merge Cond": "(cn.id = mc.company_id)", "Plans": [{"Node Type": "Sort", "Parent Relationship": "Outer", "Startup Cost": 15678.57, "Total Cost": 15891.49, "Plan Rows": 85170, "Plan Width": 4, "Sort Key": ["cn.id"], "Plans": [{"Node Type": "Bitmap Heap Scan", "Parent Relationship": "Outer", "Relation Name": "company_name", "Alias": "cn", "Startup Cost": 2800.52, "Total Cost": 8703.97, "Plan Rows": 85170, "Plan Width": 4, "Filter": "((country_code)::text = '[us]'::text)", "Plans": [{"Node Type": "Bitmap Index Scan", "Parent Relationship": "Outer", "Index Name": "company_name_pkey", "Startup Cost": 0.0, "Total Cost": 2779.23, "Plan Rows": 234996, "Plan Width": 0}]}]}, {"Node Type": "Sort", "Parent Relationship": "Inner", "Startup Cost": 371877.05, "Total Cost": 378399.87, "Plan Rows": 2609128, "Plan Width": 8, "Sort Key": ["mc.company_id"], "Plans": [{"Node Type": "Bitmap Heap Scan", "Parent Relationship": "Outer", "Relation Name": "movie_companies", "Alias": "mc", "Startup Cost": 51990.17, "Total Cost": 93807.45, "Plan Rows": 2609128, "Plan Width": 8, "Plans": [{"Node Type": "Bitmap Index Scan", "Parent Relationship": "Outer", "Index Name": "movie_id_movie_companies", "Startup Cost": 0.0, "Total Cost": 51337.89, "Plan Rows": 2609128, "Plan Width": 0}]}]}]}]}, {"Node Type": "Sort", "Parent Relationship": "Inner", "Startup Cost": 746635.7, "Total Cost": 754876.5, "Plan Rows": 3296318, "Plan Width": 8, "Sort Key": ["ci.movie_id"], "Plans": [{"Node Type": "Nested Loop", "Parent Relationship": "Outer", "Join Type": "Inner", "Startup Cost": 76315.02, "Total Cost": 389769.33, "Plan Rows": 3296318, "Plan Width": 8, "Inner Unique": false, "Plans": [{"Node Type": "Bitmap Heap Scan", "Parent Relationship": "Outer", "Relation Name": "role_type", "Alias": "rt", "Startup Cost": 8.31, "Total Cost": 12.46, "Plan Rows": 1, "Plan Width": 4, "Filter": "((role)::text = 'writer'::text)", "Plans": [{"Node Type": "Bitmap Index Scan", "Parent Relationship": "Outer", "Index Name": "role_type_pkey", "Startup Cost": 0.0, "Total Cost": 8.31, "Plan Rows": 12, "Plan Width": 0}]}, {"Node Type": "Bitmap Heap Scan", "Parent Relationship": "Inner", "Relation Name": "cast_info", "Alias": "ci", "Startup Cost": 76306.71, "Total Cost": 356793.69, "Plan Rows": 3296318, "Plan Width": 12, "Recheck Cond": "(role_id = rt.id), (LLVM Optimized)", "Plans": [{"Node Type": "Bitmap Index Scan", "Parent Relationship": "Outer", "Index Name": "role_id_cast_info", "Startup Cost": 0.0, "Total Cost": 75482.63, "Plan Rows": 3296318, "Plan Width": 0, "Index Cond": "(role_id = rt.id)"}]}]}]}]}, {"Node Type": "Sort", "Parent Relationship": "Inner", "Startup Cost": 379237.61, "Total Cost": 385558.39, "Plan Rows": 2528311, "Plan Width": 21, "Sort Key": ["t.id"], "Plans": [{"Node Type": "Bitmap Heap Scan", "Parent Relationship": "Outer", "Relation Name": "title", "Alias": "t", "Startup Cost": 50285.88, "Total Cost": 110354.99, "Plan Rows": 2528311, "Plan Width": 21, "Plans": [{"Node Type": "Bitmap Index Scan", "Parent Relationship": "Outer", "Index Name": "title_pkey", "Startup Cost": 0.0, "Total Cost": 49653.81, "Plan Rows": 2528311, "Plan Width": 0}]}]}]}]}, {"Node Type": "Sort", "Parent Relationship": "Inner", "Startup Cost": 125691.17, "Total Cost": 127944.52, "Plan Rows": 901342, "Plan Width": 20, "Sort Key": ["a1.person_id"], "Plans": [{"Node Type": "Bitmap Heap Scan", "Parent Relationship": "Outer", "Relation Name": "aka_name", "Alias": "a1", "Startup Cost": 16632.3, "Total Cost": 36540.72, "Plan Rows": 901342, "Plan Width": 20, "Plans": [{"Node Type": "Bitmap Index Scan", "Parent Relationship": "Outer", "Index Name": "person_id_aka_name", "Startup Cost": 0.0, "Total Cost": 16406.96, "Plan Rows": 901342, "Plan Width": 0}]}]}]}, {"Node Type": "Sort", "Parent Relationship": "Inner", "Startup Cost": 635502.57, "Total Cost": 645921.29, "Plan Rows": 4167490, "Plan Width": 4, "Sort Key": ["n1.id"], "Plans": [{"Node Type": "Bitmap Heap Scan", "Parent Relationship": "Outer", "Relation Name": "name", "Alias": "n1", "Startup Cost": 84199.57, "Total Cost": 177271.47, "Plan Rows": 4167490, "Plan Width": 4, "Plans": [{"Node Type": "Bitmap Index Scan", "Parent Relationship": "Outer", "Index Name": "name_pkey", "Startup Cost": 0.0, "Total Cost": 83157.7, "Plan Rows": 4167490, "Plan Width": 0}]}]}]}]}, "Unique SQL Id": 2457761703, "Planner Runtime": 43}, "explain_analyze_plan": {"Plan": {"Node Type": "Aggregate", "Strategy": "Plain", "Startup Cost": 2599287.33, "Total Cost": 2599287.34, "Plan Rows": 1, "Plan Width": 97, "Actual Startup Time": 21363.201, "Actual Total Time": 21363.203, "Actual Rows": 1, "Actual Loops": 1, "Plans": [{"Node Type": "Merge Join", "Parent Relationship": "Outer", "Join Type": "Inner", "Startup Cost": 2561169.56, "Total Cost": 2597501.84, "Plan Rows": 357098, "Plan Width": 33, "Actual Startup Time": 17003.752, "Actual Total Time": 20119.576, "Actual Rows": 2487611, "Actual Loops": 1, "Inner Unique": true, "Merge Cond": "(a1.person_id = n1.id)", "Plans": [{"Node Type": "Merge Join", "Parent Relationship": "Outer", "Join Type": "Inner", "Startup Cost": 1925666.62, "Total Cost": 1936698.45, "Plan Rows": 357098, "Plan Width": 41, "Actual Startup Time": 13412.753, "Actual Total Time": 15064.011, "Actual Rows": 2487611, "Actual Loops": 1, "Inner Unique": false, "Merge Cond": "(ci.person_id = a1.person_id)", "Plans": [{"Node Type": "Sort", "Parent Relationship": "Outer", "Startup Cost": 1799975.38, "Total Cost": 1801751.53, "Plan Rows": 710459, "Plan Width": 21, "Actual Startup Time": 12570.328, "Actual Total Time": 12916.296, "Actual Rows": 1970658, "Actual Loops": 1, "Sort Key": ["ci.person_id"], "Sort Method": "quicksort", "Sort Space Used": 240236, "Sort Space Type": "Memory", "Plans": [{"Node Type": "Merge Join", "Parent Relationship": "Outer", "Join Type": "Inner", "Startup Cost": 1669816.61, "Total Cost": 1730924.48, "Plan Rows": 710459, "Plan Width": 21, "Actual Startup Time": 8796.391, "Actual Total Time": 11812.599, "Actual Rows": 1970658, "Actual Loops": 1, "Inner Unique": true, "Merge Cond": "(ci.movie_id = t.id)", "Plans": [{"Node Type": "Merge Join", "Parent Relationship": "Outer", "Join Type": "Inner", "Startup Cost": 1290578.7, "Total Cost": 1330174.45, "Plan Rows": 711018, "Plan Width": 12, "Actual Startup Time": 6289.251, "Actual Total Time": 7900.595, "Actual Rows": 1970658, "Actual Loops": 1, "Inner Unique": false, "Merge Cond": "(mc.movie_id = ci.movie_id)", "Plans": [{"Node Type": "Sort", "Parent Relationship": "Outer", "Startup Cost": 543942.68, "Total Cost": 547148.46, "Plan Rows": 1282311, "Plan Width": 4, "Actual Startup Time": 3764.947, "Actual Total Time": 3949.371, "Actual Rows": 1153797, "Actual Loops": 1, "Sort Key": ["mc.movie_id"], "Sort Method": "quicksort", "Sort Space Used": 121265, "Sort Space Type": "Memory", "Plans": [{"Node Type": "Merge Join", "Parent Relationship": "Outer", "Join Type": "Inner", "Startup Cost": 387894.59, "Total Cost": 413850.21, "Plan Rows": 1282311, "Plan Width": 4, "Actual Startup Time": 2260.48, "Actual Total Time": 3336.297, "Actual Rows": 1153797, "Actual Loops": 1, "Inner Unique": false, "Merge Cond": "(cn.id = mc.company_id)", "Plans": [{"Node Type": "Sort", "Parent Relationship": "Outer", "Startup Cost": 15678.57, "Total Cost": 15891.49, "Plan Rows": 85170, "Plan Width": 4, "Actual Startup Time": 192.365, "Actual Total Time": 212.911, "Actual Rows": 84843, "Actual Loops": 1, "Sort Key": ["cn.id"], "Sort Method": "quicksort", "Sort Space Used": 8375, "Sort Space Type": "Memory", "Plans": [{"Node Type": "Bitmap Heap Scan", "Parent Relationship": "Outer", "Relation Name": "company_name", "Alias": "cn", "Startup Cost": 2800.52, "Total Cost": 8703.97, "Plan Rows": 85170, "Plan Width": 4, "Actual Startup Time": 22.528, "Actual Total Time": 161.757, "Actual Rows": 84843, "Actual Loops": 1, "Filter": "((country_code)::text = '[us]'::text)", "Rows Removed by Filter": 150153, "Exact Heap Blocks": 2966, "Lossy Heap Blocks": 2966, "Plans": [{"Node Type": "Bitmap Index Scan", "Parent Relationship": "Outer", "Index Name": "company_name_pkey", "Startup Cost": 0.0, "Total Cost": 2779.23, "Plan Rows": 234996, "Plan Width": 0, "Actual Startup Time": 22.067, "Actual Total Time": 22.067, "Actual Rows": 234996, "Actual Loops": 1}]}]}, {"Node Type": "Sort", "Parent Relationship": "Inner", "Startup Cost": 371877.05, "Total Cost": 378399.87, "Plan Rows": 2609128, "Plan Width": 8, "Actual Startup Time": 2068.098, "Actual Total Time": 2615.706, "Actual Rows": 2609128, "Actual Loops": 1, "Sort Key": ["mc.company_id"], "Sort Method": "quicksort", "Sort Space Used": 261375, "Sort Space Type": "Memory", "Plans": [{"Node Type": "Bitmap Heap Scan", "Parent Relationship": "Outer", "Relation Name": "movie_companies", "Alias": "mc", "Startup Cost": 51990.17, "Total Cost": 93807.45, "Plan Rows": 2609128, "Plan Width": 8, "Actual Startup Time": 219.656, "Actual Total Time": 1155.876, "Actual Rows": 2609128, "Actual Loops": 1, "Exact Heap Blocks": 15726, "Lossy Heap Blocks": 15726, "Plans": [{"Node Type": "Bitmap Index Scan", "Parent Relationship": "Outer", "Index Name": "movie_id_movie_companies", "Startup Cost": 0.0, "Total Cost": 51337.89, "Plan Rows": 2609128, "Plan Width": 0, "Actual Startup Time": 215.949, "Actual Total Time": 215.949, "Actual Rows": 2609128, "Actual Loops": 1}]}]}]}]}, {"Node Type": "Sort", "Parent Relationship": "Inner", "Startup Cost": 746635.7, "Total Cost": 754876.5, "Plan Rows": 3296318, "Plan Width": 8, "Actual Startup Time": 2524.267, "Actual Total Time": 3024.157, "Actual Rows": 3863824, "Actual Loops": 1, "Sort Key": ["ci.movie_id"], "Sort Method": "quicksort", "Sort Space Used": 268863, "Sort Space Type": "Memory", "Plans": [{"Node Type": "Nested Loop", "Parent Relationship": "Outer", "Join Type": "Inner", "Startup Cost": 76315.02, "Total Cost": 389769.33, "Plan Rows": 3296318, "Plan Width": 8, "Actual Startup Time": 302.973, "Actual Total Time": 1538.687, "Actual Rows": 2728943, "Actual Loops": 1, "Inner Unique": false, "Plans": [{"Node Type": "Bitmap Heap Scan", "Parent Relationship": "Outer", "Relation Name": "role_type", "Alias": "rt", "Startup Cost": 8.31, "Total Cost": 12.46, "Plan Rows": 1, "Plan Width": 4, "Actual Startup Time": 0.09, "Actual Total Time": 0.104, "Actual Rows": 1, "Actual Loops": 1, "Filter": "((role)::text = 'writer'::text)", "Rows Removed by Filter": 11, "Exact Heap Blocks": 1, "Lossy Heap Blocks": 1, "Plans": [{"Node Type": "Bitmap Index Scan", "Parent Relationship": "Outer", "Index Name": "role_type_pkey", "Startup Cost": 0.0, "Total Cost": 8.31, "Plan Rows": 12, "Plan Width": 0, "Actual Startup Time": 0.025, "Actual Total Time": 0.025, "Actual Rows": 12, "Actual Loops": 1}]}, {"Node Type": "Bitmap Heap Scan", "Parent Relationship": "Inner", "Relation Name": "cast_info", "Alias": "ci", "Startup Cost": 76306.71, "Total Cost": 356793.69, "Plan Rows": 3296318, "Plan Width": 12, "Actual Startup Time": 302.859, "Actual Total Time": 1064.841, "Actual Rows": 2728943, "Actual Loops": 1, "Recheck Cond": "(role_id = rt.id), (LLVM Optimized, Jit Execute)", "Rows Removed by Index Recheck": 0, "Exact Heap Blocks": 19177, "Lossy Heap Blocks": 19177, "Plans": [{"Node Type": "Bitmap Index Scan", "Parent Relationship": "Outer", "Index Name": "role_id_cast_info", "Startup Cost": 0.0, "Total Cost": 75482.63, "Plan Rows": 3296318, "Plan Width": 0, "Actual Startup Time": 298.466, "Actual Total Time": 298.466, "Actual Rows": 2728943, "Actual Loops": 1, "Index Cond": "(role_id = rt.id)"}]}]}]}]}, {"Node Type": "Sort", "Parent Relationship": "Inner", "Startup Cost": 379237.61, "Total Cost": 385558.39, "Plan Rows": 2528311, "Plan Width": 21, "Actual Startup Time": 2507.119, "Actual Total Time": 2981.567, "Actual Rows": 2525743, "Actual Loops": 1, "Sort Key": ["t.id"], "Sort Method": "quicksort", "Sort Space Used": 344074, "Sort Space Type": "Memory", "Plans": [{"Node Type": "Bitmap Heap Scan", "Parent Relationship": "Outer", "Relation Name": "title", "Alias": "t", "Startup Cost": 50285.88, "Total Cost": 110354.99, "Plan Rows": 2528311, "Plan Width": 21, "Actual Startup Time": 271.285, "Actual Total Time": 1400.305, "Actual Rows": 2528311, "Actual Loops": 1, "Exact Heap Blocks": 34786, "Lossy Heap Blocks": 34786, "Plans": [{"Node Type": "Bitmap Index Scan", "Parent Relationship": "Outer", "Index Name": "title_pkey", "Startup Cost": 0.0, "Total Cost": 49653.81, "Plan Rows": 2528311, "Plan Width": 0, "Actual Startup Time": 263.409, "Actual Total Time": 263.409, "Actual Rows": 2528311, "Actual Loops": 1}]}]}]}]}, {"Node Type": "Sort", "Parent Relationship": "Inner", "Startup Cost": 125691.17, "Total Cost": 127944.52, "Plan Rows": 901342, "Plan Width": 20, "Actual Startup Time": 842.4, "Actual Total Time": 1134.101, "Actual Rows": 3063953, "Actual Loops": 1, "Sort Key": ["a1.person_id"], "Sort Method": "quicksort", "Sort Space Used": 109040, "Sort Space Type": "Memory", "Plans": [{"Node Type": "Bitmap Heap Scan", "Parent Relationship": "Outer", "Relation Name": "aka_name", "Alias": "a1", "Startup Cost": 16632.3, "Total Cost": 36540.72, "Plan Rows": 901342, "Plan Width": 20, "Actual Startup Time": 85.015, "Actual Total Time": 470.164, "Actual Rows": 901342, "Actual Loops": 1, "Exact Heap Blocks": 10895, "Lossy Heap Blocks": 10895, "Plans": [{"Node Type": "Bitmap Index Scan", "Parent Relationship": "Outer", "Index Name": "person_id_aka_name", "Startup Cost": 0.0, "Total Cost": 16406.96, "Plan Rows": 901342, "Plan Width": 0, "Actual Startup Time": 83.053, "Actual Total Time": 83.053, "Actual Rows": 901342, "Actual Loops": 1}]}]}]}, {"Node Type": "Sort", "Parent Relationship": "Inner", "Startup Cost": 635502.57, "Total Cost": 645921.29, "Plan Rows": 4167490, "Plan Width": 4, "Actual Startup Time": 3590.969, "Actual Total Time": 4043.226, "Actual Rows": 3228264, "Actual Loops": 1, "Sort Key": ["n1.id"], "Sort Method": "quicksort", "Sort Space Used": 358773, "Sort Space Type": "Memory", "Plans": [{"Node Type": "Bitmap Heap Scan", "Parent Relationship": "Outer", "Relation Name": "name", "Alias": "n1", "Startup Cost": 84199.57, "Total Cost": 177271.47, "Plan Rows": 4167490, "Plan Width": 4, "Actual Startup Time": 382.836, "Actual Total Time": 2060.348, "Actual Rows": 4167490, "Actual Loops": 1, "Exact Heap Blocks": 51397, "Lossy Heap Blocks": 51397, "Plans": [{"Node Type": "Bitmap Index Scan", "Parent Relationship": "Outer", "Index Name": "name_pkey", "Startup Cost": 0.0, "Total Cost": 83157.7, "Plan Rows": 4167490, "Plan Width": 0, "Actual Startup Time": 370.801, "Actual Total Time": 370.801, "Actual Rows": 4167490, "Actual Loops": 1}]}]}]}]}, "Triggers": [], "Planner Runtime": 43, "Total Runtime": 21373.426, "Unique SQL Id": 2457761703}}, "(64, 84)": {"explain_plan": {"Plan": {"Node Type": "Aggregate", "Strategy": "Plain", "Startup Cost": 1196640.37, "Total Cost": 1196640.38, "Plan Rows": 1, "Plan Width": 97, "Plans": [{"Node Type": "Nested Loop", "Parent Relationship": "Outer", "Join Type": "Inner", "Startup Cost": 920804.93, "Total Cost": 1194854.88, "Plan Rows": 357098, "Plan Width": 33, "Inner Unique": true, "Join Filter": "(a1.person_id = n1.id), (LLVM Optimized)", "Plans": [{"Node Type": "Nested Loop", "Parent Relationship": "Outer", "Join Type": "Inner", "Startup Cost": 920804.93, "Total Cost": 1091336.23, "Plan Rows": 357098, "Plan Width": 41, "Inner Unique": true, "Plans": [{"Node Type": "Merge Join", "Parent Relationship": "Outer", "Join Type": "Inner", "Startup Cost": 920804.93, "Total Cost": 989533.89, "Plan Rows": 357379, "Plan Width": 32, "Inner Unique": false, "Merge Cond": "(a1.person_id = ci.person_id)", "Plans": [{"Node Type": "Index Scan", "Parent Relationship": "Outer", "Scan Direction": "Forward", "Index Name": "person_id_aka_name", "Relation Name": "aka_name", "Alias": "a1", "Startup Cost": 0.0, "Total Cost": 68965.03, "Plan Rows": 901342, "Plan Width": 20}, {"Node Type": "Sort", "Parent Relationship": "Inner", "Startup Cost": 920804.86, "Total Cost": 922582.4, "Plan Rows": 711018, "Plan Width": 12, "Sort Key": ["ci.person_id"], "Plans": [{"Node Type": "Merge Join", "Parent Relationship": "Outer", "Join Type": "Inner", "Startup Cost": 812099.84, "Total Cost": 851695.59, "Plan Rows": 711018, "Plan Width": 12, "Inner Unique": false, "Merge Cond": "(mc.movie_id = ci.movie_id)", "Plans": [{"Node Type": "Sort", "Parent Relationship": "Outer", "Startup Cost": 283826.21, "Total Cost": 287031.99, "Plan Rows": 1282311, "Plan Width": 4, "Sort Key": ["mc.movie_id"], "Plans": [{"Node Type": "Merge Join", "Parent Relationship": "Outer", "Join Type": "Inner", "Startup Cost": 3383.04, "Total Cost": 153733.74, "Plan Rows": 1282311, "Plan Width": 4, "Inner Unique": false, "Merge Cond": "(cn.id = mc.company_id)", "Plans": [{"Node Type": "Index Scan", "Parent Relationship": "Outer", "Scan Direction": "Forward", "Index Name": "company_name_pkey", "Relation Name": "company_name", "Alias": "cn", "Startup Cost": 0.0, "Total Cost": 10501.39, "Plan Rows": 85170, "Plan Width": 4, "Filter": "((country_code)::text = '[us]'::text)"}, {"Node Type": "Index Scan", "Parent Relationship": "Inner", "Scan Direction": "Forward", "Index Name": "company_id_movie_companies", "Relation Name": "movie_companies", "Alias": "mc", "Startup Cost": 0.0, "Total Cost": 123673.5, "Plan Rows": 2609128, "Plan Width": 8}]}]}, {"Node Type": "Sort", "Parent Relationship": "Inner", "Startup Cost": 528273.31, "Total Cost": 536514.11, "Plan Rows": 3296318, "Plan Width": 8, "Sort Key": ["ci.movie_id"], "Plans": [{"Node Type": "Nested Loop", "Parent Relationship": "Outer", "Join Type": "Inner", "Startup Cost": 0.0, "Total Cost": 171406.94, "Plan Rows": 3296318, "Plan Width": 8, "Inner Unique": false, "Plans": [{"Node Type": "Seq Scan", "Parent Relationship": "Outer", "Relation Name": "role_type", "Alias": "rt", "Startup Cost": 0.0, "Total Cost": 1.15, "Plan Rows": 1, "Plan Width": 4, "Filter": "((role)::text = 'writer'::text)"}, {"Node Type": "Index Scan", "Parent Relationship": "Inner", "Scan Direction": "Forward", "Index Name": "role_id_cast_info", "Relation Name": "cast_info", "Alias": "ci", "Startup Cost": 0.0, "Total Cost": 138442.61, "Plan Rows": 3296318, "Plan Width": 12, "Index Cond": "(role_id = rt.id), (LLVM Optimized)"}]}]}]}]}]}, {"Node Type": "Index Scan", "Parent Relationship": "Inner", "Scan Direction": "Forward", "Index Name": "title_pkey", "Relation Name": "title", "Alias": "t", "Startup Cost": 0.0, "Total Cost": 0.27, "Plan Rows": 1, "Plan Width": 21, "Index Cond": "(id = ci.movie_id)"}]}, {"Node Type": "Index Scan", "Parent Relationship": "Inner", "Scan Direction": "Forward", "Index Name": "name_pkey", "Relation Name": "name", "Alias": "n1", "Startup Cost": 0.0, "Total Cost": 0.28, "Plan Rows": 1, "Plan Width": 4, "Index Cond": "(id = ci.person_id)"}]}]}, "Unique SQL Id": 2457761703, "Planner Runtime": 44}, "explain_analyze_plan": null}, "(64, 85)": {"explain_plan": {"Plan": {"Node Type": "Aggregate", "Strategy": "Plain", "Startup Cost": 1196651.68, "Total Cost": 1196651.69, "Plan Rows": 1, "Plan Width": 97, "Plans": [{"Node Type": "Nested Loop", "Parent Relationship": "Outer", "Join Type": "Inner", "Startup Cost": 920816.24, "Total Cost": 1194866.19, "Plan Rows": 357098, "Plan Width": 33, "Inner Unique": true, "Join Filter": "(a1.person_id = n1.id), (LLVM Optimized)", "Plans": [{"Node Type": "Nested Loop", "Parent Relationship": "Outer", "Join Type": "Inner", "Startup Cost": 920816.24, "Total Cost": 1091347.54, "Plan Rows": 357098, "Plan Width": 41, "Inner Unique": true, "Plans": [{"Node Type": "Merge Join", "Parent Relationship": "Outer", "Join Type": "Inner", "Startup Cost": 920816.24, "Total Cost": 989545.2, "Plan Rows": 357379, "Plan Width": 32, "Inner Unique": false, "Merge Cond": "(a1.person_id = ci.person_id)", "Plans": [{"Node Type": "Index Scan", "Parent Relationship": "Outer", "Scan Direction": "Forward", "Index Name": "person_id_aka_name", "Relation Name": "aka_name", "Alias": "a1", "Startup Cost": 0.0, "Total Cost": 68965.03, "Plan Rows": 901342, "Plan Width": 20}, {"Node Type": "Sort", "Parent Relationship": "Inner", "Startup Cost": 920816.17, "Total Cost": 922593.71, "Plan Rows": 711018, "Plan Width": 12, "Sort Key": ["ci.person_id"], "Plans": [{"Node Type": "Merge Join", "Parent Relationship": "Outer", "Join Type": "Inner", "Startup Cost": 812111.15, "Total Cost": 851706.9, "Plan Rows": 711018, "Plan Width": 12, "Inner Unique": false, "Merge Cond": "(mc.movie_id = ci.movie_id)", "Plans": [{"Node Type": "Sort", "Parent Relationship": "Outer", "Startup Cost": 283826.21, "Total Cost": 287031.99, "Plan Rows": 1282311, "Plan Width": 4, "Sort Key": ["mc.movie_id"], "Plans": [{"Node Type": "Merge Join", "Parent Relationship": "Outer", "Join Type": "Inner", "Startup Cost": 3383.04, "Total Cost": 153733.74, "Plan Rows": 1282311, "Plan Width": 4, "Inner Unique": false, "Merge Cond": "(cn.id = mc.company_id)", "Plans": [{"Node Type": "Index Scan", "Parent Relationship": "Outer", "Scan Direction": "Forward", "Index Name": "company_name_pkey", "Relation Name": "company_name", "Alias": "cn", "Startup Cost": 0.0, "Total Cost": 10501.39, "Plan Rows": 85170, "Plan Width": 4, "Filter": "((country_code)::text = '[us]'::text)"}, {"Node Type": "Index Scan", "Parent Relationship": "Inner", "Scan Direction": "Forward", "Index Name": "company_id_movie_companies", "Relation Name": "movie_companies", "Alias": "mc", "Startup Cost": 0.0, "Total Cost": 123673.5, "Plan Rows": 2609128, "Plan Width": 8}]}]}, {"Node Type": "Sort", "Parent Relationship": "Inner", "Startup Cost": 528284.62, "Total Cost": 536525.42, "Plan Rows": 3296318, "Plan Width": 8, "Sort Key": ["ci.movie_id"], "Plans": [{"Node Type": "Nested Loop", "Parent Relationship": "Outer", "Join Type": "Inner", "Startup Cost": 0.0, "Total Cost": 171418.25, "Plan Rows": 3296318, "Plan Width": 8, "Inner Unique": false, "Plans": [{"Node Type": "Index Scan", "Parent Relationship": "Outer", "Scan Direction": "Forward", "Index Name": "role_type_pkey", "Relation Name": "role_type", "Alias": "rt", "Startup Cost": 0.0, "Total Cost": 12.46, "Plan Rows": 1, "Plan Width": 4, "Filter": "((role)::text = 'writer'::text)"}, {"Node Type": "Index Scan", "Parent Relationship": "Inner", "Scan Direction": "Forward", "Index Name": "role_id_cast_info", "Relation Name": "cast_info", "Alias": "ci", "Startup Cost": 0.0, "Total Cost": 138442.61, "Plan Rows": 3296318, "Plan Width": 12, "Index Cond": "(role_id = rt.id), (LLVM Optimized)"}]}]}]}]}]}, {"Node Type": "Index Scan", "Parent Relationship": "Inner", "Scan Direction": "Forward", "Index Name": "title_pkey", "Relation Name": "title", "Alias": "t", "Startup Cost": 0.0, "Total Cost": 0.27, "Plan Rows": 1, "Plan Width": 21, "Index Cond": "(id = ci.movie_id)"}]}, {"Node Type": "Index Scan", "Parent Relationship": "Inner", "Scan Direction": "Forward", "Index Name": "name_pkey", "Relation Name": "name", "Alias": "n1", "Startup Cost": 0.0, "Total Cost": 0.28, "Plan Rows": 1, "Plan Width": 4, "Index Cond": "(id = ci.person_id)"}]}]}, "Unique SQL Id": 2457761703, "Planner Runtime": 42}, "explain_analyze_plan": null}, "(64, 86)": {"explain_plan": {"Plan": {"Node Type": "Aggregate", "Strategy": "Plain", "Startup Cost": 3346738.97, "Total Cost": 3346738.98, "Plan Rows": 1, "Plan Width": 97, "Plans": [{"Node Type": "Nested Loop", "Parent Relationship": "Outer", "Join Type": "Inner", "Startup Cost": 1803946.7, "Total Cost": 3344953.48, "Plan Rows": 357098, "Plan Width": 33, "Inner Unique": true, "Join Filter": "(a1.person_id = n1.id), (LLVM Optimized)", "Plans": [{"Node Type": "Merge Join", "Parent Relationship": "Outer", "Join Type": "Inner", "Startup Cost": 1803946.44, "Total Cost": 1814978.27, "Plan Rows": 357098, "Plan Width": 41, "Inner Unique": false, "Merge Cond": "(ci.person_id = a1.person_id)", "Plans": [{"Node Type": "Sort", "Parent Relationship": "Outer", "Startup Cost": 1694887.5, "Total Cost": 1696663.64, "Plan Rows": 710459, "Plan Width": 21, "Sort Key": ["ci.person_id"], "Plans": [{"Node Type": "Merge Join", "Parent Relationship": "Outer", "Join Type": "Inner", "Startup Cost": 1564728.72, "Total Cost": 1625836.59, "Plan Rows": 710459, "Plan Width": 21, "Inner Unique": true, "Merge Cond": "(ci.movie_id = t.id)", "Plans": [{"Node Type": "Merge Join", "Parent Relationship": "Outer", "Join Type": "Inner", "Startup Cost": 1235776.7, "Total Cost": 1275372.45, "Plan Rows": 711018, "Plan Width": 12, "Inner Unique": false, "Merge Cond": "(mc.movie_id = ci.movie_id)", "Plans": [{"Node Type": "Sort", "Parent Relationship": "Outer", "Startup Cost": 489151.99, "Total Cost": 492357.77, "Plan Rows": 1282311, "Plan Width": 4, "Sort Key": ["mc.movie_id"], "Plans": [{"Node Type": "Merge Join", "Parent Relationship": "Outer", "Join Type": "Inner", "Startup Cost": 333103.9, "Total Cost": 359059.52, "Plan Rows": 1282311, "Plan Width": 4, "Inner Unique": false, "Merge Cond": "(cn.id = mc.company_id)", "Plans": [{"Node Type": "Sort", "Parent Relationship": "Outer", "Startup Cost": 12878.05, "Total Cost": 13090.97, "Plan Rows": 85170, "Plan Width": 4, "Sort Key": ["cn.id"], "Plans": [{"Node Type": "Seq Scan", "Parent Relationship": "Outer", "Relation Name": "company_name", "Alias": "cn", "Startup Cost": 0.0, "Total Cost": 5903.45, "Plan Rows": 85170, "Plan Width": 4, "Filter": "((country_code)::text = '[us]'::text)"}]}, {"Node Type": "Sort", "Parent Relationship": "Inner", "Startup Cost": 319886.87, "Total Cost": 326409.69, "Plan Rows": 2609128, "Plan Width": 8, "Sort Key": ["mc.company_id"], "Plans": [{"Node Type": "Seq Scan", "Parent Relationship": "Outer", "Relation Name": "movie_companies", "Alias": "mc", "Startup Cost": 0.0, "Total Cost": 41817.28, "Plan Rows": 2609128, "Plan Width": 8}]}]}]}, {"Node Type": "Sort", "Parent Relationship": "Inner", "Startup Cost": 746624.39, "Total Cost": 754865.19, "Plan Rows": 3296318, "Plan Width": 8, "Sort Key": ["ci.movie_id"], "Plans": [{"Node Type": "Nested Loop", "Parent Relationship": "Outer", "Join Type": "Inner", "Startup Cost": 76306.71, "Total Cost": 389758.02, "Plan Rows": 3296318, "Plan Width": 8, "Inner Unique": false, "Plans": [{"Node Type": "Seq Scan", "Parent Relationship": "Outer", "Relation Name": "role_type", "Alias": "rt", "Startup Cost": 0.0, "Total Cost": 1.15, "Plan Rows": 1, "Plan Width": 4, "Filter": "((role)::text = 'writer'::text)"}, {"Node Type": "Bitmap Heap Scan", "Parent Relationship": "Inner", "Relation Name": "cast_info", "Alias": "ci", "Startup Cost": 76306.71, "Total Cost": 356793.69, "Plan Rows": 3296318, "Plan Width": 12, "Recheck Cond": "(role_id = rt.id), (LLVM Optimized)", "Plans": [{"Node Type": "Bitmap Index Scan", "Parent Relationship": "Outer", "Index Name": "role_id_cast_info", "Startup Cost": 0.0, "Total Cost": 75482.63, "Plan Rows": 3296318, "Plan Width": 0, "Index Cond": "(role_id = rt.id)"}]}]}]}]}, {"Node Type": "Sort", "Parent Relationship": "Inner", "Startup Cost": 328951.73, "Total Cost": 335272.51, "Plan Rows": 2528311, "Plan Width": 21, "Sort Key": ["t.id"], "Plans": [{"Node Type": "Seq Scan", "Parent Relationship": "Outer", "Relation Name": "title", "Alias": "t", "Startup Cost": 0.0, "Total Cost": 60069.11, "Plan Rows": 2528311, "Plan Width": 21}]}]}]}, {"Node Type": "Sort", "Parent Relationship": "Inner", "Startup Cost": 109058.87, "Total Cost": 111312.23, "Plan Rows": 901342, "Plan Width": 20, "Sort Key": ["a1.person_id"], "Plans": [{"Node Type": "Seq Scan", "Parent Relationship": "Outer", "Relation Name": "aka_name", "Alias": "a1", "Startup Cost": 0.0, "Total Cost": 19908.42, "Plan Rows": 901342, "Plan Width": 20}]}]}, {"Node Type": "Bitmap Heap Scan", "Parent Relationship": "Inner", "Relation Name": "name", "Alias": "n1", "Startup Cost": 0.26, "Total Cost": 4.27, "Plan Rows": 1, "Plan Width": 4, "Recheck Cond": "(id = ci.person_id)", "Plans": [{"Node Type": "Bitmap Index Scan", "Parent Relationship": "Outer", "Index Name": "name_pkey", "Startup Cost": 0.0, "Total Cost": 0.26, "Plan Rows": 1, "Plan Width": 0, "Index Cond": "(id = ci.person_id)"}]}]}]}, "Unique SQL Id": 2457761703, "Planner Runtime": 38}, "explain_analyze_plan": null}, "(64, 87)": {"explain_plan": {"Plan": {"Node Type": "Aggregate", "Strategy": "Plain", "Startup Cost": 2599287.33, "Total Cost": 2599287.34, "Plan Rows": 1, "Plan Width": 97, "Plans": [{"Node Type": "Merge Join", "Parent Relationship": "Outer", "Join Type": "Inner", "Startup Cost": 2561169.56, "Total Cost": 2597501.84, "Plan Rows": 357098, "Plan Width": 33, "Inner Unique": true, "Merge Cond": "(a1.person_id = n1.id)", "Plans": [{"Node Type": "Merge Join", "Parent Relationship": "Outer", "Join Type": "Inner", "Startup Cost": 1925666.62, "Total Cost": 1936698.45, "Plan Rows": 357098, "Plan Width": 41, "Inner Unique": false, "Merge Cond": "(ci.person_id = a1.person_id)", "Plans": [{"Node Type": "Sort", "Parent Relationship": "Outer", "Startup Cost": 1799975.38, "Total Cost": 1801751.53, "Plan Rows": 710459, "Plan Width": 21, "Sort Key": ["ci.person_id"], "Plans": [{"Node Type": "Merge Join", "Parent Relationship": "Outer", "Join Type": "Inner", "Startup Cost": 1669816.61, "Total Cost": 1730924.48, "Plan Rows": 710459, "Plan Width": 21, "Inner Unique": true, "Merge Cond": "(ci.movie_id = t.id)", "Plans": [{"Node Type": "Merge Join", "Parent Relationship": "Outer", "Join Type": "Inner", "Startup Cost": 1290578.7, "Total Cost": 1330174.45, "Plan Rows": 711018, "Plan Width": 12, "Inner Unique": false, "Merge Cond": "(mc.movie_id = ci.movie_id)", "Plans": [{"Node Type": "Sort", "Parent Relationship": "Outer", "Startup Cost": 543942.68, "Total Cost": 547148.46, "Plan Rows": 1282311, "Plan Width": 4, "Sort Key": ["mc.movie_id"], "Plans": [{"Node Type": "Merge Join", "Parent Relationship": "Outer", "Join Type": "Inner", "Startup Cost": 387894.59, "Total Cost": 413850.21, "Plan Rows": 1282311, "Plan Width": 4, "Inner Unique": false, "Merge Cond": "(cn.id = mc.company_id)", "Plans": [{"Node Type": "Sort", "Parent Relationship": "Outer", "Startup Cost": 15678.57, "Total Cost": 15891.49, "Plan Rows": 85170, "Plan Width": 4, "Sort Key": ["cn.id"], "Plans": [{"Node Type": "Bitmap Heap Scan", "Parent Relationship": "Outer", "Relation Name": "company_name", "Alias": "cn", "Startup Cost": 2800.52, "Total Cost": 8703.97, "Plan Rows": 85170, "Plan Width": 4, "Filter": "((country_code)::text = '[us]'::text)", "Plans": [{"Node Type": "Bitmap Index Scan", "Parent Relationship": "Outer", "Index Name": "company_name_pkey", "Startup Cost": 0.0, "Total Cost": 2779.23, "Plan Rows": 234996, "Plan Width": 0}]}]}, {"Node Type": "Sort", "Parent Relationship": "Inner", "Startup Cost": 371877.05, "Total Cost": 378399.87, "Plan Rows": 2609128, "Plan Width": 8, "Sort Key": ["mc.company_id"], "Plans": [{"Node Type": "Bitmap Heap Scan", "Parent Relationship": "Outer", "Relation Name": "movie_companies", "Alias": "mc", "Startup Cost": 51990.17, "Total Cost": 93807.45, "Plan Rows": 2609128, "Plan Width": 8, "Plans": [{"Node Type": "Bitmap Index Scan", "Parent Relationship": "Outer", "Index Name": "movie_id_movie_companies", "Startup Cost": 0.0, "Total Cost": 51337.89, "Plan Rows": 2609128, "Plan Width": 0}]}]}]}]}, {"Node Type": "Sort", "Parent Relationship": "Inner", "Startup Cost": 746635.7, "Total Cost": 754876.5, "Plan Rows": 3296318, "Plan Width": 8, "Sort Key": ["ci.movie_id"], "Plans": [{"Node Type": "Nested Loop", "Parent Relationship": "Outer", "Join Type": "Inner", "Startup Cost": 76315.02, "Total Cost": 389769.33, "Plan Rows": 3296318, "Plan Width": 8, "Inner Unique": false, "Plans": [{"Node Type": "Bitmap Heap Scan", "Parent Relationship": "Outer", "Relation Name": "role_type", "Alias": "rt", "Startup Cost": 8.31, "Total Cost": 12.46, "Plan Rows": 1, "Plan Width": 4, "Filter": "((role)::text = 'writer'::text)", "Plans": [{"Node Type": "Bitmap Index Scan", "Parent Relationship": "Outer", "Index Name": "role_type_pkey", "Startup Cost": 0.0, "Total Cost": 8.31, "Plan Rows": 12, "Plan Width": 0}]}, {"Node Type": "Bitmap Heap Scan", "Parent Relationship": "Inner", "Relation Name": "cast_info", "Alias": "ci", "Startup Cost": 76306.71, "Total Cost": 356793.69, "Plan Rows": 3296318, "Plan Width": 12, "Recheck Cond": "(role_id = rt.id), (LLVM Optimized)", "Plans": [{"Node Type": "Bitmap Index Scan", "Parent Relationship": "Outer", "Index Name": "role_id_cast_info", "Startup Cost": 0.0, "Total Cost": 75482.63, "Plan Rows": 3296318, "Plan Width": 0, "Index Cond": "(role_id = rt.id)"}]}]}]}]}, {"Node Type": "Sort", "Parent Relationship": "Inner", "Startup Cost": 379237.61, "Total Cost": 385558.39, "Plan Rows": 2528311, "Plan Width": 21, "Sort Key": ["t.id"], "Plans": [{"Node Type": "Bitmap Heap Scan", "Parent Relationship": "Outer", "Relation Name": "title", "Alias": "t", "Startup Cost": 50285.88, "Total Cost": 110354.99, "Plan Rows": 2528311, "Plan Width": 21, "Plans": [{"Node Type": "Bitmap Index Scan", "Parent Relationship": "Outer", "Index Name": "title_pkey", "Startup Cost": 0.0, "Total Cost": 49653.81, "Plan Rows": 2528311, "Plan Width": 0}]}]}]}]}, {"Node Type": "Sort", "Parent Relationship": "Inner", "Startup Cost": 125691.17, "Total Cost": 127944.52, "Plan Rows": 901342, "Plan Width": 20, "Sort Key": ["a1.person_id"], "Plans": [{"Node Type": "Bitmap Heap Scan", "Parent Relationship": "Outer", "Relation Name": "aka_name", "Alias": "a1", "Startup Cost": 16632.3, "Total Cost": 36540.72, "Plan Rows": 901342, "Plan Width": 20, "Plans": [{"Node Type": "Bitmap Index Scan", "Parent Relationship": "Outer", "Index Name": "person_id_aka_name", "Startup Cost": 0.0, "Total Cost": 16406.96, "Plan Rows": 901342, "Plan Width": 0}]}]}]}, {"Node Type": "Sort", "Parent Relationship": "Inner", "Startup Cost": 635502.57, "Total Cost": 645921.29, "Plan Rows": 4167490, "Plan Width": 4, "Sort Key": ["n1.id"], "Plans": [{"Node Type": "Bitmap Heap Scan", "Parent Relationship": "Outer", "Relation Name": "name", "Alias": "n1", "Startup Cost": 84199.57, "Total Cost": 177271.47, "Plan Rows": 4167490, "Plan Width": 4, "Plans": [{"Node Type": "Bitmap Index Scan", "Parent Relationship": "Outer", "Index Name": "name_pkey", "Startup Cost": 0.0, "Total Cost": 83157.7, "Plan Rows": 4167490, "Plan Width": 0}]}]}]}]}, "Unique SQL Id": 2457761703, "Planner Runtime": 43}, "explain_analyze_plan": {"Plan": {"Node Type": "Aggregate", "Strategy": "Plain", "Startup Cost": 2599287.33, "Total Cost": 2599287.34, "Plan Rows": 1, "Plan Width": 97, "Actual Startup Time": 21363.201, "Actual Total Time": 21363.203, "Actual Rows": 1, "Actual Loops": 1, "Plans": [{"Node Type": "Merge Join", "Parent Relationship": "Outer", "Join Type": "Inner", "Startup Cost": 2561169.56, "Total Cost": 2597501.84, "Plan Rows": 357098, "Plan Width": 33, "Actual Startup Time": 17003.752, "Actual Total Time": 20119.576, "Actual Rows": 2487611, "Actual Loops": 1, "Inner Unique": true, "Merge Cond": "(a1.person_id = n1.id)", "Plans": [{"Node Type": "Merge Join", "Parent Relationship": "Outer", "Join Type": "Inner", "Startup Cost": 1925666.62, "Total Cost": 1936698.45, "Plan Rows": 357098, "Plan Width": 41, "Actual Startup Time": 13412.753, "Actual Total Time": 15064.011, "Actual Rows": 2487611, "Actual Loops": 1, "Inner Unique": false, "Merge Cond": "(ci.person_id = a1.person_id)", "Plans": [{"Node Type": "Sort", "Parent Relationship": "Outer", "Startup Cost": 1799975.38, "Total Cost": 1801751.53, "Plan Rows": 710459, "Plan Width": 21, "Actual Startup Time": 12570.328, "Actual Total Time": 12916.296, "Actual Rows": 1970658, "Actual Loops": 1, "Sort Key": ["ci.person_id"], "Sort Method": "quicksort", "Sort Space Used": 240236, "Sort Space Type": "Memory", "Plans": [{"Node Type": "Merge Join", "Parent Relationship": "Outer", "Join Type": "Inner", "Startup Cost": 1669816.61, "Total Cost": 1730924.48, "Plan Rows": 710459, "Plan Width": 21, "Actual Startup Time": 8796.391, "Actual Total Time": 11812.599, "Actual Rows": 1970658, "Actual Loops": 1, "Inner Unique": true, "Merge Cond": "(ci.movie_id = t.id)", "Plans": [{"Node Type": "Merge Join", "Parent Relationship": "Outer", "Join Type": "Inner", "Startup Cost": 1290578.7, "Total Cost": 1330174.45, "Plan Rows": 711018, "Plan Width": 12, "Actual Startup Time": 6289.251, "Actual Total Time": 7900.595, "Actual Rows": 1970658, "Actual Loops": 1, "Inner Unique": false, "Merge Cond": "(mc.movie_id = ci.movie_id)", "Plans": [{"Node Type": "Sort", "Parent Relationship": "Outer", "Startup Cost": 543942.68, "Total Cost": 547148.46, "Plan Rows": 1282311, "Plan Width": 4, "Actual Startup Time": 3764.947, "Actual Total Time": 3949.371, "Actual Rows": 1153797, "Actual Loops": 1, "Sort Key": ["mc.movie_id"], "Sort Method": "quicksort", "Sort Space Used": 121265, "Sort Space Type": "Memory", "Plans": [{"Node Type": "Merge Join", "Parent Relationship": "Outer", "Join Type": "Inner", "Startup Cost": 387894.59, "Total Cost": 413850.21, "Plan Rows": 1282311, "Plan Width": 4, "Actual Startup Time": 2260.48, "Actual Total Time": 3336.297, "Actual Rows": 1153797, "Actual Loops": 1, "Inner Unique": false, "Merge Cond": "(cn.id = mc.company_id)", "Plans": [{"Node Type": "Sort", "Parent Relationship": "Outer", "Startup Cost": 15678.57, "Total Cost": 15891.49, "Plan Rows": 85170, "Plan Width": 4, "Actual Startup Time": 192.365, "Actual Total Time": 212.911, "Actual Rows": 84843, "Actual Loops": 1, "Sort Key": ["cn.id"], "Sort Method": "quicksort", "Sort Space Used": 8375, "Sort Space Type": "Memory", "Plans": [{"Node Type": "Bitmap Heap Scan", "Parent Relationship": "Outer", "Relation Name": "company_name", "Alias": "cn", "Startup Cost": 2800.52, "Total Cost": 8703.97, "Plan Rows": 85170, "Plan Width": 4, "Actual Startup Time": 22.528, "Actual Total Time": 161.757, "Actual Rows": 84843, "Actual Loops": 1, "Filter": "((country_code)::text = '[us]'::text)", "Rows Removed by Filter": 150153, "Exact Heap Blocks": 2966, "Lossy Heap Blocks": 2966, "Plans": [{"Node Type": "Bitmap Index Scan", "Parent Relationship": "Outer", "Index Name": "company_name_pkey", "Startup Cost": 0.0, "Total Cost": 2779.23, "Plan Rows": 234996, "Plan Width": 0, "Actual Startup Time": 22.067, "Actual Total Time": 22.067, "Actual Rows": 234996, "Actual Loops": 1}]}]}, {"Node Type": "Sort", "Parent Relationship": "Inner", "Startup Cost": 371877.05, "Total Cost": 378399.87, "Plan Rows": 2609128, "Plan Width": 8, "Actual Startup Time": 2068.098, "Actual Total Time": 2615.706, "Actual Rows": 2609128, "Actual Loops": 1, "Sort Key": ["mc.company_id"], "Sort Method": "quicksort", "Sort Space Used": 261375, "Sort Space Type": "Memory", "Plans": [{"Node Type": "Bitmap Heap Scan", "Parent Relationship": "Outer", "Relation Name": "movie_companies", "Alias": "mc", "Startup Cost": 51990.17, "Total Cost": 93807.45, "Plan Rows": 2609128, "Plan Width": 8, "Actual Startup Time": 219.656, "Actual Total Time": 1155.876, "Actual Rows": 2609128, "Actual Loops": 1, "Exact Heap Blocks": 15726, "Lossy Heap Blocks": 15726, "Plans": [{"Node Type": "Bitmap Index Scan", "Parent Relationship": "Outer", "Index Name": "movie_id_movie_companies", "Startup Cost": 0.0, "Total Cost": 51337.89, "Plan Rows": 2609128, "Plan Width": 0, "Actual Startup Time": 215.949, "Actual Total Time": 215.949, "Actual Rows": 2609128, "Actual Loops": 1}]}]}]}]}, {"Node Type": "Sort", "Parent Relationship": "Inner", "Startup Cost": 746635.7, "Total Cost": 754876.5, "Plan Rows": 3296318, "Plan Width": 8, "Actual Startup Time": 2524.267, "Actual Total Time": 3024.157, "Actual Rows": 3863824, "Actual Loops": 1, "Sort Key": ["ci.movie_id"], "Sort Method": "quicksort", "Sort Space Used": 268863, "Sort Space Type": "Memory", "Plans": [{"Node Type": "Nested Loop", "Parent Relationship": "Outer", "Join Type": "Inner", "Startup Cost": 76315.02, "Total Cost": 389769.33, "Plan Rows": 3296318, "Plan Width": 8, "Actual Startup Time": 302.973, "Actual Total Time": 1538.687, "Actual Rows": 2728943, "Actual Loops": 1, "Inner Unique": false, "Plans": [{"Node Type": "Bitmap Heap Scan", "Parent Relationship": "Outer", "Relation Name": "role_type", "Alias": "rt", "Startup Cost": 8.31, "Total Cost": 12.46, "Plan Rows": 1, "Plan Width": 4, "Actual Startup Time": 0.09, "Actual Total Time": 0.104, "Actual Rows": 1, "Actual Loops": 1, "Filter": "((role)::text = 'writer'::text)", "Rows Removed by Filter": 11, "Exact Heap Blocks": 1, "Lossy Heap Blocks": 1, "Plans": [{"Node Type": "Bitmap Index Scan", "Parent Relationship": "Outer", "Index Name": "role_type_pkey", "Startup Cost": 0.0, "Total Cost": 8.31, "Plan Rows": 12, "Plan Width": 0, "Actual Startup Time": 0.025, "Actual Total Time": 0.025, "Actual Rows": 12, "Actual Loops": 1}]}, {"Node Type": "Bitmap Heap Scan", "Parent Relationship": "Inner", "Relation Name": "cast_info", "Alias": "ci", "Startup Cost": 76306.71, "Total Cost": 356793.69, "Plan Rows": 3296318, "Plan Width": 12, "Actual Startup Time": 302.859, "Actual Total Time": 1064.841, "Actual Rows": 2728943, "Actual Loops": 1, "Recheck Cond": "(role_id = rt.id), (LLVM Optimized, Jit Execute)", "Rows Removed by Index Recheck": 0, "Exact Heap Blocks": 19177, "Lossy Heap Blocks": 19177, "Plans": [{"Node Type": "Bitmap Index Scan", "Parent Relationship": "Outer", "Index Name": "role_id_cast_info", "Startup Cost": 0.0, "Total Cost": 75482.63, "Plan Rows": 3296318, "Plan Width": 0, "Actual Startup Time": 298.466, "Actual Total Time": 298.466, "Actual Rows": 2728943, "Actual Loops": 1, "Index Cond": "(role_id = rt.id)"}]}]}]}]}, {"Node Type": "Sort", "Parent Relationship": "Inner", "Startup Cost": 379237.61, "Total Cost": 385558.39, "Plan Rows": 2528311, "Plan Width": 21, "Actual Startup Time": 2507.119, "Actual Total Time": 2981.567, "Actual Rows": 2525743, "Actual Loops": 1, "Sort Key": ["t.id"], "Sort Method": "quicksort", "Sort Space Used": 344074, "Sort Space Type": "Memory", "Plans": [{"Node Type": "Bitmap Heap Scan", "Parent Relationship": "Outer", "Relation Name": "title", "Alias": "t", "Startup Cost": 50285.88, "Total Cost": 110354.99, "Plan Rows": 2528311, "Plan Width": 21, "Actual Startup Time": 271.285, "Actual Total Time": 1400.305, "Actual Rows": 2528311, "Actual Loops": 1, "Exact Heap Blocks": 34786, "Lossy Heap Blocks": 34786, "Plans": [{"Node Type": "Bitmap Index Scan", "Parent Relationship": "Outer", "Index Name": "title_pkey", "Startup Cost": 0.0, "Total Cost": 49653.81, "Plan Rows": 2528311, "Plan Width": 0, "Actual Startup Time": 263.409, "Actual Total Time": 263.409, "Actual Rows": 2528311, "Actual Loops": 1}]}]}]}]}, {"Node Type": "Sort", "Parent Relationship": "Inner", "Startup Cost": 125691.17, "Total Cost": 127944.52, "Plan Rows": 901342, "Plan Width": 20, "Actual Startup Time": 842.4, "Actual Total Time": 1134.101, "Actual Rows": 3063953, "Actual Loops": 1, "Sort Key": ["a1.person_id"], "Sort Method": "quicksort", "Sort Space Used": 109040, "Sort Space Type": "Memory", "Plans": [{"Node Type": "Bitmap Heap Scan", "Parent Relationship": "Outer", "Relation Name": "aka_name", "Alias": "a1", "Startup Cost": 16632.3, "Total Cost": 36540.72, "Plan Rows": 901342, "Plan Width": 20, "Actual Startup Time": 85.015, "Actual Total Time": 470.164, "Actual Rows": 901342, "Actual Loops": 1, "Exact Heap Blocks": 10895, "Lossy Heap Blocks": 10895, "Plans": [{"Node Type": "Bitmap Index Scan", "Parent Relationship": "Outer", "Index Name": "person_id_aka_name", "Startup Cost": 0.0, "Total Cost": 16406.96, "Plan Rows": 901342, "Plan Width": 0, "Actual Startup Time": 83.053, "Actual Total Time": 83.053, "Actual Rows": 901342, "Actual Loops": 1}]}]}]}, {"Node Type": "Sort", "Parent Relationship": "Inner", "Startup Cost": 635502.57, "Total Cost": 645921.29, "Plan Rows": 4167490, "Plan Width": 4, "Actual Startup Time": 3590.969, "Actual Total Time": 4043.226, "Actual Rows": 3228264, "Actual Loops": 1, "Sort Key": ["n1.id"], "Sort Method": "quicksort", "Sort Space Used": 358773, "Sort Space Type": "Memory", "Plans": [{"Node Type": "Bitmap Heap Scan", "Parent Relationship": "Outer", "Relation Name": "name", "Alias": "n1", "Startup Cost": 84199.57, "Total Cost": 177271.47, "Plan Rows": 4167490, "Plan Width": 4, "Actual Startup Time": 382.836, "Actual Total Time": 2060.348, "Actual Rows": 4167490, "Actual Loops": 1, "Exact Heap Blocks": 51397, "Lossy Heap Blocks": 51397, "Plans": [{"Node Type": "Bitmap Index Scan", "Parent Relationship": "Outer", "Index Name": "name_pkey", "Startup Cost": 0.0, "Total Cost": 83157.7, "Plan Rows": 4167490, "Plan Width": 0, "Actual Startup Time": 370.801, "Actual Total Time": 370.801, "Actual Rows": 4167490, "Actual Loops": 1}]}]}]}]}, "Triggers": [], "Planner Runtime": 43, "Total Runtime": 21373.426, "Unique SQL Id": 2457761703}}, "(64, 88)": {"explain_plan": {"Plan": {"Node Type": "Aggregate", "Strategy": "Plain", "Startup Cost": 1194615.66, "Total Cost": 1194615.67, "Plan Rows": 1, "Plan Width": 97, "Plans": [{"Node Type": "Nested Loop", "Parent Relationship": "Outer", "Join Type": "Inner", "Startup Cost": 920804.93, "Total Cost": 1192830.17, "Plan Rows": 357098, "Plan Width": 33, "Inner Unique": true, "Join Filter": "(a1.person_id = n1.id), (LLVM Optimized)", "Plans": [{"Node Type": "Nested Loop", "Parent Relationship": "Outer", "Join Type": "Inner", "Startup Cost": 920804.93, "Total Cost": 1091336.23, "Plan Rows": 357098, "Plan Width": 41, "Inner Unique": true, "Plans": [{"Node Type": "Merge Join", "Parent Relationship": "Outer", "Join Type": "Inner", "Startup Cost": 920804.93, "Total Cost": 989533.89, "Plan Rows": 357379, "Plan Width": 32, "Inner Unique": false, "Merge Cond": "(a1.person_id = ci.person_id)", "Plans": [{"Node Type": "Index Scan", "Parent Relationship": "Outer", "Scan Direction": "Forward", "Index Name": "person_id_aka_name", "Relation Name": "aka_name", "Alias": "a1", "Startup Cost": 0.0, "Total Cost": 68965.03, "Plan Rows": 901342, "Plan Width": 20}, {"Node Type": "Sort", "Parent Relationship": "Inner", "Startup Cost": 920804.86, "Total Cost": 922582.4, "Plan Rows": 711018, "Plan Width": 12, "Sort Key": ["ci.person_id"], "Plans": [{"Node Type": "Merge Join", "Parent Relationship": "Outer", "Join Type": "Inner", "Startup Cost": 812099.84, "Total Cost": 851695.59, "Plan Rows": 711018, "Plan Width": 12, "Inner Unique": false, "Merge Cond": "(mc.movie_id = ci.movie_id)", "Plans": [{"Node Type": "Sort", "Parent Relationship": "Outer", "Startup Cost": 283826.21, "Total Cost": 287031.99, "Plan Rows": 1282311, "Plan Width": 4, "Sort Key": ["mc.movie_id"], "Plans": [{"Node Type": "Merge Join", "Parent Relationship": "Outer", "Join Type": "Inner", "Startup Cost": 3383.04, "Total Cost": 153733.74, "Plan Rows": 1282311, "Plan Width": 4, "Inner Unique": false, "Merge Cond": "(cn.id = mc.company_id)", "Plans": [{"Node Type": "Index Scan", "Parent Relationship": "Outer", "Scan Direction": "Forward", "Index Name": "company_name_pkey", "Relation Name": "company_name", "Alias": "cn", "Startup Cost": 0.0, "Total Cost": 10501.39, "Plan Rows": 85170, "Plan Width": 4, "Filter": "((country_code)::text = '[us]'::text)"}, {"Node Type": "Index Scan", "Parent Relationship": "Inner", "Scan Direction": "Forward", "Index Name": "company_id_movie_companies", "Relation Name": "movie_companies", "Alias": "mc", "Startup Cost": 0.0, "Total Cost": 123673.5, "Plan Rows": 2609128, "Plan Width": 8}]}]}, {"Node Type": "Sort", "Parent Relationship": "Inner", "Startup Cost": 528273.31, "Total Cost": 536514.11, "Plan Rows": 3296318, "Plan Width": 8, "Sort Key": ["ci.movie_id"], "Plans": [{"Node Type": "Nested Loop", "Parent Relationship": "Outer", "Join Type": "Inner", "Startup Cost": 0.0, "Total Cost": 171406.94, "Plan Rows": 3296318, "Plan Width": 8, "Inner Unique": false, "Plans": [{"Node Type": "Seq Scan", "Parent Relationship": "Outer", "Relation Name": "role_type", "Alias": "rt", "Startup Cost": 0.0, "Total Cost": 1.15, "Plan Rows": 1, "Plan Width": 4, "Filter": "((role)::text = 'writer'::text)"}, {"Node Type": "Index Scan", "Parent Relationship": "Inner", "Scan Direction": "Forward", "Index Name": "role_id_cast_info", "Relation Name": "cast_info", "Alias": "ci", "Startup Cost": 0.0, "Total Cost": 138442.61, "Plan Rows": 3296318, "Plan Width": 12, "Index Cond": "(role_id = rt.id), (LLVM Optimized)"}]}]}]}]}]}, {"Node Type": "Index Scan", "Parent Relationship": "Inner", "Scan Direction": "Forward", "Index Name": "title_pkey", "Relation Name": "title", "Alias": "t", "Startup Cost": 0.0, "Total Cost": 0.27, "Plan Rows": 1, "Plan Width": 21, "Index Cond": "(id = ci.movie_id)"}]}, {"Node Type": "Index Only Scan", "Parent Relationship": "Inner", "Scan Direction": "Forward", "Index Name": "name_pkey", "Relation Name": "name", "Alias": "n1", "Startup Cost": 0.0, "Total Cost": 0.27, "Plan Rows": 1, "Plan Width": 4, "Index Cond": "(id = ci.person_id)"}]}]}, "Unique SQL Id": 2457761703, "Planner Runtime": 42}, "explain_analyze_plan": null}, "(64, 89)": {"explain_plan": {"Plan": {"Node Type": "Aggregate", "Strategy": "Plain", "Startup Cost": 1194626.97, "Total Cost": 1194626.98, "Plan Rows": 1, "Plan Width": 97, "Plans": [{"Node Type": "Nested Loop", "Parent Relationship": "Outer", "Join Type": "Inner", "Startup Cost": 920816.24, "Total Cost": 1192841.48, "Plan Rows": 357098, "Plan Width": 33, "Inner Unique": true, "Join Filter": "(a1.person_id = n1.id), (LLVM Optimized)", "Plans": [{"Node Type": "Nested Loop", "Parent Relationship": "Outer", "Join Type": "Inner", "Startup Cost": 920816.24, "Total Cost": 1091347.54, "Plan Rows": 357098, "Plan Width": 41, "Inner Unique": true, "Plans": [{"Node Type": "Merge Join", "Parent Relationship": "Outer", "Join Type": "Inner", "Startup Cost": 920816.24, "Total Cost": 989545.2, "Plan Rows": 357379, "Plan Width": 32, "Inner Unique": false, "Merge Cond": "(ci.person_id = a1.person_id)", "Plans": [{"Node Type": "Sort", "Parent Relationship": "Outer", "Startup Cost": 920816.17, "Total Cost": 922593.71, "Plan Rows": 711018, "Plan Width": 12, "Sort Key": ["ci.person_id"], "Plans": [{"Node Type": "Merge Join", "Parent Relationship": "Outer", "Join Type": "Inner", "Startup Cost": 812111.15, "Total Cost": 851706.9, "Plan Rows": 711018, "Plan Width": 12, "Inner Unique": false, "Merge Cond": "(mc.movie_id = ci.movie_id)", "Plans": [{"Node Type": "Sort", "Parent Relationship": "Outer", "Startup Cost": 283826.21, "Total Cost": 287031.99, "Plan Rows": 1282311, "Plan Width": 4, "Sort Key": ["mc.movie_id"], "Plans": [{"Node Type": "Merge Join", "Parent Relationship": "Outer", "Join Type": "Inner", "Startup Cost": 3383.04, "Total Cost": 153733.74, "Plan Rows": 1282311, "Plan Width": 4, "Inner Unique": false, "Merge Cond": "(cn.id = mc.company_id)", "Plans": [{"Node Type": "Index Scan", "Parent Relationship": "Outer", "Scan Direction": "Forward", "Index Name": "company_name_pkey", "Relation Name": "company_name", "Alias": "cn", "Startup Cost": 0.0, "Total Cost": 10501.39, "Plan Rows": 85170, "Plan Width": 4, "Filter": "((country_code)::text = '[us]'::text)"}, {"Node Type": "Index Scan", "Parent Relationship": "Inner", "Scan Direction": "Forward", "Index Name": "company_id_movie_companies", "Relation Name": "movie_companies", "Alias": "mc", "Startup Cost": 0.0, "Total Cost": 123673.5, "Plan Rows": 2609128, "Plan Width": 8}]}]}, {"Node Type": "Sort", "Parent Relationship": "Inner", "Startup Cost": 528284.62, "Total Cost": 536525.42, "Plan Rows": 3296318, "Plan Width": 8, "Sort Key": ["ci.movie_id"], "Plans": [{"Node Type": "Nested Loop", "Parent Relationship": "Outer", "Join Type": "Inner", "Startup Cost": 0.0, "Total Cost": 171418.25, "Plan Rows": 3296318, "Plan Width": 8, "Inner Unique": false, "Plans": [{"Node Type": "Index Scan", "Parent Relationship": "Outer", "Scan Direction": "Forward", "Index Name": "role_type_pkey", "Relation Name": "role_type", "Alias": "rt", "Startup Cost": 0.0, "Total Cost": 12.46, "Plan Rows": 1, "Plan Width": 4, "Filter": "((role)::text = 'writer'::text)"}, {"Node Type": "Index Scan", "Parent Relationship": "Inner", "Scan Direction": "Forward", "Index Name": "role_id_cast_info", "Relation Name": "cast_info", "Alias": "ci", "Startup Cost": 0.0, "Total Cost": 138442.61, "Plan Rows": 3296318, "Plan Width": 12, "Index Cond": "(role_id = rt.id), (LLVM Optimized)"}]}]}]}]}, {"Node Type": "Index Scan", "Parent Relationship": "Inner", "Scan Direction": "Forward", "Index Name": "person_id_aka_name", "Relation Name": "aka_name", "Alias": "a1", "Startup Cost": 0.0, "Total Cost": 68965.03, "Plan Rows": 901342, "Plan Width": 20}]}, {"Node Type": "Index Scan", "Parent Relationship": "Inner", "Scan Direction": "Forward", "Index Name": "title_pkey", "Relation Name": "title", "Alias": "t", "Startup Cost": 0.0, "Total Cost": 0.27, "Plan Rows": 1, "Plan Width": 21, "Index Cond": "(id = ci.movie_id)"}]}, {"Node Type": "Index Only Scan", "Parent Relationship": "Inner", "Scan Direction": "Forward", "Index Name": "name_pkey", "Relation Name": "name", "Alias": "n1", "Startup Cost": 0.0, "Total Cost": 0.27, "Plan Rows": 1, "Plan Width": 4, "Index Cond": "(id = ci.person_id)"}]}]}, "Unique SQL Id": 2457761703, "Planner Runtime": 41}, "explain_analyze_plan": null}, "(64, 90)": {"explain_plan": {"Plan": {"Node Type": "Aggregate", "Strategy": "Plain", "Startup Cost": 12103218987049.04, "Total Cost": 12103218987049.07, "Plan Rows": 1, "Plan Width": 97, "Plans": [{"Node Type": "Streaming(type: LOCAL GATHER dop: 1/64)", "Parent Relationship": "Outer", "Startup Cost": 12103218987049.04, "Total Cost": 12103218987049.07, "Plan Rows": 1, "Plan Width": 97, "Plans": [{"Node Type": "Aggregate", "Strategy": "Plain", "Parent Relationship": "Outer", "Startup Cost": 12103218987049.04, "Total Cost": 12103218987049.05, "Plan Rows": 1, "Plan Width": 97, "Plans": [{"Node Type": "Nested Loop", "Parent Relationship": "Outer", "Join Type": "Inner", "Startup Cost": 40000818104.0, "Total Cost": 12103218985263.55, "Plan Rows": 357098, "Plan Width": 33, "Inner Unique": false, "Join Filter": "(a1.person_id = ci.person_id), (LLVM Optimized)", "Plans": [{"Node Type": "Streaming(type: LOCAL REDISTRIBUTE dop: 64/64)", "Parent Relationship": "Outer", "Startup Cost": 10000000000.0, "Total Cost": 100140134575.19, "Plan Rows": 901342, "Plan Width": 24, "Plans": [{"Node Type": "Nested Loop", "Parent Relationship": "Outer", "Join Type": "Inner", "Startup Cost": 10000000000.0, "Total Cost": 100140070721.37, "Plan Rows": 901342, "Plan Width": 24, "Inner Unique": false, "Join Filter": "(a1.person_id = n1.id), (LLVM Optimized)", "Plans": [{"Node Type": "Streaming(type: LOCAL REDISTRIBUTE dop: 64/64)", "Parent Relationship": "Outer", "Startup Cost": 0.0, "Total Cost": 131401.97, "Plan Rows": 4167490, "Plan Width": 4, "Plans": [{"Node Type": "Seq Scan", "Parent Relationship": "Outer", "Relation Name": "name", "Alias": "n1", "Startup Cost": 0.0, "Total Cost": 64454.25, "Plan Rows": 4167490, "Plan Width": 4}]}, {"Node Type": "Materialize", "Parent Relationship": "Inner", "Startup Cost": 0.0, "Total Cost": 119600.26, "Plan Rows": 901342, "Plan Width": 20, "Plans": [{"Node Type": "Streaming(type: LOCAL REDISTRIBUTE dop: 64/1)", "Parent Relationship": "Outer", "Startup Cost": 0.0, "Total Cost": 119529.84, "Plan Rows": 901342, "Plan Width": 20, "Plans": [{"Node Type": "Seq Scan", "Parent Relationship": "Outer", "Relation Name": "aka_name", "Alias": "a1", "Startup Cost": 0.0, "Total Cost": 19908.42, "Plan Rows": 901342, "Plan Width": 20}]}]}]}]}, {"Node Type": "Materialize", "Parent Relationship": "Inner", "Startup Cost": 20000818104.0, "Total Cost": 1100179418886.63, "Plan Rows": 710459, "Plan Width": 21, "Plans": [{"Node Type": "Streaming(type: LOCAL REDISTRIBUTE dop: 64/64)", "Parent Relationship": "Outer", "Startup Cost": 20000818104.0, "Total Cost": 1100179418831.12, "Plan Rows": 710459, "Plan Width": 21, "Plans": [{"Node Type": "Nested Loop", "Parent Relationship": "Outer", "Join Type": "Inner", "Startup Cost": 20000818104.0, "Total Cost": 1100179355158.13, "Plan Rows": 710459, "Plan Width": 21, "Inner Unique": false, "Join Filter": "(ci.movie_id = t.id), (LLVM Optimized)", "Plans": [{"Node Type": "Streaming(type: LOCAL REDISTRIBUTE dop: 64/64)", "Parent Relationship": "Outer", "Startup Cost": 10000000000.0, "Total Cost": 100001491009.94, "Plan Rows": 3296318, "Plan Width": 8, "Plans": [{"Node Type": "Nested Loop", "Parent Relationship": "Outer", "Join Type": "Inner", "Startup Cost": 10000000000.0, "Total Cost": 100001424887.46, "Plan Rows": 3296318, "Plan Width": 8, "Inner Unique": false, "Join Filter": "(ci.role_id = rt.id), (LLVM Optimized)", "Plans": [{"Node Type": "Streaming(type: BROADCAST dop: 64/1)", "Parent Relationship": "Outer", "Startup Cost": 0.0, "Total Cost": 63002.47, "Plan Rows": 64, "Plan Width": 4, "Plans": [{"Node Type": "Seq Scan", "Parent Relationship": "Outer", "Relation Name": "role_type", "Alias": "rt", "Startup Cost": 0.0, "Total Cost": 1.15, "Plan Rows": 1, "Plan Width": 4, "Filter": "((role)::text = 'writer'::text)"}]}, {"Node Type": "Seq Scan", "Parent Relationship": "Inner", "Relation Name": "cast_info", "Alias": "ci", "Startup Cost": 0.0, "Total Cost": 72404.34, "Plan Rows": 36259494, "Plan Width": 12}]}]}, {"Node Type": "Materialize", "Parent Relationship": "Inner", "Startup Cost": 818104.0, "Total Cost": 965168.15, "Plan Rows": 1282311, "Plan Width": 25, "Plans": [{"Node Type": "Streaming(type: LOCAL REDISTRIBUTE dop: 64/1)", "Parent Relationship": "Outer", "Startup Cost": 818104.0, "Total Cost": 965067.97, "Plan Rows": 1282311, "Plan Width": 25, "Plans": [{"Node Type": "Merge Join", "Parent Relationship": "Outer", "Join Type": "Inner", "Startup Cost": 818104.0, "Total Cost": 849967.82, "Plan Rows": 1282311, "Plan Width": 25, "Inner Unique": true, "Merge Cond": "(mc.movie_id = t.id)", "Plans": [{"Node Type": "Sort", "Parent Relationship": "Outer", "Startup Cost": 489151.99, "Total Cost": 492357.77, "Plan Rows": 1282311, "Plan Width": 4, "Sort Key": ["mc.movie_id"], "Plans": [{"Node Type": "Merge Join", "Parent Relationship": "Outer", "Join Type": "Inner", "Startup Cost": 333103.9, "Total Cost": 359059.52, "Plan Rows": 1282311, "Plan Width": 4, "Inner Unique": false, "Merge Cond": "(cn.id = mc.company_id)", "Plans": [{"Node Type": "Sort", "Parent Relationship": "Outer", "Startup Cost": 12878.05, "Total Cost": 13090.97, "Plan Rows": 85170, "Plan Width": 4, "Sort Key": ["cn.id"], "Plans": [{"Node Type": "Seq Scan", "Parent Relationship": "Outer", "Relation Name": "company_name", "Alias": "cn", "Startup Cost": 0.0, "Total Cost": 5903.45, "Plan Rows": 85170, "Plan Width": 4, "Filter": "((country_code)::text = '[us]'::text)"}]}, {"Node Type": "Sort", "Parent Relationship": "Inner", "Startup Cost": 319886.87, "Total Cost": 326409.69, "Plan Rows": 2609128, "Plan Width": 8, "Sort Key": ["mc.company_id"], "Plans": [{"Node Type": "Seq Scan", "Parent Relationship": "Outer", "Relation Name": "movie_companies", "Alias": "mc", "Startup Cost": 0.0, "Total Cost": 41817.28, "Plan Rows": 2609128, "Plan Width": 8}]}]}]}, {"Node Type": "Sort", "Parent Relationship": "Inner", "Startup Cost": 328951.73, "Total Cost": 335272.51, "Plan Rows": 2528311, "Plan Width": 21, "Sort Key": ["t.id"], "Plans": [{"Node Type": "Seq Scan", "Parent Relationship": "Outer", "Relation Name": "title", "Alias": "t", "Startup Cost": 0.0, "Total Cost": 60069.11, "Plan Rows": 2528311, "Plan Width": 21}]}]}]}]}]}]}]}]}]}]}]}, "Unique SQL Id": 2457761703, "Planner Runtime": 35}, "explain_analyze_plan": null}, "(64, 91)": {"explain_plan": {"Plan": {"Node Type": "Aggregate", "Strategy": "Plain", "Startup Cost": 6720852851061.62, "Total Cost": 6720852851061.63, "Plan Rows": 1, "Plan Width": 97, "Plans": [{"Node Type": "Merge Join", "Parent Relationship": "Outer", "Join Type": "Inner", "Startup Cost": 5019186702132.34, "Total Cost": 6720852849276.13, "Plan Rows": 357098, "Plan Width": 33, "Inner Unique": false, "Merge Cond": "(a1.person_id = ci.person_id)", "Plans": [{"Node Type": "Merge Join", "Parent Relationship": "Outer", "Join Type": "Inner", "Startup Cost": 20030754356.47, "Total Cost": 2000002534968.85, "Plan Rows": 901342, "Plan Width": 24, "Inner Unique": true, "Merge Cond": "(a1.person_id = n1.id)", "Plans": [{"Node Type": "Index Scan", "Parent Relationship": "Outer", "Scan Direction": "Forward", "Index Name": "person_id_aka_name", "Relation Name": "aka_name", "Alias": "a1", "Startup Cost": 10000000000.0, "Total Cost": 1000006896503.43, "Plan Rows": 901342, "Plan Width": 20}, {"Node Type": "Index Only Scan", "Parent Relationship": "Inner", "Scan Direction": "Forward", "Index Name": "name_pkey", "Relation Name": "name", "Alias": "n1", "Startup Cost": 10000000000.0, "Total Cost": 1000012483260.0, "Plan Rows": 4167490, "Plan Width": 4}]}, {"Node Type": "Sort", "Parent Relationship": "Inner", "Startup Cost": 4999155947775.81, "Total Cost": 4999155949551.95, "Plan Rows": 710459, "Plan Width": 21, "Sort Key": ["ci.person_id"], "Plans": [{"Node Type": "Merge Join", "Parent Relationship": "Outer", "Join Type": "Inner", "Startup Cost": 4010027802477.44, "Total Cost": 4999155878724.9, "Plan Rows": 710459, "Plan Width": 21, "Inner Unique": true, "Merge Cond": "(ci.movie_id = t.id)", "Plans": [{"Node Type": "Merge Join", "Parent Relationship": "Outer", "Join Type": "Inner", "Startup Cost": 4000027802477.15, "Total Cost": 4000027842072.9, "Plan Rows": 711018, "Plan Width": 12, "Inner Unique": false, "Merge Cond": "(mc.movie_id = ci.movie_id)", "Plans": [{"Node Type": "Sort", "Parent Relationship": "Outer", "Startup Cost": 2000013567140.28, "Total Cost": 2000013570346.05, "Plan Rows": 1282311, "Plan Width": 4, "Sort Key": ["mc.movie_id"], "Plans": [{"Node Type": "Merge Join", "Parent Relationship": "Outer", "Join Type": "Inner", "Startup Cost": 45724640147.62, "Total Cost": 2000013437047.81, "Plan Rows": 1282311, "Plan Width": 4, "Inner Unique": false, "Merge Cond": "(cn.id = mc.company_id)", "Plans": [{"Node Type": "Index Scan", "Parent Relationship": "Outer", "Scan Direction": "Forward", "Index Name": "company_name_pkey", "Relation Name": "company_name", "Alias": "cn", "Startup Cost": 10000000000.0, "Total Cost": 1000001050138.97, "Plan Rows": 85170, "Plan Width": 4, "Filter": "((country_code)::text = '[us]'::text)"}, {"Node Type": "Index Scan", "Parent Relationship": "Inner", "Scan Direction": "Forward", "Index Name": "company_id_movie_companies", "Relation Name": "movie_companies", "Alias": "mc", "Startup Cost": 10000000000.0, "Total Cost": 1000012367349.98, "Plan Rows": 2609128, "Plan Width": 8}]}]}, {"Node Type": "Sort", "Parent Relationship": "Inner", "Startup Cost": 2000014235336.55, "Total Cost": 2000014243577.35, "Plan Rows": 3296318, "Plan Width": 8, "Sort Key": ["ci.movie_id"], "Plans": [{"Node Type": "Nested Loop", "Parent Relationship": "Outer", "Join Type": "Inner", "Startup Cost": 20000000000.0, "Total Cost": 2000013878470.18, "Plan Rows": 3296318, "Plan Width": 8, "Inner Unique": false, "Plans": [{"Node Type": "Index Scan", "Parent Relationship": "Outer", "Scan Direction": "Forward", "Index Name": "role_type_pkey", "Relation Name": "role_type", "Alias": "rt", "Startup Cost": 10000000000.0, "Total Cost": 1000000001246.0, "Plan Rows": 1, "Plan Width": 4, "Filter": "((role)::text = 'writer'::text)"}, {"Node Type": "Index Scan", "Parent Relationship": "Inner", "Scan Direction": "Forward", "Index Name": "role_id_cast_info", "Relation Name": "cast_info", "Alias": "ci", "Startup Cost": 10000000000.0, "Total Cost": 1000013844261.0, "Plan Rows": 3296318, "Plan Width": 12, "Index Cond": "(role_id = rt.id), (LLVM Optimized)"}]}]}]}, {"Node Type": "Index Scan", "Parent Relationship": "Inner", "Scan Direction": "Forward", "Index Name": "title_pkey", "Relation Name": "title", "Alias": "t", "Startup Cost": 10000000000.0, "Total Cost": 1000011012048.91, "Plan Rows": 2528311, "Plan Width": 21}]}]}]}]}, "Unique SQL Id": 2457761703, "Planner Runtime": 129}, "explain_analyze_plan": {"Plan": {"Node Type": "Aggregate", "Strategy": "Plain", "Startup Cost": 6720852851061.62, "Total Cost": 6720852851061.63, "Plan Rows": 1, "Plan Width": 97, "Actual Startup Time": 18142.212, "Actual Total Time": 18142.213, "Actual Rows": 1, "Actual Loops": 1, "Plans": [{"Node Type": "Merge Join", "Parent Relationship": "Outer", "Join Type": "Inner", "Startup Cost": 5019186702132.34, "Total Cost": 6720852849276.13, "Plan Rows": 357098, "Plan Width": 33, "Actual Startup Time": 13718.461, "Actual Total Time": 16912.72, "Actual Rows": 2487611, "Actual Loops": 1, "Inner Unique": false, "Merge Cond": "(a1.person_id = ci.person_id)", "Plans": [{"Node Type": "Merge Join", "Parent Relationship": "Outer", "Join Type": "Inner", "Startup Cost": 20030754356.47, "Total Cost": 2000002534968.85, "Plan Rows": 901342, "Plan Width": 24, "Actual Startup Time": 0.058, "Actual Total Time": 1951.67, "Actual Rows": 656209, "Actual Loops": 1, "Inner Unique": true, "Merge Cond": "(a1.person_id = n1.id)", "Plans": [{"Node Type": "Index Scan", "Parent Relationship": "Outer", "Scan Direction": "Forward", "Index Name": "person_id_aka_name", "Relation Name": "aka_name", "Alias": "a1", "Startup Cost": 10000000000.0, "Total Cost": 1000006896503.43, "Plan Rows": 901342, "Plan Width": 20, "Actual Startup Time": 0.03, "Actual Total Time": 542.49, "Actual Rows": 656209, "Actual Loops": 1}, {"Node Type": "Index Only Scan", "Parent Relationship": "Inner", "Scan Direction": "Forward", "Index Name": "name_pkey", "Relation Name": "name", "Alias": "n1", "Startup Cost": 10000000000.0, "Total Cost": 1000012483260.0, "Plan Rows": 4167490, "Plan Width": 4, "Actual Startup Time": 0.021, "Actual Total Time": 737.566, "Actual Rows": 3228373, "Actual Loops": 1, "Heap Fetches": 0}]}, {"Node Type": "Sort", "Parent Relationship": "Inner", "Startup Cost": 4999155947775.81, "Total Cost": 4999155949551.95, "Plan Rows": 710459, "Plan Width": 21, "Actual Startup Time": 13718.335, "Actual Total Time": 14160.311, "Actual Rows": 3411048, "Actual Loops": 1, "Sort Key": ["ci.person_id"], "Sort Method": "quicksort", "Sort Space Used": 240236, "Sort Space Type": "Memory", "Plans": [{"Node Type": "Merge Join", "Parent Relationship": "Outer", "Join Type": "Inner", "Startup Cost": 4010027802477.44, "Total Cost": 4999155878724.9, "Plan Rows": 710459, "Plan Width": 21, "Actual Startup Time": 7253.041, "Actual Total Time": 12981.02, "Actual Rows": 1970658, "Actual Loops": 1, "Inner Unique": true, "Merge Cond": "(ci.movie_id = t.id)", "Plans": [{"Node Type": "Merge Join", "Parent Relationship": "Outer", "Join Type": "Inner", "Startup Cost": 4000027802477.15, "Total Cost": 4000027842072.9, "Plan Rows": 711018, "Plan Width": 12, "Actual Startup Time": 7252.946, "Actual Total Time": 8889.154, "Actual Rows": 1970658, "Actual Loops": 1, "Inner Unique": false, "Merge Cond": "(mc.movie_id = ci.movie_id)", "Plans": [{"Node Type": "Sort", "Parent Relationship": "Outer", "Startup Cost": 2000013567140.28, "Total Cost": 2000013570346.05, "Plan Rows": 1282311, "Plan Width": 4, "Actual Startup Time": 4173.602, "Actual Total Time": 4348.806, "Actual Rows": 1153797, "Actual Loops": 1, "Sort Key": ["mc.movie_id"], "Sort Method": "quicksort", "Sort Space Used": 121265, "Sort Space Type": "Memory", "Plans": [{"Node Type": "Merge Join", "Parent Relationship": "Outer", "Join Type": "Inner", "Startup Cost": 45724640147.62, "Total Cost": 2000013437047.81, "Plan Rows": 1282311, "Plan Width": 4, "Actual Startup Time": 0.05, "Actual Total Time": 3723.136, "Actual Rows": 1153797, "Actual Loops": 1, "Inner Unique": false, "Merge Cond": "(cn.id = mc.company_id)", "Plans": [{"Node Type": "Index Scan", "Parent Relationship": "Outer", "Scan Direction": "Forward", "Index Name": "company_name_pkey", "Relation Name": "company_name", "Alias": "cn", "Startup Cost": 10000000000.0, "Total Cost": 1000001050138.97, "Plan Rows": 85170, "Plan Width": 4, "Actual Startup Time": 0.028, "Actual Total Time": 339.157, "Actual Rows": 84843, "Actual Loops": 1, "Filter": "((country_code)::text = '[us]'::text)", "Rows Removed by Filter": 150153}, {"Node Type": "Index Scan", "Parent Relationship": "Inner", "Scan Direction": "Forward", "Index Name": "company_id_movie_companies", "Relation Name": "movie_companies", "Alias": "mc", "Startup Cost": 10000000000.0, "Total Cost": 1000012367349.98, "Plan Rows": 2609128, "Plan Width": 8, "Actual Startup Time": 0.018, "Actual Total Time": 2826.383, "Actual Rows": 2609128, "Actual Loops": 1}]}]}, {"Node Type": "Sort", "Parent Relationship": "Inner", "Startup Cost": 2000014235336.55, "Total Cost": 2000014243577.35, "Plan Rows": 3296318, "Plan Width": 8, "Actual Startup Time": 3079.319, "Actual Total Time": 3587.412, "Actual Rows": 3863824, "Actual Loops": 1, "Sort Key": ["ci.movie_id"], "Sort Method": "quicksort", "Sort Space Used": 268863, "Sort Space Type": "Memory", "Plans": [{"Node Type": "Nested Loop", "Parent Relationship": "Outer", "Join Type": "Inner", "Startup Cost": 20000000000.0, "Total Cost": 2000013878470.18, "Plan Rows": 3296318, "Plan Width": 8, "Actual Startup Time": 0.104, "Actual Total Time": 2033.913, "Actual Rows": 2728943, "Actual Loops": 1, "Inner Unique": false, "Plans": [{"Node Type": "Index Scan", "Parent Relationship": "Outer", "Scan Direction": "Forward", "Index Name": "role_type_pkey", "Relation Name": "role_type", "Alias": "rt", "Startup Cost": 10000000000.0, "Total Cost": 1000000001246.0, "Plan Rows": 1, "Plan Width": 4, "Actual Startup Time": 0.047, "Actual Total Time": 0.059, "Actual Rows": 1, "Actual Loops": 1, "Filter": "((role)::text = 'writer'::text)", "Rows Removed by Filter": 11}, {"Node Type": "Index Scan", "Parent Relationship": "Inner", "Scan Direction": "Forward", "Index Name": "role_id_cast_info", "Relation Name": "cast_info", "Alias": "ci", "Startup Cost": 10000000000.0, "Total Cost": 1000013844261.0, "Plan Rows": 3296318, "Plan Width": 12, "Actual Startup Time": 0.045, "Actual Total Time": 1509.49, "Actual Rows": 2728943, "Actual Loops": 1, "Index Cond": "(role_id = rt.id), (LLVM Optimized, Jit Execute)", "Rows Removed by Index Recheck": 0}]}]}]}, {"Node Type": "Index Scan", "Parent Relationship": "Inner", "Scan Direction": "Forward", "Index Name": "title_pkey", "Relation Name": "title", "Alias": "t", "Startup Cost": 10000000000.0, "Total Cost": 1000011012048.91, "Plan Rows": 2528311, "Plan Width": 21, "Actual Startup Time": 0.051, "Actual Total Time": 3104.088, "Actual Rows": 2525743, "Actual Loops": 1}]}]}]}]}, "Triggers": [], "Planner Runtime": 129, "Total Runtime": 18151.936, "Unique SQL Id": 2457761703}}, "(64, 92)": {"explain_plan": {"Plan": {"Node Type": "Aggregate", "Strategy": "Plain", "Startup Cost": 1196640.37, "Total Cost": 1196640.38, "Plan Rows": 1, "Plan Width": 97, "Plans": [{"Node Type": "Nested Loop", "Parent Relationship": "Outer", "Join Type": "Inner", "Startup Cost": 920804.93, "Total Cost": 1194854.88, "Plan Rows": 357098, "Plan Width": 33, "Inner Unique": true, "Join Filter": "(a1.person_id = n1.id), (LLVM Optimized)", "Plans": [{"Node Type": "Nested Loop", "Parent Relationship": "Outer", "Join Type": "Inner", "Startup Cost": 920804.93, "Total Cost": 1091336.23, "Plan Rows": 357098, "Plan Width": 41, "Inner Unique": true, "Plans": [{"Node Type": "Merge Join", "Parent Relationship": "Outer", "Join Type": "Inner", "Startup Cost": 920804.93, "Total Cost": 989533.89, "Plan Rows": 357379, "Plan Width": 32, "Inner Unique": false, "Merge Cond": "(a1.person_id = ci.person_id)", "Plans": [{"Node Type": "Index Scan", "Parent Relationship": "Outer", "Scan Direction": "Forward", "Index Name": "person_id_aka_name", "Relation Name": "aka_name", "Alias": "a1", "Startup Cost": 0.0, "Total Cost": 68965.03, "Plan Rows": 901342, "Plan Width": 20}, {"Node Type": "Sort", "Parent Relationship": "Inner", "Startup Cost": 920804.86, "Total Cost": 922582.4, "Plan Rows": 711018, "Plan Width": 12, "Sort Key": ["ci.person_id"], "Plans": [{"Node Type": "Merge Join", "Parent Relationship": "Outer", "Join Type": "Inner", "Startup Cost": 812099.84, "Total Cost": 851695.59, "Plan Rows": 711018, "Plan Width": 12, "Inner Unique": false, "Merge Cond": "(mc.movie_id = ci.movie_id)", "Plans": [{"Node Type": "Sort", "Parent Relationship": "Outer", "Startup Cost": 283826.21, "Total Cost": 287031.99, "Plan Rows": 1282311, "Plan Width": 4, "Sort Key": ["mc.movie_id"], "Plans": [{"Node Type": "Merge Join", "Parent Relationship": "Outer", "Join Type": "Inner", "Startup Cost": 3383.04, "Total Cost": 153733.74, "Plan Rows": 1282311, "Plan Width": 4, "Inner Unique": false, "Merge Cond": "(cn.id = mc.company_id)", "Plans": [{"Node Type": "Index Scan", "Parent Relationship": "Outer", "Scan Direction": "Forward", "Index Name": "company_name_pkey", "Relation Name": "company_name", "Alias": "cn", "Startup Cost": 0.0, "Total Cost": 10501.39, "Plan Rows": 85170, "Plan Width": 4, "Filter": "((country_code)::text = '[us]'::text)"}, {"Node Type": "Index Scan", "Parent Relationship": "Inner", "Scan Direction": "Forward", "Index Name": "company_id_movie_companies", "Relation Name": "movie_companies", "Alias": "mc", "Startup Cost": 0.0, "Total Cost": 123673.5, "Plan Rows": 2609128, "Plan Width": 8}]}]}, {"Node Type": "Sort", "Parent Relationship": "Inner", "Startup Cost": 528273.31, "Total Cost": 536514.11, "Plan Rows": 3296318, "Plan Width": 8, "Sort Key": ["ci.movie_id"], "Plans": [{"Node Type": "Nested Loop", "Parent Relationship": "Outer", "Join Type": "Inner", "Startup Cost": 0.0, "Total Cost": 171406.94, "Plan Rows": 3296318, "Plan Width": 8, "Inner Unique": false, "Plans": [{"Node Type": "Seq Scan", "Parent Relationship": "Outer", "Relation Name": "role_type", "Alias": "rt", "Startup Cost": 0.0, "Total Cost": 1.15, "Plan Rows": 1, "Plan Width": 4, "Filter": "((role)::text = 'writer'::text)"}, {"Node Type": "Index Scan", "Parent Relationship": "Inner", "Scan Direction": "Forward", "Index Name": "role_id_cast_info", "Relation Name": "cast_info", "Alias": "ci", "Startup Cost": 0.0, "Total Cost": 138442.61, "Plan Rows": 3296318, "Plan Width": 12, "Index Cond": "(role_id = rt.id), (LLVM Optimized)"}]}]}]}]}]}, {"Node Type": "Index Scan", "Parent Relationship": "Inner", "Scan Direction": "Forward", "Index Name": "title_pkey", "Relation Name": "title", "Alias": "t", "Startup Cost": 0.0, "Total Cost": 0.27, "Plan Rows": 1, "Plan Width": 21, "Index Cond": "(id = ci.movie_id)"}]}, {"Node Type": "Index Scan", "Parent Relationship": "Inner", "Scan Direction": "Forward", "Index Name": "name_pkey", "Relation Name": "name", "Alias": "n1", "Startup Cost": 0.0, "Total Cost": 0.28, "Plan Rows": 1, "Plan Width": 4, "Index Cond": "(id = ci.person_id)"}]}]}, "Unique SQL Id": 2457761703, "Planner Runtime": 43}, "explain_analyze_plan": null}, "(64, 93)": {"explain_plan": {"Plan": {"Node Type": "Aggregate", "Strategy": "Plain", "Startup Cost": 1196651.68, "Total Cost": 1196651.69, "Plan Rows": 1, "Plan Width": 97, "Plans": [{"Node Type": "Nested Loop", "Parent Relationship": "Outer", "Join Type": "Inner", "Startup Cost": 920816.24, "Total Cost": 1194866.19, "Plan Rows": 357098, "Plan Width": 33, "Inner Unique": true, "Join Filter": "(a1.person_id = n1.id), (LLVM Optimized)", "Plans": [{"Node Type": "Nested Loop", "Parent Relationship": "Outer", "Join Type": "Inner", "Startup Cost": 920816.24, "Total Cost": 1091347.54, "Plan Rows": 357098, "Plan Width": 41, "Inner Unique": true, "Plans": [{"Node Type": "Merge Join", "Parent Relationship": "Outer", "Join Type": "Inner", "Startup Cost": 920816.24, "Total Cost": 989545.2, "Plan Rows": 357379, "Plan Width": 32, "Inner Unique": false, "Merge Cond": "(ci.person_id = a1.person_id)", "Plans": [{"Node Type": "Sort", "Parent Relationship": "Outer", "Startup Cost": 920816.17, "Total Cost": 922593.71, "Plan Rows": 711018, "Plan Width": 12, "Sort Key": ["ci.person_id"], "Plans": [{"Node Type": "Merge Join", "Parent Relationship": "Outer", "Join Type": "Inner", "Startup Cost": 812111.15, "Total Cost": 851706.9, "Plan Rows": 711018, "Plan Width": 12, "Inner Unique": false, "Merge Cond": "(mc.movie_id = ci.movie_id)", "Plans": [{"Node Type": "Sort", "Parent Relationship": "Outer", "Startup Cost": 283826.21, "Total Cost": 287031.99, "Plan Rows": 1282311, "Plan Width": 4, "Sort Key": ["mc.movie_id"], "Plans": [{"Node Type": "Merge Join", "Parent Relationship": "Outer", "Join Type": "Inner", "Startup Cost": 3383.04, "Total Cost": 153733.74, "Plan Rows": 1282311, "Plan Width": 4, "Inner Unique": false, "Merge Cond": "(cn.id = mc.company_id)", "Plans": [{"Node Type": "Index Scan", "Parent Relationship": "Outer", "Scan Direction": "Forward", "Index Name": "company_name_pkey", "Relation Name": "company_name", "Alias": "cn", "Startup Cost": 0.0, "Total Cost": 10501.39, "Plan Rows": 85170, "Plan Width": 4, "Filter": "((country_code)::text = '[us]'::text)"}, {"Node Type": "Index Scan", "Parent Relationship": "Inner", "Scan Direction": "Forward", "Index Name": "company_id_movie_companies", "Relation Name": "movie_companies", "Alias": "mc", "Startup Cost": 0.0, "Total Cost": 123673.5, "Plan Rows": 2609128, "Plan Width": 8}]}]}, {"Node Type": "Sort", "Parent Relationship": "Inner", "Startup Cost": 528284.62, "Total Cost": 536525.42, "Plan Rows": 3296318, "Plan Width": 8, "Sort Key": ["ci.movie_id"], "Plans": [{"Node Type": "Nested Loop", "Parent Relationship": "Outer", "Join Type": "Inner", "Startup Cost": 0.0, "Total Cost": 171418.25, "Plan Rows": 3296318, "Plan Width": 8, "Inner Unique": false, "Plans": [{"Node Type": "Index Scan", "Parent Relationship": "Outer", "Scan Direction": "Forward", "Index Name": "role_type_pkey", "Relation Name": "role_type", "Alias": "rt", "Startup Cost": 0.0, "Total Cost": 12.46, "Plan Rows": 1, "Plan Width": 4, "Filter": "((role)::text = 'writer'::text)"}, {"Node Type": "Index Scan", "Parent Relationship": "Inner", "Scan Direction": "Forward", "Index Name": "role_id_cast_info", "Relation Name": "cast_info", "Alias": "ci", "Startup Cost": 0.0, "Total Cost": 138442.61, "Plan Rows": 3296318, "Plan Width": 12, "Index Cond": "(role_id = rt.id), (LLVM Optimized)"}]}]}]}]}, {"Node Type": "Index Scan", "Parent Relationship": "Inner", "Scan Direction": "Forward", "Index Name": "person_id_aka_name", "Relation Name": "aka_name", "Alias": "a1", "Startup Cost": 0.0, "Total Cost": 68965.03, "Plan Rows": 901342, "Plan Width": 20}]}, {"Node Type": "Index Scan", "Parent Relationship": "Inner", "Scan Direction": "Forward", "Index Name": "title_pkey", "Relation Name": "title", "Alias": "t", "Startup Cost": 0.0, "Total Cost": 0.27, "Plan Rows": 1, "Plan Width": 21, "Index Cond": "(id = ci.movie_id)"}]}, {"Node Type": "Index Scan", "Parent Relationship": "Inner", "Scan Direction": "Forward", "Index Name": "name_pkey", "Relation Name": "name", "Alias": "n1", "Startup Cost": 0.0, "Total Cost": 0.28, "Plan Rows": 1, "Plan Width": 4, "Index Cond": "(id = ci.person_id)"}]}]}, "Unique SQL Id": 2457761703, "Planner Runtime": 41}, "explain_analyze_plan": null}, "(64, 94)": {"explain_plan": {"Plan": {"Node Type": "Aggregate", "Strategy": "Plain", "Startup Cost": 12103218987049.04, "Total Cost": 12103218987049.07, "Plan Rows": 1, "Plan Width": 97, "Plans": [{"Node Type": "Streaming(type: LOCAL GATHER dop: 1/64)", "Parent Relationship": "Outer", "Startup Cost": 12103218987049.04, "Total Cost": 12103218987049.07, "Plan Rows": 1, "Plan Width": 97, "Plans": [{"Node Type": "Aggregate", "Strategy": "Plain", "Parent Relationship": "Outer", "Startup Cost": 12103218987049.04, "Total Cost": 12103218987049.05, "Plan Rows": 1, "Plan Width": 97, "Plans": [{"Node Type": "Nested Loop", "Parent Relationship": "Outer", "Join Type": "Inner", "Startup Cost": 40000818104.0, "Total Cost": 12103218985263.55, "Plan Rows": 357098, "Plan Width": 33, "Inner Unique": false, "Join Filter": "(a1.person_id = ci.person_id), (LLVM Optimized)", "Plans": [{"Node Type": "Streaming(type: LOCAL REDISTRIBUTE dop: 64/64)", "Parent Relationship": "Outer", "Startup Cost": 10000000000.0, "Total Cost": 100140134575.19, "Plan Rows": 901342, "Plan Width": 24, "Plans": [{"Node Type": "Nested Loop", "Parent Relationship": "Outer", "Join Type": "Inner", "Startup Cost": 10000000000.0, "Total Cost": 100140070721.37, "Plan Rows": 901342, "Plan Width": 24, "Inner Unique": false, "Join Filter": "(a1.person_id = n1.id), (LLVM Optimized)", "Plans": [{"Node Type": "Streaming(type: LOCAL REDISTRIBUTE dop: 64/64)", "Parent Relationship": "Outer", "Startup Cost": 0.0, "Total Cost": 131401.97, "Plan Rows": 4167490, "Plan Width": 4, "Plans": [{"Node Type": "Seq Scan", "Parent Relationship": "Outer", "Relation Name": "name", "Alias": "n1", "Startup Cost": 0.0, "Total Cost": 64454.25, "Plan Rows": 4167490, "Plan Width": 4}]}, {"Node Type": "Materialize", "Parent Relationship": "Inner", "Startup Cost": 0.0, "Total Cost": 119600.26, "Plan Rows": 901342, "Plan Width": 20, "Plans": [{"Node Type": "Streaming(type: LOCAL REDISTRIBUTE dop: 64/1)", "Parent Relationship": "Outer", "Startup Cost": 0.0, "Total Cost": 119529.84, "Plan Rows": 901342, "Plan Width": 20, "Plans": [{"Node Type": "Seq Scan", "Parent Relationship": "Outer", "Relation Name": "aka_name", "Alias": "a1", "Startup Cost": 0.0, "Total Cost": 19908.42, "Plan Rows": 901342, "Plan Width": 20}]}]}]}]}, {"Node Type": "Materialize", "Parent Relationship": "Inner", "Startup Cost": 20000818104.0, "Total Cost": 1100179418886.63, "Plan Rows": 710459, "Plan Width": 21, "Plans": [{"Node Type": "Streaming(type: LOCAL REDISTRIBUTE dop: 64/64)", "Parent Relationship": "Outer", "Startup Cost": 20000818104.0, "Total Cost": 1100179418831.12, "Plan Rows": 710459, "Plan Width": 21, "Plans": [{"Node Type": "Nested Loop", "Parent Relationship": "Outer", "Join Type": "Inner", "Startup Cost": 20000818104.0, "Total Cost": 1100179355158.13, "Plan Rows": 710459, "Plan Width": 21, "Inner Unique": false, "Join Filter": "(ci.movie_id = t.id), (LLVM Optimized)", "Plans": [{"Node Type": "Streaming(type: LOCAL REDISTRIBUTE dop: 64/64)", "Parent Relationship": "Outer", "Startup Cost": 10000000000.0, "Total Cost": 100001491009.94, "Plan Rows": 3296318, "Plan Width": 8, "Plans": [{"Node Type": "Nested Loop", "Parent Relationship": "Outer", "Join Type": "Inner", "Startup Cost": 10000000000.0, "Total Cost": 100001424887.46, "Plan Rows": 3296318, "Plan Width": 8, "Inner Unique": false, "Join Filter": "(ci.role_id = rt.id), (LLVM Optimized)", "Plans": [{"Node Type": "Streaming(type: BROADCAST dop: 64/1)", "Parent Relationship": "Outer", "Startup Cost": 0.0, "Total Cost": 63002.47, "Plan Rows": 64, "Plan Width": 4, "Plans": [{"Node Type": "Seq Scan", "Parent Relationship": "Outer", "Relation Name": "role_type", "Alias": "rt", "Startup Cost": 0.0, "Total Cost": 1.15, "Plan Rows": 1, "Plan Width": 4, "Filter": "((role)::text = 'writer'::text)"}]}, {"Node Type": "Seq Scan", "Parent Relationship": "Inner", "Relation Name": "cast_info", "Alias": "ci", "Startup Cost": 0.0, "Total Cost": 72404.34, "Plan Rows": 36259494, "Plan Width": 12}]}]}, {"Node Type": "Materialize", "Parent Relationship": "Inner", "Startup Cost": 818104.0, "Total Cost": 965168.15, "Plan Rows": 1282311, "Plan Width": 25, "Plans": [{"Node Type": "Streaming(type: LOCAL REDISTRIBUTE dop: 64/1)", "Parent Relationship": "Outer", "Startup Cost": 818104.0, "Total Cost": 965067.97, "Plan Rows": 1282311, "Plan Width": 25, "Plans": [{"Node Type": "Merge Join", "Parent Relationship": "Outer", "Join Type": "Inner", "Startup Cost": 818104.0, "Total Cost": 849967.82, "Plan Rows": 1282311, "Plan Width": 25, "Inner Unique": true, "Merge Cond": "(mc.movie_id = t.id)", "Plans": [{"Node Type": "Sort", "Parent Relationship": "Outer", "Startup Cost": 489151.99, "Total Cost": 492357.77, "Plan Rows": 1282311, "Plan Width": 4, "Sort Key": ["mc.movie_id"], "Plans": [{"Node Type": "Merge Join", "Parent Relationship": "Outer", "Join Type": "Inner", "Startup Cost": 333103.9, "Total Cost": 359059.52, "Plan Rows": 1282311, "Plan Width": 4, "Inner Unique": false, "Merge Cond": "(cn.id = mc.company_id)", "Plans": [{"Node Type": "Sort", "Parent Relationship": "Outer", "Startup Cost": 12878.05, "Total Cost": 13090.97, "Plan Rows": 85170, "Plan Width": 4, "Sort Key": ["cn.id"], "Plans": [{"Node Type": "Seq Scan", "Parent Relationship": "Outer", "Relation Name": "company_name", "Alias": "cn", "Startup Cost": 0.0, "Total Cost": 5903.45, "Plan Rows": 85170, "Plan Width": 4, "Filter": "((country_code)::text = '[us]'::text)"}]}, {"Node Type": "Sort", "Parent Relationship": "Inner", "Startup Cost": 319886.87, "Total Cost": 326409.69, "Plan Rows": 2609128, "Plan Width": 8, "Sort Key": ["mc.company_id"], "Plans": [{"Node Type": "Seq Scan", "Parent Relationship": "Outer", "Relation Name": "movie_companies", "Alias": "mc", "Startup Cost": 0.0, "Total Cost": 41817.28, "Plan Rows": 2609128, "Plan Width": 8}]}]}]}, {"Node Type": "Sort", "Parent Relationship": "Inner", "Startup Cost": 328951.73, "Total Cost": 335272.51, "Plan Rows": 2528311, "Plan Width": 21, "Sort Key": ["t.id"], "Plans": [{"Node Type": "Seq Scan", "Parent Relationship": "Outer", "Relation Name": "title", "Alias": "t", "Startup Cost": 0.0, "Total Cost": 60069.11, "Plan Rows": 2528311, "Plan Width": 21}]}]}]}]}]}]}]}]}]}]}]}, "Unique SQL Id": 2457761703, "Planner Runtime": 36}, "explain_analyze_plan": null}, "(64, 95)": {"explain_plan": {"Plan": {"Node Type": "Aggregate", "Strategy": "Plain", "Startup Cost": 6720857268518.5, "Total Cost": 6720857268518.51, "Plan Rows": 1, "Plan Width": 97, "Plans": [{"Node Type": "Merge Join", "Parent Relationship": "Outer", "Join Type": "Inner", "Startup Cost": 5019186702132.34, "Total Cost": 6720857266733.01, "Plan Rows": 357098, "Plan Width": 33, "Inner Unique": false, "Merge Cond": "(a1.person_id = ci.person_id)", "Plans": [{"Node Type": "Merge Join", "Parent Relationship": "Outer", "Join Type": "Inner", "Startup Cost": 20030754356.47, "Total Cost": 2000007674895.99, "Plan Rows": 901342, "Plan Width": 24, "Inner Unique": true, "Merge Cond": "(a1.person_id = n1.id)", "Plans": [{"Node Type": "Index Scan", "Parent Relationship": "Outer", "Scan Direction": "Forward", "Index Name": "person_id_aka_name", "Relation Name": "aka_name", "Alias": "a1", "Startup Cost": 10000000000.0, "Total Cost": 1000006896503.43, "Plan Rows": 901342, "Plan Width": 20}, {"Node Type": "Index Scan", "Parent Relationship": "Inner", "Scan Direction": "Forward", "Index Name": "name_pkey", "Relation Name": "name", "Alias": "n1", "Startup Cost": 10000000000.0, "Total Cost": 1000017623274.7, "Plan Rows": 4167490, "Plan Width": 4}]}, {"Node Type": "Sort", "Parent Relationship": "Inner", "Startup Cost": 4999155947775.81, "Total Cost": 4999155949551.95, "Plan Rows": 710459, "Plan Width": 21, "Sort Key": ["ci.person_id"], "Plans": [{"Node Type": "Merge Join", "Parent Relationship": "Outer", "Join Type": "Inner", "Startup Cost": 4010027802477.44, "Total Cost": 4999155878724.9, "Plan Rows": 710459, "Plan Width": 21, "Inner Unique": true, "Merge Cond": "(ci.movie_id = t.id)", "Plans": [{"Node Type": "Merge Join", "Parent Relationship": "Outer", "Join Type": "Inner", "Startup Cost": 4000027802477.15, "Total Cost": 4000027842072.9, "Plan Rows": 711018, "Plan Width": 12, "Inner Unique": false, "Merge Cond": "(mc.movie_id = ci.movie_id)", "Plans": [{"Node Type": "Sort", "Parent Relationship": "Outer", "Startup Cost": 2000013567140.28, "Total Cost": 2000013570346.05, "Plan Rows": 1282311, "Plan Width": 4, "Sort Key": ["mc.movie_id"], "Plans": [{"Node Type": "Merge Join", "Parent Relationship": "Outer", "Join Type": "Inner", "Startup Cost": 45724640147.62, "Total Cost": 2000013437047.81, "Plan Rows": 1282311, "Plan Width": 4, "Inner Unique": false, "Merge Cond": "(cn.id = mc.company_id)", "Plans": [{"Node Type": "Index Scan", "Parent Relationship": "Outer", "Scan Direction": "Forward", "Index Name": "company_name_pkey", "Relation Name": "company_name", "Alias": "cn", "Startup Cost": 10000000000.0, "Total Cost": 1000001050138.97, "Plan Rows": 85170, "Plan Width": 4, "Filter": "((country_code)::text = '[us]'::text)"}, {"Node Type": "Index Scan", "Parent Relationship": "Inner", "Scan Direction": "Forward", "Index Name": "company_id_movie_companies", "Relation Name": "movie_companies", "Alias": "mc", "Startup Cost": 10000000000.0, "Total Cost": 1000012367349.98, "Plan Rows": 2609128, "Plan Width": 8}]}]}, {"Node Type": "Sort", "Parent Relationship": "Inner", "Startup Cost": 2000014235336.55, "Total Cost": 2000014243577.35, "Plan Rows": 3296318, "Plan Width": 8, "Sort Key": ["ci.movie_id"], "Plans": [{"Node Type": "Nested Loop", "Parent Relationship": "Outer", "Join Type": "Inner", "Startup Cost": 20000000000.0, "Total Cost": 2000013878470.18, "Plan Rows": 3296318, "Plan Width": 8, "Inner Unique": false, "Plans": [{"Node Type": "Index Scan", "Parent Relationship": "Outer", "Scan Direction": "Forward", "Index Name": "role_type_pkey", "Relation Name": "role_type", "Alias": "rt", "Startup Cost": 10000000000.0, "Total Cost": 1000000001246.0, "Plan Rows": 1, "Plan Width": 4, "Filter": "((role)::text = 'writer'::text)"}, {"Node Type": "Index Scan", "Parent Relationship": "Inner", "Scan Direction": "Forward", "Index Name": "role_id_cast_info", "Relation Name": "cast_info", "Alias": "ci", "Startup Cost": 10000000000.0, "Total Cost": 1000013844261.0, "Plan Rows": 3296318, "Plan Width": 12, "Index Cond": "(role_id = rt.id), (LLVM Optimized)"}]}]}]}, {"Node Type": "Index Scan", "Parent Relationship": "Inner", "Scan Direction": "Forward", "Index Name": "title_pkey", "Relation Name": "title", "Alias": "t", "Startup Cost": 10000000000.0, "Total Cost": 1000011012048.91, "Plan Rows": 2528311, "Plan Width": 21}]}]}]}]}, "Unique SQL Id": 2457761703, "Planner Runtime": 128}, "explain_analyze_plan": {"Plan": {"Node Type": "Aggregate", "Strategy": "Plain", "Startup Cost": 6720857268518.5, "Total Cost": 6720857268518.51, "Plan Rows": 1, "Plan Width": 97, "Actual Startup Time": 20648.161, "Actual Total Time": 20648.161, "Actual Rows": 1, "Actual Loops": 1, "Plans": [{"Node Type": "Merge Join", "Parent Relationship": "Outer", "Join Type": "Inner", "Startup Cost": 5019186702132.34, "Total Cost": 6720857266733.01, "Plan Rows": 357098, "Plan Width": 33, "Actual Startup Time": 13999.8, "Actual Total Time": 19414.127, "Actual Rows": 2487611, "Actual Loops": 1, "Inner Unique": false, "Merge Cond": "(a1.person_id = ci.person_id)", "Plans": [{"Node Type": "Merge Join", "Parent Relationship": "Outer", "Join Type": "Inner", "Startup Cost": 20030754356.47, "Total Cost": 2000007674895.99, "Plan Rows": 901342, "Plan Width": 24, "Actual Startup Time": 0.079, "Actual Total Time": 4163.154, "Actual Rows": 656209, "Actual Loops": 1, "Inner Unique": true, "Merge Cond": "(a1.person_id = n1.id)", "Plans": [{"Node Type": "Index Scan", "Parent Relationship": "Outer", "Scan Direction": "Forward", "Index Name": "person_id_aka_name", "Relation Name": "aka_name", "Alias": "a1", "Startup Cost": 10000000000.0, "Total Cost": 1000006896503.43, "Plan Rows": 901342, "Plan Width": 20, "Actual Startup Time": 0.037, "Actual Total Time": 552.576, "Actual Rows": 656209, "Actual Loops": 1}, {"Node Type": "Index Scan", "Parent Relationship": "Inner", "Scan Direction": "Forward", "Index Name": "name_pkey", "Relation Name": "name", "Alias": "n1", "Startup Cost": 10000000000.0, "Total Cost": 1000017623274.7, "Plan Rows": 4167490, "Plan Width": 4, "Actual Startup Time": 0.023, "Actual Total Time": 2796.252, "Actual Rows": 3228373, "Actual Loops": 1}]}, {"Node Type": "Sort", "Parent Relationship": "Inner", "Startup Cost": 4999155947775.81, "Total Cost": 4999155949551.95, "Plan Rows": 710459, "Plan Width": 21, "Actual Startup Time": 13999.621, "Actual Total Time": 14448.867, "Actual Rows": 3411048, "Actual Loops": 1, "Sort Key": ["ci.person_id"], "Sort Method": "quicksort", "Sort Space Used": 240236, "Sort Space Type": "Memory", "Plans": [{"Node Type": "Merge Join", "Parent Relationship": "Outer", "Join Type": "Inner", "Startup Cost": 4010027802477.44, "Total Cost": 4999155878724.9, "Plan Rows": 710459, "Plan Width": 21, "Actual Startup Time": 7474.227, "Actual Total Time": 13257.373, "Actual Rows": 1970658, "Actual Loops": 1, "Inner Unique": true, "Merge Cond": "(ci.movie_id = t.id)", "Plans": [{"Node Type": "Merge Join", "Parent Relationship": "Outer", "Join Type": "Inner", "Startup Cost": 4000027802477.15, "Total Cost": 4000027842072.9, "Plan Rows": 711018, "Plan Width": 12, "Actual Startup Time": 7474.134, "Actual Total Time": 9093.13, "Actual Rows": 1970658, "Actual Loops": 1, "Inner Unique": false, "Merge Cond": "(mc.movie_id = ci.movie_id)", "Plans": [{"Node Type": "Sort", "Parent Relationship": "Outer", "Startup Cost": 2000013567140.28, "Total Cost": 2000013570346.05, "Plan Rows": 1282311, "Plan Width": 4, "Actual Startup Time": 4392.751, "Actual Total Time": 4561.053, "Actual Rows": 1153797, "Actual Loops": 1, "Sort Key": ["mc.movie_id"], "Sort Method": "quicksort", "Sort Space Used": 121265, "Sort Space Type": "Memory", "Plans": [{"Node Type": "Merge Join", "Parent Relationship": "Outer", "Join Type": "Inner", "Startup Cost": 45724640147.62, "Total Cost": 2000013437047.81, "Plan Rows": 1282311, "Plan Width": 4, "Actual Startup Time": 0.059, "Actual Total Time": 3948.587, "Actual Rows": 1153797, "Actual Loops": 1, "Inner Unique": false, "Merge Cond": "(cn.id = mc.company_id)", "Plans": [{"Node Type": "Index Scan", "Parent Relationship": "Outer", "Scan Direction": "Forward", "Index Name": "company_name_pkey", "Relation Name": "company_name", "Alias": "cn", "Startup Cost": 10000000000.0, "Total Cost": 1000001050138.97, "Plan Rows": 85170, "Plan Width": 4, "Actual Startup Time": 0.033, "Actual Total Time": 366.614, "Actual Rows": 84843, "Actual Loops": 1, "Filter": "((country_code)::text = '[us]'::text)", "Rows Removed by Filter": 150153}, {"Node Type": "Index Scan", "Parent Relationship": "Inner", "Scan Direction": "Forward", "Index Name": "company_id_movie_companies", "Relation Name": "movie_companies", "Alias": "mc", "Startup Cost": 10000000000.0, "Total Cost": 1000012367349.98, "Plan Rows": 2609128, "Plan Width": 8, "Actual Startup Time": 0.023, "Actual Total Time": 3020.833, "Actual Rows": 2609128, "Actual Loops": 1}]}]}, {"Node Type": "Sort", "Parent Relationship": "Inner", "Startup Cost": 2000014235336.55, "Total Cost": 2000014243577.35, "Plan Rows": 3296318, "Plan Width": 8, "Actual Startup Time": 3081.297, "Actual Total Time": 3584.592, "Actual Rows": 3863824, "Actual Loops": 1, "Sort Key": ["ci.movie_id"], "Sort Method": "quicksort", "Sort Space Used": 268863, "Sort Space Type": "Memory", "Plans": [{"Node Type": "Nested Loop", "Parent Relationship": "Outer", "Join Type": "Inner", "Startup Cost": 20000000000.0, "Total Cost": 2000013878470.18, "Plan Rows": 3296318, "Plan Width": 8, "Actual Startup Time": 0.113, "Actual Total Time": 2034.272, "Actual Rows": 2728943, "Actual Loops": 1, "Inner Unique": false, "Plans": [{"Node Type": "Index Scan", "Parent Relationship": "Outer", "Scan Direction": "Forward", "Index Name": "role_type_pkey", "Relation Name": "role_type", "Alias": "rt", "Startup Cost": 10000000000.0, "Total Cost": 1000000001246.0, "Plan Rows": 1, "Plan Width": 4, "Actual Startup Time": 0.057, "Actual Total Time": 0.069, "Actual Rows": 1, "Actual Loops": 1, "Filter": "((role)::text = 'writer'::text)", "Rows Removed by Filter": 11}, {"Node Type": "Index Scan", "Parent Relationship": "Inner", "Scan Direction": "Forward", "Index Name": "role_id_cast_info", "Relation Name": "cast_info", "Alias": "ci", "Startup Cost": 10000000000.0, "Total Cost": 1000013844261.0, "Plan Rows": 3296318, "Plan Width": 12, "Actual Startup Time": 0.047, "Actual Total Time": 1517.588, "Actual Rows": 2728943, "Actual Loops": 1, "Index Cond": "(role_id = rt.id), (LLVM Optimized, Jit Execute)", "Rows Removed by Index Recheck": 0}]}]}]}, {"Node Type": "Index Scan", "Parent Relationship": "Inner", "Scan Direction": "Forward", "Index Name": "title_pkey", "Relation Name": "title", "Alias": "t", "Startup Cost": 10000000000.0, "Total Cost": 1000011012048.91, "Plan Rows": 2528311, "Plan Width": 21, "Actual Startup Time": 0.046, "Actual Total Time": 3181.637, "Actual Rows": 2525743, "Actual Loops": 1}]}]}]}]}, "Triggers": [], "Planner Runtime": 128, "Total Runtime": 20658.697, "Unique SQL Id": 2457761703}}, "(64, 96)": {"explain_plan": {"Plan": {"Node Type": "Aggregate", "Strategy": "Plain", "Startup Cost": 528738.29, "Total Cost": 528738.3, "Plan Rows": 1, "Plan Width": 97, "Plans": [{"Node Type": "Hash Join", "Parent Relationship": "Outer", "Join Type": "Inner", "Startup Cost": 336662.4, "Total Cost": 526952.8, "Plan Rows": 357098, "Plan Width": 33, "Inner Unique": true, "Hash Cond": "(mc.company_id = cn.id), (LLVM Optimized)", "Plans": [{"Node Type": "Hash Join", "Parent Relationship": "Outer", "Join Type": "Inner", "Startup Cost": 329694.33, "Total Cost": 513689.03, "Plan Rows": 726589, "Plan Width": 37, "Inner Unique": false, "Hash Cond": "(ci.movie_id = t.id), (LLVM Optimized)", "Plans": [{"Node Type": "Streaming(type: LOCAL GATHER dop: 1/64)", "Parent Relationship": "Outer", "Startup Cost": 254738.78, "Total Cost": 417857.9, "Plan Rows": 1484588, "Plan Width": 20, "Plans": [{"Node Type": "Hash Join", "Parent Relationship": "Outer", "Join Type": "Inner", "Startup Cost": 254738.78, "Total Cost": 387231.02, "Plan Rows": 1484588, "Plan Width": 20, "Inner Unique": false, "Hash Cond": "(a1.person_id = ci.person_id), (LLVM Optimized)", "Plans": [{"Node Type": "Streaming(type: LOCAL REDISTRIBUTE dop: 64/1)", "Parent Relationship": "Outer", "Startup Cost": 202522.7, "Total Cost": 334446.0, "Plan Rows": 901342, "Plan Width": 24, "Plans": [{"Node Type": "Hash Join", "Parent Relationship": "Outer", "Join Type": "Inner", "Startup Cost": 202522.7, "Total Cost": 234824.58, "Plan Rows": 901342, "Plan Width": 24, "Inner Unique": true, "Hash Cond": "(a1.person_id = n1.id), (LLVM Optimized)", "Plans": [{"Node Type": "Seq Scan", "Parent Relationship": "Outer", "Relation Name": "aka_name", "Alias": "a1", "Startup Cost": 0.0, "Total Cost": 19908.42, "Plan Rows": 901342, "Plan Width": 20}, {"Node Type": "Hash", "Parent Relationship": "Inner", "Startup Cost": 150429.08, "Total Cost": 150429.08, "Plan Rows": 4167490, "Plan Width": 4, "Plans": [{"Node Type": "Streaming(type: LOCAL GATHER dop: 1/64)", "Parent Relationship": "Outer", "Startup Cost": 0.0, "Total Cost": 150429.08, "Plan Rows": 4167490, "Plan Width": 4, "Plans": [{"Node Type": "Seq Scan", "Parent Relationship": "Outer", "Relation Name": "name", "Alias": "n1", "Startup Cost": 0.0, "Total Cost": 64454.25, "Plan Rows": 4167490, "Plan Width": 4}]}]}]}]}, {"Node Type": "Hash", "Parent Relationship": "Inner", "Startup Cost": 203464.29, "Total Cost": 203464.29, "Plan Rows": 3296318, "Plan Width": 8, "Plans": [{"Node Type": "Streaming(type: LOCAL REDISTRIBUTE dop: 64/64)", "Parent Relationship": "Outer", "Startup Cost": 63002.48, "Total Cost": 203464.29, "Plan Rows": 3296318, "Plan Width": 8, "Plans": [{"Node Type": "Hash Join", "Parent Relationship": "Outer", "Join Type": "Inner", "Startup Cost": 63002.48, "Total Cost": 137341.8, "Plan Rows": 3296318, "Plan Width": 8, "Inner Unique": true, "Hash Cond": "(ci.role_id = rt.id), (LLVM Optimized)", "Plans": [{"Node Type": "Seq Scan", "Parent Relationship": "Outer", "Relation Name": "cast_info", "Alias": "ci", "Startup Cost": 0.0, "Total Cost": 72404.34, "Plan Rows": 36259494, "Plan Width": 12}, {"Node Type": "Hash", "Parent Relationship": "Inner", "Startup Cost": 63002.47, "Total Cost": 63002.47, "Plan Rows": 64, "Plan Width": 4, "Plans": [{"Node Type": "Streaming(type: BROADCAST dop: 64/1)", "Parent Relationship": "Outer", "Startup Cost": 0.0, "Total Cost": 63002.47, "Plan Rows": 64, "Plan Width": 4, "Plans": [{"Node Type": "Seq Scan", "Parent Relationship": "Outer", "Relation Name": "role_type", "Alias": "rt", "Startup Cost": 0.0, "Total Cost": 1.15, "Plan Rows": 1, "Plan Width": 4, "Filter": "((role)::text = 'writer'::text)"}]}]}]}]}]}]}]}, {"Node Type": "Hash", "Parent Relationship": "Inner", "Startup Cost": 169365.79, "Total Cost": 169365.79, "Plan Rows": 2609128, "Plan Width": 29, "Plans": [{"Node Type": "Hash Join", "Parent Relationship": "Outer", "Join Type": "Inner", "Startup Cost": 91673.0, "Total Cost": 169365.79, "Plan Rows": 2609128, "Plan Width": 29, "Inner Unique": true, "Hash Cond": "(mc.movie_id = t.id), (LLVM Optimized)", "Plans": [{"Node Type": "Seq Scan", "Parent Relationship": "Outer", "Relation Name": "movie_companies", "Alias": "mc", "Startup Cost": 0.0, "Total Cost": 41817.28, "Plan Rows": 2609128, "Plan Width": 8}, {"Node Type": "Hash", "Parent Relationship": "Inner", "Startup Cost": 60069.11, "Total Cost": 60069.11, "Plan Rows": 2528311, "Plan Width": 21, "Plans": [{"Node Type": "Seq Scan", "Parent Relationship": "Outer", "Relation Name": "title", "Alias": "t", "Startup Cost": 0.0, "Total Cost": 60069.11, "Plan Rows": 2528311, "Plan Width": 21}]}]}]}]}, {"Node Type": "Hash", "Parent Relationship": "Inner", "Startup Cost": 5903.45, "Total Cost": 5903.45, "Plan Rows": 85170, "Plan Width": 4, "Plans": [{"Node Type": "Seq Scan", "Parent Relationship": "Outer", "Relation Name": "company_name", "Alias": "cn", "Startup Cost": 0.0, "Total Cost": 5903.45, "Plan Rows": 85170, "Plan Width": 4, "Filter": "((country_code)::text = '[us]'::text)"}]}]}]}, "Unique SQL Id": 2457761703, "Planner Runtime": 150}, "explain_analyze_plan": {"Plan": {"Node Type": "Aggregate", "Strategy": "Plain", "Startup Cost": 528738.29, "Total Cost": 528738.3, "Plan Rows": 1, "Plan Width": 97, "Actual Min Startup Time": 10653.339, "Actual Max Startup Time": 10653.339, "Actual Min Total Time": 10653.34, "Actual Max Total Time": 10653.34, "Plans": [{"Node Type": "Hash Join", "Parent Relationship": "Outer", "Join Type": "Inner", "Startup Cost": 336662.4, "Total Cost": 526952.8, "Plan Rows": 357098, "Plan Width": 33, "Actual Min Startup Time": 5045.785, "Actual Max Startup Time": 5045.785, "Actual Min Total Time": 9470.761, "Actual Max Total Time": 9470.761, "Inner Unique": true, "Hash Cond": "(mc.company_id = cn.id), (LLVM Optimized, Jit Execute)", "Plans": [{"Node Type": "Hash Join", "Parent Relationship": "Outer", "Join Type": "Inner", "Startup Cost": 329694.33, "Total Cost": 513689.03, "Plan Rows": 726589, "Plan Width": 37, "Actual Min Startup Time": 4932.473, "Actual Max Startup Time": 4932.473, "Actual Min Total Time": 8014.504, "Actual Max Total Time": 8014.504, "Inner Unique": false, "Hash Cond": "(ci.movie_id = t.id), (LLVM Optimized, Jit Execute)", "Plans": [{"Node Type": "Streaming(type: LOCAL GATHER dop: 1/64)", "Parent Relationship": "Outer", "Startup Cost": 254738.78, "Total Cost": 417857.9, "Plan Rows": 1484588, "Plan Width": 20, "Actual Min Startup Time": 0.149, "Actual Max Startup Time": 0.149, "Actual Min Total Time": 1136.935, "Actual Max Total Time": 1136.935, "Plans": [{"Node Type": "Hash Join", "Parent Relationship": "Outer", "Join Type": "Inner", "Startup Cost": 254738.78, "Total Cost": 387231.02, "Plan Rows": 1484588, "Plan Width": 20, "Actual Min Startup Time": 2400.847, "Actual Max Startup Time": 4561.54, "Actual Min Total Time": 6405.607, "Actual Max Total Time": 9204.271, "Inner Unique": false, "Hash Cond": "(a1.person_id = ci.person_id), (LLVM Optimized, Jit Execute)", "Plans": [{"Node Type": "Streaming(type: LOCAL REDISTRIBUTE dop: 64/1)", "Parent Relationship": "Outer", "Startup Cost": 202522.7, "Total Cost": 334446.0, "Plan Rows": 901342, "Plan Width": 24, "Actual Min Startup Time": 2082.179, "Actual Max Startup Time": 4189.143, "Actual Min Total Time": 5973.318, "Actual Max Total Time": 8689.53, "Plans": [{"Node Type": "Hash Join", "Parent Relationship": "Outer", "Join Type": "Inner", "Startup Cost": 202522.7, "Total Cost": 234824.58, "Plan Rows": 901342, "Plan Width": 24, "Actual Min Startup Time": 2391.386, "Actual Max Startup Time": 2391.386, "Actual Min Total Time": 3134.379, "Actual Max Total Time": 3134.379, "Inner Unique": true, "Hash Cond": "(a1.person_id = n1.id), (LLVM Optimized, Jit Execute)", "Plans": [{"Node Type": "Seq Scan", "Parent Relationship": "Outer", "Relation Name": "aka_name", "Alias": "a1", "Startup Cost": 0.0, "Total Cost": 19908.42, "Plan Rows": 901342, "Plan Width": 20, "Actual Min Startup Time": 0.031, "Actual Max Startup Time": 0.031, "Actual Min Total Time": 226.0, "Actual Max Total Time": 226.0, "Actual Rows": 901342}, {"Node Type": "Hash", "Parent Relationship": "Inner", "Startup Cost": 150429.08, "Total Cost": 150429.08, "Plan Rows": 4167490, "Plan Width": 4, "Actual Min Startup Time": 2388.72, "Actual Max Startup Time": 2388.72, "Actual Min Total Time": 2388.72, "Actual Max Total Time": 2388.72, "Max Hash Buckets": 4194304, "Min Hash Buckets": 4194304, "Max Hash Batches": 1, "Min Hash Batches": 1, "Max Original Hash Batches": 1, "Min Original Hash Batches": 1, "Max Peak Memory Usage": 146514, "min Peak Memory Usage": 146514, "Plans": [{"Node Type": "Streaming(type: LOCAL GATHER dop: 1/64)", "Parent Relationship": "Outer", "Startup Cost": 0.0, "Total Cost": 150429.08, "Plan Rows": 4167490, "Plan Width": 4, "Actual Min Startup Time": 0.144, "Actual Max Startup Time": 0.144, "Actual Min Total Time": 1203.473, "Actual Max Total Time": 1203.473, "Plans": [{"Node Type": "Seq Scan", "Parent Relationship": "Outer", "Relation Name": "name", "Alias": "n1", "Startup Cost": 0.0, "Total Cost": 64454.25, "Plan Rows": 4167490, "Plan Width": 4, "Actual Min Startup Time": 0.019, "Actual Max Startup Time": 0.041, "Actual Min Total Time": 18.918, "Actual Max Total Time": 22.367, "Actual Rows": 4167490}], "Actual Rows": 4167490}], "Actual Rows": 4167490}], "Actual Rows": 901342}], "Actual Rows": 901342}, {"Node Type": "Hash", "Parent Relationship": "Inner", "Startup Cost": 203464.29, "Total Cost": 203464.29, "Plan Rows": 3296318, "Plan Width": 8, "Actual Min Startup Time": 314.974, "Actual Max Startup Time": 620.859, "Actual Min Total Time": 314.974, "Actual Max Total Time": 620.859, "Max Hash Buckets": 65536, "Min Hash Buckets": 65536, "Max Hash Batches": 1, "Min Hash Batches": 1, "Max Original Hash Batches": 1, "Min Original Hash Batches": 1, "Max Peak Memory Usage": 1483, "min Peak Memory Usage": 1483, "Plans": [{"Node Type": "Streaming(type: LOCAL REDISTRIBUTE dop: 64/64)", "Parent Relationship": "Outer", "Startup Cost": 63002.48, "Total Cost": 203464.29, "Plan Rows": 3296318, "Plan Width": 8, "Actual Min Startup Time": 0.106, "Actual Max Startup Time": 297.598, "Actual Min Total Time": 304.117, "Actual Max Total Time": 610.951, "Plans": [{"Node Type": "Hash Join", "Parent Relationship": "Outer", "Join Type": "Inner", "Startup Cost": 63002.48, "Total Cost": 137341.8, "Plan Rows": 3296318, "Plan Width": 8, "Actual Min Startup Time": 151.808, "Actual Max Startup Time": 321.453, "Actual Min Total Time": 242.856, "Actual Max Total Time": 411.34, "Inner Unique": true, "Hash Cond": "(ci.role_id = rt.id), (LLVM Optimized, Jit Execute)", "Plans": [{"Node Type": "Seq Scan", "Parent Relationship": "Outer", "Relation Name": "cast_info", "Alias": "ci", "Startup Cost": 0.0, "Total Cost": 72404.34, "Plan Rows": 36259494, "Plan Width": 12, "Actual Min Startup Time": 0.025, "Actual Max Startup Time": 9.439, "Actual Min Total Time": 127.377, "Actual Max Total Time": 144.233, "Actual Rows": 36244343}, {"Node Type": "Hash", "Parent Relationship": "Inner", "Startup Cost": 63002.47, "Total Cost": 63002.47, "Plan Rows": 64, "Plan Width": 4, "Actual Min Startup Time": 0.011, "Actual Max Startup Time": 159.839, "Actual Min Total Time": 0.011, "Actual Max Total Time": 159.839, "Max Hash Buckets": 32768, "Min Hash Buckets": 32768, "Max Hash Batches": 1, "Min Hash Batches": 1, "Max Original Hash Batches": 1, "Min Original Hash Batches": 1, "Max Peak Memory Usage": 1, "min Peak Memory Usage": 1, "Plans": [{"Node Type": "Streaming(type: BROADCAST dop: 64/1)", "Parent Relationship": "Outer", "Startup Cost": 0.0, "Total Cost": 63002.47, "Plan Rows": 64, "Plan Width": 4, "Actual Min Startup Time": 0.003, "Actual Max Startup Time": 159.19, "Actual Min Total Time": 0.003, "Actual Max Total Time": 159.194, "Plans": [{"Node Type": "Seq Scan", "Parent Relationship": "Outer", "Relation Name": "role_type", "Alias": "rt", "Startup Cost": 0.0, "Total Cost": 1.15, "Plan Rows": 1, "Plan Width": 4, "Actual Min Startup Time": 0.04, "Actual Max Startup Time": 0.04, "Actual Min Total Time": 0.044, "Actual Max Total Time": 0.044, "Filter": "((role)::text = 'writer'::text)", "Rows Removed by Filter": 11, "Actual Rows": 1}], "Actual Rows": 64}], "Actual Rows": 64}], "Actual Rows": 2728943}], "Actual Rows": 2728943}], "Actual Rows": 2728943}], "Actual Rows": 2343724}], "Actual Rows": 2343724}, {"Node Type": "Hash", "Parent Relationship": "Inner", "Startup Cost": 169365.79, "Total Cost": 169365.79, "Plan Rows": 2609128, "Plan Width": 29, "Actual Min Startup Time": 4926.029, "Actual Max Startup Time": 4926.029, "Actual Min Total Time": 4926.029, "Actual Max Total Time": 4926.029, "Max Hash Buckets": 4194304, "Min Hash Buckets": 4194304, "Max Hash Batches": 1, "Min Hash Batches": 1, "Max Original Hash Batches": 1, "Min Original Hash Batches": 1, "Max Peak Memory Usage": 164769, "min Peak Memory Usage": 164769, "Plans": [{"Node Type": "Hash Join", "Parent Relationship": "Outer", "Join Type": "Inner", "Startup Cost": 91673.0, "Total Cost": 169365.79, "Plan Rows": 2609128, "Plan Width": 29, "Actual Min Startup Time": 1869.664, "Actual Max Startup Time": 1869.664, "Actual Min Total Time": 3974.511, "Actual Max Total Time": 3974.511, "Inner Unique": true, "Hash Cond": "(mc.movie_id = t.id), (LLVM Optimized, Jit Execute)", "Plans": [{"Node Type": "Seq Scan", "Parent Relationship": "Outer", "Relation Name": "movie_companies", "Alias": "mc", "Startup Cost": 0.0, "Total Cost": 41817.28, "Plan Rows": 2609128, "Plan Width": 8, "Actual Min Startup Time": 0.034, "Actual Max Startup Time": 0.034, "Actual Min Total Time": 573.13, "Actual Max Total Time": 573.13, "Actual Rows": 2609128}, {"Node Type": "Hash", "Parent Relationship": "Inner", "Startup Cost": 60069.11, "Total Cost": 60069.11, "Plan Rows": 2528311, "Plan Width": 21, "Actual Min Startup Time": 1867.154, "Actual Max Startup Time": 1867.154, "Actual Min Total Time": 1867.154, "Actual Max Total Time": 1867.154, "Max Hash Buckets": 4194304, "Min Hash Buckets": 4194304, "Max Hash Batches": 1, "Min Hash Batches": 1, "Max Original Hash Batches": 1, "Min Original Hash Batches": 1, "Max Peak Memory Usage": 135869, "min Peak Memory Usage": 135869, "Plans": [{"Node Type": "Seq Scan", "Parent Relationship": "Outer", "Relation Name": "title", "Alias": "t", "Startup Cost": 0.0, "Total Cost": 60069.11, "Plan Rows": 2528311, "Plan Width": 21, "Actual Min Startup Time": 0.025, "Actual Max Startup Time": 0.025, "Actual Min Total Time": 832.832, "Actual Max Total Time": 832.832, "Actual Rows": 2528311}], "Actual Rows": 2528311}], "Actual Rows": 2609128}], "Actual Rows": 2609128}], "Actual Rows": 4961427}, {"Node Type": "Hash", "Parent Relationship": "Inner", "Startup Cost": 5903.45, "Total Cost": 5903.45, "Plan Rows": 85170, "Plan Width": 4, "Actual Min Startup Time": 113.153, "Actual Max Startup Time": 113.153, "Actual Min Total Time": 113.153, "Actual Max Total Time": 113.153, "Max Hash Buckets": 131072, "Min Hash Buckets": 131072, "Max Hash Batches": 1, "Min Hash Batches": 1, "Max Original Hash Batches": 1, "Min Original Hash Batches": 1, "Max Peak Memory Usage": 2983, "min Peak Memory Usage": 2983, "Plans": [{"Node Type": "Seq Scan", "Parent Relationship": "Outer", "Relation Name": "company_name", "Alias": "cn", "Startup Cost": 0.0, "Total Cost": 5903.45, "Plan Rows": 85170, "Plan Width": 4, "Actual Min Startup Time": 0.07, "Actual Max Startup Time": 0.07, "Actual Min Total Time": 89.97, "Actual Max Total Time": 89.97, "Filter": "((country_code)::text = '[us]'::text)", "Rows Removed by Filter": 150153, "Actual Rows": 84843}], "Actual Rows": 84843}], "Actual Rows": 2487611}], "Actual Rows": 1}, "Triggers": [], "Planner Runtime": 172, "Total Runtime": 10708.533, "Unique SQL Id": 2457761703}}, "(64, 97)": {"explain_plan": {"Plan": {"Node Type": "Aggregate", "Strategy": "Plain", "Startup Cost": 742941.75, "Total Cost": 742941.76, "Plan Rows": 1, "Plan Width": 97, "Plans": [{"Node Type": "Hash Join", "Parent Relationship": "Outer", "Join Type": "Inner", "Startup Cost": 714261.09, "Total Cost": 741156.26, "Plan Rows": 357098, "Plan Width": 33, "Inner Unique": false, "Hash Cond": "(a1.person_id = n1.id), (LLVM Optimized)", "Plans": [{"Node Type": "Bitmap Heap Scan", "Parent Relationship": "Outer", "Relation Name": "aka_name", "Alias": "a1", "Startup Cost": 16632.3, "Total Cost": 36540.72, "Plan Rows": 901342, "Plan Width": 20, "Plans": [{"Node Type": "Bitmap Index Scan", "Parent Relationship": "Outer", "Index Name": "person_id_aka_name", "Startup Cost": 0.0, "Total Cost": 16406.96, "Plan Rows": 901342, "Plan Width": 0}]}, {"Node Type": "Hash", "Parent Relationship": "Inner", "Startup Cost": 688748.06, "Total Cost": 688748.06, "Plan Rows": 710459, "Plan Width": 25, "Plans": [{"Node Type": "Hash Join", "Parent Relationship": "Outer", "Join Type": "Inner", "Startup Cost": 478494.65, "Total Cost": 688748.06, "Plan Rows": 710459, "Plan Width": 25, "Inner Unique": true, "Hash Cond": "(ci.person_id = n1.id), (LLVM Optimized)", "Plans": [{"Node Type": "Hash Join", "Parent Relationship": "Outer", "Join Type": "Inner", "Startup Cost": 301568.43, "Total Cost": 502053.02, "Plan Rows": 710459, "Plan Width": 21, "Inner Unique": false, "Hash Cond": "(ci.movie_id = t.id), (LLVM Optimized)", "Plans": [{"Node Type": "Nested Loop", "Parent Relationship": "Outer", "Join Type": "Inner", "Startup Cost": 0.0, "Total Cost": 171418.25, "Plan Rows": 3296318, "Plan Width": 8, "Inner Unique": false, "Plans": [{"Node Type": "Index Scan", "Parent Relationship": "Outer", "Scan Direction": "Forward", "Index Name": "role_type_pkey", "Relation Name": "role_type", "Alias": "rt", "Startup Cost": 0.0, "Total Cost": 12.46, "Plan Rows": 1, "Plan Width": 4, "Filter": "((role)::text = 'writer'::text)"}, {"Node Type": "Index Scan", "Parent Relationship": "Inner", "Scan Direction": "Forward", "Index Name": "role_id_cast_info", "Relation Name": "cast_info", "Alias": "ci", "Startup Cost": 0.0, "Total Cost": 138442.61, "Plan Rows": 3296318, "Plan Width": 12, "Index Cond": "(role_id = rt.id), (LLVM Optimized)"}]}, {"Node Type": "Hash", "Parent Relationship": "Inner", "Startup Cost": 285539.54, "Total Cost": 285539.54, "Plan Rows": 1282311, "Plan Width": 25, "Plans": [{"Node Type": "Hash Join", "Parent Relationship": "Outer", "Join Type": "Inner", "Startup Cost": 203483.15, "Total Cost": 285539.54, "Plan Rows": 1282311, "Plan Width": 25, "Inner Unique": true, "Hash Cond": "(mc.movie_id = t.id), (LLVM Optimized)", "Plans": [{"Node Type": "Hash Join", "Parent Relationship": "Outer", "Join Type": "Inner", "Startup Cost": 61758.77, "Total Cost": 126183.39, "Plan Rows": 1282311, "Plan Width": 4, "Inner Unique": true, "Hash Cond": "(mc.company_id = cn.id), (LLVM Optimized)", "Plans": [{"Node Type": "Bitmap Heap Scan", "Parent Relationship": "Outer", "Relation Name": "movie_companies", "Alias": "mc", "Startup Cost": 51990.17, "Total Cost": 93807.45, "Plan Rows": 2609128, "Plan Width": 8, "Plans": [{"Node Type": "Bitmap Index Scan", "Parent Relationship": "Outer", "Index Name": "movie_id_movie_companies", "Startup Cost": 0.0, "Total Cost": 51337.89, "Plan Rows": 2609128, "Plan Width": 0}]}, {"Node Type": "Hash", "Parent Relationship": "Inner", "Startup Cost": 8703.97, "Total Cost": 8703.97, "Plan Rows": 85170, "Plan Width": 4, "Plans": [{"Node Type": "Bitmap Heap Scan", "Parent Relationship": "Outer", "Relation Name": "company_name", "Alias": "cn", "Startup Cost": 2800.52, "Total Cost": 8703.97, "Plan Rows": 85170, "Plan Width": 4, "Filter": "((country_code)::text = '[us]'::text)", "Plans": [{"Node Type": "Bitmap Index Scan", "Parent Relationship": "Outer", "Index Name": "company_name_pkey", "Startup Cost": 0.0, "Total Cost": 2779.23, "Plan Rows": 234996, "Plan Width": 0}]}]}]}, {"Node Type": "Hash", "Parent Relationship": "Inner", "Startup Cost": 110120.49, "Total Cost": 110120.49, "Plan Rows": 2528311, "Plan Width": 21, "Plans": [{"Node Type": "Index Scan", "Parent Relationship": "Outer", "Scan Direction": "Forward", "Index Name": "title_pkey", "Relation Name": "title", "Alias": "t", "Startup Cost": 0.0, "Total Cost": 110120.49, "Plan Rows": 2528311, "Plan Width": 21}]}]}]}]}, {"Node Type": "Hash", "Parent Relationship": "Inner", "Startup Cost": 124832.6, "Total Cost": 124832.6, "Plan Rows": 4167490, "Plan Width": 4, "Plans": [{"Node Type": "Index Only Scan", "Parent Relationship": "Outer", "Scan Direction": "Forward", "Index Name": "name_pkey", "Relation Name": "name", "Alias": "n1", "Startup Cost": 0.0, "Total Cost": 124832.6, "Plan Rows": 4167490, "Plan Width": 4}]}]}]}]}]}, "Unique SQL Id": 2457761703, "Planner Runtime": 120}, "explain_analyze_plan": {"Plan": {"Node Type": "Aggregate", "Strategy": "Plain", "Startup Cost": 742941.75, "Total Cost": 742941.76, "Plan Rows": 1, "Plan Width": 97, "Actual Startup Time": 17148.628, "Actual Total Time": 17148.629, "Actual Rows": 1, "Actual Loops": 1, "Plans": [{"Node Type": "Hash Join", "Parent Relationship": "Outer", "Join Type": "Inner", "Startup Cost": 714261.09, "Total Cost": 741156.26, "Plan Rows": 357098, "Plan Width": 33, "Actual Startup Time": 14793.399, "Actual Total Time": 16025.709, "Actual Rows": 2487611, "Actual Loops": 1, "Inner Unique": false, "Hash Cond": "(a1.person_id = n1.id), (LLVM Optimized, Jit Execute)", "Plans": [{"Node Type": "Bitmap Heap Scan", "Parent Relationship": "Outer", "Relation Name": "aka_name", "Alias": "a1", "Startup Cost": 16632.3, "Total Cost": 36540.72, "Plan Rows": 901342, "Plan Width": 20, "Actual Startup Time": 88.637, "Actual Total Time": 410.546, "Actual Rows": 901342, "Actual Loops": 1, "Exact Heap Blocks": 10895, "Lossy Heap Blocks": 10895, "Plans": [{"Node Type": "Bitmap Index Scan", "Parent Relationship": "Outer", "Index Name": "person_id_aka_name", "Startup Cost": 0.0, "Total Cost": 16406.96, "Plan Rows": 901342, "Plan Width": 0, "Actual Startup Time": 86.695, "Actual Total Time": 86.695, "Actual Rows": 901342, "Actual Loops": 1}]}, {"Node Type": "Hash", "Parent Relationship": "Inner", "Startup Cost": 688748.06, "Total Cost": 688748.06, "Plan Rows": 710459, "Plan Width": 25, "Actual Startup Time": 14699.079, "Actual Total Time": 14699.079, "Actual Rows": 1970658, "Actual Loops": 1, "Hash Buckets": 1048576, "Hash Batches": 1, "Original Hash Batches": 1, "Peak Memory Usage": 112799, "Plans": [{"Node Type": "Hash Join", "Parent Relationship": "Outer", "Join Type": "Inner", "Startup Cost": 478494.65, "Total Cost": 688748.06, "Plan Rows": 710459, "Plan Width": 25, "Actual Startup Time": 10017.77, "Actual Total Time": 14115.532, "Actual Rows": 1970658, "Actual Loops": 1, "Inner Unique": true, "Hash Cond": "(ci.person_id = n1.id), (LLVM Optimized, Jit Execute)", "Plans": [{"Node Type": "Hash Join", "Parent Relationship": "Outer", "Join Type": "Inner", "Startup Cost": 301568.43, "Total Cost": 502053.02, "Plan Rows": 710459, "Plan Width": 21, "Actual Startup Time": 7171.394, "Actual Total Time": 10484.153, "Actual Rows": 1970658, "Actual Loops": 1, "Inner Unique": false, "Hash Cond": "(ci.movie_id = t.id), (LLVM Optimized, Jit Execute)", "Plans": [{"Node Type": "Nested Loop", "Parent Relationship": "Outer", "Join Type": "Inner", "Startup Cost": 0.0, "Total Cost": 171418.25, "Plan Rows": 3296318, "Plan Width": 8, "Actual Startup Time": 0.108, "Actual Total Time": 1864.889, "Actual Rows": 2728943, "Actual Loops": 1, "Inner Unique": false, "Plans": [{"Node Type": "Index Scan", "Parent Relationship": "Outer", "Scan Direction": "Forward", "Index Name": "role_type_pkey", "Relation Name": "role_type", "Alias": "rt", "Startup Cost": 0.0, "Total Cost": 12.46, "Plan Rows": 1, "Plan Width": 4, "Actual Startup Time": 0.06, "Actual Total Time": 0.159, "Actual Rows": 1, "Actual Loops": 1, "Filter": "((role)::text = 'writer'::text)", "Rows Removed by Filter": 11}, {"Node Type": "Index Scan", "Parent Relationship": "Inner", "Scan Direction": "Forward", "Index Name": "role_id_cast_info", "Relation Name": "cast_info", "Alias": "ci", "Startup Cost": 0.0, "Total Cost": 138442.61, "Plan Rows": 3296318, "Plan Width": 12, "Actual Startup Time": 0.036, "Actual Total Time": 1330.049, "Actual Rows": 2728943, "Actual Loops": 1, "Index Cond": "(role_id = rt.id), (LLVM Optimized, Jit Execute)", "Rows Removed by Index Recheck": 0}]}, {"Node Type": "Hash", "Parent Relationship": "Inner", "Startup Cost": 285539.54, "Total Cost": 285539.54, "Plan Rows": 1282311, "Plan Width": 25, "Actual Startup Time": 7166.162, "Actual Total Time": 7166.162, "Actual Rows": 1153797, "Actual Loops": 1, "Hash Buckets": 2097152, "Hash Batches": 1, "Original Hash Batches": 1, "Peak Memory Usage": 68508, "Plans": [{"Node Type": "Hash Join", "Parent Relationship": "Outer", "Join Type": "Inner", "Startup Cost": 203483.15, "Total Cost": 285539.54, "Plan Rows": 1282311, "Plan Width": 25, "Actual Startup Time": 4537.68, "Actual Total Time": 6742.122, "Actual Rows": 1153797, "Actual Loops": 1, "Inner Unique": true, "Hash Cond": "(mc.movie_id = t.id), (LLVM Optimized, Jit Execute)", "Plans": [{"Node Type": "Hash Join", "Parent Relationship": "Outer", "Join Type": "Inner", "Startup Cost": 61758.77, "Total Cost": 126183.39, "Plan Rows": 1282311, "Plan Width": 4, "Actual Startup Time": 373.892, "Actual Total Time": 1995.107, "Actual Rows": 1153797, "Actual Loops": 1, "Inner Unique": true, "Hash Cond": "(mc.company_id = cn.id), (LLVM Optimized, Jit Execute)", "Plans": [{"Node Type": "Bitmap Heap Scan", "Parent Relationship": "Outer", "Relation Name": "movie_companies", "Alias": "mc", "Startup Cost": 51990.17, "Total Cost": 93807.45, "Plan Rows": 2609128, "Plan Width": 8, "Actual Startup Time": 216.565, "Actual Total Time": 1018.768, "Actual Rows": 2609128, "Actual Loops": 1, "Exact Heap Blocks": 15726, "Lossy Heap Blocks": 15726, "Plans": [{"Node Type": "Bitmap Index Scan", "Parent Relationship": "Outer", "Index Name": "movie_id_movie_companies", "Startup Cost": 0.0, "Total Cost": 51337.89, "Plan Rows": 2609128, "Plan Width": 0, "Actual Startup Time": 212.922, "Actual Total Time": 212.922, "Actual Rows": 2609128, "Actual Loops": 1}]}, {"Node Type": "Hash", "Parent Relationship": "Inner", "Startup Cost": 8703.97, "Total Cost": 8703.97, "Plan Rows": 85170, "Plan Width": 4, "Actual Startup Time": 157.221, "Actual Total Time": 157.221, "Actual Rows": 84843, "Actual Loops": 1, "Hash Buckets": 131072, "Hash Batches": 1, "Original Hash Batches": 1, "Peak Memory Usage": 2983, "Plans": [{"Node Type": "Bitmap Heap Scan", "Parent Relationship": "Outer", "Relation Name": "company_name", "Alias": "cn", "Startup Cost": 2800.52, "Total Cost": 8703.97, "Plan Rows": 85170, "Plan Width": 4, "Actual Startup Time": 21.348, "Actual Total Time": 134.118, "Actual Rows": 84843, "Actual Loops": 1, "Filter": "((country_code)::text = '[us]'::text)", "Rows Removed by Filter": 150153, "Exact Heap Blocks": 2966, "Lossy Heap Blocks": 2966, "Plans": [{"Node Type": "Bitmap Index Scan", "Parent Relationship": "Outer", "Index Name": "company_name_pkey", "Startup Cost": 0.0, "Total Cost": 2779.23, "Plan Rows": 234996, "Plan Width": 0, "Actual Startup Time": 20.877, "Actual Total Time": 20.877, "Actual Rows": 234996, "Actual Loops": 1}]}]}]}, {"Node Type": "Hash", "Parent Relationship": "Inner", "Startup Cost": 110120.49, "Total Cost": 110120.49, "Plan Rows": 2528311, "Plan Width": 21, "Actual Startup Time": 4161.126, "Actual Total Time": 4161.126, "Actual Rows": 2528311, "Actual Loops": 1, "Hash Buckets": 4194304, "Hash Batches": 1, "Original Hash Batches": 1, "Peak Memory Usage": 135869, "Plans": [{"Node Type": "Index Scan", "Parent Relationship": "Outer", "Scan Direction": "Forward", "Index Name": "title_pkey", "Relation Name": "title", "Alias": "t", "Startup Cost": 0.0, "Total Cost": 110120.49, "Plan Rows": 2528311, "Plan Width": 21, "Actual Startup Time": 0.058, "Actual Total Time": 3119.711, "Actual Rows": 2528311, "Actual Loops": 1}]}]}]}]}, {"Node Type": "Hash", "Parent Relationship": "Inner", "Startup Cost": 124832.6, "Total Cost": 124832.6, "Plan Rows": 4167490, "Plan Width": 4, "Actual Startup Time": 2843.873, "Actual Total Time": 2843.873, "Actual Rows": 4167490, "Actual Loops": 1, "Hash Buckets": 4194304, "Hash Batches": 1, "Original Hash Batches": 1, "Peak Memory Usage": 146514, "Plans": [{"Node Type": "Index Only Scan", "Parent Relationship": "Outer", "Scan Direction": "Forward", "Index Name": "name_pkey", "Relation Name": "name", "Alias": "n1", "Startup Cost": 0.0, "Total Cost": 124832.6, "Plan Rows": 4167490, "Plan Width": 4, "Actual Startup Time": 0.044, "Actual Total Time": 1022.322, "Actual Rows": 4167490, "Actual Loops": 1, "Heap Fetches": 0}]}]}]}]}]}, "Triggers": [], "Planner Runtime": 120, "Total Runtime": 17165.177, "Unique SQL Id": 2457761703}}, "(64, 98)": {"explain_plan": {"Plan": {"Node Type": "Aggregate", "Strategy": "Plain", "Startup Cost": 528738.29, "Total Cost": 528738.3, "Plan Rows": 1, "Plan Width": 97, "Plans": [{"Node Type": "Hash Join", "Parent Relationship": "Outer", "Join Type": "Inner", "Startup Cost": 336662.4, "Total Cost": 526952.8, "Plan Rows": 357098, "Plan Width": 33, "Inner Unique": true, "Hash Cond": "(mc.company_id = cn.id), (LLVM Optimized)", "Plans": [{"Node Type": "Hash Join", "Parent Relationship": "Outer", "Join Type": "Inner", "Startup Cost": 329694.33, "Total Cost": 513689.03, "Plan Rows": 726589, "Plan Width": 37, "Inner Unique": false, "Hash Cond": "(ci.movie_id = t.id), (LLVM Optimized)", "Plans": [{"Node Type": "Streaming(type: LOCAL GATHER dop: 1/64)", "Parent Relationship": "Outer", "Startup Cost": 254738.78, "Total Cost": 417857.9, "Plan Rows": 1484588, "Plan Width": 20, "Plans": [{"Node Type": "Hash Join", "Parent Relationship": "Outer", "Join Type": "Inner", "Startup Cost": 254738.78, "Total Cost": 387231.02, "Plan Rows": 1484588, "Plan Width": 20, "Inner Unique": false, "Hash Cond": "(a1.person_id = ci.person_id), (LLVM Optimized)", "Plans": [{"Node Type": "Streaming(type: LOCAL REDISTRIBUTE dop: 64/1)", "Parent Relationship": "Outer", "Startup Cost": 202522.7, "Total Cost": 334446.0, "Plan Rows": 901342, "Plan Width": 24, "Plans": [{"Node Type": "Hash Join", "Parent Relationship": "Outer", "Join Type": "Inner", "Startup Cost": 202522.7, "Total Cost": 234824.58, "Plan Rows": 901342, "Plan Width": 24, "Inner Unique": true, "Hash Cond": "(a1.person_id = n1.id), (LLVM Optimized)", "Plans": [{"Node Type": "Seq Scan", "Parent Relationship": "Outer", "Relation Name": "aka_name", "Alias": "a1", "Startup Cost": 0.0, "Total Cost": 19908.42, "Plan Rows": 901342, "Plan Width": 20}, {"Node Type": "Hash", "Parent Relationship": "Inner", "Startup Cost": 150429.08, "Total Cost": 150429.08, "Plan Rows": 4167490, "Plan Width": 4, "Plans": [{"Node Type": "Streaming(type: LOCAL GATHER dop: 1/64)", "Parent Relationship": "Outer", "Startup Cost": 0.0, "Total Cost": 150429.08, "Plan Rows": 4167490, "Plan Width": 4, "Plans": [{"Node Type": "Seq Scan", "Parent Relationship": "Outer", "Relation Name": "name", "Alias": "n1", "Startup Cost": 0.0, "Total Cost": 64454.25, "Plan Rows": 4167490, "Plan Width": 4}]}]}]}]}, {"Node Type": "Hash", "Parent Relationship": "Inner", "Startup Cost": 203464.29, "Total Cost": 203464.29, "Plan Rows": 3296318, "Plan Width": 8, "Plans": [{"Node Type": "Streaming(type: LOCAL REDISTRIBUTE dop: 64/64)", "Parent Relationship": "Outer", "Startup Cost": 63002.48, "Total Cost": 203464.29, "Plan Rows": 3296318, "Plan Width": 8, "Plans": [{"Node Type": "Hash Join", "Parent Relationship": "Outer", "Join Type": "Inner", "Startup Cost": 63002.48, "Total Cost": 137341.8, "Plan Rows": 3296318, "Plan Width": 8, "Inner Unique": true, "Hash Cond": "(ci.role_id = rt.id), (LLVM Optimized)", "Plans": [{"Node Type": "Seq Scan", "Parent Relationship": "Outer", "Relation Name": "cast_info", "Alias": "ci", "Startup Cost": 0.0, "Total Cost": 72404.34, "Plan Rows": 36259494, "Plan Width": 12}, {"Node Type": "Hash", "Parent Relationship": "Inner", "Startup Cost": 63002.47, "Total Cost": 63002.47, "Plan Rows": 64, "Plan Width": 4, "Plans": [{"Node Type": "Streaming(type: BROADCAST dop: 64/1)", "Parent Relationship": "Outer", "Startup Cost": 0.0, "Total Cost": 63002.47, "Plan Rows": 64, "Plan Width": 4, "Plans": [{"Node Type": "Seq Scan", "Parent Relationship": "Outer", "Relation Name": "role_type", "Alias": "rt", "Startup Cost": 0.0, "Total Cost": 1.15, "Plan Rows": 1, "Plan Width": 4, "Filter": "((role)::text = 'writer'::text)"}]}]}]}]}]}]}]}, {"Node Type": "Hash", "Parent Relationship": "Inner", "Startup Cost": 169365.79, "Total Cost": 169365.79, "Plan Rows": 2609128, "Plan Width": 29, "Plans": [{"Node Type": "Hash Join", "Parent Relationship": "Outer", "Join Type": "Inner", "Startup Cost": 91673.0, "Total Cost": 169365.79, "Plan Rows": 2609128, "Plan Width": 29, "Inner Unique": true, "Hash Cond": "(mc.movie_id = t.id), (LLVM Optimized)", "Plans": [{"Node Type": "Seq Scan", "Parent Relationship": "Outer", "Relation Name": "movie_companies", "Alias": "mc", "Startup Cost": 0.0, "Total Cost": 41817.28, "Plan Rows": 2609128, "Plan Width": 8}, {"Node Type": "Hash", "Parent Relationship": "Inner", "Startup Cost": 60069.11, "Total Cost": 60069.11, "Plan Rows": 2528311, "Plan Width": 21, "Plans": [{"Node Type": "Seq Scan", "Parent Relationship": "Outer", "Relation Name": "title", "Alias": "t", "Startup Cost": 0.0, "Total Cost": 60069.11, "Plan Rows": 2528311, "Plan Width": 21}]}]}]}]}, {"Node Type": "Hash", "Parent Relationship": "Inner", "Startup Cost": 5903.45, "Total Cost": 5903.45, "Plan Rows": 85170, "Plan Width": 4, "Plans": [{"Node Type": "Seq Scan", "Parent Relationship": "Outer", "Relation Name": "company_name", "Alias": "cn", "Startup Cost": 0.0, "Total Cost": 5903.45, "Plan Rows": 85170, "Plan Width": 4, "Filter": "((country_code)::text = '[us]'::text)"}]}]}]}, "Unique SQL Id": 2457761703, "Planner Runtime": 152}, "explain_analyze_plan": {"Plan": {"Node Type": "Aggregate", "Strategy": "Plain", "Startup Cost": 528738.29, "Total Cost": 528738.3, "Plan Rows": 1, "Plan Width": 97, "Actual Min Startup Time": 10653.339, "Actual Max Startup Time": 10653.339, "Actual Min Total Time": 10653.34, "Actual Max Total Time": 10653.34, "Plans": [{"Node Type": "Hash Join", "Parent Relationship": "Outer", "Join Type": "Inner", "Startup Cost": 336662.4, "Total Cost": 526952.8, "Plan Rows": 357098, "Plan Width": 33, "Actual Min Startup Time": 5045.785, "Actual Max Startup Time": 5045.785, "Actual Min Total Time": 9470.761, "Actual Max Total Time": 9470.761, "Inner Unique": true, "Hash Cond": "(mc.company_id = cn.id), (LLVM Optimized, Jit Execute)", "Plans": [{"Node Type": "Hash Join", "Parent Relationship": "Outer", "Join Type": "Inner", "Startup Cost": 329694.33, "Total Cost": 513689.03, "Plan Rows": 726589, "Plan Width": 37, "Actual Min Startup Time": 4932.473, "Actual Max Startup Time": 4932.473, "Actual Min Total Time": 8014.504, "Actual Max Total Time": 8014.504, "Inner Unique": false, "Hash Cond": "(ci.movie_id = t.id), (LLVM Optimized, Jit Execute)", "Plans": [{"Node Type": "Streaming(type: LOCAL GATHER dop: 1/64)", "Parent Relationship": "Outer", "Startup Cost": 254738.78, "Total Cost": 417857.9, "Plan Rows": 1484588, "Plan Width": 20, "Actual Min Startup Time": 0.149, "Actual Max Startup Time": 0.149, "Actual Min Total Time": 1136.935, "Actual Max Total Time": 1136.935, "Plans": [{"Node Type": "Hash Join", "Parent Relationship": "Outer", "Join Type": "Inner", "Startup Cost": 254738.78, "Total Cost": 387231.02, "Plan Rows": 1484588, "Plan Width": 20, "Actual Min Startup Time": 2400.847, "Actual Max Startup Time": 4561.54, "Actual Min Total Time": 6405.607, "Actual Max Total Time": 9204.271, "Inner Unique": false, "Hash Cond": "(a1.person_id = ci.person_id), (LLVM Optimized, Jit Execute)", "Plans": [{"Node Type": "Streaming(type: LOCAL REDISTRIBUTE dop: 64/1)", "Parent Relationship": "Outer", "Startup Cost": 202522.7, "Total Cost": 334446.0, "Plan Rows": 901342, "Plan Width": 24, "Actual Min Startup Time": 2082.179, "Actual Max Startup Time": 4189.143, "Actual Min Total Time": 5973.318, "Actual Max Total Time": 8689.53, "Plans": [{"Node Type": "Hash Join", "Parent Relationship": "Outer", "Join Type": "Inner", "Startup Cost": 202522.7, "Total Cost": 234824.58, "Plan Rows": 901342, "Plan Width": 24, "Actual Min Startup Time": 2391.386, "Actual Max Startup Time": 2391.386, "Actual Min Total Time": 3134.379, "Actual Max Total Time": 3134.379, "Inner Unique": true, "Hash Cond": "(a1.person_id = n1.id), (LLVM Optimized, Jit Execute)", "Plans": [{"Node Type": "Seq Scan", "Parent Relationship": "Outer", "Relation Name": "aka_name", "Alias": "a1", "Startup Cost": 0.0, "Total Cost": 19908.42, "Plan Rows": 901342, "Plan Width": 20, "Actual Min Startup Time": 0.031, "Actual Max Startup Time": 0.031, "Actual Min Total Time": 226.0, "Actual Max Total Time": 226.0, "Actual Rows": 901342}, {"Node Type": "Hash", "Parent Relationship": "Inner", "Startup Cost": 150429.08, "Total Cost": 150429.08, "Plan Rows": 4167490, "Plan Width": 4, "Actual Min Startup Time": 2388.72, "Actual Max Startup Time": 2388.72, "Actual Min Total Time": 2388.72, "Actual Max Total Time": 2388.72, "Max Hash Buckets": 4194304, "Min Hash Buckets": 4194304, "Max Hash Batches": 1, "Min Hash Batches": 1, "Max Original Hash Batches": 1, "Min Original Hash Batches": 1, "Max Peak Memory Usage": 146514, "min Peak Memory Usage": 146514, "Plans": [{"Node Type": "Streaming(type: LOCAL GATHER dop: 1/64)", "Parent Relationship": "Outer", "Startup Cost": 0.0, "Total Cost": 150429.08, "Plan Rows": 4167490, "Plan Width": 4, "Actual Min Startup Time": 0.144, "Actual Max Startup Time": 0.144, "Actual Min Total Time": 1203.473, "Actual Max Total Time": 1203.473, "Plans": [{"Node Type": "Seq Scan", "Parent Relationship": "Outer", "Relation Name": "name", "Alias": "n1", "Startup Cost": 0.0, "Total Cost": 64454.25, "Plan Rows": 4167490, "Plan Width": 4, "Actual Min Startup Time": 0.019, "Actual Max Startup Time": 0.041, "Actual Min Total Time": 18.918, "Actual Max Total Time": 22.367, "Actual Rows": 4167490}], "Actual Rows": 4167490}], "Actual Rows": 4167490}], "Actual Rows": 901342}], "Actual Rows": 901342}, {"Node Type": "Hash", "Parent Relationship": "Inner", "Startup Cost": 203464.29, "Total Cost": 203464.29, "Plan Rows": 3296318, "Plan Width": 8, "Actual Min Startup Time": 314.974, "Actual Max Startup Time": 620.859, "Actual Min Total Time": 314.974, "Actual Max Total Time": 620.859, "Max Hash Buckets": 65536, "Min Hash Buckets": 65536, "Max Hash Batches": 1, "Min Hash Batches": 1, "Max Original Hash Batches": 1, "Min Original Hash Batches": 1, "Max Peak Memory Usage": 1483, "min Peak Memory Usage": 1483, "Plans": [{"Node Type": "Streaming(type: LOCAL REDISTRIBUTE dop: 64/64)", "Parent Relationship": "Outer", "Startup Cost": 63002.48, "Total Cost": 203464.29, "Plan Rows": 3296318, "Plan Width": 8, "Actual Min Startup Time": 0.106, "Actual Max Startup Time": 297.598, "Actual Min Total Time": 304.117, "Actual Max Total Time": 610.951, "Plans": [{"Node Type": "Hash Join", "Parent Relationship": "Outer", "Join Type": "Inner", "Startup Cost": 63002.48, "Total Cost": 137341.8, "Plan Rows": 3296318, "Plan Width": 8, "Actual Min Startup Time": 151.808, "Actual Max Startup Time": 321.453, "Actual Min Total Time": 242.856, "Actual Max Total Time": 411.34, "Inner Unique": true, "Hash Cond": "(ci.role_id = rt.id), (LLVM Optimized, Jit Execute)", "Plans": [{"Node Type": "Seq Scan", "Parent Relationship": "Outer", "Relation Name": "cast_info", "Alias": "ci", "Startup Cost": 0.0, "Total Cost": 72404.34, "Plan Rows": 36259494, "Plan Width": 12, "Actual Min Startup Time": 0.025, "Actual Max Startup Time": 9.439, "Actual Min Total Time": 127.377, "Actual Max Total Time": 144.233, "Actual Rows": 36244343}, {"Node Type": "Hash", "Parent Relationship": "Inner", "Startup Cost": 63002.47, "Total Cost": 63002.47, "Plan Rows": 64, "Plan Width": 4, "Actual Min Startup Time": 0.011, "Actual Max Startup Time": 159.839, "Actual Min Total Time": 0.011, "Actual Max Total Time": 159.839, "Max Hash Buckets": 32768, "Min Hash Buckets": 32768, "Max Hash Batches": 1, "Min Hash Batches": 1, "Max Original Hash Batches": 1, "Min Original Hash Batches": 1, "Max Peak Memory Usage": 1, "min Peak Memory Usage": 1, "Plans": [{"Node Type": "Streaming(type: BROADCAST dop: 64/1)", "Parent Relationship": "Outer", "Startup Cost": 0.0, "Total Cost": 63002.47, "Plan Rows": 64, "Plan Width": 4, "Actual Min Startup Time": 0.003, "Actual Max Startup Time": 159.19, "Actual Min Total Time": 0.003, "Actual Max Total Time": 159.194, "Plans": [{"Node Type": "Seq Scan", "Parent Relationship": "Outer", "Relation Name": "role_type", "Alias": "rt", "Startup Cost": 0.0, "Total Cost": 1.15, "Plan Rows": 1, "Plan Width": 4, "Actual Min Startup Time": 0.04, "Actual Max Startup Time": 0.04, "Actual Min Total Time": 0.044, "Actual Max Total Time": 0.044, "Filter": "((role)::text = 'writer'::text)", "Rows Removed by Filter": 11, "Actual Rows": 1}], "Actual Rows": 64}], "Actual Rows": 64}], "Actual Rows": 2728943}], "Actual Rows": 2728943}], "Actual Rows": 2728943}], "Actual Rows": 2343724}], "Actual Rows": 2343724}, {"Node Type": "Hash", "Parent Relationship": "Inner", "Startup Cost": 169365.79, "Total Cost": 169365.79, "Plan Rows": 2609128, "Plan Width": 29, "Actual Min Startup Time": 4926.029, "Actual Max Startup Time": 4926.029, "Actual Min Total Time": 4926.029, "Actual Max Total Time": 4926.029, "Max Hash Buckets": 4194304, "Min Hash Buckets": 4194304, "Max Hash Batches": 1, "Min Hash Batches": 1, "Max Original Hash Batches": 1, "Min Original Hash Batches": 1, "Max Peak Memory Usage": 164769, "min Peak Memory Usage": 164769, "Plans": [{"Node Type": "Hash Join", "Parent Relationship": "Outer", "Join Type": "Inner", "Startup Cost": 91673.0, "Total Cost": 169365.79, "Plan Rows": 2609128, "Plan Width": 29, "Actual Min Startup Time": 1869.664, "Actual Max Startup Time": 1869.664, "Actual Min Total Time": 3974.511, "Actual Max Total Time": 3974.511, "Inner Unique": true, "Hash Cond": "(mc.movie_id = t.id), (LLVM Optimized, Jit Execute)", "Plans": [{"Node Type": "Seq Scan", "Parent Relationship": "Outer", "Relation Name": "movie_companies", "Alias": "mc", "Startup Cost": 0.0, "Total Cost": 41817.28, "Plan Rows": 2609128, "Plan Width": 8, "Actual Min Startup Time": 0.034, "Actual Max Startup Time": 0.034, "Actual Min Total Time": 573.13, "Actual Max Total Time": 573.13, "Actual Rows": 2609128}, {"Node Type": "Hash", "Parent Relationship": "Inner", "Startup Cost": 60069.11, "Total Cost": 60069.11, "Plan Rows": 2528311, "Plan Width": 21, "Actual Min Startup Time": 1867.154, "Actual Max Startup Time": 1867.154, "Actual Min Total Time": 1867.154, "Actual Max Total Time": 1867.154, "Max Hash Buckets": 4194304, "Min Hash Buckets": 4194304, "Max Hash Batches": 1, "Min Hash Batches": 1, "Max Original Hash Batches": 1, "Min Original Hash Batches": 1, "Max Peak Memory Usage": 135869, "min Peak Memory Usage": 135869, "Plans": [{"Node Type": "Seq Scan", "Parent Relationship": "Outer", "Relation Name": "title", "Alias": "t", "Startup Cost": 0.0, "Total Cost": 60069.11, "Plan Rows": 2528311, "Plan Width": 21, "Actual Min Startup Time": 0.025, "Actual Max Startup Time": 0.025, "Actual Min Total Time": 832.832, "Actual Max Total Time": 832.832, "Actual Rows": 2528311}], "Actual Rows": 2528311}], "Actual Rows": 2609128}], "Actual Rows": 2609128}], "Actual Rows": 4961427}, {"Node Type": "Hash", "Parent Relationship": "Inner", "Startup Cost": 5903.45, "Total Cost": 5903.45, "Plan Rows": 85170, "Plan Width": 4, "Actual Min Startup Time": 113.153, "Actual Max Startup Time": 113.153, "Actual Min Total Time": 113.153, "Actual Max Total Time": 113.153, "Max Hash Buckets": 131072, "Min Hash Buckets": 131072, "Max Hash Batches": 1, "Min Hash Batches": 1, "Max Original Hash Batches": 1, "Min Original Hash Batches": 1, "Max Peak Memory Usage": 2983, "min Peak Memory Usage": 2983, "Plans": [{"Node Type": "Seq Scan", "Parent Relationship": "Outer", "Relation Name": "company_name", "Alias": "cn", "Startup Cost": 0.0, "Total Cost": 5903.45, "Plan Rows": 85170, "Plan Width": 4, "Actual Min Startup Time": 0.07, "Actual Max Startup Time": 0.07, "Actual Min Total Time": 89.97, "Actual Max Total Time": 89.97, "Filter": "((country_code)::text = '[us]'::text)", "Rows Removed by Filter": 150153, "Actual Rows": 84843}], "Actual Rows": 84843}], "Actual Rows": 2487611}], "Actual Rows": 1}, "Triggers": [], "Planner Runtime": 172, "Total Runtime": 10708.533, "Unique SQL Id": 2457761703}}, "(64, 99)": {"explain_plan": {"Plan": {"Node Type": "Aggregate", "Strategy": "Plain", "Startup Cost": 1013578.73, "Total Cost": 1013578.74, "Plan Rows": 1, "Plan Width": 97, "Plans": [{"Node Type": "Hash Join", "Parent Relationship": "Outer", "Join Type": "Inner", "Startup Cost": 985285.55, "Total Cost": 1011793.24, "Plan Rows": 357098, "Plan Width": 33, "Inner Unique": false, "Hash Cond": "(a1.person_id = n1.id), (LLVM Optimized)", "Plans": [{"Node Type": "Bitmap Heap Scan", "Parent Relationship": "Outer", "Relation Name": "aka_name", "Alias": "a1", "Startup Cost": 16632.3, "Total Cost": 36540.72, "Plan Rows": 901342, "Plan Width": 20, "Plans": [{"Node Type": "Bitmap Index Scan", "Parent Relationship": "Outer", "Index Name": "person_id_aka_name", "Startup Cost": 0.0, "Total Cost": 16406.96, "Plan Rows": 901342, "Plan Width": 0}]}, {"Node Type": "Hash", "Parent Relationship": "Inner", "Startup Cost": 959772.51, "Total Cost": 959772.51, "Plan Rows": 710459, "Plan Width": 25, "Plans": [{"Node Type": "Hash Join", "Parent Relationship": "Outer", "Join Type": "Inner", "Startup Cost": 607483.06, "Total Cost": 959772.51, "Plan Rows": 710459, "Plan Width": 25, "Inner Unique": true, "Hash Cond": "(ci.person_id = n1.id), (LLVM Optimized)", "Plans": [{"Node Type": "Hash Join", "Parent Relationship": "Outer", "Join Type": "Inner", "Startup Cost": 378117.96, "Total Cost": 720638.61, "Plan Rows": 710459, "Plan Width": 21, "Inner Unique": false, "Hash Cond": "(ci.movie_id = t.id), (LLVM Optimized)", "Plans": [{"Node Type": "Nested Loop", "Parent Relationship": "Outer", "Join Type": "Inner", "Startup Cost": 76315.02, "Total Cost": 389769.33, "Plan Rows": 3296318, "Plan Width": 8, "Inner Unique": false, "Plans": [{"Node Type": "Bitmap Heap Scan", "Parent Relationship": "Outer", "Relation Name": "role_type", "Alias": "rt", "Startup Cost": 8.31, "Total Cost": 12.46, "Plan Rows": 1, "Plan Width": 4, "Filter": "((role)::text = 'writer'::text)", "Plans": [{"Node Type": "Bitmap Index Scan", "Parent Relationship": "Outer", "Index Name": "role_type_pkey", "Startup Cost": 0.0, "Total Cost": 8.31, "Plan Rows": 12, "Plan Width": 0}]}, {"Node Type": "Bitmap Heap Scan", "Parent Relationship": "Inner", "Relation Name": "cast_info", "Alias": "ci", "Startup Cost": 76306.71, "Total Cost": 356793.69, "Plan Rows": 3296318, "Plan Width": 12, "Recheck Cond": "(role_id = rt.id), (LLVM Optimized)", "Plans": [{"Node Type": "Bitmap Index Scan", "Parent Relationship": "Outer", "Index Name": "role_id_cast_info", "Startup Cost": 0.0, "Total Cost": 75482.63, "Plan Rows": 3296318, "Plan Width": 0, "Index Cond": "(role_id = rt.id)"}]}]}, {"Node Type": "Hash", "Parent Relationship": "Inner", "Startup Cost": 285774.05, "Total Cost": 285774.05, "Plan Rows": 1282311, "Plan Width": 25, "Plans": [{"Node Type": "Hash Join", "Parent Relationship": "Outer", "Join Type": "Inner", "Startup Cost": 203717.65, "Total Cost": 285774.05, "Plan Rows": 1282311, "Plan Width": 25, "Inner Unique": true, "Hash Cond": "(mc.movie_id = t.id), (LLVM Optimized)", "Plans": [{"Node Type": "Hash Join", "Parent Relationship": "Outer", "Join Type": "Inner", "Startup Cost": 61758.77, "Total Cost": 126183.39, "Plan Rows": 1282311, "Plan Width": 4, "Inner Unique": true, "Hash Cond": "(mc.company_id = cn.id), (LLVM Optimized)", "Plans": [{"Node Type": "Bitmap Heap Scan", "Parent Relationship": "Outer", "Relation Name": "movie_companies", "Alias": "mc", "Startup Cost": 51990.17, "Total Cost": 93807.45, "Plan Rows": 2609128, "Plan Width": 8, "Plans": [{"Node Type": "Bitmap Index Scan", "Parent Relationship": "Outer", "Index Name": "movie_id_movie_companies", "Startup Cost": 0.0, "Total Cost": 51337.89, "Plan Rows": 2609128, "Plan Width": 0}]}, {"Node Type": "Hash", "Parent Relationship": "Inner", "Startup Cost": 8703.97, "Total Cost": 8703.97, "Plan Rows": 85170, "Plan Width": 4, "Plans": [{"Node Type": "Bitmap Heap Scan", "Parent Relationship": "Outer", "Relation Name": "company_name", "Alias": "cn", "Startup Cost": 2800.52, "Total Cost": 8703.97, "Plan Rows": 85170, "Plan Width": 4, "Filter": "((country_code)::text = '[us]'::text)", "Plans": [{"Node Type": "Bitmap Index Scan", "Parent Relationship": "Outer", "Index Name": "company_name_pkey", "Startup Cost": 0.0, "Total Cost": 2779.23, "Plan Rows": 234996, "Plan Width": 0}]}]}]}, {"Node Type": "Hash", "Parent Relationship": "Inner", "Startup Cost": 110354.99, "Total Cost": 110354.99, "Plan Rows": 2528311, "Plan Width": 21, "Plans": [{"Node Type": "Bitmap Heap Scan", "Parent Relationship": "Outer", "Relation Name": "title", "Alias": "t", "Startup Cost": 50285.88, "Total Cost": 110354.99, "Plan Rows": 2528311, "Plan Width": 21, "Plans": [{"Node Type": "Bitmap Index Scan", "Parent Relationship": "Outer", "Index Name": "title_pkey", "Startup Cost": 0.0, "Total Cost": 49653.81, "Plan Rows": 2528311, "Plan Width": 0}]}]}]}]}]}, {"Node Type": "Hash", "Parent Relationship": "Inner", "Startup Cost": 177271.47, "Total Cost": 177271.47, "Plan Rows": 4167490, "Plan Width": 4, "Plans": [{"Node Type": "Bitmap Heap Scan", "Parent Relationship": "Outer", "Relation Name": "name", "Alias": "n1", "Startup Cost": 84199.57, "Total Cost": 177271.47, "Plan Rows": 4167490, "Plan Width": 4, "Plans": [{"Node Type": "Bitmap Index Scan", "Parent Relationship": "Outer", "Index Name": "name_pkey", "Startup Cost": 0.0, "Total Cost": 83157.7, "Plan Rows": 4167490, "Plan Width": 0}]}]}]}]}]}]}, "Unique SQL Id": 2457761703, "Planner Runtime": 49}, "explain_analyze_plan": {"Plan": {"Node Type": "Aggregate", "Strategy": "Plain", "Startup Cost": 1013578.73, "Total Cost": 1013578.74, "Plan Rows": 1, "Plan Width": 97, "Actual Startup Time": 16862.492, "Actual Total Time": 16862.492, "Actual Rows": 1, "Actual Loops": 1, "Plans": [{"Node Type": "Hash Join", "Parent Relationship": "Outer", "Join Type": "Inner", "Startup Cost": 985285.55, "Total Cost": 1011793.24, "Plan Rows": 357098, "Plan Width": 33, "Actual Startup Time": 14323.785, "Actual Total Time": 15724.573, "Actual Rows": 2487611, "Actual Loops": 1, "Inner Unique": false, "Hash Cond": "(a1.person_id = n1.id), (LLVM Optimized, Jit Execute)", "Plans": [{"Node Type": "Bitmap Heap Scan", "Parent Relationship": "Outer", "Relation Name": "aka_name", "Alias": "a1", "Startup Cost": 16632.3, "Total Cost": 36540.72, "Plan Rows": 901342, "Plan Width": 20, "Actual Startup Time": 102.848, "Actual Total Time": 449.182, "Actual Rows": 901342, "Actual Loops": 1, "Exact Heap Blocks": 10895, "Lossy Heap Blocks": 10895, "Plans": [{"Node Type": "Bitmap Index Scan", "Parent Relationship": "Outer", "Index Name": "person_id_aka_name", "Startup Cost": 0.0, "Total Cost": 16406.96, "Plan Rows": 901342, "Plan Width": 0, "Actual Startup Time": 100.9, "Actual Total Time": 100.9, "Actual Rows": 901342, "Actual Loops": 1}]}, {"Node Type": "Hash", "Parent Relationship": "Inner", "Startup Cost": 959772.51, "Total Cost": 959772.51, "Plan Rows": 710459, "Plan Width": 25, "Actual Startup Time": 14215.549, "Actual Total Time": 14215.549, "Actual Rows": 1970658, "Actual Loops": 1, "Hash Buckets": 1048576, "Hash Batches": 1, "Original Hash Batches": 1, "Peak Memory Usage": 112799, "Plans": [{"Node Type": "Hash Join", "Parent Relationship": "Outer", "Join Type": "Inner", "Startup Cost": 607483.06, "Total Cost": 959772.51, "Plan Rows": 710459, "Plan Width": 25, "Actual Startup Time": 10075.48, "Actual Total Time": 13607.521, "Actual Rows": 1970658, "Actual Loops": 1, "Inner Unique": true, "Hash Cond": "(ci.person_id = n1.id), (LLVM Optimized, Jit Execute)", "Plans": [{"Node Type": "Hash Join", "Parent Relationship": "Outer", "Join Type": "Inner", "Startup Cost": 378117.96, "Total Cost": 720638.61, "Plan Rows": 710459, "Plan Width": 21, "Actual Startup Time": 5761.347, "Actual Total Time": 8502.541, "Actual Rows": 1970658, "Actual Loops": 1, "Inner Unique": false, "Hash Cond": "(ci.movie_id = t.id), (LLVM Optimized, Jit Execute)", "Plans": [{"Node Type": "Nested Loop", "Parent Relationship": "Outer", "Join Type": "Inner", "Startup Cost": 76315.02, "Total Cost": 389769.33, "Plan Rows": 3296318, "Plan Width": 8, "Actual Startup Time": 304.881, "Actual Total Time": 1662.16, "Actual Rows": 2728943, "Actual Loops": 1, "Inner Unique": false, "Plans": [{"Node Type": "Bitmap Heap Scan", "Parent Relationship": "Outer", "Relation Name": "role_type", "Alias": "rt", "Startup Cost": 8.31, "Total Cost": 12.46, "Plan Rows": 1, "Plan Width": 4, "Actual Startup Time": 0.09, "Actual Total Time": 0.108, "Actual Rows": 1, "Actual Loops": 1, "Filter": "((role)::text = 'writer'::text)", "Rows Removed by Filter": 11, "Exact Heap Blocks": 1, "Lossy Heap Blocks": 1, "Plans": [{"Node Type": "Bitmap Index Scan", "Parent Relationship": "Outer", "Index Name": "role_type_pkey", "Startup Cost": 0.0, "Total Cost": 8.31, "Plan Rows": 12, "Plan Width": 0, "Actual Startup Time": 0.027, "Actual Total Time": 0.027, "Actual Rows": 12, "Actual Loops": 1}]}, {"Node Type": "Bitmap Heap Scan", "Parent Relationship": "Inner", "Relation Name": "cast_info", "Alias": "ci", "Startup Cost": 76306.71, "Total Cost": 356793.69, "Plan Rows": 3296318, "Plan Width": 12, "Actual Startup Time": 304.767, "Actual Total Time": 1172.992, "Actual Rows": 2728943, "Actual Loops": 1, "Recheck Cond": "(role_id = rt.id), (LLVM Optimized, Jit Execute)", "Rows Removed by Index Recheck": 0, "Exact Heap Blocks": 19177, "Lossy Heap Blocks": 19177, "Plans": [{"Node Type": "Bitmap Index Scan", "Parent Relationship": "Outer", "Index Name": "role_id_cast_info", "Startup Cost": 0.0, "Total Cost": 75482.63, "Plan Rows": 3296318, "Plan Width": 0, "Actual Startup Time": 300.404, "Actual Total Time": 300.404, "Actual Rows": 2728943, "Actual Loops": 1, "Index Cond": "(role_id = rt.id)"}]}]}, {"Node Type": "Hash", "Parent Relationship": "Inner", "Startup Cost": 285774.05, "Total Cost": 285774.05, "Plan Rows": 1282311, "Plan Width": 25, "Actual Startup Time": 5451.33, "Actual Total Time": 5451.33, "Actual Rows": 1153797, "Actual Loops": 1, "Hash Buckets": 2097152, "Hash Batches": 1, "Original Hash Batches": 1, "Peak Memory Usage": 68508, "Plans": [{"Node Type": "Hash Join", "Parent Relationship": "Outer", "Join Type": "Inner", "Startup Cost": 203717.65, "Total Cost": 285774.05, "Plan Rows": 1282311, "Plan Width": 25, "Actual Startup Time": 2726.056, "Actual Total Time": 5015.59, "Actual Rows": 1153797, "Actual Loops": 1, "Inner Unique": true, "Hash Cond": "(mc.movie_id = t.id), (LLVM Optimized, Jit Execute)", "Plans": [{"Node Type": "Hash Join", "Parent Relationship": "Outer", "Join Type": "Inner", "Startup Cost": 61758.77, "Total Cost": 126183.39, "Plan Rows": 1282311, "Plan Width": 4, "Actual Startup Time": 372.339, "Actual Total Time": 2018.516, "Actual Rows": 1153797, "Actual Loops": 1, "Inner Unique": true, "Hash Cond": "(mc.company_id = cn.id), (LLVM Optimized, Jit Execute)", "Plans": [{"Node Type": "Bitmap Heap Scan", "Parent Relationship": "Outer", "Relation Name": "movie_companies", "Alias": "mc", "Startup Cost": 51990.17, "Total Cost": 93807.45, "Plan Rows": 2609128, "Plan Width": 8, "Actual Startup Time": 216.154, "Actual Total Time": 1035.33, "Actual Rows": 2609128, "Actual Loops": 1, "Exact Heap Blocks": 15726, "Lossy Heap Blocks": 15726, "Plans": [{"Node Type": "Bitmap Index Scan", "Parent Relationship": "Outer", "Index Name": "movie_id_movie_companies", "Startup Cost": 0.0, "Total Cost": 51337.89, "Plan Rows": 2609128, "Plan Width": 0, "Actual Startup Time": 212.542, "Actual Total Time": 212.542, "Actual Rows": 2609128, "Actual Loops": 1}]}, {"Node Type": "Hash", "Parent Relationship": "Inner", "Startup Cost": 8703.97, "Total Cost": 8703.97, "Plan Rows": 85170, "Plan Width": 4, "Actual Startup Time": 156.063, "Actual Total Time": 156.063, "Actual Rows": 84843, "Actual Loops": 1, "Hash Buckets": 131072, "Hash Batches": 1, "Original Hash Batches": 1, "Peak Memory Usage": 2983, "Plans": [{"Node Type": "Bitmap Heap Scan", "Parent Relationship": "Outer", "Relation Name": "company_name", "Alias": "cn", "Startup Cost": 2800.52, "Total Cost": 8703.97, "Plan Rows": 85170, "Plan Width": 4, "Actual Startup Time": 20.847, "Actual Total Time": 133.286, "Actual Rows": 84843, "Actual Loops": 1, "Filter": "((country_code)::text = '[us]'::text)", "Rows Removed by Filter": 150153, "Exact Heap Blocks": 2966, "Lossy Heap Blocks": 2966, "Plans": [{"Node Type": "Bitmap Index Scan", "Parent Relationship": "Outer", "Index Name": "company_name_pkey", "Startup Cost": 0.0, "Total Cost": 2779.23, "Plan Rows": 234996, "Plan Width": 0, "Actual Startup Time": 20.364, "Actual Total Time": 20.364, "Actual Rows": 234996, "Actual Loops": 1}]}]}]}, {"Node Type": "Hash", "Parent Relationship": "Inner", "Startup Cost": 110354.99, "Total Cost": 110354.99, "Plan Rows": 2528311, "Plan Width": 21, "Actual Startup Time": 2351.141, "Actual Total Time": 2351.141, "Actual Rows": 2528311, "Actual Loops": 1, "Hash Buckets": 4194304, "Hash Batches": 1, "Original Hash Batches": 1, "Peak Memory Usage": 135869, "Plans": [{"Node Type": "Bitmap Heap Scan", "Parent Relationship": "Outer", "Relation Name": "title", "Alias": "t", "Startup Cost": 50285.88, "Total Cost": 110354.99, "Plan Rows": 2528311, "Plan Width": 21, "Actual Startup Time": 290.426, "Actual Total Time": 1476.245, "Actual Rows": 2528311, "Actual Loops": 1, "Exact Heap Blocks": 34786, "Lossy Heap Blocks": 34786, "Plans": [{"Node Type": "Bitmap Index Scan", "Parent Relationship": "Outer", "Index Name": "title_pkey", "Startup Cost": 0.0, "Total Cost": 49653.81, "Plan Rows": 2528311, "Plan Width": 0, "Actual Startup Time": 282.417, "Actual Total Time": 282.417, "Actual Rows": 2528311, "Actual Loops": 1}]}]}]}]}]}, {"Node Type": "Hash", "Parent Relationship": "Inner", "Startup Cost": 177271.47, "Total Cost": 177271.47, "Plan Rows": 4167490, "Plan Width": 4, "Actual Startup Time": 4311.571, "Actual Total Time": 4311.571, "Actual Rows": 4167490, "Actual Loops": 1, "Hash Buckets": 4194304, "Hash Batches": 1, "Original Hash Batches": 1, "Peak Memory Usage": 146514, "Plans": [{"Node Type": "Bitmap Heap Scan", "Parent Relationship": "Outer", "Relation Name": "name", "Alias": "n1", "Startup Cost": 84199.57, "Total Cost": 177271.47, "Plan Rows": 4167490, "Plan Width": 4, "Actual Startup Time": 546.808, "Actual Total Time": 2370.146, "Actual Rows": 4167490, "Actual Loops": 1, "Exact Heap Blocks": 51397, "Lossy Heap Blocks": 51397, "Plans": [{"Node Type": "Bitmap Index Scan", "Parent Relationship": "Outer", "Index Name": "name_pkey", "Startup Cost": 0.0, "Total Cost": 83157.7, "Plan Rows": 4167490, "Plan Width": 0, "Actual Startup Time": 534.683, "Actual Total Time": 534.683, "Actual Rows": 4167490, "Actual Loops": 1}]}]}]}]}]}]}, "Triggers": [], "Planner Runtime": 49, "Total Runtime": 16879.015, "Unique SQL Id": 2457761703}}, "(64, 100)": {"explain_plan": {"Plan": {"Node Type": "Aggregate", "Strategy": "Plain", "Startup Cost": 528738.29, "Total Cost": 528738.3, "Plan Rows": 1, "Plan Width": 97, "Plans": [{"Node Type": "Hash Join", "Parent Relationship": "Outer", "Join Type": "Inner", "Startup Cost": 336662.4, "Total Cost": 526952.8, "Plan Rows": 357098, "Plan Width": 33, "Inner Unique": true, "Hash Cond": "(mc.company_id = cn.id), (LLVM Optimized)", "Plans": [{"Node Type": "Hash Join", "Parent Relationship": "Outer", "Join Type": "Inner", "Startup Cost": 329694.33, "Total Cost": 513689.03, "Plan Rows": 726589, "Plan Width": 37, "Inner Unique": false, "Hash Cond": "(ci.movie_id = t.id), (LLVM Optimized)", "Plans": [{"Node Type": "Streaming(type: LOCAL GATHER dop: 1/64)", "Parent Relationship": "Outer", "Startup Cost": 254738.78, "Total Cost": 417857.9, "Plan Rows": 1484588, "Plan Width": 20, "Plans": [{"Node Type": "Hash Join", "Parent Relationship": "Outer", "Join Type": "Inner", "Startup Cost": 254738.78, "Total Cost": 387231.02, "Plan Rows": 1484588, "Plan Width": 20, "Inner Unique": false, "Hash Cond": "(a1.person_id = ci.person_id), (LLVM Optimized)", "Plans": [{"Node Type": "Streaming(type: LOCAL REDISTRIBUTE dop: 64/1)", "Parent Relationship": "Outer", "Startup Cost": 202522.7, "Total Cost": 334446.0, "Plan Rows": 901342, "Plan Width": 24, "Plans": [{"Node Type": "Hash Join", "Parent Relationship": "Outer", "Join Type": "Inner", "Startup Cost": 202522.7, "Total Cost": 234824.58, "Plan Rows": 901342, "Plan Width": 24, "Inner Unique": true, "Hash Cond": "(a1.person_id = n1.id), (LLVM Optimized)", "Plans": [{"Node Type": "Seq Scan", "Parent Relationship": "Outer", "Relation Name": "aka_name", "Alias": "a1", "Startup Cost": 0.0, "Total Cost": 19908.42, "Plan Rows": 901342, "Plan Width": 20}, {"Node Type": "Hash", "Parent Relationship": "Inner", "Startup Cost": 150429.08, "Total Cost": 150429.08, "Plan Rows": 4167490, "Plan Width": 4, "Plans": [{"Node Type": "Streaming(type: LOCAL GATHER dop: 1/64)", "Parent Relationship": "Outer", "Startup Cost": 0.0, "Total Cost": 150429.08, "Plan Rows": 4167490, "Plan Width": 4, "Plans": [{"Node Type": "Seq Scan", "Parent Relationship": "Outer", "Relation Name": "name", "Alias": "n1", "Startup Cost": 0.0, "Total Cost": 64454.25, "Plan Rows": 4167490, "Plan Width": 4}]}]}]}]}, {"Node Type": "Hash", "Parent Relationship": "Inner", "Startup Cost": 203464.29, "Total Cost": 203464.29, "Plan Rows": 3296318, "Plan Width": 8, "Plans": [{"Node Type": "Streaming(type: LOCAL REDISTRIBUTE dop: 64/64)", "Parent Relationship": "Outer", "Startup Cost": 63002.48, "Total Cost": 203464.29, "Plan Rows": 3296318, "Plan Width": 8, "Plans": [{"Node Type": "Hash Join", "Parent Relationship": "Outer", "Join Type": "Inner", "Startup Cost": 63002.48, "Total Cost": 137341.8, "Plan Rows": 3296318, "Plan Width": 8, "Inner Unique": true, "Hash Cond": "(ci.role_id = rt.id), (LLVM Optimized)", "Plans": [{"Node Type": "Seq Scan", "Parent Relationship": "Outer", "Relation Name": "cast_info", "Alias": "ci", "Startup Cost": 0.0, "Total Cost": 72404.34, "Plan Rows": 36259494, "Plan Width": 12}, {"Node Type": "Hash", "Parent Relationship": "Inner", "Startup Cost": 63002.47, "Total Cost": 63002.47, "Plan Rows": 64, "Plan Width": 4, "Plans": [{"Node Type": "Streaming(type: BROADCAST dop: 64/1)", "Parent Relationship": "Outer", "Startup Cost": 0.0, "Total Cost": 63002.47, "Plan Rows": 64, "Plan Width": 4, "Plans": [{"Node Type": "Seq Scan", "Parent Relationship": "Outer", "Relation Name": "role_type", "Alias": "rt", "Startup Cost": 0.0, "Total Cost": 1.15, "Plan Rows": 1, "Plan Width": 4, "Filter": "((role)::text = 'writer'::text)"}]}]}]}]}]}]}]}, {"Node Type": "Hash", "Parent Relationship": "Inner", "Startup Cost": 169365.79, "Total Cost": 169365.79, "Plan Rows": 2609128, "Plan Width": 29, "Plans": [{"Node Type": "Hash Join", "Parent Relationship": "Outer", "Join Type": "Inner", "Startup Cost": 91673.0, "Total Cost": 169365.79, "Plan Rows": 2609128, "Plan Width": 29, "Inner Unique": true, "Hash Cond": "(mc.movie_id = t.id), (LLVM Optimized)", "Plans": [{"Node Type": "Seq Scan", "Parent Relationship": "Outer", "Relation Name": "movie_companies", "Alias": "mc", "Startup Cost": 0.0, "Total Cost": 41817.28, "Plan Rows": 2609128, "Plan Width": 8}, {"Node Type": "Hash", "Parent Relationship": "Inner", "Startup Cost": 60069.11, "Total Cost": 60069.11, "Plan Rows": 2528311, "Plan Width": 21, "Plans": [{"Node Type": "Seq Scan", "Parent Relationship": "Outer", "Relation Name": "title", "Alias": "t", "Startup Cost": 0.0, "Total Cost": 60069.11, "Plan Rows": 2528311, "Plan Width": 21}]}]}]}]}, {"Node Type": "Hash", "Parent Relationship": "Inner", "Startup Cost": 5903.45, "Total Cost": 5903.45, "Plan Rows": 85170, "Plan Width": 4, "Plans": [{"Node Type": "Seq Scan", "Parent Relationship": "Outer", "Relation Name": "company_name", "Alias": "cn", "Startup Cost": 0.0, "Total Cost": 5903.45, "Plan Rows": 85170, "Plan Width": 4, "Filter": "((country_code)::text = '[us]'::text)"}]}]}]}, "Unique SQL Id": 2457761703, "Planner Runtime": 152}, "explain_analyze_plan": {"Plan": {"Node Type": "Aggregate", "Strategy": "Plain", "Startup Cost": 528738.29, "Total Cost": 528738.3, "Plan Rows": 1, "Plan Width": 97, "Actual Min Startup Time": 10653.339, "Actual Max Startup Time": 10653.339, "Actual Min Total Time": 10653.34, "Actual Max Total Time": 10653.34, "Plans": [{"Node Type": "Hash Join", "Parent Relationship": "Outer", "Join Type": "Inner", "Startup Cost": 336662.4, "Total Cost": 526952.8, "Plan Rows": 357098, "Plan Width": 33, "Actual Min Startup Time": 5045.785, "Actual Max Startup Time": 5045.785, "Actual Min Total Time": 9470.761, "Actual Max Total Time": 9470.761, "Inner Unique": true, "Hash Cond": "(mc.company_id = cn.id), (LLVM Optimized, Jit Execute)", "Plans": [{"Node Type": "Hash Join", "Parent Relationship": "Outer", "Join Type": "Inner", "Startup Cost": 329694.33, "Total Cost": 513689.03, "Plan Rows": 726589, "Plan Width": 37, "Actual Min Startup Time": 4932.473, "Actual Max Startup Time": 4932.473, "Actual Min Total Time": 8014.504, "Actual Max Total Time": 8014.504, "Inner Unique": false, "Hash Cond": "(ci.movie_id = t.id), (LLVM Optimized, Jit Execute)", "Plans": [{"Node Type": "Streaming(type: LOCAL GATHER dop: 1/64)", "Parent Relationship": "Outer", "Startup Cost": 254738.78, "Total Cost": 417857.9, "Plan Rows": 1484588, "Plan Width": 20, "Actual Min Startup Time": 0.149, "Actual Max Startup Time": 0.149, "Actual Min Total Time": 1136.935, "Actual Max Total Time": 1136.935, "Plans": [{"Node Type": "Hash Join", "Parent Relationship": "Outer", "Join Type": "Inner", "Startup Cost": 254738.78, "Total Cost": 387231.02, "Plan Rows": 1484588, "Plan Width": 20, "Actual Min Startup Time": 2400.847, "Actual Max Startup Time": 4561.54, "Actual Min Total Time": 6405.607, "Actual Max Total Time": 9204.271, "Inner Unique": false, "Hash Cond": "(a1.person_id = ci.person_id), (LLVM Optimized, Jit Execute)", "Plans": [{"Node Type": "Streaming(type: LOCAL REDISTRIBUTE dop: 64/1)", "Parent Relationship": "Outer", "Startup Cost": 202522.7, "Total Cost": 334446.0, "Plan Rows": 901342, "Plan Width": 24, "Actual Min Startup Time": 2082.179, "Actual Max Startup Time": 4189.143, "Actual Min Total Time": 5973.318, "Actual Max Total Time": 8689.53, "Plans": [{"Node Type": "Hash Join", "Parent Relationship": "Outer", "Join Type": "Inner", "Startup Cost": 202522.7, "Total Cost": 234824.58, "Plan Rows": 901342, "Plan Width": 24, "Actual Min Startup Time": 2391.386, "Actual Max Startup Time": 2391.386, "Actual Min Total Time": 3134.379, "Actual Max Total Time": 3134.379, "Inner Unique": true, "Hash Cond": "(a1.person_id = n1.id), (LLVM Optimized, Jit Execute)", "Plans": [{"Node Type": "Seq Scan", "Parent Relationship": "Outer", "Relation Name": "aka_name", "Alias": "a1", "Startup Cost": 0.0, "Total Cost": 19908.42, "Plan Rows": 901342, "Plan Width": 20, "Actual Min Startup Time": 0.031, "Actual Max Startup Time": 0.031, "Actual Min Total Time": 226.0, "Actual Max Total Time": 226.0, "Actual Rows": 901342}, {"Node Type": "Hash", "Parent Relationship": "Inner", "Startup Cost": 150429.08, "Total Cost": 150429.08, "Plan Rows": 4167490, "Plan Width": 4, "Actual Min Startup Time": 2388.72, "Actual Max Startup Time": 2388.72, "Actual Min Total Time": 2388.72, "Actual Max Total Time": 2388.72, "Max Hash Buckets": 4194304, "Min Hash Buckets": 4194304, "Max Hash Batches": 1, "Min Hash Batches": 1, "Max Original Hash Batches": 1, "Min Original Hash Batches": 1, "Max Peak Memory Usage": 146514, "min Peak Memory Usage": 146514, "Plans": [{"Node Type": "Streaming(type: LOCAL GATHER dop: 1/64)", "Parent Relationship": "Outer", "Startup Cost": 0.0, "Total Cost": 150429.08, "Plan Rows": 4167490, "Plan Width": 4, "Actual Min Startup Time": 0.144, "Actual Max Startup Time": 0.144, "Actual Min Total Time": 1203.473, "Actual Max Total Time": 1203.473, "Plans": [{"Node Type": "Seq Scan", "Parent Relationship": "Outer", "Relation Name": "name", "Alias": "n1", "Startup Cost": 0.0, "Total Cost": 64454.25, "Plan Rows": 4167490, "Plan Width": 4, "Actual Min Startup Time": 0.019, "Actual Max Startup Time": 0.041, "Actual Min Total Time": 18.918, "Actual Max Total Time": 22.367, "Actual Rows": 4167490}], "Actual Rows": 4167490}], "Actual Rows": 4167490}], "Actual Rows": 901342}], "Actual Rows": 901342}, {"Node Type": "Hash", "Parent Relationship": "Inner", "Startup Cost": 203464.29, "Total Cost": 203464.29, "Plan Rows": 3296318, "Plan Width": 8, "Actual Min Startup Time": 314.974, "Actual Max Startup Time": 620.859, "Actual Min Total Time": 314.974, "Actual Max Total Time": 620.859, "Max Hash Buckets": 65536, "Min Hash Buckets": 65536, "Max Hash Batches": 1, "Min Hash Batches": 1, "Max Original Hash Batches": 1, "Min Original Hash Batches": 1, "Max Peak Memory Usage": 1483, "min Peak Memory Usage": 1483, "Plans": [{"Node Type": "Streaming(type: LOCAL REDISTRIBUTE dop: 64/64)", "Parent Relationship": "Outer", "Startup Cost": 63002.48, "Total Cost": 203464.29, "Plan Rows": 3296318, "Plan Width": 8, "Actual Min Startup Time": 0.106, "Actual Max Startup Time": 297.598, "Actual Min Total Time": 304.117, "Actual Max Total Time": 610.951, "Plans": [{"Node Type": "Hash Join", "Parent Relationship": "Outer", "Join Type": "Inner", "Startup Cost": 63002.48, "Total Cost": 137341.8, "Plan Rows": 3296318, "Plan Width": 8, "Actual Min Startup Time": 151.808, "Actual Max Startup Time": 321.453, "Actual Min Total Time": 242.856, "Actual Max Total Time": 411.34, "Inner Unique": true, "Hash Cond": "(ci.role_id = rt.id), (LLVM Optimized, Jit Execute)", "Plans": [{"Node Type": "Seq Scan", "Parent Relationship": "Outer", "Relation Name": "cast_info", "Alias": "ci", "Startup Cost": 0.0, "Total Cost": 72404.34, "Plan Rows": 36259494, "Plan Width": 12, "Actual Min Startup Time": 0.025, "Actual Max Startup Time": 9.439, "Actual Min Total Time": 127.377, "Actual Max Total Time": 144.233, "Actual Rows": 36244343}, {"Node Type": "Hash", "Parent Relationship": "Inner", "Startup Cost": 63002.47, "Total Cost": 63002.47, "Plan Rows": 64, "Plan Width": 4, "Actual Min Startup Time": 0.011, "Actual Max Startup Time": 159.839, "Actual Min Total Time": 0.011, "Actual Max Total Time": 159.839, "Max Hash Buckets": 32768, "Min Hash Buckets": 32768, "Max Hash Batches": 1, "Min Hash Batches": 1, "Max Original Hash Batches": 1, "Min Original Hash Batches": 1, "Max Peak Memory Usage": 1, "min Peak Memory Usage": 1, "Plans": [{"Node Type": "Streaming(type: BROADCAST dop: 64/1)", "Parent Relationship": "Outer", "Startup Cost": 0.0, "Total Cost": 63002.47, "Plan Rows": 64, "Plan Width": 4, "Actual Min Startup Time": 0.003, "Actual Max Startup Time": 159.19, "Actual Min Total Time": 0.003, "Actual Max Total Time": 159.194, "Plans": [{"Node Type": "Seq Scan", "Parent Relationship": "Outer", "Relation Name": "role_type", "Alias": "rt", "Startup Cost": 0.0, "Total Cost": 1.15, "Plan Rows": 1, "Plan Width": 4, "Actual Min Startup Time": 0.04, "Actual Max Startup Time": 0.04, "Actual Min Total Time": 0.044, "Actual Max Total Time": 0.044, "Filter": "((role)::text = 'writer'::text)", "Rows Removed by Filter": 11, "Actual Rows": 1}], "Actual Rows": 64}], "Actual Rows": 64}], "Actual Rows": 2728943}], "Actual Rows": 2728943}], "Actual Rows": 2728943}], "Actual Rows": 2343724}], "Actual Rows": 2343724}, {"Node Type": "Hash", "Parent Relationship": "Inner", "Startup Cost": 169365.79, "Total Cost": 169365.79, "Plan Rows": 2609128, "Plan Width": 29, "Actual Min Startup Time": 4926.029, "Actual Max Startup Time": 4926.029, "Actual Min Total Time": 4926.029, "Actual Max Total Time": 4926.029, "Max Hash Buckets": 4194304, "Min Hash Buckets": 4194304, "Max Hash Batches": 1, "Min Hash Batches": 1, "Max Original Hash Batches": 1, "Min Original Hash Batches": 1, "Max Peak Memory Usage": 164769, "min Peak Memory Usage": 164769, "Plans": [{"Node Type": "Hash Join", "Parent Relationship": "Outer", "Join Type": "Inner", "Startup Cost": 91673.0, "Total Cost": 169365.79, "Plan Rows": 2609128, "Plan Width": 29, "Actual Min Startup Time": 1869.664, "Actual Max Startup Time": 1869.664, "Actual Min Total Time": 3974.511, "Actual Max Total Time": 3974.511, "Inner Unique": true, "Hash Cond": "(mc.movie_id = t.id), (LLVM Optimized, Jit Execute)", "Plans": [{"Node Type": "Seq Scan", "Parent Relationship": "Outer", "Relation Name": "movie_companies", "Alias": "mc", "Startup Cost": 0.0, "Total Cost": 41817.28, "Plan Rows": 2609128, "Plan Width": 8, "Actual Min Startup Time": 0.034, "Actual Max Startup Time": 0.034, "Actual Min Total Time": 573.13, "Actual Max Total Time": 573.13, "Actual Rows": 2609128}, {"Node Type": "Hash", "Parent Relationship": "Inner", "Startup Cost": 60069.11, "Total Cost": 60069.11, "Plan Rows": 2528311, "Plan Width": 21, "Actual Min Startup Time": 1867.154, "Actual Max Startup Time": 1867.154, "Actual Min Total Time": 1867.154, "Actual Max Total Time": 1867.154, "Max Hash Buckets": 4194304, "Min Hash Buckets": 4194304, "Max Hash Batches": 1, "Min Hash Batches": 1, "Max Original Hash Batches": 1, "Min Original Hash Batches": 1, "Max Peak Memory Usage": 135869, "min Peak Memory Usage": 135869, "Plans": [{"Node Type": "Seq Scan", "Parent Relationship": "Outer", "Relation Name": "title", "Alias": "t", "Startup Cost": 0.0, "Total Cost": 60069.11, "Plan Rows": 2528311, "Plan Width": 21, "Actual Min Startup Time": 0.025, "Actual Max Startup Time": 0.025, "Actual Min Total Time": 832.832, "Actual Max Total Time": 832.832, "Actual Rows": 2528311}], "Actual Rows": 2528311}], "Actual Rows": 2609128}], "Actual Rows": 2609128}], "Actual Rows": 4961427}, {"Node Type": "Hash", "Parent Relationship": "Inner", "Startup Cost": 5903.45, "Total Cost": 5903.45, "Plan Rows": 85170, "Plan Width": 4, "Actual Min Startup Time": 113.153, "Actual Max Startup Time": 113.153, "Actual Min Total Time": 113.153, "Actual Max Total Time": 113.153, "Max Hash Buckets": 131072, "Min Hash Buckets": 131072, "Max Hash Batches": 1, "Min Hash Batches": 1, "Max Original Hash Batches": 1, "Min Original Hash Batches": 1, "Max Peak Memory Usage": 2983, "min Peak Memory Usage": 2983, "Plans": [{"Node Type": "Seq Scan", "Parent Relationship": "Outer", "Relation Name": "company_name", "Alias": "cn", "Startup Cost": 0.0, "Total Cost": 5903.45, "Plan Rows": 85170, "Plan Width": 4, "Actual Min Startup Time": 0.07, "Actual Max Startup Time": 0.07, "Actual Min Total Time": 89.97, "Actual Max Total Time": 89.97, "Filter": "((country_code)::text = '[us]'::text)", "Rows Removed by Filter": 150153, "Actual Rows": 84843}], "Actual Rows": 84843}], "Actual Rows": 2487611}], "Actual Rows": 1}, "Triggers": [], "Planner Runtime": 172, "Total Runtime": 10708.533, "Unique SQL Id": 2457761703}}, "(64, 101)": {"explain_plan": {"Plan": {"Node Type": "Aggregate", "Strategy": "Plain", "Startup Cost": 760424.56, "Total Cost": 760424.57, "Plan Rows": 1, "Plan Width": 97, "Plans": [{"Node Type": "Hash Join", "Parent Relationship": "Outer", "Join Type": "Inner", "Startup Cost": 731743.89, "Total Cost": 758639.07, "Plan Rows": 357098, "Plan Width": 33, "Inner Unique": false, "Hash Cond": "(a1.person_id = n1.id), (LLVM Optimized)", "Plans": [{"Node Type": "Bitmap Heap Scan", "Parent Relationship": "Outer", "Relation Name": "aka_name", "Alias": "a1", "Startup Cost": 16632.3, "Total Cost": 36540.72, "Plan Rows": 901342, "Plan Width": 20, "Plans": [{"Node Type": "Bitmap Index Scan", "Parent Relationship": "Outer", "Index Name": "person_id_aka_name", "Startup Cost": 0.0, "Total Cost": 16406.96, "Plan Rows": 901342, "Plan Width": 0}]}, {"Node Type": "Hash", "Parent Relationship": "Inner", "Startup Cost": 706230.86, "Total Cost": 706230.86, "Plan Rows": 710459, "Plan Width": 25, "Plans": [{"Node Type": "Nested Loop", "Parent Relationship": "Outer", "Join Type": "Inner", "Startup Cost": 301568.43, "Total Cost": 706230.86, "Plan Rows": 710459, "Plan Width": 25, "Inner Unique": true, "Plans": [{"Node Type": "Hash Join", "Parent Relationship": "Outer", "Join Type": "Inner", "Startup Cost": 301568.43, "Total Cost": 502053.02, "Plan Rows": 710459, "Plan Width": 21, "Inner Unique": false, "Hash Cond": "(ci.movie_id = t.id), (LLVM Optimized)", "Plans": [{"Node Type": "Nested Loop", "Parent Relationship": "Outer", "Join Type": "Inner", "Startup Cost": 0.0, "Total Cost": 171418.25, "Plan Rows": 3296318, "Plan Width": 8, "Inner Unique": false, "Plans": [{"Node Type": "Index Scan", "Parent Relationship": "Outer", "Scan Direction": "Forward", "Index Name": "role_type_pkey", "Relation Name": "role_type", "Alias": "rt", "Startup Cost": 0.0, "Total Cost": 12.46, "Plan Rows": 1, "Plan Width": 4, "Filter": "((role)::text = 'writer'::text)"}, {"Node Type": "Index Scan", "Parent Relationship": "Inner", "Scan Direction": "Forward", "Index Name": "role_id_cast_info", "Relation Name": "cast_info", "Alias": "ci", "Startup Cost": 0.0, "Total Cost": 138442.61, "Plan Rows": 3296318, "Plan Width": 12, "Index Cond": "(role_id = rt.id), (LLVM Optimized)"}]}, {"Node Type": "Hash", "Parent Relationship": "Inner", "Startup Cost": 285539.54, "Total Cost": 285539.54, "Plan Rows": 1282311, "Plan Width": 25, "Plans": [{"Node Type": "Hash Join", "Parent Relationship": "Outer", "Join Type": "Inner", "Startup Cost": 203483.15, "Total Cost": 285539.54, "Plan Rows": 1282311, "Plan Width": 25, "Inner Unique": true, "Hash Cond": "(mc.movie_id = t.id), (LLVM Optimized)", "Plans": [{"Node Type": "Hash Join", "Parent Relationship": "Outer", "Join Type": "Inner", "Startup Cost": 61758.77, "Total Cost": 126183.39, "Plan Rows": 1282311, "Plan Width": 4, "Inner Unique": true, "Hash Cond": "(mc.company_id = cn.id), (LLVM Optimized)", "Plans": [{"Node Type": "Bitmap Heap Scan", "Parent Relationship": "Outer", "Relation Name": "movie_companies", "Alias": "mc", "Startup Cost": 51990.17, "Total Cost": 93807.45, "Plan Rows": 2609128, "Plan Width": 8, "Plans": [{"Node Type": "Bitmap Index Scan", "Parent Relationship": "Outer", "Index Name": "movie_id_movie_companies", "Startup Cost": 0.0, "Total Cost": 51337.89, "Plan Rows": 2609128, "Plan Width": 0}]}, {"Node Type": "Hash", "Parent Relationship": "Inner", "Startup Cost": 8703.97, "Total Cost": 8703.97, "Plan Rows": 85170, "Plan Width": 4, "Plans": [{"Node Type": "Bitmap Heap Scan", "Parent Relationship": "Outer", "Relation Name": "company_name", "Alias": "cn", "Startup Cost": 2800.52, "Total Cost": 8703.97, "Plan Rows": 85170, "Plan Width": 4, "Filter": "((country_code)::text = '[us]'::text)", "Plans": [{"Node Type": "Bitmap Index Scan", "Parent Relationship": "Outer", "Index Name": "company_name_pkey", "Startup Cost": 0.0, "Total Cost": 2779.23, "Plan Rows": 234996, "Plan Width": 0}]}]}]}, {"Node Type": "Hash", "Parent Relationship": "Inner", "Startup Cost": 110120.49, "Total Cost": 110120.49, "Plan Rows": 2528311, "Plan Width": 21, "Plans": [{"Node Type": "Index Scan", "Parent Relationship": "Outer", "Scan Direction": "Forward", "Index Name": "title_pkey", "Relation Name": "title", "Alias": "t", "Startup Cost": 0.0, "Total Cost": 110120.49, "Plan Rows": 2528311, "Plan Width": 21}]}]}]}]}, {"Node Type": "Index Scan", "Parent Relationship": "Inner", "Scan Direction": "Forward", "Index Name": "name_pkey", "Relation Name": "name", "Alias": "n1", "Startup Cost": 0.0, "Total Cost": 0.28, "Plan Rows": 1, "Plan Width": 4, "Index Cond": "(id = ci.person_id)"}]}]}]}]}, "Unique SQL Id": 2457761703, "Planner Runtime": 119}, "explain_analyze_plan": {"Plan": {"Node Type": "Aggregate", "Strategy": "Plain", "Startup Cost": 760424.56, "Total Cost": 760424.57, "Plan Rows": 1, "Plan Width": 97, "Actual Startup Time": 21451.966, "Actual Total Time": 21451.966, "Actual Rows": 1, "Actual Loops": 1, "Plans": [{"Node Type": "Hash Join", "Parent Relationship": "Outer", "Join Type": "Inner", "Startup Cost": 731743.89, "Total Cost": 758639.07, "Plan Rows": 357098, "Plan Width": 33, "Actual Startup Time": 19075.086, "Actual Total Time": 20324.994, "Actual Rows": 2487611, "Actual Loops": 1, "Inner Unique": false, "Hash Cond": "(a1.person_id = n1.id), (LLVM Optimized, Jit Execute)", "Plans": [{"Node Type": "Bitmap Heap Scan", "Parent Relationship": "Outer", "Relation Name": "aka_name", "Alias": "a1", "Startup Cost": 16632.3, "Total Cost": 36540.72, "Plan Rows": 901342, "Plan Width": 20, "Actual Startup Time": 87.631, "Actual Total Time": 415.362, "Actual Rows": 901342, "Actual Loops": 1, "Exact Heap Blocks": 10895, "Lossy Heap Blocks": 10895, "Plans": [{"Node Type": "Bitmap Index Scan", "Parent Relationship": "Outer", "Index Name": "person_id_aka_name", "Startup Cost": 0.0, "Total Cost": 16406.96, "Plan Rows": 901342, "Plan Width": 0, "Actual Startup Time": 85.687, "Actual Total Time": 85.687, "Actual Rows": 901342, "Actual Loops": 1}]}, {"Node Type": "Hash", "Parent Relationship": "Inner", "Startup Cost": 706230.86, "Total Cost": 706230.86, "Plan Rows": 710459, "Plan Width": 25, "Actual Startup Time": 18986.686, "Actual Total Time": 18986.686, "Actual Rows": 1970658, "Actual Loops": 1, "Hash Buckets": 1048576, "Hash Batches": 1, "Original Hash Batches": 1, "Peak Memory Usage": 112799, "Plans": [{"Node Type": "Nested Loop", "Parent Relationship": "Outer", "Join Type": "Inner", "Startup Cost": 301568.43, "Total Cost": 706230.86, "Plan Rows": 710459, "Plan Width": 25, "Actual Startup Time": 7638.207, "Actual Total Time": 18192.384, "Actual Rows": 1970658, "Actual Loops": 1, "Inner Unique": true, "Plans": [{"Node Type": "Hash Join", "Parent Relationship": "Outer", "Join Type": "Inner", "Startup Cost": 301568.43, "Total Cost": 502053.02, "Plan Rows": 710459, "Plan Width": 21, "Actual Startup Time": 7638.1, "Actual Total Time": 11156.141, "Actual Rows": 1970658, "Actual Loops": 1, "Inner Unique": false, "Hash Cond": "(ci.movie_id = t.id), (LLVM Optimized, Jit Execute)", "Plans": [{"Node Type": "Nested Loop", "Parent Relationship": "Outer", "Join Type": "Inner", "Startup Cost": 0.0, "Total Cost": 171418.25, "Plan Rows": 3296318, "Plan Width": 8, "Actual Startup Time": 0.093, "Actual Total Time": 1925.334, "Actual Rows": 2728943, "Actual Loops": 1, "Inner Unique": false, "Plans": [{"Node Type": "Index Scan", "Parent Relationship": "Outer", "Scan Direction": "Forward", "Index Name": "role_type_pkey", "Relation Name": "role_type", "Alias": "rt", "Startup Cost": 0.0, "Total Cost": 12.46, "Plan Rows": 1, "Plan Width": 4, "Actual Startup Time": 0.039, "Actual Total Time": 0.124, "Actual Rows": 1, "Actual Loops": 1, "Filter": "((role)::text = 'writer'::text)", "Rows Removed by Filter": 11}, {"Node Type": "Index Scan", "Parent Relationship": "Inner", "Scan Direction": "Forward", "Index Name": "role_id_cast_info", "Relation Name": "cast_info", "Alias": "ci", "Startup Cost": 0.0, "Total Cost": 138442.61, "Plan Rows": 3296318, "Plan Width": 12, "Actual Startup Time": 0.043, "Actual Total Time": 1377.599, "Actual Rows": 2728943, "Actual Loops": 1, "Index Cond": "(role_id = rt.id), (LLVM Optimized, Jit Execute)", "Rows Removed by Index Recheck": 0}]}, {"Node Type": "Hash", "Parent Relationship": "Inner", "Startup Cost": 285539.54, "Total Cost": 285539.54, "Plan Rows": 1282311, "Plan Width": 25, "Actual Startup Time": 7632.452, "Actual Total Time": 7632.452, "Actual Rows": 1153797, "Actual Loops": 1, "Hash Buckets": 2097152, "Hash Batches": 1, "Original Hash Batches": 1, "Peak Memory Usage": 68508, "Plans": [{"Node Type": "Hash Join", "Parent Relationship": "Outer", "Join Type": "Inner", "Startup Cost": 203483.15, "Total Cost": 285539.54, "Plan Rows": 1282311, "Plan Width": 25, "Actual Startup Time": 4862.341, "Actual Total Time": 7195.507, "Actual Rows": 1153797, "Actual Loops": 1, "Inner Unique": true, "Hash Cond": "(mc.movie_id = t.id), (LLVM Optimized, Jit Execute)", "Plans": [{"Node Type": "Hash Join", "Parent Relationship": "Outer", "Join Type": "Inner", "Startup Cost": 61758.77, "Total Cost": 126183.39, "Plan Rows": 1282311, "Plan Width": 4, "Actual Startup Time": 406.764, "Actual Total Time": 2043.955, "Actual Rows": 1153797, "Actual Loops": 1, "Inner Unique": true, "Hash Cond": "(mc.company_id = cn.id), (LLVM Optimized, Jit Execute)", "Plans": [{"Node Type": "Bitmap Heap Scan", "Parent Relationship": "Outer", "Relation Name": "movie_companies", "Alias": "mc", "Startup Cost": 51990.17, "Total Cost": 93807.45, "Plan Rows": 2609128, "Plan Width": 8, "Actual Startup Time": 217.941, "Actual Total Time": 1032.431, "Actual Rows": 2609128, "Actual Loops": 1, "Exact Heap Blocks": 15726, "Lossy Heap Blocks": 15726, "Plans": [{"Node Type": "Bitmap Index Scan", "Parent Relationship": "Outer", "Index Name": "movie_id_movie_companies", "Startup Cost": 0.0, "Total Cost": 51337.89, "Plan Rows": 2609128, "Plan Width": 0, "Actual Startup Time": 214.293, "Actual Total Time": 214.293, "Actual Rows": 2609128, "Actual Loops": 1}]}, {"Node Type": "Hash", "Parent Relationship": "Inner", "Startup Cost": 8703.97, "Total Cost": 8703.97, "Plan Rows": 85170, "Plan Width": 4, "Actual Startup Time": 188.701, "Actual Total Time": 188.701, "Actual Rows": 84843, "Actual Loops": 1, "Hash Buckets": 131072, "Hash Batches": 1, "Original Hash Batches": 1, "Peak Memory Usage": 2983, "Plans": [{"Node Type": "Bitmap Heap Scan", "Parent Relationship": "Outer", "Relation Name": "company_name", "Alias": "cn", "Startup Cost": 2800.52, "Total Cost": 8703.97, "Plan Rows": 85170, "Plan Width": 4, "Actual Startup Time": 23.144, "Actual Total Time": 166.77, "Actual Rows": 84843, "Actual Loops": 1, "Filter": "((country_code)::text = '[us]'::text)", "Rows Removed by Filter": 150153, "Exact Heap Blocks": 2966, "Lossy Heap Blocks": 2966, "Plans": [{"Node Type": "Bitmap Index Scan", "Parent Relationship": "Outer", "Index Name": "company_name_pkey", "Startup Cost": 0.0, "Total Cost": 2779.23, "Plan Rows": 234996, "Plan Width": 0, "Actual Startup Time": 22.665, "Actual Total Time": 22.665, "Actual Rows": 234996, "Actual Loops": 1}]}]}]}, {"Node Type": "Hash", "Parent Relationship": "Inner", "Startup Cost": 110120.49, "Total Cost": 110120.49, "Plan Rows": 2528311, "Plan Width": 21, "Actual Startup Time": 4452.99, "Actual Total Time": 4452.99, "Actual Rows": 2528311, "Actual Loops": 1, "Hash Buckets": 4194304, "Hash Batches": 1, "Original Hash Batches": 1, "Peak Memory Usage": 135869, "Plans": [{"Node Type": "Index Scan", "Parent Relationship": "Outer", "Scan Direction": "Forward", "Index Name": "title_pkey", "Relation Name": "title", "Alias": "t", "Startup Cost": 0.0, "Total Cost": 110120.49, "Plan Rows": 2528311, "Plan Width": 21, "Actual Startup Time": 0.041, "Actual Total Time": 3166.458, "Actual Rows": 2528311, "Actual Loops": 1}]}]}]}]}, {"Node Type": "Index Scan", "Parent Relationship": "Inner", "Scan Direction": "Forward", "Index Name": "name_pkey", "Relation Name": "name", "Alias": "n1", "Startup Cost": 0.0, "Total Cost": 0.28, "Plan Rows": 1, "Plan Width": 4, "Actual Startup Time": 5516.037, "Actual Total Time": 5516.037, "Actual Rows": 1970658, "Actual Loops": 1970658, "Index Cond": "(id = ci.person_id)", "Rows Removed by Index Recheck": 0}]}]}]}]}, "Triggers": [], "Planner Runtime": 119, "Total Runtime": 21466.88, "Unique SQL Id": 2457761703}}, "(64, 102)": {"explain_plan": {"Plan": {"Node Type": "Aggregate", "Strategy": "Plain", "Startup Cost": 528738.29, "Total Cost": 528738.3, "Plan Rows": 1, "Plan Width": 97, "Plans": [{"Node Type": "Hash Join", "Parent Relationship": "Outer", "Join Type": "Inner", "Startup Cost": 336662.4, "Total Cost": 526952.8, "Plan Rows": 357098, "Plan Width": 33, "Inner Unique": true, "Hash Cond": "(mc.company_id = cn.id), (LLVM Optimized)", "Plans": [{"Node Type": "Hash Join", "Parent Relationship": "Outer", "Join Type": "Inner", "Startup Cost": 329694.33, "Total Cost": 513689.03, "Plan Rows": 726589, "Plan Width": 37, "Inner Unique": false, "Hash Cond": "(ci.movie_id = t.id), (LLVM Optimized)", "Plans": [{"Node Type": "Streaming(type: LOCAL GATHER dop: 1/64)", "Parent Relationship": "Outer", "Startup Cost": 254738.78, "Total Cost": 417857.9, "Plan Rows": 1484588, "Plan Width": 20, "Plans": [{"Node Type": "Hash Join", "Parent Relationship": "Outer", "Join Type": "Inner", "Startup Cost": 254738.78, "Total Cost": 387231.02, "Plan Rows": 1484588, "Plan Width": 20, "Inner Unique": false, "Hash Cond": "(a1.person_id = ci.person_id), (LLVM Optimized)", "Plans": [{"Node Type": "Streaming(type: LOCAL REDISTRIBUTE dop: 64/1)", "Parent Relationship": "Outer", "Startup Cost": 202522.7, "Total Cost": 334446.0, "Plan Rows": 901342, "Plan Width": 24, "Plans": [{"Node Type": "Hash Join", "Parent Relationship": "Outer", "Join Type": "Inner", "Startup Cost": 202522.7, "Total Cost": 234824.58, "Plan Rows": 901342, "Plan Width": 24, "Inner Unique": true, "Hash Cond": "(a1.person_id = n1.id), (LLVM Optimized)", "Plans": [{"Node Type": "Seq Scan", "Parent Relationship": "Outer", "Relation Name": "aka_name", "Alias": "a1", "Startup Cost": 0.0, "Total Cost": 19908.42, "Plan Rows": 901342, "Plan Width": 20}, {"Node Type": "Hash", "Parent Relationship": "Inner", "Startup Cost": 150429.08, "Total Cost": 150429.08, "Plan Rows": 4167490, "Plan Width": 4, "Plans": [{"Node Type": "Streaming(type: LOCAL GATHER dop: 1/64)", "Parent Relationship": "Outer", "Startup Cost": 0.0, "Total Cost": 150429.08, "Plan Rows": 4167490, "Plan Width": 4, "Plans": [{"Node Type": "Seq Scan", "Parent Relationship": "Outer", "Relation Name": "name", "Alias": "n1", "Startup Cost": 0.0, "Total Cost": 64454.25, "Plan Rows": 4167490, "Plan Width": 4}]}]}]}]}, {"Node Type": "Hash", "Parent Relationship": "Inner", "Startup Cost": 203464.29, "Total Cost": 203464.29, "Plan Rows": 3296318, "Plan Width": 8, "Plans": [{"Node Type": "Streaming(type: LOCAL REDISTRIBUTE dop: 64/64)", "Parent Relationship": "Outer", "Startup Cost": 63002.48, "Total Cost": 203464.29, "Plan Rows": 3296318, "Plan Width": 8, "Plans": [{"Node Type": "Hash Join", "Parent Relationship": "Outer", "Join Type": "Inner", "Startup Cost": 63002.48, "Total Cost": 137341.8, "Plan Rows": 3296318, "Plan Width": 8, "Inner Unique": true, "Hash Cond": "(ci.role_id = rt.id), (LLVM Optimized)", "Plans": [{"Node Type": "Seq Scan", "Parent Relationship": "Outer", "Relation Name": "cast_info", "Alias": "ci", "Startup Cost": 0.0, "Total Cost": 72404.34, "Plan Rows": 36259494, "Plan Width": 12}, {"Node Type": "Hash", "Parent Relationship": "Inner", "Startup Cost": 63002.47, "Total Cost": 63002.47, "Plan Rows": 64, "Plan Width": 4, "Plans": [{"Node Type": "Streaming(type: BROADCAST dop: 64/1)", "Parent Relationship": "Outer", "Startup Cost": 0.0, "Total Cost": 63002.47, "Plan Rows": 64, "Plan Width": 4, "Plans": [{"Node Type": "Seq Scan", "Parent Relationship": "Outer", "Relation Name": "role_type", "Alias": "rt", "Startup Cost": 0.0, "Total Cost": 1.15, "Plan Rows": 1, "Plan Width": 4, "Filter": "((role)::text = 'writer'::text)"}]}]}]}]}]}]}]}, {"Node Type": "Hash", "Parent Relationship": "Inner", "Startup Cost": 169365.79, "Total Cost": 169365.79, "Plan Rows": 2609128, "Plan Width": 29, "Plans": [{"Node Type": "Hash Join", "Parent Relationship": "Outer", "Join Type": "Inner", "Startup Cost": 91673.0, "Total Cost": 169365.79, "Plan Rows": 2609128, "Plan Width": 29, "Inner Unique": true, "Hash Cond": "(mc.movie_id = t.id), (LLVM Optimized)", "Plans": [{"Node Type": "Seq Scan", "Parent Relationship": "Outer", "Relation Name": "movie_companies", "Alias": "mc", "Startup Cost": 0.0, "Total Cost": 41817.28, "Plan Rows": 2609128, "Plan Width": 8}, {"Node Type": "Hash", "Parent Relationship": "Inner", "Startup Cost": 60069.11, "Total Cost": 60069.11, "Plan Rows": 2528311, "Plan Width": 21, "Plans": [{"Node Type": "Seq Scan", "Parent Relationship": "Outer", "Relation Name": "title", "Alias": "t", "Startup Cost": 0.0, "Total Cost": 60069.11, "Plan Rows": 2528311, "Plan Width": 21}]}]}]}]}, {"Node Type": "Hash", "Parent Relationship": "Inner", "Startup Cost": 5903.45, "Total Cost": 5903.45, "Plan Rows": 85170, "Plan Width": 4, "Plans": [{"Node Type": "Seq Scan", "Parent Relationship": "Outer", "Relation Name": "company_name", "Alias": "cn", "Startup Cost": 0.0, "Total Cost": 5903.45, "Plan Rows": 85170, "Plan Width": 4, "Filter": "((country_code)::text = '[us]'::text)"}]}]}]}, "Unique SQL Id": 2457761703, "Planner Runtime": 153}, "explain_analyze_plan": {"Plan": {"Node Type": "Aggregate", "Strategy": "Plain", "Startup Cost": 528738.29, "Total Cost": 528738.3, "Plan Rows": 1, "Plan Width": 97, "Actual Min Startup Time": 10653.339, "Actual Max Startup Time": 10653.339, "Actual Min Total Time": 10653.34, "Actual Max Total Time": 10653.34, "Plans": [{"Node Type": "Hash Join", "Parent Relationship": "Outer", "Join Type": "Inner", "Startup Cost": 336662.4, "Total Cost": 526952.8, "Plan Rows": 357098, "Plan Width": 33, "Actual Min Startup Time": 5045.785, "Actual Max Startup Time": 5045.785, "Actual Min Total Time": 9470.761, "Actual Max Total Time": 9470.761, "Inner Unique": true, "Hash Cond": "(mc.company_id = cn.id), (LLVM Optimized, Jit Execute)", "Plans": [{"Node Type": "Hash Join", "Parent Relationship": "Outer", "Join Type": "Inner", "Startup Cost": 329694.33, "Total Cost": 513689.03, "Plan Rows": 726589, "Plan Width": 37, "Actual Min Startup Time": 4932.473, "Actual Max Startup Time": 4932.473, "Actual Min Total Time": 8014.504, "Actual Max Total Time": 8014.504, "Inner Unique": false, "Hash Cond": "(ci.movie_id = t.id), (LLVM Optimized, Jit Execute)", "Plans": [{"Node Type": "Streaming(type: LOCAL GATHER dop: 1/64)", "Parent Relationship": "Outer", "Startup Cost": 254738.78, "Total Cost": 417857.9, "Plan Rows": 1484588, "Plan Width": 20, "Actual Min Startup Time": 0.149, "Actual Max Startup Time": 0.149, "Actual Min Total Time": 1136.935, "Actual Max Total Time": 1136.935, "Plans": [{"Node Type": "Hash Join", "Parent Relationship": "Outer", "Join Type": "Inner", "Startup Cost": 254738.78, "Total Cost": 387231.02, "Plan Rows": 1484588, "Plan Width": 20, "Actual Min Startup Time": 2400.847, "Actual Max Startup Time": 4561.54, "Actual Min Total Time": 6405.607, "Actual Max Total Time": 9204.271, "Inner Unique": false, "Hash Cond": "(a1.person_id = ci.person_id), (LLVM Optimized, Jit Execute)", "Plans": [{"Node Type": "Streaming(type: LOCAL REDISTRIBUTE dop: 64/1)", "Parent Relationship": "Outer", "Startup Cost": 202522.7, "Total Cost": 334446.0, "Plan Rows": 901342, "Plan Width": 24, "Actual Min Startup Time": 2082.179, "Actual Max Startup Time": 4189.143, "Actual Min Total Time": 5973.318, "Actual Max Total Time": 8689.53, "Plans": [{"Node Type": "Hash Join", "Parent Relationship": "Outer", "Join Type": "Inner", "Startup Cost": 202522.7, "Total Cost": 234824.58, "Plan Rows": 901342, "Plan Width": 24, "Actual Min Startup Time": 2391.386, "Actual Max Startup Time": 2391.386, "Actual Min Total Time": 3134.379, "Actual Max Total Time": 3134.379, "Inner Unique": true, "Hash Cond": "(a1.person_id = n1.id), (LLVM Optimized, Jit Execute)", "Plans": [{"Node Type": "Seq Scan", "Parent Relationship": "Outer", "Relation Name": "aka_name", "Alias": "a1", "Startup Cost": 0.0, "Total Cost": 19908.42, "Plan Rows": 901342, "Plan Width": 20, "Actual Min Startup Time": 0.031, "Actual Max Startup Time": 0.031, "Actual Min Total Time": 226.0, "Actual Max Total Time": 226.0, "Actual Rows": 901342}, {"Node Type": "Hash", "Parent Relationship": "Inner", "Startup Cost": 150429.08, "Total Cost": 150429.08, "Plan Rows": 4167490, "Plan Width": 4, "Actual Min Startup Time": 2388.72, "Actual Max Startup Time": 2388.72, "Actual Min Total Time": 2388.72, "Actual Max Total Time": 2388.72, "Max Hash Buckets": 4194304, "Min Hash Buckets": 4194304, "Max Hash Batches": 1, "Min Hash Batches": 1, "Max Original Hash Batches": 1, "Min Original Hash Batches": 1, "Max Peak Memory Usage": 146514, "min Peak Memory Usage": 146514, "Plans": [{"Node Type": "Streaming(type: LOCAL GATHER dop: 1/64)", "Parent Relationship": "Outer", "Startup Cost": 0.0, "Total Cost": 150429.08, "Plan Rows": 4167490, "Plan Width": 4, "Actual Min Startup Time": 0.144, "Actual Max Startup Time": 0.144, "Actual Min Total Time": 1203.473, "Actual Max Total Time": 1203.473, "Plans": [{"Node Type": "Seq Scan", "Parent Relationship": "Outer", "Relation Name": "name", "Alias": "n1", "Startup Cost": 0.0, "Total Cost": 64454.25, "Plan Rows": 4167490, "Plan Width": 4, "Actual Min Startup Time": 0.019, "Actual Max Startup Time": 0.041, "Actual Min Total Time": 18.918, "Actual Max Total Time": 22.367, "Actual Rows": 4167490}], "Actual Rows": 4167490}], "Actual Rows": 4167490}], "Actual Rows": 901342}], "Actual Rows": 901342}, {"Node Type": "Hash", "Parent Relationship": "Inner", "Startup Cost": 203464.29, "Total Cost": 203464.29, "Plan Rows": 3296318, "Plan Width": 8, "Actual Min Startup Time": 314.974, "Actual Max Startup Time": 620.859, "Actual Min Total Time": 314.974, "Actual Max Total Time": 620.859, "Max Hash Buckets": 65536, "Min Hash Buckets": 65536, "Max Hash Batches": 1, "Min Hash Batches": 1, "Max Original Hash Batches": 1, "Min Original Hash Batches": 1, "Max Peak Memory Usage": 1483, "min Peak Memory Usage": 1483, "Plans": [{"Node Type": "Streaming(type: LOCAL REDISTRIBUTE dop: 64/64)", "Parent Relationship": "Outer", "Startup Cost": 63002.48, "Total Cost": 203464.29, "Plan Rows": 3296318, "Plan Width": 8, "Actual Min Startup Time": 0.106, "Actual Max Startup Time": 297.598, "Actual Min Total Time": 304.117, "Actual Max Total Time": 610.951, "Plans": [{"Node Type": "Hash Join", "Parent Relationship": "Outer", "Join Type": "Inner", "Startup Cost": 63002.48, "Total Cost": 137341.8, "Plan Rows": 3296318, "Plan Width": 8, "Actual Min Startup Time": 151.808, "Actual Max Startup Time": 321.453, "Actual Min Total Time": 242.856, "Actual Max Total Time": 411.34, "Inner Unique": true, "Hash Cond": "(ci.role_id = rt.id), (LLVM Optimized, Jit Execute)", "Plans": [{"Node Type": "Seq Scan", "Parent Relationship": "Outer", "Relation Name": "cast_info", "Alias": "ci", "Startup Cost": 0.0, "Total Cost": 72404.34, "Plan Rows": 36259494, "Plan Width": 12, "Actual Min Startup Time": 0.025, "Actual Max Startup Time": 9.439, "Actual Min Total Time": 127.377, "Actual Max Total Time": 144.233, "Actual Rows": 36244343}, {"Node Type": "Hash", "Parent Relationship": "Inner", "Startup Cost": 63002.47, "Total Cost": 63002.47, "Plan Rows": 64, "Plan Width": 4, "Actual Min Startup Time": 0.011, "Actual Max Startup Time": 159.839, "Actual Min Total Time": 0.011, "Actual Max Total Time": 159.839, "Max Hash Buckets": 32768, "Min Hash Buckets": 32768, "Max Hash Batches": 1, "Min Hash Batches": 1, "Max Original Hash Batches": 1, "Min Original Hash Batches": 1, "Max Peak Memory Usage": 1, "min Peak Memory Usage": 1, "Plans": [{"Node Type": "Streaming(type: BROADCAST dop: 64/1)", "Parent Relationship": "Outer", "Startup Cost": 0.0, "Total Cost": 63002.47, "Plan Rows": 64, "Plan Width": 4, "Actual Min Startup Time": 0.003, "Actual Max Startup Time": 159.19, "Actual Min Total Time": 0.003, "Actual Max Total Time": 159.194, "Plans": [{"Node Type": "Seq Scan", "Parent Relationship": "Outer", "Relation Name": "role_type", "Alias": "rt", "Startup Cost": 0.0, "Total Cost": 1.15, "Plan Rows": 1, "Plan Width": 4, "Actual Min Startup Time": 0.04, "Actual Max Startup Time": 0.04, "Actual Min Total Time": 0.044, "Actual Max Total Time": 0.044, "Filter": "((role)::text = 'writer'::text)", "Rows Removed by Filter": 11, "Actual Rows": 1}], "Actual Rows": 64}], "Actual Rows": 64}], "Actual Rows": 2728943}], "Actual Rows": 2728943}], "Actual Rows": 2728943}], "Actual Rows": 2343724}], "Actual Rows": 2343724}, {"Node Type": "Hash", "Parent Relationship": "Inner", "Startup Cost": 169365.79, "Total Cost": 169365.79, "Plan Rows": 2609128, "Plan Width": 29, "Actual Min Startup Time": 4926.029, "Actual Max Startup Time": 4926.029, "Actual Min Total Time": 4926.029, "Actual Max Total Time": 4926.029, "Max Hash Buckets": 4194304, "Min Hash Buckets": 4194304, "Max Hash Batches": 1, "Min Hash Batches": 1, "Max Original Hash Batches": 1, "Min Original Hash Batches": 1, "Max Peak Memory Usage": 164769, "min Peak Memory Usage": 164769, "Plans": [{"Node Type": "Hash Join", "Parent Relationship": "Outer", "Join Type": "Inner", "Startup Cost": 91673.0, "Total Cost": 169365.79, "Plan Rows": 2609128, "Plan Width": 29, "Actual Min Startup Time": 1869.664, "Actual Max Startup Time": 1869.664, "Actual Min Total Time": 3974.511, "Actual Max Total Time": 3974.511, "Inner Unique": true, "Hash Cond": "(mc.movie_id = t.id), (LLVM Optimized, Jit Execute)", "Plans": [{"Node Type": "Seq Scan", "Parent Relationship": "Outer", "Relation Name": "movie_companies", "Alias": "mc", "Startup Cost": 0.0, "Total Cost": 41817.28, "Plan Rows": 2609128, "Plan Width": 8, "Actual Min Startup Time": 0.034, "Actual Max Startup Time": 0.034, "Actual Min Total Time": 573.13, "Actual Max Total Time": 573.13, "Actual Rows": 2609128}, {"Node Type": "Hash", "Parent Relationship": "Inner", "Startup Cost": 60069.11, "Total Cost": 60069.11, "Plan Rows": 2528311, "Plan Width": 21, "Actual Min Startup Time": 1867.154, "Actual Max Startup Time": 1867.154, "Actual Min Total Time": 1867.154, "Actual Max Total Time": 1867.154, "Max Hash Buckets": 4194304, "Min Hash Buckets": 4194304, "Max Hash Batches": 1, "Min Hash Batches": 1, "Max Original Hash Batches": 1, "Min Original Hash Batches": 1, "Max Peak Memory Usage": 135869, "min Peak Memory Usage": 135869, "Plans": [{"Node Type": "Seq Scan", "Parent Relationship": "Outer", "Relation Name": "title", "Alias": "t", "Startup Cost": 0.0, "Total Cost": 60069.11, "Plan Rows": 2528311, "Plan Width": 21, "Actual Min Startup Time": 0.025, "Actual Max Startup Time": 0.025, "Actual Min Total Time": 832.832, "Actual Max Total Time": 832.832, "Actual Rows": 2528311}], "Actual Rows": 2528311}], "Actual Rows": 2609128}], "Actual Rows": 2609128}], "Actual Rows": 4961427}, {"Node Type": "Hash", "Parent Relationship": "Inner", "Startup Cost": 5903.45, "Total Cost": 5903.45, "Plan Rows": 85170, "Plan Width": 4, "Actual Min Startup Time": 113.153, "Actual Max Startup Time": 113.153, "Actual Min Total Time": 113.153, "Actual Max Total Time": 113.153, "Max Hash Buckets": 131072, "Min Hash Buckets": 131072, "Max Hash Batches": 1, "Min Hash Batches": 1, "Max Original Hash Batches": 1, "Min Original Hash Batches": 1, "Max Peak Memory Usage": 2983, "min Peak Memory Usage": 2983, "Plans": [{"Node Type": "Seq Scan", "Parent Relationship": "Outer", "Relation Name": "company_name", "Alias": "cn", "Startup Cost": 0.0, "Total Cost": 5903.45, "Plan Rows": 85170, "Plan Width": 4, "Actual Min Startup Time": 0.07, "Actual Max Startup Time": 0.07, "Actual Min Total Time": 89.97, "Actual Max Total Time": 89.97, "Filter": "((country_code)::text = '[us]'::text)", "Rows Removed by Filter": 150153, "Actual Rows": 84843}], "Actual Rows": 84843}], "Actual Rows": 2487611}], "Actual Rows": 1}, "Triggers": [], "Planner Runtime": 172, "Total Runtime": 10708.533, "Unique SQL Id": 2457761703}}, "(64, 103)": {"explain_plan": {"Plan": {"Node Type": "Aggregate", "Strategy": "Plain", "Startup Cost": 1013578.73, "Total Cost": 1013578.74, "Plan Rows": 1, "Plan Width": 97, "Plans": [{"Node Type": "Hash Join", "Parent Relationship": "Outer", "Join Type": "Inner", "Startup Cost": 985285.55, "Total Cost": 1011793.24, "Plan Rows": 357098, "Plan Width": 33, "Inner Unique": false, "Hash Cond": "(a1.person_id = n1.id), (LLVM Optimized)", "Plans": [{"Node Type": "Bitmap Heap Scan", "Parent Relationship": "Outer", "Relation Name": "aka_name", "Alias": "a1", "Startup Cost": 16632.3, "Total Cost": 36540.72, "Plan Rows": 901342, "Plan Width": 20, "Plans": [{"Node Type": "Bitmap Index Scan", "Parent Relationship": "Outer", "Index Name": "person_id_aka_name", "Startup Cost": 0.0, "Total Cost": 16406.96, "Plan Rows": 901342, "Plan Width": 0}]}, {"Node Type": "Hash", "Parent Relationship": "Inner", "Startup Cost": 959772.51, "Total Cost": 959772.51, "Plan Rows": 710459, "Plan Width": 25, "Plans": [{"Node Type": "Hash Join", "Parent Relationship": "Outer", "Join Type": "Inner", "Startup Cost": 607483.06, "Total Cost": 959772.51, "Plan Rows": 710459, "Plan Width": 25, "Inner Unique": true, "Hash Cond": "(ci.person_id = n1.id), (LLVM Optimized)", "Plans": [{"Node Type": "Hash Join", "Parent Relationship": "Outer", "Join Type": "Inner", "Startup Cost": 378117.96, "Total Cost": 720638.61, "Plan Rows": 710459, "Plan Width": 21, "Inner Unique": false, "Hash Cond": "(ci.movie_id = t.id), (LLVM Optimized)", "Plans": [{"Node Type": "Nested Loop", "Parent Relationship": "Outer", "Join Type": "Inner", "Startup Cost": 76315.02, "Total Cost": 389769.33, "Plan Rows": 3296318, "Plan Width": 8, "Inner Unique": false, "Plans": [{"Node Type": "Bitmap Heap Scan", "Parent Relationship": "Outer", "Relation Name": "role_type", "Alias": "rt", "Startup Cost": 8.31, "Total Cost": 12.46, "Plan Rows": 1, "Plan Width": 4, "Filter": "((role)::text = 'writer'::text)", "Plans": [{"Node Type": "Bitmap Index Scan", "Parent Relationship": "Outer", "Index Name": "role_type_pkey", "Startup Cost": 0.0, "Total Cost": 8.31, "Plan Rows": 12, "Plan Width": 0}]}, {"Node Type": "Bitmap Heap Scan", "Parent Relationship": "Inner", "Relation Name": "cast_info", "Alias": "ci", "Startup Cost": 76306.71, "Total Cost": 356793.69, "Plan Rows": 3296318, "Plan Width": 12, "Recheck Cond": "(role_id = rt.id), (LLVM Optimized)", "Plans": [{"Node Type": "Bitmap Index Scan", "Parent Relationship": "Outer", "Index Name": "role_id_cast_info", "Startup Cost": 0.0, "Total Cost": 75482.63, "Plan Rows": 3296318, "Plan Width": 0, "Index Cond": "(role_id = rt.id)"}]}]}, {"Node Type": "Hash", "Parent Relationship": "Inner", "Startup Cost": 285774.05, "Total Cost": 285774.05, "Plan Rows": 1282311, "Plan Width": 25, "Plans": [{"Node Type": "Hash Join", "Parent Relationship": "Outer", "Join Type": "Inner", "Startup Cost": 203717.65, "Total Cost": 285774.05, "Plan Rows": 1282311, "Plan Width": 25, "Inner Unique": true, "Hash Cond": "(mc.movie_id = t.id), (LLVM Optimized)", "Plans": [{"Node Type": "Hash Join", "Parent Relationship": "Outer", "Join Type": "Inner", "Startup Cost": 61758.77, "Total Cost": 126183.39, "Plan Rows": 1282311, "Plan Width": 4, "Inner Unique": true, "Hash Cond": "(mc.company_id = cn.id), (LLVM Optimized)", "Plans": [{"Node Type": "Bitmap Heap Scan", "Parent Relationship": "Outer", "Relation Name": "movie_companies", "Alias": "mc", "Startup Cost": 51990.17, "Total Cost": 93807.45, "Plan Rows": 2609128, "Plan Width": 8, "Plans": [{"Node Type": "Bitmap Index Scan", "Parent Relationship": "Outer", "Index Name": "movie_id_movie_companies", "Startup Cost": 0.0, "Total Cost": 51337.89, "Plan Rows": 2609128, "Plan Width": 0}]}, {"Node Type": "Hash", "Parent Relationship": "Inner", "Startup Cost": 8703.97, "Total Cost": 8703.97, "Plan Rows": 85170, "Plan Width": 4, "Plans": [{"Node Type": "Bitmap Heap Scan", "Parent Relationship": "Outer", "Relation Name": "company_name", "Alias": "cn", "Startup Cost": 2800.52, "Total Cost": 8703.97, "Plan Rows": 85170, "Plan Width": 4, "Filter": "((country_code)::text = '[us]'::text)", "Plans": [{"Node Type": "Bitmap Index Scan", "Parent Relationship": "Outer", "Index Name": "company_name_pkey", "Startup Cost": 0.0, "Total Cost": 2779.23, "Plan Rows": 234996, "Plan Width": 0}]}]}]}, {"Node Type": "Hash", "Parent Relationship": "Inner", "Startup Cost": 110354.99, "Total Cost": 110354.99, "Plan Rows": 2528311, "Plan Width": 21, "Plans": [{"Node Type": "Bitmap Heap Scan", "Parent Relationship": "Outer", "Relation Name": "title", "Alias": "t", "Startup Cost": 50285.88, "Total Cost": 110354.99, "Plan Rows": 2528311, "Plan Width": 21, "Plans": [{"Node Type": "Bitmap Index Scan", "Parent Relationship": "Outer", "Index Name": "title_pkey", "Startup Cost": 0.0, "Total Cost": 49653.81, "Plan Rows": 2528311, "Plan Width": 0}]}]}]}]}]}, {"Node Type": "Hash", "Parent Relationship": "Inner", "Startup Cost": 177271.47, "Total Cost": 177271.47, "Plan Rows": 4167490, "Plan Width": 4, "Plans": [{"Node Type": "Bitmap Heap Scan", "Parent Relationship": "Outer", "Relation Name": "name", "Alias": "n1", "Startup Cost": 84199.57, "Total Cost": 177271.47, "Plan Rows": 4167490, "Plan Width": 4, "Plans": [{"Node Type": "Bitmap Index Scan", "Parent Relationship": "Outer", "Index Name": "name_pkey", "Startup Cost": 0.0, "Total Cost": 83157.7, "Plan Rows": 4167490, "Plan Width": 0}]}]}]}]}]}]}, "Unique SQL Id": 2457761703, "Planner Runtime": 49}, "explain_analyze_plan": {"Plan": {"Node Type": "Aggregate", "Strategy": "Plain", "Startup Cost": 1013578.73, "Total Cost": 1013578.74, "Plan Rows": 1, "Plan Width": 97, "Actual Startup Time": 16862.492, "Actual Total Time": 16862.492, "Actual Rows": 1, "Actual Loops": 1, "Plans": [{"Node Type": "Hash Join", "Parent Relationship": "Outer", "Join Type": "Inner", "Startup Cost": 985285.55, "Total Cost": 1011793.24, "Plan Rows": 357098, "Plan Width": 33, "Actual Startup Time": 14323.785, "Actual Total Time": 15724.573, "Actual Rows": 2487611, "Actual Loops": 1, "Inner Unique": false, "Hash Cond": "(a1.person_id = n1.id), (LLVM Optimized, Jit Execute)", "Plans": [{"Node Type": "Bitmap Heap Scan", "Parent Relationship": "Outer", "Relation Name": "aka_name", "Alias": "a1", "Startup Cost": 16632.3, "Total Cost": 36540.72, "Plan Rows": 901342, "Plan Width": 20, "Actual Startup Time": 102.848, "Actual Total Time": 449.182, "Actual Rows": 901342, "Actual Loops": 1, "Exact Heap Blocks": 10895, "Lossy Heap Blocks": 10895, "Plans": [{"Node Type": "Bitmap Index Scan", "Parent Relationship": "Outer", "Index Name": "person_id_aka_name", "Startup Cost": 0.0, "Total Cost": 16406.96, "Plan Rows": 901342, "Plan Width": 0, "Actual Startup Time": 100.9, "Actual Total Time": 100.9, "Actual Rows": 901342, "Actual Loops": 1}]}, {"Node Type": "Hash", "Parent Relationship": "Inner", "Startup Cost": 959772.51, "Total Cost": 959772.51, "Plan Rows": 710459, "Plan Width": 25, "Actual Startup Time": 14215.549, "Actual Total Time": 14215.549, "Actual Rows": 1970658, "Actual Loops": 1, "Hash Buckets": 1048576, "Hash Batches": 1, "Original Hash Batches": 1, "Peak Memory Usage": 112799, "Plans": [{"Node Type": "Hash Join", "Parent Relationship": "Outer", "Join Type": "Inner", "Startup Cost": 607483.06, "Total Cost": 959772.51, "Plan Rows": 710459, "Plan Width": 25, "Actual Startup Time": 10075.48, "Actual Total Time": 13607.521, "Actual Rows": 1970658, "Actual Loops": 1, "Inner Unique": true, "Hash Cond": "(ci.person_id = n1.id), (LLVM Optimized, Jit Execute)", "Plans": [{"Node Type": "Hash Join", "Parent Relationship": "Outer", "Join Type": "Inner", "Startup Cost": 378117.96, "Total Cost": 720638.61, "Plan Rows": 710459, "Plan Width": 21, "Actual Startup Time": 5761.347, "Actual Total Time": 8502.541, "Actual Rows": 1970658, "Actual Loops": 1, "Inner Unique": false, "Hash Cond": "(ci.movie_id = t.id), (LLVM Optimized, Jit Execute)", "Plans": [{"Node Type": "Nested Loop", "Parent Relationship": "Outer", "Join Type": "Inner", "Startup Cost": 76315.02, "Total Cost": 389769.33, "Plan Rows": 3296318, "Plan Width": 8, "Actual Startup Time": 304.881, "Actual Total Time": 1662.16, "Actual Rows": 2728943, "Actual Loops": 1, "Inner Unique": false, "Plans": [{"Node Type": "Bitmap Heap Scan", "Parent Relationship": "Outer", "Relation Name": "role_type", "Alias": "rt", "Startup Cost": 8.31, "Total Cost": 12.46, "Plan Rows": 1, "Plan Width": 4, "Actual Startup Time": 0.09, "Actual Total Time": 0.108, "Actual Rows": 1, "Actual Loops": 1, "Filter": "((role)::text = 'writer'::text)", "Rows Removed by Filter": 11, "Exact Heap Blocks": 1, "Lossy Heap Blocks": 1, "Plans": [{"Node Type": "Bitmap Index Scan", "Parent Relationship": "Outer", "Index Name": "role_type_pkey", "Startup Cost": 0.0, "Total Cost": 8.31, "Plan Rows": 12, "Plan Width": 0, "Actual Startup Time": 0.027, "Actual Total Time": 0.027, "Actual Rows": 12, "Actual Loops": 1}]}, {"Node Type": "Bitmap Heap Scan", "Parent Relationship": "Inner", "Relation Name": "cast_info", "Alias": "ci", "Startup Cost": 76306.71, "Total Cost": 356793.69, "Plan Rows": 3296318, "Plan Width": 12, "Actual Startup Time": 304.767, "Actual Total Time": 1172.992, "Actual Rows": 2728943, "Actual Loops": 1, "Recheck Cond": "(role_id = rt.id), (LLVM Optimized, Jit Execute)", "Rows Removed by Index Recheck": 0, "Exact Heap Blocks": 19177, "Lossy Heap Blocks": 19177, "Plans": [{"Node Type": "Bitmap Index Scan", "Parent Relationship": "Outer", "Index Name": "role_id_cast_info", "Startup Cost": 0.0, "Total Cost": 75482.63, "Plan Rows": 3296318, "Plan Width": 0, "Actual Startup Time": 300.404, "Actual Total Time": 300.404, "Actual Rows": 2728943, "Actual Loops": 1, "Index Cond": "(role_id = rt.id)"}]}]}, {"Node Type": "Hash", "Parent Relationship": "Inner", "Startup Cost": 285774.05, "Total Cost": 285774.05, "Plan Rows": 1282311, "Plan Width": 25, "Actual Startup Time": 5451.33, "Actual Total Time": 5451.33, "Actual Rows": 1153797, "Actual Loops": 1, "Hash Buckets": 2097152, "Hash Batches": 1, "Original Hash Batches": 1, "Peak Memory Usage": 68508, "Plans": [{"Node Type": "Hash Join", "Parent Relationship": "Outer", "Join Type": "Inner", "Startup Cost": 203717.65, "Total Cost": 285774.05, "Plan Rows": 1282311, "Plan Width": 25, "Actual Startup Time": 2726.056, "Actual Total Time": 5015.59, "Actual Rows": 1153797, "Actual Loops": 1, "Inner Unique": true, "Hash Cond": "(mc.movie_id = t.id), (LLVM Optimized, Jit Execute)", "Plans": [{"Node Type": "Hash Join", "Parent Relationship": "Outer", "Join Type": "Inner", "Startup Cost": 61758.77, "Total Cost": 126183.39, "Plan Rows": 1282311, "Plan Width": 4, "Actual Startup Time": 372.339, "Actual Total Time": 2018.516, "Actual Rows": 1153797, "Actual Loops": 1, "Inner Unique": true, "Hash Cond": "(mc.company_id = cn.id), (LLVM Optimized, Jit Execute)", "Plans": [{"Node Type": "Bitmap Heap Scan", "Parent Relationship": "Outer", "Relation Name": "movie_companies", "Alias": "mc", "Startup Cost": 51990.17, "Total Cost": 93807.45, "Plan Rows": 2609128, "Plan Width": 8, "Actual Startup Time": 216.154, "Actual Total Time": 1035.33, "Actual Rows": 2609128, "Actual Loops": 1, "Exact Heap Blocks": 15726, "Lossy Heap Blocks": 15726, "Plans": [{"Node Type": "Bitmap Index Scan", "Parent Relationship": "Outer", "Index Name": "movie_id_movie_companies", "Startup Cost": 0.0, "Total Cost": 51337.89, "Plan Rows": 2609128, "Plan Width": 0, "Actual Startup Time": 212.542, "Actual Total Time": 212.542, "Actual Rows": 2609128, "Actual Loops": 1}]}, {"Node Type": "Hash", "Parent Relationship": "Inner", "Startup Cost": 8703.97, "Total Cost": 8703.97, "Plan Rows": 85170, "Plan Width": 4, "Actual Startup Time": 156.063, "Actual Total Time": 156.063, "Actual Rows": 84843, "Actual Loops": 1, "Hash Buckets": 131072, "Hash Batches": 1, "Original Hash Batches": 1, "Peak Memory Usage": 2983, "Plans": [{"Node Type": "Bitmap Heap Scan", "Parent Relationship": "Outer", "Relation Name": "company_name", "Alias": "cn", "Startup Cost": 2800.52, "Total Cost": 8703.97, "Plan Rows": 85170, "Plan Width": 4, "Actual Startup Time": 20.847, "Actual Total Time": 133.286, "Actual Rows": 84843, "Actual Loops": 1, "Filter": "((country_code)::text = '[us]'::text)", "Rows Removed by Filter": 150153, "Exact Heap Blocks": 2966, "Lossy Heap Blocks": 2966, "Plans": [{"Node Type": "Bitmap Index Scan", "Parent Relationship": "Outer", "Index Name": "company_name_pkey", "Startup Cost": 0.0, "Total Cost": 2779.23, "Plan Rows": 234996, "Plan Width": 0, "Actual Startup Time": 20.364, "Actual Total Time": 20.364, "Actual Rows": 234996, "Actual Loops": 1}]}]}]}, {"Node Type": "Hash", "Parent Relationship": "Inner", "Startup Cost": 110354.99, "Total Cost": 110354.99, "Plan Rows": 2528311, "Plan Width": 21, "Actual Startup Time": 2351.141, "Actual Total Time": 2351.141, "Actual Rows": 2528311, "Actual Loops": 1, "Hash Buckets": 4194304, "Hash Batches": 1, "Original Hash Batches": 1, "Peak Memory Usage": 135869, "Plans": [{"Node Type": "Bitmap Heap Scan", "Parent Relationship": "Outer", "Relation Name": "title", "Alias": "t", "Startup Cost": 50285.88, "Total Cost": 110354.99, "Plan Rows": 2528311, "Plan Width": 21, "Actual Startup Time": 290.426, "Actual Total Time": 1476.245, "Actual Rows": 2528311, "Actual Loops": 1, "Exact Heap Blocks": 34786, "Lossy Heap Blocks": 34786, "Plans": [{"Node Type": "Bitmap Index Scan", "Parent Relationship": "Outer", "Index Name": "title_pkey", "Startup Cost": 0.0, "Total Cost": 49653.81, "Plan Rows": 2528311, "Plan Width": 0, "Actual Startup Time": 282.417, "Actual Total Time": 282.417, "Actual Rows": 2528311, "Actual Loops": 1}]}]}]}]}]}, {"Node Type": "Hash", "Parent Relationship": "Inner", "Startup Cost": 177271.47, "Total Cost": 177271.47, "Plan Rows": 4167490, "Plan Width": 4, "Actual Startup Time": 4311.571, "Actual Total Time": 4311.571, "Actual Rows": 4167490, "Actual Loops": 1, "Hash Buckets": 4194304, "Hash Batches": 1, "Original Hash Batches": 1, "Peak Memory Usage": 146514, "Plans": [{"Node Type": "Bitmap Heap Scan", "Parent Relationship": "Outer", "Relation Name": "name", "Alias": "n1", "Startup Cost": 84199.57, "Total Cost": 177271.47, "Plan Rows": 4167490, "Plan Width": 4, "Actual Startup Time": 546.808, "Actual Total Time": 2370.146, "Actual Rows": 4167490, "Actual Loops": 1, "Exact Heap Blocks": 51397, "Lossy Heap Blocks": 51397, "Plans": [{"Node Type": "Bitmap Index Scan", "Parent Relationship": "Outer", "Index Name": "name_pkey", "Startup Cost": 0.0, "Total Cost": 83157.7, "Plan Rows": 4167490, "Plan Width": 0, "Actual Startup Time": 534.683, "Actual Total Time": 534.683, "Actual Rows": 4167490, "Actual Loops": 1}]}]}]}]}]}]}, "Triggers": [], "Planner Runtime": 49, "Total Runtime": 16879.015, "Unique SQL Id": 2457761703}}, "(64, 104)": {"explain_plan": {"Plan": {"Node Type": "Aggregate", "Strategy": "Plain", "Startup Cost": 528738.29, "Total Cost": 528738.3, "Plan Rows": 1, "Plan Width": 97, "Plans": [{"Node Type": "Hash Join", "Parent Relationship": "Outer", "Join Type": "Inner", "Startup Cost": 336662.4, "Total Cost": 526952.8, "Plan Rows": 357098, "Plan Width": 33, "Inner Unique": true, "Hash Cond": "(mc.company_id = cn.id), (LLVM Optimized)", "Plans": [{"Node Type": "Hash Join", "Parent Relationship": "Outer", "Join Type": "Inner", "Startup Cost": 329694.33, "Total Cost": 513689.03, "Plan Rows": 726589, "Plan Width": 37, "Inner Unique": false, "Hash Cond": "(ci.movie_id = t.id), (LLVM Optimized)", "Plans": [{"Node Type": "Streaming(type: LOCAL GATHER dop: 1/64)", "Parent Relationship": "Outer", "Startup Cost": 254738.78, "Total Cost": 417857.9, "Plan Rows": 1484588, "Plan Width": 20, "Plans": [{"Node Type": "Hash Join", "Parent Relationship": "Outer", "Join Type": "Inner", "Startup Cost": 254738.78, "Total Cost": 387231.02, "Plan Rows": 1484588, "Plan Width": 20, "Inner Unique": false, "Hash Cond": "(a1.person_id = ci.person_id), (LLVM Optimized)", "Plans": [{"Node Type": "Streaming(type: LOCAL REDISTRIBUTE dop: 64/1)", "Parent Relationship": "Outer", "Startup Cost": 202522.7, "Total Cost": 334446.0, "Plan Rows": 901342, "Plan Width": 24, "Plans": [{"Node Type": "Hash Join", "Parent Relationship": "Outer", "Join Type": "Inner", "Startup Cost": 202522.7, "Total Cost": 234824.58, "Plan Rows": 901342, "Plan Width": 24, "Inner Unique": true, "Hash Cond": "(a1.person_id = n1.id), (LLVM Optimized)", "Plans": [{"Node Type": "Seq Scan", "Parent Relationship": "Outer", "Relation Name": "aka_name", "Alias": "a1", "Startup Cost": 0.0, "Total Cost": 19908.42, "Plan Rows": 901342, "Plan Width": 20}, {"Node Type": "Hash", "Parent Relationship": "Inner", "Startup Cost": 150429.08, "Total Cost": 150429.08, "Plan Rows": 4167490, "Plan Width": 4, "Plans": [{"Node Type": "Streaming(type: LOCAL GATHER dop: 1/64)", "Parent Relationship": "Outer", "Startup Cost": 0.0, "Total Cost": 150429.08, "Plan Rows": 4167490, "Plan Width": 4, "Plans": [{"Node Type": "Seq Scan", "Parent Relationship": "Outer", "Relation Name": "name", "Alias": "n1", "Startup Cost": 0.0, "Total Cost": 64454.25, "Plan Rows": 4167490, "Plan Width": 4}]}]}]}]}, {"Node Type": "Hash", "Parent Relationship": "Inner", "Startup Cost": 203464.29, "Total Cost": 203464.29, "Plan Rows": 3296318, "Plan Width": 8, "Plans": [{"Node Type": "Streaming(type: LOCAL REDISTRIBUTE dop: 64/64)", "Parent Relationship": "Outer", "Startup Cost": 63002.48, "Total Cost": 203464.29, "Plan Rows": 3296318, "Plan Width": 8, "Plans": [{"Node Type": "Hash Join", "Parent Relationship": "Outer", "Join Type": "Inner", "Startup Cost": 63002.48, "Total Cost": 137341.8, "Plan Rows": 3296318, "Plan Width": 8, "Inner Unique": true, "Hash Cond": "(ci.role_id = rt.id), (LLVM Optimized)", "Plans": [{"Node Type": "Seq Scan", "Parent Relationship": "Outer", "Relation Name": "cast_info", "Alias": "ci", "Startup Cost": 0.0, "Total Cost": 72404.34, "Plan Rows": 36259494, "Plan Width": 12}, {"Node Type": "Hash", "Parent Relationship": "Inner", "Startup Cost": 63002.47, "Total Cost": 63002.47, "Plan Rows": 64, "Plan Width": 4, "Plans": [{"Node Type": "Streaming(type: BROADCAST dop: 64/1)", "Parent Relationship": "Outer", "Startup Cost": 0.0, "Total Cost": 63002.47, "Plan Rows": 64, "Plan Width": 4, "Plans": [{"Node Type": "Seq Scan", "Parent Relationship": "Outer", "Relation Name": "role_type", "Alias": "rt", "Startup Cost": 0.0, "Total Cost": 1.15, "Plan Rows": 1, "Plan Width": 4, "Filter": "((role)::text = 'writer'::text)"}]}]}]}]}]}]}]}, {"Node Type": "Hash", "Parent Relationship": "Inner", "Startup Cost": 169365.79, "Total Cost": 169365.79, "Plan Rows": 2609128, "Plan Width": 29, "Plans": [{"Node Type": "Hash Join", "Parent Relationship": "Outer", "Join Type": "Inner", "Startup Cost": 91673.0, "Total Cost": 169365.79, "Plan Rows": 2609128, "Plan Width": 29, "Inner Unique": true, "Hash Cond": "(mc.movie_id = t.id), (LLVM Optimized)", "Plans": [{"Node Type": "Seq Scan", "Parent Relationship": "Outer", "Relation Name": "movie_companies", "Alias": "mc", "Startup Cost": 0.0, "Total Cost": 41817.28, "Plan Rows": 2609128, "Plan Width": 8}, {"Node Type": "Hash", "Parent Relationship": "Inner", "Startup Cost": 60069.11, "Total Cost": 60069.11, "Plan Rows": 2528311, "Plan Width": 21, "Plans": [{"Node Type": "Seq Scan", "Parent Relationship": "Outer", "Relation Name": "title", "Alias": "t", "Startup Cost": 0.0, "Total Cost": 60069.11, "Plan Rows": 2528311, "Plan Width": 21}]}]}]}]}, {"Node Type": "Hash", "Parent Relationship": "Inner", "Startup Cost": 5903.45, "Total Cost": 5903.45, "Plan Rows": 85170, "Plan Width": 4, "Plans": [{"Node Type": "Seq Scan", "Parent Relationship": "Outer", "Relation Name": "company_name", "Alias": "cn", "Startup Cost": 0.0, "Total Cost": 5903.45, "Plan Rows": 85170, "Plan Width": 4, "Filter": "((country_code)::text = '[us]'::text)"}]}]}]}, "Unique SQL Id": 2457761703, "Planner Runtime": 151}, "explain_analyze_plan": {"Plan": {"Node Type": "Aggregate", "Strategy": "Plain", "Startup Cost": 528738.29, "Total Cost": 528738.3, "Plan Rows": 1, "Plan Width": 97, "Actual Min Startup Time": 10653.339, "Actual Max Startup Time": 10653.339, "Actual Min Total Time": 10653.34, "Actual Max Total Time": 10653.34, "Plans": [{"Node Type": "Hash Join", "Parent Relationship": "Outer", "Join Type": "Inner", "Startup Cost": 336662.4, "Total Cost": 526952.8, "Plan Rows": 357098, "Plan Width": 33, "Actual Min Startup Time": 5045.785, "Actual Max Startup Time": 5045.785, "Actual Min Total Time": 9470.761, "Actual Max Total Time": 9470.761, "Inner Unique": true, "Hash Cond": "(mc.company_id = cn.id), (LLVM Optimized, Jit Execute)", "Plans": [{"Node Type": "Hash Join", "Parent Relationship": "Outer", "Join Type": "Inner", "Startup Cost": 329694.33, "Total Cost": 513689.03, "Plan Rows": 726589, "Plan Width": 37, "Actual Min Startup Time": 4932.473, "Actual Max Startup Time": 4932.473, "Actual Min Total Time": 8014.504, "Actual Max Total Time": 8014.504, "Inner Unique": false, "Hash Cond": "(ci.movie_id = t.id), (LLVM Optimized, Jit Execute)", "Plans": [{"Node Type": "Streaming(type: LOCAL GATHER dop: 1/64)", "Parent Relationship": "Outer", "Startup Cost": 254738.78, "Total Cost": 417857.9, "Plan Rows": 1484588, "Plan Width": 20, "Actual Min Startup Time": 0.149, "Actual Max Startup Time": 0.149, "Actual Min Total Time": 1136.935, "Actual Max Total Time": 1136.935, "Plans": [{"Node Type": "Hash Join", "Parent Relationship": "Outer", "Join Type": "Inner", "Startup Cost": 254738.78, "Total Cost": 387231.02, "Plan Rows": 1484588, "Plan Width": 20, "Actual Min Startup Time": 2400.847, "Actual Max Startup Time": 4561.54, "Actual Min Total Time": 6405.607, "Actual Max Total Time": 9204.271, "Inner Unique": false, "Hash Cond": "(a1.person_id = ci.person_id), (LLVM Optimized, Jit Execute)", "Plans": [{"Node Type": "Streaming(type: LOCAL REDISTRIBUTE dop: 64/1)", "Parent Relationship": "Outer", "Startup Cost": 202522.7, "Total Cost": 334446.0, "Plan Rows": 901342, "Plan Width": 24, "Actual Min Startup Time": 2082.179, "Actual Max Startup Time": 4189.143, "Actual Min Total Time": 5973.318, "Actual Max Total Time": 8689.53, "Plans": [{"Node Type": "Hash Join", "Parent Relationship": "Outer", "Join Type": "Inner", "Startup Cost": 202522.7, "Total Cost": 234824.58, "Plan Rows": 901342, "Plan Width": 24, "Actual Min Startup Time": 2391.386, "Actual Max Startup Time": 2391.386, "Actual Min Total Time": 3134.379, "Actual Max Total Time": 3134.379, "Inner Unique": true, "Hash Cond": "(a1.person_id = n1.id), (LLVM Optimized, Jit Execute)", "Plans": [{"Node Type": "Seq Scan", "Parent Relationship": "Outer", "Relation Name": "aka_name", "Alias": "a1", "Startup Cost": 0.0, "Total Cost": 19908.42, "Plan Rows": 901342, "Plan Width": 20, "Actual Min Startup Time": 0.031, "Actual Max Startup Time": 0.031, "Actual Min Total Time": 226.0, "Actual Max Total Time": 226.0, "Actual Rows": 901342}, {"Node Type": "Hash", "Parent Relationship": "Inner", "Startup Cost": 150429.08, "Total Cost": 150429.08, "Plan Rows": 4167490, "Plan Width": 4, "Actual Min Startup Time": 2388.72, "Actual Max Startup Time": 2388.72, "Actual Min Total Time": 2388.72, "Actual Max Total Time": 2388.72, "Max Hash Buckets": 4194304, "Min Hash Buckets": 4194304, "Max Hash Batches": 1, "Min Hash Batches": 1, "Max Original Hash Batches": 1, "Min Original Hash Batches": 1, "Max Peak Memory Usage": 146514, "min Peak Memory Usage": 146514, "Plans": [{"Node Type": "Streaming(type: LOCAL GATHER dop: 1/64)", "Parent Relationship": "Outer", "Startup Cost": 0.0, "Total Cost": 150429.08, "Plan Rows": 4167490, "Plan Width": 4, "Actual Min Startup Time": 0.144, "Actual Max Startup Time": 0.144, "Actual Min Total Time": 1203.473, "Actual Max Total Time": 1203.473, "Plans": [{"Node Type": "Seq Scan", "Parent Relationship": "Outer", "Relation Name": "name", "Alias": "n1", "Startup Cost": 0.0, "Total Cost": 64454.25, "Plan Rows": 4167490, "Plan Width": 4, "Actual Min Startup Time": 0.019, "Actual Max Startup Time": 0.041, "Actual Min Total Time": 18.918, "Actual Max Total Time": 22.367, "Actual Rows": 4167490}], "Actual Rows": 4167490}], "Actual Rows": 4167490}], "Actual Rows": 901342}], "Actual Rows": 901342}, {"Node Type": "Hash", "Parent Relationship": "Inner", "Startup Cost": 203464.29, "Total Cost": 203464.29, "Plan Rows": 3296318, "Plan Width": 8, "Actual Min Startup Time": 314.974, "Actual Max Startup Time": 620.859, "Actual Min Total Time": 314.974, "Actual Max Total Time": 620.859, "Max Hash Buckets": 65536, "Min Hash Buckets": 65536, "Max Hash Batches": 1, "Min Hash Batches": 1, "Max Original Hash Batches": 1, "Min Original Hash Batches": 1, "Max Peak Memory Usage": 1483, "min Peak Memory Usage": 1483, "Plans": [{"Node Type": "Streaming(type: LOCAL REDISTRIBUTE dop: 64/64)", "Parent Relationship": "Outer", "Startup Cost": 63002.48, "Total Cost": 203464.29, "Plan Rows": 3296318, "Plan Width": 8, "Actual Min Startup Time": 0.106, "Actual Max Startup Time": 297.598, "Actual Min Total Time": 304.117, "Actual Max Total Time": 610.951, "Plans": [{"Node Type": "Hash Join", "Parent Relationship": "Outer", "Join Type": "Inner", "Startup Cost": 63002.48, "Total Cost": 137341.8, "Plan Rows": 3296318, "Plan Width": 8, "Actual Min Startup Time": 151.808, "Actual Max Startup Time": 321.453, "Actual Min Total Time": 242.856, "Actual Max Total Time": 411.34, "Inner Unique": true, "Hash Cond": "(ci.role_id = rt.id), (LLVM Optimized, Jit Execute)", "Plans": [{"Node Type": "Seq Scan", "Parent Relationship": "Outer", "Relation Name": "cast_info", "Alias": "ci", "Startup Cost": 0.0, "Total Cost": 72404.34, "Plan Rows": 36259494, "Plan Width": 12, "Actual Min Startup Time": 0.025, "Actual Max Startup Time": 9.439, "Actual Min Total Time": 127.377, "Actual Max Total Time": 144.233, "Actual Rows": 36244343}, {"Node Type": "Hash", "Parent Relationship": "Inner", "Startup Cost": 63002.47, "Total Cost": 63002.47, "Plan Rows": 64, "Plan Width": 4, "Actual Min Startup Time": 0.011, "Actual Max Startup Time": 159.839, "Actual Min Total Time": 0.011, "Actual Max Total Time": 159.839, "Max Hash Buckets": 32768, "Min Hash Buckets": 32768, "Max Hash Batches": 1, "Min Hash Batches": 1, "Max Original Hash Batches": 1, "Min Original Hash Batches": 1, "Max Peak Memory Usage": 1, "min Peak Memory Usage": 1, "Plans": [{"Node Type": "Streaming(type: BROADCAST dop: 64/1)", "Parent Relationship": "Outer", "Startup Cost": 0.0, "Total Cost": 63002.47, "Plan Rows": 64, "Plan Width": 4, "Actual Min Startup Time": 0.003, "Actual Max Startup Time": 159.19, "Actual Min Total Time": 0.003, "Actual Max Total Time": 159.194, "Plans": [{"Node Type": "Seq Scan", "Parent Relationship": "Outer", "Relation Name": "role_type", "Alias": "rt", "Startup Cost": 0.0, "Total Cost": 1.15, "Plan Rows": 1, "Plan Width": 4, "Actual Min Startup Time": 0.04, "Actual Max Startup Time": 0.04, "Actual Min Total Time": 0.044, "Actual Max Total Time": 0.044, "Filter": "((role)::text = 'writer'::text)", "Rows Removed by Filter": 11, "Actual Rows": 1}], "Actual Rows": 64}], "Actual Rows": 64}], "Actual Rows": 2728943}], "Actual Rows": 2728943}], "Actual Rows": 2728943}], "Actual Rows": 2343724}], "Actual Rows": 2343724}, {"Node Type": "Hash", "Parent Relationship": "Inner", "Startup Cost": 169365.79, "Total Cost": 169365.79, "Plan Rows": 2609128, "Plan Width": 29, "Actual Min Startup Time": 4926.029, "Actual Max Startup Time": 4926.029, "Actual Min Total Time": 4926.029, "Actual Max Total Time": 4926.029, "Max Hash Buckets": 4194304, "Min Hash Buckets": 4194304, "Max Hash Batches": 1, "Min Hash Batches": 1, "Max Original Hash Batches": 1, "Min Original Hash Batches": 1, "Max Peak Memory Usage": 164769, "min Peak Memory Usage": 164769, "Plans": [{"Node Type": "Hash Join", "Parent Relationship": "Outer", "Join Type": "Inner", "Startup Cost": 91673.0, "Total Cost": 169365.79, "Plan Rows": 2609128, "Plan Width": 29, "Actual Min Startup Time": 1869.664, "Actual Max Startup Time": 1869.664, "Actual Min Total Time": 3974.511, "Actual Max Total Time": 3974.511, "Inner Unique": true, "Hash Cond": "(mc.movie_id = t.id), (LLVM Optimized, Jit Execute)", "Plans": [{"Node Type": "Seq Scan", "Parent Relationship": "Outer", "Relation Name": "movie_companies", "Alias": "mc", "Startup Cost": 0.0, "Total Cost": 41817.28, "Plan Rows": 2609128, "Plan Width": 8, "Actual Min Startup Time": 0.034, "Actual Max Startup Time": 0.034, "Actual Min Total Time": 573.13, "Actual Max Total Time": 573.13, "Actual Rows": 2609128}, {"Node Type": "Hash", "Parent Relationship": "Inner", "Startup Cost": 60069.11, "Total Cost": 60069.11, "Plan Rows": 2528311, "Plan Width": 21, "Actual Min Startup Time": 1867.154, "Actual Max Startup Time": 1867.154, "Actual Min Total Time": 1867.154, "Actual Max Total Time": 1867.154, "Max Hash Buckets": 4194304, "Min Hash Buckets": 4194304, "Max Hash Batches": 1, "Min Hash Batches": 1, "Max Original Hash Batches": 1, "Min Original Hash Batches": 1, "Max Peak Memory Usage": 135869, "min Peak Memory Usage": 135869, "Plans": [{"Node Type": "Seq Scan", "Parent Relationship": "Outer", "Relation Name": "title", "Alias": "t", "Startup Cost": 0.0, "Total Cost": 60069.11, "Plan Rows": 2528311, "Plan Width": 21, "Actual Min Startup Time": 0.025, "Actual Max Startup Time": 0.025, "Actual Min Total Time": 832.832, "Actual Max Total Time": 832.832, "Actual Rows": 2528311}], "Actual Rows": 2528311}], "Actual Rows": 2609128}], "Actual Rows": 2609128}], "Actual Rows": 4961427}, {"Node Type": "Hash", "Parent Relationship": "Inner", "Startup Cost": 5903.45, "Total Cost": 5903.45, "Plan Rows": 85170, "Plan Width": 4, "Actual Min Startup Time": 113.153, "Actual Max Startup Time": 113.153, "Actual Min Total Time": 113.153, "Actual Max Total Time": 113.153, "Max Hash Buckets": 131072, "Min Hash Buckets": 131072, "Max Hash Batches": 1, "Min Hash Batches": 1, "Max Original Hash Batches": 1, "Min Original Hash Batches": 1, "Max Peak Memory Usage": 2983, "min Peak Memory Usage": 2983, "Plans": [{"Node Type": "Seq Scan", "Parent Relationship": "Outer", "Relation Name": "company_name", "Alias": "cn", "Startup Cost": 0.0, "Total Cost": 5903.45, "Plan Rows": 85170, "Plan Width": 4, "Actual Min Startup Time": 0.07, "Actual Max Startup Time": 0.07, "Actual Min Total Time": 89.97, "Actual Max Total Time": 89.97, "Filter": "((country_code)::text = '[us]'::text)", "Rows Removed by Filter": 150153, "Actual Rows": 84843}], "Actual Rows": 84843}], "Actual Rows": 2487611}], "Actual Rows": 1}, "Triggers": [], "Planner Runtime": 172, "Total Runtime": 10708.533, "Unique SQL Id": 2457761703}}, "(64, 105)": {"explain_plan": {"Plan": {"Node Type": "Aggregate", "Strategy": "Plain", "Startup Cost": 807029.54, "Total Cost": 807029.55, "Plan Rows": 1, "Plan Width": 97, "Plans": [{"Node Type": "Hash Join", "Parent Relationship": "Outer", "Join Type": "Inner", "Startup Cost": 729292.26, "Total Cost": 805244.05, "Plan Rows": 357098, "Plan Width": 33, "Inner Unique": false, "Hash Cond": "(a1.person_id = n1.id), (LLVM Optimized)", "Plans": [{"Node Type": "Index Scan", "Parent Relationship": "Outer", "Scan Direction": "Forward", "Index Name": "person_id_aka_name", "Relation Name": "aka_name", "Alias": "a1", "Startup Cost": 0.0, "Total Cost": 68965.03, "Plan Rows": 901342, "Plan Width": 20}, {"Node Type": "Hash", "Parent Relationship": "Inner", "Startup Cost": 720411.52, "Total Cost": 720411.52, "Plan Rows": 710459, "Plan Width": 25, "Plans": [{"Node Type": "Hash Join", "Parent Relationship": "Outer", "Join Type": "Inner", "Startup Cost": 510158.12, "Total Cost": 720411.52, "Plan Rows": 710459, "Plan Width": 25, "Inner Unique": true, "Hash Cond": "(ci.person_id = n1.id), (LLVM Optimized)", "Plans": [{"Node Type": "Hash Join", "Parent Relationship": "Outer", "Join Type": "Inner", "Startup Cost": 333231.89, "Total Cost": 533716.49, "Plan Rows": 710459, "Plan Width": 21, "Inner Unique": false, "Hash Cond": "(ci.movie_id = t.id), (LLVM Optimized)", "Plans": [{"Node Type": "Nested Loop", "Parent Relationship": "Outer", "Join Type": "Inner", "Startup Cost": 0.0, "Total Cost": 171418.25, "Plan Rows": 3296318, "Plan Width": 8, "Inner Unique": false, "Plans": [{"Node Type": "Index Scan", "Parent Relationship": "Outer", "Scan Direction": "Forward", "Index Name": "role_type_pkey", "Relation Name": "role_type", "Alias": "rt", "Startup Cost": 0.0, "Total Cost": 12.46, "Plan Rows": 1, "Plan Width": 4, "Filter": "((role)::text = 'writer'::text)"}, {"Node Type": "Index Scan", "Parent Relationship": "Inner", "Scan Direction": "Forward", "Index Name": "role_id_cast_info", "Relation Name": "cast_info", "Alias": "ci", "Startup Cost": 0.0, "Total Cost": 138442.61, "Plan Rows": 3296318, "Plan Width": 12, "Index Cond": "(role_id = rt.id), (LLVM Optimized)"}]}, {"Node Type": "Hash", "Parent Relationship": "Inner", "Startup Cost": 317203.01, "Total Cost": 317203.01, "Plan Rows": 1282311, "Plan Width": 25, "Plans": [{"Node Type": "Hash Join", "Parent Relationship": "Outer", "Join Type": "Inner", "Startup Cost": 153290.39, "Total Cost": 317203.01, "Plan Rows": 1282311, "Plan Width": 25, "Inner Unique": true, "Hash Cond": "(mc.movie_id = t.id), (LLVM Optimized)", "Plans": [{"Node Type": "Hash Join", "Parent Relationship": "Outer", "Join Type": "Inner", "Startup Cost": 11566.01, "Total Cost": 157846.85, "Plan Rows": 1282311, "Plan Width": 4, "Inner Unique": true, "Hash Cond": "(mc.company_id = cn.id), (LLVM Optimized)", "Plans": [{"Node Type": "Index Scan", "Parent Relationship": "Outer", "Scan Direction": "Forward", "Index Name": "company_id_movie_companies", "Relation Name": "movie_companies", "Alias": "mc", "Startup Cost": 0.0, "Total Cost": 123673.5, "Plan Rows": 2609128, "Plan Width": 8}, {"Node Type": "Hash", "Parent Relationship": "Inner", "Startup Cost": 10501.39, "Total Cost": 10501.39, "Plan Rows": 85170, "Plan Width": 4, "Plans": [{"Node Type": "Index Scan", "Parent Relationship": "Outer", "Scan Direction": "Forward", "Index Name": "company_name_pkey", "Relation Name": "company_name", "Alias": "cn", "Startup Cost": 0.0, "Total Cost": 10501.39, "Plan Rows": 85170, "Plan Width": 4, "Filter": "((country_code)::text = '[us]'::text)"}]}]}, {"Node Type": "Hash", "Parent Relationship": "Inner", "Startup Cost": 110120.49, "Total Cost": 110120.49, "Plan Rows": 2528311, "Plan Width": 21, "Plans": [{"Node Type": "Index Scan", "Parent Relationship": "Outer", "Scan Direction": "Forward", "Index Name": "title_pkey", "Relation Name": "title", "Alias": "t", "Startup Cost": 0.0, "Total Cost": 110120.49, "Plan Rows": 2528311, "Plan Width": 21}]}]}]}]}, {"Node Type": "Hash", "Parent Relationship": "Inner", "Startup Cost": 124832.6, "Total Cost": 124832.6, "Plan Rows": 4167490, "Plan Width": 4, "Plans": [{"Node Type": "Index Only Scan", "Parent Relationship": "Outer", "Scan Direction": "Forward", "Index Name": "name_pkey", "Relation Name": "name", "Alias": "n1", "Startup Cost": 0.0, "Total Cost": 124832.6, "Plan Rows": 4167490, "Plan Width": 4}]}]}]}]}]}, "Unique SQL Id": 2457761703, "Planner Runtime": 92}, "explain_analyze_plan": {"Plan": {"Node Type": "Aggregate", "Strategy": "Plain", "Startup Cost": 807029.54, "Total Cost": 807029.55, "Plan Rows": 1, "Plan Width": 97, "Actual Startup Time": 18924.98, "Actual Total Time": 18924.98, "Actual Rows": 1, "Actual Loops": 1, "Plans": [{"Node Type": "Hash Join", "Parent Relationship": "Outer", "Join Type": "Inner", "Startup Cost": 729292.26, "Total Cost": 805244.05, "Plan Rows": 357098, "Plan Width": 33, "Actual Startup Time": 16059.593, "Actual Total Time": 17769.883, "Actual Rows": 2487611, "Actual Loops": 1, "Inner Unique": false, "Hash Cond": "(a1.person_id = n1.id), (LLVM Optimized, Jit Execute)", "Plans": [{"Node Type": "Index Scan", "Parent Relationship": "Outer", "Scan Direction": "Forward", "Index Name": "person_id_aka_name", "Relation Name": "aka_name", "Alias": "a1", "Startup Cost": 0.0, "Total Cost": 68965.03, "Plan Rows": 901342, "Plan Width": 20, "Actual Startup Time": 0.047, "Actual Total Time": 686.671, "Actual Rows": 901342, "Actual Loops": 1}, {"Node Type": "Hash", "Parent Relationship": "Inner", "Startup Cost": 720411.52, "Total Cost": 720411.52, "Plan Rows": 710459, "Plan Width": 25, "Actual Startup Time": 16052.195, "Actual Total Time": 16052.195, "Actual Rows": 1970658, "Actual Loops": 1, "Hash Buckets": 1048576, "Hash Batches": 1, "Original Hash Batches": 1, "Peak Memory Usage": 112799, "Plans": [{"Node Type": "Hash Join", "Parent Relationship": "Outer", "Join Type": "Inner", "Startup Cost": 510158.12, "Total Cost": 720411.52, "Plan Rows": 710459, "Plan Width": 25, "Actual Startup Time": 11303.596, "Actual Total Time": 15461.01, "Actual Rows": 1970658, "Actual Loops": 1, "Inner Unique": true, "Hash Cond": "(ci.person_id = n1.id), (LLVM Optimized, Jit Execute)", "Plans": [{"Node Type": "Hash Join", "Parent Relationship": "Outer", "Join Type": "Inner", "Startup Cost": 333231.89, "Total Cost": 533716.49, "Plan Rows": 710459, "Plan Width": 21, "Actual Startup Time": 8809.086, "Actual Total Time": 12200.75, "Actual Rows": 1970658, "Actual Loops": 1, "Inner Unique": false, "Hash Cond": "(ci.movie_id = t.id), (LLVM Optimized, Jit Execute)", "Plans": [{"Node Type": "Nested Loop", "Parent Relationship": "Outer", "Join Type": "Inner", "Startup Cost": 0.0, "Total Cost": 171418.25, "Plan Rows": 3296318, "Plan Width": 8, "Actual Startup Time": 0.121, "Actual Total Time": 1877.025, "Actual Rows": 2728943, "Actual Loops": 1, "Inner Unique": false, "Plans": [{"Node Type": "Index Scan", "Parent Relationship": "Outer", "Scan Direction": "Forward", "Index Name": "role_type_pkey", "Relation Name": "role_type", "Alias": "rt", "Startup Cost": 0.0, "Total Cost": 12.46, "Plan Rows": 1, "Plan Width": 4, "Actual Startup Time": 0.07, "Actual Total Time": 0.095, "Actual Rows": 1, "Actual Loops": 1, "Filter": "((role)::text = 'writer'::text)", "Rows Removed by Filter": 11}, {"Node Type": "Index Scan", "Parent Relationship": "Inner", "Scan Direction": "Forward", "Index Name": "role_id_cast_info", "Relation Name": "cast_info", "Alias": "ci", "Startup Cost": 0.0, "Total Cost": 138442.61, "Plan Rows": 3296318, "Plan Width": 12, "Actual Startup Time": 0.038, "Actual Total Time": 1345.228, "Actual Rows": 2728943, "Actual Loops": 1, "Index Cond": "(role_id = rt.id), (LLVM Optimized, Jit Execute)", "Rows Removed by Index Recheck": 0}]}, {"Node Type": "Hash", "Parent Relationship": "Inner", "Startup Cost": 317203.01, "Total Cost": 317203.01, "Plan Rows": 1282311, "Plan Width": 25, "Actual Startup Time": 8804.122, "Actual Total Time": 8804.122, "Actual Rows": 1153797, "Actual Loops": 1, "Hash Buckets": 2097152, "Hash Batches": 1, "Original Hash Batches": 1, "Peak Memory Usage": 68508, "Plans": [{"Node Type": "Hash Join", "Parent Relationship": "Outer", "Join Type": "Inner", "Startup Cost": 153290.39, "Total Cost": 317203.01, "Plan Rows": 1282311, "Plan Width": 25, "Actual Startup Time": 4387.727, "Actual Total Time": 8359.227, "Actual Rows": 1153797, "Actual Loops": 1, "Inner Unique": true, "Hash Cond": "(mc.movie_id = t.id), (LLVM Optimized, Jit Execute)", "Plans": [{"Node Type": "Hash Join", "Parent Relationship": "Outer", "Join Type": "Inner", "Startup Cost": 11566.01, "Total Cost": 157846.85, "Plan Rows": 1282311, "Plan Width": 4, "Actual Startup Time": 304.212, "Actual Total Time": 3634.012, "Actual Rows": 1153797, "Actual Loops": 1, "Inner Unique": true, "Hash Cond": "(mc.company_id = cn.id), (LLVM Optimized, Jit Execute)", "Plans": [{"Node Type": "Index Scan", "Parent Relationship": "Outer", "Scan Direction": "Forward", "Index Name": "company_id_movie_companies", "Relation Name": "movie_companies", "Alias": "mc", "Startup Cost": 0.0, "Total Cost": 123673.5, "Plan Rows": 2609128, "Plan Width": 8, "Actual Startup Time": 0.039, "Actual Total Time": 2571.039, "Actual Rows": 2609128, "Actual Loops": 1}, {"Node Type": "Hash", "Parent Relationship": "Inner", "Startup Cost": 10501.39, "Total Cost": 10501.39, "Plan Rows": 85170, "Plan Width": 4, "Actual Startup Time": 304.059, "Actual Total Time": 304.059, "Actual Rows": 84843, "Actual Loops": 1, "Hash Buckets": 131072, "Hash Batches": 1, "Original Hash Batches": 1, "Peak Memory Usage": 2983, "Plans": [{"Node Type": "Index Scan", "Parent Relationship": "Outer", "Scan Direction": "Forward", "Index Name": "company_name_pkey", "Relation Name": "company_name", "Alias": "cn", "Startup Cost": 0.0, "Total Cost": 10501.39, "Plan Rows": 85170, "Plan Width": 4, "Actual Startup Time": 0.042, "Actual Total Time": 276.862, "Actual Rows": 84843, "Actual Loops": 1, "Filter": "((country_code)::text = '[us]'::text)", "Rows Removed by Filter": 150153}]}]}, {"Node Type": "Hash", "Parent Relationship": "Inner", "Startup Cost": 110120.49, "Total Cost": 110120.49, "Plan Rows": 2528311, "Plan Width": 21, "Actual Startup Time": 4080.997, "Actual Total Time": 4080.997, "Actual Rows": 2528311, "Actual Loops": 1, "Hash Buckets": 4194304, "Hash Batches": 1, "Original Hash Batches": 1, "Peak Memory Usage": 135869, "Plans": [{"Node Type": "Index Scan", "Parent Relationship": "Outer", "Scan Direction": "Forward", "Index Name": "title_pkey", "Relation Name": "title", "Alias": "t", "Startup Cost": 0.0, "Total Cost": 110120.49, "Plan Rows": 2528311, "Plan Width": 21, "Actual Startup Time": 0.042, "Actual Total Time": 3103.534, "Actual Rows": 2528311, "Actual Loops": 1}]}]}]}]}, {"Node Type": "Hash", "Parent Relationship": "Inner", "Startup Cost": 124832.6, "Total Cost": 124832.6, "Plan Rows": 4167490, "Plan Width": 4, "Actual Startup Time": 2492.048, "Actual Total Time": 2492.048, "Actual Rows": 4167490, "Actual Loops": 1, "Hash Buckets": 4194304, "Hash Batches": 1, "Original Hash Batches": 1, "Peak Memory Usage": 146514, "Plans": [{"Node Type": "Index Only Scan", "Parent Relationship": "Outer", "Scan Direction": "Forward", "Index Name": "name_pkey", "Relation Name": "name", "Alias": "n1", "Startup Cost": 0.0, "Total Cost": 124832.6, "Plan Rows": 4167490, "Plan Width": 4, "Actual Startup Time": 0.031, "Actual Total Time": 1032.843, "Actual Rows": 4167490, "Actual Loops": 1, "Heap Fetches": 0}]}]}]}]}]}, "Triggers": [], "Planner Runtime": 92, "Total Runtime": 18940.461, "Unique SQL Id": 2457761703}}, "(64, 106)": {"explain_plan": {"Plan": {"Node Type": "Aggregate", "Strategy": "Plain", "Startup Cost": 528738.29, "Total Cost": 528738.3, "Plan Rows": 1, "Plan Width": 97, "Plans": [{"Node Type": "Hash Join", "Parent Relationship": "Outer", "Join Type": "Inner", "Startup Cost": 336662.4, "Total Cost": 526952.8, "Plan Rows": 357098, "Plan Width": 33, "Inner Unique": true, "Hash Cond": "(mc.company_id = cn.id), (LLVM Optimized)", "Plans": [{"Node Type": "Hash Join", "Parent Relationship": "Outer", "Join Type": "Inner", "Startup Cost": 329694.33, "Total Cost": 513689.03, "Plan Rows": 726589, "Plan Width": 37, "Inner Unique": false, "Hash Cond": "(ci.movie_id = t.id), (LLVM Optimized)", "Plans": [{"Node Type": "Streaming(type: LOCAL GATHER dop: 1/64)", "Parent Relationship": "Outer", "Startup Cost": 254738.78, "Total Cost": 417857.9, "Plan Rows": 1484588, "Plan Width": 20, "Plans": [{"Node Type": "Hash Join", "Parent Relationship": "Outer", "Join Type": "Inner", "Startup Cost": 254738.78, "Total Cost": 387231.02, "Plan Rows": 1484588, "Plan Width": 20, "Inner Unique": false, "Hash Cond": "(a1.person_id = ci.person_id), (LLVM Optimized)", "Plans": [{"Node Type": "Streaming(type: LOCAL REDISTRIBUTE dop: 64/1)", "Parent Relationship": "Outer", "Startup Cost": 202522.7, "Total Cost": 334446.0, "Plan Rows": 901342, "Plan Width": 24, "Plans": [{"Node Type": "Hash Join", "Parent Relationship": "Outer", "Join Type": "Inner", "Startup Cost": 202522.7, "Total Cost": 234824.58, "Plan Rows": 901342, "Plan Width": 24, "Inner Unique": true, "Hash Cond": "(a1.person_id = n1.id), (LLVM Optimized)", "Plans": [{"Node Type": "Seq Scan", "Parent Relationship": "Outer", "Relation Name": "aka_name", "Alias": "a1", "Startup Cost": 0.0, "Total Cost": 19908.42, "Plan Rows": 901342, "Plan Width": 20}, {"Node Type": "Hash", "Parent Relationship": "Inner", "Startup Cost": 150429.08, "Total Cost": 150429.08, "Plan Rows": 4167490, "Plan Width": 4, "Plans": [{"Node Type": "Streaming(type: LOCAL GATHER dop: 1/64)", "Parent Relationship": "Outer", "Startup Cost": 0.0, "Total Cost": 150429.08, "Plan Rows": 4167490, "Plan Width": 4, "Plans": [{"Node Type": "Seq Scan", "Parent Relationship": "Outer", "Relation Name": "name", "Alias": "n1", "Startup Cost": 0.0, "Total Cost": 64454.25, "Plan Rows": 4167490, "Plan Width": 4}]}]}]}]}, {"Node Type": "Hash", "Parent Relationship": "Inner", "Startup Cost": 203464.29, "Total Cost": 203464.29, "Plan Rows": 3296318, "Plan Width": 8, "Plans": [{"Node Type": "Streaming(type: LOCAL REDISTRIBUTE dop: 64/64)", "Parent Relationship": "Outer", "Startup Cost": 63002.48, "Total Cost": 203464.29, "Plan Rows": 3296318, "Plan Width": 8, "Plans": [{"Node Type": "Hash Join", "Parent Relationship": "Outer", "Join Type": "Inner", "Startup Cost": 63002.48, "Total Cost": 137341.8, "Plan Rows": 3296318, "Plan Width": 8, "Inner Unique": true, "Hash Cond": "(ci.role_id = rt.id), (LLVM Optimized)", "Plans": [{"Node Type": "Seq Scan", "Parent Relationship": "Outer", "Relation Name": "cast_info", "Alias": "ci", "Startup Cost": 0.0, "Total Cost": 72404.34, "Plan Rows": 36259494, "Plan Width": 12}, {"Node Type": "Hash", "Parent Relationship": "Inner", "Startup Cost": 63002.47, "Total Cost": 63002.47, "Plan Rows": 64, "Plan Width": 4, "Plans": [{"Node Type": "Streaming(type: BROADCAST dop: 64/1)", "Parent Relationship": "Outer", "Startup Cost": 0.0, "Total Cost": 63002.47, "Plan Rows": 64, "Plan Width": 4, "Plans": [{"Node Type": "Seq Scan", "Parent Relationship": "Outer", "Relation Name": "role_type", "Alias": "rt", "Startup Cost": 0.0, "Total Cost": 1.15, "Plan Rows": 1, "Plan Width": 4, "Filter": "((role)::text = 'writer'::text)"}]}]}]}]}]}]}]}, {"Node Type": "Hash", "Parent Relationship": "Inner", "Startup Cost": 169365.79, "Total Cost": 169365.79, "Plan Rows": 2609128, "Plan Width": 29, "Plans": [{"Node Type": "Hash Join", "Parent Relationship": "Outer", "Join Type": "Inner", "Startup Cost": 91673.0, "Total Cost": 169365.79, "Plan Rows": 2609128, "Plan Width": 29, "Inner Unique": true, "Hash Cond": "(mc.movie_id = t.id), (LLVM Optimized)", "Plans": [{"Node Type": "Seq Scan", "Parent Relationship": "Outer", "Relation Name": "movie_companies", "Alias": "mc", "Startup Cost": 0.0, "Total Cost": 41817.28, "Plan Rows": 2609128, "Plan Width": 8}, {"Node Type": "Hash", "Parent Relationship": "Inner", "Startup Cost": 60069.11, "Total Cost": 60069.11, "Plan Rows": 2528311, "Plan Width": 21, "Plans": [{"Node Type": "Seq Scan", "Parent Relationship": "Outer", "Relation Name": "title", "Alias": "t", "Startup Cost": 0.0, "Total Cost": 60069.11, "Plan Rows": 2528311, "Plan Width": 21}]}]}]}]}, {"Node Type": "Hash", "Parent Relationship": "Inner", "Startup Cost": 5903.45, "Total Cost": 5903.45, "Plan Rows": 85170, "Plan Width": 4, "Plans": [{"Node Type": "Seq Scan", "Parent Relationship": "Outer", "Relation Name": "company_name", "Alias": "cn", "Startup Cost": 0.0, "Total Cost": 5903.45, "Plan Rows": 85170, "Plan Width": 4, "Filter": "((country_code)::text = '[us]'::text)"}]}]}]}, "Unique SQL Id": 2457761703, "Planner Runtime": 173}, "explain_analyze_plan": {"Plan": {"Node Type": "Aggregate", "Strategy": "Plain", "Startup Cost": 528738.29, "Total Cost": 528738.3, "Plan Rows": 1, "Plan Width": 97, "Actual Min Startup Time": 10653.339, "Actual Max Startup Time": 10653.339, "Actual Min Total Time": 10653.34, "Actual Max Total Time": 10653.34, "Plans": [{"Node Type": "Hash Join", "Parent Relationship": "Outer", "Join Type": "Inner", "Startup Cost": 336662.4, "Total Cost": 526952.8, "Plan Rows": 357098, "Plan Width": 33, "Actual Min Startup Time": 5045.785, "Actual Max Startup Time": 5045.785, "Actual Min Total Time": 9470.761, "Actual Max Total Time": 9470.761, "Inner Unique": true, "Hash Cond": "(mc.company_id = cn.id), (LLVM Optimized, Jit Execute)", "Plans": [{"Node Type": "Hash Join", "Parent Relationship": "Outer", "Join Type": "Inner", "Startup Cost": 329694.33, "Total Cost": 513689.03, "Plan Rows": 726589, "Plan Width": 37, "Actual Min Startup Time": 4932.473, "Actual Max Startup Time": 4932.473, "Actual Min Total Time": 8014.504, "Actual Max Total Time": 8014.504, "Inner Unique": false, "Hash Cond": "(ci.movie_id = t.id), (LLVM Optimized, Jit Execute)", "Plans": [{"Node Type": "Streaming(type: LOCAL GATHER dop: 1/64)", "Parent Relationship": "Outer", "Startup Cost": 254738.78, "Total Cost": 417857.9, "Plan Rows": 1484588, "Plan Width": 20, "Actual Min Startup Time": 0.149, "Actual Max Startup Time": 0.149, "Actual Min Total Time": 1136.935, "Actual Max Total Time": 1136.935, "Plans": [{"Node Type": "Hash Join", "Parent Relationship": "Outer", "Join Type": "Inner", "Startup Cost": 254738.78, "Total Cost": 387231.02, "Plan Rows": 1484588, "Plan Width": 20, "Actual Min Startup Time": 2400.847, "Actual Max Startup Time": 4561.54, "Actual Min Total Time": 6405.607, "Actual Max Total Time": 9204.271, "Inner Unique": false, "Hash Cond": "(a1.person_id = ci.person_id), (LLVM Optimized, Jit Execute)", "Plans": [{"Node Type": "Streaming(type: LOCAL REDISTRIBUTE dop: 64/1)", "Parent Relationship": "Outer", "Startup Cost": 202522.7, "Total Cost": 334446.0, "Plan Rows": 901342, "Plan Width": 24, "Actual Min Startup Time": 2082.179, "Actual Max Startup Time": 4189.143, "Actual Min Total Time": 5973.318, "Actual Max Total Time": 8689.53, "Plans": [{"Node Type": "Hash Join", "Parent Relationship": "Outer", "Join Type": "Inner", "Startup Cost": 202522.7, "Total Cost": 234824.58, "Plan Rows": 901342, "Plan Width": 24, "Actual Min Startup Time": 2391.386, "Actual Max Startup Time": 2391.386, "Actual Min Total Time": 3134.379, "Actual Max Total Time": 3134.379, "Inner Unique": true, "Hash Cond": "(a1.person_id = n1.id), (LLVM Optimized, Jit Execute)", "Plans": [{"Node Type": "Seq Scan", "Parent Relationship": "Outer", "Relation Name": "aka_name", "Alias": "a1", "Startup Cost": 0.0, "Total Cost": 19908.42, "Plan Rows": 901342, "Plan Width": 20, "Actual Min Startup Time": 0.031, "Actual Max Startup Time": 0.031, "Actual Min Total Time": 226.0, "Actual Max Total Time": 226.0, "Actual Rows": 901342}, {"Node Type": "Hash", "Parent Relationship": "Inner", "Startup Cost": 150429.08, "Total Cost": 150429.08, "Plan Rows": 4167490, "Plan Width": 4, "Actual Min Startup Time": 2388.72, "Actual Max Startup Time": 2388.72, "Actual Min Total Time": 2388.72, "Actual Max Total Time": 2388.72, "Max Hash Buckets": 4194304, "Min Hash Buckets": 4194304, "Max Hash Batches": 1, "Min Hash Batches": 1, "Max Original Hash Batches": 1, "Min Original Hash Batches": 1, "Max Peak Memory Usage": 146514, "min Peak Memory Usage": 146514, "Plans": [{"Node Type": "Streaming(type: LOCAL GATHER dop: 1/64)", "Parent Relationship": "Outer", "Startup Cost": 0.0, "Total Cost": 150429.08, "Plan Rows": 4167490, "Plan Width": 4, "Actual Min Startup Time": 0.144, "Actual Max Startup Time": 0.144, "Actual Min Total Time": 1203.473, "Actual Max Total Time": 1203.473, "Plans": [{"Node Type": "Seq Scan", "Parent Relationship": "Outer", "Relation Name": "name", "Alias": "n1", "Startup Cost": 0.0, "Total Cost": 64454.25, "Plan Rows": 4167490, "Plan Width": 4, "Actual Min Startup Time": 0.019, "Actual Max Startup Time": 0.041, "Actual Min Total Time": 18.918, "Actual Max Total Time": 22.367, "Actual Rows": 4167490}], "Actual Rows": 4167490}], "Actual Rows": 4167490}], "Actual Rows": 901342}], "Actual Rows": 901342}, {"Node Type": "Hash", "Parent Relationship": "Inner", "Startup Cost": 203464.29, "Total Cost": 203464.29, "Plan Rows": 3296318, "Plan Width": 8, "Actual Min Startup Time": 314.974, "Actual Max Startup Time": 620.859, "Actual Min Total Time": 314.974, "Actual Max Total Time": 620.859, "Max Hash Buckets": 65536, "Min Hash Buckets": 65536, "Max Hash Batches": 1, "Min Hash Batches": 1, "Max Original Hash Batches": 1, "Min Original Hash Batches": 1, "Max Peak Memory Usage": 1483, "min Peak Memory Usage": 1483, "Plans": [{"Node Type": "Streaming(type: LOCAL REDISTRIBUTE dop: 64/64)", "Parent Relationship": "Outer", "Startup Cost": 63002.48, "Total Cost": 203464.29, "Plan Rows": 3296318, "Plan Width": 8, "Actual Min Startup Time": 0.106, "Actual Max Startup Time": 297.598, "Actual Min Total Time": 304.117, "Actual Max Total Time": 610.951, "Plans": [{"Node Type": "Hash Join", "Parent Relationship": "Outer", "Join Type": "Inner", "Startup Cost": 63002.48, "Total Cost": 137341.8, "Plan Rows": 3296318, "Plan Width": 8, "Actual Min Startup Time": 151.808, "Actual Max Startup Time": 321.453, "Actual Min Total Time": 242.856, "Actual Max Total Time": 411.34, "Inner Unique": true, "Hash Cond": "(ci.role_id = rt.id), (LLVM Optimized, Jit Execute)", "Plans": [{"Node Type": "Seq Scan", "Parent Relationship": "Outer", "Relation Name": "cast_info", "Alias": "ci", "Startup Cost": 0.0, "Total Cost": 72404.34, "Plan Rows": 36259494, "Plan Width": 12, "Actual Min Startup Time": 0.025, "Actual Max Startup Time": 9.439, "Actual Min Total Time": 127.377, "Actual Max Total Time": 144.233, "Actual Rows": 36244343}, {"Node Type": "Hash", "Parent Relationship": "Inner", "Startup Cost": 63002.47, "Total Cost": 63002.47, "Plan Rows": 64, "Plan Width": 4, "Actual Min Startup Time": 0.011, "Actual Max Startup Time": 159.839, "Actual Min Total Time": 0.011, "Actual Max Total Time": 159.839, "Max Hash Buckets": 32768, "Min Hash Buckets": 32768, "Max Hash Batches": 1, "Min Hash Batches": 1, "Max Original Hash Batches": 1, "Min Original Hash Batches": 1, "Max Peak Memory Usage": 1, "min Peak Memory Usage": 1, "Plans": [{"Node Type": "Streaming(type: BROADCAST dop: 64/1)", "Parent Relationship": "Outer", "Startup Cost": 0.0, "Total Cost": 63002.47, "Plan Rows": 64, "Plan Width": 4, "Actual Min Startup Time": 0.003, "Actual Max Startup Time": 159.19, "Actual Min Total Time": 0.003, "Actual Max Total Time": 159.194, "Plans": [{"Node Type": "Seq Scan", "Parent Relationship": "Outer", "Relation Name": "role_type", "Alias": "rt", "Startup Cost": 0.0, "Total Cost": 1.15, "Plan Rows": 1, "Plan Width": 4, "Actual Min Startup Time": 0.04, "Actual Max Startup Time": 0.04, "Actual Min Total Time": 0.044, "Actual Max Total Time": 0.044, "Filter": "((role)::text = 'writer'::text)", "Rows Removed by Filter": 11, "Actual Rows": 1}], "Actual Rows": 64}], "Actual Rows": 64}], "Actual Rows": 2728943}], "Actual Rows": 2728943}], "Actual Rows": 2728943}], "Actual Rows": 2343724}], "Actual Rows": 2343724}, {"Node Type": "Hash", "Parent Relationship": "Inner", "Startup Cost": 169365.79, "Total Cost": 169365.79, "Plan Rows": 2609128, "Plan Width": 29, "Actual Min Startup Time": 4926.029, "Actual Max Startup Time": 4926.029, "Actual Min Total Time": 4926.029, "Actual Max Total Time": 4926.029, "Max Hash Buckets": 4194304, "Min Hash Buckets": 4194304, "Max Hash Batches": 1, "Min Hash Batches": 1, "Max Original Hash Batches": 1, "Min Original Hash Batches": 1, "Max Peak Memory Usage": 164769, "min Peak Memory Usage": 164769, "Plans": [{"Node Type": "Hash Join", "Parent Relationship": "Outer", "Join Type": "Inner", "Startup Cost": 91673.0, "Total Cost": 169365.79, "Plan Rows": 2609128, "Plan Width": 29, "Actual Min Startup Time": 1869.664, "Actual Max Startup Time": 1869.664, "Actual Min Total Time": 3974.511, "Actual Max Total Time": 3974.511, "Inner Unique": true, "Hash Cond": "(mc.movie_id = t.id), (LLVM Optimized, Jit Execute)", "Plans": [{"Node Type": "Seq Scan", "Parent Relationship": "Outer", "Relation Name": "movie_companies", "Alias": "mc", "Startup Cost": 0.0, "Total Cost": 41817.28, "Plan Rows": 2609128, "Plan Width": 8, "Actual Min Startup Time": 0.034, "Actual Max Startup Time": 0.034, "Actual Min Total Time": 573.13, "Actual Max Total Time": 573.13, "Actual Rows": 2609128}, {"Node Type": "Hash", "Parent Relationship": "Inner", "Startup Cost": 60069.11, "Total Cost": 60069.11, "Plan Rows": 2528311, "Plan Width": 21, "Actual Min Startup Time": 1867.154, "Actual Max Startup Time": 1867.154, "Actual Min Total Time": 1867.154, "Actual Max Total Time": 1867.154, "Max Hash Buckets": 4194304, "Min Hash Buckets": 4194304, "Max Hash Batches": 1, "Min Hash Batches": 1, "Max Original Hash Batches": 1, "Min Original Hash Batches": 1, "Max Peak Memory Usage": 135869, "min Peak Memory Usage": 135869, "Plans": [{"Node Type": "Seq Scan", "Parent Relationship": "Outer", "Relation Name": "title", "Alias": "t", "Startup Cost": 0.0, "Total Cost": 60069.11, "Plan Rows": 2528311, "Plan Width": 21, "Actual Min Startup Time": 0.025, "Actual Max Startup Time": 0.025, "Actual Min Total Time": 832.832, "Actual Max Total Time": 832.832, "Actual Rows": 2528311}], "Actual Rows": 2528311}], "Actual Rows": 2609128}], "Actual Rows": 2609128}], "Actual Rows": 4961427}, {"Node Type": "Hash", "Parent Relationship": "Inner", "Startup Cost": 5903.45, "Total Cost": 5903.45, "Plan Rows": 85170, "Plan Width": 4, "Actual Min Startup Time": 113.153, "Actual Max Startup Time": 113.153, "Actual Min Total Time": 113.153, "Actual Max Total Time": 113.153, "Max Hash Buckets": 131072, "Min Hash Buckets": 131072, "Max Hash Batches": 1, "Min Hash Batches": 1, "Max Original Hash Batches": 1, "Min Original Hash Batches": 1, "Max Peak Memory Usage": 2983, "min Peak Memory Usage": 2983, "Plans": [{"Node Type": "Seq Scan", "Parent Relationship": "Outer", "Relation Name": "company_name", "Alias": "cn", "Startup Cost": 0.0, "Total Cost": 5903.45, "Plan Rows": 85170, "Plan Width": 4, "Actual Min Startup Time": 0.07, "Actual Max Startup Time": 0.07, "Actual Min Total Time": 89.97, "Actual Max Total Time": 89.97, "Filter": "((country_code)::text = '[us]'::text)", "Rows Removed by Filter": 150153, "Actual Rows": 84843}], "Actual Rows": 84843}], "Actual Rows": 2487611}], "Actual Rows": 1}, "Triggers": [], "Planner Runtime": 172, "Total Runtime": 10708.533, "Unique SQL Id": 2457761703}}, "(64, 107)": {"explain_plan": {"Plan": {"Node Type": "Aggregate", "Strategy": "Plain", "Startup Cost": 7000058938280.42, "Total Cost": 7000058938280.43, "Plan Rows": 1, "Plan Width": 97, "Plans": [{"Node Type": "Hash Join", "Parent Relationship": "Outer", "Join Type": "Inner", "Startup Cost": 5020043937944.31, "Total Cost": 7000058936494.93, "Plan Rows": 357098, "Plan Width": 33, "Inner Unique": true, "Hash Cond": "(ci.movie_id = t.id), (LLVM Optimized)", "Plans": [{"Node Type": "Hash Join", "Parent Relationship": "Outer", "Join Type": "Inner", "Startup Cost": 4020032894291.5, "Total Cost": 6000047887930.97, "Plan Rows": 357379, "Plan Width": 24, "Inner Unique": true, "Hash Cond": "(a1.person_id = n1.id), (LLVM Optimized)", "Plans": [{"Node Type": "Hash Join", "Parent Relationship": "Outer", "Join Type": "Inner", "Startup Cost": 3020020358937.88, "Total Cost": 5000035347663.39, "Plan Rows": 357379, "Plan Width": 32, "Inner Unique": false, "Hash Cond": "(ci.person_id = a1.person_id), (LLVM Optimized)", "Plans": [{"Node Type": "Hash Join", "Parent Relationship": "Outer", "Join Type": "Inner", "Startup Cost": 2020013451167.68, "Total Cost": 4000028220844.2, "Plan Rows": 711018, "Plan Width": 12, "Inner Unique": true, "Hash Cond": "(mc.company_id = cn.id), (LLVM Optimized)", "Plans": [{"Node Type": "Hash Join", "Parent Relationship": "Outer", "Join Type": "Inner", "Startup Cost": 1020012399964.08, "Total Cost": 3000027157105.25, "Plan Rows": 1446714, "Plan Width": 16, "Inner Unique": false, "Hash Cond": "(ci.movie_id = mc.movie_id), (LLVM Optimized)", "Plans": [{"Node Type": "Nested Loop", "Parent Relationship": "Outer", "Join Type": "Inner", "Startup Cost": 20000000000.0, "Total Cost": 2000013878470.18, "Plan Rows": 3296318, "Plan Width": 8, "Inner Unique": false, "Plans": [{"Node Type": "Index Scan", "Parent Relationship": "Outer", "Scan Direction": "Forward", "Index Name": "role_type_pkey", "Relation Name": "role_type", "Alias": "rt", "Startup Cost": 10000000000.0, "Total Cost": 1000000001246.0, "Plan Rows": 1, "Plan Width": 4, "Filter": "((role)::text = 'writer'::text)"}, {"Node Type": "Index Scan", "Parent Relationship": "Inner", "Scan Direction": "Forward", "Index Name": "role_id_cast_info", "Relation Name": "cast_info", "Alias": "ci", "Startup Cost": 10000000000.0, "Total Cost": 1000013844261.0, "Plan Rows": 3296318, "Plan Width": 12, "Index Cond": "(role_id = rt.id), (LLVM Optimized)"}]}, {"Node Type": "Hash", "Parent Relationship": "Inner", "Startup Cost": 1000012367349.98, "Total Cost": 1000012367349.98, "Plan Rows": 2609128, "Plan Width": 8, "Plans": [{"Node Type": "Index Scan", "Parent Relationship": "Outer", "Scan Direction": "Forward", "Index Name": "company_id_movie_companies", "Relation Name": "movie_companies", "Alias": "mc", "Startup Cost": 10000000000.0, "Total Cost": 1000012367349.98, "Plan Rows": 2609128, "Plan Width": 8}]}]}, {"Node Type": "Hash", "Parent Relationship": "Inner", "Startup Cost": 1000001050138.97, "Total Cost": 1000001050138.97, "Plan Rows": 85170, "Plan Width": 4, "Plans": [{"Node Type": "Index Scan", "Parent Relationship": "Outer", "Scan Direction": "Forward", "Index Name": "company_name_pkey", "Relation Name": "company_name", "Alias": "cn", "Startup Cost": 10000000000.0, "Total Cost": 1000001050138.97, "Plan Rows": 85170, "Plan Width": 4, "Filter": "((country_code)::text = '[us]'::text)"}]}]}, {"Node Type": "Hash", "Parent Relationship": "Inner", "Startup Cost": 1000006896503.43, "Total Cost": 1000006896503.43, "Plan Rows": 901342, "Plan Width": 20, "Plans": [{"Node Type": "Index Scan", "Parent Relationship": "Outer", "Scan Direction": "Forward", "Index Name": "person_id_aka_name", "Relation Name": "aka_name", "Alias": "a1", "Startup Cost": 10000000000.0, "Total Cost": 1000006896503.43, "Plan Rows": 901342, "Plan Width": 20}]}]}, {"Node Type": "Hash", "Parent Relationship": "Inner", "Startup Cost": 1000012483260.0, "Total Cost": 1000012483260.0, "Plan Rows": 4167490, "Plan Width": 4, "Plans": [{"Node Type": "Index Only Scan", "Parent Relationship": "Outer", "Scan Direction": "Forward", "Index Name": "name_pkey", "Relation Name": "name", "Alias": "n1", "Startup Cost": 10000000000.0, "Total Cost": 1000012483260.0, "Plan Rows": 4167490, "Plan Width": 4}]}]}, {"Node Type": "Hash", "Parent Relationship": "Inner", "Startup Cost": 1000011012048.91, "Total Cost": 1000011012048.91, "Plan Rows": 2528311, "Plan Width": 21, "Plans": [{"Node Type": "Index Scan", "Parent Relationship": "Outer", "Scan Direction": "Forward", "Index Name": "title_pkey", "Relation Name": "title", "Alias": "t", "Startup Cost": 10000000000.0, "Total Cost": 1000011012048.91, "Plan Rows": 2528311, "Plan Width": 21}]}]}]}, "Unique SQL Id": 2457761703, "Planner Runtime": 51}, "explain_analyze_plan": {"Plan": {"Node Type": "Aggregate", "Strategy": "Plain", "Startup Cost": 7000058938280.42, "Total Cost": 7000058938280.43, "Plan Rows": 1, "Plan Width": 97, "Actual Startup Time": 21594.018, "Actual Total Time": 21594.019, "Actual Rows": 1, "Actual Loops": 1, "Plans": [{"Node Type": "Hash Join", "Parent Relationship": "Outer", "Join Type": "Inner", "Startup Cost": 5020043937944.31, "Total Cost": 7000058936494.93, "Plan Rows": 357098, "Plan Width": 33, "Actual Startup Time": 12230.561, "Actual Total Time": 20377.873, "Actual Rows": 2487611, "Actual Loops": 1, "Inner Unique": true, "Hash Cond": "(ci.movie_id = t.id), (LLVM Optimized, Jit Execute)", "Plans": [{"Node Type": "Hash Join", "Parent Relationship": "Outer", "Join Type": "Inner", "Startup Cost": 4020032894291.5, "Total Cost": 6000047887930.97, "Plan Rows": 357379, "Plan Width": 24, "Actual Startup Time": 7978.295, "Actual Total Time": 15170.047, "Actual Rows": 2487611, "Actual Loops": 1, "Inner Unique": true, "Hash Cond": "(a1.person_id = n1.id), (LLVM Optimized, Jit Execute)", "Plans": [{"Node Type": "Hash Join", "Parent Relationship": "Outer", "Join Type": "Inner", "Startup Cost": 3020020358937.88, "Total Cost": 5000035347663.39, "Plan Rows": 357379, "Plan Width": 32, "Actual Startup Time": 5655.162, "Actual Total Time": 11982.677, "Actual Rows": 2487611, "Actual Loops": 1, "Inner Unique": false, "Hash Cond": "(ci.person_id = a1.person_id), (LLVM Optimized, Jit Execute)", "Plans": [{"Node Type": "Hash Join", "Parent Relationship": "Outer", "Join Type": "Inner", "Startup Cost": 2020013451167.68, "Total Cost": 4000028220844.2, "Plan Rows": 711018, "Plan Width": 12, "Actual Startup Time": 4532.412, "Actual Total Time": 9960.159, "Actual Rows": 1970658, "Actual Loops": 1, "Inner Unique": true, "Hash Cond": "(mc.company_id = cn.id), (LLVM Optimized, Jit Execute)", "Plans": [{"Node Type": "Hash Join", "Parent Relationship": "Outer", "Join Type": "Inner", "Startup Cost": 1020012399964.08, "Total Cost": 3000027157105.25, "Plan Rows": 1446714, "Plan Width": 16, "Actual Startup Time": 4197.785, "Actual Total Time": 8384.416, "Actual Rows": 4450853, "Actual Loops": 1, "Inner Unique": false, "Hash Cond": "(ci.movie_id = mc.movie_id), (LLVM Optimized, Jit Execute)", "Plans": [{"Node Type": "Nested Loop", "Parent Relationship": "Outer", "Join Type": "Inner", "Startup Cost": 20000000000.0, "Total Cost": 2000013878470.18, "Plan Rows": 3296318, "Plan Width": 8, "Actual Startup Time": 0.086, "Actual Total Time": 2102.689, "Actual Rows": 2728943, "Actual Loops": 1, "Inner Unique": false, "Plans": [{"Node Type": "Index Scan", "Parent Relationship": "Outer", "Scan Direction": "Forward", "Index Name": "role_type_pkey", "Relation Name": "role_type", "Alias": "rt", "Startup Cost": 10000000000.0, "Total Cost": 1000000001246.0, "Plan Rows": 1, "Plan Width": 4, "Actual Startup Time": 0.03, "Actual Total Time": 0.046, "Actual Rows": 1, "Actual Loops": 1, "Filter": "((role)::text = 'writer'::text)", "Rows Removed by Filter": 11}, {"Node Type": "Index Scan", "Parent Relationship": "Inner", "Scan Direction": "Forward", "Index Name": "role_id_cast_info", "Relation Name": "cast_info", "Alias": "ci", "Startup Cost": 10000000000.0, "Total Cost": 1000013844261.0, "Plan Rows": 3296318, "Plan Width": 12, "Actual Startup Time": 0.044, "Actual Total Time": 1571.45, "Actual Rows": 2728943, "Actual Loops": 1, "Index Cond": "(role_id = rt.id), (LLVM Optimized, Jit Execute)", "Rows Removed by Index Recheck": 0}]}, {"Node Type": "Hash", "Parent Relationship": "Inner", "Startup Cost": 1000012367349.98, "Total Cost": 1000012367349.98, "Plan Rows": 2609128, "Plan Width": 8, "Actual Startup Time": 4195.219, "Actual Total Time": 4195.219, "Actual Rows": 2609128, "Actual Loops": 1, "Hash Buckets": 4194304, "Hash Batches": 1, "Original Hash Batches": 1, "Peak Memory Usage": 101920, "Plans": [{"Node Type": "Index Scan", "Parent Relationship": "Outer", "Scan Direction": "Forward", "Index Name": "company_id_movie_companies", "Relation Name": "movie_companies", "Alias": "mc", "Startup Cost": 10000000000.0, "Total Cost": 1000012367349.98, "Plan Rows": 2609128, "Plan Width": 8, "Actual Startup Time": 0.029, "Actual Total Time": 3248.221, "Actual Rows": 2609128, "Actual Loops": 1}]}]}, {"Node Type": "Hash", "Parent Relationship": "Inner", "Startup Cost": 1000001050138.97, "Total Cost": 1000001050138.97, "Plan Rows": 85170, "Plan Width": 4, "Actual Startup Time": 334.44, "Actual Total Time": 334.44, "Actual Rows": 84843, "Actual Loops": 1, "Hash Buckets": 131072, "Hash Batches": 1, "Original Hash Batches": 1, "Peak Memory Usage": 2983, "Plans": [{"Node Type": "Index Scan", "Parent Relationship": "Outer", "Scan Direction": "Forward", "Index Name": "company_name_pkey", "Relation Name": "company_name", "Alias": "cn", "Startup Cost": 10000000000.0, "Total Cost": 1000001050138.97, "Plan Rows": 85170, "Plan Width": 4, "Actual Startup Time": 0.068, "Actual Total Time": 308.037, "Actual Rows": 84843, "Actual Loops": 1, "Filter": "((country_code)::text = '[us]'::text)", "Rows Removed by Filter": 150153}]}]}, {"Node Type": "Hash", "Parent Relationship": "Inner", "Startup Cost": 1000006896503.43, "Total Cost": 1000006896503.43, "Plan Rows": 901342, "Plan Width": 20, "Actual Startup Time": 1122.065, "Actual Total Time": 1122.065, "Actual Rows": 901342, "Actual Loops": 1, "Hash Buckets": 1048576, "Hash Batches": 1, "Original Hash Batches": 1, "Peak Memory Usage": 47724, "Plans": [{"Node Type": "Index Scan", "Parent Relationship": "Outer", "Scan Direction": "Forward", "Index Name": "person_id_aka_name", "Relation Name": "aka_name", "Alias": "a1", "Startup Cost": 10000000000.0, "Total Cost": 1000006896503.43, "Plan Rows": 901342, "Plan Width": 20, "Actual Startup Time": 0.05, "Actual Total Time": 796.69, "Actual Rows": 901342, "Actual Loops": 1}]}]}, {"Node Type": "Hash", "Parent Relationship": "Inner", "Startup Cost": 1000012483260.0, "Total Cost": 1000012483260.0, "Plan Rows": 4167490, "Plan Width": 4, "Actual Startup Time": 2320.625, "Actual Total Time": 2320.625, "Actual Rows": 4167490, "Actual Loops": 1, "Hash Buckets": 4194304, "Hash Batches": 1, "Original Hash Batches": 1, "Peak Memory Usage": 146514, "Plans": [{"Node Type": "Index Only Scan", "Parent Relationship": "Outer", "Scan Direction": "Forward", "Index Name": "name_pkey", "Relation Name": "name", "Alias": "n1", "Startup Cost": 10000000000.0, "Total Cost": 1000012483260.0, "Plan Rows": 4167490, "Plan Width": 4, "Actual Startup Time": 0.044, "Actual Total Time": 1056.621, "Actual Rows": 4167490, "Actual Loops": 1, "Heap Fetches": 0}]}]}, {"Node Type": "Hash", "Parent Relationship": "Inner", "Startup Cost": 1000011012048.91, "Total Cost": 1000011012048.91, "Plan Rows": 2528311, "Plan Width": 21, "Actual Startup Time": 4249.764, "Actual Total Time": 4249.764, "Actual Rows": 2528311, "Actual Loops": 1, "Hash Buckets": 4194304, "Hash Batches": 1, "Original Hash Batches": 1, "Peak Memory Usage": 135869, "Plans": [{"Node Type": "Index Scan", "Parent Relationship": "Outer", "Scan Direction": "Forward", "Index Name": "title_pkey", "Relation Name": "title", "Alias": "t", "Startup Cost": 10000000000.0, "Total Cost": 1000011012048.91, "Plan Rows": 2528311, "Plan Width": 21, "Actual Startup Time": 0.045, "Actual Total Time": 3197.382, "Actual Rows": 2528311, "Actual Loops": 1}]}]}]}, "Triggers": [], "Planner Runtime": 51, "Total Runtime": 21608.736, "Unique SQL Id": 2457761703}}, "(64, 108)": {"explain_plan": {"Plan": {"Node Type": "Aggregate", "Strategy": "Plain", "Startup Cost": 528738.29, "Total Cost": 528738.3, "Plan Rows": 1, "Plan Width": 97, "Plans": [{"Node Type": "Hash Join", "Parent Relationship": "Outer", "Join Type": "Inner", "Startup Cost": 336662.4, "Total Cost": 526952.8, "Plan Rows": 357098, "Plan Width": 33, "Inner Unique": true, "Hash Cond": "(mc.company_id = cn.id), (LLVM Optimized)", "Plans": [{"Node Type": "Hash Join", "Parent Relationship": "Outer", "Join Type": "Inner", "Startup Cost": 329694.33, "Total Cost": 513689.03, "Plan Rows": 726589, "Plan Width": 37, "Inner Unique": false, "Hash Cond": "(ci.movie_id = t.id), (LLVM Optimized)", "Plans": [{"Node Type": "Streaming(type: LOCAL GATHER dop: 1/64)", "Parent Relationship": "Outer", "Startup Cost": 254738.78, "Total Cost": 417857.9, "Plan Rows": 1484588, "Plan Width": 20, "Plans": [{"Node Type": "Hash Join", "Parent Relationship": "Outer", "Join Type": "Inner", "Startup Cost": 254738.78, "Total Cost": 387231.02, "Plan Rows": 1484588, "Plan Width": 20, "Inner Unique": false, "Hash Cond": "(a1.person_id = ci.person_id), (LLVM Optimized)", "Plans": [{"Node Type": "Streaming(type: LOCAL REDISTRIBUTE dop: 64/1)", "Parent Relationship": "Outer", "Startup Cost": 202522.7, "Total Cost": 334446.0, "Plan Rows": 901342, "Plan Width": 24, "Plans": [{"Node Type": "Hash Join", "Parent Relationship": "Outer", "Join Type": "Inner", "Startup Cost": 202522.7, "Total Cost": 234824.58, "Plan Rows": 901342, "Plan Width": 24, "Inner Unique": true, "Hash Cond": "(a1.person_id = n1.id), (LLVM Optimized)", "Plans": [{"Node Type": "Seq Scan", "Parent Relationship": "Outer", "Relation Name": "aka_name", "Alias": "a1", "Startup Cost": 0.0, "Total Cost": 19908.42, "Plan Rows": 901342, "Plan Width": 20}, {"Node Type": "Hash", "Parent Relationship": "Inner", "Startup Cost": 150429.08, "Total Cost": 150429.08, "Plan Rows": 4167490, "Plan Width": 4, "Plans": [{"Node Type": "Streaming(type: LOCAL GATHER dop: 1/64)", "Parent Relationship": "Outer", "Startup Cost": 0.0, "Total Cost": 150429.08, "Plan Rows": 4167490, "Plan Width": 4, "Plans": [{"Node Type": "Seq Scan", "Parent Relationship": "Outer", "Relation Name": "name", "Alias": "n1", "Startup Cost": 0.0, "Total Cost": 64454.25, "Plan Rows": 4167490, "Plan Width": 4}]}]}]}]}, {"Node Type": "Hash", "Parent Relationship": "Inner", "Startup Cost": 203464.29, "Total Cost": 203464.29, "Plan Rows": 3296318, "Plan Width": 8, "Plans": [{"Node Type": "Streaming(type: LOCAL REDISTRIBUTE dop: 64/64)", "Parent Relationship": "Outer", "Startup Cost": 63002.48, "Total Cost": 203464.29, "Plan Rows": 3296318, "Plan Width": 8, "Plans": [{"Node Type": "Hash Join", "Parent Relationship": "Outer", "Join Type": "Inner", "Startup Cost": 63002.48, "Total Cost": 137341.8, "Plan Rows": 3296318, "Plan Width": 8, "Inner Unique": true, "Hash Cond": "(ci.role_id = rt.id), (LLVM Optimized)", "Plans": [{"Node Type": "Seq Scan", "Parent Relationship": "Outer", "Relation Name": "cast_info", "Alias": "ci", "Startup Cost": 0.0, "Total Cost": 72404.34, "Plan Rows": 36259494, "Plan Width": 12}, {"Node Type": "Hash", "Parent Relationship": "Inner", "Startup Cost": 63002.47, "Total Cost": 63002.47, "Plan Rows": 64, "Plan Width": 4, "Plans": [{"Node Type": "Streaming(type: BROADCAST dop: 64/1)", "Parent Relationship": "Outer", "Startup Cost": 0.0, "Total Cost": 63002.47, "Plan Rows": 64, "Plan Width": 4, "Plans": [{"Node Type": "Seq Scan", "Parent Relationship": "Outer", "Relation Name": "role_type", "Alias": "rt", "Startup Cost": 0.0, "Total Cost": 1.15, "Plan Rows": 1, "Plan Width": 4, "Filter": "((role)::text = 'writer'::text)"}]}]}]}]}]}]}]}, {"Node Type": "Hash", "Parent Relationship": "Inner", "Startup Cost": 169365.79, "Total Cost": 169365.79, "Plan Rows": 2609128, "Plan Width": 29, "Plans": [{"Node Type": "Hash Join", "Parent Relationship": "Outer", "Join Type": "Inner", "Startup Cost": 91673.0, "Total Cost": 169365.79, "Plan Rows": 2609128, "Plan Width": 29, "Inner Unique": true, "Hash Cond": "(mc.movie_id = t.id), (LLVM Optimized)", "Plans": [{"Node Type": "Seq Scan", "Parent Relationship": "Outer", "Relation Name": "movie_companies", "Alias": "mc", "Startup Cost": 0.0, "Total Cost": 41817.28, "Plan Rows": 2609128, "Plan Width": 8}, {"Node Type": "Hash", "Parent Relationship": "Inner", "Startup Cost": 60069.11, "Total Cost": 60069.11, "Plan Rows": 2528311, "Plan Width": 21, "Plans": [{"Node Type": "Seq Scan", "Parent Relationship": "Outer", "Relation Name": "title", "Alias": "t", "Startup Cost": 0.0, "Total Cost": 60069.11, "Plan Rows": 2528311, "Plan Width": 21}]}]}]}]}, {"Node Type": "Hash", "Parent Relationship": "Inner", "Startup Cost": 5903.45, "Total Cost": 5903.45, "Plan Rows": 85170, "Plan Width": 4, "Plans": [{"Node Type": "Seq Scan", "Parent Relationship": "Outer", "Relation Name": "company_name", "Alias": "cn", "Startup Cost": 0.0, "Total Cost": 5903.45, "Plan Rows": 85170, "Plan Width": 4, "Filter": "((country_code)::text = '[us]'::text)"}]}]}]}, "Unique SQL Id": 2457761703, "Planner Runtime": 151}, "explain_analyze_plan": {"Plan": {"Node Type": "Aggregate", "Strategy": "Plain", "Startup Cost": 528738.29, "Total Cost": 528738.3, "Plan Rows": 1, "Plan Width": 97, "Actual Min Startup Time": 10653.339, "Actual Max Startup Time": 10653.339, "Actual Min Total Time": 10653.34, "Actual Max Total Time": 10653.34, "Plans": [{"Node Type": "Hash Join", "Parent Relationship": "Outer", "Join Type": "Inner", "Startup Cost": 336662.4, "Total Cost": 526952.8, "Plan Rows": 357098, "Plan Width": 33, "Actual Min Startup Time": 5045.785, "Actual Max Startup Time": 5045.785, "Actual Min Total Time": 9470.761, "Actual Max Total Time": 9470.761, "Inner Unique": true, "Hash Cond": "(mc.company_id = cn.id), (LLVM Optimized, Jit Execute)", "Plans": [{"Node Type": "Hash Join", "Parent Relationship": "Outer", "Join Type": "Inner", "Startup Cost": 329694.33, "Total Cost": 513689.03, "Plan Rows": 726589, "Plan Width": 37, "Actual Min Startup Time": 4932.473, "Actual Max Startup Time": 4932.473, "Actual Min Total Time": 8014.504, "Actual Max Total Time": 8014.504, "Inner Unique": false, "Hash Cond": "(ci.movie_id = t.id), (LLVM Optimized, Jit Execute)", "Plans": [{"Node Type": "Streaming(type: LOCAL GATHER dop: 1/64)", "Parent Relationship": "Outer", "Startup Cost": 254738.78, "Total Cost": 417857.9, "Plan Rows": 1484588, "Plan Width": 20, "Actual Min Startup Time": 0.149, "Actual Max Startup Time": 0.149, "Actual Min Total Time": 1136.935, "Actual Max Total Time": 1136.935, "Plans": [{"Node Type": "Hash Join", "Parent Relationship": "Outer", "Join Type": "Inner", "Startup Cost": 254738.78, "Total Cost": 387231.02, "Plan Rows": 1484588, "Plan Width": 20, "Actual Min Startup Time": 2400.847, "Actual Max Startup Time": 4561.54, "Actual Min Total Time": 6405.607, "Actual Max Total Time": 9204.271, "Inner Unique": false, "Hash Cond": "(a1.person_id = ci.person_id), (LLVM Optimized, Jit Execute)", "Plans": [{"Node Type": "Streaming(type: LOCAL REDISTRIBUTE dop: 64/1)", "Parent Relationship": "Outer", "Startup Cost": 202522.7, "Total Cost": 334446.0, "Plan Rows": 901342, "Plan Width": 24, "Actual Min Startup Time": 2082.179, "Actual Max Startup Time": 4189.143, "Actual Min Total Time": 5973.318, "Actual Max Total Time": 8689.53, "Plans": [{"Node Type": "Hash Join", "Parent Relationship": "Outer", "Join Type": "Inner", "Startup Cost": 202522.7, "Total Cost": 234824.58, "Plan Rows": 901342, "Plan Width": 24, "Actual Min Startup Time": 2391.386, "Actual Max Startup Time": 2391.386, "Actual Min Total Time": 3134.379, "Actual Max Total Time": 3134.379, "Inner Unique": true, "Hash Cond": "(a1.person_id = n1.id), (LLVM Optimized, Jit Execute)", "Plans": [{"Node Type": "Seq Scan", "Parent Relationship": "Outer", "Relation Name": "aka_name", "Alias": "a1", "Startup Cost": 0.0, "Total Cost": 19908.42, "Plan Rows": 901342, "Plan Width": 20, "Actual Min Startup Time": 0.031, "Actual Max Startup Time": 0.031, "Actual Min Total Time": 226.0, "Actual Max Total Time": 226.0, "Actual Rows": 901342}, {"Node Type": "Hash", "Parent Relationship": "Inner", "Startup Cost": 150429.08, "Total Cost": 150429.08, "Plan Rows": 4167490, "Plan Width": 4, "Actual Min Startup Time": 2388.72, "Actual Max Startup Time": 2388.72, "Actual Min Total Time": 2388.72, "Actual Max Total Time": 2388.72, "Max Hash Buckets": 4194304, "Min Hash Buckets": 4194304, "Max Hash Batches": 1, "Min Hash Batches": 1, "Max Original Hash Batches": 1, "Min Original Hash Batches": 1, "Max Peak Memory Usage": 146514, "min Peak Memory Usage": 146514, "Plans": [{"Node Type": "Streaming(type: LOCAL GATHER dop: 1/64)", "Parent Relationship": "Outer", "Startup Cost": 0.0, "Total Cost": 150429.08, "Plan Rows": 4167490, "Plan Width": 4, "Actual Min Startup Time": 0.144, "Actual Max Startup Time": 0.144, "Actual Min Total Time": 1203.473, "Actual Max Total Time": 1203.473, "Plans": [{"Node Type": "Seq Scan", "Parent Relationship": "Outer", "Relation Name": "name", "Alias": "n1", "Startup Cost": 0.0, "Total Cost": 64454.25, "Plan Rows": 4167490, "Plan Width": 4, "Actual Min Startup Time": 0.019, "Actual Max Startup Time": 0.041, "Actual Min Total Time": 18.918, "Actual Max Total Time": 22.367, "Actual Rows": 4167490}], "Actual Rows": 4167490}], "Actual Rows": 4167490}], "Actual Rows": 901342}], "Actual Rows": 901342}, {"Node Type": "Hash", "Parent Relationship": "Inner", "Startup Cost": 203464.29, "Total Cost": 203464.29, "Plan Rows": 3296318, "Plan Width": 8, "Actual Min Startup Time": 314.974, "Actual Max Startup Time": 620.859, "Actual Min Total Time": 314.974, "Actual Max Total Time": 620.859, "Max Hash Buckets": 65536, "Min Hash Buckets": 65536, "Max Hash Batches": 1, "Min Hash Batches": 1, "Max Original Hash Batches": 1, "Min Original Hash Batches": 1, "Max Peak Memory Usage": 1483, "min Peak Memory Usage": 1483, "Plans": [{"Node Type": "Streaming(type: LOCAL REDISTRIBUTE dop: 64/64)", "Parent Relationship": "Outer", "Startup Cost": 63002.48, "Total Cost": 203464.29, "Plan Rows": 3296318, "Plan Width": 8, "Actual Min Startup Time": 0.106, "Actual Max Startup Time": 297.598, "Actual Min Total Time": 304.117, "Actual Max Total Time": 610.951, "Plans": [{"Node Type": "Hash Join", "Parent Relationship": "Outer", "Join Type": "Inner", "Startup Cost": 63002.48, "Total Cost": 137341.8, "Plan Rows": 3296318, "Plan Width": 8, "Actual Min Startup Time": 151.808, "Actual Max Startup Time": 321.453, "Actual Min Total Time": 242.856, "Actual Max Total Time": 411.34, "Inner Unique": true, "Hash Cond": "(ci.role_id = rt.id), (LLVM Optimized, Jit Execute)", "Plans": [{"Node Type": "Seq Scan", "Parent Relationship": "Outer", "Relation Name": "cast_info", "Alias": "ci", "Startup Cost": 0.0, "Total Cost": 72404.34, "Plan Rows": 36259494, "Plan Width": 12, "Actual Min Startup Time": 0.025, "Actual Max Startup Time": 9.439, "Actual Min Total Time": 127.377, "Actual Max Total Time": 144.233, "Actual Rows": 36244343}, {"Node Type": "Hash", "Parent Relationship": "Inner", "Startup Cost": 63002.47, "Total Cost": 63002.47, "Plan Rows": 64, "Plan Width": 4, "Actual Min Startup Time": 0.011, "Actual Max Startup Time": 159.839, "Actual Min Total Time": 0.011, "Actual Max Total Time": 159.839, "Max Hash Buckets": 32768, "Min Hash Buckets": 32768, "Max Hash Batches": 1, "Min Hash Batches": 1, "Max Original Hash Batches": 1, "Min Original Hash Batches": 1, "Max Peak Memory Usage": 1, "min Peak Memory Usage": 1, "Plans": [{"Node Type": "Streaming(type: BROADCAST dop: 64/1)", "Parent Relationship": "Outer", "Startup Cost": 0.0, "Total Cost": 63002.47, "Plan Rows": 64, "Plan Width": 4, "Actual Min Startup Time": 0.003, "Actual Max Startup Time": 159.19, "Actual Min Total Time": 0.003, "Actual Max Total Time": 159.194, "Plans": [{"Node Type": "Seq Scan", "Parent Relationship": "Outer", "Relation Name": "role_type", "Alias": "rt", "Startup Cost": 0.0, "Total Cost": 1.15, "Plan Rows": 1, "Plan Width": 4, "Actual Min Startup Time": 0.04, "Actual Max Startup Time": 0.04, "Actual Min Total Time": 0.044, "Actual Max Total Time": 0.044, "Filter": "((role)::text = 'writer'::text)", "Rows Removed by Filter": 11, "Actual Rows": 1}], "Actual Rows": 64}], "Actual Rows": 64}], "Actual Rows": 2728943}], "Actual Rows": 2728943}], "Actual Rows": 2728943}], "Actual Rows": 2343724}], "Actual Rows": 2343724}, {"Node Type": "Hash", "Parent Relationship": "Inner", "Startup Cost": 169365.79, "Total Cost": 169365.79, "Plan Rows": 2609128, "Plan Width": 29, "Actual Min Startup Time": 4926.029, "Actual Max Startup Time": 4926.029, "Actual Min Total Time": 4926.029, "Actual Max Total Time": 4926.029, "Max Hash Buckets": 4194304, "Min Hash Buckets": 4194304, "Max Hash Batches": 1, "Min Hash Batches": 1, "Max Original Hash Batches": 1, "Min Original Hash Batches": 1, "Max Peak Memory Usage": 164769, "min Peak Memory Usage": 164769, "Plans": [{"Node Type": "Hash Join", "Parent Relationship": "Outer", "Join Type": "Inner", "Startup Cost": 91673.0, "Total Cost": 169365.79, "Plan Rows": 2609128, "Plan Width": 29, "Actual Min Startup Time": 1869.664, "Actual Max Startup Time": 1869.664, "Actual Min Total Time": 3974.511, "Actual Max Total Time": 3974.511, "Inner Unique": true, "Hash Cond": "(mc.movie_id = t.id), (LLVM Optimized, Jit Execute)", "Plans": [{"Node Type": "Seq Scan", "Parent Relationship": "Outer", "Relation Name": "movie_companies", "Alias": "mc", "Startup Cost": 0.0, "Total Cost": 41817.28, "Plan Rows": 2609128, "Plan Width": 8, "Actual Min Startup Time": 0.034, "Actual Max Startup Time": 0.034, "Actual Min Total Time": 573.13, "Actual Max Total Time": 573.13, "Actual Rows": 2609128}, {"Node Type": "Hash", "Parent Relationship": "Inner", "Startup Cost": 60069.11, "Total Cost": 60069.11, "Plan Rows": 2528311, "Plan Width": 21, "Actual Min Startup Time": 1867.154, "Actual Max Startup Time": 1867.154, "Actual Min Total Time": 1867.154, "Actual Max Total Time": 1867.154, "Max Hash Buckets": 4194304, "Min Hash Buckets": 4194304, "Max Hash Batches": 1, "Min Hash Batches": 1, "Max Original Hash Batches": 1, "Min Original Hash Batches": 1, "Max Peak Memory Usage": 135869, "min Peak Memory Usage": 135869, "Plans": [{"Node Type": "Seq Scan", "Parent Relationship": "Outer", "Relation Name": "title", "Alias": "t", "Startup Cost": 0.0, "Total Cost": 60069.11, "Plan Rows": 2528311, "Plan Width": 21, "Actual Min Startup Time": 0.025, "Actual Max Startup Time": 0.025, "Actual Min Total Time": 832.832, "Actual Max Total Time": 832.832, "Actual Rows": 2528311}], "Actual Rows": 2528311}], "Actual Rows": 2609128}], "Actual Rows": 2609128}], "Actual Rows": 4961427}, {"Node Type": "Hash", "Parent Relationship": "Inner", "Startup Cost": 5903.45, "Total Cost": 5903.45, "Plan Rows": 85170, "Plan Width": 4, "Actual Min Startup Time": 113.153, "Actual Max Startup Time": 113.153, "Actual Min Total Time": 113.153, "Actual Max Total Time": 113.153, "Max Hash Buckets": 131072, "Min Hash Buckets": 131072, "Max Hash Batches": 1, "Min Hash Batches": 1, "Max Original Hash Batches": 1, "Min Original Hash Batches": 1, "Max Peak Memory Usage": 2983, "min Peak Memory Usage": 2983, "Plans": [{"Node Type": "Seq Scan", "Parent Relationship": "Outer", "Relation Name": "company_name", "Alias": "cn", "Startup Cost": 0.0, "Total Cost": 5903.45, "Plan Rows": 85170, "Plan Width": 4, "Actual Min Startup Time": 0.07, "Actual Max Startup Time": 0.07, "Actual Min Total Time": 89.97, "Actual Max Total Time": 89.97, "Filter": "((country_code)::text = '[us]'::text)", "Rows Removed by Filter": 150153, "Actual Rows": 84843}], "Actual Rows": 84843}], "Actual Rows": 2487611}], "Actual Rows": 1}, "Triggers": [], "Planner Runtime": 172, "Total Runtime": 10708.533, "Unique SQL Id": 2457761703}}, "(64, 109)": {"explain_plan": {"Plan": {"Node Type": "Aggregate", "Strategy": "Plain", "Startup Cost": 824512.34, "Total Cost": 824512.35, "Plan Rows": 1, "Plan Width": 97, "Plans": [{"Node Type": "Hash Join", "Parent Relationship": "Outer", "Join Type": "Inner", "Startup Cost": 746775.06, "Total Cost": 822726.85, "Plan Rows": 357098, "Plan Width": 33, "Inner Unique": false, "Hash Cond": "(a1.person_id = n1.id), (LLVM Optimized)", "Plans": [{"Node Type": "Index Scan", "Parent Relationship": "Outer", "Scan Direction": "Forward", "Index Name": "person_id_aka_name", "Relation Name": "aka_name", "Alias": "a1", "Startup Cost": 0.0, "Total Cost": 68965.03, "Plan Rows": 901342, "Plan Width": 20}, {"Node Type": "Hash", "Parent Relationship": "Inner", "Startup Cost": 737894.33, "Total Cost": 737894.33, "Plan Rows": 710459, "Plan Width": 25, "Plans": [{"Node Type": "Nested Loop", "Parent Relationship": "Outer", "Join Type": "Inner", "Startup Cost": 333231.89, "Total Cost": 737894.33, "Plan Rows": 710459, "Plan Width": 25, "Inner Unique": true, "Plans": [{"Node Type": "Hash Join", "Parent Relationship": "Outer", "Join Type": "Inner", "Startup Cost": 333231.89, "Total Cost": 533716.49, "Plan Rows": 710459, "Plan Width": 21, "Inner Unique": false, "Hash Cond": "(ci.movie_id = t.id), (LLVM Optimized)", "Plans": [{"Node Type": "Nested Loop", "Parent Relationship": "Outer", "Join Type": "Inner", "Startup Cost": 0.0, "Total Cost": 171418.25, "Plan Rows": 3296318, "Plan Width": 8, "Inner Unique": false, "Plans": [{"Node Type": "Index Scan", "Parent Relationship": "Outer", "Scan Direction": "Forward", "Index Name": "role_type_pkey", "Relation Name": "role_type", "Alias": "rt", "Startup Cost": 0.0, "Total Cost": 12.46, "Plan Rows": 1, "Plan Width": 4, "Filter": "((role)::text = 'writer'::text)"}, {"Node Type": "Index Scan", "Parent Relationship": "Inner", "Scan Direction": "Forward", "Index Name": "role_id_cast_info", "Relation Name": "cast_info", "Alias": "ci", "Startup Cost": 0.0, "Total Cost": 138442.61, "Plan Rows": 3296318, "Plan Width": 12, "Index Cond": "(role_id = rt.id), (LLVM Optimized)"}]}, {"Node Type": "Hash", "Parent Relationship": "Inner", "Startup Cost": 317203.01, "Total Cost": 317203.01, "Plan Rows": 1282311, "Plan Width": 25, "Plans": [{"Node Type": "Hash Join", "Parent Relationship": "Outer", "Join Type": "Inner", "Startup Cost": 153290.39, "Total Cost": 317203.01, "Plan Rows": 1282311, "Plan Width": 25, "Inner Unique": true, "Hash Cond": "(mc.movie_id = t.id), (LLVM Optimized)", "Plans": [{"Node Type": "Hash Join", "Parent Relationship": "Outer", "Join Type": "Inner", "Startup Cost": 11566.01, "Total Cost": 157846.85, "Plan Rows": 1282311, "Plan Width": 4, "Inner Unique": true, "Hash Cond": "(mc.company_id = cn.id), (LLVM Optimized)", "Plans": [{"Node Type": "Index Scan", "Parent Relationship": "Outer", "Scan Direction": "Forward", "Index Name": "company_id_movie_companies", "Relation Name": "movie_companies", "Alias": "mc", "Startup Cost": 0.0, "Total Cost": 123673.5, "Plan Rows": 2609128, "Plan Width": 8}, {"Node Type": "Hash", "Parent Relationship": "Inner", "Startup Cost": 10501.39, "Total Cost": 10501.39, "Plan Rows": 85170, "Plan Width": 4, "Plans": [{"Node Type": "Index Scan", "Parent Relationship": "Outer", "Scan Direction": "Forward", "Index Name": "company_name_pkey", "Relation Name": "company_name", "Alias": "cn", "Startup Cost": 0.0, "Total Cost": 10501.39, "Plan Rows": 85170, "Plan Width": 4, "Filter": "((country_code)::text = '[us]'::text)"}]}]}, {"Node Type": "Hash", "Parent Relationship": "Inner", "Startup Cost": 110120.49, "Total Cost": 110120.49, "Plan Rows": 2528311, "Plan Width": 21, "Plans": [{"Node Type": "Index Scan", "Parent Relationship": "Outer", "Scan Direction": "Forward", "Index Name": "title_pkey", "Relation Name": "title", "Alias": "t", "Startup Cost": 0.0, "Total Cost": 110120.49, "Plan Rows": 2528311, "Plan Width": 21}]}]}]}]}, {"Node Type": "Index Scan", "Parent Relationship": "Inner", "Scan Direction": "Forward", "Index Name": "name_pkey", "Relation Name": "name", "Alias": "n1", "Startup Cost": 0.0, "Total Cost": 0.28, "Plan Rows": 1, "Plan Width": 4, "Index Cond": "(id = ci.person_id)"}]}]}]}]}, "Unique SQL Id": 2457761703, "Planner Runtime": 88}, "explain_analyze_plan": null}, "(64, 110)": {"explain_plan": {"Plan": {"Node Type": "Aggregate", "Strategy": "Plain", "Startup Cost": 528738.29, "Total Cost": 528738.3, "Plan Rows": 1, "Plan Width": 97, "Plans": [{"Node Type": "Hash Join", "Parent Relationship": "Outer", "Join Type": "Inner", "Startup Cost": 336662.4, "Total Cost": 526952.8, "Plan Rows": 357098, "Plan Width": 33, "Inner Unique": true, "Hash Cond": "(mc.company_id = cn.id), (LLVM Optimized)", "Plans": [{"Node Type": "Hash Join", "Parent Relationship": "Outer", "Join Type": "Inner", "Startup Cost": 329694.33, "Total Cost": 513689.03, "Plan Rows": 726589, "Plan Width": 37, "Inner Unique": false, "Hash Cond": "(ci.movie_id = t.id), (LLVM Optimized)", "Plans": [{"Node Type": "Streaming(type: LOCAL GATHER dop: 1/64)", "Parent Relationship": "Outer", "Startup Cost": 254738.78, "Total Cost": 417857.9, "Plan Rows": 1484588, "Plan Width": 20, "Plans": [{"Node Type": "Hash Join", "Parent Relationship": "Outer", "Join Type": "Inner", "Startup Cost": 254738.78, "Total Cost": 387231.02, "Plan Rows": 1484588, "Plan Width": 20, "Inner Unique": false, "Hash Cond": "(a1.person_id = ci.person_id), (LLVM Optimized)", "Plans": [{"Node Type": "Streaming(type: LOCAL REDISTRIBUTE dop: 64/1)", "Parent Relationship": "Outer", "Startup Cost": 202522.7, "Total Cost": 334446.0, "Plan Rows": 901342, "Plan Width": 24, "Plans": [{"Node Type": "Hash Join", "Parent Relationship": "Outer", "Join Type": "Inner", "Startup Cost": 202522.7, "Total Cost": 234824.58, "Plan Rows": 901342, "Plan Width": 24, "Inner Unique": true, "Hash Cond": "(a1.person_id = n1.id), (LLVM Optimized)", "Plans": [{"Node Type": "Seq Scan", "Parent Relationship": "Outer", "Relation Name": "aka_name", "Alias": "a1", "Startup Cost": 0.0, "Total Cost": 19908.42, "Plan Rows": 901342, "Plan Width": 20}, {"Node Type": "Hash", "Parent Relationship": "Inner", "Startup Cost": 150429.08, "Total Cost": 150429.08, "Plan Rows": 4167490, "Plan Width": 4, "Plans": [{"Node Type": "Streaming(type: LOCAL GATHER dop: 1/64)", "Parent Relationship": "Outer", "Startup Cost": 0.0, "Total Cost": 150429.08, "Plan Rows": 4167490, "Plan Width": 4, "Plans": [{"Node Type": "Seq Scan", "Parent Relationship": "Outer", "Relation Name": "name", "Alias": "n1", "Startup Cost": 0.0, "Total Cost": 64454.25, "Plan Rows": 4167490, "Plan Width": 4}]}]}]}]}, {"Node Type": "Hash", "Parent Relationship": "Inner", "Startup Cost": 203464.29, "Total Cost": 203464.29, "Plan Rows": 3296318, "Plan Width": 8, "Plans": [{"Node Type": "Streaming(type: LOCAL REDISTRIBUTE dop: 64/64)", "Parent Relationship": "Outer", "Startup Cost": 63002.48, "Total Cost": 203464.29, "Plan Rows": 3296318, "Plan Width": 8, "Plans": [{"Node Type": "Hash Join", "Parent Relationship": "Outer", "Join Type": "Inner", "Startup Cost": 63002.48, "Total Cost": 137341.8, "Plan Rows": 3296318, "Plan Width": 8, "Inner Unique": true, "Hash Cond": "(ci.role_id = rt.id), (LLVM Optimized)", "Plans": [{"Node Type": "Seq Scan", "Parent Relationship": "Outer", "Relation Name": "cast_info", "Alias": "ci", "Startup Cost": 0.0, "Total Cost": 72404.34, "Plan Rows": 36259494, "Plan Width": 12}, {"Node Type": "Hash", "Parent Relationship": "Inner", "Startup Cost": 63002.47, "Total Cost": 63002.47, "Plan Rows": 64, "Plan Width": 4, "Plans": [{"Node Type": "Streaming(type: BROADCAST dop: 64/1)", "Parent Relationship": "Outer", "Startup Cost": 0.0, "Total Cost": 63002.47, "Plan Rows": 64, "Plan Width": 4, "Plans": [{"Node Type": "Seq Scan", "Parent Relationship": "Outer", "Relation Name": "role_type", "Alias": "rt", "Startup Cost": 0.0, "Total Cost": 1.15, "Plan Rows": 1, "Plan Width": 4, "Filter": "((role)::text = 'writer'::text)"}]}]}]}]}]}]}]}, {"Node Type": "Hash", "Parent Relationship": "Inner", "Startup Cost": 169365.79, "Total Cost": 169365.79, "Plan Rows": 2609128, "Plan Width": 29, "Plans": [{"Node Type": "Hash Join", "Parent Relationship": "Outer", "Join Type": "Inner", "Startup Cost": 91673.0, "Total Cost": 169365.79, "Plan Rows": 2609128, "Plan Width": 29, "Inner Unique": true, "Hash Cond": "(mc.movie_id = t.id), (LLVM Optimized)", "Plans": [{"Node Type": "Seq Scan", "Parent Relationship": "Outer", "Relation Name": "movie_companies", "Alias": "mc", "Startup Cost": 0.0, "Total Cost": 41817.28, "Plan Rows": 2609128, "Plan Width": 8}, {"Node Type": "Hash", "Parent Relationship": "Inner", "Startup Cost": 60069.11, "Total Cost": 60069.11, "Plan Rows": 2528311, "Plan Width": 21, "Plans": [{"Node Type": "Seq Scan", "Parent Relationship": "Outer", "Relation Name": "title", "Alias": "t", "Startup Cost": 0.0, "Total Cost": 60069.11, "Plan Rows": 2528311, "Plan Width": 21}]}]}]}]}, {"Node Type": "Hash", "Parent Relationship": "Inner", "Startup Cost": 5903.45, "Total Cost": 5903.45, "Plan Rows": 85170, "Plan Width": 4, "Plans": [{"Node Type": "Seq Scan", "Parent Relationship": "Outer", "Relation Name": "company_name", "Alias": "cn", "Startup Cost": 0.0, "Total Cost": 5903.45, "Plan Rows": 85170, "Plan Width": 4, "Filter": "((country_code)::text = '[us]'::text)"}]}]}]}, "Unique SQL Id": 2457761703, "Planner Runtime": 172}, "explain_analyze_plan": {"Plan": {"Node Type": "Aggregate", "Strategy": "Plain", "Startup Cost": 528738.29, "Total Cost": 528738.3, "Plan Rows": 1, "Plan Width": 97, "Actual Min Startup Time": 10653.339, "Actual Max Startup Time": 10653.339, "Actual Min Total Time": 10653.34, "Actual Max Total Time": 10653.34, "Plans": [{"Node Type": "Hash Join", "Parent Relationship": "Outer", "Join Type": "Inner", "Startup Cost": 336662.4, "Total Cost": 526952.8, "Plan Rows": 357098, "Plan Width": 33, "Actual Min Startup Time": 5045.785, "Actual Max Startup Time": 5045.785, "Actual Min Total Time": 9470.761, "Actual Max Total Time": 9470.761, "Inner Unique": true, "Hash Cond": "(mc.company_id = cn.id), (LLVM Optimized, Jit Execute)", "Plans": [{"Node Type": "Hash Join", "Parent Relationship": "Outer", "Join Type": "Inner", "Startup Cost": 329694.33, "Total Cost": 513689.03, "Plan Rows": 726589, "Plan Width": 37, "Actual Min Startup Time": 4932.473, "Actual Max Startup Time": 4932.473, "Actual Min Total Time": 8014.504, "Actual Max Total Time": 8014.504, "Inner Unique": false, "Hash Cond": "(ci.movie_id = t.id), (LLVM Optimized, Jit Execute)", "Plans": [{"Node Type": "Streaming(type: LOCAL GATHER dop: 1/64)", "Parent Relationship": "Outer", "Startup Cost": 254738.78, "Total Cost": 417857.9, "Plan Rows": 1484588, "Plan Width": 20, "Actual Min Startup Time": 0.149, "Actual Max Startup Time": 0.149, "Actual Min Total Time": 1136.935, "Actual Max Total Time": 1136.935, "Plans": [{"Node Type": "Hash Join", "Parent Relationship": "Outer", "Join Type": "Inner", "Startup Cost": 254738.78, "Total Cost": 387231.02, "Plan Rows": 1484588, "Plan Width": 20, "Actual Min Startup Time": 2400.847, "Actual Max Startup Time": 4561.54, "Actual Min Total Time": 6405.607, "Actual Max Total Time": 9204.271, "Inner Unique": false, "Hash Cond": "(a1.person_id = ci.person_id), (LLVM Optimized, Jit Execute)", "Plans": [{"Node Type": "Streaming(type: LOCAL REDISTRIBUTE dop: 64/1)", "Parent Relationship": "Outer", "Startup Cost": 202522.7, "Total Cost": 334446.0, "Plan Rows": 901342, "Plan Width": 24, "Actual Min Startup Time": 2082.179, "Actual Max Startup Time": 4189.143, "Actual Min Total Time": 5973.318, "Actual Max Total Time": 8689.53, "Plans": [{"Node Type": "Hash Join", "Parent Relationship": "Outer", "Join Type": "Inner", "Startup Cost": 202522.7, "Total Cost": 234824.58, "Plan Rows": 901342, "Plan Width": 24, "Actual Min Startup Time": 2391.386, "Actual Max Startup Time": 2391.386, "Actual Min Total Time": 3134.379, "Actual Max Total Time": 3134.379, "Inner Unique": true, "Hash Cond": "(a1.person_id = n1.id), (LLVM Optimized, Jit Execute)", "Plans": [{"Node Type": "Seq Scan", "Parent Relationship": "Outer", "Relation Name": "aka_name", "Alias": "a1", "Startup Cost": 0.0, "Total Cost": 19908.42, "Plan Rows": 901342, "Plan Width": 20, "Actual Min Startup Time": 0.031, "Actual Max Startup Time": 0.031, "Actual Min Total Time": 226.0, "Actual Max Total Time": 226.0, "Actual Rows": 901342}, {"Node Type": "Hash", "Parent Relationship": "Inner", "Startup Cost": 150429.08, "Total Cost": 150429.08, "Plan Rows": 4167490, "Plan Width": 4, "Actual Min Startup Time": 2388.72, "Actual Max Startup Time": 2388.72, "Actual Min Total Time": 2388.72, "Actual Max Total Time": 2388.72, "Max Hash Buckets": 4194304, "Min Hash Buckets": 4194304, "Max Hash Batches": 1, "Min Hash Batches": 1, "Max Original Hash Batches": 1, "Min Original Hash Batches": 1, "Max Peak Memory Usage": 146514, "min Peak Memory Usage": 146514, "Plans": [{"Node Type": "Streaming(type: LOCAL GATHER dop: 1/64)", "Parent Relationship": "Outer", "Startup Cost": 0.0, "Total Cost": 150429.08, "Plan Rows": 4167490, "Plan Width": 4, "Actual Min Startup Time": 0.144, "Actual Max Startup Time": 0.144, "Actual Min Total Time": 1203.473, "Actual Max Total Time": 1203.473, "Plans": [{"Node Type": "Seq Scan", "Parent Relationship": "Outer", "Relation Name": "name", "Alias": "n1", "Startup Cost": 0.0, "Total Cost": 64454.25, "Plan Rows": 4167490, "Plan Width": 4, "Actual Min Startup Time": 0.019, "Actual Max Startup Time": 0.041, "Actual Min Total Time": 18.918, "Actual Max Total Time": 22.367, "Actual Rows": 4167490}], "Actual Rows": 4167490}], "Actual Rows": 4167490}], "Actual Rows": 901342}], "Actual Rows": 901342}, {"Node Type": "Hash", "Parent Relationship": "Inner", "Startup Cost": 203464.29, "Total Cost": 203464.29, "Plan Rows": 3296318, "Plan Width": 8, "Actual Min Startup Time": 314.974, "Actual Max Startup Time": 620.859, "Actual Min Total Time": 314.974, "Actual Max Total Time": 620.859, "Max Hash Buckets": 65536, "Min Hash Buckets": 65536, "Max Hash Batches": 1, "Min Hash Batches": 1, "Max Original Hash Batches": 1, "Min Original Hash Batches": 1, "Max Peak Memory Usage": 1483, "min Peak Memory Usage": 1483, "Plans": [{"Node Type": "Streaming(type: LOCAL REDISTRIBUTE dop: 64/64)", "Parent Relationship": "Outer", "Startup Cost": 63002.48, "Total Cost": 203464.29, "Plan Rows": 3296318, "Plan Width": 8, "Actual Min Startup Time": 0.106, "Actual Max Startup Time": 297.598, "Actual Min Total Time": 304.117, "Actual Max Total Time": 610.951, "Plans": [{"Node Type": "Hash Join", "Parent Relationship": "Outer", "Join Type": "Inner", "Startup Cost": 63002.48, "Total Cost": 137341.8, "Plan Rows": 3296318, "Plan Width": 8, "Actual Min Startup Time": 151.808, "Actual Max Startup Time": 321.453, "Actual Min Total Time": 242.856, "Actual Max Total Time": 411.34, "Inner Unique": true, "Hash Cond": "(ci.role_id = rt.id), (LLVM Optimized, Jit Execute)", "Plans": [{"Node Type": "Seq Scan", "Parent Relationship": "Outer", "Relation Name": "cast_info", "Alias": "ci", "Startup Cost": 0.0, "Total Cost": 72404.34, "Plan Rows": 36259494, "Plan Width": 12, "Actual Min Startup Time": 0.025, "Actual Max Startup Time": 9.439, "Actual Min Total Time": 127.377, "Actual Max Total Time": 144.233, "Actual Rows": 36244343}, {"Node Type": "Hash", "Parent Relationship": "Inner", "Startup Cost": 63002.47, "Total Cost": 63002.47, "Plan Rows": 64, "Plan Width": 4, "Actual Min Startup Time": 0.011, "Actual Max Startup Time": 159.839, "Actual Min Total Time": 0.011, "Actual Max Total Time": 159.839, "Max Hash Buckets": 32768, "Min Hash Buckets": 32768, "Max Hash Batches": 1, "Min Hash Batches": 1, "Max Original Hash Batches": 1, "Min Original Hash Batches": 1, "Max Peak Memory Usage": 1, "min Peak Memory Usage": 1, "Plans": [{"Node Type": "Streaming(type: BROADCAST dop: 64/1)", "Parent Relationship": "Outer", "Startup Cost": 0.0, "Total Cost": 63002.47, "Plan Rows": 64, "Plan Width": 4, "Actual Min Startup Time": 0.003, "Actual Max Startup Time": 159.19, "Actual Min Total Time": 0.003, "Actual Max Total Time": 159.194, "Plans": [{"Node Type": "Seq Scan", "Parent Relationship": "Outer", "Relation Name": "role_type", "Alias": "rt", "Startup Cost": 0.0, "Total Cost": 1.15, "Plan Rows": 1, "Plan Width": 4, "Actual Min Startup Time": 0.04, "Actual Max Startup Time": 0.04, "Actual Min Total Time": 0.044, "Actual Max Total Time": 0.044, "Filter": "((role)::text = 'writer'::text)", "Rows Removed by Filter": 11, "Actual Rows": 1}], "Actual Rows": 64}], "Actual Rows": 64}], "Actual Rows": 2728943}], "Actual Rows": 2728943}], "Actual Rows": 2728943}], "Actual Rows": 2343724}], "Actual Rows": 2343724}, {"Node Type": "Hash", "Parent Relationship": "Inner", "Startup Cost": 169365.79, "Total Cost": 169365.79, "Plan Rows": 2609128, "Plan Width": 29, "Actual Min Startup Time": 4926.029, "Actual Max Startup Time": 4926.029, "Actual Min Total Time": 4926.029, "Actual Max Total Time": 4926.029, "Max Hash Buckets": 4194304, "Min Hash Buckets": 4194304, "Max Hash Batches": 1, "Min Hash Batches": 1, "Max Original Hash Batches": 1, "Min Original Hash Batches": 1, "Max Peak Memory Usage": 164769, "min Peak Memory Usage": 164769, "Plans": [{"Node Type": "Hash Join", "Parent Relationship": "Outer", "Join Type": "Inner", "Startup Cost": 91673.0, "Total Cost": 169365.79, "Plan Rows": 2609128, "Plan Width": 29, "Actual Min Startup Time": 1869.664, "Actual Max Startup Time": 1869.664, "Actual Min Total Time": 3974.511, "Actual Max Total Time": 3974.511, "Inner Unique": true, "Hash Cond": "(mc.movie_id = t.id), (LLVM Optimized, Jit Execute)", "Plans": [{"Node Type": "Seq Scan", "Parent Relationship": "Outer", "Relation Name": "movie_companies", "Alias": "mc", "Startup Cost": 0.0, "Total Cost": 41817.28, "Plan Rows": 2609128, "Plan Width": 8, "Actual Min Startup Time": 0.034, "Actual Max Startup Time": 0.034, "Actual Min Total Time": 573.13, "Actual Max Total Time": 573.13, "Actual Rows": 2609128}, {"Node Type": "Hash", "Parent Relationship": "Inner", "Startup Cost": 60069.11, "Total Cost": 60069.11, "Plan Rows": 2528311, "Plan Width": 21, "Actual Min Startup Time": 1867.154, "Actual Max Startup Time": 1867.154, "Actual Min Total Time": 1867.154, "Actual Max Total Time": 1867.154, "Max Hash Buckets": 4194304, "Min Hash Buckets": 4194304, "Max Hash Batches": 1, "Min Hash Batches": 1, "Max Original Hash Batches": 1, "Min Original Hash Batches": 1, "Max Peak Memory Usage": 135869, "min Peak Memory Usage": 135869, "Plans": [{"Node Type": "Seq Scan", "Parent Relationship": "Outer", "Relation Name": "title", "Alias": "t", "Startup Cost": 0.0, "Total Cost": 60069.11, "Plan Rows": 2528311, "Plan Width": 21, "Actual Min Startup Time": 0.025, "Actual Max Startup Time": 0.025, "Actual Min Total Time": 832.832, "Actual Max Total Time": 832.832, "Actual Rows": 2528311}], "Actual Rows": 2528311}], "Actual Rows": 2609128}], "Actual Rows": 2609128}], "Actual Rows": 4961427}, {"Node Type": "Hash", "Parent Relationship": "Inner", "Startup Cost": 5903.45, "Total Cost": 5903.45, "Plan Rows": 85170, "Plan Width": 4, "Actual Min Startup Time": 113.153, "Actual Max Startup Time": 113.153, "Actual Min Total Time": 113.153, "Actual Max Total Time": 113.153, "Max Hash Buckets": 131072, "Min Hash Buckets": 131072, "Max Hash Batches": 1, "Min Hash Batches": 1, "Max Original Hash Batches": 1, "Min Original Hash Batches": 1, "Max Peak Memory Usage": 2983, "min Peak Memory Usage": 2983, "Plans": [{"Node Type": "Seq Scan", "Parent Relationship": "Outer", "Relation Name": "company_name", "Alias": "cn", "Startup Cost": 0.0, "Total Cost": 5903.45, "Plan Rows": 85170, "Plan Width": 4, "Actual Min Startup Time": 0.07, "Actual Max Startup Time": 0.07, "Actual Min Total Time": 89.97, "Actual Max Total Time": 89.97, "Filter": "((country_code)::text = '[us]'::text)", "Rows Removed by Filter": 150153, "Actual Rows": 84843}], "Actual Rows": 84843}], "Actual Rows": 2487611}], "Actual Rows": 1}, "Triggers": [], "Planner Runtime": 172, "Total Runtime": 10708.533, "Unique SQL Id": 2457761703}}, "(64, 111)": {"explain_plan": {"Plan": {"Node Type": "Aggregate", "Strategy": "Plain", "Startup Cost": 7000064078295.12, "Total Cost": 7000064078295.13, "Plan Rows": 1, "Plan Width": 97, "Plans": [{"Node Type": "Hash Join", "Parent Relationship": "Outer", "Join Type": "Inner", "Startup Cost": 5020049077959.01, "Total Cost": 7000064076509.63, "Plan Rows": 357098, "Plan Width": 33, "Inner Unique": true, "Hash Cond": "(ci.movie_id = t.id), (LLVM Optimized)", "Plans": [{"Node Type": "Hash Join", "Parent Relationship": "Outer", "Join Type": "Inner", "Startup Cost": 4020038034306.21, "Total Cost": 6000053027945.68, "Plan Rows": 357379, "Plan Width": 24, "Inner Unique": true, "Hash Cond": "(a1.person_id = n1.id), (LLVM Optimized)", "Plans": [{"Node Type": "Hash Join", "Parent Relationship": "Outer", "Join Type": "Inner", "Startup Cost": 3020020358937.88, "Total Cost": 5000035347663.39, "Plan Rows": 357379, "Plan Width": 32, "Inner Unique": false, "Hash Cond": "(ci.person_id = a1.person_id), (LLVM Optimized)", "Plans": [{"Node Type": "Hash Join", "Parent Relationship": "Outer", "Join Type": "Inner", "Startup Cost": 2020013451167.68, "Total Cost": 4000028220844.2, "Plan Rows": 711018, "Plan Width": 12, "Inner Unique": true, "Hash Cond": "(mc.company_id = cn.id), (LLVM Optimized)", "Plans": [{"Node Type": "Hash Join", "Parent Relationship": "Outer", "Join Type": "Inner", "Startup Cost": 1020012399964.08, "Total Cost": 3000027157105.25, "Plan Rows": 1446714, "Plan Width": 16, "Inner Unique": false, "Hash Cond": "(ci.movie_id = mc.movie_id), (LLVM Optimized)", "Plans": [{"Node Type": "Nested Loop", "Parent Relationship": "Outer", "Join Type": "Inner", "Startup Cost": 20000000000.0, "Total Cost": 2000013878470.18, "Plan Rows": 3296318, "Plan Width": 8, "Inner Unique": false, "Plans": [{"Node Type": "Index Scan", "Parent Relationship": "Outer", "Scan Direction": "Forward", "Index Name": "role_type_pkey", "Relation Name": "role_type", "Alias": "rt", "Startup Cost": 10000000000.0, "Total Cost": 1000000001246.0, "Plan Rows": 1, "Plan Width": 4, "Filter": "((role)::text = 'writer'::text)"}, {"Node Type": "Index Scan", "Parent Relationship": "Inner", "Scan Direction": "Forward", "Index Name": "role_id_cast_info", "Relation Name": "cast_info", "Alias": "ci", "Startup Cost": 10000000000.0, "Total Cost": 1000013844261.0, "Plan Rows": 3296318, "Plan Width": 12, "Index Cond": "(role_id = rt.id), (LLVM Optimized)"}]}, {"Node Type": "Hash", "Parent Relationship": "Inner", "Startup Cost": 1000012367349.98, "Total Cost": 1000012367349.98, "Plan Rows": 2609128, "Plan Width": 8, "Plans": [{"Node Type": "Index Scan", "Parent Relationship": "Outer", "Scan Direction": "Forward", "Index Name": "company_id_movie_companies", "Relation Name": "movie_companies", "Alias": "mc", "Startup Cost": 10000000000.0, "Total Cost": 1000012367349.98, "Plan Rows": 2609128, "Plan Width": 8}]}]}, {"Node Type": "Hash", "Parent Relationship": "Inner", "Startup Cost": 1000001050138.97, "Total Cost": 1000001050138.97, "Plan Rows": 85170, "Plan Width": 4, "Plans": [{"Node Type": "Index Scan", "Parent Relationship": "Outer", "Scan Direction": "Forward", "Index Name": "company_name_pkey", "Relation Name": "company_name", "Alias": "cn", "Startup Cost": 10000000000.0, "Total Cost": 1000001050138.97, "Plan Rows": 85170, "Plan Width": 4, "Filter": "((country_code)::text = '[us]'::text)"}]}]}, {"Node Type": "Hash", "Parent Relationship": "Inner", "Startup Cost": 1000006896503.43, "Total Cost": 1000006896503.43, "Plan Rows": 901342, "Plan Width": 20, "Plans": [{"Node Type": "Index Scan", "Parent Relationship": "Outer", "Scan Direction": "Forward", "Index Name": "person_id_aka_name", "Relation Name": "aka_name", "Alias": "a1", "Startup Cost": 10000000000.0, "Total Cost": 1000006896503.43, "Plan Rows": 901342, "Plan Width": 20}]}]}, {"Node Type": "Hash", "Parent Relationship": "Inner", "Startup Cost": 1000017623274.7, "Total Cost": 1000017623274.7, "Plan Rows": 4167490, "Plan Width": 4, "Plans": [{"Node Type": "Index Scan", "Parent Relationship": "Outer", "Scan Direction": "Forward", "Index Name": "name_pkey", "Relation Name": "name", "Alias": "n1", "Startup Cost": 10000000000.0, "Total Cost": 1000017623274.7, "Plan Rows": 4167490, "Plan Width": 4}]}]}, {"Node Type": "Hash", "Parent Relationship": "Inner", "Startup Cost": 1000011012048.91, "Total Cost": 1000011012048.91, "Plan Rows": 2528311, "Plan Width": 21, "Plans": [{"Node Type": "Index Scan", "Parent Relationship": "Outer", "Scan Direction": "Forward", "Index Name": "title_pkey", "Relation Name": "title", "Alias": "t", "Startup Cost": 10000000000.0, "Total Cost": 1000011012048.91, "Plan Rows": 2528311, "Plan Width": 21}]}]}]}, "Unique SQL Id": 2457761703, "Planner Runtime": 50}, "explain_analyze_plan": null}, "(64, 112)": {"explain_plan": {"Plan": {"Node Type": "Aggregate", "Strategy": "Plain", "Startup Cost": 1965944.02, "Total Cost": 1965944.03, "Plan Rows": 1, "Plan Width": 97, "Plans": [{"Node Type": "Nested Loop", "Parent Relationship": "Outer", "Join Type": "Inner", "Startup Cost": 0.0, "Total Cost": 1964158.53, "Plan Rows": 357098, "Plan Width": 33, "Inner Unique": true, "Join Filter": "(a1.person_id = n1.id), (LLVM Optimized)", "Plans": [{"Node Type": "Nested Loop", "Parent Relationship": "Outer", "Join Type": "Inner", "Startup Cost": 0.0, "Total Cost": 1862664.6, "Plan Rows": 357098, "Plan Width": 41, "Inner Unique": true, "Plans": [{"Node Type": "Nested Loop", "Parent Relationship": "Outer", "Join Type": "Inner", "Startup Cost": 0.0, "Total Cost": 1760862.26, "Plan Rows": 357379, "Plan Width": 32, "Inner Unique": false, "Plans": [{"Node Type": "Nested Loop", "Parent Relationship": "Outer", "Join Type": "Inner", "Startup Cost": 0.0, "Total Cost": 1560689.3, "Plan Rows": 711018, "Plan Width": 12, "Inner Unique": false, "Join Filter": "(ci.role_id = rt.id), (LLVM Optimized)", "Plans": [{"Node Type": "Seq Scan", "Parent Relationship": "Outer", "Relation Name": "role_type", "Alias": "rt", "Startup Cost": 0.0, "Total Cost": 1.15, "Plan Rows": 1, "Plan Width": 4, "Filter": "((role)::text = 'writer'::text)"}, {"Node Type": "Nested Loop", "Parent Relationship": "Inner", "Join Type": "Inner", "Startup Cost": 0.0, "Total Cost": 1462923.14, "Plan Rows": 7821201, "Plan Width": 16, "Inner Unique": false, "Plans": [{"Node Type": "Nested Loop", "Parent Relationship": "Outer", "Join Type": "Inner", "Startup Cost": 0.0, "Total Cost": 166734.45, "Plan Rows": 1282311, "Plan Width": 4, "Inner Unique": false, "Plans": [{"Node Type": "Seq Scan", "Parent Relationship": "Outer", "Relation Name": "company_name", "Alias": "cn", "Startup Cost": 0.0, "Total Cost": 5903.45, "Plan Rows": 85170, "Plan Width": 4, "Filter": "((country_code)::text = '[us]'::text)"}, {"Node Type": "Index Scan", "Parent Relationship": "Inner", "Scan Direction": "Forward", "Index Name": "company_id_movie_companies", "Relation Name": "movie_companies", "Alias": "mc", "Startup Cost": 0.0, "Total Cost": 1.74, "Plan Rows": 15, "Plan Width": 8, "Index Cond": "(company_id = cn.id)"}]}, {"Node Type": "Index Scan", "Parent Relationship": "Inner", "Scan Direction": "Forward", "Index Name": "movie_id_cast_info", "Relation Name": "cast_info", "Alias": "ci", "Startup Cost": 0.0, "Total Cost": 0.95, "Plan Rows": 6, "Plan Width": 12, "Index Cond": "(movie_id = mc.movie_id)"}]}]}, {"Node Type": "Index Scan", "Parent Relationship": "Inner", "Scan Direction": "Forward", "Index Name": "person_id_aka_name", "Relation Name": "aka_name", "Alias": "a1", "Startup Cost": 0.0, "Total Cost": 0.27, "Plan Rows": 1, "Plan Width": 20, "Index Cond": "(person_id = ci.person_id)"}]}, {"Node Type": "Index Scan", "Parent Relationship": "Inner", "Scan Direction": "Forward", "Index Name": "title_pkey", "Relation Name": "title", "Alias": "t", "Startup Cost": 0.0, "Total Cost": 0.27, "Plan Rows": 1, "Plan Width": 21, "Index Cond": "(id = ci.movie_id)"}]}, {"Node Type": "Index Only Scan", "Parent Relationship": "Inner", "Scan Direction": "Forward", "Index Name": "name_pkey", "Relation Name": "name", "Alias": "n1", "Startup Cost": 0.0, "Total Cost": 0.27, "Plan Rows": 1, "Plan Width": 4, "Index Cond": "(id = ci.person_id)"}]}]}, "Unique SQL Id": 2457761703, "Planner Runtime": 5}, "explain_analyze_plan": null}, "(64, 113)": {"explain_plan": {"Plan": {"Node Type": "Aggregate", "Strategy": "Plain", "Startup Cost": 1970553.27, "Total Cost": 1970553.28, "Plan Rows": 1, "Plan Width": 97, "Plans": [{"Node Type": "Nested Loop", "Parent Relationship": "Outer", "Join Type": "Inner", "Startup Cost": 0.0, "Total Cost": 1968767.78, "Plan Rows": 357098, "Plan Width": 33, "Inner Unique": true, "Join Filter": "(a1.person_id = n1.id), (LLVM Optimized)", "Plans": [{"Node Type": "Nested Loop", "Parent Relationship": "Outer", "Join Type": "Inner", "Startup Cost": 0.0, "Total Cost": 1867273.85, "Plan Rows": 357098, "Plan Width": 41, "Inner Unique": true, "Plans": [{"Node Type": "Nested Loop", "Parent Relationship": "Outer", "Join Type": "Inner", "Startup Cost": 0.0, "Total Cost": 1765471.51, "Plan Rows": 357379, "Plan Width": 32, "Inner Unique": false, "Plans": [{"Node Type": "Nested Loop", "Parent Relationship": "Outer", "Join Type": "Inner", "Startup Cost": 0.0, "Total Cost": 1565298.55, "Plan Rows": 711018, "Plan Width": 12, "Inner Unique": false, "Join Filter": "(ci.role_id = rt.id), (LLVM Optimized)", "Plans": [{"Node Type": "Index Scan", "Parent Relationship": "Outer", "Scan Direction": "Forward", "Index Name": "role_type_pkey", "Relation Name": "role_type", "Alias": "rt", "Startup Cost": 0.0, "Total Cost": 12.46, "Plan Rows": 1, "Plan Width": 4, "Filter": "((role)::text = 'writer'::text)"}, {"Node Type": "Nested Loop", "Parent Relationship": "Inner", "Join Type": "Inner", "Startup Cost": 0.0, "Total Cost": 1467521.08, "Plan Rows": 7821201, "Plan Width": 16, "Inner Unique": false, "Plans": [{"Node Type": "Nested Loop", "Parent Relationship": "Outer", "Join Type": "Inner", "Startup Cost": 0.0, "Total Cost": 171332.39, "Plan Rows": 1282311, "Plan Width": 4, "Inner Unique": false, "Plans": [{"Node Type": "Index Scan", "Parent Relationship": "Outer", "Scan Direction": "Forward", "Index Name": "company_name_pkey", "Relation Name": "company_name", "Alias": "cn", "Startup Cost": 0.0, "Total Cost": 10501.39, "Plan Rows": 85170, "Plan Width": 4, "Filter": "((country_code)::text = '[us]'::text)"}, {"Node Type": "Index Scan", "Parent Relationship": "Inner", "Scan Direction": "Forward", "Index Name": "company_id_movie_companies", "Relation Name": "movie_companies", "Alias": "mc", "Startup Cost": 0.0, "Total Cost": 1.74, "Plan Rows": 15, "Plan Width": 8, "Index Cond": "(company_id = cn.id)"}]}, {"Node Type": "Index Scan", "Parent Relationship": "Inner", "Scan Direction": "Forward", "Index Name": "movie_id_cast_info", "Relation Name": "cast_info", "Alias": "ci", "Startup Cost": 0.0, "Total Cost": 0.95, "Plan Rows": 6, "Plan Width": 12, "Index Cond": "(movie_id = mc.movie_id)"}]}]}, {"Node Type": "Index Scan", "Parent Relationship": "Inner", "Scan Direction": "Forward", "Index Name": "person_id_aka_name", "Relation Name": "aka_name", "Alias": "a1", "Startup Cost": 0.0, "Total Cost": 0.27, "Plan Rows": 1, "Plan Width": 20, "Index Cond": "(person_id = ci.person_id)"}]}, {"Node Type": "Index Scan", "Parent Relationship": "Inner", "Scan Direction": "Forward", "Index Name": "title_pkey", "Relation Name": "title", "Alias": "t", "Startup Cost": 0.0, "Total Cost": 0.27, "Plan Rows": 1, "Plan Width": 21, "Index Cond": "(id = ci.movie_id)"}]}, {"Node Type": "Index Only Scan", "Parent Relationship": "Inner", "Scan Direction": "Forward", "Index Name": "name_pkey", "Relation Name": "name", "Alias": "n1", "Startup Cost": 0.0, "Total Cost": 0.27, "Plan Rows": 1, "Plan Width": 4, "Index Cond": "(id = ci.person_id)"}]}]}, "Unique SQL Id": 2457761703, "Planner Runtime": 5}, "explain_analyze_plan": null}, "(64, 114)": {"explain_plan": {"Plan": {"Node Type": "Aggregate", "Strategy": "Plain", "Startup Cost": 12604914.55, "Total Cost": 12604914.56, "Plan Rows": 1, "Plan Width": 97, "Plans": [{"Node Type": "Nested Loop", "Parent Relationship": "Outer", "Join Type": "Inner", "Startup Cost": 2.1, "Total Cost": 12603129.06, "Plan Rows": 357098, "Plan Width": 33, "Inner Unique": true, "Join Filter": "(a1.person_id = n1.id), (LLVM Optimized)", "Plans": [{"Node Type": "Nested Loop", "Parent Relationship": "Outer", "Join Type": "Inner", "Startup Cost": 1.84, "Total Cost": 11073153.85, "Plan Rows": 357098, "Plan Width": 41, "Inner Unique": true, "Plans": [{"Node Type": "Nested Loop", "Parent Relationship": "Outer", "Join Type": "Inner", "Startup Cost": 1.58, "Total Cost": 9543117.59, "Plan Rows": 357379, "Plan Width": 32, "Inner Unique": false, "Plans": [{"Node Type": "Nested Loop", "Parent Relationship": "Outer", "Join Type": "Inner", "Startup Cost": 1.33, "Total Cost": 6499549.44, "Plan Rows": 711018, "Plan Width": 12, "Inner Unique": false, "Join Filter": "(ci.role_id = rt.id), (LLVM Optimized)", "Plans": [{"Node Type": "Seq Scan", "Parent Relationship": "Outer", "Relation Name": "role_type", "Alias": "rt", "Startup Cost": 0.0, "Total Cost": 1.15, "Plan Rows": 1, "Plan Width": 4, "Filter": "((role)::text = 'writer'::text)"}, {"Node Type": "Nested Loop", "Parent Relationship": "Inner", "Join Type": "Inner", "Startup Cost": 1.33, "Total Cost": 6401783.28, "Plan Rows": 7821201, "Plan Width": 16, "Inner Unique": false, "Plans": [{"Node Type": "Nested Loop", "Parent Relationship": "Outer", "Join Type": "Inner", "Startup Cost": 0.82, "Total Cost": 444829.84, "Plan Rows": 1282311, "Plan Width": 4, "Inner Unique": false, "Plans": [{"Node Type": "Seq Scan", "Parent Relationship": "Outer", "Relation Name": "company_name", "Alias": "cn", "Startup Cost": 0.0, "Total Cost": 5903.45, "Plan Rows": 85170, "Plan Width": 4, "Filter": "((country_code)::text = '[us]'::text)"}, {"Node Type": "Bitmap Heap Scan", "Parent Relationship": "Inner", "Relation Name": "movie_companies", "Alias": "mc", "Startup Cost": 0.82, "Total Cost": 5.0, "Plan Rows": 15, "Plan Width": 8, "Recheck Cond": "(company_id = cn.id)", "Plans": [{"Node Type": "Bitmap Index Scan", "Parent Relationship": "Outer", "Index Name": "company_id_movie_companies", "Startup Cost": 0.0, "Total Cost": 0.81, "Plan Rows": 15, "Plan Width": 0, "Index Cond": "(company_id = cn.id)"}]}]}, {"Node Type": "Bitmap Heap Scan", "Parent Relationship": "Inner", "Relation Name": "cast_info", "Alias": "ci", "Startup Cost": 0.51, "Total Cost": 4.59, "Plan Rows": 6, "Plan Width": 12, "Recheck Cond": "(movie_id = mc.movie_id)", "Plans": [{"Node Type": "Bitmap Index Scan", "Parent Relationship": "Outer", "Index Name": "movie_id_cast_info", "Startup Cost": 0.0, "Total Cost": 0.51, "Plan Rows": 6, "Plan Width": 0, "Index Cond": "(movie_id = mc.movie_id)"}]}]}]}, {"Node Type": "Bitmap Heap Scan", "Parent Relationship": "Inner", "Relation Name": "aka_name", "Alias": "a1", "Startup Cost": 0.26, "Total Cost": 4.27, "Plan Rows": 1, "Plan Width": 20, "Recheck Cond": "(person_id = ci.person_id)", "Plans": [{"Node Type": "Bitmap Index Scan", "Parent Relationship": "Outer", "Index Name": "person_id_aka_name", "Startup Cost": 0.0, "Total Cost": 0.26, "Plan Rows": 1, "Plan Width": 0, "Index Cond": "(person_id = ci.person_id)"}]}]}, {"Node Type": "Bitmap Heap Scan", "Parent Relationship": "Inner", "Relation Name": "title", "Alias": "t", "Startup Cost": 0.26, "Total Cost": 4.27, "Plan Rows": 1, "Plan Width": 21, "Recheck Cond": "(id = ci.movie_id)", "Plans": [{"Node Type": "Bitmap Index Scan", "Parent Relationship": "Outer", "Index Name": "title_pkey", "Startup Cost": 0.0, "Total Cost": 0.26, "Plan Rows": 1, "Plan Width": 0, "Index Cond": "(id = ci.movie_id)"}]}]}, {"Node Type": "Bitmap Heap Scan", "Parent Relationship": "Inner", "Relation Name": "name", "Alias": "n1", "Startup Cost": 0.26, "Total Cost": 4.27, "Plan Rows": 1, "Plan Width": 4, "Recheck Cond": "(id = ci.person_id)", "Plans": [{"Node Type": "Bitmap Index Scan", "Parent Relationship": "Outer", "Index Name": "name_pkey", "Startup Cost": 0.0, "Total Cost": 0.26, "Plan Rows": 1, "Plan Width": 0, "Index Cond": "(id = ci.person_id)"}]}]}]}, "Unique SQL Id": 2457761703, "Planner Runtime": 14}, "explain_analyze_plan": null}, "(64, 115)": {"explain_plan": {"Plan": {"Node Type": "Aggregate", "Strategy": "Plain", "Startup Cost": 12607726.38, "Total Cost": 12607726.39, "Plan Rows": 1, "Plan Width": 97, "Plans": [{"Node Type": "Nested Loop", "Parent Relationship": "Outer", "Join Type": "Inner", "Startup Cost": 2810.94, "Total Cost": 12605940.89, "Plan Rows": 357098, "Plan Width": 33, "Inner Unique": true, "Join Filter": "(a1.person_id = n1.id), (LLVM Optimized)", "Plans": [{"Node Type": "Nested Loop", "Parent Relationship": "Outer", "Join Type": "Inner", "Startup Cost": 2810.68, "Total Cost": 11075965.68, "Plan Rows": 357098, "Plan Width": 41, "Inner Unique": true, "Plans": [{"Node Type": "Nested Loop", "Parent Relationship": "Outer", "Join Type": "Inner", "Startup Cost": 2810.42, "Total Cost": 9545929.42, "Plan Rows": 357379, "Plan Width": 32, "Inner Unique": false, "Plans": [{"Node Type": "Nested Loop", "Parent Relationship": "Outer", "Join Type": "Inner", "Startup Cost": 2810.16, "Total Cost": 6502361.27, "Plan Rows": 711018, "Plan Width": 12, "Inner Unique": false, "Join Filter": "(ci.role_id = rt.id), (LLVM Optimized)", "Plans": [{"Node Type": "Bitmap Heap Scan", "Parent Relationship": "Outer", "Relation Name": "role_type", "Alias": "rt", "Startup Cost": 8.31, "Total Cost": 12.46, "Plan Rows": 1, "Plan Width": 4, "Filter": "((role)::text = 'writer'::text)", "Plans": [{"Node Type": "Bitmap Index Scan", "Parent Relationship": "Outer", "Index Name": "role_type_pkey", "Startup Cost": 0.0, "Total Cost": 8.31, "Plan Rows": 12, "Plan Width": 0}]}, {"Node Type": "Nested Loop", "Parent Relationship": "Inner", "Join Type": "Inner", "Startup Cost": 2801.85, "Total Cost": 6404583.8, "Plan Rows": 7821201, "Plan Width": 16, "Inner Unique": false, "Plans": [{"Node Type": "Nested Loop", "Parent Relationship": "Outer", "Join Type": "Inner", "Startup Cost": 2801.34, "Total Cost": 447630.36, "Plan Rows": 1282311, "Plan Width": 4, "Inner Unique": false, "Plans": [{"Node Type": "Bitmap Heap Scan", "Parent Relationship": "Outer", "Relation Name": "company_name", "Alias": "cn", "Startup Cost": 2800.52, "Total Cost": 8703.97, "Plan Rows": 85170, "Plan Width": 4, "Filter": "((country_code)::text = '[us]'::text)", "Plans": [{"Node Type": "Bitmap Index Scan", "Parent Relationship": "Outer", "Index Name": "company_name_pkey", "Startup Cost": 0.0, "Total Cost": 2779.23, "Plan Rows": 234996, "Plan Width": 0}]}, {"Node Type": "Bitmap Heap Scan", "Parent Relationship": "Inner", "Relation Name": "movie_companies", "Alias": "mc", "Startup Cost": 0.82, "Total Cost": 5.0, "Plan Rows": 15, "Plan Width": 8, "Recheck Cond": "(company_id = cn.id)", "Plans": [{"Node Type": "Bitmap Index Scan", "Parent Relationship": "Outer", "Index Name": "company_id_movie_companies", "Startup Cost": 0.0, "Total Cost": 0.81, "Plan Rows": 15, "Plan Width": 0, "Index Cond": "(company_id = cn.id)"}]}]}, {"Node Type": "Bitmap Heap Scan", "Parent Relationship": "Inner", "Relation Name": "cast_info", "Alias": "ci", "Startup Cost": 0.51, "Total Cost": 4.59, "Plan Rows": 6, "Plan Width": 12, "Recheck Cond": "(movie_id = mc.movie_id)", "Plans": [{"Node Type": "Bitmap Index Scan", "Parent Relationship": "Outer", "Index Name": "movie_id_cast_info", "Startup Cost": 0.0, "Total Cost": 0.51, "Plan Rows": 6, "Plan Width": 0, "Index Cond": "(movie_id = mc.movie_id)"}]}]}]}, {"Node Type": "Bitmap Heap Scan", "Parent Relationship": "Inner", "Relation Name": "aka_name", "Alias": "a1", "Startup Cost": 0.26, "Total Cost": 4.27, "Plan Rows": 1, "Plan Width": 20, "Recheck Cond": "(person_id = ci.person_id)", "Plans": [{"Node Type": "Bitmap Index Scan", "Parent Relationship": "Outer", "Index Name": "person_id_aka_name", "Startup Cost": 0.0, "Total Cost": 0.26, "Plan Rows": 1, "Plan Width": 0, "Index Cond": "(person_id = ci.person_id)"}]}]}, {"Node Type": "Bitmap Heap Scan", "Parent Relationship": "Inner", "Relation Name": "title", "Alias": "t", "Startup Cost": 0.26, "Total Cost": 4.27, "Plan Rows": 1, "Plan Width": 21, "Recheck Cond": "(id = ci.movie_id)", "Plans": [{"Node Type": "Bitmap Index Scan", "Parent Relationship": "Outer", "Index Name": "title_pkey", "Startup Cost": 0.0, "Total Cost": 0.26, "Plan Rows": 1, "Plan Width": 0, "Index Cond": "(id = ci.movie_id)"}]}]}, {"Node Type": "Bitmap Heap Scan", "Parent Relationship": "Inner", "Relation Name": "name", "Alias": "n1", "Startup Cost": 0.26, "Total Cost": 4.27, "Plan Rows": 1, "Plan Width": 4, "Recheck Cond": "(id = ci.person_id)", "Plans": [{"Node Type": "Bitmap Index Scan", "Parent Relationship": "Outer", "Index Name": "name_pkey", "Startup Cost": 0.0, "Total Cost": 0.26, "Plan Rows": 1, "Plan Width": 0, "Index Cond": "(id = ci.person_id)"}]}]}]}, "Unique SQL Id": 2457761703, "Planner Runtime": 6}, "explain_analyze_plan": null}, "(64, 116)": {"explain_plan": {"Plan": {"Node Type": "Aggregate", "Strategy": "Plain", "Startup Cost": 1967968.74, "Total Cost": 1967968.75, "Plan Rows": 1, "Plan Width": 97, "Plans": [{"Node Type": "Nested Loop", "Parent Relationship": "Outer", "Join Type": "Inner", "Startup Cost": 0.0, "Total Cost": 1966183.25, "Plan Rows": 357098, "Plan Width": 33, "Inner Unique": true, "Join Filter": "(a1.person_id = n1.id), (LLVM Optimized)", "Plans": [{"Node Type": "Nested Loop", "Parent Relationship": "Outer", "Join Type": "Inner", "Startup Cost": 0.0, "Total Cost": 1862664.6, "Plan Rows": 357098, "Plan Width": 41, "Inner Unique": true, "Plans": [{"Node Type": "Nested Loop", "Parent Relationship": "Outer", "Join Type": "Inner", "Startup Cost": 0.0, "Total Cost": 1760862.26, "Plan Rows": 357379, "Plan Width": 32, "Inner Unique": false, "Plans": [{"Node Type": "Nested Loop", "Parent Relationship": "Outer", "Join Type": "Inner", "Startup Cost": 0.0, "Total Cost": 1560689.3, "Plan Rows": 711018, "Plan Width": 12, "Inner Unique": false, "Join Filter": "(ci.role_id = rt.id), (LLVM Optimized)", "Plans": [{"Node Type": "Seq Scan", "Parent Relationship": "Outer", "Relation Name": "role_type", "Alias": "rt", "Startup Cost": 0.0, "Total Cost": 1.15, "Plan Rows": 1, "Plan Width": 4, "Filter": "((role)::text = 'writer'::text)"}, {"Node Type": "Nested Loop", "Parent Relationship": "Inner", "Join Type": "Inner", "Startup Cost": 0.0, "Total Cost": 1462923.14, "Plan Rows": 7821201, "Plan Width": 16, "Inner Unique": false, "Plans": [{"Node Type": "Nested Loop", "Parent Relationship": "Outer", "Join Type": "Inner", "Startup Cost": 0.0, "Total Cost": 166734.45, "Plan Rows": 1282311, "Plan Width": 4, "Inner Unique": false, "Plans": [{"Node Type": "Seq Scan", "Parent Relationship": "Outer", "Relation Name": "company_name", "Alias": "cn", "Startup Cost": 0.0, "Total Cost": 5903.45, "Plan Rows": 85170, "Plan Width": 4, "Filter": "((country_code)::text = '[us]'::text)"}, {"Node Type": "Index Scan", "Parent Relationship": "Inner", "Scan Direction": "Forward", "Index Name": "company_id_movie_companies", "Relation Name": "movie_companies", "Alias": "mc", "Startup Cost": 0.0, "Total Cost": 1.74, "Plan Rows": 15, "Plan Width": 8, "Index Cond": "(company_id = cn.id)"}]}, {"Node Type": "Index Scan", "Parent Relationship": "Inner", "Scan Direction": "Forward", "Index Name": "movie_id_cast_info", "Relation Name": "cast_info", "Alias": "ci", "Startup Cost": 0.0, "Total Cost": 0.95, "Plan Rows": 6, "Plan Width": 12, "Index Cond": "(movie_id = mc.movie_id)"}]}]}, {"Node Type": "Index Scan", "Parent Relationship": "Inner", "Scan Direction": "Forward", "Index Name": "person_id_aka_name", "Relation Name": "aka_name", "Alias": "a1", "Startup Cost": 0.0, "Total Cost": 0.27, "Plan Rows": 1, "Plan Width": 20, "Index Cond": "(person_id = ci.person_id)"}]}, {"Node Type": "Index Scan", "Parent Relationship": "Inner", "Scan Direction": "Forward", "Index Name": "title_pkey", "Relation Name": "title", "Alias": "t", "Startup Cost": 0.0, "Total Cost": 0.27, "Plan Rows": 1, "Plan Width": 21, "Index Cond": "(id = ci.movie_id)"}]}, {"Node Type": "Index Scan", "Parent Relationship": "Inner", "Scan Direction": "Forward", "Index Name": "name_pkey", "Relation Name": "name", "Alias": "n1", "Startup Cost": 0.0, "Total Cost": 0.28, "Plan Rows": 1, "Plan Width": 4, "Index Cond": "(id = ci.person_id)"}]}]}, "Unique SQL Id": 2457761703, "Planner Runtime": 5}, "explain_analyze_plan": null}, "(64, 117)": {"explain_plan": {"Plan": {"Node Type": "Aggregate", "Strategy": "Plain", "Startup Cost": 1972577.99, "Total Cost": 1972578.0, "Plan Rows": 1, "Plan Width": 97, "Plans": [{"Node Type": "Nested Loop", "Parent Relationship": "Outer", "Join Type": "Inner", "Startup Cost": 0.0, "Total Cost": 1970792.5, "Plan Rows": 357098, "Plan Width": 33, "Inner Unique": true, "Join Filter": "(a1.person_id = n1.id), (LLVM Optimized)", "Plans": [{"Node Type": "Nested Loop", "Parent Relationship": "Outer", "Join Type": "Inner", "Startup Cost": 0.0, "Total Cost": 1867273.85, "Plan Rows": 357098, "Plan Width": 41, "Inner Unique": true, "Plans": [{"Node Type": "Nested Loop", "Parent Relationship": "Outer", "Join Type": "Inner", "Startup Cost": 0.0, "Total Cost": 1765471.51, "Plan Rows": 357379, "Plan Width": 32, "Inner Unique": false, "Plans": [{"Node Type": "Nested Loop", "Parent Relationship": "Outer", "Join Type": "Inner", "Startup Cost": 0.0, "Total Cost": 1565298.55, "Plan Rows": 711018, "Plan Width": 12, "Inner Unique": false, "Join Filter": "(ci.role_id = rt.id), (LLVM Optimized)", "Plans": [{"Node Type": "Index Scan", "Parent Relationship": "Outer", "Scan Direction": "Forward", "Index Name": "role_type_pkey", "Relation Name": "role_type", "Alias": "rt", "Startup Cost": 0.0, "Total Cost": 12.46, "Plan Rows": 1, "Plan Width": 4, "Filter": "((role)::text = 'writer'::text)"}, {"Node Type": "Nested Loop", "Parent Relationship": "Inner", "Join Type": "Inner", "Startup Cost": 0.0, "Total Cost": 1467521.08, "Plan Rows": 7821201, "Plan Width": 16, "Inner Unique": false, "Plans": [{"Node Type": "Nested Loop", "Parent Relationship": "Outer", "Join Type": "Inner", "Startup Cost": 0.0, "Total Cost": 171332.39, "Plan Rows": 1282311, "Plan Width": 4, "Inner Unique": false, "Plans": [{"Node Type": "Index Scan", "Parent Relationship": "Outer", "Scan Direction": "Forward", "Index Name": "company_name_pkey", "Relation Name": "company_name", "Alias": "cn", "Startup Cost": 0.0, "Total Cost": 10501.39, "Plan Rows": 85170, "Plan Width": 4, "Filter": "((country_code)::text = '[us]'::text)"}, {"Node Type": "Index Scan", "Parent Relationship": "Inner", "Scan Direction": "Forward", "Index Name": "company_id_movie_companies", "Relation Name": "movie_companies", "Alias": "mc", "Startup Cost": 0.0, "Total Cost": 1.74, "Plan Rows": 15, "Plan Width": 8, "Index Cond": "(company_id = cn.id)"}]}, {"Node Type": "Index Scan", "Parent Relationship": "Inner", "Scan Direction": "Forward", "Index Name": "movie_id_cast_info", "Relation Name": "cast_info", "Alias": "ci", "Startup Cost": 0.0, "Total Cost": 0.95, "Plan Rows": 6, "Plan Width": 12, "Index Cond": "(movie_id = mc.movie_id)"}]}]}, {"Node Type": "Index Scan", "Parent Relationship": "Inner", "Scan Direction": "Forward", "Index Name": "person_id_aka_name", "Relation Name": "aka_name", "Alias": "a1", "Startup Cost": 0.0, "Total Cost": 0.27, "Plan Rows": 1, "Plan Width": 20, "Index Cond": "(person_id = ci.person_id)"}]}, {"Node Type": "Index Scan", "Parent Relationship": "Inner", "Scan Direction": "Forward", "Index Name": "title_pkey", "Relation Name": "title", "Alias": "t", "Startup Cost": 0.0, "Total Cost": 0.27, "Plan Rows": 1, "Plan Width": 21, "Index Cond": "(id = ci.movie_id)"}]}, {"Node Type": "Index Scan", "Parent Relationship": "Inner", "Scan Direction": "Forward", "Index Name": "name_pkey", "Relation Name": "name", "Alias": "n1", "Startup Cost": 0.0, "Total Cost": 0.28, "Plan Rows": 1, "Plan Width": 4, "Index Cond": "(id = ci.person_id)"}]}]}, "Unique SQL Id": 2457761703, "Planner Runtime": 4}, "explain_analyze_plan": null}, "(64, 118)": {"explain_plan": {"Plan": {"Node Type": "Aggregate", "Strategy": "Plain", "Startup Cost": 12604914.55, "Total Cost": 12604914.56, "Plan Rows": 1, "Plan Width": 97, "Plans": [{"Node Type": "Nested Loop", "Parent Relationship": "Outer", "Join Type": "Inner", "Startup Cost": 2.1, "Total Cost": 12603129.06, "Plan Rows": 357098, "Plan Width": 33, "Inner Unique": true, "Join Filter": "(a1.person_id = n1.id), (LLVM Optimized)", "Plans": [{"Node Type": "Nested Loop", "Parent Relationship": "Outer", "Join Type": "Inner", "Startup Cost": 1.84, "Total Cost": 11073153.85, "Plan Rows": 357098, "Plan Width": 41, "Inner Unique": true, "Plans": [{"Node Type": "Nested Loop", "Parent Relationship": "Outer", "Join Type": "Inner", "Startup Cost": 1.58, "Total Cost": 9543117.59, "Plan Rows": 357379, "Plan Width": 32, "Inner Unique": false, "Plans": [{"Node Type": "Nested Loop", "Parent Relationship": "Outer", "Join Type": "Inner", "Startup Cost": 1.33, "Total Cost": 6499549.44, "Plan Rows": 711018, "Plan Width": 12, "Inner Unique": false, "Join Filter": "(ci.role_id = rt.id), (LLVM Optimized)", "Plans": [{"Node Type": "Seq Scan", "Parent Relationship": "Outer", "Relation Name": "role_type", "Alias": "rt", "Startup Cost": 0.0, "Total Cost": 1.15, "Plan Rows": 1, "Plan Width": 4, "Filter": "((role)::text = 'writer'::text)"}, {"Node Type": "Nested Loop", "Parent Relationship": "Inner", "Join Type": "Inner", "Startup Cost": 1.33, "Total Cost": 6401783.28, "Plan Rows": 7821201, "Plan Width": 16, "Inner Unique": false, "Plans": [{"Node Type": "Nested Loop", "Parent Relationship": "Outer", "Join Type": "Inner", "Startup Cost": 0.82, "Total Cost": 444829.84, "Plan Rows": 1282311, "Plan Width": 4, "Inner Unique": false, "Plans": [{"Node Type": "Seq Scan", "Parent Relationship": "Outer", "Relation Name": "company_name", "Alias": "cn", "Startup Cost": 0.0, "Total Cost": 5903.45, "Plan Rows": 85170, "Plan Width": 4, "Filter": "((country_code)::text = '[us]'::text)"}, {"Node Type": "Bitmap Heap Scan", "Parent Relationship": "Inner", "Relation Name": "movie_companies", "Alias": "mc", "Startup Cost": 0.82, "Total Cost": 5.0, "Plan Rows": 15, "Plan Width": 8, "Recheck Cond": "(company_id = cn.id)", "Plans": [{"Node Type": "Bitmap Index Scan", "Parent Relationship": "Outer", "Index Name": "company_id_movie_companies", "Startup Cost": 0.0, "Total Cost": 0.81, "Plan Rows": 15, "Plan Width": 0, "Index Cond": "(company_id = cn.id)"}]}]}, {"Node Type": "Bitmap Heap Scan", "Parent Relationship": "Inner", "Relation Name": "cast_info", "Alias": "ci", "Startup Cost": 0.51, "Total Cost": 4.59, "Plan Rows": 6, "Plan Width": 12, "Recheck Cond": "(movie_id = mc.movie_id)", "Plans": [{"Node Type": "Bitmap Index Scan", "Parent Relationship": "Outer", "Index Name": "movie_id_cast_info", "Startup Cost": 0.0, "Total Cost": 0.51, "Plan Rows": 6, "Plan Width": 0, "Index Cond": "(movie_id = mc.movie_id)"}]}]}]}, {"Node Type": "Bitmap Heap Scan", "Parent Relationship": "Inner", "Relation Name": "aka_name", "Alias": "a1", "Startup Cost": 0.26, "Total Cost": 4.27, "Plan Rows": 1, "Plan Width": 20, "Recheck Cond": "(person_id = ci.person_id)", "Plans": [{"Node Type": "Bitmap Index Scan", "Parent Relationship": "Outer", "Index Name": "person_id_aka_name", "Startup Cost": 0.0, "Total Cost": 0.26, "Plan Rows": 1, "Plan Width": 0, "Index Cond": "(person_id = ci.person_id)"}]}]}, {"Node Type": "Bitmap Heap Scan", "Parent Relationship": "Inner", "Relation Name": "title", "Alias": "t", "Startup Cost": 0.26, "Total Cost": 4.27, "Plan Rows": 1, "Plan Width": 21, "Recheck Cond": "(id = ci.movie_id)", "Plans": [{"Node Type": "Bitmap Index Scan", "Parent Relationship": "Outer", "Index Name": "title_pkey", "Startup Cost": 0.0, "Total Cost": 0.26, "Plan Rows": 1, "Plan Width": 0, "Index Cond": "(id = ci.movie_id)"}]}]}, {"Node Type": "Bitmap Heap Scan", "Parent Relationship": "Inner", "Relation Name": "name", "Alias": "n1", "Startup Cost": 0.26, "Total Cost": 4.27, "Plan Rows": 1, "Plan Width": 4, "Recheck Cond": "(id = ci.person_id)", "Plans": [{"Node Type": "Bitmap Index Scan", "Parent Relationship": "Outer", "Index Name": "name_pkey", "Startup Cost": 0.0, "Total Cost": 0.26, "Plan Rows": 1, "Plan Width": 0, "Index Cond": "(id = ci.person_id)"}]}]}]}, "Unique SQL Id": 2457761703, "Planner Runtime": 14}, "explain_analyze_plan": null}, "(64, 119)": {"explain_plan": {"Plan": {"Node Type": "Aggregate", "Strategy": "Plain", "Startup Cost": 12607726.38, "Total Cost": 12607726.39, "Plan Rows": 1, "Plan Width": 97, "Plans": [{"Node Type": "Nested Loop", "Parent Relationship": "Outer", "Join Type": "Inner", "Startup Cost": 2810.94, "Total Cost": 12605940.89, "Plan Rows": 357098, "Plan Width": 33, "Inner Unique": true, "Join Filter": "(a1.person_id = n1.id), (LLVM Optimized)", "Plans": [{"Node Type": "Nested Loop", "Parent Relationship": "Outer", "Join Type": "Inner", "Startup Cost": 2810.68, "Total Cost": 11075965.68, "Plan Rows": 357098, "Plan Width": 41, "Inner Unique": true, "Plans": [{"Node Type": "Nested Loop", "Parent Relationship": "Outer", "Join Type": "Inner", "Startup Cost": 2810.42, "Total Cost": 9545929.42, "Plan Rows": 357379, "Plan Width": 32, "Inner Unique": false, "Plans": [{"Node Type": "Nested Loop", "Parent Relationship": "Outer", "Join Type": "Inner", "Startup Cost": 2810.16, "Total Cost": 6502361.27, "Plan Rows": 711018, "Plan Width": 12, "Inner Unique": false, "Join Filter": "(ci.role_id = rt.id), (LLVM Optimized)", "Plans": [{"Node Type": "Bitmap Heap Scan", "Parent Relationship": "Outer", "Relation Name": "role_type", "Alias": "rt", "Startup Cost": 8.31, "Total Cost": 12.46, "Plan Rows": 1, "Plan Width": 4, "Filter": "((role)::text = 'writer'::text)", "Plans": [{"Node Type": "Bitmap Index Scan", "Parent Relationship": "Outer", "Index Name": "role_type_pkey", "Startup Cost": 0.0, "Total Cost": 8.31, "Plan Rows": 12, "Plan Width": 0}]}, {"Node Type": "Nested Loop", "Parent Relationship": "Inner", "Join Type": "Inner", "Startup Cost": 2801.85, "Total Cost": 6404583.8, "Plan Rows": 7821201, "Plan Width": 16, "Inner Unique": false, "Plans": [{"Node Type": "Nested Loop", "Parent Relationship": "Outer", "Join Type": "Inner", "Startup Cost": 2801.34, "Total Cost": 447630.36, "Plan Rows": 1282311, "Plan Width": 4, "Inner Unique": false, "Plans": [{"Node Type": "Bitmap Heap Scan", "Parent Relationship": "Outer", "Relation Name": "company_name", "Alias": "cn", "Startup Cost": 2800.52, "Total Cost": 8703.97, "Plan Rows": 85170, "Plan Width": 4, "Filter": "((country_code)::text = '[us]'::text)", "Plans": [{"Node Type": "Bitmap Index Scan", "Parent Relationship": "Outer", "Index Name": "company_name_pkey", "Startup Cost": 0.0, "Total Cost": 2779.23, "Plan Rows": 234996, "Plan Width": 0}]}, {"Node Type": "Bitmap Heap Scan", "Parent Relationship": "Inner", "Relation Name": "movie_companies", "Alias": "mc", "Startup Cost": 0.82, "Total Cost": 5.0, "Plan Rows": 15, "Plan Width": 8, "Recheck Cond": "(company_id = cn.id)", "Plans": [{"Node Type": "Bitmap Index Scan", "Parent Relationship": "Outer", "Index Name": "company_id_movie_companies", "Startup Cost": 0.0, "Total Cost": 0.81, "Plan Rows": 15, "Plan Width": 0, "Index Cond": "(company_id = cn.id)"}]}]}, {"Node Type": "Bitmap Heap Scan", "Parent Relationship": "Inner", "Relation Name": "cast_info", "Alias": "ci", "Startup Cost": 0.51, "Total Cost": 4.59, "Plan Rows": 6, "Plan Width": 12, "Recheck Cond": "(movie_id = mc.movie_id)", "Plans": [{"Node Type": "Bitmap Index Scan", "Parent Relationship": "Outer", "Index Name": "movie_id_cast_info", "Startup Cost": 0.0, "Total Cost": 0.51, "Plan Rows": 6, "Plan Width": 0, "Index Cond": "(movie_id = mc.movie_id)"}]}]}]}, {"Node Type": "Bitmap Heap Scan", "Parent Relationship": "Inner", "Relation Name": "aka_name", "Alias": "a1", "Startup Cost": 0.26, "Total Cost": 4.27, "Plan Rows": 1, "Plan Width": 20, "Recheck Cond": "(person_id = ci.person_id)", "Plans": [{"Node Type": "Bitmap Index Scan", "Parent Relationship": "Outer", "Index Name": "person_id_aka_name", "Startup Cost": 0.0, "Total Cost": 0.26, "Plan Rows": 1, "Plan Width": 0, "Index Cond": "(person_id = ci.person_id)"}]}]}, {"Node Type": "Bitmap Heap Scan", "Parent Relationship": "Inner", "Relation Name": "title", "Alias": "t", "Startup Cost": 0.26, "Total Cost": 4.27, "Plan Rows": 1, "Plan Width": 21, "Recheck Cond": "(id = ci.movie_id)", "Plans": [{"Node Type": "Bitmap Index Scan", "Parent Relationship": "Outer", "Index Name": "title_pkey", "Startup Cost": 0.0, "Total Cost": 0.26, "Plan Rows": 1, "Plan Width": 0, "Index Cond": "(id = ci.movie_id)"}]}]}, {"Node Type": "Bitmap Heap Scan", "Parent Relationship": "Inner", "Relation Name": "name", "Alias": "n1", "Startup Cost": 0.26, "Total Cost": 4.27, "Plan Rows": 1, "Plan Width": 4, "Recheck Cond": "(id = ci.person_id)", "Plans": [{"Node Type": "Bitmap Index Scan", "Parent Relationship": "Outer", "Index Name": "name_pkey", "Startup Cost": 0.0, "Total Cost": 0.26, "Plan Rows": 1, "Plan Width": 0, "Index Cond": "(id = ci.person_id)"}]}]}]}, "Unique SQL Id": 2457761703, "Planner Runtime": 6}, "explain_analyze_plan": null}, "(64, 120)": {"explain_plan": {"Plan": {"Node Type": "Aggregate", "Strategy": "Plain", "Startup Cost": 1965944.02, "Total Cost": 1965944.03, "Plan Rows": 1, "Plan Width": 97, "Plans": [{"Node Type": "Nested Loop", "Parent Relationship": "Outer", "Join Type": "Inner", "Startup Cost": 0.0, "Total Cost": 1964158.53, "Plan Rows": 357098, "Plan Width": 33, "Inner Unique": true, "Join Filter": "(a1.person_id = n1.id), (LLVM Optimized)", "Plans": [{"Node Type": "Nested Loop", "Parent Relationship": "Outer", "Join Type": "Inner", "Startup Cost": 0.0, "Total Cost": 1862664.6, "Plan Rows": 357098, "Plan Width": 41, "Inner Unique": true, "Plans": [{"Node Type": "Nested Loop", "Parent Relationship": "Outer", "Join Type": "Inner", "Startup Cost": 0.0, "Total Cost": 1760862.26, "Plan Rows": 357379, "Plan Width": 32, "Inner Unique": false, "Plans": [{"Node Type": "Nested Loop", "Parent Relationship": "Outer", "Join Type": "Inner", "Startup Cost": 0.0, "Total Cost": 1560689.3, "Plan Rows": 711018, "Plan Width": 12, "Inner Unique": false, "Join Filter": "(ci.role_id = rt.id), (LLVM Optimized)", "Plans": [{"Node Type": "Seq Scan", "Parent Relationship": "Outer", "Relation Name": "role_type", "Alias": "rt", "Startup Cost": 0.0, "Total Cost": 1.15, "Plan Rows": 1, "Plan Width": 4, "Filter": "((role)::text = 'writer'::text)"}, {"Node Type": "Nested Loop", "Parent Relationship": "Inner", "Join Type": "Inner", "Startup Cost": 0.0, "Total Cost": 1462923.14, "Plan Rows": 7821201, "Plan Width": 16, "Inner Unique": false, "Plans": [{"Node Type": "Nested Loop", "Parent Relationship": "Outer", "Join Type": "Inner", "Startup Cost": 0.0, "Total Cost": 166734.45, "Plan Rows": 1282311, "Plan Width": 4, "Inner Unique": false, "Plans": [{"Node Type": "Seq Scan", "Parent Relationship": "Outer", "Relation Name": "company_name", "Alias": "cn", "Startup Cost": 0.0, "Total Cost": 5903.45, "Plan Rows": 85170, "Plan Width": 4, "Filter": "((country_code)::text = '[us]'::text)"}, {"Node Type": "Index Scan", "Parent Relationship": "Inner", "Scan Direction": "Forward", "Index Name": "company_id_movie_companies", "Relation Name": "movie_companies", "Alias": "mc", "Startup Cost": 0.0, "Total Cost": 1.74, "Plan Rows": 15, "Plan Width": 8, "Index Cond": "(company_id = cn.id)"}]}, {"Node Type": "Index Scan", "Parent Relationship": "Inner", "Scan Direction": "Forward", "Index Name": "movie_id_cast_info", "Relation Name": "cast_info", "Alias": "ci", "Startup Cost": 0.0, "Total Cost": 0.95, "Plan Rows": 6, "Plan Width": 12, "Index Cond": "(movie_id = mc.movie_id)"}]}]}, {"Node Type": "Index Scan", "Parent Relationship": "Inner", "Scan Direction": "Forward", "Index Name": "person_id_aka_name", "Relation Name": "aka_name", "Alias": "a1", "Startup Cost": 0.0, "Total Cost": 0.27, "Plan Rows": 1, "Plan Width": 20, "Index Cond": "(person_id = ci.person_id)"}]}, {"Node Type": "Index Scan", "Parent Relationship": "Inner", "Scan Direction": "Forward", "Index Name": "title_pkey", "Relation Name": "title", "Alias": "t", "Startup Cost": 0.0, "Total Cost": 0.27, "Plan Rows": 1, "Plan Width": 21, "Index Cond": "(id = ci.movie_id)"}]}, {"Node Type": "Index Only Scan", "Parent Relationship": "Inner", "Scan Direction": "Forward", "Index Name": "name_pkey", "Relation Name": "name", "Alias": "n1", "Startup Cost": 0.0, "Total Cost": 0.27, "Plan Rows": 1, "Plan Width": 4, "Index Cond": "(id = ci.person_id)"}]}]}, "Unique SQL Id": 2457761703, "Planner Runtime": 5}, "explain_analyze_plan": null}, "(64, 121)": {"explain_plan": {"Plan": {"Node Type": "Aggregate", "Strategy": "Plain", "Startup Cost": 1970553.27, "Total Cost": 1970553.28, "Plan Rows": 1, "Plan Width": 97, "Plans": [{"Node Type": "Nested Loop", "Parent Relationship": "Outer", "Join Type": "Inner", "Startup Cost": 0.0, "Total Cost": 1968767.78, "Plan Rows": 357098, "Plan Width": 33, "Inner Unique": true, "Join Filter": "(a1.person_id = n1.id), (LLVM Optimized)", "Plans": [{"Node Type": "Nested Loop", "Parent Relationship": "Outer", "Join Type": "Inner", "Startup Cost": 0.0, "Total Cost": 1867273.85, "Plan Rows": 357098, "Plan Width": 41, "Inner Unique": true, "Plans": [{"Node Type": "Nested Loop", "Parent Relationship": "Outer", "Join Type": "Inner", "Startup Cost": 0.0, "Total Cost": 1765471.51, "Plan Rows": 357379, "Plan Width": 32, "Inner Unique": false, "Plans": [{"Node Type": "Nested Loop", "Parent Relationship": "Outer", "Join Type": "Inner", "Startup Cost": 0.0, "Total Cost": 1565298.55, "Plan Rows": 711018, "Plan Width": 12, "Inner Unique": false, "Join Filter": "(ci.role_id = rt.id), (LLVM Optimized)", "Plans": [{"Node Type": "Index Scan", "Parent Relationship": "Outer", "Scan Direction": "Forward", "Index Name": "role_type_pkey", "Relation Name": "role_type", "Alias": "rt", "Startup Cost": 0.0, "Total Cost": 12.46, "Plan Rows": 1, "Plan Width": 4, "Filter": "((role)::text = 'writer'::text)"}, {"Node Type": "Nested Loop", "Parent Relationship": "Inner", "Join Type": "Inner", "Startup Cost": 0.0, "Total Cost": 1467521.08, "Plan Rows": 7821201, "Plan Width": 16, "Inner Unique": false, "Plans": [{"Node Type": "Nested Loop", "Parent Relationship": "Outer", "Join Type": "Inner", "Startup Cost": 0.0, "Total Cost": 171332.39, "Plan Rows": 1282311, "Plan Width": 4, "Inner Unique": false, "Plans": [{"Node Type": "Index Scan", "Parent Relationship": "Outer", "Scan Direction": "Forward", "Index Name": "company_name_pkey", "Relation Name": "company_name", "Alias": "cn", "Startup Cost": 0.0, "Total Cost": 10501.39, "Plan Rows": 85170, "Plan Width": 4, "Filter": "((country_code)::text = '[us]'::text)"}, {"Node Type": "Index Scan", "Parent Relationship": "Inner", "Scan Direction": "Forward", "Index Name": "company_id_movie_companies", "Relation Name": "movie_companies", "Alias": "mc", "Startup Cost": 0.0, "Total Cost": 1.74, "Plan Rows": 15, "Plan Width": 8, "Index Cond": "(company_id = cn.id)"}]}, {"Node Type": "Index Scan", "Parent Relationship": "Inner", "Scan Direction": "Forward", "Index Name": "movie_id_cast_info", "Relation Name": "cast_info", "Alias": "ci", "Startup Cost": 0.0, "Total Cost": 0.95, "Plan Rows": 6, "Plan Width": 12, "Index Cond": "(movie_id = mc.movie_id)"}]}]}, {"Node Type": "Index Scan", "Parent Relationship": "Inner", "Scan Direction": "Forward", "Index Name": "person_id_aka_name", "Relation Name": "aka_name", "Alias": "a1", "Startup Cost": 0.0, "Total Cost": 0.27, "Plan Rows": 1, "Plan Width": 20, "Index Cond": "(person_id = ci.person_id)"}]}, {"Node Type": "Index Scan", "Parent Relationship": "Inner", "Scan Direction": "Forward", "Index Name": "title_pkey", "Relation Name": "title", "Alias": "t", "Startup Cost": 0.0, "Total Cost": 0.27, "Plan Rows": 1, "Plan Width": 21, "Index Cond": "(id = ci.movie_id)"}]}, {"Node Type": "Index Only Scan", "Parent Relationship": "Inner", "Scan Direction": "Forward", "Index Name": "name_pkey", "Relation Name": "name", "Alias": "n1", "Startup Cost": 0.0, "Total Cost": 0.27, "Plan Rows": 1, "Plan Width": 4, "Index Cond": "(id = ci.person_id)"}]}]}, "Unique SQL Id": 2457761703, "Planner Runtime": 4}, "explain_analyze_plan": null}, "(64, 122)": {"explain_plan": {"Plan": {"Node Type": "Aggregate", "Strategy": "Plain", "Startup Cost": 35276563.26, "Total Cost": 35276563.29, "Plan Rows": 1, "Plan Width": 97, "Plans": [{"Node Type": "Streaming(type: LOCAL GATHER dop: 1/64)", "Parent Relationship": "Outer", "Startup Cost": 35276563.26, "Total Cost": 35276563.29, "Plan Rows": 1, "Plan Width": 97, "Plans": [{"Node Type": "Aggregate", "Strategy": "Plain", "Parent Relationship": "Outer", "Startup Cost": 35276563.26, "Total Cost": 35276563.27, "Plan Rows": 1, "Plan Width": 97, "Plans": [{"Node Type": "Nested Loop", "Parent Relationship": "Outer", "Join Type": "Inner", "Startup Cost": 0.0, "Total Cost": 35274777.77, "Plan Rows": 357098, "Plan Width": 33, "Inner Unique": false, "Join Filter": "(a1.person_id = n1.id), (LLVM Optimized)", "Plans": [{"Node Type": "Streaming(type: LOCAL REDISTRIBUTE dop: 64/64)", "Parent Relationship": "Outer", "Startup Cost": 0.0, "Total Cost": 131401.97, "Plan Rows": 4167490, "Plan Width": 4, "Plans": [{"Node Type": "Seq Scan", "Parent Relationship": "Outer", "Relation Name": "name", "Alias": "n1", "Startup Cost": 0.0, "Total Cost": 64454.25, "Plan Rows": 4167490, "Plan Width": 4}]}, {"Node Type": "Materialize", "Parent Relationship": "Inner", "Startup Cost": 0.0, "Total Cost": 29693429.99, "Plan Rows": 357098, "Plan Width": 41, "Plans": [{"Node Type": "Streaming(type: LOCAL REDISTRIBUTE dop: 64/64)", "Parent Relationship": "Outer", "Startup Cost": 0.0, "Total Cost": 29693402.1, "Plan Rows": 357098, "Plan Width": 41, "Plans": [{"Node Type": "Nested Loop", "Parent Relationship": "Outer", "Join Type": "Inner", "Startup Cost": 0.0, "Total Cost": 29630063.83, "Plan Rows": 357098, "Plan Width": 41, "Inner Unique": false, "Join Filter": "(ci.movie_id = t.id), (LLVM Optimized)", "Plans": [{"Node Type": "Streaming(type: LOCAL REDISTRIBUTE dop: 64/1)", "Parent Relationship": "Outer", "Startup Cost": 0.0, "Total Cost": 225794.09, "Plan Rows": 2528311, "Plan Width": 21, "Plans": [{"Node Type": "Seq Scan", "Parent Relationship": "Outer", "Relation Name": "title", "Alias": "t", "Startup Cost": 0.0, "Total Cost": 60069.11, "Plan Rows": 2528311, "Plan Width": 21}]}, {"Node Type": "Materialize", "Parent Relationship": "Inner", "Startup Cost": 0.0, "Total Cost": 26095328.9, "Plan Rows": 357379, "Plan Width": 32, "Plans": [{"Node Type": "Streaming(type: LOCAL REDISTRIBUTE dop: 64/64)", "Parent Relationship": "Outer", "Startup Cost": 0.0, "Total Cost": 26095300.98, "Plan Rows": 357379, "Plan Width": 32, "Plans": [{"Node Type": "Nested Loop", "Parent Relationship": "Outer", "Join Type": "Inner", "Startup Cost": 0.0, "Total Cost": 26031962.45, "Plan Rows": 357379, "Plan Width": 32, "Inner Unique": true, "Join Filter": "(mc.company_id = cn.id), (LLVM Optimized)", "Plans": [{"Node Type": "Streaming(type: LOCAL REDISTRIBUTE dop: 64/64)", "Parent Relationship": "Outer", "Startup Cost": 0.0, "Total Cost": 25732792.36, "Plan Rows": 727161, "Plan Width": 36, "Plans": [{"Node Type": "Nested Loop", "Parent Relationship": "Outer", "Join Type": "Inner", "Startup Cost": 0.0, "Total Cost": 25669103.55, "Plan Rows": 727161, "Plan Width": 36, "Inner Unique": false, "Join Filter": "(ci.movie_id = mc.movie_id), (LLVM Optimized)", "Plans": [{"Node Type": "Streaming(type: LOCAL REDISTRIBUTE dop: 64/1)", "Parent Relationship": "Outer", "Startup Cost": 0.0, "Total Cost": 210825.84, "Plan Rows": 2609128, "Plan Width": 8, "Plans": [{"Node Type": "Seq Scan", "Parent Relationship": "Outer", "Relation Name": "movie_companies", "Alias": "mc", "Startup Cost": 0.0, "Total Cost": 41817.28, "Plan Rows": 2609128, "Plan Width": 8}]}, {"Node Type": "Materialize", "Parent Relationship": "Inner", "Startup Cost": 0.0, "Total Cost": 11273227.83, "Plan Rows": 1484588, "Plan Width": 28, "Plans": [{"Node Type": "Streaming(type: LOCAL REDISTRIBUTE dop: 64/64)", "Parent Relationship": "Outer", "Startup Cost": 0.0, "Total Cost": 11273111.85, "Plan Rows": 1484588, "Plan Width": 28, "Plans": [{"Node Type": "Nested Loop", "Parent Relationship": "Outer", "Join Type": "Inner", "Startup Cost": 0.0, "Total Cost": 11208705.55, "Plan Rows": 1484588, "Plan Width": 28, "Inner Unique": false, "Join Filter": "(ci.person_id = a1.person_id), (LLVM Optimized)", "Plans": [{"Node Type": "Streaming(type: LOCAL REDISTRIBUTE dop: 64/64)", "Parent Relationship": "Outer", "Startup Cost": 0.0, "Total Cost": 208611.23, "Plan Rows": 3296318, "Plan Width": 8, "Plans": [{"Node Type": "Nested Loop", "Parent Relationship": "Outer", "Join Type": "Inner", "Startup Cost": 0.0, "Total Cost": 142488.75, "Plan Rows": 3296318, "Plan Width": 8, "Inner Unique": false, "Join Filter": "(ci.role_id = rt.id), (LLVM Optimized)", "Plans": [{"Node Type": "Streaming(type: BROADCAST dop: 64/1)", "Parent Relationship": "Outer", "Startup Cost": 0.0, "Total Cost": 63002.47, "Plan Rows": 64, "Plan Width": 4, "Plans": [{"Node Type": "Seq Scan", "Parent Relationship": "Outer", "Relation Name": "role_type", "Alias": "rt", "Startup Cost": 0.0, "Total Cost": 1.15, "Plan Rows": 1, "Plan Width": 4, "Filter": "((role)::text = 'writer'::text)"}]}, {"Node Type": "Seq Scan", "Parent Relationship": "Inner", "Relation Name": "cast_info", "Alias": "ci", "Startup Cost": 0.0, "Total Cost": 72404.34, "Plan Rows": 36259494, "Plan Width": 12}]}]}, {"Node Type": "Materialize", "Parent Relationship": "Inner", "Startup Cost": 0.0, "Total Cost": 119600.26, "Plan Rows": 901342, "Plan Width": 20, "Plans": [{"Node Type": "Streaming(type: LOCAL REDISTRIBUTE dop: 64/1)", "Parent Relationship": "Outer", "Startup Cost": 0.0, "Total Cost": 119529.84, "Plan Rows": 901342, "Plan Width": 20, "Plans": [{"Node Type": "Seq Scan", "Parent Relationship": "Outer", "Relation Name": "aka_name", "Alias": "a1", "Startup Cost": 0.0, "Total Cost": 19908.42, "Plan Rows": 901342, "Plan Width": 20}]}]}]}]}]}]}]}, {"Node Type": "Materialize", "Parent Relationship": "Inner", "Startup Cost": 0.0, "Total Cost": 72370.55, "Plan Rows": 85170, "Plan Width": 4, "Plans": [{"Node Type": "Streaming(type: LOCAL REDISTRIBUTE dop: 64/1)", "Parent Relationship": "Outer", "Startup Cost": 0.0, "Total Cost": 72363.9, "Plan Rows": 85170, "Plan Width": 4, "Plans": [{"Node Type": "Seq Scan", "Parent Relationship": "Outer", "Relation Name": "company_name", "Alias": "cn", "Startup Cost": 0.0, "Total Cost": 5903.45, "Plan Rows": 85170, "Plan Width": 4, "Filter": "((country_code)::text = '[us]'::text)"}]}]}]}]}]}]}]}]}]}]}]}]}, "Unique SQL Id": 2457761703, "Planner Runtime": 9}, "explain_analyze_plan": null}, "(64, 123)": {"explain_plan": {"Plan": {"Node Type": "Aggregate", "Strategy": "Plain", "Startup Cost": 7112442136285.67, "Total Cost": 7112442136285.68, "Plan Rows": 1, "Plan Width": 97, "Plans": [{"Node Type": "Nested Loop", "Parent Relationship": "Outer", "Join Type": "Inner", "Startup Cost": 70000000000.0, "Total Cost": 7112442134500.18, "Plan Rows": 357098, "Plan Width": 33, "Inner Unique": false, "Join Filter": "(a1.person_id = n1.id), (LLVM Optimized)", "Plans": [{"Node Type": "Index Only Scan", "Parent Relationship": "Outer", "Scan Direction": "Forward", "Index Name": "name_pkey", "Relation Name": "name", "Alias": "n1", "Startup Cost": 10000000000.0, "Total Cost": 1000012483260.0, "Plan Rows": 4167490, "Plan Width": 4}, {"Node Type": "Materialize", "Parent Relationship": "Inner", "Startup Cost": 60000000000.0, "Total Cost": 6090106616972.63, "Plan Rows": 357098, "Plan Width": 41, "Plans": [{"Node Type": "Nested Loop", "Parent Relationship": "Outer", "Join Type": "Inner", "Startup Cost": 60000000000.0, "Total Cost": 6090106615187.14, "Plan Rows": 357098, "Plan Width": 41, "Inner Unique": true, "Join Filter": "(ci.movie_id = t.id), (LLVM Optimized)", "Plans": [{"Node Type": "Nested Loop", "Parent Relationship": "Outer", "Join Type": "Inner", "Startup Cost": 50000000000.0, "Total Cost": 5076542117964.41, "Plan Rows": 357379, "Plan Width": 32, "Inner Unique": false, "Join Filter": "(ci.person_id = a1.person_id), (LLVM Optimized)", "Plans": [{"Node Type": "Nested Loop", "Parent Relationship": "Outer", "Join Type": "Inner", "Startup Cost": 40000000000.0, "Total Cost": 4066922163415.29, "Plan Rows": 711018, "Plan Width": 12, "Inner Unique": false, "Join Filter": "(ci.movie_id = mc.movie_id), (LLVM Optimized)", "Plans": [{"Node Type": "Nested Loop", "Parent Relationship": "Outer", "Join Type": "Inner", "Startup Cost": 20000000000.0, "Total Cost": 2000171193971.62, "Plan Rows": 3296318, "Plan Width": 8, "Inner Unique": true, "Join Filter": "(ci.role_id = rt.id), (LLVM Optimized)", "Plans": [{"Node Type": "Index Scan", "Parent Relationship": "Outer", "Scan Direction": "Forward", "Index Name": "person_id_cast_info", "Relation Name": "cast_info", "Alias": "ci", "Startup Cost": 10000000000.0, "Total Cost": 1000170648833.21, "Plan Rows": 36259494, "Plan Width": 12}, {"Node Type": "Materialize", "Parent Relationship": "Inner", "Startup Cost": 10000000000.0, "Total Cost": 1000000001246.0, "Plan Rows": 1, "Plan Width": 4, "Plans": [{"Node Type": "Index Scan", "Parent Relationship": "Outer", "Scan Direction": "Forward", "Index Name": "role_type_pkey", "Relation Name": "role_type", "Alias": "rt", "Startup Cost": 10000000000.0, "Total Cost": 1000000001246.0, "Plan Rows": 1, "Plan Width": 4, "Filter": "((role)::text = 'writer'::text)"}]}]}, {"Node Type": "Materialize", "Parent Relationship": "Inner", "Startup Cost": 20000000000.0, "Total Cost": 2003347400185.98, "Plan Rows": 1282311, "Plan Width": 4, "Plans": [{"Node Type": "Nested Loop", "Parent Relationship": "Outer", "Join Type": "Inner", "Startup Cost": 20000000000.0, "Total Cost": 2003347393774.42, "Plan Rows": 1282311, "Plan Width": 4, "Inner Unique": true, "Join Filter": "(cn.id = mc.company_id), (LLVM Optimized)", "Plans": [{"Node Type": "Index Scan", "Parent Relationship": "Outer", "Scan Direction": "Forward", "Index Name": "movie_id_movie_companies", "Relation Name": "movie_companies", "Alias": "mc", "Startup Cost": 10000000000.0, "Total Cost": 1000013051946.13, "Plan Rows": 2609128, "Plan Width": 8}, {"Node Type": "Materialize", "Parent Relationship": "Inner", "Startup Cost": 10000000000.0, "Total Cost": 1000001050564.82, "Plan Rows": 85170, "Plan Width": 4, "Plans": [{"Node Type": "Index Scan", "Parent Relationship": "Outer", "Scan Direction": "Forward", "Index Name": "company_name_pkey", "Relation Name": "company_name", "Alias": "cn", "Startup Cost": 10000000000.0, "Total Cost": 1000001050138.97, "Plan Rows": 85170, "Plan Width": 4, "Filter": "((country_code)::text = '[us]'::text)"}]}]}]}]}, {"Node Type": "Materialize", "Parent Relationship": "Inner", "Startup Cost": 10000000000.0, "Total Cost": 1000006901010.14, "Plan Rows": 901342, "Plan Width": 20, "Plans": [{"Node Type": "Index Scan", "Parent Relationship": "Outer", "Scan Direction": "Forward", "Index Name": "person_id_aka_name", "Relation Name": "aka_name", "Alias": "a1", "Startup Cost": 10000000000.0, "Total Cost": 1000006896503.43, "Plan Rows": 901342, "Plan Width": 20}]}]}, {"Node Type": "Materialize", "Parent Relationship": "Inner", "Startup Cost": 10000000000.0, "Total Cost": 1000011024690.47, "Plan Rows": 2528311, "Plan Width": 21, "Plans": [{"Node Type": "Index Scan", "Parent Relationship": "Outer", "Scan Direction": "Forward", "Index Name": "title_pkey", "Relation Name": "title", "Alias": "t", "Startup Cost": 10000000000.0, "Total Cost": 1000011012048.91, "Plan Rows": 2528311, "Plan Width": 21}]}]}]}]}]}, "Unique SQL Id": 2457761703, "Planner Runtime": 4}, "explain_analyze_plan": null}, "(64, 124)": {"explain_plan": {"Plan": {"Node Type": "Aggregate", "Strategy": "Plain", "Startup Cost": 1967968.74, "Total Cost": 1967968.75, "Plan Rows": 1, "Plan Width": 97, "Plans": [{"Node Type": "Nested Loop", "Parent Relationship": "Outer", "Join Type": "Inner", "Startup Cost": 0.0, "Total Cost": 1966183.25, "Plan Rows": 357098, "Plan Width": 33, "Inner Unique": true, "Join Filter": "(a1.person_id = n1.id), (LLVM Optimized)", "Plans": [{"Node Type": "Nested Loop", "Parent Relationship": "Outer", "Join Type": "Inner", "Startup Cost": 0.0, "Total Cost": 1862664.6, "Plan Rows": 357098, "Plan Width": 41, "Inner Unique": true, "Plans": [{"Node Type": "Nested Loop", "Parent Relationship": "Outer", "Join Type": "Inner", "Startup Cost": 0.0, "Total Cost": 1760862.26, "Plan Rows": 357379, "Plan Width": 32, "Inner Unique": false, "Plans": [{"Node Type": "Nested Loop", "Parent Relationship": "Outer", "Join Type": "Inner", "Startup Cost": 0.0, "Total Cost": 1560689.3, "Plan Rows": 711018, "Plan Width": 12, "Inner Unique": false, "Join Filter": "(ci.role_id = rt.id), (LLVM Optimized)", "Plans": [{"Node Type": "Seq Scan", "Parent Relationship": "Outer", "Relation Name": "role_type", "Alias": "rt", "Startup Cost": 0.0, "Total Cost": 1.15, "Plan Rows": 1, "Plan Width": 4, "Filter": "((role)::text = 'writer'::text)"}, {"Node Type": "Nested Loop", "Parent Relationship": "Inner", "Join Type": "Inner", "Startup Cost": 0.0, "Total Cost": 1462923.14, "Plan Rows": 7821201, "Plan Width": 16, "Inner Unique": false, "Plans": [{"Node Type": "Nested Loop", "Parent Relationship": "Outer", "Join Type": "Inner", "Startup Cost": 0.0, "Total Cost": 166734.45, "Plan Rows": 1282311, "Plan Width": 4, "Inner Unique": false, "Plans": [{"Node Type": "Seq Scan", "Parent Relationship": "Outer", "Relation Name": "company_name", "Alias": "cn", "Startup Cost": 0.0, "Total Cost": 5903.45, "Plan Rows": 85170, "Plan Width": 4, "Filter": "((country_code)::text = '[us]'::text)"}, {"Node Type": "Index Scan", "Parent Relationship": "Inner", "Scan Direction": "Forward", "Index Name": "company_id_movie_companies", "Relation Name": "movie_companies", "Alias": "mc", "Startup Cost": 0.0, "Total Cost": 1.74, "Plan Rows": 15, "Plan Width": 8, "Index Cond": "(company_id = cn.id)"}]}, {"Node Type": "Index Scan", "Parent Relationship": "Inner", "Scan Direction": "Forward", "Index Name": "movie_id_cast_info", "Relation Name": "cast_info", "Alias": "ci", "Startup Cost": 0.0, "Total Cost": 0.95, "Plan Rows": 6, "Plan Width": 12, "Index Cond": "(movie_id = mc.movie_id)"}]}]}, {"Node Type": "Index Scan", "Parent Relationship": "Inner", "Scan Direction": "Forward", "Index Name": "person_id_aka_name", "Relation Name": "aka_name", "Alias": "a1", "Startup Cost": 0.0, "Total Cost": 0.27, "Plan Rows": 1, "Plan Width": 20, "Index Cond": "(person_id = ci.person_id)"}]}, {"Node Type": "Index Scan", "Parent Relationship": "Inner", "Scan Direction": "Forward", "Index Name": "title_pkey", "Relation Name": "title", "Alias": "t", "Startup Cost": 0.0, "Total Cost": 0.27, "Plan Rows": 1, "Plan Width": 21, "Index Cond": "(id = ci.movie_id)"}]}, {"Node Type": "Index Scan", "Parent Relationship": "Inner", "Scan Direction": "Forward", "Index Name": "name_pkey", "Relation Name": "name", "Alias": "n1", "Startup Cost": 0.0, "Total Cost": 0.28, "Plan Rows": 1, "Plan Width": 4, "Index Cond": "(id = ci.person_id)"}]}]}, "Unique SQL Id": 2457761703, "Planner Runtime": 5}, "explain_analyze_plan": null}, "(64, 125)": {"explain_plan": {"Plan": {"Node Type": "Aggregate", "Strategy": "Plain", "Startup Cost": 1972577.99, "Total Cost": 1972578.0, "Plan Rows": 1, "Plan Width": 97, "Plans": [{"Node Type": "Nested Loop", "Parent Relationship": "Outer", "Join Type": "Inner", "Startup Cost": 0.0, "Total Cost": 1970792.5, "Plan Rows": 357098, "Plan Width": 33, "Inner Unique": true, "Join Filter": "(a1.person_id = n1.id), (LLVM Optimized)", "Plans": [{"Node Type": "Nested Loop", "Parent Relationship": "Outer", "Join Type": "Inner", "Startup Cost": 0.0, "Total Cost": 1867273.85, "Plan Rows": 357098, "Plan Width": 41, "Inner Unique": true, "Plans": [{"Node Type": "Nested Loop", "Parent Relationship": "Outer", "Join Type": "Inner", "Startup Cost": 0.0, "Total Cost": 1765471.51, "Plan Rows": 357379, "Plan Width": 32, "Inner Unique": false, "Plans": [{"Node Type": "Nested Loop", "Parent Relationship": "Outer", "Join Type": "Inner", "Startup Cost": 0.0, "Total Cost": 1565298.55, "Plan Rows": 711018, "Plan Width": 12, "Inner Unique": false, "Join Filter": "(ci.role_id = rt.id), (LLVM Optimized)", "Plans": [{"Node Type": "Index Scan", "Parent Relationship": "Outer", "Scan Direction": "Forward", "Index Name": "role_type_pkey", "Relation Name": "role_type", "Alias": "rt", "Startup Cost": 0.0, "Total Cost": 12.46, "Plan Rows": 1, "Plan Width": 4, "Filter": "((role)::text = 'writer'::text)"}, {"Node Type": "Nested Loop", "Parent Relationship": "Inner", "Join Type": "Inner", "Startup Cost": 0.0, "Total Cost": 1467521.08, "Plan Rows": 7821201, "Plan Width": 16, "Inner Unique": false, "Plans": [{"Node Type": "Nested Loop", "Parent Relationship": "Outer", "Join Type": "Inner", "Startup Cost": 0.0, "Total Cost": 171332.39, "Plan Rows": 1282311, "Plan Width": 4, "Inner Unique": false, "Plans": [{"Node Type": "Index Scan", "Parent Relationship": "Outer", "Scan Direction": "Forward", "Index Name": "company_name_pkey", "Relation Name": "company_name", "Alias": "cn", "Startup Cost": 0.0, "Total Cost": 10501.39, "Plan Rows": 85170, "Plan Width": 4, "Filter": "((country_code)::text = '[us]'::text)"}, {"Node Type": "Index Scan", "Parent Relationship": "Inner", "Scan Direction": "Forward", "Index Name": "company_id_movie_companies", "Relation Name": "movie_companies", "Alias": "mc", "Startup Cost": 0.0, "Total Cost": 1.74, "Plan Rows": 15, "Plan Width": 8, "Index Cond": "(company_id = cn.id)"}]}, {"Node Type": "Index Scan", "Parent Relationship": "Inner", "Scan Direction": "Forward", "Index Name": "movie_id_cast_info", "Relation Name": "cast_info", "Alias": "ci", "Startup Cost": 0.0, "Total Cost": 0.95, "Plan Rows": 6, "Plan Width": 12, "Index Cond": "(movie_id = mc.movie_id)"}]}]}, {"Node Type": "Index Scan", "Parent Relationship": "Inner", "Scan Direction": "Forward", "Index Name": "person_id_aka_name", "Relation Name": "aka_name", "Alias": "a1", "Startup Cost": 0.0, "Total Cost": 0.27, "Plan Rows": 1, "Plan Width": 20, "Index Cond": "(person_id = ci.person_id)"}]}, {"Node Type": "Index Scan", "Parent Relationship": "Inner", "Scan Direction": "Forward", "Index Name": "title_pkey", "Relation Name": "title", "Alias": "t", "Startup Cost": 0.0, "Total Cost": 0.27, "Plan Rows": 1, "Plan Width": 21, "Index Cond": "(id = ci.movie_id)"}]}, {"Node Type": "Index Scan", "Parent Relationship": "Inner", "Scan Direction": "Forward", "Index Name": "name_pkey", "Relation Name": "name", "Alias": "n1", "Startup Cost": 0.0, "Total Cost": 0.28, "Plan Rows": 1, "Plan Width": 4, "Index Cond": "(id = ci.person_id)"}]}]}, "Unique SQL Id": 2457761703, "Planner Runtime": 6}, "explain_analyze_plan": null}, "(64, 126)": {"explain_plan": {"Plan": {"Node Type": "Aggregate", "Strategy": "Plain", "Startup Cost": 35276563.26, "Total Cost": 35276563.29, "Plan Rows": 1, "Plan Width": 97, "Plans": [{"Node Type": "Streaming(type: LOCAL GATHER dop: 1/64)", "Parent Relationship": "Outer", "Startup Cost": 35276563.26, "Total Cost": 35276563.29, "Plan Rows": 1, "Plan Width": 97, "Plans": [{"Node Type": "Aggregate", "Strategy": "Plain", "Parent Relationship": "Outer", "Startup Cost": 35276563.26, "Total Cost": 35276563.27, "Plan Rows": 1, "Plan Width": 97, "Plans": [{"Node Type": "Nested Loop", "Parent Relationship": "Outer", "Join Type": "Inner", "Startup Cost": 0.0, "Total Cost": 35274777.77, "Plan Rows": 357098, "Plan Width": 33, "Inner Unique": false, "Join Filter": "(a1.person_id = n1.id), (LLVM Optimized)", "Plans": [{"Node Type": "Streaming(type: LOCAL REDISTRIBUTE dop: 64/64)", "Parent Relationship": "Outer", "Startup Cost": 0.0, "Total Cost": 131401.97, "Plan Rows": 4167490, "Plan Width": 4, "Plans": [{"Node Type": "Seq Scan", "Parent Relationship": "Outer", "Relation Name": "name", "Alias": "n1", "Startup Cost": 0.0, "Total Cost": 64454.25, "Plan Rows": 4167490, "Plan Width": 4}]}, {"Node Type": "Materialize", "Parent Relationship": "Inner", "Startup Cost": 0.0, "Total Cost": 29693429.99, "Plan Rows": 357098, "Plan Width": 41, "Plans": [{"Node Type": "Streaming(type: LOCAL REDISTRIBUTE dop: 64/64)", "Parent Relationship": "Outer", "Startup Cost": 0.0, "Total Cost": 29693402.1, "Plan Rows": 357098, "Plan Width": 41, "Plans": [{"Node Type": "Nested Loop", "Parent Relationship": "Outer", "Join Type": "Inner", "Startup Cost": 0.0, "Total Cost": 29630063.83, "Plan Rows": 357098, "Plan Width": 41, "Inner Unique": false, "Join Filter": "(ci.movie_id = t.id), (LLVM Optimized)", "Plans": [{"Node Type": "Streaming(type: LOCAL REDISTRIBUTE dop: 64/1)", "Parent Relationship": "Outer", "Startup Cost": 0.0, "Total Cost": 225794.09, "Plan Rows": 2528311, "Plan Width": 21, "Plans": [{"Node Type": "Seq Scan", "Parent Relationship": "Outer", "Relation Name": "title", "Alias": "t", "Startup Cost": 0.0, "Total Cost": 60069.11, "Plan Rows": 2528311, "Plan Width": 21}]}, {"Node Type": "Materialize", "Parent Relationship": "Inner", "Startup Cost": 0.0, "Total Cost": 26095328.9, "Plan Rows": 357379, "Plan Width": 32, "Plans": [{"Node Type": "Streaming(type: LOCAL REDISTRIBUTE dop: 64/64)", "Parent Relationship": "Outer", "Startup Cost": 0.0, "Total Cost": 26095300.98, "Plan Rows": 357379, "Plan Width": 32, "Plans": [{"Node Type": "Nested Loop", "Parent Relationship": "Outer", "Join Type": "Inner", "Startup Cost": 0.0, "Total Cost": 26031962.45, "Plan Rows": 357379, "Plan Width": 32, "Inner Unique": true, "Join Filter": "(mc.company_id = cn.id), (LLVM Optimized)", "Plans": [{"Node Type": "Streaming(type: LOCAL REDISTRIBUTE dop: 64/64)", "Parent Relationship": "Outer", "Startup Cost": 0.0, "Total Cost": 25732792.36, "Plan Rows": 727161, "Plan Width": 36, "Plans": [{"Node Type": "Nested Loop", "Parent Relationship": "Outer", "Join Type": "Inner", "Startup Cost": 0.0, "Total Cost": 25669103.55, "Plan Rows": 727161, "Plan Width": 36, "Inner Unique": false, "Join Filter": "(ci.movie_id = mc.movie_id), (LLVM Optimized)", "Plans": [{"Node Type": "Streaming(type: LOCAL REDISTRIBUTE dop: 64/1)", "Parent Relationship": "Outer", "Startup Cost": 0.0, "Total Cost": 210825.84, "Plan Rows": 2609128, "Plan Width": 8, "Plans": [{"Node Type": "Seq Scan", "Parent Relationship": "Outer", "Relation Name": "movie_companies", "Alias": "mc", "Startup Cost": 0.0, "Total Cost": 41817.28, "Plan Rows": 2609128, "Plan Width": 8}]}, {"Node Type": "Materialize", "Parent Relationship": "Inner", "Startup Cost": 0.0, "Total Cost": 11273227.83, "Plan Rows": 1484588, "Plan Width": 28, "Plans": [{"Node Type": "Streaming(type: LOCAL REDISTRIBUTE dop: 64/64)", "Parent Relationship": "Outer", "Startup Cost": 0.0, "Total Cost": 11273111.85, "Plan Rows": 1484588, "Plan Width": 28, "Plans": [{"Node Type": "Nested Loop", "Parent Relationship": "Outer", "Join Type": "Inner", "Startup Cost": 0.0, "Total Cost": 11208705.55, "Plan Rows": 1484588, "Plan Width": 28, "Inner Unique": false, "Join Filter": "(ci.person_id = a1.person_id), (LLVM Optimized)", "Plans": [{"Node Type": "Streaming(type: LOCAL REDISTRIBUTE dop: 64/64)", "Parent Relationship": "Outer", "Startup Cost": 0.0, "Total Cost": 208611.23, "Plan Rows": 3296318, "Plan Width": 8, "Plans": [{"Node Type": "Nested Loop", "Parent Relationship": "Outer", "Join Type": "Inner", "Startup Cost": 0.0, "Total Cost": 142488.75, "Plan Rows": 3296318, "Plan Width": 8, "Inner Unique": false, "Join Filter": "(ci.role_id = rt.id), (LLVM Optimized)", "Plans": [{"Node Type": "Streaming(type: BROADCAST dop: 64/1)", "Parent Relationship": "Outer", "Startup Cost": 0.0, "Total Cost": 63002.47, "Plan Rows": 64, "Plan Width": 4, "Plans": [{"Node Type": "Seq Scan", "Parent Relationship": "Outer", "Relation Name": "role_type", "Alias": "rt", "Startup Cost": 0.0, "Total Cost": 1.15, "Plan Rows": 1, "Plan Width": 4, "Filter": "((role)::text = 'writer'::text)"}]}, {"Node Type": "Seq Scan", "Parent Relationship": "Inner", "Relation Name": "cast_info", "Alias": "ci", "Startup Cost": 0.0, "Total Cost": 72404.34, "Plan Rows": 36259494, "Plan Width": 12}]}]}, {"Node Type": "Materialize", "Parent Relationship": "Inner", "Startup Cost": 0.0, "Total Cost": 119600.26, "Plan Rows": 901342, "Plan Width": 20, "Plans": [{"Node Type": "Streaming(type: LOCAL REDISTRIBUTE dop: 64/1)", "Parent Relationship": "Outer", "Startup Cost": 0.0, "Total Cost": 119529.84, "Plan Rows": 901342, "Plan Width": 20, "Plans": [{"Node Type": "Seq Scan", "Parent Relationship": "Outer", "Relation Name": "aka_name", "Alias": "a1", "Startup Cost": 0.0, "Total Cost": 19908.42, "Plan Rows": 901342, "Plan Width": 20}]}]}]}]}]}]}]}, {"Node Type": "Materialize", "Parent Relationship": "Inner", "Startup Cost": 0.0, "Total Cost": 72370.55, "Plan Rows": 85170, "Plan Width": 4, "Plans": [{"Node Type": "Streaming(type: LOCAL REDISTRIBUTE dop: 64/1)", "Parent Relationship": "Outer", "Startup Cost": 0.0, "Total Cost": 72363.9, "Plan Rows": 85170, "Plan Width": 4, "Plans": [{"Node Type": "Seq Scan", "Parent Relationship": "Outer", "Relation Name": "company_name", "Alias": "cn", "Startup Cost": 0.0, "Total Cost": 5903.45, "Plan Rows": 85170, "Plan Width": 4, "Filter": "((country_code)::text = '[us]'::text)"}]}]}]}]}]}]}]}]}]}]}]}]}, "Unique SQL Id": 2457761703, "Planner Runtime": 9}, "explain_analyze_plan": null}, "(64, 127)": {"explain_plan": {"Plan": {"Node Type": "Aggregate", "Strategy": "Plain", "Startup Cost": 7112447276300.38, "Total Cost": 7112447276300.39, "Plan Rows": 1, "Plan Width": 97, "Plans": [{"Node Type": "Nested Loop", "Parent Relationship": "Outer", "Join Type": "Inner", "Startup Cost": 70000000000.0, "Total Cost": 7112447274514.89, "Plan Rows": 357098, "Plan Width": 33, "Inner Unique": false, "Join Filter": "(a1.person_id = n1.id), (LLVM Optimized)", "Plans": [{"Node Type": "Index Scan", "Parent Relationship": "Outer", "Scan Direction": "Forward", "Index Name": "name_pkey", "Relation Name": "name", "Alias": "n1", "Startup Cost": 10000000000.0, "Total Cost": 1000017623274.7, "Plan Rows": 4167490, "Plan Width": 4}, {"Node Type": "Materialize", "Parent Relationship": "Inner", "Startup Cost": 60000000000.0, "Total Cost": 6090106616972.63, "Plan Rows": 357098, "Plan Width": 41, "Plans": [{"Node Type": "Nested Loop", "Parent Relationship": "Outer", "Join Type": "Inner", "Startup Cost": 60000000000.0, "Total Cost": 6090106615187.14, "Plan Rows": 357098, "Plan Width": 41, "Inner Unique": true, "Join Filter": "(ci.movie_id = t.id), (LLVM Optimized)", "Plans": [{"Node Type": "Nested Loop", "Parent Relationship": "Outer", "Join Type": "Inner", "Startup Cost": 50000000000.0, "Total Cost": 5076542117964.41, "Plan Rows": 357379, "Plan Width": 32, "Inner Unique": false, "Join Filter": "(ci.person_id = a1.person_id), (LLVM Optimized)", "Plans": [{"Node Type": "Nested Loop", "Parent Relationship": "Outer", "Join Type": "Inner", "Startup Cost": 40000000000.0, "Total Cost": 4066922163415.29, "Plan Rows": 711018, "Plan Width": 12, "Inner Unique": false, "Join Filter": "(ci.movie_id = mc.movie_id), (LLVM Optimized)", "Plans": [{"Node Type": "Nested Loop", "Parent Relationship": "Outer", "Join Type": "Inner", "Startup Cost": 20000000000.0, "Total Cost": 2000171193971.62, "Plan Rows": 3296318, "Plan Width": 8, "Inner Unique": true, "Join Filter": "(ci.role_id = rt.id), (LLVM Optimized)", "Plans": [{"Node Type": "Index Scan", "Parent Relationship": "Outer", "Scan Direction": "Forward", "Index Name": "person_id_cast_info", "Relation Name": "cast_info", "Alias": "ci", "Startup Cost": 10000000000.0, "Total Cost": 1000170648833.21, "Plan Rows": 36259494, "Plan Width": 12}, {"Node Type": "Materialize", "Parent Relationship": "Inner", "Startup Cost": 10000000000.0, "Total Cost": 1000000001246.0, "Plan Rows": 1, "Plan Width": 4, "Plans": [{"Node Type": "Index Scan", "Parent Relationship": "Outer", "Scan Direction": "Forward", "Index Name": "role_type_pkey", "Relation Name": "role_type", "Alias": "rt", "Startup Cost": 10000000000.0, "Total Cost": 1000000001246.0, "Plan Rows": 1, "Plan Width": 4, "Filter": "((role)::text = 'writer'::text)"}]}]}, {"Node Type": "Materialize", "Parent Relationship": "Inner", "Startup Cost": 20000000000.0, "Total Cost": 2003347400185.98, "Plan Rows": 1282311, "Plan Width": 4, "Plans": [{"Node Type": "Nested Loop", "Parent Relationship": "Outer", "Join Type": "Inner", "Startup Cost": 20000000000.0, "Total Cost": 2003347393774.42, "Plan Rows": 1282311, "Plan Width": 4, "Inner Unique": true, "Join Filter": "(cn.id = mc.company_id), (LLVM Optimized)", "Plans": [{"Node Type": "Index Scan", "Parent Relationship": "Outer", "Scan Direction": "Forward", "Index Name": "movie_id_movie_companies", "Relation Name": "movie_companies", "Alias": "mc", "Startup Cost": 10000000000.0, "Total Cost": 1000013051946.13, "Plan Rows": 2609128, "Plan Width": 8}, {"Node Type": "Materialize", "Parent Relationship": "Inner", "Startup Cost": 10000000000.0, "Total Cost": 1000001050564.82, "Plan Rows": 85170, "Plan Width": 4, "Plans": [{"Node Type": "Index Scan", "Parent Relationship": "Outer", "Scan Direction": "Forward", "Index Name": "company_name_pkey", "Relation Name": "company_name", "Alias": "cn", "Startup Cost": 10000000000.0, "Total Cost": 1000001050138.97, "Plan Rows": 85170, "Plan Width": 4, "Filter": "((country_code)::text = '[us]'::text)"}]}]}]}]}, {"Node Type": "Materialize", "Parent Relationship": "Inner", "Startup Cost": 10000000000.0, "Total Cost": 1000006901010.14, "Plan Rows": 901342, "Plan Width": 20, "Plans": [{"Node Type": "Index Scan", "Parent Relationship": "Outer", "Scan Direction": "Forward", "Index Name": "person_id_aka_name", "Relation Name": "aka_name", "Alias": "a1", "Startup Cost": 10000000000.0, "Total Cost": 1000006896503.43, "Plan Rows": 901342, "Plan Width": 20}]}]}, {"Node Type": "Materialize", "Parent Relationship": "Inner", "Startup Cost": 10000000000.0, "Total Cost": 1000011024690.47, "Plan Rows": 2528311, "Plan Width": 21, "Plans": [{"Node Type": "Index Scan", "Parent Relationship": "Outer", "Scan Direction": "Forward", "Index Name": "title_pkey", "Relation Name": "title", "Alias": "t", "Startup Cost": 10000000000.0, "Total Cost": 1000011012048.91, "Plan Rows": 2528311, "Plan Width": 21}]}]}]}]}]}, "Unique SQL Id": 2457761703, "Planner Runtime": 5}, "explain_analyze_plan": null}}