{"(1, '0')": {"explain_plan": {"Plan": {"Node Type": "Aggregate", "Strategy": "Plain", "Startup Cost": 589695.38, "Total Cost": 589695.39, "Plan Rows": 1, "Plan Width": 97, "Plans": [{"Node Type": "Hash Join", "Parent Relationship": "Outer", "Join Type": "Inner", "Startup Cost": 561014.71, "Total Cost": 587909.89, "Plan Rows": 357098, "Plan Width": 33, "Inner Unique": false, "Hash Cond": "(an1.person_id = n1.id), (LLVM Optimized)", "Plans": [{"Node Type": "Seq Scan", "Parent Relationship": "Outer", "Relation Name": "aka_name", "Alias": "an1", "Startup Cost": 0.0, "Total Cost": 19908.42, "Plan Rows": 901342, "Plan Width": 20}, {"Node Type": "Hash", "Parent Relationship": "Inner", "Startup Cost": 552133.97, "Total Cost": 552133.97, "Plan Rows": 710459, "Plan Width": 25, "Plans": [{"Node Type": "Hash Join", "Parent Relationship": "Outer", "Join Type": "Inner", "Startup Cost": 341891.88, "Total Cost": 552133.97, "Plan Rows": 710459, "Plan Width": 25, "Inner Unique": true, "Hash Cond": "(ci.person_id = n1.id), (LLVM Optimized)", "Plans": [{"Node Type": "Hash Join", "Parent Relationship": "Outer", "Join Type": "Inner", "Startup Cost": 196726.36, "Total Cost": 397199.64, "Plan Rows": 710459, "Plan Width": 21, "Inner Unique": false, "Hash Cond": "(ci.movie_id = t.id), (LLVM Optimized)", "Plans": [{"Node Type": "Nested Loop", "Parent Relationship": "Outer", "Join Type": "Inner", "Startup Cost": 0.0, "Total Cost": 171406.94, "Plan Rows": 3296318, "Plan Width": 8, "Inner Unique": false, "Plans": [{"Node Type": "Seq Scan", "Parent Relationship": "Outer", "Relation Name": "role_type", "Alias": "rt", "Startup Cost": 0.0, "Total Cost": 1.15, "Plan Rows": 1, "Plan Width": 4, "Filter": "((role)::text = 'costume designer'::text)"}, {"Node Type": "Index Scan", "Parent Relationship": "Inner", "Scan Direction": "Forward", "Index Name": "role_id_cast_info", "Relation Name": "cast_info", "Alias": "ci", "Startup Cost": 0.0, "Total Cost": 138442.61, "Plan Rows": 3296318, "Plan Width": 12, "Index Cond": "(role_id = rt.id), (LLVM Optimized)"}]}, {"Node Type": "Hash", "Parent Relationship": "Inner", "Startup Cost": 180697.47, "Total Cost": 180697.47, "Plan Rows": 1282311, "Plan Width": 25, "Plans": [{"Node Type": "Hash Join", "Parent Relationship": "Outer", "Join Type": "Inner", "Startup Cost": 98641.07, "Total Cost": 180697.47, "Plan Rows": 1282311, "Plan Width": 25, "Inner Unique": true, "Hash Cond": "(mc.movie_id = t.id), (LLVM Optimized)", "Plans": [{"Node Type": "Hash Join", "Parent Relationship": "Outer", "Join Type": "Inner", "Startup Cost": 6968.08, "Total Cost": 71392.69, "Plan Rows": 1282311, "Plan Width": 4, "Inner Unique": true, "Hash Cond": "(mc.company_id = cn.id), (LLVM Optimized)", "Plans": [{"Node Type": "Seq Scan", "Parent Relationship": "Outer", "Relation Name": "movie_companies", "Alias": "mc", "Startup Cost": 0.0, "Total Cost": 41817.28, "Plan Rows": 2609128, "Plan Width": 8}, {"Node Type": "Hash", "Parent Relationship": "Inner", "Startup Cost": 5903.45, "Total Cost": 5903.45, "Plan Rows": 85170, "Plan Width": 4, "Plans": [{"Node Type": "Seq Scan", "Parent Relationship": "Outer", "Relation Name": "company_name", "Alias": "cn", "Startup Cost": 0.0, "Total Cost": 5903.45, "Plan Rows": 85170, "Plan Width": 4, "Filter": "((country_code)::text = '[us]'::text)"}]}]}, {"Node Type": "Hash", "Parent Relationship": "Inner", "Startup Cost": 60069.11, "Total Cost": 60069.11, "Plan Rows": 2528311, "Plan Width": 21, "Plans": [{"Node Type": "Seq Scan", "Parent Relationship": "Outer", "Relation Name": "title", "Alias": "t", "Startup Cost": 0.0, "Total Cost": 60069.11, "Plan Rows": 2528311, "Plan Width": 21}]}]}]}]}, {"Node Type": "Hash", "Parent Relationship": "Inner", "Startup Cost": 93071.9, "Total Cost": 93071.9, "Plan Rows": 4167490, "Plan Width": 4, "Plans": [{"Node Type": "Index Only Scan", "Parent Relationship": "Outer", "Scan Direction": "Forward", "Index Name": "name_pkey", "Relation Name": "name", "Alias": "n1", "Startup Cost": 0.0, "Total Cost": 93071.9, "Plan Rows": 4167490, "Plan Width": 4}]}]}]}]}]}, "Unique SQL Id": 2457761703, "Planner Runtime": 83}, "explain_analyze_plan": {"Plan": {"Node Type": "Aggregate", "Strategy": "Plain", "Startup Cost": 589695.38, "Total Cost": 589695.39, "Plan Rows": 1, "Plan Width": 97, "Actual Startup Time": 8564.844, "Actual Total Time": 8564.845, "Actual Rows": 1, "Actual Loops": 1, "Plans": [{"Node Type": "Hash Join", "Parent Relationship": "Outer", "Join Type": "Inner", "Startup Cost": 561014.71, "Total Cost": 587909.89, "Plan Rows": 357098, "Plan Width": 33, "Actual Startup Time": 7931.833, "Actual Total Time": 8421.386, "Actual Rows": 323005, "Actual Loops": 1, "Inner Unique": false, "Hash Cond": "(an1.person_id = n1.id), (LLVM Optimized, Jit Execute)", "Plans": [{"Node Type": "Seq Scan", "Parent Relationship": "Outer", "Relation Name": "aka_name", "Alias": "an1", "Startup Cost": 0.0, "Total Cost": 19908.42, "Plan Rows": 901342, "Plan Width": 20, "Actual Startup Time": 0.026, "Actual Total Time": 214.616, "Actual Rows": 901342, "Actual Loops": 1}, {"Node Type": "Hash", "Parent Relationship": "Inner", "Startup Cost": 552133.97, "Total Cost": 552133.97, "Plan Rows": 710459, "Plan Width": 25, "Actual Startup Time": 7922.263, "Actual Total Time": 7922.263, "Actual Rows": 285537, "Actual Loops": 1, "Hash Buckets": 1048576, "Hash Batches": 1, "Original Hash Batches": 1, "Peak Memory Usage": 15952, "Plans": [{"Node Type": "Hash Join", "Parent Relationship": "Outer", "Join Type": "Inner", "Startup Cost": 341891.88, "Total Cost": 552133.97, "Plan Rows": 710459, "Plan Width": 25, "Actual Startup Time": 7313.692, "Actual Total Time": 7835.153, "Actual Rows": 285537, "Actual Loops": 1, "Inner Unique": true, "Hash Cond": "(ci.person_id = n1.id), (LLVM Optimized, Jit Execute)", "Plans": [{"Node Type": "Hash Join", "Parent Relationship": "Outer", "Join Type": "Inner", "Startup Cost": 196726.36, "Total Cost": 397199.64, "Plan Rows": 710459, "Plan Width": 21, "Actual Startup Time": 4717.169, "Actual Total Time": 5125.561, "Actual Rows": 285537, "Actual Loops": 1, "Inner Unique": false, "Hash Cond": "(ci.movie_id = t.id), (LLVM Optimized, Jit Execute)", "Plans": [{"Node Type": "Nested Loop", "Parent Relationship": "Outer", "Join Type": "Inner", "Startup Cost": 0.0, "Total Cost": 171406.94, "Plan Rows": 3296318, "Plan Width": 8, "Actual Startup Time": 0.127, "Actual Total Time": 201.773, "Actual Rows": 276403, "Actual Loops": 1, "Inner Unique": false, "Plans": [{"Node Type": "Seq Scan", "Parent Relationship": "Outer", "Relation Name": "role_type", "Alias": "rt", "Startup Cost": 0.0, "Total Cost": 1.15, "Plan Rows": 1, "Plan Width": 4, "Actual Startup Time": 0.063, "Actual Total Time": 0.082, "Actual Rows": 1, "Actual Loops": 1, "Filter": "((role)::text = 'costume designer'::text)", "Rows Removed by Filter": 11}, {"Node Type": "Index Scan", "Parent Relationship": "Inner", "Scan Direction": "Forward", "Index Name": "role_id_cast_info", "Relation Name": "cast_info", "Alias": "ci", "Startup Cost": 0.0, "Total Cost": 138442.61, "Plan Rows": 3296318, "Plan Width": 12, "Actual Startup Time": 0.052, "Actual Total Time": 147.938, "Actual Rows": 276403, "Actual Loops": 1, "Index Cond": "(role_id = rt.id), (LLVM Optimized, Jit Execute)", "Rows Removed by Index Recheck": 0}]}, {"Node Type": "Hash", "Parent Relationship": "Inner", "Startup Cost": 180697.47, "Total Cost": 180697.47, "Plan Rows": 1282311, "Plan Width": 25, "Actual Startup Time": 4712.398, "Actual Total Time": 4712.398, "Actual Rows": 1153797, "Actual Loops": 1, "Hash Buckets": 2097152, "Hash Batches": 1, "Original Hash Batches": 1, "Peak Memory Usage": 68508, "Plans": [{"Node Type": "Hash Join", "Parent Relationship": "Outer", "Join Type": "Inner", "Startup Cost": 98641.07, "Total Cost": 180697.47, "Plan Rows": 1282311, "Plan Width": 25, "Actual Startup Time": 1935.548, "Actual Total Time": 4190.972, "Actual Rows": 1153797, "Actual Loops": 1, "Inner Unique": true, "Hash Cond": "(mc.movie_id = t.id), (LLVM Optimized, Jit Execute)", "Plans": [{"Node Type": "Hash Join", "Parent Relationship": "Outer", "Join Type": "Inner", "Startup Cost": 6968.08, "Total Cost": 71392.69, "Plan Rows": 1282311, "Plan Width": 4, "Actual Startup Time": 112.405, "Actual Total Time": 1587.27, "Actual Rows": 1153797, "Actual Loops": 1, "Inner Unique": true, "Hash Cond": "(mc.company_id = cn.id), (LLVM Optimized, Jit Execute)", "Plans": [{"Node Type": "Seq Scan", "Parent Relationship": "Outer", "Relation Name": "movie_companies", "Alias": "mc", "Startup Cost": 0.0, "Total Cost": 41817.28, "Plan Rows": 2609128, "Plan Width": 8, "Actual Startup Time": 0.024, "Actual Total Time": 622.888, "Actual Rows": 2609128, "Actual Loops": 1}, {"Node Type": "Hash", "Parent Relationship": "Inner", "Startup Cost": 5903.45, "Total Cost": 5903.45, "Plan Rows": 85170, "Plan Width": 4, "Actual Startup Time": 112.277, "Actual Total Time": 112.277, "Actual Rows": 84843, "Actual Loops": 1, "Hash Buckets": 131072, "Hash Batches": 1, "Original Hash Batches": 1, "Peak Memory Usage": 2983, "Plans": [{"Node Type": "Seq Scan", "Parent Relationship": "Outer", "Relation Name": "company_name", "Alias": "cn", "Startup Cost": 0.0, "Total Cost": 5903.45, "Plan Rows": 85170, "Plan Width": 4, "Actual Startup Time": 0.024, "Actual Total Time": 89.803, "Actual Rows": 84843, "Actual Loops": 1, "Filter": "((country_code)::text = '[us]'::text)", "Rows Removed by Filter": 150153}]}]}, {"Node Type": "Hash", "Parent Relationship": "Inner", "Startup Cost": 60069.11, "Total Cost": 60069.11, "Plan Rows": 2528311, "Plan Width": 21, "Actual Startup Time": 1820.712, "Actual Total Time": 1820.712, "Actual Rows": 2528311, "Actual Loops": 1, "Hash Buckets": 4194304, "Hash Batches": 1, "Original Hash Batches": 1, "Peak Memory Usage": 135869, "Plans": [{"Node Type": "Seq Scan", "Parent Relationship": "Outer", "Relation Name": "title", "Alias": "t", "Startup Cost": 0.0, "Total Cost": 60069.11, "Plan Rows": 2528311, "Plan Width": 21, "Actual Startup Time": 0.033, "Actual Total Time": 812.077, "Actual Rows": 2528311, "Actual Loops": 1}]}]}]}]}, {"Node Type": "Hash", "Parent Relationship": "Inner", "Startup Cost": 93071.9, "Total Cost": 93071.9, "Plan Rows": 4167490, "Plan Width": 4, "Actual Startup Time": 2594.015, "Actual Total Time": 2594.015, "Actual Rows": 4167490, "Actual Loops": 1, "Hash Buckets": 4194304, "Hash Batches": 1, "Original Hash Batches": 1, "Peak Memory Usage": 146514, "Plans": [{"Node Type": "Index Only Scan", "Parent Relationship": "Outer", "Scan Direction": "Forward", "Index Name": "name_pkey", "Relation Name": "name", "Alias": "n1", "Startup Cost": 0.0, "Total Cost": 93071.9, "Plan Rows": 4167490, "Plan Width": 4, "Actual Startup Time": 0.036, "Actual Total Time": 1049.181, "Actual Rows": 4167490, "Actual Loops": 1, "Heap Fetches": 0}]}]}]}]}]}, "Triggers": [], "Planner Runtime": 82.942, "Total Runtime": 8576.378, "Unique SQL Id": 2457761703}}, "(1, '1')": {"explain_plan": {"Plan": {"Node Type": "Aggregate", "Strategy": "Plain", "Startup Cost": 770846.96, "Total Cost": 770846.97, "Plan Rows": 1, "Plan Width": 97, "Plans": [{"Node Type": "Nested Loop", "Parent Relationship": "Outer", "Join Type": "Inner", "Startup Cost": 599201.04, "Total Cost": 769061.47, "Plan Rows": 357098, "Plan Width": 33, "Inner Unique": true, "Join Filter": "(an1.person_id = n1.id), (LLVM Optimized)", "Plans": [{"Node Type": "Merge Join", "Parent Relationship": "Outer", "Join Type": "Inner", "Startup Cost": 599201.04, "Total Cost": 667567.53, "Plan Rows": 357098, "Plan Width": 41, "Inner Unique": false, "Merge Cond": "(ci.person_id = an1.person_id)", "Plans": [{"Node Type": "Sort", "Parent Relationship": "Outer", "Startup Cost": 599200.97, "Total Cost": 600977.12, "Plan Rows": 710459, "Plan Width": 21, "Sort Key": ["ci.person_id"], "Plans": [{"Node Type": "Hash Join", "Parent Relationship": "Outer", "Join Type": "Inner", "Startup Cost": 329665.48, "Total Cost": 530150.07, "Plan Rows": 710459, "Plan Width": 21, "Inner Unique": false, "Hash Cond": "(ci.movie_id = t.id), (LLVM Optimized)", "Plans": [{"Node Type": "Nested Loop", "Parent Relationship": "Outer", "Join Type": "Inner", "Startup Cost": 0.0, "Total Cost": 171418.25, "Plan Rows": 3296318, "Plan Width": 8, "Inner Unique": false, "Plans": [{"Node Type": "Index Scan", "Parent Relationship": "Outer", "Scan Direction": "Forward", "Index Name": "role_type_pkey", "Relation Name": "role_type", "Alias": "rt", "Startup Cost": 0.0, "Total Cost": 12.46, "Plan Rows": 1, "Plan Width": 4, "Filter": "((role)::text = 'costume designer'::text)"}, {"Node Type": "Index Scan", "Parent Relationship": "Inner", "Scan Direction": "Forward", "Index Name": "role_id_cast_info", "Relation Name": "cast_info", "Alias": "ci", "Startup Cost": 0.0, "Total Cost": 138442.61, "Plan Rows": 3296318, "Plan Width": 12, "Index Cond": "(role_id = rt.id), (LLVM Optimized)"}]}, {"Node Type": "Hash", "Parent Relationship": "Inner", "Startup Cost": 313636.59, "Total Cost": 313636.59, "Plan Rows": 1282311, "Plan Width": 25, "Plans": [{"Node Type": "Hash Join", "Parent Relationship": "Outer", "Join Type": "Inner", "Startup Cost": 11568.59, "Total Cost": 313636.59, "Plan Rows": 1282311, "Plan Width": 25, "Inner Unique": true, "Hash Cond": "(mc.company_id = cn.id), (LLVM Optimized)", "Plans": [{"Node Type": "Merge Join", "Parent Relationship": "Outer", "Join Type": "Inner", "Startup Cost": 2.58, "Total Cost": 279463.24, "Plan Rows": 2609128, "Plan Width": 29, "Inner Unique": false, "Merge Cond": "(t.id = mc.movie_id)", "Plans": [{"Node Type": "Index Scan", "Parent Relationship": "Outer", "Scan Direction": "Forward", "Index Name": "title_pkey", "Relation Name": "title", "Alias": "t", "Startup Cost": 0.0, "Total Cost": 110120.49, "Plan Rows": 2528311, "Plan Width": 21}, {"Node Type": "Index Scan", "Parent Relationship": "Inner", "Scan Direction": "Forward", "Index Name": "movie_id_movie_companies", "Relation Name": "movie_companies", "Alias": "mc", "Startup Cost": 0.0, "Total Cost": 130519.46, "Plan Rows": 2609128, "Plan Width": 8}]}, {"Node Type": "Hash", "Parent Relationship": "Inner", "Startup Cost": 10501.39, "Total Cost": 10501.39, "Plan Rows": 85170, "Plan Width": 4, "Plans": [{"Node Type": "Index Scan", "Parent Relationship": "Outer", "Scan Direction": "Forward", "Index Name": "company_name_pkey", "Relation Name": "company_name", "Alias": "cn", "Startup Cost": 0.0, "Total Cost": 10501.39, "Plan Rows": 85170, "Plan Width": 4, "Filter": "((country_code)::text = '[us]'::text)"}]}]}]}]}]}, {"Node Type": "Index Scan", "Parent Relationship": "Inner", "Scan Direction": "Forward", "Index Name": "person_id_aka_name", "Relation Name": "aka_name", "Alias": "an1", "Startup Cost": 0.0, "Total Cost": 68965.03, "Plan Rows": 901342, "Plan Width": 20}]}, {"Node Type": "Index Only Scan", "Parent Relationship": "Inner", "Scan Direction": "Forward", "Index Name": "name_pkey", "Relation Name": "name", "Alias": "n1", "Startup Cost": 0.0, "Total Cost": 0.27, "Plan Rows": 1, "Plan Width": 4, "Index Cond": "(id = ci.person_id)"}]}]}, "Unique SQL Id": 2457761703, "Planner Runtime": 75}, "explain_analyze_plan": {"Plan": {"Node Type": "Aggregate", "Strategy": "Plain", "Startup Cost": 770846.96, "Total Cost": 770846.97, "Plan Rows": 1, "Plan Width": 97, "Actual Startup Time": 10131.383, "Actual Total Time": 10131.384, "Actual Rows": 1, "Actual Loops": 1, "Plans": [{"Node Type": "Nested Loop", "Parent Relationship": "Outer", "Join Type": "Inner", "Startup Cost": 599201.04, "Total Cost": 769061.47, "Plan Rows": 357098, "Plan Width": 33, "Actual Startup Time": 8074.867, "Actual Total Time": 9941.074, "Actual Rows": 323005, "Actual Loops": 1, "Inner Unique": true, "Join Filter": "(an1.person_id = n1.id), (LLVM Optimized, Jit Execute)", "Rows Removed by Join Filter": 0, "Plans": [{"Node Type": "Merge Join", "Parent Relationship": "Outer", "Join Type": "Inner", "Startup Cost": 599201.04, "Total Cost": 667567.53, "Plan Rows": 357098, "Plan Width": 41, "Actual Startup Time": 8074.833, "Actual Total Time": 9041.212, "Actual Rows": 323005, "Actual Loops": 1, "Inner Unique": false, "Merge Cond": "(ci.person_id = an1.person_id)", "Plans": [{"Node Type": "Sort", "Parent Relationship": "Outer", "Startup Cost": 599200.97, "Total Cost": 600977.12, "Plan Rows": 710459, "Plan Width": 21, "Actual Startup Time": 8074.743, "Actual Total Time": 8122.105, "Actual Rows": 285537, "Actual Loops": 1, "Sort Key": ["ci.person_id"], "Sort Method": "quicksort", "Sort Space Used": 39613, "Sort Space Type": "Memory", "Plans": [{"Node Type": "Hash Join", "Parent Relationship": "Outer", "Join Type": "Inner", "Startup Cost": 329665.48, "Total Cost": 530150.07, "Plan Rows": 710459, "Plan Width": 21, "Actual Startup Time": 7652.944, "Actual Total Time": 7988.969, "Actual Rows": 285537, "Actual Loops": 1, "Inner Unique": false, "Hash Cond": "(ci.movie_id = t.id), (LLVM Optimized, Jit Execute)", "Plans": [{"Node Type": "Nested Loop", "Parent Relationship": "Outer", "Join Type": "Inner", "Startup Cost": 0.0, "Total Cost": 171418.25, "Plan Rows": 3296318, "Plan Width": 8, "Actual Startup Time": 0.073, "Actual Total Time": 182.556, "Actual Rows": 276403, "Actual Loops": 1, "Inner Unique": false, "Plans": [{"Node Type": "Index Scan", "Parent Relationship": "Outer", "Scan Direction": "Forward", "Index Name": "role_type_pkey", "Relation Name": "role_type", "Alias": "rt", "Startup Cost": 0.0, "Total Cost": 12.46, "Plan Rows": 1, "Plan Width": 4, "Actual Startup Time": 0.034, "Actual Total Time": 0.051, "Actual Rows": 1, "Actual Loops": 1, "Filter": "((role)::text = 'costume designer'::text)", "Rows Removed by Filter": 11}, {"Node Type": "Index Scan", "Parent Relationship": "Inner", "Scan Direction": "Forward", "Index Name": "role_id_cast_info", "Relation Name": "cast_info", "Alias": "ci", "Startup Cost": 0.0, "Total Cost": 138442.61, "Plan Rows": 3296318, "Plan Width": 12, "Actual Startup Time": 0.033, "Actual Total Time": 128.569, "Actual Rows": 276403, "Actual Loops": 1, "Index Cond": "(role_id = rt.id), (LLVM Optimized, Jit Execute)", "Rows Removed by Index Recheck": 0}]}, {"Node Type": "Hash", "Parent Relationship": "Inner", "Startup Cost": 313636.59, "Total Cost": 313636.59, "Plan Rows": 1282311, "Plan Width": 25, "Actual Startup Time": 7651.179, "Actual Total Time": 7651.179, "Actual Rows": 1153797, "Actual Loops": 1, "Hash Buckets": 2097152, "Hash Batches": 1, "Original Hash Batches": 1, "Peak Memory Usage": 68508, "Plans": [{"Node Type": "Hash Join", "Parent Relationship": "Outer", "Join Type": "Inner", "Startup Cost": 11568.59, "Total Cost": 313636.59, "Plan Rows": 1282311, "Plan Width": 25, "Actual Startup Time": 311.171, "Actual Total Time": 7214.869, "Actual Rows": 1153797, "Actual Loops": 1, "Inner Unique": true, "Hash Cond": "(mc.company_id = cn.id), (LLVM Optimized, Jit Execute)", "Plans": [{"Node Type": "Merge Join", "Parent Relationship": "Outer", "Join Type": "Inner", "Startup Cost": 2.58, "Total Cost": 279463.24, "Plan Rows": 2609128, "Plan Width": 29, "Actual Startup Time": 0.054, "Actual Total Time": 6069.017, "Actual Rows": 2609128, "Actual Loops": 1, "Inner Unique": false, "Merge Cond": "(t.id = mc.movie_id)", "Plans": [{"Node Type": "Index Scan", "Parent Relationship": "Outer", "Scan Direction": "Forward", "Index Name": "title_pkey", "Relation Name": "title", "Alias": "t", "Startup Cost": 0.0, "Total Cost": 110120.49, "Plan Rows": 2528311, "Plan Width": 21, "Actual Startup Time": 0.024, "Actual Total Time": 2832.937, "Actual Rows": 2525745, "Actual Loops": 1}, {"Node Type": "Index Scan", "Parent Relationship": "Inner", "Scan Direction": "Forward", "Index Name": "movie_id_movie_companies", "Relation Name": "movie_companies", "Alias": "mc", "Startup Cost": 0.0, "Total Cost": 130519.46, "Plan Rows": 2609128, "Plan Width": 8, "Actual Startup Time": 0.019, "Actual Total Time": 1715.293, "Actual Rows": 2609128, "Actual Loops": 1}]}, {"Node Type": "Hash", "Parent Relationship": "Inner", "Startup Cost": 10501.39, "Total Cost": 10501.39, "Plan Rows": 85170, "Plan Width": 4, "Actual Startup Time": 311.001, "Actual Total Time": 311.001, "Actual Rows": 84843, "Actual Loops": 1, "Hash Buckets": 131072, "Hash Batches": 1, "Original Hash Batches": 1, "Peak Memory Usage": 2983, "Plans": [{"Node Type": "Index Scan", "Parent Relationship": "Outer", "Scan Direction": "Forward", "Index Name": "company_name_pkey", "Relation Name": "company_name", "Alias": "cn", "Startup Cost": 0.0, "Total Cost": 10501.39, "Plan Rows": 85170, "Plan Width": 4, "Actual Startup Time": 0.027, "Actual Total Time": 284.869, "Actual Rows": 84843, "Actual Loops": 1, "Filter": "((country_code)::text = '[us]'::text)", "Rows Removed by Filter": 150153}]}]}]}]}]}, {"Node Type": "Index Scan", "Parent Relationship": "Inner", "Scan Direction": "Forward", "Index Name": "person_id_aka_name", "Relation Name": "aka_name", "Alias": "an1", "Startup Cost": 0.0, "Total Cost": 68965.03, "Plan Rows": 901342, "Plan Width": 20, "Actual Startup Time": 0.045, "Actual Total Time": 657.488, "Actual Rows": 1003872, "Actual Loops": 1}]}, {"Node Type": "Index Only Scan", "Parent Relationship": "Inner", "Scan Direction": "Forward", "Index Name": "name_pkey", "Relation Name": "name", "Alias": "n1", "Startup Cost": 0.0, "Total Cost": 0.27, "Plan Rows": 1, "Plan Width": 4, "Actual Startup Time": 667.209, "Actual Total Time": 667.209, "Actual Rows": 323005, "Actual Loops": 323005, "Index Cond": "(id = ci.person_id)", "Rows Removed by Index Recheck": 0, "Heap Fetches": 0}]}]}, "Triggers": [], "Planner Runtime": 75.457, "Total Runtime": 10141.684, "Unique SQL Id": 2457761703}}, "(1, '2')": {"explain_plan": {"Plan": {"Node Type": "Aggregate", "Strategy": "Plain", "Startup Cost": 808403.05, "Total Cost": 808403.06, "Plan Rows": 1, "Plan Width": 97, "Plans": [{"Node Type": "Hash Join", "Parent Relationship": "Outer", "Join Type": "Inner", "Startup Cost": 779365.79, "Total Cost": 806617.56, "Plan Rows": 357098, "Plan Width": 33, "Inner Unique": false, "Hash Cond": "(an1.person_id = n1.id), (LLVM Optimized)", "Plans": [{"Node Type": "Seq Scan", "Parent Relationship": "Outer", "Relation Name": "aka_name", "Alias": "an1", "Startup Cost": 0.0, "Total Cost": 19908.42, "Plan Rows": 901342, "Plan Width": 20}, {"Node Type": "Hash", "Parent Relationship": "Inner", "Startup Cost": 770485.05, "Total Cost": 770485.05, "Plan Rows": 710459, "Plan Width": 25, "Plans": [{"Node Type": "Hash Join", "Parent Relationship": "Outer", "Join Type": "Inner", "Startup Cost": 418198.6, "Total Cost": 770485.05, "Plan Rows": 710459, "Plan Width": 25, "Inner Unique": true, "Hash Cond": "(ci.person_id = n1.id), (LLVM Optimized)", "Plans": [{"Node Type": "Hash Join", "Parent Relationship": "Outer", "Join Type": "Inner", "Startup Cost": 273033.07, "Total Cost": 615550.72, "Plan Rows": 710459, "Plan Width": 21, "Inner Unique": false, "Hash Cond": "(ci.movie_id = t.id), (LLVM Optimized)", "Plans": [{"Node Type": "Nested Loop", "Parent Relationship": "Outer", "Join Type": "Inner", "Startup Cost": 76306.71, "Total Cost": 389758.02, "Plan Rows": 3296318, "Plan Width": 8, "Inner Unique": false, "Plans": [{"Node Type": "Seq Scan", "Parent Relationship": "Outer", "Relation Name": "role_type", "Alias": "rt", "Startup Cost": 0.0, "Total Cost": 1.15, "Plan Rows": 1, "Plan Width": 4, "Filter": "((role)::text = 'costume designer'::text)"}, {"Node Type": "Bitmap Heap Scan", "Parent Relationship": "Inner", "Relation Name": "cast_info", "Alias": "ci", "Startup Cost": 76306.71, "Total Cost": 356793.69, "Plan Rows": 3296318, "Plan Width": 12, "Recheck Cond": "(role_id = rt.id), (LLVM Optimized)", "Plans": [{"Node Type": "Bitmap Index Scan", "Parent Relationship": "Outer", "Index Name": "role_id_cast_info", "Startup Cost": 0.0, "Total Cost": 75482.63, "Plan Rows": 3296318, "Plan Width": 0, "Index Cond": "(role_id = rt.id)"}]}]}, {"Node Type": "Hash", "Parent Relationship": "Inner", "Startup Cost": 180697.47, "Total Cost": 180697.47, "Plan Rows": 1282311, "Plan Width": 25, "Plans": [{"Node Type": "Hash Join", "Parent Relationship": "Outer", "Join Type": "Inner", "Startup Cost": 98641.07, "Total Cost": 180697.47, "Plan Rows": 1282311, "Plan Width": 25, "Inner Unique": true, "Hash Cond": "(mc.movie_id = t.id), (LLVM Optimized)", "Plans": [{"Node Type": "Hash Join", "Parent Relationship": "Outer", "Join Type": "Inner", "Startup Cost": 6968.08, "Total Cost": 71392.69, "Plan Rows": 1282311, "Plan Width": 4, "Inner Unique": true, "Hash Cond": "(mc.company_id = cn.id), (LLVM Optimized)", "Plans": [{"Node Type": "Seq Scan", "Parent Relationship": "Outer", "Relation Name": "movie_companies", "Alias": "mc", "Startup Cost": 0.0, "Total Cost": 41817.28, "Plan Rows": 2609128, "Plan Width": 8}, {"Node Type": "Hash", "Parent Relationship": "Inner", "Startup Cost": 5903.45, "Total Cost": 5903.45, "Plan Rows": 85170, "Plan Width": 4, "Plans": [{"Node Type": "Seq Scan", "Parent Relationship": "Outer", "Relation Name": "company_name", "Alias": "cn", "Startup Cost": 0.0, "Total Cost": 5903.45, "Plan Rows": 85170, "Plan Width": 4, "Filter": "((country_code)::text = '[us]'::text)"}]}]}, {"Node Type": "Hash", "Parent Relationship": "Inner", "Startup Cost": 60069.11, "Total Cost": 60069.11, "Plan Rows": 2528311, "Plan Width": 21, "Plans": [{"Node Type": "Seq Scan", "Parent Relationship": "Outer", "Relation Name": "title", "Alias": "t", "Startup Cost": 0.0, "Total Cost": 60069.11, "Plan Rows": 2528311, "Plan Width": 21}]}]}]}]}, {"Node Type": "Hash", "Parent Relationship": "Inner", "Startup Cost": 93071.9, "Total Cost": 93071.9, "Plan Rows": 4167490, "Plan Width": 4, "Plans": [{"Node Type": "Seq Scan", "Parent Relationship": "Outer", "Relation Name": "name", "Alias": "n1", "Startup Cost": 0.0, "Total Cost": 93071.9, "Plan Rows": 4167490, "Plan Width": 4}]}]}]}]}]}, "Unique SQL Id": 2457761703, "Planner Runtime": 59}, "explain_analyze_plan": {"Plan": {"Node Type": "Aggregate", "Strategy": "Plain", "Startup Cost": 808403.05, "Total Cost": 808403.06, "Plan Rows": 1, "Plan Width": 97, "Actual Startup Time": 8171.997, "Actual Total Time": 8171.997, "Actual Rows": 1, "Actual Loops": 1, "Plans": [{"Node Type": "Hash Join", "Parent Relationship": "Outer", "Join Type": "Inner", "Startup Cost": 779365.79, "Total Cost": 806617.56, "Plan Rows": 357098, "Plan Width": 33, "Actual Startup Time": 7462.893, "Actual Total Time": 8027.597, "Actual Rows": 323005, "Actual Loops": 1, "Inner Unique": false, "Hash Cond": "(an1.person_id = n1.id), (LLVM Optimized, Jit Execute)", "Plans": [{"Node Type": "Seq Scan", "Parent Relationship": "Outer", "Relation Name": "aka_name", "Alias": "an1", "Startup Cost": 0.0, "Total Cost": 19908.42, "Plan Rows": 901342, "Plan Width": 20, "Actual Startup Time": 0.026, "Actual Total Time": 239.447, "Actual Rows": 901342, "Actual Loops": 1}, {"Node Type": "Hash", "Parent Relationship": "Inner", "Startup Cost": 770485.05, "Total Cost": 770485.05, "Plan Rows": 710459, "Plan Width": 25, "Actual Startup Time": 7456.772, "Actual Total Time": 7456.772, "Actual Rows": 285537, "Actual Loops": 1, "Hash Buckets": 1048576, "Hash Batches": 1, "Original Hash Batches": 1, "Peak Memory Usage": 15952, "Plans": [{"Node Type": "Hash Join", "Parent Relationship": "Outer", "Join Type": "Inner", "Startup Cost": 418198.6, "Total Cost": 770485.05, "Plan Rows": 710459, "Plan Width": 25, "Actual Startup Time": 6945.956, "Actual Total Time": 7372.655, "Actual Rows": 285537, "Actual Loops": 1, "Inner Unique": true, "Hash Cond": "(ci.person_id = n1.id), (LLVM Optimized, Jit Execute)", "Plans": [{"Node Type": "Hash Join", "Parent Relationship": "Outer", "Join Type": "Inner", "Startup Cost": 273033.07, "Total Cost": 615550.72, "Plan Rows": 710459, "Plan Width": 21, "Actual Startup Time": 4322.349, "Actual Total Time": 4632.043, "Actual Rows": 285537, "Actual Loops": 1, "Inner Unique": false, "Hash Cond": "(ci.movie_id = t.id), (LLVM Optimized, Jit Execute)", "Plans": [{"Node Type": "Nested Loop", "Parent Relationship": "Outer", "Join Type": "Inner", "Startup Cost": 76306.71, "Total Cost": 389758.02, "Plan Rows": 3296318, "Plan Width": 8, "Actual Startup Time": 33.816, "Actual Total Time": 169.659, "Actual Rows": 276403, "Actual Loops": 1, "Inner Unique": false, "Plans": [{"Node Type": "Seq Scan", "Parent Relationship": "Outer", "Relation Name": "role_type", "Alias": "rt", "Startup Cost": 0.0, "Total Cost": 1.15, "Plan Rows": 1, "Plan Width": 4, "Actual Startup Time": 0.047, "Actual Total Time": 0.061, "Actual Rows": 1, "Actual Loops": 1, "Filter": "((role)::text = 'costume designer'::text)", "Rows Removed by Filter": 11}, {"Node Type": "Bitmap Heap Scan", "Parent Relationship": "Inner", "Relation Name": "cast_info", "Alias": "ci", "Startup Cost": 76306.71, "Total Cost": 356793.69, "Plan Rows": 3296318, "Plan Width": 12, "Actual Startup Time": 33.745, "Actual Total Time": 119.892, "Actual Rows": 276403, "Actual Loops": 1, "Recheck Cond": "(role_id = rt.id), (LLVM Optimized, Jit Execute)", "Rows Removed by Index Recheck": 0, "Exact Heap Blocks": 1654, "Lossy Heap Blocks": 1654, "Plans": [{"Node Type": "Bitmap Index Scan", "Parent Relationship": "Outer", "Index Name": "role_id_cast_info", "Startup Cost": 0.0, "Total Cost": 75482.63, "Plan Rows": 3296318, "Plan Width": 0, "Actual Startup Time": 33.447, "Actual Total Time": 33.447, "Actual Rows": 276403, "Actual Loops": 1, "Index Cond": "(role_id = rt.id)"}]}]}, {"Node Type": "Hash", "Parent Relationship": "Inner", "Startup Cost": 180697.47, "Total Cost": 180697.47, "Plan Rows": 1282311, "Plan Width": 25, "Actual Startup Time": 4283.714, "Actual Total Time": 4283.714, "Actual Rows": 1153797, "Actual Loops": 1, "Hash Buckets": 2097152, "Hash Batches": 1, "Original Hash Batches": 1, "Peak Memory Usage": 68508, "Plans": [{"Node Type": "Hash Join", "Parent Relationship": "Outer", "Join Type": "Inner", "Startup Cost": 98641.07, "Total Cost": 180697.47, "Plan Rows": 1282311, "Plan Width": 25, "Actual Startup Time": 1838.488, "Actual Total Time": 3873.861, "Actual Rows": 1153797, "Actual Loops": 1, "Inner Unique": true, "Hash Cond": "(mc.movie_id = t.id), (LLVM Optimized, Jit Execute)", "Plans": [{"Node Type": "Hash Join", "Parent Relationship": "Outer", "Join Type": "Inner", "Startup Cost": 6968.08, "Total Cost": 71392.69, "Plan Rows": 1282311, "Plan Width": 4, "Actual Startup Time": 112.48, "Actual Total Time": 1529.082, "Actual Rows": 1153797, "Actual Loops": 1, "Inner Unique": true, "Hash Cond": "(mc.company_id = cn.id), (LLVM Optimized, Jit Execute)", "Plans": [{"Node Type": "Seq Scan", "Parent Relationship": "Outer", "Relation Name": "movie_companies", "Alias": "mc", "Startup Cost": 0.0, "Total Cost": 41817.28, "Plan Rows": 2609128, "Plan Width": 8, "Actual Startup Time": 0.035, "Actual Total Time": 596.686, "Actual Rows": 2609128, "Actual Loops": 1}, {"Node Type": "Hash", "Parent Relationship": "Inner", "Startup Cost": 5903.45, "Total Cost": 5903.45, "Plan Rows": 85170, "Plan Width": 4, "Actual Startup Time": 112.344, "Actual Total Time": 112.344, "Actual Rows": 84843, "Actual Loops": 1, "Hash Buckets": 131072, "Hash Batches": 1, "Original Hash Batches": 1, "Peak Memory Usage": 2983, "Plans": [{"Node Type": "Seq Scan", "Parent Relationship": "Outer", "Relation Name": "company_name", "Alias": "cn", "Startup Cost": 0.0, "Total Cost": 5903.45, "Plan Rows": 85170, "Plan Width": 4, "Actual Startup Time": 0.039, "Actual Total Time": 89.949, "Actual Rows": 84843, "Actual Loops": 1, "Filter": "((country_code)::text = '[us]'::text)", "Rows Removed by Filter": 150153}]}]}, {"Node Type": "Hash", "Parent Relationship": "Inner", "Startup Cost": 60069.11, "Total Cost": 60069.11, "Plan Rows": 2528311, "Plan Width": 21, "Actual Startup Time": 1723.593, "Actual Total Time": 1723.593, "Actual Rows": 2528311, "Actual Loops": 1, "Hash Buckets": 4194304, "Hash Batches": 1, "Original Hash Batches": 1, "Peak Memory Usage": 135869, "Plans": [{"Node Type": "Seq Scan", "Parent Relationship": "Outer", "Relation Name": "title", "Alias": "t", "Startup Cost": 0.0, "Total Cost": 60069.11, "Plan Rows": 2528311, "Plan Width": 21, "Actual Startup Time": 0.031, "Actual Total Time": 804.27, "Actual Rows": 2528311, "Actual Loops": 1}]}]}]}]}, {"Node Type": "Hash", "Parent Relationship": "Inner", "Startup Cost": 93071.9, "Total Cost": 93071.9, "Plan Rows": 4167490, "Plan Width": 4, "Actual Startup Time": 2621.122, "Actual Total Time": 2621.122, "Actual Rows": 4167490, "Actual Loops": 1, "Hash Buckets": 4194304, "Hash Batches": 1, "Original Hash Batches": 1, "Peak Memory Usage": 146514, "Plans": [{"Node Type": "Seq Scan", "Parent Relationship": "Outer", "Relation Name": "name", "Alias": "n1", "Startup Cost": 0.0, "Total Cost": 93071.9, "Plan Rows": 4167490, "Plan Width": 4, "Actual Startup Time": 0.026, "Actual Total Time": 1255.583, "Actual Rows": 4167490, "Actual Loops": 1}]}]}]}]}]}, "Triggers": [], "Planner Runtime": 58.673, "Total Runtime": 8183.631, "Unique SQL Id": 2457761703}}, "(1, '3')": {"explain_plan": {"Plan": {"Node Type": "Aggregate", "Strategy": "Plain", "Startup Cost": 1000069787565.86, "Total Cost": 1000069787565.87, "Plan Rows": 1, "Plan Width": 97, "Plans": [{"Node Type": "Nested Loop", "Parent Relationship": "Outer", "Join Type": "Inner", "Startup Cost": 10000000001.8, "Total Cost": 1000069785780.37, "Plan Rows": 357098, "Plan Width": 33, "Inner Unique": true, "Plans": [{"Node Type": "Nested Loop", "Parent Relationship": "Outer", "Join Type": "Inner", "Startup Cost": 10000000001.54, "Total Cost": 1000068255744.11, "Plan Rows": 357379, "Plan Width": 24, "Inner Unique": true, "Join Filter": "(an1.person_id = n1.id), (LLVM Optimized)", "Plans": [{"Node Type": "Nested Loop", "Parent Relationship": "Outer", "Join Type": "Inner", "Startup Cost": 10000000001.28, "Total Cost": 1000066724564.96, "Plan Rows": 357379, "Plan Width": 32, "Inner Unique": false, "Plans": [{"Node Type": "Nested Loop", "Parent Relationship": "Outer", "Join Type": "Inner", "Startup Cost": 10000000001.03, "Total Cost": 1000063680996.82, "Plan Rows": 711018, "Plan Width": 12, "Inner Unique": true, "Plans": [{"Node Type": "Nested Loop", "Parent Relationship": "Outer", "Join Type": "Inner", "Startup Cost": 10000000000.77, "Total Cost": 1000030184746.51, "Plan Rows": 7821201, "Plan Width": 16, "Inner Unique": false, "Plans": [{"Node Type": "Nested Loop", "Parent Relationship": "Outer", "Join Type": "Inner", "Startup Cost": 10000000000.26, "Total Cost": 1000024227793.07, "Plan Rows": 1282311, "Plan Width": 4, "Inner Unique": true, "Plans": [{"Node Type": "Index Scan", "Parent Relationship": "Outer", "Scan Direction": "Forward", "Index Name": "movie_id_movie_companies", "Relation Name": "movie_companies", "Alias": "mc", "Startup Cost": 10000000000.0, "Total Cost": 1000013051946.13, "Plan Rows": 2609128, "Plan Width": 8}, {"Node Type": "Bitmap Heap Scan", "Parent Relationship": "Inner", "Relation Name": "company_name", "Alias": "cn", "Startup Cost": 0.26, "Total Cost": 4.27, "Plan Rows": 1, "Plan Width": 4, "Recheck Cond": "(id = mc.company_id)", "Filter": "((country_code)::text = '[us]'::text)", "Plans": [{"Node Type": "Bitmap Index Scan", "Parent Relationship": "Outer", "Index Name": "company_name_pkey", "Startup Cost": 0.0, "Total Cost": 0.26, "Plan Rows": 1, "Plan Width": 0, "Index Cond": "(id = mc.company_id)"}]}]}, {"Node Type": "Bitmap Heap Scan", "Parent Relationship": "Inner", "Relation Name": "cast_info", "Alias": "ci", "Startup Cost": 0.51, "Total Cost": 4.59, "Plan Rows": 6, "Plan Width": 12, "Recheck Cond": "(movie_id = mc.movie_id)", "Plans": [{"Node Type": "Bitmap Index Scan", "Parent Relationship": "Outer", "Index Name": "movie_id_cast_info", "Startup Cost": 0.0, "Total Cost": 0.51, "Plan Rows": 6, "Plan Width": 0, "Index Cond": "(movie_id = mc.movie_id)"}]}]}, {"Node Type": "Bitmap Heap Scan", "Parent Relationship": "Inner", "Relation Name": "role_type", "Alias": "rt", "Startup Cost": 0.26, "Total Cost": 4.27, "Plan Rows": 1, "Plan Width": 4, "Recheck Cond": "(id = ci.role_id)", "Filter": "((role)::text = 'costume designer'::text)", "Plans": [{"Node Type": "Bitmap Index Scan", "Parent Relationship": "Outer", "Index Name": "role_type_pkey", "Startup Cost": 0.0, "Total Cost": 0.26, "Plan Rows": 1, "Plan Width": 0, "Index Cond": "(id = ci.role_id)"}]}]}, {"Node Type": "Bitmap Heap Scan", "Parent Relationship": "Inner", "Relation Name": "aka_name", "Alias": "an1", "Startup Cost": 0.26, "Total Cost": 4.27, "Plan Rows": 1, "Plan Width": 20, "Recheck Cond": "(person_id = ci.person_id)", "Plans": [{"Node Type": "Bitmap Index Scan", "Parent Relationship": "Outer", "Index Name": "person_id_aka_name", "Startup Cost": 0.0, "Total Cost": 0.26, "Plan Rows": 1, "Plan Width": 0, "Index Cond": "(person_id = ci.person_id)"}]}]}, {"Node Type": "Bitmap Heap Scan", "Parent Relationship": "Inner", "Relation Name": "name", "Alias": "n1", "Startup Cost": 0.26, "Total Cost": 4.27, "Plan Rows": 1, "Plan Width": 4, "Recheck Cond": "(id = ci.person_id)", "Plans": [{"Node Type": "Bitmap Index Scan", "Parent Relationship": "Outer", "Index Name": "name_pkey", "Startup Cost": 0.0, "Total Cost": 0.26, "Plan Rows": 1, "Plan Width": 0, "Index Cond": "(id = ci.person_id)"}]}]}, {"Node Type": "Bitmap Heap Scan", "Parent Relationship": "Inner", "Relation Name": "title", "Alias": "t", "Startup Cost": 0.26, "Total Cost": 4.27, "Plan Rows": 1, "Plan Width": 21, "Recheck Cond": "(id = ci.movie_id)", "Plans": [{"Node Type": "Bitmap Index Scan", "Parent Relationship": "Outer", "Index Name": "title_pkey", "Startup Cost": 0.0, "Total Cost": 0.26, "Plan Rows": 1, "Plan Width": 0, "Index Cond": "(id = ci.movie_id)"}]}]}]}, "Unique SQL Id": 2457761703, "Planner Runtime": 7}, "explain_analyze_plan": null}, "(1, '4')": {"explain_plan": {"Plan": {"Node Type": "Aggregate", "Strategy": "Plain", "Startup Cost": 589695.38, "Total Cost": 589695.39, "Plan Rows": 1, "Plan Width": 97, "Plans": [{"Node Type": "Hash Join", "Parent Relationship": "Outer", "Join Type": "Inner", "Startup Cost": 561014.71, "Total Cost": 587909.89, "Plan Rows": 357098, "Plan Width": 33, "Inner Unique": false, "Hash Cond": "(an1.person_id = n1.id), (LLVM Optimized)", "Plans": [{"Node Type": "Seq Scan", "Parent Relationship": "Outer", "Relation Name": "aka_name", "Alias": "an1", "Startup Cost": 0.0, "Total Cost": 19908.42, "Plan Rows": 901342, "Plan Width": 20}, {"Node Type": "Hash", "Parent Relationship": "Inner", "Startup Cost": 552133.97, "Total Cost": 552133.97, "Plan Rows": 710459, "Plan Width": 25, "Plans": [{"Node Type": "Hash Join", "Parent Relationship": "Outer", "Join Type": "Inner", "Startup Cost": 341891.88, "Total Cost": 552133.97, "Plan Rows": 710459, "Plan Width": 25, "Inner Unique": true, "Hash Cond": "(ci.person_id = n1.id), (LLVM Optimized)", "Plans": [{"Node Type": "Hash Join", "Parent Relationship": "Outer", "Join Type": "Inner", "Startup Cost": 196726.36, "Total Cost": 397199.64, "Plan Rows": 710459, "Plan Width": 21, "Inner Unique": false, "Hash Cond": "(ci.movie_id = t.id), (LLVM Optimized)", "Plans": [{"Node Type": "Nested Loop", "Parent Relationship": "Outer", "Join Type": "Inner", "Startup Cost": 0.0, "Total Cost": 171406.94, "Plan Rows": 3296318, "Plan Width": 8, "Inner Unique": false, "Plans": [{"Node Type": "Seq Scan", "Parent Relationship": "Outer", "Relation Name": "role_type", "Alias": "rt", "Startup Cost": 0.0, "Total Cost": 1.15, "Plan Rows": 1, "Plan Width": 4, "Filter": "((role)::text = 'costume designer'::text)"}, {"Node Type": "Index Scan", "Parent Relationship": "Inner", "Scan Direction": "Forward", "Index Name": "role_id_cast_info", "Relation Name": "cast_info", "Alias": "ci", "Startup Cost": 0.0, "Total Cost": 138442.61, "Plan Rows": 3296318, "Plan Width": 12, "Index Cond": "(role_id = rt.id), (LLVM Optimized)"}]}, {"Node Type": "Hash", "Parent Relationship": "Inner", "Startup Cost": 180697.47, "Total Cost": 180697.47, "Plan Rows": 1282311, "Plan Width": 25, "Plans": [{"Node Type": "Hash Join", "Parent Relationship": "Outer", "Join Type": "Inner", "Startup Cost": 98641.07, "Total Cost": 180697.47, "Plan Rows": 1282311, "Plan Width": 25, "Inner Unique": true, "Hash Cond": "(mc.movie_id = t.id), (LLVM Optimized)", "Plans": [{"Node Type": "Hash Join", "Parent Relationship": "Outer", "Join Type": "Inner", "Startup Cost": 6968.08, "Total Cost": 71392.69, "Plan Rows": 1282311, "Plan Width": 4, "Inner Unique": true, "Hash Cond": "(mc.company_id = cn.id), (LLVM Optimized)", "Plans": [{"Node Type": "Seq Scan", "Parent Relationship": "Outer", "Relation Name": "movie_companies", "Alias": "mc", "Startup Cost": 0.0, "Total Cost": 41817.28, "Plan Rows": 2609128, "Plan Width": 8}, {"Node Type": "Hash", "Parent Relationship": "Inner", "Startup Cost": 5903.45, "Total Cost": 5903.45, "Plan Rows": 85170, "Plan Width": 4, "Plans": [{"Node Type": "Seq Scan", "Parent Relationship": "Outer", "Relation Name": "company_name", "Alias": "cn", "Startup Cost": 0.0, "Total Cost": 5903.45, "Plan Rows": 85170, "Plan Width": 4, "Filter": "((country_code)::text = '[us]'::text)"}]}]}, {"Node Type": "Hash", "Parent Relationship": "Inner", "Startup Cost": 60069.11, "Total Cost": 60069.11, "Plan Rows": 2528311, "Plan Width": 21, "Plans": [{"Node Type": "Seq Scan", "Parent Relationship": "Outer", "Relation Name": "title", "Alias": "t", "Startup Cost": 0.0, "Total Cost": 60069.11, "Plan Rows": 2528311, "Plan Width": 21}]}]}]}]}, {"Node Type": "Hash", "Parent Relationship": "Inner", "Startup Cost": 93071.9, "Total Cost": 93071.9, "Plan Rows": 4167490, "Plan Width": 4, "Plans": [{"Node Type": "Seq Scan", "Parent Relationship": "Outer", "Relation Name": "name", "Alias": "n1", "Startup Cost": 0.0, "Total Cost": 93071.9, "Plan Rows": 4167490, "Plan Width": 4}]}]}]}]}]}, "Unique SQL Id": 2457761703, "Planner Runtime": 82}, "explain_analyze_plan": {"Plan": {"Node Type": "Aggregate", "Strategy": "Plain", "Startup Cost": 589695.38, "Total Cost": 589695.39, "Plan Rows": 1, "Plan Width": 97, "Actual Startup Time": 8818.757, "Actual Total Time": 8818.758, "Actual Rows": 1, "Actual Loops": 1, "Plans": [{"Node Type": "Hash Join", "Parent Relationship": "Outer", "Join Type": "Inner", "Startup Cost": 561014.71, "Total Cost": 587909.89, "Plan Rows": 357098, "Plan Width": 33, "Actual Startup Time": 8145.128, "Actual Total Time": 8674.859, "Actual Rows": 323005, "Actual Loops": 1, "Inner Unique": false, "Hash Cond": "(an1.person_id = n1.id), (LLVM Optimized, Jit Execute)", "Plans": [{"Node Type": "Seq Scan", "Parent Relationship": "Outer", "Relation Name": "aka_name", "Alias": "an1", "Startup Cost": 0.0, "Total Cost": 19908.42, "Plan Rows": 901342, "Plan Width": 20, "Actual Startup Time": 0.025, "Actual Total Time": 239.81, "Actual Rows": 901342, "Actual Loops": 1}, {"Node Type": "Hash", "Parent Relationship": "Inner", "Startup Cost": 552133.97, "Total Cost": 552133.97, "Plan Rows": 710459, "Plan Width": 25, "Actual Startup Time": 8138.334, "Actual Total Time": 8138.334, "Actual Rows": 285537, "Actual Loops": 1, "Hash Buckets": 1048576, "Hash Batches": 1, "Original Hash Batches": 1, "Peak Memory Usage": 15952, "Plans": [{"Node Type": "Hash Join", "Parent Relationship": "Outer", "Join Type": "Inner", "Startup Cost": 341891.88, "Total Cost": 552133.97, "Plan Rows": 710459, "Plan Width": 25, "Actual Startup Time": 7533.343, "Actual Total Time": 8053.886, "Actual Rows": 285537, "Actual Loops": 1, "Inner Unique": true, "Hash Cond": "(ci.person_id = n1.id), (LLVM Optimized, Jit Execute)", "Plans": [{"Node Type": "Hash Join", "Parent Relationship": "Outer", "Join Type": "Inner", "Startup Cost": 196726.36, "Total Cost": 397199.64, "Plan Rows": 710459, "Plan Width": 21, "Actual Startup Time": 4459.627, "Actual Total Time": 4870.581, "Actual Rows": 285537, "Actual Loops": 1, "Inner Unique": false, "Hash Cond": "(ci.movie_id = t.id), (LLVM Optimized, Jit Execute)", "Plans": [{"Node Type": "Nested Loop", "Parent Relationship": "Outer", "Join Type": "Inner", "Startup Cost": 0.0, "Total Cost": 171406.94, "Plan Rows": 3296318, "Plan Width": 8, "Actual Startup Time": 0.114, "Actual Total Time": 204.825, "Actual Rows": 276403, "Actual Loops": 1, "Inner Unique": false, "Plans": [{"Node Type": "Seq Scan", "Parent Relationship": "Outer", "Relation Name": "role_type", "Alias": "rt", "Startup Cost": 0.0, "Total Cost": 1.15, "Plan Rows": 1, "Plan Width": 4, "Actual Startup Time": 0.041, "Actual Total Time": 0.055, "Actual Rows": 1, "Actual Loops": 1, "Filter": "((role)::text = 'costume designer'::text)", "Rows Removed by Filter": 11}, {"Node Type": "Index Scan", "Parent Relationship": "Inner", "Scan Direction": "Forward", "Index Name": "role_id_cast_info", "Relation Name": "cast_info", "Alias": "ci", "Startup Cost": 0.0, "Total Cost": 138442.61, "Plan Rows": 3296318, "Plan Width": 12, "Actual Startup Time": 0.059, "Actual Total Time": 150.812, "Actual Rows": 276403, "Actual Loops": 1, "Index Cond": "(role_id = rt.id), (LLVM Optimized, Jit Execute)", "Rows Removed by Index Recheck": 0}]}, {"Node Type": "Hash", "Parent Relationship": "Inner", "Startup Cost": 180697.47, "Total Cost": 180697.47, "Plan Rows": 1282311, "Plan Width": 25, "Actual Startup Time": 4453.739, "Actual Total Time": 4453.739, "Actual Rows": 1153797, "Actual Loops": 1, "Hash Buckets": 2097152, "Hash Batches": 1, "Original Hash Batches": 1, "Peak Memory Usage": 68508, "Plans": [{"Node Type": "Hash Join", "Parent Relationship": "Outer", "Join Type": "Inner", "Startup Cost": 98641.07, "Total Cost": 180697.47, "Plan Rows": 1282311, "Plan Width": 25, "Actual Startup Time": 1827.854, "Actual Total Time": 3974.898, "Actual Rows": 1153797, "Actual Loops": 1, "Inner Unique": true, "Hash Cond": "(mc.movie_id = t.id), (LLVM Optimized, Jit Execute)", "Plans": [{"Node Type": "Hash Join", "Parent Relationship": "Outer", "Join Type": "Inner", "Startup Cost": 6968.08, "Total Cost": 71392.69, "Plan Rows": 1282311, "Plan Width": 4, "Actual Startup Time": 113.03, "Actual Total Time": 1555.125, "Actual Rows": 1153797, "Actual Loops": 1, "Inner Unique": true, "Hash Cond": "(mc.company_id = cn.id), (LLVM Optimized, Jit Execute)", "Plans": [{"Node Type": "Seq Scan", "Parent Relationship": "Outer", "Relation Name": "movie_companies", "Alias": "mc", "Startup Cost": 0.0, "Total Cost": 41817.28, "Plan Rows": 2609128, "Plan Width": 8, "Actual Startup Time": 0.03, "Actual Total Time": 611.128, "Actual Rows": 2609128, "Actual Loops": 1}, {"Node Type": "Hash", "Parent Relationship": "Inner", "Startup Cost": 5903.45, "Total Cost": 5903.45, "Plan Rows": 85170, "Plan Width": 4, "Actual Startup Time": 112.907, "Actual Total Time": 112.907, "Actual Rows": 84843, "Actual Loops": 1, "Hash Buckets": 131072, "Hash Batches": 1, "Original Hash Batches": 1, "Peak Memory Usage": 2983, "Plans": [{"Node Type": "Seq Scan", "Parent Relationship": "Outer", "Relation Name": "company_name", "Alias": "cn", "Startup Cost": 0.0, "Total Cost": 5903.45, "Plan Rows": 85170, "Plan Width": 4, "Actual Startup Time": 0.024, "Actual Total Time": 90.615, "Actual Rows": 84843, "Actual Loops": 1, "Filter": "((country_code)::text = '[us]'::text)", "Rows Removed by Filter": 150153}]}]}, {"Node Type": "Hash", "Parent Relationship": "Inner", "Startup Cost": 60069.11, "Total Cost": 60069.11, "Plan Rows": 2528311, "Plan Width": 21, "Actual Startup Time": 1712.366, "Actual Total Time": 1712.366, "Actual Rows": 2528311, "Actual Loops": 1, "Hash Buckets": 4194304, "Hash Batches": 1, "Original Hash Batches": 1, "Peak Memory Usage": 135869, "Plans": [{"Node Type": "Seq Scan", "Parent Relationship": "Outer", "Relation Name": "title", "Alias": "t", "Startup Cost": 0.0, "Total Cost": 60069.11, "Plan Rows": 2528311, "Plan Width": 21, "Actual Startup Time": 0.031, "Actual Total Time": 797.49, "Actual Rows": 2528311, "Actual Loops": 1}]}]}]}]}, {"Node Type": "Hash", "Parent Relationship": "Inner", "Startup Cost": 93071.9, "Total Cost": 93071.9, "Plan Rows": 4167490, "Plan Width": 4, "Actual Startup Time": 3070.895, "Actual Total Time": 3070.895, "Actual Rows": 4167490, "Actual Loops": 1, "Hash Buckets": 4194304, "Hash Batches": 1, "Original Hash Batches": 1, "Peak Memory Usage": 146514, "Plans": [{"Node Type": "Seq Scan", "Parent Relationship": "Outer", "Relation Name": "name", "Alias": "n1", "Startup Cost": 0.0, "Total Cost": 93071.9, "Plan Rows": 4167490, "Plan Width": 4, "Actual Startup Time": 0.06, "Actual Total Time": 1293.196, "Actual Rows": 4167490, "Actual Loops": 1}]}]}]}]}]}, "Triggers": [], "Planner Runtime": 82.375, "Total Runtime": 8832.037, "Unique SQL Id": 2457761703}}, "(1, '5')": {"explain_plan": {"Plan": {"Node Type": "Aggregate", "Strategy": "Plain", "Startup Cost": 772871.67, "Total Cost": 772871.68, "Plan Rows": 1, "Plan Width": 97, "Plans": [{"Node Type": "Nested Loop", "Parent Relationship": "Outer", "Join Type": "Inner", "Startup Cost": 599201.04, "Total Cost": 771086.18, "Plan Rows": 357098, "Plan Width": 33, "Inner Unique": true, "Join Filter": "(an1.person_id = n1.id), (LLVM Optimized)", "Plans": [{"Node Type": "Merge Join", "Parent Relationship": "Outer", "Join Type": "Inner", "Startup Cost": 599201.04, "Total Cost": 667567.53, "Plan Rows": 357098, "Plan Width": 41, "Inner Unique": false, "Merge Cond": "(ci.person_id = an1.person_id)", "Plans": [{"Node Type": "Sort", "Parent Relationship": "Outer", "Startup Cost": 599200.97, "Total Cost": 600977.12, "Plan Rows": 710459, "Plan Width": 21, "Sort Key": ["ci.person_id"], "Plans": [{"Node Type": "Hash Join", "Parent Relationship": "Outer", "Join Type": "Inner", "Startup Cost": 329665.48, "Total Cost": 530150.07, "Plan Rows": 710459, "Plan Width": 21, "Inner Unique": false, "Hash Cond": "(ci.movie_id = t.id), (LLVM Optimized)", "Plans": [{"Node Type": "Nested Loop", "Parent Relationship": "Outer", "Join Type": "Inner", "Startup Cost": 0.0, "Total Cost": 171418.25, "Plan Rows": 3296318, "Plan Width": 8, "Inner Unique": false, "Plans": [{"Node Type": "Index Scan", "Parent Relationship": "Outer", "Scan Direction": "Forward", "Index Name": "role_type_pkey", "Relation Name": "role_type", "Alias": "rt", "Startup Cost": 0.0, "Total Cost": 12.46, "Plan Rows": 1, "Plan Width": 4, "Filter": "((role)::text = 'costume designer'::text)"}, {"Node Type": "Index Scan", "Parent Relationship": "Inner", "Scan Direction": "Forward", "Index Name": "role_id_cast_info", "Relation Name": "cast_info", "Alias": "ci", "Startup Cost": 0.0, "Total Cost": 138442.61, "Plan Rows": 3296318, "Plan Width": 12, "Index Cond": "(role_id = rt.id), (LLVM Optimized)"}]}, {"Node Type": "Hash", "Parent Relationship": "Inner", "Startup Cost": 313636.59, "Total Cost": 313636.59, "Plan Rows": 1282311, "Plan Width": 25, "Plans": [{"Node Type": "Hash Join", "Parent Relationship": "Outer", "Join Type": "Inner", "Startup Cost": 11568.59, "Total Cost": 313636.59, "Plan Rows": 1282311, "Plan Width": 25, "Inner Unique": true, "Hash Cond": "(mc.company_id = cn.id), (LLVM Optimized)", "Plans": [{"Node Type": "Merge Join", "Parent Relationship": "Outer", "Join Type": "Inner", "Startup Cost": 2.58, "Total Cost": 279463.24, "Plan Rows": 2609128, "Plan Width": 29, "Inner Unique": false, "Merge Cond": "(t.id = mc.movie_id)", "Plans": [{"Node Type": "Index Scan", "Parent Relationship": "Outer", "Scan Direction": "Forward", "Index Name": "title_pkey", "Relation Name": "title", "Alias": "t", "Startup Cost": 0.0, "Total Cost": 110120.49, "Plan Rows": 2528311, "Plan Width": 21}, {"Node Type": "Index Scan", "Parent Relationship": "Inner", "Scan Direction": "Forward", "Index Name": "movie_id_movie_companies", "Relation Name": "movie_companies", "Alias": "mc", "Startup Cost": 0.0, "Total Cost": 130519.46, "Plan Rows": 2609128, "Plan Width": 8}]}, {"Node Type": "Hash", "Parent Relationship": "Inner", "Startup Cost": 10501.39, "Total Cost": 10501.39, "Plan Rows": 85170, "Plan Width": 4, "Plans": [{"Node Type": "Index Scan", "Parent Relationship": "Outer", "Scan Direction": "Forward", "Index Name": "company_name_pkey", "Relation Name": "company_name", "Alias": "cn", "Startup Cost": 0.0, "Total Cost": 10501.39, "Plan Rows": 85170, "Plan Width": 4, "Filter": "((country_code)::text = '[us]'::text)"}]}]}]}]}]}, {"Node Type": "Index Scan", "Parent Relationship": "Inner", "Scan Direction": "Forward", "Index Name": "person_id_aka_name", "Relation Name": "aka_name", "Alias": "an1", "Startup Cost": 0.0, "Total Cost": 68965.03, "Plan Rows": 901342, "Plan Width": 20}]}, {"Node Type": "Index Scan", "Parent Relationship": "Inner", "Scan Direction": "Forward", "Index Name": "name_pkey", "Relation Name": "name", "Alias": "n1", "Startup Cost": 0.0, "Total Cost": 0.28, "Plan Rows": 1, "Plan Width": 4, "Index Cond": "(id = ci.person_id)"}]}]}, "Unique SQL Id": 2457761703, "Planner Runtime": 75}, "explain_analyze_plan": {"Plan": {"Node Type": "Aggregate", "Strategy": "Plain", "Startup Cost": 772871.67, "Total Cost": 772871.68, "Plan Rows": 1, "Plan Width": 97, "Actual Startup Time": 10748.598, "Actual Total Time": 10748.598, "Actual Rows": 1, "Actual Loops": 1, "Plans": [{"Node Type": "Nested Loop", "Parent Relationship": "Outer", "Join Type": "Inner", "Startup Cost": 599201.04, "Total Cost": 771086.18, "Plan Rows": 357098, "Plan Width": 33, "Actual Startup Time": 8528.522, "Actual Total Time": 10558.44, "Actual Rows": 323005, "Actual Loops": 1, "Inner Unique": true, "Join Filter": "(an1.person_id = n1.id), (LLVM Optimized, Jit Execute)", "Rows Removed by Join Filter": 0, "Plans": [{"Node Type": "Merge Join", "Parent Relationship": "Outer", "Join Type": "Inner", "Startup Cost": 599201.04, "Total Cost": 667567.53, "Plan Rows": 357098, "Plan Width": 41, "Actual Startup Time": 8528.49, "Actual Total Time": 9473.274, "Actual Rows": 323005, "Actual Loops": 1, "Inner Unique": false, "Merge Cond": "(ci.person_id = an1.person_id)", "Plans": [{"Node Type": "Sort", "Parent Relationship": "Outer", "Startup Cost": 599200.97, "Total Cost": 600977.12, "Plan Rows": 710459, "Plan Width": 21, "Actual Startup Time": 8528.388, "Actual Total Time": 8577.48, "Actual Rows": 285537, "Actual Loops": 1, "Sort Key": ["ci.person_id"], "Sort Method": "quicksort", "Sort Space Used": 39613, "Sort Space Type": "Memory", "Plans": [{"Node Type": "Hash Join", "Parent Relationship": "Outer", "Join Type": "Inner", "Startup Cost": 329665.48, "Total Cost": 530150.07, "Plan Rows": 710459, "Plan Width": 21, "Actual Startup Time": 8060.002, "Actual Total Time": 8442.301, "Actual Rows": 285537, "Actual Loops": 1, "Inner Unique": false, "Hash Cond": "(ci.movie_id = t.id), (LLVM Optimized, Jit Execute)", "Plans": [{"Node Type": "Nested Loop", "Parent Relationship": "Outer", "Join Type": "Inner", "Startup Cost": 0.0, "Total Cost": 171418.25, "Plan Rows": 3296318, "Plan Width": 8, "Actual Startup Time": 0.079, "Actual Total Time": 192.76, "Actual Rows": 276403, "Actual Loops": 1, "Inner Unique": false, "Plans": [{"Node Type": "Index Scan", "Parent Relationship": "Outer", "Scan Direction": "Forward", "Index Name": "role_type_pkey", "Relation Name": "role_type", "Alias": "rt", "Startup Cost": 0.0, "Total Cost": 12.46, "Plan Rows": 1, "Plan Width": 4, "Actual Startup Time": 0.024, "Actual Total Time": 0.165, "Actual Rows": 1, "Actual Loops": 1, "Filter": "((role)::text = 'costume designer'::text)", "Rows Removed by Filter": 11}, {"Node Type": "Index Scan", "Parent Relationship": "Inner", "Scan Direction": "Forward", "Index Name": "role_id_cast_info", "Relation Name": "cast_info", "Alias": "ci", "Startup Cost": 0.0, "Total Cost": 138442.61, "Plan Rows": 3296318, "Plan Width": 12, "Actual Startup Time": 0.051, "Actual Total Time": 138.652, "Actual Rows": 276403, "Actual Loops": 1, "Index Cond": "(role_id = rt.id), (LLVM Optimized, Jit Execute)", "Rows Removed by Index Recheck": 0}]}, {"Node Type": "Hash", "Parent Relationship": "Inner", "Startup Cost": 313636.59, "Total Cost": 313636.59, "Plan Rows": 1282311, "Plan Width": 25, "Actual Startup Time": 8058.213, "Actual Total Time": 8058.213, "Actual Rows": 1153797, "Actual Loops": 1, "Hash Buckets": 2097152, "Hash Batches": 1, "Original Hash Batches": 1, "Peak Memory Usage": 68508, "Plans": [{"Node Type": "Hash Join", "Parent Relationship": "Outer", "Join Type": "Inner", "Startup Cost": 11568.59, "Total Cost": 313636.59, "Plan Rows": 1282311, "Plan Width": 25, "Actual Startup Time": 358.061, "Actual Total Time": 7566.765, "Actual Rows": 1153797, "Actual Loops": 1, "Inner Unique": true, "Hash Cond": "(mc.company_id = cn.id), (LLVM Optimized, Jit Execute)", "Plans": [{"Node Type": "Merge Join", "Parent Relationship": "Outer", "Join Type": "Inner", "Startup Cost": 2.58, "Total Cost": 279463.24, "Plan Rows": 2609128, "Plan Width": 29, "Actual Startup Time": 0.063, "Actual Total Time": 6367.231, "Actual Rows": 2609128, "Actual Loops": 1, "Inner Unique": false, "Merge Cond": "(t.id = mc.movie_id)", "Plans": [{"Node Type": "Index Scan", "Parent Relationship": "Outer", "Scan Direction": "Forward", "Index Name": "title_pkey", "Relation Name": "title", "Alias": "t", "Startup Cost": 0.0, "Total Cost": 110120.49, "Plan Rows": 2528311, "Plan Width": 21, "Actual Startup Time": 0.026, "Actual Total Time": 3057.199, "Actual Rows": 2525745, "Actual Loops": 1}, {"Node Type": "Index Scan", "Parent Relationship": "Inner", "Scan Direction": "Forward", "Index Name": "movie_id_movie_companies", "Relation Name": "movie_companies", "Alias": "mc", "Startup Cost": 0.0, "Total Cost": 130519.46, "Plan Rows": 2609128, "Plan Width": 8, "Actual Startup Time": 0.024, "Actual Total Time": 1795.744, "Actual Rows": 2609128, "Actual Loops": 1}]}, {"Node Type": "Hash", "Parent Relationship": "Inner", "Startup Cost": 10501.39, "Total Cost": 10501.39, "Plan Rows": 85170, "Plan Width": 4, "Actual Startup Time": 357.862, "Actual Total Time": 357.862, "Actual Rows": 84843, "Actual Loops": 1, "Hash Buckets": 131072, "Hash Batches": 1, "Original Hash Batches": 1, "Peak Memory Usage": 2983, "Plans": [{"Node Type": "Index Scan", "Parent Relationship": "Outer", "Scan Direction": "Forward", "Index Name": "company_name_pkey", "Relation Name": "company_name", "Alias": "cn", "Startup Cost": 0.0, "Total Cost": 10501.39, "Plan Rows": 85170, "Plan Width": 4, "Actual Startup Time": 0.032, "Actual Total Time": 329.513, "Actual Rows": 84843, "Actual Loops": 1, "Filter": "((country_code)::text = '[us]'::text)", "Rows Removed by Filter": 150153}]}]}]}]}]}, {"Node Type": "Index Scan", "Parent Relationship": "Inner", "Scan Direction": "Forward", "Index Name": "person_id_aka_name", "Relation Name": "aka_name", "Alias": "an1", "Startup Cost": 0.0, "Total Cost": 68965.03, "Plan Rows": 901342, "Plan Width": 20, "Actual Startup Time": 0.053, "Actual Total Time": 640.08, "Actual Rows": 1003872, "Actual Loops": 1}]}, {"Node Type": "Index Scan", "Parent Relationship": "Inner", "Scan Direction": "Forward", "Index Name": "name_pkey", "Relation Name": "name", "Alias": "n1", "Startup Cost": 0.0, "Total Cost": 0.28, "Plan Rows": 1, "Plan Width": 4, "Actual Startup Time": 830.476, "Actual Total Time": 830.476, "Actual Rows": 323005, "Actual Loops": 323005, "Index Cond": "(id = ci.person_id)", "Rows Removed by Index Recheck": 0}]}]}, "Triggers": [], "Planner Runtime": 74.625, "Total Runtime": 10759.325, "Unique SQL Id": 2457761703}}, "(1, '6')": {"explain_plan": {"Plan": {"Node Type": "Aggregate", "Strategy": "Plain", "Startup Cost": 808403.05, "Total Cost": 808403.06, "Plan Rows": 1, "Plan Width": 97, "Plans": [{"Node Type": "Hash Join", "Parent Relationship": "Outer", "Join Type": "Inner", "Startup Cost": 779365.79, "Total Cost": 806617.56, "Plan Rows": 357098, "Plan Width": 33, "Inner Unique": false, "Hash Cond": "(an1.person_id = n1.id), (LLVM Optimized)", "Plans": [{"Node Type": "Seq Scan", "Parent Relationship": "Outer", "Relation Name": "aka_name", "Alias": "an1", "Startup Cost": 0.0, "Total Cost": 19908.42, "Plan Rows": 901342, "Plan Width": 20}, {"Node Type": "Hash", "Parent Relationship": "Inner", "Startup Cost": 770485.05, "Total Cost": 770485.05, "Plan Rows": 710459, "Plan Width": 25, "Plans": [{"Node Type": "Hash Join", "Parent Relationship": "Outer", "Join Type": "Inner", "Startup Cost": 418198.6, "Total Cost": 770485.05, "Plan Rows": 710459, "Plan Width": 25, "Inner Unique": true, "Hash Cond": "(ci.person_id = n1.id), (LLVM Optimized)", "Plans": [{"Node Type": "Hash Join", "Parent Relationship": "Outer", "Join Type": "Inner", "Startup Cost": 273033.07, "Total Cost": 615550.72, "Plan Rows": 710459, "Plan Width": 21, "Inner Unique": false, "Hash Cond": "(ci.movie_id = t.id), (LLVM Optimized)", "Plans": [{"Node Type": "Nested Loop", "Parent Relationship": "Outer", "Join Type": "Inner", "Startup Cost": 76306.71, "Total Cost": 389758.02, "Plan Rows": 3296318, "Plan Width": 8, "Inner Unique": false, "Plans": [{"Node Type": "Seq Scan", "Parent Relationship": "Outer", "Relation Name": "role_type", "Alias": "rt", "Startup Cost": 0.0, "Total Cost": 1.15, "Plan Rows": 1, "Plan Width": 4, "Filter": "((role)::text = 'costume designer'::text)"}, {"Node Type": "Bitmap Heap Scan", "Parent Relationship": "Inner", "Relation Name": "cast_info", "Alias": "ci", "Startup Cost": 76306.71, "Total Cost": 356793.69, "Plan Rows": 3296318, "Plan Width": 12, "Recheck Cond": "(role_id = rt.id), (LLVM Optimized)", "Plans": [{"Node Type": "Bitmap Index Scan", "Parent Relationship": "Outer", "Index Name": "role_id_cast_info", "Startup Cost": 0.0, "Total Cost": 75482.63, "Plan Rows": 3296318, "Plan Width": 0, "Index Cond": "(role_id = rt.id)"}]}]}, {"Node Type": "Hash", "Parent Relationship": "Inner", "Startup Cost": 180697.47, "Total Cost": 180697.47, "Plan Rows": 1282311, "Plan Width": 25, "Plans": [{"Node Type": "Hash Join", "Parent Relationship": "Outer", "Join Type": "Inner", "Startup Cost": 98641.07, "Total Cost": 180697.47, "Plan Rows": 1282311, "Plan Width": 25, "Inner Unique": true, "Hash Cond": "(mc.movie_id = t.id), (LLVM Optimized)", "Plans": [{"Node Type": "Hash Join", "Parent Relationship": "Outer", "Join Type": "Inner", "Startup Cost": 6968.08, "Total Cost": 71392.69, "Plan Rows": 1282311, "Plan Width": 4, "Inner Unique": true, "Hash Cond": "(mc.company_id = cn.id), (LLVM Optimized)", "Plans": [{"Node Type": "Seq Scan", "Parent Relationship": "Outer", "Relation Name": "movie_companies", "Alias": "mc", "Startup Cost": 0.0, "Total Cost": 41817.28, "Plan Rows": 2609128, "Plan Width": 8}, {"Node Type": "Hash", "Parent Relationship": "Inner", "Startup Cost": 5903.45, "Total Cost": 5903.45, "Plan Rows": 85170, "Plan Width": 4, "Plans": [{"Node Type": "Seq Scan", "Parent Relationship": "Outer", "Relation Name": "company_name", "Alias": "cn", "Startup Cost": 0.0, "Total Cost": 5903.45, "Plan Rows": 85170, "Plan Width": 4, "Filter": "((country_code)::text = '[us]'::text)"}]}]}, {"Node Type": "Hash", "Parent Relationship": "Inner", "Startup Cost": 60069.11, "Total Cost": 60069.11, "Plan Rows": 2528311, "Plan Width": 21, "Plans": [{"Node Type": "Seq Scan", "Parent Relationship": "Outer", "Relation Name": "title", "Alias": "t", "Startup Cost": 0.0, "Total Cost": 60069.11, "Plan Rows": 2528311, "Plan Width": 21}]}]}]}]}, {"Node Type": "Hash", "Parent Relationship": "Inner", "Startup Cost": 93071.9, "Total Cost": 93071.9, "Plan Rows": 4167490, "Plan Width": 4, "Plans": [{"Node Type": "Seq Scan", "Parent Relationship": "Outer", "Relation Name": "name", "Alias": "n1", "Startup Cost": 0.0, "Total Cost": 93071.9, "Plan Rows": 4167490, "Plan Width": 4}]}]}]}]}]}, "Unique SQL Id": 2457761703, "Planner Runtime": 58}, "explain_analyze_plan": {"Plan": {"Node Type": "Aggregate", "Strategy": "Plain", "Startup Cost": 808403.05, "Total Cost": 808403.06, "Plan Rows": 1, "Plan Width": 97, "Actual Startup Time": 8171.997, "Actual Total Time": 8171.997, "Actual Rows": 1, "Actual Loops": 1, "Plans": [{"Node Type": "Hash Join", "Parent Relationship": "Outer", "Join Type": "Inner", "Startup Cost": 779365.79, "Total Cost": 806617.56, "Plan Rows": 357098, "Plan Width": 33, "Actual Startup Time": 7462.893, "Actual Total Time": 8027.597, "Actual Rows": 323005, "Actual Loops": 1, "Inner Unique": false, "Hash Cond": "(an1.person_id = n1.id), (LLVM Optimized, Jit Execute)", "Plans": [{"Node Type": "Seq Scan", "Parent Relationship": "Outer", "Relation Name": "aka_name", "Alias": "an1", "Startup Cost": 0.0, "Total Cost": 19908.42, "Plan Rows": 901342, "Plan Width": 20, "Actual Startup Time": 0.026, "Actual Total Time": 239.447, "Actual Rows": 901342, "Actual Loops": 1}, {"Node Type": "Hash", "Parent Relationship": "Inner", "Startup Cost": 770485.05, "Total Cost": 770485.05, "Plan Rows": 710459, "Plan Width": 25, "Actual Startup Time": 7456.772, "Actual Total Time": 7456.772, "Actual Rows": 285537, "Actual Loops": 1, "Hash Buckets": 1048576, "Hash Batches": 1, "Original Hash Batches": 1, "Peak Memory Usage": 15952, "Plans": [{"Node Type": "Hash Join", "Parent Relationship": "Outer", "Join Type": "Inner", "Startup Cost": 418198.6, "Total Cost": 770485.05, "Plan Rows": 710459, "Plan Width": 25, "Actual Startup Time": 6945.956, "Actual Total Time": 7372.655, "Actual Rows": 285537, "Actual Loops": 1, "Inner Unique": true, "Hash Cond": "(ci.person_id = n1.id), (LLVM Optimized, Jit Execute)", "Plans": [{"Node Type": "Hash Join", "Parent Relationship": "Outer", "Join Type": "Inner", "Startup Cost": 273033.07, "Total Cost": 615550.72, "Plan Rows": 710459, "Plan Width": 21, "Actual Startup Time": 4322.349, "Actual Total Time": 4632.043, "Actual Rows": 285537, "Actual Loops": 1, "Inner Unique": false, "Hash Cond": "(ci.movie_id = t.id), (LLVM Optimized, Jit Execute)", "Plans": [{"Node Type": "Nested Loop", "Parent Relationship": "Outer", "Join Type": "Inner", "Startup Cost": 76306.71, "Total Cost": 389758.02, "Plan Rows": 3296318, "Plan Width": 8, "Actual Startup Time": 33.816, "Actual Total Time": 169.659, "Actual Rows": 276403, "Actual Loops": 1, "Inner Unique": false, "Plans": [{"Node Type": "Seq Scan", "Parent Relationship": "Outer", "Relation Name": "role_type", "Alias": "rt", "Startup Cost": 0.0, "Total Cost": 1.15, "Plan Rows": 1, "Plan Width": 4, "Actual Startup Time": 0.047, "Actual Total Time": 0.061, "Actual Rows": 1, "Actual Loops": 1, "Filter": "((role)::text = 'costume designer'::text)", "Rows Removed by Filter": 11}, {"Node Type": "Bitmap Heap Scan", "Parent Relationship": "Inner", "Relation Name": "cast_info", "Alias": "ci", "Startup Cost": 76306.71, "Total Cost": 356793.69, "Plan Rows": 3296318, "Plan Width": 12, "Actual Startup Time": 33.745, "Actual Total Time": 119.892, "Actual Rows": 276403, "Actual Loops": 1, "Recheck Cond": "(role_id = rt.id), (LLVM Optimized, Jit Execute)", "Rows Removed by Index Recheck": 0, "Exact Heap Blocks": 1654, "Lossy Heap Blocks": 1654, "Plans": [{"Node Type": "Bitmap Index Scan", "Parent Relationship": "Outer", "Index Name": "role_id_cast_info", "Startup Cost": 0.0, "Total Cost": 75482.63, "Plan Rows": 3296318, "Plan Width": 0, "Actual Startup Time": 33.447, "Actual Total Time": 33.447, "Actual Rows": 276403, "Actual Loops": 1, "Index Cond": "(role_id = rt.id)"}]}]}, {"Node Type": "Hash", "Parent Relationship": "Inner", "Startup Cost": 180697.47, "Total Cost": 180697.47, "Plan Rows": 1282311, "Plan Width": 25, "Actual Startup Time": 4283.714, "Actual Total Time": 4283.714, "Actual Rows": 1153797, "Actual Loops": 1, "Hash Buckets": 2097152, "Hash Batches": 1, "Original Hash Batches": 1, "Peak Memory Usage": 68508, "Plans": [{"Node Type": "Hash Join", "Parent Relationship": "Outer", "Join Type": "Inner", "Startup Cost": 98641.07, "Total Cost": 180697.47, "Plan Rows": 1282311, "Plan Width": 25, "Actual Startup Time": 1838.488, "Actual Total Time": 3873.861, "Actual Rows": 1153797, "Actual Loops": 1, "Inner Unique": true, "Hash Cond": "(mc.movie_id = t.id), (LLVM Optimized, Jit Execute)", "Plans": [{"Node Type": "Hash Join", "Parent Relationship": "Outer", "Join Type": "Inner", "Startup Cost": 6968.08, "Total Cost": 71392.69, "Plan Rows": 1282311, "Plan Width": 4, "Actual Startup Time": 112.48, "Actual Total Time": 1529.082, "Actual Rows": 1153797, "Actual Loops": 1, "Inner Unique": true, "Hash Cond": "(mc.company_id = cn.id), (LLVM Optimized, Jit Execute)", "Plans": [{"Node Type": "Seq Scan", "Parent Relationship": "Outer", "Relation Name": "movie_companies", "Alias": "mc", "Startup Cost": 0.0, "Total Cost": 41817.28, "Plan Rows": 2609128, "Plan Width": 8, "Actual Startup Time": 0.035, "Actual Total Time": 596.686, "Actual Rows": 2609128, "Actual Loops": 1}, {"Node Type": "Hash", "Parent Relationship": "Inner", "Startup Cost": 5903.45, "Total Cost": 5903.45, "Plan Rows": 85170, "Plan Width": 4, "Actual Startup Time": 112.344, "Actual Total Time": 112.344, "Actual Rows": 84843, "Actual Loops": 1, "Hash Buckets": 131072, "Hash Batches": 1, "Original Hash Batches": 1, "Peak Memory Usage": 2983, "Plans": [{"Node Type": "Seq Scan", "Parent Relationship": "Outer", "Relation Name": "company_name", "Alias": "cn", "Startup Cost": 0.0, "Total Cost": 5903.45, "Plan Rows": 85170, "Plan Width": 4, "Actual Startup Time": 0.039, "Actual Total Time": 89.949, "Actual Rows": 84843, "Actual Loops": 1, "Filter": "((country_code)::text = '[us]'::text)", "Rows Removed by Filter": 150153}]}]}, {"Node Type": "Hash", "Parent Relationship": "Inner", "Startup Cost": 60069.11, "Total Cost": 60069.11, "Plan Rows": 2528311, "Plan Width": 21, "Actual Startup Time": 1723.593, "Actual Total Time": 1723.593, "Actual Rows": 2528311, "Actual Loops": 1, "Hash Buckets": 4194304, "Hash Batches": 1, "Original Hash Batches": 1, "Peak Memory Usage": 135869, "Plans": [{"Node Type": "Seq Scan", "Parent Relationship": "Outer", "Relation Name": "title", "Alias": "t", "Startup Cost": 0.0, "Total Cost": 60069.11, "Plan Rows": 2528311, "Plan Width": 21, "Actual Startup Time": 0.031, "Actual Total Time": 804.27, "Actual Rows": 2528311, "Actual Loops": 1}]}]}]}]}, {"Node Type": "Hash", "Parent Relationship": "Inner", "Startup Cost": 93071.9, "Total Cost": 93071.9, "Plan Rows": 4167490, "Plan Width": 4, "Actual Startup Time": 2621.122, "Actual Total Time": 2621.122, "Actual Rows": 4167490, "Actual Loops": 1, "Hash Buckets": 4194304, "Hash Batches": 1, "Original Hash Batches": 1, "Peak Memory Usage": 146514, "Plans": [{"Node Type": "Seq Scan", "Parent Relationship": "Outer", "Relation Name": "name", "Alias": "n1", "Startup Cost": 0.0, "Total Cost": 93071.9, "Plan Rows": 4167490, "Plan Width": 4, "Actual Startup Time": 0.026, "Actual Total Time": 1255.583, "Actual Rows": 4167490, "Actual Loops": 1}]}]}]}]}]}, "Triggers": [], "Planner Runtime": 58.673, "Total Runtime": 8183.631, "Unique SQL Id": 2457761703}}, "(1, '7')": {"explain_plan": {"Plan": {"Node Type": "Aggregate", "Strategy": "Plain", "Startup Cost": 1000069787565.86, "Total Cost": 1000069787565.87, "Plan Rows": 1, "Plan Width": 97, "Plans": [{"Node Type": "Nested Loop", "Parent Relationship": "Outer", "Join Type": "Inner", "Startup Cost": 10000000001.8, "Total Cost": 1000069785780.37, "Plan Rows": 357098, "Plan Width": 33, "Inner Unique": true, "Plans": [{"Node Type": "Nested Loop", "Parent Relationship": "Outer", "Join Type": "Inner", "Startup Cost": 10000000001.54, "Total Cost": 1000068255744.11, "Plan Rows": 357379, "Plan Width": 24, "Inner Unique": true, "Join Filter": "(an1.person_id = n1.id), (LLVM Optimized)", "Plans": [{"Node Type": "Nested Loop", "Parent Relationship": "Outer", "Join Type": "Inner", "Startup Cost": 10000000001.28, "Total Cost": 1000066724564.96, "Plan Rows": 357379, "Plan Width": 32, "Inner Unique": false, "Plans": [{"Node Type": "Nested Loop", "Parent Relationship": "Outer", "Join Type": "Inner", "Startup Cost": 10000000001.03, "Total Cost": 1000063680996.82, "Plan Rows": 711018, "Plan Width": 12, "Inner Unique": true, "Plans": [{"Node Type": "Nested Loop", "Parent Relationship": "Outer", "Join Type": "Inner", "Startup Cost": 10000000000.77, "Total Cost": 1000030184746.51, "Plan Rows": 7821201, "Plan Width": 16, "Inner Unique": false, "Plans": [{"Node Type": "Nested Loop", "Parent Relationship": "Outer", "Join Type": "Inner", "Startup Cost": 10000000000.26, "Total Cost": 1000024227793.07, "Plan Rows": 1282311, "Plan Width": 4, "Inner Unique": true, "Plans": [{"Node Type": "Index Scan", "Parent Relationship": "Outer", "Scan Direction": "Forward", "Index Name": "movie_id_movie_companies", "Relation Name": "movie_companies", "Alias": "mc", "Startup Cost": 10000000000.0, "Total Cost": 1000013051946.13, "Plan Rows": 2609128, "Plan Width": 8}, {"Node Type": "Bitmap Heap Scan", "Parent Relationship": "Inner", "Relation Name": "company_name", "Alias": "cn", "Startup Cost": 0.26, "Total Cost": 4.27, "Plan Rows": 1, "Plan Width": 4, "Recheck Cond": "(id = mc.company_id)", "Filter": "((country_code)::text = '[us]'::text)", "Plans": [{"Node Type": "Bitmap Index Scan", "Parent Relationship": "Outer", "Index Name": "company_name_pkey", "Startup Cost": 0.0, "Total Cost": 0.26, "Plan Rows": 1, "Plan Width": 0, "Index Cond": "(id = mc.company_id)"}]}]}, {"Node Type": "Bitmap Heap Scan", "Parent Relationship": "Inner", "Relation Name": "cast_info", "Alias": "ci", "Startup Cost": 0.51, "Total Cost": 4.59, "Plan Rows": 6, "Plan Width": 12, "Recheck Cond": "(movie_id = mc.movie_id)", "Plans": [{"Node Type": "Bitmap Index Scan", "Parent Relationship": "Outer", "Index Name": "movie_id_cast_info", "Startup Cost": 0.0, "Total Cost": 0.51, "Plan Rows": 6, "Plan Width": 0, "Index Cond": "(movie_id = mc.movie_id)"}]}]}, {"Node Type": "Bitmap Heap Scan", "Parent Relationship": "Inner", "Relation Name": "role_type", "Alias": "rt", "Startup Cost": 0.26, "Total Cost": 4.27, "Plan Rows": 1, "Plan Width": 4, "Recheck Cond": "(id = ci.role_id)", "Filter": "((role)::text = 'costume designer'::text)", "Plans": [{"Node Type": "Bitmap Index Scan", "Parent Relationship": "Outer", "Index Name": "role_type_pkey", "Startup Cost": 0.0, "Total Cost": 0.26, "Plan Rows": 1, "Plan Width": 0, "Index Cond": "(id = ci.role_id)"}]}]}, {"Node Type": "Bitmap Heap Scan", "Parent Relationship": "Inner", "Relation Name": "aka_name", "Alias": "an1", "Startup Cost": 0.26, "Total Cost": 4.27, "Plan Rows": 1, "Plan Width": 20, "Recheck Cond": "(person_id = ci.person_id)", "Plans": [{"Node Type": "Bitmap Index Scan", "Parent Relationship": "Outer", "Index Name": "person_id_aka_name", "Startup Cost": 0.0, "Total Cost": 0.26, "Plan Rows": 1, "Plan Width": 0, "Index Cond": "(person_id = ci.person_id)"}]}]}, {"Node Type": "Bitmap Heap Scan", "Parent Relationship": "Inner", "Relation Name": "name", "Alias": "n1", "Startup Cost": 0.26, "Total Cost": 4.27, "Plan Rows": 1, "Plan Width": 4, "Recheck Cond": "(id = ci.person_id)", "Plans": [{"Node Type": "Bitmap Index Scan", "Parent Relationship": "Outer", "Index Name": "name_pkey", "Startup Cost": 0.0, "Total Cost": 0.26, "Plan Rows": 1, "Plan Width": 0, "Index Cond": "(id = ci.person_id)"}]}]}, {"Node Type": "Bitmap Heap Scan", "Parent Relationship": "Inner", "Relation Name": "title", "Alias": "t", "Startup Cost": 0.26, "Total Cost": 4.27, "Plan Rows": 1, "Plan Width": 21, "Recheck Cond": "(id = ci.movie_id)", "Plans": [{"Node Type": "Bitmap Index Scan", "Parent Relationship": "Outer", "Index Name": "title_pkey", "Startup Cost": 0.0, "Total Cost": 0.26, "Plan Rows": 1, "Plan Width": 0, "Index Cond": "(id = ci.movie_id)"}]}]}]}, "Unique SQL Id": 2457761703, "Planner Runtime": 6}, "explain_analyze_plan": null}, "(1, '8')": {"explain_plan": {"Plan": {"Node Type": "Aggregate", "Strategy": "Plain", "Startup Cost": 589695.38, "Total Cost": 589695.39, "Plan Rows": 1, "Plan Width": 97, "Plans": [{"Node Type": "Hash Join", "Parent Relationship": "Outer", "Join Type": "Inner", "Startup Cost": 561014.71, "Total Cost": 587909.89, "Plan Rows": 357098, "Plan Width": 33, "Inner Unique": false, "Hash Cond": "(an1.person_id = n1.id), (LLVM Optimized)", "Plans": [{"Node Type": "Seq Scan", "Parent Relationship": "Outer", "Relation Name": "aka_name", "Alias": "an1", "Startup Cost": 0.0, "Total Cost": 19908.42, "Plan Rows": 901342, "Plan Width": 20}, {"Node Type": "Hash", "Parent Relationship": "Inner", "Startup Cost": 552133.97, "Total Cost": 552133.97, "Plan Rows": 710459, "Plan Width": 25, "Plans": [{"Node Type": "Hash Join", "Parent Relationship": "Outer", "Join Type": "Inner", "Startup Cost": 341891.88, "Total Cost": 552133.97, "Plan Rows": 710459, "Plan Width": 25, "Inner Unique": true, "Hash Cond": "(ci.person_id = n1.id), (LLVM Optimized)", "Plans": [{"Node Type": "Hash Join", "Parent Relationship": "Outer", "Join Type": "Inner", "Startup Cost": 196726.36, "Total Cost": 397199.64, "Plan Rows": 710459, "Plan Width": 21, "Inner Unique": false, "Hash Cond": "(ci.movie_id = t.id), (LLVM Optimized)", "Plans": [{"Node Type": "Nested Loop", "Parent Relationship": "Outer", "Join Type": "Inner", "Startup Cost": 0.0, "Total Cost": 171406.94, "Plan Rows": 3296318, "Plan Width": 8, "Inner Unique": false, "Plans": [{"Node Type": "Seq Scan", "Parent Relationship": "Outer", "Relation Name": "role_type", "Alias": "rt", "Startup Cost": 0.0, "Total Cost": 1.15, "Plan Rows": 1, "Plan Width": 4, "Filter": "((role)::text = 'costume designer'::text)"}, {"Node Type": "Index Scan", "Parent Relationship": "Inner", "Scan Direction": "Forward", "Index Name": "role_id_cast_info", "Relation Name": "cast_info", "Alias": "ci", "Startup Cost": 0.0, "Total Cost": 138442.61, "Plan Rows": 3296318, "Plan Width": 12, "Index Cond": "(role_id = rt.id), (LLVM Optimized)"}]}, {"Node Type": "Hash", "Parent Relationship": "Inner", "Startup Cost": 180697.47, "Total Cost": 180697.47, "Plan Rows": 1282311, "Plan Width": 25, "Plans": [{"Node Type": "Hash Join", "Parent Relationship": "Outer", "Join Type": "Inner", "Startup Cost": 98641.07, "Total Cost": 180697.47, "Plan Rows": 1282311, "Plan Width": 25, "Inner Unique": true, "Hash Cond": "(mc.movie_id = t.id), (LLVM Optimized)", "Plans": [{"Node Type": "Hash Join", "Parent Relationship": "Outer", "Join Type": "Inner", "Startup Cost": 6968.08, "Total Cost": 71392.69, "Plan Rows": 1282311, "Plan Width": 4, "Inner Unique": true, "Hash Cond": "(mc.company_id = cn.id), (LLVM Optimized)", "Plans": [{"Node Type": "Seq Scan", "Parent Relationship": "Outer", "Relation Name": "movie_companies", "Alias": "mc", "Startup Cost": 0.0, "Total Cost": 41817.28, "Plan Rows": 2609128, "Plan Width": 8}, {"Node Type": "Hash", "Parent Relationship": "Inner", "Startup Cost": 5903.45, "Total Cost": 5903.45, "Plan Rows": 85170, "Plan Width": 4, "Plans": [{"Node Type": "Seq Scan", "Parent Relationship": "Outer", "Relation Name": "company_name", "Alias": "cn", "Startup Cost": 0.0, "Total Cost": 5903.45, "Plan Rows": 85170, "Plan Width": 4, "Filter": "((country_code)::text = '[us]'::text)"}]}]}, {"Node Type": "Hash", "Parent Relationship": "Inner", "Startup Cost": 60069.11, "Total Cost": 60069.11, "Plan Rows": 2528311, "Plan Width": 21, "Plans": [{"Node Type": "Seq Scan", "Parent Relationship": "Outer", "Relation Name": "title", "Alias": "t", "Startup Cost": 0.0, "Total Cost": 60069.11, "Plan Rows": 2528311, "Plan Width": 21}]}]}]}]}, {"Node Type": "Hash", "Parent Relationship": "Inner", "Startup Cost": 93071.9, "Total Cost": 93071.9, "Plan Rows": 4167490, "Plan Width": 4, "Plans": [{"Node Type": "Index Only Scan", "Parent Relationship": "Outer", "Scan Direction": "Forward", "Index Name": "name_pkey", "Relation Name": "name", "Alias": "n1", "Startup Cost": 0.0, "Total Cost": 93071.9, "Plan Rows": 4167490, "Plan Width": 4}]}]}]}]}]}, "Unique SQL Id": 2457761703, "Planner Runtime": 82}, "explain_analyze_plan": {"Plan": {"Node Type": "Aggregate", "Strategy": "Plain", "Startup Cost": 589695.38, "Total Cost": 589695.39, "Plan Rows": 1, "Plan Width": 97, "Actual Startup Time": 8564.844, "Actual Total Time": 8564.845, "Actual Rows": 1, "Actual Loops": 1, "Plans": [{"Node Type": "Hash Join", "Parent Relationship": "Outer", "Join Type": "Inner", "Startup Cost": 561014.71, "Total Cost": 587909.89, "Plan Rows": 357098, "Plan Width": 33, "Actual Startup Time": 7931.833, "Actual Total Time": 8421.386, "Actual Rows": 323005, "Actual Loops": 1, "Inner Unique": false, "Hash Cond": "(an1.person_id = n1.id), (LLVM Optimized, Jit Execute)", "Plans": [{"Node Type": "Seq Scan", "Parent Relationship": "Outer", "Relation Name": "aka_name", "Alias": "an1", "Startup Cost": 0.0, "Total Cost": 19908.42, "Plan Rows": 901342, "Plan Width": 20, "Actual Startup Time": 0.026, "Actual Total Time": 214.616, "Actual Rows": 901342, "Actual Loops": 1}, {"Node Type": "Hash", "Parent Relationship": "Inner", "Startup Cost": 552133.97, "Total Cost": 552133.97, "Plan Rows": 710459, "Plan Width": 25, "Actual Startup Time": 7922.263, "Actual Total Time": 7922.263, "Actual Rows": 285537, "Actual Loops": 1, "Hash Buckets": 1048576, "Hash Batches": 1, "Original Hash Batches": 1, "Peak Memory Usage": 15952, "Plans": [{"Node Type": "Hash Join", "Parent Relationship": "Outer", "Join Type": "Inner", "Startup Cost": 341891.88, "Total Cost": 552133.97, "Plan Rows": 710459, "Plan Width": 25, "Actual Startup Time": 7313.692, "Actual Total Time": 7835.153, "Actual Rows": 285537, "Actual Loops": 1, "Inner Unique": true, "Hash Cond": "(ci.person_id = n1.id), (LLVM Optimized, Jit Execute)", "Plans": [{"Node Type": "Hash Join", "Parent Relationship": "Outer", "Join Type": "Inner", "Startup Cost": 196726.36, "Total Cost": 397199.64, "Plan Rows": 710459, "Plan Width": 21, "Actual Startup Time": 4717.169, "Actual Total Time": 5125.561, "Actual Rows": 285537, "Actual Loops": 1, "Inner Unique": false, "Hash Cond": "(ci.movie_id = t.id), (LLVM Optimized, Jit Execute)", "Plans": [{"Node Type": "Nested Loop", "Parent Relationship": "Outer", "Join Type": "Inner", "Startup Cost": 0.0, "Total Cost": 171406.94, "Plan Rows": 3296318, "Plan Width": 8, "Actual Startup Time": 0.127, "Actual Total Time": 201.773, "Actual Rows": 276403, "Actual Loops": 1, "Inner Unique": false, "Plans": [{"Node Type": "Seq Scan", "Parent Relationship": "Outer", "Relation Name": "role_type", "Alias": "rt", "Startup Cost": 0.0, "Total Cost": 1.15, "Plan Rows": 1, "Plan Width": 4, "Actual Startup Time": 0.063, "Actual Total Time": 0.082, "Actual Rows": 1, "Actual Loops": 1, "Filter": "((role)::text = 'costume designer'::text)", "Rows Removed by Filter": 11}, {"Node Type": "Index Scan", "Parent Relationship": "Inner", "Scan Direction": "Forward", "Index Name": "role_id_cast_info", "Relation Name": "cast_info", "Alias": "ci", "Startup Cost": 0.0, "Total Cost": 138442.61, "Plan Rows": 3296318, "Plan Width": 12, "Actual Startup Time": 0.052, "Actual Total Time": 147.938, "Actual Rows": 276403, "Actual Loops": 1, "Index Cond": "(role_id = rt.id), (LLVM Optimized, Jit Execute)", "Rows Removed by Index Recheck": 0}]}, {"Node Type": "Hash", "Parent Relationship": "Inner", "Startup Cost": 180697.47, "Total Cost": 180697.47, "Plan Rows": 1282311, "Plan Width": 25, "Actual Startup Time": 4712.398, "Actual Total Time": 4712.398, "Actual Rows": 1153797, "Actual Loops": 1, "Hash Buckets": 2097152, "Hash Batches": 1, "Original Hash Batches": 1, "Peak Memory Usage": 68508, "Plans": [{"Node Type": "Hash Join", "Parent Relationship": "Outer", "Join Type": "Inner", "Startup Cost": 98641.07, "Total Cost": 180697.47, "Plan Rows": 1282311, "Plan Width": 25, "Actual Startup Time": 1935.548, "Actual Total Time": 4190.972, "Actual Rows": 1153797, "Actual Loops": 1, "Inner Unique": true, "Hash Cond": "(mc.movie_id = t.id), (LLVM Optimized, Jit Execute)", "Plans": [{"Node Type": "Hash Join", "Parent Relationship": "Outer", "Join Type": "Inner", "Startup Cost": 6968.08, "Total Cost": 71392.69, "Plan Rows": 1282311, "Plan Width": 4, "Actual Startup Time": 112.405, "Actual Total Time": 1587.27, "Actual Rows": 1153797, "Actual Loops": 1, "Inner Unique": true, "Hash Cond": "(mc.company_id = cn.id), (LLVM Optimized, Jit Execute)", "Plans": [{"Node Type": "Seq Scan", "Parent Relationship": "Outer", "Relation Name": "movie_companies", "Alias": "mc", "Startup Cost": 0.0, "Total Cost": 41817.28, "Plan Rows": 2609128, "Plan Width": 8, "Actual Startup Time": 0.024, "Actual Total Time": 622.888, "Actual Rows": 2609128, "Actual Loops": 1}, {"Node Type": "Hash", "Parent Relationship": "Inner", "Startup Cost": 5903.45, "Total Cost": 5903.45, "Plan Rows": 85170, "Plan Width": 4, "Actual Startup Time": 112.277, "Actual Total Time": 112.277, "Actual Rows": 84843, "Actual Loops": 1, "Hash Buckets": 131072, "Hash Batches": 1, "Original Hash Batches": 1, "Peak Memory Usage": 2983, "Plans": [{"Node Type": "Seq Scan", "Parent Relationship": "Outer", "Relation Name": "company_name", "Alias": "cn", "Startup Cost": 0.0, "Total Cost": 5903.45, "Plan Rows": 85170, "Plan Width": 4, "Actual Startup Time": 0.024, "Actual Total Time": 89.803, "Actual Rows": 84843, "Actual Loops": 1, "Filter": "((country_code)::text = '[us]'::text)", "Rows Removed by Filter": 150153}]}]}, {"Node Type": "Hash", "Parent Relationship": "Inner", "Startup Cost": 60069.11, "Total Cost": 60069.11, "Plan Rows": 2528311, "Plan Width": 21, "Actual Startup Time": 1820.712, "Actual Total Time": 1820.712, "Actual Rows": 2528311, "Actual Loops": 1, "Hash Buckets": 4194304, "Hash Batches": 1, "Original Hash Batches": 1, "Peak Memory Usage": 135869, "Plans": [{"Node Type": "Seq Scan", "Parent Relationship": "Outer", "Relation Name": "title", "Alias": "t", "Startup Cost": 0.0, "Total Cost": 60069.11, "Plan Rows": 2528311, "Plan Width": 21, "Actual Startup Time": 0.033, "Actual Total Time": 812.077, "Actual Rows": 2528311, "Actual Loops": 1}]}]}]}]}, {"Node Type": "Hash", "Parent Relationship": "Inner", "Startup Cost": 93071.9, "Total Cost": 93071.9, "Plan Rows": 4167490, "Plan Width": 4, "Actual Startup Time": 2594.015, "Actual Total Time": 2594.015, "Actual Rows": 4167490, "Actual Loops": 1, "Hash Buckets": 4194304, "Hash Batches": 1, "Original Hash Batches": 1, "Peak Memory Usage": 146514, "Plans": [{"Node Type": "Index Only Scan", "Parent Relationship": "Outer", "Scan Direction": "Forward", "Index Name": "name_pkey", "Relation Name": "name", "Alias": "n1", "Startup Cost": 0.0, "Total Cost": 93071.9, "Plan Rows": 4167490, "Plan Width": 4, "Actual Startup Time": 0.036, "Actual Total Time": 1049.181, "Actual Rows": 4167490, "Actual Loops": 1, "Heap Fetches": 0}]}]}]}]}]}, "Triggers": [], "Planner Runtime": 82.942, "Total Runtime": 8576.378, "Unique SQL Id": 2457761703}}, "(1, '9')": {"explain_plan": {"Plan": {"Node Type": "Aggregate", "Strategy": "Plain", "Startup Cost": 770846.96, "Total Cost": 770846.97, "Plan Rows": 1, "Plan Width": 97, "Plans": [{"Node Type": "Nested Loop", "Parent Relationship": "Outer", "Join Type": "Inner", "Startup Cost": 599201.04, "Total Cost": 769061.47, "Plan Rows": 357098, "Plan Width": 33, "Inner Unique": true, "Join Filter": "(an1.person_id = n1.id), (LLVM Optimized)", "Plans": [{"Node Type": "Merge Join", "Parent Relationship": "Outer", "Join Type": "Inner", "Startup Cost": 599201.04, "Total Cost": 667567.53, "Plan Rows": 357098, "Plan Width": 41, "Inner Unique": false, "Merge Cond": "(ci.person_id = an1.person_id)", "Plans": [{"Node Type": "Sort", "Parent Relationship": "Outer", "Startup Cost": 599200.97, "Total Cost": 600977.12, "Plan Rows": 710459, "Plan Width": 21, "Sort Key": ["ci.person_id"], "Plans": [{"Node Type": "Hash Join", "Parent Relationship": "Outer", "Join Type": "Inner", "Startup Cost": 329665.48, "Total Cost": 530150.07, "Plan Rows": 710459, "Plan Width": 21, "Inner Unique": false, "Hash Cond": "(ci.movie_id = t.id), (LLVM Optimized)", "Plans": [{"Node Type": "Nested Loop", "Parent Relationship": "Outer", "Join Type": "Inner", "Startup Cost": 0.0, "Total Cost": 171418.25, "Plan Rows": 3296318, "Plan Width": 8, "Inner Unique": false, "Plans": [{"Node Type": "Index Scan", "Parent Relationship": "Outer", "Scan Direction": "Forward", "Index Name": "role_type_pkey", "Relation Name": "role_type", "Alias": "rt", "Startup Cost": 0.0, "Total Cost": 12.46, "Plan Rows": 1, "Plan Width": 4, "Filter": "((role)::text = 'costume designer'::text)"}, {"Node Type": "Index Scan", "Parent Relationship": "Inner", "Scan Direction": "Forward", "Index Name": "role_id_cast_info", "Relation Name": "cast_info", "Alias": "ci", "Startup Cost": 0.0, "Total Cost": 138442.61, "Plan Rows": 3296318, "Plan Width": 12, "Index Cond": "(role_id = rt.id), (LLVM Optimized)"}]}, {"Node Type": "Hash", "Parent Relationship": "Inner", "Startup Cost": 313636.59, "Total Cost": 313636.59, "Plan Rows": 1282311, "Plan Width": 25, "Plans": [{"Node Type": "Hash Join", "Parent Relationship": "Outer", "Join Type": "Inner", "Startup Cost": 11568.59, "Total Cost": 313636.59, "Plan Rows": 1282311, "Plan Width": 25, "Inner Unique": true, "Hash Cond": "(mc.company_id = cn.id), (LLVM Optimized)", "Plans": [{"Node Type": "Merge Join", "Parent Relationship": "Outer", "Join Type": "Inner", "Startup Cost": 2.58, "Total Cost": 279463.24, "Plan Rows": 2609128, "Plan Width": 29, "Inner Unique": false, "Merge Cond": "(t.id = mc.movie_id)", "Plans": [{"Node Type": "Index Scan", "Parent Relationship": "Outer", "Scan Direction": "Forward", "Index Name": "title_pkey", "Relation Name": "title", "Alias": "t", "Startup Cost": 0.0, "Total Cost": 110120.49, "Plan Rows": 2528311, "Plan Width": 21}, {"Node Type": "Index Scan", "Parent Relationship": "Inner", "Scan Direction": "Forward", "Index Name": "movie_id_movie_companies", "Relation Name": "movie_companies", "Alias": "mc", "Startup Cost": 0.0, "Total Cost": 130519.46, "Plan Rows": 2609128, "Plan Width": 8}]}, {"Node Type": "Hash", "Parent Relationship": "Inner", "Startup Cost": 10501.39, "Total Cost": 10501.39, "Plan Rows": 85170, "Plan Width": 4, "Plans": [{"Node Type": "Index Scan", "Parent Relationship": "Outer", "Scan Direction": "Forward", "Index Name": "company_name_pkey", "Relation Name": "company_name", "Alias": "cn", "Startup Cost": 0.0, "Total Cost": 10501.39, "Plan Rows": 85170, "Plan Width": 4, "Filter": "((country_code)::text = '[us]'::text)"}]}]}]}]}]}, {"Node Type": "Index Scan", "Parent Relationship": "Inner", "Scan Direction": "Forward", "Index Name": "person_id_aka_name", "Relation Name": "aka_name", "Alias": "an1", "Startup Cost": 0.0, "Total Cost": 68965.03, "Plan Rows": 901342, "Plan Width": 20}]}, {"Node Type": "Index Only Scan", "Parent Relationship": "Inner", "Scan Direction": "Forward", "Index Name": "name_pkey", "Relation Name": "name", "Alias": "n1", "Startup Cost": 0.0, "Total Cost": 0.27, "Plan Rows": 1, "Plan Width": 4, "Index Cond": "(id = ci.person_id)"}]}]}, "Unique SQL Id": 2457761703, "Planner Runtime": 75}, "explain_analyze_plan": {"Plan": {"Node Type": "Aggregate", "Strategy": "Plain", "Startup Cost": 770846.96, "Total Cost": 770846.97, "Plan Rows": 1, "Plan Width": 97, "Actual Startup Time": 10131.383, "Actual Total Time": 10131.384, "Actual Rows": 1, "Actual Loops": 1, "Plans": [{"Node Type": "Nested Loop", "Parent Relationship": "Outer", "Join Type": "Inner", "Startup Cost": 599201.04, "Total Cost": 769061.47, "Plan Rows": 357098, "Plan Width": 33, "Actual Startup Time": 8074.867, "Actual Total Time": 9941.074, "Actual Rows": 323005, "Actual Loops": 1, "Inner Unique": true, "Join Filter": "(an1.person_id = n1.id), (LLVM Optimized, Jit Execute)", "Rows Removed by Join Filter": 0, "Plans": [{"Node Type": "Merge Join", "Parent Relationship": "Outer", "Join Type": "Inner", "Startup Cost": 599201.04, "Total Cost": 667567.53, "Plan Rows": 357098, "Plan Width": 41, "Actual Startup Time": 8074.833, "Actual Total Time": 9041.212, "Actual Rows": 323005, "Actual Loops": 1, "Inner Unique": false, "Merge Cond": "(ci.person_id = an1.person_id)", "Plans": [{"Node Type": "Sort", "Parent Relationship": "Outer", "Startup Cost": 599200.97, "Total Cost": 600977.12, "Plan Rows": 710459, "Plan Width": 21, "Actual Startup Time": 8074.743, "Actual Total Time": 8122.105, "Actual Rows": 285537, "Actual Loops": 1, "Sort Key": ["ci.person_id"], "Sort Method": "quicksort", "Sort Space Used": 39613, "Sort Space Type": "Memory", "Plans": [{"Node Type": "Hash Join", "Parent Relationship": "Outer", "Join Type": "Inner", "Startup Cost": 329665.48, "Total Cost": 530150.07, "Plan Rows": 710459, "Plan Width": 21, "Actual Startup Time": 7652.944, "Actual Total Time": 7988.969, "Actual Rows": 285537, "Actual Loops": 1, "Inner Unique": false, "Hash Cond": "(ci.movie_id = t.id), (LLVM Optimized, Jit Execute)", "Plans": [{"Node Type": "Nested Loop", "Parent Relationship": "Outer", "Join Type": "Inner", "Startup Cost": 0.0, "Total Cost": 171418.25, "Plan Rows": 3296318, "Plan Width": 8, "Actual Startup Time": 0.073, "Actual Total Time": 182.556, "Actual Rows": 276403, "Actual Loops": 1, "Inner Unique": false, "Plans": [{"Node Type": "Index Scan", "Parent Relationship": "Outer", "Scan Direction": "Forward", "Index Name": "role_type_pkey", "Relation Name": "role_type", "Alias": "rt", "Startup Cost": 0.0, "Total Cost": 12.46, "Plan Rows": 1, "Plan Width": 4, "Actual Startup Time": 0.034, "Actual Total Time": 0.051, "Actual Rows": 1, "Actual Loops": 1, "Filter": "((role)::text = 'costume designer'::text)", "Rows Removed by Filter": 11}, {"Node Type": "Index Scan", "Parent Relationship": "Inner", "Scan Direction": "Forward", "Index Name": "role_id_cast_info", "Relation Name": "cast_info", "Alias": "ci", "Startup Cost": 0.0, "Total Cost": 138442.61, "Plan Rows": 3296318, "Plan Width": 12, "Actual Startup Time": 0.033, "Actual Total Time": 128.569, "Actual Rows": 276403, "Actual Loops": 1, "Index Cond": "(role_id = rt.id), (LLVM Optimized, Jit Execute)", "Rows Removed by Index Recheck": 0}]}, {"Node Type": "Hash", "Parent Relationship": "Inner", "Startup Cost": 313636.59, "Total Cost": 313636.59, "Plan Rows": 1282311, "Plan Width": 25, "Actual Startup Time": 7651.179, "Actual Total Time": 7651.179, "Actual Rows": 1153797, "Actual Loops": 1, "Hash Buckets": 2097152, "Hash Batches": 1, "Original Hash Batches": 1, "Peak Memory Usage": 68508, "Plans": [{"Node Type": "Hash Join", "Parent Relationship": "Outer", "Join Type": "Inner", "Startup Cost": 11568.59, "Total Cost": 313636.59, "Plan Rows": 1282311, "Plan Width": 25, "Actual Startup Time": 311.171, "Actual Total Time": 7214.869, "Actual Rows": 1153797, "Actual Loops": 1, "Inner Unique": true, "Hash Cond": "(mc.company_id = cn.id), (LLVM Optimized, Jit Execute)", "Plans": [{"Node Type": "Merge Join", "Parent Relationship": "Outer", "Join Type": "Inner", "Startup Cost": 2.58, "Total Cost": 279463.24, "Plan Rows": 2609128, "Plan Width": 29, "Actual Startup Time": 0.054, "Actual Total Time": 6069.017, "Actual Rows": 2609128, "Actual Loops": 1, "Inner Unique": false, "Merge Cond": "(t.id = mc.movie_id)", "Plans": [{"Node Type": "Index Scan", "Parent Relationship": "Outer", "Scan Direction": "Forward", "Index Name": "title_pkey", "Relation Name": "title", "Alias": "t", "Startup Cost": 0.0, "Total Cost": 110120.49, "Plan Rows": 2528311, "Plan Width": 21, "Actual Startup Time": 0.024, "Actual Total Time": 2832.937, "Actual Rows": 2525745, "Actual Loops": 1}, {"Node Type": "Index Scan", "Parent Relationship": "Inner", "Scan Direction": "Forward", "Index Name": "movie_id_movie_companies", "Relation Name": "movie_companies", "Alias": "mc", "Startup Cost": 0.0, "Total Cost": 130519.46, "Plan Rows": 2609128, "Plan Width": 8, "Actual Startup Time": 0.019, "Actual Total Time": 1715.293, "Actual Rows": 2609128, "Actual Loops": 1}]}, {"Node Type": "Hash", "Parent Relationship": "Inner", "Startup Cost": 10501.39, "Total Cost": 10501.39, "Plan Rows": 85170, "Plan Width": 4, "Actual Startup Time": 311.001, "Actual Total Time": 311.001, "Actual Rows": 84843, "Actual Loops": 1, "Hash Buckets": 131072, "Hash Batches": 1, "Original Hash Batches": 1, "Peak Memory Usage": 2983, "Plans": [{"Node Type": "Index Scan", "Parent Relationship": "Outer", "Scan Direction": "Forward", "Index Name": "company_name_pkey", "Relation Name": "company_name", "Alias": "cn", "Startup Cost": 0.0, "Total Cost": 10501.39, "Plan Rows": 85170, "Plan Width": 4, "Actual Startup Time": 0.027, "Actual Total Time": 284.869, "Actual Rows": 84843, "Actual Loops": 1, "Filter": "((country_code)::text = '[us]'::text)", "Rows Removed by Filter": 150153}]}]}]}]}]}, {"Node Type": "Index Scan", "Parent Relationship": "Inner", "Scan Direction": "Forward", "Index Name": "person_id_aka_name", "Relation Name": "aka_name", "Alias": "an1", "Startup Cost": 0.0, "Total Cost": 68965.03, "Plan Rows": 901342, "Plan Width": 20, "Actual Startup Time": 0.045, "Actual Total Time": 657.488, "Actual Rows": 1003872, "Actual Loops": 1}]}, {"Node Type": "Index Only Scan", "Parent Relationship": "Inner", "Scan Direction": "Forward", "Index Name": "name_pkey", "Relation Name": "name", "Alias": "n1", "Startup Cost": 0.0, "Total Cost": 0.27, "Plan Rows": 1, "Plan Width": 4, "Actual Startup Time": 667.209, "Actual Total Time": 667.209, "Actual Rows": 323005, "Actual Loops": 323005, "Index Cond": "(id = ci.person_id)", "Rows Removed by Index Recheck": 0, "Heap Fetches": 0}]}]}, "Triggers": [], "Planner Runtime": 75.457, "Total Runtime": 10141.684, "Unique SQL Id": 2457761703}}, "(1, '10')": {"explain_plan": {"Plan": {"Node Type": "Aggregate", "Strategy": "Plain", "Startup Cost": 1144362.67, "Total Cost": 1144362.68, "Plan Rows": 1, "Plan Width": 97, "Plans": [{"Node Type": "Hash Join", "Parent Relationship": "Outer", "Join Type": "Inner", "Startup Cost": 1115325.41, "Total Cost": 1142577.18, "Plan Rows": 357098, "Plan Width": 33, "Inner Unique": false, "Hash Cond": "(an1.person_id = n1.id), (LLVM Optimized)", "Plans": [{"Node Type": "Seq Scan", "Parent Relationship": "Outer", "Relation Name": "aka_name", "Alias": "an1", "Startup Cost": 0.0, "Total Cost": 19908.42, "Plan Rows": 901342, "Plan Width": 20}, {"Node Type": "Hash", "Parent Relationship": "Inner", "Startup Cost": 1106444.67, "Total Cost": 1106444.67, "Plan Rows": 710459, "Plan Width": 25, "Plans": [{"Node Type": "Hash Join", "Parent Relationship": "Outer", "Join Type": "Inner", "Startup Cost": 341893.04, "Total Cost": 1106444.67, "Plan Rows": 710459, "Plan Width": 25, "Inner Unique": true, "Hash Cond": "(ci.person_id = n1.id), (LLVM Optimized)", "Plans": [{"Node Type": "Hash Join", "Parent Relationship": "Outer", "Join Type": "Inner", "Startup Cost": 196727.52, "Total Cost": 951510.34, "Plan Rows": 710459, "Plan Width": 21, "Inner Unique": false, "Hash Cond": "(ci.movie_id = t.id), (LLVM Optimized)", "Plans": [{"Node Type": "Hash Join", "Parent Relationship": "Outer", "Join Type": "Inner", "Startup Cost": 1.16, "Total Cost": 725717.64, "Plan Rows": 3296318, "Plan Width": 8, "Inner Unique": true, "Hash Cond": "(ci.role_id = rt.id), (LLVM Optimized)", "Plans": [{"Node Type": "Seq Scan", "Parent Relationship": "Outer", "Relation Name": "cast_info", "Alias": "ci", "Startup Cost": 0.0, "Total Cost": 601877.94, "Plan Rows": 36259494, "Plan Width": 12}, {"Node Type": "Hash", "Parent Relationship": "Inner", "Startup Cost": 1.15, "Total Cost": 1.15, "Plan Rows": 1, "Plan Width": 4, "Plans": [{"Node Type": "Seq Scan", "Parent Relationship": "Outer", "Relation Name": "role_type", "Alias": "rt", "Startup Cost": 0.0, "Total Cost": 1.15, "Plan Rows": 1, "Plan Width": 4, "Filter": "((role)::text = 'costume designer'::text)"}]}]}, {"Node Type": "Hash", "Parent Relationship": "Inner", "Startup Cost": 180697.47, "Total Cost": 180697.47, "Plan Rows": 1282311, "Plan Width": 25, "Plans": [{"Node Type": "Hash Join", "Parent Relationship": "Outer", "Join Type": "Inner", "Startup Cost": 98641.07, "Total Cost": 180697.47, "Plan Rows": 1282311, "Plan Width": 25, "Inner Unique": true, "Hash Cond": "(mc.movie_id = t.id), (LLVM Optimized)", "Plans": [{"Node Type": "Hash Join", "Parent Relationship": "Outer", "Join Type": "Inner", "Startup Cost": 6968.08, "Total Cost": 71392.69, "Plan Rows": 1282311, "Plan Width": 4, "Inner Unique": true, "Hash Cond": "(mc.company_id = cn.id), (LLVM Optimized)", "Plans": [{"Node Type": "Seq Scan", "Parent Relationship": "Outer", "Relation Name": "movie_companies", "Alias": "mc", "Startup Cost": 0.0, "Total Cost": 41817.28, "Plan Rows": 2609128, "Plan Width": 8}, {"Node Type": "Hash", "Parent Relationship": "Inner", "Startup Cost": 5903.45, "Total Cost": 5903.45, "Plan Rows": 85170, "Plan Width": 4, "Plans": [{"Node Type": "Seq Scan", "Parent Relationship": "Outer", "Relation Name": "company_name", "Alias": "cn", "Startup Cost": 0.0, "Total Cost": 5903.45, "Plan Rows": 85170, "Plan Width": 4, "Filter": "((country_code)::text = '[us]'::text)"}]}]}, {"Node Type": "Hash", "Parent Relationship": "Inner", "Startup Cost": 60069.11, "Total Cost": 60069.11, "Plan Rows": 2528311, "Plan Width": 21, "Plans": [{"Node Type": "Seq Scan", "Parent Relationship": "Outer", "Relation Name": "title", "Alias": "t", "Startup Cost": 0.0, "Total Cost": 60069.11, "Plan Rows": 2528311, "Plan Width": 21}]}]}]}]}, {"Node Type": "Hash", "Parent Relationship": "Inner", "Startup Cost": 93071.9, "Total Cost": 93071.9, "Plan Rows": 4167490, "Plan Width": 4, "Plans": [{"Node Type": "Seq Scan", "Parent Relationship": "Outer", "Relation Name": "name", "Alias": "n1", "Startup Cost": 0.0, "Total Cost": 93071.9, "Plan Rows": 4167490, "Plan Width": 4}]}]}]}]}]}, "Unique SQL Id": 2457761703, "Planner Runtime": 60}, "explain_analyze_plan": null}, "(1, '11')": {"explain_plan": {"Plan": {"Node Type": "Aggregate", "Strategy": "Plain", "Startup Cost": 6752833214283.18, "Total Cost": 6752833214283.19, "Plan Rows": 1, "Plan Width": 97, "Plans": [{"Node Type": "Nested Loop", "Parent Relationship": "Outer", "Join Type": "Inner", "Startup Cost": 70071825122.57, "Total Cost": 6752833212497.69, "Plan Rows": 357098, "Plan Width": 33, "Inner Unique": false, "Join Filter": "(t.id = ci.movie_id), (LLVM Optimized)", "Plans": [{"Node Type": "Merge Join", "Parent Relationship": "Outer", "Join Type": "Inner", "Startup Cost": 30021927926.2, "Total Cost": 3002409653794.57, "Plan Rows": 1282311, "Plan Width": 25, "Inner Unique": true, "Merge Cond": "(mc.movie_id = t.id)", "Plans": [{"Node Type": "Nested Loop", "Parent Relationship": "Outer", "Join Type": "Inner", "Startup Cost": 20000000000.0, "Total Cost": 2003347393774.42, "Plan Rows": 1282311, "Plan Width": 4, "Inner Unique": true, "Join Filter": "(cn.id = mc.company_id), (LLVM Optimized)", "Plans": [{"Node Type": "Index Scan", "Parent Relationship": "Outer", "Scan Direction": "Forward", "Index Name": "movie_id_movie_companies", "Relation Name": "movie_companies", "Alias": "mc", "Startup Cost": 10000000000.0, "Total Cost": 1000013051946.13, "Plan Rows": 2609128, "Plan Width": 8}, {"Node Type": "Materialize", "Parent Relationship": "Inner", "Startup Cost": 10000000000.0, "Total Cost": 1000001050564.82, "Plan Rows": 85170, "Plan Width": 4, "Plans": [{"Node Type": "Index Scan", "Parent Relationship": "Outer", "Scan Direction": "Forward", "Index Name": "company_name_pkey", "Relation Name": "company_name", "Alias": "cn", "Startup Cost": 10000000000.0, "Total Cost": 1000001050138.97, "Plan Rows": 85170, "Plan Width": 4, "Filter": "((country_code)::text = '[us]'::text)"}]}]}, {"Node Type": "Index Scan", "Parent Relationship": "Inner", "Scan Direction": "Forward", "Index Name": "title_pkey", "Relation Name": "title", "Alias": "t", "Startup Cost": 10000000000.0, "Total Cost": 1000011012048.91, "Plan Rows": 2528311, "Plan Width": 21}]}, {"Node Type": "Materialize", "Parent Relationship": "Inner", "Startup Cost": 40049897196.36, "Total Cost": 3721868009571.57, "Plan Rows": 1484588, "Plan Width": 20, "Plans": [{"Node Type": "Nested Loop", "Parent Relationship": "Outer", "Join Type": "Inner", "Startup Cost": 40049897196.36, "Total Cost": 3721868002148.63, "Plan Rows": 1484588, "Plan Width": 20, "Inner Unique": false, "Join Filter": "(ci.role_id = rt.id), (LLVM Optimized)", "Plans": [{"Node Type": "Index Scan", "Parent Relationship": "Outer", "Scan Direction": "Forward", "Index Name": "role_type_pkey", "Relation Name": "role_type", "Alias": "rt", "Startup Cost": 10000000000.0, "Total Cost": 1000000001246.0, "Plan Rows": 1, "Plan Width": 4, "Filter": "((role)::text = 'costume designer'::text)"}, {"Node Type": "Merge Join", "Parent Relationship": "Inner", "Join Type": "Inner", "Startup Cost": 30049897196.36, "Total Cost": 2721867796771.75, "Plan Rows": 16330470, "Plan Width": 24, "Inner Unique": false, "Merge Cond": "(an1.person_id = ci.person_id)", "Plans": [{"Node Type": "Merge Join", "Parent Relationship": "Outer", "Join Type": "Inner", "Startup Cost": 20030754356.47, "Total Cost": 2000002534968.85, "Plan Rows": 901342, "Plan Width": 24, "Inner Unique": true, "Merge Cond": "(an1.person_id = n1.id)", "Plans": [{"Node Type": "Index Scan", "Parent Relationship": "Outer", "Scan Direction": "Forward", "Index Name": "person_id_aka_name", "Relation Name": "aka_name", "Alias": "an1", "Startup Cost": 10000000000.0, "Total Cost": 1000006896503.43, "Plan Rows": 901342, "Plan Width": 20}, {"Node Type": "Index Only Scan", "Parent Relationship": "Inner", "Scan Direction": "Forward", "Index Name": "name_pkey", "Relation Name": "name", "Alias": "n1", "Startup Cost": 10000000000.0, "Total Cost": 1000012483260.0, "Plan Rows": 4167490, "Plan Width": 4}]}, {"Node Type": "Index Scan", "Parent Relationship": "Inner", "Scan Direction": "Forward", "Index Name": "person_id_cast_info", "Relation Name": "cast_info", "Alias": "ci", "Startup Cost": 10000000000.0, "Total Cost": 1000170648833.21, "Plan Rows": 36259494, "Plan Width": 12}]}]}]}]}]}, "Unique SQL Id": 2457761703, "Planner Runtime": 78}, "explain_analyze_plan": null}, "(1, '12')": {"explain_plan": {"Plan": {"Node Type": "Aggregate", "Strategy": "Plain", "Startup Cost": 589695.38, "Total Cost": 589695.39, "Plan Rows": 1, "Plan Width": 97, "Plans": [{"Node Type": "Hash Join", "Parent Relationship": "Outer", "Join Type": "Inner", "Startup Cost": 561014.71, "Total Cost": 587909.89, "Plan Rows": 357098, "Plan Width": 33, "Inner Unique": false, "Hash Cond": "(an1.person_id = n1.id), (LLVM Optimized)", "Plans": [{"Node Type": "Seq Scan", "Parent Relationship": "Outer", "Relation Name": "aka_name", "Alias": "an1", "Startup Cost": 0.0, "Total Cost": 19908.42, "Plan Rows": 901342, "Plan Width": 20}, {"Node Type": "Hash", "Parent Relationship": "Inner", "Startup Cost": 552133.97, "Total Cost": 552133.97, "Plan Rows": 710459, "Plan Width": 25, "Plans": [{"Node Type": "Hash Join", "Parent Relationship": "Outer", "Join Type": "Inner", "Startup Cost": 341891.88, "Total Cost": 552133.97, "Plan Rows": 710459, "Plan Width": 25, "Inner Unique": true, "Hash Cond": "(ci.person_id = n1.id), (LLVM Optimized)", "Plans": [{"Node Type": "Hash Join", "Parent Relationship": "Outer", "Join Type": "Inner", "Startup Cost": 196726.36, "Total Cost": 397199.64, "Plan Rows": 710459, "Plan Width": 21, "Inner Unique": false, "Hash Cond": "(ci.movie_id = t.id), (LLVM Optimized)", "Plans": [{"Node Type": "Nested Loop", "Parent Relationship": "Outer", "Join Type": "Inner", "Startup Cost": 0.0, "Total Cost": 171406.94, "Plan Rows": 3296318, "Plan Width": 8, "Inner Unique": false, "Plans": [{"Node Type": "Seq Scan", "Parent Relationship": "Outer", "Relation Name": "role_type", "Alias": "rt", "Startup Cost": 0.0, "Total Cost": 1.15, "Plan Rows": 1, "Plan Width": 4, "Filter": "((role)::text = 'costume designer'::text)"}, {"Node Type": "Index Scan", "Parent Relationship": "Inner", "Scan Direction": "Forward", "Index Name": "role_id_cast_info", "Relation Name": "cast_info", "Alias": "ci", "Startup Cost": 0.0, "Total Cost": 138442.61, "Plan Rows": 3296318, "Plan Width": 12, "Index Cond": "(role_id = rt.id), (LLVM Optimized)"}]}, {"Node Type": "Hash", "Parent Relationship": "Inner", "Startup Cost": 180697.47, "Total Cost": 180697.47, "Plan Rows": 1282311, "Plan Width": 25, "Plans": [{"Node Type": "Hash Join", "Parent Relationship": "Outer", "Join Type": "Inner", "Startup Cost": 98641.07, "Total Cost": 180697.47, "Plan Rows": 1282311, "Plan Width": 25, "Inner Unique": true, "Hash Cond": "(mc.movie_id = t.id), (LLVM Optimized)", "Plans": [{"Node Type": "Hash Join", "Parent Relationship": "Outer", "Join Type": "Inner", "Startup Cost": 6968.08, "Total Cost": 71392.69, "Plan Rows": 1282311, "Plan Width": 4, "Inner Unique": true, "Hash Cond": "(mc.company_id = cn.id), (LLVM Optimized)", "Plans": [{"Node Type": "Seq Scan", "Parent Relationship": "Outer", "Relation Name": "movie_companies", "Alias": "mc", "Startup Cost": 0.0, "Total Cost": 41817.28, "Plan Rows": 2609128, "Plan Width": 8}, {"Node Type": "Hash", "Parent Relationship": "Inner", "Startup Cost": 5903.45, "Total Cost": 5903.45, "Plan Rows": 85170, "Plan Width": 4, "Plans": [{"Node Type": "Seq Scan", "Parent Relationship": "Outer", "Relation Name": "company_name", "Alias": "cn", "Startup Cost": 0.0, "Total Cost": 5903.45, "Plan Rows": 85170, "Plan Width": 4, "Filter": "((country_code)::text = '[us]'::text)"}]}]}, {"Node Type": "Hash", "Parent Relationship": "Inner", "Startup Cost": 60069.11, "Total Cost": 60069.11, "Plan Rows": 2528311, "Plan Width": 21, "Plans": [{"Node Type": "Seq Scan", "Parent Relationship": "Outer", "Relation Name": "title", "Alias": "t", "Startup Cost": 0.0, "Total Cost": 60069.11, "Plan Rows": 2528311, "Plan Width": 21}]}]}]}]}, {"Node Type": "Hash", "Parent Relationship": "Inner", "Startup Cost": 93071.9, "Total Cost": 93071.9, "Plan Rows": 4167490, "Plan Width": 4, "Plans": [{"Node Type": "Seq Scan", "Parent Relationship": "Outer", "Relation Name": "name", "Alias": "n1", "Startup Cost": 0.0, "Total Cost": 93071.9, "Plan Rows": 4167490, "Plan Width": 4}]}]}]}]}]}, "Unique SQL Id": 2457761703, "Planner Runtime": 82}, "explain_analyze_plan": {"Plan": {"Node Type": "Aggregate", "Strategy": "Plain", "Startup Cost": 589695.38, "Total Cost": 589695.39, "Plan Rows": 1, "Plan Width": 97, "Actual Startup Time": 8818.757, "Actual Total Time": 8818.758, "Actual Rows": 1, "Actual Loops": 1, "Plans": [{"Node Type": "Hash Join", "Parent Relationship": "Outer", "Join Type": "Inner", "Startup Cost": 561014.71, "Total Cost": 587909.89, "Plan Rows": 357098, "Plan Width": 33, "Actual Startup Time": 8145.128, "Actual Total Time": 8674.859, "Actual Rows": 323005, "Actual Loops": 1, "Inner Unique": false, "Hash Cond": "(an1.person_id = n1.id), (LLVM Optimized, Jit Execute)", "Plans": [{"Node Type": "Seq Scan", "Parent Relationship": "Outer", "Relation Name": "aka_name", "Alias": "an1", "Startup Cost": 0.0, "Total Cost": 19908.42, "Plan Rows": 901342, "Plan Width": 20, "Actual Startup Time": 0.025, "Actual Total Time": 239.81, "Actual Rows": 901342, "Actual Loops": 1}, {"Node Type": "Hash", "Parent Relationship": "Inner", "Startup Cost": 552133.97, "Total Cost": 552133.97, "Plan Rows": 710459, "Plan Width": 25, "Actual Startup Time": 8138.334, "Actual Total Time": 8138.334, "Actual Rows": 285537, "Actual Loops": 1, "Hash Buckets": 1048576, "Hash Batches": 1, "Original Hash Batches": 1, "Peak Memory Usage": 15952, "Plans": [{"Node Type": "Hash Join", "Parent Relationship": "Outer", "Join Type": "Inner", "Startup Cost": 341891.88, "Total Cost": 552133.97, "Plan Rows": 710459, "Plan Width": 25, "Actual Startup Time": 7533.343, "Actual Total Time": 8053.886, "Actual Rows": 285537, "Actual Loops": 1, "Inner Unique": true, "Hash Cond": "(ci.person_id = n1.id), (LLVM Optimized, Jit Execute)", "Plans": [{"Node Type": "Hash Join", "Parent Relationship": "Outer", "Join Type": "Inner", "Startup Cost": 196726.36, "Total Cost": 397199.64, "Plan Rows": 710459, "Plan Width": 21, "Actual Startup Time": 4459.627, "Actual Total Time": 4870.581, "Actual Rows": 285537, "Actual Loops": 1, "Inner Unique": false, "Hash Cond": "(ci.movie_id = t.id), (LLVM Optimized, Jit Execute)", "Plans": [{"Node Type": "Nested Loop", "Parent Relationship": "Outer", "Join Type": "Inner", "Startup Cost": 0.0, "Total Cost": 171406.94, "Plan Rows": 3296318, "Plan Width": 8, "Actual Startup Time": 0.114, "Actual Total Time": 204.825, "Actual Rows": 276403, "Actual Loops": 1, "Inner Unique": false, "Plans": [{"Node Type": "Seq Scan", "Parent Relationship": "Outer", "Relation Name": "role_type", "Alias": "rt", "Startup Cost": 0.0, "Total Cost": 1.15, "Plan Rows": 1, "Plan Width": 4, "Actual Startup Time": 0.041, "Actual Total Time": 0.055, "Actual Rows": 1, "Actual Loops": 1, "Filter": "((role)::text = 'costume designer'::text)", "Rows Removed by Filter": 11}, {"Node Type": "Index Scan", "Parent Relationship": "Inner", "Scan Direction": "Forward", "Index Name": "role_id_cast_info", "Relation Name": "cast_info", "Alias": "ci", "Startup Cost": 0.0, "Total Cost": 138442.61, "Plan Rows": 3296318, "Plan Width": 12, "Actual Startup Time": 0.059, "Actual Total Time": 150.812, "Actual Rows": 276403, "Actual Loops": 1, "Index Cond": "(role_id = rt.id), (LLVM Optimized, Jit Execute)", "Rows Removed by Index Recheck": 0}]}, {"Node Type": "Hash", "Parent Relationship": "Inner", "Startup Cost": 180697.47, "Total Cost": 180697.47, "Plan Rows": 1282311, "Plan Width": 25, "Actual Startup Time": 4453.739, "Actual Total Time": 4453.739, "Actual Rows": 1153797, "Actual Loops": 1, "Hash Buckets": 2097152, "Hash Batches": 1, "Original Hash Batches": 1, "Peak Memory Usage": 68508, "Plans": [{"Node Type": "Hash Join", "Parent Relationship": "Outer", "Join Type": "Inner", "Startup Cost": 98641.07, "Total Cost": 180697.47, "Plan Rows": 1282311, "Plan Width": 25, "Actual Startup Time": 1827.854, "Actual Total Time": 3974.898, "Actual Rows": 1153797, "Actual Loops": 1, "Inner Unique": true, "Hash Cond": "(mc.movie_id = t.id), (LLVM Optimized, Jit Execute)", "Plans": [{"Node Type": "Hash Join", "Parent Relationship": "Outer", "Join Type": "Inner", "Startup Cost": 6968.08, "Total Cost": 71392.69, "Plan Rows": 1282311, "Plan Width": 4, "Actual Startup Time": 113.03, "Actual Total Time": 1555.125, "Actual Rows": 1153797, "Actual Loops": 1, "Inner Unique": true, "Hash Cond": "(mc.company_id = cn.id), (LLVM Optimized, Jit Execute)", "Plans": [{"Node Type": "Seq Scan", "Parent Relationship": "Outer", "Relation Name": "movie_companies", "Alias": "mc", "Startup Cost": 0.0, "Total Cost": 41817.28, "Plan Rows": 2609128, "Plan Width": 8, "Actual Startup Time": 0.03, "Actual Total Time": 611.128, "Actual Rows": 2609128, "Actual Loops": 1}, {"Node Type": "Hash", "Parent Relationship": "Inner", "Startup Cost": 5903.45, "Total Cost": 5903.45, "Plan Rows": 85170, "Plan Width": 4, "Actual Startup Time": 112.907, "Actual Total Time": 112.907, "Actual Rows": 84843, "Actual Loops": 1, "Hash Buckets": 131072, "Hash Batches": 1, "Original Hash Batches": 1, "Peak Memory Usage": 2983, "Plans": [{"Node Type": "Seq Scan", "Parent Relationship": "Outer", "Relation Name": "company_name", "Alias": "cn", "Startup Cost": 0.0, "Total Cost": 5903.45, "Plan Rows": 85170, "Plan Width": 4, "Actual Startup Time": 0.024, "Actual Total Time": 90.615, "Actual Rows": 84843, "Actual Loops": 1, "Filter": "((country_code)::text = '[us]'::text)", "Rows Removed by Filter": 150153}]}]}, {"Node Type": "Hash", "Parent Relationship": "Inner", "Startup Cost": 60069.11, "Total Cost": 60069.11, "Plan Rows": 2528311, "Plan Width": 21, "Actual Startup Time": 1712.366, "Actual Total Time": 1712.366, "Actual Rows": 2528311, "Actual Loops": 1, "Hash Buckets": 4194304, "Hash Batches": 1, "Original Hash Batches": 1, "Peak Memory Usage": 135869, "Plans": [{"Node Type": "Seq Scan", "Parent Relationship": "Outer", "Relation Name": "title", "Alias": "t", "Startup Cost": 0.0, "Total Cost": 60069.11, "Plan Rows": 2528311, "Plan Width": 21, "Actual Startup Time": 0.031, "Actual Total Time": 797.49, "Actual Rows": 2528311, "Actual Loops": 1}]}]}]}]}, {"Node Type": "Hash", "Parent Relationship": "Inner", "Startup Cost": 93071.9, "Total Cost": 93071.9, "Plan Rows": 4167490, "Plan Width": 4, "Actual Startup Time": 3070.895, "Actual Total Time": 3070.895, "Actual Rows": 4167490, "Actual Loops": 1, "Hash Buckets": 4194304, "Hash Batches": 1, "Original Hash Batches": 1, "Peak Memory Usage": 146514, "Plans": [{"Node Type": "Seq Scan", "Parent Relationship": "Outer", "Relation Name": "name", "Alias": "n1", "Startup Cost": 0.0, "Total Cost": 93071.9, "Plan Rows": 4167490, "Plan Width": 4, "Actual Startup Time": 0.06, "Actual Total Time": 1293.196, "Actual Rows": 4167490, "Actual Loops": 1}]}]}]}]}]}, "Triggers": [], "Planner Runtime": 82.375, "Total Runtime": 8832.037, "Unique SQL Id": 2457761703}}, "(1, '13')": {"explain_plan": {"Plan": {"Node Type": "Aggregate", "Strategy": "Plain", "Startup Cost": 772871.67, "Total Cost": 772871.68, "Plan Rows": 1, "Plan Width": 97, "Plans": [{"Node Type": "Nested Loop", "Parent Relationship": "Outer", "Join Type": "Inner", "Startup Cost": 599201.04, "Total Cost": 771086.18, "Plan Rows": 357098, "Plan Width": 33, "Inner Unique": true, "Join Filter": "(an1.person_id = n1.id), (LLVM Optimized)", "Plans": [{"Node Type": "Merge Join", "Parent Relationship": "Outer", "Join Type": "Inner", "Startup Cost": 599201.04, "Total Cost": 667567.53, "Plan Rows": 357098, "Plan Width": 41, "Inner Unique": false, "Merge Cond": "(ci.person_id = an1.person_id)", "Plans": [{"Node Type": "Sort", "Parent Relationship": "Outer", "Startup Cost": 599200.97, "Total Cost": 600977.12, "Plan Rows": 710459, "Plan Width": 21, "Sort Key": ["ci.person_id"], "Plans": [{"Node Type": "Hash Join", "Parent Relationship": "Outer", "Join Type": "Inner", "Startup Cost": 329665.48, "Total Cost": 530150.07, "Plan Rows": 710459, "Plan Width": 21, "Inner Unique": false, "Hash Cond": "(ci.movie_id = t.id), (LLVM Optimized)", "Plans": [{"Node Type": "Nested Loop", "Parent Relationship": "Outer", "Join Type": "Inner", "Startup Cost": 0.0, "Total Cost": 171418.25, "Plan Rows": 3296318, "Plan Width": 8, "Inner Unique": false, "Plans": [{"Node Type": "Index Scan", "Parent Relationship": "Outer", "Scan Direction": "Forward", "Index Name": "role_type_pkey", "Relation Name": "role_type", "Alias": "rt", "Startup Cost": 0.0, "Total Cost": 12.46, "Plan Rows": 1, "Plan Width": 4, "Filter": "((role)::text = 'costume designer'::text)"}, {"Node Type": "Index Scan", "Parent Relationship": "Inner", "Scan Direction": "Forward", "Index Name": "role_id_cast_info", "Relation Name": "cast_info", "Alias": "ci", "Startup Cost": 0.0, "Total Cost": 138442.61, "Plan Rows": 3296318, "Plan Width": 12, "Index Cond": "(role_id = rt.id), (LLVM Optimized)"}]}, {"Node Type": "Hash", "Parent Relationship": "Inner", "Startup Cost": 313636.59, "Total Cost": 313636.59, "Plan Rows": 1282311, "Plan Width": 25, "Plans": [{"Node Type": "Hash Join", "Parent Relationship": "Outer", "Join Type": "Inner", "Startup Cost": 11568.59, "Total Cost": 313636.59, "Plan Rows": 1282311, "Plan Width": 25, "Inner Unique": true, "Hash Cond": "(mc.company_id = cn.id), (LLVM Optimized)", "Plans": [{"Node Type": "Merge Join", "Parent Relationship": "Outer", "Join Type": "Inner", "Startup Cost": 2.58, "Total Cost": 279463.24, "Plan Rows": 2609128, "Plan Width": 29, "Inner Unique": false, "Merge Cond": "(t.id = mc.movie_id)", "Plans": [{"Node Type": "Index Scan", "Parent Relationship": "Outer", "Scan Direction": "Forward", "Index Name": "title_pkey", "Relation Name": "title", "Alias": "t", "Startup Cost": 0.0, "Total Cost": 110120.49, "Plan Rows": 2528311, "Plan Width": 21}, {"Node Type": "Index Scan", "Parent Relationship": "Inner", "Scan Direction": "Forward", "Index Name": "movie_id_movie_companies", "Relation Name": "movie_companies", "Alias": "mc", "Startup Cost": 0.0, "Total Cost": 130519.46, "Plan Rows": 2609128, "Plan Width": 8}]}, {"Node Type": "Hash", "Parent Relationship": "Inner", "Startup Cost": 10501.39, "Total Cost": 10501.39, "Plan Rows": 85170, "Plan Width": 4, "Plans": [{"Node Type": "Index Scan", "Parent Relationship": "Outer", "Scan Direction": "Forward", "Index Name": "company_name_pkey", "Relation Name": "company_name", "Alias": "cn", "Startup Cost": 0.0, "Total Cost": 10501.39, "Plan Rows": 85170, "Plan Width": 4, "Filter": "((country_code)::text = '[us]'::text)"}]}]}]}]}]}, {"Node Type": "Index Scan", "Parent Relationship": "Inner", "Scan Direction": "Forward", "Index Name": "person_id_aka_name", "Relation Name": "aka_name", "Alias": "an1", "Startup Cost": 0.0, "Total Cost": 68965.03, "Plan Rows": 901342, "Plan Width": 20}]}, {"Node Type": "Index Scan", "Parent Relationship": "Inner", "Scan Direction": "Forward", "Index Name": "name_pkey", "Relation Name": "name", "Alias": "n1", "Startup Cost": 0.0, "Total Cost": 0.28, "Plan Rows": 1, "Plan Width": 4, "Index Cond": "(id = ci.person_id)"}]}]}, "Unique SQL Id": 2457761703, "Planner Runtime": 74}, "explain_analyze_plan": {"Plan": {"Node Type": "Aggregate", "Strategy": "Plain", "Startup Cost": 772871.67, "Total Cost": 772871.68, "Plan Rows": 1, "Plan Width": 97, "Actual Startup Time": 10748.598, "Actual Total Time": 10748.598, "Actual Rows": 1, "Actual Loops": 1, "Plans": [{"Node Type": "Nested Loop", "Parent Relationship": "Outer", "Join Type": "Inner", "Startup Cost": 599201.04, "Total Cost": 771086.18, "Plan Rows": 357098, "Plan Width": 33, "Actual Startup Time": 8528.522, "Actual Total Time": 10558.44, "Actual Rows": 323005, "Actual Loops": 1, "Inner Unique": true, "Join Filter": "(an1.person_id = n1.id), (LLVM Optimized, Jit Execute)", "Rows Removed by Join Filter": 0, "Plans": [{"Node Type": "Merge Join", "Parent Relationship": "Outer", "Join Type": "Inner", "Startup Cost": 599201.04, "Total Cost": 667567.53, "Plan Rows": 357098, "Plan Width": 41, "Actual Startup Time": 8528.49, "Actual Total Time": 9473.274, "Actual Rows": 323005, "Actual Loops": 1, "Inner Unique": false, "Merge Cond": "(ci.person_id = an1.person_id)", "Plans": [{"Node Type": "Sort", "Parent Relationship": "Outer", "Startup Cost": 599200.97, "Total Cost": 600977.12, "Plan Rows": 710459, "Plan Width": 21, "Actual Startup Time": 8528.388, "Actual Total Time": 8577.48, "Actual Rows": 285537, "Actual Loops": 1, "Sort Key": ["ci.person_id"], "Sort Method": "quicksort", "Sort Space Used": 39613, "Sort Space Type": "Memory", "Plans": [{"Node Type": "Hash Join", "Parent Relationship": "Outer", "Join Type": "Inner", "Startup Cost": 329665.48, "Total Cost": 530150.07, "Plan Rows": 710459, "Plan Width": 21, "Actual Startup Time": 8060.002, "Actual Total Time": 8442.301, "Actual Rows": 285537, "Actual Loops": 1, "Inner Unique": false, "Hash Cond": "(ci.movie_id = t.id), (LLVM Optimized, Jit Execute)", "Plans": [{"Node Type": "Nested Loop", "Parent Relationship": "Outer", "Join Type": "Inner", "Startup Cost": 0.0, "Total Cost": 171418.25, "Plan Rows": 3296318, "Plan Width": 8, "Actual Startup Time": 0.079, "Actual Total Time": 192.76, "Actual Rows": 276403, "Actual Loops": 1, "Inner Unique": false, "Plans": [{"Node Type": "Index Scan", "Parent Relationship": "Outer", "Scan Direction": "Forward", "Index Name": "role_type_pkey", "Relation Name": "role_type", "Alias": "rt", "Startup Cost": 0.0, "Total Cost": 12.46, "Plan Rows": 1, "Plan Width": 4, "Actual Startup Time": 0.024, "Actual Total Time": 0.165, "Actual Rows": 1, "Actual Loops": 1, "Filter": "((role)::text = 'costume designer'::text)", "Rows Removed by Filter": 11}, {"Node Type": "Index Scan", "Parent Relationship": "Inner", "Scan Direction": "Forward", "Index Name": "role_id_cast_info", "Relation Name": "cast_info", "Alias": "ci", "Startup Cost": 0.0, "Total Cost": 138442.61, "Plan Rows": 3296318, "Plan Width": 12, "Actual Startup Time": 0.051, "Actual Total Time": 138.652, "Actual Rows": 276403, "Actual Loops": 1, "Index Cond": "(role_id = rt.id), (LLVM Optimized, Jit Execute)", "Rows Removed by Index Recheck": 0}]}, {"Node Type": "Hash", "Parent Relationship": "Inner", "Startup Cost": 313636.59, "Total Cost": 313636.59, "Plan Rows": 1282311, "Plan Width": 25, "Actual Startup Time": 8058.213, "Actual Total Time": 8058.213, "Actual Rows": 1153797, "Actual Loops": 1, "Hash Buckets": 2097152, "Hash Batches": 1, "Original Hash Batches": 1, "Peak Memory Usage": 68508, "Plans": [{"Node Type": "Hash Join", "Parent Relationship": "Outer", "Join Type": "Inner", "Startup Cost": 11568.59, "Total Cost": 313636.59, "Plan Rows": 1282311, "Plan Width": 25, "Actual Startup Time": 358.061, "Actual Total Time": 7566.765, "Actual Rows": 1153797, "Actual Loops": 1, "Inner Unique": true, "Hash Cond": "(mc.company_id = cn.id), (LLVM Optimized, Jit Execute)", "Plans": [{"Node Type": "Merge Join", "Parent Relationship": "Outer", "Join Type": "Inner", "Startup Cost": 2.58, "Total Cost": 279463.24, "Plan Rows": 2609128, "Plan Width": 29, "Actual Startup Time": 0.063, "Actual Total Time": 6367.231, "Actual Rows": 2609128, "Actual Loops": 1, "Inner Unique": false, "Merge Cond": "(t.id = mc.movie_id)", "Plans": [{"Node Type": "Index Scan", "Parent Relationship": "Outer", "Scan Direction": "Forward", "Index Name": "title_pkey", "Relation Name": "title", "Alias": "t", "Startup Cost": 0.0, "Total Cost": 110120.49, "Plan Rows": 2528311, "Plan Width": 21, "Actual Startup Time": 0.026, "Actual Total Time": 3057.199, "Actual Rows": 2525745, "Actual Loops": 1}, {"Node Type": "Index Scan", "Parent Relationship": "Inner", "Scan Direction": "Forward", "Index Name": "movie_id_movie_companies", "Relation Name": "movie_companies", "Alias": "mc", "Startup Cost": 0.0, "Total Cost": 130519.46, "Plan Rows": 2609128, "Plan Width": 8, "Actual Startup Time": 0.024, "Actual Total Time": 1795.744, "Actual Rows": 2609128, "Actual Loops": 1}]}, {"Node Type": "Hash", "Parent Relationship": "Inner", "Startup Cost": 10501.39, "Total Cost": 10501.39, "Plan Rows": 85170, "Plan Width": 4, "Actual Startup Time": 357.862, "Actual Total Time": 357.862, "Actual Rows": 84843, "Actual Loops": 1, "Hash Buckets": 131072, "Hash Batches": 1, "Original Hash Batches": 1, "Peak Memory Usage": 2983, "Plans": [{"Node Type": "Index Scan", "Parent Relationship": "Outer", "Scan Direction": "Forward", "Index Name": "company_name_pkey", "Relation Name": "company_name", "Alias": "cn", "Startup Cost": 0.0, "Total Cost": 10501.39, "Plan Rows": 85170, "Plan Width": 4, "Actual Startup Time": 0.032, "Actual Total Time": 329.513, "Actual Rows": 84843, "Actual Loops": 1, "Filter": "((country_code)::text = '[us]'::text)", "Rows Removed by Filter": 150153}]}]}]}]}]}, {"Node Type": "Index Scan", "Parent Relationship": "Inner", "Scan Direction": "Forward", "Index Name": "person_id_aka_name", "Relation Name": "aka_name", "Alias": "an1", "Startup Cost": 0.0, "Total Cost": 68965.03, "Plan Rows": 901342, "Plan Width": 20, "Actual Startup Time": 0.053, "Actual Total Time": 640.08, "Actual Rows": 1003872, "Actual Loops": 1}]}, {"Node Type": "Index Scan", "Parent Relationship": "Inner", "Scan Direction": "Forward", "Index Name": "name_pkey", "Relation Name": "name", "Alias": "n1", "Startup Cost": 0.0, "Total Cost": 0.28, "Plan Rows": 1, "Plan Width": 4, "Actual Startup Time": 830.476, "Actual Total Time": 830.476, "Actual Rows": 323005, "Actual Loops": 323005, "Index Cond": "(id = ci.person_id)", "Rows Removed by Index Recheck": 0}]}]}, "Triggers": [], "Planner Runtime": 74.625, "Total Runtime": 10759.325, "Unique SQL Id": 2457761703}}, "(1, '14')": {"explain_plan": {"Plan": {"Node Type": "Aggregate", "Strategy": "Plain", "Startup Cost": 1144362.67, "Total Cost": 1144362.68, "Plan Rows": 1, "Plan Width": 97, "Plans": [{"Node Type": "Hash Join", "Parent Relationship": "Outer", "Join Type": "Inner", "Startup Cost": 1115325.41, "Total Cost": 1142577.18, "Plan Rows": 357098, "Plan Width": 33, "Inner Unique": false, "Hash Cond": "(an1.person_id = n1.id), (LLVM Optimized)", "Plans": [{"Node Type": "Seq Scan", "Parent Relationship": "Outer", "Relation Name": "aka_name", "Alias": "an1", "Startup Cost": 0.0, "Total Cost": 19908.42, "Plan Rows": 901342, "Plan Width": 20}, {"Node Type": "Hash", "Parent Relationship": "Inner", "Startup Cost": 1106444.67, "Total Cost": 1106444.67, "Plan Rows": 710459, "Plan Width": 25, "Plans": [{"Node Type": "Hash Join", "Parent Relationship": "Outer", "Join Type": "Inner", "Startup Cost": 341893.04, "Total Cost": 1106444.67, "Plan Rows": 710459, "Plan Width": 25, "Inner Unique": true, "Hash Cond": "(ci.person_id = n1.id), (LLVM Optimized)", "Plans": [{"Node Type": "Hash Join", "Parent Relationship": "Outer", "Join Type": "Inner", "Startup Cost": 196727.52, "Total Cost": 951510.34, "Plan Rows": 710459, "Plan Width": 21, "Inner Unique": false, "Hash Cond": "(ci.movie_id = t.id), (LLVM Optimized)", "Plans": [{"Node Type": "Hash Join", "Parent Relationship": "Outer", "Join Type": "Inner", "Startup Cost": 1.16, "Total Cost": 725717.64, "Plan Rows": 3296318, "Plan Width": 8, "Inner Unique": true, "Hash Cond": "(ci.role_id = rt.id), (LLVM Optimized)", "Plans": [{"Node Type": "Seq Scan", "Parent Relationship": "Outer", "Relation Name": "cast_info", "Alias": "ci", "Startup Cost": 0.0, "Total Cost": 601877.94, "Plan Rows": 36259494, "Plan Width": 12}, {"Node Type": "Hash", "Parent Relationship": "Inner", "Startup Cost": 1.15, "Total Cost": 1.15, "Plan Rows": 1, "Plan Width": 4, "Plans": [{"Node Type": "Seq Scan", "Parent Relationship": "Outer", "Relation Name": "role_type", "Alias": "rt", "Startup Cost": 0.0, "Total Cost": 1.15, "Plan Rows": 1, "Plan Width": 4, "Filter": "((role)::text = 'costume designer'::text)"}]}]}, {"Node Type": "Hash", "Parent Relationship": "Inner", "Startup Cost": 180697.47, "Total Cost": 180697.47, "Plan Rows": 1282311, "Plan Width": 25, "Plans": [{"Node Type": "Hash Join", "Parent Relationship": "Outer", "Join Type": "Inner", "Startup Cost": 98641.07, "Total Cost": 180697.47, "Plan Rows": 1282311, "Plan Width": 25, "Inner Unique": true, "Hash Cond": "(mc.movie_id = t.id), (LLVM Optimized)", "Plans": [{"Node Type": "Hash Join", "Parent Relationship": "Outer", "Join Type": "Inner", "Startup Cost": 6968.08, "Total Cost": 71392.69, "Plan Rows": 1282311, "Plan Width": 4, "Inner Unique": true, "Hash Cond": "(mc.company_id = cn.id), (LLVM Optimized)", "Plans": [{"Node Type": "Seq Scan", "Parent Relationship": "Outer", "Relation Name": "movie_companies", "Alias": "mc", "Startup Cost": 0.0, "Total Cost": 41817.28, "Plan Rows": 2609128, "Plan Width": 8}, {"Node Type": "Hash", "Parent Relationship": "Inner", "Startup Cost": 5903.45, "Total Cost": 5903.45, "Plan Rows": 85170, "Plan Width": 4, "Plans": [{"Node Type": "Seq Scan", "Parent Relationship": "Outer", "Relation Name": "company_name", "Alias": "cn", "Startup Cost": 0.0, "Total Cost": 5903.45, "Plan Rows": 85170, "Plan Width": 4, "Filter": "((country_code)::text = '[us]'::text)"}]}]}, {"Node Type": "Hash", "Parent Relationship": "Inner", "Startup Cost": 60069.11, "Total Cost": 60069.11, "Plan Rows": 2528311, "Plan Width": 21, "Plans": [{"Node Type": "Seq Scan", "Parent Relationship": "Outer", "Relation Name": "title", "Alias": "t", "Startup Cost": 0.0, "Total Cost": 60069.11, "Plan Rows": 2528311, "Plan Width": 21}]}]}]}]}, {"Node Type": "Hash", "Parent Relationship": "Inner", "Startup Cost": 93071.9, "Total Cost": 93071.9, "Plan Rows": 4167490, "Plan Width": 4, "Plans": [{"Node Type": "Seq Scan", "Parent Relationship": "Outer", "Relation Name": "name", "Alias": "n1", "Startup Cost": 0.0, "Total Cost": 93071.9, "Plan Rows": 4167490, "Plan Width": 4}]}]}]}]}]}, "Unique SQL Id": 2457761703, "Planner Runtime": 60}, "explain_analyze_plan": null}, "(1, '15')": {"explain_plan": {"Plan": {"Node Type": "Aggregate", "Strategy": "Plain", "Startup Cost": 6752837631740.06, "Total Cost": 6752837631740.07, "Plan Rows": 1, "Plan Width": 97, "Plans": [{"Node Type": "Nested Loop", "Parent Relationship": "Outer", "Join Type": "Inner", "Startup Cost": 70071825122.57, "Total Cost": 6752837629954.57, "Plan Rows": 357098, "Plan Width": 33, "Inner Unique": false, "Join Filter": "(t.id = ci.movie_id), (LLVM Optimized)", "Plans": [{"Node Type": "Merge Join", "Parent Relationship": "Outer", "Join Type": "Inner", "Startup Cost": 30021927926.2, "Total Cost": 3002409653794.57, "Plan Rows": 1282311, "Plan Width": 25, "Inner Unique": true, "Merge Cond": "(mc.movie_id = t.id)", "Plans": [{"Node Type": "Nested Loop", "Parent Relationship": "Outer", "Join Type": "Inner", "Startup Cost": 20000000000.0, "Total Cost": 2003347393774.42, "Plan Rows": 1282311, "Plan Width": 4, "Inner Unique": true, "Join Filter": "(cn.id = mc.company_id), (LLVM Optimized)", "Plans": [{"Node Type": "Index Scan", "Parent Relationship": "Outer", "Scan Direction": "Forward", "Index Name": "movie_id_movie_companies", "Relation Name": "movie_companies", "Alias": "mc", "Startup Cost": 10000000000.0, "Total Cost": 1000013051946.13, "Plan Rows": 2609128, "Plan Width": 8}, {"Node Type": "Materialize", "Parent Relationship": "Inner", "Startup Cost": 10000000000.0, "Total Cost": 1000001050564.82, "Plan Rows": 85170, "Plan Width": 4, "Plans": [{"Node Type": "Index Scan", "Parent Relationship": "Outer", "Scan Direction": "Forward", "Index Name": "company_name_pkey", "Relation Name": "company_name", "Alias": "cn", "Startup Cost": 10000000000.0, "Total Cost": 1000001050138.97, "Plan Rows": 85170, "Plan Width": 4, "Filter": "((country_code)::text = '[us]'::text)"}]}]}, {"Node Type": "Index Scan", "Parent Relationship": "Inner", "Scan Direction": "Forward", "Index Name": "title_pkey", "Relation Name": "title", "Alias": "t", "Startup Cost": 10000000000.0, "Total Cost": 1000011012048.91, "Plan Rows": 2528311, "Plan Width": 21}]}, {"Node Type": "Materialize", "Parent Relationship": "Inner", "Startup Cost": 40049897196.36, "Total Cost": 3721872427028.45, "Plan Rows": 1484588, "Plan Width": 20, "Plans": [{"Node Type": "Nested Loop", "Parent Relationship": "Outer", "Join Type": "Inner", "Startup Cost": 40049897196.36, "Total Cost": 3721872419605.51, "Plan Rows": 1484588, "Plan Width": 20, "Inner Unique": false, "Join Filter": "(ci.role_id = rt.id), (LLVM Optimized)", "Plans": [{"Node Type": "Index Scan", "Parent Relationship": "Outer", "Scan Direction": "Forward", "Index Name": "role_type_pkey", "Relation Name": "role_type", "Alias": "rt", "Startup Cost": 10000000000.0, "Total Cost": 1000000001246.0, "Plan Rows": 1, "Plan Width": 4, "Filter": "((role)::text = 'costume designer'::text)"}, {"Node Type": "Merge Join", "Parent Relationship": "Inner", "Join Type": "Inner", "Startup Cost": 30049897196.36, "Total Cost": 2721872214228.63, "Plan Rows": 16330470, "Plan Width": 24, "Inner Unique": false, "Merge Cond": "(an1.person_id = ci.person_id)", "Plans": [{"Node Type": "Merge Join", "Parent Relationship": "Outer", "Join Type": "Inner", "Startup Cost": 20030754356.47, "Total Cost": 2000007674895.99, "Plan Rows": 901342, "Plan Width": 24, "Inner Unique": true, "Merge Cond": "(an1.person_id = n1.id)", "Plans": [{"Node Type": "Index Scan", "Parent Relationship": "Outer", "Scan Direction": "Forward", "Index Name": "person_id_aka_name", "Relation Name": "aka_name", "Alias": "an1", "Startup Cost": 10000000000.0, "Total Cost": 1000006896503.43, "Plan Rows": 901342, "Plan Width": 20}, {"Node Type": "Index Scan", "Parent Relationship": "Inner", "Scan Direction": "Forward", "Index Name": "name_pkey", "Relation Name": "name", "Alias": "n1", "Startup Cost": 10000000000.0, "Total Cost": 1000017623274.7, "Plan Rows": 4167490, "Plan Width": 4}]}, {"Node Type": "Index Scan", "Parent Relationship": "Inner", "Scan Direction": "Forward", "Index Name": "person_id_cast_info", "Relation Name": "cast_info", "Alias": "ci", "Startup Cost": 10000000000.0, "Total Cost": 1000170648833.21, "Plan Rows": 36259494, "Plan Width": 12}]}]}]}]}]}, "Unique SQL Id": 2457761703, "Planner Runtime": 77}, "explain_analyze_plan": null}, "(1, '16')": {"explain_plan": {"Plan": {"Node Type": "Aggregate", "Strategy": "Plain", "Startup Cost": 1194615.66, "Total Cost": 1194615.67, "Plan Rows": 1, "Plan Width": 97, "Plans": [{"Node Type": "Nested Loop", "Parent Relationship": "Outer", "Join Type": "Inner", "Startup Cost": 920804.93, "Total Cost": 1192830.17, "Plan Rows": 357098, "Plan Width": 33, "Inner Unique": true, "Join Filter": "(an1.person_id = n1.id), (LLVM Optimized)", "Plans": [{"Node Type": "Nested Loop", "Parent Relationship": "Outer", "Join Type": "Inner", "Startup Cost": 920804.93, "Total Cost": 1091336.23, "Plan Rows": 357098, "Plan Width": 41, "Inner Unique": true, "Plans": [{"Node Type": "Merge Join", "Parent Relationship": "Outer", "Join Type": "Inner", "Startup Cost": 920804.93, "Total Cost": 989533.89, "Plan Rows": 357379, "Plan Width": 32, "Inner Unique": false, "Merge Cond": "(an1.person_id = ci.person_id)", "Plans": [{"Node Type": "Index Scan", "Parent Relationship": "Outer", "Scan Direction": "Forward", "Index Name": "person_id_aka_name", "Relation Name": "aka_name", "Alias": "an1", "Startup Cost": 0.0, "Total Cost": 68965.03, "Plan Rows": 901342, "Plan Width": 20}, {"Node Type": "Sort", "Parent Relationship": "Inner", "Startup Cost": 920804.86, "Total Cost": 922582.4, "Plan Rows": 711018, "Plan Width": 12, "Sort Key": ["ci.person_id"], "Plans": [{"Node Type": "Merge Join", "Parent Relationship": "Outer", "Join Type": "Inner", "Startup Cost": 812099.84, "Total Cost": 851695.59, "Plan Rows": 711018, "Plan Width": 12, "Inner Unique": false, "Merge Cond": "(mc.movie_id = ci.movie_id)", "Plans": [{"Node Type": "Sort", "Parent Relationship": "Outer", "Startup Cost": 283826.21, "Total Cost": 287031.99, "Plan Rows": 1282311, "Plan Width": 4, "Sort Key": ["mc.movie_id"], "Plans": [{"Node Type": "Merge Join", "Parent Relationship": "Outer", "Join Type": "Inner", "Startup Cost": 3383.04, "Total Cost": 153733.74, "Plan Rows": 1282311, "Plan Width": 4, "Inner Unique": false, "Merge Cond": "(cn.id = mc.company_id)", "Plans": [{"Node Type": "Index Scan", "Parent Relationship": "Outer", "Scan Direction": "Forward", "Index Name": "company_name_pkey", "Relation Name": "company_name", "Alias": "cn", "Startup Cost": 0.0, "Total Cost": 10501.39, "Plan Rows": 85170, "Plan Width": 4, "Filter": "((country_code)::text = '[us]'::text)"}, {"Node Type": "Index Scan", "Parent Relationship": "Inner", "Scan Direction": "Forward", "Index Name": "company_id_movie_companies", "Relation Name": "movie_companies", "Alias": "mc", "Startup Cost": 0.0, "Total Cost": 123673.5, "Plan Rows": 2609128, "Plan Width": 8}]}]}, {"Node Type": "Sort", "Parent Relationship": "Inner", "Startup Cost": 528273.31, "Total Cost": 536514.11, "Plan Rows": 3296318, "Plan Width": 8, "Sort Key": ["ci.movie_id"], "Plans": [{"Node Type": "Nested Loop", "Parent Relationship": "Outer", "Join Type": "Inner", "Startup Cost": 0.0, "Total Cost": 171406.94, "Plan Rows": 3296318, "Plan Width": 8, "Inner Unique": false, "Plans": [{"Node Type": "Seq Scan", "Parent Relationship": "Outer", "Relation Name": "role_type", "Alias": "rt", "Startup Cost": 0.0, "Total Cost": 1.15, "Plan Rows": 1, "Plan Width": 4, "Filter": "((role)::text = 'costume designer'::text)"}, {"Node Type": "Index Scan", "Parent Relationship": "Inner", "Scan Direction": "Forward", "Index Name": "role_id_cast_info", "Relation Name": "cast_info", "Alias": "ci", "Startup Cost": 0.0, "Total Cost": 138442.61, "Plan Rows": 3296318, "Plan Width": 12, "Index Cond": "(role_id = rt.id), (LLVM Optimized)"}]}]}]}]}]}, {"Node Type": "Index Scan", "Parent Relationship": "Inner", "Scan Direction": "Forward", "Index Name": "title_pkey", "Relation Name": "title", "Alias": "t", "Startup Cost": 0.0, "Total Cost": 0.27, "Plan Rows": 1, "Plan Width": 21, "Index Cond": "(id = ci.movie_id)"}]}, {"Node Type": "Index Only Scan", "Parent Relationship": "Inner", "Scan Direction": "Forward", "Index Name": "name_pkey", "Relation Name": "name", "Alias": "n1", "Startup Cost": 0.0, "Total Cost": 0.27, "Plan Rows": 1, "Plan Width": 4, "Index Cond": "(id = ci.person_id)"}]}]}, "Unique SQL Id": 2457761703, "Planner Runtime": 42}, "explain_analyze_plan": {"Plan": {"Node Type": "Aggregate", "Strategy": "Plain", "Startup Cost": 1194615.66, "Total Cost": 1194615.67, "Plan Rows": 1, "Plan Width": 97, "Actual Startup Time": 8120.907, "Actual Total Time": 8120.908, "Actual Rows": 1, "Actual Loops": 1, "Plans": [{"Node Type": "Nested Loop", "Parent Relationship": "Outer", "Join Type": "Inner", "Startup Cost": 920804.93, "Total Cost": 1192830.17, "Plan Rows": 357098, "Plan Width": 33, "Actual Startup Time": 4997.233, "Actual Total Time": 7913.652, "Actual Rows": 323005, "Actual Loops": 1, "Inner Unique": true, "Join Filter": "(an1.person_id = n1.id), (LLVM Optimized, Jit Execute)", "Rows Removed by Join Filter": 0, "Plans": [{"Node Type": "Nested Loop", "Parent Relationship": "Outer", "Join Type": "Inner", "Startup Cost": 920804.93, "Total Cost": 1091336.23, "Plan Rows": 357098, "Plan Width": 41, "Actual Startup Time": 4997.141, "Actual Total Time": 7006.784, "Actual Rows": 323005, "Actual Loops": 1, "Inner Unique": true, "Plans": [{"Node Type": "Merge Join", "Parent Relationship": "Outer", "Join Type": "Inner", "Startup Cost": 920804.93, "Total Cost": 989533.89, "Plan Rows": 357379, "Plan Width": 32, "Actual Startup Time": 4997.101, "Actual Total Time": 5748.888, "Actual Rows": 323005, "Actual Loops": 1, "Inner Unique": false, "Merge Cond": "(an1.person_id = ci.person_id)", "Plans": [{"Node Type": "Index Scan", "Parent Relationship": "Outer", "Scan Direction": "Forward", "Index Name": "person_id_aka_name", "Relation Name": "aka_name", "Alias": "an1", "Startup Cost": 0.0, "Total Cost": 68965.03, "Plan Rows": 901342, "Plan Width": 20, "Actual Startup Time": 0.031, "Actual Total Time": 471.207, "Actual Rows": 688852, "Actual Loops": 1}, {"Node Type": "Sort", "Parent Relationship": "Inner", "Startup Cost": 920804.86, "Total Cost": 922582.4, "Plan Rows": 711018, "Plan Width": 12, "Actual Startup Time": 4997.011, "Actual Total Time": 5063.199, "Actual Rows": 445949, "Actual Loops": 1, "Sort Key": ["ci.person_id"], "Sort Method": "quicksort", "Sort Space Used": 39058, "Sort Space Type": "Memory", "Plans": [{"Node Type": "Merge Join", "Parent Relationship": "Outer", "Join Type": "Inner", "Startup Cost": 812099.84, "Total Cost": 851695.59, "Plan Rows": 711018, "Plan Width": 12, "Actual Startup Time": 4423.313, "Actual Total Time": 4909.137, "Actual Rows": 285537, "Actual Loops": 1, "Inner Unique": false, "Merge Cond": "(mc.movie_id = ci.movie_id)", "Plans": [{"Node Type": "Sort", "Parent Relationship": "Outer", "Startup Cost": 283826.21, "Total Cost": 287031.99, "Plan Rows": 1282311, "Plan Width": 4, "Actual Startup Time": 4146.803, "Actual Total Time": 4315.25, "Actual Rows": 1153797, "Actual Loops": 1, "Sort Key": ["mc.movie_id"], "Sort Method": "quicksort", "Sort Space Used": 121265, "Sort Space Type": "Memory", "Plans": [{"Node Type": "Merge Join", "Parent Relationship": "Outer", "Join Type": "Inner", "Startup Cost": 3383.04, "Total Cost": 153733.74, "Plan Rows": 1282311, "Plan Width": 4, "Actual Startup Time": 0.056, "Actual Total Time": 3711.929, "Actual Rows": 1153797, "Actual Loops": 1, "Inner Unique": false, "Merge Cond": "(cn.id = mc.company_id)", "Plans": [{"Node Type": "Index Scan", "Parent Relationship": "Outer", "Scan Direction": "Forward", "Index Name": "company_name_pkey", "Relation Name": "company_name", "Alias": "cn", "Startup Cost": 0.0, "Total Cost": 10501.39, "Plan Rows": 85170, "Plan Width": 4, "Actual Startup Time": 0.032, "Actual Total Time": 368.558, "Actual Rows": 84843, "Actual Loops": 1, "Filter": "((country_code)::text = '[us]'::text)", "Rows Removed by Filter": 150153}, {"Node Type": "Index Scan", "Parent Relationship": "Inner", "Scan Direction": "Forward", "Index Name": "company_id_movie_companies", "Relation Name": "movie_companies", "Alias": "mc", "Startup Cost": 0.0, "Total Cost": 123673.5, "Plan Rows": 2609128, "Plan Width": 8, "Actual Startup Time": 0.017, "Actual Total Time": 2784.716, "Actual Rows": 2609128, "Actual Loops": 1}]}]}, {"Node Type": "Sort", "Parent Relationship": "Inner", "Startup Cost": 528273.31, "Total Cost": 536514.11, "Plan Rows": 3296318, "Plan Width": 8, "Actual Startup Time": 276.493, "Actual Total Time": 329.911, "Actual Rows": 461759, "Actual Loops": 1, "Sort Key": ["ci.movie_id"], "Sort Method": "quicksort", "Sort Space Used": 29564, "Sort Space Type": "Memory", "Plans": [{"Node Type": "Nested Loop", "Parent Relationship": "Outer", "Join Type": "Inner", "Startup Cost": 0.0, "Total Cost": 171406.94, "Plan Rows": 3296318, "Plan Width": 8, "Actual Startup Time": 0.125, "Actual Total Time": 177.653, "Actual Rows": 276403, "Actual Loops": 1, "Inner Unique": false, "Plans": [{"Node Type": "Seq Scan", "Parent Relationship": "Outer", "Relation Name": "role_type", "Alias": "rt", "Startup Cost": 0.0, "Total Cost": 1.15, "Plan Rows": 1, "Plan Width": 4, "Actual Startup Time": 0.055, "Actual Total Time": 0.068, "Actual Rows": 1, "Actual Loops": 1, "Filter": "((role)::text = 'costume designer'::text)", "Rows Removed by Filter": 11}, {"Node Type": "Index Scan", "Parent Relationship": "Inner", "Scan Direction": "Forward", "Index Name": "role_id_cast_info", "Relation Name": "cast_info", "Alias": "ci", "Startup Cost": 0.0, "Total Cost": 138442.61, "Plan Rows": 3296318, "Plan Width": 12, "Actual Startup Time": 0.055, "Actual Total Time": 125.86, "Actual Rows": 276403, "Actual Loops": 1, "Index Cond": "(role_id = rt.id), (LLVM Optimized, Jit Execute)", "Rows Removed by Index Recheck": 0}]}]}]}]}]}, {"Node Type": "Index Scan", "Parent Relationship": "Inner", "Scan Direction": "Forward", "Index Name": "title_pkey", "Relation Name": "title", "Alias": "t", "Startup Cost": 0.0, "Total Cost": 0.27, "Plan Rows": 1, "Plan Width": 21, "Actual Startup Time": 1007.615, "Actual Total Time": 1007.615, "Actual Rows": 323005, "Actual Loops": 323005, "Index Cond": "(id = ci.movie_id)", "Rows Removed by Index Recheck": 0}]}, {"Node Type": "Index Only Scan", "Parent Relationship": "Inner", "Scan Direction": "Forward", "Index Name": "name_pkey", "Relation Name": "name", "Alias": "n1", "Startup Cost": 0.0, "Total Cost": 0.27, "Plan Rows": 1, "Plan Width": 4, "Actual Startup Time": 664.453, "Actual Total Time": 664.453, "Actual Rows": 323005, "Actual Loops": 323005, "Index Cond": "(id = ci.person_id)", "Rows Removed by Index Recheck": 0, "Heap Fetches": 0}]}]}, "Triggers": [], "Planner Runtime": 41.914, "Total Runtime": 8130.654, "Unique SQL Id": 2457761703}}, "(1, '17')": {"explain_plan": {"Plan": {"Node Type": "Aggregate", "Strategy": "Plain", "Startup Cost": 1194626.97, "Total Cost": 1194626.98, "Plan Rows": 1, "Plan Width": 97, "Plans": [{"Node Type": "Nested Loop", "Parent Relationship": "Outer", "Join Type": "Inner", "Startup Cost": 920816.24, "Total Cost": 1192841.48, "Plan Rows": 357098, "Plan Width": 33, "Inner Unique": true, "Join Filter": "(an1.person_id = n1.id), (LLVM Optimized)", "Plans": [{"Node Type": "Nested Loop", "Parent Relationship": "Outer", "Join Type": "Inner", "Startup Cost": 920816.24, "Total Cost": 1091347.54, "Plan Rows": 357098, "Plan Width": 41, "Inner Unique": true, "Plans": [{"Node Type": "Merge Join", "Parent Relationship": "Outer", "Join Type": "Inner", "Startup Cost": 920816.24, "Total Cost": 989545.2, "Plan Rows": 357379, "Plan Width": 32, "Inner Unique": false, "Merge Cond": "(ci.person_id = an1.person_id)", "Plans": [{"Node Type": "Sort", "Parent Relationship": "Outer", "Startup Cost": 920816.17, "Total Cost": 922593.71, "Plan Rows": 711018, "Plan Width": 12, "Sort Key": ["ci.person_id"], "Plans": [{"Node Type": "Merge Join", "Parent Relationship": "Outer", "Join Type": "Inner", "Startup Cost": 812111.15, "Total Cost": 851706.9, "Plan Rows": 711018, "Plan Width": 12, "Inner Unique": false, "Merge Cond": "(mc.movie_id = ci.movie_id)", "Plans": [{"Node Type": "Sort", "Parent Relationship": "Outer", "Startup Cost": 283826.21, "Total Cost": 287031.99, "Plan Rows": 1282311, "Plan Width": 4, "Sort Key": ["mc.movie_id"], "Plans": [{"Node Type": "Merge Join", "Parent Relationship": "Outer", "Join Type": "Inner", "Startup Cost": 3383.04, "Total Cost": 153733.74, "Plan Rows": 1282311, "Plan Width": 4, "Inner Unique": false, "Merge Cond": "(cn.id = mc.company_id)", "Plans": [{"Node Type": "Index Scan", "Parent Relationship": "Outer", "Scan Direction": "Forward", "Index Name": "company_name_pkey", "Relation Name": "company_name", "Alias": "cn", "Startup Cost": 0.0, "Total Cost": 10501.39, "Plan Rows": 85170, "Plan Width": 4, "Filter": "((country_code)::text = '[us]'::text)"}, {"Node Type": "Index Scan", "Parent Relationship": "Inner", "Scan Direction": "Forward", "Index Name": "company_id_movie_companies", "Relation Name": "movie_companies", "Alias": "mc", "Startup Cost": 0.0, "Total Cost": 123673.5, "Plan Rows": 2609128, "Plan Width": 8}]}]}, {"Node Type": "Sort", "Parent Relationship": "Inner", "Startup Cost": 528284.62, "Total Cost": 536525.42, "Plan Rows": 3296318, "Plan Width": 8, "Sort Key": ["ci.movie_id"], "Plans": [{"Node Type": "Nested Loop", "Parent Relationship": "Outer", "Join Type": "Inner", "Startup Cost": 0.0, "Total Cost": 171418.25, "Plan Rows": 3296318, "Plan Width": 8, "Inner Unique": false, "Plans": [{"Node Type": "Index Scan", "Parent Relationship": "Outer", "Scan Direction": "Forward", "Index Name": "role_type_pkey", "Relation Name": "role_type", "Alias": "rt", "Startup Cost": 0.0, "Total Cost": 12.46, "Plan Rows": 1, "Plan Width": 4, "Filter": "((role)::text = 'costume designer'::text)"}, {"Node Type": "Index Scan", "Parent Relationship": "Inner", "Scan Direction": "Forward", "Index Name": "role_id_cast_info", "Relation Name": "cast_info", "Alias": "ci", "Startup Cost": 0.0, "Total Cost": 138442.61, "Plan Rows": 3296318, "Plan Width": 12, "Index Cond": "(role_id = rt.id), (LLVM Optimized)"}]}]}]}]}, {"Node Type": "Index Scan", "Parent Relationship": "Inner", "Scan Direction": "Forward", "Index Name": "person_id_aka_name", "Relation Name": "aka_name", "Alias": "an1", "Startup Cost": 0.0, "Total Cost": 68965.03, "Plan Rows": 901342, "Plan Width": 20}]}, {"Node Type": "Index Scan", "Parent Relationship": "Inner", "Scan Direction": "Forward", "Index Name": "title_pkey", "Relation Name": "title", "Alias": "t", "Startup Cost": 0.0, "Total Cost": 0.27, "Plan Rows": 1, "Plan Width": 21, "Index Cond": "(id = ci.movie_id)"}]}, {"Node Type": "Index Only Scan", "Parent Relationship": "Inner", "Scan Direction": "Forward", "Index Name": "name_pkey", "Relation Name": "name", "Alias": "n1", "Startup Cost": 0.0, "Total Cost": 0.27, "Plan Rows": 1, "Plan Width": 4, "Index Cond": "(id = ci.person_id)"}]}]}, "Unique SQL Id": 2457761703, "Planner Runtime": 39}, "explain_analyze_plan": {"Plan": {"Node Type": "Aggregate", "Strategy": "Plain", "Startup Cost": 1194626.97, "Total Cost": 1194626.98, "Plan Rows": 1, "Plan Width": 97, "Actual Startup Time": 8701.391, "Actual Total Time": 8701.392, "Actual Rows": 1, "Actual Loops": 1, "Plans": [{"Node Type": "Nested Loop", "Parent Relationship": "Outer", "Join Type": "Inner", "Startup Cost": 920816.24, "Total Cost": 1192841.48, "Plan Rows": 357098, "Plan Width": 33, "Actual Startup Time": 5217.158, "Actual Total Time": 8490.389, "Actual Rows": 323005, "Actual Loops": 1, "Inner Unique": true, "Join Filter": "(an1.person_id = n1.id), (LLVM Optimized, Jit Execute)", "Rows Removed by Join Filter": 0, "Plans": [{"Node Type": "Nested Loop", "Parent Relationship": "Outer", "Join Type": "Inner", "Startup Cost": 920816.24, "Total Cost": 1091347.54, "Plan Rows": 357098, "Plan Width": 41, "Actual Startup Time": 5217.138, "Actual Total Time": 7583.598, "Actual Rows": 323005, "Actual Loops": 1, "Inner Unique": true, "Plans": [{"Node Type": "Merge Join", "Parent Relationship": "Outer", "Join Type": "Inner", "Startup Cost": 920816.24, "Total Cost": 989545.2, "Plan Rows": 357379, "Plan Width": 32, "Actual Startup Time": 5217.107, "Actual Total Time": 6308.247, "Actual Rows": 323005, "Actual Loops": 1, "Inner Unique": false, "Merge Cond": "(ci.person_id = an1.person_id)", "Plans": [{"Node Type": "Sort", "Parent Relationship": "Outer", "Startup Cost": 920816.17, "Total Cost": 922593.71, "Plan Rows": 711018, "Plan Width": 12, "Actual Startup Time": 5216.995, "Actual Total Time": 5281.51, "Actual Rows": 285537, "Actual Loops": 1, "Sort Key": ["ci.person_id"], "Sort Method": "quicksort", "Sort Space Used": 39058, "Sort Space Type": "Memory", "Plans": [{"Node Type": "Merge Join", "Parent Relationship": "Outer", "Join Type": "Inner", "Startup Cost": 812111.15, "Total Cost": 851706.9, "Plan Rows": 711018, "Plan Width": 12, "Actual Startup Time": 4647.938, "Actual Total Time": 5130.223, "Actual Rows": 285537, "Actual Loops": 1, "Inner Unique": false, "Merge Cond": "(mc.movie_id = ci.movie_id)", "Plans": [{"Node Type": "Sort", "Parent Relationship": "Outer", "Startup Cost": 283826.21, "Total Cost": 287031.99, "Plan Rows": 1282311, "Plan Width": 4, "Actual Startup Time": 4359.891, "Actual Total Time": 4517.837, "Actual Rows": 1153797, "Actual Loops": 1, "Sort Key": ["mc.movie_id"], "Sort Method": "quicksort", "Sort Space Used": 121265, "Sort Space Type": "Memory", "Plans": [{"Node Type": "Merge Join", "Parent Relationship": "Outer", "Join Type": "Inner", "Startup Cost": 3383.04, "Total Cost": 153733.74, "Plan Rows": 1282311, "Plan Width": 4, "Actual Startup Time": 0.108, "Actual Total Time": 3916.645, "Actual Rows": 1153797, "Actual Loops": 1, "Inner Unique": false, "Merge Cond": "(cn.id = mc.company_id)", "Plans": [{"Node Type": "Index Scan", "Parent Relationship": "Outer", "Scan Direction": "Forward", "Index Name": "company_name_pkey", "Relation Name": "company_name", "Alias": "cn", "Startup Cost": 0.0, "Total Cost": 10501.39, "Plan Rows": 85170, "Plan Width": 4, "Actual Startup Time": 0.065, "Actual Total Time": 344.843, "Actual Rows": 84843, "Actual Loops": 1, "Filter": "((country_code)::text = '[us]'::text)", "Rows Removed by Filter": 150153}, {"Node Type": "Index Scan", "Parent Relationship": "Inner", "Scan Direction": "Forward", "Index Name": "company_id_movie_companies", "Relation Name": "movie_companies", "Alias": "mc", "Startup Cost": 0.0, "Total Cost": 123673.5, "Plan Rows": 2609128, "Plan Width": 8, "Actual Startup Time": 0.034, "Actual Total Time": 3014.989, "Actual Rows": 2609128, "Actual Loops": 1}]}]}, {"Node Type": "Sort", "Parent Relationship": "Inner", "Startup Cost": 528284.62, "Total Cost": 536525.42, "Plan Rows": 3296318, "Plan Width": 8, "Actual Startup Time": 287.964, "Actual Total Time": 345.865, "Actual Rows": 461759, "Actual Loops": 1, "Sort Key": ["ci.movie_id"], "Sort Method": "quicksort", "Sort Space Used": 29564, "Sort Space Type": "Memory", "Plans": [{"Node Type": "Nested Loop", "Parent Relationship": "Outer", "Join Type": "Inner", "Startup Cost": 0.0, "Total Cost": 171418.25, "Plan Rows": 3296318, "Plan Width": 8, "Actual Startup Time": 0.127, "Actual Total Time": 188.449, "Actual Rows": 276403, "Actual Loops": 1, "Inner Unique": false, "Plans": [{"Node Type": "Index Scan", "Parent Relationship": "Outer", "Scan Direction": "Forward", "Index Name": "role_type_pkey", "Relation Name": "role_type", "Alias": "rt", "Startup Cost": 0.0, "Total Cost": 12.46, "Plan Rows": 1, "Plan Width": 4, "Actual Startup Time": 0.074, "Actual Total Time": 0.087, "Actual Rows": 1, "Actual Loops": 1, "Filter": "((role)::text = 'costume designer'::text)", "Rows Removed by Filter": 11}, {"Node Type": "Index Scan", "Parent Relationship": "Inner", "Scan Direction": "Forward", "Index Name": "role_id_cast_info", "Relation Name": "cast_info", "Alias": "ci", "Startup Cost": 0.0, "Total Cost": 138442.61, "Plan Rows": 3296318, "Plan Width": 12, "Actual Startup Time": 0.04, "Actual Total Time": 136.83, "Actual Rows": 276403, "Actual Loops": 1, "Index Cond": "(role_id = rt.id), (LLVM Optimized, Jit Execute)", "Rows Removed by Index Recheck": 0}]}]}]}]}, {"Node Type": "Index Scan", "Parent Relationship": "Inner", "Scan Direction": "Forward", "Index Name": "person_id_aka_name", "Relation Name": "aka_name", "Alias": "an1", "Startup Cost": 0.0, "Total Cost": 68965.03, "Plan Rows": 901342, "Plan Width": 20, "Actual Startup Time": 0.066, "Actual Total Time": 759.491, "Actual Rows": 1003872, "Actual Loops": 1}]}, {"Node Type": "Index Scan", "Parent Relationship": "Inner", "Scan Direction": "Forward", "Index Name": "title_pkey", "Relation Name": "title", "Alias": "t", "Startup Cost": 0.0, "Total Cost": 0.27, "Plan Rows": 1, "Plan Width": 21, "Actual Startup Time": 1028.829, "Actual Total Time": 1028.829, "Actual Rows": 323005, "Actual Loops": 323005, "Index Cond": "(id = ci.movie_id)", "Rows Removed by Index Recheck": 0}]}, {"Node Type": "Index Only Scan", "Parent Relationship": "Inner", "Scan Direction": "Forward", "Index Name": "name_pkey", "Relation Name": "name", "Alias": "n1", "Startup Cost": 0.0, "Total Cost": 0.27, "Plan Rows": 1, "Plan Width": 4, "Actual Startup Time": 663.989, "Actual Total Time": 663.989, "Actual Rows": 323005, "Actual Loops": 323005, "Index Cond": "(id = ci.person_id)", "Rows Removed by Index Recheck": 0, "Heap Fetches": 0}]}]}, "Triggers": [], "Planner Runtime": 38.892, "Total Runtime": 8711.392, "Unique SQL Id": 2457761703}}, "(1, '18')": {"explain_plan": {"Plan": {"Node Type": "Aggregate", "Strategy": "Plain", "Startup Cost": 2392979.77, "Total Cost": 2392979.78, "Plan Rows": 1, "Plan Width": 97, "Plans": [{"Node Type": "Merge Join", "Parent Relationship": "Outer", "Join Type": "Inner", "Startup Cost": 2355249.79, "Total Cost": 2391194.28, "Plan Rows": 357098, "Plan Width": 33, "Inner Unique": true, "Merge Cond": "(an1.person_id = n1.id)", "Plans": [{"Node Type": "Merge Join", "Parent Relationship": "Outer", "Join Type": "Inner", "Startup Cost": 1803946.44, "Total Cost": 1814590.46, "Plan Rows": 357098, "Plan Width": 41, "Inner Unique": false, "Merge Cond": "(ci.person_id = an1.person_id)", "Plans": [{"Node Type": "Sort", "Parent Relationship": "Outer", "Startup Cost": 1694887.5, "Total Cost": 1696663.64, "Plan Rows": 710459, "Plan Width": 21, "Sort Key": ["ci.person_id"], "Plans": [{"Node Type": "Merge Join", "Parent Relationship": "Outer", "Join Type": "Inner", "Startup Cost": 1564728.72, "Total Cost": 1625836.59, "Plan Rows": 710459, "Plan Width": 21, "Inner Unique": true, "Merge Cond": "(ci.movie_id = t.id)", "Plans": [{"Node Type": "Merge Join", "Parent Relationship": "Outer", "Join Type": "Inner", "Startup Cost": 1235776.7, "Total Cost": 1275372.45, "Plan Rows": 711018, "Plan Width": 12, "Inner Unique": false, "Merge Cond": "(mc.movie_id = ci.movie_id)", "Plans": [{"Node Type": "Sort", "Parent Relationship": "Outer", "Startup Cost": 489151.99, "Total Cost": 492357.77, "Plan Rows": 1282311, "Plan Width": 4, "Sort Key": ["mc.movie_id"], "Plans": [{"Node Type": "Merge Join", "Parent Relationship": "Outer", "Join Type": "Inner", "Startup Cost": 333103.9, "Total Cost": 359059.52, "Plan Rows": 1282311, "Plan Width": 4, "Inner Unique": false, "Merge Cond": "(cn.id = mc.company_id)", "Plans": [{"Node Type": "Sort", "Parent Relationship": "Outer", "Startup Cost": 12878.05, "Total Cost": 13090.97, "Plan Rows": 85170, "Plan Width": 4, "Sort Key": ["cn.id"], "Plans": [{"Node Type": "Seq Scan", "Parent Relationship": "Outer", "Relation Name": "company_name", "Alias": "cn", "Startup Cost": 0.0, "Total Cost": 5903.45, "Plan Rows": 85170, "Plan Width": 4, "Filter": "((country_code)::text = '[us]'::text)"}]}, {"Node Type": "Sort", "Parent Relationship": "Inner", "Startup Cost": 319886.87, "Total Cost": 326409.69, "Plan Rows": 2609128, "Plan Width": 8, "Sort Key": ["mc.company_id"], "Plans": [{"Node Type": "Seq Scan", "Parent Relationship": "Outer", "Relation Name": "movie_companies", "Alias": "mc", "Startup Cost": 0.0, "Total Cost": 41817.28, "Plan Rows": 2609128, "Plan Width": 8}]}]}]}, {"Node Type": "Sort", "Parent Relationship": "Inner", "Startup Cost": 746624.39, "Total Cost": 754865.19, "Plan Rows": 3296318, "Plan Width": 8, "Sort Key": ["ci.movie_id"], "Plans": [{"Node Type": "Nested Loop", "Parent Relationship": "Outer", "Join Type": "Inner", "Startup Cost": 76306.71, "Total Cost": 389758.02, "Plan Rows": 3296318, "Plan Width": 8, "Inner Unique": false, "Plans": [{"Node Type": "Seq Scan", "Parent Relationship": "Outer", "Relation Name": "role_type", "Alias": "rt", "Startup Cost": 0.0, "Total Cost": 1.15, "Plan Rows": 1, "Plan Width": 4, "Filter": "((role)::text = 'costume designer'::text)"}, {"Node Type": "Bitmap Heap Scan", "Parent Relationship": "Inner", "Relation Name": "cast_info", "Alias": "ci", "Startup Cost": 76306.71, "Total Cost": 356793.69, "Plan Rows": 3296318, "Plan Width": 12, "Recheck Cond": "(role_id = rt.id), (LLVM Optimized)", "Plans": [{"Node Type": "Bitmap Index Scan", "Parent Relationship": "Outer", "Index Name": "role_id_cast_info", "Startup Cost": 0.0, "Total Cost": 75482.63, "Plan Rows": 3296318, "Plan Width": 0, "Index Cond": "(role_id = rt.id)"}]}]}]}]}, {"Node Type": "Sort", "Parent Relationship": "Inner", "Startup Cost": 328951.73, "Total Cost": 335272.51, "Plan Rows": 2528311, "Plan Width": 21, "Sort Key": ["t.id"], "Plans": [{"Node Type": "Seq Scan", "Parent Relationship": "Outer", "Relation Name": "title", "Alias": "t", "Startup Cost": 0.0, "Total Cost": 60069.11, "Plan Rows": 2528311, "Plan Width": 21}]}]}]}, {"Node Type": "Sort", "Parent Relationship": "Inner", "Startup Cost": 109058.87, "Total Cost": 111312.23, "Plan Rows": 901342, "Plan Width": 20, "Sort Key": ["an1.person_id"], "Plans": [{"Node Type": "Seq Scan", "Parent Relationship": "Outer", "Relation Name": "aka_name", "Alias": "an1", "Startup Cost": 0.0, "Total Cost": 19908.42, "Plan Rows": 901342, "Plan Width": 20}]}]}, {"Node Type": "Sort", "Parent Relationship": "Inner", "Startup Cost": 551303.0, "Total Cost": 561721.72, "Plan Rows": 4167490, "Plan Width": 4, "Sort Key": ["n1.id"], "Plans": [{"Node Type": "Seq Scan", "Parent Relationship": "Outer", "Relation Name": "name", "Alias": "n1", "Startup Cost": 0.0, "Total Cost": 93071.9, "Plan Rows": 4167490, "Plan Width": 4}]}]}]}, "Unique SQL Id": 2457761703, "Planner Runtime": 37}, "explain_analyze_plan": {"Plan": {"Node Type": "Aggregate", "Strategy": "Plain", "Startup Cost": 2392979.77, "Total Cost": 2392979.78, "Plan Rows": 1, "Plan Width": 97, "Actual Startup Time": 12013.89, "Actual Total Time": 12013.891, "Actual Rows": 1, "Actual Loops": 1, "Plans": [{"Node Type": "Merge Join", "Parent Relationship": "Outer", "Join Type": "Inner", "Startup Cost": 2355249.79, "Total Cost": 2391194.28, "Plan Rows": 357098, "Plan Width": 33, "Actual Startup Time": 10445.703, "Actual Total Time": 11855.625, "Actual Rows": 323005, "Actual Loops": 1, "Inner Unique": true, "Merge Cond": "(an1.person_id = n1.id)", "Plans": [{"Node Type": "Merge Join", "Parent Relationship": "Outer", "Join Type": "Inner", "Startup Cost": 1803946.44, "Total Cost": 1814590.46, "Plan Rows": 357098, "Plan Width": 41, "Actual Startup Time": 7710.514, "Actual Total Time": 8114.715, "Actual Rows": 323005, "Actual Loops": 1, "Inner Unique": false, "Merge Cond": "(ci.person_id = an1.person_id)", "Plans": [{"Node Type": "Sort", "Parent Relationship": "Outer", "Startup Cost": 1694887.5, "Total Cost": 1696663.64, "Plan Rows": 710459, "Plan Width": 21, "Actual Startup Time": 7083.208, "Actual Total Time": 7137.723, "Actual Rows": 285537, "Actual Loops": 1, "Sort Key": ["ci.person_id"], "Sort Method": "quicksort", "Sort Space Used": 39613, "Sort Space Type": "Memory", "Plans": [{"Node Type": "Merge Join", "Parent Relationship": "Outer", "Join Type": "Inner", "Startup Cost": 1564728.72, "Total Cost": 1625836.59, "Plan Rows": 710459, "Plan Width": 21, "Actual Startup Time": 5276.652, "Actual Total Time": 6983.654, "Actual Rows": 285537, "Actual Loops": 1, "Inner Unique": true, "Merge Cond": "(ci.movie_id = t.id)", "Plans": [{"Node Type": "Merge Join", "Parent Relationship": "Outer", "Join Type": "Inner", "Startup Cost": 1235776.7, "Total Cost": 1275372.45, "Plan Rows": 711018, "Plan Width": 12, "Actual Startup Time": 3449.81, "Actual Total Time": 4054.903, "Actual Rows": 285537, "Actual Loops": 1, "Inner Unique": false, "Merge Cond": "(mc.movie_id = ci.movie_id)", "Plans": [{"Node Type": "Sort", "Parent Relationship": "Outer", "Startup Cost": 489151.99, "Total Cost": 492357.77, "Plan Rows": 1282311, "Plan Width": 4, "Actual Startup Time": 3201.297, "Actual Total Time": 3470.562, "Actual Rows": 1153797, "Actual Loops": 1, "Sort Key": ["mc.movie_id"], "Sort Method": "quicksort", "Sort Space Used": 121265, "Sort Space Type": "Memory", "Plans": [{"Node Type": "Merge Join", "Parent Relationship": "Outer", "Join Type": "Inner", "Startup Cost": 333103.9, "Total Cost": 359059.52, "Plan Rows": 1282311, "Plan Width": 4, "Actual Startup Time": 1728.805, "Actual Total Time": 2781.395, "Actual Rows": 1153797, "Actual Loops": 1, "Inner Unique": false, "Merge Cond": "(cn.id = mc.company_id)", "Plans": [{"Node Type": "Sort", "Parent Relationship": "Outer", "Startup Cost": 12878.05, "Total Cost": 13090.97, "Plan Rows": 85170, "Plan Width": 4, "Actual Startup Time": 118.443, "Actual Total Time": 132.948, "Actual Rows": 84843, "Actual Loops": 1, "Sort Key": ["cn.id"], "Sort Method": "quicksort", "Sort Space Used": 8375, "Sort Space Type": "Memory", "Plans": [{"Node Type": "Seq Scan", "Parent Relationship": "Outer", "Relation Name": "company_name", "Alias": "cn", "Startup Cost": 0.0, "Total Cost": 5903.45, "Plan Rows": 85170, "Plan Width": 4, "Actual Startup Time": 0.036, "Actual Total Time": 87.768, "Actual Rows": 84843, "Actual Loops": 1, "Filter": "((country_code)::text = '[us]'::text)", "Rows Removed by Filter": 150153}]}, {"Node Type": "Sort", "Parent Relationship": "Inner", "Startup Cost": 319886.87, "Total Cost": 326409.69, "Plan Rows": 2609128, "Plan Width": 8, "Actual Startup Time": 1610.345, "Actual Total Time": 2141.283, "Actual Rows": 2609128, "Actual Loops": 1, "Sort Key": ["mc.company_id"], "Sort Method": "quicksort", "Sort Space Used": 261375, "Sort Space Type": "Memory", "Plans": [{"Node Type": "Seq Scan", "Parent Relationship": "Outer", "Relation Name": "movie_companies", "Alias": "mc", "Startup Cost": 0.0, "Total Cost": 41817.28, "Plan Rows": 2609128, "Plan Width": 8, "Actual Startup Time": 0.044, "Actual Total Time": 728.453, "Actual Rows": 2609128, "Actual Loops": 1}]}]}]}, {"Node Type": "Sort", "Parent Relationship": "Inner", "Startup Cost": 746624.39, "Total Cost": 754865.19, "Plan Rows": 3296318, "Plan Width": 8, "Actual Startup Time": 248.493, "Actual Total Time": 323.537, "Actual Rows": 461759, "Actual Loops": 1, "Sort Key": ["ci.movie_id"], "Sort Method": "quicksort", "Sort Space Used": 29564, "Sort Space Type": "Memory", "Plans": [{"Node Type": "Nested Loop", "Parent Relationship": "Outer", "Join Type": "Inner", "Startup Cost": 76306.71, "Total Cost": 389758.02, "Plan Rows": 3296318, "Plan Width": 8, "Actual Startup Time": 33.973, "Actual Total Time": 155.892, "Actual Rows": 276403, "Actual Loops": 1, "Inner Unique": false, "Plans": [{"Node Type": "Seq Scan", "Parent Relationship": "Outer", "Relation Name": "role_type", "Alias": "rt", "Startup Cost": 0.0, "Total Cost": 1.15, "Plan Rows": 1, "Plan Width": 4, "Actual Startup Time": 0.056, "Actual Total Time": 0.068, "Actual Rows": 1, "Actual Loops": 1, "Filter": "((role)::text = 'costume designer'::text)", "Rows Removed by Filter": 11}, {"Node Type": "Bitmap Heap Scan", "Parent Relationship": "Inner", "Relation Name": "cast_info", "Alias": "ci", "Startup Cost": 76306.71, "Total Cost": 356793.69, "Plan Rows": 3296318, "Plan Width": 12, "Actual Startup Time": 33.896, "Actual Total Time": 107.945, "Actual Rows": 276403, "Actual Loops": 1, "Recheck Cond": "(role_id = rt.id), (LLVM Optimized, Jit Execute)", "Rows Removed by Index Recheck": 0, "Exact Heap Blocks": 1654, "Lossy Heap Blocks": 1654, "Plans": [{"Node Type": "Bitmap Index Scan", "Parent Relationship": "Outer", "Index Name": "role_id_cast_info", "Startup Cost": 0.0, "Total Cost": 75482.63, "Plan Rows": 3296318, "Plan Width": 0, "Actual Startup Time": 33.608, "Actual Total Time": 33.608, "Actual Rows": 276403, "Actual Loops": 1, "Index Cond": "(role_id = rt.id)"}]}]}]}]}, {"Node Type": "Sort", "Parent Relationship": "Inner", "Startup Cost": 328951.73, "Total Cost": 335272.51, "Plan Rows": 2528311, "Plan Width": 21, "Actual Startup Time": 1826.825, "Actual Total Time": 2447.3, "Actual Rows": 2525722, "Actual Loops": 1, "Sort Key": ["t.id"], "Sort Method": "quicksort", "Sort Space Used": 344074, "Sort Space Type": "Memory", "Plans": [{"Node Type": "Seq Scan", "Parent Relationship": "Outer", "Relation Name": "title", "Alias": "t", "Startup Cost": 0.0, "Total Cost": 60069.11, "Plan Rows": 2528311, "Plan Width": 21, "Actual Startup Time": 0.031, "Actual Total Time": 742.539, "Actual Rows": 2528311, "Actual Loops": 1}]}]}]}, {"Node Type": "Sort", "Parent Relationship": "Inner", "Startup Cost": 109058.87, "Total Cost": 111312.23, "Plan Rows": 901342, "Plan Width": 20, "Actual Startup Time": 627.263, "Actual Total Time": 745.093, "Actual Rows": 1003872, "Actual Loops": 1, "Sort Key": ["an1.person_id"], "Sort Method": "quicksort", "Sort Space Used": 109040, "Sort Space Type": "Memory", "Plans": [{"Node Type": "Seq Scan", "Parent Relationship": "Outer", "Relation Name": "aka_name", "Alias": "an1", "Startup Cost": 0.0, "Total Cost": 19908.42, "Plan Rows": 901342, "Plan Width": 20, "Actual Startup Time": 0.052, "Actual Total Time": 260.817, "Actual Rows": 901342, "Actual Loops": 1}]}]}, {"Node Type": "Sort", "Parent Relationship": "Inner", "Startup Cost": 551303.0, "Total Cost": 561721.72, "Plan Rows": 4167490, "Plan Width": 4, "Actual Startup Time": 2735.103, "Actual Total Time": 3204.841, "Actual Rows": 3441910, "Actual Loops": 1, "Sort Key": ["n1.id"], "Sort Method": "quicksort", "Sort Space Used": 358773, "Sort Space Type": "Memory", "Plans": [{"Node Type": "Seq Scan", "Parent Relationship": "Outer", "Relation Name": "name", "Alias": "n1", "Startup Cost": 0.0, "Total Cost": 93071.9, "Plan Rows": 4167490, "Plan Width": 4, "Actual Startup Time": 0.04, "Actual Total Time": 1185.739, "Actual Rows": 4167490, "Actual Loops": 1}]}]}]}, "Triggers": [], "Planner Runtime": 37.544, "Total Runtime": 12023.477, "Unique SQL Id": 2457761703}}, "(1, '19')": {"explain_plan": {"Plan": {"Node Type": "Aggregate", "Strategy": "Plain", "Startup Cost": 1000069787565.86, "Total Cost": 1000069787565.87, "Plan Rows": 1, "Plan Width": 97, "Plans": [{"Node Type": "Nested Loop", "Parent Relationship": "Outer", "Join Type": "Inner", "Startup Cost": 10000000001.8, "Total Cost": 1000069785780.37, "Plan Rows": 357098, "Plan Width": 33, "Inner Unique": true, "Plans": [{"Node Type": "Nested Loop", "Parent Relationship": "Outer", "Join Type": "Inner", "Startup Cost": 10000000001.54, "Total Cost": 1000068255744.11, "Plan Rows": 357379, "Plan Width": 24, "Inner Unique": true, "Join Filter": "(an1.person_id = n1.id), (LLVM Optimized)", "Plans": [{"Node Type": "Nested Loop", "Parent Relationship": "Outer", "Join Type": "Inner", "Startup Cost": 10000000001.28, "Total Cost": 1000066724564.96, "Plan Rows": 357379, "Plan Width": 32, "Inner Unique": false, "Plans": [{"Node Type": "Nested Loop", "Parent Relationship": "Outer", "Join Type": "Inner", "Startup Cost": 10000000001.03, "Total Cost": 1000063680996.82, "Plan Rows": 711018, "Plan Width": 12, "Inner Unique": true, "Plans": [{"Node Type": "Nested Loop", "Parent Relationship": "Outer", "Join Type": "Inner", "Startup Cost": 10000000000.77, "Total Cost": 1000030184746.51, "Plan Rows": 7821201, "Plan Width": 16, "Inner Unique": false, "Plans": [{"Node Type": "Nested Loop", "Parent Relationship": "Outer", "Join Type": "Inner", "Startup Cost": 10000000000.26, "Total Cost": 1000024227793.07, "Plan Rows": 1282311, "Plan Width": 4, "Inner Unique": true, "Plans": [{"Node Type": "Index Scan", "Parent Relationship": "Outer", "Scan Direction": "Forward", "Index Name": "movie_id_movie_companies", "Relation Name": "movie_companies", "Alias": "mc", "Startup Cost": 10000000000.0, "Total Cost": 1000013051946.13, "Plan Rows": 2609128, "Plan Width": 8}, {"Node Type": "Bitmap Heap Scan", "Parent Relationship": "Inner", "Relation Name": "company_name", "Alias": "cn", "Startup Cost": 0.26, "Total Cost": 4.27, "Plan Rows": 1, "Plan Width": 4, "Recheck Cond": "(id = mc.company_id)", "Filter": "((country_code)::text = '[us]'::text)", "Plans": [{"Node Type": "Bitmap Index Scan", "Parent Relationship": "Outer", "Index Name": "company_name_pkey", "Startup Cost": 0.0, "Total Cost": 0.26, "Plan Rows": 1, "Plan Width": 0, "Index Cond": "(id = mc.company_id)"}]}]}, {"Node Type": "Bitmap Heap Scan", "Parent Relationship": "Inner", "Relation Name": "cast_info", "Alias": "ci", "Startup Cost": 0.51, "Total Cost": 4.59, "Plan Rows": 6, "Plan Width": 12, "Recheck Cond": "(movie_id = mc.movie_id)", "Plans": [{"Node Type": "Bitmap Index Scan", "Parent Relationship": "Outer", "Index Name": "movie_id_cast_info", "Startup Cost": 0.0, "Total Cost": 0.51, "Plan Rows": 6, "Plan Width": 0, "Index Cond": "(movie_id = mc.movie_id)"}]}]}, {"Node Type": "Bitmap Heap Scan", "Parent Relationship": "Inner", "Relation Name": "role_type", "Alias": "rt", "Startup Cost": 0.26, "Total Cost": 4.27, "Plan Rows": 1, "Plan Width": 4, "Recheck Cond": "(id = ci.role_id)", "Filter": "((role)::text = 'costume designer'::text)", "Plans": [{"Node Type": "Bitmap Index Scan", "Parent Relationship": "Outer", "Index Name": "role_type_pkey", "Startup Cost": 0.0, "Total Cost": 0.26, "Plan Rows": 1, "Plan Width": 0, "Index Cond": "(id = ci.role_id)"}]}]}, {"Node Type": "Bitmap Heap Scan", "Parent Relationship": "Inner", "Relation Name": "aka_name", "Alias": "an1", "Startup Cost": 0.26, "Total Cost": 4.27, "Plan Rows": 1, "Plan Width": 20, "Recheck Cond": "(person_id = ci.person_id)", "Plans": [{"Node Type": "Bitmap Index Scan", "Parent Relationship": "Outer", "Index Name": "person_id_aka_name", "Startup Cost": 0.0, "Total Cost": 0.26, "Plan Rows": 1, "Plan Width": 0, "Index Cond": "(person_id = ci.person_id)"}]}]}, {"Node Type": "Bitmap Heap Scan", "Parent Relationship": "Inner", "Relation Name": "name", "Alias": "n1", "Startup Cost": 0.26, "Total Cost": 4.27, "Plan Rows": 1, "Plan Width": 4, "Recheck Cond": "(id = ci.person_id)", "Plans": [{"Node Type": "Bitmap Index Scan", "Parent Relationship": "Outer", "Index Name": "name_pkey", "Startup Cost": 0.0, "Total Cost": 0.26, "Plan Rows": 1, "Plan Width": 0, "Index Cond": "(id = ci.person_id)"}]}]}, {"Node Type": "Bitmap Heap Scan", "Parent Relationship": "Inner", "Relation Name": "title", "Alias": "t", "Startup Cost": 0.26, "Total Cost": 4.27, "Plan Rows": 1, "Plan Width": 21, "Recheck Cond": "(id = ci.movie_id)", "Plans": [{"Node Type": "Bitmap Index Scan", "Parent Relationship": "Outer", "Index Name": "title_pkey", "Startup Cost": 0.0, "Total Cost": 0.26, "Plan Rows": 1, "Plan Width": 0, "Index Cond": "(id = ci.movie_id)"}]}]}]}, "Unique SQL Id": 2457761703, "Planner Runtime": 6}, "explain_analyze_plan": null}, "(1, '20')": {"explain_plan": {"Plan": {"Node Type": "Aggregate", "Strategy": "Plain", "Startup Cost": 1196640.37, "Total Cost": 1196640.38, "Plan Rows": 1, "Plan Width": 97, "Plans": [{"Node Type": "Nested Loop", "Parent Relationship": "Outer", "Join Type": "Inner", "Startup Cost": 920804.93, "Total Cost": 1194854.88, "Plan Rows": 357098, "Plan Width": 33, "Inner Unique": true, "Join Filter": "(an1.person_id = n1.id), (LLVM Optimized)", "Plans": [{"Node Type": "Nested Loop", "Parent Relationship": "Outer", "Join Type": "Inner", "Startup Cost": 920804.93, "Total Cost": 1091336.23, "Plan Rows": 357098, "Plan Width": 41, "Inner Unique": true, "Plans": [{"Node Type": "Merge Join", "Parent Relationship": "Outer", "Join Type": "Inner", "Startup Cost": 920804.93, "Total Cost": 989533.89, "Plan Rows": 357379, "Plan Width": 32, "Inner Unique": false, "Merge Cond": "(an1.person_id = ci.person_id)", "Plans": [{"Node Type": "Index Scan", "Parent Relationship": "Outer", "Scan Direction": "Forward", "Index Name": "person_id_aka_name", "Relation Name": "aka_name", "Alias": "an1", "Startup Cost": 0.0, "Total Cost": 68965.03, "Plan Rows": 901342, "Plan Width": 20}, {"Node Type": "Sort", "Parent Relationship": "Inner", "Startup Cost": 920804.86, "Total Cost": 922582.4, "Plan Rows": 711018, "Plan Width": 12, "Sort Key": ["ci.person_id"], "Plans": [{"Node Type": "Merge Join", "Parent Relationship": "Outer", "Join Type": "Inner", "Startup Cost": 812099.84, "Total Cost": 851695.59, "Plan Rows": 711018, "Plan Width": 12, "Inner Unique": false, "Merge Cond": "(mc.movie_id = ci.movie_id)", "Plans": [{"Node Type": "Sort", "Parent Relationship": "Outer", "Startup Cost": 283826.21, "Total Cost": 287031.99, "Plan Rows": 1282311, "Plan Width": 4, "Sort Key": ["mc.movie_id"], "Plans": [{"Node Type": "Merge Join", "Parent Relationship": "Outer", "Join Type": "Inner", "Startup Cost": 3383.04, "Total Cost": 153733.74, "Plan Rows": 1282311, "Plan Width": 4, "Inner Unique": false, "Merge Cond": "(cn.id = mc.company_id)", "Plans": [{"Node Type": "Index Scan", "Parent Relationship": "Outer", "Scan Direction": "Forward", "Index Name": "company_name_pkey", "Relation Name": "company_name", "Alias": "cn", "Startup Cost": 0.0, "Total Cost": 10501.39, "Plan Rows": 85170, "Plan Width": 4, "Filter": "((country_code)::text = '[us]'::text)"}, {"Node Type": "Index Scan", "Parent Relationship": "Inner", "Scan Direction": "Forward", "Index Name": "company_id_movie_companies", "Relation Name": "movie_companies", "Alias": "mc", "Startup Cost": 0.0, "Total Cost": 123673.5, "Plan Rows": 2609128, "Plan Width": 8}]}]}, {"Node Type": "Sort", "Parent Relationship": "Inner", "Startup Cost": 528273.31, "Total Cost": 536514.11, "Plan Rows": 3296318, "Plan Width": 8, "Sort Key": ["ci.movie_id"], "Plans": [{"Node Type": "Nested Loop", "Parent Relationship": "Outer", "Join Type": "Inner", "Startup Cost": 0.0, "Total Cost": 171406.94, "Plan Rows": 3296318, "Plan Width": 8, "Inner Unique": false, "Plans": [{"Node Type": "Seq Scan", "Parent Relationship": "Outer", "Relation Name": "role_type", "Alias": "rt", "Startup Cost": 0.0, "Total Cost": 1.15, "Plan Rows": 1, "Plan Width": 4, "Filter": "((role)::text = 'costume designer'::text)"}, {"Node Type": "Index Scan", "Parent Relationship": "Inner", "Scan Direction": "Forward", "Index Name": "role_id_cast_info", "Relation Name": "cast_info", "Alias": "ci", "Startup Cost": 0.0, "Total Cost": 138442.61, "Plan Rows": 3296318, "Plan Width": 12, "Index Cond": "(role_id = rt.id), (LLVM Optimized)"}]}]}]}]}]}, {"Node Type": "Index Scan", "Parent Relationship": "Inner", "Scan Direction": "Forward", "Index Name": "title_pkey", "Relation Name": "title", "Alias": "t", "Startup Cost": 0.0, "Total Cost": 0.27, "Plan Rows": 1, "Plan Width": 21, "Index Cond": "(id = ci.movie_id)"}]}, {"Node Type": "Index Scan", "Parent Relationship": "Inner", "Scan Direction": "Forward", "Index Name": "name_pkey", "Relation Name": "name", "Alias": "n1", "Startup Cost": 0.0, "Total Cost": 0.28, "Plan Rows": 1, "Plan Width": 4, "Index Cond": "(id = ci.person_id)"}]}]}, "Unique SQL Id": 2457761703, "Planner Runtime": 40}, "explain_analyze_plan": {"Plan": {"Node Type": "Aggregate", "Strategy": "Plain", "Startup Cost": 1196640.37, "Total Cost": 1196640.38, "Plan Rows": 1, "Plan Width": 97, "Actual Startup Time": 7843.494, "Actual Total Time": 7843.494, "Actual Rows": 1, "Actual Loops": 1, "Plans": [{"Node Type": "Nested Loop", "Parent Relationship": "Outer", "Join Type": "Inner", "Startup Cost": 920804.93, "Total Cost": 1194854.88, "Plan Rows": 357098, "Plan Width": 33, "Actual Startup Time": 4563.29, "Actual Total Time": 7640.086, "Actual Rows": 323005, "Actual Loops": 1, "Inner Unique": true, "Join Filter": "(an1.person_id = n1.id), (LLVM Optimized, Jit Execute)", "Rows Removed by Join Filter": 0, "Plans": [{"Node Type": "Nested Loop", "Parent Relationship": "Outer", "Join Type": "Inner", "Startup Cost": 920804.93, "Total Cost": 1091336.23, "Plan Rows": 357098, "Plan Width": 41, "Actual Startup Time": 4563.275, "Actual Total Time": 6531.91, "Actual Rows": 323005, "Actual Loops": 1, "Inner Unique": true, "Plans": [{"Node Type": "Merge Join", "Parent Relationship": "Outer", "Join Type": "Inner", "Startup Cost": 920804.93, "Total Cost": 989533.89, "Plan Rows": 357379, "Plan Width": 32, "Actual Startup Time": 4563.237, "Actual Total Time": 5294.469, "Actual Rows": 323005, "Actual Loops": 1, "Inner Unique": false, "Merge Cond": "(an1.person_id = ci.person_id)", "Plans": [{"Node Type": "Index Scan", "Parent Relationship": "Outer", "Scan Direction": "Forward", "Index Name": "person_id_aka_name", "Relation Name": "aka_name", "Alias": "an1", "Startup Cost": 0.0, "Total Cost": 68965.03, "Plan Rows": 901342, "Plan Width": 20, "Actual Startup Time": 0.032, "Actual Total Time": 455.66, "Actual Rows": 688852, "Actual Loops": 1}, {"Node Type": "Sort", "Parent Relationship": "Inner", "Startup Cost": 920804.86, "Total Cost": 922582.4, "Plan Rows": 711018, "Plan Width": 12, "Actual Startup Time": 4563.137, "Actual Total Time": 4627.391, "Actual Rows": 445949, "Actual Loops": 1, "Sort Key": ["ci.person_id"], "Sort Method": "quicksort", "Sort Space Used": 39058, "Sort Space Type": "Memory", "Plans": [{"Node Type": "Merge Join", "Parent Relationship": "Outer", "Join Type": "Inner", "Startup Cost": 812099.84, "Total Cost": 851695.59, "Plan Rows": 711018, "Plan Width": 12, "Actual Startup Time": 4015.948, "Actual Total Time": 4476.011, "Actual Rows": 285537, "Actual Loops": 1, "Inner Unique": false, "Merge Cond": "(mc.movie_id = ci.movie_id)", "Plans": [{"Node Type": "Sort", "Parent Relationship": "Outer", "Startup Cost": 283826.21, "Total Cost": 287031.99, "Plan Rows": 1282311, "Plan Width": 4, "Actual Startup Time": 3738.305, "Actual Total Time": 3883.298, "Actual Rows": 1153797, "Actual Loops": 1, "Sort Key": ["mc.movie_id"], "Sort Method": "quicksort", "Sort Space Used": 121265, "Sort Space Type": "Memory", "Plans": [{"Node Type": "Merge Join", "Parent Relationship": "Outer", "Join Type": "Inner", "Startup Cost": 3383.04, "Total Cost": 153733.74, "Plan Rows": 1282311, "Plan Width": 4, "Actual Startup Time": 0.055, "Actual Total Time": 3307.627, "Actual Rows": 1153797, "Actual Loops": 1, "Inner Unique": false, "Merge Cond": "(cn.id = mc.company_id)", "Plans": [{"Node Type": "Index Scan", "Parent Relationship": "Outer", "Scan Direction": "Forward", "Index Name": "company_name_pkey", "Relation Name": "company_name", "Alias": "cn", "Startup Cost": 0.0, "Total Cost": 10501.39, "Plan Rows": 85170, "Plan Width": 4, "Actual Startup Time": 0.03, "Actual Total Time": 335.222, "Actual Rows": 84843, "Actual Loops": 1, "Filter": "((country_code)::text = '[us]'::text)", "Rows Removed by Filter": 150153}, {"Node Type": "Index Scan", "Parent Relationship": "Inner", "Scan Direction": "Forward", "Index Name": "company_id_movie_companies", "Relation Name": "movie_companies", "Alias": "mc", "Startup Cost": 0.0, "Total Cost": 123673.5, "Plan Rows": 2609128, "Plan Width": 8, "Actual Startup Time": 0.018, "Actual Total Time": 2412.353, "Actual Rows": 2609128, "Actual Loops": 1}]}]}, {"Node Type": "Sort", "Parent Relationship": "Inner", "Startup Cost": 528273.31, "Total Cost": 536514.11, "Plan Rows": 3296318, "Plan Width": 8, "Actual Startup Time": 277.625, "Actual Total Time": 327.038, "Actual Rows": 461759, "Actual Loops": 1, "Sort Key": ["ci.movie_id"], "Sort Method": "quicksort", "Sort Space Used": 29564, "Sort Space Type": "Memory", "Plans": [{"Node Type": "Nested Loop", "Parent Relationship": "Outer", "Join Type": "Inner", "Startup Cost": 0.0, "Total Cost": 171406.94, "Plan Rows": 3296318, "Plan Width": 8, "Actual Startup Time": 0.12, "Actual Total Time": 178.952, "Actual Rows": 276403, "Actual Loops": 1, "Inner Unique": false, "Plans": [{"Node Type": "Seq Scan", "Parent Relationship": "Outer", "Relation Name": "role_type", "Alias": "rt", "Startup Cost": 0.0, "Total Cost": 1.15, "Plan Rows": 1, "Plan Width": 4, "Actual Startup Time": 0.053, "Actual Total Time": 0.066, "Actual Rows": 1, "Actual Loops": 1, "Filter": "((role)::text = 'costume designer'::text)", "Rows Removed by Filter": 11}, {"Node Type": "Index Scan", "Parent Relationship": "Inner", "Scan Direction": "Forward", "Index Name": "role_id_cast_info", "Relation Name": "cast_info", "Alias": "ci", "Startup Cost": 0.0, "Total Cost": 138442.61, "Plan Rows": 3296318, "Plan Width": 12, "Actual Startup Time": 0.052, "Actual Total Time": 125.104, "Actual Rows": 276403, "Actual Loops": 1, "Index Cond": "(role_id = rt.id), (LLVM Optimized, Jit Execute)", "Rows Removed by Index Recheck": 0}]}]}]}]}]}, {"Node Type": "Index Scan", "Parent Relationship": "Inner", "Scan Direction": "Forward", "Index Name": "title_pkey", "Relation Name": "title", "Alias": "t", "Startup Cost": 0.0, "Total Cost": 0.27, "Plan Rows": 1, "Plan Width": 21, "Actual Startup Time": 990.119, "Actual Total Time": 990.119, "Actual Rows": 323005, "Actual Loops": 323005, "Index Cond": "(id = ci.movie_id)", "Rows Removed by Index Recheck": 0}]}, {"Node Type": "Index Scan", "Parent Relationship": "Inner", "Scan Direction": "Forward", "Index Name": "name_pkey", "Relation Name": "name", "Alias": "n1", "Startup Cost": 0.0, "Total Cost": 0.28, "Plan Rows": 1, "Plan Width": 4, "Actual Startup Time": 832.546, "Actual Total Time": 832.546, "Actual Rows": 323005, "Actual Loops": 323005, "Index Cond": "(id = ci.person_id)", "Rows Removed by Index Recheck": 0}]}]}, "Triggers": [], "Planner Runtime": 40.976, "Total Runtime": 7853.617, "Unique SQL Id": 2457761703}}, "(1, '21')": {"explain_plan": {"Plan": {"Node Type": "Aggregate", "Strategy": "Plain", "Startup Cost": 1196651.68, "Total Cost": 1196651.69, "Plan Rows": 1, "Plan Width": 97, "Plans": [{"Node Type": "Nested Loop", "Parent Relationship": "Outer", "Join Type": "Inner", "Startup Cost": 920816.24, "Total Cost": 1194866.19, "Plan Rows": 357098, "Plan Width": 33, "Inner Unique": true, "Join Filter": "(an1.person_id = n1.id), (LLVM Optimized)", "Plans": [{"Node Type": "Nested Loop", "Parent Relationship": "Outer", "Join Type": "Inner", "Startup Cost": 920816.24, "Total Cost": 1091347.54, "Plan Rows": 357098, "Plan Width": 41, "Inner Unique": true, "Plans": [{"Node Type": "Merge Join", "Parent Relationship": "Outer", "Join Type": "Inner", "Startup Cost": 920816.24, "Total Cost": 989545.2, "Plan Rows": 357379, "Plan Width": 32, "Inner Unique": false, "Merge Cond": "(ci.person_id = an1.person_id)", "Plans": [{"Node Type": "Sort", "Parent Relationship": "Outer", "Startup Cost": 920816.17, "Total Cost": 922593.71, "Plan Rows": 711018, "Plan Width": 12, "Sort Key": ["ci.person_id"], "Plans": [{"Node Type": "Merge Join", "Parent Relationship": "Outer", "Join Type": "Inner", "Startup Cost": 812111.15, "Total Cost": 851706.9, "Plan Rows": 711018, "Plan Width": 12, "Inner Unique": false, "Merge Cond": "(mc.movie_id = ci.movie_id)", "Plans": [{"Node Type": "Sort", "Parent Relationship": "Outer", "Startup Cost": 283826.21, "Total Cost": 287031.99, "Plan Rows": 1282311, "Plan Width": 4, "Sort Key": ["mc.movie_id"], "Plans": [{"Node Type": "Merge Join", "Parent Relationship": "Outer", "Join Type": "Inner", "Startup Cost": 3383.04, "Total Cost": 153733.74, "Plan Rows": 1282311, "Plan Width": 4, "Inner Unique": false, "Merge Cond": "(cn.id = mc.company_id)", "Plans": [{"Node Type": "Index Scan", "Parent Relationship": "Outer", "Scan Direction": "Forward", "Index Name": "company_name_pkey", "Relation Name": "company_name", "Alias": "cn", "Startup Cost": 0.0, "Total Cost": 10501.39, "Plan Rows": 85170, "Plan Width": 4, "Filter": "((country_code)::text = '[us]'::text)"}, {"Node Type": "Index Scan", "Parent Relationship": "Inner", "Scan Direction": "Forward", "Index Name": "company_id_movie_companies", "Relation Name": "movie_companies", "Alias": "mc", "Startup Cost": 0.0, "Total Cost": 123673.5, "Plan Rows": 2609128, "Plan Width": 8}]}]}, {"Node Type": "Sort", "Parent Relationship": "Inner", "Startup Cost": 528284.62, "Total Cost": 536525.42, "Plan Rows": 3296318, "Plan Width": 8, "Sort Key": ["ci.movie_id"], "Plans": [{"Node Type": "Nested Loop", "Parent Relationship": "Outer", "Join Type": "Inner", "Startup Cost": 0.0, "Total Cost": 171418.25, "Plan Rows": 3296318, "Plan Width": 8, "Inner Unique": false, "Plans": [{"Node Type": "Index Scan", "Parent Relationship": "Outer", "Scan Direction": "Forward", "Index Name": "role_type_pkey", "Relation Name": "role_type", "Alias": "rt", "Startup Cost": 0.0, "Total Cost": 12.46, "Plan Rows": 1, "Plan Width": 4, "Filter": "((role)::text = 'costume designer'::text)"}, {"Node Type": "Index Scan", "Parent Relationship": "Inner", "Scan Direction": "Forward", "Index Name": "role_id_cast_info", "Relation Name": "cast_info", "Alias": "ci", "Startup Cost": 0.0, "Total Cost": 138442.61, "Plan Rows": 3296318, "Plan Width": 12, "Index Cond": "(role_id = rt.id), (LLVM Optimized)"}]}]}]}]}, {"Node Type": "Index Scan", "Parent Relationship": "Inner", "Scan Direction": "Forward", "Index Name": "person_id_aka_name", "Relation Name": "aka_name", "Alias": "an1", "Startup Cost": 0.0, "Total Cost": 68965.03, "Plan Rows": 901342, "Plan Width": 20}]}, {"Node Type": "Index Scan", "Parent Relationship": "Inner", "Scan Direction": "Forward", "Index Name": "title_pkey", "Relation Name": "title", "Alias": "t", "Startup Cost": 0.0, "Total Cost": 0.27, "Plan Rows": 1, "Plan Width": 21, "Index Cond": "(id = ci.movie_id)"}]}, {"Node Type": "Index Scan", "Parent Relationship": "Inner", "Scan Direction": "Forward", "Index Name": "name_pkey", "Relation Name": "name", "Alias": "n1", "Startup Cost": 0.0, "Total Cost": 0.28, "Plan Rows": 1, "Plan Width": 4, "Index Cond": "(id = ci.person_id)"}]}]}, "Unique SQL Id": 2457761703, "Planner Runtime": 39}, "explain_analyze_plan": {"Plan": {"Node Type": "Aggregate", "Strategy": "Plain", "Startup Cost": 1196651.68, "Total Cost": 1196651.69, "Plan Rows": 1, "Plan Width": 97, "Actual Startup Time": 8150.772, "Actual Total Time": 8150.773, "Actual Rows": 1, "Actual Loops": 1, "Plans": [{"Node Type": "Nested Loop", "Parent Relationship": "Outer", "Join Type": "Inner", "Startup Cost": 920816.24, "Total Cost": 1194866.19, "Plan Rows": 357098, "Plan Width": 33, "Actual Startup Time": 4679.902, "Actual Total Time": 7937.936, "Actual Rows": 323005, "Actual Loops": 1, "Inner Unique": true, "Join Filter": "(an1.person_id = n1.id), (LLVM Optimized, Jit Execute)", "Rows Removed by Join Filter": 0, "Plans": [{"Node Type": "Nested Loop", "Parent Relationship": "Outer", "Join Type": "Inner", "Startup Cost": 920816.24, "Total Cost": 1091347.54, "Plan Rows": 357098, "Plan Width": 41, "Actual Startup Time": 4679.881, "Actual Total Time": 6844.47, "Actual Rows": 323005, "Actual Loops": 1, "Inner Unique": true, "Plans": [{"Node Type": "Merge Join", "Parent Relationship": "Outer", "Join Type": "Inner", "Startup Cost": 920816.24, "Total Cost": 989545.2, "Plan Rows": 357379, "Plan Width": 32, "Actual Startup Time": 4679.852, "Actual Total Time": 5632.534, "Actual Rows": 323005, "Actual Loops": 1, "Inner Unique": false, "Merge Cond": "(ci.person_id = an1.person_id)", "Plans": [{"Node Type": "Sort", "Parent Relationship": "Outer", "Startup Cost": 920816.17, "Total Cost": 922593.71, "Plan Rows": 711018, "Plan Width": 12, "Actual Startup Time": 4679.751, "Actual Total Time": 4729.339, "Actual Rows": 285537, "Actual Loops": 1, "Sort Key": ["ci.person_id"], "Sort Method": "quicksort", "Sort Space Used": 39058, "Sort Space Type": "Memory", "Plans": [{"Node Type": "Merge Join", "Parent Relationship": "Outer", "Join Type": "Inner", "Startup Cost": 812111.15, "Total Cost": 851706.9, "Plan Rows": 711018, "Plan Width": 12, "Actual Startup Time": 4125.839, "Actual Total Time": 4592.801, "Actual Rows": 285537, "Actual Loops": 1, "Inner Unique": false, "Merge Cond": "(mc.movie_id = ci.movie_id)", "Plans": [{"Node Type": "Sort", "Parent Relationship": "Outer", "Startup Cost": 283826.21, "Total Cost": 287031.99, "Plan Rows": 1282311, "Plan Width": 4, "Actual Startup Time": 3848.069, "Actual Total Time": 3999.455, "Actual Rows": 1153797, "Actual Loops": 1, "Sort Key": ["mc.movie_id"], "Sort Method": "quicksort", "Sort Space Used": 121265, "Sort Space Type": "Memory", "Plans": [{"Node Type": "Merge Join", "Parent Relationship": "Outer", "Join Type": "Inner", "Startup Cost": 3383.04, "Total Cost": 153733.74, "Plan Rows": 1282311, "Plan Width": 4, "Actual Startup Time": 0.072, "Actual Total Time": 3418.886, "Actual Rows": 1153797, "Actual Loops": 1, "Inner Unique": false, "Merge Cond": "(cn.id = mc.company_id)", "Plans": [{"Node Type": "Index Scan", "Parent Relationship": "Outer", "Scan Direction": "Forward", "Index Name": "company_name_pkey", "Relation Name": "company_name", "Alias": "cn", "Startup Cost": 0.0, "Total Cost": 10501.39, "Plan Rows": 85170, "Plan Width": 4, "Actual Startup Time": 0.043, "Actual Total Time": 335.876, "Actual Rows": 84843, "Actual Loops": 1, "Filter": "((country_code)::text = '[us]'::text)", "Rows Removed by Filter": 150153}, {"Node Type": "Index Scan", "Parent Relationship": "Inner", "Scan Direction": "Forward", "Index Name": "company_id_movie_companies", "Relation Name": "movie_companies", "Alias": "mc", "Startup Cost": 0.0, "Total Cost": 123673.5, "Plan Rows": 2609128, "Plan Width": 8, "Actual Startup Time": 0.019, "Actual Total Time": 2520.194, "Actual Rows": 2609128, "Actual Loops": 1}]}]}, {"Node Type": "Sort", "Parent Relationship": "Inner", "Startup Cost": 528284.62, "Total Cost": 536525.42, "Plan Rows": 3296318, "Plan Width": 8, "Actual Startup Time": 277.754, "Actual Total Time": 328.111, "Actual Rows": 461759, "Actual Loops": 1, "Sort Key": ["ci.movie_id"], "Sort Method": "quicksort", "Sort Space Used": 29564, "Sort Space Type": "Memory", "Plans": [{"Node Type": "Nested Loop", "Parent Relationship": "Outer", "Join Type": "Inner", "Startup Cost": 0.0, "Total Cost": 171418.25, "Plan Rows": 3296318, "Plan Width": 8, "Actual Startup Time": 0.12, "Actual Total Time": 178.617, "Actual Rows": 276403, "Actual Loops": 1, "Inner Unique": false, "Plans": [{"Node Type": "Index Scan", "Parent Relationship": "Outer", "Scan Direction": "Forward", "Index Name": "role_type_pkey", "Relation Name": "role_type", "Alias": "rt", "Startup Cost": 0.0, "Total Cost": 12.46, "Plan Rows": 1, "Plan Width": 4, "Actual Startup Time": 0.063, "Actual Total Time": 0.075, "Actual Rows": 1, "Actual Loops": 1, "Filter": "((role)::text = 'costume designer'::text)", "Rows Removed by Filter": 11}, {"Node Type": "Index Scan", "Parent Relationship": "Inner", "Scan Direction": "Forward", "Index Name": "role_id_cast_info", "Relation Name": "cast_info", "Alias": "ci", "Startup Cost": 0.0, "Total Cost": 138442.61, "Plan Rows": 3296318, "Plan Width": 12, "Actual Startup Time": 0.043, "Actual Total Time": 126.952, "Actual Rows": 276403, "Actual Loops": 1, "Index Cond": "(role_id = rt.id), (LLVM Optimized, Jit Execute)", "Rows Removed by Index Recheck": 0}]}]}]}]}, {"Node Type": "Index Scan", "Parent Relationship": "Inner", "Scan Direction": "Forward", "Index Name": "person_id_aka_name", "Relation Name": "aka_name", "Alias": "an1", "Startup Cost": 0.0, "Total Cost": 68965.03, "Plan Rows": 901342, "Plan Width": 20, "Actual Startup Time": 0.06, "Actual Total Time": 639.92, "Actual Rows": 1003872, "Actual Loops": 1}]}, {"Node Type": "Index Scan", "Parent Relationship": "Inner", "Scan Direction": "Forward", "Index Name": "title_pkey", "Relation Name": "title", "Alias": "t", "Startup Cost": 0.0, "Total Cost": 0.27, "Plan Rows": 1, "Plan Width": 21, "Actual Startup Time": 961.215, "Actual Total Time": 961.215, "Actual Rows": 323005, "Actual Loops": 323005, "Index Cond": "(id = ci.movie_id)", "Rows Removed by Index Recheck": 0}]}, {"Node Type": "Index Scan", "Parent Relationship": "Inner", "Scan Direction": "Forward", "Index Name": "name_pkey", "Relation Name": "name", "Alias": "n1", "Startup Cost": 0.0, "Total Cost": 0.28, "Plan Rows": 1, "Plan Width": 4, "Actual Startup Time": 827.233, "Actual Total Time": 827.233, "Actual Rows": 323005, "Actual Loops": 323005, "Index Cond": "(id = ci.person_id)", "Rows Removed by Index Recheck": 0}]}]}, "Triggers": [], "Planner Runtime": 38.962, "Total Runtime": 8160.57, "Unique SQL Id": 2457761703}}, "(1, '22')": {"explain_plan": {"Plan": {"Node Type": "Aggregate", "Strategy": "Plain", "Startup Cost": 2392979.77, "Total Cost": 2392979.78, "Plan Rows": 1, "Plan Width": 97, "Plans": [{"Node Type": "Merge Join", "Parent Relationship": "Outer", "Join Type": "Inner", "Startup Cost": 2355249.79, "Total Cost": 2391194.28, "Plan Rows": 357098, "Plan Width": 33, "Inner Unique": true, "Merge Cond": "(an1.person_id = n1.id)", "Plans": [{"Node Type": "Merge Join", "Parent Relationship": "Outer", "Join Type": "Inner", "Startup Cost": 1803946.44, "Total Cost": 1814590.46, "Plan Rows": 357098, "Plan Width": 41, "Inner Unique": false, "Merge Cond": "(ci.person_id = an1.person_id)", "Plans": [{"Node Type": "Sort", "Parent Relationship": "Outer", "Startup Cost": 1694887.5, "Total Cost": 1696663.64, "Plan Rows": 710459, "Plan Width": 21, "Sort Key": ["ci.person_id"], "Plans": [{"Node Type": "Merge Join", "Parent Relationship": "Outer", "Join Type": "Inner", "Startup Cost": 1564728.72, "Total Cost": 1625836.59, "Plan Rows": 710459, "Plan Width": 21, "Inner Unique": true, "Merge Cond": "(ci.movie_id = t.id)", "Plans": [{"Node Type": "Merge Join", "Parent Relationship": "Outer", "Join Type": "Inner", "Startup Cost": 1235776.7, "Total Cost": 1275372.45, "Plan Rows": 711018, "Plan Width": 12, "Inner Unique": false, "Merge Cond": "(mc.movie_id = ci.movie_id)", "Plans": [{"Node Type": "Sort", "Parent Relationship": "Outer", "Startup Cost": 489151.99, "Total Cost": 492357.77, "Plan Rows": 1282311, "Plan Width": 4, "Sort Key": ["mc.movie_id"], "Plans": [{"Node Type": "Merge Join", "Parent Relationship": "Outer", "Join Type": "Inner", "Startup Cost": 333103.9, "Total Cost": 359059.52, "Plan Rows": 1282311, "Plan Width": 4, "Inner Unique": false, "Merge Cond": "(cn.id = mc.company_id)", "Plans": [{"Node Type": "Sort", "Parent Relationship": "Outer", "Startup Cost": 12878.05, "Total Cost": 13090.97, "Plan Rows": 85170, "Plan Width": 4, "Sort Key": ["cn.id"], "Plans": [{"Node Type": "Seq Scan", "Parent Relationship": "Outer", "Relation Name": "company_name", "Alias": "cn", "Startup Cost": 0.0, "Total Cost": 5903.45, "Plan Rows": 85170, "Plan Width": 4, "Filter": "((country_code)::text = '[us]'::text)"}]}, {"Node Type": "Sort", "Parent Relationship": "Inner", "Startup Cost": 319886.87, "Total Cost": 326409.69, "Plan Rows": 2609128, "Plan Width": 8, "Sort Key": ["mc.company_id"], "Plans": [{"Node Type": "Seq Scan", "Parent Relationship": "Outer", "Relation Name": "movie_companies", "Alias": "mc", "Startup Cost": 0.0, "Total Cost": 41817.28, "Plan Rows": 2609128, "Plan Width": 8}]}]}]}, {"Node Type": "Sort", "Parent Relationship": "Inner", "Startup Cost": 746624.39, "Total Cost": 754865.19, "Plan Rows": 3296318, "Plan Width": 8, "Sort Key": ["ci.movie_id"], "Plans": [{"Node Type": "Nested Loop", "Parent Relationship": "Outer", "Join Type": "Inner", "Startup Cost": 76306.71, "Total Cost": 389758.02, "Plan Rows": 3296318, "Plan Width": 8, "Inner Unique": false, "Plans": [{"Node Type": "Seq Scan", "Parent Relationship": "Outer", "Relation Name": "role_type", "Alias": "rt", "Startup Cost": 0.0, "Total Cost": 1.15, "Plan Rows": 1, "Plan Width": 4, "Filter": "((role)::text = 'costume designer'::text)"}, {"Node Type": "Bitmap Heap Scan", "Parent Relationship": "Inner", "Relation Name": "cast_info", "Alias": "ci", "Startup Cost": 76306.71, "Total Cost": 356793.69, "Plan Rows": 3296318, "Plan Width": 12, "Recheck Cond": "(role_id = rt.id), (LLVM Optimized)", "Plans": [{"Node Type": "Bitmap Index Scan", "Parent Relationship": "Outer", "Index Name": "role_id_cast_info", "Startup Cost": 0.0, "Total Cost": 75482.63, "Plan Rows": 3296318, "Plan Width": 0, "Index Cond": "(role_id = rt.id)"}]}]}]}]}, {"Node Type": "Sort", "Parent Relationship": "Inner", "Startup Cost": 328951.73, "Total Cost": 335272.51, "Plan Rows": 2528311, "Plan Width": 21, "Sort Key": ["t.id"], "Plans": [{"Node Type": "Seq Scan", "Parent Relationship": "Outer", "Relation Name": "title", "Alias": "t", "Startup Cost": 0.0, "Total Cost": 60069.11, "Plan Rows": 2528311, "Plan Width": 21}]}]}]}, {"Node Type": "Sort", "Parent Relationship": "Inner", "Startup Cost": 109058.87, "Total Cost": 111312.23, "Plan Rows": 901342, "Plan Width": 20, "Sort Key": ["an1.person_id"], "Plans": [{"Node Type": "Seq Scan", "Parent Relationship": "Outer", "Relation Name": "aka_name", "Alias": "an1", "Startup Cost": 0.0, "Total Cost": 19908.42, "Plan Rows": 901342, "Plan Width": 20}]}]}, {"Node Type": "Sort", "Parent Relationship": "Inner", "Startup Cost": 551303.0, "Total Cost": 561721.72, "Plan Rows": 4167490, "Plan Width": 4, "Sort Key": ["n1.id"], "Plans": [{"Node Type": "Seq Scan", "Parent Relationship": "Outer", "Relation Name": "name", "Alias": "n1", "Startup Cost": 0.0, "Total Cost": 93071.9, "Plan Rows": 4167490, "Plan Width": 4}]}]}]}, "Unique SQL Id": 2457761703, "Planner Runtime": 37}, "explain_analyze_plan": {"Plan": {"Node Type": "Aggregate", "Strategy": "Plain", "Startup Cost": 2392979.77, "Total Cost": 2392979.78, "Plan Rows": 1, "Plan Width": 97, "Actual Startup Time": 12013.89, "Actual Total Time": 12013.891, "Actual Rows": 1, "Actual Loops": 1, "Plans": [{"Node Type": "Merge Join", "Parent Relationship": "Outer", "Join Type": "Inner", "Startup Cost": 2355249.79, "Total Cost": 2391194.28, "Plan Rows": 357098, "Plan Width": 33, "Actual Startup Time": 10445.703, "Actual Total Time": 11855.625, "Actual Rows": 323005, "Actual Loops": 1, "Inner Unique": true, "Merge Cond": "(an1.person_id = n1.id)", "Plans": [{"Node Type": "Merge Join", "Parent Relationship": "Outer", "Join Type": "Inner", "Startup Cost": 1803946.44, "Total Cost": 1814590.46, "Plan Rows": 357098, "Plan Width": 41, "Actual Startup Time": 7710.514, "Actual Total Time": 8114.715, "Actual Rows": 323005, "Actual Loops": 1, "Inner Unique": false, "Merge Cond": "(ci.person_id = an1.person_id)", "Plans": [{"Node Type": "Sort", "Parent Relationship": "Outer", "Startup Cost": 1694887.5, "Total Cost": 1696663.64, "Plan Rows": 710459, "Plan Width": 21, "Actual Startup Time": 7083.208, "Actual Total Time": 7137.723, "Actual Rows": 285537, "Actual Loops": 1, "Sort Key": ["ci.person_id"], "Sort Method": "quicksort", "Sort Space Used": 39613, "Sort Space Type": "Memory", "Plans": [{"Node Type": "Merge Join", "Parent Relationship": "Outer", "Join Type": "Inner", "Startup Cost": 1564728.72, "Total Cost": 1625836.59, "Plan Rows": 710459, "Plan Width": 21, "Actual Startup Time": 5276.652, "Actual Total Time": 6983.654, "Actual Rows": 285537, "Actual Loops": 1, "Inner Unique": true, "Merge Cond": "(ci.movie_id = t.id)", "Plans": [{"Node Type": "Merge Join", "Parent Relationship": "Outer", "Join Type": "Inner", "Startup Cost": 1235776.7, "Total Cost": 1275372.45, "Plan Rows": 711018, "Plan Width": 12, "Actual Startup Time": 3449.81, "Actual Total Time": 4054.903, "Actual Rows": 285537, "Actual Loops": 1, "Inner Unique": false, "Merge Cond": "(mc.movie_id = ci.movie_id)", "Plans": [{"Node Type": "Sort", "Parent Relationship": "Outer", "Startup Cost": 489151.99, "Total Cost": 492357.77, "Plan Rows": 1282311, "Plan Width": 4, "Actual Startup Time": 3201.297, "Actual Total Time": 3470.562, "Actual Rows": 1153797, "Actual Loops": 1, "Sort Key": ["mc.movie_id"], "Sort Method": "quicksort", "Sort Space Used": 121265, "Sort Space Type": "Memory", "Plans": [{"Node Type": "Merge Join", "Parent Relationship": "Outer", "Join Type": "Inner", "Startup Cost": 333103.9, "Total Cost": 359059.52, "Plan Rows": 1282311, "Plan Width": 4, "Actual Startup Time": 1728.805, "Actual Total Time": 2781.395, "Actual Rows": 1153797, "Actual Loops": 1, "Inner Unique": false, "Merge Cond": "(cn.id = mc.company_id)", "Plans": [{"Node Type": "Sort", "Parent Relationship": "Outer", "Startup Cost": 12878.05, "Total Cost": 13090.97, "Plan Rows": 85170, "Plan Width": 4, "Actual Startup Time": 118.443, "Actual Total Time": 132.948, "Actual Rows": 84843, "Actual Loops": 1, "Sort Key": ["cn.id"], "Sort Method": "quicksort", "Sort Space Used": 8375, "Sort Space Type": "Memory", "Plans": [{"Node Type": "Seq Scan", "Parent Relationship": "Outer", "Relation Name": "company_name", "Alias": "cn", "Startup Cost": 0.0, "Total Cost": 5903.45, "Plan Rows": 85170, "Plan Width": 4, "Actual Startup Time": 0.036, "Actual Total Time": 87.768, "Actual Rows": 84843, "Actual Loops": 1, "Filter": "((country_code)::text = '[us]'::text)", "Rows Removed by Filter": 150153}]}, {"Node Type": "Sort", "Parent Relationship": "Inner", "Startup Cost": 319886.87, "Total Cost": 326409.69, "Plan Rows": 2609128, "Plan Width": 8, "Actual Startup Time": 1610.345, "Actual Total Time": 2141.283, "Actual Rows": 2609128, "Actual Loops": 1, "Sort Key": ["mc.company_id"], "Sort Method": "quicksort", "Sort Space Used": 261375, "Sort Space Type": "Memory", "Plans": [{"Node Type": "Seq Scan", "Parent Relationship": "Outer", "Relation Name": "movie_companies", "Alias": "mc", "Startup Cost": 0.0, "Total Cost": 41817.28, "Plan Rows": 2609128, "Plan Width": 8, "Actual Startup Time": 0.044, "Actual Total Time": 728.453, "Actual Rows": 2609128, "Actual Loops": 1}]}]}]}, {"Node Type": "Sort", "Parent Relationship": "Inner", "Startup Cost": 746624.39, "Total Cost": 754865.19, "Plan Rows": 3296318, "Plan Width": 8, "Actual Startup Time": 248.493, "Actual Total Time": 323.537, "Actual Rows": 461759, "Actual Loops": 1, "Sort Key": ["ci.movie_id"], "Sort Method": "quicksort", "Sort Space Used": 29564, "Sort Space Type": "Memory", "Plans": [{"Node Type": "Nested Loop", "Parent Relationship": "Outer", "Join Type": "Inner", "Startup Cost": 76306.71, "Total Cost": 389758.02, "Plan Rows": 3296318, "Plan Width": 8, "Actual Startup Time": 33.973, "Actual Total Time": 155.892, "Actual Rows": 276403, "Actual Loops": 1, "Inner Unique": false, "Plans": [{"Node Type": "Seq Scan", "Parent Relationship": "Outer", "Relation Name": "role_type", "Alias": "rt", "Startup Cost": 0.0, "Total Cost": 1.15, "Plan Rows": 1, "Plan Width": 4, "Actual Startup Time": 0.056, "Actual Total Time": 0.068, "Actual Rows": 1, "Actual Loops": 1, "Filter": "((role)::text = 'costume designer'::text)", "Rows Removed by Filter": 11}, {"Node Type": "Bitmap Heap Scan", "Parent Relationship": "Inner", "Relation Name": "cast_info", "Alias": "ci", "Startup Cost": 76306.71, "Total Cost": 356793.69, "Plan Rows": 3296318, "Plan Width": 12, "Actual Startup Time": 33.896, "Actual Total Time": 107.945, "Actual Rows": 276403, "Actual Loops": 1, "Recheck Cond": "(role_id = rt.id), (LLVM Optimized, Jit Execute)", "Rows Removed by Index Recheck": 0, "Exact Heap Blocks": 1654, "Lossy Heap Blocks": 1654, "Plans": [{"Node Type": "Bitmap Index Scan", "Parent Relationship": "Outer", "Index Name": "role_id_cast_info", "Startup Cost": 0.0, "Total Cost": 75482.63, "Plan Rows": 3296318, "Plan Width": 0, "Actual Startup Time": 33.608, "Actual Total Time": 33.608, "Actual Rows": 276403, "Actual Loops": 1, "Index Cond": "(role_id = rt.id)"}]}]}]}]}, {"Node Type": "Sort", "Parent Relationship": "Inner", "Startup Cost": 328951.73, "Total Cost": 335272.51, "Plan Rows": 2528311, "Plan Width": 21, "Actual Startup Time": 1826.825, "Actual Total Time": 2447.3, "Actual Rows": 2525722, "Actual Loops": 1, "Sort Key": ["t.id"], "Sort Method": "quicksort", "Sort Space Used": 344074, "Sort Space Type": "Memory", "Plans": [{"Node Type": "Seq Scan", "Parent Relationship": "Outer", "Relation Name": "title", "Alias": "t", "Startup Cost": 0.0, "Total Cost": 60069.11, "Plan Rows": 2528311, "Plan Width": 21, "Actual Startup Time": 0.031, "Actual Total Time": 742.539, "Actual Rows": 2528311, "Actual Loops": 1}]}]}]}, {"Node Type": "Sort", "Parent Relationship": "Inner", "Startup Cost": 109058.87, "Total Cost": 111312.23, "Plan Rows": 901342, "Plan Width": 20, "Actual Startup Time": 627.263, "Actual Total Time": 745.093, "Actual Rows": 1003872, "Actual Loops": 1, "Sort Key": ["an1.person_id"], "Sort Method": "quicksort", "Sort Space Used": 109040, "Sort Space Type": "Memory", "Plans": [{"Node Type": "Seq Scan", "Parent Relationship": "Outer", "Relation Name": "aka_name", "Alias": "an1", "Startup Cost": 0.0, "Total Cost": 19908.42, "Plan Rows": 901342, "Plan Width": 20, "Actual Startup Time": 0.052, "Actual Total Time": 260.817, "Actual Rows": 901342, "Actual Loops": 1}]}]}, {"Node Type": "Sort", "Parent Relationship": "Inner", "Startup Cost": 551303.0, "Total Cost": 561721.72, "Plan Rows": 4167490, "Plan Width": 4, "Actual Startup Time": 2735.103, "Actual Total Time": 3204.841, "Actual Rows": 3441910, "Actual Loops": 1, "Sort Key": ["n1.id"], "Sort Method": "quicksort", "Sort Space Used": 358773, "Sort Space Type": "Memory", "Plans": [{"Node Type": "Seq Scan", "Parent Relationship": "Outer", "Relation Name": "name", "Alias": "n1", "Startup Cost": 0.0, "Total Cost": 93071.9, "Plan Rows": 4167490, "Plan Width": 4, "Actual Startup Time": 0.04, "Actual Total Time": 1185.739, "Actual Rows": 4167490, "Actual Loops": 1}]}]}]}, "Triggers": [], "Planner Runtime": 37.544, "Total Runtime": 12023.477, "Unique SQL Id": 2457761703}}, "(1, '23')": {"explain_plan": {"Plan": {"Node Type": "Aggregate", "Strategy": "Plain", "Startup Cost": 1000069787565.86, "Total Cost": 1000069787565.87, "Plan Rows": 1, "Plan Width": 97, "Plans": [{"Node Type": "Nested Loop", "Parent Relationship": "Outer", "Join Type": "Inner", "Startup Cost": 10000000001.8, "Total Cost": 1000069785780.37, "Plan Rows": 357098, "Plan Width": 33, "Inner Unique": true, "Plans": [{"Node Type": "Nested Loop", "Parent Relationship": "Outer", "Join Type": "Inner", "Startup Cost": 10000000001.54, "Total Cost": 1000068255744.11, "Plan Rows": 357379, "Plan Width": 24, "Inner Unique": true, "Join Filter": "(an1.person_id = n1.id), (LLVM Optimized)", "Plans": [{"Node Type": "Nested Loop", "Parent Relationship": "Outer", "Join Type": "Inner", "Startup Cost": 10000000001.28, "Total Cost": 1000066724564.96, "Plan Rows": 357379, "Plan Width": 32, "Inner Unique": false, "Plans": [{"Node Type": "Nested Loop", "Parent Relationship": "Outer", "Join Type": "Inner", "Startup Cost": 10000000001.03, "Total Cost": 1000063680996.82, "Plan Rows": 711018, "Plan Width": 12, "Inner Unique": true, "Plans": [{"Node Type": "Nested Loop", "Parent Relationship": "Outer", "Join Type": "Inner", "Startup Cost": 10000000000.77, "Total Cost": 1000030184746.51, "Plan Rows": 7821201, "Plan Width": 16, "Inner Unique": false, "Plans": [{"Node Type": "Nested Loop", "Parent Relationship": "Outer", "Join Type": "Inner", "Startup Cost": 10000000000.26, "Total Cost": 1000024227793.07, "Plan Rows": 1282311, "Plan Width": 4, "Inner Unique": true, "Plans": [{"Node Type": "Index Scan", "Parent Relationship": "Outer", "Scan Direction": "Forward", "Index Name": "movie_id_movie_companies", "Relation Name": "movie_companies", "Alias": "mc", "Startup Cost": 10000000000.0, "Total Cost": 1000013051946.13, "Plan Rows": 2609128, "Plan Width": 8}, {"Node Type": "Bitmap Heap Scan", "Parent Relationship": "Inner", "Relation Name": "company_name", "Alias": "cn", "Startup Cost": 0.26, "Total Cost": 4.27, "Plan Rows": 1, "Plan Width": 4, "Recheck Cond": "(id = mc.company_id)", "Filter": "((country_code)::text = '[us]'::text)", "Plans": [{"Node Type": "Bitmap Index Scan", "Parent Relationship": "Outer", "Index Name": "company_name_pkey", "Startup Cost": 0.0, "Total Cost": 0.26, "Plan Rows": 1, "Plan Width": 0, "Index Cond": "(id = mc.company_id)"}]}]}, {"Node Type": "Bitmap Heap Scan", "Parent Relationship": "Inner", "Relation Name": "cast_info", "Alias": "ci", "Startup Cost": 0.51, "Total Cost": 4.59, "Plan Rows": 6, "Plan Width": 12, "Recheck Cond": "(movie_id = mc.movie_id)", "Plans": [{"Node Type": "Bitmap Index Scan", "Parent Relationship": "Outer", "Index Name": "movie_id_cast_info", "Startup Cost": 0.0, "Total Cost": 0.51, "Plan Rows": 6, "Plan Width": 0, "Index Cond": "(movie_id = mc.movie_id)"}]}]}, {"Node Type": "Bitmap Heap Scan", "Parent Relationship": "Inner", "Relation Name": "role_type", "Alias": "rt", "Startup Cost": 0.26, "Total Cost": 4.27, "Plan Rows": 1, "Plan Width": 4, "Recheck Cond": "(id = ci.role_id)", "Filter": "((role)::text = 'costume designer'::text)", "Plans": [{"Node Type": "Bitmap Index Scan", "Parent Relationship": "Outer", "Index Name": "role_type_pkey", "Startup Cost": 0.0, "Total Cost": 0.26, "Plan Rows": 1, "Plan Width": 0, "Index Cond": "(id = ci.role_id)"}]}]}, {"Node Type": "Bitmap Heap Scan", "Parent Relationship": "Inner", "Relation Name": "aka_name", "Alias": "an1", "Startup Cost": 0.26, "Total Cost": 4.27, "Plan Rows": 1, "Plan Width": 20, "Recheck Cond": "(person_id = ci.person_id)", "Plans": [{"Node Type": "Bitmap Index Scan", "Parent Relationship": "Outer", "Index Name": "person_id_aka_name", "Startup Cost": 0.0, "Total Cost": 0.26, "Plan Rows": 1, "Plan Width": 0, "Index Cond": "(person_id = ci.person_id)"}]}]}, {"Node Type": "Bitmap Heap Scan", "Parent Relationship": "Inner", "Relation Name": "name", "Alias": "n1", "Startup Cost": 0.26, "Total Cost": 4.27, "Plan Rows": 1, "Plan Width": 4, "Recheck Cond": "(id = ci.person_id)", "Plans": [{"Node Type": "Bitmap Index Scan", "Parent Relationship": "Outer", "Index Name": "name_pkey", "Startup Cost": 0.0, "Total Cost": 0.26, "Plan Rows": 1, "Plan Width": 0, "Index Cond": "(id = ci.person_id)"}]}]}, {"Node Type": "Bitmap Heap Scan", "Parent Relationship": "Inner", "Relation Name": "title", "Alias": "t", "Startup Cost": 0.26, "Total Cost": 4.27, "Plan Rows": 1, "Plan Width": 21, "Recheck Cond": "(id = ci.movie_id)", "Plans": [{"Node Type": "Bitmap Index Scan", "Parent Relationship": "Outer", "Index Name": "title_pkey", "Startup Cost": 0.0, "Total Cost": 0.26, "Plan Rows": 1, "Plan Width": 0, "Index Cond": "(id = ci.movie_id)"}]}]}]}, "Unique SQL Id": 2457761703, "Planner Runtime": 6}, "explain_analyze_plan": null}, "(1, '24')": {"explain_plan": {"Plan": {"Node Type": "Aggregate", "Strategy": "Plain", "Startup Cost": 1194615.66, "Total Cost": 1194615.67, "Plan Rows": 1, "Plan Width": 97, "Plans": [{"Node Type": "Nested Loop", "Parent Relationship": "Outer", "Join Type": "Inner", "Startup Cost": 920804.93, "Total Cost": 1192830.17, "Plan Rows": 357098, "Plan Width": 33, "Inner Unique": true, "Join Filter": "(an1.person_id = n1.id), (LLVM Optimized)", "Plans": [{"Node Type": "Nested Loop", "Parent Relationship": "Outer", "Join Type": "Inner", "Startup Cost": 920804.93, "Total Cost": 1091336.23, "Plan Rows": 357098, "Plan Width": 41, "Inner Unique": true, "Plans": [{"Node Type": "Merge Join", "Parent Relationship": "Outer", "Join Type": "Inner", "Startup Cost": 920804.93, "Total Cost": 989533.89, "Plan Rows": 357379, "Plan Width": 32, "Inner Unique": false, "Merge Cond": "(an1.person_id = ci.person_id)", "Plans": [{"Node Type": "Index Scan", "Parent Relationship": "Outer", "Scan Direction": "Forward", "Index Name": "person_id_aka_name", "Relation Name": "aka_name", "Alias": "an1", "Startup Cost": 0.0, "Total Cost": 68965.03, "Plan Rows": 901342, "Plan Width": 20}, {"Node Type": "Sort", "Parent Relationship": "Inner", "Startup Cost": 920804.86, "Total Cost": 922582.4, "Plan Rows": 711018, "Plan Width": 12, "Sort Key": ["ci.person_id"], "Plans": [{"Node Type": "Merge Join", "Parent Relationship": "Outer", "Join Type": "Inner", "Startup Cost": 812099.84, "Total Cost": 851695.59, "Plan Rows": 711018, "Plan Width": 12, "Inner Unique": false, "Merge Cond": "(mc.movie_id = ci.movie_id)", "Plans": [{"Node Type": "Sort", "Parent Relationship": "Outer", "Startup Cost": 283826.21, "Total Cost": 287031.99, "Plan Rows": 1282311, "Plan Width": 4, "Sort Key": ["mc.movie_id"], "Plans": [{"Node Type": "Merge Join", "Parent Relationship": "Outer", "Join Type": "Inner", "Startup Cost": 3383.04, "Total Cost": 153733.74, "Plan Rows": 1282311, "Plan Width": 4, "Inner Unique": false, "Merge Cond": "(cn.id = mc.company_id)", "Plans": [{"Node Type": "Index Scan", "Parent Relationship": "Outer", "Scan Direction": "Forward", "Index Name": "company_name_pkey", "Relation Name": "company_name", "Alias": "cn", "Startup Cost": 0.0, "Total Cost": 10501.39, "Plan Rows": 85170, "Plan Width": 4, "Filter": "((country_code)::text = '[us]'::text)"}, {"Node Type": "Index Scan", "Parent Relationship": "Inner", "Scan Direction": "Forward", "Index Name": "company_id_movie_companies", "Relation Name": "movie_companies", "Alias": "mc", "Startup Cost": 0.0, "Total Cost": 123673.5, "Plan Rows": 2609128, "Plan Width": 8}]}]}, {"Node Type": "Sort", "Parent Relationship": "Inner", "Startup Cost": 528273.31, "Total Cost": 536514.11, "Plan Rows": 3296318, "Plan Width": 8, "Sort Key": ["ci.movie_id"], "Plans": [{"Node Type": "Nested Loop", "Parent Relationship": "Outer", "Join Type": "Inner", "Startup Cost": 0.0, "Total Cost": 171406.94, "Plan Rows": 3296318, "Plan Width": 8, "Inner Unique": false, "Plans": [{"Node Type": "Seq Scan", "Parent Relationship": "Outer", "Relation Name": "role_type", "Alias": "rt", "Startup Cost": 0.0, "Total Cost": 1.15, "Plan Rows": 1, "Plan Width": 4, "Filter": "((role)::text = 'costume designer'::text)"}, {"Node Type": "Index Scan", "Parent Relationship": "Inner", "Scan Direction": "Forward", "Index Name": "role_id_cast_info", "Relation Name": "cast_info", "Alias": "ci", "Startup Cost": 0.0, "Total Cost": 138442.61, "Plan Rows": 3296318, "Plan Width": 12, "Index Cond": "(role_id = rt.id), (LLVM Optimized)"}]}]}]}]}]}, {"Node Type": "Index Scan", "Parent Relationship": "Inner", "Scan Direction": "Forward", "Index Name": "title_pkey", "Relation Name": "title", "Alias": "t", "Startup Cost": 0.0, "Total Cost": 0.27, "Plan Rows": 1, "Plan Width": 21, "Index Cond": "(id = ci.movie_id)"}]}, {"Node Type": "Index Only Scan", "Parent Relationship": "Inner", "Scan Direction": "Forward", "Index Name": "name_pkey", "Relation Name": "name", "Alias": "n1", "Startup Cost": 0.0, "Total Cost": 0.27, "Plan Rows": 1, "Plan Width": 4, "Index Cond": "(id = ci.person_id)"}]}]}, "Unique SQL Id": 2457761703, "Planner Runtime": 41}, "explain_analyze_plan": {"Plan": {"Node Type": "Aggregate", "Strategy": "Plain", "Startup Cost": 1194615.66, "Total Cost": 1194615.67, "Plan Rows": 1, "Plan Width": 97, "Actual Startup Time": 8120.907, "Actual Total Time": 8120.908, "Actual Rows": 1, "Actual Loops": 1, "Plans": [{"Node Type": "Nested Loop", "Parent Relationship": "Outer", "Join Type": "Inner", "Startup Cost": 920804.93, "Total Cost": 1192830.17, "Plan Rows": 357098, "Plan Width": 33, "Actual Startup Time": 4997.233, "Actual Total Time": 7913.652, "Actual Rows": 323005, "Actual Loops": 1, "Inner Unique": true, "Join Filter": "(an1.person_id = n1.id), (LLVM Optimized, Jit Execute)", "Rows Removed by Join Filter": 0, "Plans": [{"Node Type": "Nested Loop", "Parent Relationship": "Outer", "Join Type": "Inner", "Startup Cost": 920804.93, "Total Cost": 1091336.23, "Plan Rows": 357098, "Plan Width": 41, "Actual Startup Time": 4997.141, "Actual Total Time": 7006.784, "Actual Rows": 323005, "Actual Loops": 1, "Inner Unique": true, "Plans": [{"Node Type": "Merge Join", "Parent Relationship": "Outer", "Join Type": "Inner", "Startup Cost": 920804.93, "Total Cost": 989533.89, "Plan Rows": 357379, "Plan Width": 32, "Actual Startup Time": 4997.101, "Actual Total Time": 5748.888, "Actual Rows": 323005, "Actual Loops": 1, "Inner Unique": false, "Merge Cond": "(an1.person_id = ci.person_id)", "Plans": [{"Node Type": "Index Scan", "Parent Relationship": "Outer", "Scan Direction": "Forward", "Index Name": "person_id_aka_name", "Relation Name": "aka_name", "Alias": "an1", "Startup Cost": 0.0, "Total Cost": 68965.03, "Plan Rows": 901342, "Plan Width": 20, "Actual Startup Time": 0.031, "Actual Total Time": 471.207, "Actual Rows": 688852, "Actual Loops": 1}, {"Node Type": "Sort", "Parent Relationship": "Inner", "Startup Cost": 920804.86, "Total Cost": 922582.4, "Plan Rows": 711018, "Plan Width": 12, "Actual Startup Time": 4997.011, "Actual Total Time": 5063.199, "Actual Rows": 445949, "Actual Loops": 1, "Sort Key": ["ci.person_id"], "Sort Method": "quicksort", "Sort Space Used": 39058, "Sort Space Type": "Memory", "Plans": [{"Node Type": "Merge Join", "Parent Relationship": "Outer", "Join Type": "Inner", "Startup Cost": 812099.84, "Total Cost": 851695.59, "Plan Rows": 711018, "Plan Width": 12, "Actual Startup Time": 4423.313, "Actual Total Time": 4909.137, "Actual Rows": 285537, "Actual Loops": 1, "Inner Unique": false, "Merge Cond": "(mc.movie_id = ci.movie_id)", "Plans": [{"Node Type": "Sort", "Parent Relationship": "Outer", "Startup Cost": 283826.21, "Total Cost": 287031.99, "Plan Rows": 1282311, "Plan Width": 4, "Actual Startup Time": 4146.803, "Actual Total Time": 4315.25, "Actual Rows": 1153797, "Actual Loops": 1, "Sort Key": ["mc.movie_id"], "Sort Method": "quicksort", "Sort Space Used": 121265, "Sort Space Type": "Memory", "Plans": [{"Node Type": "Merge Join", "Parent Relationship": "Outer", "Join Type": "Inner", "Startup Cost": 3383.04, "Total Cost": 153733.74, "Plan Rows": 1282311, "Plan Width": 4, "Actual Startup Time": 0.056, "Actual Total Time": 3711.929, "Actual Rows": 1153797, "Actual Loops": 1, "Inner Unique": false, "Merge Cond": "(cn.id = mc.company_id)", "Plans": [{"Node Type": "Index Scan", "Parent Relationship": "Outer", "Scan Direction": "Forward", "Index Name": "company_name_pkey", "Relation Name": "company_name", "Alias": "cn", "Startup Cost": 0.0, "Total Cost": 10501.39, "Plan Rows": 85170, "Plan Width": 4, "Actual Startup Time": 0.032, "Actual Total Time": 368.558, "Actual Rows": 84843, "Actual Loops": 1, "Filter": "((country_code)::text = '[us]'::text)", "Rows Removed by Filter": 150153}, {"Node Type": "Index Scan", "Parent Relationship": "Inner", "Scan Direction": "Forward", "Index Name": "company_id_movie_companies", "Relation Name": "movie_companies", "Alias": "mc", "Startup Cost": 0.0, "Total Cost": 123673.5, "Plan Rows": 2609128, "Plan Width": 8, "Actual Startup Time": 0.017, "Actual Total Time": 2784.716, "Actual Rows": 2609128, "Actual Loops": 1}]}]}, {"Node Type": "Sort", "Parent Relationship": "Inner", "Startup Cost": 528273.31, "Total Cost": 536514.11, "Plan Rows": 3296318, "Plan Width": 8, "Actual Startup Time": 276.493, "Actual Total Time": 329.911, "Actual Rows": 461759, "Actual Loops": 1, "Sort Key": ["ci.movie_id"], "Sort Method": "quicksort", "Sort Space Used": 29564, "Sort Space Type": "Memory", "Plans": [{"Node Type": "Nested Loop", "Parent Relationship": "Outer", "Join Type": "Inner", "Startup Cost": 0.0, "Total Cost": 171406.94, "Plan Rows": 3296318, "Plan Width": 8, "Actual Startup Time": 0.125, "Actual Total Time": 177.653, "Actual Rows": 276403, "Actual Loops": 1, "Inner Unique": false, "Plans": [{"Node Type": "Seq Scan", "Parent Relationship": "Outer", "Relation Name": "role_type", "Alias": "rt", "Startup Cost": 0.0, "Total Cost": 1.15, "Plan Rows": 1, "Plan Width": 4, "Actual Startup Time": 0.055, "Actual Total Time": 0.068, "Actual Rows": 1, "Actual Loops": 1, "Filter": "((role)::text = 'costume designer'::text)", "Rows Removed by Filter": 11}, {"Node Type": "Index Scan", "Parent Relationship": "Inner", "Scan Direction": "Forward", "Index Name": "role_id_cast_info", "Relation Name": "cast_info", "Alias": "ci", "Startup Cost": 0.0, "Total Cost": 138442.61, "Plan Rows": 3296318, "Plan Width": 12, "Actual Startup Time": 0.055, "Actual Total Time": 125.86, "Actual Rows": 276403, "Actual Loops": 1, "Index Cond": "(role_id = rt.id), (LLVM Optimized, Jit Execute)", "Rows Removed by Index Recheck": 0}]}]}]}]}]}, {"Node Type": "Index Scan", "Parent Relationship": "Inner", "Scan Direction": "Forward", "Index Name": "title_pkey", "Relation Name": "title", "Alias": "t", "Startup Cost": 0.0, "Total Cost": 0.27, "Plan Rows": 1, "Plan Width": 21, "Actual Startup Time": 1007.615, "Actual Total Time": 1007.615, "Actual Rows": 323005, "Actual Loops": 323005, "Index Cond": "(id = ci.movie_id)", "Rows Removed by Index Recheck": 0}]}, {"Node Type": "Index Only Scan", "Parent Relationship": "Inner", "Scan Direction": "Forward", "Index Name": "name_pkey", "Relation Name": "name", "Alias": "n1", "Startup Cost": 0.0, "Total Cost": 0.27, "Plan Rows": 1, "Plan Width": 4, "Actual Startup Time": 664.453, "Actual Total Time": 664.453, "Actual Rows": 323005, "Actual Loops": 323005, "Index Cond": "(id = ci.person_id)", "Rows Removed by Index Recheck": 0, "Heap Fetches": 0}]}]}, "Triggers": [], "Planner Runtime": 41.914, "Total Runtime": 8130.654, "Unique SQL Id": 2457761703}}, "(1, '25')": {"explain_plan": {"Plan": {"Node Type": "Aggregate", "Strategy": "Plain", "Startup Cost": 1194626.97, "Total Cost": 1194626.98, "Plan Rows": 1, "Plan Width": 97, "Plans": [{"Node Type": "Nested Loop", "Parent Relationship": "Outer", "Join Type": "Inner", "Startup Cost": 920816.24, "Total Cost": 1192841.48, "Plan Rows": 357098, "Plan Width": 33, "Inner Unique": true, "Join Filter": "(an1.person_id = n1.id), (LLVM Optimized)", "Plans": [{"Node Type": "Nested Loop", "Parent Relationship": "Outer", "Join Type": "Inner", "Startup Cost": 920816.24, "Total Cost": 1091347.54, "Plan Rows": 357098, "Plan Width": 41, "Inner Unique": true, "Plans": [{"Node Type": "Merge Join", "Parent Relationship": "Outer", "Join Type": "Inner", "Startup Cost": 920816.24, "Total Cost": 989545.2, "Plan Rows": 357379, "Plan Width": 32, "Inner Unique": false, "Merge Cond": "(ci.person_id = an1.person_id)", "Plans": [{"Node Type": "Sort", "Parent Relationship": "Outer", "Startup Cost": 920816.17, "Total Cost": 922593.71, "Plan Rows": 711018, "Plan Width": 12, "Sort Key": ["ci.person_id"], "Plans": [{"Node Type": "Merge Join", "Parent Relationship": "Outer", "Join Type": "Inner", "Startup Cost": 812111.15, "Total Cost": 851706.9, "Plan Rows": 711018, "Plan Width": 12, "Inner Unique": false, "Merge Cond": "(mc.movie_id = ci.movie_id)", "Plans": [{"Node Type": "Sort", "Parent Relationship": "Outer", "Startup Cost": 283826.21, "Total Cost": 287031.99, "Plan Rows": 1282311, "Plan Width": 4, "Sort Key": ["mc.movie_id"], "Plans": [{"Node Type": "Merge Join", "Parent Relationship": "Outer", "Join Type": "Inner", "Startup Cost": 3383.04, "Total Cost": 153733.74, "Plan Rows": 1282311, "Plan Width": 4, "Inner Unique": false, "Merge Cond": "(cn.id = mc.company_id)", "Plans": [{"Node Type": "Index Scan", "Parent Relationship": "Outer", "Scan Direction": "Forward", "Index Name": "company_name_pkey", "Relation Name": "company_name", "Alias": "cn", "Startup Cost": 0.0, "Total Cost": 10501.39, "Plan Rows": 85170, "Plan Width": 4, "Filter": "((country_code)::text = '[us]'::text)"}, {"Node Type": "Index Scan", "Parent Relationship": "Inner", "Scan Direction": "Forward", "Index Name": "company_id_movie_companies", "Relation Name": "movie_companies", "Alias": "mc", "Startup Cost": 0.0, "Total Cost": 123673.5, "Plan Rows": 2609128, "Plan Width": 8}]}]}, {"Node Type": "Sort", "Parent Relationship": "Inner", "Startup Cost": 528284.62, "Total Cost": 536525.42, "Plan Rows": 3296318, "Plan Width": 8, "Sort Key": ["ci.movie_id"], "Plans": [{"Node Type": "Nested Loop", "Parent Relationship": "Outer", "Join Type": "Inner", "Startup Cost": 0.0, "Total Cost": 171418.25, "Plan Rows": 3296318, "Plan Width": 8, "Inner Unique": false, "Plans": [{"Node Type": "Index Scan", "Parent Relationship": "Outer", "Scan Direction": "Forward", "Index Name": "role_type_pkey", "Relation Name": "role_type", "Alias": "rt", "Startup Cost": 0.0, "Total Cost": 12.46, "Plan Rows": 1, "Plan Width": 4, "Filter": "((role)::text = 'costume designer'::text)"}, {"Node Type": "Index Scan", "Parent Relationship": "Inner", "Scan Direction": "Forward", "Index Name": "role_id_cast_info", "Relation Name": "cast_info", "Alias": "ci", "Startup Cost": 0.0, "Total Cost": 138442.61, "Plan Rows": 3296318, "Plan Width": 12, "Index Cond": "(role_id = rt.id), (LLVM Optimized)"}]}]}]}]}, {"Node Type": "Index Scan", "Parent Relationship": "Inner", "Scan Direction": "Forward", "Index Name": "person_id_aka_name", "Relation Name": "aka_name", "Alias": "an1", "Startup Cost": 0.0, "Total Cost": 68965.03, "Plan Rows": 901342, "Plan Width": 20}]}, {"Node Type": "Index Scan", "Parent Relationship": "Inner", "Scan Direction": "Forward", "Index Name": "title_pkey", "Relation Name": "title", "Alias": "t", "Startup Cost": 0.0, "Total Cost": 0.27, "Plan Rows": 1, "Plan Width": 21, "Index Cond": "(id = ci.movie_id)"}]}, {"Node Type": "Index Only Scan", "Parent Relationship": "Inner", "Scan Direction": "Forward", "Index Name": "name_pkey", "Relation Name": "name", "Alias": "n1", "Startup Cost": 0.0, "Total Cost": 0.27, "Plan Rows": 1, "Plan Width": 4, "Index Cond": "(id = ci.person_id)"}]}]}, "Unique SQL Id": 2457761703, "Planner Runtime": 38}, "explain_analyze_plan": {"Plan": {"Node Type": "Aggregate", "Strategy": "Plain", "Startup Cost": 1194626.97, "Total Cost": 1194626.98, "Plan Rows": 1, "Plan Width": 97, "Actual Startup Time": 8701.391, "Actual Total Time": 8701.392, "Actual Rows": 1, "Actual Loops": 1, "Plans": [{"Node Type": "Nested Loop", "Parent Relationship": "Outer", "Join Type": "Inner", "Startup Cost": 920816.24, "Total Cost": 1192841.48, "Plan Rows": 357098, "Plan Width": 33, "Actual Startup Time": 5217.158, "Actual Total Time": 8490.389, "Actual Rows": 323005, "Actual Loops": 1, "Inner Unique": true, "Join Filter": "(an1.person_id = n1.id), (LLVM Optimized, Jit Execute)", "Rows Removed by Join Filter": 0, "Plans": [{"Node Type": "Nested Loop", "Parent Relationship": "Outer", "Join Type": "Inner", "Startup Cost": 920816.24, "Total Cost": 1091347.54, "Plan Rows": 357098, "Plan Width": 41, "Actual Startup Time": 5217.138, "Actual Total Time": 7583.598, "Actual Rows": 323005, "Actual Loops": 1, "Inner Unique": true, "Plans": [{"Node Type": "Merge Join", "Parent Relationship": "Outer", "Join Type": "Inner", "Startup Cost": 920816.24, "Total Cost": 989545.2, "Plan Rows": 357379, "Plan Width": 32, "Actual Startup Time": 5217.107, "Actual Total Time": 6308.247, "Actual Rows": 323005, "Actual Loops": 1, "Inner Unique": false, "Merge Cond": "(ci.person_id = an1.person_id)", "Plans": [{"Node Type": "Sort", "Parent Relationship": "Outer", "Startup Cost": 920816.17, "Total Cost": 922593.71, "Plan Rows": 711018, "Plan Width": 12, "Actual Startup Time": 5216.995, "Actual Total Time": 5281.51, "Actual Rows": 285537, "Actual Loops": 1, "Sort Key": ["ci.person_id"], "Sort Method": "quicksort", "Sort Space Used": 39058, "Sort Space Type": "Memory", "Plans": [{"Node Type": "Merge Join", "Parent Relationship": "Outer", "Join Type": "Inner", "Startup Cost": 812111.15, "Total Cost": 851706.9, "Plan Rows": 711018, "Plan Width": 12, "Actual Startup Time": 4647.938, "Actual Total Time": 5130.223, "Actual Rows": 285537, "Actual Loops": 1, "Inner Unique": false, "Merge Cond": "(mc.movie_id = ci.movie_id)", "Plans": [{"Node Type": "Sort", "Parent Relationship": "Outer", "Startup Cost": 283826.21, "Total Cost": 287031.99, "Plan Rows": 1282311, "Plan Width": 4, "Actual Startup Time": 4359.891, "Actual Total Time": 4517.837, "Actual Rows": 1153797, "Actual Loops": 1, "Sort Key": ["mc.movie_id"], "Sort Method": "quicksort", "Sort Space Used": 121265, "Sort Space Type": "Memory", "Plans": [{"Node Type": "Merge Join", "Parent Relationship": "Outer", "Join Type": "Inner", "Startup Cost": 3383.04, "Total Cost": 153733.74, "Plan Rows": 1282311, "Plan Width": 4, "Actual Startup Time": 0.108, "Actual Total Time": 3916.645, "Actual Rows": 1153797, "Actual Loops": 1, "Inner Unique": false, "Merge Cond": "(cn.id = mc.company_id)", "Plans": [{"Node Type": "Index Scan", "Parent Relationship": "Outer", "Scan Direction": "Forward", "Index Name": "company_name_pkey", "Relation Name": "company_name", "Alias": "cn", "Startup Cost": 0.0, "Total Cost": 10501.39, "Plan Rows": 85170, "Plan Width": 4, "Actual Startup Time": 0.065, "Actual Total Time": 344.843, "Actual Rows": 84843, "Actual Loops": 1, "Filter": "((country_code)::text = '[us]'::text)", "Rows Removed by Filter": 150153}, {"Node Type": "Index Scan", "Parent Relationship": "Inner", "Scan Direction": "Forward", "Index Name": "company_id_movie_companies", "Relation Name": "movie_companies", "Alias": "mc", "Startup Cost": 0.0, "Total Cost": 123673.5, "Plan Rows": 2609128, "Plan Width": 8, "Actual Startup Time": 0.034, "Actual Total Time": 3014.989, "Actual Rows": 2609128, "Actual Loops": 1}]}]}, {"Node Type": "Sort", "Parent Relationship": "Inner", "Startup Cost": 528284.62, "Total Cost": 536525.42, "Plan Rows": 3296318, "Plan Width": 8, "Actual Startup Time": 287.964, "Actual Total Time": 345.865, "Actual Rows": 461759, "Actual Loops": 1, "Sort Key": ["ci.movie_id"], "Sort Method": "quicksort", "Sort Space Used": 29564, "Sort Space Type": "Memory", "Plans": [{"Node Type": "Nested Loop", "Parent Relationship": "Outer", "Join Type": "Inner", "Startup Cost": 0.0, "Total Cost": 171418.25, "Plan Rows": 3296318, "Plan Width": 8, "Actual Startup Time": 0.127, "Actual Total Time": 188.449, "Actual Rows": 276403, "Actual Loops": 1, "Inner Unique": false, "Plans": [{"Node Type": "Index Scan", "Parent Relationship": "Outer", "Scan Direction": "Forward", "Index Name": "role_type_pkey", "Relation Name": "role_type", "Alias": "rt", "Startup Cost": 0.0, "Total Cost": 12.46, "Plan Rows": 1, "Plan Width": 4, "Actual Startup Time": 0.074, "Actual Total Time": 0.087, "Actual Rows": 1, "Actual Loops": 1, "Filter": "((role)::text = 'costume designer'::text)", "Rows Removed by Filter": 11}, {"Node Type": "Index Scan", "Parent Relationship": "Inner", "Scan Direction": "Forward", "Index Name": "role_id_cast_info", "Relation Name": "cast_info", "Alias": "ci", "Startup Cost": 0.0, "Total Cost": 138442.61, "Plan Rows": 3296318, "Plan Width": 12, "Actual Startup Time": 0.04, "Actual Total Time": 136.83, "Actual Rows": 276403, "Actual Loops": 1, "Index Cond": "(role_id = rt.id), (LLVM Optimized, Jit Execute)", "Rows Removed by Index Recheck": 0}]}]}]}]}, {"Node Type": "Index Scan", "Parent Relationship": "Inner", "Scan Direction": "Forward", "Index Name": "person_id_aka_name", "Relation Name": "aka_name", "Alias": "an1", "Startup Cost": 0.0, "Total Cost": 68965.03, "Plan Rows": 901342, "Plan Width": 20, "Actual Startup Time": 0.066, "Actual Total Time": 759.491, "Actual Rows": 1003872, "Actual Loops": 1}]}, {"Node Type": "Index Scan", "Parent Relationship": "Inner", "Scan Direction": "Forward", "Index Name": "title_pkey", "Relation Name": "title", "Alias": "t", "Startup Cost": 0.0, "Total Cost": 0.27, "Plan Rows": 1, "Plan Width": 21, "Actual Startup Time": 1028.829, "Actual Total Time": 1028.829, "Actual Rows": 323005, "Actual Loops": 323005, "Index Cond": "(id = ci.movie_id)", "Rows Removed by Index Recheck": 0}]}, {"Node Type": "Index Only Scan", "Parent Relationship": "Inner", "Scan Direction": "Forward", "Index Name": "name_pkey", "Relation Name": "name", "Alias": "n1", "Startup Cost": 0.0, "Total Cost": 0.27, "Plan Rows": 1, "Plan Width": 4, "Actual Startup Time": 663.989, "Actual Total Time": 663.989, "Actual Rows": 323005, "Actual Loops": 323005, "Index Cond": "(id = ci.person_id)", "Rows Removed by Index Recheck": 0, "Heap Fetches": 0}]}]}, "Triggers": [], "Planner Runtime": 38.892, "Total Runtime": 8711.392, "Unique SQL Id": 2457761703}}, "(1, '26')": {"explain_plan": {"Plan": {"Node Type": "Aggregate", "Strategy": "Plain", "Startup Cost": 3058344.51, "Total Cost": 3058344.52, "Plan Rows": 1, "Plan Width": 97, "Plans": [{"Node Type": "Merge Join", "Parent Relationship": "Outer", "Join Type": "Inner", "Startup Cost": 3020614.54, "Total Cost": 3056559.02, "Plan Rows": 357098, "Plan Width": 33, "Inner Unique": true, "Merge Cond": "(an1.person_id = n1.id)", "Plans": [{"Node Type": "Merge Join", "Parent Relationship": "Outer", "Join Type": "Inner", "Startup Cost": 2469311.18, "Total Cost": 2479955.2, "Plan Rows": 357098, "Plan Width": 41, "Inner Unique": false, "Merge Cond": "(ci.person_id = an1.person_id)", "Plans": [{"Node Type": "Sort", "Parent Relationship": "Outer", "Startup Cost": 2360252.24, "Total Cost": 2362028.39, "Plan Rows": 710459, "Plan Width": 21, "Sort Key": ["ci.person_id"], "Plans": [{"Node Type": "Merge Join", "Parent Relationship": "Outer", "Join Type": "Inner", "Startup Cost": 2230093.47, "Total Cost": 2291201.34, "Plan Rows": 710459, "Plan Width": 21, "Inner Unique": true, "Merge Cond": "(ci.movie_id = t.id)", "Plans": [{"Node Type": "Merge Join", "Parent Relationship": "Outer", "Join Type": "Inner", "Startup Cost": 1901141.44, "Total Cost": 1940737.19, "Plan Rows": 711018, "Plan Width": 12, "Inner Unique": false, "Merge Cond": "(mc.movie_id = ci.movie_id)", "Plans": [{"Node Type": "Sort", "Parent Relationship": "Outer", "Startup Cost": 489151.99, "Total Cost": 492357.77, "Plan Rows": 1282311, "Plan Width": 4, "Sort Key": ["mc.movie_id"], "Plans": [{"Node Type": "Merge Join", "Parent Relationship": "Outer", "Join Type": "Inner", "Startup Cost": 333103.9, "Total Cost": 359059.52, "Plan Rows": 1282311, "Plan Width": 4, "Inner Unique": false, "Merge Cond": "(cn.id = mc.company_id)", "Plans": [{"Node Type": "Sort", "Parent Relationship": "Outer", "Startup Cost": 12878.05, "Total Cost": 13090.97, "Plan Rows": 85170, "Plan Width": 4, "Sort Key": ["cn.id"], "Plans": [{"Node Type": "Seq Scan", "Parent Relationship": "Outer", "Relation Name": "company_name", "Alias": "cn", "Startup Cost": 0.0, "Total Cost": 5903.45, "Plan Rows": 85170, "Plan Width": 4, "Filter": "((country_code)::text = '[us]'::text)"}]}, {"Node Type": "Sort", "Parent Relationship": "Inner", "Startup Cost": 319886.87, "Total Cost": 326409.69, "Plan Rows": 2609128, "Plan Width": 8, "Sort Key": ["mc.company_id"], "Plans": [{"Node Type": "Seq Scan", "Parent Relationship": "Outer", "Relation Name": "movie_companies", "Alias": "mc", "Startup Cost": 0.0, "Total Cost": 41817.28, "Plan Rows": 2609128, "Plan Width": 8}]}]}]}, {"Node Type": "Sort", "Parent Relationship": "Inner", "Startup Cost": 1411989.14, "Total Cost": 1420229.93, "Plan Rows": 3296318, "Plan Width": 8, "Sort Key": ["ci.movie_id"], "Plans": [{"Node Type": "Nested Loop", "Parent Relationship": "Outer", "Join Type": "Inner", "Startup Cost": 0.0, "Total Cost": 1055122.77, "Plan Rows": 3296318, "Plan Width": 8, "Inner Unique": false, "Join Filter": "(ci.role_id = rt.id), (LLVM Optimized)", "Plans": [{"Node Type": "Seq Scan", "Parent Relationship": "Outer", "Relation Name": "role_type", "Alias": "rt", "Startup Cost": 0.0, "Total Cost": 1.15, "Plan Rows": 1, "Plan Width": 4, "Filter": "((role)::text = 'costume designer'::text)"}, {"Node Type": "Seq Scan", "Parent Relationship": "Inner", "Relation Name": "cast_info", "Alias": "ci", "Startup Cost": 0.0, "Total Cost": 601877.94, "Plan Rows": 36259494, "Plan Width": 12}]}]}]}, {"Node Type": "Sort", "Parent Relationship": "Inner", "Startup Cost": 328951.73, "Total Cost": 335272.51, "Plan Rows": 2528311, "Plan Width": 21, "Sort Key": ["t.id"], "Plans": [{"Node Type": "Seq Scan", "Parent Relationship": "Outer", "Relation Name": "title", "Alias": "t", "Startup Cost": 0.0, "Total Cost": 60069.11, "Plan Rows": 2528311, "Plan Width": 21}]}]}]}, {"Node Type": "Sort", "Parent Relationship": "Inner", "Startup Cost": 109058.87, "Total Cost": 111312.23, "Plan Rows": 901342, "Plan Width": 20, "Sort Key": ["an1.person_id"], "Plans": [{"Node Type": "Seq Scan", "Parent Relationship": "Outer", "Relation Name": "aka_name", "Alias": "an1", "Startup Cost": 0.0, "Total Cost": 19908.42, "Plan Rows": 901342, "Plan Width": 20}]}]}, {"Node Type": "Sort", "Parent Relationship": "Inner", "Startup Cost": 551303.0, "Total Cost": 561721.72, "Plan Rows": 4167490, "Plan Width": 4, "Sort Key": ["n1.id"], "Plans": [{"Node Type": "Seq Scan", "Parent Relationship": "Outer", "Relation Name": "name", "Alias": "n1", "Startup Cost": 0.0, "Total Cost": 93071.9, "Plan Rows": 4167490, "Plan Width": 4}]}]}]}, "Unique SQL Id": 2457761703, "Planner Runtime": 38}, "explain_analyze_plan": null}, "(1, '27')": {"explain_plan": {"Plan": {"Node Type": "Aggregate", "Strategy": "Plain", "Startup Cost": 6752833214283.18, "Total Cost": 6752833214283.19, "Plan Rows": 1, "Plan Width": 97, "Plans": [{"Node Type": "Nested Loop", "Parent Relationship": "Outer", "Join Type": "Inner", "Startup Cost": 70071825122.57, "Total Cost": 6752833212497.69, "Plan Rows": 357098, "Plan Width": 33, "Inner Unique": false, "Join Filter": "(t.id = ci.movie_id), (LLVM Optimized)", "Plans": [{"Node Type": "Merge Join", "Parent Relationship": "Outer", "Join Type": "Inner", "Startup Cost": 30021927926.2, "Total Cost": 3002409653794.57, "Plan Rows": 1282311, "Plan Width": 25, "Inner Unique": true, "Merge Cond": "(mc.movie_id = t.id)", "Plans": [{"Node Type": "Nested Loop", "Parent Relationship": "Outer", "Join Type": "Inner", "Startup Cost": 20000000000.0, "Total Cost": 2003347393774.42, "Plan Rows": 1282311, "Plan Width": 4, "Inner Unique": true, "Join Filter": "(cn.id = mc.company_id), (LLVM Optimized)", "Plans": [{"Node Type": "Index Scan", "Parent Relationship": "Outer", "Scan Direction": "Forward", "Index Name": "movie_id_movie_companies", "Relation Name": "movie_companies", "Alias": "mc", "Startup Cost": 10000000000.0, "Total Cost": 1000013051946.13, "Plan Rows": 2609128, "Plan Width": 8}, {"Node Type": "Materialize", "Parent Relationship": "Inner", "Startup Cost": 10000000000.0, "Total Cost": 1000001050564.82, "Plan Rows": 85170, "Plan Width": 4, "Plans": [{"Node Type": "Index Scan", "Parent Relationship": "Outer", "Scan Direction": "Forward", "Index Name": "company_name_pkey", "Relation Name": "company_name", "Alias": "cn", "Startup Cost": 10000000000.0, "Total Cost": 1000001050138.97, "Plan Rows": 85170, "Plan Width": 4, "Filter": "((country_code)::text = '[us]'::text)"}]}]}, {"Node Type": "Index Scan", "Parent Relationship": "Inner", "Scan Direction": "Forward", "Index Name": "title_pkey", "Relation Name": "title", "Alias": "t", "Startup Cost": 10000000000.0, "Total Cost": 1000011012048.91, "Plan Rows": 2528311, "Plan Width": 21}]}, {"Node Type": "Materialize", "Parent Relationship": "Inner", "Startup Cost": 40049897196.36, "Total Cost": 3721868009571.57, "Plan Rows": 1484588, "Plan Width": 20, "Plans": [{"Node Type": "Nested Loop", "Parent Relationship": "Outer", "Join Type": "Inner", "Startup Cost": 40049897196.36, "Total Cost": 3721868002148.63, "Plan Rows": 1484588, "Plan Width": 20, "Inner Unique": false, "Join Filter": "(ci.role_id = rt.id), (LLVM Optimized)", "Plans": [{"Node Type": "Index Scan", "Parent Relationship": "Outer", "Scan Direction": "Forward", "Index Name": "role_type_pkey", "Relation Name": "role_type", "Alias": "rt", "Startup Cost": 10000000000.0, "Total Cost": 1000000001246.0, "Plan Rows": 1, "Plan Width": 4, "Filter": "((role)::text = 'costume designer'::text)"}, {"Node Type": "Merge Join", "Parent Relationship": "Inner", "Join Type": "Inner", "Startup Cost": 30049897196.36, "Total Cost": 2721867796771.75, "Plan Rows": 16330470, "Plan Width": 24, "Inner Unique": false, "Merge Cond": "(an1.person_id = ci.person_id)", "Plans": [{"Node Type": "Merge Join", "Parent Relationship": "Outer", "Join Type": "Inner", "Startup Cost": 20030754356.47, "Total Cost": 2000002534968.85, "Plan Rows": 901342, "Plan Width": 24, "Inner Unique": true, "Merge Cond": "(an1.person_id = n1.id)", "Plans": [{"Node Type": "Index Scan", "Parent Relationship": "Outer", "Scan Direction": "Forward", "Index Name": "person_id_aka_name", "Relation Name": "aka_name", "Alias": "an1", "Startup Cost": 10000000000.0, "Total Cost": 1000006896503.43, "Plan Rows": 901342, "Plan Width": 20}, {"Node Type": "Index Only Scan", "Parent Relationship": "Inner", "Scan Direction": "Forward", "Index Name": "name_pkey", "Relation Name": "name", "Alias": "n1", "Startup Cost": 10000000000.0, "Total Cost": 1000012483260.0, "Plan Rows": 4167490, "Plan Width": 4}]}, {"Node Type": "Index Scan", "Parent Relationship": "Inner", "Scan Direction": "Forward", "Index Name": "person_id_cast_info", "Relation Name": "cast_info", "Alias": "ci", "Startup Cost": 10000000000.0, "Total Cost": 1000170648833.21, "Plan Rows": 36259494, "Plan Width": 12}]}]}]}]}]}, "Unique SQL Id": 2457761703, "Planner Runtime": 63}, "explain_analyze_plan": null}, "(1, '28')": {"explain_plan": {"Plan": {"Node Type": "Aggregate", "Strategy": "Plain", "Startup Cost": 1196640.37, "Total Cost": 1196640.38, "Plan Rows": 1, "Plan Width": 97, "Plans": [{"Node Type": "Nested Loop", "Parent Relationship": "Outer", "Join Type": "Inner", "Startup Cost": 920804.93, "Total Cost": 1194854.88, "Plan Rows": 357098, "Plan Width": 33, "Inner Unique": true, "Join Filter": "(an1.person_id = n1.id), (LLVM Optimized)", "Plans": [{"Node Type": "Nested Loop", "Parent Relationship": "Outer", "Join Type": "Inner", "Startup Cost": 920804.93, "Total Cost": 1091336.23, "Plan Rows": 357098, "Plan Width": 41, "Inner Unique": true, "Plans": [{"Node Type": "Merge Join", "Parent Relationship": "Outer", "Join Type": "Inner", "Startup Cost": 920804.93, "Total Cost": 989533.89, "Plan Rows": 357379, "Plan Width": 32, "Inner Unique": false, "Merge Cond": "(an1.person_id = ci.person_id)", "Plans": [{"Node Type": "Index Scan", "Parent Relationship": "Outer", "Scan Direction": "Forward", "Index Name": "person_id_aka_name", "Relation Name": "aka_name", "Alias": "an1", "Startup Cost": 0.0, "Total Cost": 68965.03, "Plan Rows": 901342, "Plan Width": 20}, {"Node Type": "Sort", "Parent Relationship": "Inner", "Startup Cost": 920804.86, "Total Cost": 922582.4, "Plan Rows": 711018, "Plan Width": 12, "Sort Key": ["ci.person_id"], "Plans": [{"Node Type": "Merge Join", "Parent Relationship": "Outer", "Join Type": "Inner", "Startup Cost": 812099.84, "Total Cost": 851695.59, "Plan Rows": 711018, "Plan Width": 12, "Inner Unique": false, "Merge Cond": "(mc.movie_id = ci.movie_id)", "Plans": [{"Node Type": "Sort", "Parent Relationship": "Outer", "Startup Cost": 283826.21, "Total Cost": 287031.99, "Plan Rows": 1282311, "Plan Width": 4, "Sort Key": ["mc.movie_id"], "Plans": [{"Node Type": "Merge Join", "Parent Relationship": "Outer", "Join Type": "Inner", "Startup Cost": 3383.04, "Total Cost": 153733.74, "Plan Rows": 1282311, "Plan Width": 4, "Inner Unique": false, "Merge Cond": "(cn.id = mc.company_id)", "Plans": [{"Node Type": "Index Scan", "Parent Relationship": "Outer", "Scan Direction": "Forward", "Index Name": "company_name_pkey", "Relation Name": "company_name", "Alias": "cn", "Startup Cost": 0.0, "Total Cost": 10501.39, "Plan Rows": 85170, "Plan Width": 4, "Filter": "((country_code)::text = '[us]'::text)"}, {"Node Type": "Index Scan", "Parent Relationship": "Inner", "Scan Direction": "Forward", "Index Name": "company_id_movie_companies", "Relation Name": "movie_companies", "Alias": "mc", "Startup Cost": 0.0, "Total Cost": 123673.5, "Plan Rows": 2609128, "Plan Width": 8}]}]}, {"Node Type": "Sort", "Parent Relationship": "Inner", "Startup Cost": 528273.31, "Total Cost": 536514.11, "Plan Rows": 3296318, "Plan Width": 8, "Sort Key": ["ci.movie_id"], "Plans": [{"Node Type": "Nested Loop", "Parent Relationship": "Outer", "Join Type": "Inner", "Startup Cost": 0.0, "Total Cost": 171406.94, "Plan Rows": 3296318, "Plan Width": 8, "Inner Unique": false, "Plans": [{"Node Type": "Seq Scan", "Parent Relationship": "Outer", "Relation Name": "role_type", "Alias": "rt", "Startup Cost": 0.0, "Total Cost": 1.15, "Plan Rows": 1, "Plan Width": 4, "Filter": "((role)::text = 'costume designer'::text)"}, {"Node Type": "Index Scan", "Parent Relationship": "Inner", "Scan Direction": "Forward", "Index Name": "role_id_cast_info", "Relation Name": "cast_info", "Alias": "ci", "Startup Cost": 0.0, "Total Cost": 138442.61, "Plan Rows": 3296318, "Plan Width": 12, "Index Cond": "(role_id = rt.id), (LLVM Optimized)"}]}]}]}]}]}, {"Node Type": "Index Scan", "Parent Relationship": "Inner", "Scan Direction": "Forward", "Index Name": "title_pkey", "Relation Name": "title", "Alias": "t", "Startup Cost": 0.0, "Total Cost": 0.27, "Plan Rows": 1, "Plan Width": 21, "Index Cond": "(id = ci.movie_id)"}]}, {"Node Type": "Index Scan", "Parent Relationship": "Inner", "Scan Direction": "Forward", "Index Name": "name_pkey", "Relation Name": "name", "Alias": "n1", "Startup Cost": 0.0, "Total Cost": 0.28, "Plan Rows": 1, "Plan Width": 4, "Index Cond": "(id = ci.person_id)"}]}]}, "Unique SQL Id": 2457761703, "Planner Runtime": 41}, "explain_analyze_plan": {"Plan": {"Node Type": "Aggregate", "Strategy": "Plain", "Startup Cost": 1196640.37, "Total Cost": 1196640.38, "Plan Rows": 1, "Plan Width": 97, "Actual Startup Time": 7843.494, "Actual Total Time": 7843.494, "Actual Rows": 1, "Actual Loops": 1, "Plans": [{"Node Type": "Nested Loop", "Parent Relationship": "Outer", "Join Type": "Inner", "Startup Cost": 920804.93, "Total Cost": 1194854.88, "Plan Rows": 357098, "Plan Width": 33, "Actual Startup Time": 4563.29, "Actual Total Time": 7640.086, "Actual Rows": 323005, "Actual Loops": 1, "Inner Unique": true, "Join Filter": "(an1.person_id = n1.id), (LLVM Optimized, Jit Execute)", "Rows Removed by Join Filter": 0, "Plans": [{"Node Type": "Nested Loop", "Parent Relationship": "Outer", "Join Type": "Inner", "Startup Cost": 920804.93, "Total Cost": 1091336.23, "Plan Rows": 357098, "Plan Width": 41, "Actual Startup Time": 4563.275, "Actual Total Time": 6531.91, "Actual Rows": 323005, "Actual Loops": 1, "Inner Unique": true, "Plans": [{"Node Type": "Merge Join", "Parent Relationship": "Outer", "Join Type": "Inner", "Startup Cost": 920804.93, "Total Cost": 989533.89, "Plan Rows": 357379, "Plan Width": 32, "Actual Startup Time": 4563.237, "Actual Total Time": 5294.469, "Actual Rows": 323005, "Actual Loops": 1, "Inner Unique": false, "Merge Cond": "(an1.person_id = ci.person_id)", "Plans": [{"Node Type": "Index Scan", "Parent Relationship": "Outer", "Scan Direction": "Forward", "Index Name": "person_id_aka_name", "Relation Name": "aka_name", "Alias": "an1", "Startup Cost": 0.0, "Total Cost": 68965.03, "Plan Rows": 901342, "Plan Width": 20, "Actual Startup Time": 0.032, "Actual Total Time": 455.66, "Actual Rows": 688852, "Actual Loops": 1}, {"Node Type": "Sort", "Parent Relationship": "Inner", "Startup Cost": 920804.86, "Total Cost": 922582.4, "Plan Rows": 711018, "Plan Width": 12, "Actual Startup Time": 4563.137, "Actual Total Time": 4627.391, "Actual Rows": 445949, "Actual Loops": 1, "Sort Key": ["ci.person_id"], "Sort Method": "quicksort", "Sort Space Used": 39058, "Sort Space Type": "Memory", "Plans": [{"Node Type": "Merge Join", "Parent Relationship": "Outer", "Join Type": "Inner", "Startup Cost": 812099.84, "Total Cost": 851695.59, "Plan Rows": 711018, "Plan Width": 12, "Actual Startup Time": 4015.948, "Actual Total Time": 4476.011, "Actual Rows": 285537, "Actual Loops": 1, "Inner Unique": false, "Merge Cond": "(mc.movie_id = ci.movie_id)", "Plans": [{"Node Type": "Sort", "Parent Relationship": "Outer", "Startup Cost": 283826.21, "Total Cost": 287031.99, "Plan Rows": 1282311, "Plan Width": 4, "Actual Startup Time": 3738.305, "Actual Total Time": 3883.298, "Actual Rows": 1153797, "Actual Loops": 1, "Sort Key": ["mc.movie_id"], "Sort Method": "quicksort", "Sort Space Used": 121265, "Sort Space Type": "Memory", "Plans": [{"Node Type": "Merge Join", "Parent Relationship": "Outer", "Join Type": "Inner", "Startup Cost": 3383.04, "Total Cost": 153733.74, "Plan Rows": 1282311, "Plan Width": 4, "Actual Startup Time": 0.055, "Actual Total Time": 3307.627, "Actual Rows": 1153797, "Actual Loops": 1, "Inner Unique": false, "Merge Cond": "(cn.id = mc.company_id)", "Plans": [{"Node Type": "Index Scan", "Parent Relationship": "Outer", "Scan Direction": "Forward", "Index Name": "company_name_pkey", "Relation Name": "company_name", "Alias": "cn", "Startup Cost": 0.0, "Total Cost": 10501.39, "Plan Rows": 85170, "Plan Width": 4, "Actual Startup Time": 0.03, "Actual Total Time": 335.222, "Actual Rows": 84843, "Actual Loops": 1, "Filter": "((country_code)::text = '[us]'::text)", "Rows Removed by Filter": 150153}, {"Node Type": "Index Scan", "Parent Relationship": "Inner", "Scan Direction": "Forward", "Index Name": "company_id_movie_companies", "Relation Name": "movie_companies", "Alias": "mc", "Startup Cost": 0.0, "Total Cost": 123673.5, "Plan Rows": 2609128, "Plan Width": 8, "Actual Startup Time": 0.018, "Actual Total Time": 2412.353, "Actual Rows": 2609128, "Actual Loops": 1}]}]}, {"Node Type": "Sort", "Parent Relationship": "Inner", "Startup Cost": 528273.31, "Total Cost": 536514.11, "Plan Rows": 3296318, "Plan Width": 8, "Actual Startup Time": 277.625, "Actual Total Time": 327.038, "Actual Rows": 461759, "Actual Loops": 1, "Sort Key": ["ci.movie_id"], "Sort Method": "quicksort", "Sort Space Used": 29564, "Sort Space Type": "Memory", "Plans": [{"Node Type": "Nested Loop", "Parent Relationship": "Outer", "Join Type": "Inner", "Startup Cost": 0.0, "Total Cost": 171406.94, "Plan Rows": 3296318, "Plan Width": 8, "Actual Startup Time": 0.12, "Actual Total Time": 178.952, "Actual Rows": 276403, "Actual Loops": 1, "Inner Unique": false, "Plans": [{"Node Type": "Seq Scan", "Parent Relationship": "Outer", "Relation Name": "role_type", "Alias": "rt", "Startup Cost": 0.0, "Total Cost": 1.15, "Plan Rows": 1, "Plan Width": 4, "Actual Startup Time": 0.053, "Actual Total Time": 0.066, "Actual Rows": 1, "Actual Loops": 1, "Filter": "((role)::text = 'costume designer'::text)", "Rows Removed by Filter": 11}, {"Node Type": "Index Scan", "Parent Relationship": "Inner", "Scan Direction": "Forward", "Index Name": "role_id_cast_info", "Relation Name": "cast_info", "Alias": "ci", "Startup Cost": 0.0, "Total Cost": 138442.61, "Plan Rows": 3296318, "Plan Width": 12, "Actual Startup Time": 0.052, "Actual Total Time": 125.104, "Actual Rows": 276403, "Actual Loops": 1, "Index Cond": "(role_id = rt.id), (LLVM Optimized, Jit Execute)", "Rows Removed by Index Recheck": 0}]}]}]}]}]}, {"Node Type": "Index Scan", "Parent Relationship": "Inner", "Scan Direction": "Forward", "Index Name": "title_pkey", "Relation Name": "title", "Alias": "t", "Startup Cost": 0.0, "Total Cost": 0.27, "Plan Rows": 1, "Plan Width": 21, "Actual Startup Time": 990.119, "Actual Total Time": 990.119, "Actual Rows": 323005, "Actual Loops": 323005, "Index Cond": "(id = ci.movie_id)", "Rows Removed by Index Recheck": 0}]}, {"Node Type": "Index Scan", "Parent Relationship": "Inner", "Scan Direction": "Forward", "Index Name": "name_pkey", "Relation Name": "name", "Alias": "n1", "Startup Cost": 0.0, "Total Cost": 0.28, "Plan Rows": 1, "Plan Width": 4, "Actual Startup Time": 832.546, "Actual Total Time": 832.546, "Actual Rows": 323005, "Actual Loops": 323005, "Index Cond": "(id = ci.person_id)", "Rows Removed by Index Recheck": 0}]}]}, "Triggers": [], "Planner Runtime": 40.976, "Total Runtime": 7853.617, "Unique SQL Id": 2457761703}}, "(1, '29')": {"explain_plan": {"Plan": {"Node Type": "Aggregate", "Strategy": "Plain", "Startup Cost": 1196651.68, "Total Cost": 1196651.69, "Plan Rows": 1, "Plan Width": 97, "Plans": [{"Node Type": "Nested Loop", "Parent Relationship": "Outer", "Join Type": "Inner", "Startup Cost": 920816.24, "Total Cost": 1194866.19, "Plan Rows": 357098, "Plan Width": 33, "Inner Unique": true, "Join Filter": "(an1.person_id = n1.id), (LLVM Optimized)", "Plans": [{"Node Type": "Nested Loop", "Parent Relationship": "Outer", "Join Type": "Inner", "Startup Cost": 920816.24, "Total Cost": 1091347.54, "Plan Rows": 357098, "Plan Width": 41, "Inner Unique": true, "Plans": [{"Node Type": "Merge Join", "Parent Relationship": "Outer", "Join Type": "Inner", "Startup Cost": 920816.24, "Total Cost": 989545.2, "Plan Rows": 357379, "Plan Width": 32, "Inner Unique": false, "Merge Cond": "(ci.person_id = an1.person_id)", "Plans": [{"Node Type": "Sort", "Parent Relationship": "Outer", "Startup Cost": 920816.17, "Total Cost": 922593.71, "Plan Rows": 711018, "Plan Width": 12, "Sort Key": ["ci.person_id"], "Plans": [{"Node Type": "Merge Join", "Parent Relationship": "Outer", "Join Type": "Inner", "Startup Cost": 812111.15, "Total Cost": 851706.9, "Plan Rows": 711018, "Plan Width": 12, "Inner Unique": false, "Merge Cond": "(mc.movie_id = ci.movie_id)", "Plans": [{"Node Type": "Sort", "Parent Relationship": "Outer", "Startup Cost": 283826.21, "Total Cost": 287031.99, "Plan Rows": 1282311, "Plan Width": 4, "Sort Key": ["mc.movie_id"], "Plans": [{"Node Type": "Merge Join", "Parent Relationship": "Outer", "Join Type": "Inner", "Startup Cost": 3383.04, "Total Cost": 153733.74, "Plan Rows": 1282311, "Plan Width": 4, "Inner Unique": false, "Merge Cond": "(cn.id = mc.company_id)", "Plans": [{"Node Type": "Index Scan", "Parent Relationship": "Outer", "Scan Direction": "Forward", "Index Name": "company_name_pkey", "Relation Name": "company_name", "Alias": "cn", "Startup Cost": 0.0, "Total Cost": 10501.39, "Plan Rows": 85170, "Plan Width": 4, "Filter": "((country_code)::text = '[us]'::text)"}, {"Node Type": "Index Scan", "Parent Relationship": "Inner", "Scan Direction": "Forward", "Index Name": "company_id_movie_companies", "Relation Name": "movie_companies", "Alias": "mc", "Startup Cost": 0.0, "Total Cost": 123673.5, "Plan Rows": 2609128, "Plan Width": 8}]}]}, {"Node Type": "Sort", "Parent Relationship": "Inner", "Startup Cost": 528284.62, "Total Cost": 536525.42, "Plan Rows": 3296318, "Plan Width": 8, "Sort Key": ["ci.movie_id"], "Plans": [{"Node Type": "Nested Loop", "Parent Relationship": "Outer", "Join Type": "Inner", "Startup Cost": 0.0, "Total Cost": 171418.25, "Plan Rows": 3296318, "Plan Width": 8, "Inner Unique": false, "Plans": [{"Node Type": "Index Scan", "Parent Relationship": "Outer", "Scan Direction": "Forward", "Index Name": "role_type_pkey", "Relation Name": "role_type", "Alias": "rt", "Startup Cost": 0.0, "Total Cost": 12.46, "Plan Rows": 1, "Plan Width": 4, "Filter": "((role)::text = 'costume designer'::text)"}, {"Node Type": "Index Scan", "Parent Relationship": "Inner", "Scan Direction": "Forward", "Index Name": "role_id_cast_info", "Relation Name": "cast_info", "Alias": "ci", "Startup Cost": 0.0, "Total Cost": 138442.61, "Plan Rows": 3296318, "Plan Width": 12, "Index Cond": "(role_id = rt.id), (LLVM Optimized)"}]}]}]}]}, {"Node Type": "Index Scan", "Parent Relationship": "Inner", "Scan Direction": "Forward", "Index Name": "person_id_aka_name", "Relation Name": "aka_name", "Alias": "an1", "Startup Cost": 0.0, "Total Cost": 68965.03, "Plan Rows": 901342, "Plan Width": 20}]}, {"Node Type": "Index Scan", "Parent Relationship": "Inner", "Scan Direction": "Forward", "Index Name": "title_pkey", "Relation Name": "title", "Alias": "t", "Startup Cost": 0.0, "Total Cost": 0.27, "Plan Rows": 1, "Plan Width": 21, "Index Cond": "(id = ci.movie_id)"}]}, {"Node Type": "Index Scan", "Parent Relationship": "Inner", "Scan Direction": "Forward", "Index Name": "name_pkey", "Relation Name": "name", "Alias": "n1", "Startup Cost": 0.0, "Total Cost": 0.28, "Plan Rows": 1, "Plan Width": 4, "Index Cond": "(id = ci.person_id)"}]}]}, "Unique SQL Id": 2457761703, "Planner Runtime": 39}, "explain_analyze_plan": {"Plan": {"Node Type": "Aggregate", "Strategy": "Plain", "Startup Cost": 1196651.68, "Total Cost": 1196651.69, "Plan Rows": 1, "Plan Width": 97, "Actual Startup Time": 8150.772, "Actual Total Time": 8150.773, "Actual Rows": 1, "Actual Loops": 1, "Plans": [{"Node Type": "Nested Loop", "Parent Relationship": "Outer", "Join Type": "Inner", "Startup Cost": 920816.24, "Total Cost": 1194866.19, "Plan Rows": 357098, "Plan Width": 33, "Actual Startup Time": 4679.902, "Actual Total Time": 7937.936, "Actual Rows": 323005, "Actual Loops": 1, "Inner Unique": true, "Join Filter": "(an1.person_id = n1.id), (LLVM Optimized, Jit Execute)", "Rows Removed by Join Filter": 0, "Plans": [{"Node Type": "Nested Loop", "Parent Relationship": "Outer", "Join Type": "Inner", "Startup Cost": 920816.24, "Total Cost": 1091347.54, "Plan Rows": 357098, "Plan Width": 41, "Actual Startup Time": 4679.881, "Actual Total Time": 6844.47, "Actual Rows": 323005, "Actual Loops": 1, "Inner Unique": true, "Plans": [{"Node Type": "Merge Join", "Parent Relationship": "Outer", "Join Type": "Inner", "Startup Cost": 920816.24, "Total Cost": 989545.2, "Plan Rows": 357379, "Plan Width": 32, "Actual Startup Time": 4679.852, "Actual Total Time": 5632.534, "Actual Rows": 323005, "Actual Loops": 1, "Inner Unique": false, "Merge Cond": "(ci.person_id = an1.person_id)", "Plans": [{"Node Type": "Sort", "Parent Relationship": "Outer", "Startup Cost": 920816.17, "Total Cost": 922593.71, "Plan Rows": 711018, "Plan Width": 12, "Actual Startup Time": 4679.751, "Actual Total Time": 4729.339, "Actual Rows": 285537, "Actual Loops": 1, "Sort Key": ["ci.person_id"], "Sort Method": "quicksort", "Sort Space Used": 39058, "Sort Space Type": "Memory", "Plans": [{"Node Type": "Merge Join", "Parent Relationship": "Outer", "Join Type": "Inner", "Startup Cost": 812111.15, "Total Cost": 851706.9, "Plan Rows": 711018, "Plan Width": 12, "Actual Startup Time": 4125.839, "Actual Total Time": 4592.801, "Actual Rows": 285537, "Actual Loops": 1, "Inner Unique": false, "Merge Cond": "(mc.movie_id = ci.movie_id)", "Plans": [{"Node Type": "Sort", "Parent Relationship": "Outer", "Startup Cost": 283826.21, "Total Cost": 287031.99, "Plan Rows": 1282311, "Plan Width": 4, "Actual Startup Time": 3848.069, "Actual Total Time": 3999.455, "Actual Rows": 1153797, "Actual Loops": 1, "Sort Key": ["mc.movie_id"], "Sort Method": "quicksort", "Sort Space Used": 121265, "Sort Space Type": "Memory", "Plans": [{"Node Type": "Merge Join", "Parent Relationship": "Outer", "Join Type": "Inner", "Startup Cost": 3383.04, "Total Cost": 153733.74, "Plan Rows": 1282311, "Plan Width": 4, "Actual Startup Time": 0.072, "Actual Total Time": 3418.886, "Actual Rows": 1153797, "Actual Loops": 1, "Inner Unique": false, "Merge Cond": "(cn.id = mc.company_id)", "Plans": [{"Node Type": "Index Scan", "Parent Relationship": "Outer", "Scan Direction": "Forward", "Index Name": "company_name_pkey", "Relation Name": "company_name", "Alias": "cn", "Startup Cost": 0.0, "Total Cost": 10501.39, "Plan Rows": 85170, "Plan Width": 4, "Actual Startup Time": 0.043, "Actual Total Time": 335.876, "Actual Rows": 84843, "Actual Loops": 1, "Filter": "((country_code)::text = '[us]'::text)", "Rows Removed by Filter": 150153}, {"Node Type": "Index Scan", "Parent Relationship": "Inner", "Scan Direction": "Forward", "Index Name": "company_id_movie_companies", "Relation Name": "movie_companies", "Alias": "mc", "Startup Cost": 0.0, "Total Cost": 123673.5, "Plan Rows": 2609128, "Plan Width": 8, "Actual Startup Time": 0.019, "Actual Total Time": 2520.194, "Actual Rows": 2609128, "Actual Loops": 1}]}]}, {"Node Type": "Sort", "Parent Relationship": "Inner", "Startup Cost": 528284.62, "Total Cost": 536525.42, "Plan Rows": 3296318, "Plan Width": 8, "Actual Startup Time": 277.754, "Actual Total Time": 328.111, "Actual Rows": 461759, "Actual Loops": 1, "Sort Key": ["ci.movie_id"], "Sort Method": "quicksort", "Sort Space Used": 29564, "Sort Space Type": "Memory", "Plans": [{"Node Type": "Nested Loop", "Parent Relationship": "Outer", "Join Type": "Inner", "Startup Cost": 0.0, "Total Cost": 171418.25, "Plan Rows": 3296318, "Plan Width": 8, "Actual Startup Time": 0.12, "Actual Total Time": 178.617, "Actual Rows": 276403, "Actual Loops": 1, "Inner Unique": false, "Plans": [{"Node Type": "Index Scan", "Parent Relationship": "Outer", "Scan Direction": "Forward", "Index Name": "role_type_pkey", "Relation Name": "role_type", "Alias": "rt", "Startup Cost": 0.0, "Total Cost": 12.46, "Plan Rows": 1, "Plan Width": 4, "Actual Startup Time": 0.063, "Actual Total Time": 0.075, "Actual Rows": 1, "Actual Loops": 1, "Filter": "((role)::text = 'costume designer'::text)", "Rows Removed by Filter": 11}, {"Node Type": "Index Scan", "Parent Relationship": "Inner", "Scan Direction": "Forward", "Index Name": "role_id_cast_info", "Relation Name": "cast_info", "Alias": "ci", "Startup Cost": 0.0, "Total Cost": 138442.61, "Plan Rows": 3296318, "Plan Width": 12, "Actual Startup Time": 0.043, "Actual Total Time": 126.952, "Actual Rows": 276403, "Actual Loops": 1, "Index Cond": "(role_id = rt.id), (LLVM Optimized, Jit Execute)", "Rows Removed by Index Recheck": 0}]}]}]}]}, {"Node Type": "Index Scan", "Parent Relationship": "Inner", "Scan Direction": "Forward", "Index Name": "person_id_aka_name", "Relation Name": "aka_name", "Alias": "an1", "Startup Cost": 0.0, "Total Cost": 68965.03, "Plan Rows": 901342, "Plan Width": 20, "Actual Startup Time": 0.06, "Actual Total Time": 639.92, "Actual Rows": 1003872, "Actual Loops": 1}]}, {"Node Type": "Index Scan", "Parent Relationship": "Inner", "Scan Direction": "Forward", "Index Name": "title_pkey", "Relation Name": "title", "Alias": "t", "Startup Cost": 0.0, "Total Cost": 0.27, "Plan Rows": 1, "Plan Width": 21, "Actual Startup Time": 961.215, "Actual Total Time": 961.215, "Actual Rows": 323005, "Actual Loops": 323005, "Index Cond": "(id = ci.movie_id)", "Rows Removed by Index Recheck": 0}]}, {"Node Type": "Index Scan", "Parent Relationship": "Inner", "Scan Direction": "Forward", "Index Name": "name_pkey", "Relation Name": "name", "Alias": "n1", "Startup Cost": 0.0, "Total Cost": 0.28, "Plan Rows": 1, "Plan Width": 4, "Actual Startup Time": 827.233, "Actual Total Time": 827.233, "Actual Rows": 323005, "Actual Loops": 323005, "Index Cond": "(id = ci.person_id)", "Rows Removed by Index Recheck": 0}]}]}, "Triggers": [], "Planner Runtime": 38.962, "Total Runtime": 8160.57, "Unique SQL Id": 2457761703}}, "(1, '30')": {"explain_plan": {"Plan": {"Node Type": "Aggregate", "Strategy": "Plain", "Startup Cost": 3058344.51, "Total Cost": 3058344.52, "Plan Rows": 1, "Plan Width": 97, "Plans": [{"Node Type": "Merge Join", "Parent Relationship": "Outer", "Join Type": "Inner", "Startup Cost": 3020614.54, "Total Cost": 3056559.02, "Plan Rows": 357098, "Plan Width": 33, "Inner Unique": true, "Merge Cond": "(an1.person_id = n1.id)", "Plans": [{"Node Type": "Merge Join", "Parent Relationship": "Outer", "Join Type": "Inner", "Startup Cost": 2469311.18, "Total Cost": 2479955.2, "Plan Rows": 357098, "Plan Width": 41, "Inner Unique": false, "Merge Cond": "(ci.person_id = an1.person_id)", "Plans": [{"Node Type": "Sort", "Parent Relationship": "Outer", "Startup Cost": 2360252.24, "Total Cost": 2362028.39, "Plan Rows": 710459, "Plan Width": 21, "Sort Key": ["ci.person_id"], "Plans": [{"Node Type": "Merge Join", "Parent Relationship": "Outer", "Join Type": "Inner", "Startup Cost": 2230093.47, "Total Cost": 2291201.34, "Plan Rows": 710459, "Plan Width": 21, "Inner Unique": true, "Merge Cond": "(ci.movie_id = t.id)", "Plans": [{"Node Type": "Merge Join", "Parent Relationship": "Outer", "Join Type": "Inner", "Startup Cost": 1901141.44, "Total Cost": 1940737.19, "Plan Rows": 711018, "Plan Width": 12, "Inner Unique": false, "Merge Cond": "(mc.movie_id = ci.movie_id)", "Plans": [{"Node Type": "Sort", "Parent Relationship": "Outer", "Startup Cost": 489151.99, "Total Cost": 492357.77, "Plan Rows": 1282311, "Plan Width": 4, "Sort Key": ["mc.movie_id"], "Plans": [{"Node Type": "Merge Join", "Parent Relationship": "Outer", "Join Type": "Inner", "Startup Cost": 333103.9, "Total Cost": 359059.52, "Plan Rows": 1282311, "Plan Width": 4, "Inner Unique": false, "Merge Cond": "(cn.id = mc.company_id)", "Plans": [{"Node Type": "Sort", "Parent Relationship": "Outer", "Startup Cost": 12878.05, "Total Cost": 13090.97, "Plan Rows": 85170, "Plan Width": 4, "Sort Key": ["cn.id"], "Plans": [{"Node Type": "Seq Scan", "Parent Relationship": "Outer", "Relation Name": "company_name", "Alias": "cn", "Startup Cost": 0.0, "Total Cost": 5903.45, "Plan Rows": 85170, "Plan Width": 4, "Filter": "((country_code)::text = '[us]'::text)"}]}, {"Node Type": "Sort", "Parent Relationship": "Inner", "Startup Cost": 319886.87, "Total Cost": 326409.69, "Plan Rows": 2609128, "Plan Width": 8, "Sort Key": ["mc.company_id"], "Plans": [{"Node Type": "Seq Scan", "Parent Relationship": "Outer", "Relation Name": "movie_companies", "Alias": "mc", "Startup Cost": 0.0, "Total Cost": 41817.28, "Plan Rows": 2609128, "Plan Width": 8}]}]}]}, {"Node Type": "Sort", "Parent Relationship": "Inner", "Startup Cost": 1411989.14, "Total Cost": 1420229.93, "Plan Rows": 3296318, "Plan Width": 8, "Sort Key": ["ci.movie_id"], "Plans": [{"Node Type": "Nested Loop", "Parent Relationship": "Outer", "Join Type": "Inner", "Startup Cost": 0.0, "Total Cost": 1055122.77, "Plan Rows": 3296318, "Plan Width": 8, "Inner Unique": false, "Join Filter": "(ci.role_id = rt.id), (LLVM Optimized)", "Plans": [{"Node Type": "Seq Scan", "Parent Relationship": "Outer", "Relation Name": "role_type", "Alias": "rt", "Startup Cost": 0.0, "Total Cost": 1.15, "Plan Rows": 1, "Plan Width": 4, "Filter": "((role)::text = 'costume designer'::text)"}, {"Node Type": "Seq Scan", "Parent Relationship": "Inner", "Relation Name": "cast_info", "Alias": "ci", "Startup Cost": 0.0, "Total Cost": 601877.94, "Plan Rows": 36259494, "Plan Width": 12}]}]}]}, {"Node Type": "Sort", "Parent Relationship": "Inner", "Startup Cost": 328951.73, "Total Cost": 335272.51, "Plan Rows": 2528311, "Plan Width": 21, "Sort Key": ["t.id"], "Plans": [{"Node Type": "Seq Scan", "Parent Relationship": "Outer", "Relation Name": "title", "Alias": "t", "Startup Cost": 0.0, "Total Cost": 60069.11, "Plan Rows": 2528311, "Plan Width": 21}]}]}]}, {"Node Type": "Sort", "Parent Relationship": "Inner", "Startup Cost": 109058.87, "Total Cost": 111312.23, "Plan Rows": 901342, "Plan Width": 20, "Sort Key": ["an1.person_id"], "Plans": [{"Node Type": "Seq Scan", "Parent Relationship": "Outer", "Relation Name": "aka_name", "Alias": "an1", "Startup Cost": 0.0, "Total Cost": 19908.42, "Plan Rows": 901342, "Plan Width": 20}]}]}, {"Node Type": "Sort", "Parent Relationship": "Inner", "Startup Cost": 551303.0, "Total Cost": 561721.72, "Plan Rows": 4167490, "Plan Width": 4, "Sort Key": ["n1.id"], "Plans": [{"Node Type": "Seq Scan", "Parent Relationship": "Outer", "Relation Name": "name", "Alias": "n1", "Startup Cost": 0.0, "Total Cost": 93071.9, "Plan Rows": 4167490, "Plan Width": 4}]}]}]}, "Unique SQL Id": 2457761703, "Planner Runtime": 38}, "explain_analyze_plan": null}, "(1, '31')": {"explain_plan": {"Plan": {"Node Type": "Aggregate", "Strategy": "Plain", "Startup Cost": 6752837631740.06, "Total Cost": 6752837631740.07, "Plan Rows": 1, "Plan Width": 97, "Plans": [{"Node Type": "Nested Loop", "Parent Relationship": "Outer", "Join Type": "Inner", "Startup Cost": 70071825122.57, "Total Cost": 6752837629954.57, "Plan Rows": 357098, "Plan Width": 33, "Inner Unique": false, "Join Filter": "(t.id = ci.movie_id), (LLVM Optimized)", "Plans": [{"Node Type": "Merge Join", "Parent Relationship": "Outer", "Join Type": "Inner", "Startup Cost": 30021927926.2, "Total Cost": 3002409653794.57, "Plan Rows": 1282311, "Plan Width": 25, "Inner Unique": true, "Merge Cond": "(mc.movie_id = t.id)", "Plans": [{"Node Type": "Nested Loop", "Parent Relationship": "Outer", "Join Type": "Inner", "Startup Cost": 20000000000.0, "Total Cost": 2003347393774.42, "Plan Rows": 1282311, "Plan Width": 4, "Inner Unique": true, "Join Filter": "(cn.id = mc.company_id), (LLVM Optimized)", "Plans": [{"Node Type": "Index Scan", "Parent Relationship": "Outer", "Scan Direction": "Forward", "Index Name": "movie_id_movie_companies", "Relation Name": "movie_companies", "Alias": "mc", "Startup Cost": 10000000000.0, "Total Cost": 1000013051946.13, "Plan Rows": 2609128, "Plan Width": 8}, {"Node Type": "Materialize", "Parent Relationship": "Inner", "Startup Cost": 10000000000.0, "Total Cost": 1000001050564.82, "Plan Rows": 85170, "Plan Width": 4, "Plans": [{"Node Type": "Index Scan", "Parent Relationship": "Outer", "Scan Direction": "Forward", "Index Name": "company_name_pkey", "Relation Name": "company_name", "Alias": "cn", "Startup Cost": 10000000000.0, "Total Cost": 1000001050138.97, "Plan Rows": 85170, "Plan Width": 4, "Filter": "((country_code)::text = '[us]'::text)"}]}]}, {"Node Type": "Index Scan", "Parent Relationship": "Inner", "Scan Direction": "Forward", "Index Name": "title_pkey", "Relation Name": "title", "Alias": "t", "Startup Cost": 10000000000.0, "Total Cost": 1000011012048.91, "Plan Rows": 2528311, "Plan Width": 21}]}, {"Node Type": "Materialize", "Parent Relationship": "Inner", "Startup Cost": 40049897196.36, "Total Cost": 3721872427028.45, "Plan Rows": 1484588, "Plan Width": 20, "Plans": [{"Node Type": "Nested Loop", "Parent Relationship": "Outer", "Join Type": "Inner", "Startup Cost": 40049897196.36, "Total Cost": 3721872419605.51, "Plan Rows": 1484588, "Plan Width": 20, "Inner Unique": false, "Join Filter": "(ci.role_id = rt.id), (LLVM Optimized)", "Plans": [{"Node Type": "Index Scan", "Parent Relationship": "Outer", "Scan Direction": "Forward", "Index Name": "role_type_pkey", "Relation Name": "role_type", "Alias": "rt", "Startup Cost": 10000000000.0, "Total Cost": 1000000001246.0, "Plan Rows": 1, "Plan Width": 4, "Filter": "((role)::text = 'costume designer'::text)"}, {"Node Type": "Merge Join", "Parent Relationship": "Inner", "Join Type": "Inner", "Startup Cost": 30049897196.36, "Total Cost": 2721872214228.63, "Plan Rows": 16330470, "Plan Width": 24, "Inner Unique": false, "Merge Cond": "(an1.person_id = ci.person_id)", "Plans": [{"Node Type": "Merge Join", "Parent Relationship": "Outer", "Join Type": "Inner", "Startup Cost": 20030754356.47, "Total Cost": 2000007674895.99, "Plan Rows": 901342, "Plan Width": 24, "Inner Unique": true, "Merge Cond": "(an1.person_id = n1.id)", "Plans": [{"Node Type": "Index Scan", "Parent Relationship": "Outer", "Scan Direction": "Forward", "Index Name": "person_id_aka_name", "Relation Name": "aka_name", "Alias": "an1", "Startup Cost": 10000000000.0, "Total Cost": 1000006896503.43, "Plan Rows": 901342, "Plan Width": 20}, {"Node Type": "Index Scan", "Parent Relationship": "Inner", "Scan Direction": "Forward", "Index Name": "name_pkey", "Relation Name": "name", "Alias": "n1", "Startup Cost": 10000000000.0, "Total Cost": 1000017623274.7, "Plan Rows": 4167490, "Plan Width": 4}]}, {"Node Type": "Index Scan", "Parent Relationship": "Inner", "Scan Direction": "Forward", "Index Name": "person_id_cast_info", "Relation Name": "cast_info", "Alias": "ci", "Startup Cost": 10000000000.0, "Total Cost": 1000170648833.21, "Plan Rows": 36259494, "Plan Width": 12}]}]}]}]}]}, "Unique SQL Id": 2457761703, "Planner Runtime": 62}, "explain_analyze_plan": null}, "(1, '32')": {"explain_plan": {"Plan": {"Node Type": "Aggregate", "Strategy": "Plain", "Startup Cost": 589695.38, "Total Cost": 589695.39, "Plan Rows": 1, "Plan Width": 97, "Plans": [{"Node Type": "Hash Join", "Parent Relationship": "Outer", "Join Type": "Inner", "Startup Cost": 561014.71, "Total Cost": 587909.89, "Plan Rows": 357098, "Plan Width": 33, "Inner Unique": false, "Hash Cond": "(an1.person_id = n1.id), (LLVM Optimized)", "Plans": [{"Node Type": "Seq Scan", "Parent Relationship": "Outer", "Relation Name": "aka_name", "Alias": "an1", "Startup Cost": 0.0, "Total Cost": 19908.42, "Plan Rows": 901342, "Plan Width": 20}, {"Node Type": "Hash", "Parent Relationship": "Inner", "Startup Cost": 552133.97, "Total Cost": 552133.97, "Plan Rows": 710459, "Plan Width": 25, "Plans": [{"Node Type": "Hash Join", "Parent Relationship": "Outer", "Join Type": "Inner", "Startup Cost": 341891.88, "Total Cost": 552133.97, "Plan Rows": 710459, "Plan Width": 25, "Inner Unique": true, "Hash Cond": "(ci.person_id = n1.id), (LLVM Optimized)", "Plans": [{"Node Type": "Hash Join", "Parent Relationship": "Outer", "Join Type": "Inner", "Startup Cost": 196726.36, "Total Cost": 397199.64, "Plan Rows": 710459, "Plan Width": 21, "Inner Unique": false, "Hash Cond": "(ci.movie_id = t.id), (LLVM Optimized)", "Plans": [{"Node Type": "Nested Loop", "Parent Relationship": "Outer", "Join Type": "Inner", "Startup Cost": 0.0, "Total Cost": 171406.94, "Plan Rows": 3296318, "Plan Width": 8, "Inner Unique": false, "Plans": [{"Node Type": "Seq Scan", "Parent Relationship": "Outer", "Relation Name": "role_type", "Alias": "rt", "Startup Cost": 0.0, "Total Cost": 1.15, "Plan Rows": 1, "Plan Width": 4, "Filter": "((role)::text = 'costume designer'::text)"}, {"Node Type": "Index Scan", "Parent Relationship": "Inner", "Scan Direction": "Forward", "Index Name": "role_id_cast_info", "Relation Name": "cast_info", "Alias": "ci", "Startup Cost": 0.0, "Total Cost": 138442.61, "Plan Rows": 3296318, "Plan Width": 12, "Index Cond": "(role_id = rt.id), (LLVM Optimized)"}]}, {"Node Type": "Hash", "Parent Relationship": "Inner", "Startup Cost": 180697.47, "Total Cost": 180697.47, "Plan Rows": 1282311, "Plan Width": 25, "Plans": [{"Node Type": "Hash Join", "Parent Relationship": "Outer", "Join Type": "Inner", "Startup Cost": 98641.07, "Total Cost": 180697.47, "Plan Rows": 1282311, "Plan Width": 25, "Inner Unique": true, "Hash Cond": "(mc.movie_id = t.id), (LLVM Optimized)", "Plans": [{"Node Type": "Hash Join", "Parent Relationship": "Outer", "Join Type": "Inner", "Startup Cost": 6968.08, "Total Cost": 71392.69, "Plan Rows": 1282311, "Plan Width": 4, "Inner Unique": true, "Hash Cond": "(mc.company_id = cn.id), (LLVM Optimized)", "Plans": [{"Node Type": "Seq Scan", "Parent Relationship": "Outer", "Relation Name": "movie_companies", "Alias": "mc", "Startup Cost": 0.0, "Total Cost": 41817.28, "Plan Rows": 2609128, "Plan Width": 8}, {"Node Type": "Hash", "Parent Relationship": "Inner", "Startup Cost": 5903.45, "Total Cost": 5903.45, "Plan Rows": 85170, "Plan Width": 4, "Plans": [{"Node Type": "Seq Scan", "Parent Relationship": "Outer", "Relation Name": "company_name", "Alias": "cn", "Startup Cost": 0.0, "Total Cost": 5903.45, "Plan Rows": 85170, "Plan Width": 4, "Filter": "((country_code)::text = '[us]'::text)"}]}]}, {"Node Type": "Hash", "Parent Relationship": "Inner", "Startup Cost": 60069.11, "Total Cost": 60069.11, "Plan Rows": 2528311, "Plan Width": 21, "Plans": [{"Node Type": "Seq Scan", "Parent Relationship": "Outer", "Relation Name": "title", "Alias": "t", "Startup Cost": 0.0, "Total Cost": 60069.11, "Plan Rows": 2528311, "Plan Width": 21}]}]}]}]}, {"Node Type": "Hash", "Parent Relationship": "Inner", "Startup Cost": 93071.9, "Total Cost": 93071.9, "Plan Rows": 4167490, "Plan Width": 4, "Plans": [{"Node Type": "Index Only Scan", "Parent Relationship": "Outer", "Scan Direction": "Forward", "Index Name": "name_pkey", "Relation Name": "name", "Alias": "n1", "Startup Cost": 0.0, "Total Cost": 93071.9, "Plan Rows": 4167490, "Plan Width": 4}]}]}]}]}]}, "Unique SQL Id": 2457761703, "Planner Runtime": 46}, "explain_analyze_plan": {"Plan": {"Node Type": "Aggregate", "Strategy": "Plain", "Startup Cost": 589695.38, "Total Cost": 589695.39, "Plan Rows": 1, "Plan Width": 97, "Actual Startup Time": 8564.844, "Actual Total Time": 8564.845, "Actual Rows": 1, "Actual Loops": 1, "Plans": [{"Node Type": "Hash Join", "Parent Relationship": "Outer", "Join Type": "Inner", "Startup Cost": 561014.71, "Total Cost": 587909.89, "Plan Rows": 357098, "Plan Width": 33, "Actual Startup Time": 7931.833, "Actual Total Time": 8421.386, "Actual Rows": 323005, "Actual Loops": 1, "Inner Unique": false, "Hash Cond": "(an1.person_id = n1.id), (LLVM Optimized, Jit Execute)", "Plans": [{"Node Type": "Seq Scan", "Parent Relationship": "Outer", "Relation Name": "aka_name", "Alias": "an1", "Startup Cost": 0.0, "Total Cost": 19908.42, "Plan Rows": 901342, "Plan Width": 20, "Actual Startup Time": 0.026, "Actual Total Time": 214.616, "Actual Rows": 901342, "Actual Loops": 1}, {"Node Type": "Hash", "Parent Relationship": "Inner", "Startup Cost": 552133.97, "Total Cost": 552133.97, "Plan Rows": 710459, "Plan Width": 25, "Actual Startup Time": 7922.263, "Actual Total Time": 7922.263, "Actual Rows": 285537, "Actual Loops": 1, "Hash Buckets": 1048576, "Hash Batches": 1, "Original Hash Batches": 1, "Peak Memory Usage": 15952, "Plans": [{"Node Type": "Hash Join", "Parent Relationship": "Outer", "Join Type": "Inner", "Startup Cost": 341891.88, "Total Cost": 552133.97, "Plan Rows": 710459, "Plan Width": 25, "Actual Startup Time": 7313.692, "Actual Total Time": 7835.153, "Actual Rows": 285537, "Actual Loops": 1, "Inner Unique": true, "Hash Cond": "(ci.person_id = n1.id), (LLVM Optimized, Jit Execute)", "Plans": [{"Node Type": "Hash Join", "Parent Relationship": "Outer", "Join Type": "Inner", "Startup Cost": 196726.36, "Total Cost": 397199.64, "Plan Rows": 710459, "Plan Width": 21, "Actual Startup Time": 4717.169, "Actual Total Time": 5125.561, "Actual Rows": 285537, "Actual Loops": 1, "Inner Unique": false, "Hash Cond": "(ci.movie_id = t.id), (LLVM Optimized, Jit Execute)", "Plans": [{"Node Type": "Nested Loop", "Parent Relationship": "Outer", "Join Type": "Inner", "Startup Cost": 0.0, "Total Cost": 171406.94, "Plan Rows": 3296318, "Plan Width": 8, "Actual Startup Time": 0.127, "Actual Total Time": 201.773, "Actual Rows": 276403, "Actual Loops": 1, "Inner Unique": false, "Plans": [{"Node Type": "Seq Scan", "Parent Relationship": "Outer", "Relation Name": "role_type", "Alias": "rt", "Startup Cost": 0.0, "Total Cost": 1.15, "Plan Rows": 1, "Plan Width": 4, "Actual Startup Time": 0.063, "Actual Total Time": 0.082, "Actual Rows": 1, "Actual Loops": 1, "Filter": "((role)::text = 'costume designer'::text)", "Rows Removed by Filter": 11}, {"Node Type": "Index Scan", "Parent Relationship": "Inner", "Scan Direction": "Forward", "Index Name": "role_id_cast_info", "Relation Name": "cast_info", "Alias": "ci", "Startup Cost": 0.0, "Total Cost": 138442.61, "Plan Rows": 3296318, "Plan Width": 12, "Actual Startup Time": 0.052, "Actual Total Time": 147.938, "Actual Rows": 276403, "Actual Loops": 1, "Index Cond": "(role_id = rt.id), (LLVM Optimized, Jit Execute)", "Rows Removed by Index Recheck": 0}]}, {"Node Type": "Hash", "Parent Relationship": "Inner", "Startup Cost": 180697.47, "Total Cost": 180697.47, "Plan Rows": 1282311, "Plan Width": 25, "Actual Startup Time": 4712.398, "Actual Total Time": 4712.398, "Actual Rows": 1153797, "Actual Loops": 1, "Hash Buckets": 2097152, "Hash Batches": 1, "Original Hash Batches": 1, "Peak Memory Usage": 68508, "Plans": [{"Node Type": "Hash Join", "Parent Relationship": "Outer", "Join Type": "Inner", "Startup Cost": 98641.07, "Total Cost": 180697.47, "Plan Rows": 1282311, "Plan Width": 25, "Actual Startup Time": 1935.548, "Actual Total Time": 4190.972, "Actual Rows": 1153797, "Actual Loops": 1, "Inner Unique": true, "Hash Cond": "(mc.movie_id = t.id), (LLVM Optimized, Jit Execute)", "Plans": [{"Node Type": "Hash Join", "Parent Relationship": "Outer", "Join Type": "Inner", "Startup Cost": 6968.08, "Total Cost": 71392.69, "Plan Rows": 1282311, "Plan Width": 4, "Actual Startup Time": 112.405, "Actual Total Time": 1587.27, "Actual Rows": 1153797, "Actual Loops": 1, "Inner Unique": true, "Hash Cond": "(mc.company_id = cn.id), (LLVM Optimized, Jit Execute)", "Plans": [{"Node Type": "Seq Scan", "Parent Relationship": "Outer", "Relation Name": "movie_companies", "Alias": "mc", "Startup Cost": 0.0, "Total Cost": 41817.28, "Plan Rows": 2609128, "Plan Width": 8, "Actual Startup Time": 0.024, "Actual Total Time": 622.888, "Actual Rows": 2609128, "Actual Loops": 1}, {"Node Type": "Hash", "Parent Relationship": "Inner", "Startup Cost": 5903.45, "Total Cost": 5903.45, "Plan Rows": 85170, "Plan Width": 4, "Actual Startup Time": 112.277, "Actual Total Time": 112.277, "Actual Rows": 84843, "Actual Loops": 1, "Hash Buckets": 131072, "Hash Batches": 1, "Original Hash Batches": 1, "Peak Memory Usage": 2983, "Plans": [{"Node Type": "Seq Scan", "Parent Relationship": "Outer", "Relation Name": "company_name", "Alias": "cn", "Startup Cost": 0.0, "Total Cost": 5903.45, "Plan Rows": 85170, "Plan Width": 4, "Actual Startup Time": 0.024, "Actual Total Time": 89.803, "Actual Rows": 84843, "Actual Loops": 1, "Filter": "((country_code)::text = '[us]'::text)", "Rows Removed by Filter": 150153}]}]}, {"Node Type": "Hash", "Parent Relationship": "Inner", "Startup Cost": 60069.11, "Total Cost": 60069.11, "Plan Rows": 2528311, "Plan Width": 21, "Actual Startup Time": 1820.712, "Actual Total Time": 1820.712, "Actual Rows": 2528311, "Actual Loops": 1, "Hash Buckets": 4194304, "Hash Batches": 1, "Original Hash Batches": 1, "Peak Memory Usage": 135869, "Plans": [{"Node Type": "Seq Scan", "Parent Relationship": "Outer", "Relation Name": "title", "Alias": "t", "Startup Cost": 0.0, "Total Cost": 60069.11, "Plan Rows": 2528311, "Plan Width": 21, "Actual Startup Time": 0.033, "Actual Total Time": 812.077, "Actual Rows": 2528311, "Actual Loops": 1}]}]}]}]}, {"Node Type": "Hash", "Parent Relationship": "Inner", "Startup Cost": 93071.9, "Total Cost": 93071.9, "Plan Rows": 4167490, "Plan Width": 4, "Actual Startup Time": 2594.015, "Actual Total Time": 2594.015, "Actual Rows": 4167490, "Actual Loops": 1, "Hash Buckets": 4194304, "Hash Batches": 1, "Original Hash Batches": 1, "Peak Memory Usage": 146514, "Plans": [{"Node Type": "Index Only Scan", "Parent Relationship": "Outer", "Scan Direction": "Forward", "Index Name": "name_pkey", "Relation Name": "name", "Alias": "n1", "Startup Cost": 0.0, "Total Cost": 93071.9, "Plan Rows": 4167490, "Plan Width": 4, "Actual Startup Time": 0.036, "Actual Total Time": 1049.181, "Actual Rows": 4167490, "Actual Loops": 1, "Heap Fetches": 0}]}]}]}]}]}, "Triggers": [], "Planner Runtime": 82.942, "Total Runtime": 8576.378, "Unique SQL Id": 2457761703}}, "(1, '33')": {"explain_plan": {"Plan": {"Node Type": "Aggregate", "Strategy": "Plain", "Startup Cost": 807029.54, "Total Cost": 807029.55, "Plan Rows": 1, "Plan Width": 97, "Plans": [{"Node Type": "Hash Join", "Parent Relationship": "Outer", "Join Type": "Inner", "Startup Cost": 729292.26, "Total Cost": 805244.05, "Plan Rows": 357098, "Plan Width": 33, "Inner Unique": false, "Hash Cond": "(an1.person_id = n1.id), (LLVM Optimized)", "Plans": [{"Node Type": "Index Scan", "Parent Relationship": "Outer", "Scan Direction": "Forward", "Index Name": "person_id_aka_name", "Relation Name": "aka_name", "Alias": "an1", "Startup Cost": 0.0, "Total Cost": 68965.03, "Plan Rows": 901342, "Plan Width": 20}, {"Node Type": "Hash", "Parent Relationship": "Inner", "Startup Cost": 720411.52, "Total Cost": 720411.52, "Plan Rows": 710459, "Plan Width": 25, "Plans": [{"Node Type": "Hash Join", "Parent Relationship": "Outer", "Join Type": "Inner", "Startup Cost": 510158.12, "Total Cost": 720411.52, "Plan Rows": 710459, "Plan Width": 25, "Inner Unique": true, "Hash Cond": "(ci.person_id = n1.id), (LLVM Optimized)", "Plans": [{"Node Type": "Hash Join", "Parent Relationship": "Outer", "Join Type": "Inner", "Startup Cost": 333231.89, "Total Cost": 533716.49, "Plan Rows": 710459, "Plan Width": 21, "Inner Unique": false, "Hash Cond": "(ci.movie_id = t.id), (LLVM Optimized)", "Plans": [{"Node Type": "Nested Loop", "Parent Relationship": "Outer", "Join Type": "Inner", "Startup Cost": 0.0, "Total Cost": 171418.25, "Plan Rows": 3296318, "Plan Width": 8, "Inner Unique": false, "Plans": [{"Node Type": "Index Scan", "Parent Relationship": "Outer", "Scan Direction": "Forward", "Index Name": "role_type_pkey", "Relation Name": "role_type", "Alias": "rt", "Startup Cost": 0.0, "Total Cost": 12.46, "Plan Rows": 1, "Plan Width": 4, "Filter": "((role)::text = 'costume designer'::text)"}, {"Node Type": "Index Scan", "Parent Relationship": "Inner", "Scan Direction": "Forward", "Index Name": "role_id_cast_info", "Relation Name": "cast_info", "Alias": "ci", "Startup Cost": 0.0, "Total Cost": 138442.61, "Plan Rows": 3296318, "Plan Width": 12, "Index Cond": "(role_id = rt.id), (LLVM Optimized)"}]}, {"Node Type": "Hash", "Parent Relationship": "Inner", "Startup Cost": 317203.01, "Total Cost": 317203.01, "Plan Rows": 1282311, "Plan Width": 25, "Plans": [{"Node Type": "Hash Join", "Parent Relationship": "Outer", "Join Type": "Inner", "Startup Cost": 153290.39, "Total Cost": 317203.01, "Plan Rows": 1282311, "Plan Width": 25, "Inner Unique": true, "Hash Cond": "(mc.movie_id = t.id), (LLVM Optimized)", "Plans": [{"Node Type": "Hash Join", "Parent Relationship": "Outer", "Join Type": "Inner", "Startup Cost": 11566.01, "Total Cost": 157846.85, "Plan Rows": 1282311, "Plan Width": 4, "Inner Unique": true, "Hash Cond": "(mc.company_id = cn.id), (LLVM Optimized)", "Plans": [{"Node Type": "Index Scan", "Parent Relationship": "Outer", "Scan Direction": "Forward", "Index Name": "company_id_movie_companies", "Relation Name": "movie_companies", "Alias": "mc", "Startup Cost": 0.0, "Total Cost": 123673.5, "Plan Rows": 2609128, "Plan Width": 8}, {"Node Type": "Hash", "Parent Relationship": "Inner", "Startup Cost": 10501.39, "Total Cost": 10501.39, "Plan Rows": 85170, "Plan Width": 4, "Plans": [{"Node Type": "Index Scan", "Parent Relationship": "Outer", "Scan Direction": "Forward", "Index Name": "company_name_pkey", "Relation Name": "company_name", "Alias": "cn", "Startup Cost": 0.0, "Total Cost": 10501.39, "Plan Rows": 85170, "Plan Width": 4, "Filter": "((country_code)::text = '[us]'::text)"}]}]}, {"Node Type": "Hash", "Parent Relationship": "Inner", "Startup Cost": 110120.49, "Total Cost": 110120.49, "Plan Rows": 2528311, "Plan Width": 21, "Plans": [{"Node Type": "Index Scan", "Parent Relationship": "Outer", "Scan Direction": "Forward", "Index Name": "title_pkey", "Relation Name": "title", "Alias": "t", "Startup Cost": 0.0, "Total Cost": 110120.49, "Plan Rows": 2528311, "Plan Width": 21}]}]}]}]}, {"Node Type": "Hash", "Parent Relationship": "Inner", "Startup Cost": 124832.6, "Total Cost": 124832.6, "Plan Rows": 4167490, "Plan Width": 4, "Plans": [{"Node Type": "Index Only Scan", "Parent Relationship": "Outer", "Scan Direction": "Forward", "Index Name": "name_pkey", "Relation Name": "name", "Alias": "n1", "Startup Cost": 0.0, "Total Cost": 124832.6, "Plan Rows": 4167490, "Plan Width": 4}]}]}]}]}]}, "Unique SQL Id": 2457761703, "Planner Runtime": 38}, "explain_analyze_plan": {"Plan": {"Node Type": "Aggregate", "Strategy": "Plain", "Startup Cost": 807029.54, "Total Cost": 807029.55, "Plan Rows": 1, "Plan Width": 97, "Actual Startup Time": 13858.107, "Actual Total Time": 13858.107, "Actual Rows": 1, "Actual Loops": 1, "Plans": [{"Node Type": "Hash Join", "Parent Relationship": "Outer", "Join Type": "Inner", "Startup Cost": 729292.26, "Total Cost": 805244.05, "Plan Rows": 357098, "Plan Width": 33, "Actual Startup Time": 12857.562, "Actual Total Time": 13711.931, "Actual Rows": 323005, "Actual Loops": 1, "Inner Unique": false, "Hash Cond": "(an1.person_id = n1.id), (LLVM Optimized, Jit Execute)", "Plans": [{"Node Type": "Index Scan", "Parent Relationship": "Outer", "Scan Direction": "Forward", "Index Name": "person_id_aka_name", "Relation Name": "aka_name", "Alias": "an1", "Startup Cost": 0.0, "Total Cost": 68965.03, "Plan Rows": 901342, "Plan Width": 20, "Actual Startup Time": 0.041, "Actual Total Time": 579.364, "Actual Rows": 901342, "Actual Loops": 1}, {"Node Type": "Hash", "Parent Relationship": "Inner", "Startup Cost": 720411.52, "Total Cost": 720411.52, "Plan Rows": 710459, "Plan Width": 25, "Actual Startup Time": 12851.586, "Actual Total Time": 12851.586, "Actual Rows": 285537, "Actual Loops": 1, "Hash Buckets": 1048576, "Hash Batches": 1, "Original Hash Batches": 1, "Peak Memory Usage": 15952, "Plans": [{"Node Type": "Hash Join", "Parent Relationship": "Outer", "Join Type": "Inner", "Startup Cost": 510158.12, "Total Cost": 720411.52, "Plan Rows": 710459, "Plan Width": 25, "Actual Startup Time": 12299.088, "Actual Total Time": 12766.19, "Actual Rows": 285537, "Actual Loops": 1, "Inner Unique": true, "Hash Cond": "(ci.person_id = n1.id), (LLVM Optimized, Jit Execute)", "Plans": [{"Node Type": "Hash Join", "Parent Relationship": "Outer", "Join Type": "Inner", "Startup Cost": 333231.89, "Total Cost": 533716.49, "Plan Rows": 710459, "Plan Width": 21, "Actual Startup Time": 9584.085, "Actual Total Time": 9933.029, "Actual Rows": 285537, "Actual Loops": 1, "Inner Unique": false, "Hash Cond": "(ci.movie_id = t.id), (LLVM Optimized, Jit Execute)", "Plans": [{"Node Type": "Nested Loop", "Parent Relationship": "Outer", "Join Type": "Inner", "Startup Cost": 0.0, "Total Cost": 171418.25, "Plan Rows": 3296318, "Plan Width": 8, "Actual Startup Time": 0.135, "Actual Total Time": 183.588, "Actual Rows": 276403, "Actual Loops": 1, "Inner Unique": false, "Plans": [{"Node Type": "Index Scan", "Parent Relationship": "Outer", "Scan Direction": "Forward", "Index Name": "role_type_pkey", "Relation Name": "role_type", "Alias": "rt", "Startup Cost": 0.0, "Total Cost": 12.46, "Plan Rows": 1, "Plan Width": 4, "Actual Startup Time": 0.063, "Actual Total Time": 0.075, "Actual Rows": 1, "Actual Loops": 1, "Filter": "((role)::text = 'costume designer'::text)", "Rows Removed by Filter": 11}, {"Node Type": "Index Scan", "Parent Relationship": "Inner", "Scan Direction": "Forward", "Index Name": "role_id_cast_info", "Relation Name": "cast_info", "Alias": "ci", "Startup Cost": 0.0, "Total Cost": 138442.61, "Plan Rows": 3296318, "Plan Width": 12, "Actual Startup Time": 0.057, "Actual Total Time": 130.041, "Actual Rows": 276403, "Actual Loops": 1, "Index Cond": "(role_id = rt.id), (LLVM Optimized, Jit Execute)", "Rows Removed by Index Recheck": 0}]}, {"Node Type": "Hash", "Parent Relationship": "Inner", "Startup Cost": 317203.01, "Total Cost": 317203.01, "Plan Rows": 1282311, "Plan Width": 25, "Actual Startup Time": 9577.573, "Actual Total Time": 9577.573, "Actual Rows": 1153797, "Actual Loops": 1, "Hash Buckets": 2097152, "Hash Batches": 1, "Original Hash Batches": 1, "Peak Memory Usage": 68508, "Plans": [{"Node Type": "Hash Join", "Parent Relationship": "Outer", "Join Type": "Inner", "Startup Cost": 153290.39, "Total Cost": 317203.01, "Plan Rows": 1282311, "Plan Width": 25, "Actual Startup Time": 4985.052, "Actual Total Time": 9091.356, "Actual Rows": 1153797, "Actual Loops": 1, "Inner Unique": true, "Hash Cond": "(mc.movie_id = t.id), (LLVM Optimized, Jit Execute)", "Plans": [{"Node Type": "Hash Join", "Parent Relationship": "Outer", "Join Type": "Inner", "Startup Cost": 11566.01, "Total Cost": 157846.85, "Plan Rows": 1282311, "Plan Width": 4, "Actual Startup Time": 351.019, "Actual Total Time": 3768.854, "Actual Rows": 1153797, "Actual Loops": 1, "Inner Unique": true, "Hash Cond": "(mc.company_id = cn.id), (LLVM Optimized, Jit Execute)", "Plans": [{"Node Type": "Index Scan", "Parent Relationship": "Outer", "Scan Direction": "Forward", "Index Name": "company_id_movie_companies", "Relation Name": "movie_companies", "Alias": "mc", "Startup Cost": 0.0, "Total Cost": 123673.5, "Plan Rows": 2609128, "Plan Width": 8, "Actual Startup Time": 0.046, "Actual Total Time": 2648.606, "Actual Rows": 2609128, "Actual Loops": 1}, {"Node Type": "Hash", "Parent Relationship": "Inner", "Startup Cost": 10501.39, "Total Cost": 10501.39, "Plan Rows": 85170, "Plan Width": 4, "Actual Startup Time": 350.797, "Actual Total Time": 350.797, "Actual Rows": 84843, "Actual Loops": 1, "Hash Buckets": 131072, "Hash Batches": 1, "Original Hash Batches": 1, "Peak Memory Usage": 2983, "Plans": [{"Node Type": "Index Scan", "Parent Relationship": "Outer", "Scan Direction": "Forward", "Index Name": "company_name_pkey", "Relation Name": "company_name", "Alias": "cn", "Startup Cost": 0.0, "Total Cost": 10501.39, "Plan Rows": 85170, "Plan Width": 4, "Actual Startup Time": 0.057, "Actual Total Time": 321.591, "Actual Rows": 84843, "Actual Loops": 1, "Filter": "((country_code)::text = '[us]'::text)", "Rows Removed by Filter": 150153}]}]}, {"Node Type": "Hash", "Parent Relationship": "Inner", "Startup Cost": 110120.49, "Total Cost": 110120.49, "Plan Rows": 2528311, "Plan Width": 21, "Actual Startup Time": 4629.304, "Actual Total Time": 4629.304, "Actual Rows": 2528311, "Actual Loops": 1, "Hash Buckets": 4194304, "Hash Batches": 1, "Original Hash Batches": 1, "Peak Memory Usage": 135869, "Plans": [{"Node Type": "Index Scan", "Parent Relationship": "Outer", "Scan Direction": "Forward", "Index Name": "title_pkey", "Relation Name": "title", "Alias": "t", "Startup Cost": 0.0, "Total Cost": 110120.49, "Plan Rows": 2528311, "Plan Width": 21, "Actual Startup Time": 0.058, "Actual Total Time": 3278.384, "Actual Rows": 2528311, "Actual Loops": 1}]}]}]}]}, {"Node Type": "Hash", "Parent Relationship": "Inner", "Startup Cost": 124832.6, "Total Cost": 124832.6, "Plan Rows": 4167490, "Plan Width": 4, "Actual Startup Time": 2712.136, "Actual Total Time": 2712.136, "Actual Rows": 4167490, "Actual Loops": 1, "Hash Buckets": 4194304, "Hash Batches": 1, "Original Hash Batches": 1, "Peak Memory Usage": 146514, "Plans": [{"Node Type": "Index Only Scan", "Parent Relationship": "Outer", "Scan Direction": "Forward", "Index Name": "name_pkey", "Relation Name": "name", "Alias": "n1", "Startup Cost": 0.0, "Total Cost": 124832.6, "Plan Rows": 4167490, "Plan Width": 4, "Actual Startup Time": 0.032, "Actual Total Time": 1098.365, "Actual Rows": 4167490, "Actual Loops": 1, "Heap Fetches": 0}]}]}]}]}]}, "Triggers": [], "Planner Runtime": 38.82, "Total Runtime": 13869.698, "Unique SQL Id": 2457761703}}, "(1, '34')": {"explain_plan": {"Plan": {"Node Type": "Aggregate", "Strategy": "Plain", "Startup Cost": 808403.05, "Total Cost": 808403.06, "Plan Rows": 1, "Plan Width": 97, "Plans": [{"Node Type": "Hash Join", "Parent Relationship": "Outer", "Join Type": "Inner", "Startup Cost": 779365.79, "Total Cost": 806617.56, "Plan Rows": 357098, "Plan Width": 33, "Inner Unique": false, "Hash Cond": "(an1.person_id = n1.id), (LLVM Optimized)", "Plans": [{"Node Type": "Seq Scan", "Parent Relationship": "Outer", "Relation Name": "aka_name", "Alias": "an1", "Startup Cost": 0.0, "Total Cost": 19908.42, "Plan Rows": 901342, "Plan Width": 20}, {"Node Type": "Hash", "Parent Relationship": "Inner", "Startup Cost": 770485.05, "Total Cost": 770485.05, "Plan Rows": 710459, "Plan Width": 25, "Plans": [{"Node Type": "Hash Join", "Parent Relationship": "Outer", "Join Type": "Inner", "Startup Cost": 418198.6, "Total Cost": 770485.05, "Plan Rows": 710459, "Plan Width": 25, "Inner Unique": true, "Hash Cond": "(ci.person_id = n1.id), (LLVM Optimized)", "Plans": [{"Node Type": "Hash Join", "Parent Relationship": "Outer", "Join Type": "Inner", "Startup Cost": 273033.07, "Total Cost": 615550.72, "Plan Rows": 710459, "Plan Width": 21, "Inner Unique": false, "Hash Cond": "(ci.movie_id = t.id), (LLVM Optimized)", "Plans": [{"Node Type": "Nested Loop", "Parent Relationship": "Outer", "Join Type": "Inner", "Startup Cost": 76306.71, "Total Cost": 389758.02, "Plan Rows": 3296318, "Plan Width": 8, "Inner Unique": false, "Plans": [{"Node Type": "Seq Scan", "Parent Relationship": "Outer", "Relation Name": "role_type", "Alias": "rt", "Startup Cost": 0.0, "Total Cost": 1.15, "Plan Rows": 1, "Plan Width": 4, "Filter": "((role)::text = 'costume designer'::text)"}, {"Node Type": "Bitmap Heap Scan", "Parent Relationship": "Inner", "Relation Name": "cast_info", "Alias": "ci", "Startup Cost": 76306.71, "Total Cost": 356793.69, "Plan Rows": 3296318, "Plan Width": 12, "Recheck Cond": "(role_id = rt.id), (LLVM Optimized)", "Plans": [{"Node Type": "Bitmap Index Scan", "Parent Relationship": "Outer", "Index Name": "role_id_cast_info", "Startup Cost": 0.0, "Total Cost": 75482.63, "Plan Rows": 3296318, "Plan Width": 0, "Index Cond": "(role_id = rt.id)"}]}]}, {"Node Type": "Hash", "Parent Relationship": "Inner", "Startup Cost": 180697.47, "Total Cost": 180697.47, "Plan Rows": 1282311, "Plan Width": 25, "Plans": [{"Node Type": "Hash Join", "Parent Relationship": "Outer", "Join Type": "Inner", "Startup Cost": 98641.07, "Total Cost": 180697.47, "Plan Rows": 1282311, "Plan Width": 25, "Inner Unique": true, "Hash Cond": "(mc.movie_id = t.id), (LLVM Optimized)", "Plans": [{"Node Type": "Hash Join", "Parent Relationship": "Outer", "Join Type": "Inner", "Startup Cost": 6968.08, "Total Cost": 71392.69, "Plan Rows": 1282311, "Plan Width": 4, "Inner Unique": true, "Hash Cond": "(mc.company_id = cn.id), (LLVM Optimized)", "Plans": [{"Node Type": "Seq Scan", "Parent Relationship": "Outer", "Relation Name": "movie_companies", "Alias": "mc", "Startup Cost": 0.0, "Total Cost": 41817.28, "Plan Rows": 2609128, "Plan Width": 8}, {"Node Type": "Hash", "Parent Relationship": "Inner", "Startup Cost": 5903.45, "Total Cost": 5903.45, "Plan Rows": 85170, "Plan Width": 4, "Plans": [{"Node Type": "Seq Scan", "Parent Relationship": "Outer", "Relation Name": "company_name", "Alias": "cn", "Startup Cost": 0.0, "Total Cost": 5903.45, "Plan Rows": 85170, "Plan Width": 4, "Filter": "((country_code)::text = '[us]'::text)"}]}]}, {"Node Type": "Hash", "Parent Relationship": "Inner", "Startup Cost": 60069.11, "Total Cost": 60069.11, "Plan Rows": 2528311, "Plan Width": 21, "Plans": [{"Node Type": "Seq Scan", "Parent Relationship": "Outer", "Relation Name": "title", "Alias": "t", "Startup Cost": 0.0, "Total Cost": 60069.11, "Plan Rows": 2528311, "Plan Width": 21}]}]}]}]}, {"Node Type": "Hash", "Parent Relationship": "Inner", "Startup Cost": 93071.9, "Total Cost": 93071.9, "Plan Rows": 4167490, "Plan Width": 4, "Plans": [{"Node Type": "Seq Scan", "Parent Relationship": "Outer", "Relation Name": "name", "Alias": "n1", "Startup Cost": 0.0, "Total Cost": 93071.9, "Plan Rows": 4167490, "Plan Width": 4}]}]}]}]}]}, "Unique SQL Id": 2457761703, "Planner Runtime": 37}, "explain_analyze_plan": {"Plan": {"Node Type": "Aggregate", "Strategy": "Plain", "Startup Cost": 808403.05, "Total Cost": 808403.06, "Plan Rows": 1, "Plan Width": 97, "Actual Startup Time": 8171.997, "Actual Total Time": 8171.997, "Actual Rows": 1, "Actual Loops": 1, "Plans": [{"Node Type": "Hash Join", "Parent Relationship": "Outer", "Join Type": "Inner", "Startup Cost": 779365.79, "Total Cost": 806617.56, "Plan Rows": 357098, "Plan Width": 33, "Actual Startup Time": 7462.893, "Actual Total Time": 8027.597, "Actual Rows": 323005, "Actual Loops": 1, "Inner Unique": false, "Hash Cond": "(an1.person_id = n1.id), (LLVM Optimized, Jit Execute)", "Plans": [{"Node Type": "Seq Scan", "Parent Relationship": "Outer", "Relation Name": "aka_name", "Alias": "an1", "Startup Cost": 0.0, "Total Cost": 19908.42, "Plan Rows": 901342, "Plan Width": 20, "Actual Startup Time": 0.026, "Actual Total Time": 239.447, "Actual Rows": 901342, "Actual Loops": 1}, {"Node Type": "Hash", "Parent Relationship": "Inner", "Startup Cost": 770485.05, "Total Cost": 770485.05, "Plan Rows": 710459, "Plan Width": 25, "Actual Startup Time": 7456.772, "Actual Total Time": 7456.772, "Actual Rows": 285537, "Actual Loops": 1, "Hash Buckets": 1048576, "Hash Batches": 1, "Original Hash Batches": 1, "Peak Memory Usage": 15952, "Plans": [{"Node Type": "Hash Join", "Parent Relationship": "Outer", "Join Type": "Inner", "Startup Cost": 418198.6, "Total Cost": 770485.05, "Plan Rows": 710459, "Plan Width": 25, "Actual Startup Time": 6945.956, "Actual Total Time": 7372.655, "Actual Rows": 285537, "Actual Loops": 1, "Inner Unique": true, "Hash Cond": "(ci.person_id = n1.id), (LLVM Optimized, Jit Execute)", "Plans": [{"Node Type": "Hash Join", "Parent Relationship": "Outer", "Join Type": "Inner", "Startup Cost": 273033.07, "Total Cost": 615550.72, "Plan Rows": 710459, "Plan Width": 21, "Actual Startup Time": 4322.349, "Actual Total Time": 4632.043, "Actual Rows": 285537, "Actual Loops": 1, "Inner Unique": false, "Hash Cond": "(ci.movie_id = t.id), (LLVM Optimized, Jit Execute)", "Plans": [{"Node Type": "Nested Loop", "Parent Relationship": "Outer", "Join Type": "Inner", "Startup Cost": 76306.71, "Total Cost": 389758.02, "Plan Rows": 3296318, "Plan Width": 8, "Actual Startup Time": 33.816, "Actual Total Time": 169.659, "Actual Rows": 276403, "Actual Loops": 1, "Inner Unique": false, "Plans": [{"Node Type": "Seq Scan", "Parent Relationship": "Outer", "Relation Name": "role_type", "Alias": "rt", "Startup Cost": 0.0, "Total Cost": 1.15, "Plan Rows": 1, "Plan Width": 4, "Actual Startup Time": 0.047, "Actual Total Time": 0.061, "Actual Rows": 1, "Actual Loops": 1, "Filter": "((role)::text = 'costume designer'::text)", "Rows Removed by Filter": 11}, {"Node Type": "Bitmap Heap Scan", "Parent Relationship": "Inner", "Relation Name": "cast_info", "Alias": "ci", "Startup Cost": 76306.71, "Total Cost": 356793.69, "Plan Rows": 3296318, "Plan Width": 12, "Actual Startup Time": 33.745, "Actual Total Time": 119.892, "Actual Rows": 276403, "Actual Loops": 1, "Recheck Cond": "(role_id = rt.id), (LLVM Optimized, Jit Execute)", "Rows Removed by Index Recheck": 0, "Exact Heap Blocks": 1654, "Lossy Heap Blocks": 1654, "Plans": [{"Node Type": "Bitmap Index Scan", "Parent Relationship": "Outer", "Index Name": "role_id_cast_info", "Startup Cost": 0.0, "Total Cost": 75482.63, "Plan Rows": 3296318, "Plan Width": 0, "Actual Startup Time": 33.447, "Actual Total Time": 33.447, "Actual Rows": 276403, "Actual Loops": 1, "Index Cond": "(role_id = rt.id)"}]}]}, {"Node Type": "Hash", "Parent Relationship": "Inner", "Startup Cost": 180697.47, "Total Cost": 180697.47, "Plan Rows": 1282311, "Plan Width": 25, "Actual Startup Time": 4283.714, "Actual Total Time": 4283.714, "Actual Rows": 1153797, "Actual Loops": 1, "Hash Buckets": 2097152, "Hash Batches": 1, "Original Hash Batches": 1, "Peak Memory Usage": 68508, "Plans": [{"Node Type": "Hash Join", "Parent Relationship": "Outer", "Join Type": "Inner", "Startup Cost": 98641.07, "Total Cost": 180697.47, "Plan Rows": 1282311, "Plan Width": 25, "Actual Startup Time": 1838.488, "Actual Total Time": 3873.861, "Actual Rows": 1153797, "Actual Loops": 1, "Inner Unique": true, "Hash Cond": "(mc.movie_id = t.id), (LLVM Optimized, Jit Execute)", "Plans": [{"Node Type": "Hash Join", "Parent Relationship": "Outer", "Join Type": "Inner", "Startup Cost": 6968.08, "Total Cost": 71392.69, "Plan Rows": 1282311, "Plan Width": 4, "Actual Startup Time": 112.48, "Actual Total Time": 1529.082, "Actual Rows": 1153797, "Actual Loops": 1, "Inner Unique": true, "Hash Cond": "(mc.company_id = cn.id), (LLVM Optimized, Jit Execute)", "Plans": [{"Node Type": "Seq Scan", "Parent Relationship": "Outer", "Relation Name": "movie_companies", "Alias": "mc", "Startup Cost": 0.0, "Total Cost": 41817.28, "Plan Rows": 2609128, "Plan Width": 8, "Actual Startup Time": 0.035, "Actual Total Time": 596.686, "Actual Rows": 2609128, "Actual Loops": 1}, {"Node Type": "Hash", "Parent Relationship": "Inner", "Startup Cost": 5903.45, "Total Cost": 5903.45, "Plan Rows": 85170, "Plan Width": 4, "Actual Startup Time": 112.344, "Actual Total Time": 112.344, "Actual Rows": 84843, "Actual Loops": 1, "Hash Buckets": 131072, "Hash Batches": 1, "Original Hash Batches": 1, "Peak Memory Usage": 2983, "Plans": [{"Node Type": "Seq Scan", "Parent Relationship": "Outer", "Relation Name": "company_name", "Alias": "cn", "Startup Cost": 0.0, "Total Cost": 5903.45, "Plan Rows": 85170, "Plan Width": 4, "Actual Startup Time": 0.039, "Actual Total Time": 89.949, "Actual Rows": 84843, "Actual Loops": 1, "Filter": "((country_code)::text = '[us]'::text)", "Rows Removed by Filter": 150153}]}]}, {"Node Type": "Hash", "Parent Relationship": "Inner", "Startup Cost": 60069.11, "Total Cost": 60069.11, "Plan Rows": 2528311, "Plan Width": 21, "Actual Startup Time": 1723.593, "Actual Total Time": 1723.593, "Actual Rows": 2528311, "Actual Loops": 1, "Hash Buckets": 4194304, "Hash Batches": 1, "Original Hash Batches": 1, "Peak Memory Usage": 135869, "Plans": [{"Node Type": "Seq Scan", "Parent Relationship": "Outer", "Relation Name": "title", "Alias": "t", "Startup Cost": 0.0, "Total Cost": 60069.11, "Plan Rows": 2528311, "Plan Width": 21, "Actual Startup Time": 0.031, "Actual Total Time": 804.27, "Actual Rows": 2528311, "Actual Loops": 1}]}]}]}]}, {"Node Type": "Hash", "Parent Relationship": "Inner", "Startup Cost": 93071.9, "Total Cost": 93071.9, "Plan Rows": 4167490, "Plan Width": 4, "Actual Startup Time": 2621.122, "Actual Total Time": 2621.122, "Actual Rows": 4167490, "Actual Loops": 1, "Hash Buckets": 4194304, "Hash Batches": 1, "Original Hash Batches": 1, "Peak Memory Usage": 146514, "Plans": [{"Node Type": "Seq Scan", "Parent Relationship": "Outer", "Relation Name": "name", "Alias": "n1", "Startup Cost": 0.0, "Total Cost": 93071.9, "Plan Rows": 4167490, "Plan Width": 4, "Actual Startup Time": 0.026, "Actual Total Time": 1255.583, "Actual Rows": 4167490, "Actual Loops": 1}]}]}]}]}]}, "Triggers": [], "Planner Runtime": 58.673, "Total Runtime": 8183.631, "Unique SQL Id": 2457761703}}, "(1, '35')": {"explain_plan": {"Plan": {"Node Type": "Aggregate", "Strategy": "Plain", "Startup Cost": 1000069787565.86, "Total Cost": 1000069787565.87, "Plan Rows": 1, "Plan Width": 97, "Plans": [{"Node Type": "Nested Loop", "Parent Relationship": "Outer", "Join Type": "Inner", "Startup Cost": 10000000001.8, "Total Cost": 1000069785780.37, "Plan Rows": 357098, "Plan Width": 33, "Inner Unique": true, "Plans": [{"Node Type": "Nested Loop", "Parent Relationship": "Outer", "Join Type": "Inner", "Startup Cost": 10000000001.54, "Total Cost": 1000068255744.11, "Plan Rows": 357379, "Plan Width": 24, "Inner Unique": true, "Join Filter": "(an1.person_id = n1.id), (LLVM Optimized)", "Plans": [{"Node Type": "Nested Loop", "Parent Relationship": "Outer", "Join Type": "Inner", "Startup Cost": 10000000001.28, "Total Cost": 1000066724564.96, "Plan Rows": 357379, "Plan Width": 32, "Inner Unique": false, "Plans": [{"Node Type": "Nested Loop", "Parent Relationship": "Outer", "Join Type": "Inner", "Startup Cost": 10000000001.03, "Total Cost": 1000063680996.82, "Plan Rows": 711018, "Plan Width": 12, "Inner Unique": true, "Plans": [{"Node Type": "Nested Loop", "Parent Relationship": "Outer", "Join Type": "Inner", "Startup Cost": 10000000000.77, "Total Cost": 1000030184746.51, "Plan Rows": 7821201, "Plan Width": 16, "Inner Unique": false, "Plans": [{"Node Type": "Nested Loop", "Parent Relationship": "Outer", "Join Type": "Inner", "Startup Cost": 10000000000.26, "Total Cost": 1000024227793.07, "Plan Rows": 1282311, "Plan Width": 4, "Inner Unique": true, "Plans": [{"Node Type": "Index Scan", "Parent Relationship": "Outer", "Scan Direction": "Forward", "Index Name": "movie_id_movie_companies", "Relation Name": "movie_companies", "Alias": "mc", "Startup Cost": 10000000000.0, "Total Cost": 1000013051946.13, "Plan Rows": 2609128, "Plan Width": 8}, {"Node Type": "Bitmap Heap Scan", "Parent Relationship": "Inner", "Relation Name": "company_name", "Alias": "cn", "Startup Cost": 0.26, "Total Cost": 4.27, "Plan Rows": 1, "Plan Width": 4, "Recheck Cond": "(id = mc.company_id)", "Filter": "((country_code)::text = '[us]'::text)", "Plans": [{"Node Type": "Bitmap Index Scan", "Parent Relationship": "Outer", "Index Name": "company_name_pkey", "Startup Cost": 0.0, "Total Cost": 0.26, "Plan Rows": 1, "Plan Width": 0, "Index Cond": "(id = mc.company_id)"}]}]}, {"Node Type": "Bitmap Heap Scan", "Parent Relationship": "Inner", "Relation Name": "cast_info", "Alias": "ci", "Startup Cost": 0.51, "Total Cost": 4.59, "Plan Rows": 6, "Plan Width": 12, "Recheck Cond": "(movie_id = mc.movie_id)", "Plans": [{"Node Type": "Bitmap Index Scan", "Parent Relationship": "Outer", "Index Name": "movie_id_cast_info", "Startup Cost": 0.0, "Total Cost": 0.51, "Plan Rows": 6, "Plan Width": 0, "Index Cond": "(movie_id = mc.movie_id)"}]}]}, {"Node Type": "Bitmap Heap Scan", "Parent Relationship": "Inner", "Relation Name": "role_type", "Alias": "rt", "Startup Cost": 0.26, "Total Cost": 4.27, "Plan Rows": 1, "Plan Width": 4, "Recheck Cond": "(id = ci.role_id)", "Filter": "((role)::text = 'costume designer'::text)", "Plans": [{"Node Type": "Bitmap Index Scan", "Parent Relationship": "Outer", "Index Name": "role_type_pkey", "Startup Cost": 0.0, "Total Cost": 0.26, "Plan Rows": 1, "Plan Width": 0, "Index Cond": "(id = ci.role_id)"}]}]}, {"Node Type": "Bitmap Heap Scan", "Parent Relationship": "Inner", "Relation Name": "aka_name", "Alias": "an1", "Startup Cost": 0.26, "Total Cost": 4.27, "Plan Rows": 1, "Plan Width": 20, "Recheck Cond": "(person_id = ci.person_id)", "Plans": [{"Node Type": "Bitmap Index Scan", "Parent Relationship": "Outer", "Index Name": "person_id_aka_name", "Startup Cost": 0.0, "Total Cost": 0.26, "Plan Rows": 1, "Plan Width": 0, "Index Cond": "(person_id = ci.person_id)"}]}]}, {"Node Type": "Bitmap Heap Scan", "Parent Relationship": "Inner", "Relation Name": "name", "Alias": "n1", "Startup Cost": 0.26, "Total Cost": 4.27, "Plan Rows": 1, "Plan Width": 4, "Recheck Cond": "(id = ci.person_id)", "Plans": [{"Node Type": "Bitmap Index Scan", "Parent Relationship": "Outer", "Index Name": "name_pkey", "Startup Cost": 0.0, "Total Cost": 0.26, "Plan Rows": 1, "Plan Width": 0, "Index Cond": "(id = ci.person_id)"}]}]}, {"Node Type": "Bitmap Heap Scan", "Parent Relationship": "Inner", "Relation Name": "title", "Alias": "t", "Startup Cost": 0.26, "Total Cost": 4.27, "Plan Rows": 1, "Plan Width": 21, "Recheck Cond": "(id = ci.movie_id)", "Plans": [{"Node Type": "Bitmap Index Scan", "Parent Relationship": "Outer", "Index Name": "title_pkey", "Startup Cost": 0.0, "Total Cost": 0.26, "Plan Rows": 1, "Plan Width": 0, "Index Cond": "(id = ci.movie_id)"}]}]}]}, "Unique SQL Id": 2457761703, "Planner Runtime": 3}, "explain_analyze_plan": null}, "(1, '36')": {"explain_plan": {"Plan": {"Node Type": "Aggregate", "Strategy": "Plain", "Startup Cost": 589695.38, "Total Cost": 589695.39, "Plan Rows": 1, "Plan Width": 97, "Plans": [{"Node Type": "Hash Join", "Parent Relationship": "Outer", "Join Type": "Inner", "Startup Cost": 561014.71, "Total Cost": 587909.89, "Plan Rows": 357098, "Plan Width": 33, "Inner Unique": false, "Hash Cond": "(an1.person_id = n1.id), (LLVM Optimized)", "Plans": [{"Node Type": "Seq Scan", "Parent Relationship": "Outer", "Relation Name": "aka_name", "Alias": "an1", "Startup Cost": 0.0, "Total Cost": 19908.42, "Plan Rows": 901342, "Plan Width": 20}, {"Node Type": "Hash", "Parent Relationship": "Inner", "Startup Cost": 552133.97, "Total Cost": 552133.97, "Plan Rows": 710459, "Plan Width": 25, "Plans": [{"Node Type": "Hash Join", "Parent Relationship": "Outer", "Join Type": "Inner", "Startup Cost": 341891.88, "Total Cost": 552133.97, "Plan Rows": 710459, "Plan Width": 25, "Inner Unique": true, "Hash Cond": "(ci.person_id = n1.id), (LLVM Optimized)", "Plans": [{"Node Type": "Hash Join", "Parent Relationship": "Outer", "Join Type": "Inner", "Startup Cost": 196726.36, "Total Cost": 397199.64, "Plan Rows": 710459, "Plan Width": 21, "Inner Unique": false, "Hash Cond": "(ci.movie_id = t.id), (LLVM Optimized)", "Plans": [{"Node Type": "Nested Loop", "Parent Relationship": "Outer", "Join Type": "Inner", "Startup Cost": 0.0, "Total Cost": 171406.94, "Plan Rows": 3296318, "Plan Width": 8, "Inner Unique": false, "Plans": [{"Node Type": "Seq Scan", "Parent Relationship": "Outer", "Relation Name": "role_type", "Alias": "rt", "Startup Cost": 0.0, "Total Cost": 1.15, "Plan Rows": 1, "Plan Width": 4, "Filter": "((role)::text = 'costume designer'::text)"}, {"Node Type": "Index Scan", "Parent Relationship": "Inner", "Scan Direction": "Forward", "Index Name": "role_id_cast_info", "Relation Name": "cast_info", "Alias": "ci", "Startup Cost": 0.0, "Total Cost": 138442.61, "Plan Rows": 3296318, "Plan Width": 12, "Index Cond": "(role_id = rt.id), (LLVM Optimized)"}]}, {"Node Type": "Hash", "Parent Relationship": "Inner", "Startup Cost": 180697.47, "Total Cost": 180697.47, "Plan Rows": 1282311, "Plan Width": 25, "Plans": [{"Node Type": "Hash Join", "Parent Relationship": "Outer", "Join Type": "Inner", "Startup Cost": 98641.07, "Total Cost": 180697.47, "Plan Rows": 1282311, "Plan Width": 25, "Inner Unique": true, "Hash Cond": "(mc.movie_id = t.id), (LLVM Optimized)", "Plans": [{"Node Type": "Hash Join", "Parent Relationship": "Outer", "Join Type": "Inner", "Startup Cost": 6968.08, "Total Cost": 71392.69, "Plan Rows": 1282311, "Plan Width": 4, "Inner Unique": true, "Hash Cond": "(mc.company_id = cn.id), (LLVM Optimized)", "Plans": [{"Node Type": "Seq Scan", "Parent Relationship": "Outer", "Relation Name": "movie_companies", "Alias": "mc", "Startup Cost": 0.0, "Total Cost": 41817.28, "Plan Rows": 2609128, "Plan Width": 8}, {"Node Type": "Hash", "Parent Relationship": "Inner", "Startup Cost": 5903.45, "Total Cost": 5903.45, "Plan Rows": 85170, "Plan Width": 4, "Plans": [{"Node Type": "Seq Scan", "Parent Relationship": "Outer", "Relation Name": "company_name", "Alias": "cn", "Startup Cost": 0.0, "Total Cost": 5903.45, "Plan Rows": 85170, "Plan Width": 4, "Filter": "((country_code)::text = '[us]'::text)"}]}]}, {"Node Type": "Hash", "Parent Relationship": "Inner", "Startup Cost": 60069.11, "Total Cost": 60069.11, "Plan Rows": 2528311, "Plan Width": 21, "Plans": [{"Node Type": "Seq Scan", "Parent Relationship": "Outer", "Relation Name": "title", "Alias": "t", "Startup Cost": 0.0, "Total Cost": 60069.11, "Plan Rows": 2528311, "Plan Width": 21}]}]}]}]}, {"Node Type": "Hash", "Parent Relationship": "Inner", "Startup Cost": 93071.9, "Total Cost": 93071.9, "Plan Rows": 4167490, "Plan Width": 4, "Plans": [{"Node Type": "Seq Scan", "Parent Relationship": "Outer", "Relation Name": "name", "Alias": "n1", "Startup Cost": 0.0, "Total Cost": 93071.9, "Plan Rows": 4167490, "Plan Width": 4}]}]}]}]}]}, "Unique SQL Id": 2457761703, "Planner Runtime": 45}, "explain_analyze_plan": {"Plan": {"Node Type": "Aggregate", "Strategy": "Plain", "Startup Cost": 589695.38, "Total Cost": 589695.39, "Plan Rows": 1, "Plan Width": 97, "Actual Startup Time": 8818.757, "Actual Total Time": 8818.758, "Actual Rows": 1, "Actual Loops": 1, "Plans": [{"Node Type": "Hash Join", "Parent Relationship": "Outer", "Join Type": "Inner", "Startup Cost": 561014.71, "Total Cost": 587909.89, "Plan Rows": 357098, "Plan Width": 33, "Actual Startup Time": 8145.128, "Actual Total Time": 8674.859, "Actual Rows": 323005, "Actual Loops": 1, "Inner Unique": false, "Hash Cond": "(an1.person_id = n1.id), (LLVM Optimized, Jit Execute)", "Plans": [{"Node Type": "Seq Scan", "Parent Relationship": "Outer", "Relation Name": "aka_name", "Alias": "an1", "Startup Cost": 0.0, "Total Cost": 19908.42, "Plan Rows": 901342, "Plan Width": 20, "Actual Startup Time": 0.025, "Actual Total Time": 239.81, "Actual Rows": 901342, "Actual Loops": 1}, {"Node Type": "Hash", "Parent Relationship": "Inner", "Startup Cost": 552133.97, "Total Cost": 552133.97, "Plan Rows": 710459, "Plan Width": 25, "Actual Startup Time": 8138.334, "Actual Total Time": 8138.334, "Actual Rows": 285537, "Actual Loops": 1, "Hash Buckets": 1048576, "Hash Batches": 1, "Original Hash Batches": 1, "Peak Memory Usage": 15952, "Plans": [{"Node Type": "Hash Join", "Parent Relationship": "Outer", "Join Type": "Inner", "Startup Cost": 341891.88, "Total Cost": 552133.97, "Plan Rows": 710459, "Plan Width": 25, "Actual Startup Time": 7533.343, "Actual Total Time": 8053.886, "Actual Rows": 285537, "Actual Loops": 1, "Inner Unique": true, "Hash Cond": "(ci.person_id = n1.id), (LLVM Optimized, Jit Execute)", "Plans": [{"Node Type": "Hash Join", "Parent Relationship": "Outer", "Join Type": "Inner", "Startup Cost": 196726.36, "Total Cost": 397199.64, "Plan Rows": 710459, "Plan Width": 21, "Actual Startup Time": 4459.627, "Actual Total Time": 4870.581, "Actual Rows": 285537, "Actual Loops": 1, "Inner Unique": false, "Hash Cond": "(ci.movie_id = t.id), (LLVM Optimized, Jit Execute)", "Plans": [{"Node Type": "Nested Loop", "Parent Relationship": "Outer", "Join Type": "Inner", "Startup Cost": 0.0, "Total Cost": 171406.94, "Plan Rows": 3296318, "Plan Width": 8, "Actual Startup Time": 0.114, "Actual Total Time": 204.825, "Actual Rows": 276403, "Actual Loops": 1, "Inner Unique": false, "Plans": [{"Node Type": "Seq Scan", "Parent Relationship": "Outer", "Relation Name": "role_type", "Alias": "rt", "Startup Cost": 0.0, "Total Cost": 1.15, "Plan Rows": 1, "Plan Width": 4, "Actual Startup Time": 0.041, "Actual Total Time": 0.055, "Actual Rows": 1, "Actual Loops": 1, "Filter": "((role)::text = 'costume designer'::text)", "Rows Removed by Filter": 11}, {"Node Type": "Index Scan", "Parent Relationship": "Inner", "Scan Direction": "Forward", "Index Name": "role_id_cast_info", "Relation Name": "cast_info", "Alias": "ci", "Startup Cost": 0.0, "Total Cost": 138442.61, "Plan Rows": 3296318, "Plan Width": 12, "Actual Startup Time": 0.059, "Actual Total Time": 150.812, "Actual Rows": 276403, "Actual Loops": 1, "Index Cond": "(role_id = rt.id), (LLVM Optimized, Jit Execute)", "Rows Removed by Index Recheck": 0}]}, {"Node Type": "Hash", "Parent Relationship": "Inner", "Startup Cost": 180697.47, "Total Cost": 180697.47, "Plan Rows": 1282311, "Plan Width": 25, "Actual Startup Time": 4453.739, "Actual Total Time": 4453.739, "Actual Rows": 1153797, "Actual Loops": 1, "Hash Buckets": 2097152, "Hash Batches": 1, "Original Hash Batches": 1, "Peak Memory Usage": 68508, "Plans": [{"Node Type": "Hash Join", "Parent Relationship": "Outer", "Join Type": "Inner", "Startup Cost": 98641.07, "Total Cost": 180697.47, "Plan Rows": 1282311, "Plan Width": 25, "Actual Startup Time": 1827.854, "Actual Total Time": 3974.898, "Actual Rows": 1153797, "Actual Loops": 1, "Inner Unique": true, "Hash Cond": "(mc.movie_id = t.id), (LLVM Optimized, Jit Execute)", "Plans": [{"Node Type": "Hash Join", "Parent Relationship": "Outer", "Join Type": "Inner", "Startup Cost": 6968.08, "Total Cost": 71392.69, "Plan Rows": 1282311, "Plan Width": 4, "Actual Startup Time": 113.03, "Actual Total Time": 1555.125, "Actual Rows": 1153797, "Actual Loops": 1, "Inner Unique": true, "Hash Cond": "(mc.company_id = cn.id), (LLVM Optimized, Jit Execute)", "Plans": [{"Node Type": "Seq Scan", "Parent Relationship": "Outer", "Relation Name": "movie_companies", "Alias": "mc", "Startup Cost": 0.0, "Total Cost": 41817.28, "Plan Rows": 2609128, "Plan Width": 8, "Actual Startup Time": 0.03, "Actual Total Time": 611.128, "Actual Rows": 2609128, "Actual Loops": 1}, {"Node Type": "Hash", "Parent Relationship": "Inner", "Startup Cost": 5903.45, "Total Cost": 5903.45, "Plan Rows": 85170, "Plan Width": 4, "Actual Startup Time": 112.907, "Actual Total Time": 112.907, "Actual Rows": 84843, "Actual Loops": 1, "Hash Buckets": 131072, "Hash Batches": 1, "Original Hash Batches": 1, "Peak Memory Usage": 2983, "Plans": [{"Node Type": "Seq Scan", "Parent Relationship": "Outer", "Relation Name": "company_name", "Alias": "cn", "Startup Cost": 0.0, "Total Cost": 5903.45, "Plan Rows": 85170, "Plan Width": 4, "Actual Startup Time": 0.024, "Actual Total Time": 90.615, "Actual Rows": 84843, "Actual Loops": 1, "Filter": "((country_code)::text = '[us]'::text)", "Rows Removed by Filter": 150153}]}]}, {"Node Type": "Hash", "Parent Relationship": "Inner", "Startup Cost": 60069.11, "Total Cost": 60069.11, "Plan Rows": 2528311, "Plan Width": 21, "Actual Startup Time": 1712.366, "Actual Total Time": 1712.366, "Actual Rows": 2528311, "Actual Loops": 1, "Hash Buckets": 4194304, "Hash Batches": 1, "Original Hash Batches": 1, "Peak Memory Usage": 135869, "Plans": [{"Node Type": "Seq Scan", "Parent Relationship": "Outer", "Relation Name": "title", "Alias": "t", "Startup Cost": 0.0, "Total Cost": 60069.11, "Plan Rows": 2528311, "Plan Width": 21, "Actual Startup Time": 0.031, "Actual Total Time": 797.49, "Actual Rows": 2528311, "Actual Loops": 1}]}]}]}]}, {"Node Type": "Hash", "Parent Relationship": "Inner", "Startup Cost": 93071.9, "Total Cost": 93071.9, "Plan Rows": 4167490, "Plan Width": 4, "Actual Startup Time": 3070.895, "Actual Total Time": 3070.895, "Actual Rows": 4167490, "Actual Loops": 1, "Hash Buckets": 4194304, "Hash Batches": 1, "Original Hash Batches": 1, "Peak Memory Usage": 146514, "Plans": [{"Node Type": "Seq Scan", "Parent Relationship": "Outer", "Relation Name": "name", "Alias": "n1", "Startup Cost": 0.0, "Total Cost": 93071.9, "Plan Rows": 4167490, "Plan Width": 4, "Actual Startup Time": 0.06, "Actual Total Time": 1293.196, "Actual Rows": 4167490, "Actual Loops": 1}]}]}]}]}]}, "Triggers": [], "Planner Runtime": 82.375, "Total Runtime": 8832.037, "Unique SQL Id": 2457761703}}, "(1, '37')": {"explain_plan": {"Plan": {"Node Type": "Aggregate", "Strategy": "Plain", "Startup Cost": 824512.34, "Total Cost": 824512.35, "Plan Rows": 1, "Plan Width": 97, "Plans": [{"Node Type": "Hash Join", "Parent Relationship": "Outer", "Join Type": "Inner", "Startup Cost": 746775.06, "Total Cost": 822726.85, "Plan Rows": 357098, "Plan Width": 33, "Inner Unique": false, "Hash Cond": "(an1.person_id = n1.id), (LLVM Optimized)", "Plans": [{"Node Type": "Index Scan", "Parent Relationship": "Outer", "Scan Direction": "Forward", "Index Name": "person_id_aka_name", "Relation Name": "aka_name", "Alias": "an1", "Startup Cost": 0.0, "Total Cost": 68965.03, "Plan Rows": 901342, "Plan Width": 20}, {"Node Type": "Hash", "Parent Relationship": "Inner", "Startup Cost": 737894.33, "Total Cost": 737894.33, "Plan Rows": 710459, "Plan Width": 25, "Plans": [{"Node Type": "Nested Loop", "Parent Relationship": "Outer", "Join Type": "Inner", "Startup Cost": 333231.89, "Total Cost": 737894.33, "Plan Rows": 710459, "Plan Width": 25, "Inner Unique": true, "Plans": [{"Node Type": "Hash Join", "Parent Relationship": "Outer", "Join Type": "Inner", "Startup Cost": 333231.89, "Total Cost": 533716.49, "Plan Rows": 710459, "Plan Width": 21, "Inner Unique": false, "Hash Cond": "(ci.movie_id = t.id), (LLVM Optimized)", "Plans": [{"Node Type": "Nested Loop", "Parent Relationship": "Outer", "Join Type": "Inner", "Startup Cost": 0.0, "Total Cost": 171418.25, "Plan Rows": 3296318, "Plan Width": 8, "Inner Unique": false, "Plans": [{"Node Type": "Index Scan", "Parent Relationship": "Outer", "Scan Direction": "Forward", "Index Name": "role_type_pkey", "Relation Name": "role_type", "Alias": "rt", "Startup Cost": 0.0, "Total Cost": 12.46, "Plan Rows": 1, "Plan Width": 4, "Filter": "((role)::text = 'costume designer'::text)"}, {"Node Type": "Index Scan", "Parent Relationship": "Inner", "Scan Direction": "Forward", "Index Name": "role_id_cast_info", "Relation Name": "cast_info", "Alias": "ci", "Startup Cost": 0.0, "Total Cost": 138442.61, "Plan Rows": 3296318, "Plan Width": 12, "Index Cond": "(role_id = rt.id), (LLVM Optimized)"}]}, {"Node Type": "Hash", "Parent Relationship": "Inner", "Startup Cost": 317203.01, "Total Cost": 317203.01, "Plan Rows": 1282311, "Plan Width": 25, "Plans": [{"Node Type": "Hash Join", "Parent Relationship": "Outer", "Join Type": "Inner", "Startup Cost": 153290.39, "Total Cost": 317203.01, "Plan Rows": 1282311, "Plan Width": 25, "Inner Unique": true, "Hash Cond": "(mc.movie_id = t.id), (LLVM Optimized)", "Plans": [{"Node Type": "Hash Join", "Parent Relationship": "Outer", "Join Type": "Inner", "Startup Cost": 11566.01, "Total Cost": 157846.85, "Plan Rows": 1282311, "Plan Width": 4, "Inner Unique": true, "Hash Cond": "(mc.company_id = cn.id), (LLVM Optimized)", "Plans": [{"Node Type": "Index Scan", "Parent Relationship": "Outer", "Scan Direction": "Forward", "Index Name": "company_id_movie_companies", "Relation Name": "movie_companies", "Alias": "mc", "Startup Cost": 0.0, "Total Cost": 123673.5, "Plan Rows": 2609128, "Plan Width": 8}, {"Node Type": "Hash", "Parent Relationship": "Inner", "Startup Cost": 10501.39, "Total Cost": 10501.39, "Plan Rows": 85170, "Plan Width": 4, "Plans": [{"Node Type": "Index Scan", "Parent Relationship": "Outer", "Scan Direction": "Forward", "Index Name": "company_name_pkey", "Relation Name": "company_name", "Alias": "cn", "Startup Cost": 0.0, "Total Cost": 10501.39, "Plan Rows": 85170, "Plan Width": 4, "Filter": "((country_code)::text = '[us]'::text)"}]}]}, {"Node Type": "Hash", "Parent Relationship": "Inner", "Startup Cost": 110120.49, "Total Cost": 110120.49, "Plan Rows": 2528311, "Plan Width": 21, "Plans": [{"Node Type": "Index Scan", "Parent Relationship": "Outer", "Scan Direction": "Forward", "Index Name": "title_pkey", "Relation Name": "title", "Alias": "t", "Startup Cost": 0.0, "Total Cost": 110120.49, "Plan Rows": 2528311, "Plan Width": 21}]}]}]}]}, {"Node Type": "Index Scan", "Parent Relationship": "Inner", "Scan Direction": "Forward", "Index Name": "name_pkey", "Relation Name": "name", "Alias": "n1", "Startup Cost": 0.0, "Total Cost": 0.28, "Plan Rows": 1, "Plan Width": 4, "Index Cond": "(id = ci.person_id)"}]}]}]}]}, "Unique SQL Id": 2457761703, "Planner Runtime": 37}, "explain_analyze_plan": {"Plan": {"Node Type": "Aggregate", "Strategy": "Plain", "Startup Cost": 824512.34, "Total Cost": 824512.35, "Plan Rows": 1, "Plan Width": 97, "Actual Startup Time": 12490.602, "Actual Total Time": 12490.603, "Actual Rows": 1, "Actual Loops": 1, "Plans": [{"Node Type": "Hash Join", "Parent Relationship": "Outer", "Join Type": "Inner", "Startup Cost": 746775.06, "Total Cost": 822726.85, "Plan Rows": 357098, "Plan Width": 33, "Actual Startup Time": 11350.794, "Actual Total Time": 12344.757, "Actual Rows": 323005, "Actual Loops": 1, "Inner Unique": false, "Hash Cond": "(an1.person_id = n1.id), (LLVM Optimized, Jit Execute)", "Plans": [{"Node Type": "Index Scan", "Parent Relationship": "Outer", "Scan Direction": "Forward", "Index Name": "person_id_aka_name", "Relation Name": "aka_name", "Alias": "an1", "Startup Cost": 0.0, "Total Cost": 68965.03, "Plan Rows": 901342, "Plan Width": 20, "Actual Startup Time": 0.044, "Actual Total Time": 684.753, "Actual Rows": 901342, "Actual Loops": 1}, {"Node Type": "Hash", "Parent Relationship": "Inner", "Startup Cost": 737894.33, "Total Cost": 737894.33, "Plan Rows": 710459, "Plan Width": 25, "Actual Startup Time": 11350.054, "Actual Total Time": 11350.054, "Actual Rows": 285537, "Actual Loops": 1, "Hash Buckets": 1048576, "Hash Batches": 1, "Original Hash Batches": 1, "Peak Memory Usage": 15952, "Plans": [{"Node Type": "Nested Loop", "Parent Relationship": "Outer", "Join Type": "Inner", "Startup Cost": 333231.89, "Total Cost": 737894.33, "Plan Rows": 710459, "Plan Width": 25, "Actual Startup Time": 9822.533, "Actual Total Time": 11232.951, "Actual Rows": 285537, "Actual Loops": 1, "Inner Unique": true, "Plans": [{"Node Type": "Hash Join", "Parent Relationship": "Outer", "Join Type": "Inner", "Startup Cost": 333231.89, "Total Cost": 533716.49, "Plan Rows": 710459, "Plan Width": 21, "Actual Startup Time": 9822.491, "Actual Total Time": 10232.62, "Actual Rows": 285537, "Actual Loops": 1, "Inner Unique": false, "Hash Cond": "(ci.movie_id = t.id), (LLVM Optimized, Jit Execute)", "Plans": [{"Node Type": "Nested Loop", "Parent Relationship": "Outer", "Join Type": "Inner", "Startup Cost": 0.0, "Total Cost": 171418.25, "Plan Rows": 3296318, "Plan Width": 8, "Actual Startup Time": 0.067, "Actual Total Time": 200.497, "Actual Rows": 276403, "Actual Loops": 1, "Inner Unique": false, "Plans": [{"Node Type": "Index Scan", "Parent Relationship": "Outer", "Scan Direction": "Forward", "Index Name": "role_type_pkey", "Relation Name": "role_type", "Alias": "rt", "Startup Cost": 0.0, "Total Cost": 12.46, "Plan Rows": 1, "Plan Width": 4, "Actual Startup Time": 0.027, "Actual Total Time": 0.046, "Actual Rows": 1, "Actual Loops": 1, "Filter": "((role)::text = 'costume designer'::text)", "Rows Removed by Filter": 11}, {"Node Type": "Index Scan", "Parent Relationship": "Inner", "Scan Direction": "Forward", "Index Name": "role_id_cast_info", "Relation Name": "cast_info", "Alias": "ci", "Startup Cost": 0.0, "Total Cost": 138442.61, "Plan Rows": 3296318, "Plan Width": 12, "Actual Startup Time": 0.035, "Actual Total Time": 144.353, "Actual Rows": 276403, "Actual Loops": 1, "Index Cond": "(role_id = rt.id), (LLVM Optimized, Jit Execute)", "Rows Removed by Index Recheck": 0}]}, {"Node Type": "Hash", "Parent Relationship": "Inner", "Startup Cost": 317203.01, "Total Cost": 317203.01, "Plan Rows": 1282311, "Plan Width": 25, "Actual Startup Time": 9816.251, "Actual Total Time": 9816.251, "Actual Rows": 1153797, "Actual Loops": 1, "Hash Buckets": 2097152, "Hash Batches": 1, "Original Hash Batches": 1, "Peak Memory Usage": 68508, "Plans": [{"Node Type": "Hash Join", "Parent Relationship": "Outer", "Join Type": "Inner", "Startup Cost": 153290.39, "Total Cost": 317203.01, "Plan Rows": 1282311, "Plan Width": 25, "Actual Startup Time": 4658.057, "Actual Total Time": 9252.937, "Actual Rows": 1153797, "Actual Loops": 1, "Inner Unique": true, "Hash Cond": "(mc.movie_id = t.id), (LLVM Optimized, Jit Execute)", "Plans": [{"Node Type": "Hash Join", "Parent Relationship": "Outer", "Join Type": "Inner", "Startup Cost": 11566.01, "Total Cost": 157846.85, "Plan Rows": 1282311, "Plan Width": 4, "Actual Startup Time": 326.456, "Actual Total Time": 4172.666, "Actual Rows": 1153797, "Actual Loops": 1, "Inner Unique": true, "Hash Cond": "(mc.company_id = cn.id), (LLVM Optimized, Jit Execute)", "Plans": [{"Node Type": "Index Scan", "Parent Relationship": "Outer", "Scan Direction": "Forward", "Index Name": "company_id_movie_companies", "Relation Name": "movie_companies", "Alias": "mc", "Startup Cost": 0.0, "Total Cost": 123673.5, "Plan Rows": 2609128, "Plan Width": 8, "Actual Startup Time": 0.026, "Actual Total Time": 3065.893, "Actual Rows": 2609128, "Actual Loops": 1}, {"Node Type": "Hash", "Parent Relationship": "Inner", "Startup Cost": 10501.39, "Total Cost": 10501.39, "Plan Rows": 85170, "Plan Width": 4, "Actual Startup Time": 326.316, "Actual Total Time": 326.316, "Actual Rows": 84843, "Actual Loops": 1, "Hash Buckets": 131072, "Hash Batches": 1, "Original Hash Batches": 1, "Peak Memory Usage": 2983, "Plans": [{"Node Type": "Index Scan", "Parent Relationship": "Outer", "Scan Direction": "Forward", "Index Name": "company_name_pkey", "Relation Name": "company_name", "Alias": "cn", "Startup Cost": 0.0, "Total Cost": 10501.39, "Plan Rows": 85170, "Plan Width": 4, "Actual Startup Time": 0.031, "Actual Total Time": 297.865, "Actual Rows": 84843, "Actual Loops": 1, "Filter": "((country_code)::text = '[us]'::text)", "Rows Removed by Filter": 150153}]}]}, {"Node Type": "Hash", "Parent Relationship": "Inner", "Startup Cost": 110120.49, "Total Cost": 110120.49, "Plan Rows": 2528311, "Plan Width": 21, "Actual Startup Time": 4328.998, "Actual Total Time": 4328.998, "Actual Rows": 2528311, "Actual Loops": 1, "Hash Buckets": 4194304, "Hash Batches": 1, "Original Hash Batches": 1, "Peak Memory Usage": 135869, "Plans": [{"Node Type": "Index Scan", "Parent Relationship": "Outer", "Scan Direction": "Forward", "Index Name": "title_pkey", "Relation Name": "title", "Alias": "t", "Startup Cost": 0.0, "Total Cost": 110120.49, "Plan Rows": 2528311, "Plan Width": 21, "Actual Startup Time": 0.049, "Actual Total Time": 3028.243, "Actual Rows": 2528311, "Actual Loops": 1}]}]}]}]}, {"Node Type": "Index Scan", "Parent Relationship": "Inner", "Scan Direction": "Forward", "Index Name": "name_pkey", "Relation Name": "name", "Alias": "n1", "Startup Cost": 0.0, "Total Cost": 0.28, "Plan Rows": 1, "Plan Width": 4, "Actual Startup Time": 789.284, "Actual Total Time": 789.284, "Actual Rows": 285537, "Actual Loops": 285537, "Index Cond": "(id = ci.person_id)", "Rows Removed by Index Recheck": 0}]}]}]}]}, "Triggers": [], "Planner Runtime": 37.619, "Total Runtime": 12501.62, "Unique SQL Id": 2457761703}}, "(1, '38')": {"explain_plan": {"Plan": {"Node Type": "Aggregate", "Strategy": "Plain", "Startup Cost": 808403.05, "Total Cost": 808403.06, "Plan Rows": 1, "Plan Width": 97, "Plans": [{"Node Type": "Hash Join", "Parent Relationship": "Outer", "Join Type": "Inner", "Startup Cost": 779365.79, "Total Cost": 806617.56, "Plan Rows": 357098, "Plan Width": 33, "Inner Unique": false, "Hash Cond": "(an1.person_id = n1.id), (LLVM Optimized)", "Plans": [{"Node Type": "Seq Scan", "Parent Relationship": "Outer", "Relation Name": "aka_name", "Alias": "an1", "Startup Cost": 0.0, "Total Cost": 19908.42, "Plan Rows": 901342, "Plan Width": 20}, {"Node Type": "Hash", "Parent Relationship": "Inner", "Startup Cost": 770485.05, "Total Cost": 770485.05, "Plan Rows": 710459, "Plan Width": 25, "Plans": [{"Node Type": "Hash Join", "Parent Relationship": "Outer", "Join Type": "Inner", "Startup Cost": 418198.6, "Total Cost": 770485.05, "Plan Rows": 710459, "Plan Width": 25, "Inner Unique": true, "Hash Cond": "(ci.person_id = n1.id), (LLVM Optimized)", "Plans": [{"Node Type": "Hash Join", "Parent Relationship": "Outer", "Join Type": "Inner", "Startup Cost": 273033.07, "Total Cost": 615550.72, "Plan Rows": 710459, "Plan Width": 21, "Inner Unique": false, "Hash Cond": "(ci.movie_id = t.id), (LLVM Optimized)", "Plans": [{"Node Type": "Nested Loop", "Parent Relationship": "Outer", "Join Type": "Inner", "Startup Cost": 76306.71, "Total Cost": 389758.02, "Plan Rows": 3296318, "Plan Width": 8, "Inner Unique": false, "Plans": [{"Node Type": "Seq Scan", "Parent Relationship": "Outer", "Relation Name": "role_type", "Alias": "rt", "Startup Cost": 0.0, "Total Cost": 1.15, "Plan Rows": 1, "Plan Width": 4, "Filter": "((role)::text = 'costume designer'::text)"}, {"Node Type": "Bitmap Heap Scan", "Parent Relationship": "Inner", "Relation Name": "cast_info", "Alias": "ci", "Startup Cost": 76306.71, "Total Cost": 356793.69, "Plan Rows": 3296318, "Plan Width": 12, "Recheck Cond": "(role_id = rt.id), (LLVM Optimized)", "Plans": [{"Node Type": "Bitmap Index Scan", "Parent Relationship": "Outer", "Index Name": "role_id_cast_info", "Startup Cost": 0.0, "Total Cost": 75482.63, "Plan Rows": 3296318, "Plan Width": 0, "Index Cond": "(role_id = rt.id)"}]}]}, {"Node Type": "Hash", "Parent Relationship": "Inner", "Startup Cost": 180697.47, "Total Cost": 180697.47, "Plan Rows": 1282311, "Plan Width": 25, "Plans": [{"Node Type": "Hash Join", "Parent Relationship": "Outer", "Join Type": "Inner", "Startup Cost": 98641.07, "Total Cost": 180697.47, "Plan Rows": 1282311, "Plan Width": 25, "Inner Unique": true, "Hash Cond": "(mc.movie_id = t.id), (LLVM Optimized)", "Plans": [{"Node Type": "Hash Join", "Parent Relationship": "Outer", "Join Type": "Inner", "Startup Cost": 6968.08, "Total Cost": 71392.69, "Plan Rows": 1282311, "Plan Width": 4, "Inner Unique": true, "Hash Cond": "(mc.company_id = cn.id), (LLVM Optimized)", "Plans": [{"Node Type": "Seq Scan", "Parent Relationship": "Outer", "Relation Name": "movie_companies", "Alias": "mc", "Startup Cost": 0.0, "Total Cost": 41817.28, "Plan Rows": 2609128, "Plan Width": 8}, {"Node Type": "Hash", "Parent Relationship": "Inner", "Startup Cost": 5903.45, "Total Cost": 5903.45, "Plan Rows": 85170, "Plan Width": 4, "Plans": [{"Node Type": "Seq Scan", "Parent Relationship": "Outer", "Relation Name": "company_name", "Alias": "cn", "Startup Cost": 0.0, "Total Cost": 5903.45, "Plan Rows": 85170, "Plan Width": 4, "Filter": "((country_code)::text = '[us]'::text)"}]}]}, {"Node Type": "Hash", "Parent Relationship": "Inner", "Startup Cost": 60069.11, "Total Cost": 60069.11, "Plan Rows": 2528311, "Plan Width": 21, "Plans": [{"Node Type": "Seq Scan", "Parent Relationship": "Outer", "Relation Name": "title", "Alias": "t", "Startup Cost": 0.0, "Total Cost": 60069.11, "Plan Rows": 2528311, "Plan Width": 21}]}]}]}]}, {"Node Type": "Hash", "Parent Relationship": "Inner", "Startup Cost": 93071.9, "Total Cost": 93071.9, "Plan Rows": 4167490, "Plan Width": 4, "Plans": [{"Node Type": "Seq Scan", "Parent Relationship": "Outer", "Relation Name": "name", "Alias": "n1", "Startup Cost": 0.0, "Total Cost": 93071.9, "Plan Rows": 4167490, "Plan Width": 4}]}]}]}]}]}, "Unique SQL Id": 2457761703, "Planner Runtime": 36}, "explain_analyze_plan": {"Plan": {"Node Type": "Aggregate", "Strategy": "Plain", "Startup Cost": 808403.05, "Total Cost": 808403.06, "Plan Rows": 1, "Plan Width": 97, "Actual Startup Time": 8171.997, "Actual Total Time": 8171.997, "Actual Rows": 1, "Actual Loops": 1, "Plans": [{"Node Type": "Hash Join", "Parent Relationship": "Outer", "Join Type": "Inner", "Startup Cost": 779365.79, "Total Cost": 806617.56, "Plan Rows": 357098, "Plan Width": 33, "Actual Startup Time": 7462.893, "Actual Total Time": 8027.597, "Actual Rows": 323005, "Actual Loops": 1, "Inner Unique": false, "Hash Cond": "(an1.person_id = n1.id), (LLVM Optimized, Jit Execute)", "Plans": [{"Node Type": "Seq Scan", "Parent Relationship": "Outer", "Relation Name": "aka_name", "Alias": "an1", "Startup Cost": 0.0, "Total Cost": 19908.42, "Plan Rows": 901342, "Plan Width": 20, "Actual Startup Time": 0.026, "Actual Total Time": 239.447, "Actual Rows": 901342, "Actual Loops": 1}, {"Node Type": "Hash", "Parent Relationship": "Inner", "Startup Cost": 770485.05, "Total Cost": 770485.05, "Plan Rows": 710459, "Plan Width": 25, "Actual Startup Time": 7456.772, "Actual Total Time": 7456.772, "Actual Rows": 285537, "Actual Loops": 1, "Hash Buckets": 1048576, "Hash Batches": 1, "Original Hash Batches": 1, "Peak Memory Usage": 15952, "Plans": [{"Node Type": "Hash Join", "Parent Relationship": "Outer", "Join Type": "Inner", "Startup Cost": 418198.6, "Total Cost": 770485.05, "Plan Rows": 710459, "Plan Width": 25, "Actual Startup Time": 6945.956, "Actual Total Time": 7372.655, "Actual Rows": 285537, "Actual Loops": 1, "Inner Unique": true, "Hash Cond": "(ci.person_id = n1.id), (LLVM Optimized, Jit Execute)", "Plans": [{"Node Type": "Hash Join", "Parent Relationship": "Outer", "Join Type": "Inner", "Startup Cost": 273033.07, "Total Cost": 615550.72, "Plan Rows": 710459, "Plan Width": 21, "Actual Startup Time": 4322.349, "Actual Total Time": 4632.043, "Actual Rows": 285537, "Actual Loops": 1, "Inner Unique": false, "Hash Cond": "(ci.movie_id = t.id), (LLVM Optimized, Jit Execute)", "Plans": [{"Node Type": "Nested Loop", "Parent Relationship": "Outer", "Join Type": "Inner", "Startup Cost": 76306.71, "Total Cost": 389758.02, "Plan Rows": 3296318, "Plan Width": 8, "Actual Startup Time": 33.816, "Actual Total Time": 169.659, "Actual Rows": 276403, "Actual Loops": 1, "Inner Unique": false, "Plans": [{"Node Type": "Seq Scan", "Parent Relationship": "Outer", "Relation Name": "role_type", "Alias": "rt", "Startup Cost": 0.0, "Total Cost": 1.15, "Plan Rows": 1, "Plan Width": 4, "Actual Startup Time": 0.047, "Actual Total Time": 0.061, "Actual Rows": 1, "Actual Loops": 1, "Filter": "((role)::text = 'costume designer'::text)", "Rows Removed by Filter": 11}, {"Node Type": "Bitmap Heap Scan", "Parent Relationship": "Inner", "Relation Name": "cast_info", "Alias": "ci", "Startup Cost": 76306.71, "Total Cost": 356793.69, "Plan Rows": 3296318, "Plan Width": 12, "Actual Startup Time": 33.745, "Actual Total Time": 119.892, "Actual Rows": 276403, "Actual Loops": 1, "Recheck Cond": "(role_id = rt.id), (LLVM Optimized, Jit Execute)", "Rows Removed by Index Recheck": 0, "Exact Heap Blocks": 1654, "Lossy Heap Blocks": 1654, "Plans": [{"Node Type": "Bitmap Index Scan", "Parent Relationship": "Outer", "Index Name": "role_id_cast_info", "Startup Cost": 0.0, "Total Cost": 75482.63, "Plan Rows": 3296318, "Plan Width": 0, "Actual Startup Time": 33.447, "Actual Total Time": 33.447, "Actual Rows": 276403, "Actual Loops": 1, "Index Cond": "(role_id = rt.id)"}]}]}, {"Node Type": "Hash", "Parent Relationship": "Inner", "Startup Cost": 180697.47, "Total Cost": 180697.47, "Plan Rows": 1282311, "Plan Width": 25, "Actual Startup Time": 4283.714, "Actual Total Time": 4283.714, "Actual Rows": 1153797, "Actual Loops": 1, "Hash Buckets": 2097152, "Hash Batches": 1, "Original Hash Batches": 1, "Peak Memory Usage": 68508, "Plans": [{"Node Type": "Hash Join", "Parent Relationship": "Outer", "Join Type": "Inner", "Startup Cost": 98641.07, "Total Cost": 180697.47, "Plan Rows": 1282311, "Plan Width": 25, "Actual Startup Time": 1838.488, "Actual Total Time": 3873.861, "Actual Rows": 1153797, "Actual Loops": 1, "Inner Unique": true, "Hash Cond": "(mc.movie_id = t.id), (LLVM Optimized, Jit Execute)", "Plans": [{"Node Type": "Hash Join", "Parent Relationship": "Outer", "Join Type": "Inner", "Startup Cost": 6968.08, "Total Cost": 71392.69, "Plan Rows": 1282311, "Plan Width": 4, "Actual Startup Time": 112.48, "Actual Total Time": 1529.082, "Actual Rows": 1153797, "Actual Loops": 1, "Inner Unique": true, "Hash Cond": "(mc.company_id = cn.id), (LLVM Optimized, Jit Execute)", "Plans": [{"Node Type": "Seq Scan", "Parent Relationship": "Outer", "Relation Name": "movie_companies", "Alias": "mc", "Startup Cost": 0.0, "Total Cost": 41817.28, "Plan Rows": 2609128, "Plan Width": 8, "Actual Startup Time": 0.035, "Actual Total Time": 596.686, "Actual Rows": 2609128, "Actual Loops": 1}, {"Node Type": "Hash", "Parent Relationship": "Inner", "Startup Cost": 5903.45, "Total Cost": 5903.45, "Plan Rows": 85170, "Plan Width": 4, "Actual Startup Time": 112.344, "Actual Total Time": 112.344, "Actual Rows": 84843, "Actual Loops": 1, "Hash Buckets": 131072, "Hash Batches": 1, "Original Hash Batches": 1, "Peak Memory Usage": 2983, "Plans": [{"Node Type": "Seq Scan", "Parent Relationship": "Outer", "Relation Name": "company_name", "Alias": "cn", "Startup Cost": 0.0, "Total Cost": 5903.45, "Plan Rows": 85170, "Plan Width": 4, "Actual Startup Time": 0.039, "Actual Total Time": 89.949, "Actual Rows": 84843, "Actual Loops": 1, "Filter": "((country_code)::text = '[us]'::text)", "Rows Removed by Filter": 150153}]}]}, {"Node Type": "Hash", "Parent Relationship": "Inner", "Startup Cost": 60069.11, "Total Cost": 60069.11, "Plan Rows": 2528311, "Plan Width": 21, "Actual Startup Time": 1723.593, "Actual Total Time": 1723.593, "Actual Rows": 2528311, "Actual Loops": 1, "Hash Buckets": 4194304, "Hash Batches": 1, "Original Hash Batches": 1, "Peak Memory Usage": 135869, "Plans": [{"Node Type": "Seq Scan", "Parent Relationship": "Outer", "Relation Name": "title", "Alias": "t", "Startup Cost": 0.0, "Total Cost": 60069.11, "Plan Rows": 2528311, "Plan Width": 21, "Actual Startup Time": 0.031, "Actual Total Time": 804.27, "Actual Rows": 2528311, "Actual Loops": 1}]}]}]}]}, {"Node Type": "Hash", "Parent Relationship": "Inner", "Startup Cost": 93071.9, "Total Cost": 93071.9, "Plan Rows": 4167490, "Plan Width": 4, "Actual Startup Time": 2621.122, "Actual Total Time": 2621.122, "Actual Rows": 4167490, "Actual Loops": 1, "Hash Buckets": 4194304, "Hash Batches": 1, "Original Hash Batches": 1, "Peak Memory Usage": 146514, "Plans": [{"Node Type": "Seq Scan", "Parent Relationship": "Outer", "Relation Name": "name", "Alias": "n1", "Startup Cost": 0.0, "Total Cost": 93071.9, "Plan Rows": 4167490, "Plan Width": 4, "Actual Startup Time": 0.026, "Actual Total Time": 1255.583, "Actual Rows": 4167490, "Actual Loops": 1}]}]}]}]}]}, "Triggers": [], "Planner Runtime": 58.673, "Total Runtime": 8183.631, "Unique SQL Id": 2457761703}}, "(1, '39')": {"explain_plan": {"Plan": {"Node Type": "Aggregate", "Strategy": "Plain", "Startup Cost": 1000069787565.86, "Total Cost": 1000069787565.87, "Plan Rows": 1, "Plan Width": 97, "Plans": [{"Node Type": "Nested Loop", "Parent Relationship": "Outer", "Join Type": "Inner", "Startup Cost": 10000000001.8, "Total Cost": 1000069785780.37, "Plan Rows": 357098, "Plan Width": 33, "Inner Unique": true, "Plans": [{"Node Type": "Nested Loop", "Parent Relationship": "Outer", "Join Type": "Inner", "Startup Cost": 10000000001.54, "Total Cost": 1000068255744.11, "Plan Rows": 357379, "Plan Width": 24, "Inner Unique": true, "Join Filter": "(an1.person_id = n1.id), (LLVM Optimized)", "Plans": [{"Node Type": "Nested Loop", "Parent Relationship": "Outer", "Join Type": "Inner", "Startup Cost": 10000000001.28, "Total Cost": 1000066724564.96, "Plan Rows": 357379, "Plan Width": 32, "Inner Unique": false, "Plans": [{"Node Type": "Nested Loop", "Parent Relationship": "Outer", "Join Type": "Inner", "Startup Cost": 10000000001.03, "Total Cost": 1000063680996.82, "Plan Rows": 711018, "Plan Width": 12, "Inner Unique": true, "Plans": [{"Node Type": "Nested Loop", "Parent Relationship": "Outer", "Join Type": "Inner", "Startup Cost": 10000000000.77, "Total Cost": 1000030184746.51, "Plan Rows": 7821201, "Plan Width": 16, "Inner Unique": false, "Plans": [{"Node Type": "Nested Loop", "Parent Relationship": "Outer", "Join Type": "Inner", "Startup Cost": 10000000000.26, "Total Cost": 1000024227793.07, "Plan Rows": 1282311, "Plan Width": 4, "Inner Unique": true, "Plans": [{"Node Type": "Index Scan", "Parent Relationship": "Outer", "Scan Direction": "Forward", "Index Name": "movie_id_movie_companies", "Relation Name": "movie_companies", "Alias": "mc", "Startup Cost": 10000000000.0, "Total Cost": 1000013051946.13, "Plan Rows": 2609128, "Plan Width": 8}, {"Node Type": "Bitmap Heap Scan", "Parent Relationship": "Inner", "Relation Name": "company_name", "Alias": "cn", "Startup Cost": 0.26, "Total Cost": 4.27, "Plan Rows": 1, "Plan Width": 4, "Recheck Cond": "(id = mc.company_id)", "Filter": "((country_code)::text = '[us]'::text)", "Plans": [{"Node Type": "Bitmap Index Scan", "Parent Relationship": "Outer", "Index Name": "company_name_pkey", "Startup Cost": 0.0, "Total Cost": 0.26, "Plan Rows": 1, "Plan Width": 0, "Index Cond": "(id = mc.company_id)"}]}]}, {"Node Type": "Bitmap Heap Scan", "Parent Relationship": "Inner", "Relation Name": "cast_info", "Alias": "ci", "Startup Cost": 0.51, "Total Cost": 4.59, "Plan Rows": 6, "Plan Width": 12, "Recheck Cond": "(movie_id = mc.movie_id)", "Plans": [{"Node Type": "Bitmap Index Scan", "Parent Relationship": "Outer", "Index Name": "movie_id_cast_info", "Startup Cost": 0.0, "Total Cost": 0.51, "Plan Rows": 6, "Plan Width": 0, "Index Cond": "(movie_id = mc.movie_id)"}]}]}, {"Node Type": "Bitmap Heap Scan", "Parent Relationship": "Inner", "Relation Name": "role_type", "Alias": "rt", "Startup Cost": 0.26, "Total Cost": 4.27, "Plan Rows": 1, "Plan Width": 4, "Recheck Cond": "(id = ci.role_id)", "Filter": "((role)::text = 'costume designer'::text)", "Plans": [{"Node Type": "Bitmap Index Scan", "Parent Relationship": "Outer", "Index Name": "role_type_pkey", "Startup Cost": 0.0, "Total Cost": 0.26, "Plan Rows": 1, "Plan Width": 0, "Index Cond": "(id = ci.role_id)"}]}]}, {"Node Type": "Bitmap Heap Scan", "Parent Relationship": "Inner", "Relation Name": "aka_name", "Alias": "an1", "Startup Cost": 0.26, "Total Cost": 4.27, "Plan Rows": 1, "Plan Width": 20, "Recheck Cond": "(person_id = ci.person_id)", "Plans": [{"Node Type": "Bitmap Index Scan", "Parent Relationship": "Outer", "Index Name": "person_id_aka_name", "Startup Cost": 0.0, "Total Cost": 0.26, "Plan Rows": 1, "Plan Width": 0, "Index Cond": "(person_id = ci.person_id)"}]}]}, {"Node Type": "Bitmap Heap Scan", "Parent Relationship": "Inner", "Relation Name": "name", "Alias": "n1", "Startup Cost": 0.26, "Total Cost": 4.27, "Plan Rows": 1, "Plan Width": 4, "Recheck Cond": "(id = ci.person_id)", "Plans": [{"Node Type": "Bitmap Index Scan", "Parent Relationship": "Outer", "Index Name": "name_pkey", "Startup Cost": 0.0, "Total Cost": 0.26, "Plan Rows": 1, "Plan Width": 0, "Index Cond": "(id = ci.person_id)"}]}]}, {"Node Type": "Bitmap Heap Scan", "Parent Relationship": "Inner", "Relation Name": "title", "Alias": "t", "Startup Cost": 0.26, "Total Cost": 4.27, "Plan Rows": 1, "Plan Width": 21, "Recheck Cond": "(id = ci.movie_id)", "Plans": [{"Node Type": "Bitmap Index Scan", "Parent Relationship": "Outer", "Index Name": "title_pkey", "Startup Cost": 0.0, "Total Cost": 0.26, "Plan Rows": 1, "Plan Width": 0, "Index Cond": "(id = ci.movie_id)"}]}]}]}, "Unique SQL Id": 2457761703, "Planner Runtime": 3}, "explain_analyze_plan": null}, "(1, '40')": {"explain_plan": {"Plan": {"Node Type": "Aggregate", "Strategy": "Plain", "Startup Cost": 589695.38, "Total Cost": 589695.39, "Plan Rows": 1, "Plan Width": 97, "Plans": [{"Node Type": "Hash Join", "Parent Relationship": "Outer", "Join Type": "Inner", "Startup Cost": 561014.71, "Total Cost": 587909.89, "Plan Rows": 357098, "Plan Width": 33, "Inner Unique": false, "Hash Cond": "(an1.person_id = n1.id), (LLVM Optimized)", "Plans": [{"Node Type": "Seq Scan", "Parent Relationship": "Outer", "Relation Name": "aka_name", "Alias": "an1", "Startup Cost": 0.0, "Total Cost": 19908.42, "Plan Rows": 901342, "Plan Width": 20}, {"Node Type": "Hash", "Parent Relationship": "Inner", "Startup Cost": 552133.97, "Total Cost": 552133.97, "Plan Rows": 710459, "Plan Width": 25, "Plans": [{"Node Type": "Hash Join", "Parent Relationship": "Outer", "Join Type": "Inner", "Startup Cost": 341891.88, "Total Cost": 552133.97, "Plan Rows": 710459, "Plan Width": 25, "Inner Unique": true, "Hash Cond": "(ci.person_id = n1.id), (LLVM Optimized)", "Plans": [{"Node Type": "Hash Join", "Parent Relationship": "Outer", "Join Type": "Inner", "Startup Cost": 196726.36, "Total Cost": 397199.64, "Plan Rows": 710459, "Plan Width": 21, "Inner Unique": false, "Hash Cond": "(ci.movie_id = t.id), (LLVM Optimized)", "Plans": [{"Node Type": "Nested Loop", "Parent Relationship": "Outer", "Join Type": "Inner", "Startup Cost": 0.0, "Total Cost": 171406.94, "Plan Rows": 3296318, "Plan Width": 8, "Inner Unique": false, "Plans": [{"Node Type": "Seq Scan", "Parent Relationship": "Outer", "Relation Name": "role_type", "Alias": "rt", "Startup Cost": 0.0, "Total Cost": 1.15, "Plan Rows": 1, "Plan Width": 4, "Filter": "((role)::text = 'costume designer'::text)"}, {"Node Type": "Index Scan", "Parent Relationship": "Inner", "Scan Direction": "Forward", "Index Name": "role_id_cast_info", "Relation Name": "cast_info", "Alias": "ci", "Startup Cost": 0.0, "Total Cost": 138442.61, "Plan Rows": 3296318, "Plan Width": 12, "Index Cond": "(role_id = rt.id), (LLVM Optimized)"}]}, {"Node Type": "Hash", "Parent Relationship": "Inner", "Startup Cost": 180697.47, "Total Cost": 180697.47, "Plan Rows": 1282311, "Plan Width": 25, "Plans": [{"Node Type": "Hash Join", "Parent Relationship": "Outer", "Join Type": "Inner", "Startup Cost": 98641.07, "Total Cost": 180697.47, "Plan Rows": 1282311, "Plan Width": 25, "Inner Unique": true, "Hash Cond": "(mc.movie_id = t.id), (LLVM Optimized)", "Plans": [{"Node Type": "Hash Join", "Parent Relationship": "Outer", "Join Type": "Inner", "Startup Cost": 6968.08, "Total Cost": 71392.69, "Plan Rows": 1282311, "Plan Width": 4, "Inner Unique": true, "Hash Cond": "(mc.company_id = cn.id), (LLVM Optimized)", "Plans": [{"Node Type": "Seq Scan", "Parent Relationship": "Outer", "Relation Name": "movie_companies", "Alias": "mc", "Startup Cost": 0.0, "Total Cost": 41817.28, "Plan Rows": 2609128, "Plan Width": 8}, {"Node Type": "Hash", "Parent Relationship": "Inner", "Startup Cost": 5903.45, "Total Cost": 5903.45, "Plan Rows": 85170, "Plan Width": 4, "Plans": [{"Node Type": "Seq Scan", "Parent Relationship": "Outer", "Relation Name": "company_name", "Alias": "cn", "Startup Cost": 0.0, "Total Cost": 5903.45, "Plan Rows": 85170, "Plan Width": 4, "Filter": "((country_code)::text = '[us]'::text)"}]}]}, {"Node Type": "Hash", "Parent Relationship": "Inner", "Startup Cost": 60069.11, "Total Cost": 60069.11, "Plan Rows": 2528311, "Plan Width": 21, "Plans": [{"Node Type": "Seq Scan", "Parent Relationship": "Outer", "Relation Name": "title", "Alias": "t", "Startup Cost": 0.0, "Total Cost": 60069.11, "Plan Rows": 2528311, "Plan Width": 21}]}]}]}]}, {"Node Type": "Hash", "Parent Relationship": "Inner", "Startup Cost": 93071.9, "Total Cost": 93071.9, "Plan Rows": 4167490, "Plan Width": 4, "Plans": [{"Node Type": "Index Only Scan", "Parent Relationship": "Outer", "Scan Direction": "Forward", "Index Name": "name_pkey", "Relation Name": "name", "Alias": "n1", "Startup Cost": 0.0, "Total Cost": 93071.9, "Plan Rows": 4167490, "Plan Width": 4}]}]}]}]}]}, "Unique SQL Id": 2457761703, "Planner Runtime": 45}, "explain_analyze_plan": {"Plan": {"Node Type": "Aggregate", "Strategy": "Plain", "Startup Cost": 589695.38, "Total Cost": 589695.39, "Plan Rows": 1, "Plan Width": 97, "Actual Startup Time": 8564.844, "Actual Total Time": 8564.845, "Actual Rows": 1, "Actual Loops": 1, "Plans": [{"Node Type": "Hash Join", "Parent Relationship": "Outer", "Join Type": "Inner", "Startup Cost": 561014.71, "Total Cost": 587909.89, "Plan Rows": 357098, "Plan Width": 33, "Actual Startup Time": 7931.833, "Actual Total Time": 8421.386, "Actual Rows": 323005, "Actual Loops": 1, "Inner Unique": false, "Hash Cond": "(an1.person_id = n1.id), (LLVM Optimized, Jit Execute)", "Plans": [{"Node Type": "Seq Scan", "Parent Relationship": "Outer", "Relation Name": "aka_name", "Alias": "an1", "Startup Cost": 0.0, "Total Cost": 19908.42, "Plan Rows": 901342, "Plan Width": 20, "Actual Startup Time": 0.026, "Actual Total Time": 214.616, "Actual Rows": 901342, "Actual Loops": 1}, {"Node Type": "Hash", "Parent Relationship": "Inner", "Startup Cost": 552133.97, "Total Cost": 552133.97, "Plan Rows": 710459, "Plan Width": 25, "Actual Startup Time": 7922.263, "Actual Total Time": 7922.263, "Actual Rows": 285537, "Actual Loops": 1, "Hash Buckets": 1048576, "Hash Batches": 1, "Original Hash Batches": 1, "Peak Memory Usage": 15952, "Plans": [{"Node Type": "Hash Join", "Parent Relationship": "Outer", "Join Type": "Inner", "Startup Cost": 341891.88, "Total Cost": 552133.97, "Plan Rows": 710459, "Plan Width": 25, "Actual Startup Time": 7313.692, "Actual Total Time": 7835.153, "Actual Rows": 285537, "Actual Loops": 1, "Inner Unique": true, "Hash Cond": "(ci.person_id = n1.id), (LLVM Optimized, Jit Execute)", "Plans": [{"Node Type": "Hash Join", "Parent Relationship": "Outer", "Join Type": "Inner", "Startup Cost": 196726.36, "Total Cost": 397199.64, "Plan Rows": 710459, "Plan Width": 21, "Actual Startup Time": 4717.169, "Actual Total Time": 5125.561, "Actual Rows": 285537, "Actual Loops": 1, "Inner Unique": false, "Hash Cond": "(ci.movie_id = t.id), (LLVM Optimized, Jit Execute)", "Plans": [{"Node Type": "Nested Loop", "Parent Relationship": "Outer", "Join Type": "Inner", "Startup Cost": 0.0, "Total Cost": 171406.94, "Plan Rows": 3296318, "Plan Width": 8, "Actual Startup Time": 0.127, "Actual Total Time": 201.773, "Actual Rows": 276403, "Actual Loops": 1, "Inner Unique": false, "Plans": [{"Node Type": "Seq Scan", "Parent Relationship": "Outer", "Relation Name": "role_type", "Alias": "rt", "Startup Cost": 0.0, "Total Cost": 1.15, "Plan Rows": 1, "Plan Width": 4, "Actual Startup Time": 0.063, "Actual Total Time": 0.082, "Actual Rows": 1, "Actual Loops": 1, "Filter": "((role)::text = 'costume designer'::text)", "Rows Removed by Filter": 11}, {"Node Type": "Index Scan", "Parent Relationship": "Inner", "Scan Direction": "Forward", "Index Name": "role_id_cast_info", "Relation Name": "cast_info", "Alias": "ci", "Startup Cost": 0.0, "Total Cost": 138442.61, "Plan Rows": 3296318, "Plan Width": 12, "Actual Startup Time": 0.052, "Actual Total Time": 147.938, "Actual Rows": 276403, "Actual Loops": 1, "Index Cond": "(role_id = rt.id), (LLVM Optimized, Jit Execute)", "Rows Removed by Index Recheck": 0}]}, {"Node Type": "Hash", "Parent Relationship": "Inner", "Startup Cost": 180697.47, "Total Cost": 180697.47, "Plan Rows": 1282311, "Plan Width": 25, "Actual Startup Time": 4712.398, "Actual Total Time": 4712.398, "Actual Rows": 1153797, "Actual Loops": 1, "Hash Buckets": 2097152, "Hash Batches": 1, "Original Hash Batches": 1, "Peak Memory Usage": 68508, "Plans": [{"Node Type": "Hash Join", "Parent Relationship": "Outer", "Join Type": "Inner", "Startup Cost": 98641.07, "Total Cost": 180697.47, "Plan Rows": 1282311, "Plan Width": 25, "Actual Startup Time": 1935.548, "Actual Total Time": 4190.972, "Actual Rows": 1153797, "Actual Loops": 1, "Inner Unique": true, "Hash Cond": "(mc.movie_id = t.id), (LLVM Optimized, Jit Execute)", "Plans": [{"Node Type": "Hash Join", "Parent Relationship": "Outer", "Join Type": "Inner", "Startup Cost": 6968.08, "Total Cost": 71392.69, "Plan Rows": 1282311, "Plan Width": 4, "Actual Startup Time": 112.405, "Actual Total Time": 1587.27, "Actual Rows": 1153797, "Actual Loops": 1, "Inner Unique": true, "Hash Cond": "(mc.company_id = cn.id), (LLVM Optimized, Jit Execute)", "Plans": [{"Node Type": "Seq Scan", "Parent Relationship": "Outer", "Relation Name": "movie_companies", "Alias": "mc", "Startup Cost": 0.0, "Total Cost": 41817.28, "Plan Rows": 2609128, "Plan Width": 8, "Actual Startup Time": 0.024, "Actual Total Time": 622.888, "Actual Rows": 2609128, "Actual Loops": 1}, {"Node Type": "Hash", "Parent Relationship": "Inner", "Startup Cost": 5903.45, "Total Cost": 5903.45, "Plan Rows": 85170, "Plan Width": 4, "Actual Startup Time": 112.277, "Actual Total Time": 112.277, "Actual Rows": 84843, "Actual Loops": 1, "Hash Buckets": 131072, "Hash Batches": 1, "Original Hash Batches": 1, "Peak Memory Usage": 2983, "Plans": [{"Node Type": "Seq Scan", "Parent Relationship": "Outer", "Relation Name": "company_name", "Alias": "cn", "Startup Cost": 0.0, "Total Cost": 5903.45, "Plan Rows": 85170, "Plan Width": 4, "Actual Startup Time": 0.024, "Actual Total Time": 89.803, "Actual Rows": 84843, "Actual Loops": 1, "Filter": "((country_code)::text = '[us]'::text)", "Rows Removed by Filter": 150153}]}]}, {"Node Type": "Hash", "Parent Relationship": "Inner", "Startup Cost": 60069.11, "Total Cost": 60069.11, "Plan Rows": 2528311, "Plan Width": 21, "Actual Startup Time": 1820.712, "Actual Total Time": 1820.712, "Actual Rows": 2528311, "Actual Loops": 1, "Hash Buckets": 4194304, "Hash Batches": 1, "Original Hash Batches": 1, "Peak Memory Usage": 135869, "Plans": [{"Node Type": "Seq Scan", "Parent Relationship": "Outer", "Relation Name": "title", "Alias": "t", "Startup Cost": 0.0, "Total Cost": 60069.11, "Plan Rows": 2528311, "Plan Width": 21, "Actual Startup Time": 0.033, "Actual Total Time": 812.077, "Actual Rows": 2528311, "Actual Loops": 1}]}]}]}]}, {"Node Type": "Hash", "Parent Relationship": "Inner", "Startup Cost": 93071.9, "Total Cost": 93071.9, "Plan Rows": 4167490, "Plan Width": 4, "Actual Startup Time": 2594.015, "Actual Total Time": 2594.015, "Actual Rows": 4167490, "Actual Loops": 1, "Hash Buckets": 4194304, "Hash Batches": 1, "Original Hash Batches": 1, "Peak Memory Usage": 146514, "Plans": [{"Node Type": "Index Only Scan", "Parent Relationship": "Outer", "Scan Direction": "Forward", "Index Name": "name_pkey", "Relation Name": "name", "Alias": "n1", "Startup Cost": 0.0, "Total Cost": 93071.9, "Plan Rows": 4167490, "Plan Width": 4, "Actual Startup Time": 0.036, "Actual Total Time": 1049.181, "Actual Rows": 4167490, "Actual Loops": 1, "Heap Fetches": 0}]}]}]}]}]}, "Triggers": [], "Planner Runtime": 82.942, "Total Runtime": 8576.378, "Unique SQL Id": 2457761703}}, "(1, '41')": {"explain_plan": {"Plan": {"Node Type": "Aggregate", "Strategy": "Plain", "Startup Cost": 807029.54, "Total Cost": 807029.55, "Plan Rows": 1, "Plan Width": 97, "Plans": [{"Node Type": "Hash Join", "Parent Relationship": "Outer", "Join Type": "Inner", "Startup Cost": 729292.26, "Total Cost": 805244.05, "Plan Rows": 357098, "Plan Width": 33, "Inner Unique": false, "Hash Cond": "(an1.person_id = n1.id), (LLVM Optimized)", "Plans": [{"Node Type": "Index Scan", "Parent Relationship": "Outer", "Scan Direction": "Forward", "Index Name": "person_id_aka_name", "Relation Name": "aka_name", "Alias": "an1", "Startup Cost": 0.0, "Total Cost": 68965.03, "Plan Rows": 901342, "Plan Width": 20}, {"Node Type": "Hash", "Parent Relationship": "Inner", "Startup Cost": 720411.52, "Total Cost": 720411.52, "Plan Rows": 710459, "Plan Width": 25, "Plans": [{"Node Type": "Hash Join", "Parent Relationship": "Outer", "Join Type": "Inner", "Startup Cost": 510158.12, "Total Cost": 720411.52, "Plan Rows": 710459, "Plan Width": 25, "Inner Unique": true, "Hash Cond": "(ci.person_id = n1.id), (LLVM Optimized)", "Plans": [{"Node Type": "Hash Join", "Parent Relationship": "Outer", "Join Type": "Inner", "Startup Cost": 333231.89, "Total Cost": 533716.49, "Plan Rows": 710459, "Plan Width": 21, "Inner Unique": false, "Hash Cond": "(ci.movie_id = t.id), (LLVM Optimized)", "Plans": [{"Node Type": "Nested Loop", "Parent Relationship": "Outer", "Join Type": "Inner", "Startup Cost": 0.0, "Total Cost": 171418.25, "Plan Rows": 3296318, "Plan Width": 8, "Inner Unique": false, "Plans": [{"Node Type": "Index Scan", "Parent Relationship": "Outer", "Scan Direction": "Forward", "Index Name": "role_type_pkey", "Relation Name": "role_type", "Alias": "rt", "Startup Cost": 0.0, "Total Cost": 12.46, "Plan Rows": 1, "Plan Width": 4, "Filter": "((role)::text = 'costume designer'::text)"}, {"Node Type": "Index Scan", "Parent Relationship": "Inner", "Scan Direction": "Forward", "Index Name": "role_id_cast_info", "Relation Name": "cast_info", "Alias": "ci", "Startup Cost": 0.0, "Total Cost": 138442.61, "Plan Rows": 3296318, "Plan Width": 12, "Index Cond": "(role_id = rt.id), (LLVM Optimized)"}]}, {"Node Type": "Hash", "Parent Relationship": "Inner", "Startup Cost": 317203.01, "Total Cost": 317203.01, "Plan Rows": 1282311, "Plan Width": 25, "Plans": [{"Node Type": "Hash Join", "Parent Relationship": "Outer", "Join Type": "Inner", "Startup Cost": 153290.39, "Total Cost": 317203.01, "Plan Rows": 1282311, "Plan Width": 25, "Inner Unique": true, "Hash Cond": "(mc.movie_id = t.id), (LLVM Optimized)", "Plans": [{"Node Type": "Hash Join", "Parent Relationship": "Outer", "Join Type": "Inner", "Startup Cost": 11566.01, "Total Cost": 157846.85, "Plan Rows": 1282311, "Plan Width": 4, "Inner Unique": true, "Hash Cond": "(mc.company_id = cn.id), (LLVM Optimized)", "Plans": [{"Node Type": "Index Scan", "Parent Relationship": "Outer", "Scan Direction": "Forward", "Index Name": "company_id_movie_companies", "Relation Name": "movie_companies", "Alias": "mc", "Startup Cost": 0.0, "Total Cost": 123673.5, "Plan Rows": 2609128, "Plan Width": 8}, {"Node Type": "Hash", "Parent Relationship": "Inner", "Startup Cost": 10501.39, "Total Cost": 10501.39, "Plan Rows": 85170, "Plan Width": 4, "Plans": [{"Node Type": "Index Scan", "Parent Relationship": "Outer", "Scan Direction": "Forward", "Index Name": "company_name_pkey", "Relation Name": "company_name", "Alias": "cn", "Startup Cost": 0.0, "Total Cost": 10501.39, "Plan Rows": 85170, "Plan Width": 4, "Filter": "((country_code)::text = '[us]'::text)"}]}]}, {"Node Type": "Hash", "Parent Relationship": "Inner", "Startup Cost": 110120.49, "Total Cost": 110120.49, "Plan Rows": 2528311, "Plan Width": 21, "Plans": [{"Node Type": "Index Scan", "Parent Relationship": "Outer", "Scan Direction": "Forward", "Index Name": "title_pkey", "Relation Name": "title", "Alias": "t", "Startup Cost": 0.0, "Total Cost": 110120.49, "Plan Rows": 2528311, "Plan Width": 21}]}]}]}]}, {"Node Type": "Hash", "Parent Relationship": "Inner", "Startup Cost": 124832.6, "Total Cost": 124832.6, "Plan Rows": 4167490, "Plan Width": 4, "Plans": [{"Node Type": "Index Only Scan", "Parent Relationship": "Outer", "Scan Direction": "Forward", "Index Name": "name_pkey", "Relation Name": "name", "Alias": "n1", "Startup Cost": 0.0, "Total Cost": 124832.6, "Plan Rows": 4167490, "Plan Width": 4}]}]}]}]}]}, "Unique SQL Id": 2457761703, "Planner Runtime": 38}, "explain_analyze_plan": {"Plan": {"Node Type": "Aggregate", "Strategy": "Plain", "Startup Cost": 807029.54, "Total Cost": 807029.55, "Plan Rows": 1, "Plan Width": 97, "Actual Startup Time": 13858.107, "Actual Total Time": 13858.107, "Actual Rows": 1, "Actual Loops": 1, "Plans": [{"Node Type": "Hash Join", "Parent Relationship": "Outer", "Join Type": "Inner", "Startup Cost": 729292.26, "Total Cost": 805244.05, "Plan Rows": 357098, "Plan Width": 33, "Actual Startup Time": 12857.562, "Actual Total Time": 13711.931, "Actual Rows": 323005, "Actual Loops": 1, "Inner Unique": false, "Hash Cond": "(an1.person_id = n1.id), (LLVM Optimized, Jit Execute)", "Plans": [{"Node Type": "Index Scan", "Parent Relationship": "Outer", "Scan Direction": "Forward", "Index Name": "person_id_aka_name", "Relation Name": "aka_name", "Alias": "an1", "Startup Cost": 0.0, "Total Cost": 68965.03, "Plan Rows": 901342, "Plan Width": 20, "Actual Startup Time": 0.041, "Actual Total Time": 579.364, "Actual Rows": 901342, "Actual Loops": 1}, {"Node Type": "Hash", "Parent Relationship": "Inner", "Startup Cost": 720411.52, "Total Cost": 720411.52, "Plan Rows": 710459, "Plan Width": 25, "Actual Startup Time": 12851.586, "Actual Total Time": 12851.586, "Actual Rows": 285537, "Actual Loops": 1, "Hash Buckets": 1048576, "Hash Batches": 1, "Original Hash Batches": 1, "Peak Memory Usage": 15952, "Plans": [{"Node Type": "Hash Join", "Parent Relationship": "Outer", "Join Type": "Inner", "Startup Cost": 510158.12, "Total Cost": 720411.52, "Plan Rows": 710459, "Plan Width": 25, "Actual Startup Time": 12299.088, "Actual Total Time": 12766.19, "Actual Rows": 285537, "Actual Loops": 1, "Inner Unique": true, "Hash Cond": "(ci.person_id = n1.id), (LLVM Optimized, Jit Execute)", "Plans": [{"Node Type": "Hash Join", "Parent Relationship": "Outer", "Join Type": "Inner", "Startup Cost": 333231.89, "Total Cost": 533716.49, "Plan Rows": 710459, "Plan Width": 21, "Actual Startup Time": 9584.085, "Actual Total Time": 9933.029, "Actual Rows": 285537, "Actual Loops": 1, "Inner Unique": false, "Hash Cond": "(ci.movie_id = t.id), (LLVM Optimized, Jit Execute)", "Plans": [{"Node Type": "Nested Loop", "Parent Relationship": "Outer", "Join Type": "Inner", "Startup Cost": 0.0, "Total Cost": 171418.25, "Plan Rows": 3296318, "Plan Width": 8, "Actual Startup Time": 0.135, "Actual Total Time": 183.588, "Actual Rows": 276403, "Actual Loops": 1, "Inner Unique": false, "Plans": [{"Node Type": "Index Scan", "Parent Relationship": "Outer", "Scan Direction": "Forward", "Index Name": "role_type_pkey", "Relation Name": "role_type", "Alias": "rt", "Startup Cost": 0.0, "Total Cost": 12.46, "Plan Rows": 1, "Plan Width": 4, "Actual Startup Time": 0.063, "Actual Total Time": 0.075, "Actual Rows": 1, "Actual Loops": 1, "Filter": "((role)::text = 'costume designer'::text)", "Rows Removed by Filter": 11}, {"Node Type": "Index Scan", "Parent Relationship": "Inner", "Scan Direction": "Forward", "Index Name": "role_id_cast_info", "Relation Name": "cast_info", "Alias": "ci", "Startup Cost": 0.0, "Total Cost": 138442.61, "Plan Rows": 3296318, "Plan Width": 12, "Actual Startup Time": 0.057, "Actual Total Time": 130.041, "Actual Rows": 276403, "Actual Loops": 1, "Index Cond": "(role_id = rt.id), (LLVM Optimized, Jit Execute)", "Rows Removed by Index Recheck": 0}]}, {"Node Type": "Hash", "Parent Relationship": "Inner", "Startup Cost": 317203.01, "Total Cost": 317203.01, "Plan Rows": 1282311, "Plan Width": 25, "Actual Startup Time": 9577.573, "Actual Total Time": 9577.573, "Actual Rows": 1153797, "Actual Loops": 1, "Hash Buckets": 2097152, "Hash Batches": 1, "Original Hash Batches": 1, "Peak Memory Usage": 68508, "Plans": [{"Node Type": "Hash Join", "Parent Relationship": "Outer", "Join Type": "Inner", "Startup Cost": 153290.39, "Total Cost": 317203.01, "Plan Rows": 1282311, "Plan Width": 25, "Actual Startup Time": 4985.052, "Actual Total Time": 9091.356, "Actual Rows": 1153797, "Actual Loops": 1, "Inner Unique": true, "Hash Cond": "(mc.movie_id = t.id), (LLVM Optimized, Jit Execute)", "Plans": [{"Node Type": "Hash Join", "Parent Relationship": "Outer", "Join Type": "Inner", "Startup Cost": 11566.01, "Total Cost": 157846.85, "Plan Rows": 1282311, "Plan Width": 4, "Actual Startup Time": 351.019, "Actual Total Time": 3768.854, "Actual Rows": 1153797, "Actual Loops": 1, "Inner Unique": true, "Hash Cond": "(mc.company_id = cn.id), (LLVM Optimized, Jit Execute)", "Plans": [{"Node Type": "Index Scan", "Parent Relationship": "Outer", "Scan Direction": "Forward", "Index Name": "company_id_movie_companies", "Relation Name": "movie_companies", "Alias": "mc", "Startup Cost": 0.0, "Total Cost": 123673.5, "Plan Rows": 2609128, "Plan Width": 8, "Actual Startup Time": 0.046, "Actual Total Time": 2648.606, "Actual Rows": 2609128, "Actual Loops": 1}, {"Node Type": "Hash", "Parent Relationship": "Inner", "Startup Cost": 10501.39, "Total Cost": 10501.39, "Plan Rows": 85170, "Plan Width": 4, "Actual Startup Time": 350.797, "Actual Total Time": 350.797, "Actual Rows": 84843, "Actual Loops": 1, "Hash Buckets": 131072, "Hash Batches": 1, "Original Hash Batches": 1, "Peak Memory Usage": 2983, "Plans": [{"Node Type": "Index Scan", "Parent Relationship": "Outer", "Scan Direction": "Forward", "Index Name": "company_name_pkey", "Relation Name": "company_name", "Alias": "cn", "Startup Cost": 0.0, "Total Cost": 10501.39, "Plan Rows": 85170, "Plan Width": 4, "Actual Startup Time": 0.057, "Actual Total Time": 321.591, "Actual Rows": 84843, "Actual Loops": 1, "Filter": "((country_code)::text = '[us]'::text)", "Rows Removed by Filter": 150153}]}]}, {"Node Type": "Hash", "Parent Relationship": "Inner", "Startup Cost": 110120.49, "Total Cost": 110120.49, "Plan Rows": 2528311, "Plan Width": 21, "Actual Startup Time": 4629.304, "Actual Total Time": 4629.304, "Actual Rows": 2528311, "Actual Loops": 1, "Hash Buckets": 4194304, "Hash Batches": 1, "Original Hash Batches": 1, "Peak Memory Usage": 135869, "Plans": [{"Node Type": "Index Scan", "Parent Relationship": "Outer", "Scan Direction": "Forward", "Index Name": "title_pkey", "Relation Name": "title", "Alias": "t", "Startup Cost": 0.0, "Total Cost": 110120.49, "Plan Rows": 2528311, "Plan Width": 21, "Actual Startup Time": 0.058, "Actual Total Time": 3278.384, "Actual Rows": 2528311, "Actual Loops": 1}]}]}]}]}, {"Node Type": "Hash", "Parent Relationship": "Inner", "Startup Cost": 124832.6, "Total Cost": 124832.6, "Plan Rows": 4167490, "Plan Width": 4, "Actual Startup Time": 2712.136, "Actual Total Time": 2712.136, "Actual Rows": 4167490, "Actual Loops": 1, "Hash Buckets": 4194304, "Hash Batches": 1, "Original Hash Batches": 1, "Peak Memory Usage": 146514, "Plans": [{"Node Type": "Index Only Scan", "Parent Relationship": "Outer", "Scan Direction": "Forward", "Index Name": "name_pkey", "Relation Name": "name", "Alias": "n1", "Startup Cost": 0.0, "Total Cost": 124832.6, "Plan Rows": 4167490, "Plan Width": 4, "Actual Startup Time": 0.032, "Actual Total Time": 1098.365, "Actual Rows": 4167490, "Actual Loops": 1, "Heap Fetches": 0}]}]}]}]}]}, "Triggers": [], "Planner Runtime": 38.82, "Total Runtime": 13869.698, "Unique SQL Id": 2457761703}}, "(1, '42')": {"explain_plan": {"Plan": {"Node Type": "Aggregate", "Strategy": "Plain", "Startup Cost": 1144362.67, "Total Cost": 1144362.68, "Plan Rows": 1, "Plan Width": 97, "Plans": [{"Node Type": "Hash Join", "Parent Relationship": "Outer", "Join Type": "Inner", "Startup Cost": 1115325.41, "Total Cost": 1142577.18, "Plan Rows": 357098, "Plan Width": 33, "Inner Unique": false, "Hash Cond": "(an1.person_id = n1.id), (LLVM Optimized)", "Plans": [{"Node Type": "Seq Scan", "Parent Relationship": "Outer", "Relation Name": "aka_name", "Alias": "an1", "Startup Cost": 0.0, "Total Cost": 19908.42, "Plan Rows": 901342, "Plan Width": 20}, {"Node Type": "Hash", "Parent Relationship": "Inner", "Startup Cost": 1106444.67, "Total Cost": 1106444.67, "Plan Rows": 710459, "Plan Width": 25, "Plans": [{"Node Type": "Hash Join", "Parent Relationship": "Outer", "Join Type": "Inner", "Startup Cost": 341893.04, "Total Cost": 1106444.67, "Plan Rows": 710459, "Plan Width": 25, "Inner Unique": true, "Hash Cond": "(ci.person_id = n1.id), (LLVM Optimized)", "Plans": [{"Node Type": "Hash Join", "Parent Relationship": "Outer", "Join Type": "Inner", "Startup Cost": 196727.52, "Total Cost": 951510.34, "Plan Rows": 710459, "Plan Width": 21, "Inner Unique": false, "Hash Cond": "(ci.movie_id = t.id), (LLVM Optimized)", "Plans": [{"Node Type": "Hash Join", "Parent Relationship": "Outer", "Join Type": "Inner", "Startup Cost": 1.16, "Total Cost": 725717.64, "Plan Rows": 3296318, "Plan Width": 8, "Inner Unique": true, "Hash Cond": "(ci.role_id = rt.id), (LLVM Optimized)", "Plans": [{"Node Type": "Seq Scan", "Parent Relationship": "Outer", "Relation Name": "cast_info", "Alias": "ci", "Startup Cost": 0.0, "Total Cost": 601877.94, "Plan Rows": 36259494, "Plan Width": 12}, {"Node Type": "Hash", "Parent Relationship": "Inner", "Startup Cost": 1.15, "Total Cost": 1.15, "Plan Rows": 1, "Plan Width": 4, "Plans": [{"Node Type": "Seq Scan", "Parent Relationship": "Outer", "Relation Name": "role_type", "Alias": "rt", "Startup Cost": 0.0, "Total Cost": 1.15, "Plan Rows": 1, "Plan Width": 4, "Filter": "((role)::text = 'costume designer'::text)"}]}]}, {"Node Type": "Hash", "Parent Relationship": "Inner", "Startup Cost": 180697.47, "Total Cost": 180697.47, "Plan Rows": 1282311, "Plan Width": 25, "Plans": [{"Node Type": "Hash Join", "Parent Relationship": "Outer", "Join Type": "Inner", "Startup Cost": 98641.07, "Total Cost": 180697.47, "Plan Rows": 1282311, "Plan Width": 25, "Inner Unique": true, "Hash Cond": "(mc.movie_id = t.id), (LLVM Optimized)", "Plans": [{"Node Type": "Hash Join", "Parent Relationship": "Outer", "Join Type": "Inner", "Startup Cost": 6968.08, "Total Cost": 71392.69, "Plan Rows": 1282311, "Plan Width": 4, "Inner Unique": true, "Hash Cond": "(mc.company_id = cn.id), (LLVM Optimized)", "Plans": [{"Node Type": "Seq Scan", "Parent Relationship": "Outer", "Relation Name": "movie_companies", "Alias": "mc", "Startup Cost": 0.0, "Total Cost": 41817.28, "Plan Rows": 2609128, "Plan Width": 8}, {"Node Type": "Hash", "Parent Relationship": "Inner", "Startup Cost": 5903.45, "Total Cost": 5903.45, "Plan Rows": 85170, "Plan Width": 4, "Plans": [{"Node Type": "Seq Scan", "Parent Relationship": "Outer", "Relation Name": "company_name", "Alias": "cn", "Startup Cost": 0.0, "Total Cost": 5903.45, "Plan Rows": 85170, "Plan Width": 4, "Filter": "((country_code)::text = '[us]'::text)"}]}]}, {"Node Type": "Hash", "Parent Relationship": "Inner", "Startup Cost": 60069.11, "Total Cost": 60069.11, "Plan Rows": 2528311, "Plan Width": 21, "Plans": [{"Node Type": "Seq Scan", "Parent Relationship": "Outer", "Relation Name": "title", "Alias": "t", "Startup Cost": 0.0, "Total Cost": 60069.11, "Plan Rows": 2528311, "Plan Width": 21}]}]}]}]}, {"Node Type": "Hash", "Parent Relationship": "Inner", "Startup Cost": 93071.9, "Total Cost": 93071.9, "Plan Rows": 4167490, "Plan Width": 4, "Plans": [{"Node Type": "Seq Scan", "Parent Relationship": "Outer", "Relation Name": "name", "Alias": "n1", "Startup Cost": 0.0, "Total Cost": 93071.9, "Plan Rows": 4167490, "Plan Width": 4}]}]}]}]}]}, "Unique SQL Id": 2457761703, "Planner Runtime": 37}, "explain_analyze_plan": null}, "(1, '43')": {"explain_plan": {"Plan": {"Node Type": "Aggregate", "Strategy": "Plain", "Startup Cost": 7003513373524.78, "Total Cost": 7003513373524.79, "Plan Rows": 1, "Plan Width": 97, "Plans": [{"Node Type": "Hash Join", "Parent Relationship": "Outer", "Join Type": "Inner", "Startup Cost": 5023377247859.3, "Total Cost": 7003513371739.29, "Plan Rows": 357098, "Plan Width": 33, "Inner Unique": false, "Hash Cond": "(ci.movie_id = t.id), (LLVM Optimized)", "Plans": [{"Node Type": "Hash Join", "Parent Relationship": "Outer", "Join Type": "Inner", "Startup Cost": 2020019443123.83, "Total Cost": 4000155553912.99, "Plan Rows": 1484588, "Plan Width": 20, "Inner Unique": false, "Hash Cond": "(n1.id = an1.person_id), (LLVM Optimized)", "Plans": [{"Node Type": "Nested Loop", "Parent Relationship": "Outer", "Join Type": "Inner", "Startup Cost": 1020012535353.62, "Total Cost": 3000147641877.34, "Plan Rows": 3296318, "Plan Width": 12, "Inner Unique": false, "Join Filter": "(ci.role_id = rt.id), (LLVM Optimized)", "Plans": [{"Node Type": "Index Scan", "Parent Relationship": "Outer", "Scan Direction": "Forward", "Index Name": "role_type_pkey", "Relation Name": "role_type", "Alias": "rt", "Startup Cost": 10000000000.0, "Total Cost": 1000000001246.0, "Plan Rows": 1, "Plan Width": 4, "Filter": "((role)::text = 'costume designer'::text)"}, {"Node Type": "Hash Join", "Parent Relationship": "Inner", "Join Type": "Inner", "Startup Cost": 1010012535353.62, "Total Cost": 2000147187387.67, "Plan Rows": 36259494, "Plan Width": 16, "Inner Unique": true, "Hash Cond": "(ci.person_id = n1.id), (LLVM Optimized)", "Plans": [{"Node Type": "Index Scan", "Parent Relationship": "Outer", "Scan Direction": "Forward", "Index Name": "role_id_cast_info", "Relation Name": "cast_info", "Alias": "ci", "Startup Cost": 10000000000.0, "Total Cost": 1000134153466.0, "Plan Rows": 36259494, "Plan Width": 12}, {"Node Type": "Hash", "Parent Relationship": "Inner", "Startup Cost": 1000012483260.0, "Total Cost": 1000012483260.0, "Plan Rows": 4167490, "Plan Width": 4, "Plans": [{"Node Type": "Index Only Scan", "Parent Relationship": "Outer", "Scan Direction": "Forward", "Index Name": "name_pkey", "Relation Name": "name", "Alias": "n1", "Startup Cost": 10000000000.0, "Total Cost": 1000012483260.0, "Plan Rows": 4167490, "Plan Width": 4}]}]}]}, {"Node Type": "Hash", "Parent Relationship": "Inner", "Startup Cost": 1000006896503.43, "Total Cost": 1000006896503.43, "Plan Rows": 901342, "Plan Width": 20, "Plans": [{"Node Type": "Index Scan", "Parent Relationship": "Outer", "Scan Direction": "Forward", "Index Name": "person_id_aka_name", "Relation Name": "aka_name", "Alias": "an1", "Startup Cost": 10000000000.0, "Total Cost": 1000006896503.43, "Plan Rows": 901342, "Plan Width": 20}]}]}, {"Node Type": "Hash", "Parent Relationship": "Inner", "Startup Cost": 3003357788706.59, "Total Cost": 3003357788706.59, "Plan Rows": 1282311, "Plan Width": 25, "Plans": [{"Node Type": "Nested Loop", "Parent Relationship": "Outer", "Join Type": "Inner", "Startup Cost": 1020011043652.8, "Total Cost": 3003357788706.59, "Plan Rows": 1282311, "Plan Width": 25, "Inner Unique": true, "Join Filter": "(mc.company_id = cn.id), (LLVM Optimized)", "Plans": [{"Node Type": "Hash Join", "Parent Relationship": "Outer", "Join Type": "Inner", "Startup Cost": 1010011043652.8, "Total Cost": 2000023446878.29, "Plan Rows": 2609128, "Plan Width": 29, "Inner Unique": true, "Hash Cond": "(mc.movie_id = t.id), (LLVM Optimized)", "Plans": [{"Node Type": "Index Scan", "Parent Relationship": "Outer", "Scan Direction": "Forward", "Index Name": "company_id_movie_companies", "Relation Name": "movie_companies", "Alias": "mc", "Startup Cost": 10000000000.0, "Total Cost": 1000012367349.98, "Plan Rows": 2609128, "Plan Width": 8}, {"Node Type": "Hash", "Parent Relationship": "Inner", "Startup Cost": 1000011012048.91, "Total Cost": 1000011012048.91, "Plan Rows": 2528311, "Plan Width": 21, "Plans": [{"Node Type": "Index Scan", "Parent Relationship": "Outer", "Scan Direction": "Forward", "Index Name": "title_pkey", "Relation Name": "title", "Alias": "t", "Startup Cost": 10000000000.0, "Total Cost": 1000011012048.91, "Plan Rows": 2528311, "Plan Width": 21}]}]}, {"Node Type": "Materialize", "Parent Relationship": "Inner", "Startup Cost": 10000000000.0, "Total Cost": 1000001050564.82, "Plan Rows": 85170, "Plan Width": 4, "Plans": [{"Node Type": "Index Scan", "Parent Relationship": "Outer", "Scan Direction": "Forward", "Index Name": "company_name_pkey", "Relation Name": "company_name", "Alias": "cn", "Startup Cost": 10000000000.0, "Total Cost": 1000001050138.97, "Plan Rows": 85170, "Plan Width": 4, "Filter": "((country_code)::text = '[us]'::text)"}]}]}]}]}]}, "Unique SQL Id": 2457761703, "Planner Runtime": 39}, "explain_analyze_plan": null}, "(1, '44')": {"explain_plan": {"Plan": {"Node Type": "Aggregate", "Strategy": "Plain", "Startup Cost": 589695.38, "Total Cost": 589695.39, "Plan Rows": 1, "Plan Width": 97, "Plans": [{"Node Type": "Hash Join", "Parent Relationship": "Outer", "Join Type": "Inner", "Startup Cost": 561014.71, "Total Cost": 587909.89, "Plan Rows": 357098, "Plan Width": 33, "Inner Unique": false, "Hash Cond": "(an1.person_id = n1.id), (LLVM Optimized)", "Plans": [{"Node Type": "Seq Scan", "Parent Relationship": "Outer", "Relation Name": "aka_name", "Alias": "an1", "Startup Cost": 0.0, "Total Cost": 19908.42, "Plan Rows": 901342, "Plan Width": 20}, {"Node Type": "Hash", "Parent Relationship": "Inner", "Startup Cost": 552133.97, "Total Cost": 552133.97, "Plan Rows": 710459, "Plan Width": 25, "Plans": [{"Node Type": "Hash Join", "Parent Relationship": "Outer", "Join Type": "Inner", "Startup Cost": 341891.88, "Total Cost": 552133.97, "Plan Rows": 710459, "Plan Width": 25, "Inner Unique": true, "Hash Cond": "(ci.person_id = n1.id), (LLVM Optimized)", "Plans": [{"Node Type": "Hash Join", "Parent Relationship": "Outer", "Join Type": "Inner", "Startup Cost": 196726.36, "Total Cost": 397199.64, "Plan Rows": 710459, "Plan Width": 21, "Inner Unique": false, "Hash Cond": "(ci.movie_id = t.id), (LLVM Optimized)", "Plans": [{"Node Type": "Nested Loop", "Parent Relationship": "Outer", "Join Type": "Inner", "Startup Cost": 0.0, "Total Cost": 171406.94, "Plan Rows": 3296318, "Plan Width": 8, "Inner Unique": false, "Plans": [{"Node Type": "Seq Scan", "Parent Relationship": "Outer", "Relation Name": "role_type", "Alias": "rt", "Startup Cost": 0.0, "Total Cost": 1.15, "Plan Rows": 1, "Plan Width": 4, "Filter": "((role)::text = 'costume designer'::text)"}, {"Node Type": "Index Scan", "Parent Relationship": "Inner", "Scan Direction": "Forward", "Index Name": "role_id_cast_info", "Relation Name": "cast_info", "Alias": "ci", "Startup Cost": 0.0, "Total Cost": 138442.61, "Plan Rows": 3296318, "Plan Width": 12, "Index Cond": "(role_id = rt.id), (LLVM Optimized)"}]}, {"Node Type": "Hash", "Parent Relationship": "Inner", "Startup Cost": 180697.47, "Total Cost": 180697.47, "Plan Rows": 1282311, "Plan Width": 25, "Plans": [{"Node Type": "Hash Join", "Parent Relationship": "Outer", "Join Type": "Inner", "Startup Cost": 98641.07, "Total Cost": 180697.47, "Plan Rows": 1282311, "Plan Width": 25, "Inner Unique": true, "Hash Cond": "(mc.movie_id = t.id), (LLVM Optimized)", "Plans": [{"Node Type": "Hash Join", "Parent Relationship": "Outer", "Join Type": "Inner", "Startup Cost": 6968.08, "Total Cost": 71392.69, "Plan Rows": 1282311, "Plan Width": 4, "Inner Unique": true, "Hash Cond": "(mc.company_id = cn.id), (LLVM Optimized)", "Plans": [{"Node Type": "Seq Scan", "Parent Relationship": "Outer", "Relation Name": "movie_companies", "Alias": "mc", "Startup Cost": 0.0, "Total Cost": 41817.28, "Plan Rows": 2609128, "Plan Width": 8}, {"Node Type": "Hash", "Parent Relationship": "Inner", "Startup Cost": 5903.45, "Total Cost": 5903.45, "Plan Rows": 85170, "Plan Width": 4, "Plans": [{"Node Type": "Seq Scan", "Parent Relationship": "Outer", "Relation Name": "company_name", "Alias": "cn", "Startup Cost": 0.0, "Total Cost": 5903.45, "Plan Rows": 85170, "Plan Width": 4, "Filter": "((country_code)::text = '[us]'::text)"}]}]}, {"Node Type": "Hash", "Parent Relationship": "Inner", "Startup Cost": 60069.11, "Total Cost": 60069.11, "Plan Rows": 2528311, "Plan Width": 21, "Plans": [{"Node Type": "Seq Scan", "Parent Relationship": "Outer", "Relation Name": "title", "Alias": "t", "Startup Cost": 0.0, "Total Cost": 60069.11, "Plan Rows": 2528311, "Plan Width": 21}]}]}]}]}, {"Node Type": "Hash", "Parent Relationship": "Inner", "Startup Cost": 93071.9, "Total Cost": 93071.9, "Plan Rows": 4167490, "Plan Width": 4, "Plans": [{"Node Type": "Seq Scan", "Parent Relationship": "Outer", "Relation Name": "name", "Alias": "n1", "Startup Cost": 0.0, "Total Cost": 93071.9, "Plan Rows": 4167490, "Plan Width": 4}]}]}]}]}]}, "Unique SQL Id": 2457761703, "Planner Runtime": 45}, "explain_analyze_plan": {"Plan": {"Node Type": "Aggregate", "Strategy": "Plain", "Startup Cost": 589695.38, "Total Cost": 589695.39, "Plan Rows": 1, "Plan Width": 97, "Actual Startup Time": 8818.757, "Actual Total Time": 8818.758, "Actual Rows": 1, "Actual Loops": 1, "Plans": [{"Node Type": "Hash Join", "Parent Relationship": "Outer", "Join Type": "Inner", "Startup Cost": 561014.71, "Total Cost": 587909.89, "Plan Rows": 357098, "Plan Width": 33, "Actual Startup Time": 8145.128, "Actual Total Time": 8674.859, "Actual Rows": 323005, "Actual Loops": 1, "Inner Unique": false, "Hash Cond": "(an1.person_id = n1.id), (LLVM Optimized, Jit Execute)", "Plans": [{"Node Type": "Seq Scan", "Parent Relationship": "Outer", "Relation Name": "aka_name", "Alias": "an1", "Startup Cost": 0.0, "Total Cost": 19908.42, "Plan Rows": 901342, "Plan Width": 20, "Actual Startup Time": 0.025, "Actual Total Time": 239.81, "Actual Rows": 901342, "Actual Loops": 1}, {"Node Type": "Hash", "Parent Relationship": "Inner", "Startup Cost": 552133.97, "Total Cost": 552133.97, "Plan Rows": 710459, "Plan Width": 25, "Actual Startup Time": 8138.334, "Actual Total Time": 8138.334, "Actual Rows": 285537, "Actual Loops": 1, "Hash Buckets": 1048576, "Hash Batches": 1, "Original Hash Batches": 1, "Peak Memory Usage": 15952, "Plans": [{"Node Type": "Hash Join", "Parent Relationship": "Outer", "Join Type": "Inner", "Startup Cost": 341891.88, "Total Cost": 552133.97, "Plan Rows": 710459, "Plan Width": 25, "Actual Startup Time": 7533.343, "Actual Total Time": 8053.886, "Actual Rows": 285537, "Actual Loops": 1, "Inner Unique": true, "Hash Cond": "(ci.person_id = n1.id), (LLVM Optimized, Jit Execute)", "Plans": [{"Node Type": "Hash Join", "Parent Relationship": "Outer", "Join Type": "Inner", "Startup Cost": 196726.36, "Total Cost": 397199.64, "Plan Rows": 710459, "Plan Width": 21, "Actual Startup Time": 4459.627, "Actual Total Time": 4870.581, "Actual Rows": 285537, "Actual Loops": 1, "Inner Unique": false, "Hash Cond": "(ci.movie_id = t.id), (LLVM Optimized, Jit Execute)", "Plans": [{"Node Type": "Nested Loop", "Parent Relationship": "Outer", "Join Type": "Inner", "Startup Cost": 0.0, "Total Cost": 171406.94, "Plan Rows": 3296318, "Plan Width": 8, "Actual Startup Time": 0.114, "Actual Total Time": 204.825, "Actual Rows": 276403, "Actual Loops": 1, "Inner Unique": false, "Plans": [{"Node Type": "Seq Scan", "Parent Relationship": "Outer", "Relation Name": "role_type", "Alias": "rt", "Startup Cost": 0.0, "Total Cost": 1.15, "Plan Rows": 1, "Plan Width": 4, "Actual Startup Time": 0.041, "Actual Total Time": 0.055, "Actual Rows": 1, "Actual Loops": 1, "Filter": "((role)::text = 'costume designer'::text)", "Rows Removed by Filter": 11}, {"Node Type": "Index Scan", "Parent Relationship": "Inner", "Scan Direction": "Forward", "Index Name": "role_id_cast_info", "Relation Name": "cast_info", "Alias": "ci", "Startup Cost": 0.0, "Total Cost": 138442.61, "Plan Rows": 3296318, "Plan Width": 12, "Actual Startup Time": 0.059, "Actual Total Time": 150.812, "Actual Rows": 276403, "Actual Loops": 1, "Index Cond": "(role_id = rt.id), (LLVM Optimized, Jit Execute)", "Rows Removed by Index Recheck": 0}]}, {"Node Type": "Hash", "Parent Relationship": "Inner", "Startup Cost": 180697.47, "Total Cost": 180697.47, "Plan Rows": 1282311, "Plan Width": 25, "Actual Startup Time": 4453.739, "Actual Total Time": 4453.739, "Actual Rows": 1153797, "Actual Loops": 1, "Hash Buckets": 2097152, "Hash Batches": 1, "Original Hash Batches": 1, "Peak Memory Usage": 68508, "Plans": [{"Node Type": "Hash Join", "Parent Relationship": "Outer", "Join Type": "Inner", "Startup Cost": 98641.07, "Total Cost": 180697.47, "Plan Rows": 1282311, "Plan Width": 25, "Actual Startup Time": 1827.854, "Actual Total Time": 3974.898, "Actual Rows": 1153797, "Actual Loops": 1, "Inner Unique": true, "Hash Cond": "(mc.movie_id = t.id), (LLVM Optimized, Jit Execute)", "Plans": [{"Node Type": "Hash Join", "Parent Relationship": "Outer", "Join Type": "Inner", "Startup Cost": 6968.08, "Total Cost": 71392.69, "Plan Rows": 1282311, "Plan Width": 4, "Actual Startup Time": 113.03, "Actual Total Time": 1555.125, "Actual Rows": 1153797, "Actual Loops": 1, "Inner Unique": true, "Hash Cond": "(mc.company_id = cn.id), (LLVM Optimized, Jit Execute)", "Plans": [{"Node Type": "Seq Scan", "Parent Relationship": "Outer", "Relation Name": "movie_companies", "Alias": "mc", "Startup Cost": 0.0, "Total Cost": 41817.28, "Plan Rows": 2609128, "Plan Width": 8, "Actual Startup Time": 0.03, "Actual Total Time": 611.128, "Actual Rows": 2609128, "Actual Loops": 1}, {"Node Type": "Hash", "Parent Relationship": "Inner", "Startup Cost": 5903.45, "Total Cost": 5903.45, "Plan Rows": 85170, "Plan Width": 4, "Actual Startup Time": 112.907, "Actual Total Time": 112.907, "Actual Rows": 84843, "Actual Loops": 1, "Hash Buckets": 131072, "Hash Batches": 1, "Original Hash Batches": 1, "Peak Memory Usage": 2983, "Plans": [{"Node Type": "Seq Scan", "Parent Relationship": "Outer", "Relation Name": "company_name", "Alias": "cn", "Startup Cost": 0.0, "Total Cost": 5903.45, "Plan Rows": 85170, "Plan Width": 4, "Actual Startup Time": 0.024, "Actual Total Time": 90.615, "Actual Rows": 84843, "Actual Loops": 1, "Filter": "((country_code)::text = '[us]'::text)", "Rows Removed by Filter": 150153}]}]}, {"Node Type": "Hash", "Parent Relationship": "Inner", "Startup Cost": 60069.11, "Total Cost": 60069.11, "Plan Rows": 2528311, "Plan Width": 21, "Actual Startup Time": 1712.366, "Actual Total Time": 1712.366, "Actual Rows": 2528311, "Actual Loops": 1, "Hash Buckets": 4194304, "Hash Batches": 1, "Original Hash Batches": 1, "Peak Memory Usage": 135869, "Plans": [{"Node Type": "Seq Scan", "Parent Relationship": "Outer", "Relation Name": "title", "Alias": "t", "Startup Cost": 0.0, "Total Cost": 60069.11, "Plan Rows": 2528311, "Plan Width": 21, "Actual Startup Time": 0.031, "Actual Total Time": 797.49, "Actual Rows": 2528311, "Actual Loops": 1}]}]}]}]}, {"Node Type": "Hash", "Parent Relationship": "Inner", "Startup Cost": 93071.9, "Total Cost": 93071.9, "Plan Rows": 4167490, "Plan Width": 4, "Actual Startup Time": 3070.895, "Actual Total Time": 3070.895, "Actual Rows": 4167490, "Actual Loops": 1, "Hash Buckets": 4194304, "Hash Batches": 1, "Original Hash Batches": 1, "Peak Memory Usage": 146514, "Plans": [{"Node Type": "Seq Scan", "Parent Relationship": "Outer", "Relation Name": "name", "Alias": "n1", "Startup Cost": 0.0, "Total Cost": 93071.9, "Plan Rows": 4167490, "Plan Width": 4, "Actual Startup Time": 0.06, "Actual Total Time": 1293.196, "Actual Rows": 4167490, "Actual Loops": 1}]}]}]}]}]}, "Triggers": [], "Planner Runtime": 82.375, "Total Runtime": 8832.037, "Unique SQL Id": 2457761703}}, "(1, '45')": {"explain_plan": {"Plan": {"Node Type": "Aggregate", "Strategy": "Plain", "Startup Cost": 824512.34, "Total Cost": 824512.35, "Plan Rows": 1, "Plan Width": 97, "Plans": [{"Node Type": "Hash Join", "Parent Relationship": "Outer", "Join Type": "Inner", "Startup Cost": 746775.06, "Total Cost": 822726.85, "Plan Rows": 357098, "Plan Width": 33, "Inner Unique": false, "Hash Cond": "(an1.person_id = n1.id), (LLVM Optimized)", "Plans": [{"Node Type": "Index Scan", "Parent Relationship": "Outer", "Scan Direction": "Forward", "Index Name": "person_id_aka_name", "Relation Name": "aka_name", "Alias": "an1", "Startup Cost": 0.0, "Total Cost": 68965.03, "Plan Rows": 901342, "Plan Width": 20}, {"Node Type": "Hash", "Parent Relationship": "Inner", "Startup Cost": 737894.33, "Total Cost": 737894.33, "Plan Rows": 710459, "Plan Width": 25, "Plans": [{"Node Type": "Nested Loop", "Parent Relationship": "Outer", "Join Type": "Inner", "Startup Cost": 333231.89, "Total Cost": 737894.33, "Plan Rows": 710459, "Plan Width": 25, "Inner Unique": true, "Plans": [{"Node Type": "Hash Join", "Parent Relationship": "Outer", "Join Type": "Inner", "Startup Cost": 333231.89, "Total Cost": 533716.49, "Plan Rows": 710459, "Plan Width": 21, "Inner Unique": false, "Hash Cond": "(ci.movie_id = t.id), (LLVM Optimized)", "Plans": [{"Node Type": "Nested Loop", "Parent Relationship": "Outer", "Join Type": "Inner", "Startup Cost": 0.0, "Total Cost": 171418.25, "Plan Rows": 3296318, "Plan Width": 8, "Inner Unique": false, "Plans": [{"Node Type": "Index Scan", "Parent Relationship": "Outer", "Scan Direction": "Forward", "Index Name": "role_type_pkey", "Relation Name": "role_type", "Alias": "rt", "Startup Cost": 0.0, "Total Cost": 12.46, "Plan Rows": 1, "Plan Width": 4, "Filter": "((role)::text = 'costume designer'::text)"}, {"Node Type": "Index Scan", "Parent Relationship": "Inner", "Scan Direction": "Forward", "Index Name": "role_id_cast_info", "Relation Name": "cast_info", "Alias": "ci", "Startup Cost": 0.0, "Total Cost": 138442.61, "Plan Rows": 3296318, "Plan Width": 12, "Index Cond": "(role_id = rt.id), (LLVM Optimized)"}]}, {"Node Type": "Hash", "Parent Relationship": "Inner", "Startup Cost": 317203.01, "Total Cost": 317203.01, "Plan Rows": 1282311, "Plan Width": 25, "Plans": [{"Node Type": "Hash Join", "Parent Relationship": "Outer", "Join Type": "Inner", "Startup Cost": 153290.39, "Total Cost": 317203.01, "Plan Rows": 1282311, "Plan Width": 25, "Inner Unique": true, "Hash Cond": "(mc.movie_id = t.id), (LLVM Optimized)", "Plans": [{"Node Type": "Hash Join", "Parent Relationship": "Outer", "Join Type": "Inner", "Startup Cost": 11566.01, "Total Cost": 157846.85, "Plan Rows": 1282311, "Plan Width": 4, "Inner Unique": true, "Hash Cond": "(mc.company_id = cn.id), (LLVM Optimized)", "Plans": [{"Node Type": "Index Scan", "Parent Relationship": "Outer", "Scan Direction": "Forward", "Index Name": "company_id_movie_companies", "Relation Name": "movie_companies", "Alias": "mc", "Startup Cost": 0.0, "Total Cost": 123673.5, "Plan Rows": 2609128, "Plan Width": 8}, {"Node Type": "Hash", "Parent Relationship": "Inner", "Startup Cost": 10501.39, "Total Cost": 10501.39, "Plan Rows": 85170, "Plan Width": 4, "Plans": [{"Node Type": "Index Scan", "Parent Relationship": "Outer", "Scan Direction": "Forward", "Index Name": "company_name_pkey", "Relation Name": "company_name", "Alias": "cn", "Startup Cost": 0.0, "Total Cost": 10501.39, "Plan Rows": 85170, "Plan Width": 4, "Filter": "((country_code)::text = '[us]'::text)"}]}]}, {"Node Type": "Hash", "Parent Relationship": "Inner", "Startup Cost": 110120.49, "Total Cost": 110120.49, "Plan Rows": 2528311, "Plan Width": 21, "Plans": [{"Node Type": "Index Scan", "Parent Relationship": "Outer", "Scan Direction": "Forward", "Index Name": "title_pkey", "Relation Name": "title", "Alias": "t", "Startup Cost": 0.0, "Total Cost": 110120.49, "Plan Rows": 2528311, "Plan Width": 21}]}]}]}]}, {"Node Type": "Index Scan", "Parent Relationship": "Inner", "Scan Direction": "Forward", "Index Name": "name_pkey", "Relation Name": "name", "Alias": "n1", "Startup Cost": 0.0, "Total Cost": 0.28, "Plan Rows": 1, "Plan Width": 4, "Index Cond": "(id = ci.person_id)"}]}]}]}]}, "Unique SQL Id": 2457761703, "Planner Runtime": 37}, "explain_analyze_plan": {"Plan": {"Node Type": "Aggregate", "Strategy": "Plain", "Startup Cost": 824512.34, "Total Cost": 824512.35, "Plan Rows": 1, "Plan Width": 97, "Actual Startup Time": 12490.602, "Actual Total Time": 12490.603, "Actual Rows": 1, "Actual Loops": 1, "Plans": [{"Node Type": "Hash Join", "Parent Relationship": "Outer", "Join Type": "Inner", "Startup Cost": 746775.06, "Total Cost": 822726.85, "Plan Rows": 357098, "Plan Width": 33, "Actual Startup Time": 11350.794, "Actual Total Time": 12344.757, "Actual Rows": 323005, "Actual Loops": 1, "Inner Unique": false, "Hash Cond": "(an1.person_id = n1.id), (LLVM Optimized, Jit Execute)", "Plans": [{"Node Type": "Index Scan", "Parent Relationship": "Outer", "Scan Direction": "Forward", "Index Name": "person_id_aka_name", "Relation Name": "aka_name", "Alias": "an1", "Startup Cost": 0.0, "Total Cost": 68965.03, "Plan Rows": 901342, "Plan Width": 20, "Actual Startup Time": 0.044, "Actual Total Time": 684.753, "Actual Rows": 901342, "Actual Loops": 1}, {"Node Type": "Hash", "Parent Relationship": "Inner", "Startup Cost": 737894.33, "Total Cost": 737894.33, "Plan Rows": 710459, "Plan Width": 25, "Actual Startup Time": 11350.054, "Actual Total Time": 11350.054, "Actual Rows": 285537, "Actual Loops": 1, "Hash Buckets": 1048576, "Hash Batches": 1, "Original Hash Batches": 1, "Peak Memory Usage": 15952, "Plans": [{"Node Type": "Nested Loop", "Parent Relationship": "Outer", "Join Type": "Inner", "Startup Cost": 333231.89, "Total Cost": 737894.33, "Plan Rows": 710459, "Plan Width": 25, "Actual Startup Time": 9822.533, "Actual Total Time": 11232.951, "Actual Rows": 285537, "Actual Loops": 1, "Inner Unique": true, "Plans": [{"Node Type": "Hash Join", "Parent Relationship": "Outer", "Join Type": "Inner", "Startup Cost": 333231.89, "Total Cost": 533716.49, "Plan Rows": 710459, "Plan Width": 21, "Actual Startup Time": 9822.491, "Actual Total Time": 10232.62, "Actual Rows": 285537, "Actual Loops": 1, "Inner Unique": false, "Hash Cond": "(ci.movie_id = t.id), (LLVM Optimized, Jit Execute)", "Plans": [{"Node Type": "Nested Loop", "Parent Relationship": "Outer", "Join Type": "Inner", "Startup Cost": 0.0, "Total Cost": 171418.25, "Plan Rows": 3296318, "Plan Width": 8, "Actual Startup Time": 0.067, "Actual Total Time": 200.497, "Actual Rows": 276403, "Actual Loops": 1, "Inner Unique": false, "Plans": [{"Node Type": "Index Scan", "Parent Relationship": "Outer", "Scan Direction": "Forward", "Index Name": "role_type_pkey", "Relation Name": "role_type", "Alias": "rt", "Startup Cost": 0.0, "Total Cost": 12.46, "Plan Rows": 1, "Plan Width": 4, "Actual Startup Time": 0.027, "Actual Total Time": 0.046, "Actual Rows": 1, "Actual Loops": 1, "Filter": "((role)::text = 'costume designer'::text)", "Rows Removed by Filter": 11}, {"Node Type": "Index Scan", "Parent Relationship": "Inner", "Scan Direction": "Forward", "Index Name": "role_id_cast_info", "Relation Name": "cast_info", "Alias": "ci", "Startup Cost": 0.0, "Total Cost": 138442.61, "Plan Rows": 3296318, "Plan Width": 12, "Actual Startup Time": 0.035, "Actual Total Time": 144.353, "Actual Rows": 276403, "Actual Loops": 1, "Index Cond": "(role_id = rt.id), (LLVM Optimized, Jit Execute)", "Rows Removed by Index Recheck": 0}]}, {"Node Type": "Hash", "Parent Relationship": "Inner", "Startup Cost": 317203.01, "Total Cost": 317203.01, "Plan Rows": 1282311, "Plan Width": 25, "Actual Startup Time": 9816.251, "Actual Total Time": 9816.251, "Actual Rows": 1153797, "Actual Loops": 1, "Hash Buckets": 2097152, "Hash Batches": 1, "Original Hash Batches": 1, "Peak Memory Usage": 68508, "Plans": [{"Node Type": "Hash Join", "Parent Relationship": "Outer", "Join Type": "Inner", "Startup Cost": 153290.39, "Total Cost": 317203.01, "Plan Rows": 1282311, "Plan Width": 25, "Actual Startup Time": 4658.057, "Actual Total Time": 9252.937, "Actual Rows": 1153797, "Actual Loops": 1, "Inner Unique": true, "Hash Cond": "(mc.movie_id = t.id), (LLVM Optimized, Jit Execute)", "Plans": [{"Node Type": "Hash Join", "Parent Relationship": "Outer", "Join Type": "Inner", "Startup Cost": 11566.01, "Total Cost": 157846.85, "Plan Rows": 1282311, "Plan Width": 4, "Actual Startup Time": 326.456, "Actual Total Time": 4172.666, "Actual Rows": 1153797, "Actual Loops": 1, "Inner Unique": true, "Hash Cond": "(mc.company_id = cn.id), (LLVM Optimized, Jit Execute)", "Plans": [{"Node Type": "Index Scan", "Parent Relationship": "Outer", "Scan Direction": "Forward", "Index Name": "company_id_movie_companies", "Relation Name": "movie_companies", "Alias": "mc", "Startup Cost": 0.0, "Total Cost": 123673.5, "Plan Rows": 2609128, "Plan Width": 8, "Actual Startup Time": 0.026, "Actual Total Time": 3065.893, "Actual Rows": 2609128, "Actual Loops": 1}, {"Node Type": "Hash", "Parent Relationship": "Inner", "Startup Cost": 10501.39, "Total Cost": 10501.39, "Plan Rows": 85170, "Plan Width": 4, "Actual Startup Time": 326.316, "Actual Total Time": 326.316, "Actual Rows": 84843, "Actual Loops": 1, "Hash Buckets": 131072, "Hash Batches": 1, "Original Hash Batches": 1, "Peak Memory Usage": 2983, "Plans": [{"Node Type": "Index Scan", "Parent Relationship": "Outer", "Scan Direction": "Forward", "Index Name": "company_name_pkey", "Relation Name": "company_name", "Alias": "cn", "Startup Cost": 0.0, "Total Cost": 10501.39, "Plan Rows": 85170, "Plan Width": 4, "Actual Startup Time": 0.031, "Actual Total Time": 297.865, "Actual Rows": 84843, "Actual Loops": 1, "Filter": "((country_code)::text = '[us]'::text)", "Rows Removed by Filter": 150153}]}]}, {"Node Type": "Hash", "Parent Relationship": "Inner", "Startup Cost": 110120.49, "Total Cost": 110120.49, "Plan Rows": 2528311, "Plan Width": 21, "Actual Startup Time": 4328.998, "Actual Total Time": 4328.998, "Actual Rows": 2528311, "Actual Loops": 1, "Hash Buckets": 4194304, "Hash Batches": 1, "Original Hash Batches": 1, "Peak Memory Usage": 135869, "Plans": [{"Node Type": "Index Scan", "Parent Relationship": "Outer", "Scan Direction": "Forward", "Index Name": "title_pkey", "Relation Name": "title", "Alias": "t", "Startup Cost": 0.0, "Total Cost": 110120.49, "Plan Rows": 2528311, "Plan Width": 21, "Actual Startup Time": 0.049, "Actual Total Time": 3028.243, "Actual Rows": 2528311, "Actual Loops": 1}]}]}]}]}, {"Node Type": "Index Scan", "Parent Relationship": "Inner", "Scan Direction": "Forward", "Index Name": "name_pkey", "Relation Name": "name", "Alias": "n1", "Startup Cost": 0.0, "Total Cost": 0.28, "Plan Rows": 1, "Plan Width": 4, "Actual Startup Time": 789.284, "Actual Total Time": 789.284, "Actual Rows": 285537, "Actual Loops": 285537, "Index Cond": "(id = ci.person_id)", "Rows Removed by Index Recheck": 0}]}]}]}]}, "Triggers": [], "Planner Runtime": 37.619, "Total Runtime": 12501.62, "Unique SQL Id": 2457761703}}, "(1, '46')": {"explain_plan": {"Plan": {"Node Type": "Aggregate", "Strategy": "Plain", "Startup Cost": 1144362.67, "Total Cost": 1144362.68, "Plan Rows": 1, "Plan Width": 97, "Plans": [{"Node Type": "Hash Join", "Parent Relationship": "Outer", "Join Type": "Inner", "Startup Cost": 1115325.41, "Total Cost": 1142577.18, "Plan Rows": 357098, "Plan Width": 33, "Inner Unique": false, "Hash Cond": "(an1.person_id = n1.id), (LLVM Optimized)", "Plans": [{"Node Type": "Seq Scan", "Parent Relationship": "Outer", "Relation Name": "aka_name", "Alias": "an1", "Startup Cost": 0.0, "Total Cost": 19908.42, "Plan Rows": 901342, "Plan Width": 20}, {"Node Type": "Hash", "Parent Relationship": "Inner", "Startup Cost": 1106444.67, "Total Cost": 1106444.67, "Plan Rows": 710459, "Plan Width": 25, "Plans": [{"Node Type": "Hash Join", "Parent Relationship": "Outer", "Join Type": "Inner", "Startup Cost": 341893.04, "Total Cost": 1106444.67, "Plan Rows": 710459, "Plan Width": 25, "Inner Unique": true, "Hash Cond": "(ci.person_id = n1.id), (LLVM Optimized)", "Plans": [{"Node Type": "Hash Join", "Parent Relationship": "Outer", "Join Type": "Inner", "Startup Cost": 196727.52, "Total Cost": 951510.34, "Plan Rows": 710459, "Plan Width": 21, "Inner Unique": false, "Hash Cond": "(ci.movie_id = t.id), (LLVM Optimized)", "Plans": [{"Node Type": "Hash Join", "Parent Relationship": "Outer", "Join Type": "Inner", "Startup Cost": 1.16, "Total Cost": 725717.64, "Plan Rows": 3296318, "Plan Width": 8, "Inner Unique": true, "Hash Cond": "(ci.role_id = rt.id), (LLVM Optimized)", "Plans": [{"Node Type": "Seq Scan", "Parent Relationship": "Outer", "Relation Name": "cast_info", "Alias": "ci", "Startup Cost": 0.0, "Total Cost": 601877.94, "Plan Rows": 36259494, "Plan Width": 12}, {"Node Type": "Hash", "Parent Relationship": "Inner", "Startup Cost": 1.15, "Total Cost": 1.15, "Plan Rows": 1, "Plan Width": 4, "Plans": [{"Node Type": "Seq Scan", "Parent Relationship": "Outer", "Relation Name": "role_type", "Alias": "rt", "Startup Cost": 0.0, "Total Cost": 1.15, "Plan Rows": 1, "Plan Width": 4, "Filter": "((role)::text = 'costume designer'::text)"}]}]}, {"Node Type": "Hash", "Parent Relationship": "Inner", "Startup Cost": 180697.47, "Total Cost": 180697.47, "Plan Rows": 1282311, "Plan Width": 25, "Plans": [{"Node Type": "Hash Join", "Parent Relationship": "Outer", "Join Type": "Inner", "Startup Cost": 98641.07, "Total Cost": 180697.47, "Plan Rows": 1282311, "Plan Width": 25, "Inner Unique": true, "Hash Cond": "(mc.movie_id = t.id), (LLVM Optimized)", "Plans": [{"Node Type": "Hash Join", "Parent Relationship": "Outer", "Join Type": "Inner", "Startup Cost": 6968.08, "Total Cost": 71392.69, "Plan Rows": 1282311, "Plan Width": 4, "Inner Unique": true, "Hash Cond": "(mc.company_id = cn.id), (LLVM Optimized)", "Plans": [{"Node Type": "Seq Scan", "Parent Relationship": "Outer", "Relation Name": "movie_companies", "Alias": "mc", "Startup Cost": 0.0, "Total Cost": 41817.28, "Plan Rows": 2609128, "Plan Width": 8}, {"Node Type": "Hash", "Parent Relationship": "Inner", "Startup Cost": 5903.45, "Total Cost": 5903.45, "Plan Rows": 85170, "Plan Width": 4, "Plans": [{"Node Type": "Seq Scan", "Parent Relationship": "Outer", "Relation Name": "company_name", "Alias": "cn", "Startup Cost": 0.0, "Total Cost": 5903.45, "Plan Rows": 85170, "Plan Width": 4, "Filter": "((country_code)::text = '[us]'::text)"}]}]}, {"Node Type": "Hash", "Parent Relationship": "Inner", "Startup Cost": 60069.11, "Total Cost": 60069.11, "Plan Rows": 2528311, "Plan Width": 21, "Plans": [{"Node Type": "Seq Scan", "Parent Relationship": "Outer", "Relation Name": "title", "Alias": "t", "Startup Cost": 0.0, "Total Cost": 60069.11, "Plan Rows": 2528311, "Plan Width": 21}]}]}]}]}, {"Node Type": "Hash", "Parent Relationship": "Inner", "Startup Cost": 93071.9, "Total Cost": 93071.9, "Plan Rows": 4167490, "Plan Width": 4, "Plans": [{"Node Type": "Seq Scan", "Parent Relationship": "Outer", "Relation Name": "name", "Alias": "n1", "Startup Cost": 0.0, "Total Cost": 93071.9, "Plan Rows": 4167490, "Plan Width": 4}]}]}]}]}]}, "Unique SQL Id": 2457761703, "Planner Runtime": 37}, "explain_analyze_plan": null}, "(1, '47')": {"explain_plan": {"Plan": {"Node Type": "Aggregate", "Strategy": "Plain", "Startup Cost": 7003518513539.49, "Total Cost": 7003518513539.5, "Plan Rows": 1, "Plan Width": 97, "Plans": [{"Node Type": "Hash Join", "Parent Relationship": "Outer", "Join Type": "Inner", "Startup Cost": 5023382387874.01, "Total Cost": 7003518511754.0, "Plan Rows": 357098, "Plan Width": 33, "Inner Unique": false, "Hash Cond": "(ci.movie_id = t.id), (LLVM Optimized)", "Plans": [{"Node Type": "Hash Join", "Parent Relationship": "Outer", "Join Type": "Inner", "Startup Cost": 2020024583138.53, "Total Cost": 4000160693927.69, "Plan Rows": 1484588, "Plan Width": 20, "Inner Unique": false, "Hash Cond": "(n1.id = an1.person_id), (LLVM Optimized)", "Plans": [{"Node Type": "Nested Loop", "Parent Relationship": "Outer", "Join Type": "Inner", "Startup Cost": 1020017675368.33, "Total Cost": 3000152781892.05, "Plan Rows": 3296318, "Plan Width": 12, "Inner Unique": false, "Join Filter": "(ci.role_id = rt.id), (LLVM Optimized)", "Plans": [{"Node Type": "Index Scan", "Parent Relationship": "Outer", "Scan Direction": "Forward", "Index Name": "role_type_pkey", "Relation Name": "role_type", "Alias": "rt", "Startup Cost": 10000000000.0, "Total Cost": 1000000001246.0, "Plan Rows": 1, "Plan Width": 4, "Filter": "((role)::text = 'costume designer'::text)"}, {"Node Type": "Hash Join", "Parent Relationship": "Inner", "Join Type": "Inner", "Startup Cost": 1010017675368.33, "Total Cost": 2000152327402.37, "Plan Rows": 36259494, "Plan Width": 16, "Inner Unique": true, "Hash Cond": "(ci.person_id = n1.id), (LLVM Optimized)", "Plans": [{"Node Type": "Index Scan", "Parent Relationship": "Outer", "Scan Direction": "Forward", "Index Name": "role_id_cast_info", "Relation Name": "cast_info", "Alias": "ci", "Startup Cost": 10000000000.0, "Total Cost": 1000134153466.0, "Plan Rows": 36259494, "Plan Width": 12}, {"Node Type": "Hash", "Parent Relationship": "Inner", "Startup Cost": 1000017623274.7, "Total Cost": 1000017623274.7, "Plan Rows": 4167490, "Plan Width": 4, "Plans": [{"Node Type": "Index Scan", "Parent Relationship": "Outer", "Scan Direction": "Forward", "Index Name": "name_pkey", "Relation Name": "name", "Alias": "n1", "Startup Cost": 10000000000.0, "Total Cost": 1000017623274.7, "Plan Rows": 4167490, "Plan Width": 4}]}]}]}, {"Node Type": "Hash", "Parent Relationship": "Inner", "Startup Cost": 1000006896503.43, "Total Cost": 1000006896503.43, "Plan Rows": 901342, "Plan Width": 20, "Plans": [{"Node Type": "Index Scan", "Parent Relationship": "Outer", "Scan Direction": "Forward", "Index Name": "person_id_aka_name", "Relation Name": "aka_name", "Alias": "an1", "Startup Cost": 10000000000.0, "Total Cost": 1000006896503.43, "Plan Rows": 901342, "Plan Width": 20}]}]}, {"Node Type": "Hash", "Parent Relationship": "Inner", "Startup Cost": 3003357788706.59, "Total Cost": 3003357788706.59, "Plan Rows": 1282311, "Plan Width": 25, "Plans": [{"Node Type": "Nested Loop", "Parent Relationship": "Outer", "Join Type": "Inner", "Startup Cost": 1020011043652.8, "Total Cost": 3003357788706.59, "Plan Rows": 1282311, "Plan Width": 25, "Inner Unique": true, "Join Filter": "(mc.company_id = cn.id), (LLVM Optimized)", "Plans": [{"Node Type": "Hash Join", "Parent Relationship": "Outer", "Join Type": "Inner", "Startup Cost": 1010011043652.8, "Total Cost": 2000023446878.29, "Plan Rows": 2609128, "Plan Width": 29, "Inner Unique": true, "Hash Cond": "(mc.movie_id = t.id), (LLVM Optimized)", "Plans": [{"Node Type": "Index Scan", "Parent Relationship": "Outer", "Scan Direction": "Forward", "Index Name": "company_id_movie_companies", "Relation Name": "movie_companies", "Alias": "mc", "Startup Cost": 10000000000.0, "Total Cost": 1000012367349.98, "Plan Rows": 2609128, "Plan Width": 8}, {"Node Type": "Hash", "Parent Relationship": "Inner", "Startup Cost": 1000011012048.91, "Total Cost": 1000011012048.91, "Plan Rows": 2528311, "Plan Width": 21, "Plans": [{"Node Type": "Index Scan", "Parent Relationship": "Outer", "Scan Direction": "Forward", "Index Name": "title_pkey", "Relation Name": "title", "Alias": "t", "Startup Cost": 10000000000.0, "Total Cost": 1000011012048.91, "Plan Rows": 2528311, "Plan Width": 21}]}]}, {"Node Type": "Materialize", "Parent Relationship": "Inner", "Startup Cost": 10000000000.0, "Total Cost": 1000001050564.82, "Plan Rows": 85170, "Plan Width": 4, "Plans": [{"Node Type": "Index Scan", "Parent Relationship": "Outer", "Scan Direction": "Forward", "Index Name": "company_name_pkey", "Relation Name": "company_name", "Alias": "cn", "Startup Cost": 10000000000.0, "Total Cost": 1000001050138.97, "Plan Rows": 85170, "Plan Width": 4, "Filter": "((country_code)::text = '[us]'::text)"}]}]}]}]}]}, "Unique SQL Id": 2457761703, "Planner Runtime": 39}, "explain_analyze_plan": null}, "(1, '48')": {"explain_plan": {"Plan": {"Node Type": "Aggregate", "Strategy": "Plain", "Startup Cost": 1965944.02, "Total Cost": 1965944.03, "Plan Rows": 1, "Plan Width": 97, "Plans": [{"Node Type": "Nested Loop", "Parent Relationship": "Outer", "Join Type": "Inner", "Startup Cost": 0.0, "Total Cost": 1964158.53, "Plan Rows": 357098, "Plan Width": 33, "Inner Unique": true, "Join Filter": "(an1.person_id = n1.id), (LLVM Optimized)", "Plans": [{"Node Type": "Nested Loop", "Parent Relationship": "Outer", "Join Type": "Inner", "Startup Cost": 0.0, "Total Cost": 1862664.6, "Plan Rows": 357098, "Plan Width": 41, "Inner Unique": true, "Plans": [{"Node Type": "Nested Loop", "Parent Relationship": "Outer", "Join Type": "Inner", "Startup Cost": 0.0, "Total Cost": 1760862.26, "Plan Rows": 357379, "Plan Width": 32, "Inner Unique": false, "Plans": [{"Node Type": "Nested Loop", "Parent Relationship": "Outer", "Join Type": "Inner", "Startup Cost": 0.0, "Total Cost": 1560689.3, "Plan Rows": 711018, "Plan Width": 12, "Inner Unique": false, "Join Filter": "(ci.role_id = rt.id), (LLVM Optimized)", "Plans": [{"Node Type": "Seq Scan", "Parent Relationship": "Outer", "Relation Name": "role_type", "Alias": "rt", "Startup Cost": 0.0, "Total Cost": 1.15, "Plan Rows": 1, "Plan Width": 4, "Filter": "((role)::text = 'costume designer'::text)"}, {"Node Type": "Nested Loop", "Parent Relationship": "Inner", "Join Type": "Inner", "Startup Cost": 0.0, "Total Cost": 1462923.14, "Plan Rows": 7821201, "Plan Width": 16, "Inner Unique": false, "Plans": [{"Node Type": "Nested Loop", "Parent Relationship": "Outer", "Join Type": "Inner", "Startup Cost": 0.0, "Total Cost": 166734.45, "Plan Rows": 1282311, "Plan Width": 4, "Inner Unique": false, "Plans": [{"Node Type": "Seq Scan", "Parent Relationship": "Outer", "Relation Name": "company_name", "Alias": "cn", "Startup Cost": 0.0, "Total Cost": 5903.45, "Plan Rows": 85170, "Plan Width": 4, "Filter": "((country_code)::text = '[us]'::text)"}, {"Node Type": "Index Scan", "Parent Relationship": "Inner", "Scan Direction": "Forward", "Index Name": "company_id_movie_companies", "Relation Name": "movie_companies", "Alias": "mc", "Startup Cost": 0.0, "Total Cost": 1.74, "Plan Rows": 15, "Plan Width": 8, "Index Cond": "(company_id = cn.id)"}]}, {"Node Type": "Index Scan", "Parent Relationship": "Inner", "Scan Direction": "Forward", "Index Name": "movie_id_cast_info", "Relation Name": "cast_info", "Alias": "ci", "Startup Cost": 0.0, "Total Cost": 0.95, "Plan Rows": 6, "Plan Width": 12, "Index Cond": "(movie_id = mc.movie_id)"}]}]}, {"Node Type": "Index Scan", "Parent Relationship": "Inner", "Scan Direction": "Forward", "Index Name": "person_id_aka_name", "Relation Name": "aka_name", "Alias": "an1", "Startup Cost": 0.0, "Total Cost": 0.27, "Plan Rows": 1, "Plan Width": 20, "Index Cond": "(person_id = ci.person_id)"}]}, {"Node Type": "Index Scan", "Parent Relationship": "Inner", "Scan Direction": "Forward", "Index Name": "title_pkey", "Relation Name": "title", "Alias": "t", "Startup Cost": 0.0, "Total Cost": 0.27, "Plan Rows": 1, "Plan Width": 21, "Index Cond": "(id = ci.movie_id)"}]}, {"Node Type": "Index Only Scan", "Parent Relationship": "Inner", "Scan Direction": "Forward", "Index Name": "name_pkey", "Relation Name": "name", "Alias": "n1", "Startup Cost": 0.0, "Total Cost": 0.27, "Plan Rows": 1, "Plan Width": 4, "Index Cond": "(id = ci.person_id)"}]}]}, "Unique SQL Id": 2457761703, "Planner Runtime": 3}, "explain_analyze_plan": null}, "(1, '49')": {"explain_plan": {"Plan": {"Node Type": "Aggregate", "Strategy": "Plain", "Startup Cost": 1970553.27, "Total Cost": 1970553.28, "Plan Rows": 1, "Plan Width": 97, "Plans": [{"Node Type": "Nested Loop", "Parent Relationship": "Outer", "Join Type": "Inner", "Startup Cost": 0.0, "Total Cost": 1968767.78, "Plan Rows": 357098, "Plan Width": 33, "Inner Unique": true, "Join Filter": "(an1.person_id = n1.id), (LLVM Optimized)", "Plans": [{"Node Type": "Nested Loop", "Parent Relationship": "Outer", "Join Type": "Inner", "Startup Cost": 0.0, "Total Cost": 1867273.85, "Plan Rows": 357098, "Plan Width": 41, "Inner Unique": true, "Plans": [{"Node Type": "Nested Loop", "Parent Relationship": "Outer", "Join Type": "Inner", "Startup Cost": 0.0, "Total Cost": 1765471.51, "Plan Rows": 357379, "Plan Width": 32, "Inner Unique": false, "Plans": [{"Node Type": "Nested Loop", "Parent Relationship": "Outer", "Join Type": "Inner", "Startup Cost": 0.0, "Total Cost": 1565298.55, "Plan Rows": 711018, "Plan Width": 12, "Inner Unique": false, "Join Filter": "(ci.role_id = rt.id), (LLVM Optimized)", "Plans": [{"Node Type": "Index Scan", "Parent Relationship": "Outer", "Scan Direction": "Forward", "Index Name": "role_type_pkey", "Relation Name": "role_type", "Alias": "rt", "Startup Cost": 0.0, "Total Cost": 12.46, "Plan Rows": 1, "Plan Width": 4, "Filter": "((role)::text = 'costume designer'::text)"}, {"Node Type": "Nested Loop", "Parent Relationship": "Inner", "Join Type": "Inner", "Startup Cost": 0.0, "Total Cost": 1467521.08, "Plan Rows": 7821201, "Plan Width": 16, "Inner Unique": false, "Plans": [{"Node Type": "Nested Loop", "Parent Relationship": "Outer", "Join Type": "Inner", "Startup Cost": 0.0, "Total Cost": 171332.39, "Plan Rows": 1282311, "Plan Width": 4, "Inner Unique": false, "Plans": [{"Node Type": "Index Scan", "Parent Relationship": "Outer", "Scan Direction": "Forward", "Index Name": "company_name_pkey", "Relation Name": "company_name", "Alias": "cn", "Startup Cost": 0.0, "Total Cost": 10501.39, "Plan Rows": 85170, "Plan Width": 4, "Filter": "((country_code)::text = '[us]'::text)"}, {"Node Type": "Index Scan", "Parent Relationship": "Inner", "Scan Direction": "Forward", "Index Name": "company_id_movie_companies", "Relation Name": "movie_companies", "Alias": "mc", "Startup Cost": 0.0, "Total Cost": 1.74, "Plan Rows": 15, "Plan Width": 8, "Index Cond": "(company_id = cn.id)"}]}, {"Node Type": "Index Scan", "Parent Relationship": "Inner", "Scan Direction": "Forward", "Index Name": "movie_id_cast_info", "Relation Name": "cast_info", "Alias": "ci", "Startup Cost": 0.0, "Total Cost": 0.95, "Plan Rows": 6, "Plan Width": 12, "Index Cond": "(movie_id = mc.movie_id)"}]}]}, {"Node Type": "Index Scan", "Parent Relationship": "Inner", "Scan Direction": "Forward", "Index Name": "person_id_aka_name", "Relation Name": "aka_name", "Alias": "an1", "Startup Cost": 0.0, "Total Cost": 0.27, "Plan Rows": 1, "Plan Width": 20, "Index Cond": "(person_id = ci.person_id)"}]}, {"Node Type": "Index Scan", "Parent Relationship": "Inner", "Scan Direction": "Forward", "Index Name": "title_pkey", "Relation Name": "title", "Alias": "t", "Startup Cost": 0.0, "Total Cost": 0.27, "Plan Rows": 1, "Plan Width": 21, "Index Cond": "(id = ci.movie_id)"}]}, {"Node Type": "Index Only Scan", "Parent Relationship": "Inner", "Scan Direction": "Forward", "Index Name": "name_pkey", "Relation Name": "name", "Alias": "n1", "Startup Cost": 0.0, "Total Cost": 0.27, "Plan Rows": 1, "Plan Width": 4, "Index Cond": "(id = ci.person_id)"}]}]}, "Unique SQL Id": 2457761703, "Planner Runtime": 3}, "explain_analyze_plan": null}, "(1, '50')": {"explain_plan": {"Plan": {"Node Type": "Aggregate", "Strategy": "Plain", "Startup Cost": 12604914.55, "Total Cost": 12604914.56, "Plan Rows": 1, "Plan Width": 97, "Plans": [{"Node Type": "Nested Loop", "Parent Relationship": "Outer", "Join Type": "Inner", "Startup Cost": 2.1, "Total Cost": 12603129.06, "Plan Rows": 357098, "Plan Width": 33, "Inner Unique": true, "Join Filter": "(an1.person_id = n1.id), (LLVM Optimized)", "Plans": [{"Node Type": "Nested Loop", "Parent Relationship": "Outer", "Join Type": "Inner", "Startup Cost": 1.84, "Total Cost": 11073153.85, "Plan Rows": 357098, "Plan Width": 41, "Inner Unique": true, "Plans": [{"Node Type": "Nested Loop", "Parent Relationship": "Outer", "Join Type": "Inner", "Startup Cost": 1.58, "Total Cost": 9543117.59, "Plan Rows": 357379, "Plan Width": 32, "Inner Unique": false, "Plans": [{"Node Type": "Nested Loop", "Parent Relationship": "Outer", "Join Type": "Inner", "Startup Cost": 1.33, "Total Cost": 6499549.44, "Plan Rows": 711018, "Plan Width": 12, "Inner Unique": false, "Join Filter": "(ci.role_id = rt.id), (LLVM Optimized)", "Plans": [{"Node Type": "Seq Scan", "Parent Relationship": "Outer", "Relation Name": "role_type", "Alias": "rt", "Startup Cost": 0.0, "Total Cost": 1.15, "Plan Rows": 1, "Plan Width": 4, "Filter": "((role)::text = 'costume designer'::text)"}, {"Node Type": "Nested Loop", "Parent Relationship": "Inner", "Join Type": "Inner", "Startup Cost": 1.33, "Total Cost": 6401783.28, "Plan Rows": 7821201, "Plan Width": 16, "Inner Unique": false, "Plans": [{"Node Type": "Nested Loop", "Parent Relationship": "Outer", "Join Type": "Inner", "Startup Cost": 0.82, "Total Cost": 444829.84, "Plan Rows": 1282311, "Plan Width": 4, "Inner Unique": false, "Plans": [{"Node Type": "Seq Scan", "Parent Relationship": "Outer", "Relation Name": "company_name", "Alias": "cn", "Startup Cost": 0.0, "Total Cost": 5903.45, "Plan Rows": 85170, "Plan Width": 4, "Filter": "((country_code)::text = '[us]'::text)"}, {"Node Type": "Bitmap Heap Scan", "Parent Relationship": "Inner", "Relation Name": "movie_companies", "Alias": "mc", "Startup Cost": 0.82, "Total Cost": 5.0, "Plan Rows": 15, "Plan Width": 8, "Recheck Cond": "(company_id = cn.id)", "Plans": [{"Node Type": "Bitmap Index Scan", "Parent Relationship": "Outer", "Index Name": "company_id_movie_companies", "Startup Cost": 0.0, "Total Cost": 0.81, "Plan Rows": 15, "Plan Width": 0, "Index Cond": "(company_id = cn.id)"}]}]}, {"Node Type": "Bitmap Heap Scan", "Parent Relationship": "Inner", "Relation Name": "cast_info", "Alias": "ci", "Startup Cost": 0.51, "Total Cost": 4.59, "Plan Rows": 6, "Plan Width": 12, "Recheck Cond": "(movie_id = mc.movie_id)", "Plans": [{"Node Type": "Bitmap Index Scan", "Parent Relationship": "Outer", "Index Name": "movie_id_cast_info", "Startup Cost": 0.0, "Total Cost": 0.51, "Plan Rows": 6, "Plan Width": 0, "Index Cond": "(movie_id = mc.movie_id)"}]}]}]}, {"Node Type": "Bitmap Heap Scan", "Parent Relationship": "Inner", "Relation Name": "aka_name", "Alias": "an1", "Startup Cost": 0.26, "Total Cost": 4.27, "Plan Rows": 1, "Plan Width": 20, "Recheck Cond": "(person_id = ci.person_id)", "Plans": [{"Node Type": "Bitmap Index Scan", "Parent Relationship": "Outer", "Index Name": "person_id_aka_name", "Startup Cost": 0.0, "Total Cost": 0.26, "Plan Rows": 1, "Plan Width": 0, "Index Cond": "(person_id = ci.person_id)"}]}]}, {"Node Type": "Bitmap Heap Scan", "Parent Relationship": "Inner", "Relation Name": "title", "Alias": "t", "Startup Cost": 0.26, "Total Cost": 4.27, "Plan Rows": 1, "Plan Width": 21, "Recheck Cond": "(id = ci.movie_id)", "Plans": [{"Node Type": "Bitmap Index Scan", "Parent Relationship": "Outer", "Index Name": "title_pkey", "Startup Cost": 0.0, "Total Cost": 0.26, "Plan Rows": 1, "Plan Width": 0, "Index Cond": "(id = ci.movie_id)"}]}]}, {"Node Type": "Bitmap Heap Scan", "Parent Relationship": "Inner", "Relation Name": "name", "Alias": "n1", "Startup Cost": 0.26, "Total Cost": 4.27, "Plan Rows": 1, "Plan Width": 4, "Recheck Cond": "(id = ci.person_id)", "Plans": [{"Node Type": "Bitmap Index Scan", "Parent Relationship": "Outer", "Index Name": "name_pkey", "Startup Cost": 0.0, "Total Cost": 0.26, "Plan Rows": 1, "Plan Width": 0, "Index Cond": "(id = ci.person_id)"}]}]}]}, "Unique SQL Id": 2457761703, "Planner Runtime": 5}, "explain_analyze_plan": null}, "(1, '51')": {"explain_plan": {"Plan": {"Node Type": "Aggregate", "Strategy": "Plain", "Startup Cost": 1000069787565.86, "Total Cost": 1000069787565.87, "Plan Rows": 1, "Plan Width": 97, "Plans": [{"Node Type": "Nested Loop", "Parent Relationship": "Outer", "Join Type": "Inner", "Startup Cost": 10000000001.8, "Total Cost": 1000069785780.37, "Plan Rows": 357098, "Plan Width": 33, "Inner Unique": true, "Plans": [{"Node Type": "Nested Loop", "Parent Relationship": "Outer", "Join Type": "Inner", "Startup Cost": 10000000001.54, "Total Cost": 1000068255744.11, "Plan Rows": 357379, "Plan Width": 24, "Inner Unique": true, "Join Filter": "(an1.person_id = n1.id), (LLVM Optimized)", "Plans": [{"Node Type": "Nested Loop", "Parent Relationship": "Outer", "Join Type": "Inner", "Startup Cost": 10000000001.28, "Total Cost": 1000066724564.96, "Plan Rows": 357379, "Plan Width": 32, "Inner Unique": false, "Plans": [{"Node Type": "Nested Loop", "Parent Relationship": "Outer", "Join Type": "Inner", "Startup Cost": 10000000001.03, "Total Cost": 1000063680996.82, "Plan Rows": 711018, "Plan Width": 12, "Inner Unique": true, "Plans": [{"Node Type": "Nested Loop", "Parent Relationship": "Outer", "Join Type": "Inner", "Startup Cost": 10000000000.77, "Total Cost": 1000030184746.51, "Plan Rows": 7821201, "Plan Width": 16, "Inner Unique": false, "Plans": [{"Node Type": "Nested Loop", "Parent Relationship": "Outer", "Join Type": "Inner", "Startup Cost": 10000000000.26, "Total Cost": 1000024227793.07, "Plan Rows": 1282311, "Plan Width": 4, "Inner Unique": true, "Plans": [{"Node Type": "Index Scan", "Parent Relationship": "Outer", "Scan Direction": "Forward", "Index Name": "movie_id_movie_companies", "Relation Name": "movie_companies", "Alias": "mc", "Startup Cost": 10000000000.0, "Total Cost": 1000013051946.13, "Plan Rows": 2609128, "Plan Width": 8}, {"Node Type": "Bitmap Heap Scan", "Parent Relationship": "Inner", "Relation Name": "company_name", "Alias": "cn", "Startup Cost": 0.26, "Total Cost": 4.27, "Plan Rows": 1, "Plan Width": 4, "Recheck Cond": "(id = mc.company_id)", "Filter": "((country_code)::text = '[us]'::text)", "Plans": [{"Node Type": "Bitmap Index Scan", "Parent Relationship": "Outer", "Index Name": "company_name_pkey", "Startup Cost": 0.0, "Total Cost": 0.26, "Plan Rows": 1, "Plan Width": 0, "Index Cond": "(id = mc.company_id)"}]}]}, {"Node Type": "Bitmap Heap Scan", "Parent Relationship": "Inner", "Relation Name": "cast_info", "Alias": "ci", "Startup Cost": 0.51, "Total Cost": 4.59, "Plan Rows": 6, "Plan Width": 12, "Recheck Cond": "(movie_id = mc.movie_id)", "Plans": [{"Node Type": "Bitmap Index Scan", "Parent Relationship": "Outer", "Index Name": "movie_id_cast_info", "Startup Cost": 0.0, "Total Cost": 0.51, "Plan Rows": 6, "Plan Width": 0, "Index Cond": "(movie_id = mc.movie_id)"}]}]}, {"Node Type": "Bitmap Heap Scan", "Parent Relationship": "Inner", "Relation Name": "role_type", "Alias": "rt", "Startup Cost": 0.26, "Total Cost": 4.27, "Plan Rows": 1, "Plan Width": 4, "Recheck Cond": "(id = ci.role_id)", "Filter": "((role)::text = 'costume designer'::text)", "Plans": [{"Node Type": "Bitmap Index Scan", "Parent Relationship": "Outer", "Index Name": "role_type_pkey", "Startup Cost": 0.0, "Total Cost": 0.26, "Plan Rows": 1, "Plan Width": 0, "Index Cond": "(id = ci.role_id)"}]}]}, {"Node Type": "Bitmap Heap Scan", "Parent Relationship": "Inner", "Relation Name": "aka_name", "Alias": "an1", "Startup Cost": 0.26, "Total Cost": 4.27, "Plan Rows": 1, "Plan Width": 20, "Recheck Cond": "(person_id = ci.person_id)", "Plans": [{"Node Type": "Bitmap Index Scan", "Parent Relationship": "Outer", "Index Name": "person_id_aka_name", "Startup Cost": 0.0, "Total Cost": 0.26, "Plan Rows": 1, "Plan Width": 0, "Index Cond": "(person_id = ci.person_id)"}]}]}, {"Node Type": "Bitmap Heap Scan", "Parent Relationship": "Inner", "Relation Name": "name", "Alias": "n1", "Startup Cost": 0.26, "Total Cost": 4.27, "Plan Rows": 1, "Plan Width": 4, "Recheck Cond": "(id = ci.person_id)", "Plans": [{"Node Type": "Bitmap Index Scan", "Parent Relationship": "Outer", "Index Name": "name_pkey", "Startup Cost": 0.0, "Total Cost": 0.26, "Plan Rows": 1, "Plan Width": 0, "Index Cond": "(id = ci.person_id)"}]}]}, {"Node Type": "Bitmap Heap Scan", "Parent Relationship": "Inner", "Relation Name": "title", "Alias": "t", "Startup Cost": 0.26, "Total Cost": 4.27, "Plan Rows": 1, "Plan Width": 21, "Recheck Cond": "(id = ci.movie_id)", "Plans": [{"Node Type": "Bitmap Index Scan", "Parent Relationship": "Outer", "Index Name": "title_pkey", "Startup Cost": 0.0, "Total Cost": 0.26, "Plan Rows": 1, "Plan Width": 0, "Index Cond": "(id = ci.movie_id)"}]}]}]}, "Unique SQL Id": 2457761703, "Planner Runtime": 3}, "explain_analyze_plan": null}, "(1, '52')": {"explain_plan": {"Plan": {"Node Type": "Aggregate", "Strategy": "Plain", "Startup Cost": 1967968.74, "Total Cost": 1967968.75, "Plan Rows": 1, "Plan Width": 97, "Plans": [{"Node Type": "Nested Loop", "Parent Relationship": "Outer", "Join Type": "Inner", "Startup Cost": 0.0, "Total Cost": 1966183.25, "Plan Rows": 357098, "Plan Width": 33, "Inner Unique": true, "Join Filter": "(an1.person_id = n1.id), (LLVM Optimized)", "Plans": [{"Node Type": "Nested Loop", "Parent Relationship": "Outer", "Join Type": "Inner", "Startup Cost": 0.0, "Total Cost": 1862664.6, "Plan Rows": 357098, "Plan Width": 41, "Inner Unique": true, "Plans": [{"Node Type": "Nested Loop", "Parent Relationship": "Outer", "Join Type": "Inner", "Startup Cost": 0.0, "Total Cost": 1760862.26, "Plan Rows": 357379, "Plan Width": 32, "Inner Unique": false, "Plans": [{"Node Type": "Nested Loop", "Parent Relationship": "Outer", "Join Type": "Inner", "Startup Cost": 0.0, "Total Cost": 1560689.3, "Plan Rows": 711018, "Plan Width": 12, "Inner Unique": false, "Join Filter": "(ci.role_id = rt.id), (LLVM Optimized)", "Plans": [{"Node Type": "Seq Scan", "Parent Relationship": "Outer", "Relation Name": "role_type", "Alias": "rt", "Startup Cost": 0.0, "Total Cost": 1.15, "Plan Rows": 1, "Plan Width": 4, "Filter": "((role)::text = 'costume designer'::text)"}, {"Node Type": "Nested Loop", "Parent Relationship": "Inner", "Join Type": "Inner", "Startup Cost": 0.0, "Total Cost": 1462923.14, "Plan Rows": 7821201, "Plan Width": 16, "Inner Unique": false, "Plans": [{"Node Type": "Nested Loop", "Parent Relationship": "Outer", "Join Type": "Inner", "Startup Cost": 0.0, "Total Cost": 166734.45, "Plan Rows": 1282311, "Plan Width": 4, "Inner Unique": false, "Plans": [{"Node Type": "Seq Scan", "Parent Relationship": "Outer", "Relation Name": "company_name", "Alias": "cn", "Startup Cost": 0.0, "Total Cost": 5903.45, "Plan Rows": 85170, "Plan Width": 4, "Filter": "((country_code)::text = '[us]'::text)"}, {"Node Type": "Index Scan", "Parent Relationship": "Inner", "Scan Direction": "Forward", "Index Name": "company_id_movie_companies", "Relation Name": "movie_companies", "Alias": "mc", "Startup Cost": 0.0, "Total Cost": 1.74, "Plan Rows": 15, "Plan Width": 8, "Index Cond": "(company_id = cn.id)"}]}, {"Node Type": "Index Scan", "Parent Relationship": "Inner", "Scan Direction": "Forward", "Index Name": "movie_id_cast_info", "Relation Name": "cast_info", "Alias": "ci", "Startup Cost": 0.0, "Total Cost": 0.95, "Plan Rows": 6, "Plan Width": 12, "Index Cond": "(movie_id = mc.movie_id)"}]}]}, {"Node Type": "Index Scan", "Parent Relationship": "Inner", "Scan Direction": "Forward", "Index Name": "person_id_aka_name", "Relation Name": "aka_name", "Alias": "an1", "Startup Cost": 0.0, "Total Cost": 0.27, "Plan Rows": 1, "Plan Width": 20, "Index Cond": "(person_id = ci.person_id)"}]}, {"Node Type": "Index Scan", "Parent Relationship": "Inner", "Scan Direction": "Forward", "Index Name": "title_pkey", "Relation Name": "title", "Alias": "t", "Startup Cost": 0.0, "Total Cost": 0.27, "Plan Rows": 1, "Plan Width": 21, "Index Cond": "(id = ci.movie_id)"}]}, {"Node Type": "Index Scan", "Parent Relationship": "Inner", "Scan Direction": "Forward", "Index Name": "name_pkey", "Relation Name": "name", "Alias": "n1", "Startup Cost": 0.0, "Total Cost": 0.28, "Plan Rows": 1, "Plan Width": 4, "Index Cond": "(id = ci.person_id)"}]}]}, "Unique SQL Id": 2457761703, "Planner Runtime": 3}, "explain_analyze_plan": null}, "(1, '53')": {"explain_plan": {"Plan": {"Node Type": "Aggregate", "Strategy": "Plain", "Startup Cost": 1972577.99, "Total Cost": 1972578.0, "Plan Rows": 1, "Plan Width": 97, "Plans": [{"Node Type": "Nested Loop", "Parent Relationship": "Outer", "Join Type": "Inner", "Startup Cost": 0.0, "Total Cost": 1970792.5, "Plan Rows": 357098, "Plan Width": 33, "Inner Unique": true, "Join Filter": "(an1.person_id = n1.id), (LLVM Optimized)", "Plans": [{"Node Type": "Nested Loop", "Parent Relationship": "Outer", "Join Type": "Inner", "Startup Cost": 0.0, "Total Cost": 1867273.85, "Plan Rows": 357098, "Plan Width": 41, "Inner Unique": true, "Plans": [{"Node Type": "Nested Loop", "Parent Relationship": "Outer", "Join Type": "Inner", "Startup Cost": 0.0, "Total Cost": 1765471.51, "Plan Rows": 357379, "Plan Width": 32, "Inner Unique": false, "Plans": [{"Node Type": "Nested Loop", "Parent Relationship": "Outer", "Join Type": "Inner", "Startup Cost": 0.0, "Total Cost": 1565298.55, "Plan Rows": 711018, "Plan Width": 12, "Inner Unique": false, "Join Filter": "(ci.role_id = rt.id), (LLVM Optimized)", "Plans": [{"Node Type": "Index Scan", "Parent Relationship": "Outer", "Scan Direction": "Forward", "Index Name": "role_type_pkey", "Relation Name": "role_type", "Alias": "rt", "Startup Cost": 0.0, "Total Cost": 12.46, "Plan Rows": 1, "Plan Width": 4, "Filter": "((role)::text = 'costume designer'::text)"}, {"Node Type": "Nested Loop", "Parent Relationship": "Inner", "Join Type": "Inner", "Startup Cost": 0.0, "Total Cost": 1467521.08, "Plan Rows": 7821201, "Plan Width": 16, "Inner Unique": false, "Plans": [{"Node Type": "Nested Loop", "Parent Relationship": "Outer", "Join Type": "Inner", "Startup Cost": 0.0, "Total Cost": 171332.39, "Plan Rows": 1282311, "Plan Width": 4, "Inner Unique": false, "Plans": [{"Node Type": "Index Scan", "Parent Relationship": "Outer", "Scan Direction": "Forward", "Index Name": "company_name_pkey", "Relation Name": "company_name", "Alias": "cn", "Startup Cost": 0.0, "Total Cost": 10501.39, "Plan Rows": 85170, "Plan Width": 4, "Filter": "((country_code)::text = '[us]'::text)"}, {"Node Type": "Index Scan", "Parent Relationship": "Inner", "Scan Direction": "Forward", "Index Name": "company_id_movie_companies", "Relation Name": "movie_companies", "Alias": "mc", "Startup Cost": 0.0, "Total Cost": 1.74, "Plan Rows": 15, "Plan Width": 8, "Index Cond": "(company_id = cn.id)"}]}, {"Node Type": "Index Scan", "Parent Relationship": "Inner", "Scan Direction": "Forward", "Index Name": "movie_id_cast_info", "Relation Name": "cast_info", "Alias": "ci", "Startup Cost": 0.0, "Total Cost": 0.95, "Plan Rows": 6, "Plan Width": 12, "Index Cond": "(movie_id = mc.movie_id)"}]}]}, {"Node Type": "Index Scan", "Parent Relationship": "Inner", "Scan Direction": "Forward", "Index Name": "person_id_aka_name", "Relation Name": "aka_name", "Alias": "an1", "Startup Cost": 0.0, "Total Cost": 0.27, "Plan Rows": 1, "Plan Width": 20, "Index Cond": "(person_id = ci.person_id)"}]}, {"Node Type": "Index Scan", "Parent Relationship": "Inner", "Scan Direction": "Forward", "Index Name": "title_pkey", "Relation Name": "title", "Alias": "t", "Startup Cost": 0.0, "Total Cost": 0.27, "Plan Rows": 1, "Plan Width": 21, "Index Cond": "(id = ci.movie_id)"}]}, {"Node Type": "Index Scan", "Parent Relationship": "Inner", "Scan Direction": "Forward", "Index Name": "name_pkey", "Relation Name": "name", "Alias": "n1", "Startup Cost": 0.0, "Total Cost": 0.28, "Plan Rows": 1, "Plan Width": 4, "Index Cond": "(id = ci.person_id)"}]}]}, "Unique SQL Id": 2457761703, "Planner Runtime": 3}, "explain_analyze_plan": null}, "(1, '54')": {"explain_plan": {"Plan": {"Node Type": "Aggregate", "Strategy": "Plain", "Startup Cost": 12604914.55, "Total Cost": 12604914.56, "Plan Rows": 1, "Plan Width": 97, "Plans": [{"Node Type": "Nested Loop", "Parent Relationship": "Outer", "Join Type": "Inner", "Startup Cost": 2.1, "Total Cost": 12603129.06, "Plan Rows": 357098, "Plan Width": 33, "Inner Unique": true, "Join Filter": "(an1.person_id = n1.id), (LLVM Optimized)", "Plans": [{"Node Type": "Nested Loop", "Parent Relationship": "Outer", "Join Type": "Inner", "Startup Cost": 1.84, "Total Cost": 11073153.85, "Plan Rows": 357098, "Plan Width": 41, "Inner Unique": true, "Plans": [{"Node Type": "Nested Loop", "Parent Relationship": "Outer", "Join Type": "Inner", "Startup Cost": 1.58, "Total Cost": 9543117.59, "Plan Rows": 357379, "Plan Width": 32, "Inner Unique": false, "Plans": [{"Node Type": "Nested Loop", "Parent Relationship": "Outer", "Join Type": "Inner", "Startup Cost": 1.33, "Total Cost": 6499549.44, "Plan Rows": 711018, "Plan Width": 12, "Inner Unique": false, "Join Filter": "(ci.role_id = rt.id), (LLVM Optimized)", "Plans": [{"Node Type": "Seq Scan", "Parent Relationship": "Outer", "Relation Name": "role_type", "Alias": "rt", "Startup Cost": 0.0, "Total Cost": 1.15, "Plan Rows": 1, "Plan Width": 4, "Filter": "((role)::text = 'costume designer'::text)"}, {"Node Type": "Nested Loop", "Parent Relationship": "Inner", "Join Type": "Inner", "Startup Cost": 1.33, "Total Cost": 6401783.28, "Plan Rows": 7821201, "Plan Width": 16, "Inner Unique": false, "Plans": [{"Node Type": "Nested Loop", "Parent Relationship": "Outer", "Join Type": "Inner", "Startup Cost": 0.82, "Total Cost": 444829.84, "Plan Rows": 1282311, "Plan Width": 4, "Inner Unique": false, "Plans": [{"Node Type": "Seq Scan", "Parent Relationship": "Outer", "Relation Name": "company_name", "Alias": "cn", "Startup Cost": 0.0, "Total Cost": 5903.45, "Plan Rows": 85170, "Plan Width": 4, "Filter": "((country_code)::text = '[us]'::text)"}, {"Node Type": "Bitmap Heap Scan", "Parent Relationship": "Inner", "Relation Name": "movie_companies", "Alias": "mc", "Startup Cost": 0.82, "Total Cost": 5.0, "Plan Rows": 15, "Plan Width": 8, "Recheck Cond": "(company_id = cn.id)", "Plans": [{"Node Type": "Bitmap Index Scan", "Parent Relationship": "Outer", "Index Name": "company_id_movie_companies", "Startup Cost": 0.0, "Total Cost": 0.81, "Plan Rows": 15, "Plan Width": 0, "Index Cond": "(company_id = cn.id)"}]}]}, {"Node Type": "Bitmap Heap Scan", "Parent Relationship": "Inner", "Relation Name": "cast_info", "Alias": "ci", "Startup Cost": 0.51, "Total Cost": 4.59, "Plan Rows": 6, "Plan Width": 12, "Recheck Cond": "(movie_id = mc.movie_id)", "Plans": [{"Node Type": "Bitmap Index Scan", "Parent Relationship": "Outer", "Index Name": "movie_id_cast_info", "Startup Cost": 0.0, "Total Cost": 0.51, "Plan Rows": 6, "Plan Width": 0, "Index Cond": "(movie_id = mc.movie_id)"}]}]}]}, {"Node Type": "Bitmap Heap Scan", "Parent Relationship": "Inner", "Relation Name": "aka_name", "Alias": "an1", "Startup Cost": 0.26, "Total Cost": 4.27, "Plan Rows": 1, "Plan Width": 20, "Recheck Cond": "(person_id = ci.person_id)", "Plans": [{"Node Type": "Bitmap Index Scan", "Parent Relationship": "Outer", "Index Name": "person_id_aka_name", "Startup Cost": 0.0, "Total Cost": 0.26, "Plan Rows": 1, "Plan Width": 0, "Index Cond": "(person_id = ci.person_id)"}]}]}, {"Node Type": "Bitmap Heap Scan", "Parent Relationship": "Inner", "Relation Name": "title", "Alias": "t", "Startup Cost": 0.26, "Total Cost": 4.27, "Plan Rows": 1, "Plan Width": 21, "Recheck Cond": "(id = ci.movie_id)", "Plans": [{"Node Type": "Bitmap Index Scan", "Parent Relationship": "Outer", "Index Name": "title_pkey", "Startup Cost": 0.0, "Total Cost": 0.26, "Plan Rows": 1, "Plan Width": 0, "Index Cond": "(id = ci.movie_id)"}]}]}, {"Node Type": "Bitmap Heap Scan", "Parent Relationship": "Inner", "Relation Name": "name", "Alias": "n1", "Startup Cost": 0.26, "Total Cost": 4.27, "Plan Rows": 1, "Plan Width": 4, "Recheck Cond": "(id = ci.person_id)", "Plans": [{"Node Type": "Bitmap Index Scan", "Parent Relationship": "Outer", "Index Name": "name_pkey", "Startup Cost": 0.0, "Total Cost": 0.26, "Plan Rows": 1, "Plan Width": 0, "Index Cond": "(id = ci.person_id)"}]}]}]}, "Unique SQL Id": 2457761703, "Planner Runtime": 5}, "explain_analyze_plan": null}, "(1, '55')": {"explain_plan": {"Plan": {"Node Type": "Aggregate", "Strategy": "Plain", "Startup Cost": 1000069787565.86, "Total Cost": 1000069787565.87, "Plan Rows": 1, "Plan Width": 97, "Plans": [{"Node Type": "Nested Loop", "Parent Relationship": "Outer", "Join Type": "Inner", "Startup Cost": 10000000001.8, "Total Cost": 1000069785780.37, "Plan Rows": 357098, "Plan Width": 33, "Inner Unique": true, "Plans": [{"Node Type": "Nested Loop", "Parent Relationship": "Outer", "Join Type": "Inner", "Startup Cost": 10000000001.54, "Total Cost": 1000068255744.11, "Plan Rows": 357379, "Plan Width": 24, "Inner Unique": true, "Join Filter": "(an1.person_id = n1.id), (LLVM Optimized)", "Plans": [{"Node Type": "Nested Loop", "Parent Relationship": "Outer", "Join Type": "Inner", "Startup Cost": 10000000001.28, "Total Cost": 1000066724564.96, "Plan Rows": 357379, "Plan Width": 32, "Inner Unique": false, "Plans": [{"Node Type": "Nested Loop", "Parent Relationship": "Outer", "Join Type": "Inner", "Startup Cost": 10000000001.03, "Total Cost": 1000063680996.82, "Plan Rows": 711018, "Plan Width": 12, "Inner Unique": true, "Plans": [{"Node Type": "Nested Loop", "Parent Relationship": "Outer", "Join Type": "Inner", "Startup Cost": 10000000000.77, "Total Cost": 1000030184746.51, "Plan Rows": 7821201, "Plan Width": 16, "Inner Unique": false, "Plans": [{"Node Type": "Nested Loop", "Parent Relationship": "Outer", "Join Type": "Inner", "Startup Cost": 10000000000.26, "Total Cost": 1000024227793.07, "Plan Rows": 1282311, "Plan Width": 4, "Inner Unique": true, "Plans": [{"Node Type": "Index Scan", "Parent Relationship": "Outer", "Scan Direction": "Forward", "Index Name": "movie_id_movie_companies", "Relation Name": "movie_companies", "Alias": "mc", "Startup Cost": 10000000000.0, "Total Cost": 1000013051946.13, "Plan Rows": 2609128, "Plan Width": 8}, {"Node Type": "Bitmap Heap Scan", "Parent Relationship": "Inner", "Relation Name": "company_name", "Alias": "cn", "Startup Cost": 0.26, "Total Cost": 4.27, "Plan Rows": 1, "Plan Width": 4, "Recheck Cond": "(id = mc.company_id)", "Filter": "((country_code)::text = '[us]'::text)", "Plans": [{"Node Type": "Bitmap Index Scan", "Parent Relationship": "Outer", "Index Name": "company_name_pkey", "Startup Cost": 0.0, "Total Cost": 0.26, "Plan Rows": 1, "Plan Width": 0, "Index Cond": "(id = mc.company_id)"}]}]}, {"Node Type": "Bitmap Heap Scan", "Parent Relationship": "Inner", "Relation Name": "cast_info", "Alias": "ci", "Startup Cost": 0.51, "Total Cost": 4.59, "Plan Rows": 6, "Plan Width": 12, "Recheck Cond": "(movie_id = mc.movie_id)", "Plans": [{"Node Type": "Bitmap Index Scan", "Parent Relationship": "Outer", "Index Name": "movie_id_cast_info", "Startup Cost": 0.0, "Total Cost": 0.51, "Plan Rows": 6, "Plan Width": 0, "Index Cond": "(movie_id = mc.movie_id)"}]}]}, {"Node Type": "Bitmap Heap Scan", "Parent Relationship": "Inner", "Relation Name": "role_type", "Alias": "rt", "Startup Cost": 0.26, "Total Cost": 4.27, "Plan Rows": 1, "Plan Width": 4, "Recheck Cond": "(id = ci.role_id)", "Filter": "((role)::text = 'costume designer'::text)", "Plans": [{"Node Type": "Bitmap Index Scan", "Parent Relationship": "Outer", "Index Name": "role_type_pkey", "Startup Cost": 0.0, "Total Cost": 0.26, "Plan Rows": 1, "Plan Width": 0, "Index Cond": "(id = ci.role_id)"}]}]}, {"Node Type": "Bitmap Heap Scan", "Parent Relationship": "Inner", "Relation Name": "aka_name", "Alias": "an1", "Startup Cost": 0.26, "Total Cost": 4.27, "Plan Rows": 1, "Plan Width": 20, "Recheck Cond": "(person_id = ci.person_id)", "Plans": [{"Node Type": "Bitmap Index Scan", "Parent Relationship": "Outer", "Index Name": "person_id_aka_name", "Startup Cost": 0.0, "Total Cost": 0.26, "Plan Rows": 1, "Plan Width": 0, "Index Cond": "(person_id = ci.person_id)"}]}]}, {"Node Type": "Bitmap Heap Scan", "Parent Relationship": "Inner", "Relation Name": "name", "Alias": "n1", "Startup Cost": 0.26, "Total Cost": 4.27, "Plan Rows": 1, "Plan Width": 4, "Recheck Cond": "(id = ci.person_id)", "Plans": [{"Node Type": "Bitmap Index Scan", "Parent Relationship": "Outer", "Index Name": "name_pkey", "Startup Cost": 0.0, "Total Cost": 0.26, "Plan Rows": 1, "Plan Width": 0, "Index Cond": "(id = ci.person_id)"}]}]}, {"Node Type": "Bitmap Heap Scan", "Parent Relationship": "Inner", "Relation Name": "title", "Alias": "t", "Startup Cost": 0.26, "Total Cost": 4.27, "Plan Rows": 1, "Plan Width": 21, "Recheck Cond": "(id = ci.movie_id)", "Plans": [{"Node Type": "Bitmap Index Scan", "Parent Relationship": "Outer", "Index Name": "title_pkey", "Startup Cost": 0.0, "Total Cost": 0.26, "Plan Rows": 1, "Plan Width": 0, "Index Cond": "(id = ci.movie_id)"}]}]}]}, "Unique SQL Id": 2457761703, "Planner Runtime": 3}, "explain_analyze_plan": null}, "(1, '56')": {"explain_plan": {"Plan": {"Node Type": "Aggregate", "Strategy": "Plain", "Startup Cost": 1965944.02, "Total Cost": 1965944.03, "Plan Rows": 1, "Plan Width": 97, "Plans": [{"Node Type": "Nested Loop", "Parent Relationship": "Outer", "Join Type": "Inner", "Startup Cost": 0.0, "Total Cost": 1964158.53, "Plan Rows": 357098, "Plan Width": 33, "Inner Unique": true, "Join Filter": "(an1.person_id = n1.id), (LLVM Optimized)", "Plans": [{"Node Type": "Nested Loop", "Parent Relationship": "Outer", "Join Type": "Inner", "Startup Cost": 0.0, "Total Cost": 1862664.6, "Plan Rows": 357098, "Plan Width": 41, "Inner Unique": true, "Plans": [{"Node Type": "Nested Loop", "Parent Relationship": "Outer", "Join Type": "Inner", "Startup Cost": 0.0, "Total Cost": 1760862.26, "Plan Rows": 357379, "Plan Width": 32, "Inner Unique": false, "Plans": [{"Node Type": "Nested Loop", "Parent Relationship": "Outer", "Join Type": "Inner", "Startup Cost": 0.0, "Total Cost": 1560689.3, "Plan Rows": 711018, "Plan Width": 12, "Inner Unique": false, "Join Filter": "(ci.role_id = rt.id), (LLVM Optimized)", "Plans": [{"Node Type": "Seq Scan", "Parent Relationship": "Outer", "Relation Name": "role_type", "Alias": "rt", "Startup Cost": 0.0, "Total Cost": 1.15, "Plan Rows": 1, "Plan Width": 4, "Filter": "((role)::text = 'costume designer'::text)"}, {"Node Type": "Nested Loop", "Parent Relationship": "Inner", "Join Type": "Inner", "Startup Cost": 0.0, "Total Cost": 1462923.14, "Plan Rows": 7821201, "Plan Width": 16, "Inner Unique": false, "Plans": [{"Node Type": "Nested Loop", "Parent Relationship": "Outer", "Join Type": "Inner", "Startup Cost": 0.0, "Total Cost": 166734.45, "Plan Rows": 1282311, "Plan Width": 4, "Inner Unique": false, "Plans": [{"Node Type": "Seq Scan", "Parent Relationship": "Outer", "Relation Name": "company_name", "Alias": "cn", "Startup Cost": 0.0, "Total Cost": 5903.45, "Plan Rows": 85170, "Plan Width": 4, "Filter": "((country_code)::text = '[us]'::text)"}, {"Node Type": "Index Scan", "Parent Relationship": "Inner", "Scan Direction": "Forward", "Index Name": "company_id_movie_companies", "Relation Name": "movie_companies", "Alias": "mc", "Startup Cost": 0.0, "Total Cost": 1.74, "Plan Rows": 15, "Plan Width": 8, "Index Cond": "(company_id = cn.id)"}]}, {"Node Type": "Index Scan", "Parent Relationship": "Inner", "Scan Direction": "Forward", "Index Name": "movie_id_cast_info", "Relation Name": "cast_info", "Alias": "ci", "Startup Cost": 0.0, "Total Cost": 0.95, "Plan Rows": 6, "Plan Width": 12, "Index Cond": "(movie_id = mc.movie_id)"}]}]}, {"Node Type": "Index Scan", "Parent Relationship": "Inner", "Scan Direction": "Forward", "Index Name": "person_id_aka_name", "Relation Name": "aka_name", "Alias": "an1", "Startup Cost": 0.0, "Total Cost": 0.27, "Plan Rows": 1, "Plan Width": 20, "Index Cond": "(person_id = ci.person_id)"}]}, {"Node Type": "Index Scan", "Parent Relationship": "Inner", "Scan Direction": "Forward", "Index Name": "title_pkey", "Relation Name": "title", "Alias": "t", "Startup Cost": 0.0, "Total Cost": 0.27, "Plan Rows": 1, "Plan Width": 21, "Index Cond": "(id = ci.movie_id)"}]}, {"Node Type": "Index Only Scan", "Parent Relationship": "Inner", "Scan Direction": "Forward", "Index Name": "name_pkey", "Relation Name": "name", "Alias": "n1", "Startup Cost": 0.0, "Total Cost": 0.27, "Plan Rows": 1, "Plan Width": 4, "Index Cond": "(id = ci.person_id)"}]}]}, "Unique SQL Id": 2457761703, "Planner Runtime": 3}, "explain_analyze_plan": null}, "(1, '57')": {"explain_plan": {"Plan": {"Node Type": "Aggregate", "Strategy": "Plain", "Startup Cost": 1970553.27, "Total Cost": 1970553.28, "Plan Rows": 1, "Plan Width": 97, "Plans": [{"Node Type": "Nested Loop", "Parent Relationship": "Outer", "Join Type": "Inner", "Startup Cost": 0.0, "Total Cost": 1968767.78, "Plan Rows": 357098, "Plan Width": 33, "Inner Unique": true, "Join Filter": "(an1.person_id = n1.id), (LLVM Optimized)", "Plans": [{"Node Type": "Nested Loop", "Parent Relationship": "Outer", "Join Type": "Inner", "Startup Cost": 0.0, "Total Cost": 1867273.85, "Plan Rows": 357098, "Plan Width": 41, "Inner Unique": true, "Plans": [{"Node Type": "Nested Loop", "Parent Relationship": "Outer", "Join Type": "Inner", "Startup Cost": 0.0, "Total Cost": 1765471.51, "Plan Rows": 357379, "Plan Width": 32, "Inner Unique": false, "Plans": [{"Node Type": "Nested Loop", "Parent Relationship": "Outer", "Join Type": "Inner", "Startup Cost": 0.0, "Total Cost": 1565298.55, "Plan Rows": 711018, "Plan Width": 12, "Inner Unique": false, "Join Filter": "(ci.role_id = rt.id), (LLVM Optimized)", "Plans": [{"Node Type": "Index Scan", "Parent Relationship": "Outer", "Scan Direction": "Forward", "Index Name": "role_type_pkey", "Relation Name": "role_type", "Alias": "rt", "Startup Cost": 0.0, "Total Cost": 12.46, "Plan Rows": 1, "Plan Width": 4, "Filter": "((role)::text = 'costume designer'::text)"}, {"Node Type": "Nested Loop", "Parent Relationship": "Inner", "Join Type": "Inner", "Startup Cost": 0.0, "Total Cost": 1467521.08, "Plan Rows": 7821201, "Plan Width": 16, "Inner Unique": false, "Plans": [{"Node Type": "Nested Loop", "Parent Relationship": "Outer", "Join Type": "Inner", "Startup Cost": 0.0, "Total Cost": 171332.39, "Plan Rows": 1282311, "Plan Width": 4, "Inner Unique": false, "Plans": [{"Node Type": "Index Scan", "Parent Relationship": "Outer", "Scan Direction": "Forward", "Index Name": "company_name_pkey", "Relation Name": "company_name", "Alias": "cn", "Startup Cost": 0.0, "Total Cost": 10501.39, "Plan Rows": 85170, "Plan Width": 4, "Filter": "((country_code)::text = '[us]'::text)"}, {"Node Type": "Index Scan", "Parent Relationship": "Inner", "Scan Direction": "Forward", "Index Name": "company_id_movie_companies", "Relation Name": "movie_companies", "Alias": "mc", "Startup Cost": 0.0, "Total Cost": 1.74, "Plan Rows": 15, "Plan Width": 8, "Index Cond": "(company_id = cn.id)"}]}, {"Node Type": "Index Scan", "Parent Relationship": "Inner", "Scan Direction": "Forward", "Index Name": "movie_id_cast_info", "Relation Name": "cast_info", "Alias": "ci", "Startup Cost": 0.0, "Total Cost": 0.95, "Plan Rows": 6, "Plan Width": 12, "Index Cond": "(movie_id = mc.movie_id)"}]}]}, {"Node Type": "Index Scan", "Parent Relationship": "Inner", "Scan Direction": "Forward", "Index Name": "person_id_aka_name", "Relation Name": "aka_name", "Alias": "an1", "Startup Cost": 0.0, "Total Cost": 0.27, "Plan Rows": 1, "Plan Width": 20, "Index Cond": "(person_id = ci.person_id)"}]}, {"Node Type": "Index Scan", "Parent Relationship": "Inner", "Scan Direction": "Forward", "Index Name": "title_pkey", "Relation Name": "title", "Alias": "t", "Startup Cost": 0.0, "Total Cost": 0.27, "Plan Rows": 1, "Plan Width": 21, "Index Cond": "(id = ci.movie_id)"}]}, {"Node Type": "Index Only Scan", "Parent Relationship": "Inner", "Scan Direction": "Forward", "Index Name": "name_pkey", "Relation Name": "name", "Alias": "n1", "Startup Cost": 0.0, "Total Cost": 0.27, "Plan Rows": 1, "Plan Width": 4, "Index Cond": "(id = ci.person_id)"}]}]}, "Unique SQL Id": 2457761703, "Planner Runtime": 3}, "explain_analyze_plan": null}, "(1, '58')": {"explain_plan": {"Plan": {"Node Type": "Aggregate", "Strategy": "Plain", "Startup Cost": 112227718406.4, "Total Cost": 112227718406.41, "Plan Rows": 1, "Plan Width": 97, "Plans": [{"Node Type": "Nested Loop", "Parent Relationship": "Outer", "Join Type": "Inner", "Startup Cost": 0.0, "Total Cost": 112227716620.91, "Plan Rows": 357098, "Plan Width": 33, "Inner Unique": false, "Join Filter": "(an1.person_id = n1.id), (LLVM Optimized)", "Plans": [{"Node Type": "Seq Scan", "Parent Relationship": "Outer", "Relation Name": "name", "Alias": "n1", "Startup Cost": 0.0, "Total Cost": 93071.9, "Plan Rows": 4167490, "Plan Width": 4}, {"Node Type": "Materialize", "Parent Relationship": "Inner", "Startup Cost": 0.0, "Total Cost": 89904589281.46, "Plan Rows": 357098, "Plan Width": 41, "Plans": [{"Node Type": "Nested Loop", "Parent Relationship": "Outer", "Join Type": "Inner", "Startup Cost": 0.0, "Total Cost": 89904587495.97, "Plan Rows": 357098, "Plan Width": 41, "Inner Unique": false, "Join Filter": "(ci.movie_id = t.id), (LLVM Optimized)", "Plans": [{"Node Type": "Seq Scan", "Parent Relationship": "Outer", "Relation Name": "title", "Alias": "t", "Startup Cost": 0.0, "Total Cost": 60069.11, "Plan Rows": 2528311, "Plan Width": 21}, {"Node Type": "Materialize", "Parent Relationship": "Inner", "Startup Cost": 0.0, "Total Cost": 76351049467.27, "Plan Rows": 357379, "Plan Width": 32, "Plans": [{"Node Type": "Nested Loop", "Parent Relationship": "Outer", "Join Type": "Inner", "Startup Cost": 0.0, "Total Cost": 76351047680.37, "Plan Rows": 357379, "Plan Width": 32, "Inner Unique": false, "Join Filter": "(ci.person_id = an1.person_id), (LLVM Optimized)", "Plans": [{"Node Type": "Seq Scan", "Parent Relationship": "Outer", "Relation Name": "aka_name", "Alias": "an1", "Startup Cost": 0.0, "Total Cost": 19908.42, "Plan Rows": 901342, "Plan Width": 20}, {"Node Type": "Materialize", "Parent Relationship": "Inner", "Startup Cost": 0.0, "Total Cost": 66737973757.16, "Plan Rows": 711018, "Plan Width": 12, "Plans": [{"Node Type": "Nested Loop", "Parent Relationship": "Outer", "Join Type": "Inner", "Startup Cost": 0.0, "Total Cost": 66737970202.07, "Plan Rows": 711018, "Plan Width": 12, "Inner Unique": false, "Join Filter": "(ci.movie_id = mc.movie_id), (LLVM Optimized)", "Plans": [{"Node Type": "Nested Loop", "Parent Relationship": "Outer", "Join Type": "Inner", "Startup Cost": 0.0, "Total Cost": 1055122.77, "Plan Rows": 3296318, "Plan Width": 8, "Inner Unique": false, "Join Filter": "(ci.role_id = rt.id), (LLVM Optimized)", "Plans": [{"Node Type": "Seq Scan", "Parent Relationship": "Outer", "Relation Name": "role_type", "Alias": "rt", "Startup Cost": 0.0, "Total Cost": 1.15, "Plan Rows": 1, "Plan Width": 4, "Filter": "((role)::text = 'costume designer'::text)"}, {"Node Type": "Seq Scan", "Parent Relationship": "Inner", "Relation Name": "cast_info", "Alias": "ci", "Startup Cost": 0.0, "Total Cost": 601877.94, "Plan Rows": 36259494, "Plan Width": 12}]}, {"Node Type": "Materialize", "Parent Relationship": "Inner", "Startup Cost": 0.0, "Total Cost": 3333345821.61, "Plan Rows": 1282311, "Plan Width": 4, "Plans": [{"Node Type": "Nested Loop", "Parent Relationship": "Outer", "Join Type": "Inner", "Startup Cost": 0.0, "Total Cost": 3333339410.06, "Plan Rows": 1282311, "Plan Width": 4, "Inner Unique": true, "Join Filter": "(cn.id = mc.company_id), (LLVM Optimized)", "Plans": [{"Node Type": "Seq Scan", "Parent Relationship": "Outer", "Relation Name": "movie_companies", "Alias": "mc", "Startup Cost": 0.0, "Total Cost": 41817.28, "Plan Rows": 2609128, "Plan Width": 8}, {"Node Type": "Materialize", "Parent Relationship": "Inner", "Startup Cost": 0.0, "Total Cost": 6329.3, "Plan Rows": 85170, "Plan Width": 4, "Plans": [{"Node Type": "Seq Scan", "Parent Relationship": "Outer", "Relation Name": "company_name", "Alias": "cn", "Startup Cost": 0.0, "Total Cost": 5903.45, "Plan Rows": 85170, "Plan Width": 4, "Filter": "((country_code)::text = '[us]'::text)"}]}]}]}]}]}]}]}]}]}]}]}, "Unique SQL Id": 2457761703, "Planner Runtime": 3}, "explain_analyze_plan": null}, "(1, '59')": {"explain_plan": {"Plan": {"Node Type": "Aggregate", "Strategy": "Plain", "Startup Cost": 7112442136285.67, "Total Cost": 7112442136285.68, "Plan Rows": 1, "Plan Width": 97, "Plans": [{"Node Type": "Nested Loop", "Parent Relationship": "Outer", "Join Type": "Inner", "Startup Cost": 70000000000.0, "Total Cost": 7112442134500.18, "Plan Rows": 357098, "Plan Width": 33, "Inner Unique": false, "Join Filter": "(an1.person_id = n1.id), (LLVM Optimized)", "Plans": [{"Node Type": "Index Only Scan", "Parent Relationship": "Outer", "Scan Direction": "Forward", "Index Name": "name_pkey", "Relation Name": "name", "Alias": "n1", "Startup Cost": 10000000000.0, "Total Cost": 1000012483260.0, "Plan Rows": 4167490, "Plan Width": 4}, {"Node Type": "Materialize", "Parent Relationship": "Inner", "Startup Cost": 60000000000.0, "Total Cost": 6090106616972.63, "Plan Rows": 357098, "Plan Width": 41, "Plans": [{"Node Type": "Nested Loop", "Parent Relationship": "Outer", "Join Type": "Inner", "Startup Cost": 60000000000.0, "Total Cost": 6090106615187.14, "Plan Rows": 357098, "Plan Width": 41, "Inner Unique": true, "Join Filter": "(ci.movie_id = t.id), (LLVM Optimized)", "Plans": [{"Node Type": "Nested Loop", "Parent Relationship": "Outer", "Join Type": "Inner", "Startup Cost": 50000000000.0, "Total Cost": 5076542117964.41, "Plan Rows": 357379, "Plan Width": 32, "Inner Unique": false, "Join Filter": "(ci.person_id = an1.person_id), (LLVM Optimized)", "Plans": [{"Node Type": "Nested Loop", "Parent Relationship": "Outer", "Join Type": "Inner", "Startup Cost": 40000000000.0, "Total Cost": 4066922163415.29, "Plan Rows": 711018, "Plan Width": 12, "Inner Unique": false, "Join Filter": "(ci.movie_id = mc.movie_id), (LLVM Optimized)", "Plans": [{"Node Type": "Nested Loop", "Parent Relationship": "Outer", "Join Type": "Inner", "Startup Cost": 20000000000.0, "Total Cost": 2000171193971.62, "Plan Rows": 3296318, "Plan Width": 8, "Inner Unique": true, "Join Filter": "(ci.role_id = rt.id), (LLVM Optimized)", "Plans": [{"Node Type": "Index Scan", "Parent Relationship": "Outer", "Scan Direction": "Forward", "Index Name": "person_id_cast_info", "Relation Name": "cast_info", "Alias": "ci", "Startup Cost": 10000000000.0, "Total Cost": 1000170648833.21, "Plan Rows": 36259494, "Plan Width": 12}, {"Node Type": "Materialize", "Parent Relationship": "Inner", "Startup Cost": 10000000000.0, "Total Cost": 1000000001246.0, "Plan Rows": 1, "Plan Width": 4, "Plans": [{"Node Type": "Index Scan", "Parent Relationship": "Outer", "Scan Direction": "Forward", "Index Name": "role_type_pkey", "Relation Name": "role_type", "Alias": "rt", "Startup Cost": 10000000000.0, "Total Cost": 1000000001246.0, "Plan Rows": 1, "Plan Width": 4, "Filter": "((role)::text = 'costume designer'::text)"}]}]}, {"Node Type": "Materialize", "Parent Relationship": "Inner", "Startup Cost": 20000000000.0, "Total Cost": 2003347400185.98, "Plan Rows": 1282311, "Plan Width": 4, "Plans": [{"Node Type": "Nested Loop", "Parent Relationship": "Outer", "Join Type": "Inner", "Startup Cost": 20000000000.0, "Total Cost": 2003347393774.42, "Plan Rows": 1282311, "Plan Width": 4, "Inner Unique": true, "Join Filter": "(cn.id = mc.company_id), (LLVM Optimized)", "Plans": [{"Node Type": "Index Scan", "Parent Relationship": "Outer", "Scan Direction": "Forward", "Index Name": "movie_id_movie_companies", "Relation Name": "movie_companies", "Alias": "mc", "Startup Cost": 10000000000.0, "Total Cost": 1000013051946.13, "Plan Rows": 2609128, "Plan Width": 8}, {"Node Type": "Materialize", "Parent Relationship": "Inner", "Startup Cost": 10000000000.0, "Total Cost": 1000001050564.82, "Plan Rows": 85170, "Plan Width": 4, "Plans": [{"Node Type": "Index Scan", "Parent Relationship": "Outer", "Scan Direction": "Forward", "Index Name": "company_name_pkey", "Relation Name": "company_name", "Alias": "cn", "Startup Cost": 10000000000.0, "Total Cost": 1000001050138.97, "Plan Rows": 85170, "Plan Width": 4, "Filter": "((country_code)::text = '[us]'::text)"}]}]}]}]}, {"Node Type": "Materialize", "Parent Relationship": "Inner", "Startup Cost": 10000000000.0, "Total Cost": 1000006901010.14, "Plan Rows": 901342, "Plan Width": 20, "Plans": [{"Node Type": "Index Scan", "Parent Relationship": "Outer", "Scan Direction": "Forward", "Index Name": "person_id_aka_name", "Relation Name": "aka_name", "Alias": "an1", "Startup Cost": 10000000000.0, "Total Cost": 1000006896503.43, "Plan Rows": 901342, "Plan Width": 20}]}]}, {"Node Type": "Materialize", "Parent Relationship": "Inner", "Startup Cost": 10000000000.0, "Total Cost": 1000011024690.47, "Plan Rows": 2528311, "Plan Width": 21, "Plans": [{"Node Type": "Index Scan", "Parent Relationship": "Outer", "Scan Direction": "Forward", "Index Name": "title_pkey", "Relation Name": "title", "Alias": "t", "Startup Cost": 10000000000.0, "Total Cost": 1000011012048.91, "Plan Rows": 2528311, "Plan Width": 21}]}]}]}]}]}, "Unique SQL Id": 2457761703, "Planner Runtime": 3}, "explain_analyze_plan": null}, "(1, '60')": {"explain_plan": {"Plan": {"Node Type": "Aggregate", "Strategy": "Plain", "Startup Cost": 1967968.74, "Total Cost": 1967968.75, "Plan Rows": 1, "Plan Width": 97, "Plans": [{"Node Type": "Nested Loop", "Parent Relationship": "Outer", "Join Type": "Inner", "Startup Cost": 0.0, "Total Cost": 1966183.25, "Plan Rows": 357098, "Plan Width": 33, "Inner Unique": true, "Join Filter": "(an1.person_id = n1.id), (LLVM Optimized)", "Plans": [{"Node Type": "Nested Loop", "Parent Relationship": "Outer", "Join Type": "Inner", "Startup Cost": 0.0, "Total Cost": 1862664.6, "Plan Rows": 357098, "Plan Width": 41, "Inner Unique": true, "Plans": [{"Node Type": "Nested Loop", "Parent Relationship": "Outer", "Join Type": "Inner", "Startup Cost": 0.0, "Total Cost": 1760862.26, "Plan Rows": 357379, "Plan Width": 32, "Inner Unique": false, "Plans": [{"Node Type": "Nested Loop", "Parent Relationship": "Outer", "Join Type": "Inner", "Startup Cost": 0.0, "Total Cost": 1560689.3, "Plan Rows": 711018, "Plan Width": 12, "Inner Unique": false, "Join Filter": "(ci.role_id = rt.id), (LLVM Optimized)", "Plans": [{"Node Type": "Seq Scan", "Parent Relationship": "Outer", "Relation Name": "role_type", "Alias": "rt", "Startup Cost": 0.0, "Total Cost": 1.15, "Plan Rows": 1, "Plan Width": 4, "Filter": "((role)::text = 'costume designer'::text)"}, {"Node Type": "Nested Loop", "Parent Relationship": "Inner", "Join Type": "Inner", "Startup Cost": 0.0, "Total Cost": 1462923.14, "Plan Rows": 7821201, "Plan Width": 16, "Inner Unique": false, "Plans": [{"Node Type": "Nested Loop", "Parent Relationship": "Outer", "Join Type": "Inner", "Startup Cost": 0.0, "Total Cost": 166734.45, "Plan Rows": 1282311, "Plan Width": 4, "Inner Unique": false, "Plans": [{"Node Type": "Seq Scan", "Parent Relationship": "Outer", "Relation Name": "company_name", "Alias": "cn", "Startup Cost": 0.0, "Total Cost": 5903.45, "Plan Rows": 85170, "Plan Width": 4, "Filter": "((country_code)::text = '[us]'::text)"}, {"Node Type": "Index Scan", "Parent Relationship": "Inner", "Scan Direction": "Forward", "Index Name": "company_id_movie_companies", "Relation Name": "movie_companies", "Alias": "mc", "Startup Cost": 0.0, "Total Cost": 1.74, "Plan Rows": 15, "Plan Width": 8, "Index Cond": "(company_id = cn.id)"}]}, {"Node Type": "Index Scan", "Parent Relationship": "Inner", "Scan Direction": "Forward", "Index Name": "movie_id_cast_info", "Relation Name": "cast_info", "Alias": "ci", "Startup Cost": 0.0, "Total Cost": 0.95, "Plan Rows": 6, "Plan Width": 12, "Index Cond": "(movie_id = mc.movie_id)"}]}]}, {"Node Type": "Index Scan", "Parent Relationship": "Inner", "Scan Direction": "Forward", "Index Name": "person_id_aka_name", "Relation Name": "aka_name", "Alias": "an1", "Startup Cost": 0.0, "Total Cost": 0.27, "Plan Rows": 1, "Plan Width": 20, "Index Cond": "(person_id = ci.person_id)"}]}, {"Node Type": "Index Scan", "Parent Relationship": "Inner", "Scan Direction": "Forward", "Index Name": "title_pkey", "Relation Name": "title", "Alias": "t", "Startup Cost": 0.0, "Total Cost": 0.27, "Plan Rows": 1, "Plan Width": 21, "Index Cond": "(id = ci.movie_id)"}]}, {"Node Type": "Index Scan", "Parent Relationship": "Inner", "Scan Direction": "Forward", "Index Name": "name_pkey", "Relation Name": "name", "Alias": "n1", "Startup Cost": 0.0, "Total Cost": 0.28, "Plan Rows": 1, "Plan Width": 4, "Index Cond": "(id = ci.person_id)"}]}]}, "Unique SQL Id": 2457761703, "Planner Runtime": 4}, "explain_analyze_plan": null}, "(1, '61')": {"explain_plan": {"Plan": {"Node Type": "Aggregate", "Strategy": "Plain", "Startup Cost": 1972577.99, "Total Cost": 1972578.0, "Plan Rows": 1, "Plan Width": 97, "Plans": [{"Node Type": "Nested Loop", "Parent Relationship": "Outer", "Join Type": "Inner", "Startup Cost": 0.0, "Total Cost": 1970792.5, "Plan Rows": 357098, "Plan Width": 33, "Inner Unique": true, "Join Filter": "(an1.person_id = n1.id), (LLVM Optimized)", "Plans": [{"Node Type": "Nested Loop", "Parent Relationship": "Outer", "Join Type": "Inner", "Startup Cost": 0.0, "Total Cost": 1867273.85, "Plan Rows": 357098, "Plan Width": 41, "Inner Unique": true, "Plans": [{"Node Type": "Nested Loop", "Parent Relationship": "Outer", "Join Type": "Inner", "Startup Cost": 0.0, "Total Cost": 1765471.51, "Plan Rows": 357379, "Plan Width": 32, "Inner Unique": false, "Plans": [{"Node Type": "Nested Loop", "Parent Relationship": "Outer", "Join Type": "Inner", "Startup Cost": 0.0, "Total Cost": 1565298.55, "Plan Rows": 711018, "Plan Width": 12, "Inner Unique": false, "Join Filter": "(ci.role_id = rt.id), (LLVM Optimized)", "Plans": [{"Node Type": "Index Scan", "Parent Relationship": "Outer", "Scan Direction": "Forward", "Index Name": "role_type_pkey", "Relation Name": "role_type", "Alias": "rt", "Startup Cost": 0.0, "Total Cost": 12.46, "Plan Rows": 1, "Plan Width": 4, "Filter": "((role)::text = 'costume designer'::text)"}, {"Node Type": "Nested Loop", "Parent Relationship": "Inner", "Join Type": "Inner", "Startup Cost": 0.0, "Total Cost": 1467521.08, "Plan Rows": 7821201, "Plan Width": 16, "Inner Unique": false, "Plans": [{"Node Type": "Nested Loop", "Parent Relationship": "Outer", "Join Type": "Inner", "Startup Cost": 0.0, "Total Cost": 171332.39, "Plan Rows": 1282311, "Plan Width": 4, "Inner Unique": false, "Plans": [{"Node Type": "Index Scan", "Parent Relationship": "Outer", "Scan Direction": "Forward", "Index Name": "company_name_pkey", "Relation Name": "company_name", "Alias": "cn", "Startup Cost": 0.0, "Total Cost": 10501.39, "Plan Rows": 85170, "Plan Width": 4, "Filter": "((country_code)::text = '[us]'::text)"}, {"Node Type": "Index Scan", "Parent Relationship": "Inner", "Scan Direction": "Forward", "Index Name": "company_id_movie_companies", "Relation Name": "movie_companies", "Alias": "mc", "Startup Cost": 0.0, "Total Cost": 1.74, "Plan Rows": 15, "Plan Width": 8, "Index Cond": "(company_id = cn.id)"}]}, {"Node Type": "Index Scan", "Parent Relationship": "Inner", "Scan Direction": "Forward", "Index Name": "movie_id_cast_info", "Relation Name": "cast_info", "Alias": "ci", "Startup Cost": 0.0, "Total Cost": 0.95, "Plan Rows": 6, "Plan Width": 12, "Index Cond": "(movie_id = mc.movie_id)"}]}]}, {"Node Type": "Index Scan", "Parent Relationship": "Inner", "Scan Direction": "Forward", "Index Name": "person_id_aka_name", "Relation Name": "aka_name", "Alias": "an1", "Startup Cost": 0.0, "Total Cost": 0.27, "Plan Rows": 1, "Plan Width": 20, "Index Cond": "(person_id = ci.person_id)"}]}, {"Node Type": "Index Scan", "Parent Relationship": "Inner", "Scan Direction": "Forward", "Index Name": "title_pkey", "Relation Name": "title", "Alias": "t", "Startup Cost": 0.0, "Total Cost": 0.27, "Plan Rows": 1, "Plan Width": 21, "Index Cond": "(id = ci.movie_id)"}]}, {"Node Type": "Index Scan", "Parent Relationship": "Inner", "Scan Direction": "Forward", "Index Name": "name_pkey", "Relation Name": "name", "Alias": "n1", "Startup Cost": 0.0, "Total Cost": 0.28, "Plan Rows": 1, "Plan Width": 4, "Index Cond": "(id = ci.person_id)"}]}]}, "Unique SQL Id": 2457761703, "Planner Runtime": 3}, "explain_analyze_plan": null}, "(1, '62')": {"explain_plan": {"Plan": {"Node Type": "Aggregate", "Strategy": "Plain", "Startup Cost": 112227718406.4, "Total Cost": 112227718406.41, "Plan Rows": 1, "Plan Width": 97, "Plans": [{"Node Type": "Nested Loop", "Parent Relationship": "Outer", "Join Type": "Inner", "Startup Cost": 0.0, "Total Cost": 112227716620.91, "Plan Rows": 357098, "Plan Width": 33, "Inner Unique": false, "Join Filter": "(an1.person_id = n1.id), (LLVM Optimized)", "Plans": [{"Node Type": "Seq Scan", "Parent Relationship": "Outer", "Relation Name": "name", "Alias": "n1", "Startup Cost": 0.0, "Total Cost": 93071.9, "Plan Rows": 4167490, "Plan Width": 4}, {"Node Type": "Materialize", "Parent Relationship": "Inner", "Startup Cost": 0.0, "Total Cost": 89904589281.46, "Plan Rows": 357098, "Plan Width": 41, "Plans": [{"Node Type": "Nested Loop", "Parent Relationship": "Outer", "Join Type": "Inner", "Startup Cost": 0.0, "Total Cost": 89904587495.97, "Plan Rows": 357098, "Plan Width": 41, "Inner Unique": false, "Join Filter": "(ci.movie_id = t.id), (LLVM Optimized)", "Plans": [{"Node Type": "Seq Scan", "Parent Relationship": "Outer", "Relation Name": "title", "Alias": "t", "Startup Cost": 0.0, "Total Cost": 60069.11, "Plan Rows": 2528311, "Plan Width": 21}, {"Node Type": "Materialize", "Parent Relationship": "Inner", "Startup Cost": 0.0, "Total Cost": 76351049467.27, "Plan Rows": 357379, "Plan Width": 32, "Plans": [{"Node Type": "Nested Loop", "Parent Relationship": "Outer", "Join Type": "Inner", "Startup Cost": 0.0, "Total Cost": 76351047680.37, "Plan Rows": 357379, "Plan Width": 32, "Inner Unique": false, "Join Filter": "(ci.person_id = an1.person_id), (LLVM Optimized)", "Plans": [{"Node Type": "Seq Scan", "Parent Relationship": "Outer", "Relation Name": "aka_name", "Alias": "an1", "Startup Cost": 0.0, "Total Cost": 19908.42, "Plan Rows": 901342, "Plan Width": 20}, {"Node Type": "Materialize", "Parent Relationship": "Inner", "Startup Cost": 0.0, "Total Cost": 66737973757.16, "Plan Rows": 711018, "Plan Width": 12, "Plans": [{"Node Type": "Nested Loop", "Parent Relationship": "Outer", "Join Type": "Inner", "Startup Cost": 0.0, "Total Cost": 66737970202.07, "Plan Rows": 711018, "Plan Width": 12, "Inner Unique": false, "Join Filter": "(ci.movie_id = mc.movie_id), (LLVM Optimized)", "Plans": [{"Node Type": "Nested Loop", "Parent Relationship": "Outer", "Join Type": "Inner", "Startup Cost": 0.0, "Total Cost": 1055122.77, "Plan Rows": 3296318, "Plan Width": 8, "Inner Unique": false, "Join Filter": "(ci.role_id = rt.id), (LLVM Optimized)", "Plans": [{"Node Type": "Seq Scan", "Parent Relationship": "Outer", "Relation Name": "role_type", "Alias": "rt", "Startup Cost": 0.0, "Total Cost": 1.15, "Plan Rows": 1, "Plan Width": 4, "Filter": "((role)::text = 'costume designer'::text)"}, {"Node Type": "Seq Scan", "Parent Relationship": "Inner", "Relation Name": "cast_info", "Alias": "ci", "Startup Cost": 0.0, "Total Cost": 601877.94, "Plan Rows": 36259494, "Plan Width": 12}]}, {"Node Type": "Materialize", "Parent Relationship": "Inner", "Startup Cost": 0.0, "Total Cost": 3333345821.61, "Plan Rows": 1282311, "Plan Width": 4, "Plans": [{"Node Type": "Nested Loop", "Parent Relationship": "Outer", "Join Type": "Inner", "Startup Cost": 0.0, "Total Cost": 3333339410.06, "Plan Rows": 1282311, "Plan Width": 4, "Inner Unique": true, "Join Filter": "(cn.id = mc.company_id), (LLVM Optimized)", "Plans": [{"Node Type": "Seq Scan", "Parent Relationship": "Outer", "Relation Name": "movie_companies", "Alias": "mc", "Startup Cost": 0.0, "Total Cost": 41817.28, "Plan Rows": 2609128, "Plan Width": 8}, {"Node Type": "Materialize", "Parent Relationship": "Inner", "Startup Cost": 0.0, "Total Cost": 6329.3, "Plan Rows": 85170, "Plan Width": 4, "Plans": [{"Node Type": "Seq Scan", "Parent Relationship": "Outer", "Relation Name": "company_name", "Alias": "cn", "Startup Cost": 0.0, "Total Cost": 5903.45, "Plan Rows": 85170, "Plan Width": 4, "Filter": "((country_code)::text = '[us]'::text)"}]}]}]}]}]}]}]}]}]}]}]}, "Unique SQL Id": 2457761703, "Planner Runtime": 3}, "explain_analyze_plan": null}, "(1, '63')": {"explain_plan": {"Plan": {"Node Type": "Aggregate", "Strategy": "Plain", "Startup Cost": 7112447276300.38, "Total Cost": 7112447276300.39, "Plan Rows": 1, "Plan Width": 97, "Plans": [{"Node Type": "Nested Loop", "Parent Relationship": "Outer", "Join Type": "Inner", "Startup Cost": 70000000000.0, "Total Cost": 7112447274514.89, "Plan Rows": 357098, "Plan Width": 33, "Inner Unique": false, "Join Filter": "(an1.person_id = n1.id), (LLVM Optimized)", "Plans": [{"Node Type": "Index Scan", "Parent Relationship": "Outer", "Scan Direction": "Forward", "Index Name": "name_pkey", "Relation Name": "name", "Alias": "n1", "Startup Cost": 10000000000.0, "Total Cost": 1000017623274.7, "Plan Rows": 4167490, "Plan Width": 4}, {"Node Type": "Materialize", "Parent Relationship": "Inner", "Startup Cost": 60000000000.0, "Total Cost": 6090106616972.63, "Plan Rows": 357098, "Plan Width": 41, "Plans": [{"Node Type": "Nested Loop", "Parent Relationship": "Outer", "Join Type": "Inner", "Startup Cost": 60000000000.0, "Total Cost": 6090106615187.14, "Plan Rows": 357098, "Plan Width": 41, "Inner Unique": true, "Join Filter": "(ci.movie_id = t.id), (LLVM Optimized)", "Plans": [{"Node Type": "Nested Loop", "Parent Relationship": "Outer", "Join Type": "Inner", "Startup Cost": 50000000000.0, "Total Cost": 5076542117964.41, "Plan Rows": 357379, "Plan Width": 32, "Inner Unique": false, "Join Filter": "(ci.person_id = an1.person_id), (LLVM Optimized)", "Plans": [{"Node Type": "Nested Loop", "Parent Relationship": "Outer", "Join Type": "Inner", "Startup Cost": 40000000000.0, "Total Cost": 4066922163415.29, "Plan Rows": 711018, "Plan Width": 12, "Inner Unique": false, "Join Filter": "(ci.movie_id = mc.movie_id), (LLVM Optimized)", "Plans": [{"Node Type": "Nested Loop", "Parent Relationship": "Outer", "Join Type": "Inner", "Startup Cost": 20000000000.0, "Total Cost": 2000171193971.62, "Plan Rows": 3296318, "Plan Width": 8, "Inner Unique": true, "Join Filter": "(ci.role_id = rt.id), (LLVM Optimized)", "Plans": [{"Node Type": "Index Scan", "Parent Relationship": "Outer", "Scan Direction": "Forward", "Index Name": "person_id_cast_info", "Relation Name": "cast_info", "Alias": "ci", "Startup Cost": 10000000000.0, "Total Cost": 1000170648833.21, "Plan Rows": 36259494, "Plan Width": 12}, {"Node Type": "Materialize", "Parent Relationship": "Inner", "Startup Cost": 10000000000.0, "Total Cost": 1000000001246.0, "Plan Rows": 1, "Plan Width": 4, "Plans": [{"Node Type": "Index Scan", "Parent Relationship": "Outer", "Scan Direction": "Forward", "Index Name": "role_type_pkey", "Relation Name": "role_type", "Alias": "rt", "Startup Cost": 10000000000.0, "Total Cost": 1000000001246.0, "Plan Rows": 1, "Plan Width": 4, "Filter": "((role)::text = 'costume designer'::text)"}]}]}, {"Node Type": "Materialize", "Parent Relationship": "Inner", "Startup Cost": 20000000000.0, "Total Cost": 2003347400185.98, "Plan Rows": 1282311, "Plan Width": 4, "Plans": [{"Node Type": "Nested Loop", "Parent Relationship": "Outer", "Join Type": "Inner", "Startup Cost": 20000000000.0, "Total Cost": 2003347393774.42, "Plan Rows": 1282311, "Plan Width": 4, "Inner Unique": true, "Join Filter": "(cn.id = mc.company_id), (LLVM Optimized)", "Plans": [{"Node Type": "Index Scan", "Parent Relationship": "Outer", "Scan Direction": "Forward", "Index Name": "movie_id_movie_companies", "Relation Name": "movie_companies", "Alias": "mc", "Startup Cost": 10000000000.0, "Total Cost": 1000013051946.13, "Plan Rows": 2609128, "Plan Width": 8}, {"Node Type": "Materialize", "Parent Relationship": "Inner", "Startup Cost": 10000000000.0, "Total Cost": 1000001050564.82, "Plan Rows": 85170, "Plan Width": 4, "Plans": [{"Node Type": "Index Scan", "Parent Relationship": "Outer", "Scan Direction": "Forward", "Index Name": "company_name_pkey", "Relation Name": "company_name", "Alias": "cn", "Startup Cost": 10000000000.0, "Total Cost": 1000001050138.97, "Plan Rows": 85170, "Plan Width": 4, "Filter": "((country_code)::text = '[us]'::text)"}]}]}]}]}, {"Node Type": "Materialize", "Parent Relationship": "Inner", "Startup Cost": 10000000000.0, "Total Cost": 1000006901010.14, "Plan Rows": 901342, "Plan Width": 20, "Plans": [{"Node Type": "Index Scan", "Parent Relationship": "Outer", "Scan Direction": "Forward", "Index Name": "person_id_aka_name", "Relation Name": "aka_name", "Alias": "an1", "Startup Cost": 10000000000.0, "Total Cost": 1000006896503.43, "Plan Rows": 901342, "Plan Width": 20}]}]}, {"Node Type": "Materialize", "Parent Relationship": "Inner", "Startup Cost": 10000000000.0, "Total Cost": 1000011024690.47, "Plan Rows": 2528311, "Plan Width": 21, "Plans": [{"Node Type": "Index Scan", "Parent Relationship": "Outer", "Scan Direction": "Forward", "Index Name": "title_pkey", "Relation Name": "title", "Alias": "t", "Startup Cost": 10000000000.0, "Total Cost": 1000011012048.91, "Plan Rows": 2528311, "Plan Width": 21}]}]}]}]}]}, "Unique SQL Id": 2457761703, "Planner Runtime": 3}, "explain_analyze_plan": null}, "(1, '64')": {"explain_plan": {"Plan": {"Node Type": "Aggregate", "Strategy": "Plain", "Startup Cost": 589695.38, "Total Cost": 589695.39, "Plan Rows": 1, "Plan Width": 97, "Plans": [{"Node Type": "Hash Join", "Parent Relationship": "Outer", "Join Type": "Inner", "Startup Cost": 561014.71, "Total Cost": 587909.89, "Plan Rows": 357098, "Plan Width": 33, "Inner Unique": false, "Hash Cond": "(an1.person_id = n1.id), (LLVM Optimized)", "Plans": [{"Node Type": "Seq Scan", "Parent Relationship": "Outer", "Relation Name": "aka_name", "Alias": "an1", "Startup Cost": 0.0, "Total Cost": 19908.42, "Plan Rows": 901342, "Plan Width": 20}, {"Node Type": "Hash", "Parent Relationship": "Inner", "Startup Cost": 552133.97, "Total Cost": 552133.97, "Plan Rows": 710459, "Plan Width": 25, "Plans": [{"Node Type": "Hash Join", "Parent Relationship": "Outer", "Join Type": "Inner", "Startup Cost": 341891.88, "Total Cost": 552133.97, "Plan Rows": 710459, "Plan Width": 25, "Inner Unique": true, "Hash Cond": "(ci.person_id = n1.id), (LLVM Optimized)", "Plans": [{"Node Type": "Hash Join", "Parent Relationship": "Outer", "Join Type": "Inner", "Startup Cost": 196726.36, "Total Cost": 397199.64, "Plan Rows": 710459, "Plan Width": 21, "Inner Unique": false, "Hash Cond": "(ci.movie_id = t.id), (LLVM Optimized)", "Plans": [{"Node Type": "Nested Loop", "Parent Relationship": "Outer", "Join Type": "Inner", "Startup Cost": 0.0, "Total Cost": 171406.94, "Plan Rows": 3296318, "Plan Width": 8, "Inner Unique": false, "Plans": [{"Node Type": "Seq Scan", "Parent Relationship": "Outer", "Relation Name": "role_type", "Alias": "rt", "Startup Cost": 0.0, "Total Cost": 1.15, "Plan Rows": 1, "Plan Width": 4, "Filter": "((role)::text = 'costume designer'::text)"}, {"Node Type": "Index Scan", "Parent Relationship": "Inner", "Scan Direction": "Forward", "Index Name": "role_id_cast_info", "Relation Name": "cast_info", "Alias": "ci", "Startup Cost": 0.0, "Total Cost": 138442.61, "Plan Rows": 3296318, "Plan Width": 12, "Index Cond": "(role_id = rt.id), (LLVM Optimized)"}]}, {"Node Type": "Hash", "Parent Relationship": "Inner", "Startup Cost": 180697.47, "Total Cost": 180697.47, "Plan Rows": 1282311, "Plan Width": 25, "Plans": [{"Node Type": "Hash Join", "Parent Relationship": "Outer", "Join Type": "Inner", "Startup Cost": 98641.07, "Total Cost": 180697.47, "Plan Rows": 1282311, "Plan Width": 25, "Inner Unique": true, "Hash Cond": "(mc.movie_id = t.id), (LLVM Optimized)", "Plans": [{"Node Type": "Hash Join", "Parent Relationship": "Outer", "Join Type": "Inner", "Startup Cost": 6968.08, "Total Cost": 71392.69, "Plan Rows": 1282311, "Plan Width": 4, "Inner Unique": true, "Hash Cond": "(mc.company_id = cn.id), (LLVM Optimized)", "Plans": [{"Node Type": "Seq Scan", "Parent Relationship": "Outer", "Relation Name": "movie_companies", "Alias": "mc", "Startup Cost": 0.0, "Total Cost": 41817.28, "Plan Rows": 2609128, "Plan Width": 8}, {"Node Type": "Hash", "Parent Relationship": "Inner", "Startup Cost": 5903.45, "Total Cost": 5903.45, "Plan Rows": 85170, "Plan Width": 4, "Plans": [{"Node Type": "Seq Scan", "Parent Relationship": "Outer", "Relation Name": "company_name", "Alias": "cn", "Startup Cost": 0.0, "Total Cost": 5903.45, "Plan Rows": 85170, "Plan Width": 4, "Filter": "((country_code)::text = '[us]'::text)"}]}]}, {"Node Type": "Hash", "Parent Relationship": "Inner", "Startup Cost": 60069.11, "Total Cost": 60069.11, "Plan Rows": 2528311, "Plan Width": 21, "Plans": [{"Node Type": "Seq Scan", "Parent Relationship": "Outer", "Relation Name": "title", "Alias": "t", "Startup Cost": 0.0, "Total Cost": 60069.11, "Plan Rows": 2528311, "Plan Width": 21}]}]}]}]}, {"Node Type": "Hash", "Parent Relationship": "Inner", "Startup Cost": 93071.9, "Total Cost": 93071.9, "Plan Rows": 4167490, "Plan Width": 4, "Plans": [{"Node Type": "Index Only Scan", "Parent Relationship": "Outer", "Scan Direction": "Forward", "Index Name": "name_pkey", "Relation Name": "name", "Alias": "n1", "Startup Cost": 0.0, "Total Cost": 93071.9, "Plan Rows": 4167490, "Plan Width": 4}]}]}]}]}]}, "Unique SQL Id": 2457761703, "Planner Runtime": 82}, "explain_analyze_plan": {"Plan": {"Node Type": "Aggregate", "Strategy": "Plain", "Startup Cost": 589695.38, "Total Cost": 589695.39, "Plan Rows": 1, "Plan Width": 97, "Actual Startup Time": 8564.844, "Actual Total Time": 8564.845, "Actual Rows": 1, "Actual Loops": 1, "Plans": [{"Node Type": "Hash Join", "Parent Relationship": "Outer", "Join Type": "Inner", "Startup Cost": 561014.71, "Total Cost": 587909.89, "Plan Rows": 357098, "Plan Width": 33, "Actual Startup Time": 7931.833, "Actual Total Time": 8421.386, "Actual Rows": 323005, "Actual Loops": 1, "Inner Unique": false, "Hash Cond": "(an1.person_id = n1.id), (LLVM Optimized, Jit Execute)", "Plans": [{"Node Type": "Seq Scan", "Parent Relationship": "Outer", "Relation Name": "aka_name", "Alias": "an1", "Startup Cost": 0.0, "Total Cost": 19908.42, "Plan Rows": 901342, "Plan Width": 20, "Actual Startup Time": 0.026, "Actual Total Time": 214.616, "Actual Rows": 901342, "Actual Loops": 1}, {"Node Type": "Hash", "Parent Relationship": "Inner", "Startup Cost": 552133.97, "Total Cost": 552133.97, "Plan Rows": 710459, "Plan Width": 25, "Actual Startup Time": 7922.263, "Actual Total Time": 7922.263, "Actual Rows": 285537, "Actual Loops": 1, "Hash Buckets": 1048576, "Hash Batches": 1, "Original Hash Batches": 1, "Peak Memory Usage": 15952, "Plans": [{"Node Type": "Hash Join", "Parent Relationship": "Outer", "Join Type": "Inner", "Startup Cost": 341891.88, "Total Cost": 552133.97, "Plan Rows": 710459, "Plan Width": 25, "Actual Startup Time": 7313.692, "Actual Total Time": 7835.153, "Actual Rows": 285537, "Actual Loops": 1, "Inner Unique": true, "Hash Cond": "(ci.person_id = n1.id), (LLVM Optimized, Jit Execute)", "Plans": [{"Node Type": "Hash Join", "Parent Relationship": "Outer", "Join Type": "Inner", "Startup Cost": 196726.36, "Total Cost": 397199.64, "Plan Rows": 710459, "Plan Width": 21, "Actual Startup Time": 4717.169, "Actual Total Time": 5125.561, "Actual Rows": 285537, "Actual Loops": 1, "Inner Unique": false, "Hash Cond": "(ci.movie_id = t.id), (LLVM Optimized, Jit Execute)", "Plans": [{"Node Type": "Nested Loop", "Parent Relationship": "Outer", "Join Type": "Inner", "Startup Cost": 0.0, "Total Cost": 171406.94, "Plan Rows": 3296318, "Plan Width": 8, "Actual Startup Time": 0.127, "Actual Total Time": 201.773, "Actual Rows": 276403, "Actual Loops": 1, "Inner Unique": false, "Plans": [{"Node Type": "Seq Scan", "Parent Relationship": "Outer", "Relation Name": "role_type", "Alias": "rt", "Startup Cost": 0.0, "Total Cost": 1.15, "Plan Rows": 1, "Plan Width": 4, "Actual Startup Time": 0.063, "Actual Total Time": 0.082, "Actual Rows": 1, "Actual Loops": 1, "Filter": "((role)::text = 'costume designer'::text)", "Rows Removed by Filter": 11}, {"Node Type": "Index Scan", "Parent Relationship": "Inner", "Scan Direction": "Forward", "Index Name": "role_id_cast_info", "Relation Name": "cast_info", "Alias": "ci", "Startup Cost": 0.0, "Total Cost": 138442.61, "Plan Rows": 3296318, "Plan Width": 12, "Actual Startup Time": 0.052, "Actual Total Time": 147.938, "Actual Rows": 276403, "Actual Loops": 1, "Index Cond": "(role_id = rt.id), (LLVM Optimized, Jit Execute)", "Rows Removed by Index Recheck": 0}]}, {"Node Type": "Hash", "Parent Relationship": "Inner", "Startup Cost": 180697.47, "Total Cost": 180697.47, "Plan Rows": 1282311, "Plan Width": 25, "Actual Startup Time": 4712.398, "Actual Total Time": 4712.398, "Actual Rows": 1153797, "Actual Loops": 1, "Hash Buckets": 2097152, "Hash Batches": 1, "Original Hash Batches": 1, "Peak Memory Usage": 68508, "Plans": [{"Node Type": "Hash Join", "Parent Relationship": "Outer", "Join Type": "Inner", "Startup Cost": 98641.07, "Total Cost": 180697.47, "Plan Rows": 1282311, "Plan Width": 25, "Actual Startup Time": 1935.548, "Actual Total Time": 4190.972, "Actual Rows": 1153797, "Actual Loops": 1, "Inner Unique": true, "Hash Cond": "(mc.movie_id = t.id), (LLVM Optimized, Jit Execute)", "Plans": [{"Node Type": "Hash Join", "Parent Relationship": "Outer", "Join Type": "Inner", "Startup Cost": 6968.08, "Total Cost": 71392.69, "Plan Rows": 1282311, "Plan Width": 4, "Actual Startup Time": 112.405, "Actual Total Time": 1587.27, "Actual Rows": 1153797, "Actual Loops": 1, "Inner Unique": true, "Hash Cond": "(mc.company_id = cn.id), (LLVM Optimized, Jit Execute)", "Plans": [{"Node Type": "Seq Scan", "Parent Relationship": "Outer", "Relation Name": "movie_companies", "Alias": "mc", "Startup Cost": 0.0, "Total Cost": 41817.28, "Plan Rows": 2609128, "Plan Width": 8, "Actual Startup Time": 0.024, "Actual Total Time": 622.888, "Actual Rows": 2609128, "Actual Loops": 1}, {"Node Type": "Hash", "Parent Relationship": "Inner", "Startup Cost": 5903.45, "Total Cost": 5903.45, "Plan Rows": 85170, "Plan Width": 4, "Actual Startup Time": 112.277, "Actual Total Time": 112.277, "Actual Rows": 84843, "Actual Loops": 1, "Hash Buckets": 131072, "Hash Batches": 1, "Original Hash Batches": 1, "Peak Memory Usage": 2983, "Plans": [{"Node Type": "Seq Scan", "Parent Relationship": "Outer", "Relation Name": "company_name", "Alias": "cn", "Startup Cost": 0.0, "Total Cost": 5903.45, "Plan Rows": 85170, "Plan Width": 4, "Actual Startup Time": 0.024, "Actual Total Time": 89.803, "Actual Rows": 84843, "Actual Loops": 1, "Filter": "((country_code)::text = '[us]'::text)", "Rows Removed by Filter": 150153}]}]}, {"Node Type": "Hash", "Parent Relationship": "Inner", "Startup Cost": 60069.11, "Total Cost": 60069.11, "Plan Rows": 2528311, "Plan Width": 21, "Actual Startup Time": 1820.712, "Actual Total Time": 1820.712, "Actual Rows": 2528311, "Actual Loops": 1, "Hash Buckets": 4194304, "Hash Batches": 1, "Original Hash Batches": 1, "Peak Memory Usage": 135869, "Plans": [{"Node Type": "Seq Scan", "Parent Relationship": "Outer", "Relation Name": "title", "Alias": "t", "Startup Cost": 0.0, "Total Cost": 60069.11, "Plan Rows": 2528311, "Plan Width": 21, "Actual Startup Time": 0.033, "Actual Total Time": 812.077, "Actual Rows": 2528311, "Actual Loops": 1}]}]}]}]}, {"Node Type": "Hash", "Parent Relationship": "Inner", "Startup Cost": 93071.9, "Total Cost": 93071.9, "Plan Rows": 4167490, "Plan Width": 4, "Actual Startup Time": 2594.015, "Actual Total Time": 2594.015, "Actual Rows": 4167490, "Actual Loops": 1, "Hash Buckets": 4194304, "Hash Batches": 1, "Original Hash Batches": 1, "Peak Memory Usage": 146514, "Plans": [{"Node Type": "Index Only Scan", "Parent Relationship": "Outer", "Scan Direction": "Forward", "Index Name": "name_pkey", "Relation Name": "name", "Alias": "n1", "Startup Cost": 0.0, "Total Cost": 93071.9, "Plan Rows": 4167490, "Plan Width": 4, "Actual Startup Time": 0.036, "Actual Total Time": 1049.181, "Actual Rows": 4167490, "Actual Loops": 1, "Heap Fetches": 0}]}]}]}]}]}, "Triggers": [], "Planner Runtime": 82.942, "Total Runtime": 8576.378, "Unique SQL Id": 2457761703}}, "(1, '65')": {"explain_plan": {"Plan": {"Node Type": "Aggregate", "Strategy": "Plain", "Startup Cost": 770846.96, "Total Cost": 770846.97, "Plan Rows": 1, "Plan Width": 97, "Plans": [{"Node Type": "Nested Loop", "Parent Relationship": "Outer", "Join Type": "Inner", "Startup Cost": 599201.04, "Total Cost": 769061.47, "Plan Rows": 357098, "Plan Width": 33, "Inner Unique": true, "Join Filter": "(an1.person_id = n1.id), (LLVM Optimized)", "Plans": [{"Node Type": "Merge Join", "Parent Relationship": "Outer", "Join Type": "Inner", "Startup Cost": 599201.04, "Total Cost": 667567.53, "Plan Rows": 357098, "Plan Width": 41, "Inner Unique": false, "Merge Cond": "(ci.person_id = an1.person_id)", "Plans": [{"Node Type": "Sort", "Parent Relationship": "Outer", "Startup Cost": 599200.97, "Total Cost": 600977.12, "Plan Rows": 710459, "Plan Width": 21, "Sort Key": ["ci.person_id"], "Plans": [{"Node Type": "Hash Join", "Parent Relationship": "Outer", "Join Type": "Inner", "Startup Cost": 329665.48, "Total Cost": 530150.07, "Plan Rows": 710459, "Plan Width": 21, "Inner Unique": false, "Hash Cond": "(ci.movie_id = t.id), (LLVM Optimized)", "Plans": [{"Node Type": "Nested Loop", "Parent Relationship": "Outer", "Join Type": "Inner", "Startup Cost": 0.0, "Total Cost": 171418.25, "Plan Rows": 3296318, "Plan Width": 8, "Inner Unique": false, "Plans": [{"Node Type": "Index Scan", "Parent Relationship": "Outer", "Scan Direction": "Forward", "Index Name": "role_type_pkey", "Relation Name": "role_type", "Alias": "rt", "Startup Cost": 0.0, "Total Cost": 12.46, "Plan Rows": 1, "Plan Width": 4, "Filter": "((role)::text = 'costume designer'::text)"}, {"Node Type": "Index Scan", "Parent Relationship": "Inner", "Scan Direction": "Forward", "Index Name": "role_id_cast_info", "Relation Name": "cast_info", "Alias": "ci", "Startup Cost": 0.0, "Total Cost": 138442.61, "Plan Rows": 3296318, "Plan Width": 12, "Index Cond": "(role_id = rt.id), (LLVM Optimized)"}]}, {"Node Type": "Hash", "Parent Relationship": "Inner", "Startup Cost": 313636.59, "Total Cost": 313636.59, "Plan Rows": 1282311, "Plan Width": 25, "Plans": [{"Node Type": "Hash Join", "Parent Relationship": "Outer", "Join Type": "Inner", "Startup Cost": 11568.59, "Total Cost": 313636.59, "Plan Rows": 1282311, "Plan Width": 25, "Inner Unique": true, "Hash Cond": "(mc.company_id = cn.id), (LLVM Optimized)", "Plans": [{"Node Type": "Merge Join", "Parent Relationship": "Outer", "Join Type": "Inner", "Startup Cost": 2.58, "Total Cost": 279463.24, "Plan Rows": 2609128, "Plan Width": 29, "Inner Unique": false, "Merge Cond": "(t.id = mc.movie_id)", "Plans": [{"Node Type": "Index Scan", "Parent Relationship": "Outer", "Scan Direction": "Forward", "Index Name": "title_pkey", "Relation Name": "title", "Alias": "t", "Startup Cost": 0.0, "Total Cost": 110120.49, "Plan Rows": 2528311, "Plan Width": 21}, {"Node Type": "Index Scan", "Parent Relationship": "Inner", "Scan Direction": "Forward", "Index Name": "movie_id_movie_companies", "Relation Name": "movie_companies", "Alias": "mc", "Startup Cost": 0.0, "Total Cost": 130519.46, "Plan Rows": 2609128, "Plan Width": 8}]}, {"Node Type": "Hash", "Parent Relationship": "Inner", "Startup Cost": 10501.39, "Total Cost": 10501.39, "Plan Rows": 85170, "Plan Width": 4, "Plans": [{"Node Type": "Index Scan", "Parent Relationship": "Outer", "Scan Direction": "Forward", "Index Name": "company_name_pkey", "Relation Name": "company_name", "Alias": "cn", "Startup Cost": 0.0, "Total Cost": 10501.39, "Plan Rows": 85170, "Plan Width": 4, "Filter": "((country_code)::text = '[us]'::text)"}]}]}]}]}]}, {"Node Type": "Index Scan", "Parent Relationship": "Inner", "Scan Direction": "Forward", "Index Name": "person_id_aka_name", "Relation Name": "aka_name", "Alias": "an1", "Startup Cost": 0.0, "Total Cost": 68965.03, "Plan Rows": 901342, "Plan Width": 20}]}, {"Node Type": "Index Only Scan", "Parent Relationship": "Inner", "Scan Direction": "Forward", "Index Name": "name_pkey", "Relation Name": "name", "Alias": "n1", "Startup Cost": 0.0, "Total Cost": 0.27, "Plan Rows": 1, "Plan Width": 4, "Index Cond": "(id = ci.person_id)"}]}]}, "Unique SQL Id": 2457761703, "Planner Runtime": 74}, "explain_analyze_plan": {"Plan": {"Node Type": "Aggregate", "Strategy": "Plain", "Startup Cost": 770846.96, "Total Cost": 770846.97, "Plan Rows": 1, "Plan Width": 97, "Actual Startup Time": 10131.383, "Actual Total Time": 10131.384, "Actual Rows": 1, "Actual Loops": 1, "Plans": [{"Node Type": "Nested Loop", "Parent Relationship": "Outer", "Join Type": "Inner", "Startup Cost": 599201.04, "Total Cost": 769061.47, "Plan Rows": 357098, "Plan Width": 33, "Actual Startup Time": 8074.867, "Actual Total Time": 9941.074, "Actual Rows": 323005, "Actual Loops": 1, "Inner Unique": true, "Join Filter": "(an1.person_id = n1.id), (LLVM Optimized, Jit Execute)", "Rows Removed by Join Filter": 0, "Plans": [{"Node Type": "Merge Join", "Parent Relationship": "Outer", "Join Type": "Inner", "Startup Cost": 599201.04, "Total Cost": 667567.53, "Plan Rows": 357098, "Plan Width": 41, "Actual Startup Time": 8074.833, "Actual Total Time": 9041.212, "Actual Rows": 323005, "Actual Loops": 1, "Inner Unique": false, "Merge Cond": "(ci.person_id = an1.person_id)", "Plans": [{"Node Type": "Sort", "Parent Relationship": "Outer", "Startup Cost": 599200.97, "Total Cost": 600977.12, "Plan Rows": 710459, "Plan Width": 21, "Actual Startup Time": 8074.743, "Actual Total Time": 8122.105, "Actual Rows": 285537, "Actual Loops": 1, "Sort Key": ["ci.person_id"], "Sort Method": "quicksort", "Sort Space Used": 39613, "Sort Space Type": "Memory", "Plans": [{"Node Type": "Hash Join", "Parent Relationship": "Outer", "Join Type": "Inner", "Startup Cost": 329665.48, "Total Cost": 530150.07, "Plan Rows": 710459, "Plan Width": 21, "Actual Startup Time": 7652.944, "Actual Total Time": 7988.969, "Actual Rows": 285537, "Actual Loops": 1, "Inner Unique": false, "Hash Cond": "(ci.movie_id = t.id), (LLVM Optimized, Jit Execute)", "Plans": [{"Node Type": "Nested Loop", "Parent Relationship": "Outer", "Join Type": "Inner", "Startup Cost": 0.0, "Total Cost": 171418.25, "Plan Rows": 3296318, "Plan Width": 8, "Actual Startup Time": 0.073, "Actual Total Time": 182.556, "Actual Rows": 276403, "Actual Loops": 1, "Inner Unique": false, "Plans": [{"Node Type": "Index Scan", "Parent Relationship": "Outer", "Scan Direction": "Forward", "Index Name": "role_type_pkey", "Relation Name": "role_type", "Alias": "rt", "Startup Cost": 0.0, "Total Cost": 12.46, "Plan Rows": 1, "Plan Width": 4, "Actual Startup Time": 0.034, "Actual Total Time": 0.051, "Actual Rows": 1, "Actual Loops": 1, "Filter": "((role)::text = 'costume designer'::text)", "Rows Removed by Filter": 11}, {"Node Type": "Index Scan", "Parent Relationship": "Inner", "Scan Direction": "Forward", "Index Name": "role_id_cast_info", "Relation Name": "cast_info", "Alias": "ci", "Startup Cost": 0.0, "Total Cost": 138442.61, "Plan Rows": 3296318, "Plan Width": 12, "Actual Startup Time": 0.033, "Actual Total Time": 128.569, "Actual Rows": 276403, "Actual Loops": 1, "Index Cond": "(role_id = rt.id), (LLVM Optimized, Jit Execute)", "Rows Removed by Index Recheck": 0}]}, {"Node Type": "Hash", "Parent Relationship": "Inner", "Startup Cost": 313636.59, "Total Cost": 313636.59, "Plan Rows": 1282311, "Plan Width": 25, "Actual Startup Time": 7651.179, "Actual Total Time": 7651.179, "Actual Rows": 1153797, "Actual Loops": 1, "Hash Buckets": 2097152, "Hash Batches": 1, "Original Hash Batches": 1, "Peak Memory Usage": 68508, "Plans": [{"Node Type": "Hash Join", "Parent Relationship": "Outer", "Join Type": "Inner", "Startup Cost": 11568.59, "Total Cost": 313636.59, "Plan Rows": 1282311, "Plan Width": 25, "Actual Startup Time": 311.171, "Actual Total Time": 7214.869, "Actual Rows": 1153797, "Actual Loops": 1, "Inner Unique": true, "Hash Cond": "(mc.company_id = cn.id), (LLVM Optimized, Jit Execute)", "Plans": [{"Node Type": "Merge Join", "Parent Relationship": "Outer", "Join Type": "Inner", "Startup Cost": 2.58, "Total Cost": 279463.24, "Plan Rows": 2609128, "Plan Width": 29, "Actual Startup Time": 0.054, "Actual Total Time": 6069.017, "Actual Rows": 2609128, "Actual Loops": 1, "Inner Unique": false, "Merge Cond": "(t.id = mc.movie_id)", "Plans": [{"Node Type": "Index Scan", "Parent Relationship": "Outer", "Scan Direction": "Forward", "Index Name": "title_pkey", "Relation Name": "title", "Alias": "t", "Startup Cost": 0.0, "Total Cost": 110120.49, "Plan Rows": 2528311, "Plan Width": 21, "Actual Startup Time": 0.024, "Actual Total Time": 2832.937, "Actual Rows": 2525745, "Actual Loops": 1}, {"Node Type": "Index Scan", "Parent Relationship": "Inner", "Scan Direction": "Forward", "Index Name": "movie_id_movie_companies", "Relation Name": "movie_companies", "Alias": "mc", "Startup Cost": 0.0, "Total Cost": 130519.46, "Plan Rows": 2609128, "Plan Width": 8, "Actual Startup Time": 0.019, "Actual Total Time": 1715.293, "Actual Rows": 2609128, "Actual Loops": 1}]}, {"Node Type": "Hash", "Parent Relationship": "Inner", "Startup Cost": 10501.39, "Total Cost": 10501.39, "Plan Rows": 85170, "Plan Width": 4, "Actual Startup Time": 311.001, "Actual Total Time": 311.001, "Actual Rows": 84843, "Actual Loops": 1, "Hash Buckets": 131072, "Hash Batches": 1, "Original Hash Batches": 1, "Peak Memory Usage": 2983, "Plans": [{"Node Type": "Index Scan", "Parent Relationship": "Outer", "Scan Direction": "Forward", "Index Name": "company_name_pkey", "Relation Name": "company_name", "Alias": "cn", "Startup Cost": 0.0, "Total Cost": 10501.39, "Plan Rows": 85170, "Plan Width": 4, "Actual Startup Time": 0.027, "Actual Total Time": 284.869, "Actual Rows": 84843, "Actual Loops": 1, "Filter": "((country_code)::text = '[us]'::text)", "Rows Removed by Filter": 150153}]}]}]}]}]}, {"Node Type": "Index Scan", "Parent Relationship": "Inner", "Scan Direction": "Forward", "Index Name": "person_id_aka_name", "Relation Name": "aka_name", "Alias": "an1", "Startup Cost": 0.0, "Total Cost": 68965.03, "Plan Rows": 901342, "Plan Width": 20, "Actual Startup Time": 0.045, "Actual Total Time": 657.488, "Actual Rows": 1003872, "Actual Loops": 1}]}, {"Node Type": "Index Only Scan", "Parent Relationship": "Inner", "Scan Direction": "Forward", "Index Name": "name_pkey", "Relation Name": "name", "Alias": "n1", "Startup Cost": 0.0, "Total Cost": 0.27, "Plan Rows": 1, "Plan Width": 4, "Actual Startup Time": 667.209, "Actual Total Time": 667.209, "Actual Rows": 323005, "Actual Loops": 323005, "Index Cond": "(id = ci.person_id)", "Rows Removed by Index Recheck": 0, "Heap Fetches": 0}]}]}, "Triggers": [], "Planner Runtime": 75.457, "Total Runtime": 10141.684, "Unique SQL Id": 2457761703}}, "(1, '66')": {"explain_plan": {"Plan": {"Node Type": "Aggregate", "Strategy": "Plain", "Startup Cost": 808403.05, "Total Cost": 808403.06, "Plan Rows": 1, "Plan Width": 97, "Plans": [{"Node Type": "Hash Join", "Parent Relationship": "Outer", "Join Type": "Inner", "Startup Cost": 779365.79, "Total Cost": 806617.56, "Plan Rows": 357098, "Plan Width": 33, "Inner Unique": false, "Hash Cond": "(an1.person_id = n1.id), (LLVM Optimized)", "Plans": [{"Node Type": "Seq Scan", "Parent Relationship": "Outer", "Relation Name": "aka_name", "Alias": "an1", "Startup Cost": 0.0, "Total Cost": 19908.42, "Plan Rows": 901342, "Plan Width": 20}, {"Node Type": "Hash", "Parent Relationship": "Inner", "Startup Cost": 770485.05, "Total Cost": 770485.05, "Plan Rows": 710459, "Plan Width": 25, "Plans": [{"Node Type": "Hash Join", "Parent Relationship": "Outer", "Join Type": "Inner", "Startup Cost": 418198.6, "Total Cost": 770485.05, "Plan Rows": 710459, "Plan Width": 25, "Inner Unique": true, "Hash Cond": "(ci.person_id = n1.id), (LLVM Optimized)", "Plans": [{"Node Type": "Hash Join", "Parent Relationship": "Outer", "Join Type": "Inner", "Startup Cost": 273033.07, "Total Cost": 615550.72, "Plan Rows": 710459, "Plan Width": 21, "Inner Unique": false, "Hash Cond": "(ci.movie_id = t.id), (LLVM Optimized)", "Plans": [{"Node Type": "Nested Loop", "Parent Relationship": "Outer", "Join Type": "Inner", "Startup Cost": 76306.71, "Total Cost": 389758.02, "Plan Rows": 3296318, "Plan Width": 8, "Inner Unique": false, "Plans": [{"Node Type": "Seq Scan", "Parent Relationship": "Outer", "Relation Name": "role_type", "Alias": "rt", "Startup Cost": 0.0, "Total Cost": 1.15, "Plan Rows": 1, "Plan Width": 4, "Filter": "((role)::text = 'costume designer'::text)"}, {"Node Type": "Bitmap Heap Scan", "Parent Relationship": "Inner", "Relation Name": "cast_info", "Alias": "ci", "Startup Cost": 76306.71, "Total Cost": 356793.69, "Plan Rows": 3296318, "Plan Width": 12, "Recheck Cond": "(role_id = rt.id), (LLVM Optimized)", "Plans": [{"Node Type": "Bitmap Index Scan", "Parent Relationship": "Outer", "Index Name": "role_id_cast_info", "Startup Cost": 0.0, "Total Cost": 75482.63, "Plan Rows": 3296318, "Plan Width": 0, "Index Cond": "(role_id = rt.id)"}]}]}, {"Node Type": "Hash", "Parent Relationship": "Inner", "Startup Cost": 180697.47, "Total Cost": 180697.47, "Plan Rows": 1282311, "Plan Width": 25, "Plans": [{"Node Type": "Hash Join", "Parent Relationship": "Outer", "Join Type": "Inner", "Startup Cost": 98641.07, "Total Cost": 180697.47, "Plan Rows": 1282311, "Plan Width": 25, "Inner Unique": true, "Hash Cond": "(mc.movie_id = t.id), (LLVM Optimized)", "Plans": [{"Node Type": "Hash Join", "Parent Relationship": "Outer", "Join Type": "Inner", "Startup Cost": 6968.08, "Total Cost": 71392.69, "Plan Rows": 1282311, "Plan Width": 4, "Inner Unique": true, "Hash Cond": "(mc.company_id = cn.id), (LLVM Optimized)", "Plans": [{"Node Type": "Seq Scan", "Parent Relationship": "Outer", "Relation Name": "movie_companies", "Alias": "mc", "Startup Cost": 0.0, "Total Cost": 41817.28, "Plan Rows": 2609128, "Plan Width": 8}, {"Node Type": "Hash", "Parent Relationship": "Inner", "Startup Cost": 5903.45, "Total Cost": 5903.45, "Plan Rows": 85170, "Plan Width": 4, "Plans": [{"Node Type": "Seq Scan", "Parent Relationship": "Outer", "Relation Name": "company_name", "Alias": "cn", "Startup Cost": 0.0, "Total Cost": 5903.45, "Plan Rows": 85170, "Plan Width": 4, "Filter": "((country_code)::text = '[us]'::text)"}]}]}, {"Node Type": "Hash", "Parent Relationship": "Inner", "Startup Cost": 60069.11, "Total Cost": 60069.11, "Plan Rows": 2528311, "Plan Width": 21, "Plans": [{"Node Type": "Seq Scan", "Parent Relationship": "Outer", "Relation Name": "title", "Alias": "t", "Startup Cost": 0.0, "Total Cost": 60069.11, "Plan Rows": 2528311, "Plan Width": 21}]}]}]}]}, {"Node Type": "Hash", "Parent Relationship": "Inner", "Startup Cost": 93071.9, "Total Cost": 93071.9, "Plan Rows": 4167490, "Plan Width": 4, "Plans": [{"Node Type": "Seq Scan", "Parent Relationship": "Outer", "Relation Name": "name", "Alias": "n1", "Startup Cost": 0.0, "Total Cost": 93071.9, "Plan Rows": 4167490, "Plan Width": 4}]}]}]}]}]}, "Unique SQL Id": 2457761703, "Planner Runtime": 58}, "explain_analyze_plan": {"Plan": {"Node Type": "Aggregate", "Strategy": "Plain", "Startup Cost": 808403.05, "Total Cost": 808403.06, "Plan Rows": 1, "Plan Width": 97, "Actual Startup Time": 8171.997, "Actual Total Time": 8171.997, "Actual Rows": 1, "Actual Loops": 1, "Plans": [{"Node Type": "Hash Join", "Parent Relationship": "Outer", "Join Type": "Inner", "Startup Cost": 779365.79, "Total Cost": 806617.56, "Plan Rows": 357098, "Plan Width": 33, "Actual Startup Time": 7462.893, "Actual Total Time": 8027.597, "Actual Rows": 323005, "Actual Loops": 1, "Inner Unique": false, "Hash Cond": "(an1.person_id = n1.id), (LLVM Optimized, Jit Execute)", "Plans": [{"Node Type": "Seq Scan", "Parent Relationship": "Outer", "Relation Name": "aka_name", "Alias": "an1", "Startup Cost": 0.0, "Total Cost": 19908.42, "Plan Rows": 901342, "Plan Width": 20, "Actual Startup Time": 0.026, "Actual Total Time": 239.447, "Actual Rows": 901342, "Actual Loops": 1}, {"Node Type": "Hash", "Parent Relationship": "Inner", "Startup Cost": 770485.05, "Total Cost": 770485.05, "Plan Rows": 710459, "Plan Width": 25, "Actual Startup Time": 7456.772, "Actual Total Time": 7456.772, "Actual Rows": 285537, "Actual Loops": 1, "Hash Buckets": 1048576, "Hash Batches": 1, "Original Hash Batches": 1, "Peak Memory Usage": 15952, "Plans": [{"Node Type": "Hash Join", "Parent Relationship": "Outer", "Join Type": "Inner", "Startup Cost": 418198.6, "Total Cost": 770485.05, "Plan Rows": 710459, "Plan Width": 25, "Actual Startup Time": 6945.956, "Actual Total Time": 7372.655, "Actual Rows": 285537, "Actual Loops": 1, "Inner Unique": true, "Hash Cond": "(ci.person_id = n1.id), (LLVM Optimized, Jit Execute)", "Plans": [{"Node Type": "Hash Join", "Parent Relationship": "Outer", "Join Type": "Inner", "Startup Cost": 273033.07, "Total Cost": 615550.72, "Plan Rows": 710459, "Plan Width": 21, "Actual Startup Time": 4322.349, "Actual Total Time": 4632.043, "Actual Rows": 285537, "Actual Loops": 1, "Inner Unique": false, "Hash Cond": "(ci.movie_id = t.id), (LLVM Optimized, Jit Execute)", "Plans": [{"Node Type": "Nested Loop", "Parent Relationship": "Outer", "Join Type": "Inner", "Startup Cost": 76306.71, "Total Cost": 389758.02, "Plan Rows": 3296318, "Plan Width": 8, "Actual Startup Time": 33.816, "Actual Total Time": 169.659, "Actual Rows": 276403, "Actual Loops": 1, "Inner Unique": false, "Plans": [{"Node Type": "Seq Scan", "Parent Relationship": "Outer", "Relation Name": "role_type", "Alias": "rt", "Startup Cost": 0.0, "Total Cost": 1.15, "Plan Rows": 1, "Plan Width": 4, "Actual Startup Time": 0.047, "Actual Total Time": 0.061, "Actual Rows": 1, "Actual Loops": 1, "Filter": "((role)::text = 'costume designer'::text)", "Rows Removed by Filter": 11}, {"Node Type": "Bitmap Heap Scan", "Parent Relationship": "Inner", "Relation Name": "cast_info", "Alias": "ci", "Startup Cost": 76306.71, "Total Cost": 356793.69, "Plan Rows": 3296318, "Plan Width": 12, "Actual Startup Time": 33.745, "Actual Total Time": 119.892, "Actual Rows": 276403, "Actual Loops": 1, "Recheck Cond": "(role_id = rt.id), (LLVM Optimized, Jit Execute)", "Rows Removed by Index Recheck": 0, "Exact Heap Blocks": 1654, "Lossy Heap Blocks": 1654, "Plans": [{"Node Type": "Bitmap Index Scan", "Parent Relationship": "Outer", "Index Name": "role_id_cast_info", "Startup Cost": 0.0, "Total Cost": 75482.63, "Plan Rows": 3296318, "Plan Width": 0, "Actual Startup Time": 33.447, "Actual Total Time": 33.447, "Actual Rows": 276403, "Actual Loops": 1, "Index Cond": "(role_id = rt.id)"}]}]}, {"Node Type": "Hash", "Parent Relationship": "Inner", "Startup Cost": 180697.47, "Total Cost": 180697.47, "Plan Rows": 1282311, "Plan Width": 25, "Actual Startup Time": 4283.714, "Actual Total Time": 4283.714, "Actual Rows": 1153797, "Actual Loops": 1, "Hash Buckets": 2097152, "Hash Batches": 1, "Original Hash Batches": 1, "Peak Memory Usage": 68508, "Plans": [{"Node Type": "Hash Join", "Parent Relationship": "Outer", "Join Type": "Inner", "Startup Cost": 98641.07, "Total Cost": 180697.47, "Plan Rows": 1282311, "Plan Width": 25, "Actual Startup Time": 1838.488, "Actual Total Time": 3873.861, "Actual Rows": 1153797, "Actual Loops": 1, "Inner Unique": true, "Hash Cond": "(mc.movie_id = t.id), (LLVM Optimized, Jit Execute)", "Plans": [{"Node Type": "Hash Join", "Parent Relationship": "Outer", "Join Type": "Inner", "Startup Cost": 6968.08, "Total Cost": 71392.69, "Plan Rows": 1282311, "Plan Width": 4, "Actual Startup Time": 112.48, "Actual Total Time": 1529.082, "Actual Rows": 1153797, "Actual Loops": 1, "Inner Unique": true, "Hash Cond": "(mc.company_id = cn.id), (LLVM Optimized, Jit Execute)", "Plans": [{"Node Type": "Seq Scan", "Parent Relationship": "Outer", "Relation Name": "movie_companies", "Alias": "mc", "Startup Cost": 0.0, "Total Cost": 41817.28, "Plan Rows": 2609128, "Plan Width": 8, "Actual Startup Time": 0.035, "Actual Total Time": 596.686, "Actual Rows": 2609128, "Actual Loops": 1}, {"Node Type": "Hash", "Parent Relationship": "Inner", "Startup Cost": 5903.45, "Total Cost": 5903.45, "Plan Rows": 85170, "Plan Width": 4, "Actual Startup Time": 112.344, "Actual Total Time": 112.344, "Actual Rows": 84843, "Actual Loops": 1, "Hash Buckets": 131072, "Hash Batches": 1, "Original Hash Batches": 1, "Peak Memory Usage": 2983, "Plans": [{"Node Type": "Seq Scan", "Parent Relationship": "Outer", "Relation Name": "company_name", "Alias": "cn", "Startup Cost": 0.0, "Total Cost": 5903.45, "Plan Rows": 85170, "Plan Width": 4, "Actual Startup Time": 0.039, "Actual Total Time": 89.949, "Actual Rows": 84843, "Actual Loops": 1, "Filter": "((country_code)::text = '[us]'::text)", "Rows Removed by Filter": 150153}]}]}, {"Node Type": "Hash", "Parent Relationship": "Inner", "Startup Cost": 60069.11, "Total Cost": 60069.11, "Plan Rows": 2528311, "Plan Width": 21, "Actual Startup Time": 1723.593, "Actual Total Time": 1723.593, "Actual Rows": 2528311, "Actual Loops": 1, "Hash Buckets": 4194304, "Hash Batches": 1, "Original Hash Batches": 1, "Peak Memory Usage": 135869, "Plans": [{"Node Type": "Seq Scan", "Parent Relationship": "Outer", "Relation Name": "title", "Alias": "t", "Startup Cost": 0.0, "Total Cost": 60069.11, "Plan Rows": 2528311, "Plan Width": 21, "Actual Startup Time": 0.031, "Actual Total Time": 804.27, "Actual Rows": 2528311, "Actual Loops": 1}]}]}]}]}, {"Node Type": "Hash", "Parent Relationship": "Inner", "Startup Cost": 93071.9, "Total Cost": 93071.9, "Plan Rows": 4167490, "Plan Width": 4, "Actual Startup Time": 2621.122, "Actual Total Time": 2621.122, "Actual Rows": 4167490, "Actual Loops": 1, "Hash Buckets": 4194304, "Hash Batches": 1, "Original Hash Batches": 1, "Peak Memory Usage": 146514, "Plans": [{"Node Type": "Seq Scan", "Parent Relationship": "Outer", "Relation Name": "name", "Alias": "n1", "Startup Cost": 0.0, "Total Cost": 93071.9, "Plan Rows": 4167490, "Plan Width": 4, "Actual Startup Time": 0.026, "Actual Total Time": 1255.583, "Actual Rows": 4167490, "Actual Loops": 1}]}]}]}]}]}, "Triggers": [], "Planner Runtime": 58.673, "Total Runtime": 8183.631, "Unique SQL Id": 2457761703}}, "(1, '67')": {"explain_plan": {"Plan": {"Node Type": "Aggregate", "Strategy": "Plain", "Startup Cost": 1000069787565.86, "Total Cost": 1000069787565.87, "Plan Rows": 1, "Plan Width": 97, "Plans": [{"Node Type": "Nested Loop", "Parent Relationship": "Outer", "Join Type": "Inner", "Startup Cost": 10000000001.8, "Total Cost": 1000069785780.37, "Plan Rows": 357098, "Plan Width": 33, "Inner Unique": true, "Plans": [{"Node Type": "Nested Loop", "Parent Relationship": "Outer", "Join Type": "Inner", "Startup Cost": 10000000001.54, "Total Cost": 1000068255744.11, "Plan Rows": 357379, "Plan Width": 24, "Inner Unique": true, "Join Filter": "(an1.person_id = n1.id), (LLVM Optimized)", "Plans": [{"Node Type": "Nested Loop", "Parent Relationship": "Outer", "Join Type": "Inner", "Startup Cost": 10000000001.28, "Total Cost": 1000066724564.96, "Plan Rows": 357379, "Plan Width": 32, "Inner Unique": false, "Plans": [{"Node Type": "Nested Loop", "Parent Relationship": "Outer", "Join Type": "Inner", "Startup Cost": 10000000001.03, "Total Cost": 1000063680996.82, "Plan Rows": 711018, "Plan Width": 12, "Inner Unique": true, "Plans": [{"Node Type": "Nested Loop", "Parent Relationship": "Outer", "Join Type": "Inner", "Startup Cost": 10000000000.77, "Total Cost": 1000030184746.51, "Plan Rows": 7821201, "Plan Width": 16, "Inner Unique": false, "Plans": [{"Node Type": "Nested Loop", "Parent Relationship": "Outer", "Join Type": "Inner", "Startup Cost": 10000000000.26, "Total Cost": 1000024227793.07, "Plan Rows": 1282311, "Plan Width": 4, "Inner Unique": true, "Plans": [{"Node Type": "Index Scan", "Parent Relationship": "Outer", "Scan Direction": "Forward", "Index Name": "movie_id_movie_companies", "Relation Name": "movie_companies", "Alias": "mc", "Startup Cost": 10000000000.0, "Total Cost": 1000013051946.13, "Plan Rows": 2609128, "Plan Width": 8}, {"Node Type": "Bitmap Heap Scan", "Parent Relationship": "Inner", "Relation Name": "company_name", "Alias": "cn", "Startup Cost": 0.26, "Total Cost": 4.27, "Plan Rows": 1, "Plan Width": 4, "Recheck Cond": "(id = mc.company_id)", "Filter": "((country_code)::text = '[us]'::text)", "Plans": [{"Node Type": "Bitmap Index Scan", "Parent Relationship": "Outer", "Index Name": "company_name_pkey", "Startup Cost": 0.0, "Total Cost": 0.26, "Plan Rows": 1, "Plan Width": 0, "Index Cond": "(id = mc.company_id)"}]}]}, {"Node Type": "Bitmap Heap Scan", "Parent Relationship": "Inner", "Relation Name": "cast_info", "Alias": "ci", "Startup Cost": 0.51, "Total Cost": 4.59, "Plan Rows": 6, "Plan Width": 12, "Recheck Cond": "(movie_id = mc.movie_id)", "Plans": [{"Node Type": "Bitmap Index Scan", "Parent Relationship": "Outer", "Index Name": "movie_id_cast_info", "Startup Cost": 0.0, "Total Cost": 0.51, "Plan Rows": 6, "Plan Width": 0, "Index Cond": "(movie_id = mc.movie_id)"}]}]}, {"Node Type": "Bitmap Heap Scan", "Parent Relationship": "Inner", "Relation Name": "role_type", "Alias": "rt", "Startup Cost": 0.26, "Total Cost": 4.27, "Plan Rows": 1, "Plan Width": 4, "Recheck Cond": "(id = ci.role_id)", "Filter": "((role)::text = 'costume designer'::text)", "Plans": [{"Node Type": "Bitmap Index Scan", "Parent Relationship": "Outer", "Index Name": "role_type_pkey", "Startup Cost": 0.0, "Total Cost": 0.26, "Plan Rows": 1, "Plan Width": 0, "Index Cond": "(id = ci.role_id)"}]}]}, {"Node Type": "Bitmap Heap Scan", "Parent Relationship": "Inner", "Relation Name": "aka_name", "Alias": "an1", "Startup Cost": 0.26, "Total Cost": 4.27, "Plan Rows": 1, "Plan Width": 20, "Recheck Cond": "(person_id = ci.person_id)", "Plans": [{"Node Type": "Bitmap Index Scan", "Parent Relationship": "Outer", "Index Name": "person_id_aka_name", "Startup Cost": 0.0, "Total Cost": 0.26, "Plan Rows": 1, "Plan Width": 0, "Index Cond": "(person_id = ci.person_id)"}]}]}, {"Node Type": "Bitmap Heap Scan", "Parent Relationship": "Inner", "Relation Name": "name", "Alias": "n1", "Startup Cost": 0.26, "Total Cost": 4.27, "Plan Rows": 1, "Plan Width": 4, "Recheck Cond": "(id = ci.person_id)", "Plans": [{"Node Type": "Bitmap Index Scan", "Parent Relationship": "Outer", "Index Name": "name_pkey", "Startup Cost": 0.0, "Total Cost": 0.26, "Plan Rows": 1, "Plan Width": 0, "Index Cond": "(id = ci.person_id)"}]}]}, {"Node Type": "Bitmap Heap Scan", "Parent Relationship": "Inner", "Relation Name": "title", "Alias": "t", "Startup Cost": 0.26, "Total Cost": 4.27, "Plan Rows": 1, "Plan Width": 21, "Recheck Cond": "(id = ci.movie_id)", "Plans": [{"Node Type": "Bitmap Index Scan", "Parent Relationship": "Outer", "Index Name": "title_pkey", "Startup Cost": 0.0, "Total Cost": 0.26, "Plan Rows": 1, "Plan Width": 0, "Index Cond": "(id = ci.movie_id)"}]}]}]}, "Unique SQL Id": 2457761703, "Planner Runtime": 6}, "explain_analyze_plan": null}, "(1, '68')": {"explain_plan": {"Plan": {"Node Type": "Aggregate", "Strategy": "Plain", "Startup Cost": 589695.38, "Total Cost": 589695.39, "Plan Rows": 1, "Plan Width": 97, "Plans": [{"Node Type": "Hash Join", "Parent Relationship": "Outer", "Join Type": "Inner", "Startup Cost": 561014.71, "Total Cost": 587909.89, "Plan Rows": 357098, "Plan Width": 33, "Inner Unique": false, "Hash Cond": "(an1.person_id = n1.id), (LLVM Optimized)", "Plans": [{"Node Type": "Seq Scan", "Parent Relationship": "Outer", "Relation Name": "aka_name", "Alias": "an1", "Startup Cost": 0.0, "Total Cost": 19908.42, "Plan Rows": 901342, "Plan Width": 20}, {"Node Type": "Hash", "Parent Relationship": "Inner", "Startup Cost": 552133.97, "Total Cost": 552133.97, "Plan Rows": 710459, "Plan Width": 25, "Plans": [{"Node Type": "Hash Join", "Parent Relationship": "Outer", "Join Type": "Inner", "Startup Cost": 341891.88, "Total Cost": 552133.97, "Plan Rows": 710459, "Plan Width": 25, "Inner Unique": true, "Hash Cond": "(ci.person_id = n1.id), (LLVM Optimized)", "Plans": [{"Node Type": "Hash Join", "Parent Relationship": "Outer", "Join Type": "Inner", "Startup Cost": 196726.36, "Total Cost": 397199.64, "Plan Rows": 710459, "Plan Width": 21, "Inner Unique": false, "Hash Cond": "(ci.movie_id = t.id), (LLVM Optimized)", "Plans": [{"Node Type": "Nested Loop", "Parent Relationship": "Outer", "Join Type": "Inner", "Startup Cost": 0.0, "Total Cost": 171406.94, "Plan Rows": 3296318, "Plan Width": 8, "Inner Unique": false, "Plans": [{"Node Type": "Seq Scan", "Parent Relationship": "Outer", "Relation Name": "role_type", "Alias": "rt", "Startup Cost": 0.0, "Total Cost": 1.15, "Plan Rows": 1, "Plan Width": 4, "Filter": "((role)::text = 'costume designer'::text)"}, {"Node Type": "Index Scan", "Parent Relationship": "Inner", "Scan Direction": "Forward", "Index Name": "role_id_cast_info", "Relation Name": "cast_info", "Alias": "ci", "Startup Cost": 0.0, "Total Cost": 138442.61, "Plan Rows": 3296318, "Plan Width": 12, "Index Cond": "(role_id = rt.id), (LLVM Optimized)"}]}, {"Node Type": "Hash", "Parent Relationship": "Inner", "Startup Cost": 180697.47, "Total Cost": 180697.47, "Plan Rows": 1282311, "Plan Width": 25, "Plans": [{"Node Type": "Hash Join", "Parent Relationship": "Outer", "Join Type": "Inner", "Startup Cost": 98641.07, "Total Cost": 180697.47, "Plan Rows": 1282311, "Plan Width": 25, "Inner Unique": true, "Hash Cond": "(mc.movie_id = t.id), (LLVM Optimized)", "Plans": [{"Node Type": "Hash Join", "Parent Relationship": "Outer", "Join Type": "Inner", "Startup Cost": 6968.08, "Total Cost": 71392.69, "Plan Rows": 1282311, "Plan Width": 4, "Inner Unique": true, "Hash Cond": "(mc.company_id = cn.id), (LLVM Optimized)", "Plans": [{"Node Type": "Seq Scan", "Parent Relationship": "Outer", "Relation Name": "movie_companies", "Alias": "mc", "Startup Cost": 0.0, "Total Cost": 41817.28, "Plan Rows": 2609128, "Plan Width": 8}, {"Node Type": "Hash", "Parent Relationship": "Inner", "Startup Cost": 5903.45, "Total Cost": 5903.45, "Plan Rows": 85170, "Plan Width": 4, "Plans": [{"Node Type": "Seq Scan", "Parent Relationship": "Outer", "Relation Name": "company_name", "Alias": "cn", "Startup Cost": 0.0, "Total Cost": 5903.45, "Plan Rows": 85170, "Plan Width": 4, "Filter": "((country_code)::text = '[us]'::text)"}]}]}, {"Node Type": "Hash", "Parent Relationship": "Inner", "Startup Cost": 60069.11, "Total Cost": 60069.11, "Plan Rows": 2528311, "Plan Width": 21, "Plans": [{"Node Type": "Seq Scan", "Parent Relationship": "Outer", "Relation Name": "title", "Alias": "t", "Startup Cost": 0.0, "Total Cost": 60069.11, "Plan Rows": 2528311, "Plan Width": 21}]}]}]}]}, {"Node Type": "Hash", "Parent Relationship": "Inner", "Startup Cost": 93071.9, "Total Cost": 93071.9, "Plan Rows": 4167490, "Plan Width": 4, "Plans": [{"Node Type": "Seq Scan", "Parent Relationship": "Outer", "Relation Name": "name", "Alias": "n1", "Startup Cost": 0.0, "Total Cost": 93071.9, "Plan Rows": 4167490, "Plan Width": 4}]}]}]}]}]}, "Unique SQL Id": 2457761703, "Planner Runtime": 81}, "explain_analyze_plan": {"Plan": {"Node Type": "Aggregate", "Strategy": "Plain", "Startup Cost": 589695.38, "Total Cost": 589695.39, "Plan Rows": 1, "Plan Width": 97, "Actual Startup Time": 8818.757, "Actual Total Time": 8818.758, "Actual Rows": 1, "Actual Loops": 1, "Plans": [{"Node Type": "Hash Join", "Parent Relationship": "Outer", "Join Type": "Inner", "Startup Cost": 561014.71, "Total Cost": 587909.89, "Plan Rows": 357098, "Plan Width": 33, "Actual Startup Time": 8145.128, "Actual Total Time": 8674.859, "Actual Rows": 323005, "Actual Loops": 1, "Inner Unique": false, "Hash Cond": "(an1.person_id = n1.id), (LLVM Optimized, Jit Execute)", "Plans": [{"Node Type": "Seq Scan", "Parent Relationship": "Outer", "Relation Name": "aka_name", "Alias": "an1", "Startup Cost": 0.0, "Total Cost": 19908.42, "Plan Rows": 901342, "Plan Width": 20, "Actual Startup Time": 0.025, "Actual Total Time": 239.81, "Actual Rows": 901342, "Actual Loops": 1}, {"Node Type": "Hash", "Parent Relationship": "Inner", "Startup Cost": 552133.97, "Total Cost": 552133.97, "Plan Rows": 710459, "Plan Width": 25, "Actual Startup Time": 8138.334, "Actual Total Time": 8138.334, "Actual Rows": 285537, "Actual Loops": 1, "Hash Buckets": 1048576, "Hash Batches": 1, "Original Hash Batches": 1, "Peak Memory Usage": 15952, "Plans": [{"Node Type": "Hash Join", "Parent Relationship": "Outer", "Join Type": "Inner", "Startup Cost": 341891.88, "Total Cost": 552133.97, "Plan Rows": 710459, "Plan Width": 25, "Actual Startup Time": 7533.343, "Actual Total Time": 8053.886, "Actual Rows": 285537, "Actual Loops": 1, "Inner Unique": true, "Hash Cond": "(ci.person_id = n1.id), (LLVM Optimized, Jit Execute)", "Plans": [{"Node Type": "Hash Join", "Parent Relationship": "Outer", "Join Type": "Inner", "Startup Cost": 196726.36, "Total Cost": 397199.64, "Plan Rows": 710459, "Plan Width": 21, "Actual Startup Time": 4459.627, "Actual Total Time": 4870.581, "Actual Rows": 285537, "Actual Loops": 1, "Inner Unique": false, "Hash Cond": "(ci.movie_id = t.id), (LLVM Optimized, Jit Execute)", "Plans": [{"Node Type": "Nested Loop", "Parent Relationship": "Outer", "Join Type": "Inner", "Startup Cost": 0.0, "Total Cost": 171406.94, "Plan Rows": 3296318, "Plan Width": 8, "Actual Startup Time": 0.114, "Actual Total Time": 204.825, "Actual Rows": 276403, "Actual Loops": 1, "Inner Unique": false, "Plans": [{"Node Type": "Seq Scan", "Parent Relationship": "Outer", "Relation Name": "role_type", "Alias": "rt", "Startup Cost": 0.0, "Total Cost": 1.15, "Plan Rows": 1, "Plan Width": 4, "Actual Startup Time": 0.041, "Actual Total Time": 0.055, "Actual Rows": 1, "Actual Loops": 1, "Filter": "((role)::text = 'costume designer'::text)", "Rows Removed by Filter": 11}, {"Node Type": "Index Scan", "Parent Relationship": "Inner", "Scan Direction": "Forward", "Index Name": "role_id_cast_info", "Relation Name": "cast_info", "Alias": "ci", "Startup Cost": 0.0, "Total Cost": 138442.61, "Plan Rows": 3296318, "Plan Width": 12, "Actual Startup Time": 0.059, "Actual Total Time": 150.812, "Actual Rows": 276403, "Actual Loops": 1, "Index Cond": "(role_id = rt.id), (LLVM Optimized, Jit Execute)", "Rows Removed by Index Recheck": 0}]}, {"Node Type": "Hash", "Parent Relationship": "Inner", "Startup Cost": 180697.47, "Total Cost": 180697.47, "Plan Rows": 1282311, "Plan Width": 25, "Actual Startup Time": 4453.739, "Actual Total Time": 4453.739, "Actual Rows": 1153797, "Actual Loops": 1, "Hash Buckets": 2097152, "Hash Batches": 1, "Original Hash Batches": 1, "Peak Memory Usage": 68508, "Plans": [{"Node Type": "Hash Join", "Parent Relationship": "Outer", "Join Type": "Inner", "Startup Cost": 98641.07, "Total Cost": 180697.47, "Plan Rows": 1282311, "Plan Width": 25, "Actual Startup Time": 1827.854, "Actual Total Time": 3974.898, "Actual Rows": 1153797, "Actual Loops": 1, "Inner Unique": true, "Hash Cond": "(mc.movie_id = t.id), (LLVM Optimized, Jit Execute)", "Plans": [{"Node Type": "Hash Join", "Parent Relationship": "Outer", "Join Type": "Inner", "Startup Cost": 6968.08, "Total Cost": 71392.69, "Plan Rows": 1282311, "Plan Width": 4, "Actual Startup Time": 113.03, "Actual Total Time": 1555.125, "Actual Rows": 1153797, "Actual Loops": 1, "Inner Unique": true, "Hash Cond": "(mc.company_id = cn.id), (LLVM Optimized, Jit Execute)", "Plans": [{"Node Type": "Seq Scan", "Parent Relationship": "Outer", "Relation Name": "movie_companies", "Alias": "mc", "Startup Cost": 0.0, "Total Cost": 41817.28, "Plan Rows": 2609128, "Plan Width": 8, "Actual Startup Time": 0.03, "Actual Total Time": 611.128, "Actual Rows": 2609128, "Actual Loops": 1}, {"Node Type": "Hash", "Parent Relationship": "Inner", "Startup Cost": 5903.45, "Total Cost": 5903.45, "Plan Rows": 85170, "Plan Width": 4, "Actual Startup Time": 112.907, "Actual Total Time": 112.907, "Actual Rows": 84843, "Actual Loops": 1, "Hash Buckets": 131072, "Hash Batches": 1, "Original Hash Batches": 1, "Peak Memory Usage": 2983, "Plans": [{"Node Type": "Seq Scan", "Parent Relationship": "Outer", "Relation Name": "company_name", "Alias": "cn", "Startup Cost": 0.0, "Total Cost": 5903.45, "Plan Rows": 85170, "Plan Width": 4, "Actual Startup Time": 0.024, "Actual Total Time": 90.615, "Actual Rows": 84843, "Actual Loops": 1, "Filter": "((country_code)::text = '[us]'::text)", "Rows Removed by Filter": 150153}]}]}, {"Node Type": "Hash", "Parent Relationship": "Inner", "Startup Cost": 60069.11, "Total Cost": 60069.11, "Plan Rows": 2528311, "Plan Width": 21, "Actual Startup Time": 1712.366, "Actual Total Time": 1712.366, "Actual Rows": 2528311, "Actual Loops": 1, "Hash Buckets": 4194304, "Hash Batches": 1, "Original Hash Batches": 1, "Peak Memory Usage": 135869, "Plans": [{"Node Type": "Seq Scan", "Parent Relationship": "Outer", "Relation Name": "title", "Alias": "t", "Startup Cost": 0.0, "Total Cost": 60069.11, "Plan Rows": 2528311, "Plan Width": 21, "Actual Startup Time": 0.031, "Actual Total Time": 797.49, "Actual Rows": 2528311, "Actual Loops": 1}]}]}]}]}, {"Node Type": "Hash", "Parent Relationship": "Inner", "Startup Cost": 93071.9, "Total Cost": 93071.9, "Plan Rows": 4167490, "Plan Width": 4, "Actual Startup Time": 3070.895, "Actual Total Time": 3070.895, "Actual Rows": 4167490, "Actual Loops": 1, "Hash Buckets": 4194304, "Hash Batches": 1, "Original Hash Batches": 1, "Peak Memory Usage": 146514, "Plans": [{"Node Type": "Seq Scan", "Parent Relationship": "Outer", "Relation Name": "name", "Alias": "n1", "Startup Cost": 0.0, "Total Cost": 93071.9, "Plan Rows": 4167490, "Plan Width": 4, "Actual Startup Time": 0.06, "Actual Total Time": 1293.196, "Actual Rows": 4167490, "Actual Loops": 1}]}]}]}]}]}, "Triggers": [], "Planner Runtime": 82.375, "Total Runtime": 8832.037, "Unique SQL Id": 2457761703}}, "(1, '69')": {"explain_plan": {"Plan": {"Node Type": "Aggregate", "Strategy": "Plain", "Startup Cost": 772871.67, "Total Cost": 772871.68, "Plan Rows": 1, "Plan Width": 97, "Plans": [{"Node Type": "Nested Loop", "Parent Relationship": "Outer", "Join Type": "Inner", "Startup Cost": 599201.04, "Total Cost": 771086.18, "Plan Rows": 357098, "Plan Width": 33, "Inner Unique": true, "Join Filter": "(an1.person_id = n1.id), (LLVM Optimized)", "Plans": [{"Node Type": "Merge Join", "Parent Relationship": "Outer", "Join Type": "Inner", "Startup Cost": 599201.04, "Total Cost": 667567.53, "Plan Rows": 357098, "Plan Width": 41, "Inner Unique": false, "Merge Cond": "(ci.person_id = an1.person_id)", "Plans": [{"Node Type": "Sort", "Parent Relationship": "Outer", "Startup Cost": 599200.97, "Total Cost": 600977.12, "Plan Rows": 710459, "Plan Width": 21, "Sort Key": ["ci.person_id"], "Plans": [{"Node Type": "Hash Join", "Parent Relationship": "Outer", "Join Type": "Inner", "Startup Cost": 329665.48, "Total Cost": 530150.07, "Plan Rows": 710459, "Plan Width": 21, "Inner Unique": false, "Hash Cond": "(ci.movie_id = t.id), (LLVM Optimized)", "Plans": [{"Node Type": "Nested Loop", "Parent Relationship": "Outer", "Join Type": "Inner", "Startup Cost": 0.0, "Total Cost": 171418.25, "Plan Rows": 3296318, "Plan Width": 8, "Inner Unique": false, "Plans": [{"Node Type": "Index Scan", "Parent Relationship": "Outer", "Scan Direction": "Forward", "Index Name": "role_type_pkey", "Relation Name": "role_type", "Alias": "rt", "Startup Cost": 0.0, "Total Cost": 12.46, "Plan Rows": 1, "Plan Width": 4, "Filter": "((role)::text = 'costume designer'::text)"}, {"Node Type": "Index Scan", "Parent Relationship": "Inner", "Scan Direction": "Forward", "Index Name": "role_id_cast_info", "Relation Name": "cast_info", "Alias": "ci", "Startup Cost": 0.0, "Total Cost": 138442.61, "Plan Rows": 3296318, "Plan Width": 12, "Index Cond": "(role_id = rt.id), (LLVM Optimized)"}]}, {"Node Type": "Hash", "Parent Relationship": "Inner", "Startup Cost": 313636.59, "Total Cost": 313636.59, "Plan Rows": 1282311, "Plan Width": 25, "Plans": [{"Node Type": "Hash Join", "Parent Relationship": "Outer", "Join Type": "Inner", "Startup Cost": 11568.59, "Total Cost": 313636.59, "Plan Rows": 1282311, "Plan Width": 25, "Inner Unique": true, "Hash Cond": "(mc.company_id = cn.id), (LLVM Optimized)", "Plans": [{"Node Type": "Merge Join", "Parent Relationship": "Outer", "Join Type": "Inner", "Startup Cost": 2.58, "Total Cost": 279463.24, "Plan Rows": 2609128, "Plan Width": 29, "Inner Unique": false, "Merge Cond": "(t.id = mc.movie_id)", "Plans": [{"Node Type": "Index Scan", "Parent Relationship": "Outer", "Scan Direction": "Forward", "Index Name": "title_pkey", "Relation Name": "title", "Alias": "t", "Startup Cost": 0.0, "Total Cost": 110120.49, "Plan Rows": 2528311, "Plan Width": 21}, {"Node Type": "Index Scan", "Parent Relationship": "Inner", "Scan Direction": "Forward", "Index Name": "movie_id_movie_companies", "Relation Name": "movie_companies", "Alias": "mc", "Startup Cost": 0.0, "Total Cost": 130519.46, "Plan Rows": 2609128, "Plan Width": 8}]}, {"Node Type": "Hash", "Parent Relationship": "Inner", "Startup Cost": 10501.39, "Total Cost": 10501.39, "Plan Rows": 85170, "Plan Width": 4, "Plans": [{"Node Type": "Index Scan", "Parent Relationship": "Outer", "Scan Direction": "Forward", "Index Name": "company_name_pkey", "Relation Name": "company_name", "Alias": "cn", "Startup Cost": 0.0, "Total Cost": 10501.39, "Plan Rows": 85170, "Plan Width": 4, "Filter": "((country_code)::text = '[us]'::text)"}]}]}]}]}]}, {"Node Type": "Index Scan", "Parent Relationship": "Inner", "Scan Direction": "Forward", "Index Name": "person_id_aka_name", "Relation Name": "aka_name", "Alias": "an1", "Startup Cost": 0.0, "Total Cost": 68965.03, "Plan Rows": 901342, "Plan Width": 20}]}, {"Node Type": "Index Scan", "Parent Relationship": "Inner", "Scan Direction": "Forward", "Index Name": "name_pkey", "Relation Name": "name", "Alias": "n1", "Startup Cost": 0.0, "Total Cost": 0.28, "Plan Rows": 1, "Plan Width": 4, "Index Cond": "(id = ci.person_id)"}]}]}, "Unique SQL Id": 2457761703, "Planner Runtime": 73}, "explain_analyze_plan": {"Plan": {"Node Type": "Aggregate", "Strategy": "Plain", "Startup Cost": 772871.67, "Total Cost": 772871.68, "Plan Rows": 1, "Plan Width": 97, "Actual Startup Time": 10748.598, "Actual Total Time": 10748.598, "Actual Rows": 1, "Actual Loops": 1, "Plans": [{"Node Type": "Nested Loop", "Parent Relationship": "Outer", "Join Type": "Inner", "Startup Cost": 599201.04, "Total Cost": 771086.18, "Plan Rows": 357098, "Plan Width": 33, "Actual Startup Time": 8528.522, "Actual Total Time": 10558.44, "Actual Rows": 323005, "Actual Loops": 1, "Inner Unique": true, "Join Filter": "(an1.person_id = n1.id), (LLVM Optimized, Jit Execute)", "Rows Removed by Join Filter": 0, "Plans": [{"Node Type": "Merge Join", "Parent Relationship": "Outer", "Join Type": "Inner", "Startup Cost": 599201.04, "Total Cost": 667567.53, "Plan Rows": 357098, "Plan Width": 41, "Actual Startup Time": 8528.49, "Actual Total Time": 9473.274, "Actual Rows": 323005, "Actual Loops": 1, "Inner Unique": false, "Merge Cond": "(ci.person_id = an1.person_id)", "Plans": [{"Node Type": "Sort", "Parent Relationship": "Outer", "Startup Cost": 599200.97, "Total Cost": 600977.12, "Plan Rows": 710459, "Plan Width": 21, "Actual Startup Time": 8528.388, "Actual Total Time": 8577.48, "Actual Rows": 285537, "Actual Loops": 1, "Sort Key": ["ci.person_id"], "Sort Method": "quicksort", "Sort Space Used": 39613, "Sort Space Type": "Memory", "Plans": [{"Node Type": "Hash Join", "Parent Relationship": "Outer", "Join Type": "Inner", "Startup Cost": 329665.48, "Total Cost": 530150.07, "Plan Rows": 710459, "Plan Width": 21, "Actual Startup Time": 8060.002, "Actual Total Time": 8442.301, "Actual Rows": 285537, "Actual Loops": 1, "Inner Unique": false, "Hash Cond": "(ci.movie_id = t.id), (LLVM Optimized, Jit Execute)", "Plans": [{"Node Type": "Nested Loop", "Parent Relationship": "Outer", "Join Type": "Inner", "Startup Cost": 0.0, "Total Cost": 171418.25, "Plan Rows": 3296318, "Plan Width": 8, "Actual Startup Time": 0.079, "Actual Total Time": 192.76, "Actual Rows": 276403, "Actual Loops": 1, "Inner Unique": false, "Plans": [{"Node Type": "Index Scan", "Parent Relationship": "Outer", "Scan Direction": "Forward", "Index Name": "role_type_pkey", "Relation Name": "role_type", "Alias": "rt", "Startup Cost": 0.0, "Total Cost": 12.46, "Plan Rows": 1, "Plan Width": 4, "Actual Startup Time": 0.024, "Actual Total Time": 0.165, "Actual Rows": 1, "Actual Loops": 1, "Filter": "((role)::text = 'costume designer'::text)", "Rows Removed by Filter": 11}, {"Node Type": "Index Scan", "Parent Relationship": "Inner", "Scan Direction": "Forward", "Index Name": "role_id_cast_info", "Relation Name": "cast_info", "Alias": "ci", "Startup Cost": 0.0, "Total Cost": 138442.61, "Plan Rows": 3296318, "Plan Width": 12, "Actual Startup Time": 0.051, "Actual Total Time": 138.652, "Actual Rows": 276403, "Actual Loops": 1, "Index Cond": "(role_id = rt.id), (LLVM Optimized, Jit Execute)", "Rows Removed by Index Recheck": 0}]}, {"Node Type": "Hash", "Parent Relationship": "Inner", "Startup Cost": 313636.59, "Total Cost": 313636.59, "Plan Rows": 1282311, "Plan Width": 25, "Actual Startup Time": 8058.213, "Actual Total Time": 8058.213, "Actual Rows": 1153797, "Actual Loops": 1, "Hash Buckets": 2097152, "Hash Batches": 1, "Original Hash Batches": 1, "Peak Memory Usage": 68508, "Plans": [{"Node Type": "Hash Join", "Parent Relationship": "Outer", "Join Type": "Inner", "Startup Cost": 11568.59, "Total Cost": 313636.59, "Plan Rows": 1282311, "Plan Width": 25, "Actual Startup Time": 358.061, "Actual Total Time": 7566.765, "Actual Rows": 1153797, "Actual Loops": 1, "Inner Unique": true, "Hash Cond": "(mc.company_id = cn.id), (LLVM Optimized, Jit Execute)", "Plans": [{"Node Type": "Merge Join", "Parent Relationship": "Outer", "Join Type": "Inner", "Startup Cost": 2.58, "Total Cost": 279463.24, "Plan Rows": 2609128, "Plan Width": 29, "Actual Startup Time": 0.063, "Actual Total Time": 6367.231, "Actual Rows": 2609128, "Actual Loops": 1, "Inner Unique": false, "Merge Cond": "(t.id = mc.movie_id)", "Plans": [{"Node Type": "Index Scan", "Parent Relationship": "Outer", "Scan Direction": "Forward", "Index Name": "title_pkey", "Relation Name": "title", "Alias": "t", "Startup Cost": 0.0, "Total Cost": 110120.49, "Plan Rows": 2528311, "Plan Width": 21, "Actual Startup Time": 0.026, "Actual Total Time": 3057.199, "Actual Rows": 2525745, "Actual Loops": 1}, {"Node Type": "Index Scan", "Parent Relationship": "Inner", "Scan Direction": "Forward", "Index Name": "movie_id_movie_companies", "Relation Name": "movie_companies", "Alias": "mc", "Startup Cost": 0.0, "Total Cost": 130519.46, "Plan Rows": 2609128, "Plan Width": 8, "Actual Startup Time": 0.024, "Actual Total Time": 1795.744, "Actual Rows": 2609128, "Actual Loops": 1}]}, {"Node Type": "Hash", "Parent Relationship": "Inner", "Startup Cost": 10501.39, "Total Cost": 10501.39, "Plan Rows": 85170, "Plan Width": 4, "Actual Startup Time": 357.862, "Actual Total Time": 357.862, "Actual Rows": 84843, "Actual Loops": 1, "Hash Buckets": 131072, "Hash Batches": 1, "Original Hash Batches": 1, "Peak Memory Usage": 2983, "Plans": [{"Node Type": "Index Scan", "Parent Relationship": "Outer", "Scan Direction": "Forward", "Index Name": "company_name_pkey", "Relation Name": "company_name", "Alias": "cn", "Startup Cost": 0.0, "Total Cost": 10501.39, "Plan Rows": 85170, "Plan Width": 4, "Actual Startup Time": 0.032, "Actual Total Time": 329.513, "Actual Rows": 84843, "Actual Loops": 1, "Filter": "((country_code)::text = '[us]'::text)", "Rows Removed by Filter": 150153}]}]}]}]}]}, {"Node Type": "Index Scan", "Parent Relationship": "Inner", "Scan Direction": "Forward", "Index Name": "person_id_aka_name", "Relation Name": "aka_name", "Alias": "an1", "Startup Cost": 0.0, "Total Cost": 68965.03, "Plan Rows": 901342, "Plan Width": 20, "Actual Startup Time": 0.053, "Actual Total Time": 640.08, "Actual Rows": 1003872, "Actual Loops": 1}]}, {"Node Type": "Index Scan", "Parent Relationship": "Inner", "Scan Direction": "Forward", "Index Name": "name_pkey", "Relation Name": "name", "Alias": "n1", "Startup Cost": 0.0, "Total Cost": 0.28, "Plan Rows": 1, "Plan Width": 4, "Actual Startup Time": 830.476, "Actual Total Time": 830.476, "Actual Rows": 323005, "Actual Loops": 323005, "Index Cond": "(id = ci.person_id)", "Rows Removed by Index Recheck": 0}]}]}, "Triggers": [], "Planner Runtime": 74.625, "Total Runtime": 10759.325, "Unique SQL Id": 2457761703}}, "(1, '70')": {"explain_plan": {"Plan": {"Node Type": "Aggregate", "Strategy": "Plain", "Startup Cost": 808403.05, "Total Cost": 808403.06, "Plan Rows": 1, "Plan Width": 97, "Plans": [{"Node Type": "Hash Join", "Parent Relationship": "Outer", "Join Type": "Inner", "Startup Cost": 779365.79, "Total Cost": 806617.56, "Plan Rows": 357098, "Plan Width": 33, "Inner Unique": false, "Hash Cond": "(an1.person_id = n1.id), (LLVM Optimized)", "Plans": [{"Node Type": "Seq Scan", "Parent Relationship": "Outer", "Relation Name": "aka_name", "Alias": "an1", "Startup Cost": 0.0, "Total Cost": 19908.42, "Plan Rows": 901342, "Plan Width": 20}, {"Node Type": "Hash", "Parent Relationship": "Inner", "Startup Cost": 770485.05, "Total Cost": 770485.05, "Plan Rows": 710459, "Plan Width": 25, "Plans": [{"Node Type": "Hash Join", "Parent Relationship": "Outer", "Join Type": "Inner", "Startup Cost": 418198.6, "Total Cost": 770485.05, "Plan Rows": 710459, "Plan Width": 25, "Inner Unique": true, "Hash Cond": "(ci.person_id = n1.id), (LLVM Optimized)", "Plans": [{"Node Type": "Hash Join", "Parent Relationship": "Outer", "Join Type": "Inner", "Startup Cost": 273033.07, "Total Cost": 615550.72, "Plan Rows": 710459, "Plan Width": 21, "Inner Unique": false, "Hash Cond": "(ci.movie_id = t.id), (LLVM Optimized)", "Plans": [{"Node Type": "Nested Loop", "Parent Relationship": "Outer", "Join Type": "Inner", "Startup Cost": 76306.71, "Total Cost": 389758.02, "Plan Rows": 3296318, "Plan Width": 8, "Inner Unique": false, "Plans": [{"Node Type": "Seq Scan", "Parent Relationship": "Outer", "Relation Name": "role_type", "Alias": "rt", "Startup Cost": 0.0, "Total Cost": 1.15, "Plan Rows": 1, "Plan Width": 4, "Filter": "((role)::text = 'costume designer'::text)"}, {"Node Type": "Bitmap Heap Scan", "Parent Relationship": "Inner", "Relation Name": "cast_info", "Alias": "ci", "Startup Cost": 76306.71, "Total Cost": 356793.69, "Plan Rows": 3296318, "Plan Width": 12, "Recheck Cond": "(role_id = rt.id), (LLVM Optimized)", "Plans": [{"Node Type": "Bitmap Index Scan", "Parent Relationship": "Outer", "Index Name": "role_id_cast_info", "Startup Cost": 0.0, "Total Cost": 75482.63, "Plan Rows": 3296318, "Plan Width": 0, "Index Cond": "(role_id = rt.id)"}]}]}, {"Node Type": "Hash", "Parent Relationship": "Inner", "Startup Cost": 180697.47, "Total Cost": 180697.47, "Plan Rows": 1282311, "Plan Width": 25, "Plans": [{"Node Type": "Hash Join", "Parent Relationship": "Outer", "Join Type": "Inner", "Startup Cost": 98641.07, "Total Cost": 180697.47, "Plan Rows": 1282311, "Plan Width": 25, "Inner Unique": true, "Hash Cond": "(mc.movie_id = t.id), (LLVM Optimized)", "Plans": [{"Node Type": "Hash Join", "Parent Relationship": "Outer", "Join Type": "Inner", "Startup Cost": 6968.08, "Total Cost": 71392.69, "Plan Rows": 1282311, "Plan Width": 4, "Inner Unique": true, "Hash Cond": "(mc.company_id = cn.id), (LLVM Optimized)", "Plans": [{"Node Type": "Seq Scan", "Parent Relationship": "Outer", "Relation Name": "movie_companies", "Alias": "mc", "Startup Cost": 0.0, "Total Cost": 41817.28, "Plan Rows": 2609128, "Plan Width": 8}, {"Node Type": "Hash", "Parent Relationship": "Inner", "Startup Cost": 5903.45, "Total Cost": 5903.45, "Plan Rows": 85170, "Plan Width": 4, "Plans": [{"Node Type": "Seq Scan", "Parent Relationship": "Outer", "Relation Name": "company_name", "Alias": "cn", "Startup Cost": 0.0, "Total Cost": 5903.45, "Plan Rows": 85170, "Plan Width": 4, "Filter": "((country_code)::text = '[us]'::text)"}]}]}, {"Node Type": "Hash", "Parent Relationship": "Inner", "Startup Cost": 60069.11, "Total Cost": 60069.11, "Plan Rows": 2528311, "Plan Width": 21, "Plans": [{"Node Type": "Seq Scan", "Parent Relationship": "Outer", "Relation Name": "title", "Alias": "t", "Startup Cost": 0.0, "Total Cost": 60069.11, "Plan Rows": 2528311, "Plan Width": 21}]}]}]}]}, {"Node Type": "Hash", "Parent Relationship": "Inner", "Startup Cost": 93071.9, "Total Cost": 93071.9, "Plan Rows": 4167490, "Plan Width": 4, "Plans": [{"Node Type": "Seq Scan", "Parent Relationship": "Outer", "Relation Name": "name", "Alias": "n1", "Startup Cost": 0.0, "Total Cost": 93071.9, "Plan Rows": 4167490, "Plan Width": 4}]}]}]}]}]}, "Unique SQL Id": 2457761703, "Planner Runtime": 57}, "explain_analyze_plan": {"Plan": {"Node Type": "Aggregate", "Strategy": "Plain", "Startup Cost": 808403.05, "Total Cost": 808403.06, "Plan Rows": 1, "Plan Width": 97, "Actual Startup Time": 8171.997, "Actual Total Time": 8171.997, "Actual Rows": 1, "Actual Loops": 1, "Plans": [{"Node Type": "Hash Join", "Parent Relationship": "Outer", "Join Type": "Inner", "Startup Cost": 779365.79, "Total Cost": 806617.56, "Plan Rows": 357098, "Plan Width": 33, "Actual Startup Time": 7462.893, "Actual Total Time": 8027.597, "Actual Rows": 323005, "Actual Loops": 1, "Inner Unique": false, "Hash Cond": "(an1.person_id = n1.id), (LLVM Optimized, Jit Execute)", "Plans": [{"Node Type": "Seq Scan", "Parent Relationship": "Outer", "Relation Name": "aka_name", "Alias": "an1", "Startup Cost": 0.0, "Total Cost": 19908.42, "Plan Rows": 901342, "Plan Width": 20, "Actual Startup Time": 0.026, "Actual Total Time": 239.447, "Actual Rows": 901342, "Actual Loops": 1}, {"Node Type": "Hash", "Parent Relationship": "Inner", "Startup Cost": 770485.05, "Total Cost": 770485.05, "Plan Rows": 710459, "Plan Width": 25, "Actual Startup Time": 7456.772, "Actual Total Time": 7456.772, "Actual Rows": 285537, "Actual Loops": 1, "Hash Buckets": 1048576, "Hash Batches": 1, "Original Hash Batches": 1, "Peak Memory Usage": 15952, "Plans": [{"Node Type": "Hash Join", "Parent Relationship": "Outer", "Join Type": "Inner", "Startup Cost": 418198.6, "Total Cost": 770485.05, "Plan Rows": 710459, "Plan Width": 25, "Actual Startup Time": 6945.956, "Actual Total Time": 7372.655, "Actual Rows": 285537, "Actual Loops": 1, "Inner Unique": true, "Hash Cond": "(ci.person_id = n1.id), (LLVM Optimized, Jit Execute)", "Plans": [{"Node Type": "Hash Join", "Parent Relationship": "Outer", "Join Type": "Inner", "Startup Cost": 273033.07, "Total Cost": 615550.72, "Plan Rows": 710459, "Plan Width": 21, "Actual Startup Time": 4322.349, "Actual Total Time": 4632.043, "Actual Rows": 285537, "Actual Loops": 1, "Inner Unique": false, "Hash Cond": "(ci.movie_id = t.id), (LLVM Optimized, Jit Execute)", "Plans": [{"Node Type": "Nested Loop", "Parent Relationship": "Outer", "Join Type": "Inner", "Startup Cost": 76306.71, "Total Cost": 389758.02, "Plan Rows": 3296318, "Plan Width": 8, "Actual Startup Time": 33.816, "Actual Total Time": 169.659, "Actual Rows": 276403, "Actual Loops": 1, "Inner Unique": false, "Plans": [{"Node Type": "Seq Scan", "Parent Relationship": "Outer", "Relation Name": "role_type", "Alias": "rt", "Startup Cost": 0.0, "Total Cost": 1.15, "Plan Rows": 1, "Plan Width": 4, "Actual Startup Time": 0.047, "Actual Total Time": 0.061, "Actual Rows": 1, "Actual Loops": 1, "Filter": "((role)::text = 'costume designer'::text)", "Rows Removed by Filter": 11}, {"Node Type": "Bitmap Heap Scan", "Parent Relationship": "Inner", "Relation Name": "cast_info", "Alias": "ci", "Startup Cost": 76306.71, "Total Cost": 356793.69, "Plan Rows": 3296318, "Plan Width": 12, "Actual Startup Time": 33.745, "Actual Total Time": 119.892, "Actual Rows": 276403, "Actual Loops": 1, "Recheck Cond": "(role_id = rt.id), (LLVM Optimized, Jit Execute)", "Rows Removed by Index Recheck": 0, "Exact Heap Blocks": 1654, "Lossy Heap Blocks": 1654, "Plans": [{"Node Type": "Bitmap Index Scan", "Parent Relationship": "Outer", "Index Name": "role_id_cast_info", "Startup Cost": 0.0, "Total Cost": 75482.63, "Plan Rows": 3296318, "Plan Width": 0, "Actual Startup Time": 33.447, "Actual Total Time": 33.447, "Actual Rows": 276403, "Actual Loops": 1, "Index Cond": "(role_id = rt.id)"}]}]}, {"Node Type": "Hash", "Parent Relationship": "Inner", "Startup Cost": 180697.47, "Total Cost": 180697.47, "Plan Rows": 1282311, "Plan Width": 25, "Actual Startup Time": 4283.714, "Actual Total Time": 4283.714, "Actual Rows": 1153797, "Actual Loops": 1, "Hash Buckets": 2097152, "Hash Batches": 1, "Original Hash Batches": 1, "Peak Memory Usage": 68508, "Plans": [{"Node Type": "Hash Join", "Parent Relationship": "Outer", "Join Type": "Inner", "Startup Cost": 98641.07, "Total Cost": 180697.47, "Plan Rows": 1282311, "Plan Width": 25, "Actual Startup Time": 1838.488, "Actual Total Time": 3873.861, "Actual Rows": 1153797, "Actual Loops": 1, "Inner Unique": true, "Hash Cond": "(mc.movie_id = t.id), (LLVM Optimized, Jit Execute)", "Plans": [{"Node Type": "Hash Join", "Parent Relationship": "Outer", "Join Type": "Inner", "Startup Cost": 6968.08, "Total Cost": 71392.69, "Plan Rows": 1282311, "Plan Width": 4, "Actual Startup Time": 112.48, "Actual Total Time": 1529.082, "Actual Rows": 1153797, "Actual Loops": 1, "Inner Unique": true, "Hash Cond": "(mc.company_id = cn.id), (LLVM Optimized, Jit Execute)", "Plans": [{"Node Type": "Seq Scan", "Parent Relationship": "Outer", "Relation Name": "movie_companies", "Alias": "mc", "Startup Cost": 0.0, "Total Cost": 41817.28, "Plan Rows": 2609128, "Plan Width": 8, "Actual Startup Time": 0.035, "Actual Total Time": 596.686, "Actual Rows": 2609128, "Actual Loops": 1}, {"Node Type": "Hash", "Parent Relationship": "Inner", "Startup Cost": 5903.45, "Total Cost": 5903.45, "Plan Rows": 85170, "Plan Width": 4, "Actual Startup Time": 112.344, "Actual Total Time": 112.344, "Actual Rows": 84843, "Actual Loops": 1, "Hash Buckets": 131072, "Hash Batches": 1, "Original Hash Batches": 1, "Peak Memory Usage": 2983, "Plans": [{"Node Type": "Seq Scan", "Parent Relationship": "Outer", "Relation Name": "company_name", "Alias": "cn", "Startup Cost": 0.0, "Total Cost": 5903.45, "Plan Rows": 85170, "Plan Width": 4, "Actual Startup Time": 0.039, "Actual Total Time": 89.949, "Actual Rows": 84843, "Actual Loops": 1, "Filter": "((country_code)::text = '[us]'::text)", "Rows Removed by Filter": 150153}]}]}, {"Node Type": "Hash", "Parent Relationship": "Inner", "Startup Cost": 60069.11, "Total Cost": 60069.11, "Plan Rows": 2528311, "Plan Width": 21, "Actual Startup Time": 1723.593, "Actual Total Time": 1723.593, "Actual Rows": 2528311, "Actual Loops": 1, "Hash Buckets": 4194304, "Hash Batches": 1, "Original Hash Batches": 1, "Peak Memory Usage": 135869, "Plans": [{"Node Type": "Seq Scan", "Parent Relationship": "Outer", "Relation Name": "title", "Alias": "t", "Startup Cost": 0.0, "Total Cost": 60069.11, "Plan Rows": 2528311, "Plan Width": 21, "Actual Startup Time": 0.031, "Actual Total Time": 804.27, "Actual Rows": 2528311, "Actual Loops": 1}]}]}]}]}, {"Node Type": "Hash", "Parent Relationship": "Inner", "Startup Cost": 93071.9, "Total Cost": 93071.9, "Plan Rows": 4167490, "Plan Width": 4, "Actual Startup Time": 2621.122, "Actual Total Time": 2621.122, "Actual Rows": 4167490, "Actual Loops": 1, "Hash Buckets": 4194304, "Hash Batches": 1, "Original Hash Batches": 1, "Peak Memory Usage": 146514, "Plans": [{"Node Type": "Seq Scan", "Parent Relationship": "Outer", "Relation Name": "name", "Alias": "n1", "Startup Cost": 0.0, "Total Cost": 93071.9, "Plan Rows": 4167490, "Plan Width": 4, "Actual Startup Time": 0.026, "Actual Total Time": 1255.583, "Actual Rows": 4167490, "Actual Loops": 1}]}]}]}]}]}, "Triggers": [], "Planner Runtime": 58.673, "Total Runtime": 8183.631, "Unique SQL Id": 2457761703}}, "(1, '71')": {"explain_plan": {"Plan": {"Node Type": "Aggregate", "Strategy": "Plain", "Startup Cost": 1000069787565.86, "Total Cost": 1000069787565.87, "Plan Rows": 1, "Plan Width": 97, "Plans": [{"Node Type": "Nested Loop", "Parent Relationship": "Outer", "Join Type": "Inner", "Startup Cost": 10000000001.8, "Total Cost": 1000069785780.37, "Plan Rows": 357098, "Plan Width": 33, "Inner Unique": true, "Plans": [{"Node Type": "Nested Loop", "Parent Relationship": "Outer", "Join Type": "Inner", "Startup Cost": 10000000001.54, "Total Cost": 1000068255744.11, "Plan Rows": 357379, "Plan Width": 24, "Inner Unique": true, "Join Filter": "(an1.person_id = n1.id), (LLVM Optimized)", "Plans": [{"Node Type": "Nested Loop", "Parent Relationship": "Outer", "Join Type": "Inner", "Startup Cost": 10000000001.28, "Total Cost": 1000066724564.96, "Plan Rows": 357379, "Plan Width": 32, "Inner Unique": false, "Plans": [{"Node Type": "Nested Loop", "Parent Relationship": "Outer", "Join Type": "Inner", "Startup Cost": 10000000001.03, "Total Cost": 1000063680996.82, "Plan Rows": 711018, "Plan Width": 12, "Inner Unique": true, "Plans": [{"Node Type": "Nested Loop", "Parent Relationship": "Outer", "Join Type": "Inner", "Startup Cost": 10000000000.77, "Total Cost": 1000030184746.51, "Plan Rows": 7821201, "Plan Width": 16, "Inner Unique": false, "Plans": [{"Node Type": "Nested Loop", "Parent Relationship": "Outer", "Join Type": "Inner", "Startup Cost": 10000000000.26, "Total Cost": 1000024227793.07, "Plan Rows": 1282311, "Plan Width": 4, "Inner Unique": true, "Plans": [{"Node Type": "Index Scan", "Parent Relationship": "Outer", "Scan Direction": "Forward", "Index Name": "movie_id_movie_companies", "Relation Name": "movie_companies", "Alias": "mc", "Startup Cost": 10000000000.0, "Total Cost": 1000013051946.13, "Plan Rows": 2609128, "Plan Width": 8}, {"Node Type": "Bitmap Heap Scan", "Parent Relationship": "Inner", "Relation Name": "company_name", "Alias": "cn", "Startup Cost": 0.26, "Total Cost": 4.27, "Plan Rows": 1, "Plan Width": 4, "Recheck Cond": "(id = mc.company_id)", "Filter": "((country_code)::text = '[us]'::text)", "Plans": [{"Node Type": "Bitmap Index Scan", "Parent Relationship": "Outer", "Index Name": "company_name_pkey", "Startup Cost": 0.0, "Total Cost": 0.26, "Plan Rows": 1, "Plan Width": 0, "Index Cond": "(id = mc.company_id)"}]}]}, {"Node Type": "Bitmap Heap Scan", "Parent Relationship": "Inner", "Relation Name": "cast_info", "Alias": "ci", "Startup Cost": 0.51, "Total Cost": 4.59, "Plan Rows": 6, "Plan Width": 12, "Recheck Cond": "(movie_id = mc.movie_id)", "Plans": [{"Node Type": "Bitmap Index Scan", "Parent Relationship": "Outer", "Index Name": "movie_id_cast_info", "Startup Cost": 0.0, "Total Cost": 0.51, "Plan Rows": 6, "Plan Width": 0, "Index Cond": "(movie_id = mc.movie_id)"}]}]}, {"Node Type": "Bitmap Heap Scan", "Parent Relationship": "Inner", "Relation Name": "role_type", "Alias": "rt", "Startup Cost": 0.26, "Total Cost": 4.27, "Plan Rows": 1, "Plan Width": 4, "Recheck Cond": "(id = ci.role_id)", "Filter": "((role)::text = 'costume designer'::text)", "Plans": [{"Node Type": "Bitmap Index Scan", "Parent Relationship": "Outer", "Index Name": "role_type_pkey", "Startup Cost": 0.0, "Total Cost": 0.26, "Plan Rows": 1, "Plan Width": 0, "Index Cond": "(id = ci.role_id)"}]}]}, {"Node Type": "Bitmap Heap Scan", "Parent Relationship": "Inner", "Relation Name": "aka_name", "Alias": "an1", "Startup Cost": 0.26, "Total Cost": 4.27, "Plan Rows": 1, "Plan Width": 20, "Recheck Cond": "(person_id = ci.person_id)", "Plans": [{"Node Type": "Bitmap Index Scan", "Parent Relationship": "Outer", "Index Name": "person_id_aka_name", "Startup Cost": 0.0, "Total Cost": 0.26, "Plan Rows": 1, "Plan Width": 0, "Index Cond": "(person_id = ci.person_id)"}]}]}, {"Node Type": "Bitmap Heap Scan", "Parent Relationship": "Inner", "Relation Name": "name", "Alias": "n1", "Startup Cost": 0.26, "Total Cost": 4.27, "Plan Rows": 1, "Plan Width": 4, "Recheck Cond": "(id = ci.person_id)", "Plans": [{"Node Type": "Bitmap Index Scan", "Parent Relationship": "Outer", "Index Name": "name_pkey", "Startup Cost": 0.0, "Total Cost": 0.26, "Plan Rows": 1, "Plan Width": 0, "Index Cond": "(id = ci.person_id)"}]}]}, {"Node Type": "Bitmap Heap Scan", "Parent Relationship": "Inner", "Relation Name": "title", "Alias": "t", "Startup Cost": 0.26, "Total Cost": 4.27, "Plan Rows": 1, "Plan Width": 21, "Recheck Cond": "(id = ci.movie_id)", "Plans": [{"Node Type": "Bitmap Index Scan", "Parent Relationship": "Outer", "Index Name": "title_pkey", "Startup Cost": 0.0, "Total Cost": 0.26, "Plan Rows": 1, "Plan Width": 0, "Index Cond": "(id = ci.movie_id)"}]}]}]}, "Unique SQL Id": 2457761703, "Planner Runtime": 6}, "explain_analyze_plan": null}, "(1, '72')": {"explain_plan": {"Plan": {"Node Type": "Aggregate", "Strategy": "Plain", "Startup Cost": 589695.38, "Total Cost": 589695.39, "Plan Rows": 1, "Plan Width": 97, "Plans": [{"Node Type": "Hash Join", "Parent Relationship": "Outer", "Join Type": "Inner", "Startup Cost": 561014.71, "Total Cost": 587909.89, "Plan Rows": 357098, "Plan Width": 33, "Inner Unique": false, "Hash Cond": "(an1.person_id = n1.id), (LLVM Optimized)", "Plans": [{"Node Type": "Seq Scan", "Parent Relationship": "Outer", "Relation Name": "aka_name", "Alias": "an1", "Startup Cost": 0.0, "Total Cost": 19908.42, "Plan Rows": 901342, "Plan Width": 20}, {"Node Type": "Hash", "Parent Relationship": "Inner", "Startup Cost": 552133.97, "Total Cost": 552133.97, "Plan Rows": 710459, "Plan Width": 25, "Plans": [{"Node Type": "Hash Join", "Parent Relationship": "Outer", "Join Type": "Inner", "Startup Cost": 341891.88, "Total Cost": 552133.97, "Plan Rows": 710459, "Plan Width": 25, "Inner Unique": true, "Hash Cond": "(ci.person_id = n1.id), (LLVM Optimized)", "Plans": [{"Node Type": "Hash Join", "Parent Relationship": "Outer", "Join Type": "Inner", "Startup Cost": 196726.36, "Total Cost": 397199.64, "Plan Rows": 710459, "Plan Width": 21, "Inner Unique": false, "Hash Cond": "(ci.movie_id = t.id), (LLVM Optimized)", "Plans": [{"Node Type": "Nested Loop", "Parent Relationship": "Outer", "Join Type": "Inner", "Startup Cost": 0.0, "Total Cost": 171406.94, "Plan Rows": 3296318, "Plan Width": 8, "Inner Unique": false, "Plans": [{"Node Type": "Seq Scan", "Parent Relationship": "Outer", "Relation Name": "role_type", "Alias": "rt", "Startup Cost": 0.0, "Total Cost": 1.15, "Plan Rows": 1, "Plan Width": 4, "Filter": "((role)::text = 'costume designer'::text)"}, {"Node Type": "Index Scan", "Parent Relationship": "Inner", "Scan Direction": "Forward", "Index Name": "role_id_cast_info", "Relation Name": "cast_info", "Alias": "ci", "Startup Cost": 0.0, "Total Cost": 138442.61, "Plan Rows": 3296318, "Plan Width": 12, "Index Cond": "(role_id = rt.id), (LLVM Optimized)"}]}, {"Node Type": "Hash", "Parent Relationship": "Inner", "Startup Cost": 180697.47, "Total Cost": 180697.47, "Plan Rows": 1282311, "Plan Width": 25, "Plans": [{"Node Type": "Hash Join", "Parent Relationship": "Outer", "Join Type": "Inner", "Startup Cost": 98641.07, "Total Cost": 180697.47, "Plan Rows": 1282311, "Plan Width": 25, "Inner Unique": true, "Hash Cond": "(mc.movie_id = t.id), (LLVM Optimized)", "Plans": [{"Node Type": "Hash Join", "Parent Relationship": "Outer", "Join Type": "Inner", "Startup Cost": 6968.08, "Total Cost": 71392.69, "Plan Rows": 1282311, "Plan Width": 4, "Inner Unique": true, "Hash Cond": "(mc.company_id = cn.id), (LLVM Optimized)", "Plans": [{"Node Type": "Seq Scan", "Parent Relationship": "Outer", "Relation Name": "movie_companies", "Alias": "mc", "Startup Cost": 0.0, "Total Cost": 41817.28, "Plan Rows": 2609128, "Plan Width": 8}, {"Node Type": "Hash", "Parent Relationship": "Inner", "Startup Cost": 5903.45, "Total Cost": 5903.45, "Plan Rows": 85170, "Plan Width": 4, "Plans": [{"Node Type": "Seq Scan", "Parent Relationship": "Outer", "Relation Name": "company_name", "Alias": "cn", "Startup Cost": 0.0, "Total Cost": 5903.45, "Plan Rows": 85170, "Plan Width": 4, "Filter": "((country_code)::text = '[us]'::text)"}]}]}, {"Node Type": "Hash", "Parent Relationship": "Inner", "Startup Cost": 60069.11, "Total Cost": 60069.11, "Plan Rows": 2528311, "Plan Width": 21, "Plans": [{"Node Type": "Seq Scan", "Parent Relationship": "Outer", "Relation Name": "title", "Alias": "t", "Startup Cost": 0.0, "Total Cost": 60069.11, "Plan Rows": 2528311, "Plan Width": 21}]}]}]}]}, {"Node Type": "Hash", "Parent Relationship": "Inner", "Startup Cost": 93071.9, "Total Cost": 93071.9, "Plan Rows": 4167490, "Plan Width": 4, "Plans": [{"Node Type": "Index Only Scan", "Parent Relationship": "Outer", "Scan Direction": "Forward", "Index Name": "name_pkey", "Relation Name": "name", "Alias": "n1", "Startup Cost": 0.0, "Total Cost": 93071.9, "Plan Rows": 4167490, "Plan Width": 4}]}]}]}]}]}, "Unique SQL Id": 2457761703, "Planner Runtime": 82}, "explain_analyze_plan": {"Plan": {"Node Type": "Aggregate", "Strategy": "Plain", "Startup Cost": 589695.38, "Total Cost": 589695.39, "Plan Rows": 1, "Plan Width": 97, "Actual Startup Time": 8564.844, "Actual Total Time": 8564.845, "Actual Rows": 1, "Actual Loops": 1, "Plans": [{"Node Type": "Hash Join", "Parent Relationship": "Outer", "Join Type": "Inner", "Startup Cost": 561014.71, "Total Cost": 587909.89, "Plan Rows": 357098, "Plan Width": 33, "Actual Startup Time": 7931.833, "Actual Total Time": 8421.386, "Actual Rows": 323005, "Actual Loops": 1, "Inner Unique": false, "Hash Cond": "(an1.person_id = n1.id), (LLVM Optimized, Jit Execute)", "Plans": [{"Node Type": "Seq Scan", "Parent Relationship": "Outer", "Relation Name": "aka_name", "Alias": "an1", "Startup Cost": 0.0, "Total Cost": 19908.42, "Plan Rows": 901342, "Plan Width": 20, "Actual Startup Time": 0.026, "Actual Total Time": 214.616, "Actual Rows": 901342, "Actual Loops": 1}, {"Node Type": "Hash", "Parent Relationship": "Inner", "Startup Cost": 552133.97, "Total Cost": 552133.97, "Plan Rows": 710459, "Plan Width": 25, "Actual Startup Time": 7922.263, "Actual Total Time": 7922.263, "Actual Rows": 285537, "Actual Loops": 1, "Hash Buckets": 1048576, "Hash Batches": 1, "Original Hash Batches": 1, "Peak Memory Usage": 15952, "Plans": [{"Node Type": "Hash Join", "Parent Relationship": "Outer", "Join Type": "Inner", "Startup Cost": 341891.88, "Total Cost": 552133.97, "Plan Rows": 710459, "Plan Width": 25, "Actual Startup Time": 7313.692, "Actual Total Time": 7835.153, "Actual Rows": 285537, "Actual Loops": 1, "Inner Unique": true, "Hash Cond": "(ci.person_id = n1.id), (LLVM Optimized, Jit Execute)", "Plans": [{"Node Type": "Hash Join", "Parent Relationship": "Outer", "Join Type": "Inner", "Startup Cost": 196726.36, "Total Cost": 397199.64, "Plan Rows": 710459, "Plan Width": 21, "Actual Startup Time": 4717.169, "Actual Total Time": 5125.561, "Actual Rows": 285537, "Actual Loops": 1, "Inner Unique": false, "Hash Cond": "(ci.movie_id = t.id), (LLVM Optimized, Jit Execute)", "Plans": [{"Node Type": "Nested Loop", "Parent Relationship": "Outer", "Join Type": "Inner", "Startup Cost": 0.0, "Total Cost": 171406.94, "Plan Rows": 3296318, "Plan Width": 8, "Actual Startup Time": 0.127, "Actual Total Time": 201.773, "Actual Rows": 276403, "Actual Loops": 1, "Inner Unique": false, "Plans": [{"Node Type": "Seq Scan", "Parent Relationship": "Outer", "Relation Name": "role_type", "Alias": "rt", "Startup Cost": 0.0, "Total Cost": 1.15, "Plan Rows": 1, "Plan Width": 4, "Actual Startup Time": 0.063, "Actual Total Time": 0.082, "Actual Rows": 1, "Actual Loops": 1, "Filter": "((role)::text = 'costume designer'::text)", "Rows Removed by Filter": 11}, {"Node Type": "Index Scan", "Parent Relationship": "Inner", "Scan Direction": "Forward", "Index Name": "role_id_cast_info", "Relation Name": "cast_info", "Alias": "ci", "Startup Cost": 0.0, "Total Cost": 138442.61, "Plan Rows": 3296318, "Plan Width": 12, "Actual Startup Time": 0.052, "Actual Total Time": 147.938, "Actual Rows": 276403, "Actual Loops": 1, "Index Cond": "(role_id = rt.id), (LLVM Optimized, Jit Execute)", "Rows Removed by Index Recheck": 0}]}, {"Node Type": "Hash", "Parent Relationship": "Inner", "Startup Cost": 180697.47, "Total Cost": 180697.47, "Plan Rows": 1282311, "Plan Width": 25, "Actual Startup Time": 4712.398, "Actual Total Time": 4712.398, "Actual Rows": 1153797, "Actual Loops": 1, "Hash Buckets": 2097152, "Hash Batches": 1, "Original Hash Batches": 1, "Peak Memory Usage": 68508, "Plans": [{"Node Type": "Hash Join", "Parent Relationship": "Outer", "Join Type": "Inner", "Startup Cost": 98641.07, "Total Cost": 180697.47, "Plan Rows": 1282311, "Plan Width": 25, "Actual Startup Time": 1935.548, "Actual Total Time": 4190.972, "Actual Rows": 1153797, "Actual Loops": 1, "Inner Unique": true, "Hash Cond": "(mc.movie_id = t.id), (LLVM Optimized, Jit Execute)", "Plans": [{"Node Type": "Hash Join", "Parent Relationship": "Outer", "Join Type": "Inner", "Startup Cost": 6968.08, "Total Cost": 71392.69, "Plan Rows": 1282311, "Plan Width": 4, "Actual Startup Time": 112.405, "Actual Total Time": 1587.27, "Actual Rows": 1153797, "Actual Loops": 1, "Inner Unique": true, "Hash Cond": "(mc.company_id = cn.id), (LLVM Optimized, Jit Execute)", "Plans": [{"Node Type": "Seq Scan", "Parent Relationship": "Outer", "Relation Name": "movie_companies", "Alias": "mc", "Startup Cost": 0.0, "Total Cost": 41817.28, "Plan Rows": 2609128, "Plan Width": 8, "Actual Startup Time": 0.024, "Actual Total Time": 622.888, "Actual Rows": 2609128, "Actual Loops": 1}, {"Node Type": "Hash", "Parent Relationship": "Inner", "Startup Cost": 5903.45, "Total Cost": 5903.45, "Plan Rows": 85170, "Plan Width": 4, "Actual Startup Time": 112.277, "Actual Total Time": 112.277, "Actual Rows": 84843, "Actual Loops": 1, "Hash Buckets": 131072, "Hash Batches": 1, "Original Hash Batches": 1, "Peak Memory Usage": 2983, "Plans": [{"Node Type": "Seq Scan", "Parent Relationship": "Outer", "Relation Name": "company_name", "Alias": "cn", "Startup Cost": 0.0, "Total Cost": 5903.45, "Plan Rows": 85170, "Plan Width": 4, "Actual Startup Time": 0.024, "Actual Total Time": 89.803, "Actual Rows": 84843, "Actual Loops": 1, "Filter": "((country_code)::text = '[us]'::text)", "Rows Removed by Filter": 150153}]}]}, {"Node Type": "Hash", "Parent Relationship": "Inner", "Startup Cost": 60069.11, "Total Cost": 60069.11, "Plan Rows": 2528311, "Plan Width": 21, "Actual Startup Time": 1820.712, "Actual Total Time": 1820.712, "Actual Rows": 2528311, "Actual Loops": 1, "Hash Buckets": 4194304, "Hash Batches": 1, "Original Hash Batches": 1, "Peak Memory Usage": 135869, "Plans": [{"Node Type": "Seq Scan", "Parent Relationship": "Outer", "Relation Name": "title", "Alias": "t", "Startup Cost": 0.0, "Total Cost": 60069.11, "Plan Rows": 2528311, "Plan Width": 21, "Actual Startup Time": 0.033, "Actual Total Time": 812.077, "Actual Rows": 2528311, "Actual Loops": 1}]}]}]}]}, {"Node Type": "Hash", "Parent Relationship": "Inner", "Startup Cost": 93071.9, "Total Cost": 93071.9, "Plan Rows": 4167490, "Plan Width": 4, "Actual Startup Time": 2594.015, "Actual Total Time": 2594.015, "Actual Rows": 4167490, "Actual Loops": 1, "Hash Buckets": 4194304, "Hash Batches": 1, "Original Hash Batches": 1, "Peak Memory Usage": 146514, "Plans": [{"Node Type": "Index Only Scan", "Parent Relationship": "Outer", "Scan Direction": "Forward", "Index Name": "name_pkey", "Relation Name": "name", "Alias": "n1", "Startup Cost": 0.0, "Total Cost": 93071.9, "Plan Rows": 4167490, "Plan Width": 4, "Actual Startup Time": 0.036, "Actual Total Time": 1049.181, "Actual Rows": 4167490, "Actual Loops": 1, "Heap Fetches": 0}]}]}]}]}]}, "Triggers": [], "Planner Runtime": 82.942, "Total Runtime": 8576.378, "Unique SQL Id": 2457761703}}, "(1, '73')": {"explain_plan": {"Plan": {"Node Type": "Aggregate", "Strategy": "Plain", "Startup Cost": 770846.96, "Total Cost": 770846.97, "Plan Rows": 1, "Plan Width": 97, "Plans": [{"Node Type": "Nested Loop", "Parent Relationship": "Outer", "Join Type": "Inner", "Startup Cost": 599201.04, "Total Cost": 769061.47, "Plan Rows": 357098, "Plan Width": 33, "Inner Unique": true, "Join Filter": "(an1.person_id = n1.id), (LLVM Optimized)", "Plans": [{"Node Type": "Merge Join", "Parent Relationship": "Outer", "Join Type": "Inner", "Startup Cost": 599201.04, "Total Cost": 667567.53, "Plan Rows": 357098, "Plan Width": 41, "Inner Unique": false, "Merge Cond": "(ci.person_id = an1.person_id)", "Plans": [{"Node Type": "Sort", "Parent Relationship": "Outer", "Startup Cost": 599200.97, "Total Cost": 600977.12, "Plan Rows": 710459, "Plan Width": 21, "Sort Key": ["ci.person_id"], "Plans": [{"Node Type": "Hash Join", "Parent Relationship": "Outer", "Join Type": "Inner", "Startup Cost": 329665.48, "Total Cost": 530150.07, "Plan Rows": 710459, "Plan Width": 21, "Inner Unique": false, "Hash Cond": "(ci.movie_id = t.id), (LLVM Optimized)", "Plans": [{"Node Type": "Nested Loop", "Parent Relationship": "Outer", "Join Type": "Inner", "Startup Cost": 0.0, "Total Cost": 171418.25, "Plan Rows": 3296318, "Plan Width": 8, "Inner Unique": false, "Plans": [{"Node Type": "Index Scan", "Parent Relationship": "Outer", "Scan Direction": "Forward", "Index Name": "role_type_pkey", "Relation Name": "role_type", "Alias": "rt", "Startup Cost": 0.0, "Total Cost": 12.46, "Plan Rows": 1, "Plan Width": 4, "Filter": "((role)::text = 'costume designer'::text)"}, {"Node Type": "Index Scan", "Parent Relationship": "Inner", "Scan Direction": "Forward", "Index Name": "role_id_cast_info", "Relation Name": "cast_info", "Alias": "ci", "Startup Cost": 0.0, "Total Cost": 138442.61, "Plan Rows": 3296318, "Plan Width": 12, "Index Cond": "(role_id = rt.id), (LLVM Optimized)"}]}, {"Node Type": "Hash", "Parent Relationship": "Inner", "Startup Cost": 313636.59, "Total Cost": 313636.59, "Plan Rows": 1282311, "Plan Width": 25, "Plans": [{"Node Type": "Hash Join", "Parent Relationship": "Outer", "Join Type": "Inner", "Startup Cost": 11568.59, "Total Cost": 313636.59, "Plan Rows": 1282311, "Plan Width": 25, "Inner Unique": true, "Hash Cond": "(mc.company_id = cn.id), (LLVM Optimized)", "Plans": [{"Node Type": "Merge Join", "Parent Relationship": "Outer", "Join Type": "Inner", "Startup Cost": 2.58, "Total Cost": 279463.24, "Plan Rows": 2609128, "Plan Width": 29, "Inner Unique": false, "Merge Cond": "(t.id = mc.movie_id)", "Plans": [{"Node Type": "Index Scan", "Parent Relationship": "Outer", "Scan Direction": "Forward", "Index Name": "title_pkey", "Relation Name": "title", "Alias": "t", "Startup Cost": 0.0, "Total Cost": 110120.49, "Plan Rows": 2528311, "Plan Width": 21}, {"Node Type": "Index Scan", "Parent Relationship": "Inner", "Scan Direction": "Forward", "Index Name": "movie_id_movie_companies", "Relation Name": "movie_companies", "Alias": "mc", "Startup Cost": 0.0, "Total Cost": 130519.46, "Plan Rows": 2609128, "Plan Width": 8}]}, {"Node Type": "Hash", "Parent Relationship": "Inner", "Startup Cost": 10501.39, "Total Cost": 10501.39, "Plan Rows": 85170, "Plan Width": 4, "Plans": [{"Node Type": "Index Scan", "Parent Relationship": "Outer", "Scan Direction": "Forward", "Index Name": "company_name_pkey", "Relation Name": "company_name", "Alias": "cn", "Startup Cost": 0.0, "Total Cost": 10501.39, "Plan Rows": 85170, "Plan Width": 4, "Filter": "((country_code)::text = '[us]'::text)"}]}]}]}]}]}, {"Node Type": "Index Scan", "Parent Relationship": "Inner", "Scan Direction": "Forward", "Index Name": "person_id_aka_name", "Relation Name": "aka_name", "Alias": "an1", "Startup Cost": 0.0, "Total Cost": 68965.03, "Plan Rows": 901342, "Plan Width": 20}]}, {"Node Type": "Index Only Scan", "Parent Relationship": "Inner", "Scan Direction": "Forward", "Index Name": "name_pkey", "Relation Name": "name", "Alias": "n1", "Startup Cost": 0.0, "Total Cost": 0.27, "Plan Rows": 1, "Plan Width": 4, "Index Cond": "(id = ci.person_id)"}]}]}, "Unique SQL Id": 2457761703, "Planner Runtime": 75}, "explain_analyze_plan": {"Plan": {"Node Type": "Aggregate", "Strategy": "Plain", "Startup Cost": 770846.96, "Total Cost": 770846.97, "Plan Rows": 1, "Plan Width": 97, "Actual Startup Time": 10131.383, "Actual Total Time": 10131.384, "Actual Rows": 1, "Actual Loops": 1, "Plans": [{"Node Type": "Nested Loop", "Parent Relationship": "Outer", "Join Type": "Inner", "Startup Cost": 599201.04, "Total Cost": 769061.47, "Plan Rows": 357098, "Plan Width": 33, "Actual Startup Time": 8074.867, "Actual Total Time": 9941.074, "Actual Rows": 323005, "Actual Loops": 1, "Inner Unique": true, "Join Filter": "(an1.person_id = n1.id), (LLVM Optimized, Jit Execute)", "Rows Removed by Join Filter": 0, "Plans": [{"Node Type": "Merge Join", "Parent Relationship": "Outer", "Join Type": "Inner", "Startup Cost": 599201.04, "Total Cost": 667567.53, "Plan Rows": 357098, "Plan Width": 41, "Actual Startup Time": 8074.833, "Actual Total Time": 9041.212, "Actual Rows": 323005, "Actual Loops": 1, "Inner Unique": false, "Merge Cond": "(ci.person_id = an1.person_id)", "Plans": [{"Node Type": "Sort", "Parent Relationship": "Outer", "Startup Cost": 599200.97, "Total Cost": 600977.12, "Plan Rows": 710459, "Plan Width": 21, "Actual Startup Time": 8074.743, "Actual Total Time": 8122.105, "Actual Rows": 285537, "Actual Loops": 1, "Sort Key": ["ci.person_id"], "Sort Method": "quicksort", "Sort Space Used": 39613, "Sort Space Type": "Memory", "Plans": [{"Node Type": "Hash Join", "Parent Relationship": "Outer", "Join Type": "Inner", "Startup Cost": 329665.48, "Total Cost": 530150.07, "Plan Rows": 710459, "Plan Width": 21, "Actual Startup Time": 7652.944, "Actual Total Time": 7988.969, "Actual Rows": 285537, "Actual Loops": 1, "Inner Unique": false, "Hash Cond": "(ci.movie_id = t.id), (LLVM Optimized, Jit Execute)", "Plans": [{"Node Type": "Nested Loop", "Parent Relationship": "Outer", "Join Type": "Inner", "Startup Cost": 0.0, "Total Cost": 171418.25, "Plan Rows": 3296318, "Plan Width": 8, "Actual Startup Time": 0.073, "Actual Total Time": 182.556, "Actual Rows": 276403, "Actual Loops": 1, "Inner Unique": false, "Plans": [{"Node Type": "Index Scan", "Parent Relationship": "Outer", "Scan Direction": "Forward", "Index Name": "role_type_pkey", "Relation Name": "role_type", "Alias": "rt", "Startup Cost": 0.0, "Total Cost": 12.46, "Plan Rows": 1, "Plan Width": 4, "Actual Startup Time": 0.034, "Actual Total Time": 0.051, "Actual Rows": 1, "Actual Loops": 1, "Filter": "((role)::text = 'costume designer'::text)", "Rows Removed by Filter": 11}, {"Node Type": "Index Scan", "Parent Relationship": "Inner", "Scan Direction": "Forward", "Index Name": "role_id_cast_info", "Relation Name": "cast_info", "Alias": "ci", "Startup Cost": 0.0, "Total Cost": 138442.61, "Plan Rows": 3296318, "Plan Width": 12, "Actual Startup Time": 0.033, "Actual Total Time": 128.569, "Actual Rows": 276403, "Actual Loops": 1, "Index Cond": "(role_id = rt.id), (LLVM Optimized, Jit Execute)", "Rows Removed by Index Recheck": 0}]}, {"Node Type": "Hash", "Parent Relationship": "Inner", "Startup Cost": 313636.59, "Total Cost": 313636.59, "Plan Rows": 1282311, "Plan Width": 25, "Actual Startup Time": 7651.179, "Actual Total Time": 7651.179, "Actual Rows": 1153797, "Actual Loops": 1, "Hash Buckets": 2097152, "Hash Batches": 1, "Original Hash Batches": 1, "Peak Memory Usage": 68508, "Plans": [{"Node Type": "Hash Join", "Parent Relationship": "Outer", "Join Type": "Inner", "Startup Cost": 11568.59, "Total Cost": 313636.59, "Plan Rows": 1282311, "Plan Width": 25, "Actual Startup Time": 311.171, "Actual Total Time": 7214.869, "Actual Rows": 1153797, "Actual Loops": 1, "Inner Unique": true, "Hash Cond": "(mc.company_id = cn.id), (LLVM Optimized, Jit Execute)", "Plans": [{"Node Type": "Merge Join", "Parent Relationship": "Outer", "Join Type": "Inner", "Startup Cost": 2.58, "Total Cost": 279463.24, "Plan Rows": 2609128, "Plan Width": 29, "Actual Startup Time": 0.054, "Actual Total Time": 6069.017, "Actual Rows": 2609128, "Actual Loops": 1, "Inner Unique": false, "Merge Cond": "(t.id = mc.movie_id)", "Plans": [{"Node Type": "Index Scan", "Parent Relationship": "Outer", "Scan Direction": "Forward", "Index Name": "title_pkey", "Relation Name": "title", "Alias": "t", "Startup Cost": 0.0, "Total Cost": 110120.49, "Plan Rows": 2528311, "Plan Width": 21, "Actual Startup Time": 0.024, "Actual Total Time": 2832.937, "Actual Rows": 2525745, "Actual Loops": 1}, {"Node Type": "Index Scan", "Parent Relationship": "Inner", "Scan Direction": "Forward", "Index Name": "movie_id_movie_companies", "Relation Name": "movie_companies", "Alias": "mc", "Startup Cost": 0.0, "Total Cost": 130519.46, "Plan Rows": 2609128, "Plan Width": 8, "Actual Startup Time": 0.019, "Actual Total Time": 1715.293, "Actual Rows": 2609128, "Actual Loops": 1}]}, {"Node Type": "Hash", "Parent Relationship": "Inner", "Startup Cost": 10501.39, "Total Cost": 10501.39, "Plan Rows": 85170, "Plan Width": 4, "Actual Startup Time": 311.001, "Actual Total Time": 311.001, "Actual Rows": 84843, "Actual Loops": 1, "Hash Buckets": 131072, "Hash Batches": 1, "Original Hash Batches": 1, "Peak Memory Usage": 2983, "Plans": [{"Node Type": "Index Scan", "Parent Relationship": "Outer", "Scan Direction": "Forward", "Index Name": "company_name_pkey", "Relation Name": "company_name", "Alias": "cn", "Startup Cost": 0.0, "Total Cost": 10501.39, "Plan Rows": 85170, "Plan Width": 4, "Actual Startup Time": 0.027, "Actual Total Time": 284.869, "Actual Rows": 84843, "Actual Loops": 1, "Filter": "((country_code)::text = '[us]'::text)", "Rows Removed by Filter": 150153}]}]}]}]}]}, {"Node Type": "Index Scan", "Parent Relationship": "Inner", "Scan Direction": "Forward", "Index Name": "person_id_aka_name", "Relation Name": "aka_name", "Alias": "an1", "Startup Cost": 0.0, "Total Cost": 68965.03, "Plan Rows": 901342, "Plan Width": 20, "Actual Startup Time": 0.045, "Actual Total Time": 657.488, "Actual Rows": 1003872, "Actual Loops": 1}]}, {"Node Type": "Index Only Scan", "Parent Relationship": "Inner", "Scan Direction": "Forward", "Index Name": "name_pkey", "Relation Name": "name", "Alias": "n1", "Startup Cost": 0.0, "Total Cost": 0.27, "Plan Rows": 1, "Plan Width": 4, "Actual Startup Time": 667.209, "Actual Total Time": 667.209, "Actual Rows": 323005, "Actual Loops": 323005, "Index Cond": "(id = ci.person_id)", "Rows Removed by Index Recheck": 0, "Heap Fetches": 0}]}]}, "Triggers": [], "Planner Runtime": 75.457, "Total Runtime": 10141.684, "Unique SQL Id": 2457761703}}, "(1, '74')": {"explain_plan": {"Plan": {"Node Type": "Aggregate", "Strategy": "Plain", "Startup Cost": 1144362.67, "Total Cost": 1144362.68, "Plan Rows": 1, "Plan Width": 97, "Plans": [{"Node Type": "Hash Join", "Parent Relationship": "Outer", "Join Type": "Inner", "Startup Cost": 1115325.41, "Total Cost": 1142577.18, "Plan Rows": 357098, "Plan Width": 33, "Inner Unique": false, "Hash Cond": "(an1.person_id = n1.id), (LLVM Optimized)", "Plans": [{"Node Type": "Seq Scan", "Parent Relationship": "Outer", "Relation Name": "aka_name", "Alias": "an1", "Startup Cost": 0.0, "Total Cost": 19908.42, "Plan Rows": 901342, "Plan Width": 20}, {"Node Type": "Hash", "Parent Relationship": "Inner", "Startup Cost": 1106444.67, "Total Cost": 1106444.67, "Plan Rows": 710459, "Plan Width": 25, "Plans": [{"Node Type": "Hash Join", "Parent Relationship": "Outer", "Join Type": "Inner", "Startup Cost": 341893.04, "Total Cost": 1106444.67, "Plan Rows": 710459, "Plan Width": 25, "Inner Unique": true, "Hash Cond": "(ci.person_id = n1.id), (LLVM Optimized)", "Plans": [{"Node Type": "Hash Join", "Parent Relationship": "Outer", "Join Type": "Inner", "Startup Cost": 196727.52, "Total Cost": 951510.34, "Plan Rows": 710459, "Plan Width": 21, "Inner Unique": false, "Hash Cond": "(ci.movie_id = t.id), (LLVM Optimized)", "Plans": [{"Node Type": "Hash Join", "Parent Relationship": "Outer", "Join Type": "Inner", "Startup Cost": 1.16, "Total Cost": 725717.64, "Plan Rows": 3296318, "Plan Width": 8, "Inner Unique": true, "Hash Cond": "(ci.role_id = rt.id), (LLVM Optimized)", "Plans": [{"Node Type": "Seq Scan", "Parent Relationship": "Outer", "Relation Name": "cast_info", "Alias": "ci", "Startup Cost": 0.0, "Total Cost": 601877.94, "Plan Rows": 36259494, "Plan Width": 12}, {"Node Type": "Hash", "Parent Relationship": "Inner", "Startup Cost": 1.15, "Total Cost": 1.15, "Plan Rows": 1, "Plan Width": 4, "Plans": [{"Node Type": "Seq Scan", "Parent Relationship": "Outer", "Relation Name": "role_type", "Alias": "rt", "Startup Cost": 0.0, "Total Cost": 1.15, "Plan Rows": 1, "Plan Width": 4, "Filter": "((role)::text = 'costume designer'::text)"}]}]}, {"Node Type": "Hash", "Parent Relationship": "Inner", "Startup Cost": 180697.47, "Total Cost": 180697.47, "Plan Rows": 1282311, "Plan Width": 25, "Plans": [{"Node Type": "Hash Join", "Parent Relationship": "Outer", "Join Type": "Inner", "Startup Cost": 98641.07, "Total Cost": 180697.47, "Plan Rows": 1282311, "Plan Width": 25, "Inner Unique": true, "Hash Cond": "(mc.movie_id = t.id), (LLVM Optimized)", "Plans": [{"Node Type": "Hash Join", "Parent Relationship": "Outer", "Join Type": "Inner", "Startup Cost": 6968.08, "Total Cost": 71392.69, "Plan Rows": 1282311, "Plan Width": 4, "Inner Unique": true, "Hash Cond": "(mc.company_id = cn.id), (LLVM Optimized)", "Plans": [{"Node Type": "Seq Scan", "Parent Relationship": "Outer", "Relation Name": "movie_companies", "Alias": "mc", "Startup Cost": 0.0, "Total Cost": 41817.28, "Plan Rows": 2609128, "Plan Width": 8}, {"Node Type": "Hash", "Parent Relationship": "Inner", "Startup Cost": 5903.45, "Total Cost": 5903.45, "Plan Rows": 85170, "Plan Width": 4, "Plans": [{"Node Type": "Seq Scan", "Parent Relationship": "Outer", "Relation Name": "company_name", "Alias": "cn", "Startup Cost": 0.0, "Total Cost": 5903.45, "Plan Rows": 85170, "Plan Width": 4, "Filter": "((country_code)::text = '[us]'::text)"}]}]}, {"Node Type": "Hash", "Parent Relationship": "Inner", "Startup Cost": 60069.11, "Total Cost": 60069.11, "Plan Rows": 2528311, "Plan Width": 21, "Plans": [{"Node Type": "Seq Scan", "Parent Relationship": "Outer", "Relation Name": "title", "Alias": "t", "Startup Cost": 0.0, "Total Cost": 60069.11, "Plan Rows": 2528311, "Plan Width": 21}]}]}]}]}, {"Node Type": "Hash", "Parent Relationship": "Inner", "Startup Cost": 93071.9, "Total Cost": 93071.9, "Plan Rows": 4167490, "Plan Width": 4, "Plans": [{"Node Type": "Seq Scan", "Parent Relationship": "Outer", "Relation Name": "name", "Alias": "n1", "Startup Cost": 0.0, "Total Cost": 93071.9, "Plan Rows": 4167490, "Plan Width": 4}]}]}]}]}]}, "Unique SQL Id": 2457761703, "Planner Runtime": 66}, "explain_analyze_plan": null}, "(1, '75')": {"explain_plan": {"Plan": {"Node Type": "Aggregate", "Strategy": "Plain", "Startup Cost": 6720943715063.29, "Total Cost": 6720943715063.3, "Plan Rows": 1, "Plan Width": 97, "Plans": [{"Node Type": "Hash Join", "Parent Relationship": "Outer", "Join Type": "Inner", "Startup Cost": 4029125744837.46, "Total Cost": 6720943713277.8, "Plan Rows": 357098, "Plan Width": 33, "Inner Unique": false, "Hash Cond": "(ci.movie_id = t.id), (LLVM Optimized)", "Plans": [{"Node Type": "Hash Join", "Parent Relationship": "Outer", "Join Type": "Inner", "Startup Cost": 1030049898442.37, "Total Cost": 3721867853791.89, "Plan Rows": 1484588, "Plan Width": 20, "Inner Unique": true, "Hash Cond": "(ci.role_id = rt.id), (LLVM Optimized)", "Plans": [{"Node Type": "Merge Join", "Parent Relationship": "Outer", "Join Type": "Inner", "Startup Cost": 30049897196.36, "Total Cost": 2721867796771.75, "Plan Rows": 16330470, "Plan Width": 24, "Inner Unique": false, "Merge Cond": "(an1.person_id = ci.person_id)", "Plans": [{"Node Type": "Merge Join", "Parent Relationship": "Outer", "Join Type": "Inner", "Startup Cost": 20030754356.47, "Total Cost": 2000002534968.85, "Plan Rows": 901342, "Plan Width": 24, "Inner Unique": true, "Merge Cond": "(an1.person_id = n1.id)", "Plans": [{"Node Type": "Index Scan", "Parent Relationship": "Outer", "Scan Direction": "Forward", "Index Name": "person_id_aka_name", "Relation Name": "aka_name", "Alias": "an1", "Startup Cost": 10000000000.0, "Total Cost": 1000006896503.43, "Plan Rows": 901342, "Plan Width": 20}, {"Node Type": "Index Only Scan", "Parent Relationship": "Inner", "Scan Direction": "Forward", "Index Name": "name_pkey", "Relation Name": "name", "Alias": "n1", "Startup Cost": 10000000000.0, "Total Cost": 1000012483260.0, "Plan Rows": 4167490, "Plan Width": 4}]}, {"Node Type": "Index Scan", "Parent Relationship": "Inner", "Scan Direction": "Forward", "Index Name": "person_id_cast_info", "Relation Name": "cast_info", "Alias": "ci", "Startup Cost": 10000000000.0, "Total Cost": 1000170648833.21, "Plan Rows": 36259494, "Plan Width": 12}]}, {"Node Type": "Hash", "Parent Relationship": "Inner", "Startup Cost": 1000000001246.0, "Total Cost": 1000000001246.0, "Plan Rows": 1, "Plan Width": 4, "Plans": [{"Node Type": "Index Scan", "Parent Relationship": "Outer", "Scan Direction": "Forward", "Index Name": "role_type_pkey", "Relation Name": "role_type", "Alias": "rt", "Startup Cost": 10000000000.0, "Total Cost": 1000000001246.0, "Plan Rows": 1, "Plan Width": 4, "Filter": "((role)::text = 'costume designer'::text)"}]}]}, {"Node Type": "Hash", "Parent Relationship": "Inner", "Startup Cost": 2999075830366.2, "Total Cost": 2999075830366.2, "Plan Rows": 1282311, "Plan Width": 25, "Plans": [{"Node Type": "Merge Join", "Parent Relationship": "Outer", "Join Type": "Inner", "Startup Cost": 2010035495066.48, "Total Cost": 2999075830366.2, "Plan Rows": 1282311, "Plan Width": 25, "Inner Unique": true, "Merge Cond": "(mc.movie_id = t.id)", "Plans": [{"Node Type": "Sort", "Parent Relationship": "Outer", "Startup Cost": 2000013567140.28, "Total Cost": 2000013570346.05, "Plan Rows": 1282311, "Plan Width": 4, "Sort Key": ["mc.movie_id"], "Plans": [{"Node Type": "Merge Join", "Parent Relationship": "Outer", "Join Type": "Inner", "Startup Cost": 45724640147.62, "Total Cost": 2000013437047.81, "Plan Rows": 1282311, "Plan Width": 4, "Inner Unique": false, "Merge Cond": "(cn.id = mc.company_id)", "Plans": [{"Node Type": "Index Scan", "Parent Relationship": "Outer", "Scan Direction": "Forward", "Index Name": "company_name_pkey", "Relation Name": "company_name", "Alias": "cn", "Startup Cost": 10000000000.0, "Total Cost": 1000001050138.97, "Plan Rows": 85170, "Plan Width": 4, "Filter": "((country_code)::text = '[us]'::text)"}, {"Node Type": "Index Scan", "Parent Relationship": "Inner", "Scan Direction": "Forward", "Index Name": "company_id_movie_companies", "Relation Name": "movie_companies", "Alias": "mc", "Startup Cost": 10000000000.0, "Total Cost": 1000012367349.98, "Plan Rows": 2609128, "Plan Width": 8}]}]}, {"Node Type": "Index Scan", "Parent Relationship": "Inner", "Scan Direction": "Forward", "Index Name": "title_pkey", "Relation Name": "title", "Alias": "t", "Startup Cost": 10000000000.0, "Total Cost": 1000011012048.91, "Plan Rows": 2528311, "Plan Width": 21}]}]}]}]}, "Unique SQL Id": 2457761703, "Planner Runtime": 120}, "explain_analyze_plan": null}, "(1, '76')": {"explain_plan": {"Plan": {"Node Type": "Aggregate", "Strategy": "Plain", "Startup Cost": 589695.38, "Total Cost": 589695.39, "Plan Rows": 1, "Plan Width": 97, "Plans": [{"Node Type": "Hash Join", "Parent Relationship": "Outer", "Join Type": "Inner", "Startup Cost": 561014.71, "Total Cost": 587909.89, "Plan Rows": 357098, "Plan Width": 33, "Inner Unique": false, "Hash Cond": "(an1.person_id = n1.id), (LLVM Optimized)", "Plans": [{"Node Type": "Seq Scan", "Parent Relationship": "Outer", "Relation Name": "aka_name", "Alias": "an1", "Startup Cost": 0.0, "Total Cost": 19908.42, "Plan Rows": 901342, "Plan Width": 20}, {"Node Type": "Hash", "Parent Relationship": "Inner", "Startup Cost": 552133.97, "Total Cost": 552133.97, "Plan Rows": 710459, "Plan Width": 25, "Plans": [{"Node Type": "Hash Join", "Parent Relationship": "Outer", "Join Type": "Inner", "Startup Cost": 341891.88, "Total Cost": 552133.97, "Plan Rows": 710459, "Plan Width": 25, "Inner Unique": true, "Hash Cond": "(ci.person_id = n1.id), (LLVM Optimized)", "Plans": [{"Node Type": "Hash Join", "Parent Relationship": "Outer", "Join Type": "Inner", "Startup Cost": 196726.36, "Total Cost": 397199.64, "Plan Rows": 710459, "Plan Width": 21, "Inner Unique": false, "Hash Cond": "(ci.movie_id = t.id), (LLVM Optimized)", "Plans": [{"Node Type": "Nested Loop", "Parent Relationship": "Outer", "Join Type": "Inner", "Startup Cost": 0.0, "Total Cost": 171406.94, "Plan Rows": 3296318, "Plan Width": 8, "Inner Unique": false, "Plans": [{"Node Type": "Seq Scan", "Parent Relationship": "Outer", "Relation Name": "role_type", "Alias": "rt", "Startup Cost": 0.0, "Total Cost": 1.15, "Plan Rows": 1, "Plan Width": 4, "Filter": "((role)::text = 'costume designer'::text)"}, {"Node Type": "Index Scan", "Parent Relationship": "Inner", "Scan Direction": "Forward", "Index Name": "role_id_cast_info", "Relation Name": "cast_info", "Alias": "ci", "Startup Cost": 0.0, "Total Cost": 138442.61, "Plan Rows": 3296318, "Plan Width": 12, "Index Cond": "(role_id = rt.id), (LLVM Optimized)"}]}, {"Node Type": "Hash", "Parent Relationship": "Inner", "Startup Cost": 180697.47, "Total Cost": 180697.47, "Plan Rows": 1282311, "Plan Width": 25, "Plans": [{"Node Type": "Hash Join", "Parent Relationship": "Outer", "Join Type": "Inner", "Startup Cost": 98641.07, "Total Cost": 180697.47, "Plan Rows": 1282311, "Plan Width": 25, "Inner Unique": true, "Hash Cond": "(mc.movie_id = t.id), (LLVM Optimized)", "Plans": [{"Node Type": "Hash Join", "Parent Relationship": "Outer", "Join Type": "Inner", "Startup Cost": 6968.08, "Total Cost": 71392.69, "Plan Rows": 1282311, "Plan Width": 4, "Inner Unique": true, "Hash Cond": "(mc.company_id = cn.id), (LLVM Optimized)", "Plans": [{"Node Type": "Seq Scan", "Parent Relationship": "Outer", "Relation Name": "movie_companies", "Alias": "mc", "Startup Cost": 0.0, "Total Cost": 41817.28, "Plan Rows": 2609128, "Plan Width": 8}, {"Node Type": "Hash", "Parent Relationship": "Inner", "Startup Cost": 5903.45, "Total Cost": 5903.45, "Plan Rows": 85170, "Plan Width": 4, "Plans": [{"Node Type": "Seq Scan", "Parent Relationship": "Outer", "Relation Name": "company_name", "Alias": "cn", "Startup Cost": 0.0, "Total Cost": 5903.45, "Plan Rows": 85170, "Plan Width": 4, "Filter": "((country_code)::text = '[us]'::text)"}]}]}, {"Node Type": "Hash", "Parent Relationship": "Inner", "Startup Cost": 60069.11, "Total Cost": 60069.11, "Plan Rows": 2528311, "Plan Width": 21, "Plans": [{"Node Type": "Seq Scan", "Parent Relationship": "Outer", "Relation Name": "title", "Alias": "t", "Startup Cost": 0.0, "Total Cost": 60069.11, "Plan Rows": 2528311, "Plan Width": 21}]}]}]}]}, {"Node Type": "Hash", "Parent Relationship": "Inner", "Startup Cost": 93071.9, "Total Cost": 93071.9, "Plan Rows": 4167490, "Plan Width": 4, "Plans": [{"Node Type": "Seq Scan", "Parent Relationship": "Outer", "Relation Name": "name", "Alias": "n1", "Startup Cost": 0.0, "Total Cost": 93071.9, "Plan Rows": 4167490, "Plan Width": 4}]}]}]}]}]}, "Unique SQL Id": 2457761703, "Planner Runtime": 82}, "explain_analyze_plan": {"Plan": {"Node Type": "Aggregate", "Strategy": "Plain", "Startup Cost": 589695.38, "Total Cost": 589695.39, "Plan Rows": 1, "Plan Width": 97, "Actual Startup Time": 8818.757, "Actual Total Time": 8818.758, "Actual Rows": 1, "Actual Loops": 1, "Plans": [{"Node Type": "Hash Join", "Parent Relationship": "Outer", "Join Type": "Inner", "Startup Cost": 561014.71, "Total Cost": 587909.89, "Plan Rows": 357098, "Plan Width": 33, "Actual Startup Time": 8145.128, "Actual Total Time": 8674.859, "Actual Rows": 323005, "Actual Loops": 1, "Inner Unique": false, "Hash Cond": "(an1.person_id = n1.id), (LLVM Optimized, Jit Execute)", "Plans": [{"Node Type": "Seq Scan", "Parent Relationship": "Outer", "Relation Name": "aka_name", "Alias": "an1", "Startup Cost": 0.0, "Total Cost": 19908.42, "Plan Rows": 901342, "Plan Width": 20, "Actual Startup Time": 0.025, "Actual Total Time": 239.81, "Actual Rows": 901342, "Actual Loops": 1}, {"Node Type": "Hash", "Parent Relationship": "Inner", "Startup Cost": 552133.97, "Total Cost": 552133.97, "Plan Rows": 710459, "Plan Width": 25, "Actual Startup Time": 8138.334, "Actual Total Time": 8138.334, "Actual Rows": 285537, "Actual Loops": 1, "Hash Buckets": 1048576, "Hash Batches": 1, "Original Hash Batches": 1, "Peak Memory Usage": 15952, "Plans": [{"Node Type": "Hash Join", "Parent Relationship": "Outer", "Join Type": "Inner", "Startup Cost": 341891.88, "Total Cost": 552133.97, "Plan Rows": 710459, "Plan Width": 25, "Actual Startup Time": 7533.343, "Actual Total Time": 8053.886, "Actual Rows": 285537, "Actual Loops": 1, "Inner Unique": true, "Hash Cond": "(ci.person_id = n1.id), (LLVM Optimized, Jit Execute)", "Plans": [{"Node Type": "Hash Join", "Parent Relationship": "Outer", "Join Type": "Inner", "Startup Cost": 196726.36, "Total Cost": 397199.64, "Plan Rows": 710459, "Plan Width": 21, "Actual Startup Time": 4459.627, "Actual Total Time": 4870.581, "Actual Rows": 285537, "Actual Loops": 1, "Inner Unique": false, "Hash Cond": "(ci.movie_id = t.id), (LLVM Optimized, Jit Execute)", "Plans": [{"Node Type": "Nested Loop", "Parent Relationship": "Outer", "Join Type": "Inner", "Startup Cost": 0.0, "Total Cost": 171406.94, "Plan Rows": 3296318, "Plan Width": 8, "Actual Startup Time": 0.114, "Actual Total Time": 204.825, "Actual Rows": 276403, "Actual Loops": 1, "Inner Unique": false, "Plans": [{"Node Type": "Seq Scan", "Parent Relationship": "Outer", "Relation Name": "role_type", "Alias": "rt", "Startup Cost": 0.0, "Total Cost": 1.15, "Plan Rows": 1, "Plan Width": 4, "Actual Startup Time": 0.041, "Actual Total Time": 0.055, "Actual Rows": 1, "Actual Loops": 1, "Filter": "((role)::text = 'costume designer'::text)", "Rows Removed by Filter": 11}, {"Node Type": "Index Scan", "Parent Relationship": "Inner", "Scan Direction": "Forward", "Index Name": "role_id_cast_info", "Relation Name": "cast_info", "Alias": "ci", "Startup Cost": 0.0, "Total Cost": 138442.61, "Plan Rows": 3296318, "Plan Width": 12, "Actual Startup Time": 0.059, "Actual Total Time": 150.812, "Actual Rows": 276403, "Actual Loops": 1, "Index Cond": "(role_id = rt.id), (LLVM Optimized, Jit Execute)", "Rows Removed by Index Recheck": 0}]}, {"Node Type": "Hash", "Parent Relationship": "Inner", "Startup Cost": 180697.47, "Total Cost": 180697.47, "Plan Rows": 1282311, "Plan Width": 25, "Actual Startup Time": 4453.739, "Actual Total Time": 4453.739, "Actual Rows": 1153797, "Actual Loops": 1, "Hash Buckets": 2097152, "Hash Batches": 1, "Original Hash Batches": 1, "Peak Memory Usage": 68508, "Plans": [{"Node Type": "Hash Join", "Parent Relationship": "Outer", "Join Type": "Inner", "Startup Cost": 98641.07, "Total Cost": 180697.47, "Plan Rows": 1282311, "Plan Width": 25, "Actual Startup Time": 1827.854, "Actual Total Time": 3974.898, "Actual Rows": 1153797, "Actual Loops": 1, "Inner Unique": true, "Hash Cond": "(mc.movie_id = t.id), (LLVM Optimized, Jit Execute)", "Plans": [{"Node Type": "Hash Join", "Parent Relationship": "Outer", "Join Type": "Inner", "Startup Cost": 6968.08, "Total Cost": 71392.69, "Plan Rows": 1282311, "Plan Width": 4, "Actual Startup Time": 113.03, "Actual Total Time": 1555.125, "Actual Rows": 1153797, "Actual Loops": 1, "Inner Unique": true, "Hash Cond": "(mc.company_id = cn.id), (LLVM Optimized, Jit Execute)", "Plans": [{"Node Type": "Seq Scan", "Parent Relationship": "Outer", "Relation Name": "movie_companies", "Alias": "mc", "Startup Cost": 0.0, "Total Cost": 41817.28, "Plan Rows": 2609128, "Plan Width": 8, "Actual Startup Time": 0.03, "Actual Total Time": 611.128, "Actual Rows": 2609128, "Actual Loops": 1}, {"Node Type": "Hash", "Parent Relationship": "Inner", "Startup Cost": 5903.45, "Total Cost": 5903.45, "Plan Rows": 85170, "Plan Width": 4, "Actual Startup Time": 112.907, "Actual Total Time": 112.907, "Actual Rows": 84843, "Actual Loops": 1, "Hash Buckets": 131072, "Hash Batches": 1, "Original Hash Batches": 1, "Peak Memory Usage": 2983, "Plans": [{"Node Type": "Seq Scan", "Parent Relationship": "Outer", "Relation Name": "company_name", "Alias": "cn", "Startup Cost": 0.0, "Total Cost": 5903.45, "Plan Rows": 85170, "Plan Width": 4, "Actual Startup Time": 0.024, "Actual Total Time": 90.615, "Actual Rows": 84843, "Actual Loops": 1, "Filter": "((country_code)::text = '[us]'::text)", "Rows Removed by Filter": 150153}]}]}, {"Node Type": "Hash", "Parent Relationship": "Inner", "Startup Cost": 60069.11, "Total Cost": 60069.11, "Plan Rows": 2528311, "Plan Width": 21, "Actual Startup Time": 1712.366, "Actual Total Time": 1712.366, "Actual Rows": 2528311, "Actual Loops": 1, "Hash Buckets": 4194304, "Hash Batches": 1, "Original Hash Batches": 1, "Peak Memory Usage": 135869, "Plans": [{"Node Type": "Seq Scan", "Parent Relationship": "Outer", "Relation Name": "title", "Alias": "t", "Startup Cost": 0.0, "Total Cost": 60069.11, "Plan Rows": 2528311, "Plan Width": 21, "Actual Startup Time": 0.031, "Actual Total Time": 797.49, "Actual Rows": 2528311, "Actual Loops": 1}]}]}]}]}, {"Node Type": "Hash", "Parent Relationship": "Inner", "Startup Cost": 93071.9, "Total Cost": 93071.9, "Plan Rows": 4167490, "Plan Width": 4, "Actual Startup Time": 3070.895, "Actual Total Time": 3070.895, "Actual Rows": 4167490, "Actual Loops": 1, "Hash Buckets": 4194304, "Hash Batches": 1, "Original Hash Batches": 1, "Peak Memory Usage": 146514, "Plans": [{"Node Type": "Seq Scan", "Parent Relationship": "Outer", "Relation Name": "name", "Alias": "n1", "Startup Cost": 0.0, "Total Cost": 93071.9, "Plan Rows": 4167490, "Plan Width": 4, "Actual Startup Time": 0.06, "Actual Total Time": 1293.196, "Actual Rows": 4167490, "Actual Loops": 1}]}]}]}]}]}, "Triggers": [], "Planner Runtime": 82.375, "Total Runtime": 8832.037, "Unique SQL Id": 2457761703}}, "(1, '77')": {"explain_plan": {"Plan": {"Node Type": "Aggregate", "Strategy": "Plain", "Startup Cost": 772871.67, "Total Cost": 772871.68, "Plan Rows": 1, "Plan Width": 97, "Plans": [{"Node Type": "Nested Loop", "Parent Relationship": "Outer", "Join Type": "Inner", "Startup Cost": 599201.04, "Total Cost": 771086.18, "Plan Rows": 357098, "Plan Width": 33, "Inner Unique": true, "Join Filter": "(an1.person_id = n1.id), (LLVM Optimized)", "Plans": [{"Node Type": "Merge Join", "Parent Relationship": "Outer", "Join Type": "Inner", "Startup Cost": 599201.04, "Total Cost": 667567.53, "Plan Rows": 357098, "Plan Width": 41, "Inner Unique": false, "Merge Cond": "(ci.person_id = an1.person_id)", "Plans": [{"Node Type": "Sort", "Parent Relationship": "Outer", "Startup Cost": 599200.97, "Total Cost": 600977.12, "Plan Rows": 710459, "Plan Width": 21, "Sort Key": ["ci.person_id"], "Plans": [{"Node Type": "Hash Join", "Parent Relationship": "Outer", "Join Type": "Inner", "Startup Cost": 329665.48, "Total Cost": 530150.07, "Plan Rows": 710459, "Plan Width": 21, "Inner Unique": false, "Hash Cond": "(ci.movie_id = t.id), (LLVM Optimized)", "Plans": [{"Node Type": "Nested Loop", "Parent Relationship": "Outer", "Join Type": "Inner", "Startup Cost": 0.0, "Total Cost": 171418.25, "Plan Rows": 3296318, "Plan Width": 8, "Inner Unique": false, "Plans": [{"Node Type": "Index Scan", "Parent Relationship": "Outer", "Scan Direction": "Forward", "Index Name": "role_type_pkey", "Relation Name": "role_type", "Alias": "rt", "Startup Cost": 0.0, "Total Cost": 12.46, "Plan Rows": 1, "Plan Width": 4, "Filter": "((role)::text = 'costume designer'::text)"}, {"Node Type": "Index Scan", "Parent Relationship": "Inner", "Scan Direction": "Forward", "Index Name": "role_id_cast_info", "Relation Name": "cast_info", "Alias": "ci", "Startup Cost": 0.0, "Total Cost": 138442.61, "Plan Rows": 3296318, "Plan Width": 12, "Index Cond": "(role_id = rt.id), (LLVM Optimized)"}]}, {"Node Type": "Hash", "Parent Relationship": "Inner", "Startup Cost": 313636.59, "Total Cost": 313636.59, "Plan Rows": 1282311, "Plan Width": 25, "Plans": [{"Node Type": "Hash Join", "Parent Relationship": "Outer", "Join Type": "Inner", "Startup Cost": 11568.59, "Total Cost": 313636.59, "Plan Rows": 1282311, "Plan Width": 25, "Inner Unique": true, "Hash Cond": "(mc.company_id = cn.id), (LLVM Optimized)", "Plans": [{"Node Type": "Merge Join", "Parent Relationship": "Outer", "Join Type": "Inner", "Startup Cost": 2.58, "Total Cost": 279463.24, "Plan Rows": 2609128, "Plan Width": 29, "Inner Unique": false, "Merge Cond": "(t.id = mc.movie_id)", "Plans": [{"Node Type": "Index Scan", "Parent Relationship": "Outer", "Scan Direction": "Forward", "Index Name": "title_pkey", "Relation Name": "title", "Alias": "t", "Startup Cost": 0.0, "Total Cost": 110120.49, "Plan Rows": 2528311, "Plan Width": 21}, {"Node Type": "Index Scan", "Parent Relationship": "Inner", "Scan Direction": "Forward", "Index Name": "movie_id_movie_companies", "Relation Name": "movie_companies", "Alias": "mc", "Startup Cost": 0.0, "Total Cost": 130519.46, "Plan Rows": 2609128, "Plan Width": 8}]}, {"Node Type": "Hash", "Parent Relationship": "Inner", "Startup Cost": 10501.39, "Total Cost": 10501.39, "Plan Rows": 85170, "Plan Width": 4, "Plans": [{"Node Type": "Index Scan", "Parent Relationship": "Outer", "Scan Direction": "Forward", "Index Name": "company_name_pkey", "Relation Name": "company_name", "Alias": "cn", "Startup Cost": 0.0, "Total Cost": 10501.39, "Plan Rows": 85170, "Plan Width": 4, "Filter": "((country_code)::text = '[us]'::text)"}]}]}]}]}]}, {"Node Type": "Index Scan", "Parent Relationship": "Inner", "Scan Direction": "Forward", "Index Name": "person_id_aka_name", "Relation Name": "aka_name", "Alias": "an1", "Startup Cost": 0.0, "Total Cost": 68965.03, "Plan Rows": 901342, "Plan Width": 20}]}, {"Node Type": "Index Scan", "Parent Relationship": "Inner", "Scan Direction": "Forward", "Index Name": "name_pkey", "Relation Name": "name", "Alias": "n1", "Startup Cost": 0.0, "Total Cost": 0.28, "Plan Rows": 1, "Plan Width": 4, "Index Cond": "(id = ci.person_id)"}]}]}, "Unique SQL Id": 2457761703, "Planner Runtime": 73}, "explain_analyze_plan": {"Plan": {"Node Type": "Aggregate", "Strategy": "Plain", "Startup Cost": 772871.67, "Total Cost": 772871.68, "Plan Rows": 1, "Plan Width": 97, "Actual Startup Time": 10748.598, "Actual Total Time": 10748.598, "Actual Rows": 1, "Actual Loops": 1, "Plans": [{"Node Type": "Nested Loop", "Parent Relationship": "Outer", "Join Type": "Inner", "Startup Cost": 599201.04, "Total Cost": 771086.18, "Plan Rows": 357098, "Plan Width": 33, "Actual Startup Time": 8528.522, "Actual Total Time": 10558.44, "Actual Rows": 323005, "Actual Loops": 1, "Inner Unique": true, "Join Filter": "(an1.person_id = n1.id), (LLVM Optimized, Jit Execute)", "Rows Removed by Join Filter": 0, "Plans": [{"Node Type": "Merge Join", "Parent Relationship": "Outer", "Join Type": "Inner", "Startup Cost": 599201.04, "Total Cost": 667567.53, "Plan Rows": 357098, "Plan Width": 41, "Actual Startup Time": 8528.49, "Actual Total Time": 9473.274, "Actual Rows": 323005, "Actual Loops": 1, "Inner Unique": false, "Merge Cond": "(ci.person_id = an1.person_id)", "Plans": [{"Node Type": "Sort", "Parent Relationship": "Outer", "Startup Cost": 599200.97, "Total Cost": 600977.12, "Plan Rows": 710459, "Plan Width": 21, "Actual Startup Time": 8528.388, "Actual Total Time": 8577.48, "Actual Rows": 285537, "Actual Loops": 1, "Sort Key": ["ci.person_id"], "Sort Method": "quicksort", "Sort Space Used": 39613, "Sort Space Type": "Memory", "Plans": [{"Node Type": "Hash Join", "Parent Relationship": "Outer", "Join Type": "Inner", "Startup Cost": 329665.48, "Total Cost": 530150.07, "Plan Rows": 710459, "Plan Width": 21, "Actual Startup Time": 8060.002, "Actual Total Time": 8442.301, "Actual Rows": 285537, "Actual Loops": 1, "Inner Unique": false, "Hash Cond": "(ci.movie_id = t.id), (LLVM Optimized, Jit Execute)", "Plans": [{"Node Type": "Nested Loop", "Parent Relationship": "Outer", "Join Type": "Inner", "Startup Cost": 0.0, "Total Cost": 171418.25, "Plan Rows": 3296318, "Plan Width": 8, "Actual Startup Time": 0.079, "Actual Total Time": 192.76, "Actual Rows": 276403, "Actual Loops": 1, "Inner Unique": false, "Plans": [{"Node Type": "Index Scan", "Parent Relationship": "Outer", "Scan Direction": "Forward", "Index Name": "role_type_pkey", "Relation Name": "role_type", "Alias": "rt", "Startup Cost": 0.0, "Total Cost": 12.46, "Plan Rows": 1, "Plan Width": 4, "Actual Startup Time": 0.024, "Actual Total Time": 0.165, "Actual Rows": 1, "Actual Loops": 1, "Filter": "((role)::text = 'costume designer'::text)", "Rows Removed by Filter": 11}, {"Node Type": "Index Scan", "Parent Relationship": "Inner", "Scan Direction": "Forward", "Index Name": "role_id_cast_info", "Relation Name": "cast_info", "Alias": "ci", "Startup Cost": 0.0, "Total Cost": 138442.61, "Plan Rows": 3296318, "Plan Width": 12, "Actual Startup Time": 0.051, "Actual Total Time": 138.652, "Actual Rows": 276403, "Actual Loops": 1, "Index Cond": "(role_id = rt.id), (LLVM Optimized, Jit Execute)", "Rows Removed by Index Recheck": 0}]}, {"Node Type": "Hash", "Parent Relationship": "Inner", "Startup Cost": 313636.59, "Total Cost": 313636.59, "Plan Rows": 1282311, "Plan Width": 25, "Actual Startup Time": 8058.213, "Actual Total Time": 8058.213, "Actual Rows": 1153797, "Actual Loops": 1, "Hash Buckets": 2097152, "Hash Batches": 1, "Original Hash Batches": 1, "Peak Memory Usage": 68508, "Plans": [{"Node Type": "Hash Join", "Parent Relationship": "Outer", "Join Type": "Inner", "Startup Cost": 11568.59, "Total Cost": 313636.59, "Plan Rows": 1282311, "Plan Width": 25, "Actual Startup Time": 358.061, "Actual Total Time": 7566.765, "Actual Rows": 1153797, "Actual Loops": 1, "Inner Unique": true, "Hash Cond": "(mc.company_id = cn.id), (LLVM Optimized, Jit Execute)", "Plans": [{"Node Type": "Merge Join", "Parent Relationship": "Outer", "Join Type": "Inner", "Startup Cost": 2.58, "Total Cost": 279463.24, "Plan Rows": 2609128, "Plan Width": 29, "Actual Startup Time": 0.063, "Actual Total Time": 6367.231, "Actual Rows": 2609128, "Actual Loops": 1, "Inner Unique": false, "Merge Cond": "(t.id = mc.movie_id)", "Plans": [{"Node Type": "Index Scan", "Parent Relationship": "Outer", "Scan Direction": "Forward", "Index Name": "title_pkey", "Relation Name": "title", "Alias": "t", "Startup Cost": 0.0, "Total Cost": 110120.49, "Plan Rows": 2528311, "Plan Width": 21, "Actual Startup Time": 0.026, "Actual Total Time": 3057.199, "Actual Rows": 2525745, "Actual Loops": 1}, {"Node Type": "Index Scan", "Parent Relationship": "Inner", "Scan Direction": "Forward", "Index Name": "movie_id_movie_companies", "Relation Name": "movie_companies", "Alias": "mc", "Startup Cost": 0.0, "Total Cost": 130519.46, "Plan Rows": 2609128, "Plan Width": 8, "Actual Startup Time": 0.024, "Actual Total Time": 1795.744, "Actual Rows": 2609128, "Actual Loops": 1}]}, {"Node Type": "Hash", "Parent Relationship": "Inner", "Startup Cost": 10501.39, "Total Cost": 10501.39, "Plan Rows": 85170, "Plan Width": 4, "Actual Startup Time": 357.862, "Actual Total Time": 357.862, "Actual Rows": 84843, "Actual Loops": 1, "Hash Buckets": 131072, "Hash Batches": 1, "Original Hash Batches": 1, "Peak Memory Usage": 2983, "Plans": [{"Node Type": "Index Scan", "Parent Relationship": "Outer", "Scan Direction": "Forward", "Index Name": "company_name_pkey", "Relation Name": "company_name", "Alias": "cn", "Startup Cost": 0.0, "Total Cost": 10501.39, "Plan Rows": 85170, "Plan Width": 4, "Actual Startup Time": 0.032, "Actual Total Time": 329.513, "Actual Rows": 84843, "Actual Loops": 1, "Filter": "((country_code)::text = '[us]'::text)", "Rows Removed by Filter": 150153}]}]}]}]}]}, {"Node Type": "Index Scan", "Parent Relationship": "Inner", "Scan Direction": "Forward", "Index Name": "person_id_aka_name", "Relation Name": "aka_name", "Alias": "an1", "Startup Cost": 0.0, "Total Cost": 68965.03, "Plan Rows": 901342, "Plan Width": 20, "Actual Startup Time": 0.053, "Actual Total Time": 640.08, "Actual Rows": 1003872, "Actual Loops": 1}]}, {"Node Type": "Index Scan", "Parent Relationship": "Inner", "Scan Direction": "Forward", "Index Name": "name_pkey", "Relation Name": "name", "Alias": "n1", "Startup Cost": 0.0, "Total Cost": 0.28, "Plan Rows": 1, "Plan Width": 4, "Actual Startup Time": 830.476, "Actual Total Time": 830.476, "Actual Rows": 323005, "Actual Loops": 323005, "Index Cond": "(id = ci.person_id)", "Rows Removed by Index Recheck": 0}]}]}, "Triggers": [], "Planner Runtime": 74.625, "Total Runtime": 10759.325, "Unique SQL Id": 2457761703}}, "(1, '78')": {"explain_plan": {"Plan": {"Node Type": "Aggregate", "Strategy": "Plain", "Startup Cost": 1144362.67, "Total Cost": 1144362.68, "Plan Rows": 1, "Plan Width": 97, "Plans": [{"Node Type": "Hash Join", "Parent Relationship": "Outer", "Join Type": "Inner", "Startup Cost": 1115325.41, "Total Cost": 1142577.18, "Plan Rows": 357098, "Plan Width": 33, "Inner Unique": false, "Hash Cond": "(an1.person_id = n1.id), (LLVM Optimized)", "Plans": [{"Node Type": "Seq Scan", "Parent Relationship": "Outer", "Relation Name": "aka_name", "Alias": "an1", "Startup Cost": 0.0, "Total Cost": 19908.42, "Plan Rows": 901342, "Plan Width": 20}, {"Node Type": "Hash", "Parent Relationship": "Inner", "Startup Cost": 1106444.67, "Total Cost": 1106444.67, "Plan Rows": 710459, "Plan Width": 25, "Plans": [{"Node Type": "Hash Join", "Parent Relationship": "Outer", "Join Type": "Inner", "Startup Cost": 341893.04, "Total Cost": 1106444.67, "Plan Rows": 710459, "Plan Width": 25, "Inner Unique": true, "Hash Cond": "(ci.person_id = n1.id), (LLVM Optimized)", "Plans": [{"Node Type": "Hash Join", "Parent Relationship": "Outer", "Join Type": "Inner", "Startup Cost": 196727.52, "Total Cost": 951510.34, "Plan Rows": 710459, "Plan Width": 21, "Inner Unique": false, "Hash Cond": "(ci.movie_id = t.id), (LLVM Optimized)", "Plans": [{"Node Type": "Hash Join", "Parent Relationship": "Outer", "Join Type": "Inner", "Startup Cost": 1.16, "Total Cost": 725717.64, "Plan Rows": 3296318, "Plan Width": 8, "Inner Unique": true, "Hash Cond": "(ci.role_id = rt.id), (LLVM Optimized)", "Plans": [{"Node Type": "Seq Scan", "Parent Relationship": "Outer", "Relation Name": "cast_info", "Alias": "ci", "Startup Cost": 0.0, "Total Cost": 601877.94, "Plan Rows": 36259494, "Plan Width": 12}, {"Node Type": "Hash", "Parent Relationship": "Inner", "Startup Cost": 1.15, "Total Cost": 1.15, "Plan Rows": 1, "Plan Width": 4, "Plans": [{"Node Type": "Seq Scan", "Parent Relationship": "Outer", "Relation Name": "role_type", "Alias": "rt", "Startup Cost": 0.0, "Total Cost": 1.15, "Plan Rows": 1, "Plan Width": 4, "Filter": "((role)::text = 'costume designer'::text)"}]}]}, {"Node Type": "Hash", "Parent Relationship": "Inner", "Startup Cost": 180697.47, "Total Cost": 180697.47, "Plan Rows": 1282311, "Plan Width": 25, "Plans": [{"Node Type": "Hash Join", "Parent Relationship": "Outer", "Join Type": "Inner", "Startup Cost": 98641.07, "Total Cost": 180697.47, "Plan Rows": 1282311, "Plan Width": 25, "Inner Unique": true, "Hash Cond": "(mc.movie_id = t.id), (LLVM Optimized)", "Plans": [{"Node Type": "Hash Join", "Parent Relationship": "Outer", "Join Type": "Inner", "Startup Cost": 6968.08, "Total Cost": 71392.69, "Plan Rows": 1282311, "Plan Width": 4, "Inner Unique": true, "Hash Cond": "(mc.company_id = cn.id), (LLVM Optimized)", "Plans": [{"Node Type": "Seq Scan", "Parent Relationship": "Outer", "Relation Name": "movie_companies", "Alias": "mc", "Startup Cost": 0.0, "Total Cost": 41817.28, "Plan Rows": 2609128, "Plan Width": 8}, {"Node Type": "Hash", "Parent Relationship": "Inner", "Startup Cost": 5903.45, "Total Cost": 5903.45, "Plan Rows": 85170, "Plan Width": 4, "Plans": [{"Node Type": "Seq Scan", "Parent Relationship": "Outer", "Relation Name": "company_name", "Alias": "cn", "Startup Cost": 0.0, "Total Cost": 5903.45, "Plan Rows": 85170, "Plan Width": 4, "Filter": "((country_code)::text = '[us]'::text)"}]}]}, {"Node Type": "Hash", "Parent Relationship": "Inner", "Startup Cost": 60069.11, "Total Cost": 60069.11, "Plan Rows": 2528311, "Plan Width": 21, "Plans": [{"Node Type": "Seq Scan", "Parent Relationship": "Outer", "Relation Name": "title", "Alias": "t", "Startup Cost": 0.0, "Total Cost": 60069.11, "Plan Rows": 2528311, "Plan Width": 21}]}]}]}]}, {"Node Type": "Hash", "Parent Relationship": "Inner", "Startup Cost": 93071.9, "Total Cost": 93071.9, "Plan Rows": 4167490, "Plan Width": 4, "Plans": [{"Node Type": "Seq Scan", "Parent Relationship": "Outer", "Relation Name": "name", "Alias": "n1", "Startup Cost": 0.0, "Total Cost": 93071.9, "Plan Rows": 4167490, "Plan Width": 4}]}]}]}]}]}, "Unique SQL Id": 2457761703, "Planner Runtime": 65}, "explain_analyze_plan": null}, "(1, '79')": {"explain_plan": {"Plan": {"Node Type": "Aggregate", "Strategy": "Plain", "Startup Cost": 6720948132520.17, "Total Cost": 6720948132520.18, "Plan Rows": 1, "Plan Width": 97, "Plans": [{"Node Type": "Hash Join", "Parent Relationship": "Outer", "Join Type": "Inner", "Startup Cost": 4029125744837.46, "Total Cost": 6720948130734.68, "Plan Rows": 357098, "Plan Width": 33, "Inner Unique": false, "Hash Cond": "(ci.movie_id = t.id), (LLVM Optimized)", "Plans": [{"Node Type": "Hash Join", "Parent Relationship": "Outer", "Join Type": "Inner", "Startup Cost": 1030049898442.37, "Total Cost": 3721872271248.76, "Plan Rows": 1484588, "Plan Width": 20, "Inner Unique": true, "Hash Cond": "(ci.role_id = rt.id), (LLVM Optimized)", "Plans": [{"Node Type": "Merge Join", "Parent Relationship": "Outer", "Join Type": "Inner", "Startup Cost": 30049897196.36, "Total Cost": 2721872214228.63, "Plan Rows": 16330470, "Plan Width": 24, "Inner Unique": false, "Merge Cond": "(an1.person_id = ci.person_id)", "Plans": [{"Node Type": "Merge Join", "Parent Relationship": "Outer", "Join Type": "Inner", "Startup Cost": 20030754356.47, "Total Cost": 2000007674895.99, "Plan Rows": 901342, "Plan Width": 24, "Inner Unique": true, "Merge Cond": "(an1.person_id = n1.id)", "Plans": [{"Node Type": "Index Scan", "Parent Relationship": "Outer", "Scan Direction": "Forward", "Index Name": "person_id_aka_name", "Relation Name": "aka_name", "Alias": "an1", "Startup Cost": 10000000000.0, "Total Cost": 1000006896503.43, "Plan Rows": 901342, "Plan Width": 20}, {"Node Type": "Index Scan", "Parent Relationship": "Inner", "Scan Direction": "Forward", "Index Name": "name_pkey", "Relation Name": "name", "Alias": "n1", "Startup Cost": 10000000000.0, "Total Cost": 1000017623274.7, "Plan Rows": 4167490, "Plan Width": 4}]}, {"Node Type": "Index Scan", "Parent Relationship": "Inner", "Scan Direction": "Forward", "Index Name": "person_id_cast_info", "Relation Name": "cast_info", "Alias": "ci", "Startup Cost": 10000000000.0, "Total Cost": 1000170648833.21, "Plan Rows": 36259494, "Plan Width": 12}]}, {"Node Type": "Hash", "Parent Relationship": "Inner", "Startup Cost": 1000000001246.0, "Total Cost": 1000000001246.0, "Plan Rows": 1, "Plan Width": 4, "Plans": [{"Node Type": "Index Scan", "Parent Relationship": "Outer", "Scan Direction": "Forward", "Index Name": "role_type_pkey", "Relation Name": "role_type", "Alias": "rt", "Startup Cost": 10000000000.0, "Total Cost": 1000000001246.0, "Plan Rows": 1, "Plan Width": 4, "Filter": "((role)::text = 'costume designer'::text)"}]}]}, {"Node Type": "Hash", "Parent Relationship": "Inner", "Startup Cost": 2999075830366.2, "Total Cost": 2999075830366.2, "Plan Rows": 1282311, "Plan Width": 25, "Plans": [{"Node Type": "Merge Join", "Parent Relationship": "Outer", "Join Type": "Inner", "Startup Cost": 2010035495066.48, "Total Cost": 2999075830366.2, "Plan Rows": 1282311, "Plan Width": 25, "Inner Unique": true, "Merge Cond": "(mc.movie_id = t.id)", "Plans": [{"Node Type": "Sort", "Parent Relationship": "Outer", "Startup Cost": 2000013567140.28, "Total Cost": 2000013570346.05, "Plan Rows": 1282311, "Plan Width": 4, "Sort Key": ["mc.movie_id"], "Plans": [{"Node Type": "Merge Join", "Parent Relationship": "Outer", "Join Type": "Inner", "Startup Cost": 45724640147.62, "Total Cost": 2000013437047.81, "Plan Rows": 1282311, "Plan Width": 4, "Inner Unique": false, "Merge Cond": "(cn.id = mc.company_id)", "Plans": [{"Node Type": "Index Scan", "Parent Relationship": "Outer", "Scan Direction": "Forward", "Index Name": "company_name_pkey", "Relation Name": "company_name", "Alias": "cn", "Startup Cost": 10000000000.0, "Total Cost": 1000001050138.97, "Plan Rows": 85170, "Plan Width": 4, "Filter": "((country_code)::text = '[us]'::text)"}, {"Node Type": "Index Scan", "Parent Relationship": "Inner", "Scan Direction": "Forward", "Index Name": "company_id_movie_companies", "Relation Name": "movie_companies", "Alias": "mc", "Startup Cost": 10000000000.0, "Total Cost": 1000012367349.98, "Plan Rows": 2609128, "Plan Width": 8}]}]}, {"Node Type": "Index Scan", "Parent Relationship": "Inner", "Scan Direction": "Forward", "Index Name": "title_pkey", "Relation Name": "title", "Alias": "t", "Startup Cost": 10000000000.0, "Total Cost": 1000011012048.91, "Plan Rows": 2528311, "Plan Width": 21}]}]}]}]}, "Unique SQL Id": 2457761703, "Planner Runtime": 120}, "explain_analyze_plan": null}, "(1, '80')": {"explain_plan": {"Plan": {"Node Type": "Aggregate", "Strategy": "Plain", "Startup Cost": 1194615.66, "Total Cost": 1194615.67, "Plan Rows": 1, "Plan Width": 97, "Plans": [{"Node Type": "Nested Loop", "Parent Relationship": "Outer", "Join Type": "Inner", "Startup Cost": 920804.93, "Total Cost": 1192830.17, "Plan Rows": 357098, "Plan Width": 33, "Inner Unique": true, "Join Filter": "(an1.person_id = n1.id), (LLVM Optimized)", "Plans": [{"Node Type": "Nested Loop", "Parent Relationship": "Outer", "Join Type": "Inner", "Startup Cost": 920804.93, "Total Cost": 1091336.23, "Plan Rows": 357098, "Plan Width": 41, "Inner Unique": true, "Plans": [{"Node Type": "Merge Join", "Parent Relationship": "Outer", "Join Type": "Inner", "Startup Cost": 920804.93, "Total Cost": 989533.89, "Plan Rows": 357379, "Plan Width": 32, "Inner Unique": false, "Merge Cond": "(an1.person_id = ci.person_id)", "Plans": [{"Node Type": "Index Scan", "Parent Relationship": "Outer", "Scan Direction": "Forward", "Index Name": "person_id_aka_name", "Relation Name": "aka_name", "Alias": "an1", "Startup Cost": 0.0, "Total Cost": 68965.03, "Plan Rows": 901342, "Plan Width": 20}, {"Node Type": "Sort", "Parent Relationship": "Inner", "Startup Cost": 920804.86, "Total Cost": 922582.4, "Plan Rows": 711018, "Plan Width": 12, "Sort Key": ["ci.person_id"], "Plans": [{"Node Type": "Merge Join", "Parent Relationship": "Outer", "Join Type": "Inner", "Startup Cost": 812099.84, "Total Cost": 851695.59, "Plan Rows": 711018, "Plan Width": 12, "Inner Unique": false, "Merge Cond": "(mc.movie_id = ci.movie_id)", "Plans": [{"Node Type": "Sort", "Parent Relationship": "Outer", "Startup Cost": 283826.21, "Total Cost": 287031.99, "Plan Rows": 1282311, "Plan Width": 4, "Sort Key": ["mc.movie_id"], "Plans": [{"Node Type": "Merge Join", "Parent Relationship": "Outer", "Join Type": "Inner", "Startup Cost": 3383.04, "Total Cost": 153733.74, "Plan Rows": 1282311, "Plan Width": 4, "Inner Unique": false, "Merge Cond": "(cn.id = mc.company_id)", "Plans": [{"Node Type": "Index Scan", "Parent Relationship": "Outer", "Scan Direction": "Forward", "Index Name": "company_name_pkey", "Relation Name": "company_name", "Alias": "cn", "Startup Cost": 0.0, "Total Cost": 10501.39, "Plan Rows": 85170, "Plan Width": 4, "Filter": "((country_code)::text = '[us]'::text)"}, {"Node Type": "Index Scan", "Parent Relationship": "Inner", "Scan Direction": "Forward", "Index Name": "company_id_movie_companies", "Relation Name": "movie_companies", "Alias": "mc", "Startup Cost": 0.0, "Total Cost": 123673.5, "Plan Rows": 2609128, "Plan Width": 8}]}]}, {"Node Type": "Sort", "Parent Relationship": "Inner", "Startup Cost": 528273.31, "Total Cost": 536514.11, "Plan Rows": 3296318, "Plan Width": 8, "Sort Key": ["ci.movie_id"], "Plans": [{"Node Type": "Nested Loop", "Parent Relationship": "Outer", "Join Type": "Inner", "Startup Cost": 0.0, "Total Cost": 171406.94, "Plan Rows": 3296318, "Plan Width": 8, "Inner Unique": false, "Plans": [{"Node Type": "Seq Scan", "Parent Relationship": "Outer", "Relation Name": "role_type", "Alias": "rt", "Startup Cost": 0.0, "Total Cost": 1.15, "Plan Rows": 1, "Plan Width": 4, "Filter": "((role)::text = 'costume designer'::text)"}, {"Node Type": "Index Scan", "Parent Relationship": "Inner", "Scan Direction": "Forward", "Index Name": "role_id_cast_info", "Relation Name": "cast_info", "Alias": "ci", "Startup Cost": 0.0, "Total Cost": 138442.61, "Plan Rows": 3296318, "Plan Width": 12, "Index Cond": "(role_id = rt.id), (LLVM Optimized)"}]}]}]}]}]}, {"Node Type": "Index Scan", "Parent Relationship": "Inner", "Scan Direction": "Forward", "Index Name": "title_pkey", "Relation Name": "title", "Alias": "t", "Startup Cost": 0.0, "Total Cost": 0.27, "Plan Rows": 1, "Plan Width": 21, "Index Cond": "(id = ci.movie_id)"}]}, {"Node Type": "Index Only Scan", "Parent Relationship": "Inner", "Scan Direction": "Forward", "Index Name": "name_pkey", "Relation Name": "name", "Alias": "n1", "Startup Cost": 0.0, "Total Cost": 0.27, "Plan Rows": 1, "Plan Width": 4, "Index Cond": "(id = ci.person_id)"}]}]}, "Unique SQL Id": 2457761703, "Planner Runtime": 41}, "explain_analyze_plan": {"Plan": {"Node Type": "Aggregate", "Strategy": "Plain", "Startup Cost": 1194615.66, "Total Cost": 1194615.67, "Plan Rows": 1, "Plan Width": 97, "Actual Startup Time": 8120.907, "Actual Total Time": 8120.908, "Actual Rows": 1, "Actual Loops": 1, "Plans": [{"Node Type": "Nested Loop", "Parent Relationship": "Outer", "Join Type": "Inner", "Startup Cost": 920804.93, "Total Cost": 1192830.17, "Plan Rows": 357098, "Plan Width": 33, "Actual Startup Time": 4997.233, "Actual Total Time": 7913.652, "Actual Rows": 323005, "Actual Loops": 1, "Inner Unique": true, "Join Filter": "(an1.person_id = n1.id), (LLVM Optimized, Jit Execute)", "Rows Removed by Join Filter": 0, "Plans": [{"Node Type": "Nested Loop", "Parent Relationship": "Outer", "Join Type": "Inner", "Startup Cost": 920804.93, "Total Cost": 1091336.23, "Plan Rows": 357098, "Plan Width": 41, "Actual Startup Time": 4997.141, "Actual Total Time": 7006.784, "Actual Rows": 323005, "Actual Loops": 1, "Inner Unique": true, "Plans": [{"Node Type": "Merge Join", "Parent Relationship": "Outer", "Join Type": "Inner", "Startup Cost": 920804.93, "Total Cost": 989533.89, "Plan Rows": 357379, "Plan Width": 32, "Actual Startup Time": 4997.101, "Actual Total Time": 5748.888, "Actual Rows": 323005, "Actual Loops": 1, "Inner Unique": false, "Merge Cond": "(an1.person_id = ci.person_id)", "Plans": [{"Node Type": "Index Scan", "Parent Relationship": "Outer", "Scan Direction": "Forward", "Index Name": "person_id_aka_name", "Relation Name": "aka_name", "Alias": "an1", "Startup Cost": 0.0, "Total Cost": 68965.03, "Plan Rows": 901342, "Plan Width": 20, "Actual Startup Time": 0.031, "Actual Total Time": 471.207, "Actual Rows": 688852, "Actual Loops": 1}, {"Node Type": "Sort", "Parent Relationship": "Inner", "Startup Cost": 920804.86, "Total Cost": 922582.4, "Plan Rows": 711018, "Plan Width": 12, "Actual Startup Time": 4997.011, "Actual Total Time": 5063.199, "Actual Rows": 445949, "Actual Loops": 1, "Sort Key": ["ci.person_id"], "Sort Method": "quicksort", "Sort Space Used": 39058, "Sort Space Type": "Memory", "Plans": [{"Node Type": "Merge Join", "Parent Relationship": "Outer", "Join Type": "Inner", "Startup Cost": 812099.84, "Total Cost": 851695.59, "Plan Rows": 711018, "Plan Width": 12, "Actual Startup Time": 4423.313, "Actual Total Time": 4909.137, "Actual Rows": 285537, "Actual Loops": 1, "Inner Unique": false, "Merge Cond": "(mc.movie_id = ci.movie_id)", "Plans": [{"Node Type": "Sort", "Parent Relationship": "Outer", "Startup Cost": 283826.21, "Total Cost": 287031.99, "Plan Rows": 1282311, "Plan Width": 4, "Actual Startup Time": 4146.803, "Actual Total Time": 4315.25, "Actual Rows": 1153797, "Actual Loops": 1, "Sort Key": ["mc.movie_id"], "Sort Method": "quicksort", "Sort Space Used": 121265, "Sort Space Type": "Memory", "Plans": [{"Node Type": "Merge Join", "Parent Relationship": "Outer", "Join Type": "Inner", "Startup Cost": 3383.04, "Total Cost": 153733.74, "Plan Rows": 1282311, "Plan Width": 4, "Actual Startup Time": 0.056, "Actual Total Time": 3711.929, "Actual Rows": 1153797, "Actual Loops": 1, "Inner Unique": false, "Merge Cond": "(cn.id = mc.company_id)", "Plans": [{"Node Type": "Index Scan", "Parent Relationship": "Outer", "Scan Direction": "Forward", "Index Name": "company_name_pkey", "Relation Name": "company_name", "Alias": "cn", "Startup Cost": 0.0, "Total Cost": 10501.39, "Plan Rows": 85170, "Plan Width": 4, "Actual Startup Time": 0.032, "Actual Total Time": 368.558, "Actual Rows": 84843, "Actual Loops": 1, "Filter": "((country_code)::text = '[us]'::text)", "Rows Removed by Filter": 150153}, {"Node Type": "Index Scan", "Parent Relationship": "Inner", "Scan Direction": "Forward", "Index Name": "company_id_movie_companies", "Relation Name": "movie_companies", "Alias": "mc", "Startup Cost": 0.0, "Total Cost": 123673.5, "Plan Rows": 2609128, "Plan Width": 8, "Actual Startup Time": 0.017, "Actual Total Time": 2784.716, "Actual Rows": 2609128, "Actual Loops": 1}]}]}, {"Node Type": "Sort", "Parent Relationship": "Inner", "Startup Cost": 528273.31, "Total Cost": 536514.11, "Plan Rows": 3296318, "Plan Width": 8, "Actual Startup Time": 276.493, "Actual Total Time": 329.911, "Actual Rows": 461759, "Actual Loops": 1, "Sort Key": ["ci.movie_id"], "Sort Method": "quicksort", "Sort Space Used": 29564, "Sort Space Type": "Memory", "Plans": [{"Node Type": "Nested Loop", "Parent Relationship": "Outer", "Join Type": "Inner", "Startup Cost": 0.0, "Total Cost": 171406.94, "Plan Rows": 3296318, "Plan Width": 8, "Actual Startup Time": 0.125, "Actual Total Time": 177.653, "Actual Rows": 276403, "Actual Loops": 1, "Inner Unique": false, "Plans": [{"Node Type": "Seq Scan", "Parent Relationship": "Outer", "Relation Name": "role_type", "Alias": "rt", "Startup Cost": 0.0, "Total Cost": 1.15, "Plan Rows": 1, "Plan Width": 4, "Actual Startup Time": 0.055, "Actual Total Time": 0.068, "Actual Rows": 1, "Actual Loops": 1, "Filter": "((role)::text = 'costume designer'::text)", "Rows Removed by Filter": 11}, {"Node Type": "Index Scan", "Parent Relationship": "Inner", "Scan Direction": "Forward", "Index Name": "role_id_cast_info", "Relation Name": "cast_info", "Alias": "ci", "Startup Cost": 0.0, "Total Cost": 138442.61, "Plan Rows": 3296318, "Plan Width": 12, "Actual Startup Time": 0.055, "Actual Total Time": 125.86, "Actual Rows": 276403, "Actual Loops": 1, "Index Cond": "(role_id = rt.id), (LLVM Optimized, Jit Execute)", "Rows Removed by Index Recheck": 0}]}]}]}]}]}, {"Node Type": "Index Scan", "Parent Relationship": "Inner", "Scan Direction": "Forward", "Index Name": "title_pkey", "Relation Name": "title", "Alias": "t", "Startup Cost": 0.0, "Total Cost": 0.27, "Plan Rows": 1, "Plan Width": 21, "Actual Startup Time": 1007.615, "Actual Total Time": 1007.615, "Actual Rows": 323005, "Actual Loops": 323005, "Index Cond": "(id = ci.movie_id)", "Rows Removed by Index Recheck": 0}]}, {"Node Type": "Index Only Scan", "Parent Relationship": "Inner", "Scan Direction": "Forward", "Index Name": "name_pkey", "Relation Name": "name", "Alias": "n1", "Startup Cost": 0.0, "Total Cost": 0.27, "Plan Rows": 1, "Plan Width": 4, "Actual Startup Time": 664.453, "Actual Total Time": 664.453, "Actual Rows": 323005, "Actual Loops": 323005, "Index Cond": "(id = ci.person_id)", "Rows Removed by Index Recheck": 0, "Heap Fetches": 0}]}]}, "Triggers": [], "Planner Runtime": 41.914, "Total Runtime": 8130.654, "Unique SQL Id": 2457761703}}, "(1, '81')": {"explain_plan": {"Plan": {"Node Type": "Aggregate", "Strategy": "Plain", "Startup Cost": 1194626.97, "Total Cost": 1194626.98, "Plan Rows": 1, "Plan Width": 97, "Plans": [{"Node Type": "Nested Loop", "Parent Relationship": "Outer", "Join Type": "Inner", "Startup Cost": 920816.24, "Total Cost": 1192841.48, "Plan Rows": 357098, "Plan Width": 33, "Inner Unique": true, "Join Filter": "(an1.person_id = n1.id), (LLVM Optimized)", "Plans": [{"Node Type": "Nested Loop", "Parent Relationship": "Outer", "Join Type": "Inner", "Startup Cost": 920816.24, "Total Cost": 1091347.54, "Plan Rows": 357098, "Plan Width": 41, "Inner Unique": true, "Plans": [{"Node Type": "Merge Join", "Parent Relationship": "Outer", "Join Type": "Inner", "Startup Cost": 920816.24, "Total Cost": 989545.2, "Plan Rows": 357379, "Plan Width": 32, "Inner Unique": false, "Merge Cond": "(ci.person_id = an1.person_id)", "Plans": [{"Node Type": "Sort", "Parent Relationship": "Outer", "Startup Cost": 920816.17, "Total Cost": 922593.71, "Plan Rows": 711018, "Plan Width": 12, "Sort Key": ["ci.person_id"], "Plans": [{"Node Type": "Merge Join", "Parent Relationship": "Outer", "Join Type": "Inner", "Startup Cost": 812111.15, "Total Cost": 851706.9, "Plan Rows": 711018, "Plan Width": 12, "Inner Unique": false, "Merge Cond": "(mc.movie_id = ci.movie_id)", "Plans": [{"Node Type": "Sort", "Parent Relationship": "Outer", "Startup Cost": 283826.21, "Total Cost": 287031.99, "Plan Rows": 1282311, "Plan Width": 4, "Sort Key": ["mc.movie_id"], "Plans": [{"Node Type": "Merge Join", "Parent Relationship": "Outer", "Join Type": "Inner", "Startup Cost": 3383.04, "Total Cost": 153733.74, "Plan Rows": 1282311, "Plan Width": 4, "Inner Unique": false, "Merge Cond": "(cn.id = mc.company_id)", "Plans": [{"Node Type": "Index Scan", "Parent Relationship": "Outer", "Scan Direction": "Forward", "Index Name": "company_name_pkey", "Relation Name": "company_name", "Alias": "cn", "Startup Cost": 0.0, "Total Cost": 10501.39, "Plan Rows": 85170, "Plan Width": 4, "Filter": "((country_code)::text = '[us]'::text)"}, {"Node Type": "Index Scan", "Parent Relationship": "Inner", "Scan Direction": "Forward", "Index Name": "company_id_movie_companies", "Relation Name": "movie_companies", "Alias": "mc", "Startup Cost": 0.0, "Total Cost": 123673.5, "Plan Rows": 2609128, "Plan Width": 8}]}]}, {"Node Type": "Sort", "Parent Relationship": "Inner", "Startup Cost": 528284.62, "Total Cost": 536525.42, "Plan Rows": 3296318, "Plan Width": 8, "Sort Key": ["ci.movie_id"], "Plans": [{"Node Type": "Nested Loop", "Parent Relationship": "Outer", "Join Type": "Inner", "Startup Cost": 0.0, "Total Cost": 171418.25, "Plan Rows": 3296318, "Plan Width": 8, "Inner Unique": false, "Plans": [{"Node Type": "Index Scan", "Parent Relationship": "Outer", "Scan Direction": "Forward", "Index Name": "role_type_pkey", "Relation Name": "role_type", "Alias": "rt", "Startup Cost": 0.0, "Total Cost": 12.46, "Plan Rows": 1, "Plan Width": 4, "Filter": "((role)::text = 'costume designer'::text)"}, {"Node Type": "Index Scan", "Parent Relationship": "Inner", "Scan Direction": "Forward", "Index Name": "role_id_cast_info", "Relation Name": "cast_info", "Alias": "ci", "Startup Cost": 0.0, "Total Cost": 138442.61, "Plan Rows": 3296318, "Plan Width": 12, "Index Cond": "(role_id = rt.id), (LLVM Optimized)"}]}]}]}]}, {"Node Type": "Index Scan", "Parent Relationship": "Inner", "Scan Direction": "Forward", "Index Name": "person_id_aka_name", "Relation Name": "aka_name", "Alias": "an1", "Startup Cost": 0.0, "Total Cost": 68965.03, "Plan Rows": 901342, "Plan Width": 20}]}, {"Node Type": "Index Scan", "Parent Relationship": "Inner", "Scan Direction": "Forward", "Index Name": "title_pkey", "Relation Name": "title", "Alias": "t", "Startup Cost": 0.0, "Total Cost": 0.27, "Plan Rows": 1, "Plan Width": 21, "Index Cond": "(id = ci.movie_id)"}]}, {"Node Type": "Index Only Scan", "Parent Relationship": "Inner", "Scan Direction": "Forward", "Index Name": "name_pkey", "Relation Name": "name", "Alias": "n1", "Startup Cost": 0.0, "Total Cost": 0.27, "Plan Rows": 1, "Plan Width": 4, "Index Cond": "(id = ci.person_id)"}]}]}, "Unique SQL Id": 2457761703, "Planner Runtime": 38}, "explain_analyze_plan": {"Plan": {"Node Type": "Aggregate", "Strategy": "Plain", "Startup Cost": 1194626.97, "Total Cost": 1194626.98, "Plan Rows": 1, "Plan Width": 97, "Actual Startup Time": 8701.391, "Actual Total Time": 8701.392, "Actual Rows": 1, "Actual Loops": 1, "Plans": [{"Node Type": "Nested Loop", "Parent Relationship": "Outer", "Join Type": "Inner", "Startup Cost": 920816.24, "Total Cost": 1192841.48, "Plan Rows": 357098, "Plan Width": 33, "Actual Startup Time": 5217.158, "Actual Total Time": 8490.389, "Actual Rows": 323005, "Actual Loops": 1, "Inner Unique": true, "Join Filter": "(an1.person_id = n1.id), (LLVM Optimized, Jit Execute)", "Rows Removed by Join Filter": 0, "Plans": [{"Node Type": "Nested Loop", "Parent Relationship": "Outer", "Join Type": "Inner", "Startup Cost": 920816.24, "Total Cost": 1091347.54, "Plan Rows": 357098, "Plan Width": 41, "Actual Startup Time": 5217.138, "Actual Total Time": 7583.598, "Actual Rows": 323005, "Actual Loops": 1, "Inner Unique": true, "Plans": [{"Node Type": "Merge Join", "Parent Relationship": "Outer", "Join Type": "Inner", "Startup Cost": 920816.24, "Total Cost": 989545.2, "Plan Rows": 357379, "Plan Width": 32, "Actual Startup Time": 5217.107, "Actual Total Time": 6308.247, "Actual Rows": 323005, "Actual Loops": 1, "Inner Unique": false, "Merge Cond": "(ci.person_id = an1.person_id)", "Plans": [{"Node Type": "Sort", "Parent Relationship": "Outer", "Startup Cost": 920816.17, "Total Cost": 922593.71, "Plan Rows": 711018, "Plan Width": 12, "Actual Startup Time": 5216.995, "Actual Total Time": 5281.51, "Actual Rows": 285537, "Actual Loops": 1, "Sort Key": ["ci.person_id"], "Sort Method": "quicksort", "Sort Space Used": 39058, "Sort Space Type": "Memory", "Plans": [{"Node Type": "Merge Join", "Parent Relationship": "Outer", "Join Type": "Inner", "Startup Cost": 812111.15, "Total Cost": 851706.9, "Plan Rows": 711018, "Plan Width": 12, "Actual Startup Time": 4647.938, "Actual Total Time": 5130.223, "Actual Rows": 285537, "Actual Loops": 1, "Inner Unique": false, "Merge Cond": "(mc.movie_id = ci.movie_id)", "Plans": [{"Node Type": "Sort", "Parent Relationship": "Outer", "Startup Cost": 283826.21, "Total Cost": 287031.99, "Plan Rows": 1282311, "Plan Width": 4, "Actual Startup Time": 4359.891, "Actual Total Time": 4517.837, "Actual Rows": 1153797, "Actual Loops": 1, "Sort Key": ["mc.movie_id"], "Sort Method": "quicksort", "Sort Space Used": 121265, "Sort Space Type": "Memory", "Plans": [{"Node Type": "Merge Join", "Parent Relationship": "Outer", "Join Type": "Inner", "Startup Cost": 3383.04, "Total Cost": 153733.74, "Plan Rows": 1282311, "Plan Width": 4, "Actual Startup Time": 0.108, "Actual Total Time": 3916.645, "Actual Rows": 1153797, "Actual Loops": 1, "Inner Unique": false, "Merge Cond": "(cn.id = mc.company_id)", "Plans": [{"Node Type": "Index Scan", "Parent Relationship": "Outer", "Scan Direction": "Forward", "Index Name": "company_name_pkey", "Relation Name": "company_name", "Alias": "cn", "Startup Cost": 0.0, "Total Cost": 10501.39, "Plan Rows": 85170, "Plan Width": 4, "Actual Startup Time": 0.065, "Actual Total Time": 344.843, "Actual Rows": 84843, "Actual Loops": 1, "Filter": "((country_code)::text = '[us]'::text)", "Rows Removed by Filter": 150153}, {"Node Type": "Index Scan", "Parent Relationship": "Inner", "Scan Direction": "Forward", "Index Name": "company_id_movie_companies", "Relation Name": "movie_companies", "Alias": "mc", "Startup Cost": 0.0, "Total Cost": 123673.5, "Plan Rows": 2609128, "Plan Width": 8, "Actual Startup Time": 0.034, "Actual Total Time": 3014.989, "Actual Rows": 2609128, "Actual Loops": 1}]}]}, {"Node Type": "Sort", "Parent Relationship": "Inner", "Startup Cost": 528284.62, "Total Cost": 536525.42, "Plan Rows": 3296318, "Plan Width": 8, "Actual Startup Time": 287.964, "Actual Total Time": 345.865, "Actual Rows": 461759, "Actual Loops": 1, "Sort Key": ["ci.movie_id"], "Sort Method": "quicksort", "Sort Space Used": 29564, "Sort Space Type": "Memory", "Plans": [{"Node Type": "Nested Loop", "Parent Relationship": "Outer", "Join Type": "Inner", "Startup Cost": 0.0, "Total Cost": 171418.25, "Plan Rows": 3296318, "Plan Width": 8, "Actual Startup Time": 0.127, "Actual Total Time": 188.449, "Actual Rows": 276403, "Actual Loops": 1, "Inner Unique": false, "Plans": [{"Node Type": "Index Scan", "Parent Relationship": "Outer", "Scan Direction": "Forward", "Index Name": "role_type_pkey", "Relation Name": "role_type", "Alias": "rt", "Startup Cost": 0.0, "Total Cost": 12.46, "Plan Rows": 1, "Plan Width": 4, "Actual Startup Time": 0.074, "Actual Total Time": 0.087, "Actual Rows": 1, "Actual Loops": 1, "Filter": "((role)::text = 'costume designer'::text)", "Rows Removed by Filter": 11}, {"Node Type": "Index Scan", "Parent Relationship": "Inner", "Scan Direction": "Forward", "Index Name": "role_id_cast_info", "Relation Name": "cast_info", "Alias": "ci", "Startup Cost": 0.0, "Total Cost": 138442.61, "Plan Rows": 3296318, "Plan Width": 12, "Actual Startup Time": 0.04, "Actual Total Time": 136.83, "Actual Rows": 276403, "Actual Loops": 1, "Index Cond": "(role_id = rt.id), (LLVM Optimized, Jit Execute)", "Rows Removed by Index Recheck": 0}]}]}]}]}, {"Node Type": "Index Scan", "Parent Relationship": "Inner", "Scan Direction": "Forward", "Index Name": "person_id_aka_name", "Relation Name": "aka_name", "Alias": "an1", "Startup Cost": 0.0, "Total Cost": 68965.03, "Plan Rows": 901342, "Plan Width": 20, "Actual Startup Time": 0.066, "Actual Total Time": 759.491, "Actual Rows": 1003872, "Actual Loops": 1}]}, {"Node Type": "Index Scan", "Parent Relationship": "Inner", "Scan Direction": "Forward", "Index Name": "title_pkey", "Relation Name": "title", "Alias": "t", "Startup Cost": 0.0, "Total Cost": 0.27, "Plan Rows": 1, "Plan Width": 21, "Actual Startup Time": 1028.829, "Actual Total Time": 1028.829, "Actual Rows": 323005, "Actual Loops": 323005, "Index Cond": "(id = ci.movie_id)", "Rows Removed by Index Recheck": 0}]}, {"Node Type": "Index Only Scan", "Parent Relationship": "Inner", "Scan Direction": "Forward", "Index Name": "name_pkey", "Relation Name": "name", "Alias": "n1", "Startup Cost": 0.0, "Total Cost": 0.27, "Plan Rows": 1, "Plan Width": 4, "Actual Startup Time": 663.989, "Actual Total Time": 663.989, "Actual Rows": 323005, "Actual Loops": 323005, "Index Cond": "(id = ci.person_id)", "Rows Removed by Index Recheck": 0, "Heap Fetches": 0}]}]}, "Triggers": [], "Planner Runtime": 38.892, "Total Runtime": 8711.392, "Unique SQL Id": 2457761703}}, "(1, '82')": {"explain_plan": {"Plan": {"Node Type": "Aggregate", "Strategy": "Plain", "Startup Cost": 2392979.77, "Total Cost": 2392979.78, "Plan Rows": 1, "Plan Width": 97, "Plans": [{"Node Type": "Merge Join", "Parent Relationship": "Outer", "Join Type": "Inner", "Startup Cost": 2355249.79, "Total Cost": 2391194.28, "Plan Rows": 357098, "Plan Width": 33, "Inner Unique": true, "Merge Cond": "(an1.person_id = n1.id)", "Plans": [{"Node Type": "Merge Join", "Parent Relationship": "Outer", "Join Type": "Inner", "Startup Cost": 1803946.44, "Total Cost": 1814590.46, "Plan Rows": 357098, "Plan Width": 41, "Inner Unique": false, "Merge Cond": "(ci.person_id = an1.person_id)", "Plans": [{"Node Type": "Sort", "Parent Relationship": "Outer", "Startup Cost": 1694887.5, "Total Cost": 1696663.64, "Plan Rows": 710459, "Plan Width": 21, "Sort Key": ["ci.person_id"], "Plans": [{"Node Type": "Merge Join", "Parent Relationship": "Outer", "Join Type": "Inner", "Startup Cost": 1564728.72, "Total Cost": 1625836.59, "Plan Rows": 710459, "Plan Width": 21, "Inner Unique": true, "Merge Cond": "(ci.movie_id = t.id)", "Plans": [{"Node Type": "Merge Join", "Parent Relationship": "Outer", "Join Type": "Inner", "Startup Cost": 1235776.7, "Total Cost": 1275372.45, "Plan Rows": 711018, "Plan Width": 12, "Inner Unique": false, "Merge Cond": "(mc.movie_id = ci.movie_id)", "Plans": [{"Node Type": "Sort", "Parent Relationship": "Outer", "Startup Cost": 489151.99, "Total Cost": 492357.77, "Plan Rows": 1282311, "Plan Width": 4, "Sort Key": ["mc.movie_id"], "Plans": [{"Node Type": "Merge Join", "Parent Relationship": "Outer", "Join Type": "Inner", "Startup Cost": 333103.9, "Total Cost": 359059.52, "Plan Rows": 1282311, "Plan Width": 4, "Inner Unique": false, "Merge Cond": "(cn.id = mc.company_id)", "Plans": [{"Node Type": "Sort", "Parent Relationship": "Outer", "Startup Cost": 12878.05, "Total Cost": 13090.97, "Plan Rows": 85170, "Plan Width": 4, "Sort Key": ["cn.id"], "Plans": [{"Node Type": "Seq Scan", "Parent Relationship": "Outer", "Relation Name": "company_name", "Alias": "cn", "Startup Cost": 0.0, "Total Cost": 5903.45, "Plan Rows": 85170, "Plan Width": 4, "Filter": "((country_code)::text = '[us]'::text)"}]}, {"Node Type": "Sort", "Parent Relationship": "Inner", "Startup Cost": 319886.87, "Total Cost": 326409.69, "Plan Rows": 2609128, "Plan Width": 8, "Sort Key": ["mc.company_id"], "Plans": [{"Node Type": "Seq Scan", "Parent Relationship": "Outer", "Relation Name": "movie_companies", "Alias": "mc", "Startup Cost": 0.0, "Total Cost": 41817.28, "Plan Rows": 2609128, "Plan Width": 8}]}]}]}, {"Node Type": "Sort", "Parent Relationship": "Inner", "Startup Cost": 746624.39, "Total Cost": 754865.19, "Plan Rows": 3296318, "Plan Width": 8, "Sort Key": ["ci.movie_id"], "Plans": [{"Node Type": "Nested Loop", "Parent Relationship": "Outer", "Join Type": "Inner", "Startup Cost": 76306.71, "Total Cost": 389758.02, "Plan Rows": 3296318, "Plan Width": 8, "Inner Unique": false, "Plans": [{"Node Type": "Seq Scan", "Parent Relationship": "Outer", "Relation Name": "role_type", "Alias": "rt", "Startup Cost": 0.0, "Total Cost": 1.15, "Plan Rows": 1, "Plan Width": 4, "Filter": "((role)::text = 'costume designer'::text)"}, {"Node Type": "Bitmap Heap Scan", "Parent Relationship": "Inner", "Relation Name": "cast_info", "Alias": "ci", "Startup Cost": 76306.71, "Total Cost": 356793.69, "Plan Rows": 3296318, "Plan Width": 12, "Recheck Cond": "(role_id = rt.id), (LLVM Optimized)", "Plans": [{"Node Type": "Bitmap Index Scan", "Parent Relationship": "Outer", "Index Name": "role_id_cast_info", "Startup Cost": 0.0, "Total Cost": 75482.63, "Plan Rows": 3296318, "Plan Width": 0, "Index Cond": "(role_id = rt.id)"}]}]}]}]}, {"Node Type": "Sort", "Parent Relationship": "Inner", "Startup Cost": 328951.73, "Total Cost": 335272.51, "Plan Rows": 2528311, "Plan Width": 21, "Sort Key": ["t.id"], "Plans": [{"Node Type": "Seq Scan", "Parent Relationship": "Outer", "Relation Name": "title", "Alias": "t", "Startup Cost": 0.0, "Total Cost": 60069.11, "Plan Rows": 2528311, "Plan Width": 21}]}]}]}, {"Node Type": "Sort", "Parent Relationship": "Inner", "Startup Cost": 109058.87, "Total Cost": 111312.23, "Plan Rows": 901342, "Plan Width": 20, "Sort Key": ["an1.person_id"], "Plans": [{"Node Type": "Seq Scan", "Parent Relationship": "Outer", "Relation Name": "aka_name", "Alias": "an1", "Startup Cost": 0.0, "Total Cost": 19908.42, "Plan Rows": 901342, "Plan Width": 20}]}]}, {"Node Type": "Sort", "Parent Relationship": "Inner", "Startup Cost": 551303.0, "Total Cost": 561721.72, "Plan Rows": 4167490, "Plan Width": 4, "Sort Key": ["n1.id"], "Plans": [{"Node Type": "Seq Scan", "Parent Relationship": "Outer", "Relation Name": "name", "Alias": "n1", "Startup Cost": 0.0, "Total Cost": 93071.9, "Plan Rows": 4167490, "Plan Width": 4}]}]}]}, "Unique SQL Id": 2457761703, "Planner Runtime": 36}, "explain_analyze_plan": {"Plan": {"Node Type": "Aggregate", "Strategy": "Plain", "Startup Cost": 2392979.77, "Total Cost": 2392979.78, "Plan Rows": 1, "Plan Width": 97, "Actual Startup Time": 12013.89, "Actual Total Time": 12013.891, "Actual Rows": 1, "Actual Loops": 1, "Plans": [{"Node Type": "Merge Join", "Parent Relationship": "Outer", "Join Type": "Inner", "Startup Cost": 2355249.79, "Total Cost": 2391194.28, "Plan Rows": 357098, "Plan Width": 33, "Actual Startup Time": 10445.703, "Actual Total Time": 11855.625, "Actual Rows": 323005, "Actual Loops": 1, "Inner Unique": true, "Merge Cond": "(an1.person_id = n1.id)", "Plans": [{"Node Type": "Merge Join", "Parent Relationship": "Outer", "Join Type": "Inner", "Startup Cost": 1803946.44, "Total Cost": 1814590.46, "Plan Rows": 357098, "Plan Width": 41, "Actual Startup Time": 7710.514, "Actual Total Time": 8114.715, "Actual Rows": 323005, "Actual Loops": 1, "Inner Unique": false, "Merge Cond": "(ci.person_id = an1.person_id)", "Plans": [{"Node Type": "Sort", "Parent Relationship": "Outer", "Startup Cost": 1694887.5, "Total Cost": 1696663.64, "Plan Rows": 710459, "Plan Width": 21, "Actual Startup Time": 7083.208, "Actual Total Time": 7137.723, "Actual Rows": 285537, "Actual Loops": 1, "Sort Key": ["ci.person_id"], "Sort Method": "quicksort", "Sort Space Used": 39613, "Sort Space Type": "Memory", "Plans": [{"Node Type": "Merge Join", "Parent Relationship": "Outer", "Join Type": "Inner", "Startup Cost": 1564728.72, "Total Cost": 1625836.59, "Plan Rows": 710459, "Plan Width": 21, "Actual Startup Time": 5276.652, "Actual Total Time": 6983.654, "Actual Rows": 285537, "Actual Loops": 1, "Inner Unique": true, "Merge Cond": "(ci.movie_id = t.id)", "Plans": [{"Node Type": "Merge Join", "Parent Relationship": "Outer", "Join Type": "Inner", "Startup Cost": 1235776.7, "Total Cost": 1275372.45, "Plan Rows": 711018, "Plan Width": 12, "Actual Startup Time": 3449.81, "Actual Total Time": 4054.903, "Actual Rows": 285537, "Actual Loops": 1, "Inner Unique": false, "Merge Cond": "(mc.movie_id = ci.movie_id)", "Plans": [{"Node Type": "Sort", "Parent Relationship": "Outer", "Startup Cost": 489151.99, "Total Cost": 492357.77, "Plan Rows": 1282311, "Plan Width": 4, "Actual Startup Time": 3201.297, "Actual Total Time": 3470.562, "Actual Rows": 1153797, "Actual Loops": 1, "Sort Key": ["mc.movie_id"], "Sort Method": "quicksort", "Sort Space Used": 121265, "Sort Space Type": "Memory", "Plans": [{"Node Type": "Merge Join", "Parent Relationship": "Outer", "Join Type": "Inner", "Startup Cost": 333103.9, "Total Cost": 359059.52, "Plan Rows": 1282311, "Plan Width": 4, "Actual Startup Time": 1728.805, "Actual Total Time": 2781.395, "Actual Rows": 1153797, "Actual Loops": 1, "Inner Unique": false, "Merge Cond": "(cn.id = mc.company_id)", "Plans": [{"Node Type": "Sort", "Parent Relationship": "Outer", "Startup Cost": 12878.05, "Total Cost": 13090.97, "Plan Rows": 85170, "Plan Width": 4, "Actual Startup Time": 118.443, "Actual Total Time": 132.948, "Actual Rows": 84843, "Actual Loops": 1, "Sort Key": ["cn.id"], "Sort Method": "quicksort", "Sort Space Used": 8375, "Sort Space Type": "Memory", "Plans": [{"Node Type": "Seq Scan", "Parent Relationship": "Outer", "Relation Name": "company_name", "Alias": "cn", "Startup Cost": 0.0, "Total Cost": 5903.45, "Plan Rows": 85170, "Plan Width": 4, "Actual Startup Time": 0.036, "Actual Total Time": 87.768, "Actual Rows": 84843, "Actual Loops": 1, "Filter": "((country_code)::text = '[us]'::text)", "Rows Removed by Filter": 150153}]}, {"Node Type": "Sort", "Parent Relationship": "Inner", "Startup Cost": 319886.87, "Total Cost": 326409.69, "Plan Rows": 2609128, "Plan Width": 8, "Actual Startup Time": 1610.345, "Actual Total Time": 2141.283, "Actual Rows": 2609128, "Actual Loops": 1, "Sort Key": ["mc.company_id"], "Sort Method": "quicksort", "Sort Space Used": 261375, "Sort Space Type": "Memory", "Plans": [{"Node Type": "Seq Scan", "Parent Relationship": "Outer", "Relation Name": "movie_companies", "Alias": "mc", "Startup Cost": 0.0, "Total Cost": 41817.28, "Plan Rows": 2609128, "Plan Width": 8, "Actual Startup Time": 0.044, "Actual Total Time": 728.453, "Actual Rows": 2609128, "Actual Loops": 1}]}]}]}, {"Node Type": "Sort", "Parent Relationship": "Inner", "Startup Cost": 746624.39, "Total Cost": 754865.19, "Plan Rows": 3296318, "Plan Width": 8, "Actual Startup Time": 248.493, "Actual Total Time": 323.537, "Actual Rows": 461759, "Actual Loops": 1, "Sort Key": ["ci.movie_id"], "Sort Method": "quicksort", "Sort Space Used": 29564, "Sort Space Type": "Memory", "Plans": [{"Node Type": "Nested Loop", "Parent Relationship": "Outer", "Join Type": "Inner", "Startup Cost": 76306.71, "Total Cost": 389758.02, "Plan Rows": 3296318, "Plan Width": 8, "Actual Startup Time": 33.973, "Actual Total Time": 155.892, "Actual Rows": 276403, "Actual Loops": 1, "Inner Unique": false, "Plans": [{"Node Type": "Seq Scan", "Parent Relationship": "Outer", "Relation Name": "role_type", "Alias": "rt", "Startup Cost": 0.0, "Total Cost": 1.15, "Plan Rows": 1, "Plan Width": 4, "Actual Startup Time": 0.056, "Actual Total Time": 0.068, "Actual Rows": 1, "Actual Loops": 1, "Filter": "((role)::text = 'costume designer'::text)", "Rows Removed by Filter": 11}, {"Node Type": "Bitmap Heap Scan", "Parent Relationship": "Inner", "Relation Name": "cast_info", "Alias": "ci", "Startup Cost": 76306.71, "Total Cost": 356793.69, "Plan Rows": 3296318, "Plan Width": 12, "Actual Startup Time": 33.896, "Actual Total Time": 107.945, "Actual Rows": 276403, "Actual Loops": 1, "Recheck Cond": "(role_id = rt.id), (LLVM Optimized, Jit Execute)", "Rows Removed by Index Recheck": 0, "Exact Heap Blocks": 1654, "Lossy Heap Blocks": 1654, "Plans": [{"Node Type": "Bitmap Index Scan", "Parent Relationship": "Outer", "Index Name": "role_id_cast_info", "Startup Cost": 0.0, "Total Cost": 75482.63, "Plan Rows": 3296318, "Plan Width": 0, "Actual Startup Time": 33.608, "Actual Total Time": 33.608, "Actual Rows": 276403, "Actual Loops": 1, "Index Cond": "(role_id = rt.id)"}]}]}]}]}, {"Node Type": "Sort", "Parent Relationship": "Inner", "Startup Cost": 328951.73, "Total Cost": 335272.51, "Plan Rows": 2528311, "Plan Width": 21, "Actual Startup Time": 1826.825, "Actual Total Time": 2447.3, "Actual Rows": 2525722, "Actual Loops": 1, "Sort Key": ["t.id"], "Sort Method": "quicksort", "Sort Space Used": 344074, "Sort Space Type": "Memory", "Plans": [{"Node Type": "Seq Scan", "Parent Relationship": "Outer", "Relation Name": "title", "Alias": "t", "Startup Cost": 0.0, "Total Cost": 60069.11, "Plan Rows": 2528311, "Plan Width": 21, "Actual Startup Time": 0.031, "Actual Total Time": 742.539, "Actual Rows": 2528311, "Actual Loops": 1}]}]}]}, {"Node Type": "Sort", "Parent Relationship": "Inner", "Startup Cost": 109058.87, "Total Cost": 111312.23, "Plan Rows": 901342, "Plan Width": 20, "Actual Startup Time": 627.263, "Actual Total Time": 745.093, "Actual Rows": 1003872, "Actual Loops": 1, "Sort Key": ["an1.person_id"], "Sort Method": "quicksort", "Sort Space Used": 109040, "Sort Space Type": "Memory", "Plans": [{"Node Type": "Seq Scan", "Parent Relationship": "Outer", "Relation Name": "aka_name", "Alias": "an1", "Startup Cost": 0.0, "Total Cost": 19908.42, "Plan Rows": 901342, "Plan Width": 20, "Actual Startup Time": 0.052, "Actual Total Time": 260.817, "Actual Rows": 901342, "Actual Loops": 1}]}]}, {"Node Type": "Sort", "Parent Relationship": "Inner", "Startup Cost": 551303.0, "Total Cost": 561721.72, "Plan Rows": 4167490, "Plan Width": 4, "Actual Startup Time": 2735.103, "Actual Total Time": 3204.841, "Actual Rows": 3441910, "Actual Loops": 1, "Sort Key": ["n1.id"], "Sort Method": "quicksort", "Sort Space Used": 358773, "Sort Space Type": "Memory", "Plans": [{"Node Type": "Seq Scan", "Parent Relationship": "Outer", "Relation Name": "name", "Alias": "n1", "Startup Cost": 0.0, "Total Cost": 93071.9, "Plan Rows": 4167490, "Plan Width": 4, "Actual Startup Time": 0.04, "Actual Total Time": 1185.739, "Actual Rows": 4167490, "Actual Loops": 1}]}]}]}, "Triggers": [], "Planner Runtime": 37.544, "Total Runtime": 12023.477, "Unique SQL Id": 2457761703}}, "(1, '83')": {"explain_plan": {"Plan": {"Node Type": "Aggregate", "Strategy": "Plain", "Startup Cost": 1000069787565.86, "Total Cost": 1000069787565.87, "Plan Rows": 1, "Plan Width": 97, "Plans": [{"Node Type": "Nested Loop", "Parent Relationship": "Outer", "Join Type": "Inner", "Startup Cost": 10000000001.8, "Total Cost": 1000069785780.37, "Plan Rows": 357098, "Plan Width": 33, "Inner Unique": true, "Plans": [{"Node Type": "Nested Loop", "Parent Relationship": "Outer", "Join Type": "Inner", "Startup Cost": 10000000001.54, "Total Cost": 1000068255744.11, "Plan Rows": 357379, "Plan Width": 24, "Inner Unique": true, "Join Filter": "(an1.person_id = n1.id), (LLVM Optimized)", "Plans": [{"Node Type": "Nested Loop", "Parent Relationship": "Outer", "Join Type": "Inner", "Startup Cost": 10000000001.28, "Total Cost": 1000066724564.96, "Plan Rows": 357379, "Plan Width": 32, "Inner Unique": false, "Plans": [{"Node Type": "Nested Loop", "Parent Relationship": "Outer", "Join Type": "Inner", "Startup Cost": 10000000001.03, "Total Cost": 1000063680996.82, "Plan Rows": 711018, "Plan Width": 12, "Inner Unique": true, "Plans": [{"Node Type": "Nested Loop", "Parent Relationship": "Outer", "Join Type": "Inner", "Startup Cost": 10000000000.77, "Total Cost": 1000030184746.51, "Plan Rows": 7821201, "Plan Width": 16, "Inner Unique": false, "Plans": [{"Node Type": "Nested Loop", "Parent Relationship": "Outer", "Join Type": "Inner", "Startup Cost": 10000000000.26, "Total Cost": 1000024227793.07, "Plan Rows": 1282311, "Plan Width": 4, "Inner Unique": true, "Plans": [{"Node Type": "Index Scan", "Parent Relationship": "Outer", "Scan Direction": "Forward", "Index Name": "movie_id_movie_companies", "Relation Name": "movie_companies", "Alias": "mc", "Startup Cost": 10000000000.0, "Total Cost": 1000013051946.13, "Plan Rows": 2609128, "Plan Width": 8}, {"Node Type": "Bitmap Heap Scan", "Parent Relationship": "Inner", "Relation Name": "company_name", "Alias": "cn", "Startup Cost": 0.26, "Total Cost": 4.27, "Plan Rows": 1, "Plan Width": 4, "Recheck Cond": "(id = mc.company_id)", "Filter": "((country_code)::text = '[us]'::text)", "Plans": [{"Node Type": "Bitmap Index Scan", "Parent Relationship": "Outer", "Index Name": "company_name_pkey", "Startup Cost": 0.0, "Total Cost": 0.26, "Plan Rows": 1, "Plan Width": 0, "Index Cond": "(id = mc.company_id)"}]}]}, {"Node Type": "Bitmap Heap Scan", "Parent Relationship": "Inner", "Relation Name": "cast_info", "Alias": "ci", "Startup Cost": 0.51, "Total Cost": 4.59, "Plan Rows": 6, "Plan Width": 12, "Recheck Cond": "(movie_id = mc.movie_id)", "Plans": [{"Node Type": "Bitmap Index Scan", "Parent Relationship": "Outer", "Index Name": "movie_id_cast_info", "Startup Cost": 0.0, "Total Cost": 0.51, "Plan Rows": 6, "Plan Width": 0, "Index Cond": "(movie_id = mc.movie_id)"}]}]}, {"Node Type": "Bitmap Heap Scan", "Parent Relationship": "Inner", "Relation Name": "role_type", "Alias": "rt", "Startup Cost": 0.26, "Total Cost": 4.27, "Plan Rows": 1, "Plan Width": 4, "Recheck Cond": "(id = ci.role_id)", "Filter": "((role)::text = 'costume designer'::text)", "Plans": [{"Node Type": "Bitmap Index Scan", "Parent Relationship": "Outer", "Index Name": "role_type_pkey", "Startup Cost": 0.0, "Total Cost": 0.26, "Plan Rows": 1, "Plan Width": 0, "Index Cond": "(id = ci.role_id)"}]}]}, {"Node Type": "Bitmap Heap Scan", "Parent Relationship": "Inner", "Relation Name": "aka_name", "Alias": "an1", "Startup Cost": 0.26, "Total Cost": 4.27, "Plan Rows": 1, "Plan Width": 20, "Recheck Cond": "(person_id = ci.person_id)", "Plans": [{"Node Type": "Bitmap Index Scan", "Parent Relationship": "Outer", "Index Name": "person_id_aka_name", "Startup Cost": 0.0, "Total Cost": 0.26, "Plan Rows": 1, "Plan Width": 0, "Index Cond": "(person_id = ci.person_id)"}]}]}, {"Node Type": "Bitmap Heap Scan", "Parent Relationship": "Inner", "Relation Name": "name", "Alias": "n1", "Startup Cost": 0.26, "Total Cost": 4.27, "Plan Rows": 1, "Plan Width": 4, "Recheck Cond": "(id = ci.person_id)", "Plans": [{"Node Type": "Bitmap Index Scan", "Parent Relationship": "Outer", "Index Name": "name_pkey", "Startup Cost": 0.0, "Total Cost": 0.26, "Plan Rows": 1, "Plan Width": 0, "Index Cond": "(id = ci.person_id)"}]}]}, {"Node Type": "Bitmap Heap Scan", "Parent Relationship": "Inner", "Relation Name": "title", "Alias": "t", "Startup Cost": 0.26, "Total Cost": 4.27, "Plan Rows": 1, "Plan Width": 21, "Recheck Cond": "(id = ci.movie_id)", "Plans": [{"Node Type": "Bitmap Index Scan", "Parent Relationship": "Outer", "Index Name": "title_pkey", "Startup Cost": 0.0, "Total Cost": 0.26, "Plan Rows": 1, "Plan Width": 0, "Index Cond": "(id = ci.movie_id)"}]}]}]}, "Unique SQL Id": 2457761703, "Planner Runtime": 6}, "explain_analyze_plan": null}, "(1, '84')": {"explain_plan": {"Plan": {"Node Type": "Aggregate", "Strategy": "Plain", "Startup Cost": 1196640.37, "Total Cost": 1196640.38, "Plan Rows": 1, "Plan Width": 97, "Plans": [{"Node Type": "Nested Loop", "Parent Relationship": "Outer", "Join Type": "Inner", "Startup Cost": 920804.93, "Total Cost": 1194854.88, "Plan Rows": 357098, "Plan Width": 33, "Inner Unique": true, "Join Filter": "(an1.person_id = n1.id), (LLVM Optimized)", "Plans": [{"Node Type": "Nested Loop", "Parent Relationship": "Outer", "Join Type": "Inner", "Startup Cost": 920804.93, "Total Cost": 1091336.23, "Plan Rows": 357098, "Plan Width": 41, "Inner Unique": true, "Plans": [{"Node Type": "Merge Join", "Parent Relationship": "Outer", "Join Type": "Inner", "Startup Cost": 920804.93, "Total Cost": 989533.89, "Plan Rows": 357379, "Plan Width": 32, "Inner Unique": false, "Merge Cond": "(an1.person_id = ci.person_id)", "Plans": [{"Node Type": "Index Scan", "Parent Relationship": "Outer", "Scan Direction": "Forward", "Index Name": "person_id_aka_name", "Relation Name": "aka_name", "Alias": "an1", "Startup Cost": 0.0, "Total Cost": 68965.03, "Plan Rows": 901342, "Plan Width": 20}, {"Node Type": "Sort", "Parent Relationship": "Inner", "Startup Cost": 920804.86, "Total Cost": 922582.4, "Plan Rows": 711018, "Plan Width": 12, "Sort Key": ["ci.person_id"], "Plans": [{"Node Type": "Merge Join", "Parent Relationship": "Outer", "Join Type": "Inner", "Startup Cost": 812099.84, "Total Cost": 851695.59, "Plan Rows": 711018, "Plan Width": 12, "Inner Unique": false, "Merge Cond": "(mc.movie_id = ci.movie_id)", "Plans": [{"Node Type": "Sort", "Parent Relationship": "Outer", "Startup Cost": 283826.21, "Total Cost": 287031.99, "Plan Rows": 1282311, "Plan Width": 4, "Sort Key": ["mc.movie_id"], "Plans": [{"Node Type": "Merge Join", "Parent Relationship": "Outer", "Join Type": "Inner", "Startup Cost": 3383.04, "Total Cost": 153733.74, "Plan Rows": 1282311, "Plan Width": 4, "Inner Unique": false, "Merge Cond": "(cn.id = mc.company_id)", "Plans": [{"Node Type": "Index Scan", "Parent Relationship": "Outer", "Scan Direction": "Forward", "Index Name": "company_name_pkey", "Relation Name": "company_name", "Alias": "cn", "Startup Cost": 0.0, "Total Cost": 10501.39, "Plan Rows": 85170, "Plan Width": 4, "Filter": "((country_code)::text = '[us]'::text)"}, {"Node Type": "Index Scan", "Parent Relationship": "Inner", "Scan Direction": "Forward", "Index Name": "company_id_movie_companies", "Relation Name": "movie_companies", "Alias": "mc", "Startup Cost": 0.0, "Total Cost": 123673.5, "Plan Rows": 2609128, "Plan Width": 8}]}]}, {"Node Type": "Sort", "Parent Relationship": "Inner", "Startup Cost": 528273.31, "Total Cost": 536514.11, "Plan Rows": 3296318, "Plan Width": 8, "Sort Key": ["ci.movie_id"], "Plans": [{"Node Type": "Nested Loop", "Parent Relationship": "Outer", "Join Type": "Inner", "Startup Cost": 0.0, "Total Cost": 171406.94, "Plan Rows": 3296318, "Plan Width": 8, "Inner Unique": false, "Plans": [{"Node Type": "Seq Scan", "Parent Relationship": "Outer", "Relation Name": "role_type", "Alias": "rt", "Startup Cost": 0.0, "Total Cost": 1.15, "Plan Rows": 1, "Plan Width": 4, "Filter": "((role)::text = 'costume designer'::text)"}, {"Node Type": "Index Scan", "Parent Relationship": "Inner", "Scan Direction": "Forward", "Index Name": "role_id_cast_info", "Relation Name": "cast_info", "Alias": "ci", "Startup Cost": 0.0, "Total Cost": 138442.61, "Plan Rows": 3296318, "Plan Width": 12, "Index Cond": "(role_id = rt.id), (LLVM Optimized)"}]}]}]}]}]}, {"Node Type": "Index Scan", "Parent Relationship": "Inner", "Scan Direction": "Forward", "Index Name": "title_pkey", "Relation Name": "title", "Alias": "t", "Startup Cost": 0.0, "Total Cost": 0.27, "Plan Rows": 1, "Plan Width": 21, "Index Cond": "(id = ci.movie_id)"}]}, {"Node Type": "Index Scan", "Parent Relationship": "Inner", "Scan Direction": "Forward", "Index Name": "name_pkey", "Relation Name": "name", "Alias": "n1", "Startup Cost": 0.0, "Total Cost": 0.28, "Plan Rows": 1, "Plan Width": 4, "Index Cond": "(id = ci.person_id)"}]}]}, "Unique SQL Id": 2457761703, "Planner Runtime": 39}, "explain_analyze_plan": {"Plan": {"Node Type": "Aggregate", "Strategy": "Plain", "Startup Cost": 1196640.37, "Total Cost": 1196640.38, "Plan Rows": 1, "Plan Width": 97, "Actual Startup Time": 7843.494, "Actual Total Time": 7843.494, "Actual Rows": 1, "Actual Loops": 1, "Plans": [{"Node Type": "Nested Loop", "Parent Relationship": "Outer", "Join Type": "Inner", "Startup Cost": 920804.93, "Total Cost": 1194854.88, "Plan Rows": 357098, "Plan Width": 33, "Actual Startup Time": 4563.29, "Actual Total Time": 7640.086, "Actual Rows": 323005, "Actual Loops": 1, "Inner Unique": true, "Join Filter": "(an1.person_id = n1.id), (LLVM Optimized, Jit Execute)", "Rows Removed by Join Filter": 0, "Plans": [{"Node Type": "Nested Loop", "Parent Relationship": "Outer", "Join Type": "Inner", "Startup Cost": 920804.93, "Total Cost": 1091336.23, "Plan Rows": 357098, "Plan Width": 41, "Actual Startup Time": 4563.275, "Actual Total Time": 6531.91, "Actual Rows": 323005, "Actual Loops": 1, "Inner Unique": true, "Plans": [{"Node Type": "Merge Join", "Parent Relationship": "Outer", "Join Type": "Inner", "Startup Cost": 920804.93, "Total Cost": 989533.89, "Plan Rows": 357379, "Plan Width": 32, "Actual Startup Time": 4563.237, "Actual Total Time": 5294.469, "Actual Rows": 323005, "Actual Loops": 1, "Inner Unique": false, "Merge Cond": "(an1.person_id = ci.person_id)", "Plans": [{"Node Type": "Index Scan", "Parent Relationship": "Outer", "Scan Direction": "Forward", "Index Name": "person_id_aka_name", "Relation Name": "aka_name", "Alias": "an1", "Startup Cost": 0.0, "Total Cost": 68965.03, "Plan Rows": 901342, "Plan Width": 20, "Actual Startup Time": 0.032, "Actual Total Time": 455.66, "Actual Rows": 688852, "Actual Loops": 1}, {"Node Type": "Sort", "Parent Relationship": "Inner", "Startup Cost": 920804.86, "Total Cost": 922582.4, "Plan Rows": 711018, "Plan Width": 12, "Actual Startup Time": 4563.137, "Actual Total Time": 4627.391, "Actual Rows": 445949, "Actual Loops": 1, "Sort Key": ["ci.person_id"], "Sort Method": "quicksort", "Sort Space Used": 39058, "Sort Space Type": "Memory", "Plans": [{"Node Type": "Merge Join", "Parent Relationship": "Outer", "Join Type": "Inner", "Startup Cost": 812099.84, "Total Cost": 851695.59, "Plan Rows": 711018, "Plan Width": 12, "Actual Startup Time": 4015.948, "Actual Total Time": 4476.011, "Actual Rows": 285537, "Actual Loops": 1, "Inner Unique": false, "Merge Cond": "(mc.movie_id = ci.movie_id)", "Plans": [{"Node Type": "Sort", "Parent Relationship": "Outer", "Startup Cost": 283826.21, "Total Cost": 287031.99, "Plan Rows": 1282311, "Plan Width": 4, "Actual Startup Time": 3738.305, "Actual Total Time": 3883.298, "Actual Rows": 1153797, "Actual Loops": 1, "Sort Key": ["mc.movie_id"], "Sort Method": "quicksort", "Sort Space Used": 121265, "Sort Space Type": "Memory", "Plans": [{"Node Type": "Merge Join", "Parent Relationship": "Outer", "Join Type": "Inner", "Startup Cost": 3383.04, "Total Cost": 153733.74, "Plan Rows": 1282311, "Plan Width": 4, "Actual Startup Time": 0.055, "Actual Total Time": 3307.627, "Actual Rows": 1153797, "Actual Loops": 1, "Inner Unique": false, "Merge Cond": "(cn.id = mc.company_id)", "Plans": [{"Node Type": "Index Scan", "Parent Relationship": "Outer", "Scan Direction": "Forward", "Index Name": "company_name_pkey", "Relation Name": "company_name", "Alias": "cn", "Startup Cost": 0.0, "Total Cost": 10501.39, "Plan Rows": 85170, "Plan Width": 4, "Actual Startup Time": 0.03, "Actual Total Time": 335.222, "Actual Rows": 84843, "Actual Loops": 1, "Filter": "((country_code)::text = '[us]'::text)", "Rows Removed by Filter": 150153}, {"Node Type": "Index Scan", "Parent Relationship": "Inner", "Scan Direction": "Forward", "Index Name": "company_id_movie_companies", "Relation Name": "movie_companies", "Alias": "mc", "Startup Cost": 0.0, "Total Cost": 123673.5, "Plan Rows": 2609128, "Plan Width": 8, "Actual Startup Time": 0.018, "Actual Total Time": 2412.353, "Actual Rows": 2609128, "Actual Loops": 1}]}]}, {"Node Type": "Sort", "Parent Relationship": "Inner", "Startup Cost": 528273.31, "Total Cost": 536514.11, "Plan Rows": 3296318, "Plan Width": 8, "Actual Startup Time": 277.625, "Actual Total Time": 327.038, "Actual Rows": 461759, "Actual Loops": 1, "Sort Key": ["ci.movie_id"], "Sort Method": "quicksort", "Sort Space Used": 29564, "Sort Space Type": "Memory", "Plans": [{"Node Type": "Nested Loop", "Parent Relationship": "Outer", "Join Type": "Inner", "Startup Cost": 0.0, "Total Cost": 171406.94, "Plan Rows": 3296318, "Plan Width": 8, "Actual Startup Time": 0.12, "Actual Total Time": 178.952, "Actual Rows": 276403, "Actual Loops": 1, "Inner Unique": false, "Plans": [{"Node Type": "Seq Scan", "Parent Relationship": "Outer", "Relation Name": "role_type", "Alias": "rt", "Startup Cost": 0.0, "Total Cost": 1.15, "Plan Rows": 1, "Plan Width": 4, "Actual Startup Time": 0.053, "Actual Total Time": 0.066, "Actual Rows": 1, "Actual Loops": 1, "Filter": "((role)::text = 'costume designer'::text)", "Rows Removed by Filter": 11}, {"Node Type": "Index Scan", "Parent Relationship": "Inner", "Scan Direction": "Forward", "Index Name": "role_id_cast_info", "Relation Name": "cast_info", "Alias": "ci", "Startup Cost": 0.0, "Total Cost": 138442.61, "Plan Rows": 3296318, "Plan Width": 12, "Actual Startup Time": 0.052, "Actual Total Time": 125.104, "Actual Rows": 276403, "Actual Loops": 1, "Index Cond": "(role_id = rt.id), (LLVM Optimized, Jit Execute)", "Rows Removed by Index Recheck": 0}]}]}]}]}]}, {"Node Type": "Index Scan", "Parent Relationship": "Inner", "Scan Direction": "Forward", "Index Name": "title_pkey", "Relation Name": "title", "Alias": "t", "Startup Cost": 0.0, "Total Cost": 0.27, "Plan Rows": 1, "Plan Width": 21, "Actual Startup Time": 990.119, "Actual Total Time": 990.119, "Actual Rows": 323005, "Actual Loops": 323005, "Index Cond": "(id = ci.movie_id)", "Rows Removed by Index Recheck": 0}]}, {"Node Type": "Index Scan", "Parent Relationship": "Inner", "Scan Direction": "Forward", "Index Name": "name_pkey", "Relation Name": "name", "Alias": "n1", "Startup Cost": 0.0, "Total Cost": 0.28, "Plan Rows": 1, "Plan Width": 4, "Actual Startup Time": 832.546, "Actual Total Time": 832.546, "Actual Rows": 323005, "Actual Loops": 323005, "Index Cond": "(id = ci.person_id)", "Rows Removed by Index Recheck": 0}]}]}, "Triggers": [], "Planner Runtime": 40.976, "Total Runtime": 7853.617, "Unique SQL Id": 2457761703}}, "(1, '85')": {"explain_plan": {"Plan": {"Node Type": "Aggregate", "Strategy": "Plain", "Startup Cost": 1196651.68, "Total Cost": 1196651.69, "Plan Rows": 1, "Plan Width": 97, "Plans": [{"Node Type": "Nested Loop", "Parent Relationship": "Outer", "Join Type": "Inner", "Startup Cost": 920816.24, "Total Cost": 1194866.19, "Plan Rows": 357098, "Plan Width": 33, "Inner Unique": true, "Join Filter": "(an1.person_id = n1.id), (LLVM Optimized)", "Plans": [{"Node Type": "Nested Loop", "Parent Relationship": "Outer", "Join Type": "Inner", "Startup Cost": 920816.24, "Total Cost": 1091347.54, "Plan Rows": 357098, "Plan Width": 41, "Inner Unique": true, "Plans": [{"Node Type": "Merge Join", "Parent Relationship": "Outer", "Join Type": "Inner", "Startup Cost": 920816.24, "Total Cost": 989545.2, "Plan Rows": 357379, "Plan Width": 32, "Inner Unique": false, "Merge Cond": "(ci.person_id = an1.person_id)", "Plans": [{"Node Type": "Sort", "Parent Relationship": "Outer", "Startup Cost": 920816.17, "Total Cost": 922593.71, "Plan Rows": 711018, "Plan Width": 12, "Sort Key": ["ci.person_id"], "Plans": [{"Node Type": "Merge Join", "Parent Relationship": "Outer", "Join Type": "Inner", "Startup Cost": 812111.15, "Total Cost": 851706.9, "Plan Rows": 711018, "Plan Width": 12, "Inner Unique": false, "Merge Cond": "(mc.movie_id = ci.movie_id)", "Plans": [{"Node Type": "Sort", "Parent Relationship": "Outer", "Startup Cost": 283826.21, "Total Cost": 287031.99, "Plan Rows": 1282311, "Plan Width": 4, "Sort Key": ["mc.movie_id"], "Plans": [{"Node Type": "Merge Join", "Parent Relationship": "Outer", "Join Type": "Inner", "Startup Cost": 3383.04, "Total Cost": 153733.74, "Plan Rows": 1282311, "Plan Width": 4, "Inner Unique": false, "Merge Cond": "(cn.id = mc.company_id)", "Plans": [{"Node Type": "Index Scan", "Parent Relationship": "Outer", "Scan Direction": "Forward", "Index Name": "company_name_pkey", "Relation Name": "company_name", "Alias": "cn", "Startup Cost": 0.0, "Total Cost": 10501.39, "Plan Rows": 85170, "Plan Width": 4, "Filter": "((country_code)::text = '[us]'::text)"}, {"Node Type": "Index Scan", "Parent Relationship": "Inner", "Scan Direction": "Forward", "Index Name": "company_id_movie_companies", "Relation Name": "movie_companies", "Alias": "mc", "Startup Cost": 0.0, "Total Cost": 123673.5, "Plan Rows": 2609128, "Plan Width": 8}]}]}, {"Node Type": "Sort", "Parent Relationship": "Inner", "Startup Cost": 528284.62, "Total Cost": 536525.42, "Plan Rows": 3296318, "Plan Width": 8, "Sort Key": ["ci.movie_id"], "Plans": [{"Node Type": "Nested Loop", "Parent Relationship": "Outer", "Join Type": "Inner", "Startup Cost": 0.0, "Total Cost": 171418.25, "Plan Rows": 3296318, "Plan Width": 8, "Inner Unique": false, "Plans": [{"Node Type": "Index Scan", "Parent Relationship": "Outer", "Scan Direction": "Forward", "Index Name": "role_type_pkey", "Relation Name": "role_type", "Alias": "rt", "Startup Cost": 0.0, "Total Cost": 12.46, "Plan Rows": 1, "Plan Width": 4, "Filter": "((role)::text = 'costume designer'::text)"}, {"Node Type": "Index Scan", "Parent Relationship": "Inner", "Scan Direction": "Forward", "Index Name": "role_id_cast_info", "Relation Name": "cast_info", "Alias": "ci", "Startup Cost": 0.0, "Total Cost": 138442.61, "Plan Rows": 3296318, "Plan Width": 12, "Index Cond": "(role_id = rt.id), (LLVM Optimized)"}]}]}]}]}, {"Node Type": "Index Scan", "Parent Relationship": "Inner", "Scan Direction": "Forward", "Index Name": "person_id_aka_name", "Relation Name": "aka_name", "Alias": "an1", "Startup Cost": 0.0, "Total Cost": 68965.03, "Plan Rows": 901342, "Plan Width": 20}]}, {"Node Type": "Index Scan", "Parent Relationship": "Inner", "Scan Direction": "Forward", "Index Name": "title_pkey", "Relation Name": "title", "Alias": "t", "Startup Cost": 0.0, "Total Cost": 0.27, "Plan Rows": 1, "Plan Width": 21, "Index Cond": "(id = ci.movie_id)"}]}, {"Node Type": "Index Scan", "Parent Relationship": "Inner", "Scan Direction": "Forward", "Index Name": "name_pkey", "Relation Name": "name", "Alias": "n1", "Startup Cost": 0.0, "Total Cost": 0.28, "Plan Rows": 1, "Plan Width": 4, "Index Cond": "(id = ci.person_id)"}]}]}, "Unique SQL Id": 2457761703, "Planner Runtime": 38}, "explain_analyze_plan": {"Plan": {"Node Type": "Aggregate", "Strategy": "Plain", "Startup Cost": 1196651.68, "Total Cost": 1196651.69, "Plan Rows": 1, "Plan Width": 97, "Actual Startup Time": 8150.772, "Actual Total Time": 8150.773, "Actual Rows": 1, "Actual Loops": 1, "Plans": [{"Node Type": "Nested Loop", "Parent Relationship": "Outer", "Join Type": "Inner", "Startup Cost": 920816.24, "Total Cost": 1194866.19, "Plan Rows": 357098, "Plan Width": 33, "Actual Startup Time": 4679.902, "Actual Total Time": 7937.936, "Actual Rows": 323005, "Actual Loops": 1, "Inner Unique": true, "Join Filter": "(an1.person_id = n1.id), (LLVM Optimized, Jit Execute)", "Rows Removed by Join Filter": 0, "Plans": [{"Node Type": "Nested Loop", "Parent Relationship": "Outer", "Join Type": "Inner", "Startup Cost": 920816.24, "Total Cost": 1091347.54, "Plan Rows": 357098, "Plan Width": 41, "Actual Startup Time": 4679.881, "Actual Total Time": 6844.47, "Actual Rows": 323005, "Actual Loops": 1, "Inner Unique": true, "Plans": [{"Node Type": "Merge Join", "Parent Relationship": "Outer", "Join Type": "Inner", "Startup Cost": 920816.24, "Total Cost": 989545.2, "Plan Rows": 357379, "Plan Width": 32, "Actual Startup Time": 4679.852, "Actual Total Time": 5632.534, "Actual Rows": 323005, "Actual Loops": 1, "Inner Unique": false, "Merge Cond": "(ci.person_id = an1.person_id)", "Plans": [{"Node Type": "Sort", "Parent Relationship": "Outer", "Startup Cost": 920816.17, "Total Cost": 922593.71, "Plan Rows": 711018, "Plan Width": 12, "Actual Startup Time": 4679.751, "Actual Total Time": 4729.339, "Actual Rows": 285537, "Actual Loops": 1, "Sort Key": ["ci.person_id"], "Sort Method": "quicksort", "Sort Space Used": 39058, "Sort Space Type": "Memory", "Plans": [{"Node Type": "Merge Join", "Parent Relationship": "Outer", "Join Type": "Inner", "Startup Cost": 812111.15, "Total Cost": 851706.9, "Plan Rows": 711018, "Plan Width": 12, "Actual Startup Time": 4125.839, "Actual Total Time": 4592.801, "Actual Rows": 285537, "Actual Loops": 1, "Inner Unique": false, "Merge Cond": "(mc.movie_id = ci.movie_id)", "Plans": [{"Node Type": "Sort", "Parent Relationship": "Outer", "Startup Cost": 283826.21, "Total Cost": 287031.99, "Plan Rows": 1282311, "Plan Width": 4, "Actual Startup Time": 3848.069, "Actual Total Time": 3999.455, "Actual Rows": 1153797, "Actual Loops": 1, "Sort Key": ["mc.movie_id"], "Sort Method": "quicksort", "Sort Space Used": 121265, "Sort Space Type": "Memory", "Plans": [{"Node Type": "Merge Join", "Parent Relationship": "Outer", "Join Type": "Inner", "Startup Cost": 3383.04, "Total Cost": 153733.74, "Plan Rows": 1282311, "Plan Width": 4, "Actual Startup Time": 0.072, "Actual Total Time": 3418.886, "Actual Rows": 1153797, "Actual Loops": 1, "Inner Unique": false, "Merge Cond": "(cn.id = mc.company_id)", "Plans": [{"Node Type": "Index Scan", "Parent Relationship": "Outer", "Scan Direction": "Forward", "Index Name": "company_name_pkey", "Relation Name": "company_name", "Alias": "cn", "Startup Cost": 0.0, "Total Cost": 10501.39, "Plan Rows": 85170, "Plan Width": 4, "Actual Startup Time": 0.043, "Actual Total Time": 335.876, "Actual Rows": 84843, "Actual Loops": 1, "Filter": "((country_code)::text = '[us]'::text)", "Rows Removed by Filter": 150153}, {"Node Type": "Index Scan", "Parent Relationship": "Inner", "Scan Direction": "Forward", "Index Name": "company_id_movie_companies", "Relation Name": "movie_companies", "Alias": "mc", "Startup Cost": 0.0, "Total Cost": 123673.5, "Plan Rows": 2609128, "Plan Width": 8, "Actual Startup Time": 0.019, "Actual Total Time": 2520.194, "Actual Rows": 2609128, "Actual Loops": 1}]}]}, {"Node Type": "Sort", "Parent Relationship": "Inner", "Startup Cost": 528284.62, "Total Cost": 536525.42, "Plan Rows": 3296318, "Plan Width": 8, "Actual Startup Time": 277.754, "Actual Total Time": 328.111, "Actual Rows": 461759, "Actual Loops": 1, "Sort Key": ["ci.movie_id"], "Sort Method": "quicksort", "Sort Space Used": 29564, "Sort Space Type": "Memory", "Plans": [{"Node Type": "Nested Loop", "Parent Relationship": "Outer", "Join Type": "Inner", "Startup Cost": 0.0, "Total Cost": 171418.25, "Plan Rows": 3296318, "Plan Width": 8, "Actual Startup Time": 0.12, "Actual Total Time": 178.617, "Actual Rows": 276403, "Actual Loops": 1, "Inner Unique": false, "Plans": [{"Node Type": "Index Scan", "Parent Relationship": "Outer", "Scan Direction": "Forward", "Index Name": "role_type_pkey", "Relation Name": "role_type", "Alias": "rt", "Startup Cost": 0.0, "Total Cost": 12.46, "Plan Rows": 1, "Plan Width": 4, "Actual Startup Time": 0.063, "Actual Total Time": 0.075, "Actual Rows": 1, "Actual Loops": 1, "Filter": "((role)::text = 'costume designer'::text)", "Rows Removed by Filter": 11}, {"Node Type": "Index Scan", "Parent Relationship": "Inner", "Scan Direction": "Forward", "Index Name": "role_id_cast_info", "Relation Name": "cast_info", "Alias": "ci", "Startup Cost": 0.0, "Total Cost": 138442.61, "Plan Rows": 3296318, "Plan Width": 12, "Actual Startup Time": 0.043, "Actual Total Time": 126.952, "Actual Rows": 276403, "Actual Loops": 1, "Index Cond": "(role_id = rt.id), (LLVM Optimized, Jit Execute)", "Rows Removed by Index Recheck": 0}]}]}]}]}, {"Node Type": "Index Scan", "Parent Relationship": "Inner", "Scan Direction": "Forward", "Index Name": "person_id_aka_name", "Relation Name": "aka_name", "Alias": "an1", "Startup Cost": 0.0, "Total Cost": 68965.03, "Plan Rows": 901342, "Plan Width": 20, "Actual Startup Time": 0.06, "Actual Total Time": 639.92, "Actual Rows": 1003872, "Actual Loops": 1}]}, {"Node Type": "Index Scan", "Parent Relationship": "Inner", "Scan Direction": "Forward", "Index Name": "title_pkey", "Relation Name": "title", "Alias": "t", "Startup Cost": 0.0, "Total Cost": 0.27, "Plan Rows": 1, "Plan Width": 21, "Actual Startup Time": 961.215, "Actual Total Time": 961.215, "Actual Rows": 323005, "Actual Loops": 323005, "Index Cond": "(id = ci.movie_id)", "Rows Removed by Index Recheck": 0}]}, {"Node Type": "Index Scan", "Parent Relationship": "Inner", "Scan Direction": "Forward", "Index Name": "name_pkey", "Relation Name": "name", "Alias": "n1", "Startup Cost": 0.0, "Total Cost": 0.28, "Plan Rows": 1, "Plan Width": 4, "Actual Startup Time": 827.233, "Actual Total Time": 827.233, "Actual Rows": 323005, "Actual Loops": 323005, "Index Cond": "(id = ci.person_id)", "Rows Removed by Index Recheck": 0}]}]}, "Triggers": [], "Planner Runtime": 38.962, "Total Runtime": 8160.57, "Unique SQL Id": 2457761703}}, "(1, '86')": {"explain_plan": {"Plan": {"Node Type": "Aggregate", "Strategy": "Plain", "Startup Cost": 2392979.77, "Total Cost": 2392979.78, "Plan Rows": 1, "Plan Width": 97, "Plans": [{"Node Type": "Merge Join", "Parent Relationship": "Outer", "Join Type": "Inner", "Startup Cost": 2355249.79, "Total Cost": 2391194.28, "Plan Rows": 357098, "Plan Width": 33, "Inner Unique": true, "Merge Cond": "(an1.person_id = n1.id)", "Plans": [{"Node Type": "Merge Join", "Parent Relationship": "Outer", "Join Type": "Inner", "Startup Cost": 1803946.44, "Total Cost": 1814590.46, "Plan Rows": 357098, "Plan Width": 41, "Inner Unique": false, "Merge Cond": "(ci.person_id = an1.person_id)", "Plans": [{"Node Type": "Sort", "Parent Relationship": "Outer", "Startup Cost": 1694887.5, "Total Cost": 1696663.64, "Plan Rows": 710459, "Plan Width": 21, "Sort Key": ["ci.person_id"], "Plans": [{"Node Type": "Merge Join", "Parent Relationship": "Outer", "Join Type": "Inner", "Startup Cost": 1564728.72, "Total Cost": 1625836.59, "Plan Rows": 710459, "Plan Width": 21, "Inner Unique": true, "Merge Cond": "(ci.movie_id = t.id)", "Plans": [{"Node Type": "Merge Join", "Parent Relationship": "Outer", "Join Type": "Inner", "Startup Cost": 1235776.7, "Total Cost": 1275372.45, "Plan Rows": 711018, "Plan Width": 12, "Inner Unique": false, "Merge Cond": "(mc.movie_id = ci.movie_id)", "Plans": [{"Node Type": "Sort", "Parent Relationship": "Outer", "Startup Cost": 489151.99, "Total Cost": 492357.77, "Plan Rows": 1282311, "Plan Width": 4, "Sort Key": ["mc.movie_id"], "Plans": [{"Node Type": "Merge Join", "Parent Relationship": "Outer", "Join Type": "Inner", "Startup Cost": 333103.9, "Total Cost": 359059.52, "Plan Rows": 1282311, "Plan Width": 4, "Inner Unique": false, "Merge Cond": "(cn.id = mc.company_id)", "Plans": [{"Node Type": "Sort", "Parent Relationship": "Outer", "Startup Cost": 12878.05, "Total Cost": 13090.97, "Plan Rows": 85170, "Plan Width": 4, "Sort Key": ["cn.id"], "Plans": [{"Node Type": "Seq Scan", "Parent Relationship": "Outer", "Relation Name": "company_name", "Alias": "cn", "Startup Cost": 0.0, "Total Cost": 5903.45, "Plan Rows": 85170, "Plan Width": 4, "Filter": "((country_code)::text = '[us]'::text)"}]}, {"Node Type": "Sort", "Parent Relationship": "Inner", "Startup Cost": 319886.87, "Total Cost": 326409.69, "Plan Rows": 2609128, "Plan Width": 8, "Sort Key": ["mc.company_id"], "Plans": [{"Node Type": "Seq Scan", "Parent Relationship": "Outer", "Relation Name": "movie_companies", "Alias": "mc", "Startup Cost": 0.0, "Total Cost": 41817.28, "Plan Rows": 2609128, "Plan Width": 8}]}]}]}, {"Node Type": "Sort", "Parent Relationship": "Inner", "Startup Cost": 746624.39, "Total Cost": 754865.19, "Plan Rows": 3296318, "Plan Width": 8, "Sort Key": ["ci.movie_id"], "Plans": [{"Node Type": "Nested Loop", "Parent Relationship": "Outer", "Join Type": "Inner", "Startup Cost": 76306.71, "Total Cost": 389758.02, "Plan Rows": 3296318, "Plan Width": 8, "Inner Unique": false, "Plans": [{"Node Type": "Seq Scan", "Parent Relationship": "Outer", "Relation Name": "role_type", "Alias": "rt", "Startup Cost": 0.0, "Total Cost": 1.15, "Plan Rows": 1, "Plan Width": 4, "Filter": "((role)::text = 'costume designer'::text)"}, {"Node Type": "Bitmap Heap Scan", "Parent Relationship": "Inner", "Relation Name": "cast_info", "Alias": "ci", "Startup Cost": 76306.71, "Total Cost": 356793.69, "Plan Rows": 3296318, "Plan Width": 12, "Recheck Cond": "(role_id = rt.id), (LLVM Optimized)", "Plans": [{"Node Type": "Bitmap Index Scan", "Parent Relationship": "Outer", "Index Name": "role_id_cast_info", "Startup Cost": 0.0, "Total Cost": 75482.63, "Plan Rows": 3296318, "Plan Width": 0, "Index Cond": "(role_id = rt.id)"}]}]}]}]}, {"Node Type": "Sort", "Parent Relationship": "Inner", "Startup Cost": 328951.73, "Total Cost": 335272.51, "Plan Rows": 2528311, "Plan Width": 21, "Sort Key": ["t.id"], "Plans": [{"Node Type": "Seq Scan", "Parent Relationship": "Outer", "Relation Name": "title", "Alias": "t", "Startup Cost": 0.0, "Total Cost": 60069.11, "Plan Rows": 2528311, "Plan Width": 21}]}]}]}, {"Node Type": "Sort", "Parent Relationship": "Inner", "Startup Cost": 109058.87, "Total Cost": 111312.23, "Plan Rows": 901342, "Plan Width": 20, "Sort Key": ["an1.person_id"], "Plans": [{"Node Type": "Seq Scan", "Parent Relationship": "Outer", "Relation Name": "aka_name", "Alias": "an1", "Startup Cost": 0.0, "Total Cost": 19908.42, "Plan Rows": 901342, "Plan Width": 20}]}]}, {"Node Type": "Sort", "Parent Relationship": "Inner", "Startup Cost": 551303.0, "Total Cost": 561721.72, "Plan Rows": 4167490, "Plan Width": 4, "Sort Key": ["n1.id"], "Plans": [{"Node Type": "Seq Scan", "Parent Relationship": "Outer", "Relation Name": "name", "Alias": "n1", "Startup Cost": 0.0, "Total Cost": 93071.9, "Plan Rows": 4167490, "Plan Width": 4}]}]}]}, "Unique SQL Id": 2457761703, "Planner Runtime": 36}, "explain_analyze_plan": {"Plan": {"Node Type": "Aggregate", "Strategy": "Plain", "Startup Cost": 2392979.77, "Total Cost": 2392979.78, "Plan Rows": 1, "Plan Width": 97, "Actual Startup Time": 12013.89, "Actual Total Time": 12013.891, "Actual Rows": 1, "Actual Loops": 1, "Plans": [{"Node Type": "Merge Join", "Parent Relationship": "Outer", "Join Type": "Inner", "Startup Cost": 2355249.79, "Total Cost": 2391194.28, "Plan Rows": 357098, "Plan Width": 33, "Actual Startup Time": 10445.703, "Actual Total Time": 11855.625, "Actual Rows": 323005, "Actual Loops": 1, "Inner Unique": true, "Merge Cond": "(an1.person_id = n1.id)", "Plans": [{"Node Type": "Merge Join", "Parent Relationship": "Outer", "Join Type": "Inner", "Startup Cost": 1803946.44, "Total Cost": 1814590.46, "Plan Rows": 357098, "Plan Width": 41, "Actual Startup Time": 7710.514, "Actual Total Time": 8114.715, "Actual Rows": 323005, "Actual Loops": 1, "Inner Unique": false, "Merge Cond": "(ci.person_id = an1.person_id)", "Plans": [{"Node Type": "Sort", "Parent Relationship": "Outer", "Startup Cost": 1694887.5, "Total Cost": 1696663.64, "Plan Rows": 710459, "Plan Width": 21, "Actual Startup Time": 7083.208, "Actual Total Time": 7137.723, "Actual Rows": 285537, "Actual Loops": 1, "Sort Key": ["ci.person_id"], "Sort Method": "quicksort", "Sort Space Used": 39613, "Sort Space Type": "Memory", "Plans": [{"Node Type": "Merge Join", "Parent Relationship": "Outer", "Join Type": "Inner", "Startup Cost": 1564728.72, "Total Cost": 1625836.59, "Plan Rows": 710459, "Plan Width": 21, "Actual Startup Time": 5276.652, "Actual Total Time": 6983.654, "Actual Rows": 285537, "Actual Loops": 1, "Inner Unique": true, "Merge Cond": "(ci.movie_id = t.id)", "Plans": [{"Node Type": "Merge Join", "Parent Relationship": "Outer", "Join Type": "Inner", "Startup Cost": 1235776.7, "Total Cost": 1275372.45, "Plan Rows": 711018, "Plan Width": 12, "Actual Startup Time": 3449.81, "Actual Total Time": 4054.903, "Actual Rows": 285537, "Actual Loops": 1, "Inner Unique": false, "Merge Cond": "(mc.movie_id = ci.movie_id)", "Plans": [{"Node Type": "Sort", "Parent Relationship": "Outer", "Startup Cost": 489151.99, "Total Cost": 492357.77, "Plan Rows": 1282311, "Plan Width": 4, "Actual Startup Time": 3201.297, "Actual Total Time": 3470.562, "Actual Rows": 1153797, "Actual Loops": 1, "Sort Key": ["mc.movie_id"], "Sort Method": "quicksort", "Sort Space Used": 121265, "Sort Space Type": "Memory", "Plans": [{"Node Type": "Merge Join", "Parent Relationship": "Outer", "Join Type": "Inner", "Startup Cost": 333103.9, "Total Cost": 359059.52, "Plan Rows": 1282311, "Plan Width": 4, "Actual Startup Time": 1728.805, "Actual Total Time": 2781.395, "Actual Rows": 1153797, "Actual Loops": 1, "Inner Unique": false, "Merge Cond": "(cn.id = mc.company_id)", "Plans": [{"Node Type": "Sort", "Parent Relationship": "Outer", "Startup Cost": 12878.05, "Total Cost": 13090.97, "Plan Rows": 85170, "Plan Width": 4, "Actual Startup Time": 118.443, "Actual Total Time": 132.948, "Actual Rows": 84843, "Actual Loops": 1, "Sort Key": ["cn.id"], "Sort Method": "quicksort", "Sort Space Used": 8375, "Sort Space Type": "Memory", "Plans": [{"Node Type": "Seq Scan", "Parent Relationship": "Outer", "Relation Name": "company_name", "Alias": "cn", "Startup Cost": 0.0, "Total Cost": 5903.45, "Plan Rows": 85170, "Plan Width": 4, "Actual Startup Time": 0.036, "Actual Total Time": 87.768, "Actual Rows": 84843, "Actual Loops": 1, "Filter": "((country_code)::text = '[us]'::text)", "Rows Removed by Filter": 150153}]}, {"Node Type": "Sort", "Parent Relationship": "Inner", "Startup Cost": 319886.87, "Total Cost": 326409.69, "Plan Rows": 2609128, "Plan Width": 8, "Actual Startup Time": 1610.345, "Actual Total Time": 2141.283, "Actual Rows": 2609128, "Actual Loops": 1, "Sort Key": ["mc.company_id"], "Sort Method": "quicksort", "Sort Space Used": 261375, "Sort Space Type": "Memory", "Plans": [{"Node Type": "Seq Scan", "Parent Relationship": "Outer", "Relation Name": "movie_companies", "Alias": "mc", "Startup Cost": 0.0, "Total Cost": 41817.28, "Plan Rows": 2609128, "Plan Width": 8, "Actual Startup Time": 0.044, "Actual Total Time": 728.453, "Actual Rows": 2609128, "Actual Loops": 1}]}]}]}, {"Node Type": "Sort", "Parent Relationship": "Inner", "Startup Cost": 746624.39, "Total Cost": 754865.19, "Plan Rows": 3296318, "Plan Width": 8, "Actual Startup Time": 248.493, "Actual Total Time": 323.537, "Actual Rows": 461759, "Actual Loops": 1, "Sort Key": ["ci.movie_id"], "Sort Method": "quicksort", "Sort Space Used": 29564, "Sort Space Type": "Memory", "Plans": [{"Node Type": "Nested Loop", "Parent Relationship": "Outer", "Join Type": "Inner", "Startup Cost": 76306.71, "Total Cost": 389758.02, "Plan Rows": 3296318, "Plan Width": 8, "Actual Startup Time": 33.973, "Actual Total Time": 155.892, "Actual Rows": 276403, "Actual Loops": 1, "Inner Unique": false, "Plans": [{"Node Type": "Seq Scan", "Parent Relationship": "Outer", "Relation Name": "role_type", "Alias": "rt", "Startup Cost": 0.0, "Total Cost": 1.15, "Plan Rows": 1, "Plan Width": 4, "Actual Startup Time": 0.056, "Actual Total Time": 0.068, "Actual Rows": 1, "Actual Loops": 1, "Filter": "((role)::text = 'costume designer'::text)", "Rows Removed by Filter": 11}, {"Node Type": "Bitmap Heap Scan", "Parent Relationship": "Inner", "Relation Name": "cast_info", "Alias": "ci", "Startup Cost": 76306.71, "Total Cost": 356793.69, "Plan Rows": 3296318, "Plan Width": 12, "Actual Startup Time": 33.896, "Actual Total Time": 107.945, "Actual Rows": 276403, "Actual Loops": 1, "Recheck Cond": "(role_id = rt.id), (LLVM Optimized, Jit Execute)", "Rows Removed by Index Recheck": 0, "Exact Heap Blocks": 1654, "Lossy Heap Blocks": 1654, "Plans": [{"Node Type": "Bitmap Index Scan", "Parent Relationship": "Outer", "Index Name": "role_id_cast_info", "Startup Cost": 0.0, "Total Cost": 75482.63, "Plan Rows": 3296318, "Plan Width": 0, "Actual Startup Time": 33.608, "Actual Total Time": 33.608, "Actual Rows": 276403, "Actual Loops": 1, "Index Cond": "(role_id = rt.id)"}]}]}]}]}, {"Node Type": "Sort", "Parent Relationship": "Inner", "Startup Cost": 328951.73, "Total Cost": 335272.51, "Plan Rows": 2528311, "Plan Width": 21, "Actual Startup Time": 1826.825, "Actual Total Time": 2447.3, "Actual Rows": 2525722, "Actual Loops": 1, "Sort Key": ["t.id"], "Sort Method": "quicksort", "Sort Space Used": 344074, "Sort Space Type": "Memory", "Plans": [{"Node Type": "Seq Scan", "Parent Relationship": "Outer", "Relation Name": "title", "Alias": "t", "Startup Cost": 0.0, "Total Cost": 60069.11, "Plan Rows": 2528311, "Plan Width": 21, "Actual Startup Time": 0.031, "Actual Total Time": 742.539, "Actual Rows": 2528311, "Actual Loops": 1}]}]}]}, {"Node Type": "Sort", "Parent Relationship": "Inner", "Startup Cost": 109058.87, "Total Cost": 111312.23, "Plan Rows": 901342, "Plan Width": 20, "Actual Startup Time": 627.263, "Actual Total Time": 745.093, "Actual Rows": 1003872, "Actual Loops": 1, "Sort Key": ["an1.person_id"], "Sort Method": "quicksort", "Sort Space Used": 109040, "Sort Space Type": "Memory", "Plans": [{"Node Type": "Seq Scan", "Parent Relationship": "Outer", "Relation Name": "aka_name", "Alias": "an1", "Startup Cost": 0.0, "Total Cost": 19908.42, "Plan Rows": 901342, "Plan Width": 20, "Actual Startup Time": 0.052, "Actual Total Time": 260.817, "Actual Rows": 901342, "Actual Loops": 1}]}]}, {"Node Type": "Sort", "Parent Relationship": "Inner", "Startup Cost": 551303.0, "Total Cost": 561721.72, "Plan Rows": 4167490, "Plan Width": 4, "Actual Startup Time": 2735.103, "Actual Total Time": 3204.841, "Actual Rows": 3441910, "Actual Loops": 1, "Sort Key": ["n1.id"], "Sort Method": "quicksort", "Sort Space Used": 358773, "Sort Space Type": "Memory", "Plans": [{"Node Type": "Seq Scan", "Parent Relationship": "Outer", "Relation Name": "name", "Alias": "n1", "Startup Cost": 0.0, "Total Cost": 93071.9, "Plan Rows": 4167490, "Plan Width": 4, "Actual Startup Time": 0.04, "Actual Total Time": 1185.739, "Actual Rows": 4167490, "Actual Loops": 1}]}]}]}, "Triggers": [], "Planner Runtime": 37.544, "Total Runtime": 12023.477, "Unique SQL Id": 2457761703}}, "(1, '87')": {"explain_plan": {"Plan": {"Node Type": "Aggregate", "Strategy": "Plain", "Startup Cost": 1000069787565.86, "Total Cost": 1000069787565.87, "Plan Rows": 1, "Plan Width": 97, "Plans": [{"Node Type": "Nested Loop", "Parent Relationship": "Outer", "Join Type": "Inner", "Startup Cost": 10000000001.8, "Total Cost": 1000069785780.37, "Plan Rows": 357098, "Plan Width": 33, "Inner Unique": true, "Plans": [{"Node Type": "Nested Loop", "Parent Relationship": "Outer", "Join Type": "Inner", "Startup Cost": 10000000001.54, "Total Cost": 1000068255744.11, "Plan Rows": 357379, "Plan Width": 24, "Inner Unique": true, "Join Filter": "(an1.person_id = n1.id), (LLVM Optimized)", "Plans": [{"Node Type": "Nested Loop", "Parent Relationship": "Outer", "Join Type": "Inner", "Startup Cost": 10000000001.28, "Total Cost": 1000066724564.96, "Plan Rows": 357379, "Plan Width": 32, "Inner Unique": false, "Plans": [{"Node Type": "Nested Loop", "Parent Relationship": "Outer", "Join Type": "Inner", "Startup Cost": 10000000001.03, "Total Cost": 1000063680996.82, "Plan Rows": 711018, "Plan Width": 12, "Inner Unique": true, "Plans": [{"Node Type": "Nested Loop", "Parent Relationship": "Outer", "Join Type": "Inner", "Startup Cost": 10000000000.77, "Total Cost": 1000030184746.51, "Plan Rows": 7821201, "Plan Width": 16, "Inner Unique": false, "Plans": [{"Node Type": "Nested Loop", "Parent Relationship": "Outer", "Join Type": "Inner", "Startup Cost": 10000000000.26, "Total Cost": 1000024227793.07, "Plan Rows": 1282311, "Plan Width": 4, "Inner Unique": true, "Plans": [{"Node Type": "Index Scan", "Parent Relationship": "Outer", "Scan Direction": "Forward", "Index Name": "movie_id_movie_companies", "Relation Name": "movie_companies", "Alias": "mc", "Startup Cost": 10000000000.0, "Total Cost": 1000013051946.13, "Plan Rows": 2609128, "Plan Width": 8}, {"Node Type": "Bitmap Heap Scan", "Parent Relationship": "Inner", "Relation Name": "company_name", "Alias": "cn", "Startup Cost": 0.26, "Total Cost": 4.27, "Plan Rows": 1, "Plan Width": 4, "Recheck Cond": "(id = mc.company_id)", "Filter": "((country_code)::text = '[us]'::text)", "Plans": [{"Node Type": "Bitmap Index Scan", "Parent Relationship": "Outer", "Index Name": "company_name_pkey", "Startup Cost": 0.0, "Total Cost": 0.26, "Plan Rows": 1, "Plan Width": 0, "Index Cond": "(id = mc.company_id)"}]}]}, {"Node Type": "Bitmap Heap Scan", "Parent Relationship": "Inner", "Relation Name": "cast_info", "Alias": "ci", "Startup Cost": 0.51, "Total Cost": 4.59, "Plan Rows": 6, "Plan Width": 12, "Recheck Cond": "(movie_id = mc.movie_id)", "Plans": [{"Node Type": "Bitmap Index Scan", "Parent Relationship": "Outer", "Index Name": "movie_id_cast_info", "Startup Cost": 0.0, "Total Cost": 0.51, "Plan Rows": 6, "Plan Width": 0, "Index Cond": "(movie_id = mc.movie_id)"}]}]}, {"Node Type": "Bitmap Heap Scan", "Parent Relationship": "Inner", "Relation Name": "role_type", "Alias": "rt", "Startup Cost": 0.26, "Total Cost": 4.27, "Plan Rows": 1, "Plan Width": 4, "Recheck Cond": "(id = ci.role_id)", "Filter": "((role)::text = 'costume designer'::text)", "Plans": [{"Node Type": "Bitmap Index Scan", "Parent Relationship": "Outer", "Index Name": "role_type_pkey", "Startup Cost": 0.0, "Total Cost": 0.26, "Plan Rows": 1, "Plan Width": 0, "Index Cond": "(id = ci.role_id)"}]}]}, {"Node Type": "Bitmap Heap Scan", "Parent Relationship": "Inner", "Relation Name": "aka_name", "Alias": "an1", "Startup Cost": 0.26, "Total Cost": 4.27, "Plan Rows": 1, "Plan Width": 20, "Recheck Cond": "(person_id = ci.person_id)", "Plans": [{"Node Type": "Bitmap Index Scan", "Parent Relationship": "Outer", "Index Name": "person_id_aka_name", "Startup Cost": 0.0, "Total Cost": 0.26, "Plan Rows": 1, "Plan Width": 0, "Index Cond": "(person_id = ci.person_id)"}]}]}, {"Node Type": "Bitmap Heap Scan", "Parent Relationship": "Inner", "Relation Name": "name", "Alias": "n1", "Startup Cost": 0.26, "Total Cost": 4.27, "Plan Rows": 1, "Plan Width": 4, "Recheck Cond": "(id = ci.person_id)", "Plans": [{"Node Type": "Bitmap Index Scan", "Parent Relationship": "Outer", "Index Name": "name_pkey", "Startup Cost": 0.0, "Total Cost": 0.26, "Plan Rows": 1, "Plan Width": 0, "Index Cond": "(id = ci.person_id)"}]}]}, {"Node Type": "Bitmap Heap Scan", "Parent Relationship": "Inner", "Relation Name": "title", "Alias": "t", "Startup Cost": 0.26, "Total Cost": 4.27, "Plan Rows": 1, "Plan Width": 21, "Recheck Cond": "(id = ci.movie_id)", "Plans": [{"Node Type": "Bitmap Index Scan", "Parent Relationship": "Outer", "Index Name": "title_pkey", "Startup Cost": 0.0, "Total Cost": 0.26, "Plan Rows": 1, "Plan Width": 0, "Index Cond": "(id = ci.movie_id)"}]}]}]}, "Unique SQL Id": 2457761703, "Planner Runtime": 6}, "explain_analyze_plan": null}, "(1, '88')": {"explain_plan": {"Plan": {"Node Type": "Aggregate", "Strategy": "Plain", "Startup Cost": 1194615.66, "Total Cost": 1194615.67, "Plan Rows": 1, "Plan Width": 97, "Plans": [{"Node Type": "Nested Loop", "Parent Relationship": "Outer", "Join Type": "Inner", "Startup Cost": 920804.93, "Total Cost": 1192830.17, "Plan Rows": 357098, "Plan Width": 33, "Inner Unique": true, "Join Filter": "(an1.person_id = n1.id), (LLVM Optimized)", "Plans": [{"Node Type": "Nested Loop", "Parent Relationship": "Outer", "Join Type": "Inner", "Startup Cost": 920804.93, "Total Cost": 1091336.23, "Plan Rows": 357098, "Plan Width": 41, "Inner Unique": true, "Plans": [{"Node Type": "Merge Join", "Parent Relationship": "Outer", "Join Type": "Inner", "Startup Cost": 920804.93, "Total Cost": 989533.89, "Plan Rows": 357379, "Plan Width": 32, "Inner Unique": false, "Merge Cond": "(an1.person_id = ci.person_id)", "Plans": [{"Node Type": "Index Scan", "Parent Relationship": "Outer", "Scan Direction": "Forward", "Index Name": "person_id_aka_name", "Relation Name": "aka_name", "Alias": "an1", "Startup Cost": 0.0, "Total Cost": 68965.03, "Plan Rows": 901342, "Plan Width": 20}, {"Node Type": "Sort", "Parent Relationship": "Inner", "Startup Cost": 920804.86, "Total Cost": 922582.4, "Plan Rows": 711018, "Plan Width": 12, "Sort Key": ["ci.person_id"], "Plans": [{"Node Type": "Merge Join", "Parent Relationship": "Outer", "Join Type": "Inner", "Startup Cost": 812099.84, "Total Cost": 851695.59, "Plan Rows": 711018, "Plan Width": 12, "Inner Unique": false, "Merge Cond": "(mc.movie_id = ci.movie_id)", "Plans": [{"Node Type": "Sort", "Parent Relationship": "Outer", "Startup Cost": 283826.21, "Total Cost": 287031.99, "Plan Rows": 1282311, "Plan Width": 4, "Sort Key": ["mc.movie_id"], "Plans": [{"Node Type": "Merge Join", "Parent Relationship": "Outer", "Join Type": "Inner", "Startup Cost": 3383.04, "Total Cost": 153733.74, "Plan Rows": 1282311, "Plan Width": 4, "Inner Unique": false, "Merge Cond": "(cn.id = mc.company_id)", "Plans": [{"Node Type": "Index Scan", "Parent Relationship": "Outer", "Scan Direction": "Forward", "Index Name": "company_name_pkey", "Relation Name": "company_name", "Alias": "cn", "Startup Cost": 0.0, "Total Cost": 10501.39, "Plan Rows": 85170, "Plan Width": 4, "Filter": "((country_code)::text = '[us]'::text)"}, {"Node Type": "Index Scan", "Parent Relationship": "Inner", "Scan Direction": "Forward", "Index Name": "company_id_movie_companies", "Relation Name": "movie_companies", "Alias": "mc", "Startup Cost": 0.0, "Total Cost": 123673.5, "Plan Rows": 2609128, "Plan Width": 8}]}]}, {"Node Type": "Sort", "Parent Relationship": "Inner", "Startup Cost": 528273.31, "Total Cost": 536514.11, "Plan Rows": 3296318, "Plan Width": 8, "Sort Key": ["ci.movie_id"], "Plans": [{"Node Type": "Nested Loop", "Parent Relationship": "Outer", "Join Type": "Inner", "Startup Cost": 0.0, "Total Cost": 171406.94, "Plan Rows": 3296318, "Plan Width": 8, "Inner Unique": false, "Plans": [{"Node Type": "Seq Scan", "Parent Relationship": "Outer", "Relation Name": "role_type", "Alias": "rt", "Startup Cost": 0.0, "Total Cost": 1.15, "Plan Rows": 1, "Plan Width": 4, "Filter": "((role)::text = 'costume designer'::text)"}, {"Node Type": "Index Scan", "Parent Relationship": "Inner", "Scan Direction": "Forward", "Index Name": "role_id_cast_info", "Relation Name": "cast_info", "Alias": "ci", "Startup Cost": 0.0, "Total Cost": 138442.61, "Plan Rows": 3296318, "Plan Width": 12, "Index Cond": "(role_id = rt.id), (LLVM Optimized)"}]}]}]}]}]}, {"Node Type": "Index Scan", "Parent Relationship": "Inner", "Scan Direction": "Forward", "Index Name": "title_pkey", "Relation Name": "title", "Alias": "t", "Startup Cost": 0.0, "Total Cost": 0.27, "Plan Rows": 1, "Plan Width": 21, "Index Cond": "(id = ci.movie_id)"}]}, {"Node Type": "Index Only Scan", "Parent Relationship": "Inner", "Scan Direction": "Forward", "Index Name": "name_pkey", "Relation Name": "name", "Alias": "n1", "Startup Cost": 0.0, "Total Cost": 0.27, "Plan Rows": 1, "Plan Width": 4, "Index Cond": "(id = ci.person_id)"}]}]}, "Unique SQL Id": 2457761703, "Planner Runtime": 41}, "explain_analyze_plan": {"Plan": {"Node Type": "Aggregate", "Strategy": "Plain", "Startup Cost": 1194615.66, "Total Cost": 1194615.67, "Plan Rows": 1, "Plan Width": 97, "Actual Startup Time": 8120.907, "Actual Total Time": 8120.908, "Actual Rows": 1, "Actual Loops": 1, "Plans": [{"Node Type": "Nested Loop", "Parent Relationship": "Outer", "Join Type": "Inner", "Startup Cost": 920804.93, "Total Cost": 1192830.17, "Plan Rows": 357098, "Plan Width": 33, "Actual Startup Time": 4997.233, "Actual Total Time": 7913.652, "Actual Rows": 323005, "Actual Loops": 1, "Inner Unique": true, "Join Filter": "(an1.person_id = n1.id), (LLVM Optimized, Jit Execute)", "Rows Removed by Join Filter": 0, "Plans": [{"Node Type": "Nested Loop", "Parent Relationship": "Outer", "Join Type": "Inner", "Startup Cost": 920804.93, "Total Cost": 1091336.23, "Plan Rows": 357098, "Plan Width": 41, "Actual Startup Time": 4997.141, "Actual Total Time": 7006.784, "Actual Rows": 323005, "Actual Loops": 1, "Inner Unique": true, "Plans": [{"Node Type": "Merge Join", "Parent Relationship": "Outer", "Join Type": "Inner", "Startup Cost": 920804.93, "Total Cost": 989533.89, "Plan Rows": 357379, "Plan Width": 32, "Actual Startup Time": 4997.101, "Actual Total Time": 5748.888, "Actual Rows": 323005, "Actual Loops": 1, "Inner Unique": false, "Merge Cond": "(an1.person_id = ci.person_id)", "Plans": [{"Node Type": "Index Scan", "Parent Relationship": "Outer", "Scan Direction": "Forward", "Index Name": "person_id_aka_name", "Relation Name": "aka_name", "Alias": "an1", "Startup Cost": 0.0, "Total Cost": 68965.03, "Plan Rows": 901342, "Plan Width": 20, "Actual Startup Time": 0.031, "Actual Total Time": 471.207, "Actual Rows": 688852, "Actual Loops": 1}, {"Node Type": "Sort", "Parent Relationship": "Inner", "Startup Cost": 920804.86, "Total Cost": 922582.4, "Plan Rows": 711018, "Plan Width": 12, "Actual Startup Time": 4997.011, "Actual Total Time": 5063.199, "Actual Rows": 445949, "Actual Loops": 1, "Sort Key": ["ci.person_id"], "Sort Method": "quicksort", "Sort Space Used": 39058, "Sort Space Type": "Memory", "Plans": [{"Node Type": "Merge Join", "Parent Relationship": "Outer", "Join Type": "Inner", "Startup Cost": 812099.84, "Total Cost": 851695.59, "Plan Rows": 711018, "Plan Width": 12, "Actual Startup Time": 4423.313, "Actual Total Time": 4909.137, "Actual Rows": 285537, "Actual Loops": 1, "Inner Unique": false, "Merge Cond": "(mc.movie_id = ci.movie_id)", "Plans": [{"Node Type": "Sort", "Parent Relationship": "Outer", "Startup Cost": 283826.21, "Total Cost": 287031.99, "Plan Rows": 1282311, "Plan Width": 4, "Actual Startup Time": 4146.803, "Actual Total Time": 4315.25, "Actual Rows": 1153797, "Actual Loops": 1, "Sort Key": ["mc.movie_id"], "Sort Method": "quicksort", "Sort Space Used": 121265, "Sort Space Type": "Memory", "Plans": [{"Node Type": "Merge Join", "Parent Relationship": "Outer", "Join Type": "Inner", "Startup Cost": 3383.04, "Total Cost": 153733.74, "Plan Rows": 1282311, "Plan Width": 4, "Actual Startup Time": 0.056, "Actual Total Time": 3711.929, "Actual Rows": 1153797, "Actual Loops": 1, "Inner Unique": false, "Merge Cond": "(cn.id = mc.company_id)", "Plans": [{"Node Type": "Index Scan", "Parent Relationship": "Outer", "Scan Direction": "Forward", "Index Name": "company_name_pkey", "Relation Name": "company_name", "Alias": "cn", "Startup Cost": 0.0, "Total Cost": 10501.39, "Plan Rows": 85170, "Plan Width": 4, "Actual Startup Time": 0.032, "Actual Total Time": 368.558, "Actual Rows": 84843, "Actual Loops": 1, "Filter": "((country_code)::text = '[us]'::text)", "Rows Removed by Filter": 150153}, {"Node Type": "Index Scan", "Parent Relationship": "Inner", "Scan Direction": "Forward", "Index Name": "company_id_movie_companies", "Relation Name": "movie_companies", "Alias": "mc", "Startup Cost": 0.0, "Total Cost": 123673.5, "Plan Rows": 2609128, "Plan Width": 8, "Actual Startup Time": 0.017, "Actual Total Time": 2784.716, "Actual Rows": 2609128, "Actual Loops": 1}]}]}, {"Node Type": "Sort", "Parent Relationship": "Inner", "Startup Cost": 528273.31, "Total Cost": 536514.11, "Plan Rows": 3296318, "Plan Width": 8, "Actual Startup Time": 276.493, "Actual Total Time": 329.911, "Actual Rows": 461759, "Actual Loops": 1, "Sort Key": ["ci.movie_id"], "Sort Method": "quicksort", "Sort Space Used": 29564, "Sort Space Type": "Memory", "Plans": [{"Node Type": "Nested Loop", "Parent Relationship": "Outer", "Join Type": "Inner", "Startup Cost": 0.0, "Total Cost": 171406.94, "Plan Rows": 3296318, "Plan Width": 8, "Actual Startup Time": 0.125, "Actual Total Time": 177.653, "Actual Rows": 276403, "Actual Loops": 1, "Inner Unique": false, "Plans": [{"Node Type": "Seq Scan", "Parent Relationship": "Outer", "Relation Name": "role_type", "Alias": "rt", "Startup Cost": 0.0, "Total Cost": 1.15, "Plan Rows": 1, "Plan Width": 4, "Actual Startup Time": 0.055, "Actual Total Time": 0.068, "Actual Rows": 1, "Actual Loops": 1, "Filter": "((role)::text = 'costume designer'::text)", "Rows Removed by Filter": 11}, {"Node Type": "Index Scan", "Parent Relationship": "Inner", "Scan Direction": "Forward", "Index Name": "role_id_cast_info", "Relation Name": "cast_info", "Alias": "ci", "Startup Cost": 0.0, "Total Cost": 138442.61, "Plan Rows": 3296318, "Plan Width": 12, "Actual Startup Time": 0.055, "Actual Total Time": 125.86, "Actual Rows": 276403, "Actual Loops": 1, "Index Cond": "(role_id = rt.id), (LLVM Optimized, Jit Execute)", "Rows Removed by Index Recheck": 0}]}]}]}]}]}, {"Node Type": "Index Scan", "Parent Relationship": "Inner", "Scan Direction": "Forward", "Index Name": "title_pkey", "Relation Name": "title", "Alias": "t", "Startup Cost": 0.0, "Total Cost": 0.27, "Plan Rows": 1, "Plan Width": 21, "Actual Startup Time": 1007.615, "Actual Total Time": 1007.615, "Actual Rows": 323005, "Actual Loops": 323005, "Index Cond": "(id = ci.movie_id)", "Rows Removed by Index Recheck": 0}]}, {"Node Type": "Index Only Scan", "Parent Relationship": "Inner", "Scan Direction": "Forward", "Index Name": "name_pkey", "Relation Name": "name", "Alias": "n1", "Startup Cost": 0.0, "Total Cost": 0.27, "Plan Rows": 1, "Plan Width": 4, "Actual Startup Time": 664.453, "Actual Total Time": 664.453, "Actual Rows": 323005, "Actual Loops": 323005, "Index Cond": "(id = ci.person_id)", "Rows Removed by Index Recheck": 0, "Heap Fetches": 0}]}]}, "Triggers": [], "Planner Runtime": 41.914, "Total Runtime": 8130.654, "Unique SQL Id": 2457761703}}, "(1, '89')": {"explain_plan": {"Plan": {"Node Type": "Aggregate", "Strategy": "Plain", "Startup Cost": 1194626.97, "Total Cost": 1194626.98, "Plan Rows": 1, "Plan Width": 97, "Plans": [{"Node Type": "Nested Loop", "Parent Relationship": "Outer", "Join Type": "Inner", "Startup Cost": 920816.24, "Total Cost": 1192841.48, "Plan Rows": 357098, "Plan Width": 33, "Inner Unique": true, "Join Filter": "(an1.person_id = n1.id), (LLVM Optimized)", "Plans": [{"Node Type": "Nested Loop", "Parent Relationship": "Outer", "Join Type": "Inner", "Startup Cost": 920816.24, "Total Cost": 1091347.54, "Plan Rows": 357098, "Plan Width": 41, "Inner Unique": true, "Plans": [{"Node Type": "Merge Join", "Parent Relationship": "Outer", "Join Type": "Inner", "Startup Cost": 920816.24, "Total Cost": 989545.2, "Plan Rows": 357379, "Plan Width": 32, "Inner Unique": false, "Merge Cond": "(ci.person_id = an1.person_id)", "Plans": [{"Node Type": "Sort", "Parent Relationship": "Outer", "Startup Cost": 920816.17, "Total Cost": 922593.71, "Plan Rows": 711018, "Plan Width": 12, "Sort Key": ["ci.person_id"], "Plans": [{"Node Type": "Merge Join", "Parent Relationship": "Outer", "Join Type": "Inner", "Startup Cost": 812111.15, "Total Cost": 851706.9, "Plan Rows": 711018, "Plan Width": 12, "Inner Unique": false, "Merge Cond": "(mc.movie_id = ci.movie_id)", "Plans": [{"Node Type": "Sort", "Parent Relationship": "Outer", "Startup Cost": 283826.21, "Total Cost": 287031.99, "Plan Rows": 1282311, "Plan Width": 4, "Sort Key": ["mc.movie_id"], "Plans": [{"Node Type": "Merge Join", "Parent Relationship": "Outer", "Join Type": "Inner", "Startup Cost": 3383.04, "Total Cost": 153733.74, "Plan Rows": 1282311, "Plan Width": 4, "Inner Unique": false, "Merge Cond": "(cn.id = mc.company_id)", "Plans": [{"Node Type": "Index Scan", "Parent Relationship": "Outer", "Scan Direction": "Forward", "Index Name": "company_name_pkey", "Relation Name": "company_name", "Alias": "cn", "Startup Cost": 0.0, "Total Cost": 10501.39, "Plan Rows": 85170, "Plan Width": 4, "Filter": "((country_code)::text = '[us]'::text)"}, {"Node Type": "Index Scan", "Parent Relationship": "Inner", "Scan Direction": "Forward", "Index Name": "company_id_movie_companies", "Relation Name": "movie_companies", "Alias": "mc", "Startup Cost": 0.0, "Total Cost": 123673.5, "Plan Rows": 2609128, "Plan Width": 8}]}]}, {"Node Type": "Sort", "Parent Relationship": "Inner", "Startup Cost": 528284.62, "Total Cost": 536525.42, "Plan Rows": 3296318, "Plan Width": 8, "Sort Key": ["ci.movie_id"], "Plans": [{"Node Type": "Nested Loop", "Parent Relationship": "Outer", "Join Type": "Inner", "Startup Cost": 0.0, "Total Cost": 171418.25, "Plan Rows": 3296318, "Plan Width": 8, "Inner Unique": false, "Plans": [{"Node Type": "Index Scan", "Parent Relationship": "Outer", "Scan Direction": "Forward", "Index Name": "role_type_pkey", "Relation Name": "role_type", "Alias": "rt", "Startup Cost": 0.0, "Total Cost": 12.46, "Plan Rows": 1, "Plan Width": 4, "Filter": "((role)::text = 'costume designer'::text)"}, {"Node Type": "Index Scan", "Parent Relationship": "Inner", "Scan Direction": "Forward", "Index Name": "role_id_cast_info", "Relation Name": "cast_info", "Alias": "ci", "Startup Cost": 0.0, "Total Cost": 138442.61, "Plan Rows": 3296318, "Plan Width": 12, "Index Cond": "(role_id = rt.id), (LLVM Optimized)"}]}]}]}]}, {"Node Type": "Index Scan", "Parent Relationship": "Inner", "Scan Direction": "Forward", "Index Name": "person_id_aka_name", "Relation Name": "aka_name", "Alias": "an1", "Startup Cost": 0.0, "Total Cost": 68965.03, "Plan Rows": 901342, "Plan Width": 20}]}, {"Node Type": "Index Scan", "Parent Relationship": "Inner", "Scan Direction": "Forward", "Index Name": "title_pkey", "Relation Name": "title", "Alias": "t", "Startup Cost": 0.0, "Total Cost": 0.27, "Plan Rows": 1, "Plan Width": 21, "Index Cond": "(id = ci.movie_id)"}]}, {"Node Type": "Index Only Scan", "Parent Relationship": "Inner", "Scan Direction": "Forward", "Index Name": "name_pkey", "Relation Name": "name", "Alias": "n1", "Startup Cost": 0.0, "Total Cost": 0.27, "Plan Rows": 1, "Plan Width": 4, "Index Cond": "(id = ci.person_id)"}]}]}, "Unique SQL Id": 2457761703, "Planner Runtime": 38}, "explain_analyze_plan": {"Plan": {"Node Type": "Aggregate", "Strategy": "Plain", "Startup Cost": 1194626.97, "Total Cost": 1194626.98, "Plan Rows": 1, "Plan Width": 97, "Actual Startup Time": 8701.391, "Actual Total Time": 8701.392, "Actual Rows": 1, "Actual Loops": 1, "Plans": [{"Node Type": "Nested Loop", "Parent Relationship": "Outer", "Join Type": "Inner", "Startup Cost": 920816.24, "Total Cost": 1192841.48, "Plan Rows": 357098, "Plan Width": 33, "Actual Startup Time": 5217.158, "Actual Total Time": 8490.389, "Actual Rows": 323005, "Actual Loops": 1, "Inner Unique": true, "Join Filter": "(an1.person_id = n1.id), (LLVM Optimized, Jit Execute)", "Rows Removed by Join Filter": 0, "Plans": [{"Node Type": "Nested Loop", "Parent Relationship": "Outer", "Join Type": "Inner", "Startup Cost": 920816.24, "Total Cost": 1091347.54, "Plan Rows": 357098, "Plan Width": 41, "Actual Startup Time": 5217.138, "Actual Total Time": 7583.598, "Actual Rows": 323005, "Actual Loops": 1, "Inner Unique": true, "Plans": [{"Node Type": "Merge Join", "Parent Relationship": "Outer", "Join Type": "Inner", "Startup Cost": 920816.24, "Total Cost": 989545.2, "Plan Rows": 357379, "Plan Width": 32, "Actual Startup Time": 5217.107, "Actual Total Time": 6308.247, "Actual Rows": 323005, "Actual Loops": 1, "Inner Unique": false, "Merge Cond": "(ci.person_id = an1.person_id)", "Plans": [{"Node Type": "Sort", "Parent Relationship": "Outer", "Startup Cost": 920816.17, "Total Cost": 922593.71, "Plan Rows": 711018, "Plan Width": 12, "Actual Startup Time": 5216.995, "Actual Total Time": 5281.51, "Actual Rows": 285537, "Actual Loops": 1, "Sort Key": ["ci.person_id"], "Sort Method": "quicksort", "Sort Space Used": 39058, "Sort Space Type": "Memory", "Plans": [{"Node Type": "Merge Join", "Parent Relationship": "Outer", "Join Type": "Inner", "Startup Cost": 812111.15, "Total Cost": 851706.9, "Plan Rows": 711018, "Plan Width": 12, "Actual Startup Time": 4647.938, "Actual Total Time": 5130.223, "Actual Rows": 285537, "Actual Loops": 1, "Inner Unique": false, "Merge Cond": "(mc.movie_id = ci.movie_id)", "Plans": [{"Node Type": "Sort", "Parent Relationship": "Outer", "Startup Cost": 283826.21, "Total Cost": 287031.99, "Plan Rows": 1282311, "Plan Width": 4, "Actual Startup Time": 4359.891, "Actual Total Time": 4517.837, "Actual Rows": 1153797, "Actual Loops": 1, "Sort Key": ["mc.movie_id"], "Sort Method": "quicksort", "Sort Space Used": 121265, "Sort Space Type": "Memory", "Plans": [{"Node Type": "Merge Join", "Parent Relationship": "Outer", "Join Type": "Inner", "Startup Cost": 3383.04, "Total Cost": 153733.74, "Plan Rows": 1282311, "Plan Width": 4, "Actual Startup Time": 0.108, "Actual Total Time": 3916.645, "Actual Rows": 1153797, "Actual Loops": 1, "Inner Unique": false, "Merge Cond": "(cn.id = mc.company_id)", "Plans": [{"Node Type": "Index Scan", "Parent Relationship": "Outer", "Scan Direction": "Forward", "Index Name": "company_name_pkey", "Relation Name": "company_name", "Alias": "cn", "Startup Cost": 0.0, "Total Cost": 10501.39, "Plan Rows": 85170, "Plan Width": 4, "Actual Startup Time": 0.065, "Actual Total Time": 344.843, "Actual Rows": 84843, "Actual Loops": 1, "Filter": "((country_code)::text = '[us]'::text)", "Rows Removed by Filter": 150153}, {"Node Type": "Index Scan", "Parent Relationship": "Inner", "Scan Direction": "Forward", "Index Name": "company_id_movie_companies", "Relation Name": "movie_companies", "Alias": "mc", "Startup Cost": 0.0, "Total Cost": 123673.5, "Plan Rows": 2609128, "Plan Width": 8, "Actual Startup Time": 0.034, "Actual Total Time": 3014.989, "Actual Rows": 2609128, "Actual Loops": 1}]}]}, {"Node Type": "Sort", "Parent Relationship": "Inner", "Startup Cost": 528284.62, "Total Cost": 536525.42, "Plan Rows": 3296318, "Plan Width": 8, "Actual Startup Time": 287.964, "Actual Total Time": 345.865, "Actual Rows": 461759, "Actual Loops": 1, "Sort Key": ["ci.movie_id"], "Sort Method": "quicksort", "Sort Space Used": 29564, "Sort Space Type": "Memory", "Plans": [{"Node Type": "Nested Loop", "Parent Relationship": "Outer", "Join Type": "Inner", "Startup Cost": 0.0, "Total Cost": 171418.25, "Plan Rows": 3296318, "Plan Width": 8, "Actual Startup Time": 0.127, "Actual Total Time": 188.449, "Actual Rows": 276403, "Actual Loops": 1, "Inner Unique": false, "Plans": [{"Node Type": "Index Scan", "Parent Relationship": "Outer", "Scan Direction": "Forward", "Index Name": "role_type_pkey", "Relation Name": "role_type", "Alias": "rt", "Startup Cost": 0.0, "Total Cost": 12.46, "Plan Rows": 1, "Plan Width": 4, "Actual Startup Time": 0.074, "Actual Total Time": 0.087, "Actual Rows": 1, "Actual Loops": 1, "Filter": "((role)::text = 'costume designer'::text)", "Rows Removed by Filter": 11}, {"Node Type": "Index Scan", "Parent Relationship": "Inner", "Scan Direction": "Forward", "Index Name": "role_id_cast_info", "Relation Name": "cast_info", "Alias": "ci", "Startup Cost": 0.0, "Total Cost": 138442.61, "Plan Rows": 3296318, "Plan Width": 12, "Actual Startup Time": 0.04, "Actual Total Time": 136.83, "Actual Rows": 276403, "Actual Loops": 1, "Index Cond": "(role_id = rt.id), (LLVM Optimized, Jit Execute)", "Rows Removed by Index Recheck": 0}]}]}]}]}, {"Node Type": "Index Scan", "Parent Relationship": "Inner", "Scan Direction": "Forward", "Index Name": "person_id_aka_name", "Relation Name": "aka_name", "Alias": "an1", "Startup Cost": 0.0, "Total Cost": 68965.03, "Plan Rows": 901342, "Plan Width": 20, "Actual Startup Time": 0.066, "Actual Total Time": 759.491, "Actual Rows": 1003872, "Actual Loops": 1}]}, {"Node Type": "Index Scan", "Parent Relationship": "Inner", "Scan Direction": "Forward", "Index Name": "title_pkey", "Relation Name": "title", "Alias": "t", "Startup Cost": 0.0, "Total Cost": 0.27, "Plan Rows": 1, "Plan Width": 21, "Actual Startup Time": 1028.829, "Actual Total Time": 1028.829, "Actual Rows": 323005, "Actual Loops": 323005, "Index Cond": "(id = ci.movie_id)", "Rows Removed by Index Recheck": 0}]}, {"Node Type": "Index Only Scan", "Parent Relationship": "Inner", "Scan Direction": "Forward", "Index Name": "name_pkey", "Relation Name": "name", "Alias": "n1", "Startup Cost": 0.0, "Total Cost": 0.27, "Plan Rows": 1, "Plan Width": 4, "Actual Startup Time": 663.989, "Actual Total Time": 663.989, "Actual Rows": 323005, "Actual Loops": 323005, "Index Cond": "(id = ci.person_id)", "Rows Removed by Index Recheck": 0, "Heap Fetches": 0}]}]}, "Triggers": [], "Planner Runtime": 38.892, "Total Runtime": 8711.392, "Unique SQL Id": 2457761703}}, "(1, '90')": {"explain_plan": {"Plan": {"Node Type": "Aggregate", "Strategy": "Plain", "Startup Cost": 7372077.37, "Total Cost": 7372077.38, "Plan Rows": 1, "Plan Width": 97, "Plans": [{"Node Type": "Merge Join", "Parent Relationship": "Outer", "Join Type": "Inner", "Startup Cost": 7334347.39, "Total Cost": 7370291.88, "Plan Rows": 357098, "Plan Width": 33, "Inner Unique": true, "Merge Cond": "(an1.person_id = n1.id)", "Plans": [{"Node Type": "Merge Join", "Parent Relationship": "Outer", "Join Type": "Inner", "Startup Cost": 6783044.04, "Total Cost": 6793688.06, "Plan Rows": 357098, "Plan Width": 41, "Inner Unique": false, "Merge Cond": "(ci.person_id = an1.person_id)", "Plans": [{"Node Type": "Sort", "Parent Relationship": "Outer", "Startup Cost": 6673985.1, "Total Cost": 6675761.24, "Plan Rows": 710459, "Plan Width": 21, "Sort Key": ["ci.person_id"], "Plans": [{"Node Type": "Merge Join", "Parent Relationship": "Outer", "Join Type": "Inner", "Startup Cost": 6543826.32, "Total Cost": 6604934.19, "Plan Rows": 710459, "Plan Width": 21, "Inner Unique": true, "Merge Cond": "(ci.movie_id = t.id)", "Plans": [{"Node Type": "Merge Join", "Parent Relationship": "Outer", "Join Type": "Inner", "Startup Cost": 6214874.3, "Total Cost": 6254470.05, "Plan Rows": 711018, "Plan Width": 12, "Inner Unique": false, "Merge Cond": "(mc.movie_id = ci.movie_id)", "Plans": [{"Node Type": "Sort", "Parent Relationship": "Outer", "Startup Cost": 489151.99, "Total Cost": 492357.77, "Plan Rows": 1282311, "Plan Width": 4, "Sort Key": ["mc.movie_id"], "Plans": [{"Node Type": "Merge Join", "Parent Relationship": "Outer", "Join Type": "Inner", "Startup Cost": 333103.9, "Total Cost": 359059.52, "Plan Rows": 1282311, "Plan Width": 4, "Inner Unique": false, "Merge Cond": "(cn.id = mc.company_id)", "Plans": [{"Node Type": "Sort", "Parent Relationship": "Outer", "Startup Cost": 12878.05, "Total Cost": 13090.97, "Plan Rows": 85170, "Plan Width": 4, "Sort Key": ["cn.id"], "Plans": [{"Node Type": "Seq Scan", "Parent Relationship": "Outer", "Relation Name": "company_name", "Alias": "cn", "Startup Cost": 0.0, "Total Cost": 5903.45, "Plan Rows": 85170, "Plan Width": 4, "Filter": "((country_code)::text = '[us]'::text)"}]}, {"Node Type": "Sort", "Parent Relationship": "Inner", "Startup Cost": 319886.87, "Total Cost": 326409.69, "Plan Rows": 2609128, "Plan Width": 8, "Sort Key": ["mc.company_id"], "Plans": [{"Node Type": "Seq Scan", "Parent Relationship": "Outer", "Relation Name": "movie_companies", "Alias": "mc", "Startup Cost": 0.0, "Total Cost": 41817.28, "Plan Rows": 2609128, "Plan Width": 8}]}]}]}, {"Node Type": "Sort", "Parent Relationship": "Inner", "Startup Cost": 5725721.99, "Total Cost": 5733962.79, "Plan Rows": 3296318, "Plan Width": 8, "Sort Key": ["ci.movie_id"], "Plans": [{"Node Type": "Merge Join", "Parent Relationship": "Outer", "Join Type": "Inner", "Startup Cost": 5154594.96, "Total Cost": 5368855.62, "Plan Rows": 3296318, "Plan Width": 8, "Inner Unique": false, "Merge Cond": "(rt.id = ci.role_id)", "Plans": [{"Node Type": "Sort", "Parent Relationship": "Outer", "Startup Cost": 1.16, "Total Cost": 1.16, "Plan Rows": 1, "Plan Width": 4, "Sort Key": ["rt.id"], "Plans": [{"Node Type": "Seq Scan", "Parent Relationship": "Outer", "Relation Name": "role_type", "Alias": "rt", "Startup Cost": 0.0, "Total Cost": 1.15, "Plan Rows": 1, "Plan Width": 4, "Filter": "((role)::text = 'costume designer'::text)"}]}, {"Node Type": "Sort", "Parent Relationship": "Inner", "Startup Cost": 5154593.8, "Total Cost": 5245242.54, "Plan Rows": 36259494, "Plan Width": 12, "Sort Key": ["ci.role_id"], "Plans": [{"Node Type": "Seq Scan", "Parent Relationship": "Outer", "Relation Name": "cast_info", "Alias": "ci", "Startup Cost": 0.0, "Total Cost": 601877.94, "Plan Rows": 36259494, "Plan Width": 12}]}]}]}]}, {"Node Type": "Sort", "Parent Relationship": "Inner", "Startup Cost": 328951.73, "Total Cost": 335272.51, "Plan Rows": 2528311, "Plan Width": 21, "Sort Key": ["t.id"], "Plans": [{"Node Type": "Seq Scan", "Parent Relationship": "Outer", "Relation Name": "title", "Alias": "t", "Startup Cost": 0.0, "Total Cost": 60069.11, "Plan Rows": 2528311, "Plan Width": 21}]}]}]}, {"Node Type": "Sort", "Parent Relationship": "Inner", "Startup Cost": 109058.87, "Total Cost": 111312.23, "Plan Rows": 901342, "Plan Width": 20, "Sort Key": ["an1.person_id"], "Plans": [{"Node Type": "Seq Scan", "Parent Relationship": "Outer", "Relation Name": "aka_name", "Alias": "an1", "Startup Cost": 0.0, "Total Cost": 19908.42, "Plan Rows": 901342, "Plan Width": 20}]}]}, {"Node Type": "Sort", "Parent Relationship": "Inner", "Startup Cost": 551303.0, "Total Cost": 561721.72, "Plan Rows": 4167490, "Plan Width": 4, "Sort Key": ["n1.id"], "Plans": [{"Node Type": "Seq Scan", "Parent Relationship": "Outer", "Relation Name": "name", "Alias": "n1", "Startup Cost": 0.0, "Total Cost": 93071.9, "Plan Rows": 4167490, "Plan Width": 4}]}]}]}, "Unique SQL Id": 2457761703, "Planner Runtime": 37}, "explain_analyze_plan": null}, "(1, '91')": {"explain_plan": {"Plan": {"Node Type": "Aggregate", "Strategy": "Plain", "Startup Cost": 6720852851061.62, "Total Cost": 6720852851061.63, "Plan Rows": 1, "Plan Width": 97, "Plans": [{"Node Type": "Merge Join", "Parent Relationship": "Outer", "Join Type": "Inner", "Startup Cost": 5019186702132.34, "Total Cost": 6720852849276.13, "Plan Rows": 357098, "Plan Width": 33, "Inner Unique": false, "Merge Cond": "(an1.person_id = ci.person_id)", "Plans": [{"Node Type": "Merge Join", "Parent Relationship": "Outer", "Join Type": "Inner", "Startup Cost": 20030754356.47, "Total Cost": 2000002534968.85, "Plan Rows": 901342, "Plan Width": 24, "Inner Unique": true, "Merge Cond": "(an1.person_id = n1.id)", "Plans": [{"Node Type": "Index Scan", "Parent Relationship": "Outer", "Scan Direction": "Forward", "Index Name": "person_id_aka_name", "Relation Name": "aka_name", "Alias": "an1", "Startup Cost": 10000000000.0, "Total Cost": 1000006896503.43, "Plan Rows": 901342, "Plan Width": 20}, {"Node Type": "Index Only Scan", "Parent Relationship": "Inner", "Scan Direction": "Forward", "Index Name": "name_pkey", "Relation Name": "name", "Alias": "n1", "Startup Cost": 10000000000.0, "Total Cost": 1000012483260.0, "Plan Rows": 4167490, "Plan Width": 4}]}, {"Node Type": "Sort", "Parent Relationship": "Inner", "Startup Cost": 4999155947775.81, "Total Cost": 4999155949551.95, "Plan Rows": 710459, "Plan Width": 21, "Sort Key": ["ci.person_id"], "Plans": [{"Node Type": "Merge Join", "Parent Relationship": "Outer", "Join Type": "Inner", "Startup Cost": 4010027802477.44, "Total Cost": 4999155878724.9, "Plan Rows": 710459, "Plan Width": 21, "Inner Unique": true, "Merge Cond": "(ci.movie_id = t.id)", "Plans": [{"Node Type": "Merge Join", "Parent Relationship": "Outer", "Join Type": "Inner", "Startup Cost": 4000027802477.15, "Total Cost": 4000027842072.9, "Plan Rows": 711018, "Plan Width": 12, "Inner Unique": false, "Merge Cond": "(mc.movie_id = ci.movie_id)", "Plans": [{"Node Type": "Sort", "Parent Relationship": "Outer", "Startup Cost": 2000013567140.28, "Total Cost": 2000013570346.05, "Plan Rows": 1282311, "Plan Width": 4, "Sort Key": ["mc.movie_id"], "Plans": [{"Node Type": "Merge Join", "Parent Relationship": "Outer", "Join Type": "Inner", "Startup Cost": 45724640147.62, "Total Cost": 2000013437047.81, "Plan Rows": 1282311, "Plan Width": 4, "Inner Unique": false, "Merge Cond": "(cn.id = mc.company_id)", "Plans": [{"Node Type": "Index Scan", "Parent Relationship": "Outer", "Scan Direction": "Forward", "Index Name": "company_name_pkey", "Relation Name": "company_name", "Alias": "cn", "Startup Cost": 10000000000.0, "Total Cost": 1000001050138.97, "Plan Rows": 85170, "Plan Width": 4, "Filter": "((country_code)::text = '[us]'::text)"}, {"Node Type": "Index Scan", "Parent Relationship": "Inner", "Scan Direction": "Forward", "Index Name": "company_id_movie_companies", "Relation Name": "movie_companies", "Alias": "mc", "Startup Cost": 10000000000.0, "Total Cost": 1000012367349.98, "Plan Rows": 2609128, "Plan Width": 8}]}]}, {"Node Type": "Sort", "Parent Relationship": "Inner", "Startup Cost": 2000014235336.55, "Total Cost": 2000014243577.35, "Plan Rows": 3296318, "Plan Width": 8, "Sort Key": ["ci.movie_id"], "Plans": [{"Node Type": "Nested Loop", "Parent Relationship": "Outer", "Join Type": "Inner", "Startup Cost": 20000000000.0, "Total Cost": 2000013878470.18, "Plan Rows": 3296318, "Plan Width": 8, "Inner Unique": false, "Plans": [{"Node Type": "Index Scan", "Parent Relationship": "Outer", "Scan Direction": "Forward", "Index Name": "role_type_pkey", "Relation Name": "role_type", "Alias": "rt", "Startup Cost": 10000000000.0, "Total Cost": 1000000001246.0, "Plan Rows": 1, "Plan Width": 4, "Filter": "((role)::text = 'costume designer'::text)"}, {"Node Type": "Index Scan", "Parent Relationship": "Inner", "Scan Direction": "Forward", "Index Name": "role_id_cast_info", "Relation Name": "cast_info", "Alias": "ci", "Startup Cost": 10000000000.0, "Total Cost": 1000013844261.0, "Plan Rows": 3296318, "Plan Width": 12, "Index Cond": "(role_id = rt.id), (LLVM Optimized)"}]}]}]}, {"Node Type": "Index Scan", "Parent Relationship": "Inner", "Scan Direction": "Forward", "Index Name": "title_pkey", "Relation Name": "title", "Alias": "t", "Startup Cost": 10000000000.0, "Total Cost": 1000011012048.91, "Plan Rows": 2528311, "Plan Width": 21}]}]}]}]}, "Unique SQL Id": 2457761703, "Planner Runtime": 108}, "explain_analyze_plan": {"Plan": {"Node Type": "Aggregate", "Strategy": "Plain", "Startup Cost": 6720852851061.62, "Total Cost": 6720852851061.63, "Plan Rows": 1, "Plan Width": 97, "Actual Startup Time": 10722.873, "Actual Total Time": 10722.874, "Actual Rows": 1, "Actual Loops": 1, "Plans": [{"Node Type": "Merge Join", "Parent Relationship": "Outer", "Join Type": "Inner", "Startup Cost": 5019186702132.34, "Total Cost": 6720852849276.13, "Plan Rows": 357098, "Plan Width": 33, "Actual Startup Time": 8392.341, "Actual Total Time": 10567.085, "Actual Rows": 323005, "Actual Loops": 1, "Inner Unique": false, "Merge Cond": "(an1.person_id = ci.person_id)", "Plans": [{"Node Type": "Merge Join", "Parent Relationship": "Outer", "Join Type": "Inner", "Startup Cost": 20030754356.47, "Total Cost": 2000002534968.85, "Plan Rows": 901342, "Plan Width": 24, "Actual Startup Time": 0.069, "Actual Total Time": 1937.129, "Actual Rows": 688852, "Actual Loops": 1, "Inner Unique": true, "Merge Cond": "(an1.person_id = n1.id)", "Plans": [{"Node Type": "Index Scan", "Parent Relationship": "Outer", "Scan Direction": "Forward", "Index Name": "person_id_aka_name", "Relation Name": "aka_name", "Alias": "an1", "Startup Cost": 10000000000.0, "Total Cost": 1000006896503.43, "Plan Rows": 901342, "Plan Width": 20, "Actual Startup Time": 0.035, "Actual Total Time": 470.302, "Actual Rows": 688852, "Actual Loops": 1}, {"Node Type": "Index Only Scan", "Parent Relationship": "Inner", "Scan Direction": "Forward", "Index Name": "name_pkey", "Relation Name": "name", "Alias": "n1", "Startup Cost": 10000000000.0, "Total Cost": 1000012483260.0, "Plan Rows": 4167490, "Plan Width": 4, "Actual Startup Time": 0.022, "Actual Total Time": 763.321, "Actual Rows": 3441945, "Actual Loops": 1, "Heap Fetches": 0}]}, {"Node Type": "Sort", "Parent Relationship": "Inner", "Startup Cost": 4999155947775.81, "Total Cost": 4999155949551.95, "Plan Rows": 710459, "Plan Width": 21, "Actual Startup Time": 8392.126, "Actual Total Time": 8448.542, "Actual Rows": 445949, "Actual Loops": 1, "Sort Key": ["ci.person_id"], "Sort Method": "quicksort", "Sort Space Used": 39613, "Sort Space Type": "Memory", "Plans": [{"Node Type": "Merge Join", "Parent Relationship": "Outer", "Join Type": "Inner", "Startup Cost": 4010027802477.44, "Total Cost": 4999155878724.9, "Plan Rows": 710459, "Plan Width": 21, "Actual Startup Time": 4488.89, "Actual Total Time": 8289.221, "Actual Rows": 285537, "Actual Loops": 1, "Inner Unique": true, "Merge Cond": "(ci.movie_id = t.id)", "Plans": [{"Node Type": "Merge Join", "Parent Relationship": "Outer", "Join Type": "Inner", "Startup Cost": 4000027802477.15, "Total Cost": 4000027842072.9, "Plan Rows": 711018, "Plan Width": 12, "Actual Startup Time": 4488.842, "Actual Total Time": 5008.701, "Actual Rows": 285537, "Actual Loops": 1, "Inner Unique": false, "Merge Cond": "(mc.movie_id = ci.movie_id)", "Plans": [{"Node Type": "Sort", "Parent Relationship": "Outer", "Startup Cost": 2000013567140.28, "Total Cost": 2000013570346.05, "Plan Rows": 1282311, "Plan Width": 4, "Actual Startup Time": 4207.685, "Actual Total Time": 4395.492, "Actual Rows": 1153797, "Actual Loops": 1, "Sort Key": ["mc.movie_id"], "Sort Method": "quicksort", "Sort Space Used": 121265, "Sort Space Type": "Memory", "Plans": [{"Node Type": "Merge Join", "Parent Relationship": "Outer", "Join Type": "Inner", "Startup Cost": 45724640147.62, "Total Cost": 2000013437047.81, "Plan Rows": 1282311, "Plan Width": 4, "Actual Startup Time": 0.055, "Actual Total Time": 3774.956, "Actual Rows": 1153797, "Actual Loops": 1, "Inner Unique": false, "Merge Cond": "(cn.id = mc.company_id)", "Plans": [{"Node Type": "Index Scan", "Parent Relationship": "Outer", "Scan Direction": "Forward", "Index Name": "company_name_pkey", "Relation Name": "company_name", "Alias": "cn", "Startup Cost": 10000000000.0, "Total Cost": 1000001050138.97, "Plan Rows": 85170, "Plan Width": 4, "Actual Startup Time": 0.031, "Actual Total Time": 350.396, "Actual Rows": 84843, "Actual Loops": 1, "Filter": "((country_code)::text = '[us]'::text)", "Rows Removed by Filter": 150153}, {"Node Type": "Index Scan", "Parent Relationship": "Inner", "Scan Direction": "Forward", "Index Name": "company_id_movie_companies", "Relation Name": "movie_companies", "Alias": "mc", "Startup Cost": 10000000000.0, "Total Cost": 1000012367349.98, "Plan Rows": 2609128, "Plan Width": 8, "Actual Startup Time": 0.019, "Actual Total Time": 2865.565, "Actual Rows": 2609128, "Actual Loops": 1}]}]}, {"Node Type": "Sort", "Parent Relationship": "Inner", "Startup Cost": 2000014235336.55, "Total Cost": 2000014243577.35, "Plan Rows": 3296318, "Plan Width": 8, "Actual Startup Time": 281.141, "Actual Total Time": 348.762, "Actual Rows": 461759, "Actual Loops": 1, "Sort Key": ["ci.movie_id"], "Sort Method": "quicksort", "Sort Space Used": 29564, "Sort Space Type": "Memory", "Plans": [{"Node Type": "Nested Loop", "Parent Relationship": "Outer", "Join Type": "Inner", "Startup Cost": 20000000000.0, "Total Cost": 2000013878470.18, "Plan Rows": 3296318, "Plan Width": 8, "Actual Startup Time": 0.111, "Actual Total Time": 182.412, "Actual Rows": 276403, "Actual Loops": 1, "Inner Unique": false, "Plans": [{"Node Type": "Index Scan", "Parent Relationship": "Outer", "Scan Direction": "Forward", "Index Name": "role_type_pkey", "Relation Name": "role_type", "Alias": "rt", "Startup Cost": 10000000000.0, "Total Cost": 1000000001246.0, "Plan Rows": 1, "Plan Width": 4, "Actual Startup Time": 0.053, "Actual Total Time": 0.065, "Actual Rows": 1, "Actual Loops": 1, "Filter": "((role)::text = 'costume designer'::text)", "Rows Removed by Filter": 11}, {"Node Type": "Index Scan", "Parent Relationship": "Inner", "Scan Direction": "Forward", "Index Name": "role_id_cast_info", "Relation Name": "cast_info", "Alias": "ci", "Startup Cost": 10000000000.0, "Total Cost": 1000013844261.0, "Plan Rows": 3296318, "Plan Width": 12, "Actual Startup Time": 0.044, "Actual Total Time": 129.246, "Actual Rows": 276403, "Actual Loops": 1, "Index Cond": "(role_id = rt.id), (LLVM Optimized, Jit Execute)", "Rows Removed by Index Recheck": 0}]}]}]}, {"Node Type": "Index Scan", "Parent Relationship": "Inner", "Scan Direction": "Forward", "Index Name": "title_pkey", "Relation Name": "title", "Alias": "t", "Startup Cost": 10000000000.0, "Total Cost": 1000011012048.91, "Plan Rows": 2528311, "Plan Width": 21, "Actual Startup Time": 0.038, "Actual Total Time": 2811.021, "Actual Rows": 2525722, "Actual Loops": 1}]}]}]}]}, "Triggers": [], "Planner Runtime": 107.583, "Total Runtime": 10732.524, "Unique SQL Id": 2457761703}}, "(1, '92')": {"explain_plan": {"Plan": {"Node Type": "Aggregate", "Strategy": "Plain", "Startup Cost": 1196640.37, "Total Cost": 1196640.38, "Plan Rows": 1, "Plan Width": 97, "Plans": [{"Node Type": "Nested Loop", "Parent Relationship": "Outer", "Join Type": "Inner", "Startup Cost": 920804.93, "Total Cost": 1194854.88, "Plan Rows": 357098, "Plan Width": 33, "Inner Unique": true, "Join Filter": "(an1.person_id = n1.id), (LLVM Optimized)", "Plans": [{"Node Type": "Nested Loop", "Parent Relationship": "Outer", "Join Type": "Inner", "Startup Cost": 920804.93, "Total Cost": 1091336.23, "Plan Rows": 357098, "Plan Width": 41, "Inner Unique": true, "Plans": [{"Node Type": "Merge Join", "Parent Relationship": "Outer", "Join Type": "Inner", "Startup Cost": 920804.93, "Total Cost": 989533.89, "Plan Rows": 357379, "Plan Width": 32, "Inner Unique": false, "Merge Cond": "(an1.person_id = ci.person_id)", "Plans": [{"Node Type": "Index Scan", "Parent Relationship": "Outer", "Scan Direction": "Forward", "Index Name": "person_id_aka_name", "Relation Name": "aka_name", "Alias": "an1", "Startup Cost": 0.0, "Total Cost": 68965.03, "Plan Rows": 901342, "Plan Width": 20}, {"Node Type": "Sort", "Parent Relationship": "Inner", "Startup Cost": 920804.86, "Total Cost": 922582.4, "Plan Rows": 711018, "Plan Width": 12, "Sort Key": ["ci.person_id"], "Plans": [{"Node Type": "Merge Join", "Parent Relationship": "Outer", "Join Type": "Inner", "Startup Cost": 812099.84, "Total Cost": 851695.59, "Plan Rows": 711018, "Plan Width": 12, "Inner Unique": false, "Merge Cond": "(mc.movie_id = ci.movie_id)", "Plans": [{"Node Type": "Sort", "Parent Relationship": "Outer", "Startup Cost": 283826.21, "Total Cost": 287031.99, "Plan Rows": 1282311, "Plan Width": 4, "Sort Key": ["mc.movie_id"], "Plans": [{"Node Type": "Merge Join", "Parent Relationship": "Outer", "Join Type": "Inner", "Startup Cost": 3383.04, "Total Cost": 153733.74, "Plan Rows": 1282311, "Plan Width": 4, "Inner Unique": false, "Merge Cond": "(cn.id = mc.company_id)", "Plans": [{"Node Type": "Index Scan", "Parent Relationship": "Outer", "Scan Direction": "Forward", "Index Name": "company_name_pkey", "Relation Name": "company_name", "Alias": "cn", "Startup Cost": 0.0, "Total Cost": 10501.39, "Plan Rows": 85170, "Plan Width": 4, "Filter": "((country_code)::text = '[us]'::text)"}, {"Node Type": "Index Scan", "Parent Relationship": "Inner", "Scan Direction": "Forward", "Index Name": "company_id_movie_companies", "Relation Name": "movie_companies", "Alias": "mc", "Startup Cost": 0.0, "Total Cost": 123673.5, "Plan Rows": 2609128, "Plan Width": 8}]}]}, {"Node Type": "Sort", "Parent Relationship": "Inner", "Startup Cost": 528273.31, "Total Cost": 536514.11, "Plan Rows": 3296318, "Plan Width": 8, "Sort Key": ["ci.movie_id"], "Plans": [{"Node Type": "Nested Loop", "Parent Relationship": "Outer", "Join Type": "Inner", "Startup Cost": 0.0, "Total Cost": 171406.94, "Plan Rows": 3296318, "Plan Width": 8, "Inner Unique": false, "Plans": [{"Node Type": "Seq Scan", "Parent Relationship": "Outer", "Relation Name": "role_type", "Alias": "rt", "Startup Cost": 0.0, "Total Cost": 1.15, "Plan Rows": 1, "Plan Width": 4, "Filter": "((role)::text = 'costume designer'::text)"}, {"Node Type": "Index Scan", "Parent Relationship": "Inner", "Scan Direction": "Forward", "Index Name": "role_id_cast_info", "Relation Name": "cast_info", "Alias": "ci", "Startup Cost": 0.0, "Total Cost": 138442.61, "Plan Rows": 3296318, "Plan Width": 12, "Index Cond": "(role_id = rt.id), (LLVM Optimized)"}]}]}]}]}]}, {"Node Type": "Index Scan", "Parent Relationship": "Inner", "Scan Direction": "Forward", "Index Name": "title_pkey", "Relation Name": "title", "Alias": "t", "Startup Cost": 0.0, "Total Cost": 0.27, "Plan Rows": 1, "Plan Width": 21, "Index Cond": "(id = ci.movie_id)"}]}, {"Node Type": "Index Scan", "Parent Relationship": "Inner", "Scan Direction": "Forward", "Index Name": "name_pkey", "Relation Name": "name", "Alias": "n1", "Startup Cost": 0.0, "Total Cost": 0.28, "Plan Rows": 1, "Plan Width": 4, "Index Cond": "(id = ci.person_id)"}]}]}, "Unique SQL Id": 2457761703, "Planner Runtime": 40}, "explain_analyze_plan": {"Plan": {"Node Type": "Aggregate", "Strategy": "Plain", "Startup Cost": 1196640.37, "Total Cost": 1196640.38, "Plan Rows": 1, "Plan Width": 97, "Actual Startup Time": 7843.494, "Actual Total Time": 7843.494, "Actual Rows": 1, "Actual Loops": 1, "Plans": [{"Node Type": "Nested Loop", "Parent Relationship": "Outer", "Join Type": "Inner", "Startup Cost": 920804.93, "Total Cost": 1194854.88, "Plan Rows": 357098, "Plan Width": 33, "Actual Startup Time": 4563.29, "Actual Total Time": 7640.086, "Actual Rows": 323005, "Actual Loops": 1, "Inner Unique": true, "Join Filter": "(an1.person_id = n1.id), (LLVM Optimized, Jit Execute)", "Rows Removed by Join Filter": 0, "Plans": [{"Node Type": "Nested Loop", "Parent Relationship": "Outer", "Join Type": "Inner", "Startup Cost": 920804.93, "Total Cost": 1091336.23, "Plan Rows": 357098, "Plan Width": 41, "Actual Startup Time": 4563.275, "Actual Total Time": 6531.91, "Actual Rows": 323005, "Actual Loops": 1, "Inner Unique": true, "Plans": [{"Node Type": "Merge Join", "Parent Relationship": "Outer", "Join Type": "Inner", "Startup Cost": 920804.93, "Total Cost": 989533.89, "Plan Rows": 357379, "Plan Width": 32, "Actual Startup Time": 4563.237, "Actual Total Time": 5294.469, "Actual Rows": 323005, "Actual Loops": 1, "Inner Unique": false, "Merge Cond": "(an1.person_id = ci.person_id)", "Plans": [{"Node Type": "Index Scan", "Parent Relationship": "Outer", "Scan Direction": "Forward", "Index Name": "person_id_aka_name", "Relation Name": "aka_name", "Alias": "an1", "Startup Cost": 0.0, "Total Cost": 68965.03, "Plan Rows": 901342, "Plan Width": 20, "Actual Startup Time": 0.032, "Actual Total Time": 455.66, "Actual Rows": 688852, "Actual Loops": 1}, {"Node Type": "Sort", "Parent Relationship": "Inner", "Startup Cost": 920804.86, "Total Cost": 922582.4, "Plan Rows": 711018, "Plan Width": 12, "Actual Startup Time": 4563.137, "Actual Total Time": 4627.391, "Actual Rows": 445949, "Actual Loops": 1, "Sort Key": ["ci.person_id"], "Sort Method": "quicksort", "Sort Space Used": 39058, "Sort Space Type": "Memory", "Plans": [{"Node Type": "Merge Join", "Parent Relationship": "Outer", "Join Type": "Inner", "Startup Cost": 812099.84, "Total Cost": 851695.59, "Plan Rows": 711018, "Plan Width": 12, "Actual Startup Time": 4015.948, "Actual Total Time": 4476.011, "Actual Rows": 285537, "Actual Loops": 1, "Inner Unique": false, "Merge Cond": "(mc.movie_id = ci.movie_id)", "Plans": [{"Node Type": "Sort", "Parent Relationship": "Outer", "Startup Cost": 283826.21, "Total Cost": 287031.99, "Plan Rows": 1282311, "Plan Width": 4, "Actual Startup Time": 3738.305, "Actual Total Time": 3883.298, "Actual Rows": 1153797, "Actual Loops": 1, "Sort Key": ["mc.movie_id"], "Sort Method": "quicksort", "Sort Space Used": 121265, "Sort Space Type": "Memory", "Plans": [{"Node Type": "Merge Join", "Parent Relationship": "Outer", "Join Type": "Inner", "Startup Cost": 3383.04, "Total Cost": 153733.74, "Plan Rows": 1282311, "Plan Width": 4, "Actual Startup Time": 0.055, "Actual Total Time": 3307.627, "Actual Rows": 1153797, "Actual Loops": 1, "Inner Unique": false, "Merge Cond": "(cn.id = mc.company_id)", "Plans": [{"Node Type": "Index Scan", "Parent Relationship": "Outer", "Scan Direction": "Forward", "Index Name": "company_name_pkey", "Relation Name": "company_name", "Alias": "cn", "Startup Cost": 0.0, "Total Cost": 10501.39, "Plan Rows": 85170, "Plan Width": 4, "Actual Startup Time": 0.03, "Actual Total Time": 335.222, "Actual Rows": 84843, "Actual Loops": 1, "Filter": "((country_code)::text = '[us]'::text)", "Rows Removed by Filter": 150153}, {"Node Type": "Index Scan", "Parent Relationship": "Inner", "Scan Direction": "Forward", "Index Name": "company_id_movie_companies", "Relation Name": "movie_companies", "Alias": "mc", "Startup Cost": 0.0, "Total Cost": 123673.5, "Plan Rows": 2609128, "Plan Width": 8, "Actual Startup Time": 0.018, "Actual Total Time": 2412.353, "Actual Rows": 2609128, "Actual Loops": 1}]}]}, {"Node Type": "Sort", "Parent Relationship": "Inner", "Startup Cost": 528273.31, "Total Cost": 536514.11, "Plan Rows": 3296318, "Plan Width": 8, "Actual Startup Time": 277.625, "Actual Total Time": 327.038, "Actual Rows": 461759, "Actual Loops": 1, "Sort Key": ["ci.movie_id"], "Sort Method": "quicksort", "Sort Space Used": 29564, "Sort Space Type": "Memory", "Plans": [{"Node Type": "Nested Loop", "Parent Relationship": "Outer", "Join Type": "Inner", "Startup Cost": 0.0, "Total Cost": 171406.94, "Plan Rows": 3296318, "Plan Width": 8, "Actual Startup Time": 0.12, "Actual Total Time": 178.952, "Actual Rows": 276403, "Actual Loops": 1, "Inner Unique": false, "Plans": [{"Node Type": "Seq Scan", "Parent Relationship": "Outer", "Relation Name": "role_type", "Alias": "rt", "Startup Cost": 0.0, "Total Cost": 1.15, "Plan Rows": 1, "Plan Width": 4, "Actual Startup Time": 0.053, "Actual Total Time": 0.066, "Actual Rows": 1, "Actual Loops": 1, "Filter": "((role)::text = 'costume designer'::text)", "Rows Removed by Filter": 11}, {"Node Type": "Index Scan", "Parent Relationship": "Inner", "Scan Direction": "Forward", "Index Name": "role_id_cast_info", "Relation Name": "cast_info", "Alias": "ci", "Startup Cost": 0.0, "Total Cost": 138442.61, "Plan Rows": 3296318, "Plan Width": 12, "Actual Startup Time": 0.052, "Actual Total Time": 125.104, "Actual Rows": 276403, "Actual Loops": 1, "Index Cond": "(role_id = rt.id), (LLVM Optimized, Jit Execute)", "Rows Removed by Index Recheck": 0}]}]}]}]}]}, {"Node Type": "Index Scan", "Parent Relationship": "Inner", "Scan Direction": "Forward", "Index Name": "title_pkey", "Relation Name": "title", "Alias": "t", "Startup Cost": 0.0, "Total Cost": 0.27, "Plan Rows": 1, "Plan Width": 21, "Actual Startup Time": 990.119, "Actual Total Time": 990.119, "Actual Rows": 323005, "Actual Loops": 323005, "Index Cond": "(id = ci.movie_id)", "Rows Removed by Index Recheck": 0}]}, {"Node Type": "Index Scan", "Parent Relationship": "Inner", "Scan Direction": "Forward", "Index Name": "name_pkey", "Relation Name": "name", "Alias": "n1", "Startup Cost": 0.0, "Total Cost": 0.28, "Plan Rows": 1, "Plan Width": 4, "Actual Startup Time": 832.546, "Actual Total Time": 832.546, "Actual Rows": 323005, "Actual Loops": 323005, "Index Cond": "(id = ci.person_id)", "Rows Removed by Index Recheck": 0}]}]}, "Triggers": [], "Planner Runtime": 40.976, "Total Runtime": 7853.617, "Unique SQL Id": 2457761703}}, "(1, '93')": {"explain_plan": {"Plan": {"Node Type": "Aggregate", "Strategy": "Plain", "Startup Cost": 1196651.68, "Total Cost": 1196651.69, "Plan Rows": 1, "Plan Width": 97, "Plans": [{"Node Type": "Nested Loop", "Parent Relationship": "Outer", "Join Type": "Inner", "Startup Cost": 920816.24, "Total Cost": 1194866.19, "Plan Rows": 357098, "Plan Width": 33, "Inner Unique": true, "Join Filter": "(an1.person_id = n1.id), (LLVM Optimized)", "Plans": [{"Node Type": "Nested Loop", "Parent Relationship": "Outer", "Join Type": "Inner", "Startup Cost": 920816.24, "Total Cost": 1091347.54, "Plan Rows": 357098, "Plan Width": 41, "Inner Unique": true, "Plans": [{"Node Type": "Merge Join", "Parent Relationship": "Outer", "Join Type": "Inner", "Startup Cost": 920816.24, "Total Cost": 989545.2, "Plan Rows": 357379, "Plan Width": 32, "Inner Unique": false, "Merge Cond": "(ci.person_id = an1.person_id)", "Plans": [{"Node Type": "Sort", "Parent Relationship": "Outer", "Startup Cost": 920816.17, "Total Cost": 922593.71, "Plan Rows": 711018, "Plan Width": 12, "Sort Key": ["ci.person_id"], "Plans": [{"Node Type": "Merge Join", "Parent Relationship": "Outer", "Join Type": "Inner", "Startup Cost": 812111.15, "Total Cost": 851706.9, "Plan Rows": 711018, "Plan Width": 12, "Inner Unique": false, "Merge Cond": "(mc.movie_id = ci.movie_id)", "Plans": [{"Node Type": "Sort", "Parent Relationship": "Outer", "Startup Cost": 283826.21, "Total Cost": 287031.99, "Plan Rows": 1282311, "Plan Width": 4, "Sort Key": ["mc.movie_id"], "Plans": [{"Node Type": "Merge Join", "Parent Relationship": "Outer", "Join Type": "Inner", "Startup Cost": 3383.04, "Total Cost": 153733.74, "Plan Rows": 1282311, "Plan Width": 4, "Inner Unique": false, "Merge Cond": "(cn.id = mc.company_id)", "Plans": [{"Node Type": "Index Scan", "Parent Relationship": "Outer", "Scan Direction": "Forward", "Index Name": "company_name_pkey", "Relation Name": "company_name", "Alias": "cn", "Startup Cost": 0.0, "Total Cost": 10501.39, "Plan Rows": 85170, "Plan Width": 4, "Filter": "((country_code)::text = '[us]'::text)"}, {"Node Type": "Index Scan", "Parent Relationship": "Inner", "Scan Direction": "Forward", "Index Name": "company_id_movie_companies", "Relation Name": "movie_companies", "Alias": "mc", "Startup Cost": 0.0, "Total Cost": 123673.5, "Plan Rows": 2609128, "Plan Width": 8}]}]}, {"Node Type": "Sort", "Parent Relationship": "Inner", "Startup Cost": 528284.62, "Total Cost": 536525.42, "Plan Rows": 3296318, "Plan Width": 8, "Sort Key": ["ci.movie_id"], "Plans": [{"Node Type": "Nested Loop", "Parent Relationship": "Outer", "Join Type": "Inner", "Startup Cost": 0.0, "Total Cost": 171418.25, "Plan Rows": 3296318, "Plan Width": 8, "Inner Unique": false, "Plans": [{"Node Type": "Index Scan", "Parent Relationship": "Outer", "Scan Direction": "Forward", "Index Name": "role_type_pkey", "Relation Name": "role_type", "Alias": "rt", "Startup Cost": 0.0, "Total Cost": 12.46, "Plan Rows": 1, "Plan Width": 4, "Filter": "((role)::text = 'costume designer'::text)"}, {"Node Type": "Index Scan", "Parent Relationship": "Inner", "Scan Direction": "Forward", "Index Name": "role_id_cast_info", "Relation Name": "cast_info", "Alias": "ci", "Startup Cost": 0.0, "Total Cost": 138442.61, "Plan Rows": 3296318, "Plan Width": 12, "Index Cond": "(role_id = rt.id), (LLVM Optimized)"}]}]}]}]}, {"Node Type": "Index Scan", "Parent Relationship": "Inner", "Scan Direction": "Forward", "Index Name": "person_id_aka_name", "Relation Name": "aka_name", "Alias": "an1", "Startup Cost": 0.0, "Total Cost": 68965.03, "Plan Rows": 901342, "Plan Width": 20}]}, {"Node Type": "Index Scan", "Parent Relationship": "Inner", "Scan Direction": "Forward", "Index Name": "title_pkey", "Relation Name": "title", "Alias": "t", "Startup Cost": 0.0, "Total Cost": 0.27, "Plan Rows": 1, "Plan Width": 21, "Index Cond": "(id = ci.movie_id)"}]}, {"Node Type": "Index Scan", "Parent Relationship": "Inner", "Scan Direction": "Forward", "Index Name": "name_pkey", "Relation Name": "name", "Alias": "n1", "Startup Cost": 0.0, "Total Cost": 0.28, "Plan Rows": 1, "Plan Width": 4, "Index Cond": "(id = ci.person_id)"}]}]}, "Unique SQL Id": 2457761703, "Planner Runtime": 38}, "explain_analyze_plan": {"Plan": {"Node Type": "Aggregate", "Strategy": "Plain", "Startup Cost": 1196651.68, "Total Cost": 1196651.69, "Plan Rows": 1, "Plan Width": 97, "Actual Startup Time": 8150.772, "Actual Total Time": 8150.773, "Actual Rows": 1, "Actual Loops": 1, "Plans": [{"Node Type": "Nested Loop", "Parent Relationship": "Outer", "Join Type": "Inner", "Startup Cost": 920816.24, "Total Cost": 1194866.19, "Plan Rows": 357098, "Plan Width": 33, "Actual Startup Time": 4679.902, "Actual Total Time": 7937.936, "Actual Rows": 323005, "Actual Loops": 1, "Inner Unique": true, "Join Filter": "(an1.person_id = n1.id), (LLVM Optimized, Jit Execute)", "Rows Removed by Join Filter": 0, "Plans": [{"Node Type": "Nested Loop", "Parent Relationship": "Outer", "Join Type": "Inner", "Startup Cost": 920816.24, "Total Cost": 1091347.54, "Plan Rows": 357098, "Plan Width": 41, "Actual Startup Time": 4679.881, "Actual Total Time": 6844.47, "Actual Rows": 323005, "Actual Loops": 1, "Inner Unique": true, "Plans": [{"Node Type": "Merge Join", "Parent Relationship": "Outer", "Join Type": "Inner", "Startup Cost": 920816.24, "Total Cost": 989545.2, "Plan Rows": 357379, "Plan Width": 32, "Actual Startup Time": 4679.852, "Actual Total Time": 5632.534, "Actual Rows": 323005, "Actual Loops": 1, "Inner Unique": false, "Merge Cond": "(ci.person_id = an1.person_id)", "Plans": [{"Node Type": "Sort", "Parent Relationship": "Outer", "Startup Cost": 920816.17, "Total Cost": 922593.71, "Plan Rows": 711018, "Plan Width": 12, "Actual Startup Time": 4679.751, "Actual Total Time": 4729.339, "Actual Rows": 285537, "Actual Loops": 1, "Sort Key": ["ci.person_id"], "Sort Method": "quicksort", "Sort Space Used": 39058, "Sort Space Type": "Memory", "Plans": [{"Node Type": "Merge Join", "Parent Relationship": "Outer", "Join Type": "Inner", "Startup Cost": 812111.15, "Total Cost": 851706.9, "Plan Rows": 711018, "Plan Width": 12, "Actual Startup Time": 4125.839, "Actual Total Time": 4592.801, "Actual Rows": 285537, "Actual Loops": 1, "Inner Unique": false, "Merge Cond": "(mc.movie_id = ci.movie_id)", "Plans": [{"Node Type": "Sort", "Parent Relationship": "Outer", "Startup Cost": 283826.21, "Total Cost": 287031.99, "Plan Rows": 1282311, "Plan Width": 4, "Actual Startup Time": 3848.069, "Actual Total Time": 3999.455, "Actual Rows": 1153797, "Actual Loops": 1, "Sort Key": ["mc.movie_id"], "Sort Method": "quicksort", "Sort Space Used": 121265, "Sort Space Type": "Memory", "Plans": [{"Node Type": "Merge Join", "Parent Relationship": "Outer", "Join Type": "Inner", "Startup Cost": 3383.04, "Total Cost": 153733.74, "Plan Rows": 1282311, "Plan Width": 4, "Actual Startup Time": 0.072, "Actual Total Time": 3418.886, "Actual Rows": 1153797, "Actual Loops": 1, "Inner Unique": false, "Merge Cond": "(cn.id = mc.company_id)", "Plans": [{"Node Type": "Index Scan", "Parent Relationship": "Outer", "Scan Direction": "Forward", "Index Name": "company_name_pkey", "Relation Name": "company_name", "Alias": "cn", "Startup Cost": 0.0, "Total Cost": 10501.39, "Plan Rows": 85170, "Plan Width": 4, "Actual Startup Time": 0.043, "Actual Total Time": 335.876, "Actual Rows": 84843, "Actual Loops": 1, "Filter": "((country_code)::text = '[us]'::text)", "Rows Removed by Filter": 150153}, {"Node Type": "Index Scan", "Parent Relationship": "Inner", "Scan Direction": "Forward", "Index Name": "company_id_movie_companies", "Relation Name": "movie_companies", "Alias": "mc", "Startup Cost": 0.0, "Total Cost": 123673.5, "Plan Rows": 2609128, "Plan Width": 8, "Actual Startup Time": 0.019, "Actual Total Time": 2520.194, "Actual Rows": 2609128, "Actual Loops": 1}]}]}, {"Node Type": "Sort", "Parent Relationship": "Inner", "Startup Cost": 528284.62, "Total Cost": 536525.42, "Plan Rows": 3296318, "Plan Width": 8, "Actual Startup Time": 277.754, "Actual Total Time": 328.111, "Actual Rows": 461759, "Actual Loops": 1, "Sort Key": ["ci.movie_id"], "Sort Method": "quicksort", "Sort Space Used": 29564, "Sort Space Type": "Memory", "Plans": [{"Node Type": "Nested Loop", "Parent Relationship": "Outer", "Join Type": "Inner", "Startup Cost": 0.0, "Total Cost": 171418.25, "Plan Rows": 3296318, "Plan Width": 8, "Actual Startup Time": 0.12, "Actual Total Time": 178.617, "Actual Rows": 276403, "Actual Loops": 1, "Inner Unique": false, "Plans": [{"Node Type": "Index Scan", "Parent Relationship": "Outer", "Scan Direction": "Forward", "Index Name": "role_type_pkey", "Relation Name": "role_type", "Alias": "rt", "Startup Cost": 0.0, "Total Cost": 12.46, "Plan Rows": 1, "Plan Width": 4, "Actual Startup Time": 0.063, "Actual Total Time": 0.075, "Actual Rows": 1, "Actual Loops": 1, "Filter": "((role)::text = 'costume designer'::text)", "Rows Removed by Filter": 11}, {"Node Type": "Index Scan", "Parent Relationship": "Inner", "Scan Direction": "Forward", "Index Name": "role_id_cast_info", "Relation Name": "cast_info", "Alias": "ci", "Startup Cost": 0.0, "Total Cost": 138442.61, "Plan Rows": 3296318, "Plan Width": 12, "Actual Startup Time": 0.043, "Actual Total Time": 126.952, "Actual Rows": 276403, "Actual Loops": 1, "Index Cond": "(role_id = rt.id), (LLVM Optimized, Jit Execute)", "Rows Removed by Index Recheck": 0}]}]}]}]}, {"Node Type": "Index Scan", "Parent Relationship": "Inner", "Scan Direction": "Forward", "Index Name": "person_id_aka_name", "Relation Name": "aka_name", "Alias": "an1", "Startup Cost": 0.0, "Total Cost": 68965.03, "Plan Rows": 901342, "Plan Width": 20, "Actual Startup Time": 0.06, "Actual Total Time": 639.92, "Actual Rows": 1003872, "Actual Loops": 1}]}, {"Node Type": "Index Scan", "Parent Relationship": "Inner", "Scan Direction": "Forward", "Index Name": "title_pkey", "Relation Name": "title", "Alias": "t", "Startup Cost": 0.0, "Total Cost": 0.27, "Plan Rows": 1, "Plan Width": 21, "Actual Startup Time": 961.215, "Actual Total Time": 961.215, "Actual Rows": 323005, "Actual Loops": 323005, "Index Cond": "(id = ci.movie_id)", "Rows Removed by Index Recheck": 0}]}, {"Node Type": "Index Scan", "Parent Relationship": "Inner", "Scan Direction": "Forward", "Index Name": "name_pkey", "Relation Name": "name", "Alias": "n1", "Startup Cost": 0.0, "Total Cost": 0.28, "Plan Rows": 1, "Plan Width": 4, "Actual Startup Time": 827.233, "Actual Total Time": 827.233, "Actual Rows": 323005, "Actual Loops": 323005, "Index Cond": "(id = ci.person_id)", "Rows Removed by Index Recheck": 0}]}]}, "Triggers": [], "Planner Runtime": 38.962, "Total Runtime": 8160.57, "Unique SQL Id": 2457761703}}, "(1, '94')": {"explain_plan": {"Plan": {"Node Type": "Aggregate", "Strategy": "Plain", "Startup Cost": 7372077.37, "Total Cost": 7372077.38, "Plan Rows": 1, "Plan Width": 97, "Plans": [{"Node Type": "Merge Join", "Parent Relationship": "Outer", "Join Type": "Inner", "Startup Cost": 7334347.39, "Total Cost": 7370291.88, "Plan Rows": 357098, "Plan Width": 33, "Inner Unique": true, "Merge Cond": "(an1.person_id = n1.id)", "Plans": [{"Node Type": "Merge Join", "Parent Relationship": "Outer", "Join Type": "Inner", "Startup Cost": 6783044.04, "Total Cost": 6793688.06, "Plan Rows": 357098, "Plan Width": 41, "Inner Unique": false, "Merge Cond": "(ci.person_id = an1.person_id)", "Plans": [{"Node Type": "Sort", "Parent Relationship": "Outer", "Startup Cost": 6673985.1, "Total Cost": 6675761.24, "Plan Rows": 710459, "Plan Width": 21, "Sort Key": ["ci.person_id"], "Plans": [{"Node Type": "Merge Join", "Parent Relationship": "Outer", "Join Type": "Inner", "Startup Cost": 6543826.32, "Total Cost": 6604934.19, "Plan Rows": 710459, "Plan Width": 21, "Inner Unique": true, "Merge Cond": "(ci.movie_id = t.id)", "Plans": [{"Node Type": "Merge Join", "Parent Relationship": "Outer", "Join Type": "Inner", "Startup Cost": 6214874.3, "Total Cost": 6254470.05, "Plan Rows": 711018, "Plan Width": 12, "Inner Unique": false, "Merge Cond": "(mc.movie_id = ci.movie_id)", "Plans": [{"Node Type": "Sort", "Parent Relationship": "Outer", "Startup Cost": 489151.99, "Total Cost": 492357.77, "Plan Rows": 1282311, "Plan Width": 4, "Sort Key": ["mc.movie_id"], "Plans": [{"Node Type": "Merge Join", "Parent Relationship": "Outer", "Join Type": "Inner", "Startup Cost": 333103.9, "Total Cost": 359059.52, "Plan Rows": 1282311, "Plan Width": 4, "Inner Unique": false, "Merge Cond": "(cn.id = mc.company_id)", "Plans": [{"Node Type": "Sort", "Parent Relationship": "Outer", "Startup Cost": 12878.05, "Total Cost": 13090.97, "Plan Rows": 85170, "Plan Width": 4, "Sort Key": ["cn.id"], "Plans": [{"Node Type": "Seq Scan", "Parent Relationship": "Outer", "Relation Name": "company_name", "Alias": "cn", "Startup Cost": 0.0, "Total Cost": 5903.45, "Plan Rows": 85170, "Plan Width": 4, "Filter": "((country_code)::text = '[us]'::text)"}]}, {"Node Type": "Sort", "Parent Relationship": "Inner", "Startup Cost": 319886.87, "Total Cost": 326409.69, "Plan Rows": 2609128, "Plan Width": 8, "Sort Key": ["mc.company_id"], "Plans": [{"Node Type": "Seq Scan", "Parent Relationship": "Outer", "Relation Name": "movie_companies", "Alias": "mc", "Startup Cost": 0.0, "Total Cost": 41817.28, "Plan Rows": 2609128, "Plan Width": 8}]}]}]}, {"Node Type": "Sort", "Parent Relationship": "Inner", "Startup Cost": 5725721.99, "Total Cost": 5733962.79, "Plan Rows": 3296318, "Plan Width": 8, "Sort Key": ["ci.movie_id"], "Plans": [{"Node Type": "Merge Join", "Parent Relationship": "Outer", "Join Type": "Inner", "Startup Cost": 5154594.96, "Total Cost": 5368855.62, "Plan Rows": 3296318, "Plan Width": 8, "Inner Unique": false, "Merge Cond": "(rt.id = ci.role_id)", "Plans": [{"Node Type": "Sort", "Parent Relationship": "Outer", "Startup Cost": 1.16, "Total Cost": 1.16, "Plan Rows": 1, "Plan Width": 4, "Sort Key": ["rt.id"], "Plans": [{"Node Type": "Seq Scan", "Parent Relationship": "Outer", "Relation Name": "role_type", "Alias": "rt", "Startup Cost": 0.0, "Total Cost": 1.15, "Plan Rows": 1, "Plan Width": 4, "Filter": "((role)::text = 'costume designer'::text)"}]}, {"Node Type": "Sort", "Parent Relationship": "Inner", "Startup Cost": 5154593.8, "Total Cost": 5245242.54, "Plan Rows": 36259494, "Plan Width": 12, "Sort Key": ["ci.role_id"], "Plans": [{"Node Type": "Seq Scan", "Parent Relationship": "Outer", "Relation Name": "cast_info", "Alias": "ci", "Startup Cost": 0.0, "Total Cost": 601877.94, "Plan Rows": 36259494, "Plan Width": 12}]}]}]}]}, {"Node Type": "Sort", "Parent Relationship": "Inner", "Startup Cost": 328951.73, "Total Cost": 335272.51, "Plan Rows": 2528311, "Plan Width": 21, "Sort Key": ["t.id"], "Plans": [{"Node Type": "Seq Scan", "Parent Relationship": "Outer", "Relation Name": "title", "Alias": "t", "Startup Cost": 0.0, "Total Cost": 60069.11, "Plan Rows": 2528311, "Plan Width": 21}]}]}]}, {"Node Type": "Sort", "Parent Relationship": "Inner", "Startup Cost": 109058.87, "Total Cost": 111312.23, "Plan Rows": 901342, "Plan Width": 20, "Sort Key": ["an1.person_id"], "Plans": [{"Node Type": "Seq Scan", "Parent Relationship": "Outer", "Relation Name": "aka_name", "Alias": "an1", "Startup Cost": 0.0, "Total Cost": 19908.42, "Plan Rows": 901342, "Plan Width": 20}]}]}, {"Node Type": "Sort", "Parent Relationship": "Inner", "Startup Cost": 551303.0, "Total Cost": 561721.72, "Plan Rows": 4167490, "Plan Width": 4, "Sort Key": ["n1.id"], "Plans": [{"Node Type": "Seq Scan", "Parent Relationship": "Outer", "Relation Name": "name", "Alias": "n1", "Startup Cost": 0.0, "Total Cost": 93071.9, "Plan Rows": 4167490, "Plan Width": 4}]}]}]}, "Unique SQL Id": 2457761703, "Planner Runtime": 37}, "explain_analyze_plan": null}, "(1, '95')": {"explain_plan": {"Plan": {"Node Type": "Aggregate", "Strategy": "Plain", "Startup Cost": 6720857268518.5, "Total Cost": 6720857268518.51, "Plan Rows": 1, "Plan Width": 97, "Plans": [{"Node Type": "Merge Join", "Parent Relationship": "Outer", "Join Type": "Inner", "Startup Cost": 5019186702132.34, "Total Cost": 6720857266733.01, "Plan Rows": 357098, "Plan Width": 33, "Inner Unique": false, "Merge Cond": "(an1.person_id = ci.person_id)", "Plans": [{"Node Type": "Merge Join", "Parent Relationship": "Outer", "Join Type": "Inner", "Startup Cost": 20030754356.47, "Total Cost": 2000007674895.99, "Plan Rows": 901342, "Plan Width": 24, "Inner Unique": true, "Merge Cond": "(an1.person_id = n1.id)", "Plans": [{"Node Type": "Index Scan", "Parent Relationship": "Outer", "Scan Direction": "Forward", "Index Name": "person_id_aka_name", "Relation Name": "aka_name", "Alias": "an1", "Startup Cost": 10000000000.0, "Total Cost": 1000006896503.43, "Plan Rows": 901342, "Plan Width": 20}, {"Node Type": "Index Scan", "Parent Relationship": "Inner", "Scan Direction": "Forward", "Index Name": "name_pkey", "Relation Name": "name", "Alias": "n1", "Startup Cost": 10000000000.0, "Total Cost": 1000017623274.7, "Plan Rows": 4167490, "Plan Width": 4}]}, {"Node Type": "Sort", "Parent Relationship": "Inner", "Startup Cost": 4999155947775.81, "Total Cost": 4999155949551.95, "Plan Rows": 710459, "Plan Width": 21, "Sort Key": ["ci.person_id"], "Plans": [{"Node Type": "Merge Join", "Parent Relationship": "Outer", "Join Type": "Inner", "Startup Cost": 4010027802477.44, "Total Cost": 4999155878724.9, "Plan Rows": 710459, "Plan Width": 21, "Inner Unique": true, "Merge Cond": "(ci.movie_id = t.id)", "Plans": [{"Node Type": "Merge Join", "Parent Relationship": "Outer", "Join Type": "Inner", "Startup Cost": 4000027802477.15, "Total Cost": 4000027842072.9, "Plan Rows": 711018, "Plan Width": 12, "Inner Unique": false, "Merge Cond": "(mc.movie_id = ci.movie_id)", "Plans": [{"Node Type": "Sort", "Parent Relationship": "Outer", "Startup Cost": 2000013567140.28, "Total Cost": 2000013570346.05, "Plan Rows": 1282311, "Plan Width": 4, "Sort Key": ["mc.movie_id"], "Plans": [{"Node Type": "Merge Join", "Parent Relationship": "Outer", "Join Type": "Inner", "Startup Cost": 45724640147.62, "Total Cost": 2000013437047.81, "Plan Rows": 1282311, "Plan Width": 4, "Inner Unique": false, "Merge Cond": "(cn.id = mc.company_id)", "Plans": [{"Node Type": "Index Scan", "Parent Relationship": "Outer", "Scan Direction": "Forward", "Index Name": "company_name_pkey", "Relation Name": "company_name", "Alias": "cn", "Startup Cost": 10000000000.0, "Total Cost": 1000001050138.97, "Plan Rows": 85170, "Plan Width": 4, "Filter": "((country_code)::text = '[us]'::text)"}, {"Node Type": "Index Scan", "Parent Relationship": "Inner", "Scan Direction": "Forward", "Index Name": "company_id_movie_companies", "Relation Name": "movie_companies", "Alias": "mc", "Startup Cost": 10000000000.0, "Total Cost": 1000012367349.98, "Plan Rows": 2609128, "Plan Width": 8}]}]}, {"Node Type": "Sort", "Parent Relationship": "Inner", "Startup Cost": 2000014235336.55, "Total Cost": 2000014243577.35, "Plan Rows": 3296318, "Plan Width": 8, "Sort Key": ["ci.movie_id"], "Plans": [{"Node Type": "Nested Loop", "Parent Relationship": "Outer", "Join Type": "Inner", "Startup Cost": 20000000000.0, "Total Cost": 2000013878470.18, "Plan Rows": 3296318, "Plan Width": 8, "Inner Unique": false, "Plans": [{"Node Type": "Index Scan", "Parent Relationship": "Outer", "Scan Direction": "Forward", "Index Name": "role_type_pkey", "Relation Name": "role_type", "Alias": "rt", "Startup Cost": 10000000000.0, "Total Cost": 1000000001246.0, "Plan Rows": 1, "Plan Width": 4, "Filter": "((role)::text = 'costume designer'::text)"}, {"Node Type": "Index Scan", "Parent Relationship": "Inner", "Scan Direction": "Forward", "Index Name": "role_id_cast_info", "Relation Name": "cast_info", "Alias": "ci", "Startup Cost": 10000000000.0, "Total Cost": 1000013844261.0, "Plan Rows": 3296318, "Plan Width": 12, "Index Cond": "(role_id = rt.id), (LLVM Optimized)"}]}]}]}, {"Node Type": "Index Scan", "Parent Relationship": "Inner", "Scan Direction": "Forward", "Index Name": "title_pkey", "Relation Name": "title", "Alias": "t", "Startup Cost": 10000000000.0, "Total Cost": 1000011012048.91, "Plan Rows": 2528311, "Plan Width": 21}]}]}]}]}, "Unique SQL Id": 2457761703, "Planner Runtime": 107}, "explain_analyze_plan": {"Plan": {"Node Type": "Aggregate", "Strategy": "Plain", "Startup Cost": 6720857268518.5, "Total Cost": 6720857268518.51, "Plan Rows": 1, "Plan Width": 97, "Actual Startup Time": 12913.543, "Actual Total Time": 12913.543, "Actual Rows": 1, "Actual Loops": 1, "Plans": [{"Node Type": "Merge Join", "Parent Relationship": "Outer", "Join Type": "Inner", "Startup Cost": 5019186702132.34, "Total Cost": 6720857266733.01, "Plan Rows": 357098, "Plan Width": 33, "Actual Startup Time": 8296.299, "Actual Total Time": 12757.149, "Actual Rows": 323005, "Actual Loops": 1, "Inner Unique": false, "Merge Cond": "(an1.person_id = ci.person_id)", "Plans": [{"Node Type": "Merge Join", "Parent Relationship": "Outer", "Join Type": "Inner", "Startup Cost": 20030754356.47, "Total Cost": 2000007674895.99, "Plan Rows": 901342, "Plan Width": 24, "Actual Startup Time": 0.067, "Actual Total Time": 4220.33, "Actual Rows": 688852, "Actual Loops": 1, "Inner Unique": true, "Merge Cond": "(an1.person_id = n1.id)", "Plans": [{"Node Type": "Index Scan", "Parent Relationship": "Outer", "Scan Direction": "Forward", "Index Name": "person_id_aka_name", "Relation Name": "aka_name", "Alias": "an1", "Startup Cost": 10000000000.0, "Total Cost": 1000006896503.43, "Plan Rows": 901342, "Plan Width": 20, "Actual Startup Time": 0.032, "Actual Total Time": 530.224, "Actual Rows": 688852, "Actual Loops": 1}, {"Node Type": "Index Scan", "Parent Relationship": "Inner", "Scan Direction": "Forward", "Index Name": "name_pkey", "Relation Name": "name", "Alias": "n1", "Startup Cost": 10000000000.0, "Total Cost": 1000017623274.7, "Plan Rows": 4167490, "Plan Width": 4, "Actual Startup Time": 0.018, "Actual Total Time": 2848.486, "Actual Rows": 3441945, "Actual Loops": 1}]}, {"Node Type": "Sort", "Parent Relationship": "Inner", "Startup Cost": 4999155947775.81, "Total Cost": 4999155949551.95, "Plan Rows": 710459, "Plan Width": 21, "Actual Startup Time": 8295.913, "Actual Total Time": 8352.409, "Actual Rows": 445949, "Actual Loops": 1, "Sort Key": ["ci.person_id"], "Sort Method": "quicksort", "Sort Space Used": 39613, "Sort Space Type": "Memory", "Plans": [{"Node Type": "Merge Join", "Parent Relationship": "Outer", "Join Type": "Inner", "Startup Cost": 4010027802477.44, "Total Cost": 4999155878724.9, "Plan Rows": 710459, "Plan Width": 21, "Actual Startup Time": 4543.569, "Actual Total Time": 8195.249, "Actual Rows": 285537, "Actual Loops": 1, "Inner Unique": true, "Merge Cond": "(ci.movie_id = t.id)", "Plans": [{"Node Type": "Merge Join", "Parent Relationship": "Outer", "Join Type": "Inner", "Startup Cost": 4000027802477.15, "Total Cost": 4000027842072.9, "Plan Rows": 711018, "Plan Width": 12, "Actual Startup Time": 4543.517, "Actual Total Time": 5042.861, "Actual Rows": 285537, "Actual Loops": 1, "Inner Unique": false, "Merge Cond": "(mc.movie_id = ci.movie_id)", "Plans": [{"Node Type": "Sort", "Parent Relationship": "Outer", "Startup Cost": 2000013567140.28, "Total Cost": 2000013570346.05, "Plan Rows": 1282311, "Plan Width": 4, "Actual Startup Time": 4263.528, "Actual Total Time": 4440.401, "Actual Rows": 1153797, "Actual Loops": 1, "Sort Key": ["mc.movie_id"], "Sort Method": "quicksort", "Sort Space Used": 121265, "Sort Space Type": "Memory", "Plans": [{"Node Type": "Merge Join", "Parent Relationship": "Outer", "Join Type": "Inner", "Startup Cost": 45724640147.62, "Total Cost": 2000013437047.81, "Plan Rows": 1282311, "Plan Width": 4, "Actual Startup Time": 0.052, "Actual Total Time": 3825.287, "Actual Rows": 1153797, "Actual Loops": 1, "Inner Unique": false, "Merge Cond": "(cn.id = mc.company_id)", "Plans": [{"Node Type": "Index Scan", "Parent Relationship": "Outer", "Scan Direction": "Forward", "Index Name": "company_name_pkey", "Relation Name": "company_name", "Alias": "cn", "Startup Cost": 10000000000.0, "Total Cost": 1000001050138.97, "Plan Rows": 85170, "Plan Width": 4, "Actual Startup Time": 0.029, "Actual Total Time": 353.765, "Actual Rows": 84843, "Actual Loops": 1, "Filter": "((country_code)::text = '[us]'::text)", "Rows Removed by Filter": 150153}, {"Node Type": "Index Scan", "Parent Relationship": "Inner", "Scan Direction": "Forward", "Index Name": "company_id_movie_companies", "Relation Name": "movie_companies", "Alias": "mc", "Startup Cost": 10000000000.0, "Total Cost": 1000012367349.98, "Plan Rows": 2609128, "Plan Width": 8, "Actual Startup Time": 0.019, "Actual Total Time": 2917.623, "Actual Rows": 2609128, "Actual Loops": 1}]}]}, {"Node Type": "Sort", "Parent Relationship": "Inner", "Startup Cost": 2000014235336.55, "Total Cost": 2000014243577.35, "Plan Rows": 3296318, "Plan Width": 8, "Actual Startup Time": 279.972, "Actual Total Time": 336.394, "Actual Rows": 461759, "Actual Loops": 1, "Sort Key": ["ci.movie_id"], "Sort Method": "quicksort", "Sort Space Used": 29564, "Sort Space Type": "Memory", "Plans": [{"Node Type": "Nested Loop", "Parent Relationship": "Outer", "Join Type": "Inner", "Startup Cost": 20000000000.0, "Total Cost": 2000013878470.18, "Plan Rows": 3296318, "Plan Width": 8, "Actual Startup Time": 0.107, "Actual Total Time": 181.092, "Actual Rows": 276403, "Actual Loops": 1, "Inner Unique": false, "Plans": [{"Node Type": "Index Scan", "Parent Relationship": "Outer", "Scan Direction": "Forward", "Index Name": "role_type_pkey", "Relation Name": "role_type", "Alias": "rt", "Startup Cost": 10000000000.0, "Total Cost": 1000000001246.0, "Plan Rows": 1, "Plan Width": 4, "Actual Startup Time": 0.057, "Actual Total Time": 0.068, "Actual Rows": 1, "Actual Loops": 1, "Filter": "((role)::text = 'costume designer'::text)", "Rows Removed by Filter": 11}, {"Node Type": "Index Scan", "Parent Relationship": "Inner", "Scan Direction": "Forward", "Index Name": "role_id_cast_info", "Relation Name": "cast_info", "Alias": "ci", "Startup Cost": 10000000000.0, "Total Cost": 1000013844261.0, "Plan Rows": 3296318, "Plan Width": 12, "Actual Startup Time": 0.038, "Actual Total Time": 128.42, "Actual Rows": 276403, "Actual Loops": 1, "Index Cond": "(role_id = rt.id), (LLVM Optimized, Jit Execute)", "Rows Removed by Index Recheck": 0}]}]}]}, {"Node Type": "Index Scan", "Parent Relationship": "Inner", "Scan Direction": "Forward", "Index Name": "title_pkey", "Relation Name": "title", "Alias": "t", "Startup Cost": 10000000000.0, "Total Cost": 1000011012048.91, "Plan Rows": 2528311, "Plan Width": 21, "Actual Startup Time": 0.041, "Actual Total Time": 2690.444, "Actual Rows": 2525722, "Actual Loops": 1}]}]}]}]}, "Triggers": [], "Planner Runtime": 107.607, "Total Runtime": 12923.066, "Unique SQL Id": 2457761703}}, "(1, '96')": {"explain_plan": {"Plan": {"Node Type": "Aggregate", "Strategy": "Plain", "Startup Cost": 589695.38, "Total Cost": 589695.39, "Plan Rows": 1, "Plan Width": 97, "Plans": [{"Node Type": "Hash Join", "Parent Relationship": "Outer", "Join Type": "Inner", "Startup Cost": 561014.71, "Total Cost": 587909.89, "Plan Rows": 357098, "Plan Width": 33, "Inner Unique": false, "Hash Cond": "(an1.person_id = n1.id), (LLVM Optimized)", "Plans": [{"Node Type": "Seq Scan", "Parent Relationship": "Outer", "Relation Name": "aka_name", "Alias": "an1", "Startup Cost": 0.0, "Total Cost": 19908.42, "Plan Rows": 901342, "Plan Width": 20}, {"Node Type": "Hash", "Parent Relationship": "Inner", "Startup Cost": 552133.97, "Total Cost": 552133.97, "Plan Rows": 710459, "Plan Width": 25, "Plans": [{"Node Type": "Hash Join", "Parent Relationship": "Outer", "Join Type": "Inner", "Startup Cost": 341891.88, "Total Cost": 552133.97, "Plan Rows": 710459, "Plan Width": 25, "Inner Unique": true, "Hash Cond": "(ci.person_id = n1.id), (LLVM Optimized)", "Plans": [{"Node Type": "Hash Join", "Parent Relationship": "Outer", "Join Type": "Inner", "Startup Cost": 196726.36, "Total Cost": 397199.64, "Plan Rows": 710459, "Plan Width": 21, "Inner Unique": false, "Hash Cond": "(ci.movie_id = t.id), (LLVM Optimized)", "Plans": [{"Node Type": "Nested Loop", "Parent Relationship": "Outer", "Join Type": "Inner", "Startup Cost": 0.0, "Total Cost": 171406.94, "Plan Rows": 3296318, "Plan Width": 8, "Inner Unique": false, "Plans": [{"Node Type": "Seq Scan", "Parent Relationship": "Outer", "Relation Name": "role_type", "Alias": "rt", "Startup Cost": 0.0, "Total Cost": 1.15, "Plan Rows": 1, "Plan Width": 4, "Filter": "((role)::text = 'costume designer'::text)"}, {"Node Type": "Index Scan", "Parent Relationship": "Inner", "Scan Direction": "Forward", "Index Name": "role_id_cast_info", "Relation Name": "cast_info", "Alias": "ci", "Startup Cost": 0.0, "Total Cost": 138442.61, "Plan Rows": 3296318, "Plan Width": 12, "Index Cond": "(role_id = rt.id), (LLVM Optimized)"}]}, {"Node Type": "Hash", "Parent Relationship": "Inner", "Startup Cost": 180697.47, "Total Cost": 180697.47, "Plan Rows": 1282311, "Plan Width": 25, "Plans": [{"Node Type": "Hash Join", "Parent Relationship": "Outer", "Join Type": "Inner", "Startup Cost": 98641.07, "Total Cost": 180697.47, "Plan Rows": 1282311, "Plan Width": 25, "Inner Unique": true, "Hash Cond": "(mc.movie_id = t.id), (LLVM Optimized)", "Plans": [{"Node Type": "Hash Join", "Parent Relationship": "Outer", "Join Type": "Inner", "Startup Cost": 6968.08, "Total Cost": 71392.69, "Plan Rows": 1282311, "Plan Width": 4, "Inner Unique": true, "Hash Cond": "(mc.company_id = cn.id), (LLVM Optimized)", "Plans": [{"Node Type": "Seq Scan", "Parent Relationship": "Outer", "Relation Name": "movie_companies", "Alias": "mc", "Startup Cost": 0.0, "Total Cost": 41817.28, "Plan Rows": 2609128, "Plan Width": 8}, {"Node Type": "Hash", "Parent Relationship": "Inner", "Startup Cost": 5903.45, "Total Cost": 5903.45, "Plan Rows": 85170, "Plan Width": 4, "Plans": [{"Node Type": "Seq Scan", "Parent Relationship": "Outer", "Relation Name": "company_name", "Alias": "cn", "Startup Cost": 0.0, "Total Cost": 5903.45, "Plan Rows": 85170, "Plan Width": 4, "Filter": "((country_code)::text = '[us]'::text)"}]}]}, {"Node Type": "Hash", "Parent Relationship": "Inner", "Startup Cost": 60069.11, "Total Cost": 60069.11, "Plan Rows": 2528311, "Plan Width": 21, "Plans": [{"Node Type": "Seq Scan", "Parent Relationship": "Outer", "Relation Name": "title", "Alias": "t", "Startup Cost": 0.0, "Total Cost": 60069.11, "Plan Rows": 2528311, "Plan Width": 21}]}]}]}]}, {"Node Type": "Hash", "Parent Relationship": "Inner", "Startup Cost": 93071.9, "Total Cost": 93071.9, "Plan Rows": 4167490, "Plan Width": 4, "Plans": [{"Node Type": "Index Only Scan", "Parent Relationship": "Outer", "Scan Direction": "Forward", "Index Name": "name_pkey", "Relation Name": "name", "Alias": "n1", "Startup Cost": 0.0, "Total Cost": 93071.9, "Plan Rows": 4167490, "Plan Width": 4}]}]}]}]}]}, "Unique SQL Id": 2457761703, "Planner Runtime": 46}, "explain_analyze_plan": {"Plan": {"Node Type": "Aggregate", "Strategy": "Plain", "Startup Cost": 589695.38, "Total Cost": 589695.39, "Plan Rows": 1, "Plan Width": 97, "Actual Startup Time": 8564.844, "Actual Total Time": 8564.845, "Actual Rows": 1, "Actual Loops": 1, "Plans": [{"Node Type": "Hash Join", "Parent Relationship": "Outer", "Join Type": "Inner", "Startup Cost": 561014.71, "Total Cost": 587909.89, "Plan Rows": 357098, "Plan Width": 33, "Actual Startup Time": 7931.833, "Actual Total Time": 8421.386, "Actual Rows": 323005, "Actual Loops": 1, "Inner Unique": false, "Hash Cond": "(an1.person_id = n1.id), (LLVM Optimized, Jit Execute)", "Plans": [{"Node Type": "Seq Scan", "Parent Relationship": "Outer", "Relation Name": "aka_name", "Alias": "an1", "Startup Cost": 0.0, "Total Cost": 19908.42, "Plan Rows": 901342, "Plan Width": 20, "Actual Startup Time": 0.026, "Actual Total Time": 214.616, "Actual Rows": 901342, "Actual Loops": 1}, {"Node Type": "Hash", "Parent Relationship": "Inner", "Startup Cost": 552133.97, "Total Cost": 552133.97, "Plan Rows": 710459, "Plan Width": 25, "Actual Startup Time": 7922.263, "Actual Total Time": 7922.263, "Actual Rows": 285537, "Actual Loops": 1, "Hash Buckets": 1048576, "Hash Batches": 1, "Original Hash Batches": 1, "Peak Memory Usage": 15952, "Plans": [{"Node Type": "Hash Join", "Parent Relationship": "Outer", "Join Type": "Inner", "Startup Cost": 341891.88, "Total Cost": 552133.97, "Plan Rows": 710459, "Plan Width": 25, "Actual Startup Time": 7313.692, "Actual Total Time": 7835.153, "Actual Rows": 285537, "Actual Loops": 1, "Inner Unique": true, "Hash Cond": "(ci.person_id = n1.id), (LLVM Optimized, Jit Execute)", "Plans": [{"Node Type": "Hash Join", "Parent Relationship": "Outer", "Join Type": "Inner", "Startup Cost": 196726.36, "Total Cost": 397199.64, "Plan Rows": 710459, "Plan Width": 21, "Actual Startup Time": 4717.169, "Actual Total Time": 5125.561, "Actual Rows": 285537, "Actual Loops": 1, "Inner Unique": false, "Hash Cond": "(ci.movie_id = t.id), (LLVM Optimized, Jit Execute)", "Plans": [{"Node Type": "Nested Loop", "Parent Relationship": "Outer", "Join Type": "Inner", "Startup Cost": 0.0, "Total Cost": 171406.94, "Plan Rows": 3296318, "Plan Width": 8, "Actual Startup Time": 0.127, "Actual Total Time": 201.773, "Actual Rows": 276403, "Actual Loops": 1, "Inner Unique": false, "Plans": [{"Node Type": "Seq Scan", "Parent Relationship": "Outer", "Relation Name": "role_type", "Alias": "rt", "Startup Cost": 0.0, "Total Cost": 1.15, "Plan Rows": 1, "Plan Width": 4, "Actual Startup Time": 0.063, "Actual Total Time": 0.082, "Actual Rows": 1, "Actual Loops": 1, "Filter": "((role)::text = 'costume designer'::text)", "Rows Removed by Filter": 11}, {"Node Type": "Index Scan", "Parent Relationship": "Inner", "Scan Direction": "Forward", "Index Name": "role_id_cast_info", "Relation Name": "cast_info", "Alias": "ci", "Startup Cost": 0.0, "Total Cost": 138442.61, "Plan Rows": 3296318, "Plan Width": 12, "Actual Startup Time": 0.052, "Actual Total Time": 147.938, "Actual Rows": 276403, "Actual Loops": 1, "Index Cond": "(role_id = rt.id), (LLVM Optimized, Jit Execute)", "Rows Removed by Index Recheck": 0}]}, {"Node Type": "Hash", "Parent Relationship": "Inner", "Startup Cost": 180697.47, "Total Cost": 180697.47, "Plan Rows": 1282311, "Plan Width": 25, "Actual Startup Time": 4712.398, "Actual Total Time": 4712.398, "Actual Rows": 1153797, "Actual Loops": 1, "Hash Buckets": 2097152, "Hash Batches": 1, "Original Hash Batches": 1, "Peak Memory Usage": 68508, "Plans": [{"Node Type": "Hash Join", "Parent Relationship": "Outer", "Join Type": "Inner", "Startup Cost": 98641.07, "Total Cost": 180697.47, "Plan Rows": 1282311, "Plan Width": 25, "Actual Startup Time": 1935.548, "Actual Total Time": 4190.972, "Actual Rows": 1153797, "Actual Loops": 1, "Inner Unique": true, "Hash Cond": "(mc.movie_id = t.id), (LLVM Optimized, Jit Execute)", "Plans": [{"Node Type": "Hash Join", "Parent Relationship": "Outer", "Join Type": "Inner", "Startup Cost": 6968.08, "Total Cost": 71392.69, "Plan Rows": 1282311, "Plan Width": 4, "Actual Startup Time": 112.405, "Actual Total Time": 1587.27, "Actual Rows": 1153797, "Actual Loops": 1, "Inner Unique": true, "Hash Cond": "(mc.company_id = cn.id), (LLVM Optimized, Jit Execute)", "Plans": [{"Node Type": "Seq Scan", "Parent Relationship": "Outer", "Relation Name": "movie_companies", "Alias": "mc", "Startup Cost": 0.0, "Total Cost": 41817.28, "Plan Rows": 2609128, "Plan Width": 8, "Actual Startup Time": 0.024, "Actual Total Time": 622.888, "Actual Rows": 2609128, "Actual Loops": 1}, {"Node Type": "Hash", "Parent Relationship": "Inner", "Startup Cost": 5903.45, "Total Cost": 5903.45, "Plan Rows": 85170, "Plan Width": 4, "Actual Startup Time": 112.277, "Actual Total Time": 112.277, "Actual Rows": 84843, "Actual Loops": 1, "Hash Buckets": 131072, "Hash Batches": 1, "Original Hash Batches": 1, "Peak Memory Usage": 2983, "Plans": [{"Node Type": "Seq Scan", "Parent Relationship": "Outer", "Relation Name": "company_name", "Alias": "cn", "Startup Cost": 0.0, "Total Cost": 5903.45, "Plan Rows": 85170, "Plan Width": 4, "Actual Startup Time": 0.024, "Actual Total Time": 89.803, "Actual Rows": 84843, "Actual Loops": 1, "Filter": "((country_code)::text = '[us]'::text)", "Rows Removed by Filter": 150153}]}]}, {"Node Type": "Hash", "Parent Relationship": "Inner", "Startup Cost": 60069.11, "Total Cost": 60069.11, "Plan Rows": 2528311, "Plan Width": 21, "Actual Startup Time": 1820.712, "Actual Total Time": 1820.712, "Actual Rows": 2528311, "Actual Loops": 1, "Hash Buckets": 4194304, "Hash Batches": 1, "Original Hash Batches": 1, "Peak Memory Usage": 135869, "Plans": [{"Node Type": "Seq Scan", "Parent Relationship": "Outer", "Relation Name": "title", "Alias": "t", "Startup Cost": 0.0, "Total Cost": 60069.11, "Plan Rows": 2528311, "Plan Width": 21, "Actual Startup Time": 0.033, "Actual Total Time": 812.077, "Actual Rows": 2528311, "Actual Loops": 1}]}]}]}]}, {"Node Type": "Hash", "Parent Relationship": "Inner", "Startup Cost": 93071.9, "Total Cost": 93071.9, "Plan Rows": 4167490, "Plan Width": 4, "Actual Startup Time": 2594.015, "Actual Total Time": 2594.015, "Actual Rows": 4167490, "Actual Loops": 1, "Hash Buckets": 4194304, "Hash Batches": 1, "Original Hash Batches": 1, "Peak Memory Usage": 146514, "Plans": [{"Node Type": "Index Only Scan", "Parent Relationship": "Outer", "Scan Direction": "Forward", "Index Name": "name_pkey", "Relation Name": "name", "Alias": "n1", "Startup Cost": 0.0, "Total Cost": 93071.9, "Plan Rows": 4167490, "Plan Width": 4, "Actual Startup Time": 0.036, "Actual Total Time": 1049.181, "Actual Rows": 4167490, "Actual Loops": 1, "Heap Fetches": 0}]}]}]}]}]}, "Triggers": [], "Planner Runtime": 82.942, "Total Runtime": 8576.378, "Unique SQL Id": 2457761703}}, "(1, '97')": {"explain_plan": {"Plan": {"Node Type": "Aggregate", "Strategy": "Plain", "Startup Cost": 807029.54, "Total Cost": 807029.55, "Plan Rows": 1, "Plan Width": 97, "Plans": [{"Node Type": "Hash Join", "Parent Relationship": "Outer", "Join Type": "Inner", "Startup Cost": 729292.26, "Total Cost": 805244.05, "Plan Rows": 357098, "Plan Width": 33, "Inner Unique": false, "Hash Cond": "(an1.person_id = n1.id), (LLVM Optimized)", "Plans": [{"Node Type": "Index Scan", "Parent Relationship": "Outer", "Scan Direction": "Forward", "Index Name": "person_id_aka_name", "Relation Name": "aka_name", "Alias": "an1", "Startup Cost": 0.0, "Total Cost": 68965.03, "Plan Rows": 901342, "Plan Width": 20}, {"Node Type": "Hash", "Parent Relationship": "Inner", "Startup Cost": 720411.52, "Total Cost": 720411.52, "Plan Rows": 710459, "Plan Width": 25, "Plans": [{"Node Type": "Hash Join", "Parent Relationship": "Outer", "Join Type": "Inner", "Startup Cost": 510158.12, "Total Cost": 720411.52, "Plan Rows": 710459, "Plan Width": 25, "Inner Unique": true, "Hash Cond": "(ci.person_id = n1.id), (LLVM Optimized)", "Plans": [{"Node Type": "Hash Join", "Parent Relationship": "Outer", "Join Type": "Inner", "Startup Cost": 333231.89, "Total Cost": 533716.49, "Plan Rows": 710459, "Plan Width": 21, "Inner Unique": false, "Hash Cond": "(ci.movie_id = t.id), (LLVM Optimized)", "Plans": [{"Node Type": "Nested Loop", "Parent Relationship": "Outer", "Join Type": "Inner", "Startup Cost": 0.0, "Total Cost": 171418.25, "Plan Rows": 3296318, "Plan Width": 8, "Inner Unique": false, "Plans": [{"Node Type": "Index Scan", "Parent Relationship": "Outer", "Scan Direction": "Forward", "Index Name": "role_type_pkey", "Relation Name": "role_type", "Alias": "rt", "Startup Cost": 0.0, "Total Cost": 12.46, "Plan Rows": 1, "Plan Width": 4, "Filter": "((role)::text = 'costume designer'::text)"}, {"Node Type": "Index Scan", "Parent Relationship": "Inner", "Scan Direction": "Forward", "Index Name": "role_id_cast_info", "Relation Name": "cast_info", "Alias": "ci", "Startup Cost": 0.0, "Total Cost": 138442.61, "Plan Rows": 3296318, "Plan Width": 12, "Index Cond": "(role_id = rt.id), (LLVM Optimized)"}]}, {"Node Type": "Hash", "Parent Relationship": "Inner", "Startup Cost": 317203.01, "Total Cost": 317203.01, "Plan Rows": 1282311, "Plan Width": 25, "Plans": [{"Node Type": "Hash Join", "Parent Relationship": "Outer", "Join Type": "Inner", "Startup Cost": 153290.39, "Total Cost": 317203.01, "Plan Rows": 1282311, "Plan Width": 25, "Inner Unique": true, "Hash Cond": "(mc.movie_id = t.id), (LLVM Optimized)", "Plans": [{"Node Type": "Hash Join", "Parent Relationship": "Outer", "Join Type": "Inner", "Startup Cost": 11566.01, "Total Cost": 157846.85, "Plan Rows": 1282311, "Plan Width": 4, "Inner Unique": true, "Hash Cond": "(mc.company_id = cn.id), (LLVM Optimized)", "Plans": [{"Node Type": "Index Scan", "Parent Relationship": "Outer", "Scan Direction": "Forward", "Index Name": "company_id_movie_companies", "Relation Name": "movie_companies", "Alias": "mc", "Startup Cost": 0.0, "Total Cost": 123673.5, "Plan Rows": 2609128, "Plan Width": 8}, {"Node Type": "Hash", "Parent Relationship": "Inner", "Startup Cost": 10501.39, "Total Cost": 10501.39, "Plan Rows": 85170, "Plan Width": 4, "Plans": [{"Node Type": "Index Scan", "Parent Relationship": "Outer", "Scan Direction": "Forward", "Index Name": "company_name_pkey", "Relation Name": "company_name", "Alias": "cn", "Startup Cost": 0.0, "Total Cost": 10501.39, "Plan Rows": 85170, "Plan Width": 4, "Filter": "((country_code)::text = '[us]'::text)"}]}]}, {"Node Type": "Hash", "Parent Relationship": "Inner", "Startup Cost": 110120.49, "Total Cost": 110120.49, "Plan Rows": 2528311, "Plan Width": 21, "Plans": [{"Node Type": "Index Scan", "Parent Relationship": "Outer", "Scan Direction": "Forward", "Index Name": "title_pkey", "Relation Name": "title", "Alias": "t", "Startup Cost": 0.0, "Total Cost": 110120.49, "Plan Rows": 2528311, "Plan Width": 21}]}]}]}]}, {"Node Type": "Hash", "Parent Relationship": "Inner", "Startup Cost": 124832.6, "Total Cost": 124832.6, "Plan Rows": 4167490, "Plan Width": 4, "Plans": [{"Node Type": "Index Only Scan", "Parent Relationship": "Outer", "Scan Direction": "Forward", "Index Name": "name_pkey", "Relation Name": "name", "Alias": "n1", "Startup Cost": 0.0, "Total Cost": 124832.6, "Plan Rows": 4167490, "Plan Width": 4}]}]}]}]}]}, "Unique SQL Id": 2457761703, "Planner Runtime": 38}, "explain_analyze_plan": {"Plan": {"Node Type": "Aggregate", "Strategy": "Plain", "Startup Cost": 807029.54, "Total Cost": 807029.55, "Plan Rows": 1, "Plan Width": 97, "Actual Startup Time": 13858.107, "Actual Total Time": 13858.107, "Actual Rows": 1, "Actual Loops": 1, "Plans": [{"Node Type": "Hash Join", "Parent Relationship": "Outer", "Join Type": "Inner", "Startup Cost": 729292.26, "Total Cost": 805244.05, "Plan Rows": 357098, "Plan Width": 33, "Actual Startup Time": 12857.562, "Actual Total Time": 13711.931, "Actual Rows": 323005, "Actual Loops": 1, "Inner Unique": false, "Hash Cond": "(an1.person_id = n1.id), (LLVM Optimized, Jit Execute)", "Plans": [{"Node Type": "Index Scan", "Parent Relationship": "Outer", "Scan Direction": "Forward", "Index Name": "person_id_aka_name", "Relation Name": "aka_name", "Alias": "an1", "Startup Cost": 0.0, "Total Cost": 68965.03, "Plan Rows": 901342, "Plan Width": 20, "Actual Startup Time": 0.041, "Actual Total Time": 579.364, "Actual Rows": 901342, "Actual Loops": 1}, {"Node Type": "Hash", "Parent Relationship": "Inner", "Startup Cost": 720411.52, "Total Cost": 720411.52, "Plan Rows": 710459, "Plan Width": 25, "Actual Startup Time": 12851.586, "Actual Total Time": 12851.586, "Actual Rows": 285537, "Actual Loops": 1, "Hash Buckets": 1048576, "Hash Batches": 1, "Original Hash Batches": 1, "Peak Memory Usage": 15952, "Plans": [{"Node Type": "Hash Join", "Parent Relationship": "Outer", "Join Type": "Inner", "Startup Cost": 510158.12, "Total Cost": 720411.52, "Plan Rows": 710459, "Plan Width": 25, "Actual Startup Time": 12299.088, "Actual Total Time": 12766.19, "Actual Rows": 285537, "Actual Loops": 1, "Inner Unique": true, "Hash Cond": "(ci.person_id = n1.id), (LLVM Optimized, Jit Execute)", "Plans": [{"Node Type": "Hash Join", "Parent Relationship": "Outer", "Join Type": "Inner", "Startup Cost": 333231.89, "Total Cost": 533716.49, "Plan Rows": 710459, "Plan Width": 21, "Actual Startup Time": 9584.085, "Actual Total Time": 9933.029, "Actual Rows": 285537, "Actual Loops": 1, "Inner Unique": false, "Hash Cond": "(ci.movie_id = t.id), (LLVM Optimized, Jit Execute)", "Plans": [{"Node Type": "Nested Loop", "Parent Relationship": "Outer", "Join Type": "Inner", "Startup Cost": 0.0, "Total Cost": 171418.25, "Plan Rows": 3296318, "Plan Width": 8, "Actual Startup Time": 0.135, "Actual Total Time": 183.588, "Actual Rows": 276403, "Actual Loops": 1, "Inner Unique": false, "Plans": [{"Node Type": "Index Scan", "Parent Relationship": "Outer", "Scan Direction": "Forward", "Index Name": "role_type_pkey", "Relation Name": "role_type", "Alias": "rt", "Startup Cost": 0.0, "Total Cost": 12.46, "Plan Rows": 1, "Plan Width": 4, "Actual Startup Time": 0.063, "Actual Total Time": 0.075, "Actual Rows": 1, "Actual Loops": 1, "Filter": "((role)::text = 'costume designer'::text)", "Rows Removed by Filter": 11}, {"Node Type": "Index Scan", "Parent Relationship": "Inner", "Scan Direction": "Forward", "Index Name": "role_id_cast_info", "Relation Name": "cast_info", "Alias": "ci", "Startup Cost": 0.0, "Total Cost": 138442.61, "Plan Rows": 3296318, "Plan Width": 12, "Actual Startup Time": 0.057, "Actual Total Time": 130.041, "Actual Rows": 276403, "Actual Loops": 1, "Index Cond": "(role_id = rt.id), (LLVM Optimized, Jit Execute)", "Rows Removed by Index Recheck": 0}]}, {"Node Type": "Hash", "Parent Relationship": "Inner", "Startup Cost": 317203.01, "Total Cost": 317203.01, "Plan Rows": 1282311, "Plan Width": 25, "Actual Startup Time": 9577.573, "Actual Total Time": 9577.573, "Actual Rows": 1153797, "Actual Loops": 1, "Hash Buckets": 2097152, "Hash Batches": 1, "Original Hash Batches": 1, "Peak Memory Usage": 68508, "Plans": [{"Node Type": "Hash Join", "Parent Relationship": "Outer", "Join Type": "Inner", "Startup Cost": 153290.39, "Total Cost": 317203.01, "Plan Rows": 1282311, "Plan Width": 25, "Actual Startup Time": 4985.052, "Actual Total Time": 9091.356, "Actual Rows": 1153797, "Actual Loops": 1, "Inner Unique": true, "Hash Cond": "(mc.movie_id = t.id), (LLVM Optimized, Jit Execute)", "Plans": [{"Node Type": "Hash Join", "Parent Relationship": "Outer", "Join Type": "Inner", "Startup Cost": 11566.01, "Total Cost": 157846.85, "Plan Rows": 1282311, "Plan Width": 4, "Actual Startup Time": 351.019, "Actual Total Time": 3768.854, "Actual Rows": 1153797, "Actual Loops": 1, "Inner Unique": true, "Hash Cond": "(mc.company_id = cn.id), (LLVM Optimized, Jit Execute)", "Plans": [{"Node Type": "Index Scan", "Parent Relationship": "Outer", "Scan Direction": "Forward", "Index Name": "company_id_movie_companies", "Relation Name": "movie_companies", "Alias": "mc", "Startup Cost": 0.0, "Total Cost": 123673.5, "Plan Rows": 2609128, "Plan Width": 8, "Actual Startup Time": 0.046, "Actual Total Time": 2648.606, "Actual Rows": 2609128, "Actual Loops": 1}, {"Node Type": "Hash", "Parent Relationship": "Inner", "Startup Cost": 10501.39, "Total Cost": 10501.39, "Plan Rows": 85170, "Plan Width": 4, "Actual Startup Time": 350.797, "Actual Total Time": 350.797, "Actual Rows": 84843, "Actual Loops": 1, "Hash Buckets": 131072, "Hash Batches": 1, "Original Hash Batches": 1, "Peak Memory Usage": 2983, "Plans": [{"Node Type": "Index Scan", "Parent Relationship": "Outer", "Scan Direction": "Forward", "Index Name": "company_name_pkey", "Relation Name": "company_name", "Alias": "cn", "Startup Cost": 0.0, "Total Cost": 10501.39, "Plan Rows": 85170, "Plan Width": 4, "Actual Startup Time": 0.057, "Actual Total Time": 321.591, "Actual Rows": 84843, "Actual Loops": 1, "Filter": "((country_code)::text = '[us]'::text)", "Rows Removed by Filter": 150153}]}]}, {"Node Type": "Hash", "Parent Relationship": "Inner", "Startup Cost": 110120.49, "Total Cost": 110120.49, "Plan Rows": 2528311, "Plan Width": 21, "Actual Startup Time": 4629.304, "Actual Total Time": 4629.304, "Actual Rows": 2528311, "Actual Loops": 1, "Hash Buckets": 4194304, "Hash Batches": 1, "Original Hash Batches": 1, "Peak Memory Usage": 135869, "Plans": [{"Node Type": "Index Scan", "Parent Relationship": "Outer", "Scan Direction": "Forward", "Index Name": "title_pkey", "Relation Name": "title", "Alias": "t", "Startup Cost": 0.0, "Total Cost": 110120.49, "Plan Rows": 2528311, "Plan Width": 21, "Actual Startup Time": 0.058, "Actual Total Time": 3278.384, "Actual Rows": 2528311, "Actual Loops": 1}]}]}]}]}, {"Node Type": "Hash", "Parent Relationship": "Inner", "Startup Cost": 124832.6, "Total Cost": 124832.6, "Plan Rows": 4167490, "Plan Width": 4, "Actual Startup Time": 2712.136, "Actual Total Time": 2712.136, "Actual Rows": 4167490, "Actual Loops": 1, "Hash Buckets": 4194304, "Hash Batches": 1, "Original Hash Batches": 1, "Peak Memory Usage": 146514, "Plans": [{"Node Type": "Index Only Scan", "Parent Relationship": "Outer", "Scan Direction": "Forward", "Index Name": "name_pkey", "Relation Name": "name", "Alias": "n1", "Startup Cost": 0.0, "Total Cost": 124832.6, "Plan Rows": 4167490, "Plan Width": 4, "Actual Startup Time": 0.032, "Actual Total Time": 1098.365, "Actual Rows": 4167490, "Actual Loops": 1, "Heap Fetches": 0}]}]}]}]}]}, "Triggers": [], "Planner Runtime": 38.82, "Total Runtime": 13869.698, "Unique SQL Id": 2457761703}}, "(1, '98')": {"explain_plan": {"Plan": {"Node Type": "Aggregate", "Strategy": "Plain", "Startup Cost": 808403.05, "Total Cost": 808403.06, "Plan Rows": 1, "Plan Width": 97, "Plans": [{"Node Type": "Hash Join", "Parent Relationship": "Outer", "Join Type": "Inner", "Startup Cost": 779365.79, "Total Cost": 806617.56, "Plan Rows": 357098, "Plan Width": 33, "Inner Unique": false, "Hash Cond": "(an1.person_id = n1.id), (LLVM Optimized)", "Plans": [{"Node Type": "Seq Scan", "Parent Relationship": "Outer", "Relation Name": "aka_name", "Alias": "an1", "Startup Cost": 0.0, "Total Cost": 19908.42, "Plan Rows": 901342, "Plan Width": 20}, {"Node Type": "Hash", "Parent Relationship": "Inner", "Startup Cost": 770485.05, "Total Cost": 770485.05, "Plan Rows": 710459, "Plan Width": 25, "Plans": [{"Node Type": "Hash Join", "Parent Relationship": "Outer", "Join Type": "Inner", "Startup Cost": 418198.6, "Total Cost": 770485.05, "Plan Rows": 710459, "Plan Width": 25, "Inner Unique": true, "Hash Cond": "(ci.person_id = n1.id), (LLVM Optimized)", "Plans": [{"Node Type": "Hash Join", "Parent Relationship": "Outer", "Join Type": "Inner", "Startup Cost": 273033.07, "Total Cost": 615550.72, "Plan Rows": 710459, "Plan Width": 21, "Inner Unique": false, "Hash Cond": "(ci.movie_id = t.id), (LLVM Optimized)", "Plans": [{"Node Type": "Nested Loop", "Parent Relationship": "Outer", "Join Type": "Inner", "Startup Cost": 76306.71, "Total Cost": 389758.02, "Plan Rows": 3296318, "Plan Width": 8, "Inner Unique": false, "Plans": [{"Node Type": "Seq Scan", "Parent Relationship": "Outer", "Relation Name": "role_type", "Alias": "rt", "Startup Cost": 0.0, "Total Cost": 1.15, "Plan Rows": 1, "Plan Width": 4, "Filter": "((role)::text = 'costume designer'::text)"}, {"Node Type": "Bitmap Heap Scan", "Parent Relationship": "Inner", "Relation Name": "cast_info", "Alias": "ci", "Startup Cost": 76306.71, "Total Cost": 356793.69, "Plan Rows": 3296318, "Plan Width": 12, "Recheck Cond": "(role_id = rt.id), (LLVM Optimized)", "Plans": [{"Node Type": "Bitmap Index Scan", "Parent Relationship": "Outer", "Index Name": "role_id_cast_info", "Startup Cost": 0.0, "Total Cost": 75482.63, "Plan Rows": 3296318, "Plan Width": 0, "Index Cond": "(role_id = rt.id)"}]}]}, {"Node Type": "Hash", "Parent Relationship": "Inner", "Startup Cost": 180697.47, "Total Cost": 180697.47, "Plan Rows": 1282311, "Plan Width": 25, "Plans": [{"Node Type": "Hash Join", "Parent Relationship": "Outer", "Join Type": "Inner", "Startup Cost": 98641.07, "Total Cost": 180697.47, "Plan Rows": 1282311, "Plan Width": 25, "Inner Unique": true, "Hash Cond": "(mc.movie_id = t.id), (LLVM Optimized)", "Plans": [{"Node Type": "Hash Join", "Parent Relationship": "Outer", "Join Type": "Inner", "Startup Cost": 6968.08, "Total Cost": 71392.69, "Plan Rows": 1282311, "Plan Width": 4, "Inner Unique": true, "Hash Cond": "(mc.company_id = cn.id), (LLVM Optimized)", "Plans": [{"Node Type": "Seq Scan", "Parent Relationship": "Outer", "Relation Name": "movie_companies", "Alias": "mc", "Startup Cost": 0.0, "Total Cost": 41817.28, "Plan Rows": 2609128, "Plan Width": 8}, {"Node Type": "Hash", "Parent Relationship": "Inner", "Startup Cost": 5903.45, "Total Cost": 5903.45, "Plan Rows": 85170, "Plan Width": 4, "Plans": [{"Node Type": "Seq Scan", "Parent Relationship": "Outer", "Relation Name": "company_name", "Alias": "cn", "Startup Cost": 0.0, "Total Cost": 5903.45, "Plan Rows": 85170, "Plan Width": 4, "Filter": "((country_code)::text = '[us]'::text)"}]}]}, {"Node Type": "Hash", "Parent Relationship": "Inner", "Startup Cost": 60069.11, "Total Cost": 60069.11, "Plan Rows": 2528311, "Plan Width": 21, "Plans": [{"Node Type": "Seq Scan", "Parent Relationship": "Outer", "Relation Name": "title", "Alias": "t", "Startup Cost": 0.0, "Total Cost": 60069.11, "Plan Rows": 2528311, "Plan Width": 21}]}]}]}]}, {"Node Type": "Hash", "Parent Relationship": "Inner", "Startup Cost": 93071.9, "Total Cost": 93071.9, "Plan Rows": 4167490, "Plan Width": 4, "Plans": [{"Node Type": "Seq Scan", "Parent Relationship": "Outer", "Relation Name": "name", "Alias": "n1", "Startup Cost": 0.0, "Total Cost": 93071.9, "Plan Rows": 4167490, "Plan Width": 4}]}]}]}]}]}, "Unique SQL Id": 2457761703, "Planner Runtime": 35}, "explain_analyze_plan": {"Plan": {"Node Type": "Aggregate", "Strategy": "Plain", "Startup Cost": 808403.05, "Total Cost": 808403.06, "Plan Rows": 1, "Plan Width": 97, "Actual Startup Time": 8171.997, "Actual Total Time": 8171.997, "Actual Rows": 1, "Actual Loops": 1, "Plans": [{"Node Type": "Hash Join", "Parent Relationship": "Outer", "Join Type": "Inner", "Startup Cost": 779365.79, "Total Cost": 806617.56, "Plan Rows": 357098, "Plan Width": 33, "Actual Startup Time": 7462.893, "Actual Total Time": 8027.597, "Actual Rows": 323005, "Actual Loops": 1, "Inner Unique": false, "Hash Cond": "(an1.person_id = n1.id), (LLVM Optimized, Jit Execute)", "Plans": [{"Node Type": "Seq Scan", "Parent Relationship": "Outer", "Relation Name": "aka_name", "Alias": "an1", "Startup Cost": 0.0, "Total Cost": 19908.42, "Plan Rows": 901342, "Plan Width": 20, "Actual Startup Time": 0.026, "Actual Total Time": 239.447, "Actual Rows": 901342, "Actual Loops": 1}, {"Node Type": "Hash", "Parent Relationship": "Inner", "Startup Cost": 770485.05, "Total Cost": 770485.05, "Plan Rows": 710459, "Plan Width": 25, "Actual Startup Time": 7456.772, "Actual Total Time": 7456.772, "Actual Rows": 285537, "Actual Loops": 1, "Hash Buckets": 1048576, "Hash Batches": 1, "Original Hash Batches": 1, "Peak Memory Usage": 15952, "Plans": [{"Node Type": "Hash Join", "Parent Relationship": "Outer", "Join Type": "Inner", "Startup Cost": 418198.6, "Total Cost": 770485.05, "Plan Rows": 710459, "Plan Width": 25, "Actual Startup Time": 6945.956, "Actual Total Time": 7372.655, "Actual Rows": 285537, "Actual Loops": 1, "Inner Unique": true, "Hash Cond": "(ci.person_id = n1.id), (LLVM Optimized, Jit Execute)", "Plans": [{"Node Type": "Hash Join", "Parent Relationship": "Outer", "Join Type": "Inner", "Startup Cost": 273033.07, "Total Cost": 615550.72, "Plan Rows": 710459, "Plan Width": 21, "Actual Startup Time": 4322.349, "Actual Total Time": 4632.043, "Actual Rows": 285537, "Actual Loops": 1, "Inner Unique": false, "Hash Cond": "(ci.movie_id = t.id), (LLVM Optimized, Jit Execute)", "Plans": [{"Node Type": "Nested Loop", "Parent Relationship": "Outer", "Join Type": "Inner", "Startup Cost": 76306.71, "Total Cost": 389758.02, "Plan Rows": 3296318, "Plan Width": 8, "Actual Startup Time": 33.816, "Actual Total Time": 169.659, "Actual Rows": 276403, "Actual Loops": 1, "Inner Unique": false, "Plans": [{"Node Type": "Seq Scan", "Parent Relationship": "Outer", "Relation Name": "role_type", "Alias": "rt", "Startup Cost": 0.0, "Total Cost": 1.15, "Plan Rows": 1, "Plan Width": 4, "Actual Startup Time": 0.047, "Actual Total Time": 0.061, "Actual Rows": 1, "Actual Loops": 1, "Filter": "((role)::text = 'costume designer'::text)", "Rows Removed by Filter": 11}, {"Node Type": "Bitmap Heap Scan", "Parent Relationship": "Inner", "Relation Name": "cast_info", "Alias": "ci", "Startup Cost": 76306.71, "Total Cost": 356793.69, "Plan Rows": 3296318, "Plan Width": 12, "Actual Startup Time": 33.745, "Actual Total Time": 119.892, "Actual Rows": 276403, "Actual Loops": 1, "Recheck Cond": "(role_id = rt.id), (LLVM Optimized, Jit Execute)", "Rows Removed by Index Recheck": 0, "Exact Heap Blocks": 1654, "Lossy Heap Blocks": 1654, "Plans": [{"Node Type": "Bitmap Index Scan", "Parent Relationship": "Outer", "Index Name": "role_id_cast_info", "Startup Cost": 0.0, "Total Cost": 75482.63, "Plan Rows": 3296318, "Plan Width": 0, "Actual Startup Time": 33.447, "Actual Total Time": 33.447, "Actual Rows": 276403, "Actual Loops": 1, "Index Cond": "(role_id = rt.id)"}]}]}, {"Node Type": "Hash", "Parent Relationship": "Inner", "Startup Cost": 180697.47, "Total Cost": 180697.47, "Plan Rows": 1282311, "Plan Width": 25, "Actual Startup Time": 4283.714, "Actual Total Time": 4283.714, "Actual Rows": 1153797, "Actual Loops": 1, "Hash Buckets": 2097152, "Hash Batches": 1, "Original Hash Batches": 1, "Peak Memory Usage": 68508, "Plans": [{"Node Type": "Hash Join", "Parent Relationship": "Outer", "Join Type": "Inner", "Startup Cost": 98641.07, "Total Cost": 180697.47, "Plan Rows": 1282311, "Plan Width": 25, "Actual Startup Time": 1838.488, "Actual Total Time": 3873.861, "Actual Rows": 1153797, "Actual Loops": 1, "Inner Unique": true, "Hash Cond": "(mc.movie_id = t.id), (LLVM Optimized, Jit Execute)", "Plans": [{"Node Type": "Hash Join", "Parent Relationship": "Outer", "Join Type": "Inner", "Startup Cost": 6968.08, "Total Cost": 71392.69, "Plan Rows": 1282311, "Plan Width": 4, "Actual Startup Time": 112.48, "Actual Total Time": 1529.082, "Actual Rows": 1153797, "Actual Loops": 1, "Inner Unique": true, "Hash Cond": "(mc.company_id = cn.id), (LLVM Optimized, Jit Execute)", "Plans": [{"Node Type": "Seq Scan", "Parent Relationship": "Outer", "Relation Name": "movie_companies", "Alias": "mc", "Startup Cost": 0.0, "Total Cost": 41817.28, "Plan Rows": 2609128, "Plan Width": 8, "Actual Startup Time": 0.035, "Actual Total Time": 596.686, "Actual Rows": 2609128, "Actual Loops": 1}, {"Node Type": "Hash", "Parent Relationship": "Inner", "Startup Cost": 5903.45, "Total Cost": 5903.45, "Plan Rows": 85170, "Plan Width": 4, "Actual Startup Time": 112.344, "Actual Total Time": 112.344, "Actual Rows": 84843, "Actual Loops": 1, "Hash Buckets": 131072, "Hash Batches": 1, "Original Hash Batches": 1, "Peak Memory Usage": 2983, "Plans": [{"Node Type": "Seq Scan", "Parent Relationship": "Outer", "Relation Name": "company_name", "Alias": "cn", "Startup Cost": 0.0, "Total Cost": 5903.45, "Plan Rows": 85170, "Plan Width": 4, "Actual Startup Time": 0.039, "Actual Total Time": 89.949, "Actual Rows": 84843, "Actual Loops": 1, "Filter": "((country_code)::text = '[us]'::text)", "Rows Removed by Filter": 150153}]}]}, {"Node Type": "Hash", "Parent Relationship": "Inner", "Startup Cost": 60069.11, "Total Cost": 60069.11, "Plan Rows": 2528311, "Plan Width": 21, "Actual Startup Time": 1723.593, "Actual Total Time": 1723.593, "Actual Rows": 2528311, "Actual Loops": 1, "Hash Buckets": 4194304, "Hash Batches": 1, "Original Hash Batches": 1, "Peak Memory Usage": 135869, "Plans": [{"Node Type": "Seq Scan", "Parent Relationship": "Outer", "Relation Name": "title", "Alias": "t", "Startup Cost": 0.0, "Total Cost": 60069.11, "Plan Rows": 2528311, "Plan Width": 21, "Actual Startup Time": 0.031, "Actual Total Time": 804.27, "Actual Rows": 2528311, "Actual Loops": 1}]}]}]}]}, {"Node Type": "Hash", "Parent Relationship": "Inner", "Startup Cost": 93071.9, "Total Cost": 93071.9, "Plan Rows": 4167490, "Plan Width": 4, "Actual Startup Time": 2621.122, "Actual Total Time": 2621.122, "Actual Rows": 4167490, "Actual Loops": 1, "Hash Buckets": 4194304, "Hash Batches": 1, "Original Hash Batches": 1, "Peak Memory Usage": 146514, "Plans": [{"Node Type": "Seq Scan", "Parent Relationship": "Outer", "Relation Name": "name", "Alias": "n1", "Startup Cost": 0.0, "Total Cost": 93071.9, "Plan Rows": 4167490, "Plan Width": 4, "Actual Startup Time": 0.026, "Actual Total Time": 1255.583, "Actual Rows": 4167490, "Actual Loops": 1}]}]}]}]}]}, "Triggers": [], "Planner Runtime": 58.673, "Total Runtime": 8183.631, "Unique SQL Id": 2457761703}}, "(1, '99')": {"explain_plan": {"Plan": {"Node Type": "Aggregate", "Strategy": "Plain", "Startup Cost": 1000069787565.86, "Total Cost": 1000069787565.87, "Plan Rows": 1, "Plan Width": 97, "Plans": [{"Node Type": "Nested Loop", "Parent Relationship": "Outer", "Join Type": "Inner", "Startup Cost": 10000000001.8, "Total Cost": 1000069785780.37, "Plan Rows": 357098, "Plan Width": 33, "Inner Unique": true, "Plans": [{"Node Type": "Nested Loop", "Parent Relationship": "Outer", "Join Type": "Inner", "Startup Cost": 10000000001.54, "Total Cost": 1000068255744.11, "Plan Rows": 357379, "Plan Width": 24, "Inner Unique": true, "Join Filter": "(an1.person_id = n1.id), (LLVM Optimized)", "Plans": [{"Node Type": "Nested Loop", "Parent Relationship": "Outer", "Join Type": "Inner", "Startup Cost": 10000000001.28, "Total Cost": 1000066724564.96, "Plan Rows": 357379, "Plan Width": 32, "Inner Unique": false, "Plans": [{"Node Type": "Nested Loop", "Parent Relationship": "Outer", "Join Type": "Inner", "Startup Cost": 10000000001.03, "Total Cost": 1000063680996.82, "Plan Rows": 711018, "Plan Width": 12, "Inner Unique": true, "Plans": [{"Node Type": "Nested Loop", "Parent Relationship": "Outer", "Join Type": "Inner", "Startup Cost": 10000000000.77, "Total Cost": 1000030184746.51, "Plan Rows": 7821201, "Plan Width": 16, "Inner Unique": false, "Plans": [{"Node Type": "Nested Loop", "Parent Relationship": "Outer", "Join Type": "Inner", "Startup Cost": 10000000000.26, "Total Cost": 1000024227793.07, "Plan Rows": 1282311, "Plan Width": 4, "Inner Unique": true, "Plans": [{"Node Type": "Index Scan", "Parent Relationship": "Outer", "Scan Direction": "Forward", "Index Name": "movie_id_movie_companies", "Relation Name": "movie_companies", "Alias": "mc", "Startup Cost": 10000000000.0, "Total Cost": 1000013051946.13, "Plan Rows": 2609128, "Plan Width": 8}, {"Node Type": "Bitmap Heap Scan", "Parent Relationship": "Inner", "Relation Name": "company_name", "Alias": "cn", "Startup Cost": 0.26, "Total Cost": 4.27, "Plan Rows": 1, "Plan Width": 4, "Recheck Cond": "(id = mc.company_id)", "Filter": "((country_code)::text = '[us]'::text)", "Plans": [{"Node Type": "Bitmap Index Scan", "Parent Relationship": "Outer", "Index Name": "company_name_pkey", "Startup Cost": 0.0, "Total Cost": 0.26, "Plan Rows": 1, "Plan Width": 0, "Index Cond": "(id = mc.company_id)"}]}]}, {"Node Type": "Bitmap Heap Scan", "Parent Relationship": "Inner", "Relation Name": "cast_info", "Alias": "ci", "Startup Cost": 0.51, "Total Cost": 4.59, "Plan Rows": 6, "Plan Width": 12, "Recheck Cond": "(movie_id = mc.movie_id)", "Plans": [{"Node Type": "Bitmap Index Scan", "Parent Relationship": "Outer", "Index Name": "movie_id_cast_info", "Startup Cost": 0.0, "Total Cost": 0.51, "Plan Rows": 6, "Plan Width": 0, "Index Cond": "(movie_id = mc.movie_id)"}]}]}, {"Node Type": "Bitmap Heap Scan", "Parent Relationship": "Inner", "Relation Name": "role_type", "Alias": "rt", "Startup Cost": 0.26, "Total Cost": 4.27, "Plan Rows": 1, "Plan Width": 4, "Recheck Cond": "(id = ci.role_id)", "Filter": "((role)::text = 'costume designer'::text)", "Plans": [{"Node Type": "Bitmap Index Scan", "Parent Relationship": "Outer", "Index Name": "role_type_pkey", "Startup Cost": 0.0, "Total Cost": 0.26, "Plan Rows": 1, "Plan Width": 0, "Index Cond": "(id = ci.role_id)"}]}]}, {"Node Type": "Bitmap Heap Scan", "Parent Relationship": "Inner", "Relation Name": "aka_name", "Alias": "an1", "Startup Cost": 0.26, "Total Cost": 4.27, "Plan Rows": 1, "Plan Width": 20, "Recheck Cond": "(person_id = ci.person_id)", "Plans": [{"Node Type": "Bitmap Index Scan", "Parent Relationship": "Outer", "Index Name": "person_id_aka_name", "Startup Cost": 0.0, "Total Cost": 0.26, "Plan Rows": 1, "Plan Width": 0, "Index Cond": "(person_id = ci.person_id)"}]}]}, {"Node Type": "Bitmap Heap Scan", "Parent Relationship": "Inner", "Relation Name": "name", "Alias": "n1", "Startup Cost": 0.26, "Total Cost": 4.27, "Plan Rows": 1, "Plan Width": 4, "Recheck Cond": "(id = ci.person_id)", "Plans": [{"Node Type": "Bitmap Index Scan", "Parent Relationship": "Outer", "Index Name": "name_pkey", "Startup Cost": 0.0, "Total Cost": 0.26, "Plan Rows": 1, "Plan Width": 0, "Index Cond": "(id = ci.person_id)"}]}]}, {"Node Type": "Bitmap Heap Scan", "Parent Relationship": "Inner", "Relation Name": "title", "Alias": "t", "Startup Cost": 0.26, "Total Cost": 4.27, "Plan Rows": 1, "Plan Width": 21, "Recheck Cond": "(id = ci.movie_id)", "Plans": [{"Node Type": "Bitmap Index Scan", "Parent Relationship": "Outer", "Index Name": "title_pkey", "Startup Cost": 0.0, "Total Cost": 0.26, "Plan Rows": 1, "Plan Width": 0, "Index Cond": "(id = ci.movie_id)"}]}]}]}, "Unique SQL Id": 2457761703, "Planner Runtime": 3}, "explain_analyze_plan": null}, "(1, '100')": {"explain_plan": {"Plan": {"Node Type": "Aggregate", "Strategy": "Plain", "Startup Cost": 589695.38, "Total Cost": 589695.39, "Plan Rows": 1, "Plan Width": 97, "Plans": [{"Node Type": "Hash Join", "Parent Relationship": "Outer", "Join Type": "Inner", "Startup Cost": 561014.71, "Total Cost": 587909.89, "Plan Rows": 357098, "Plan Width": 33, "Inner Unique": false, "Hash Cond": "(an1.person_id = n1.id), (LLVM Optimized)", "Plans": [{"Node Type": "Seq Scan", "Parent Relationship": "Outer", "Relation Name": "aka_name", "Alias": "an1", "Startup Cost": 0.0, "Total Cost": 19908.42, "Plan Rows": 901342, "Plan Width": 20}, {"Node Type": "Hash", "Parent Relationship": "Inner", "Startup Cost": 552133.97, "Total Cost": 552133.97, "Plan Rows": 710459, "Plan Width": 25, "Plans": [{"Node Type": "Hash Join", "Parent Relationship": "Outer", "Join Type": "Inner", "Startup Cost": 341891.88, "Total Cost": 552133.97, "Plan Rows": 710459, "Plan Width": 25, "Inner Unique": true, "Hash Cond": "(ci.person_id = n1.id), (LLVM Optimized)", "Plans": [{"Node Type": "Hash Join", "Parent Relationship": "Outer", "Join Type": "Inner", "Startup Cost": 196726.36, "Total Cost": 397199.64, "Plan Rows": 710459, "Plan Width": 21, "Inner Unique": false, "Hash Cond": "(ci.movie_id = t.id), (LLVM Optimized)", "Plans": [{"Node Type": "Nested Loop", "Parent Relationship": "Outer", "Join Type": "Inner", "Startup Cost": 0.0, "Total Cost": 171406.94, "Plan Rows": 3296318, "Plan Width": 8, "Inner Unique": false, "Plans": [{"Node Type": "Seq Scan", "Parent Relationship": "Outer", "Relation Name": "role_type", "Alias": "rt", "Startup Cost": 0.0, "Total Cost": 1.15, "Plan Rows": 1, "Plan Width": 4, "Filter": "((role)::text = 'costume designer'::text)"}, {"Node Type": "Index Scan", "Parent Relationship": "Inner", "Scan Direction": "Forward", "Index Name": "role_id_cast_info", "Relation Name": "cast_info", "Alias": "ci", "Startup Cost": 0.0, "Total Cost": 138442.61, "Plan Rows": 3296318, "Plan Width": 12, "Index Cond": "(role_id = rt.id), (LLVM Optimized)"}]}, {"Node Type": "Hash", "Parent Relationship": "Inner", "Startup Cost": 180697.47, "Total Cost": 180697.47, "Plan Rows": 1282311, "Plan Width": 25, "Plans": [{"Node Type": "Hash Join", "Parent Relationship": "Outer", "Join Type": "Inner", "Startup Cost": 98641.07, "Total Cost": 180697.47, "Plan Rows": 1282311, "Plan Width": 25, "Inner Unique": true, "Hash Cond": "(mc.movie_id = t.id), (LLVM Optimized)", "Plans": [{"Node Type": "Hash Join", "Parent Relationship": "Outer", "Join Type": "Inner", "Startup Cost": 6968.08, "Total Cost": 71392.69, "Plan Rows": 1282311, "Plan Width": 4, "Inner Unique": true, "Hash Cond": "(mc.company_id = cn.id), (LLVM Optimized)", "Plans": [{"Node Type": "Seq Scan", "Parent Relationship": "Outer", "Relation Name": "movie_companies", "Alias": "mc", "Startup Cost": 0.0, "Total Cost": 41817.28, "Plan Rows": 2609128, "Plan Width": 8}, {"Node Type": "Hash", "Parent Relationship": "Inner", "Startup Cost": 5903.45, "Total Cost": 5903.45, "Plan Rows": 85170, "Plan Width": 4, "Plans": [{"Node Type": "Seq Scan", "Parent Relationship": "Outer", "Relation Name": "company_name", "Alias": "cn", "Startup Cost": 0.0, "Total Cost": 5903.45, "Plan Rows": 85170, "Plan Width": 4, "Filter": "((country_code)::text = '[us]'::text)"}]}]}, {"Node Type": "Hash", "Parent Relationship": "Inner", "Startup Cost": 60069.11, "Total Cost": 60069.11, "Plan Rows": 2528311, "Plan Width": 21, "Plans": [{"Node Type": "Seq Scan", "Parent Relationship": "Outer", "Relation Name": "title", "Alias": "t", "Startup Cost": 0.0, "Total Cost": 60069.11, "Plan Rows": 2528311, "Plan Width": 21}]}]}]}]}, {"Node Type": "Hash", "Parent Relationship": "Inner", "Startup Cost": 93071.9, "Total Cost": 93071.9, "Plan Rows": 4167490, "Plan Width": 4, "Plans": [{"Node Type": "Seq Scan", "Parent Relationship": "Outer", "Relation Name": "name", "Alias": "n1", "Startup Cost": 0.0, "Total Cost": 93071.9, "Plan Rows": 4167490, "Plan Width": 4}]}]}]}]}]}, "Unique SQL Id": 2457761703, "Planner Runtime": 45}, "explain_analyze_plan": {"Plan": {"Node Type": "Aggregate", "Strategy": "Plain", "Startup Cost": 589695.38, "Total Cost": 589695.39, "Plan Rows": 1, "Plan Width": 97, "Actual Startup Time": 8818.757, "Actual Total Time": 8818.758, "Actual Rows": 1, "Actual Loops": 1, "Plans": [{"Node Type": "Hash Join", "Parent Relationship": "Outer", "Join Type": "Inner", "Startup Cost": 561014.71, "Total Cost": 587909.89, "Plan Rows": 357098, "Plan Width": 33, "Actual Startup Time": 8145.128, "Actual Total Time": 8674.859, "Actual Rows": 323005, "Actual Loops": 1, "Inner Unique": false, "Hash Cond": "(an1.person_id = n1.id), (LLVM Optimized, Jit Execute)", "Plans": [{"Node Type": "Seq Scan", "Parent Relationship": "Outer", "Relation Name": "aka_name", "Alias": "an1", "Startup Cost": 0.0, "Total Cost": 19908.42, "Plan Rows": 901342, "Plan Width": 20, "Actual Startup Time": 0.025, "Actual Total Time": 239.81, "Actual Rows": 901342, "Actual Loops": 1}, {"Node Type": "Hash", "Parent Relationship": "Inner", "Startup Cost": 552133.97, "Total Cost": 552133.97, "Plan Rows": 710459, "Plan Width": 25, "Actual Startup Time": 8138.334, "Actual Total Time": 8138.334, "Actual Rows": 285537, "Actual Loops": 1, "Hash Buckets": 1048576, "Hash Batches": 1, "Original Hash Batches": 1, "Peak Memory Usage": 15952, "Plans": [{"Node Type": "Hash Join", "Parent Relationship": "Outer", "Join Type": "Inner", "Startup Cost": 341891.88, "Total Cost": 552133.97, "Plan Rows": 710459, "Plan Width": 25, "Actual Startup Time": 7533.343, "Actual Total Time": 8053.886, "Actual Rows": 285537, "Actual Loops": 1, "Inner Unique": true, "Hash Cond": "(ci.person_id = n1.id), (LLVM Optimized, Jit Execute)", "Plans": [{"Node Type": "Hash Join", "Parent Relationship": "Outer", "Join Type": "Inner", "Startup Cost": 196726.36, "Total Cost": 397199.64, "Plan Rows": 710459, "Plan Width": 21, "Actual Startup Time": 4459.627, "Actual Total Time": 4870.581, "Actual Rows": 285537, "Actual Loops": 1, "Inner Unique": false, "Hash Cond": "(ci.movie_id = t.id), (LLVM Optimized, Jit Execute)", "Plans": [{"Node Type": "Nested Loop", "Parent Relationship": "Outer", "Join Type": "Inner", "Startup Cost": 0.0, "Total Cost": 171406.94, "Plan Rows": 3296318, "Plan Width": 8, "Actual Startup Time": 0.114, "Actual Total Time": 204.825, "Actual Rows": 276403, "Actual Loops": 1, "Inner Unique": false, "Plans": [{"Node Type": "Seq Scan", "Parent Relationship": "Outer", "Relation Name": "role_type", "Alias": "rt", "Startup Cost": 0.0, "Total Cost": 1.15, "Plan Rows": 1, "Plan Width": 4, "Actual Startup Time": 0.041, "Actual Total Time": 0.055, "Actual Rows": 1, "Actual Loops": 1, "Filter": "((role)::text = 'costume designer'::text)", "Rows Removed by Filter": 11}, {"Node Type": "Index Scan", "Parent Relationship": "Inner", "Scan Direction": "Forward", "Index Name": "role_id_cast_info", "Relation Name": "cast_info", "Alias": "ci", "Startup Cost": 0.0, "Total Cost": 138442.61, "Plan Rows": 3296318, "Plan Width": 12, "Actual Startup Time": 0.059, "Actual Total Time": 150.812, "Actual Rows": 276403, "Actual Loops": 1, "Index Cond": "(role_id = rt.id), (LLVM Optimized, Jit Execute)", "Rows Removed by Index Recheck": 0}]}, {"Node Type": "Hash", "Parent Relationship": "Inner", "Startup Cost": 180697.47, "Total Cost": 180697.47, "Plan Rows": 1282311, "Plan Width": 25, "Actual Startup Time": 4453.739, "Actual Total Time": 4453.739, "Actual Rows": 1153797, "Actual Loops": 1, "Hash Buckets": 2097152, "Hash Batches": 1, "Original Hash Batches": 1, "Peak Memory Usage": 68508, "Plans": [{"Node Type": "Hash Join", "Parent Relationship": "Outer", "Join Type": "Inner", "Startup Cost": 98641.07, "Total Cost": 180697.47, "Plan Rows": 1282311, "Plan Width": 25, "Actual Startup Time": 1827.854, "Actual Total Time": 3974.898, "Actual Rows": 1153797, "Actual Loops": 1, "Inner Unique": true, "Hash Cond": "(mc.movie_id = t.id), (LLVM Optimized, Jit Execute)", "Plans": [{"Node Type": "Hash Join", "Parent Relationship": "Outer", "Join Type": "Inner", "Startup Cost": 6968.08, "Total Cost": 71392.69, "Plan Rows": 1282311, "Plan Width": 4, "Actual Startup Time": 113.03, "Actual Total Time": 1555.125, "Actual Rows": 1153797, "Actual Loops": 1, "Inner Unique": true, "Hash Cond": "(mc.company_id = cn.id), (LLVM Optimized, Jit Execute)", "Plans": [{"Node Type": "Seq Scan", "Parent Relationship": "Outer", "Relation Name": "movie_companies", "Alias": "mc", "Startup Cost": 0.0, "Total Cost": 41817.28, "Plan Rows": 2609128, "Plan Width": 8, "Actual Startup Time": 0.03, "Actual Total Time": 611.128, "Actual Rows": 2609128, "Actual Loops": 1}, {"Node Type": "Hash", "Parent Relationship": "Inner", "Startup Cost": 5903.45, "Total Cost": 5903.45, "Plan Rows": 85170, "Plan Width": 4, "Actual Startup Time": 112.907, "Actual Total Time": 112.907, "Actual Rows": 84843, "Actual Loops": 1, "Hash Buckets": 131072, "Hash Batches": 1, "Original Hash Batches": 1, "Peak Memory Usage": 2983, "Plans": [{"Node Type": "Seq Scan", "Parent Relationship": "Outer", "Relation Name": "company_name", "Alias": "cn", "Startup Cost": 0.0, "Total Cost": 5903.45, "Plan Rows": 85170, "Plan Width": 4, "Actual Startup Time": 0.024, "Actual Total Time": 90.615, "Actual Rows": 84843, "Actual Loops": 1, "Filter": "((country_code)::text = '[us]'::text)", "Rows Removed by Filter": 150153}]}]}, {"Node Type": "Hash", "Parent Relationship": "Inner", "Startup Cost": 60069.11, "Total Cost": 60069.11, "Plan Rows": 2528311, "Plan Width": 21, "Actual Startup Time": 1712.366, "Actual Total Time": 1712.366, "Actual Rows": 2528311, "Actual Loops": 1, "Hash Buckets": 4194304, "Hash Batches": 1, "Original Hash Batches": 1, "Peak Memory Usage": 135869, "Plans": [{"Node Type": "Seq Scan", "Parent Relationship": "Outer", "Relation Name": "title", "Alias": "t", "Startup Cost": 0.0, "Total Cost": 60069.11, "Plan Rows": 2528311, "Plan Width": 21, "Actual Startup Time": 0.031, "Actual Total Time": 797.49, "Actual Rows": 2528311, "Actual Loops": 1}]}]}]}]}, {"Node Type": "Hash", "Parent Relationship": "Inner", "Startup Cost": 93071.9, "Total Cost": 93071.9, "Plan Rows": 4167490, "Plan Width": 4, "Actual Startup Time": 3070.895, "Actual Total Time": 3070.895, "Actual Rows": 4167490, "Actual Loops": 1, "Hash Buckets": 4194304, "Hash Batches": 1, "Original Hash Batches": 1, "Peak Memory Usage": 146514, "Plans": [{"Node Type": "Seq Scan", "Parent Relationship": "Outer", "Relation Name": "name", "Alias": "n1", "Startup Cost": 0.0, "Total Cost": 93071.9, "Plan Rows": 4167490, "Plan Width": 4, "Actual Startup Time": 0.06, "Actual Total Time": 1293.196, "Actual Rows": 4167490, "Actual Loops": 1}]}]}]}]}]}, "Triggers": [], "Planner Runtime": 82.375, "Total Runtime": 8832.037, "Unique SQL Id": 2457761703}}, "(1, '101')": {"explain_plan": {"Plan": {"Node Type": "Aggregate", "Strategy": "Plain", "Startup Cost": 824512.34, "Total Cost": 824512.35, "Plan Rows": 1, "Plan Width": 97, "Plans": [{"Node Type": "Hash Join", "Parent Relationship": "Outer", "Join Type": "Inner", "Startup Cost": 746775.06, "Total Cost": 822726.85, "Plan Rows": 357098, "Plan Width": 33, "Inner Unique": false, "Hash Cond": "(an1.person_id = n1.id), (LLVM Optimized)", "Plans": [{"Node Type": "Index Scan", "Parent Relationship": "Outer", "Scan Direction": "Forward", "Index Name": "person_id_aka_name", "Relation Name": "aka_name", "Alias": "an1", "Startup Cost": 0.0, "Total Cost": 68965.03, "Plan Rows": 901342, "Plan Width": 20}, {"Node Type": "Hash", "Parent Relationship": "Inner", "Startup Cost": 737894.33, "Total Cost": 737894.33, "Plan Rows": 710459, "Plan Width": 25, "Plans": [{"Node Type": "Nested Loop", "Parent Relationship": "Outer", "Join Type": "Inner", "Startup Cost": 333231.89, "Total Cost": 737894.33, "Plan Rows": 710459, "Plan Width": 25, "Inner Unique": true, "Plans": [{"Node Type": "Hash Join", "Parent Relationship": "Outer", "Join Type": "Inner", "Startup Cost": 333231.89, "Total Cost": 533716.49, "Plan Rows": 710459, "Plan Width": 21, "Inner Unique": false, "Hash Cond": "(ci.movie_id = t.id), (LLVM Optimized)", "Plans": [{"Node Type": "Nested Loop", "Parent Relationship": "Outer", "Join Type": "Inner", "Startup Cost": 0.0, "Total Cost": 171418.25, "Plan Rows": 3296318, "Plan Width": 8, "Inner Unique": false, "Plans": [{"Node Type": "Index Scan", "Parent Relationship": "Outer", "Scan Direction": "Forward", "Index Name": "role_type_pkey", "Relation Name": "role_type", "Alias": "rt", "Startup Cost": 0.0, "Total Cost": 12.46, "Plan Rows": 1, "Plan Width": 4, "Filter": "((role)::text = 'costume designer'::text)"}, {"Node Type": "Index Scan", "Parent Relationship": "Inner", "Scan Direction": "Forward", "Index Name": "role_id_cast_info", "Relation Name": "cast_info", "Alias": "ci", "Startup Cost": 0.0, "Total Cost": 138442.61, "Plan Rows": 3296318, "Plan Width": 12, "Index Cond": "(role_id = rt.id), (LLVM Optimized)"}]}, {"Node Type": "Hash", "Parent Relationship": "Inner", "Startup Cost": 317203.01, "Total Cost": 317203.01, "Plan Rows": 1282311, "Plan Width": 25, "Plans": [{"Node Type": "Hash Join", "Parent Relationship": "Outer", "Join Type": "Inner", "Startup Cost": 153290.39, "Total Cost": 317203.01, "Plan Rows": 1282311, "Plan Width": 25, "Inner Unique": true, "Hash Cond": "(mc.movie_id = t.id), (LLVM Optimized)", "Plans": [{"Node Type": "Hash Join", "Parent Relationship": "Outer", "Join Type": "Inner", "Startup Cost": 11566.01, "Total Cost": 157846.85, "Plan Rows": 1282311, "Plan Width": 4, "Inner Unique": true, "Hash Cond": "(mc.company_id = cn.id), (LLVM Optimized)", "Plans": [{"Node Type": "Index Scan", "Parent Relationship": "Outer", "Scan Direction": "Forward", "Index Name": "company_id_movie_companies", "Relation Name": "movie_companies", "Alias": "mc", "Startup Cost": 0.0, "Total Cost": 123673.5, "Plan Rows": 2609128, "Plan Width": 8}, {"Node Type": "Hash", "Parent Relationship": "Inner", "Startup Cost": 10501.39, "Total Cost": 10501.39, "Plan Rows": 85170, "Plan Width": 4, "Plans": [{"Node Type": "Index Scan", "Parent Relationship": "Outer", "Scan Direction": "Forward", "Index Name": "company_name_pkey", "Relation Name": "company_name", "Alias": "cn", "Startup Cost": 0.0, "Total Cost": 10501.39, "Plan Rows": 85170, "Plan Width": 4, "Filter": "((country_code)::text = '[us]'::text)"}]}]}, {"Node Type": "Hash", "Parent Relationship": "Inner", "Startup Cost": 110120.49, "Total Cost": 110120.49, "Plan Rows": 2528311, "Plan Width": 21, "Plans": [{"Node Type": "Index Scan", "Parent Relationship": "Outer", "Scan Direction": "Forward", "Index Name": "title_pkey", "Relation Name": "title", "Alias": "t", "Startup Cost": 0.0, "Total Cost": 110120.49, "Plan Rows": 2528311, "Plan Width": 21}]}]}]}]}, {"Node Type": "Index Scan", "Parent Relationship": "Inner", "Scan Direction": "Forward", "Index Name": "name_pkey", "Relation Name": "name", "Alias": "n1", "Startup Cost": 0.0, "Total Cost": 0.28, "Plan Rows": 1, "Plan Width": 4, "Index Cond": "(id = ci.person_id)"}]}]}]}]}, "Unique SQL Id": 2457761703, "Planner Runtime": 37}, "explain_analyze_plan": {"Plan": {"Node Type": "Aggregate", "Strategy": "Plain", "Startup Cost": 824512.34, "Total Cost": 824512.35, "Plan Rows": 1, "Plan Width": 97, "Actual Startup Time": 12490.602, "Actual Total Time": 12490.603, "Actual Rows": 1, "Actual Loops": 1, "Plans": [{"Node Type": "Hash Join", "Parent Relationship": "Outer", "Join Type": "Inner", "Startup Cost": 746775.06, "Total Cost": 822726.85, "Plan Rows": 357098, "Plan Width": 33, "Actual Startup Time": 11350.794, "Actual Total Time": 12344.757, "Actual Rows": 323005, "Actual Loops": 1, "Inner Unique": false, "Hash Cond": "(an1.person_id = n1.id), (LLVM Optimized, Jit Execute)", "Plans": [{"Node Type": "Index Scan", "Parent Relationship": "Outer", "Scan Direction": "Forward", "Index Name": "person_id_aka_name", "Relation Name": "aka_name", "Alias": "an1", "Startup Cost": 0.0, "Total Cost": 68965.03, "Plan Rows": 901342, "Plan Width": 20, "Actual Startup Time": 0.044, "Actual Total Time": 684.753, "Actual Rows": 901342, "Actual Loops": 1}, {"Node Type": "Hash", "Parent Relationship": "Inner", "Startup Cost": 737894.33, "Total Cost": 737894.33, "Plan Rows": 710459, "Plan Width": 25, "Actual Startup Time": 11350.054, "Actual Total Time": 11350.054, "Actual Rows": 285537, "Actual Loops": 1, "Hash Buckets": 1048576, "Hash Batches": 1, "Original Hash Batches": 1, "Peak Memory Usage": 15952, "Plans": [{"Node Type": "Nested Loop", "Parent Relationship": "Outer", "Join Type": "Inner", "Startup Cost": 333231.89, "Total Cost": 737894.33, "Plan Rows": 710459, "Plan Width": 25, "Actual Startup Time": 9822.533, "Actual Total Time": 11232.951, "Actual Rows": 285537, "Actual Loops": 1, "Inner Unique": true, "Plans": [{"Node Type": "Hash Join", "Parent Relationship": "Outer", "Join Type": "Inner", "Startup Cost": 333231.89, "Total Cost": 533716.49, "Plan Rows": 710459, "Plan Width": 21, "Actual Startup Time": 9822.491, "Actual Total Time": 10232.62, "Actual Rows": 285537, "Actual Loops": 1, "Inner Unique": false, "Hash Cond": "(ci.movie_id = t.id), (LLVM Optimized, Jit Execute)", "Plans": [{"Node Type": "Nested Loop", "Parent Relationship": "Outer", "Join Type": "Inner", "Startup Cost": 0.0, "Total Cost": 171418.25, "Plan Rows": 3296318, "Plan Width": 8, "Actual Startup Time": 0.067, "Actual Total Time": 200.497, "Actual Rows": 276403, "Actual Loops": 1, "Inner Unique": false, "Plans": [{"Node Type": "Index Scan", "Parent Relationship": "Outer", "Scan Direction": "Forward", "Index Name": "role_type_pkey", "Relation Name": "role_type", "Alias": "rt", "Startup Cost": 0.0, "Total Cost": 12.46, "Plan Rows": 1, "Plan Width": 4, "Actual Startup Time": 0.027, "Actual Total Time": 0.046, "Actual Rows": 1, "Actual Loops": 1, "Filter": "((role)::text = 'costume designer'::text)", "Rows Removed by Filter": 11}, {"Node Type": "Index Scan", "Parent Relationship": "Inner", "Scan Direction": "Forward", "Index Name": "role_id_cast_info", "Relation Name": "cast_info", "Alias": "ci", "Startup Cost": 0.0, "Total Cost": 138442.61, "Plan Rows": 3296318, "Plan Width": 12, "Actual Startup Time": 0.035, "Actual Total Time": 144.353, "Actual Rows": 276403, "Actual Loops": 1, "Index Cond": "(role_id = rt.id), (LLVM Optimized, Jit Execute)", "Rows Removed by Index Recheck": 0}]}, {"Node Type": "Hash", "Parent Relationship": "Inner", "Startup Cost": 317203.01, "Total Cost": 317203.01, "Plan Rows": 1282311, "Plan Width": 25, "Actual Startup Time": 9816.251, "Actual Total Time": 9816.251, "Actual Rows": 1153797, "Actual Loops": 1, "Hash Buckets": 2097152, "Hash Batches": 1, "Original Hash Batches": 1, "Peak Memory Usage": 68508, "Plans": [{"Node Type": "Hash Join", "Parent Relationship": "Outer", "Join Type": "Inner", "Startup Cost": 153290.39, "Total Cost": 317203.01, "Plan Rows": 1282311, "Plan Width": 25, "Actual Startup Time": 4658.057, "Actual Total Time": 9252.937, "Actual Rows": 1153797, "Actual Loops": 1, "Inner Unique": true, "Hash Cond": "(mc.movie_id = t.id), (LLVM Optimized, Jit Execute)", "Plans": [{"Node Type": "Hash Join", "Parent Relationship": "Outer", "Join Type": "Inner", "Startup Cost": 11566.01, "Total Cost": 157846.85, "Plan Rows": 1282311, "Plan Width": 4, "Actual Startup Time": 326.456, "Actual Total Time": 4172.666, "Actual Rows": 1153797, "Actual Loops": 1, "Inner Unique": true, "Hash Cond": "(mc.company_id = cn.id), (LLVM Optimized, Jit Execute)", "Plans": [{"Node Type": "Index Scan", "Parent Relationship": "Outer", "Scan Direction": "Forward", "Index Name": "company_id_movie_companies", "Relation Name": "movie_companies", "Alias": "mc", "Startup Cost": 0.0, "Total Cost": 123673.5, "Plan Rows": 2609128, "Plan Width": 8, "Actual Startup Time": 0.026, "Actual Total Time": 3065.893, "Actual Rows": 2609128, "Actual Loops": 1}, {"Node Type": "Hash", "Parent Relationship": "Inner", "Startup Cost": 10501.39, "Total Cost": 10501.39, "Plan Rows": 85170, "Plan Width": 4, "Actual Startup Time": 326.316, "Actual Total Time": 326.316, "Actual Rows": 84843, "Actual Loops": 1, "Hash Buckets": 131072, "Hash Batches": 1, "Original Hash Batches": 1, "Peak Memory Usage": 2983, "Plans": [{"Node Type": "Index Scan", "Parent Relationship": "Outer", "Scan Direction": "Forward", "Index Name": "company_name_pkey", "Relation Name": "company_name", "Alias": "cn", "Startup Cost": 0.0, "Total Cost": 10501.39, "Plan Rows": 85170, "Plan Width": 4, "Actual Startup Time": 0.031, "Actual Total Time": 297.865, "Actual Rows": 84843, "Actual Loops": 1, "Filter": "((country_code)::text = '[us]'::text)", "Rows Removed by Filter": 150153}]}]}, {"Node Type": "Hash", "Parent Relationship": "Inner", "Startup Cost": 110120.49, "Total Cost": 110120.49, "Plan Rows": 2528311, "Plan Width": 21, "Actual Startup Time": 4328.998, "Actual Total Time": 4328.998, "Actual Rows": 2528311, "Actual Loops": 1, "Hash Buckets": 4194304, "Hash Batches": 1, "Original Hash Batches": 1, "Peak Memory Usage": 135869, "Plans": [{"Node Type": "Index Scan", "Parent Relationship": "Outer", "Scan Direction": "Forward", "Index Name": "title_pkey", "Relation Name": "title", "Alias": "t", "Startup Cost": 0.0, "Total Cost": 110120.49, "Plan Rows": 2528311, "Plan Width": 21, "Actual Startup Time": 0.049, "Actual Total Time": 3028.243, "Actual Rows": 2528311, "Actual Loops": 1}]}]}]}]}, {"Node Type": "Index Scan", "Parent Relationship": "Inner", "Scan Direction": "Forward", "Index Name": "name_pkey", "Relation Name": "name", "Alias": "n1", "Startup Cost": 0.0, "Total Cost": 0.28, "Plan Rows": 1, "Plan Width": 4, "Actual Startup Time": 789.284, "Actual Total Time": 789.284, "Actual Rows": 285537, "Actual Loops": 285537, "Index Cond": "(id = ci.person_id)", "Rows Removed by Index Recheck": 0}]}]}]}]}, "Triggers": [], "Planner Runtime": 37.619, "Total Runtime": 12501.62, "Unique SQL Id": 2457761703}}, "(1, '102')": {"explain_plan": {"Plan": {"Node Type": "Aggregate", "Strategy": "Plain", "Startup Cost": 808403.05, "Total Cost": 808403.06, "Plan Rows": 1, "Plan Width": 97, "Plans": [{"Node Type": "Hash Join", "Parent Relationship": "Outer", "Join Type": "Inner", "Startup Cost": 779365.79, "Total Cost": 806617.56, "Plan Rows": 357098, "Plan Width": 33, "Inner Unique": false, "Hash Cond": "(an1.person_id = n1.id), (LLVM Optimized)", "Plans": [{"Node Type": "Seq Scan", "Parent Relationship": "Outer", "Relation Name": "aka_name", "Alias": "an1", "Startup Cost": 0.0, "Total Cost": 19908.42, "Plan Rows": 901342, "Plan Width": 20}, {"Node Type": "Hash", "Parent Relationship": "Inner", "Startup Cost": 770485.05, "Total Cost": 770485.05, "Plan Rows": 710459, "Plan Width": 25, "Plans": [{"Node Type": "Hash Join", "Parent Relationship": "Outer", "Join Type": "Inner", "Startup Cost": 418198.6, "Total Cost": 770485.05, "Plan Rows": 710459, "Plan Width": 25, "Inner Unique": true, "Hash Cond": "(ci.person_id = n1.id), (LLVM Optimized)", "Plans": [{"Node Type": "Hash Join", "Parent Relationship": "Outer", "Join Type": "Inner", "Startup Cost": 273033.07, "Total Cost": 615550.72, "Plan Rows": 710459, "Plan Width": 21, "Inner Unique": false, "Hash Cond": "(ci.movie_id = t.id), (LLVM Optimized)", "Plans": [{"Node Type": "Nested Loop", "Parent Relationship": "Outer", "Join Type": "Inner", "Startup Cost": 76306.71, "Total Cost": 389758.02, "Plan Rows": 3296318, "Plan Width": 8, "Inner Unique": false, "Plans": [{"Node Type": "Seq Scan", "Parent Relationship": "Outer", "Relation Name": "role_type", "Alias": "rt", "Startup Cost": 0.0, "Total Cost": 1.15, "Plan Rows": 1, "Plan Width": 4, "Filter": "((role)::text = 'costume designer'::text)"}, {"Node Type": "Bitmap Heap Scan", "Parent Relationship": "Inner", "Relation Name": "cast_info", "Alias": "ci", "Startup Cost": 76306.71, "Total Cost": 356793.69, "Plan Rows": 3296318, "Plan Width": 12, "Recheck Cond": "(role_id = rt.id), (LLVM Optimized)", "Plans": [{"Node Type": "Bitmap Index Scan", "Parent Relationship": "Outer", "Index Name": "role_id_cast_info", "Startup Cost": 0.0, "Total Cost": 75482.63, "Plan Rows": 3296318, "Plan Width": 0, "Index Cond": "(role_id = rt.id)"}]}]}, {"Node Type": "Hash", "Parent Relationship": "Inner", "Startup Cost": 180697.47, "Total Cost": 180697.47, "Plan Rows": 1282311, "Plan Width": 25, "Plans": [{"Node Type": "Hash Join", "Parent Relationship": "Outer", "Join Type": "Inner", "Startup Cost": 98641.07, "Total Cost": 180697.47, "Plan Rows": 1282311, "Plan Width": 25, "Inner Unique": true, "Hash Cond": "(mc.movie_id = t.id), (LLVM Optimized)", "Plans": [{"Node Type": "Hash Join", "Parent Relationship": "Outer", "Join Type": "Inner", "Startup Cost": 6968.08, "Total Cost": 71392.69, "Plan Rows": 1282311, "Plan Width": 4, "Inner Unique": true, "Hash Cond": "(mc.company_id = cn.id), (LLVM Optimized)", "Plans": [{"Node Type": "Seq Scan", "Parent Relationship": "Outer", "Relation Name": "movie_companies", "Alias": "mc", "Startup Cost": 0.0, "Total Cost": 41817.28, "Plan Rows": 2609128, "Plan Width": 8}, {"Node Type": "Hash", "Parent Relationship": "Inner", "Startup Cost": 5903.45, "Total Cost": 5903.45, "Plan Rows": 85170, "Plan Width": 4, "Plans": [{"Node Type": "Seq Scan", "Parent Relationship": "Outer", "Relation Name": "company_name", "Alias": "cn", "Startup Cost": 0.0, "Total Cost": 5903.45, "Plan Rows": 85170, "Plan Width": 4, "Filter": "((country_code)::text = '[us]'::text)"}]}]}, {"Node Type": "Hash", "Parent Relationship": "Inner", "Startup Cost": 60069.11, "Total Cost": 60069.11, "Plan Rows": 2528311, "Plan Width": 21, "Plans": [{"Node Type": "Seq Scan", "Parent Relationship": "Outer", "Relation Name": "title", "Alias": "t", "Startup Cost": 0.0, "Total Cost": 60069.11, "Plan Rows": 2528311, "Plan Width": 21}]}]}]}]}, {"Node Type": "Hash", "Parent Relationship": "Inner", "Startup Cost": 93071.9, "Total Cost": 93071.9, "Plan Rows": 4167490, "Plan Width": 4, "Plans": [{"Node Type": "Seq Scan", "Parent Relationship": "Outer", "Relation Name": "name", "Alias": "n1", "Startup Cost": 0.0, "Total Cost": 93071.9, "Plan Rows": 4167490, "Plan Width": 4}]}]}]}]}]}, "Unique SQL Id": 2457761703, "Planner Runtime": 35}, "explain_analyze_plan": {"Plan": {"Node Type": "Aggregate", "Strategy": "Plain", "Startup Cost": 808403.05, "Total Cost": 808403.06, "Plan Rows": 1, "Plan Width": 97, "Actual Startup Time": 8171.997, "Actual Total Time": 8171.997, "Actual Rows": 1, "Actual Loops": 1, "Plans": [{"Node Type": "Hash Join", "Parent Relationship": "Outer", "Join Type": "Inner", "Startup Cost": 779365.79, "Total Cost": 806617.56, "Plan Rows": 357098, "Plan Width": 33, "Actual Startup Time": 7462.893, "Actual Total Time": 8027.597, "Actual Rows": 323005, "Actual Loops": 1, "Inner Unique": false, "Hash Cond": "(an1.person_id = n1.id), (LLVM Optimized, Jit Execute)", "Plans": [{"Node Type": "Seq Scan", "Parent Relationship": "Outer", "Relation Name": "aka_name", "Alias": "an1", "Startup Cost": 0.0, "Total Cost": 19908.42, "Plan Rows": 901342, "Plan Width": 20, "Actual Startup Time": 0.026, "Actual Total Time": 239.447, "Actual Rows": 901342, "Actual Loops": 1}, {"Node Type": "Hash", "Parent Relationship": "Inner", "Startup Cost": 770485.05, "Total Cost": 770485.05, "Plan Rows": 710459, "Plan Width": 25, "Actual Startup Time": 7456.772, "Actual Total Time": 7456.772, "Actual Rows": 285537, "Actual Loops": 1, "Hash Buckets": 1048576, "Hash Batches": 1, "Original Hash Batches": 1, "Peak Memory Usage": 15952, "Plans": [{"Node Type": "Hash Join", "Parent Relationship": "Outer", "Join Type": "Inner", "Startup Cost": 418198.6, "Total Cost": 770485.05, "Plan Rows": 710459, "Plan Width": 25, "Actual Startup Time": 6945.956, "Actual Total Time": 7372.655, "Actual Rows": 285537, "Actual Loops": 1, "Inner Unique": true, "Hash Cond": "(ci.person_id = n1.id), (LLVM Optimized, Jit Execute)", "Plans": [{"Node Type": "Hash Join", "Parent Relationship": "Outer", "Join Type": "Inner", "Startup Cost": 273033.07, "Total Cost": 615550.72, "Plan Rows": 710459, "Plan Width": 21, "Actual Startup Time": 4322.349, "Actual Total Time": 4632.043, "Actual Rows": 285537, "Actual Loops": 1, "Inner Unique": false, "Hash Cond": "(ci.movie_id = t.id), (LLVM Optimized, Jit Execute)", "Plans": [{"Node Type": "Nested Loop", "Parent Relationship": "Outer", "Join Type": "Inner", "Startup Cost": 76306.71, "Total Cost": 389758.02, "Plan Rows": 3296318, "Plan Width": 8, "Actual Startup Time": 33.816, "Actual Total Time": 169.659, "Actual Rows": 276403, "Actual Loops": 1, "Inner Unique": false, "Plans": [{"Node Type": "Seq Scan", "Parent Relationship": "Outer", "Relation Name": "role_type", "Alias": "rt", "Startup Cost": 0.0, "Total Cost": 1.15, "Plan Rows": 1, "Plan Width": 4, "Actual Startup Time": 0.047, "Actual Total Time": 0.061, "Actual Rows": 1, "Actual Loops": 1, "Filter": "((role)::text = 'costume designer'::text)", "Rows Removed by Filter": 11}, {"Node Type": "Bitmap Heap Scan", "Parent Relationship": "Inner", "Relation Name": "cast_info", "Alias": "ci", "Startup Cost": 76306.71, "Total Cost": 356793.69, "Plan Rows": 3296318, "Plan Width": 12, "Actual Startup Time": 33.745, "Actual Total Time": 119.892, "Actual Rows": 276403, "Actual Loops": 1, "Recheck Cond": "(role_id = rt.id), (LLVM Optimized, Jit Execute)", "Rows Removed by Index Recheck": 0, "Exact Heap Blocks": 1654, "Lossy Heap Blocks": 1654, "Plans": [{"Node Type": "Bitmap Index Scan", "Parent Relationship": "Outer", "Index Name": "role_id_cast_info", "Startup Cost": 0.0, "Total Cost": 75482.63, "Plan Rows": 3296318, "Plan Width": 0, "Actual Startup Time": 33.447, "Actual Total Time": 33.447, "Actual Rows": 276403, "Actual Loops": 1, "Index Cond": "(role_id = rt.id)"}]}]}, {"Node Type": "Hash", "Parent Relationship": "Inner", "Startup Cost": 180697.47, "Total Cost": 180697.47, "Plan Rows": 1282311, "Plan Width": 25, "Actual Startup Time": 4283.714, "Actual Total Time": 4283.714, "Actual Rows": 1153797, "Actual Loops": 1, "Hash Buckets": 2097152, "Hash Batches": 1, "Original Hash Batches": 1, "Peak Memory Usage": 68508, "Plans": [{"Node Type": "Hash Join", "Parent Relationship": "Outer", "Join Type": "Inner", "Startup Cost": 98641.07, "Total Cost": 180697.47, "Plan Rows": 1282311, "Plan Width": 25, "Actual Startup Time": 1838.488, "Actual Total Time": 3873.861, "Actual Rows": 1153797, "Actual Loops": 1, "Inner Unique": true, "Hash Cond": "(mc.movie_id = t.id), (LLVM Optimized, Jit Execute)", "Plans": [{"Node Type": "Hash Join", "Parent Relationship": "Outer", "Join Type": "Inner", "Startup Cost": 6968.08, "Total Cost": 71392.69, "Plan Rows": 1282311, "Plan Width": 4, "Actual Startup Time": 112.48, "Actual Total Time": 1529.082, "Actual Rows": 1153797, "Actual Loops": 1, "Inner Unique": true, "Hash Cond": "(mc.company_id = cn.id), (LLVM Optimized, Jit Execute)", "Plans": [{"Node Type": "Seq Scan", "Parent Relationship": "Outer", "Relation Name": "movie_companies", "Alias": "mc", "Startup Cost": 0.0, "Total Cost": 41817.28, "Plan Rows": 2609128, "Plan Width": 8, "Actual Startup Time": 0.035, "Actual Total Time": 596.686, "Actual Rows": 2609128, "Actual Loops": 1}, {"Node Type": "Hash", "Parent Relationship": "Inner", "Startup Cost": 5903.45, "Total Cost": 5903.45, "Plan Rows": 85170, "Plan Width": 4, "Actual Startup Time": 112.344, "Actual Total Time": 112.344, "Actual Rows": 84843, "Actual Loops": 1, "Hash Buckets": 131072, "Hash Batches": 1, "Original Hash Batches": 1, "Peak Memory Usage": 2983, "Plans": [{"Node Type": "Seq Scan", "Parent Relationship": "Outer", "Relation Name": "company_name", "Alias": "cn", "Startup Cost": 0.0, "Total Cost": 5903.45, "Plan Rows": 85170, "Plan Width": 4, "Actual Startup Time": 0.039, "Actual Total Time": 89.949, "Actual Rows": 84843, "Actual Loops": 1, "Filter": "((country_code)::text = '[us]'::text)", "Rows Removed by Filter": 150153}]}]}, {"Node Type": "Hash", "Parent Relationship": "Inner", "Startup Cost": 60069.11, "Total Cost": 60069.11, "Plan Rows": 2528311, "Plan Width": 21, "Actual Startup Time": 1723.593, "Actual Total Time": 1723.593, "Actual Rows": 2528311, "Actual Loops": 1, "Hash Buckets": 4194304, "Hash Batches": 1, "Original Hash Batches": 1, "Peak Memory Usage": 135869, "Plans": [{"Node Type": "Seq Scan", "Parent Relationship": "Outer", "Relation Name": "title", "Alias": "t", "Startup Cost": 0.0, "Total Cost": 60069.11, "Plan Rows": 2528311, "Plan Width": 21, "Actual Startup Time": 0.031, "Actual Total Time": 804.27, "Actual Rows": 2528311, "Actual Loops": 1}]}]}]}]}, {"Node Type": "Hash", "Parent Relationship": "Inner", "Startup Cost": 93071.9, "Total Cost": 93071.9, "Plan Rows": 4167490, "Plan Width": 4, "Actual Startup Time": 2621.122, "Actual Total Time": 2621.122, "Actual Rows": 4167490, "Actual Loops": 1, "Hash Buckets": 4194304, "Hash Batches": 1, "Original Hash Batches": 1, "Peak Memory Usage": 146514, "Plans": [{"Node Type": "Seq Scan", "Parent Relationship": "Outer", "Relation Name": "name", "Alias": "n1", "Startup Cost": 0.0, "Total Cost": 93071.9, "Plan Rows": 4167490, "Plan Width": 4, "Actual Startup Time": 0.026, "Actual Total Time": 1255.583, "Actual Rows": 4167490, "Actual Loops": 1}]}]}]}]}]}, "Triggers": [], "Planner Runtime": 58.673, "Total Runtime": 8183.631, "Unique SQL Id": 2457761703}}, "(1, '103')": {"explain_plan": {"Plan": {"Node Type": "Aggregate", "Strategy": "Plain", "Startup Cost": 1000069787565.86, "Total Cost": 1000069787565.87, "Plan Rows": 1, "Plan Width": 97, "Plans": [{"Node Type": "Nested Loop", "Parent Relationship": "Outer", "Join Type": "Inner", "Startup Cost": 10000000001.8, "Total Cost": 1000069785780.37, "Plan Rows": 357098, "Plan Width": 33, "Inner Unique": true, "Plans": [{"Node Type": "Nested Loop", "Parent Relationship": "Outer", "Join Type": "Inner", "Startup Cost": 10000000001.54, "Total Cost": 1000068255744.11, "Plan Rows": 357379, "Plan Width": 24, "Inner Unique": true, "Join Filter": "(an1.person_id = n1.id), (LLVM Optimized)", "Plans": [{"Node Type": "Nested Loop", "Parent Relationship": "Outer", "Join Type": "Inner", "Startup Cost": 10000000001.28, "Total Cost": 1000066724564.96, "Plan Rows": 357379, "Plan Width": 32, "Inner Unique": false, "Plans": [{"Node Type": "Nested Loop", "Parent Relationship": "Outer", "Join Type": "Inner", "Startup Cost": 10000000001.03, "Total Cost": 1000063680996.82, "Plan Rows": 711018, "Plan Width": 12, "Inner Unique": true, "Plans": [{"Node Type": "Nested Loop", "Parent Relationship": "Outer", "Join Type": "Inner", "Startup Cost": 10000000000.77, "Total Cost": 1000030184746.51, "Plan Rows": 7821201, "Plan Width": 16, "Inner Unique": false, "Plans": [{"Node Type": "Nested Loop", "Parent Relationship": "Outer", "Join Type": "Inner", "Startup Cost": 10000000000.26, "Total Cost": 1000024227793.07, "Plan Rows": 1282311, "Plan Width": 4, "Inner Unique": true, "Plans": [{"Node Type": "Index Scan", "Parent Relationship": "Outer", "Scan Direction": "Forward", "Index Name": "movie_id_movie_companies", "Relation Name": "movie_companies", "Alias": "mc", "Startup Cost": 10000000000.0, "Total Cost": 1000013051946.13, "Plan Rows": 2609128, "Plan Width": 8}, {"Node Type": "Bitmap Heap Scan", "Parent Relationship": "Inner", "Relation Name": "company_name", "Alias": "cn", "Startup Cost": 0.26, "Total Cost": 4.27, "Plan Rows": 1, "Plan Width": 4, "Recheck Cond": "(id = mc.company_id)", "Filter": "((country_code)::text = '[us]'::text)", "Plans": [{"Node Type": "Bitmap Index Scan", "Parent Relationship": "Outer", "Index Name": "company_name_pkey", "Startup Cost": 0.0, "Total Cost": 0.26, "Plan Rows": 1, "Plan Width": 0, "Index Cond": "(id = mc.company_id)"}]}]}, {"Node Type": "Bitmap Heap Scan", "Parent Relationship": "Inner", "Relation Name": "cast_info", "Alias": "ci", "Startup Cost": 0.51, "Total Cost": 4.59, "Plan Rows": 6, "Plan Width": 12, "Recheck Cond": "(movie_id = mc.movie_id)", "Plans": [{"Node Type": "Bitmap Index Scan", "Parent Relationship": "Outer", "Index Name": "movie_id_cast_info", "Startup Cost": 0.0, "Total Cost": 0.51, "Plan Rows": 6, "Plan Width": 0, "Index Cond": "(movie_id = mc.movie_id)"}]}]}, {"Node Type": "Bitmap Heap Scan", "Parent Relationship": "Inner", "Relation Name": "role_type", "Alias": "rt", "Startup Cost": 0.26, "Total Cost": 4.27, "Plan Rows": 1, "Plan Width": 4, "Recheck Cond": "(id = ci.role_id)", "Filter": "((role)::text = 'costume designer'::text)", "Plans": [{"Node Type": "Bitmap Index Scan", "Parent Relationship": "Outer", "Index Name": "role_type_pkey", "Startup Cost": 0.0, "Total Cost": 0.26, "Plan Rows": 1, "Plan Width": 0, "Index Cond": "(id = ci.role_id)"}]}]}, {"Node Type": "Bitmap Heap Scan", "Parent Relationship": "Inner", "Relation Name": "aka_name", "Alias": "an1", "Startup Cost": 0.26, "Total Cost": 4.27, "Plan Rows": 1, "Plan Width": 20, "Recheck Cond": "(person_id = ci.person_id)", "Plans": [{"Node Type": "Bitmap Index Scan", "Parent Relationship": "Outer", "Index Name": "person_id_aka_name", "Startup Cost": 0.0, "Total Cost": 0.26, "Plan Rows": 1, "Plan Width": 0, "Index Cond": "(person_id = ci.person_id)"}]}]}, {"Node Type": "Bitmap Heap Scan", "Parent Relationship": "Inner", "Relation Name": "name", "Alias": "n1", "Startup Cost": 0.26, "Total Cost": 4.27, "Plan Rows": 1, "Plan Width": 4, "Recheck Cond": "(id = ci.person_id)", "Plans": [{"Node Type": "Bitmap Index Scan", "Parent Relationship": "Outer", "Index Name": "name_pkey", "Startup Cost": 0.0, "Total Cost": 0.26, "Plan Rows": 1, "Plan Width": 0, "Index Cond": "(id = ci.person_id)"}]}]}, {"Node Type": "Bitmap Heap Scan", "Parent Relationship": "Inner", "Relation Name": "title", "Alias": "t", "Startup Cost": 0.26, "Total Cost": 4.27, "Plan Rows": 1, "Plan Width": 21, "Recheck Cond": "(id = ci.movie_id)", "Plans": [{"Node Type": "Bitmap Index Scan", "Parent Relationship": "Outer", "Index Name": "title_pkey", "Startup Cost": 0.0, "Total Cost": 0.26, "Plan Rows": 1, "Plan Width": 0, "Index Cond": "(id = ci.movie_id)"}]}]}]}, "Unique SQL Id": 2457761703, "Planner Runtime": 3}, "explain_analyze_plan": null}, "(1, '104')": {"explain_plan": {"Plan": {"Node Type": "Aggregate", "Strategy": "Plain", "Startup Cost": 589695.38, "Total Cost": 589695.39, "Plan Rows": 1, "Plan Width": 97, "Plans": [{"Node Type": "Hash Join", "Parent Relationship": "Outer", "Join Type": "Inner", "Startup Cost": 561014.71, "Total Cost": 587909.89, "Plan Rows": 357098, "Plan Width": 33, "Inner Unique": false, "Hash Cond": "(an1.person_id = n1.id), (LLVM Optimized)", "Plans": [{"Node Type": "Seq Scan", "Parent Relationship": "Outer", "Relation Name": "aka_name", "Alias": "an1", "Startup Cost": 0.0, "Total Cost": 19908.42, "Plan Rows": 901342, "Plan Width": 20}, {"Node Type": "Hash", "Parent Relationship": "Inner", "Startup Cost": 552133.97, "Total Cost": 552133.97, "Plan Rows": 710459, "Plan Width": 25, "Plans": [{"Node Type": "Hash Join", "Parent Relationship": "Outer", "Join Type": "Inner", "Startup Cost": 341891.88, "Total Cost": 552133.97, "Plan Rows": 710459, "Plan Width": 25, "Inner Unique": true, "Hash Cond": "(ci.person_id = n1.id), (LLVM Optimized)", "Plans": [{"Node Type": "Hash Join", "Parent Relationship": "Outer", "Join Type": "Inner", "Startup Cost": 196726.36, "Total Cost": 397199.64, "Plan Rows": 710459, "Plan Width": 21, "Inner Unique": false, "Hash Cond": "(ci.movie_id = t.id), (LLVM Optimized)", "Plans": [{"Node Type": "Nested Loop", "Parent Relationship": "Outer", "Join Type": "Inner", "Startup Cost": 0.0, "Total Cost": 171406.94, "Plan Rows": 3296318, "Plan Width": 8, "Inner Unique": false, "Plans": [{"Node Type": "Seq Scan", "Parent Relationship": "Outer", "Relation Name": "role_type", "Alias": "rt", "Startup Cost": 0.0, "Total Cost": 1.15, "Plan Rows": 1, "Plan Width": 4, "Filter": "((role)::text = 'costume designer'::text)"}, {"Node Type": "Index Scan", "Parent Relationship": "Inner", "Scan Direction": "Forward", "Index Name": "role_id_cast_info", "Relation Name": "cast_info", "Alias": "ci", "Startup Cost": 0.0, "Total Cost": 138442.61, "Plan Rows": 3296318, "Plan Width": 12, "Index Cond": "(role_id = rt.id), (LLVM Optimized)"}]}, {"Node Type": "Hash", "Parent Relationship": "Inner", "Startup Cost": 180697.47, "Total Cost": 180697.47, "Plan Rows": 1282311, "Plan Width": 25, "Plans": [{"Node Type": "Hash Join", "Parent Relationship": "Outer", "Join Type": "Inner", "Startup Cost": 98641.07, "Total Cost": 180697.47, "Plan Rows": 1282311, "Plan Width": 25, "Inner Unique": true, "Hash Cond": "(mc.movie_id = t.id), (LLVM Optimized)", "Plans": [{"Node Type": "Hash Join", "Parent Relationship": "Outer", "Join Type": "Inner", "Startup Cost": 6968.08, "Total Cost": 71392.69, "Plan Rows": 1282311, "Plan Width": 4, "Inner Unique": true, "Hash Cond": "(mc.company_id = cn.id), (LLVM Optimized)", "Plans": [{"Node Type": "Seq Scan", "Parent Relationship": "Outer", "Relation Name": "movie_companies", "Alias": "mc", "Startup Cost": 0.0, "Total Cost": 41817.28, "Plan Rows": 2609128, "Plan Width": 8}, {"Node Type": "Hash", "Parent Relationship": "Inner", "Startup Cost": 5903.45, "Total Cost": 5903.45, "Plan Rows": 85170, "Plan Width": 4, "Plans": [{"Node Type": "Seq Scan", "Parent Relationship": "Outer", "Relation Name": "company_name", "Alias": "cn", "Startup Cost": 0.0, "Total Cost": 5903.45, "Plan Rows": 85170, "Plan Width": 4, "Filter": "((country_code)::text = '[us]'::text)"}]}]}, {"Node Type": "Hash", "Parent Relationship": "Inner", "Startup Cost": 60069.11, "Total Cost": 60069.11, "Plan Rows": 2528311, "Plan Width": 21, "Plans": [{"Node Type": "Seq Scan", "Parent Relationship": "Outer", "Relation Name": "title", "Alias": "t", "Startup Cost": 0.0, "Total Cost": 60069.11, "Plan Rows": 2528311, "Plan Width": 21}]}]}]}]}, {"Node Type": "Hash", "Parent Relationship": "Inner", "Startup Cost": 93071.9, "Total Cost": 93071.9, "Plan Rows": 4167490, "Plan Width": 4, "Plans": [{"Node Type": "Index Only Scan", "Parent Relationship": "Outer", "Scan Direction": "Forward", "Index Name": "name_pkey", "Relation Name": "name", "Alias": "n1", "Startup Cost": 0.0, "Total Cost": 93071.9, "Plan Rows": 4167490, "Plan Width": 4}]}]}]}]}]}, "Unique SQL Id": 2457761703, "Planner Runtime": 45}, "explain_analyze_plan": {"Plan": {"Node Type": "Aggregate", "Strategy": "Plain", "Startup Cost": 589695.38, "Total Cost": 589695.39, "Plan Rows": 1, "Plan Width": 97, "Actual Startup Time": 8564.844, "Actual Total Time": 8564.845, "Actual Rows": 1, "Actual Loops": 1, "Plans": [{"Node Type": "Hash Join", "Parent Relationship": "Outer", "Join Type": "Inner", "Startup Cost": 561014.71, "Total Cost": 587909.89, "Plan Rows": 357098, "Plan Width": 33, "Actual Startup Time": 7931.833, "Actual Total Time": 8421.386, "Actual Rows": 323005, "Actual Loops": 1, "Inner Unique": false, "Hash Cond": "(an1.person_id = n1.id), (LLVM Optimized, Jit Execute)", "Plans": [{"Node Type": "Seq Scan", "Parent Relationship": "Outer", "Relation Name": "aka_name", "Alias": "an1", "Startup Cost": 0.0, "Total Cost": 19908.42, "Plan Rows": 901342, "Plan Width": 20, "Actual Startup Time": 0.026, "Actual Total Time": 214.616, "Actual Rows": 901342, "Actual Loops": 1}, {"Node Type": "Hash", "Parent Relationship": "Inner", "Startup Cost": 552133.97, "Total Cost": 552133.97, "Plan Rows": 710459, "Plan Width": 25, "Actual Startup Time": 7922.263, "Actual Total Time": 7922.263, "Actual Rows": 285537, "Actual Loops": 1, "Hash Buckets": 1048576, "Hash Batches": 1, "Original Hash Batches": 1, "Peak Memory Usage": 15952, "Plans": [{"Node Type": "Hash Join", "Parent Relationship": "Outer", "Join Type": "Inner", "Startup Cost": 341891.88, "Total Cost": 552133.97, "Plan Rows": 710459, "Plan Width": 25, "Actual Startup Time": 7313.692, "Actual Total Time": 7835.153, "Actual Rows": 285537, "Actual Loops": 1, "Inner Unique": true, "Hash Cond": "(ci.person_id = n1.id), (LLVM Optimized, Jit Execute)", "Plans": [{"Node Type": "Hash Join", "Parent Relationship": "Outer", "Join Type": "Inner", "Startup Cost": 196726.36, "Total Cost": 397199.64, "Plan Rows": 710459, "Plan Width": 21, "Actual Startup Time": 4717.169, "Actual Total Time": 5125.561, "Actual Rows": 285537, "Actual Loops": 1, "Inner Unique": false, "Hash Cond": "(ci.movie_id = t.id), (LLVM Optimized, Jit Execute)", "Plans": [{"Node Type": "Nested Loop", "Parent Relationship": "Outer", "Join Type": "Inner", "Startup Cost": 0.0, "Total Cost": 171406.94, "Plan Rows": 3296318, "Plan Width": 8, "Actual Startup Time": 0.127, "Actual Total Time": 201.773, "Actual Rows": 276403, "Actual Loops": 1, "Inner Unique": false, "Plans": [{"Node Type": "Seq Scan", "Parent Relationship": "Outer", "Relation Name": "role_type", "Alias": "rt", "Startup Cost": 0.0, "Total Cost": 1.15, "Plan Rows": 1, "Plan Width": 4, "Actual Startup Time": 0.063, "Actual Total Time": 0.082, "Actual Rows": 1, "Actual Loops": 1, "Filter": "((role)::text = 'costume designer'::text)", "Rows Removed by Filter": 11}, {"Node Type": "Index Scan", "Parent Relationship": "Inner", "Scan Direction": "Forward", "Index Name": "role_id_cast_info", "Relation Name": "cast_info", "Alias": "ci", "Startup Cost": 0.0, "Total Cost": 138442.61, "Plan Rows": 3296318, "Plan Width": 12, "Actual Startup Time": 0.052, "Actual Total Time": 147.938, "Actual Rows": 276403, "Actual Loops": 1, "Index Cond": "(role_id = rt.id), (LLVM Optimized, Jit Execute)", "Rows Removed by Index Recheck": 0}]}, {"Node Type": "Hash", "Parent Relationship": "Inner", "Startup Cost": 180697.47, "Total Cost": 180697.47, "Plan Rows": 1282311, "Plan Width": 25, "Actual Startup Time": 4712.398, "Actual Total Time": 4712.398, "Actual Rows": 1153797, "Actual Loops": 1, "Hash Buckets": 2097152, "Hash Batches": 1, "Original Hash Batches": 1, "Peak Memory Usage": 68508, "Plans": [{"Node Type": "Hash Join", "Parent Relationship": "Outer", "Join Type": "Inner", "Startup Cost": 98641.07, "Total Cost": 180697.47, "Plan Rows": 1282311, "Plan Width": 25, "Actual Startup Time": 1935.548, "Actual Total Time": 4190.972, "Actual Rows": 1153797, "Actual Loops": 1, "Inner Unique": true, "Hash Cond": "(mc.movie_id = t.id), (LLVM Optimized, Jit Execute)", "Plans": [{"Node Type": "Hash Join", "Parent Relationship": "Outer", "Join Type": "Inner", "Startup Cost": 6968.08, "Total Cost": 71392.69, "Plan Rows": 1282311, "Plan Width": 4, "Actual Startup Time": 112.405, "Actual Total Time": 1587.27, "Actual Rows": 1153797, "Actual Loops": 1, "Inner Unique": true, "Hash Cond": "(mc.company_id = cn.id), (LLVM Optimized, Jit Execute)", "Plans": [{"Node Type": "Seq Scan", "Parent Relationship": "Outer", "Relation Name": "movie_companies", "Alias": "mc", "Startup Cost": 0.0, "Total Cost": 41817.28, "Plan Rows": 2609128, "Plan Width": 8, "Actual Startup Time": 0.024, "Actual Total Time": 622.888, "Actual Rows": 2609128, "Actual Loops": 1}, {"Node Type": "Hash", "Parent Relationship": "Inner", "Startup Cost": 5903.45, "Total Cost": 5903.45, "Plan Rows": 85170, "Plan Width": 4, "Actual Startup Time": 112.277, "Actual Total Time": 112.277, "Actual Rows": 84843, "Actual Loops": 1, "Hash Buckets": 131072, "Hash Batches": 1, "Original Hash Batches": 1, "Peak Memory Usage": 2983, "Plans": [{"Node Type": "Seq Scan", "Parent Relationship": "Outer", "Relation Name": "company_name", "Alias": "cn", "Startup Cost": 0.0, "Total Cost": 5903.45, "Plan Rows": 85170, "Plan Width": 4, "Actual Startup Time": 0.024, "Actual Total Time": 89.803, "Actual Rows": 84843, "Actual Loops": 1, "Filter": "((country_code)::text = '[us]'::text)", "Rows Removed by Filter": 150153}]}]}, {"Node Type": "Hash", "Parent Relationship": "Inner", "Startup Cost": 60069.11, "Total Cost": 60069.11, "Plan Rows": 2528311, "Plan Width": 21, "Actual Startup Time": 1820.712, "Actual Total Time": 1820.712, "Actual Rows": 2528311, "Actual Loops": 1, "Hash Buckets": 4194304, "Hash Batches": 1, "Original Hash Batches": 1, "Peak Memory Usage": 135869, "Plans": [{"Node Type": "Seq Scan", "Parent Relationship": "Outer", "Relation Name": "title", "Alias": "t", "Startup Cost": 0.0, "Total Cost": 60069.11, "Plan Rows": 2528311, "Plan Width": 21, "Actual Startup Time": 0.033, "Actual Total Time": 812.077, "Actual Rows": 2528311, "Actual Loops": 1}]}]}]}]}, {"Node Type": "Hash", "Parent Relationship": "Inner", "Startup Cost": 93071.9, "Total Cost": 93071.9, "Plan Rows": 4167490, "Plan Width": 4, "Actual Startup Time": 2594.015, "Actual Total Time": 2594.015, "Actual Rows": 4167490, "Actual Loops": 1, "Hash Buckets": 4194304, "Hash Batches": 1, "Original Hash Batches": 1, "Peak Memory Usage": 146514, "Plans": [{"Node Type": "Index Only Scan", "Parent Relationship": "Outer", "Scan Direction": "Forward", "Index Name": "name_pkey", "Relation Name": "name", "Alias": "n1", "Startup Cost": 0.0, "Total Cost": 93071.9, "Plan Rows": 4167490, "Plan Width": 4, "Actual Startup Time": 0.036, "Actual Total Time": 1049.181, "Actual Rows": 4167490, "Actual Loops": 1, "Heap Fetches": 0}]}]}]}]}]}, "Triggers": [], "Planner Runtime": 82.942, "Total Runtime": 8576.378, "Unique SQL Id": 2457761703}}, "(1, '105')": {"explain_plan": {"Plan": {"Node Type": "Aggregate", "Strategy": "Plain", "Startup Cost": 807029.54, "Total Cost": 807029.55, "Plan Rows": 1, "Plan Width": 97, "Plans": [{"Node Type": "Hash Join", "Parent Relationship": "Outer", "Join Type": "Inner", "Startup Cost": 729292.26, "Total Cost": 805244.05, "Plan Rows": 357098, "Plan Width": 33, "Inner Unique": false, "Hash Cond": "(an1.person_id = n1.id), (LLVM Optimized)", "Plans": [{"Node Type": "Index Scan", "Parent Relationship": "Outer", "Scan Direction": "Forward", "Index Name": "person_id_aka_name", "Relation Name": "aka_name", "Alias": "an1", "Startup Cost": 0.0, "Total Cost": 68965.03, "Plan Rows": 901342, "Plan Width": 20}, {"Node Type": "Hash", "Parent Relationship": "Inner", "Startup Cost": 720411.52, "Total Cost": 720411.52, "Plan Rows": 710459, "Plan Width": 25, "Plans": [{"Node Type": "Hash Join", "Parent Relationship": "Outer", "Join Type": "Inner", "Startup Cost": 510158.12, "Total Cost": 720411.52, "Plan Rows": 710459, "Plan Width": 25, "Inner Unique": true, "Hash Cond": "(ci.person_id = n1.id), (LLVM Optimized)", "Plans": [{"Node Type": "Hash Join", "Parent Relationship": "Outer", "Join Type": "Inner", "Startup Cost": 333231.89, "Total Cost": 533716.49, "Plan Rows": 710459, "Plan Width": 21, "Inner Unique": false, "Hash Cond": "(ci.movie_id = t.id), (LLVM Optimized)", "Plans": [{"Node Type": "Nested Loop", "Parent Relationship": "Outer", "Join Type": "Inner", "Startup Cost": 0.0, "Total Cost": 171418.25, "Plan Rows": 3296318, "Plan Width": 8, "Inner Unique": false, "Plans": [{"Node Type": "Index Scan", "Parent Relationship": "Outer", "Scan Direction": "Forward", "Index Name": "role_type_pkey", "Relation Name": "role_type", "Alias": "rt", "Startup Cost": 0.0, "Total Cost": 12.46, "Plan Rows": 1, "Plan Width": 4, "Filter": "((role)::text = 'costume designer'::text)"}, {"Node Type": "Index Scan", "Parent Relationship": "Inner", "Scan Direction": "Forward", "Index Name": "role_id_cast_info", "Relation Name": "cast_info", "Alias": "ci", "Startup Cost": 0.0, "Total Cost": 138442.61, "Plan Rows": 3296318, "Plan Width": 12, "Index Cond": "(role_id = rt.id), (LLVM Optimized)"}]}, {"Node Type": "Hash", "Parent Relationship": "Inner", "Startup Cost": 317203.01, "Total Cost": 317203.01, "Plan Rows": 1282311, "Plan Width": 25, "Plans": [{"Node Type": "Hash Join", "Parent Relationship": "Outer", "Join Type": "Inner", "Startup Cost": 153290.39, "Total Cost": 317203.01, "Plan Rows": 1282311, "Plan Width": 25, "Inner Unique": true, "Hash Cond": "(mc.movie_id = t.id), (LLVM Optimized)", "Plans": [{"Node Type": "Hash Join", "Parent Relationship": "Outer", "Join Type": "Inner", "Startup Cost": 11566.01, "Total Cost": 157846.85, "Plan Rows": 1282311, "Plan Width": 4, "Inner Unique": true, "Hash Cond": "(mc.company_id = cn.id), (LLVM Optimized)", "Plans": [{"Node Type": "Index Scan", "Parent Relationship": "Outer", "Scan Direction": "Forward", "Index Name": "company_id_movie_companies", "Relation Name": "movie_companies", "Alias": "mc", "Startup Cost": 0.0, "Total Cost": 123673.5, "Plan Rows": 2609128, "Plan Width": 8}, {"Node Type": "Hash", "Parent Relationship": "Inner", "Startup Cost": 10501.39, "Total Cost": 10501.39, "Plan Rows": 85170, "Plan Width": 4, "Plans": [{"Node Type": "Index Scan", "Parent Relationship": "Outer", "Scan Direction": "Forward", "Index Name": "company_name_pkey", "Relation Name": "company_name", "Alias": "cn", "Startup Cost": 0.0, "Total Cost": 10501.39, "Plan Rows": 85170, "Plan Width": 4, "Filter": "((country_code)::text = '[us]'::text)"}]}]}, {"Node Type": "Hash", "Parent Relationship": "Inner", "Startup Cost": 110120.49, "Total Cost": 110120.49, "Plan Rows": 2528311, "Plan Width": 21, "Plans": [{"Node Type": "Index Scan", "Parent Relationship": "Outer", "Scan Direction": "Forward", "Index Name": "title_pkey", "Relation Name": "title", "Alias": "t", "Startup Cost": 0.0, "Total Cost": 110120.49, "Plan Rows": 2528311, "Plan Width": 21}]}]}]}]}, {"Node Type": "Hash", "Parent Relationship": "Inner", "Startup Cost": 124832.6, "Total Cost": 124832.6, "Plan Rows": 4167490, "Plan Width": 4, "Plans": [{"Node Type": "Index Only Scan", "Parent Relationship": "Outer", "Scan Direction": "Forward", "Index Name": "name_pkey", "Relation Name": "name", "Alias": "n1", "Startup Cost": 0.0, "Total Cost": 124832.6, "Plan Rows": 4167490, "Plan Width": 4}]}]}]}]}]}, "Unique SQL Id": 2457761703, "Planner Runtime": 38}, "explain_analyze_plan": {"Plan": {"Node Type": "Aggregate", "Strategy": "Plain", "Startup Cost": 807029.54, "Total Cost": 807029.55, "Plan Rows": 1, "Plan Width": 97, "Actual Startup Time": 13858.107, "Actual Total Time": 13858.107, "Actual Rows": 1, "Actual Loops": 1, "Plans": [{"Node Type": "Hash Join", "Parent Relationship": "Outer", "Join Type": "Inner", "Startup Cost": 729292.26, "Total Cost": 805244.05, "Plan Rows": 357098, "Plan Width": 33, "Actual Startup Time": 12857.562, "Actual Total Time": 13711.931, "Actual Rows": 323005, "Actual Loops": 1, "Inner Unique": false, "Hash Cond": "(an1.person_id = n1.id), (LLVM Optimized, Jit Execute)", "Plans": [{"Node Type": "Index Scan", "Parent Relationship": "Outer", "Scan Direction": "Forward", "Index Name": "person_id_aka_name", "Relation Name": "aka_name", "Alias": "an1", "Startup Cost": 0.0, "Total Cost": 68965.03, "Plan Rows": 901342, "Plan Width": 20, "Actual Startup Time": 0.041, "Actual Total Time": 579.364, "Actual Rows": 901342, "Actual Loops": 1}, {"Node Type": "Hash", "Parent Relationship": "Inner", "Startup Cost": 720411.52, "Total Cost": 720411.52, "Plan Rows": 710459, "Plan Width": 25, "Actual Startup Time": 12851.586, "Actual Total Time": 12851.586, "Actual Rows": 285537, "Actual Loops": 1, "Hash Buckets": 1048576, "Hash Batches": 1, "Original Hash Batches": 1, "Peak Memory Usage": 15952, "Plans": [{"Node Type": "Hash Join", "Parent Relationship": "Outer", "Join Type": "Inner", "Startup Cost": 510158.12, "Total Cost": 720411.52, "Plan Rows": 710459, "Plan Width": 25, "Actual Startup Time": 12299.088, "Actual Total Time": 12766.19, "Actual Rows": 285537, "Actual Loops": 1, "Inner Unique": true, "Hash Cond": "(ci.person_id = n1.id), (LLVM Optimized, Jit Execute)", "Plans": [{"Node Type": "Hash Join", "Parent Relationship": "Outer", "Join Type": "Inner", "Startup Cost": 333231.89, "Total Cost": 533716.49, "Plan Rows": 710459, "Plan Width": 21, "Actual Startup Time": 9584.085, "Actual Total Time": 9933.029, "Actual Rows": 285537, "Actual Loops": 1, "Inner Unique": false, "Hash Cond": "(ci.movie_id = t.id), (LLVM Optimized, Jit Execute)", "Plans": [{"Node Type": "Nested Loop", "Parent Relationship": "Outer", "Join Type": "Inner", "Startup Cost": 0.0, "Total Cost": 171418.25, "Plan Rows": 3296318, "Plan Width": 8, "Actual Startup Time": 0.135, "Actual Total Time": 183.588, "Actual Rows": 276403, "Actual Loops": 1, "Inner Unique": false, "Plans": [{"Node Type": "Index Scan", "Parent Relationship": "Outer", "Scan Direction": "Forward", "Index Name": "role_type_pkey", "Relation Name": "role_type", "Alias": "rt", "Startup Cost": 0.0, "Total Cost": 12.46, "Plan Rows": 1, "Plan Width": 4, "Actual Startup Time": 0.063, "Actual Total Time": 0.075, "Actual Rows": 1, "Actual Loops": 1, "Filter": "((role)::text = 'costume designer'::text)", "Rows Removed by Filter": 11}, {"Node Type": "Index Scan", "Parent Relationship": "Inner", "Scan Direction": "Forward", "Index Name": "role_id_cast_info", "Relation Name": "cast_info", "Alias": "ci", "Startup Cost": 0.0, "Total Cost": 138442.61, "Plan Rows": 3296318, "Plan Width": 12, "Actual Startup Time": 0.057, "Actual Total Time": 130.041, "Actual Rows": 276403, "Actual Loops": 1, "Index Cond": "(role_id = rt.id), (LLVM Optimized, Jit Execute)", "Rows Removed by Index Recheck": 0}]}, {"Node Type": "Hash", "Parent Relationship": "Inner", "Startup Cost": 317203.01, "Total Cost": 317203.01, "Plan Rows": 1282311, "Plan Width": 25, "Actual Startup Time": 9577.573, "Actual Total Time": 9577.573, "Actual Rows": 1153797, "Actual Loops": 1, "Hash Buckets": 2097152, "Hash Batches": 1, "Original Hash Batches": 1, "Peak Memory Usage": 68508, "Plans": [{"Node Type": "Hash Join", "Parent Relationship": "Outer", "Join Type": "Inner", "Startup Cost": 153290.39, "Total Cost": 317203.01, "Plan Rows": 1282311, "Plan Width": 25, "Actual Startup Time": 4985.052, "Actual Total Time": 9091.356, "Actual Rows": 1153797, "Actual Loops": 1, "Inner Unique": true, "Hash Cond": "(mc.movie_id = t.id), (LLVM Optimized, Jit Execute)", "Plans": [{"Node Type": "Hash Join", "Parent Relationship": "Outer", "Join Type": "Inner", "Startup Cost": 11566.01, "Total Cost": 157846.85, "Plan Rows": 1282311, "Plan Width": 4, "Actual Startup Time": 351.019, "Actual Total Time": 3768.854, "Actual Rows": 1153797, "Actual Loops": 1, "Inner Unique": true, "Hash Cond": "(mc.company_id = cn.id), (LLVM Optimized, Jit Execute)", "Plans": [{"Node Type": "Index Scan", "Parent Relationship": "Outer", "Scan Direction": "Forward", "Index Name": "company_id_movie_companies", "Relation Name": "movie_companies", "Alias": "mc", "Startup Cost": 0.0, "Total Cost": 123673.5, "Plan Rows": 2609128, "Plan Width": 8, "Actual Startup Time": 0.046, "Actual Total Time": 2648.606, "Actual Rows": 2609128, "Actual Loops": 1}, {"Node Type": "Hash", "Parent Relationship": "Inner", "Startup Cost": 10501.39, "Total Cost": 10501.39, "Plan Rows": 85170, "Plan Width": 4, "Actual Startup Time": 350.797, "Actual Total Time": 350.797, "Actual Rows": 84843, "Actual Loops": 1, "Hash Buckets": 131072, "Hash Batches": 1, "Original Hash Batches": 1, "Peak Memory Usage": 2983, "Plans": [{"Node Type": "Index Scan", "Parent Relationship": "Outer", "Scan Direction": "Forward", "Index Name": "company_name_pkey", "Relation Name": "company_name", "Alias": "cn", "Startup Cost": 0.0, "Total Cost": 10501.39, "Plan Rows": 85170, "Plan Width": 4, "Actual Startup Time": 0.057, "Actual Total Time": 321.591, "Actual Rows": 84843, "Actual Loops": 1, "Filter": "((country_code)::text = '[us]'::text)", "Rows Removed by Filter": 150153}]}]}, {"Node Type": "Hash", "Parent Relationship": "Inner", "Startup Cost": 110120.49, "Total Cost": 110120.49, "Plan Rows": 2528311, "Plan Width": 21, "Actual Startup Time": 4629.304, "Actual Total Time": 4629.304, "Actual Rows": 2528311, "Actual Loops": 1, "Hash Buckets": 4194304, "Hash Batches": 1, "Original Hash Batches": 1, "Peak Memory Usage": 135869, "Plans": [{"Node Type": "Index Scan", "Parent Relationship": "Outer", "Scan Direction": "Forward", "Index Name": "title_pkey", "Relation Name": "title", "Alias": "t", "Startup Cost": 0.0, "Total Cost": 110120.49, "Plan Rows": 2528311, "Plan Width": 21, "Actual Startup Time": 0.058, "Actual Total Time": 3278.384, "Actual Rows": 2528311, "Actual Loops": 1}]}]}]}]}, {"Node Type": "Hash", "Parent Relationship": "Inner", "Startup Cost": 124832.6, "Total Cost": 124832.6, "Plan Rows": 4167490, "Plan Width": 4, "Actual Startup Time": 2712.136, "Actual Total Time": 2712.136, "Actual Rows": 4167490, "Actual Loops": 1, "Hash Buckets": 4194304, "Hash Batches": 1, "Original Hash Batches": 1, "Peak Memory Usage": 146514, "Plans": [{"Node Type": "Index Only Scan", "Parent Relationship": "Outer", "Scan Direction": "Forward", "Index Name": "name_pkey", "Relation Name": "name", "Alias": "n1", "Startup Cost": 0.0, "Total Cost": 124832.6, "Plan Rows": 4167490, "Plan Width": 4, "Actual Startup Time": 0.032, "Actual Total Time": 1098.365, "Actual Rows": 4167490, "Actual Loops": 1, "Heap Fetches": 0}]}]}]}]}]}, "Triggers": [], "Planner Runtime": 38.82, "Total Runtime": 13869.698, "Unique SQL Id": 2457761703}}, "(1, '106')": {"explain_plan": {"Plan": {"Node Type": "Aggregate", "Strategy": "Plain", "Startup Cost": 1144362.67, "Total Cost": 1144362.68, "Plan Rows": 1, "Plan Width": 97, "Plans": [{"Node Type": "Hash Join", "Parent Relationship": "Outer", "Join Type": "Inner", "Startup Cost": 1115325.41, "Total Cost": 1142577.18, "Plan Rows": 357098, "Plan Width": 33, "Inner Unique": false, "Hash Cond": "(an1.person_id = n1.id), (LLVM Optimized)", "Plans": [{"Node Type": "Seq Scan", "Parent Relationship": "Outer", "Relation Name": "aka_name", "Alias": "an1", "Startup Cost": 0.0, "Total Cost": 19908.42, "Plan Rows": 901342, "Plan Width": 20}, {"Node Type": "Hash", "Parent Relationship": "Inner", "Startup Cost": 1106444.67, "Total Cost": 1106444.67, "Plan Rows": 710459, "Plan Width": 25, "Plans": [{"Node Type": "Hash Join", "Parent Relationship": "Outer", "Join Type": "Inner", "Startup Cost": 341893.04, "Total Cost": 1106444.67, "Plan Rows": 710459, "Plan Width": 25, "Inner Unique": true, "Hash Cond": "(ci.person_id = n1.id), (LLVM Optimized)", "Plans": [{"Node Type": "Hash Join", "Parent Relationship": "Outer", "Join Type": "Inner", "Startup Cost": 196727.52, "Total Cost": 951510.34, "Plan Rows": 710459, "Plan Width": 21, "Inner Unique": false, "Hash Cond": "(ci.movie_id = t.id), (LLVM Optimized)", "Plans": [{"Node Type": "Hash Join", "Parent Relationship": "Outer", "Join Type": "Inner", "Startup Cost": 1.16, "Total Cost": 725717.64, "Plan Rows": 3296318, "Plan Width": 8, "Inner Unique": true, "Hash Cond": "(ci.role_id = rt.id), (LLVM Optimized)", "Plans": [{"Node Type": "Seq Scan", "Parent Relationship": "Outer", "Relation Name": "cast_info", "Alias": "ci", "Startup Cost": 0.0, "Total Cost": 601877.94, "Plan Rows": 36259494, "Plan Width": 12}, {"Node Type": "Hash", "Parent Relationship": "Inner", "Startup Cost": 1.15, "Total Cost": 1.15, "Plan Rows": 1, "Plan Width": 4, "Plans": [{"Node Type": "Seq Scan", "Parent Relationship": "Outer", "Relation Name": "role_type", "Alias": "rt", "Startup Cost": 0.0, "Total Cost": 1.15, "Plan Rows": 1, "Plan Width": 4, "Filter": "((role)::text = 'costume designer'::text)"}]}]}, {"Node Type": "Hash", "Parent Relationship": "Inner", "Startup Cost": 180697.47, "Total Cost": 180697.47, "Plan Rows": 1282311, "Plan Width": 25, "Plans": [{"Node Type": "Hash Join", "Parent Relationship": "Outer", "Join Type": "Inner", "Startup Cost": 98641.07, "Total Cost": 180697.47, "Plan Rows": 1282311, "Plan Width": 25, "Inner Unique": true, "Hash Cond": "(mc.movie_id = t.id), (LLVM Optimized)", "Plans": [{"Node Type": "Hash Join", "Parent Relationship": "Outer", "Join Type": "Inner", "Startup Cost": 6968.08, "Total Cost": 71392.69, "Plan Rows": 1282311, "Plan Width": 4, "Inner Unique": true, "Hash Cond": "(mc.company_id = cn.id), (LLVM Optimized)", "Plans": [{"Node Type": "Seq Scan", "Parent Relationship": "Outer", "Relation Name": "movie_companies", "Alias": "mc", "Startup Cost": 0.0, "Total Cost": 41817.28, "Plan Rows": 2609128, "Plan Width": 8}, {"Node Type": "Hash", "Parent Relationship": "Inner", "Startup Cost": 5903.45, "Total Cost": 5903.45, "Plan Rows": 85170, "Plan Width": 4, "Plans": [{"Node Type": "Seq Scan", "Parent Relationship": "Outer", "Relation Name": "company_name", "Alias": "cn", "Startup Cost": 0.0, "Total Cost": 5903.45, "Plan Rows": 85170, "Plan Width": 4, "Filter": "((country_code)::text = '[us]'::text)"}]}]}, {"Node Type": "Hash", "Parent Relationship": "Inner", "Startup Cost": 60069.11, "Total Cost": 60069.11, "Plan Rows": 2528311, "Plan Width": 21, "Plans": [{"Node Type": "Seq Scan", "Parent Relationship": "Outer", "Relation Name": "title", "Alias": "t", "Startup Cost": 0.0, "Total Cost": 60069.11, "Plan Rows": 2528311, "Plan Width": 21}]}]}]}]}, {"Node Type": "Hash", "Parent Relationship": "Inner", "Startup Cost": 93071.9, "Total Cost": 93071.9, "Plan Rows": 4167490, "Plan Width": 4, "Plans": [{"Node Type": "Seq Scan", "Parent Relationship": "Outer", "Relation Name": "name", "Alias": "n1", "Startup Cost": 0.0, "Total Cost": 93071.9, "Plan Rows": 4167490, "Plan Width": 4}]}]}]}]}]}, "Unique SQL Id": 2457761703, "Planner Runtime": 40}, "explain_analyze_plan": null}, "(1, '107')": {"explain_plan": {"Plan": {"Node Type": "Aggregate", "Strategy": "Plain", "Startup Cost": 7000058938280.42, "Total Cost": 7000058938280.43, "Plan Rows": 1, "Plan Width": 97, "Plans": [{"Node Type": "Hash Join", "Parent Relationship": "Outer", "Join Type": "Inner", "Startup Cost": 5020043937944.31, "Total Cost": 7000058936494.93, "Plan Rows": 357098, "Plan Width": 33, "Inner Unique": true, "Hash Cond": "(ci.movie_id = t.id), (LLVM Optimized)", "Plans": [{"Node Type": "Hash Join", "Parent Relationship": "Outer", "Join Type": "Inner", "Startup Cost": 4020032894291.5, "Total Cost": 6000047887930.97, "Plan Rows": 357379, "Plan Width": 24, "Inner Unique": true, "Hash Cond": "(an1.person_id = n1.id), (LLVM Optimized)", "Plans": [{"Node Type": "Hash Join", "Parent Relationship": "Outer", "Join Type": "Inner", "Startup Cost": 3020020358937.88, "Total Cost": 5000035347663.39, "Plan Rows": 357379, "Plan Width": 32, "Inner Unique": false, "Hash Cond": "(ci.person_id = an1.person_id), (LLVM Optimized)", "Plans": [{"Node Type": "Hash Join", "Parent Relationship": "Outer", "Join Type": "Inner", "Startup Cost": 2020013451167.68, "Total Cost": 4000028220844.2, "Plan Rows": 711018, "Plan Width": 12, "Inner Unique": true, "Hash Cond": "(mc.company_id = cn.id), (LLVM Optimized)", "Plans": [{"Node Type": "Hash Join", "Parent Relationship": "Outer", "Join Type": "Inner", "Startup Cost": 1020012399964.08, "Total Cost": 3000027157105.25, "Plan Rows": 1446714, "Plan Width": 16, "Inner Unique": false, "Hash Cond": "(ci.movie_id = mc.movie_id), (LLVM Optimized)", "Plans": [{"Node Type": "Nested Loop", "Parent Relationship": "Outer", "Join Type": "Inner", "Startup Cost": 20000000000.0, "Total Cost": 2000013878470.18, "Plan Rows": 3296318, "Plan Width": 8, "Inner Unique": false, "Plans": [{"Node Type": "Index Scan", "Parent Relationship": "Outer", "Scan Direction": "Forward", "Index Name": "role_type_pkey", "Relation Name": "role_type", "Alias": "rt", "Startup Cost": 10000000000.0, "Total Cost": 1000000001246.0, "Plan Rows": 1, "Plan Width": 4, "Filter": "((role)::text = 'costume designer'::text)"}, {"Node Type": "Index Scan", "Parent Relationship": "Inner", "Scan Direction": "Forward", "Index Name": "role_id_cast_info", "Relation Name": "cast_info", "Alias": "ci", "Startup Cost": 10000000000.0, "Total Cost": 1000013844261.0, "Plan Rows": 3296318, "Plan Width": 12, "Index Cond": "(role_id = rt.id), (LLVM Optimized)"}]}, {"Node Type": "Hash", "Parent Relationship": "Inner", "Startup Cost": 1000012367349.98, "Total Cost": 1000012367349.98, "Plan Rows": 2609128, "Plan Width": 8, "Plans": [{"Node Type": "Index Scan", "Parent Relationship": "Outer", "Scan Direction": "Forward", "Index Name": "company_id_movie_companies", "Relation Name": "movie_companies", "Alias": "mc", "Startup Cost": 10000000000.0, "Total Cost": 1000012367349.98, "Plan Rows": 2609128, "Plan Width": 8}]}]}, {"Node Type": "Hash", "Parent Relationship": "Inner", "Startup Cost": 1000001050138.97, "Total Cost": 1000001050138.97, "Plan Rows": 85170, "Plan Width": 4, "Plans": [{"Node Type": "Index Scan", "Parent Relationship": "Outer", "Scan Direction": "Forward", "Index Name": "company_name_pkey", "Relation Name": "company_name", "Alias": "cn", "Startup Cost": 10000000000.0, "Total Cost": 1000001050138.97, "Plan Rows": 85170, "Plan Width": 4, "Filter": "((country_code)::text = '[us]'::text)"}]}]}, {"Node Type": "Hash", "Parent Relationship": "Inner", "Startup Cost": 1000006896503.43, "Total Cost": 1000006896503.43, "Plan Rows": 901342, "Plan Width": 20, "Plans": [{"Node Type": "Index Scan", "Parent Relationship": "Outer", "Scan Direction": "Forward", "Index Name": "person_id_aka_name", "Relation Name": "aka_name", "Alias": "an1", "Startup Cost": 10000000000.0, "Total Cost": 1000006896503.43, "Plan Rows": 901342, "Plan Width": 20}]}]}, {"Node Type": "Hash", "Parent Relationship": "Inner", "Startup Cost": 1000012483260.0, "Total Cost": 1000012483260.0, "Plan Rows": 4167490, "Plan Width": 4, "Plans": [{"Node Type": "Index Only Scan", "Parent Relationship": "Outer", "Scan Direction": "Forward", "Index Name": "name_pkey", "Relation Name": "name", "Alias": "n1", "Startup Cost": 10000000000.0, "Total Cost": 1000012483260.0, "Plan Rows": 4167490, "Plan Width": 4}]}]}, {"Node Type": "Hash", "Parent Relationship": "Inner", "Startup Cost": 1000011012048.91, "Total Cost": 1000011012048.91, "Plan Rows": 2528311, "Plan Width": 21, "Plans": [{"Node Type": "Index Scan", "Parent Relationship": "Outer", "Scan Direction": "Forward", "Index Name": "title_pkey", "Relation Name": "title", "Alias": "t", "Startup Cost": 10000000000.0, "Total Cost": 1000011012048.91, "Plan Rows": 2528311, "Plan Width": 21}]}]}]}, "Unique SQL Id": 2457761703, "Planner Runtime": 41}, "explain_analyze_plan": {"Plan": {"Node Type": "Aggregate", "Strategy": "Plain", "Startup Cost": 7000058938280.42, "Total Cost": 7000058938280.43, "Plan Rows": 1, "Plan Width": 97, "Actual Startup Time": 12980.848, "Actual Total Time": 12980.848, "Actual Rows": 1, "Actual Loops": 1, "Plans": [{"Node Type": "Hash Join", "Parent Relationship": "Outer", "Join Type": "Inner", "Startup Cost": 5020043937944.31, "Total Cost": 7000058936494.93, "Plan Rows": 357098, "Plan Width": 33, "Actual Startup Time": 11685.81, "Actual Total Time": 12824.401, "Actual Rows": 323005, "Actual Loops": 1, "Inner Unique": true, "Hash Cond": "(ci.movie_id = t.id), (LLVM Optimized, Jit Execute)", "Plans": [{"Node Type": "Hash Join", "Parent Relationship": "Outer", "Join Type": "Inner", "Startup Cost": 4020032894291.5, "Total Cost": 6000047887930.97, "Plan Rows": 357379, "Plan Width": 24, "Actual Startup Time": 7490.065, "Actual Total Time": 8469.618, "Actual Rows": 323005, "Actual Loops": 1, "Inner Unique": true, "Hash Cond": "(an1.person_id = n1.id), (LLVM Optimized, Jit Execute)", "Plans": [{"Node Type": "Hash Join", "Parent Relationship": "Outer", "Join Type": "Inner", "Startup Cost": 3020020358937.88, "Total Cost": 5000035347663.39, "Plan Rows": 357379, "Plan Width": 32, "Actual Startup Time": 5140.255, "Actual Total Time": 6000.977, "Actual Rows": 323005, "Actual Loops": 1, "Inner Unique": false, "Hash Cond": "(ci.person_id = an1.person_id), (LLVM Optimized, Jit Execute)", "Plans": [{"Node Type": "Hash Join", "Parent Relationship": "Outer", "Join Type": "Inner", "Startup Cost": 2020013451167.68, "Total Cost": 4000028220844.2, "Plan Rows": 711018, "Plan Width": 12, "Actual Startup Time": 3895.419, "Actual Total Time": 4620.511, "Actual Rows": 285537, "Actual Loops": 1, "Inner Unique": true, "Hash Cond": "(mc.company_id = cn.id), (LLVM Optimized, Jit Execute)", "Plans": [{"Node Type": "Hash Join", "Parent Relationship": "Outer", "Join Type": "Inner", "Startup Cost": 1020012399964.08, "Total Cost": 3000027157105.25, "Plan Rows": 1446714, "Plan Width": 16, "Actual Startup Time": 3587.451, "Actual Total Time": 4093.385, "Actual Rows": 794590, "Actual Loops": 1, "Inner Unique": false, "Hash Cond": "(ci.movie_id = mc.movie_id), (LLVM Optimized, Jit Execute)", "Plans": [{"Node Type": "Nested Loop", "Parent Relationship": "Outer", "Join Type": "Inner", "Startup Cost": 20000000000.0, "Total Cost": 2000013878470.18, "Plan Rows": 3296318, "Plan Width": 8, "Actual Startup Time": 0.09, "Actual Total Time": 193.833, "Actual Rows": 276403, "Actual Loops": 1, "Inner Unique": false, "Plans": [{"Node Type": "Index Scan", "Parent Relationship": "Outer", "Scan Direction": "Forward", "Index Name": "role_type_pkey", "Relation Name": "role_type", "Alias": "rt", "Startup Cost": 10000000000.0, "Total Cost": 1000000001246.0, "Plan Rows": 1, "Plan Width": 4, "Actual Startup Time": 0.037, "Actual Total Time": 0.053, "Actual Rows": 1, "Actual Loops": 1, "Filter": "((role)::text = 'costume designer'::text)", "Rows Removed by Filter": 11}, {"Node Type": "Index Scan", "Parent Relationship": "Inner", "Scan Direction": "Forward", "Index Name": "role_id_cast_info", "Relation Name": "cast_info", "Alias": "ci", "Startup Cost": 10000000000.0, "Total Cost": 1000013844261.0, "Plan Rows": 3296318, "Plan Width": 12, "Actual Startup Time": 0.041, "Actual Total Time": 139.729, "Actual Rows": 276403, "Actual Loops": 1, "Index Cond": "(role_id = rt.id), (LLVM Optimized, Jit Execute)", "Rows Removed by Index Recheck": 0}]}, {"Node Type": "Hash", "Parent Relationship": "Inner", "Startup Cost": 1000012367349.98, "Total Cost": 1000012367349.98, "Plan Rows": 2609128, "Plan Width": 8, "Actual Startup Time": 3584.795, "Actual Total Time": 3584.795, "Actual Rows": 2609128, "Actual Loops": 1, "Hash Buckets": 4194304, "Hash Batches": 1, "Original Hash Batches": 1, "Peak Memory Usage": 101920, "Plans": [{"Node Type": "Index Scan", "Parent Relationship": "Outer", "Scan Direction": "Forward", "Index Name": "company_id_movie_companies", "Relation Name": "movie_companies", "Alias": "mc", "Startup Cost": 10000000000.0, "Total Cost": 1000012367349.98, "Plan Rows": 2609128, "Plan Width": 8, "Actual Startup Time": 0.031, "Actual Total Time": 2666.127, "Actual Rows": 2609128, "Actual Loops": 1}]}]}, {"Node Type": "Hash", "Parent Relationship": "Inner", "Startup Cost": 1000001050138.97, "Total Cost": 1000001050138.97, "Plan Rows": 85170, "Plan Width": 4, "Actual Startup Time": 307.725, "Actual Total Time": 307.725, "Actual Rows": 84843, "Actual Loops": 1, "Hash Buckets": 131072, "Hash Batches": 1, "Original Hash Batches": 1, "Peak Memory Usage": 2983, "Plans": [{"Node Type": "Index Scan", "Parent Relationship": "Outer", "Scan Direction": "Forward", "Index Name": "company_name_pkey", "Relation Name": "company_name", "Alias": "cn", "Startup Cost": 10000000000.0, "Total Cost": 1000001050138.97, "Plan Rows": 85170, "Plan Width": 4, "Actual Startup Time": 0.099, "Actual Total Time": 281.434, "Actual Rows": 84843, "Actual Loops": 1, "Filter": "((country_code)::text = '[us]'::text)", "Rows Removed by Filter": 150153}]}]}, {"Node Type": "Hash", "Parent Relationship": "Inner", "Startup Cost": 1000006896503.43, "Total Cost": 1000006896503.43, "Plan Rows": 901342, "Plan Width": 20, "Actual Startup Time": 1244.177, "Actual Total Time": 1244.177, "Actual Rows": 901342, "Actual Loops": 1, "Hash Buckets": 1048576, "Hash Batches": 1, "Original Hash Batches": 1, "Peak Memory Usage": 47724, "Plans": [{"Node Type": "Index Scan", "Parent Relationship": "Outer", "Scan Direction": "Forward", "Index Name": "person_id_aka_name", "Relation Name": "aka_name", "Alias": "an1", "Startup Cost": 10000000000.0, "Total Cost": 1000006896503.43, "Plan Rows": 901342, "Plan Width": 20, "Actual Startup Time": 0.044, "Actual Total Time": 862.199, "Actual Rows": 901342, "Actual Loops": 1}]}]}, {"Node Type": "Hash", "Parent Relationship": "Inner", "Startup Cost": 1000012483260.0, "Total Cost": 1000012483260.0, "Plan Rows": 4167490, "Plan Width": 4, "Actual Startup Time": 2347.278, "Actual Total Time": 2347.278, "Actual Rows": 4167490, "Actual Loops": 1, "Hash Buckets": 4194304, "Hash Batches": 1, "Original Hash Batches": 1, "Peak Memory Usage": 146514, "Plans": [{"Node Type": "Index Only Scan", "Parent Relationship": "Outer", "Scan Direction": "Forward", "Index Name": "name_pkey", "Relation Name": "name", "Alias": "n1", "Startup Cost": 10000000000.0, "Total Cost": 1000012483260.0, "Plan Rows": 4167490, "Plan Width": 4, "Actual Startup Time": 0.042, "Actual Total Time": 1019.729, "Actual Rows": 4167490, "Actual Loops": 1, "Heap Fetches": 0}]}]}, {"Node Type": "Hash", "Parent Relationship": "Inner", "Startup Cost": 1000011012048.91, "Total Cost": 1000011012048.91, "Plan Rows": 2528311, "Plan Width": 21, "Actual Startup Time": 4193.16, "Actual Total Time": 4193.16, "Actual Rows": 2528311, "Actual Loops": 1, "Hash Buckets": 4194304, "Hash Batches": 1, "Original Hash Batches": 1, "Peak Memory Usage": 135869, "Plans": [{"Node Type": "Index Scan", "Parent Relationship": "Outer", "Scan Direction": "Forward", "Index Name": "title_pkey", "Relation Name": "title", "Alias": "t", "Startup Cost": 10000000000.0, "Total Cost": 1000011012048.91, "Plan Rows": 2528311, "Plan Width": 21, "Actual Startup Time": 0.054, "Actual Total Time": 3031.861, "Actual Rows": 2528311, "Actual Loops": 1}]}]}]}, "Triggers": [], "Planner Runtime": 41.426, "Total Runtime": 12996.097, "Unique SQL Id": 2457761703}}, "(1, '108')": {"explain_plan": {"Plan": {"Node Type": "Aggregate", "Strategy": "Plain", "Startup Cost": 589695.38, "Total Cost": 589695.39, "Plan Rows": 1, "Plan Width": 97, "Plans": [{"Node Type": "Hash Join", "Parent Relationship": "Outer", "Join Type": "Inner", "Startup Cost": 561014.71, "Total Cost": 587909.89, "Plan Rows": 357098, "Plan Width": 33, "Inner Unique": false, "Hash Cond": "(an1.person_id = n1.id), (LLVM Optimized)", "Plans": [{"Node Type": "Seq Scan", "Parent Relationship": "Outer", "Relation Name": "aka_name", "Alias": "an1", "Startup Cost": 0.0, "Total Cost": 19908.42, "Plan Rows": 901342, "Plan Width": 20}, {"Node Type": "Hash", "Parent Relationship": "Inner", "Startup Cost": 552133.97, "Total Cost": 552133.97, "Plan Rows": 710459, "Plan Width": 25, "Plans": [{"Node Type": "Hash Join", "Parent Relationship": "Outer", "Join Type": "Inner", "Startup Cost": 341891.88, "Total Cost": 552133.97, "Plan Rows": 710459, "Plan Width": 25, "Inner Unique": true, "Hash Cond": "(ci.person_id = n1.id), (LLVM Optimized)", "Plans": [{"Node Type": "Hash Join", "Parent Relationship": "Outer", "Join Type": "Inner", "Startup Cost": 196726.36, "Total Cost": 397199.64, "Plan Rows": 710459, "Plan Width": 21, "Inner Unique": false, "Hash Cond": "(ci.movie_id = t.id), (LLVM Optimized)", "Plans": [{"Node Type": "Nested Loop", "Parent Relationship": "Outer", "Join Type": "Inner", "Startup Cost": 0.0, "Total Cost": 171406.94, "Plan Rows": 3296318, "Plan Width": 8, "Inner Unique": false, "Plans": [{"Node Type": "Seq Scan", "Parent Relationship": "Outer", "Relation Name": "role_type", "Alias": "rt", "Startup Cost": 0.0, "Total Cost": 1.15, "Plan Rows": 1, "Plan Width": 4, "Filter": "((role)::text = 'costume designer'::text)"}, {"Node Type": "Index Scan", "Parent Relationship": "Inner", "Scan Direction": "Forward", "Index Name": "role_id_cast_info", "Relation Name": "cast_info", "Alias": "ci", "Startup Cost": 0.0, "Total Cost": 138442.61, "Plan Rows": 3296318, "Plan Width": 12, "Index Cond": "(role_id = rt.id), (LLVM Optimized)"}]}, {"Node Type": "Hash", "Parent Relationship": "Inner", "Startup Cost": 180697.47, "Total Cost": 180697.47, "Plan Rows": 1282311, "Plan Width": 25, "Plans": [{"Node Type": "Hash Join", "Parent Relationship": "Outer", "Join Type": "Inner", "Startup Cost": 98641.07, "Total Cost": 180697.47, "Plan Rows": 1282311, "Plan Width": 25, "Inner Unique": true, "Hash Cond": "(mc.movie_id = t.id), (LLVM Optimized)", "Plans": [{"Node Type": "Hash Join", "Parent Relationship": "Outer", "Join Type": "Inner", "Startup Cost": 6968.08, "Total Cost": 71392.69, "Plan Rows": 1282311, "Plan Width": 4, "Inner Unique": true, "Hash Cond": "(mc.company_id = cn.id), (LLVM Optimized)", "Plans": [{"Node Type": "Seq Scan", "Parent Relationship": "Outer", "Relation Name": "movie_companies", "Alias": "mc", "Startup Cost": 0.0, "Total Cost": 41817.28, "Plan Rows": 2609128, "Plan Width": 8}, {"Node Type": "Hash", "Parent Relationship": "Inner", "Startup Cost": 5903.45, "Total Cost": 5903.45, "Plan Rows": 85170, "Plan Width": 4, "Plans": [{"Node Type": "Seq Scan", "Parent Relationship": "Outer", "Relation Name": "company_name", "Alias": "cn", "Startup Cost": 0.0, "Total Cost": 5903.45, "Plan Rows": 85170, "Plan Width": 4, "Filter": "((country_code)::text = '[us]'::text)"}]}]}, {"Node Type": "Hash", "Parent Relationship": "Inner", "Startup Cost": 60069.11, "Total Cost": 60069.11, "Plan Rows": 2528311, "Plan Width": 21, "Plans": [{"Node Type": "Seq Scan", "Parent Relationship": "Outer", "Relation Name": "title", "Alias": "t", "Startup Cost": 0.0, "Total Cost": 60069.11, "Plan Rows": 2528311, "Plan Width": 21}]}]}]}]}, {"Node Type": "Hash", "Parent Relationship": "Inner", "Startup Cost": 93071.9, "Total Cost": 93071.9, "Plan Rows": 4167490, "Plan Width": 4, "Plans": [{"Node Type": "Seq Scan", "Parent Relationship": "Outer", "Relation Name": "name", "Alias": "n1", "Startup Cost": 0.0, "Total Cost": 93071.9, "Plan Rows": 4167490, "Plan Width": 4}]}]}]}]}]}, "Unique SQL Id": 2457761703, "Planner Runtime": 45}, "explain_analyze_plan": {"Plan": {"Node Type": "Aggregate", "Strategy": "Plain", "Startup Cost": 589695.38, "Total Cost": 589695.39, "Plan Rows": 1, "Plan Width": 97, "Actual Startup Time": 8818.757, "Actual Total Time": 8818.758, "Actual Rows": 1, "Actual Loops": 1, "Plans": [{"Node Type": "Hash Join", "Parent Relationship": "Outer", "Join Type": "Inner", "Startup Cost": 561014.71, "Total Cost": 587909.89, "Plan Rows": 357098, "Plan Width": 33, "Actual Startup Time": 8145.128, "Actual Total Time": 8674.859, "Actual Rows": 323005, "Actual Loops": 1, "Inner Unique": false, "Hash Cond": "(an1.person_id = n1.id), (LLVM Optimized, Jit Execute)", "Plans": [{"Node Type": "Seq Scan", "Parent Relationship": "Outer", "Relation Name": "aka_name", "Alias": "an1", "Startup Cost": 0.0, "Total Cost": 19908.42, "Plan Rows": 901342, "Plan Width": 20, "Actual Startup Time": 0.025, "Actual Total Time": 239.81, "Actual Rows": 901342, "Actual Loops": 1}, {"Node Type": "Hash", "Parent Relationship": "Inner", "Startup Cost": 552133.97, "Total Cost": 552133.97, "Plan Rows": 710459, "Plan Width": 25, "Actual Startup Time": 8138.334, "Actual Total Time": 8138.334, "Actual Rows": 285537, "Actual Loops": 1, "Hash Buckets": 1048576, "Hash Batches": 1, "Original Hash Batches": 1, "Peak Memory Usage": 15952, "Plans": [{"Node Type": "Hash Join", "Parent Relationship": "Outer", "Join Type": "Inner", "Startup Cost": 341891.88, "Total Cost": 552133.97, "Plan Rows": 710459, "Plan Width": 25, "Actual Startup Time": 7533.343, "Actual Total Time": 8053.886, "Actual Rows": 285537, "Actual Loops": 1, "Inner Unique": true, "Hash Cond": "(ci.person_id = n1.id), (LLVM Optimized, Jit Execute)", "Plans": [{"Node Type": "Hash Join", "Parent Relationship": "Outer", "Join Type": "Inner", "Startup Cost": 196726.36, "Total Cost": 397199.64, "Plan Rows": 710459, "Plan Width": 21, "Actual Startup Time": 4459.627, "Actual Total Time": 4870.581, "Actual Rows": 285537, "Actual Loops": 1, "Inner Unique": false, "Hash Cond": "(ci.movie_id = t.id), (LLVM Optimized, Jit Execute)", "Plans": [{"Node Type": "Nested Loop", "Parent Relationship": "Outer", "Join Type": "Inner", "Startup Cost": 0.0, "Total Cost": 171406.94, "Plan Rows": 3296318, "Plan Width": 8, "Actual Startup Time": 0.114, "Actual Total Time": 204.825, "Actual Rows": 276403, "Actual Loops": 1, "Inner Unique": false, "Plans": [{"Node Type": "Seq Scan", "Parent Relationship": "Outer", "Relation Name": "role_type", "Alias": "rt", "Startup Cost": 0.0, "Total Cost": 1.15, "Plan Rows": 1, "Plan Width": 4, "Actual Startup Time": 0.041, "Actual Total Time": 0.055, "Actual Rows": 1, "Actual Loops": 1, "Filter": "((role)::text = 'costume designer'::text)", "Rows Removed by Filter": 11}, {"Node Type": "Index Scan", "Parent Relationship": "Inner", "Scan Direction": "Forward", "Index Name": "role_id_cast_info", "Relation Name": "cast_info", "Alias": "ci", "Startup Cost": 0.0, "Total Cost": 138442.61, "Plan Rows": 3296318, "Plan Width": 12, "Actual Startup Time": 0.059, "Actual Total Time": 150.812, "Actual Rows": 276403, "Actual Loops": 1, "Index Cond": "(role_id = rt.id), (LLVM Optimized, Jit Execute)", "Rows Removed by Index Recheck": 0}]}, {"Node Type": "Hash", "Parent Relationship": "Inner", "Startup Cost": 180697.47, "Total Cost": 180697.47, "Plan Rows": 1282311, "Plan Width": 25, "Actual Startup Time": 4453.739, "Actual Total Time": 4453.739, "Actual Rows": 1153797, "Actual Loops": 1, "Hash Buckets": 2097152, "Hash Batches": 1, "Original Hash Batches": 1, "Peak Memory Usage": 68508, "Plans": [{"Node Type": "Hash Join", "Parent Relationship": "Outer", "Join Type": "Inner", "Startup Cost": 98641.07, "Total Cost": 180697.47, "Plan Rows": 1282311, "Plan Width": 25, "Actual Startup Time": 1827.854, "Actual Total Time": 3974.898, "Actual Rows": 1153797, "Actual Loops": 1, "Inner Unique": true, "Hash Cond": "(mc.movie_id = t.id), (LLVM Optimized, Jit Execute)", "Plans": [{"Node Type": "Hash Join", "Parent Relationship": "Outer", "Join Type": "Inner", "Startup Cost": 6968.08, "Total Cost": 71392.69, "Plan Rows": 1282311, "Plan Width": 4, "Actual Startup Time": 113.03, "Actual Total Time": 1555.125, "Actual Rows": 1153797, "Actual Loops": 1, "Inner Unique": true, "Hash Cond": "(mc.company_id = cn.id), (LLVM Optimized, Jit Execute)", "Plans": [{"Node Type": "Seq Scan", "Parent Relationship": "Outer", "Relation Name": "movie_companies", "Alias": "mc", "Startup Cost": 0.0, "Total Cost": 41817.28, "Plan Rows": 2609128, "Plan Width": 8, "Actual Startup Time": 0.03, "Actual Total Time": 611.128, "Actual Rows": 2609128, "Actual Loops": 1}, {"Node Type": "Hash", "Parent Relationship": "Inner", "Startup Cost": 5903.45, "Total Cost": 5903.45, "Plan Rows": 85170, "Plan Width": 4, "Actual Startup Time": 112.907, "Actual Total Time": 112.907, "Actual Rows": 84843, "Actual Loops": 1, "Hash Buckets": 131072, "Hash Batches": 1, "Original Hash Batches": 1, "Peak Memory Usage": 2983, "Plans": [{"Node Type": "Seq Scan", "Parent Relationship": "Outer", "Relation Name": "company_name", "Alias": "cn", "Startup Cost": 0.0, "Total Cost": 5903.45, "Plan Rows": 85170, "Plan Width": 4, "Actual Startup Time": 0.024, "Actual Total Time": 90.615, "Actual Rows": 84843, "Actual Loops": 1, "Filter": "((country_code)::text = '[us]'::text)", "Rows Removed by Filter": 150153}]}]}, {"Node Type": "Hash", "Parent Relationship": "Inner", "Startup Cost": 60069.11, "Total Cost": 60069.11, "Plan Rows": 2528311, "Plan Width": 21, "Actual Startup Time": 1712.366, "Actual Total Time": 1712.366, "Actual Rows": 2528311, "Actual Loops": 1, "Hash Buckets": 4194304, "Hash Batches": 1, "Original Hash Batches": 1, "Peak Memory Usage": 135869, "Plans": [{"Node Type": "Seq Scan", "Parent Relationship": "Outer", "Relation Name": "title", "Alias": "t", "Startup Cost": 0.0, "Total Cost": 60069.11, "Plan Rows": 2528311, "Plan Width": 21, "Actual Startup Time": 0.031, "Actual Total Time": 797.49, "Actual Rows": 2528311, "Actual Loops": 1}]}]}]}]}, {"Node Type": "Hash", "Parent Relationship": "Inner", "Startup Cost": 93071.9, "Total Cost": 93071.9, "Plan Rows": 4167490, "Plan Width": 4, "Actual Startup Time": 3070.895, "Actual Total Time": 3070.895, "Actual Rows": 4167490, "Actual Loops": 1, "Hash Buckets": 4194304, "Hash Batches": 1, "Original Hash Batches": 1, "Peak Memory Usage": 146514, "Plans": [{"Node Type": "Seq Scan", "Parent Relationship": "Outer", "Relation Name": "name", "Alias": "n1", "Startup Cost": 0.0, "Total Cost": 93071.9, "Plan Rows": 4167490, "Plan Width": 4, "Actual Startup Time": 0.06, "Actual Total Time": 1293.196, "Actual Rows": 4167490, "Actual Loops": 1}]}]}]}]}]}, "Triggers": [], "Planner Runtime": 82.375, "Total Runtime": 8832.037, "Unique SQL Id": 2457761703}}, "(1, '109')": {"explain_plan": {"Plan": {"Node Type": "Aggregate", "Strategy": "Plain", "Startup Cost": 824512.34, "Total Cost": 824512.35, "Plan Rows": 1, "Plan Width": 97, "Plans": [{"Node Type": "Hash Join", "Parent Relationship": "Outer", "Join Type": "Inner", "Startup Cost": 746775.06, "Total Cost": 822726.85, "Plan Rows": 357098, "Plan Width": 33, "Inner Unique": false, "Hash Cond": "(an1.person_id = n1.id), (LLVM Optimized)", "Plans": [{"Node Type": "Index Scan", "Parent Relationship": "Outer", "Scan Direction": "Forward", "Index Name": "person_id_aka_name", "Relation Name": "aka_name", "Alias": "an1", "Startup Cost": 0.0, "Total Cost": 68965.03, "Plan Rows": 901342, "Plan Width": 20}, {"Node Type": "Hash", "Parent Relationship": "Inner", "Startup Cost": 737894.33, "Total Cost": 737894.33, "Plan Rows": 710459, "Plan Width": 25, "Plans": [{"Node Type": "Nested Loop", "Parent Relationship": "Outer", "Join Type": "Inner", "Startup Cost": 333231.89, "Total Cost": 737894.33, "Plan Rows": 710459, "Plan Width": 25, "Inner Unique": true, "Plans": [{"Node Type": "Hash Join", "Parent Relationship": "Outer", "Join Type": "Inner", "Startup Cost": 333231.89, "Total Cost": 533716.49, "Plan Rows": 710459, "Plan Width": 21, "Inner Unique": false, "Hash Cond": "(ci.movie_id = t.id), (LLVM Optimized)", "Plans": [{"Node Type": "Nested Loop", "Parent Relationship": "Outer", "Join Type": "Inner", "Startup Cost": 0.0, "Total Cost": 171418.25, "Plan Rows": 3296318, "Plan Width": 8, "Inner Unique": false, "Plans": [{"Node Type": "Index Scan", "Parent Relationship": "Outer", "Scan Direction": "Forward", "Index Name": "role_type_pkey", "Relation Name": "role_type", "Alias": "rt", "Startup Cost": 0.0, "Total Cost": 12.46, "Plan Rows": 1, "Plan Width": 4, "Filter": "((role)::text = 'costume designer'::text)"}, {"Node Type": "Index Scan", "Parent Relationship": "Inner", "Scan Direction": "Forward", "Index Name": "role_id_cast_info", "Relation Name": "cast_info", "Alias": "ci", "Startup Cost": 0.0, "Total Cost": 138442.61, "Plan Rows": 3296318, "Plan Width": 12, "Index Cond": "(role_id = rt.id), (LLVM Optimized)"}]}, {"Node Type": "Hash", "Parent Relationship": "Inner", "Startup Cost": 317203.01, "Total Cost": 317203.01, "Plan Rows": 1282311, "Plan Width": 25, "Plans": [{"Node Type": "Hash Join", "Parent Relationship": "Outer", "Join Type": "Inner", "Startup Cost": 153290.39, "Total Cost": 317203.01, "Plan Rows": 1282311, "Plan Width": 25, "Inner Unique": true, "Hash Cond": "(mc.movie_id = t.id), (LLVM Optimized)", "Plans": [{"Node Type": "Hash Join", "Parent Relationship": "Outer", "Join Type": "Inner", "Startup Cost": 11566.01, "Total Cost": 157846.85, "Plan Rows": 1282311, "Plan Width": 4, "Inner Unique": true, "Hash Cond": "(mc.company_id = cn.id), (LLVM Optimized)", "Plans": [{"Node Type": "Index Scan", "Parent Relationship": "Outer", "Scan Direction": "Forward", "Index Name": "company_id_movie_companies", "Relation Name": "movie_companies", "Alias": "mc", "Startup Cost": 0.0, "Total Cost": 123673.5, "Plan Rows": 2609128, "Plan Width": 8}, {"Node Type": "Hash", "Parent Relationship": "Inner", "Startup Cost": 10501.39, "Total Cost": 10501.39, "Plan Rows": 85170, "Plan Width": 4, "Plans": [{"Node Type": "Index Scan", "Parent Relationship": "Outer", "Scan Direction": "Forward", "Index Name": "company_name_pkey", "Relation Name": "company_name", "Alias": "cn", "Startup Cost": 0.0, "Total Cost": 10501.39, "Plan Rows": 85170, "Plan Width": 4, "Filter": "((country_code)::text = '[us]'::text)"}]}]}, {"Node Type": "Hash", "Parent Relationship": "Inner", "Startup Cost": 110120.49, "Total Cost": 110120.49, "Plan Rows": 2528311, "Plan Width": 21, "Plans": [{"Node Type": "Index Scan", "Parent Relationship": "Outer", "Scan Direction": "Forward", "Index Name": "title_pkey", "Relation Name": "title", "Alias": "t", "Startup Cost": 0.0, "Total Cost": 110120.49, "Plan Rows": 2528311, "Plan Width": 21}]}]}]}]}, {"Node Type": "Index Scan", "Parent Relationship": "Inner", "Scan Direction": "Forward", "Index Name": "name_pkey", "Relation Name": "name", "Alias": "n1", "Startup Cost": 0.0, "Total Cost": 0.28, "Plan Rows": 1, "Plan Width": 4, "Index Cond": "(id = ci.person_id)"}]}]}]}]}, "Unique SQL Id": 2457761703, "Planner Runtime": 37}, "explain_analyze_plan": {"Plan": {"Node Type": "Aggregate", "Strategy": "Plain", "Startup Cost": 824512.34, "Total Cost": 824512.35, "Plan Rows": 1, "Plan Width": 97, "Actual Startup Time": 12490.602, "Actual Total Time": 12490.603, "Actual Rows": 1, "Actual Loops": 1, "Plans": [{"Node Type": "Hash Join", "Parent Relationship": "Outer", "Join Type": "Inner", "Startup Cost": 746775.06, "Total Cost": 822726.85, "Plan Rows": 357098, "Plan Width": 33, "Actual Startup Time": 11350.794, "Actual Total Time": 12344.757, "Actual Rows": 323005, "Actual Loops": 1, "Inner Unique": false, "Hash Cond": "(an1.person_id = n1.id), (LLVM Optimized, Jit Execute)", "Plans": [{"Node Type": "Index Scan", "Parent Relationship": "Outer", "Scan Direction": "Forward", "Index Name": "person_id_aka_name", "Relation Name": "aka_name", "Alias": "an1", "Startup Cost": 0.0, "Total Cost": 68965.03, "Plan Rows": 901342, "Plan Width": 20, "Actual Startup Time": 0.044, "Actual Total Time": 684.753, "Actual Rows": 901342, "Actual Loops": 1}, {"Node Type": "Hash", "Parent Relationship": "Inner", "Startup Cost": 737894.33, "Total Cost": 737894.33, "Plan Rows": 710459, "Plan Width": 25, "Actual Startup Time": 11350.054, "Actual Total Time": 11350.054, "Actual Rows": 285537, "Actual Loops": 1, "Hash Buckets": 1048576, "Hash Batches": 1, "Original Hash Batches": 1, "Peak Memory Usage": 15952, "Plans": [{"Node Type": "Nested Loop", "Parent Relationship": "Outer", "Join Type": "Inner", "Startup Cost": 333231.89, "Total Cost": 737894.33, "Plan Rows": 710459, "Plan Width": 25, "Actual Startup Time": 9822.533, "Actual Total Time": 11232.951, "Actual Rows": 285537, "Actual Loops": 1, "Inner Unique": true, "Plans": [{"Node Type": "Hash Join", "Parent Relationship": "Outer", "Join Type": "Inner", "Startup Cost": 333231.89, "Total Cost": 533716.49, "Plan Rows": 710459, "Plan Width": 21, "Actual Startup Time": 9822.491, "Actual Total Time": 10232.62, "Actual Rows": 285537, "Actual Loops": 1, "Inner Unique": false, "Hash Cond": "(ci.movie_id = t.id), (LLVM Optimized, Jit Execute)", "Plans": [{"Node Type": "Nested Loop", "Parent Relationship": "Outer", "Join Type": "Inner", "Startup Cost": 0.0, "Total Cost": 171418.25, "Plan Rows": 3296318, "Plan Width": 8, "Actual Startup Time": 0.067, "Actual Total Time": 200.497, "Actual Rows": 276403, "Actual Loops": 1, "Inner Unique": false, "Plans": [{"Node Type": "Index Scan", "Parent Relationship": "Outer", "Scan Direction": "Forward", "Index Name": "role_type_pkey", "Relation Name": "role_type", "Alias": "rt", "Startup Cost": 0.0, "Total Cost": 12.46, "Plan Rows": 1, "Plan Width": 4, "Actual Startup Time": 0.027, "Actual Total Time": 0.046, "Actual Rows": 1, "Actual Loops": 1, "Filter": "((role)::text = 'costume designer'::text)", "Rows Removed by Filter": 11}, {"Node Type": "Index Scan", "Parent Relationship": "Inner", "Scan Direction": "Forward", "Index Name": "role_id_cast_info", "Relation Name": "cast_info", "Alias": "ci", "Startup Cost": 0.0, "Total Cost": 138442.61, "Plan Rows": 3296318, "Plan Width": 12, "Actual Startup Time": 0.035, "Actual Total Time": 144.353, "Actual Rows": 276403, "Actual Loops": 1, "Index Cond": "(role_id = rt.id), (LLVM Optimized, Jit Execute)", "Rows Removed by Index Recheck": 0}]}, {"Node Type": "Hash", "Parent Relationship": "Inner", "Startup Cost": 317203.01, "Total Cost": 317203.01, "Plan Rows": 1282311, "Plan Width": 25, "Actual Startup Time": 9816.251, "Actual Total Time": 9816.251, "Actual Rows": 1153797, "Actual Loops": 1, "Hash Buckets": 2097152, "Hash Batches": 1, "Original Hash Batches": 1, "Peak Memory Usage": 68508, "Plans": [{"Node Type": "Hash Join", "Parent Relationship": "Outer", "Join Type": "Inner", "Startup Cost": 153290.39, "Total Cost": 317203.01, "Plan Rows": 1282311, "Plan Width": 25, "Actual Startup Time": 4658.057, "Actual Total Time": 9252.937, "Actual Rows": 1153797, "Actual Loops": 1, "Inner Unique": true, "Hash Cond": "(mc.movie_id = t.id), (LLVM Optimized, Jit Execute)", "Plans": [{"Node Type": "Hash Join", "Parent Relationship": "Outer", "Join Type": "Inner", "Startup Cost": 11566.01, "Total Cost": 157846.85, "Plan Rows": 1282311, "Plan Width": 4, "Actual Startup Time": 326.456, "Actual Total Time": 4172.666, "Actual Rows": 1153797, "Actual Loops": 1, "Inner Unique": true, "Hash Cond": "(mc.company_id = cn.id), (LLVM Optimized, Jit Execute)", "Plans": [{"Node Type": "Index Scan", "Parent Relationship": "Outer", "Scan Direction": "Forward", "Index Name": "company_id_movie_companies", "Relation Name": "movie_companies", "Alias": "mc", "Startup Cost": 0.0, "Total Cost": 123673.5, "Plan Rows": 2609128, "Plan Width": 8, "Actual Startup Time": 0.026, "Actual Total Time": 3065.893, "Actual Rows": 2609128, "Actual Loops": 1}, {"Node Type": "Hash", "Parent Relationship": "Inner", "Startup Cost": 10501.39, "Total Cost": 10501.39, "Plan Rows": 85170, "Plan Width": 4, "Actual Startup Time": 326.316, "Actual Total Time": 326.316, "Actual Rows": 84843, "Actual Loops": 1, "Hash Buckets": 131072, "Hash Batches": 1, "Original Hash Batches": 1, "Peak Memory Usage": 2983, "Plans": [{"Node Type": "Index Scan", "Parent Relationship": "Outer", "Scan Direction": "Forward", "Index Name": "company_name_pkey", "Relation Name": "company_name", "Alias": "cn", "Startup Cost": 0.0, "Total Cost": 10501.39, "Plan Rows": 85170, "Plan Width": 4, "Actual Startup Time": 0.031, "Actual Total Time": 297.865, "Actual Rows": 84843, "Actual Loops": 1, "Filter": "((country_code)::text = '[us]'::text)", "Rows Removed by Filter": 150153}]}]}, {"Node Type": "Hash", "Parent Relationship": "Inner", "Startup Cost": 110120.49, "Total Cost": 110120.49, "Plan Rows": 2528311, "Plan Width": 21, "Actual Startup Time": 4328.998, "Actual Total Time": 4328.998, "Actual Rows": 2528311, "Actual Loops": 1, "Hash Buckets": 4194304, "Hash Batches": 1, "Original Hash Batches": 1, "Peak Memory Usage": 135869, "Plans": [{"Node Type": "Index Scan", "Parent Relationship": "Outer", "Scan Direction": "Forward", "Index Name": "title_pkey", "Relation Name": "title", "Alias": "t", "Startup Cost": 0.0, "Total Cost": 110120.49, "Plan Rows": 2528311, "Plan Width": 21, "Actual Startup Time": 0.049, "Actual Total Time": 3028.243, "Actual Rows": 2528311, "Actual Loops": 1}]}]}]}]}, {"Node Type": "Index Scan", "Parent Relationship": "Inner", "Scan Direction": "Forward", "Index Name": "name_pkey", "Relation Name": "name", "Alias": "n1", "Startup Cost": 0.0, "Total Cost": 0.28, "Plan Rows": 1, "Plan Width": 4, "Actual Startup Time": 789.284, "Actual Total Time": 789.284, "Actual Rows": 285537, "Actual Loops": 285537, "Index Cond": "(id = ci.person_id)", "Rows Removed by Index Recheck": 0}]}]}]}]}, "Triggers": [], "Planner Runtime": 37.619, "Total Runtime": 12501.62, "Unique SQL Id": 2457761703}}, "(1, '110')": {"explain_plan": {"Plan": {"Node Type": "Aggregate", "Strategy": "Plain", "Startup Cost": 1144362.67, "Total Cost": 1144362.68, "Plan Rows": 1, "Plan Width": 97, "Plans": [{"Node Type": "Hash Join", "Parent Relationship": "Outer", "Join Type": "Inner", "Startup Cost": 1115325.41, "Total Cost": 1142577.18, "Plan Rows": 357098, "Plan Width": 33, "Inner Unique": false, "Hash Cond": "(an1.person_id = n1.id), (LLVM Optimized)", "Plans": [{"Node Type": "Seq Scan", "Parent Relationship": "Outer", "Relation Name": "aka_name", "Alias": "an1", "Startup Cost": 0.0, "Total Cost": 19908.42, "Plan Rows": 901342, "Plan Width": 20}, {"Node Type": "Hash", "Parent Relationship": "Inner", "Startup Cost": 1106444.67, "Total Cost": 1106444.67, "Plan Rows": 710459, "Plan Width": 25, "Plans": [{"Node Type": "Hash Join", "Parent Relationship": "Outer", "Join Type": "Inner", "Startup Cost": 341893.04, "Total Cost": 1106444.67, "Plan Rows": 710459, "Plan Width": 25, "Inner Unique": true, "Hash Cond": "(ci.person_id = n1.id), (LLVM Optimized)", "Plans": [{"Node Type": "Hash Join", "Parent Relationship": "Outer", "Join Type": "Inner", "Startup Cost": 196727.52, "Total Cost": 951510.34, "Plan Rows": 710459, "Plan Width": 21, "Inner Unique": false, "Hash Cond": "(ci.movie_id = t.id), (LLVM Optimized)", "Plans": [{"Node Type": "Hash Join", "Parent Relationship": "Outer", "Join Type": "Inner", "Startup Cost": 1.16, "Total Cost": 725717.64, "Plan Rows": 3296318, "Plan Width": 8, "Inner Unique": true, "Hash Cond": "(ci.role_id = rt.id), (LLVM Optimized)", "Plans": [{"Node Type": "Seq Scan", "Parent Relationship": "Outer", "Relation Name": "cast_info", "Alias": "ci", "Startup Cost": 0.0, "Total Cost": 601877.94, "Plan Rows": 36259494, "Plan Width": 12}, {"Node Type": "Hash", "Parent Relationship": "Inner", "Startup Cost": 1.15, "Total Cost": 1.15, "Plan Rows": 1, "Plan Width": 4, "Plans": [{"Node Type": "Seq Scan", "Parent Relationship": "Outer", "Relation Name": "role_type", "Alias": "rt", "Startup Cost": 0.0, "Total Cost": 1.15, "Plan Rows": 1, "Plan Width": 4, "Filter": "((role)::text = 'costume designer'::text)"}]}]}, {"Node Type": "Hash", "Parent Relationship": "Inner", "Startup Cost": 180697.47, "Total Cost": 180697.47, "Plan Rows": 1282311, "Plan Width": 25, "Plans": [{"Node Type": "Hash Join", "Parent Relationship": "Outer", "Join Type": "Inner", "Startup Cost": 98641.07, "Total Cost": 180697.47, "Plan Rows": 1282311, "Plan Width": 25, "Inner Unique": true, "Hash Cond": "(mc.movie_id = t.id), (LLVM Optimized)", "Plans": [{"Node Type": "Hash Join", "Parent Relationship": "Outer", "Join Type": "Inner", "Startup Cost": 6968.08, "Total Cost": 71392.69, "Plan Rows": 1282311, "Plan Width": 4, "Inner Unique": true, "Hash Cond": "(mc.company_id = cn.id), (LLVM Optimized)", "Plans": [{"Node Type": "Seq Scan", "Parent Relationship": "Outer", "Relation Name": "movie_companies", "Alias": "mc", "Startup Cost": 0.0, "Total Cost": 41817.28, "Plan Rows": 2609128, "Plan Width": 8}, {"Node Type": "Hash", "Parent Relationship": "Inner", "Startup Cost": 5903.45, "Total Cost": 5903.45, "Plan Rows": 85170, "Plan Width": 4, "Plans": [{"Node Type": "Seq Scan", "Parent Relationship": "Outer", "Relation Name": "company_name", "Alias": "cn", "Startup Cost": 0.0, "Total Cost": 5903.45, "Plan Rows": 85170, "Plan Width": 4, "Filter": "((country_code)::text = '[us]'::text)"}]}]}, {"Node Type": "Hash", "Parent Relationship": "Inner", "Startup Cost": 60069.11, "Total Cost": 60069.11, "Plan Rows": 2528311, "Plan Width": 21, "Plans": [{"Node Type": "Seq Scan", "Parent Relationship": "Outer", "Relation Name": "title", "Alias": "t", "Startup Cost": 0.0, "Total Cost": 60069.11, "Plan Rows": 2528311, "Plan Width": 21}]}]}]}]}, {"Node Type": "Hash", "Parent Relationship": "Inner", "Startup Cost": 93071.9, "Total Cost": 93071.9, "Plan Rows": 4167490, "Plan Width": 4, "Plans": [{"Node Type": "Seq Scan", "Parent Relationship": "Outer", "Relation Name": "name", "Alias": "n1", "Startup Cost": 0.0, "Total Cost": 93071.9, "Plan Rows": 4167490, "Plan Width": 4}]}]}]}]}]}, "Unique SQL Id": 2457761703, "Planner Runtime": 40}, "explain_analyze_plan": null}, "(1, '111')": {"explain_plan": {"Plan": {"Node Type": "Aggregate", "Strategy": "Plain", "Startup Cost": 7000064078295.12, "Total Cost": 7000064078295.13, "Plan Rows": 1, "Plan Width": 97, "Plans": [{"Node Type": "Hash Join", "Parent Relationship": "Outer", "Join Type": "Inner", "Startup Cost": 5020049077959.01, "Total Cost": 7000064076509.63, "Plan Rows": 357098, "Plan Width": 33, "Inner Unique": true, "Hash Cond": "(ci.movie_id = t.id), (LLVM Optimized)", "Plans": [{"Node Type": "Hash Join", "Parent Relationship": "Outer", "Join Type": "Inner", "Startup Cost": 4020038034306.21, "Total Cost": 6000053027945.68, "Plan Rows": 357379, "Plan Width": 24, "Inner Unique": true, "Hash Cond": "(an1.person_id = n1.id), (LLVM Optimized)", "Plans": [{"Node Type": "Hash Join", "Parent Relationship": "Outer", "Join Type": "Inner", "Startup Cost": 3020020358937.88, "Total Cost": 5000035347663.39, "Plan Rows": 357379, "Plan Width": 32, "Inner Unique": false, "Hash Cond": "(ci.person_id = an1.person_id), (LLVM Optimized)", "Plans": [{"Node Type": "Hash Join", "Parent Relationship": "Outer", "Join Type": "Inner", "Startup Cost": 2020013451167.68, "Total Cost": 4000028220844.2, "Plan Rows": 711018, "Plan Width": 12, "Inner Unique": true, "Hash Cond": "(mc.company_id = cn.id), (LLVM Optimized)", "Plans": [{"Node Type": "Hash Join", "Parent Relationship": "Outer", "Join Type": "Inner", "Startup Cost": 1020012399964.08, "Total Cost": 3000027157105.25, "Plan Rows": 1446714, "Plan Width": 16, "Inner Unique": false, "Hash Cond": "(ci.movie_id = mc.movie_id), (LLVM Optimized)", "Plans": [{"Node Type": "Nested Loop", "Parent Relationship": "Outer", "Join Type": "Inner", "Startup Cost": 20000000000.0, "Total Cost": 2000013878470.18, "Plan Rows": 3296318, "Plan Width": 8, "Inner Unique": false, "Plans": [{"Node Type": "Index Scan", "Parent Relationship": "Outer", "Scan Direction": "Forward", "Index Name": "role_type_pkey", "Relation Name": "role_type", "Alias": "rt", "Startup Cost": 10000000000.0, "Total Cost": 1000000001246.0, "Plan Rows": 1, "Plan Width": 4, "Filter": "((role)::text = 'costume designer'::text)"}, {"Node Type": "Index Scan", "Parent Relationship": "Inner", "Scan Direction": "Forward", "Index Name": "role_id_cast_info", "Relation Name": "cast_info", "Alias": "ci", "Startup Cost": 10000000000.0, "Total Cost": 1000013844261.0, "Plan Rows": 3296318, "Plan Width": 12, "Index Cond": "(role_id = rt.id), (LLVM Optimized)"}]}, {"Node Type": "Hash", "Parent Relationship": "Inner", "Startup Cost": 1000012367349.98, "Total Cost": 1000012367349.98, "Plan Rows": 2609128, "Plan Width": 8, "Plans": [{"Node Type": "Index Scan", "Parent Relationship": "Outer", "Scan Direction": "Forward", "Index Name": "company_id_movie_companies", "Relation Name": "movie_companies", "Alias": "mc", "Startup Cost": 10000000000.0, "Total Cost": 1000012367349.98, "Plan Rows": 2609128, "Plan Width": 8}]}]}, {"Node Type": "Hash", "Parent Relationship": "Inner", "Startup Cost": 1000001050138.97, "Total Cost": 1000001050138.97, "Plan Rows": 85170, "Plan Width": 4, "Plans": [{"Node Type": "Index Scan", "Parent Relationship": "Outer", "Scan Direction": "Forward", "Index Name": "company_name_pkey", "Relation Name": "company_name", "Alias": "cn", "Startup Cost": 10000000000.0, "Total Cost": 1000001050138.97, "Plan Rows": 85170, "Plan Width": 4, "Filter": "((country_code)::text = '[us]'::text)"}]}]}, {"Node Type": "Hash", "Parent Relationship": "Inner", "Startup Cost": 1000006896503.43, "Total Cost": 1000006896503.43, "Plan Rows": 901342, "Plan Width": 20, "Plans": [{"Node Type": "Index Scan", "Parent Relationship": "Outer", "Scan Direction": "Forward", "Index Name": "person_id_aka_name", "Relation Name": "aka_name", "Alias": "an1", "Startup Cost": 10000000000.0, "Total Cost": 1000006896503.43, "Plan Rows": 901342, "Plan Width": 20}]}]}, {"Node Type": "Hash", "Parent Relationship": "Inner", "Startup Cost": 1000017623274.7, "Total Cost": 1000017623274.7, "Plan Rows": 4167490, "Plan Width": 4, "Plans": [{"Node Type": "Index Scan", "Parent Relationship": "Outer", "Scan Direction": "Forward", "Index Name": "name_pkey", "Relation Name": "name", "Alias": "n1", "Startup Cost": 10000000000.0, "Total Cost": 1000017623274.7, "Plan Rows": 4167490, "Plan Width": 4}]}]}, {"Node Type": "Hash", "Parent Relationship": "Inner", "Startup Cost": 1000011012048.91, "Total Cost": 1000011012048.91, "Plan Rows": 2528311, "Plan Width": 21, "Plans": [{"Node Type": "Index Scan", "Parent Relationship": "Outer", "Scan Direction": "Forward", "Index Name": "title_pkey", "Relation Name": "title", "Alias": "t", "Startup Cost": 10000000000.0, "Total Cost": 1000011012048.91, "Plan Rows": 2528311, "Plan Width": 21}]}]}]}, "Unique SQL Id": 2457761703, "Planner Runtime": 41}, "explain_analyze_plan": {"Plan": {"Node Type": "Aggregate", "Strategy": "Plain", "Startup Cost": 7000064078295.12, "Total Cost": 7000064078295.13, "Plan Rows": 1, "Plan Width": 97, "Actual Startup Time": 15591.554, "Actual Total Time": 15591.555, "Actual Rows": 1, "Actual Loops": 1, "Plans": [{"Node Type": "Hash Join", "Parent Relationship": "Outer", "Join Type": "Inner", "Startup Cost": 5020049077959.01, "Total Cost": 7000064076509.63, "Plan Rows": 357098, "Plan Width": 33, "Actual Startup Time": 14314.578, "Actual Total Time": 15436.343, "Actual Rows": 323005, "Actual Loops": 1, "Inner Unique": true, "Hash Cond": "(ci.movie_id = t.id), (LLVM Optimized, Jit Execute)", "Plans": [{"Node Type": "Hash Join", "Parent Relationship": "Outer", "Join Type": "Inner", "Startup Cost": 4020038034306.21, "Total Cost": 6000053027945.68, "Plan Rows": 357379, "Plan Width": 24, "Actual Startup Time": 10156.835, "Actual Total Time": 11125.347, "Actual Rows": 323005, "Actual Loops": 1, "Inner Unique": true, "Hash Cond": "(an1.person_id = n1.id), (LLVM Optimized, Jit Execute)", "Plans": [{"Node Type": "Hash Join", "Parent Relationship": "Outer", "Join Type": "Inner", "Startup Cost": 3020020358937.88, "Total Cost": 5000035347663.39, "Plan Rows": 357379, "Plan Width": 32, "Actual Startup Time": 5091.286, "Actual Total Time": 5940.816, "Actual Rows": 323005, "Actual Loops": 1, "Inner Unique": false, "Hash Cond": "(ci.person_id = an1.person_id), (LLVM Optimized, Jit Execute)", "Plans": [{"Node Type": "Hash Join", "Parent Relationship": "Outer", "Join Type": "Inner", "Startup Cost": 2020013451167.68, "Total Cost": 4000028220844.2, "Plan Rows": 711018, "Plan Width": 12, "Actual Startup Time": 4029.607, "Actual Total Time": 4754.072, "Actual Rows": 285537, "Actual Loops": 1, "Inner Unique": true, "Hash Cond": "(mc.company_id = cn.id), (LLVM Optimized, Jit Execute)", "Plans": [{"Node Type": "Hash Join", "Parent Relationship": "Outer", "Join Type": "Inner", "Startup Cost": 1020012399964.08, "Total Cost": 3000027157105.25, "Plan Rows": 1446714, "Plan Width": 16, "Actual Startup Time": 3723.44, "Actual Total Time": 4232.349, "Actual Rows": 794590, "Actual Loops": 1, "Inner Unique": false, "Hash Cond": "(ci.movie_id = mc.movie_id), (LLVM Optimized, Jit Execute)", "Plans": [{"Node Type": "Nested Loop", "Parent Relationship": "Outer", "Join Type": "Inner", "Startup Cost": 20000000000.0, "Total Cost": 2000013878470.18, "Plan Rows": 3296318, "Plan Width": 8, "Actual Startup Time": 0.098, "Actual Total Time": 192.949, "Actual Rows": 276403, "Actual Loops": 1, "Inner Unique": false, "Plans": [{"Node Type": "Index Scan", "Parent Relationship": "Outer", "Scan Direction": "Forward", "Index Name": "role_type_pkey", "Relation Name": "role_type", "Alias": "rt", "Startup Cost": 10000000000.0, "Total Cost": 1000000001246.0, "Plan Rows": 1, "Plan Width": 4, "Actual Startup Time": 0.035, "Actual Total Time": 0.05, "Actual Rows": 1, "Actual Loops": 1, "Filter": "((role)::text = 'costume designer'::text)", "Rows Removed by Filter": 11}, {"Node Type": "Index Scan", "Parent Relationship": "Inner", "Scan Direction": "Forward", "Index Name": "role_id_cast_info", "Relation Name": "cast_info", "Alias": "ci", "Startup Cost": 10000000000.0, "Total Cost": 1000013844261.0, "Plan Rows": 3296318, "Plan Width": 12, "Actual Startup Time": 0.049, "Actual Total Time": 139.145, "Actual Rows": 276403, "Actual Loops": 1, "Index Cond": "(role_id = rt.id), (LLVM Optimized, Jit Execute)", "Rows Removed by Index Recheck": 0}]}, {"Node Type": "Hash", "Parent Relationship": "Inner", "Startup Cost": 1000012367349.98, "Total Cost": 1000012367349.98, "Plan Rows": 2609128, "Plan Width": 8, "Actual Startup Time": 3720.771, "Actual Total Time": 3720.771, "Actual Rows": 2609128, "Actual Loops": 1, "Hash Buckets": 4194304, "Hash Batches": 1, "Original Hash Batches": 1, "Peak Memory Usage": 101920, "Plans": [{"Node Type": "Index Scan", "Parent Relationship": "Outer", "Scan Direction": "Forward", "Index Name": "company_id_movie_companies", "Relation Name": "movie_companies", "Alias": "mc", "Startup Cost": 10000000000.0, "Total Cost": 1000012367349.98, "Plan Rows": 2609128, "Plan Width": 8, "Actual Startup Time": 0.029, "Actual Total Time": 2749.639, "Actual Rows": 2609128, "Actual Loops": 1}]}]}, {"Node Type": "Hash", "Parent Relationship": "Inner", "Startup Cost": 1000001050138.97, "Total Cost": 1000001050138.97, "Plan Rows": 85170, "Plan Width": 4, "Actual Startup Time": 305.952, "Actual Total Time": 305.952, "Actual Rows": 84843, "Actual Loops": 1, "Hash Buckets": 131072, "Hash Batches": 1, "Original Hash Batches": 1, "Peak Memory Usage": 2983, "Plans": [{"Node Type": "Index Scan", "Parent Relationship": "Outer", "Scan Direction": "Forward", "Index Name": "company_name_pkey", "Relation Name": "company_name", "Alias": "cn", "Startup Cost": 10000000000.0, "Total Cost": 1000001050138.97, "Plan Rows": 85170, "Plan Width": 4, "Actual Startup Time": 0.081, "Actual Total Time": 279.478, "Actual Rows": 84843, "Actual Loops": 1, "Filter": "((country_code)::text = '[us]'::text)", "Rows Removed by Filter": 150153}]}]}, {"Node Type": "Hash", "Parent Relationship": "Inner", "Startup Cost": 1000006896503.43, "Total Cost": 1000006896503.43, "Plan Rows": 901342, "Plan Width": 20, "Actual Startup Time": 1060.958, "Actual Total Time": 1060.958, "Actual Rows": 901342, "Actual Loops": 1, "Hash Buckets": 1048576, "Hash Batches": 1, "Original Hash Batches": 1, "Peak Memory Usage": 47724, "Plans": [{"Node Type": "Index Scan", "Parent Relationship": "Outer", "Scan Direction": "Forward", "Index Name": "person_id_aka_name", "Relation Name": "aka_name", "Alias": "an1", "Startup Cost": 10000000000.0, "Total Cost": 1000006896503.43, "Plan Rows": 901342, "Plan Width": 20, "Actual Startup Time": 0.061, "Actual Total Time": 738.613, "Actual Rows": 901342, "Actual Loops": 1}]}]}, {"Node Type": "Hash", "Parent Relationship": "Inner", "Startup Cost": 1000017623274.7, "Total Cost": 1000017623274.7, "Plan Rows": 4167490, "Plan Width": 4, "Actual Startup Time": 5063.09, "Actual Total Time": 5063.09, "Actual Rows": 4167490, "Actual Loops": 1, "Hash Buckets": 4194304, "Hash Batches": 1, "Original Hash Batches": 1, "Peak Memory Usage": 146514, "Plans": [{"Node Type": "Index Scan", "Parent Relationship": "Outer", "Scan Direction": "Forward", "Index Name": "name_pkey", "Relation Name": "name", "Alias": "n1", "Startup Cost": 10000000000.0, "Total Cost": 1000017623274.7, "Plan Rows": 4167490, "Plan Width": 4, "Actual Startup Time": 0.04, "Actual Total Time": 3648.437, "Actual Rows": 4167490, "Actual Loops": 1}]}]}, {"Node Type": "Hash", "Parent Relationship": "Inner", "Startup Cost": 1000011012048.91, "Total Cost": 1000011012048.91, "Plan Rows": 2528311, "Plan Width": 21, "Actual Startup Time": 4155.28, "Actual Total Time": 4155.28, "Actual Rows": 2528311, "Actual Loops": 1, "Hash Buckets": 4194304, "Hash Batches": 1, "Original Hash Batches": 1, "Peak Memory Usage": 135869, "Plans": [{"Node Type": "Index Scan", "Parent Relationship": "Outer", "Scan Direction": "Forward", "Index Name": "title_pkey", "Relation Name": "title", "Alias": "t", "Startup Cost": 10000000000.0, "Total Cost": 1000011012048.91, "Plan Rows": 2528311, "Plan Width": 21, "Actual Startup Time": 0.057, "Actual Total Time": 3029.813, "Actual Rows": 2528311, "Actual Loops": 1}]}]}]}, "Triggers": [], "Planner Runtime": 41.438, "Total Runtime": 15607.182, "Unique SQL Id": 2457761703}}, "(1, '112')": {"explain_plan": {"Plan": {"Node Type": "Aggregate", "Strategy": "Plain", "Startup Cost": 1965944.02, "Total Cost": 1965944.03, "Plan Rows": 1, "Plan Width": 97, "Plans": [{"Node Type": "Nested Loop", "Parent Relationship": "Outer", "Join Type": "Inner", "Startup Cost": 0.0, "Total Cost": 1964158.53, "Plan Rows": 357098, "Plan Width": 33, "Inner Unique": true, "Join Filter": "(an1.person_id = n1.id), (LLVM Optimized)", "Plans": [{"Node Type": "Nested Loop", "Parent Relationship": "Outer", "Join Type": "Inner", "Startup Cost": 0.0, "Total Cost": 1862664.6, "Plan Rows": 357098, "Plan Width": 41, "Inner Unique": true, "Plans": [{"Node Type": "Nested Loop", "Parent Relationship": "Outer", "Join Type": "Inner", "Startup Cost": 0.0, "Total Cost": 1760862.26, "Plan Rows": 357379, "Plan Width": 32, "Inner Unique": false, "Plans": [{"Node Type": "Nested Loop", "Parent Relationship": "Outer", "Join Type": "Inner", "Startup Cost": 0.0, "Total Cost": 1560689.3, "Plan Rows": 711018, "Plan Width": 12, "Inner Unique": false, "Join Filter": "(ci.role_id = rt.id), (LLVM Optimized)", "Plans": [{"Node Type": "Seq Scan", "Parent Relationship": "Outer", "Relation Name": "role_type", "Alias": "rt", "Startup Cost": 0.0, "Total Cost": 1.15, "Plan Rows": 1, "Plan Width": 4, "Filter": "((role)::text = 'costume designer'::text)"}, {"Node Type": "Nested Loop", "Parent Relationship": "Inner", "Join Type": "Inner", "Startup Cost": 0.0, "Total Cost": 1462923.14, "Plan Rows": 7821201, "Plan Width": 16, "Inner Unique": false, "Plans": [{"Node Type": "Nested Loop", "Parent Relationship": "Outer", "Join Type": "Inner", "Startup Cost": 0.0, "Total Cost": 166734.45, "Plan Rows": 1282311, "Plan Width": 4, "Inner Unique": false, "Plans": [{"Node Type": "Seq Scan", "Parent Relationship": "Outer", "Relation Name": "company_name", "Alias": "cn", "Startup Cost": 0.0, "Total Cost": 5903.45, "Plan Rows": 85170, "Plan Width": 4, "Filter": "((country_code)::text = '[us]'::text)"}, {"Node Type": "Index Scan", "Parent Relationship": "Inner", "Scan Direction": "Forward", "Index Name": "company_id_movie_companies", "Relation Name": "movie_companies", "Alias": "mc", "Startup Cost": 0.0, "Total Cost": 1.74, "Plan Rows": 15, "Plan Width": 8, "Index Cond": "(company_id = cn.id)"}]}, {"Node Type": "Index Scan", "Parent Relationship": "Inner", "Scan Direction": "Forward", "Index Name": "movie_id_cast_info", "Relation Name": "cast_info", "Alias": "ci", "Startup Cost": 0.0, "Total Cost": 0.95, "Plan Rows": 6, "Plan Width": 12, "Index Cond": "(movie_id = mc.movie_id)"}]}]}, {"Node Type": "Index Scan", "Parent Relationship": "Inner", "Scan Direction": "Forward", "Index Name": "person_id_aka_name", "Relation Name": "aka_name", "Alias": "an1", "Startup Cost": 0.0, "Total Cost": 0.27, "Plan Rows": 1, "Plan Width": 20, "Index Cond": "(person_id = ci.person_id)"}]}, {"Node Type": "Index Scan", "Parent Relationship": "Inner", "Scan Direction": "Forward", "Index Name": "title_pkey", "Relation Name": "title", "Alias": "t", "Startup Cost": 0.0, "Total Cost": 0.27, "Plan Rows": 1, "Plan Width": 21, "Index Cond": "(id = ci.movie_id)"}]}, {"Node Type": "Index Only Scan", "Parent Relationship": "Inner", "Scan Direction": "Forward", "Index Name": "name_pkey", "Relation Name": "name", "Alias": "n1", "Startup Cost": 0.0, "Total Cost": 0.27, "Plan Rows": 1, "Plan Width": 4, "Index Cond": "(id = ci.person_id)"}]}]}, "Unique SQL Id": 2457761703, "Planner Runtime": 3}, "explain_analyze_plan": null}, "(1, '113')": {"explain_plan": {"Plan": {"Node Type": "Aggregate", "Strategy": "Plain", "Startup Cost": 1970553.27, "Total Cost": 1970553.28, "Plan Rows": 1, "Plan Width": 97, "Plans": [{"Node Type": "Nested Loop", "Parent Relationship": "Outer", "Join Type": "Inner", "Startup Cost": 0.0, "Total Cost": 1968767.78, "Plan Rows": 357098, "Plan Width": 33, "Inner Unique": true, "Join Filter": "(an1.person_id = n1.id), (LLVM Optimized)", "Plans": [{"Node Type": "Nested Loop", "Parent Relationship": "Outer", "Join Type": "Inner", "Startup Cost": 0.0, "Total Cost": 1867273.85, "Plan Rows": 357098, "Plan Width": 41, "Inner Unique": true, "Plans": [{"Node Type": "Nested Loop", "Parent Relationship": "Outer", "Join Type": "Inner", "Startup Cost": 0.0, "Total Cost": 1765471.51, "Plan Rows": 357379, "Plan Width": 32, "Inner Unique": false, "Plans": [{"Node Type": "Nested Loop", "Parent Relationship": "Outer", "Join Type": "Inner", "Startup Cost": 0.0, "Total Cost": 1565298.55, "Plan Rows": 711018, "Plan Width": 12, "Inner Unique": false, "Join Filter": "(ci.role_id = rt.id), (LLVM Optimized)", "Plans": [{"Node Type": "Index Scan", "Parent Relationship": "Outer", "Scan Direction": "Forward", "Index Name": "role_type_pkey", "Relation Name": "role_type", "Alias": "rt", "Startup Cost": 0.0, "Total Cost": 12.46, "Plan Rows": 1, "Plan Width": 4, "Filter": "((role)::text = 'costume designer'::text)"}, {"Node Type": "Nested Loop", "Parent Relationship": "Inner", "Join Type": "Inner", "Startup Cost": 0.0, "Total Cost": 1467521.08, "Plan Rows": 7821201, "Plan Width": 16, "Inner Unique": false, "Plans": [{"Node Type": "Nested Loop", "Parent Relationship": "Outer", "Join Type": "Inner", "Startup Cost": 0.0, "Total Cost": 171332.39, "Plan Rows": 1282311, "Plan Width": 4, "Inner Unique": false, "Plans": [{"Node Type": "Index Scan", "Parent Relationship": "Outer", "Scan Direction": "Forward", "Index Name": "company_name_pkey", "Relation Name": "company_name", "Alias": "cn", "Startup Cost": 0.0, "Total Cost": 10501.39, "Plan Rows": 85170, "Plan Width": 4, "Filter": "((country_code)::text = '[us]'::text)"}, {"Node Type": "Index Scan", "Parent Relationship": "Inner", "Scan Direction": "Forward", "Index Name": "company_id_movie_companies", "Relation Name": "movie_companies", "Alias": "mc", "Startup Cost": 0.0, "Total Cost": 1.74, "Plan Rows": 15, "Plan Width": 8, "Index Cond": "(company_id = cn.id)"}]}, {"Node Type": "Index Scan", "Parent Relationship": "Inner", "Scan Direction": "Forward", "Index Name": "movie_id_cast_info", "Relation Name": "cast_info", "Alias": "ci", "Startup Cost": 0.0, "Total Cost": 0.95, "Plan Rows": 6, "Plan Width": 12, "Index Cond": "(movie_id = mc.movie_id)"}]}]}, {"Node Type": "Index Scan", "Parent Relationship": "Inner", "Scan Direction": "Forward", "Index Name": "person_id_aka_name", "Relation Name": "aka_name", "Alias": "an1", "Startup Cost": 0.0, "Total Cost": 0.27, "Plan Rows": 1, "Plan Width": 20, "Index Cond": "(person_id = ci.person_id)"}]}, {"Node Type": "Index Scan", "Parent Relationship": "Inner", "Scan Direction": "Forward", "Index Name": "title_pkey", "Relation Name": "title", "Alias": "t", "Startup Cost": 0.0, "Total Cost": 0.27, "Plan Rows": 1, "Plan Width": 21, "Index Cond": "(id = ci.movie_id)"}]}, {"Node Type": "Index Only Scan", "Parent Relationship": "Inner", "Scan Direction": "Forward", "Index Name": "name_pkey", "Relation Name": "name", "Alias": "n1", "Startup Cost": 0.0, "Total Cost": 0.27, "Plan Rows": 1, "Plan Width": 4, "Index Cond": "(id = ci.person_id)"}]}]}, "Unique SQL Id": 2457761703, "Planner Runtime": 3}, "explain_analyze_plan": null}, "(1, '114')": {"explain_plan": {"Plan": {"Node Type": "Aggregate", "Strategy": "Plain", "Startup Cost": 12604914.55, "Total Cost": 12604914.56, "Plan Rows": 1, "Plan Width": 97, "Plans": [{"Node Type": "Nested Loop", "Parent Relationship": "Outer", "Join Type": "Inner", "Startup Cost": 2.1, "Total Cost": 12603129.06, "Plan Rows": 357098, "Plan Width": 33, "Inner Unique": true, "Join Filter": "(an1.person_id = n1.id), (LLVM Optimized)", "Plans": [{"Node Type": "Nested Loop", "Parent Relationship": "Outer", "Join Type": "Inner", "Startup Cost": 1.84, "Total Cost": 11073153.85, "Plan Rows": 357098, "Plan Width": 41, "Inner Unique": true, "Plans": [{"Node Type": "Nested Loop", "Parent Relationship": "Outer", "Join Type": "Inner", "Startup Cost": 1.58, "Total Cost": 9543117.59, "Plan Rows": 357379, "Plan Width": 32, "Inner Unique": false, "Plans": [{"Node Type": "Nested Loop", "Parent Relationship": "Outer", "Join Type": "Inner", "Startup Cost": 1.33, "Total Cost": 6499549.44, "Plan Rows": 711018, "Plan Width": 12, "Inner Unique": false, "Join Filter": "(ci.role_id = rt.id), (LLVM Optimized)", "Plans": [{"Node Type": "Seq Scan", "Parent Relationship": "Outer", "Relation Name": "role_type", "Alias": "rt", "Startup Cost": 0.0, "Total Cost": 1.15, "Plan Rows": 1, "Plan Width": 4, "Filter": "((role)::text = 'costume designer'::text)"}, {"Node Type": "Nested Loop", "Parent Relationship": "Inner", "Join Type": "Inner", "Startup Cost": 1.33, "Total Cost": 6401783.28, "Plan Rows": 7821201, "Plan Width": 16, "Inner Unique": false, "Plans": [{"Node Type": "Nested Loop", "Parent Relationship": "Outer", "Join Type": "Inner", "Startup Cost": 0.82, "Total Cost": 444829.84, "Plan Rows": 1282311, "Plan Width": 4, "Inner Unique": false, "Plans": [{"Node Type": "Seq Scan", "Parent Relationship": "Outer", "Relation Name": "company_name", "Alias": "cn", "Startup Cost": 0.0, "Total Cost": 5903.45, "Plan Rows": 85170, "Plan Width": 4, "Filter": "((country_code)::text = '[us]'::text)"}, {"Node Type": "Bitmap Heap Scan", "Parent Relationship": "Inner", "Relation Name": "movie_companies", "Alias": "mc", "Startup Cost": 0.82, "Total Cost": 5.0, "Plan Rows": 15, "Plan Width": 8, "Recheck Cond": "(company_id = cn.id)", "Plans": [{"Node Type": "Bitmap Index Scan", "Parent Relationship": "Outer", "Index Name": "company_id_movie_companies", "Startup Cost": 0.0, "Total Cost": 0.81, "Plan Rows": 15, "Plan Width": 0, "Index Cond": "(company_id = cn.id)"}]}]}, {"Node Type": "Bitmap Heap Scan", "Parent Relationship": "Inner", "Relation Name": "cast_info", "Alias": "ci", "Startup Cost": 0.51, "Total Cost": 4.59, "Plan Rows": 6, "Plan Width": 12, "Recheck Cond": "(movie_id = mc.movie_id)", "Plans": [{"Node Type": "Bitmap Index Scan", "Parent Relationship": "Outer", "Index Name": "movie_id_cast_info", "Startup Cost": 0.0, "Total Cost": 0.51, "Plan Rows": 6, "Plan Width": 0, "Index Cond": "(movie_id = mc.movie_id)"}]}]}]}, {"Node Type": "Bitmap Heap Scan", "Parent Relationship": "Inner", "Relation Name": "aka_name", "Alias": "an1", "Startup Cost": 0.26, "Total Cost": 4.27, "Plan Rows": 1, "Plan Width": 20, "Recheck Cond": "(person_id = ci.person_id)", "Plans": [{"Node Type": "Bitmap Index Scan", "Parent Relationship": "Outer", "Index Name": "person_id_aka_name", "Startup Cost": 0.0, "Total Cost": 0.26, "Plan Rows": 1, "Plan Width": 0, "Index Cond": "(person_id = ci.person_id)"}]}]}, {"Node Type": "Bitmap Heap Scan", "Parent Relationship": "Inner", "Relation Name": "title", "Alias": "t", "Startup Cost": 0.26, "Total Cost": 4.27, "Plan Rows": 1, "Plan Width": 21, "Recheck Cond": "(id = ci.movie_id)", "Plans": [{"Node Type": "Bitmap Index Scan", "Parent Relationship": "Outer", "Index Name": "title_pkey", "Startup Cost": 0.0, "Total Cost": 0.26, "Plan Rows": 1, "Plan Width": 0, "Index Cond": "(id = ci.movie_id)"}]}]}, {"Node Type": "Bitmap Heap Scan", "Parent Relationship": "Inner", "Relation Name": "name", "Alias": "n1", "Startup Cost": 0.26, "Total Cost": 4.27, "Plan Rows": 1, "Plan Width": 4, "Recheck Cond": "(id = ci.person_id)", "Plans": [{"Node Type": "Bitmap Index Scan", "Parent Relationship": "Outer", "Index Name": "name_pkey", "Startup Cost": 0.0, "Total Cost": 0.26, "Plan Rows": 1, "Plan Width": 0, "Index Cond": "(id = ci.person_id)"}]}]}]}, "Unique SQL Id": 2457761703, "Planner Runtime": 4}, "explain_analyze_plan": null}, "(1, '115')": {"explain_plan": {"Plan": {"Node Type": "Aggregate", "Strategy": "Plain", "Startup Cost": 1000069787565.86, "Total Cost": 1000069787565.87, "Plan Rows": 1, "Plan Width": 97, "Plans": [{"Node Type": "Nested Loop", "Parent Relationship": "Outer", "Join Type": "Inner", "Startup Cost": 10000000001.8, "Total Cost": 1000069785780.37, "Plan Rows": 357098, "Plan Width": 33, "Inner Unique": true, "Plans": [{"Node Type": "Nested Loop", "Parent Relationship": "Outer", "Join Type": "Inner", "Startup Cost": 10000000001.54, "Total Cost": 1000068255744.11, "Plan Rows": 357379, "Plan Width": 24, "Inner Unique": true, "Join Filter": "(an1.person_id = n1.id), (LLVM Optimized)", "Plans": [{"Node Type": "Nested Loop", "Parent Relationship": "Outer", "Join Type": "Inner", "Startup Cost": 10000000001.28, "Total Cost": 1000066724564.96, "Plan Rows": 357379, "Plan Width": 32, "Inner Unique": false, "Plans": [{"Node Type": "Nested Loop", "Parent Relationship": "Outer", "Join Type": "Inner", "Startup Cost": 10000000001.03, "Total Cost": 1000063680996.82, "Plan Rows": 711018, "Plan Width": 12, "Inner Unique": true, "Plans": [{"Node Type": "Nested Loop", "Parent Relationship": "Outer", "Join Type": "Inner", "Startup Cost": 10000000000.77, "Total Cost": 1000030184746.51, "Plan Rows": 7821201, "Plan Width": 16, "Inner Unique": false, "Plans": [{"Node Type": "Nested Loop", "Parent Relationship": "Outer", "Join Type": "Inner", "Startup Cost": 10000000000.26, "Total Cost": 1000024227793.07, "Plan Rows": 1282311, "Plan Width": 4, "Inner Unique": true, "Plans": [{"Node Type": "Index Scan", "Parent Relationship": "Outer", "Scan Direction": "Forward", "Index Name": "movie_id_movie_companies", "Relation Name": "movie_companies", "Alias": "mc", "Startup Cost": 10000000000.0, "Total Cost": 1000013051946.13, "Plan Rows": 2609128, "Plan Width": 8}, {"Node Type": "Bitmap Heap Scan", "Parent Relationship": "Inner", "Relation Name": "company_name", "Alias": "cn", "Startup Cost": 0.26, "Total Cost": 4.27, "Plan Rows": 1, "Plan Width": 4, "Recheck Cond": "(id = mc.company_id)", "Filter": "((country_code)::text = '[us]'::text)", "Plans": [{"Node Type": "Bitmap Index Scan", "Parent Relationship": "Outer", "Index Name": "company_name_pkey", "Startup Cost": 0.0, "Total Cost": 0.26, "Plan Rows": 1, "Plan Width": 0, "Index Cond": "(id = mc.company_id)"}]}]}, {"Node Type": "Bitmap Heap Scan", "Parent Relationship": "Inner", "Relation Name": "cast_info", "Alias": "ci", "Startup Cost": 0.51, "Total Cost": 4.59, "Plan Rows": 6, "Plan Width": 12, "Recheck Cond": "(movie_id = mc.movie_id)", "Plans": [{"Node Type": "Bitmap Index Scan", "Parent Relationship": "Outer", "Index Name": "movie_id_cast_info", "Startup Cost": 0.0, "Total Cost": 0.51, "Plan Rows": 6, "Plan Width": 0, "Index Cond": "(movie_id = mc.movie_id)"}]}]}, {"Node Type": "Bitmap Heap Scan", "Parent Relationship": "Inner", "Relation Name": "role_type", "Alias": "rt", "Startup Cost": 0.26, "Total Cost": 4.27, "Plan Rows": 1, "Plan Width": 4, "Recheck Cond": "(id = ci.role_id)", "Filter": "((role)::text = 'costume designer'::text)", "Plans": [{"Node Type": "Bitmap Index Scan", "Parent Relationship": "Outer", "Index Name": "role_type_pkey", "Startup Cost": 0.0, "Total Cost": 0.26, "Plan Rows": 1, "Plan Width": 0, "Index Cond": "(id = ci.role_id)"}]}]}, {"Node Type": "Bitmap Heap Scan", "Parent Relationship": "Inner", "Relation Name": "aka_name", "Alias": "an1", "Startup Cost": 0.26, "Total Cost": 4.27, "Plan Rows": 1, "Plan Width": 20, "Recheck Cond": "(person_id = ci.person_id)", "Plans": [{"Node Type": "Bitmap Index Scan", "Parent Relationship": "Outer", "Index Name": "person_id_aka_name", "Startup Cost": 0.0, "Total Cost": 0.26, "Plan Rows": 1, "Plan Width": 0, "Index Cond": "(person_id = ci.person_id)"}]}]}, {"Node Type": "Bitmap Heap Scan", "Parent Relationship": "Inner", "Relation Name": "name", "Alias": "n1", "Startup Cost": 0.26, "Total Cost": 4.27, "Plan Rows": 1, "Plan Width": 4, "Recheck Cond": "(id = ci.person_id)", "Plans": [{"Node Type": "Bitmap Index Scan", "Parent Relationship": "Outer", "Index Name": "name_pkey", "Startup Cost": 0.0, "Total Cost": 0.26, "Plan Rows": 1, "Plan Width": 0, "Index Cond": "(id = ci.person_id)"}]}]}, {"Node Type": "Bitmap Heap Scan", "Parent Relationship": "Inner", "Relation Name": "title", "Alias": "t", "Startup Cost": 0.26, "Total Cost": 4.27, "Plan Rows": 1, "Plan Width": 21, "Recheck Cond": "(id = ci.movie_id)", "Plans": [{"Node Type": "Bitmap Index Scan", "Parent Relationship": "Outer", "Index Name": "title_pkey", "Startup Cost": 0.0, "Total Cost": 0.26, "Plan Rows": 1, "Plan Width": 0, "Index Cond": "(id = ci.movie_id)"}]}]}]}, "Unique SQL Id": 2457761703, "Planner Runtime": 3}, "explain_analyze_plan": null}, "(1, '116')": {"explain_plan": {"Plan": {"Node Type": "Aggregate", "Strategy": "Plain", "Startup Cost": 1967968.74, "Total Cost": 1967968.75, "Plan Rows": 1, "Plan Width": 97, "Plans": [{"Node Type": "Nested Loop", "Parent Relationship": "Outer", "Join Type": "Inner", "Startup Cost": 0.0, "Total Cost": 1966183.25, "Plan Rows": 357098, "Plan Width": 33, "Inner Unique": true, "Join Filter": "(an1.person_id = n1.id), (LLVM Optimized)", "Plans": [{"Node Type": "Nested Loop", "Parent Relationship": "Outer", "Join Type": "Inner", "Startup Cost": 0.0, "Total Cost": 1862664.6, "Plan Rows": 357098, "Plan Width": 41, "Inner Unique": true, "Plans": [{"Node Type": "Nested Loop", "Parent Relationship": "Outer", "Join Type": "Inner", "Startup Cost": 0.0, "Total Cost": 1760862.26, "Plan Rows": 357379, "Plan Width": 32, "Inner Unique": false, "Plans": [{"Node Type": "Nested Loop", "Parent Relationship": "Outer", "Join Type": "Inner", "Startup Cost": 0.0, "Total Cost": 1560689.3, "Plan Rows": 711018, "Plan Width": 12, "Inner Unique": false, "Join Filter": "(ci.role_id = rt.id), (LLVM Optimized)", "Plans": [{"Node Type": "Seq Scan", "Parent Relationship": "Outer", "Relation Name": "role_type", "Alias": "rt", "Startup Cost": 0.0, "Total Cost": 1.15, "Plan Rows": 1, "Plan Width": 4, "Filter": "((role)::text = 'costume designer'::text)"}, {"Node Type": "Nested Loop", "Parent Relationship": "Inner", "Join Type": "Inner", "Startup Cost": 0.0, "Total Cost": 1462923.14, "Plan Rows": 7821201, "Plan Width": 16, "Inner Unique": false, "Plans": [{"Node Type": "Nested Loop", "Parent Relationship": "Outer", "Join Type": "Inner", "Startup Cost": 0.0, "Total Cost": 166734.45, "Plan Rows": 1282311, "Plan Width": 4, "Inner Unique": false, "Plans": [{"Node Type": "Seq Scan", "Parent Relationship": "Outer", "Relation Name": "company_name", "Alias": "cn", "Startup Cost": 0.0, "Total Cost": 5903.45, "Plan Rows": 85170, "Plan Width": 4, "Filter": "((country_code)::text = '[us]'::text)"}, {"Node Type": "Index Scan", "Parent Relationship": "Inner", "Scan Direction": "Forward", "Index Name": "company_id_movie_companies", "Relation Name": "movie_companies", "Alias": "mc", "Startup Cost": 0.0, "Total Cost": 1.74, "Plan Rows": 15, "Plan Width": 8, "Index Cond": "(company_id = cn.id)"}]}, {"Node Type": "Index Scan", "Parent Relationship": "Inner", "Scan Direction": "Forward", "Index Name": "movie_id_cast_info", "Relation Name": "cast_info", "Alias": "ci", "Startup Cost": 0.0, "Total Cost": 0.95, "Plan Rows": 6, "Plan Width": 12, "Index Cond": "(movie_id = mc.movie_id)"}]}]}, {"Node Type": "Index Scan", "Parent Relationship": "Inner", "Scan Direction": "Forward", "Index Name": "person_id_aka_name", "Relation Name": "aka_name", "Alias": "an1", "Startup Cost": 0.0, "Total Cost": 0.27, "Plan Rows": 1, "Plan Width": 20, "Index Cond": "(person_id = ci.person_id)"}]}, {"Node Type": "Index Scan", "Parent Relationship": "Inner", "Scan Direction": "Forward", "Index Name": "title_pkey", "Relation Name": "title", "Alias": "t", "Startup Cost": 0.0, "Total Cost": 0.27, "Plan Rows": 1, "Plan Width": 21, "Index Cond": "(id = ci.movie_id)"}]}, {"Node Type": "Index Scan", "Parent Relationship": "Inner", "Scan Direction": "Forward", "Index Name": "name_pkey", "Relation Name": "name", "Alias": "n1", "Startup Cost": 0.0, "Total Cost": 0.28, "Plan Rows": 1, "Plan Width": 4, "Index Cond": "(id = ci.person_id)"}]}]}, "Unique SQL Id": 2457761703, "Planner Runtime": 3}, "explain_analyze_plan": null}, "(1, '117')": {"explain_plan": {"Plan": {"Node Type": "Aggregate", "Strategy": "Plain", "Startup Cost": 1972577.99, "Total Cost": 1972578.0, "Plan Rows": 1, "Plan Width": 97, "Plans": [{"Node Type": "Nested Loop", "Parent Relationship": "Outer", "Join Type": "Inner", "Startup Cost": 0.0, "Total Cost": 1970792.5, "Plan Rows": 357098, "Plan Width": 33, "Inner Unique": true, "Join Filter": "(an1.person_id = n1.id), (LLVM Optimized)", "Plans": [{"Node Type": "Nested Loop", "Parent Relationship": "Outer", "Join Type": "Inner", "Startup Cost": 0.0, "Total Cost": 1867273.85, "Plan Rows": 357098, "Plan Width": 41, "Inner Unique": true, "Plans": [{"Node Type": "Nested Loop", "Parent Relationship": "Outer", "Join Type": "Inner", "Startup Cost": 0.0, "Total Cost": 1765471.51, "Plan Rows": 357379, "Plan Width": 32, "Inner Unique": false, "Plans": [{"Node Type": "Nested Loop", "Parent Relationship": "Outer", "Join Type": "Inner", "Startup Cost": 0.0, "Total Cost": 1565298.55, "Plan Rows": 711018, "Plan Width": 12, "Inner Unique": false, "Join Filter": "(ci.role_id = rt.id), (LLVM Optimized)", "Plans": [{"Node Type": "Index Scan", "Parent Relationship": "Outer", "Scan Direction": "Forward", "Index Name": "role_type_pkey", "Relation Name": "role_type", "Alias": "rt", "Startup Cost": 0.0, "Total Cost": 12.46, "Plan Rows": 1, "Plan Width": 4, "Filter": "((role)::text = 'costume designer'::text)"}, {"Node Type": "Nested Loop", "Parent Relationship": "Inner", "Join Type": "Inner", "Startup Cost": 0.0, "Total Cost": 1467521.08, "Plan Rows": 7821201, "Plan Width": 16, "Inner Unique": false, "Plans": [{"Node Type": "Nested Loop", "Parent Relationship": "Outer", "Join Type": "Inner", "Startup Cost": 0.0, "Total Cost": 171332.39, "Plan Rows": 1282311, "Plan Width": 4, "Inner Unique": false, "Plans": [{"Node Type": "Index Scan", "Parent Relationship": "Outer", "Scan Direction": "Forward", "Index Name": "company_name_pkey", "Relation Name": "company_name", "Alias": "cn", "Startup Cost": 0.0, "Total Cost": 10501.39, "Plan Rows": 85170, "Plan Width": 4, "Filter": "((country_code)::text = '[us]'::text)"}, {"Node Type": "Index Scan", "Parent Relationship": "Inner", "Scan Direction": "Forward", "Index Name": "company_id_movie_companies", "Relation Name": "movie_companies", "Alias": "mc", "Startup Cost": 0.0, "Total Cost": 1.74, "Plan Rows": 15, "Plan Width": 8, "Index Cond": "(company_id = cn.id)"}]}, {"Node Type": "Index Scan", "Parent Relationship": "Inner", "Scan Direction": "Forward", "Index Name": "movie_id_cast_info", "Relation Name": "cast_info", "Alias": "ci", "Startup Cost": 0.0, "Total Cost": 0.95, "Plan Rows": 6, "Plan Width": 12, "Index Cond": "(movie_id = mc.movie_id)"}]}]}, {"Node Type": "Index Scan", "Parent Relationship": "Inner", "Scan Direction": "Forward", "Index Name": "person_id_aka_name", "Relation Name": "aka_name", "Alias": "an1", "Startup Cost": 0.0, "Total Cost": 0.27, "Plan Rows": 1, "Plan Width": 20, "Index Cond": "(person_id = ci.person_id)"}]}, {"Node Type": "Index Scan", "Parent Relationship": "Inner", "Scan Direction": "Forward", "Index Name": "title_pkey", "Relation Name": "title", "Alias": "t", "Startup Cost": 0.0, "Total Cost": 0.27, "Plan Rows": 1, "Plan Width": 21, "Index Cond": "(id = ci.movie_id)"}]}, {"Node Type": "Index Scan", "Parent Relationship": "Inner", "Scan Direction": "Forward", "Index Name": "name_pkey", "Relation Name": "name", "Alias": "n1", "Startup Cost": 0.0, "Total Cost": 0.28, "Plan Rows": 1, "Plan Width": 4, "Index Cond": "(id = ci.person_id)"}]}]}, "Unique SQL Id": 2457761703, "Planner Runtime": 3}, "explain_analyze_plan": null}, "(1, '118')": {"explain_plan": {"Plan": {"Node Type": "Aggregate", "Strategy": "Plain", "Startup Cost": 12604914.55, "Total Cost": 12604914.56, "Plan Rows": 1, "Plan Width": 97, "Plans": [{"Node Type": "Nested Loop", "Parent Relationship": "Outer", "Join Type": "Inner", "Startup Cost": 2.1, "Total Cost": 12603129.06, "Plan Rows": 357098, "Plan Width": 33, "Inner Unique": true, "Join Filter": "(an1.person_id = n1.id), (LLVM Optimized)", "Plans": [{"Node Type": "Nested Loop", "Parent Relationship": "Outer", "Join Type": "Inner", "Startup Cost": 1.84, "Total Cost": 11073153.85, "Plan Rows": 357098, "Plan Width": 41, "Inner Unique": true, "Plans": [{"Node Type": "Nested Loop", "Parent Relationship": "Outer", "Join Type": "Inner", "Startup Cost": 1.58, "Total Cost": 9543117.59, "Plan Rows": 357379, "Plan Width": 32, "Inner Unique": false, "Plans": [{"Node Type": "Nested Loop", "Parent Relationship": "Outer", "Join Type": "Inner", "Startup Cost": 1.33, "Total Cost": 6499549.44, "Plan Rows": 711018, "Plan Width": 12, "Inner Unique": false, "Join Filter": "(ci.role_id = rt.id), (LLVM Optimized)", "Plans": [{"Node Type": "Seq Scan", "Parent Relationship": "Outer", "Relation Name": "role_type", "Alias": "rt", "Startup Cost": 0.0, "Total Cost": 1.15, "Plan Rows": 1, "Plan Width": 4, "Filter": "((role)::text = 'costume designer'::text)"}, {"Node Type": "Nested Loop", "Parent Relationship": "Inner", "Join Type": "Inner", "Startup Cost": 1.33, "Total Cost": 6401783.28, "Plan Rows": 7821201, "Plan Width": 16, "Inner Unique": false, "Plans": [{"Node Type": "Nested Loop", "Parent Relationship": "Outer", "Join Type": "Inner", "Startup Cost": 0.82, "Total Cost": 444829.84, "Plan Rows": 1282311, "Plan Width": 4, "Inner Unique": false, "Plans": [{"Node Type": "Seq Scan", "Parent Relationship": "Outer", "Relation Name": "company_name", "Alias": "cn", "Startup Cost": 0.0, "Total Cost": 5903.45, "Plan Rows": 85170, "Plan Width": 4, "Filter": "((country_code)::text = '[us]'::text)"}, {"Node Type": "Bitmap Heap Scan", "Parent Relationship": "Inner", "Relation Name": "movie_companies", "Alias": "mc", "Startup Cost": 0.82, "Total Cost": 5.0, "Plan Rows": 15, "Plan Width": 8, "Recheck Cond": "(company_id = cn.id)", "Plans": [{"Node Type": "Bitmap Index Scan", "Parent Relationship": "Outer", "Index Name": "company_id_movie_companies", "Startup Cost": 0.0, "Total Cost": 0.81, "Plan Rows": 15, "Plan Width": 0, "Index Cond": "(company_id = cn.id)"}]}]}, {"Node Type": "Bitmap Heap Scan", "Parent Relationship": "Inner", "Relation Name": "cast_info", "Alias": "ci", "Startup Cost": 0.51, "Total Cost": 4.59, "Plan Rows": 6, "Plan Width": 12, "Recheck Cond": "(movie_id = mc.movie_id)", "Plans": [{"Node Type": "Bitmap Index Scan", "Parent Relationship": "Outer", "Index Name": "movie_id_cast_info", "Startup Cost": 0.0, "Total Cost": 0.51, "Plan Rows": 6, "Plan Width": 0, "Index Cond": "(movie_id = mc.movie_id)"}]}]}]}, {"Node Type": "Bitmap Heap Scan", "Parent Relationship": "Inner", "Relation Name": "aka_name", "Alias": "an1", "Startup Cost": 0.26, "Total Cost": 4.27, "Plan Rows": 1, "Plan Width": 20, "Recheck Cond": "(person_id = ci.person_id)", "Plans": [{"Node Type": "Bitmap Index Scan", "Parent Relationship": "Outer", "Index Name": "person_id_aka_name", "Startup Cost": 0.0, "Total Cost": 0.26, "Plan Rows": 1, "Plan Width": 0, "Index Cond": "(person_id = ci.person_id)"}]}]}, {"Node Type": "Bitmap Heap Scan", "Parent Relationship": "Inner", "Relation Name": "title", "Alias": "t", "Startup Cost": 0.26, "Total Cost": 4.27, "Plan Rows": 1, "Plan Width": 21, "Recheck Cond": "(id = ci.movie_id)", "Plans": [{"Node Type": "Bitmap Index Scan", "Parent Relationship": "Outer", "Index Name": "title_pkey", "Startup Cost": 0.0, "Total Cost": 0.26, "Plan Rows": 1, "Plan Width": 0, "Index Cond": "(id = ci.movie_id)"}]}]}, {"Node Type": "Bitmap Heap Scan", "Parent Relationship": "Inner", "Relation Name": "name", "Alias": "n1", "Startup Cost": 0.26, "Total Cost": 4.27, "Plan Rows": 1, "Plan Width": 4, "Recheck Cond": "(id = ci.person_id)", "Plans": [{"Node Type": "Bitmap Index Scan", "Parent Relationship": "Outer", "Index Name": "name_pkey", "Startup Cost": 0.0, "Total Cost": 0.26, "Plan Rows": 1, "Plan Width": 0, "Index Cond": "(id = ci.person_id)"}]}]}]}, "Unique SQL Id": 2457761703, "Planner Runtime": 4}, "explain_analyze_plan": null}, "(1, '119')": {"explain_plan": {"Plan": {"Node Type": "Aggregate", "Strategy": "Plain", "Startup Cost": 1000069787565.86, "Total Cost": 1000069787565.87, "Plan Rows": 1, "Plan Width": 97, "Plans": [{"Node Type": "Nested Loop", "Parent Relationship": "Outer", "Join Type": "Inner", "Startup Cost": 10000000001.8, "Total Cost": 1000069785780.37, "Plan Rows": 357098, "Plan Width": 33, "Inner Unique": true, "Plans": [{"Node Type": "Nested Loop", "Parent Relationship": "Outer", "Join Type": "Inner", "Startup Cost": 10000000001.54, "Total Cost": 1000068255744.11, "Plan Rows": 357379, "Plan Width": 24, "Inner Unique": true, "Join Filter": "(an1.person_id = n1.id), (LLVM Optimized)", "Plans": [{"Node Type": "Nested Loop", "Parent Relationship": "Outer", "Join Type": "Inner", "Startup Cost": 10000000001.28, "Total Cost": 1000066724564.96, "Plan Rows": 357379, "Plan Width": 32, "Inner Unique": false, "Plans": [{"Node Type": "Nested Loop", "Parent Relationship": "Outer", "Join Type": "Inner", "Startup Cost": 10000000001.03, "Total Cost": 1000063680996.82, "Plan Rows": 711018, "Plan Width": 12, "Inner Unique": true, "Plans": [{"Node Type": "Nested Loop", "Parent Relationship": "Outer", "Join Type": "Inner", "Startup Cost": 10000000000.77, "Total Cost": 1000030184746.51, "Plan Rows": 7821201, "Plan Width": 16, "Inner Unique": false, "Plans": [{"Node Type": "Nested Loop", "Parent Relationship": "Outer", "Join Type": "Inner", "Startup Cost": 10000000000.26, "Total Cost": 1000024227793.07, "Plan Rows": 1282311, "Plan Width": 4, "Inner Unique": true, "Plans": [{"Node Type": "Index Scan", "Parent Relationship": "Outer", "Scan Direction": "Forward", "Index Name": "movie_id_movie_companies", "Relation Name": "movie_companies", "Alias": "mc", "Startup Cost": 10000000000.0, "Total Cost": 1000013051946.13, "Plan Rows": 2609128, "Plan Width": 8}, {"Node Type": "Bitmap Heap Scan", "Parent Relationship": "Inner", "Relation Name": "company_name", "Alias": "cn", "Startup Cost": 0.26, "Total Cost": 4.27, "Plan Rows": 1, "Plan Width": 4, "Recheck Cond": "(id = mc.company_id)", "Filter": "((country_code)::text = '[us]'::text)", "Plans": [{"Node Type": "Bitmap Index Scan", "Parent Relationship": "Outer", "Index Name": "company_name_pkey", "Startup Cost": 0.0, "Total Cost": 0.26, "Plan Rows": 1, "Plan Width": 0, "Index Cond": "(id = mc.company_id)"}]}]}, {"Node Type": "Bitmap Heap Scan", "Parent Relationship": "Inner", "Relation Name": "cast_info", "Alias": "ci", "Startup Cost": 0.51, "Total Cost": 4.59, "Plan Rows": 6, "Plan Width": 12, "Recheck Cond": "(movie_id = mc.movie_id)", "Plans": [{"Node Type": "Bitmap Index Scan", "Parent Relationship": "Outer", "Index Name": "movie_id_cast_info", "Startup Cost": 0.0, "Total Cost": 0.51, "Plan Rows": 6, "Plan Width": 0, "Index Cond": "(movie_id = mc.movie_id)"}]}]}, {"Node Type": "Bitmap Heap Scan", "Parent Relationship": "Inner", "Relation Name": "role_type", "Alias": "rt", "Startup Cost": 0.26, "Total Cost": 4.27, "Plan Rows": 1, "Plan Width": 4, "Recheck Cond": "(id = ci.role_id)", "Filter": "((role)::text = 'costume designer'::text)", "Plans": [{"Node Type": "Bitmap Index Scan", "Parent Relationship": "Outer", "Index Name": "role_type_pkey", "Startup Cost": 0.0, "Total Cost": 0.26, "Plan Rows": 1, "Plan Width": 0, "Index Cond": "(id = ci.role_id)"}]}]}, {"Node Type": "Bitmap Heap Scan", "Parent Relationship": "Inner", "Relation Name": "aka_name", "Alias": "an1", "Startup Cost": 0.26, "Total Cost": 4.27, "Plan Rows": 1, "Plan Width": 20, "Recheck Cond": "(person_id = ci.person_id)", "Plans": [{"Node Type": "Bitmap Index Scan", "Parent Relationship": "Outer", "Index Name": "person_id_aka_name", "Startup Cost": 0.0, "Total Cost": 0.26, "Plan Rows": 1, "Plan Width": 0, "Index Cond": "(person_id = ci.person_id)"}]}]}, {"Node Type": "Bitmap Heap Scan", "Parent Relationship": "Inner", "Relation Name": "name", "Alias": "n1", "Startup Cost": 0.26, "Total Cost": 4.27, "Plan Rows": 1, "Plan Width": 4, "Recheck Cond": "(id = ci.person_id)", "Plans": [{"Node Type": "Bitmap Index Scan", "Parent Relationship": "Outer", "Index Name": "name_pkey", "Startup Cost": 0.0, "Total Cost": 0.26, "Plan Rows": 1, "Plan Width": 0, "Index Cond": "(id = ci.person_id)"}]}]}, {"Node Type": "Bitmap Heap Scan", "Parent Relationship": "Inner", "Relation Name": "title", "Alias": "t", "Startup Cost": 0.26, "Total Cost": 4.27, "Plan Rows": 1, "Plan Width": 21, "Recheck Cond": "(id = ci.movie_id)", "Plans": [{"Node Type": "Bitmap Index Scan", "Parent Relationship": "Outer", "Index Name": "title_pkey", "Startup Cost": 0.0, "Total Cost": 0.26, "Plan Rows": 1, "Plan Width": 0, "Index Cond": "(id = ci.movie_id)"}]}]}]}, "Unique SQL Id": 2457761703, "Planner Runtime": 3}, "explain_analyze_plan": null}, "(1, '120')": {"explain_plan": {"Plan": {"Node Type": "Aggregate", "Strategy": "Plain", "Startup Cost": 1965944.02, "Total Cost": 1965944.03, "Plan Rows": 1, "Plan Width": 97, "Plans": [{"Node Type": "Nested Loop", "Parent Relationship": "Outer", "Join Type": "Inner", "Startup Cost": 0.0, "Total Cost": 1964158.53, "Plan Rows": 357098, "Plan Width": 33, "Inner Unique": true, "Join Filter": "(an1.person_id = n1.id), (LLVM Optimized)", "Plans": [{"Node Type": "Nested Loop", "Parent Relationship": "Outer", "Join Type": "Inner", "Startup Cost": 0.0, "Total Cost": 1862664.6, "Plan Rows": 357098, "Plan Width": 41, "Inner Unique": true, "Plans": [{"Node Type": "Nested Loop", "Parent Relationship": "Outer", "Join Type": "Inner", "Startup Cost": 0.0, "Total Cost": 1760862.26, "Plan Rows": 357379, "Plan Width": 32, "Inner Unique": false, "Plans": [{"Node Type": "Nested Loop", "Parent Relationship": "Outer", "Join Type": "Inner", "Startup Cost": 0.0, "Total Cost": 1560689.3, "Plan Rows": 711018, "Plan Width": 12, "Inner Unique": false, "Join Filter": "(ci.role_id = rt.id), (LLVM Optimized)", "Plans": [{"Node Type": "Seq Scan", "Parent Relationship": "Outer", "Relation Name": "role_type", "Alias": "rt", "Startup Cost": 0.0, "Total Cost": 1.15, "Plan Rows": 1, "Plan Width": 4, "Filter": "((role)::text = 'costume designer'::text)"}, {"Node Type": "Nested Loop", "Parent Relationship": "Inner", "Join Type": "Inner", "Startup Cost": 0.0, "Total Cost": 1462923.14, "Plan Rows": 7821201, "Plan Width": 16, "Inner Unique": false, "Plans": [{"Node Type": "Nested Loop", "Parent Relationship": "Outer", "Join Type": "Inner", "Startup Cost": 0.0, "Total Cost": 166734.45, "Plan Rows": 1282311, "Plan Width": 4, "Inner Unique": false, "Plans": [{"Node Type": "Seq Scan", "Parent Relationship": "Outer", "Relation Name": "company_name", "Alias": "cn", "Startup Cost": 0.0, "Total Cost": 5903.45, "Plan Rows": 85170, "Plan Width": 4, "Filter": "((country_code)::text = '[us]'::text)"}, {"Node Type": "Index Scan", "Parent Relationship": "Inner", "Scan Direction": "Forward", "Index Name": "company_id_movie_companies", "Relation Name": "movie_companies", "Alias": "mc", "Startup Cost": 0.0, "Total Cost": 1.74, "Plan Rows": 15, "Plan Width": 8, "Index Cond": "(company_id = cn.id)"}]}, {"Node Type": "Index Scan", "Parent Relationship": "Inner", "Scan Direction": "Forward", "Index Name": "movie_id_cast_info", "Relation Name": "cast_info", "Alias": "ci", "Startup Cost": 0.0, "Total Cost": 0.95, "Plan Rows": 6, "Plan Width": 12, "Index Cond": "(movie_id = mc.movie_id)"}]}]}, {"Node Type": "Index Scan", "Parent Relationship": "Inner", "Scan Direction": "Forward", "Index Name": "person_id_aka_name", "Relation Name": "aka_name", "Alias": "an1", "Startup Cost": 0.0, "Total Cost": 0.27, "Plan Rows": 1, "Plan Width": 20, "Index Cond": "(person_id = ci.person_id)"}]}, {"Node Type": "Index Scan", "Parent Relationship": "Inner", "Scan Direction": "Forward", "Index Name": "title_pkey", "Relation Name": "title", "Alias": "t", "Startup Cost": 0.0, "Total Cost": 0.27, "Plan Rows": 1, "Plan Width": 21, "Index Cond": "(id = ci.movie_id)"}]}, {"Node Type": "Index Only Scan", "Parent Relationship": "Inner", "Scan Direction": "Forward", "Index Name": "name_pkey", "Relation Name": "name", "Alias": "n1", "Startup Cost": 0.0, "Total Cost": 0.27, "Plan Rows": 1, "Plan Width": 4, "Index Cond": "(id = ci.person_id)"}]}]}, "Unique SQL Id": 2457761703, "Planner Runtime": 3}, "explain_analyze_plan": null}, "(1, '121')": {"explain_plan": {"Plan": {"Node Type": "Aggregate", "Strategy": "Plain", "Startup Cost": 1970553.27, "Total Cost": 1970553.28, "Plan Rows": 1, "Plan Width": 97, "Plans": [{"Node Type": "Nested Loop", "Parent Relationship": "Outer", "Join Type": "Inner", "Startup Cost": 0.0, "Total Cost": 1968767.78, "Plan Rows": 357098, "Plan Width": 33, "Inner Unique": true, "Join Filter": "(an1.person_id = n1.id), (LLVM Optimized)", "Plans": [{"Node Type": "Nested Loop", "Parent Relationship": "Outer", "Join Type": "Inner", "Startup Cost": 0.0, "Total Cost": 1867273.85, "Plan Rows": 357098, "Plan Width": 41, "Inner Unique": true, "Plans": [{"Node Type": "Nested Loop", "Parent Relationship": "Outer", "Join Type": "Inner", "Startup Cost": 0.0, "Total Cost": 1765471.51, "Plan Rows": 357379, "Plan Width": 32, "Inner Unique": false, "Plans": [{"Node Type": "Nested Loop", "Parent Relationship": "Outer", "Join Type": "Inner", "Startup Cost": 0.0, "Total Cost": 1565298.55, "Plan Rows": 711018, "Plan Width": 12, "Inner Unique": false, "Join Filter": "(ci.role_id = rt.id), (LLVM Optimized)", "Plans": [{"Node Type": "Index Scan", "Parent Relationship": "Outer", "Scan Direction": "Forward", "Index Name": "role_type_pkey", "Relation Name": "role_type", "Alias": "rt", "Startup Cost": 0.0, "Total Cost": 12.46, "Plan Rows": 1, "Plan Width": 4, "Filter": "((role)::text = 'costume designer'::text)"}, {"Node Type": "Nested Loop", "Parent Relationship": "Inner", "Join Type": "Inner", "Startup Cost": 0.0, "Total Cost": 1467521.08, "Plan Rows": 7821201, "Plan Width": 16, "Inner Unique": false, "Plans": [{"Node Type": "Nested Loop", "Parent Relationship": "Outer", "Join Type": "Inner", "Startup Cost": 0.0, "Total Cost": 171332.39, "Plan Rows": 1282311, "Plan Width": 4, "Inner Unique": false, "Plans": [{"Node Type": "Index Scan", "Parent Relationship": "Outer", "Scan Direction": "Forward", "Index Name": "company_name_pkey", "Relation Name": "company_name", "Alias": "cn", "Startup Cost": 0.0, "Total Cost": 10501.39, "Plan Rows": 85170, "Plan Width": 4, "Filter": "((country_code)::text = '[us]'::text)"}, {"Node Type": "Index Scan", "Parent Relationship": "Inner", "Scan Direction": "Forward", "Index Name": "company_id_movie_companies", "Relation Name": "movie_companies", "Alias": "mc", "Startup Cost": 0.0, "Total Cost": 1.74, "Plan Rows": 15, "Plan Width": 8, "Index Cond": "(company_id = cn.id)"}]}, {"Node Type": "Index Scan", "Parent Relationship": "Inner", "Scan Direction": "Forward", "Index Name": "movie_id_cast_info", "Relation Name": "cast_info", "Alias": "ci", "Startup Cost": 0.0, "Total Cost": 0.95, "Plan Rows": 6, "Plan Width": 12, "Index Cond": "(movie_id = mc.movie_id)"}]}]}, {"Node Type": "Index Scan", "Parent Relationship": "Inner", "Scan Direction": "Forward", "Index Name": "person_id_aka_name", "Relation Name": "aka_name", "Alias": "an1", "Startup Cost": 0.0, "Total Cost": 0.27, "Plan Rows": 1, "Plan Width": 20, "Index Cond": "(person_id = ci.person_id)"}]}, {"Node Type": "Index Scan", "Parent Relationship": "Inner", "Scan Direction": "Forward", "Index Name": "title_pkey", "Relation Name": "title", "Alias": "t", "Startup Cost": 0.0, "Total Cost": 0.27, "Plan Rows": 1, "Plan Width": 21, "Index Cond": "(id = ci.movie_id)"}]}, {"Node Type": "Index Only Scan", "Parent Relationship": "Inner", "Scan Direction": "Forward", "Index Name": "name_pkey", "Relation Name": "name", "Alias": "n1", "Startup Cost": 0.0, "Total Cost": 0.27, "Plan Rows": 1, "Plan Width": 4, "Index Cond": "(id = ci.person_id)"}]}]}, "Unique SQL Id": 2457761703, "Planner Runtime": 3}, "explain_analyze_plan": null}, "(1, '122')": {"explain_plan": {"Plan": {"Node Type": "Aggregate", "Strategy": "Plain", "Startup Cost": 112227718406.4, "Total Cost": 112227718406.41, "Plan Rows": 1, "Plan Width": 97, "Plans": [{"Node Type": "Nested Loop", "Parent Relationship": "Outer", "Join Type": "Inner", "Startup Cost": 0.0, "Total Cost": 112227716620.91, "Plan Rows": 357098, "Plan Width": 33, "Inner Unique": false, "Join Filter": "(an1.person_id = n1.id), (LLVM Optimized)", "Plans": [{"Node Type": "Seq Scan", "Parent Relationship": "Outer", "Relation Name": "name", "Alias": "n1", "Startup Cost": 0.0, "Total Cost": 93071.9, "Plan Rows": 4167490, "Plan Width": 4}, {"Node Type": "Materialize", "Parent Relationship": "Inner", "Startup Cost": 0.0, "Total Cost": 89904589281.46, "Plan Rows": 357098, "Plan Width": 41, "Plans": [{"Node Type": "Nested Loop", "Parent Relationship": "Outer", "Join Type": "Inner", "Startup Cost": 0.0, "Total Cost": 89904587495.97, "Plan Rows": 357098, "Plan Width": 41, "Inner Unique": false, "Join Filter": "(ci.movie_id = t.id), (LLVM Optimized)", "Plans": [{"Node Type": "Seq Scan", "Parent Relationship": "Outer", "Relation Name": "title", "Alias": "t", "Startup Cost": 0.0, "Total Cost": 60069.11, "Plan Rows": 2528311, "Plan Width": 21}, {"Node Type": "Materialize", "Parent Relationship": "Inner", "Startup Cost": 0.0, "Total Cost": 76351049467.27, "Plan Rows": 357379, "Plan Width": 32, "Plans": [{"Node Type": "Nested Loop", "Parent Relationship": "Outer", "Join Type": "Inner", "Startup Cost": 0.0, "Total Cost": 76351047680.37, "Plan Rows": 357379, "Plan Width": 32, "Inner Unique": false, "Join Filter": "(ci.person_id = an1.person_id), (LLVM Optimized)", "Plans": [{"Node Type": "Seq Scan", "Parent Relationship": "Outer", "Relation Name": "aka_name", "Alias": "an1", "Startup Cost": 0.0, "Total Cost": 19908.42, "Plan Rows": 901342, "Plan Width": 20}, {"Node Type": "Materialize", "Parent Relationship": "Inner", "Startup Cost": 0.0, "Total Cost": 66737973757.16, "Plan Rows": 711018, "Plan Width": 12, "Plans": [{"Node Type": "Nested Loop", "Parent Relationship": "Outer", "Join Type": "Inner", "Startup Cost": 0.0, "Total Cost": 66737970202.07, "Plan Rows": 711018, "Plan Width": 12, "Inner Unique": false, "Join Filter": "(ci.movie_id = mc.movie_id), (LLVM Optimized)", "Plans": [{"Node Type": "Nested Loop", "Parent Relationship": "Outer", "Join Type": "Inner", "Startup Cost": 0.0, "Total Cost": 1055122.77, "Plan Rows": 3296318, "Plan Width": 8, "Inner Unique": false, "Join Filter": "(ci.role_id = rt.id), (LLVM Optimized)", "Plans": [{"Node Type": "Seq Scan", "Parent Relationship": "Outer", "Relation Name": "role_type", "Alias": "rt", "Startup Cost": 0.0, "Total Cost": 1.15, "Plan Rows": 1, "Plan Width": 4, "Filter": "((role)::text = 'costume designer'::text)"}, {"Node Type": "Seq Scan", "Parent Relationship": "Inner", "Relation Name": "cast_info", "Alias": "ci", "Startup Cost": 0.0, "Total Cost": 601877.94, "Plan Rows": 36259494, "Plan Width": 12}]}, {"Node Type": "Materialize", "Parent Relationship": "Inner", "Startup Cost": 0.0, "Total Cost": 3333345821.61, "Plan Rows": 1282311, "Plan Width": 4, "Plans": [{"Node Type": "Nested Loop", "Parent Relationship": "Outer", "Join Type": "Inner", "Startup Cost": 0.0, "Total Cost": 3333339410.06, "Plan Rows": 1282311, "Plan Width": 4, "Inner Unique": true, "Join Filter": "(cn.id = mc.company_id), (LLVM Optimized)", "Plans": [{"Node Type": "Seq Scan", "Parent Relationship": "Outer", "Relation Name": "movie_companies", "Alias": "mc", "Startup Cost": 0.0, "Total Cost": 41817.28, "Plan Rows": 2609128, "Plan Width": 8}, {"Node Type": "Materialize", "Parent Relationship": "Inner", "Startup Cost": 0.0, "Total Cost": 6329.3, "Plan Rows": 85170, "Plan Width": 4, "Plans": [{"Node Type": "Seq Scan", "Parent Relationship": "Outer", "Relation Name": "company_name", "Alias": "cn", "Startup Cost": 0.0, "Total Cost": 5903.45, "Plan Rows": 85170, "Plan Width": 4, "Filter": "((country_code)::text = '[us]'::text)"}]}]}]}]}]}]}]}]}]}]}]}, "Unique SQL Id": 2457761703, "Planner Runtime": 3}, "explain_analyze_plan": null}, "(1, '123')": {"explain_plan": {"Plan": {"Node Type": "Aggregate", "Strategy": "Plain", "Startup Cost": 7112442136285.67, "Total Cost": 7112442136285.68, "Plan Rows": 1, "Plan Width": 97, "Plans": [{"Node Type": "Nested Loop", "Parent Relationship": "Outer", "Join Type": "Inner", "Startup Cost": 70000000000.0, "Total Cost": 7112442134500.18, "Plan Rows": 357098, "Plan Width": 33, "Inner Unique": false, "Join Filter": "(an1.person_id = n1.id), (LLVM Optimized)", "Plans": [{"Node Type": "Index Only Scan", "Parent Relationship": "Outer", "Scan Direction": "Forward", "Index Name": "name_pkey", "Relation Name": "name", "Alias": "n1", "Startup Cost": 10000000000.0, "Total Cost": 1000012483260.0, "Plan Rows": 4167490, "Plan Width": 4}, {"Node Type": "Materialize", "Parent Relationship": "Inner", "Startup Cost": 60000000000.0, "Total Cost": 6090106616972.63, "Plan Rows": 357098, "Plan Width": 41, "Plans": [{"Node Type": "Nested Loop", "Parent Relationship": "Outer", "Join Type": "Inner", "Startup Cost": 60000000000.0, "Total Cost": 6090106615187.14, "Plan Rows": 357098, "Plan Width": 41, "Inner Unique": true, "Join Filter": "(ci.movie_id = t.id), (LLVM Optimized)", "Plans": [{"Node Type": "Nested Loop", "Parent Relationship": "Outer", "Join Type": "Inner", "Startup Cost": 50000000000.0, "Total Cost": 5076542117964.41, "Plan Rows": 357379, "Plan Width": 32, "Inner Unique": false, "Join Filter": "(ci.person_id = an1.person_id), (LLVM Optimized)", "Plans": [{"Node Type": "Nested Loop", "Parent Relationship": "Outer", "Join Type": "Inner", "Startup Cost": 40000000000.0, "Total Cost": 4066922163415.29, "Plan Rows": 711018, "Plan Width": 12, "Inner Unique": false, "Join Filter": "(ci.movie_id = mc.movie_id), (LLVM Optimized)", "Plans": [{"Node Type": "Nested Loop", "Parent Relationship": "Outer", "Join Type": "Inner", "Startup Cost": 20000000000.0, "Total Cost": 2000171193971.62, "Plan Rows": 3296318, "Plan Width": 8, "Inner Unique": true, "Join Filter": "(ci.role_id = rt.id), (LLVM Optimized)", "Plans": [{"Node Type": "Index Scan", "Parent Relationship": "Outer", "Scan Direction": "Forward", "Index Name": "person_id_cast_info", "Relation Name": "cast_info", "Alias": "ci", "Startup Cost": 10000000000.0, "Total Cost": 1000170648833.21, "Plan Rows": 36259494, "Plan Width": 12}, {"Node Type": "Materialize", "Parent Relationship": "Inner", "Startup Cost": 10000000000.0, "Total Cost": 1000000001246.0, "Plan Rows": 1, "Plan Width": 4, "Plans": [{"Node Type": "Index Scan", "Parent Relationship": "Outer", "Scan Direction": "Forward", "Index Name": "role_type_pkey", "Relation Name": "role_type", "Alias": "rt", "Startup Cost": 10000000000.0, "Total Cost": 1000000001246.0, "Plan Rows": 1, "Plan Width": 4, "Filter": "((role)::text = 'costume designer'::text)"}]}]}, {"Node Type": "Materialize", "Parent Relationship": "Inner", "Startup Cost": 20000000000.0, "Total Cost": 2003347400185.98, "Plan Rows": 1282311, "Plan Width": 4, "Plans": [{"Node Type": "Nested Loop", "Parent Relationship": "Outer", "Join Type": "Inner", "Startup Cost": 20000000000.0, "Total Cost": 2003347393774.42, "Plan Rows": 1282311, "Plan Width": 4, "Inner Unique": true, "Join Filter": "(cn.id = mc.company_id), (LLVM Optimized)", "Plans": [{"Node Type": "Index Scan", "Parent Relationship": "Outer", "Scan Direction": "Forward", "Index Name": "movie_id_movie_companies", "Relation Name": "movie_companies", "Alias": "mc", "Startup Cost": 10000000000.0, "Total Cost": 1000013051946.13, "Plan Rows": 2609128, "Plan Width": 8}, {"Node Type": "Materialize", "Parent Relationship": "Inner", "Startup Cost": 10000000000.0, "Total Cost": 1000001050564.82, "Plan Rows": 85170, "Plan Width": 4, "Plans": [{"Node Type": "Index Scan", "Parent Relationship": "Outer", "Scan Direction": "Forward", "Index Name": "company_name_pkey", "Relation Name": "company_name", "Alias": "cn", "Startup Cost": 10000000000.0, "Total Cost": 1000001050138.97, "Plan Rows": 85170, "Plan Width": 4, "Filter": "((country_code)::text = '[us]'::text)"}]}]}]}]}, {"Node Type": "Materialize", "Parent Relationship": "Inner", "Startup Cost": 10000000000.0, "Total Cost": 1000006901010.14, "Plan Rows": 901342, "Plan Width": 20, "Plans": [{"Node Type": "Index Scan", "Parent Relationship": "Outer", "Scan Direction": "Forward", "Index Name": "person_id_aka_name", "Relation Name": "aka_name", "Alias": "an1", "Startup Cost": 10000000000.0, "Total Cost": 1000006896503.43, "Plan Rows": 901342, "Plan Width": 20}]}]}, {"Node Type": "Materialize", "Parent Relationship": "Inner", "Startup Cost": 10000000000.0, "Total Cost": 1000011024690.47, "Plan Rows": 2528311, "Plan Width": 21, "Plans": [{"Node Type": "Index Scan", "Parent Relationship": "Outer", "Scan Direction": "Forward", "Index Name": "title_pkey", "Relation Name": "title", "Alias": "t", "Startup Cost": 10000000000.0, "Total Cost": 1000011012048.91, "Plan Rows": 2528311, "Plan Width": 21}]}]}]}]}]}, "Unique SQL Id": 2457761703, "Planner Runtime": 3}, "explain_analyze_plan": null}, "(1, '124')": {"explain_plan": {"Plan": {"Node Type": "Aggregate", "Strategy": "Plain", "Startup Cost": 1967968.74, "Total Cost": 1967968.75, "Plan Rows": 1, "Plan Width": 97, "Plans": [{"Node Type": "Nested Loop", "Parent Relationship": "Outer", "Join Type": "Inner", "Startup Cost": 0.0, "Total Cost": 1966183.25, "Plan Rows": 357098, "Plan Width": 33, "Inner Unique": true, "Join Filter": "(an1.person_id = n1.id), (LLVM Optimized)", "Plans": [{"Node Type": "Nested Loop", "Parent Relationship": "Outer", "Join Type": "Inner", "Startup Cost": 0.0, "Total Cost": 1862664.6, "Plan Rows": 357098, "Plan Width": 41, "Inner Unique": true, "Plans": [{"Node Type": "Nested Loop", "Parent Relationship": "Outer", "Join Type": "Inner", "Startup Cost": 0.0, "Total Cost": 1760862.26, "Plan Rows": 357379, "Plan Width": 32, "Inner Unique": false, "Plans": [{"Node Type": "Nested Loop", "Parent Relationship": "Outer", "Join Type": "Inner", "Startup Cost": 0.0, "Total Cost": 1560689.3, "Plan Rows": 711018, "Plan Width": 12, "Inner Unique": false, "Join Filter": "(ci.role_id = rt.id), (LLVM Optimized)", "Plans": [{"Node Type": "Seq Scan", "Parent Relationship": "Outer", "Relation Name": "role_type", "Alias": "rt", "Startup Cost": 0.0, "Total Cost": 1.15, "Plan Rows": 1, "Plan Width": 4, "Filter": "((role)::text = 'costume designer'::text)"}, {"Node Type": "Nested Loop", "Parent Relationship": "Inner", "Join Type": "Inner", "Startup Cost": 0.0, "Total Cost": 1462923.14, "Plan Rows": 7821201, "Plan Width": 16, "Inner Unique": false, "Plans": [{"Node Type": "Nested Loop", "Parent Relationship": "Outer", "Join Type": "Inner", "Startup Cost": 0.0, "Total Cost": 166734.45, "Plan Rows": 1282311, "Plan Width": 4, "Inner Unique": false, "Plans": [{"Node Type": "Seq Scan", "Parent Relationship": "Outer", "Relation Name": "company_name", "Alias": "cn", "Startup Cost": 0.0, "Total Cost": 5903.45, "Plan Rows": 85170, "Plan Width": 4, "Filter": "((country_code)::text = '[us]'::text)"}, {"Node Type": "Index Scan", "Parent Relationship": "Inner", "Scan Direction": "Forward", "Index Name": "company_id_movie_companies", "Relation Name": "movie_companies", "Alias": "mc", "Startup Cost": 0.0, "Total Cost": 1.74, "Plan Rows": 15, "Plan Width": 8, "Index Cond": "(company_id = cn.id)"}]}, {"Node Type": "Index Scan", "Parent Relationship": "Inner", "Scan Direction": "Forward", "Index Name": "movie_id_cast_info", "Relation Name": "cast_info", "Alias": "ci", "Startup Cost": 0.0, "Total Cost": 0.95, "Plan Rows": 6, "Plan Width": 12, "Index Cond": "(movie_id = mc.movie_id)"}]}]}, {"Node Type": "Index Scan", "Parent Relationship": "Inner", "Scan Direction": "Forward", "Index Name": "person_id_aka_name", "Relation Name": "aka_name", "Alias": "an1", "Startup Cost": 0.0, "Total Cost": 0.27, "Plan Rows": 1, "Plan Width": 20, "Index Cond": "(person_id = ci.person_id)"}]}, {"Node Type": "Index Scan", "Parent Relationship": "Inner", "Scan Direction": "Forward", "Index Name": "title_pkey", "Relation Name": "title", "Alias": "t", "Startup Cost": 0.0, "Total Cost": 0.27, "Plan Rows": 1, "Plan Width": 21, "Index Cond": "(id = ci.movie_id)"}]}, {"Node Type": "Index Scan", "Parent Relationship": "Inner", "Scan Direction": "Forward", "Index Name": "name_pkey", "Relation Name": "name", "Alias": "n1", "Startup Cost": 0.0, "Total Cost": 0.28, "Plan Rows": 1, "Plan Width": 4, "Index Cond": "(id = ci.person_id)"}]}]}, "Unique SQL Id": 2457761703, "Planner Runtime": 3}, "explain_analyze_plan": null}, "(1, '125')": {"explain_plan": {"Plan": {"Node Type": "Aggregate", "Strategy": "Plain", "Startup Cost": 1972577.99, "Total Cost": 1972578.0, "Plan Rows": 1, "Plan Width": 97, "Plans": [{"Node Type": "Nested Loop", "Parent Relationship": "Outer", "Join Type": "Inner", "Startup Cost": 0.0, "Total Cost": 1970792.5, "Plan Rows": 357098, "Plan Width": 33, "Inner Unique": true, "Join Filter": "(an1.person_id = n1.id), (LLVM Optimized)", "Plans": [{"Node Type": "Nested Loop", "Parent Relationship": "Outer", "Join Type": "Inner", "Startup Cost": 0.0, "Total Cost": 1867273.85, "Plan Rows": 357098, "Plan Width": 41, "Inner Unique": true, "Plans": [{"Node Type": "Nested Loop", "Parent Relationship": "Outer", "Join Type": "Inner", "Startup Cost": 0.0, "Total Cost": 1765471.51, "Plan Rows": 357379, "Plan Width": 32, "Inner Unique": false, "Plans": [{"Node Type": "Nested Loop", "Parent Relationship": "Outer", "Join Type": "Inner", "Startup Cost": 0.0, "Total Cost": 1565298.55, "Plan Rows": 711018, "Plan Width": 12, "Inner Unique": false, "Join Filter": "(ci.role_id = rt.id), (LLVM Optimized)", "Plans": [{"Node Type": "Index Scan", "Parent Relationship": "Outer", "Scan Direction": "Forward", "Index Name": "role_type_pkey", "Relation Name": "role_type", "Alias": "rt", "Startup Cost": 0.0, "Total Cost": 12.46, "Plan Rows": 1, "Plan Width": 4, "Filter": "((role)::text = 'costume designer'::text)"}, {"Node Type": "Nested Loop", "Parent Relationship": "Inner", "Join Type": "Inner", "Startup Cost": 0.0, "Total Cost": 1467521.08, "Plan Rows": 7821201, "Plan Width": 16, "Inner Unique": false, "Plans": [{"Node Type": "Nested Loop", "Parent Relationship": "Outer", "Join Type": "Inner", "Startup Cost": 0.0, "Total Cost": 171332.39, "Plan Rows": 1282311, "Plan Width": 4, "Inner Unique": false, "Plans": [{"Node Type": "Index Scan", "Parent Relationship": "Outer", "Scan Direction": "Forward", "Index Name": "company_name_pkey", "Relation Name": "company_name", "Alias": "cn", "Startup Cost": 0.0, "Total Cost": 10501.39, "Plan Rows": 85170, "Plan Width": 4, "Filter": "((country_code)::text = '[us]'::text)"}, {"Node Type": "Index Scan", "Parent Relationship": "Inner", "Scan Direction": "Forward", "Index Name": "company_id_movie_companies", "Relation Name": "movie_companies", "Alias": "mc", "Startup Cost": 0.0, "Total Cost": 1.74, "Plan Rows": 15, "Plan Width": 8, "Index Cond": "(company_id = cn.id)"}]}, {"Node Type": "Index Scan", "Parent Relationship": "Inner", "Scan Direction": "Forward", "Index Name": "movie_id_cast_info", "Relation Name": "cast_info", "Alias": "ci", "Startup Cost": 0.0, "Total Cost": 0.95, "Plan Rows": 6, "Plan Width": 12, "Index Cond": "(movie_id = mc.movie_id)"}]}]}, {"Node Type": "Index Scan", "Parent Relationship": "Inner", "Scan Direction": "Forward", "Index Name": "person_id_aka_name", "Relation Name": "aka_name", "Alias": "an1", "Startup Cost": 0.0, "Total Cost": 0.27, "Plan Rows": 1, "Plan Width": 20, "Index Cond": "(person_id = ci.person_id)"}]}, {"Node Type": "Index Scan", "Parent Relationship": "Inner", "Scan Direction": "Forward", "Index Name": "title_pkey", "Relation Name": "title", "Alias": "t", "Startup Cost": 0.0, "Total Cost": 0.27, "Plan Rows": 1, "Plan Width": 21, "Index Cond": "(id = ci.movie_id)"}]}, {"Node Type": "Index Scan", "Parent Relationship": "Inner", "Scan Direction": "Forward", "Index Name": "name_pkey", "Relation Name": "name", "Alias": "n1", "Startup Cost": 0.0, "Total Cost": 0.28, "Plan Rows": 1, "Plan Width": 4, "Index Cond": "(id = ci.person_id)"}]}]}, "Unique SQL Id": 2457761703, "Planner Runtime": 3}, "explain_analyze_plan": null}, "(1, '126')": {"explain_plan": {"Plan": {"Node Type": "Aggregate", "Strategy": "Plain", "Startup Cost": 112227718406.4, "Total Cost": 112227718406.41, "Plan Rows": 1, "Plan Width": 97, "Plans": [{"Node Type": "Nested Loop", "Parent Relationship": "Outer", "Join Type": "Inner", "Startup Cost": 0.0, "Total Cost": 112227716620.91, "Plan Rows": 357098, "Plan Width": 33, "Inner Unique": false, "Join Filter": "(an1.person_id = n1.id), (LLVM Optimized)", "Plans": [{"Node Type": "Seq Scan", "Parent Relationship": "Outer", "Relation Name": "name", "Alias": "n1", "Startup Cost": 0.0, "Total Cost": 93071.9, "Plan Rows": 4167490, "Plan Width": 4}, {"Node Type": "Materialize", "Parent Relationship": "Inner", "Startup Cost": 0.0, "Total Cost": 89904589281.46, "Plan Rows": 357098, "Plan Width": 41, "Plans": [{"Node Type": "Nested Loop", "Parent Relationship": "Outer", "Join Type": "Inner", "Startup Cost": 0.0, "Total Cost": 89904587495.97, "Plan Rows": 357098, "Plan Width": 41, "Inner Unique": false, "Join Filter": "(ci.movie_id = t.id), (LLVM Optimized)", "Plans": [{"Node Type": "Seq Scan", "Parent Relationship": "Outer", "Relation Name": "title", "Alias": "t", "Startup Cost": 0.0, "Total Cost": 60069.11, "Plan Rows": 2528311, "Plan Width": 21}, {"Node Type": "Materialize", "Parent Relationship": "Inner", "Startup Cost": 0.0, "Total Cost": 76351049467.27, "Plan Rows": 357379, "Plan Width": 32, "Plans": [{"Node Type": "Nested Loop", "Parent Relationship": "Outer", "Join Type": "Inner", "Startup Cost": 0.0, "Total Cost": 76351047680.37, "Plan Rows": 357379, "Plan Width": 32, "Inner Unique": false, "Join Filter": "(ci.person_id = an1.person_id), (LLVM Optimized)", "Plans": [{"Node Type": "Seq Scan", "Parent Relationship": "Outer", "Relation Name": "aka_name", "Alias": "an1", "Startup Cost": 0.0, "Total Cost": 19908.42, "Plan Rows": 901342, "Plan Width": 20}, {"Node Type": "Materialize", "Parent Relationship": "Inner", "Startup Cost": 0.0, "Total Cost": 66737973757.16, "Plan Rows": 711018, "Plan Width": 12, "Plans": [{"Node Type": "Nested Loop", "Parent Relationship": "Outer", "Join Type": "Inner", "Startup Cost": 0.0, "Total Cost": 66737970202.07, "Plan Rows": 711018, "Plan Width": 12, "Inner Unique": false, "Join Filter": "(ci.movie_id = mc.movie_id), (LLVM Optimized)", "Plans": [{"Node Type": "Nested Loop", "Parent Relationship": "Outer", "Join Type": "Inner", "Startup Cost": 0.0, "Total Cost": 1055122.77, "Plan Rows": 3296318, "Plan Width": 8, "Inner Unique": false, "Join Filter": "(ci.role_id = rt.id), (LLVM Optimized)", "Plans": [{"Node Type": "Seq Scan", "Parent Relationship": "Outer", "Relation Name": "role_type", "Alias": "rt", "Startup Cost": 0.0, "Total Cost": 1.15, "Plan Rows": 1, "Plan Width": 4, "Filter": "((role)::text = 'costume designer'::text)"}, {"Node Type": "Seq Scan", "Parent Relationship": "Inner", "Relation Name": "cast_info", "Alias": "ci", "Startup Cost": 0.0, "Total Cost": 601877.94, "Plan Rows": 36259494, "Plan Width": 12}]}, {"Node Type": "Materialize", "Parent Relationship": "Inner", "Startup Cost": 0.0, "Total Cost": 3333345821.61, "Plan Rows": 1282311, "Plan Width": 4, "Plans": [{"Node Type": "Nested Loop", "Parent Relationship": "Outer", "Join Type": "Inner", "Startup Cost": 0.0, "Total Cost": 3333339410.06, "Plan Rows": 1282311, "Plan Width": 4, "Inner Unique": true, "Join Filter": "(cn.id = mc.company_id), (LLVM Optimized)", "Plans": [{"Node Type": "Seq Scan", "Parent Relationship": "Outer", "Relation Name": "movie_companies", "Alias": "mc", "Startup Cost": 0.0, "Total Cost": 41817.28, "Plan Rows": 2609128, "Plan Width": 8}, {"Node Type": "Materialize", "Parent Relationship": "Inner", "Startup Cost": 0.0, "Total Cost": 6329.3, "Plan Rows": 85170, "Plan Width": 4, "Plans": [{"Node Type": "Seq Scan", "Parent Relationship": "Outer", "Relation Name": "company_name", "Alias": "cn", "Startup Cost": 0.0, "Total Cost": 5903.45, "Plan Rows": 85170, "Plan Width": 4, "Filter": "((country_code)::text = '[us]'::text)"}]}]}]}]}]}]}]}]}]}]}]}, "Unique SQL Id": 2457761703, "Planner Runtime": 3}, "explain_analyze_plan": null}, "(1, '127')": {"explain_plan": {"Plan": {"Node Type": "Aggregate", "Strategy": "Plain", "Startup Cost": 7112447276300.38, "Total Cost": 7112447276300.39, "Plan Rows": 1, "Plan Width": 97, "Plans": [{"Node Type": "Nested Loop", "Parent Relationship": "Outer", "Join Type": "Inner", "Startup Cost": 70000000000.0, "Total Cost": 7112447274514.89, "Plan Rows": 357098, "Plan Width": 33, "Inner Unique": false, "Join Filter": "(an1.person_id = n1.id), (LLVM Optimized)", "Plans": [{"Node Type": "Index Scan", "Parent Relationship": "Outer", "Scan Direction": "Forward", "Index Name": "name_pkey", "Relation Name": "name", "Alias": "n1", "Startup Cost": 10000000000.0, "Total Cost": 1000017623274.7, "Plan Rows": 4167490, "Plan Width": 4}, {"Node Type": "Materialize", "Parent Relationship": "Inner", "Startup Cost": 60000000000.0, "Total Cost": 6090106616972.63, "Plan Rows": 357098, "Plan Width": 41, "Plans": [{"Node Type": "Nested Loop", "Parent Relationship": "Outer", "Join Type": "Inner", "Startup Cost": 60000000000.0, "Total Cost": 6090106615187.14, "Plan Rows": 357098, "Plan Width": 41, "Inner Unique": true, "Join Filter": "(ci.movie_id = t.id), (LLVM Optimized)", "Plans": [{"Node Type": "Nested Loop", "Parent Relationship": "Outer", "Join Type": "Inner", "Startup Cost": 50000000000.0, "Total Cost": 5076542117964.41, "Plan Rows": 357379, "Plan Width": 32, "Inner Unique": false, "Join Filter": "(ci.person_id = an1.person_id), (LLVM Optimized)", "Plans": [{"Node Type": "Nested Loop", "Parent Relationship": "Outer", "Join Type": "Inner", "Startup Cost": 40000000000.0, "Total Cost": 4066922163415.29, "Plan Rows": 711018, "Plan Width": 12, "Inner Unique": false, "Join Filter": "(ci.movie_id = mc.movie_id), (LLVM Optimized)", "Plans": [{"Node Type": "Nested Loop", "Parent Relationship": "Outer", "Join Type": "Inner", "Startup Cost": 20000000000.0, "Total Cost": 2000171193971.62, "Plan Rows": 3296318, "Plan Width": 8, "Inner Unique": true, "Join Filter": "(ci.role_id = rt.id), (LLVM Optimized)", "Plans": [{"Node Type": "Index Scan", "Parent Relationship": "Outer", "Scan Direction": "Forward", "Index Name": "person_id_cast_info", "Relation Name": "cast_info", "Alias": "ci", "Startup Cost": 10000000000.0, "Total Cost": 1000170648833.21, "Plan Rows": 36259494, "Plan Width": 12}, {"Node Type": "Materialize", "Parent Relationship": "Inner", "Startup Cost": 10000000000.0, "Total Cost": 1000000001246.0, "Plan Rows": 1, "Plan Width": 4, "Plans": [{"Node Type": "Index Scan", "Parent Relationship": "Outer", "Scan Direction": "Forward", "Index Name": "role_type_pkey", "Relation Name": "role_type", "Alias": "rt", "Startup Cost": 10000000000.0, "Total Cost": 1000000001246.0, "Plan Rows": 1, "Plan Width": 4, "Filter": "((role)::text = 'costume designer'::text)"}]}]}, {"Node Type": "Materialize", "Parent Relationship": "Inner", "Startup Cost": 20000000000.0, "Total Cost": 2003347400185.98, "Plan Rows": 1282311, "Plan Width": 4, "Plans": [{"Node Type": "Nested Loop", "Parent Relationship": "Outer", "Join Type": "Inner", "Startup Cost": 20000000000.0, "Total Cost": 2003347393774.42, "Plan Rows": 1282311, "Plan Width": 4, "Inner Unique": true, "Join Filter": "(cn.id = mc.company_id), (LLVM Optimized)", "Plans": [{"Node Type": "Index Scan", "Parent Relationship": "Outer", "Scan Direction": "Forward", "Index Name": "movie_id_movie_companies", "Relation Name": "movie_companies", "Alias": "mc", "Startup Cost": 10000000000.0, "Total Cost": 1000013051946.13, "Plan Rows": 2609128, "Plan Width": 8}, {"Node Type": "Materialize", "Parent Relationship": "Inner", "Startup Cost": 10000000000.0, "Total Cost": 1000001050564.82, "Plan Rows": 85170, "Plan Width": 4, "Plans": [{"Node Type": "Index Scan", "Parent Relationship": "Outer", "Scan Direction": "Forward", "Index Name": "company_name_pkey", "Relation Name": "company_name", "Alias": "cn", "Startup Cost": 10000000000.0, "Total Cost": 1000001050138.97, "Plan Rows": 85170, "Plan Width": 4, "Filter": "((country_code)::text = '[us]'::text)"}]}]}]}]}, {"Node Type": "Materialize", "Parent Relationship": "Inner", "Startup Cost": 10000000000.0, "Total Cost": 1000006901010.14, "Plan Rows": 901342, "Plan Width": 20, "Plans": [{"Node Type": "Index Scan", "Parent Relationship": "Outer", "Scan Direction": "Forward", "Index Name": "person_id_aka_name", "Relation Name": "aka_name", "Alias": "an1", "Startup Cost": 10000000000.0, "Total Cost": 1000006896503.43, "Plan Rows": 901342, "Plan Width": 20}]}]}, {"Node Type": "Materialize", "Parent Relationship": "Inner", "Startup Cost": 10000000000.0, "Total Cost": 1000011024690.47, "Plan Rows": 2528311, "Plan Width": 21, "Plans": [{"Node Type": "Index Scan", "Parent Relationship": "Outer", "Scan Direction": "Forward", "Index Name": "title_pkey", "Relation Name": "title", "Alias": "t", "Startup Cost": 10000000000.0, "Total Cost": 1000011012048.91, "Plan Rows": 2528311, "Plan Width": 21}]}]}]}]}]}, "Unique SQL Id": 2457761703, "Planner Runtime": 3}, "explain_analyze_plan": null}, "(16, '0')": {"explain_plan": {"Plan": {"Node Type": "Aggregate", "Strategy": "Plain", "Startup Cost": 287566.27, "Total Cost": 287566.3, "Plan Rows": 1, "Plan Width": 97, "Plans": [{"Node Type": "Streaming(type: LOCAL GATHER dop: 1/16)", "Parent Relationship": "Outer", "Startup Cost": 287566.27, "Total Cost": 287566.3, "Plan Rows": 1, "Plan Width": 97, "Plans": [{"Node Type": "Aggregate", "Strategy": "Plain", "Parent Relationship": "Outer", "Startup Cost": 287566.27, "Total Cost": 287566.28, "Plan Rows": 1, "Plan Width": 97, "Plans": [{"Node Type": "Hash Join", "Parent Relationship": "Outer", "Join Type": "Inner", "Startup Cost": 142621.96, "Total Cost": 285780.78, "Plan Rows": 357098, "Plan Width": 33, "Inner Unique": true, "Hash Cond": "(an1.person_id = n1.id), (LLVM Optimized)", "Plans": [{"Node Type": "Streaming(type: LOCAL REDISTRIBUTE dop: 16/16)", "Parent Relationship": "Outer", "Startup Cost": 126464.14, "Total Cost": 269316.07, "Plan Rows": 357098, "Plan Width": 41, "Plans": [{"Node Type": "Hash Join", "Parent Relationship": "Outer", "Join Type": "Inner", "Startup Cost": 126464.14, "Total Cost": 252963.01, "Plan Rows": 357098, "Plan Width": 41, "Inner Unique": true, "Hash Cond": "(ci.movie_id = t.id), (LLVM Optimized)", "Plans": [{"Node Type": "Streaming(type: LOCAL REDISTRIBUTE dop: 16/16)", "Parent Relationship": "Outer", "Startup Cost": 113655.34, "Total Cost": 239847.25, "Plan Rows": 357379, "Plan Width": 32, "Plans": [{"Node Type": "Hash Join", "Parent Relationship": "Outer", "Join Type": "Inner", "Startup Cost": 113655.34, "Total Cost": 223493.12, "Plan Rows": 357379, "Plan Width": 32, "Inner Unique": false, "Hash Cond": "(ci.person_id = an1.person_id), (LLVM Optimized)", "Plans": [{"Node Type": "Streaming(type: LOCAL REDISTRIBUTE dop: 16/16)", "Parent Relationship": "Outer", "Startup Cost": 104286.28, "Total Cost": 212931.86, "Plan Rows": 711018, "Plan Width": 12, "Plans": [{"Node Type": "Hash Join", "Parent Relationship": "Outer", "Join Type": "Inner", "Startup Cost": 104286.28, "Total Cost": 195237.77, "Plan Rows": 711018, "Plan Width": 12, "Inner Unique": false, "Hash Cond": "(ci.movie_id = mc.movie_id), (LLVM Optimized)", "Plans": [{"Node Type": "Streaming(type: LOCAL REDISTRIBUTE dop: 16/16)", "Parent Relationship": "Outer", "Startup Cost": 15001.51, "Total Cost": 102848.74, "Plan Rows": 3296318, "Plan Width": 8, "Plans": [{"Node Type": "Hash Join", "Parent Relationship": "Outer", "Join Type": "Inner", "Startup Cost": 15001.51, "Total Cost": 75358.79, "Plan Rows": 3296318, "Plan Width": 8, "Inner Unique": true, "Hash Cond": "(ci.role_id = rt.id), (LLVM Optimized)", "Plans": [{"Node Type": "Seq Scan", "Parent Relationship": "Outer", "Relation Name": "cast_info", "Alias": "ci", "Startup Cost": 0.0, "Total Cost": 52617.37, "Plan Rows": 36259494, "Plan Width": 12}, {"Node Type": "Hash", "Parent Relationship": "Inner", "Startup Cost": 15001.5, "Total Cost": 15001.5, "Plan Rows": 16, "Plan Width": 4, "Plans": [{"Node Type": "Streaming(type: BROADCAST dop: 16/1)", "Parent Relationship": "Outer", "Startup Cost": 0.0, "Total Cost": 15001.5, "Plan Rows": 16, "Plan Width": 4, "Plans": [{"Node Type": "Seq Scan", "Parent Relationship": "Outer", "Relation Name": "role_type", "Alias": "rt", "Startup Cost": 0.0, "Total Cost": 1.15, "Plan Rows": 1, "Plan Width": 4, "Filter": "((role)::text = 'costume designer'::text)"}]}]}]}]}, {"Node Type": "Hash", "Parent Relationship": "Inner", "Startup Cost": 88282.97, "Total Cost": 88282.97, "Plan Rows": 1282311, "Plan Width": 4, "Plans": [{"Node Type": "Streaming(type: LOCAL REDISTRIBUTE dop: 16/16)", "Parent Relationship": "Outer", "Startup Cost": 24511.53, "Total Cost": 88282.97, "Plan Rows": 1282311, "Plan Width": 4, "Plans": [{"Node Type": "Hash Join", "Parent Relationship": "Outer", "Join Type": "Inner", "Startup Cost": 24511.53, "Total Cost": 68424.21, "Plan Rows": 1282311, "Plan Width": 4, "Inner Unique": true, "Hash Cond": "(mc.company_id = cn.id), (LLVM Optimized)", "Plans": [{"Node Type": "Streaming(type: LOCAL REDISTRIBUTE dop: 16/16)", "Parent Relationship": "Outer", "Startup Cost": 0.0, "Total Cost": 42499.73, "Plan Rows": 2609128, "Plan Width": 8, "Plans": [{"Node Type": "Seq Scan", "Parent Relationship": "Outer", "Relation Name": "movie_companies", "Alias": "mc", "Startup Cost": 0.0, "Total Cost": 17613.58, "Plan Rows": 2609128, "Plan Width": 8}]}, {"Node Type": "Hash", "Parent Relationship": "Inner", "Startup Cost": 24444.99, "Total Cost": 24444.99, "Plan Rows": 85170, "Plan Width": 4, "Plans": [{"Node Type": "Streaming(type: LOCAL REDISTRIBUTE dop: 16/1)", "Parent Relationship": "Outer", "Startup Cost": 0.0, "Total Cost": 24444.99, "Plan Rows": 85170, "Plan Width": 4, "Plans": [{"Node Type": "Seq Scan", "Parent Relationship": "Outer", "Relation Name": "company_name", "Alias": "cn", "Startup Cost": 0.0, "Total Cost": 5903.45, "Plan Rows": 85170, "Plan Width": 4, "Filter": "((country_code)::text = '[us]'::text)"}]}]}]}]}]}]}]}, {"Node Type": "Hash", "Parent Relationship": "Inner", "Startup Cost": 34659.52, "Total Cost": 34659.52, "Plan Rows": 901342, "Plan Width": 20, "Plans": [{"Node Type": "Streaming(type: LOCAL REDISTRIBUTE dop: 16/16)", "Parent Relationship": "Outer", "Startup Cost": 0.0, "Total Cost": 34659.52, "Plan Rows": 901342, "Plan Width": 20, "Plans": [{"Node Type": "Seq Scan", "Parent Relationship": "Outer", "Relation Name": "aka_name", "Alias": "an1", "Startup Cost": 0.0, "Total Cost": 16244.28, "Plan Rows": 901342, "Plan Width": 20}]}]}]}]}, {"Node Type": "Hash", "Parent Relationship": "Inner", "Startup Cost": 43334.25, "Total Cost": 43334.25, "Plan Rows": 2528311, "Plan Width": 21, "Plans": [{"Node Type": "Streaming(type: LOCAL REDISTRIBUTE dop: 16/16)", "Parent Relationship": "Outer", "Startup Cost": 0.0, "Total Cost": 43334.25, "Plan Rows": 2528311, "Plan Width": 21, "Plans": [{"Node Type": "Seq Scan", "Parent Relationship": "Outer", "Relation Name": "title", "Alias": "t", "Startup Cost": 0.0, "Total Cost": 18754.32, "Plan Rows": 2528311, "Plan Width": 21}]}]}]}]}, {"Node Type": "Hash", "Parent Relationship": "Inner", "Startup Cost": 51607.87, "Total Cost": 51607.87, "Plan Rows": 4167490, "Plan Width": 4, "Plans": [{"Node Type": "Streaming(type: LOCAL REDISTRIBUTE dop: 16/16)", "Parent Relationship": "Outer", "Startup Cost": 0.0, "Total Cost": 51607.87, "Plan Rows": 4167490, "Plan Width": 4, "Plans": [{"Node Type": "Index Only Scan", "Parent Relationship": "Outer", "Scan Direction": "Forward", "Index Name": "name_pkey", "Relation Name": "name", "Alias": "n1", "Startup Cost": 0.0, "Total Cost": 20816.99, "Plan Rows": 4167490, "Plan Width": 4}]}]}]}]}]}]}, "Unique SQL Id": 2457761703, "Planner Runtime": 207}, "explain_analyze_plan": {"Plan": {"Node Type": "Aggregate", "Strategy": "Plain", "Startup Cost": 287566.27, "Total Cost": 287566.3, "Plan Rows": 1, "Plan Width": 97, "Actual Min Startup Time": 1479.917, "Actual Max Startup Time": 1479.917, "Actual Min Total Time": 1479.917, "Actual Max Total Time": 1479.917, "Plans": [{"Node Type": "Streaming(type: LOCAL GATHER dop: 1/16)", "Parent Relationship": "Outer", "Startup Cost": 287566.27, "Total Cost": 287566.3, "Plan Rows": 1, "Plan Width": 97, "Actual Min Startup Time": 1479.144, "Actual Max Startup Time": 1479.144, "Actual Min Total Time": 1479.763, "Actual Max Total Time": 1479.763, "Plans": [{"Node Type": "Aggregate", "Strategy": "Plain", "Parent Relationship": "Outer", "Startup Cost": 287566.27, "Total Cost": 287566.28, "Plan Rows": 1, "Plan Width": 97, "Actual Min Startup Time": 1070.011, "Actual Max Startup Time": 1210.474, "Actual Min Total Time": 1070.011, "Actual Max Total Time": 1210.474, "Plans": [{"Node Type": "Hash Join", "Parent Relationship": "Outer", "Join Type": "Inner", "Startup Cost": 142621.96, "Total Cost": 285780.78, "Plan Rows": 357098, "Plan Width": 33, "Actual Min Startup Time": 659.377, "Actual Max Startup Time": 809.262, "Actual Min Total Time": 1055.617, "Actual Max Total Time": 1202.355, "Inner Unique": true, "Hash Cond": "(an1.person_id = n1.id), (LLVM Optimized, Jit Execute)", "Plans": [{"Node Type": "Streaming(type: LOCAL REDISTRIBUTE dop: 16/16)", "Parent Relationship": "Outer", "Startup Cost": 126464.14, "Total Cost": 269316.07, "Plan Rows": 357098, "Plan Width": 41, "Actual Min Startup Time": 106.404, "Actual Max Startup Time": 156.085, "Actual Min Total Time": 492.291, "Actual Max Total Time": 511.778, "Plans": [{"Node Type": "Hash Join", "Parent Relationship": "Outer", "Join Type": "Inner", "Startup Cost": 126464.14, "Total Cost": 252963.01, "Plan Rows": 357098, "Plan Width": 41, "Actual Min Startup Time": 655.53, "Actual Max Startup Time": 866.134, "Actual Min Total Time": 1047.996, "Actual Max Total Time": 1260.405, "Inner Unique": true, "Hash Cond": "(ci.movie_id = t.id), (LLVM Optimized, Jit Execute)", "Plans": [{"Node Type": "Streaming(type: LOCAL REDISTRIBUTE dop: 16/16)", "Parent Relationship": "Outer", "Startup Cost": 113655.34, "Total Cost": 239847.25, "Plan Rows": 357379, "Plan Width": 32, "Actual Min Startup Time": 320.575, "Actual Max Startup Time": 329.173, "Actual Min Total Time": 703.466, "Actual Max Total Time": 711.791, "Plans": [{"Node Type": "Hash Join", "Parent Relationship": "Outer", "Join Type": "Inner", "Startup Cost": 113655.34, "Total Cost": 223493.12, "Plan Rows": 357379, "Plan Width": 32, "Actual Min Startup Time": 654.294, "Actual Max Startup Time": 872.751, "Actual Min Total Time": 1022.835, "Actual Max Total Time": 1254.696, "Inner Unique": false, "Hash Cond": "(ci.person_id = an1.person_id), (LLVM Optimized, Jit Execute)", "Plans": [{"Node Type": "Streaming(type: LOCAL REDISTRIBUTE dop: 16/16)", "Parent Relationship": "Outer", "Startup Cost": 104286.28, "Total Cost": 212931.86, "Plan Rows": 711018, "Plan Width": 12, "Actual Min Startup Time": 529.847, "Actual Max Startup Time": 547.87, "Actual Min Total Time": 863.586, "Actual Max Total Time": 916.14, "Plans": [{"Node Type": "Hash Join", "Parent Relationship": "Outer", "Join Type": "Inner", "Startup Cost": 104286.28, "Total Cost": 195237.77, "Plan Rows": 711018, "Plan Width": 12, "Actual Min Startup Time": 650.524, "Actual Max Startup Time": 857.724, "Actual Min Total Time": 981.549, "Actual Max Total Time": 1199.694, "Inner Unique": false, "Hash Cond": "(ci.movie_id = mc.movie_id), (LLVM Optimized, Jit Execute)", "Plans": [{"Node Type": "Streaming(type: LOCAL REDISTRIBUTE dop: 16/16)", "Parent Relationship": "Outer", "Startup Cost": 15001.51, "Total Cost": 102848.74, "Plan Rows": 3296318, "Plan Width": 8, "Actual Min Startup Time": 0.07, "Actual Max Startup Time": 1.21, "Actual Min Total Time": 317.533, "Actual Max Total Time": 345.072, "Plans": [{"Node Type": "Hash Join", "Parent Relationship": "Outer", "Join Type": "Inner", "Startup Cost": 15001.51, "Total Cost": 75358.79, "Plan Rows": 3296318, "Plan Width": 8, "Actual Min Startup Time": 734.465, "Actual Max Startup Time": 848.7, "Actual Min Total Time": 938.828, "Actual Max Total Time": 1064.305, "Inner Unique": true, "Hash Cond": "(ci.role_id = rt.id), (LLVM Optimized, Jit Execute)", "Plans": [{"Node Type": "Seq Scan", "Parent Relationship": "Outer", "Relation Name": "cast_info", "Alias": "ci", "Startup Cost": 0.0, "Total Cost": 52617.37, "Plan Rows": 36259494, "Plan Width": 12, "Actual Min Startup Time": 0.032, "Actual Max Startup Time": 0.041, "Actual Min Total Time": 516.688, "Actual Max Total Time": 568.935, "Actual Rows": 36244343}, {"Node Type": "Hash", "Parent Relationship": "Inner", "Startup Cost": 15001.5, "Total Cost": 15001.5, "Plan Rows": 16, "Plan Width": 4, "Actual Min Startup Time": 0.011, "Actual Max Startup Time": 71.285, "Actual Min Total Time": 0.011, "Actual Max Total Time": 71.285, "Max Hash Buckets": 32768, "Min Hash Buckets": 32768, "Max Hash Batches": 1, "Min Hash Batches": 1, "Max Original Hash Batches": 1, "Min Original Hash Batches": 1, "Max Peak Memory Usage": 1, "min Peak Memory Usage": 1, "Plans": [{"Node Type": "Streaming(type: BROADCAST dop: 16/1)", "Parent Relationship": "Outer", "Startup Cost": 0.0, "Total Cost": 15001.5, "Plan Rows": 16, "Plan Width": 4, "Actual Min Startup Time": 0.004, "Actual Max Startup Time": 71.257, "Actual Min Total Time": 0.004, "Actual Max Total Time": 71.258, "Plans": [{"Node Type": "Seq Scan", "Parent Relationship": "Outer", "Relation Name": "role_type", "Alias": "rt", "Startup Cost": 0.0, "Total Cost": 1.15, "Plan Rows": 1, "Plan Width": 4, "Actual Min Startup Time": 0.035, "Actual Max Startup Time": 0.035, "Actual Min Total Time": 0.038, "Actual Max Total Time": 0.038, "Filter": "((role)::text = 'costume designer'::text)", "Rows Removed by Filter": 11, "Actual Rows": 1}], "Actual Rows": 16}], "Actual Rows": 16}], "Actual Rows": 276403}], "Actual Rows": 276403}, {"Node Type": "Hash", "Parent Relationship": "Inner", "Startup Cost": 88282.97, "Total Cost": 88282.97, "Plan Rows": 1282311, "Plan Width": 4, "Actual Min Startup Time": 650.225, "Actual Max Startup Time": 856.754, "Actual Min Total Time": 650.225, "Actual Max Total Time": 856.754, "Max Hash Buckets": 131072, "Min Hash Buckets": 131072, "Max Hash Batches": 1, "Min Hash Batches": 1, "Max Original Hash Batches": 1, "Min Original Hash Batches": 1, "Max Peak Memory Usage": 2542, "min Peak Memory Usage": 2542, "Plans": [{"Node Type": "Streaming(type: LOCAL REDISTRIBUTE dop: 16/16)", "Parent Relationship": "Outer", "Startup Cost": 24511.53, "Total Cost": 88282.97, "Plan Rows": 1282311, "Plan Width": 4, "Actual Min Startup Time": 174.61, "Actual Max Startup Time": 381.876, "Actual Min Total Time": 618.865, "Actual Max Total Time": 836.947, "Plans": [{"Node Type": "Hash Join", "Parent Relationship": "Outer", "Join Type": "Inner", "Startup Cost": 24511.53, "Total Cost": 68424.21, "Plan Rows": 1282311, "Plan Width": 4, "Actual Min Startup Time": 169.623, "Actual Max Startup Time": 359.093, "Actual Min Total Time": 519.06, "Actual Max Total Time": 732.07, "Inner Unique": true, "Hash Cond": "(mc.company_id = cn.id), (LLVM Optimized, Jit Execute)", "Plans": [{"Node Type": "Streaming(type: LOCAL REDISTRIBUTE dop: 16/16)", "Parent Relationship": "Outer", "Startup Cost": 0.0, "Total Cost": 42499.73, "Plan Rows": 2609128, "Plan Width": 8, "Actual Min Startup Time": 0.06, "Actual Max Startup Time": 2.243, "Actual Min Total Time": 254.783, "Actual Max Total Time": 365.681, "Plans": [{"Node Type": "Seq Scan", "Parent Relationship": "Outer", "Relation Name": "movie_companies", "Alias": "mc", "Startup Cost": 0.0, "Total Cost": 17613.58, "Plan Rows": 2609128, "Plan Width": 8, "Actual Min Startup Time": 0.023, "Actual Max Startup Time": 0.049, "Actual Min Total Time": 43.422, "Actual Max Total Time": 52.474, "Actual Rows": 2609128}], "Actual Rows": 2609128}, {"Node Type": "Hash", "Parent Relationship": "Inner", "Startup Cost": 24444.99, "Total Cost": 24444.99, "Plan Rows": 85170, "Plan Width": 4, "Actual Min Startup Time": 168.875, "Actual Max Startup Time": 358.016, "Actual Min Total Time": 168.875, "Actual Max Total Time": 358.016, "Max Hash Buckets": 32768, "Min Hash Buckets": 32768, "Max Hash Batches": 1, "Min Hash Batches": 1, "Max Original Hash Batches": 1, "Min Original Hash Batches": 1, "Max Peak Memory Usage": 182, "min Peak Memory Usage": 182, "Plans": [{"Node Type": "Streaming(type: LOCAL REDISTRIBUTE dop: 16/1)", "Parent Relationship": "Outer", "Startup Cost": 0.0, "Total Cost": 24444.99, "Plan Rows": 85170, "Plan Width": 4, "Actual Min Startup Time": 0.033, "Actual Max Startup Time": 186.613, "Actual Min Total Time": 167.245, "Actual Max Total Time": 355.453, "Plans": [{"Node Type": "Seq Scan", "Parent Relationship": "Outer", "Relation Name": "company_name", "Alias": "cn", "Startup Cost": 0.0, "Total Cost": 5903.45, "Plan Rows": 85170, "Plan Width": 4, "Actual Min Startup Time": 0.037, "Actual Max Startup Time": 0.037, "Actual Min Total Time": 93.215, "Actual Max Total Time": 93.215, "Filter": "((country_code)::text = '[us]'::text)", "Rows Removed by Filter": 150153, "Actual Rows": 84843}], "Actual Rows": 84843}], "Actual Rows": 84843}], "Actual Rows": 1153797}], "Actual Rows": 1153797}], "Actual Rows": 1153797}], "Actual Rows": 285537}], "Actual Rows": 285537}, {"Node Type": "Hash", "Parent Relationship": "Inner", "Startup Cost": 34659.52, "Total Cost": 34659.52, "Plan Rows": 901342, "Plan Width": 20, "Actual Min Startup Time": 118.854, "Actual Max Startup Time": 342.13, "Actual Min Total Time": 118.854, "Actual Max Total Time": 342.13, "Max Hash Buckets": 65536, "Min Hash Buckets": 65536, "Max Hash Batches": 1, "Min Hash Batches": 1, "Max Original Hash Batches": 1, "Min Original Hash Batches": 1, "Max Peak Memory Usage": 2981, "min Peak Memory Usage": 2981, "Plans": [{"Node Type": "Streaming(type: LOCAL REDISTRIBUTE dop: 16/16)", "Parent Relationship": "Outer", "Startup Cost": 0.0, "Total Cost": 34659.52, "Plan Rows": 901342, "Plan Width": 20, "Actual Min Startup Time": 0.058, "Actual Max Startup Time": 165.557, "Actual Min Total Time": 103.429, "Actual Max Total Time": 327.015, "Plans": [{"Node Type": "Seq Scan", "Parent Relationship": "Outer", "Relation Name": "aka_name", "Alias": "an1", "Startup Cost": 0.0, "Total Cost": 16244.28, "Plan Rows": 901342, "Plan Width": 20, "Actual Min Startup Time": 0.018, "Actual Max Startup Time": 0.026, "Actual Min Total Time": 15.75, "Actual Max Total Time": 19.622, "Actual Rows": 901342}], "Actual Rows": 901342}], "Actual Rows": 901342}], "Actual Rows": 323005}], "Actual Rows": 323005}, {"Node Type": "Hash", "Parent Relationship": "Inner", "Startup Cost": 43334.25, "Total Cost": 43334.25, "Plan Rows": 2528311, "Plan Width": 21, "Actual Min Startup Time": 330.588, "Actual Max Startup Time": 540.426, "Actual Min Total Time": 330.588, "Actual Max Total Time": 540.426, "Max Hash Buckets": 262144, "Min Hash Buckets": 262144, "Max Hash Batches": 1, "Min Hash Batches": 1, "Max Original Hash Batches": 1, "Min Original Hash Batches": 1, "Max Peak Memory Usage": 8518, "min Peak Memory Usage": 8518, "Plans": [{"Node Type": "Streaming(type: LOCAL REDISTRIBUTE dop: 16/16)", "Parent Relationship": "Outer", "Startup Cost": 0.0, "Total Cost": 43334.25, "Plan Rows": 2528311, "Plan Width": 21, "Actual Min Startup Time": 0.049, "Actual Max Startup Time": 194.693, "Actual Min Total Time": 259.785, "Actual Max Total Time": 494.167, "Plans": [{"Node Type": "Seq Scan", "Parent Relationship": "Outer", "Relation Name": "title", "Alias": "t", "Startup Cost": 0.0, "Total Cost": 18754.32, "Plan Rows": 2528311, "Plan Width": 21, "Actual Min Startup Time": 0.019, "Actual Max Startup Time": 0.04, "Actual Min Total Time": 47.696, "Actual Max Total Time": 56.316, "Actual Rows": 2528311}], "Actual Rows": 2528311}], "Actual Rows": 2528311}], "Actual Rows": 323005}], "Actual Rows": 323005}, {"Node Type": "Hash", "Parent Relationship": "Inner", "Startup Cost": 51607.87, "Total Cost": 51607.87, "Plan Rows": 4167490, "Plan Width": 4, "Actual Min Startup Time": 546.739, "Actual Max Startup Time": 687.169, "Actual Min Total Time": 546.739, "Actual Max Total Time": 687.169, "Max Hash Buckets": 262144, "Min Hash Buckets": 262144, "Max Hash Batches": 1, "Min Hash Batches": 1, "Max Original Hash Batches": 1, "Min Original Hash Batches": 1, "Max Peak Memory Usage": 9174, "min Peak Memory Usage": 9174, "Plans": [{"Node Type": "Streaming(type: LOCAL REDISTRIBUTE dop: 16/16)", "Parent Relationship": "Outer", "Startup Cost": 0.0, "Total Cost": 51607.87, "Plan Rows": 4167490, "Plan Width": 4, "Actual Min Startup Time": 0.052, "Actual Max Startup Time": 0.104, "Actual Min Total Time": 442.726, "Actual Max Total Time": 581.985, "Plans": [{"Node Type": "Index Only Scan", "Parent Relationship": "Outer", "Scan Direction": "Forward", "Index Name": "name_pkey", "Relation Name": "name", "Alias": "n1", "Startup Cost": 0.0, "Total Cost": 20816.99, "Plan Rows": 4167490, "Plan Width": 4, "Actual Min Startup Time": 0.094, "Actual Max Startup Time": 103.049, "Actual Min Total Time": 65.404, "Actual Max Total Time": 167.694, "Heap Fetches": 0, "Actual Rows": 4167490}], "Actual Rows": 4167490}], "Actual Rows": 4167490}], "Actual Rows": 323005}], "Actual Rows": 16}], "Actual Rows": 16}], "Actual Rows": 1}, "Triggers": [], "Planner Runtime": 205.742, "Total Runtime": 1527.056, "Unique SQL Id": 2457761703}}, "(16, '1')": {"explain_plan": {"Plan": {"Node Type": "Aggregate", "Strategy": "Plain", "Startup Cost": 1388959.01, "Total Cost": 1388959.04, "Plan Rows": 1, "Plan Width": 97, "Plans": [{"Node Type": "Streaming(type: LOCAL GATHER dop: 1/16)", "Parent Relationship": "Outer", "Startup Cost": 1388959.01, "Total Cost": 1388959.04, "Plan Rows": 1, "Plan Width": 97, "Plans": [{"Node Type": "Aggregate", "Strategy": "Plain", "Parent Relationship": "Outer", "Startup Cost": 1388959.01, "Total Cost": 1388959.02, "Plan Rows": 1, "Plan Width": 97, "Plans": [{"Node Type": "Hash Join", "Parent Relationship": "Outer", "Join Type": "Inner", "Startup Cost": 269229.27, "Total Cost": 1387173.52, "Plan Rows": 357098, "Plan Width": 33, "Inner Unique": true, "Hash Cond": "(ci.movie_id = t.id), (LLVM Optimized)", "Plans": [{"Node Type": "Streaming(type: LOCAL REDISTRIBUTE dop: 16/16)", "Parent Relationship": "Outer", "Startup Cost": 235754.65, "Total Cost": 1353391.95, "Plan Rows": 357379, "Plan Width": 24, "Plans": [{"Node Type": "Hash Join", "Parent Relationship": "Outer", "Join Type": "Inner", "Startup Cost": 235754.65, "Total Cost": 1337037.82, "Plan Rows": 357379, "Plan Width": 24, "Inner Unique": false, "Hash Cond": "(ci.movie_id = mc.movie_id), (LLVM Optimized)", "Plans": [{"Node Type": "Streaming(type: LOCAL REDISTRIBUTE dop: 16/16)", "Parent Relationship": "Outer", "Startup Cost": 160993.45, "Total Cost": 1260878.52, "Plan Rows": 1484588, "Plan Width": 20, "Plans": [{"Node Type": "Hash Join", "Parent Relationship": "Outer", "Join Type": "Inner", "Startup Cost": 160993.45, "Total Cost": 1240253.33, "Plan Rows": 1484588, "Plan Width": 20, "Inner Unique": true, "Hash Cond": "(an1.person_id = n1.id), (LLVM Optimized)", "Plans": [{"Node Type": "Streaming(type: LOCAL REDISTRIBUTE dop: 16/16)", "Parent Relationship": "Outer", "Startup Cost": 104737.34, "Total Cost": 1182721.4, "Plan Rows": 1484588, "Plan Width": 28, "Plans": [{"Node Type": "Hash Join", "Parent Relationship": "Outer", "Join Type": "Inner", "Startup Cost": 104737.34, "Total Cost": 1162096.2, "Plan Rows": 1484588, "Plan Width": 28, "Inner Unique": false, "Hash Cond": "(ci.person_id = an1.person_id), (LLVM Optimized)", "Plans": [{"Node Type": "Streaming(type: LOCAL REDISTRIBUTE dop: 16/16)", "Parent Relationship": "Outer", "Startup Cost": 15012.82, "Total Cost": 1066844.59, "Plan Rows": 3296318, "Plan Width": 8, "Plans": [{"Node Type": "Hash Join", "Parent Relationship": "Outer", "Join Type": "Inner", "Startup Cost": 15012.82, "Total Cost": 1039354.63, "Plan Rows": 3296318, "Plan Width": 8, "Inner Unique": true, "Hash Cond": "(ci.role_id = rt.id), (LLVM Optimized)", "Plans": [{"Node Type": "Index Scan", "Parent Relationship": "Outer", "Scan Direction": "Forward", "Index Name": "role_id_cast_info", "Relation Name": "cast_info", "Alias": "ci", "Startup Cost": 0.0, "Total Cost": 1016601.9, "Plan Rows": 36259494, "Plan Width": 12}, {"Node Type": "Hash", "Parent Relationship": "Inner", "Startup Cost": 15012.81, "Total Cost": 15012.81, "Plan Rows": 16, "Plan Width": 4, "Plans": [{"Node Type": "Streaming(type: BROADCAST dop: 16/1)", "Parent Relationship": "Outer", "Startup Cost": 0.0, "Total Cost": 15012.81, "Plan Rows": 16, "Plan Width": 4, "Plans": [{"Node Type": "Index Scan", "Parent Relationship": "Outer", "Scan Direction": "Forward", "Index Name": "role_type_pkey", "Relation Name": "role_type", "Alias": "rt", "Startup Cost": 0.0, "Total Cost": 12.46, "Plan Rows": 1, "Plan Width": 4, "Filter": "((role)::text = 'costume designer'::text)"}]}]}]}]}, {"Node Type": "Hash", "Parent Relationship": "Inner", "Startup Cost": 89020.35, "Total Cost": 89020.35, "Plan Rows": 901342, "Plan Width": 20, "Plans": [{"Node Type": "Streaming(type: LOCAL REDISTRIBUTE dop: 16/1)", "Parent Relationship": "Outer", "Startup Cost": 16632.3, "Total Cost": 89020.35, "Plan Rows": 901342, "Plan Width": 20, "Plans": [{"Node Type": "Bitmap Heap Scan", "Parent Relationship": "Outer", "Relation Name": "aka_name", "Alias": "an1", "Startup Cost": 16632.3, "Total Cost": 36540.72, "Plan Rows": 901342, "Plan Width": 20, "Plans": [{"Node Type": "Bitmap Index Scan", "Parent Relationship": "Outer", "Index Name": "person_id_aka_name", "Startup Cost": 0.0, "Total Cost": 16406.96, "Plan Rows": 901342, "Plan Width": 0}]}]}]}]}]}, {"Node Type": "Hash", "Parent Relationship": "Inner", "Startup Cost": 131553.26, "Total Cost": 131553.26, "Plan Rows": 4167490, "Plan Width": 4, "Plans": [{"Node Type": "Streaming(type: LOCAL REDISTRIBUTE dop: 16/16)", "Parent Relationship": "Outer", "Startup Cost": 0.0, "Total Cost": 131553.26, "Plan Rows": 4167490, "Plan Width": 4, "Plans": [{"Node Type": "Index Only Scan", "Parent Relationship": "Outer", "Scan Direction": "Forward", "Index Name": "name_pkey", "Relation Name": "name", "Alias": "n1", "Startup Cost": 0.0, "Total Cost": 100762.38, "Plan Rows": 4167490, "Plan Width": 4}]}]}]}]}, {"Node Type": "Hash", "Parent Relationship": "Inner", "Startup Cost": 194504.49, "Total Cost": 194504.49, "Plan Rows": 1282311, "Plan Width": 4, "Plans": [{"Node Type": "Streaming(type: LOCAL REDISTRIBUTE dop: 16/1)", "Parent Relationship": "Outer", "Startup Cost": 61758.77, "Total Cost": 194504.49, "Plan Rows": 1282311, "Plan Width": 4, "Plans": [{"Node Type": "Hash Join", "Parent Relationship": "Outer", "Join Type": "Inner", "Startup Cost": 61758.77, "Total Cost": 126183.39, "Plan Rows": 1282311, "Plan Width": 4, "Inner Unique": true, "Hash Cond": "(mc.company_id = cn.id), (LLVM Optimized)", "Plans": [{"Node Type": "Bitmap Heap Scan", "Parent Relationship": "Outer", "Relation Name": "movie_companies", "Alias": "mc", "Startup Cost": 51990.17, "Total Cost": 93807.45, "Plan Rows": 2609128, "Plan Width": 8, "Plans": [{"Node Type": "Bitmap Index Scan", "Parent Relationship": "Outer", "Index Name": "movie_id_movie_companies", "Startup Cost": 0.0, "Total Cost": 51337.89, "Plan Rows": 2609128, "Plan Width": 0}]}, {"Node Type": "Hash", "Parent Relationship": "Inner", "Startup Cost": 8703.97, "Total Cost": 8703.97, "Plan Rows": 85170, "Plan Width": 4, "Plans": [{"Node Type": "Bitmap Heap Scan", "Parent Relationship": "Outer", "Relation Name": "company_name", "Alias": "cn", "Startup Cost": 2800.52, "Total Cost": 8703.97, "Plan Rows": 85170, "Plan Width": 4, "Filter": "((country_code)::text = '[us]'::text)", "Plans": [{"Node Type": "Bitmap Index Scan", "Parent Relationship": "Outer", "Index Name": "company_name_pkey", "Startup Cost": 0.0, "Total Cost": 2779.23, "Plan Rows": 234996, "Plan Width": 0}]}]}]}]}]}]}]}, {"Node Type": "Hash", "Parent Relationship": "Inner", "Startup Cost": 125997.5, "Total Cost": 125997.5, "Plan Rows": 2528311, "Plan Width": 21, "Plans": [{"Node Type": "Streaming(type: LOCAL REDISTRIBUTE dop: 16/16)", "Parent Relationship": "Outer", "Startup Cost": 0.0, "Total Cost": 125997.5, "Plan Rows": 2528311, "Plan Width": 21, "Plans": [{"Node Type": "Index Scan", "Parent Relationship": "Outer", "Scan Direction": "Forward", "Index Name": "title_pkey", "Relation Name": "title", "Alias": "t", "Startup Cost": 0.0, "Total Cost": 101417.57, "Plan Rows": 2528311, "Plan Width": 21}]}]}]}]}]}]}, "Unique SQL Id": 2457761703, "Planner Runtime": 201}, "explain_analyze_plan": null}, "(16, '2')": {"explain_plan": {"Plan": {"Node Type": "Aggregate", "Strategy": "Plain", "Startup Cost": 287566.27, "Total Cost": 287566.3, "Plan Rows": 1, "Plan Width": 97, "Plans": [{"Node Type": "Streaming(type: LOCAL GATHER dop: 1/16)", "Parent Relationship": "Outer", "Startup Cost": 287566.27, "Total Cost": 287566.3, "Plan Rows": 1, "Plan Width": 97, "Plans": [{"Node Type": "Aggregate", "Strategy": "Plain", "Parent Relationship": "Outer", "Startup Cost": 287566.27, "Total Cost": 287566.28, "Plan Rows": 1, "Plan Width": 97, "Plans": [{"Node Type": "Hash Join", "Parent Relationship": "Outer", "Join Type": "Inner", "Startup Cost": 142621.96, "Total Cost": 285780.78, "Plan Rows": 357098, "Plan Width": 33, "Inner Unique": true, "Hash Cond": "(an1.person_id = n1.id), (LLVM Optimized)", "Plans": [{"Node Type": "Streaming(type: LOCAL REDISTRIBUTE dop: 16/16)", "Parent Relationship": "Outer", "Startup Cost": 126464.14, "Total Cost": 269316.07, "Plan Rows": 357098, "Plan Width": 41, "Plans": [{"Node Type": "Hash Join", "Parent Relationship": "Outer", "Join Type": "Inner", "Startup Cost": 126464.14, "Total Cost": 252963.01, "Plan Rows": 357098, "Plan Width": 41, "Inner Unique": true, "Hash Cond": "(ci.movie_id = t.id), (LLVM Optimized)", "Plans": [{"Node Type": "Streaming(type: LOCAL REDISTRIBUTE dop: 16/16)", "Parent Relationship": "Outer", "Startup Cost": 113655.34, "Total Cost": 239847.25, "Plan Rows": 357379, "Plan Width": 32, "Plans": [{"Node Type": "Hash Join", "Parent Relationship": "Outer", "Join Type": "Inner", "Startup Cost": 113655.34, "Total Cost": 223493.12, "Plan Rows": 357379, "Plan Width": 32, "Inner Unique": false, "Hash Cond": "(ci.person_id = an1.person_id), (LLVM Optimized)", "Plans": [{"Node Type": "Streaming(type: LOCAL REDISTRIBUTE dop: 16/16)", "Parent Relationship": "Outer", "Startup Cost": 104286.28, "Total Cost": 212931.86, "Plan Rows": 711018, "Plan Width": 12, "Plans": [{"Node Type": "Hash Join", "Parent Relationship": "Outer", "Join Type": "Inner", "Startup Cost": 104286.28, "Total Cost": 195237.77, "Plan Rows": 711018, "Plan Width": 12, "Inner Unique": false, "Hash Cond": "(ci.movie_id = mc.movie_id), (LLVM Optimized)", "Plans": [{"Node Type": "Streaming(type: LOCAL REDISTRIBUTE dop: 16/16)", "Parent Relationship": "Outer", "Startup Cost": 15001.51, "Total Cost": 102848.74, "Plan Rows": 3296318, "Plan Width": 8, "Plans": [{"Node Type": "Hash Join", "Parent Relationship": "Outer", "Join Type": "Inner", "Startup Cost": 15001.51, "Total Cost": 75358.79, "Plan Rows": 3296318, "Plan Width": 8, "Inner Unique": true, "Hash Cond": "(ci.role_id = rt.id), (LLVM Optimized)", "Plans": [{"Node Type": "Seq Scan", "Parent Relationship": "Outer", "Relation Name": "cast_info", "Alias": "ci", "Startup Cost": 0.0, "Total Cost": 52617.37, "Plan Rows": 36259494, "Plan Width": 12}, {"Node Type": "Hash", "Parent Relationship": "Inner", "Startup Cost": 15001.5, "Total Cost": 15001.5, "Plan Rows": 16, "Plan Width": 4, "Plans": [{"Node Type": "Streaming(type: BROADCAST dop: 16/1)", "Parent Relationship": "Outer", "Startup Cost": 0.0, "Total Cost": 15001.5, "Plan Rows": 16, "Plan Width": 4, "Plans": [{"Node Type": "Seq Scan", "Parent Relationship": "Outer", "Relation Name": "role_type", "Alias": "rt", "Startup Cost": 0.0, "Total Cost": 1.15, "Plan Rows": 1, "Plan Width": 4, "Filter": "((role)::text = 'costume designer'::text)"}]}]}]}]}, {"Node Type": "Hash", "Parent Relationship": "Inner", "Startup Cost": 88282.97, "Total Cost": 88282.97, "Plan Rows": 1282311, "Plan Width": 4, "Plans": [{"Node Type": "Streaming(type: LOCAL REDISTRIBUTE dop: 16/16)", "Parent Relationship": "Outer", "Startup Cost": 24511.53, "Total Cost": 88282.97, "Plan Rows": 1282311, "Plan Width": 4, "Plans": [{"Node Type": "Hash Join", "Parent Relationship": "Outer", "Join Type": "Inner", "Startup Cost": 24511.53, "Total Cost": 68424.21, "Plan Rows": 1282311, "Plan Width": 4, "Inner Unique": true, "Hash Cond": "(mc.company_id = cn.id), (LLVM Optimized)", "Plans": [{"Node Type": "Streaming(type: LOCAL REDISTRIBUTE dop: 16/16)", "Parent Relationship": "Outer", "Startup Cost": 0.0, "Total Cost": 42499.73, "Plan Rows": 2609128, "Plan Width": 8, "Plans": [{"Node Type": "Seq Scan", "Parent Relationship": "Outer", "Relation Name": "movie_companies", "Alias": "mc", "Startup Cost": 0.0, "Total Cost": 17613.58, "Plan Rows": 2609128, "Plan Width": 8}]}, {"Node Type": "Hash", "Parent Relationship": "Inner", "Startup Cost": 24444.99, "Total Cost": 24444.99, "Plan Rows": 85170, "Plan Width": 4, "Plans": [{"Node Type": "Streaming(type: LOCAL REDISTRIBUTE dop: 16/1)", "Parent Relationship": "Outer", "Startup Cost": 0.0, "Total Cost": 24444.99, "Plan Rows": 85170, "Plan Width": 4, "Plans": [{"Node Type": "Seq Scan", "Parent Relationship": "Outer", "Relation Name": "company_name", "Alias": "cn", "Startup Cost": 0.0, "Total Cost": 5903.45, "Plan Rows": 85170, "Plan Width": 4, "Filter": "((country_code)::text = '[us]'::text)"}]}]}]}]}]}]}]}, {"Node Type": "Hash", "Parent Relationship": "Inner", "Startup Cost": 34659.52, "Total Cost": 34659.52, "Plan Rows": 901342, "Plan Width": 20, "Plans": [{"Node Type": "Streaming(type: LOCAL REDISTRIBUTE dop: 16/16)", "Parent Relationship": "Outer", "Startup Cost": 0.0, "Total Cost": 34659.52, "Plan Rows": 901342, "Plan Width": 20, "Plans": [{"Node Type": "Seq Scan", "Parent Relationship": "Outer", "Relation Name": "aka_name", "Alias": "an1", "Startup Cost": 0.0, "Total Cost": 16244.28, "Plan Rows": 901342, "Plan Width": 20}]}]}]}]}, {"Node Type": "Hash", "Parent Relationship": "Inner", "Startup Cost": 43334.25, "Total Cost": 43334.25, "Plan Rows": 2528311, "Plan Width": 21, "Plans": [{"Node Type": "Streaming(type: LOCAL REDISTRIBUTE dop: 16/16)", "Parent Relationship": "Outer", "Startup Cost": 0.0, "Total Cost": 43334.25, "Plan Rows": 2528311, "Plan Width": 21, "Plans": [{"Node Type": "Seq Scan", "Parent Relationship": "Outer", "Relation Name": "title", "Alias": "t", "Startup Cost": 0.0, "Total Cost": 18754.32, "Plan Rows": 2528311, "Plan Width": 21}]}]}]}]}, {"Node Type": "Hash", "Parent Relationship": "Inner", "Startup Cost": 51607.87, "Total Cost": 51607.87, "Plan Rows": 4167490, "Plan Width": 4, "Plans": [{"Node Type": "Streaming(type: LOCAL REDISTRIBUTE dop: 16/16)", "Parent Relationship": "Outer", "Startup Cost": 0.0, "Total Cost": 51607.87, "Plan Rows": 4167490, "Plan Width": 4, "Plans": [{"Node Type": "Seq Scan", "Parent Relationship": "Outer", "Relation Name": "name", "Alias": "n1", "Startup Cost": 0.0, "Total Cost": 20816.99, "Plan Rows": 4167490, "Plan Width": 4}]}]}]}]}]}]}, "Unique SQL Id": 2457761703, "Planner Runtime": 196}, "explain_analyze_plan": {"Plan": {"Node Type": "Aggregate", "Strategy": "Plain", "Startup Cost": 287566.27, "Total Cost": 287566.3, "Plan Rows": 1, "Plan Width": 97, "Actual Min Startup Time": 1429.474, "Actual Max Startup Time": 1429.474, "Actual Min Total Time": 1429.474, "Actual Max Total Time": 1429.474, "Plans": [{"Node Type": "Streaming(type: LOCAL GATHER dop: 1/16)", "Parent Relationship": "Outer", "Startup Cost": 287566.27, "Total Cost": 287566.3, "Plan Rows": 1, "Plan Width": 97, "Actual Min Startup Time": 1428.475, "Actual Max Startup Time": 1428.475, "Actual Min Total Time": 1429.447, "Actual Max Total Time": 1429.447, "Plans": [{"Node Type": "Aggregate", "Strategy": "Plain", "Parent Relationship": "Outer", "Startup Cost": 287566.27, "Total Cost": 287566.28, "Plan Rows": 1, "Plan Width": 97, "Actual Min Startup Time": 1046.427, "Actual Max Startup Time": 1225.524, "Actual Min Total Time": 1046.427, "Actual Max Total Time": 1225.525, "Plans": [{"Node Type": "Hash Join", "Parent Relationship": "Outer", "Join Type": "Inner", "Startup Cost": 142621.96, "Total Cost": 285780.78, "Plan Rows": 357098, "Plan Width": 33, "Actual Min Startup Time": 657.95, "Actual Max Startup Time": 846.411, "Actual Min Total Time": 1031.721, "Actual Max Total Time": 1217.172, "Inner Unique": true, "Hash Cond": "(an1.person_id = n1.id), (LLVM Optimized, Jit Execute)", "Plans": [{"Node Type": "Streaming(type: LOCAL REDISTRIBUTE dop: 16/16)", "Parent Relationship": "Outer", "Startup Cost": 126464.14, "Total Cost": 269316.07, "Plan Rows": 357098, "Plan Width": 41, "Actual Min Startup Time": 138.252, "Actual Max Startup Time": 161.278, "Actual Min Total Time": 500.465, "Actual Max Total Time": 521.157, "Plans": [{"Node Type": "Hash Join", "Parent Relationship": "Outer", "Join Type": "Inner", "Startup Cost": 126464.14, "Total Cost": 252963.01, "Plan Rows": 357098, "Plan Width": 41, "Actual Min Startup Time": 650.282, "Actual Max Startup Time": 827.406, "Actual Min Total Time": 1018.2, "Actual Max Total Time": 1197.69, "Inner Unique": true, "Hash Cond": "(ci.movie_id = t.id), (LLVM Optimized, Jit Execute)", "Plans": [{"Node Type": "Streaming(type: LOCAL REDISTRIBUTE dop: 16/16)", "Parent Relationship": "Outer", "Startup Cost": 113655.34, "Total Cost": 239847.25, "Plan Rows": 357379, "Plan Width": 32, "Actual Min Startup Time": 284.581, "Actual Max Startup Time": 292.563, "Actual Min Total Time": 643.034, "Actual Max Total Time": 653.83, "Plans": [{"Node Type": "Hash Join", "Parent Relationship": "Outer", "Join Type": "Inner", "Startup Cost": 113655.34, "Total Cost": 223493.12, "Plan Rows": 357379, "Plan Width": 32, "Actual Min Startup Time": 656.508, "Actual Max Startup Time": 864.813, "Actual Min Total Time": 976.219, "Actual Max Total Time": 1211.51, "Inner Unique": false, "Hash Cond": "(ci.person_id = an1.person_id), (LLVM Optimized, Jit Execute)", "Plans": [{"Node Type": "Streaming(type: LOCAL REDISTRIBUTE dop: 16/16)", "Parent Relationship": "Outer", "Startup Cost": 104286.28, "Total Cost": 212931.86, "Plan Rows": 711018, "Plan Width": 12, "Actual Min Startup Time": 516.593, "Actual Max Startup Time": 530.476, "Actual Min Total Time": 825.032, "Actual Max Total Time": 876.688, "Plans": [{"Node Type": "Hash Join", "Parent Relationship": "Outer", "Join Type": "Inner", "Startup Cost": 104286.28, "Total Cost": 195237.77, "Plan Rows": 711018, "Plan Width": 12, "Actual Min Startup Time": 655.48, "Actual Max Startup Time": 884.626, "Actual Min Total Time": 967.321, "Actual Max Total Time": 1196.253, "Inner Unique": false, "Hash Cond": "(ci.movie_id = mc.movie_id), (LLVM Optimized, Jit Execute)", "Plans": [{"Node Type": "Streaming(type: LOCAL REDISTRIBUTE dop: 16/16)", "Parent Relationship": "Outer", "Startup Cost": 15001.51, "Total Cost": 102848.74, "Plan Rows": 3296318, "Plan Width": 8, "Actual Min Startup Time": 0.062, "Actual Max Startup Time": 0.846, "Actual Min Total Time": 293.775, "Actual Max Total Time": 312.773, "Plans": [{"Node Type": "Hash Join", "Parent Relationship": "Outer", "Join Type": "Inner", "Startup Cost": 15001.51, "Total Cost": 75358.79, "Plan Rows": 3296318, "Plan Width": 8, "Actual Min Startup Time": 729.862, "Actual Max Startup Time": 782.989, "Actual Min Total Time": 934.617, "Actual Max Total Time": 992.529, "Inner Unique": true, "Hash Cond": "(ci.role_id = rt.id), (LLVM Optimized, Jit Execute)", "Plans": [{"Node Type": "Seq Scan", "Parent Relationship": "Outer", "Relation Name": "cast_info", "Alias": "ci", "Startup Cost": 0.0, "Total Cost": 52617.37, "Plan Rows": 36259494, "Plan Width": 12, "Actual Min Startup Time": 0.029, "Actual Max Startup Time": 0.042, "Actual Min Total Time": 515.441, "Actual Max Total Time": 569.135, "Actual Rows": 36244343}, {"Node Type": "Hash", "Parent Relationship": "Inner", "Startup Cost": 15001.5, "Total Cost": 15001.5, "Plan Rows": 16, "Plan Width": 4, "Actual Min Startup Time": 0.012, "Actual Max Startup Time": 11.903, "Actual Min Total Time": 0.012, "Actual Max Total Time": 11.903, "Max Hash Buckets": 32768, "Min Hash Buckets": 32768, "Max Hash Batches": 1, "Min Hash Batches": 1, "Max Original Hash Batches": 1, "Min Original Hash Batches": 1, "Max Peak Memory Usage": 1, "min Peak Memory Usage": 1, "Plans": [{"Node Type": "Streaming(type: BROADCAST dop: 16/1)", "Parent Relationship": "Outer", "Startup Cost": 0.0, "Total Cost": 15001.5, "Plan Rows": 16, "Plan Width": 4, "Actual Min Startup Time": 0.004, "Actual Max Startup Time": 11.888, "Actual Min Total Time": 0.004, "Actual Max Total Time": 11.889, "Plans": [{"Node Type": "Seq Scan", "Parent Relationship": "Outer", "Relation Name": "role_type", "Alias": "rt", "Startup Cost": 0.0, "Total Cost": 1.15, "Plan Rows": 1, "Plan Width": 4, "Actual Min Startup Time": 0.025, "Actual Max Startup Time": 0.025, "Actual Min Total Time": 0.027, "Actual Max Total Time": 0.027, "Filter": "((role)::text = 'costume designer'::text)", "Rows Removed by Filter": 11, "Actual Rows": 1}], "Actual Rows": 16}], "Actual Rows": 16}], "Actual Rows": 276403}], "Actual Rows": 276403}, {"Node Type": "Hash", "Parent Relationship": "Inner", "Startup Cost": 88282.97, "Total Cost": 88282.97, "Plan Rows": 1282311, "Plan Width": 4, "Actual Min Startup Time": 655.204, "Actual Max Startup Time": 884.113, "Actual Min Total Time": 655.204, "Actual Max Total Time": 884.113, "Max Hash Buckets": 131072, "Min Hash Buckets": 131072, "Max Hash Batches": 1, "Min Hash Batches": 1, "Max Original Hash Batches": 1, "Min Original Hash Batches": 1, "Max Peak Memory Usage": 2542, "min Peak Memory Usage": 2542, "Plans": [{"Node Type": "Streaming(type: LOCAL REDISTRIBUTE dop: 16/16)", "Parent Relationship": "Outer", "Startup Cost": 24511.53, "Total Cost": 88282.97, "Plan Rows": 1282311, "Plan Width": 4, "Actual Min Startup Time": 186.112, "Actual Max Startup Time": 414.758, "Actual Min Total Time": 627.769, "Actual Max Total Time": 863.493, "Plans": [{"Node Type": "Hash Join", "Parent Relationship": "Outer", "Join Type": "Inner", "Startup Cost": 24511.53, "Total Cost": 68424.21, "Plan Rows": 1282311, "Plan Width": 4, "Actual Min Startup Time": 176.757, "Actual Max Startup Time": 400.58, "Actual Min Total Time": 517.522, "Actual Max Total Time": 794.956, "Inner Unique": true, "Hash Cond": "(mc.company_id = cn.id), (LLVM Optimized, Jit Execute)", "Plans": [{"Node Type": "Streaming(type: LOCAL REDISTRIBUTE dop: 16/16)", "Parent Relationship": "Outer", "Startup Cost": 0.0, "Total Cost": 42499.73, "Plan Rows": 2609128, "Plan Width": 8, "Actual Min Startup Time": 0.062, "Actual Max Startup Time": 1.791, "Actual Min Total Time": 265.249, "Actual Max Total Time": 357.061, "Plans": [{"Node Type": "Seq Scan", "Parent Relationship": "Outer", "Relation Name": "movie_companies", "Alias": "mc", "Startup Cost": 0.0, "Total Cost": 17613.58, "Plan Rows": 2609128, "Plan Width": 8, "Actual Min Startup Time": 0.026, "Actual Max Startup Time": 0.044, "Actual Min Total Time": 42.83, "Actual Max Total Time": 51.451, "Actual Rows": 2609128}], "Actual Rows": 2609128}, {"Node Type": "Hash", "Parent Relationship": "Inner", "Startup Cost": 24444.99, "Total Cost": 24444.99, "Plan Rows": 85170, "Plan Width": 4, "Actual Min Startup Time": 176.63, "Actual Max Startup Time": 399.346, "Actual Min Total Time": 176.63, "Actual Max Total Time": 399.346, "Max Hash Buckets": 32768, "Min Hash Buckets": 32768, "Max Hash Batches": 1, "Min Hash Batches": 1, "Max Original Hash Batches": 1, "Min Original Hash Batches": 1, "Max Peak Memory Usage": 182, "min Peak Memory Usage": 182, "Plans": [{"Node Type": "Streaming(type: LOCAL REDISTRIBUTE dop: 16/1)", "Parent Relationship": "Outer", "Startup Cost": 0.0, "Total Cost": 24444.99, "Plan Rows": 85170, "Plan Width": 4, "Actual Min Startup Time": 0.035, "Actual Max Startup Time": 218.603, "Actual Min Total Time": 174.868, "Actual Max Total Time": 397.632, "Plans": [{"Node Type": "Seq Scan", "Parent Relationship": "Outer", "Relation Name": "company_name", "Alias": "cn", "Startup Cost": 0.0, "Total Cost": 5903.45, "Plan Rows": 85170, "Plan Width": 4, "Actual Min Startup Time": 0.038, "Actual Max Startup Time": 0.038, "Actual Min Total Time": 94.596, "Actual Max Total Time": 94.596, "Filter": "((country_code)::text = '[us]'::text)", "Rows Removed by Filter": 150153, "Actual Rows": 84843}], "Actual Rows": 84843}], "Actual Rows": 84843}], "Actual Rows": 1153797}], "Actual Rows": 1153797}], "Actual Rows": 1153797}], "Actual Rows": 285537}], "Actual Rows": 285537}, {"Node Type": "Hash", "Parent Relationship": "Inner", "Startup Cost": 34659.52, "Total Cost": 34659.52, "Plan Rows": 901342, "Plan Width": 20, "Actual Min Startup Time": 129.879, "Actual Max Startup Time": 348.156, "Actual Min Total Time": 129.879, "Actual Max Total Time": 348.156, "Max Hash Buckets": 65536, "Min Hash Buckets": 65536, "Max Hash Batches": 1, "Min Hash Batches": 1, "Max Original Hash Batches": 1, "Min Original Hash Batches": 1, "Max Peak Memory Usage": 2981, "min Peak Memory Usage": 2981, "Plans": [{"Node Type": "Streaming(type: LOCAL REDISTRIBUTE dop: 16/16)", "Parent Relationship": "Outer", "Startup Cost": 0.0, "Total Cost": 34659.52, "Plan Rows": 901342, "Plan Width": 20, "Actual Min Startup Time": 0.048, "Actual Max Startup Time": 211.292, "Actual Min Total Time": 113.469, "Actual Max Total Time": 331.199, "Plans": [{"Node Type": "Seq Scan", "Parent Relationship": "Outer", "Relation Name": "aka_name", "Alias": "an1", "Startup Cost": 0.0, "Total Cost": 16244.28, "Plan Rows": 901342, "Plan Width": 20, "Actual Min Startup Time": 0.02, "Actual Max Startup Time": 0.037, "Actual Min Total Time": 16.899, "Actual Max Total Time": 20.777, "Actual Rows": 901342}], "Actual Rows": 901342}], "Actual Rows": 901342}], "Actual Rows": 323005}], "Actual Rows": 323005}, {"Node Type": "Hash", "Parent Relationship": "Inner", "Startup Cost": 43334.25, "Total Cost": 43334.25, "Plan Rows": 2528311, "Plan Width": 21, "Actual Min Startup Time": 361.928, "Actual Max Startup Time": 536.694, "Actual Min Total Time": 361.928, "Actual Max Total Time": 536.694, "Max Hash Buckets": 262144, "Min Hash Buckets": 262144, "Max Hash Batches": 1, "Min Hash Batches": 1, "Max Original Hash Batches": 1, "Min Original Hash Batches": 1, "Max Peak Memory Usage": 8518, "min Peak Memory Usage": 8518, "Plans": [{"Node Type": "Streaming(type: LOCAL REDISTRIBUTE dop: 16/16)", "Parent Relationship": "Outer", "Startup Cost": 0.0, "Total Cost": 43334.25, "Plan Rows": 2528311, "Plan Width": 21, "Actual Min Startup Time": 0.052, "Actual Max Startup Time": 29.929, "Actual Min Total Time": 291.244, "Actual Max Total Time": 484.112, "Plans": [{"Node Type": "Seq Scan", "Parent Relationship": "Outer", "Relation Name": "title", "Alias": "t", "Startup Cost": 0.0, "Total Cost": 18754.32, "Plan Rows": 2528311, "Plan Width": 21, "Actual Min Startup Time": 0.018, "Actual Max Startup Time": 0.034, "Actual Min Total Time": 48.948, "Actual Max Total Time": 58.428, "Actual Rows": 2528311}], "Actual Rows": 2528311}], "Actual Rows": 2528311}], "Actual Rows": 323005}], "Actual Rows": 323005}, {"Node Type": "Hash", "Parent Relationship": "Inner", "Startup Cost": 51607.87, "Total Cost": 51607.87, "Plan Rows": 4167490, "Plan Width": 4, "Actual Min Startup Time": 514.494, "Actual Max Startup Time": 693.507, "Actual Min Total Time": 514.494, "Actual Max Total Time": 693.507, "Max Hash Buckets": 262144, "Min Hash Buckets": 262144, "Max Hash Batches": 1, "Min Hash Batches": 1, "Max Original Hash Batches": 1, "Min Original Hash Batches": 1, "Max Peak Memory Usage": 9174, "min Peak Memory Usage": 9174, "Plans": [{"Node Type": "Streaming(type: LOCAL REDISTRIBUTE dop: 16/16)", "Parent Relationship": "Outer", "Startup Cost": 0.0, "Total Cost": 51607.87, "Plan Rows": 4167490, "Plan Width": 4, "Actual Min Startup Time": 0.053, "Actual Max Startup Time": 140.533, "Actual Min Total Time": 409.113, "Actual Max Total Time": 612.992, "Plans": [{"Node Type": "Seq Scan", "Parent Relationship": "Outer", "Relation Name": "name", "Alias": "n1", "Startup Cost": 0.0, "Total Cost": 20816.99, "Plan Rows": 4167490, "Plan Width": 4, "Actual Min Startup Time": 0.017, "Actual Max Startup Time": 0.034, "Actual Min Total Time": 74.859, "Actual Max Total Time": 86.06, "Actual Rows": 4167490}], "Actual Rows": 4167490}], "Actual Rows": 4167490}], "Actual Rows": 323005}], "Actual Rows": 16}], "Actual Rows": 16}], "Actual Rows": 1}, "Triggers": [], "Planner Runtime": 195.615, "Total Runtime": 1475.961, "Unique SQL Id": 2457761703}}, "(16, '3')": {"explain_plan": {"Plan": {"Node Type": "Aggregate", "Strategy": "Plain", "Startup Cost": 1013578.73, "Total Cost": 1013578.74, "Plan Rows": 1, "Plan Width": 97, "Plans": [{"Node Type": "Hash Join", "Parent Relationship": "Outer", "Join Type": "Inner", "Startup Cost": 985285.55, "Total Cost": 1011793.24, "Plan Rows": 357098, "Plan Width": 33, "Inner Unique": false, "Hash Cond": "(an1.person_id = n1.id), (LLVM Optimized)", "Plans": [{"Node Type": "Bitmap Heap Scan", "Parent Relationship": "Outer", "Relation Name": "aka_name", "Alias": "an1", "Startup Cost": 16632.3, "Total Cost": 36540.72, "Plan Rows": 901342, "Plan Width": 20, "Plans": [{"Node Type": "Bitmap Index Scan", "Parent Relationship": "Outer", "Index Name": "person_id_aka_name", "Startup Cost": 0.0, "Total Cost": 16406.96, "Plan Rows": 901342, "Plan Width": 0}]}, {"Node Type": "Hash", "Parent Relationship": "Inner", "Startup Cost": 959772.51, "Total Cost": 959772.51, "Plan Rows": 710459, "Plan Width": 25, "Plans": [{"Node Type": "Hash Join", "Parent Relationship": "Outer", "Join Type": "Inner", "Startup Cost": 607483.06, "Total Cost": 959772.51, "Plan Rows": 710459, "Plan Width": 25, "Inner Unique": true, "Hash Cond": "(ci.person_id = n1.id), (LLVM Optimized)", "Plans": [{"Node Type": "Hash Join", "Parent Relationship": "Outer", "Join Type": "Inner", "Startup Cost": 378117.96, "Total Cost": 720638.61, "Plan Rows": 710459, "Plan Width": 21, "Inner Unique": false, "Hash Cond": "(ci.movie_id = t.id), (LLVM Optimized)", "Plans": [{"Node Type": "Nested Loop", "Parent Relationship": "Outer", "Join Type": "Inner", "Startup Cost": 76315.02, "Total Cost": 389769.33, "Plan Rows": 3296318, "Plan Width": 8, "Inner Unique": false, "Plans": [{"Node Type": "Bitmap Heap Scan", "Parent Relationship": "Outer", "Relation Name": "role_type", "Alias": "rt", "Startup Cost": 8.31, "Total Cost": 12.46, "Plan Rows": 1, "Plan Width": 4, "Filter": "((role)::text = 'costume designer'::text)", "Plans": [{"Node Type": "Bitmap Index Scan", "Parent Relationship": "Outer", "Index Name": "role_type_pkey", "Startup Cost": 0.0, "Total Cost": 8.31, "Plan Rows": 12, "Plan Width": 0}]}, {"Node Type": "Bitmap Heap Scan", "Parent Relationship": "Inner", "Relation Name": "cast_info", "Alias": "ci", "Startup Cost": 76306.71, "Total Cost": 356793.69, "Plan Rows": 3296318, "Plan Width": 12, "Recheck Cond": "(role_id = rt.id), (LLVM Optimized)", "Plans": [{"Node Type": "Bitmap Index Scan", "Parent Relationship": "Outer", "Index Name": "role_id_cast_info", "Startup Cost": 0.0, "Total Cost": 75482.63, "Plan Rows": 3296318, "Plan Width": 0, "Index Cond": "(role_id = rt.id)"}]}]}, {"Node Type": "Hash", "Parent Relationship": "Inner", "Startup Cost": 285774.05, "Total Cost": 285774.05, "Plan Rows": 1282311, "Plan Width": 25, "Plans": [{"Node Type": "Hash Join", "Parent Relationship": "Outer", "Join Type": "Inner", "Startup Cost": 203717.65, "Total Cost": 285774.05, "Plan Rows": 1282311, "Plan Width": 25, "Inner Unique": true, "Hash Cond": "(mc.movie_id = t.id), (LLVM Optimized)", "Plans": [{"Node Type": "Hash Join", "Parent Relationship": "Outer", "Join Type": "Inner", "Startup Cost": 61758.77, "Total Cost": 126183.39, "Plan Rows": 1282311, "Plan Width": 4, "Inner Unique": true, "Hash Cond": "(mc.company_id = cn.id), (LLVM Optimized)", "Plans": [{"Node Type": "Bitmap Heap Scan", "Parent Relationship": "Outer", "Relation Name": "movie_companies", "Alias": "mc", "Startup Cost": 51990.17, "Total Cost": 93807.45, "Plan Rows": 2609128, "Plan Width": 8, "Plans": [{"Node Type": "Bitmap Index Scan", "Parent Relationship": "Outer", "Index Name": "movie_id_movie_companies", "Startup Cost": 0.0, "Total Cost": 51337.89, "Plan Rows": 2609128, "Plan Width": 0}]}, {"Node Type": "Hash", "Parent Relationship": "Inner", "Startup Cost": 8703.97, "Total Cost": 8703.97, "Plan Rows": 85170, "Plan Width": 4, "Plans": [{"Node Type": "Bitmap Heap Scan", "Parent Relationship": "Outer", "Relation Name": "company_name", "Alias": "cn", "Startup Cost": 2800.52, "Total Cost": 8703.97, "Plan Rows": 85170, "Plan Width": 4, "Filter": "((country_code)::text = '[us]'::text)", "Plans": [{"Node Type": "Bitmap Index Scan", "Parent Relationship": "Outer", "Index Name": "company_name_pkey", "Startup Cost": 0.0, "Total Cost": 2779.23, "Plan Rows": 234996, "Plan Width": 0}]}]}]}, {"Node Type": "Hash", "Parent Relationship": "Inner", "Startup Cost": 110354.99, "Total Cost": 110354.99, "Plan Rows": 2528311, "Plan Width": 21, "Plans": [{"Node Type": "Bitmap Heap Scan", "Parent Relationship": "Outer", "Relation Name": "title", "Alias": "t", "Startup Cost": 50285.88, "Total Cost": 110354.99, "Plan Rows": 2528311, "Plan Width": 21, "Plans": [{"Node Type": "Bitmap Index Scan", "Parent Relationship": "Outer", "Index Name": "title_pkey", "Startup Cost": 0.0, "Total Cost": 49653.81, "Plan Rows": 2528311, "Plan Width": 0}]}]}]}]}]}, {"Node Type": "Hash", "Parent Relationship": "Inner", "Startup Cost": 177271.47, "Total Cost": 177271.47, "Plan Rows": 4167490, "Plan Width": 4, "Plans": [{"Node Type": "Bitmap Heap Scan", "Parent Relationship": "Outer", "Relation Name": "name", "Alias": "n1", "Startup Cost": 84199.57, "Total Cost": 177271.47, "Plan Rows": 4167490, "Plan Width": 4, "Plans": [{"Node Type": "Bitmap Index Scan", "Parent Relationship": "Outer", "Index Name": "name_pkey", "Startup Cost": 0.0, "Total Cost": 83157.7, "Plan Rows": 4167490, "Plan Width": 0}]}]}]}]}]}]}, "Unique SQL Id": 2457761703, "Planner Runtime": 73}, "explain_analyze_plan": null}, "(16, '4')": {"explain_plan": {"Plan": {"Node Type": "Aggregate", "Strategy": "Plain", "Startup Cost": 287566.27, "Total Cost": 287566.3, "Plan Rows": 1, "Plan Width": 97, "Plans": [{"Node Type": "Streaming(type: LOCAL GATHER dop: 1/16)", "Parent Relationship": "Outer", "Startup Cost": 287566.27, "Total Cost": 287566.3, "Plan Rows": 1, "Plan Width": 97, "Plans": [{"Node Type": "Aggregate", "Strategy": "Plain", "Parent Relationship": "Outer", "Startup Cost": 287566.27, "Total Cost": 287566.28, "Plan Rows": 1, "Plan Width": 97, "Plans": [{"Node Type": "Hash Join", "Parent Relationship": "Outer", "Join Type": "Inner", "Startup Cost": 142621.96, "Total Cost": 285780.78, "Plan Rows": 357098, "Plan Width": 33, "Inner Unique": true, "Hash Cond": "(an1.person_id = n1.id), (LLVM Optimized)", "Plans": [{"Node Type": "Streaming(type: LOCAL REDISTRIBUTE dop: 16/16)", "Parent Relationship": "Outer", "Startup Cost": 126464.14, "Total Cost": 269316.07, "Plan Rows": 357098, "Plan Width": 41, "Plans": [{"Node Type": "Hash Join", "Parent Relationship": "Outer", "Join Type": "Inner", "Startup Cost": 126464.14, "Total Cost": 252963.01, "Plan Rows": 357098, "Plan Width": 41, "Inner Unique": true, "Hash Cond": "(ci.movie_id = t.id), (LLVM Optimized)", "Plans": [{"Node Type": "Streaming(type: LOCAL REDISTRIBUTE dop: 16/16)", "Parent Relationship": "Outer", "Startup Cost": 113655.34, "Total Cost": 239847.25, "Plan Rows": 357379, "Plan Width": 32, "Plans": [{"Node Type": "Hash Join", "Parent Relationship": "Outer", "Join Type": "Inner", "Startup Cost": 113655.34, "Total Cost": 223493.12, "Plan Rows": 357379, "Plan Width": 32, "Inner Unique": false, "Hash Cond": "(ci.person_id = an1.person_id), (LLVM Optimized)", "Plans": [{"Node Type": "Streaming(type: LOCAL REDISTRIBUTE dop: 16/16)", "Parent Relationship": "Outer", "Startup Cost": 104286.28, "Total Cost": 212931.86, "Plan Rows": 711018, "Plan Width": 12, "Plans": [{"Node Type": "Hash Join", "Parent Relationship": "Outer", "Join Type": "Inner", "Startup Cost": 104286.28, "Total Cost": 195237.77, "Plan Rows": 711018, "Plan Width": 12, "Inner Unique": false, "Hash Cond": "(ci.movie_id = mc.movie_id), (LLVM Optimized)", "Plans": [{"Node Type": "Streaming(type: LOCAL REDISTRIBUTE dop: 16/16)", "Parent Relationship": "Outer", "Startup Cost": 15001.51, "Total Cost": 102848.74, "Plan Rows": 3296318, "Plan Width": 8, "Plans": [{"Node Type": "Hash Join", "Parent Relationship": "Outer", "Join Type": "Inner", "Startup Cost": 15001.51, "Total Cost": 75358.79, "Plan Rows": 3296318, "Plan Width": 8, "Inner Unique": true, "Hash Cond": "(ci.role_id = rt.id), (LLVM Optimized)", "Plans": [{"Node Type": "Seq Scan", "Parent Relationship": "Outer", "Relation Name": "cast_info", "Alias": "ci", "Startup Cost": 0.0, "Total Cost": 52617.37, "Plan Rows": 36259494, "Plan Width": 12}, {"Node Type": "Hash", "Parent Relationship": "Inner", "Startup Cost": 15001.5, "Total Cost": 15001.5, "Plan Rows": 16, "Plan Width": 4, "Plans": [{"Node Type": "Streaming(type: BROADCAST dop: 16/1)", "Parent Relationship": "Outer", "Startup Cost": 0.0, "Total Cost": 15001.5, "Plan Rows": 16, "Plan Width": 4, "Plans": [{"Node Type": "Seq Scan", "Parent Relationship": "Outer", "Relation Name": "role_type", "Alias": "rt", "Startup Cost": 0.0, "Total Cost": 1.15, "Plan Rows": 1, "Plan Width": 4, "Filter": "((role)::text = 'costume designer'::text)"}]}]}]}]}, {"Node Type": "Hash", "Parent Relationship": "Inner", "Startup Cost": 88282.97, "Total Cost": 88282.97, "Plan Rows": 1282311, "Plan Width": 4, "Plans": [{"Node Type": "Streaming(type: LOCAL REDISTRIBUTE dop: 16/16)", "Parent Relationship": "Outer", "Startup Cost": 24511.53, "Total Cost": 88282.97, "Plan Rows": 1282311, "Plan Width": 4, "Plans": [{"Node Type": "Hash Join", "Parent Relationship": "Outer", "Join Type": "Inner", "Startup Cost": 24511.53, "Total Cost": 68424.21, "Plan Rows": 1282311, "Plan Width": 4, "Inner Unique": true, "Hash Cond": "(mc.company_id = cn.id), (LLVM Optimized)", "Plans": [{"Node Type": "Streaming(type: LOCAL REDISTRIBUTE dop: 16/16)", "Parent Relationship": "Outer", "Startup Cost": 0.0, "Total Cost": 42499.73, "Plan Rows": 2609128, "Plan Width": 8, "Plans": [{"Node Type": "Seq Scan", "Parent Relationship": "Outer", "Relation Name": "movie_companies", "Alias": "mc", "Startup Cost": 0.0, "Total Cost": 17613.58, "Plan Rows": 2609128, "Plan Width": 8}]}, {"Node Type": "Hash", "Parent Relationship": "Inner", "Startup Cost": 24444.99, "Total Cost": 24444.99, "Plan Rows": 85170, "Plan Width": 4, "Plans": [{"Node Type": "Streaming(type: LOCAL REDISTRIBUTE dop: 16/1)", "Parent Relationship": "Outer", "Startup Cost": 0.0, "Total Cost": 24444.99, "Plan Rows": 85170, "Plan Width": 4, "Plans": [{"Node Type": "Seq Scan", "Parent Relationship": "Outer", "Relation Name": "company_name", "Alias": "cn", "Startup Cost": 0.0, "Total Cost": 5903.45, "Plan Rows": 85170, "Plan Width": 4, "Filter": "((country_code)::text = '[us]'::text)"}]}]}]}]}]}]}]}, {"Node Type": "Hash", "Parent Relationship": "Inner", "Startup Cost": 34659.52, "Total Cost": 34659.52, "Plan Rows": 901342, "Plan Width": 20, "Plans": [{"Node Type": "Streaming(type: LOCAL REDISTRIBUTE dop: 16/16)", "Parent Relationship": "Outer", "Startup Cost": 0.0, "Total Cost": 34659.52, "Plan Rows": 901342, "Plan Width": 20, "Plans": [{"Node Type": "Seq Scan", "Parent Relationship": "Outer", "Relation Name": "aka_name", "Alias": "an1", "Startup Cost": 0.0, "Total Cost": 16244.28, "Plan Rows": 901342, "Plan Width": 20}]}]}]}]}, {"Node Type": "Hash", "Parent Relationship": "Inner", "Startup Cost": 43334.25, "Total Cost": 43334.25, "Plan Rows": 2528311, "Plan Width": 21, "Plans": [{"Node Type": "Streaming(type: LOCAL REDISTRIBUTE dop: 16/16)", "Parent Relationship": "Outer", "Startup Cost": 0.0, "Total Cost": 43334.25, "Plan Rows": 2528311, "Plan Width": 21, "Plans": [{"Node Type": "Seq Scan", "Parent Relationship": "Outer", "Relation Name": "title", "Alias": "t", "Startup Cost": 0.0, "Total Cost": 18754.32, "Plan Rows": 2528311, "Plan Width": 21}]}]}]}]}, {"Node Type": "Hash", "Parent Relationship": "Inner", "Startup Cost": 51607.87, "Total Cost": 51607.87, "Plan Rows": 4167490, "Plan Width": 4, "Plans": [{"Node Type": "Streaming(type: LOCAL REDISTRIBUTE dop: 16/16)", "Parent Relationship": "Outer", "Startup Cost": 0.0, "Total Cost": 51607.87, "Plan Rows": 4167490, "Plan Width": 4, "Plans": [{"Node Type": "Seq Scan", "Parent Relationship": "Outer", "Relation Name": "name", "Alias": "n1", "Startup Cost": 0.0, "Total Cost": 20816.99, "Plan Rows": 4167490, "Plan Width": 4}]}]}]}]}]}]}, "Unique SQL Id": 2457761703, "Planner Runtime": 206}, "explain_analyze_plan": {"Plan": {"Node Type": "Aggregate", "Strategy": "Plain", "Startup Cost": 287566.27, "Total Cost": 287566.3, "Plan Rows": 1, "Plan Width": 97, "Actual Min Startup Time": 1429.474, "Actual Max Startup Time": 1429.474, "Actual Min Total Time": 1429.474, "Actual Max Total Time": 1429.474, "Plans": [{"Node Type": "Streaming(type: LOCAL GATHER dop: 1/16)", "Parent Relationship": "Outer", "Startup Cost": 287566.27, "Total Cost": 287566.3, "Plan Rows": 1, "Plan Width": 97, "Actual Min Startup Time": 1428.475, "Actual Max Startup Time": 1428.475, "Actual Min Total Time": 1429.447, "Actual Max Total Time": 1429.447, "Plans": [{"Node Type": "Aggregate", "Strategy": "Plain", "Parent Relationship": "Outer", "Startup Cost": 287566.27, "Total Cost": 287566.28, "Plan Rows": 1, "Plan Width": 97, "Actual Min Startup Time": 1046.427, "Actual Max Startup Time": 1225.524, "Actual Min Total Time": 1046.427, "Actual Max Total Time": 1225.525, "Plans": [{"Node Type": "Hash Join", "Parent Relationship": "Outer", "Join Type": "Inner", "Startup Cost": 142621.96, "Total Cost": 285780.78, "Plan Rows": 357098, "Plan Width": 33, "Actual Min Startup Time": 657.95, "Actual Max Startup Time": 846.411, "Actual Min Total Time": 1031.721, "Actual Max Total Time": 1217.172, "Inner Unique": true, "Hash Cond": "(an1.person_id = n1.id), (LLVM Optimized, Jit Execute)", "Plans": [{"Node Type": "Streaming(type: LOCAL REDISTRIBUTE dop: 16/16)", "Parent Relationship": "Outer", "Startup Cost": 126464.14, "Total Cost": 269316.07, "Plan Rows": 357098, "Plan Width": 41, "Actual Min Startup Time": 138.252, "Actual Max Startup Time": 161.278, "Actual Min Total Time": 500.465, "Actual Max Total Time": 521.157, "Plans": [{"Node Type": "Hash Join", "Parent Relationship": "Outer", "Join Type": "Inner", "Startup Cost": 126464.14, "Total Cost": 252963.01, "Plan Rows": 357098, "Plan Width": 41, "Actual Min Startup Time": 650.282, "Actual Max Startup Time": 827.406, "Actual Min Total Time": 1018.2, "Actual Max Total Time": 1197.69, "Inner Unique": true, "Hash Cond": "(ci.movie_id = t.id), (LLVM Optimized, Jit Execute)", "Plans": [{"Node Type": "Streaming(type: LOCAL REDISTRIBUTE dop: 16/16)", "Parent Relationship": "Outer", "Startup Cost": 113655.34, "Total Cost": 239847.25, "Plan Rows": 357379, "Plan Width": 32, "Actual Min Startup Time": 284.581, "Actual Max Startup Time": 292.563, "Actual Min Total Time": 643.034, "Actual Max Total Time": 653.83, "Plans": [{"Node Type": "Hash Join", "Parent Relationship": "Outer", "Join Type": "Inner", "Startup Cost": 113655.34, "Total Cost": 223493.12, "Plan Rows": 357379, "Plan Width": 32, "Actual Min Startup Time": 656.508, "Actual Max Startup Time": 864.813, "Actual Min Total Time": 976.219, "Actual Max Total Time": 1211.51, "Inner Unique": false, "Hash Cond": "(ci.person_id = an1.person_id), (LLVM Optimized, Jit Execute)", "Plans": [{"Node Type": "Streaming(type: LOCAL REDISTRIBUTE dop: 16/16)", "Parent Relationship": "Outer", "Startup Cost": 104286.28, "Total Cost": 212931.86, "Plan Rows": 711018, "Plan Width": 12, "Actual Min Startup Time": 516.593, "Actual Max Startup Time": 530.476, "Actual Min Total Time": 825.032, "Actual Max Total Time": 876.688, "Plans": [{"Node Type": "Hash Join", "Parent Relationship": "Outer", "Join Type": "Inner", "Startup Cost": 104286.28, "Total Cost": 195237.77, "Plan Rows": 711018, "Plan Width": 12, "Actual Min Startup Time": 655.48, "Actual Max Startup Time": 884.626, "Actual Min Total Time": 967.321, "Actual Max Total Time": 1196.253, "Inner Unique": false, "Hash Cond": "(ci.movie_id = mc.movie_id), (LLVM Optimized, Jit Execute)", "Plans": [{"Node Type": "Streaming(type: LOCAL REDISTRIBUTE dop: 16/16)", "Parent Relationship": "Outer", "Startup Cost": 15001.51, "Total Cost": 102848.74, "Plan Rows": 3296318, "Plan Width": 8, "Actual Min Startup Time": 0.062, "Actual Max Startup Time": 0.846, "Actual Min Total Time": 293.775, "Actual Max Total Time": 312.773, "Plans": [{"Node Type": "Hash Join", "Parent Relationship": "Outer", "Join Type": "Inner", "Startup Cost": 15001.51, "Total Cost": 75358.79, "Plan Rows": 3296318, "Plan Width": 8, "Actual Min Startup Time": 729.862, "Actual Max Startup Time": 782.989, "Actual Min Total Time": 934.617, "Actual Max Total Time": 992.529, "Inner Unique": true, "Hash Cond": "(ci.role_id = rt.id), (LLVM Optimized, Jit Execute)", "Plans": [{"Node Type": "Seq Scan", "Parent Relationship": "Outer", "Relation Name": "cast_info", "Alias": "ci", "Startup Cost": 0.0, "Total Cost": 52617.37, "Plan Rows": 36259494, "Plan Width": 12, "Actual Min Startup Time": 0.029, "Actual Max Startup Time": 0.042, "Actual Min Total Time": 515.441, "Actual Max Total Time": 569.135, "Actual Rows": 36244343}, {"Node Type": "Hash", "Parent Relationship": "Inner", "Startup Cost": 15001.5, "Total Cost": 15001.5, "Plan Rows": 16, "Plan Width": 4, "Actual Min Startup Time": 0.012, "Actual Max Startup Time": 11.903, "Actual Min Total Time": 0.012, "Actual Max Total Time": 11.903, "Max Hash Buckets": 32768, "Min Hash Buckets": 32768, "Max Hash Batches": 1, "Min Hash Batches": 1, "Max Original Hash Batches": 1, "Min Original Hash Batches": 1, "Max Peak Memory Usage": 1, "min Peak Memory Usage": 1, "Plans": [{"Node Type": "Streaming(type: BROADCAST dop: 16/1)", "Parent Relationship": "Outer", "Startup Cost": 0.0, "Total Cost": 15001.5, "Plan Rows": 16, "Plan Width": 4, "Actual Min Startup Time": 0.004, "Actual Max Startup Time": 11.888, "Actual Min Total Time": 0.004, "Actual Max Total Time": 11.889, "Plans": [{"Node Type": "Seq Scan", "Parent Relationship": "Outer", "Relation Name": "role_type", "Alias": "rt", "Startup Cost": 0.0, "Total Cost": 1.15, "Plan Rows": 1, "Plan Width": 4, "Actual Min Startup Time": 0.025, "Actual Max Startup Time": 0.025, "Actual Min Total Time": 0.027, "Actual Max Total Time": 0.027, "Filter": "((role)::text = 'costume designer'::text)", "Rows Removed by Filter": 11, "Actual Rows": 1}], "Actual Rows": 16}], "Actual Rows": 16}], "Actual Rows": 276403}], "Actual Rows": 276403}, {"Node Type": "Hash", "Parent Relationship": "Inner", "Startup Cost": 88282.97, "Total Cost": 88282.97, "Plan Rows": 1282311, "Plan Width": 4, "Actual Min Startup Time": 655.204, "Actual Max Startup Time": 884.113, "Actual Min Total Time": 655.204, "Actual Max Total Time": 884.113, "Max Hash Buckets": 131072, "Min Hash Buckets": 131072, "Max Hash Batches": 1, "Min Hash Batches": 1, "Max Original Hash Batches": 1, "Min Original Hash Batches": 1, "Max Peak Memory Usage": 2542, "min Peak Memory Usage": 2542, "Plans": [{"Node Type": "Streaming(type: LOCAL REDISTRIBUTE dop: 16/16)", "Parent Relationship": "Outer", "Startup Cost": 24511.53, "Total Cost": 88282.97, "Plan Rows": 1282311, "Plan Width": 4, "Actual Min Startup Time": 186.112, "Actual Max Startup Time": 414.758, "Actual Min Total Time": 627.769, "Actual Max Total Time": 863.493, "Plans": [{"Node Type": "Hash Join", "Parent Relationship": "Outer", "Join Type": "Inner", "Startup Cost": 24511.53, "Total Cost": 68424.21, "Plan Rows": 1282311, "Plan Width": 4, "Actual Min Startup Time": 176.757, "Actual Max Startup Time": 400.58, "Actual Min Total Time": 517.522, "Actual Max Total Time": 794.956, "Inner Unique": true, "Hash Cond": "(mc.company_id = cn.id), (LLVM Optimized, Jit Execute)", "Plans": [{"Node Type": "Streaming(type: LOCAL REDISTRIBUTE dop: 16/16)", "Parent Relationship": "Outer", "Startup Cost": 0.0, "Total Cost": 42499.73, "Plan Rows": 2609128, "Plan Width": 8, "Actual Min Startup Time": 0.062, "Actual Max Startup Time": 1.791, "Actual Min Total Time": 265.249, "Actual Max Total Time": 357.061, "Plans": [{"Node Type": "Seq Scan", "Parent Relationship": "Outer", "Relation Name": "movie_companies", "Alias": "mc", "Startup Cost": 0.0, "Total Cost": 17613.58, "Plan Rows": 2609128, "Plan Width": 8, "Actual Min Startup Time": 0.026, "Actual Max Startup Time": 0.044, "Actual Min Total Time": 42.83, "Actual Max Total Time": 51.451, "Actual Rows": 2609128}], "Actual Rows": 2609128}, {"Node Type": "Hash", "Parent Relationship": "Inner", "Startup Cost": 24444.99, "Total Cost": 24444.99, "Plan Rows": 85170, "Plan Width": 4, "Actual Min Startup Time": 176.63, "Actual Max Startup Time": 399.346, "Actual Min Total Time": 176.63, "Actual Max Total Time": 399.346, "Max Hash Buckets": 32768, "Min Hash Buckets": 32768, "Max Hash Batches": 1, "Min Hash Batches": 1, "Max Original Hash Batches": 1, "Min Original Hash Batches": 1, "Max Peak Memory Usage": 182, "min Peak Memory Usage": 182, "Plans": [{"Node Type": "Streaming(type: LOCAL REDISTRIBUTE dop: 16/1)", "Parent Relationship": "Outer", "Startup Cost": 0.0, "Total Cost": 24444.99, "Plan Rows": 85170, "Plan Width": 4, "Actual Min Startup Time": 0.035, "Actual Max Startup Time": 218.603, "Actual Min Total Time": 174.868, "Actual Max Total Time": 397.632, "Plans": [{"Node Type": "Seq Scan", "Parent Relationship": "Outer", "Relation Name": "company_name", "Alias": "cn", "Startup Cost": 0.0, "Total Cost": 5903.45, "Plan Rows": 85170, "Plan Width": 4, "Actual Min Startup Time": 0.038, "Actual Max Startup Time": 0.038, "Actual Min Total Time": 94.596, "Actual Max Total Time": 94.596, "Filter": "((country_code)::text = '[us]'::text)", "Rows Removed by Filter": 150153, "Actual Rows": 84843}], "Actual Rows": 84843}], "Actual Rows": 84843}], "Actual Rows": 1153797}], "Actual Rows": 1153797}], "Actual Rows": 1153797}], "Actual Rows": 285537}], "Actual Rows": 285537}, {"Node Type": "Hash", "Parent Relationship": "Inner", "Startup Cost": 34659.52, "Total Cost": 34659.52, "Plan Rows": 901342, "Plan Width": 20, "Actual Min Startup Time": 129.879, "Actual Max Startup Time": 348.156, "Actual Min Total Time": 129.879, "Actual Max Total Time": 348.156, "Max Hash Buckets": 65536, "Min Hash Buckets": 65536, "Max Hash Batches": 1, "Min Hash Batches": 1, "Max Original Hash Batches": 1, "Min Original Hash Batches": 1, "Max Peak Memory Usage": 2981, "min Peak Memory Usage": 2981, "Plans": [{"Node Type": "Streaming(type: LOCAL REDISTRIBUTE dop: 16/16)", "Parent Relationship": "Outer", "Startup Cost": 0.0, "Total Cost": 34659.52, "Plan Rows": 901342, "Plan Width": 20, "Actual Min Startup Time": 0.048, "Actual Max Startup Time": 211.292, "Actual Min Total Time": 113.469, "Actual Max Total Time": 331.199, "Plans": [{"Node Type": "Seq Scan", "Parent Relationship": "Outer", "Relation Name": "aka_name", "Alias": "an1", "Startup Cost": 0.0, "Total Cost": 16244.28, "Plan Rows": 901342, "Plan Width": 20, "Actual Min Startup Time": 0.02, "Actual Max Startup Time": 0.037, "Actual Min Total Time": 16.899, "Actual Max Total Time": 20.777, "Actual Rows": 901342}], "Actual Rows": 901342}], "Actual Rows": 901342}], "Actual Rows": 323005}], "Actual Rows": 323005}, {"Node Type": "Hash", "Parent Relationship": "Inner", "Startup Cost": 43334.25, "Total Cost": 43334.25, "Plan Rows": 2528311, "Plan Width": 21, "Actual Min Startup Time": 361.928, "Actual Max Startup Time": 536.694, "Actual Min Total Time": 361.928, "Actual Max Total Time": 536.694, "Max Hash Buckets": 262144, "Min Hash Buckets": 262144, "Max Hash Batches": 1, "Min Hash Batches": 1, "Max Original Hash Batches": 1, "Min Original Hash Batches": 1, "Max Peak Memory Usage": 8518, "min Peak Memory Usage": 8518, "Plans": [{"Node Type": "Streaming(type: LOCAL REDISTRIBUTE dop: 16/16)", "Parent Relationship": "Outer", "Startup Cost": 0.0, "Total Cost": 43334.25, "Plan Rows": 2528311, "Plan Width": 21, "Actual Min Startup Time": 0.052, "Actual Max Startup Time": 29.929, "Actual Min Total Time": 291.244, "Actual Max Total Time": 484.112, "Plans": [{"Node Type": "Seq Scan", "Parent Relationship": "Outer", "Relation Name": "title", "Alias": "t", "Startup Cost": 0.0, "Total Cost": 18754.32, "Plan Rows": 2528311, "Plan Width": 21, "Actual Min Startup Time": 0.018, "Actual Max Startup Time": 0.034, "Actual Min Total Time": 48.948, "Actual Max Total Time": 58.428, "Actual Rows": 2528311}], "Actual Rows": 2528311}], "Actual Rows": 2528311}], "Actual Rows": 323005}], "Actual Rows": 323005}, {"Node Type": "Hash", "Parent Relationship": "Inner", "Startup Cost": 51607.87, "Total Cost": 51607.87, "Plan Rows": 4167490, "Plan Width": 4, "Actual Min Startup Time": 514.494, "Actual Max Startup Time": 693.507, "Actual Min Total Time": 514.494, "Actual Max Total Time": 693.507, "Max Hash Buckets": 262144, "Min Hash Buckets": 262144, "Max Hash Batches": 1, "Min Hash Batches": 1, "Max Original Hash Batches": 1, "Min Original Hash Batches": 1, "Max Peak Memory Usage": 9174, "min Peak Memory Usage": 9174, "Plans": [{"Node Type": "Streaming(type: LOCAL REDISTRIBUTE dop: 16/16)", "Parent Relationship": "Outer", "Startup Cost": 0.0, "Total Cost": 51607.87, "Plan Rows": 4167490, "Plan Width": 4, "Actual Min Startup Time": 0.053, "Actual Max Startup Time": 140.533, "Actual Min Total Time": 409.113, "Actual Max Total Time": 612.992, "Plans": [{"Node Type": "Seq Scan", "Parent Relationship": "Outer", "Relation Name": "name", "Alias": "n1", "Startup Cost": 0.0, "Total Cost": 20816.99, "Plan Rows": 4167490, "Plan Width": 4, "Actual Min Startup Time": 0.017, "Actual Max Startup Time": 0.034, "Actual Min Total Time": 74.859, "Actual Max Total Time": 86.06, "Actual Rows": 4167490}], "Actual Rows": 4167490}], "Actual Rows": 4167490}], "Actual Rows": 323005}], "Actual Rows": 16}], "Actual Rows": 16}], "Actual Rows": 1}, "Triggers": [], "Planner Runtime": 195.615, "Total Runtime": 1475.961, "Unique SQL Id": 2457761703}}, "(16, '5')": {"explain_plan": {"Plan": {"Node Type": "Aggregate", "Strategy": "Plain", "Startup Cost": 1403521.5, "Total Cost": 1403521.52, "Plan Rows": 1, "Plan Width": 97, "Plans": [{"Node Type": "Streaming(type: LOCAL GATHER dop: 1/16)", "Parent Relationship": "Outer", "Startup Cost": 1403521.5, "Total Cost": 1403521.52, "Plan Rows": 1, "Plan Width": 97, "Plans": [{"Node Type": "Aggregate", "Strategy": "Plain", "Parent Relationship": "Outer", "Startup Cost": 1403521.5, "Total Cost": 1403521.51, "Plan Rows": 1, "Plan Width": 97, "Plans": [{"Node Type": "Hash Join", "Parent Relationship": "Outer", "Join Type": "Inner", "Startup Cost": 1181725.83, "Total Cost": 1401736.01, "Plan Rows": 357098, "Plan Width": 33, "Inner Unique": true, "Hash Cond": "(ci.movie_id = t.id), (LLVM Optimized)", "Plans": [{"Node Type": "Streaming(type: LOCAL REDISTRIBUTE dop: 16/16)", "Parent Relationship": "Outer", "Startup Cost": 1148251.22, "Total Cost": 1367954.44, "Plan Rows": 357379, "Plan Width": 24, "Plans": [{"Node Type": "Hash Join", "Parent Relationship": "Outer", "Join Type": "Inner", "Startup Cost": 1148251.22, "Total Cost": 1351600.31, "Plan Rows": 357379, "Plan Width": 24, "Inner Unique": false, "Hash Cond": "(n1.id = an1.person_id), (LLVM Optimized)", "Plans": [{"Node Type": "Streaming(type: LOCAL REDISTRIBUTE dop: 16/16)", "Parent Relationship": "Outer", "Startup Cost": 1125291.96, "Total Cost": 1327448.82, "Plan Rows": 711018, "Plan Width": 16, "Plans": [{"Node Type": "Hash Join", "Parent Relationship": "Outer", "Join Type": "Inner", "Startup Cost": 1125291.96, "Total Cost": 1309754.73, "Plan Rows": 711018, "Plan Width": 16, "Inner Unique": true, "Hash Cond": "(ci.person_id = n1.id), (LLVM Optimized)", "Plans": [{"Node Type": "Streaming(type: LOCAL REDISTRIBUTE dop: 16/16)", "Parent Relationship": "Outer", "Startup Cost": 1076297.75, "Total Cost": 1260149.49, "Plan Rows": 711018, "Plan Width": 12, "Plans": [{"Node Type": "Hash Join", "Parent Relationship": "Outer", "Join Type": "Inner", "Startup Cost": 1076297.75, "Total Cost": 1242455.4, "Plan Rows": 711018, "Plan Width": 12, "Inner Unique": true, "Hash Cond": "(mc.company_id = cn.id), (LLVM Optimized)", "Plans": [{"Node Type": "Streaming(type: LOCAL REDISTRIBUTE dop: 16/16)", "Parent Relationship": "Outer", "Startup Cost": 1069419.83, "Total Cost": 1234794.01, "Plan Rows": 1446714, "Plan Width": 16, "Plans": [{"Node Type": "Hash Join", "Parent Relationship": "Outer", "Join Type": "Inner", "Startup Cost": 1069419.83, "Total Cost": 1214312.32, "Plan Rows": 1446714, "Plan Width": 16, "Inner Unique": false, "Hash Cond": "(mc.movie_id = ci.movie_id), (LLVM Optimized)", "Plans": [{"Node Type": "Streaming(type: LOCAL REDISTRIBUTE dop: 16/16)", "Parent Relationship": "Outer", "Startup Cost": 0.0, "Total Cost": 139099.07, "Plan Rows": 2609128, "Plan Width": 8, "Plans": [{"Node Type": "Index Scan", "Parent Relationship": "Outer", "Scan Direction": "Forward", "Index Name": "company_id_movie_companies", "Relation Name": "movie_companies", "Alias": "mc", "Startup Cost": 0.0, "Total Cost": 114212.92, "Plan Rows": 2609128, "Plan Width": 8}]}, {"Node Type": "Hash", "Parent Relationship": "Inner", "Startup Cost": 1066844.59, "Total Cost": 1066844.59, "Plan Rows": 3296318, "Plan Width": 8, "Plans": [{"Node Type": "Streaming(type: LOCAL REDISTRIBUTE dop: 16/16)", "Parent Relationship": "Outer", "Startup Cost": 15012.82, "Total Cost": 1066844.59, "Plan Rows": 3296318, "Plan Width": 8, "Plans": [{"Node Type": "Hash Join", "Parent Relationship": "Outer", "Join Type": "Inner", "Startup Cost": 15012.82, "Total Cost": 1039354.63, "Plan Rows": 3296318, "Plan Width": 8, "Inner Unique": true, "Hash Cond": "(ci.role_id = rt.id), (LLVM Optimized)", "Plans": [{"Node Type": "Index Scan", "Parent Relationship": "Outer", "Scan Direction": "Forward", "Index Name": "role_id_cast_info", "Relation Name": "cast_info", "Alias": "ci", "Startup Cost": 0.0, "Total Cost": 1016601.9, "Plan Rows": 36259494, "Plan Width": 12}, {"Node Type": "Hash", "Parent Relationship": "Inner", "Startup Cost": 15012.81, "Total Cost": 15012.81, "Plan Rows": 16, "Plan Width": 4, "Plans": [{"Node Type": "Streaming(type: BROADCAST dop: 16/1)", "Parent Relationship": "Outer", "Startup Cost": 0.0, "Total Cost": 15012.81, "Plan Rows": 16, "Plan Width": 4, "Plans": [{"Node Type": "Index Scan", "Parent Relationship": "Outer", "Scan Direction": "Forward", "Index Name": "role_type_pkey", "Relation Name": "role_type", "Alias": "rt", "Startup Cost": 0.0, "Total Cost": 12.46, "Plan Rows": 1, "Plan Width": 4, "Filter": "((role)::text = 'costume designer'::text)"}]}]}]}]}]}]}]}, {"Node Type": "Hash", "Parent Relationship": "Inner", "Startup Cost": 27245.51, "Total Cost": 27245.51, "Plan Rows": 85170, "Plan Width": 4, "Plans": [{"Node Type": "Streaming(type: LOCAL REDISTRIBUTE dop: 16/1)", "Parent Relationship": "Outer", "Startup Cost": 2800.52, "Total Cost": 27245.51, "Plan Rows": 85170, "Plan Width": 4, "Plans": [{"Node Type": "Bitmap Heap Scan", "Parent Relationship": "Outer", "Relation Name": "company_name", "Alias": "cn", "Startup Cost": 2800.52, "Total Cost": 8703.97, "Plan Rows": 85170, "Plan Width": 4, "Filter": "((country_code)::text = '[us]'::text)", "Plans": [{"Node Type": "Bitmap Index Scan", "Parent Relationship": "Outer", "Index Name": "company_name_pkey", "Startup Cost": 0.0, "Total Cost": 2779.23, "Plan Rows": 234996, "Plan Width": 0}]}]}]}]}]}, {"Node Type": "Hash", "Parent Relationship": "Inner", "Startup Cost": 182953.41, "Total Cost": 182953.41, "Plan Rows": 4167490, "Plan Width": 4, "Plans": [{"Node Type": "Streaming(type: LOCAL REDISTRIBUTE dop: 16/16)", "Parent Relationship": "Outer", "Startup Cost": 0.0, "Total Cost": 182953.41, "Plan Rows": 4167490, "Plan Width": 4, "Plans": [{"Node Type": "Index Scan", "Parent Relationship": "Outer", "Scan Direction": "Forward", "Index Name": "name_pkey", "Relation Name": "name", "Alias": "n1", "Startup Cost": 0.0, "Total Cost": 152162.53, "Plan Rows": 4167490, "Plan Width": 4}]}]}]}]}, {"Node Type": "Hash", "Parent Relationship": "Inner", "Startup Cost": 89020.35, "Total Cost": 89020.35, "Plan Rows": 901342, "Plan Width": 20, "Plans": [{"Node Type": "Streaming(type: LOCAL REDISTRIBUTE dop: 16/1)", "Parent Relationship": "Outer", "Startup Cost": 16632.3, "Total Cost": 89020.35, "Plan Rows": 901342, "Plan Width": 20, "Plans": [{"Node Type": "Bitmap Heap Scan", "Parent Relationship": "Outer", "Relation Name": "aka_name", "Alias": "an1", "Startup Cost": 16632.3, "Total Cost": 36540.72, "Plan Rows": 901342, "Plan Width": 20, "Plans": [{"Node Type": "Bitmap Index Scan", "Parent Relationship": "Outer", "Index Name": "person_id_aka_name", "Startup Cost": 0.0, "Total Cost": 16406.96, "Plan Rows": 901342, "Plan Width": 0}]}]}]}]}]}, {"Node Type": "Hash", "Parent Relationship": "Inner", "Startup Cost": 125997.5, "Total Cost": 125997.5, "Plan Rows": 2528311, "Plan Width": 21, "Plans": [{"Node Type": "Streaming(type: LOCAL REDISTRIBUTE dop: 16/16)", "Parent Relationship": "Outer", "Startup Cost": 0.0, "Total Cost": 125997.5, "Plan Rows": 2528311, "Plan Width": 21, "Plans": [{"Node Type": "Index Scan", "Parent Relationship": "Outer", "Scan Direction": "Forward", "Index Name": "title_pkey", "Relation Name": "title", "Alias": "t", "Startup Cost": 0.0, "Total Cost": 101417.57, "Plan Rows": 2528311, "Plan Width": 21}]}]}]}]}]}]}, "Unique SQL Id": 2457761703, "Planner Runtime": 183}, "explain_analyze_plan": {"Plan": {"Node Type": "Aggregate", "Strategy": "Plain", "Startup Cost": 1403521.5, "Total Cost": 1403521.52, "Plan Rows": 1, "Plan Width": 97, "Actual Min Startup Time": 3381.189, "Actual Max Startup Time": 3381.189, "Actual Min Total Time": 3381.189, "Actual Max Total Time": 3381.189, "Plans": [{"Node Type": "Streaming(type: LOCAL GATHER dop: 1/16)", "Parent Relationship": "Outer", "Startup Cost": 1403521.5, "Total Cost": 1403521.52, "Plan Rows": 1, "Plan Width": 97, "Actual Min Startup Time": 3379.633, "Actual Max Startup Time": 3379.633, "Actual Min Total Time": 3381.142, "Actual Max Total Time": 3381.142, "Plans": [{"Node Type": "Aggregate", "Strategy": "Plain", "Parent Relationship": "Outer", "Startup Cost": 1403521.5, "Total Cost": 1403521.51, "Plan Rows": 1, "Plan Width": 97, "Actual Min Startup Time": 2775.576, "Actual Max Startup Time": 3095.11, "Actual Min Total Time": 2775.576, "Actual Max Total Time": 3095.11, "Plans": [{"Node Type": "Hash Join", "Parent Relationship": "Outer", "Join Type": "Inner", "Startup Cost": 1181725.83, "Total Cost": 1401736.01, "Plan Rows": 357098, "Plan Width": 33, "Actual Min Startup Time": 2254.858, "Actual Max Startup Time": 2576.013, "Actual Min Total Time": 2766.221, "Actual Max Total Time": 3085.463, "Inner Unique": true, "Hash Cond": "(ci.movie_id = t.id), (LLVM Optimized, Jit Execute)", "Plans": [{"Node Type": "Streaming(type: LOCAL REDISTRIBUTE dop: 16/16)", "Parent Relationship": "Outer", "Startup Cost": 1148251.22, "Total Cost": 1367954.44, "Plan Rows": 357379, "Plan Width": 24, "Actual Min Startup Time": 1637.895, "Actual Max Startup Time": 1649.412, "Actual Min Total Time": 2141.932, "Actual Max Total Time": 2146.067, "Plans": [{"Node Type": "Hash Join", "Parent Relationship": "Outer", "Join Type": "Inner", "Startup Cost": 1148251.22, "Total Cost": 1351600.31, "Plan Rows": 357379, "Plan Width": 24, "Actual Min Startup Time": 2233.387, "Actual Max Startup Time": 2447.268, "Actual Min Total Time": 2745.181, "Actual Max Total Time": 2960.962, "Inner Unique": false, "Hash Cond": "(n1.id = an1.person_id), (LLVM Optimized, Jit Execute)", "Plans": [{"Node Type": "Streaming(type: LOCAL REDISTRIBUTE dop: 16/16)", "Parent Relationship": "Outer", "Startup Cost": 1125291.96, "Total Cost": 1327448.82, "Plan Rows": 711018, "Plan Width": 16, "Actual Min Startup Time": 1203.993, "Actual Max Startup Time": 1222.356, "Actual Min Total Time": 1688.34, "Actual Max Total Time": 1726.22, "Plans": [{"Node Type": "Hash Join", "Parent Relationship": "Outer", "Join Type": "Inner", "Startup Cost": 1125291.96, "Total Cost": 1309754.73, "Plan Rows": 711018, "Plan Width": 16, "Actual Min Startup Time": 2232.236, "Actual Max Startup Time": 2443.443, "Actual Min Total Time": 2760.092, "Actual Max Total Time": 2964.165, "Inner Unique": true, "Hash Cond": "(ci.person_id = n1.id), (LLVM Optimized, Jit Execute)", "Plans": [{"Node Type": "Streaming(type: LOCAL REDISTRIBUTE dop: 16/16)", "Parent Relationship": "Outer", "Startup Cost": 1076297.75, "Total Cost": 1260149.49, "Plan Rows": 711018, "Plan Width": 12, "Actual Min Startup Time": 1573.463, "Actual Max Startup Time": 1591.83, "Actual Min Total Time": 2080.989, "Actual Max Total Time": 2099.345, "Plans": [{"Node Type": "Hash Join", "Parent Relationship": "Outer", "Join Type": "Inner", "Startup Cost": 1076297.75, "Total Cost": 1242455.4, "Plan Rows": 711018, "Plan Width": 12, "Actual Min Startup Time": 2226.327, "Actual Max Startup Time": 2633.229, "Actual Min Total Time": 2746.364, "Actual Max Total Time": 3154.215, "Inner Unique": true, "Hash Cond": "(mc.company_id = cn.id), (LLVM Optimized, Jit Execute)", "Plans": [{"Node Type": "Streaming(type: LOCAL REDISTRIBUTE dop: 16/16)", "Parent Relationship": "Outer", "Startup Cost": 1069419.83, "Total Cost": 1234794.01, "Plan Rows": 1446714, "Plan Width": 16, "Actual Min Startup Time": 2041.14, "Actual Max Startup Time": 2066.752, "Actual Min Total Time": 2538.616, "Actual Max Total Time": 2560.451, "Plans": [{"Node Type": "Hash Join", "Parent Relationship": "Outer", "Join Type": "Inner", "Startup Cost": 1069419.83, "Total Cost": 1214312.32, "Plan Rows": 1446714, "Plan Width": 16, "Actual Min Startup Time": 2224.002, "Actual Max Startup Time": 2604.425, "Actual Min Total Time": 2709.247, "Actual Max Total Time": 3082.901, "Inner Unique": false, "Hash Cond": "(mc.movie_id = ci.movie_id), (LLVM Optimized, Jit Execute)", "Plans": [{"Node Type": "Streaming(type: LOCAL REDISTRIBUTE dop: 16/16)", "Parent Relationship": "Outer", "Startup Cost": 0.0, "Total Cost": 139099.07, "Plan Rows": 2609128, "Plan Width": 8, "Actual Min Startup Time": 0.068, "Actual Max Startup Time": 0.369, "Actual Min Total Time": 416.435, "Actual Max Total Time": 440.57, "Plans": [{"Node Type": "Index Scan", "Parent Relationship": "Outer", "Scan Direction": "Forward", "Index Name": "company_id_movie_companies", "Relation Name": "movie_companies", "Alias": "mc", "Startup Cost": 0.0, "Total Cost": 114212.92, "Plan Rows": 2609128, "Plan Width": 8, "Actual Min Startup Time": 0.052, "Actual Max Startup Time": 31.391, "Actual Min Total Time": 169.24, "Actual Max Total Time": 356.507, "Actual Rows": 2609128}], "Actual Rows": 2609128}, {"Node Type": "Hash", "Parent Relationship": "Inner", "Startup Cost": 1066844.59, "Total Cost": 1066844.59, "Plan Rows": 3296318, "Plan Width": 8, "Actual Min Startup Time": 2223.69, "Actual Max Startup Time": 2604.099, "Actual Min Total Time": 2223.69, "Actual Max Total Time": 2604.099, "Max Hash Buckets": 262144, "Min Hash Buckets": 262144, "Max Hash Batches": 1, "Min Hash Batches": 1, "Max Original Hash Batches": 1, "Min Original Hash Batches": 1, "Max Peak Memory Usage": 677, "min Peak Memory Usage": 677, "Plans": [{"Node Type": "Streaming(type: LOCAL REDISTRIBUTE dop: 16/16)", "Parent Relationship": "Outer", "Startup Cost": 15012.82, "Total Cost": 1066844.59, "Plan Rows": 3296318, "Plan Width": 8, "Actual Min Startup Time": 1298.314, "Actual Max Startup Time": 1678.876, "Actual Min Total Time": 2218.732, "Actual Max Total Time": 2599.079, "Plans": [{"Node Type": "Hash Join", "Parent Relationship": "Outer", "Join Type": "Inner", "Startup Cost": 15012.82, "Total Cost": 1039354.63, "Plan Rows": 3296318, "Plan Width": 8, "Actual Min Startup Time": 1292.632, "Actual Max Startup Time": 2214.072, "Actual Min Total Time": 1903.719, "Actual Max Total Time": 2214.072, "Inner Unique": true, "Hash Cond": "(ci.role_id = rt.id), (LLVM Optimized, Jit Execute)", "Plans": [{"Node Type": "Index Scan", "Parent Relationship": "Outer", "Scan Direction": "Forward", "Index Name": "role_id_cast_info", "Relation Name": "cast_info", "Alias": "ci", "Startup Cost": 0.0, "Total Cost": 1016601.9, "Plan Rows": 36259494, "Plan Width": 12, "Actual Min Startup Time": 376.541, "Actual Max Startup Time": 600.419, "Actual Min Total Time": 1486.492, "Actual Max Total Time": 1797.301, "Actual Rows": 36244343}, {"Node Type": "Hash", "Parent Relationship": "Inner", "Startup Cost": 15012.81, "Total Cost": 15012.81, "Plan Rows": 16, "Plan Width": 4, "Actual Min Startup Time": 0.01, "Actual Max Startup Time": 120.88, "Actual Min Total Time": 0.01, "Actual Max Total Time": 120.88, "Max Hash Buckets": 32768, "Min Hash Buckets": 32768, "Max Hash Batches": 1, "Min Hash Batches": 1, "Max Original Hash Batches": 1, "Min Original Hash Batches": 1, "Max Peak Memory Usage": 1, "min Peak Memory Usage": 1, "Plans": [{"Node Type": "Streaming(type: BROADCAST dop: 16/1)", "Parent Relationship": "Outer", "Startup Cost": 0.0, "Total Cost": 15012.81, "Plan Rows": 16, "Plan Width": 4, "Actual Min Startup Time": 0.005, "Actual Max Startup Time": 120.864, "Actual Min Total Time": 0.005, "Actual Max Total Time": 120.866, "Plans": [{"Node Type": "Index Scan", "Parent Relationship": "Outer", "Scan Direction": "Forward", "Index Name": "role_type_pkey", "Relation Name": "role_type", "Alias": "rt", "Startup Cost": 0.0, "Total Cost": 12.46, "Plan Rows": 1, "Plan Width": 4, "Actual Min Startup Time": 0.032, "Actual Max Startup Time": 0.032, "Actual Min Total Time": 0.035, "Actual Max Total Time": 0.035, "Filter": "((role)::text = 'costume designer'::text)", "Rows Removed by Filter": 11, "Actual Rows": 1}], "Actual Rows": 16}], "Actual Rows": 16}], "Actual Rows": 276403}], "Actual Rows": 276403}], "Actual Rows": 276403}], "Actual Rows": 794590}], "Actual Rows": 794590}, {"Node Type": "Hash", "Parent Relationship": "Inner", "Startup Cost": 27245.51, "Total Cost": 27245.51, "Plan Rows": 85170, "Plan Width": 4, "Actual Min Startup Time": 181.622, "Actual Max Startup Time": 583.494, "Actual Min Total Time": 181.622, "Actual Max Total Time": 583.494, "Max Hash Buckets": 32768, "Min Hash Buckets": 32768, "Max Hash Batches": 1, "Min Hash Batches": 1, "Max Original Hash Batches": 1, "Min Original Hash Batches": 1, "Max Peak Memory Usage": 182, "min Peak Memory Usage": 182, "Plans": [{"Node Type": "Streaming(type: LOCAL REDISTRIBUTE dop: 16/1)", "Parent Relationship": "Outer", "Startup Cost": 2800.52, "Total Cost": 27245.51, "Plan Rows": 85170, "Plan Width": 4, "Actual Min Startup Time": 0.036, "Actual Max Startup Time": 398.477, "Actual Min Total Time": 179.866, "Actual Max Total Time": 582.044, "Plans": [{"Node Type": "Bitmap Heap Scan", "Parent Relationship": "Outer", "Relation Name": "company_name", "Alias": "cn", "Startup Cost": 2800.52, "Total Cost": 8703.97, "Plan Rows": 85170, "Plan Width": 4, "Actual Min Startup Time": 22.961, "Actual Max Startup Time": 22.961, "Actual Min Total Time": 141.871, "Actual Max Total Time": 141.871, "Filter": "((country_code)::text = '[us]'::text)", "Rows Removed by Filter": 150153, "Exact Heap Blocks": 0, "Lossy Heap Blocks": 0, "Plans": [{"Node Type": "Bitmap Index Scan", "Parent Relationship": "Outer", "Index Name": "company_name_pkey", "Startup Cost": 0.0, "Total Cost": 2779.23, "Plan Rows": 234996, "Plan Width": 0, "Actual Min Startup Time": 22.491, "Actual Max Startup Time": 22.491, "Actual Min Total Time": 22.491, "Actual Max Total Time": 22.491, "Actual Rows": 234996}], "Actual Rows": 84843}], "Actual Rows": 84843}], "Actual Rows": 84843}], "Actual Rows": 285537}], "Actual Rows": 285537}, {"Node Type": "Hash", "Parent Relationship": "Inner", "Startup Cost": 182953.41, "Total Cost": 182953.41, "Plan Rows": 4167490, "Plan Width": 4, "Actual Min Startup Time": 656.912, "Actual Max Startup Time": 859.204, "Actual Min Total Time": 656.912, "Actual Max Total Time": 859.204, "Max Hash Buckets": 262144, "Min Hash Buckets": 262144, "Max Hash Batches": 1, "Min Hash Batches": 1, "Max Original Hash Batches": 1, "Min Original Hash Batches": 1, "Max Peak Memory Usage": 9174, "min Peak Memory Usage": 9174, "Plans": [{"Node Type": "Streaming(type: LOCAL REDISTRIBUTE dop: 16/16)", "Parent Relationship": "Outer", "Startup Cost": 0.0, "Total Cost": 182953.41, "Plan Rows": 4167490, "Plan Width": 4, "Actual Min Startup Time": 0.054, "Actual Max Startup Time": 116.897, "Actual Min Total Time": 565.208, "Actual Max Total Time": 792.454, "Plans": [{"Node Type": "Index Scan", "Parent Relationship": "Outer", "Scan Direction": "Forward", "Index Name": "name_pkey", "Relation Name": "name", "Alias": "n1", "Startup Cost": 0.0, "Total Cost": 152162.53, "Plan Rows": 4167490, "Plan Width": 4, "Actual Min Startup Time": 80.273, "Actual Max Startup Time": 358.823, "Actual Min Total Time": 321.74, "Actual Max Total Time": 646.382, "Actual Rows": 4167490}], "Actual Rows": 4167490}], "Actual Rows": 4167490}], "Actual Rows": 285537}], "Actual Rows": 285537}, {"Node Type": "Hash", "Parent Relationship": "Inner", "Startup Cost": 89020.35, "Total Cost": 89020.35, "Plan Rows": 901342, "Plan Width": 20, "Actual Min Startup Time": 1026.713, "Actual Max Startup Time": 1238.853, "Actual Min Total Time": 1026.713, "Actual Max Total Time": 1238.853, "Max Hash Buckets": 65536, "Min Hash Buckets": 65536, "Max Hash Batches": 1, "Min Hash Batches": 1, "Max Original Hash Batches": 1, "Min Original Hash Batches": 1, "Max Peak Memory Usage": 2981, "min Peak Memory Usage": 2981, "Plans": [{"Node Type": "Streaming(type: LOCAL REDISTRIBUTE dop: 16/1)", "Parent Relationship": "Outer", "Startup Cost": 16632.3, "Total Cost": 89020.35, "Plan Rows": 901342, "Plan Width": 20, "Actual Min Startup Time": 0.031, "Actual Max Startup Time": 212.647, "Actual Min Total Time": 1009.723, "Actual Max Total Time": 1221.782, "Plans": [{"Node Type": "Bitmap Heap Scan", "Parent Relationship": "Outer", "Relation Name": "aka_name", "Alias": "an1", "Startup Cost": 16632.3, "Total Cost": 36540.72, "Plan Rows": 901342, "Plan Width": 20, "Actual Min Startup Time": 84.336, "Actual Max Startup Time": 84.336, "Actual Min Total Time": 468.863, "Actual Max Total Time": 468.863, "Exact Heap Blocks": 0, "Lossy Heap Blocks": 0, "Plans": [{"Node Type": "Bitmap Index Scan", "Parent Relationship": "Outer", "Index Name": "person_id_aka_name", "Startup Cost": 0.0, "Total Cost": 16406.96, "Plan Rows": 901342, "Plan Width": 0, "Actual Min Startup Time": 82.347, "Actual Max Startup Time": 82.347, "Actual Min Total Time": 82.347, "Actual Max Total Time": 82.347, "Actual Rows": 901342}], "Actual Rows": 901342}], "Actual Rows": 901342}], "Actual Rows": 901342}], "Actual Rows": 323005}], "Actual Rows": 323005}, {"Node Type": "Hash", "Parent Relationship": "Inner", "Startup Cost": 125997.5, "Total Cost": 125997.5, "Plan Rows": 2528311, "Plan Width": 21, "Actual Min Startup Time": 610.798, "Actual Max Startup Time": 930.285, "Actual Min Total Time": 610.798, "Actual Max Total Time": 930.285, "Max Hash Buckets": 262144, "Min Hash Buckets": 262144, "Max Hash Batches": 1, "Min Hash Batches": 1, "Max Original Hash Batches": 1, "Min Original Hash Batches": 1, "Max Peak Memory Usage": 8518, "min Peak Memory Usage": 8518, "Plans": [{"Node Type": "Streaming(type: LOCAL REDISTRIBUTE dop: 16/16)", "Parent Relationship": "Outer", "Startup Cost": 0.0, "Total Cost": 125997.5, "Plan Rows": 2528311, "Plan Width": 21, "Actual Min Startup Time": 0.055, "Actual Max Startup Time": 168.413, "Actual Min Total Time": 559.848, "Actual Max Total Time": 881.46, "Plans": [{"Node Type": "Index Scan", "Parent Relationship": "Outer", "Scan Direction": "Forward", "Index Name": "title_pkey", "Relation Name": "title", "Alias": "t", "Startup Cost": 0.0, "Total Cost": 101417.57, "Plan Rows": 2528311, "Plan Width": 21, "Actual Min Startup Time": 0.065, "Actual Max Startup Time": 33.221, "Actual Min Total Time": 258.724, "Actual Max Total Time": 470.218, "Actual Rows": 2528311}], "Actual Rows": 2528311}], "Actual Rows": 2528311}], "Actual Rows": 323005}], "Actual Rows": 16}], "Actual Rows": 16}], "Actual Rows": 1}, "Triggers": [], "Planner Runtime": 184.51, "Total Runtime": 3427.873, "Unique SQL Id": 2457761703}}, "(16, '6')": {"explain_plan": {"Plan": {"Node Type": "Aggregate", "Strategy": "Plain", "Startup Cost": 287566.27, "Total Cost": 287566.3, "Plan Rows": 1, "Plan Width": 97, "Plans": [{"Node Type": "Streaming(type: LOCAL GATHER dop: 1/16)", "Parent Relationship": "Outer", "Startup Cost": 287566.27, "Total Cost": 287566.3, "Plan Rows": 1, "Plan Width": 97, "Plans": [{"Node Type": "Aggregate", "Strategy": "Plain", "Parent Relationship": "Outer", "Startup Cost": 287566.27, "Total Cost": 287566.28, "Plan Rows": 1, "Plan Width": 97, "Plans": [{"Node Type": "Hash Join", "Parent Relationship": "Outer", "Join Type": "Inner", "Startup Cost": 142621.96, "Total Cost": 285780.78, "Plan Rows": 357098, "Plan Width": 33, "Inner Unique": true, "Hash Cond": "(an1.person_id = n1.id), (LLVM Optimized)", "Plans": [{"Node Type": "Streaming(type: LOCAL REDISTRIBUTE dop: 16/16)", "Parent Relationship": "Outer", "Startup Cost": 126464.14, "Total Cost": 269316.07, "Plan Rows": 357098, "Plan Width": 41, "Plans": [{"Node Type": "Hash Join", "Parent Relationship": "Outer", "Join Type": "Inner", "Startup Cost": 126464.14, "Total Cost": 252963.01, "Plan Rows": 357098, "Plan Width": 41, "Inner Unique": true, "Hash Cond": "(ci.movie_id = t.id), (LLVM Optimized)", "Plans": [{"Node Type": "Streaming(type: LOCAL REDISTRIBUTE dop: 16/16)", "Parent Relationship": "Outer", "Startup Cost": 113655.34, "Total Cost": 239847.25, "Plan Rows": 357379, "Plan Width": 32, "Plans": [{"Node Type": "Hash Join", "Parent Relationship": "Outer", "Join Type": "Inner", "Startup Cost": 113655.34, "Total Cost": 223493.12, "Plan Rows": 357379, "Plan Width": 32, "Inner Unique": false, "Hash Cond": "(ci.person_id = an1.person_id), (LLVM Optimized)", "Plans": [{"Node Type": "Streaming(type: LOCAL REDISTRIBUTE dop: 16/16)", "Parent Relationship": "Outer", "Startup Cost": 104286.28, "Total Cost": 212931.86, "Plan Rows": 711018, "Plan Width": 12, "Plans": [{"Node Type": "Hash Join", "Parent Relationship": "Outer", "Join Type": "Inner", "Startup Cost": 104286.28, "Total Cost": 195237.77, "Plan Rows": 711018, "Plan Width": 12, "Inner Unique": false, "Hash Cond": "(ci.movie_id = mc.movie_id), (LLVM Optimized)", "Plans": [{"Node Type": "Streaming(type: LOCAL REDISTRIBUTE dop: 16/16)", "Parent Relationship": "Outer", "Startup Cost": 15001.51, "Total Cost": 102848.74, "Plan Rows": 3296318, "Plan Width": 8, "Plans": [{"Node Type": "Hash Join", "Parent Relationship": "Outer", "Join Type": "Inner", "Startup Cost": 15001.51, "Total Cost": 75358.79, "Plan Rows": 3296318, "Plan Width": 8, "Inner Unique": true, "Hash Cond": "(ci.role_id = rt.id), (LLVM Optimized)", "Plans": [{"Node Type": "Seq Scan", "Parent Relationship": "Outer", "Relation Name": "cast_info", "Alias": "ci", "Startup Cost": 0.0, "Total Cost": 52617.37, "Plan Rows": 36259494, "Plan Width": 12}, {"Node Type": "Hash", "Parent Relationship": "Inner", "Startup Cost": 15001.5, "Total Cost": 15001.5, "Plan Rows": 16, "Plan Width": 4, "Plans": [{"Node Type": "Streaming(type: BROADCAST dop: 16/1)", "Parent Relationship": "Outer", "Startup Cost": 0.0, "Total Cost": 15001.5, "Plan Rows": 16, "Plan Width": 4, "Plans": [{"Node Type": "Seq Scan", "Parent Relationship": "Outer", "Relation Name": "role_type", "Alias": "rt", "Startup Cost": 0.0, "Total Cost": 1.15, "Plan Rows": 1, "Plan Width": 4, "Filter": "((role)::text = 'costume designer'::text)"}]}]}]}]}, {"Node Type": "Hash", "Parent Relationship": "Inner", "Startup Cost": 88282.97, "Total Cost": 88282.97, "Plan Rows": 1282311, "Plan Width": 4, "Plans": [{"Node Type": "Streaming(type: LOCAL REDISTRIBUTE dop: 16/16)", "Parent Relationship": "Outer", "Startup Cost": 24511.53, "Total Cost": 88282.97, "Plan Rows": 1282311, "Plan Width": 4, "Plans": [{"Node Type": "Hash Join", "Parent Relationship": "Outer", "Join Type": "Inner", "Startup Cost": 24511.53, "Total Cost": 68424.21, "Plan Rows": 1282311, "Plan Width": 4, "Inner Unique": true, "Hash Cond": "(mc.company_id = cn.id), (LLVM Optimized)", "Plans": [{"Node Type": "Streaming(type: LOCAL REDISTRIBUTE dop: 16/16)", "Parent Relationship": "Outer", "Startup Cost": 0.0, "Total Cost": 42499.73, "Plan Rows": 2609128, "Plan Width": 8, "Plans": [{"Node Type": "Seq Scan", "Parent Relationship": "Outer", "Relation Name": "movie_companies", "Alias": "mc", "Startup Cost": 0.0, "Total Cost": 17613.58, "Plan Rows": 2609128, "Plan Width": 8}]}, {"Node Type": "Hash", "Parent Relationship": "Inner", "Startup Cost": 24444.99, "Total Cost": 24444.99, "Plan Rows": 85170, "Plan Width": 4, "Plans": [{"Node Type": "Streaming(type: LOCAL REDISTRIBUTE dop: 16/1)", "Parent Relationship": "Outer", "Startup Cost": 0.0, "Total Cost": 24444.99, "Plan Rows": 85170, "Plan Width": 4, "Plans": [{"Node Type": "Seq Scan", "Parent Relationship": "Outer", "Relation Name": "company_name", "Alias": "cn", "Startup Cost": 0.0, "Total Cost": 5903.45, "Plan Rows": 85170, "Plan Width": 4, "Filter": "((country_code)::text = '[us]'::text)"}]}]}]}]}]}]}]}, {"Node Type": "Hash", "Parent Relationship": "Inner", "Startup Cost": 34659.52, "Total Cost": 34659.52, "Plan Rows": 901342, "Plan Width": 20, "Plans": [{"Node Type": "Streaming(type: LOCAL REDISTRIBUTE dop: 16/16)", "Parent Relationship": "Outer", "Startup Cost": 0.0, "Total Cost": 34659.52, "Plan Rows": 901342, "Plan Width": 20, "Plans": [{"Node Type": "Seq Scan", "Parent Relationship": "Outer", "Relation Name": "aka_name", "Alias": "an1", "Startup Cost": 0.0, "Total Cost": 16244.28, "Plan Rows": 901342, "Plan Width": 20}]}]}]}]}, {"Node Type": "Hash", "Parent Relationship": "Inner", "Startup Cost": 43334.25, "Total Cost": 43334.25, "Plan Rows": 2528311, "Plan Width": 21, "Plans": [{"Node Type": "Streaming(type: LOCAL REDISTRIBUTE dop: 16/16)", "Parent Relationship": "Outer", "Startup Cost": 0.0, "Total Cost": 43334.25, "Plan Rows": 2528311, "Plan Width": 21, "Plans": [{"Node Type": "Seq Scan", "Parent Relationship": "Outer", "Relation Name": "title", "Alias": "t", "Startup Cost": 0.0, "Total Cost": 18754.32, "Plan Rows": 2528311, "Plan Width": 21}]}]}]}]}, {"Node Type": "Hash", "Parent Relationship": "Inner", "Startup Cost": 51607.87, "Total Cost": 51607.87, "Plan Rows": 4167490, "Plan Width": 4, "Plans": [{"Node Type": "Streaming(type: LOCAL REDISTRIBUTE dop: 16/16)", "Parent Relationship": "Outer", "Startup Cost": 0.0, "Total Cost": 51607.87, "Plan Rows": 4167490, "Plan Width": 4, "Plans": [{"Node Type": "Seq Scan", "Parent Relationship": "Outer", "Relation Name": "name", "Alias": "n1", "Startup Cost": 0.0, "Total Cost": 20816.99, "Plan Rows": 4167490, "Plan Width": 4}]}]}]}]}]}]}, "Unique SQL Id": 2457761703, "Planner Runtime": 196}, "explain_analyze_plan": {"Plan": {"Node Type": "Aggregate", "Strategy": "Plain", "Startup Cost": 287566.27, "Total Cost": 287566.3, "Plan Rows": 1, "Plan Width": 97, "Actual Min Startup Time": 1429.474, "Actual Max Startup Time": 1429.474, "Actual Min Total Time": 1429.474, "Actual Max Total Time": 1429.474, "Plans": [{"Node Type": "Streaming(type: LOCAL GATHER dop: 1/16)", "Parent Relationship": "Outer", "Startup Cost": 287566.27, "Total Cost": 287566.3, "Plan Rows": 1, "Plan Width": 97, "Actual Min Startup Time": 1428.475, "Actual Max Startup Time": 1428.475, "Actual Min Total Time": 1429.447, "Actual Max Total Time": 1429.447, "Plans": [{"Node Type": "Aggregate", "Strategy": "Plain", "Parent Relationship": "Outer", "Startup Cost": 287566.27, "Total Cost": 287566.28, "Plan Rows": 1, "Plan Width": 97, "Actual Min Startup Time": 1046.427, "Actual Max Startup Time": 1225.524, "Actual Min Total Time": 1046.427, "Actual Max Total Time": 1225.525, "Plans": [{"Node Type": "Hash Join", "Parent Relationship": "Outer", "Join Type": "Inner", "Startup Cost": 142621.96, "Total Cost": 285780.78, "Plan Rows": 357098, "Plan Width": 33, "Actual Min Startup Time": 657.95, "Actual Max Startup Time": 846.411, "Actual Min Total Time": 1031.721, "Actual Max Total Time": 1217.172, "Inner Unique": true, "Hash Cond": "(an1.person_id = n1.id), (LLVM Optimized, Jit Execute)", "Plans": [{"Node Type": "Streaming(type: LOCAL REDISTRIBUTE dop: 16/16)", "Parent Relationship": "Outer", "Startup Cost": 126464.14, "Total Cost": 269316.07, "Plan Rows": 357098, "Plan Width": 41, "Actual Min Startup Time": 138.252, "Actual Max Startup Time": 161.278, "Actual Min Total Time": 500.465, "Actual Max Total Time": 521.157, "Plans": [{"Node Type": "Hash Join", "Parent Relationship": "Outer", "Join Type": "Inner", "Startup Cost": 126464.14, "Total Cost": 252963.01, "Plan Rows": 357098, "Plan Width": 41, "Actual Min Startup Time": 650.282, "Actual Max Startup Time": 827.406, "Actual Min Total Time": 1018.2, "Actual Max Total Time": 1197.69, "Inner Unique": true, "Hash Cond": "(ci.movie_id = t.id), (LLVM Optimized, Jit Execute)", "Plans": [{"Node Type": "Streaming(type: LOCAL REDISTRIBUTE dop: 16/16)", "Parent Relationship": "Outer", "Startup Cost": 113655.34, "Total Cost": 239847.25, "Plan Rows": 357379, "Plan Width": 32, "Actual Min Startup Time": 284.581, "Actual Max Startup Time": 292.563, "Actual Min Total Time": 643.034, "Actual Max Total Time": 653.83, "Plans": [{"Node Type": "Hash Join", "Parent Relationship": "Outer", "Join Type": "Inner", "Startup Cost": 113655.34, "Total Cost": 223493.12, "Plan Rows": 357379, "Plan Width": 32, "Actual Min Startup Time": 656.508, "Actual Max Startup Time": 864.813, "Actual Min Total Time": 976.219, "Actual Max Total Time": 1211.51, "Inner Unique": false, "Hash Cond": "(ci.person_id = an1.person_id), (LLVM Optimized, Jit Execute)", "Plans": [{"Node Type": "Streaming(type: LOCAL REDISTRIBUTE dop: 16/16)", "Parent Relationship": "Outer", "Startup Cost": 104286.28, "Total Cost": 212931.86, "Plan Rows": 711018, "Plan Width": 12, "Actual Min Startup Time": 516.593, "Actual Max Startup Time": 530.476, "Actual Min Total Time": 825.032, "Actual Max Total Time": 876.688, "Plans": [{"Node Type": "Hash Join", "Parent Relationship": "Outer", "Join Type": "Inner", "Startup Cost": 104286.28, "Total Cost": 195237.77, "Plan Rows": 711018, "Plan Width": 12, "Actual Min Startup Time": 655.48, "Actual Max Startup Time": 884.626, "Actual Min Total Time": 967.321, "Actual Max Total Time": 1196.253, "Inner Unique": false, "Hash Cond": "(ci.movie_id = mc.movie_id), (LLVM Optimized, Jit Execute)", "Plans": [{"Node Type": "Streaming(type: LOCAL REDISTRIBUTE dop: 16/16)", "Parent Relationship": "Outer", "Startup Cost": 15001.51, "Total Cost": 102848.74, "Plan Rows": 3296318, "Plan Width": 8, "Actual Min Startup Time": 0.062, "Actual Max Startup Time": 0.846, "Actual Min Total Time": 293.775, "Actual Max Total Time": 312.773, "Plans": [{"Node Type": "Hash Join", "Parent Relationship": "Outer", "Join Type": "Inner", "Startup Cost": 15001.51, "Total Cost": 75358.79, "Plan Rows": 3296318, "Plan Width": 8, "Actual Min Startup Time": 729.862, "Actual Max Startup Time": 782.989, "Actual Min Total Time": 934.617, "Actual Max Total Time": 992.529, "Inner Unique": true, "Hash Cond": "(ci.role_id = rt.id), (LLVM Optimized, Jit Execute)", "Plans": [{"Node Type": "Seq Scan", "Parent Relationship": "Outer", "Relation Name": "cast_info", "Alias": "ci", "Startup Cost": 0.0, "Total Cost": 52617.37, "Plan Rows": 36259494, "Plan Width": 12, "Actual Min Startup Time": 0.029, "Actual Max Startup Time": 0.042, "Actual Min Total Time": 515.441, "Actual Max Total Time": 569.135, "Actual Rows": 36244343}, {"Node Type": "Hash", "Parent Relationship": "Inner", "Startup Cost": 15001.5, "Total Cost": 15001.5, "Plan Rows": 16, "Plan Width": 4, "Actual Min Startup Time": 0.012, "Actual Max Startup Time": 11.903, "Actual Min Total Time": 0.012, "Actual Max Total Time": 11.903, "Max Hash Buckets": 32768, "Min Hash Buckets": 32768, "Max Hash Batches": 1, "Min Hash Batches": 1, "Max Original Hash Batches": 1, "Min Original Hash Batches": 1, "Max Peak Memory Usage": 1, "min Peak Memory Usage": 1, "Plans": [{"Node Type": "Streaming(type: BROADCAST dop: 16/1)", "Parent Relationship": "Outer", "Startup Cost": 0.0, "Total Cost": 15001.5, "Plan Rows": 16, "Plan Width": 4, "Actual Min Startup Time": 0.004, "Actual Max Startup Time": 11.888, "Actual Min Total Time": 0.004, "Actual Max Total Time": 11.889, "Plans": [{"Node Type": "Seq Scan", "Parent Relationship": "Outer", "Relation Name": "role_type", "Alias": "rt", "Startup Cost": 0.0, "Total Cost": 1.15, "Plan Rows": 1, "Plan Width": 4, "Actual Min Startup Time": 0.025, "Actual Max Startup Time": 0.025, "Actual Min Total Time": 0.027, "Actual Max Total Time": 0.027, "Filter": "((role)::text = 'costume designer'::text)", "Rows Removed by Filter": 11, "Actual Rows": 1}], "Actual Rows": 16}], "Actual Rows": 16}], "Actual Rows": 276403}], "Actual Rows": 276403}, {"Node Type": "Hash", "Parent Relationship": "Inner", "Startup Cost": 88282.97, "Total Cost": 88282.97, "Plan Rows": 1282311, "Plan Width": 4, "Actual Min Startup Time": 655.204, "Actual Max Startup Time": 884.113, "Actual Min Total Time": 655.204, "Actual Max Total Time": 884.113, "Max Hash Buckets": 131072, "Min Hash Buckets": 131072, "Max Hash Batches": 1, "Min Hash Batches": 1, "Max Original Hash Batches": 1, "Min Original Hash Batches": 1, "Max Peak Memory Usage": 2542, "min Peak Memory Usage": 2542, "Plans": [{"Node Type": "Streaming(type: LOCAL REDISTRIBUTE dop: 16/16)", "Parent Relationship": "Outer", "Startup Cost": 24511.53, "Total Cost": 88282.97, "Plan Rows": 1282311, "Plan Width": 4, "Actual Min Startup Time": 186.112, "Actual Max Startup Time": 414.758, "Actual Min Total Time": 627.769, "Actual Max Total Time": 863.493, "Plans": [{"Node Type": "Hash Join", "Parent Relationship": "Outer", "Join Type": "Inner", "Startup Cost": 24511.53, "Total Cost": 68424.21, "Plan Rows": 1282311, "Plan Width": 4, "Actual Min Startup Time": 176.757, "Actual Max Startup Time": 400.58, "Actual Min Total Time": 517.522, "Actual Max Total Time": 794.956, "Inner Unique": true, "Hash Cond": "(mc.company_id = cn.id), (LLVM Optimized, Jit Execute)", "Plans": [{"Node Type": "Streaming(type: LOCAL REDISTRIBUTE dop: 16/16)", "Parent Relationship": "Outer", "Startup Cost": 0.0, "Total Cost": 42499.73, "Plan Rows": 2609128, "Plan Width": 8, "Actual Min Startup Time": 0.062, "Actual Max Startup Time": 1.791, "Actual Min Total Time": 265.249, "Actual Max Total Time": 357.061, "Plans": [{"Node Type": "Seq Scan", "Parent Relationship": "Outer", "Relation Name": "movie_companies", "Alias": "mc", "Startup Cost": 0.0, "Total Cost": 17613.58, "Plan Rows": 2609128, "Plan Width": 8, "Actual Min Startup Time": 0.026, "Actual Max Startup Time": 0.044, "Actual Min Total Time": 42.83, "Actual Max Total Time": 51.451, "Actual Rows": 2609128}], "Actual Rows": 2609128}, {"Node Type": "Hash", "Parent Relationship": "Inner", "Startup Cost": 24444.99, "Total Cost": 24444.99, "Plan Rows": 85170, "Plan Width": 4, "Actual Min Startup Time": 176.63, "Actual Max Startup Time": 399.346, "Actual Min Total Time": 176.63, "Actual Max Total Time": 399.346, "Max Hash Buckets": 32768, "Min Hash Buckets": 32768, "Max Hash Batches": 1, "Min Hash Batches": 1, "Max Original Hash Batches": 1, "Min Original Hash Batches": 1, "Max Peak Memory Usage": 182, "min Peak Memory Usage": 182, "Plans": [{"Node Type": "Streaming(type: LOCAL REDISTRIBUTE dop: 16/1)", "Parent Relationship": "Outer", "Startup Cost": 0.0, "Total Cost": 24444.99, "Plan Rows": 85170, "Plan Width": 4, "Actual Min Startup Time": 0.035, "Actual Max Startup Time": 218.603, "Actual Min Total Time": 174.868, "Actual Max Total Time": 397.632, "Plans": [{"Node Type": "Seq Scan", "Parent Relationship": "Outer", "Relation Name": "company_name", "Alias": "cn", "Startup Cost": 0.0, "Total Cost": 5903.45, "Plan Rows": 85170, "Plan Width": 4, "Actual Min Startup Time": 0.038, "Actual Max Startup Time": 0.038, "Actual Min Total Time": 94.596, "Actual Max Total Time": 94.596, "Filter": "((country_code)::text = '[us]'::text)", "Rows Removed by Filter": 150153, "Actual Rows": 84843}], "Actual Rows": 84843}], "Actual Rows": 84843}], "Actual Rows": 1153797}], "Actual Rows": 1153797}], "Actual Rows": 1153797}], "Actual Rows": 285537}], "Actual Rows": 285537}, {"Node Type": "Hash", "Parent Relationship": "Inner", "Startup Cost": 34659.52, "Total Cost": 34659.52, "Plan Rows": 901342, "Plan Width": 20, "Actual Min Startup Time": 129.879, "Actual Max Startup Time": 348.156, "Actual Min Total Time": 129.879, "Actual Max Total Time": 348.156, "Max Hash Buckets": 65536, "Min Hash Buckets": 65536, "Max Hash Batches": 1, "Min Hash Batches": 1, "Max Original Hash Batches": 1, "Min Original Hash Batches": 1, "Max Peak Memory Usage": 2981, "min Peak Memory Usage": 2981, "Plans": [{"Node Type": "Streaming(type: LOCAL REDISTRIBUTE dop: 16/16)", "Parent Relationship": "Outer", "Startup Cost": 0.0, "Total Cost": 34659.52, "Plan Rows": 901342, "Plan Width": 20, "Actual Min Startup Time": 0.048, "Actual Max Startup Time": 211.292, "Actual Min Total Time": 113.469, "Actual Max Total Time": 331.199, "Plans": [{"Node Type": "Seq Scan", "Parent Relationship": "Outer", "Relation Name": "aka_name", "Alias": "an1", "Startup Cost": 0.0, "Total Cost": 16244.28, "Plan Rows": 901342, "Plan Width": 20, "Actual Min Startup Time": 0.02, "Actual Max Startup Time": 0.037, "Actual Min Total Time": 16.899, "Actual Max Total Time": 20.777, "Actual Rows": 901342}], "Actual Rows": 901342}], "Actual Rows": 901342}], "Actual Rows": 323005}], "Actual Rows": 323005}, {"Node Type": "Hash", "Parent Relationship": "Inner", "Startup Cost": 43334.25, "Total Cost": 43334.25, "Plan Rows": 2528311, "Plan Width": 21, "Actual Min Startup Time": 361.928, "Actual Max Startup Time": 536.694, "Actual Min Total Time": 361.928, "Actual Max Total Time": 536.694, "Max Hash Buckets": 262144, "Min Hash Buckets": 262144, "Max Hash Batches": 1, "Min Hash Batches": 1, "Max Original Hash Batches": 1, "Min Original Hash Batches": 1, "Max Peak Memory Usage": 8518, "min Peak Memory Usage": 8518, "Plans": [{"Node Type": "Streaming(type: LOCAL REDISTRIBUTE dop: 16/16)", "Parent Relationship": "Outer", "Startup Cost": 0.0, "Total Cost": 43334.25, "Plan Rows": 2528311, "Plan Width": 21, "Actual Min Startup Time": 0.052, "Actual Max Startup Time": 29.929, "Actual Min Total Time": 291.244, "Actual Max Total Time": 484.112, "Plans": [{"Node Type": "Seq Scan", "Parent Relationship": "Outer", "Relation Name": "title", "Alias": "t", "Startup Cost": 0.0, "Total Cost": 18754.32, "Plan Rows": 2528311, "Plan Width": 21, "Actual Min Startup Time": 0.018, "Actual Max Startup Time": 0.034, "Actual Min Total Time": 48.948, "Actual Max Total Time": 58.428, "Actual Rows": 2528311}], "Actual Rows": 2528311}], "Actual Rows": 2528311}], "Actual Rows": 323005}], "Actual Rows": 323005}, {"Node Type": "Hash", "Parent Relationship": "Inner", "Startup Cost": 51607.87, "Total Cost": 51607.87, "Plan Rows": 4167490, "Plan Width": 4, "Actual Min Startup Time": 514.494, "Actual Max Startup Time": 693.507, "Actual Min Total Time": 514.494, "Actual Max Total Time": 693.507, "Max Hash Buckets": 262144, "Min Hash Buckets": 262144, "Max Hash Batches": 1, "Min Hash Batches": 1, "Max Original Hash Batches": 1, "Min Original Hash Batches": 1, "Max Peak Memory Usage": 9174, "min Peak Memory Usage": 9174, "Plans": [{"Node Type": "Streaming(type: LOCAL REDISTRIBUTE dop: 16/16)", "Parent Relationship": "Outer", "Startup Cost": 0.0, "Total Cost": 51607.87, "Plan Rows": 4167490, "Plan Width": 4, "Actual Min Startup Time": 0.053, "Actual Max Startup Time": 140.533, "Actual Min Total Time": 409.113, "Actual Max Total Time": 612.992, "Plans": [{"Node Type": "Seq Scan", "Parent Relationship": "Outer", "Relation Name": "name", "Alias": "n1", "Startup Cost": 0.0, "Total Cost": 20816.99, "Plan Rows": 4167490, "Plan Width": 4, "Actual Min Startup Time": 0.017, "Actual Max Startup Time": 0.034, "Actual Min Total Time": 74.859, "Actual Max Total Time": 86.06, "Actual Rows": 4167490}], "Actual Rows": 4167490}], "Actual Rows": 4167490}], "Actual Rows": 323005}], "Actual Rows": 16}], "Actual Rows": 16}], "Actual Rows": 1}, "Triggers": [], "Planner Runtime": 195.615, "Total Runtime": 1475.961, "Unique SQL Id": 2457761703}}, "(16, '7')": {"explain_plan": {"Plan": {"Node Type": "Aggregate", "Strategy": "Plain", "Startup Cost": 1013578.73, "Total Cost": 1013578.74, "Plan Rows": 1, "Plan Width": 97, "Plans": [{"Node Type": "Hash Join", "Parent Relationship": "Outer", "Join Type": "Inner", "Startup Cost": 985285.55, "Total Cost": 1011793.24, "Plan Rows": 357098, "Plan Width": 33, "Inner Unique": false, "Hash Cond": "(an1.person_id = n1.id), (LLVM Optimized)", "Plans": [{"Node Type": "Bitmap Heap Scan", "Parent Relationship": "Outer", "Relation Name": "aka_name", "Alias": "an1", "Startup Cost": 16632.3, "Total Cost": 36540.72, "Plan Rows": 901342, "Plan Width": 20, "Plans": [{"Node Type": "Bitmap Index Scan", "Parent Relationship": "Outer", "Index Name": "person_id_aka_name", "Startup Cost": 0.0, "Total Cost": 16406.96, "Plan Rows": 901342, "Plan Width": 0}]}, {"Node Type": "Hash", "Parent Relationship": "Inner", "Startup Cost": 959772.51, "Total Cost": 959772.51, "Plan Rows": 710459, "Plan Width": 25, "Plans": [{"Node Type": "Hash Join", "Parent Relationship": "Outer", "Join Type": "Inner", "Startup Cost": 607483.06, "Total Cost": 959772.51, "Plan Rows": 710459, "Plan Width": 25, "Inner Unique": true, "Hash Cond": "(ci.person_id = n1.id), (LLVM Optimized)", "Plans": [{"Node Type": "Hash Join", "Parent Relationship": "Outer", "Join Type": "Inner", "Startup Cost": 378117.96, "Total Cost": 720638.61, "Plan Rows": 710459, "Plan Width": 21, "Inner Unique": false, "Hash Cond": "(ci.movie_id = t.id), (LLVM Optimized)", "Plans": [{"Node Type": "Nested Loop", "Parent Relationship": "Outer", "Join Type": "Inner", "Startup Cost": 76315.02, "Total Cost": 389769.33, "Plan Rows": 3296318, "Plan Width": 8, "Inner Unique": false, "Plans": [{"Node Type": "Bitmap Heap Scan", "Parent Relationship": "Outer", "Relation Name": "role_type", "Alias": "rt", "Startup Cost": 8.31, "Total Cost": 12.46, "Plan Rows": 1, "Plan Width": 4, "Filter": "((role)::text = 'costume designer'::text)", "Plans": [{"Node Type": "Bitmap Index Scan", "Parent Relationship": "Outer", "Index Name": "role_type_pkey", "Startup Cost": 0.0, "Total Cost": 8.31, "Plan Rows": 12, "Plan Width": 0}]}, {"Node Type": "Bitmap Heap Scan", "Parent Relationship": "Inner", "Relation Name": "cast_info", "Alias": "ci", "Startup Cost": 76306.71, "Total Cost": 356793.69, "Plan Rows": 3296318, "Plan Width": 12, "Recheck Cond": "(role_id = rt.id), (LLVM Optimized)", "Plans": [{"Node Type": "Bitmap Index Scan", "Parent Relationship": "Outer", "Index Name": "role_id_cast_info", "Startup Cost": 0.0, "Total Cost": 75482.63, "Plan Rows": 3296318, "Plan Width": 0, "Index Cond": "(role_id = rt.id)"}]}]}, {"Node Type": "Hash", "Parent Relationship": "Inner", "Startup Cost": 285774.05, "Total Cost": 285774.05, "Plan Rows": 1282311, "Plan Width": 25, "Plans": [{"Node Type": "Hash Join", "Parent Relationship": "Outer", "Join Type": "Inner", "Startup Cost": 203717.65, "Total Cost": 285774.05, "Plan Rows": 1282311, "Plan Width": 25, "Inner Unique": true, "Hash Cond": "(mc.movie_id = t.id), (LLVM Optimized)", "Plans": [{"Node Type": "Hash Join", "Parent Relationship": "Outer", "Join Type": "Inner", "Startup Cost": 61758.77, "Total Cost": 126183.39, "Plan Rows": 1282311, "Plan Width": 4, "Inner Unique": true, "Hash Cond": "(mc.company_id = cn.id), (LLVM Optimized)", "Plans": [{"Node Type": "Bitmap Heap Scan", "Parent Relationship": "Outer", "Relation Name": "movie_companies", "Alias": "mc", "Startup Cost": 51990.17, "Total Cost": 93807.45, "Plan Rows": 2609128, "Plan Width": 8, "Plans": [{"Node Type": "Bitmap Index Scan", "Parent Relationship": "Outer", "Index Name": "movie_id_movie_companies", "Startup Cost": 0.0, "Total Cost": 51337.89, "Plan Rows": 2609128, "Plan Width": 0}]}, {"Node Type": "Hash", "Parent Relationship": "Inner", "Startup Cost": 8703.97, "Total Cost": 8703.97, "Plan Rows": 85170, "Plan Width": 4, "Plans": [{"Node Type": "Bitmap Heap Scan", "Parent Relationship": "Outer", "Relation Name": "company_name", "Alias": "cn", "Startup Cost": 2800.52, "Total Cost": 8703.97, "Plan Rows": 85170, "Plan Width": 4, "Filter": "((country_code)::text = '[us]'::text)", "Plans": [{"Node Type": "Bitmap Index Scan", "Parent Relationship": "Outer", "Index Name": "company_name_pkey", "Startup Cost": 0.0, "Total Cost": 2779.23, "Plan Rows": 234996, "Plan Width": 0}]}]}]}, {"Node Type": "Hash", "Parent Relationship": "Inner", "Startup Cost": 110354.99, "Total Cost": 110354.99, "Plan Rows": 2528311, "Plan Width": 21, "Plans": [{"Node Type": "Bitmap Heap Scan", "Parent Relationship": "Outer", "Relation Name": "title", "Alias": "t", "Startup Cost": 50285.88, "Total Cost": 110354.99, "Plan Rows": 2528311, "Plan Width": 21, "Plans": [{"Node Type": "Bitmap Index Scan", "Parent Relationship": "Outer", "Index Name": "title_pkey", "Startup Cost": 0.0, "Total Cost": 49653.81, "Plan Rows": 2528311, "Plan Width": 0}]}]}]}]}]}, {"Node Type": "Hash", "Parent Relationship": "Inner", "Startup Cost": 177271.47, "Total Cost": 177271.47, "Plan Rows": 4167490, "Plan Width": 4, "Plans": [{"Node Type": "Bitmap Heap Scan", "Parent Relationship": "Outer", "Relation Name": "name", "Alias": "n1", "Startup Cost": 84199.57, "Total Cost": 177271.47, "Plan Rows": 4167490, "Plan Width": 4, "Plans": [{"Node Type": "Bitmap Index Scan", "Parent Relationship": "Outer", "Index Name": "name_pkey", "Startup Cost": 0.0, "Total Cost": 83157.7, "Plan Rows": 4167490, "Plan Width": 0}]}]}]}]}]}]}, "Unique SQL Id": 2457761703, "Planner Runtime": 72}, "explain_analyze_plan": null}, "(16, '8')": {"explain_plan": {"Plan": {"Node Type": "Aggregate", "Strategy": "Plain", "Startup Cost": 287566.27, "Total Cost": 287566.3, "Plan Rows": 1, "Plan Width": 97, "Plans": [{"Node Type": "Streaming(type: LOCAL GATHER dop: 1/16)", "Parent Relationship": "Outer", "Startup Cost": 287566.27, "Total Cost": 287566.3, "Plan Rows": 1, "Plan Width": 97, "Plans": [{"Node Type": "Aggregate", "Strategy": "Plain", "Parent Relationship": "Outer", "Startup Cost": 287566.27, "Total Cost": 287566.28, "Plan Rows": 1, "Plan Width": 97, "Plans": [{"Node Type": "Hash Join", "Parent Relationship": "Outer", "Join Type": "Inner", "Startup Cost": 142621.96, "Total Cost": 285780.78, "Plan Rows": 357098, "Plan Width": 33, "Inner Unique": true, "Hash Cond": "(an1.person_id = n1.id), (LLVM Optimized)", "Plans": [{"Node Type": "Streaming(type: LOCAL REDISTRIBUTE dop: 16/16)", "Parent Relationship": "Outer", "Startup Cost": 126464.14, "Total Cost": 269316.07, "Plan Rows": 357098, "Plan Width": 41, "Plans": [{"Node Type": "Hash Join", "Parent Relationship": "Outer", "Join Type": "Inner", "Startup Cost": 126464.14, "Total Cost": 252963.01, "Plan Rows": 357098, "Plan Width": 41, "Inner Unique": true, "Hash Cond": "(ci.movie_id = t.id), (LLVM Optimized)", "Plans": [{"Node Type": "Streaming(type: LOCAL REDISTRIBUTE dop: 16/16)", "Parent Relationship": "Outer", "Startup Cost": 113655.34, "Total Cost": 239847.25, "Plan Rows": 357379, "Plan Width": 32, "Plans": [{"Node Type": "Hash Join", "Parent Relationship": "Outer", "Join Type": "Inner", "Startup Cost": 113655.34, "Total Cost": 223493.12, "Plan Rows": 357379, "Plan Width": 32, "Inner Unique": false, "Hash Cond": "(ci.person_id = an1.person_id), (LLVM Optimized)", "Plans": [{"Node Type": "Streaming(type: LOCAL REDISTRIBUTE dop: 16/16)", "Parent Relationship": "Outer", "Startup Cost": 104286.28, "Total Cost": 212931.86, "Plan Rows": 711018, "Plan Width": 12, "Plans": [{"Node Type": "Hash Join", "Parent Relationship": "Outer", "Join Type": "Inner", "Startup Cost": 104286.28, "Total Cost": 195237.77, "Plan Rows": 711018, "Plan Width": 12, "Inner Unique": false, "Hash Cond": "(ci.movie_id = mc.movie_id), (LLVM Optimized)", "Plans": [{"Node Type": "Streaming(type: LOCAL REDISTRIBUTE dop: 16/16)", "Parent Relationship": "Outer", "Startup Cost": 15001.51, "Total Cost": 102848.74, "Plan Rows": 3296318, "Plan Width": 8, "Plans": [{"Node Type": "Hash Join", "Parent Relationship": "Outer", "Join Type": "Inner", "Startup Cost": 15001.51, "Total Cost": 75358.79, "Plan Rows": 3296318, "Plan Width": 8, "Inner Unique": true, "Hash Cond": "(ci.role_id = rt.id), (LLVM Optimized)", "Plans": [{"Node Type": "Seq Scan", "Parent Relationship": "Outer", "Relation Name": "cast_info", "Alias": "ci", "Startup Cost": 0.0, "Total Cost": 52617.37, "Plan Rows": 36259494, "Plan Width": 12}, {"Node Type": "Hash", "Parent Relationship": "Inner", "Startup Cost": 15001.5, "Total Cost": 15001.5, "Plan Rows": 16, "Plan Width": 4, "Plans": [{"Node Type": "Streaming(type: BROADCAST dop: 16/1)", "Parent Relationship": "Outer", "Startup Cost": 0.0, "Total Cost": 15001.5, "Plan Rows": 16, "Plan Width": 4, "Plans": [{"Node Type": "Seq Scan", "Parent Relationship": "Outer", "Relation Name": "role_type", "Alias": "rt", "Startup Cost": 0.0, "Total Cost": 1.15, "Plan Rows": 1, "Plan Width": 4, "Filter": "((role)::text = 'costume designer'::text)"}]}]}]}]}, {"Node Type": "Hash", "Parent Relationship": "Inner", "Startup Cost": 88282.97, "Total Cost": 88282.97, "Plan Rows": 1282311, "Plan Width": 4, "Plans": [{"Node Type": "Streaming(type: LOCAL REDISTRIBUTE dop: 16/16)", "Parent Relationship": "Outer", "Startup Cost": 24511.53, "Total Cost": 88282.97, "Plan Rows": 1282311, "Plan Width": 4, "Plans": [{"Node Type": "Hash Join", "Parent Relationship": "Outer", "Join Type": "Inner", "Startup Cost": 24511.53, "Total Cost": 68424.21, "Plan Rows": 1282311, "Plan Width": 4, "Inner Unique": true, "Hash Cond": "(mc.company_id = cn.id), (LLVM Optimized)", "Plans": [{"Node Type": "Streaming(type: LOCAL REDISTRIBUTE dop: 16/16)", "Parent Relationship": "Outer", "Startup Cost": 0.0, "Total Cost": 42499.73, "Plan Rows": 2609128, "Plan Width": 8, "Plans": [{"Node Type": "Seq Scan", "Parent Relationship": "Outer", "Relation Name": "movie_companies", "Alias": "mc", "Startup Cost": 0.0, "Total Cost": 17613.58, "Plan Rows": 2609128, "Plan Width": 8}]}, {"Node Type": "Hash", "Parent Relationship": "Inner", "Startup Cost": 24444.99, "Total Cost": 24444.99, "Plan Rows": 85170, "Plan Width": 4, "Plans": [{"Node Type": "Streaming(type: LOCAL REDISTRIBUTE dop: 16/1)", "Parent Relationship": "Outer", "Startup Cost": 0.0, "Total Cost": 24444.99, "Plan Rows": 85170, "Plan Width": 4, "Plans": [{"Node Type": "Seq Scan", "Parent Relationship": "Outer", "Relation Name": "company_name", "Alias": "cn", "Startup Cost": 0.0, "Total Cost": 5903.45, "Plan Rows": 85170, "Plan Width": 4, "Filter": "((country_code)::text = '[us]'::text)"}]}]}]}]}]}]}]}, {"Node Type": "Hash", "Parent Relationship": "Inner", "Startup Cost": 34659.52, "Total Cost": 34659.52, "Plan Rows": 901342, "Plan Width": 20, "Plans": [{"Node Type": "Streaming(type: LOCAL REDISTRIBUTE dop: 16/16)", "Parent Relationship": "Outer", "Startup Cost": 0.0, "Total Cost": 34659.52, "Plan Rows": 901342, "Plan Width": 20, "Plans": [{"Node Type": "Seq Scan", "Parent Relationship": "Outer", "Relation Name": "aka_name", "Alias": "an1", "Startup Cost": 0.0, "Total Cost": 16244.28, "Plan Rows": 901342, "Plan Width": 20}]}]}]}]}, {"Node Type": "Hash", "Parent Relationship": "Inner", "Startup Cost": 43334.25, "Total Cost": 43334.25, "Plan Rows": 2528311, "Plan Width": 21, "Plans": [{"Node Type": "Streaming(type: LOCAL REDISTRIBUTE dop: 16/16)", "Parent Relationship": "Outer", "Startup Cost": 0.0, "Total Cost": 43334.25, "Plan Rows": 2528311, "Plan Width": 21, "Plans": [{"Node Type": "Seq Scan", "Parent Relationship": "Outer", "Relation Name": "title", "Alias": "t", "Startup Cost": 0.0, "Total Cost": 18754.32, "Plan Rows": 2528311, "Plan Width": 21}]}]}]}]}, {"Node Type": "Hash", "Parent Relationship": "Inner", "Startup Cost": 51607.87, "Total Cost": 51607.87, "Plan Rows": 4167490, "Plan Width": 4, "Plans": [{"Node Type": "Streaming(type: LOCAL REDISTRIBUTE dop: 16/16)", "Parent Relationship": "Outer", "Startup Cost": 0.0, "Total Cost": 51607.87, "Plan Rows": 4167490, "Plan Width": 4, "Plans": [{"Node Type": "Index Only Scan", "Parent Relationship": "Outer", "Scan Direction": "Forward", "Index Name": "name_pkey", "Relation Name": "name", "Alias": "n1", "Startup Cost": 0.0, "Total Cost": 20816.99, "Plan Rows": 4167490, "Plan Width": 4}]}]}]}]}]}]}, "Unique SQL Id": 2457761703, "Planner Runtime": 205}, "explain_analyze_plan": {"Plan": {"Node Type": "Aggregate", "Strategy": "Plain", "Startup Cost": 287566.27, "Total Cost": 287566.3, "Plan Rows": 1, "Plan Width": 97, "Actual Min Startup Time": 1479.917, "Actual Max Startup Time": 1479.917, "Actual Min Total Time": 1479.917, "Actual Max Total Time": 1479.917, "Plans": [{"Node Type": "Streaming(type: LOCAL GATHER dop: 1/16)", "Parent Relationship": "Outer", "Startup Cost": 287566.27, "Total Cost": 287566.3, "Plan Rows": 1, "Plan Width": 97, "Actual Min Startup Time": 1479.144, "Actual Max Startup Time": 1479.144, "Actual Min Total Time": 1479.763, "Actual Max Total Time": 1479.763, "Plans": [{"Node Type": "Aggregate", "Strategy": "Plain", "Parent Relationship": "Outer", "Startup Cost": 287566.27, "Total Cost": 287566.28, "Plan Rows": 1, "Plan Width": 97, "Actual Min Startup Time": 1070.011, "Actual Max Startup Time": 1210.474, "Actual Min Total Time": 1070.011, "Actual Max Total Time": 1210.474, "Plans": [{"Node Type": "Hash Join", "Parent Relationship": "Outer", "Join Type": "Inner", "Startup Cost": 142621.96, "Total Cost": 285780.78, "Plan Rows": 357098, "Plan Width": 33, "Actual Min Startup Time": 659.377, "Actual Max Startup Time": 809.262, "Actual Min Total Time": 1055.617, "Actual Max Total Time": 1202.355, "Inner Unique": true, "Hash Cond": "(an1.person_id = n1.id), (LLVM Optimized, Jit Execute)", "Plans": [{"Node Type": "Streaming(type: LOCAL REDISTRIBUTE dop: 16/16)", "Parent Relationship": "Outer", "Startup Cost": 126464.14, "Total Cost": 269316.07, "Plan Rows": 357098, "Plan Width": 41, "Actual Min Startup Time": 106.404, "Actual Max Startup Time": 156.085, "Actual Min Total Time": 492.291, "Actual Max Total Time": 511.778, "Plans": [{"Node Type": "Hash Join", "Parent Relationship": "Outer", "Join Type": "Inner", "Startup Cost": 126464.14, "Total Cost": 252963.01, "Plan Rows": 357098, "Plan Width": 41, "Actual Min Startup Time": 655.53, "Actual Max Startup Time": 866.134, "Actual Min Total Time": 1047.996, "Actual Max Total Time": 1260.405, "Inner Unique": true, "Hash Cond": "(ci.movie_id = t.id), (LLVM Optimized, Jit Execute)", "Plans": [{"Node Type": "Streaming(type: LOCAL REDISTRIBUTE dop: 16/16)", "Parent Relationship": "Outer", "Startup Cost": 113655.34, "Total Cost": 239847.25, "Plan Rows": 357379, "Plan Width": 32, "Actual Min Startup Time": 320.575, "Actual Max Startup Time": 329.173, "Actual Min Total Time": 703.466, "Actual Max Total Time": 711.791, "Plans": [{"Node Type": "Hash Join", "Parent Relationship": "Outer", "Join Type": "Inner", "Startup Cost": 113655.34, "Total Cost": 223493.12, "Plan Rows": 357379, "Plan Width": 32, "Actual Min Startup Time": 654.294, "Actual Max Startup Time": 872.751, "Actual Min Total Time": 1022.835, "Actual Max Total Time": 1254.696, "Inner Unique": false, "Hash Cond": "(ci.person_id = an1.person_id), (LLVM Optimized, Jit Execute)", "Plans": [{"Node Type": "Streaming(type: LOCAL REDISTRIBUTE dop: 16/16)", "Parent Relationship": "Outer", "Startup Cost": 104286.28, "Total Cost": 212931.86, "Plan Rows": 711018, "Plan Width": 12, "Actual Min Startup Time": 529.847, "Actual Max Startup Time": 547.87, "Actual Min Total Time": 863.586, "Actual Max Total Time": 916.14, "Plans": [{"Node Type": "Hash Join", "Parent Relationship": "Outer", "Join Type": "Inner", "Startup Cost": 104286.28, "Total Cost": 195237.77, "Plan Rows": 711018, "Plan Width": 12, "Actual Min Startup Time": 650.524, "Actual Max Startup Time": 857.724, "Actual Min Total Time": 981.549, "Actual Max Total Time": 1199.694, "Inner Unique": false, "Hash Cond": "(ci.movie_id = mc.movie_id), (LLVM Optimized, Jit Execute)", "Plans": [{"Node Type": "Streaming(type: LOCAL REDISTRIBUTE dop: 16/16)", "Parent Relationship": "Outer", "Startup Cost": 15001.51, "Total Cost": 102848.74, "Plan Rows": 3296318, "Plan Width": 8, "Actual Min Startup Time": 0.07, "Actual Max Startup Time": 1.21, "Actual Min Total Time": 317.533, "Actual Max Total Time": 345.072, "Plans": [{"Node Type": "Hash Join", "Parent Relationship": "Outer", "Join Type": "Inner", "Startup Cost": 15001.51, "Total Cost": 75358.79, "Plan Rows": 3296318, "Plan Width": 8, "Actual Min Startup Time": 734.465, "Actual Max Startup Time": 848.7, "Actual Min Total Time": 938.828, "Actual Max Total Time": 1064.305, "Inner Unique": true, "Hash Cond": "(ci.role_id = rt.id), (LLVM Optimized, Jit Execute)", "Plans": [{"Node Type": "Seq Scan", "Parent Relationship": "Outer", "Relation Name": "cast_info", "Alias": "ci", "Startup Cost": 0.0, "Total Cost": 52617.37, "Plan Rows": 36259494, "Plan Width": 12, "Actual Min Startup Time": 0.032, "Actual Max Startup Time": 0.041, "Actual Min Total Time": 516.688, "Actual Max Total Time": 568.935, "Actual Rows": 36244343}, {"Node Type": "Hash", "Parent Relationship": "Inner", "Startup Cost": 15001.5, "Total Cost": 15001.5, "Plan Rows": 16, "Plan Width": 4, "Actual Min Startup Time": 0.011, "Actual Max Startup Time": 71.285, "Actual Min Total Time": 0.011, "Actual Max Total Time": 71.285, "Max Hash Buckets": 32768, "Min Hash Buckets": 32768, "Max Hash Batches": 1, "Min Hash Batches": 1, "Max Original Hash Batches": 1, "Min Original Hash Batches": 1, "Max Peak Memory Usage": 1, "min Peak Memory Usage": 1, "Plans": [{"Node Type": "Streaming(type: BROADCAST dop: 16/1)", "Parent Relationship": "Outer", "Startup Cost": 0.0, "Total Cost": 15001.5, "Plan Rows": 16, "Plan Width": 4, "Actual Min Startup Time": 0.004, "Actual Max Startup Time": 71.257, "Actual Min Total Time": 0.004, "Actual Max Total Time": 71.258, "Plans": [{"Node Type": "Seq Scan", "Parent Relationship": "Outer", "Relation Name": "role_type", "Alias": "rt", "Startup Cost": 0.0, "Total Cost": 1.15, "Plan Rows": 1, "Plan Width": 4, "Actual Min Startup Time": 0.035, "Actual Max Startup Time": 0.035, "Actual Min Total Time": 0.038, "Actual Max Total Time": 0.038, "Filter": "((role)::text = 'costume designer'::text)", "Rows Removed by Filter": 11, "Actual Rows": 1}], "Actual Rows": 16}], "Actual Rows": 16}], "Actual Rows": 276403}], "Actual Rows": 276403}, {"Node Type": "Hash", "Parent Relationship": "Inner", "Startup Cost": 88282.97, "Total Cost": 88282.97, "Plan Rows": 1282311, "Plan Width": 4, "Actual Min Startup Time": 650.225, "Actual Max Startup Time": 856.754, "Actual Min Total Time": 650.225, "Actual Max Total Time": 856.754, "Max Hash Buckets": 131072, "Min Hash Buckets": 131072, "Max Hash Batches": 1, "Min Hash Batches": 1, "Max Original Hash Batches": 1, "Min Original Hash Batches": 1, "Max Peak Memory Usage": 2542, "min Peak Memory Usage": 2542, "Plans": [{"Node Type": "Streaming(type: LOCAL REDISTRIBUTE dop: 16/16)", "Parent Relationship": "Outer", "Startup Cost": 24511.53, "Total Cost": 88282.97, "Plan Rows": 1282311, "Plan Width": 4, "Actual Min Startup Time": 174.61, "Actual Max Startup Time": 381.876, "Actual Min Total Time": 618.865, "Actual Max Total Time": 836.947, "Plans": [{"Node Type": "Hash Join", "Parent Relationship": "Outer", "Join Type": "Inner", "Startup Cost": 24511.53, "Total Cost": 68424.21, "Plan Rows": 1282311, "Plan Width": 4, "Actual Min Startup Time": 169.623, "Actual Max Startup Time": 359.093, "Actual Min Total Time": 519.06, "Actual Max Total Time": 732.07, "Inner Unique": true, "Hash Cond": "(mc.company_id = cn.id), (LLVM Optimized, Jit Execute)", "Plans": [{"Node Type": "Streaming(type: LOCAL REDISTRIBUTE dop: 16/16)", "Parent Relationship": "Outer", "Startup Cost": 0.0, "Total Cost": 42499.73, "Plan Rows": 2609128, "Plan Width": 8, "Actual Min Startup Time": 0.06, "Actual Max Startup Time": 2.243, "Actual Min Total Time": 254.783, "Actual Max Total Time": 365.681, "Plans": [{"Node Type": "Seq Scan", "Parent Relationship": "Outer", "Relation Name": "movie_companies", "Alias": "mc", "Startup Cost": 0.0, "Total Cost": 17613.58, "Plan Rows": 2609128, "Plan Width": 8, "Actual Min Startup Time": 0.023, "Actual Max Startup Time": 0.049, "Actual Min Total Time": 43.422, "Actual Max Total Time": 52.474, "Actual Rows": 2609128}], "Actual Rows": 2609128}, {"Node Type": "Hash", "Parent Relationship": "Inner", "Startup Cost": 24444.99, "Total Cost": 24444.99, "Plan Rows": 85170, "Plan Width": 4, "Actual Min Startup Time": 168.875, "Actual Max Startup Time": 358.016, "Actual Min Total Time": 168.875, "Actual Max Total Time": 358.016, "Max Hash Buckets": 32768, "Min Hash Buckets": 32768, "Max Hash Batches": 1, "Min Hash Batches": 1, "Max Original Hash Batches": 1, "Min Original Hash Batches": 1, "Max Peak Memory Usage": 182, "min Peak Memory Usage": 182, "Plans": [{"Node Type": "Streaming(type: LOCAL REDISTRIBUTE dop: 16/1)", "Parent Relationship": "Outer", "Startup Cost": 0.0, "Total Cost": 24444.99, "Plan Rows": 85170, "Plan Width": 4, "Actual Min Startup Time": 0.033, "Actual Max Startup Time": 186.613, "Actual Min Total Time": 167.245, "Actual Max Total Time": 355.453, "Plans": [{"Node Type": "Seq Scan", "Parent Relationship": "Outer", "Relation Name": "company_name", "Alias": "cn", "Startup Cost": 0.0, "Total Cost": 5903.45, "Plan Rows": 85170, "Plan Width": 4, "Actual Min Startup Time": 0.037, "Actual Max Startup Time": 0.037, "Actual Min Total Time": 93.215, "Actual Max Total Time": 93.215, "Filter": "((country_code)::text = '[us]'::text)", "Rows Removed by Filter": 150153, "Actual Rows": 84843}], "Actual Rows": 84843}], "Actual Rows": 84843}], "Actual Rows": 1153797}], "Actual Rows": 1153797}], "Actual Rows": 1153797}], "Actual Rows": 285537}], "Actual Rows": 285537}, {"Node Type": "Hash", "Parent Relationship": "Inner", "Startup Cost": 34659.52, "Total Cost": 34659.52, "Plan Rows": 901342, "Plan Width": 20, "Actual Min Startup Time": 118.854, "Actual Max Startup Time": 342.13, "Actual Min Total Time": 118.854, "Actual Max Total Time": 342.13, "Max Hash Buckets": 65536, "Min Hash Buckets": 65536, "Max Hash Batches": 1, "Min Hash Batches": 1, "Max Original Hash Batches": 1, "Min Original Hash Batches": 1, "Max Peak Memory Usage": 2981, "min Peak Memory Usage": 2981, "Plans": [{"Node Type": "Streaming(type: LOCAL REDISTRIBUTE dop: 16/16)", "Parent Relationship": "Outer", "Startup Cost": 0.0, "Total Cost": 34659.52, "Plan Rows": 901342, "Plan Width": 20, "Actual Min Startup Time": 0.058, "Actual Max Startup Time": 165.557, "Actual Min Total Time": 103.429, "Actual Max Total Time": 327.015, "Plans": [{"Node Type": "Seq Scan", "Parent Relationship": "Outer", "Relation Name": "aka_name", "Alias": "an1", "Startup Cost": 0.0, "Total Cost": 16244.28, "Plan Rows": 901342, "Plan Width": 20, "Actual Min Startup Time": 0.018, "Actual Max Startup Time": 0.026, "Actual Min Total Time": 15.75, "Actual Max Total Time": 19.622, "Actual Rows": 901342}], "Actual Rows": 901342}], "Actual Rows": 901342}], "Actual Rows": 323005}], "Actual Rows": 323005}, {"Node Type": "Hash", "Parent Relationship": "Inner", "Startup Cost": 43334.25, "Total Cost": 43334.25, "Plan Rows": 2528311, "Plan Width": 21, "Actual Min Startup Time": 330.588, "Actual Max Startup Time": 540.426, "Actual Min Total Time": 330.588, "Actual Max Total Time": 540.426, "Max Hash Buckets": 262144, "Min Hash Buckets": 262144, "Max Hash Batches": 1, "Min Hash Batches": 1, "Max Original Hash Batches": 1, "Min Original Hash Batches": 1, "Max Peak Memory Usage": 8518, "min Peak Memory Usage": 8518, "Plans": [{"Node Type": "Streaming(type: LOCAL REDISTRIBUTE dop: 16/16)", "Parent Relationship": "Outer", "Startup Cost": 0.0, "Total Cost": 43334.25, "Plan Rows": 2528311, "Plan Width": 21, "Actual Min Startup Time": 0.049, "Actual Max Startup Time": 194.693, "Actual Min Total Time": 259.785, "Actual Max Total Time": 494.167, "Plans": [{"Node Type": "Seq Scan", "Parent Relationship": "Outer", "Relation Name": "title", "Alias": "t", "Startup Cost": 0.0, "Total Cost": 18754.32, "Plan Rows": 2528311, "Plan Width": 21, "Actual Min Startup Time": 0.019, "Actual Max Startup Time": 0.04, "Actual Min Total Time": 47.696, "Actual Max Total Time": 56.316, "Actual Rows": 2528311}], "Actual Rows": 2528311}], "Actual Rows": 2528311}], "Actual Rows": 323005}], "Actual Rows": 323005}, {"Node Type": "Hash", "Parent Relationship": "Inner", "Startup Cost": 51607.87, "Total Cost": 51607.87, "Plan Rows": 4167490, "Plan Width": 4, "Actual Min Startup Time": 546.739, "Actual Max Startup Time": 687.169, "Actual Min Total Time": 546.739, "Actual Max Total Time": 687.169, "Max Hash Buckets": 262144, "Min Hash Buckets": 262144, "Max Hash Batches": 1, "Min Hash Batches": 1, "Max Original Hash Batches": 1, "Min Original Hash Batches": 1, "Max Peak Memory Usage": 9174, "min Peak Memory Usage": 9174, "Plans": [{"Node Type": "Streaming(type: LOCAL REDISTRIBUTE dop: 16/16)", "Parent Relationship": "Outer", "Startup Cost": 0.0, "Total Cost": 51607.87, "Plan Rows": 4167490, "Plan Width": 4, "Actual Min Startup Time": 0.052, "Actual Max Startup Time": 0.104, "Actual Min Total Time": 442.726, "Actual Max Total Time": 581.985, "Plans": [{"Node Type": "Index Only Scan", "Parent Relationship": "Outer", "Scan Direction": "Forward", "Index Name": "name_pkey", "Relation Name": "name", "Alias": "n1", "Startup Cost": 0.0, "Total Cost": 20816.99, "Plan Rows": 4167490, "Plan Width": 4, "Actual Min Startup Time": 0.094, "Actual Max Startup Time": 103.049, "Actual Min Total Time": 65.404, "Actual Max Total Time": 167.694, "Heap Fetches": 0, "Actual Rows": 4167490}], "Actual Rows": 4167490}], "Actual Rows": 4167490}], "Actual Rows": 323005}], "Actual Rows": 16}], "Actual Rows": 16}], "Actual Rows": 1}, "Triggers": [], "Planner Runtime": 205.742, "Total Runtime": 1527.056, "Unique SQL Id": 2457761703}}, "(16, '9')": {"explain_plan": {"Plan": {"Node Type": "Aggregate", "Strategy": "Plain", "Startup Cost": 1386311.37, "Total Cost": 1386311.4, "Plan Rows": 1, "Plan Width": 97, "Plans": [{"Node Type": "Streaming(type: LOCAL GATHER dop: 1/16)", "Parent Relationship": "Outer", "Startup Cost": 1386311.37, "Total Cost": 1386311.4, "Plan Rows": 1, "Plan Width": 97, "Plans": [{"Node Type": "Aggregate", "Strategy": "Plain", "Parent Relationship": "Outer", "Startup Cost": 1386311.37, "Total Cost": 1386311.38, "Plan Rows": 1, "Plan Width": 97, "Plans": [{"Node Type": "Hash Join", "Parent Relationship": "Outer", "Join Type": "Inner", "Startup Cost": 252373.93, "Total Cost": 1384525.88, "Plan Rows": 357098, "Plan Width": 33, "Inner Unique": true, "Hash Cond": "(ci.movie_id = t.id), (LLVM Optimized)", "Plans": [{"Node Type": "Streaming(type: LOCAL REDISTRIBUTE dop: 16/16)", "Parent Relationship": "Outer", "Startup Cost": 218899.31, "Total Cost": 1350744.31, "Plan Rows": 357379, "Plan Width": 24, "Plans": [{"Node Type": "Hash Join", "Parent Relationship": "Outer", "Join Type": "Inner", "Startup Cost": 218899.31, "Total Cost": 1334390.18, "Plan Rows": 357379, "Plan Width": 24, "Inner Unique": true, "Hash Cond": "(an1.person_id = n1.id), (LLVM Optimized)", "Plans": [{"Node Type": "Streaming(type: LOCAL REDISTRIBUTE dop: 16/16)", "Parent Relationship": "Outer", "Startup Cost": 182755.14, "Total Cost": 1297938.9, "Plan Rows": 357379, "Plan Width": 32, "Plans": [{"Node Type": "Hash Join", "Parent Relationship": "Outer", "Join Type": "Inner", "Startup Cost": 182755.14, "Total Cost": 1281584.76, "Plan Rows": 357379, "Plan Width": 32, "Inner Unique": true, "Hash Cond": "(mc.company_id = cn.id), (LLVM Optimized)", "Plans": [{"Node Type": "Streaming(type: LOCAL REDISTRIBUTE dop: 16/16)", "Parent Relationship": "Outer", "Startup Cost": 175427.87, "Total Cost": 1273863.7, "Plan Rows": 727161, "Plan Width": 36, "Plans": [{"Node Type": "Hash Join", "Parent Relationship": "Outer", "Join Type": "Inner", "Startup Cost": 175427.87, "Total Cost": 1256108.44, "Plan Rows": 727161, "Plan Width": 36, "Inner Unique": false, "Hash Cond": "(ci.movie_id = mc.movie_id), (LLVM Optimized)", "Plans": [{"Node Type": "Streaming(type: LOCAL REDISTRIBUTE dop: 16/16)", "Parent Relationship": "Outer", "Startup Cost": 137161.66, "Total Cost": 1215145.72, "Plan Rows": 1484588, "Plan Width": 28, "Plans": [{"Node Type": "Hash Join", "Parent Relationship": "Outer", "Join Type": "Inner", "Startup Cost": 137161.66, "Total Cost": 1194520.52, "Plan Rows": 1484588, "Plan Width": 28, "Inner Unique": false, "Hash Cond": "(ci.person_id = an1.person_id), (LLVM Optimized)", "Plans": [{"Node Type": "Streaming(type: LOCAL REDISTRIBUTE dop: 16/16)", "Parent Relationship": "Outer", "Startup Cost": 15012.82, "Total Cost": 1066844.59, "Plan Rows": 3296318, "Plan Width": 8, "Plans": [{"Node Type": "Hash Join", "Parent Relationship": "Outer", "Join Type": "Inner", "Startup Cost": 15012.82, "Total Cost": 1039354.63, "Plan Rows": 3296318, "Plan Width": 8, "Inner Unique": true, "Hash Cond": "(ci.role_id = rt.id), (LLVM Optimized)", "Plans": [{"Node Type": "Index Scan", "Parent Relationship": "Outer", "Scan Direction": "Forward", "Index Name": "role_id_cast_info", "Relation Name": "cast_info", "Alias": "ci", "Startup Cost": 0.0, "Total Cost": 1016601.9, "Plan Rows": 36259494, "Plan Width": 12}, {"Node Type": "Hash", "Parent Relationship": "Inner", "Startup Cost": 15012.81, "Total Cost": 15012.81, "Plan Rows": 16, "Plan Width": 4, "Plans": [{"Node Type": "Streaming(type: BROADCAST dop: 16/1)", "Parent Relationship": "Outer", "Startup Cost": 0.0, "Total Cost": 15012.81, "Plan Rows": 16, "Plan Width": 4, "Plans": [{"Node Type": "Index Scan", "Parent Relationship": "Outer", "Scan Direction": "Forward", "Index Name": "role_type_pkey", "Relation Name": "role_type", "Alias": "rt", "Startup Cost": 0.0, "Total Cost": 12.46, "Plan Rows": 1, "Plan Width": 4, "Filter": "((role)::text = 'costume designer'::text)"}]}]}]}]}, {"Node Type": "Hash", "Parent Relationship": "Inner", "Startup Cost": 121444.67, "Total Cost": 121444.67, "Plan Rows": 901342, "Plan Width": 20, "Plans": [{"Node Type": "Streaming(type: LOCAL REDISTRIBUTE dop: 16/1)", "Parent Relationship": "Outer", "Startup Cost": 0.0, "Total Cost": 121444.67, "Plan Rows": 901342, "Plan Width": 20, "Plans": [{"Node Type": "Index Scan", "Parent Relationship": "Outer", "Scan Direction": "Forward", "Index Name": "person_id_aka_name", "Relation Name": "aka_name", "Alias": "an1", "Startup Cost": 0.0, "Total Cost": 68965.03, "Plan Rows": 901342, "Plan Width": 20}]}]}]}]}, {"Node Type": "Hash", "Parent Relationship": "Inner", "Startup Cost": 139099.07, "Total Cost": 139099.07, "Plan Rows": 2609128, "Plan Width": 8, "Plans": [{"Node Type": "Streaming(type: LOCAL REDISTRIBUTE dop: 16/16)", "Parent Relationship": "Outer", "Startup Cost": 0.0, "Total Cost": 139099.07, "Plan Rows": 2609128, "Plan Width": 8, "Plans": [{"Node Type": "Index Scan", "Parent Relationship": "Outer", "Scan Direction": "Forward", "Index Name": "company_id_movie_companies", "Relation Name": "movie_companies", "Alias": "mc", "Startup Cost": 0.0, "Total Cost": 114212.92, "Plan Rows": 2609128, "Plan Width": 8}]}]}]}]}, {"Node Type": "Hash", "Parent Relationship": "Inner", "Startup Cost": 29042.93, "Total Cost": 29042.93, "Plan Rows": 85170, "Plan Width": 4, "Plans": [{"Node Type": "Streaming(type: LOCAL REDISTRIBUTE dop: 16/1)", "Parent Relationship": "Outer", "Startup Cost": 0.0, "Total Cost": 29042.93, "Plan Rows": 85170, "Plan Width": 4, "Plans": [{"Node Type": "Index Scan", "Parent Relationship": "Outer", "Scan Direction": "Forward", "Index Name": "company_name_pkey", "Relation Name": "company_name", "Alias": "cn", "Startup Cost": 0.0, "Total Cost": 10501.39, "Plan Rows": 85170, "Plan Width": 4, "Filter": "((country_code)::text = '[us]'::text)"}]}]}]}]}, {"Node Type": "Hash", "Parent Relationship": "Inner", "Startup Cost": 131553.26, "Total Cost": 131553.26, "Plan Rows": 4167490, "Plan Width": 4, "Plans": [{"Node Type": "Streaming(type: LOCAL REDISTRIBUTE dop: 16/16)", "Parent Relationship": "Outer", "Startup Cost": 0.0, "Total Cost": 131553.26, "Plan Rows": 4167490, "Plan Width": 4, "Plans": [{"Node Type": "Index Only Scan", "Parent Relationship": "Outer", "Scan Direction": "Forward", "Index Name": "name_pkey", "Relation Name": "name", "Alias": "n1", "Startup Cost": 0.0, "Total Cost": 100762.38, "Plan Rows": 4167490, "Plan Width": 4}]}]}]}]}, {"Node Type": "Hash", "Parent Relationship": "Inner", "Startup Cost": 125997.5, "Total Cost": 125997.5, "Plan Rows": 2528311, "Plan Width": 21, "Plans": [{"Node Type": "Streaming(type: LOCAL REDISTRIBUTE dop: 16/16)", "Parent Relationship": "Outer", "Startup Cost": 0.0, "Total Cost": 125997.5, "Plan Rows": 2528311, "Plan Width": 21, "Plans": [{"Node Type": "Index Scan", "Parent Relationship": "Outer", "Scan Direction": "Forward", "Index Name": "title_pkey", "Relation Name": "title", "Alias": "t", "Startup Cost": 0.0, "Total Cost": 101417.57, "Plan Rows": 2528311, "Plan Width": 21}]}]}]}]}]}]}, "Unique SQL Id": 2457761703, "Planner Runtime": 123}, "explain_analyze_plan": {"Plan": {"Node Type": "Aggregate", "Strategy": "Plain", "Startup Cost": 1386311.37, "Total Cost": 1386311.4, "Plan Rows": 1, "Plan Width": 97, "Actual Min Startup Time": 3016.727, "Actual Max Startup Time": 3016.727, "Actual Min Total Time": 3016.727, "Actual Max Total Time": 3016.727, "Plans": [{"Node Type": "Streaming(type: LOCAL GATHER dop: 1/16)", "Parent Relationship": "Outer", "Startup Cost": 1386311.37, "Total Cost": 1386311.4, "Plan Rows": 1, "Plan Width": 97, "Actual Min Startup Time": 3014.969, "Actual Max Startup Time": 3014.969, "Actual Min Total Time": 3016.698, "Actual Max Total Time": 3016.698, "Plans": [{"Node Type": "Aggregate", "Strategy": "Plain", "Parent Relationship": "Outer", "Startup Cost": 1386311.37, "Total Cost": 1386311.38, "Plan Rows": 1, "Plan Width": 97, "Actual Min Startup Time": 2452.307, "Actual Max Startup Time": 2773.943, "Actual Min Total Time": 2452.307, "Actual Max Total Time": 2773.943, "Plans": [{"Node Type": "Hash Join", "Parent Relationship": "Outer", "Join Type": "Inner", "Startup Cost": 252373.93, "Total Cost": 1384525.88, "Plan Rows": 357098, "Plan Width": 33, "Actual Min Startup Time": 1492.674, "Actual Max Startup Time": 1800.208, "Actual Min Total Time": 2442.179, "Actual Max Total Time": 2764.078, "Inner Unique": true, "Hash Cond": "(ci.movie_id = t.id), (LLVM Optimized, Jit Execute)", "Plans": [{"Node Type": "Streaming(type: LOCAL REDISTRIBUTE dop: 16/16)", "Parent Relationship": "Outer", "Startup Cost": 218899.31, "Total Cost": 1350744.31, "Plan Rows": 357379, "Plan Width": 24, "Actual Min Startup Time": 833.323, "Actual Max Startup Time": 866.804, "Actual Min Total Time": 1785.71, "Actual Max Total Time": 1789.384, "Plans": [{"Node Type": "Hash Join", "Parent Relationship": "Outer", "Join Type": "Inner", "Startup Cost": 218899.31, "Total Cost": 1334390.18, "Plan Rows": 357379, "Plan Width": 24, "Actual Min Startup Time": 1478.442, "Actual Max Startup Time": 1845.635, "Actual Min Total Time": 2411.533, "Actual Max Total Time": 2739.897, "Inner Unique": true, "Hash Cond": "(an1.person_id = n1.id), (LLVM Optimized, Jit Execute)", "Plans": [{"Node Type": "Streaming(type: LOCAL REDISTRIBUTE dop: 16/16)", "Parent Relationship": "Outer", "Startup Cost": 182755.14, "Total Cost": 1297938.9, "Plan Rows": 357379, "Plan Width": 32, "Actual Min Startup Time": 933.902, "Actual Max Startup Time": 1015.725, "Actual Min Total Time": 1841.143, "Actual Max Total Time": 1880.29, "Plans": [{"Node Type": "Hash Join", "Parent Relationship": "Outer", "Join Type": "Inner", "Startup Cost": 182755.14, "Total Cost": 1281584.76, "Plan Rows": 357379, "Plan Width": 32, "Actual Min Startup Time": 1476.517, "Actual Max Startup Time": 1785.65, "Actual Min Total Time": 2402.318, "Actual Max Total Time": 2712.944, "Inner Unique": true, "Hash Cond": "(mc.company_id = cn.id), (LLVM Optimized, Jit Execute)", "Plans": [{"Node Type": "Streaming(type: LOCAL REDISTRIBUTE dop: 16/16)", "Parent Relationship": "Outer", "Startup Cost": 175427.87, "Total Cost": 1273863.7, "Plan Rows": 727161, "Plan Width": 36, "Actual Min Startup Time": 939.808, "Actual Max Startup Time": 953.706, "Actual Min Total Time": 1837.829, "Actual Max Total Time": 1875.162, "Plans": [{"Node Type": "Hash Join", "Parent Relationship": "Outer", "Join Type": "Inner", "Startup Cost": 175427.87, "Total Cost": 1256108.44, "Plan Rows": 727161, "Plan Width": 36, "Actual Min Startup Time": 1472.901, "Actual Max Startup Time": 1695.103, "Actual Min Total Time": 2347.742, "Actual Max Total Time": 2564.668, "Inner Unique": false, "Hash Cond": "(ci.movie_id = mc.movie_id), (LLVM Optimized, Jit Execute)", "Plans": [{"Node Type": "Streaming(type: LOCAL REDISTRIBUTE dop: 16/16)", "Parent Relationship": "Outer", "Startup Cost": 137161.66, "Total Cost": 1215145.72, "Plan Rows": 1484588, "Plan Width": 28, "Actual Min Startup Time": 854.759, "Actual Max Startup Time": 865.43, "Actual Min Total Time": 1702.529, "Actual Max Total Time": 1733.903, "Plans": [{"Node Type": "Hash Join", "Parent Relationship": "Outer", "Join Type": "Inner", "Startup Cost": 137161.66, "Total Cost": 1194520.52, "Plan Rows": 1484588, "Plan Width": 28, "Actual Min Startup Time": 1454.824, "Actual Max Startup Time": 1724.007, "Actual Min Total Time": 2407.762, "Actual Max Total Time": 2640.284, "Inner Unique": false, "Hash Cond": "(ci.person_id = an1.person_id), (LLVM Optimized, Jit Execute)", "Plans": [{"Node Type": "Streaming(type: LOCAL REDISTRIBUTE dop: 16/16)", "Parent Relationship": "Outer", "Startup Cost": 15012.82, "Total Cost": 1066844.59, "Plan Rows": 3296318, "Plan Width": 8, "Actual Min Startup Time": 0.058, "Actual Max Startup Time": 8.898, "Actual Min Total Time": 908.405, "Actual Max Total Time": 957.393, "Plans": [{"Node Type": "Hash Join", "Parent Relationship": "Outer", "Join Type": "Inner", "Startup Cost": 15012.82, "Total Cost": 1039354.63, "Plan Rows": 3296318, "Plan Width": 8, "Actual Min Startup Time": 1432.293, "Actual Max Startup Time": 2264.926, "Actual Min Total Time": 1997.664, "Actual Max Total Time": 2264.926, "Inner Unique": true, "Hash Cond": "(ci.role_id = rt.id), (LLVM Optimized, Jit Execute)", "Plans": [{"Node Type": "Index Scan", "Parent Relationship": "Outer", "Scan Direction": "Forward", "Index Name": "role_id_cast_info", "Relation Name": "cast_info", "Alias": "ci", "Startup Cost": 0.0, "Total Cost": 1016601.9, "Plan Rows": 36259494, "Plan Width": 12, "Actual Min Startup Time": 525.127, "Actual Max Startup Time": 700.603, "Actual Min Total Time": 1579.979, "Actual Max Total Time": 1775.199, "Actual Rows": 36244343}, {"Node Type": "Hash", "Parent Relationship": "Inner", "Startup Cost": 15012.81, "Total Cost": 15012.81, "Plan Rows": 16, "Plan Width": 4, "Actual Min Startup Time": 0.008, "Actual Max Startup Time": 157.94, "Actual Min Total Time": 0.008, "Actual Max Total Time": 157.94, "Max Hash Buckets": 32768, "Min Hash Buckets": 32768, "Max Hash Batches": 1, "Min Hash Batches": 1, "Max Original Hash Batches": 1, "Min Original Hash Batches": 1, "Max Peak Memory Usage": 1, "min Peak Memory Usage": 1, "Plans": [{"Node Type": "Streaming(type: BROADCAST dop: 16/1)", "Parent Relationship": "Outer", "Startup Cost": 0.0, "Total Cost": 15012.81, "Plan Rows": 16, "Plan Width": 4, "Actual Min Startup Time": 0.004, "Actual Max Startup Time": 157.931, "Actual Min Total Time": 0.004, "Actual Max Total Time": 157.932, "Plans": [{"Node Type": "Index Scan", "Parent Relationship": "Outer", "Scan Direction": "Forward", "Index Name": "role_type_pkey", "Relation Name": "role_type", "Alias": "rt", "Startup Cost": 0.0, "Total Cost": 12.46, "Plan Rows": 1, "Plan Width": 4, "Actual Min Startup Time": 0.036, "Actual Max Startup Time": 0.036, "Actual Min Total Time": 0.039, "Actual Max Total Time": 0.039, "Filter": "((role)::text = 'costume designer'::text)", "Rows Removed by Filter": 11, "Actual Rows": 1}], "Actual Rows": 16}], "Actual Rows": 16}], "Actual Rows": 276403}], "Actual Rows": 276403}, {"Node Type": "Hash", "Parent Relationship": "Inner", "Startup Cost": 121444.67, "Total Cost": 121444.67, "Plan Rows": 901342, "Plan Width": 20, "Actual Min Startup Time": 1454.672, "Actual Max Startup Time": 1721.476, "Actual Min Total Time": 1454.672, "Actual Max Total Time": 1721.476, "Max Hash Buckets": 65536, "Min Hash Buckets": 65536, "Max Hash Batches": 1, "Min Hash Batches": 1, "Max Original Hash Batches": 1, "Min Original Hash Batches": 1, "Max Peak Memory Usage": 2981, "min Peak Memory Usage": 2981, "Plans": [{"Node Type": "Streaming(type: LOCAL REDISTRIBUTE dop: 16/1)", "Parent Relationship": "Outer", "Startup Cost": 0.0, "Total Cost": 121444.67, "Plan Rows": 901342, "Plan Width": 20, "Actual Min Startup Time": 0.038, "Actual Max Startup Time": 267.893, "Actual Min Total Time": 1437.52, "Actual Max Total Time": 1697.706, "Plans": [{"Node Type": "Index Scan", "Parent Relationship": "Outer", "Scan Direction": "Forward", "Index Name": "person_id_aka_name", "Relation Name": "aka_name", "Alias": "an1", "Startup Cost": 0.0, "Total Cost": 68965.03, "Plan Rows": 901342, "Plan Width": 20, "Actual Min Startup Time": 0.045, "Actual Max Startup Time": 0.045, "Actual Min Total Time": 790.494, "Actual Max Total Time": 790.494, "Actual Rows": 901342}], "Actual Rows": 901342}], "Actual Rows": 901342}], "Actual Rows": 218966}], "Actual Rows": 218966}, {"Node Type": "Hash", "Parent Relationship": "Inner", "Startup Cost": 139099.07, "Total Cost": 139099.07, "Plan Rows": 2609128, "Plan Width": 8, "Actual Min Startup Time": 615.186, "Actual Max Startup Time": 829.886, "Actual Min Total Time": 615.186, "Actual Max Total Time": 829.886, "Max Hash Buckets": 262144, "Min Hash Buckets": 262144, "Max Hash Batches": 1, "Min Hash Batches": 1, "Max Original Hash Batches": 1, "Min Original Hash Batches": 1, "Max Peak Memory Usage": 6396, "min Peak Memory Usage": 6396, "Plans": [{"Node Type": "Streaming(type: LOCAL REDISTRIBUTE dop: 16/16)", "Parent Relationship": "Outer", "Startup Cost": 0.0, "Total Cost": 139099.07, "Plan Rows": 2609128, "Plan Width": 8, "Actual Min Startup Time": 0.056, "Actual Max Startup Time": 113.189, "Actual Min Total Time": 559.012, "Actual Max Total Time": 772.166, "Plans": [{"Node Type": "Index Scan", "Parent Relationship": "Outer", "Scan Direction": "Forward", "Index Name": "company_id_movie_companies", "Relation Name": "movie_companies", "Alias": "mc", "Startup Cost": 0.0, "Total Cost": 114212.92, "Plan Rows": 2609128, "Plan Width": 8, "Actual Min Startup Time": 19.004, "Actual Max Startup Time": 177.289, "Actual Min Total Time": 203.954, "Actual Max Total Time": 513.187, "Actual Rows": 2609128}], "Actual Rows": 2609128}], "Actual Rows": 2609128}], "Actual Rows": 752819}], "Actual Rows": 752819}, {"Node Type": "Hash", "Parent Relationship": "Inner", "Startup Cost": 29042.93, "Total Cost": 29042.93, "Plan Rows": 85170, "Plan Width": 4, "Actual Min Startup Time": 536.375, "Actual Max Startup Time": 835.261, "Actual Min Total Time": 536.375, "Actual Max Total Time": 835.261, "Max Hash Buckets": 32768, "Min Hash Buckets": 32768, "Max Hash Batches": 1, "Min Hash Batches": 1, "Max Original Hash Batches": 1, "Min Original Hash Batches": 1, "Max Peak Memory Usage": 182, "min Peak Memory Usage": 182, "Plans": [{"Node Type": "Streaming(type: LOCAL REDISTRIBUTE dop: 16/1)", "Parent Relationship": "Outer", "Startup Cost": 0.0, "Total Cost": 29042.93, "Plan Rows": 85170, "Plan Width": 4, "Actual Min Startup Time": 0.032, "Actual Max Startup Time": 300.148, "Actual Min Total Time": 534.433, "Actual Max Total Time": 833.344, "Plans": [{"Node Type": "Index Scan", "Parent Relationship": "Outer", "Scan Direction": "Forward", "Index Name": "company_name_pkey", "Relation Name": "company_name", "Alias": "cn", "Startup Cost": 0.0, "Total Cost": 10501.39, "Plan Rows": 85170, "Plan Width": 4, "Actual Min Startup Time": 0.056, "Actual Max Startup Time": 0.056, "Actual Min Total Time": 461.422, "Actual Max Total Time": 461.422, "Filter": "((country_code)::text = '[us]'::text)", "Rows Removed by Filter": 150153, "Actual Rows": 84843}], "Actual Rows": 84843}], "Actual Rows": 84843}], "Actual Rows": 323005}], "Actual Rows": 323005}, {"Node Type": "Hash", "Parent Relationship": "Inner", "Startup Cost": 131553.26, "Total Cost": 131553.26, "Plan Rows": 4167490, "Plan Width": 4, "Actual Min Startup Time": 544.225, "Actual Max Startup Time": 856.796, "Actual Min Total Time": 544.225, "Actual Max Total Time": 856.796, "Max Hash Buckets": 262144, "Min Hash Buckets": 262144, "Max Hash Batches": 1, "Min Hash Batches": 1, "Max Original Hash Batches": 1, "Min Original Hash Batches": 1, "Max Peak Memory Usage": 9174, "min Peak Memory Usage": 9174, "Plans": [{"Node Type": "Streaming(type: LOCAL REDISTRIBUTE dop: 16/16)", "Parent Relationship": "Outer", "Startup Cost": 0.0, "Total Cost": 131553.26, "Plan Rows": 4167490, "Plan Width": 4, "Actual Min Startup Time": 0.051, "Actual Max Startup Time": 188.664, "Actual Min Total Time": 417.759, "Actual Max Total Time": 778.497, "Plans": [{"Node Type": "Index Only Scan", "Parent Relationship": "Outer", "Scan Direction": "Forward", "Index Name": "name_pkey", "Relation Name": "name", "Alias": "n1", "Startup Cost": 0.0, "Total Cost": 100762.38, "Plan Rows": 4167490, "Plan Width": 4, "Actual Min Startup Time": 17.283, "Actual Max Startup Time": 192.328, "Actual Min Total Time": 76.095, "Actual Max Total Time": 250.704, "Heap Fetches": 0, "Actual Rows": 4167490}], "Actual Rows": 4167490}], "Actual Rows": 4167490}], "Actual Rows": 323005}], "Actual Rows": 323005}, {"Node Type": "Hash", "Parent Relationship": "Inner", "Startup Cost": 125997.5, "Total Cost": 125997.5, "Plan Rows": 2528311, "Plan Width": 21, "Actual Min Startup Time": 645.186, "Actual Max Startup Time": 966.673, "Actual Min Total Time": 645.186, "Actual Max Total Time": 966.673, "Max Hash Buckets": 262144, "Min Hash Buckets": 262144, "Max Hash Batches": 1, "Min Hash Batches": 1, "Max Original Hash Batches": 1, "Min Original Hash Batches": 1, "Max Peak Memory Usage": 8518, "min Peak Memory Usage": 8518, "Plans": [{"Node Type": "Streaming(type: LOCAL REDISTRIBUTE dop: 16/16)", "Parent Relationship": "Outer", "Startup Cost": 0.0, "Total Cost": 125997.5, "Plan Rows": 2528311, "Plan Width": 21, "Actual Min Startup Time": 0.051, "Actual Max Startup Time": 213.68, "Actual Min Total Time": 568.68, "Actual Max Total Time": 915.11, "Plans": [{"Node Type": "Index Scan", "Parent Relationship": "Outer", "Scan Direction": "Forward", "Index Name": "title_pkey", "Relation Name": "title", "Alias": "t", "Startup Cost": 0.0, "Total Cost": 101417.57, "Plan Rows": 2528311, "Plan Width": 21, "Actual Min Startup Time": 15.493, "Actual Max Startup Time": 56.079, "Actual Min Total Time": 308.397, "Actual Max Total Time": 483.077, "Actual Rows": 2528311}], "Actual Rows": 2528311}], "Actual Rows": 2528311}], "Actual Rows": 323005}], "Actual Rows": 16}], "Actual Rows": 16}], "Actual Rows": 1}, "Triggers": [], "Planner Runtime": 122.952, "Total Runtime": 3060.918, "Unique SQL Id": 2457761703}}, "(16, '10')": {"explain_plan": {"Plan": {"Node Type": "Aggregate", "Strategy": "Plain", "Startup Cost": 287566.27, "Total Cost": 287566.3, "Plan Rows": 1, "Plan Width": 97, "Plans": [{"Node Type": "Streaming(type: LOCAL GATHER dop: 1/16)", "Parent Relationship": "Outer", "Startup Cost": 287566.27, "Total Cost": 287566.3, "Plan Rows": 1, "Plan Width": 97, "Plans": [{"Node Type": "Aggregate", "Strategy": "Plain", "Parent Relationship": "Outer", "Startup Cost": 287566.27, "Total Cost": 287566.28, "Plan Rows": 1, "Plan Width": 97, "Plans": [{"Node Type": "Hash Join", "Parent Relationship": "Outer", "Join Type": "Inner", "Startup Cost": 142621.96, "Total Cost": 285780.78, "Plan Rows": 357098, "Plan Width": 33, "Inner Unique": true, "Hash Cond": "(an1.person_id = n1.id), (LLVM Optimized)", "Plans": [{"Node Type": "Streaming(type: LOCAL REDISTRIBUTE dop: 16/16)", "Parent Relationship": "Outer", "Startup Cost": 126464.14, "Total Cost": 269316.07, "Plan Rows": 357098, "Plan Width": 41, "Plans": [{"Node Type": "Hash Join", "Parent Relationship": "Outer", "Join Type": "Inner", "Startup Cost": 126464.14, "Total Cost": 252963.01, "Plan Rows": 357098, "Plan Width": 41, "Inner Unique": true, "Hash Cond": "(ci.movie_id = t.id), (LLVM Optimized)", "Plans": [{"Node Type": "Streaming(type: LOCAL REDISTRIBUTE dop: 16/16)", "Parent Relationship": "Outer", "Startup Cost": 113655.34, "Total Cost": 239847.25, "Plan Rows": 357379, "Plan Width": 32, "Plans": [{"Node Type": "Hash Join", "Parent Relationship": "Outer", "Join Type": "Inner", "Startup Cost": 113655.34, "Total Cost": 223493.12, "Plan Rows": 357379, "Plan Width": 32, "Inner Unique": false, "Hash Cond": "(ci.person_id = an1.person_id), (LLVM Optimized)", "Plans": [{"Node Type": "Streaming(type: LOCAL REDISTRIBUTE dop: 16/16)", "Parent Relationship": "Outer", "Startup Cost": 104286.28, "Total Cost": 212931.86, "Plan Rows": 711018, "Plan Width": 12, "Plans": [{"Node Type": "Hash Join", "Parent Relationship": "Outer", "Join Type": "Inner", "Startup Cost": 104286.28, "Total Cost": 195237.77, "Plan Rows": 711018, "Plan Width": 12, "Inner Unique": false, "Hash Cond": "(ci.movie_id = mc.movie_id), (LLVM Optimized)", "Plans": [{"Node Type": "Streaming(type: LOCAL REDISTRIBUTE dop: 16/16)", "Parent Relationship": "Outer", "Startup Cost": 15001.51, "Total Cost": 102848.74, "Plan Rows": 3296318, "Plan Width": 8, "Plans": [{"Node Type": "Hash Join", "Parent Relationship": "Outer", "Join Type": "Inner", "Startup Cost": 15001.51, "Total Cost": 75358.79, "Plan Rows": 3296318, "Plan Width": 8, "Inner Unique": true, "Hash Cond": "(ci.role_id = rt.id), (LLVM Optimized)", "Plans": [{"Node Type": "Seq Scan", "Parent Relationship": "Outer", "Relation Name": "cast_info", "Alias": "ci", "Startup Cost": 0.0, "Total Cost": 52617.37, "Plan Rows": 36259494, "Plan Width": 12}, {"Node Type": "Hash", "Parent Relationship": "Inner", "Startup Cost": 15001.5, "Total Cost": 15001.5, "Plan Rows": 16, "Plan Width": 4, "Plans": [{"Node Type": "Streaming(type: BROADCAST dop: 16/1)", "Parent Relationship": "Outer", "Startup Cost": 0.0, "Total Cost": 15001.5, "Plan Rows": 16, "Plan Width": 4, "Plans": [{"Node Type": "Seq Scan", "Parent Relationship": "Outer", "Relation Name": "role_type", "Alias": "rt", "Startup Cost": 0.0, "Total Cost": 1.15, "Plan Rows": 1, "Plan Width": 4, "Filter": "((role)::text = 'costume designer'::text)"}]}]}]}]}, {"Node Type": "Hash", "Parent Relationship": "Inner", "Startup Cost": 88282.97, "Total Cost": 88282.97, "Plan Rows": 1282311, "Plan Width": 4, "Plans": [{"Node Type": "Streaming(type: LOCAL REDISTRIBUTE dop: 16/16)", "Parent Relationship": "Outer", "Startup Cost": 24511.53, "Total Cost": 88282.97, "Plan Rows": 1282311, "Plan Width": 4, "Plans": [{"Node Type": "Hash Join", "Parent Relationship": "Outer", "Join Type": "Inner", "Startup Cost": 24511.53, "Total Cost": 68424.21, "Plan Rows": 1282311, "Plan Width": 4, "Inner Unique": true, "Hash Cond": "(mc.company_id = cn.id), (LLVM Optimized)", "Plans": [{"Node Type": "Streaming(type: LOCAL REDISTRIBUTE dop: 16/16)", "Parent Relationship": "Outer", "Startup Cost": 0.0, "Total Cost": 42499.73, "Plan Rows": 2609128, "Plan Width": 8, "Plans": [{"Node Type": "Seq Scan", "Parent Relationship": "Outer", "Relation Name": "movie_companies", "Alias": "mc", "Startup Cost": 0.0, "Total Cost": 17613.58, "Plan Rows": 2609128, "Plan Width": 8}]}, {"Node Type": "Hash", "Parent Relationship": "Inner", "Startup Cost": 24444.99, "Total Cost": 24444.99, "Plan Rows": 85170, "Plan Width": 4, "Plans": [{"Node Type": "Streaming(type: LOCAL REDISTRIBUTE dop: 16/1)", "Parent Relationship": "Outer", "Startup Cost": 0.0, "Total Cost": 24444.99, "Plan Rows": 85170, "Plan Width": 4, "Plans": [{"Node Type": "Seq Scan", "Parent Relationship": "Outer", "Relation Name": "company_name", "Alias": "cn", "Startup Cost": 0.0, "Total Cost": 5903.45, "Plan Rows": 85170, "Plan Width": 4, "Filter": "((country_code)::text = '[us]'::text)"}]}]}]}]}]}]}]}, {"Node Type": "Hash", "Parent Relationship": "Inner", "Startup Cost": 34659.52, "Total Cost": 34659.52, "Plan Rows": 901342, "Plan Width": 20, "Plans": [{"Node Type": "Streaming(type: LOCAL REDISTRIBUTE dop: 16/16)", "Parent Relationship": "Outer", "Startup Cost": 0.0, "Total Cost": 34659.52, "Plan Rows": 901342, "Plan Width": 20, "Plans": [{"Node Type": "Seq Scan", "Parent Relationship": "Outer", "Relation Name": "aka_name", "Alias": "an1", "Startup Cost": 0.0, "Total Cost": 16244.28, "Plan Rows": 901342, "Plan Width": 20}]}]}]}]}, {"Node Type": "Hash", "Parent Relationship": "Inner", "Startup Cost": 43334.25, "Total Cost": 43334.25, "Plan Rows": 2528311, "Plan Width": 21, "Plans": [{"Node Type": "Streaming(type: LOCAL REDISTRIBUTE dop: 16/16)", "Parent Relationship": "Outer", "Startup Cost": 0.0, "Total Cost": 43334.25, "Plan Rows": 2528311, "Plan Width": 21, "Plans": [{"Node Type": "Seq Scan", "Parent Relationship": "Outer", "Relation Name": "title", "Alias": "t", "Startup Cost": 0.0, "Total Cost": 18754.32, "Plan Rows": 2528311, "Plan Width": 21}]}]}]}]}, {"Node Type": "Hash", "Parent Relationship": "Inner", "Startup Cost": 51607.87, "Total Cost": 51607.87, "Plan Rows": 4167490, "Plan Width": 4, "Plans": [{"Node Type": "Streaming(type: LOCAL REDISTRIBUTE dop: 16/16)", "Parent Relationship": "Outer", "Startup Cost": 0.0, "Total Cost": 51607.87, "Plan Rows": 4167490, "Plan Width": 4, "Plans": [{"Node Type": "Seq Scan", "Parent Relationship": "Outer", "Relation Name": "name", "Alias": "n1", "Startup Cost": 0.0, "Total Cost": 20816.99, "Plan Rows": 4167490, "Plan Width": 4}]}]}]}]}]}]}, "Unique SQL Id": 2457761703, "Planner Runtime": 200}, "explain_analyze_plan": {"Plan": {"Node Type": "Aggregate", "Strategy": "Plain", "Startup Cost": 287566.27, "Total Cost": 287566.3, "Plan Rows": 1, "Plan Width": 97, "Actual Min Startup Time": 1429.474, "Actual Max Startup Time": 1429.474, "Actual Min Total Time": 1429.474, "Actual Max Total Time": 1429.474, "Plans": [{"Node Type": "Streaming(type: LOCAL GATHER dop: 1/16)", "Parent Relationship": "Outer", "Startup Cost": 287566.27, "Total Cost": 287566.3, "Plan Rows": 1, "Plan Width": 97, "Actual Min Startup Time": 1428.475, "Actual Max Startup Time": 1428.475, "Actual Min Total Time": 1429.447, "Actual Max Total Time": 1429.447, "Plans": [{"Node Type": "Aggregate", "Strategy": "Plain", "Parent Relationship": "Outer", "Startup Cost": 287566.27, "Total Cost": 287566.28, "Plan Rows": 1, "Plan Width": 97, "Actual Min Startup Time": 1046.427, "Actual Max Startup Time": 1225.524, "Actual Min Total Time": 1046.427, "Actual Max Total Time": 1225.525, "Plans": [{"Node Type": "Hash Join", "Parent Relationship": "Outer", "Join Type": "Inner", "Startup Cost": 142621.96, "Total Cost": 285780.78, "Plan Rows": 357098, "Plan Width": 33, "Actual Min Startup Time": 657.95, "Actual Max Startup Time": 846.411, "Actual Min Total Time": 1031.721, "Actual Max Total Time": 1217.172, "Inner Unique": true, "Hash Cond": "(an1.person_id = n1.id), (LLVM Optimized, Jit Execute)", "Plans": [{"Node Type": "Streaming(type: LOCAL REDISTRIBUTE dop: 16/16)", "Parent Relationship": "Outer", "Startup Cost": 126464.14, "Total Cost": 269316.07, "Plan Rows": 357098, "Plan Width": 41, "Actual Min Startup Time": 138.252, "Actual Max Startup Time": 161.278, "Actual Min Total Time": 500.465, "Actual Max Total Time": 521.157, "Plans": [{"Node Type": "Hash Join", "Parent Relationship": "Outer", "Join Type": "Inner", "Startup Cost": 126464.14, "Total Cost": 252963.01, "Plan Rows": 357098, "Plan Width": 41, "Actual Min Startup Time": 650.282, "Actual Max Startup Time": 827.406, "Actual Min Total Time": 1018.2, "Actual Max Total Time": 1197.69, "Inner Unique": true, "Hash Cond": "(ci.movie_id = t.id), (LLVM Optimized, Jit Execute)", "Plans": [{"Node Type": "Streaming(type: LOCAL REDISTRIBUTE dop: 16/16)", "Parent Relationship": "Outer", "Startup Cost": 113655.34, "Total Cost": 239847.25, "Plan Rows": 357379, "Plan Width": 32, "Actual Min Startup Time": 284.581, "Actual Max Startup Time": 292.563, "Actual Min Total Time": 643.034, "Actual Max Total Time": 653.83, "Plans": [{"Node Type": "Hash Join", "Parent Relationship": "Outer", "Join Type": "Inner", "Startup Cost": 113655.34, "Total Cost": 223493.12, "Plan Rows": 357379, "Plan Width": 32, "Actual Min Startup Time": 656.508, "Actual Max Startup Time": 864.813, "Actual Min Total Time": 976.219, "Actual Max Total Time": 1211.51, "Inner Unique": false, "Hash Cond": "(ci.person_id = an1.person_id), (LLVM Optimized, Jit Execute)", "Plans": [{"Node Type": "Streaming(type: LOCAL REDISTRIBUTE dop: 16/16)", "Parent Relationship": "Outer", "Startup Cost": 104286.28, "Total Cost": 212931.86, "Plan Rows": 711018, "Plan Width": 12, "Actual Min Startup Time": 516.593, "Actual Max Startup Time": 530.476, "Actual Min Total Time": 825.032, "Actual Max Total Time": 876.688, "Plans": [{"Node Type": "Hash Join", "Parent Relationship": "Outer", "Join Type": "Inner", "Startup Cost": 104286.28, "Total Cost": 195237.77, "Plan Rows": 711018, "Plan Width": 12, "Actual Min Startup Time": 655.48, "Actual Max Startup Time": 884.626, "Actual Min Total Time": 967.321, "Actual Max Total Time": 1196.253, "Inner Unique": false, "Hash Cond": "(ci.movie_id = mc.movie_id), (LLVM Optimized, Jit Execute)", "Plans": [{"Node Type": "Streaming(type: LOCAL REDISTRIBUTE dop: 16/16)", "Parent Relationship": "Outer", "Startup Cost": 15001.51, "Total Cost": 102848.74, "Plan Rows": 3296318, "Plan Width": 8, "Actual Min Startup Time": 0.062, "Actual Max Startup Time": 0.846, "Actual Min Total Time": 293.775, "Actual Max Total Time": 312.773, "Plans": [{"Node Type": "Hash Join", "Parent Relationship": "Outer", "Join Type": "Inner", "Startup Cost": 15001.51, "Total Cost": 75358.79, "Plan Rows": 3296318, "Plan Width": 8, "Actual Min Startup Time": 729.862, "Actual Max Startup Time": 782.989, "Actual Min Total Time": 934.617, "Actual Max Total Time": 992.529, "Inner Unique": true, "Hash Cond": "(ci.role_id = rt.id), (LLVM Optimized, Jit Execute)", "Plans": [{"Node Type": "Seq Scan", "Parent Relationship": "Outer", "Relation Name": "cast_info", "Alias": "ci", "Startup Cost": 0.0, "Total Cost": 52617.37, "Plan Rows": 36259494, "Plan Width": 12, "Actual Min Startup Time": 0.029, "Actual Max Startup Time": 0.042, "Actual Min Total Time": 515.441, "Actual Max Total Time": 569.135, "Actual Rows": 36244343}, {"Node Type": "Hash", "Parent Relationship": "Inner", "Startup Cost": 15001.5, "Total Cost": 15001.5, "Plan Rows": 16, "Plan Width": 4, "Actual Min Startup Time": 0.012, "Actual Max Startup Time": 11.903, "Actual Min Total Time": 0.012, "Actual Max Total Time": 11.903, "Max Hash Buckets": 32768, "Min Hash Buckets": 32768, "Max Hash Batches": 1, "Min Hash Batches": 1, "Max Original Hash Batches": 1, "Min Original Hash Batches": 1, "Max Peak Memory Usage": 1, "min Peak Memory Usage": 1, "Plans": [{"Node Type": "Streaming(type: BROADCAST dop: 16/1)", "Parent Relationship": "Outer", "Startup Cost": 0.0, "Total Cost": 15001.5, "Plan Rows": 16, "Plan Width": 4, "Actual Min Startup Time": 0.004, "Actual Max Startup Time": 11.888, "Actual Min Total Time": 0.004, "Actual Max Total Time": 11.889, "Plans": [{"Node Type": "Seq Scan", "Parent Relationship": "Outer", "Relation Name": "role_type", "Alias": "rt", "Startup Cost": 0.0, "Total Cost": 1.15, "Plan Rows": 1, "Plan Width": 4, "Actual Min Startup Time": 0.025, "Actual Max Startup Time": 0.025, "Actual Min Total Time": 0.027, "Actual Max Total Time": 0.027, "Filter": "((role)::text = 'costume designer'::text)", "Rows Removed by Filter": 11, "Actual Rows": 1}], "Actual Rows": 16}], "Actual Rows": 16}], "Actual Rows": 276403}], "Actual Rows": 276403}, {"Node Type": "Hash", "Parent Relationship": "Inner", "Startup Cost": 88282.97, "Total Cost": 88282.97, "Plan Rows": 1282311, "Plan Width": 4, "Actual Min Startup Time": 655.204, "Actual Max Startup Time": 884.113, "Actual Min Total Time": 655.204, "Actual Max Total Time": 884.113, "Max Hash Buckets": 131072, "Min Hash Buckets": 131072, "Max Hash Batches": 1, "Min Hash Batches": 1, "Max Original Hash Batches": 1, "Min Original Hash Batches": 1, "Max Peak Memory Usage": 2542, "min Peak Memory Usage": 2542, "Plans": [{"Node Type": "Streaming(type: LOCAL REDISTRIBUTE dop: 16/16)", "Parent Relationship": "Outer", "Startup Cost": 24511.53, "Total Cost": 88282.97, "Plan Rows": 1282311, "Plan Width": 4, "Actual Min Startup Time": 186.112, "Actual Max Startup Time": 414.758, "Actual Min Total Time": 627.769, "Actual Max Total Time": 863.493, "Plans": [{"Node Type": "Hash Join", "Parent Relationship": "Outer", "Join Type": "Inner", "Startup Cost": 24511.53, "Total Cost": 68424.21, "Plan Rows": 1282311, "Plan Width": 4, "Actual Min Startup Time": 176.757, "Actual Max Startup Time": 400.58, "Actual Min Total Time": 517.522, "Actual Max Total Time": 794.956, "Inner Unique": true, "Hash Cond": "(mc.company_id = cn.id), (LLVM Optimized, Jit Execute)", "Plans": [{"Node Type": "Streaming(type: LOCAL REDISTRIBUTE dop: 16/16)", "Parent Relationship": "Outer", "Startup Cost": 0.0, "Total Cost": 42499.73, "Plan Rows": 2609128, "Plan Width": 8, "Actual Min Startup Time": 0.062, "Actual Max Startup Time": 1.791, "Actual Min Total Time": 265.249, "Actual Max Total Time": 357.061, "Plans": [{"Node Type": "Seq Scan", "Parent Relationship": "Outer", "Relation Name": "movie_companies", "Alias": "mc", "Startup Cost": 0.0, "Total Cost": 17613.58, "Plan Rows": 2609128, "Plan Width": 8, "Actual Min Startup Time": 0.026, "Actual Max Startup Time": 0.044, "Actual Min Total Time": 42.83, "Actual Max Total Time": 51.451, "Actual Rows": 2609128}], "Actual Rows": 2609128}, {"Node Type": "Hash", "Parent Relationship": "Inner", "Startup Cost": 24444.99, "Total Cost": 24444.99, "Plan Rows": 85170, "Plan Width": 4, "Actual Min Startup Time": 176.63, "Actual Max Startup Time": 399.346, "Actual Min Total Time": 176.63, "Actual Max Total Time": 399.346, "Max Hash Buckets": 32768, "Min Hash Buckets": 32768, "Max Hash Batches": 1, "Min Hash Batches": 1, "Max Original Hash Batches": 1, "Min Original Hash Batches": 1, "Max Peak Memory Usage": 182, "min Peak Memory Usage": 182, "Plans": [{"Node Type": "Streaming(type: LOCAL REDISTRIBUTE dop: 16/1)", "Parent Relationship": "Outer", "Startup Cost": 0.0, "Total Cost": 24444.99, "Plan Rows": 85170, "Plan Width": 4, "Actual Min Startup Time": 0.035, "Actual Max Startup Time": 218.603, "Actual Min Total Time": 174.868, "Actual Max Total Time": 397.632, "Plans": [{"Node Type": "Seq Scan", "Parent Relationship": "Outer", "Relation Name": "company_name", "Alias": "cn", "Startup Cost": 0.0, "Total Cost": 5903.45, "Plan Rows": 85170, "Plan Width": 4, "Actual Min Startup Time": 0.038, "Actual Max Startup Time": 0.038, "Actual Min Total Time": 94.596, "Actual Max Total Time": 94.596, "Filter": "((country_code)::text = '[us]'::text)", "Rows Removed by Filter": 150153, "Actual Rows": 84843}], "Actual Rows": 84843}], "Actual Rows": 84843}], "Actual Rows": 1153797}], "Actual Rows": 1153797}], "Actual Rows": 1153797}], "Actual Rows": 285537}], "Actual Rows": 285537}, {"Node Type": "Hash", "Parent Relationship": "Inner", "Startup Cost": 34659.52, "Total Cost": 34659.52, "Plan Rows": 901342, "Plan Width": 20, "Actual Min Startup Time": 129.879, "Actual Max Startup Time": 348.156, "Actual Min Total Time": 129.879, "Actual Max Total Time": 348.156, "Max Hash Buckets": 65536, "Min Hash Buckets": 65536, "Max Hash Batches": 1, "Min Hash Batches": 1, "Max Original Hash Batches": 1, "Min Original Hash Batches": 1, "Max Peak Memory Usage": 2981, "min Peak Memory Usage": 2981, "Plans": [{"Node Type": "Streaming(type: LOCAL REDISTRIBUTE dop: 16/16)", "Parent Relationship": "Outer", "Startup Cost": 0.0, "Total Cost": 34659.52, "Plan Rows": 901342, "Plan Width": 20, "Actual Min Startup Time": 0.048, "Actual Max Startup Time": 211.292, "Actual Min Total Time": 113.469, "Actual Max Total Time": 331.199, "Plans": [{"Node Type": "Seq Scan", "Parent Relationship": "Outer", "Relation Name": "aka_name", "Alias": "an1", "Startup Cost": 0.0, "Total Cost": 16244.28, "Plan Rows": 901342, "Plan Width": 20, "Actual Min Startup Time": 0.02, "Actual Max Startup Time": 0.037, "Actual Min Total Time": 16.899, "Actual Max Total Time": 20.777, "Actual Rows": 901342}], "Actual Rows": 901342}], "Actual Rows": 901342}], "Actual Rows": 323005}], "Actual Rows": 323005}, {"Node Type": "Hash", "Parent Relationship": "Inner", "Startup Cost": 43334.25, "Total Cost": 43334.25, "Plan Rows": 2528311, "Plan Width": 21, "Actual Min Startup Time": 361.928, "Actual Max Startup Time": 536.694, "Actual Min Total Time": 361.928, "Actual Max Total Time": 536.694, "Max Hash Buckets": 262144, "Min Hash Buckets": 262144, "Max Hash Batches": 1, "Min Hash Batches": 1, "Max Original Hash Batches": 1, "Min Original Hash Batches": 1, "Max Peak Memory Usage": 8518, "min Peak Memory Usage": 8518, "Plans": [{"Node Type": "Streaming(type: LOCAL REDISTRIBUTE dop: 16/16)", "Parent Relationship": "Outer", "Startup Cost": 0.0, "Total Cost": 43334.25, "Plan Rows": 2528311, "Plan Width": 21, "Actual Min Startup Time": 0.052, "Actual Max Startup Time": 29.929, "Actual Min Total Time": 291.244, "Actual Max Total Time": 484.112, "Plans": [{"Node Type": "Seq Scan", "Parent Relationship": "Outer", "Relation Name": "title", "Alias": "t", "Startup Cost": 0.0, "Total Cost": 18754.32, "Plan Rows": 2528311, "Plan Width": 21, "Actual Min Startup Time": 0.018, "Actual Max Startup Time": 0.034, "Actual Min Total Time": 48.948, "Actual Max Total Time": 58.428, "Actual Rows": 2528311}], "Actual Rows": 2528311}], "Actual Rows": 2528311}], "Actual Rows": 323005}], "Actual Rows": 323005}, {"Node Type": "Hash", "Parent Relationship": "Inner", "Startup Cost": 51607.87, "Total Cost": 51607.87, "Plan Rows": 4167490, "Plan Width": 4, "Actual Min Startup Time": 514.494, "Actual Max Startup Time": 693.507, "Actual Min Total Time": 514.494, "Actual Max Total Time": 693.507, "Max Hash Buckets": 262144, "Min Hash Buckets": 262144, "Max Hash Batches": 1, "Min Hash Batches": 1, "Max Original Hash Batches": 1, "Min Original Hash Batches": 1, "Max Peak Memory Usage": 9174, "min Peak Memory Usage": 9174, "Plans": [{"Node Type": "Streaming(type: LOCAL REDISTRIBUTE dop: 16/16)", "Parent Relationship": "Outer", "Startup Cost": 0.0, "Total Cost": 51607.87, "Plan Rows": 4167490, "Plan Width": 4, "Actual Min Startup Time": 0.053, "Actual Max Startup Time": 140.533, "Actual Min Total Time": 409.113, "Actual Max Total Time": 612.992, "Plans": [{"Node Type": "Seq Scan", "Parent Relationship": "Outer", "Relation Name": "name", "Alias": "n1", "Startup Cost": 0.0, "Total Cost": 20816.99, "Plan Rows": 4167490, "Plan Width": 4, "Actual Min Startup Time": 0.017, "Actual Max Startup Time": 0.034, "Actual Min Total Time": 74.859, "Actual Max Total Time": 86.06, "Actual Rows": 4167490}], "Actual Rows": 4167490}], "Actual Rows": 4167490}], "Actual Rows": 323005}], "Actual Rows": 16}], "Actual Rows": 16}], "Actual Rows": 1}, "Triggers": [], "Planner Runtime": 195.615, "Total Runtime": 1475.961, "Unique SQL Id": 2457761703}}, "(16, '11')": {"explain_plan": {"Plan": {"Node Type": "Aggregate", "Strategy": "Plain", "Startup Cost": 6752833214283.18, "Total Cost": 6752833214283.19, "Plan Rows": 1, "Plan Width": 97, "Plans": [{"Node Type": "Nested Loop", "Parent Relationship": "Outer", "Join Type": "Inner", "Startup Cost": 70071825122.57, "Total Cost": 6752833212497.69, "Plan Rows": 357098, "Plan Width": 33, "Inner Unique": false, "Join Filter": "(t.id = ci.movie_id), (LLVM Optimized)", "Plans": [{"Node Type": "Merge Join", "Parent Relationship": "Outer", "Join Type": "Inner", "Startup Cost": 30021927926.2, "Total Cost": 3002409653794.57, "Plan Rows": 1282311, "Plan Width": 25, "Inner Unique": true, "Merge Cond": "(mc.movie_id = t.id)", "Plans": [{"Node Type": "Nested Loop", "Parent Relationship": "Outer", "Join Type": "Inner", "Startup Cost": 20000000000.0, "Total Cost": 2003347393774.42, "Plan Rows": 1282311, "Plan Width": 4, "Inner Unique": true, "Join Filter": "(cn.id = mc.company_id), (LLVM Optimized)", "Plans": [{"Node Type": "Index Scan", "Parent Relationship": "Outer", "Scan Direction": "Forward", "Index Name": "movie_id_movie_companies", "Relation Name": "movie_companies", "Alias": "mc", "Startup Cost": 10000000000.0, "Total Cost": 1000013051946.13, "Plan Rows": 2609128, "Plan Width": 8}, {"Node Type": "Materialize", "Parent Relationship": "Inner", "Startup Cost": 10000000000.0, "Total Cost": 1000001050564.82, "Plan Rows": 85170, "Plan Width": 4, "Plans": [{"Node Type": "Index Scan", "Parent Relationship": "Outer", "Scan Direction": "Forward", "Index Name": "company_name_pkey", "Relation Name": "company_name", "Alias": "cn", "Startup Cost": 10000000000.0, "Total Cost": 1000001050138.97, "Plan Rows": 85170, "Plan Width": 4, "Filter": "((country_code)::text = '[us]'::text)"}]}]}, {"Node Type": "Index Scan", "Parent Relationship": "Inner", "Scan Direction": "Forward", "Index Name": "title_pkey", "Relation Name": "title", "Alias": "t", "Startup Cost": 10000000000.0, "Total Cost": 1000011012048.91, "Plan Rows": 2528311, "Plan Width": 21}]}, {"Node Type": "Materialize", "Parent Relationship": "Inner", "Startup Cost": 40049897196.36, "Total Cost": 3721868009571.57, "Plan Rows": 1484588, "Plan Width": 20, "Plans": [{"Node Type": "Nested Loop", "Parent Relationship": "Outer", "Join Type": "Inner", "Startup Cost": 40049897196.36, "Total Cost": 3721868002148.63, "Plan Rows": 1484588, "Plan Width": 20, "Inner Unique": false, "Join Filter": "(ci.role_id = rt.id), (LLVM Optimized)", "Plans": [{"Node Type": "Index Scan", "Parent Relationship": "Outer", "Scan Direction": "Forward", "Index Name": "role_type_pkey", "Relation Name": "role_type", "Alias": "rt", "Startup Cost": 10000000000.0, "Total Cost": 1000000001246.0, "Plan Rows": 1, "Plan Width": 4, "Filter": "((role)::text = 'costume designer'::text)"}, {"Node Type": "Merge Join", "Parent Relationship": "Inner", "Join Type": "Inner", "Startup Cost": 30049897196.36, "Total Cost": 2721867796771.75, "Plan Rows": 16330470, "Plan Width": 24, "Inner Unique": false, "Merge Cond": "(an1.person_id = ci.person_id)", "Plans": [{"Node Type": "Merge Join", "Parent Relationship": "Outer", "Join Type": "Inner", "Startup Cost": 20030754356.47, "Total Cost": 2000002534968.85, "Plan Rows": 901342, "Plan Width": 24, "Inner Unique": true, "Merge Cond": "(an1.person_id = n1.id)", "Plans": [{"Node Type": "Index Scan", "Parent Relationship": "Outer", "Scan Direction": "Forward", "Index Name": "person_id_aka_name", "Relation Name": "aka_name", "Alias": "an1", "Startup Cost": 10000000000.0, "Total Cost": 1000006896503.43, "Plan Rows": 901342, "Plan Width": 20}, {"Node Type": "Index Only Scan", "Parent Relationship": "Inner", "Scan Direction": "Forward", "Index Name": "name_pkey", "Relation Name": "name", "Alias": "n1", "Startup Cost": 10000000000.0, "Total Cost": 1000012483260.0, "Plan Rows": 4167490, "Plan Width": 4}]}, {"Node Type": "Index Scan", "Parent Relationship": "Inner", "Scan Direction": "Forward", "Index Name": "person_id_cast_info", "Relation Name": "cast_info", "Alias": "ci", "Startup Cost": 10000000000.0, "Total Cost": 1000170648833.21, "Plan Rows": 36259494, "Plan Width": 12}]}]}]}]}]}, "Unique SQL Id": 2457761703, "Planner Runtime": 113}, "explain_analyze_plan": null}, "(16, '12')": {"explain_plan": {"Plan": {"Node Type": "Aggregate", "Strategy": "Plain", "Startup Cost": 287566.27, "Total Cost": 287566.3, "Plan Rows": 1, "Plan Width": 97, "Plans": [{"Node Type": "Streaming(type: LOCAL GATHER dop: 1/16)", "Parent Relationship": "Outer", "Startup Cost": 287566.27, "Total Cost": 287566.3, "Plan Rows": 1, "Plan Width": 97, "Plans": [{"Node Type": "Aggregate", "Strategy": "Plain", "Parent Relationship": "Outer", "Startup Cost": 287566.27, "Total Cost": 287566.28, "Plan Rows": 1, "Plan Width": 97, "Plans": [{"Node Type": "Hash Join", "Parent Relationship": "Outer", "Join Type": "Inner", "Startup Cost": 142621.96, "Total Cost": 285780.78, "Plan Rows": 357098, "Plan Width": 33, "Inner Unique": true, "Hash Cond": "(an1.person_id = n1.id), (LLVM Optimized)", "Plans": [{"Node Type": "Streaming(type: LOCAL REDISTRIBUTE dop: 16/16)", "Parent Relationship": "Outer", "Startup Cost": 126464.14, "Total Cost": 269316.07, "Plan Rows": 357098, "Plan Width": 41, "Plans": [{"Node Type": "Hash Join", "Parent Relationship": "Outer", "Join Type": "Inner", "Startup Cost": 126464.14, "Total Cost": 252963.01, "Plan Rows": 357098, "Plan Width": 41, "Inner Unique": true, "Hash Cond": "(ci.movie_id = t.id), (LLVM Optimized)", "Plans": [{"Node Type": "Streaming(type: LOCAL REDISTRIBUTE dop: 16/16)", "Parent Relationship": "Outer", "Startup Cost": 113655.34, "Total Cost": 239847.25, "Plan Rows": 357379, "Plan Width": 32, "Plans": [{"Node Type": "Hash Join", "Parent Relationship": "Outer", "Join Type": "Inner", "Startup Cost": 113655.34, "Total Cost": 223493.12, "Plan Rows": 357379, "Plan Width": 32, "Inner Unique": false, "Hash Cond": "(ci.person_id = an1.person_id), (LLVM Optimized)", "Plans": [{"Node Type": "Streaming(type: LOCAL REDISTRIBUTE dop: 16/16)", "Parent Relationship": "Outer", "Startup Cost": 104286.28, "Total Cost": 212931.86, "Plan Rows": 711018, "Plan Width": 12, "Plans": [{"Node Type": "Hash Join", "Parent Relationship": "Outer", "Join Type": "Inner", "Startup Cost": 104286.28, "Total Cost": 195237.77, "Plan Rows": 711018, "Plan Width": 12, "Inner Unique": false, "Hash Cond": "(ci.movie_id = mc.movie_id), (LLVM Optimized)", "Plans": [{"Node Type": "Streaming(type: LOCAL REDISTRIBUTE dop: 16/16)", "Parent Relationship": "Outer", "Startup Cost": 15001.51, "Total Cost": 102848.74, "Plan Rows": 3296318, "Plan Width": 8, "Plans": [{"Node Type": "Hash Join", "Parent Relationship": "Outer", "Join Type": "Inner", "Startup Cost": 15001.51, "Total Cost": 75358.79, "Plan Rows": 3296318, "Plan Width": 8, "Inner Unique": true, "Hash Cond": "(ci.role_id = rt.id), (LLVM Optimized)", "Plans": [{"Node Type": "Seq Scan", "Parent Relationship": "Outer", "Relation Name": "cast_info", "Alias": "ci", "Startup Cost": 0.0, "Total Cost": 52617.37, "Plan Rows": 36259494, "Plan Width": 12}, {"Node Type": "Hash", "Parent Relationship": "Inner", "Startup Cost": 15001.5, "Total Cost": 15001.5, "Plan Rows": 16, "Plan Width": 4, "Plans": [{"Node Type": "Streaming(type: BROADCAST dop: 16/1)", "Parent Relationship": "Outer", "Startup Cost": 0.0, "Total Cost": 15001.5, "Plan Rows": 16, "Plan Width": 4, "Plans": [{"Node Type": "Seq Scan", "Parent Relationship": "Outer", "Relation Name": "role_type", "Alias": "rt", "Startup Cost": 0.0, "Total Cost": 1.15, "Plan Rows": 1, "Plan Width": 4, "Filter": "((role)::text = 'costume designer'::text)"}]}]}]}]}, {"Node Type": "Hash", "Parent Relationship": "Inner", "Startup Cost": 88282.97, "Total Cost": 88282.97, "Plan Rows": 1282311, "Plan Width": 4, "Plans": [{"Node Type": "Streaming(type: LOCAL REDISTRIBUTE dop: 16/16)", "Parent Relationship": "Outer", "Startup Cost": 24511.53, "Total Cost": 88282.97, "Plan Rows": 1282311, "Plan Width": 4, "Plans": [{"Node Type": "Hash Join", "Parent Relationship": "Outer", "Join Type": "Inner", "Startup Cost": 24511.53, "Total Cost": 68424.21, "Plan Rows": 1282311, "Plan Width": 4, "Inner Unique": true, "Hash Cond": "(mc.company_id = cn.id), (LLVM Optimized)", "Plans": [{"Node Type": "Streaming(type: LOCAL REDISTRIBUTE dop: 16/16)", "Parent Relationship": "Outer", "Startup Cost": 0.0, "Total Cost": 42499.73, "Plan Rows": 2609128, "Plan Width": 8, "Plans": [{"Node Type": "Seq Scan", "Parent Relationship": "Outer", "Relation Name": "movie_companies", "Alias": "mc", "Startup Cost": 0.0, "Total Cost": 17613.58, "Plan Rows": 2609128, "Plan Width": 8}]}, {"Node Type": "Hash", "Parent Relationship": "Inner", "Startup Cost": 24444.99, "Total Cost": 24444.99, "Plan Rows": 85170, "Plan Width": 4, "Plans": [{"Node Type": "Streaming(type: LOCAL REDISTRIBUTE dop: 16/1)", "Parent Relationship": "Outer", "Startup Cost": 0.0, "Total Cost": 24444.99, "Plan Rows": 85170, "Plan Width": 4, "Plans": [{"Node Type": "Seq Scan", "Parent Relationship": "Outer", "Relation Name": "company_name", "Alias": "cn", "Startup Cost": 0.0, "Total Cost": 5903.45, "Plan Rows": 85170, "Plan Width": 4, "Filter": "((country_code)::text = '[us]'::text)"}]}]}]}]}]}]}]}, {"Node Type": "Hash", "Parent Relationship": "Inner", "Startup Cost": 34659.52, "Total Cost": 34659.52, "Plan Rows": 901342, "Plan Width": 20, "Plans": [{"Node Type": "Streaming(type: LOCAL REDISTRIBUTE dop: 16/16)", "Parent Relationship": "Outer", "Startup Cost": 0.0, "Total Cost": 34659.52, "Plan Rows": 901342, "Plan Width": 20, "Plans": [{"Node Type": "Seq Scan", "Parent Relationship": "Outer", "Relation Name": "aka_name", "Alias": "an1", "Startup Cost": 0.0, "Total Cost": 16244.28, "Plan Rows": 901342, "Plan Width": 20}]}]}]}]}, {"Node Type": "Hash", "Parent Relationship": "Inner", "Startup Cost": 43334.25, "Total Cost": 43334.25, "Plan Rows": 2528311, "Plan Width": 21, "Plans": [{"Node Type": "Streaming(type: LOCAL REDISTRIBUTE dop: 16/16)", "Parent Relationship": "Outer", "Startup Cost": 0.0, "Total Cost": 43334.25, "Plan Rows": 2528311, "Plan Width": 21, "Plans": [{"Node Type": "Seq Scan", "Parent Relationship": "Outer", "Relation Name": "title", "Alias": "t", "Startup Cost": 0.0, "Total Cost": 18754.32, "Plan Rows": 2528311, "Plan Width": 21}]}]}]}]}, {"Node Type": "Hash", "Parent Relationship": "Inner", "Startup Cost": 51607.87, "Total Cost": 51607.87, "Plan Rows": 4167490, "Plan Width": 4, "Plans": [{"Node Type": "Streaming(type: LOCAL REDISTRIBUTE dop: 16/16)", "Parent Relationship": "Outer", "Startup Cost": 0.0, "Total Cost": 51607.87, "Plan Rows": 4167490, "Plan Width": 4, "Plans": [{"Node Type": "Seq Scan", "Parent Relationship": "Outer", "Relation Name": "name", "Alias": "n1", "Startup Cost": 0.0, "Total Cost": 20816.99, "Plan Rows": 4167490, "Plan Width": 4}]}]}]}]}]}]}, "Unique SQL Id": 2457761703, "Planner Runtime": 205}, "explain_analyze_plan": {"Plan": {"Node Type": "Aggregate", "Strategy": "Plain", "Startup Cost": 287566.27, "Total Cost": 287566.3, "Plan Rows": 1, "Plan Width": 97, "Actual Min Startup Time": 1429.474, "Actual Max Startup Time": 1429.474, "Actual Min Total Time": 1429.474, "Actual Max Total Time": 1429.474, "Plans": [{"Node Type": "Streaming(type: LOCAL GATHER dop: 1/16)", "Parent Relationship": "Outer", "Startup Cost": 287566.27, "Total Cost": 287566.3, "Plan Rows": 1, "Plan Width": 97, "Actual Min Startup Time": 1428.475, "Actual Max Startup Time": 1428.475, "Actual Min Total Time": 1429.447, "Actual Max Total Time": 1429.447, "Plans": [{"Node Type": "Aggregate", "Strategy": "Plain", "Parent Relationship": "Outer", "Startup Cost": 287566.27, "Total Cost": 287566.28, "Plan Rows": 1, "Plan Width": 97, "Actual Min Startup Time": 1046.427, "Actual Max Startup Time": 1225.524, "Actual Min Total Time": 1046.427, "Actual Max Total Time": 1225.525, "Plans": [{"Node Type": "Hash Join", "Parent Relationship": "Outer", "Join Type": "Inner", "Startup Cost": 142621.96, "Total Cost": 285780.78, "Plan Rows": 357098, "Plan Width": 33, "Actual Min Startup Time": 657.95, "Actual Max Startup Time": 846.411, "Actual Min Total Time": 1031.721, "Actual Max Total Time": 1217.172, "Inner Unique": true, "Hash Cond": "(an1.person_id = n1.id), (LLVM Optimized, Jit Execute)", "Plans": [{"Node Type": "Streaming(type: LOCAL REDISTRIBUTE dop: 16/16)", "Parent Relationship": "Outer", "Startup Cost": 126464.14, "Total Cost": 269316.07, "Plan Rows": 357098, "Plan Width": 41, "Actual Min Startup Time": 138.252, "Actual Max Startup Time": 161.278, "Actual Min Total Time": 500.465, "Actual Max Total Time": 521.157, "Plans": [{"Node Type": "Hash Join", "Parent Relationship": "Outer", "Join Type": "Inner", "Startup Cost": 126464.14, "Total Cost": 252963.01, "Plan Rows": 357098, "Plan Width": 41, "Actual Min Startup Time": 650.282, "Actual Max Startup Time": 827.406, "Actual Min Total Time": 1018.2, "Actual Max Total Time": 1197.69, "Inner Unique": true, "Hash Cond": "(ci.movie_id = t.id), (LLVM Optimized, Jit Execute)", "Plans": [{"Node Type": "Streaming(type: LOCAL REDISTRIBUTE dop: 16/16)", "Parent Relationship": "Outer", "Startup Cost": 113655.34, "Total Cost": 239847.25, "Plan Rows": 357379, "Plan Width": 32, "Actual Min Startup Time": 284.581, "Actual Max Startup Time": 292.563, "Actual Min Total Time": 643.034, "Actual Max Total Time": 653.83, "Plans": [{"Node Type": "Hash Join", "Parent Relationship": "Outer", "Join Type": "Inner", "Startup Cost": 113655.34, "Total Cost": 223493.12, "Plan Rows": 357379, "Plan Width": 32, "Actual Min Startup Time": 656.508, "Actual Max Startup Time": 864.813, "Actual Min Total Time": 976.219, "Actual Max Total Time": 1211.51, "Inner Unique": false, "Hash Cond": "(ci.person_id = an1.person_id), (LLVM Optimized, Jit Execute)", "Plans": [{"Node Type": "Streaming(type: LOCAL REDISTRIBUTE dop: 16/16)", "Parent Relationship": "Outer", "Startup Cost": 104286.28, "Total Cost": 212931.86, "Plan Rows": 711018, "Plan Width": 12, "Actual Min Startup Time": 516.593, "Actual Max Startup Time": 530.476, "Actual Min Total Time": 825.032, "Actual Max Total Time": 876.688, "Plans": [{"Node Type": "Hash Join", "Parent Relationship": "Outer", "Join Type": "Inner", "Startup Cost": 104286.28, "Total Cost": 195237.77, "Plan Rows": 711018, "Plan Width": 12, "Actual Min Startup Time": 655.48, "Actual Max Startup Time": 884.626, "Actual Min Total Time": 967.321, "Actual Max Total Time": 1196.253, "Inner Unique": false, "Hash Cond": "(ci.movie_id = mc.movie_id), (LLVM Optimized, Jit Execute)", "Plans": [{"Node Type": "Streaming(type: LOCAL REDISTRIBUTE dop: 16/16)", "Parent Relationship": "Outer", "Startup Cost": 15001.51, "Total Cost": 102848.74, "Plan Rows": 3296318, "Plan Width": 8, "Actual Min Startup Time": 0.062, "Actual Max Startup Time": 0.846, "Actual Min Total Time": 293.775, "Actual Max Total Time": 312.773, "Plans": [{"Node Type": "Hash Join", "Parent Relationship": "Outer", "Join Type": "Inner", "Startup Cost": 15001.51, "Total Cost": 75358.79, "Plan Rows": 3296318, "Plan Width": 8, "Actual Min Startup Time": 729.862, "Actual Max Startup Time": 782.989, "Actual Min Total Time": 934.617, "Actual Max Total Time": 992.529, "Inner Unique": true, "Hash Cond": "(ci.role_id = rt.id), (LLVM Optimized, Jit Execute)", "Plans": [{"Node Type": "Seq Scan", "Parent Relationship": "Outer", "Relation Name": "cast_info", "Alias": "ci", "Startup Cost": 0.0, "Total Cost": 52617.37, "Plan Rows": 36259494, "Plan Width": 12, "Actual Min Startup Time": 0.029, "Actual Max Startup Time": 0.042, "Actual Min Total Time": 515.441, "Actual Max Total Time": 569.135, "Actual Rows": 36244343}, {"Node Type": "Hash", "Parent Relationship": "Inner", "Startup Cost": 15001.5, "Total Cost": 15001.5, "Plan Rows": 16, "Plan Width": 4, "Actual Min Startup Time": 0.012, "Actual Max Startup Time": 11.903, "Actual Min Total Time": 0.012, "Actual Max Total Time": 11.903, "Max Hash Buckets": 32768, "Min Hash Buckets": 32768, "Max Hash Batches": 1, "Min Hash Batches": 1, "Max Original Hash Batches": 1, "Min Original Hash Batches": 1, "Max Peak Memory Usage": 1, "min Peak Memory Usage": 1, "Plans": [{"Node Type": "Streaming(type: BROADCAST dop: 16/1)", "Parent Relationship": "Outer", "Startup Cost": 0.0, "Total Cost": 15001.5, "Plan Rows": 16, "Plan Width": 4, "Actual Min Startup Time": 0.004, "Actual Max Startup Time": 11.888, "Actual Min Total Time": 0.004, "Actual Max Total Time": 11.889, "Plans": [{"Node Type": "Seq Scan", "Parent Relationship": "Outer", "Relation Name": "role_type", "Alias": "rt", "Startup Cost": 0.0, "Total Cost": 1.15, "Plan Rows": 1, "Plan Width": 4, "Actual Min Startup Time": 0.025, "Actual Max Startup Time": 0.025, "Actual Min Total Time": 0.027, "Actual Max Total Time": 0.027, "Filter": "((role)::text = 'costume designer'::text)", "Rows Removed by Filter": 11, "Actual Rows": 1}], "Actual Rows": 16}], "Actual Rows": 16}], "Actual Rows": 276403}], "Actual Rows": 276403}, {"Node Type": "Hash", "Parent Relationship": "Inner", "Startup Cost": 88282.97, "Total Cost": 88282.97, "Plan Rows": 1282311, "Plan Width": 4, "Actual Min Startup Time": 655.204, "Actual Max Startup Time": 884.113, "Actual Min Total Time": 655.204, "Actual Max Total Time": 884.113, "Max Hash Buckets": 131072, "Min Hash Buckets": 131072, "Max Hash Batches": 1, "Min Hash Batches": 1, "Max Original Hash Batches": 1, "Min Original Hash Batches": 1, "Max Peak Memory Usage": 2542, "min Peak Memory Usage": 2542, "Plans": [{"Node Type": "Streaming(type: LOCAL REDISTRIBUTE dop: 16/16)", "Parent Relationship": "Outer", "Startup Cost": 24511.53, "Total Cost": 88282.97, "Plan Rows": 1282311, "Plan Width": 4, "Actual Min Startup Time": 186.112, "Actual Max Startup Time": 414.758, "Actual Min Total Time": 627.769, "Actual Max Total Time": 863.493, "Plans": [{"Node Type": "Hash Join", "Parent Relationship": "Outer", "Join Type": "Inner", "Startup Cost": 24511.53, "Total Cost": 68424.21, "Plan Rows": 1282311, "Plan Width": 4, "Actual Min Startup Time": 176.757, "Actual Max Startup Time": 400.58, "Actual Min Total Time": 517.522, "Actual Max Total Time": 794.956, "Inner Unique": true, "Hash Cond": "(mc.company_id = cn.id), (LLVM Optimized, Jit Execute)", "Plans": [{"Node Type": "Streaming(type: LOCAL REDISTRIBUTE dop: 16/16)", "Parent Relationship": "Outer", "Startup Cost": 0.0, "Total Cost": 42499.73, "Plan Rows": 2609128, "Plan Width": 8, "Actual Min Startup Time": 0.062, "Actual Max Startup Time": 1.791, "Actual Min Total Time": 265.249, "Actual Max Total Time": 357.061, "Plans": [{"Node Type": "Seq Scan", "Parent Relationship": "Outer", "Relation Name": "movie_companies", "Alias": "mc", "Startup Cost": 0.0, "Total Cost": 17613.58, "Plan Rows": 2609128, "Plan Width": 8, "Actual Min Startup Time": 0.026, "Actual Max Startup Time": 0.044, "Actual Min Total Time": 42.83, "Actual Max Total Time": 51.451, "Actual Rows": 2609128}], "Actual Rows": 2609128}, {"Node Type": "Hash", "Parent Relationship": "Inner", "Startup Cost": 24444.99, "Total Cost": 24444.99, "Plan Rows": 85170, "Plan Width": 4, "Actual Min Startup Time": 176.63, "Actual Max Startup Time": 399.346, "Actual Min Total Time": 176.63, "Actual Max Total Time": 399.346, "Max Hash Buckets": 32768, "Min Hash Buckets": 32768, "Max Hash Batches": 1, "Min Hash Batches": 1, "Max Original Hash Batches": 1, "Min Original Hash Batches": 1, "Max Peak Memory Usage": 182, "min Peak Memory Usage": 182, "Plans": [{"Node Type": "Streaming(type: LOCAL REDISTRIBUTE dop: 16/1)", "Parent Relationship": "Outer", "Startup Cost": 0.0, "Total Cost": 24444.99, "Plan Rows": 85170, "Plan Width": 4, "Actual Min Startup Time": 0.035, "Actual Max Startup Time": 218.603, "Actual Min Total Time": 174.868, "Actual Max Total Time": 397.632, "Plans": [{"Node Type": "Seq Scan", "Parent Relationship": "Outer", "Relation Name": "company_name", "Alias": "cn", "Startup Cost": 0.0, "Total Cost": 5903.45, "Plan Rows": 85170, "Plan Width": 4, "Actual Min Startup Time": 0.038, "Actual Max Startup Time": 0.038, "Actual Min Total Time": 94.596, "Actual Max Total Time": 94.596, "Filter": "((country_code)::text = '[us]'::text)", "Rows Removed by Filter": 150153, "Actual Rows": 84843}], "Actual Rows": 84843}], "Actual Rows": 84843}], "Actual Rows": 1153797}], "Actual Rows": 1153797}], "Actual Rows": 1153797}], "Actual Rows": 285537}], "Actual Rows": 285537}, {"Node Type": "Hash", "Parent Relationship": "Inner", "Startup Cost": 34659.52, "Total Cost": 34659.52, "Plan Rows": 901342, "Plan Width": 20, "Actual Min Startup Time": 129.879, "Actual Max Startup Time": 348.156, "Actual Min Total Time": 129.879, "Actual Max Total Time": 348.156, "Max Hash Buckets": 65536, "Min Hash Buckets": 65536, "Max Hash Batches": 1, "Min Hash Batches": 1, "Max Original Hash Batches": 1, "Min Original Hash Batches": 1, "Max Peak Memory Usage": 2981, "min Peak Memory Usage": 2981, "Plans": [{"Node Type": "Streaming(type: LOCAL REDISTRIBUTE dop: 16/16)", "Parent Relationship": "Outer", "Startup Cost": 0.0, "Total Cost": 34659.52, "Plan Rows": 901342, "Plan Width": 20, "Actual Min Startup Time": 0.048, "Actual Max Startup Time": 211.292, "Actual Min Total Time": 113.469, "Actual Max Total Time": 331.199, "Plans": [{"Node Type": "Seq Scan", "Parent Relationship": "Outer", "Relation Name": "aka_name", "Alias": "an1", "Startup Cost": 0.0, "Total Cost": 16244.28, "Plan Rows": 901342, "Plan Width": 20, "Actual Min Startup Time": 0.02, "Actual Max Startup Time": 0.037, "Actual Min Total Time": 16.899, "Actual Max Total Time": 20.777, "Actual Rows": 901342}], "Actual Rows": 901342}], "Actual Rows": 901342}], "Actual Rows": 323005}], "Actual Rows": 323005}, {"Node Type": "Hash", "Parent Relationship": "Inner", "Startup Cost": 43334.25, "Total Cost": 43334.25, "Plan Rows": 2528311, "Plan Width": 21, "Actual Min Startup Time": 361.928, "Actual Max Startup Time": 536.694, "Actual Min Total Time": 361.928, "Actual Max Total Time": 536.694, "Max Hash Buckets": 262144, "Min Hash Buckets": 262144, "Max Hash Batches": 1, "Min Hash Batches": 1, "Max Original Hash Batches": 1, "Min Original Hash Batches": 1, "Max Peak Memory Usage": 8518, "min Peak Memory Usage": 8518, "Plans": [{"Node Type": "Streaming(type: LOCAL REDISTRIBUTE dop: 16/16)", "Parent Relationship": "Outer", "Startup Cost": 0.0, "Total Cost": 43334.25, "Plan Rows": 2528311, "Plan Width": 21, "Actual Min Startup Time": 0.052, "Actual Max Startup Time": 29.929, "Actual Min Total Time": 291.244, "Actual Max Total Time": 484.112, "Plans": [{"Node Type": "Seq Scan", "Parent Relationship": "Outer", "Relation Name": "title", "Alias": "t", "Startup Cost": 0.0, "Total Cost": 18754.32, "Plan Rows": 2528311, "Plan Width": 21, "Actual Min Startup Time": 0.018, "Actual Max Startup Time": 0.034, "Actual Min Total Time": 48.948, "Actual Max Total Time": 58.428, "Actual Rows": 2528311}], "Actual Rows": 2528311}], "Actual Rows": 2528311}], "Actual Rows": 323005}], "Actual Rows": 323005}, {"Node Type": "Hash", "Parent Relationship": "Inner", "Startup Cost": 51607.87, "Total Cost": 51607.87, "Plan Rows": 4167490, "Plan Width": 4, "Actual Min Startup Time": 514.494, "Actual Max Startup Time": 693.507, "Actual Min Total Time": 514.494, "Actual Max Total Time": 693.507, "Max Hash Buckets": 262144, "Min Hash Buckets": 262144, "Max Hash Batches": 1, "Min Hash Batches": 1, "Max Original Hash Batches": 1, "Min Original Hash Batches": 1, "Max Peak Memory Usage": 9174, "min Peak Memory Usage": 9174, "Plans": [{"Node Type": "Streaming(type: LOCAL REDISTRIBUTE dop: 16/16)", "Parent Relationship": "Outer", "Startup Cost": 0.0, "Total Cost": 51607.87, "Plan Rows": 4167490, "Plan Width": 4, "Actual Min Startup Time": 0.053, "Actual Max Startup Time": 140.533, "Actual Min Total Time": 409.113, "Actual Max Total Time": 612.992, "Plans": [{"Node Type": "Seq Scan", "Parent Relationship": "Outer", "Relation Name": "name", "Alias": "n1", "Startup Cost": 0.0, "Total Cost": 20816.99, "Plan Rows": 4167490, "Plan Width": 4, "Actual Min Startup Time": 0.017, "Actual Max Startup Time": 0.034, "Actual Min Total Time": 74.859, "Actual Max Total Time": 86.06, "Actual Rows": 4167490}], "Actual Rows": 4167490}], "Actual Rows": 4167490}], "Actual Rows": 323005}], "Actual Rows": 16}], "Actual Rows": 16}], "Actual Rows": 1}, "Triggers": [], "Planner Runtime": 195.615, "Total Runtime": 1475.961, "Unique SQL Id": 2457761703}}, "(16, '13')": {"explain_plan": {"Plan": {"Node Type": "Aggregate", "Strategy": "Plain", "Startup Cost": 1406524.48, "Total Cost": 1406524.51, "Plan Rows": 1, "Plan Width": 97, "Plans": [{"Node Type": "Streaming(type: LOCAL GATHER dop: 1/16)", "Parent Relationship": "Outer", "Startup Cost": 1406524.48, "Total Cost": 1406524.51, "Plan Rows": 1, "Plan Width": 97, "Plans": [{"Node Type": "Aggregate", "Strategy": "Plain", "Parent Relationship": "Outer", "Startup Cost": 1406524.48, "Total Cost": 1406524.49, "Plan Rows": 1, "Plan Width": 97, "Plans": [{"Node Type": "Hash Join", "Parent Relationship": "Outer", "Join Type": "Inner", "Startup Cost": 270868.12, "Total Cost": 1404738.99, "Plan Rows": 357098, "Plan Width": 33, "Inner Unique": true, "Hash Cond": "(ci.movie_id = t.id), (LLVM Optimized)", "Plans": [{"Node Type": "Streaming(type: LOCAL REDISTRIBUTE dop: 16/16)", "Parent Relationship": "Outer", "Startup Cost": 237393.5, "Total Cost": 1370957.42, "Plan Rows": 357379, "Plan Width": 24, "Plans": [{"Node Type": "Hash Join", "Parent Relationship": "Outer", "Join Type": "Inner", "Startup Cost": 237393.5, "Total Cost": 1354603.29, "Plan Rows": 357379, "Plan Width": 24, "Inner Unique": true, "Hash Cond": "(mc.company_id = cn.id), (LLVM Optimized)", "Plans": [{"Node Type": "Streaming(type: LOCAL REDISTRIBUTE dop: 16/16)", "Parent Relationship": "Outer", "Startup Cost": 230066.23, "Total Cost": 1346882.23, "Plan Rows": 727161, "Plan Width": 28, "Plans": [{"Node Type": "Hash Join", "Parent Relationship": "Outer", "Join Type": "Inner", "Startup Cost": 230066.23, "Total Cost": 1329126.97, "Plan Rows": 727161, "Plan Width": 28, "Inner Unique": true, "Hash Cond": "(an1.person_id = n1.id), (LLVM Optimized)", "Plans": [{"Node Type": "Streaming(type: LOCAL REDISTRIBUTE dop: 16/16)", "Parent Relationship": "Outer", "Startup Cost": 175427.87, "Total Cost": 1273863.7, "Plan Rows": 727161, "Plan Width": 36, "Plans": [{"Node Type": "Hash Join", "Parent Relationship": "Outer", "Join Type": "Inner", "Startup Cost": 175427.87, "Total Cost": 1256108.44, "Plan Rows": 727161, "Plan Width": 36, "Inner Unique": false, "Hash Cond": "(ci.movie_id = mc.movie_id), (LLVM Optimized)", "Plans": [{"Node Type": "Streaming(type: LOCAL REDISTRIBUTE dop: 16/16)", "Parent Relationship": "Outer", "Startup Cost": 137161.66, "Total Cost": 1215145.72, "Plan Rows": 1484588, "Plan Width": 28, "Plans": [{"Node Type": "Hash Join", "Parent Relationship": "Outer", "Join Type": "Inner", "Startup Cost": 137161.66, "Total Cost": 1194520.52, "Plan Rows": 1484588, "Plan Width": 28, "Inner Unique": false, "Hash Cond": "(ci.person_id = an1.person_id), (LLVM Optimized)", "Plans": [{"Node Type": "Streaming(type: LOCAL REDISTRIBUTE dop: 16/16)", "Parent Relationship": "Outer", "Startup Cost": 15012.82, "Total Cost": 1066844.59, "Plan Rows": 3296318, "Plan Width": 8, "Plans": [{"Node Type": "Hash Join", "Parent Relationship": "Outer", "Join Type": "Inner", "Startup Cost": 15012.82, "Total Cost": 1039354.63, "Plan Rows": 3296318, "Plan Width": 8, "Inner Unique": true, "Hash Cond": "(ci.role_id = rt.id), (LLVM Optimized)", "Plans": [{"Node Type": "Index Scan", "Parent Relationship": "Outer", "Scan Direction": "Forward", "Index Name": "role_id_cast_info", "Relation Name": "cast_info", "Alias": "ci", "Startup Cost": 0.0, "Total Cost": 1016601.9, "Plan Rows": 36259494, "Plan Width": 12}, {"Node Type": "Hash", "Parent Relationship": "Inner", "Startup Cost": 15012.81, "Total Cost": 15012.81, "Plan Rows": 16, "Plan Width": 4, "Plans": [{"Node Type": "Streaming(type: BROADCAST dop: 16/1)", "Parent Relationship": "Outer", "Startup Cost": 0.0, "Total Cost": 15012.81, "Plan Rows": 16, "Plan Width": 4, "Plans": [{"Node Type": "Index Scan", "Parent Relationship": "Outer", "Scan Direction": "Forward", "Index Name": "role_type_pkey", "Relation Name": "role_type", "Alias": "rt", "Startup Cost": 0.0, "Total Cost": 12.46, "Plan Rows": 1, "Plan Width": 4, "Filter": "((role)::text = 'costume designer'::text)"}]}]}]}]}, {"Node Type": "Hash", "Parent Relationship": "Inner", "Startup Cost": 121444.67, "Total Cost": 121444.67, "Plan Rows": 901342, "Plan Width": 20, "Plans": [{"Node Type": "Streaming(type: LOCAL REDISTRIBUTE dop: 16/1)", "Parent Relationship": "Outer", "Startup Cost": 0.0, "Total Cost": 121444.67, "Plan Rows": 901342, "Plan Width": 20, "Plans": [{"Node Type": "Index Scan", "Parent Relationship": "Outer", "Scan Direction": "Forward", "Index Name": "person_id_aka_name", "Relation Name": "aka_name", "Alias": "an1", "Startup Cost": 0.0, "Total Cost": 68965.03, "Plan Rows": 901342, "Plan Width": 20}]}]}]}]}, {"Node Type": "Hash", "Parent Relationship": "Inner", "Startup Cost": 139099.07, "Total Cost": 139099.07, "Plan Rows": 2609128, "Plan Width": 8, "Plans": [{"Node Type": "Streaming(type: LOCAL REDISTRIBUTE dop: 16/16)", "Parent Relationship": "Outer", "Startup Cost": 0.0, "Total Cost": 139099.07, "Plan Rows": 2609128, "Plan Width": 8, "Plans": [{"Node Type": "Index Scan", "Parent Relationship": "Outer", "Scan Direction": "Forward", "Index Name": "company_id_movie_companies", "Relation Name": "movie_companies", "Alias": "mc", "Startup Cost": 0.0, "Total Cost": 114212.92, "Plan Rows": 2609128, "Plan Width": 8}]}]}]}]}, {"Node Type": "Hash", "Parent Relationship": "Inner", "Startup Cost": 182953.41, "Total Cost": 182953.41, "Plan Rows": 4167490, "Plan Width": 4, "Plans": [{"Node Type": "Streaming(type: LOCAL REDISTRIBUTE dop: 16/16)", "Parent Relationship": "Outer", "Startup Cost": 0.0, "Total Cost": 182953.41, "Plan Rows": 4167490, "Plan Width": 4, "Plans": [{"Node Type": "Index Scan", "Parent Relationship": "Outer", "Scan Direction": "Forward", "Index Name": "name_pkey", "Relation Name": "name", "Alias": "n1", "Startup Cost": 0.0, "Total Cost": 152162.53, "Plan Rows": 4167490, "Plan Width": 4}]}]}]}]}, {"Node Type": "Hash", "Parent Relationship": "Inner", "Startup Cost": 29042.93, "Total Cost": 29042.93, "Plan Rows": 85170, "Plan Width": 4, "Plans": [{"Node Type": "Streaming(type: LOCAL REDISTRIBUTE dop: 16/1)", "Parent Relationship": "Outer", "Startup Cost": 0.0, "Total Cost": 29042.93, "Plan Rows": 85170, "Plan Width": 4, "Plans": [{"Node Type": "Index Scan", "Parent Relationship": "Outer", "Scan Direction": "Forward", "Index Name": "company_name_pkey", "Relation Name": "company_name", "Alias": "cn", "Startup Cost": 0.0, "Total Cost": 10501.39, "Plan Rows": 85170, "Plan Width": 4, "Filter": "((country_code)::text = '[us]'::text)"}]}]}]}]}, {"Node Type": "Hash", "Parent Relationship": "Inner", "Startup Cost": 125997.5, "Total Cost": 125997.5, "Plan Rows": 2528311, "Plan Width": 21, "Plans": [{"Node Type": "Streaming(type: LOCAL REDISTRIBUTE dop: 16/16)", "Parent Relationship": "Outer", "Startup Cost": 0.0, "Total Cost": 125997.5, "Plan Rows": 2528311, "Plan Width": 21, "Plans": [{"Node Type": "Index Scan", "Parent Relationship": "Outer", "Scan Direction": "Forward", "Index Name": "title_pkey", "Relation Name": "title", "Alias": "t", "Startup Cost": 0.0, "Total Cost": 101417.57, "Plan Rows": 2528311, "Plan Width": 21}]}]}]}]}]}]}, "Unique SQL Id": 2457761703, "Planner Runtime": 110}, "explain_analyze_plan": {"Plan": {"Node Type": "Aggregate", "Strategy": "Plain", "Startup Cost": 1406524.48, "Total Cost": 1406524.51, "Plan Rows": 1, "Plan Width": 97, "Actual Min Startup Time": 3302.917, "Actual Max Startup Time": 3302.917, "Actual Min Total Time": 3302.917, "Actual Max Total Time": 3302.917, "Plans": [{"Node Type": "Streaming(type: LOCAL GATHER dop: 1/16)", "Parent Relationship": "Outer", "Startup Cost": 1406524.48, "Total Cost": 1406524.51, "Plan Rows": 1, "Plan Width": 97, "Actual Min Startup Time": 3301.307, "Actual Max Startup Time": 3301.307, "Actual Min Total Time": 3302.889, "Actual Max Total Time": 3302.889, "Plans": [{"Node Type": "Aggregate", "Strategy": "Plain", "Parent Relationship": "Outer", "Startup Cost": 1406524.48, "Total Cost": 1406524.49, "Plan Rows": 1, "Plan Width": 97, "Actual Min Startup Time": 2723.764, "Actual Max Startup Time": 3026.603, "Actual Min Total Time": 2723.764, "Actual Max Total Time": 3026.604, "Plans": [{"Node Type": "Hash Join", "Parent Relationship": "Outer", "Join Type": "Inner", "Startup Cost": 270868.12, "Total Cost": 1404738.99, "Plan Rows": 357098, "Plan Width": 33, "Actual Min Startup Time": 1586.635, "Actual Max Startup Time": 1909.665, "Actual Min Total Time": 2714.091, "Actual Max Total Time": 3016.988, "Inner Unique": true, "Hash Cond": "(ci.movie_id = t.id), (LLVM Optimized, Jit Execute)", "Plans": [{"Node Type": "Streaming(type: LOCAL REDISTRIBUTE dop: 16/16)", "Parent Relationship": "Outer", "Startup Cost": 237393.5, "Total Cost": 1370957.42, "Plan Rows": 357379, "Plan Width": 24, "Actual Min Startup Time": 931.467, "Actual Max Startup Time": 980.841, "Actual Min Total Time": 2046.253, "Actual Max Total Time": 2051.188, "Plans": [{"Node Type": "Hash Join", "Parent Relationship": "Outer", "Join Type": "Inner", "Startup Cost": 237393.5, "Total Cost": 1354603.29, "Plan Rows": 357379, "Plan Width": 24, "Actual Min Startup Time": 1565.26, "Actual Max Startup Time": 1797.937, "Actual Min Total Time": 2693.893, "Actual Max Total Time": 2913.922, "Inner Unique": true, "Hash Cond": "(mc.company_id = cn.id), (LLVM Optimized, Jit Execute)", "Plans": [{"Node Type": "Streaming(type: LOCAL REDISTRIBUTE dop: 16/16)", "Parent Relationship": "Outer", "Startup Cost": 230066.23, "Total Cost": 1346882.23, "Plan Rows": 727161, "Plan Width": 28, "Actual Min Startup Time": 1053.365, "Actual Max Startup Time": 1061.22, "Actual Min Total Time": 2155.561, "Actual Max Total Time": 2176.284, "Plans": [{"Node Type": "Hash Join", "Parent Relationship": "Outer", "Join Type": "Inner", "Startup Cost": 230066.23, "Total Cost": 1329126.97, "Plan Rows": 727161, "Plan Width": 28, "Actual Min Startup Time": 1573.982, "Actual Max Startup Time": 1958.368, "Actual Min Total Time": 2657.162, "Actual Max Total Time": 2976.633, "Inner Unique": true, "Hash Cond": "(an1.person_id = n1.id), (LLVM Optimized, Jit Execute)", "Plans": [{"Node Type": "Streaming(type: LOCAL REDISTRIBUTE dop: 16/16)", "Parent Relationship": "Outer", "Startup Cost": 175427.87, "Total Cost": 1273863.7, "Plan Rows": 727161, "Plan Width": 36, "Actual Min Startup Time": 866.204, "Actual Max Startup Time": 956.759, "Actual Min Total Time": 1914.043, "Actual Max Total Time": 1971.238, "Plans": [{"Node Type": "Hash Join", "Parent Relationship": "Outer", "Join Type": "Inner", "Startup Cost": 175427.87, "Total Cost": 1256108.44, "Plan Rows": 727161, "Plan Width": 36, "Actual Min Startup Time": 1562.301, "Actual Max Startup Time": 1843.531, "Actual Min Total Time": 2448.781, "Actual Max Total Time": 2767.031, "Inner Unique": false, "Hash Cond": "(ci.movie_id = mc.movie_id), (LLVM Optimized, Jit Execute)", "Plans": [{"Node Type": "Streaming(type: LOCAL REDISTRIBUTE dop: 16/16)", "Parent Relationship": "Outer", "Startup Cost": 137161.66, "Total Cost": 1215145.72, "Plan Rows": 1484588, "Plan Width": 28, "Actual Min Startup Time": 979.983, "Actual Max Startup Time": 993.729, "Actual Min Total Time": 1844.283, "Actual Max Total Time": 1902.378, "Plans": [{"Node Type": "Hash Join", "Parent Relationship": "Outer", "Join Type": "Inner", "Startup Cost": 137161.66, "Total Cost": 1194520.52, "Plan Rows": 1484588, "Plan Width": 28, "Actual Min Startup Time": 1552.542, "Actual Max Startup Time": 1828.568, "Actual Min Total Time": 2611.051, "Actual Max Total Time": 2922.674, "Inner Unique": false, "Hash Cond": "(ci.person_id = an1.person_id), (LLVM Optimized, Jit Execute)", "Plans": [{"Node Type": "Streaming(type: LOCAL REDISTRIBUTE dop: 16/16)", "Parent Relationship": "Outer", "Startup Cost": 15012.82, "Total Cost": 1066844.59, "Plan Rows": 3296318, "Plan Width": 8, "Actual Min Startup Time": 78.036, "Actual Max Startup Time": 87.577, "Actual Min Total Time": 1128.666, "Actual Max Total Time": 1197.697, "Plans": [{"Node Type": "Hash Join", "Parent Relationship": "Outer", "Join Type": "Inner", "Startup Cost": 15012.82, "Total Cost": 1039354.63, "Plan Rows": 3296318, "Plan Width": 8, "Actual Min Startup Time": 1621.458, "Actual Max Startup Time": 2378.502, "Actual Min Total Time": 2110.691, "Actual Max Total Time": 2378.502, "Inner Unique": true, "Hash Cond": "(ci.role_id = rt.id), (LLVM Optimized, Jit Execute)", "Plans": [{"Node Type": "Index Scan", "Parent Relationship": "Outer", "Scan Direction": "Forward", "Index Name": "role_id_cast_info", "Relation Name": "cast_info", "Alias": "ci", "Startup Cost": 0.0, "Total Cost": 1016601.9, "Plan Rows": 36259494, "Plan Width": 12, "Actual Min Startup Time": 645.331, "Actual Max Startup Time": 783.649, "Actual Min Total Time": 1693.701, "Actual Max Total Time": 1911.979, "Actual Rows": 36244343}, {"Node Type": "Hash", "Parent Relationship": "Inner", "Startup Cost": 15012.81, "Total Cost": 15012.81, "Plan Rows": 16, "Plan Width": 4, "Actual Min Startup Time": 0.008, "Actual Max Startup Time": 64.151, "Actual Min Total Time": 0.008, "Actual Max Total Time": 64.151, "Max Hash Buckets": 32768, "Min Hash Buckets": 32768, "Max Hash Batches": 1, "Min Hash Batches": 1, "Max Original Hash Batches": 1, "Min Original Hash Batches": 1, "Max Peak Memory Usage": 1, "min Peak Memory Usage": 1, "Plans": [{"Node Type": "Streaming(type: BROADCAST dop: 16/1)", "Parent Relationship": "Outer", "Startup Cost": 0.0, "Total Cost": 15012.81, "Plan Rows": 16, "Plan Width": 4, "Actual Min Startup Time": 0.004, "Actual Max Startup Time": 64.144, "Actual Min Total Time": 0.004, "Actual Max Total Time": 64.145, "Plans": [{"Node Type": "Index Scan", "Parent Relationship": "Outer", "Scan Direction": "Forward", "Index Name": "role_type_pkey", "Relation Name": "role_type", "Alias": "rt", "Startup Cost": 0.0, "Total Cost": 12.46, "Plan Rows": 1, "Plan Width": 4, "Actual Min Startup Time": 0.041, "Actual Max Startup Time": 0.041, "Actual Min Total Time": 0.044, "Actual Max Total Time": 0.044, "Filter": "((role)::text = 'costume designer'::text)", "Rows Removed by Filter": 11, "Actual Rows": 1}], "Actual Rows": 16}], "Actual Rows": 16}], "Actual Rows": 276403}], "Actual Rows": 276403}, {"Node Type": "Hash", "Parent Relationship": "Inner", "Startup Cost": 121444.67, "Total Cost": 121444.67, "Plan Rows": 901342, "Plan Width": 20, "Actual Min Startup Time": 1468.194, "Actual Max Startup Time": 1749.209, "Actual Min Total Time": 1468.194, "Actual Max Total Time": 1749.209, "Max Hash Buckets": 65536, "Min Hash Buckets": 65536, "Max Hash Batches": 1, "Min Hash Batches": 1, "Max Original Hash Batches": 1, "Min Original Hash Batches": 1, "Max Peak Memory Usage": 2981, "min Peak Memory Usage": 2981, "Plans": [{"Node Type": "Streaming(type: LOCAL REDISTRIBUTE dop: 16/1)", "Parent Relationship": "Outer", "Startup Cost": 0.0, "Total Cost": 121444.67, "Plan Rows": 901342, "Plan Width": 20, "Actual Min Startup Time": 0.039, "Actual Max Startup Time": 281.599, "Actual Min Total Time": 1450.988, "Actual Max Total Time": 1725.838, "Plans": [{"Node Type": "Index Scan", "Parent Relationship": "Outer", "Scan Direction": "Forward", "Index Name": "person_id_aka_name", "Relation Name": "aka_name", "Alias": "an1", "Startup Cost": 0.0, "Total Cost": 68965.03, "Plan Rows": 901342, "Plan Width": 20, "Actual Min Startup Time": 0.052, "Actual Max Startup Time": 0.052, "Actual Min Total Time": 790.263, "Actual Max Total Time": 790.263, "Actual Rows": 901342}], "Actual Rows": 901342}], "Actual Rows": 901342}], "Actual Rows": 218966}], "Actual Rows": 218966}, {"Node Type": "Hash", "Parent Relationship": "Inner", "Startup Cost": 139099.07, "Total Cost": 139099.07, "Plan Rows": 2609128, "Plan Width": 8, "Actual Min Startup Time": 581.948, "Actual Max Startup Time": 862.587, "Actual Min Total Time": 581.948, "Actual Max Total Time": 862.587, "Max Hash Buckets": 262144, "Min Hash Buckets": 262144, "Max Hash Batches": 1, "Min Hash Batches": 1, "Max Original Hash Batches": 1, "Min Original Hash Batches": 1, "Max Peak Memory Usage": 6396, "min Peak Memory Usage": 6396, "Plans": [{"Node Type": "Streaming(type: LOCAL REDISTRIBUTE dop: 16/16)", "Parent Relationship": "Outer", "Startup Cost": 0.0, "Total Cost": 139099.07, "Plan Rows": 2609128, "Plan Width": 8, "Actual Min Startup Time": 0.05, "Actual Max Startup Time": 112.502, "Actual Min Total Time": 524.183, "Actual Max Total Time": 807.363, "Plans": [{"Node Type": "Index Scan", "Parent Relationship": "Outer", "Scan Direction": "Forward", "Index Name": "company_id_movie_companies", "Relation Name": "movie_companies", "Alias": "mc", "Startup Cost": 0.0, "Total Cost": 114212.92, "Plan Rows": 2609128, "Plan Width": 8, "Actual Min Startup Time": 0.055, "Actual Max Startup Time": 204.879, "Actual Min Total Time": 190.275, "Actual Max Total Time": 497.445, "Actual Rows": 2609128}], "Actual Rows": 2609128}], "Actual Rows": 2609128}], "Actual Rows": 752819}], "Actual Rows": 752819}, {"Node Type": "Hash", "Parent Relationship": "Inner", "Startup Cost": 182953.41, "Total Cost": 182953.41, "Plan Rows": 4167490, "Plan Width": 4, "Actual Min Startup Time": 697.261, "Actual Max Startup Time": 1021.878, "Actual Min Total Time": 697.261, "Actual Max Total Time": 1021.878, "Max Hash Buckets": 262144, "Min Hash Buckets": 262144, "Max Hash Batches": 1, "Min Hash Batches": 1, "Max Original Hash Batches": 1, "Min Original Hash Batches": 1, "Max Peak Memory Usage": 9174, "min Peak Memory Usage": 9174, "Plans": [{"Node Type": "Streaming(type: LOCAL REDISTRIBUTE dop: 16/16)", "Parent Relationship": "Outer", "Startup Cost": 0.0, "Total Cost": 182953.41, "Plan Rows": 4167490, "Plan Width": 4, "Actual Min Startup Time": 0.054, "Actual Max Startup Time": 246.431, "Actual Min Total Time": 596.958, "Actual Max Total Time": 927.951, "Plans": [{"Node Type": "Index Scan", "Parent Relationship": "Outer", "Scan Direction": "Forward", "Index Name": "name_pkey", "Relation Name": "name", "Alias": "n1", "Startup Cost": 0.0, "Total Cost": 152162.53, "Plan Rows": 4167490, "Plan Width": 4, "Actual Min Startup Time": 60.229, "Actual Max Startup Time": 306.727, "Actual Min Total Time": 311.349, "Actual Max Total Time": 560.481, "Actual Rows": 4167490}], "Actual Rows": 4167490}], "Actual Rows": 4167490}], "Actual Rows": 752819}], "Actual Rows": 752819}, {"Node Type": "Hash", "Parent Relationship": "Inner", "Startup Cost": 29042.93, "Total Cost": 29042.93, "Plan Rows": 85170, "Plan Width": 4, "Actual Min Startup Time": 511.387, "Actual Max Startup Time": 742.213, "Actual Min Total Time": 511.387, "Actual Max Total Time": 742.213, "Max Hash Buckets": 32768, "Min Hash Buckets": 32768, "Max Hash Batches": 1, "Min Hash Batches": 1, "Max Original Hash Batches": 1, "Min Original Hash Batches": 1, "Max Peak Memory Usage": 182, "min Peak Memory Usage": 182, "Plans": [{"Node Type": "Streaming(type: LOCAL REDISTRIBUTE dop: 16/1)", "Parent Relationship": "Outer", "Startup Cost": 0.0, "Total Cost": 29042.93, "Plan Rows": 85170, "Plan Width": 4, "Actual Min Startup Time": 0.038, "Actual Max Startup Time": 229.663, "Actual Min Total Time": 509.495, "Actual Max Total Time": 740.36, "Plans": [{"Node Type": "Index Scan", "Parent Relationship": "Outer", "Scan Direction": "Forward", "Index Name": "company_name_pkey", "Relation Name": "company_name", "Alias": "cn", "Startup Cost": 0.0, "Total Cost": 10501.39, "Plan Rows": 85170, "Plan Width": 4, "Actual Min Startup Time": 0.059, "Actual Max Startup Time": 0.059, "Actual Min Total Time": 444.105, "Actual Max Total Time": 444.105, "Filter": "((country_code)::text = '[us]'::text)", "Rows Removed by Filter": 150153, "Actual Rows": 84843}], "Actual Rows": 84843}], "Actual Rows": 84843}], "Actual Rows": 323005}], "Actual Rows": 323005}, {"Node Type": "Hash", "Parent Relationship": "Inner", "Startup Cost": 125997.5, "Total Cost": 125997.5, "Plan Rows": 2528311, "Plan Width": 21, "Actual Min Startup Time": 654.95, "Actual Max Startup Time": 957.925, "Actual Min Total Time": 654.95, "Actual Max Total Time": 957.925, "Max Hash Buckets": 262144, "Min Hash Buckets": 262144, "Max Hash Batches": 1, "Min Hash Batches": 1, "Max Original Hash Batches": 1, "Min Original Hash Batches": 1, "Max Peak Memory Usage": 8518, "min Peak Memory Usage": 8518, "Plans": [{"Node Type": "Streaming(type: LOCAL REDISTRIBUTE dop: 16/16)", "Parent Relationship": "Outer", "Startup Cost": 0.0, "Total Cost": 125997.5, "Plan Rows": 2528311, "Plan Width": 21, "Actual Min Startup Time": 0.05, "Actual Max Startup Time": 192.809, "Actual Min Total Time": 585.619, "Actual Max Total Time": 904.138, "Plans": [{"Node Type": "Index Scan", "Parent Relationship": "Outer", "Scan Direction": "Forward", "Index Name": "title_pkey", "Relation Name": "title", "Alias": "t", "Startup Cost": 0.0, "Total Cost": 101417.57, "Plan Rows": 2528311, "Plan Width": 21, "Actual Min Startup Time": 28.69, "Actual Max Startup Time": 239.756, "Actual Min Total Time": 321.352, "Actual Max Total Time": 625.216, "Actual Rows": 2528311}], "Actual Rows": 2528311}], "Actual Rows": 2528311}], "Actual Rows": 323005}], "Actual Rows": 16}], "Actual Rows": 16}], "Actual Rows": 1}, "Triggers": [], "Planner Runtime": 110.135, "Total Runtime": 3348.961, "Unique SQL Id": 2457761703}}, "(16, '14')": {"explain_plan": {"Plan": {"Node Type": "Aggregate", "Strategy": "Plain", "Startup Cost": 287566.27, "Total Cost": 287566.3, "Plan Rows": 1, "Plan Width": 97, "Plans": [{"Node Type": "Streaming(type: LOCAL GATHER dop: 1/16)", "Parent Relationship": "Outer", "Startup Cost": 287566.27, "Total Cost": 287566.3, "Plan Rows": 1, "Plan Width": 97, "Plans": [{"Node Type": "Aggregate", "Strategy": "Plain", "Parent Relationship": "Outer", "Startup Cost": 287566.27, "Total Cost": 287566.28, "Plan Rows": 1, "Plan Width": 97, "Plans": [{"Node Type": "Hash Join", "Parent Relationship": "Outer", "Join Type": "Inner", "Startup Cost": 142621.96, "Total Cost": 285780.78, "Plan Rows": 357098, "Plan Width": 33, "Inner Unique": true, "Hash Cond": "(an1.person_id = n1.id), (LLVM Optimized)", "Plans": [{"Node Type": "Streaming(type: LOCAL REDISTRIBUTE dop: 16/16)", "Parent Relationship": "Outer", "Startup Cost": 126464.14, "Total Cost": 269316.07, "Plan Rows": 357098, "Plan Width": 41, "Plans": [{"Node Type": "Hash Join", "Parent Relationship": "Outer", "Join Type": "Inner", "Startup Cost": 126464.14, "Total Cost": 252963.01, "Plan Rows": 357098, "Plan Width": 41, "Inner Unique": true, "Hash Cond": "(ci.movie_id = t.id), (LLVM Optimized)", "Plans": [{"Node Type": "Streaming(type: LOCAL REDISTRIBUTE dop: 16/16)", "Parent Relationship": "Outer", "Startup Cost": 113655.34, "Total Cost": 239847.25, "Plan Rows": 357379, "Plan Width": 32, "Plans": [{"Node Type": "Hash Join", "Parent Relationship": "Outer", "Join Type": "Inner", "Startup Cost": 113655.34, "Total Cost": 223493.12, "Plan Rows": 357379, "Plan Width": 32, "Inner Unique": false, "Hash Cond": "(ci.person_id = an1.person_id), (LLVM Optimized)", "Plans": [{"Node Type": "Streaming(type: LOCAL REDISTRIBUTE dop: 16/16)", "Parent Relationship": "Outer", "Startup Cost": 104286.28, "Total Cost": 212931.86, "Plan Rows": 711018, "Plan Width": 12, "Plans": [{"Node Type": "Hash Join", "Parent Relationship": "Outer", "Join Type": "Inner", "Startup Cost": 104286.28, "Total Cost": 195237.77, "Plan Rows": 711018, "Plan Width": 12, "Inner Unique": false, "Hash Cond": "(ci.movie_id = mc.movie_id), (LLVM Optimized)", "Plans": [{"Node Type": "Streaming(type: LOCAL REDISTRIBUTE dop: 16/16)", "Parent Relationship": "Outer", "Startup Cost": 15001.51, "Total Cost": 102848.74, "Plan Rows": 3296318, "Plan Width": 8, "Plans": [{"Node Type": "Hash Join", "Parent Relationship": "Outer", "Join Type": "Inner", "Startup Cost": 15001.51, "Total Cost": 75358.79, "Plan Rows": 3296318, "Plan Width": 8, "Inner Unique": true, "Hash Cond": "(ci.role_id = rt.id), (LLVM Optimized)", "Plans": [{"Node Type": "Seq Scan", "Parent Relationship": "Outer", "Relation Name": "cast_info", "Alias": "ci", "Startup Cost": 0.0, "Total Cost": 52617.37, "Plan Rows": 36259494, "Plan Width": 12}, {"Node Type": "Hash", "Parent Relationship": "Inner", "Startup Cost": 15001.5, "Total Cost": 15001.5, "Plan Rows": 16, "Plan Width": 4, "Plans": [{"Node Type": "Streaming(type: BROADCAST dop: 16/1)", "Parent Relationship": "Outer", "Startup Cost": 0.0, "Total Cost": 15001.5, "Plan Rows": 16, "Plan Width": 4, "Plans": [{"Node Type": "Seq Scan", "Parent Relationship": "Outer", "Relation Name": "role_type", "Alias": "rt", "Startup Cost": 0.0, "Total Cost": 1.15, "Plan Rows": 1, "Plan Width": 4, "Filter": "((role)::text = 'costume designer'::text)"}]}]}]}]}, {"Node Type": "Hash", "Parent Relationship": "Inner", "Startup Cost": 88282.97, "Total Cost": 88282.97, "Plan Rows": 1282311, "Plan Width": 4, "Plans": [{"Node Type": "Streaming(type: LOCAL REDISTRIBUTE dop: 16/16)", "Parent Relationship": "Outer", "Startup Cost": 24511.53, "Total Cost": 88282.97, "Plan Rows": 1282311, "Plan Width": 4, "Plans": [{"Node Type": "Hash Join", "Parent Relationship": "Outer", "Join Type": "Inner", "Startup Cost": 24511.53, "Total Cost": 68424.21, "Plan Rows": 1282311, "Plan Width": 4, "Inner Unique": true, "Hash Cond": "(mc.company_id = cn.id), (LLVM Optimized)", "Plans": [{"Node Type": "Streaming(type: LOCAL REDISTRIBUTE dop: 16/16)", "Parent Relationship": "Outer", "Startup Cost": 0.0, "Total Cost": 42499.73, "Plan Rows": 2609128, "Plan Width": 8, "Plans": [{"Node Type": "Seq Scan", "Parent Relationship": "Outer", "Relation Name": "movie_companies", "Alias": "mc", "Startup Cost": 0.0, "Total Cost": 17613.58, "Plan Rows": 2609128, "Plan Width": 8}]}, {"Node Type": "Hash", "Parent Relationship": "Inner", "Startup Cost": 24444.99, "Total Cost": 24444.99, "Plan Rows": 85170, "Plan Width": 4, "Plans": [{"Node Type": "Streaming(type: LOCAL REDISTRIBUTE dop: 16/1)", "Parent Relationship": "Outer", "Startup Cost": 0.0, "Total Cost": 24444.99, "Plan Rows": 85170, "Plan Width": 4, "Plans": [{"Node Type": "Seq Scan", "Parent Relationship": "Outer", "Relation Name": "company_name", "Alias": "cn", "Startup Cost": 0.0, "Total Cost": 5903.45, "Plan Rows": 85170, "Plan Width": 4, "Filter": "((country_code)::text = '[us]'::text)"}]}]}]}]}]}]}]}, {"Node Type": "Hash", "Parent Relationship": "Inner", "Startup Cost": 34659.52, "Total Cost": 34659.52, "Plan Rows": 901342, "Plan Width": 20, "Plans": [{"Node Type": "Streaming(type: LOCAL REDISTRIBUTE dop: 16/16)", "Parent Relationship": "Outer", "Startup Cost": 0.0, "Total Cost": 34659.52, "Plan Rows": 901342, "Plan Width": 20, "Plans": [{"Node Type": "Seq Scan", "Parent Relationship": "Outer", "Relation Name": "aka_name", "Alias": "an1", "Startup Cost": 0.0, "Total Cost": 16244.28, "Plan Rows": 901342, "Plan Width": 20}]}]}]}]}, {"Node Type": "Hash", "Parent Relationship": "Inner", "Startup Cost": 43334.25, "Total Cost": 43334.25, "Plan Rows": 2528311, "Plan Width": 21, "Plans": [{"Node Type": "Streaming(type: LOCAL REDISTRIBUTE dop: 16/16)", "Parent Relationship": "Outer", "Startup Cost": 0.0, "Total Cost": 43334.25, "Plan Rows": 2528311, "Plan Width": 21, "Plans": [{"Node Type": "Seq Scan", "Parent Relationship": "Outer", "Relation Name": "title", "Alias": "t", "Startup Cost": 0.0, "Total Cost": 18754.32, "Plan Rows": 2528311, "Plan Width": 21}]}]}]}]}, {"Node Type": "Hash", "Parent Relationship": "Inner", "Startup Cost": 51607.87, "Total Cost": 51607.87, "Plan Rows": 4167490, "Plan Width": 4, "Plans": [{"Node Type": "Streaming(type: LOCAL REDISTRIBUTE dop: 16/16)", "Parent Relationship": "Outer", "Startup Cost": 0.0, "Total Cost": 51607.87, "Plan Rows": 4167490, "Plan Width": 4, "Plans": [{"Node Type": "Seq Scan", "Parent Relationship": "Outer", "Relation Name": "name", "Alias": "n1", "Startup Cost": 0.0, "Total Cost": 20816.99, "Plan Rows": 4167490, "Plan Width": 4}]}]}]}]}]}]}, "Unique SQL Id": 2457761703, "Planner Runtime": 200}, "explain_analyze_plan": {"Plan": {"Node Type": "Aggregate", "Strategy": "Plain", "Startup Cost": 287566.27, "Total Cost": 287566.3, "Plan Rows": 1, "Plan Width": 97, "Actual Min Startup Time": 1429.474, "Actual Max Startup Time": 1429.474, "Actual Min Total Time": 1429.474, "Actual Max Total Time": 1429.474, "Plans": [{"Node Type": "Streaming(type: LOCAL GATHER dop: 1/16)", "Parent Relationship": "Outer", "Startup Cost": 287566.27, "Total Cost": 287566.3, "Plan Rows": 1, "Plan Width": 97, "Actual Min Startup Time": 1428.475, "Actual Max Startup Time": 1428.475, "Actual Min Total Time": 1429.447, "Actual Max Total Time": 1429.447, "Plans": [{"Node Type": "Aggregate", "Strategy": "Plain", "Parent Relationship": "Outer", "Startup Cost": 287566.27, "Total Cost": 287566.28, "Plan Rows": 1, "Plan Width": 97, "Actual Min Startup Time": 1046.427, "Actual Max Startup Time": 1225.524, "Actual Min Total Time": 1046.427, "Actual Max Total Time": 1225.525, "Plans": [{"Node Type": "Hash Join", "Parent Relationship": "Outer", "Join Type": "Inner", "Startup Cost": 142621.96, "Total Cost": 285780.78, "Plan Rows": 357098, "Plan Width": 33, "Actual Min Startup Time": 657.95, "Actual Max Startup Time": 846.411, "Actual Min Total Time": 1031.721, "Actual Max Total Time": 1217.172, "Inner Unique": true, "Hash Cond": "(an1.person_id = n1.id), (LLVM Optimized, Jit Execute)", "Plans": [{"Node Type": "Streaming(type: LOCAL REDISTRIBUTE dop: 16/16)", "Parent Relationship": "Outer", "Startup Cost": 126464.14, "Total Cost": 269316.07, "Plan Rows": 357098, "Plan Width": 41, "Actual Min Startup Time": 138.252, "Actual Max Startup Time": 161.278, "Actual Min Total Time": 500.465, "Actual Max Total Time": 521.157, "Plans": [{"Node Type": "Hash Join", "Parent Relationship": "Outer", "Join Type": "Inner", "Startup Cost": 126464.14, "Total Cost": 252963.01, "Plan Rows": 357098, "Plan Width": 41, "Actual Min Startup Time": 650.282, "Actual Max Startup Time": 827.406, "Actual Min Total Time": 1018.2, "Actual Max Total Time": 1197.69, "Inner Unique": true, "Hash Cond": "(ci.movie_id = t.id), (LLVM Optimized, Jit Execute)", "Plans": [{"Node Type": "Streaming(type: LOCAL REDISTRIBUTE dop: 16/16)", "Parent Relationship": "Outer", "Startup Cost": 113655.34, "Total Cost": 239847.25, "Plan Rows": 357379, "Plan Width": 32, "Actual Min Startup Time": 284.581, "Actual Max Startup Time": 292.563, "Actual Min Total Time": 643.034, "Actual Max Total Time": 653.83, "Plans": [{"Node Type": "Hash Join", "Parent Relationship": "Outer", "Join Type": "Inner", "Startup Cost": 113655.34, "Total Cost": 223493.12, "Plan Rows": 357379, "Plan Width": 32, "Actual Min Startup Time": 656.508, "Actual Max Startup Time": 864.813, "Actual Min Total Time": 976.219, "Actual Max Total Time": 1211.51, "Inner Unique": false, "Hash Cond": "(ci.person_id = an1.person_id), (LLVM Optimized, Jit Execute)", "Plans": [{"Node Type": "Streaming(type: LOCAL REDISTRIBUTE dop: 16/16)", "Parent Relationship": "Outer", "Startup Cost": 104286.28, "Total Cost": 212931.86, "Plan Rows": 711018, "Plan Width": 12, "Actual Min Startup Time": 516.593, "Actual Max Startup Time": 530.476, "Actual Min Total Time": 825.032, "Actual Max Total Time": 876.688, "Plans": [{"Node Type": "Hash Join", "Parent Relationship": "Outer", "Join Type": "Inner", "Startup Cost": 104286.28, "Total Cost": 195237.77, "Plan Rows": 711018, "Plan Width": 12, "Actual Min Startup Time": 655.48, "Actual Max Startup Time": 884.626, "Actual Min Total Time": 967.321, "Actual Max Total Time": 1196.253, "Inner Unique": false, "Hash Cond": "(ci.movie_id = mc.movie_id), (LLVM Optimized, Jit Execute)", "Plans": [{"Node Type": "Streaming(type: LOCAL REDISTRIBUTE dop: 16/16)", "Parent Relationship": "Outer", "Startup Cost": 15001.51, "Total Cost": 102848.74, "Plan Rows": 3296318, "Plan Width": 8, "Actual Min Startup Time": 0.062, "Actual Max Startup Time": 0.846, "Actual Min Total Time": 293.775, "Actual Max Total Time": 312.773, "Plans": [{"Node Type": "Hash Join", "Parent Relationship": "Outer", "Join Type": "Inner", "Startup Cost": 15001.51, "Total Cost": 75358.79, "Plan Rows": 3296318, "Plan Width": 8, "Actual Min Startup Time": 729.862, "Actual Max Startup Time": 782.989, "Actual Min Total Time": 934.617, "Actual Max Total Time": 992.529, "Inner Unique": true, "Hash Cond": "(ci.role_id = rt.id), (LLVM Optimized, Jit Execute)", "Plans": [{"Node Type": "Seq Scan", "Parent Relationship": "Outer", "Relation Name": "cast_info", "Alias": "ci", "Startup Cost": 0.0, "Total Cost": 52617.37, "Plan Rows": 36259494, "Plan Width": 12, "Actual Min Startup Time": 0.029, "Actual Max Startup Time": 0.042, "Actual Min Total Time": 515.441, "Actual Max Total Time": 569.135, "Actual Rows": 36244343}, {"Node Type": "Hash", "Parent Relationship": "Inner", "Startup Cost": 15001.5, "Total Cost": 15001.5, "Plan Rows": 16, "Plan Width": 4, "Actual Min Startup Time": 0.012, "Actual Max Startup Time": 11.903, "Actual Min Total Time": 0.012, "Actual Max Total Time": 11.903, "Max Hash Buckets": 32768, "Min Hash Buckets": 32768, "Max Hash Batches": 1, "Min Hash Batches": 1, "Max Original Hash Batches": 1, "Min Original Hash Batches": 1, "Max Peak Memory Usage": 1, "min Peak Memory Usage": 1, "Plans": [{"Node Type": "Streaming(type: BROADCAST dop: 16/1)", "Parent Relationship": "Outer", "Startup Cost": 0.0, "Total Cost": 15001.5, "Plan Rows": 16, "Plan Width": 4, "Actual Min Startup Time": 0.004, "Actual Max Startup Time": 11.888, "Actual Min Total Time": 0.004, "Actual Max Total Time": 11.889, "Plans": [{"Node Type": "Seq Scan", "Parent Relationship": "Outer", "Relation Name": "role_type", "Alias": "rt", "Startup Cost": 0.0, "Total Cost": 1.15, "Plan Rows": 1, "Plan Width": 4, "Actual Min Startup Time": 0.025, "Actual Max Startup Time": 0.025, "Actual Min Total Time": 0.027, "Actual Max Total Time": 0.027, "Filter": "((role)::text = 'costume designer'::text)", "Rows Removed by Filter": 11, "Actual Rows": 1}], "Actual Rows": 16}], "Actual Rows": 16}], "Actual Rows": 276403}], "Actual Rows": 276403}, {"Node Type": "Hash", "Parent Relationship": "Inner", "Startup Cost": 88282.97, "Total Cost": 88282.97, "Plan Rows": 1282311, "Plan Width": 4, "Actual Min Startup Time": 655.204, "Actual Max Startup Time": 884.113, "Actual Min Total Time": 655.204, "Actual Max Total Time": 884.113, "Max Hash Buckets": 131072, "Min Hash Buckets": 131072, "Max Hash Batches": 1, "Min Hash Batches": 1, "Max Original Hash Batches": 1, "Min Original Hash Batches": 1, "Max Peak Memory Usage": 2542, "min Peak Memory Usage": 2542, "Plans": [{"Node Type": "Streaming(type: LOCAL REDISTRIBUTE dop: 16/16)", "Parent Relationship": "Outer", "Startup Cost": 24511.53, "Total Cost": 88282.97, "Plan Rows": 1282311, "Plan Width": 4, "Actual Min Startup Time": 186.112, "Actual Max Startup Time": 414.758, "Actual Min Total Time": 627.769, "Actual Max Total Time": 863.493, "Plans": [{"Node Type": "Hash Join", "Parent Relationship": "Outer", "Join Type": "Inner", "Startup Cost": 24511.53, "Total Cost": 68424.21, "Plan Rows": 1282311, "Plan Width": 4, "Actual Min Startup Time": 176.757, "Actual Max Startup Time": 400.58, "Actual Min Total Time": 517.522, "Actual Max Total Time": 794.956, "Inner Unique": true, "Hash Cond": "(mc.company_id = cn.id), (LLVM Optimized, Jit Execute)", "Plans": [{"Node Type": "Streaming(type: LOCAL REDISTRIBUTE dop: 16/16)", "Parent Relationship": "Outer", "Startup Cost": 0.0, "Total Cost": 42499.73, "Plan Rows": 2609128, "Plan Width": 8, "Actual Min Startup Time": 0.062, "Actual Max Startup Time": 1.791, "Actual Min Total Time": 265.249, "Actual Max Total Time": 357.061, "Plans": [{"Node Type": "Seq Scan", "Parent Relationship": "Outer", "Relation Name": "movie_companies", "Alias": "mc", "Startup Cost": 0.0, "Total Cost": 17613.58, "Plan Rows": 2609128, "Plan Width": 8, "Actual Min Startup Time": 0.026, "Actual Max Startup Time": 0.044, "Actual Min Total Time": 42.83, "Actual Max Total Time": 51.451, "Actual Rows": 2609128}], "Actual Rows": 2609128}, {"Node Type": "Hash", "Parent Relationship": "Inner", "Startup Cost": 24444.99, "Total Cost": 24444.99, "Plan Rows": 85170, "Plan Width": 4, "Actual Min Startup Time": 176.63, "Actual Max Startup Time": 399.346, "Actual Min Total Time": 176.63, "Actual Max Total Time": 399.346, "Max Hash Buckets": 32768, "Min Hash Buckets": 32768, "Max Hash Batches": 1, "Min Hash Batches": 1, "Max Original Hash Batches": 1, "Min Original Hash Batches": 1, "Max Peak Memory Usage": 182, "min Peak Memory Usage": 182, "Plans": [{"Node Type": "Streaming(type: LOCAL REDISTRIBUTE dop: 16/1)", "Parent Relationship": "Outer", "Startup Cost": 0.0, "Total Cost": 24444.99, "Plan Rows": 85170, "Plan Width": 4, "Actual Min Startup Time": 0.035, "Actual Max Startup Time": 218.603, "Actual Min Total Time": 174.868, "Actual Max Total Time": 397.632, "Plans": [{"Node Type": "Seq Scan", "Parent Relationship": "Outer", "Relation Name": "company_name", "Alias": "cn", "Startup Cost": 0.0, "Total Cost": 5903.45, "Plan Rows": 85170, "Plan Width": 4, "Actual Min Startup Time": 0.038, "Actual Max Startup Time": 0.038, "Actual Min Total Time": 94.596, "Actual Max Total Time": 94.596, "Filter": "((country_code)::text = '[us]'::text)", "Rows Removed by Filter": 150153, "Actual Rows": 84843}], "Actual Rows": 84843}], "Actual Rows": 84843}], "Actual Rows": 1153797}], "Actual Rows": 1153797}], "Actual Rows": 1153797}], "Actual Rows": 285537}], "Actual Rows": 285537}, {"Node Type": "Hash", "Parent Relationship": "Inner", "Startup Cost": 34659.52, "Total Cost": 34659.52, "Plan Rows": 901342, "Plan Width": 20, "Actual Min Startup Time": 129.879, "Actual Max Startup Time": 348.156, "Actual Min Total Time": 129.879, "Actual Max Total Time": 348.156, "Max Hash Buckets": 65536, "Min Hash Buckets": 65536, "Max Hash Batches": 1, "Min Hash Batches": 1, "Max Original Hash Batches": 1, "Min Original Hash Batches": 1, "Max Peak Memory Usage": 2981, "min Peak Memory Usage": 2981, "Plans": [{"Node Type": "Streaming(type: LOCAL REDISTRIBUTE dop: 16/16)", "Parent Relationship": "Outer", "Startup Cost": 0.0, "Total Cost": 34659.52, "Plan Rows": 901342, "Plan Width": 20, "Actual Min Startup Time": 0.048, "Actual Max Startup Time": 211.292, "Actual Min Total Time": 113.469, "Actual Max Total Time": 331.199, "Plans": [{"Node Type": "Seq Scan", "Parent Relationship": "Outer", "Relation Name": "aka_name", "Alias": "an1", "Startup Cost": 0.0, "Total Cost": 16244.28, "Plan Rows": 901342, "Plan Width": 20, "Actual Min Startup Time": 0.02, "Actual Max Startup Time": 0.037, "Actual Min Total Time": 16.899, "Actual Max Total Time": 20.777, "Actual Rows": 901342}], "Actual Rows": 901342}], "Actual Rows": 901342}], "Actual Rows": 323005}], "Actual Rows": 323005}, {"Node Type": "Hash", "Parent Relationship": "Inner", "Startup Cost": 43334.25, "Total Cost": 43334.25, "Plan Rows": 2528311, "Plan Width": 21, "Actual Min Startup Time": 361.928, "Actual Max Startup Time": 536.694, "Actual Min Total Time": 361.928, "Actual Max Total Time": 536.694, "Max Hash Buckets": 262144, "Min Hash Buckets": 262144, "Max Hash Batches": 1, "Min Hash Batches": 1, "Max Original Hash Batches": 1, "Min Original Hash Batches": 1, "Max Peak Memory Usage": 8518, "min Peak Memory Usage": 8518, "Plans": [{"Node Type": "Streaming(type: LOCAL REDISTRIBUTE dop: 16/16)", "Parent Relationship": "Outer", "Startup Cost": 0.0, "Total Cost": 43334.25, "Plan Rows": 2528311, "Plan Width": 21, "Actual Min Startup Time": 0.052, "Actual Max Startup Time": 29.929, "Actual Min Total Time": 291.244, "Actual Max Total Time": 484.112, "Plans": [{"Node Type": "Seq Scan", "Parent Relationship": "Outer", "Relation Name": "title", "Alias": "t", "Startup Cost": 0.0, "Total Cost": 18754.32, "Plan Rows": 2528311, "Plan Width": 21, "Actual Min Startup Time": 0.018, "Actual Max Startup Time": 0.034, "Actual Min Total Time": 48.948, "Actual Max Total Time": 58.428, "Actual Rows": 2528311}], "Actual Rows": 2528311}], "Actual Rows": 2528311}], "Actual Rows": 323005}], "Actual Rows": 323005}, {"Node Type": "Hash", "Parent Relationship": "Inner", "Startup Cost": 51607.87, "Total Cost": 51607.87, "Plan Rows": 4167490, "Plan Width": 4, "Actual Min Startup Time": 514.494, "Actual Max Startup Time": 693.507, "Actual Min Total Time": 514.494, "Actual Max Total Time": 693.507, "Max Hash Buckets": 262144, "Min Hash Buckets": 262144, "Max Hash Batches": 1, "Min Hash Batches": 1, "Max Original Hash Batches": 1, "Min Original Hash Batches": 1, "Max Peak Memory Usage": 9174, "min Peak Memory Usage": 9174, "Plans": [{"Node Type": "Streaming(type: LOCAL REDISTRIBUTE dop: 16/16)", "Parent Relationship": "Outer", "Startup Cost": 0.0, "Total Cost": 51607.87, "Plan Rows": 4167490, "Plan Width": 4, "Actual Min Startup Time": 0.053, "Actual Max Startup Time": 140.533, "Actual Min Total Time": 409.113, "Actual Max Total Time": 612.992, "Plans": [{"Node Type": "Seq Scan", "Parent Relationship": "Outer", "Relation Name": "name", "Alias": "n1", "Startup Cost": 0.0, "Total Cost": 20816.99, "Plan Rows": 4167490, "Plan Width": 4, "Actual Min Startup Time": 0.017, "Actual Max Startup Time": 0.034, "Actual Min Total Time": 74.859, "Actual Max Total Time": 86.06, "Actual Rows": 4167490}], "Actual Rows": 4167490}], "Actual Rows": 4167490}], "Actual Rows": 323005}], "Actual Rows": 16}], "Actual Rows": 16}], "Actual Rows": 1}, "Triggers": [], "Planner Runtime": 195.615, "Total Runtime": 1475.961, "Unique SQL Id": 2457761703}}, "(16, '15')": {"explain_plan": {"Plan": {"Node Type": "Aggregate", "Strategy": "Plain", "Startup Cost": 6752837631740.06, "Total Cost": 6752837631740.07, "Plan Rows": 1, "Plan Width": 97, "Plans": [{"Node Type": "Nested Loop", "Parent Relationship": "Outer", "Join Type": "Inner", "Startup Cost": 70071825122.57, "Total Cost": 6752837629954.57, "Plan Rows": 357098, "Plan Width": 33, "Inner Unique": false, "Join Filter": "(t.id = ci.movie_id), (LLVM Optimized)", "Plans": [{"Node Type": "Merge Join", "Parent Relationship": "Outer", "Join Type": "Inner", "Startup Cost": 30021927926.2, "Total Cost": 3002409653794.57, "Plan Rows": 1282311, "Plan Width": 25, "Inner Unique": true, "Merge Cond": "(mc.movie_id = t.id)", "Plans": [{"Node Type": "Nested Loop", "Parent Relationship": "Outer", "Join Type": "Inner", "Startup Cost": 20000000000.0, "Total Cost": 2003347393774.42, "Plan Rows": 1282311, "Plan Width": 4, "Inner Unique": true, "Join Filter": "(cn.id = mc.company_id), (LLVM Optimized)", "Plans": [{"Node Type": "Index Scan", "Parent Relationship": "Outer", "Scan Direction": "Forward", "Index Name": "movie_id_movie_companies", "Relation Name": "movie_companies", "Alias": "mc", "Startup Cost": 10000000000.0, "Total Cost": 1000013051946.13, "Plan Rows": 2609128, "Plan Width": 8}, {"Node Type": "Materialize", "Parent Relationship": "Inner", "Startup Cost": 10000000000.0, "Total Cost": 1000001050564.82, "Plan Rows": 85170, "Plan Width": 4, "Plans": [{"Node Type": "Index Scan", "Parent Relationship": "Outer", "Scan Direction": "Forward", "Index Name": "company_name_pkey", "Relation Name": "company_name", "Alias": "cn", "Startup Cost": 10000000000.0, "Total Cost": 1000001050138.97, "Plan Rows": 85170, "Plan Width": 4, "Filter": "((country_code)::text = '[us]'::text)"}]}]}, {"Node Type": "Index Scan", "Parent Relationship": "Inner", "Scan Direction": "Forward", "Index Name": "title_pkey", "Relation Name": "title", "Alias": "t", "Startup Cost": 10000000000.0, "Total Cost": 1000011012048.91, "Plan Rows": 2528311, "Plan Width": 21}]}, {"Node Type": "Materialize", "Parent Relationship": "Inner", "Startup Cost": 40049897196.36, "Total Cost": 3721872427028.45, "Plan Rows": 1484588, "Plan Width": 20, "Plans": [{"Node Type": "Nested Loop", "Parent Relationship": "Outer", "Join Type": "Inner", "Startup Cost": 40049897196.36, "Total Cost": 3721872419605.51, "Plan Rows": 1484588, "Plan Width": 20, "Inner Unique": false, "Join Filter": "(ci.role_id = rt.id), (LLVM Optimized)", "Plans": [{"Node Type": "Index Scan", "Parent Relationship": "Outer", "Scan Direction": "Forward", "Index Name": "role_type_pkey", "Relation Name": "role_type", "Alias": "rt", "Startup Cost": 10000000000.0, "Total Cost": 1000000001246.0, "Plan Rows": 1, "Plan Width": 4, "Filter": "((role)::text = 'costume designer'::text)"}, {"Node Type": "Merge Join", "Parent Relationship": "Inner", "Join Type": "Inner", "Startup Cost": 30049897196.36, "Total Cost": 2721872214228.63, "Plan Rows": 16330470, "Plan Width": 24, "Inner Unique": false, "Merge Cond": "(an1.person_id = ci.person_id)", "Plans": [{"Node Type": "Merge Join", "Parent Relationship": "Outer", "Join Type": "Inner", "Startup Cost": 20030754356.47, "Total Cost": 2000007674895.99, "Plan Rows": 901342, "Plan Width": 24, "Inner Unique": true, "Merge Cond": "(an1.person_id = n1.id)", "Plans": [{"Node Type": "Index Scan", "Parent Relationship": "Outer", "Scan Direction": "Forward", "Index Name": "person_id_aka_name", "Relation Name": "aka_name", "Alias": "an1", "Startup Cost": 10000000000.0, "Total Cost": 1000006896503.43, "Plan Rows": 901342, "Plan Width": 20}, {"Node Type": "Index Scan", "Parent Relationship": "Inner", "Scan Direction": "Forward", "Index Name": "name_pkey", "Relation Name": "name", "Alias": "n1", "Startup Cost": 10000000000.0, "Total Cost": 1000017623274.7, "Plan Rows": 4167490, "Plan Width": 4}]}, {"Node Type": "Index Scan", "Parent Relationship": "Inner", "Scan Direction": "Forward", "Index Name": "person_id_cast_info", "Relation Name": "cast_info", "Alias": "ci", "Startup Cost": 10000000000.0, "Total Cost": 1000170648833.21, "Plan Rows": 36259494, "Plan Width": 12}]}]}]}]}]}, "Unique SQL Id": 2457761703, "Planner Runtime": 113}, "explain_analyze_plan": null}, "(16, '16')": {"explain_plan": {"Plan": {"Node Type": "Aggregate", "Strategy": "Plain", "Startup Cost": 1714154.48, "Total Cost": 1714154.49, "Plan Rows": 1, "Plan Width": 97, "Plans": [{"Node Type": "Nested Loop", "Parent Relationship": "Outer", "Join Type": "Inner", "Startup Cost": 1440343.75, "Total Cost": 1712368.99, "Plan Rows": 357098, "Plan Width": 33, "Inner Unique": true, "Join Filter": "(an1.person_id = n1.id), (LLVM Optimized)", "Plans": [{"Node Type": "Nested Loop", "Parent Relationship": "Outer", "Join Type": "Inner", "Startup Cost": 1440343.75, "Total Cost": 1610875.05, "Plan Rows": 357098, "Plan Width": 41, "Inner Unique": true, "Plans": [{"Node Type": "Merge Join", "Parent Relationship": "Outer", "Join Type": "Inner", "Startup Cost": 1440343.75, "Total Cost": 1509072.71, "Plan Rows": 357379, "Plan Width": 32, "Inner Unique": false, "Merge Cond": "(an1.person_id = ci.person_id)", "Plans": [{"Node Type": "Index Scan", "Parent Relationship": "Outer", "Scan Direction": "Forward", "Index Name": "person_id_aka_name", "Relation Name": "aka_name", "Alias": "an1", "Startup Cost": 0.0, "Total Cost": 68965.03, "Plan Rows": 901342, "Plan Width": 20}, {"Node Type": "Sort", "Parent Relationship": "Inner", "Startup Cost": 1440343.68, "Total Cost": 1442121.22, "Plan Rows": 711018, "Plan Width": 12, "Sort Key": ["ci.person_id"], "Plans": [{"Node Type": "Merge Join", "Parent Relationship": "Outer", "Join Type": "Inner", "Startup Cost": 1346364.31, "Total Cost": 1371234.41, "Plan Rows": 711018, "Plan Width": 12, "Inner Unique": false, "Merge Cond": "(cn.id = mc.company_id)", "Plans": [{"Node Type": "Index Scan", "Parent Relationship": "Outer", "Scan Direction": "Forward", "Index Name": "company_name_pkey", "Relation Name": "company_name", "Alias": "cn", "Startup Cost": 0.0, "Total Cost": 10501.39, "Plan Rows": 85170, "Plan Width": 4, "Filter": "((country_code)::text = '[us]'::text)"}, {"Node Type": "Sort", "Parent Relationship": "Inner", "Startup Cost": 1346176.35, "Total Cost": 1349793.13, "Plan Rows": 1446714, "Plan Width": 16, "Sort Key": ["mc.company_id"], "Plans": [{"Node Type": "Nested Loop", "Parent Relationship": "Outer", "Join Type": "Inner", "Startup Cost": 0.0, "Total Cost": 1198146.05, "Plan Rows": 1446714, "Plan Width": 16, "Inner Unique": false, "Plans": [{"Node Type": "Streaming(type: LOCAL GATHER dop: 1/16)", "Parent Relationship": "Outer", "Startup Cost": 0.0, "Total Cost": 167087.83, "Plan Rows": 3296318, "Plan Width": 8, "Plans": [{"Node Type": "Nested Loop", "Parent Relationship": "Outer", "Join Type": "Inner", "Startup Cost": 0.0, "Total Cost": 95946.6, "Plan Rows": 3296318, "Plan Width": 8, "Inner Unique": false, "Join Filter": "(ci.role_id = rt.id), (LLVM Optimized)", "Plans": [{"Node Type": "Streaming(type: BROADCAST dop: 16/1)", "Parent Relationship": "Outer", "Startup Cost": 0.0, "Total Cost": 15001.5, "Plan Rows": 16, "Plan Width": 4, "Plans": [{"Node Type": "Seq Scan", "Parent Relationship": "Outer", "Relation Name": "role_type", "Alias": "rt", "Startup Cost": 0.0, "Total Cost": 1.15, "Plan Rows": 1, "Plan Width": 4, "Filter": "((role)::text = 'costume designer'::text)"}]}, {"Node Type": "Seq Scan", "Parent Relationship": "Inner", "Relation Name": "cast_info", "Alias": "ci", "Startup Cost": 0.0, "Total Cost": 52617.37, "Plan Rows": 36259494, "Plan Width": 12}]}]}, {"Node Type": "Index Scan", "Parent Relationship": "Inner", "Scan Direction": "Forward", "Index Name": "movie_id_movie_companies", "Relation Name": "movie_companies", "Alias": "mc", "Startup Cost": 0.0, "Total Cost": 0.29, "Plan Rows": 2, "Plan Width": 8, "Index Cond": "(movie_id = ci.movie_id)"}]}]}]}]}]}, {"Node Type": "Index Scan", "Parent Relationship": "Inner", "Scan Direction": "Forward", "Index Name": "title_pkey", "Relation Name": "title", "Alias": "t", "Startup Cost": 0.0, "Total Cost": 0.27, "Plan Rows": 1, "Plan Width": 21, "Index Cond": "(id = ci.movie_id)"}]}, {"Node Type": "Index Only Scan", "Parent Relationship": "Inner", "Scan Direction": "Forward", "Index Name": "name_pkey", "Relation Name": "name", "Alias": "n1", "Startup Cost": 0.0, "Total Cost": 0.27, "Plan Rows": 1, "Plan Width": 4, "Index Cond": "(id = ci.person_id)"}]}]}, "Unique SQL Id": 2457761703, "Planner Runtime": 31}, "explain_analyze_plan": null}, "(16, '17')": {"explain_plan": {"Plan": {"Node Type": "Aggregate", "Strategy": "Plain", "Startup Cost": 1890619.97, "Total Cost": 1890619.98, "Plan Rows": 1, "Plan Width": 97, "Plans": [{"Node Type": "Nested Loop", "Parent Relationship": "Outer", "Join Type": "Inner", "Startup Cost": 1616809.24, "Total Cost": 1888834.48, "Plan Rows": 357098, "Plan Width": 33, "Inner Unique": true, "Join Filter": "(an1.person_id = n1.id), (LLVM Optimized)", "Plans": [{"Node Type": "Nested Loop", "Parent Relationship": "Outer", "Join Type": "Inner", "Startup Cost": 1616809.24, "Total Cost": 1787340.55, "Plan Rows": 357098, "Plan Width": 41, "Inner Unique": true, "Plans": [{"Node Type": "Merge Join", "Parent Relationship": "Outer", "Join Type": "Inner", "Startup Cost": 1616809.24, "Total Cost": 1685538.21, "Plan Rows": 357379, "Plan Width": 32, "Inner Unique": false, "Merge Cond": "(an1.person_id = ci.person_id)", "Plans": [{"Node Type": "Index Scan", "Parent Relationship": "Outer", "Scan Direction": "Forward", "Index Name": "person_id_aka_name", "Relation Name": "aka_name", "Alias": "an1", "Startup Cost": 0.0, "Total Cost": 68965.03, "Plan Rows": 901342, "Plan Width": 20}, {"Node Type": "Sort", "Parent Relationship": "Inner", "Startup Cost": 1616809.17, "Total Cost": 1618586.72, "Plan Rows": 711018, "Plan Width": 12, "Sort Key": ["ci.person_id"], "Plans": [{"Node Type": "Nested Loop", "Parent Relationship": "Outer", "Join Type": "Inner", "Startup Cost": 3383.04, "Total Cost": 1547699.91, "Plan Rows": 711018, "Plan Width": 12, "Inner Unique": false, "Join Filter": "(ci.role_id = rt.id), (LLVM Optimized)", "Plans": [{"Node Type": "Index Scan", "Parent Relationship": "Outer", "Scan Direction": "Forward", "Index Name": "role_type_pkey", "Relation Name": "role_type", "Alias": "rt", "Startup Cost": 0.0, "Total Cost": 12.46, "Plan Rows": 1, "Plan Width": 4, "Filter": "((role)::text = 'costume designer'::text)"}, {"Node Type": "Nested Loop", "Parent Relationship": "Inner", "Join Type": "Inner", "Startup Cost": 3383.04, "Total Cost": 1449922.43, "Plan Rows": 7821201, "Plan Width": 16, "Inner Unique": false, "Plans": [{"Node Type": "Merge Join", "Parent Relationship": "Outer", "Join Type": "Inner", "Startup Cost": 3383.04, "Total Cost": 153733.74, "Plan Rows": 1282311, "Plan Width": 4, "Inner Unique": false, "Merge Cond": "(cn.id = mc.company_id)", "Plans": [{"Node Type": "Index Scan", "Parent Relationship": "Outer", "Scan Direction": "Forward", "Index Name": "company_name_pkey", "Relation Name": "company_name", "Alias": "cn", "Startup Cost": 0.0, "Total Cost": 10501.39, "Plan Rows": 85170, "Plan Width": 4, "Filter": "((country_code)::text = '[us]'::text)"}, {"Node Type": "Index Scan", "Parent Relationship": "Inner", "Scan Direction": "Forward", "Index Name": "company_id_movie_companies", "Relation Name": "movie_companies", "Alias": "mc", "Startup Cost": 0.0, "Total Cost": 123673.5, "Plan Rows": 2609128, "Plan Width": 8}]}, {"Node Type": "Index Scan", "Parent Relationship": "Inner", "Scan Direction": "Forward", "Index Name": "movie_id_cast_info", "Relation Name": "cast_info", "Alias": "ci", "Startup Cost": 0.0, "Total Cost": 0.95, "Plan Rows": 6, "Plan Width": 12, "Index Cond": "(movie_id = mc.movie_id)"}]}]}]}]}, {"Node Type": "Index Scan", "Parent Relationship": "Inner", "Scan Direction": "Forward", "Index Name": "title_pkey", "Relation Name": "title", "Alias": "t", "Startup Cost": 0.0, "Total Cost": 0.27, "Plan Rows": 1, "Plan Width": 21, "Index Cond": "(id = ci.movie_id)"}]}, {"Node Type": "Index Only Scan", "Parent Relationship": "Inner", "Scan Direction": "Forward", "Index Name": "name_pkey", "Relation Name": "name", "Alias": "n1", "Startup Cost": 0.0, "Total Cost": 0.27, "Plan Rows": 1, "Plan Width": 4, "Index Cond": "(id = ci.person_id)"}]}]}, "Unique SQL Id": 2457761703, "Planner Runtime": 40}, "explain_analyze_plan": null}, "(16, '18')": {"explain_plan": {"Plan": {"Node Type": "Aggregate", "Strategy": "Plain", "Startup Cost": 8929840.07, "Total Cost": 8929840.08, "Plan Rows": 1, "Plan Width": 97, "Plans": [{"Node Type": "Nested Loop", "Parent Relationship": "Outer", "Join Type": "Inner", "Startup Cost": 5846686.65, "Total Cost": 8928054.58, "Plan Rows": 357098, "Plan Width": 33, "Inner Unique": true, "Join Filter": "(an1.person_id = n1.id), (LLVM Optimized)", "Plans": [{"Node Type": "Nested Loop", "Parent Relationship": "Outer", "Join Type": "Inner", "Startup Cost": 5846686.4, "Total Cost": 7398079.37, "Plan Rows": 357098, "Plan Width": 41, "Inner Unique": true, "Plans": [{"Node Type": "Merge Join", "Parent Relationship": "Outer", "Join Type": "Inner", "Startup Cost": 5846686.14, "Total Cost": 5868043.11, "Plan Rows": 357379, "Plan Width": 32, "Inner Unique": false, "Merge Cond": "(mc.movie_id = ci.movie_id)", "Plans": [{"Node Type": "Sort", "Parent Relationship": "Outer", "Startup Cost": 574922.31, "Total Cost": 578128.08, "Plan Rows": 1282311, "Plan Width": 4, "Sort Key": ["mc.movie_id"], "Plans": [{"Node Type": "Nested Loop", "Parent Relationship": "Outer", "Join Type": "Inner", "Startup Cost": 0.82, "Total Cost": 444829.84, "Plan Rows": 1282311, "Plan Width": 4, "Inner Unique": false, "Plans": [{"Node Type": "Seq Scan", "Parent Relationship": "Outer", "Relation Name": "company_name", "Alias": "cn", "Startup Cost": 0.0, "Total Cost": 5903.45, "Plan Rows": 85170, "Plan Width": 4, "Filter": "((country_code)::text = '[us]'::text)"}, {"Node Type": "Bitmap Heap Scan", "Parent Relationship": "Inner", "Relation Name": "movie_companies", "Alias": "mc", "Startup Cost": 0.82, "Total Cost": 5.0, "Plan Rows": 15, "Plan Width": 8, "Recheck Cond": "(company_id = cn.id)", "Plans": [{"Node Type": "Bitmap Index Scan", "Parent Relationship": "Outer", "Index Name": "company_id_movie_companies", "Startup Cost": 0.0, "Total Cost": 0.81, "Plan Rows": 15, "Plan Width": 0, "Index Cond": "(company_id = cn.id)"}]}]}]}, {"Node Type": "Sort", "Parent Relationship": "Inner", "Startup Cost": 5271763.69, "Total Cost": 5275475.16, "Plan Rows": 1484588, "Plan Width": 28, "Sort Key": ["ci.movie_id"], "Plans": [{"Node Type": "Nested Loop", "Parent Relationship": "Outer", "Join Type": "Inner", "Startup Cost": 1.01, "Total Cost": 5119581.31, "Plan Rows": 1484588, "Plan Width": 28, "Inner Unique": false, "Join Filter": "(ci.role_id = rt.id), (LLVM Optimized)", "Plans": [{"Node Type": "Seq Scan", "Parent Relationship": "Outer", "Relation Name": "role_type", "Alias": "rt", "Startup Cost": 0.0, "Total Cost": 1.15, "Plan Rows": 1, "Plan Width": 4, "Filter": "((role)::text = 'costume designer'::text)"}, {"Node Type": "Materialize", "Parent Relationship": "Inner", "Startup Cost": 1.01, "Total Cost": 4956275.46, "Plan Rows": 16330470, "Plan Width": 32, "Plans": [{"Node Type": "Nested Loop", "Parent Relationship": "Outer", "Join Type": "Inner", "Startup Cost": 1.01, "Total Cost": 4915449.29, "Plan Rows": 16330470, "Plan Width": 32, "Inner Unique": false, "Plans": [{"Node Type": "Streaming(type: LOCAL GATHER dop: 1/16)", "Parent Relationship": "Outer", "Startup Cost": 0.0, "Total Cost": 35697.07, "Plan Rows": 901342, "Plan Width": 20, "Plans": [{"Node Type": "Seq Scan", "Parent Relationship": "Outer", "Relation Name": "aka_name", "Alias": "an1", "Startup Cost": 0.0, "Total Cost": 16244.28, "Plan Rows": 901342, "Plan Width": 20}]}, {"Node Type": "Bitmap Heap Scan", "Parent Relationship": "Inner", "Relation Name": "cast_info", "Alias": "ci", "Startup Cost": 1.01, "Total Cost": 5.23, "Plan Rows": 18, "Plan Width": 12, "Recheck Cond": "(person_id = an1.person_id)", "Plans": [{"Node Type": "Bitmap Index Scan", "Parent Relationship": "Outer", "Index Name": "person_id_cast_info", "Startup Cost": 0.0, "Total Cost": 1.0, "Plan Rows": 18, "Plan Width": 0, "Index Cond": "(person_id = an1.person_id)"}]}]}]}]}]}]}, {"Node Type": "Bitmap Heap Scan", "Parent Relationship": "Inner", "Relation Name": "title", "Alias": "t", "Startup Cost": 0.26, "Total Cost": 4.27, "Plan Rows": 1, "Plan Width": 21, "Recheck Cond": "(id = ci.movie_id)", "Plans": [{"Node Type": "Bitmap Index Scan", "Parent Relationship": "Outer", "Index Name": "title_pkey", "Startup Cost": 0.0, "Total Cost": 0.26, "Plan Rows": 1, "Plan Width": 0, "Index Cond": "(id = ci.movie_id)"}]}]}, {"Node Type": "Bitmap Heap Scan", "Parent Relationship": "Inner", "Relation Name": "name", "Alias": "n1", "Startup Cost": 0.26, "Total Cost": 4.27, "Plan Rows": 1, "Plan Width": 4, "Recheck Cond": "(id = ci.person_id)", "Plans": [{"Node Type": "Bitmap Index Scan", "Parent Relationship": "Outer", "Index Name": "name_pkey", "Startup Cost": 0.0, "Total Cost": 0.26, "Plan Rows": 1, "Plan Width": 0, "Index Cond": "(id = ci.person_id)"}]}]}]}, "Unique SQL Id": 2457761703, "Planner Runtime": 37}, "explain_analyze_plan": null}, "(16, '19')": {"explain_plan": {"Plan": {"Node Type": "Aggregate", "Strategy": "Plain", "Startup Cost": 2599287.33, "Total Cost": 2599287.34, "Plan Rows": 1, "Plan Width": 97, "Plans": [{"Node Type": "Merge Join", "Parent Relationship": "Outer", "Join Type": "Inner", "Startup Cost": 2561169.56, "Total Cost": 2597501.84, "Plan Rows": 357098, "Plan Width": 33, "Inner Unique": true, "Merge Cond": "(an1.person_id = n1.id)", "Plans": [{"Node Type": "Merge Join", "Parent Relationship": "Outer", "Join Type": "Inner", "Startup Cost": 1925666.62, "Total Cost": 1936698.45, "Plan Rows": 357098, "Plan Width": 41, "Inner Unique": false, "Merge Cond": "(ci.person_id = an1.person_id)", "Plans": [{"Node Type": "Sort", "Parent Relationship": "Outer", "Startup Cost": 1799975.38, "Total Cost": 1801751.53, "Plan Rows": 710459, "Plan Width": 21, "Sort Key": ["ci.person_id"], "Plans": [{"Node Type": "Merge Join", "Parent Relationship": "Outer", "Join Type": "Inner", "Startup Cost": 1669816.61, "Total Cost": 1730924.48, "Plan Rows": 710459, "Plan Width": 21, "Inner Unique": true, "Merge Cond": "(ci.movie_id = t.id)", "Plans": [{"Node Type": "Merge Join", "Parent Relationship": "Outer", "Join Type": "Inner", "Startup Cost": 1290578.7, "Total Cost": 1330174.45, "Plan Rows": 711018, "Plan Width": 12, "Inner Unique": false, "Merge Cond": "(mc.movie_id = ci.movie_id)", "Plans": [{"Node Type": "Sort", "Parent Relationship": "Outer", "Startup Cost": 543942.68, "Total Cost": 547148.46, "Plan Rows": 1282311, "Plan Width": 4, "Sort Key": ["mc.movie_id"], "Plans": [{"Node Type": "Merge Join", "Parent Relationship": "Outer", "Join Type": "Inner", "Startup Cost": 387894.59, "Total Cost": 413850.21, "Plan Rows": 1282311, "Plan Width": 4, "Inner Unique": false, "Merge Cond": "(cn.id = mc.company_id)", "Plans": [{"Node Type": "Sort", "Parent Relationship": "Outer", "Startup Cost": 15678.57, "Total Cost": 15891.49, "Plan Rows": 85170, "Plan Width": 4, "Sort Key": ["cn.id"], "Plans": [{"Node Type": "Bitmap Heap Scan", "Parent Relationship": "Outer", "Relation Name": "company_name", "Alias": "cn", "Startup Cost": 2800.52, "Total Cost": 8703.97, "Plan Rows": 85170, "Plan Width": 4, "Filter": "((country_code)::text = '[us]'::text)", "Plans": [{"Node Type": "Bitmap Index Scan", "Parent Relationship": "Outer", "Index Name": "company_name_pkey", "Startup Cost": 0.0, "Total Cost": 2779.23, "Plan Rows": 234996, "Plan Width": 0}]}]}, {"Node Type": "Sort", "Parent Relationship": "Inner", "Startup Cost": 371877.05, "Total Cost": 378399.87, "Plan Rows": 2609128, "Plan Width": 8, "Sort Key": ["mc.company_id"], "Plans": [{"Node Type": "Bitmap Heap Scan", "Parent Relationship": "Outer", "Relation Name": "movie_companies", "Alias": "mc", "Startup Cost": 51990.17, "Total Cost": 93807.45, "Plan Rows": 2609128, "Plan Width": 8, "Plans": [{"Node Type": "Bitmap Index Scan", "Parent Relationship": "Outer", "Index Name": "movie_id_movie_companies", "Startup Cost": 0.0, "Total Cost": 51337.89, "Plan Rows": 2609128, "Plan Width": 0}]}]}]}]}, {"Node Type": "Sort", "Parent Relationship": "Inner", "Startup Cost": 746635.7, "Total Cost": 754876.5, "Plan Rows": 3296318, "Plan Width": 8, "Sort Key": ["ci.movie_id"], "Plans": [{"Node Type": "Nested Loop", "Parent Relationship": "Outer", "Join Type": "Inner", "Startup Cost": 76315.02, "Total Cost": 389769.33, "Plan Rows": 3296318, "Plan Width": 8, "Inner Unique": false, "Plans": [{"Node Type": "Bitmap Heap Scan", "Parent Relationship": "Outer", "Relation Name": "role_type", "Alias": "rt", "Startup Cost": 8.31, "Total Cost": 12.46, "Plan Rows": 1, "Plan Width": 4, "Filter": "((role)::text = 'costume designer'::text)", "Plans": [{"Node Type": "Bitmap Index Scan", "Parent Relationship": "Outer", "Index Name": "role_type_pkey", "Startup Cost": 0.0, "Total Cost": 8.31, "Plan Rows": 12, "Plan Width": 0}]}, {"Node Type": "Bitmap Heap Scan", "Parent Relationship": "Inner", "Relation Name": "cast_info", "Alias": "ci", "Startup Cost": 76306.71, "Total Cost": 356793.69, "Plan Rows": 3296318, "Plan Width": 12, "Recheck Cond": "(role_id = rt.id), (LLVM Optimized)", "Plans": [{"Node Type": "Bitmap Index Scan", "Parent Relationship": "Outer", "Index Name": "role_id_cast_info", "Startup Cost": 0.0, "Total Cost": 75482.63, "Plan Rows": 3296318, "Plan Width": 0, "Index Cond": "(role_id = rt.id)"}]}]}]}]}, {"Node Type": "Sort", "Parent Relationship": "Inner", "Startup Cost": 379237.61, "Total Cost": 385558.39, "Plan Rows": 2528311, "Plan Width": 21, "Sort Key": ["t.id"], "Plans": [{"Node Type": "Bitmap Heap Scan", "Parent Relationship": "Outer", "Relation Name": "title", "Alias": "t", "Startup Cost": 50285.88, "Total Cost": 110354.99, "Plan Rows": 2528311, "Plan Width": 21, "Plans": [{"Node Type": "Bitmap Index Scan", "Parent Relationship": "Outer", "Index Name": "title_pkey", "Startup Cost": 0.0, "Total Cost": 49653.81, "Plan Rows": 2528311, "Plan Width": 0}]}]}]}]}, {"Node Type": "Sort", "Parent Relationship": "Inner", "Startup Cost": 125691.17, "Total Cost": 127944.52, "Plan Rows": 901342, "Plan Width": 20, "Sort Key": ["an1.person_id"], "Plans": [{"Node Type": "Bitmap Heap Scan", "Parent Relationship": "Outer", "Relation Name": "aka_name", "Alias": "an1", "Startup Cost": 16632.3, "Total Cost": 36540.72, "Plan Rows": 901342, "Plan Width": 20, "Plans": [{"Node Type": "Bitmap Index Scan", "Parent Relationship": "Outer", "Index Name": "person_id_aka_name", "Startup Cost": 0.0, "Total Cost": 16406.96, "Plan Rows": 901342, "Plan Width": 0}]}]}]}, {"Node Type": "Sort", "Parent Relationship": "Inner", "Startup Cost": 635502.57, "Total Cost": 645921.29, "Plan Rows": 4167490, "Plan Width": 4, "Sort Key": ["n1.id"], "Plans": [{"Node Type": "Bitmap Heap Scan", "Parent Relationship": "Outer", "Relation Name": "name", "Alias": "n1", "Startup Cost": 84199.57, "Total Cost": 177271.47, "Plan Rows": 4167490, "Plan Width": 4, "Plans": [{"Node Type": "Bitmap Index Scan", "Parent Relationship": "Outer", "Index Name": "name_pkey", "Startup Cost": 0.0, "Total Cost": 83157.7, "Plan Rows": 4167490, "Plan Width": 0}]}]}]}]}, "Unique SQL Id": 2457761703, "Planner Runtime": 43}, "explain_analyze_plan": null}, "(16, '20')": {"explain_plan": {"Plan": {"Node Type": "Aggregate", "Strategy": "Plain", "Startup Cost": 1716179.19, "Total Cost": 1716179.2, "Plan Rows": 1, "Plan Width": 97, "Plans": [{"Node Type": "Nested Loop", "Parent Relationship": "Outer", "Join Type": "Inner", "Startup Cost": 1440343.75, "Total Cost": 1714393.7, "Plan Rows": 357098, "Plan Width": 33, "Inner Unique": true, "Join Filter": "(an1.person_id = n1.id), (LLVM Optimized)", "Plans": [{"Node Type": "Nested Loop", "Parent Relationship": "Outer", "Join Type": "Inner", "Startup Cost": 1440343.75, "Total Cost": 1610875.05, "Plan Rows": 357098, "Plan Width": 41, "Inner Unique": true, "Plans": [{"Node Type": "Merge Join", "Parent Relationship": "Outer", "Join Type": "Inner", "Startup Cost": 1440343.75, "Total Cost": 1509072.71, "Plan Rows": 357379, "Plan Width": 32, "Inner Unique": false, "Merge Cond": "(an1.person_id = ci.person_id)", "Plans": [{"Node Type": "Index Scan", "Parent Relationship": "Outer", "Scan Direction": "Forward", "Index Name": "person_id_aka_name", "Relation Name": "aka_name", "Alias": "an1", "Startup Cost": 0.0, "Total Cost": 68965.03, "Plan Rows": 901342, "Plan Width": 20}, {"Node Type": "Sort", "Parent Relationship": "Inner", "Startup Cost": 1440343.68, "Total Cost": 1442121.22, "Plan Rows": 711018, "Plan Width": 12, "Sort Key": ["ci.person_id"], "Plans": [{"Node Type": "Merge Join", "Parent Relationship": "Outer", "Join Type": "Inner", "Startup Cost": 1346364.31, "Total Cost": 1371234.41, "Plan Rows": 711018, "Plan Width": 12, "Inner Unique": false, "Merge Cond": "(cn.id = mc.company_id)", "Plans": [{"Node Type": "Index Scan", "Parent Relationship": "Outer", "Scan Direction": "Forward", "Index Name": "company_name_pkey", "Relation Name": "company_name", "Alias": "cn", "Startup Cost": 0.0, "Total Cost": 10501.39, "Plan Rows": 85170, "Plan Width": 4, "Filter": "((country_code)::text = '[us]'::text)"}, {"Node Type": "Sort", "Parent Relationship": "Inner", "Startup Cost": 1346176.35, "Total Cost": 1349793.13, "Plan Rows": 1446714, "Plan Width": 16, "Sort Key": ["mc.company_id"], "Plans": [{"Node Type": "Nested Loop", "Parent Relationship": "Outer", "Join Type": "Inner", "Startup Cost": 0.0, "Total Cost": 1198146.05, "Plan Rows": 1446714, "Plan Width": 16, "Inner Unique": false, "Plans": [{"Node Type": "Streaming(type: LOCAL GATHER dop: 1/16)", "Parent Relationship": "Outer", "Startup Cost": 0.0, "Total Cost": 167087.83, "Plan Rows": 3296318, "Plan Width": 8, "Plans": [{"Node Type": "Nested Loop", "Parent Relationship": "Outer", "Join Type": "Inner", "Startup Cost": 0.0, "Total Cost": 95946.6, "Plan Rows": 3296318, "Plan Width": 8, "Inner Unique": false, "Join Filter": "(ci.role_id = rt.id), (LLVM Optimized)", "Plans": [{"Node Type": "Streaming(type: BROADCAST dop: 16/1)", "Parent Relationship": "Outer", "Startup Cost": 0.0, "Total Cost": 15001.5, "Plan Rows": 16, "Plan Width": 4, "Plans": [{"Node Type": "Seq Scan", "Parent Relationship": "Outer", "Relation Name": "role_type", "Alias": "rt", "Startup Cost": 0.0, "Total Cost": 1.15, "Plan Rows": 1, "Plan Width": 4, "Filter": "((role)::text = 'costume designer'::text)"}]}, {"Node Type": "Seq Scan", "Parent Relationship": "Inner", "Relation Name": "cast_info", "Alias": "ci", "Startup Cost": 0.0, "Total Cost": 52617.37, "Plan Rows": 36259494, "Plan Width": 12}]}]}, {"Node Type": "Index Scan", "Parent Relationship": "Inner", "Scan Direction": "Forward", "Index Name": "movie_id_movie_companies", "Relation Name": "movie_companies", "Alias": "mc", "Startup Cost": 0.0, "Total Cost": 0.29, "Plan Rows": 2, "Plan Width": 8, "Index Cond": "(movie_id = ci.movie_id)"}]}]}]}]}]}, {"Node Type": "Index Scan", "Parent Relationship": "Inner", "Scan Direction": "Forward", "Index Name": "title_pkey", "Relation Name": "title", "Alias": "t", "Startup Cost": 0.0, "Total Cost": 0.27, "Plan Rows": 1, "Plan Width": 21, "Index Cond": "(id = ci.movie_id)"}]}, {"Node Type": "Index Scan", "Parent Relationship": "Inner", "Scan Direction": "Forward", "Index Name": "name_pkey", "Relation Name": "name", "Alias": "n1", "Startup Cost": 0.0, "Total Cost": 0.28, "Plan Rows": 1, "Plan Width": 4, "Index Cond": "(id = ci.person_id)"}]}]}, "Unique SQL Id": 2457761703, "Planner Runtime": 30}, "explain_analyze_plan": null}, "(16, '21')": {"explain_plan": {"Plan": {"Node Type": "Aggregate", "Strategy": "Plain", "Startup Cost": 1892644.69, "Total Cost": 1892644.7, "Plan Rows": 1, "Plan Width": 97, "Plans": [{"Node Type": "Nested Loop", "Parent Relationship": "Outer", "Join Type": "Inner", "Startup Cost": 1616809.24, "Total Cost": 1890859.2, "Plan Rows": 357098, "Plan Width": 33, "Inner Unique": true, "Join Filter": "(an1.person_id = n1.id), (LLVM Optimized)", "Plans": [{"Node Type": "Nested Loop", "Parent Relationship": "Outer", "Join Type": "Inner", "Startup Cost": 1616809.24, "Total Cost": 1787340.55, "Plan Rows": 357098, "Plan Width": 41, "Inner Unique": true, "Plans": [{"Node Type": "Merge Join", "Parent Relationship": "Outer", "Join Type": "Inner", "Startup Cost": 1616809.24, "Total Cost": 1685538.21, "Plan Rows": 357379, "Plan Width": 32, "Inner Unique": false, "Merge Cond": "(an1.person_id = ci.person_id)", "Plans": [{"Node Type": "Index Scan", "Parent Relationship": "Outer", "Scan Direction": "Forward", "Index Name": "person_id_aka_name", "Relation Name": "aka_name", "Alias": "an1", "Startup Cost": 0.0, "Total Cost": 68965.03, "Plan Rows": 901342, "Plan Width": 20}, {"Node Type": "Sort", "Parent Relationship": "Inner", "Startup Cost": 1616809.17, "Total Cost": 1618586.72, "Plan Rows": 711018, "Plan Width": 12, "Sort Key": ["ci.person_id"], "Plans": [{"Node Type": "Nested Loop", "Parent Relationship": "Outer", "Join Type": "Inner", "Startup Cost": 3383.04, "Total Cost": 1547699.91, "Plan Rows": 711018, "Plan Width": 12, "Inner Unique": false, "Join Filter": "(ci.role_id = rt.id), (LLVM Optimized)", "Plans": [{"Node Type": "Index Scan", "Parent Relationship": "Outer", "Scan Direction": "Forward", "Index Name": "role_type_pkey", "Relation Name": "role_type", "Alias": "rt", "Startup Cost": 0.0, "Total Cost": 12.46, "Plan Rows": 1, "Plan Width": 4, "Filter": "((role)::text = 'costume designer'::text)"}, {"Node Type": "Nested Loop", "Parent Relationship": "Inner", "Join Type": "Inner", "Startup Cost": 3383.04, "Total Cost": 1449922.43, "Plan Rows": 7821201, "Plan Width": 16, "Inner Unique": false, "Plans": [{"Node Type": "Merge Join", "Parent Relationship": "Outer", "Join Type": "Inner", "Startup Cost": 3383.04, "Total Cost": 153733.74, "Plan Rows": 1282311, "Plan Width": 4, "Inner Unique": false, "Merge Cond": "(cn.id = mc.company_id)", "Plans": [{"Node Type": "Index Scan", "Parent Relationship": "Outer", "Scan Direction": "Forward", "Index Name": "company_name_pkey", "Relation Name": "company_name", "Alias": "cn", "Startup Cost": 0.0, "Total Cost": 10501.39, "Plan Rows": 85170, "Plan Width": 4, "Filter": "((country_code)::text = '[us]'::text)"}, {"Node Type": "Index Scan", "Parent Relationship": "Inner", "Scan Direction": "Forward", "Index Name": "company_id_movie_companies", "Relation Name": "movie_companies", "Alias": "mc", "Startup Cost": 0.0, "Total Cost": 123673.5, "Plan Rows": 2609128, "Plan Width": 8}]}, {"Node Type": "Index Scan", "Parent Relationship": "Inner", "Scan Direction": "Forward", "Index Name": "movie_id_cast_info", "Relation Name": "cast_info", "Alias": "ci", "Startup Cost": 0.0, "Total Cost": 0.95, "Plan Rows": 6, "Plan Width": 12, "Index Cond": "(movie_id = mc.movie_id)"}]}]}]}]}, {"Node Type": "Index Scan", "Parent Relationship": "Inner", "Scan Direction": "Forward", "Index Name": "title_pkey", "Relation Name": "title", "Alias": "t", "Startup Cost": 0.0, "Total Cost": 0.27, "Plan Rows": 1, "Plan Width": 21, "Index Cond": "(id = ci.movie_id)"}]}, {"Node Type": "Index Scan", "Parent Relationship": "Inner", "Scan Direction": "Forward", "Index Name": "name_pkey", "Relation Name": "name", "Alias": "n1", "Startup Cost": 0.0, "Total Cost": 0.28, "Plan Rows": 1, "Plan Width": 4, "Index Cond": "(id = ci.person_id)"}]}]}, "Unique SQL Id": 2457761703, "Planner Runtime": 39}, "explain_analyze_plan": null}, "(16, '22')": {"explain_plan": {"Plan": {"Node Type": "Aggregate", "Strategy": "Plain", "Startup Cost": 8929840.07, "Total Cost": 8929840.08, "Plan Rows": 1, "Plan Width": 97, "Plans": [{"Node Type": "Nested Loop", "Parent Relationship": "Outer", "Join Type": "Inner", "Startup Cost": 5846686.65, "Total Cost": 8928054.58, "Plan Rows": 357098, "Plan Width": 33, "Inner Unique": true, "Join Filter": "(an1.person_id = n1.id), (LLVM Optimized)", "Plans": [{"Node Type": "Nested Loop", "Parent Relationship": "Outer", "Join Type": "Inner", "Startup Cost": 5846686.4, "Total Cost": 7398079.37, "Plan Rows": 357098, "Plan Width": 41, "Inner Unique": true, "Plans": [{"Node Type": "Merge Join", "Parent Relationship": "Outer", "Join Type": "Inner", "Startup Cost": 5846686.14, "Total Cost": 5868043.11, "Plan Rows": 357379, "Plan Width": 32, "Inner Unique": false, "Merge Cond": "(mc.movie_id = ci.movie_id)", "Plans": [{"Node Type": "Sort", "Parent Relationship": "Outer", "Startup Cost": 574922.31, "Total Cost": 578128.08, "Plan Rows": 1282311, "Plan Width": 4, "Sort Key": ["mc.movie_id"], "Plans": [{"Node Type": "Nested Loop", "Parent Relationship": "Outer", "Join Type": "Inner", "Startup Cost": 0.82, "Total Cost": 444829.84, "Plan Rows": 1282311, "Plan Width": 4, "Inner Unique": false, "Plans": [{"Node Type": "Seq Scan", "Parent Relationship": "Outer", "Relation Name": "company_name", "Alias": "cn", "Startup Cost": 0.0, "Total Cost": 5903.45, "Plan Rows": 85170, "Plan Width": 4, "Filter": "((country_code)::text = '[us]'::text)"}, {"Node Type": "Bitmap Heap Scan", "Parent Relationship": "Inner", "Relation Name": "movie_companies", "Alias": "mc", "Startup Cost": 0.82, "Total Cost": 5.0, "Plan Rows": 15, "Plan Width": 8, "Recheck Cond": "(company_id = cn.id)", "Plans": [{"Node Type": "Bitmap Index Scan", "Parent Relationship": "Outer", "Index Name": "company_id_movie_companies", "Startup Cost": 0.0, "Total Cost": 0.81, "Plan Rows": 15, "Plan Width": 0, "Index Cond": "(company_id = cn.id)"}]}]}]}, {"Node Type": "Sort", "Parent Relationship": "Inner", "Startup Cost": 5271763.69, "Total Cost": 5275475.16, "Plan Rows": 1484588, "Plan Width": 28, "Sort Key": ["ci.movie_id"], "Plans": [{"Node Type": "Nested Loop", "Parent Relationship": "Outer", "Join Type": "Inner", "Startup Cost": 1.01, "Total Cost": 5119581.31, "Plan Rows": 1484588, "Plan Width": 28, "Inner Unique": false, "Join Filter": "(ci.role_id = rt.id), (LLVM Optimized)", "Plans": [{"Node Type": "Seq Scan", "Parent Relationship": "Outer", "Relation Name": "role_type", "Alias": "rt", "Startup Cost": 0.0, "Total Cost": 1.15, "Plan Rows": 1, "Plan Width": 4, "Filter": "((role)::text = 'costume designer'::text)"}, {"Node Type": "Materialize", "Parent Relationship": "Inner", "Startup Cost": 1.01, "Total Cost": 4956275.46, "Plan Rows": 16330470, "Plan Width": 32, "Plans": [{"Node Type": "Nested Loop", "Parent Relationship": "Outer", "Join Type": "Inner", "Startup Cost": 1.01, "Total Cost": 4915449.29, "Plan Rows": 16330470, "Plan Width": 32, "Inner Unique": false, "Plans": [{"Node Type": "Streaming(type: LOCAL GATHER dop: 1/16)", "Parent Relationship": "Outer", "Startup Cost": 0.0, "Total Cost": 35697.07, "Plan Rows": 901342, "Plan Width": 20, "Plans": [{"Node Type": "Seq Scan", "Parent Relationship": "Outer", "Relation Name": "aka_name", "Alias": "an1", "Startup Cost": 0.0, "Total Cost": 16244.28, "Plan Rows": 901342, "Plan Width": 20}]}, {"Node Type": "Bitmap Heap Scan", "Parent Relationship": "Inner", "Relation Name": "cast_info", "Alias": "ci", "Startup Cost": 1.01, "Total Cost": 5.23, "Plan Rows": 18, "Plan Width": 12, "Recheck Cond": "(person_id = an1.person_id)", "Plans": [{"Node Type": "Bitmap Index Scan", "Parent Relationship": "Outer", "Index Name": "person_id_cast_info", "Startup Cost": 0.0, "Total Cost": 1.0, "Plan Rows": 18, "Plan Width": 0, "Index Cond": "(person_id = an1.person_id)"}]}]}]}]}]}]}, {"Node Type": "Bitmap Heap Scan", "Parent Relationship": "Inner", "Relation Name": "title", "Alias": "t", "Startup Cost": 0.26, "Total Cost": 4.27, "Plan Rows": 1, "Plan Width": 21, "Recheck Cond": "(id = ci.movie_id)", "Plans": [{"Node Type": "Bitmap Index Scan", "Parent Relationship": "Outer", "Index Name": "title_pkey", "Startup Cost": 0.0, "Total Cost": 0.26, "Plan Rows": 1, "Plan Width": 0, "Index Cond": "(id = ci.movie_id)"}]}]}, {"Node Type": "Bitmap Heap Scan", "Parent Relationship": "Inner", "Relation Name": "name", "Alias": "n1", "Startup Cost": 0.26, "Total Cost": 4.27, "Plan Rows": 1, "Plan Width": 4, "Recheck Cond": "(id = ci.person_id)", "Plans": [{"Node Type": "Bitmap Index Scan", "Parent Relationship": "Outer", "Index Name": "name_pkey", "Startup Cost": 0.0, "Total Cost": 0.26, "Plan Rows": 1, "Plan Width": 0, "Index Cond": "(id = ci.person_id)"}]}]}]}, "Unique SQL Id": 2457761703, "Planner Runtime": 38}, "explain_analyze_plan": null}, "(16, '23')": {"explain_plan": {"Plan": {"Node Type": "Aggregate", "Strategy": "Plain", "Startup Cost": 2599287.33, "Total Cost": 2599287.34, "Plan Rows": 1, "Plan Width": 97, "Plans": [{"Node Type": "Merge Join", "Parent Relationship": "Outer", "Join Type": "Inner", "Startup Cost": 2561169.56, "Total Cost": 2597501.84, "Plan Rows": 357098, "Plan Width": 33, "Inner Unique": true, "Merge Cond": "(an1.person_id = n1.id)", "Plans": [{"Node Type": "Merge Join", "Parent Relationship": "Outer", "Join Type": "Inner", "Startup Cost": 1925666.62, "Total Cost": 1936698.45, "Plan Rows": 357098, "Plan Width": 41, "Inner Unique": false, "Merge Cond": "(ci.person_id = an1.person_id)", "Plans": [{"Node Type": "Sort", "Parent Relationship": "Outer", "Startup Cost": 1799975.38, "Total Cost": 1801751.53, "Plan Rows": 710459, "Plan Width": 21, "Sort Key": ["ci.person_id"], "Plans": [{"Node Type": "Merge Join", "Parent Relationship": "Outer", "Join Type": "Inner", "Startup Cost": 1669816.61, "Total Cost": 1730924.48, "Plan Rows": 710459, "Plan Width": 21, "Inner Unique": true, "Merge Cond": "(ci.movie_id = t.id)", "Plans": [{"Node Type": "Merge Join", "Parent Relationship": "Outer", "Join Type": "Inner", "Startup Cost": 1290578.7, "Total Cost": 1330174.45, "Plan Rows": 711018, "Plan Width": 12, "Inner Unique": false, "Merge Cond": "(mc.movie_id = ci.movie_id)", "Plans": [{"Node Type": "Sort", "Parent Relationship": "Outer", "Startup Cost": 543942.68, "Total Cost": 547148.46, "Plan Rows": 1282311, "Plan Width": 4, "Sort Key": ["mc.movie_id"], "Plans": [{"Node Type": "Merge Join", "Parent Relationship": "Outer", "Join Type": "Inner", "Startup Cost": 387894.59, "Total Cost": 413850.21, "Plan Rows": 1282311, "Plan Width": 4, "Inner Unique": false, "Merge Cond": "(cn.id = mc.company_id)", "Plans": [{"Node Type": "Sort", "Parent Relationship": "Outer", "Startup Cost": 15678.57, "Total Cost": 15891.49, "Plan Rows": 85170, "Plan Width": 4, "Sort Key": ["cn.id"], "Plans": [{"Node Type": "Bitmap Heap Scan", "Parent Relationship": "Outer", "Relation Name": "company_name", "Alias": "cn", "Startup Cost": 2800.52, "Total Cost": 8703.97, "Plan Rows": 85170, "Plan Width": 4, "Filter": "((country_code)::text = '[us]'::text)", "Plans": [{"Node Type": "Bitmap Index Scan", "Parent Relationship": "Outer", "Index Name": "company_name_pkey", "Startup Cost": 0.0, "Total Cost": 2779.23, "Plan Rows": 234996, "Plan Width": 0}]}]}, {"Node Type": "Sort", "Parent Relationship": "Inner", "Startup Cost": 371877.05, "Total Cost": 378399.87, "Plan Rows": 2609128, "Plan Width": 8, "Sort Key": ["mc.company_id"], "Plans": [{"Node Type": "Bitmap Heap Scan", "Parent Relationship": "Outer", "Relation Name": "movie_companies", "Alias": "mc", "Startup Cost": 51990.17, "Total Cost": 93807.45, "Plan Rows": 2609128, "Plan Width": 8, "Plans": [{"Node Type": "Bitmap Index Scan", "Parent Relationship": "Outer", "Index Name": "movie_id_movie_companies", "Startup Cost": 0.0, "Total Cost": 51337.89, "Plan Rows": 2609128, "Plan Width": 0}]}]}]}]}, {"Node Type": "Sort", "Parent Relationship": "Inner", "Startup Cost": 746635.7, "Total Cost": 754876.5, "Plan Rows": 3296318, "Plan Width": 8, "Sort Key": ["ci.movie_id"], "Plans": [{"Node Type": "Nested Loop", "Parent Relationship": "Outer", "Join Type": "Inner", "Startup Cost": 76315.02, "Total Cost": 389769.33, "Plan Rows": 3296318, "Plan Width": 8, "Inner Unique": false, "Plans": [{"Node Type": "Bitmap Heap Scan", "Parent Relationship": "Outer", "Relation Name": "role_type", "Alias": "rt", "Startup Cost": 8.31, "Total Cost": 12.46, "Plan Rows": 1, "Plan Width": 4, "Filter": "((role)::text = 'costume designer'::text)", "Plans": [{"Node Type": "Bitmap Index Scan", "Parent Relationship": "Outer", "Index Name": "role_type_pkey", "Startup Cost": 0.0, "Total Cost": 8.31, "Plan Rows": 12, "Plan Width": 0}]}, {"Node Type": "Bitmap Heap Scan", "Parent Relationship": "Inner", "Relation Name": "cast_info", "Alias": "ci", "Startup Cost": 76306.71, "Total Cost": 356793.69, "Plan Rows": 3296318, "Plan Width": 12, "Recheck Cond": "(role_id = rt.id), (LLVM Optimized)", "Plans": [{"Node Type": "Bitmap Index Scan", "Parent Relationship": "Outer", "Index Name": "role_id_cast_info", "Startup Cost": 0.0, "Total Cost": 75482.63, "Plan Rows": 3296318, "Plan Width": 0, "Index Cond": "(role_id = rt.id)"}]}]}]}]}, {"Node Type": "Sort", "Parent Relationship": "Inner", "Startup Cost": 379237.61, "Total Cost": 385558.39, "Plan Rows": 2528311, "Plan Width": 21, "Sort Key": ["t.id"], "Plans": [{"Node Type": "Bitmap Heap Scan", "Parent Relationship": "Outer", "Relation Name": "title", "Alias": "t", "Startup Cost": 50285.88, "Total Cost": 110354.99, "Plan Rows": 2528311, "Plan Width": 21, "Plans": [{"Node Type": "Bitmap Index Scan", "Parent Relationship": "Outer", "Index Name": "title_pkey", "Startup Cost": 0.0, "Total Cost": 49653.81, "Plan Rows": 2528311, "Plan Width": 0}]}]}]}]}, {"Node Type": "Sort", "Parent Relationship": "Inner", "Startup Cost": 125691.17, "Total Cost": 127944.52, "Plan Rows": 901342, "Plan Width": 20, "Sort Key": ["an1.person_id"], "Plans": [{"Node Type": "Bitmap Heap Scan", "Parent Relationship": "Outer", "Relation Name": "aka_name", "Alias": "an1", "Startup Cost": 16632.3, "Total Cost": 36540.72, "Plan Rows": 901342, "Plan Width": 20, "Plans": [{"Node Type": "Bitmap Index Scan", "Parent Relationship": "Outer", "Index Name": "person_id_aka_name", "Startup Cost": 0.0, "Total Cost": 16406.96, "Plan Rows": 901342, "Plan Width": 0}]}]}]}, {"Node Type": "Sort", "Parent Relationship": "Inner", "Startup Cost": 635502.57, "Total Cost": 645921.29, "Plan Rows": 4167490, "Plan Width": 4, "Sort Key": ["n1.id"], "Plans": [{"Node Type": "Bitmap Heap Scan", "Parent Relationship": "Outer", "Relation Name": "name", "Alias": "n1", "Startup Cost": 84199.57, "Total Cost": 177271.47, "Plan Rows": 4167490, "Plan Width": 4, "Plans": [{"Node Type": "Bitmap Index Scan", "Parent Relationship": "Outer", "Index Name": "name_pkey", "Startup Cost": 0.0, "Total Cost": 83157.7, "Plan Rows": 4167490, "Plan Width": 0}]}]}]}]}, "Unique SQL Id": 2457761703, "Planner Runtime": 42}, "explain_analyze_plan": null}, "(16, '24')": {"explain_plan": {"Plan": {"Node Type": "Aggregate", "Strategy": "Plain", "Startup Cost": 1714154.48, "Total Cost": 1714154.49, "Plan Rows": 1, "Plan Width": 97, "Plans": [{"Node Type": "Nested Loop", "Parent Relationship": "Outer", "Join Type": "Inner", "Startup Cost": 1440343.75, "Total Cost": 1712368.99, "Plan Rows": 357098, "Plan Width": 33, "Inner Unique": true, "Join Filter": "(an1.person_id = n1.id), (LLVM Optimized)", "Plans": [{"Node Type": "Nested Loop", "Parent Relationship": "Outer", "Join Type": "Inner", "Startup Cost": 1440343.75, "Total Cost": 1610875.05, "Plan Rows": 357098, "Plan Width": 41, "Inner Unique": true, "Plans": [{"Node Type": "Merge Join", "Parent Relationship": "Outer", "Join Type": "Inner", "Startup Cost": 1440343.75, "Total Cost": 1509072.71, "Plan Rows": 357379, "Plan Width": 32, "Inner Unique": false, "Merge Cond": "(an1.person_id = ci.person_id)", "Plans": [{"Node Type": "Index Scan", "Parent Relationship": "Outer", "Scan Direction": "Forward", "Index Name": "person_id_aka_name", "Relation Name": "aka_name", "Alias": "an1", "Startup Cost": 0.0, "Total Cost": 68965.03, "Plan Rows": 901342, "Plan Width": 20}, {"Node Type": "Sort", "Parent Relationship": "Inner", "Startup Cost": 1440343.68, "Total Cost": 1442121.22, "Plan Rows": 711018, "Plan Width": 12, "Sort Key": ["ci.person_id"], "Plans": [{"Node Type": "Merge Join", "Parent Relationship": "Outer", "Join Type": "Inner", "Startup Cost": 1346364.31, "Total Cost": 1371234.41, "Plan Rows": 711018, "Plan Width": 12, "Inner Unique": false, "Merge Cond": "(cn.id = mc.company_id)", "Plans": [{"Node Type": "Index Scan", "Parent Relationship": "Outer", "Scan Direction": "Forward", "Index Name": "company_name_pkey", "Relation Name": "company_name", "Alias": "cn", "Startup Cost": 0.0, "Total Cost": 10501.39, "Plan Rows": 85170, "Plan Width": 4, "Filter": "((country_code)::text = '[us]'::text)"}, {"Node Type": "Sort", "Parent Relationship": "Inner", "Startup Cost": 1346176.35, "Total Cost": 1349793.13, "Plan Rows": 1446714, "Plan Width": 16, "Sort Key": ["mc.company_id"], "Plans": [{"Node Type": "Nested Loop", "Parent Relationship": "Outer", "Join Type": "Inner", "Startup Cost": 0.0, "Total Cost": 1198146.05, "Plan Rows": 1446714, "Plan Width": 16, "Inner Unique": false, "Plans": [{"Node Type": "Streaming(type: LOCAL GATHER dop: 1/16)", "Parent Relationship": "Outer", "Startup Cost": 0.0, "Total Cost": 167087.83, "Plan Rows": 3296318, "Plan Width": 8, "Plans": [{"Node Type": "Nested Loop", "Parent Relationship": "Outer", "Join Type": "Inner", "Startup Cost": 0.0, "Total Cost": 95946.6, "Plan Rows": 3296318, "Plan Width": 8, "Inner Unique": false, "Join Filter": "(ci.role_id = rt.id), (LLVM Optimized)", "Plans": [{"Node Type": "Streaming(type: BROADCAST dop: 16/1)", "Parent Relationship": "Outer", "Startup Cost": 0.0, "Total Cost": 15001.5, "Plan Rows": 16, "Plan Width": 4, "Plans": [{"Node Type": "Seq Scan", "Parent Relationship": "Outer", "Relation Name": "role_type", "Alias": "rt", "Startup Cost": 0.0, "Total Cost": 1.15, "Plan Rows": 1, "Plan Width": 4, "Filter": "((role)::text = 'costume designer'::text)"}]}, {"Node Type": "Seq Scan", "Parent Relationship": "Inner", "Relation Name": "cast_info", "Alias": "ci", "Startup Cost": 0.0, "Total Cost": 52617.37, "Plan Rows": 36259494, "Plan Width": 12}]}]}, {"Node Type": "Index Scan", "Parent Relationship": "Inner", "Scan Direction": "Forward", "Index Name": "movie_id_movie_companies", "Relation Name": "movie_companies", "Alias": "mc", "Startup Cost": 0.0, "Total Cost": 0.29, "Plan Rows": 2, "Plan Width": 8, "Index Cond": "(movie_id = ci.movie_id)"}]}]}]}]}]}, {"Node Type": "Index Scan", "Parent Relationship": "Inner", "Scan Direction": "Forward", "Index Name": "title_pkey", "Relation Name": "title", "Alias": "t", "Startup Cost": 0.0, "Total Cost": 0.27, "Plan Rows": 1, "Plan Width": 21, "Index Cond": "(id = ci.movie_id)"}]}, {"Node Type": "Index Only Scan", "Parent Relationship": "Inner", "Scan Direction": "Forward", "Index Name": "name_pkey", "Relation Name": "name", "Alias": "n1", "Startup Cost": 0.0, "Total Cost": 0.27, "Plan Rows": 1, "Plan Width": 4, "Index Cond": "(id = ci.person_id)"}]}]}, "Unique SQL Id": 2457761703, "Planner Runtime": 30}, "explain_analyze_plan": null}, "(16, '25')": {"explain_plan": {"Plan": {"Node Type": "Aggregate", "Strategy": "Plain", "Startup Cost": 1890619.97, "Total Cost": 1890619.98, "Plan Rows": 1, "Plan Width": 97, "Plans": [{"Node Type": "Nested Loop", "Parent Relationship": "Outer", "Join Type": "Inner", "Startup Cost": 1616809.24, "Total Cost": 1888834.48, "Plan Rows": 357098, "Plan Width": 33, "Inner Unique": true, "Join Filter": "(an1.person_id = n1.id), (LLVM Optimized)", "Plans": [{"Node Type": "Nested Loop", "Parent Relationship": "Outer", "Join Type": "Inner", "Startup Cost": 1616809.24, "Total Cost": 1787340.55, "Plan Rows": 357098, "Plan Width": 41, "Inner Unique": true, "Plans": [{"Node Type": "Merge Join", "Parent Relationship": "Outer", "Join Type": "Inner", "Startup Cost": 1616809.24, "Total Cost": 1685538.21, "Plan Rows": 357379, "Plan Width": 32, "Inner Unique": false, "Merge Cond": "(ci.person_id = an1.person_id)", "Plans": [{"Node Type": "Sort", "Parent Relationship": "Outer", "Startup Cost": 1616809.17, "Total Cost": 1618586.72, "Plan Rows": 711018, "Plan Width": 12, "Sort Key": ["ci.person_id"], "Plans": [{"Node Type": "Nested Loop", "Parent Relationship": "Outer", "Join Type": "Inner", "Startup Cost": 3383.04, "Total Cost": 1547699.91, "Plan Rows": 711018, "Plan Width": 12, "Inner Unique": false, "Join Filter": "(ci.role_id = rt.id), (LLVM Optimized)", "Plans": [{"Node Type": "Index Scan", "Parent Relationship": "Outer", "Scan Direction": "Forward", "Index Name": "role_type_pkey", "Relation Name": "role_type", "Alias": "rt", "Startup Cost": 0.0, "Total Cost": 12.46, "Plan Rows": 1, "Plan Width": 4, "Filter": "((role)::text = 'costume designer'::text)"}, {"Node Type": "Nested Loop", "Parent Relationship": "Inner", "Join Type": "Inner", "Startup Cost": 3383.04, "Total Cost": 1449922.43, "Plan Rows": 7821201, "Plan Width": 16, "Inner Unique": false, "Plans": [{"Node Type": "Merge Join", "Parent Relationship": "Outer", "Join Type": "Inner", "Startup Cost": 3383.04, "Total Cost": 153733.74, "Plan Rows": 1282311, "Plan Width": 4, "Inner Unique": false, "Merge Cond": "(cn.id = mc.company_id)", "Plans": [{"Node Type": "Index Scan", "Parent Relationship": "Outer", "Scan Direction": "Forward", "Index Name": "company_name_pkey", "Relation Name": "company_name", "Alias": "cn", "Startup Cost": 0.0, "Total Cost": 10501.39, "Plan Rows": 85170, "Plan Width": 4, "Filter": "((country_code)::text = '[us]'::text)"}, {"Node Type": "Index Scan", "Parent Relationship": "Inner", "Scan Direction": "Forward", "Index Name": "company_id_movie_companies", "Relation Name": "movie_companies", "Alias": "mc", "Startup Cost": 0.0, "Total Cost": 123673.5, "Plan Rows": 2609128, "Plan Width": 8}]}, {"Node Type": "Index Scan", "Parent Relationship": "Inner", "Scan Direction": "Forward", "Index Name": "movie_id_cast_info", "Relation Name": "cast_info", "Alias": "ci", "Startup Cost": 0.0, "Total Cost": 0.95, "Plan Rows": 6, "Plan Width": 12, "Index Cond": "(movie_id = mc.movie_id)"}]}]}]}, {"Node Type": "Index Scan", "Parent Relationship": "Inner", "Scan Direction": "Forward", "Index Name": "person_id_aka_name", "Relation Name": "aka_name", "Alias": "an1", "Startup Cost": 0.0, "Total Cost": 68965.03, "Plan Rows": 901342, "Plan Width": 20}]}, {"Node Type": "Index Scan", "Parent Relationship": "Inner", "Scan Direction": "Forward", "Index Name": "title_pkey", "Relation Name": "title", "Alias": "t", "Startup Cost": 0.0, "Total Cost": 0.27, "Plan Rows": 1, "Plan Width": 21, "Index Cond": "(id = ci.movie_id)"}]}, {"Node Type": "Index Only Scan", "Parent Relationship": "Inner", "Scan Direction": "Forward", "Index Name": "name_pkey", "Relation Name": "name", "Alias": "n1", "Startup Cost": 0.0, "Total Cost": 0.27, "Plan Rows": 1, "Plan Width": 4, "Index Cond": "(id = ci.person_id)"}]}]}, "Unique SQL Id": 2457761703, "Planner Runtime": 34}, "explain_analyze_plan": null}, "(16, '26')": {"explain_plan": {"Plan": {"Node Type": "Aggregate", "Strategy": "Plain", "Startup Cost": 438777366.04, "Total Cost": 438777366.06, "Plan Rows": 1, "Plan Width": 97, "Plans": [{"Node Type": "Streaming(type: LOCAL GATHER dop: 1/16)", "Parent Relationship": "Outer", "Startup Cost": 438777366.04, "Total Cost": 438777366.06, "Plan Rows": 1, "Plan Width": 97, "Plans": [{"Node Type": "Aggregate", "Strategy": "Plain", "Parent Relationship": "Outer", "Startup Cost": 438777366.04, "Total Cost": 438777366.05, "Plan Rows": 1, "Plan Width": 97, "Plans": [{"Node Type": "Nested Loop", "Parent Relationship": "Outer", "Join Type": "Inner", "Startup Cost": 0.0, "Total Cost": 438775580.55, "Plan Rows": 357098, "Plan Width": 33, "Inner Unique": false, "Join Filter": "(an1.person_id = n1.id), (LLVM Optimized)", "Plans": [{"Node Type": "Streaming(type: LOCAL REDISTRIBUTE dop: 16/16)", "Parent Relationship": "Outer", "Startup Cost": 0.0, "Total Cost": 51607.87, "Plan Rows": 4167490, "Plan Width": 4, "Plans": [{"Node Type": "Seq Scan", "Parent Relationship": "Outer", "Relation Name": "name", "Alias": "n1", "Startup Cost": 0.0, "Total Cost": 20816.99, "Plan Rows": 4167490, "Plan Width": 4}]}, {"Node Type": "Materialize", "Parent Relationship": "Inner", "Startup Cost": 0.0, "Total Cost": 351524672.37, "Plan Rows": 357098, "Plan Width": 41, "Plans": [{"Node Type": "Streaming(type: LOCAL REDISTRIBUTE dop: 16/16)", "Parent Relationship": "Outer", "Startup Cost": 0.0, "Total Cost": 351524560.78, "Plan Rows": 357098, "Plan Width": 41, "Plans": [{"Node Type": "Nested Loop", "Parent Relationship": "Outer", "Join Type": "Inner", "Startup Cost": 0.0, "Total Cost": 351508207.71, "Plan Rows": 357098, "Plan Width": 41, "Inner Unique": false, "Join Filter": "(ci.movie_id = t.id), (LLVM Optimized)", "Plans": [{"Node Type": "Streaming(type: LOCAL REDISTRIBUTE dop: 16/16)", "Parent Relationship": "Outer", "Startup Cost": 0.0, "Total Cost": 43334.25, "Plan Rows": 2528311, "Plan Width": 21, "Plans": [{"Node Type": "Seq Scan", "Parent Relationship": "Outer", "Relation Name": "title", "Alias": "t", "Startup Cost": 0.0, "Total Cost": 18754.32, "Plan Rows": 2528311, "Plan Width": 21}]}, {"Node Type": "Materialize", "Parent Relationship": "Inner", "Startup Cost": 0.0, "Total Cost": 298521652.54, "Plan Rows": 357379, "Plan Width": 32, "Plans": [{"Node Type": "Streaming(type: LOCAL REDISTRIBUTE dop: 16/16)", "Parent Relationship": "Outer", "Startup Cost": 0.0, "Total Cost": 298521540.86, "Plan Rows": 357379, "Plan Width": 32, "Plans": [{"Node Type": "Nested Loop", "Parent Relationship": "Outer", "Join Type": "Inner", "Startup Cost": 0.0, "Total Cost": 298505186.73, "Plan Rows": 357379, "Plan Width": 32, "Inner Unique": false, "Join Filter": "(ci.person_id = an1.person_id), (LLVM Optimized)", "Plans": [{"Node Type": "Streaming(type: LOCAL REDISTRIBUTE dop: 16/16)", "Parent Relationship": "Outer", "Startup Cost": 0.0, "Total Cost": 34659.52, "Plan Rows": 901342, "Plan Width": 20, "Plans": [{"Node Type": "Seq Scan", "Parent Relationship": "Outer", "Relation Name": "aka_name", "Alias": "an1", "Startup Cost": 0.0, "Total Cost": 16244.28, "Plan Rows": 901342, "Plan Width": 20}]}, {"Node Type": "Materialize", "Parent Relationship": "Inner", "Startup Cost": 0.0, "Total Cost": 260919639.12, "Plan Rows": 711018, "Plan Width": 12, "Plans": [{"Node Type": "Streaming(type: LOCAL REDISTRIBUTE dop: 16/16)", "Parent Relationship": "Outer", "Startup Cost": 0.0, "Total Cost": 260919416.92, "Plan Rows": 711018, "Plan Width": 12, "Plans": [{"Node Type": "Nested Loop", "Parent Relationship": "Outer", "Join Type": "Inner", "Startup Cost": 0.0, "Total Cost": 260901722.83, "Plan Rows": 711018, "Plan Width": 12, "Inner Unique": false, "Join Filter": "(ci.movie_id = mc.movie_id), (LLVM Optimized)", "Plans": [{"Node Type": "Streaming(type: LOCAL REDISTRIBUTE dop: 16/16)", "Parent Relationship": "Outer", "Startup Cost": 0.0, "Total Cost": 123436.55, "Plan Rows": 3296318, "Plan Width": 8, "Plans": [{"Node Type": "Nested Loop", "Parent Relationship": "Outer", "Join Type": "Inner", "Startup Cost": 0.0, "Total Cost": 95946.6, "Plan Rows": 3296318, "Plan Width": 8, "Inner Unique": false, "Join Filter": "(ci.role_id = rt.id), (LLVM Optimized)", "Plans": [{"Node Type": "Streaming(type: BROADCAST dop: 16/1)", "Parent Relationship": "Outer", "Startup Cost": 0.0, "Total Cost": 15001.5, "Plan Rows": 16, "Plan Width": 4, "Plans": [{"Node Type": "Seq Scan", "Parent Relationship": "Outer", "Relation Name": "role_type", "Alias": "rt", "Startup Cost": 0.0, "Total Cost": 1.15, "Plan Rows": 1, "Plan Width": 4, "Filter": "((role)::text = 'costume designer'::text)"}]}, {"Node Type": "Seq Scan", "Parent Relationship": "Inner", "Relation Name": "cast_info", "Alias": "ci", "Startup Cost": 0.0, "Total Cost": 52617.37, "Plan Rows": 36259494, "Plan Width": 12}]}]}, {"Node Type": "Materialize", "Parent Relationship": "Inner", "Startup Cost": 0.0, "Total Cost": 13108281.71, "Plan Rows": 1282311, "Plan Width": 4, "Plans": [{"Node Type": "Streaming(type: LOCAL REDISTRIBUTE dop: 16/16)", "Parent Relationship": "Outer", "Startup Cost": 0.0, "Total Cost": 13107880.98, "Plan Rows": 1282311, "Plan Width": 4, "Plans": [{"Node Type": "Nested Loop", "Parent Relationship": "Outer", "Join Type": "Inner", "Startup Cost": 0.0, "Total Cost": 13088022.23, "Plan Rows": 1282311, "Plan Width": 4, "Inner Unique": false, "Join Filter": "(cn.id = mc.company_id), (LLVM Optimized)", "Plans": [{"Node Type": "Streaming(type: LOCAL REDISTRIBUTE dop: 16/1)", "Parent Relationship": "Outer", "Startup Cost": 0.0, "Total Cost": 24444.99, "Plan Rows": 85170, "Plan Width": 4, "Plans": [{"Node Type": "Seq Scan", "Parent Relationship": "Outer", "Relation Name": "company_name", "Alias": "cn", "Startup Cost": 0.0, "Total Cost": 5903.45, "Plan Rows": 85170, "Plan Width": 4, "Filter": "((country_code)::text = '[us]'::text)"}]}, {"Node Type": "Materialize", "Parent Relationship": "Inner", "Startup Cost": 0.0, "Total Cost": 43315.08, "Plan Rows": 2609128, "Plan Width": 8, "Plans": [{"Node Type": "Streaming(type: LOCAL REDISTRIBUTE dop: 16/16)", "Parent Relationship": "Outer", "Startup Cost": 0.0, "Total Cost": 42499.73, "Plan Rows": 2609128, "Plan Width": 8, "Plans": [{"Node Type": "Seq Scan", "Parent Relationship": "Outer", "Relation Name": "movie_companies", "Alias": "mc", "Startup Cost": 0.0, "Total Cost": 17613.58, "Plan Rows": 2609128, "Plan Width": 8}]}]}]}]}]}]}]}]}]}]}]}]}]}]}]}]}]}]}, "Unique SQL Id": 2457761703, "Planner Runtime": 14}, "explain_analyze_plan": null}, "(16, '27')": {"explain_plan": {"Plan": {"Node Type": "Aggregate", "Strategy": "Plain", "Startup Cost": 6752833214283.18, "Total Cost": 6752833214283.19, "Plan Rows": 1, "Plan Width": 97, "Plans": [{"Node Type": "Nested Loop", "Parent Relationship": "Outer", "Join Type": "Inner", "Startup Cost": 70071825122.57, "Total Cost": 6752833212497.69, "Plan Rows": 357098, "Plan Width": 33, "Inner Unique": false, "Join Filter": "(t.id = ci.movie_id), (LLVM Optimized)", "Plans": [{"Node Type": "Merge Join", "Parent Relationship": "Outer", "Join Type": "Inner", "Startup Cost": 30021927926.2, "Total Cost": 3002409653794.57, "Plan Rows": 1282311, "Plan Width": 25, "Inner Unique": true, "Merge Cond": "(mc.movie_id = t.id)", "Plans": [{"Node Type": "Nested Loop", "Parent Relationship": "Outer", "Join Type": "Inner", "Startup Cost": 20000000000.0, "Total Cost": 2003347393774.42, "Plan Rows": 1282311, "Plan Width": 4, "Inner Unique": true, "Join Filter": "(cn.id = mc.company_id), (LLVM Optimized)", "Plans": [{"Node Type": "Index Scan", "Parent Relationship": "Outer", "Scan Direction": "Forward", "Index Name": "movie_id_movie_companies", "Relation Name": "movie_companies", "Alias": "mc", "Startup Cost": 10000000000.0, "Total Cost": 1000013051946.13, "Plan Rows": 2609128, "Plan Width": 8}, {"Node Type": "Materialize", "Parent Relationship": "Inner", "Startup Cost": 10000000000.0, "Total Cost": 1000001050564.82, "Plan Rows": 85170, "Plan Width": 4, "Plans": [{"Node Type": "Index Scan", "Parent Relationship": "Outer", "Scan Direction": "Forward", "Index Name": "company_name_pkey", "Relation Name": "company_name", "Alias": "cn", "Startup Cost": 10000000000.0, "Total Cost": 1000001050138.97, "Plan Rows": 85170, "Plan Width": 4, "Filter": "((country_code)::text = '[us]'::text)"}]}]}, {"Node Type": "Index Scan", "Parent Relationship": "Inner", "Scan Direction": "Forward", "Index Name": "title_pkey", "Relation Name": "title", "Alias": "t", "Startup Cost": 10000000000.0, "Total Cost": 1000011012048.91, "Plan Rows": 2528311, "Plan Width": 21}]}, {"Node Type": "Materialize", "Parent Relationship": "Inner", "Startup Cost": 40049897196.36, "Total Cost": 3721868009571.57, "Plan Rows": 1484588, "Plan Width": 20, "Plans": [{"Node Type": "Nested Loop", "Parent Relationship": "Outer", "Join Type": "Inner", "Startup Cost": 40049897196.36, "Total Cost": 3721868002148.63, "Plan Rows": 1484588, "Plan Width": 20, "Inner Unique": false, "Join Filter": "(ci.role_id = rt.id), (LLVM Optimized)", "Plans": [{"Node Type": "Index Scan", "Parent Relationship": "Outer", "Scan Direction": "Forward", "Index Name": "role_type_pkey", "Relation Name": "role_type", "Alias": "rt", "Startup Cost": 10000000000.0, "Total Cost": 1000000001246.0, "Plan Rows": 1, "Plan Width": 4, "Filter": "((role)::text = 'costume designer'::text)"}, {"Node Type": "Merge Join", "Parent Relationship": "Inner", "Join Type": "Inner", "Startup Cost": 30049897196.36, "Total Cost": 2721867796771.75, "Plan Rows": 16330470, "Plan Width": 24, "Inner Unique": false, "Merge Cond": "(an1.person_id = ci.person_id)", "Plans": [{"Node Type": "Merge Join", "Parent Relationship": "Outer", "Join Type": "Inner", "Startup Cost": 20030754356.47, "Total Cost": 2000002534968.85, "Plan Rows": 901342, "Plan Width": 24, "Inner Unique": true, "Merge Cond": "(an1.person_id = n1.id)", "Plans": [{"Node Type": "Index Scan", "Parent Relationship": "Outer", "Scan Direction": "Forward", "Index Name": "person_id_aka_name", "Relation Name": "aka_name", "Alias": "an1", "Startup Cost": 10000000000.0, "Total Cost": 1000006896503.43, "Plan Rows": 901342, "Plan Width": 20}, {"Node Type": "Index Only Scan", "Parent Relationship": "Inner", "Scan Direction": "Forward", "Index Name": "name_pkey", "Relation Name": "name", "Alias": "n1", "Startup Cost": 10000000000.0, "Total Cost": 1000012483260.0, "Plan Rows": 4167490, "Plan Width": 4}]}, {"Node Type": "Index Scan", "Parent Relationship": "Inner", "Scan Direction": "Forward", "Index Name": "person_id_cast_info", "Relation Name": "cast_info", "Alias": "ci", "Startup Cost": 10000000000.0, "Total Cost": 1000170648833.21, "Plan Rows": 36259494, "Plan Width": 12}]}]}]}]}]}, "Unique SQL Id": 2457761703, "Planner Runtime": 90}, "explain_analyze_plan": null}, "(16, '28')": {"explain_plan": {"Plan": {"Node Type": "Aggregate", "Strategy": "Plain", "Startup Cost": 1716179.19, "Total Cost": 1716179.2, "Plan Rows": 1, "Plan Width": 97, "Plans": [{"Node Type": "Nested Loop", "Parent Relationship": "Outer", "Join Type": "Inner", "Startup Cost": 1440343.75, "Total Cost": 1714393.7, "Plan Rows": 357098, "Plan Width": 33, "Inner Unique": true, "Join Filter": "(an1.person_id = n1.id), (LLVM Optimized)", "Plans": [{"Node Type": "Nested Loop", "Parent Relationship": "Outer", "Join Type": "Inner", "Startup Cost": 1440343.75, "Total Cost": 1610875.05, "Plan Rows": 357098, "Plan Width": 41, "Inner Unique": true, "Plans": [{"Node Type": "Merge Join", "Parent Relationship": "Outer", "Join Type": "Inner", "Startup Cost": 1440343.75, "Total Cost": 1509072.71, "Plan Rows": 357379, "Plan Width": 32, "Inner Unique": false, "Merge Cond": "(an1.person_id = ci.person_id)", "Plans": [{"Node Type": "Index Scan", "Parent Relationship": "Outer", "Scan Direction": "Forward", "Index Name": "person_id_aka_name", "Relation Name": "aka_name", "Alias": "an1", "Startup Cost": 0.0, "Total Cost": 68965.03, "Plan Rows": 901342, "Plan Width": 20}, {"Node Type": "Sort", "Parent Relationship": "Inner", "Startup Cost": 1440343.68, "Total Cost": 1442121.22, "Plan Rows": 711018, "Plan Width": 12, "Sort Key": ["ci.person_id"], "Plans": [{"Node Type": "Merge Join", "Parent Relationship": "Outer", "Join Type": "Inner", "Startup Cost": 1346364.31, "Total Cost": 1371234.41, "Plan Rows": 711018, "Plan Width": 12, "Inner Unique": false, "Merge Cond": "(cn.id = mc.company_id)", "Plans": [{"Node Type": "Index Scan", "Parent Relationship": "Outer", "Scan Direction": "Forward", "Index Name": "company_name_pkey", "Relation Name": "company_name", "Alias": "cn", "Startup Cost": 0.0, "Total Cost": 10501.39, "Plan Rows": 85170, "Plan Width": 4, "Filter": "((country_code)::text = '[us]'::text)"}, {"Node Type": "Sort", "Parent Relationship": "Inner", "Startup Cost": 1346176.35, "Total Cost": 1349793.13, "Plan Rows": 1446714, "Plan Width": 16, "Sort Key": ["mc.company_id"], "Plans": [{"Node Type": "Nested Loop", "Parent Relationship": "Outer", "Join Type": "Inner", "Startup Cost": 0.0, "Total Cost": 1198146.05, "Plan Rows": 1446714, "Plan Width": 16, "Inner Unique": false, "Plans": [{"Node Type": "Streaming(type: LOCAL GATHER dop: 1/16)", "Parent Relationship": "Outer", "Startup Cost": 0.0, "Total Cost": 167087.83, "Plan Rows": 3296318, "Plan Width": 8, "Plans": [{"Node Type": "Nested Loop", "Parent Relationship": "Outer", "Join Type": "Inner", "Startup Cost": 0.0, "Total Cost": 95946.6, "Plan Rows": 3296318, "Plan Width": 8, "Inner Unique": false, "Join Filter": "(ci.role_id = rt.id), (LLVM Optimized)", "Plans": [{"Node Type": "Streaming(type: BROADCAST dop: 16/1)", "Parent Relationship": "Outer", "Startup Cost": 0.0, "Total Cost": 15001.5, "Plan Rows": 16, "Plan Width": 4, "Plans": [{"Node Type": "Seq Scan", "Parent Relationship": "Outer", "Relation Name": "role_type", "Alias": "rt", "Startup Cost": 0.0, "Total Cost": 1.15, "Plan Rows": 1, "Plan Width": 4, "Filter": "((role)::text = 'costume designer'::text)"}]}, {"Node Type": "Seq Scan", "Parent Relationship": "Inner", "Relation Name": "cast_info", "Alias": "ci", "Startup Cost": 0.0, "Total Cost": 52617.37, "Plan Rows": 36259494, "Plan Width": 12}]}]}, {"Node Type": "Index Scan", "Parent Relationship": "Inner", "Scan Direction": "Forward", "Index Name": "movie_id_movie_companies", "Relation Name": "movie_companies", "Alias": "mc", "Startup Cost": 0.0, "Total Cost": 0.29, "Plan Rows": 2, "Plan Width": 8, "Index Cond": "(movie_id = ci.movie_id)"}]}]}]}]}]}, {"Node Type": "Index Scan", "Parent Relationship": "Inner", "Scan Direction": "Forward", "Index Name": "title_pkey", "Relation Name": "title", "Alias": "t", "Startup Cost": 0.0, "Total Cost": 0.27, "Plan Rows": 1, "Plan Width": 21, "Index Cond": "(id = ci.movie_id)"}]}, {"Node Type": "Index Scan", "Parent Relationship": "Inner", "Scan Direction": "Forward", "Index Name": "name_pkey", "Relation Name": "name", "Alias": "n1", "Startup Cost": 0.0, "Total Cost": 0.28, "Plan Rows": 1, "Plan Width": 4, "Index Cond": "(id = ci.person_id)"}]}]}, "Unique SQL Id": 2457761703, "Planner Runtime": 30}, "explain_analyze_plan": null}, "(16, '29')": {"explain_plan": {"Plan": {"Node Type": "Aggregate", "Strategy": "Plain", "Startup Cost": 1892644.69, "Total Cost": 1892644.7, "Plan Rows": 1, "Plan Width": 97, "Plans": [{"Node Type": "Nested Loop", "Parent Relationship": "Outer", "Join Type": "Inner", "Startup Cost": 1616809.24, "Total Cost": 1890859.2, "Plan Rows": 357098, "Plan Width": 33, "Inner Unique": true, "Join Filter": "(an1.person_id = n1.id), (LLVM Optimized)", "Plans": [{"Node Type": "Nested Loop", "Parent Relationship": "Outer", "Join Type": "Inner", "Startup Cost": 1616809.24, "Total Cost": 1787340.55, "Plan Rows": 357098, "Plan Width": 41, "Inner Unique": true, "Plans": [{"Node Type": "Merge Join", "Parent Relationship": "Outer", "Join Type": "Inner", "Startup Cost": 1616809.24, "Total Cost": 1685538.21, "Plan Rows": 357379, "Plan Width": 32, "Inner Unique": false, "Merge Cond": "(ci.person_id = an1.person_id)", "Plans": [{"Node Type": "Sort", "Parent Relationship": "Outer", "Startup Cost": 1616809.17, "Total Cost": 1618586.72, "Plan Rows": 711018, "Plan Width": 12, "Sort Key": ["ci.person_id"], "Plans": [{"Node Type": "Nested Loop", "Parent Relationship": "Outer", "Join Type": "Inner", "Startup Cost": 3383.04, "Total Cost": 1547699.91, "Plan Rows": 711018, "Plan Width": 12, "Inner Unique": false, "Join Filter": "(ci.role_id = rt.id), (LLVM Optimized)", "Plans": [{"Node Type": "Index Scan", "Parent Relationship": "Outer", "Scan Direction": "Forward", "Index Name": "role_type_pkey", "Relation Name": "role_type", "Alias": "rt", "Startup Cost": 0.0, "Total Cost": 12.46, "Plan Rows": 1, "Plan Width": 4, "Filter": "((role)::text = 'costume designer'::text)"}, {"Node Type": "Nested Loop", "Parent Relationship": "Inner", "Join Type": "Inner", "Startup Cost": 3383.04, "Total Cost": 1449922.43, "Plan Rows": 7821201, "Plan Width": 16, "Inner Unique": false, "Plans": [{"Node Type": "Merge Join", "Parent Relationship": "Outer", "Join Type": "Inner", "Startup Cost": 3383.04, "Total Cost": 153733.74, "Plan Rows": 1282311, "Plan Width": 4, "Inner Unique": false, "Merge Cond": "(cn.id = mc.company_id)", "Plans": [{"Node Type": "Index Scan", "Parent Relationship": "Outer", "Scan Direction": "Forward", "Index Name": "company_name_pkey", "Relation Name": "company_name", "Alias": "cn", "Startup Cost": 0.0, "Total Cost": 10501.39, "Plan Rows": 85170, "Plan Width": 4, "Filter": "((country_code)::text = '[us]'::text)"}, {"Node Type": "Index Scan", "Parent Relationship": "Inner", "Scan Direction": "Forward", "Index Name": "company_id_movie_companies", "Relation Name": "movie_companies", "Alias": "mc", "Startup Cost": 0.0, "Total Cost": 123673.5, "Plan Rows": 2609128, "Plan Width": 8}]}, {"Node Type": "Index Scan", "Parent Relationship": "Inner", "Scan Direction": "Forward", "Index Name": "movie_id_cast_info", "Relation Name": "cast_info", "Alias": "ci", "Startup Cost": 0.0, "Total Cost": 0.95, "Plan Rows": 6, "Plan Width": 12, "Index Cond": "(movie_id = mc.movie_id)"}]}]}]}, {"Node Type": "Index Scan", "Parent Relationship": "Inner", "Scan Direction": "Forward", "Index Name": "person_id_aka_name", "Relation Name": "aka_name", "Alias": "an1", "Startup Cost": 0.0, "Total Cost": 68965.03, "Plan Rows": 901342, "Plan Width": 20}]}, {"Node Type": "Index Scan", "Parent Relationship": "Inner", "Scan Direction": "Forward", "Index Name": "title_pkey", "Relation Name": "title", "Alias": "t", "Startup Cost": 0.0, "Total Cost": 0.27, "Plan Rows": 1, "Plan Width": 21, "Index Cond": "(id = ci.movie_id)"}]}, {"Node Type": "Index Scan", "Parent Relationship": "Inner", "Scan Direction": "Forward", "Index Name": "name_pkey", "Relation Name": "name", "Alias": "n1", "Startup Cost": 0.0, "Total Cost": 0.28, "Plan Rows": 1, "Plan Width": 4, "Index Cond": "(id = ci.person_id)"}]}]}, "Unique SQL Id": 2457761703, "Planner Runtime": 33}, "explain_analyze_plan": null}, "(16, '30')": {"explain_plan": {"Plan": {"Node Type": "Aggregate", "Strategy": "Plain", "Startup Cost": 438777366.04, "Total Cost": 438777366.06, "Plan Rows": 1, "Plan Width": 97, "Plans": [{"Node Type": "Streaming(type: LOCAL GATHER dop: 1/16)", "Parent Relationship": "Outer", "Startup Cost": 438777366.04, "Total Cost": 438777366.06, "Plan Rows": 1, "Plan Width": 97, "Plans": [{"Node Type": "Aggregate", "Strategy": "Plain", "Parent Relationship": "Outer", "Startup Cost": 438777366.04, "Total Cost": 438777366.05, "Plan Rows": 1, "Plan Width": 97, "Plans": [{"Node Type": "Nested Loop", "Parent Relationship": "Outer", "Join Type": "Inner", "Startup Cost": 0.0, "Total Cost": 438775580.55, "Plan Rows": 357098, "Plan Width": 33, "Inner Unique": false, "Join Filter": "(an1.person_id = n1.id), (LLVM Optimized)", "Plans": [{"Node Type": "Streaming(type: LOCAL REDISTRIBUTE dop: 16/16)", "Parent Relationship": "Outer", "Startup Cost": 0.0, "Total Cost": 51607.87, "Plan Rows": 4167490, "Plan Width": 4, "Plans": [{"Node Type": "Seq Scan", "Parent Relationship": "Outer", "Relation Name": "name", "Alias": "n1", "Startup Cost": 0.0, "Total Cost": 20816.99, "Plan Rows": 4167490, "Plan Width": 4}]}, {"Node Type": "Materialize", "Parent Relationship": "Inner", "Startup Cost": 0.0, "Total Cost": 351524672.37, "Plan Rows": 357098, "Plan Width": 41, "Plans": [{"Node Type": "Streaming(type: LOCAL REDISTRIBUTE dop: 16/16)", "Parent Relationship": "Outer", "Startup Cost": 0.0, "Total Cost": 351524560.78, "Plan Rows": 357098, "Plan Width": 41, "Plans": [{"Node Type": "Nested Loop", "Parent Relationship": "Outer", "Join Type": "Inner", "Startup Cost": 0.0, "Total Cost": 351508207.71, "Plan Rows": 357098, "Plan Width": 41, "Inner Unique": false, "Join Filter": "(ci.movie_id = t.id), (LLVM Optimized)", "Plans": [{"Node Type": "Streaming(type: LOCAL REDISTRIBUTE dop: 16/16)", "Parent Relationship": "Outer", "Startup Cost": 0.0, "Total Cost": 43334.25, "Plan Rows": 2528311, "Plan Width": 21, "Plans": [{"Node Type": "Seq Scan", "Parent Relationship": "Outer", "Relation Name": "title", "Alias": "t", "Startup Cost": 0.0, "Total Cost": 18754.32, "Plan Rows": 2528311, "Plan Width": 21}]}, {"Node Type": "Materialize", "Parent Relationship": "Inner", "Startup Cost": 0.0, "Total Cost": 298521652.54, "Plan Rows": 357379, "Plan Width": 32, "Plans": [{"Node Type": "Streaming(type: LOCAL REDISTRIBUTE dop: 16/16)", "Parent Relationship": "Outer", "Startup Cost": 0.0, "Total Cost": 298521540.86, "Plan Rows": 357379, "Plan Width": 32, "Plans": [{"Node Type": "Nested Loop", "Parent Relationship": "Outer", "Join Type": "Inner", "Startup Cost": 0.0, "Total Cost": 298505186.73, "Plan Rows": 357379, "Plan Width": 32, "Inner Unique": false, "Join Filter": "(ci.person_id = an1.person_id), (LLVM Optimized)", "Plans": [{"Node Type": "Streaming(type: LOCAL REDISTRIBUTE dop: 16/16)", "Parent Relationship": "Outer", "Startup Cost": 0.0, "Total Cost": 34659.52, "Plan Rows": 901342, "Plan Width": 20, "Plans": [{"Node Type": "Seq Scan", "Parent Relationship": "Outer", "Relation Name": "aka_name", "Alias": "an1", "Startup Cost": 0.0, "Total Cost": 16244.28, "Plan Rows": 901342, "Plan Width": 20}]}, {"Node Type": "Materialize", "Parent Relationship": "Inner", "Startup Cost": 0.0, "Total Cost": 260919639.12, "Plan Rows": 711018, "Plan Width": 12, "Plans": [{"Node Type": "Streaming(type: LOCAL REDISTRIBUTE dop: 16/16)", "Parent Relationship": "Outer", "Startup Cost": 0.0, "Total Cost": 260919416.92, "Plan Rows": 711018, "Plan Width": 12, "Plans": [{"Node Type": "Nested Loop", "Parent Relationship": "Outer", "Join Type": "Inner", "Startup Cost": 0.0, "Total Cost": 260901722.83, "Plan Rows": 711018, "Plan Width": 12, "Inner Unique": false, "Join Filter": "(ci.movie_id = mc.movie_id), (LLVM Optimized)", "Plans": [{"Node Type": "Streaming(type: LOCAL REDISTRIBUTE dop: 16/16)", "Parent Relationship": "Outer", "Startup Cost": 0.0, "Total Cost": 123436.55, "Plan Rows": 3296318, "Plan Width": 8, "Plans": [{"Node Type": "Nested Loop", "Parent Relationship": "Outer", "Join Type": "Inner", "Startup Cost": 0.0, "Total Cost": 95946.6, "Plan Rows": 3296318, "Plan Width": 8, "Inner Unique": false, "Join Filter": "(ci.role_id = rt.id), (LLVM Optimized)", "Plans": [{"Node Type": "Streaming(type: BROADCAST dop: 16/1)", "Parent Relationship": "Outer", "Startup Cost": 0.0, "Total Cost": 15001.5, "Plan Rows": 16, "Plan Width": 4, "Plans": [{"Node Type": "Seq Scan", "Parent Relationship": "Outer", "Relation Name": "role_type", "Alias": "rt", "Startup Cost": 0.0, "Total Cost": 1.15, "Plan Rows": 1, "Plan Width": 4, "Filter": "((role)::text = 'costume designer'::text)"}]}, {"Node Type": "Seq Scan", "Parent Relationship": "Inner", "Relation Name": "cast_info", "Alias": "ci", "Startup Cost": 0.0, "Total Cost": 52617.37, "Plan Rows": 36259494, "Plan Width": 12}]}]}, {"Node Type": "Materialize", "Parent Relationship": "Inner", "Startup Cost": 0.0, "Total Cost": 13108281.71, "Plan Rows": 1282311, "Plan Width": 4, "Plans": [{"Node Type": "Streaming(type: LOCAL REDISTRIBUTE dop: 16/16)", "Parent Relationship": "Outer", "Startup Cost": 0.0, "Total Cost": 13107880.98, "Plan Rows": 1282311, "Plan Width": 4, "Plans": [{"Node Type": "Nested Loop", "Parent Relationship": "Outer", "Join Type": "Inner", "Startup Cost": 0.0, "Total Cost": 13088022.23, "Plan Rows": 1282311, "Plan Width": 4, "Inner Unique": false, "Join Filter": "(cn.id = mc.company_id), (LLVM Optimized)", "Plans": [{"Node Type": "Streaming(type: LOCAL REDISTRIBUTE dop: 16/1)", "Parent Relationship": "Outer", "Startup Cost": 0.0, "Total Cost": 24444.99, "Plan Rows": 85170, "Plan Width": 4, "Plans": [{"Node Type": "Seq Scan", "Parent Relationship": "Outer", "Relation Name": "company_name", "Alias": "cn", "Startup Cost": 0.0, "Total Cost": 5903.45, "Plan Rows": 85170, "Plan Width": 4, "Filter": "((country_code)::text = '[us]'::text)"}]}, {"Node Type": "Materialize", "Parent Relationship": "Inner", "Startup Cost": 0.0, "Total Cost": 43315.08, "Plan Rows": 2609128, "Plan Width": 8, "Plans": [{"Node Type": "Streaming(type: LOCAL REDISTRIBUTE dop: 16/16)", "Parent Relationship": "Outer", "Startup Cost": 0.0, "Total Cost": 42499.73, "Plan Rows": 2609128, "Plan Width": 8, "Plans": [{"Node Type": "Seq Scan", "Parent Relationship": "Outer", "Relation Name": "movie_companies", "Alias": "mc", "Startup Cost": 0.0, "Total Cost": 17613.58, "Plan Rows": 2609128, "Plan Width": 8}]}]}]}]}]}]}]}]}]}]}]}]}]}]}]}]}]}]}, "Unique SQL Id": 2457761703, "Planner Runtime": 14}, "explain_analyze_plan": null}, "(16, '31')": {"explain_plan": {"Plan": {"Node Type": "Aggregate", "Strategy": "Plain", "Startup Cost": 6752837631740.06, "Total Cost": 6752837631740.07, "Plan Rows": 1, "Plan Width": 97, "Plans": [{"Node Type": "Nested Loop", "Parent Relationship": "Outer", "Join Type": "Inner", "Startup Cost": 70071825122.57, "Total Cost": 6752837629954.57, "Plan Rows": 357098, "Plan Width": 33, "Inner Unique": false, "Join Filter": "(t.id = ci.movie_id), (LLVM Optimized)", "Plans": [{"Node Type": "Merge Join", "Parent Relationship": "Outer", "Join Type": "Inner", "Startup Cost": 30021927926.2, "Total Cost": 3002409653794.57, "Plan Rows": 1282311, "Plan Width": 25, "Inner Unique": true, "Merge Cond": "(mc.movie_id = t.id)", "Plans": [{"Node Type": "Nested Loop", "Parent Relationship": "Outer", "Join Type": "Inner", "Startup Cost": 20000000000.0, "Total Cost": 2003347393774.42, "Plan Rows": 1282311, "Plan Width": 4, "Inner Unique": true, "Join Filter": "(cn.id = mc.company_id), (LLVM Optimized)", "Plans": [{"Node Type": "Index Scan", "Parent Relationship": "Outer", "Scan Direction": "Forward", "Index Name": "movie_id_movie_companies", "Relation Name": "movie_companies", "Alias": "mc", "Startup Cost": 10000000000.0, "Total Cost": 1000013051946.13, "Plan Rows": 2609128, "Plan Width": 8}, {"Node Type": "Materialize", "Parent Relationship": "Inner", "Startup Cost": 10000000000.0, "Total Cost": 1000001050564.82, "Plan Rows": 85170, "Plan Width": 4, "Plans": [{"Node Type": "Index Scan", "Parent Relationship": "Outer", "Scan Direction": "Forward", "Index Name": "company_name_pkey", "Relation Name": "company_name", "Alias": "cn", "Startup Cost": 10000000000.0, "Total Cost": 1000001050138.97, "Plan Rows": 85170, "Plan Width": 4, "Filter": "((country_code)::text = '[us]'::text)"}]}]}, {"Node Type": "Index Scan", "Parent Relationship": "Inner", "Scan Direction": "Forward", "Index Name": "title_pkey", "Relation Name": "title", "Alias": "t", "Startup Cost": 10000000000.0, "Total Cost": 1000011012048.91, "Plan Rows": 2528311, "Plan Width": 21}]}, {"Node Type": "Materialize", "Parent Relationship": "Inner", "Startup Cost": 40049897196.36, "Total Cost": 3721872427028.45, "Plan Rows": 1484588, "Plan Width": 20, "Plans": [{"Node Type": "Nested Loop", "Parent Relationship": "Outer", "Join Type": "Inner", "Startup Cost": 40049897196.36, "Total Cost": 3721872419605.51, "Plan Rows": 1484588, "Plan Width": 20, "Inner Unique": false, "Join Filter": "(ci.role_id = rt.id), (LLVM Optimized)", "Plans": [{"Node Type": "Index Scan", "Parent Relationship": "Outer", "Scan Direction": "Forward", "Index Name": "role_type_pkey", "Relation Name": "role_type", "Alias": "rt", "Startup Cost": 10000000000.0, "Total Cost": 1000000001246.0, "Plan Rows": 1, "Plan Width": 4, "Filter": "((role)::text = 'costume designer'::text)"}, {"Node Type": "Merge Join", "Parent Relationship": "Inner", "Join Type": "Inner", "Startup Cost": 30049897196.36, "Total Cost": 2721872214228.63, "Plan Rows": 16330470, "Plan Width": 24, "Inner Unique": false, "Merge Cond": "(an1.person_id = ci.person_id)", "Plans": [{"Node Type": "Merge Join", "Parent Relationship": "Outer", "Join Type": "Inner", "Startup Cost": 20030754356.47, "Total Cost": 2000007674895.99, "Plan Rows": 901342, "Plan Width": 24, "Inner Unique": true, "Merge Cond": "(an1.person_id = n1.id)", "Plans": [{"Node Type": "Index Scan", "Parent Relationship": "Outer", "Scan Direction": "Forward", "Index Name": "person_id_aka_name", "Relation Name": "aka_name", "Alias": "an1", "Startup Cost": 10000000000.0, "Total Cost": 1000006896503.43, "Plan Rows": 901342, "Plan Width": 20}, {"Node Type": "Index Scan", "Parent Relationship": "Inner", "Scan Direction": "Forward", "Index Name": "name_pkey", "Relation Name": "name", "Alias": "n1", "Startup Cost": 10000000000.0, "Total Cost": 1000017623274.7, "Plan Rows": 4167490, "Plan Width": 4}]}, {"Node Type": "Index Scan", "Parent Relationship": "Inner", "Scan Direction": "Forward", "Index Name": "person_id_cast_info", "Relation Name": "cast_info", "Alias": "ci", "Startup Cost": 10000000000.0, "Total Cost": 1000170648833.21, "Plan Rows": 36259494, "Plan Width": 12}]}]}]}]}]}, "Unique SQL Id": 2457761703, "Planner Runtime": 90}, "explain_analyze_plan": null}, "(16, '32')": {"explain_plan": {"Plan": {"Node Type": "Aggregate", "Strategy": "Plain", "Startup Cost": 287566.27, "Total Cost": 287566.3, "Plan Rows": 1, "Plan Width": 97, "Plans": [{"Node Type": "Streaming(type: LOCAL GATHER dop: 1/16)", "Parent Relationship": "Outer", "Startup Cost": 287566.27, "Total Cost": 287566.3, "Plan Rows": 1, "Plan Width": 97, "Plans": [{"Node Type": "Aggregate", "Strategy": "Plain", "Parent Relationship": "Outer", "Startup Cost": 287566.27, "Total Cost": 287566.28, "Plan Rows": 1, "Plan Width": 97, "Plans": [{"Node Type": "Hash Join", "Parent Relationship": "Outer", "Join Type": "Inner", "Startup Cost": 142621.96, "Total Cost": 285780.78, "Plan Rows": 357098, "Plan Width": 33, "Inner Unique": true, "Hash Cond": "(an1.person_id = n1.id), (LLVM Optimized)", "Plans": [{"Node Type": "Streaming(type: LOCAL REDISTRIBUTE dop: 16/16)", "Parent Relationship": "Outer", "Startup Cost": 126464.14, "Total Cost": 269316.07, "Plan Rows": 357098, "Plan Width": 41, "Plans": [{"Node Type": "Hash Join", "Parent Relationship": "Outer", "Join Type": "Inner", "Startup Cost": 126464.14, "Total Cost": 252963.01, "Plan Rows": 357098, "Plan Width": 41, "Inner Unique": true, "Hash Cond": "(ci.movie_id = t.id), (LLVM Optimized)", "Plans": [{"Node Type": "Streaming(type: LOCAL REDISTRIBUTE dop: 16/16)", "Parent Relationship": "Outer", "Startup Cost": 113655.34, "Total Cost": 239847.25, "Plan Rows": 357379, "Plan Width": 32, "Plans": [{"Node Type": "Hash Join", "Parent Relationship": "Outer", "Join Type": "Inner", "Startup Cost": 113655.34, "Total Cost": 223493.12, "Plan Rows": 357379, "Plan Width": 32, "Inner Unique": false, "Hash Cond": "(ci.person_id = an1.person_id), (LLVM Optimized)", "Plans": [{"Node Type": "Streaming(type: LOCAL REDISTRIBUTE dop: 16/16)", "Parent Relationship": "Outer", "Startup Cost": 104286.28, "Total Cost": 212931.86, "Plan Rows": 711018, "Plan Width": 12, "Plans": [{"Node Type": "Hash Join", "Parent Relationship": "Outer", "Join Type": "Inner", "Startup Cost": 104286.28, "Total Cost": 195237.77, "Plan Rows": 711018, "Plan Width": 12, "Inner Unique": false, "Hash Cond": "(ci.movie_id = mc.movie_id), (LLVM Optimized)", "Plans": [{"Node Type": "Streaming(type: LOCAL REDISTRIBUTE dop: 16/16)", "Parent Relationship": "Outer", "Startup Cost": 15001.51, "Total Cost": 102848.74, "Plan Rows": 3296318, "Plan Width": 8, "Plans": [{"Node Type": "Hash Join", "Parent Relationship": "Outer", "Join Type": "Inner", "Startup Cost": 15001.51, "Total Cost": 75358.79, "Plan Rows": 3296318, "Plan Width": 8, "Inner Unique": true, "Hash Cond": "(ci.role_id = rt.id), (LLVM Optimized)", "Plans": [{"Node Type": "Seq Scan", "Parent Relationship": "Outer", "Relation Name": "cast_info", "Alias": "ci", "Startup Cost": 0.0, "Total Cost": 52617.37, "Plan Rows": 36259494, "Plan Width": 12}, {"Node Type": "Hash", "Parent Relationship": "Inner", "Startup Cost": 15001.5, "Total Cost": 15001.5, "Plan Rows": 16, "Plan Width": 4, "Plans": [{"Node Type": "Streaming(type: BROADCAST dop: 16/1)", "Parent Relationship": "Outer", "Startup Cost": 0.0, "Total Cost": 15001.5, "Plan Rows": 16, "Plan Width": 4, "Plans": [{"Node Type": "Seq Scan", "Parent Relationship": "Outer", "Relation Name": "role_type", "Alias": "rt", "Startup Cost": 0.0, "Total Cost": 1.15, "Plan Rows": 1, "Plan Width": 4, "Filter": "((role)::text = 'costume designer'::text)"}]}]}]}]}, {"Node Type": "Hash", "Parent Relationship": "Inner", "Startup Cost": 88282.97, "Total Cost": 88282.97, "Plan Rows": 1282311, "Plan Width": 4, "Plans": [{"Node Type": "Streaming(type: LOCAL REDISTRIBUTE dop: 16/16)", "Parent Relationship": "Outer", "Startup Cost": 24511.53, "Total Cost": 88282.97, "Plan Rows": 1282311, "Plan Width": 4, "Plans": [{"Node Type": "Hash Join", "Parent Relationship": "Outer", "Join Type": "Inner", "Startup Cost": 24511.53, "Total Cost": 68424.21, "Plan Rows": 1282311, "Plan Width": 4, "Inner Unique": true, "Hash Cond": "(mc.company_id = cn.id), (LLVM Optimized)", "Plans": [{"Node Type": "Streaming(type: LOCAL REDISTRIBUTE dop: 16/16)", "Parent Relationship": "Outer", "Startup Cost": 0.0, "Total Cost": 42499.73, "Plan Rows": 2609128, "Plan Width": 8, "Plans": [{"Node Type": "Seq Scan", "Parent Relationship": "Outer", "Relation Name": "movie_companies", "Alias": "mc", "Startup Cost": 0.0, "Total Cost": 17613.58, "Plan Rows": 2609128, "Plan Width": 8}]}, {"Node Type": "Hash", "Parent Relationship": "Inner", "Startup Cost": 24444.99, "Total Cost": 24444.99, "Plan Rows": 85170, "Plan Width": 4, "Plans": [{"Node Type": "Streaming(type: LOCAL REDISTRIBUTE dop: 16/1)", "Parent Relationship": "Outer", "Startup Cost": 0.0, "Total Cost": 24444.99, "Plan Rows": 85170, "Plan Width": 4, "Plans": [{"Node Type": "Seq Scan", "Parent Relationship": "Outer", "Relation Name": "company_name", "Alias": "cn", "Startup Cost": 0.0, "Total Cost": 5903.45, "Plan Rows": 85170, "Plan Width": 4, "Filter": "((country_code)::text = '[us]'::text)"}]}]}]}]}]}]}]}, {"Node Type": "Hash", "Parent Relationship": "Inner", "Startup Cost": 34659.52, "Total Cost": 34659.52, "Plan Rows": 901342, "Plan Width": 20, "Plans": [{"Node Type": "Streaming(type: LOCAL REDISTRIBUTE dop: 16/16)", "Parent Relationship": "Outer", "Startup Cost": 0.0, "Total Cost": 34659.52, "Plan Rows": 901342, "Plan Width": 20, "Plans": [{"Node Type": "Seq Scan", "Parent Relationship": "Outer", "Relation Name": "aka_name", "Alias": "an1", "Startup Cost": 0.0, "Total Cost": 16244.28, "Plan Rows": 901342, "Plan Width": 20}]}]}]}]}, {"Node Type": "Hash", "Parent Relationship": "Inner", "Startup Cost": 43334.25, "Total Cost": 43334.25, "Plan Rows": 2528311, "Plan Width": 21, "Plans": [{"Node Type": "Streaming(type: LOCAL REDISTRIBUTE dop: 16/16)", "Parent Relationship": "Outer", "Startup Cost": 0.0, "Total Cost": 43334.25, "Plan Rows": 2528311, "Plan Width": 21, "Plans": [{"Node Type": "Seq Scan", "Parent Relationship": "Outer", "Relation Name": "title", "Alias": "t", "Startup Cost": 0.0, "Total Cost": 18754.32, "Plan Rows": 2528311, "Plan Width": 21}]}]}]}]}, {"Node Type": "Hash", "Parent Relationship": "Inner", "Startup Cost": 51607.87, "Total Cost": 51607.87, "Plan Rows": 4167490, "Plan Width": 4, "Plans": [{"Node Type": "Streaming(type: LOCAL REDISTRIBUTE dop: 16/16)", "Parent Relationship": "Outer", "Startup Cost": 0.0, "Total Cost": 51607.87, "Plan Rows": 4167490, "Plan Width": 4, "Plans": [{"Node Type": "Index Only Scan", "Parent Relationship": "Outer", "Scan Direction": "Forward", "Index Name": "name_pkey", "Relation Name": "name", "Alias": "n1", "Startup Cost": 0.0, "Total Cost": 20816.99, "Plan Rows": 4167490, "Plan Width": 4}]}]}]}]}]}]}, "Unique SQL Id": 2457761703, "Planner Runtime": 194}, "explain_analyze_plan": {"Plan": {"Node Type": "Aggregate", "Strategy": "Plain", "Startup Cost": 287566.27, "Total Cost": 287566.3, "Plan Rows": 1, "Plan Width": 97, "Actual Min Startup Time": 1479.917, "Actual Max Startup Time": 1479.917, "Actual Min Total Time": 1479.917, "Actual Max Total Time": 1479.917, "Plans": [{"Node Type": "Streaming(type: LOCAL GATHER dop: 1/16)", "Parent Relationship": "Outer", "Startup Cost": 287566.27, "Total Cost": 287566.3, "Plan Rows": 1, "Plan Width": 97, "Actual Min Startup Time": 1479.144, "Actual Max Startup Time": 1479.144, "Actual Min Total Time": 1479.763, "Actual Max Total Time": 1479.763, "Plans": [{"Node Type": "Aggregate", "Strategy": "Plain", "Parent Relationship": "Outer", "Startup Cost": 287566.27, "Total Cost": 287566.28, "Plan Rows": 1, "Plan Width": 97, "Actual Min Startup Time": 1070.011, "Actual Max Startup Time": 1210.474, "Actual Min Total Time": 1070.011, "Actual Max Total Time": 1210.474, "Plans": [{"Node Type": "Hash Join", "Parent Relationship": "Outer", "Join Type": "Inner", "Startup Cost": 142621.96, "Total Cost": 285780.78, "Plan Rows": 357098, "Plan Width": 33, "Actual Min Startup Time": 659.377, "Actual Max Startup Time": 809.262, "Actual Min Total Time": 1055.617, "Actual Max Total Time": 1202.355, "Inner Unique": true, "Hash Cond": "(an1.person_id = n1.id), (LLVM Optimized, Jit Execute)", "Plans": [{"Node Type": "Streaming(type: LOCAL REDISTRIBUTE dop: 16/16)", "Parent Relationship": "Outer", "Startup Cost": 126464.14, "Total Cost": 269316.07, "Plan Rows": 357098, "Plan Width": 41, "Actual Min Startup Time": 106.404, "Actual Max Startup Time": 156.085, "Actual Min Total Time": 492.291, "Actual Max Total Time": 511.778, "Plans": [{"Node Type": "Hash Join", "Parent Relationship": "Outer", "Join Type": "Inner", "Startup Cost": 126464.14, "Total Cost": 252963.01, "Plan Rows": 357098, "Plan Width": 41, "Actual Min Startup Time": 655.53, "Actual Max Startup Time": 866.134, "Actual Min Total Time": 1047.996, "Actual Max Total Time": 1260.405, "Inner Unique": true, "Hash Cond": "(ci.movie_id = t.id), (LLVM Optimized, Jit Execute)", "Plans": [{"Node Type": "Streaming(type: LOCAL REDISTRIBUTE dop: 16/16)", "Parent Relationship": "Outer", "Startup Cost": 113655.34, "Total Cost": 239847.25, "Plan Rows": 357379, "Plan Width": 32, "Actual Min Startup Time": 320.575, "Actual Max Startup Time": 329.173, "Actual Min Total Time": 703.466, "Actual Max Total Time": 711.791, "Plans": [{"Node Type": "Hash Join", "Parent Relationship": "Outer", "Join Type": "Inner", "Startup Cost": 113655.34, "Total Cost": 223493.12, "Plan Rows": 357379, "Plan Width": 32, "Actual Min Startup Time": 654.294, "Actual Max Startup Time": 872.751, "Actual Min Total Time": 1022.835, "Actual Max Total Time": 1254.696, "Inner Unique": false, "Hash Cond": "(ci.person_id = an1.person_id), (LLVM Optimized, Jit Execute)", "Plans": [{"Node Type": "Streaming(type: LOCAL REDISTRIBUTE dop: 16/16)", "Parent Relationship": "Outer", "Startup Cost": 104286.28, "Total Cost": 212931.86, "Plan Rows": 711018, "Plan Width": 12, "Actual Min Startup Time": 529.847, "Actual Max Startup Time": 547.87, "Actual Min Total Time": 863.586, "Actual Max Total Time": 916.14, "Plans": [{"Node Type": "Hash Join", "Parent Relationship": "Outer", "Join Type": "Inner", "Startup Cost": 104286.28, "Total Cost": 195237.77, "Plan Rows": 711018, "Plan Width": 12, "Actual Min Startup Time": 650.524, "Actual Max Startup Time": 857.724, "Actual Min Total Time": 981.549, "Actual Max Total Time": 1199.694, "Inner Unique": false, "Hash Cond": "(ci.movie_id = mc.movie_id), (LLVM Optimized, Jit Execute)", "Plans": [{"Node Type": "Streaming(type: LOCAL REDISTRIBUTE dop: 16/16)", "Parent Relationship": "Outer", "Startup Cost": 15001.51, "Total Cost": 102848.74, "Plan Rows": 3296318, "Plan Width": 8, "Actual Min Startup Time": 0.07, "Actual Max Startup Time": 1.21, "Actual Min Total Time": 317.533, "Actual Max Total Time": 345.072, "Plans": [{"Node Type": "Hash Join", "Parent Relationship": "Outer", "Join Type": "Inner", "Startup Cost": 15001.51, "Total Cost": 75358.79, "Plan Rows": 3296318, "Plan Width": 8, "Actual Min Startup Time": 734.465, "Actual Max Startup Time": 848.7, "Actual Min Total Time": 938.828, "Actual Max Total Time": 1064.305, "Inner Unique": true, "Hash Cond": "(ci.role_id = rt.id), (LLVM Optimized, Jit Execute)", "Plans": [{"Node Type": "Seq Scan", "Parent Relationship": "Outer", "Relation Name": "cast_info", "Alias": "ci", "Startup Cost": 0.0, "Total Cost": 52617.37, "Plan Rows": 36259494, "Plan Width": 12, "Actual Min Startup Time": 0.032, "Actual Max Startup Time": 0.041, "Actual Min Total Time": 516.688, "Actual Max Total Time": 568.935, "Actual Rows": 36244343}, {"Node Type": "Hash", "Parent Relationship": "Inner", "Startup Cost": 15001.5, "Total Cost": 15001.5, "Plan Rows": 16, "Plan Width": 4, "Actual Min Startup Time": 0.011, "Actual Max Startup Time": 71.285, "Actual Min Total Time": 0.011, "Actual Max Total Time": 71.285, "Max Hash Buckets": 32768, "Min Hash Buckets": 32768, "Max Hash Batches": 1, "Min Hash Batches": 1, "Max Original Hash Batches": 1, "Min Original Hash Batches": 1, "Max Peak Memory Usage": 1, "min Peak Memory Usage": 1, "Plans": [{"Node Type": "Streaming(type: BROADCAST dop: 16/1)", "Parent Relationship": "Outer", "Startup Cost": 0.0, "Total Cost": 15001.5, "Plan Rows": 16, "Plan Width": 4, "Actual Min Startup Time": 0.004, "Actual Max Startup Time": 71.257, "Actual Min Total Time": 0.004, "Actual Max Total Time": 71.258, "Plans": [{"Node Type": "Seq Scan", "Parent Relationship": "Outer", "Relation Name": "role_type", "Alias": "rt", "Startup Cost": 0.0, "Total Cost": 1.15, "Plan Rows": 1, "Plan Width": 4, "Actual Min Startup Time": 0.035, "Actual Max Startup Time": 0.035, "Actual Min Total Time": 0.038, "Actual Max Total Time": 0.038, "Filter": "((role)::text = 'costume designer'::text)", "Rows Removed by Filter": 11, "Actual Rows": 1}], "Actual Rows": 16}], "Actual Rows": 16}], "Actual Rows": 276403}], "Actual Rows": 276403}, {"Node Type": "Hash", "Parent Relationship": "Inner", "Startup Cost": 88282.97, "Total Cost": 88282.97, "Plan Rows": 1282311, "Plan Width": 4, "Actual Min Startup Time": 650.225, "Actual Max Startup Time": 856.754, "Actual Min Total Time": 650.225, "Actual Max Total Time": 856.754, "Max Hash Buckets": 131072, "Min Hash Buckets": 131072, "Max Hash Batches": 1, "Min Hash Batches": 1, "Max Original Hash Batches": 1, "Min Original Hash Batches": 1, "Max Peak Memory Usage": 2542, "min Peak Memory Usage": 2542, "Plans": [{"Node Type": "Streaming(type: LOCAL REDISTRIBUTE dop: 16/16)", "Parent Relationship": "Outer", "Startup Cost": 24511.53, "Total Cost": 88282.97, "Plan Rows": 1282311, "Plan Width": 4, "Actual Min Startup Time": 174.61, "Actual Max Startup Time": 381.876, "Actual Min Total Time": 618.865, "Actual Max Total Time": 836.947, "Plans": [{"Node Type": "Hash Join", "Parent Relationship": "Outer", "Join Type": "Inner", "Startup Cost": 24511.53, "Total Cost": 68424.21, "Plan Rows": 1282311, "Plan Width": 4, "Actual Min Startup Time": 169.623, "Actual Max Startup Time": 359.093, "Actual Min Total Time": 519.06, "Actual Max Total Time": 732.07, "Inner Unique": true, "Hash Cond": "(mc.company_id = cn.id), (LLVM Optimized, Jit Execute)", "Plans": [{"Node Type": "Streaming(type: LOCAL REDISTRIBUTE dop: 16/16)", "Parent Relationship": "Outer", "Startup Cost": 0.0, "Total Cost": 42499.73, "Plan Rows": 2609128, "Plan Width": 8, "Actual Min Startup Time": 0.06, "Actual Max Startup Time": 2.243, "Actual Min Total Time": 254.783, "Actual Max Total Time": 365.681, "Plans": [{"Node Type": "Seq Scan", "Parent Relationship": "Outer", "Relation Name": "movie_companies", "Alias": "mc", "Startup Cost": 0.0, "Total Cost": 17613.58, "Plan Rows": 2609128, "Plan Width": 8, "Actual Min Startup Time": 0.023, "Actual Max Startup Time": 0.049, "Actual Min Total Time": 43.422, "Actual Max Total Time": 52.474, "Actual Rows": 2609128}], "Actual Rows": 2609128}, {"Node Type": "Hash", "Parent Relationship": "Inner", "Startup Cost": 24444.99, "Total Cost": 24444.99, "Plan Rows": 85170, "Plan Width": 4, "Actual Min Startup Time": 168.875, "Actual Max Startup Time": 358.016, "Actual Min Total Time": 168.875, "Actual Max Total Time": 358.016, "Max Hash Buckets": 32768, "Min Hash Buckets": 32768, "Max Hash Batches": 1, "Min Hash Batches": 1, "Max Original Hash Batches": 1, "Min Original Hash Batches": 1, "Max Peak Memory Usage": 182, "min Peak Memory Usage": 182, "Plans": [{"Node Type": "Streaming(type: LOCAL REDISTRIBUTE dop: 16/1)", "Parent Relationship": "Outer", "Startup Cost": 0.0, "Total Cost": 24444.99, "Plan Rows": 85170, "Plan Width": 4, "Actual Min Startup Time": 0.033, "Actual Max Startup Time": 186.613, "Actual Min Total Time": 167.245, "Actual Max Total Time": 355.453, "Plans": [{"Node Type": "Seq Scan", "Parent Relationship": "Outer", "Relation Name": "company_name", "Alias": "cn", "Startup Cost": 0.0, "Total Cost": 5903.45, "Plan Rows": 85170, "Plan Width": 4, "Actual Min Startup Time": 0.037, "Actual Max Startup Time": 0.037, "Actual Min Total Time": 93.215, "Actual Max Total Time": 93.215, "Filter": "((country_code)::text = '[us]'::text)", "Rows Removed by Filter": 150153, "Actual Rows": 84843}], "Actual Rows": 84843}], "Actual Rows": 84843}], "Actual Rows": 1153797}], "Actual Rows": 1153797}], "Actual Rows": 1153797}], "Actual Rows": 285537}], "Actual Rows": 285537}, {"Node Type": "Hash", "Parent Relationship": "Inner", "Startup Cost": 34659.52, "Total Cost": 34659.52, "Plan Rows": 901342, "Plan Width": 20, "Actual Min Startup Time": 118.854, "Actual Max Startup Time": 342.13, "Actual Min Total Time": 118.854, "Actual Max Total Time": 342.13, "Max Hash Buckets": 65536, "Min Hash Buckets": 65536, "Max Hash Batches": 1, "Min Hash Batches": 1, "Max Original Hash Batches": 1, "Min Original Hash Batches": 1, "Max Peak Memory Usage": 2981, "min Peak Memory Usage": 2981, "Plans": [{"Node Type": "Streaming(type: LOCAL REDISTRIBUTE dop: 16/16)", "Parent Relationship": "Outer", "Startup Cost": 0.0, "Total Cost": 34659.52, "Plan Rows": 901342, "Plan Width": 20, "Actual Min Startup Time": 0.058, "Actual Max Startup Time": 165.557, "Actual Min Total Time": 103.429, "Actual Max Total Time": 327.015, "Plans": [{"Node Type": "Seq Scan", "Parent Relationship": "Outer", "Relation Name": "aka_name", "Alias": "an1", "Startup Cost": 0.0, "Total Cost": 16244.28, "Plan Rows": 901342, "Plan Width": 20, "Actual Min Startup Time": 0.018, "Actual Max Startup Time": 0.026, "Actual Min Total Time": 15.75, "Actual Max Total Time": 19.622, "Actual Rows": 901342}], "Actual Rows": 901342}], "Actual Rows": 901342}], "Actual Rows": 323005}], "Actual Rows": 323005}, {"Node Type": "Hash", "Parent Relationship": "Inner", "Startup Cost": 43334.25, "Total Cost": 43334.25, "Plan Rows": 2528311, "Plan Width": 21, "Actual Min Startup Time": 330.588, "Actual Max Startup Time": 540.426, "Actual Min Total Time": 330.588, "Actual Max Total Time": 540.426, "Max Hash Buckets": 262144, "Min Hash Buckets": 262144, "Max Hash Batches": 1, "Min Hash Batches": 1, "Max Original Hash Batches": 1, "Min Original Hash Batches": 1, "Max Peak Memory Usage": 8518, "min Peak Memory Usage": 8518, "Plans": [{"Node Type": "Streaming(type: LOCAL REDISTRIBUTE dop: 16/16)", "Parent Relationship": "Outer", "Startup Cost": 0.0, "Total Cost": 43334.25, "Plan Rows": 2528311, "Plan Width": 21, "Actual Min Startup Time": 0.049, "Actual Max Startup Time": 194.693, "Actual Min Total Time": 259.785, "Actual Max Total Time": 494.167, "Plans": [{"Node Type": "Seq Scan", "Parent Relationship": "Outer", "Relation Name": "title", "Alias": "t", "Startup Cost": 0.0, "Total Cost": 18754.32, "Plan Rows": 2528311, "Plan Width": 21, "Actual Min Startup Time": 0.019, "Actual Max Startup Time": 0.04, "Actual Min Total Time": 47.696, "Actual Max Total Time": 56.316, "Actual Rows": 2528311}], "Actual Rows": 2528311}], "Actual Rows": 2528311}], "Actual Rows": 323005}], "Actual Rows": 323005}, {"Node Type": "Hash", "Parent Relationship": "Inner", "Startup Cost": 51607.87, "Total Cost": 51607.87, "Plan Rows": 4167490, "Plan Width": 4, "Actual Min Startup Time": 546.739, "Actual Max Startup Time": 687.169, "Actual Min Total Time": 546.739, "Actual Max Total Time": 687.169, "Max Hash Buckets": 262144, "Min Hash Buckets": 262144, "Max Hash Batches": 1, "Min Hash Batches": 1, "Max Original Hash Batches": 1, "Min Original Hash Batches": 1, "Max Peak Memory Usage": 9174, "min Peak Memory Usage": 9174, "Plans": [{"Node Type": "Streaming(type: LOCAL REDISTRIBUTE dop: 16/16)", "Parent Relationship": "Outer", "Startup Cost": 0.0, "Total Cost": 51607.87, "Plan Rows": 4167490, "Plan Width": 4, "Actual Min Startup Time": 0.052, "Actual Max Startup Time": 0.104, "Actual Min Total Time": 442.726, "Actual Max Total Time": 581.985, "Plans": [{"Node Type": "Index Only Scan", "Parent Relationship": "Outer", "Scan Direction": "Forward", "Index Name": "name_pkey", "Relation Name": "name", "Alias": "n1", "Startup Cost": 0.0, "Total Cost": 20816.99, "Plan Rows": 4167490, "Plan Width": 4, "Actual Min Startup Time": 0.094, "Actual Max Startup Time": 103.049, "Actual Min Total Time": 65.404, "Actual Max Total Time": 167.694, "Heap Fetches": 0, "Actual Rows": 4167490}], "Actual Rows": 4167490}], "Actual Rows": 4167490}], "Actual Rows": 323005}], "Actual Rows": 16}], "Actual Rows": 16}], "Actual Rows": 1}, "Triggers": [], "Planner Runtime": 205.742, "Total Runtime": 1527.056, "Unique SQL Id": 2457761703}}, "(16, '33')": {"explain_plan": {"Plan": {"Node Type": "Aggregate", "Strategy": "Plain", "Startup Cost": 1388959.01, "Total Cost": 1388959.04, "Plan Rows": 1, "Plan Width": 97, "Plans": [{"Node Type": "Streaming(type: LOCAL GATHER dop: 1/16)", "Parent Relationship": "Outer", "Startup Cost": 1388959.01, "Total Cost": 1388959.04, "Plan Rows": 1, "Plan Width": 97, "Plans": [{"Node Type": "Aggregate", "Strategy": "Plain", "Parent Relationship": "Outer", "Startup Cost": 1388959.01, "Total Cost": 1388959.02, "Plan Rows": 1, "Plan Width": 97, "Plans": [{"Node Type": "Hash Join", "Parent Relationship": "Outer", "Join Type": "Inner", "Startup Cost": 269229.27, "Total Cost": 1387173.52, "Plan Rows": 357098, "Plan Width": 33, "Inner Unique": true, "Hash Cond": "(ci.movie_id = t.id), (LLVM Optimized)", "Plans": [{"Node Type": "Streaming(type: LOCAL REDISTRIBUTE dop: 16/16)", "Parent Relationship": "Outer", "Startup Cost": 235754.65, "Total Cost": 1353391.95, "Plan Rows": 357379, "Plan Width": 24, "Plans": [{"Node Type": "Hash Join", "Parent Relationship": "Outer", "Join Type": "Inner", "Startup Cost": 235754.65, "Total Cost": 1337037.82, "Plan Rows": 357379, "Plan Width": 24, "Inner Unique": false, "Hash Cond": "(ci.movie_id = mc.movie_id), (LLVM Optimized)", "Plans": [{"Node Type": "Streaming(type: LOCAL REDISTRIBUTE dop: 16/16)", "Parent Relationship": "Outer", "Startup Cost": 160993.45, "Total Cost": 1260878.52, "Plan Rows": 1484588, "Plan Width": 20, "Plans": [{"Node Type": "Hash Join", "Parent Relationship": "Outer", "Join Type": "Inner", "Startup Cost": 160993.45, "Total Cost": 1240253.33, "Plan Rows": 1484588, "Plan Width": 20, "Inner Unique": true, "Hash Cond": "(an1.person_id = n1.id), (LLVM Optimized)", "Plans": [{"Node Type": "Streaming(type: LOCAL REDISTRIBUTE dop: 16/16)", "Parent Relationship": "Outer", "Startup Cost": 104737.34, "Total Cost": 1182721.4, "Plan Rows": 1484588, "Plan Width": 28, "Plans": [{"Node Type": "Hash Join", "Parent Relationship": "Outer", "Join Type": "Inner", "Startup Cost": 104737.34, "Total Cost": 1162096.2, "Plan Rows": 1484588, "Plan Width": 28, "Inner Unique": false, "Hash Cond": "(ci.person_id = an1.person_id), (LLVM Optimized)", "Plans": [{"Node Type": "Streaming(type: LOCAL REDISTRIBUTE dop: 16/16)", "Parent Relationship": "Outer", "Startup Cost": 15012.82, "Total Cost": 1066844.59, "Plan Rows": 3296318, "Plan Width": 8, "Plans": [{"Node Type": "Hash Join", "Parent Relationship": "Outer", "Join Type": "Inner", "Startup Cost": 15012.82, "Total Cost": 1039354.63, "Plan Rows": 3296318, "Plan Width": 8, "Inner Unique": true, "Hash Cond": "(ci.role_id = rt.id), (LLVM Optimized)", "Plans": [{"Node Type": "Index Scan", "Parent Relationship": "Outer", "Scan Direction": "Forward", "Index Name": "role_id_cast_info", "Relation Name": "cast_info", "Alias": "ci", "Startup Cost": 0.0, "Total Cost": 1016601.9, "Plan Rows": 36259494, "Plan Width": 12}, {"Node Type": "Hash", "Parent Relationship": "Inner", "Startup Cost": 15012.81, "Total Cost": 15012.81, "Plan Rows": 16, "Plan Width": 4, "Plans": [{"Node Type": "Streaming(type: BROADCAST dop: 16/1)", "Parent Relationship": "Outer", "Startup Cost": 0.0, "Total Cost": 15012.81, "Plan Rows": 16, "Plan Width": 4, "Plans": [{"Node Type": "Index Scan", "Parent Relationship": "Outer", "Scan Direction": "Forward", "Index Name": "role_type_pkey", "Relation Name": "role_type", "Alias": "rt", "Startup Cost": 0.0, "Total Cost": 12.46, "Plan Rows": 1, "Plan Width": 4, "Filter": "((role)::text = 'costume designer'::text)"}]}]}]}]}, {"Node Type": "Hash", "Parent Relationship": "Inner", "Startup Cost": 89020.35, "Total Cost": 89020.35, "Plan Rows": 901342, "Plan Width": 20, "Plans": [{"Node Type": "Streaming(type: LOCAL REDISTRIBUTE dop: 16/1)", "Parent Relationship": "Outer", "Startup Cost": 16632.3, "Total Cost": 89020.35, "Plan Rows": 901342, "Plan Width": 20, "Plans": [{"Node Type": "Bitmap Heap Scan", "Parent Relationship": "Outer", "Relation Name": "aka_name", "Alias": "an1", "Startup Cost": 16632.3, "Total Cost": 36540.72, "Plan Rows": 901342, "Plan Width": 20, "Plans": [{"Node Type": "Bitmap Index Scan", "Parent Relationship": "Outer", "Index Name": "person_id_aka_name", "Startup Cost": 0.0, "Total Cost": 16406.96, "Plan Rows": 901342, "Plan Width": 0}]}]}]}]}]}, {"Node Type": "Hash", "Parent Relationship": "Inner", "Startup Cost": 131553.26, "Total Cost": 131553.26, "Plan Rows": 4167490, "Plan Width": 4, "Plans": [{"Node Type": "Streaming(type: LOCAL REDISTRIBUTE dop: 16/16)", "Parent Relationship": "Outer", "Startup Cost": 0.0, "Total Cost": 131553.26, "Plan Rows": 4167490, "Plan Width": 4, "Plans": [{"Node Type": "Index Only Scan", "Parent Relationship": "Outer", "Scan Direction": "Forward", "Index Name": "name_pkey", "Relation Name": "name", "Alias": "n1", "Startup Cost": 0.0, "Total Cost": 100762.38, "Plan Rows": 4167490, "Plan Width": 4}]}]}]}]}, {"Node Type": "Hash", "Parent Relationship": "Inner", "Startup Cost": 194504.49, "Total Cost": 194504.49, "Plan Rows": 1282311, "Plan Width": 4, "Plans": [{"Node Type": "Streaming(type: LOCAL REDISTRIBUTE dop: 16/1)", "Parent Relationship": "Outer", "Startup Cost": 61758.77, "Total Cost": 194504.49, "Plan Rows": 1282311, "Plan Width": 4, "Plans": [{"Node Type": "Hash Join", "Parent Relationship": "Outer", "Join Type": "Inner", "Startup Cost": 61758.77, "Total Cost": 126183.39, "Plan Rows": 1282311, "Plan Width": 4, "Inner Unique": true, "Hash Cond": "(mc.company_id = cn.id), (LLVM Optimized)", "Plans": [{"Node Type": "Bitmap Heap Scan", "Parent Relationship": "Outer", "Relation Name": "movie_companies", "Alias": "mc", "Startup Cost": 51990.17, "Total Cost": 93807.45, "Plan Rows": 2609128, "Plan Width": 8, "Plans": [{"Node Type": "Bitmap Index Scan", "Parent Relationship": "Outer", "Index Name": "movie_id_movie_companies", "Startup Cost": 0.0, "Total Cost": 51337.89, "Plan Rows": 2609128, "Plan Width": 0}]}, {"Node Type": "Hash", "Parent Relationship": "Inner", "Startup Cost": 8703.97, "Total Cost": 8703.97, "Plan Rows": 85170, "Plan Width": 4, "Plans": [{"Node Type": "Bitmap Heap Scan", "Parent Relationship": "Outer", "Relation Name": "company_name", "Alias": "cn", "Startup Cost": 2800.52, "Total Cost": 8703.97, "Plan Rows": 85170, "Plan Width": 4, "Filter": "((country_code)::text = '[us]'::text)", "Plans": [{"Node Type": "Bitmap Index Scan", "Parent Relationship": "Outer", "Index Name": "company_name_pkey", "Startup Cost": 0.0, "Total Cost": 2779.23, "Plan Rows": 234996, "Plan Width": 0}]}]}]}]}]}]}]}, {"Node Type": "Hash", "Parent Relationship": "Inner", "Startup Cost": 125997.5, "Total Cost": 125997.5, "Plan Rows": 2528311, "Plan Width": 21, "Plans": [{"Node Type": "Streaming(type: LOCAL REDISTRIBUTE dop: 16/16)", "Parent Relationship": "Outer", "Startup Cost": 0.0, "Total Cost": 125997.5, "Plan Rows": 2528311, "Plan Width": 21, "Plans": [{"Node Type": "Index Scan", "Parent Relationship": "Outer", "Scan Direction": "Forward", "Index Name": "title_pkey", "Relation Name": "title", "Alias": "t", "Startup Cost": 0.0, "Total Cost": 101417.57, "Plan Rows": 2528311, "Plan Width": 21}]}]}]}]}]}]}, "Unique SQL Id": 2457761703, "Planner Runtime": 173}, "explain_analyze_plan": null}, "(16, '34')": {"explain_plan": {"Plan": {"Node Type": "Aggregate", "Strategy": "Plain", "Startup Cost": 287566.27, "Total Cost": 287566.3, "Plan Rows": 1, "Plan Width": 97, "Plans": [{"Node Type": "Streaming(type: LOCAL GATHER dop: 1/16)", "Parent Relationship": "Outer", "Startup Cost": 287566.27, "Total Cost": 287566.3, "Plan Rows": 1, "Plan Width": 97, "Plans": [{"Node Type": "Aggregate", "Strategy": "Plain", "Parent Relationship": "Outer", "Startup Cost": 287566.27, "Total Cost": 287566.28, "Plan Rows": 1, "Plan Width": 97, "Plans": [{"Node Type": "Hash Join", "Parent Relationship": "Outer", "Join Type": "Inner", "Startup Cost": 142621.96, "Total Cost": 285780.78, "Plan Rows": 357098, "Plan Width": 33, "Inner Unique": true, "Hash Cond": "(an1.person_id = n1.id), (LLVM Optimized)", "Plans": [{"Node Type": "Streaming(type: LOCAL REDISTRIBUTE dop: 16/16)", "Parent Relationship": "Outer", "Startup Cost": 126464.14, "Total Cost": 269316.07, "Plan Rows": 357098, "Plan Width": 41, "Plans": [{"Node Type": "Hash Join", "Parent Relationship": "Outer", "Join Type": "Inner", "Startup Cost": 126464.14, "Total Cost": 252963.01, "Plan Rows": 357098, "Plan Width": 41, "Inner Unique": true, "Hash Cond": "(ci.movie_id = t.id), (LLVM Optimized)", "Plans": [{"Node Type": "Streaming(type: LOCAL REDISTRIBUTE dop: 16/16)", "Parent Relationship": "Outer", "Startup Cost": 113655.34, "Total Cost": 239847.25, "Plan Rows": 357379, "Plan Width": 32, "Plans": [{"Node Type": "Hash Join", "Parent Relationship": "Outer", "Join Type": "Inner", "Startup Cost": 113655.34, "Total Cost": 223493.12, "Plan Rows": 357379, "Plan Width": 32, "Inner Unique": false, "Hash Cond": "(ci.person_id = an1.person_id), (LLVM Optimized)", "Plans": [{"Node Type": "Streaming(type: LOCAL REDISTRIBUTE dop: 16/16)", "Parent Relationship": "Outer", "Startup Cost": 104286.28, "Total Cost": 212931.86, "Plan Rows": 711018, "Plan Width": 12, "Plans": [{"Node Type": "Hash Join", "Parent Relationship": "Outer", "Join Type": "Inner", "Startup Cost": 104286.28, "Total Cost": 195237.77, "Plan Rows": 711018, "Plan Width": 12, "Inner Unique": false, "Hash Cond": "(ci.movie_id = mc.movie_id), (LLVM Optimized)", "Plans": [{"Node Type": "Streaming(type: LOCAL REDISTRIBUTE dop: 16/16)", "Parent Relationship": "Outer", "Startup Cost": 15001.51, "Total Cost": 102848.74, "Plan Rows": 3296318, "Plan Width": 8, "Plans": [{"Node Type": "Hash Join", "Parent Relationship": "Outer", "Join Type": "Inner", "Startup Cost": 15001.51, "Total Cost": 75358.79, "Plan Rows": 3296318, "Plan Width": 8, "Inner Unique": true, "Hash Cond": "(ci.role_id = rt.id), (LLVM Optimized)", "Plans": [{"Node Type": "Seq Scan", "Parent Relationship": "Outer", "Relation Name": "cast_info", "Alias": "ci", "Startup Cost": 0.0, "Total Cost": 52617.37, "Plan Rows": 36259494, "Plan Width": 12}, {"Node Type": "Hash", "Parent Relationship": "Inner", "Startup Cost": 15001.5, "Total Cost": 15001.5, "Plan Rows": 16, "Plan Width": 4, "Plans": [{"Node Type": "Streaming(type: BROADCAST dop: 16/1)", "Parent Relationship": "Outer", "Startup Cost": 0.0, "Total Cost": 15001.5, "Plan Rows": 16, "Plan Width": 4, "Plans": [{"Node Type": "Seq Scan", "Parent Relationship": "Outer", "Relation Name": "role_type", "Alias": "rt", "Startup Cost": 0.0, "Total Cost": 1.15, "Plan Rows": 1, "Plan Width": 4, "Filter": "((role)::text = 'costume designer'::text)"}]}]}]}]}, {"Node Type": "Hash", "Parent Relationship": "Inner", "Startup Cost": 88282.97, "Total Cost": 88282.97, "Plan Rows": 1282311, "Plan Width": 4, "Plans": [{"Node Type": "Streaming(type: LOCAL REDISTRIBUTE dop: 16/16)", "Parent Relationship": "Outer", "Startup Cost": 24511.53, "Total Cost": 88282.97, "Plan Rows": 1282311, "Plan Width": 4, "Plans": [{"Node Type": "Hash Join", "Parent Relationship": "Outer", "Join Type": "Inner", "Startup Cost": 24511.53, "Total Cost": 68424.21, "Plan Rows": 1282311, "Plan Width": 4, "Inner Unique": true, "Hash Cond": "(mc.company_id = cn.id), (LLVM Optimized)", "Plans": [{"Node Type": "Streaming(type: LOCAL REDISTRIBUTE dop: 16/16)", "Parent Relationship": "Outer", "Startup Cost": 0.0, "Total Cost": 42499.73, "Plan Rows": 2609128, "Plan Width": 8, "Plans": [{"Node Type": "Seq Scan", "Parent Relationship": "Outer", "Relation Name": "movie_companies", "Alias": "mc", "Startup Cost": 0.0, "Total Cost": 17613.58, "Plan Rows": 2609128, "Plan Width": 8}]}, {"Node Type": "Hash", "Parent Relationship": "Inner", "Startup Cost": 24444.99, "Total Cost": 24444.99, "Plan Rows": 85170, "Plan Width": 4, "Plans": [{"Node Type": "Streaming(type: LOCAL REDISTRIBUTE dop: 16/1)", "Parent Relationship": "Outer", "Startup Cost": 0.0, "Total Cost": 24444.99, "Plan Rows": 85170, "Plan Width": 4, "Plans": [{"Node Type": "Seq Scan", "Parent Relationship": "Outer", "Relation Name": "company_name", "Alias": "cn", "Startup Cost": 0.0, "Total Cost": 5903.45, "Plan Rows": 85170, "Plan Width": 4, "Filter": "((country_code)::text = '[us]'::text)"}]}]}]}]}]}]}]}, {"Node Type": "Hash", "Parent Relationship": "Inner", "Startup Cost": 34659.52, "Total Cost": 34659.52, "Plan Rows": 901342, "Plan Width": 20, "Plans": [{"Node Type": "Streaming(type: LOCAL REDISTRIBUTE dop: 16/16)", "Parent Relationship": "Outer", "Startup Cost": 0.0, "Total Cost": 34659.52, "Plan Rows": 901342, "Plan Width": 20, "Plans": [{"Node Type": "Seq Scan", "Parent Relationship": "Outer", "Relation Name": "aka_name", "Alias": "an1", "Startup Cost": 0.0, "Total Cost": 16244.28, "Plan Rows": 901342, "Plan Width": 20}]}]}]}]}, {"Node Type": "Hash", "Parent Relationship": "Inner", "Startup Cost": 43334.25, "Total Cost": 43334.25, "Plan Rows": 2528311, "Plan Width": 21, "Plans": [{"Node Type": "Streaming(type: LOCAL REDISTRIBUTE dop: 16/16)", "Parent Relationship": "Outer", "Startup Cost": 0.0, "Total Cost": 43334.25, "Plan Rows": 2528311, "Plan Width": 21, "Plans": [{"Node Type": "Seq Scan", "Parent Relationship": "Outer", "Relation Name": "title", "Alias": "t", "Startup Cost": 0.0, "Total Cost": 18754.32, "Plan Rows": 2528311, "Plan Width": 21}]}]}]}]}, {"Node Type": "Hash", "Parent Relationship": "Inner", "Startup Cost": 51607.87, "Total Cost": 51607.87, "Plan Rows": 4167490, "Plan Width": 4, "Plans": [{"Node Type": "Streaming(type: LOCAL REDISTRIBUTE dop: 16/16)", "Parent Relationship": "Outer", "Startup Cost": 0.0, "Total Cost": 51607.87, "Plan Rows": 4167490, "Plan Width": 4, "Plans": [{"Node Type": "Seq Scan", "Parent Relationship": "Outer", "Relation Name": "name", "Alias": "n1", "Startup Cost": 0.0, "Total Cost": 20816.99, "Plan Rows": 4167490, "Plan Width": 4}]}]}]}]}]}]}, "Unique SQL Id": 2457761703, "Planner Runtime": 193}, "explain_analyze_plan": {"Plan": {"Node Type": "Aggregate", "Strategy": "Plain", "Startup Cost": 287566.27, "Total Cost": 287566.3, "Plan Rows": 1, "Plan Width": 97, "Actual Min Startup Time": 1429.474, "Actual Max Startup Time": 1429.474, "Actual Min Total Time": 1429.474, "Actual Max Total Time": 1429.474, "Plans": [{"Node Type": "Streaming(type: LOCAL GATHER dop: 1/16)", "Parent Relationship": "Outer", "Startup Cost": 287566.27, "Total Cost": 287566.3, "Plan Rows": 1, "Plan Width": 97, "Actual Min Startup Time": 1428.475, "Actual Max Startup Time": 1428.475, "Actual Min Total Time": 1429.447, "Actual Max Total Time": 1429.447, "Plans": [{"Node Type": "Aggregate", "Strategy": "Plain", "Parent Relationship": "Outer", "Startup Cost": 287566.27, "Total Cost": 287566.28, "Plan Rows": 1, "Plan Width": 97, "Actual Min Startup Time": 1046.427, "Actual Max Startup Time": 1225.524, "Actual Min Total Time": 1046.427, "Actual Max Total Time": 1225.525, "Plans": [{"Node Type": "Hash Join", "Parent Relationship": "Outer", "Join Type": "Inner", "Startup Cost": 142621.96, "Total Cost": 285780.78, "Plan Rows": 357098, "Plan Width": 33, "Actual Min Startup Time": 657.95, "Actual Max Startup Time": 846.411, "Actual Min Total Time": 1031.721, "Actual Max Total Time": 1217.172, "Inner Unique": true, "Hash Cond": "(an1.person_id = n1.id), (LLVM Optimized, Jit Execute)", "Plans": [{"Node Type": "Streaming(type: LOCAL REDISTRIBUTE dop: 16/16)", "Parent Relationship": "Outer", "Startup Cost": 126464.14, "Total Cost": 269316.07, "Plan Rows": 357098, "Plan Width": 41, "Actual Min Startup Time": 138.252, "Actual Max Startup Time": 161.278, "Actual Min Total Time": 500.465, "Actual Max Total Time": 521.157, "Plans": [{"Node Type": "Hash Join", "Parent Relationship": "Outer", "Join Type": "Inner", "Startup Cost": 126464.14, "Total Cost": 252963.01, "Plan Rows": 357098, "Plan Width": 41, "Actual Min Startup Time": 650.282, "Actual Max Startup Time": 827.406, "Actual Min Total Time": 1018.2, "Actual Max Total Time": 1197.69, "Inner Unique": true, "Hash Cond": "(ci.movie_id = t.id), (LLVM Optimized, Jit Execute)", "Plans": [{"Node Type": "Streaming(type: LOCAL REDISTRIBUTE dop: 16/16)", "Parent Relationship": "Outer", "Startup Cost": 113655.34, "Total Cost": 239847.25, "Plan Rows": 357379, "Plan Width": 32, "Actual Min Startup Time": 284.581, "Actual Max Startup Time": 292.563, "Actual Min Total Time": 643.034, "Actual Max Total Time": 653.83, "Plans": [{"Node Type": "Hash Join", "Parent Relationship": "Outer", "Join Type": "Inner", "Startup Cost": 113655.34, "Total Cost": 223493.12, "Plan Rows": 357379, "Plan Width": 32, "Actual Min Startup Time": 656.508, "Actual Max Startup Time": 864.813, "Actual Min Total Time": 976.219, "Actual Max Total Time": 1211.51, "Inner Unique": false, "Hash Cond": "(ci.person_id = an1.person_id), (LLVM Optimized, Jit Execute)", "Plans": [{"Node Type": "Streaming(type: LOCAL REDISTRIBUTE dop: 16/16)", "Parent Relationship": "Outer", "Startup Cost": 104286.28, "Total Cost": 212931.86, "Plan Rows": 711018, "Plan Width": 12, "Actual Min Startup Time": 516.593, "Actual Max Startup Time": 530.476, "Actual Min Total Time": 825.032, "Actual Max Total Time": 876.688, "Plans": [{"Node Type": "Hash Join", "Parent Relationship": "Outer", "Join Type": "Inner", "Startup Cost": 104286.28, "Total Cost": 195237.77, "Plan Rows": 711018, "Plan Width": 12, "Actual Min Startup Time": 655.48, "Actual Max Startup Time": 884.626, "Actual Min Total Time": 967.321, "Actual Max Total Time": 1196.253, "Inner Unique": false, "Hash Cond": "(ci.movie_id = mc.movie_id), (LLVM Optimized, Jit Execute)", "Plans": [{"Node Type": "Streaming(type: LOCAL REDISTRIBUTE dop: 16/16)", "Parent Relationship": "Outer", "Startup Cost": 15001.51, "Total Cost": 102848.74, "Plan Rows": 3296318, "Plan Width": 8, "Actual Min Startup Time": 0.062, "Actual Max Startup Time": 0.846, "Actual Min Total Time": 293.775, "Actual Max Total Time": 312.773, "Plans": [{"Node Type": "Hash Join", "Parent Relationship": "Outer", "Join Type": "Inner", "Startup Cost": 15001.51, "Total Cost": 75358.79, "Plan Rows": 3296318, "Plan Width": 8, "Actual Min Startup Time": 729.862, "Actual Max Startup Time": 782.989, "Actual Min Total Time": 934.617, "Actual Max Total Time": 992.529, "Inner Unique": true, "Hash Cond": "(ci.role_id = rt.id), (LLVM Optimized, Jit Execute)", "Plans": [{"Node Type": "Seq Scan", "Parent Relationship": "Outer", "Relation Name": "cast_info", "Alias": "ci", "Startup Cost": 0.0, "Total Cost": 52617.37, "Plan Rows": 36259494, "Plan Width": 12, "Actual Min Startup Time": 0.029, "Actual Max Startup Time": 0.042, "Actual Min Total Time": 515.441, "Actual Max Total Time": 569.135, "Actual Rows": 36244343}, {"Node Type": "Hash", "Parent Relationship": "Inner", "Startup Cost": 15001.5, "Total Cost": 15001.5, "Plan Rows": 16, "Plan Width": 4, "Actual Min Startup Time": 0.012, "Actual Max Startup Time": 11.903, "Actual Min Total Time": 0.012, "Actual Max Total Time": 11.903, "Max Hash Buckets": 32768, "Min Hash Buckets": 32768, "Max Hash Batches": 1, "Min Hash Batches": 1, "Max Original Hash Batches": 1, "Min Original Hash Batches": 1, "Max Peak Memory Usage": 1, "min Peak Memory Usage": 1, "Plans": [{"Node Type": "Streaming(type: BROADCAST dop: 16/1)", "Parent Relationship": "Outer", "Startup Cost": 0.0, "Total Cost": 15001.5, "Plan Rows": 16, "Plan Width": 4, "Actual Min Startup Time": 0.004, "Actual Max Startup Time": 11.888, "Actual Min Total Time": 0.004, "Actual Max Total Time": 11.889, "Plans": [{"Node Type": "Seq Scan", "Parent Relationship": "Outer", "Relation Name": "role_type", "Alias": "rt", "Startup Cost": 0.0, "Total Cost": 1.15, "Plan Rows": 1, "Plan Width": 4, "Actual Min Startup Time": 0.025, "Actual Max Startup Time": 0.025, "Actual Min Total Time": 0.027, "Actual Max Total Time": 0.027, "Filter": "((role)::text = 'costume designer'::text)", "Rows Removed by Filter": 11, "Actual Rows": 1}], "Actual Rows": 16}], "Actual Rows": 16}], "Actual Rows": 276403}], "Actual Rows": 276403}, {"Node Type": "Hash", "Parent Relationship": "Inner", "Startup Cost": 88282.97, "Total Cost": 88282.97, "Plan Rows": 1282311, "Plan Width": 4, "Actual Min Startup Time": 655.204, "Actual Max Startup Time": 884.113, "Actual Min Total Time": 655.204, "Actual Max Total Time": 884.113, "Max Hash Buckets": 131072, "Min Hash Buckets": 131072, "Max Hash Batches": 1, "Min Hash Batches": 1, "Max Original Hash Batches": 1, "Min Original Hash Batches": 1, "Max Peak Memory Usage": 2542, "min Peak Memory Usage": 2542, "Plans": [{"Node Type": "Streaming(type: LOCAL REDISTRIBUTE dop: 16/16)", "Parent Relationship": "Outer", "Startup Cost": 24511.53, "Total Cost": 88282.97, "Plan Rows": 1282311, "Plan Width": 4, "Actual Min Startup Time": 186.112, "Actual Max Startup Time": 414.758, "Actual Min Total Time": 627.769, "Actual Max Total Time": 863.493, "Plans": [{"Node Type": "Hash Join", "Parent Relationship": "Outer", "Join Type": "Inner", "Startup Cost": 24511.53, "Total Cost": 68424.21, "Plan Rows": 1282311, "Plan Width": 4, "Actual Min Startup Time": 176.757, "Actual Max Startup Time": 400.58, "Actual Min Total Time": 517.522, "Actual Max Total Time": 794.956, "Inner Unique": true, "Hash Cond": "(mc.company_id = cn.id), (LLVM Optimized, Jit Execute)", "Plans": [{"Node Type": "Streaming(type: LOCAL REDISTRIBUTE dop: 16/16)", "Parent Relationship": "Outer", "Startup Cost": 0.0, "Total Cost": 42499.73, "Plan Rows": 2609128, "Plan Width": 8, "Actual Min Startup Time": 0.062, "Actual Max Startup Time": 1.791, "Actual Min Total Time": 265.249, "Actual Max Total Time": 357.061, "Plans": [{"Node Type": "Seq Scan", "Parent Relationship": "Outer", "Relation Name": "movie_companies", "Alias": "mc", "Startup Cost": 0.0, "Total Cost": 17613.58, "Plan Rows": 2609128, "Plan Width": 8, "Actual Min Startup Time": 0.026, "Actual Max Startup Time": 0.044, "Actual Min Total Time": 42.83, "Actual Max Total Time": 51.451, "Actual Rows": 2609128}], "Actual Rows": 2609128}, {"Node Type": "Hash", "Parent Relationship": "Inner", "Startup Cost": 24444.99, "Total Cost": 24444.99, "Plan Rows": 85170, "Plan Width": 4, "Actual Min Startup Time": 176.63, "Actual Max Startup Time": 399.346, "Actual Min Total Time": 176.63, "Actual Max Total Time": 399.346, "Max Hash Buckets": 32768, "Min Hash Buckets": 32768, "Max Hash Batches": 1, "Min Hash Batches": 1, "Max Original Hash Batches": 1, "Min Original Hash Batches": 1, "Max Peak Memory Usage": 182, "min Peak Memory Usage": 182, "Plans": [{"Node Type": "Streaming(type: LOCAL REDISTRIBUTE dop: 16/1)", "Parent Relationship": "Outer", "Startup Cost": 0.0, "Total Cost": 24444.99, "Plan Rows": 85170, "Plan Width": 4, "Actual Min Startup Time": 0.035, "Actual Max Startup Time": 218.603, "Actual Min Total Time": 174.868, "Actual Max Total Time": 397.632, "Plans": [{"Node Type": "Seq Scan", "Parent Relationship": "Outer", "Relation Name": "company_name", "Alias": "cn", "Startup Cost": 0.0, "Total Cost": 5903.45, "Plan Rows": 85170, "Plan Width": 4, "Actual Min Startup Time": 0.038, "Actual Max Startup Time": 0.038, "Actual Min Total Time": 94.596, "Actual Max Total Time": 94.596, "Filter": "((country_code)::text = '[us]'::text)", "Rows Removed by Filter": 150153, "Actual Rows": 84843}], "Actual Rows": 84843}], "Actual Rows": 84843}], "Actual Rows": 1153797}], "Actual Rows": 1153797}], "Actual Rows": 1153797}], "Actual Rows": 285537}], "Actual Rows": 285537}, {"Node Type": "Hash", "Parent Relationship": "Inner", "Startup Cost": 34659.52, "Total Cost": 34659.52, "Plan Rows": 901342, "Plan Width": 20, "Actual Min Startup Time": 129.879, "Actual Max Startup Time": 348.156, "Actual Min Total Time": 129.879, "Actual Max Total Time": 348.156, "Max Hash Buckets": 65536, "Min Hash Buckets": 65536, "Max Hash Batches": 1, "Min Hash Batches": 1, "Max Original Hash Batches": 1, "Min Original Hash Batches": 1, "Max Peak Memory Usage": 2981, "min Peak Memory Usage": 2981, "Plans": [{"Node Type": "Streaming(type: LOCAL REDISTRIBUTE dop: 16/16)", "Parent Relationship": "Outer", "Startup Cost": 0.0, "Total Cost": 34659.52, "Plan Rows": 901342, "Plan Width": 20, "Actual Min Startup Time": 0.048, "Actual Max Startup Time": 211.292, "Actual Min Total Time": 113.469, "Actual Max Total Time": 331.199, "Plans": [{"Node Type": "Seq Scan", "Parent Relationship": "Outer", "Relation Name": "aka_name", "Alias": "an1", "Startup Cost": 0.0, "Total Cost": 16244.28, "Plan Rows": 901342, "Plan Width": 20, "Actual Min Startup Time": 0.02, "Actual Max Startup Time": 0.037, "Actual Min Total Time": 16.899, "Actual Max Total Time": 20.777, "Actual Rows": 901342}], "Actual Rows": 901342}], "Actual Rows": 901342}], "Actual Rows": 323005}], "Actual Rows": 323005}, {"Node Type": "Hash", "Parent Relationship": "Inner", "Startup Cost": 43334.25, "Total Cost": 43334.25, "Plan Rows": 2528311, "Plan Width": 21, "Actual Min Startup Time": 361.928, "Actual Max Startup Time": 536.694, "Actual Min Total Time": 361.928, "Actual Max Total Time": 536.694, "Max Hash Buckets": 262144, "Min Hash Buckets": 262144, "Max Hash Batches": 1, "Min Hash Batches": 1, "Max Original Hash Batches": 1, "Min Original Hash Batches": 1, "Max Peak Memory Usage": 8518, "min Peak Memory Usage": 8518, "Plans": [{"Node Type": "Streaming(type: LOCAL REDISTRIBUTE dop: 16/16)", "Parent Relationship": "Outer", "Startup Cost": 0.0, "Total Cost": 43334.25, "Plan Rows": 2528311, "Plan Width": 21, "Actual Min Startup Time": 0.052, "Actual Max Startup Time": 29.929, "Actual Min Total Time": 291.244, "Actual Max Total Time": 484.112, "Plans": [{"Node Type": "Seq Scan", "Parent Relationship": "Outer", "Relation Name": "title", "Alias": "t", "Startup Cost": 0.0, "Total Cost": 18754.32, "Plan Rows": 2528311, "Plan Width": 21, "Actual Min Startup Time": 0.018, "Actual Max Startup Time": 0.034, "Actual Min Total Time": 48.948, "Actual Max Total Time": 58.428, "Actual Rows": 2528311}], "Actual Rows": 2528311}], "Actual Rows": 2528311}], "Actual Rows": 323005}], "Actual Rows": 323005}, {"Node Type": "Hash", "Parent Relationship": "Inner", "Startup Cost": 51607.87, "Total Cost": 51607.87, "Plan Rows": 4167490, "Plan Width": 4, "Actual Min Startup Time": 514.494, "Actual Max Startup Time": 693.507, "Actual Min Total Time": 514.494, "Actual Max Total Time": 693.507, "Max Hash Buckets": 262144, "Min Hash Buckets": 262144, "Max Hash Batches": 1, "Min Hash Batches": 1, "Max Original Hash Batches": 1, "Min Original Hash Batches": 1, "Max Peak Memory Usage": 9174, "min Peak Memory Usage": 9174, "Plans": [{"Node Type": "Streaming(type: LOCAL REDISTRIBUTE dop: 16/16)", "Parent Relationship": "Outer", "Startup Cost": 0.0, "Total Cost": 51607.87, "Plan Rows": 4167490, "Plan Width": 4, "Actual Min Startup Time": 0.053, "Actual Max Startup Time": 140.533, "Actual Min Total Time": 409.113, "Actual Max Total Time": 612.992, "Plans": [{"Node Type": "Seq Scan", "Parent Relationship": "Outer", "Relation Name": "name", "Alias": "n1", "Startup Cost": 0.0, "Total Cost": 20816.99, "Plan Rows": 4167490, "Plan Width": 4, "Actual Min Startup Time": 0.017, "Actual Max Startup Time": 0.034, "Actual Min Total Time": 74.859, "Actual Max Total Time": 86.06, "Actual Rows": 4167490}], "Actual Rows": 4167490}], "Actual Rows": 4167490}], "Actual Rows": 323005}], "Actual Rows": 16}], "Actual Rows": 16}], "Actual Rows": 1}, "Triggers": [], "Planner Runtime": 195.615, "Total Runtime": 1475.961, "Unique SQL Id": 2457761703}}, "(16, '35')": {"explain_plan": {"Plan": {"Node Type": "Aggregate", "Strategy": "Plain", "Startup Cost": 1013578.73, "Total Cost": 1013578.74, "Plan Rows": 1, "Plan Width": 97, "Plans": [{"Node Type": "Hash Join", "Parent Relationship": "Outer", "Join Type": "Inner", "Startup Cost": 985285.55, "Total Cost": 1011793.24, "Plan Rows": 357098, "Plan Width": 33, "Inner Unique": false, "Hash Cond": "(an1.person_id = n1.id), (LLVM Optimized)", "Plans": [{"Node Type": "Bitmap Heap Scan", "Parent Relationship": "Outer", "Relation Name": "aka_name", "Alias": "an1", "Startup Cost": 16632.3, "Total Cost": 36540.72, "Plan Rows": 901342, "Plan Width": 20, "Plans": [{"Node Type": "Bitmap Index Scan", "Parent Relationship": "Outer", "Index Name": "person_id_aka_name", "Startup Cost": 0.0, "Total Cost": 16406.96, "Plan Rows": 901342, "Plan Width": 0}]}, {"Node Type": "Hash", "Parent Relationship": "Inner", "Startup Cost": 959772.51, "Total Cost": 959772.51, "Plan Rows": 710459, "Plan Width": 25, "Plans": [{"Node Type": "Hash Join", "Parent Relationship": "Outer", "Join Type": "Inner", "Startup Cost": 607483.06, "Total Cost": 959772.51, "Plan Rows": 710459, "Plan Width": 25, "Inner Unique": true, "Hash Cond": "(ci.person_id = n1.id), (LLVM Optimized)", "Plans": [{"Node Type": "Hash Join", "Parent Relationship": "Outer", "Join Type": "Inner", "Startup Cost": 378117.96, "Total Cost": 720638.61, "Plan Rows": 710459, "Plan Width": 21, "Inner Unique": false, "Hash Cond": "(ci.movie_id = t.id), (LLVM Optimized)", "Plans": [{"Node Type": "Nested Loop", "Parent Relationship": "Outer", "Join Type": "Inner", "Startup Cost": 76315.02, "Total Cost": 389769.33, "Plan Rows": 3296318, "Plan Width": 8, "Inner Unique": false, "Plans": [{"Node Type": "Bitmap Heap Scan", "Parent Relationship": "Outer", "Relation Name": "role_type", "Alias": "rt", "Startup Cost": 8.31, "Total Cost": 12.46, "Plan Rows": 1, "Plan Width": 4, "Filter": "((role)::text = 'costume designer'::text)", "Plans": [{"Node Type": "Bitmap Index Scan", "Parent Relationship": "Outer", "Index Name": "role_type_pkey", "Startup Cost": 0.0, "Total Cost": 8.31, "Plan Rows": 12, "Plan Width": 0}]}, {"Node Type": "Bitmap Heap Scan", "Parent Relationship": "Inner", "Relation Name": "cast_info", "Alias": "ci", "Startup Cost": 76306.71, "Total Cost": 356793.69, "Plan Rows": 3296318, "Plan Width": 12, "Recheck Cond": "(role_id = rt.id), (LLVM Optimized)", "Plans": [{"Node Type": "Bitmap Index Scan", "Parent Relationship": "Outer", "Index Name": "role_id_cast_info", "Startup Cost": 0.0, "Total Cost": 75482.63, "Plan Rows": 3296318, "Plan Width": 0, "Index Cond": "(role_id = rt.id)"}]}]}, {"Node Type": "Hash", "Parent Relationship": "Inner", "Startup Cost": 285774.05, "Total Cost": 285774.05, "Plan Rows": 1282311, "Plan Width": 25, "Plans": [{"Node Type": "Hash Join", "Parent Relationship": "Outer", "Join Type": "Inner", "Startup Cost": 203717.65, "Total Cost": 285774.05, "Plan Rows": 1282311, "Plan Width": 25, "Inner Unique": true, "Hash Cond": "(mc.movie_id = t.id), (LLVM Optimized)", "Plans": [{"Node Type": "Hash Join", "Parent Relationship": "Outer", "Join Type": "Inner", "Startup Cost": 61758.77, "Total Cost": 126183.39, "Plan Rows": 1282311, "Plan Width": 4, "Inner Unique": true, "Hash Cond": "(mc.company_id = cn.id), (LLVM Optimized)", "Plans": [{"Node Type": "Bitmap Heap Scan", "Parent Relationship": "Outer", "Relation Name": "movie_companies", "Alias": "mc", "Startup Cost": 51990.17, "Total Cost": 93807.45, "Plan Rows": 2609128, "Plan Width": 8, "Plans": [{"Node Type": "Bitmap Index Scan", "Parent Relationship": "Outer", "Index Name": "movie_id_movie_companies", "Startup Cost": 0.0, "Total Cost": 51337.89, "Plan Rows": 2609128, "Plan Width": 0}]}, {"Node Type": "Hash", "Parent Relationship": "Inner", "Startup Cost": 8703.97, "Total Cost": 8703.97, "Plan Rows": 85170, "Plan Width": 4, "Plans": [{"Node Type": "Bitmap Heap Scan", "Parent Relationship": "Outer", "Relation Name": "company_name", "Alias": "cn", "Startup Cost": 2800.52, "Total Cost": 8703.97, "Plan Rows": 85170, "Plan Width": 4, "Filter": "((country_code)::text = '[us]'::text)", "Plans": [{"Node Type": "Bitmap Index Scan", "Parent Relationship": "Outer", "Index Name": "company_name_pkey", "Startup Cost": 0.0, "Total Cost": 2779.23, "Plan Rows": 234996, "Plan Width": 0}]}]}]}, {"Node Type": "Hash", "Parent Relationship": "Inner", "Startup Cost": 110354.99, "Total Cost": 110354.99, "Plan Rows": 2528311, "Plan Width": 21, "Plans": [{"Node Type": "Bitmap Heap Scan", "Parent Relationship": "Outer", "Relation Name": "title", "Alias": "t", "Startup Cost": 50285.88, "Total Cost": 110354.99, "Plan Rows": 2528311, "Plan Width": 21, "Plans": [{"Node Type": "Bitmap Index Scan", "Parent Relationship": "Outer", "Index Name": "title_pkey", "Startup Cost": 0.0, "Total Cost": 49653.81, "Plan Rows": 2528311, "Plan Width": 0}]}]}]}]}]}, {"Node Type": "Hash", "Parent Relationship": "Inner", "Startup Cost": 177271.47, "Total Cost": 177271.47, "Plan Rows": 4167490, "Plan Width": 4, "Plans": [{"Node Type": "Bitmap Heap Scan", "Parent Relationship": "Outer", "Relation Name": "name", "Alias": "n1", "Startup Cost": 84199.57, "Total Cost": 177271.47, "Plan Rows": 4167490, "Plan Width": 4, "Plans": [{"Node Type": "Bitmap Index Scan", "Parent Relationship": "Outer", "Index Name": "name_pkey", "Startup Cost": 0.0, "Total Cost": 83157.7, "Plan Rows": 4167490, "Plan Width": 0}]}]}]}]}]}]}, "Unique SQL Id": 2457761703, "Planner Runtime": 49}, "explain_analyze_plan": null}, "(16, '36')": {"explain_plan": {"Plan": {"Node Type": "Aggregate", "Strategy": "Plain", "Startup Cost": 287566.27, "Total Cost": 287566.3, "Plan Rows": 1, "Plan Width": 97, "Plans": [{"Node Type": "Streaming(type: LOCAL GATHER dop: 1/16)", "Parent Relationship": "Outer", "Startup Cost": 287566.27, "Total Cost": 287566.3, "Plan Rows": 1, "Plan Width": 97, "Plans": [{"Node Type": "Aggregate", "Strategy": "Plain", "Parent Relationship": "Outer", "Startup Cost": 287566.27, "Total Cost": 287566.28, "Plan Rows": 1, "Plan Width": 97, "Plans": [{"Node Type": "Hash Join", "Parent Relationship": "Outer", "Join Type": "Inner", "Startup Cost": 142621.96, "Total Cost": 285780.78, "Plan Rows": 357098, "Plan Width": 33, "Inner Unique": true, "Hash Cond": "(an1.person_id = n1.id), (LLVM Optimized)", "Plans": [{"Node Type": "Streaming(type: LOCAL REDISTRIBUTE dop: 16/16)", "Parent Relationship": "Outer", "Startup Cost": 126464.14, "Total Cost": 269316.07, "Plan Rows": 357098, "Plan Width": 41, "Plans": [{"Node Type": "Hash Join", "Parent Relationship": "Outer", "Join Type": "Inner", "Startup Cost": 126464.14, "Total Cost": 252963.01, "Plan Rows": 357098, "Plan Width": 41, "Inner Unique": true, "Hash Cond": "(ci.movie_id = t.id), (LLVM Optimized)", "Plans": [{"Node Type": "Streaming(type: LOCAL REDISTRIBUTE dop: 16/16)", "Parent Relationship": "Outer", "Startup Cost": 113655.34, "Total Cost": 239847.25, "Plan Rows": 357379, "Plan Width": 32, "Plans": [{"Node Type": "Hash Join", "Parent Relationship": "Outer", "Join Type": "Inner", "Startup Cost": 113655.34, "Total Cost": 223493.12, "Plan Rows": 357379, "Plan Width": 32, "Inner Unique": false, "Hash Cond": "(ci.person_id = an1.person_id), (LLVM Optimized)", "Plans": [{"Node Type": "Streaming(type: LOCAL REDISTRIBUTE dop: 16/16)", "Parent Relationship": "Outer", "Startup Cost": 104286.28, "Total Cost": 212931.86, "Plan Rows": 711018, "Plan Width": 12, "Plans": [{"Node Type": "Hash Join", "Parent Relationship": "Outer", "Join Type": "Inner", "Startup Cost": 104286.28, "Total Cost": 195237.77, "Plan Rows": 711018, "Plan Width": 12, "Inner Unique": false, "Hash Cond": "(ci.movie_id = mc.movie_id), (LLVM Optimized)", "Plans": [{"Node Type": "Streaming(type: LOCAL REDISTRIBUTE dop: 16/16)", "Parent Relationship": "Outer", "Startup Cost": 15001.51, "Total Cost": 102848.74, "Plan Rows": 3296318, "Plan Width": 8, "Plans": [{"Node Type": "Hash Join", "Parent Relationship": "Outer", "Join Type": "Inner", "Startup Cost": 15001.51, "Total Cost": 75358.79, "Plan Rows": 3296318, "Plan Width": 8, "Inner Unique": true, "Hash Cond": "(ci.role_id = rt.id), (LLVM Optimized)", "Plans": [{"Node Type": "Seq Scan", "Parent Relationship": "Outer", "Relation Name": "cast_info", "Alias": "ci", "Startup Cost": 0.0, "Total Cost": 52617.37, "Plan Rows": 36259494, "Plan Width": 12}, {"Node Type": "Hash", "Parent Relationship": "Inner", "Startup Cost": 15001.5, "Total Cost": 15001.5, "Plan Rows": 16, "Plan Width": 4, "Plans": [{"Node Type": "Streaming(type: BROADCAST dop: 16/1)", "Parent Relationship": "Outer", "Startup Cost": 0.0, "Total Cost": 15001.5, "Plan Rows": 16, "Plan Width": 4, "Plans": [{"Node Type": "Seq Scan", "Parent Relationship": "Outer", "Relation Name": "role_type", "Alias": "rt", "Startup Cost": 0.0, "Total Cost": 1.15, "Plan Rows": 1, "Plan Width": 4, "Filter": "((role)::text = 'costume designer'::text)"}]}]}]}]}, {"Node Type": "Hash", "Parent Relationship": "Inner", "Startup Cost": 88282.97, "Total Cost": 88282.97, "Plan Rows": 1282311, "Plan Width": 4, "Plans": [{"Node Type": "Streaming(type: LOCAL REDISTRIBUTE dop: 16/16)", "Parent Relationship": "Outer", "Startup Cost": 24511.53, "Total Cost": 88282.97, "Plan Rows": 1282311, "Plan Width": 4, "Plans": [{"Node Type": "Hash Join", "Parent Relationship": "Outer", "Join Type": "Inner", "Startup Cost": 24511.53, "Total Cost": 68424.21, "Plan Rows": 1282311, "Plan Width": 4, "Inner Unique": true, "Hash Cond": "(mc.company_id = cn.id), (LLVM Optimized)", "Plans": [{"Node Type": "Streaming(type: LOCAL REDISTRIBUTE dop: 16/16)", "Parent Relationship": "Outer", "Startup Cost": 0.0, "Total Cost": 42499.73, "Plan Rows": 2609128, "Plan Width": 8, "Plans": [{"Node Type": "Seq Scan", "Parent Relationship": "Outer", "Relation Name": "movie_companies", "Alias": "mc", "Startup Cost": 0.0, "Total Cost": 17613.58, "Plan Rows": 2609128, "Plan Width": 8}]}, {"Node Type": "Hash", "Parent Relationship": "Inner", "Startup Cost": 24444.99, "Total Cost": 24444.99, "Plan Rows": 85170, "Plan Width": 4, "Plans": [{"Node Type": "Streaming(type: LOCAL REDISTRIBUTE dop: 16/1)", "Parent Relationship": "Outer", "Startup Cost": 0.0, "Total Cost": 24444.99, "Plan Rows": 85170, "Plan Width": 4, "Plans": [{"Node Type": "Seq Scan", "Parent Relationship": "Outer", "Relation Name": "company_name", "Alias": "cn", "Startup Cost": 0.0, "Total Cost": 5903.45, "Plan Rows": 85170, "Plan Width": 4, "Filter": "((country_code)::text = '[us]'::text)"}]}]}]}]}]}]}]}, {"Node Type": "Hash", "Parent Relationship": "Inner", "Startup Cost": 34659.52, "Total Cost": 34659.52, "Plan Rows": 901342, "Plan Width": 20, "Plans": [{"Node Type": "Streaming(type: LOCAL REDISTRIBUTE dop: 16/16)", "Parent Relationship": "Outer", "Startup Cost": 0.0, "Total Cost": 34659.52, "Plan Rows": 901342, "Plan Width": 20, "Plans": [{"Node Type": "Seq Scan", "Parent Relationship": "Outer", "Relation Name": "aka_name", "Alias": "an1", "Startup Cost": 0.0, "Total Cost": 16244.28, "Plan Rows": 901342, "Plan Width": 20}]}]}]}]}, {"Node Type": "Hash", "Parent Relationship": "Inner", "Startup Cost": 43334.25, "Total Cost": 43334.25, "Plan Rows": 2528311, "Plan Width": 21, "Plans": [{"Node Type": "Streaming(type: LOCAL REDISTRIBUTE dop: 16/16)", "Parent Relationship": "Outer", "Startup Cost": 0.0, "Total Cost": 43334.25, "Plan Rows": 2528311, "Plan Width": 21, "Plans": [{"Node Type": "Seq Scan", "Parent Relationship": "Outer", "Relation Name": "title", "Alias": "t", "Startup Cost": 0.0, "Total Cost": 18754.32, "Plan Rows": 2528311, "Plan Width": 21}]}]}]}]}, {"Node Type": "Hash", "Parent Relationship": "Inner", "Startup Cost": 51607.87, "Total Cost": 51607.87, "Plan Rows": 4167490, "Plan Width": 4, "Plans": [{"Node Type": "Streaming(type: LOCAL REDISTRIBUTE dop: 16/16)", "Parent Relationship": "Outer", "Startup Cost": 0.0, "Total Cost": 51607.87, "Plan Rows": 4167490, "Plan Width": 4, "Plans": [{"Node Type": "Seq Scan", "Parent Relationship": "Outer", "Relation Name": "name", "Alias": "n1", "Startup Cost": 0.0, "Total Cost": 20816.99, "Plan Rows": 4167490, "Plan Width": 4}]}]}]}]}]}]}, "Unique SQL Id": 2457761703, "Planner Runtime": 195}, "explain_analyze_plan": {"Plan": {"Node Type": "Aggregate", "Strategy": "Plain", "Startup Cost": 287566.27, "Total Cost": 287566.3, "Plan Rows": 1, "Plan Width": 97, "Actual Min Startup Time": 1429.474, "Actual Max Startup Time": 1429.474, "Actual Min Total Time": 1429.474, "Actual Max Total Time": 1429.474, "Plans": [{"Node Type": "Streaming(type: LOCAL GATHER dop: 1/16)", "Parent Relationship": "Outer", "Startup Cost": 287566.27, "Total Cost": 287566.3, "Plan Rows": 1, "Plan Width": 97, "Actual Min Startup Time": 1428.475, "Actual Max Startup Time": 1428.475, "Actual Min Total Time": 1429.447, "Actual Max Total Time": 1429.447, "Plans": [{"Node Type": "Aggregate", "Strategy": "Plain", "Parent Relationship": "Outer", "Startup Cost": 287566.27, "Total Cost": 287566.28, "Plan Rows": 1, "Plan Width": 97, "Actual Min Startup Time": 1046.427, "Actual Max Startup Time": 1225.524, "Actual Min Total Time": 1046.427, "Actual Max Total Time": 1225.525, "Plans": [{"Node Type": "Hash Join", "Parent Relationship": "Outer", "Join Type": "Inner", "Startup Cost": 142621.96, "Total Cost": 285780.78, "Plan Rows": 357098, "Plan Width": 33, "Actual Min Startup Time": 657.95, "Actual Max Startup Time": 846.411, "Actual Min Total Time": 1031.721, "Actual Max Total Time": 1217.172, "Inner Unique": true, "Hash Cond": "(an1.person_id = n1.id), (LLVM Optimized, Jit Execute)", "Plans": [{"Node Type": "Streaming(type: LOCAL REDISTRIBUTE dop: 16/16)", "Parent Relationship": "Outer", "Startup Cost": 126464.14, "Total Cost": 269316.07, "Plan Rows": 357098, "Plan Width": 41, "Actual Min Startup Time": 138.252, "Actual Max Startup Time": 161.278, "Actual Min Total Time": 500.465, "Actual Max Total Time": 521.157, "Plans": [{"Node Type": "Hash Join", "Parent Relationship": "Outer", "Join Type": "Inner", "Startup Cost": 126464.14, "Total Cost": 252963.01, "Plan Rows": 357098, "Plan Width": 41, "Actual Min Startup Time": 650.282, "Actual Max Startup Time": 827.406, "Actual Min Total Time": 1018.2, "Actual Max Total Time": 1197.69, "Inner Unique": true, "Hash Cond": "(ci.movie_id = t.id), (LLVM Optimized, Jit Execute)", "Plans": [{"Node Type": "Streaming(type: LOCAL REDISTRIBUTE dop: 16/16)", "Parent Relationship": "Outer", "Startup Cost": 113655.34, "Total Cost": 239847.25, "Plan Rows": 357379, "Plan Width": 32, "Actual Min Startup Time": 284.581, "Actual Max Startup Time": 292.563, "Actual Min Total Time": 643.034, "Actual Max Total Time": 653.83, "Plans": [{"Node Type": "Hash Join", "Parent Relationship": "Outer", "Join Type": "Inner", "Startup Cost": 113655.34, "Total Cost": 223493.12, "Plan Rows": 357379, "Plan Width": 32, "Actual Min Startup Time": 656.508, "Actual Max Startup Time": 864.813, "Actual Min Total Time": 976.219, "Actual Max Total Time": 1211.51, "Inner Unique": false, "Hash Cond": "(ci.person_id = an1.person_id), (LLVM Optimized, Jit Execute)", "Plans": [{"Node Type": "Streaming(type: LOCAL REDISTRIBUTE dop: 16/16)", "Parent Relationship": "Outer", "Startup Cost": 104286.28, "Total Cost": 212931.86, "Plan Rows": 711018, "Plan Width": 12, "Actual Min Startup Time": 516.593, "Actual Max Startup Time": 530.476, "Actual Min Total Time": 825.032, "Actual Max Total Time": 876.688, "Plans": [{"Node Type": "Hash Join", "Parent Relationship": "Outer", "Join Type": "Inner", "Startup Cost": 104286.28, "Total Cost": 195237.77, "Plan Rows": 711018, "Plan Width": 12, "Actual Min Startup Time": 655.48, "Actual Max Startup Time": 884.626, "Actual Min Total Time": 967.321, "Actual Max Total Time": 1196.253, "Inner Unique": false, "Hash Cond": "(ci.movie_id = mc.movie_id), (LLVM Optimized, Jit Execute)", "Plans": [{"Node Type": "Streaming(type: LOCAL REDISTRIBUTE dop: 16/16)", "Parent Relationship": "Outer", "Startup Cost": 15001.51, "Total Cost": 102848.74, "Plan Rows": 3296318, "Plan Width": 8, "Actual Min Startup Time": 0.062, "Actual Max Startup Time": 0.846, "Actual Min Total Time": 293.775, "Actual Max Total Time": 312.773, "Plans": [{"Node Type": "Hash Join", "Parent Relationship": "Outer", "Join Type": "Inner", "Startup Cost": 15001.51, "Total Cost": 75358.79, "Plan Rows": 3296318, "Plan Width": 8, "Actual Min Startup Time": 729.862, "Actual Max Startup Time": 782.989, "Actual Min Total Time": 934.617, "Actual Max Total Time": 992.529, "Inner Unique": true, "Hash Cond": "(ci.role_id = rt.id), (LLVM Optimized, Jit Execute)", "Plans": [{"Node Type": "Seq Scan", "Parent Relationship": "Outer", "Relation Name": "cast_info", "Alias": "ci", "Startup Cost": 0.0, "Total Cost": 52617.37, "Plan Rows": 36259494, "Plan Width": 12, "Actual Min Startup Time": 0.029, "Actual Max Startup Time": 0.042, "Actual Min Total Time": 515.441, "Actual Max Total Time": 569.135, "Actual Rows": 36244343}, {"Node Type": "Hash", "Parent Relationship": "Inner", "Startup Cost": 15001.5, "Total Cost": 15001.5, "Plan Rows": 16, "Plan Width": 4, "Actual Min Startup Time": 0.012, "Actual Max Startup Time": 11.903, "Actual Min Total Time": 0.012, "Actual Max Total Time": 11.903, "Max Hash Buckets": 32768, "Min Hash Buckets": 32768, "Max Hash Batches": 1, "Min Hash Batches": 1, "Max Original Hash Batches": 1, "Min Original Hash Batches": 1, "Max Peak Memory Usage": 1, "min Peak Memory Usage": 1, "Plans": [{"Node Type": "Streaming(type: BROADCAST dop: 16/1)", "Parent Relationship": "Outer", "Startup Cost": 0.0, "Total Cost": 15001.5, "Plan Rows": 16, "Plan Width": 4, "Actual Min Startup Time": 0.004, "Actual Max Startup Time": 11.888, "Actual Min Total Time": 0.004, "Actual Max Total Time": 11.889, "Plans": [{"Node Type": "Seq Scan", "Parent Relationship": "Outer", "Relation Name": "role_type", "Alias": "rt", "Startup Cost": 0.0, "Total Cost": 1.15, "Plan Rows": 1, "Plan Width": 4, "Actual Min Startup Time": 0.025, "Actual Max Startup Time": 0.025, "Actual Min Total Time": 0.027, "Actual Max Total Time": 0.027, "Filter": "((role)::text = 'costume designer'::text)", "Rows Removed by Filter": 11, "Actual Rows": 1}], "Actual Rows": 16}], "Actual Rows": 16}], "Actual Rows": 276403}], "Actual Rows": 276403}, {"Node Type": "Hash", "Parent Relationship": "Inner", "Startup Cost": 88282.97, "Total Cost": 88282.97, "Plan Rows": 1282311, "Plan Width": 4, "Actual Min Startup Time": 655.204, "Actual Max Startup Time": 884.113, "Actual Min Total Time": 655.204, "Actual Max Total Time": 884.113, "Max Hash Buckets": 131072, "Min Hash Buckets": 131072, "Max Hash Batches": 1, "Min Hash Batches": 1, "Max Original Hash Batches": 1, "Min Original Hash Batches": 1, "Max Peak Memory Usage": 2542, "min Peak Memory Usage": 2542, "Plans": [{"Node Type": "Streaming(type: LOCAL REDISTRIBUTE dop: 16/16)", "Parent Relationship": "Outer", "Startup Cost": 24511.53, "Total Cost": 88282.97, "Plan Rows": 1282311, "Plan Width": 4, "Actual Min Startup Time": 186.112, "Actual Max Startup Time": 414.758, "Actual Min Total Time": 627.769, "Actual Max Total Time": 863.493, "Plans": [{"Node Type": "Hash Join", "Parent Relationship": "Outer", "Join Type": "Inner", "Startup Cost": 24511.53, "Total Cost": 68424.21, "Plan Rows": 1282311, "Plan Width": 4, "Actual Min Startup Time": 176.757, "Actual Max Startup Time": 400.58, "Actual Min Total Time": 517.522, "Actual Max Total Time": 794.956, "Inner Unique": true, "Hash Cond": "(mc.company_id = cn.id), (LLVM Optimized, Jit Execute)", "Plans": [{"Node Type": "Streaming(type: LOCAL REDISTRIBUTE dop: 16/16)", "Parent Relationship": "Outer", "Startup Cost": 0.0, "Total Cost": 42499.73, "Plan Rows": 2609128, "Plan Width": 8, "Actual Min Startup Time": 0.062, "Actual Max Startup Time": 1.791, "Actual Min Total Time": 265.249, "Actual Max Total Time": 357.061, "Plans": [{"Node Type": "Seq Scan", "Parent Relationship": "Outer", "Relation Name": "movie_companies", "Alias": "mc", "Startup Cost": 0.0, "Total Cost": 17613.58, "Plan Rows": 2609128, "Plan Width": 8, "Actual Min Startup Time": 0.026, "Actual Max Startup Time": 0.044, "Actual Min Total Time": 42.83, "Actual Max Total Time": 51.451, "Actual Rows": 2609128}], "Actual Rows": 2609128}, {"Node Type": "Hash", "Parent Relationship": "Inner", "Startup Cost": 24444.99, "Total Cost": 24444.99, "Plan Rows": 85170, "Plan Width": 4, "Actual Min Startup Time": 176.63, "Actual Max Startup Time": 399.346, "Actual Min Total Time": 176.63, "Actual Max Total Time": 399.346, "Max Hash Buckets": 32768, "Min Hash Buckets": 32768, "Max Hash Batches": 1, "Min Hash Batches": 1, "Max Original Hash Batches": 1, "Min Original Hash Batches": 1, "Max Peak Memory Usage": 182, "min Peak Memory Usage": 182, "Plans": [{"Node Type": "Streaming(type: LOCAL REDISTRIBUTE dop: 16/1)", "Parent Relationship": "Outer", "Startup Cost": 0.0, "Total Cost": 24444.99, "Plan Rows": 85170, "Plan Width": 4, "Actual Min Startup Time": 0.035, "Actual Max Startup Time": 218.603, "Actual Min Total Time": 174.868, "Actual Max Total Time": 397.632, "Plans": [{"Node Type": "Seq Scan", "Parent Relationship": "Outer", "Relation Name": "company_name", "Alias": "cn", "Startup Cost": 0.0, "Total Cost": 5903.45, "Plan Rows": 85170, "Plan Width": 4, "Actual Min Startup Time": 0.038, "Actual Max Startup Time": 0.038, "Actual Min Total Time": 94.596, "Actual Max Total Time": 94.596, "Filter": "((country_code)::text = '[us]'::text)", "Rows Removed by Filter": 150153, "Actual Rows": 84843}], "Actual Rows": 84843}], "Actual Rows": 84843}], "Actual Rows": 1153797}], "Actual Rows": 1153797}], "Actual Rows": 1153797}], "Actual Rows": 285537}], "Actual Rows": 285537}, {"Node Type": "Hash", "Parent Relationship": "Inner", "Startup Cost": 34659.52, "Total Cost": 34659.52, "Plan Rows": 901342, "Plan Width": 20, "Actual Min Startup Time": 129.879, "Actual Max Startup Time": 348.156, "Actual Min Total Time": 129.879, "Actual Max Total Time": 348.156, "Max Hash Buckets": 65536, "Min Hash Buckets": 65536, "Max Hash Batches": 1, "Min Hash Batches": 1, "Max Original Hash Batches": 1, "Min Original Hash Batches": 1, "Max Peak Memory Usage": 2981, "min Peak Memory Usage": 2981, "Plans": [{"Node Type": "Streaming(type: LOCAL REDISTRIBUTE dop: 16/16)", "Parent Relationship": "Outer", "Startup Cost": 0.0, "Total Cost": 34659.52, "Plan Rows": 901342, "Plan Width": 20, "Actual Min Startup Time": 0.048, "Actual Max Startup Time": 211.292, "Actual Min Total Time": 113.469, "Actual Max Total Time": 331.199, "Plans": [{"Node Type": "Seq Scan", "Parent Relationship": "Outer", "Relation Name": "aka_name", "Alias": "an1", "Startup Cost": 0.0, "Total Cost": 16244.28, "Plan Rows": 901342, "Plan Width": 20, "Actual Min Startup Time": 0.02, "Actual Max Startup Time": 0.037, "Actual Min Total Time": 16.899, "Actual Max Total Time": 20.777, "Actual Rows": 901342}], "Actual Rows": 901342}], "Actual Rows": 901342}], "Actual Rows": 323005}], "Actual Rows": 323005}, {"Node Type": "Hash", "Parent Relationship": "Inner", "Startup Cost": 43334.25, "Total Cost": 43334.25, "Plan Rows": 2528311, "Plan Width": 21, "Actual Min Startup Time": 361.928, "Actual Max Startup Time": 536.694, "Actual Min Total Time": 361.928, "Actual Max Total Time": 536.694, "Max Hash Buckets": 262144, "Min Hash Buckets": 262144, "Max Hash Batches": 1, "Min Hash Batches": 1, "Max Original Hash Batches": 1, "Min Original Hash Batches": 1, "Max Peak Memory Usage": 8518, "min Peak Memory Usage": 8518, "Plans": [{"Node Type": "Streaming(type: LOCAL REDISTRIBUTE dop: 16/16)", "Parent Relationship": "Outer", "Startup Cost": 0.0, "Total Cost": 43334.25, "Plan Rows": 2528311, "Plan Width": 21, "Actual Min Startup Time": 0.052, "Actual Max Startup Time": 29.929, "Actual Min Total Time": 291.244, "Actual Max Total Time": 484.112, "Plans": [{"Node Type": "Seq Scan", "Parent Relationship": "Outer", "Relation Name": "title", "Alias": "t", "Startup Cost": 0.0, "Total Cost": 18754.32, "Plan Rows": 2528311, "Plan Width": 21, "Actual Min Startup Time": 0.018, "Actual Max Startup Time": 0.034, "Actual Min Total Time": 48.948, "Actual Max Total Time": 58.428, "Actual Rows": 2528311}], "Actual Rows": 2528311}], "Actual Rows": 2528311}], "Actual Rows": 323005}], "Actual Rows": 323005}, {"Node Type": "Hash", "Parent Relationship": "Inner", "Startup Cost": 51607.87, "Total Cost": 51607.87, "Plan Rows": 4167490, "Plan Width": 4, "Actual Min Startup Time": 514.494, "Actual Max Startup Time": 693.507, "Actual Min Total Time": 514.494, "Actual Max Total Time": 693.507, "Max Hash Buckets": 262144, "Min Hash Buckets": 262144, "Max Hash Batches": 1, "Min Hash Batches": 1, "Max Original Hash Batches": 1, "Min Original Hash Batches": 1, "Max Peak Memory Usage": 9174, "min Peak Memory Usage": 9174, "Plans": [{"Node Type": "Streaming(type: LOCAL REDISTRIBUTE dop: 16/16)", "Parent Relationship": "Outer", "Startup Cost": 0.0, "Total Cost": 51607.87, "Plan Rows": 4167490, "Plan Width": 4, "Actual Min Startup Time": 0.053, "Actual Max Startup Time": 140.533, "Actual Min Total Time": 409.113, "Actual Max Total Time": 612.992, "Plans": [{"Node Type": "Seq Scan", "Parent Relationship": "Outer", "Relation Name": "name", "Alias": "n1", "Startup Cost": 0.0, "Total Cost": 20816.99, "Plan Rows": 4167490, "Plan Width": 4, "Actual Min Startup Time": 0.017, "Actual Max Startup Time": 0.034, "Actual Min Total Time": 74.859, "Actual Max Total Time": 86.06, "Actual Rows": 4167490}], "Actual Rows": 4167490}], "Actual Rows": 4167490}], "Actual Rows": 323005}], "Actual Rows": 16}], "Actual Rows": 16}], "Actual Rows": 1}, "Triggers": [], "Planner Runtime": 195.615, "Total Runtime": 1475.961, "Unique SQL Id": 2457761703}}, "(16, '37')": {"explain_plan": {"Plan": {"Node Type": "Aggregate", "Strategy": "Plain", "Startup Cost": 1403521.5, "Total Cost": 1403521.52, "Plan Rows": 1, "Plan Width": 97, "Plans": [{"Node Type": "Streaming(type: LOCAL GATHER dop: 1/16)", "Parent Relationship": "Outer", "Startup Cost": 1403521.5, "Total Cost": 1403521.52, "Plan Rows": 1, "Plan Width": 97, "Plans": [{"Node Type": "Aggregate", "Strategy": "Plain", "Parent Relationship": "Outer", "Startup Cost": 1403521.5, "Total Cost": 1403521.51, "Plan Rows": 1, "Plan Width": 97, "Plans": [{"Node Type": "Hash Join", "Parent Relationship": "Outer", "Join Type": "Inner", "Startup Cost": 1181725.83, "Total Cost": 1401736.01, "Plan Rows": 357098, "Plan Width": 33, "Inner Unique": true, "Hash Cond": "(ci.movie_id = t.id), (LLVM Optimized)", "Plans": [{"Node Type": "Streaming(type: LOCAL REDISTRIBUTE dop: 16/16)", "Parent Relationship": "Outer", "Startup Cost": 1148251.22, "Total Cost": 1367954.44, "Plan Rows": 357379, "Plan Width": 24, "Plans": [{"Node Type": "Hash Join", "Parent Relationship": "Outer", "Join Type": "Inner", "Startup Cost": 1148251.22, "Total Cost": 1351600.31, "Plan Rows": 357379, "Plan Width": 24, "Inner Unique": false, "Hash Cond": "(n1.id = an1.person_id), (LLVM Optimized)", "Plans": [{"Node Type": "Streaming(type: LOCAL REDISTRIBUTE dop: 16/16)", "Parent Relationship": "Outer", "Startup Cost": 1125291.96, "Total Cost": 1327448.82, "Plan Rows": 711018, "Plan Width": 16, "Plans": [{"Node Type": "Hash Join", "Parent Relationship": "Outer", "Join Type": "Inner", "Startup Cost": 1125291.96, "Total Cost": 1309754.73, "Plan Rows": 711018, "Plan Width": 16, "Inner Unique": true, "Hash Cond": "(ci.person_id = n1.id), (LLVM Optimized)", "Plans": [{"Node Type": "Streaming(type: LOCAL REDISTRIBUTE dop: 16/16)", "Parent Relationship": "Outer", "Startup Cost": 1076297.75, "Total Cost": 1260149.49, "Plan Rows": 711018, "Plan Width": 12, "Plans": [{"Node Type": "Hash Join", "Parent Relationship": "Outer", "Join Type": "Inner", "Startup Cost": 1076297.75, "Total Cost": 1242455.4, "Plan Rows": 711018, "Plan Width": 12, "Inner Unique": true, "Hash Cond": "(mc.company_id = cn.id), (LLVM Optimized)", "Plans": [{"Node Type": "Streaming(type: LOCAL REDISTRIBUTE dop: 16/16)", "Parent Relationship": "Outer", "Startup Cost": 1069419.83, "Total Cost": 1234794.01, "Plan Rows": 1446714, "Plan Width": 16, "Plans": [{"Node Type": "Hash Join", "Parent Relationship": "Outer", "Join Type": "Inner", "Startup Cost": 1069419.83, "Total Cost": 1214312.32, "Plan Rows": 1446714, "Plan Width": 16, "Inner Unique": false, "Hash Cond": "(mc.movie_id = ci.movie_id), (LLVM Optimized)", "Plans": [{"Node Type": "Streaming(type: LOCAL REDISTRIBUTE dop: 16/16)", "Parent Relationship": "Outer", "Startup Cost": 0.0, "Total Cost": 139099.07, "Plan Rows": 2609128, "Plan Width": 8, "Plans": [{"Node Type": "Index Scan", "Parent Relationship": "Outer", "Scan Direction": "Forward", "Index Name": "company_id_movie_companies", "Relation Name": "movie_companies", "Alias": "mc", "Startup Cost": 0.0, "Total Cost": 114212.92, "Plan Rows": 2609128, "Plan Width": 8}]}, {"Node Type": "Hash", "Parent Relationship": "Inner", "Startup Cost": 1066844.59, "Total Cost": 1066844.59, "Plan Rows": 3296318, "Plan Width": 8, "Plans": [{"Node Type": "Streaming(type: LOCAL REDISTRIBUTE dop: 16/16)", "Parent Relationship": "Outer", "Startup Cost": 15012.82, "Total Cost": 1066844.59, "Plan Rows": 3296318, "Plan Width": 8, "Plans": [{"Node Type": "Hash Join", "Parent Relationship": "Outer", "Join Type": "Inner", "Startup Cost": 15012.82, "Total Cost": 1039354.63, "Plan Rows": 3296318, "Plan Width": 8, "Inner Unique": true, "Hash Cond": "(ci.role_id = rt.id), (LLVM Optimized)", "Plans": [{"Node Type": "Index Scan", "Parent Relationship": "Outer", "Scan Direction": "Forward", "Index Name": "role_id_cast_info", "Relation Name": "cast_info", "Alias": "ci", "Startup Cost": 0.0, "Total Cost": 1016601.9, "Plan Rows": 36259494, "Plan Width": 12}, {"Node Type": "Hash", "Parent Relationship": "Inner", "Startup Cost": 15012.81, "Total Cost": 15012.81, "Plan Rows": 16, "Plan Width": 4, "Plans": [{"Node Type": "Streaming(type: BROADCAST dop: 16/1)", "Parent Relationship": "Outer", "Startup Cost": 0.0, "Total Cost": 15012.81, "Plan Rows": 16, "Plan Width": 4, "Plans": [{"Node Type": "Index Scan", "Parent Relationship": "Outer", "Scan Direction": "Forward", "Index Name": "role_type_pkey", "Relation Name": "role_type", "Alias": "rt", "Startup Cost": 0.0, "Total Cost": 12.46, "Plan Rows": 1, "Plan Width": 4, "Filter": "((role)::text = 'costume designer'::text)"}]}]}]}]}]}]}]}, {"Node Type": "Hash", "Parent Relationship": "Inner", "Startup Cost": 27245.51, "Total Cost": 27245.51, "Plan Rows": 85170, "Plan Width": 4, "Plans": [{"Node Type": "Streaming(type: LOCAL REDISTRIBUTE dop: 16/1)", "Parent Relationship": "Outer", "Startup Cost": 2800.52, "Total Cost": 27245.51, "Plan Rows": 85170, "Plan Width": 4, "Plans": [{"Node Type": "Bitmap Heap Scan", "Parent Relationship": "Outer", "Relation Name": "company_name", "Alias": "cn", "Startup Cost": 2800.52, "Total Cost": 8703.97, "Plan Rows": 85170, "Plan Width": 4, "Filter": "((country_code)::text = '[us]'::text)", "Plans": [{"Node Type": "Bitmap Index Scan", "Parent Relationship": "Outer", "Index Name": "company_name_pkey", "Startup Cost": 0.0, "Total Cost": 2779.23, "Plan Rows": 234996, "Plan Width": 0}]}]}]}]}]}, {"Node Type": "Hash", "Parent Relationship": "Inner", "Startup Cost": 182953.41, "Total Cost": 182953.41, "Plan Rows": 4167490, "Plan Width": 4, "Plans": [{"Node Type": "Streaming(type: LOCAL REDISTRIBUTE dop: 16/16)", "Parent Relationship": "Outer", "Startup Cost": 0.0, "Total Cost": 182953.41, "Plan Rows": 4167490, "Plan Width": 4, "Plans": [{"Node Type": "Index Scan", "Parent Relationship": "Outer", "Scan Direction": "Forward", "Index Name": "name_pkey", "Relation Name": "name", "Alias": "n1", "Startup Cost": 0.0, "Total Cost": 152162.53, "Plan Rows": 4167490, "Plan Width": 4}]}]}]}]}, {"Node Type": "Hash", "Parent Relationship": "Inner", "Startup Cost": 89020.35, "Total Cost": 89020.35, "Plan Rows": 901342, "Plan Width": 20, "Plans": [{"Node Type": "Streaming(type: LOCAL REDISTRIBUTE dop: 16/1)", "Parent Relationship": "Outer", "Startup Cost": 16632.3, "Total Cost": 89020.35, "Plan Rows": 901342, "Plan Width": 20, "Plans": [{"Node Type": "Bitmap Heap Scan", "Parent Relationship": "Outer", "Relation Name": "aka_name", "Alias": "an1", "Startup Cost": 16632.3, "Total Cost": 36540.72, "Plan Rows": 901342, "Plan Width": 20, "Plans": [{"Node Type": "Bitmap Index Scan", "Parent Relationship": "Outer", "Index Name": "person_id_aka_name", "Startup Cost": 0.0, "Total Cost": 16406.96, "Plan Rows": 901342, "Plan Width": 0}]}]}]}]}]}, {"Node Type": "Hash", "Parent Relationship": "Inner", "Startup Cost": 125997.5, "Total Cost": 125997.5, "Plan Rows": 2528311, "Plan Width": 21, "Plans": [{"Node Type": "Streaming(type: LOCAL REDISTRIBUTE dop: 16/16)", "Parent Relationship": "Outer", "Startup Cost": 0.0, "Total Cost": 125997.5, "Plan Rows": 2528311, "Plan Width": 21, "Plans": [{"Node Type": "Index Scan", "Parent Relationship": "Outer", "Scan Direction": "Forward", "Index Name": "title_pkey", "Relation Name": "title", "Alias": "t", "Startup Cost": 0.0, "Total Cost": 101417.57, "Plan Rows": 2528311, "Plan Width": 21}]}]}]}]}]}]}, "Unique SQL Id": 2457761703, "Planner Runtime": 165}, "explain_analyze_plan": {"Plan": {"Node Type": "Aggregate", "Strategy": "Plain", "Startup Cost": 1403521.5, "Total Cost": 1403521.52, "Plan Rows": 1, "Plan Width": 97, "Actual Min Startup Time": 3381.189, "Actual Max Startup Time": 3381.189, "Actual Min Total Time": 3381.189, "Actual Max Total Time": 3381.189, "Plans": [{"Node Type": "Streaming(type: LOCAL GATHER dop: 1/16)", "Parent Relationship": "Outer", "Startup Cost": 1403521.5, "Total Cost": 1403521.52, "Plan Rows": 1, "Plan Width": 97, "Actual Min Startup Time": 3379.633, "Actual Max Startup Time": 3379.633, "Actual Min Total Time": 3381.142, "Actual Max Total Time": 3381.142, "Plans": [{"Node Type": "Aggregate", "Strategy": "Plain", "Parent Relationship": "Outer", "Startup Cost": 1403521.5, "Total Cost": 1403521.51, "Plan Rows": 1, "Plan Width": 97, "Actual Min Startup Time": 2775.576, "Actual Max Startup Time": 3095.11, "Actual Min Total Time": 2775.576, "Actual Max Total Time": 3095.11, "Plans": [{"Node Type": "Hash Join", "Parent Relationship": "Outer", "Join Type": "Inner", "Startup Cost": 1181725.83, "Total Cost": 1401736.01, "Plan Rows": 357098, "Plan Width": 33, "Actual Min Startup Time": 2254.858, "Actual Max Startup Time": 2576.013, "Actual Min Total Time": 2766.221, "Actual Max Total Time": 3085.463, "Inner Unique": true, "Hash Cond": "(ci.movie_id = t.id), (LLVM Optimized, Jit Execute)", "Plans": [{"Node Type": "Streaming(type: LOCAL REDISTRIBUTE dop: 16/16)", "Parent Relationship": "Outer", "Startup Cost": 1148251.22, "Total Cost": 1367954.44, "Plan Rows": 357379, "Plan Width": 24, "Actual Min Startup Time": 1637.895, "Actual Max Startup Time": 1649.412, "Actual Min Total Time": 2141.932, "Actual Max Total Time": 2146.067, "Plans": [{"Node Type": "Hash Join", "Parent Relationship": "Outer", "Join Type": "Inner", "Startup Cost": 1148251.22, "Total Cost": 1351600.31, "Plan Rows": 357379, "Plan Width": 24, "Actual Min Startup Time": 2233.387, "Actual Max Startup Time": 2447.268, "Actual Min Total Time": 2745.181, "Actual Max Total Time": 2960.962, "Inner Unique": false, "Hash Cond": "(n1.id = an1.person_id), (LLVM Optimized, Jit Execute)", "Plans": [{"Node Type": "Streaming(type: LOCAL REDISTRIBUTE dop: 16/16)", "Parent Relationship": "Outer", "Startup Cost": 1125291.96, "Total Cost": 1327448.82, "Plan Rows": 711018, "Plan Width": 16, "Actual Min Startup Time": 1203.993, "Actual Max Startup Time": 1222.356, "Actual Min Total Time": 1688.34, "Actual Max Total Time": 1726.22, "Plans": [{"Node Type": "Hash Join", "Parent Relationship": "Outer", "Join Type": "Inner", "Startup Cost": 1125291.96, "Total Cost": 1309754.73, "Plan Rows": 711018, "Plan Width": 16, "Actual Min Startup Time": 2232.236, "Actual Max Startup Time": 2443.443, "Actual Min Total Time": 2760.092, "Actual Max Total Time": 2964.165, "Inner Unique": true, "Hash Cond": "(ci.person_id = n1.id), (LLVM Optimized, Jit Execute)", "Plans": [{"Node Type": "Streaming(type: LOCAL REDISTRIBUTE dop: 16/16)", "Parent Relationship": "Outer", "Startup Cost": 1076297.75, "Total Cost": 1260149.49, "Plan Rows": 711018, "Plan Width": 12, "Actual Min Startup Time": 1573.463, "Actual Max Startup Time": 1591.83, "Actual Min Total Time": 2080.989, "Actual Max Total Time": 2099.345, "Plans": [{"Node Type": "Hash Join", "Parent Relationship": "Outer", "Join Type": "Inner", "Startup Cost": 1076297.75, "Total Cost": 1242455.4, "Plan Rows": 711018, "Plan Width": 12, "Actual Min Startup Time": 2226.327, "Actual Max Startup Time": 2633.229, "Actual Min Total Time": 2746.364, "Actual Max Total Time": 3154.215, "Inner Unique": true, "Hash Cond": "(mc.company_id = cn.id), (LLVM Optimized, Jit Execute)", "Plans": [{"Node Type": "Streaming(type: LOCAL REDISTRIBUTE dop: 16/16)", "Parent Relationship": "Outer", "Startup Cost": 1069419.83, "Total Cost": 1234794.01, "Plan Rows": 1446714, "Plan Width": 16, "Actual Min Startup Time": 2041.14, "Actual Max Startup Time": 2066.752, "Actual Min Total Time": 2538.616, "Actual Max Total Time": 2560.451, "Plans": [{"Node Type": "Hash Join", "Parent Relationship": "Outer", "Join Type": "Inner", "Startup Cost": 1069419.83, "Total Cost": 1214312.32, "Plan Rows": 1446714, "Plan Width": 16, "Actual Min Startup Time": 2224.002, "Actual Max Startup Time": 2604.425, "Actual Min Total Time": 2709.247, "Actual Max Total Time": 3082.901, "Inner Unique": false, "Hash Cond": "(mc.movie_id = ci.movie_id), (LLVM Optimized, Jit Execute)", "Plans": [{"Node Type": "Streaming(type: LOCAL REDISTRIBUTE dop: 16/16)", "Parent Relationship": "Outer", "Startup Cost": 0.0, "Total Cost": 139099.07, "Plan Rows": 2609128, "Plan Width": 8, "Actual Min Startup Time": 0.068, "Actual Max Startup Time": 0.369, "Actual Min Total Time": 416.435, "Actual Max Total Time": 440.57, "Plans": [{"Node Type": "Index Scan", "Parent Relationship": "Outer", "Scan Direction": "Forward", "Index Name": "company_id_movie_companies", "Relation Name": "movie_companies", "Alias": "mc", "Startup Cost": 0.0, "Total Cost": 114212.92, "Plan Rows": 2609128, "Plan Width": 8, "Actual Min Startup Time": 0.052, "Actual Max Startup Time": 31.391, "Actual Min Total Time": 169.24, "Actual Max Total Time": 356.507, "Actual Rows": 2609128}], "Actual Rows": 2609128}, {"Node Type": "Hash", "Parent Relationship": "Inner", "Startup Cost": 1066844.59, "Total Cost": 1066844.59, "Plan Rows": 3296318, "Plan Width": 8, "Actual Min Startup Time": 2223.69, "Actual Max Startup Time": 2604.099, "Actual Min Total Time": 2223.69, "Actual Max Total Time": 2604.099, "Max Hash Buckets": 262144, "Min Hash Buckets": 262144, "Max Hash Batches": 1, "Min Hash Batches": 1, "Max Original Hash Batches": 1, "Min Original Hash Batches": 1, "Max Peak Memory Usage": 677, "min Peak Memory Usage": 677, "Plans": [{"Node Type": "Streaming(type: LOCAL REDISTRIBUTE dop: 16/16)", "Parent Relationship": "Outer", "Startup Cost": 15012.82, "Total Cost": 1066844.59, "Plan Rows": 3296318, "Plan Width": 8, "Actual Min Startup Time": 1298.314, "Actual Max Startup Time": 1678.876, "Actual Min Total Time": 2218.732, "Actual Max Total Time": 2599.079, "Plans": [{"Node Type": "Hash Join", "Parent Relationship": "Outer", "Join Type": "Inner", "Startup Cost": 15012.82, "Total Cost": 1039354.63, "Plan Rows": 3296318, "Plan Width": 8, "Actual Min Startup Time": 1292.632, "Actual Max Startup Time": 2214.072, "Actual Min Total Time": 1903.719, "Actual Max Total Time": 2214.072, "Inner Unique": true, "Hash Cond": "(ci.role_id = rt.id), (LLVM Optimized, Jit Execute)", "Plans": [{"Node Type": "Index Scan", "Parent Relationship": "Outer", "Scan Direction": "Forward", "Index Name": "role_id_cast_info", "Relation Name": "cast_info", "Alias": "ci", "Startup Cost": 0.0, "Total Cost": 1016601.9, "Plan Rows": 36259494, "Plan Width": 12, "Actual Min Startup Time": 376.541, "Actual Max Startup Time": 600.419, "Actual Min Total Time": 1486.492, "Actual Max Total Time": 1797.301, "Actual Rows": 36244343}, {"Node Type": "Hash", "Parent Relationship": "Inner", "Startup Cost": 15012.81, "Total Cost": 15012.81, "Plan Rows": 16, "Plan Width": 4, "Actual Min Startup Time": 0.01, "Actual Max Startup Time": 120.88, "Actual Min Total Time": 0.01, "Actual Max Total Time": 120.88, "Max Hash Buckets": 32768, "Min Hash Buckets": 32768, "Max Hash Batches": 1, "Min Hash Batches": 1, "Max Original Hash Batches": 1, "Min Original Hash Batches": 1, "Max Peak Memory Usage": 1, "min Peak Memory Usage": 1, "Plans": [{"Node Type": "Streaming(type: BROADCAST dop: 16/1)", "Parent Relationship": "Outer", "Startup Cost": 0.0, "Total Cost": 15012.81, "Plan Rows": 16, "Plan Width": 4, "Actual Min Startup Time": 0.005, "Actual Max Startup Time": 120.864, "Actual Min Total Time": 0.005, "Actual Max Total Time": 120.866, "Plans": [{"Node Type": "Index Scan", "Parent Relationship": "Outer", "Scan Direction": "Forward", "Index Name": "role_type_pkey", "Relation Name": "role_type", "Alias": "rt", "Startup Cost": 0.0, "Total Cost": 12.46, "Plan Rows": 1, "Plan Width": 4, "Actual Min Startup Time": 0.032, "Actual Max Startup Time": 0.032, "Actual Min Total Time": 0.035, "Actual Max Total Time": 0.035, "Filter": "((role)::text = 'costume designer'::text)", "Rows Removed by Filter": 11, "Actual Rows": 1}], "Actual Rows": 16}], "Actual Rows": 16}], "Actual Rows": 276403}], "Actual Rows": 276403}], "Actual Rows": 276403}], "Actual Rows": 794590}], "Actual Rows": 794590}, {"Node Type": "Hash", "Parent Relationship": "Inner", "Startup Cost": 27245.51, "Total Cost": 27245.51, "Plan Rows": 85170, "Plan Width": 4, "Actual Min Startup Time": 181.622, "Actual Max Startup Time": 583.494, "Actual Min Total Time": 181.622, "Actual Max Total Time": 583.494, "Max Hash Buckets": 32768, "Min Hash Buckets": 32768, "Max Hash Batches": 1, "Min Hash Batches": 1, "Max Original Hash Batches": 1, "Min Original Hash Batches": 1, "Max Peak Memory Usage": 182, "min Peak Memory Usage": 182, "Plans": [{"Node Type": "Streaming(type: LOCAL REDISTRIBUTE dop: 16/1)", "Parent Relationship": "Outer", "Startup Cost": 2800.52, "Total Cost": 27245.51, "Plan Rows": 85170, "Plan Width": 4, "Actual Min Startup Time": 0.036, "Actual Max Startup Time": 398.477, "Actual Min Total Time": 179.866, "Actual Max Total Time": 582.044, "Plans": [{"Node Type": "Bitmap Heap Scan", "Parent Relationship": "Outer", "Relation Name": "company_name", "Alias": "cn", "Startup Cost": 2800.52, "Total Cost": 8703.97, "Plan Rows": 85170, "Plan Width": 4, "Actual Min Startup Time": 22.961, "Actual Max Startup Time": 22.961, "Actual Min Total Time": 141.871, "Actual Max Total Time": 141.871, "Filter": "((country_code)::text = '[us]'::text)", "Rows Removed by Filter": 150153, "Exact Heap Blocks": 0, "Lossy Heap Blocks": 0, "Plans": [{"Node Type": "Bitmap Index Scan", "Parent Relationship": "Outer", "Index Name": "company_name_pkey", "Startup Cost": 0.0, "Total Cost": 2779.23, "Plan Rows": 234996, "Plan Width": 0, "Actual Min Startup Time": 22.491, "Actual Max Startup Time": 22.491, "Actual Min Total Time": 22.491, "Actual Max Total Time": 22.491, "Actual Rows": 234996}], "Actual Rows": 84843}], "Actual Rows": 84843}], "Actual Rows": 84843}], "Actual Rows": 285537}], "Actual Rows": 285537}, {"Node Type": "Hash", "Parent Relationship": "Inner", "Startup Cost": 182953.41, "Total Cost": 182953.41, "Plan Rows": 4167490, "Plan Width": 4, "Actual Min Startup Time": 656.912, "Actual Max Startup Time": 859.204, "Actual Min Total Time": 656.912, "Actual Max Total Time": 859.204, "Max Hash Buckets": 262144, "Min Hash Buckets": 262144, "Max Hash Batches": 1, "Min Hash Batches": 1, "Max Original Hash Batches": 1, "Min Original Hash Batches": 1, "Max Peak Memory Usage": 9174, "min Peak Memory Usage": 9174, "Plans": [{"Node Type": "Streaming(type: LOCAL REDISTRIBUTE dop: 16/16)", "Parent Relationship": "Outer", "Startup Cost": 0.0, "Total Cost": 182953.41, "Plan Rows": 4167490, "Plan Width": 4, "Actual Min Startup Time": 0.054, "Actual Max Startup Time": 116.897, "Actual Min Total Time": 565.208, "Actual Max Total Time": 792.454, "Plans": [{"Node Type": "Index Scan", "Parent Relationship": "Outer", "Scan Direction": "Forward", "Index Name": "name_pkey", "Relation Name": "name", "Alias": "n1", "Startup Cost": 0.0, "Total Cost": 152162.53, "Plan Rows": 4167490, "Plan Width": 4, "Actual Min Startup Time": 80.273, "Actual Max Startup Time": 358.823, "Actual Min Total Time": 321.74, "Actual Max Total Time": 646.382, "Actual Rows": 4167490}], "Actual Rows": 4167490}], "Actual Rows": 4167490}], "Actual Rows": 285537}], "Actual Rows": 285537}, {"Node Type": "Hash", "Parent Relationship": "Inner", "Startup Cost": 89020.35, "Total Cost": 89020.35, "Plan Rows": 901342, "Plan Width": 20, "Actual Min Startup Time": 1026.713, "Actual Max Startup Time": 1238.853, "Actual Min Total Time": 1026.713, "Actual Max Total Time": 1238.853, "Max Hash Buckets": 65536, "Min Hash Buckets": 65536, "Max Hash Batches": 1, "Min Hash Batches": 1, "Max Original Hash Batches": 1, "Min Original Hash Batches": 1, "Max Peak Memory Usage": 2981, "min Peak Memory Usage": 2981, "Plans": [{"Node Type": "Streaming(type: LOCAL REDISTRIBUTE dop: 16/1)", "Parent Relationship": "Outer", "Startup Cost": 16632.3, "Total Cost": 89020.35, "Plan Rows": 901342, "Plan Width": 20, "Actual Min Startup Time": 0.031, "Actual Max Startup Time": 212.647, "Actual Min Total Time": 1009.723, "Actual Max Total Time": 1221.782, "Plans": [{"Node Type": "Bitmap Heap Scan", "Parent Relationship": "Outer", "Relation Name": "aka_name", "Alias": "an1", "Startup Cost": 16632.3, "Total Cost": 36540.72, "Plan Rows": 901342, "Plan Width": 20, "Actual Min Startup Time": 84.336, "Actual Max Startup Time": 84.336, "Actual Min Total Time": 468.863, "Actual Max Total Time": 468.863, "Exact Heap Blocks": 0, "Lossy Heap Blocks": 0, "Plans": [{"Node Type": "Bitmap Index Scan", "Parent Relationship": "Outer", "Index Name": "person_id_aka_name", "Startup Cost": 0.0, "Total Cost": 16406.96, "Plan Rows": 901342, "Plan Width": 0, "Actual Min Startup Time": 82.347, "Actual Max Startup Time": 82.347, "Actual Min Total Time": 82.347, "Actual Max Total Time": 82.347, "Actual Rows": 901342}], "Actual Rows": 901342}], "Actual Rows": 901342}], "Actual Rows": 901342}], "Actual Rows": 323005}], "Actual Rows": 323005}, {"Node Type": "Hash", "Parent Relationship": "Inner", "Startup Cost": 125997.5, "Total Cost": 125997.5, "Plan Rows": 2528311, "Plan Width": 21, "Actual Min Startup Time": 610.798, "Actual Max Startup Time": 930.285, "Actual Min Total Time": 610.798, "Actual Max Total Time": 930.285, "Max Hash Buckets": 262144, "Min Hash Buckets": 262144, "Max Hash Batches": 1, "Min Hash Batches": 1, "Max Original Hash Batches": 1, "Min Original Hash Batches": 1, "Max Peak Memory Usage": 8518, "min Peak Memory Usage": 8518, "Plans": [{"Node Type": "Streaming(type: LOCAL REDISTRIBUTE dop: 16/16)", "Parent Relationship": "Outer", "Startup Cost": 0.0, "Total Cost": 125997.5, "Plan Rows": 2528311, "Plan Width": 21, "Actual Min Startup Time": 0.055, "Actual Max Startup Time": 168.413, "Actual Min Total Time": 559.848, "Actual Max Total Time": 881.46, "Plans": [{"Node Type": "Index Scan", "Parent Relationship": "Outer", "Scan Direction": "Forward", "Index Name": "title_pkey", "Relation Name": "title", "Alias": "t", "Startup Cost": 0.0, "Total Cost": 101417.57, "Plan Rows": 2528311, "Plan Width": 21, "Actual Min Startup Time": 0.065, "Actual Max Startup Time": 33.221, "Actual Min Total Time": 258.724, "Actual Max Total Time": 470.218, "Actual Rows": 2528311}], "Actual Rows": 2528311}], "Actual Rows": 2528311}], "Actual Rows": 323005}], "Actual Rows": 16}], "Actual Rows": 16}], "Actual Rows": 1}, "Triggers": [], "Planner Runtime": 184.51, "Total Runtime": 3427.873, "Unique SQL Id": 2457761703}}, "(16, '38')": {"explain_plan": {"Plan": {"Node Type": "Aggregate", "Strategy": "Plain", "Startup Cost": 287566.27, "Total Cost": 287566.3, "Plan Rows": 1, "Plan Width": 97, "Plans": [{"Node Type": "Streaming(type: LOCAL GATHER dop: 1/16)", "Parent Relationship": "Outer", "Startup Cost": 287566.27, "Total Cost": 287566.3, "Plan Rows": 1, "Plan Width": 97, "Plans": [{"Node Type": "Aggregate", "Strategy": "Plain", "Parent Relationship": "Outer", "Startup Cost": 287566.27, "Total Cost": 287566.28, "Plan Rows": 1, "Plan Width": 97, "Plans": [{"Node Type": "Hash Join", "Parent Relationship": "Outer", "Join Type": "Inner", "Startup Cost": 142621.96, "Total Cost": 285780.78, "Plan Rows": 357098, "Plan Width": 33, "Inner Unique": true, "Hash Cond": "(an1.person_id = n1.id), (LLVM Optimized)", "Plans": [{"Node Type": "Streaming(type: LOCAL REDISTRIBUTE dop: 16/16)", "Parent Relationship": "Outer", "Startup Cost": 126464.14, "Total Cost": 269316.07, "Plan Rows": 357098, "Plan Width": 41, "Plans": [{"Node Type": "Hash Join", "Parent Relationship": "Outer", "Join Type": "Inner", "Startup Cost": 126464.14, "Total Cost": 252963.01, "Plan Rows": 357098, "Plan Width": 41, "Inner Unique": true, "Hash Cond": "(ci.movie_id = t.id), (LLVM Optimized)", "Plans": [{"Node Type": "Streaming(type: LOCAL REDISTRIBUTE dop: 16/16)", "Parent Relationship": "Outer", "Startup Cost": 113655.34, "Total Cost": 239847.25, "Plan Rows": 357379, "Plan Width": 32, "Plans": [{"Node Type": "Hash Join", "Parent Relationship": "Outer", "Join Type": "Inner", "Startup Cost": 113655.34, "Total Cost": 223493.12, "Plan Rows": 357379, "Plan Width": 32, "Inner Unique": false, "Hash Cond": "(ci.person_id = an1.person_id), (LLVM Optimized)", "Plans": [{"Node Type": "Streaming(type: LOCAL REDISTRIBUTE dop: 16/16)", "Parent Relationship": "Outer", "Startup Cost": 104286.28, "Total Cost": 212931.86, "Plan Rows": 711018, "Plan Width": 12, "Plans": [{"Node Type": "Hash Join", "Parent Relationship": "Outer", "Join Type": "Inner", "Startup Cost": 104286.28, "Total Cost": 195237.77, "Plan Rows": 711018, "Plan Width": 12, "Inner Unique": false, "Hash Cond": "(ci.movie_id = mc.movie_id), (LLVM Optimized)", "Plans": [{"Node Type": "Streaming(type: LOCAL REDISTRIBUTE dop: 16/16)", "Parent Relationship": "Outer", "Startup Cost": 15001.51, "Total Cost": 102848.74, "Plan Rows": 3296318, "Plan Width": 8, "Plans": [{"Node Type": "Hash Join", "Parent Relationship": "Outer", "Join Type": "Inner", "Startup Cost": 15001.51, "Total Cost": 75358.79, "Plan Rows": 3296318, "Plan Width": 8, "Inner Unique": true, "Hash Cond": "(ci.role_id = rt.id), (LLVM Optimized)", "Plans": [{"Node Type": "Seq Scan", "Parent Relationship": "Outer", "Relation Name": "cast_info", "Alias": "ci", "Startup Cost": 0.0, "Total Cost": 52617.37, "Plan Rows": 36259494, "Plan Width": 12}, {"Node Type": "Hash", "Parent Relationship": "Inner", "Startup Cost": 15001.5, "Total Cost": 15001.5, "Plan Rows": 16, "Plan Width": 4, "Plans": [{"Node Type": "Streaming(type: BROADCAST dop: 16/1)", "Parent Relationship": "Outer", "Startup Cost": 0.0, "Total Cost": 15001.5, "Plan Rows": 16, "Plan Width": 4, "Plans": [{"Node Type": "Seq Scan", "Parent Relationship": "Outer", "Relation Name": "role_type", "Alias": "rt", "Startup Cost": 0.0, "Total Cost": 1.15, "Plan Rows": 1, "Plan Width": 4, "Filter": "((role)::text = 'costume designer'::text)"}]}]}]}]}, {"Node Type": "Hash", "Parent Relationship": "Inner", "Startup Cost": 88282.97, "Total Cost": 88282.97, "Plan Rows": 1282311, "Plan Width": 4, "Plans": [{"Node Type": "Streaming(type: LOCAL REDISTRIBUTE dop: 16/16)", "Parent Relationship": "Outer", "Startup Cost": 24511.53, "Total Cost": 88282.97, "Plan Rows": 1282311, "Plan Width": 4, "Plans": [{"Node Type": "Hash Join", "Parent Relationship": "Outer", "Join Type": "Inner", "Startup Cost": 24511.53, "Total Cost": 68424.21, "Plan Rows": 1282311, "Plan Width": 4, "Inner Unique": true, "Hash Cond": "(mc.company_id = cn.id), (LLVM Optimized)", "Plans": [{"Node Type": "Streaming(type: LOCAL REDISTRIBUTE dop: 16/16)", "Parent Relationship": "Outer", "Startup Cost": 0.0, "Total Cost": 42499.73, "Plan Rows": 2609128, "Plan Width": 8, "Plans": [{"Node Type": "Seq Scan", "Parent Relationship": "Outer", "Relation Name": "movie_companies", "Alias": "mc", "Startup Cost": 0.0, "Total Cost": 17613.58, "Plan Rows": 2609128, "Plan Width": 8}]}, {"Node Type": "Hash", "Parent Relationship": "Inner", "Startup Cost": 24444.99, "Total Cost": 24444.99, "Plan Rows": 85170, "Plan Width": 4, "Plans": [{"Node Type": "Streaming(type: LOCAL REDISTRIBUTE dop: 16/1)", "Parent Relationship": "Outer", "Startup Cost": 0.0, "Total Cost": 24444.99, "Plan Rows": 85170, "Plan Width": 4, "Plans": [{"Node Type": "Seq Scan", "Parent Relationship": "Outer", "Relation Name": "company_name", "Alias": "cn", "Startup Cost": 0.0, "Total Cost": 5903.45, "Plan Rows": 85170, "Plan Width": 4, "Filter": "((country_code)::text = '[us]'::text)"}]}]}]}]}]}]}]}, {"Node Type": "Hash", "Parent Relationship": "Inner", "Startup Cost": 34659.52, "Total Cost": 34659.52, "Plan Rows": 901342, "Plan Width": 20, "Plans": [{"Node Type": "Streaming(type: LOCAL REDISTRIBUTE dop: 16/16)", "Parent Relationship": "Outer", "Startup Cost": 0.0, "Total Cost": 34659.52, "Plan Rows": 901342, "Plan Width": 20, "Plans": [{"Node Type": "Seq Scan", "Parent Relationship": "Outer", "Relation Name": "aka_name", "Alias": "an1", "Startup Cost": 0.0, "Total Cost": 16244.28, "Plan Rows": 901342, "Plan Width": 20}]}]}]}]}, {"Node Type": "Hash", "Parent Relationship": "Inner", "Startup Cost": 43334.25, "Total Cost": 43334.25, "Plan Rows": 2528311, "Plan Width": 21, "Plans": [{"Node Type": "Streaming(type: LOCAL REDISTRIBUTE dop: 16/16)", "Parent Relationship": "Outer", "Startup Cost": 0.0, "Total Cost": 43334.25, "Plan Rows": 2528311, "Plan Width": 21, "Plans": [{"Node Type": "Seq Scan", "Parent Relationship": "Outer", "Relation Name": "title", "Alias": "t", "Startup Cost": 0.0, "Total Cost": 18754.32, "Plan Rows": 2528311, "Plan Width": 21}]}]}]}]}, {"Node Type": "Hash", "Parent Relationship": "Inner", "Startup Cost": 51607.87, "Total Cost": 51607.87, "Plan Rows": 4167490, "Plan Width": 4, "Plans": [{"Node Type": "Streaming(type: LOCAL REDISTRIBUTE dop: 16/16)", "Parent Relationship": "Outer", "Startup Cost": 0.0, "Total Cost": 51607.87, "Plan Rows": 4167490, "Plan Width": 4, "Plans": [{"Node Type": "Seq Scan", "Parent Relationship": "Outer", "Relation Name": "name", "Alias": "n1", "Startup Cost": 0.0, "Total Cost": 20816.99, "Plan Rows": 4167490, "Plan Width": 4}]}]}]}]}]}]}, "Unique SQL Id": 2457761703, "Planner Runtime": 193}, "explain_analyze_plan": {"Plan": {"Node Type": "Aggregate", "Strategy": "Plain", "Startup Cost": 287566.27, "Total Cost": 287566.3, "Plan Rows": 1, "Plan Width": 97, "Actual Min Startup Time": 1429.474, "Actual Max Startup Time": 1429.474, "Actual Min Total Time": 1429.474, "Actual Max Total Time": 1429.474, "Plans": [{"Node Type": "Streaming(type: LOCAL GATHER dop: 1/16)", "Parent Relationship": "Outer", "Startup Cost": 287566.27, "Total Cost": 287566.3, "Plan Rows": 1, "Plan Width": 97, "Actual Min Startup Time": 1428.475, "Actual Max Startup Time": 1428.475, "Actual Min Total Time": 1429.447, "Actual Max Total Time": 1429.447, "Plans": [{"Node Type": "Aggregate", "Strategy": "Plain", "Parent Relationship": "Outer", "Startup Cost": 287566.27, "Total Cost": 287566.28, "Plan Rows": 1, "Plan Width": 97, "Actual Min Startup Time": 1046.427, "Actual Max Startup Time": 1225.524, "Actual Min Total Time": 1046.427, "Actual Max Total Time": 1225.525, "Plans": [{"Node Type": "Hash Join", "Parent Relationship": "Outer", "Join Type": "Inner", "Startup Cost": 142621.96, "Total Cost": 285780.78, "Plan Rows": 357098, "Plan Width": 33, "Actual Min Startup Time": 657.95, "Actual Max Startup Time": 846.411, "Actual Min Total Time": 1031.721, "Actual Max Total Time": 1217.172, "Inner Unique": true, "Hash Cond": "(an1.person_id = n1.id), (LLVM Optimized, Jit Execute)", "Plans": [{"Node Type": "Streaming(type: LOCAL REDISTRIBUTE dop: 16/16)", "Parent Relationship": "Outer", "Startup Cost": 126464.14, "Total Cost": 269316.07, "Plan Rows": 357098, "Plan Width": 41, "Actual Min Startup Time": 138.252, "Actual Max Startup Time": 161.278, "Actual Min Total Time": 500.465, "Actual Max Total Time": 521.157, "Plans": [{"Node Type": "Hash Join", "Parent Relationship": "Outer", "Join Type": "Inner", "Startup Cost": 126464.14, "Total Cost": 252963.01, "Plan Rows": 357098, "Plan Width": 41, "Actual Min Startup Time": 650.282, "Actual Max Startup Time": 827.406, "Actual Min Total Time": 1018.2, "Actual Max Total Time": 1197.69, "Inner Unique": true, "Hash Cond": "(ci.movie_id = t.id), (LLVM Optimized, Jit Execute)", "Plans": [{"Node Type": "Streaming(type: LOCAL REDISTRIBUTE dop: 16/16)", "Parent Relationship": "Outer", "Startup Cost": 113655.34, "Total Cost": 239847.25, "Plan Rows": 357379, "Plan Width": 32, "Actual Min Startup Time": 284.581, "Actual Max Startup Time": 292.563, "Actual Min Total Time": 643.034, "Actual Max Total Time": 653.83, "Plans": [{"Node Type": "Hash Join", "Parent Relationship": "Outer", "Join Type": "Inner", "Startup Cost": 113655.34, "Total Cost": 223493.12, "Plan Rows": 357379, "Plan Width": 32, "Actual Min Startup Time": 656.508, "Actual Max Startup Time": 864.813, "Actual Min Total Time": 976.219, "Actual Max Total Time": 1211.51, "Inner Unique": false, "Hash Cond": "(ci.person_id = an1.person_id), (LLVM Optimized, Jit Execute)", "Plans": [{"Node Type": "Streaming(type: LOCAL REDISTRIBUTE dop: 16/16)", "Parent Relationship": "Outer", "Startup Cost": 104286.28, "Total Cost": 212931.86, "Plan Rows": 711018, "Plan Width": 12, "Actual Min Startup Time": 516.593, "Actual Max Startup Time": 530.476, "Actual Min Total Time": 825.032, "Actual Max Total Time": 876.688, "Plans": [{"Node Type": "Hash Join", "Parent Relationship": "Outer", "Join Type": "Inner", "Startup Cost": 104286.28, "Total Cost": 195237.77, "Plan Rows": 711018, "Plan Width": 12, "Actual Min Startup Time": 655.48, "Actual Max Startup Time": 884.626, "Actual Min Total Time": 967.321, "Actual Max Total Time": 1196.253, "Inner Unique": false, "Hash Cond": "(ci.movie_id = mc.movie_id), (LLVM Optimized, Jit Execute)", "Plans": [{"Node Type": "Streaming(type: LOCAL REDISTRIBUTE dop: 16/16)", "Parent Relationship": "Outer", "Startup Cost": 15001.51, "Total Cost": 102848.74, "Plan Rows": 3296318, "Plan Width": 8, "Actual Min Startup Time": 0.062, "Actual Max Startup Time": 0.846, "Actual Min Total Time": 293.775, "Actual Max Total Time": 312.773, "Plans": [{"Node Type": "Hash Join", "Parent Relationship": "Outer", "Join Type": "Inner", "Startup Cost": 15001.51, "Total Cost": 75358.79, "Plan Rows": 3296318, "Plan Width": 8, "Actual Min Startup Time": 729.862, "Actual Max Startup Time": 782.989, "Actual Min Total Time": 934.617, "Actual Max Total Time": 992.529, "Inner Unique": true, "Hash Cond": "(ci.role_id = rt.id), (LLVM Optimized, Jit Execute)", "Plans": [{"Node Type": "Seq Scan", "Parent Relationship": "Outer", "Relation Name": "cast_info", "Alias": "ci", "Startup Cost": 0.0, "Total Cost": 52617.37, "Plan Rows": 36259494, "Plan Width": 12, "Actual Min Startup Time": 0.029, "Actual Max Startup Time": 0.042, "Actual Min Total Time": 515.441, "Actual Max Total Time": 569.135, "Actual Rows": 36244343}, {"Node Type": "Hash", "Parent Relationship": "Inner", "Startup Cost": 15001.5, "Total Cost": 15001.5, "Plan Rows": 16, "Plan Width": 4, "Actual Min Startup Time": 0.012, "Actual Max Startup Time": 11.903, "Actual Min Total Time": 0.012, "Actual Max Total Time": 11.903, "Max Hash Buckets": 32768, "Min Hash Buckets": 32768, "Max Hash Batches": 1, "Min Hash Batches": 1, "Max Original Hash Batches": 1, "Min Original Hash Batches": 1, "Max Peak Memory Usage": 1, "min Peak Memory Usage": 1, "Plans": [{"Node Type": "Streaming(type: BROADCAST dop: 16/1)", "Parent Relationship": "Outer", "Startup Cost": 0.0, "Total Cost": 15001.5, "Plan Rows": 16, "Plan Width": 4, "Actual Min Startup Time": 0.004, "Actual Max Startup Time": 11.888, "Actual Min Total Time": 0.004, "Actual Max Total Time": 11.889, "Plans": [{"Node Type": "Seq Scan", "Parent Relationship": "Outer", "Relation Name": "role_type", "Alias": "rt", "Startup Cost": 0.0, "Total Cost": 1.15, "Plan Rows": 1, "Plan Width": 4, "Actual Min Startup Time": 0.025, "Actual Max Startup Time": 0.025, "Actual Min Total Time": 0.027, "Actual Max Total Time": 0.027, "Filter": "((role)::text = 'costume designer'::text)", "Rows Removed by Filter": 11, "Actual Rows": 1}], "Actual Rows": 16}], "Actual Rows": 16}], "Actual Rows": 276403}], "Actual Rows": 276403}, {"Node Type": "Hash", "Parent Relationship": "Inner", "Startup Cost": 88282.97, "Total Cost": 88282.97, "Plan Rows": 1282311, "Plan Width": 4, "Actual Min Startup Time": 655.204, "Actual Max Startup Time": 884.113, "Actual Min Total Time": 655.204, "Actual Max Total Time": 884.113, "Max Hash Buckets": 131072, "Min Hash Buckets": 131072, "Max Hash Batches": 1, "Min Hash Batches": 1, "Max Original Hash Batches": 1, "Min Original Hash Batches": 1, "Max Peak Memory Usage": 2542, "min Peak Memory Usage": 2542, "Plans": [{"Node Type": "Streaming(type: LOCAL REDISTRIBUTE dop: 16/16)", "Parent Relationship": "Outer", "Startup Cost": 24511.53, "Total Cost": 88282.97, "Plan Rows": 1282311, "Plan Width": 4, "Actual Min Startup Time": 186.112, "Actual Max Startup Time": 414.758, "Actual Min Total Time": 627.769, "Actual Max Total Time": 863.493, "Plans": [{"Node Type": "Hash Join", "Parent Relationship": "Outer", "Join Type": "Inner", "Startup Cost": 24511.53, "Total Cost": 68424.21, "Plan Rows": 1282311, "Plan Width": 4, "Actual Min Startup Time": 176.757, "Actual Max Startup Time": 400.58, "Actual Min Total Time": 517.522, "Actual Max Total Time": 794.956, "Inner Unique": true, "Hash Cond": "(mc.company_id = cn.id), (LLVM Optimized, Jit Execute)", "Plans": [{"Node Type": "Streaming(type: LOCAL REDISTRIBUTE dop: 16/16)", "Parent Relationship": "Outer", "Startup Cost": 0.0, "Total Cost": 42499.73, "Plan Rows": 2609128, "Plan Width": 8, "Actual Min Startup Time": 0.062, "Actual Max Startup Time": 1.791, "Actual Min Total Time": 265.249, "Actual Max Total Time": 357.061, "Plans": [{"Node Type": "Seq Scan", "Parent Relationship": "Outer", "Relation Name": "movie_companies", "Alias": "mc", "Startup Cost": 0.0, "Total Cost": 17613.58, "Plan Rows": 2609128, "Plan Width": 8, "Actual Min Startup Time": 0.026, "Actual Max Startup Time": 0.044, "Actual Min Total Time": 42.83, "Actual Max Total Time": 51.451, "Actual Rows": 2609128}], "Actual Rows": 2609128}, {"Node Type": "Hash", "Parent Relationship": "Inner", "Startup Cost": 24444.99, "Total Cost": 24444.99, "Plan Rows": 85170, "Plan Width": 4, "Actual Min Startup Time": 176.63, "Actual Max Startup Time": 399.346, "Actual Min Total Time": 176.63, "Actual Max Total Time": 399.346, "Max Hash Buckets": 32768, "Min Hash Buckets": 32768, "Max Hash Batches": 1, "Min Hash Batches": 1, "Max Original Hash Batches": 1, "Min Original Hash Batches": 1, "Max Peak Memory Usage": 182, "min Peak Memory Usage": 182, "Plans": [{"Node Type": "Streaming(type: LOCAL REDISTRIBUTE dop: 16/1)", "Parent Relationship": "Outer", "Startup Cost": 0.0, "Total Cost": 24444.99, "Plan Rows": 85170, "Plan Width": 4, "Actual Min Startup Time": 0.035, "Actual Max Startup Time": 218.603, "Actual Min Total Time": 174.868, "Actual Max Total Time": 397.632, "Plans": [{"Node Type": "Seq Scan", "Parent Relationship": "Outer", "Relation Name": "company_name", "Alias": "cn", "Startup Cost": 0.0, "Total Cost": 5903.45, "Plan Rows": 85170, "Plan Width": 4, "Actual Min Startup Time": 0.038, "Actual Max Startup Time": 0.038, "Actual Min Total Time": 94.596, "Actual Max Total Time": 94.596, "Filter": "((country_code)::text = '[us]'::text)", "Rows Removed by Filter": 150153, "Actual Rows": 84843}], "Actual Rows": 84843}], "Actual Rows": 84843}], "Actual Rows": 1153797}], "Actual Rows": 1153797}], "Actual Rows": 1153797}], "Actual Rows": 285537}], "Actual Rows": 285537}, {"Node Type": "Hash", "Parent Relationship": "Inner", "Startup Cost": 34659.52, "Total Cost": 34659.52, "Plan Rows": 901342, "Plan Width": 20, "Actual Min Startup Time": 129.879, "Actual Max Startup Time": 348.156, "Actual Min Total Time": 129.879, "Actual Max Total Time": 348.156, "Max Hash Buckets": 65536, "Min Hash Buckets": 65536, "Max Hash Batches": 1, "Min Hash Batches": 1, "Max Original Hash Batches": 1, "Min Original Hash Batches": 1, "Max Peak Memory Usage": 2981, "min Peak Memory Usage": 2981, "Plans": [{"Node Type": "Streaming(type: LOCAL REDISTRIBUTE dop: 16/16)", "Parent Relationship": "Outer", "Startup Cost": 0.0, "Total Cost": 34659.52, "Plan Rows": 901342, "Plan Width": 20, "Actual Min Startup Time": 0.048, "Actual Max Startup Time": 211.292, "Actual Min Total Time": 113.469, "Actual Max Total Time": 331.199, "Plans": [{"Node Type": "Seq Scan", "Parent Relationship": "Outer", "Relation Name": "aka_name", "Alias": "an1", "Startup Cost": 0.0, "Total Cost": 16244.28, "Plan Rows": 901342, "Plan Width": 20, "Actual Min Startup Time": 0.02, "Actual Max Startup Time": 0.037, "Actual Min Total Time": 16.899, "Actual Max Total Time": 20.777, "Actual Rows": 901342}], "Actual Rows": 901342}], "Actual Rows": 901342}], "Actual Rows": 323005}], "Actual Rows": 323005}, {"Node Type": "Hash", "Parent Relationship": "Inner", "Startup Cost": 43334.25, "Total Cost": 43334.25, "Plan Rows": 2528311, "Plan Width": 21, "Actual Min Startup Time": 361.928, "Actual Max Startup Time": 536.694, "Actual Min Total Time": 361.928, "Actual Max Total Time": 536.694, "Max Hash Buckets": 262144, "Min Hash Buckets": 262144, "Max Hash Batches": 1, "Min Hash Batches": 1, "Max Original Hash Batches": 1, "Min Original Hash Batches": 1, "Max Peak Memory Usage": 8518, "min Peak Memory Usage": 8518, "Plans": [{"Node Type": "Streaming(type: LOCAL REDISTRIBUTE dop: 16/16)", "Parent Relationship": "Outer", "Startup Cost": 0.0, "Total Cost": 43334.25, "Plan Rows": 2528311, "Plan Width": 21, "Actual Min Startup Time": 0.052, "Actual Max Startup Time": 29.929, "Actual Min Total Time": 291.244, "Actual Max Total Time": 484.112, "Plans": [{"Node Type": "Seq Scan", "Parent Relationship": "Outer", "Relation Name": "title", "Alias": "t", "Startup Cost": 0.0, "Total Cost": 18754.32, "Plan Rows": 2528311, "Plan Width": 21, "Actual Min Startup Time": 0.018, "Actual Max Startup Time": 0.034, "Actual Min Total Time": 48.948, "Actual Max Total Time": 58.428, "Actual Rows": 2528311}], "Actual Rows": 2528311}], "Actual Rows": 2528311}], "Actual Rows": 323005}], "Actual Rows": 323005}, {"Node Type": "Hash", "Parent Relationship": "Inner", "Startup Cost": 51607.87, "Total Cost": 51607.87, "Plan Rows": 4167490, "Plan Width": 4, "Actual Min Startup Time": 514.494, "Actual Max Startup Time": 693.507, "Actual Min Total Time": 514.494, "Actual Max Total Time": 693.507, "Max Hash Buckets": 262144, "Min Hash Buckets": 262144, "Max Hash Batches": 1, "Min Hash Batches": 1, "Max Original Hash Batches": 1, "Min Original Hash Batches": 1, "Max Peak Memory Usage": 9174, "min Peak Memory Usage": 9174, "Plans": [{"Node Type": "Streaming(type: LOCAL REDISTRIBUTE dop: 16/16)", "Parent Relationship": "Outer", "Startup Cost": 0.0, "Total Cost": 51607.87, "Plan Rows": 4167490, "Plan Width": 4, "Actual Min Startup Time": 0.053, "Actual Max Startup Time": 140.533, "Actual Min Total Time": 409.113, "Actual Max Total Time": 612.992, "Plans": [{"Node Type": "Seq Scan", "Parent Relationship": "Outer", "Relation Name": "name", "Alias": "n1", "Startup Cost": 0.0, "Total Cost": 20816.99, "Plan Rows": 4167490, "Plan Width": 4, "Actual Min Startup Time": 0.017, "Actual Max Startup Time": 0.034, "Actual Min Total Time": 74.859, "Actual Max Total Time": 86.06, "Actual Rows": 4167490}], "Actual Rows": 4167490}], "Actual Rows": 4167490}], "Actual Rows": 323005}], "Actual Rows": 16}], "Actual Rows": 16}], "Actual Rows": 1}, "Triggers": [], "Planner Runtime": 195.615, "Total Runtime": 1475.961, "Unique SQL Id": 2457761703}}, "(16, '39')": {"explain_plan": {"Plan": {"Node Type": "Aggregate", "Strategy": "Plain", "Startup Cost": 1013578.73, "Total Cost": 1013578.74, "Plan Rows": 1, "Plan Width": 97, "Plans": [{"Node Type": "Hash Join", "Parent Relationship": "Outer", "Join Type": "Inner", "Startup Cost": 985285.55, "Total Cost": 1011793.24, "Plan Rows": 357098, "Plan Width": 33, "Inner Unique": false, "Hash Cond": "(an1.person_id = n1.id), (LLVM Optimized)", "Plans": [{"Node Type": "Bitmap Heap Scan", "Parent Relationship": "Outer", "Relation Name": "aka_name", "Alias": "an1", "Startup Cost": 16632.3, "Total Cost": 36540.72, "Plan Rows": 901342, "Plan Width": 20, "Plans": [{"Node Type": "Bitmap Index Scan", "Parent Relationship": "Outer", "Index Name": "person_id_aka_name", "Startup Cost": 0.0, "Total Cost": 16406.96, "Plan Rows": 901342, "Plan Width": 0}]}, {"Node Type": "Hash", "Parent Relationship": "Inner", "Startup Cost": 959772.51, "Total Cost": 959772.51, "Plan Rows": 710459, "Plan Width": 25, "Plans": [{"Node Type": "Hash Join", "Parent Relationship": "Outer", "Join Type": "Inner", "Startup Cost": 607483.06, "Total Cost": 959772.51, "Plan Rows": 710459, "Plan Width": 25, "Inner Unique": true, "Hash Cond": "(ci.person_id = n1.id), (LLVM Optimized)", "Plans": [{"Node Type": "Hash Join", "Parent Relationship": "Outer", "Join Type": "Inner", "Startup Cost": 378117.96, "Total Cost": 720638.61, "Plan Rows": 710459, "Plan Width": 21, "Inner Unique": false, "Hash Cond": "(ci.movie_id = t.id), (LLVM Optimized)", "Plans": [{"Node Type": "Nested Loop", "Parent Relationship": "Outer", "Join Type": "Inner", "Startup Cost": 76315.02, "Total Cost": 389769.33, "Plan Rows": 3296318, "Plan Width": 8, "Inner Unique": false, "Plans": [{"Node Type": "Bitmap Heap Scan", "Parent Relationship": "Outer", "Relation Name": "role_type", "Alias": "rt", "Startup Cost": 8.31, "Total Cost": 12.46, "Plan Rows": 1, "Plan Width": 4, "Filter": "((role)::text = 'costume designer'::text)", "Plans": [{"Node Type": "Bitmap Index Scan", "Parent Relationship": "Outer", "Index Name": "role_type_pkey", "Startup Cost": 0.0, "Total Cost": 8.31, "Plan Rows": 12, "Plan Width": 0}]}, {"Node Type": "Bitmap Heap Scan", "Parent Relationship": "Inner", "Relation Name": "cast_info", "Alias": "ci", "Startup Cost": 76306.71, "Total Cost": 356793.69, "Plan Rows": 3296318, "Plan Width": 12, "Recheck Cond": "(role_id = rt.id), (LLVM Optimized)", "Plans": [{"Node Type": "Bitmap Index Scan", "Parent Relationship": "Outer", "Index Name": "role_id_cast_info", "Startup Cost": 0.0, "Total Cost": 75482.63, "Plan Rows": 3296318, "Plan Width": 0, "Index Cond": "(role_id = rt.id)"}]}]}, {"Node Type": "Hash", "Parent Relationship": "Inner", "Startup Cost": 285774.05, "Total Cost": 285774.05, "Plan Rows": 1282311, "Plan Width": 25, "Plans": [{"Node Type": "Hash Join", "Parent Relationship": "Outer", "Join Type": "Inner", "Startup Cost": 203717.65, "Total Cost": 285774.05, "Plan Rows": 1282311, "Plan Width": 25, "Inner Unique": true, "Hash Cond": "(mc.movie_id = t.id), (LLVM Optimized)", "Plans": [{"Node Type": "Hash Join", "Parent Relationship": "Outer", "Join Type": "Inner", "Startup Cost": 61758.77, "Total Cost": 126183.39, "Plan Rows": 1282311, "Plan Width": 4, "Inner Unique": true, "Hash Cond": "(mc.company_id = cn.id), (LLVM Optimized)", "Plans": [{"Node Type": "Bitmap Heap Scan", "Parent Relationship": "Outer", "Relation Name": "movie_companies", "Alias": "mc", "Startup Cost": 51990.17, "Total Cost": 93807.45, "Plan Rows": 2609128, "Plan Width": 8, "Plans": [{"Node Type": "Bitmap Index Scan", "Parent Relationship": "Outer", "Index Name": "movie_id_movie_companies", "Startup Cost": 0.0, "Total Cost": 51337.89, "Plan Rows": 2609128, "Plan Width": 0}]}, {"Node Type": "Hash", "Parent Relationship": "Inner", "Startup Cost": 8703.97, "Total Cost": 8703.97, "Plan Rows": 85170, "Plan Width": 4, "Plans": [{"Node Type": "Bitmap Heap Scan", "Parent Relationship": "Outer", "Relation Name": "company_name", "Alias": "cn", "Startup Cost": 2800.52, "Total Cost": 8703.97, "Plan Rows": 85170, "Plan Width": 4, "Filter": "((country_code)::text = '[us]'::text)", "Plans": [{"Node Type": "Bitmap Index Scan", "Parent Relationship": "Outer", "Index Name": "company_name_pkey", "Startup Cost": 0.0, "Total Cost": 2779.23, "Plan Rows": 234996, "Plan Width": 0}]}]}]}, {"Node Type": "Hash", "Parent Relationship": "Inner", "Startup Cost": 110354.99, "Total Cost": 110354.99, "Plan Rows": 2528311, "Plan Width": 21, "Plans": [{"Node Type": "Bitmap Heap Scan", "Parent Relationship": "Outer", "Relation Name": "title", "Alias": "t", "Startup Cost": 50285.88, "Total Cost": 110354.99, "Plan Rows": 2528311, "Plan Width": 21, "Plans": [{"Node Type": "Bitmap Index Scan", "Parent Relationship": "Outer", "Index Name": "title_pkey", "Startup Cost": 0.0, "Total Cost": 49653.81, "Plan Rows": 2528311, "Plan Width": 0}]}]}]}]}]}, {"Node Type": "Hash", "Parent Relationship": "Inner", "Startup Cost": 177271.47, "Total Cost": 177271.47, "Plan Rows": 4167490, "Plan Width": 4, "Plans": [{"Node Type": "Bitmap Heap Scan", "Parent Relationship": "Outer", "Relation Name": "name", "Alias": "n1", "Startup Cost": 84199.57, "Total Cost": 177271.47, "Plan Rows": 4167490, "Plan Width": 4, "Plans": [{"Node Type": "Bitmap Index Scan", "Parent Relationship": "Outer", "Index Name": "name_pkey", "Startup Cost": 0.0, "Total Cost": 83157.7, "Plan Rows": 4167490, "Plan Width": 0}]}]}]}]}]}]}, "Unique SQL Id": 2457761703, "Planner Runtime": 49}, "explain_analyze_plan": null}, "(16, '40')": {"explain_plan": {"Plan": {"Node Type": "Aggregate", "Strategy": "Plain", "Startup Cost": 287566.27, "Total Cost": 287566.3, "Plan Rows": 1, "Plan Width": 97, "Plans": [{"Node Type": "Streaming(type: LOCAL GATHER dop: 1/16)", "Parent Relationship": "Outer", "Startup Cost": 287566.27, "Total Cost": 287566.3, "Plan Rows": 1, "Plan Width": 97, "Plans": [{"Node Type": "Aggregate", "Strategy": "Plain", "Parent Relationship": "Outer", "Startup Cost": 287566.27, "Total Cost": 287566.28, "Plan Rows": 1, "Plan Width": 97, "Plans": [{"Node Type": "Hash Join", "Parent Relationship": "Outer", "Join Type": "Inner", "Startup Cost": 142621.96, "Total Cost": 285780.78, "Plan Rows": 357098, "Plan Width": 33, "Inner Unique": true, "Hash Cond": "(an1.person_id = n1.id), (LLVM Optimized)", "Plans": [{"Node Type": "Streaming(type: LOCAL REDISTRIBUTE dop: 16/16)", "Parent Relationship": "Outer", "Startup Cost": 126464.14, "Total Cost": 269316.07, "Plan Rows": 357098, "Plan Width": 41, "Plans": [{"Node Type": "Hash Join", "Parent Relationship": "Outer", "Join Type": "Inner", "Startup Cost": 126464.14, "Total Cost": 252963.01, "Plan Rows": 357098, "Plan Width": 41, "Inner Unique": true, "Hash Cond": "(ci.movie_id = t.id), (LLVM Optimized)", "Plans": [{"Node Type": "Streaming(type: LOCAL REDISTRIBUTE dop: 16/16)", "Parent Relationship": "Outer", "Startup Cost": 113655.34, "Total Cost": 239847.25, "Plan Rows": 357379, "Plan Width": 32, "Plans": [{"Node Type": "Hash Join", "Parent Relationship": "Outer", "Join Type": "Inner", "Startup Cost": 113655.34, "Total Cost": 223493.12, "Plan Rows": 357379, "Plan Width": 32, "Inner Unique": false, "Hash Cond": "(ci.person_id = an1.person_id), (LLVM Optimized)", "Plans": [{"Node Type": "Streaming(type: LOCAL REDISTRIBUTE dop: 16/16)", "Parent Relationship": "Outer", "Startup Cost": 104286.28, "Total Cost": 212931.86, "Plan Rows": 711018, "Plan Width": 12, "Plans": [{"Node Type": "Hash Join", "Parent Relationship": "Outer", "Join Type": "Inner", "Startup Cost": 104286.28, "Total Cost": 195237.77, "Plan Rows": 711018, "Plan Width": 12, "Inner Unique": false, "Hash Cond": "(ci.movie_id = mc.movie_id), (LLVM Optimized)", "Plans": [{"Node Type": "Streaming(type: LOCAL REDISTRIBUTE dop: 16/16)", "Parent Relationship": "Outer", "Startup Cost": 15001.51, "Total Cost": 102848.74, "Plan Rows": 3296318, "Plan Width": 8, "Plans": [{"Node Type": "Hash Join", "Parent Relationship": "Outer", "Join Type": "Inner", "Startup Cost": 15001.51, "Total Cost": 75358.79, "Plan Rows": 3296318, "Plan Width": 8, "Inner Unique": true, "Hash Cond": "(ci.role_id = rt.id), (LLVM Optimized)", "Plans": [{"Node Type": "Seq Scan", "Parent Relationship": "Outer", "Relation Name": "cast_info", "Alias": "ci", "Startup Cost": 0.0, "Total Cost": 52617.37, "Plan Rows": 36259494, "Plan Width": 12}, {"Node Type": "Hash", "Parent Relationship": "Inner", "Startup Cost": 15001.5, "Total Cost": 15001.5, "Plan Rows": 16, "Plan Width": 4, "Plans": [{"Node Type": "Streaming(type: BROADCAST dop: 16/1)", "Parent Relationship": "Outer", "Startup Cost": 0.0, "Total Cost": 15001.5, "Plan Rows": 16, "Plan Width": 4, "Plans": [{"Node Type": "Seq Scan", "Parent Relationship": "Outer", "Relation Name": "role_type", "Alias": "rt", "Startup Cost": 0.0, "Total Cost": 1.15, "Plan Rows": 1, "Plan Width": 4, "Filter": "((role)::text = 'costume designer'::text)"}]}]}]}]}, {"Node Type": "Hash", "Parent Relationship": "Inner", "Startup Cost": 88282.97, "Total Cost": 88282.97, "Plan Rows": 1282311, "Plan Width": 4, "Plans": [{"Node Type": "Streaming(type: LOCAL REDISTRIBUTE dop: 16/16)", "Parent Relationship": "Outer", "Startup Cost": 24511.53, "Total Cost": 88282.97, "Plan Rows": 1282311, "Plan Width": 4, "Plans": [{"Node Type": "Hash Join", "Parent Relationship": "Outer", "Join Type": "Inner", "Startup Cost": 24511.53, "Total Cost": 68424.21, "Plan Rows": 1282311, "Plan Width": 4, "Inner Unique": true, "Hash Cond": "(mc.company_id = cn.id), (LLVM Optimized)", "Plans": [{"Node Type": "Streaming(type: LOCAL REDISTRIBUTE dop: 16/16)", "Parent Relationship": "Outer", "Startup Cost": 0.0, "Total Cost": 42499.73, "Plan Rows": 2609128, "Plan Width": 8, "Plans": [{"Node Type": "Seq Scan", "Parent Relationship": "Outer", "Relation Name": "movie_companies", "Alias": "mc", "Startup Cost": 0.0, "Total Cost": 17613.58, "Plan Rows": 2609128, "Plan Width": 8}]}, {"Node Type": "Hash", "Parent Relationship": "Inner", "Startup Cost": 24444.99, "Total Cost": 24444.99, "Plan Rows": 85170, "Plan Width": 4, "Plans": [{"Node Type": "Streaming(type: LOCAL REDISTRIBUTE dop: 16/1)", "Parent Relationship": "Outer", "Startup Cost": 0.0, "Total Cost": 24444.99, "Plan Rows": 85170, "Plan Width": 4, "Plans": [{"Node Type": "Seq Scan", "Parent Relationship": "Outer", "Relation Name": "company_name", "Alias": "cn", "Startup Cost": 0.0, "Total Cost": 5903.45, "Plan Rows": 85170, "Plan Width": 4, "Filter": "((country_code)::text = '[us]'::text)"}]}]}]}]}]}]}]}, {"Node Type": "Hash", "Parent Relationship": "Inner", "Startup Cost": 34659.52, "Total Cost": 34659.52, "Plan Rows": 901342, "Plan Width": 20, "Plans": [{"Node Type": "Streaming(type: LOCAL REDISTRIBUTE dop: 16/16)", "Parent Relationship": "Outer", "Startup Cost": 0.0, "Total Cost": 34659.52, "Plan Rows": 901342, "Plan Width": 20, "Plans": [{"Node Type": "Seq Scan", "Parent Relationship": "Outer", "Relation Name": "aka_name", "Alias": "an1", "Startup Cost": 0.0, "Total Cost": 16244.28, "Plan Rows": 901342, "Plan Width": 20}]}]}]}]}, {"Node Type": "Hash", "Parent Relationship": "Inner", "Startup Cost": 43334.25, "Total Cost": 43334.25, "Plan Rows": 2528311, "Plan Width": 21, "Plans": [{"Node Type": "Streaming(type: LOCAL REDISTRIBUTE dop: 16/16)", "Parent Relationship": "Outer", "Startup Cost": 0.0, "Total Cost": 43334.25, "Plan Rows": 2528311, "Plan Width": 21, "Plans": [{"Node Type": "Seq Scan", "Parent Relationship": "Outer", "Relation Name": "title", "Alias": "t", "Startup Cost": 0.0, "Total Cost": 18754.32, "Plan Rows": 2528311, "Plan Width": 21}]}]}]}]}, {"Node Type": "Hash", "Parent Relationship": "Inner", "Startup Cost": 51607.87, "Total Cost": 51607.87, "Plan Rows": 4167490, "Plan Width": 4, "Plans": [{"Node Type": "Streaming(type: LOCAL REDISTRIBUTE dop: 16/16)", "Parent Relationship": "Outer", "Startup Cost": 0.0, "Total Cost": 51607.87, "Plan Rows": 4167490, "Plan Width": 4, "Plans": [{"Node Type": "Index Only Scan", "Parent Relationship": "Outer", "Scan Direction": "Forward", "Index Name": "name_pkey", "Relation Name": "name", "Alias": "n1", "Startup Cost": 0.0, "Total Cost": 20816.99, "Plan Rows": 4167490, "Plan Width": 4}]}]}]}]}]}]}, "Unique SQL Id": 2457761703, "Planner Runtime": 194}, "explain_analyze_plan": {"Plan": {"Node Type": "Aggregate", "Strategy": "Plain", "Startup Cost": 287566.27, "Total Cost": 287566.3, "Plan Rows": 1, "Plan Width": 97, "Actual Min Startup Time": 1479.917, "Actual Max Startup Time": 1479.917, "Actual Min Total Time": 1479.917, "Actual Max Total Time": 1479.917, "Plans": [{"Node Type": "Streaming(type: LOCAL GATHER dop: 1/16)", "Parent Relationship": "Outer", "Startup Cost": 287566.27, "Total Cost": 287566.3, "Plan Rows": 1, "Plan Width": 97, "Actual Min Startup Time": 1479.144, "Actual Max Startup Time": 1479.144, "Actual Min Total Time": 1479.763, "Actual Max Total Time": 1479.763, "Plans": [{"Node Type": "Aggregate", "Strategy": "Plain", "Parent Relationship": "Outer", "Startup Cost": 287566.27, "Total Cost": 287566.28, "Plan Rows": 1, "Plan Width": 97, "Actual Min Startup Time": 1070.011, "Actual Max Startup Time": 1210.474, "Actual Min Total Time": 1070.011, "Actual Max Total Time": 1210.474, "Plans": [{"Node Type": "Hash Join", "Parent Relationship": "Outer", "Join Type": "Inner", "Startup Cost": 142621.96, "Total Cost": 285780.78, "Plan Rows": 357098, "Plan Width": 33, "Actual Min Startup Time": 659.377, "Actual Max Startup Time": 809.262, "Actual Min Total Time": 1055.617, "Actual Max Total Time": 1202.355, "Inner Unique": true, "Hash Cond": "(an1.person_id = n1.id), (LLVM Optimized, Jit Execute)", "Plans": [{"Node Type": "Streaming(type: LOCAL REDISTRIBUTE dop: 16/16)", "Parent Relationship": "Outer", "Startup Cost": 126464.14, "Total Cost": 269316.07, "Plan Rows": 357098, "Plan Width": 41, "Actual Min Startup Time": 106.404, "Actual Max Startup Time": 156.085, "Actual Min Total Time": 492.291, "Actual Max Total Time": 511.778, "Plans": [{"Node Type": "Hash Join", "Parent Relationship": "Outer", "Join Type": "Inner", "Startup Cost": 126464.14, "Total Cost": 252963.01, "Plan Rows": 357098, "Plan Width": 41, "Actual Min Startup Time": 655.53, "Actual Max Startup Time": 866.134, "Actual Min Total Time": 1047.996, "Actual Max Total Time": 1260.405, "Inner Unique": true, "Hash Cond": "(ci.movie_id = t.id), (LLVM Optimized, Jit Execute)", "Plans": [{"Node Type": "Streaming(type: LOCAL REDISTRIBUTE dop: 16/16)", "Parent Relationship": "Outer", "Startup Cost": 113655.34, "Total Cost": 239847.25, "Plan Rows": 357379, "Plan Width": 32, "Actual Min Startup Time": 320.575, "Actual Max Startup Time": 329.173, "Actual Min Total Time": 703.466, "Actual Max Total Time": 711.791, "Plans": [{"Node Type": "Hash Join", "Parent Relationship": "Outer", "Join Type": "Inner", "Startup Cost": 113655.34, "Total Cost": 223493.12, "Plan Rows": 357379, "Plan Width": 32, "Actual Min Startup Time": 654.294, "Actual Max Startup Time": 872.751, "Actual Min Total Time": 1022.835, "Actual Max Total Time": 1254.696, "Inner Unique": false, "Hash Cond": "(ci.person_id = an1.person_id), (LLVM Optimized, Jit Execute)", "Plans": [{"Node Type": "Streaming(type: LOCAL REDISTRIBUTE dop: 16/16)", "Parent Relationship": "Outer", "Startup Cost": 104286.28, "Total Cost": 212931.86, "Plan Rows": 711018, "Plan Width": 12, "Actual Min Startup Time": 529.847, "Actual Max Startup Time": 547.87, "Actual Min Total Time": 863.586, "Actual Max Total Time": 916.14, "Plans": [{"Node Type": "Hash Join", "Parent Relationship": "Outer", "Join Type": "Inner", "Startup Cost": 104286.28, "Total Cost": 195237.77, "Plan Rows": 711018, "Plan Width": 12, "Actual Min Startup Time": 650.524, "Actual Max Startup Time": 857.724, "Actual Min Total Time": 981.549, "Actual Max Total Time": 1199.694, "Inner Unique": false, "Hash Cond": "(ci.movie_id = mc.movie_id), (LLVM Optimized, Jit Execute)", "Plans": [{"Node Type": "Streaming(type: LOCAL REDISTRIBUTE dop: 16/16)", "Parent Relationship": "Outer", "Startup Cost": 15001.51, "Total Cost": 102848.74, "Plan Rows": 3296318, "Plan Width": 8, "Actual Min Startup Time": 0.07, "Actual Max Startup Time": 1.21, "Actual Min Total Time": 317.533, "Actual Max Total Time": 345.072, "Plans": [{"Node Type": "Hash Join", "Parent Relationship": "Outer", "Join Type": "Inner", "Startup Cost": 15001.51, "Total Cost": 75358.79, "Plan Rows": 3296318, "Plan Width": 8, "Actual Min Startup Time": 734.465, "Actual Max Startup Time": 848.7, "Actual Min Total Time": 938.828, "Actual Max Total Time": 1064.305, "Inner Unique": true, "Hash Cond": "(ci.role_id = rt.id), (LLVM Optimized, Jit Execute)", "Plans": [{"Node Type": "Seq Scan", "Parent Relationship": "Outer", "Relation Name": "cast_info", "Alias": "ci", "Startup Cost": 0.0, "Total Cost": 52617.37, "Plan Rows": 36259494, "Plan Width": 12, "Actual Min Startup Time": 0.032, "Actual Max Startup Time": 0.041, "Actual Min Total Time": 516.688, "Actual Max Total Time": 568.935, "Actual Rows": 36244343}, {"Node Type": "Hash", "Parent Relationship": "Inner", "Startup Cost": 15001.5, "Total Cost": 15001.5, "Plan Rows": 16, "Plan Width": 4, "Actual Min Startup Time": 0.011, "Actual Max Startup Time": 71.285, "Actual Min Total Time": 0.011, "Actual Max Total Time": 71.285, "Max Hash Buckets": 32768, "Min Hash Buckets": 32768, "Max Hash Batches": 1, "Min Hash Batches": 1, "Max Original Hash Batches": 1, "Min Original Hash Batches": 1, "Max Peak Memory Usage": 1, "min Peak Memory Usage": 1, "Plans": [{"Node Type": "Streaming(type: BROADCAST dop: 16/1)", "Parent Relationship": "Outer", "Startup Cost": 0.0, "Total Cost": 15001.5, "Plan Rows": 16, "Plan Width": 4, "Actual Min Startup Time": 0.004, "Actual Max Startup Time": 71.257, "Actual Min Total Time": 0.004, "Actual Max Total Time": 71.258, "Plans": [{"Node Type": "Seq Scan", "Parent Relationship": "Outer", "Relation Name": "role_type", "Alias": "rt", "Startup Cost": 0.0, "Total Cost": 1.15, "Plan Rows": 1, "Plan Width": 4, "Actual Min Startup Time": 0.035, "Actual Max Startup Time": 0.035, "Actual Min Total Time": 0.038, "Actual Max Total Time": 0.038, "Filter": "((role)::text = 'costume designer'::text)", "Rows Removed by Filter": 11, "Actual Rows": 1}], "Actual Rows": 16}], "Actual Rows": 16}], "Actual Rows": 276403}], "Actual Rows": 276403}, {"Node Type": "Hash", "Parent Relationship": "Inner", "Startup Cost": 88282.97, "Total Cost": 88282.97, "Plan Rows": 1282311, "Plan Width": 4, "Actual Min Startup Time": 650.225, "Actual Max Startup Time": 856.754, "Actual Min Total Time": 650.225, "Actual Max Total Time": 856.754, "Max Hash Buckets": 131072, "Min Hash Buckets": 131072, "Max Hash Batches": 1, "Min Hash Batches": 1, "Max Original Hash Batches": 1, "Min Original Hash Batches": 1, "Max Peak Memory Usage": 2542, "min Peak Memory Usage": 2542, "Plans": [{"Node Type": "Streaming(type: LOCAL REDISTRIBUTE dop: 16/16)", "Parent Relationship": "Outer", "Startup Cost": 24511.53, "Total Cost": 88282.97, "Plan Rows": 1282311, "Plan Width": 4, "Actual Min Startup Time": 174.61, "Actual Max Startup Time": 381.876, "Actual Min Total Time": 618.865, "Actual Max Total Time": 836.947, "Plans": [{"Node Type": "Hash Join", "Parent Relationship": "Outer", "Join Type": "Inner", "Startup Cost": 24511.53, "Total Cost": 68424.21, "Plan Rows": 1282311, "Plan Width": 4, "Actual Min Startup Time": 169.623, "Actual Max Startup Time": 359.093, "Actual Min Total Time": 519.06, "Actual Max Total Time": 732.07, "Inner Unique": true, "Hash Cond": "(mc.company_id = cn.id), (LLVM Optimized, Jit Execute)", "Plans": [{"Node Type": "Streaming(type: LOCAL REDISTRIBUTE dop: 16/16)", "Parent Relationship": "Outer", "Startup Cost": 0.0, "Total Cost": 42499.73, "Plan Rows": 2609128, "Plan Width": 8, "Actual Min Startup Time": 0.06, "Actual Max Startup Time": 2.243, "Actual Min Total Time": 254.783, "Actual Max Total Time": 365.681, "Plans": [{"Node Type": "Seq Scan", "Parent Relationship": "Outer", "Relation Name": "movie_companies", "Alias": "mc", "Startup Cost": 0.0, "Total Cost": 17613.58, "Plan Rows": 2609128, "Plan Width": 8, "Actual Min Startup Time": 0.023, "Actual Max Startup Time": 0.049, "Actual Min Total Time": 43.422, "Actual Max Total Time": 52.474, "Actual Rows": 2609128}], "Actual Rows": 2609128}, {"Node Type": "Hash", "Parent Relationship": "Inner", "Startup Cost": 24444.99, "Total Cost": 24444.99, "Plan Rows": 85170, "Plan Width": 4, "Actual Min Startup Time": 168.875, "Actual Max Startup Time": 358.016, "Actual Min Total Time": 168.875, "Actual Max Total Time": 358.016, "Max Hash Buckets": 32768, "Min Hash Buckets": 32768, "Max Hash Batches": 1, "Min Hash Batches": 1, "Max Original Hash Batches": 1, "Min Original Hash Batches": 1, "Max Peak Memory Usage": 182, "min Peak Memory Usage": 182, "Plans": [{"Node Type": "Streaming(type: LOCAL REDISTRIBUTE dop: 16/1)", "Parent Relationship": "Outer", "Startup Cost": 0.0, "Total Cost": 24444.99, "Plan Rows": 85170, "Plan Width": 4, "Actual Min Startup Time": 0.033, "Actual Max Startup Time": 186.613, "Actual Min Total Time": 167.245, "Actual Max Total Time": 355.453, "Plans": [{"Node Type": "Seq Scan", "Parent Relationship": "Outer", "Relation Name": "company_name", "Alias": "cn", "Startup Cost": 0.0, "Total Cost": 5903.45, "Plan Rows": 85170, "Plan Width": 4, "Actual Min Startup Time": 0.037, "Actual Max Startup Time": 0.037, "Actual Min Total Time": 93.215, "Actual Max Total Time": 93.215, "Filter": "((country_code)::text = '[us]'::text)", "Rows Removed by Filter": 150153, "Actual Rows": 84843}], "Actual Rows": 84843}], "Actual Rows": 84843}], "Actual Rows": 1153797}], "Actual Rows": 1153797}], "Actual Rows": 1153797}], "Actual Rows": 285537}], "Actual Rows": 285537}, {"Node Type": "Hash", "Parent Relationship": "Inner", "Startup Cost": 34659.52, "Total Cost": 34659.52, "Plan Rows": 901342, "Plan Width": 20, "Actual Min Startup Time": 118.854, "Actual Max Startup Time": 342.13, "Actual Min Total Time": 118.854, "Actual Max Total Time": 342.13, "Max Hash Buckets": 65536, "Min Hash Buckets": 65536, "Max Hash Batches": 1, "Min Hash Batches": 1, "Max Original Hash Batches": 1, "Min Original Hash Batches": 1, "Max Peak Memory Usage": 2981, "min Peak Memory Usage": 2981, "Plans": [{"Node Type": "Streaming(type: LOCAL REDISTRIBUTE dop: 16/16)", "Parent Relationship": "Outer", "Startup Cost": 0.0, "Total Cost": 34659.52, "Plan Rows": 901342, "Plan Width": 20, "Actual Min Startup Time": 0.058, "Actual Max Startup Time": 165.557, "Actual Min Total Time": 103.429, "Actual Max Total Time": 327.015, "Plans": [{"Node Type": "Seq Scan", "Parent Relationship": "Outer", "Relation Name": "aka_name", "Alias": "an1", "Startup Cost": 0.0, "Total Cost": 16244.28, "Plan Rows": 901342, "Plan Width": 20, "Actual Min Startup Time": 0.018, "Actual Max Startup Time": 0.026, "Actual Min Total Time": 15.75, "Actual Max Total Time": 19.622, "Actual Rows": 901342}], "Actual Rows": 901342}], "Actual Rows": 901342}], "Actual Rows": 323005}], "Actual Rows": 323005}, {"Node Type": "Hash", "Parent Relationship": "Inner", "Startup Cost": 43334.25, "Total Cost": 43334.25, "Plan Rows": 2528311, "Plan Width": 21, "Actual Min Startup Time": 330.588, "Actual Max Startup Time": 540.426, "Actual Min Total Time": 330.588, "Actual Max Total Time": 540.426, "Max Hash Buckets": 262144, "Min Hash Buckets": 262144, "Max Hash Batches": 1, "Min Hash Batches": 1, "Max Original Hash Batches": 1, "Min Original Hash Batches": 1, "Max Peak Memory Usage": 8518, "min Peak Memory Usage": 8518, "Plans": [{"Node Type": "Streaming(type: LOCAL REDISTRIBUTE dop: 16/16)", "Parent Relationship": "Outer", "Startup Cost": 0.0, "Total Cost": 43334.25, "Plan Rows": 2528311, "Plan Width": 21, "Actual Min Startup Time": 0.049, "Actual Max Startup Time": 194.693, "Actual Min Total Time": 259.785, "Actual Max Total Time": 494.167, "Plans": [{"Node Type": "Seq Scan", "Parent Relationship": "Outer", "Relation Name": "title", "Alias": "t", "Startup Cost": 0.0, "Total Cost": 18754.32, "Plan Rows": 2528311, "Plan Width": 21, "Actual Min Startup Time": 0.019, "Actual Max Startup Time": 0.04, "Actual Min Total Time": 47.696, "Actual Max Total Time": 56.316, "Actual Rows": 2528311}], "Actual Rows": 2528311}], "Actual Rows": 2528311}], "Actual Rows": 323005}], "Actual Rows": 323005}, {"Node Type": "Hash", "Parent Relationship": "Inner", "Startup Cost": 51607.87, "Total Cost": 51607.87, "Plan Rows": 4167490, "Plan Width": 4, "Actual Min Startup Time": 546.739, "Actual Max Startup Time": 687.169, "Actual Min Total Time": 546.739, "Actual Max Total Time": 687.169, "Max Hash Buckets": 262144, "Min Hash Buckets": 262144, "Max Hash Batches": 1, "Min Hash Batches": 1, "Max Original Hash Batches": 1, "Min Original Hash Batches": 1, "Max Peak Memory Usage": 9174, "min Peak Memory Usage": 9174, "Plans": [{"Node Type": "Streaming(type: LOCAL REDISTRIBUTE dop: 16/16)", "Parent Relationship": "Outer", "Startup Cost": 0.0, "Total Cost": 51607.87, "Plan Rows": 4167490, "Plan Width": 4, "Actual Min Startup Time": 0.052, "Actual Max Startup Time": 0.104, "Actual Min Total Time": 442.726, "Actual Max Total Time": 581.985, "Plans": [{"Node Type": "Index Only Scan", "Parent Relationship": "Outer", "Scan Direction": "Forward", "Index Name": "name_pkey", "Relation Name": "name", "Alias": "n1", "Startup Cost": 0.0, "Total Cost": 20816.99, "Plan Rows": 4167490, "Plan Width": 4, "Actual Min Startup Time": 0.094, "Actual Max Startup Time": 103.049, "Actual Min Total Time": 65.404, "Actual Max Total Time": 167.694, "Heap Fetches": 0, "Actual Rows": 4167490}], "Actual Rows": 4167490}], "Actual Rows": 4167490}], "Actual Rows": 323005}], "Actual Rows": 16}], "Actual Rows": 16}], "Actual Rows": 1}, "Triggers": [], "Planner Runtime": 205.742, "Total Runtime": 1527.056, "Unique SQL Id": 2457761703}}, "(16, '41')": {"explain_plan": {"Plan": {"Node Type": "Aggregate", "Strategy": "Plain", "Startup Cost": 1386311.37, "Total Cost": 1386311.4, "Plan Rows": 1, "Plan Width": 97, "Plans": [{"Node Type": "Streaming(type: LOCAL GATHER dop: 1/16)", "Parent Relationship": "Outer", "Startup Cost": 1386311.37, "Total Cost": 1386311.4, "Plan Rows": 1, "Plan Width": 97, "Plans": [{"Node Type": "Aggregate", "Strategy": "Plain", "Parent Relationship": "Outer", "Startup Cost": 1386311.37, "Total Cost": 1386311.38, "Plan Rows": 1, "Plan Width": 97, "Plans": [{"Node Type": "Hash Join", "Parent Relationship": "Outer", "Join Type": "Inner", "Startup Cost": 252373.93, "Total Cost": 1384525.88, "Plan Rows": 357098, "Plan Width": 33, "Inner Unique": true, "Hash Cond": "(ci.movie_id = t.id), (LLVM Optimized)", "Plans": [{"Node Type": "Streaming(type: LOCAL REDISTRIBUTE dop: 16/16)", "Parent Relationship": "Outer", "Startup Cost": 218899.31, "Total Cost": 1350744.31, "Plan Rows": 357379, "Plan Width": 24, "Plans": [{"Node Type": "Hash Join", "Parent Relationship": "Outer", "Join Type": "Inner", "Startup Cost": 218899.31, "Total Cost": 1334390.18, "Plan Rows": 357379, "Plan Width": 24, "Inner Unique": true, "Hash Cond": "(an1.person_id = n1.id), (LLVM Optimized)", "Plans": [{"Node Type": "Streaming(type: LOCAL REDISTRIBUTE dop: 16/16)", "Parent Relationship": "Outer", "Startup Cost": 182755.14, "Total Cost": 1297938.9, "Plan Rows": 357379, "Plan Width": 32, "Plans": [{"Node Type": "Hash Join", "Parent Relationship": "Outer", "Join Type": "Inner", "Startup Cost": 182755.14, "Total Cost": 1281584.76, "Plan Rows": 357379, "Plan Width": 32, "Inner Unique": true, "Hash Cond": "(mc.company_id = cn.id), (LLVM Optimized)", "Plans": [{"Node Type": "Streaming(type: LOCAL REDISTRIBUTE dop: 16/16)", "Parent Relationship": "Outer", "Startup Cost": 175427.87, "Total Cost": 1273863.7, "Plan Rows": 727161, "Plan Width": 36, "Plans": [{"Node Type": "Hash Join", "Parent Relationship": "Outer", "Join Type": "Inner", "Startup Cost": 175427.87, "Total Cost": 1256108.44, "Plan Rows": 727161, "Plan Width": 36, "Inner Unique": false, "Hash Cond": "(ci.movie_id = mc.movie_id), (LLVM Optimized)", "Plans": [{"Node Type": "Streaming(type: LOCAL REDISTRIBUTE dop: 16/16)", "Parent Relationship": "Outer", "Startup Cost": 137161.66, "Total Cost": 1215145.72, "Plan Rows": 1484588, "Plan Width": 28, "Plans": [{"Node Type": "Hash Join", "Parent Relationship": "Outer", "Join Type": "Inner", "Startup Cost": 137161.66, "Total Cost": 1194520.52, "Plan Rows": 1484588, "Plan Width": 28, "Inner Unique": false, "Hash Cond": "(ci.person_id = an1.person_id), (LLVM Optimized)", "Plans": [{"Node Type": "Streaming(type: LOCAL REDISTRIBUTE dop: 16/16)", "Parent Relationship": "Outer", "Startup Cost": 15012.82, "Total Cost": 1066844.59, "Plan Rows": 3296318, "Plan Width": 8, "Plans": [{"Node Type": "Hash Join", "Parent Relationship": "Outer", "Join Type": "Inner", "Startup Cost": 15012.82, "Total Cost": 1039354.63, "Plan Rows": 3296318, "Plan Width": 8, "Inner Unique": true, "Hash Cond": "(ci.role_id = rt.id), (LLVM Optimized)", "Plans": [{"Node Type": "Index Scan", "Parent Relationship": "Outer", "Scan Direction": "Forward", "Index Name": "role_id_cast_info", "Relation Name": "cast_info", "Alias": "ci", "Startup Cost": 0.0, "Total Cost": 1016601.9, "Plan Rows": 36259494, "Plan Width": 12}, {"Node Type": "Hash", "Parent Relationship": "Inner", "Startup Cost": 15012.81, "Total Cost": 15012.81, "Plan Rows": 16, "Plan Width": 4, "Plans": [{"Node Type": "Streaming(type: BROADCAST dop: 16/1)", "Parent Relationship": "Outer", "Startup Cost": 0.0, "Total Cost": 15012.81, "Plan Rows": 16, "Plan Width": 4, "Plans": [{"Node Type": "Index Scan", "Parent Relationship": "Outer", "Scan Direction": "Forward", "Index Name": "role_type_pkey", "Relation Name": "role_type", "Alias": "rt", "Startup Cost": 0.0, "Total Cost": 12.46, "Plan Rows": 1, "Plan Width": 4, "Filter": "((role)::text = 'costume designer'::text)"}]}]}]}]}, {"Node Type": "Hash", "Parent Relationship": "Inner", "Startup Cost": 121444.67, "Total Cost": 121444.67, "Plan Rows": 901342, "Plan Width": 20, "Plans": [{"Node Type": "Streaming(type: LOCAL REDISTRIBUTE dop: 16/1)", "Parent Relationship": "Outer", "Startup Cost": 0.0, "Total Cost": 121444.67, "Plan Rows": 901342, "Plan Width": 20, "Plans": [{"Node Type": "Index Scan", "Parent Relationship": "Outer", "Scan Direction": "Forward", "Index Name": "person_id_aka_name", "Relation Name": "aka_name", "Alias": "an1", "Startup Cost": 0.0, "Total Cost": 68965.03, "Plan Rows": 901342, "Plan Width": 20}]}]}]}]}, {"Node Type": "Hash", "Parent Relationship": "Inner", "Startup Cost": 139099.07, "Total Cost": 139099.07, "Plan Rows": 2609128, "Plan Width": 8, "Plans": [{"Node Type": "Streaming(type: LOCAL REDISTRIBUTE dop: 16/16)", "Parent Relationship": "Outer", "Startup Cost": 0.0, "Total Cost": 139099.07, "Plan Rows": 2609128, "Plan Width": 8, "Plans": [{"Node Type": "Index Scan", "Parent Relationship": "Outer", "Scan Direction": "Forward", "Index Name": "company_id_movie_companies", "Relation Name": "movie_companies", "Alias": "mc", "Startup Cost": 0.0, "Total Cost": 114212.92, "Plan Rows": 2609128, "Plan Width": 8}]}]}]}]}, {"Node Type": "Hash", "Parent Relationship": "Inner", "Startup Cost": 29042.93, "Total Cost": 29042.93, "Plan Rows": 85170, "Plan Width": 4, "Plans": [{"Node Type": "Streaming(type: LOCAL REDISTRIBUTE dop: 16/1)", "Parent Relationship": "Outer", "Startup Cost": 0.0, "Total Cost": 29042.93, "Plan Rows": 85170, "Plan Width": 4, "Plans": [{"Node Type": "Index Scan", "Parent Relationship": "Outer", "Scan Direction": "Forward", "Index Name": "company_name_pkey", "Relation Name": "company_name", "Alias": "cn", "Startup Cost": 0.0, "Total Cost": 10501.39, "Plan Rows": 85170, "Plan Width": 4, "Filter": "((country_code)::text = '[us]'::text)"}]}]}]}]}, {"Node Type": "Hash", "Parent Relationship": "Inner", "Startup Cost": 131553.26, "Total Cost": 131553.26, "Plan Rows": 4167490, "Plan Width": 4, "Plans": [{"Node Type": "Streaming(type: LOCAL REDISTRIBUTE dop: 16/16)", "Parent Relationship": "Outer", "Startup Cost": 0.0, "Total Cost": 131553.26, "Plan Rows": 4167490, "Plan Width": 4, "Plans": [{"Node Type": "Index Only Scan", "Parent Relationship": "Outer", "Scan Direction": "Forward", "Index Name": "name_pkey", "Relation Name": "name", "Alias": "n1", "Startup Cost": 0.0, "Total Cost": 100762.38, "Plan Rows": 4167490, "Plan Width": 4}]}]}]}]}, {"Node Type": "Hash", "Parent Relationship": "Inner", "Startup Cost": 125997.5, "Total Cost": 125997.5, "Plan Rows": 2528311, "Plan Width": 21, "Plans": [{"Node Type": "Streaming(type: LOCAL REDISTRIBUTE dop: 16/16)", "Parent Relationship": "Outer", "Startup Cost": 0.0, "Total Cost": 125997.5, "Plan Rows": 2528311, "Plan Width": 21, "Plans": [{"Node Type": "Index Scan", "Parent Relationship": "Outer", "Scan Direction": "Forward", "Index Name": "title_pkey", "Relation Name": "title", "Alias": "t", "Startup Cost": 0.0, "Total Cost": 101417.57, "Plan Rows": 2528311, "Plan Width": 21}]}]}]}]}]}]}, "Unique SQL Id": 2457761703, "Planner Runtime": 107}, "explain_analyze_plan": {"Plan": {"Node Type": "Aggregate", "Strategy": "Plain", "Startup Cost": 1386311.37, "Total Cost": 1386311.4, "Plan Rows": 1, "Plan Width": 97, "Actual Min Startup Time": 3016.727, "Actual Max Startup Time": 3016.727, "Actual Min Total Time": 3016.727, "Actual Max Total Time": 3016.727, "Plans": [{"Node Type": "Streaming(type: LOCAL GATHER dop: 1/16)", "Parent Relationship": "Outer", "Startup Cost": 1386311.37, "Total Cost": 1386311.4, "Plan Rows": 1, "Plan Width": 97, "Actual Min Startup Time": 3014.969, "Actual Max Startup Time": 3014.969, "Actual Min Total Time": 3016.698, "Actual Max Total Time": 3016.698, "Plans": [{"Node Type": "Aggregate", "Strategy": "Plain", "Parent Relationship": "Outer", "Startup Cost": 1386311.37, "Total Cost": 1386311.38, "Plan Rows": 1, "Plan Width": 97, "Actual Min Startup Time": 2452.307, "Actual Max Startup Time": 2773.943, "Actual Min Total Time": 2452.307, "Actual Max Total Time": 2773.943, "Plans": [{"Node Type": "Hash Join", "Parent Relationship": "Outer", "Join Type": "Inner", "Startup Cost": 252373.93, "Total Cost": 1384525.88, "Plan Rows": 357098, "Plan Width": 33, "Actual Min Startup Time": 1492.674, "Actual Max Startup Time": 1800.208, "Actual Min Total Time": 2442.179, "Actual Max Total Time": 2764.078, "Inner Unique": true, "Hash Cond": "(ci.movie_id = t.id), (LLVM Optimized, Jit Execute)", "Plans": [{"Node Type": "Streaming(type: LOCAL REDISTRIBUTE dop: 16/16)", "Parent Relationship": "Outer", "Startup Cost": 218899.31, "Total Cost": 1350744.31, "Plan Rows": 357379, "Plan Width": 24, "Actual Min Startup Time": 833.323, "Actual Max Startup Time": 866.804, "Actual Min Total Time": 1785.71, "Actual Max Total Time": 1789.384, "Plans": [{"Node Type": "Hash Join", "Parent Relationship": "Outer", "Join Type": "Inner", "Startup Cost": 218899.31, "Total Cost": 1334390.18, "Plan Rows": 357379, "Plan Width": 24, "Actual Min Startup Time": 1478.442, "Actual Max Startup Time": 1845.635, "Actual Min Total Time": 2411.533, "Actual Max Total Time": 2739.897, "Inner Unique": true, "Hash Cond": "(an1.person_id = n1.id), (LLVM Optimized, Jit Execute)", "Plans": [{"Node Type": "Streaming(type: LOCAL REDISTRIBUTE dop: 16/16)", "Parent Relationship": "Outer", "Startup Cost": 182755.14, "Total Cost": 1297938.9, "Plan Rows": 357379, "Plan Width": 32, "Actual Min Startup Time": 933.902, "Actual Max Startup Time": 1015.725, "Actual Min Total Time": 1841.143, "Actual Max Total Time": 1880.29, "Plans": [{"Node Type": "Hash Join", "Parent Relationship": "Outer", "Join Type": "Inner", "Startup Cost": 182755.14, "Total Cost": 1281584.76, "Plan Rows": 357379, "Plan Width": 32, "Actual Min Startup Time": 1476.517, "Actual Max Startup Time": 1785.65, "Actual Min Total Time": 2402.318, "Actual Max Total Time": 2712.944, "Inner Unique": true, "Hash Cond": "(mc.company_id = cn.id), (LLVM Optimized, Jit Execute)", "Plans": [{"Node Type": "Streaming(type: LOCAL REDISTRIBUTE dop: 16/16)", "Parent Relationship": "Outer", "Startup Cost": 175427.87, "Total Cost": 1273863.7, "Plan Rows": 727161, "Plan Width": 36, "Actual Min Startup Time": 939.808, "Actual Max Startup Time": 953.706, "Actual Min Total Time": 1837.829, "Actual Max Total Time": 1875.162, "Plans": [{"Node Type": "Hash Join", "Parent Relationship": "Outer", "Join Type": "Inner", "Startup Cost": 175427.87, "Total Cost": 1256108.44, "Plan Rows": 727161, "Plan Width": 36, "Actual Min Startup Time": 1472.901, "Actual Max Startup Time": 1695.103, "Actual Min Total Time": 2347.742, "Actual Max Total Time": 2564.668, "Inner Unique": false, "Hash Cond": "(ci.movie_id = mc.movie_id), (LLVM Optimized, Jit Execute)", "Plans": [{"Node Type": "Streaming(type: LOCAL REDISTRIBUTE dop: 16/16)", "Parent Relationship": "Outer", "Startup Cost": 137161.66, "Total Cost": 1215145.72, "Plan Rows": 1484588, "Plan Width": 28, "Actual Min Startup Time": 854.759, "Actual Max Startup Time": 865.43, "Actual Min Total Time": 1702.529, "Actual Max Total Time": 1733.903, "Plans": [{"Node Type": "Hash Join", "Parent Relationship": "Outer", "Join Type": "Inner", "Startup Cost": 137161.66, "Total Cost": 1194520.52, "Plan Rows": 1484588, "Plan Width": 28, "Actual Min Startup Time": 1454.824, "Actual Max Startup Time": 1724.007, "Actual Min Total Time": 2407.762, "Actual Max Total Time": 2640.284, "Inner Unique": false, "Hash Cond": "(ci.person_id = an1.person_id), (LLVM Optimized, Jit Execute)", "Plans": [{"Node Type": "Streaming(type: LOCAL REDISTRIBUTE dop: 16/16)", "Parent Relationship": "Outer", "Startup Cost": 15012.82, "Total Cost": 1066844.59, "Plan Rows": 3296318, "Plan Width": 8, "Actual Min Startup Time": 0.058, "Actual Max Startup Time": 8.898, "Actual Min Total Time": 908.405, "Actual Max Total Time": 957.393, "Plans": [{"Node Type": "Hash Join", "Parent Relationship": "Outer", "Join Type": "Inner", "Startup Cost": 15012.82, "Total Cost": 1039354.63, "Plan Rows": 3296318, "Plan Width": 8, "Actual Min Startup Time": 1432.293, "Actual Max Startup Time": 2264.926, "Actual Min Total Time": 1997.664, "Actual Max Total Time": 2264.926, "Inner Unique": true, "Hash Cond": "(ci.role_id = rt.id), (LLVM Optimized, Jit Execute)", "Plans": [{"Node Type": "Index Scan", "Parent Relationship": "Outer", "Scan Direction": "Forward", "Index Name": "role_id_cast_info", "Relation Name": "cast_info", "Alias": "ci", "Startup Cost": 0.0, "Total Cost": 1016601.9, "Plan Rows": 36259494, "Plan Width": 12, "Actual Min Startup Time": 525.127, "Actual Max Startup Time": 700.603, "Actual Min Total Time": 1579.979, "Actual Max Total Time": 1775.199, "Actual Rows": 36244343}, {"Node Type": "Hash", "Parent Relationship": "Inner", "Startup Cost": 15012.81, "Total Cost": 15012.81, "Plan Rows": 16, "Plan Width": 4, "Actual Min Startup Time": 0.008, "Actual Max Startup Time": 157.94, "Actual Min Total Time": 0.008, "Actual Max Total Time": 157.94, "Max Hash Buckets": 32768, "Min Hash Buckets": 32768, "Max Hash Batches": 1, "Min Hash Batches": 1, "Max Original Hash Batches": 1, "Min Original Hash Batches": 1, "Max Peak Memory Usage": 1, "min Peak Memory Usage": 1, "Plans": [{"Node Type": "Streaming(type: BROADCAST dop: 16/1)", "Parent Relationship": "Outer", "Startup Cost": 0.0, "Total Cost": 15012.81, "Plan Rows": 16, "Plan Width": 4, "Actual Min Startup Time": 0.004, "Actual Max Startup Time": 157.931, "Actual Min Total Time": 0.004, "Actual Max Total Time": 157.932, "Plans": [{"Node Type": "Index Scan", "Parent Relationship": "Outer", "Scan Direction": "Forward", "Index Name": "role_type_pkey", "Relation Name": "role_type", "Alias": "rt", "Startup Cost": 0.0, "Total Cost": 12.46, "Plan Rows": 1, "Plan Width": 4, "Actual Min Startup Time": 0.036, "Actual Max Startup Time": 0.036, "Actual Min Total Time": 0.039, "Actual Max Total Time": 0.039, "Filter": "((role)::text = 'costume designer'::text)", "Rows Removed by Filter": 11, "Actual Rows": 1}], "Actual Rows": 16}], "Actual Rows": 16}], "Actual Rows": 276403}], "Actual Rows": 276403}, {"Node Type": "Hash", "Parent Relationship": "Inner", "Startup Cost": 121444.67, "Total Cost": 121444.67, "Plan Rows": 901342, "Plan Width": 20, "Actual Min Startup Time": 1454.672, "Actual Max Startup Time": 1721.476, "Actual Min Total Time": 1454.672, "Actual Max Total Time": 1721.476, "Max Hash Buckets": 65536, "Min Hash Buckets": 65536, "Max Hash Batches": 1, "Min Hash Batches": 1, "Max Original Hash Batches": 1, "Min Original Hash Batches": 1, "Max Peak Memory Usage": 2981, "min Peak Memory Usage": 2981, "Plans": [{"Node Type": "Streaming(type: LOCAL REDISTRIBUTE dop: 16/1)", "Parent Relationship": "Outer", "Startup Cost": 0.0, "Total Cost": 121444.67, "Plan Rows": 901342, "Plan Width": 20, "Actual Min Startup Time": 0.038, "Actual Max Startup Time": 267.893, "Actual Min Total Time": 1437.52, "Actual Max Total Time": 1697.706, "Plans": [{"Node Type": "Index Scan", "Parent Relationship": "Outer", "Scan Direction": "Forward", "Index Name": "person_id_aka_name", "Relation Name": "aka_name", "Alias": "an1", "Startup Cost": 0.0, "Total Cost": 68965.03, "Plan Rows": 901342, "Plan Width": 20, "Actual Min Startup Time": 0.045, "Actual Max Startup Time": 0.045, "Actual Min Total Time": 790.494, "Actual Max Total Time": 790.494, "Actual Rows": 901342}], "Actual Rows": 901342}], "Actual Rows": 901342}], "Actual Rows": 218966}], "Actual Rows": 218966}, {"Node Type": "Hash", "Parent Relationship": "Inner", "Startup Cost": 139099.07, "Total Cost": 139099.07, "Plan Rows": 2609128, "Plan Width": 8, "Actual Min Startup Time": 615.186, "Actual Max Startup Time": 829.886, "Actual Min Total Time": 615.186, "Actual Max Total Time": 829.886, "Max Hash Buckets": 262144, "Min Hash Buckets": 262144, "Max Hash Batches": 1, "Min Hash Batches": 1, "Max Original Hash Batches": 1, "Min Original Hash Batches": 1, "Max Peak Memory Usage": 6396, "min Peak Memory Usage": 6396, "Plans": [{"Node Type": "Streaming(type: LOCAL REDISTRIBUTE dop: 16/16)", "Parent Relationship": "Outer", "Startup Cost": 0.0, "Total Cost": 139099.07, "Plan Rows": 2609128, "Plan Width": 8, "Actual Min Startup Time": 0.056, "Actual Max Startup Time": 113.189, "Actual Min Total Time": 559.012, "Actual Max Total Time": 772.166, "Plans": [{"Node Type": "Index Scan", "Parent Relationship": "Outer", "Scan Direction": "Forward", "Index Name": "company_id_movie_companies", "Relation Name": "movie_companies", "Alias": "mc", "Startup Cost": 0.0, "Total Cost": 114212.92, "Plan Rows": 2609128, "Plan Width": 8, "Actual Min Startup Time": 19.004, "Actual Max Startup Time": 177.289, "Actual Min Total Time": 203.954, "Actual Max Total Time": 513.187, "Actual Rows": 2609128}], "Actual Rows": 2609128}], "Actual Rows": 2609128}], "Actual Rows": 752819}], "Actual Rows": 752819}, {"Node Type": "Hash", "Parent Relationship": "Inner", "Startup Cost": 29042.93, "Total Cost": 29042.93, "Plan Rows": 85170, "Plan Width": 4, "Actual Min Startup Time": 536.375, "Actual Max Startup Time": 835.261, "Actual Min Total Time": 536.375, "Actual Max Total Time": 835.261, "Max Hash Buckets": 32768, "Min Hash Buckets": 32768, "Max Hash Batches": 1, "Min Hash Batches": 1, "Max Original Hash Batches": 1, "Min Original Hash Batches": 1, "Max Peak Memory Usage": 182, "min Peak Memory Usage": 182, "Plans": [{"Node Type": "Streaming(type: LOCAL REDISTRIBUTE dop: 16/1)", "Parent Relationship": "Outer", "Startup Cost": 0.0, "Total Cost": 29042.93, "Plan Rows": 85170, "Plan Width": 4, "Actual Min Startup Time": 0.032, "Actual Max Startup Time": 300.148, "Actual Min Total Time": 534.433, "Actual Max Total Time": 833.344, "Plans": [{"Node Type": "Index Scan", "Parent Relationship": "Outer", "Scan Direction": "Forward", "Index Name": "company_name_pkey", "Relation Name": "company_name", "Alias": "cn", "Startup Cost": 0.0, "Total Cost": 10501.39, "Plan Rows": 85170, "Plan Width": 4, "Actual Min Startup Time": 0.056, "Actual Max Startup Time": 0.056, "Actual Min Total Time": 461.422, "Actual Max Total Time": 461.422, "Filter": "((country_code)::text = '[us]'::text)", "Rows Removed by Filter": 150153, "Actual Rows": 84843}], "Actual Rows": 84843}], "Actual Rows": 84843}], "Actual Rows": 323005}], "Actual Rows": 323005}, {"Node Type": "Hash", "Parent Relationship": "Inner", "Startup Cost": 131553.26, "Total Cost": 131553.26, "Plan Rows": 4167490, "Plan Width": 4, "Actual Min Startup Time": 544.225, "Actual Max Startup Time": 856.796, "Actual Min Total Time": 544.225, "Actual Max Total Time": 856.796, "Max Hash Buckets": 262144, "Min Hash Buckets": 262144, "Max Hash Batches": 1, "Min Hash Batches": 1, "Max Original Hash Batches": 1, "Min Original Hash Batches": 1, "Max Peak Memory Usage": 9174, "min Peak Memory Usage": 9174, "Plans": [{"Node Type": "Streaming(type: LOCAL REDISTRIBUTE dop: 16/16)", "Parent Relationship": "Outer", "Startup Cost": 0.0, "Total Cost": 131553.26, "Plan Rows": 4167490, "Plan Width": 4, "Actual Min Startup Time": 0.051, "Actual Max Startup Time": 188.664, "Actual Min Total Time": 417.759, "Actual Max Total Time": 778.497, "Plans": [{"Node Type": "Index Only Scan", "Parent Relationship": "Outer", "Scan Direction": "Forward", "Index Name": "name_pkey", "Relation Name": "name", "Alias": "n1", "Startup Cost": 0.0, "Total Cost": 100762.38, "Plan Rows": 4167490, "Plan Width": 4, "Actual Min Startup Time": 17.283, "Actual Max Startup Time": 192.328, "Actual Min Total Time": 76.095, "Actual Max Total Time": 250.704, "Heap Fetches": 0, "Actual Rows": 4167490}], "Actual Rows": 4167490}], "Actual Rows": 4167490}], "Actual Rows": 323005}], "Actual Rows": 323005}, {"Node Type": "Hash", "Parent Relationship": "Inner", "Startup Cost": 125997.5, "Total Cost": 125997.5, "Plan Rows": 2528311, "Plan Width": 21, "Actual Min Startup Time": 645.186, "Actual Max Startup Time": 966.673, "Actual Min Total Time": 645.186, "Actual Max Total Time": 966.673, "Max Hash Buckets": 262144, "Min Hash Buckets": 262144, "Max Hash Batches": 1, "Min Hash Batches": 1, "Max Original Hash Batches": 1, "Min Original Hash Batches": 1, "Max Peak Memory Usage": 8518, "min Peak Memory Usage": 8518, "Plans": [{"Node Type": "Streaming(type: LOCAL REDISTRIBUTE dop: 16/16)", "Parent Relationship": "Outer", "Startup Cost": 0.0, "Total Cost": 125997.5, "Plan Rows": 2528311, "Plan Width": 21, "Actual Min Startup Time": 0.051, "Actual Max Startup Time": 213.68, "Actual Min Total Time": 568.68, "Actual Max Total Time": 915.11, "Plans": [{"Node Type": "Index Scan", "Parent Relationship": "Outer", "Scan Direction": "Forward", "Index Name": "title_pkey", "Relation Name": "title", "Alias": "t", "Startup Cost": 0.0, "Total Cost": 101417.57, "Plan Rows": 2528311, "Plan Width": 21, "Actual Min Startup Time": 15.493, "Actual Max Startup Time": 56.079, "Actual Min Total Time": 308.397, "Actual Max Total Time": 483.077, "Actual Rows": 2528311}], "Actual Rows": 2528311}], "Actual Rows": 2528311}], "Actual Rows": 323005}], "Actual Rows": 16}], "Actual Rows": 16}], "Actual Rows": 1}, "Triggers": [], "Planner Runtime": 122.952, "Total Runtime": 3060.918, "Unique SQL Id": 2457761703}}, "(16, '42')": {"explain_plan": {"Plan": {"Node Type": "Aggregate", "Strategy": "Plain", "Startup Cost": 287566.27, "Total Cost": 287566.3, "Plan Rows": 1, "Plan Width": 97, "Plans": [{"Node Type": "Streaming(type: LOCAL GATHER dop: 1/16)", "Parent Relationship": "Outer", "Startup Cost": 287566.27, "Total Cost": 287566.3, "Plan Rows": 1, "Plan Width": 97, "Plans": [{"Node Type": "Aggregate", "Strategy": "Plain", "Parent Relationship": "Outer", "Startup Cost": 287566.27, "Total Cost": 287566.28, "Plan Rows": 1, "Plan Width": 97, "Plans": [{"Node Type": "Hash Join", "Parent Relationship": "Outer", "Join Type": "Inner", "Startup Cost": 142621.96, "Total Cost": 285780.78, "Plan Rows": 357098, "Plan Width": 33, "Inner Unique": true, "Hash Cond": "(an1.person_id = n1.id), (LLVM Optimized)", "Plans": [{"Node Type": "Streaming(type: LOCAL REDISTRIBUTE dop: 16/16)", "Parent Relationship": "Outer", "Startup Cost": 126464.14, "Total Cost": 269316.07, "Plan Rows": 357098, "Plan Width": 41, "Plans": [{"Node Type": "Hash Join", "Parent Relationship": "Outer", "Join Type": "Inner", "Startup Cost": 126464.14, "Total Cost": 252963.01, "Plan Rows": 357098, "Plan Width": 41, "Inner Unique": true, "Hash Cond": "(ci.movie_id = t.id), (LLVM Optimized)", "Plans": [{"Node Type": "Streaming(type: LOCAL REDISTRIBUTE dop: 16/16)", "Parent Relationship": "Outer", "Startup Cost": 113655.34, "Total Cost": 239847.25, "Plan Rows": 357379, "Plan Width": 32, "Plans": [{"Node Type": "Hash Join", "Parent Relationship": "Outer", "Join Type": "Inner", "Startup Cost": 113655.34, "Total Cost": 223493.12, "Plan Rows": 357379, "Plan Width": 32, "Inner Unique": false, "Hash Cond": "(ci.person_id = an1.person_id), (LLVM Optimized)", "Plans": [{"Node Type": "Streaming(type: LOCAL REDISTRIBUTE dop: 16/16)", "Parent Relationship": "Outer", "Startup Cost": 104286.28, "Total Cost": 212931.86, "Plan Rows": 711018, "Plan Width": 12, "Plans": [{"Node Type": "Hash Join", "Parent Relationship": "Outer", "Join Type": "Inner", "Startup Cost": 104286.28, "Total Cost": 195237.77, "Plan Rows": 711018, "Plan Width": 12, "Inner Unique": false, "Hash Cond": "(ci.movie_id = mc.movie_id), (LLVM Optimized)", "Plans": [{"Node Type": "Streaming(type: LOCAL REDISTRIBUTE dop: 16/16)", "Parent Relationship": "Outer", "Startup Cost": 15001.51, "Total Cost": 102848.74, "Plan Rows": 3296318, "Plan Width": 8, "Plans": [{"Node Type": "Hash Join", "Parent Relationship": "Outer", "Join Type": "Inner", "Startup Cost": 15001.51, "Total Cost": 75358.79, "Plan Rows": 3296318, "Plan Width": 8, "Inner Unique": true, "Hash Cond": "(ci.role_id = rt.id), (LLVM Optimized)", "Plans": [{"Node Type": "Seq Scan", "Parent Relationship": "Outer", "Relation Name": "cast_info", "Alias": "ci", "Startup Cost": 0.0, "Total Cost": 52617.37, "Plan Rows": 36259494, "Plan Width": 12}, {"Node Type": "Hash", "Parent Relationship": "Inner", "Startup Cost": 15001.5, "Total Cost": 15001.5, "Plan Rows": 16, "Plan Width": 4, "Plans": [{"Node Type": "Streaming(type: BROADCAST dop: 16/1)", "Parent Relationship": "Outer", "Startup Cost": 0.0, "Total Cost": 15001.5, "Plan Rows": 16, "Plan Width": 4, "Plans": [{"Node Type": "Seq Scan", "Parent Relationship": "Outer", "Relation Name": "role_type", "Alias": "rt", "Startup Cost": 0.0, "Total Cost": 1.15, "Plan Rows": 1, "Plan Width": 4, "Filter": "((role)::text = 'costume designer'::text)"}]}]}]}]}, {"Node Type": "Hash", "Parent Relationship": "Inner", "Startup Cost": 88282.97, "Total Cost": 88282.97, "Plan Rows": 1282311, "Plan Width": 4, "Plans": [{"Node Type": "Streaming(type: LOCAL REDISTRIBUTE dop: 16/16)", "Parent Relationship": "Outer", "Startup Cost": 24511.53, "Total Cost": 88282.97, "Plan Rows": 1282311, "Plan Width": 4, "Plans": [{"Node Type": "Hash Join", "Parent Relationship": "Outer", "Join Type": "Inner", "Startup Cost": 24511.53, "Total Cost": 68424.21, "Plan Rows": 1282311, "Plan Width": 4, "Inner Unique": true, "Hash Cond": "(mc.company_id = cn.id), (LLVM Optimized)", "Plans": [{"Node Type": "Streaming(type: LOCAL REDISTRIBUTE dop: 16/16)", "Parent Relationship": "Outer", "Startup Cost": 0.0, "Total Cost": 42499.73, "Plan Rows": 2609128, "Plan Width": 8, "Plans": [{"Node Type": "Seq Scan", "Parent Relationship": "Outer", "Relation Name": "movie_companies", "Alias": "mc", "Startup Cost": 0.0, "Total Cost": 17613.58, "Plan Rows": 2609128, "Plan Width": 8}]}, {"Node Type": "Hash", "Parent Relationship": "Inner", "Startup Cost": 24444.99, "Total Cost": 24444.99, "Plan Rows": 85170, "Plan Width": 4, "Plans": [{"Node Type": "Streaming(type: LOCAL REDISTRIBUTE dop: 16/1)", "Parent Relationship": "Outer", "Startup Cost": 0.0, "Total Cost": 24444.99, "Plan Rows": 85170, "Plan Width": 4, "Plans": [{"Node Type": "Seq Scan", "Parent Relationship": "Outer", "Relation Name": "company_name", "Alias": "cn", "Startup Cost": 0.0, "Total Cost": 5903.45, "Plan Rows": 85170, "Plan Width": 4, "Filter": "((country_code)::text = '[us]'::text)"}]}]}]}]}]}]}]}, {"Node Type": "Hash", "Parent Relationship": "Inner", "Startup Cost": 34659.52, "Total Cost": 34659.52, "Plan Rows": 901342, "Plan Width": 20, "Plans": [{"Node Type": "Streaming(type: LOCAL REDISTRIBUTE dop: 16/16)", "Parent Relationship": "Outer", "Startup Cost": 0.0, "Total Cost": 34659.52, "Plan Rows": 901342, "Plan Width": 20, "Plans": [{"Node Type": "Seq Scan", "Parent Relationship": "Outer", "Relation Name": "aka_name", "Alias": "an1", "Startup Cost": 0.0, "Total Cost": 16244.28, "Plan Rows": 901342, "Plan Width": 20}]}]}]}]}, {"Node Type": "Hash", "Parent Relationship": "Inner", "Startup Cost": 43334.25, "Total Cost": 43334.25, "Plan Rows": 2528311, "Plan Width": 21, "Plans": [{"Node Type": "Streaming(type: LOCAL REDISTRIBUTE dop: 16/16)", "Parent Relationship": "Outer", "Startup Cost": 0.0, "Total Cost": 43334.25, "Plan Rows": 2528311, "Plan Width": 21, "Plans": [{"Node Type": "Seq Scan", "Parent Relationship": "Outer", "Relation Name": "title", "Alias": "t", "Startup Cost": 0.0, "Total Cost": 18754.32, "Plan Rows": 2528311, "Plan Width": 21}]}]}]}]}, {"Node Type": "Hash", "Parent Relationship": "Inner", "Startup Cost": 51607.87, "Total Cost": 51607.87, "Plan Rows": 4167490, "Plan Width": 4, "Plans": [{"Node Type": "Streaming(type: LOCAL REDISTRIBUTE dop: 16/16)", "Parent Relationship": "Outer", "Startup Cost": 0.0, "Total Cost": 51607.87, "Plan Rows": 4167490, "Plan Width": 4, "Plans": [{"Node Type": "Seq Scan", "Parent Relationship": "Outer", "Relation Name": "name", "Alias": "n1", "Startup Cost": 0.0, "Total Cost": 20816.99, "Plan Rows": 4167490, "Plan Width": 4}]}]}]}]}]}]}, "Unique SQL Id": 2457761703, "Planner Runtime": 196}, "explain_analyze_plan": {"Plan": {"Node Type": "Aggregate", "Strategy": "Plain", "Startup Cost": 287566.27, "Total Cost": 287566.3, "Plan Rows": 1, "Plan Width": 97, "Actual Min Startup Time": 1429.474, "Actual Max Startup Time": 1429.474, "Actual Min Total Time": 1429.474, "Actual Max Total Time": 1429.474, "Plans": [{"Node Type": "Streaming(type: LOCAL GATHER dop: 1/16)", "Parent Relationship": "Outer", "Startup Cost": 287566.27, "Total Cost": 287566.3, "Plan Rows": 1, "Plan Width": 97, "Actual Min Startup Time": 1428.475, "Actual Max Startup Time": 1428.475, "Actual Min Total Time": 1429.447, "Actual Max Total Time": 1429.447, "Plans": [{"Node Type": "Aggregate", "Strategy": "Plain", "Parent Relationship": "Outer", "Startup Cost": 287566.27, "Total Cost": 287566.28, "Plan Rows": 1, "Plan Width": 97, "Actual Min Startup Time": 1046.427, "Actual Max Startup Time": 1225.524, "Actual Min Total Time": 1046.427, "Actual Max Total Time": 1225.525, "Plans": [{"Node Type": "Hash Join", "Parent Relationship": "Outer", "Join Type": "Inner", "Startup Cost": 142621.96, "Total Cost": 285780.78, "Plan Rows": 357098, "Plan Width": 33, "Actual Min Startup Time": 657.95, "Actual Max Startup Time": 846.411, "Actual Min Total Time": 1031.721, "Actual Max Total Time": 1217.172, "Inner Unique": true, "Hash Cond": "(an1.person_id = n1.id), (LLVM Optimized, Jit Execute)", "Plans": [{"Node Type": "Streaming(type: LOCAL REDISTRIBUTE dop: 16/16)", "Parent Relationship": "Outer", "Startup Cost": 126464.14, "Total Cost": 269316.07, "Plan Rows": 357098, "Plan Width": 41, "Actual Min Startup Time": 138.252, "Actual Max Startup Time": 161.278, "Actual Min Total Time": 500.465, "Actual Max Total Time": 521.157, "Plans": [{"Node Type": "Hash Join", "Parent Relationship": "Outer", "Join Type": "Inner", "Startup Cost": 126464.14, "Total Cost": 252963.01, "Plan Rows": 357098, "Plan Width": 41, "Actual Min Startup Time": 650.282, "Actual Max Startup Time": 827.406, "Actual Min Total Time": 1018.2, "Actual Max Total Time": 1197.69, "Inner Unique": true, "Hash Cond": "(ci.movie_id = t.id), (LLVM Optimized, Jit Execute)", "Plans": [{"Node Type": "Streaming(type: LOCAL REDISTRIBUTE dop: 16/16)", "Parent Relationship": "Outer", "Startup Cost": 113655.34, "Total Cost": 239847.25, "Plan Rows": 357379, "Plan Width": 32, "Actual Min Startup Time": 284.581, "Actual Max Startup Time": 292.563, "Actual Min Total Time": 643.034, "Actual Max Total Time": 653.83, "Plans": [{"Node Type": "Hash Join", "Parent Relationship": "Outer", "Join Type": "Inner", "Startup Cost": 113655.34, "Total Cost": 223493.12, "Plan Rows": 357379, "Plan Width": 32, "Actual Min Startup Time": 656.508, "Actual Max Startup Time": 864.813, "Actual Min Total Time": 976.219, "Actual Max Total Time": 1211.51, "Inner Unique": false, "Hash Cond": "(ci.person_id = an1.person_id), (LLVM Optimized, Jit Execute)", "Plans": [{"Node Type": "Streaming(type: LOCAL REDISTRIBUTE dop: 16/16)", "Parent Relationship": "Outer", "Startup Cost": 104286.28, "Total Cost": 212931.86, "Plan Rows": 711018, "Plan Width": 12, "Actual Min Startup Time": 516.593, "Actual Max Startup Time": 530.476, "Actual Min Total Time": 825.032, "Actual Max Total Time": 876.688, "Plans": [{"Node Type": "Hash Join", "Parent Relationship": "Outer", "Join Type": "Inner", "Startup Cost": 104286.28, "Total Cost": 195237.77, "Plan Rows": 711018, "Plan Width": 12, "Actual Min Startup Time": 655.48, "Actual Max Startup Time": 884.626, "Actual Min Total Time": 967.321, "Actual Max Total Time": 1196.253, "Inner Unique": false, "Hash Cond": "(ci.movie_id = mc.movie_id), (LLVM Optimized, Jit Execute)", "Plans": [{"Node Type": "Streaming(type: LOCAL REDISTRIBUTE dop: 16/16)", "Parent Relationship": "Outer", "Startup Cost": 15001.51, "Total Cost": 102848.74, "Plan Rows": 3296318, "Plan Width": 8, "Actual Min Startup Time": 0.062, "Actual Max Startup Time": 0.846, "Actual Min Total Time": 293.775, "Actual Max Total Time": 312.773, "Plans": [{"Node Type": "Hash Join", "Parent Relationship": "Outer", "Join Type": "Inner", "Startup Cost": 15001.51, "Total Cost": 75358.79, "Plan Rows": 3296318, "Plan Width": 8, "Actual Min Startup Time": 729.862, "Actual Max Startup Time": 782.989, "Actual Min Total Time": 934.617, "Actual Max Total Time": 992.529, "Inner Unique": true, "Hash Cond": "(ci.role_id = rt.id), (LLVM Optimized, Jit Execute)", "Plans": [{"Node Type": "Seq Scan", "Parent Relationship": "Outer", "Relation Name": "cast_info", "Alias": "ci", "Startup Cost": 0.0, "Total Cost": 52617.37, "Plan Rows": 36259494, "Plan Width": 12, "Actual Min Startup Time": 0.029, "Actual Max Startup Time": 0.042, "Actual Min Total Time": 515.441, "Actual Max Total Time": 569.135, "Actual Rows": 36244343}, {"Node Type": "Hash", "Parent Relationship": "Inner", "Startup Cost": 15001.5, "Total Cost": 15001.5, "Plan Rows": 16, "Plan Width": 4, "Actual Min Startup Time": 0.012, "Actual Max Startup Time": 11.903, "Actual Min Total Time": 0.012, "Actual Max Total Time": 11.903, "Max Hash Buckets": 32768, "Min Hash Buckets": 32768, "Max Hash Batches": 1, "Min Hash Batches": 1, "Max Original Hash Batches": 1, "Min Original Hash Batches": 1, "Max Peak Memory Usage": 1, "min Peak Memory Usage": 1, "Plans": [{"Node Type": "Streaming(type: BROADCAST dop: 16/1)", "Parent Relationship": "Outer", "Startup Cost": 0.0, "Total Cost": 15001.5, "Plan Rows": 16, "Plan Width": 4, "Actual Min Startup Time": 0.004, "Actual Max Startup Time": 11.888, "Actual Min Total Time": 0.004, "Actual Max Total Time": 11.889, "Plans": [{"Node Type": "Seq Scan", "Parent Relationship": "Outer", "Relation Name": "role_type", "Alias": "rt", "Startup Cost": 0.0, "Total Cost": 1.15, "Plan Rows": 1, "Plan Width": 4, "Actual Min Startup Time": 0.025, "Actual Max Startup Time": 0.025, "Actual Min Total Time": 0.027, "Actual Max Total Time": 0.027, "Filter": "((role)::text = 'costume designer'::text)", "Rows Removed by Filter": 11, "Actual Rows": 1}], "Actual Rows": 16}], "Actual Rows": 16}], "Actual Rows": 276403}], "Actual Rows": 276403}, {"Node Type": "Hash", "Parent Relationship": "Inner", "Startup Cost": 88282.97, "Total Cost": 88282.97, "Plan Rows": 1282311, "Plan Width": 4, "Actual Min Startup Time": 655.204, "Actual Max Startup Time": 884.113, "Actual Min Total Time": 655.204, "Actual Max Total Time": 884.113, "Max Hash Buckets": 131072, "Min Hash Buckets": 131072, "Max Hash Batches": 1, "Min Hash Batches": 1, "Max Original Hash Batches": 1, "Min Original Hash Batches": 1, "Max Peak Memory Usage": 2542, "min Peak Memory Usage": 2542, "Plans": [{"Node Type": "Streaming(type: LOCAL REDISTRIBUTE dop: 16/16)", "Parent Relationship": "Outer", "Startup Cost": 24511.53, "Total Cost": 88282.97, "Plan Rows": 1282311, "Plan Width": 4, "Actual Min Startup Time": 186.112, "Actual Max Startup Time": 414.758, "Actual Min Total Time": 627.769, "Actual Max Total Time": 863.493, "Plans": [{"Node Type": "Hash Join", "Parent Relationship": "Outer", "Join Type": "Inner", "Startup Cost": 24511.53, "Total Cost": 68424.21, "Plan Rows": 1282311, "Plan Width": 4, "Actual Min Startup Time": 176.757, "Actual Max Startup Time": 400.58, "Actual Min Total Time": 517.522, "Actual Max Total Time": 794.956, "Inner Unique": true, "Hash Cond": "(mc.company_id = cn.id), (LLVM Optimized, Jit Execute)", "Plans": [{"Node Type": "Streaming(type: LOCAL REDISTRIBUTE dop: 16/16)", "Parent Relationship": "Outer", "Startup Cost": 0.0, "Total Cost": 42499.73, "Plan Rows": 2609128, "Plan Width": 8, "Actual Min Startup Time": 0.062, "Actual Max Startup Time": 1.791, "Actual Min Total Time": 265.249, "Actual Max Total Time": 357.061, "Plans": [{"Node Type": "Seq Scan", "Parent Relationship": "Outer", "Relation Name": "movie_companies", "Alias": "mc", "Startup Cost": 0.0, "Total Cost": 17613.58, "Plan Rows": 2609128, "Plan Width": 8, "Actual Min Startup Time": 0.026, "Actual Max Startup Time": 0.044, "Actual Min Total Time": 42.83, "Actual Max Total Time": 51.451, "Actual Rows": 2609128}], "Actual Rows": 2609128}, {"Node Type": "Hash", "Parent Relationship": "Inner", "Startup Cost": 24444.99, "Total Cost": 24444.99, "Plan Rows": 85170, "Plan Width": 4, "Actual Min Startup Time": 176.63, "Actual Max Startup Time": 399.346, "Actual Min Total Time": 176.63, "Actual Max Total Time": 399.346, "Max Hash Buckets": 32768, "Min Hash Buckets": 32768, "Max Hash Batches": 1, "Min Hash Batches": 1, "Max Original Hash Batches": 1, "Min Original Hash Batches": 1, "Max Peak Memory Usage": 182, "min Peak Memory Usage": 182, "Plans": [{"Node Type": "Streaming(type: LOCAL REDISTRIBUTE dop: 16/1)", "Parent Relationship": "Outer", "Startup Cost": 0.0, "Total Cost": 24444.99, "Plan Rows": 85170, "Plan Width": 4, "Actual Min Startup Time": 0.035, "Actual Max Startup Time": 218.603, "Actual Min Total Time": 174.868, "Actual Max Total Time": 397.632, "Plans": [{"Node Type": "Seq Scan", "Parent Relationship": "Outer", "Relation Name": "company_name", "Alias": "cn", "Startup Cost": 0.0, "Total Cost": 5903.45, "Plan Rows": 85170, "Plan Width": 4, "Actual Min Startup Time": 0.038, "Actual Max Startup Time": 0.038, "Actual Min Total Time": 94.596, "Actual Max Total Time": 94.596, "Filter": "((country_code)::text = '[us]'::text)", "Rows Removed by Filter": 150153, "Actual Rows": 84843}], "Actual Rows": 84843}], "Actual Rows": 84843}], "Actual Rows": 1153797}], "Actual Rows": 1153797}], "Actual Rows": 1153797}], "Actual Rows": 285537}], "Actual Rows": 285537}, {"Node Type": "Hash", "Parent Relationship": "Inner", "Startup Cost": 34659.52, "Total Cost": 34659.52, "Plan Rows": 901342, "Plan Width": 20, "Actual Min Startup Time": 129.879, "Actual Max Startup Time": 348.156, "Actual Min Total Time": 129.879, "Actual Max Total Time": 348.156, "Max Hash Buckets": 65536, "Min Hash Buckets": 65536, "Max Hash Batches": 1, "Min Hash Batches": 1, "Max Original Hash Batches": 1, "Min Original Hash Batches": 1, "Max Peak Memory Usage": 2981, "min Peak Memory Usage": 2981, "Plans": [{"Node Type": "Streaming(type: LOCAL REDISTRIBUTE dop: 16/16)", "Parent Relationship": "Outer", "Startup Cost": 0.0, "Total Cost": 34659.52, "Plan Rows": 901342, "Plan Width": 20, "Actual Min Startup Time": 0.048, "Actual Max Startup Time": 211.292, "Actual Min Total Time": 113.469, "Actual Max Total Time": 331.199, "Plans": [{"Node Type": "Seq Scan", "Parent Relationship": "Outer", "Relation Name": "aka_name", "Alias": "an1", "Startup Cost": 0.0, "Total Cost": 16244.28, "Plan Rows": 901342, "Plan Width": 20, "Actual Min Startup Time": 0.02, "Actual Max Startup Time": 0.037, "Actual Min Total Time": 16.899, "Actual Max Total Time": 20.777, "Actual Rows": 901342}], "Actual Rows": 901342}], "Actual Rows": 901342}], "Actual Rows": 323005}], "Actual Rows": 323005}, {"Node Type": "Hash", "Parent Relationship": "Inner", "Startup Cost": 43334.25, "Total Cost": 43334.25, "Plan Rows": 2528311, "Plan Width": 21, "Actual Min Startup Time": 361.928, "Actual Max Startup Time": 536.694, "Actual Min Total Time": 361.928, "Actual Max Total Time": 536.694, "Max Hash Buckets": 262144, "Min Hash Buckets": 262144, "Max Hash Batches": 1, "Min Hash Batches": 1, "Max Original Hash Batches": 1, "Min Original Hash Batches": 1, "Max Peak Memory Usage": 8518, "min Peak Memory Usage": 8518, "Plans": [{"Node Type": "Streaming(type: LOCAL REDISTRIBUTE dop: 16/16)", "Parent Relationship": "Outer", "Startup Cost": 0.0, "Total Cost": 43334.25, "Plan Rows": 2528311, "Plan Width": 21, "Actual Min Startup Time": 0.052, "Actual Max Startup Time": 29.929, "Actual Min Total Time": 291.244, "Actual Max Total Time": 484.112, "Plans": [{"Node Type": "Seq Scan", "Parent Relationship": "Outer", "Relation Name": "title", "Alias": "t", "Startup Cost": 0.0, "Total Cost": 18754.32, "Plan Rows": 2528311, "Plan Width": 21, "Actual Min Startup Time": 0.018, "Actual Max Startup Time": 0.034, "Actual Min Total Time": 48.948, "Actual Max Total Time": 58.428, "Actual Rows": 2528311}], "Actual Rows": 2528311}], "Actual Rows": 2528311}], "Actual Rows": 323005}], "Actual Rows": 323005}, {"Node Type": "Hash", "Parent Relationship": "Inner", "Startup Cost": 51607.87, "Total Cost": 51607.87, "Plan Rows": 4167490, "Plan Width": 4, "Actual Min Startup Time": 514.494, "Actual Max Startup Time": 693.507, "Actual Min Total Time": 514.494, "Actual Max Total Time": 693.507, "Max Hash Buckets": 262144, "Min Hash Buckets": 262144, "Max Hash Batches": 1, "Min Hash Batches": 1, "Max Original Hash Batches": 1, "Min Original Hash Batches": 1, "Max Peak Memory Usage": 9174, "min Peak Memory Usage": 9174, "Plans": [{"Node Type": "Streaming(type: LOCAL REDISTRIBUTE dop: 16/16)", "Parent Relationship": "Outer", "Startup Cost": 0.0, "Total Cost": 51607.87, "Plan Rows": 4167490, "Plan Width": 4, "Actual Min Startup Time": 0.053, "Actual Max Startup Time": 140.533, "Actual Min Total Time": 409.113, "Actual Max Total Time": 612.992, "Plans": [{"Node Type": "Seq Scan", "Parent Relationship": "Outer", "Relation Name": "name", "Alias": "n1", "Startup Cost": 0.0, "Total Cost": 20816.99, "Plan Rows": 4167490, "Plan Width": 4, "Actual Min Startup Time": 0.017, "Actual Max Startup Time": 0.034, "Actual Min Total Time": 74.859, "Actual Max Total Time": 86.06, "Actual Rows": 4167490}], "Actual Rows": 4167490}], "Actual Rows": 4167490}], "Actual Rows": 323005}], "Actual Rows": 16}], "Actual Rows": 16}], "Actual Rows": 1}, "Triggers": [], "Planner Runtime": 195.615, "Total Runtime": 1475.961, "Unique SQL Id": 2457761703}}, "(16, '43')": {"explain_plan": {"Plan": {"Node Type": "Aggregate", "Strategy": "Plain", "Startup Cost": 7003513384784.16, "Total Cost": 7003513384784.17, "Plan Rows": 1, "Plan Width": 97, "Plans": [{"Node Type": "Hash Join", "Parent Relationship": "Outer", "Join Type": "Inner", "Startup Cost": 5023377247859.3, "Total Cost": 7003513382998.67, "Plan Rows": 357098, "Plan Width": 33, "Inner Unique": false, "Hash Cond": "(ci.movie_id = t.id), (LLVM Optimized)", "Plans": [{"Node Type": "Hash Join", "Parent Relationship": "Outer", "Join Type": "Inner", "Startup Cost": 2020019443123.83, "Total Cost": 4000155565172.37, "Plan Rows": 1484588, "Plan Width": 20, "Inner Unique": false, "Hash Cond": "(n1.id = an1.person_id), (LLVM Optimized)", "Plans": [{"Node Type": "Nested Loop", "Parent Relationship": "Outer", "Join Type": "Inner", "Startup Cost": 1020012535353.62, "Total Cost": 3000147641877.34, "Plan Rows": 3296318, "Plan Width": 12, "Inner Unique": false, "Join Filter": "(ci.role_id = rt.id), (LLVM Optimized)", "Plans": [{"Node Type": "Index Scan", "Parent Relationship": "Outer", "Scan Direction": "Forward", "Index Name": "role_type_pkey", "Relation Name": "role_type", "Alias": "rt", "Startup Cost": 10000000000.0, "Total Cost": 1000000001246.0, "Plan Rows": 1, "Plan Width": 4, "Filter": "((role)::text = 'costume designer'::text)"}, {"Node Type": "Hash Join", "Parent Relationship": "Inner", "Join Type": "Inner", "Startup Cost": 1010012535353.62, "Total Cost": 2000147187387.67, "Plan Rows": 36259494, "Plan Width": 16, "Inner Unique": true, "Hash Cond": "(ci.person_id = n1.id), (LLVM Optimized)", "Plans": [{"Node Type": "Index Scan", "Parent Relationship": "Outer", "Scan Direction": "Forward", "Index Name": "role_id_cast_info", "Relation Name": "cast_info", "Alias": "ci", "Startup Cost": 10000000000.0, "Total Cost": 1000134153466.0, "Plan Rows": 36259494, "Plan Width": 12}, {"Node Type": "Hash", "Parent Relationship": "Inner", "Startup Cost": 1000012483260.0, "Total Cost": 1000012483260.0, "Plan Rows": 4167490, "Plan Width": 4, "Plans": [{"Node Type": "Index Only Scan", "Parent Relationship": "Outer", "Scan Direction": "Forward", "Index Name": "name_pkey", "Relation Name": "name", "Alias": "n1", "Startup Cost": 10000000000.0, "Total Cost": 1000012483260.0, "Plan Rows": 4167490, "Plan Width": 4}]}]}]}, {"Node Type": "Hash", "Parent Relationship": "Inner", "Startup Cost": 1000006896503.43, "Total Cost": 1000006896503.43, "Plan Rows": 901342, "Plan Width": 20, "Plans": [{"Node Type": "Index Scan", "Parent Relationship": "Outer", "Scan Direction": "Forward", "Index Name": "person_id_aka_name", "Relation Name": "aka_name", "Alias": "an1", "Startup Cost": 10000000000.0, "Total Cost": 1000006896503.43, "Plan Rows": 901342, "Plan Width": 20}]}]}, {"Node Type": "Hash", "Parent Relationship": "Inner", "Startup Cost": 3003357788706.59, "Total Cost": 3003357788706.59, "Plan Rows": 1282311, "Plan Width": 25, "Plans": [{"Node Type": "Nested Loop", "Parent Relationship": "Outer", "Join Type": "Inner", "Startup Cost": 1020011043652.8, "Total Cost": 3003357788706.59, "Plan Rows": 1282311, "Plan Width": 25, "Inner Unique": true, "Join Filter": "(mc.company_id = cn.id), (LLVM Optimized)", "Plans": [{"Node Type": "Hash Join", "Parent Relationship": "Outer", "Join Type": "Inner", "Startup Cost": 1010011043652.8, "Total Cost": 2000023446878.29, "Plan Rows": 2609128, "Plan Width": 29, "Inner Unique": true, "Hash Cond": "(mc.movie_id = t.id), (LLVM Optimized)", "Plans": [{"Node Type": "Index Scan", "Parent Relationship": "Outer", "Scan Direction": "Forward", "Index Name": "company_id_movie_companies", "Relation Name": "movie_companies", "Alias": "mc", "Startup Cost": 10000000000.0, "Total Cost": 1000012367349.98, "Plan Rows": 2609128, "Plan Width": 8}, {"Node Type": "Hash", "Parent Relationship": "Inner", "Startup Cost": 1000011012048.91, "Total Cost": 1000011012048.91, "Plan Rows": 2528311, "Plan Width": 21, "Plans": [{"Node Type": "Index Scan", "Parent Relationship": "Outer", "Scan Direction": "Forward", "Index Name": "title_pkey", "Relation Name": "title", "Alias": "t", "Startup Cost": 10000000000.0, "Total Cost": 1000011012048.91, "Plan Rows": 2528311, "Plan Width": 21}]}]}, {"Node Type": "Materialize", "Parent Relationship": "Inner", "Startup Cost": 10000000000.0, "Total Cost": 1000001050564.82, "Plan Rows": 85170, "Plan Width": 4, "Plans": [{"Node Type": "Index Scan", "Parent Relationship": "Outer", "Scan Direction": "Forward", "Index Name": "company_name_pkey", "Relation Name": "company_name", "Alias": "cn", "Startup Cost": 10000000000.0, "Total Cost": 1000001050138.97, "Plan Rows": 85170, "Plan Width": 4, "Filter": "((country_code)::text = '[us]'::text)"}]}]}]}]}]}, "Unique SQL Id": 2457761703, "Planner Runtime": 54}, "explain_analyze_plan": null}, "(16, '44')": {"explain_plan": {"Plan": {"Node Type": "Aggregate", "Strategy": "Plain", "Startup Cost": 287566.27, "Total Cost": 287566.3, "Plan Rows": 1, "Plan Width": 97, "Plans": [{"Node Type": "Streaming(type: LOCAL GATHER dop: 1/16)", "Parent Relationship": "Outer", "Startup Cost": 287566.27, "Total Cost": 287566.3, "Plan Rows": 1, "Plan Width": 97, "Plans": [{"Node Type": "Aggregate", "Strategy": "Plain", "Parent Relationship": "Outer", "Startup Cost": 287566.27, "Total Cost": 287566.28, "Plan Rows": 1, "Plan Width": 97, "Plans": [{"Node Type": "Hash Join", "Parent Relationship": "Outer", "Join Type": "Inner", "Startup Cost": 142621.96, "Total Cost": 285780.78, "Plan Rows": 357098, "Plan Width": 33, "Inner Unique": true, "Hash Cond": "(an1.person_id = n1.id), (LLVM Optimized)", "Plans": [{"Node Type": "Streaming(type: LOCAL REDISTRIBUTE dop: 16/16)", "Parent Relationship": "Outer", "Startup Cost": 126464.14, "Total Cost": 269316.07, "Plan Rows": 357098, "Plan Width": 41, "Plans": [{"Node Type": "Hash Join", "Parent Relationship": "Outer", "Join Type": "Inner", "Startup Cost": 126464.14, "Total Cost": 252963.01, "Plan Rows": 357098, "Plan Width": 41, "Inner Unique": true, "Hash Cond": "(ci.movie_id = t.id), (LLVM Optimized)", "Plans": [{"Node Type": "Streaming(type: LOCAL REDISTRIBUTE dop: 16/16)", "Parent Relationship": "Outer", "Startup Cost": 113655.34, "Total Cost": 239847.25, "Plan Rows": 357379, "Plan Width": 32, "Plans": [{"Node Type": "Hash Join", "Parent Relationship": "Outer", "Join Type": "Inner", "Startup Cost": 113655.34, "Total Cost": 223493.12, "Plan Rows": 357379, "Plan Width": 32, "Inner Unique": false, "Hash Cond": "(ci.person_id = an1.person_id), (LLVM Optimized)", "Plans": [{"Node Type": "Streaming(type: LOCAL REDISTRIBUTE dop: 16/16)", "Parent Relationship": "Outer", "Startup Cost": 104286.28, "Total Cost": 212931.86, "Plan Rows": 711018, "Plan Width": 12, "Plans": [{"Node Type": "Hash Join", "Parent Relationship": "Outer", "Join Type": "Inner", "Startup Cost": 104286.28, "Total Cost": 195237.77, "Plan Rows": 711018, "Plan Width": 12, "Inner Unique": false, "Hash Cond": "(ci.movie_id = mc.movie_id), (LLVM Optimized)", "Plans": [{"Node Type": "Streaming(type: LOCAL REDISTRIBUTE dop: 16/16)", "Parent Relationship": "Outer", "Startup Cost": 15001.51, "Total Cost": 102848.74, "Plan Rows": 3296318, "Plan Width": 8, "Plans": [{"Node Type": "Hash Join", "Parent Relationship": "Outer", "Join Type": "Inner", "Startup Cost": 15001.51, "Total Cost": 75358.79, "Plan Rows": 3296318, "Plan Width": 8, "Inner Unique": true, "Hash Cond": "(ci.role_id = rt.id), (LLVM Optimized)", "Plans": [{"Node Type": "Seq Scan", "Parent Relationship": "Outer", "Relation Name": "cast_info", "Alias": "ci", "Startup Cost": 0.0, "Total Cost": 52617.37, "Plan Rows": 36259494, "Plan Width": 12}, {"Node Type": "Hash", "Parent Relationship": "Inner", "Startup Cost": 15001.5, "Total Cost": 15001.5, "Plan Rows": 16, "Plan Width": 4, "Plans": [{"Node Type": "Streaming(type: BROADCAST dop: 16/1)", "Parent Relationship": "Outer", "Startup Cost": 0.0, "Total Cost": 15001.5, "Plan Rows": 16, "Plan Width": 4, "Plans": [{"Node Type": "Seq Scan", "Parent Relationship": "Outer", "Relation Name": "role_type", "Alias": "rt", "Startup Cost": 0.0, "Total Cost": 1.15, "Plan Rows": 1, "Plan Width": 4, "Filter": "((role)::text = 'costume designer'::text)"}]}]}]}]}, {"Node Type": "Hash", "Parent Relationship": "Inner", "Startup Cost": 88282.97, "Total Cost": 88282.97, "Plan Rows": 1282311, "Plan Width": 4, "Plans": [{"Node Type": "Streaming(type: LOCAL REDISTRIBUTE dop: 16/16)", "Parent Relationship": "Outer", "Startup Cost": 24511.53, "Total Cost": 88282.97, "Plan Rows": 1282311, "Plan Width": 4, "Plans": [{"Node Type": "Hash Join", "Parent Relationship": "Outer", "Join Type": "Inner", "Startup Cost": 24511.53, "Total Cost": 68424.21, "Plan Rows": 1282311, "Plan Width": 4, "Inner Unique": true, "Hash Cond": "(mc.company_id = cn.id), (LLVM Optimized)", "Plans": [{"Node Type": "Streaming(type: LOCAL REDISTRIBUTE dop: 16/16)", "Parent Relationship": "Outer", "Startup Cost": 0.0, "Total Cost": 42499.73, "Plan Rows": 2609128, "Plan Width": 8, "Plans": [{"Node Type": "Seq Scan", "Parent Relationship": "Outer", "Relation Name": "movie_companies", "Alias": "mc", "Startup Cost": 0.0, "Total Cost": 17613.58, "Plan Rows": 2609128, "Plan Width": 8}]}, {"Node Type": "Hash", "Parent Relationship": "Inner", "Startup Cost": 24444.99, "Total Cost": 24444.99, "Plan Rows": 85170, "Plan Width": 4, "Plans": [{"Node Type": "Streaming(type: LOCAL REDISTRIBUTE dop: 16/1)", "Parent Relationship": "Outer", "Startup Cost": 0.0, "Total Cost": 24444.99, "Plan Rows": 85170, "Plan Width": 4, "Plans": [{"Node Type": "Seq Scan", "Parent Relationship": "Outer", "Relation Name": "company_name", "Alias": "cn", "Startup Cost": 0.0, "Total Cost": 5903.45, "Plan Rows": 85170, "Plan Width": 4, "Filter": "((country_code)::text = '[us]'::text)"}]}]}]}]}]}]}]}, {"Node Type": "Hash", "Parent Relationship": "Inner", "Startup Cost": 34659.52, "Total Cost": 34659.52, "Plan Rows": 901342, "Plan Width": 20, "Plans": [{"Node Type": "Streaming(type: LOCAL REDISTRIBUTE dop: 16/16)", "Parent Relationship": "Outer", "Startup Cost": 0.0, "Total Cost": 34659.52, "Plan Rows": 901342, "Plan Width": 20, "Plans": [{"Node Type": "Seq Scan", "Parent Relationship": "Outer", "Relation Name": "aka_name", "Alias": "an1", "Startup Cost": 0.0, "Total Cost": 16244.28, "Plan Rows": 901342, "Plan Width": 20}]}]}]}]}, {"Node Type": "Hash", "Parent Relationship": "Inner", "Startup Cost": 43334.25, "Total Cost": 43334.25, "Plan Rows": 2528311, "Plan Width": 21, "Plans": [{"Node Type": "Streaming(type: LOCAL REDISTRIBUTE dop: 16/16)", "Parent Relationship": "Outer", "Startup Cost": 0.0, "Total Cost": 43334.25, "Plan Rows": 2528311, "Plan Width": 21, "Plans": [{"Node Type": "Seq Scan", "Parent Relationship": "Outer", "Relation Name": "title", "Alias": "t", "Startup Cost": 0.0, "Total Cost": 18754.32, "Plan Rows": 2528311, "Plan Width": 21}]}]}]}]}, {"Node Type": "Hash", "Parent Relationship": "Inner", "Startup Cost": 51607.87, "Total Cost": 51607.87, "Plan Rows": 4167490, "Plan Width": 4, "Plans": [{"Node Type": "Streaming(type: LOCAL REDISTRIBUTE dop: 16/16)", "Parent Relationship": "Outer", "Startup Cost": 0.0, "Total Cost": 51607.87, "Plan Rows": 4167490, "Plan Width": 4, "Plans": [{"Node Type": "Seq Scan", "Parent Relationship": "Outer", "Relation Name": "name", "Alias": "n1", "Startup Cost": 0.0, "Total Cost": 20816.99, "Plan Rows": 4167490, "Plan Width": 4}]}]}]}]}]}]}, "Unique SQL Id": 2457761703, "Planner Runtime": 195}, "explain_analyze_plan": {"Plan": {"Node Type": "Aggregate", "Strategy": "Plain", "Startup Cost": 287566.27, "Total Cost": 287566.3, "Plan Rows": 1, "Plan Width": 97, "Actual Min Startup Time": 1429.474, "Actual Max Startup Time": 1429.474, "Actual Min Total Time": 1429.474, "Actual Max Total Time": 1429.474, "Plans": [{"Node Type": "Streaming(type: LOCAL GATHER dop: 1/16)", "Parent Relationship": "Outer", "Startup Cost": 287566.27, "Total Cost": 287566.3, "Plan Rows": 1, "Plan Width": 97, "Actual Min Startup Time": 1428.475, "Actual Max Startup Time": 1428.475, "Actual Min Total Time": 1429.447, "Actual Max Total Time": 1429.447, "Plans": [{"Node Type": "Aggregate", "Strategy": "Plain", "Parent Relationship": "Outer", "Startup Cost": 287566.27, "Total Cost": 287566.28, "Plan Rows": 1, "Plan Width": 97, "Actual Min Startup Time": 1046.427, "Actual Max Startup Time": 1225.524, "Actual Min Total Time": 1046.427, "Actual Max Total Time": 1225.525, "Plans": [{"Node Type": "Hash Join", "Parent Relationship": "Outer", "Join Type": "Inner", "Startup Cost": 142621.96, "Total Cost": 285780.78, "Plan Rows": 357098, "Plan Width": 33, "Actual Min Startup Time": 657.95, "Actual Max Startup Time": 846.411, "Actual Min Total Time": 1031.721, "Actual Max Total Time": 1217.172, "Inner Unique": true, "Hash Cond": "(an1.person_id = n1.id), (LLVM Optimized, Jit Execute)", "Plans": [{"Node Type": "Streaming(type: LOCAL REDISTRIBUTE dop: 16/16)", "Parent Relationship": "Outer", "Startup Cost": 126464.14, "Total Cost": 269316.07, "Plan Rows": 357098, "Plan Width": 41, "Actual Min Startup Time": 138.252, "Actual Max Startup Time": 161.278, "Actual Min Total Time": 500.465, "Actual Max Total Time": 521.157, "Plans": [{"Node Type": "Hash Join", "Parent Relationship": "Outer", "Join Type": "Inner", "Startup Cost": 126464.14, "Total Cost": 252963.01, "Plan Rows": 357098, "Plan Width": 41, "Actual Min Startup Time": 650.282, "Actual Max Startup Time": 827.406, "Actual Min Total Time": 1018.2, "Actual Max Total Time": 1197.69, "Inner Unique": true, "Hash Cond": "(ci.movie_id = t.id), (LLVM Optimized, Jit Execute)", "Plans": [{"Node Type": "Streaming(type: LOCAL REDISTRIBUTE dop: 16/16)", "Parent Relationship": "Outer", "Startup Cost": 113655.34, "Total Cost": 239847.25, "Plan Rows": 357379, "Plan Width": 32, "Actual Min Startup Time": 284.581, "Actual Max Startup Time": 292.563, "Actual Min Total Time": 643.034, "Actual Max Total Time": 653.83, "Plans": [{"Node Type": "Hash Join", "Parent Relationship": "Outer", "Join Type": "Inner", "Startup Cost": 113655.34, "Total Cost": 223493.12, "Plan Rows": 357379, "Plan Width": 32, "Actual Min Startup Time": 656.508, "Actual Max Startup Time": 864.813, "Actual Min Total Time": 976.219, "Actual Max Total Time": 1211.51, "Inner Unique": false, "Hash Cond": "(ci.person_id = an1.person_id), (LLVM Optimized, Jit Execute)", "Plans": [{"Node Type": "Streaming(type: LOCAL REDISTRIBUTE dop: 16/16)", "Parent Relationship": "Outer", "Startup Cost": 104286.28, "Total Cost": 212931.86, "Plan Rows": 711018, "Plan Width": 12, "Actual Min Startup Time": 516.593, "Actual Max Startup Time": 530.476, "Actual Min Total Time": 825.032, "Actual Max Total Time": 876.688, "Plans": [{"Node Type": "Hash Join", "Parent Relationship": "Outer", "Join Type": "Inner", "Startup Cost": 104286.28, "Total Cost": 195237.77, "Plan Rows": 711018, "Plan Width": 12, "Actual Min Startup Time": 655.48, "Actual Max Startup Time": 884.626, "Actual Min Total Time": 967.321, "Actual Max Total Time": 1196.253, "Inner Unique": false, "Hash Cond": "(ci.movie_id = mc.movie_id), (LLVM Optimized, Jit Execute)", "Plans": [{"Node Type": "Streaming(type: LOCAL REDISTRIBUTE dop: 16/16)", "Parent Relationship": "Outer", "Startup Cost": 15001.51, "Total Cost": 102848.74, "Plan Rows": 3296318, "Plan Width": 8, "Actual Min Startup Time": 0.062, "Actual Max Startup Time": 0.846, "Actual Min Total Time": 293.775, "Actual Max Total Time": 312.773, "Plans": [{"Node Type": "Hash Join", "Parent Relationship": "Outer", "Join Type": "Inner", "Startup Cost": 15001.51, "Total Cost": 75358.79, "Plan Rows": 3296318, "Plan Width": 8, "Actual Min Startup Time": 729.862, "Actual Max Startup Time": 782.989, "Actual Min Total Time": 934.617, "Actual Max Total Time": 992.529, "Inner Unique": true, "Hash Cond": "(ci.role_id = rt.id), (LLVM Optimized, Jit Execute)", "Plans": [{"Node Type": "Seq Scan", "Parent Relationship": "Outer", "Relation Name": "cast_info", "Alias": "ci", "Startup Cost": 0.0, "Total Cost": 52617.37, "Plan Rows": 36259494, "Plan Width": 12, "Actual Min Startup Time": 0.029, "Actual Max Startup Time": 0.042, "Actual Min Total Time": 515.441, "Actual Max Total Time": 569.135, "Actual Rows": 36244343}, {"Node Type": "Hash", "Parent Relationship": "Inner", "Startup Cost": 15001.5, "Total Cost": 15001.5, "Plan Rows": 16, "Plan Width": 4, "Actual Min Startup Time": 0.012, "Actual Max Startup Time": 11.903, "Actual Min Total Time": 0.012, "Actual Max Total Time": 11.903, "Max Hash Buckets": 32768, "Min Hash Buckets": 32768, "Max Hash Batches": 1, "Min Hash Batches": 1, "Max Original Hash Batches": 1, "Min Original Hash Batches": 1, "Max Peak Memory Usage": 1, "min Peak Memory Usage": 1, "Plans": [{"Node Type": "Streaming(type: BROADCAST dop: 16/1)", "Parent Relationship": "Outer", "Startup Cost": 0.0, "Total Cost": 15001.5, "Plan Rows": 16, "Plan Width": 4, "Actual Min Startup Time": 0.004, "Actual Max Startup Time": 11.888, "Actual Min Total Time": 0.004, "Actual Max Total Time": 11.889, "Plans": [{"Node Type": "Seq Scan", "Parent Relationship": "Outer", "Relation Name": "role_type", "Alias": "rt", "Startup Cost": 0.0, "Total Cost": 1.15, "Plan Rows": 1, "Plan Width": 4, "Actual Min Startup Time": 0.025, "Actual Max Startup Time": 0.025, "Actual Min Total Time": 0.027, "Actual Max Total Time": 0.027, "Filter": "((role)::text = 'costume designer'::text)", "Rows Removed by Filter": 11, "Actual Rows": 1}], "Actual Rows": 16}], "Actual Rows": 16}], "Actual Rows": 276403}], "Actual Rows": 276403}, {"Node Type": "Hash", "Parent Relationship": "Inner", "Startup Cost": 88282.97, "Total Cost": 88282.97, "Plan Rows": 1282311, "Plan Width": 4, "Actual Min Startup Time": 655.204, "Actual Max Startup Time": 884.113, "Actual Min Total Time": 655.204, "Actual Max Total Time": 884.113, "Max Hash Buckets": 131072, "Min Hash Buckets": 131072, "Max Hash Batches": 1, "Min Hash Batches": 1, "Max Original Hash Batches": 1, "Min Original Hash Batches": 1, "Max Peak Memory Usage": 2542, "min Peak Memory Usage": 2542, "Plans": [{"Node Type": "Streaming(type: LOCAL REDISTRIBUTE dop: 16/16)", "Parent Relationship": "Outer", "Startup Cost": 24511.53, "Total Cost": 88282.97, "Plan Rows": 1282311, "Plan Width": 4, "Actual Min Startup Time": 186.112, "Actual Max Startup Time": 414.758, "Actual Min Total Time": 627.769, "Actual Max Total Time": 863.493, "Plans": [{"Node Type": "Hash Join", "Parent Relationship": "Outer", "Join Type": "Inner", "Startup Cost": 24511.53, "Total Cost": 68424.21, "Plan Rows": 1282311, "Plan Width": 4, "Actual Min Startup Time": 176.757, "Actual Max Startup Time": 400.58, "Actual Min Total Time": 517.522, "Actual Max Total Time": 794.956, "Inner Unique": true, "Hash Cond": "(mc.company_id = cn.id), (LLVM Optimized, Jit Execute)", "Plans": [{"Node Type": "Streaming(type: LOCAL REDISTRIBUTE dop: 16/16)", "Parent Relationship": "Outer", "Startup Cost": 0.0, "Total Cost": 42499.73, "Plan Rows": 2609128, "Plan Width": 8, "Actual Min Startup Time": 0.062, "Actual Max Startup Time": 1.791, "Actual Min Total Time": 265.249, "Actual Max Total Time": 357.061, "Plans": [{"Node Type": "Seq Scan", "Parent Relationship": "Outer", "Relation Name": "movie_companies", "Alias": "mc", "Startup Cost": 0.0, "Total Cost": 17613.58, "Plan Rows": 2609128, "Plan Width": 8, "Actual Min Startup Time": 0.026, "Actual Max Startup Time": 0.044, "Actual Min Total Time": 42.83, "Actual Max Total Time": 51.451, "Actual Rows": 2609128}], "Actual Rows": 2609128}, {"Node Type": "Hash", "Parent Relationship": "Inner", "Startup Cost": 24444.99, "Total Cost": 24444.99, "Plan Rows": 85170, "Plan Width": 4, "Actual Min Startup Time": 176.63, "Actual Max Startup Time": 399.346, "Actual Min Total Time": 176.63, "Actual Max Total Time": 399.346, "Max Hash Buckets": 32768, "Min Hash Buckets": 32768, "Max Hash Batches": 1, "Min Hash Batches": 1, "Max Original Hash Batches": 1, "Min Original Hash Batches": 1, "Max Peak Memory Usage": 182, "min Peak Memory Usage": 182, "Plans": [{"Node Type": "Streaming(type: LOCAL REDISTRIBUTE dop: 16/1)", "Parent Relationship": "Outer", "Startup Cost": 0.0, "Total Cost": 24444.99, "Plan Rows": 85170, "Plan Width": 4, "Actual Min Startup Time": 0.035, "Actual Max Startup Time": 218.603, "Actual Min Total Time": 174.868, "Actual Max Total Time": 397.632, "Plans": [{"Node Type": "Seq Scan", "Parent Relationship": "Outer", "Relation Name": "company_name", "Alias": "cn", "Startup Cost": 0.0, "Total Cost": 5903.45, "Plan Rows": 85170, "Plan Width": 4, "Actual Min Startup Time": 0.038, "Actual Max Startup Time": 0.038, "Actual Min Total Time": 94.596, "Actual Max Total Time": 94.596, "Filter": "((country_code)::text = '[us]'::text)", "Rows Removed by Filter": 150153, "Actual Rows": 84843}], "Actual Rows": 84843}], "Actual Rows": 84843}], "Actual Rows": 1153797}], "Actual Rows": 1153797}], "Actual Rows": 1153797}], "Actual Rows": 285537}], "Actual Rows": 285537}, {"Node Type": "Hash", "Parent Relationship": "Inner", "Startup Cost": 34659.52, "Total Cost": 34659.52, "Plan Rows": 901342, "Plan Width": 20, "Actual Min Startup Time": 129.879, "Actual Max Startup Time": 348.156, "Actual Min Total Time": 129.879, "Actual Max Total Time": 348.156, "Max Hash Buckets": 65536, "Min Hash Buckets": 65536, "Max Hash Batches": 1, "Min Hash Batches": 1, "Max Original Hash Batches": 1, "Min Original Hash Batches": 1, "Max Peak Memory Usage": 2981, "min Peak Memory Usage": 2981, "Plans": [{"Node Type": "Streaming(type: LOCAL REDISTRIBUTE dop: 16/16)", "Parent Relationship": "Outer", "Startup Cost": 0.0, "Total Cost": 34659.52, "Plan Rows": 901342, "Plan Width": 20, "Actual Min Startup Time": 0.048, "Actual Max Startup Time": 211.292, "Actual Min Total Time": 113.469, "Actual Max Total Time": 331.199, "Plans": [{"Node Type": "Seq Scan", "Parent Relationship": "Outer", "Relation Name": "aka_name", "Alias": "an1", "Startup Cost": 0.0, "Total Cost": 16244.28, "Plan Rows": 901342, "Plan Width": 20, "Actual Min Startup Time": 0.02, "Actual Max Startup Time": 0.037, "Actual Min Total Time": 16.899, "Actual Max Total Time": 20.777, "Actual Rows": 901342}], "Actual Rows": 901342}], "Actual Rows": 901342}], "Actual Rows": 323005}], "Actual Rows": 323005}, {"Node Type": "Hash", "Parent Relationship": "Inner", "Startup Cost": 43334.25, "Total Cost": 43334.25, "Plan Rows": 2528311, "Plan Width": 21, "Actual Min Startup Time": 361.928, "Actual Max Startup Time": 536.694, "Actual Min Total Time": 361.928, "Actual Max Total Time": 536.694, "Max Hash Buckets": 262144, "Min Hash Buckets": 262144, "Max Hash Batches": 1, "Min Hash Batches": 1, "Max Original Hash Batches": 1, "Min Original Hash Batches": 1, "Max Peak Memory Usage": 8518, "min Peak Memory Usage": 8518, "Plans": [{"Node Type": "Streaming(type: LOCAL REDISTRIBUTE dop: 16/16)", "Parent Relationship": "Outer", "Startup Cost": 0.0, "Total Cost": 43334.25, "Plan Rows": 2528311, "Plan Width": 21, "Actual Min Startup Time": 0.052, "Actual Max Startup Time": 29.929, "Actual Min Total Time": 291.244, "Actual Max Total Time": 484.112, "Plans": [{"Node Type": "Seq Scan", "Parent Relationship": "Outer", "Relation Name": "title", "Alias": "t", "Startup Cost": 0.0, "Total Cost": 18754.32, "Plan Rows": 2528311, "Plan Width": 21, "Actual Min Startup Time": 0.018, "Actual Max Startup Time": 0.034, "Actual Min Total Time": 48.948, "Actual Max Total Time": 58.428, "Actual Rows": 2528311}], "Actual Rows": 2528311}], "Actual Rows": 2528311}], "Actual Rows": 323005}], "Actual Rows": 323005}, {"Node Type": "Hash", "Parent Relationship": "Inner", "Startup Cost": 51607.87, "Total Cost": 51607.87, "Plan Rows": 4167490, "Plan Width": 4, "Actual Min Startup Time": 514.494, "Actual Max Startup Time": 693.507, "Actual Min Total Time": 514.494, "Actual Max Total Time": 693.507, "Max Hash Buckets": 262144, "Min Hash Buckets": 262144, "Max Hash Batches": 1, "Min Hash Batches": 1, "Max Original Hash Batches": 1, "Min Original Hash Batches": 1, "Max Peak Memory Usage": 9174, "min Peak Memory Usage": 9174, "Plans": [{"Node Type": "Streaming(type: LOCAL REDISTRIBUTE dop: 16/16)", "Parent Relationship": "Outer", "Startup Cost": 0.0, "Total Cost": 51607.87, "Plan Rows": 4167490, "Plan Width": 4, "Actual Min Startup Time": 0.053, "Actual Max Startup Time": 140.533, "Actual Min Total Time": 409.113, "Actual Max Total Time": 612.992, "Plans": [{"Node Type": "Seq Scan", "Parent Relationship": "Outer", "Relation Name": "name", "Alias": "n1", "Startup Cost": 0.0, "Total Cost": 20816.99, "Plan Rows": 4167490, "Plan Width": 4, "Actual Min Startup Time": 0.017, "Actual Max Startup Time": 0.034, "Actual Min Total Time": 74.859, "Actual Max Total Time": 86.06, "Actual Rows": 4167490}], "Actual Rows": 4167490}], "Actual Rows": 4167490}], "Actual Rows": 323005}], "Actual Rows": 16}], "Actual Rows": 16}], "Actual Rows": 1}, "Triggers": [], "Planner Runtime": 195.615, "Total Runtime": 1475.961, "Unique SQL Id": 2457761703}}, "(16, '45')": {"explain_plan": {"Plan": {"Node Type": "Aggregate", "Strategy": "Plain", "Startup Cost": 1406524.48, "Total Cost": 1406524.51, "Plan Rows": 1, "Plan Width": 97, "Plans": [{"Node Type": "Streaming(type: LOCAL GATHER dop: 1/16)", "Parent Relationship": "Outer", "Startup Cost": 1406524.48, "Total Cost": 1406524.51, "Plan Rows": 1, "Plan Width": 97, "Plans": [{"Node Type": "Aggregate", "Strategy": "Plain", "Parent Relationship": "Outer", "Startup Cost": 1406524.48, "Total Cost": 1406524.49, "Plan Rows": 1, "Plan Width": 97, "Plans": [{"Node Type": "Hash Join", "Parent Relationship": "Outer", "Join Type": "Inner", "Startup Cost": 270868.12, "Total Cost": 1404738.99, "Plan Rows": 357098, "Plan Width": 33, "Inner Unique": true, "Hash Cond": "(ci.movie_id = t.id), (LLVM Optimized)", "Plans": [{"Node Type": "Streaming(type: LOCAL REDISTRIBUTE dop: 16/16)", "Parent Relationship": "Outer", "Startup Cost": 237393.5, "Total Cost": 1370957.42, "Plan Rows": 357379, "Plan Width": 24, "Plans": [{"Node Type": "Hash Join", "Parent Relationship": "Outer", "Join Type": "Inner", "Startup Cost": 237393.5, "Total Cost": 1354603.29, "Plan Rows": 357379, "Plan Width": 24, "Inner Unique": true, "Hash Cond": "(mc.company_id = cn.id), (LLVM Optimized)", "Plans": [{"Node Type": "Streaming(type: LOCAL REDISTRIBUTE dop: 16/16)", "Parent Relationship": "Outer", "Startup Cost": 230066.23, "Total Cost": 1346882.23, "Plan Rows": 727161, "Plan Width": 28, "Plans": [{"Node Type": "Hash Join", "Parent Relationship": "Outer", "Join Type": "Inner", "Startup Cost": 230066.23, "Total Cost": 1329126.97, "Plan Rows": 727161, "Plan Width": 28, "Inner Unique": true, "Hash Cond": "(an1.person_id = n1.id), (LLVM Optimized)", "Plans": [{"Node Type": "Streaming(type: LOCAL REDISTRIBUTE dop: 16/16)", "Parent Relationship": "Outer", "Startup Cost": 175427.87, "Total Cost": 1273863.7, "Plan Rows": 727161, "Plan Width": 36, "Plans": [{"Node Type": "Hash Join", "Parent Relationship": "Outer", "Join Type": "Inner", "Startup Cost": 175427.87, "Total Cost": 1256108.44, "Plan Rows": 727161, "Plan Width": 36, "Inner Unique": false, "Hash Cond": "(ci.movie_id = mc.movie_id), (LLVM Optimized)", "Plans": [{"Node Type": "Streaming(type: LOCAL REDISTRIBUTE dop: 16/16)", "Parent Relationship": "Outer", "Startup Cost": 137161.66, "Total Cost": 1215145.72, "Plan Rows": 1484588, "Plan Width": 28, "Plans": [{"Node Type": "Hash Join", "Parent Relationship": "Outer", "Join Type": "Inner", "Startup Cost": 137161.66, "Total Cost": 1194520.52, "Plan Rows": 1484588, "Plan Width": 28, "Inner Unique": false, "Hash Cond": "(ci.person_id = an1.person_id), (LLVM Optimized)", "Plans": [{"Node Type": "Streaming(type: LOCAL REDISTRIBUTE dop: 16/16)", "Parent Relationship": "Outer", "Startup Cost": 15012.82, "Total Cost": 1066844.59, "Plan Rows": 3296318, "Plan Width": 8, "Plans": [{"Node Type": "Hash Join", "Parent Relationship": "Outer", "Join Type": "Inner", "Startup Cost": 15012.82, "Total Cost": 1039354.63, "Plan Rows": 3296318, "Plan Width": 8, "Inner Unique": true, "Hash Cond": "(ci.role_id = rt.id), (LLVM Optimized)", "Plans": [{"Node Type": "Index Scan", "Parent Relationship": "Outer", "Scan Direction": "Forward", "Index Name": "role_id_cast_info", "Relation Name": "cast_info", "Alias": "ci", "Startup Cost": 0.0, "Total Cost": 1016601.9, "Plan Rows": 36259494, "Plan Width": 12}, {"Node Type": "Hash", "Parent Relationship": "Inner", "Startup Cost": 15012.81, "Total Cost": 15012.81, "Plan Rows": 16, "Plan Width": 4, "Plans": [{"Node Type": "Streaming(type: BROADCAST dop: 16/1)", "Parent Relationship": "Outer", "Startup Cost": 0.0, "Total Cost": 15012.81, "Plan Rows": 16, "Plan Width": 4, "Plans": [{"Node Type": "Index Scan", "Parent Relationship": "Outer", "Scan Direction": "Forward", "Index Name": "role_type_pkey", "Relation Name": "role_type", "Alias": "rt", "Startup Cost": 0.0, "Total Cost": 12.46, "Plan Rows": 1, "Plan Width": 4, "Filter": "((role)::text = 'costume designer'::text)"}]}]}]}]}, {"Node Type": "Hash", "Parent Relationship": "Inner", "Startup Cost": 121444.67, "Total Cost": 121444.67, "Plan Rows": 901342, "Plan Width": 20, "Plans": [{"Node Type": "Streaming(type: LOCAL REDISTRIBUTE dop: 16/1)", "Parent Relationship": "Outer", "Startup Cost": 0.0, "Total Cost": 121444.67, "Plan Rows": 901342, "Plan Width": 20, "Plans": [{"Node Type": "Index Scan", "Parent Relationship": "Outer", "Scan Direction": "Forward", "Index Name": "person_id_aka_name", "Relation Name": "aka_name", "Alias": "an1", "Startup Cost": 0.0, "Total Cost": 68965.03, "Plan Rows": 901342, "Plan Width": 20}]}]}]}]}, {"Node Type": "Hash", "Parent Relationship": "Inner", "Startup Cost": 139099.07, "Total Cost": 139099.07, "Plan Rows": 2609128, "Plan Width": 8, "Plans": [{"Node Type": "Streaming(type: LOCAL REDISTRIBUTE dop: 16/16)", "Parent Relationship": "Outer", "Startup Cost": 0.0, "Total Cost": 139099.07, "Plan Rows": 2609128, "Plan Width": 8, "Plans": [{"Node Type": "Index Scan", "Parent Relationship": "Outer", "Scan Direction": "Forward", "Index Name": "company_id_movie_companies", "Relation Name": "movie_companies", "Alias": "mc", "Startup Cost": 0.0, "Total Cost": 114212.92, "Plan Rows": 2609128, "Plan Width": 8}]}]}]}]}, {"Node Type": "Hash", "Parent Relationship": "Inner", "Startup Cost": 182953.41, "Total Cost": 182953.41, "Plan Rows": 4167490, "Plan Width": 4, "Plans": [{"Node Type": "Streaming(type: LOCAL REDISTRIBUTE dop: 16/16)", "Parent Relationship": "Outer", "Startup Cost": 0.0, "Total Cost": 182953.41, "Plan Rows": 4167490, "Plan Width": 4, "Plans": [{"Node Type": "Index Scan", "Parent Relationship": "Outer", "Scan Direction": "Forward", "Index Name": "name_pkey", "Relation Name": "name", "Alias": "n1", "Startup Cost": 0.0, "Total Cost": 152162.53, "Plan Rows": 4167490, "Plan Width": 4}]}]}]}]}, {"Node Type": "Hash", "Parent Relationship": "Inner", "Startup Cost": 29042.93, "Total Cost": 29042.93, "Plan Rows": 85170, "Plan Width": 4, "Plans": [{"Node Type": "Streaming(type: LOCAL REDISTRIBUTE dop: 16/1)", "Parent Relationship": "Outer", "Startup Cost": 0.0, "Total Cost": 29042.93, "Plan Rows": 85170, "Plan Width": 4, "Plans": [{"Node Type": "Index Scan", "Parent Relationship": "Outer", "Scan Direction": "Forward", "Index Name": "company_name_pkey", "Relation Name": "company_name", "Alias": "cn", "Startup Cost": 0.0, "Total Cost": 10501.39, "Plan Rows": 85170, "Plan Width": 4, "Filter": "((country_code)::text = '[us]'::text)"}]}]}]}]}, {"Node Type": "Hash", "Parent Relationship": "Inner", "Startup Cost": 125997.5, "Total Cost": 125997.5, "Plan Rows": 2528311, "Plan Width": 21, "Plans": [{"Node Type": "Streaming(type: LOCAL REDISTRIBUTE dop: 16/16)", "Parent Relationship": "Outer", "Startup Cost": 0.0, "Total Cost": 125997.5, "Plan Rows": 2528311, "Plan Width": 21, "Plans": [{"Node Type": "Index Scan", "Parent Relationship": "Outer", "Scan Direction": "Forward", "Index Name": "title_pkey", "Relation Name": "title", "Alias": "t", "Startup Cost": 0.0, "Total Cost": 101417.57, "Plan Rows": 2528311, "Plan Width": 21}]}]}]}]}]}]}, "Unique SQL Id": 2457761703, "Planner Runtime": 102}, "explain_analyze_plan": {"Plan": {"Node Type": "Aggregate", "Strategy": "Plain", "Startup Cost": 1406524.48, "Total Cost": 1406524.51, "Plan Rows": 1, "Plan Width": 97, "Actual Min Startup Time": 3302.917, "Actual Max Startup Time": 3302.917, "Actual Min Total Time": 3302.917, "Actual Max Total Time": 3302.917, "Plans": [{"Node Type": "Streaming(type: LOCAL GATHER dop: 1/16)", "Parent Relationship": "Outer", "Startup Cost": 1406524.48, "Total Cost": 1406524.51, "Plan Rows": 1, "Plan Width": 97, "Actual Min Startup Time": 3301.307, "Actual Max Startup Time": 3301.307, "Actual Min Total Time": 3302.889, "Actual Max Total Time": 3302.889, "Plans": [{"Node Type": "Aggregate", "Strategy": "Plain", "Parent Relationship": "Outer", "Startup Cost": 1406524.48, "Total Cost": 1406524.49, "Plan Rows": 1, "Plan Width": 97, "Actual Min Startup Time": 2723.764, "Actual Max Startup Time": 3026.603, "Actual Min Total Time": 2723.764, "Actual Max Total Time": 3026.604, "Plans": [{"Node Type": "Hash Join", "Parent Relationship": "Outer", "Join Type": "Inner", "Startup Cost": 270868.12, "Total Cost": 1404738.99, "Plan Rows": 357098, "Plan Width": 33, "Actual Min Startup Time": 1586.635, "Actual Max Startup Time": 1909.665, "Actual Min Total Time": 2714.091, "Actual Max Total Time": 3016.988, "Inner Unique": true, "Hash Cond": "(ci.movie_id = t.id), (LLVM Optimized, Jit Execute)", "Plans": [{"Node Type": "Streaming(type: LOCAL REDISTRIBUTE dop: 16/16)", "Parent Relationship": "Outer", "Startup Cost": 237393.5, "Total Cost": 1370957.42, "Plan Rows": 357379, "Plan Width": 24, "Actual Min Startup Time": 931.467, "Actual Max Startup Time": 980.841, "Actual Min Total Time": 2046.253, "Actual Max Total Time": 2051.188, "Plans": [{"Node Type": "Hash Join", "Parent Relationship": "Outer", "Join Type": "Inner", "Startup Cost": 237393.5, "Total Cost": 1354603.29, "Plan Rows": 357379, "Plan Width": 24, "Actual Min Startup Time": 1565.26, "Actual Max Startup Time": 1797.937, "Actual Min Total Time": 2693.893, "Actual Max Total Time": 2913.922, "Inner Unique": true, "Hash Cond": "(mc.company_id = cn.id), (LLVM Optimized, Jit Execute)", "Plans": [{"Node Type": "Streaming(type: LOCAL REDISTRIBUTE dop: 16/16)", "Parent Relationship": "Outer", "Startup Cost": 230066.23, "Total Cost": 1346882.23, "Plan Rows": 727161, "Plan Width": 28, "Actual Min Startup Time": 1053.365, "Actual Max Startup Time": 1061.22, "Actual Min Total Time": 2155.561, "Actual Max Total Time": 2176.284, "Plans": [{"Node Type": "Hash Join", "Parent Relationship": "Outer", "Join Type": "Inner", "Startup Cost": 230066.23, "Total Cost": 1329126.97, "Plan Rows": 727161, "Plan Width": 28, "Actual Min Startup Time": 1573.982, "Actual Max Startup Time": 1958.368, "Actual Min Total Time": 2657.162, "Actual Max Total Time": 2976.633, "Inner Unique": true, "Hash Cond": "(an1.person_id = n1.id), (LLVM Optimized, Jit Execute)", "Plans": [{"Node Type": "Streaming(type: LOCAL REDISTRIBUTE dop: 16/16)", "Parent Relationship": "Outer", "Startup Cost": 175427.87, "Total Cost": 1273863.7, "Plan Rows": 727161, "Plan Width": 36, "Actual Min Startup Time": 866.204, "Actual Max Startup Time": 956.759, "Actual Min Total Time": 1914.043, "Actual Max Total Time": 1971.238, "Plans": [{"Node Type": "Hash Join", "Parent Relationship": "Outer", "Join Type": "Inner", "Startup Cost": 175427.87, "Total Cost": 1256108.44, "Plan Rows": 727161, "Plan Width": 36, "Actual Min Startup Time": 1562.301, "Actual Max Startup Time": 1843.531, "Actual Min Total Time": 2448.781, "Actual Max Total Time": 2767.031, "Inner Unique": false, "Hash Cond": "(ci.movie_id = mc.movie_id), (LLVM Optimized, Jit Execute)", "Plans": [{"Node Type": "Streaming(type: LOCAL REDISTRIBUTE dop: 16/16)", "Parent Relationship": "Outer", "Startup Cost": 137161.66, "Total Cost": 1215145.72, "Plan Rows": 1484588, "Plan Width": 28, "Actual Min Startup Time": 979.983, "Actual Max Startup Time": 993.729, "Actual Min Total Time": 1844.283, "Actual Max Total Time": 1902.378, "Plans": [{"Node Type": "Hash Join", "Parent Relationship": "Outer", "Join Type": "Inner", "Startup Cost": 137161.66, "Total Cost": 1194520.52, "Plan Rows": 1484588, "Plan Width": 28, "Actual Min Startup Time": 1552.542, "Actual Max Startup Time": 1828.568, "Actual Min Total Time": 2611.051, "Actual Max Total Time": 2922.674, "Inner Unique": false, "Hash Cond": "(ci.person_id = an1.person_id), (LLVM Optimized, Jit Execute)", "Plans": [{"Node Type": "Streaming(type: LOCAL REDISTRIBUTE dop: 16/16)", "Parent Relationship": "Outer", "Startup Cost": 15012.82, "Total Cost": 1066844.59, "Plan Rows": 3296318, "Plan Width": 8, "Actual Min Startup Time": 78.036, "Actual Max Startup Time": 87.577, "Actual Min Total Time": 1128.666, "Actual Max Total Time": 1197.697, "Plans": [{"Node Type": "Hash Join", "Parent Relationship": "Outer", "Join Type": "Inner", "Startup Cost": 15012.82, "Total Cost": 1039354.63, "Plan Rows": 3296318, "Plan Width": 8, "Actual Min Startup Time": 1621.458, "Actual Max Startup Time": 2378.502, "Actual Min Total Time": 2110.691, "Actual Max Total Time": 2378.502, "Inner Unique": true, "Hash Cond": "(ci.role_id = rt.id), (LLVM Optimized, Jit Execute)", "Plans": [{"Node Type": "Index Scan", "Parent Relationship": "Outer", "Scan Direction": "Forward", "Index Name": "role_id_cast_info", "Relation Name": "cast_info", "Alias": "ci", "Startup Cost": 0.0, "Total Cost": 1016601.9, "Plan Rows": 36259494, "Plan Width": 12, "Actual Min Startup Time": 645.331, "Actual Max Startup Time": 783.649, "Actual Min Total Time": 1693.701, "Actual Max Total Time": 1911.979, "Actual Rows": 36244343}, {"Node Type": "Hash", "Parent Relationship": "Inner", "Startup Cost": 15012.81, "Total Cost": 15012.81, "Plan Rows": 16, "Plan Width": 4, "Actual Min Startup Time": 0.008, "Actual Max Startup Time": 64.151, "Actual Min Total Time": 0.008, "Actual Max Total Time": 64.151, "Max Hash Buckets": 32768, "Min Hash Buckets": 32768, "Max Hash Batches": 1, "Min Hash Batches": 1, "Max Original Hash Batches": 1, "Min Original Hash Batches": 1, "Max Peak Memory Usage": 1, "min Peak Memory Usage": 1, "Plans": [{"Node Type": "Streaming(type: BROADCAST dop: 16/1)", "Parent Relationship": "Outer", "Startup Cost": 0.0, "Total Cost": 15012.81, "Plan Rows": 16, "Plan Width": 4, "Actual Min Startup Time": 0.004, "Actual Max Startup Time": 64.144, "Actual Min Total Time": 0.004, "Actual Max Total Time": 64.145, "Plans": [{"Node Type": "Index Scan", "Parent Relationship": "Outer", "Scan Direction": "Forward", "Index Name": "role_type_pkey", "Relation Name": "role_type", "Alias": "rt", "Startup Cost": 0.0, "Total Cost": 12.46, "Plan Rows": 1, "Plan Width": 4, "Actual Min Startup Time": 0.041, "Actual Max Startup Time": 0.041, "Actual Min Total Time": 0.044, "Actual Max Total Time": 0.044, "Filter": "((role)::text = 'costume designer'::text)", "Rows Removed by Filter": 11, "Actual Rows": 1}], "Actual Rows": 16}], "Actual Rows": 16}], "Actual Rows": 276403}], "Actual Rows": 276403}, {"Node Type": "Hash", "Parent Relationship": "Inner", "Startup Cost": 121444.67, "Total Cost": 121444.67, "Plan Rows": 901342, "Plan Width": 20, "Actual Min Startup Time": 1468.194, "Actual Max Startup Time": 1749.209, "Actual Min Total Time": 1468.194, "Actual Max Total Time": 1749.209, "Max Hash Buckets": 65536, "Min Hash Buckets": 65536, "Max Hash Batches": 1, "Min Hash Batches": 1, "Max Original Hash Batches": 1, "Min Original Hash Batches": 1, "Max Peak Memory Usage": 2981, "min Peak Memory Usage": 2981, "Plans": [{"Node Type": "Streaming(type: LOCAL REDISTRIBUTE dop: 16/1)", "Parent Relationship": "Outer", "Startup Cost": 0.0, "Total Cost": 121444.67, "Plan Rows": 901342, "Plan Width": 20, "Actual Min Startup Time": 0.039, "Actual Max Startup Time": 281.599, "Actual Min Total Time": 1450.988, "Actual Max Total Time": 1725.838, "Plans": [{"Node Type": "Index Scan", "Parent Relationship": "Outer", "Scan Direction": "Forward", "Index Name": "person_id_aka_name", "Relation Name": "aka_name", "Alias": "an1", "Startup Cost": 0.0, "Total Cost": 68965.03, "Plan Rows": 901342, "Plan Width": 20, "Actual Min Startup Time": 0.052, "Actual Max Startup Time": 0.052, "Actual Min Total Time": 790.263, "Actual Max Total Time": 790.263, "Actual Rows": 901342}], "Actual Rows": 901342}], "Actual Rows": 901342}], "Actual Rows": 218966}], "Actual Rows": 218966}, {"Node Type": "Hash", "Parent Relationship": "Inner", "Startup Cost": 139099.07, "Total Cost": 139099.07, "Plan Rows": 2609128, "Plan Width": 8, "Actual Min Startup Time": 581.948, "Actual Max Startup Time": 862.587, "Actual Min Total Time": 581.948, "Actual Max Total Time": 862.587, "Max Hash Buckets": 262144, "Min Hash Buckets": 262144, "Max Hash Batches": 1, "Min Hash Batches": 1, "Max Original Hash Batches": 1, "Min Original Hash Batches": 1, "Max Peak Memory Usage": 6396, "min Peak Memory Usage": 6396, "Plans": [{"Node Type": "Streaming(type: LOCAL REDISTRIBUTE dop: 16/16)", "Parent Relationship": "Outer", "Startup Cost": 0.0, "Total Cost": 139099.07, "Plan Rows": 2609128, "Plan Width": 8, "Actual Min Startup Time": 0.05, "Actual Max Startup Time": 112.502, "Actual Min Total Time": 524.183, "Actual Max Total Time": 807.363, "Plans": [{"Node Type": "Index Scan", "Parent Relationship": "Outer", "Scan Direction": "Forward", "Index Name": "company_id_movie_companies", "Relation Name": "movie_companies", "Alias": "mc", "Startup Cost": 0.0, "Total Cost": 114212.92, "Plan Rows": 2609128, "Plan Width": 8, "Actual Min Startup Time": 0.055, "Actual Max Startup Time": 204.879, "Actual Min Total Time": 190.275, "Actual Max Total Time": 497.445, "Actual Rows": 2609128}], "Actual Rows": 2609128}], "Actual Rows": 2609128}], "Actual Rows": 752819}], "Actual Rows": 752819}, {"Node Type": "Hash", "Parent Relationship": "Inner", "Startup Cost": 182953.41, "Total Cost": 182953.41, "Plan Rows": 4167490, "Plan Width": 4, "Actual Min Startup Time": 697.261, "Actual Max Startup Time": 1021.878, "Actual Min Total Time": 697.261, "Actual Max Total Time": 1021.878, "Max Hash Buckets": 262144, "Min Hash Buckets": 262144, "Max Hash Batches": 1, "Min Hash Batches": 1, "Max Original Hash Batches": 1, "Min Original Hash Batches": 1, "Max Peak Memory Usage": 9174, "min Peak Memory Usage": 9174, "Plans": [{"Node Type": "Streaming(type: LOCAL REDISTRIBUTE dop: 16/16)", "Parent Relationship": "Outer", "Startup Cost": 0.0, "Total Cost": 182953.41, "Plan Rows": 4167490, "Plan Width": 4, "Actual Min Startup Time": 0.054, "Actual Max Startup Time": 246.431, "Actual Min Total Time": 596.958, "Actual Max Total Time": 927.951, "Plans": [{"Node Type": "Index Scan", "Parent Relationship": "Outer", "Scan Direction": "Forward", "Index Name": "name_pkey", "Relation Name": "name", "Alias": "n1", "Startup Cost": 0.0, "Total Cost": 152162.53, "Plan Rows": 4167490, "Plan Width": 4, "Actual Min Startup Time": 60.229, "Actual Max Startup Time": 306.727, "Actual Min Total Time": 311.349, "Actual Max Total Time": 560.481, "Actual Rows": 4167490}], "Actual Rows": 4167490}], "Actual Rows": 4167490}], "Actual Rows": 752819}], "Actual Rows": 752819}, {"Node Type": "Hash", "Parent Relationship": "Inner", "Startup Cost": 29042.93, "Total Cost": 29042.93, "Plan Rows": 85170, "Plan Width": 4, "Actual Min Startup Time": 511.387, "Actual Max Startup Time": 742.213, "Actual Min Total Time": 511.387, "Actual Max Total Time": 742.213, "Max Hash Buckets": 32768, "Min Hash Buckets": 32768, "Max Hash Batches": 1, "Min Hash Batches": 1, "Max Original Hash Batches": 1, "Min Original Hash Batches": 1, "Max Peak Memory Usage": 182, "min Peak Memory Usage": 182, "Plans": [{"Node Type": "Streaming(type: LOCAL REDISTRIBUTE dop: 16/1)", "Parent Relationship": "Outer", "Startup Cost": 0.0, "Total Cost": 29042.93, "Plan Rows": 85170, "Plan Width": 4, "Actual Min Startup Time": 0.038, "Actual Max Startup Time": 229.663, "Actual Min Total Time": 509.495, "Actual Max Total Time": 740.36, "Plans": [{"Node Type": "Index Scan", "Parent Relationship": "Outer", "Scan Direction": "Forward", "Index Name": "company_name_pkey", "Relation Name": "company_name", "Alias": "cn", "Startup Cost": 0.0, "Total Cost": 10501.39, "Plan Rows": 85170, "Plan Width": 4, "Actual Min Startup Time": 0.059, "Actual Max Startup Time": 0.059, "Actual Min Total Time": 444.105, "Actual Max Total Time": 444.105, "Filter": "((country_code)::text = '[us]'::text)", "Rows Removed by Filter": 150153, "Actual Rows": 84843}], "Actual Rows": 84843}], "Actual Rows": 84843}], "Actual Rows": 323005}], "Actual Rows": 323005}, {"Node Type": "Hash", "Parent Relationship": "Inner", "Startup Cost": 125997.5, "Total Cost": 125997.5, "Plan Rows": 2528311, "Plan Width": 21, "Actual Min Startup Time": 654.95, "Actual Max Startup Time": 957.925, "Actual Min Total Time": 654.95, "Actual Max Total Time": 957.925, "Max Hash Buckets": 262144, "Min Hash Buckets": 262144, "Max Hash Batches": 1, "Min Hash Batches": 1, "Max Original Hash Batches": 1, "Min Original Hash Batches": 1, "Max Peak Memory Usage": 8518, "min Peak Memory Usage": 8518, "Plans": [{"Node Type": "Streaming(type: LOCAL REDISTRIBUTE dop: 16/16)", "Parent Relationship": "Outer", "Startup Cost": 0.0, "Total Cost": 125997.5, "Plan Rows": 2528311, "Plan Width": 21, "Actual Min Startup Time": 0.05, "Actual Max Startup Time": 192.809, "Actual Min Total Time": 585.619, "Actual Max Total Time": 904.138, "Plans": [{"Node Type": "Index Scan", "Parent Relationship": "Outer", "Scan Direction": "Forward", "Index Name": "title_pkey", "Relation Name": "title", "Alias": "t", "Startup Cost": 0.0, "Total Cost": 101417.57, "Plan Rows": 2528311, "Plan Width": 21, "Actual Min Startup Time": 28.69, "Actual Max Startup Time": 239.756, "Actual Min Total Time": 321.352, "Actual Max Total Time": 625.216, "Actual Rows": 2528311}], "Actual Rows": 2528311}], "Actual Rows": 2528311}], "Actual Rows": 323005}], "Actual Rows": 16}], "Actual Rows": 16}], "Actual Rows": 1}, "Triggers": [], "Planner Runtime": 110.135, "Total Runtime": 3348.961, "Unique SQL Id": 2457761703}}, "(16, '46')": {"explain_plan": {"Plan": {"Node Type": "Aggregate", "Strategy": "Plain", "Startup Cost": 287566.27, "Total Cost": 287566.3, "Plan Rows": 1, "Plan Width": 97, "Plans": [{"Node Type": "Streaming(type: LOCAL GATHER dop: 1/16)", "Parent Relationship": "Outer", "Startup Cost": 287566.27, "Total Cost": 287566.3, "Plan Rows": 1, "Plan Width": 97, "Plans": [{"Node Type": "Aggregate", "Strategy": "Plain", "Parent Relationship": "Outer", "Startup Cost": 287566.27, "Total Cost": 287566.28, "Plan Rows": 1, "Plan Width": 97, "Plans": [{"Node Type": "Hash Join", "Parent Relationship": "Outer", "Join Type": "Inner", "Startup Cost": 142621.96, "Total Cost": 285780.78, "Plan Rows": 357098, "Plan Width": 33, "Inner Unique": true, "Hash Cond": "(an1.person_id = n1.id), (LLVM Optimized)", "Plans": [{"Node Type": "Streaming(type: LOCAL REDISTRIBUTE dop: 16/16)", "Parent Relationship": "Outer", "Startup Cost": 126464.14, "Total Cost": 269316.07, "Plan Rows": 357098, "Plan Width": 41, "Plans": [{"Node Type": "Hash Join", "Parent Relationship": "Outer", "Join Type": "Inner", "Startup Cost": 126464.14, "Total Cost": 252963.01, "Plan Rows": 357098, "Plan Width": 41, "Inner Unique": true, "Hash Cond": "(ci.movie_id = t.id), (LLVM Optimized)", "Plans": [{"Node Type": "Streaming(type: LOCAL REDISTRIBUTE dop: 16/16)", "Parent Relationship": "Outer", "Startup Cost": 113655.34, "Total Cost": 239847.25, "Plan Rows": 357379, "Plan Width": 32, "Plans": [{"Node Type": "Hash Join", "Parent Relationship": "Outer", "Join Type": "Inner", "Startup Cost": 113655.34, "Total Cost": 223493.12, "Plan Rows": 357379, "Plan Width": 32, "Inner Unique": false, "Hash Cond": "(ci.person_id = an1.person_id), (LLVM Optimized)", "Plans": [{"Node Type": "Streaming(type: LOCAL REDISTRIBUTE dop: 16/16)", "Parent Relationship": "Outer", "Startup Cost": 104286.28, "Total Cost": 212931.86, "Plan Rows": 711018, "Plan Width": 12, "Plans": [{"Node Type": "Hash Join", "Parent Relationship": "Outer", "Join Type": "Inner", "Startup Cost": 104286.28, "Total Cost": 195237.77, "Plan Rows": 711018, "Plan Width": 12, "Inner Unique": false, "Hash Cond": "(ci.movie_id = mc.movie_id), (LLVM Optimized)", "Plans": [{"Node Type": "Streaming(type: LOCAL REDISTRIBUTE dop: 16/16)", "Parent Relationship": "Outer", "Startup Cost": 15001.51, "Total Cost": 102848.74, "Plan Rows": 3296318, "Plan Width": 8, "Plans": [{"Node Type": "Hash Join", "Parent Relationship": "Outer", "Join Type": "Inner", "Startup Cost": 15001.51, "Total Cost": 75358.79, "Plan Rows": 3296318, "Plan Width": 8, "Inner Unique": true, "Hash Cond": "(ci.role_id = rt.id), (LLVM Optimized)", "Plans": [{"Node Type": "Seq Scan", "Parent Relationship": "Outer", "Relation Name": "cast_info", "Alias": "ci", "Startup Cost": 0.0, "Total Cost": 52617.37, "Plan Rows": 36259494, "Plan Width": 12}, {"Node Type": "Hash", "Parent Relationship": "Inner", "Startup Cost": 15001.5, "Total Cost": 15001.5, "Plan Rows": 16, "Plan Width": 4, "Plans": [{"Node Type": "Streaming(type: BROADCAST dop: 16/1)", "Parent Relationship": "Outer", "Startup Cost": 0.0, "Total Cost": 15001.5, "Plan Rows": 16, "Plan Width": 4, "Plans": [{"Node Type": "Seq Scan", "Parent Relationship": "Outer", "Relation Name": "role_type", "Alias": "rt", "Startup Cost": 0.0, "Total Cost": 1.15, "Plan Rows": 1, "Plan Width": 4, "Filter": "((role)::text = 'costume designer'::text)"}]}]}]}]}, {"Node Type": "Hash", "Parent Relationship": "Inner", "Startup Cost": 88282.97, "Total Cost": 88282.97, "Plan Rows": 1282311, "Plan Width": 4, "Plans": [{"Node Type": "Streaming(type: LOCAL REDISTRIBUTE dop: 16/16)", "Parent Relationship": "Outer", "Startup Cost": 24511.53, "Total Cost": 88282.97, "Plan Rows": 1282311, "Plan Width": 4, "Plans": [{"Node Type": "Hash Join", "Parent Relationship": "Outer", "Join Type": "Inner", "Startup Cost": 24511.53, "Total Cost": 68424.21, "Plan Rows": 1282311, "Plan Width": 4, "Inner Unique": true, "Hash Cond": "(mc.company_id = cn.id), (LLVM Optimized)", "Plans": [{"Node Type": "Streaming(type: LOCAL REDISTRIBUTE dop: 16/16)", "Parent Relationship": "Outer", "Startup Cost": 0.0, "Total Cost": 42499.73, "Plan Rows": 2609128, "Plan Width": 8, "Plans": [{"Node Type": "Seq Scan", "Parent Relationship": "Outer", "Relation Name": "movie_companies", "Alias": "mc", "Startup Cost": 0.0, "Total Cost": 17613.58, "Plan Rows": 2609128, "Plan Width": 8}]}, {"Node Type": "Hash", "Parent Relationship": "Inner", "Startup Cost": 24444.99, "Total Cost": 24444.99, "Plan Rows": 85170, "Plan Width": 4, "Plans": [{"Node Type": "Streaming(type: LOCAL REDISTRIBUTE dop: 16/1)", "Parent Relationship": "Outer", "Startup Cost": 0.0, "Total Cost": 24444.99, "Plan Rows": 85170, "Plan Width": 4, "Plans": [{"Node Type": "Seq Scan", "Parent Relationship": "Outer", "Relation Name": "company_name", "Alias": "cn", "Startup Cost": 0.0, "Total Cost": 5903.45, "Plan Rows": 85170, "Plan Width": 4, "Filter": "((country_code)::text = '[us]'::text)"}]}]}]}]}]}]}]}, {"Node Type": "Hash", "Parent Relationship": "Inner", "Startup Cost": 34659.52, "Total Cost": 34659.52, "Plan Rows": 901342, "Plan Width": 20, "Plans": [{"Node Type": "Streaming(type: LOCAL REDISTRIBUTE dop: 16/16)", "Parent Relationship": "Outer", "Startup Cost": 0.0, "Total Cost": 34659.52, "Plan Rows": 901342, "Plan Width": 20, "Plans": [{"Node Type": "Seq Scan", "Parent Relationship": "Outer", "Relation Name": "aka_name", "Alias": "an1", "Startup Cost": 0.0, "Total Cost": 16244.28, "Plan Rows": 901342, "Plan Width": 20}]}]}]}]}, {"Node Type": "Hash", "Parent Relationship": "Inner", "Startup Cost": 43334.25, "Total Cost": 43334.25, "Plan Rows": 2528311, "Plan Width": 21, "Plans": [{"Node Type": "Streaming(type: LOCAL REDISTRIBUTE dop: 16/16)", "Parent Relationship": "Outer", "Startup Cost": 0.0, "Total Cost": 43334.25, "Plan Rows": 2528311, "Plan Width": 21, "Plans": [{"Node Type": "Seq Scan", "Parent Relationship": "Outer", "Relation Name": "title", "Alias": "t", "Startup Cost": 0.0, "Total Cost": 18754.32, "Plan Rows": 2528311, "Plan Width": 21}]}]}]}]}, {"Node Type": "Hash", "Parent Relationship": "Inner", "Startup Cost": 51607.87, "Total Cost": 51607.87, "Plan Rows": 4167490, "Plan Width": 4, "Plans": [{"Node Type": "Streaming(type: LOCAL REDISTRIBUTE dop: 16/16)", "Parent Relationship": "Outer", "Startup Cost": 0.0, "Total Cost": 51607.87, "Plan Rows": 4167490, "Plan Width": 4, "Plans": [{"Node Type": "Seq Scan", "Parent Relationship": "Outer", "Relation Name": "name", "Alias": "n1", "Startup Cost": 0.0, "Total Cost": 20816.99, "Plan Rows": 4167490, "Plan Width": 4}]}]}]}]}]}]}, "Unique SQL Id": 2457761703, "Planner Runtime": 196}, "explain_analyze_plan": {"Plan": {"Node Type": "Aggregate", "Strategy": "Plain", "Startup Cost": 287566.27, "Total Cost": 287566.3, "Plan Rows": 1, "Plan Width": 97, "Actual Min Startup Time": 1429.474, "Actual Max Startup Time": 1429.474, "Actual Min Total Time": 1429.474, "Actual Max Total Time": 1429.474, "Plans": [{"Node Type": "Streaming(type: LOCAL GATHER dop: 1/16)", "Parent Relationship": "Outer", "Startup Cost": 287566.27, "Total Cost": 287566.3, "Plan Rows": 1, "Plan Width": 97, "Actual Min Startup Time": 1428.475, "Actual Max Startup Time": 1428.475, "Actual Min Total Time": 1429.447, "Actual Max Total Time": 1429.447, "Plans": [{"Node Type": "Aggregate", "Strategy": "Plain", "Parent Relationship": "Outer", "Startup Cost": 287566.27, "Total Cost": 287566.28, "Plan Rows": 1, "Plan Width": 97, "Actual Min Startup Time": 1046.427, "Actual Max Startup Time": 1225.524, "Actual Min Total Time": 1046.427, "Actual Max Total Time": 1225.525, "Plans": [{"Node Type": "Hash Join", "Parent Relationship": "Outer", "Join Type": "Inner", "Startup Cost": 142621.96, "Total Cost": 285780.78, "Plan Rows": 357098, "Plan Width": 33, "Actual Min Startup Time": 657.95, "Actual Max Startup Time": 846.411, "Actual Min Total Time": 1031.721, "Actual Max Total Time": 1217.172, "Inner Unique": true, "Hash Cond": "(an1.person_id = n1.id), (LLVM Optimized, Jit Execute)", "Plans": [{"Node Type": "Streaming(type: LOCAL REDISTRIBUTE dop: 16/16)", "Parent Relationship": "Outer", "Startup Cost": 126464.14, "Total Cost": 269316.07, "Plan Rows": 357098, "Plan Width": 41, "Actual Min Startup Time": 138.252, "Actual Max Startup Time": 161.278, "Actual Min Total Time": 500.465, "Actual Max Total Time": 521.157, "Plans": [{"Node Type": "Hash Join", "Parent Relationship": "Outer", "Join Type": "Inner", "Startup Cost": 126464.14, "Total Cost": 252963.01, "Plan Rows": 357098, "Plan Width": 41, "Actual Min Startup Time": 650.282, "Actual Max Startup Time": 827.406, "Actual Min Total Time": 1018.2, "Actual Max Total Time": 1197.69, "Inner Unique": true, "Hash Cond": "(ci.movie_id = t.id), (LLVM Optimized, Jit Execute)", "Plans": [{"Node Type": "Streaming(type: LOCAL REDISTRIBUTE dop: 16/16)", "Parent Relationship": "Outer", "Startup Cost": 113655.34, "Total Cost": 239847.25, "Plan Rows": 357379, "Plan Width": 32, "Actual Min Startup Time": 284.581, "Actual Max Startup Time": 292.563, "Actual Min Total Time": 643.034, "Actual Max Total Time": 653.83, "Plans": [{"Node Type": "Hash Join", "Parent Relationship": "Outer", "Join Type": "Inner", "Startup Cost": 113655.34, "Total Cost": 223493.12, "Plan Rows": 357379, "Plan Width": 32, "Actual Min Startup Time": 656.508, "Actual Max Startup Time": 864.813, "Actual Min Total Time": 976.219, "Actual Max Total Time": 1211.51, "Inner Unique": false, "Hash Cond": "(ci.person_id = an1.person_id), (LLVM Optimized, Jit Execute)", "Plans": [{"Node Type": "Streaming(type: LOCAL REDISTRIBUTE dop: 16/16)", "Parent Relationship": "Outer", "Startup Cost": 104286.28, "Total Cost": 212931.86, "Plan Rows": 711018, "Plan Width": 12, "Actual Min Startup Time": 516.593, "Actual Max Startup Time": 530.476, "Actual Min Total Time": 825.032, "Actual Max Total Time": 876.688, "Plans": [{"Node Type": "Hash Join", "Parent Relationship": "Outer", "Join Type": "Inner", "Startup Cost": 104286.28, "Total Cost": 195237.77, "Plan Rows": 711018, "Plan Width": 12, "Actual Min Startup Time": 655.48, "Actual Max Startup Time": 884.626, "Actual Min Total Time": 967.321, "Actual Max Total Time": 1196.253, "Inner Unique": false, "Hash Cond": "(ci.movie_id = mc.movie_id), (LLVM Optimized, Jit Execute)", "Plans": [{"Node Type": "Streaming(type: LOCAL REDISTRIBUTE dop: 16/16)", "Parent Relationship": "Outer", "Startup Cost": 15001.51, "Total Cost": 102848.74, "Plan Rows": 3296318, "Plan Width": 8, "Actual Min Startup Time": 0.062, "Actual Max Startup Time": 0.846, "Actual Min Total Time": 293.775, "Actual Max Total Time": 312.773, "Plans": [{"Node Type": "Hash Join", "Parent Relationship": "Outer", "Join Type": "Inner", "Startup Cost": 15001.51, "Total Cost": 75358.79, "Plan Rows": 3296318, "Plan Width": 8, "Actual Min Startup Time": 729.862, "Actual Max Startup Time": 782.989, "Actual Min Total Time": 934.617, "Actual Max Total Time": 992.529, "Inner Unique": true, "Hash Cond": "(ci.role_id = rt.id), (LLVM Optimized, Jit Execute)", "Plans": [{"Node Type": "Seq Scan", "Parent Relationship": "Outer", "Relation Name": "cast_info", "Alias": "ci", "Startup Cost": 0.0, "Total Cost": 52617.37, "Plan Rows": 36259494, "Plan Width": 12, "Actual Min Startup Time": 0.029, "Actual Max Startup Time": 0.042, "Actual Min Total Time": 515.441, "Actual Max Total Time": 569.135, "Actual Rows": 36244343}, {"Node Type": "Hash", "Parent Relationship": "Inner", "Startup Cost": 15001.5, "Total Cost": 15001.5, "Plan Rows": 16, "Plan Width": 4, "Actual Min Startup Time": 0.012, "Actual Max Startup Time": 11.903, "Actual Min Total Time": 0.012, "Actual Max Total Time": 11.903, "Max Hash Buckets": 32768, "Min Hash Buckets": 32768, "Max Hash Batches": 1, "Min Hash Batches": 1, "Max Original Hash Batches": 1, "Min Original Hash Batches": 1, "Max Peak Memory Usage": 1, "min Peak Memory Usage": 1, "Plans": [{"Node Type": "Streaming(type: BROADCAST dop: 16/1)", "Parent Relationship": "Outer", "Startup Cost": 0.0, "Total Cost": 15001.5, "Plan Rows": 16, "Plan Width": 4, "Actual Min Startup Time": 0.004, "Actual Max Startup Time": 11.888, "Actual Min Total Time": 0.004, "Actual Max Total Time": 11.889, "Plans": [{"Node Type": "Seq Scan", "Parent Relationship": "Outer", "Relation Name": "role_type", "Alias": "rt", "Startup Cost": 0.0, "Total Cost": 1.15, "Plan Rows": 1, "Plan Width": 4, "Actual Min Startup Time": 0.025, "Actual Max Startup Time": 0.025, "Actual Min Total Time": 0.027, "Actual Max Total Time": 0.027, "Filter": "((role)::text = 'costume designer'::text)", "Rows Removed by Filter": 11, "Actual Rows": 1}], "Actual Rows": 16}], "Actual Rows": 16}], "Actual Rows": 276403}], "Actual Rows": 276403}, {"Node Type": "Hash", "Parent Relationship": "Inner", "Startup Cost": 88282.97, "Total Cost": 88282.97, "Plan Rows": 1282311, "Plan Width": 4, "Actual Min Startup Time": 655.204, "Actual Max Startup Time": 884.113, "Actual Min Total Time": 655.204, "Actual Max Total Time": 884.113, "Max Hash Buckets": 131072, "Min Hash Buckets": 131072, "Max Hash Batches": 1, "Min Hash Batches": 1, "Max Original Hash Batches": 1, "Min Original Hash Batches": 1, "Max Peak Memory Usage": 2542, "min Peak Memory Usage": 2542, "Plans": [{"Node Type": "Streaming(type: LOCAL REDISTRIBUTE dop: 16/16)", "Parent Relationship": "Outer", "Startup Cost": 24511.53, "Total Cost": 88282.97, "Plan Rows": 1282311, "Plan Width": 4, "Actual Min Startup Time": 186.112, "Actual Max Startup Time": 414.758, "Actual Min Total Time": 627.769, "Actual Max Total Time": 863.493, "Plans": [{"Node Type": "Hash Join", "Parent Relationship": "Outer", "Join Type": "Inner", "Startup Cost": 24511.53, "Total Cost": 68424.21, "Plan Rows": 1282311, "Plan Width": 4, "Actual Min Startup Time": 176.757, "Actual Max Startup Time": 400.58, "Actual Min Total Time": 517.522, "Actual Max Total Time": 794.956, "Inner Unique": true, "Hash Cond": "(mc.company_id = cn.id), (LLVM Optimized, Jit Execute)", "Plans": [{"Node Type": "Streaming(type: LOCAL REDISTRIBUTE dop: 16/16)", "Parent Relationship": "Outer", "Startup Cost": 0.0, "Total Cost": 42499.73, "Plan Rows": 2609128, "Plan Width": 8, "Actual Min Startup Time": 0.062, "Actual Max Startup Time": 1.791, "Actual Min Total Time": 265.249, "Actual Max Total Time": 357.061, "Plans": [{"Node Type": "Seq Scan", "Parent Relationship": "Outer", "Relation Name": "movie_companies", "Alias": "mc", "Startup Cost": 0.0, "Total Cost": 17613.58, "Plan Rows": 2609128, "Plan Width": 8, "Actual Min Startup Time": 0.026, "Actual Max Startup Time": 0.044, "Actual Min Total Time": 42.83, "Actual Max Total Time": 51.451, "Actual Rows": 2609128}], "Actual Rows": 2609128}, {"Node Type": "Hash", "Parent Relationship": "Inner", "Startup Cost": 24444.99, "Total Cost": 24444.99, "Plan Rows": 85170, "Plan Width": 4, "Actual Min Startup Time": 176.63, "Actual Max Startup Time": 399.346, "Actual Min Total Time": 176.63, "Actual Max Total Time": 399.346, "Max Hash Buckets": 32768, "Min Hash Buckets": 32768, "Max Hash Batches": 1, "Min Hash Batches": 1, "Max Original Hash Batches": 1, "Min Original Hash Batches": 1, "Max Peak Memory Usage": 182, "min Peak Memory Usage": 182, "Plans": [{"Node Type": "Streaming(type: LOCAL REDISTRIBUTE dop: 16/1)", "Parent Relationship": "Outer", "Startup Cost": 0.0, "Total Cost": 24444.99, "Plan Rows": 85170, "Plan Width": 4, "Actual Min Startup Time": 0.035, "Actual Max Startup Time": 218.603, "Actual Min Total Time": 174.868, "Actual Max Total Time": 397.632, "Plans": [{"Node Type": "Seq Scan", "Parent Relationship": "Outer", "Relation Name": "company_name", "Alias": "cn", "Startup Cost": 0.0, "Total Cost": 5903.45, "Plan Rows": 85170, "Plan Width": 4, "Actual Min Startup Time": 0.038, "Actual Max Startup Time": 0.038, "Actual Min Total Time": 94.596, "Actual Max Total Time": 94.596, "Filter": "((country_code)::text = '[us]'::text)", "Rows Removed by Filter": 150153, "Actual Rows": 84843}], "Actual Rows": 84843}], "Actual Rows": 84843}], "Actual Rows": 1153797}], "Actual Rows": 1153797}], "Actual Rows": 1153797}], "Actual Rows": 285537}], "Actual Rows": 285537}, {"Node Type": "Hash", "Parent Relationship": "Inner", "Startup Cost": 34659.52, "Total Cost": 34659.52, "Plan Rows": 901342, "Plan Width": 20, "Actual Min Startup Time": 129.879, "Actual Max Startup Time": 348.156, "Actual Min Total Time": 129.879, "Actual Max Total Time": 348.156, "Max Hash Buckets": 65536, "Min Hash Buckets": 65536, "Max Hash Batches": 1, "Min Hash Batches": 1, "Max Original Hash Batches": 1, "Min Original Hash Batches": 1, "Max Peak Memory Usage": 2981, "min Peak Memory Usage": 2981, "Plans": [{"Node Type": "Streaming(type: LOCAL REDISTRIBUTE dop: 16/16)", "Parent Relationship": "Outer", "Startup Cost": 0.0, "Total Cost": 34659.52, "Plan Rows": 901342, "Plan Width": 20, "Actual Min Startup Time": 0.048, "Actual Max Startup Time": 211.292, "Actual Min Total Time": 113.469, "Actual Max Total Time": 331.199, "Plans": [{"Node Type": "Seq Scan", "Parent Relationship": "Outer", "Relation Name": "aka_name", "Alias": "an1", "Startup Cost": 0.0, "Total Cost": 16244.28, "Plan Rows": 901342, "Plan Width": 20, "Actual Min Startup Time": 0.02, "Actual Max Startup Time": 0.037, "Actual Min Total Time": 16.899, "Actual Max Total Time": 20.777, "Actual Rows": 901342}], "Actual Rows": 901342}], "Actual Rows": 901342}], "Actual Rows": 323005}], "Actual Rows": 323005}, {"Node Type": "Hash", "Parent Relationship": "Inner", "Startup Cost": 43334.25, "Total Cost": 43334.25, "Plan Rows": 2528311, "Plan Width": 21, "Actual Min Startup Time": 361.928, "Actual Max Startup Time": 536.694, "Actual Min Total Time": 361.928, "Actual Max Total Time": 536.694, "Max Hash Buckets": 262144, "Min Hash Buckets": 262144, "Max Hash Batches": 1, "Min Hash Batches": 1, "Max Original Hash Batches": 1, "Min Original Hash Batches": 1, "Max Peak Memory Usage": 8518, "min Peak Memory Usage": 8518, "Plans": [{"Node Type": "Streaming(type: LOCAL REDISTRIBUTE dop: 16/16)", "Parent Relationship": "Outer", "Startup Cost": 0.0, "Total Cost": 43334.25, "Plan Rows": 2528311, "Plan Width": 21, "Actual Min Startup Time": 0.052, "Actual Max Startup Time": 29.929, "Actual Min Total Time": 291.244, "Actual Max Total Time": 484.112, "Plans": [{"Node Type": "Seq Scan", "Parent Relationship": "Outer", "Relation Name": "title", "Alias": "t", "Startup Cost": 0.0, "Total Cost": 18754.32, "Plan Rows": 2528311, "Plan Width": 21, "Actual Min Startup Time": 0.018, "Actual Max Startup Time": 0.034, "Actual Min Total Time": 48.948, "Actual Max Total Time": 58.428, "Actual Rows": 2528311}], "Actual Rows": 2528311}], "Actual Rows": 2528311}], "Actual Rows": 323005}], "Actual Rows": 323005}, {"Node Type": "Hash", "Parent Relationship": "Inner", "Startup Cost": 51607.87, "Total Cost": 51607.87, "Plan Rows": 4167490, "Plan Width": 4, "Actual Min Startup Time": 514.494, "Actual Max Startup Time": 693.507, "Actual Min Total Time": 514.494, "Actual Max Total Time": 693.507, "Max Hash Buckets": 262144, "Min Hash Buckets": 262144, "Max Hash Batches": 1, "Min Hash Batches": 1, "Max Original Hash Batches": 1, "Min Original Hash Batches": 1, "Max Peak Memory Usage": 9174, "min Peak Memory Usage": 9174, "Plans": [{"Node Type": "Streaming(type: LOCAL REDISTRIBUTE dop: 16/16)", "Parent Relationship": "Outer", "Startup Cost": 0.0, "Total Cost": 51607.87, "Plan Rows": 4167490, "Plan Width": 4, "Actual Min Startup Time": 0.053, "Actual Max Startup Time": 140.533, "Actual Min Total Time": 409.113, "Actual Max Total Time": 612.992, "Plans": [{"Node Type": "Seq Scan", "Parent Relationship": "Outer", "Relation Name": "name", "Alias": "n1", "Startup Cost": 0.0, "Total Cost": 20816.99, "Plan Rows": 4167490, "Plan Width": 4, "Actual Min Startup Time": 0.017, "Actual Max Startup Time": 0.034, "Actual Min Total Time": 74.859, "Actual Max Total Time": 86.06, "Actual Rows": 4167490}], "Actual Rows": 4167490}], "Actual Rows": 4167490}], "Actual Rows": 323005}], "Actual Rows": 16}], "Actual Rows": 16}], "Actual Rows": 1}, "Triggers": [], "Planner Runtime": 195.615, "Total Runtime": 1475.961, "Unique SQL Id": 2457761703}}, "(16, '47')": {"explain_plan": {"Plan": {"Node Type": "Aggregate", "Strategy": "Plain", "Startup Cost": 7003518524798.87, "Total Cost": 7003518524798.88, "Plan Rows": 1, "Plan Width": 97, "Plans": [{"Node Type": "Hash Join", "Parent Relationship": "Outer", "Join Type": "Inner", "Startup Cost": 5023382387874.01, "Total Cost": 7003518523013.38, "Plan Rows": 357098, "Plan Width": 33, "Inner Unique": false, "Hash Cond": "(ci.movie_id = t.id), (LLVM Optimized)", "Plans": [{"Node Type": "Hash Join", "Parent Relationship": "Outer", "Join Type": "Inner", "Startup Cost": 2020024583138.53, "Total Cost": 4000160705187.07, "Plan Rows": 1484588, "Plan Width": 20, "Inner Unique": false, "Hash Cond": "(n1.id = an1.person_id), (LLVM Optimized)", "Plans": [{"Node Type": "Nested Loop", "Parent Relationship": "Outer", "Join Type": "Inner", "Startup Cost": 1020017675368.33, "Total Cost": 3000152781892.05, "Plan Rows": 3296318, "Plan Width": 12, "Inner Unique": false, "Join Filter": "(ci.role_id = rt.id), (LLVM Optimized)", "Plans": [{"Node Type": "Index Scan", "Parent Relationship": "Outer", "Scan Direction": "Forward", "Index Name": "role_type_pkey", "Relation Name": "role_type", "Alias": "rt", "Startup Cost": 10000000000.0, "Total Cost": 1000000001246.0, "Plan Rows": 1, "Plan Width": 4, "Filter": "((role)::text = 'costume designer'::text)"}, {"Node Type": "Hash Join", "Parent Relationship": "Inner", "Join Type": "Inner", "Startup Cost": 1010017675368.33, "Total Cost": 2000152327402.37, "Plan Rows": 36259494, "Plan Width": 16, "Inner Unique": true, "Hash Cond": "(ci.person_id = n1.id), (LLVM Optimized)", "Plans": [{"Node Type": "Index Scan", "Parent Relationship": "Outer", "Scan Direction": "Forward", "Index Name": "role_id_cast_info", "Relation Name": "cast_info", "Alias": "ci", "Startup Cost": 10000000000.0, "Total Cost": 1000134153466.0, "Plan Rows": 36259494, "Plan Width": 12}, {"Node Type": "Hash", "Parent Relationship": "Inner", "Startup Cost": 1000017623274.7, "Total Cost": 1000017623274.7, "Plan Rows": 4167490, "Plan Width": 4, "Plans": [{"Node Type": "Index Scan", "Parent Relationship": "Outer", "Scan Direction": "Forward", "Index Name": "name_pkey", "Relation Name": "name", "Alias": "n1", "Startup Cost": 10000000000.0, "Total Cost": 1000017623274.7, "Plan Rows": 4167490, "Plan Width": 4}]}]}]}, {"Node Type": "Hash", "Parent Relationship": "Inner", "Startup Cost": 1000006896503.43, "Total Cost": 1000006896503.43, "Plan Rows": 901342, "Plan Width": 20, "Plans": [{"Node Type": "Index Scan", "Parent Relationship": "Outer", "Scan Direction": "Forward", "Index Name": "person_id_aka_name", "Relation Name": "aka_name", "Alias": "an1", "Startup Cost": 10000000000.0, "Total Cost": 1000006896503.43, "Plan Rows": 901342, "Plan Width": 20}]}]}, {"Node Type": "Hash", "Parent Relationship": "Inner", "Startup Cost": 3003357788706.59, "Total Cost": 3003357788706.59, "Plan Rows": 1282311, "Plan Width": 25, "Plans": [{"Node Type": "Nested Loop", "Parent Relationship": "Outer", "Join Type": "Inner", "Startup Cost": 1020011043652.8, "Total Cost": 3003357788706.59, "Plan Rows": 1282311, "Plan Width": 25, "Inner Unique": true, "Join Filter": "(mc.company_id = cn.id), (LLVM Optimized)", "Plans": [{"Node Type": "Hash Join", "Parent Relationship": "Outer", "Join Type": "Inner", "Startup Cost": 1010011043652.8, "Total Cost": 2000023446878.29, "Plan Rows": 2609128, "Plan Width": 29, "Inner Unique": true, "Hash Cond": "(mc.movie_id = t.id), (LLVM Optimized)", "Plans": [{"Node Type": "Index Scan", "Parent Relationship": "Outer", "Scan Direction": "Forward", "Index Name": "company_id_movie_companies", "Relation Name": "movie_companies", "Alias": "mc", "Startup Cost": 10000000000.0, "Total Cost": 1000012367349.98, "Plan Rows": 2609128, "Plan Width": 8}, {"Node Type": "Hash", "Parent Relationship": "Inner", "Startup Cost": 1000011012048.91, "Total Cost": 1000011012048.91, "Plan Rows": 2528311, "Plan Width": 21, "Plans": [{"Node Type": "Index Scan", "Parent Relationship": "Outer", "Scan Direction": "Forward", "Index Name": "title_pkey", "Relation Name": "title", "Alias": "t", "Startup Cost": 10000000000.0, "Total Cost": 1000011012048.91, "Plan Rows": 2528311, "Plan Width": 21}]}]}, {"Node Type": "Materialize", "Parent Relationship": "Inner", "Startup Cost": 10000000000.0, "Total Cost": 1000001050564.82, "Plan Rows": 85170, "Plan Width": 4, "Plans": [{"Node Type": "Index Scan", "Parent Relationship": "Outer", "Scan Direction": "Forward", "Index Name": "company_name_pkey", "Relation Name": "company_name", "Alias": "cn", "Startup Cost": 10000000000.0, "Total Cost": 1000001050138.97, "Plan Rows": 85170, "Plan Width": 4, "Filter": "((country_code)::text = '[us]'::text)"}]}]}]}]}]}, "Unique SQL Id": 2457761703, "Planner Runtime": 53}, "explain_analyze_plan": null}, "(16, '48')": {"explain_plan": {"Plan": {"Node Type": "Aggregate", "Strategy": "Plain", "Startup Cost": 1965944.02, "Total Cost": 1965944.03, "Plan Rows": 1, "Plan Width": 97, "Plans": [{"Node Type": "Nested Loop", "Parent Relationship": "Outer", "Join Type": "Inner", "Startup Cost": 0.0, "Total Cost": 1964158.53, "Plan Rows": 357098, "Plan Width": 33, "Inner Unique": true, "Join Filter": "(an1.person_id = n1.id), (LLVM Optimized)", "Plans": [{"Node Type": "Nested Loop", "Parent Relationship": "Outer", "Join Type": "Inner", "Startup Cost": 0.0, "Total Cost": 1862664.6, "Plan Rows": 357098, "Plan Width": 41, "Inner Unique": true, "Plans": [{"Node Type": "Nested Loop", "Parent Relationship": "Outer", "Join Type": "Inner", "Startup Cost": 0.0, "Total Cost": 1760862.26, "Plan Rows": 357379, "Plan Width": 32, "Inner Unique": false, "Plans": [{"Node Type": "Nested Loop", "Parent Relationship": "Outer", "Join Type": "Inner", "Startup Cost": 0.0, "Total Cost": 1560689.3, "Plan Rows": 711018, "Plan Width": 12, "Inner Unique": false, "Join Filter": "(ci.role_id = rt.id), (LLVM Optimized)", "Plans": [{"Node Type": "Seq Scan", "Parent Relationship": "Outer", "Relation Name": "role_type", "Alias": "rt", "Startup Cost": 0.0, "Total Cost": 1.15, "Plan Rows": 1, "Plan Width": 4, "Filter": "((role)::text = 'costume designer'::text)"}, {"Node Type": "Nested Loop", "Parent Relationship": "Inner", "Join Type": "Inner", "Startup Cost": 0.0, "Total Cost": 1462923.14, "Plan Rows": 7821201, "Plan Width": 16, "Inner Unique": false, "Plans": [{"Node Type": "Nested Loop", "Parent Relationship": "Outer", "Join Type": "Inner", "Startup Cost": 0.0, "Total Cost": 166734.45, "Plan Rows": 1282311, "Plan Width": 4, "Inner Unique": false, "Plans": [{"Node Type": "Seq Scan", "Parent Relationship": "Outer", "Relation Name": "company_name", "Alias": "cn", "Startup Cost": 0.0, "Total Cost": 5903.45, "Plan Rows": 85170, "Plan Width": 4, "Filter": "((country_code)::text = '[us]'::text)"}, {"Node Type": "Index Scan", "Parent Relationship": "Inner", "Scan Direction": "Forward", "Index Name": "company_id_movie_companies", "Relation Name": "movie_companies", "Alias": "mc", "Startup Cost": 0.0, "Total Cost": 1.74, "Plan Rows": 15, "Plan Width": 8, "Index Cond": "(company_id = cn.id)"}]}, {"Node Type": "Index Scan", "Parent Relationship": "Inner", "Scan Direction": "Forward", "Index Name": "movie_id_cast_info", "Relation Name": "cast_info", "Alias": "ci", "Startup Cost": 0.0, "Total Cost": 0.95, "Plan Rows": 6, "Plan Width": 12, "Index Cond": "(movie_id = mc.movie_id)"}]}]}, {"Node Type": "Index Scan", "Parent Relationship": "Inner", "Scan Direction": "Forward", "Index Name": "person_id_aka_name", "Relation Name": "aka_name", "Alias": "an1", "Startup Cost": 0.0, "Total Cost": 0.27, "Plan Rows": 1, "Plan Width": 20, "Index Cond": "(person_id = ci.person_id)"}]}, {"Node Type": "Index Scan", "Parent Relationship": "Inner", "Scan Direction": "Forward", "Index Name": "title_pkey", "Relation Name": "title", "Alias": "t", "Startup Cost": 0.0, "Total Cost": 0.27, "Plan Rows": 1, "Plan Width": 21, "Index Cond": "(id = ci.movie_id)"}]}, {"Node Type": "Index Only Scan", "Parent Relationship": "Inner", "Scan Direction": "Forward", "Index Name": "name_pkey", "Relation Name": "name", "Alias": "n1", "Startup Cost": 0.0, "Total Cost": 0.27, "Plan Rows": 1, "Plan Width": 4, "Index Cond": "(id = ci.person_id)"}]}]}, "Unique SQL Id": 2457761703, "Planner Runtime": 6}, "explain_analyze_plan": null}, "(16, '49')": {"explain_plan": {"Plan": {"Node Type": "Aggregate", "Strategy": "Plain", "Startup Cost": 1970553.27, "Total Cost": 1970553.28, "Plan Rows": 1, "Plan Width": 97, "Plans": [{"Node Type": "Nested Loop", "Parent Relationship": "Outer", "Join Type": "Inner", "Startup Cost": 0.0, "Total Cost": 1968767.78, "Plan Rows": 357098, "Plan Width": 33, "Inner Unique": true, "Join Filter": "(an1.person_id = n1.id), (LLVM Optimized)", "Plans": [{"Node Type": "Nested Loop", "Parent Relationship": "Outer", "Join Type": "Inner", "Startup Cost": 0.0, "Total Cost": 1867273.85, "Plan Rows": 357098, "Plan Width": 41, "Inner Unique": true, "Plans": [{"Node Type": "Nested Loop", "Parent Relationship": "Outer", "Join Type": "Inner", "Startup Cost": 0.0, "Total Cost": 1765471.51, "Plan Rows": 357379, "Plan Width": 32, "Inner Unique": false, "Plans": [{"Node Type": "Nested Loop", "Parent Relationship": "Outer", "Join Type": "Inner", "Startup Cost": 0.0, "Total Cost": 1565298.55, "Plan Rows": 711018, "Plan Width": 12, "Inner Unique": false, "Join Filter": "(ci.role_id = rt.id), (LLVM Optimized)", "Plans": [{"Node Type": "Index Scan", "Parent Relationship": "Outer", "Scan Direction": "Forward", "Index Name": "role_type_pkey", "Relation Name": "role_type", "Alias": "rt", "Startup Cost": 0.0, "Total Cost": 12.46, "Plan Rows": 1, "Plan Width": 4, "Filter": "((role)::text = 'costume designer'::text)"}, {"Node Type": "Nested Loop", "Parent Relationship": "Inner", "Join Type": "Inner", "Startup Cost": 0.0, "Total Cost": 1467521.08, "Plan Rows": 7821201, "Plan Width": 16, "Inner Unique": false, "Plans": [{"Node Type": "Nested Loop", "Parent Relationship": "Outer", "Join Type": "Inner", "Startup Cost": 0.0, "Total Cost": 171332.39, "Plan Rows": 1282311, "Plan Width": 4, "Inner Unique": false, "Plans": [{"Node Type": "Index Scan", "Parent Relationship": "Outer", "Scan Direction": "Forward", "Index Name": "company_name_pkey", "Relation Name": "company_name", "Alias": "cn", "Startup Cost": 0.0, "Total Cost": 10501.39, "Plan Rows": 85170, "Plan Width": 4, "Filter": "((country_code)::text = '[us]'::text)"}, {"Node Type": "Index Scan", "Parent Relationship": "Inner", "Scan Direction": "Forward", "Index Name": "company_id_movie_companies", "Relation Name": "movie_companies", "Alias": "mc", "Startup Cost": 0.0, "Total Cost": 1.74, "Plan Rows": 15, "Plan Width": 8, "Index Cond": "(company_id = cn.id)"}]}, {"Node Type": "Index Scan", "Parent Relationship": "Inner", "Scan Direction": "Forward", "Index Name": "movie_id_cast_info", "Relation Name": "cast_info", "Alias": "ci", "Startup Cost": 0.0, "Total Cost": 0.95, "Plan Rows": 6, "Plan Width": 12, "Index Cond": "(movie_id = mc.movie_id)"}]}]}, {"Node Type": "Index Scan", "Parent Relationship": "Inner", "Scan Direction": "Forward", "Index Name": "person_id_aka_name", "Relation Name": "aka_name", "Alias": "an1", "Startup Cost": 0.0, "Total Cost": 0.27, "Plan Rows": 1, "Plan Width": 20, "Index Cond": "(person_id = ci.person_id)"}]}, {"Node Type": "Index Scan", "Parent Relationship": "Inner", "Scan Direction": "Forward", "Index Name": "title_pkey", "Relation Name": "title", "Alias": "t", "Startup Cost": 0.0, "Total Cost": 0.27, "Plan Rows": 1, "Plan Width": 21, "Index Cond": "(id = ci.movie_id)"}]}, {"Node Type": "Index Only Scan", "Parent Relationship": "Inner", "Scan Direction": "Forward", "Index Name": "name_pkey", "Relation Name": "name", "Alias": "n1", "Startup Cost": 0.0, "Total Cost": 0.27, "Plan Rows": 1, "Plan Width": 4, "Index Cond": "(id = ci.person_id)"}]}]}, "Unique SQL Id": 2457761703, "Planner Runtime": 6}, "explain_analyze_plan": null}, "(16, '50')": {"explain_plan": {"Plan": {"Node Type": "Aggregate", "Strategy": "Plain", "Startup Cost": 12604914.55, "Total Cost": 12604914.56, "Plan Rows": 1, "Plan Width": 97, "Plans": [{"Node Type": "Nested Loop", "Parent Relationship": "Outer", "Join Type": "Inner", "Startup Cost": 2.1, "Total Cost": 12603129.06, "Plan Rows": 357098, "Plan Width": 33, "Inner Unique": true, "Join Filter": "(an1.person_id = n1.id), (LLVM Optimized)", "Plans": [{"Node Type": "Nested Loop", "Parent Relationship": "Outer", "Join Type": "Inner", "Startup Cost": 1.84, "Total Cost": 11073153.85, "Plan Rows": 357098, "Plan Width": 41, "Inner Unique": true, "Plans": [{"Node Type": "Nested Loop", "Parent Relationship": "Outer", "Join Type": "Inner", "Startup Cost": 1.58, "Total Cost": 9543117.59, "Plan Rows": 357379, "Plan Width": 32, "Inner Unique": false, "Plans": [{"Node Type": "Nested Loop", "Parent Relationship": "Outer", "Join Type": "Inner", "Startup Cost": 1.33, "Total Cost": 6499549.44, "Plan Rows": 711018, "Plan Width": 12, "Inner Unique": false, "Join Filter": "(ci.role_id = rt.id), (LLVM Optimized)", "Plans": [{"Node Type": "Seq Scan", "Parent Relationship": "Outer", "Relation Name": "role_type", "Alias": "rt", "Startup Cost": 0.0, "Total Cost": 1.15, "Plan Rows": 1, "Plan Width": 4, "Filter": "((role)::text = 'costume designer'::text)"}, {"Node Type": "Nested Loop", "Parent Relationship": "Inner", "Join Type": "Inner", "Startup Cost": 1.33, "Total Cost": 6401783.28, "Plan Rows": 7821201, "Plan Width": 16, "Inner Unique": false, "Plans": [{"Node Type": "Nested Loop", "Parent Relationship": "Outer", "Join Type": "Inner", "Startup Cost": 0.82, "Total Cost": 444829.84, "Plan Rows": 1282311, "Plan Width": 4, "Inner Unique": false, "Plans": [{"Node Type": "Seq Scan", "Parent Relationship": "Outer", "Relation Name": "company_name", "Alias": "cn", "Startup Cost": 0.0, "Total Cost": 5903.45, "Plan Rows": 85170, "Plan Width": 4, "Filter": "((country_code)::text = '[us]'::text)"}, {"Node Type": "Bitmap Heap Scan", "Parent Relationship": "Inner", "Relation Name": "movie_companies", "Alias": "mc", "Startup Cost": 0.82, "Total Cost": 5.0, "Plan Rows": 15, "Plan Width": 8, "Recheck Cond": "(company_id = cn.id)", "Plans": [{"Node Type": "Bitmap Index Scan", "Parent Relationship": "Outer", "Index Name": "company_id_movie_companies", "Startup Cost": 0.0, "Total Cost": 0.81, "Plan Rows": 15, "Plan Width": 0, "Index Cond": "(company_id = cn.id)"}]}]}, {"Node Type": "Bitmap Heap Scan", "Parent Relationship": "Inner", "Relation Name": "cast_info", "Alias": "ci", "Startup Cost": 0.51, "Total Cost": 4.59, "Plan Rows": 6, "Plan Width": 12, "Recheck Cond": "(movie_id = mc.movie_id)", "Plans": [{"Node Type": "Bitmap Index Scan", "Parent Relationship": "Outer", "Index Name": "movie_id_cast_info", "Startup Cost": 0.0, "Total Cost": 0.51, "Plan Rows": 6, "Plan Width": 0, "Index Cond": "(movie_id = mc.movie_id)"}]}]}]}, {"Node Type": "Bitmap Heap Scan", "Parent Relationship": "Inner", "Relation Name": "aka_name", "Alias": "an1", "Startup Cost": 0.26, "Total Cost": 4.27, "Plan Rows": 1, "Plan Width": 20, "Recheck Cond": "(person_id = ci.person_id)", "Plans": [{"Node Type": "Bitmap Index Scan", "Parent Relationship": "Outer", "Index Name": "person_id_aka_name", "Startup Cost": 0.0, "Total Cost": 0.26, "Plan Rows": 1, "Plan Width": 0, "Index Cond": "(person_id = ci.person_id)"}]}]}, {"Node Type": "Bitmap Heap Scan", "Parent Relationship": "Inner", "Relation Name": "title", "Alias": "t", "Startup Cost": 0.26, "Total Cost": 4.27, "Plan Rows": 1, "Plan Width": 21, "Recheck Cond": "(id = ci.movie_id)", "Plans": [{"Node Type": "Bitmap Index Scan", "Parent Relationship": "Outer", "Index Name": "title_pkey", "Startup Cost": 0.0, "Total Cost": 0.26, "Plan Rows": 1, "Plan Width": 0, "Index Cond": "(id = ci.movie_id)"}]}]}, {"Node Type": "Bitmap Heap Scan", "Parent Relationship": "Inner", "Relation Name": "name", "Alias": "n1", "Startup Cost": 0.26, "Total Cost": 4.27, "Plan Rows": 1, "Plan Width": 4, "Recheck Cond": "(id = ci.person_id)", "Plans": [{"Node Type": "Bitmap Index Scan", "Parent Relationship": "Outer", "Index Name": "name_pkey", "Startup Cost": 0.0, "Total Cost": 0.26, "Plan Rows": 1, "Plan Width": 0, "Index Cond": "(id = ci.person_id)"}]}]}]}, "Unique SQL Id": 2457761703, "Planner Runtime": 22}, "explain_analyze_plan": null}, "(16, '51')": {"explain_plan": {"Plan": {"Node Type": "Aggregate", "Strategy": "Plain", "Startup Cost": 12607726.38, "Total Cost": 12607726.39, "Plan Rows": 1, "Plan Width": 97, "Plans": [{"Node Type": "Nested Loop", "Parent Relationship": "Outer", "Join Type": "Inner", "Startup Cost": 2810.94, "Total Cost": 12605940.89, "Plan Rows": 357098, "Plan Width": 33, "Inner Unique": true, "Join Filter": "(an1.person_id = n1.id), (LLVM Optimized)", "Plans": [{"Node Type": "Nested Loop", "Parent Relationship": "Outer", "Join Type": "Inner", "Startup Cost": 2810.68, "Total Cost": 11075965.68, "Plan Rows": 357098, "Plan Width": 41, "Inner Unique": true, "Plans": [{"Node Type": "Nested Loop", "Parent Relationship": "Outer", "Join Type": "Inner", "Startup Cost": 2810.42, "Total Cost": 9545929.42, "Plan Rows": 357379, "Plan Width": 32, "Inner Unique": false, "Plans": [{"Node Type": "Nested Loop", "Parent Relationship": "Outer", "Join Type": "Inner", "Startup Cost": 2810.16, "Total Cost": 6502361.27, "Plan Rows": 711018, "Plan Width": 12, "Inner Unique": false, "Join Filter": "(ci.role_id = rt.id), (LLVM Optimized)", "Plans": [{"Node Type": "Bitmap Heap Scan", "Parent Relationship": "Outer", "Relation Name": "role_type", "Alias": "rt", "Startup Cost": 8.31, "Total Cost": 12.46, "Plan Rows": 1, "Plan Width": 4, "Filter": "((role)::text = 'costume designer'::text)", "Plans": [{"Node Type": "Bitmap Index Scan", "Parent Relationship": "Outer", "Index Name": "role_type_pkey", "Startup Cost": 0.0, "Total Cost": 8.31, "Plan Rows": 12, "Plan Width": 0}]}, {"Node Type": "Nested Loop", "Parent Relationship": "Inner", "Join Type": "Inner", "Startup Cost": 2801.85, "Total Cost": 6404583.8, "Plan Rows": 7821201, "Plan Width": 16, "Inner Unique": false, "Plans": [{"Node Type": "Nested Loop", "Parent Relationship": "Outer", "Join Type": "Inner", "Startup Cost": 2801.34, "Total Cost": 447630.36, "Plan Rows": 1282311, "Plan Width": 4, "Inner Unique": false, "Plans": [{"Node Type": "Bitmap Heap Scan", "Parent Relationship": "Outer", "Relation Name": "company_name", "Alias": "cn", "Startup Cost": 2800.52, "Total Cost": 8703.97, "Plan Rows": 85170, "Plan Width": 4, "Filter": "((country_code)::text = '[us]'::text)", "Plans": [{"Node Type": "Bitmap Index Scan", "Parent Relationship": "Outer", "Index Name": "company_name_pkey", "Startup Cost": 0.0, "Total Cost": 2779.23, "Plan Rows": 234996, "Plan Width": 0}]}, {"Node Type": "Bitmap Heap Scan", "Parent Relationship": "Inner", "Relation Name": "movie_companies", "Alias": "mc", "Startup Cost": 0.82, "Total Cost": 5.0, "Plan Rows": 15, "Plan Width": 8, "Recheck Cond": "(company_id = cn.id)", "Plans": [{"Node Type": "Bitmap Index Scan", "Parent Relationship": "Outer", "Index Name": "company_id_movie_companies", "Startup Cost": 0.0, "Total Cost": 0.81, "Plan Rows": 15, "Plan Width": 0, "Index Cond": "(company_id = cn.id)"}]}]}, {"Node Type": "Bitmap Heap Scan", "Parent Relationship": "Inner", "Relation Name": "cast_info", "Alias": "ci", "Startup Cost": 0.51, "Total Cost": 4.59, "Plan Rows": 6, "Plan Width": 12, "Recheck Cond": "(movie_id = mc.movie_id)", "Plans": [{"Node Type": "Bitmap Index Scan", "Parent Relationship": "Outer", "Index Name": "movie_id_cast_info", "Startup Cost": 0.0, "Total Cost": 0.51, "Plan Rows": 6, "Plan Width": 0, "Index Cond": "(movie_id = mc.movie_id)"}]}]}]}, {"Node Type": "Bitmap Heap Scan", "Parent Relationship": "Inner", "Relation Name": "aka_name", "Alias": "an1", "Startup Cost": 0.26, "Total Cost": 4.27, "Plan Rows": 1, "Plan Width": 20, "Recheck Cond": "(person_id = ci.person_id)", "Plans": [{"Node Type": "Bitmap Index Scan", "Parent Relationship": "Outer", "Index Name": "person_id_aka_name", "Startup Cost": 0.0, "Total Cost": 0.26, "Plan Rows": 1, "Plan Width": 0, "Index Cond": "(person_id = ci.person_id)"}]}]}, {"Node Type": "Bitmap Heap Scan", "Parent Relationship": "Inner", "Relation Name": "title", "Alias": "t", "Startup Cost": 0.26, "Total Cost": 4.27, "Plan Rows": 1, "Plan Width": 21, "Recheck Cond": "(id = ci.movie_id)", "Plans": [{"Node Type": "Bitmap Index Scan", "Parent Relationship": "Outer", "Index Name": "title_pkey", "Startup Cost": 0.0, "Total Cost": 0.26, "Plan Rows": 1, "Plan Width": 0, "Index Cond": "(id = ci.movie_id)"}]}]}, {"Node Type": "Bitmap Heap Scan", "Parent Relationship": "Inner", "Relation Name": "name", "Alias": "n1", "Startup Cost": 0.26, "Total Cost": 4.27, "Plan Rows": 1, "Plan Width": 4, "Recheck Cond": "(id = ci.person_id)", "Plans": [{"Node Type": "Bitmap Index Scan", "Parent Relationship": "Outer", "Index Name": "name_pkey", "Startup Cost": 0.0, "Total Cost": 0.26, "Plan Rows": 1, "Plan Width": 0, "Index Cond": "(id = ci.person_id)"}]}]}]}, "Unique SQL Id": 2457761703, "Planner Runtime": 6}, "explain_analyze_plan": null}, "(16, '52')": {"explain_plan": {"Plan": {"Node Type": "Aggregate", "Strategy": "Plain", "Startup Cost": 1967968.74, "Total Cost": 1967968.75, "Plan Rows": 1, "Plan Width": 97, "Plans": [{"Node Type": "Nested Loop", "Parent Relationship": "Outer", "Join Type": "Inner", "Startup Cost": 0.0, "Total Cost": 1966183.25, "Plan Rows": 357098, "Plan Width": 33, "Inner Unique": true, "Join Filter": "(an1.person_id = n1.id), (LLVM Optimized)", "Plans": [{"Node Type": "Nested Loop", "Parent Relationship": "Outer", "Join Type": "Inner", "Startup Cost": 0.0, "Total Cost": 1862664.6, "Plan Rows": 357098, "Plan Width": 41, "Inner Unique": true, "Plans": [{"Node Type": "Nested Loop", "Parent Relationship": "Outer", "Join Type": "Inner", "Startup Cost": 0.0, "Total Cost": 1760862.26, "Plan Rows": 357379, "Plan Width": 32, "Inner Unique": false, "Plans": [{"Node Type": "Nested Loop", "Parent Relationship": "Outer", "Join Type": "Inner", "Startup Cost": 0.0, "Total Cost": 1560689.3, "Plan Rows": 711018, "Plan Width": 12, "Inner Unique": false, "Join Filter": "(ci.role_id = rt.id), (LLVM Optimized)", "Plans": [{"Node Type": "Seq Scan", "Parent Relationship": "Outer", "Relation Name": "role_type", "Alias": "rt", "Startup Cost": 0.0, "Total Cost": 1.15, "Plan Rows": 1, "Plan Width": 4, "Filter": "((role)::text = 'costume designer'::text)"}, {"Node Type": "Nested Loop", "Parent Relationship": "Inner", "Join Type": "Inner", "Startup Cost": 0.0, "Total Cost": 1462923.14, "Plan Rows": 7821201, "Plan Width": 16, "Inner Unique": false, "Plans": [{"Node Type": "Nested Loop", "Parent Relationship": "Outer", "Join Type": "Inner", "Startup Cost": 0.0, "Total Cost": 166734.45, "Plan Rows": 1282311, "Plan Width": 4, "Inner Unique": false, "Plans": [{"Node Type": "Seq Scan", "Parent Relationship": "Outer", "Relation Name": "company_name", "Alias": "cn", "Startup Cost": 0.0, "Total Cost": 5903.45, "Plan Rows": 85170, "Plan Width": 4, "Filter": "((country_code)::text = '[us]'::text)"}, {"Node Type": "Index Scan", "Parent Relationship": "Inner", "Scan Direction": "Forward", "Index Name": "company_id_movie_companies", "Relation Name": "movie_companies", "Alias": "mc", "Startup Cost": 0.0, "Total Cost": 1.74, "Plan Rows": 15, "Plan Width": 8, "Index Cond": "(company_id = cn.id)"}]}, {"Node Type": "Index Scan", "Parent Relationship": "Inner", "Scan Direction": "Forward", "Index Name": "movie_id_cast_info", "Relation Name": "cast_info", "Alias": "ci", "Startup Cost": 0.0, "Total Cost": 0.95, "Plan Rows": 6, "Plan Width": 12, "Index Cond": "(movie_id = mc.movie_id)"}]}]}, {"Node Type": "Index Scan", "Parent Relationship": "Inner", "Scan Direction": "Forward", "Index Name": "person_id_aka_name", "Relation Name": "aka_name", "Alias": "an1", "Startup Cost": 0.0, "Total Cost": 0.27, "Plan Rows": 1, "Plan Width": 20, "Index Cond": "(person_id = ci.person_id)"}]}, {"Node Type": "Index Scan", "Parent Relationship": "Inner", "Scan Direction": "Forward", "Index Name": "title_pkey", "Relation Name": "title", "Alias": "t", "Startup Cost": 0.0, "Total Cost": 0.27, "Plan Rows": 1, "Plan Width": 21, "Index Cond": "(id = ci.movie_id)"}]}, {"Node Type": "Index Scan", "Parent Relationship": "Inner", "Scan Direction": "Forward", "Index Name": "name_pkey", "Relation Name": "name", "Alias": "n1", "Startup Cost": 0.0, "Total Cost": 0.28, "Plan Rows": 1, "Plan Width": 4, "Index Cond": "(id = ci.person_id)"}]}]}, "Unique SQL Id": 2457761703, "Planner Runtime": 6}, "explain_analyze_plan": null}, "(16, '53')": {"explain_plan": {"Plan": {"Node Type": "Aggregate", "Strategy": "Plain", "Startup Cost": 1972577.99, "Total Cost": 1972578.0, "Plan Rows": 1, "Plan Width": 97, "Plans": [{"Node Type": "Nested Loop", "Parent Relationship": "Outer", "Join Type": "Inner", "Startup Cost": 0.0, "Total Cost": 1970792.5, "Plan Rows": 357098, "Plan Width": 33, "Inner Unique": true, "Join Filter": "(an1.person_id = n1.id), (LLVM Optimized)", "Plans": [{"Node Type": "Nested Loop", "Parent Relationship": "Outer", "Join Type": "Inner", "Startup Cost": 0.0, "Total Cost": 1867273.85, "Plan Rows": 357098, "Plan Width": 41, "Inner Unique": true, "Plans": [{"Node Type": "Nested Loop", "Parent Relationship": "Outer", "Join Type": "Inner", "Startup Cost": 0.0, "Total Cost": 1765471.51, "Plan Rows": 357379, "Plan Width": 32, "Inner Unique": false, "Plans": [{"Node Type": "Nested Loop", "Parent Relationship": "Outer", "Join Type": "Inner", "Startup Cost": 0.0, "Total Cost": 1565298.55, "Plan Rows": 711018, "Plan Width": 12, "Inner Unique": false, "Join Filter": "(ci.role_id = rt.id), (LLVM Optimized)", "Plans": [{"Node Type": "Index Scan", "Parent Relationship": "Outer", "Scan Direction": "Forward", "Index Name": "role_type_pkey", "Relation Name": "role_type", "Alias": "rt", "Startup Cost": 0.0, "Total Cost": 12.46, "Plan Rows": 1, "Plan Width": 4, "Filter": "((role)::text = 'costume designer'::text)"}, {"Node Type": "Nested Loop", "Parent Relationship": "Inner", "Join Type": "Inner", "Startup Cost": 0.0, "Total Cost": 1467521.08, "Plan Rows": 7821201, "Plan Width": 16, "Inner Unique": false, "Plans": [{"Node Type": "Nested Loop", "Parent Relationship": "Outer", "Join Type": "Inner", "Startup Cost": 0.0, "Total Cost": 171332.39, "Plan Rows": 1282311, "Plan Width": 4, "Inner Unique": false, "Plans": [{"Node Type": "Index Scan", "Parent Relationship": "Outer", "Scan Direction": "Forward", "Index Name": "company_name_pkey", "Relation Name": "company_name", "Alias": "cn", "Startup Cost": 0.0, "Total Cost": 10501.39, "Plan Rows": 85170, "Plan Width": 4, "Filter": "((country_code)::text = '[us]'::text)"}, {"Node Type": "Index Scan", "Parent Relationship": "Inner", "Scan Direction": "Forward", "Index Name": "company_id_movie_companies", "Relation Name": "movie_companies", "Alias": "mc", "Startup Cost": 0.0, "Total Cost": 1.74, "Plan Rows": 15, "Plan Width": 8, "Index Cond": "(company_id = cn.id)"}]}, {"Node Type": "Index Scan", "Parent Relationship": "Inner", "Scan Direction": "Forward", "Index Name": "movie_id_cast_info", "Relation Name": "cast_info", "Alias": "ci", "Startup Cost": 0.0, "Total Cost": 0.95, "Plan Rows": 6, "Plan Width": 12, "Index Cond": "(movie_id = mc.movie_id)"}]}]}, {"Node Type": "Index Scan", "Parent Relationship": "Inner", "Scan Direction": "Forward", "Index Name": "person_id_aka_name", "Relation Name": "aka_name", "Alias": "an1", "Startup Cost": 0.0, "Total Cost": 0.27, "Plan Rows": 1, "Plan Width": 20, "Index Cond": "(person_id = ci.person_id)"}]}, {"Node Type": "Index Scan", "Parent Relationship": "Inner", "Scan Direction": "Forward", "Index Name": "title_pkey", "Relation Name": "title", "Alias": "t", "Startup Cost": 0.0, "Total Cost": 0.27, "Plan Rows": 1, "Plan Width": 21, "Index Cond": "(id = ci.movie_id)"}]}, {"Node Type": "Index Scan", "Parent Relationship": "Inner", "Scan Direction": "Forward", "Index Name": "name_pkey", "Relation Name": "name", "Alias": "n1", "Startup Cost": 0.0, "Total Cost": 0.28, "Plan Rows": 1, "Plan Width": 4, "Index Cond": "(id = ci.person_id)"}]}]}, "Unique SQL Id": 2457761703, "Planner Runtime": 6}, "explain_analyze_plan": null}, "(16, '54')": {"explain_plan": {"Plan": {"Node Type": "Aggregate", "Strategy": "Plain", "Startup Cost": 12604914.55, "Total Cost": 12604914.56, "Plan Rows": 1, "Plan Width": 97, "Plans": [{"Node Type": "Nested Loop", "Parent Relationship": "Outer", "Join Type": "Inner", "Startup Cost": 2.1, "Total Cost": 12603129.06, "Plan Rows": 357098, "Plan Width": 33, "Inner Unique": true, "Join Filter": "(an1.person_id = n1.id), (LLVM Optimized)", "Plans": [{"Node Type": "Nested Loop", "Parent Relationship": "Outer", "Join Type": "Inner", "Startup Cost": 1.84, "Total Cost": 11073153.85, "Plan Rows": 357098, "Plan Width": 41, "Inner Unique": true, "Plans": [{"Node Type": "Nested Loop", "Parent Relationship": "Outer", "Join Type": "Inner", "Startup Cost": 1.58, "Total Cost": 9543117.59, "Plan Rows": 357379, "Plan Width": 32, "Inner Unique": false, "Plans": [{"Node Type": "Nested Loop", "Parent Relationship": "Outer", "Join Type": "Inner", "Startup Cost": 1.33, "Total Cost": 6499549.44, "Plan Rows": 711018, "Plan Width": 12, "Inner Unique": false, "Join Filter": "(ci.role_id = rt.id), (LLVM Optimized)", "Plans": [{"Node Type": "Seq Scan", "Parent Relationship": "Outer", "Relation Name": "role_type", "Alias": "rt", "Startup Cost": 0.0, "Total Cost": 1.15, "Plan Rows": 1, "Plan Width": 4, "Filter": "((role)::text = 'costume designer'::text)"}, {"Node Type": "Nested Loop", "Parent Relationship": "Inner", "Join Type": "Inner", "Startup Cost": 1.33, "Total Cost": 6401783.28, "Plan Rows": 7821201, "Plan Width": 16, "Inner Unique": false, "Plans": [{"Node Type": "Nested Loop", "Parent Relationship": "Outer", "Join Type": "Inner", "Startup Cost": 0.82, "Total Cost": 444829.84, "Plan Rows": 1282311, "Plan Width": 4, "Inner Unique": false, "Plans": [{"Node Type": "Seq Scan", "Parent Relationship": "Outer", "Relation Name": "company_name", "Alias": "cn", "Startup Cost": 0.0, "Total Cost": 5903.45, "Plan Rows": 85170, "Plan Width": 4, "Filter": "((country_code)::text = '[us]'::text)"}, {"Node Type": "Bitmap Heap Scan", "Parent Relationship": "Inner", "Relation Name": "movie_companies", "Alias": "mc", "Startup Cost": 0.82, "Total Cost": 5.0, "Plan Rows": 15, "Plan Width": 8, "Recheck Cond": "(company_id = cn.id)", "Plans": [{"Node Type": "Bitmap Index Scan", "Parent Relationship": "Outer", "Index Name": "company_id_movie_companies", "Startup Cost": 0.0, "Total Cost": 0.81, "Plan Rows": 15, "Plan Width": 0, "Index Cond": "(company_id = cn.id)"}]}]}, {"Node Type": "Bitmap Heap Scan", "Parent Relationship": "Inner", "Relation Name": "cast_info", "Alias": "ci", "Startup Cost": 0.51, "Total Cost": 4.59, "Plan Rows": 6, "Plan Width": 12, "Recheck Cond": "(movie_id = mc.movie_id)", "Plans": [{"Node Type": "Bitmap Index Scan", "Parent Relationship": "Outer", "Index Name": "movie_id_cast_info", "Startup Cost": 0.0, "Total Cost": 0.51, "Plan Rows": 6, "Plan Width": 0, "Index Cond": "(movie_id = mc.movie_id)"}]}]}]}, {"Node Type": "Bitmap Heap Scan", "Parent Relationship": "Inner", "Relation Name": "aka_name", "Alias": "an1", "Startup Cost": 0.26, "Total Cost": 4.27, "Plan Rows": 1, "Plan Width": 20, "Recheck Cond": "(person_id = ci.person_id)", "Plans": [{"Node Type": "Bitmap Index Scan", "Parent Relationship": "Outer", "Index Name": "person_id_aka_name", "Startup Cost": 0.0, "Total Cost": 0.26, "Plan Rows": 1, "Plan Width": 0, "Index Cond": "(person_id = ci.person_id)"}]}]}, {"Node Type": "Bitmap Heap Scan", "Parent Relationship": "Inner", "Relation Name": "title", "Alias": "t", "Startup Cost": 0.26, "Total Cost": 4.27, "Plan Rows": 1, "Plan Width": 21, "Recheck Cond": "(id = ci.movie_id)", "Plans": [{"Node Type": "Bitmap Index Scan", "Parent Relationship": "Outer", "Index Name": "title_pkey", "Startup Cost": 0.0, "Total Cost": 0.26, "Plan Rows": 1, "Plan Width": 0, "Index Cond": "(id = ci.movie_id)"}]}]}, {"Node Type": "Bitmap Heap Scan", "Parent Relationship": "Inner", "Relation Name": "name", "Alias": "n1", "Startup Cost": 0.26, "Total Cost": 4.27, "Plan Rows": 1, "Plan Width": 4, "Recheck Cond": "(id = ci.person_id)", "Plans": [{"Node Type": "Bitmap Index Scan", "Parent Relationship": "Outer", "Index Name": "name_pkey", "Startup Cost": 0.0, "Total Cost": 0.26, "Plan Rows": 1, "Plan Width": 0, "Index Cond": "(id = ci.person_id)"}]}]}]}, "Unique SQL Id": 2457761703, "Planner Runtime": 22}, "explain_analyze_plan": null}, "(16, '55')": {"explain_plan": {"Plan": {"Node Type": "Aggregate", "Strategy": "Plain", "Startup Cost": 12607726.38, "Total Cost": 12607726.39, "Plan Rows": 1, "Plan Width": 97, "Plans": [{"Node Type": "Nested Loop", "Parent Relationship": "Outer", "Join Type": "Inner", "Startup Cost": 2810.94, "Total Cost": 12605940.89, "Plan Rows": 357098, "Plan Width": 33, "Inner Unique": true, "Join Filter": "(an1.person_id = n1.id), (LLVM Optimized)", "Plans": [{"Node Type": "Nested Loop", "Parent Relationship": "Outer", "Join Type": "Inner", "Startup Cost": 2810.68, "Total Cost": 11075965.68, "Plan Rows": 357098, "Plan Width": 41, "Inner Unique": true, "Plans": [{"Node Type": "Nested Loop", "Parent Relationship": "Outer", "Join Type": "Inner", "Startup Cost": 2810.42, "Total Cost": 9545929.42, "Plan Rows": 357379, "Plan Width": 32, "Inner Unique": false, "Plans": [{"Node Type": "Nested Loop", "Parent Relationship": "Outer", "Join Type": "Inner", "Startup Cost": 2810.16, "Total Cost": 6502361.27, "Plan Rows": 711018, "Plan Width": 12, "Inner Unique": false, "Join Filter": "(ci.role_id = rt.id), (LLVM Optimized)", "Plans": [{"Node Type": "Bitmap Heap Scan", "Parent Relationship": "Outer", "Relation Name": "role_type", "Alias": "rt", "Startup Cost": 8.31, "Total Cost": 12.46, "Plan Rows": 1, "Plan Width": 4, "Filter": "((role)::text = 'costume designer'::text)", "Plans": [{"Node Type": "Bitmap Index Scan", "Parent Relationship": "Outer", "Index Name": "role_type_pkey", "Startup Cost": 0.0, "Total Cost": 8.31, "Plan Rows": 12, "Plan Width": 0}]}, {"Node Type": "Nested Loop", "Parent Relationship": "Inner", "Join Type": "Inner", "Startup Cost": 2801.85, "Total Cost": 6404583.8, "Plan Rows": 7821201, "Plan Width": 16, "Inner Unique": false, "Plans": [{"Node Type": "Nested Loop", "Parent Relationship": "Outer", "Join Type": "Inner", "Startup Cost": 2801.34, "Total Cost": 447630.36, "Plan Rows": 1282311, "Plan Width": 4, "Inner Unique": false, "Plans": [{"Node Type": "Bitmap Heap Scan", "Parent Relationship": "Outer", "Relation Name": "company_name", "Alias": "cn", "Startup Cost": 2800.52, "Total Cost": 8703.97, "Plan Rows": 85170, "Plan Width": 4, "Filter": "((country_code)::text = '[us]'::text)", "Plans": [{"Node Type": "Bitmap Index Scan", "Parent Relationship": "Outer", "Index Name": "company_name_pkey", "Startup Cost": 0.0, "Total Cost": 2779.23, "Plan Rows": 234996, "Plan Width": 0}]}, {"Node Type": "Bitmap Heap Scan", "Parent Relationship": "Inner", "Relation Name": "movie_companies", "Alias": "mc", "Startup Cost": 0.82, "Total Cost": 5.0, "Plan Rows": 15, "Plan Width": 8, "Recheck Cond": "(company_id = cn.id)", "Plans": [{"Node Type": "Bitmap Index Scan", "Parent Relationship": "Outer", "Index Name": "company_id_movie_companies", "Startup Cost": 0.0, "Total Cost": 0.81, "Plan Rows": 15, "Plan Width": 0, "Index Cond": "(company_id = cn.id)"}]}]}, {"Node Type": "Bitmap Heap Scan", "Parent Relationship": "Inner", "Relation Name": "cast_info", "Alias": "ci", "Startup Cost": 0.51, "Total Cost": 4.59, "Plan Rows": 6, "Plan Width": 12, "Recheck Cond": "(movie_id = mc.movie_id)", "Plans": [{"Node Type": "Bitmap Index Scan", "Parent Relationship": "Outer", "Index Name": "movie_id_cast_info", "Startup Cost": 0.0, "Total Cost": 0.51, "Plan Rows": 6, "Plan Width": 0, "Index Cond": "(movie_id = mc.movie_id)"}]}]}]}, {"Node Type": "Bitmap Heap Scan", "Parent Relationship": "Inner", "Relation Name": "aka_name", "Alias": "an1", "Startup Cost": 0.26, "Total Cost": 4.27, "Plan Rows": 1, "Plan Width": 20, "Recheck Cond": "(person_id = ci.person_id)", "Plans": [{"Node Type": "Bitmap Index Scan", "Parent Relationship": "Outer", "Index Name": "person_id_aka_name", "Startup Cost": 0.0, "Total Cost": 0.26, "Plan Rows": 1, "Plan Width": 0, "Index Cond": "(person_id = ci.person_id)"}]}]}, {"Node Type": "Bitmap Heap Scan", "Parent Relationship": "Inner", "Relation Name": "title", "Alias": "t", "Startup Cost": 0.26, "Total Cost": 4.27, "Plan Rows": 1, "Plan Width": 21, "Recheck Cond": "(id = ci.movie_id)", "Plans": [{"Node Type": "Bitmap Index Scan", "Parent Relationship": "Outer", "Index Name": "title_pkey", "Startup Cost": 0.0, "Total Cost": 0.26, "Plan Rows": 1, "Plan Width": 0, "Index Cond": "(id = ci.movie_id)"}]}]}, {"Node Type": "Bitmap Heap Scan", "Parent Relationship": "Inner", "Relation Name": "name", "Alias": "n1", "Startup Cost": 0.26, "Total Cost": 4.27, "Plan Rows": 1, "Plan Width": 4, "Recheck Cond": "(id = ci.person_id)", "Plans": [{"Node Type": "Bitmap Index Scan", "Parent Relationship": "Outer", "Index Name": "name_pkey", "Startup Cost": 0.0, "Total Cost": 0.26, "Plan Rows": 1, "Plan Width": 0, "Index Cond": "(id = ci.person_id)"}]}]}]}, "Unique SQL Id": 2457761703, "Planner Runtime": 6}, "explain_analyze_plan": null}, "(16, '56')": {"explain_plan": {"Plan": {"Node Type": "Aggregate", "Strategy": "Plain", "Startup Cost": 1965944.02, "Total Cost": 1965944.03, "Plan Rows": 1, "Plan Width": 97, "Plans": [{"Node Type": "Nested Loop", "Parent Relationship": "Outer", "Join Type": "Inner", "Startup Cost": 0.0, "Total Cost": 1964158.53, "Plan Rows": 357098, "Plan Width": 33, "Inner Unique": true, "Join Filter": "(an1.person_id = n1.id), (LLVM Optimized)", "Plans": [{"Node Type": "Nested Loop", "Parent Relationship": "Outer", "Join Type": "Inner", "Startup Cost": 0.0, "Total Cost": 1862664.6, "Plan Rows": 357098, "Plan Width": 41, "Inner Unique": true, "Plans": [{"Node Type": "Nested Loop", "Parent Relationship": "Outer", "Join Type": "Inner", "Startup Cost": 0.0, "Total Cost": 1760862.26, "Plan Rows": 357379, "Plan Width": 32, "Inner Unique": false, "Plans": [{"Node Type": "Nested Loop", "Parent Relationship": "Outer", "Join Type": "Inner", "Startup Cost": 0.0, "Total Cost": 1560689.3, "Plan Rows": 711018, "Plan Width": 12, "Inner Unique": false, "Join Filter": "(ci.role_id = rt.id), (LLVM Optimized)", "Plans": [{"Node Type": "Seq Scan", "Parent Relationship": "Outer", "Relation Name": "role_type", "Alias": "rt", "Startup Cost": 0.0, "Total Cost": 1.15, "Plan Rows": 1, "Plan Width": 4, "Filter": "((role)::text = 'costume designer'::text)"}, {"Node Type": "Nested Loop", "Parent Relationship": "Inner", "Join Type": "Inner", "Startup Cost": 0.0, "Total Cost": 1462923.14, "Plan Rows": 7821201, "Plan Width": 16, "Inner Unique": false, "Plans": [{"Node Type": "Nested Loop", "Parent Relationship": "Outer", "Join Type": "Inner", "Startup Cost": 0.0, "Total Cost": 166734.45, "Plan Rows": 1282311, "Plan Width": 4, "Inner Unique": false, "Plans": [{"Node Type": "Seq Scan", "Parent Relationship": "Outer", "Relation Name": "company_name", "Alias": "cn", "Startup Cost": 0.0, "Total Cost": 5903.45, "Plan Rows": 85170, "Plan Width": 4, "Filter": "((country_code)::text = '[us]'::text)"}, {"Node Type": "Index Scan", "Parent Relationship": "Inner", "Scan Direction": "Forward", "Index Name": "company_id_movie_companies", "Relation Name": "movie_companies", "Alias": "mc", "Startup Cost": 0.0, "Total Cost": 1.74, "Plan Rows": 15, "Plan Width": 8, "Index Cond": "(company_id = cn.id)"}]}, {"Node Type": "Index Scan", "Parent Relationship": "Inner", "Scan Direction": "Forward", "Index Name": "movie_id_cast_info", "Relation Name": "cast_info", "Alias": "ci", "Startup Cost": 0.0, "Total Cost": 0.95, "Plan Rows": 6, "Plan Width": 12, "Index Cond": "(movie_id = mc.movie_id)"}]}]}, {"Node Type": "Index Scan", "Parent Relationship": "Inner", "Scan Direction": "Forward", "Index Name": "person_id_aka_name", "Relation Name": "aka_name", "Alias": "an1", "Startup Cost": 0.0, "Total Cost": 0.27, "Plan Rows": 1, "Plan Width": 20, "Index Cond": "(person_id = ci.person_id)"}]}, {"Node Type": "Index Scan", "Parent Relationship": "Inner", "Scan Direction": "Forward", "Index Name": "title_pkey", "Relation Name": "title", "Alias": "t", "Startup Cost": 0.0, "Total Cost": 0.27, "Plan Rows": 1, "Plan Width": 21, "Index Cond": "(id = ci.movie_id)"}]}, {"Node Type": "Index Only Scan", "Parent Relationship": "Inner", "Scan Direction": "Forward", "Index Name": "name_pkey", "Relation Name": "name", "Alias": "n1", "Startup Cost": 0.0, "Total Cost": 0.27, "Plan Rows": 1, "Plan Width": 4, "Index Cond": "(id = ci.person_id)"}]}]}, "Unique SQL Id": 2457761703, "Planner Runtime": 6}, "explain_analyze_plan": null}, "(16, '57')": {"explain_plan": {"Plan": {"Node Type": "Aggregate", "Strategy": "Plain", "Startup Cost": 1970553.27, "Total Cost": 1970553.28, "Plan Rows": 1, "Plan Width": 97, "Plans": [{"Node Type": "Nested Loop", "Parent Relationship": "Outer", "Join Type": "Inner", "Startup Cost": 0.0, "Total Cost": 1968767.78, "Plan Rows": 357098, "Plan Width": 33, "Inner Unique": true, "Join Filter": "(an1.person_id = n1.id), (LLVM Optimized)", "Plans": [{"Node Type": "Nested Loop", "Parent Relationship": "Outer", "Join Type": "Inner", "Startup Cost": 0.0, "Total Cost": 1867273.85, "Plan Rows": 357098, "Plan Width": 41, "Inner Unique": true, "Plans": [{"Node Type": "Nested Loop", "Parent Relationship": "Outer", "Join Type": "Inner", "Startup Cost": 0.0, "Total Cost": 1765471.51, "Plan Rows": 357379, "Plan Width": 32, "Inner Unique": false, "Plans": [{"Node Type": "Nested Loop", "Parent Relationship": "Outer", "Join Type": "Inner", "Startup Cost": 0.0, "Total Cost": 1565298.55, "Plan Rows": 711018, "Plan Width": 12, "Inner Unique": false, "Join Filter": "(ci.role_id = rt.id), (LLVM Optimized)", "Plans": [{"Node Type": "Index Scan", "Parent Relationship": "Outer", "Scan Direction": "Forward", "Index Name": "role_type_pkey", "Relation Name": "role_type", "Alias": "rt", "Startup Cost": 0.0, "Total Cost": 12.46, "Plan Rows": 1, "Plan Width": 4, "Filter": "((role)::text = 'costume designer'::text)"}, {"Node Type": "Nested Loop", "Parent Relationship": "Inner", "Join Type": "Inner", "Startup Cost": 0.0, "Total Cost": 1467521.08, "Plan Rows": 7821201, "Plan Width": 16, "Inner Unique": false, "Plans": [{"Node Type": "Nested Loop", "Parent Relationship": "Outer", "Join Type": "Inner", "Startup Cost": 0.0, "Total Cost": 171332.39, "Plan Rows": 1282311, "Plan Width": 4, "Inner Unique": false, "Plans": [{"Node Type": "Index Scan", "Parent Relationship": "Outer", "Scan Direction": "Forward", "Index Name": "company_name_pkey", "Relation Name": "company_name", "Alias": "cn", "Startup Cost": 0.0, "Total Cost": 10501.39, "Plan Rows": 85170, "Plan Width": 4, "Filter": "((country_code)::text = '[us]'::text)"}, {"Node Type": "Index Scan", "Parent Relationship": "Inner", "Scan Direction": "Forward", "Index Name": "company_id_movie_companies", "Relation Name": "movie_companies", "Alias": "mc", "Startup Cost": 0.0, "Total Cost": 1.74, "Plan Rows": 15, "Plan Width": 8, "Index Cond": "(company_id = cn.id)"}]}, {"Node Type": "Index Scan", "Parent Relationship": "Inner", "Scan Direction": "Forward", "Index Name": "movie_id_cast_info", "Relation Name": "cast_info", "Alias": "ci", "Startup Cost": 0.0, "Total Cost": 0.95, "Plan Rows": 6, "Plan Width": 12, "Index Cond": "(movie_id = mc.movie_id)"}]}]}, {"Node Type": "Index Scan", "Parent Relationship": "Inner", "Scan Direction": "Forward", "Index Name": "person_id_aka_name", "Relation Name": "aka_name", "Alias": "an1", "Startup Cost": 0.0, "Total Cost": 0.27, "Plan Rows": 1, "Plan Width": 20, "Index Cond": "(person_id = ci.person_id)"}]}, {"Node Type": "Index Scan", "Parent Relationship": "Inner", "Scan Direction": "Forward", "Index Name": "title_pkey", "Relation Name": "title", "Alias": "t", "Startup Cost": 0.0, "Total Cost": 0.27, "Plan Rows": 1, "Plan Width": 21, "Index Cond": "(id = ci.movie_id)"}]}, {"Node Type": "Index Only Scan", "Parent Relationship": "Inner", "Scan Direction": "Forward", "Index Name": "name_pkey", "Relation Name": "name", "Alias": "n1", "Startup Cost": 0.0, "Total Cost": 0.27, "Plan Rows": 1, "Plan Width": 4, "Index Cond": "(id = ci.person_id)"}]}]}, "Unique SQL Id": 2457761703, "Planner Runtime": 6}, "explain_analyze_plan": null}, "(16, '58')": {"explain_plan": {"Plan": {"Node Type": "Aggregate", "Strategy": "Plain", "Startup Cost": 438777366.04, "Total Cost": 438777366.06, "Plan Rows": 1, "Plan Width": 97, "Plans": [{"Node Type": "Streaming(type: LOCAL GATHER dop: 1/16)", "Parent Relationship": "Outer", "Startup Cost": 438777366.04, "Total Cost": 438777366.06, "Plan Rows": 1, "Plan Width": 97, "Plans": [{"Node Type": "Aggregate", "Strategy": "Plain", "Parent Relationship": "Outer", "Startup Cost": 438777366.04, "Total Cost": 438777366.05, "Plan Rows": 1, "Plan Width": 97, "Plans": [{"Node Type": "Nested Loop", "Parent Relationship": "Outer", "Join Type": "Inner", "Startup Cost": 0.0, "Total Cost": 438775580.55, "Plan Rows": 357098, "Plan Width": 33, "Inner Unique": false, "Join Filter": "(an1.person_id = n1.id), (LLVM Optimized)", "Plans": [{"Node Type": "Streaming(type: LOCAL REDISTRIBUTE dop: 16/16)", "Parent Relationship": "Outer", "Startup Cost": 0.0, "Total Cost": 51607.87, "Plan Rows": 4167490, "Plan Width": 4, "Plans": [{"Node Type": "Seq Scan", "Parent Relationship": "Outer", "Relation Name": "name", "Alias": "n1", "Startup Cost": 0.0, "Total Cost": 20816.99, "Plan Rows": 4167490, "Plan Width": 4}]}, {"Node Type": "Materialize", "Parent Relationship": "Inner", "Startup Cost": 0.0, "Total Cost": 351524672.37, "Plan Rows": 357098, "Plan Width": 41, "Plans": [{"Node Type": "Streaming(type: LOCAL REDISTRIBUTE dop: 16/16)", "Parent Relationship": "Outer", "Startup Cost": 0.0, "Total Cost": 351524560.78, "Plan Rows": 357098, "Plan Width": 41, "Plans": [{"Node Type": "Nested Loop", "Parent Relationship": "Outer", "Join Type": "Inner", "Startup Cost": 0.0, "Total Cost": 351508207.71, "Plan Rows": 357098, "Plan Width": 41, "Inner Unique": false, "Join Filter": "(ci.movie_id = t.id), (LLVM Optimized)", "Plans": [{"Node Type": "Streaming(type: LOCAL REDISTRIBUTE dop: 16/16)", "Parent Relationship": "Outer", "Startup Cost": 0.0, "Total Cost": 43334.25, "Plan Rows": 2528311, "Plan Width": 21, "Plans": [{"Node Type": "Seq Scan", "Parent Relationship": "Outer", "Relation Name": "title", "Alias": "t", "Startup Cost": 0.0, "Total Cost": 18754.32, "Plan Rows": 2528311, "Plan Width": 21}]}, {"Node Type": "Materialize", "Parent Relationship": "Inner", "Startup Cost": 0.0, "Total Cost": 298521652.54, "Plan Rows": 357379, "Plan Width": 32, "Plans": [{"Node Type": "Streaming(type: LOCAL REDISTRIBUTE dop: 16/16)", "Parent Relationship": "Outer", "Startup Cost": 0.0, "Total Cost": 298521540.86, "Plan Rows": 357379, "Plan Width": 32, "Plans": [{"Node Type": "Nested Loop", "Parent Relationship": "Outer", "Join Type": "Inner", "Startup Cost": 0.0, "Total Cost": 298505186.73, "Plan Rows": 357379, "Plan Width": 32, "Inner Unique": false, "Join Filter": "(ci.person_id = an1.person_id), (LLVM Optimized)", "Plans": [{"Node Type": "Streaming(type: LOCAL REDISTRIBUTE dop: 16/16)", "Parent Relationship": "Outer", "Startup Cost": 0.0, "Total Cost": 34659.52, "Plan Rows": 901342, "Plan Width": 20, "Plans": [{"Node Type": "Seq Scan", "Parent Relationship": "Outer", "Relation Name": "aka_name", "Alias": "an1", "Startup Cost": 0.0, "Total Cost": 16244.28, "Plan Rows": 901342, "Plan Width": 20}]}, {"Node Type": "Materialize", "Parent Relationship": "Inner", "Startup Cost": 0.0, "Total Cost": 260919639.12, "Plan Rows": 711018, "Plan Width": 12, "Plans": [{"Node Type": "Streaming(type: LOCAL REDISTRIBUTE dop: 16/16)", "Parent Relationship": "Outer", "Startup Cost": 0.0, "Total Cost": 260919416.92, "Plan Rows": 711018, "Plan Width": 12, "Plans": [{"Node Type": "Nested Loop", "Parent Relationship": "Outer", "Join Type": "Inner", "Startup Cost": 0.0, "Total Cost": 260901722.83, "Plan Rows": 711018, "Plan Width": 12, "Inner Unique": false, "Join Filter": "(ci.movie_id = mc.movie_id), (LLVM Optimized)", "Plans": [{"Node Type": "Streaming(type: LOCAL REDISTRIBUTE dop: 16/16)", "Parent Relationship": "Outer", "Startup Cost": 0.0, "Total Cost": 123436.55, "Plan Rows": 3296318, "Plan Width": 8, "Plans": [{"Node Type": "Nested Loop", "Parent Relationship": "Outer", "Join Type": "Inner", "Startup Cost": 0.0, "Total Cost": 95946.6, "Plan Rows": 3296318, "Plan Width": 8, "Inner Unique": false, "Join Filter": "(ci.role_id = rt.id), (LLVM Optimized)", "Plans": [{"Node Type": "Streaming(type: BROADCAST dop: 16/1)", "Parent Relationship": "Outer", "Startup Cost": 0.0, "Total Cost": 15001.5, "Plan Rows": 16, "Plan Width": 4, "Plans": [{"Node Type": "Seq Scan", "Parent Relationship": "Outer", "Relation Name": "role_type", "Alias": "rt", "Startup Cost": 0.0, "Total Cost": 1.15, "Plan Rows": 1, "Plan Width": 4, "Filter": "((role)::text = 'costume designer'::text)"}]}, {"Node Type": "Seq Scan", "Parent Relationship": "Inner", "Relation Name": "cast_info", "Alias": "ci", "Startup Cost": 0.0, "Total Cost": 52617.37, "Plan Rows": 36259494, "Plan Width": 12}]}]}, {"Node Type": "Materialize", "Parent Relationship": "Inner", "Startup Cost": 0.0, "Total Cost": 13108281.71, "Plan Rows": 1282311, "Plan Width": 4, "Plans": [{"Node Type": "Streaming(type: LOCAL REDISTRIBUTE dop: 16/16)", "Parent Relationship": "Outer", "Startup Cost": 0.0, "Total Cost": 13107880.98, "Plan Rows": 1282311, "Plan Width": 4, "Plans": [{"Node Type": "Nested Loop", "Parent Relationship": "Outer", "Join Type": "Inner", "Startup Cost": 0.0, "Total Cost": 13088022.23, "Plan Rows": 1282311, "Plan Width": 4, "Inner Unique": false, "Join Filter": "(cn.id = mc.company_id), (LLVM Optimized)", "Plans": [{"Node Type": "Streaming(type: LOCAL REDISTRIBUTE dop: 16/1)", "Parent Relationship": "Outer", "Startup Cost": 0.0, "Total Cost": 24444.99, "Plan Rows": 85170, "Plan Width": 4, "Plans": [{"Node Type": "Seq Scan", "Parent Relationship": "Outer", "Relation Name": "company_name", "Alias": "cn", "Startup Cost": 0.0, "Total Cost": 5903.45, "Plan Rows": 85170, "Plan Width": 4, "Filter": "((country_code)::text = '[us]'::text)"}]}, {"Node Type": "Materialize", "Parent Relationship": "Inner", "Startup Cost": 0.0, "Total Cost": 43315.08, "Plan Rows": 2609128, "Plan Width": 8, "Plans": [{"Node Type": "Streaming(type: LOCAL REDISTRIBUTE dop: 16/16)", "Parent Relationship": "Outer", "Startup Cost": 0.0, "Total Cost": 42499.73, "Plan Rows": 2609128, "Plan Width": 8, "Plans": [{"Node Type": "Seq Scan", "Parent Relationship": "Outer", "Relation Name": "movie_companies", "Alias": "mc", "Startup Cost": 0.0, "Total Cost": 17613.58, "Plan Rows": 2609128, "Plan Width": 8}]}]}]}]}]}]}]}]}]}]}]}]}]}]}]}]}]}]}, "Unique SQL Id": 2457761703, "Planner Runtime": 11}, "explain_analyze_plan": null}, "(16, '59')": {"explain_plan": {"Plan": {"Node Type": "Aggregate", "Strategy": "Plain", "Startup Cost": 7112442136285.67, "Total Cost": 7112442136285.68, "Plan Rows": 1, "Plan Width": 97, "Plans": [{"Node Type": "Nested Loop", "Parent Relationship": "Outer", "Join Type": "Inner", "Startup Cost": 70000000000.0, "Total Cost": 7112442134500.18, "Plan Rows": 357098, "Plan Width": 33, "Inner Unique": false, "Join Filter": "(an1.person_id = n1.id), (LLVM Optimized)", "Plans": [{"Node Type": "Index Only Scan", "Parent Relationship": "Outer", "Scan Direction": "Forward", "Index Name": "name_pkey", "Relation Name": "name", "Alias": "n1", "Startup Cost": 10000000000.0, "Total Cost": 1000012483260.0, "Plan Rows": 4167490, "Plan Width": 4}, {"Node Type": "Materialize", "Parent Relationship": "Inner", "Startup Cost": 60000000000.0, "Total Cost": 6090106616972.63, "Plan Rows": 357098, "Plan Width": 41, "Plans": [{"Node Type": "Nested Loop", "Parent Relationship": "Outer", "Join Type": "Inner", "Startup Cost": 60000000000.0, "Total Cost": 6090106615187.14, "Plan Rows": 357098, "Plan Width": 41, "Inner Unique": true, "Join Filter": "(ci.movie_id = t.id), (LLVM Optimized)", "Plans": [{"Node Type": "Nested Loop", "Parent Relationship": "Outer", "Join Type": "Inner", "Startup Cost": 50000000000.0, "Total Cost": 5076542117964.41, "Plan Rows": 357379, "Plan Width": 32, "Inner Unique": false, "Join Filter": "(ci.person_id = an1.person_id), (LLVM Optimized)", "Plans": [{"Node Type": "Nested Loop", "Parent Relationship": "Outer", "Join Type": "Inner", "Startup Cost": 40000000000.0, "Total Cost": 4066922163415.29, "Plan Rows": 711018, "Plan Width": 12, "Inner Unique": false, "Join Filter": "(ci.movie_id = mc.movie_id), (LLVM Optimized)", "Plans": [{"Node Type": "Nested Loop", "Parent Relationship": "Outer", "Join Type": "Inner", "Startup Cost": 20000000000.0, "Total Cost": 2000171193971.62, "Plan Rows": 3296318, "Plan Width": 8, "Inner Unique": true, "Join Filter": "(ci.role_id = rt.id), (LLVM Optimized)", "Plans": [{"Node Type": "Index Scan", "Parent Relationship": "Outer", "Scan Direction": "Forward", "Index Name": "person_id_cast_info", "Relation Name": "cast_info", "Alias": "ci", "Startup Cost": 10000000000.0, "Total Cost": 1000170648833.21, "Plan Rows": 36259494, "Plan Width": 12}, {"Node Type": "Materialize", "Parent Relationship": "Inner", "Startup Cost": 10000000000.0, "Total Cost": 1000000001246.0, "Plan Rows": 1, "Plan Width": 4, "Plans": [{"Node Type": "Index Scan", "Parent Relationship": "Outer", "Scan Direction": "Forward", "Index Name": "role_type_pkey", "Relation Name": "role_type", "Alias": "rt", "Startup Cost": 10000000000.0, "Total Cost": 1000000001246.0, "Plan Rows": 1, "Plan Width": 4, "Filter": "((role)::text = 'costume designer'::text)"}]}]}, {"Node Type": "Materialize", "Parent Relationship": "Inner", "Startup Cost": 20000000000.0, "Total Cost": 2003347400185.98, "Plan Rows": 1282311, "Plan Width": 4, "Plans": [{"Node Type": "Nested Loop", "Parent Relationship": "Outer", "Join Type": "Inner", "Startup Cost": 20000000000.0, "Total Cost": 2003347393774.42, "Plan Rows": 1282311, "Plan Width": 4, "Inner Unique": true, "Join Filter": "(cn.id = mc.company_id), (LLVM Optimized)", "Plans": [{"Node Type": "Index Scan", "Parent Relationship": "Outer", "Scan Direction": "Forward", "Index Name": "movie_id_movie_companies", "Relation Name": "movie_companies", "Alias": "mc", "Startup Cost": 10000000000.0, "Total Cost": 1000013051946.13, "Plan Rows": 2609128, "Plan Width": 8}, {"Node Type": "Materialize", "Parent Relationship": "Inner", "Startup Cost": 10000000000.0, "Total Cost": 1000001050564.82, "Plan Rows": 85170, "Plan Width": 4, "Plans": [{"Node Type": "Index Scan", "Parent Relationship": "Outer", "Scan Direction": "Forward", "Index Name": "company_name_pkey", "Relation Name": "company_name", "Alias": "cn", "Startup Cost": 10000000000.0, "Total Cost": 1000001050138.97, "Plan Rows": 85170, "Plan Width": 4, "Filter": "((country_code)::text = '[us]'::text)"}]}]}]}]}, {"Node Type": "Materialize", "Parent Relationship": "Inner", "Startup Cost": 10000000000.0, "Total Cost": 1000006901010.14, "Plan Rows": 901342, "Plan Width": 20, "Plans": [{"Node Type": "Index Scan", "Parent Relationship": "Outer", "Scan Direction": "Forward", "Index Name": "person_id_aka_name", "Relation Name": "aka_name", "Alias": "an1", "Startup Cost": 10000000000.0, "Total Cost": 1000006896503.43, "Plan Rows": 901342, "Plan Width": 20}]}]}, {"Node Type": "Materialize", "Parent Relationship": "Inner", "Startup Cost": 10000000000.0, "Total Cost": 1000011024690.47, "Plan Rows": 2528311, "Plan Width": 21, "Plans": [{"Node Type": "Index Scan", "Parent Relationship": "Outer", "Scan Direction": "Forward", "Index Name": "title_pkey", "Relation Name": "title", "Alias": "t", "Startup Cost": 10000000000.0, "Total Cost": 1000011012048.91, "Plan Rows": 2528311, "Plan Width": 21}]}]}]}]}]}, "Unique SQL Id": 2457761703, "Planner Runtime": 4}, "explain_analyze_plan": null}, "(16, '60')": {"explain_plan": {"Plan": {"Node Type": "Aggregate", "Strategy": "Plain", "Startup Cost": 1967968.74, "Total Cost": 1967968.75, "Plan Rows": 1, "Plan Width": 97, "Plans": [{"Node Type": "Nested Loop", "Parent Relationship": "Outer", "Join Type": "Inner", "Startup Cost": 0.0, "Total Cost": 1966183.25, "Plan Rows": 357098, "Plan Width": 33, "Inner Unique": true, "Join Filter": "(an1.person_id = n1.id), (LLVM Optimized)", "Plans": [{"Node Type": "Nested Loop", "Parent Relationship": "Outer", "Join Type": "Inner", "Startup Cost": 0.0, "Total Cost": 1862664.6, "Plan Rows": 357098, "Plan Width": 41, "Inner Unique": true, "Plans": [{"Node Type": "Nested Loop", "Parent Relationship": "Outer", "Join Type": "Inner", "Startup Cost": 0.0, "Total Cost": 1760862.26, "Plan Rows": 357379, "Plan Width": 32, "Inner Unique": false, "Plans": [{"Node Type": "Nested Loop", "Parent Relationship": "Outer", "Join Type": "Inner", "Startup Cost": 0.0, "Total Cost": 1560689.3, "Plan Rows": 711018, "Plan Width": 12, "Inner Unique": false, "Join Filter": "(ci.role_id = rt.id), (LLVM Optimized)", "Plans": [{"Node Type": "Seq Scan", "Parent Relationship": "Outer", "Relation Name": "role_type", "Alias": "rt", "Startup Cost": 0.0, "Total Cost": 1.15, "Plan Rows": 1, "Plan Width": 4, "Filter": "((role)::text = 'costume designer'::text)"}, {"Node Type": "Nested Loop", "Parent Relationship": "Inner", "Join Type": "Inner", "Startup Cost": 0.0, "Total Cost": 1462923.14, "Plan Rows": 7821201, "Plan Width": 16, "Inner Unique": false, "Plans": [{"Node Type": "Nested Loop", "Parent Relationship": "Outer", "Join Type": "Inner", "Startup Cost": 0.0, "Total Cost": 166734.45, "Plan Rows": 1282311, "Plan Width": 4, "Inner Unique": false, "Plans": [{"Node Type": "Seq Scan", "Parent Relationship": "Outer", "Relation Name": "company_name", "Alias": "cn", "Startup Cost": 0.0, "Total Cost": 5903.45, "Plan Rows": 85170, "Plan Width": 4, "Filter": "((country_code)::text = '[us]'::text)"}, {"Node Type": "Index Scan", "Parent Relationship": "Inner", "Scan Direction": "Forward", "Index Name": "company_id_movie_companies", "Relation Name": "movie_companies", "Alias": "mc", "Startup Cost": 0.0, "Total Cost": 1.74, "Plan Rows": 15, "Plan Width": 8, "Index Cond": "(company_id = cn.id)"}]}, {"Node Type": "Index Scan", "Parent Relationship": "Inner", "Scan Direction": "Forward", "Index Name": "movie_id_cast_info", "Relation Name": "cast_info", "Alias": "ci", "Startup Cost": 0.0, "Total Cost": 0.95, "Plan Rows": 6, "Plan Width": 12, "Index Cond": "(movie_id = mc.movie_id)"}]}]}, {"Node Type": "Index Scan", "Parent Relationship": "Inner", "Scan Direction": "Forward", "Index Name": "person_id_aka_name", "Relation Name": "aka_name", "Alias": "an1", "Startup Cost": 0.0, "Total Cost": 0.27, "Plan Rows": 1, "Plan Width": 20, "Index Cond": "(person_id = ci.person_id)"}]}, {"Node Type": "Index Scan", "Parent Relationship": "Inner", "Scan Direction": "Forward", "Index Name": "title_pkey", "Relation Name": "title", "Alias": "t", "Startup Cost": 0.0, "Total Cost": 0.27, "Plan Rows": 1, "Plan Width": 21, "Index Cond": "(id = ci.movie_id)"}]}, {"Node Type": "Index Scan", "Parent Relationship": "Inner", "Scan Direction": "Forward", "Index Name": "name_pkey", "Relation Name": "name", "Alias": "n1", "Startup Cost": 0.0, "Total Cost": 0.28, "Plan Rows": 1, "Plan Width": 4, "Index Cond": "(id = ci.person_id)"}]}]}, "Unique SQL Id": 2457761703, "Planner Runtime": 6}, "explain_analyze_plan": null}, "(16, '61')": {"explain_plan": {"Plan": {"Node Type": "Aggregate", "Strategy": "Plain", "Startup Cost": 1972577.99, "Total Cost": 1972578.0, "Plan Rows": 1, "Plan Width": 97, "Plans": [{"Node Type": "Nested Loop", "Parent Relationship": "Outer", "Join Type": "Inner", "Startup Cost": 0.0, "Total Cost": 1970792.5, "Plan Rows": 357098, "Plan Width": 33, "Inner Unique": true, "Join Filter": "(an1.person_id = n1.id), (LLVM Optimized)", "Plans": [{"Node Type": "Nested Loop", "Parent Relationship": "Outer", "Join Type": "Inner", "Startup Cost": 0.0, "Total Cost": 1867273.85, "Plan Rows": 357098, "Plan Width": 41, "Inner Unique": true, "Plans": [{"Node Type": "Nested Loop", "Parent Relationship": "Outer", "Join Type": "Inner", "Startup Cost": 0.0, "Total Cost": 1765471.51, "Plan Rows": 357379, "Plan Width": 32, "Inner Unique": false, "Plans": [{"Node Type": "Nested Loop", "Parent Relationship": "Outer", "Join Type": "Inner", "Startup Cost": 0.0, "Total Cost": 1565298.55, "Plan Rows": 711018, "Plan Width": 12, "Inner Unique": false, "Join Filter": "(ci.role_id = rt.id), (LLVM Optimized)", "Plans": [{"Node Type": "Index Scan", "Parent Relationship": "Outer", "Scan Direction": "Forward", "Index Name": "role_type_pkey", "Relation Name": "role_type", "Alias": "rt", "Startup Cost": 0.0, "Total Cost": 12.46, "Plan Rows": 1, "Plan Width": 4, "Filter": "((role)::text = 'costume designer'::text)"}, {"Node Type": "Nested Loop", "Parent Relationship": "Inner", "Join Type": "Inner", "Startup Cost": 0.0, "Total Cost": 1467521.08, "Plan Rows": 7821201, "Plan Width": 16, "Inner Unique": false, "Plans": [{"Node Type": "Nested Loop", "Parent Relationship": "Outer", "Join Type": "Inner", "Startup Cost": 0.0, "Total Cost": 171332.39, "Plan Rows": 1282311, "Plan Width": 4, "Inner Unique": false, "Plans": [{"Node Type": "Index Scan", "Parent Relationship": "Outer", "Scan Direction": "Forward", "Index Name": "company_name_pkey", "Relation Name": "company_name", "Alias": "cn", "Startup Cost": 0.0, "Total Cost": 10501.39, "Plan Rows": 85170, "Plan Width": 4, "Filter": "((country_code)::text = '[us]'::text)"}, {"Node Type": "Index Scan", "Parent Relationship": "Inner", "Scan Direction": "Forward", "Index Name": "company_id_movie_companies", "Relation Name": "movie_companies", "Alias": "mc", "Startup Cost": 0.0, "Total Cost": 1.74, "Plan Rows": 15, "Plan Width": 8, "Index Cond": "(company_id = cn.id)"}]}, {"Node Type": "Index Scan", "Parent Relationship": "Inner", "Scan Direction": "Forward", "Index Name": "movie_id_cast_info", "Relation Name": "cast_info", "Alias": "ci", "Startup Cost": 0.0, "Total Cost": 0.95, "Plan Rows": 6, "Plan Width": 12, "Index Cond": "(movie_id = mc.movie_id)"}]}]}, {"Node Type": "Index Scan", "Parent Relationship": "Inner", "Scan Direction": "Forward", "Index Name": "person_id_aka_name", "Relation Name": "aka_name", "Alias": "an1", "Startup Cost": 0.0, "Total Cost": 0.27, "Plan Rows": 1, "Plan Width": 20, "Index Cond": "(person_id = ci.person_id)"}]}, {"Node Type": "Index Scan", "Parent Relationship": "Inner", "Scan Direction": "Forward", "Index Name": "title_pkey", "Relation Name": "title", "Alias": "t", "Startup Cost": 0.0, "Total Cost": 0.27, "Plan Rows": 1, "Plan Width": 21, "Index Cond": "(id = ci.movie_id)"}]}, {"Node Type": "Index Scan", "Parent Relationship": "Inner", "Scan Direction": "Forward", "Index Name": "name_pkey", "Relation Name": "name", "Alias": "n1", "Startup Cost": 0.0, "Total Cost": 0.28, "Plan Rows": 1, "Plan Width": 4, "Index Cond": "(id = ci.person_id)"}]}]}, "Unique SQL Id": 2457761703, "Planner Runtime": 5}, "explain_analyze_plan": null}, "(16, '62')": {"explain_plan": {"Plan": {"Node Type": "Aggregate", "Strategy": "Plain", "Startup Cost": 438777366.04, "Total Cost": 438777366.06, "Plan Rows": 1, "Plan Width": 97, "Plans": [{"Node Type": "Streaming(type: LOCAL GATHER dop: 1/16)", "Parent Relationship": "Outer", "Startup Cost": 438777366.04, "Total Cost": 438777366.06, "Plan Rows": 1, "Plan Width": 97, "Plans": [{"Node Type": "Aggregate", "Strategy": "Plain", "Parent Relationship": "Outer", "Startup Cost": 438777366.04, "Total Cost": 438777366.05, "Plan Rows": 1, "Plan Width": 97, "Plans": [{"Node Type": "Nested Loop", "Parent Relationship": "Outer", "Join Type": "Inner", "Startup Cost": 0.0, "Total Cost": 438775580.55, "Plan Rows": 357098, "Plan Width": 33, "Inner Unique": false, "Join Filter": "(an1.person_id = n1.id), (LLVM Optimized)", "Plans": [{"Node Type": "Streaming(type: LOCAL REDISTRIBUTE dop: 16/16)", "Parent Relationship": "Outer", "Startup Cost": 0.0, "Total Cost": 51607.87, "Plan Rows": 4167490, "Plan Width": 4, "Plans": [{"Node Type": "Seq Scan", "Parent Relationship": "Outer", "Relation Name": "name", "Alias": "n1", "Startup Cost": 0.0, "Total Cost": 20816.99, "Plan Rows": 4167490, "Plan Width": 4}]}, {"Node Type": "Materialize", "Parent Relationship": "Inner", "Startup Cost": 0.0, "Total Cost": 351524672.37, "Plan Rows": 357098, "Plan Width": 41, "Plans": [{"Node Type": "Streaming(type: LOCAL REDISTRIBUTE dop: 16/16)", "Parent Relationship": "Outer", "Startup Cost": 0.0, "Total Cost": 351524560.78, "Plan Rows": 357098, "Plan Width": 41, "Plans": [{"Node Type": "Nested Loop", "Parent Relationship": "Outer", "Join Type": "Inner", "Startup Cost": 0.0, "Total Cost": 351508207.71, "Plan Rows": 357098, "Plan Width": 41, "Inner Unique": false, "Join Filter": "(ci.movie_id = t.id), (LLVM Optimized)", "Plans": [{"Node Type": "Streaming(type: LOCAL REDISTRIBUTE dop: 16/16)", "Parent Relationship": "Outer", "Startup Cost": 0.0, "Total Cost": 43334.25, "Plan Rows": 2528311, "Plan Width": 21, "Plans": [{"Node Type": "Seq Scan", "Parent Relationship": "Outer", "Relation Name": "title", "Alias": "t", "Startup Cost": 0.0, "Total Cost": 18754.32, "Plan Rows": 2528311, "Plan Width": 21}]}, {"Node Type": "Materialize", "Parent Relationship": "Inner", "Startup Cost": 0.0, "Total Cost": 298521652.54, "Plan Rows": 357379, "Plan Width": 32, "Plans": [{"Node Type": "Streaming(type: LOCAL REDISTRIBUTE dop: 16/16)", "Parent Relationship": "Outer", "Startup Cost": 0.0, "Total Cost": 298521540.86, "Plan Rows": 357379, "Plan Width": 32, "Plans": [{"Node Type": "Nested Loop", "Parent Relationship": "Outer", "Join Type": "Inner", "Startup Cost": 0.0, "Total Cost": 298505186.73, "Plan Rows": 357379, "Plan Width": 32, "Inner Unique": false, "Join Filter": "(ci.person_id = an1.person_id), (LLVM Optimized)", "Plans": [{"Node Type": "Streaming(type: LOCAL REDISTRIBUTE dop: 16/16)", "Parent Relationship": "Outer", "Startup Cost": 0.0, "Total Cost": 34659.52, "Plan Rows": 901342, "Plan Width": 20, "Plans": [{"Node Type": "Seq Scan", "Parent Relationship": "Outer", "Relation Name": "aka_name", "Alias": "an1", "Startup Cost": 0.0, "Total Cost": 16244.28, "Plan Rows": 901342, "Plan Width": 20}]}, {"Node Type": "Materialize", "Parent Relationship": "Inner", "Startup Cost": 0.0, "Total Cost": 260919639.12, "Plan Rows": 711018, "Plan Width": 12, "Plans": [{"Node Type": "Streaming(type: LOCAL REDISTRIBUTE dop: 16/16)", "Parent Relationship": "Outer", "Startup Cost": 0.0, "Total Cost": 260919416.92, "Plan Rows": 711018, "Plan Width": 12, "Plans": [{"Node Type": "Nested Loop", "Parent Relationship": "Outer", "Join Type": "Inner", "Startup Cost": 0.0, "Total Cost": 260901722.83, "Plan Rows": 711018, "Plan Width": 12, "Inner Unique": false, "Join Filter": "(ci.movie_id = mc.movie_id), (LLVM Optimized)", "Plans": [{"Node Type": "Streaming(type: LOCAL REDISTRIBUTE dop: 16/16)", "Parent Relationship": "Outer", "Startup Cost": 0.0, "Total Cost": 123436.55, "Plan Rows": 3296318, "Plan Width": 8, "Plans": [{"Node Type": "Nested Loop", "Parent Relationship": "Outer", "Join Type": "Inner", "Startup Cost": 0.0, "Total Cost": 95946.6, "Plan Rows": 3296318, "Plan Width": 8, "Inner Unique": false, "Join Filter": "(ci.role_id = rt.id), (LLVM Optimized)", "Plans": [{"Node Type": "Streaming(type: BROADCAST dop: 16/1)", "Parent Relationship": "Outer", "Startup Cost": 0.0, "Total Cost": 15001.5, "Plan Rows": 16, "Plan Width": 4, "Plans": [{"Node Type": "Seq Scan", "Parent Relationship": "Outer", "Relation Name": "role_type", "Alias": "rt", "Startup Cost": 0.0, "Total Cost": 1.15, "Plan Rows": 1, "Plan Width": 4, "Filter": "((role)::text = 'costume designer'::text)"}]}, {"Node Type": "Seq Scan", "Parent Relationship": "Inner", "Relation Name": "cast_info", "Alias": "ci", "Startup Cost": 0.0, "Total Cost": 52617.37, "Plan Rows": 36259494, "Plan Width": 12}]}]}, {"Node Type": "Materialize", "Parent Relationship": "Inner", "Startup Cost": 0.0, "Total Cost": 13108281.71, "Plan Rows": 1282311, "Plan Width": 4, "Plans": [{"Node Type": "Streaming(type: LOCAL REDISTRIBUTE dop: 16/16)", "Parent Relationship": "Outer", "Startup Cost": 0.0, "Total Cost": 13107880.98, "Plan Rows": 1282311, "Plan Width": 4, "Plans": [{"Node Type": "Nested Loop", "Parent Relationship": "Outer", "Join Type": "Inner", "Startup Cost": 0.0, "Total Cost": 13088022.23, "Plan Rows": 1282311, "Plan Width": 4, "Inner Unique": false, "Join Filter": "(cn.id = mc.company_id), (LLVM Optimized)", "Plans": [{"Node Type": "Streaming(type: LOCAL REDISTRIBUTE dop: 16/1)", "Parent Relationship": "Outer", "Startup Cost": 0.0, "Total Cost": 24444.99, "Plan Rows": 85170, "Plan Width": 4, "Plans": [{"Node Type": "Seq Scan", "Parent Relationship": "Outer", "Relation Name": "company_name", "Alias": "cn", "Startup Cost": 0.0, "Total Cost": 5903.45, "Plan Rows": 85170, "Plan Width": 4, "Filter": "((country_code)::text = '[us]'::text)"}]}, {"Node Type": "Materialize", "Parent Relationship": "Inner", "Startup Cost": 0.0, "Total Cost": 43315.08, "Plan Rows": 2609128, "Plan Width": 8, "Plans": [{"Node Type": "Streaming(type: LOCAL REDISTRIBUTE dop: 16/16)", "Parent Relationship": "Outer", "Startup Cost": 0.0, "Total Cost": 42499.73, "Plan Rows": 2609128, "Plan Width": 8, "Plans": [{"Node Type": "Seq Scan", "Parent Relationship": "Outer", "Relation Name": "movie_companies", "Alias": "mc", "Startup Cost": 0.0, "Total Cost": 17613.58, "Plan Rows": 2609128, "Plan Width": 8}]}]}]}]}]}]}]}]}]}]}]}]}]}]}]}]}]}]}, "Unique SQL Id": 2457761703, "Planner Runtime": 11}, "explain_analyze_plan": null}, "(16, '63')": {"explain_plan": {"Plan": {"Node Type": "Aggregate", "Strategy": "Plain", "Startup Cost": 7112447276300.38, "Total Cost": 7112447276300.39, "Plan Rows": 1, "Plan Width": 97, "Plans": [{"Node Type": "Nested Loop", "Parent Relationship": "Outer", "Join Type": "Inner", "Startup Cost": 70000000000.0, "Total Cost": 7112447274514.89, "Plan Rows": 357098, "Plan Width": 33, "Inner Unique": false, "Join Filter": "(an1.person_id = n1.id), (LLVM Optimized)", "Plans": [{"Node Type": "Index Scan", "Parent Relationship": "Outer", "Scan Direction": "Forward", "Index Name": "name_pkey", "Relation Name": "name", "Alias": "n1", "Startup Cost": 10000000000.0, "Total Cost": 1000017623274.7, "Plan Rows": 4167490, "Plan Width": 4}, {"Node Type": "Materialize", "Parent Relationship": "Inner", "Startup Cost": 60000000000.0, "Total Cost": 6090106616972.63, "Plan Rows": 357098, "Plan Width": 41, "Plans": [{"Node Type": "Nested Loop", "Parent Relationship": "Outer", "Join Type": "Inner", "Startup Cost": 60000000000.0, "Total Cost": 6090106615187.14, "Plan Rows": 357098, "Plan Width": 41, "Inner Unique": true, "Join Filter": "(ci.movie_id = t.id), (LLVM Optimized)", "Plans": [{"Node Type": "Nested Loop", "Parent Relationship": "Outer", "Join Type": "Inner", "Startup Cost": 50000000000.0, "Total Cost": 5076542117964.41, "Plan Rows": 357379, "Plan Width": 32, "Inner Unique": false, "Join Filter": "(ci.person_id = an1.person_id), (LLVM Optimized)", "Plans": [{"Node Type": "Nested Loop", "Parent Relationship": "Outer", "Join Type": "Inner", "Startup Cost": 40000000000.0, "Total Cost": 4066922163415.29, "Plan Rows": 711018, "Plan Width": 12, "Inner Unique": false, "Join Filter": "(ci.movie_id = mc.movie_id), (LLVM Optimized)", "Plans": [{"Node Type": "Nested Loop", "Parent Relationship": "Outer", "Join Type": "Inner", "Startup Cost": 20000000000.0, "Total Cost": 2000171193971.62, "Plan Rows": 3296318, "Plan Width": 8, "Inner Unique": true, "Join Filter": "(ci.role_id = rt.id), (LLVM Optimized)", "Plans": [{"Node Type": "Index Scan", "Parent Relationship": "Outer", "Scan Direction": "Forward", "Index Name": "person_id_cast_info", "Relation Name": "cast_info", "Alias": "ci", "Startup Cost": 10000000000.0, "Total Cost": 1000170648833.21, "Plan Rows": 36259494, "Plan Width": 12}, {"Node Type": "Materialize", "Parent Relationship": "Inner", "Startup Cost": 10000000000.0, "Total Cost": 1000000001246.0, "Plan Rows": 1, "Plan Width": 4, "Plans": [{"Node Type": "Index Scan", "Parent Relationship": "Outer", "Scan Direction": "Forward", "Index Name": "role_type_pkey", "Relation Name": "role_type", "Alias": "rt", "Startup Cost": 10000000000.0, "Total Cost": 1000000001246.0, "Plan Rows": 1, "Plan Width": 4, "Filter": "((role)::text = 'costume designer'::text)"}]}]}, {"Node Type": "Materialize", "Parent Relationship": "Inner", "Startup Cost": 20000000000.0, "Total Cost": 2003347400185.98, "Plan Rows": 1282311, "Plan Width": 4, "Plans": [{"Node Type": "Nested Loop", "Parent Relationship": "Outer", "Join Type": "Inner", "Startup Cost": 20000000000.0, "Total Cost": 2003347393774.42, "Plan Rows": 1282311, "Plan Width": 4, "Inner Unique": true, "Join Filter": "(cn.id = mc.company_id), (LLVM Optimized)", "Plans": [{"Node Type": "Index Scan", "Parent Relationship": "Outer", "Scan Direction": "Forward", "Index Name": "movie_id_movie_companies", "Relation Name": "movie_companies", "Alias": "mc", "Startup Cost": 10000000000.0, "Total Cost": 1000013051946.13, "Plan Rows": 2609128, "Plan Width": 8}, {"Node Type": "Materialize", "Parent Relationship": "Inner", "Startup Cost": 10000000000.0, "Total Cost": 1000001050564.82, "Plan Rows": 85170, "Plan Width": 4, "Plans": [{"Node Type": "Index Scan", "Parent Relationship": "Outer", "Scan Direction": "Forward", "Index Name": "company_name_pkey", "Relation Name": "company_name", "Alias": "cn", "Startup Cost": 10000000000.0, "Total Cost": 1000001050138.97, "Plan Rows": 85170, "Plan Width": 4, "Filter": "((country_code)::text = '[us]'::text)"}]}]}]}]}, {"Node Type": "Materialize", "Parent Relationship": "Inner", "Startup Cost": 10000000000.0, "Total Cost": 1000006901010.14, "Plan Rows": 901342, "Plan Width": 20, "Plans": [{"Node Type": "Index Scan", "Parent Relationship": "Outer", "Scan Direction": "Forward", "Index Name": "person_id_aka_name", "Relation Name": "aka_name", "Alias": "an1", "Startup Cost": 10000000000.0, "Total Cost": 1000006896503.43, "Plan Rows": 901342, "Plan Width": 20}]}]}, {"Node Type": "Materialize", "Parent Relationship": "Inner", "Startup Cost": 10000000000.0, "Total Cost": 1000011024690.47, "Plan Rows": 2528311, "Plan Width": 21, "Plans": [{"Node Type": "Index Scan", "Parent Relationship": "Outer", "Scan Direction": "Forward", "Index Name": "title_pkey", "Relation Name": "title", "Alias": "t", "Startup Cost": 10000000000.0, "Total Cost": 1000011012048.91, "Plan Rows": 2528311, "Plan Width": 21}]}]}]}]}]}, "Unique SQL Id": 2457761703, "Planner Runtime": 4}, "explain_analyze_plan": null}, "(16, '64')": {"explain_plan": {"Plan": {"Node Type": "Aggregate", "Strategy": "Plain", "Startup Cost": 287566.27, "Total Cost": 287566.3, "Plan Rows": 1, "Plan Width": 97, "Plans": [{"Node Type": "Streaming(type: LOCAL GATHER dop: 1/16)", "Parent Relationship": "Outer", "Startup Cost": 287566.27, "Total Cost": 287566.3, "Plan Rows": 1, "Plan Width": 97, "Plans": [{"Node Type": "Aggregate", "Strategy": "Plain", "Parent Relationship": "Outer", "Startup Cost": 287566.27, "Total Cost": 287566.28, "Plan Rows": 1, "Plan Width": 97, "Plans": [{"Node Type": "Hash Join", "Parent Relationship": "Outer", "Join Type": "Inner", "Startup Cost": 142621.96, "Total Cost": 285780.78, "Plan Rows": 357098, "Plan Width": 33, "Inner Unique": true, "Hash Cond": "(an1.person_id = n1.id), (LLVM Optimized)", "Plans": [{"Node Type": "Streaming(type: LOCAL REDISTRIBUTE dop: 16/16)", "Parent Relationship": "Outer", "Startup Cost": 126464.14, "Total Cost": 269316.07, "Plan Rows": 357098, "Plan Width": 41, "Plans": [{"Node Type": "Hash Join", "Parent Relationship": "Outer", "Join Type": "Inner", "Startup Cost": 126464.14, "Total Cost": 252963.01, "Plan Rows": 357098, "Plan Width": 41, "Inner Unique": true, "Hash Cond": "(ci.movie_id = t.id), (LLVM Optimized)", "Plans": [{"Node Type": "Streaming(type: LOCAL REDISTRIBUTE dop: 16/16)", "Parent Relationship": "Outer", "Startup Cost": 113655.34, "Total Cost": 239847.25, "Plan Rows": 357379, "Plan Width": 32, "Plans": [{"Node Type": "Hash Join", "Parent Relationship": "Outer", "Join Type": "Inner", "Startup Cost": 113655.34, "Total Cost": 223493.12, "Plan Rows": 357379, "Plan Width": 32, "Inner Unique": false, "Hash Cond": "(ci.person_id = an1.person_id), (LLVM Optimized)", "Plans": [{"Node Type": "Streaming(type: LOCAL REDISTRIBUTE dop: 16/16)", "Parent Relationship": "Outer", "Startup Cost": 104286.28, "Total Cost": 212931.86, "Plan Rows": 711018, "Plan Width": 12, "Plans": [{"Node Type": "Hash Join", "Parent Relationship": "Outer", "Join Type": "Inner", "Startup Cost": 104286.28, "Total Cost": 195237.77, "Plan Rows": 711018, "Plan Width": 12, "Inner Unique": false, "Hash Cond": "(ci.movie_id = mc.movie_id), (LLVM Optimized)", "Plans": [{"Node Type": "Streaming(type: LOCAL REDISTRIBUTE dop: 16/16)", "Parent Relationship": "Outer", "Startup Cost": 15001.51, "Total Cost": 102848.74, "Plan Rows": 3296318, "Plan Width": 8, "Plans": [{"Node Type": "Hash Join", "Parent Relationship": "Outer", "Join Type": "Inner", "Startup Cost": 15001.51, "Total Cost": 75358.79, "Plan Rows": 3296318, "Plan Width": 8, "Inner Unique": true, "Hash Cond": "(ci.role_id = rt.id), (LLVM Optimized)", "Plans": [{"Node Type": "Seq Scan", "Parent Relationship": "Outer", "Relation Name": "cast_info", "Alias": "ci", "Startup Cost": 0.0, "Total Cost": 52617.37, "Plan Rows": 36259494, "Plan Width": 12}, {"Node Type": "Hash", "Parent Relationship": "Inner", "Startup Cost": 15001.5, "Total Cost": 15001.5, "Plan Rows": 16, "Plan Width": 4, "Plans": [{"Node Type": "Streaming(type: BROADCAST dop: 16/1)", "Parent Relationship": "Outer", "Startup Cost": 0.0, "Total Cost": 15001.5, "Plan Rows": 16, "Plan Width": 4, "Plans": [{"Node Type": "Seq Scan", "Parent Relationship": "Outer", "Relation Name": "role_type", "Alias": "rt", "Startup Cost": 0.0, "Total Cost": 1.15, "Plan Rows": 1, "Plan Width": 4, "Filter": "((role)::text = 'costume designer'::text)"}]}]}]}]}, {"Node Type": "Hash", "Parent Relationship": "Inner", "Startup Cost": 88282.97, "Total Cost": 88282.97, "Plan Rows": 1282311, "Plan Width": 4, "Plans": [{"Node Type": "Streaming(type: LOCAL REDISTRIBUTE dop: 16/16)", "Parent Relationship": "Outer", "Startup Cost": 24511.53, "Total Cost": 88282.97, "Plan Rows": 1282311, "Plan Width": 4, "Plans": [{"Node Type": "Hash Join", "Parent Relationship": "Outer", "Join Type": "Inner", "Startup Cost": 24511.53, "Total Cost": 68424.21, "Plan Rows": 1282311, "Plan Width": 4, "Inner Unique": true, "Hash Cond": "(mc.company_id = cn.id), (LLVM Optimized)", "Plans": [{"Node Type": "Streaming(type: LOCAL REDISTRIBUTE dop: 16/16)", "Parent Relationship": "Outer", "Startup Cost": 0.0, "Total Cost": 42499.73, "Plan Rows": 2609128, "Plan Width": 8, "Plans": [{"Node Type": "Seq Scan", "Parent Relationship": "Outer", "Relation Name": "movie_companies", "Alias": "mc", "Startup Cost": 0.0, "Total Cost": 17613.58, "Plan Rows": 2609128, "Plan Width": 8}]}, {"Node Type": "Hash", "Parent Relationship": "Inner", "Startup Cost": 24444.99, "Total Cost": 24444.99, "Plan Rows": 85170, "Plan Width": 4, "Plans": [{"Node Type": "Streaming(type: LOCAL REDISTRIBUTE dop: 16/1)", "Parent Relationship": "Outer", "Startup Cost": 0.0, "Total Cost": 24444.99, "Plan Rows": 85170, "Plan Width": 4, "Plans": [{"Node Type": "Seq Scan", "Parent Relationship": "Outer", "Relation Name": "company_name", "Alias": "cn", "Startup Cost": 0.0, "Total Cost": 5903.45, "Plan Rows": 85170, "Plan Width": 4, "Filter": "((country_code)::text = '[us]'::text)"}]}]}]}]}]}]}]}, {"Node Type": "Hash", "Parent Relationship": "Inner", "Startup Cost": 34659.52, "Total Cost": 34659.52, "Plan Rows": 901342, "Plan Width": 20, "Plans": [{"Node Type": "Streaming(type: LOCAL REDISTRIBUTE dop: 16/16)", "Parent Relationship": "Outer", "Startup Cost": 0.0, "Total Cost": 34659.52, "Plan Rows": 901342, "Plan Width": 20, "Plans": [{"Node Type": "Seq Scan", "Parent Relationship": "Outer", "Relation Name": "aka_name", "Alias": "an1", "Startup Cost": 0.0, "Total Cost": 16244.28, "Plan Rows": 901342, "Plan Width": 20}]}]}]}]}, {"Node Type": "Hash", "Parent Relationship": "Inner", "Startup Cost": 43334.25, "Total Cost": 43334.25, "Plan Rows": 2528311, "Plan Width": 21, "Plans": [{"Node Type": "Streaming(type: LOCAL REDISTRIBUTE dop: 16/16)", "Parent Relationship": "Outer", "Startup Cost": 0.0, "Total Cost": 43334.25, "Plan Rows": 2528311, "Plan Width": 21, "Plans": [{"Node Type": "Seq Scan", "Parent Relationship": "Outer", "Relation Name": "title", "Alias": "t", "Startup Cost": 0.0, "Total Cost": 18754.32, "Plan Rows": 2528311, "Plan Width": 21}]}]}]}]}, {"Node Type": "Hash", "Parent Relationship": "Inner", "Startup Cost": 51607.87, "Total Cost": 51607.87, "Plan Rows": 4167490, "Plan Width": 4, "Plans": [{"Node Type": "Streaming(type: LOCAL REDISTRIBUTE dop: 16/16)", "Parent Relationship": "Outer", "Startup Cost": 0.0, "Total Cost": 51607.87, "Plan Rows": 4167490, "Plan Width": 4, "Plans": [{"Node Type": "Index Only Scan", "Parent Relationship": "Outer", "Scan Direction": "Forward", "Index Name": "name_pkey", "Relation Name": "name", "Alias": "n1", "Startup Cost": 0.0, "Total Cost": 20816.99, "Plan Rows": 4167490, "Plan Width": 4}]}]}]}]}]}]}, "Unique SQL Id": 2457761703, "Planner Runtime": 200}, "explain_analyze_plan": {"Plan": {"Node Type": "Aggregate", "Strategy": "Plain", "Startup Cost": 287566.27, "Total Cost": 287566.3, "Plan Rows": 1, "Plan Width": 97, "Actual Min Startup Time": 1479.917, "Actual Max Startup Time": 1479.917, "Actual Min Total Time": 1479.917, "Actual Max Total Time": 1479.917, "Plans": [{"Node Type": "Streaming(type: LOCAL GATHER dop: 1/16)", "Parent Relationship": "Outer", "Startup Cost": 287566.27, "Total Cost": 287566.3, "Plan Rows": 1, "Plan Width": 97, "Actual Min Startup Time": 1479.144, "Actual Max Startup Time": 1479.144, "Actual Min Total Time": 1479.763, "Actual Max Total Time": 1479.763, "Plans": [{"Node Type": "Aggregate", "Strategy": "Plain", "Parent Relationship": "Outer", "Startup Cost": 287566.27, "Total Cost": 287566.28, "Plan Rows": 1, "Plan Width": 97, "Actual Min Startup Time": 1070.011, "Actual Max Startup Time": 1210.474, "Actual Min Total Time": 1070.011, "Actual Max Total Time": 1210.474, "Plans": [{"Node Type": "Hash Join", "Parent Relationship": "Outer", "Join Type": "Inner", "Startup Cost": 142621.96, "Total Cost": 285780.78, "Plan Rows": 357098, "Plan Width": 33, "Actual Min Startup Time": 659.377, "Actual Max Startup Time": 809.262, "Actual Min Total Time": 1055.617, "Actual Max Total Time": 1202.355, "Inner Unique": true, "Hash Cond": "(an1.person_id = n1.id), (LLVM Optimized, Jit Execute)", "Plans": [{"Node Type": "Streaming(type: LOCAL REDISTRIBUTE dop: 16/16)", "Parent Relationship": "Outer", "Startup Cost": 126464.14, "Total Cost": 269316.07, "Plan Rows": 357098, "Plan Width": 41, "Actual Min Startup Time": 106.404, "Actual Max Startup Time": 156.085, "Actual Min Total Time": 492.291, "Actual Max Total Time": 511.778, "Plans": [{"Node Type": "Hash Join", "Parent Relationship": "Outer", "Join Type": "Inner", "Startup Cost": 126464.14, "Total Cost": 252963.01, "Plan Rows": 357098, "Plan Width": 41, "Actual Min Startup Time": 655.53, "Actual Max Startup Time": 866.134, "Actual Min Total Time": 1047.996, "Actual Max Total Time": 1260.405, "Inner Unique": true, "Hash Cond": "(ci.movie_id = t.id), (LLVM Optimized, Jit Execute)", "Plans": [{"Node Type": "Streaming(type: LOCAL REDISTRIBUTE dop: 16/16)", "Parent Relationship": "Outer", "Startup Cost": 113655.34, "Total Cost": 239847.25, "Plan Rows": 357379, "Plan Width": 32, "Actual Min Startup Time": 320.575, "Actual Max Startup Time": 329.173, "Actual Min Total Time": 703.466, "Actual Max Total Time": 711.791, "Plans": [{"Node Type": "Hash Join", "Parent Relationship": "Outer", "Join Type": "Inner", "Startup Cost": 113655.34, "Total Cost": 223493.12, "Plan Rows": 357379, "Plan Width": 32, "Actual Min Startup Time": 654.294, "Actual Max Startup Time": 872.751, "Actual Min Total Time": 1022.835, "Actual Max Total Time": 1254.696, "Inner Unique": false, "Hash Cond": "(ci.person_id = an1.person_id), (LLVM Optimized, Jit Execute)", "Plans": [{"Node Type": "Streaming(type: LOCAL REDISTRIBUTE dop: 16/16)", "Parent Relationship": "Outer", "Startup Cost": 104286.28, "Total Cost": 212931.86, "Plan Rows": 711018, "Plan Width": 12, "Actual Min Startup Time": 529.847, "Actual Max Startup Time": 547.87, "Actual Min Total Time": 863.586, "Actual Max Total Time": 916.14, "Plans": [{"Node Type": "Hash Join", "Parent Relationship": "Outer", "Join Type": "Inner", "Startup Cost": 104286.28, "Total Cost": 195237.77, "Plan Rows": 711018, "Plan Width": 12, "Actual Min Startup Time": 650.524, "Actual Max Startup Time": 857.724, "Actual Min Total Time": 981.549, "Actual Max Total Time": 1199.694, "Inner Unique": false, "Hash Cond": "(ci.movie_id = mc.movie_id), (LLVM Optimized, Jit Execute)", "Plans": [{"Node Type": "Streaming(type: LOCAL REDISTRIBUTE dop: 16/16)", "Parent Relationship": "Outer", "Startup Cost": 15001.51, "Total Cost": 102848.74, "Plan Rows": 3296318, "Plan Width": 8, "Actual Min Startup Time": 0.07, "Actual Max Startup Time": 1.21, "Actual Min Total Time": 317.533, "Actual Max Total Time": 345.072, "Plans": [{"Node Type": "Hash Join", "Parent Relationship": "Outer", "Join Type": "Inner", "Startup Cost": 15001.51, "Total Cost": 75358.79, "Plan Rows": 3296318, "Plan Width": 8, "Actual Min Startup Time": 734.465, "Actual Max Startup Time": 848.7, "Actual Min Total Time": 938.828, "Actual Max Total Time": 1064.305, "Inner Unique": true, "Hash Cond": "(ci.role_id = rt.id), (LLVM Optimized, Jit Execute)", "Plans": [{"Node Type": "Seq Scan", "Parent Relationship": "Outer", "Relation Name": "cast_info", "Alias": "ci", "Startup Cost": 0.0, "Total Cost": 52617.37, "Plan Rows": 36259494, "Plan Width": 12, "Actual Min Startup Time": 0.032, "Actual Max Startup Time": 0.041, "Actual Min Total Time": 516.688, "Actual Max Total Time": 568.935, "Actual Rows": 36244343}, {"Node Type": "Hash", "Parent Relationship": "Inner", "Startup Cost": 15001.5, "Total Cost": 15001.5, "Plan Rows": 16, "Plan Width": 4, "Actual Min Startup Time": 0.011, "Actual Max Startup Time": 71.285, "Actual Min Total Time": 0.011, "Actual Max Total Time": 71.285, "Max Hash Buckets": 32768, "Min Hash Buckets": 32768, "Max Hash Batches": 1, "Min Hash Batches": 1, "Max Original Hash Batches": 1, "Min Original Hash Batches": 1, "Max Peak Memory Usage": 1, "min Peak Memory Usage": 1, "Plans": [{"Node Type": "Streaming(type: BROADCAST dop: 16/1)", "Parent Relationship": "Outer", "Startup Cost": 0.0, "Total Cost": 15001.5, "Plan Rows": 16, "Plan Width": 4, "Actual Min Startup Time": 0.004, "Actual Max Startup Time": 71.257, "Actual Min Total Time": 0.004, "Actual Max Total Time": 71.258, "Plans": [{"Node Type": "Seq Scan", "Parent Relationship": "Outer", "Relation Name": "role_type", "Alias": "rt", "Startup Cost": 0.0, "Total Cost": 1.15, "Plan Rows": 1, "Plan Width": 4, "Actual Min Startup Time": 0.035, "Actual Max Startup Time": 0.035, "Actual Min Total Time": 0.038, "Actual Max Total Time": 0.038, "Filter": "((role)::text = 'costume designer'::text)", "Rows Removed by Filter": 11, "Actual Rows": 1}], "Actual Rows": 16}], "Actual Rows": 16}], "Actual Rows": 276403}], "Actual Rows": 276403}, {"Node Type": "Hash", "Parent Relationship": "Inner", "Startup Cost": 88282.97, "Total Cost": 88282.97, "Plan Rows": 1282311, "Plan Width": 4, "Actual Min Startup Time": 650.225, "Actual Max Startup Time": 856.754, "Actual Min Total Time": 650.225, "Actual Max Total Time": 856.754, "Max Hash Buckets": 131072, "Min Hash Buckets": 131072, "Max Hash Batches": 1, "Min Hash Batches": 1, "Max Original Hash Batches": 1, "Min Original Hash Batches": 1, "Max Peak Memory Usage": 2542, "min Peak Memory Usage": 2542, "Plans": [{"Node Type": "Streaming(type: LOCAL REDISTRIBUTE dop: 16/16)", "Parent Relationship": "Outer", "Startup Cost": 24511.53, "Total Cost": 88282.97, "Plan Rows": 1282311, "Plan Width": 4, "Actual Min Startup Time": 174.61, "Actual Max Startup Time": 381.876, "Actual Min Total Time": 618.865, "Actual Max Total Time": 836.947, "Plans": [{"Node Type": "Hash Join", "Parent Relationship": "Outer", "Join Type": "Inner", "Startup Cost": 24511.53, "Total Cost": 68424.21, "Plan Rows": 1282311, "Plan Width": 4, "Actual Min Startup Time": 169.623, "Actual Max Startup Time": 359.093, "Actual Min Total Time": 519.06, "Actual Max Total Time": 732.07, "Inner Unique": true, "Hash Cond": "(mc.company_id = cn.id), (LLVM Optimized, Jit Execute)", "Plans": [{"Node Type": "Streaming(type: LOCAL REDISTRIBUTE dop: 16/16)", "Parent Relationship": "Outer", "Startup Cost": 0.0, "Total Cost": 42499.73, "Plan Rows": 2609128, "Plan Width": 8, "Actual Min Startup Time": 0.06, "Actual Max Startup Time": 2.243, "Actual Min Total Time": 254.783, "Actual Max Total Time": 365.681, "Plans": [{"Node Type": "Seq Scan", "Parent Relationship": "Outer", "Relation Name": "movie_companies", "Alias": "mc", "Startup Cost": 0.0, "Total Cost": 17613.58, "Plan Rows": 2609128, "Plan Width": 8, "Actual Min Startup Time": 0.023, "Actual Max Startup Time": 0.049, "Actual Min Total Time": 43.422, "Actual Max Total Time": 52.474, "Actual Rows": 2609128}], "Actual Rows": 2609128}, {"Node Type": "Hash", "Parent Relationship": "Inner", "Startup Cost": 24444.99, "Total Cost": 24444.99, "Plan Rows": 85170, "Plan Width": 4, "Actual Min Startup Time": 168.875, "Actual Max Startup Time": 358.016, "Actual Min Total Time": 168.875, "Actual Max Total Time": 358.016, "Max Hash Buckets": 32768, "Min Hash Buckets": 32768, "Max Hash Batches": 1, "Min Hash Batches": 1, "Max Original Hash Batches": 1, "Min Original Hash Batches": 1, "Max Peak Memory Usage": 182, "min Peak Memory Usage": 182, "Plans": [{"Node Type": "Streaming(type: LOCAL REDISTRIBUTE dop: 16/1)", "Parent Relationship": "Outer", "Startup Cost": 0.0, "Total Cost": 24444.99, "Plan Rows": 85170, "Plan Width": 4, "Actual Min Startup Time": 0.033, "Actual Max Startup Time": 186.613, "Actual Min Total Time": 167.245, "Actual Max Total Time": 355.453, "Plans": [{"Node Type": "Seq Scan", "Parent Relationship": "Outer", "Relation Name": "company_name", "Alias": "cn", "Startup Cost": 0.0, "Total Cost": 5903.45, "Plan Rows": 85170, "Plan Width": 4, "Actual Min Startup Time": 0.037, "Actual Max Startup Time": 0.037, "Actual Min Total Time": 93.215, "Actual Max Total Time": 93.215, "Filter": "((country_code)::text = '[us]'::text)", "Rows Removed by Filter": 150153, "Actual Rows": 84843}], "Actual Rows": 84843}], "Actual Rows": 84843}], "Actual Rows": 1153797}], "Actual Rows": 1153797}], "Actual Rows": 1153797}], "Actual Rows": 285537}], "Actual Rows": 285537}, {"Node Type": "Hash", "Parent Relationship": "Inner", "Startup Cost": 34659.52, "Total Cost": 34659.52, "Plan Rows": 901342, "Plan Width": 20, "Actual Min Startup Time": 118.854, "Actual Max Startup Time": 342.13, "Actual Min Total Time": 118.854, "Actual Max Total Time": 342.13, "Max Hash Buckets": 65536, "Min Hash Buckets": 65536, "Max Hash Batches": 1, "Min Hash Batches": 1, "Max Original Hash Batches": 1, "Min Original Hash Batches": 1, "Max Peak Memory Usage": 2981, "min Peak Memory Usage": 2981, "Plans": [{"Node Type": "Streaming(type: LOCAL REDISTRIBUTE dop: 16/16)", "Parent Relationship": "Outer", "Startup Cost": 0.0, "Total Cost": 34659.52, "Plan Rows": 901342, "Plan Width": 20, "Actual Min Startup Time": 0.058, "Actual Max Startup Time": 165.557, "Actual Min Total Time": 103.429, "Actual Max Total Time": 327.015, "Plans": [{"Node Type": "Seq Scan", "Parent Relationship": "Outer", "Relation Name": "aka_name", "Alias": "an1", "Startup Cost": 0.0, "Total Cost": 16244.28, "Plan Rows": 901342, "Plan Width": 20, "Actual Min Startup Time": 0.018, "Actual Max Startup Time": 0.026, "Actual Min Total Time": 15.75, "Actual Max Total Time": 19.622, "Actual Rows": 901342}], "Actual Rows": 901342}], "Actual Rows": 901342}], "Actual Rows": 323005}], "Actual Rows": 323005}, {"Node Type": "Hash", "Parent Relationship": "Inner", "Startup Cost": 43334.25, "Total Cost": 43334.25, "Plan Rows": 2528311, "Plan Width": 21, "Actual Min Startup Time": 330.588, "Actual Max Startup Time": 540.426, "Actual Min Total Time": 330.588, "Actual Max Total Time": 540.426, "Max Hash Buckets": 262144, "Min Hash Buckets": 262144, "Max Hash Batches": 1, "Min Hash Batches": 1, "Max Original Hash Batches": 1, "Min Original Hash Batches": 1, "Max Peak Memory Usage": 8518, "min Peak Memory Usage": 8518, "Plans": [{"Node Type": "Streaming(type: LOCAL REDISTRIBUTE dop: 16/16)", "Parent Relationship": "Outer", "Startup Cost": 0.0, "Total Cost": 43334.25, "Plan Rows": 2528311, "Plan Width": 21, "Actual Min Startup Time": 0.049, "Actual Max Startup Time": 194.693, "Actual Min Total Time": 259.785, "Actual Max Total Time": 494.167, "Plans": [{"Node Type": "Seq Scan", "Parent Relationship": "Outer", "Relation Name": "title", "Alias": "t", "Startup Cost": 0.0, "Total Cost": 18754.32, "Plan Rows": 2528311, "Plan Width": 21, "Actual Min Startup Time": 0.019, "Actual Max Startup Time": 0.04, "Actual Min Total Time": 47.696, "Actual Max Total Time": 56.316, "Actual Rows": 2528311}], "Actual Rows": 2528311}], "Actual Rows": 2528311}], "Actual Rows": 323005}], "Actual Rows": 323005}, {"Node Type": "Hash", "Parent Relationship": "Inner", "Startup Cost": 51607.87, "Total Cost": 51607.87, "Plan Rows": 4167490, "Plan Width": 4, "Actual Min Startup Time": 546.739, "Actual Max Startup Time": 687.169, "Actual Min Total Time": 546.739, "Actual Max Total Time": 687.169, "Max Hash Buckets": 262144, "Min Hash Buckets": 262144, "Max Hash Batches": 1, "Min Hash Batches": 1, "Max Original Hash Batches": 1, "Min Original Hash Batches": 1, "Max Peak Memory Usage": 9174, "min Peak Memory Usage": 9174, "Plans": [{"Node Type": "Streaming(type: LOCAL REDISTRIBUTE dop: 16/16)", "Parent Relationship": "Outer", "Startup Cost": 0.0, "Total Cost": 51607.87, "Plan Rows": 4167490, "Plan Width": 4, "Actual Min Startup Time": 0.052, "Actual Max Startup Time": 0.104, "Actual Min Total Time": 442.726, "Actual Max Total Time": 581.985, "Plans": [{"Node Type": "Index Only Scan", "Parent Relationship": "Outer", "Scan Direction": "Forward", "Index Name": "name_pkey", "Relation Name": "name", "Alias": "n1", "Startup Cost": 0.0, "Total Cost": 20816.99, "Plan Rows": 4167490, "Plan Width": 4, "Actual Min Startup Time": 0.094, "Actual Max Startup Time": 103.049, "Actual Min Total Time": 65.404, "Actual Max Total Time": 167.694, "Heap Fetches": 0, "Actual Rows": 4167490}], "Actual Rows": 4167490}], "Actual Rows": 4167490}], "Actual Rows": 323005}], "Actual Rows": 16}], "Actual Rows": 16}], "Actual Rows": 1}, "Triggers": [], "Planner Runtime": 205.742, "Total Runtime": 1527.056, "Unique SQL Id": 2457761703}}, "(16, '65')": {"explain_plan": {"Plan": {"Node Type": "Aggregate", "Strategy": "Plain", "Startup Cost": 1388959.01, "Total Cost": 1388959.04, "Plan Rows": 1, "Plan Width": 97, "Plans": [{"Node Type": "Streaming(type: LOCAL GATHER dop: 1/16)", "Parent Relationship": "Outer", "Startup Cost": 1388959.01, "Total Cost": 1388959.04, "Plan Rows": 1, "Plan Width": 97, "Plans": [{"Node Type": "Aggregate", "Strategy": "Plain", "Parent Relationship": "Outer", "Startup Cost": 1388959.01, "Total Cost": 1388959.02, "Plan Rows": 1, "Plan Width": 97, "Plans": [{"Node Type": "Hash Join", "Parent Relationship": "Outer", "Join Type": "Inner", "Startup Cost": 269229.27, "Total Cost": 1387173.52, "Plan Rows": 357098, "Plan Width": 33, "Inner Unique": true, "Hash Cond": "(ci.movie_id = t.id), (LLVM Optimized)", "Plans": [{"Node Type": "Streaming(type: LOCAL REDISTRIBUTE dop: 16/16)", "Parent Relationship": "Outer", "Startup Cost": 235754.65, "Total Cost": 1353391.95, "Plan Rows": 357379, "Plan Width": 24, "Plans": [{"Node Type": "Hash Join", "Parent Relationship": "Outer", "Join Type": "Inner", "Startup Cost": 235754.65, "Total Cost": 1337037.82, "Plan Rows": 357379, "Plan Width": 24, "Inner Unique": false, "Hash Cond": "(ci.movie_id = mc.movie_id), (LLVM Optimized)", "Plans": [{"Node Type": "Streaming(type: LOCAL REDISTRIBUTE dop: 16/16)", "Parent Relationship": "Outer", "Startup Cost": 160993.45, "Total Cost": 1260878.52, "Plan Rows": 1484588, "Plan Width": 20, "Plans": [{"Node Type": "Hash Join", "Parent Relationship": "Outer", "Join Type": "Inner", "Startup Cost": 160993.45, "Total Cost": 1240253.33, "Plan Rows": 1484588, "Plan Width": 20, "Inner Unique": true, "Hash Cond": "(an1.person_id = n1.id), (LLVM Optimized)", "Plans": [{"Node Type": "Streaming(type: LOCAL REDISTRIBUTE dop: 16/16)", "Parent Relationship": "Outer", "Startup Cost": 104737.34, "Total Cost": 1182721.4, "Plan Rows": 1484588, "Plan Width": 28, "Plans": [{"Node Type": "Hash Join", "Parent Relationship": "Outer", "Join Type": "Inner", "Startup Cost": 104737.34, "Total Cost": 1162096.2, "Plan Rows": 1484588, "Plan Width": 28, "Inner Unique": false, "Hash Cond": "(ci.person_id = an1.person_id), (LLVM Optimized)", "Plans": [{"Node Type": "Streaming(type: LOCAL REDISTRIBUTE dop: 16/16)", "Parent Relationship": "Outer", "Startup Cost": 15012.82, "Total Cost": 1066844.59, "Plan Rows": 3296318, "Plan Width": 8, "Plans": [{"Node Type": "Hash Join", "Parent Relationship": "Outer", "Join Type": "Inner", "Startup Cost": 15012.82, "Total Cost": 1039354.63, "Plan Rows": 3296318, "Plan Width": 8, "Inner Unique": true, "Hash Cond": "(ci.role_id = rt.id), (LLVM Optimized)", "Plans": [{"Node Type": "Index Scan", "Parent Relationship": "Outer", "Scan Direction": "Forward", "Index Name": "role_id_cast_info", "Relation Name": "cast_info", "Alias": "ci", "Startup Cost": 0.0, "Total Cost": 1016601.9, "Plan Rows": 36259494, "Plan Width": 12}, {"Node Type": "Hash", "Parent Relationship": "Inner", "Startup Cost": 15012.81, "Total Cost": 15012.81, "Plan Rows": 16, "Plan Width": 4, "Plans": [{"Node Type": "Streaming(type: BROADCAST dop: 16/1)", "Parent Relationship": "Outer", "Startup Cost": 0.0, "Total Cost": 15012.81, "Plan Rows": 16, "Plan Width": 4, "Plans": [{"Node Type": "Index Scan", "Parent Relationship": "Outer", "Scan Direction": "Forward", "Index Name": "role_type_pkey", "Relation Name": "role_type", "Alias": "rt", "Startup Cost": 0.0, "Total Cost": 12.46, "Plan Rows": 1, "Plan Width": 4, "Filter": "((role)::text = 'costume designer'::text)"}]}]}]}]}, {"Node Type": "Hash", "Parent Relationship": "Inner", "Startup Cost": 89020.35, "Total Cost": 89020.35, "Plan Rows": 901342, "Plan Width": 20, "Plans": [{"Node Type": "Streaming(type: LOCAL REDISTRIBUTE dop: 16/1)", "Parent Relationship": "Outer", "Startup Cost": 16632.3, "Total Cost": 89020.35, "Plan Rows": 901342, "Plan Width": 20, "Plans": [{"Node Type": "Bitmap Heap Scan", "Parent Relationship": "Outer", "Relation Name": "aka_name", "Alias": "an1", "Startup Cost": 16632.3, "Total Cost": 36540.72, "Plan Rows": 901342, "Plan Width": 20, "Plans": [{"Node Type": "Bitmap Index Scan", "Parent Relationship": "Outer", "Index Name": "person_id_aka_name", "Startup Cost": 0.0, "Total Cost": 16406.96, "Plan Rows": 901342, "Plan Width": 0}]}]}]}]}]}, {"Node Type": "Hash", "Parent Relationship": "Inner", "Startup Cost": 131553.26, "Total Cost": 131553.26, "Plan Rows": 4167490, "Plan Width": 4, "Plans": [{"Node Type": "Streaming(type: LOCAL REDISTRIBUTE dop: 16/16)", "Parent Relationship": "Outer", "Startup Cost": 0.0, "Total Cost": 131553.26, "Plan Rows": 4167490, "Plan Width": 4, "Plans": [{"Node Type": "Index Only Scan", "Parent Relationship": "Outer", "Scan Direction": "Forward", "Index Name": "name_pkey", "Relation Name": "name", "Alias": "n1", "Startup Cost": 0.0, "Total Cost": 100762.38, "Plan Rows": 4167490, "Plan Width": 4}]}]}]}]}, {"Node Type": "Hash", "Parent Relationship": "Inner", "Startup Cost": 194504.49, "Total Cost": 194504.49, "Plan Rows": 1282311, "Plan Width": 4, "Plans": [{"Node Type": "Streaming(type: LOCAL REDISTRIBUTE dop: 16/1)", "Parent Relationship": "Outer", "Startup Cost": 61758.77, "Total Cost": 194504.49, "Plan Rows": 1282311, "Plan Width": 4, "Plans": [{"Node Type": "Hash Join", "Parent Relationship": "Outer", "Join Type": "Inner", "Startup Cost": 61758.77, "Total Cost": 126183.39, "Plan Rows": 1282311, "Plan Width": 4, "Inner Unique": true, "Hash Cond": "(mc.company_id = cn.id), (LLVM Optimized)", "Plans": [{"Node Type": "Bitmap Heap Scan", "Parent Relationship": "Outer", "Relation Name": "movie_companies", "Alias": "mc", "Startup Cost": 51990.17, "Total Cost": 93807.45, "Plan Rows": 2609128, "Plan Width": 8, "Plans": [{"Node Type": "Bitmap Index Scan", "Parent Relationship": "Outer", "Index Name": "movie_id_movie_companies", "Startup Cost": 0.0, "Total Cost": 51337.89, "Plan Rows": 2609128, "Plan Width": 0}]}, {"Node Type": "Hash", "Parent Relationship": "Inner", "Startup Cost": 8703.97, "Total Cost": 8703.97, "Plan Rows": 85170, "Plan Width": 4, "Plans": [{"Node Type": "Bitmap Heap Scan", "Parent Relationship": "Outer", "Relation Name": "company_name", "Alias": "cn", "Startup Cost": 2800.52, "Total Cost": 8703.97, "Plan Rows": 85170, "Plan Width": 4, "Filter": "((country_code)::text = '[us]'::text)", "Plans": [{"Node Type": "Bitmap Index Scan", "Parent Relationship": "Outer", "Index Name": "company_name_pkey", "Startup Cost": 0.0, "Total Cost": 2779.23, "Plan Rows": 234996, "Plan Width": 0}]}]}]}]}]}]}]}, {"Node Type": "Hash", "Parent Relationship": "Inner", "Startup Cost": 125997.5, "Total Cost": 125997.5, "Plan Rows": 2528311, "Plan Width": 21, "Plans": [{"Node Type": "Streaming(type: LOCAL REDISTRIBUTE dop: 16/16)", "Parent Relationship": "Outer", "Startup Cost": 0.0, "Total Cost": 125997.5, "Plan Rows": 2528311, "Plan Width": 21, "Plans": [{"Node Type": "Index Scan", "Parent Relationship": "Outer", "Scan Direction": "Forward", "Index Name": "title_pkey", "Relation Name": "title", "Alias": "t", "Startup Cost": 0.0, "Total Cost": 101417.57, "Plan Rows": 2528311, "Plan Width": 21}]}]}]}]}]}]}, "Unique SQL Id": 2457761703, "Planner Runtime": 192}, "explain_analyze_plan": null}, "(16, '66')": {"explain_plan": {"Plan": {"Node Type": "Aggregate", "Strategy": "Plain", "Startup Cost": 287566.27, "Total Cost": 287566.3, "Plan Rows": 1, "Plan Width": 97, "Plans": [{"Node Type": "Streaming(type: LOCAL GATHER dop: 1/16)", "Parent Relationship": "Outer", "Startup Cost": 287566.27, "Total Cost": 287566.3, "Plan Rows": 1, "Plan Width": 97, "Plans": [{"Node Type": "Aggregate", "Strategy": "Plain", "Parent Relationship": "Outer", "Startup Cost": 287566.27, "Total Cost": 287566.28, "Plan Rows": 1, "Plan Width": 97, "Plans": [{"Node Type": "Hash Join", "Parent Relationship": "Outer", "Join Type": "Inner", "Startup Cost": 142621.96, "Total Cost": 285780.78, "Plan Rows": 357098, "Plan Width": 33, "Inner Unique": true, "Hash Cond": "(an1.person_id = n1.id), (LLVM Optimized)", "Plans": [{"Node Type": "Streaming(type: LOCAL REDISTRIBUTE dop: 16/16)", "Parent Relationship": "Outer", "Startup Cost": 126464.14, "Total Cost": 269316.07, "Plan Rows": 357098, "Plan Width": 41, "Plans": [{"Node Type": "Hash Join", "Parent Relationship": "Outer", "Join Type": "Inner", "Startup Cost": 126464.14, "Total Cost": 252963.01, "Plan Rows": 357098, "Plan Width": 41, "Inner Unique": true, "Hash Cond": "(ci.movie_id = t.id), (LLVM Optimized)", "Plans": [{"Node Type": "Streaming(type: LOCAL REDISTRIBUTE dop: 16/16)", "Parent Relationship": "Outer", "Startup Cost": 113655.34, "Total Cost": 239847.25, "Plan Rows": 357379, "Plan Width": 32, "Plans": [{"Node Type": "Hash Join", "Parent Relationship": "Outer", "Join Type": "Inner", "Startup Cost": 113655.34, "Total Cost": 223493.12, "Plan Rows": 357379, "Plan Width": 32, "Inner Unique": false, "Hash Cond": "(ci.person_id = an1.person_id), (LLVM Optimized)", "Plans": [{"Node Type": "Streaming(type: LOCAL REDISTRIBUTE dop: 16/16)", "Parent Relationship": "Outer", "Startup Cost": 104286.28, "Total Cost": 212931.86, "Plan Rows": 711018, "Plan Width": 12, "Plans": [{"Node Type": "Hash Join", "Parent Relationship": "Outer", "Join Type": "Inner", "Startup Cost": 104286.28, "Total Cost": 195237.77, "Plan Rows": 711018, "Plan Width": 12, "Inner Unique": false, "Hash Cond": "(ci.movie_id = mc.movie_id), (LLVM Optimized)", "Plans": [{"Node Type": "Streaming(type: LOCAL REDISTRIBUTE dop: 16/16)", "Parent Relationship": "Outer", "Startup Cost": 15001.51, "Total Cost": 102848.74, "Plan Rows": 3296318, "Plan Width": 8, "Plans": [{"Node Type": "Hash Join", "Parent Relationship": "Outer", "Join Type": "Inner", "Startup Cost": 15001.51, "Total Cost": 75358.79, "Plan Rows": 3296318, "Plan Width": 8, "Inner Unique": true, "Hash Cond": "(ci.role_id = rt.id), (LLVM Optimized)", "Plans": [{"Node Type": "Seq Scan", "Parent Relationship": "Outer", "Relation Name": "cast_info", "Alias": "ci", "Startup Cost": 0.0, "Total Cost": 52617.37, "Plan Rows": 36259494, "Plan Width": 12}, {"Node Type": "Hash", "Parent Relationship": "Inner", "Startup Cost": 15001.5, "Total Cost": 15001.5, "Plan Rows": 16, "Plan Width": 4, "Plans": [{"Node Type": "Streaming(type: BROADCAST dop: 16/1)", "Parent Relationship": "Outer", "Startup Cost": 0.0, "Total Cost": 15001.5, "Plan Rows": 16, "Plan Width": 4, "Plans": [{"Node Type": "Seq Scan", "Parent Relationship": "Outer", "Relation Name": "role_type", "Alias": "rt", "Startup Cost": 0.0, "Total Cost": 1.15, "Plan Rows": 1, "Plan Width": 4, "Filter": "((role)::text = 'costume designer'::text)"}]}]}]}]}, {"Node Type": "Hash", "Parent Relationship": "Inner", "Startup Cost": 88282.97, "Total Cost": 88282.97, "Plan Rows": 1282311, "Plan Width": 4, "Plans": [{"Node Type": "Streaming(type: LOCAL REDISTRIBUTE dop: 16/16)", "Parent Relationship": "Outer", "Startup Cost": 24511.53, "Total Cost": 88282.97, "Plan Rows": 1282311, "Plan Width": 4, "Plans": [{"Node Type": "Hash Join", "Parent Relationship": "Outer", "Join Type": "Inner", "Startup Cost": 24511.53, "Total Cost": 68424.21, "Plan Rows": 1282311, "Plan Width": 4, "Inner Unique": true, "Hash Cond": "(mc.company_id = cn.id), (LLVM Optimized)", "Plans": [{"Node Type": "Streaming(type: LOCAL REDISTRIBUTE dop: 16/16)", "Parent Relationship": "Outer", "Startup Cost": 0.0, "Total Cost": 42499.73, "Plan Rows": 2609128, "Plan Width": 8, "Plans": [{"Node Type": "Seq Scan", "Parent Relationship": "Outer", "Relation Name": "movie_companies", "Alias": "mc", "Startup Cost": 0.0, "Total Cost": 17613.58, "Plan Rows": 2609128, "Plan Width": 8}]}, {"Node Type": "Hash", "Parent Relationship": "Inner", "Startup Cost": 24444.99, "Total Cost": 24444.99, "Plan Rows": 85170, "Plan Width": 4, "Plans": [{"Node Type": "Streaming(type: LOCAL REDISTRIBUTE dop: 16/1)", "Parent Relationship": "Outer", "Startup Cost": 0.0, "Total Cost": 24444.99, "Plan Rows": 85170, "Plan Width": 4, "Plans": [{"Node Type": "Seq Scan", "Parent Relationship": "Outer", "Relation Name": "company_name", "Alias": "cn", "Startup Cost": 0.0, "Total Cost": 5903.45, "Plan Rows": 85170, "Plan Width": 4, "Filter": "((country_code)::text = '[us]'::text)"}]}]}]}]}]}]}]}, {"Node Type": "Hash", "Parent Relationship": "Inner", "Startup Cost": 34659.52, "Total Cost": 34659.52, "Plan Rows": 901342, "Plan Width": 20, "Plans": [{"Node Type": "Streaming(type: LOCAL REDISTRIBUTE dop: 16/16)", "Parent Relationship": "Outer", "Startup Cost": 0.0, "Total Cost": 34659.52, "Plan Rows": 901342, "Plan Width": 20, "Plans": [{"Node Type": "Seq Scan", "Parent Relationship": "Outer", "Relation Name": "aka_name", "Alias": "an1", "Startup Cost": 0.0, "Total Cost": 16244.28, "Plan Rows": 901342, "Plan Width": 20}]}]}]}]}, {"Node Type": "Hash", "Parent Relationship": "Inner", "Startup Cost": 43334.25, "Total Cost": 43334.25, "Plan Rows": 2528311, "Plan Width": 21, "Plans": [{"Node Type": "Streaming(type: LOCAL REDISTRIBUTE dop: 16/16)", "Parent Relationship": "Outer", "Startup Cost": 0.0, "Total Cost": 43334.25, "Plan Rows": 2528311, "Plan Width": 21, "Plans": [{"Node Type": "Seq Scan", "Parent Relationship": "Outer", "Relation Name": "title", "Alias": "t", "Startup Cost": 0.0, "Total Cost": 18754.32, "Plan Rows": 2528311, "Plan Width": 21}]}]}]}]}, {"Node Type": "Hash", "Parent Relationship": "Inner", "Startup Cost": 51607.87, "Total Cost": 51607.87, "Plan Rows": 4167490, "Plan Width": 4, "Plans": [{"Node Type": "Streaming(type: LOCAL REDISTRIBUTE dop: 16/16)", "Parent Relationship": "Outer", "Startup Cost": 0.0, "Total Cost": 51607.87, "Plan Rows": 4167490, "Plan Width": 4, "Plans": [{"Node Type": "Seq Scan", "Parent Relationship": "Outer", "Relation Name": "name", "Alias": "n1", "Startup Cost": 0.0, "Total Cost": 20816.99, "Plan Rows": 4167490, "Plan Width": 4}]}]}]}]}]}]}, "Unique SQL Id": 2457761703, "Planner Runtime": 182}, "explain_analyze_plan": {"Plan": {"Node Type": "Aggregate", "Strategy": "Plain", "Startup Cost": 287566.27, "Total Cost": 287566.3, "Plan Rows": 1, "Plan Width": 97, "Actual Min Startup Time": 1429.474, "Actual Max Startup Time": 1429.474, "Actual Min Total Time": 1429.474, "Actual Max Total Time": 1429.474, "Plans": [{"Node Type": "Streaming(type: LOCAL GATHER dop: 1/16)", "Parent Relationship": "Outer", "Startup Cost": 287566.27, "Total Cost": 287566.3, "Plan Rows": 1, "Plan Width": 97, "Actual Min Startup Time": 1428.475, "Actual Max Startup Time": 1428.475, "Actual Min Total Time": 1429.447, "Actual Max Total Time": 1429.447, "Plans": [{"Node Type": "Aggregate", "Strategy": "Plain", "Parent Relationship": "Outer", "Startup Cost": 287566.27, "Total Cost": 287566.28, "Plan Rows": 1, "Plan Width": 97, "Actual Min Startup Time": 1046.427, "Actual Max Startup Time": 1225.524, "Actual Min Total Time": 1046.427, "Actual Max Total Time": 1225.525, "Plans": [{"Node Type": "Hash Join", "Parent Relationship": "Outer", "Join Type": "Inner", "Startup Cost": 142621.96, "Total Cost": 285780.78, "Plan Rows": 357098, "Plan Width": 33, "Actual Min Startup Time": 657.95, "Actual Max Startup Time": 846.411, "Actual Min Total Time": 1031.721, "Actual Max Total Time": 1217.172, "Inner Unique": true, "Hash Cond": "(an1.person_id = n1.id), (LLVM Optimized, Jit Execute)", "Plans": [{"Node Type": "Streaming(type: LOCAL REDISTRIBUTE dop: 16/16)", "Parent Relationship": "Outer", "Startup Cost": 126464.14, "Total Cost": 269316.07, "Plan Rows": 357098, "Plan Width": 41, "Actual Min Startup Time": 138.252, "Actual Max Startup Time": 161.278, "Actual Min Total Time": 500.465, "Actual Max Total Time": 521.157, "Plans": [{"Node Type": "Hash Join", "Parent Relationship": "Outer", "Join Type": "Inner", "Startup Cost": 126464.14, "Total Cost": 252963.01, "Plan Rows": 357098, "Plan Width": 41, "Actual Min Startup Time": 650.282, "Actual Max Startup Time": 827.406, "Actual Min Total Time": 1018.2, "Actual Max Total Time": 1197.69, "Inner Unique": true, "Hash Cond": "(ci.movie_id = t.id), (LLVM Optimized, Jit Execute)", "Plans": [{"Node Type": "Streaming(type: LOCAL REDISTRIBUTE dop: 16/16)", "Parent Relationship": "Outer", "Startup Cost": 113655.34, "Total Cost": 239847.25, "Plan Rows": 357379, "Plan Width": 32, "Actual Min Startup Time": 284.581, "Actual Max Startup Time": 292.563, "Actual Min Total Time": 643.034, "Actual Max Total Time": 653.83, "Plans": [{"Node Type": "Hash Join", "Parent Relationship": "Outer", "Join Type": "Inner", "Startup Cost": 113655.34, "Total Cost": 223493.12, "Plan Rows": 357379, "Plan Width": 32, "Actual Min Startup Time": 656.508, "Actual Max Startup Time": 864.813, "Actual Min Total Time": 976.219, "Actual Max Total Time": 1211.51, "Inner Unique": false, "Hash Cond": "(ci.person_id = an1.person_id), (LLVM Optimized, Jit Execute)", "Plans": [{"Node Type": "Streaming(type: LOCAL REDISTRIBUTE dop: 16/16)", "Parent Relationship": "Outer", "Startup Cost": 104286.28, "Total Cost": 212931.86, "Plan Rows": 711018, "Plan Width": 12, "Actual Min Startup Time": 516.593, "Actual Max Startup Time": 530.476, "Actual Min Total Time": 825.032, "Actual Max Total Time": 876.688, "Plans": [{"Node Type": "Hash Join", "Parent Relationship": "Outer", "Join Type": "Inner", "Startup Cost": 104286.28, "Total Cost": 195237.77, "Plan Rows": 711018, "Plan Width": 12, "Actual Min Startup Time": 655.48, "Actual Max Startup Time": 884.626, "Actual Min Total Time": 967.321, "Actual Max Total Time": 1196.253, "Inner Unique": false, "Hash Cond": "(ci.movie_id = mc.movie_id), (LLVM Optimized, Jit Execute)", "Plans": [{"Node Type": "Streaming(type: LOCAL REDISTRIBUTE dop: 16/16)", "Parent Relationship": "Outer", "Startup Cost": 15001.51, "Total Cost": 102848.74, "Plan Rows": 3296318, "Plan Width": 8, "Actual Min Startup Time": 0.062, "Actual Max Startup Time": 0.846, "Actual Min Total Time": 293.775, "Actual Max Total Time": 312.773, "Plans": [{"Node Type": "Hash Join", "Parent Relationship": "Outer", "Join Type": "Inner", "Startup Cost": 15001.51, "Total Cost": 75358.79, "Plan Rows": 3296318, "Plan Width": 8, "Actual Min Startup Time": 729.862, "Actual Max Startup Time": 782.989, "Actual Min Total Time": 934.617, "Actual Max Total Time": 992.529, "Inner Unique": true, "Hash Cond": "(ci.role_id = rt.id), (LLVM Optimized, Jit Execute)", "Plans": [{"Node Type": "Seq Scan", "Parent Relationship": "Outer", "Relation Name": "cast_info", "Alias": "ci", "Startup Cost": 0.0, "Total Cost": 52617.37, "Plan Rows": 36259494, "Plan Width": 12, "Actual Min Startup Time": 0.029, "Actual Max Startup Time": 0.042, "Actual Min Total Time": 515.441, "Actual Max Total Time": 569.135, "Actual Rows": 36244343}, {"Node Type": "Hash", "Parent Relationship": "Inner", "Startup Cost": 15001.5, "Total Cost": 15001.5, "Plan Rows": 16, "Plan Width": 4, "Actual Min Startup Time": 0.012, "Actual Max Startup Time": 11.903, "Actual Min Total Time": 0.012, "Actual Max Total Time": 11.903, "Max Hash Buckets": 32768, "Min Hash Buckets": 32768, "Max Hash Batches": 1, "Min Hash Batches": 1, "Max Original Hash Batches": 1, "Min Original Hash Batches": 1, "Max Peak Memory Usage": 1, "min Peak Memory Usage": 1, "Plans": [{"Node Type": "Streaming(type: BROADCAST dop: 16/1)", "Parent Relationship": "Outer", "Startup Cost": 0.0, "Total Cost": 15001.5, "Plan Rows": 16, "Plan Width": 4, "Actual Min Startup Time": 0.004, "Actual Max Startup Time": 11.888, "Actual Min Total Time": 0.004, "Actual Max Total Time": 11.889, "Plans": [{"Node Type": "Seq Scan", "Parent Relationship": "Outer", "Relation Name": "role_type", "Alias": "rt", "Startup Cost": 0.0, "Total Cost": 1.15, "Plan Rows": 1, "Plan Width": 4, "Actual Min Startup Time": 0.025, "Actual Max Startup Time": 0.025, "Actual Min Total Time": 0.027, "Actual Max Total Time": 0.027, "Filter": "((role)::text = 'costume designer'::text)", "Rows Removed by Filter": 11, "Actual Rows": 1}], "Actual Rows": 16}], "Actual Rows": 16}], "Actual Rows": 276403}], "Actual Rows": 276403}, {"Node Type": "Hash", "Parent Relationship": "Inner", "Startup Cost": 88282.97, "Total Cost": 88282.97, "Plan Rows": 1282311, "Plan Width": 4, "Actual Min Startup Time": 655.204, "Actual Max Startup Time": 884.113, "Actual Min Total Time": 655.204, "Actual Max Total Time": 884.113, "Max Hash Buckets": 131072, "Min Hash Buckets": 131072, "Max Hash Batches": 1, "Min Hash Batches": 1, "Max Original Hash Batches": 1, "Min Original Hash Batches": 1, "Max Peak Memory Usage": 2542, "min Peak Memory Usage": 2542, "Plans": [{"Node Type": "Streaming(type: LOCAL REDISTRIBUTE dop: 16/16)", "Parent Relationship": "Outer", "Startup Cost": 24511.53, "Total Cost": 88282.97, "Plan Rows": 1282311, "Plan Width": 4, "Actual Min Startup Time": 186.112, "Actual Max Startup Time": 414.758, "Actual Min Total Time": 627.769, "Actual Max Total Time": 863.493, "Plans": [{"Node Type": "Hash Join", "Parent Relationship": "Outer", "Join Type": "Inner", "Startup Cost": 24511.53, "Total Cost": 68424.21, "Plan Rows": 1282311, "Plan Width": 4, "Actual Min Startup Time": 176.757, "Actual Max Startup Time": 400.58, "Actual Min Total Time": 517.522, "Actual Max Total Time": 794.956, "Inner Unique": true, "Hash Cond": "(mc.company_id = cn.id), (LLVM Optimized, Jit Execute)", "Plans": [{"Node Type": "Streaming(type: LOCAL REDISTRIBUTE dop: 16/16)", "Parent Relationship": "Outer", "Startup Cost": 0.0, "Total Cost": 42499.73, "Plan Rows": 2609128, "Plan Width": 8, "Actual Min Startup Time": 0.062, "Actual Max Startup Time": 1.791, "Actual Min Total Time": 265.249, "Actual Max Total Time": 357.061, "Plans": [{"Node Type": "Seq Scan", "Parent Relationship": "Outer", "Relation Name": "movie_companies", "Alias": "mc", "Startup Cost": 0.0, "Total Cost": 17613.58, "Plan Rows": 2609128, "Plan Width": 8, "Actual Min Startup Time": 0.026, "Actual Max Startup Time": 0.044, "Actual Min Total Time": 42.83, "Actual Max Total Time": 51.451, "Actual Rows": 2609128}], "Actual Rows": 2609128}, {"Node Type": "Hash", "Parent Relationship": "Inner", "Startup Cost": 24444.99, "Total Cost": 24444.99, "Plan Rows": 85170, "Plan Width": 4, "Actual Min Startup Time": 176.63, "Actual Max Startup Time": 399.346, "Actual Min Total Time": 176.63, "Actual Max Total Time": 399.346, "Max Hash Buckets": 32768, "Min Hash Buckets": 32768, "Max Hash Batches": 1, "Min Hash Batches": 1, "Max Original Hash Batches": 1, "Min Original Hash Batches": 1, "Max Peak Memory Usage": 182, "min Peak Memory Usage": 182, "Plans": [{"Node Type": "Streaming(type: LOCAL REDISTRIBUTE dop: 16/1)", "Parent Relationship": "Outer", "Startup Cost": 0.0, "Total Cost": 24444.99, "Plan Rows": 85170, "Plan Width": 4, "Actual Min Startup Time": 0.035, "Actual Max Startup Time": 218.603, "Actual Min Total Time": 174.868, "Actual Max Total Time": 397.632, "Plans": [{"Node Type": "Seq Scan", "Parent Relationship": "Outer", "Relation Name": "company_name", "Alias": "cn", "Startup Cost": 0.0, "Total Cost": 5903.45, "Plan Rows": 85170, "Plan Width": 4, "Actual Min Startup Time": 0.038, "Actual Max Startup Time": 0.038, "Actual Min Total Time": 94.596, "Actual Max Total Time": 94.596, "Filter": "((country_code)::text = '[us]'::text)", "Rows Removed by Filter": 150153, "Actual Rows": 84843}], "Actual Rows": 84843}], "Actual Rows": 84843}], "Actual Rows": 1153797}], "Actual Rows": 1153797}], "Actual Rows": 1153797}], "Actual Rows": 285537}], "Actual Rows": 285537}, {"Node Type": "Hash", "Parent Relationship": "Inner", "Startup Cost": 34659.52, "Total Cost": 34659.52, "Plan Rows": 901342, "Plan Width": 20, "Actual Min Startup Time": 129.879, "Actual Max Startup Time": 348.156, "Actual Min Total Time": 129.879, "Actual Max Total Time": 348.156, "Max Hash Buckets": 65536, "Min Hash Buckets": 65536, "Max Hash Batches": 1, "Min Hash Batches": 1, "Max Original Hash Batches": 1, "Min Original Hash Batches": 1, "Max Peak Memory Usage": 2981, "min Peak Memory Usage": 2981, "Plans": [{"Node Type": "Streaming(type: LOCAL REDISTRIBUTE dop: 16/16)", "Parent Relationship": "Outer", "Startup Cost": 0.0, "Total Cost": 34659.52, "Plan Rows": 901342, "Plan Width": 20, "Actual Min Startup Time": 0.048, "Actual Max Startup Time": 211.292, "Actual Min Total Time": 113.469, "Actual Max Total Time": 331.199, "Plans": [{"Node Type": "Seq Scan", "Parent Relationship": "Outer", "Relation Name": "aka_name", "Alias": "an1", "Startup Cost": 0.0, "Total Cost": 16244.28, "Plan Rows": 901342, "Plan Width": 20, "Actual Min Startup Time": 0.02, "Actual Max Startup Time": 0.037, "Actual Min Total Time": 16.899, "Actual Max Total Time": 20.777, "Actual Rows": 901342}], "Actual Rows": 901342}], "Actual Rows": 901342}], "Actual Rows": 323005}], "Actual Rows": 323005}, {"Node Type": "Hash", "Parent Relationship": "Inner", "Startup Cost": 43334.25, "Total Cost": 43334.25, "Plan Rows": 2528311, "Plan Width": 21, "Actual Min Startup Time": 361.928, "Actual Max Startup Time": 536.694, "Actual Min Total Time": 361.928, "Actual Max Total Time": 536.694, "Max Hash Buckets": 262144, "Min Hash Buckets": 262144, "Max Hash Batches": 1, "Min Hash Batches": 1, "Max Original Hash Batches": 1, "Min Original Hash Batches": 1, "Max Peak Memory Usage": 8518, "min Peak Memory Usage": 8518, "Plans": [{"Node Type": "Streaming(type: LOCAL REDISTRIBUTE dop: 16/16)", "Parent Relationship": "Outer", "Startup Cost": 0.0, "Total Cost": 43334.25, "Plan Rows": 2528311, "Plan Width": 21, "Actual Min Startup Time": 0.052, "Actual Max Startup Time": 29.929, "Actual Min Total Time": 291.244, "Actual Max Total Time": 484.112, "Plans": [{"Node Type": "Seq Scan", "Parent Relationship": "Outer", "Relation Name": "title", "Alias": "t", "Startup Cost": 0.0, "Total Cost": 18754.32, "Plan Rows": 2528311, "Plan Width": 21, "Actual Min Startup Time": 0.018, "Actual Max Startup Time": 0.034, "Actual Min Total Time": 48.948, "Actual Max Total Time": 58.428, "Actual Rows": 2528311}], "Actual Rows": 2528311}], "Actual Rows": 2528311}], "Actual Rows": 323005}], "Actual Rows": 323005}, {"Node Type": "Hash", "Parent Relationship": "Inner", "Startup Cost": 51607.87, "Total Cost": 51607.87, "Plan Rows": 4167490, "Plan Width": 4, "Actual Min Startup Time": 514.494, "Actual Max Startup Time": 693.507, "Actual Min Total Time": 514.494, "Actual Max Total Time": 693.507, "Max Hash Buckets": 262144, "Min Hash Buckets": 262144, "Max Hash Batches": 1, "Min Hash Batches": 1, "Max Original Hash Batches": 1, "Min Original Hash Batches": 1, "Max Peak Memory Usage": 9174, "min Peak Memory Usage": 9174, "Plans": [{"Node Type": "Streaming(type: LOCAL REDISTRIBUTE dop: 16/16)", "Parent Relationship": "Outer", "Startup Cost": 0.0, "Total Cost": 51607.87, "Plan Rows": 4167490, "Plan Width": 4, "Actual Min Startup Time": 0.053, "Actual Max Startup Time": 140.533, "Actual Min Total Time": 409.113, "Actual Max Total Time": 612.992, "Plans": [{"Node Type": "Seq Scan", "Parent Relationship": "Outer", "Relation Name": "name", "Alias": "n1", "Startup Cost": 0.0, "Total Cost": 20816.99, "Plan Rows": 4167490, "Plan Width": 4, "Actual Min Startup Time": 0.017, "Actual Max Startup Time": 0.034, "Actual Min Total Time": 74.859, "Actual Max Total Time": 86.06, "Actual Rows": 4167490}], "Actual Rows": 4167490}], "Actual Rows": 4167490}], "Actual Rows": 323005}], "Actual Rows": 16}], "Actual Rows": 16}], "Actual Rows": 1}, "Triggers": [], "Planner Runtime": 195.615, "Total Runtime": 1475.961, "Unique SQL Id": 2457761703}}, "(16, '67')": {"explain_plan": {"Plan": {"Node Type": "Aggregate", "Strategy": "Plain", "Startup Cost": 1013578.73, "Total Cost": 1013578.74, "Plan Rows": 1, "Plan Width": 97, "Plans": [{"Node Type": "Hash Join", "Parent Relationship": "Outer", "Join Type": "Inner", "Startup Cost": 985285.55, "Total Cost": 1011793.24, "Plan Rows": 357098, "Plan Width": 33, "Inner Unique": false, "Hash Cond": "(an1.person_id = n1.id), (LLVM Optimized)", "Plans": [{"Node Type": "Bitmap Heap Scan", "Parent Relationship": "Outer", "Relation Name": "aka_name", "Alias": "an1", "Startup Cost": 16632.3, "Total Cost": 36540.72, "Plan Rows": 901342, "Plan Width": 20, "Plans": [{"Node Type": "Bitmap Index Scan", "Parent Relationship": "Outer", "Index Name": "person_id_aka_name", "Startup Cost": 0.0, "Total Cost": 16406.96, "Plan Rows": 901342, "Plan Width": 0}]}, {"Node Type": "Hash", "Parent Relationship": "Inner", "Startup Cost": 959772.51, "Total Cost": 959772.51, "Plan Rows": 710459, "Plan Width": 25, "Plans": [{"Node Type": "Hash Join", "Parent Relationship": "Outer", "Join Type": "Inner", "Startup Cost": 607483.06, "Total Cost": 959772.51, "Plan Rows": 710459, "Plan Width": 25, "Inner Unique": true, "Hash Cond": "(ci.person_id = n1.id), (LLVM Optimized)", "Plans": [{"Node Type": "Hash Join", "Parent Relationship": "Outer", "Join Type": "Inner", "Startup Cost": 378117.96, "Total Cost": 720638.61, "Plan Rows": 710459, "Plan Width": 21, "Inner Unique": false, "Hash Cond": "(ci.movie_id = t.id), (LLVM Optimized)", "Plans": [{"Node Type": "Nested Loop", "Parent Relationship": "Outer", "Join Type": "Inner", "Startup Cost": 76315.02, "Total Cost": 389769.33, "Plan Rows": 3296318, "Plan Width": 8, "Inner Unique": false, "Plans": [{"Node Type": "Bitmap Heap Scan", "Parent Relationship": "Outer", "Relation Name": "role_type", "Alias": "rt", "Startup Cost": 8.31, "Total Cost": 12.46, "Plan Rows": 1, "Plan Width": 4, "Filter": "((role)::text = 'costume designer'::text)", "Plans": [{"Node Type": "Bitmap Index Scan", "Parent Relationship": "Outer", "Index Name": "role_type_pkey", "Startup Cost": 0.0, "Total Cost": 8.31, "Plan Rows": 12, "Plan Width": 0}]}, {"Node Type": "Bitmap Heap Scan", "Parent Relationship": "Inner", "Relation Name": "cast_info", "Alias": "ci", "Startup Cost": 76306.71, "Total Cost": 356793.69, "Plan Rows": 3296318, "Plan Width": 12, "Recheck Cond": "(role_id = rt.id), (LLVM Optimized)", "Plans": [{"Node Type": "Bitmap Index Scan", "Parent Relationship": "Outer", "Index Name": "role_id_cast_info", "Startup Cost": 0.0, "Total Cost": 75482.63, "Plan Rows": 3296318, "Plan Width": 0, "Index Cond": "(role_id = rt.id)"}]}]}, {"Node Type": "Hash", "Parent Relationship": "Inner", "Startup Cost": 285774.05, "Total Cost": 285774.05, "Plan Rows": 1282311, "Plan Width": 25, "Plans": [{"Node Type": "Hash Join", "Parent Relationship": "Outer", "Join Type": "Inner", "Startup Cost": 203717.65, "Total Cost": 285774.05, "Plan Rows": 1282311, "Plan Width": 25, "Inner Unique": true, "Hash Cond": "(mc.movie_id = t.id), (LLVM Optimized)", "Plans": [{"Node Type": "Hash Join", "Parent Relationship": "Outer", "Join Type": "Inner", "Startup Cost": 61758.77, "Total Cost": 126183.39, "Plan Rows": 1282311, "Plan Width": 4, "Inner Unique": true, "Hash Cond": "(mc.company_id = cn.id), (LLVM Optimized)", "Plans": [{"Node Type": "Bitmap Heap Scan", "Parent Relationship": "Outer", "Relation Name": "movie_companies", "Alias": "mc", "Startup Cost": 51990.17, "Total Cost": 93807.45, "Plan Rows": 2609128, "Plan Width": 8, "Plans": [{"Node Type": "Bitmap Index Scan", "Parent Relationship": "Outer", "Index Name": "movie_id_movie_companies", "Startup Cost": 0.0, "Total Cost": 51337.89, "Plan Rows": 2609128, "Plan Width": 0}]}, {"Node Type": "Hash", "Parent Relationship": "Inner", "Startup Cost": 8703.97, "Total Cost": 8703.97, "Plan Rows": 85170, "Plan Width": 4, "Plans": [{"Node Type": "Bitmap Heap Scan", "Parent Relationship": "Outer", "Relation Name": "company_name", "Alias": "cn", "Startup Cost": 2800.52, "Total Cost": 8703.97, "Plan Rows": 85170, "Plan Width": 4, "Filter": "((country_code)::text = '[us]'::text)", "Plans": [{"Node Type": "Bitmap Index Scan", "Parent Relationship": "Outer", "Index Name": "company_name_pkey", "Startup Cost": 0.0, "Total Cost": 2779.23, "Plan Rows": 234996, "Plan Width": 0}]}]}]}, {"Node Type": "Hash", "Parent Relationship": "Inner", "Startup Cost": 110354.99, "Total Cost": 110354.99, "Plan Rows": 2528311, "Plan Width": 21, "Plans": [{"Node Type": "Bitmap Heap Scan", "Parent Relationship": "Outer", "Relation Name": "title", "Alias": "t", "Startup Cost": 50285.88, "Total Cost": 110354.99, "Plan Rows": 2528311, "Plan Width": 21, "Plans": [{"Node Type": "Bitmap Index Scan", "Parent Relationship": "Outer", "Index Name": "title_pkey", "Startup Cost": 0.0, "Total Cost": 49653.81, "Plan Rows": 2528311, "Plan Width": 0}]}]}]}]}]}, {"Node Type": "Hash", "Parent Relationship": "Inner", "Startup Cost": 177271.47, "Total Cost": 177271.47, "Plan Rows": 4167490, "Plan Width": 4, "Plans": [{"Node Type": "Bitmap Heap Scan", "Parent Relationship": "Outer", "Relation Name": "name", "Alias": "n1", "Startup Cost": 84199.57, "Total Cost": 177271.47, "Plan Rows": 4167490, "Plan Width": 4, "Plans": [{"Node Type": "Bitmap Index Scan", "Parent Relationship": "Outer", "Index Name": "name_pkey", "Startup Cost": 0.0, "Total Cost": 83157.7, "Plan Rows": 4167490, "Plan Width": 0}]}]}]}]}]}]}, "Unique SQL Id": 2457761703, "Planner Runtime": 72}, "explain_analyze_plan": null}, "(16, '68')": {"explain_plan": {"Plan": {"Node Type": "Aggregate", "Strategy": "Plain", "Startup Cost": 287566.27, "Total Cost": 287566.3, "Plan Rows": 1, "Plan Width": 97, "Plans": [{"Node Type": "Streaming(type: LOCAL GATHER dop: 1/16)", "Parent Relationship": "Outer", "Startup Cost": 287566.27, "Total Cost": 287566.3, "Plan Rows": 1, "Plan Width": 97, "Plans": [{"Node Type": "Aggregate", "Strategy": "Plain", "Parent Relationship": "Outer", "Startup Cost": 287566.27, "Total Cost": 287566.28, "Plan Rows": 1, "Plan Width": 97, "Plans": [{"Node Type": "Hash Join", "Parent Relationship": "Outer", "Join Type": "Inner", "Startup Cost": 142621.96, "Total Cost": 285780.78, "Plan Rows": 357098, "Plan Width": 33, "Inner Unique": true, "Hash Cond": "(an1.person_id = n1.id), (LLVM Optimized)", "Plans": [{"Node Type": "Streaming(type: LOCAL REDISTRIBUTE dop: 16/16)", "Parent Relationship": "Outer", "Startup Cost": 126464.14, "Total Cost": 269316.07, "Plan Rows": 357098, "Plan Width": 41, "Plans": [{"Node Type": "Hash Join", "Parent Relationship": "Outer", "Join Type": "Inner", "Startup Cost": 126464.14, "Total Cost": 252963.01, "Plan Rows": 357098, "Plan Width": 41, "Inner Unique": true, "Hash Cond": "(ci.movie_id = t.id), (LLVM Optimized)", "Plans": [{"Node Type": "Streaming(type: LOCAL REDISTRIBUTE dop: 16/16)", "Parent Relationship": "Outer", "Startup Cost": 113655.34, "Total Cost": 239847.25, "Plan Rows": 357379, "Plan Width": 32, "Plans": [{"Node Type": "Hash Join", "Parent Relationship": "Outer", "Join Type": "Inner", "Startup Cost": 113655.34, "Total Cost": 223493.12, "Plan Rows": 357379, "Plan Width": 32, "Inner Unique": false, "Hash Cond": "(ci.person_id = an1.person_id), (LLVM Optimized)", "Plans": [{"Node Type": "Streaming(type: LOCAL REDISTRIBUTE dop: 16/16)", "Parent Relationship": "Outer", "Startup Cost": 104286.28, "Total Cost": 212931.86, "Plan Rows": 711018, "Plan Width": 12, "Plans": [{"Node Type": "Hash Join", "Parent Relationship": "Outer", "Join Type": "Inner", "Startup Cost": 104286.28, "Total Cost": 195237.77, "Plan Rows": 711018, "Plan Width": 12, "Inner Unique": false, "Hash Cond": "(ci.movie_id = mc.movie_id), (LLVM Optimized)", "Plans": [{"Node Type": "Streaming(type: LOCAL REDISTRIBUTE dop: 16/16)", "Parent Relationship": "Outer", "Startup Cost": 15001.51, "Total Cost": 102848.74, "Plan Rows": 3296318, "Plan Width": 8, "Plans": [{"Node Type": "Hash Join", "Parent Relationship": "Outer", "Join Type": "Inner", "Startup Cost": 15001.51, "Total Cost": 75358.79, "Plan Rows": 3296318, "Plan Width": 8, "Inner Unique": true, "Hash Cond": "(ci.role_id = rt.id), (LLVM Optimized)", "Plans": [{"Node Type": "Seq Scan", "Parent Relationship": "Outer", "Relation Name": "cast_info", "Alias": "ci", "Startup Cost": 0.0, "Total Cost": 52617.37, "Plan Rows": 36259494, "Plan Width": 12}, {"Node Type": "Hash", "Parent Relationship": "Inner", "Startup Cost": 15001.5, "Total Cost": 15001.5, "Plan Rows": 16, "Plan Width": 4, "Plans": [{"Node Type": "Streaming(type: BROADCAST dop: 16/1)", "Parent Relationship": "Outer", "Startup Cost": 0.0, "Total Cost": 15001.5, "Plan Rows": 16, "Plan Width": 4, "Plans": [{"Node Type": "Seq Scan", "Parent Relationship": "Outer", "Relation Name": "role_type", "Alias": "rt", "Startup Cost": 0.0, "Total Cost": 1.15, "Plan Rows": 1, "Plan Width": 4, "Filter": "((role)::text = 'costume designer'::text)"}]}]}]}]}, {"Node Type": "Hash", "Parent Relationship": "Inner", "Startup Cost": 88282.97, "Total Cost": 88282.97, "Plan Rows": 1282311, "Plan Width": 4, "Plans": [{"Node Type": "Streaming(type: LOCAL REDISTRIBUTE dop: 16/16)", "Parent Relationship": "Outer", "Startup Cost": 24511.53, "Total Cost": 88282.97, "Plan Rows": 1282311, "Plan Width": 4, "Plans": [{"Node Type": "Hash Join", "Parent Relationship": "Outer", "Join Type": "Inner", "Startup Cost": 24511.53, "Total Cost": 68424.21, "Plan Rows": 1282311, "Plan Width": 4, "Inner Unique": true, "Hash Cond": "(mc.company_id = cn.id), (LLVM Optimized)", "Plans": [{"Node Type": "Streaming(type: LOCAL REDISTRIBUTE dop: 16/16)", "Parent Relationship": "Outer", "Startup Cost": 0.0, "Total Cost": 42499.73, "Plan Rows": 2609128, "Plan Width": 8, "Plans": [{"Node Type": "Seq Scan", "Parent Relationship": "Outer", "Relation Name": "movie_companies", "Alias": "mc", "Startup Cost": 0.0, "Total Cost": 17613.58, "Plan Rows": 2609128, "Plan Width": 8}]}, {"Node Type": "Hash", "Parent Relationship": "Inner", "Startup Cost": 24444.99, "Total Cost": 24444.99, "Plan Rows": 85170, "Plan Width": 4, "Plans": [{"Node Type": "Streaming(type: LOCAL REDISTRIBUTE dop: 16/1)", "Parent Relationship": "Outer", "Startup Cost": 0.0, "Total Cost": 24444.99, "Plan Rows": 85170, "Plan Width": 4, "Plans": [{"Node Type": "Seq Scan", "Parent Relationship": "Outer", "Relation Name": "company_name", "Alias": "cn", "Startup Cost": 0.0, "Total Cost": 5903.45, "Plan Rows": 85170, "Plan Width": 4, "Filter": "((country_code)::text = '[us]'::text)"}]}]}]}]}]}]}]}, {"Node Type": "Hash", "Parent Relationship": "Inner", "Startup Cost": 34659.52, "Total Cost": 34659.52, "Plan Rows": 901342, "Plan Width": 20, "Plans": [{"Node Type": "Streaming(type: LOCAL REDISTRIBUTE dop: 16/16)", "Parent Relationship": "Outer", "Startup Cost": 0.0, "Total Cost": 34659.52, "Plan Rows": 901342, "Plan Width": 20, "Plans": [{"Node Type": "Seq Scan", "Parent Relationship": "Outer", "Relation Name": "aka_name", "Alias": "an1", "Startup Cost": 0.0, "Total Cost": 16244.28, "Plan Rows": 901342, "Plan Width": 20}]}]}]}]}, {"Node Type": "Hash", "Parent Relationship": "Inner", "Startup Cost": 43334.25, "Total Cost": 43334.25, "Plan Rows": 2528311, "Plan Width": 21, "Plans": [{"Node Type": "Streaming(type: LOCAL REDISTRIBUTE dop: 16/16)", "Parent Relationship": "Outer", "Startup Cost": 0.0, "Total Cost": 43334.25, "Plan Rows": 2528311, "Plan Width": 21, "Plans": [{"Node Type": "Seq Scan", "Parent Relationship": "Outer", "Relation Name": "title", "Alias": "t", "Startup Cost": 0.0, "Total Cost": 18754.32, "Plan Rows": 2528311, "Plan Width": 21}]}]}]}]}, {"Node Type": "Hash", "Parent Relationship": "Inner", "Startup Cost": 51607.87, "Total Cost": 51607.87, "Plan Rows": 4167490, "Plan Width": 4, "Plans": [{"Node Type": "Streaming(type: LOCAL REDISTRIBUTE dop: 16/16)", "Parent Relationship": "Outer", "Startup Cost": 0.0, "Total Cost": 51607.87, "Plan Rows": 4167490, "Plan Width": 4, "Plans": [{"Node Type": "Seq Scan", "Parent Relationship": "Outer", "Relation Name": "name", "Alias": "n1", "Startup Cost": 0.0, "Total Cost": 20816.99, "Plan Rows": 4167490, "Plan Width": 4}]}]}]}]}]}]}, "Unique SQL Id": 2457761703, "Planner Runtime": 200}, "explain_analyze_plan": {"Plan": {"Node Type": "Aggregate", "Strategy": "Plain", "Startup Cost": 287566.27, "Total Cost": 287566.3, "Plan Rows": 1, "Plan Width": 97, "Actual Min Startup Time": 1429.474, "Actual Max Startup Time": 1429.474, "Actual Min Total Time": 1429.474, "Actual Max Total Time": 1429.474, "Plans": [{"Node Type": "Streaming(type: LOCAL GATHER dop: 1/16)", "Parent Relationship": "Outer", "Startup Cost": 287566.27, "Total Cost": 287566.3, "Plan Rows": 1, "Plan Width": 97, "Actual Min Startup Time": 1428.475, "Actual Max Startup Time": 1428.475, "Actual Min Total Time": 1429.447, "Actual Max Total Time": 1429.447, "Plans": [{"Node Type": "Aggregate", "Strategy": "Plain", "Parent Relationship": "Outer", "Startup Cost": 287566.27, "Total Cost": 287566.28, "Plan Rows": 1, "Plan Width": 97, "Actual Min Startup Time": 1046.427, "Actual Max Startup Time": 1225.524, "Actual Min Total Time": 1046.427, "Actual Max Total Time": 1225.525, "Plans": [{"Node Type": "Hash Join", "Parent Relationship": "Outer", "Join Type": "Inner", "Startup Cost": 142621.96, "Total Cost": 285780.78, "Plan Rows": 357098, "Plan Width": 33, "Actual Min Startup Time": 657.95, "Actual Max Startup Time": 846.411, "Actual Min Total Time": 1031.721, "Actual Max Total Time": 1217.172, "Inner Unique": true, "Hash Cond": "(an1.person_id = n1.id), (LLVM Optimized, Jit Execute)", "Plans": [{"Node Type": "Streaming(type: LOCAL REDISTRIBUTE dop: 16/16)", "Parent Relationship": "Outer", "Startup Cost": 126464.14, "Total Cost": 269316.07, "Plan Rows": 357098, "Plan Width": 41, "Actual Min Startup Time": 138.252, "Actual Max Startup Time": 161.278, "Actual Min Total Time": 500.465, "Actual Max Total Time": 521.157, "Plans": [{"Node Type": "Hash Join", "Parent Relationship": "Outer", "Join Type": "Inner", "Startup Cost": 126464.14, "Total Cost": 252963.01, "Plan Rows": 357098, "Plan Width": 41, "Actual Min Startup Time": 650.282, "Actual Max Startup Time": 827.406, "Actual Min Total Time": 1018.2, "Actual Max Total Time": 1197.69, "Inner Unique": true, "Hash Cond": "(ci.movie_id = t.id), (LLVM Optimized, Jit Execute)", "Plans": [{"Node Type": "Streaming(type: LOCAL REDISTRIBUTE dop: 16/16)", "Parent Relationship": "Outer", "Startup Cost": 113655.34, "Total Cost": 239847.25, "Plan Rows": 357379, "Plan Width": 32, "Actual Min Startup Time": 284.581, "Actual Max Startup Time": 292.563, "Actual Min Total Time": 643.034, "Actual Max Total Time": 653.83, "Plans": [{"Node Type": "Hash Join", "Parent Relationship": "Outer", "Join Type": "Inner", "Startup Cost": 113655.34, "Total Cost": 223493.12, "Plan Rows": 357379, "Plan Width": 32, "Actual Min Startup Time": 656.508, "Actual Max Startup Time": 864.813, "Actual Min Total Time": 976.219, "Actual Max Total Time": 1211.51, "Inner Unique": false, "Hash Cond": "(ci.person_id = an1.person_id), (LLVM Optimized, Jit Execute)", "Plans": [{"Node Type": "Streaming(type: LOCAL REDISTRIBUTE dop: 16/16)", "Parent Relationship": "Outer", "Startup Cost": 104286.28, "Total Cost": 212931.86, "Plan Rows": 711018, "Plan Width": 12, "Actual Min Startup Time": 516.593, "Actual Max Startup Time": 530.476, "Actual Min Total Time": 825.032, "Actual Max Total Time": 876.688, "Plans": [{"Node Type": "Hash Join", "Parent Relationship": "Outer", "Join Type": "Inner", "Startup Cost": 104286.28, "Total Cost": 195237.77, "Plan Rows": 711018, "Plan Width": 12, "Actual Min Startup Time": 655.48, "Actual Max Startup Time": 884.626, "Actual Min Total Time": 967.321, "Actual Max Total Time": 1196.253, "Inner Unique": false, "Hash Cond": "(ci.movie_id = mc.movie_id), (LLVM Optimized, Jit Execute)", "Plans": [{"Node Type": "Streaming(type: LOCAL REDISTRIBUTE dop: 16/16)", "Parent Relationship": "Outer", "Startup Cost": 15001.51, "Total Cost": 102848.74, "Plan Rows": 3296318, "Plan Width": 8, "Actual Min Startup Time": 0.062, "Actual Max Startup Time": 0.846, "Actual Min Total Time": 293.775, "Actual Max Total Time": 312.773, "Plans": [{"Node Type": "Hash Join", "Parent Relationship": "Outer", "Join Type": "Inner", "Startup Cost": 15001.51, "Total Cost": 75358.79, "Plan Rows": 3296318, "Plan Width": 8, "Actual Min Startup Time": 729.862, "Actual Max Startup Time": 782.989, "Actual Min Total Time": 934.617, "Actual Max Total Time": 992.529, "Inner Unique": true, "Hash Cond": "(ci.role_id = rt.id), (LLVM Optimized, Jit Execute)", "Plans": [{"Node Type": "Seq Scan", "Parent Relationship": "Outer", "Relation Name": "cast_info", "Alias": "ci", "Startup Cost": 0.0, "Total Cost": 52617.37, "Plan Rows": 36259494, "Plan Width": 12, "Actual Min Startup Time": 0.029, "Actual Max Startup Time": 0.042, "Actual Min Total Time": 515.441, "Actual Max Total Time": 569.135, "Actual Rows": 36244343}, {"Node Type": "Hash", "Parent Relationship": "Inner", "Startup Cost": 15001.5, "Total Cost": 15001.5, "Plan Rows": 16, "Plan Width": 4, "Actual Min Startup Time": 0.012, "Actual Max Startup Time": 11.903, "Actual Min Total Time": 0.012, "Actual Max Total Time": 11.903, "Max Hash Buckets": 32768, "Min Hash Buckets": 32768, "Max Hash Batches": 1, "Min Hash Batches": 1, "Max Original Hash Batches": 1, "Min Original Hash Batches": 1, "Max Peak Memory Usage": 1, "min Peak Memory Usage": 1, "Plans": [{"Node Type": "Streaming(type: BROADCAST dop: 16/1)", "Parent Relationship": "Outer", "Startup Cost": 0.0, "Total Cost": 15001.5, "Plan Rows": 16, "Plan Width": 4, "Actual Min Startup Time": 0.004, "Actual Max Startup Time": 11.888, "Actual Min Total Time": 0.004, "Actual Max Total Time": 11.889, "Plans": [{"Node Type": "Seq Scan", "Parent Relationship": "Outer", "Relation Name": "role_type", "Alias": "rt", "Startup Cost": 0.0, "Total Cost": 1.15, "Plan Rows": 1, "Plan Width": 4, "Actual Min Startup Time": 0.025, "Actual Max Startup Time": 0.025, "Actual Min Total Time": 0.027, "Actual Max Total Time": 0.027, "Filter": "((role)::text = 'costume designer'::text)", "Rows Removed by Filter": 11, "Actual Rows": 1}], "Actual Rows": 16}], "Actual Rows": 16}], "Actual Rows": 276403}], "Actual Rows": 276403}, {"Node Type": "Hash", "Parent Relationship": "Inner", "Startup Cost": 88282.97, "Total Cost": 88282.97, "Plan Rows": 1282311, "Plan Width": 4, "Actual Min Startup Time": 655.204, "Actual Max Startup Time": 884.113, "Actual Min Total Time": 655.204, "Actual Max Total Time": 884.113, "Max Hash Buckets": 131072, "Min Hash Buckets": 131072, "Max Hash Batches": 1, "Min Hash Batches": 1, "Max Original Hash Batches": 1, "Min Original Hash Batches": 1, "Max Peak Memory Usage": 2542, "min Peak Memory Usage": 2542, "Plans": [{"Node Type": "Streaming(type: LOCAL REDISTRIBUTE dop: 16/16)", "Parent Relationship": "Outer", "Startup Cost": 24511.53, "Total Cost": 88282.97, "Plan Rows": 1282311, "Plan Width": 4, "Actual Min Startup Time": 186.112, "Actual Max Startup Time": 414.758, "Actual Min Total Time": 627.769, "Actual Max Total Time": 863.493, "Plans": [{"Node Type": "Hash Join", "Parent Relationship": "Outer", "Join Type": "Inner", "Startup Cost": 24511.53, "Total Cost": 68424.21, "Plan Rows": 1282311, "Plan Width": 4, "Actual Min Startup Time": 176.757, "Actual Max Startup Time": 400.58, "Actual Min Total Time": 517.522, "Actual Max Total Time": 794.956, "Inner Unique": true, "Hash Cond": "(mc.company_id = cn.id), (LLVM Optimized, Jit Execute)", "Plans": [{"Node Type": "Streaming(type: LOCAL REDISTRIBUTE dop: 16/16)", "Parent Relationship": "Outer", "Startup Cost": 0.0, "Total Cost": 42499.73, "Plan Rows": 2609128, "Plan Width": 8, "Actual Min Startup Time": 0.062, "Actual Max Startup Time": 1.791, "Actual Min Total Time": 265.249, "Actual Max Total Time": 357.061, "Plans": [{"Node Type": "Seq Scan", "Parent Relationship": "Outer", "Relation Name": "movie_companies", "Alias": "mc", "Startup Cost": 0.0, "Total Cost": 17613.58, "Plan Rows": 2609128, "Plan Width": 8, "Actual Min Startup Time": 0.026, "Actual Max Startup Time": 0.044, "Actual Min Total Time": 42.83, "Actual Max Total Time": 51.451, "Actual Rows": 2609128}], "Actual Rows": 2609128}, {"Node Type": "Hash", "Parent Relationship": "Inner", "Startup Cost": 24444.99, "Total Cost": 24444.99, "Plan Rows": 85170, "Plan Width": 4, "Actual Min Startup Time": 176.63, "Actual Max Startup Time": 399.346, "Actual Min Total Time": 176.63, "Actual Max Total Time": 399.346, "Max Hash Buckets": 32768, "Min Hash Buckets": 32768, "Max Hash Batches": 1, "Min Hash Batches": 1, "Max Original Hash Batches": 1, "Min Original Hash Batches": 1, "Max Peak Memory Usage": 182, "min Peak Memory Usage": 182, "Plans": [{"Node Type": "Streaming(type: LOCAL REDISTRIBUTE dop: 16/1)", "Parent Relationship": "Outer", "Startup Cost": 0.0, "Total Cost": 24444.99, "Plan Rows": 85170, "Plan Width": 4, "Actual Min Startup Time": 0.035, "Actual Max Startup Time": 218.603, "Actual Min Total Time": 174.868, "Actual Max Total Time": 397.632, "Plans": [{"Node Type": "Seq Scan", "Parent Relationship": "Outer", "Relation Name": "company_name", "Alias": "cn", "Startup Cost": 0.0, "Total Cost": 5903.45, "Plan Rows": 85170, "Plan Width": 4, "Actual Min Startup Time": 0.038, "Actual Max Startup Time": 0.038, "Actual Min Total Time": 94.596, "Actual Max Total Time": 94.596, "Filter": "((country_code)::text = '[us]'::text)", "Rows Removed by Filter": 150153, "Actual Rows": 84843}], "Actual Rows": 84843}], "Actual Rows": 84843}], "Actual Rows": 1153797}], "Actual Rows": 1153797}], "Actual Rows": 1153797}], "Actual Rows": 285537}], "Actual Rows": 285537}, {"Node Type": "Hash", "Parent Relationship": "Inner", "Startup Cost": 34659.52, "Total Cost": 34659.52, "Plan Rows": 901342, "Plan Width": 20, "Actual Min Startup Time": 129.879, "Actual Max Startup Time": 348.156, "Actual Min Total Time": 129.879, "Actual Max Total Time": 348.156, "Max Hash Buckets": 65536, "Min Hash Buckets": 65536, "Max Hash Batches": 1, "Min Hash Batches": 1, "Max Original Hash Batches": 1, "Min Original Hash Batches": 1, "Max Peak Memory Usage": 2981, "min Peak Memory Usage": 2981, "Plans": [{"Node Type": "Streaming(type: LOCAL REDISTRIBUTE dop: 16/16)", "Parent Relationship": "Outer", "Startup Cost": 0.0, "Total Cost": 34659.52, "Plan Rows": 901342, "Plan Width": 20, "Actual Min Startup Time": 0.048, "Actual Max Startup Time": 211.292, "Actual Min Total Time": 113.469, "Actual Max Total Time": 331.199, "Plans": [{"Node Type": "Seq Scan", "Parent Relationship": "Outer", "Relation Name": "aka_name", "Alias": "an1", "Startup Cost": 0.0, "Total Cost": 16244.28, "Plan Rows": 901342, "Plan Width": 20, "Actual Min Startup Time": 0.02, "Actual Max Startup Time": 0.037, "Actual Min Total Time": 16.899, "Actual Max Total Time": 20.777, "Actual Rows": 901342}], "Actual Rows": 901342}], "Actual Rows": 901342}], "Actual Rows": 323005}], "Actual Rows": 323005}, {"Node Type": "Hash", "Parent Relationship": "Inner", "Startup Cost": 43334.25, "Total Cost": 43334.25, "Plan Rows": 2528311, "Plan Width": 21, "Actual Min Startup Time": 361.928, "Actual Max Startup Time": 536.694, "Actual Min Total Time": 361.928, "Actual Max Total Time": 536.694, "Max Hash Buckets": 262144, "Min Hash Buckets": 262144, "Max Hash Batches": 1, "Min Hash Batches": 1, "Max Original Hash Batches": 1, "Min Original Hash Batches": 1, "Max Peak Memory Usage": 8518, "min Peak Memory Usage": 8518, "Plans": [{"Node Type": "Streaming(type: LOCAL REDISTRIBUTE dop: 16/16)", "Parent Relationship": "Outer", "Startup Cost": 0.0, "Total Cost": 43334.25, "Plan Rows": 2528311, "Plan Width": 21, "Actual Min Startup Time": 0.052, "Actual Max Startup Time": 29.929, "Actual Min Total Time": 291.244, "Actual Max Total Time": 484.112, "Plans": [{"Node Type": "Seq Scan", "Parent Relationship": "Outer", "Relation Name": "title", "Alias": "t", "Startup Cost": 0.0, "Total Cost": 18754.32, "Plan Rows": 2528311, "Plan Width": 21, "Actual Min Startup Time": 0.018, "Actual Max Startup Time": 0.034, "Actual Min Total Time": 48.948, "Actual Max Total Time": 58.428, "Actual Rows": 2528311}], "Actual Rows": 2528311}], "Actual Rows": 2528311}], "Actual Rows": 323005}], "Actual Rows": 323005}, {"Node Type": "Hash", "Parent Relationship": "Inner", "Startup Cost": 51607.87, "Total Cost": 51607.87, "Plan Rows": 4167490, "Plan Width": 4, "Actual Min Startup Time": 514.494, "Actual Max Startup Time": 693.507, "Actual Min Total Time": 514.494, "Actual Max Total Time": 693.507, "Max Hash Buckets": 262144, "Min Hash Buckets": 262144, "Max Hash Batches": 1, "Min Hash Batches": 1, "Max Original Hash Batches": 1, "Min Original Hash Batches": 1, "Max Peak Memory Usage": 9174, "min Peak Memory Usage": 9174, "Plans": [{"Node Type": "Streaming(type: LOCAL REDISTRIBUTE dop: 16/16)", "Parent Relationship": "Outer", "Startup Cost": 0.0, "Total Cost": 51607.87, "Plan Rows": 4167490, "Plan Width": 4, "Actual Min Startup Time": 0.053, "Actual Max Startup Time": 140.533, "Actual Min Total Time": 409.113, "Actual Max Total Time": 612.992, "Plans": [{"Node Type": "Seq Scan", "Parent Relationship": "Outer", "Relation Name": "name", "Alias": "n1", "Startup Cost": 0.0, "Total Cost": 20816.99, "Plan Rows": 4167490, "Plan Width": 4, "Actual Min Startup Time": 0.017, "Actual Max Startup Time": 0.034, "Actual Min Total Time": 74.859, "Actual Max Total Time": 86.06, "Actual Rows": 4167490}], "Actual Rows": 4167490}], "Actual Rows": 4167490}], "Actual Rows": 323005}], "Actual Rows": 16}], "Actual Rows": 16}], "Actual Rows": 1}, "Triggers": [], "Planner Runtime": 195.615, "Total Runtime": 1475.961, "Unique SQL Id": 2457761703}}, "(16, '69')": {"explain_plan": {"Plan": {"Node Type": "Aggregate", "Strategy": "Plain", "Startup Cost": 1403521.5, "Total Cost": 1403521.52, "Plan Rows": 1, "Plan Width": 97, "Plans": [{"Node Type": "Streaming(type: LOCAL GATHER dop: 1/16)", "Parent Relationship": "Outer", "Startup Cost": 1403521.5, "Total Cost": 1403521.52, "Plan Rows": 1, "Plan Width": 97, "Plans": [{"Node Type": "Aggregate", "Strategy": "Plain", "Parent Relationship": "Outer", "Startup Cost": 1403521.5, "Total Cost": 1403521.51, "Plan Rows": 1, "Plan Width": 97, "Plans": [{"Node Type": "Hash Join", "Parent Relationship": "Outer", "Join Type": "Inner", "Startup Cost": 1181725.83, "Total Cost": 1401736.01, "Plan Rows": 357098, "Plan Width": 33, "Inner Unique": true, "Hash Cond": "(ci.movie_id = t.id), (LLVM Optimized)", "Plans": [{"Node Type": "Streaming(type: LOCAL REDISTRIBUTE dop: 16/16)", "Parent Relationship": "Outer", "Startup Cost": 1148251.22, "Total Cost": 1367954.44, "Plan Rows": 357379, "Plan Width": 24, "Plans": [{"Node Type": "Hash Join", "Parent Relationship": "Outer", "Join Type": "Inner", "Startup Cost": 1148251.22, "Total Cost": 1351600.31, "Plan Rows": 357379, "Plan Width": 24, "Inner Unique": false, "Hash Cond": "(n1.id = an1.person_id), (LLVM Optimized)", "Plans": [{"Node Type": "Streaming(type: LOCAL REDISTRIBUTE dop: 16/16)", "Parent Relationship": "Outer", "Startup Cost": 1125291.96, "Total Cost": 1327448.82, "Plan Rows": 711018, "Plan Width": 16, "Plans": [{"Node Type": "Hash Join", "Parent Relationship": "Outer", "Join Type": "Inner", "Startup Cost": 1125291.96, "Total Cost": 1309754.73, "Plan Rows": 711018, "Plan Width": 16, "Inner Unique": true, "Hash Cond": "(ci.person_id = n1.id), (LLVM Optimized)", "Plans": [{"Node Type": "Streaming(type: LOCAL REDISTRIBUTE dop: 16/16)", "Parent Relationship": "Outer", "Startup Cost": 1076297.75, "Total Cost": 1260149.49, "Plan Rows": 711018, "Plan Width": 12, "Plans": [{"Node Type": "Hash Join", "Parent Relationship": "Outer", "Join Type": "Inner", "Startup Cost": 1076297.75, "Total Cost": 1242455.4, "Plan Rows": 711018, "Plan Width": 12, "Inner Unique": true, "Hash Cond": "(mc.company_id = cn.id), (LLVM Optimized)", "Plans": [{"Node Type": "Streaming(type: LOCAL REDISTRIBUTE dop: 16/16)", "Parent Relationship": "Outer", "Startup Cost": 1069419.83, "Total Cost": 1234794.01, "Plan Rows": 1446714, "Plan Width": 16, "Plans": [{"Node Type": "Hash Join", "Parent Relationship": "Outer", "Join Type": "Inner", "Startup Cost": 1069419.83, "Total Cost": 1214312.32, "Plan Rows": 1446714, "Plan Width": 16, "Inner Unique": false, "Hash Cond": "(mc.movie_id = ci.movie_id), (LLVM Optimized)", "Plans": [{"Node Type": "Streaming(type: LOCAL REDISTRIBUTE dop: 16/16)", "Parent Relationship": "Outer", "Startup Cost": 0.0, "Total Cost": 139099.07, "Plan Rows": 2609128, "Plan Width": 8, "Plans": [{"Node Type": "Index Scan", "Parent Relationship": "Outer", "Scan Direction": "Forward", "Index Name": "company_id_movie_companies", "Relation Name": "movie_companies", "Alias": "mc", "Startup Cost": 0.0, "Total Cost": 114212.92, "Plan Rows": 2609128, "Plan Width": 8}]}, {"Node Type": "Hash", "Parent Relationship": "Inner", "Startup Cost": 1066844.59, "Total Cost": 1066844.59, "Plan Rows": 3296318, "Plan Width": 8, "Plans": [{"Node Type": "Streaming(type: LOCAL REDISTRIBUTE dop: 16/16)", "Parent Relationship": "Outer", "Startup Cost": 15012.82, "Total Cost": 1066844.59, "Plan Rows": 3296318, "Plan Width": 8, "Plans": [{"Node Type": "Hash Join", "Parent Relationship": "Outer", "Join Type": "Inner", "Startup Cost": 15012.82, "Total Cost": 1039354.63, "Plan Rows": 3296318, "Plan Width": 8, "Inner Unique": true, "Hash Cond": "(ci.role_id = rt.id), (LLVM Optimized)", "Plans": [{"Node Type": "Index Scan", "Parent Relationship": "Outer", "Scan Direction": "Forward", "Index Name": "role_id_cast_info", "Relation Name": "cast_info", "Alias": "ci", "Startup Cost": 0.0, "Total Cost": 1016601.9, "Plan Rows": 36259494, "Plan Width": 12}, {"Node Type": "Hash", "Parent Relationship": "Inner", "Startup Cost": 15012.81, "Total Cost": 15012.81, "Plan Rows": 16, "Plan Width": 4, "Plans": [{"Node Type": "Streaming(type: BROADCAST dop: 16/1)", "Parent Relationship": "Outer", "Startup Cost": 0.0, "Total Cost": 15012.81, "Plan Rows": 16, "Plan Width": 4, "Plans": [{"Node Type": "Index Scan", "Parent Relationship": "Outer", "Scan Direction": "Forward", "Index Name": "role_type_pkey", "Relation Name": "role_type", "Alias": "rt", "Startup Cost": 0.0, "Total Cost": 12.46, "Plan Rows": 1, "Plan Width": 4, "Filter": "((role)::text = 'costume designer'::text)"}]}]}]}]}]}]}]}, {"Node Type": "Hash", "Parent Relationship": "Inner", "Startup Cost": 27245.51, "Total Cost": 27245.51, "Plan Rows": 85170, "Plan Width": 4, "Plans": [{"Node Type": "Streaming(type: LOCAL REDISTRIBUTE dop: 16/1)", "Parent Relationship": "Outer", "Startup Cost": 2800.52, "Total Cost": 27245.51, "Plan Rows": 85170, "Plan Width": 4, "Plans": [{"Node Type": "Bitmap Heap Scan", "Parent Relationship": "Outer", "Relation Name": "company_name", "Alias": "cn", "Startup Cost": 2800.52, "Total Cost": 8703.97, "Plan Rows": 85170, "Plan Width": 4, "Filter": "((country_code)::text = '[us]'::text)", "Plans": [{"Node Type": "Bitmap Index Scan", "Parent Relationship": "Outer", "Index Name": "company_name_pkey", "Startup Cost": 0.0, "Total Cost": 2779.23, "Plan Rows": 234996, "Plan Width": 0}]}]}]}]}]}, {"Node Type": "Hash", "Parent Relationship": "Inner", "Startup Cost": 182953.41, "Total Cost": 182953.41, "Plan Rows": 4167490, "Plan Width": 4, "Plans": [{"Node Type": "Streaming(type: LOCAL REDISTRIBUTE dop: 16/16)", "Parent Relationship": "Outer", "Startup Cost": 0.0, "Total Cost": 182953.41, "Plan Rows": 4167490, "Plan Width": 4, "Plans": [{"Node Type": "Index Scan", "Parent Relationship": "Outer", "Scan Direction": "Forward", "Index Name": "name_pkey", "Relation Name": "name", "Alias": "n1", "Startup Cost": 0.0, "Total Cost": 152162.53, "Plan Rows": 4167490, "Plan Width": 4}]}]}]}]}, {"Node Type": "Hash", "Parent Relationship": "Inner", "Startup Cost": 89020.35, "Total Cost": 89020.35, "Plan Rows": 901342, "Plan Width": 20, "Plans": [{"Node Type": "Streaming(type: LOCAL REDISTRIBUTE dop: 16/1)", "Parent Relationship": "Outer", "Startup Cost": 16632.3, "Total Cost": 89020.35, "Plan Rows": 901342, "Plan Width": 20, "Plans": [{"Node Type": "Bitmap Heap Scan", "Parent Relationship": "Outer", "Relation Name": "aka_name", "Alias": "an1", "Startup Cost": 16632.3, "Total Cost": 36540.72, "Plan Rows": 901342, "Plan Width": 20, "Plans": [{"Node Type": "Bitmap Index Scan", "Parent Relationship": "Outer", "Index Name": "person_id_aka_name", "Startup Cost": 0.0, "Total Cost": 16406.96, "Plan Rows": 901342, "Plan Width": 0}]}]}]}]}]}, {"Node Type": "Hash", "Parent Relationship": "Inner", "Startup Cost": 125997.5, "Total Cost": 125997.5, "Plan Rows": 2528311, "Plan Width": 21, "Plans": [{"Node Type": "Streaming(type: LOCAL REDISTRIBUTE dop: 16/16)", "Parent Relationship": "Outer", "Startup Cost": 0.0, "Total Cost": 125997.5, "Plan Rows": 2528311, "Plan Width": 21, "Plans": [{"Node Type": "Index Scan", "Parent Relationship": "Outer", "Scan Direction": "Forward", "Index Name": "title_pkey", "Relation Name": "title", "Alias": "t", "Startup Cost": 0.0, "Total Cost": 101417.57, "Plan Rows": 2528311, "Plan Width": 21}]}]}]}]}]}]}, "Unique SQL Id": 2457761703, "Planner Runtime": 178}, "explain_analyze_plan": {"Plan": {"Node Type": "Aggregate", "Strategy": "Plain", "Startup Cost": 1403521.5, "Total Cost": 1403521.52, "Plan Rows": 1, "Plan Width": 97, "Actual Min Startup Time": 3381.189, "Actual Max Startup Time": 3381.189, "Actual Min Total Time": 3381.189, "Actual Max Total Time": 3381.189, "Plans": [{"Node Type": "Streaming(type: LOCAL GATHER dop: 1/16)", "Parent Relationship": "Outer", "Startup Cost": 1403521.5, "Total Cost": 1403521.52, "Plan Rows": 1, "Plan Width": 97, "Actual Min Startup Time": 3379.633, "Actual Max Startup Time": 3379.633, "Actual Min Total Time": 3381.142, "Actual Max Total Time": 3381.142, "Plans": [{"Node Type": "Aggregate", "Strategy": "Plain", "Parent Relationship": "Outer", "Startup Cost": 1403521.5, "Total Cost": 1403521.51, "Plan Rows": 1, "Plan Width": 97, "Actual Min Startup Time": 2775.576, "Actual Max Startup Time": 3095.11, "Actual Min Total Time": 2775.576, "Actual Max Total Time": 3095.11, "Plans": [{"Node Type": "Hash Join", "Parent Relationship": "Outer", "Join Type": "Inner", "Startup Cost": 1181725.83, "Total Cost": 1401736.01, "Plan Rows": 357098, "Plan Width": 33, "Actual Min Startup Time": 2254.858, "Actual Max Startup Time": 2576.013, "Actual Min Total Time": 2766.221, "Actual Max Total Time": 3085.463, "Inner Unique": true, "Hash Cond": "(ci.movie_id = t.id), (LLVM Optimized, Jit Execute)", "Plans": [{"Node Type": "Streaming(type: LOCAL REDISTRIBUTE dop: 16/16)", "Parent Relationship": "Outer", "Startup Cost": 1148251.22, "Total Cost": 1367954.44, "Plan Rows": 357379, "Plan Width": 24, "Actual Min Startup Time": 1637.895, "Actual Max Startup Time": 1649.412, "Actual Min Total Time": 2141.932, "Actual Max Total Time": 2146.067, "Plans": [{"Node Type": "Hash Join", "Parent Relationship": "Outer", "Join Type": "Inner", "Startup Cost": 1148251.22, "Total Cost": 1351600.31, "Plan Rows": 357379, "Plan Width": 24, "Actual Min Startup Time": 2233.387, "Actual Max Startup Time": 2447.268, "Actual Min Total Time": 2745.181, "Actual Max Total Time": 2960.962, "Inner Unique": false, "Hash Cond": "(n1.id = an1.person_id), (LLVM Optimized, Jit Execute)", "Plans": [{"Node Type": "Streaming(type: LOCAL REDISTRIBUTE dop: 16/16)", "Parent Relationship": "Outer", "Startup Cost": 1125291.96, "Total Cost": 1327448.82, "Plan Rows": 711018, "Plan Width": 16, "Actual Min Startup Time": 1203.993, "Actual Max Startup Time": 1222.356, "Actual Min Total Time": 1688.34, "Actual Max Total Time": 1726.22, "Plans": [{"Node Type": "Hash Join", "Parent Relationship": "Outer", "Join Type": "Inner", "Startup Cost": 1125291.96, "Total Cost": 1309754.73, "Plan Rows": 711018, "Plan Width": 16, "Actual Min Startup Time": 2232.236, "Actual Max Startup Time": 2443.443, "Actual Min Total Time": 2760.092, "Actual Max Total Time": 2964.165, "Inner Unique": true, "Hash Cond": "(ci.person_id = n1.id), (LLVM Optimized, Jit Execute)", "Plans": [{"Node Type": "Streaming(type: LOCAL REDISTRIBUTE dop: 16/16)", "Parent Relationship": "Outer", "Startup Cost": 1076297.75, "Total Cost": 1260149.49, "Plan Rows": 711018, "Plan Width": 12, "Actual Min Startup Time": 1573.463, "Actual Max Startup Time": 1591.83, "Actual Min Total Time": 2080.989, "Actual Max Total Time": 2099.345, "Plans": [{"Node Type": "Hash Join", "Parent Relationship": "Outer", "Join Type": "Inner", "Startup Cost": 1076297.75, "Total Cost": 1242455.4, "Plan Rows": 711018, "Plan Width": 12, "Actual Min Startup Time": 2226.327, "Actual Max Startup Time": 2633.229, "Actual Min Total Time": 2746.364, "Actual Max Total Time": 3154.215, "Inner Unique": true, "Hash Cond": "(mc.company_id = cn.id), (LLVM Optimized, Jit Execute)", "Plans": [{"Node Type": "Streaming(type: LOCAL REDISTRIBUTE dop: 16/16)", "Parent Relationship": "Outer", "Startup Cost": 1069419.83, "Total Cost": 1234794.01, "Plan Rows": 1446714, "Plan Width": 16, "Actual Min Startup Time": 2041.14, "Actual Max Startup Time": 2066.752, "Actual Min Total Time": 2538.616, "Actual Max Total Time": 2560.451, "Plans": [{"Node Type": "Hash Join", "Parent Relationship": "Outer", "Join Type": "Inner", "Startup Cost": 1069419.83, "Total Cost": 1214312.32, "Plan Rows": 1446714, "Plan Width": 16, "Actual Min Startup Time": 2224.002, "Actual Max Startup Time": 2604.425, "Actual Min Total Time": 2709.247, "Actual Max Total Time": 3082.901, "Inner Unique": false, "Hash Cond": "(mc.movie_id = ci.movie_id), (LLVM Optimized, Jit Execute)", "Plans": [{"Node Type": "Streaming(type: LOCAL REDISTRIBUTE dop: 16/16)", "Parent Relationship": "Outer", "Startup Cost": 0.0, "Total Cost": 139099.07, "Plan Rows": 2609128, "Plan Width": 8, "Actual Min Startup Time": 0.068, "Actual Max Startup Time": 0.369, "Actual Min Total Time": 416.435, "Actual Max Total Time": 440.57, "Plans": [{"Node Type": "Index Scan", "Parent Relationship": "Outer", "Scan Direction": "Forward", "Index Name": "company_id_movie_companies", "Relation Name": "movie_companies", "Alias": "mc", "Startup Cost": 0.0, "Total Cost": 114212.92, "Plan Rows": 2609128, "Plan Width": 8, "Actual Min Startup Time": 0.052, "Actual Max Startup Time": 31.391, "Actual Min Total Time": 169.24, "Actual Max Total Time": 356.507, "Actual Rows": 2609128}], "Actual Rows": 2609128}, {"Node Type": "Hash", "Parent Relationship": "Inner", "Startup Cost": 1066844.59, "Total Cost": 1066844.59, "Plan Rows": 3296318, "Plan Width": 8, "Actual Min Startup Time": 2223.69, "Actual Max Startup Time": 2604.099, "Actual Min Total Time": 2223.69, "Actual Max Total Time": 2604.099, "Max Hash Buckets": 262144, "Min Hash Buckets": 262144, "Max Hash Batches": 1, "Min Hash Batches": 1, "Max Original Hash Batches": 1, "Min Original Hash Batches": 1, "Max Peak Memory Usage": 677, "min Peak Memory Usage": 677, "Plans": [{"Node Type": "Streaming(type: LOCAL REDISTRIBUTE dop: 16/16)", "Parent Relationship": "Outer", "Startup Cost": 15012.82, "Total Cost": 1066844.59, "Plan Rows": 3296318, "Plan Width": 8, "Actual Min Startup Time": 1298.314, "Actual Max Startup Time": 1678.876, "Actual Min Total Time": 2218.732, "Actual Max Total Time": 2599.079, "Plans": [{"Node Type": "Hash Join", "Parent Relationship": "Outer", "Join Type": "Inner", "Startup Cost": 15012.82, "Total Cost": 1039354.63, "Plan Rows": 3296318, "Plan Width": 8, "Actual Min Startup Time": 1292.632, "Actual Max Startup Time": 2214.072, "Actual Min Total Time": 1903.719, "Actual Max Total Time": 2214.072, "Inner Unique": true, "Hash Cond": "(ci.role_id = rt.id), (LLVM Optimized, Jit Execute)", "Plans": [{"Node Type": "Index Scan", "Parent Relationship": "Outer", "Scan Direction": "Forward", "Index Name": "role_id_cast_info", "Relation Name": "cast_info", "Alias": "ci", "Startup Cost": 0.0, "Total Cost": 1016601.9, "Plan Rows": 36259494, "Plan Width": 12, "Actual Min Startup Time": 376.541, "Actual Max Startup Time": 600.419, "Actual Min Total Time": 1486.492, "Actual Max Total Time": 1797.301, "Actual Rows": 36244343}, {"Node Type": "Hash", "Parent Relationship": "Inner", "Startup Cost": 15012.81, "Total Cost": 15012.81, "Plan Rows": 16, "Plan Width": 4, "Actual Min Startup Time": 0.01, "Actual Max Startup Time": 120.88, "Actual Min Total Time": 0.01, "Actual Max Total Time": 120.88, "Max Hash Buckets": 32768, "Min Hash Buckets": 32768, "Max Hash Batches": 1, "Min Hash Batches": 1, "Max Original Hash Batches": 1, "Min Original Hash Batches": 1, "Max Peak Memory Usage": 1, "min Peak Memory Usage": 1, "Plans": [{"Node Type": "Streaming(type: BROADCAST dop: 16/1)", "Parent Relationship": "Outer", "Startup Cost": 0.0, "Total Cost": 15012.81, "Plan Rows": 16, "Plan Width": 4, "Actual Min Startup Time": 0.005, "Actual Max Startup Time": 120.864, "Actual Min Total Time": 0.005, "Actual Max Total Time": 120.866, "Plans": [{"Node Type": "Index Scan", "Parent Relationship": "Outer", "Scan Direction": "Forward", "Index Name": "role_type_pkey", "Relation Name": "role_type", "Alias": "rt", "Startup Cost": 0.0, "Total Cost": 12.46, "Plan Rows": 1, "Plan Width": 4, "Actual Min Startup Time": 0.032, "Actual Max Startup Time": 0.032, "Actual Min Total Time": 0.035, "Actual Max Total Time": 0.035, "Filter": "((role)::text = 'costume designer'::text)", "Rows Removed by Filter": 11, "Actual Rows": 1}], "Actual Rows": 16}], "Actual Rows": 16}], "Actual Rows": 276403}], "Actual Rows": 276403}], "Actual Rows": 276403}], "Actual Rows": 794590}], "Actual Rows": 794590}, {"Node Type": "Hash", "Parent Relationship": "Inner", "Startup Cost": 27245.51, "Total Cost": 27245.51, "Plan Rows": 85170, "Plan Width": 4, "Actual Min Startup Time": 181.622, "Actual Max Startup Time": 583.494, "Actual Min Total Time": 181.622, "Actual Max Total Time": 583.494, "Max Hash Buckets": 32768, "Min Hash Buckets": 32768, "Max Hash Batches": 1, "Min Hash Batches": 1, "Max Original Hash Batches": 1, "Min Original Hash Batches": 1, "Max Peak Memory Usage": 182, "min Peak Memory Usage": 182, "Plans": [{"Node Type": "Streaming(type: LOCAL REDISTRIBUTE dop: 16/1)", "Parent Relationship": "Outer", "Startup Cost": 2800.52, "Total Cost": 27245.51, "Plan Rows": 85170, "Plan Width": 4, "Actual Min Startup Time": 0.036, "Actual Max Startup Time": 398.477, "Actual Min Total Time": 179.866, "Actual Max Total Time": 582.044, "Plans": [{"Node Type": "Bitmap Heap Scan", "Parent Relationship": "Outer", "Relation Name": "company_name", "Alias": "cn", "Startup Cost": 2800.52, "Total Cost": 8703.97, "Plan Rows": 85170, "Plan Width": 4, "Actual Min Startup Time": 22.961, "Actual Max Startup Time": 22.961, "Actual Min Total Time": 141.871, "Actual Max Total Time": 141.871, "Filter": "((country_code)::text = '[us]'::text)", "Rows Removed by Filter": 150153, "Exact Heap Blocks": 0, "Lossy Heap Blocks": 0, "Plans": [{"Node Type": "Bitmap Index Scan", "Parent Relationship": "Outer", "Index Name": "company_name_pkey", "Startup Cost": 0.0, "Total Cost": 2779.23, "Plan Rows": 234996, "Plan Width": 0, "Actual Min Startup Time": 22.491, "Actual Max Startup Time": 22.491, "Actual Min Total Time": 22.491, "Actual Max Total Time": 22.491, "Actual Rows": 234996}], "Actual Rows": 84843}], "Actual Rows": 84843}], "Actual Rows": 84843}], "Actual Rows": 285537}], "Actual Rows": 285537}, {"Node Type": "Hash", "Parent Relationship": "Inner", "Startup Cost": 182953.41, "Total Cost": 182953.41, "Plan Rows": 4167490, "Plan Width": 4, "Actual Min Startup Time": 656.912, "Actual Max Startup Time": 859.204, "Actual Min Total Time": 656.912, "Actual Max Total Time": 859.204, "Max Hash Buckets": 262144, "Min Hash Buckets": 262144, "Max Hash Batches": 1, "Min Hash Batches": 1, "Max Original Hash Batches": 1, "Min Original Hash Batches": 1, "Max Peak Memory Usage": 9174, "min Peak Memory Usage": 9174, "Plans": [{"Node Type": "Streaming(type: LOCAL REDISTRIBUTE dop: 16/16)", "Parent Relationship": "Outer", "Startup Cost": 0.0, "Total Cost": 182953.41, "Plan Rows": 4167490, "Plan Width": 4, "Actual Min Startup Time": 0.054, "Actual Max Startup Time": 116.897, "Actual Min Total Time": 565.208, "Actual Max Total Time": 792.454, "Plans": [{"Node Type": "Index Scan", "Parent Relationship": "Outer", "Scan Direction": "Forward", "Index Name": "name_pkey", "Relation Name": "name", "Alias": "n1", "Startup Cost": 0.0, "Total Cost": 152162.53, "Plan Rows": 4167490, "Plan Width": 4, "Actual Min Startup Time": 80.273, "Actual Max Startup Time": 358.823, "Actual Min Total Time": 321.74, "Actual Max Total Time": 646.382, "Actual Rows": 4167490}], "Actual Rows": 4167490}], "Actual Rows": 4167490}], "Actual Rows": 285537}], "Actual Rows": 285537}, {"Node Type": "Hash", "Parent Relationship": "Inner", "Startup Cost": 89020.35, "Total Cost": 89020.35, "Plan Rows": 901342, "Plan Width": 20, "Actual Min Startup Time": 1026.713, "Actual Max Startup Time": 1238.853, "Actual Min Total Time": 1026.713, "Actual Max Total Time": 1238.853, "Max Hash Buckets": 65536, "Min Hash Buckets": 65536, "Max Hash Batches": 1, "Min Hash Batches": 1, "Max Original Hash Batches": 1, "Min Original Hash Batches": 1, "Max Peak Memory Usage": 2981, "min Peak Memory Usage": 2981, "Plans": [{"Node Type": "Streaming(type: LOCAL REDISTRIBUTE dop: 16/1)", "Parent Relationship": "Outer", "Startup Cost": 16632.3, "Total Cost": 89020.35, "Plan Rows": 901342, "Plan Width": 20, "Actual Min Startup Time": 0.031, "Actual Max Startup Time": 212.647, "Actual Min Total Time": 1009.723, "Actual Max Total Time": 1221.782, "Plans": [{"Node Type": "Bitmap Heap Scan", "Parent Relationship": "Outer", "Relation Name": "aka_name", "Alias": "an1", "Startup Cost": 16632.3, "Total Cost": 36540.72, "Plan Rows": 901342, "Plan Width": 20, "Actual Min Startup Time": 84.336, "Actual Max Startup Time": 84.336, "Actual Min Total Time": 468.863, "Actual Max Total Time": 468.863, "Exact Heap Blocks": 0, "Lossy Heap Blocks": 0, "Plans": [{"Node Type": "Bitmap Index Scan", "Parent Relationship": "Outer", "Index Name": "person_id_aka_name", "Startup Cost": 0.0, "Total Cost": 16406.96, "Plan Rows": 901342, "Plan Width": 0, "Actual Min Startup Time": 82.347, "Actual Max Startup Time": 82.347, "Actual Min Total Time": 82.347, "Actual Max Total Time": 82.347, "Actual Rows": 901342}], "Actual Rows": 901342}], "Actual Rows": 901342}], "Actual Rows": 901342}], "Actual Rows": 323005}], "Actual Rows": 323005}, {"Node Type": "Hash", "Parent Relationship": "Inner", "Startup Cost": 125997.5, "Total Cost": 125997.5, "Plan Rows": 2528311, "Plan Width": 21, "Actual Min Startup Time": 610.798, "Actual Max Startup Time": 930.285, "Actual Min Total Time": 610.798, "Actual Max Total Time": 930.285, "Max Hash Buckets": 262144, "Min Hash Buckets": 262144, "Max Hash Batches": 1, "Min Hash Batches": 1, "Max Original Hash Batches": 1, "Min Original Hash Batches": 1, "Max Peak Memory Usage": 8518, "min Peak Memory Usage": 8518, "Plans": [{"Node Type": "Streaming(type: LOCAL REDISTRIBUTE dop: 16/16)", "Parent Relationship": "Outer", "Startup Cost": 0.0, "Total Cost": 125997.5, "Plan Rows": 2528311, "Plan Width": 21, "Actual Min Startup Time": 0.055, "Actual Max Startup Time": 168.413, "Actual Min Total Time": 559.848, "Actual Max Total Time": 881.46, "Plans": [{"Node Type": "Index Scan", "Parent Relationship": "Outer", "Scan Direction": "Forward", "Index Name": "title_pkey", "Relation Name": "title", "Alias": "t", "Startup Cost": 0.0, "Total Cost": 101417.57, "Plan Rows": 2528311, "Plan Width": 21, "Actual Min Startup Time": 0.065, "Actual Max Startup Time": 33.221, "Actual Min Total Time": 258.724, "Actual Max Total Time": 470.218, "Actual Rows": 2528311}], "Actual Rows": 2528311}], "Actual Rows": 2528311}], "Actual Rows": 323005}], "Actual Rows": 16}], "Actual Rows": 16}], "Actual Rows": 1}, "Triggers": [], "Planner Runtime": 184.51, "Total Runtime": 3427.873, "Unique SQL Id": 2457761703}}, "(16, '70')": {"explain_plan": {"Plan": {"Node Type": "Aggregate", "Strategy": "Plain", "Startup Cost": 287566.27, "Total Cost": 287566.3, "Plan Rows": 1, "Plan Width": 97, "Plans": [{"Node Type": "Streaming(type: LOCAL GATHER dop: 1/16)", "Parent Relationship": "Outer", "Startup Cost": 287566.27, "Total Cost": 287566.3, "Plan Rows": 1, "Plan Width": 97, "Plans": [{"Node Type": "Aggregate", "Strategy": "Plain", "Parent Relationship": "Outer", "Startup Cost": 287566.27, "Total Cost": 287566.28, "Plan Rows": 1, "Plan Width": 97, "Plans": [{"Node Type": "Hash Join", "Parent Relationship": "Outer", "Join Type": "Inner", "Startup Cost": 142621.96, "Total Cost": 285780.78, "Plan Rows": 357098, "Plan Width": 33, "Inner Unique": true, "Hash Cond": "(an1.person_id = n1.id), (LLVM Optimized)", "Plans": [{"Node Type": "Streaming(type: LOCAL REDISTRIBUTE dop: 16/16)", "Parent Relationship": "Outer", "Startup Cost": 126464.14, "Total Cost": 269316.07, "Plan Rows": 357098, "Plan Width": 41, "Plans": [{"Node Type": "Hash Join", "Parent Relationship": "Outer", "Join Type": "Inner", "Startup Cost": 126464.14, "Total Cost": 252963.01, "Plan Rows": 357098, "Plan Width": 41, "Inner Unique": true, "Hash Cond": "(ci.movie_id = t.id), (LLVM Optimized)", "Plans": [{"Node Type": "Streaming(type: LOCAL REDISTRIBUTE dop: 16/16)", "Parent Relationship": "Outer", "Startup Cost": 113655.34, "Total Cost": 239847.25, "Plan Rows": 357379, "Plan Width": 32, "Plans": [{"Node Type": "Hash Join", "Parent Relationship": "Outer", "Join Type": "Inner", "Startup Cost": 113655.34, "Total Cost": 223493.12, "Plan Rows": 357379, "Plan Width": 32, "Inner Unique": false, "Hash Cond": "(ci.person_id = an1.person_id), (LLVM Optimized)", "Plans": [{"Node Type": "Streaming(type: LOCAL REDISTRIBUTE dop: 16/16)", "Parent Relationship": "Outer", "Startup Cost": 104286.28, "Total Cost": 212931.86, "Plan Rows": 711018, "Plan Width": 12, "Plans": [{"Node Type": "Hash Join", "Parent Relationship": "Outer", "Join Type": "Inner", "Startup Cost": 104286.28, "Total Cost": 195237.77, "Plan Rows": 711018, "Plan Width": 12, "Inner Unique": false, "Hash Cond": "(ci.movie_id = mc.movie_id), (LLVM Optimized)", "Plans": [{"Node Type": "Streaming(type: LOCAL REDISTRIBUTE dop: 16/16)", "Parent Relationship": "Outer", "Startup Cost": 15001.51, "Total Cost": 102848.74, "Plan Rows": 3296318, "Plan Width": 8, "Plans": [{"Node Type": "Hash Join", "Parent Relationship": "Outer", "Join Type": "Inner", "Startup Cost": 15001.51, "Total Cost": 75358.79, "Plan Rows": 3296318, "Plan Width": 8, "Inner Unique": true, "Hash Cond": "(ci.role_id = rt.id), (LLVM Optimized)", "Plans": [{"Node Type": "Seq Scan", "Parent Relationship": "Outer", "Relation Name": "cast_info", "Alias": "ci", "Startup Cost": 0.0, "Total Cost": 52617.37, "Plan Rows": 36259494, "Plan Width": 12}, {"Node Type": "Hash", "Parent Relationship": "Inner", "Startup Cost": 15001.5, "Total Cost": 15001.5, "Plan Rows": 16, "Plan Width": 4, "Plans": [{"Node Type": "Streaming(type: BROADCAST dop: 16/1)", "Parent Relationship": "Outer", "Startup Cost": 0.0, "Total Cost": 15001.5, "Plan Rows": 16, "Plan Width": 4, "Plans": [{"Node Type": "Seq Scan", "Parent Relationship": "Outer", "Relation Name": "role_type", "Alias": "rt", "Startup Cost": 0.0, "Total Cost": 1.15, "Plan Rows": 1, "Plan Width": 4, "Filter": "((role)::text = 'costume designer'::text)"}]}]}]}]}, {"Node Type": "Hash", "Parent Relationship": "Inner", "Startup Cost": 88282.97, "Total Cost": 88282.97, "Plan Rows": 1282311, "Plan Width": 4, "Plans": [{"Node Type": "Streaming(type: LOCAL REDISTRIBUTE dop: 16/16)", "Parent Relationship": "Outer", "Startup Cost": 24511.53, "Total Cost": 88282.97, "Plan Rows": 1282311, "Plan Width": 4, "Plans": [{"Node Type": "Hash Join", "Parent Relationship": "Outer", "Join Type": "Inner", "Startup Cost": 24511.53, "Total Cost": 68424.21, "Plan Rows": 1282311, "Plan Width": 4, "Inner Unique": true, "Hash Cond": "(mc.company_id = cn.id), (LLVM Optimized)", "Plans": [{"Node Type": "Streaming(type: LOCAL REDISTRIBUTE dop: 16/16)", "Parent Relationship": "Outer", "Startup Cost": 0.0, "Total Cost": 42499.73, "Plan Rows": 2609128, "Plan Width": 8, "Plans": [{"Node Type": "Seq Scan", "Parent Relationship": "Outer", "Relation Name": "movie_companies", "Alias": "mc", "Startup Cost": 0.0, "Total Cost": 17613.58, "Plan Rows": 2609128, "Plan Width": 8}]}, {"Node Type": "Hash", "Parent Relationship": "Inner", "Startup Cost": 24444.99, "Total Cost": 24444.99, "Plan Rows": 85170, "Plan Width": 4, "Plans": [{"Node Type": "Streaming(type: LOCAL REDISTRIBUTE dop: 16/1)", "Parent Relationship": "Outer", "Startup Cost": 0.0, "Total Cost": 24444.99, "Plan Rows": 85170, "Plan Width": 4, "Plans": [{"Node Type": "Seq Scan", "Parent Relationship": "Outer", "Relation Name": "company_name", "Alias": "cn", "Startup Cost": 0.0, "Total Cost": 5903.45, "Plan Rows": 85170, "Plan Width": 4, "Filter": "((country_code)::text = '[us]'::text)"}]}]}]}]}]}]}]}, {"Node Type": "Hash", "Parent Relationship": "Inner", "Startup Cost": 34659.52, "Total Cost": 34659.52, "Plan Rows": 901342, "Plan Width": 20, "Plans": [{"Node Type": "Streaming(type: LOCAL REDISTRIBUTE dop: 16/16)", "Parent Relationship": "Outer", "Startup Cost": 0.0, "Total Cost": 34659.52, "Plan Rows": 901342, "Plan Width": 20, "Plans": [{"Node Type": "Seq Scan", "Parent Relationship": "Outer", "Relation Name": "aka_name", "Alias": "an1", "Startup Cost": 0.0, "Total Cost": 16244.28, "Plan Rows": 901342, "Plan Width": 20}]}]}]}]}, {"Node Type": "Hash", "Parent Relationship": "Inner", "Startup Cost": 43334.25, "Total Cost": 43334.25, "Plan Rows": 2528311, "Plan Width": 21, "Plans": [{"Node Type": "Streaming(type: LOCAL REDISTRIBUTE dop: 16/16)", "Parent Relationship": "Outer", "Startup Cost": 0.0, "Total Cost": 43334.25, "Plan Rows": 2528311, "Plan Width": 21, "Plans": [{"Node Type": "Seq Scan", "Parent Relationship": "Outer", "Relation Name": "title", "Alias": "t", "Startup Cost": 0.0, "Total Cost": 18754.32, "Plan Rows": 2528311, "Plan Width": 21}]}]}]}]}, {"Node Type": "Hash", "Parent Relationship": "Inner", "Startup Cost": 51607.87, "Total Cost": 51607.87, "Plan Rows": 4167490, "Plan Width": 4, "Plans": [{"Node Type": "Streaming(type: LOCAL REDISTRIBUTE dop: 16/16)", "Parent Relationship": "Outer", "Startup Cost": 0.0, "Total Cost": 51607.87, "Plan Rows": 4167490, "Plan Width": 4, "Plans": [{"Node Type": "Seq Scan", "Parent Relationship": "Outer", "Relation Name": "name", "Alias": "n1", "Startup Cost": 0.0, "Total Cost": 20816.99, "Plan Rows": 4167490, "Plan Width": 4}]}]}]}]}]}]}, "Unique SQL Id": 2457761703, "Planner Runtime": 181}, "explain_analyze_plan": {"Plan": {"Node Type": "Aggregate", "Strategy": "Plain", "Startup Cost": 287566.27, "Total Cost": 287566.3, "Plan Rows": 1, "Plan Width": 97, "Actual Min Startup Time": 1429.474, "Actual Max Startup Time": 1429.474, "Actual Min Total Time": 1429.474, "Actual Max Total Time": 1429.474, "Plans": [{"Node Type": "Streaming(type: LOCAL GATHER dop: 1/16)", "Parent Relationship": "Outer", "Startup Cost": 287566.27, "Total Cost": 287566.3, "Plan Rows": 1, "Plan Width": 97, "Actual Min Startup Time": 1428.475, "Actual Max Startup Time": 1428.475, "Actual Min Total Time": 1429.447, "Actual Max Total Time": 1429.447, "Plans": [{"Node Type": "Aggregate", "Strategy": "Plain", "Parent Relationship": "Outer", "Startup Cost": 287566.27, "Total Cost": 287566.28, "Plan Rows": 1, "Plan Width": 97, "Actual Min Startup Time": 1046.427, "Actual Max Startup Time": 1225.524, "Actual Min Total Time": 1046.427, "Actual Max Total Time": 1225.525, "Plans": [{"Node Type": "Hash Join", "Parent Relationship": "Outer", "Join Type": "Inner", "Startup Cost": 142621.96, "Total Cost": 285780.78, "Plan Rows": 357098, "Plan Width": 33, "Actual Min Startup Time": 657.95, "Actual Max Startup Time": 846.411, "Actual Min Total Time": 1031.721, "Actual Max Total Time": 1217.172, "Inner Unique": true, "Hash Cond": "(an1.person_id = n1.id), (LLVM Optimized, Jit Execute)", "Plans": [{"Node Type": "Streaming(type: LOCAL REDISTRIBUTE dop: 16/16)", "Parent Relationship": "Outer", "Startup Cost": 126464.14, "Total Cost": 269316.07, "Plan Rows": 357098, "Plan Width": 41, "Actual Min Startup Time": 138.252, "Actual Max Startup Time": 161.278, "Actual Min Total Time": 500.465, "Actual Max Total Time": 521.157, "Plans": [{"Node Type": "Hash Join", "Parent Relationship": "Outer", "Join Type": "Inner", "Startup Cost": 126464.14, "Total Cost": 252963.01, "Plan Rows": 357098, "Plan Width": 41, "Actual Min Startup Time": 650.282, "Actual Max Startup Time": 827.406, "Actual Min Total Time": 1018.2, "Actual Max Total Time": 1197.69, "Inner Unique": true, "Hash Cond": "(ci.movie_id = t.id), (LLVM Optimized, Jit Execute)", "Plans": [{"Node Type": "Streaming(type: LOCAL REDISTRIBUTE dop: 16/16)", "Parent Relationship": "Outer", "Startup Cost": 113655.34, "Total Cost": 239847.25, "Plan Rows": 357379, "Plan Width": 32, "Actual Min Startup Time": 284.581, "Actual Max Startup Time": 292.563, "Actual Min Total Time": 643.034, "Actual Max Total Time": 653.83, "Plans": [{"Node Type": "Hash Join", "Parent Relationship": "Outer", "Join Type": "Inner", "Startup Cost": 113655.34, "Total Cost": 223493.12, "Plan Rows": 357379, "Plan Width": 32, "Actual Min Startup Time": 656.508, "Actual Max Startup Time": 864.813, "Actual Min Total Time": 976.219, "Actual Max Total Time": 1211.51, "Inner Unique": false, "Hash Cond": "(ci.person_id = an1.person_id), (LLVM Optimized, Jit Execute)", "Plans": [{"Node Type": "Streaming(type: LOCAL REDISTRIBUTE dop: 16/16)", "Parent Relationship": "Outer", "Startup Cost": 104286.28, "Total Cost": 212931.86, "Plan Rows": 711018, "Plan Width": 12, "Actual Min Startup Time": 516.593, "Actual Max Startup Time": 530.476, "Actual Min Total Time": 825.032, "Actual Max Total Time": 876.688, "Plans": [{"Node Type": "Hash Join", "Parent Relationship": "Outer", "Join Type": "Inner", "Startup Cost": 104286.28, "Total Cost": 195237.77, "Plan Rows": 711018, "Plan Width": 12, "Actual Min Startup Time": 655.48, "Actual Max Startup Time": 884.626, "Actual Min Total Time": 967.321, "Actual Max Total Time": 1196.253, "Inner Unique": false, "Hash Cond": "(ci.movie_id = mc.movie_id), (LLVM Optimized, Jit Execute)", "Plans": [{"Node Type": "Streaming(type: LOCAL REDISTRIBUTE dop: 16/16)", "Parent Relationship": "Outer", "Startup Cost": 15001.51, "Total Cost": 102848.74, "Plan Rows": 3296318, "Plan Width": 8, "Actual Min Startup Time": 0.062, "Actual Max Startup Time": 0.846, "Actual Min Total Time": 293.775, "Actual Max Total Time": 312.773, "Plans": [{"Node Type": "Hash Join", "Parent Relationship": "Outer", "Join Type": "Inner", "Startup Cost": 15001.51, "Total Cost": 75358.79, "Plan Rows": 3296318, "Plan Width": 8, "Actual Min Startup Time": 729.862, "Actual Max Startup Time": 782.989, "Actual Min Total Time": 934.617, "Actual Max Total Time": 992.529, "Inner Unique": true, "Hash Cond": "(ci.role_id = rt.id), (LLVM Optimized, Jit Execute)", "Plans": [{"Node Type": "Seq Scan", "Parent Relationship": "Outer", "Relation Name": "cast_info", "Alias": "ci", "Startup Cost": 0.0, "Total Cost": 52617.37, "Plan Rows": 36259494, "Plan Width": 12, "Actual Min Startup Time": 0.029, "Actual Max Startup Time": 0.042, "Actual Min Total Time": 515.441, "Actual Max Total Time": 569.135, "Actual Rows": 36244343}, {"Node Type": "Hash", "Parent Relationship": "Inner", "Startup Cost": 15001.5, "Total Cost": 15001.5, "Plan Rows": 16, "Plan Width": 4, "Actual Min Startup Time": 0.012, "Actual Max Startup Time": 11.903, "Actual Min Total Time": 0.012, "Actual Max Total Time": 11.903, "Max Hash Buckets": 32768, "Min Hash Buckets": 32768, "Max Hash Batches": 1, "Min Hash Batches": 1, "Max Original Hash Batches": 1, "Min Original Hash Batches": 1, "Max Peak Memory Usage": 1, "min Peak Memory Usage": 1, "Plans": [{"Node Type": "Streaming(type: BROADCAST dop: 16/1)", "Parent Relationship": "Outer", "Startup Cost": 0.0, "Total Cost": 15001.5, "Plan Rows": 16, "Plan Width": 4, "Actual Min Startup Time": 0.004, "Actual Max Startup Time": 11.888, "Actual Min Total Time": 0.004, "Actual Max Total Time": 11.889, "Plans": [{"Node Type": "Seq Scan", "Parent Relationship": "Outer", "Relation Name": "role_type", "Alias": "rt", "Startup Cost": 0.0, "Total Cost": 1.15, "Plan Rows": 1, "Plan Width": 4, "Actual Min Startup Time": 0.025, "Actual Max Startup Time": 0.025, "Actual Min Total Time": 0.027, "Actual Max Total Time": 0.027, "Filter": "((role)::text = 'costume designer'::text)", "Rows Removed by Filter": 11, "Actual Rows": 1}], "Actual Rows": 16}], "Actual Rows": 16}], "Actual Rows": 276403}], "Actual Rows": 276403}, {"Node Type": "Hash", "Parent Relationship": "Inner", "Startup Cost": 88282.97, "Total Cost": 88282.97, "Plan Rows": 1282311, "Plan Width": 4, "Actual Min Startup Time": 655.204, "Actual Max Startup Time": 884.113, "Actual Min Total Time": 655.204, "Actual Max Total Time": 884.113, "Max Hash Buckets": 131072, "Min Hash Buckets": 131072, "Max Hash Batches": 1, "Min Hash Batches": 1, "Max Original Hash Batches": 1, "Min Original Hash Batches": 1, "Max Peak Memory Usage": 2542, "min Peak Memory Usage": 2542, "Plans": [{"Node Type": "Streaming(type: LOCAL REDISTRIBUTE dop: 16/16)", "Parent Relationship": "Outer", "Startup Cost": 24511.53, "Total Cost": 88282.97, "Plan Rows": 1282311, "Plan Width": 4, "Actual Min Startup Time": 186.112, "Actual Max Startup Time": 414.758, "Actual Min Total Time": 627.769, "Actual Max Total Time": 863.493, "Plans": [{"Node Type": "Hash Join", "Parent Relationship": "Outer", "Join Type": "Inner", "Startup Cost": 24511.53, "Total Cost": 68424.21, "Plan Rows": 1282311, "Plan Width": 4, "Actual Min Startup Time": 176.757, "Actual Max Startup Time": 400.58, "Actual Min Total Time": 517.522, "Actual Max Total Time": 794.956, "Inner Unique": true, "Hash Cond": "(mc.company_id = cn.id), (LLVM Optimized, Jit Execute)", "Plans": [{"Node Type": "Streaming(type: LOCAL REDISTRIBUTE dop: 16/16)", "Parent Relationship": "Outer", "Startup Cost": 0.0, "Total Cost": 42499.73, "Plan Rows": 2609128, "Plan Width": 8, "Actual Min Startup Time": 0.062, "Actual Max Startup Time": 1.791, "Actual Min Total Time": 265.249, "Actual Max Total Time": 357.061, "Plans": [{"Node Type": "Seq Scan", "Parent Relationship": "Outer", "Relation Name": "movie_companies", "Alias": "mc", "Startup Cost": 0.0, "Total Cost": 17613.58, "Plan Rows": 2609128, "Plan Width": 8, "Actual Min Startup Time": 0.026, "Actual Max Startup Time": 0.044, "Actual Min Total Time": 42.83, "Actual Max Total Time": 51.451, "Actual Rows": 2609128}], "Actual Rows": 2609128}, {"Node Type": "Hash", "Parent Relationship": "Inner", "Startup Cost": 24444.99, "Total Cost": 24444.99, "Plan Rows": 85170, "Plan Width": 4, "Actual Min Startup Time": 176.63, "Actual Max Startup Time": 399.346, "Actual Min Total Time": 176.63, "Actual Max Total Time": 399.346, "Max Hash Buckets": 32768, "Min Hash Buckets": 32768, "Max Hash Batches": 1, "Min Hash Batches": 1, "Max Original Hash Batches": 1, "Min Original Hash Batches": 1, "Max Peak Memory Usage": 182, "min Peak Memory Usage": 182, "Plans": [{"Node Type": "Streaming(type: LOCAL REDISTRIBUTE dop: 16/1)", "Parent Relationship": "Outer", "Startup Cost": 0.0, "Total Cost": 24444.99, "Plan Rows": 85170, "Plan Width": 4, "Actual Min Startup Time": 0.035, "Actual Max Startup Time": 218.603, "Actual Min Total Time": 174.868, "Actual Max Total Time": 397.632, "Plans": [{"Node Type": "Seq Scan", "Parent Relationship": "Outer", "Relation Name": "company_name", "Alias": "cn", "Startup Cost": 0.0, "Total Cost": 5903.45, "Plan Rows": 85170, "Plan Width": 4, "Actual Min Startup Time": 0.038, "Actual Max Startup Time": 0.038, "Actual Min Total Time": 94.596, "Actual Max Total Time": 94.596, "Filter": "((country_code)::text = '[us]'::text)", "Rows Removed by Filter": 150153, "Actual Rows": 84843}], "Actual Rows": 84843}], "Actual Rows": 84843}], "Actual Rows": 1153797}], "Actual Rows": 1153797}], "Actual Rows": 1153797}], "Actual Rows": 285537}], "Actual Rows": 285537}, {"Node Type": "Hash", "Parent Relationship": "Inner", "Startup Cost": 34659.52, "Total Cost": 34659.52, "Plan Rows": 901342, "Plan Width": 20, "Actual Min Startup Time": 129.879, "Actual Max Startup Time": 348.156, "Actual Min Total Time": 129.879, "Actual Max Total Time": 348.156, "Max Hash Buckets": 65536, "Min Hash Buckets": 65536, "Max Hash Batches": 1, "Min Hash Batches": 1, "Max Original Hash Batches": 1, "Min Original Hash Batches": 1, "Max Peak Memory Usage": 2981, "min Peak Memory Usage": 2981, "Plans": [{"Node Type": "Streaming(type: LOCAL REDISTRIBUTE dop: 16/16)", "Parent Relationship": "Outer", "Startup Cost": 0.0, "Total Cost": 34659.52, "Plan Rows": 901342, "Plan Width": 20, "Actual Min Startup Time": 0.048, "Actual Max Startup Time": 211.292, "Actual Min Total Time": 113.469, "Actual Max Total Time": 331.199, "Plans": [{"Node Type": "Seq Scan", "Parent Relationship": "Outer", "Relation Name": "aka_name", "Alias": "an1", "Startup Cost": 0.0, "Total Cost": 16244.28, "Plan Rows": 901342, "Plan Width": 20, "Actual Min Startup Time": 0.02, "Actual Max Startup Time": 0.037, "Actual Min Total Time": 16.899, "Actual Max Total Time": 20.777, "Actual Rows": 901342}], "Actual Rows": 901342}], "Actual Rows": 901342}], "Actual Rows": 323005}], "Actual Rows": 323005}, {"Node Type": "Hash", "Parent Relationship": "Inner", "Startup Cost": 43334.25, "Total Cost": 43334.25, "Plan Rows": 2528311, "Plan Width": 21, "Actual Min Startup Time": 361.928, "Actual Max Startup Time": 536.694, "Actual Min Total Time": 361.928, "Actual Max Total Time": 536.694, "Max Hash Buckets": 262144, "Min Hash Buckets": 262144, "Max Hash Batches": 1, "Min Hash Batches": 1, "Max Original Hash Batches": 1, "Min Original Hash Batches": 1, "Max Peak Memory Usage": 8518, "min Peak Memory Usage": 8518, "Plans": [{"Node Type": "Streaming(type: LOCAL REDISTRIBUTE dop: 16/16)", "Parent Relationship": "Outer", "Startup Cost": 0.0, "Total Cost": 43334.25, "Plan Rows": 2528311, "Plan Width": 21, "Actual Min Startup Time": 0.052, "Actual Max Startup Time": 29.929, "Actual Min Total Time": 291.244, "Actual Max Total Time": 484.112, "Plans": [{"Node Type": "Seq Scan", "Parent Relationship": "Outer", "Relation Name": "title", "Alias": "t", "Startup Cost": 0.0, "Total Cost": 18754.32, "Plan Rows": 2528311, "Plan Width": 21, "Actual Min Startup Time": 0.018, "Actual Max Startup Time": 0.034, "Actual Min Total Time": 48.948, "Actual Max Total Time": 58.428, "Actual Rows": 2528311}], "Actual Rows": 2528311}], "Actual Rows": 2528311}], "Actual Rows": 323005}], "Actual Rows": 323005}, {"Node Type": "Hash", "Parent Relationship": "Inner", "Startup Cost": 51607.87, "Total Cost": 51607.87, "Plan Rows": 4167490, "Plan Width": 4, "Actual Min Startup Time": 514.494, "Actual Max Startup Time": 693.507, "Actual Min Total Time": 514.494, "Actual Max Total Time": 693.507, "Max Hash Buckets": 262144, "Min Hash Buckets": 262144, "Max Hash Batches": 1, "Min Hash Batches": 1, "Max Original Hash Batches": 1, "Min Original Hash Batches": 1, "Max Peak Memory Usage": 9174, "min Peak Memory Usage": 9174, "Plans": [{"Node Type": "Streaming(type: LOCAL REDISTRIBUTE dop: 16/16)", "Parent Relationship": "Outer", "Startup Cost": 0.0, "Total Cost": 51607.87, "Plan Rows": 4167490, "Plan Width": 4, "Actual Min Startup Time": 0.053, "Actual Max Startup Time": 140.533, "Actual Min Total Time": 409.113, "Actual Max Total Time": 612.992, "Plans": [{"Node Type": "Seq Scan", "Parent Relationship": "Outer", "Relation Name": "name", "Alias": "n1", "Startup Cost": 0.0, "Total Cost": 20816.99, "Plan Rows": 4167490, "Plan Width": 4, "Actual Min Startup Time": 0.017, "Actual Max Startup Time": 0.034, "Actual Min Total Time": 74.859, "Actual Max Total Time": 86.06, "Actual Rows": 4167490}], "Actual Rows": 4167490}], "Actual Rows": 4167490}], "Actual Rows": 323005}], "Actual Rows": 16}], "Actual Rows": 16}], "Actual Rows": 1}, "Triggers": [], "Planner Runtime": 195.615, "Total Runtime": 1475.961, "Unique SQL Id": 2457761703}}, "(16, '71')": {"explain_plan": {"Plan": {"Node Type": "Aggregate", "Strategy": "Plain", "Startup Cost": 1013578.73, "Total Cost": 1013578.74, "Plan Rows": 1, "Plan Width": 97, "Plans": [{"Node Type": "Hash Join", "Parent Relationship": "Outer", "Join Type": "Inner", "Startup Cost": 985285.55, "Total Cost": 1011793.24, "Plan Rows": 357098, "Plan Width": 33, "Inner Unique": false, "Hash Cond": "(an1.person_id = n1.id), (LLVM Optimized)", "Plans": [{"Node Type": "Bitmap Heap Scan", "Parent Relationship": "Outer", "Relation Name": "aka_name", "Alias": "an1", "Startup Cost": 16632.3, "Total Cost": 36540.72, "Plan Rows": 901342, "Plan Width": 20, "Plans": [{"Node Type": "Bitmap Index Scan", "Parent Relationship": "Outer", "Index Name": "person_id_aka_name", "Startup Cost": 0.0, "Total Cost": 16406.96, "Plan Rows": 901342, "Plan Width": 0}]}, {"Node Type": "Hash", "Parent Relationship": "Inner", "Startup Cost": 959772.51, "Total Cost": 959772.51, "Plan Rows": 710459, "Plan Width": 25, "Plans": [{"Node Type": "Hash Join", "Parent Relationship": "Outer", "Join Type": "Inner", "Startup Cost": 607483.06, "Total Cost": 959772.51, "Plan Rows": 710459, "Plan Width": 25, "Inner Unique": true, "Hash Cond": "(ci.person_id = n1.id), (LLVM Optimized)", "Plans": [{"Node Type": "Hash Join", "Parent Relationship": "Outer", "Join Type": "Inner", "Startup Cost": 378117.96, "Total Cost": 720638.61, "Plan Rows": 710459, "Plan Width": 21, "Inner Unique": false, "Hash Cond": "(ci.movie_id = t.id), (LLVM Optimized)", "Plans": [{"Node Type": "Nested Loop", "Parent Relationship": "Outer", "Join Type": "Inner", "Startup Cost": 76315.02, "Total Cost": 389769.33, "Plan Rows": 3296318, "Plan Width": 8, "Inner Unique": false, "Plans": [{"Node Type": "Bitmap Heap Scan", "Parent Relationship": "Outer", "Relation Name": "role_type", "Alias": "rt", "Startup Cost": 8.31, "Total Cost": 12.46, "Plan Rows": 1, "Plan Width": 4, "Filter": "((role)::text = 'costume designer'::text)", "Plans": [{"Node Type": "Bitmap Index Scan", "Parent Relationship": "Outer", "Index Name": "role_type_pkey", "Startup Cost": 0.0, "Total Cost": 8.31, "Plan Rows": 12, "Plan Width": 0}]}, {"Node Type": "Bitmap Heap Scan", "Parent Relationship": "Inner", "Relation Name": "cast_info", "Alias": "ci", "Startup Cost": 76306.71, "Total Cost": 356793.69, "Plan Rows": 3296318, "Plan Width": 12, "Recheck Cond": "(role_id = rt.id), (LLVM Optimized)", "Plans": [{"Node Type": "Bitmap Index Scan", "Parent Relationship": "Outer", "Index Name": "role_id_cast_info", "Startup Cost": 0.0, "Total Cost": 75482.63, "Plan Rows": 3296318, "Plan Width": 0, "Index Cond": "(role_id = rt.id)"}]}]}, {"Node Type": "Hash", "Parent Relationship": "Inner", "Startup Cost": 285774.05, "Total Cost": 285774.05, "Plan Rows": 1282311, "Plan Width": 25, "Plans": [{"Node Type": "Hash Join", "Parent Relationship": "Outer", "Join Type": "Inner", "Startup Cost": 203717.65, "Total Cost": 285774.05, "Plan Rows": 1282311, "Plan Width": 25, "Inner Unique": true, "Hash Cond": "(mc.movie_id = t.id), (LLVM Optimized)", "Plans": [{"Node Type": "Hash Join", "Parent Relationship": "Outer", "Join Type": "Inner", "Startup Cost": 61758.77, "Total Cost": 126183.39, "Plan Rows": 1282311, "Plan Width": 4, "Inner Unique": true, "Hash Cond": "(mc.company_id = cn.id), (LLVM Optimized)", "Plans": [{"Node Type": "Bitmap Heap Scan", "Parent Relationship": "Outer", "Relation Name": "movie_companies", "Alias": "mc", "Startup Cost": 51990.17, "Total Cost": 93807.45, "Plan Rows": 2609128, "Plan Width": 8, "Plans": [{"Node Type": "Bitmap Index Scan", "Parent Relationship": "Outer", "Index Name": "movie_id_movie_companies", "Startup Cost": 0.0, "Total Cost": 51337.89, "Plan Rows": 2609128, "Plan Width": 0}]}, {"Node Type": "Hash", "Parent Relationship": "Inner", "Startup Cost": 8703.97, "Total Cost": 8703.97, "Plan Rows": 85170, "Plan Width": 4, "Plans": [{"Node Type": "Bitmap Heap Scan", "Parent Relationship": "Outer", "Relation Name": "company_name", "Alias": "cn", "Startup Cost": 2800.52, "Total Cost": 8703.97, "Plan Rows": 85170, "Plan Width": 4, "Filter": "((country_code)::text = '[us]'::text)", "Plans": [{"Node Type": "Bitmap Index Scan", "Parent Relationship": "Outer", "Index Name": "company_name_pkey", "Startup Cost": 0.0, "Total Cost": 2779.23, "Plan Rows": 234996, "Plan Width": 0}]}]}]}, {"Node Type": "Hash", "Parent Relationship": "Inner", "Startup Cost": 110354.99, "Total Cost": 110354.99, "Plan Rows": 2528311, "Plan Width": 21, "Plans": [{"Node Type": "Bitmap Heap Scan", "Parent Relationship": "Outer", "Relation Name": "title", "Alias": "t", "Startup Cost": 50285.88, "Total Cost": 110354.99, "Plan Rows": 2528311, "Plan Width": 21, "Plans": [{"Node Type": "Bitmap Index Scan", "Parent Relationship": "Outer", "Index Name": "title_pkey", "Startup Cost": 0.0, "Total Cost": 49653.81, "Plan Rows": 2528311, "Plan Width": 0}]}]}]}]}]}, {"Node Type": "Hash", "Parent Relationship": "Inner", "Startup Cost": 177271.47, "Total Cost": 177271.47, "Plan Rows": 4167490, "Plan Width": 4, "Plans": [{"Node Type": "Bitmap Heap Scan", "Parent Relationship": "Outer", "Relation Name": "name", "Alias": "n1", "Startup Cost": 84199.57, "Total Cost": 177271.47, "Plan Rows": 4167490, "Plan Width": 4, "Plans": [{"Node Type": "Bitmap Index Scan", "Parent Relationship": "Outer", "Index Name": "name_pkey", "Startup Cost": 0.0, "Total Cost": 83157.7, "Plan Rows": 4167490, "Plan Width": 0}]}]}]}]}]}]}, "Unique SQL Id": 2457761703, "Planner Runtime": 72}, "explain_analyze_plan": null}, "(16, '72')": {"explain_plan": {"Plan": {"Node Type": "Aggregate", "Strategy": "Plain", "Startup Cost": 287566.27, "Total Cost": 287566.3, "Plan Rows": 1, "Plan Width": 97, "Plans": [{"Node Type": "Streaming(type: LOCAL GATHER dop: 1/16)", "Parent Relationship": "Outer", "Startup Cost": 287566.27, "Total Cost": 287566.3, "Plan Rows": 1, "Plan Width": 97, "Plans": [{"Node Type": "Aggregate", "Strategy": "Plain", "Parent Relationship": "Outer", "Startup Cost": 287566.27, "Total Cost": 287566.28, "Plan Rows": 1, "Plan Width": 97, "Plans": [{"Node Type": "Hash Join", "Parent Relationship": "Outer", "Join Type": "Inner", "Startup Cost": 142621.96, "Total Cost": 285780.78, "Plan Rows": 357098, "Plan Width": 33, "Inner Unique": true, "Hash Cond": "(an1.person_id = n1.id), (LLVM Optimized)", "Plans": [{"Node Type": "Streaming(type: LOCAL REDISTRIBUTE dop: 16/16)", "Parent Relationship": "Outer", "Startup Cost": 126464.14, "Total Cost": 269316.07, "Plan Rows": 357098, "Plan Width": 41, "Plans": [{"Node Type": "Hash Join", "Parent Relationship": "Outer", "Join Type": "Inner", "Startup Cost": 126464.14, "Total Cost": 252963.01, "Plan Rows": 357098, "Plan Width": 41, "Inner Unique": true, "Hash Cond": "(ci.movie_id = t.id), (LLVM Optimized)", "Plans": [{"Node Type": "Streaming(type: LOCAL REDISTRIBUTE dop: 16/16)", "Parent Relationship": "Outer", "Startup Cost": 113655.34, "Total Cost": 239847.25, "Plan Rows": 357379, "Plan Width": 32, "Plans": [{"Node Type": "Hash Join", "Parent Relationship": "Outer", "Join Type": "Inner", "Startup Cost": 113655.34, "Total Cost": 223493.12, "Plan Rows": 357379, "Plan Width": 32, "Inner Unique": false, "Hash Cond": "(ci.person_id = an1.person_id), (LLVM Optimized)", "Plans": [{"Node Type": "Streaming(type: LOCAL REDISTRIBUTE dop: 16/16)", "Parent Relationship": "Outer", "Startup Cost": 104286.28, "Total Cost": 212931.86, "Plan Rows": 711018, "Plan Width": 12, "Plans": [{"Node Type": "Hash Join", "Parent Relationship": "Outer", "Join Type": "Inner", "Startup Cost": 104286.28, "Total Cost": 195237.77, "Plan Rows": 711018, "Plan Width": 12, "Inner Unique": false, "Hash Cond": "(ci.movie_id = mc.movie_id), (LLVM Optimized)", "Plans": [{"Node Type": "Streaming(type: LOCAL REDISTRIBUTE dop: 16/16)", "Parent Relationship": "Outer", "Startup Cost": 15001.51, "Total Cost": 102848.74, "Plan Rows": 3296318, "Plan Width": 8, "Plans": [{"Node Type": "Hash Join", "Parent Relationship": "Outer", "Join Type": "Inner", "Startup Cost": 15001.51, "Total Cost": 75358.79, "Plan Rows": 3296318, "Plan Width": 8, "Inner Unique": true, "Hash Cond": "(ci.role_id = rt.id), (LLVM Optimized)", "Plans": [{"Node Type": "Seq Scan", "Parent Relationship": "Outer", "Relation Name": "cast_info", "Alias": "ci", "Startup Cost": 0.0, "Total Cost": 52617.37, "Plan Rows": 36259494, "Plan Width": 12}, {"Node Type": "Hash", "Parent Relationship": "Inner", "Startup Cost": 15001.5, "Total Cost": 15001.5, "Plan Rows": 16, "Plan Width": 4, "Plans": [{"Node Type": "Streaming(type: BROADCAST dop: 16/1)", "Parent Relationship": "Outer", "Startup Cost": 0.0, "Total Cost": 15001.5, "Plan Rows": 16, "Plan Width": 4, "Plans": [{"Node Type": "Seq Scan", "Parent Relationship": "Outer", "Relation Name": "role_type", "Alias": "rt", "Startup Cost": 0.0, "Total Cost": 1.15, "Plan Rows": 1, "Plan Width": 4, "Filter": "((role)::text = 'costume designer'::text)"}]}]}]}]}, {"Node Type": "Hash", "Parent Relationship": "Inner", "Startup Cost": 88282.97, "Total Cost": 88282.97, "Plan Rows": 1282311, "Plan Width": 4, "Plans": [{"Node Type": "Streaming(type: LOCAL REDISTRIBUTE dop: 16/16)", "Parent Relationship": "Outer", "Startup Cost": 24511.53, "Total Cost": 88282.97, "Plan Rows": 1282311, "Plan Width": 4, "Plans": [{"Node Type": "Hash Join", "Parent Relationship": "Outer", "Join Type": "Inner", "Startup Cost": 24511.53, "Total Cost": 68424.21, "Plan Rows": 1282311, "Plan Width": 4, "Inner Unique": true, "Hash Cond": "(mc.company_id = cn.id), (LLVM Optimized)", "Plans": [{"Node Type": "Streaming(type: LOCAL REDISTRIBUTE dop: 16/16)", "Parent Relationship": "Outer", "Startup Cost": 0.0, "Total Cost": 42499.73, "Plan Rows": 2609128, "Plan Width": 8, "Plans": [{"Node Type": "Seq Scan", "Parent Relationship": "Outer", "Relation Name": "movie_companies", "Alias": "mc", "Startup Cost": 0.0, "Total Cost": 17613.58, "Plan Rows": 2609128, "Plan Width": 8}]}, {"Node Type": "Hash", "Parent Relationship": "Inner", "Startup Cost": 24444.99, "Total Cost": 24444.99, "Plan Rows": 85170, "Plan Width": 4, "Plans": [{"Node Type": "Streaming(type: LOCAL REDISTRIBUTE dop: 16/1)", "Parent Relationship": "Outer", "Startup Cost": 0.0, "Total Cost": 24444.99, "Plan Rows": 85170, "Plan Width": 4, "Plans": [{"Node Type": "Seq Scan", "Parent Relationship": "Outer", "Relation Name": "company_name", "Alias": "cn", "Startup Cost": 0.0, "Total Cost": 5903.45, "Plan Rows": 85170, "Plan Width": 4, "Filter": "((country_code)::text = '[us]'::text)"}]}]}]}]}]}]}]}, {"Node Type": "Hash", "Parent Relationship": "Inner", "Startup Cost": 34659.52, "Total Cost": 34659.52, "Plan Rows": 901342, "Plan Width": 20, "Plans": [{"Node Type": "Streaming(type: LOCAL REDISTRIBUTE dop: 16/16)", "Parent Relationship": "Outer", "Startup Cost": 0.0, "Total Cost": 34659.52, "Plan Rows": 901342, "Plan Width": 20, "Plans": [{"Node Type": "Seq Scan", "Parent Relationship": "Outer", "Relation Name": "aka_name", "Alias": "an1", "Startup Cost": 0.0, "Total Cost": 16244.28, "Plan Rows": 901342, "Plan Width": 20}]}]}]}]}, {"Node Type": "Hash", "Parent Relationship": "Inner", "Startup Cost": 43334.25, "Total Cost": 43334.25, "Plan Rows": 2528311, "Plan Width": 21, "Plans": [{"Node Type": "Streaming(type: LOCAL REDISTRIBUTE dop: 16/16)", "Parent Relationship": "Outer", "Startup Cost": 0.0, "Total Cost": 43334.25, "Plan Rows": 2528311, "Plan Width": 21, "Plans": [{"Node Type": "Seq Scan", "Parent Relationship": "Outer", "Relation Name": "title", "Alias": "t", "Startup Cost": 0.0, "Total Cost": 18754.32, "Plan Rows": 2528311, "Plan Width": 21}]}]}]}]}, {"Node Type": "Hash", "Parent Relationship": "Inner", "Startup Cost": 51607.87, "Total Cost": 51607.87, "Plan Rows": 4167490, "Plan Width": 4, "Plans": [{"Node Type": "Streaming(type: LOCAL REDISTRIBUTE dop: 16/16)", "Parent Relationship": "Outer", "Startup Cost": 0.0, "Total Cost": 51607.87, "Plan Rows": 4167490, "Plan Width": 4, "Plans": [{"Node Type": "Index Only Scan", "Parent Relationship": "Outer", "Scan Direction": "Forward", "Index Name": "name_pkey", "Relation Name": "name", "Alias": "n1", "Startup Cost": 0.0, "Total Cost": 20816.99, "Plan Rows": 4167490, "Plan Width": 4}]}]}]}]}]}]}, "Unique SQL Id": 2457761703, "Planner Runtime": 199}, "explain_analyze_plan": {"Plan": {"Node Type": "Aggregate", "Strategy": "Plain", "Startup Cost": 287566.27, "Total Cost": 287566.3, "Plan Rows": 1, "Plan Width": 97, "Actual Min Startup Time": 1479.917, "Actual Max Startup Time": 1479.917, "Actual Min Total Time": 1479.917, "Actual Max Total Time": 1479.917, "Plans": [{"Node Type": "Streaming(type: LOCAL GATHER dop: 1/16)", "Parent Relationship": "Outer", "Startup Cost": 287566.27, "Total Cost": 287566.3, "Plan Rows": 1, "Plan Width": 97, "Actual Min Startup Time": 1479.144, "Actual Max Startup Time": 1479.144, "Actual Min Total Time": 1479.763, "Actual Max Total Time": 1479.763, "Plans": [{"Node Type": "Aggregate", "Strategy": "Plain", "Parent Relationship": "Outer", "Startup Cost": 287566.27, "Total Cost": 287566.28, "Plan Rows": 1, "Plan Width": 97, "Actual Min Startup Time": 1070.011, "Actual Max Startup Time": 1210.474, "Actual Min Total Time": 1070.011, "Actual Max Total Time": 1210.474, "Plans": [{"Node Type": "Hash Join", "Parent Relationship": "Outer", "Join Type": "Inner", "Startup Cost": 142621.96, "Total Cost": 285780.78, "Plan Rows": 357098, "Plan Width": 33, "Actual Min Startup Time": 659.377, "Actual Max Startup Time": 809.262, "Actual Min Total Time": 1055.617, "Actual Max Total Time": 1202.355, "Inner Unique": true, "Hash Cond": "(an1.person_id = n1.id), (LLVM Optimized, Jit Execute)", "Plans": [{"Node Type": "Streaming(type: LOCAL REDISTRIBUTE dop: 16/16)", "Parent Relationship": "Outer", "Startup Cost": 126464.14, "Total Cost": 269316.07, "Plan Rows": 357098, "Plan Width": 41, "Actual Min Startup Time": 106.404, "Actual Max Startup Time": 156.085, "Actual Min Total Time": 492.291, "Actual Max Total Time": 511.778, "Plans": [{"Node Type": "Hash Join", "Parent Relationship": "Outer", "Join Type": "Inner", "Startup Cost": 126464.14, "Total Cost": 252963.01, "Plan Rows": 357098, "Plan Width": 41, "Actual Min Startup Time": 655.53, "Actual Max Startup Time": 866.134, "Actual Min Total Time": 1047.996, "Actual Max Total Time": 1260.405, "Inner Unique": true, "Hash Cond": "(ci.movie_id = t.id), (LLVM Optimized, Jit Execute)", "Plans": [{"Node Type": "Streaming(type: LOCAL REDISTRIBUTE dop: 16/16)", "Parent Relationship": "Outer", "Startup Cost": 113655.34, "Total Cost": 239847.25, "Plan Rows": 357379, "Plan Width": 32, "Actual Min Startup Time": 320.575, "Actual Max Startup Time": 329.173, "Actual Min Total Time": 703.466, "Actual Max Total Time": 711.791, "Plans": [{"Node Type": "Hash Join", "Parent Relationship": "Outer", "Join Type": "Inner", "Startup Cost": 113655.34, "Total Cost": 223493.12, "Plan Rows": 357379, "Plan Width": 32, "Actual Min Startup Time": 654.294, "Actual Max Startup Time": 872.751, "Actual Min Total Time": 1022.835, "Actual Max Total Time": 1254.696, "Inner Unique": false, "Hash Cond": "(ci.person_id = an1.person_id), (LLVM Optimized, Jit Execute)", "Plans": [{"Node Type": "Streaming(type: LOCAL REDISTRIBUTE dop: 16/16)", "Parent Relationship": "Outer", "Startup Cost": 104286.28, "Total Cost": 212931.86, "Plan Rows": 711018, "Plan Width": 12, "Actual Min Startup Time": 529.847, "Actual Max Startup Time": 547.87, "Actual Min Total Time": 863.586, "Actual Max Total Time": 916.14, "Plans": [{"Node Type": "Hash Join", "Parent Relationship": "Outer", "Join Type": "Inner", "Startup Cost": 104286.28, "Total Cost": 195237.77, "Plan Rows": 711018, "Plan Width": 12, "Actual Min Startup Time": 650.524, "Actual Max Startup Time": 857.724, "Actual Min Total Time": 981.549, "Actual Max Total Time": 1199.694, "Inner Unique": false, "Hash Cond": "(ci.movie_id = mc.movie_id), (LLVM Optimized, Jit Execute)", "Plans": [{"Node Type": "Streaming(type: LOCAL REDISTRIBUTE dop: 16/16)", "Parent Relationship": "Outer", "Startup Cost": 15001.51, "Total Cost": 102848.74, "Plan Rows": 3296318, "Plan Width": 8, "Actual Min Startup Time": 0.07, "Actual Max Startup Time": 1.21, "Actual Min Total Time": 317.533, "Actual Max Total Time": 345.072, "Plans": [{"Node Type": "Hash Join", "Parent Relationship": "Outer", "Join Type": "Inner", "Startup Cost": 15001.51, "Total Cost": 75358.79, "Plan Rows": 3296318, "Plan Width": 8, "Actual Min Startup Time": 734.465, "Actual Max Startup Time": 848.7, "Actual Min Total Time": 938.828, "Actual Max Total Time": 1064.305, "Inner Unique": true, "Hash Cond": "(ci.role_id = rt.id), (LLVM Optimized, Jit Execute)", "Plans": [{"Node Type": "Seq Scan", "Parent Relationship": "Outer", "Relation Name": "cast_info", "Alias": "ci", "Startup Cost": 0.0, "Total Cost": 52617.37, "Plan Rows": 36259494, "Plan Width": 12, "Actual Min Startup Time": 0.032, "Actual Max Startup Time": 0.041, "Actual Min Total Time": 516.688, "Actual Max Total Time": 568.935, "Actual Rows": 36244343}, {"Node Type": "Hash", "Parent Relationship": "Inner", "Startup Cost": 15001.5, "Total Cost": 15001.5, "Plan Rows": 16, "Plan Width": 4, "Actual Min Startup Time": 0.011, "Actual Max Startup Time": 71.285, "Actual Min Total Time": 0.011, "Actual Max Total Time": 71.285, "Max Hash Buckets": 32768, "Min Hash Buckets": 32768, "Max Hash Batches": 1, "Min Hash Batches": 1, "Max Original Hash Batches": 1, "Min Original Hash Batches": 1, "Max Peak Memory Usage": 1, "min Peak Memory Usage": 1, "Plans": [{"Node Type": "Streaming(type: BROADCAST dop: 16/1)", "Parent Relationship": "Outer", "Startup Cost": 0.0, "Total Cost": 15001.5, "Plan Rows": 16, "Plan Width": 4, "Actual Min Startup Time": 0.004, "Actual Max Startup Time": 71.257, "Actual Min Total Time": 0.004, "Actual Max Total Time": 71.258, "Plans": [{"Node Type": "Seq Scan", "Parent Relationship": "Outer", "Relation Name": "role_type", "Alias": "rt", "Startup Cost": 0.0, "Total Cost": 1.15, "Plan Rows": 1, "Plan Width": 4, "Actual Min Startup Time": 0.035, "Actual Max Startup Time": 0.035, "Actual Min Total Time": 0.038, "Actual Max Total Time": 0.038, "Filter": "((role)::text = 'costume designer'::text)", "Rows Removed by Filter": 11, "Actual Rows": 1}], "Actual Rows": 16}], "Actual Rows": 16}], "Actual Rows": 276403}], "Actual Rows": 276403}, {"Node Type": "Hash", "Parent Relationship": "Inner", "Startup Cost": 88282.97, "Total Cost": 88282.97, "Plan Rows": 1282311, "Plan Width": 4, "Actual Min Startup Time": 650.225, "Actual Max Startup Time": 856.754, "Actual Min Total Time": 650.225, "Actual Max Total Time": 856.754, "Max Hash Buckets": 131072, "Min Hash Buckets": 131072, "Max Hash Batches": 1, "Min Hash Batches": 1, "Max Original Hash Batches": 1, "Min Original Hash Batches": 1, "Max Peak Memory Usage": 2542, "min Peak Memory Usage": 2542, "Plans": [{"Node Type": "Streaming(type: LOCAL REDISTRIBUTE dop: 16/16)", "Parent Relationship": "Outer", "Startup Cost": 24511.53, "Total Cost": 88282.97, "Plan Rows": 1282311, "Plan Width": 4, "Actual Min Startup Time": 174.61, "Actual Max Startup Time": 381.876, "Actual Min Total Time": 618.865, "Actual Max Total Time": 836.947, "Plans": [{"Node Type": "Hash Join", "Parent Relationship": "Outer", "Join Type": "Inner", "Startup Cost": 24511.53, "Total Cost": 68424.21, "Plan Rows": 1282311, "Plan Width": 4, "Actual Min Startup Time": 169.623, "Actual Max Startup Time": 359.093, "Actual Min Total Time": 519.06, "Actual Max Total Time": 732.07, "Inner Unique": true, "Hash Cond": "(mc.company_id = cn.id), (LLVM Optimized, Jit Execute)", "Plans": [{"Node Type": "Streaming(type: LOCAL REDISTRIBUTE dop: 16/16)", "Parent Relationship": "Outer", "Startup Cost": 0.0, "Total Cost": 42499.73, "Plan Rows": 2609128, "Plan Width": 8, "Actual Min Startup Time": 0.06, "Actual Max Startup Time": 2.243, "Actual Min Total Time": 254.783, "Actual Max Total Time": 365.681, "Plans": [{"Node Type": "Seq Scan", "Parent Relationship": "Outer", "Relation Name": "movie_companies", "Alias": "mc", "Startup Cost": 0.0, "Total Cost": 17613.58, "Plan Rows": 2609128, "Plan Width": 8, "Actual Min Startup Time": 0.023, "Actual Max Startup Time": 0.049, "Actual Min Total Time": 43.422, "Actual Max Total Time": 52.474, "Actual Rows": 2609128}], "Actual Rows": 2609128}, {"Node Type": "Hash", "Parent Relationship": "Inner", "Startup Cost": 24444.99, "Total Cost": 24444.99, "Plan Rows": 85170, "Plan Width": 4, "Actual Min Startup Time": 168.875, "Actual Max Startup Time": 358.016, "Actual Min Total Time": 168.875, "Actual Max Total Time": 358.016, "Max Hash Buckets": 32768, "Min Hash Buckets": 32768, "Max Hash Batches": 1, "Min Hash Batches": 1, "Max Original Hash Batches": 1, "Min Original Hash Batches": 1, "Max Peak Memory Usage": 182, "min Peak Memory Usage": 182, "Plans": [{"Node Type": "Streaming(type: LOCAL REDISTRIBUTE dop: 16/1)", "Parent Relationship": "Outer", "Startup Cost": 0.0, "Total Cost": 24444.99, "Plan Rows": 85170, "Plan Width": 4, "Actual Min Startup Time": 0.033, "Actual Max Startup Time": 186.613, "Actual Min Total Time": 167.245, "Actual Max Total Time": 355.453, "Plans": [{"Node Type": "Seq Scan", "Parent Relationship": "Outer", "Relation Name": "company_name", "Alias": "cn", "Startup Cost": 0.0, "Total Cost": 5903.45, "Plan Rows": 85170, "Plan Width": 4, "Actual Min Startup Time": 0.037, "Actual Max Startup Time": 0.037, "Actual Min Total Time": 93.215, "Actual Max Total Time": 93.215, "Filter": "((country_code)::text = '[us]'::text)", "Rows Removed by Filter": 150153, "Actual Rows": 84843}], "Actual Rows": 84843}], "Actual Rows": 84843}], "Actual Rows": 1153797}], "Actual Rows": 1153797}], "Actual Rows": 1153797}], "Actual Rows": 285537}], "Actual Rows": 285537}, {"Node Type": "Hash", "Parent Relationship": "Inner", "Startup Cost": 34659.52, "Total Cost": 34659.52, "Plan Rows": 901342, "Plan Width": 20, "Actual Min Startup Time": 118.854, "Actual Max Startup Time": 342.13, "Actual Min Total Time": 118.854, "Actual Max Total Time": 342.13, "Max Hash Buckets": 65536, "Min Hash Buckets": 65536, "Max Hash Batches": 1, "Min Hash Batches": 1, "Max Original Hash Batches": 1, "Min Original Hash Batches": 1, "Max Peak Memory Usage": 2981, "min Peak Memory Usage": 2981, "Plans": [{"Node Type": "Streaming(type: LOCAL REDISTRIBUTE dop: 16/16)", "Parent Relationship": "Outer", "Startup Cost": 0.0, "Total Cost": 34659.52, "Plan Rows": 901342, "Plan Width": 20, "Actual Min Startup Time": 0.058, "Actual Max Startup Time": 165.557, "Actual Min Total Time": 103.429, "Actual Max Total Time": 327.015, "Plans": [{"Node Type": "Seq Scan", "Parent Relationship": "Outer", "Relation Name": "aka_name", "Alias": "an1", "Startup Cost": 0.0, "Total Cost": 16244.28, "Plan Rows": 901342, "Plan Width": 20, "Actual Min Startup Time": 0.018, "Actual Max Startup Time": 0.026, "Actual Min Total Time": 15.75, "Actual Max Total Time": 19.622, "Actual Rows": 901342}], "Actual Rows": 901342}], "Actual Rows": 901342}], "Actual Rows": 323005}], "Actual Rows": 323005}, {"Node Type": "Hash", "Parent Relationship": "Inner", "Startup Cost": 43334.25, "Total Cost": 43334.25, "Plan Rows": 2528311, "Plan Width": 21, "Actual Min Startup Time": 330.588, "Actual Max Startup Time": 540.426, "Actual Min Total Time": 330.588, "Actual Max Total Time": 540.426, "Max Hash Buckets": 262144, "Min Hash Buckets": 262144, "Max Hash Batches": 1, "Min Hash Batches": 1, "Max Original Hash Batches": 1, "Min Original Hash Batches": 1, "Max Peak Memory Usage": 8518, "min Peak Memory Usage": 8518, "Plans": [{"Node Type": "Streaming(type: LOCAL REDISTRIBUTE dop: 16/16)", "Parent Relationship": "Outer", "Startup Cost": 0.0, "Total Cost": 43334.25, "Plan Rows": 2528311, "Plan Width": 21, "Actual Min Startup Time": 0.049, "Actual Max Startup Time": 194.693, "Actual Min Total Time": 259.785, "Actual Max Total Time": 494.167, "Plans": [{"Node Type": "Seq Scan", "Parent Relationship": "Outer", "Relation Name": "title", "Alias": "t", "Startup Cost": 0.0, "Total Cost": 18754.32, "Plan Rows": 2528311, "Plan Width": 21, "Actual Min Startup Time": 0.019, "Actual Max Startup Time": 0.04, "Actual Min Total Time": 47.696, "Actual Max Total Time": 56.316, "Actual Rows": 2528311}], "Actual Rows": 2528311}], "Actual Rows": 2528311}], "Actual Rows": 323005}], "Actual Rows": 323005}, {"Node Type": "Hash", "Parent Relationship": "Inner", "Startup Cost": 51607.87, "Total Cost": 51607.87, "Plan Rows": 4167490, "Plan Width": 4, "Actual Min Startup Time": 546.739, "Actual Max Startup Time": 687.169, "Actual Min Total Time": 546.739, "Actual Max Total Time": 687.169, "Max Hash Buckets": 262144, "Min Hash Buckets": 262144, "Max Hash Batches": 1, "Min Hash Batches": 1, "Max Original Hash Batches": 1, "Min Original Hash Batches": 1, "Max Peak Memory Usage": 9174, "min Peak Memory Usage": 9174, "Plans": [{"Node Type": "Streaming(type: LOCAL REDISTRIBUTE dop: 16/16)", "Parent Relationship": "Outer", "Startup Cost": 0.0, "Total Cost": 51607.87, "Plan Rows": 4167490, "Plan Width": 4, "Actual Min Startup Time": 0.052, "Actual Max Startup Time": 0.104, "Actual Min Total Time": 442.726, "Actual Max Total Time": 581.985, "Plans": [{"Node Type": "Index Only Scan", "Parent Relationship": "Outer", "Scan Direction": "Forward", "Index Name": "name_pkey", "Relation Name": "name", "Alias": "n1", "Startup Cost": 0.0, "Total Cost": 20816.99, "Plan Rows": 4167490, "Plan Width": 4, "Actual Min Startup Time": 0.094, "Actual Max Startup Time": 103.049, "Actual Min Total Time": 65.404, "Actual Max Total Time": 167.694, "Heap Fetches": 0, "Actual Rows": 4167490}], "Actual Rows": 4167490}], "Actual Rows": 4167490}], "Actual Rows": 323005}], "Actual Rows": 16}], "Actual Rows": 16}], "Actual Rows": 1}, "Triggers": [], "Planner Runtime": 205.742, "Total Runtime": 1527.056, "Unique SQL Id": 2457761703}}, "(16, '73')": {"explain_plan": {"Plan": {"Node Type": "Aggregate", "Strategy": "Plain", "Startup Cost": 1386311.37, "Total Cost": 1386311.4, "Plan Rows": 1, "Plan Width": 97, "Plans": [{"Node Type": "Streaming(type: LOCAL GATHER dop: 1/16)", "Parent Relationship": "Outer", "Startup Cost": 1386311.37, "Total Cost": 1386311.4, "Plan Rows": 1, "Plan Width": 97, "Plans": [{"Node Type": "Aggregate", "Strategy": "Plain", "Parent Relationship": "Outer", "Startup Cost": 1386311.37, "Total Cost": 1386311.38, "Plan Rows": 1, "Plan Width": 97, "Plans": [{"Node Type": "Hash Join", "Parent Relationship": "Outer", "Join Type": "Inner", "Startup Cost": 252373.93, "Total Cost": 1384525.88, "Plan Rows": 357098, "Plan Width": 33, "Inner Unique": true, "Hash Cond": "(ci.movie_id = t.id), (LLVM Optimized)", "Plans": [{"Node Type": "Streaming(type: LOCAL REDISTRIBUTE dop: 16/16)", "Parent Relationship": "Outer", "Startup Cost": 218899.31, "Total Cost": 1350744.31, "Plan Rows": 357379, "Plan Width": 24, "Plans": [{"Node Type": "Hash Join", "Parent Relationship": "Outer", "Join Type": "Inner", "Startup Cost": 218899.31, "Total Cost": 1334390.18, "Plan Rows": 357379, "Plan Width": 24, "Inner Unique": true, "Hash Cond": "(an1.person_id = n1.id), (LLVM Optimized)", "Plans": [{"Node Type": "Streaming(type: LOCAL REDISTRIBUTE dop: 16/16)", "Parent Relationship": "Outer", "Startup Cost": 182755.14, "Total Cost": 1297938.9, "Plan Rows": 357379, "Plan Width": 32, "Plans": [{"Node Type": "Hash Join", "Parent Relationship": "Outer", "Join Type": "Inner", "Startup Cost": 182755.14, "Total Cost": 1281584.76, "Plan Rows": 357379, "Plan Width": 32, "Inner Unique": true, "Hash Cond": "(mc.company_id = cn.id), (LLVM Optimized)", "Plans": [{"Node Type": "Streaming(type: LOCAL REDISTRIBUTE dop: 16/16)", "Parent Relationship": "Outer", "Startup Cost": 175427.87, "Total Cost": 1273863.7, "Plan Rows": 727161, "Plan Width": 36, "Plans": [{"Node Type": "Hash Join", "Parent Relationship": "Outer", "Join Type": "Inner", "Startup Cost": 175427.87, "Total Cost": 1256108.44, "Plan Rows": 727161, "Plan Width": 36, "Inner Unique": false, "Hash Cond": "(ci.movie_id = mc.movie_id), (LLVM Optimized)", "Plans": [{"Node Type": "Streaming(type: LOCAL REDISTRIBUTE dop: 16/16)", "Parent Relationship": "Outer", "Startup Cost": 137161.66, "Total Cost": 1215145.72, "Plan Rows": 1484588, "Plan Width": 28, "Plans": [{"Node Type": "Hash Join", "Parent Relationship": "Outer", "Join Type": "Inner", "Startup Cost": 137161.66, "Total Cost": 1194520.52, "Plan Rows": 1484588, "Plan Width": 28, "Inner Unique": false, "Hash Cond": "(ci.person_id = an1.person_id), (LLVM Optimized)", "Plans": [{"Node Type": "Streaming(type: LOCAL REDISTRIBUTE dop: 16/16)", "Parent Relationship": "Outer", "Startup Cost": 15012.82, "Total Cost": 1066844.59, "Plan Rows": 3296318, "Plan Width": 8, "Plans": [{"Node Type": "Hash Join", "Parent Relationship": "Outer", "Join Type": "Inner", "Startup Cost": 15012.82, "Total Cost": 1039354.63, "Plan Rows": 3296318, "Plan Width": 8, "Inner Unique": true, "Hash Cond": "(ci.role_id = rt.id), (LLVM Optimized)", "Plans": [{"Node Type": "Index Scan", "Parent Relationship": "Outer", "Scan Direction": "Forward", "Index Name": "role_id_cast_info", "Relation Name": "cast_info", "Alias": "ci", "Startup Cost": 0.0, "Total Cost": 1016601.9, "Plan Rows": 36259494, "Plan Width": 12}, {"Node Type": "Hash", "Parent Relationship": "Inner", "Startup Cost": 15012.81, "Total Cost": 15012.81, "Plan Rows": 16, "Plan Width": 4, "Plans": [{"Node Type": "Streaming(type: BROADCAST dop: 16/1)", "Parent Relationship": "Outer", "Startup Cost": 0.0, "Total Cost": 15012.81, "Plan Rows": 16, "Plan Width": 4, "Plans": [{"Node Type": "Index Scan", "Parent Relationship": "Outer", "Scan Direction": "Forward", "Index Name": "role_type_pkey", "Relation Name": "role_type", "Alias": "rt", "Startup Cost": 0.0, "Total Cost": 12.46, "Plan Rows": 1, "Plan Width": 4, "Filter": "((role)::text = 'costume designer'::text)"}]}]}]}]}, {"Node Type": "Hash", "Parent Relationship": "Inner", "Startup Cost": 121444.67, "Total Cost": 121444.67, "Plan Rows": 901342, "Plan Width": 20, "Plans": [{"Node Type": "Streaming(type: LOCAL REDISTRIBUTE dop: 16/1)", "Parent Relationship": "Outer", "Startup Cost": 0.0, "Total Cost": 121444.67, "Plan Rows": 901342, "Plan Width": 20, "Plans": [{"Node Type": "Index Scan", "Parent Relationship": "Outer", "Scan Direction": "Forward", "Index Name": "person_id_aka_name", "Relation Name": "aka_name", "Alias": "an1", "Startup Cost": 0.0, "Total Cost": 68965.03, "Plan Rows": 901342, "Plan Width": 20}]}]}]}]}, {"Node Type": "Hash", "Parent Relationship": "Inner", "Startup Cost": 139099.07, "Total Cost": 139099.07, "Plan Rows": 2609128, "Plan Width": 8, "Plans": [{"Node Type": "Streaming(type: LOCAL REDISTRIBUTE dop: 16/16)", "Parent Relationship": "Outer", "Startup Cost": 0.0, "Total Cost": 139099.07, "Plan Rows": 2609128, "Plan Width": 8, "Plans": [{"Node Type": "Index Scan", "Parent Relationship": "Outer", "Scan Direction": "Forward", "Index Name": "company_id_movie_companies", "Relation Name": "movie_companies", "Alias": "mc", "Startup Cost": 0.0, "Total Cost": 114212.92, "Plan Rows": 2609128, "Plan Width": 8}]}]}]}]}, {"Node Type": "Hash", "Parent Relationship": "Inner", "Startup Cost": 29042.93, "Total Cost": 29042.93, "Plan Rows": 85170, "Plan Width": 4, "Plans": [{"Node Type": "Streaming(type: LOCAL REDISTRIBUTE dop: 16/1)", "Parent Relationship": "Outer", "Startup Cost": 0.0, "Total Cost": 29042.93, "Plan Rows": 85170, "Plan Width": 4, "Plans": [{"Node Type": "Index Scan", "Parent Relationship": "Outer", "Scan Direction": "Forward", "Index Name": "company_name_pkey", "Relation Name": "company_name", "Alias": "cn", "Startup Cost": 0.0, "Total Cost": 10501.39, "Plan Rows": 85170, "Plan Width": 4, "Filter": "((country_code)::text = '[us]'::text)"}]}]}]}]}, {"Node Type": "Hash", "Parent Relationship": "Inner", "Startup Cost": 131553.26, "Total Cost": 131553.26, "Plan Rows": 4167490, "Plan Width": 4, "Plans": [{"Node Type": "Streaming(type: LOCAL REDISTRIBUTE dop: 16/16)", "Parent Relationship": "Outer", "Startup Cost": 0.0, "Total Cost": 131553.26, "Plan Rows": 4167490, "Plan Width": 4, "Plans": [{"Node Type": "Index Only Scan", "Parent Relationship": "Outer", "Scan Direction": "Forward", "Index Name": "name_pkey", "Relation Name": "name", "Alias": "n1", "Startup Cost": 0.0, "Total Cost": 100762.38, "Plan Rows": 4167490, "Plan Width": 4}]}]}]}]}, {"Node Type": "Hash", "Parent Relationship": "Inner", "Startup Cost": 125997.5, "Total Cost": 125997.5, "Plan Rows": 2528311, "Plan Width": 21, "Plans": [{"Node Type": "Streaming(type: LOCAL REDISTRIBUTE dop: 16/16)", "Parent Relationship": "Outer", "Startup Cost": 0.0, "Total Cost": 125997.5, "Plan Rows": 2528311, "Plan Width": 21, "Plans": [{"Node Type": "Index Scan", "Parent Relationship": "Outer", "Scan Direction": "Forward", "Index Name": "title_pkey", "Relation Name": "title", "Alias": "t", "Startup Cost": 0.0, "Total Cost": 101417.57, "Plan Rows": 2528311, "Plan Width": 21}]}]}]}]}]}]}, "Unique SQL Id": 2457761703, "Planner Runtime": 121}, "explain_analyze_plan": {"Plan": {"Node Type": "Aggregate", "Strategy": "Plain", "Startup Cost": 1386311.37, "Total Cost": 1386311.4, "Plan Rows": 1, "Plan Width": 97, "Actual Min Startup Time": 3016.727, "Actual Max Startup Time": 3016.727, "Actual Min Total Time": 3016.727, "Actual Max Total Time": 3016.727, "Plans": [{"Node Type": "Streaming(type: LOCAL GATHER dop: 1/16)", "Parent Relationship": "Outer", "Startup Cost": 1386311.37, "Total Cost": 1386311.4, "Plan Rows": 1, "Plan Width": 97, "Actual Min Startup Time": 3014.969, "Actual Max Startup Time": 3014.969, "Actual Min Total Time": 3016.698, "Actual Max Total Time": 3016.698, "Plans": [{"Node Type": "Aggregate", "Strategy": "Plain", "Parent Relationship": "Outer", "Startup Cost": 1386311.37, "Total Cost": 1386311.38, "Plan Rows": 1, "Plan Width": 97, "Actual Min Startup Time": 2452.307, "Actual Max Startup Time": 2773.943, "Actual Min Total Time": 2452.307, "Actual Max Total Time": 2773.943, "Plans": [{"Node Type": "Hash Join", "Parent Relationship": "Outer", "Join Type": "Inner", "Startup Cost": 252373.93, "Total Cost": 1384525.88, "Plan Rows": 357098, "Plan Width": 33, "Actual Min Startup Time": 1492.674, "Actual Max Startup Time": 1800.208, "Actual Min Total Time": 2442.179, "Actual Max Total Time": 2764.078, "Inner Unique": true, "Hash Cond": "(ci.movie_id = t.id), (LLVM Optimized, Jit Execute)", "Plans": [{"Node Type": "Streaming(type: LOCAL REDISTRIBUTE dop: 16/16)", "Parent Relationship": "Outer", "Startup Cost": 218899.31, "Total Cost": 1350744.31, "Plan Rows": 357379, "Plan Width": 24, "Actual Min Startup Time": 833.323, "Actual Max Startup Time": 866.804, "Actual Min Total Time": 1785.71, "Actual Max Total Time": 1789.384, "Plans": [{"Node Type": "Hash Join", "Parent Relationship": "Outer", "Join Type": "Inner", "Startup Cost": 218899.31, "Total Cost": 1334390.18, "Plan Rows": 357379, "Plan Width": 24, "Actual Min Startup Time": 1478.442, "Actual Max Startup Time": 1845.635, "Actual Min Total Time": 2411.533, "Actual Max Total Time": 2739.897, "Inner Unique": true, "Hash Cond": "(an1.person_id = n1.id), (LLVM Optimized, Jit Execute)", "Plans": [{"Node Type": "Streaming(type: LOCAL REDISTRIBUTE dop: 16/16)", "Parent Relationship": "Outer", "Startup Cost": 182755.14, "Total Cost": 1297938.9, "Plan Rows": 357379, "Plan Width": 32, "Actual Min Startup Time": 933.902, "Actual Max Startup Time": 1015.725, "Actual Min Total Time": 1841.143, "Actual Max Total Time": 1880.29, "Plans": [{"Node Type": "Hash Join", "Parent Relationship": "Outer", "Join Type": "Inner", "Startup Cost": 182755.14, "Total Cost": 1281584.76, "Plan Rows": 357379, "Plan Width": 32, "Actual Min Startup Time": 1476.517, "Actual Max Startup Time": 1785.65, "Actual Min Total Time": 2402.318, "Actual Max Total Time": 2712.944, "Inner Unique": true, "Hash Cond": "(mc.company_id = cn.id), (LLVM Optimized, Jit Execute)", "Plans": [{"Node Type": "Streaming(type: LOCAL REDISTRIBUTE dop: 16/16)", "Parent Relationship": "Outer", "Startup Cost": 175427.87, "Total Cost": 1273863.7, "Plan Rows": 727161, "Plan Width": 36, "Actual Min Startup Time": 939.808, "Actual Max Startup Time": 953.706, "Actual Min Total Time": 1837.829, "Actual Max Total Time": 1875.162, "Plans": [{"Node Type": "Hash Join", "Parent Relationship": "Outer", "Join Type": "Inner", "Startup Cost": 175427.87, "Total Cost": 1256108.44, "Plan Rows": 727161, "Plan Width": 36, "Actual Min Startup Time": 1472.901, "Actual Max Startup Time": 1695.103, "Actual Min Total Time": 2347.742, "Actual Max Total Time": 2564.668, "Inner Unique": false, "Hash Cond": "(ci.movie_id = mc.movie_id), (LLVM Optimized, Jit Execute)", "Plans": [{"Node Type": "Streaming(type: LOCAL REDISTRIBUTE dop: 16/16)", "Parent Relationship": "Outer", "Startup Cost": 137161.66, "Total Cost": 1215145.72, "Plan Rows": 1484588, "Plan Width": 28, "Actual Min Startup Time": 854.759, "Actual Max Startup Time": 865.43, "Actual Min Total Time": 1702.529, "Actual Max Total Time": 1733.903, "Plans": [{"Node Type": "Hash Join", "Parent Relationship": "Outer", "Join Type": "Inner", "Startup Cost": 137161.66, "Total Cost": 1194520.52, "Plan Rows": 1484588, "Plan Width": 28, "Actual Min Startup Time": 1454.824, "Actual Max Startup Time": 1724.007, "Actual Min Total Time": 2407.762, "Actual Max Total Time": 2640.284, "Inner Unique": false, "Hash Cond": "(ci.person_id = an1.person_id), (LLVM Optimized, Jit Execute)", "Plans": [{"Node Type": "Streaming(type: LOCAL REDISTRIBUTE dop: 16/16)", "Parent Relationship": "Outer", "Startup Cost": 15012.82, "Total Cost": 1066844.59, "Plan Rows": 3296318, "Plan Width": 8, "Actual Min Startup Time": 0.058, "Actual Max Startup Time": 8.898, "Actual Min Total Time": 908.405, "Actual Max Total Time": 957.393, "Plans": [{"Node Type": "Hash Join", "Parent Relationship": "Outer", "Join Type": "Inner", "Startup Cost": 15012.82, "Total Cost": 1039354.63, "Plan Rows": 3296318, "Plan Width": 8, "Actual Min Startup Time": 1432.293, "Actual Max Startup Time": 2264.926, "Actual Min Total Time": 1997.664, "Actual Max Total Time": 2264.926, "Inner Unique": true, "Hash Cond": "(ci.role_id = rt.id), (LLVM Optimized, Jit Execute)", "Plans": [{"Node Type": "Index Scan", "Parent Relationship": "Outer", "Scan Direction": "Forward", "Index Name": "role_id_cast_info", "Relation Name": "cast_info", "Alias": "ci", "Startup Cost": 0.0, "Total Cost": 1016601.9, "Plan Rows": 36259494, "Plan Width": 12, "Actual Min Startup Time": 525.127, "Actual Max Startup Time": 700.603, "Actual Min Total Time": 1579.979, "Actual Max Total Time": 1775.199, "Actual Rows": 36244343}, {"Node Type": "Hash", "Parent Relationship": "Inner", "Startup Cost": 15012.81, "Total Cost": 15012.81, "Plan Rows": 16, "Plan Width": 4, "Actual Min Startup Time": 0.008, "Actual Max Startup Time": 157.94, "Actual Min Total Time": 0.008, "Actual Max Total Time": 157.94, "Max Hash Buckets": 32768, "Min Hash Buckets": 32768, "Max Hash Batches": 1, "Min Hash Batches": 1, "Max Original Hash Batches": 1, "Min Original Hash Batches": 1, "Max Peak Memory Usage": 1, "min Peak Memory Usage": 1, "Plans": [{"Node Type": "Streaming(type: BROADCAST dop: 16/1)", "Parent Relationship": "Outer", "Startup Cost": 0.0, "Total Cost": 15012.81, "Plan Rows": 16, "Plan Width": 4, "Actual Min Startup Time": 0.004, "Actual Max Startup Time": 157.931, "Actual Min Total Time": 0.004, "Actual Max Total Time": 157.932, "Plans": [{"Node Type": "Index Scan", "Parent Relationship": "Outer", "Scan Direction": "Forward", "Index Name": "role_type_pkey", "Relation Name": "role_type", "Alias": "rt", "Startup Cost": 0.0, "Total Cost": 12.46, "Plan Rows": 1, "Plan Width": 4, "Actual Min Startup Time": 0.036, "Actual Max Startup Time": 0.036, "Actual Min Total Time": 0.039, "Actual Max Total Time": 0.039, "Filter": "((role)::text = 'costume designer'::text)", "Rows Removed by Filter": 11, "Actual Rows": 1}], "Actual Rows": 16}], "Actual Rows": 16}], "Actual Rows": 276403}], "Actual Rows": 276403}, {"Node Type": "Hash", "Parent Relationship": "Inner", "Startup Cost": 121444.67, "Total Cost": 121444.67, "Plan Rows": 901342, "Plan Width": 20, "Actual Min Startup Time": 1454.672, "Actual Max Startup Time": 1721.476, "Actual Min Total Time": 1454.672, "Actual Max Total Time": 1721.476, "Max Hash Buckets": 65536, "Min Hash Buckets": 65536, "Max Hash Batches": 1, "Min Hash Batches": 1, "Max Original Hash Batches": 1, "Min Original Hash Batches": 1, "Max Peak Memory Usage": 2981, "min Peak Memory Usage": 2981, "Plans": [{"Node Type": "Streaming(type: LOCAL REDISTRIBUTE dop: 16/1)", "Parent Relationship": "Outer", "Startup Cost": 0.0, "Total Cost": 121444.67, "Plan Rows": 901342, "Plan Width": 20, "Actual Min Startup Time": 0.038, "Actual Max Startup Time": 267.893, "Actual Min Total Time": 1437.52, "Actual Max Total Time": 1697.706, "Plans": [{"Node Type": "Index Scan", "Parent Relationship": "Outer", "Scan Direction": "Forward", "Index Name": "person_id_aka_name", "Relation Name": "aka_name", "Alias": "an1", "Startup Cost": 0.0, "Total Cost": 68965.03, "Plan Rows": 901342, "Plan Width": 20, "Actual Min Startup Time": 0.045, "Actual Max Startup Time": 0.045, "Actual Min Total Time": 790.494, "Actual Max Total Time": 790.494, "Actual Rows": 901342}], "Actual Rows": 901342}], "Actual Rows": 901342}], "Actual Rows": 218966}], "Actual Rows": 218966}, {"Node Type": "Hash", "Parent Relationship": "Inner", "Startup Cost": 139099.07, "Total Cost": 139099.07, "Plan Rows": 2609128, "Plan Width": 8, "Actual Min Startup Time": 615.186, "Actual Max Startup Time": 829.886, "Actual Min Total Time": 615.186, "Actual Max Total Time": 829.886, "Max Hash Buckets": 262144, "Min Hash Buckets": 262144, "Max Hash Batches": 1, "Min Hash Batches": 1, "Max Original Hash Batches": 1, "Min Original Hash Batches": 1, "Max Peak Memory Usage": 6396, "min Peak Memory Usage": 6396, "Plans": [{"Node Type": "Streaming(type: LOCAL REDISTRIBUTE dop: 16/16)", "Parent Relationship": "Outer", "Startup Cost": 0.0, "Total Cost": 139099.07, "Plan Rows": 2609128, "Plan Width": 8, "Actual Min Startup Time": 0.056, "Actual Max Startup Time": 113.189, "Actual Min Total Time": 559.012, "Actual Max Total Time": 772.166, "Plans": [{"Node Type": "Index Scan", "Parent Relationship": "Outer", "Scan Direction": "Forward", "Index Name": "company_id_movie_companies", "Relation Name": "movie_companies", "Alias": "mc", "Startup Cost": 0.0, "Total Cost": 114212.92, "Plan Rows": 2609128, "Plan Width": 8, "Actual Min Startup Time": 19.004, "Actual Max Startup Time": 177.289, "Actual Min Total Time": 203.954, "Actual Max Total Time": 513.187, "Actual Rows": 2609128}], "Actual Rows": 2609128}], "Actual Rows": 2609128}], "Actual Rows": 752819}], "Actual Rows": 752819}, {"Node Type": "Hash", "Parent Relationship": "Inner", "Startup Cost": 29042.93, "Total Cost": 29042.93, "Plan Rows": 85170, "Plan Width": 4, "Actual Min Startup Time": 536.375, "Actual Max Startup Time": 835.261, "Actual Min Total Time": 536.375, "Actual Max Total Time": 835.261, "Max Hash Buckets": 32768, "Min Hash Buckets": 32768, "Max Hash Batches": 1, "Min Hash Batches": 1, "Max Original Hash Batches": 1, "Min Original Hash Batches": 1, "Max Peak Memory Usage": 182, "min Peak Memory Usage": 182, "Plans": [{"Node Type": "Streaming(type: LOCAL REDISTRIBUTE dop: 16/1)", "Parent Relationship": "Outer", "Startup Cost": 0.0, "Total Cost": 29042.93, "Plan Rows": 85170, "Plan Width": 4, "Actual Min Startup Time": 0.032, "Actual Max Startup Time": 300.148, "Actual Min Total Time": 534.433, "Actual Max Total Time": 833.344, "Plans": [{"Node Type": "Index Scan", "Parent Relationship": "Outer", "Scan Direction": "Forward", "Index Name": "company_name_pkey", "Relation Name": "company_name", "Alias": "cn", "Startup Cost": 0.0, "Total Cost": 10501.39, "Plan Rows": 85170, "Plan Width": 4, "Actual Min Startup Time": 0.056, "Actual Max Startup Time": 0.056, "Actual Min Total Time": 461.422, "Actual Max Total Time": 461.422, "Filter": "((country_code)::text = '[us]'::text)", "Rows Removed by Filter": 150153, "Actual Rows": 84843}], "Actual Rows": 84843}], "Actual Rows": 84843}], "Actual Rows": 323005}], "Actual Rows": 323005}, {"Node Type": "Hash", "Parent Relationship": "Inner", "Startup Cost": 131553.26, "Total Cost": 131553.26, "Plan Rows": 4167490, "Plan Width": 4, "Actual Min Startup Time": 544.225, "Actual Max Startup Time": 856.796, "Actual Min Total Time": 544.225, "Actual Max Total Time": 856.796, "Max Hash Buckets": 262144, "Min Hash Buckets": 262144, "Max Hash Batches": 1, "Min Hash Batches": 1, "Max Original Hash Batches": 1, "Min Original Hash Batches": 1, "Max Peak Memory Usage": 9174, "min Peak Memory Usage": 9174, "Plans": [{"Node Type": "Streaming(type: LOCAL REDISTRIBUTE dop: 16/16)", "Parent Relationship": "Outer", "Startup Cost": 0.0, "Total Cost": 131553.26, "Plan Rows": 4167490, "Plan Width": 4, "Actual Min Startup Time": 0.051, "Actual Max Startup Time": 188.664, "Actual Min Total Time": 417.759, "Actual Max Total Time": 778.497, "Plans": [{"Node Type": "Index Only Scan", "Parent Relationship": "Outer", "Scan Direction": "Forward", "Index Name": "name_pkey", "Relation Name": "name", "Alias": "n1", "Startup Cost": 0.0, "Total Cost": 100762.38, "Plan Rows": 4167490, "Plan Width": 4, "Actual Min Startup Time": 17.283, "Actual Max Startup Time": 192.328, "Actual Min Total Time": 76.095, "Actual Max Total Time": 250.704, "Heap Fetches": 0, "Actual Rows": 4167490}], "Actual Rows": 4167490}], "Actual Rows": 4167490}], "Actual Rows": 323005}], "Actual Rows": 323005}, {"Node Type": "Hash", "Parent Relationship": "Inner", "Startup Cost": 125997.5, "Total Cost": 125997.5, "Plan Rows": 2528311, "Plan Width": 21, "Actual Min Startup Time": 645.186, "Actual Max Startup Time": 966.673, "Actual Min Total Time": 645.186, "Actual Max Total Time": 966.673, "Max Hash Buckets": 262144, "Min Hash Buckets": 262144, "Max Hash Batches": 1, "Min Hash Batches": 1, "Max Original Hash Batches": 1, "Min Original Hash Batches": 1, "Max Peak Memory Usage": 8518, "min Peak Memory Usage": 8518, "Plans": [{"Node Type": "Streaming(type: LOCAL REDISTRIBUTE dop: 16/16)", "Parent Relationship": "Outer", "Startup Cost": 0.0, "Total Cost": 125997.5, "Plan Rows": 2528311, "Plan Width": 21, "Actual Min Startup Time": 0.051, "Actual Max Startup Time": 213.68, "Actual Min Total Time": 568.68, "Actual Max Total Time": 915.11, "Plans": [{"Node Type": "Index Scan", "Parent Relationship": "Outer", "Scan Direction": "Forward", "Index Name": "title_pkey", "Relation Name": "title", "Alias": "t", "Startup Cost": 0.0, "Total Cost": 101417.57, "Plan Rows": 2528311, "Plan Width": 21, "Actual Min Startup Time": 15.493, "Actual Max Startup Time": 56.079, "Actual Min Total Time": 308.397, "Actual Max Total Time": 483.077, "Actual Rows": 2528311}], "Actual Rows": 2528311}], "Actual Rows": 2528311}], "Actual Rows": 323005}], "Actual Rows": 16}], "Actual Rows": 16}], "Actual Rows": 1}, "Triggers": [], "Planner Runtime": 122.952, "Total Runtime": 3060.918, "Unique SQL Id": 2457761703}}, "(16, '74')": {"explain_plan": {"Plan": {"Node Type": "Aggregate", "Strategy": "Plain", "Startup Cost": 287566.27, "Total Cost": 287566.3, "Plan Rows": 1, "Plan Width": 97, "Plans": [{"Node Type": "Streaming(type: LOCAL GATHER dop: 1/16)", "Parent Relationship": "Outer", "Startup Cost": 287566.27, "Total Cost": 287566.3, "Plan Rows": 1, "Plan Width": 97, "Plans": [{"Node Type": "Aggregate", "Strategy": "Plain", "Parent Relationship": "Outer", "Startup Cost": 287566.27, "Total Cost": 287566.28, "Plan Rows": 1, "Plan Width": 97, "Plans": [{"Node Type": "Hash Join", "Parent Relationship": "Outer", "Join Type": "Inner", "Startup Cost": 142621.96, "Total Cost": 285780.78, "Plan Rows": 357098, "Plan Width": 33, "Inner Unique": true, "Hash Cond": "(an1.person_id = n1.id), (LLVM Optimized)", "Plans": [{"Node Type": "Streaming(type: LOCAL REDISTRIBUTE dop: 16/16)", "Parent Relationship": "Outer", "Startup Cost": 126464.14, "Total Cost": 269316.07, "Plan Rows": 357098, "Plan Width": 41, "Plans": [{"Node Type": "Hash Join", "Parent Relationship": "Outer", "Join Type": "Inner", "Startup Cost": 126464.14, "Total Cost": 252963.01, "Plan Rows": 357098, "Plan Width": 41, "Inner Unique": true, "Hash Cond": "(ci.movie_id = t.id), (LLVM Optimized)", "Plans": [{"Node Type": "Streaming(type: LOCAL REDISTRIBUTE dop: 16/16)", "Parent Relationship": "Outer", "Startup Cost": 113655.34, "Total Cost": 239847.25, "Plan Rows": 357379, "Plan Width": 32, "Plans": [{"Node Type": "Hash Join", "Parent Relationship": "Outer", "Join Type": "Inner", "Startup Cost": 113655.34, "Total Cost": 223493.12, "Plan Rows": 357379, "Plan Width": 32, "Inner Unique": false, "Hash Cond": "(ci.person_id = an1.person_id), (LLVM Optimized)", "Plans": [{"Node Type": "Streaming(type: LOCAL REDISTRIBUTE dop: 16/16)", "Parent Relationship": "Outer", "Startup Cost": 104286.28, "Total Cost": 212931.86, "Plan Rows": 711018, "Plan Width": 12, "Plans": [{"Node Type": "Hash Join", "Parent Relationship": "Outer", "Join Type": "Inner", "Startup Cost": 104286.28, "Total Cost": 195237.77, "Plan Rows": 711018, "Plan Width": 12, "Inner Unique": false, "Hash Cond": "(ci.movie_id = mc.movie_id), (LLVM Optimized)", "Plans": [{"Node Type": "Streaming(type: LOCAL REDISTRIBUTE dop: 16/16)", "Parent Relationship": "Outer", "Startup Cost": 15001.51, "Total Cost": 102848.74, "Plan Rows": 3296318, "Plan Width": 8, "Plans": [{"Node Type": "Hash Join", "Parent Relationship": "Outer", "Join Type": "Inner", "Startup Cost": 15001.51, "Total Cost": 75358.79, "Plan Rows": 3296318, "Plan Width": 8, "Inner Unique": true, "Hash Cond": "(ci.role_id = rt.id), (LLVM Optimized)", "Plans": [{"Node Type": "Seq Scan", "Parent Relationship": "Outer", "Relation Name": "cast_info", "Alias": "ci", "Startup Cost": 0.0, "Total Cost": 52617.37, "Plan Rows": 36259494, "Plan Width": 12}, {"Node Type": "Hash", "Parent Relationship": "Inner", "Startup Cost": 15001.5, "Total Cost": 15001.5, "Plan Rows": 16, "Plan Width": 4, "Plans": [{"Node Type": "Streaming(type: BROADCAST dop: 16/1)", "Parent Relationship": "Outer", "Startup Cost": 0.0, "Total Cost": 15001.5, "Plan Rows": 16, "Plan Width": 4, "Plans": [{"Node Type": "Seq Scan", "Parent Relationship": "Outer", "Relation Name": "role_type", "Alias": "rt", "Startup Cost": 0.0, "Total Cost": 1.15, "Plan Rows": 1, "Plan Width": 4, "Filter": "((role)::text = 'costume designer'::text)"}]}]}]}]}, {"Node Type": "Hash", "Parent Relationship": "Inner", "Startup Cost": 88282.97, "Total Cost": 88282.97, "Plan Rows": 1282311, "Plan Width": 4, "Plans": [{"Node Type": "Streaming(type: LOCAL REDISTRIBUTE dop: 16/16)", "Parent Relationship": "Outer", "Startup Cost": 24511.53, "Total Cost": 88282.97, "Plan Rows": 1282311, "Plan Width": 4, "Plans": [{"Node Type": "Hash Join", "Parent Relationship": "Outer", "Join Type": "Inner", "Startup Cost": 24511.53, "Total Cost": 68424.21, "Plan Rows": 1282311, "Plan Width": 4, "Inner Unique": true, "Hash Cond": "(mc.company_id = cn.id), (LLVM Optimized)", "Plans": [{"Node Type": "Streaming(type: LOCAL REDISTRIBUTE dop: 16/16)", "Parent Relationship": "Outer", "Startup Cost": 0.0, "Total Cost": 42499.73, "Plan Rows": 2609128, "Plan Width": 8, "Plans": [{"Node Type": "Seq Scan", "Parent Relationship": "Outer", "Relation Name": "movie_companies", "Alias": "mc", "Startup Cost": 0.0, "Total Cost": 17613.58, "Plan Rows": 2609128, "Plan Width": 8}]}, {"Node Type": "Hash", "Parent Relationship": "Inner", "Startup Cost": 24444.99, "Total Cost": 24444.99, "Plan Rows": 85170, "Plan Width": 4, "Plans": [{"Node Type": "Streaming(type: LOCAL REDISTRIBUTE dop: 16/1)", "Parent Relationship": "Outer", "Startup Cost": 0.0, "Total Cost": 24444.99, "Plan Rows": 85170, "Plan Width": 4, "Plans": [{"Node Type": "Seq Scan", "Parent Relationship": "Outer", "Relation Name": "company_name", "Alias": "cn", "Startup Cost": 0.0, "Total Cost": 5903.45, "Plan Rows": 85170, "Plan Width": 4, "Filter": "((country_code)::text = '[us]'::text)"}]}]}]}]}]}]}]}, {"Node Type": "Hash", "Parent Relationship": "Inner", "Startup Cost": 34659.52, "Total Cost": 34659.52, "Plan Rows": 901342, "Plan Width": 20, "Plans": [{"Node Type": "Streaming(type: LOCAL REDISTRIBUTE dop: 16/16)", "Parent Relationship": "Outer", "Startup Cost": 0.0, "Total Cost": 34659.52, "Plan Rows": 901342, "Plan Width": 20, "Plans": [{"Node Type": "Seq Scan", "Parent Relationship": "Outer", "Relation Name": "aka_name", "Alias": "an1", "Startup Cost": 0.0, "Total Cost": 16244.28, "Plan Rows": 901342, "Plan Width": 20}]}]}]}]}, {"Node Type": "Hash", "Parent Relationship": "Inner", "Startup Cost": 43334.25, "Total Cost": 43334.25, "Plan Rows": 2528311, "Plan Width": 21, "Plans": [{"Node Type": "Streaming(type: LOCAL REDISTRIBUTE dop: 16/16)", "Parent Relationship": "Outer", "Startup Cost": 0.0, "Total Cost": 43334.25, "Plan Rows": 2528311, "Plan Width": 21, "Plans": [{"Node Type": "Seq Scan", "Parent Relationship": "Outer", "Relation Name": "title", "Alias": "t", "Startup Cost": 0.0, "Total Cost": 18754.32, "Plan Rows": 2528311, "Plan Width": 21}]}]}]}]}, {"Node Type": "Hash", "Parent Relationship": "Inner", "Startup Cost": 51607.87, "Total Cost": 51607.87, "Plan Rows": 4167490, "Plan Width": 4, "Plans": [{"Node Type": "Streaming(type: LOCAL REDISTRIBUTE dop: 16/16)", "Parent Relationship": "Outer", "Startup Cost": 0.0, "Total Cost": 51607.87, "Plan Rows": 4167490, "Plan Width": 4, "Plans": [{"Node Type": "Seq Scan", "Parent Relationship": "Outer", "Relation Name": "name", "Alias": "n1", "Startup Cost": 0.0, "Total Cost": 20816.99, "Plan Rows": 4167490, "Plan Width": 4}]}]}]}]}]}]}, "Unique SQL Id": 2457761703, "Planner Runtime": 269}, "explain_analyze_plan": {"Plan": {"Node Type": "Aggregate", "Strategy": "Plain", "Startup Cost": 287566.27, "Total Cost": 287566.3, "Plan Rows": 1, "Plan Width": 97, "Actual Min Startup Time": 1429.474, "Actual Max Startup Time": 1429.474, "Actual Min Total Time": 1429.474, "Actual Max Total Time": 1429.474, "Plans": [{"Node Type": "Streaming(type: LOCAL GATHER dop: 1/16)", "Parent Relationship": "Outer", "Startup Cost": 287566.27, "Total Cost": 287566.3, "Plan Rows": 1, "Plan Width": 97, "Actual Min Startup Time": 1428.475, "Actual Max Startup Time": 1428.475, "Actual Min Total Time": 1429.447, "Actual Max Total Time": 1429.447, "Plans": [{"Node Type": "Aggregate", "Strategy": "Plain", "Parent Relationship": "Outer", "Startup Cost": 287566.27, "Total Cost": 287566.28, "Plan Rows": 1, "Plan Width": 97, "Actual Min Startup Time": 1046.427, "Actual Max Startup Time": 1225.524, "Actual Min Total Time": 1046.427, "Actual Max Total Time": 1225.525, "Plans": [{"Node Type": "Hash Join", "Parent Relationship": "Outer", "Join Type": "Inner", "Startup Cost": 142621.96, "Total Cost": 285780.78, "Plan Rows": 357098, "Plan Width": 33, "Actual Min Startup Time": 657.95, "Actual Max Startup Time": 846.411, "Actual Min Total Time": 1031.721, "Actual Max Total Time": 1217.172, "Inner Unique": true, "Hash Cond": "(an1.person_id = n1.id), (LLVM Optimized, Jit Execute)", "Plans": [{"Node Type": "Streaming(type: LOCAL REDISTRIBUTE dop: 16/16)", "Parent Relationship": "Outer", "Startup Cost": 126464.14, "Total Cost": 269316.07, "Plan Rows": 357098, "Plan Width": 41, "Actual Min Startup Time": 138.252, "Actual Max Startup Time": 161.278, "Actual Min Total Time": 500.465, "Actual Max Total Time": 521.157, "Plans": [{"Node Type": "Hash Join", "Parent Relationship": "Outer", "Join Type": "Inner", "Startup Cost": 126464.14, "Total Cost": 252963.01, "Plan Rows": 357098, "Plan Width": 41, "Actual Min Startup Time": 650.282, "Actual Max Startup Time": 827.406, "Actual Min Total Time": 1018.2, "Actual Max Total Time": 1197.69, "Inner Unique": true, "Hash Cond": "(ci.movie_id = t.id), (LLVM Optimized, Jit Execute)", "Plans": [{"Node Type": "Streaming(type: LOCAL REDISTRIBUTE dop: 16/16)", "Parent Relationship": "Outer", "Startup Cost": 113655.34, "Total Cost": 239847.25, "Plan Rows": 357379, "Plan Width": 32, "Actual Min Startup Time": 284.581, "Actual Max Startup Time": 292.563, "Actual Min Total Time": 643.034, "Actual Max Total Time": 653.83, "Plans": [{"Node Type": "Hash Join", "Parent Relationship": "Outer", "Join Type": "Inner", "Startup Cost": 113655.34, "Total Cost": 223493.12, "Plan Rows": 357379, "Plan Width": 32, "Actual Min Startup Time": 656.508, "Actual Max Startup Time": 864.813, "Actual Min Total Time": 976.219, "Actual Max Total Time": 1211.51, "Inner Unique": false, "Hash Cond": "(ci.person_id = an1.person_id), (LLVM Optimized, Jit Execute)", "Plans": [{"Node Type": "Streaming(type: LOCAL REDISTRIBUTE dop: 16/16)", "Parent Relationship": "Outer", "Startup Cost": 104286.28, "Total Cost": 212931.86, "Plan Rows": 711018, "Plan Width": 12, "Actual Min Startup Time": 516.593, "Actual Max Startup Time": 530.476, "Actual Min Total Time": 825.032, "Actual Max Total Time": 876.688, "Plans": [{"Node Type": "Hash Join", "Parent Relationship": "Outer", "Join Type": "Inner", "Startup Cost": 104286.28, "Total Cost": 195237.77, "Plan Rows": 711018, "Plan Width": 12, "Actual Min Startup Time": 655.48, "Actual Max Startup Time": 884.626, "Actual Min Total Time": 967.321, "Actual Max Total Time": 1196.253, "Inner Unique": false, "Hash Cond": "(ci.movie_id = mc.movie_id), (LLVM Optimized, Jit Execute)", "Plans": [{"Node Type": "Streaming(type: LOCAL REDISTRIBUTE dop: 16/16)", "Parent Relationship": "Outer", "Startup Cost": 15001.51, "Total Cost": 102848.74, "Plan Rows": 3296318, "Plan Width": 8, "Actual Min Startup Time": 0.062, "Actual Max Startup Time": 0.846, "Actual Min Total Time": 293.775, "Actual Max Total Time": 312.773, "Plans": [{"Node Type": "Hash Join", "Parent Relationship": "Outer", "Join Type": "Inner", "Startup Cost": 15001.51, "Total Cost": 75358.79, "Plan Rows": 3296318, "Plan Width": 8, "Actual Min Startup Time": 729.862, "Actual Max Startup Time": 782.989, "Actual Min Total Time": 934.617, "Actual Max Total Time": 992.529, "Inner Unique": true, "Hash Cond": "(ci.role_id = rt.id), (LLVM Optimized, Jit Execute)", "Plans": [{"Node Type": "Seq Scan", "Parent Relationship": "Outer", "Relation Name": "cast_info", "Alias": "ci", "Startup Cost": 0.0, "Total Cost": 52617.37, "Plan Rows": 36259494, "Plan Width": 12, "Actual Min Startup Time": 0.029, "Actual Max Startup Time": 0.042, "Actual Min Total Time": 515.441, "Actual Max Total Time": 569.135, "Actual Rows": 36244343}, {"Node Type": "Hash", "Parent Relationship": "Inner", "Startup Cost": 15001.5, "Total Cost": 15001.5, "Plan Rows": 16, "Plan Width": 4, "Actual Min Startup Time": 0.012, "Actual Max Startup Time": 11.903, "Actual Min Total Time": 0.012, "Actual Max Total Time": 11.903, "Max Hash Buckets": 32768, "Min Hash Buckets": 32768, "Max Hash Batches": 1, "Min Hash Batches": 1, "Max Original Hash Batches": 1, "Min Original Hash Batches": 1, "Max Peak Memory Usage": 1, "min Peak Memory Usage": 1, "Plans": [{"Node Type": "Streaming(type: BROADCAST dop: 16/1)", "Parent Relationship": "Outer", "Startup Cost": 0.0, "Total Cost": 15001.5, "Plan Rows": 16, "Plan Width": 4, "Actual Min Startup Time": 0.004, "Actual Max Startup Time": 11.888, "Actual Min Total Time": 0.004, "Actual Max Total Time": 11.889, "Plans": [{"Node Type": "Seq Scan", "Parent Relationship": "Outer", "Relation Name": "role_type", "Alias": "rt", "Startup Cost": 0.0, "Total Cost": 1.15, "Plan Rows": 1, "Plan Width": 4, "Actual Min Startup Time": 0.025, "Actual Max Startup Time": 0.025, "Actual Min Total Time": 0.027, "Actual Max Total Time": 0.027, "Filter": "((role)::text = 'costume designer'::text)", "Rows Removed by Filter": 11, "Actual Rows": 1}], "Actual Rows": 16}], "Actual Rows": 16}], "Actual Rows": 276403}], "Actual Rows": 276403}, {"Node Type": "Hash", "Parent Relationship": "Inner", "Startup Cost": 88282.97, "Total Cost": 88282.97, "Plan Rows": 1282311, "Plan Width": 4, "Actual Min Startup Time": 655.204, "Actual Max Startup Time": 884.113, "Actual Min Total Time": 655.204, "Actual Max Total Time": 884.113, "Max Hash Buckets": 131072, "Min Hash Buckets": 131072, "Max Hash Batches": 1, "Min Hash Batches": 1, "Max Original Hash Batches": 1, "Min Original Hash Batches": 1, "Max Peak Memory Usage": 2542, "min Peak Memory Usage": 2542, "Plans": [{"Node Type": "Streaming(type: LOCAL REDISTRIBUTE dop: 16/16)", "Parent Relationship": "Outer", "Startup Cost": 24511.53, "Total Cost": 88282.97, "Plan Rows": 1282311, "Plan Width": 4, "Actual Min Startup Time": 186.112, "Actual Max Startup Time": 414.758, "Actual Min Total Time": 627.769, "Actual Max Total Time": 863.493, "Plans": [{"Node Type": "Hash Join", "Parent Relationship": "Outer", "Join Type": "Inner", "Startup Cost": 24511.53, "Total Cost": 68424.21, "Plan Rows": 1282311, "Plan Width": 4, "Actual Min Startup Time": 176.757, "Actual Max Startup Time": 400.58, "Actual Min Total Time": 517.522, "Actual Max Total Time": 794.956, "Inner Unique": true, "Hash Cond": "(mc.company_id = cn.id), (LLVM Optimized, Jit Execute)", "Plans": [{"Node Type": "Streaming(type: LOCAL REDISTRIBUTE dop: 16/16)", "Parent Relationship": "Outer", "Startup Cost": 0.0, "Total Cost": 42499.73, "Plan Rows": 2609128, "Plan Width": 8, "Actual Min Startup Time": 0.062, "Actual Max Startup Time": 1.791, "Actual Min Total Time": 265.249, "Actual Max Total Time": 357.061, "Plans": [{"Node Type": "Seq Scan", "Parent Relationship": "Outer", "Relation Name": "movie_companies", "Alias": "mc", "Startup Cost": 0.0, "Total Cost": 17613.58, "Plan Rows": 2609128, "Plan Width": 8, "Actual Min Startup Time": 0.026, "Actual Max Startup Time": 0.044, "Actual Min Total Time": 42.83, "Actual Max Total Time": 51.451, "Actual Rows": 2609128}], "Actual Rows": 2609128}, {"Node Type": "Hash", "Parent Relationship": "Inner", "Startup Cost": 24444.99, "Total Cost": 24444.99, "Plan Rows": 85170, "Plan Width": 4, "Actual Min Startup Time": 176.63, "Actual Max Startup Time": 399.346, "Actual Min Total Time": 176.63, "Actual Max Total Time": 399.346, "Max Hash Buckets": 32768, "Min Hash Buckets": 32768, "Max Hash Batches": 1, "Min Hash Batches": 1, "Max Original Hash Batches": 1, "Min Original Hash Batches": 1, "Max Peak Memory Usage": 182, "min Peak Memory Usage": 182, "Plans": [{"Node Type": "Streaming(type: LOCAL REDISTRIBUTE dop: 16/1)", "Parent Relationship": "Outer", "Startup Cost": 0.0, "Total Cost": 24444.99, "Plan Rows": 85170, "Plan Width": 4, "Actual Min Startup Time": 0.035, "Actual Max Startup Time": 218.603, "Actual Min Total Time": 174.868, "Actual Max Total Time": 397.632, "Plans": [{"Node Type": "Seq Scan", "Parent Relationship": "Outer", "Relation Name": "company_name", "Alias": "cn", "Startup Cost": 0.0, "Total Cost": 5903.45, "Plan Rows": 85170, "Plan Width": 4, "Actual Min Startup Time": 0.038, "Actual Max Startup Time": 0.038, "Actual Min Total Time": 94.596, "Actual Max Total Time": 94.596, "Filter": "((country_code)::text = '[us]'::text)", "Rows Removed by Filter": 150153, "Actual Rows": 84843}], "Actual Rows": 84843}], "Actual Rows": 84843}], "Actual Rows": 1153797}], "Actual Rows": 1153797}], "Actual Rows": 1153797}], "Actual Rows": 285537}], "Actual Rows": 285537}, {"Node Type": "Hash", "Parent Relationship": "Inner", "Startup Cost": 34659.52, "Total Cost": 34659.52, "Plan Rows": 901342, "Plan Width": 20, "Actual Min Startup Time": 129.879, "Actual Max Startup Time": 348.156, "Actual Min Total Time": 129.879, "Actual Max Total Time": 348.156, "Max Hash Buckets": 65536, "Min Hash Buckets": 65536, "Max Hash Batches": 1, "Min Hash Batches": 1, "Max Original Hash Batches": 1, "Min Original Hash Batches": 1, "Max Peak Memory Usage": 2981, "min Peak Memory Usage": 2981, "Plans": [{"Node Type": "Streaming(type: LOCAL REDISTRIBUTE dop: 16/16)", "Parent Relationship": "Outer", "Startup Cost": 0.0, "Total Cost": 34659.52, "Plan Rows": 901342, "Plan Width": 20, "Actual Min Startup Time": 0.048, "Actual Max Startup Time": 211.292, "Actual Min Total Time": 113.469, "Actual Max Total Time": 331.199, "Plans": [{"Node Type": "Seq Scan", "Parent Relationship": "Outer", "Relation Name": "aka_name", "Alias": "an1", "Startup Cost": 0.0, "Total Cost": 16244.28, "Plan Rows": 901342, "Plan Width": 20, "Actual Min Startup Time": 0.02, "Actual Max Startup Time": 0.037, "Actual Min Total Time": 16.899, "Actual Max Total Time": 20.777, "Actual Rows": 901342}], "Actual Rows": 901342}], "Actual Rows": 901342}], "Actual Rows": 323005}], "Actual Rows": 323005}, {"Node Type": "Hash", "Parent Relationship": "Inner", "Startup Cost": 43334.25, "Total Cost": 43334.25, "Plan Rows": 2528311, "Plan Width": 21, "Actual Min Startup Time": 361.928, "Actual Max Startup Time": 536.694, "Actual Min Total Time": 361.928, "Actual Max Total Time": 536.694, "Max Hash Buckets": 262144, "Min Hash Buckets": 262144, "Max Hash Batches": 1, "Min Hash Batches": 1, "Max Original Hash Batches": 1, "Min Original Hash Batches": 1, "Max Peak Memory Usage": 8518, "min Peak Memory Usage": 8518, "Plans": [{"Node Type": "Streaming(type: LOCAL REDISTRIBUTE dop: 16/16)", "Parent Relationship": "Outer", "Startup Cost": 0.0, "Total Cost": 43334.25, "Plan Rows": 2528311, "Plan Width": 21, "Actual Min Startup Time": 0.052, "Actual Max Startup Time": 29.929, "Actual Min Total Time": 291.244, "Actual Max Total Time": 484.112, "Plans": [{"Node Type": "Seq Scan", "Parent Relationship": "Outer", "Relation Name": "title", "Alias": "t", "Startup Cost": 0.0, "Total Cost": 18754.32, "Plan Rows": 2528311, "Plan Width": 21, "Actual Min Startup Time": 0.018, "Actual Max Startup Time": 0.034, "Actual Min Total Time": 48.948, "Actual Max Total Time": 58.428, "Actual Rows": 2528311}], "Actual Rows": 2528311}], "Actual Rows": 2528311}], "Actual Rows": 323005}], "Actual Rows": 323005}, {"Node Type": "Hash", "Parent Relationship": "Inner", "Startup Cost": 51607.87, "Total Cost": 51607.87, "Plan Rows": 4167490, "Plan Width": 4, "Actual Min Startup Time": 514.494, "Actual Max Startup Time": 693.507, "Actual Min Total Time": 514.494, "Actual Max Total Time": 693.507, "Max Hash Buckets": 262144, "Min Hash Buckets": 262144, "Max Hash Batches": 1, "Min Hash Batches": 1, "Max Original Hash Batches": 1, "Min Original Hash Batches": 1, "Max Peak Memory Usage": 9174, "min Peak Memory Usage": 9174, "Plans": [{"Node Type": "Streaming(type: LOCAL REDISTRIBUTE dop: 16/16)", "Parent Relationship": "Outer", "Startup Cost": 0.0, "Total Cost": 51607.87, "Plan Rows": 4167490, "Plan Width": 4, "Actual Min Startup Time": 0.053, "Actual Max Startup Time": 140.533, "Actual Min Total Time": 409.113, "Actual Max Total Time": 612.992, "Plans": [{"Node Type": "Seq Scan", "Parent Relationship": "Outer", "Relation Name": "name", "Alias": "n1", "Startup Cost": 0.0, "Total Cost": 20816.99, "Plan Rows": 4167490, "Plan Width": 4, "Actual Min Startup Time": 0.017, "Actual Max Startup Time": 0.034, "Actual Min Total Time": 74.859, "Actual Max Total Time": 86.06, "Actual Rows": 4167490}], "Actual Rows": 4167490}], "Actual Rows": 4167490}], "Actual Rows": 323005}], "Actual Rows": 16}], "Actual Rows": 16}], "Actual Rows": 1}, "Triggers": [], "Planner Runtime": 195.615, "Total Runtime": 1475.961, "Unique SQL Id": 2457761703}}, "(16, '75')": {"explain_plan": {"Plan": {"Node Type": "Aggregate", "Strategy": "Plain", "Startup Cost": 6720943715063.29, "Total Cost": 6720943715063.3, "Plan Rows": 1, "Plan Width": 97, "Plans": [{"Node Type": "Hash Join", "Parent Relationship": "Outer", "Join Type": "Inner", "Startup Cost": 4029125744837.46, "Total Cost": 6720943713277.8, "Plan Rows": 357098, "Plan Width": 33, "Inner Unique": false, "Hash Cond": "(ci.movie_id = t.id), (LLVM Optimized)", "Plans": [{"Node Type": "Hash Join", "Parent Relationship": "Outer", "Join Type": "Inner", "Startup Cost": 1030049898442.37, "Total Cost": 3721867853791.89, "Plan Rows": 1484588, "Plan Width": 20, "Inner Unique": true, "Hash Cond": "(ci.role_id = rt.id), (LLVM Optimized)", "Plans": [{"Node Type": "Merge Join", "Parent Relationship": "Outer", "Join Type": "Inner", "Startup Cost": 30049897196.36, "Total Cost": 2721867796771.75, "Plan Rows": 16330470, "Plan Width": 24, "Inner Unique": false, "Merge Cond": "(an1.person_id = ci.person_id)", "Plans": [{"Node Type": "Merge Join", "Parent Relationship": "Outer", "Join Type": "Inner", "Startup Cost": 20030754356.47, "Total Cost": 2000002534968.85, "Plan Rows": 901342, "Plan Width": 24, "Inner Unique": true, "Merge Cond": "(an1.person_id = n1.id)", "Plans": [{"Node Type": "Index Scan", "Parent Relationship": "Outer", "Scan Direction": "Forward", "Index Name": "person_id_aka_name", "Relation Name": "aka_name", "Alias": "an1", "Startup Cost": 10000000000.0, "Total Cost": 1000006896503.43, "Plan Rows": 901342, "Plan Width": 20}, {"Node Type": "Index Only Scan", "Parent Relationship": "Inner", "Scan Direction": "Forward", "Index Name": "name_pkey", "Relation Name": "name", "Alias": "n1", "Startup Cost": 10000000000.0, "Total Cost": 1000012483260.0, "Plan Rows": 4167490, "Plan Width": 4}]}, {"Node Type": "Index Scan", "Parent Relationship": "Inner", "Scan Direction": "Forward", "Index Name": "person_id_cast_info", "Relation Name": "cast_info", "Alias": "ci", "Startup Cost": 10000000000.0, "Total Cost": 1000170648833.21, "Plan Rows": 36259494, "Plan Width": 12}]}, {"Node Type": "Hash", "Parent Relationship": "Inner", "Startup Cost": 1000000001246.0, "Total Cost": 1000000001246.0, "Plan Rows": 1, "Plan Width": 4, "Plans": [{"Node Type": "Index Scan", "Parent Relationship": "Outer", "Scan Direction": "Forward", "Index Name": "role_type_pkey", "Relation Name": "role_type", "Alias": "rt", "Startup Cost": 10000000000.0, "Total Cost": 1000000001246.0, "Plan Rows": 1, "Plan Width": 4, "Filter": "((role)::text = 'costume designer'::text)"}]}]}, {"Node Type": "Hash", "Parent Relationship": "Inner", "Startup Cost": 2999075830366.2, "Total Cost": 2999075830366.2, "Plan Rows": 1282311, "Plan Width": 25, "Plans": [{"Node Type": "Merge Join", "Parent Relationship": "Outer", "Join Type": "Inner", "Startup Cost": 2010035495066.48, "Total Cost": 2999075830366.2, "Plan Rows": 1282311, "Plan Width": 25, "Inner Unique": true, "Merge Cond": "(mc.movie_id = t.id)", "Plans": [{"Node Type": "Sort", "Parent Relationship": "Outer", "Startup Cost": 2000013567140.28, "Total Cost": 2000013570346.05, "Plan Rows": 1282311, "Plan Width": 4, "Sort Key": ["mc.movie_id"], "Plans": [{"Node Type": "Merge Join", "Parent Relationship": "Outer", "Join Type": "Inner", "Startup Cost": 45724640147.62, "Total Cost": 2000013437047.81, "Plan Rows": 1282311, "Plan Width": 4, "Inner Unique": false, "Merge Cond": "(cn.id = mc.company_id)", "Plans": [{"Node Type": "Index Scan", "Parent Relationship": "Outer", "Scan Direction": "Forward", "Index Name": "company_name_pkey", "Relation Name": "company_name", "Alias": "cn", "Startup Cost": 10000000000.0, "Total Cost": 1000001050138.97, "Plan Rows": 85170, "Plan Width": 4, "Filter": "((country_code)::text = '[us]'::text)"}, {"Node Type": "Index Scan", "Parent Relationship": "Inner", "Scan Direction": "Forward", "Index Name": "company_id_movie_companies", "Relation Name": "movie_companies", "Alias": "mc", "Startup Cost": 10000000000.0, "Total Cost": 1000012367349.98, "Plan Rows": 2609128, "Plan Width": 8}]}]}, {"Node Type": "Index Scan", "Parent Relationship": "Inner", "Scan Direction": "Forward", "Index Name": "title_pkey", "Relation Name": "title", "Alias": "t", "Startup Cost": 10000000000.0, "Total Cost": 1000011012048.91, "Plan Rows": 2528311, "Plan Width": 21}]}]}]}]}, "Unique SQL Id": 2457761703, "Planner Runtime": 150}, "explain_analyze_plan": null}, "(16, '76')": {"explain_plan": {"Plan": {"Node Type": "Aggregate", "Strategy": "Plain", "Startup Cost": 287566.27, "Total Cost": 287566.3, "Plan Rows": 1, "Plan Width": 97, "Plans": [{"Node Type": "Streaming(type: LOCAL GATHER dop: 1/16)", "Parent Relationship": "Outer", "Startup Cost": 287566.27, "Total Cost": 287566.3, "Plan Rows": 1, "Plan Width": 97, "Plans": [{"Node Type": "Aggregate", "Strategy": "Plain", "Parent Relationship": "Outer", "Startup Cost": 287566.27, "Total Cost": 287566.28, "Plan Rows": 1, "Plan Width": 97, "Plans": [{"Node Type": "Hash Join", "Parent Relationship": "Outer", "Join Type": "Inner", "Startup Cost": 142621.96, "Total Cost": 285780.78, "Plan Rows": 357098, "Plan Width": 33, "Inner Unique": true, "Hash Cond": "(an1.person_id = n1.id), (LLVM Optimized)", "Plans": [{"Node Type": "Streaming(type: LOCAL REDISTRIBUTE dop: 16/16)", "Parent Relationship": "Outer", "Startup Cost": 126464.14, "Total Cost": 269316.07, "Plan Rows": 357098, "Plan Width": 41, "Plans": [{"Node Type": "Hash Join", "Parent Relationship": "Outer", "Join Type": "Inner", "Startup Cost": 126464.14, "Total Cost": 252963.01, "Plan Rows": 357098, "Plan Width": 41, "Inner Unique": true, "Hash Cond": "(ci.movie_id = t.id), (LLVM Optimized)", "Plans": [{"Node Type": "Streaming(type: LOCAL REDISTRIBUTE dop: 16/16)", "Parent Relationship": "Outer", "Startup Cost": 113655.34, "Total Cost": 239847.25, "Plan Rows": 357379, "Plan Width": 32, "Plans": [{"Node Type": "Hash Join", "Parent Relationship": "Outer", "Join Type": "Inner", "Startup Cost": 113655.34, "Total Cost": 223493.12, "Plan Rows": 357379, "Plan Width": 32, "Inner Unique": false, "Hash Cond": "(ci.person_id = an1.person_id), (LLVM Optimized)", "Plans": [{"Node Type": "Streaming(type: LOCAL REDISTRIBUTE dop: 16/16)", "Parent Relationship": "Outer", "Startup Cost": 104286.28, "Total Cost": 212931.86, "Plan Rows": 711018, "Plan Width": 12, "Plans": [{"Node Type": "Hash Join", "Parent Relationship": "Outer", "Join Type": "Inner", "Startup Cost": 104286.28, "Total Cost": 195237.77, "Plan Rows": 711018, "Plan Width": 12, "Inner Unique": false, "Hash Cond": "(ci.movie_id = mc.movie_id), (LLVM Optimized)", "Plans": [{"Node Type": "Streaming(type: LOCAL REDISTRIBUTE dop: 16/16)", "Parent Relationship": "Outer", "Startup Cost": 15001.51, "Total Cost": 102848.74, "Plan Rows": 3296318, "Plan Width": 8, "Plans": [{"Node Type": "Hash Join", "Parent Relationship": "Outer", "Join Type": "Inner", "Startup Cost": 15001.51, "Total Cost": 75358.79, "Plan Rows": 3296318, "Plan Width": 8, "Inner Unique": true, "Hash Cond": "(ci.role_id = rt.id), (LLVM Optimized)", "Plans": [{"Node Type": "Seq Scan", "Parent Relationship": "Outer", "Relation Name": "cast_info", "Alias": "ci", "Startup Cost": 0.0, "Total Cost": 52617.37, "Plan Rows": 36259494, "Plan Width": 12}, {"Node Type": "Hash", "Parent Relationship": "Inner", "Startup Cost": 15001.5, "Total Cost": 15001.5, "Plan Rows": 16, "Plan Width": 4, "Plans": [{"Node Type": "Streaming(type: BROADCAST dop: 16/1)", "Parent Relationship": "Outer", "Startup Cost": 0.0, "Total Cost": 15001.5, "Plan Rows": 16, "Plan Width": 4, "Plans": [{"Node Type": "Seq Scan", "Parent Relationship": "Outer", "Relation Name": "role_type", "Alias": "rt", "Startup Cost": 0.0, "Total Cost": 1.15, "Plan Rows": 1, "Plan Width": 4, "Filter": "((role)::text = 'costume designer'::text)"}]}]}]}]}, {"Node Type": "Hash", "Parent Relationship": "Inner", "Startup Cost": 88282.97, "Total Cost": 88282.97, "Plan Rows": 1282311, "Plan Width": 4, "Plans": [{"Node Type": "Streaming(type: LOCAL REDISTRIBUTE dop: 16/16)", "Parent Relationship": "Outer", "Startup Cost": 24511.53, "Total Cost": 88282.97, "Plan Rows": 1282311, "Plan Width": 4, "Plans": [{"Node Type": "Hash Join", "Parent Relationship": "Outer", "Join Type": "Inner", "Startup Cost": 24511.53, "Total Cost": 68424.21, "Plan Rows": 1282311, "Plan Width": 4, "Inner Unique": true, "Hash Cond": "(mc.company_id = cn.id), (LLVM Optimized)", "Plans": [{"Node Type": "Streaming(type: LOCAL REDISTRIBUTE dop: 16/16)", "Parent Relationship": "Outer", "Startup Cost": 0.0, "Total Cost": 42499.73, "Plan Rows": 2609128, "Plan Width": 8, "Plans": [{"Node Type": "Seq Scan", "Parent Relationship": "Outer", "Relation Name": "movie_companies", "Alias": "mc", "Startup Cost": 0.0, "Total Cost": 17613.58, "Plan Rows": 2609128, "Plan Width": 8}]}, {"Node Type": "Hash", "Parent Relationship": "Inner", "Startup Cost": 24444.99, "Total Cost": 24444.99, "Plan Rows": 85170, "Plan Width": 4, "Plans": [{"Node Type": "Streaming(type: LOCAL REDISTRIBUTE dop: 16/1)", "Parent Relationship": "Outer", "Startup Cost": 0.0, "Total Cost": 24444.99, "Plan Rows": 85170, "Plan Width": 4, "Plans": [{"Node Type": "Seq Scan", "Parent Relationship": "Outer", "Relation Name": "company_name", "Alias": "cn", "Startup Cost": 0.0, "Total Cost": 5903.45, "Plan Rows": 85170, "Plan Width": 4, "Filter": "((country_code)::text = '[us]'::text)"}]}]}]}]}]}]}]}, {"Node Type": "Hash", "Parent Relationship": "Inner", "Startup Cost": 34659.52, "Total Cost": 34659.52, "Plan Rows": 901342, "Plan Width": 20, "Plans": [{"Node Type": "Streaming(type: LOCAL REDISTRIBUTE dop: 16/16)", "Parent Relationship": "Outer", "Startup Cost": 0.0, "Total Cost": 34659.52, "Plan Rows": 901342, "Plan Width": 20, "Plans": [{"Node Type": "Seq Scan", "Parent Relationship": "Outer", "Relation Name": "aka_name", "Alias": "an1", "Startup Cost": 0.0, "Total Cost": 16244.28, "Plan Rows": 901342, "Plan Width": 20}]}]}]}]}, {"Node Type": "Hash", "Parent Relationship": "Inner", "Startup Cost": 43334.25, "Total Cost": 43334.25, "Plan Rows": 2528311, "Plan Width": 21, "Plans": [{"Node Type": "Streaming(type: LOCAL REDISTRIBUTE dop: 16/16)", "Parent Relationship": "Outer", "Startup Cost": 0.0, "Total Cost": 43334.25, "Plan Rows": 2528311, "Plan Width": 21, "Plans": [{"Node Type": "Seq Scan", "Parent Relationship": "Outer", "Relation Name": "title", "Alias": "t", "Startup Cost": 0.0, "Total Cost": 18754.32, "Plan Rows": 2528311, "Plan Width": 21}]}]}]}]}, {"Node Type": "Hash", "Parent Relationship": "Inner", "Startup Cost": 51607.87, "Total Cost": 51607.87, "Plan Rows": 4167490, "Plan Width": 4, "Plans": [{"Node Type": "Streaming(type: LOCAL REDISTRIBUTE dop: 16/16)", "Parent Relationship": "Outer", "Startup Cost": 0.0, "Total Cost": 51607.87, "Plan Rows": 4167490, "Plan Width": 4, "Plans": [{"Node Type": "Seq Scan", "Parent Relationship": "Outer", "Relation Name": "name", "Alias": "n1", "Startup Cost": 0.0, "Total Cost": 20816.99, "Plan Rows": 4167490, "Plan Width": 4}]}]}]}]}]}]}, "Unique SQL Id": 2457761703, "Planner Runtime": 201}, "explain_analyze_plan": {"Plan": {"Node Type": "Aggregate", "Strategy": "Plain", "Startup Cost": 287566.27, "Total Cost": 287566.3, "Plan Rows": 1, "Plan Width": 97, "Actual Min Startup Time": 1429.474, "Actual Max Startup Time": 1429.474, "Actual Min Total Time": 1429.474, "Actual Max Total Time": 1429.474, "Plans": [{"Node Type": "Streaming(type: LOCAL GATHER dop: 1/16)", "Parent Relationship": "Outer", "Startup Cost": 287566.27, "Total Cost": 287566.3, "Plan Rows": 1, "Plan Width": 97, "Actual Min Startup Time": 1428.475, "Actual Max Startup Time": 1428.475, "Actual Min Total Time": 1429.447, "Actual Max Total Time": 1429.447, "Plans": [{"Node Type": "Aggregate", "Strategy": "Plain", "Parent Relationship": "Outer", "Startup Cost": 287566.27, "Total Cost": 287566.28, "Plan Rows": 1, "Plan Width": 97, "Actual Min Startup Time": 1046.427, "Actual Max Startup Time": 1225.524, "Actual Min Total Time": 1046.427, "Actual Max Total Time": 1225.525, "Plans": [{"Node Type": "Hash Join", "Parent Relationship": "Outer", "Join Type": "Inner", "Startup Cost": 142621.96, "Total Cost": 285780.78, "Plan Rows": 357098, "Plan Width": 33, "Actual Min Startup Time": 657.95, "Actual Max Startup Time": 846.411, "Actual Min Total Time": 1031.721, "Actual Max Total Time": 1217.172, "Inner Unique": true, "Hash Cond": "(an1.person_id = n1.id), (LLVM Optimized, Jit Execute)", "Plans": [{"Node Type": "Streaming(type: LOCAL REDISTRIBUTE dop: 16/16)", "Parent Relationship": "Outer", "Startup Cost": 126464.14, "Total Cost": 269316.07, "Plan Rows": 357098, "Plan Width": 41, "Actual Min Startup Time": 138.252, "Actual Max Startup Time": 161.278, "Actual Min Total Time": 500.465, "Actual Max Total Time": 521.157, "Plans": [{"Node Type": "Hash Join", "Parent Relationship": "Outer", "Join Type": "Inner", "Startup Cost": 126464.14, "Total Cost": 252963.01, "Plan Rows": 357098, "Plan Width": 41, "Actual Min Startup Time": 650.282, "Actual Max Startup Time": 827.406, "Actual Min Total Time": 1018.2, "Actual Max Total Time": 1197.69, "Inner Unique": true, "Hash Cond": "(ci.movie_id = t.id), (LLVM Optimized, Jit Execute)", "Plans": [{"Node Type": "Streaming(type: LOCAL REDISTRIBUTE dop: 16/16)", "Parent Relationship": "Outer", "Startup Cost": 113655.34, "Total Cost": 239847.25, "Plan Rows": 357379, "Plan Width": 32, "Actual Min Startup Time": 284.581, "Actual Max Startup Time": 292.563, "Actual Min Total Time": 643.034, "Actual Max Total Time": 653.83, "Plans": [{"Node Type": "Hash Join", "Parent Relationship": "Outer", "Join Type": "Inner", "Startup Cost": 113655.34, "Total Cost": 223493.12, "Plan Rows": 357379, "Plan Width": 32, "Actual Min Startup Time": 656.508, "Actual Max Startup Time": 864.813, "Actual Min Total Time": 976.219, "Actual Max Total Time": 1211.51, "Inner Unique": false, "Hash Cond": "(ci.person_id = an1.person_id), (LLVM Optimized, Jit Execute)", "Plans": [{"Node Type": "Streaming(type: LOCAL REDISTRIBUTE dop: 16/16)", "Parent Relationship": "Outer", "Startup Cost": 104286.28, "Total Cost": 212931.86, "Plan Rows": 711018, "Plan Width": 12, "Actual Min Startup Time": 516.593, "Actual Max Startup Time": 530.476, "Actual Min Total Time": 825.032, "Actual Max Total Time": 876.688, "Plans": [{"Node Type": "Hash Join", "Parent Relationship": "Outer", "Join Type": "Inner", "Startup Cost": 104286.28, "Total Cost": 195237.77, "Plan Rows": 711018, "Plan Width": 12, "Actual Min Startup Time": 655.48, "Actual Max Startup Time": 884.626, "Actual Min Total Time": 967.321, "Actual Max Total Time": 1196.253, "Inner Unique": false, "Hash Cond": "(ci.movie_id = mc.movie_id), (LLVM Optimized, Jit Execute)", "Plans": [{"Node Type": "Streaming(type: LOCAL REDISTRIBUTE dop: 16/16)", "Parent Relationship": "Outer", "Startup Cost": 15001.51, "Total Cost": 102848.74, "Plan Rows": 3296318, "Plan Width": 8, "Actual Min Startup Time": 0.062, "Actual Max Startup Time": 0.846, "Actual Min Total Time": 293.775, "Actual Max Total Time": 312.773, "Plans": [{"Node Type": "Hash Join", "Parent Relationship": "Outer", "Join Type": "Inner", "Startup Cost": 15001.51, "Total Cost": 75358.79, "Plan Rows": 3296318, "Plan Width": 8, "Actual Min Startup Time": 729.862, "Actual Max Startup Time": 782.989, "Actual Min Total Time": 934.617, "Actual Max Total Time": 992.529, "Inner Unique": true, "Hash Cond": "(ci.role_id = rt.id), (LLVM Optimized, Jit Execute)", "Plans": [{"Node Type": "Seq Scan", "Parent Relationship": "Outer", "Relation Name": "cast_info", "Alias": "ci", "Startup Cost": 0.0, "Total Cost": 52617.37, "Plan Rows": 36259494, "Plan Width": 12, "Actual Min Startup Time": 0.029, "Actual Max Startup Time": 0.042, "Actual Min Total Time": 515.441, "Actual Max Total Time": 569.135, "Actual Rows": 36244343}, {"Node Type": "Hash", "Parent Relationship": "Inner", "Startup Cost": 15001.5, "Total Cost": 15001.5, "Plan Rows": 16, "Plan Width": 4, "Actual Min Startup Time": 0.012, "Actual Max Startup Time": 11.903, "Actual Min Total Time": 0.012, "Actual Max Total Time": 11.903, "Max Hash Buckets": 32768, "Min Hash Buckets": 32768, "Max Hash Batches": 1, "Min Hash Batches": 1, "Max Original Hash Batches": 1, "Min Original Hash Batches": 1, "Max Peak Memory Usage": 1, "min Peak Memory Usage": 1, "Plans": [{"Node Type": "Streaming(type: BROADCAST dop: 16/1)", "Parent Relationship": "Outer", "Startup Cost": 0.0, "Total Cost": 15001.5, "Plan Rows": 16, "Plan Width": 4, "Actual Min Startup Time": 0.004, "Actual Max Startup Time": 11.888, "Actual Min Total Time": 0.004, "Actual Max Total Time": 11.889, "Plans": [{"Node Type": "Seq Scan", "Parent Relationship": "Outer", "Relation Name": "role_type", "Alias": "rt", "Startup Cost": 0.0, "Total Cost": 1.15, "Plan Rows": 1, "Plan Width": 4, "Actual Min Startup Time": 0.025, "Actual Max Startup Time": 0.025, "Actual Min Total Time": 0.027, "Actual Max Total Time": 0.027, "Filter": "((role)::text = 'costume designer'::text)", "Rows Removed by Filter": 11, "Actual Rows": 1}], "Actual Rows": 16}], "Actual Rows": 16}], "Actual Rows": 276403}], "Actual Rows": 276403}, {"Node Type": "Hash", "Parent Relationship": "Inner", "Startup Cost": 88282.97, "Total Cost": 88282.97, "Plan Rows": 1282311, "Plan Width": 4, "Actual Min Startup Time": 655.204, "Actual Max Startup Time": 884.113, "Actual Min Total Time": 655.204, "Actual Max Total Time": 884.113, "Max Hash Buckets": 131072, "Min Hash Buckets": 131072, "Max Hash Batches": 1, "Min Hash Batches": 1, "Max Original Hash Batches": 1, "Min Original Hash Batches": 1, "Max Peak Memory Usage": 2542, "min Peak Memory Usage": 2542, "Plans": [{"Node Type": "Streaming(type: LOCAL REDISTRIBUTE dop: 16/16)", "Parent Relationship": "Outer", "Startup Cost": 24511.53, "Total Cost": 88282.97, "Plan Rows": 1282311, "Plan Width": 4, "Actual Min Startup Time": 186.112, "Actual Max Startup Time": 414.758, "Actual Min Total Time": 627.769, "Actual Max Total Time": 863.493, "Plans": [{"Node Type": "Hash Join", "Parent Relationship": "Outer", "Join Type": "Inner", "Startup Cost": 24511.53, "Total Cost": 68424.21, "Plan Rows": 1282311, "Plan Width": 4, "Actual Min Startup Time": 176.757, "Actual Max Startup Time": 400.58, "Actual Min Total Time": 517.522, "Actual Max Total Time": 794.956, "Inner Unique": true, "Hash Cond": "(mc.company_id = cn.id), (LLVM Optimized, Jit Execute)", "Plans": [{"Node Type": "Streaming(type: LOCAL REDISTRIBUTE dop: 16/16)", "Parent Relationship": "Outer", "Startup Cost": 0.0, "Total Cost": 42499.73, "Plan Rows": 2609128, "Plan Width": 8, "Actual Min Startup Time": 0.062, "Actual Max Startup Time": 1.791, "Actual Min Total Time": 265.249, "Actual Max Total Time": 357.061, "Plans": [{"Node Type": "Seq Scan", "Parent Relationship": "Outer", "Relation Name": "movie_companies", "Alias": "mc", "Startup Cost": 0.0, "Total Cost": 17613.58, "Plan Rows": 2609128, "Plan Width": 8, "Actual Min Startup Time": 0.026, "Actual Max Startup Time": 0.044, "Actual Min Total Time": 42.83, "Actual Max Total Time": 51.451, "Actual Rows": 2609128}], "Actual Rows": 2609128}, {"Node Type": "Hash", "Parent Relationship": "Inner", "Startup Cost": 24444.99, "Total Cost": 24444.99, "Plan Rows": 85170, "Plan Width": 4, "Actual Min Startup Time": 176.63, "Actual Max Startup Time": 399.346, "Actual Min Total Time": 176.63, "Actual Max Total Time": 399.346, "Max Hash Buckets": 32768, "Min Hash Buckets": 32768, "Max Hash Batches": 1, "Min Hash Batches": 1, "Max Original Hash Batches": 1, "Min Original Hash Batches": 1, "Max Peak Memory Usage": 182, "min Peak Memory Usage": 182, "Plans": [{"Node Type": "Streaming(type: LOCAL REDISTRIBUTE dop: 16/1)", "Parent Relationship": "Outer", "Startup Cost": 0.0, "Total Cost": 24444.99, "Plan Rows": 85170, "Plan Width": 4, "Actual Min Startup Time": 0.035, "Actual Max Startup Time": 218.603, "Actual Min Total Time": 174.868, "Actual Max Total Time": 397.632, "Plans": [{"Node Type": "Seq Scan", "Parent Relationship": "Outer", "Relation Name": "company_name", "Alias": "cn", "Startup Cost": 0.0, "Total Cost": 5903.45, "Plan Rows": 85170, "Plan Width": 4, "Actual Min Startup Time": 0.038, "Actual Max Startup Time": 0.038, "Actual Min Total Time": 94.596, "Actual Max Total Time": 94.596, "Filter": "((country_code)::text = '[us]'::text)", "Rows Removed by Filter": 150153, "Actual Rows": 84843}], "Actual Rows": 84843}], "Actual Rows": 84843}], "Actual Rows": 1153797}], "Actual Rows": 1153797}], "Actual Rows": 1153797}], "Actual Rows": 285537}], "Actual Rows": 285537}, {"Node Type": "Hash", "Parent Relationship": "Inner", "Startup Cost": 34659.52, "Total Cost": 34659.52, "Plan Rows": 901342, "Plan Width": 20, "Actual Min Startup Time": 129.879, "Actual Max Startup Time": 348.156, "Actual Min Total Time": 129.879, "Actual Max Total Time": 348.156, "Max Hash Buckets": 65536, "Min Hash Buckets": 65536, "Max Hash Batches": 1, "Min Hash Batches": 1, "Max Original Hash Batches": 1, "Min Original Hash Batches": 1, "Max Peak Memory Usage": 2981, "min Peak Memory Usage": 2981, "Plans": [{"Node Type": "Streaming(type: LOCAL REDISTRIBUTE dop: 16/16)", "Parent Relationship": "Outer", "Startup Cost": 0.0, "Total Cost": 34659.52, "Plan Rows": 901342, "Plan Width": 20, "Actual Min Startup Time": 0.048, "Actual Max Startup Time": 211.292, "Actual Min Total Time": 113.469, "Actual Max Total Time": 331.199, "Plans": [{"Node Type": "Seq Scan", "Parent Relationship": "Outer", "Relation Name": "aka_name", "Alias": "an1", "Startup Cost": 0.0, "Total Cost": 16244.28, "Plan Rows": 901342, "Plan Width": 20, "Actual Min Startup Time": 0.02, "Actual Max Startup Time": 0.037, "Actual Min Total Time": 16.899, "Actual Max Total Time": 20.777, "Actual Rows": 901342}], "Actual Rows": 901342}], "Actual Rows": 901342}], "Actual Rows": 323005}], "Actual Rows": 323005}, {"Node Type": "Hash", "Parent Relationship": "Inner", "Startup Cost": 43334.25, "Total Cost": 43334.25, "Plan Rows": 2528311, "Plan Width": 21, "Actual Min Startup Time": 361.928, "Actual Max Startup Time": 536.694, "Actual Min Total Time": 361.928, "Actual Max Total Time": 536.694, "Max Hash Buckets": 262144, "Min Hash Buckets": 262144, "Max Hash Batches": 1, "Min Hash Batches": 1, "Max Original Hash Batches": 1, "Min Original Hash Batches": 1, "Max Peak Memory Usage": 8518, "min Peak Memory Usage": 8518, "Plans": [{"Node Type": "Streaming(type: LOCAL REDISTRIBUTE dop: 16/16)", "Parent Relationship": "Outer", "Startup Cost": 0.0, "Total Cost": 43334.25, "Plan Rows": 2528311, "Plan Width": 21, "Actual Min Startup Time": 0.052, "Actual Max Startup Time": 29.929, "Actual Min Total Time": 291.244, "Actual Max Total Time": 484.112, "Plans": [{"Node Type": "Seq Scan", "Parent Relationship": "Outer", "Relation Name": "title", "Alias": "t", "Startup Cost": 0.0, "Total Cost": 18754.32, "Plan Rows": 2528311, "Plan Width": 21, "Actual Min Startup Time": 0.018, "Actual Max Startup Time": 0.034, "Actual Min Total Time": 48.948, "Actual Max Total Time": 58.428, "Actual Rows": 2528311}], "Actual Rows": 2528311}], "Actual Rows": 2528311}], "Actual Rows": 323005}], "Actual Rows": 323005}, {"Node Type": "Hash", "Parent Relationship": "Inner", "Startup Cost": 51607.87, "Total Cost": 51607.87, "Plan Rows": 4167490, "Plan Width": 4, "Actual Min Startup Time": 514.494, "Actual Max Startup Time": 693.507, "Actual Min Total Time": 514.494, "Actual Max Total Time": 693.507, "Max Hash Buckets": 262144, "Min Hash Buckets": 262144, "Max Hash Batches": 1, "Min Hash Batches": 1, "Max Original Hash Batches": 1, "Min Original Hash Batches": 1, "Max Peak Memory Usage": 9174, "min Peak Memory Usage": 9174, "Plans": [{"Node Type": "Streaming(type: LOCAL REDISTRIBUTE dop: 16/16)", "Parent Relationship": "Outer", "Startup Cost": 0.0, "Total Cost": 51607.87, "Plan Rows": 4167490, "Plan Width": 4, "Actual Min Startup Time": 0.053, "Actual Max Startup Time": 140.533, "Actual Min Total Time": 409.113, "Actual Max Total Time": 612.992, "Plans": [{"Node Type": "Seq Scan", "Parent Relationship": "Outer", "Relation Name": "name", "Alias": "n1", "Startup Cost": 0.0, "Total Cost": 20816.99, "Plan Rows": 4167490, "Plan Width": 4, "Actual Min Startup Time": 0.017, "Actual Max Startup Time": 0.034, "Actual Min Total Time": 74.859, "Actual Max Total Time": 86.06, "Actual Rows": 4167490}], "Actual Rows": 4167490}], "Actual Rows": 4167490}], "Actual Rows": 323005}], "Actual Rows": 16}], "Actual Rows": 16}], "Actual Rows": 1}, "Triggers": [], "Planner Runtime": 195.615, "Total Runtime": 1475.961, "Unique SQL Id": 2457761703}}, "(16, '77')": {"explain_plan": {"Plan": {"Node Type": "Aggregate", "Strategy": "Plain", "Startup Cost": 1406524.48, "Total Cost": 1406524.51, "Plan Rows": 1, "Plan Width": 97, "Plans": [{"Node Type": "Streaming(type: LOCAL GATHER dop: 1/16)", "Parent Relationship": "Outer", "Startup Cost": 1406524.48, "Total Cost": 1406524.51, "Plan Rows": 1, "Plan Width": 97, "Plans": [{"Node Type": "Aggregate", "Strategy": "Plain", "Parent Relationship": "Outer", "Startup Cost": 1406524.48, "Total Cost": 1406524.49, "Plan Rows": 1, "Plan Width": 97, "Plans": [{"Node Type": "Hash Join", "Parent Relationship": "Outer", "Join Type": "Inner", "Startup Cost": 270868.12, "Total Cost": 1404738.99, "Plan Rows": 357098, "Plan Width": 33, "Inner Unique": true, "Hash Cond": "(ci.movie_id = t.id), (LLVM Optimized)", "Plans": [{"Node Type": "Streaming(type: LOCAL REDISTRIBUTE dop: 16/16)", "Parent Relationship": "Outer", "Startup Cost": 237393.5, "Total Cost": 1370957.42, "Plan Rows": 357379, "Plan Width": 24, "Plans": [{"Node Type": "Hash Join", "Parent Relationship": "Outer", "Join Type": "Inner", "Startup Cost": 237393.5, "Total Cost": 1354603.29, "Plan Rows": 357379, "Plan Width": 24, "Inner Unique": true, "Hash Cond": "(mc.company_id = cn.id), (LLVM Optimized)", "Plans": [{"Node Type": "Streaming(type: LOCAL REDISTRIBUTE dop: 16/16)", "Parent Relationship": "Outer", "Startup Cost": 230066.23, "Total Cost": 1346882.23, "Plan Rows": 727161, "Plan Width": 28, "Plans": [{"Node Type": "Hash Join", "Parent Relationship": "Outer", "Join Type": "Inner", "Startup Cost": 230066.23, "Total Cost": 1329126.97, "Plan Rows": 727161, "Plan Width": 28, "Inner Unique": true, "Hash Cond": "(an1.person_id = n1.id), (LLVM Optimized)", "Plans": [{"Node Type": "Streaming(type: LOCAL REDISTRIBUTE dop: 16/16)", "Parent Relationship": "Outer", "Startup Cost": 175427.87, "Total Cost": 1273863.7, "Plan Rows": 727161, "Plan Width": 36, "Plans": [{"Node Type": "Hash Join", "Parent Relationship": "Outer", "Join Type": "Inner", "Startup Cost": 175427.87, "Total Cost": 1256108.44, "Plan Rows": 727161, "Plan Width": 36, "Inner Unique": false, "Hash Cond": "(ci.movie_id = mc.movie_id), (LLVM Optimized)", "Plans": [{"Node Type": "Streaming(type: LOCAL REDISTRIBUTE dop: 16/16)", "Parent Relationship": "Outer", "Startup Cost": 137161.66, "Total Cost": 1215145.72, "Plan Rows": 1484588, "Plan Width": 28, "Plans": [{"Node Type": "Hash Join", "Parent Relationship": "Outer", "Join Type": "Inner", "Startup Cost": 137161.66, "Total Cost": 1194520.52, "Plan Rows": 1484588, "Plan Width": 28, "Inner Unique": false, "Hash Cond": "(ci.person_id = an1.person_id), (LLVM Optimized)", "Plans": [{"Node Type": "Streaming(type: LOCAL REDISTRIBUTE dop: 16/16)", "Parent Relationship": "Outer", "Startup Cost": 15012.82, "Total Cost": 1066844.59, "Plan Rows": 3296318, "Plan Width": 8, "Plans": [{"Node Type": "Hash Join", "Parent Relationship": "Outer", "Join Type": "Inner", "Startup Cost": 15012.82, "Total Cost": 1039354.63, "Plan Rows": 3296318, "Plan Width": 8, "Inner Unique": true, "Hash Cond": "(ci.role_id = rt.id), (LLVM Optimized)", "Plans": [{"Node Type": "Index Scan", "Parent Relationship": "Outer", "Scan Direction": "Forward", "Index Name": "role_id_cast_info", "Relation Name": "cast_info", "Alias": "ci", "Startup Cost": 0.0, "Total Cost": 1016601.9, "Plan Rows": 36259494, "Plan Width": 12}, {"Node Type": "Hash", "Parent Relationship": "Inner", "Startup Cost": 15012.81, "Total Cost": 15012.81, "Plan Rows": 16, "Plan Width": 4, "Plans": [{"Node Type": "Streaming(type: BROADCAST dop: 16/1)", "Parent Relationship": "Outer", "Startup Cost": 0.0, "Total Cost": 15012.81, "Plan Rows": 16, "Plan Width": 4, "Plans": [{"Node Type": "Index Scan", "Parent Relationship": "Outer", "Scan Direction": "Forward", "Index Name": "role_type_pkey", "Relation Name": "role_type", "Alias": "rt", "Startup Cost": 0.0, "Total Cost": 12.46, "Plan Rows": 1, "Plan Width": 4, "Filter": "((role)::text = 'costume designer'::text)"}]}]}]}]}, {"Node Type": "Hash", "Parent Relationship": "Inner", "Startup Cost": 121444.67, "Total Cost": 121444.67, "Plan Rows": 901342, "Plan Width": 20, "Plans": [{"Node Type": "Streaming(type: LOCAL REDISTRIBUTE dop: 16/1)", "Parent Relationship": "Outer", "Startup Cost": 0.0, "Total Cost": 121444.67, "Plan Rows": 901342, "Plan Width": 20, "Plans": [{"Node Type": "Index Scan", "Parent Relationship": "Outer", "Scan Direction": "Forward", "Index Name": "person_id_aka_name", "Relation Name": "aka_name", "Alias": "an1", "Startup Cost": 0.0, "Total Cost": 68965.03, "Plan Rows": 901342, "Plan Width": 20}]}]}]}]}, {"Node Type": "Hash", "Parent Relationship": "Inner", "Startup Cost": 139099.07, "Total Cost": 139099.07, "Plan Rows": 2609128, "Plan Width": 8, "Plans": [{"Node Type": "Streaming(type: LOCAL REDISTRIBUTE dop: 16/16)", "Parent Relationship": "Outer", "Startup Cost": 0.0, "Total Cost": 139099.07, "Plan Rows": 2609128, "Plan Width": 8, "Plans": [{"Node Type": "Index Scan", "Parent Relationship": "Outer", "Scan Direction": "Forward", "Index Name": "company_id_movie_companies", "Relation Name": "movie_companies", "Alias": "mc", "Startup Cost": 0.0, "Total Cost": 114212.92, "Plan Rows": 2609128, "Plan Width": 8}]}]}]}]}, {"Node Type": "Hash", "Parent Relationship": "Inner", "Startup Cost": 182953.41, "Total Cost": 182953.41, "Plan Rows": 4167490, "Plan Width": 4, "Plans": [{"Node Type": "Streaming(type: LOCAL REDISTRIBUTE dop: 16/16)", "Parent Relationship": "Outer", "Startup Cost": 0.0, "Total Cost": 182953.41, "Plan Rows": 4167490, "Plan Width": 4, "Plans": [{"Node Type": "Index Scan", "Parent Relationship": "Outer", "Scan Direction": "Forward", "Index Name": "name_pkey", "Relation Name": "name", "Alias": "n1", "Startup Cost": 0.0, "Total Cost": 152162.53, "Plan Rows": 4167490, "Plan Width": 4}]}]}]}]}, {"Node Type": "Hash", "Parent Relationship": "Inner", "Startup Cost": 29042.93, "Total Cost": 29042.93, "Plan Rows": 85170, "Plan Width": 4, "Plans": [{"Node Type": "Streaming(type: LOCAL REDISTRIBUTE dop: 16/1)", "Parent Relationship": "Outer", "Startup Cost": 0.0, "Total Cost": 29042.93, "Plan Rows": 85170, "Plan Width": 4, "Plans": [{"Node Type": "Index Scan", "Parent Relationship": "Outer", "Scan Direction": "Forward", "Index Name": "company_name_pkey", "Relation Name": "company_name", "Alias": "cn", "Startup Cost": 0.0, "Total Cost": 10501.39, "Plan Rows": 85170, "Plan Width": 4, "Filter": "((country_code)::text = '[us]'::text)"}]}]}]}]}, {"Node Type": "Hash", "Parent Relationship": "Inner", "Startup Cost": 125997.5, "Total Cost": 125997.5, "Plan Rows": 2528311, "Plan Width": 21, "Plans": [{"Node Type": "Streaming(type: LOCAL REDISTRIBUTE dop: 16/16)", "Parent Relationship": "Outer", "Startup Cost": 0.0, "Total Cost": 125997.5, "Plan Rows": 2528311, "Plan Width": 21, "Plans": [{"Node Type": "Index Scan", "Parent Relationship": "Outer", "Scan Direction": "Forward", "Index Name": "title_pkey", "Relation Name": "title", "Alias": "t", "Startup Cost": 0.0, "Total Cost": 101417.57, "Plan Rows": 2528311, "Plan Width": 21}]}]}]}]}]}]}, "Unique SQL Id": 2457761703, "Planner Runtime": 109}, "explain_analyze_plan": {"Plan": {"Node Type": "Aggregate", "Strategy": "Plain", "Startup Cost": 1406524.48, "Total Cost": 1406524.51, "Plan Rows": 1, "Plan Width": 97, "Actual Min Startup Time": 3302.917, "Actual Max Startup Time": 3302.917, "Actual Min Total Time": 3302.917, "Actual Max Total Time": 3302.917, "Plans": [{"Node Type": "Streaming(type: LOCAL GATHER dop: 1/16)", "Parent Relationship": "Outer", "Startup Cost": 1406524.48, "Total Cost": 1406524.51, "Plan Rows": 1, "Plan Width": 97, "Actual Min Startup Time": 3301.307, "Actual Max Startup Time": 3301.307, "Actual Min Total Time": 3302.889, "Actual Max Total Time": 3302.889, "Plans": [{"Node Type": "Aggregate", "Strategy": "Plain", "Parent Relationship": "Outer", "Startup Cost": 1406524.48, "Total Cost": 1406524.49, "Plan Rows": 1, "Plan Width": 97, "Actual Min Startup Time": 2723.764, "Actual Max Startup Time": 3026.603, "Actual Min Total Time": 2723.764, "Actual Max Total Time": 3026.604, "Plans": [{"Node Type": "Hash Join", "Parent Relationship": "Outer", "Join Type": "Inner", "Startup Cost": 270868.12, "Total Cost": 1404738.99, "Plan Rows": 357098, "Plan Width": 33, "Actual Min Startup Time": 1586.635, "Actual Max Startup Time": 1909.665, "Actual Min Total Time": 2714.091, "Actual Max Total Time": 3016.988, "Inner Unique": true, "Hash Cond": "(ci.movie_id = t.id), (LLVM Optimized, Jit Execute)", "Plans": [{"Node Type": "Streaming(type: LOCAL REDISTRIBUTE dop: 16/16)", "Parent Relationship": "Outer", "Startup Cost": 237393.5, "Total Cost": 1370957.42, "Plan Rows": 357379, "Plan Width": 24, "Actual Min Startup Time": 931.467, "Actual Max Startup Time": 980.841, "Actual Min Total Time": 2046.253, "Actual Max Total Time": 2051.188, "Plans": [{"Node Type": "Hash Join", "Parent Relationship": "Outer", "Join Type": "Inner", "Startup Cost": 237393.5, "Total Cost": 1354603.29, "Plan Rows": 357379, "Plan Width": 24, "Actual Min Startup Time": 1565.26, "Actual Max Startup Time": 1797.937, "Actual Min Total Time": 2693.893, "Actual Max Total Time": 2913.922, "Inner Unique": true, "Hash Cond": "(mc.company_id = cn.id), (LLVM Optimized, Jit Execute)", "Plans": [{"Node Type": "Streaming(type: LOCAL REDISTRIBUTE dop: 16/16)", "Parent Relationship": "Outer", "Startup Cost": 230066.23, "Total Cost": 1346882.23, "Plan Rows": 727161, "Plan Width": 28, "Actual Min Startup Time": 1053.365, "Actual Max Startup Time": 1061.22, "Actual Min Total Time": 2155.561, "Actual Max Total Time": 2176.284, "Plans": [{"Node Type": "Hash Join", "Parent Relationship": "Outer", "Join Type": "Inner", "Startup Cost": 230066.23, "Total Cost": 1329126.97, "Plan Rows": 727161, "Plan Width": 28, "Actual Min Startup Time": 1573.982, "Actual Max Startup Time": 1958.368, "Actual Min Total Time": 2657.162, "Actual Max Total Time": 2976.633, "Inner Unique": true, "Hash Cond": "(an1.person_id = n1.id), (LLVM Optimized, Jit Execute)", "Plans": [{"Node Type": "Streaming(type: LOCAL REDISTRIBUTE dop: 16/16)", "Parent Relationship": "Outer", "Startup Cost": 175427.87, "Total Cost": 1273863.7, "Plan Rows": 727161, "Plan Width": 36, "Actual Min Startup Time": 866.204, "Actual Max Startup Time": 956.759, "Actual Min Total Time": 1914.043, "Actual Max Total Time": 1971.238, "Plans": [{"Node Type": "Hash Join", "Parent Relationship": "Outer", "Join Type": "Inner", "Startup Cost": 175427.87, "Total Cost": 1256108.44, "Plan Rows": 727161, "Plan Width": 36, "Actual Min Startup Time": 1562.301, "Actual Max Startup Time": 1843.531, "Actual Min Total Time": 2448.781, "Actual Max Total Time": 2767.031, "Inner Unique": false, "Hash Cond": "(ci.movie_id = mc.movie_id), (LLVM Optimized, Jit Execute)", "Plans": [{"Node Type": "Streaming(type: LOCAL REDISTRIBUTE dop: 16/16)", "Parent Relationship": "Outer", "Startup Cost": 137161.66, "Total Cost": 1215145.72, "Plan Rows": 1484588, "Plan Width": 28, "Actual Min Startup Time": 979.983, "Actual Max Startup Time": 993.729, "Actual Min Total Time": 1844.283, "Actual Max Total Time": 1902.378, "Plans": [{"Node Type": "Hash Join", "Parent Relationship": "Outer", "Join Type": "Inner", "Startup Cost": 137161.66, "Total Cost": 1194520.52, "Plan Rows": 1484588, "Plan Width": 28, "Actual Min Startup Time": 1552.542, "Actual Max Startup Time": 1828.568, "Actual Min Total Time": 2611.051, "Actual Max Total Time": 2922.674, "Inner Unique": false, "Hash Cond": "(ci.person_id = an1.person_id), (LLVM Optimized, Jit Execute)", "Plans": [{"Node Type": "Streaming(type: LOCAL REDISTRIBUTE dop: 16/16)", "Parent Relationship": "Outer", "Startup Cost": 15012.82, "Total Cost": 1066844.59, "Plan Rows": 3296318, "Plan Width": 8, "Actual Min Startup Time": 78.036, "Actual Max Startup Time": 87.577, "Actual Min Total Time": 1128.666, "Actual Max Total Time": 1197.697, "Plans": [{"Node Type": "Hash Join", "Parent Relationship": "Outer", "Join Type": "Inner", "Startup Cost": 15012.82, "Total Cost": 1039354.63, "Plan Rows": 3296318, "Plan Width": 8, "Actual Min Startup Time": 1621.458, "Actual Max Startup Time": 2378.502, "Actual Min Total Time": 2110.691, "Actual Max Total Time": 2378.502, "Inner Unique": true, "Hash Cond": "(ci.role_id = rt.id), (LLVM Optimized, Jit Execute)", "Plans": [{"Node Type": "Index Scan", "Parent Relationship": "Outer", "Scan Direction": "Forward", "Index Name": "role_id_cast_info", "Relation Name": "cast_info", "Alias": "ci", "Startup Cost": 0.0, "Total Cost": 1016601.9, "Plan Rows": 36259494, "Plan Width": 12, "Actual Min Startup Time": 645.331, "Actual Max Startup Time": 783.649, "Actual Min Total Time": 1693.701, "Actual Max Total Time": 1911.979, "Actual Rows": 36244343}, {"Node Type": "Hash", "Parent Relationship": "Inner", "Startup Cost": 15012.81, "Total Cost": 15012.81, "Plan Rows": 16, "Plan Width": 4, "Actual Min Startup Time": 0.008, "Actual Max Startup Time": 64.151, "Actual Min Total Time": 0.008, "Actual Max Total Time": 64.151, "Max Hash Buckets": 32768, "Min Hash Buckets": 32768, "Max Hash Batches": 1, "Min Hash Batches": 1, "Max Original Hash Batches": 1, "Min Original Hash Batches": 1, "Max Peak Memory Usage": 1, "min Peak Memory Usage": 1, "Plans": [{"Node Type": "Streaming(type: BROADCAST dop: 16/1)", "Parent Relationship": "Outer", "Startup Cost": 0.0, "Total Cost": 15012.81, "Plan Rows": 16, "Plan Width": 4, "Actual Min Startup Time": 0.004, "Actual Max Startup Time": 64.144, "Actual Min Total Time": 0.004, "Actual Max Total Time": 64.145, "Plans": [{"Node Type": "Index Scan", "Parent Relationship": "Outer", "Scan Direction": "Forward", "Index Name": "role_type_pkey", "Relation Name": "role_type", "Alias": "rt", "Startup Cost": 0.0, "Total Cost": 12.46, "Plan Rows": 1, "Plan Width": 4, "Actual Min Startup Time": 0.041, "Actual Max Startup Time": 0.041, "Actual Min Total Time": 0.044, "Actual Max Total Time": 0.044, "Filter": "((role)::text = 'costume designer'::text)", "Rows Removed by Filter": 11, "Actual Rows": 1}], "Actual Rows": 16}], "Actual Rows": 16}], "Actual Rows": 276403}], "Actual Rows": 276403}, {"Node Type": "Hash", "Parent Relationship": "Inner", "Startup Cost": 121444.67, "Total Cost": 121444.67, "Plan Rows": 901342, "Plan Width": 20, "Actual Min Startup Time": 1468.194, "Actual Max Startup Time": 1749.209, "Actual Min Total Time": 1468.194, "Actual Max Total Time": 1749.209, "Max Hash Buckets": 65536, "Min Hash Buckets": 65536, "Max Hash Batches": 1, "Min Hash Batches": 1, "Max Original Hash Batches": 1, "Min Original Hash Batches": 1, "Max Peak Memory Usage": 2981, "min Peak Memory Usage": 2981, "Plans": [{"Node Type": "Streaming(type: LOCAL REDISTRIBUTE dop: 16/1)", "Parent Relationship": "Outer", "Startup Cost": 0.0, "Total Cost": 121444.67, "Plan Rows": 901342, "Plan Width": 20, "Actual Min Startup Time": 0.039, "Actual Max Startup Time": 281.599, "Actual Min Total Time": 1450.988, "Actual Max Total Time": 1725.838, "Plans": [{"Node Type": "Index Scan", "Parent Relationship": "Outer", "Scan Direction": "Forward", "Index Name": "person_id_aka_name", "Relation Name": "aka_name", "Alias": "an1", "Startup Cost": 0.0, "Total Cost": 68965.03, "Plan Rows": 901342, "Plan Width": 20, "Actual Min Startup Time": 0.052, "Actual Max Startup Time": 0.052, "Actual Min Total Time": 790.263, "Actual Max Total Time": 790.263, "Actual Rows": 901342}], "Actual Rows": 901342}], "Actual Rows": 901342}], "Actual Rows": 218966}], "Actual Rows": 218966}, {"Node Type": "Hash", "Parent Relationship": "Inner", "Startup Cost": 139099.07, "Total Cost": 139099.07, "Plan Rows": 2609128, "Plan Width": 8, "Actual Min Startup Time": 581.948, "Actual Max Startup Time": 862.587, "Actual Min Total Time": 581.948, "Actual Max Total Time": 862.587, "Max Hash Buckets": 262144, "Min Hash Buckets": 262144, "Max Hash Batches": 1, "Min Hash Batches": 1, "Max Original Hash Batches": 1, "Min Original Hash Batches": 1, "Max Peak Memory Usage": 6396, "min Peak Memory Usage": 6396, "Plans": [{"Node Type": "Streaming(type: LOCAL REDISTRIBUTE dop: 16/16)", "Parent Relationship": "Outer", "Startup Cost": 0.0, "Total Cost": 139099.07, "Plan Rows": 2609128, "Plan Width": 8, "Actual Min Startup Time": 0.05, "Actual Max Startup Time": 112.502, "Actual Min Total Time": 524.183, "Actual Max Total Time": 807.363, "Plans": [{"Node Type": "Index Scan", "Parent Relationship": "Outer", "Scan Direction": "Forward", "Index Name": "company_id_movie_companies", "Relation Name": "movie_companies", "Alias": "mc", "Startup Cost": 0.0, "Total Cost": 114212.92, "Plan Rows": 2609128, "Plan Width": 8, "Actual Min Startup Time": 0.055, "Actual Max Startup Time": 204.879, "Actual Min Total Time": 190.275, "Actual Max Total Time": 497.445, "Actual Rows": 2609128}], "Actual Rows": 2609128}], "Actual Rows": 2609128}], "Actual Rows": 752819}], "Actual Rows": 752819}, {"Node Type": "Hash", "Parent Relationship": "Inner", "Startup Cost": 182953.41, "Total Cost": 182953.41, "Plan Rows": 4167490, "Plan Width": 4, "Actual Min Startup Time": 697.261, "Actual Max Startup Time": 1021.878, "Actual Min Total Time": 697.261, "Actual Max Total Time": 1021.878, "Max Hash Buckets": 262144, "Min Hash Buckets": 262144, "Max Hash Batches": 1, "Min Hash Batches": 1, "Max Original Hash Batches": 1, "Min Original Hash Batches": 1, "Max Peak Memory Usage": 9174, "min Peak Memory Usage": 9174, "Plans": [{"Node Type": "Streaming(type: LOCAL REDISTRIBUTE dop: 16/16)", "Parent Relationship": "Outer", "Startup Cost": 0.0, "Total Cost": 182953.41, "Plan Rows": 4167490, "Plan Width": 4, "Actual Min Startup Time": 0.054, "Actual Max Startup Time": 246.431, "Actual Min Total Time": 596.958, "Actual Max Total Time": 927.951, "Plans": [{"Node Type": "Index Scan", "Parent Relationship": "Outer", "Scan Direction": "Forward", "Index Name": "name_pkey", "Relation Name": "name", "Alias": "n1", "Startup Cost": 0.0, "Total Cost": 152162.53, "Plan Rows": 4167490, "Plan Width": 4, "Actual Min Startup Time": 60.229, "Actual Max Startup Time": 306.727, "Actual Min Total Time": 311.349, "Actual Max Total Time": 560.481, "Actual Rows": 4167490}], "Actual Rows": 4167490}], "Actual Rows": 4167490}], "Actual Rows": 752819}], "Actual Rows": 752819}, {"Node Type": "Hash", "Parent Relationship": "Inner", "Startup Cost": 29042.93, "Total Cost": 29042.93, "Plan Rows": 85170, "Plan Width": 4, "Actual Min Startup Time": 511.387, "Actual Max Startup Time": 742.213, "Actual Min Total Time": 511.387, "Actual Max Total Time": 742.213, "Max Hash Buckets": 32768, "Min Hash Buckets": 32768, "Max Hash Batches": 1, "Min Hash Batches": 1, "Max Original Hash Batches": 1, "Min Original Hash Batches": 1, "Max Peak Memory Usage": 182, "min Peak Memory Usage": 182, "Plans": [{"Node Type": "Streaming(type: LOCAL REDISTRIBUTE dop: 16/1)", "Parent Relationship": "Outer", "Startup Cost": 0.0, "Total Cost": 29042.93, "Plan Rows": 85170, "Plan Width": 4, "Actual Min Startup Time": 0.038, "Actual Max Startup Time": 229.663, "Actual Min Total Time": 509.495, "Actual Max Total Time": 740.36, "Plans": [{"Node Type": "Index Scan", "Parent Relationship": "Outer", "Scan Direction": "Forward", "Index Name": "company_name_pkey", "Relation Name": "company_name", "Alias": "cn", "Startup Cost": 0.0, "Total Cost": 10501.39, "Plan Rows": 85170, "Plan Width": 4, "Actual Min Startup Time": 0.059, "Actual Max Startup Time": 0.059, "Actual Min Total Time": 444.105, "Actual Max Total Time": 444.105, "Filter": "((country_code)::text = '[us]'::text)", "Rows Removed by Filter": 150153, "Actual Rows": 84843}], "Actual Rows": 84843}], "Actual Rows": 84843}], "Actual Rows": 323005}], "Actual Rows": 323005}, {"Node Type": "Hash", "Parent Relationship": "Inner", "Startup Cost": 125997.5, "Total Cost": 125997.5, "Plan Rows": 2528311, "Plan Width": 21, "Actual Min Startup Time": 654.95, "Actual Max Startup Time": 957.925, "Actual Min Total Time": 654.95, "Actual Max Total Time": 957.925, "Max Hash Buckets": 262144, "Min Hash Buckets": 262144, "Max Hash Batches": 1, "Min Hash Batches": 1, "Max Original Hash Batches": 1, "Min Original Hash Batches": 1, "Max Peak Memory Usage": 8518, "min Peak Memory Usage": 8518, "Plans": [{"Node Type": "Streaming(type: LOCAL REDISTRIBUTE dop: 16/16)", "Parent Relationship": "Outer", "Startup Cost": 0.0, "Total Cost": 125997.5, "Plan Rows": 2528311, "Plan Width": 21, "Actual Min Startup Time": 0.05, "Actual Max Startup Time": 192.809, "Actual Min Total Time": 585.619, "Actual Max Total Time": 904.138, "Plans": [{"Node Type": "Index Scan", "Parent Relationship": "Outer", "Scan Direction": "Forward", "Index Name": "title_pkey", "Relation Name": "title", "Alias": "t", "Startup Cost": 0.0, "Total Cost": 101417.57, "Plan Rows": 2528311, "Plan Width": 21, "Actual Min Startup Time": 28.69, "Actual Max Startup Time": 239.756, "Actual Min Total Time": 321.352, "Actual Max Total Time": 625.216, "Actual Rows": 2528311}], "Actual Rows": 2528311}], "Actual Rows": 2528311}], "Actual Rows": 323005}], "Actual Rows": 16}], "Actual Rows": 16}], "Actual Rows": 1}, "Triggers": [], "Planner Runtime": 110.135, "Total Runtime": 3348.961, "Unique SQL Id": 2457761703}}, "(16, '78')": {"explain_plan": {"Plan": {"Node Type": "Aggregate", "Strategy": "Plain", "Startup Cost": 287566.27, "Total Cost": 287566.3, "Plan Rows": 1, "Plan Width": 97, "Plans": [{"Node Type": "Streaming(type: LOCAL GATHER dop: 1/16)", "Parent Relationship": "Outer", "Startup Cost": 287566.27, "Total Cost": 287566.3, "Plan Rows": 1, "Plan Width": 97, "Plans": [{"Node Type": "Aggregate", "Strategy": "Plain", "Parent Relationship": "Outer", "Startup Cost": 287566.27, "Total Cost": 287566.28, "Plan Rows": 1, "Plan Width": 97, "Plans": [{"Node Type": "Hash Join", "Parent Relationship": "Outer", "Join Type": "Inner", "Startup Cost": 142621.96, "Total Cost": 285780.78, "Plan Rows": 357098, "Plan Width": 33, "Inner Unique": true, "Hash Cond": "(an1.person_id = n1.id), (LLVM Optimized)", "Plans": [{"Node Type": "Streaming(type: LOCAL REDISTRIBUTE dop: 16/16)", "Parent Relationship": "Outer", "Startup Cost": 126464.14, "Total Cost": 269316.07, "Plan Rows": 357098, "Plan Width": 41, "Plans": [{"Node Type": "Hash Join", "Parent Relationship": "Outer", "Join Type": "Inner", "Startup Cost": 126464.14, "Total Cost": 252963.01, "Plan Rows": 357098, "Plan Width": 41, "Inner Unique": true, "Hash Cond": "(ci.movie_id = t.id), (LLVM Optimized)", "Plans": [{"Node Type": "Streaming(type: LOCAL REDISTRIBUTE dop: 16/16)", "Parent Relationship": "Outer", "Startup Cost": 113655.34, "Total Cost": 239847.25, "Plan Rows": 357379, "Plan Width": 32, "Plans": [{"Node Type": "Hash Join", "Parent Relationship": "Outer", "Join Type": "Inner", "Startup Cost": 113655.34, "Total Cost": 223493.12, "Plan Rows": 357379, "Plan Width": 32, "Inner Unique": false, "Hash Cond": "(ci.person_id = an1.person_id), (LLVM Optimized)", "Plans": [{"Node Type": "Streaming(type: LOCAL REDISTRIBUTE dop: 16/16)", "Parent Relationship": "Outer", "Startup Cost": 104286.28, "Total Cost": 212931.86, "Plan Rows": 711018, "Plan Width": 12, "Plans": [{"Node Type": "Hash Join", "Parent Relationship": "Outer", "Join Type": "Inner", "Startup Cost": 104286.28, "Total Cost": 195237.77, "Plan Rows": 711018, "Plan Width": 12, "Inner Unique": false, "Hash Cond": "(ci.movie_id = mc.movie_id), (LLVM Optimized)", "Plans": [{"Node Type": "Streaming(type: LOCAL REDISTRIBUTE dop: 16/16)", "Parent Relationship": "Outer", "Startup Cost": 15001.51, "Total Cost": 102848.74, "Plan Rows": 3296318, "Plan Width": 8, "Plans": [{"Node Type": "Hash Join", "Parent Relationship": "Outer", "Join Type": "Inner", "Startup Cost": 15001.51, "Total Cost": 75358.79, "Plan Rows": 3296318, "Plan Width": 8, "Inner Unique": true, "Hash Cond": "(ci.role_id = rt.id), (LLVM Optimized)", "Plans": [{"Node Type": "Seq Scan", "Parent Relationship": "Outer", "Relation Name": "cast_info", "Alias": "ci", "Startup Cost": 0.0, "Total Cost": 52617.37, "Plan Rows": 36259494, "Plan Width": 12}, {"Node Type": "Hash", "Parent Relationship": "Inner", "Startup Cost": 15001.5, "Total Cost": 15001.5, "Plan Rows": 16, "Plan Width": 4, "Plans": [{"Node Type": "Streaming(type: BROADCAST dop: 16/1)", "Parent Relationship": "Outer", "Startup Cost": 0.0, "Total Cost": 15001.5, "Plan Rows": 16, "Plan Width": 4, "Plans": [{"Node Type": "Seq Scan", "Parent Relationship": "Outer", "Relation Name": "role_type", "Alias": "rt", "Startup Cost": 0.0, "Total Cost": 1.15, "Plan Rows": 1, "Plan Width": 4, "Filter": "((role)::text = 'costume designer'::text)"}]}]}]}]}, {"Node Type": "Hash", "Parent Relationship": "Inner", "Startup Cost": 88282.97, "Total Cost": 88282.97, "Plan Rows": 1282311, "Plan Width": 4, "Plans": [{"Node Type": "Streaming(type: LOCAL REDISTRIBUTE dop: 16/16)", "Parent Relationship": "Outer", "Startup Cost": 24511.53, "Total Cost": 88282.97, "Plan Rows": 1282311, "Plan Width": 4, "Plans": [{"Node Type": "Hash Join", "Parent Relationship": "Outer", "Join Type": "Inner", "Startup Cost": 24511.53, "Total Cost": 68424.21, "Plan Rows": 1282311, "Plan Width": 4, "Inner Unique": true, "Hash Cond": "(mc.company_id = cn.id), (LLVM Optimized)", "Plans": [{"Node Type": "Streaming(type: LOCAL REDISTRIBUTE dop: 16/16)", "Parent Relationship": "Outer", "Startup Cost": 0.0, "Total Cost": 42499.73, "Plan Rows": 2609128, "Plan Width": 8, "Plans": [{"Node Type": "Seq Scan", "Parent Relationship": "Outer", "Relation Name": "movie_companies", "Alias": "mc", "Startup Cost": 0.0, "Total Cost": 17613.58, "Plan Rows": 2609128, "Plan Width": 8}]}, {"Node Type": "Hash", "Parent Relationship": "Inner", "Startup Cost": 24444.99, "Total Cost": 24444.99, "Plan Rows": 85170, "Plan Width": 4, "Plans": [{"Node Type": "Streaming(type: LOCAL REDISTRIBUTE dop: 16/1)", "Parent Relationship": "Outer", "Startup Cost": 0.0, "Total Cost": 24444.99, "Plan Rows": 85170, "Plan Width": 4, "Plans": [{"Node Type": "Seq Scan", "Parent Relationship": "Outer", "Relation Name": "company_name", "Alias": "cn", "Startup Cost": 0.0, "Total Cost": 5903.45, "Plan Rows": 85170, "Plan Width": 4, "Filter": "((country_code)::text = '[us]'::text)"}]}]}]}]}]}]}]}, {"Node Type": "Hash", "Parent Relationship": "Inner", "Startup Cost": 34659.52, "Total Cost": 34659.52, "Plan Rows": 901342, "Plan Width": 20, "Plans": [{"Node Type": "Streaming(type: LOCAL REDISTRIBUTE dop: 16/16)", "Parent Relationship": "Outer", "Startup Cost": 0.0, "Total Cost": 34659.52, "Plan Rows": 901342, "Plan Width": 20, "Plans": [{"Node Type": "Seq Scan", "Parent Relationship": "Outer", "Relation Name": "aka_name", "Alias": "an1", "Startup Cost": 0.0, "Total Cost": 16244.28, "Plan Rows": 901342, "Plan Width": 20}]}]}]}]}, {"Node Type": "Hash", "Parent Relationship": "Inner", "Startup Cost": 43334.25, "Total Cost": 43334.25, "Plan Rows": 2528311, "Plan Width": 21, "Plans": [{"Node Type": "Streaming(type: LOCAL REDISTRIBUTE dop: 16/16)", "Parent Relationship": "Outer", "Startup Cost": 0.0, "Total Cost": 43334.25, "Plan Rows": 2528311, "Plan Width": 21, "Plans": [{"Node Type": "Seq Scan", "Parent Relationship": "Outer", "Relation Name": "title", "Alias": "t", "Startup Cost": 0.0, "Total Cost": 18754.32, "Plan Rows": 2528311, "Plan Width": 21}]}]}]}]}, {"Node Type": "Hash", "Parent Relationship": "Inner", "Startup Cost": 51607.87, "Total Cost": 51607.87, "Plan Rows": 4167490, "Plan Width": 4, "Plans": [{"Node Type": "Streaming(type: LOCAL REDISTRIBUTE dop: 16/16)", "Parent Relationship": "Outer", "Startup Cost": 0.0, "Total Cost": 51607.87, "Plan Rows": 4167490, "Plan Width": 4, "Plans": [{"Node Type": "Seq Scan", "Parent Relationship": "Outer", "Relation Name": "name", "Alias": "n1", "Startup Cost": 0.0, "Total Cost": 20816.99, "Plan Rows": 4167490, "Plan Width": 4}]}]}]}]}]}]}, "Unique SQL Id": 2457761703, "Planner Runtime": 268}, "explain_analyze_plan": {"Plan": {"Node Type": "Aggregate", "Strategy": "Plain", "Startup Cost": 287566.27, "Total Cost": 287566.3, "Plan Rows": 1, "Plan Width": 97, "Actual Min Startup Time": 1429.474, "Actual Max Startup Time": 1429.474, "Actual Min Total Time": 1429.474, "Actual Max Total Time": 1429.474, "Plans": [{"Node Type": "Streaming(type: LOCAL GATHER dop: 1/16)", "Parent Relationship": "Outer", "Startup Cost": 287566.27, "Total Cost": 287566.3, "Plan Rows": 1, "Plan Width": 97, "Actual Min Startup Time": 1428.475, "Actual Max Startup Time": 1428.475, "Actual Min Total Time": 1429.447, "Actual Max Total Time": 1429.447, "Plans": [{"Node Type": "Aggregate", "Strategy": "Plain", "Parent Relationship": "Outer", "Startup Cost": 287566.27, "Total Cost": 287566.28, "Plan Rows": 1, "Plan Width": 97, "Actual Min Startup Time": 1046.427, "Actual Max Startup Time": 1225.524, "Actual Min Total Time": 1046.427, "Actual Max Total Time": 1225.525, "Plans": [{"Node Type": "Hash Join", "Parent Relationship": "Outer", "Join Type": "Inner", "Startup Cost": 142621.96, "Total Cost": 285780.78, "Plan Rows": 357098, "Plan Width": 33, "Actual Min Startup Time": 657.95, "Actual Max Startup Time": 846.411, "Actual Min Total Time": 1031.721, "Actual Max Total Time": 1217.172, "Inner Unique": true, "Hash Cond": "(an1.person_id = n1.id), (LLVM Optimized, Jit Execute)", "Plans": [{"Node Type": "Streaming(type: LOCAL REDISTRIBUTE dop: 16/16)", "Parent Relationship": "Outer", "Startup Cost": 126464.14, "Total Cost": 269316.07, "Plan Rows": 357098, "Plan Width": 41, "Actual Min Startup Time": 138.252, "Actual Max Startup Time": 161.278, "Actual Min Total Time": 500.465, "Actual Max Total Time": 521.157, "Plans": [{"Node Type": "Hash Join", "Parent Relationship": "Outer", "Join Type": "Inner", "Startup Cost": 126464.14, "Total Cost": 252963.01, "Plan Rows": 357098, "Plan Width": 41, "Actual Min Startup Time": 650.282, "Actual Max Startup Time": 827.406, "Actual Min Total Time": 1018.2, "Actual Max Total Time": 1197.69, "Inner Unique": true, "Hash Cond": "(ci.movie_id = t.id), (LLVM Optimized, Jit Execute)", "Plans": [{"Node Type": "Streaming(type: LOCAL REDISTRIBUTE dop: 16/16)", "Parent Relationship": "Outer", "Startup Cost": 113655.34, "Total Cost": 239847.25, "Plan Rows": 357379, "Plan Width": 32, "Actual Min Startup Time": 284.581, "Actual Max Startup Time": 292.563, "Actual Min Total Time": 643.034, "Actual Max Total Time": 653.83, "Plans": [{"Node Type": "Hash Join", "Parent Relationship": "Outer", "Join Type": "Inner", "Startup Cost": 113655.34, "Total Cost": 223493.12, "Plan Rows": 357379, "Plan Width": 32, "Actual Min Startup Time": 656.508, "Actual Max Startup Time": 864.813, "Actual Min Total Time": 976.219, "Actual Max Total Time": 1211.51, "Inner Unique": false, "Hash Cond": "(ci.person_id = an1.person_id), (LLVM Optimized, Jit Execute)", "Plans": [{"Node Type": "Streaming(type: LOCAL REDISTRIBUTE dop: 16/16)", "Parent Relationship": "Outer", "Startup Cost": 104286.28, "Total Cost": 212931.86, "Plan Rows": 711018, "Plan Width": 12, "Actual Min Startup Time": 516.593, "Actual Max Startup Time": 530.476, "Actual Min Total Time": 825.032, "Actual Max Total Time": 876.688, "Plans": [{"Node Type": "Hash Join", "Parent Relationship": "Outer", "Join Type": "Inner", "Startup Cost": 104286.28, "Total Cost": 195237.77, "Plan Rows": 711018, "Plan Width": 12, "Actual Min Startup Time": 655.48, "Actual Max Startup Time": 884.626, "Actual Min Total Time": 967.321, "Actual Max Total Time": 1196.253, "Inner Unique": false, "Hash Cond": "(ci.movie_id = mc.movie_id), (LLVM Optimized, Jit Execute)", "Plans": [{"Node Type": "Streaming(type: LOCAL REDISTRIBUTE dop: 16/16)", "Parent Relationship": "Outer", "Startup Cost": 15001.51, "Total Cost": 102848.74, "Plan Rows": 3296318, "Plan Width": 8, "Actual Min Startup Time": 0.062, "Actual Max Startup Time": 0.846, "Actual Min Total Time": 293.775, "Actual Max Total Time": 312.773, "Plans": [{"Node Type": "Hash Join", "Parent Relationship": "Outer", "Join Type": "Inner", "Startup Cost": 15001.51, "Total Cost": 75358.79, "Plan Rows": 3296318, "Plan Width": 8, "Actual Min Startup Time": 729.862, "Actual Max Startup Time": 782.989, "Actual Min Total Time": 934.617, "Actual Max Total Time": 992.529, "Inner Unique": true, "Hash Cond": "(ci.role_id = rt.id), (LLVM Optimized, Jit Execute)", "Plans": [{"Node Type": "Seq Scan", "Parent Relationship": "Outer", "Relation Name": "cast_info", "Alias": "ci", "Startup Cost": 0.0, "Total Cost": 52617.37, "Plan Rows": 36259494, "Plan Width": 12, "Actual Min Startup Time": 0.029, "Actual Max Startup Time": 0.042, "Actual Min Total Time": 515.441, "Actual Max Total Time": 569.135, "Actual Rows": 36244343}, {"Node Type": "Hash", "Parent Relationship": "Inner", "Startup Cost": 15001.5, "Total Cost": 15001.5, "Plan Rows": 16, "Plan Width": 4, "Actual Min Startup Time": 0.012, "Actual Max Startup Time": 11.903, "Actual Min Total Time": 0.012, "Actual Max Total Time": 11.903, "Max Hash Buckets": 32768, "Min Hash Buckets": 32768, "Max Hash Batches": 1, "Min Hash Batches": 1, "Max Original Hash Batches": 1, "Min Original Hash Batches": 1, "Max Peak Memory Usage": 1, "min Peak Memory Usage": 1, "Plans": [{"Node Type": "Streaming(type: BROADCAST dop: 16/1)", "Parent Relationship": "Outer", "Startup Cost": 0.0, "Total Cost": 15001.5, "Plan Rows": 16, "Plan Width": 4, "Actual Min Startup Time": 0.004, "Actual Max Startup Time": 11.888, "Actual Min Total Time": 0.004, "Actual Max Total Time": 11.889, "Plans": [{"Node Type": "Seq Scan", "Parent Relationship": "Outer", "Relation Name": "role_type", "Alias": "rt", "Startup Cost": 0.0, "Total Cost": 1.15, "Plan Rows": 1, "Plan Width": 4, "Actual Min Startup Time": 0.025, "Actual Max Startup Time": 0.025, "Actual Min Total Time": 0.027, "Actual Max Total Time": 0.027, "Filter": "((role)::text = 'costume designer'::text)", "Rows Removed by Filter": 11, "Actual Rows": 1}], "Actual Rows": 16}], "Actual Rows": 16}], "Actual Rows": 276403}], "Actual Rows": 276403}, {"Node Type": "Hash", "Parent Relationship": "Inner", "Startup Cost": 88282.97, "Total Cost": 88282.97, "Plan Rows": 1282311, "Plan Width": 4, "Actual Min Startup Time": 655.204, "Actual Max Startup Time": 884.113, "Actual Min Total Time": 655.204, "Actual Max Total Time": 884.113, "Max Hash Buckets": 131072, "Min Hash Buckets": 131072, "Max Hash Batches": 1, "Min Hash Batches": 1, "Max Original Hash Batches": 1, "Min Original Hash Batches": 1, "Max Peak Memory Usage": 2542, "min Peak Memory Usage": 2542, "Plans": [{"Node Type": "Streaming(type: LOCAL REDISTRIBUTE dop: 16/16)", "Parent Relationship": "Outer", "Startup Cost": 24511.53, "Total Cost": 88282.97, "Plan Rows": 1282311, "Plan Width": 4, "Actual Min Startup Time": 186.112, "Actual Max Startup Time": 414.758, "Actual Min Total Time": 627.769, "Actual Max Total Time": 863.493, "Plans": [{"Node Type": "Hash Join", "Parent Relationship": "Outer", "Join Type": "Inner", "Startup Cost": 24511.53, "Total Cost": 68424.21, "Plan Rows": 1282311, "Plan Width": 4, "Actual Min Startup Time": 176.757, "Actual Max Startup Time": 400.58, "Actual Min Total Time": 517.522, "Actual Max Total Time": 794.956, "Inner Unique": true, "Hash Cond": "(mc.company_id = cn.id), (LLVM Optimized, Jit Execute)", "Plans": [{"Node Type": "Streaming(type: LOCAL REDISTRIBUTE dop: 16/16)", "Parent Relationship": "Outer", "Startup Cost": 0.0, "Total Cost": 42499.73, "Plan Rows": 2609128, "Plan Width": 8, "Actual Min Startup Time": 0.062, "Actual Max Startup Time": 1.791, "Actual Min Total Time": 265.249, "Actual Max Total Time": 357.061, "Plans": [{"Node Type": "Seq Scan", "Parent Relationship": "Outer", "Relation Name": "movie_companies", "Alias": "mc", "Startup Cost": 0.0, "Total Cost": 17613.58, "Plan Rows": 2609128, "Plan Width": 8, "Actual Min Startup Time": 0.026, "Actual Max Startup Time": 0.044, "Actual Min Total Time": 42.83, "Actual Max Total Time": 51.451, "Actual Rows": 2609128}], "Actual Rows": 2609128}, {"Node Type": "Hash", "Parent Relationship": "Inner", "Startup Cost": 24444.99, "Total Cost": 24444.99, "Plan Rows": 85170, "Plan Width": 4, "Actual Min Startup Time": 176.63, "Actual Max Startup Time": 399.346, "Actual Min Total Time": 176.63, "Actual Max Total Time": 399.346, "Max Hash Buckets": 32768, "Min Hash Buckets": 32768, "Max Hash Batches": 1, "Min Hash Batches": 1, "Max Original Hash Batches": 1, "Min Original Hash Batches": 1, "Max Peak Memory Usage": 182, "min Peak Memory Usage": 182, "Plans": [{"Node Type": "Streaming(type: LOCAL REDISTRIBUTE dop: 16/1)", "Parent Relationship": "Outer", "Startup Cost": 0.0, "Total Cost": 24444.99, "Plan Rows": 85170, "Plan Width": 4, "Actual Min Startup Time": 0.035, "Actual Max Startup Time": 218.603, "Actual Min Total Time": 174.868, "Actual Max Total Time": 397.632, "Plans": [{"Node Type": "Seq Scan", "Parent Relationship": "Outer", "Relation Name": "company_name", "Alias": "cn", "Startup Cost": 0.0, "Total Cost": 5903.45, "Plan Rows": 85170, "Plan Width": 4, "Actual Min Startup Time": 0.038, "Actual Max Startup Time": 0.038, "Actual Min Total Time": 94.596, "Actual Max Total Time": 94.596, "Filter": "((country_code)::text = '[us]'::text)", "Rows Removed by Filter": 150153, "Actual Rows": 84843}], "Actual Rows": 84843}], "Actual Rows": 84843}], "Actual Rows": 1153797}], "Actual Rows": 1153797}], "Actual Rows": 1153797}], "Actual Rows": 285537}], "Actual Rows": 285537}, {"Node Type": "Hash", "Parent Relationship": "Inner", "Startup Cost": 34659.52, "Total Cost": 34659.52, "Plan Rows": 901342, "Plan Width": 20, "Actual Min Startup Time": 129.879, "Actual Max Startup Time": 348.156, "Actual Min Total Time": 129.879, "Actual Max Total Time": 348.156, "Max Hash Buckets": 65536, "Min Hash Buckets": 65536, "Max Hash Batches": 1, "Min Hash Batches": 1, "Max Original Hash Batches": 1, "Min Original Hash Batches": 1, "Max Peak Memory Usage": 2981, "min Peak Memory Usage": 2981, "Plans": [{"Node Type": "Streaming(type: LOCAL REDISTRIBUTE dop: 16/16)", "Parent Relationship": "Outer", "Startup Cost": 0.0, "Total Cost": 34659.52, "Plan Rows": 901342, "Plan Width": 20, "Actual Min Startup Time": 0.048, "Actual Max Startup Time": 211.292, "Actual Min Total Time": 113.469, "Actual Max Total Time": 331.199, "Plans": [{"Node Type": "Seq Scan", "Parent Relationship": "Outer", "Relation Name": "aka_name", "Alias": "an1", "Startup Cost": 0.0, "Total Cost": 16244.28, "Plan Rows": 901342, "Plan Width": 20, "Actual Min Startup Time": 0.02, "Actual Max Startup Time": 0.037, "Actual Min Total Time": 16.899, "Actual Max Total Time": 20.777, "Actual Rows": 901342}], "Actual Rows": 901342}], "Actual Rows": 901342}], "Actual Rows": 323005}], "Actual Rows": 323005}, {"Node Type": "Hash", "Parent Relationship": "Inner", "Startup Cost": 43334.25, "Total Cost": 43334.25, "Plan Rows": 2528311, "Plan Width": 21, "Actual Min Startup Time": 361.928, "Actual Max Startup Time": 536.694, "Actual Min Total Time": 361.928, "Actual Max Total Time": 536.694, "Max Hash Buckets": 262144, "Min Hash Buckets": 262144, "Max Hash Batches": 1, "Min Hash Batches": 1, "Max Original Hash Batches": 1, "Min Original Hash Batches": 1, "Max Peak Memory Usage": 8518, "min Peak Memory Usage": 8518, "Plans": [{"Node Type": "Streaming(type: LOCAL REDISTRIBUTE dop: 16/16)", "Parent Relationship": "Outer", "Startup Cost": 0.0, "Total Cost": 43334.25, "Plan Rows": 2528311, "Plan Width": 21, "Actual Min Startup Time": 0.052, "Actual Max Startup Time": 29.929, "Actual Min Total Time": 291.244, "Actual Max Total Time": 484.112, "Plans": [{"Node Type": "Seq Scan", "Parent Relationship": "Outer", "Relation Name": "title", "Alias": "t", "Startup Cost": 0.0, "Total Cost": 18754.32, "Plan Rows": 2528311, "Plan Width": 21, "Actual Min Startup Time": 0.018, "Actual Max Startup Time": 0.034, "Actual Min Total Time": 48.948, "Actual Max Total Time": 58.428, "Actual Rows": 2528311}], "Actual Rows": 2528311}], "Actual Rows": 2528311}], "Actual Rows": 323005}], "Actual Rows": 323005}, {"Node Type": "Hash", "Parent Relationship": "Inner", "Startup Cost": 51607.87, "Total Cost": 51607.87, "Plan Rows": 4167490, "Plan Width": 4, "Actual Min Startup Time": 514.494, "Actual Max Startup Time": 693.507, "Actual Min Total Time": 514.494, "Actual Max Total Time": 693.507, "Max Hash Buckets": 262144, "Min Hash Buckets": 262144, "Max Hash Batches": 1, "Min Hash Batches": 1, "Max Original Hash Batches": 1, "Min Original Hash Batches": 1, "Max Peak Memory Usage": 9174, "min Peak Memory Usage": 9174, "Plans": [{"Node Type": "Streaming(type: LOCAL REDISTRIBUTE dop: 16/16)", "Parent Relationship": "Outer", "Startup Cost": 0.0, "Total Cost": 51607.87, "Plan Rows": 4167490, "Plan Width": 4, "Actual Min Startup Time": 0.053, "Actual Max Startup Time": 140.533, "Actual Min Total Time": 409.113, "Actual Max Total Time": 612.992, "Plans": [{"Node Type": "Seq Scan", "Parent Relationship": "Outer", "Relation Name": "name", "Alias": "n1", "Startup Cost": 0.0, "Total Cost": 20816.99, "Plan Rows": 4167490, "Plan Width": 4, "Actual Min Startup Time": 0.017, "Actual Max Startup Time": 0.034, "Actual Min Total Time": 74.859, "Actual Max Total Time": 86.06, "Actual Rows": 4167490}], "Actual Rows": 4167490}], "Actual Rows": 4167490}], "Actual Rows": 323005}], "Actual Rows": 16}], "Actual Rows": 16}], "Actual Rows": 1}, "Triggers": [], "Planner Runtime": 195.615, "Total Runtime": 1475.961, "Unique SQL Id": 2457761703}}, "(16, '79')": {"explain_plan": {"Plan": {"Node Type": "Aggregate", "Strategy": "Plain", "Startup Cost": 6720948132520.17, "Total Cost": 6720948132520.18, "Plan Rows": 1, "Plan Width": 97, "Plans": [{"Node Type": "Hash Join", "Parent Relationship": "Outer", "Join Type": "Inner", "Startup Cost": 4029125744837.46, "Total Cost": 6720948130734.68, "Plan Rows": 357098, "Plan Width": 33, "Inner Unique": false, "Hash Cond": "(ci.movie_id = t.id), (LLVM Optimized)", "Plans": [{"Node Type": "Hash Join", "Parent Relationship": "Outer", "Join Type": "Inner", "Startup Cost": 1030049898442.37, "Total Cost": 3721872271248.76, "Plan Rows": 1484588, "Plan Width": 20, "Inner Unique": true, "Hash Cond": "(ci.role_id = rt.id), (LLVM Optimized)", "Plans": [{"Node Type": "Merge Join", "Parent Relationship": "Outer", "Join Type": "Inner", "Startup Cost": 30049897196.36, "Total Cost": 2721872214228.63, "Plan Rows": 16330470, "Plan Width": 24, "Inner Unique": false, "Merge Cond": "(an1.person_id = ci.person_id)", "Plans": [{"Node Type": "Merge Join", "Parent Relationship": "Outer", "Join Type": "Inner", "Startup Cost": 20030754356.47, "Total Cost": 2000007674895.99, "Plan Rows": 901342, "Plan Width": 24, "Inner Unique": true, "Merge Cond": "(an1.person_id = n1.id)", "Plans": [{"Node Type": "Index Scan", "Parent Relationship": "Outer", "Scan Direction": "Forward", "Index Name": "person_id_aka_name", "Relation Name": "aka_name", "Alias": "an1", "Startup Cost": 10000000000.0, "Total Cost": 1000006896503.43, "Plan Rows": 901342, "Plan Width": 20}, {"Node Type": "Index Scan", "Parent Relationship": "Inner", "Scan Direction": "Forward", "Index Name": "name_pkey", "Relation Name": "name", "Alias": "n1", "Startup Cost": 10000000000.0, "Total Cost": 1000017623274.7, "Plan Rows": 4167490, "Plan Width": 4}]}, {"Node Type": "Index Scan", "Parent Relationship": "Inner", "Scan Direction": "Forward", "Index Name": "person_id_cast_info", "Relation Name": "cast_info", "Alias": "ci", "Startup Cost": 10000000000.0, "Total Cost": 1000170648833.21, "Plan Rows": 36259494, "Plan Width": 12}]}, {"Node Type": "Hash", "Parent Relationship": "Inner", "Startup Cost": 1000000001246.0, "Total Cost": 1000000001246.0, "Plan Rows": 1, "Plan Width": 4, "Plans": [{"Node Type": "Index Scan", "Parent Relationship": "Outer", "Scan Direction": "Forward", "Index Name": "role_type_pkey", "Relation Name": "role_type", "Alias": "rt", "Startup Cost": 10000000000.0, "Total Cost": 1000000001246.0, "Plan Rows": 1, "Plan Width": 4, "Filter": "((role)::text = 'costume designer'::text)"}]}]}, {"Node Type": "Hash", "Parent Relationship": "Inner", "Startup Cost": 2999075830366.2, "Total Cost": 2999075830366.2, "Plan Rows": 1282311, "Plan Width": 25, "Plans": [{"Node Type": "Merge Join", "Parent Relationship": "Outer", "Join Type": "Inner", "Startup Cost": 2010035495066.48, "Total Cost": 2999075830366.2, "Plan Rows": 1282311, "Plan Width": 25, "Inner Unique": true, "Merge Cond": "(mc.movie_id = t.id)", "Plans": [{"Node Type": "Sort", "Parent Relationship": "Outer", "Startup Cost": 2000013567140.28, "Total Cost": 2000013570346.05, "Plan Rows": 1282311, "Plan Width": 4, "Sort Key": ["mc.movie_id"], "Plans": [{"Node Type": "Merge Join", "Parent Relationship": "Outer", "Join Type": "Inner", "Startup Cost": 45724640147.62, "Total Cost": 2000013437047.81, "Plan Rows": 1282311, "Plan Width": 4, "Inner Unique": false, "Merge Cond": "(cn.id = mc.company_id)", "Plans": [{"Node Type": "Index Scan", "Parent Relationship": "Outer", "Scan Direction": "Forward", "Index Name": "company_name_pkey", "Relation Name": "company_name", "Alias": "cn", "Startup Cost": 10000000000.0, "Total Cost": 1000001050138.97, "Plan Rows": 85170, "Plan Width": 4, "Filter": "((country_code)::text = '[us]'::text)"}, {"Node Type": "Index Scan", "Parent Relationship": "Inner", "Scan Direction": "Forward", "Index Name": "company_id_movie_companies", "Relation Name": "movie_companies", "Alias": "mc", "Startup Cost": 10000000000.0, "Total Cost": 1000012367349.98, "Plan Rows": 2609128, "Plan Width": 8}]}]}, {"Node Type": "Index Scan", "Parent Relationship": "Inner", "Scan Direction": "Forward", "Index Name": "title_pkey", "Relation Name": "title", "Alias": "t", "Startup Cost": 10000000000.0, "Total Cost": 1000011012048.91, "Plan Rows": 2528311, "Plan Width": 21}]}]}]}]}, "Unique SQL Id": 2457761703, "Planner Runtime": 149}, "explain_analyze_plan": null}, "(16, '80')": {"explain_plan": {"Plan": {"Node Type": "Aggregate", "Strategy": "Plain", "Startup Cost": 2355861.25, "Total Cost": 2355861.26, "Plan Rows": 1, "Plan Width": 97, "Plans": [{"Node Type": "Nested Loop", "Parent Relationship": "Outer", "Join Type": "Inner", "Startup Cost": 2183858.78, "Total Cost": 2354075.76, "Plan Rows": 357098, "Plan Width": 33, "Inner Unique": true, "Join Filter": "(an1.person_id = n1.id), (LLVM Optimized)", "Plans": [{"Node Type": "Merge Join", "Parent Relationship": "Outer", "Join Type": "Inner", "Startup Cost": 2183858.78, "Total Cost": 2252581.83, "Plan Rows": 357098, "Plan Width": 41, "Inner Unique": false, "Merge Cond": "(an1.person_id = ci.person_id)", "Plans": [{"Node Type": "Index Scan", "Parent Relationship": "Outer", "Scan Direction": "Forward", "Index Name": "person_id_aka_name", "Relation Name": "aka_name", "Alias": "an1", "Startup Cost": 0.0, "Total Cost": 68965.03, "Plan Rows": 901342, "Plan Width": 20}, {"Node Type": "Sort", "Parent Relationship": "Inner", "Startup Cost": 2183858.71, "Total Cost": 2185634.85, "Plan Rows": 710459, "Plan Width": 21, "Sort Key": ["ci.person_id"], "Plans": [{"Node Type": "Merge Join", "Parent Relationship": "Outer", "Join Type": "Inner", "Startup Cost": 2095152.01, "Total Cost": 2114807.8, "Plan Rows": 710459, "Plan Width": 21, "Inner Unique": false, "Merge Cond": "(rt.id = ci.role_id)", "Plans": [{"Node Type": "Sort", "Parent Relationship": "Outer", "Startup Cost": 1.16, "Total Cost": 1.16, "Plan Rows": 1, "Plan Width": 4, "Sort Key": ["rt.id"], "Plans": [{"Node Type": "Seq Scan", "Parent Relationship": "Outer", "Relation Name": "role_type", "Alias": "rt", "Startup Cost": 0.0, "Total Cost": 1.15, "Plan Rows": 1, "Plan Width": 4, "Filter": "((role)::text = 'costume designer'::text)"}]}, {"Node Type": "Sort", "Parent Relationship": "Inner", "Startup Cost": 2095150.85, "Total Cost": 2103466.76, "Plan Rows": 3326364, "Plan Width": 25, "Sort Key": ["ci.role_id"], "Plans": [{"Node Type": "Nested Loop", "Parent Relationship": "Outer", "Join Type": "Inner", "Startup Cost": 283828.79, "Total Cost": 1734813.91, "Plan Rows": 3326364, "Plan Width": 25, "Inner Unique": false, "Join Filter": "(t.id = ci.movie_id), (LLVM Optimized)", "Plans": [{"Node Type": "Merge Join", "Parent Relationship": "Outer", "Join Type": "Inner", "Startup Cost": 283828.79, "Total Cost": 419390.55, "Plan Rows": 1282311, "Plan Width": 25, "Inner Unique": false, "Merge Cond": "(t.id = mc.movie_id)", "Plans": [{"Node Type": "Index Scan", "Parent Relationship": "Outer", "Scan Direction": "Forward", "Index Name": "title_pkey", "Relation Name": "title", "Alias": "t", "Startup Cost": 0.0, "Total Cost": 110120.49, "Plan Rows": 2528311, "Plan Width": 21}, {"Node Type": "Sort", "Parent Relationship": "Inner", "Startup Cost": 283826.21, "Total Cost": 287031.99, "Plan Rows": 1282311, "Plan Width": 4, "Sort Key": ["mc.movie_id"], "Plans": [{"Node Type": "Merge Join", "Parent Relationship": "Outer", "Join Type": "Inner", "Startup Cost": 3383.04, "Total Cost": 153733.74, "Plan Rows": 1282311, "Plan Width": 4, "Inner Unique": false, "Merge Cond": "(cn.id = mc.company_id)", "Plans": [{"Node Type": "Index Scan", "Parent Relationship": "Outer", "Scan Direction": "Forward", "Index Name": "company_name_pkey", "Relation Name": "company_name", "Alias": "cn", "Startup Cost": 0.0, "Total Cost": 10501.39, "Plan Rows": 85170, "Plan Width": 4, "Filter": "((country_code)::text = '[us]'::text)"}, {"Node Type": "Index Scan", "Parent Relationship": "Inner", "Scan Direction": "Forward", "Index Name": "company_id_movie_companies", "Relation Name": "movie_companies", "Alias": "mc", "Startup Cost": 0.0, "Total Cost": 123673.5, "Plan Rows": 2609128, "Plan Width": 8}]}]}]}, {"Node Type": "Index Scan", "Parent Relationship": "Inner", "Scan Direction": "Forward", "Index Name": "movie_id_cast_info", "Relation Name": "cast_info", "Alias": "ci", "Startup Cost": 0.0, "Total Cost": 0.95, "Plan Rows": 6, "Plan Width": 12, "Index Cond": "(movie_id = mc.movie_id)"}]}]}]}]}]}, {"Node Type": "Index Only Scan", "Parent Relationship": "Inner", "Scan Direction": "Forward", "Index Name": "name_pkey", "Relation Name": "name", "Alias": "n1", "Startup Cost": 0.0, "Total Cost": 0.27, "Plan Rows": 1, "Plan Width": 4, "Index Cond": "(id = ci.person_id)"}]}]}, "Unique SQL Id": 2457761703, "Planner Runtime": 35}, "explain_analyze_plan": null}, "(16, '81')": {"explain_plan": {"Plan": {"Node Type": "Aggregate", "Strategy": "Plain", "Startup Cost": 2355872.55, "Total Cost": 2355872.56, "Plan Rows": 1, "Plan Width": 97, "Plans": [{"Node Type": "Nested Loop", "Parent Relationship": "Outer", "Join Type": "Inner", "Startup Cost": 2183870.07, "Total Cost": 2354087.06, "Plan Rows": 357098, "Plan Width": 33, "Inner Unique": true, "Join Filter": "(an1.person_id = n1.id), (LLVM Optimized)", "Plans": [{"Node Type": "Merge Join", "Parent Relationship": "Outer", "Join Type": "Inner", "Startup Cost": 2183870.07, "Total Cost": 2252593.12, "Plan Rows": 357098, "Plan Width": 41, "Inner Unique": false, "Merge Cond": "(an1.person_id = ci.person_id)", "Plans": [{"Node Type": "Index Scan", "Parent Relationship": "Outer", "Scan Direction": "Forward", "Index Name": "person_id_aka_name", "Relation Name": "aka_name", "Alias": "an1", "Startup Cost": 0.0, "Total Cost": 68965.03, "Plan Rows": 901342, "Plan Width": 20}, {"Node Type": "Sort", "Parent Relationship": "Inner", "Startup Cost": 2183870.0, "Total Cost": 2185646.15, "Plan Rows": 710459, "Plan Width": 21, "Sort Key": ["ci.person_id"], "Plans": [{"Node Type": "Merge Join", "Parent Relationship": "Outer", "Join Type": "Inner", "Startup Cost": 2095150.85, "Total Cost": 2114819.1, "Plan Rows": 710459, "Plan Width": 21, "Inner Unique": false, "Merge Cond": "(rt.id = ci.role_id)", "Plans": [{"Node Type": "Index Scan", "Parent Relationship": "Outer", "Scan Direction": "Forward", "Index Name": "role_type_pkey", "Relation Name": "role_type", "Alias": "rt", "Startup Cost": 0.0, "Total Cost": 12.46, "Plan Rows": 1, "Plan Width": 4, "Filter": "((role)::text = 'costume designer'::text)"}, {"Node Type": "Sort", "Parent Relationship": "Inner", "Startup Cost": 2095150.85, "Total Cost": 2103466.76, "Plan Rows": 3326364, "Plan Width": 25, "Sort Key": ["ci.role_id"], "Plans": [{"Node Type": "Nested Loop", "Parent Relationship": "Outer", "Join Type": "Inner", "Startup Cost": 283828.79, "Total Cost": 1734813.91, "Plan Rows": 3326364, "Plan Width": 25, "Inner Unique": false, "Join Filter": "(t.id = ci.movie_id), (LLVM Optimized)", "Plans": [{"Node Type": "Merge Join", "Parent Relationship": "Outer", "Join Type": "Inner", "Startup Cost": 283828.79, "Total Cost": 419390.55, "Plan Rows": 1282311, "Plan Width": 25, "Inner Unique": false, "Merge Cond": "(t.id = mc.movie_id)", "Plans": [{"Node Type": "Index Scan", "Parent Relationship": "Outer", "Scan Direction": "Forward", "Index Name": "title_pkey", "Relation Name": "title", "Alias": "t", "Startup Cost": 0.0, "Total Cost": 110120.49, "Plan Rows": 2528311, "Plan Width": 21}, {"Node Type": "Sort", "Parent Relationship": "Inner", "Startup Cost": 283826.21, "Total Cost": 287031.99, "Plan Rows": 1282311, "Plan Width": 4, "Sort Key": ["mc.movie_id"], "Plans": [{"Node Type": "Merge Join", "Parent Relationship": "Outer", "Join Type": "Inner", "Startup Cost": 3383.04, "Total Cost": 153733.74, "Plan Rows": 1282311, "Plan Width": 4, "Inner Unique": false, "Merge Cond": "(cn.id = mc.company_id)", "Plans": [{"Node Type": "Index Scan", "Parent Relationship": "Outer", "Scan Direction": "Forward", "Index Name": "company_name_pkey", "Relation Name": "company_name", "Alias": "cn", "Startup Cost": 0.0, "Total Cost": 10501.39, "Plan Rows": 85170, "Plan Width": 4, "Filter": "((country_code)::text = '[us]'::text)"}, {"Node Type": "Index Scan", "Parent Relationship": "Inner", "Scan Direction": "Forward", "Index Name": "company_id_movie_companies", "Relation Name": "movie_companies", "Alias": "mc", "Startup Cost": 0.0, "Total Cost": 123673.5, "Plan Rows": 2609128, "Plan Width": 8}]}]}]}, {"Node Type": "Index Scan", "Parent Relationship": "Inner", "Scan Direction": "Forward", "Index Name": "movie_id_cast_info", "Relation Name": "cast_info", "Alias": "ci", "Startup Cost": 0.0, "Total Cost": 0.95, "Plan Rows": 6, "Plan Width": 12, "Index Cond": "(movie_id = mc.movie_id)"}]}]}]}]}]}, {"Node Type": "Index Only Scan", "Parent Relationship": "Inner", "Scan Direction": "Forward", "Index Name": "name_pkey", "Relation Name": "name", "Alias": "n1", "Startup Cost": 0.0, "Total Cost": 0.27, "Plan Rows": 1, "Plan Width": 4, "Index Cond": "(id = ci.person_id)"}]}]}, "Unique SQL Id": 2457761703, "Planner Runtime": 46}, "explain_analyze_plan": null}, "(16, '82')": {"explain_plan": {"Plan": {"Node Type": "Aggregate", "Strategy": "Plain", "Startup Cost": 7018604.77, "Total Cost": 7018604.78, "Plan Rows": 1, "Plan Width": 97, "Plans": [{"Node Type": "Nested Loop", "Parent Relationship": "Outer", "Join Type": "Inner", "Startup Cost": 5475388.98, "Total Cost": 7016819.28, "Plan Rows": 357098, "Plan Width": 33, "Inner Unique": true, "Plans": [{"Node Type": "Merge Join", "Parent Relationship": "Outer", "Join Type": "Inner", "Startup Cost": 5475388.72, "Total Cost": 5486783.02, "Plan Rows": 357379, "Plan Width": 24, "Inner Unique": false, "Merge Cond": "(an1.person_id = ci.person_id)", "Plans": [{"Node Type": "Sort", "Parent Relationship": "Outer", "Startup Cost": 4045136.62, "Total Cost": 4047389.97, "Plan Rows": 901342, "Plan Width": 24, "Sort Key": ["an1.person_id"], "Plans": [{"Node Type": "Nested Loop", "Parent Relationship": "Outer", "Join Type": "Inner", "Startup Cost": 0.33, "Total Cost": 3955986.16, "Plan Rows": 901342, "Plan Width": 24, "Inner Unique": true, "Plans": [{"Node Type": "Streaming(type: LOCAL GATHER dop: 1/16)", "Parent Relationship": "Outer", "Startup Cost": 0.0, "Total Cost": 35697.07, "Plan Rows": 901342, "Plan Width": 20, "Plans": [{"Node Type": "Seq Scan", "Parent Relationship": "Outer", "Relation Name": "aka_name", "Alias": "an1", "Startup Cost": 0.0, "Total Cost": 16244.28, "Plan Rows": 901342, "Plan Width": 20}]}, {"Node Type": "Bitmap Heap Scan", "Parent Relationship": "Inner", "Relation Name": "name", "Alias": "n1", "Startup Cost": 0.33, "Total Cost": 4.34, "Plan Rows": 1, "Plan Width": 4, "Recheck Cond": "(id = an1.person_id)", "Plans": [{"Node Type": "Bitmap Index Scan", "Parent Relationship": "Outer", "Index Name": "name_pkey", "Startup Cost": 0.0, "Total Cost": 0.33, "Plan Rows": 1, "Plan Width": 0, "Index Cond": "(id = an1.person_id)"}]}]}]}, {"Node Type": "Sort", "Parent Relationship": "Inner", "Startup Cost": 1430252.03, "Total Cost": 1432029.58, "Plan Rows": 711018, "Plan Width": 12, "Sort Key": ["ci.person_id"], "Plans": [{"Node Type": "Merge Join", "Parent Relationship": "Outer", "Join Type": "Inner", "Startup Cost": 1321547.02, "Total Cost": 1361142.77, "Plan Rows": 711018, "Plan Width": 12, "Inner Unique": false, "Merge Cond": "(mc.movie_id = ci.movie_id)", "Plans": [{"Node Type": "Sort", "Parent Relationship": "Outer", "Startup Cost": 574922.31, "Total Cost": 578128.08, "Plan Rows": 1282311, "Plan Width": 4, "Sort Key": ["mc.movie_id"], "Plans": [{"Node Type": "Nested Loop", "Parent Relationship": "Outer", "Join Type": "Inner", "Startup Cost": 0.82, "Total Cost": 444829.84, "Plan Rows": 1282311, "Plan Width": 4, "Inner Unique": false, "Plans": [{"Node Type": "Seq Scan", "Parent Relationship": "Outer", "Relation Name": "company_name", "Alias": "cn", "Startup Cost": 0.0, "Total Cost": 5903.45, "Plan Rows": 85170, "Plan Width": 4, "Filter": "((country_code)::text = '[us]'::text)"}, {"Node Type": "Bitmap Heap Scan", "Parent Relationship": "Inner", "Relation Name": "movie_companies", "Alias": "mc", "Startup Cost": 0.82, "Total Cost": 5.0, "Plan Rows": 15, "Plan Width": 8, "Recheck Cond": "(company_id = cn.id)", "Plans": [{"Node Type": "Bitmap Index Scan", "Parent Relationship": "Outer", "Index Name": "company_id_movie_companies", "Startup Cost": 0.0, "Total Cost": 0.81, "Plan Rows": 15, "Plan Width": 0, "Index Cond": "(company_id = cn.id)"}]}]}]}, {"Node Type": "Sort", "Parent Relationship": "Inner", "Startup Cost": 746624.39, "Total Cost": 754865.19, "Plan Rows": 3296318, "Plan Width": 8, "Sort Key": ["ci.movie_id"], "Plans": [{"Node Type": "Nested Loop", "Parent Relationship": "Outer", "Join Type": "Inner", "Startup Cost": 76306.71, "Total Cost": 389758.02, "Plan Rows": 3296318, "Plan Width": 8, "Inner Unique": false, "Plans": [{"Node Type": "Seq Scan", "Parent Relationship": "Outer", "Relation Name": "role_type", "Alias": "rt", "Startup Cost": 0.0, "Total Cost": 1.15, "Plan Rows": 1, "Plan Width": 4, "Filter": "((role)::text = 'costume designer'::text)"}, {"Node Type": "Bitmap Heap Scan", "Parent Relationship": "Inner", "Relation Name": "cast_info", "Alias": "ci", "Startup Cost": 76306.71, "Total Cost": 356793.69, "Plan Rows": 3296318, "Plan Width": 12, "Recheck Cond": "(role_id = rt.id), (LLVM Optimized)", "Plans": [{"Node Type": "Bitmap Index Scan", "Parent Relationship": "Outer", "Index Name": "role_id_cast_info", "Startup Cost": 0.0, "Total Cost": 75482.63, "Plan Rows": 3296318, "Plan Width": 0, "Index Cond": "(role_id = rt.id)"}]}]}]}]}]}]}, {"Node Type": "Bitmap Heap Scan", "Parent Relationship": "Inner", "Relation Name": "title", "Alias": "t", "Startup Cost": 0.26, "Total Cost": 4.27, "Plan Rows": 1, "Plan Width": 21, "Recheck Cond": "(id = ci.movie_id)", "Plans": [{"Node Type": "Bitmap Index Scan", "Parent Relationship": "Outer", "Index Name": "title_pkey", "Startup Cost": 0.0, "Total Cost": 0.26, "Plan Rows": 1, "Plan Width": 0, "Index Cond": "(id = ci.movie_id)"}]}]}]}, "Unique SQL Id": 2457761703, "Planner Runtime": 31}, "explain_analyze_plan": null}, "(16, '83')": {"explain_plan": {"Plan": {"Node Type": "Aggregate", "Strategy": "Plain", "Startup Cost": 2599287.33, "Total Cost": 2599287.34, "Plan Rows": 1, "Plan Width": 97, "Plans": [{"Node Type": "Merge Join", "Parent Relationship": "Outer", "Join Type": "Inner", "Startup Cost": 2561169.56, "Total Cost": 2597501.84, "Plan Rows": 357098, "Plan Width": 33, "Inner Unique": true, "Merge Cond": "(an1.person_id = n1.id)", "Plans": [{"Node Type": "Merge Join", "Parent Relationship": "Outer", "Join Type": "Inner", "Startup Cost": 1925666.62, "Total Cost": 1936698.45, "Plan Rows": 357098, "Plan Width": 41, "Inner Unique": false, "Merge Cond": "(ci.person_id = an1.person_id)", "Plans": [{"Node Type": "Sort", "Parent Relationship": "Outer", "Startup Cost": 1799975.38, "Total Cost": 1801751.53, "Plan Rows": 710459, "Plan Width": 21, "Sort Key": ["ci.person_id"], "Plans": [{"Node Type": "Merge Join", "Parent Relationship": "Outer", "Join Type": "Inner", "Startup Cost": 1669816.61, "Total Cost": 1730924.48, "Plan Rows": 710459, "Plan Width": 21, "Inner Unique": true, "Merge Cond": "(ci.movie_id = t.id)", "Plans": [{"Node Type": "Merge Join", "Parent Relationship": "Outer", "Join Type": "Inner", "Startup Cost": 1290578.7, "Total Cost": 1330174.45, "Plan Rows": 711018, "Plan Width": 12, "Inner Unique": false, "Merge Cond": "(mc.movie_id = ci.movie_id)", "Plans": [{"Node Type": "Sort", "Parent Relationship": "Outer", "Startup Cost": 543942.68, "Total Cost": 547148.46, "Plan Rows": 1282311, "Plan Width": 4, "Sort Key": ["mc.movie_id"], "Plans": [{"Node Type": "Merge Join", "Parent Relationship": "Outer", "Join Type": "Inner", "Startup Cost": 387894.59, "Total Cost": 413850.21, "Plan Rows": 1282311, "Plan Width": 4, "Inner Unique": false, "Merge Cond": "(cn.id = mc.company_id)", "Plans": [{"Node Type": "Sort", "Parent Relationship": "Outer", "Startup Cost": 15678.57, "Total Cost": 15891.49, "Plan Rows": 85170, "Plan Width": 4, "Sort Key": ["cn.id"], "Plans": [{"Node Type": "Bitmap Heap Scan", "Parent Relationship": "Outer", "Relation Name": "company_name", "Alias": "cn", "Startup Cost": 2800.52, "Total Cost": 8703.97, "Plan Rows": 85170, "Plan Width": 4, "Filter": "((country_code)::text = '[us]'::text)", "Plans": [{"Node Type": "Bitmap Index Scan", "Parent Relationship": "Outer", "Index Name": "company_name_pkey", "Startup Cost": 0.0, "Total Cost": 2779.23, "Plan Rows": 234996, "Plan Width": 0}]}]}, {"Node Type": "Sort", "Parent Relationship": "Inner", "Startup Cost": 371877.05, "Total Cost": 378399.87, "Plan Rows": 2609128, "Plan Width": 8, "Sort Key": ["mc.company_id"], "Plans": [{"Node Type": "Bitmap Heap Scan", "Parent Relationship": "Outer", "Relation Name": "movie_companies", "Alias": "mc", "Startup Cost": 51990.17, "Total Cost": 93807.45, "Plan Rows": 2609128, "Plan Width": 8, "Plans": [{"Node Type": "Bitmap Index Scan", "Parent Relationship": "Outer", "Index Name": "movie_id_movie_companies", "Startup Cost": 0.0, "Total Cost": 51337.89, "Plan Rows": 2609128, "Plan Width": 0}]}]}]}]}, {"Node Type": "Sort", "Parent Relationship": "Inner", "Startup Cost": 746635.7, "Total Cost": 754876.5, "Plan Rows": 3296318, "Plan Width": 8, "Sort Key": ["ci.movie_id"], "Plans": [{"Node Type": "Nested Loop", "Parent Relationship": "Outer", "Join Type": "Inner", "Startup Cost": 76315.02, "Total Cost": 389769.33, "Plan Rows": 3296318, "Plan Width": 8, "Inner Unique": false, "Plans": [{"Node Type": "Bitmap Heap Scan", "Parent Relationship": "Outer", "Relation Name": "role_type", "Alias": "rt", "Startup Cost": 8.31, "Total Cost": 12.46, "Plan Rows": 1, "Plan Width": 4, "Filter": "((role)::text = 'costume designer'::text)", "Plans": [{"Node Type": "Bitmap Index Scan", "Parent Relationship": "Outer", "Index Name": "role_type_pkey", "Startup Cost": 0.0, "Total Cost": 8.31, "Plan Rows": 12, "Plan Width": 0}]}, {"Node Type": "Bitmap Heap Scan", "Parent Relationship": "Inner", "Relation Name": "cast_info", "Alias": "ci", "Startup Cost": 76306.71, "Total Cost": 356793.69, "Plan Rows": 3296318, "Plan Width": 12, "Recheck Cond": "(role_id = rt.id), (LLVM Optimized)", "Plans": [{"Node Type": "Bitmap Index Scan", "Parent Relationship": "Outer", "Index Name": "role_id_cast_info", "Startup Cost": 0.0, "Total Cost": 75482.63, "Plan Rows": 3296318, "Plan Width": 0, "Index Cond": "(role_id = rt.id)"}]}]}]}]}, {"Node Type": "Sort", "Parent Relationship": "Inner", "Startup Cost": 379237.61, "Total Cost": 385558.39, "Plan Rows": 2528311, "Plan Width": 21, "Sort Key": ["t.id"], "Plans": [{"Node Type": "Bitmap Heap Scan", "Parent Relationship": "Outer", "Relation Name": "title", "Alias": "t", "Startup Cost": 50285.88, "Total Cost": 110354.99, "Plan Rows": 2528311, "Plan Width": 21, "Plans": [{"Node Type": "Bitmap Index Scan", "Parent Relationship": "Outer", "Index Name": "title_pkey", "Startup Cost": 0.0, "Total Cost": 49653.81, "Plan Rows": 2528311, "Plan Width": 0}]}]}]}]}, {"Node Type": "Sort", "Parent Relationship": "Inner", "Startup Cost": 125691.17, "Total Cost": 127944.52, "Plan Rows": 901342, "Plan Width": 20, "Sort Key": ["an1.person_id"], "Plans": [{"Node Type": "Bitmap Heap Scan", "Parent Relationship": "Outer", "Relation Name": "aka_name", "Alias": "an1", "Startup Cost": 16632.3, "Total Cost": 36540.72, "Plan Rows": 901342, "Plan Width": 20, "Plans": [{"Node Type": "Bitmap Index Scan", "Parent Relationship": "Outer", "Index Name": "person_id_aka_name", "Startup Cost": 0.0, "Total Cost": 16406.96, "Plan Rows": 901342, "Plan Width": 0}]}]}]}, {"Node Type": "Sort", "Parent Relationship": "Inner", "Startup Cost": 635502.57, "Total Cost": 645921.29, "Plan Rows": 4167490, "Plan Width": 4, "Sort Key": ["n1.id"], "Plans": [{"Node Type": "Bitmap Heap Scan", "Parent Relationship": "Outer", "Relation Name": "name", "Alias": "n1", "Startup Cost": 84199.57, "Total Cost": 177271.47, "Plan Rows": 4167490, "Plan Width": 4, "Plans": [{"Node Type": "Bitmap Index Scan", "Parent Relationship": "Outer", "Index Name": "name_pkey", "Startup Cost": 0.0, "Total Cost": 83157.7, "Plan Rows": 4167490, "Plan Width": 0}]}]}]}]}, "Unique SQL Id": 2457761703, "Planner Runtime": 43}, "explain_analyze_plan": null}, "(16, '84')": {"explain_plan": {"Plan": {"Node Type": "Aggregate", "Strategy": "Plain", "Startup Cost": 2357885.97, "Total Cost": 2357885.98, "Plan Rows": 1, "Plan Width": 97, "Plans": [{"Node Type": "Nested Loop", "Parent Relationship": "Outer", "Join Type": "Inner", "Startup Cost": 2183858.78, "Total Cost": 2356100.48, "Plan Rows": 357098, "Plan Width": 33, "Inner Unique": true, "Join Filter": "(an1.person_id = n1.id), (LLVM Optimized)", "Plans": [{"Node Type": "Merge Join", "Parent Relationship": "Outer", "Join Type": "Inner", "Startup Cost": 2183858.78, "Total Cost": 2252581.83, "Plan Rows": 357098, "Plan Width": 41, "Inner Unique": false, "Merge Cond": "(an1.person_id = ci.person_id)", "Plans": [{"Node Type": "Index Scan", "Parent Relationship": "Outer", "Scan Direction": "Forward", "Index Name": "person_id_aka_name", "Relation Name": "aka_name", "Alias": "an1", "Startup Cost": 0.0, "Total Cost": 68965.03, "Plan Rows": 901342, "Plan Width": 20}, {"Node Type": "Sort", "Parent Relationship": "Inner", "Startup Cost": 2183858.71, "Total Cost": 2185634.85, "Plan Rows": 710459, "Plan Width": 21, "Sort Key": ["ci.person_id"], "Plans": [{"Node Type": "Merge Join", "Parent Relationship": "Outer", "Join Type": "Inner", "Startup Cost": 2095152.01, "Total Cost": 2114807.8, "Plan Rows": 710459, "Plan Width": 21, "Inner Unique": false, "Merge Cond": "(rt.id = ci.role_id)", "Plans": [{"Node Type": "Sort", "Parent Relationship": "Outer", "Startup Cost": 1.16, "Total Cost": 1.16, "Plan Rows": 1, "Plan Width": 4, "Sort Key": ["rt.id"], "Plans": [{"Node Type": "Seq Scan", "Parent Relationship": "Outer", "Relation Name": "role_type", "Alias": "rt", "Startup Cost": 0.0, "Total Cost": 1.15, "Plan Rows": 1, "Plan Width": 4, "Filter": "((role)::text = 'costume designer'::text)"}]}, {"Node Type": "Sort", "Parent Relationship": "Inner", "Startup Cost": 2095150.85, "Total Cost": 2103466.76, "Plan Rows": 3326364, "Plan Width": 25, "Sort Key": ["ci.role_id"], "Plans": [{"Node Type": "Nested Loop", "Parent Relationship": "Outer", "Join Type": "Inner", "Startup Cost": 283828.79, "Total Cost": 1734813.91, "Plan Rows": 3326364, "Plan Width": 25, "Inner Unique": false, "Join Filter": "(t.id = ci.movie_id), (LLVM Optimized)", "Plans": [{"Node Type": "Merge Join", "Parent Relationship": "Outer", "Join Type": "Inner", "Startup Cost": 283828.79, "Total Cost": 419390.55, "Plan Rows": 1282311, "Plan Width": 25, "Inner Unique": false, "Merge Cond": "(t.id = mc.movie_id)", "Plans": [{"Node Type": "Index Scan", "Parent Relationship": "Outer", "Scan Direction": "Forward", "Index Name": "title_pkey", "Relation Name": "title", "Alias": "t", "Startup Cost": 0.0, "Total Cost": 110120.49, "Plan Rows": 2528311, "Plan Width": 21}, {"Node Type": "Sort", "Parent Relationship": "Inner", "Startup Cost": 283826.21, "Total Cost": 287031.99, "Plan Rows": 1282311, "Plan Width": 4, "Sort Key": ["mc.movie_id"], "Plans": [{"Node Type": "Merge Join", "Parent Relationship": "Outer", "Join Type": "Inner", "Startup Cost": 3383.04, "Total Cost": 153733.74, "Plan Rows": 1282311, "Plan Width": 4, "Inner Unique": false, "Merge Cond": "(cn.id = mc.company_id)", "Plans": [{"Node Type": "Index Scan", "Parent Relationship": "Outer", "Scan Direction": "Forward", "Index Name": "company_name_pkey", "Relation Name": "company_name", "Alias": "cn", "Startup Cost": 0.0, "Total Cost": 10501.39, "Plan Rows": 85170, "Plan Width": 4, "Filter": "((country_code)::text = '[us]'::text)"}, {"Node Type": "Index Scan", "Parent Relationship": "Inner", "Scan Direction": "Forward", "Index Name": "company_id_movie_companies", "Relation Name": "movie_companies", "Alias": "mc", "Startup Cost": 0.0, "Total Cost": 123673.5, "Plan Rows": 2609128, "Plan Width": 8}]}]}]}, {"Node Type": "Index Scan", "Parent Relationship": "Inner", "Scan Direction": "Forward", "Index Name": "movie_id_cast_info", "Relation Name": "cast_info", "Alias": "ci", "Startup Cost": 0.0, "Total Cost": 0.95, "Plan Rows": 6, "Plan Width": 12, "Index Cond": "(movie_id = mc.movie_id)"}]}]}]}]}]}, {"Node Type": "Index Scan", "Parent Relationship": "Inner", "Scan Direction": "Forward", "Index Name": "name_pkey", "Relation Name": "name", "Alias": "n1", "Startup Cost": 0.0, "Total Cost": 0.28, "Plan Rows": 1, "Plan Width": 4, "Index Cond": "(id = ci.person_id)"}]}]}, "Unique SQL Id": 2457761703, "Planner Runtime": 33}, "explain_analyze_plan": null}, "(16, '85')": {"explain_plan": {"Plan": {"Node Type": "Aggregate", "Strategy": "Plain", "Startup Cost": 2357897.26, "Total Cost": 2357897.27, "Plan Rows": 1, "Plan Width": 97, "Plans": [{"Node Type": "Nested Loop", "Parent Relationship": "Outer", "Join Type": "Inner", "Startup Cost": 2183870.07, "Total Cost": 2356111.77, "Plan Rows": 357098, "Plan Width": 33, "Inner Unique": true, "Join Filter": "(an1.person_id = n1.id), (LLVM Optimized)", "Plans": [{"Node Type": "Merge Join", "Parent Relationship": "Outer", "Join Type": "Inner", "Startup Cost": 2183870.07, "Total Cost": 2252593.12, "Plan Rows": 357098, "Plan Width": 41, "Inner Unique": false, "Merge Cond": "(an1.person_id = ci.person_id)", "Plans": [{"Node Type": "Index Scan", "Parent Relationship": "Outer", "Scan Direction": "Forward", "Index Name": "person_id_aka_name", "Relation Name": "aka_name", "Alias": "an1", "Startup Cost": 0.0, "Total Cost": 68965.03, "Plan Rows": 901342, "Plan Width": 20}, {"Node Type": "Sort", "Parent Relationship": "Inner", "Startup Cost": 2183870.0, "Total Cost": 2185646.15, "Plan Rows": 710459, "Plan Width": 21, "Sort Key": ["ci.person_id"], "Plans": [{"Node Type": "Merge Join", "Parent Relationship": "Outer", "Join Type": "Inner", "Startup Cost": 2095150.85, "Total Cost": 2114819.1, "Plan Rows": 710459, "Plan Width": 21, "Inner Unique": false, "Merge Cond": "(rt.id = ci.role_id)", "Plans": [{"Node Type": "Index Scan", "Parent Relationship": "Outer", "Scan Direction": "Forward", "Index Name": "role_type_pkey", "Relation Name": "role_type", "Alias": "rt", "Startup Cost": 0.0, "Total Cost": 12.46, "Plan Rows": 1, "Plan Width": 4, "Filter": "((role)::text = 'costume designer'::text)"}, {"Node Type": "Sort", "Parent Relationship": "Inner", "Startup Cost": 2095150.85, "Total Cost": 2103466.76, "Plan Rows": 3326364, "Plan Width": 25, "Sort Key": ["ci.role_id"], "Plans": [{"Node Type": "Nested Loop", "Parent Relationship": "Outer", "Join Type": "Inner", "Startup Cost": 283828.79, "Total Cost": 1734813.91, "Plan Rows": 3326364, "Plan Width": 25, "Inner Unique": false, "Join Filter": "(t.id = ci.movie_id), (LLVM Optimized)", "Plans": [{"Node Type": "Merge Join", "Parent Relationship": "Outer", "Join Type": "Inner", "Startup Cost": 283828.79, "Total Cost": 419390.55, "Plan Rows": 1282311, "Plan Width": 25, "Inner Unique": false, "Merge Cond": "(t.id = mc.movie_id)", "Plans": [{"Node Type": "Index Scan", "Parent Relationship": "Outer", "Scan Direction": "Forward", "Index Name": "title_pkey", "Relation Name": "title", "Alias": "t", "Startup Cost": 0.0, "Total Cost": 110120.49, "Plan Rows": 2528311, "Plan Width": 21}, {"Node Type": "Sort", "Parent Relationship": "Inner", "Startup Cost": 283826.21, "Total Cost": 287031.99, "Plan Rows": 1282311, "Plan Width": 4, "Sort Key": ["mc.movie_id"], "Plans": [{"Node Type": "Merge Join", "Parent Relationship": "Outer", "Join Type": "Inner", "Startup Cost": 3383.04, "Total Cost": 153733.74, "Plan Rows": 1282311, "Plan Width": 4, "Inner Unique": false, "Merge Cond": "(cn.id = mc.company_id)", "Plans": [{"Node Type": "Index Scan", "Parent Relationship": "Outer", "Scan Direction": "Forward", "Index Name": "company_name_pkey", "Relation Name": "company_name", "Alias": "cn", "Startup Cost": 0.0, "Total Cost": 10501.39, "Plan Rows": 85170, "Plan Width": 4, "Filter": "((country_code)::text = '[us]'::text)"}, {"Node Type": "Index Scan", "Parent Relationship": "Inner", "Scan Direction": "Forward", "Index Name": "company_id_movie_companies", "Relation Name": "movie_companies", "Alias": "mc", "Startup Cost": 0.0, "Total Cost": 123673.5, "Plan Rows": 2609128, "Plan Width": 8}]}]}]}, {"Node Type": "Index Scan", "Parent Relationship": "Inner", "Scan Direction": "Forward", "Index Name": "movie_id_cast_info", "Relation Name": "cast_info", "Alias": "ci", "Startup Cost": 0.0, "Total Cost": 0.95, "Plan Rows": 6, "Plan Width": 12, "Index Cond": "(movie_id = mc.movie_id)"}]}]}]}]}]}, {"Node Type": "Index Scan", "Parent Relationship": "Inner", "Scan Direction": "Forward", "Index Name": "name_pkey", "Relation Name": "name", "Alias": "n1", "Startup Cost": 0.0, "Total Cost": 0.28, "Plan Rows": 1, "Plan Width": 4, "Index Cond": "(id = ci.person_id)"}]}]}, "Unique SQL Id": 2457761703, "Planner Runtime": 45}, "explain_analyze_plan": null}, "(16, '86')": {"explain_plan": {"Plan": {"Node Type": "Aggregate", "Strategy": "Plain", "Startup Cost": 7018604.77, "Total Cost": 7018604.78, "Plan Rows": 1, "Plan Width": 97, "Plans": [{"Node Type": "Nested Loop", "Parent Relationship": "Outer", "Join Type": "Inner", "Startup Cost": 5475388.98, "Total Cost": 7016819.28, "Plan Rows": 357098, "Plan Width": 33, "Inner Unique": true, "Plans": [{"Node Type": "Merge Join", "Parent Relationship": "Outer", "Join Type": "Inner", "Startup Cost": 5475388.72, "Total Cost": 5486783.02, "Plan Rows": 357379, "Plan Width": 24, "Inner Unique": false, "Merge Cond": "(an1.person_id = ci.person_id)", "Plans": [{"Node Type": "Sort", "Parent Relationship": "Outer", "Startup Cost": 4045136.62, "Total Cost": 4047389.97, "Plan Rows": 901342, "Plan Width": 24, "Sort Key": ["an1.person_id"], "Plans": [{"Node Type": "Nested Loop", "Parent Relationship": "Outer", "Join Type": "Inner", "Startup Cost": 0.33, "Total Cost": 3955986.16, "Plan Rows": 901342, "Plan Width": 24, "Inner Unique": true, "Plans": [{"Node Type": "Streaming(type: LOCAL GATHER dop: 1/16)", "Parent Relationship": "Outer", "Startup Cost": 0.0, "Total Cost": 35697.07, "Plan Rows": 901342, "Plan Width": 20, "Plans": [{"Node Type": "Seq Scan", "Parent Relationship": "Outer", "Relation Name": "aka_name", "Alias": "an1", "Startup Cost": 0.0, "Total Cost": 16244.28, "Plan Rows": 901342, "Plan Width": 20}]}, {"Node Type": "Bitmap Heap Scan", "Parent Relationship": "Inner", "Relation Name": "name", "Alias": "n1", "Startup Cost": 0.33, "Total Cost": 4.34, "Plan Rows": 1, "Plan Width": 4, "Recheck Cond": "(id = an1.person_id)", "Plans": [{"Node Type": "Bitmap Index Scan", "Parent Relationship": "Outer", "Index Name": "name_pkey", "Startup Cost": 0.0, "Total Cost": 0.33, "Plan Rows": 1, "Plan Width": 0, "Index Cond": "(id = an1.person_id)"}]}]}]}, {"Node Type": "Sort", "Parent Relationship": "Inner", "Startup Cost": 1430252.03, "Total Cost": 1432029.58, "Plan Rows": 711018, "Plan Width": 12, "Sort Key": ["ci.person_id"], "Plans": [{"Node Type": "Merge Join", "Parent Relationship": "Outer", "Join Type": "Inner", "Startup Cost": 1321547.02, "Total Cost": 1361142.77, "Plan Rows": 711018, "Plan Width": 12, "Inner Unique": false, "Merge Cond": "(mc.movie_id = ci.movie_id)", "Plans": [{"Node Type": "Sort", "Parent Relationship": "Outer", "Startup Cost": 574922.31, "Total Cost": 578128.08, "Plan Rows": 1282311, "Plan Width": 4, "Sort Key": ["mc.movie_id"], "Plans": [{"Node Type": "Nested Loop", "Parent Relationship": "Outer", "Join Type": "Inner", "Startup Cost": 0.82, "Total Cost": 444829.84, "Plan Rows": 1282311, "Plan Width": 4, "Inner Unique": false, "Plans": [{"Node Type": "Seq Scan", "Parent Relationship": "Outer", "Relation Name": "company_name", "Alias": "cn", "Startup Cost": 0.0, "Total Cost": 5903.45, "Plan Rows": 85170, "Plan Width": 4, "Filter": "((country_code)::text = '[us]'::text)"}, {"Node Type": "Bitmap Heap Scan", "Parent Relationship": "Inner", "Relation Name": "movie_companies", "Alias": "mc", "Startup Cost": 0.82, "Total Cost": 5.0, "Plan Rows": 15, "Plan Width": 8, "Recheck Cond": "(company_id = cn.id)", "Plans": [{"Node Type": "Bitmap Index Scan", "Parent Relationship": "Outer", "Index Name": "company_id_movie_companies", "Startup Cost": 0.0, "Total Cost": 0.81, "Plan Rows": 15, "Plan Width": 0, "Index Cond": "(company_id = cn.id)"}]}]}]}, {"Node Type": "Sort", "Parent Relationship": "Inner", "Startup Cost": 746624.39, "Total Cost": 754865.19, "Plan Rows": 3296318, "Plan Width": 8, "Sort Key": ["ci.movie_id"], "Plans": [{"Node Type": "Nested Loop", "Parent Relationship": "Outer", "Join Type": "Inner", "Startup Cost": 76306.71, "Total Cost": 389758.02, "Plan Rows": 3296318, "Plan Width": 8, "Inner Unique": false, "Plans": [{"Node Type": "Seq Scan", "Parent Relationship": "Outer", "Relation Name": "role_type", "Alias": "rt", "Startup Cost": 0.0, "Total Cost": 1.15, "Plan Rows": 1, "Plan Width": 4, "Filter": "((role)::text = 'costume designer'::text)"}, {"Node Type": "Bitmap Heap Scan", "Parent Relationship": "Inner", "Relation Name": "cast_info", "Alias": "ci", "Startup Cost": 76306.71, "Total Cost": 356793.69, "Plan Rows": 3296318, "Plan Width": 12, "Recheck Cond": "(role_id = rt.id), (LLVM Optimized)", "Plans": [{"Node Type": "Bitmap Index Scan", "Parent Relationship": "Outer", "Index Name": "role_id_cast_info", "Startup Cost": 0.0, "Total Cost": 75482.63, "Plan Rows": 3296318, "Plan Width": 0, "Index Cond": "(role_id = rt.id)"}]}]}]}]}]}]}, {"Node Type": "Bitmap Heap Scan", "Parent Relationship": "Inner", "Relation Name": "title", "Alias": "t", "Startup Cost": 0.26, "Total Cost": 4.27, "Plan Rows": 1, "Plan Width": 21, "Recheck Cond": "(id = ci.movie_id)", "Plans": [{"Node Type": "Bitmap Index Scan", "Parent Relationship": "Outer", "Index Name": "title_pkey", "Startup Cost": 0.0, "Total Cost": 0.26, "Plan Rows": 1, "Plan Width": 0, "Index Cond": "(id = ci.movie_id)"}]}]}]}, "Unique SQL Id": 2457761703, "Planner Runtime": 31}, "explain_analyze_plan": null}, "(16, '87')": {"explain_plan": {"Plan": {"Node Type": "Aggregate", "Strategy": "Plain", "Startup Cost": 2599287.33, "Total Cost": 2599287.34, "Plan Rows": 1, "Plan Width": 97, "Plans": [{"Node Type": "Merge Join", "Parent Relationship": "Outer", "Join Type": "Inner", "Startup Cost": 2561169.56, "Total Cost": 2597501.84, "Plan Rows": 357098, "Plan Width": 33, "Inner Unique": true, "Merge Cond": "(an1.person_id = n1.id)", "Plans": [{"Node Type": "Merge Join", "Parent Relationship": "Outer", "Join Type": "Inner", "Startup Cost": 1925666.62, "Total Cost": 1936698.45, "Plan Rows": 357098, "Plan Width": 41, "Inner Unique": false, "Merge Cond": "(ci.person_id = an1.person_id)", "Plans": [{"Node Type": "Sort", "Parent Relationship": "Outer", "Startup Cost": 1799975.38, "Total Cost": 1801751.53, "Plan Rows": 710459, "Plan Width": 21, "Sort Key": ["ci.person_id"], "Plans": [{"Node Type": "Merge Join", "Parent Relationship": "Outer", "Join Type": "Inner", "Startup Cost": 1669816.61, "Total Cost": 1730924.48, "Plan Rows": 710459, "Plan Width": 21, "Inner Unique": true, "Merge Cond": "(ci.movie_id = t.id)", "Plans": [{"Node Type": "Merge Join", "Parent Relationship": "Outer", "Join Type": "Inner", "Startup Cost": 1290578.7, "Total Cost": 1330174.45, "Plan Rows": 711018, "Plan Width": 12, "Inner Unique": false, "Merge Cond": "(mc.movie_id = ci.movie_id)", "Plans": [{"Node Type": "Sort", "Parent Relationship": "Outer", "Startup Cost": 543942.68, "Total Cost": 547148.46, "Plan Rows": 1282311, "Plan Width": 4, "Sort Key": ["mc.movie_id"], "Plans": [{"Node Type": "Merge Join", "Parent Relationship": "Outer", "Join Type": "Inner", "Startup Cost": 387894.59, "Total Cost": 413850.21, "Plan Rows": 1282311, "Plan Width": 4, "Inner Unique": false, "Merge Cond": "(cn.id = mc.company_id)", "Plans": [{"Node Type": "Sort", "Parent Relationship": "Outer", "Startup Cost": 15678.57, "Total Cost": 15891.49, "Plan Rows": 85170, "Plan Width": 4, "Sort Key": ["cn.id"], "Plans": [{"Node Type": "Bitmap Heap Scan", "Parent Relationship": "Outer", "Relation Name": "company_name", "Alias": "cn", "Startup Cost": 2800.52, "Total Cost": 8703.97, "Plan Rows": 85170, "Plan Width": 4, "Filter": "((country_code)::text = '[us]'::text)", "Plans": [{"Node Type": "Bitmap Index Scan", "Parent Relationship": "Outer", "Index Name": "company_name_pkey", "Startup Cost": 0.0, "Total Cost": 2779.23, "Plan Rows": 234996, "Plan Width": 0}]}]}, {"Node Type": "Sort", "Parent Relationship": "Inner", "Startup Cost": 371877.05, "Total Cost": 378399.87, "Plan Rows": 2609128, "Plan Width": 8, "Sort Key": ["mc.company_id"], "Plans": [{"Node Type": "Bitmap Heap Scan", "Parent Relationship": "Outer", "Relation Name": "movie_companies", "Alias": "mc", "Startup Cost": 51990.17, "Total Cost": 93807.45, "Plan Rows": 2609128, "Plan Width": 8, "Plans": [{"Node Type": "Bitmap Index Scan", "Parent Relationship": "Outer", "Index Name": "movie_id_movie_companies", "Startup Cost": 0.0, "Total Cost": 51337.89, "Plan Rows": 2609128, "Plan Width": 0}]}]}]}]}, {"Node Type": "Sort", "Parent Relationship": "Inner", "Startup Cost": 746635.7, "Total Cost": 754876.5, "Plan Rows": 3296318, "Plan Width": 8, "Sort Key": ["ci.movie_id"], "Plans": [{"Node Type": "Nested Loop", "Parent Relationship": "Outer", "Join Type": "Inner", "Startup Cost": 76315.02, "Total Cost": 389769.33, "Plan Rows": 3296318, "Plan Width": 8, "Inner Unique": false, "Plans": [{"Node Type": "Bitmap Heap Scan", "Parent Relationship": "Outer", "Relation Name": "role_type", "Alias": "rt", "Startup Cost": 8.31, "Total Cost": 12.46, "Plan Rows": 1, "Plan Width": 4, "Filter": "((role)::text = 'costume designer'::text)", "Plans": [{"Node Type": "Bitmap Index Scan", "Parent Relationship": "Outer", "Index Name": "role_type_pkey", "Startup Cost": 0.0, "Total Cost": 8.31, "Plan Rows": 12, "Plan Width": 0}]}, {"Node Type": "Bitmap Heap Scan", "Parent Relationship": "Inner", "Relation Name": "cast_info", "Alias": "ci", "Startup Cost": 76306.71, "Total Cost": 356793.69, "Plan Rows": 3296318, "Plan Width": 12, "Recheck Cond": "(role_id = rt.id), (LLVM Optimized)", "Plans": [{"Node Type": "Bitmap Index Scan", "Parent Relationship": "Outer", "Index Name": "role_id_cast_info", "Startup Cost": 0.0, "Total Cost": 75482.63, "Plan Rows": 3296318, "Plan Width": 0, "Index Cond": "(role_id = rt.id)"}]}]}]}]}, {"Node Type": "Sort", "Parent Relationship": "Inner", "Startup Cost": 379237.61, "Total Cost": 385558.39, "Plan Rows": 2528311, "Plan Width": 21, "Sort Key": ["t.id"], "Plans": [{"Node Type": "Bitmap Heap Scan", "Parent Relationship": "Outer", "Relation Name": "title", "Alias": "t", "Startup Cost": 50285.88, "Total Cost": 110354.99, "Plan Rows": 2528311, "Plan Width": 21, "Plans": [{"Node Type": "Bitmap Index Scan", "Parent Relationship": "Outer", "Index Name": "title_pkey", "Startup Cost": 0.0, "Total Cost": 49653.81, "Plan Rows": 2528311, "Plan Width": 0}]}]}]}]}, {"Node Type": "Sort", "Parent Relationship": "Inner", "Startup Cost": 125691.17, "Total Cost": 127944.52, "Plan Rows": 901342, "Plan Width": 20, "Sort Key": ["an1.person_id"], "Plans": [{"Node Type": "Bitmap Heap Scan", "Parent Relationship": "Outer", "Relation Name": "aka_name", "Alias": "an1", "Startup Cost": 16632.3, "Total Cost": 36540.72, "Plan Rows": 901342, "Plan Width": 20, "Plans": [{"Node Type": "Bitmap Index Scan", "Parent Relationship": "Outer", "Index Name": "person_id_aka_name", "Startup Cost": 0.0, "Total Cost": 16406.96, "Plan Rows": 901342, "Plan Width": 0}]}]}]}, {"Node Type": "Sort", "Parent Relationship": "Inner", "Startup Cost": 635502.57, "Total Cost": 645921.29, "Plan Rows": 4167490, "Plan Width": 4, "Sort Key": ["n1.id"], "Plans": [{"Node Type": "Bitmap Heap Scan", "Parent Relationship": "Outer", "Relation Name": "name", "Alias": "n1", "Startup Cost": 84199.57, "Total Cost": 177271.47, "Plan Rows": 4167490, "Plan Width": 4, "Plans": [{"Node Type": "Bitmap Index Scan", "Parent Relationship": "Outer", "Index Name": "name_pkey", "Startup Cost": 0.0, "Total Cost": 83157.7, "Plan Rows": 4167490, "Plan Width": 0}]}]}]}]}, "Unique SQL Id": 2457761703, "Planner Runtime": 42}, "explain_analyze_plan": null}, "(16, '88')": {"explain_plan": {"Plan": {"Node Type": "Aggregate", "Strategy": "Plain", "Startup Cost": 2355861.25, "Total Cost": 2355861.26, "Plan Rows": 1, "Plan Width": 97, "Plans": [{"Node Type": "Nested Loop", "Parent Relationship": "Outer", "Join Type": "Inner", "Startup Cost": 2183858.78, "Total Cost": 2354075.76, "Plan Rows": 357098, "Plan Width": 33, "Inner Unique": true, "Join Filter": "(an1.person_id = n1.id), (LLVM Optimized)", "Plans": [{"Node Type": "Merge Join", "Parent Relationship": "Outer", "Join Type": "Inner", "Startup Cost": 2183858.78, "Total Cost": 2252581.83, "Plan Rows": 357098, "Plan Width": 41, "Inner Unique": false, "Merge Cond": "(an1.person_id = ci.person_id)", "Plans": [{"Node Type": "Index Scan", "Parent Relationship": "Outer", "Scan Direction": "Forward", "Index Name": "person_id_aka_name", "Relation Name": "aka_name", "Alias": "an1", "Startup Cost": 0.0, "Total Cost": 68965.03, "Plan Rows": 901342, "Plan Width": 20}, {"Node Type": "Sort", "Parent Relationship": "Inner", "Startup Cost": 2183858.71, "Total Cost": 2185634.85, "Plan Rows": 710459, "Plan Width": 21, "Sort Key": ["ci.person_id"], "Plans": [{"Node Type": "Merge Join", "Parent Relationship": "Outer", "Join Type": "Inner", "Startup Cost": 2095152.01, "Total Cost": 2114807.8, "Plan Rows": 710459, "Plan Width": 21, "Inner Unique": false, "Merge Cond": "(rt.id = ci.role_id)", "Plans": [{"Node Type": "Sort", "Parent Relationship": "Outer", "Startup Cost": 1.16, "Total Cost": 1.16, "Plan Rows": 1, "Plan Width": 4, "Sort Key": ["rt.id"], "Plans": [{"Node Type": "Seq Scan", "Parent Relationship": "Outer", "Relation Name": "role_type", "Alias": "rt", "Startup Cost": 0.0, "Total Cost": 1.15, "Plan Rows": 1, "Plan Width": 4, "Filter": "((role)::text = 'costume designer'::text)"}]}, {"Node Type": "Sort", "Parent Relationship": "Inner", "Startup Cost": 2095150.85, "Total Cost": 2103466.76, "Plan Rows": 3326364, "Plan Width": 25, "Sort Key": ["ci.role_id"], "Plans": [{"Node Type": "Nested Loop", "Parent Relationship": "Outer", "Join Type": "Inner", "Startup Cost": 283828.79, "Total Cost": 1734813.91, "Plan Rows": 3326364, "Plan Width": 25, "Inner Unique": false, "Join Filter": "(t.id = ci.movie_id), (LLVM Optimized)", "Plans": [{"Node Type": "Merge Join", "Parent Relationship": "Outer", "Join Type": "Inner", "Startup Cost": 283828.79, "Total Cost": 419390.55, "Plan Rows": 1282311, "Plan Width": 25, "Inner Unique": false, "Merge Cond": "(t.id = mc.movie_id)", "Plans": [{"Node Type": "Index Scan", "Parent Relationship": "Outer", "Scan Direction": "Forward", "Index Name": "title_pkey", "Relation Name": "title", "Alias": "t", "Startup Cost": 0.0, "Total Cost": 110120.49, "Plan Rows": 2528311, "Plan Width": 21}, {"Node Type": "Sort", "Parent Relationship": "Inner", "Startup Cost": 283826.21, "Total Cost": 287031.99, "Plan Rows": 1282311, "Plan Width": 4, "Sort Key": ["mc.movie_id"], "Plans": [{"Node Type": "Merge Join", "Parent Relationship": "Outer", "Join Type": "Inner", "Startup Cost": 3383.04, "Total Cost": 153733.74, "Plan Rows": 1282311, "Plan Width": 4, "Inner Unique": false, "Merge Cond": "(cn.id = mc.company_id)", "Plans": [{"Node Type": "Index Scan", "Parent Relationship": "Outer", "Scan Direction": "Forward", "Index Name": "company_name_pkey", "Relation Name": "company_name", "Alias": "cn", "Startup Cost": 0.0, "Total Cost": 10501.39, "Plan Rows": 85170, "Plan Width": 4, "Filter": "((country_code)::text = '[us]'::text)"}, {"Node Type": "Index Scan", "Parent Relationship": "Inner", "Scan Direction": "Forward", "Index Name": "company_id_movie_companies", "Relation Name": "movie_companies", "Alias": "mc", "Startup Cost": 0.0, "Total Cost": 123673.5, "Plan Rows": 2609128, "Plan Width": 8}]}]}]}, {"Node Type": "Index Scan", "Parent Relationship": "Inner", "Scan Direction": "Forward", "Index Name": "movie_id_cast_info", "Relation Name": "cast_info", "Alias": "ci", "Startup Cost": 0.0, "Total Cost": 0.95, "Plan Rows": 6, "Plan Width": 12, "Index Cond": "(movie_id = mc.movie_id)"}]}]}]}]}]}, {"Node Type": "Index Only Scan", "Parent Relationship": "Inner", "Scan Direction": "Forward", "Index Name": "name_pkey", "Relation Name": "name", "Alias": "n1", "Startup Cost": 0.0, "Total Cost": 0.27, "Plan Rows": 1, "Plan Width": 4, "Index Cond": "(id = ci.person_id)"}]}]}, "Unique SQL Id": 2457761703, "Planner Runtime": 34}, "explain_analyze_plan": null}, "(16, '89')": {"explain_plan": {"Plan": {"Node Type": "Aggregate", "Strategy": "Plain", "Startup Cost": 2355872.55, "Total Cost": 2355872.56, "Plan Rows": 1, "Plan Width": 97, "Plans": [{"Node Type": "Nested Loop", "Parent Relationship": "Outer", "Join Type": "Inner", "Startup Cost": 2183870.07, "Total Cost": 2354087.06, "Plan Rows": 357098, "Plan Width": 33, "Inner Unique": true, "Join Filter": "(an1.person_id = n1.id), (LLVM Optimized)", "Plans": [{"Node Type": "Merge Join", "Parent Relationship": "Outer", "Join Type": "Inner", "Startup Cost": 2183870.07, "Total Cost": 2252593.12, "Plan Rows": 357098, "Plan Width": 41, "Inner Unique": false, "Merge Cond": "(ci.person_id = an1.person_id)", "Plans": [{"Node Type": "Sort", "Parent Relationship": "Outer", "Startup Cost": 2183870.0, "Total Cost": 2185646.15, "Plan Rows": 710459, "Plan Width": 21, "Sort Key": ["ci.person_id"], "Plans": [{"Node Type": "Merge Join", "Parent Relationship": "Outer", "Join Type": "Inner", "Startup Cost": 2095150.85, "Total Cost": 2114819.1, "Plan Rows": 710459, "Plan Width": 21, "Inner Unique": false, "Merge Cond": "(rt.id = ci.role_id)", "Plans": [{"Node Type": "Index Scan", "Parent Relationship": "Outer", "Scan Direction": "Forward", "Index Name": "role_type_pkey", "Relation Name": "role_type", "Alias": "rt", "Startup Cost": 0.0, "Total Cost": 12.46, "Plan Rows": 1, "Plan Width": 4, "Filter": "((role)::text = 'costume designer'::text)"}, {"Node Type": "Sort", "Parent Relationship": "Inner", "Startup Cost": 2095150.85, "Total Cost": 2103466.76, "Plan Rows": 3326364, "Plan Width": 25, "Sort Key": ["ci.role_id"], "Plans": [{"Node Type": "Nested Loop", "Parent Relationship": "Outer", "Join Type": "Inner", "Startup Cost": 283828.79, "Total Cost": 1734813.91, "Plan Rows": 3326364, "Plan Width": 25, "Inner Unique": false, "Join Filter": "(t.id = ci.movie_id), (LLVM Optimized)", "Plans": [{"Node Type": "Merge Join", "Parent Relationship": "Outer", "Join Type": "Inner", "Startup Cost": 283828.79, "Total Cost": 419390.55, "Plan Rows": 1282311, "Plan Width": 25, "Inner Unique": false, "Merge Cond": "(t.id = mc.movie_id)", "Plans": [{"Node Type": "Index Scan", "Parent Relationship": "Outer", "Scan Direction": "Forward", "Index Name": "title_pkey", "Relation Name": "title", "Alias": "t", "Startup Cost": 0.0, "Total Cost": 110120.49, "Plan Rows": 2528311, "Plan Width": 21}, {"Node Type": "Sort", "Parent Relationship": "Inner", "Startup Cost": 283826.21, "Total Cost": 287031.99, "Plan Rows": 1282311, "Plan Width": 4, "Sort Key": ["mc.movie_id"], "Plans": [{"Node Type": "Merge Join", "Parent Relationship": "Outer", "Join Type": "Inner", "Startup Cost": 3383.04, "Total Cost": 153733.74, "Plan Rows": 1282311, "Plan Width": 4, "Inner Unique": false, "Merge Cond": "(cn.id = mc.company_id)", "Plans": [{"Node Type": "Index Scan", "Parent Relationship": "Outer", "Scan Direction": "Forward", "Index Name": "company_name_pkey", "Relation Name": "company_name", "Alias": "cn", "Startup Cost": 0.0, "Total Cost": 10501.39, "Plan Rows": 85170, "Plan Width": 4, "Filter": "((country_code)::text = '[us]'::text)"}, {"Node Type": "Index Scan", "Parent Relationship": "Inner", "Scan Direction": "Forward", "Index Name": "company_id_movie_companies", "Relation Name": "movie_companies", "Alias": "mc", "Startup Cost": 0.0, "Total Cost": 123673.5, "Plan Rows": 2609128, "Plan Width": 8}]}]}]}, {"Node Type": "Index Scan", "Parent Relationship": "Inner", "Scan Direction": "Forward", "Index Name": "movie_id_cast_info", "Relation Name": "cast_info", "Alias": "ci", "Startup Cost": 0.0, "Total Cost": 0.95, "Plan Rows": 6, "Plan Width": 12, "Index Cond": "(movie_id = mc.movie_id)"}]}]}]}]}, {"Node Type": "Index Scan", "Parent Relationship": "Inner", "Scan Direction": "Forward", "Index Name": "person_id_aka_name", "Relation Name": "aka_name", "Alias": "an1", "Startup Cost": 0.0, "Total Cost": 68965.03, "Plan Rows": 901342, "Plan Width": 20}]}, {"Node Type": "Index Only Scan", "Parent Relationship": "Inner", "Scan Direction": "Forward", "Index Name": "name_pkey", "Relation Name": "name", "Alias": "n1", "Startup Cost": 0.0, "Total Cost": 0.27, "Plan Rows": 1, "Plan Width": 4, "Index Cond": "(id = ci.person_id)"}]}]}, "Unique SQL Id": 2457761703, "Planner Runtime": 40}, "explain_analyze_plan": null}, "(16, '90')": {"explain_plan": {"Plan": {"Node Type": "Aggregate", "Strategy": "Plain", "Startup Cost": 32370899884003.52, "Total Cost": 32370899884003.54, "Plan Rows": 1, "Plan Width": 97, "Plans": [{"Node Type": "Streaming(type: LOCAL GATHER dop: 1/16)", "Parent Relationship": "Outer", "Startup Cost": 32370899884003.52, "Total Cost": 32370899884003.54, "Plan Rows": 1, "Plan Width": 97, "Plans": [{"Node Type": "Aggregate", "Strategy": "Plain", "Parent Relationship": "Outer", "Startup Cost": 32370899884003.52, "Total Cost": 32370899884003.53, "Plan Rows": 1, "Plan Width": 97, "Plans": [{"Node Type": "Nested Loop", "Parent Relationship": "Outer", "Join Type": "Inner", "Startup Cost": 60000000000.0, "Total Cost": 32370899882218.03, "Plan Rows": 357098, "Plan Width": 33, "Inner Unique": false, "Join Filter": "(t.id = ci.movie_id), (LLVM Optimized)", "Plans": [{"Node Type": "Streaming(type: LOCAL REDISTRIBUTE dop: 16/16)", "Parent Relationship": "Outer", "Startup Cost": 20000000000.0, "Total Cost": 1103209073418.1, "Plan Rows": 1282311, "Plan Width": 25, "Plans": [{"Node Type": "Nested Loop", "Parent Relationship": "Outer", "Join Type": "Inner", "Startup Cost": 20000000000.0, "Total Cost": 1103209053559.35, "Plan Rows": 1282311, "Plan Width": 25, "Inner Unique": false, "Join Filter": "(mc.movie_id = t.id), (LLVM Optimized)", "Plans": [{"Node Type": "Streaming(type: LOCAL REDISTRIBUTE dop: 16/16)", "Parent Relationship": "Outer", "Startup Cost": 0.0, "Total Cost": 43334.25, "Plan Rows": 2528311, "Plan Width": 21, "Plans": [{"Node Type": "Seq Scan", "Parent Relationship": "Outer", "Relation Name": "title", "Alias": "t", "Startup Cost": 0.0, "Total Cost": 18754.32, "Plan Rows": 2528311, "Plan Width": 21}]}, {"Node Type": "Materialize", "Parent Relationship": "Inner", "Startup Cost": 10000000000.0, "Total Cost": 100130896538.06, "Plan Rows": 1282311, "Plan Width": 4, "Plans": [{"Node Type": "Streaming(type: LOCAL REDISTRIBUTE dop: 16/16)", "Parent Relationship": "Outer", "Startup Cost": 10000000000.0, "Total Cost": 100130896137.34, "Plan Rows": 1282311, "Plan Width": 4, "Plans": [{"Node Type": "Nested Loop", "Parent Relationship": "Outer", "Join Type": "Inner", "Startup Cost": 10000000000.0, "Total Cost": 100130876278.58, "Plan Rows": 1282311, "Plan Width": 4, "Inner Unique": true, "Join Filter": "(cn.id = mc.company_id), (LLVM Optimized)", "Plans": [{"Node Type": "Streaming(type: LOCAL REDISTRIBUTE dop: 16/16)", "Parent Relationship": "Outer", "Startup Cost": 0.0, "Total Cost": 42499.73, "Plan Rows": 2609128, "Plan Width": 8, "Plans": [{"Node Type": "Seq Scan", "Parent Relationship": "Outer", "Relation Name": "movie_companies", "Alias": "mc", "Startup Cost": 0.0, "Total Cost": 17613.58, "Plan Rows": 2609128, "Plan Width": 8}]}, {"Node Type": "Materialize", "Parent Relationship": "Inner", "Startup Cost": 0.0, "Total Cost": 24471.61, "Plan Rows": 85170, "Plan Width": 4, "Plans": [{"Node Type": "Streaming(type: LOCAL REDISTRIBUTE dop: 16/1)", "Parent Relationship": "Outer", "Startup Cost": 0.0, "Total Cost": 24444.99, "Plan Rows": 85170, "Plan Width": 4, "Plans": [{"Node Type": "Seq Scan", "Parent Relationship": "Outer", "Relation Name": "company_name", "Alias": "cn", "Startup Cost": 0.0, "Total Cost": 5903.45, "Plan Rows": 85170, "Plan Width": 4, "Filter": "((country_code)::text = '[us]'::text)"}]}]}]}]}]}]}]}, {"Node Type": "Materialize", "Parent Relationship": "Inner", "Startup Cost": 30000000000.0, "Total Cost": 2123769369907.37, "Plan Rows": 1484588, "Plan Width": 20, "Plans": [{"Node Type": "Streaming(type: LOCAL REDISTRIBUTE dop: 16/16)", "Parent Relationship": "Outer", "Startup Cost": 30000000000.0, "Total Cost": 2123769369443.44, "Plan Rows": 1484588, "Plan Width": 20, "Plans": [{"Node Type": "Nested Loop", "Parent Relationship": "Outer", "Join Type": "Inner", "Startup Cost": 30000000000.0, "Total Cost": 2123769348818.24, "Plan Rows": 1484588, "Plan Width": 20, "Inner Unique": false, "Join Filter": "(an1.person_id = ci.person_id), (LLVM Optimized)", "Plans": [{"Node Type": "Streaming(type: LOCAL REDISTRIBUTE dop: 16/16)", "Parent Relationship": "Outer", "Startup Cost": 10000000000.0, "Total Cost": 100000986955.92, "Plan Rows": 3296318, "Plan Width": 8, "Plans": [{"Node Type": "Nested Loop", "Parent Relationship": "Outer", "Join Type": "Inner", "Startup Cost": 10000000000.0, "Total Cost": 100000959465.96, "Plan Rows": 3296318, "Plan Width": 8, "Inner Unique": false, "Join Filter": "(ci.role_id = rt.id), (LLVM Optimized)", "Plans": [{"Node Type": "Streaming(type: BROADCAST dop: 16/1)", "Parent Relationship": "Outer", "Startup Cost": 0.0, "Total Cost": 15001.5, "Plan Rows": 16, "Plan Width": 4, "Plans": [{"Node Type": "Seq Scan", "Parent Relationship": "Outer", "Relation Name": "role_type", "Alias": "rt", "Startup Cost": 0.0, "Total Cost": 1.15, "Plan Rows": 1, "Plan Width": 4, "Filter": "((role)::text = 'costume designer'::text)"}]}, {"Node Type": "Seq Scan", "Parent Relationship": "Inner", "Relation Name": "cast_info", "Alias": "ci", "Startup Cost": 0.0, "Total Cost": 52617.37, "Plan Rows": 36259494, "Plan Width": 12}]}]}, {"Node Type": "Materialize", "Parent Relationship": "Inner", "Startup Cost": 10000000000.0, "Total Cost": 102201859598.46, "Plan Rows": 901342, "Plan Width": 24, "Plans": [{"Node Type": "Streaming(type: LOCAL REDISTRIBUTE dop: 16/16)", "Parent Relationship": "Outer", "Startup Cost": 10000000000.0, "Total Cost": 102201859316.79, "Plan Rows": 901342, "Plan Width": 24, "Plans": [{"Node Type": "Nested Loop", "Parent Relationship": "Outer", "Join Type": "Inner", "Startup Cost": 10000000000.0, "Total Cost": 102201840901.54, "Plan Rows": 901342, "Plan Width": 24, "Inner Unique": false, "Join Filter": "(an1.person_id = n1.id), (LLVM Optimized)", "Plans": [{"Node Type": "Streaming(type: LOCAL REDISTRIBUTE dop: 16/16)", "Parent Relationship": "Outer", "Startup Cost": 0.0, "Total Cost": 51607.87, "Plan Rows": 4167490, "Plan Width": 4, "Plans": [{"Node Type": "Seq Scan", "Parent Relationship": "Outer", "Relation Name": "name", "Alias": "n1", "Startup Cost": 0.0, "Total Cost": 20816.99, "Plan Rows": 4167490, "Plan Width": 4}]}, {"Node Type": "Materialize", "Parent Relationship": "Inner", "Startup Cost": 0.0, "Total Cost": 34941.19, "Plan Rows": 901342, "Plan Width": 20, "Plans": [{"Node Type": "Streaming(type: LOCAL REDISTRIBUTE dop: 16/16)", "Parent Relationship": "Outer", "Startup Cost": 0.0, "Total Cost": 34659.52, "Plan Rows": 901342, "Plan Width": 20, "Plans": [{"Node Type": "Seq Scan", "Parent Relationship": "Outer", "Relation Name": "aka_name", "Alias": "an1", "Startup Cost": 0.0, "Total Cost": 16244.28, "Plan Rows": 901342, "Plan Width": 20}]}]}]}]}]}]}]}]}]}]}]}]}, "Unique SQL Id": 2457761703, "Planner Runtime": 53}, "explain_analyze_plan": null}, "(16, '91')": {"explain_plan": {"Plan": {"Node Type": "Aggregate", "Strategy": "Plain", "Startup Cost": 6720929176038.34, "Total Cost": 6720929176038.35, "Plan Rows": 1, "Plan Width": 97, "Plans": [{"Node Type": "Merge Join", "Parent Relationship": "Outer", "Join Type": "Inner", "Startup Cost": 5019263027109.06, "Total Cost": 6720929174252.85, "Plan Rows": 357098, "Plan Width": 33, "Inner Unique": false, "Merge Cond": "(an1.person_id = ci.person_id)", "Plans": [{"Node Type": "Merge Join", "Parent Relationship": "Outer", "Join Type": "Inner", "Startup Cost": 20030754356.47, "Total Cost": 2000002534968.85, "Plan Rows": 901342, "Plan Width": 24, "Inner Unique": true, "Merge Cond": "(an1.person_id = n1.id)", "Plans": [{"Node Type": "Index Scan", "Parent Relationship": "Outer", "Scan Direction": "Forward", "Index Name": "person_id_aka_name", "Relation Name": "aka_name", "Alias": "an1", "Startup Cost": 10000000000.0, "Total Cost": 1000006896503.43, "Plan Rows": 901342, "Plan Width": 20}, {"Node Type": "Index Only Scan", "Parent Relationship": "Inner", "Scan Direction": "Forward", "Index Name": "name_pkey", "Relation Name": "name", "Alias": "n1", "Startup Cost": 10000000000.0, "Total Cost": 1000012483260.0, "Plan Rows": 4167490, "Plan Width": 4}]}, {"Node Type": "Sort", "Parent Relationship": "Inner", "Startup Cost": 4999232272752.52, "Total Cost": 4999232274528.67, "Plan Rows": 710459, "Plan Width": 21, "Sort Key": ["ci.person_id"], "Plans": [{"Node Type": "Merge Join", "Parent Relationship": "Outer", "Join Type": "Inner", "Startup Cost": 4010104165272.09, "Total Cost": 4999232203701.62, "Plan Rows": 710459, "Plan Width": 21, "Inner Unique": true, "Merge Cond": "(ci.movie_id = t.id)", "Plans": [{"Node Type": "Sort", "Parent Relationship": "Outer", "Startup Cost": 4000104165272.07, "Total Cost": 4000104167049.61, "Plan Rows": 711018, "Plan Width": 12, "Sort Key": ["ci.movie_id"], "Plans": [{"Node Type": "Merge Join", "Parent Relationship": "Outer", "Join Type": "Inner", "Startup Cost": 3010104048700.61, "Total Cost": 4000104096162.8, "Plan Rows": 711018, "Plan Width": 12, "Inner Unique": false, "Merge Cond": "(rt.id = ci.role_id)", "Plans": [{"Node Type": "Index Scan", "Parent Relationship": "Outer", "Scan Direction": "Forward", "Index Name": "role_type_pkey", "Relation Name": "role_type", "Alias": "rt", "Startup Cost": 10000000000.0, "Total Cost": 1000000001246.0, "Plan Rows": 1, "Plan Width": 4, "Filter": "((role)::text = 'costume designer'::text)"}, {"Node Type": "Sort", "Parent Relationship": "Inner", "Startup Cost": 3000104048700.61, "Total Cost": 3000104068253.62, "Plan Rows": 7821201, "Plan Width": 16, "Sort Key": ["ci.role_id"], "Plans": [{"Node Type": "Merge Join", "Parent Relationship": "Outer", "Join Type": "Inner", "Startup Cost": 2010032492191.3, "Total Cost": 3000103153213.82, "Plan Rows": 7821201, "Plan Width": 16, "Inner Unique": false, "Merge Cond": "(ci.movie_id = mc.movie_id)", "Plans": [{"Node Type": "Index Scan", "Parent Relationship": "Outer", "Scan Direction": "Forward", "Index Name": "movie_id_cast_info", "Relation Name": "cast_info", "Alias": "ci", "Startup Cost": 10000000000.0, "Total Cost": 1000205932389.3, "Plan Rows": 36259494, "Plan Width": 12}, {"Node Type": "Sort", "Parent Relationship": "Inner", "Startup Cost": 2000013567140.28, "Total Cost": 2000013570346.05, "Plan Rows": 1282311, "Plan Width": 4, "Sort Key": ["mc.movie_id"], "Plans": [{"Node Type": "Merge Join", "Parent Relationship": "Outer", "Join Type": "Inner", "Startup Cost": 45724640147.62, "Total Cost": 2000013437047.81, "Plan Rows": 1282311, "Plan Width": 4, "Inner Unique": false, "Merge Cond": "(cn.id = mc.company_id)", "Plans": [{"Node Type": "Index Scan", "Parent Relationship": "Outer", "Scan Direction": "Forward", "Index Name": "company_name_pkey", "Relation Name": "company_name", "Alias": "cn", "Startup Cost": 10000000000.0, "Total Cost": 1000001050138.97, "Plan Rows": 85170, "Plan Width": 4, "Filter": "((country_code)::text = '[us]'::text)"}, {"Node Type": "Index Scan", "Parent Relationship": "Inner", "Scan Direction": "Forward", "Index Name": "company_id_movie_companies", "Relation Name": "movie_companies", "Alias": "mc", "Startup Cost": 10000000000.0, "Total Cost": 1000012367349.98, "Plan Rows": 2609128, "Plan Width": 8}]}]}]}]}]}]}, {"Node Type": "Index Scan", "Parent Relationship": "Inner", "Scan Direction": "Forward", "Index Name": "title_pkey", "Relation Name": "title", "Alias": "t", "Startup Cost": 10000000000.0, "Total Cost": 1000011012048.91, "Plan Rows": 2528311, "Plan Width": 21}]}]}]}]}, "Unique SQL Id": 2457761703, "Planner Runtime": 128}, "explain_analyze_plan": null}, "(16, '92')": {"explain_plan": {"Plan": {"Node Type": "Aggregate", "Strategy": "Plain", "Startup Cost": 2357885.97, "Total Cost": 2357885.98, "Plan Rows": 1, "Plan Width": 97, "Plans": [{"Node Type": "Nested Loop", "Parent Relationship": "Outer", "Join Type": "Inner", "Startup Cost": 2183858.78, "Total Cost": 2356100.48, "Plan Rows": 357098, "Plan Width": 33, "Inner Unique": true, "Join Filter": "(an1.person_id = n1.id), (LLVM Optimized)", "Plans": [{"Node Type": "Merge Join", "Parent Relationship": "Outer", "Join Type": "Inner", "Startup Cost": 2183858.78, "Total Cost": 2252581.83, "Plan Rows": 357098, "Plan Width": 41, "Inner Unique": false, "Merge Cond": "(an1.person_id = ci.person_id)", "Plans": [{"Node Type": "Index Scan", "Parent Relationship": "Outer", "Scan Direction": "Forward", "Index Name": "person_id_aka_name", "Relation Name": "aka_name", "Alias": "an1", "Startup Cost": 0.0, "Total Cost": 68965.03, "Plan Rows": 901342, "Plan Width": 20}, {"Node Type": "Sort", "Parent Relationship": "Inner", "Startup Cost": 2183858.71, "Total Cost": 2185634.85, "Plan Rows": 710459, "Plan Width": 21, "Sort Key": ["ci.person_id"], "Plans": [{"Node Type": "Merge Join", "Parent Relationship": "Outer", "Join Type": "Inner", "Startup Cost": 2095152.01, "Total Cost": 2114807.8, "Plan Rows": 710459, "Plan Width": 21, "Inner Unique": false, "Merge Cond": "(rt.id = ci.role_id)", "Plans": [{"Node Type": "Sort", "Parent Relationship": "Outer", "Startup Cost": 1.16, "Total Cost": 1.16, "Plan Rows": 1, "Plan Width": 4, "Sort Key": ["rt.id"], "Plans": [{"Node Type": "Seq Scan", "Parent Relationship": "Outer", "Relation Name": "role_type", "Alias": "rt", "Startup Cost": 0.0, "Total Cost": 1.15, "Plan Rows": 1, "Plan Width": 4, "Filter": "((role)::text = 'costume designer'::text)"}]}, {"Node Type": "Sort", "Parent Relationship": "Inner", "Startup Cost": 2095150.85, "Total Cost": 2103466.76, "Plan Rows": 3326364, "Plan Width": 25, "Sort Key": ["ci.role_id"], "Plans": [{"Node Type": "Nested Loop", "Parent Relationship": "Outer", "Join Type": "Inner", "Startup Cost": 283828.79, "Total Cost": 1734813.91, "Plan Rows": 3326364, "Plan Width": 25, "Inner Unique": false, "Join Filter": "(t.id = ci.movie_id), (LLVM Optimized)", "Plans": [{"Node Type": "Merge Join", "Parent Relationship": "Outer", "Join Type": "Inner", "Startup Cost": 283828.79, "Total Cost": 419390.55, "Plan Rows": 1282311, "Plan Width": 25, "Inner Unique": false, "Merge Cond": "(t.id = mc.movie_id)", "Plans": [{"Node Type": "Index Scan", "Parent Relationship": "Outer", "Scan Direction": "Forward", "Index Name": "title_pkey", "Relation Name": "title", "Alias": "t", "Startup Cost": 0.0, "Total Cost": 110120.49, "Plan Rows": 2528311, "Plan Width": 21}, {"Node Type": "Sort", "Parent Relationship": "Inner", "Startup Cost": 283826.21, "Total Cost": 287031.99, "Plan Rows": 1282311, "Plan Width": 4, "Sort Key": ["mc.movie_id"], "Plans": [{"Node Type": "Merge Join", "Parent Relationship": "Outer", "Join Type": "Inner", "Startup Cost": 3383.04, "Total Cost": 153733.74, "Plan Rows": 1282311, "Plan Width": 4, "Inner Unique": false, "Merge Cond": "(cn.id = mc.company_id)", "Plans": [{"Node Type": "Index Scan", "Parent Relationship": "Outer", "Scan Direction": "Forward", "Index Name": "company_name_pkey", "Relation Name": "company_name", "Alias": "cn", "Startup Cost": 0.0, "Total Cost": 10501.39, "Plan Rows": 85170, "Plan Width": 4, "Filter": "((country_code)::text = '[us]'::text)"}, {"Node Type": "Index Scan", "Parent Relationship": "Inner", "Scan Direction": "Forward", "Index Name": "company_id_movie_companies", "Relation Name": "movie_companies", "Alias": "mc", "Startup Cost": 0.0, "Total Cost": 123673.5, "Plan Rows": 2609128, "Plan Width": 8}]}]}]}, {"Node Type": "Index Scan", "Parent Relationship": "Inner", "Scan Direction": "Forward", "Index Name": "movie_id_cast_info", "Relation Name": "cast_info", "Alias": "ci", "Startup Cost": 0.0, "Total Cost": 0.95, "Plan Rows": 6, "Plan Width": 12, "Index Cond": "(movie_id = mc.movie_id)"}]}]}]}]}]}, {"Node Type": "Index Scan", "Parent Relationship": "Inner", "Scan Direction": "Forward", "Index Name": "name_pkey", "Relation Name": "name", "Alias": "n1", "Startup Cost": 0.0, "Total Cost": 0.28, "Plan Rows": 1, "Plan Width": 4, "Index Cond": "(id = ci.person_id)"}]}]}, "Unique SQL Id": 2457761703, "Planner Runtime": 33}, "explain_analyze_plan": null}, "(16, '93')": {"explain_plan": {"Plan": {"Node Type": "Aggregate", "Strategy": "Plain", "Startup Cost": 2357897.26, "Total Cost": 2357897.27, "Plan Rows": 1, "Plan Width": 97, "Plans": [{"Node Type": "Nested Loop", "Parent Relationship": "Outer", "Join Type": "Inner", "Startup Cost": 2183870.07, "Total Cost": 2356111.77, "Plan Rows": 357098, "Plan Width": 33, "Inner Unique": true, "Join Filter": "(an1.person_id = n1.id), (LLVM Optimized)", "Plans": [{"Node Type": "Merge Join", "Parent Relationship": "Outer", "Join Type": "Inner", "Startup Cost": 2183870.07, "Total Cost": 2252593.12, "Plan Rows": 357098, "Plan Width": 41, "Inner Unique": false, "Merge Cond": "(ci.person_id = an1.person_id)", "Plans": [{"Node Type": "Sort", "Parent Relationship": "Outer", "Startup Cost": 2183870.0, "Total Cost": 2185646.15, "Plan Rows": 710459, "Plan Width": 21, "Sort Key": ["ci.person_id"], "Plans": [{"Node Type": "Merge Join", "Parent Relationship": "Outer", "Join Type": "Inner", "Startup Cost": 2095150.85, "Total Cost": 2114819.1, "Plan Rows": 710459, "Plan Width": 21, "Inner Unique": false, "Merge Cond": "(rt.id = ci.role_id)", "Plans": [{"Node Type": "Index Scan", "Parent Relationship": "Outer", "Scan Direction": "Forward", "Index Name": "role_type_pkey", "Relation Name": "role_type", "Alias": "rt", "Startup Cost": 0.0, "Total Cost": 12.46, "Plan Rows": 1, "Plan Width": 4, "Filter": "((role)::text = 'costume designer'::text)"}, {"Node Type": "Sort", "Parent Relationship": "Inner", "Startup Cost": 2095150.85, "Total Cost": 2103466.76, "Plan Rows": 3326364, "Plan Width": 25, "Sort Key": ["ci.role_id"], "Plans": [{"Node Type": "Nested Loop", "Parent Relationship": "Outer", "Join Type": "Inner", "Startup Cost": 283828.79, "Total Cost": 1734813.91, "Plan Rows": 3326364, "Plan Width": 25, "Inner Unique": false, "Join Filter": "(t.id = ci.movie_id), (LLVM Optimized)", "Plans": [{"Node Type": "Merge Join", "Parent Relationship": "Outer", "Join Type": "Inner", "Startup Cost": 283828.79, "Total Cost": 419390.55, "Plan Rows": 1282311, "Plan Width": 25, "Inner Unique": false, "Merge Cond": "(t.id = mc.movie_id)", "Plans": [{"Node Type": "Index Scan", "Parent Relationship": "Outer", "Scan Direction": "Forward", "Index Name": "title_pkey", "Relation Name": "title", "Alias": "t", "Startup Cost": 0.0, "Total Cost": 110120.49, "Plan Rows": 2528311, "Plan Width": 21}, {"Node Type": "Sort", "Parent Relationship": "Inner", "Startup Cost": 283826.21, "Total Cost": 287031.99, "Plan Rows": 1282311, "Plan Width": 4, "Sort Key": ["mc.movie_id"], "Plans": [{"Node Type": "Merge Join", "Parent Relationship": "Outer", "Join Type": "Inner", "Startup Cost": 3383.04, "Total Cost": 153733.74, "Plan Rows": 1282311, "Plan Width": 4, "Inner Unique": false, "Merge Cond": "(cn.id = mc.company_id)", "Plans": [{"Node Type": "Index Scan", "Parent Relationship": "Outer", "Scan Direction": "Forward", "Index Name": "company_name_pkey", "Relation Name": "company_name", "Alias": "cn", "Startup Cost": 0.0, "Total Cost": 10501.39, "Plan Rows": 85170, "Plan Width": 4, "Filter": "((country_code)::text = '[us]'::text)"}, {"Node Type": "Index Scan", "Parent Relationship": "Inner", "Scan Direction": "Forward", "Index Name": "company_id_movie_companies", "Relation Name": "movie_companies", "Alias": "mc", "Startup Cost": 0.0, "Total Cost": 123673.5, "Plan Rows": 2609128, "Plan Width": 8}]}]}]}, {"Node Type": "Index Scan", "Parent Relationship": "Inner", "Scan Direction": "Forward", "Index Name": "movie_id_cast_info", "Relation Name": "cast_info", "Alias": "ci", "Startup Cost": 0.0, "Total Cost": 0.95, "Plan Rows": 6, "Plan Width": 12, "Index Cond": "(movie_id = mc.movie_id)"}]}]}]}]}, {"Node Type": "Index Scan", "Parent Relationship": "Inner", "Scan Direction": "Forward", "Index Name": "person_id_aka_name", "Relation Name": "aka_name", "Alias": "an1", "Startup Cost": 0.0, "Total Cost": 68965.03, "Plan Rows": 901342, "Plan Width": 20}]}, {"Node Type": "Index Scan", "Parent Relationship": "Inner", "Scan Direction": "Forward", "Index Name": "name_pkey", "Relation Name": "name", "Alias": "n1", "Startup Cost": 0.0, "Total Cost": 0.28, "Plan Rows": 1, "Plan Width": 4, "Index Cond": "(id = ci.person_id)"}]}]}, "Unique SQL Id": 2457761703, "Planner Runtime": 38}, "explain_analyze_plan": null}, "(16, '94')": {"explain_plan": {"Plan": {"Node Type": "Aggregate", "Strategy": "Plain", "Startup Cost": 32370899884003.52, "Total Cost": 32370899884003.54, "Plan Rows": 1, "Plan Width": 97, "Plans": [{"Node Type": "Streaming(type: LOCAL GATHER dop: 1/16)", "Parent Relationship": "Outer", "Startup Cost": 32370899884003.52, "Total Cost": 32370899884003.54, "Plan Rows": 1, "Plan Width": 97, "Plans": [{"Node Type": "Aggregate", "Strategy": "Plain", "Parent Relationship": "Outer", "Startup Cost": 32370899884003.52, "Total Cost": 32370899884003.53, "Plan Rows": 1, "Plan Width": 97, "Plans": [{"Node Type": "Nested Loop", "Parent Relationship": "Outer", "Join Type": "Inner", "Startup Cost": 60000000000.0, "Total Cost": 32370899882218.03, "Plan Rows": 357098, "Plan Width": 33, "Inner Unique": false, "Join Filter": "(t.id = ci.movie_id), (LLVM Optimized)", "Plans": [{"Node Type": "Streaming(type: LOCAL REDISTRIBUTE dop: 16/16)", "Parent Relationship": "Outer", "Startup Cost": 20000000000.0, "Total Cost": 1103209073418.1, "Plan Rows": 1282311, "Plan Width": 25, "Plans": [{"Node Type": "Nested Loop", "Parent Relationship": "Outer", "Join Type": "Inner", "Startup Cost": 20000000000.0, "Total Cost": 1103209053559.35, "Plan Rows": 1282311, "Plan Width": 25, "Inner Unique": false, "Join Filter": "(mc.movie_id = t.id), (LLVM Optimized)", "Plans": [{"Node Type": "Streaming(type: LOCAL REDISTRIBUTE dop: 16/16)", "Parent Relationship": "Outer", "Startup Cost": 0.0, "Total Cost": 43334.25, "Plan Rows": 2528311, "Plan Width": 21, "Plans": [{"Node Type": "Seq Scan", "Parent Relationship": "Outer", "Relation Name": "title", "Alias": "t", "Startup Cost": 0.0, "Total Cost": 18754.32, "Plan Rows": 2528311, "Plan Width": 21}]}, {"Node Type": "Materialize", "Parent Relationship": "Inner", "Startup Cost": 10000000000.0, "Total Cost": 100130896538.06, "Plan Rows": 1282311, "Plan Width": 4, "Plans": [{"Node Type": "Streaming(type: LOCAL REDISTRIBUTE dop: 16/16)", "Parent Relationship": "Outer", "Startup Cost": 10000000000.0, "Total Cost": 100130896137.34, "Plan Rows": 1282311, "Plan Width": 4, "Plans": [{"Node Type": "Nested Loop", "Parent Relationship": "Outer", "Join Type": "Inner", "Startup Cost": 10000000000.0, "Total Cost": 100130876278.58, "Plan Rows": 1282311, "Plan Width": 4, "Inner Unique": true, "Join Filter": "(cn.id = mc.company_id), (LLVM Optimized)", "Plans": [{"Node Type": "Streaming(type: LOCAL REDISTRIBUTE dop: 16/16)", "Parent Relationship": "Outer", "Startup Cost": 0.0, "Total Cost": 42499.73, "Plan Rows": 2609128, "Plan Width": 8, "Plans": [{"Node Type": "Seq Scan", "Parent Relationship": "Outer", "Relation Name": "movie_companies", "Alias": "mc", "Startup Cost": 0.0, "Total Cost": 17613.58, "Plan Rows": 2609128, "Plan Width": 8}]}, {"Node Type": "Materialize", "Parent Relationship": "Inner", "Startup Cost": 0.0, "Total Cost": 24471.61, "Plan Rows": 85170, "Plan Width": 4, "Plans": [{"Node Type": "Streaming(type: LOCAL REDISTRIBUTE dop: 16/1)", "Parent Relationship": "Outer", "Startup Cost": 0.0, "Total Cost": 24444.99, "Plan Rows": 85170, "Plan Width": 4, "Plans": [{"Node Type": "Seq Scan", "Parent Relationship": "Outer", "Relation Name": "company_name", "Alias": "cn", "Startup Cost": 0.0, "Total Cost": 5903.45, "Plan Rows": 85170, "Plan Width": 4, "Filter": "((country_code)::text = '[us]'::text)"}]}]}]}]}]}]}]}, {"Node Type": "Materialize", "Parent Relationship": "Inner", "Startup Cost": 30000000000.0, "Total Cost": 2123769369907.37, "Plan Rows": 1484588, "Plan Width": 20, "Plans": [{"Node Type": "Streaming(type: LOCAL REDISTRIBUTE dop: 16/16)", "Parent Relationship": "Outer", "Startup Cost": 30000000000.0, "Total Cost": 2123769369443.44, "Plan Rows": 1484588, "Plan Width": 20, "Plans": [{"Node Type": "Nested Loop", "Parent Relationship": "Outer", "Join Type": "Inner", "Startup Cost": 30000000000.0, "Total Cost": 2123769348818.24, "Plan Rows": 1484588, "Plan Width": 20, "Inner Unique": false, "Join Filter": "(an1.person_id = ci.person_id), (LLVM Optimized)", "Plans": [{"Node Type": "Streaming(type: LOCAL REDISTRIBUTE dop: 16/16)", "Parent Relationship": "Outer", "Startup Cost": 10000000000.0, "Total Cost": 100000986955.92, "Plan Rows": 3296318, "Plan Width": 8, "Plans": [{"Node Type": "Nested Loop", "Parent Relationship": "Outer", "Join Type": "Inner", "Startup Cost": 10000000000.0, "Total Cost": 100000959465.96, "Plan Rows": 3296318, "Plan Width": 8, "Inner Unique": false, "Join Filter": "(ci.role_id = rt.id), (LLVM Optimized)", "Plans": [{"Node Type": "Streaming(type: BROADCAST dop: 16/1)", "Parent Relationship": "Outer", "Startup Cost": 0.0, "Total Cost": 15001.5, "Plan Rows": 16, "Plan Width": 4, "Plans": [{"Node Type": "Seq Scan", "Parent Relationship": "Outer", "Relation Name": "role_type", "Alias": "rt", "Startup Cost": 0.0, "Total Cost": 1.15, "Plan Rows": 1, "Plan Width": 4, "Filter": "((role)::text = 'costume designer'::text)"}]}, {"Node Type": "Seq Scan", "Parent Relationship": "Inner", "Relation Name": "cast_info", "Alias": "ci", "Startup Cost": 0.0, "Total Cost": 52617.37, "Plan Rows": 36259494, "Plan Width": 12}]}]}, {"Node Type": "Materialize", "Parent Relationship": "Inner", "Startup Cost": 10000000000.0, "Total Cost": 102201859598.46, "Plan Rows": 901342, "Plan Width": 24, "Plans": [{"Node Type": "Streaming(type: LOCAL REDISTRIBUTE dop: 16/16)", "Parent Relationship": "Outer", "Startup Cost": 10000000000.0, "Total Cost": 102201859316.79, "Plan Rows": 901342, "Plan Width": 24, "Plans": [{"Node Type": "Nested Loop", "Parent Relationship": "Outer", "Join Type": "Inner", "Startup Cost": 10000000000.0, "Total Cost": 102201840901.54, "Plan Rows": 901342, "Plan Width": 24, "Inner Unique": false, "Join Filter": "(an1.person_id = n1.id), (LLVM Optimized)", "Plans": [{"Node Type": "Streaming(type: LOCAL REDISTRIBUTE dop: 16/16)", "Parent Relationship": "Outer", "Startup Cost": 0.0, "Total Cost": 51607.87, "Plan Rows": 4167490, "Plan Width": 4, "Plans": [{"Node Type": "Seq Scan", "Parent Relationship": "Outer", "Relation Name": "name", "Alias": "n1", "Startup Cost": 0.0, "Total Cost": 20816.99, "Plan Rows": 4167490, "Plan Width": 4}]}, {"Node Type": "Materialize", "Parent Relationship": "Inner", "Startup Cost": 0.0, "Total Cost": 34941.19, "Plan Rows": 901342, "Plan Width": 20, "Plans": [{"Node Type": "Streaming(type: LOCAL REDISTRIBUTE dop: 16/16)", "Parent Relationship": "Outer", "Startup Cost": 0.0, "Total Cost": 34659.52, "Plan Rows": 901342, "Plan Width": 20, "Plans": [{"Node Type": "Seq Scan", "Parent Relationship": "Outer", "Relation Name": "aka_name", "Alias": "an1", "Startup Cost": 0.0, "Total Cost": 16244.28, "Plan Rows": 901342, "Plan Width": 20}]}]}]}]}]}]}]}]}]}]}]}]}, "Unique SQL Id": 2457761703, "Planner Runtime": 52}, "explain_analyze_plan": null}, "(16, '95')": {"explain_plan": {"Plan": {"Node Type": "Aggregate", "Strategy": "Plain", "Startup Cost": 6720933593495.22, "Total Cost": 6720933593495.23, "Plan Rows": 1, "Plan Width": 97, "Plans": [{"Node Type": "Merge Join", "Parent Relationship": "Outer", "Join Type": "Inner", "Startup Cost": 5019263027109.06, "Total Cost": 6720933591709.73, "Plan Rows": 357098, "Plan Width": 33, "Inner Unique": false, "Merge Cond": "(an1.person_id = ci.person_id)", "Plans": [{"Node Type": "Merge Join", "Parent Relationship": "Outer", "Join Type": "Inner", "Startup Cost": 20030754356.47, "Total Cost": 2000007674895.99, "Plan Rows": 901342, "Plan Width": 24, "Inner Unique": true, "Merge Cond": "(an1.person_id = n1.id)", "Plans": [{"Node Type": "Index Scan", "Parent Relationship": "Outer", "Scan Direction": "Forward", "Index Name": "person_id_aka_name", "Relation Name": "aka_name", "Alias": "an1", "Startup Cost": 10000000000.0, "Total Cost": 1000006896503.43, "Plan Rows": 901342, "Plan Width": 20}, {"Node Type": "Index Scan", "Parent Relationship": "Inner", "Scan Direction": "Forward", "Index Name": "name_pkey", "Relation Name": "name", "Alias": "n1", "Startup Cost": 10000000000.0, "Total Cost": 1000017623274.7, "Plan Rows": 4167490, "Plan Width": 4}]}, {"Node Type": "Sort", "Parent Relationship": "Inner", "Startup Cost": 4999232272752.52, "Total Cost": 4999232274528.67, "Plan Rows": 710459, "Plan Width": 21, "Sort Key": ["ci.person_id"], "Plans": [{"Node Type": "Merge Join", "Parent Relationship": "Outer", "Join Type": "Inner", "Startup Cost": 4010104165272.09, "Total Cost": 4999232203701.62, "Plan Rows": 710459, "Plan Width": 21, "Inner Unique": true, "Merge Cond": "(ci.movie_id = t.id)", "Plans": [{"Node Type": "Sort", "Parent Relationship": "Outer", "Startup Cost": 4000104165272.07, "Total Cost": 4000104167049.61, "Plan Rows": 711018, "Plan Width": 12, "Sort Key": ["ci.movie_id"], "Plans": [{"Node Type": "Merge Join", "Parent Relationship": "Outer", "Join Type": "Inner", "Startup Cost": 3010104048700.61, "Total Cost": 4000104096162.8, "Plan Rows": 711018, "Plan Width": 12, "Inner Unique": false, "Merge Cond": "(rt.id = ci.role_id)", "Plans": [{"Node Type": "Index Scan", "Parent Relationship": "Outer", "Scan Direction": "Forward", "Index Name": "role_type_pkey", "Relation Name": "role_type", "Alias": "rt", "Startup Cost": 10000000000.0, "Total Cost": 1000000001246.0, "Plan Rows": 1, "Plan Width": 4, "Filter": "((role)::text = 'costume designer'::text)"}, {"Node Type": "Sort", "Parent Relationship": "Inner", "Startup Cost": 3000104048700.61, "Total Cost": 3000104068253.62, "Plan Rows": 7821201, "Plan Width": 16, "Sort Key": ["ci.role_id"], "Plans": [{"Node Type": "Merge Join", "Parent Relationship": "Outer", "Join Type": "Inner", "Startup Cost": 2010032492191.3, "Total Cost": 3000103153213.82, "Plan Rows": 7821201, "Plan Width": 16, "Inner Unique": false, "Merge Cond": "(ci.movie_id = mc.movie_id)", "Plans": [{"Node Type": "Index Scan", "Parent Relationship": "Outer", "Scan Direction": "Forward", "Index Name": "movie_id_cast_info", "Relation Name": "cast_info", "Alias": "ci", "Startup Cost": 10000000000.0, "Total Cost": 1000205932389.3, "Plan Rows": 36259494, "Plan Width": 12}, {"Node Type": "Sort", "Parent Relationship": "Inner", "Startup Cost": 2000013567140.28, "Total Cost": 2000013570346.05, "Plan Rows": 1282311, "Plan Width": 4, "Sort Key": ["mc.movie_id"], "Plans": [{"Node Type": "Merge Join", "Parent Relationship": "Outer", "Join Type": "Inner", "Startup Cost": 45724640147.62, "Total Cost": 2000013437047.81, "Plan Rows": 1282311, "Plan Width": 4, "Inner Unique": false, "Merge Cond": "(cn.id = mc.company_id)", "Plans": [{"Node Type": "Index Scan", "Parent Relationship": "Outer", "Scan Direction": "Forward", "Index Name": "company_name_pkey", "Relation Name": "company_name", "Alias": "cn", "Startup Cost": 10000000000.0, "Total Cost": 1000001050138.97, "Plan Rows": 85170, "Plan Width": 4, "Filter": "((country_code)::text = '[us]'::text)"}, {"Node Type": "Index Scan", "Parent Relationship": "Inner", "Scan Direction": "Forward", "Index Name": "company_id_movie_companies", "Relation Name": "movie_companies", "Alias": "mc", "Startup Cost": 10000000000.0, "Total Cost": 1000012367349.98, "Plan Rows": 2609128, "Plan Width": 8}]}]}]}]}]}]}, {"Node Type": "Index Scan", "Parent Relationship": "Inner", "Scan Direction": "Forward", "Index Name": "title_pkey", "Relation Name": "title", "Alias": "t", "Startup Cost": 10000000000.0, "Total Cost": 1000011012048.91, "Plan Rows": 2528311, "Plan Width": 21}]}]}]}]}, "Unique SQL Id": 2457761703, "Planner Runtime": 129}, "explain_analyze_plan": null}, "(16, '96')": {"explain_plan": {"Plan": {"Node Type": "Aggregate", "Strategy": "Plain", "Startup Cost": 287566.27, "Total Cost": 287566.3, "Plan Rows": 1, "Plan Width": 97, "Plans": [{"Node Type": "Streaming(type: LOCAL GATHER dop: 1/16)", "Parent Relationship": "Outer", "Startup Cost": 287566.27, "Total Cost": 287566.3, "Plan Rows": 1, "Plan Width": 97, "Plans": [{"Node Type": "Aggregate", "Strategy": "Plain", "Parent Relationship": "Outer", "Startup Cost": 287566.27, "Total Cost": 287566.28, "Plan Rows": 1, "Plan Width": 97, "Plans": [{"Node Type": "Hash Join", "Parent Relationship": "Outer", "Join Type": "Inner", "Startup Cost": 142621.96, "Total Cost": 285780.78, "Plan Rows": 357098, "Plan Width": 33, "Inner Unique": true, "Hash Cond": "(an1.person_id = n1.id), (LLVM Optimized)", "Plans": [{"Node Type": "Streaming(type: LOCAL REDISTRIBUTE dop: 16/16)", "Parent Relationship": "Outer", "Startup Cost": 126464.14, "Total Cost": 269316.07, "Plan Rows": 357098, "Plan Width": 41, "Plans": [{"Node Type": "Hash Join", "Parent Relationship": "Outer", "Join Type": "Inner", "Startup Cost": 126464.14, "Total Cost": 252963.01, "Plan Rows": 357098, "Plan Width": 41, "Inner Unique": true, "Hash Cond": "(ci.movie_id = t.id), (LLVM Optimized)", "Plans": [{"Node Type": "Streaming(type: LOCAL REDISTRIBUTE dop: 16/16)", "Parent Relationship": "Outer", "Startup Cost": 113655.34, "Total Cost": 239847.25, "Plan Rows": 357379, "Plan Width": 32, "Plans": [{"Node Type": "Hash Join", "Parent Relationship": "Outer", "Join Type": "Inner", "Startup Cost": 113655.34, "Total Cost": 223493.12, "Plan Rows": 357379, "Plan Width": 32, "Inner Unique": false, "Hash Cond": "(ci.person_id = an1.person_id), (LLVM Optimized)", "Plans": [{"Node Type": "Streaming(type: LOCAL REDISTRIBUTE dop: 16/16)", "Parent Relationship": "Outer", "Startup Cost": 104286.28, "Total Cost": 212931.86, "Plan Rows": 711018, "Plan Width": 12, "Plans": [{"Node Type": "Hash Join", "Parent Relationship": "Outer", "Join Type": "Inner", "Startup Cost": 104286.28, "Total Cost": 195237.77, "Plan Rows": 711018, "Plan Width": 12, "Inner Unique": false, "Hash Cond": "(ci.movie_id = mc.movie_id), (LLVM Optimized)", "Plans": [{"Node Type": "Streaming(type: LOCAL REDISTRIBUTE dop: 16/16)", "Parent Relationship": "Outer", "Startup Cost": 15001.51, "Total Cost": 102848.74, "Plan Rows": 3296318, "Plan Width": 8, "Plans": [{"Node Type": "Hash Join", "Parent Relationship": "Outer", "Join Type": "Inner", "Startup Cost": 15001.51, "Total Cost": 75358.79, "Plan Rows": 3296318, "Plan Width": 8, "Inner Unique": true, "Hash Cond": "(ci.role_id = rt.id), (LLVM Optimized)", "Plans": [{"Node Type": "Seq Scan", "Parent Relationship": "Outer", "Relation Name": "cast_info", "Alias": "ci", "Startup Cost": 0.0, "Total Cost": 52617.37, "Plan Rows": 36259494, "Plan Width": 12}, {"Node Type": "Hash", "Parent Relationship": "Inner", "Startup Cost": 15001.5, "Total Cost": 15001.5, "Plan Rows": 16, "Plan Width": 4, "Plans": [{"Node Type": "Streaming(type: BROADCAST dop: 16/1)", "Parent Relationship": "Outer", "Startup Cost": 0.0, "Total Cost": 15001.5, "Plan Rows": 16, "Plan Width": 4, "Plans": [{"Node Type": "Seq Scan", "Parent Relationship": "Outer", "Relation Name": "role_type", "Alias": "rt", "Startup Cost": 0.0, "Total Cost": 1.15, "Plan Rows": 1, "Plan Width": 4, "Filter": "((role)::text = 'costume designer'::text)"}]}]}]}]}, {"Node Type": "Hash", "Parent Relationship": "Inner", "Startup Cost": 88282.97, "Total Cost": 88282.97, "Plan Rows": 1282311, "Plan Width": 4, "Plans": [{"Node Type": "Streaming(type: LOCAL REDISTRIBUTE dop: 16/16)", "Parent Relationship": "Outer", "Startup Cost": 24511.53, "Total Cost": 88282.97, "Plan Rows": 1282311, "Plan Width": 4, "Plans": [{"Node Type": "Hash Join", "Parent Relationship": "Outer", "Join Type": "Inner", "Startup Cost": 24511.53, "Total Cost": 68424.21, "Plan Rows": 1282311, "Plan Width": 4, "Inner Unique": true, "Hash Cond": "(mc.company_id = cn.id), (LLVM Optimized)", "Plans": [{"Node Type": "Streaming(type: LOCAL REDISTRIBUTE dop: 16/16)", "Parent Relationship": "Outer", "Startup Cost": 0.0, "Total Cost": 42499.73, "Plan Rows": 2609128, "Plan Width": 8, "Plans": [{"Node Type": "Seq Scan", "Parent Relationship": "Outer", "Relation Name": "movie_companies", "Alias": "mc", "Startup Cost": 0.0, "Total Cost": 17613.58, "Plan Rows": 2609128, "Plan Width": 8}]}, {"Node Type": "Hash", "Parent Relationship": "Inner", "Startup Cost": 24444.99, "Total Cost": 24444.99, "Plan Rows": 85170, "Plan Width": 4, "Plans": [{"Node Type": "Streaming(type: LOCAL REDISTRIBUTE dop: 16/1)", "Parent Relationship": "Outer", "Startup Cost": 0.0, "Total Cost": 24444.99, "Plan Rows": 85170, "Plan Width": 4, "Plans": [{"Node Type": "Seq Scan", "Parent Relationship": "Outer", "Relation Name": "company_name", "Alias": "cn", "Startup Cost": 0.0, "Total Cost": 5903.45, "Plan Rows": 85170, "Plan Width": 4, "Filter": "((country_code)::text = '[us]'::text)"}]}]}]}]}]}]}]}, {"Node Type": "Hash", "Parent Relationship": "Inner", "Startup Cost": 34659.52, "Total Cost": 34659.52, "Plan Rows": 901342, "Plan Width": 20, "Plans": [{"Node Type": "Streaming(type: LOCAL REDISTRIBUTE dop: 16/16)", "Parent Relationship": "Outer", "Startup Cost": 0.0, "Total Cost": 34659.52, "Plan Rows": 901342, "Plan Width": 20, "Plans": [{"Node Type": "Seq Scan", "Parent Relationship": "Outer", "Relation Name": "aka_name", "Alias": "an1", "Startup Cost": 0.0, "Total Cost": 16244.28, "Plan Rows": 901342, "Plan Width": 20}]}]}]}]}, {"Node Type": "Hash", "Parent Relationship": "Inner", "Startup Cost": 43334.25, "Total Cost": 43334.25, "Plan Rows": 2528311, "Plan Width": 21, "Plans": [{"Node Type": "Streaming(type: LOCAL REDISTRIBUTE dop: 16/16)", "Parent Relationship": "Outer", "Startup Cost": 0.0, "Total Cost": 43334.25, "Plan Rows": 2528311, "Plan Width": 21, "Plans": [{"Node Type": "Seq Scan", "Parent Relationship": "Outer", "Relation Name": "title", "Alias": "t", "Startup Cost": 0.0, "Total Cost": 18754.32, "Plan Rows": 2528311, "Plan Width": 21}]}]}]}]}, {"Node Type": "Hash", "Parent Relationship": "Inner", "Startup Cost": 51607.87, "Total Cost": 51607.87, "Plan Rows": 4167490, "Plan Width": 4, "Plans": [{"Node Type": "Streaming(type: LOCAL REDISTRIBUTE dop: 16/16)", "Parent Relationship": "Outer", "Startup Cost": 0.0, "Total Cost": 51607.87, "Plan Rows": 4167490, "Plan Width": 4, "Plans": [{"Node Type": "Index Only Scan", "Parent Relationship": "Outer", "Scan Direction": "Forward", "Index Name": "name_pkey", "Relation Name": "name", "Alias": "n1", "Startup Cost": 0.0, "Total Cost": 20816.99, "Plan Rows": 4167490, "Plan Width": 4}]}]}]}]}]}]}, "Unique SQL Id": 2457761703, "Planner Runtime": 190}, "explain_analyze_plan": {"Plan": {"Node Type": "Aggregate", "Strategy": "Plain", "Startup Cost": 287566.27, "Total Cost": 287566.3, "Plan Rows": 1, "Plan Width": 97, "Actual Min Startup Time": 1479.917, "Actual Max Startup Time": 1479.917, "Actual Min Total Time": 1479.917, "Actual Max Total Time": 1479.917, "Plans": [{"Node Type": "Streaming(type: LOCAL GATHER dop: 1/16)", "Parent Relationship": "Outer", "Startup Cost": 287566.27, "Total Cost": 287566.3, "Plan Rows": 1, "Plan Width": 97, "Actual Min Startup Time": 1479.144, "Actual Max Startup Time": 1479.144, "Actual Min Total Time": 1479.763, "Actual Max Total Time": 1479.763, "Plans": [{"Node Type": "Aggregate", "Strategy": "Plain", "Parent Relationship": "Outer", "Startup Cost": 287566.27, "Total Cost": 287566.28, "Plan Rows": 1, "Plan Width": 97, "Actual Min Startup Time": 1070.011, "Actual Max Startup Time": 1210.474, "Actual Min Total Time": 1070.011, "Actual Max Total Time": 1210.474, "Plans": [{"Node Type": "Hash Join", "Parent Relationship": "Outer", "Join Type": "Inner", "Startup Cost": 142621.96, "Total Cost": 285780.78, "Plan Rows": 357098, "Plan Width": 33, "Actual Min Startup Time": 659.377, "Actual Max Startup Time": 809.262, "Actual Min Total Time": 1055.617, "Actual Max Total Time": 1202.355, "Inner Unique": true, "Hash Cond": "(an1.person_id = n1.id), (LLVM Optimized, Jit Execute)", "Plans": [{"Node Type": "Streaming(type: LOCAL REDISTRIBUTE dop: 16/16)", "Parent Relationship": "Outer", "Startup Cost": 126464.14, "Total Cost": 269316.07, "Plan Rows": 357098, "Plan Width": 41, "Actual Min Startup Time": 106.404, "Actual Max Startup Time": 156.085, "Actual Min Total Time": 492.291, "Actual Max Total Time": 511.778, "Plans": [{"Node Type": "Hash Join", "Parent Relationship": "Outer", "Join Type": "Inner", "Startup Cost": 126464.14, "Total Cost": 252963.01, "Plan Rows": 357098, "Plan Width": 41, "Actual Min Startup Time": 655.53, "Actual Max Startup Time": 866.134, "Actual Min Total Time": 1047.996, "Actual Max Total Time": 1260.405, "Inner Unique": true, "Hash Cond": "(ci.movie_id = t.id), (LLVM Optimized, Jit Execute)", "Plans": [{"Node Type": "Streaming(type: LOCAL REDISTRIBUTE dop: 16/16)", "Parent Relationship": "Outer", "Startup Cost": 113655.34, "Total Cost": 239847.25, "Plan Rows": 357379, "Plan Width": 32, "Actual Min Startup Time": 320.575, "Actual Max Startup Time": 329.173, "Actual Min Total Time": 703.466, "Actual Max Total Time": 711.791, "Plans": [{"Node Type": "Hash Join", "Parent Relationship": "Outer", "Join Type": "Inner", "Startup Cost": 113655.34, "Total Cost": 223493.12, "Plan Rows": 357379, "Plan Width": 32, "Actual Min Startup Time": 654.294, "Actual Max Startup Time": 872.751, "Actual Min Total Time": 1022.835, "Actual Max Total Time": 1254.696, "Inner Unique": false, "Hash Cond": "(ci.person_id = an1.person_id), (LLVM Optimized, Jit Execute)", "Plans": [{"Node Type": "Streaming(type: LOCAL REDISTRIBUTE dop: 16/16)", "Parent Relationship": "Outer", "Startup Cost": 104286.28, "Total Cost": 212931.86, "Plan Rows": 711018, "Plan Width": 12, "Actual Min Startup Time": 529.847, "Actual Max Startup Time": 547.87, "Actual Min Total Time": 863.586, "Actual Max Total Time": 916.14, "Plans": [{"Node Type": "Hash Join", "Parent Relationship": "Outer", "Join Type": "Inner", "Startup Cost": 104286.28, "Total Cost": 195237.77, "Plan Rows": 711018, "Plan Width": 12, "Actual Min Startup Time": 650.524, "Actual Max Startup Time": 857.724, "Actual Min Total Time": 981.549, "Actual Max Total Time": 1199.694, "Inner Unique": false, "Hash Cond": "(ci.movie_id = mc.movie_id), (LLVM Optimized, Jit Execute)", "Plans": [{"Node Type": "Streaming(type: LOCAL REDISTRIBUTE dop: 16/16)", "Parent Relationship": "Outer", "Startup Cost": 15001.51, "Total Cost": 102848.74, "Plan Rows": 3296318, "Plan Width": 8, "Actual Min Startup Time": 0.07, "Actual Max Startup Time": 1.21, "Actual Min Total Time": 317.533, "Actual Max Total Time": 345.072, "Plans": [{"Node Type": "Hash Join", "Parent Relationship": "Outer", "Join Type": "Inner", "Startup Cost": 15001.51, "Total Cost": 75358.79, "Plan Rows": 3296318, "Plan Width": 8, "Actual Min Startup Time": 734.465, "Actual Max Startup Time": 848.7, "Actual Min Total Time": 938.828, "Actual Max Total Time": 1064.305, "Inner Unique": true, "Hash Cond": "(ci.role_id = rt.id), (LLVM Optimized, Jit Execute)", "Plans": [{"Node Type": "Seq Scan", "Parent Relationship": "Outer", "Relation Name": "cast_info", "Alias": "ci", "Startup Cost": 0.0, "Total Cost": 52617.37, "Plan Rows": 36259494, "Plan Width": 12, "Actual Min Startup Time": 0.032, "Actual Max Startup Time": 0.041, "Actual Min Total Time": 516.688, "Actual Max Total Time": 568.935, "Actual Rows": 36244343}, {"Node Type": "Hash", "Parent Relationship": "Inner", "Startup Cost": 15001.5, "Total Cost": 15001.5, "Plan Rows": 16, "Plan Width": 4, "Actual Min Startup Time": 0.011, "Actual Max Startup Time": 71.285, "Actual Min Total Time": 0.011, "Actual Max Total Time": 71.285, "Max Hash Buckets": 32768, "Min Hash Buckets": 32768, "Max Hash Batches": 1, "Min Hash Batches": 1, "Max Original Hash Batches": 1, "Min Original Hash Batches": 1, "Max Peak Memory Usage": 1, "min Peak Memory Usage": 1, "Plans": [{"Node Type": "Streaming(type: BROADCAST dop: 16/1)", "Parent Relationship": "Outer", "Startup Cost": 0.0, "Total Cost": 15001.5, "Plan Rows": 16, "Plan Width": 4, "Actual Min Startup Time": 0.004, "Actual Max Startup Time": 71.257, "Actual Min Total Time": 0.004, "Actual Max Total Time": 71.258, "Plans": [{"Node Type": "Seq Scan", "Parent Relationship": "Outer", "Relation Name": "role_type", "Alias": "rt", "Startup Cost": 0.0, "Total Cost": 1.15, "Plan Rows": 1, "Plan Width": 4, "Actual Min Startup Time": 0.035, "Actual Max Startup Time": 0.035, "Actual Min Total Time": 0.038, "Actual Max Total Time": 0.038, "Filter": "((role)::text = 'costume designer'::text)", "Rows Removed by Filter": 11, "Actual Rows": 1}], "Actual Rows": 16}], "Actual Rows": 16}], "Actual Rows": 276403}], "Actual Rows": 276403}, {"Node Type": "Hash", "Parent Relationship": "Inner", "Startup Cost": 88282.97, "Total Cost": 88282.97, "Plan Rows": 1282311, "Plan Width": 4, "Actual Min Startup Time": 650.225, "Actual Max Startup Time": 856.754, "Actual Min Total Time": 650.225, "Actual Max Total Time": 856.754, "Max Hash Buckets": 131072, "Min Hash Buckets": 131072, "Max Hash Batches": 1, "Min Hash Batches": 1, "Max Original Hash Batches": 1, "Min Original Hash Batches": 1, "Max Peak Memory Usage": 2542, "min Peak Memory Usage": 2542, "Plans": [{"Node Type": "Streaming(type: LOCAL REDISTRIBUTE dop: 16/16)", "Parent Relationship": "Outer", "Startup Cost": 24511.53, "Total Cost": 88282.97, "Plan Rows": 1282311, "Plan Width": 4, "Actual Min Startup Time": 174.61, "Actual Max Startup Time": 381.876, "Actual Min Total Time": 618.865, "Actual Max Total Time": 836.947, "Plans": [{"Node Type": "Hash Join", "Parent Relationship": "Outer", "Join Type": "Inner", "Startup Cost": 24511.53, "Total Cost": 68424.21, "Plan Rows": 1282311, "Plan Width": 4, "Actual Min Startup Time": 169.623, "Actual Max Startup Time": 359.093, "Actual Min Total Time": 519.06, "Actual Max Total Time": 732.07, "Inner Unique": true, "Hash Cond": "(mc.company_id = cn.id), (LLVM Optimized, Jit Execute)", "Plans": [{"Node Type": "Streaming(type: LOCAL REDISTRIBUTE dop: 16/16)", "Parent Relationship": "Outer", "Startup Cost": 0.0, "Total Cost": 42499.73, "Plan Rows": 2609128, "Plan Width": 8, "Actual Min Startup Time": 0.06, "Actual Max Startup Time": 2.243, "Actual Min Total Time": 254.783, "Actual Max Total Time": 365.681, "Plans": [{"Node Type": "Seq Scan", "Parent Relationship": "Outer", "Relation Name": "movie_companies", "Alias": "mc", "Startup Cost": 0.0, "Total Cost": 17613.58, "Plan Rows": 2609128, "Plan Width": 8, "Actual Min Startup Time": 0.023, "Actual Max Startup Time": 0.049, "Actual Min Total Time": 43.422, "Actual Max Total Time": 52.474, "Actual Rows": 2609128}], "Actual Rows": 2609128}, {"Node Type": "Hash", "Parent Relationship": "Inner", "Startup Cost": 24444.99, "Total Cost": 24444.99, "Plan Rows": 85170, "Plan Width": 4, "Actual Min Startup Time": 168.875, "Actual Max Startup Time": 358.016, "Actual Min Total Time": 168.875, "Actual Max Total Time": 358.016, "Max Hash Buckets": 32768, "Min Hash Buckets": 32768, "Max Hash Batches": 1, "Min Hash Batches": 1, "Max Original Hash Batches": 1, "Min Original Hash Batches": 1, "Max Peak Memory Usage": 182, "min Peak Memory Usage": 182, "Plans": [{"Node Type": "Streaming(type: LOCAL REDISTRIBUTE dop: 16/1)", "Parent Relationship": "Outer", "Startup Cost": 0.0, "Total Cost": 24444.99, "Plan Rows": 85170, "Plan Width": 4, "Actual Min Startup Time": 0.033, "Actual Max Startup Time": 186.613, "Actual Min Total Time": 167.245, "Actual Max Total Time": 355.453, "Plans": [{"Node Type": "Seq Scan", "Parent Relationship": "Outer", "Relation Name": "company_name", "Alias": "cn", "Startup Cost": 0.0, "Total Cost": 5903.45, "Plan Rows": 85170, "Plan Width": 4, "Actual Min Startup Time": 0.037, "Actual Max Startup Time": 0.037, "Actual Min Total Time": 93.215, "Actual Max Total Time": 93.215, "Filter": "((country_code)::text = '[us]'::text)", "Rows Removed by Filter": 150153, "Actual Rows": 84843}], "Actual Rows": 84843}], "Actual Rows": 84843}], "Actual Rows": 1153797}], "Actual Rows": 1153797}], "Actual Rows": 1153797}], "Actual Rows": 285537}], "Actual Rows": 285537}, {"Node Type": "Hash", "Parent Relationship": "Inner", "Startup Cost": 34659.52, "Total Cost": 34659.52, "Plan Rows": 901342, "Plan Width": 20, "Actual Min Startup Time": 118.854, "Actual Max Startup Time": 342.13, "Actual Min Total Time": 118.854, "Actual Max Total Time": 342.13, "Max Hash Buckets": 65536, "Min Hash Buckets": 65536, "Max Hash Batches": 1, "Min Hash Batches": 1, "Max Original Hash Batches": 1, "Min Original Hash Batches": 1, "Max Peak Memory Usage": 2981, "min Peak Memory Usage": 2981, "Plans": [{"Node Type": "Streaming(type: LOCAL REDISTRIBUTE dop: 16/16)", "Parent Relationship": "Outer", "Startup Cost": 0.0, "Total Cost": 34659.52, "Plan Rows": 901342, "Plan Width": 20, "Actual Min Startup Time": 0.058, "Actual Max Startup Time": 165.557, "Actual Min Total Time": 103.429, "Actual Max Total Time": 327.015, "Plans": [{"Node Type": "Seq Scan", "Parent Relationship": "Outer", "Relation Name": "aka_name", "Alias": "an1", "Startup Cost": 0.0, "Total Cost": 16244.28, "Plan Rows": 901342, "Plan Width": 20, "Actual Min Startup Time": 0.018, "Actual Max Startup Time": 0.026, "Actual Min Total Time": 15.75, "Actual Max Total Time": 19.622, "Actual Rows": 901342}], "Actual Rows": 901342}], "Actual Rows": 901342}], "Actual Rows": 323005}], "Actual Rows": 323005}, {"Node Type": "Hash", "Parent Relationship": "Inner", "Startup Cost": 43334.25, "Total Cost": 43334.25, "Plan Rows": 2528311, "Plan Width": 21, "Actual Min Startup Time": 330.588, "Actual Max Startup Time": 540.426, "Actual Min Total Time": 330.588, "Actual Max Total Time": 540.426, "Max Hash Buckets": 262144, "Min Hash Buckets": 262144, "Max Hash Batches": 1, "Min Hash Batches": 1, "Max Original Hash Batches": 1, "Min Original Hash Batches": 1, "Max Peak Memory Usage": 8518, "min Peak Memory Usage": 8518, "Plans": [{"Node Type": "Streaming(type: LOCAL REDISTRIBUTE dop: 16/16)", "Parent Relationship": "Outer", "Startup Cost": 0.0, "Total Cost": 43334.25, "Plan Rows": 2528311, "Plan Width": 21, "Actual Min Startup Time": 0.049, "Actual Max Startup Time": 194.693, "Actual Min Total Time": 259.785, "Actual Max Total Time": 494.167, "Plans": [{"Node Type": "Seq Scan", "Parent Relationship": "Outer", "Relation Name": "title", "Alias": "t", "Startup Cost": 0.0, "Total Cost": 18754.32, "Plan Rows": 2528311, "Plan Width": 21, "Actual Min Startup Time": 0.019, "Actual Max Startup Time": 0.04, "Actual Min Total Time": 47.696, "Actual Max Total Time": 56.316, "Actual Rows": 2528311}], "Actual Rows": 2528311}], "Actual Rows": 2528311}], "Actual Rows": 323005}], "Actual Rows": 323005}, {"Node Type": "Hash", "Parent Relationship": "Inner", "Startup Cost": 51607.87, "Total Cost": 51607.87, "Plan Rows": 4167490, "Plan Width": 4, "Actual Min Startup Time": 546.739, "Actual Max Startup Time": 687.169, "Actual Min Total Time": 546.739, "Actual Max Total Time": 687.169, "Max Hash Buckets": 262144, "Min Hash Buckets": 262144, "Max Hash Batches": 1, "Min Hash Batches": 1, "Max Original Hash Batches": 1, "Min Original Hash Batches": 1, "Max Peak Memory Usage": 9174, "min Peak Memory Usage": 9174, "Plans": [{"Node Type": "Streaming(type: LOCAL REDISTRIBUTE dop: 16/16)", "Parent Relationship": "Outer", "Startup Cost": 0.0, "Total Cost": 51607.87, "Plan Rows": 4167490, "Plan Width": 4, "Actual Min Startup Time": 0.052, "Actual Max Startup Time": 0.104, "Actual Min Total Time": 442.726, "Actual Max Total Time": 581.985, "Plans": [{"Node Type": "Index Only Scan", "Parent Relationship": "Outer", "Scan Direction": "Forward", "Index Name": "name_pkey", "Relation Name": "name", "Alias": "n1", "Startup Cost": 0.0, "Total Cost": 20816.99, "Plan Rows": 4167490, "Plan Width": 4, "Actual Min Startup Time": 0.094, "Actual Max Startup Time": 103.049, "Actual Min Total Time": 65.404, "Actual Max Total Time": 167.694, "Heap Fetches": 0, "Actual Rows": 4167490}], "Actual Rows": 4167490}], "Actual Rows": 4167490}], "Actual Rows": 323005}], "Actual Rows": 16}], "Actual Rows": 16}], "Actual Rows": 1}, "Triggers": [], "Planner Runtime": 205.742, "Total Runtime": 1527.056, "Unique SQL Id": 2457761703}}, "(16, '97')": {"explain_plan": {"Plan": {"Node Type": "Aggregate", "Strategy": "Plain", "Startup Cost": 1388959.01, "Total Cost": 1388959.04, "Plan Rows": 1, "Plan Width": 97, "Plans": [{"Node Type": "Streaming(type: LOCAL GATHER dop: 1/16)", "Parent Relationship": "Outer", "Startup Cost": 1388959.01, "Total Cost": 1388959.04, "Plan Rows": 1, "Plan Width": 97, "Plans": [{"Node Type": "Aggregate", "Strategy": "Plain", "Parent Relationship": "Outer", "Startup Cost": 1388959.01, "Total Cost": 1388959.02, "Plan Rows": 1, "Plan Width": 97, "Plans": [{"Node Type": "Hash Join", "Parent Relationship": "Outer", "Join Type": "Inner", "Startup Cost": 269229.27, "Total Cost": 1387173.52, "Plan Rows": 357098, "Plan Width": 33, "Inner Unique": true, "Hash Cond": "(ci.movie_id = t.id), (LLVM Optimized)", "Plans": [{"Node Type": "Streaming(type: LOCAL REDISTRIBUTE dop: 16/16)", "Parent Relationship": "Outer", "Startup Cost": 235754.65, "Total Cost": 1353391.95, "Plan Rows": 357379, "Plan Width": 24, "Plans": [{"Node Type": "Hash Join", "Parent Relationship": "Outer", "Join Type": "Inner", "Startup Cost": 235754.65, "Total Cost": 1337037.82, "Plan Rows": 357379, "Plan Width": 24, "Inner Unique": false, "Hash Cond": "(ci.movie_id = mc.movie_id), (LLVM Optimized)", "Plans": [{"Node Type": "Streaming(type: LOCAL REDISTRIBUTE dop: 16/16)", "Parent Relationship": "Outer", "Startup Cost": 160993.45, "Total Cost": 1260878.52, "Plan Rows": 1484588, "Plan Width": 20, "Plans": [{"Node Type": "Hash Join", "Parent Relationship": "Outer", "Join Type": "Inner", "Startup Cost": 160993.45, "Total Cost": 1240253.33, "Plan Rows": 1484588, "Plan Width": 20, "Inner Unique": true, "Hash Cond": "(an1.person_id = n1.id), (LLVM Optimized)", "Plans": [{"Node Type": "Streaming(type: LOCAL REDISTRIBUTE dop: 16/16)", "Parent Relationship": "Outer", "Startup Cost": 104737.34, "Total Cost": 1182721.4, "Plan Rows": 1484588, "Plan Width": 28, "Plans": [{"Node Type": "Hash Join", "Parent Relationship": "Outer", "Join Type": "Inner", "Startup Cost": 104737.34, "Total Cost": 1162096.2, "Plan Rows": 1484588, "Plan Width": 28, "Inner Unique": false, "Hash Cond": "(ci.person_id = an1.person_id), (LLVM Optimized)", "Plans": [{"Node Type": "Streaming(type: LOCAL REDISTRIBUTE dop: 16/16)", "Parent Relationship": "Outer", "Startup Cost": 15012.82, "Total Cost": 1066844.59, "Plan Rows": 3296318, "Plan Width": 8, "Plans": [{"Node Type": "Hash Join", "Parent Relationship": "Outer", "Join Type": "Inner", "Startup Cost": 15012.82, "Total Cost": 1039354.63, "Plan Rows": 3296318, "Plan Width": 8, "Inner Unique": true, "Hash Cond": "(ci.role_id = rt.id), (LLVM Optimized)", "Plans": [{"Node Type": "Index Scan", "Parent Relationship": "Outer", "Scan Direction": "Forward", "Index Name": "role_id_cast_info", "Relation Name": "cast_info", "Alias": "ci", "Startup Cost": 0.0, "Total Cost": 1016601.9, "Plan Rows": 36259494, "Plan Width": 12}, {"Node Type": "Hash", "Parent Relationship": "Inner", "Startup Cost": 15012.81, "Total Cost": 15012.81, "Plan Rows": 16, "Plan Width": 4, "Plans": [{"Node Type": "Streaming(type: BROADCAST dop: 16/1)", "Parent Relationship": "Outer", "Startup Cost": 0.0, "Total Cost": 15012.81, "Plan Rows": 16, "Plan Width": 4, "Plans": [{"Node Type": "Index Scan", "Parent Relationship": "Outer", "Scan Direction": "Forward", "Index Name": "role_type_pkey", "Relation Name": "role_type", "Alias": "rt", "Startup Cost": 0.0, "Total Cost": 12.46, "Plan Rows": 1, "Plan Width": 4, "Filter": "((role)::text = 'costume designer'::text)"}]}]}]}]}, {"Node Type": "Hash", "Parent Relationship": "Inner", "Startup Cost": 89020.35, "Total Cost": 89020.35, "Plan Rows": 901342, "Plan Width": 20, "Plans": [{"Node Type": "Streaming(type: LOCAL REDISTRIBUTE dop: 16/1)", "Parent Relationship": "Outer", "Startup Cost": 16632.3, "Total Cost": 89020.35, "Plan Rows": 901342, "Plan Width": 20, "Plans": [{"Node Type": "Bitmap Heap Scan", "Parent Relationship": "Outer", "Relation Name": "aka_name", "Alias": "an1", "Startup Cost": 16632.3, "Total Cost": 36540.72, "Plan Rows": 901342, "Plan Width": 20, "Plans": [{"Node Type": "Bitmap Index Scan", "Parent Relationship": "Outer", "Index Name": "person_id_aka_name", "Startup Cost": 0.0, "Total Cost": 16406.96, "Plan Rows": 901342, "Plan Width": 0}]}]}]}]}]}, {"Node Type": "Hash", "Parent Relationship": "Inner", "Startup Cost": 131553.26, "Total Cost": 131553.26, "Plan Rows": 4167490, "Plan Width": 4, "Plans": [{"Node Type": "Streaming(type: LOCAL REDISTRIBUTE dop: 16/16)", "Parent Relationship": "Outer", "Startup Cost": 0.0, "Total Cost": 131553.26, "Plan Rows": 4167490, "Plan Width": 4, "Plans": [{"Node Type": "Index Only Scan", "Parent Relationship": "Outer", "Scan Direction": "Forward", "Index Name": "name_pkey", "Relation Name": "name", "Alias": "n1", "Startup Cost": 0.0, "Total Cost": 100762.38, "Plan Rows": 4167490, "Plan Width": 4}]}]}]}]}, {"Node Type": "Hash", "Parent Relationship": "Inner", "Startup Cost": 194504.49, "Total Cost": 194504.49, "Plan Rows": 1282311, "Plan Width": 4, "Plans": [{"Node Type": "Streaming(type: LOCAL REDISTRIBUTE dop: 16/1)", "Parent Relationship": "Outer", "Startup Cost": 61758.77, "Total Cost": 194504.49, "Plan Rows": 1282311, "Plan Width": 4, "Plans": [{"Node Type": "Hash Join", "Parent Relationship": "Outer", "Join Type": "Inner", "Startup Cost": 61758.77, "Total Cost": 126183.39, "Plan Rows": 1282311, "Plan Width": 4, "Inner Unique": true, "Hash Cond": "(mc.company_id = cn.id), (LLVM Optimized)", "Plans": [{"Node Type": "Bitmap Heap Scan", "Parent Relationship": "Outer", "Relation Name": "movie_companies", "Alias": "mc", "Startup Cost": 51990.17, "Total Cost": 93807.45, "Plan Rows": 2609128, "Plan Width": 8, "Plans": [{"Node Type": "Bitmap Index Scan", "Parent Relationship": "Outer", "Index Name": "movie_id_movie_companies", "Startup Cost": 0.0, "Total Cost": 51337.89, "Plan Rows": 2609128, "Plan Width": 0}]}, {"Node Type": "Hash", "Parent Relationship": "Inner", "Startup Cost": 8703.97, "Total Cost": 8703.97, "Plan Rows": 85170, "Plan Width": 4, "Plans": [{"Node Type": "Bitmap Heap Scan", "Parent Relationship": "Outer", "Relation Name": "company_name", "Alias": "cn", "Startup Cost": 2800.52, "Total Cost": 8703.97, "Plan Rows": 85170, "Plan Width": 4, "Filter": "((country_code)::text = '[us]'::text)", "Plans": [{"Node Type": "Bitmap Index Scan", "Parent Relationship": "Outer", "Index Name": "company_name_pkey", "Startup Cost": 0.0, "Total Cost": 2779.23, "Plan Rows": 234996, "Plan Width": 0}]}]}]}]}]}]}]}, {"Node Type": "Hash", "Parent Relationship": "Inner", "Startup Cost": 125997.5, "Total Cost": 125997.5, "Plan Rows": 2528311, "Plan Width": 21, "Plans": [{"Node Type": "Streaming(type: LOCAL REDISTRIBUTE dop: 16/16)", "Parent Relationship": "Outer", "Startup Cost": 0.0, "Total Cost": 125997.5, "Plan Rows": 2528311, "Plan Width": 21, "Plans": [{"Node Type": "Index Scan", "Parent Relationship": "Outer", "Scan Direction": "Forward", "Index Name": "title_pkey", "Relation Name": "title", "Alias": "t", "Startup Cost": 0.0, "Total Cost": 101417.57, "Plan Rows": 2528311, "Plan Width": 21}]}]}]}]}]}]}, "Unique SQL Id": 2457761703, "Planner Runtime": 166}, "explain_analyze_plan": null}, "(16, '98')": {"explain_plan": {"Plan": {"Node Type": "Aggregate", "Strategy": "Plain", "Startup Cost": 287566.27, "Total Cost": 287566.3, "Plan Rows": 1, "Plan Width": 97, "Plans": [{"Node Type": "Streaming(type: LOCAL GATHER dop: 1/16)", "Parent Relationship": "Outer", "Startup Cost": 287566.27, "Total Cost": 287566.3, "Plan Rows": 1, "Plan Width": 97, "Plans": [{"Node Type": "Aggregate", "Strategy": "Plain", "Parent Relationship": "Outer", "Startup Cost": 287566.27, "Total Cost": 287566.28, "Plan Rows": 1, "Plan Width": 97, "Plans": [{"Node Type": "Hash Join", "Parent Relationship": "Outer", "Join Type": "Inner", "Startup Cost": 142621.96, "Total Cost": 285780.78, "Plan Rows": 357098, "Plan Width": 33, "Inner Unique": true, "Hash Cond": "(an1.person_id = n1.id), (LLVM Optimized)", "Plans": [{"Node Type": "Streaming(type: LOCAL REDISTRIBUTE dop: 16/16)", "Parent Relationship": "Outer", "Startup Cost": 126464.14, "Total Cost": 269316.07, "Plan Rows": 357098, "Plan Width": 41, "Plans": [{"Node Type": "Hash Join", "Parent Relationship": "Outer", "Join Type": "Inner", "Startup Cost": 126464.14, "Total Cost": 252963.01, "Plan Rows": 357098, "Plan Width": 41, "Inner Unique": true, "Hash Cond": "(ci.movie_id = t.id), (LLVM Optimized)", "Plans": [{"Node Type": "Streaming(type: LOCAL REDISTRIBUTE dop: 16/16)", "Parent Relationship": "Outer", "Startup Cost": 113655.34, "Total Cost": 239847.25, "Plan Rows": 357379, "Plan Width": 32, "Plans": [{"Node Type": "Hash Join", "Parent Relationship": "Outer", "Join Type": "Inner", "Startup Cost": 113655.34, "Total Cost": 223493.12, "Plan Rows": 357379, "Plan Width": 32, "Inner Unique": false, "Hash Cond": "(ci.person_id = an1.person_id), (LLVM Optimized)", "Plans": [{"Node Type": "Streaming(type: LOCAL REDISTRIBUTE dop: 16/16)", "Parent Relationship": "Outer", "Startup Cost": 104286.28, "Total Cost": 212931.86, "Plan Rows": 711018, "Plan Width": 12, "Plans": [{"Node Type": "Hash Join", "Parent Relationship": "Outer", "Join Type": "Inner", "Startup Cost": 104286.28, "Total Cost": 195237.77, "Plan Rows": 711018, "Plan Width": 12, "Inner Unique": false, "Hash Cond": "(ci.movie_id = mc.movie_id), (LLVM Optimized)", "Plans": [{"Node Type": "Streaming(type: LOCAL REDISTRIBUTE dop: 16/16)", "Parent Relationship": "Outer", "Startup Cost": 15001.51, "Total Cost": 102848.74, "Plan Rows": 3296318, "Plan Width": 8, "Plans": [{"Node Type": "Hash Join", "Parent Relationship": "Outer", "Join Type": "Inner", "Startup Cost": 15001.51, "Total Cost": 75358.79, "Plan Rows": 3296318, "Plan Width": 8, "Inner Unique": true, "Hash Cond": "(ci.role_id = rt.id), (LLVM Optimized)", "Plans": [{"Node Type": "Seq Scan", "Parent Relationship": "Outer", "Relation Name": "cast_info", "Alias": "ci", "Startup Cost": 0.0, "Total Cost": 52617.37, "Plan Rows": 36259494, "Plan Width": 12}, {"Node Type": "Hash", "Parent Relationship": "Inner", "Startup Cost": 15001.5, "Total Cost": 15001.5, "Plan Rows": 16, "Plan Width": 4, "Plans": [{"Node Type": "Streaming(type: BROADCAST dop: 16/1)", "Parent Relationship": "Outer", "Startup Cost": 0.0, "Total Cost": 15001.5, "Plan Rows": 16, "Plan Width": 4, "Plans": [{"Node Type": "Seq Scan", "Parent Relationship": "Outer", "Relation Name": "role_type", "Alias": "rt", "Startup Cost": 0.0, "Total Cost": 1.15, "Plan Rows": 1, "Plan Width": 4, "Filter": "((role)::text = 'costume designer'::text)"}]}]}]}]}, {"Node Type": "Hash", "Parent Relationship": "Inner", "Startup Cost": 88282.97, "Total Cost": 88282.97, "Plan Rows": 1282311, "Plan Width": 4, "Plans": [{"Node Type": "Streaming(type: LOCAL REDISTRIBUTE dop: 16/16)", "Parent Relationship": "Outer", "Startup Cost": 24511.53, "Total Cost": 88282.97, "Plan Rows": 1282311, "Plan Width": 4, "Plans": [{"Node Type": "Hash Join", "Parent Relationship": "Outer", "Join Type": "Inner", "Startup Cost": 24511.53, "Total Cost": 68424.21, "Plan Rows": 1282311, "Plan Width": 4, "Inner Unique": true, "Hash Cond": "(mc.company_id = cn.id), (LLVM Optimized)", "Plans": [{"Node Type": "Streaming(type: LOCAL REDISTRIBUTE dop: 16/16)", "Parent Relationship": "Outer", "Startup Cost": 0.0, "Total Cost": 42499.73, "Plan Rows": 2609128, "Plan Width": 8, "Plans": [{"Node Type": "Seq Scan", "Parent Relationship": "Outer", "Relation Name": "movie_companies", "Alias": "mc", "Startup Cost": 0.0, "Total Cost": 17613.58, "Plan Rows": 2609128, "Plan Width": 8}]}, {"Node Type": "Hash", "Parent Relationship": "Inner", "Startup Cost": 24444.99, "Total Cost": 24444.99, "Plan Rows": 85170, "Plan Width": 4, "Plans": [{"Node Type": "Streaming(type: LOCAL REDISTRIBUTE dop: 16/1)", "Parent Relationship": "Outer", "Startup Cost": 0.0, "Total Cost": 24444.99, "Plan Rows": 85170, "Plan Width": 4, "Plans": [{"Node Type": "Seq Scan", "Parent Relationship": "Outer", "Relation Name": "company_name", "Alias": "cn", "Startup Cost": 0.0, "Total Cost": 5903.45, "Plan Rows": 85170, "Plan Width": 4, "Filter": "((country_code)::text = '[us]'::text)"}]}]}]}]}]}]}]}, {"Node Type": "Hash", "Parent Relationship": "Inner", "Startup Cost": 34659.52, "Total Cost": 34659.52, "Plan Rows": 901342, "Plan Width": 20, "Plans": [{"Node Type": "Streaming(type: LOCAL REDISTRIBUTE dop: 16/16)", "Parent Relationship": "Outer", "Startup Cost": 0.0, "Total Cost": 34659.52, "Plan Rows": 901342, "Plan Width": 20, "Plans": [{"Node Type": "Seq Scan", "Parent Relationship": "Outer", "Relation Name": "aka_name", "Alias": "an1", "Startup Cost": 0.0, "Total Cost": 16244.28, "Plan Rows": 901342, "Plan Width": 20}]}]}]}]}, {"Node Type": "Hash", "Parent Relationship": "Inner", "Startup Cost": 43334.25, "Total Cost": 43334.25, "Plan Rows": 2528311, "Plan Width": 21, "Plans": [{"Node Type": "Streaming(type: LOCAL REDISTRIBUTE dop: 16/16)", "Parent Relationship": "Outer", "Startup Cost": 0.0, "Total Cost": 43334.25, "Plan Rows": 2528311, "Plan Width": 21, "Plans": [{"Node Type": "Seq Scan", "Parent Relationship": "Outer", "Relation Name": "title", "Alias": "t", "Startup Cost": 0.0, "Total Cost": 18754.32, "Plan Rows": 2528311, "Plan Width": 21}]}]}]}]}, {"Node Type": "Hash", "Parent Relationship": "Inner", "Startup Cost": 51607.87, "Total Cost": 51607.87, "Plan Rows": 4167490, "Plan Width": 4, "Plans": [{"Node Type": "Streaming(type: LOCAL REDISTRIBUTE dop: 16/16)", "Parent Relationship": "Outer", "Startup Cost": 0.0, "Total Cost": 51607.87, "Plan Rows": 4167490, "Plan Width": 4, "Plans": [{"Node Type": "Seq Scan", "Parent Relationship": "Outer", "Relation Name": "name", "Alias": "n1", "Startup Cost": 0.0, "Total Cost": 20816.99, "Plan Rows": 4167490, "Plan Width": 4}]}]}]}]}]}]}, "Unique SQL Id": 2457761703, "Planner Runtime": 178}, "explain_analyze_plan": {"Plan": {"Node Type": "Aggregate", "Strategy": "Plain", "Startup Cost": 287566.27, "Total Cost": 287566.3, "Plan Rows": 1, "Plan Width": 97, "Actual Min Startup Time": 1429.474, "Actual Max Startup Time": 1429.474, "Actual Min Total Time": 1429.474, "Actual Max Total Time": 1429.474, "Plans": [{"Node Type": "Streaming(type: LOCAL GATHER dop: 1/16)", "Parent Relationship": "Outer", "Startup Cost": 287566.27, "Total Cost": 287566.3, "Plan Rows": 1, "Plan Width": 97, "Actual Min Startup Time": 1428.475, "Actual Max Startup Time": 1428.475, "Actual Min Total Time": 1429.447, "Actual Max Total Time": 1429.447, "Plans": [{"Node Type": "Aggregate", "Strategy": "Plain", "Parent Relationship": "Outer", "Startup Cost": 287566.27, "Total Cost": 287566.28, "Plan Rows": 1, "Plan Width": 97, "Actual Min Startup Time": 1046.427, "Actual Max Startup Time": 1225.524, "Actual Min Total Time": 1046.427, "Actual Max Total Time": 1225.525, "Plans": [{"Node Type": "Hash Join", "Parent Relationship": "Outer", "Join Type": "Inner", "Startup Cost": 142621.96, "Total Cost": 285780.78, "Plan Rows": 357098, "Plan Width": 33, "Actual Min Startup Time": 657.95, "Actual Max Startup Time": 846.411, "Actual Min Total Time": 1031.721, "Actual Max Total Time": 1217.172, "Inner Unique": true, "Hash Cond": "(an1.person_id = n1.id), (LLVM Optimized, Jit Execute)", "Plans": [{"Node Type": "Streaming(type: LOCAL REDISTRIBUTE dop: 16/16)", "Parent Relationship": "Outer", "Startup Cost": 126464.14, "Total Cost": 269316.07, "Plan Rows": 357098, "Plan Width": 41, "Actual Min Startup Time": 138.252, "Actual Max Startup Time": 161.278, "Actual Min Total Time": 500.465, "Actual Max Total Time": 521.157, "Plans": [{"Node Type": "Hash Join", "Parent Relationship": "Outer", "Join Type": "Inner", "Startup Cost": 126464.14, "Total Cost": 252963.01, "Plan Rows": 357098, "Plan Width": 41, "Actual Min Startup Time": 650.282, "Actual Max Startup Time": 827.406, "Actual Min Total Time": 1018.2, "Actual Max Total Time": 1197.69, "Inner Unique": true, "Hash Cond": "(ci.movie_id = t.id), (LLVM Optimized, Jit Execute)", "Plans": [{"Node Type": "Streaming(type: LOCAL REDISTRIBUTE dop: 16/16)", "Parent Relationship": "Outer", "Startup Cost": 113655.34, "Total Cost": 239847.25, "Plan Rows": 357379, "Plan Width": 32, "Actual Min Startup Time": 284.581, "Actual Max Startup Time": 292.563, "Actual Min Total Time": 643.034, "Actual Max Total Time": 653.83, "Plans": [{"Node Type": "Hash Join", "Parent Relationship": "Outer", "Join Type": "Inner", "Startup Cost": 113655.34, "Total Cost": 223493.12, "Plan Rows": 357379, "Plan Width": 32, "Actual Min Startup Time": 656.508, "Actual Max Startup Time": 864.813, "Actual Min Total Time": 976.219, "Actual Max Total Time": 1211.51, "Inner Unique": false, "Hash Cond": "(ci.person_id = an1.person_id), (LLVM Optimized, Jit Execute)", "Plans": [{"Node Type": "Streaming(type: LOCAL REDISTRIBUTE dop: 16/16)", "Parent Relationship": "Outer", "Startup Cost": 104286.28, "Total Cost": 212931.86, "Plan Rows": 711018, "Plan Width": 12, "Actual Min Startup Time": 516.593, "Actual Max Startup Time": 530.476, "Actual Min Total Time": 825.032, "Actual Max Total Time": 876.688, "Plans": [{"Node Type": "Hash Join", "Parent Relationship": "Outer", "Join Type": "Inner", "Startup Cost": 104286.28, "Total Cost": 195237.77, "Plan Rows": 711018, "Plan Width": 12, "Actual Min Startup Time": 655.48, "Actual Max Startup Time": 884.626, "Actual Min Total Time": 967.321, "Actual Max Total Time": 1196.253, "Inner Unique": false, "Hash Cond": "(ci.movie_id = mc.movie_id), (LLVM Optimized, Jit Execute)", "Plans": [{"Node Type": "Streaming(type: LOCAL REDISTRIBUTE dop: 16/16)", "Parent Relationship": "Outer", "Startup Cost": 15001.51, "Total Cost": 102848.74, "Plan Rows": 3296318, "Plan Width": 8, "Actual Min Startup Time": 0.062, "Actual Max Startup Time": 0.846, "Actual Min Total Time": 293.775, "Actual Max Total Time": 312.773, "Plans": [{"Node Type": "Hash Join", "Parent Relationship": "Outer", "Join Type": "Inner", "Startup Cost": 15001.51, "Total Cost": 75358.79, "Plan Rows": 3296318, "Plan Width": 8, "Actual Min Startup Time": 729.862, "Actual Max Startup Time": 782.989, "Actual Min Total Time": 934.617, "Actual Max Total Time": 992.529, "Inner Unique": true, "Hash Cond": "(ci.role_id = rt.id), (LLVM Optimized, Jit Execute)", "Plans": [{"Node Type": "Seq Scan", "Parent Relationship": "Outer", "Relation Name": "cast_info", "Alias": "ci", "Startup Cost": 0.0, "Total Cost": 52617.37, "Plan Rows": 36259494, "Plan Width": 12, "Actual Min Startup Time": 0.029, "Actual Max Startup Time": 0.042, "Actual Min Total Time": 515.441, "Actual Max Total Time": 569.135, "Actual Rows": 36244343}, {"Node Type": "Hash", "Parent Relationship": "Inner", "Startup Cost": 15001.5, "Total Cost": 15001.5, "Plan Rows": 16, "Plan Width": 4, "Actual Min Startup Time": 0.012, "Actual Max Startup Time": 11.903, "Actual Min Total Time": 0.012, "Actual Max Total Time": 11.903, "Max Hash Buckets": 32768, "Min Hash Buckets": 32768, "Max Hash Batches": 1, "Min Hash Batches": 1, "Max Original Hash Batches": 1, "Min Original Hash Batches": 1, "Max Peak Memory Usage": 1, "min Peak Memory Usage": 1, "Plans": [{"Node Type": "Streaming(type: BROADCAST dop: 16/1)", "Parent Relationship": "Outer", "Startup Cost": 0.0, "Total Cost": 15001.5, "Plan Rows": 16, "Plan Width": 4, "Actual Min Startup Time": 0.004, "Actual Max Startup Time": 11.888, "Actual Min Total Time": 0.004, "Actual Max Total Time": 11.889, "Plans": [{"Node Type": "Seq Scan", "Parent Relationship": "Outer", "Relation Name": "role_type", "Alias": "rt", "Startup Cost": 0.0, "Total Cost": 1.15, "Plan Rows": 1, "Plan Width": 4, "Actual Min Startup Time": 0.025, "Actual Max Startup Time": 0.025, "Actual Min Total Time": 0.027, "Actual Max Total Time": 0.027, "Filter": "((role)::text = 'costume designer'::text)", "Rows Removed by Filter": 11, "Actual Rows": 1}], "Actual Rows": 16}], "Actual Rows": 16}], "Actual Rows": 276403}], "Actual Rows": 276403}, {"Node Type": "Hash", "Parent Relationship": "Inner", "Startup Cost": 88282.97, "Total Cost": 88282.97, "Plan Rows": 1282311, "Plan Width": 4, "Actual Min Startup Time": 655.204, "Actual Max Startup Time": 884.113, "Actual Min Total Time": 655.204, "Actual Max Total Time": 884.113, "Max Hash Buckets": 131072, "Min Hash Buckets": 131072, "Max Hash Batches": 1, "Min Hash Batches": 1, "Max Original Hash Batches": 1, "Min Original Hash Batches": 1, "Max Peak Memory Usage": 2542, "min Peak Memory Usage": 2542, "Plans": [{"Node Type": "Streaming(type: LOCAL REDISTRIBUTE dop: 16/16)", "Parent Relationship": "Outer", "Startup Cost": 24511.53, "Total Cost": 88282.97, "Plan Rows": 1282311, "Plan Width": 4, "Actual Min Startup Time": 186.112, "Actual Max Startup Time": 414.758, "Actual Min Total Time": 627.769, "Actual Max Total Time": 863.493, "Plans": [{"Node Type": "Hash Join", "Parent Relationship": "Outer", "Join Type": "Inner", "Startup Cost": 24511.53, "Total Cost": 68424.21, "Plan Rows": 1282311, "Plan Width": 4, "Actual Min Startup Time": 176.757, "Actual Max Startup Time": 400.58, "Actual Min Total Time": 517.522, "Actual Max Total Time": 794.956, "Inner Unique": true, "Hash Cond": "(mc.company_id = cn.id), (LLVM Optimized, Jit Execute)", "Plans": [{"Node Type": "Streaming(type: LOCAL REDISTRIBUTE dop: 16/16)", "Parent Relationship": "Outer", "Startup Cost": 0.0, "Total Cost": 42499.73, "Plan Rows": 2609128, "Plan Width": 8, "Actual Min Startup Time": 0.062, "Actual Max Startup Time": 1.791, "Actual Min Total Time": 265.249, "Actual Max Total Time": 357.061, "Plans": [{"Node Type": "Seq Scan", "Parent Relationship": "Outer", "Relation Name": "movie_companies", "Alias": "mc", "Startup Cost": 0.0, "Total Cost": 17613.58, "Plan Rows": 2609128, "Plan Width": 8, "Actual Min Startup Time": 0.026, "Actual Max Startup Time": 0.044, "Actual Min Total Time": 42.83, "Actual Max Total Time": 51.451, "Actual Rows": 2609128}], "Actual Rows": 2609128}, {"Node Type": "Hash", "Parent Relationship": "Inner", "Startup Cost": 24444.99, "Total Cost": 24444.99, "Plan Rows": 85170, "Plan Width": 4, "Actual Min Startup Time": 176.63, "Actual Max Startup Time": 399.346, "Actual Min Total Time": 176.63, "Actual Max Total Time": 399.346, "Max Hash Buckets": 32768, "Min Hash Buckets": 32768, "Max Hash Batches": 1, "Min Hash Batches": 1, "Max Original Hash Batches": 1, "Min Original Hash Batches": 1, "Max Peak Memory Usage": 182, "min Peak Memory Usage": 182, "Plans": [{"Node Type": "Streaming(type: LOCAL REDISTRIBUTE dop: 16/1)", "Parent Relationship": "Outer", "Startup Cost": 0.0, "Total Cost": 24444.99, "Plan Rows": 85170, "Plan Width": 4, "Actual Min Startup Time": 0.035, "Actual Max Startup Time": 218.603, "Actual Min Total Time": 174.868, "Actual Max Total Time": 397.632, "Plans": [{"Node Type": "Seq Scan", "Parent Relationship": "Outer", "Relation Name": "company_name", "Alias": "cn", "Startup Cost": 0.0, "Total Cost": 5903.45, "Plan Rows": 85170, "Plan Width": 4, "Actual Min Startup Time": 0.038, "Actual Max Startup Time": 0.038, "Actual Min Total Time": 94.596, "Actual Max Total Time": 94.596, "Filter": "((country_code)::text = '[us]'::text)", "Rows Removed by Filter": 150153, "Actual Rows": 84843}], "Actual Rows": 84843}], "Actual Rows": 84843}], "Actual Rows": 1153797}], "Actual Rows": 1153797}], "Actual Rows": 1153797}], "Actual Rows": 285537}], "Actual Rows": 285537}, {"Node Type": "Hash", "Parent Relationship": "Inner", "Startup Cost": 34659.52, "Total Cost": 34659.52, "Plan Rows": 901342, "Plan Width": 20, "Actual Min Startup Time": 129.879, "Actual Max Startup Time": 348.156, "Actual Min Total Time": 129.879, "Actual Max Total Time": 348.156, "Max Hash Buckets": 65536, "Min Hash Buckets": 65536, "Max Hash Batches": 1, "Min Hash Batches": 1, "Max Original Hash Batches": 1, "Min Original Hash Batches": 1, "Max Peak Memory Usage": 2981, "min Peak Memory Usage": 2981, "Plans": [{"Node Type": "Streaming(type: LOCAL REDISTRIBUTE dop: 16/16)", "Parent Relationship": "Outer", "Startup Cost": 0.0, "Total Cost": 34659.52, "Plan Rows": 901342, "Plan Width": 20, "Actual Min Startup Time": 0.048, "Actual Max Startup Time": 211.292, "Actual Min Total Time": 113.469, "Actual Max Total Time": 331.199, "Plans": [{"Node Type": "Seq Scan", "Parent Relationship": "Outer", "Relation Name": "aka_name", "Alias": "an1", "Startup Cost": 0.0, "Total Cost": 16244.28, "Plan Rows": 901342, "Plan Width": 20, "Actual Min Startup Time": 0.02, "Actual Max Startup Time": 0.037, "Actual Min Total Time": 16.899, "Actual Max Total Time": 20.777, "Actual Rows": 901342}], "Actual Rows": 901342}], "Actual Rows": 901342}], "Actual Rows": 323005}], "Actual Rows": 323005}, {"Node Type": "Hash", "Parent Relationship": "Inner", "Startup Cost": 43334.25, "Total Cost": 43334.25, "Plan Rows": 2528311, "Plan Width": 21, "Actual Min Startup Time": 361.928, "Actual Max Startup Time": 536.694, "Actual Min Total Time": 361.928, "Actual Max Total Time": 536.694, "Max Hash Buckets": 262144, "Min Hash Buckets": 262144, "Max Hash Batches": 1, "Min Hash Batches": 1, "Max Original Hash Batches": 1, "Min Original Hash Batches": 1, "Max Peak Memory Usage": 8518, "min Peak Memory Usage": 8518, "Plans": [{"Node Type": "Streaming(type: LOCAL REDISTRIBUTE dop: 16/16)", "Parent Relationship": "Outer", "Startup Cost": 0.0, "Total Cost": 43334.25, "Plan Rows": 2528311, "Plan Width": 21, "Actual Min Startup Time": 0.052, "Actual Max Startup Time": 29.929, "Actual Min Total Time": 291.244, "Actual Max Total Time": 484.112, "Plans": [{"Node Type": "Seq Scan", "Parent Relationship": "Outer", "Relation Name": "title", "Alias": "t", "Startup Cost": 0.0, "Total Cost": 18754.32, "Plan Rows": 2528311, "Plan Width": 21, "Actual Min Startup Time": 0.018, "Actual Max Startup Time": 0.034, "Actual Min Total Time": 48.948, "Actual Max Total Time": 58.428, "Actual Rows": 2528311}], "Actual Rows": 2528311}], "Actual Rows": 2528311}], "Actual Rows": 323005}], "Actual Rows": 323005}, {"Node Type": "Hash", "Parent Relationship": "Inner", "Startup Cost": 51607.87, "Total Cost": 51607.87, "Plan Rows": 4167490, "Plan Width": 4, "Actual Min Startup Time": 514.494, "Actual Max Startup Time": 693.507, "Actual Min Total Time": 514.494, "Actual Max Total Time": 693.507, "Max Hash Buckets": 262144, "Min Hash Buckets": 262144, "Max Hash Batches": 1, "Min Hash Batches": 1, "Max Original Hash Batches": 1, "Min Original Hash Batches": 1, "Max Peak Memory Usage": 9174, "min Peak Memory Usage": 9174, "Plans": [{"Node Type": "Streaming(type: LOCAL REDISTRIBUTE dop: 16/16)", "Parent Relationship": "Outer", "Startup Cost": 0.0, "Total Cost": 51607.87, "Plan Rows": 4167490, "Plan Width": 4, "Actual Min Startup Time": 0.053, "Actual Max Startup Time": 140.533, "Actual Min Total Time": 409.113, "Actual Max Total Time": 612.992, "Plans": [{"Node Type": "Seq Scan", "Parent Relationship": "Outer", "Relation Name": "name", "Alias": "n1", "Startup Cost": 0.0, "Total Cost": 20816.99, "Plan Rows": 4167490, "Plan Width": 4, "Actual Min Startup Time": 0.017, "Actual Max Startup Time": 0.034, "Actual Min Total Time": 74.859, "Actual Max Total Time": 86.06, "Actual Rows": 4167490}], "Actual Rows": 4167490}], "Actual Rows": 4167490}], "Actual Rows": 323005}], "Actual Rows": 16}], "Actual Rows": 16}], "Actual Rows": 1}, "Triggers": [], "Planner Runtime": 195.615, "Total Runtime": 1475.961, "Unique SQL Id": 2457761703}}, "(16, '99')": {"explain_plan": {"Plan": {"Node Type": "Aggregate", "Strategy": "Plain", "Startup Cost": 1013578.73, "Total Cost": 1013578.74, "Plan Rows": 1, "Plan Width": 97, "Plans": [{"Node Type": "Hash Join", "Parent Relationship": "Outer", "Join Type": "Inner", "Startup Cost": 985285.55, "Total Cost": 1011793.24, "Plan Rows": 357098, "Plan Width": 33, "Inner Unique": false, "Hash Cond": "(an1.person_id = n1.id), (LLVM Optimized)", "Plans": [{"Node Type": "Bitmap Heap Scan", "Parent Relationship": "Outer", "Relation Name": "aka_name", "Alias": "an1", "Startup Cost": 16632.3, "Total Cost": 36540.72, "Plan Rows": 901342, "Plan Width": 20, "Plans": [{"Node Type": "Bitmap Index Scan", "Parent Relationship": "Outer", "Index Name": "person_id_aka_name", "Startup Cost": 0.0, "Total Cost": 16406.96, "Plan Rows": 901342, "Plan Width": 0}]}, {"Node Type": "Hash", "Parent Relationship": "Inner", "Startup Cost": 959772.51, "Total Cost": 959772.51, "Plan Rows": 710459, "Plan Width": 25, "Plans": [{"Node Type": "Hash Join", "Parent Relationship": "Outer", "Join Type": "Inner", "Startup Cost": 607483.06, "Total Cost": 959772.51, "Plan Rows": 710459, "Plan Width": 25, "Inner Unique": true, "Hash Cond": "(ci.person_id = n1.id), (LLVM Optimized)", "Plans": [{"Node Type": "Hash Join", "Parent Relationship": "Outer", "Join Type": "Inner", "Startup Cost": 378117.96, "Total Cost": 720638.61, "Plan Rows": 710459, "Plan Width": 21, "Inner Unique": false, "Hash Cond": "(ci.movie_id = t.id), (LLVM Optimized)", "Plans": [{"Node Type": "Nested Loop", "Parent Relationship": "Outer", "Join Type": "Inner", "Startup Cost": 76315.02, "Total Cost": 389769.33, "Plan Rows": 3296318, "Plan Width": 8, "Inner Unique": false, "Plans": [{"Node Type": "Bitmap Heap Scan", "Parent Relationship": "Outer", "Relation Name": "role_type", "Alias": "rt", "Startup Cost": 8.31, "Total Cost": 12.46, "Plan Rows": 1, "Plan Width": 4, "Filter": "((role)::text = 'costume designer'::text)", "Plans": [{"Node Type": "Bitmap Index Scan", "Parent Relationship": "Outer", "Index Name": "role_type_pkey", "Startup Cost": 0.0, "Total Cost": 8.31, "Plan Rows": 12, "Plan Width": 0}]}, {"Node Type": "Bitmap Heap Scan", "Parent Relationship": "Inner", "Relation Name": "cast_info", "Alias": "ci", "Startup Cost": 76306.71, "Total Cost": 356793.69, "Plan Rows": 3296318, "Plan Width": 12, "Recheck Cond": "(role_id = rt.id), (LLVM Optimized)", "Plans": [{"Node Type": "Bitmap Index Scan", "Parent Relationship": "Outer", "Index Name": "role_id_cast_info", "Startup Cost": 0.0, "Total Cost": 75482.63, "Plan Rows": 3296318, "Plan Width": 0, "Index Cond": "(role_id = rt.id)"}]}]}, {"Node Type": "Hash", "Parent Relationship": "Inner", "Startup Cost": 285774.05, "Total Cost": 285774.05, "Plan Rows": 1282311, "Plan Width": 25, "Plans": [{"Node Type": "Hash Join", "Parent Relationship": "Outer", "Join Type": "Inner", "Startup Cost": 203717.65, "Total Cost": 285774.05, "Plan Rows": 1282311, "Plan Width": 25, "Inner Unique": true, "Hash Cond": "(mc.movie_id = t.id), (LLVM Optimized)", "Plans": [{"Node Type": "Hash Join", "Parent Relationship": "Outer", "Join Type": "Inner", "Startup Cost": 61758.77, "Total Cost": 126183.39, "Plan Rows": 1282311, "Plan Width": 4, "Inner Unique": true, "Hash Cond": "(mc.company_id = cn.id), (LLVM Optimized)", "Plans": [{"Node Type": "Bitmap Heap Scan", "Parent Relationship": "Outer", "Relation Name": "movie_companies", "Alias": "mc", "Startup Cost": 51990.17, "Total Cost": 93807.45, "Plan Rows": 2609128, "Plan Width": 8, "Plans": [{"Node Type": "Bitmap Index Scan", "Parent Relationship": "Outer", "Index Name": "movie_id_movie_companies", "Startup Cost": 0.0, "Total Cost": 51337.89, "Plan Rows": 2609128, "Plan Width": 0}]}, {"Node Type": "Hash", "Parent Relationship": "Inner", "Startup Cost": 8703.97, "Total Cost": 8703.97, "Plan Rows": 85170, "Plan Width": 4, "Plans": [{"Node Type": "Bitmap Heap Scan", "Parent Relationship": "Outer", "Relation Name": "company_name", "Alias": "cn", "Startup Cost": 2800.52, "Total Cost": 8703.97, "Plan Rows": 85170, "Plan Width": 4, "Filter": "((country_code)::text = '[us]'::text)", "Plans": [{"Node Type": "Bitmap Index Scan", "Parent Relationship": "Outer", "Index Name": "company_name_pkey", "Startup Cost": 0.0, "Total Cost": 2779.23, "Plan Rows": 234996, "Plan Width": 0}]}]}]}, {"Node Type": "Hash", "Parent Relationship": "Inner", "Startup Cost": 110354.99, "Total Cost": 110354.99, "Plan Rows": 2528311, "Plan Width": 21, "Plans": [{"Node Type": "Bitmap Heap Scan", "Parent Relationship": "Outer", "Relation Name": "title", "Alias": "t", "Startup Cost": 50285.88, "Total Cost": 110354.99, "Plan Rows": 2528311, "Plan Width": 21, "Plans": [{"Node Type": "Bitmap Index Scan", "Parent Relationship": "Outer", "Index Name": "title_pkey", "Startup Cost": 0.0, "Total Cost": 49653.81, "Plan Rows": 2528311, "Plan Width": 0}]}]}]}]}]}, {"Node Type": "Hash", "Parent Relationship": "Inner", "Startup Cost": 177271.47, "Total Cost": 177271.47, "Plan Rows": 4167490, "Plan Width": 4, "Plans": [{"Node Type": "Bitmap Heap Scan", "Parent Relationship": "Outer", "Relation Name": "name", "Alias": "n1", "Startup Cost": 84199.57, "Total Cost": 177271.47, "Plan Rows": 4167490, "Plan Width": 4, "Plans": [{"Node Type": "Bitmap Index Scan", "Parent Relationship": "Outer", "Index Name": "name_pkey", "Startup Cost": 0.0, "Total Cost": 83157.7, "Plan Rows": 4167490, "Plan Width": 0}]}]}]}]}]}]}, "Unique SQL Id": 2457761703, "Planner Runtime": 49}, "explain_analyze_plan": null}, "(16, '100')": {"explain_plan": {"Plan": {"Node Type": "Aggregate", "Strategy": "Plain", "Startup Cost": 287566.27, "Total Cost": 287566.3, "Plan Rows": 1, "Plan Width": 97, "Plans": [{"Node Type": "Streaming(type: LOCAL GATHER dop: 1/16)", "Parent Relationship": "Outer", "Startup Cost": 287566.27, "Total Cost": 287566.3, "Plan Rows": 1, "Plan Width": 97, "Plans": [{"Node Type": "Aggregate", "Strategy": "Plain", "Parent Relationship": "Outer", "Startup Cost": 287566.27, "Total Cost": 287566.28, "Plan Rows": 1, "Plan Width": 97, "Plans": [{"Node Type": "Hash Join", "Parent Relationship": "Outer", "Join Type": "Inner", "Startup Cost": 142621.96, "Total Cost": 285780.78, "Plan Rows": 357098, "Plan Width": 33, "Inner Unique": true, "Hash Cond": "(an1.person_id = n1.id), (LLVM Optimized)", "Plans": [{"Node Type": "Streaming(type: LOCAL REDISTRIBUTE dop: 16/16)", "Parent Relationship": "Outer", "Startup Cost": 126464.14, "Total Cost": 269316.07, "Plan Rows": 357098, "Plan Width": 41, "Plans": [{"Node Type": "Hash Join", "Parent Relationship": "Outer", "Join Type": "Inner", "Startup Cost": 126464.14, "Total Cost": 252963.01, "Plan Rows": 357098, "Plan Width": 41, "Inner Unique": true, "Hash Cond": "(ci.movie_id = t.id), (LLVM Optimized)", "Plans": [{"Node Type": "Streaming(type: LOCAL REDISTRIBUTE dop: 16/16)", "Parent Relationship": "Outer", "Startup Cost": 113655.34, "Total Cost": 239847.25, "Plan Rows": 357379, "Plan Width": 32, "Plans": [{"Node Type": "Hash Join", "Parent Relationship": "Outer", "Join Type": "Inner", "Startup Cost": 113655.34, "Total Cost": 223493.12, "Plan Rows": 357379, "Plan Width": 32, "Inner Unique": false, "Hash Cond": "(ci.person_id = an1.person_id), (LLVM Optimized)", "Plans": [{"Node Type": "Streaming(type: LOCAL REDISTRIBUTE dop: 16/16)", "Parent Relationship": "Outer", "Startup Cost": 104286.28, "Total Cost": 212931.86, "Plan Rows": 711018, "Plan Width": 12, "Plans": [{"Node Type": "Hash Join", "Parent Relationship": "Outer", "Join Type": "Inner", "Startup Cost": 104286.28, "Total Cost": 195237.77, "Plan Rows": 711018, "Plan Width": 12, "Inner Unique": false, "Hash Cond": "(ci.movie_id = mc.movie_id), (LLVM Optimized)", "Plans": [{"Node Type": "Streaming(type: LOCAL REDISTRIBUTE dop: 16/16)", "Parent Relationship": "Outer", "Startup Cost": 15001.51, "Total Cost": 102848.74, "Plan Rows": 3296318, "Plan Width": 8, "Plans": [{"Node Type": "Hash Join", "Parent Relationship": "Outer", "Join Type": "Inner", "Startup Cost": 15001.51, "Total Cost": 75358.79, "Plan Rows": 3296318, "Plan Width": 8, "Inner Unique": true, "Hash Cond": "(ci.role_id = rt.id), (LLVM Optimized)", "Plans": [{"Node Type": "Seq Scan", "Parent Relationship": "Outer", "Relation Name": "cast_info", "Alias": "ci", "Startup Cost": 0.0, "Total Cost": 52617.37, "Plan Rows": 36259494, "Plan Width": 12}, {"Node Type": "Hash", "Parent Relationship": "Inner", "Startup Cost": 15001.5, "Total Cost": 15001.5, "Plan Rows": 16, "Plan Width": 4, "Plans": [{"Node Type": "Streaming(type: BROADCAST dop: 16/1)", "Parent Relationship": "Outer", "Startup Cost": 0.0, "Total Cost": 15001.5, "Plan Rows": 16, "Plan Width": 4, "Plans": [{"Node Type": "Seq Scan", "Parent Relationship": "Outer", "Relation Name": "role_type", "Alias": "rt", "Startup Cost": 0.0, "Total Cost": 1.15, "Plan Rows": 1, "Plan Width": 4, "Filter": "((role)::text = 'costume designer'::text)"}]}]}]}]}, {"Node Type": "Hash", "Parent Relationship": "Inner", "Startup Cost": 88282.97, "Total Cost": 88282.97, "Plan Rows": 1282311, "Plan Width": 4, "Plans": [{"Node Type": "Streaming(type: LOCAL REDISTRIBUTE dop: 16/16)", "Parent Relationship": "Outer", "Startup Cost": 24511.53, "Total Cost": 88282.97, "Plan Rows": 1282311, "Plan Width": 4, "Plans": [{"Node Type": "Hash Join", "Parent Relationship": "Outer", "Join Type": "Inner", "Startup Cost": 24511.53, "Total Cost": 68424.21, "Plan Rows": 1282311, "Plan Width": 4, "Inner Unique": true, "Hash Cond": "(mc.company_id = cn.id), (LLVM Optimized)", "Plans": [{"Node Type": "Streaming(type: LOCAL REDISTRIBUTE dop: 16/16)", "Parent Relationship": "Outer", "Startup Cost": 0.0, "Total Cost": 42499.73, "Plan Rows": 2609128, "Plan Width": 8, "Plans": [{"Node Type": "Seq Scan", "Parent Relationship": "Outer", "Relation Name": "movie_companies", "Alias": "mc", "Startup Cost": 0.0, "Total Cost": 17613.58, "Plan Rows": 2609128, "Plan Width": 8}]}, {"Node Type": "Hash", "Parent Relationship": "Inner", "Startup Cost": 24444.99, "Total Cost": 24444.99, "Plan Rows": 85170, "Plan Width": 4, "Plans": [{"Node Type": "Streaming(type: LOCAL REDISTRIBUTE dop: 16/1)", "Parent Relationship": "Outer", "Startup Cost": 0.0, "Total Cost": 24444.99, "Plan Rows": 85170, "Plan Width": 4, "Plans": [{"Node Type": "Seq Scan", "Parent Relationship": "Outer", "Relation Name": "company_name", "Alias": "cn", "Startup Cost": 0.0, "Total Cost": 5903.45, "Plan Rows": 85170, "Plan Width": 4, "Filter": "((country_code)::text = '[us]'::text)"}]}]}]}]}]}]}]}, {"Node Type": "Hash", "Parent Relationship": "Inner", "Startup Cost": 34659.52, "Total Cost": 34659.52, "Plan Rows": 901342, "Plan Width": 20, "Plans": [{"Node Type": "Streaming(type: LOCAL REDISTRIBUTE dop: 16/16)", "Parent Relationship": "Outer", "Startup Cost": 0.0, "Total Cost": 34659.52, "Plan Rows": 901342, "Plan Width": 20, "Plans": [{"Node Type": "Seq Scan", "Parent Relationship": "Outer", "Relation Name": "aka_name", "Alias": "an1", "Startup Cost": 0.0, "Total Cost": 16244.28, "Plan Rows": 901342, "Plan Width": 20}]}]}]}]}, {"Node Type": "Hash", "Parent Relationship": "Inner", "Startup Cost": 43334.25, "Total Cost": 43334.25, "Plan Rows": 2528311, "Plan Width": 21, "Plans": [{"Node Type": "Streaming(type: LOCAL REDISTRIBUTE dop: 16/16)", "Parent Relationship": "Outer", "Startup Cost": 0.0, "Total Cost": 43334.25, "Plan Rows": 2528311, "Plan Width": 21, "Plans": [{"Node Type": "Seq Scan", "Parent Relationship": "Outer", "Relation Name": "title", "Alias": "t", "Startup Cost": 0.0, "Total Cost": 18754.32, "Plan Rows": 2528311, "Plan Width": 21}]}]}]}]}, {"Node Type": "Hash", "Parent Relationship": "Inner", "Startup Cost": 51607.87, "Total Cost": 51607.87, "Plan Rows": 4167490, "Plan Width": 4, "Plans": [{"Node Type": "Streaming(type: LOCAL REDISTRIBUTE dop: 16/16)", "Parent Relationship": "Outer", "Startup Cost": 0.0, "Total Cost": 51607.87, "Plan Rows": 4167490, "Plan Width": 4, "Plans": [{"Node Type": "Seq Scan", "Parent Relationship": "Outer", "Relation Name": "name", "Alias": "n1", "Startup Cost": 0.0, "Total Cost": 20816.99, "Plan Rows": 4167490, "Plan Width": 4}]}]}]}]}]}]}, "Unique SQL Id": 2457761703, "Planner Runtime": 189}, "explain_analyze_plan": {"Plan": {"Node Type": "Aggregate", "Strategy": "Plain", "Startup Cost": 287566.27, "Total Cost": 287566.3, "Plan Rows": 1, "Plan Width": 97, "Actual Min Startup Time": 1429.474, "Actual Max Startup Time": 1429.474, "Actual Min Total Time": 1429.474, "Actual Max Total Time": 1429.474, "Plans": [{"Node Type": "Streaming(type: LOCAL GATHER dop: 1/16)", "Parent Relationship": "Outer", "Startup Cost": 287566.27, "Total Cost": 287566.3, "Plan Rows": 1, "Plan Width": 97, "Actual Min Startup Time": 1428.475, "Actual Max Startup Time": 1428.475, "Actual Min Total Time": 1429.447, "Actual Max Total Time": 1429.447, "Plans": [{"Node Type": "Aggregate", "Strategy": "Plain", "Parent Relationship": "Outer", "Startup Cost": 287566.27, "Total Cost": 287566.28, "Plan Rows": 1, "Plan Width": 97, "Actual Min Startup Time": 1046.427, "Actual Max Startup Time": 1225.524, "Actual Min Total Time": 1046.427, "Actual Max Total Time": 1225.525, "Plans": [{"Node Type": "Hash Join", "Parent Relationship": "Outer", "Join Type": "Inner", "Startup Cost": 142621.96, "Total Cost": 285780.78, "Plan Rows": 357098, "Plan Width": 33, "Actual Min Startup Time": 657.95, "Actual Max Startup Time": 846.411, "Actual Min Total Time": 1031.721, "Actual Max Total Time": 1217.172, "Inner Unique": true, "Hash Cond": "(an1.person_id = n1.id), (LLVM Optimized, Jit Execute)", "Plans": [{"Node Type": "Streaming(type: LOCAL REDISTRIBUTE dop: 16/16)", "Parent Relationship": "Outer", "Startup Cost": 126464.14, "Total Cost": 269316.07, "Plan Rows": 357098, "Plan Width": 41, "Actual Min Startup Time": 138.252, "Actual Max Startup Time": 161.278, "Actual Min Total Time": 500.465, "Actual Max Total Time": 521.157, "Plans": [{"Node Type": "Hash Join", "Parent Relationship": "Outer", "Join Type": "Inner", "Startup Cost": 126464.14, "Total Cost": 252963.01, "Plan Rows": 357098, "Plan Width": 41, "Actual Min Startup Time": 650.282, "Actual Max Startup Time": 827.406, "Actual Min Total Time": 1018.2, "Actual Max Total Time": 1197.69, "Inner Unique": true, "Hash Cond": "(ci.movie_id = t.id), (LLVM Optimized, Jit Execute)", "Plans": [{"Node Type": "Streaming(type: LOCAL REDISTRIBUTE dop: 16/16)", "Parent Relationship": "Outer", "Startup Cost": 113655.34, "Total Cost": 239847.25, "Plan Rows": 357379, "Plan Width": 32, "Actual Min Startup Time": 284.581, "Actual Max Startup Time": 292.563, "Actual Min Total Time": 643.034, "Actual Max Total Time": 653.83, "Plans": [{"Node Type": "Hash Join", "Parent Relationship": "Outer", "Join Type": "Inner", "Startup Cost": 113655.34, "Total Cost": 223493.12, "Plan Rows": 357379, "Plan Width": 32, "Actual Min Startup Time": 656.508, "Actual Max Startup Time": 864.813, "Actual Min Total Time": 976.219, "Actual Max Total Time": 1211.51, "Inner Unique": false, "Hash Cond": "(ci.person_id = an1.person_id), (LLVM Optimized, Jit Execute)", "Plans": [{"Node Type": "Streaming(type: LOCAL REDISTRIBUTE dop: 16/16)", "Parent Relationship": "Outer", "Startup Cost": 104286.28, "Total Cost": 212931.86, "Plan Rows": 711018, "Plan Width": 12, "Actual Min Startup Time": 516.593, "Actual Max Startup Time": 530.476, "Actual Min Total Time": 825.032, "Actual Max Total Time": 876.688, "Plans": [{"Node Type": "Hash Join", "Parent Relationship": "Outer", "Join Type": "Inner", "Startup Cost": 104286.28, "Total Cost": 195237.77, "Plan Rows": 711018, "Plan Width": 12, "Actual Min Startup Time": 655.48, "Actual Max Startup Time": 884.626, "Actual Min Total Time": 967.321, "Actual Max Total Time": 1196.253, "Inner Unique": false, "Hash Cond": "(ci.movie_id = mc.movie_id), (LLVM Optimized, Jit Execute)", "Plans": [{"Node Type": "Streaming(type: LOCAL REDISTRIBUTE dop: 16/16)", "Parent Relationship": "Outer", "Startup Cost": 15001.51, "Total Cost": 102848.74, "Plan Rows": 3296318, "Plan Width": 8, "Actual Min Startup Time": 0.062, "Actual Max Startup Time": 0.846, "Actual Min Total Time": 293.775, "Actual Max Total Time": 312.773, "Plans": [{"Node Type": "Hash Join", "Parent Relationship": "Outer", "Join Type": "Inner", "Startup Cost": 15001.51, "Total Cost": 75358.79, "Plan Rows": 3296318, "Plan Width": 8, "Actual Min Startup Time": 729.862, "Actual Max Startup Time": 782.989, "Actual Min Total Time": 934.617, "Actual Max Total Time": 992.529, "Inner Unique": true, "Hash Cond": "(ci.role_id = rt.id), (LLVM Optimized, Jit Execute)", "Plans": [{"Node Type": "Seq Scan", "Parent Relationship": "Outer", "Relation Name": "cast_info", "Alias": "ci", "Startup Cost": 0.0, "Total Cost": 52617.37, "Plan Rows": 36259494, "Plan Width": 12, "Actual Min Startup Time": 0.029, "Actual Max Startup Time": 0.042, "Actual Min Total Time": 515.441, "Actual Max Total Time": 569.135, "Actual Rows": 36244343}, {"Node Type": "Hash", "Parent Relationship": "Inner", "Startup Cost": 15001.5, "Total Cost": 15001.5, "Plan Rows": 16, "Plan Width": 4, "Actual Min Startup Time": 0.012, "Actual Max Startup Time": 11.903, "Actual Min Total Time": 0.012, "Actual Max Total Time": 11.903, "Max Hash Buckets": 32768, "Min Hash Buckets": 32768, "Max Hash Batches": 1, "Min Hash Batches": 1, "Max Original Hash Batches": 1, "Min Original Hash Batches": 1, "Max Peak Memory Usage": 1, "min Peak Memory Usage": 1, "Plans": [{"Node Type": "Streaming(type: BROADCAST dop: 16/1)", "Parent Relationship": "Outer", "Startup Cost": 0.0, "Total Cost": 15001.5, "Plan Rows": 16, "Plan Width": 4, "Actual Min Startup Time": 0.004, "Actual Max Startup Time": 11.888, "Actual Min Total Time": 0.004, "Actual Max Total Time": 11.889, "Plans": [{"Node Type": "Seq Scan", "Parent Relationship": "Outer", "Relation Name": "role_type", "Alias": "rt", "Startup Cost": 0.0, "Total Cost": 1.15, "Plan Rows": 1, "Plan Width": 4, "Actual Min Startup Time": 0.025, "Actual Max Startup Time": 0.025, "Actual Min Total Time": 0.027, "Actual Max Total Time": 0.027, "Filter": "((role)::text = 'costume designer'::text)", "Rows Removed by Filter": 11, "Actual Rows": 1}], "Actual Rows": 16}], "Actual Rows": 16}], "Actual Rows": 276403}], "Actual Rows": 276403}, {"Node Type": "Hash", "Parent Relationship": "Inner", "Startup Cost": 88282.97, "Total Cost": 88282.97, "Plan Rows": 1282311, "Plan Width": 4, "Actual Min Startup Time": 655.204, "Actual Max Startup Time": 884.113, "Actual Min Total Time": 655.204, "Actual Max Total Time": 884.113, "Max Hash Buckets": 131072, "Min Hash Buckets": 131072, "Max Hash Batches": 1, "Min Hash Batches": 1, "Max Original Hash Batches": 1, "Min Original Hash Batches": 1, "Max Peak Memory Usage": 2542, "min Peak Memory Usage": 2542, "Plans": [{"Node Type": "Streaming(type: LOCAL REDISTRIBUTE dop: 16/16)", "Parent Relationship": "Outer", "Startup Cost": 24511.53, "Total Cost": 88282.97, "Plan Rows": 1282311, "Plan Width": 4, "Actual Min Startup Time": 186.112, "Actual Max Startup Time": 414.758, "Actual Min Total Time": 627.769, "Actual Max Total Time": 863.493, "Plans": [{"Node Type": "Hash Join", "Parent Relationship": "Outer", "Join Type": "Inner", "Startup Cost": 24511.53, "Total Cost": 68424.21, "Plan Rows": 1282311, "Plan Width": 4, "Actual Min Startup Time": 176.757, "Actual Max Startup Time": 400.58, "Actual Min Total Time": 517.522, "Actual Max Total Time": 794.956, "Inner Unique": true, "Hash Cond": "(mc.company_id = cn.id), (LLVM Optimized, Jit Execute)", "Plans": [{"Node Type": "Streaming(type: LOCAL REDISTRIBUTE dop: 16/16)", "Parent Relationship": "Outer", "Startup Cost": 0.0, "Total Cost": 42499.73, "Plan Rows": 2609128, "Plan Width": 8, "Actual Min Startup Time": 0.062, "Actual Max Startup Time": 1.791, "Actual Min Total Time": 265.249, "Actual Max Total Time": 357.061, "Plans": [{"Node Type": "Seq Scan", "Parent Relationship": "Outer", "Relation Name": "movie_companies", "Alias": "mc", "Startup Cost": 0.0, "Total Cost": 17613.58, "Plan Rows": 2609128, "Plan Width": 8, "Actual Min Startup Time": 0.026, "Actual Max Startup Time": 0.044, "Actual Min Total Time": 42.83, "Actual Max Total Time": 51.451, "Actual Rows": 2609128}], "Actual Rows": 2609128}, {"Node Type": "Hash", "Parent Relationship": "Inner", "Startup Cost": 24444.99, "Total Cost": 24444.99, "Plan Rows": 85170, "Plan Width": 4, "Actual Min Startup Time": 176.63, "Actual Max Startup Time": 399.346, "Actual Min Total Time": 176.63, "Actual Max Total Time": 399.346, "Max Hash Buckets": 32768, "Min Hash Buckets": 32768, "Max Hash Batches": 1, "Min Hash Batches": 1, "Max Original Hash Batches": 1, "Min Original Hash Batches": 1, "Max Peak Memory Usage": 182, "min Peak Memory Usage": 182, "Plans": [{"Node Type": "Streaming(type: LOCAL REDISTRIBUTE dop: 16/1)", "Parent Relationship": "Outer", "Startup Cost": 0.0, "Total Cost": 24444.99, "Plan Rows": 85170, "Plan Width": 4, "Actual Min Startup Time": 0.035, "Actual Max Startup Time": 218.603, "Actual Min Total Time": 174.868, "Actual Max Total Time": 397.632, "Plans": [{"Node Type": "Seq Scan", "Parent Relationship": "Outer", "Relation Name": "company_name", "Alias": "cn", "Startup Cost": 0.0, "Total Cost": 5903.45, "Plan Rows": 85170, "Plan Width": 4, "Actual Min Startup Time": 0.038, "Actual Max Startup Time": 0.038, "Actual Min Total Time": 94.596, "Actual Max Total Time": 94.596, "Filter": "((country_code)::text = '[us]'::text)", "Rows Removed by Filter": 150153, "Actual Rows": 84843}], "Actual Rows": 84843}], "Actual Rows": 84843}], "Actual Rows": 1153797}], "Actual Rows": 1153797}], "Actual Rows": 1153797}], "Actual Rows": 285537}], "Actual Rows": 285537}, {"Node Type": "Hash", "Parent Relationship": "Inner", "Startup Cost": 34659.52, "Total Cost": 34659.52, "Plan Rows": 901342, "Plan Width": 20, "Actual Min Startup Time": 129.879, "Actual Max Startup Time": 348.156, "Actual Min Total Time": 129.879, "Actual Max Total Time": 348.156, "Max Hash Buckets": 65536, "Min Hash Buckets": 65536, "Max Hash Batches": 1, "Min Hash Batches": 1, "Max Original Hash Batches": 1, "Min Original Hash Batches": 1, "Max Peak Memory Usage": 2981, "min Peak Memory Usage": 2981, "Plans": [{"Node Type": "Streaming(type: LOCAL REDISTRIBUTE dop: 16/16)", "Parent Relationship": "Outer", "Startup Cost": 0.0, "Total Cost": 34659.52, "Plan Rows": 901342, "Plan Width": 20, "Actual Min Startup Time": 0.048, "Actual Max Startup Time": 211.292, "Actual Min Total Time": 113.469, "Actual Max Total Time": 331.199, "Plans": [{"Node Type": "Seq Scan", "Parent Relationship": "Outer", "Relation Name": "aka_name", "Alias": "an1", "Startup Cost": 0.0, "Total Cost": 16244.28, "Plan Rows": 901342, "Plan Width": 20, "Actual Min Startup Time": 0.02, "Actual Max Startup Time": 0.037, "Actual Min Total Time": 16.899, "Actual Max Total Time": 20.777, "Actual Rows": 901342}], "Actual Rows": 901342}], "Actual Rows": 901342}], "Actual Rows": 323005}], "Actual Rows": 323005}, {"Node Type": "Hash", "Parent Relationship": "Inner", "Startup Cost": 43334.25, "Total Cost": 43334.25, "Plan Rows": 2528311, "Plan Width": 21, "Actual Min Startup Time": 361.928, "Actual Max Startup Time": 536.694, "Actual Min Total Time": 361.928, "Actual Max Total Time": 536.694, "Max Hash Buckets": 262144, "Min Hash Buckets": 262144, "Max Hash Batches": 1, "Min Hash Batches": 1, "Max Original Hash Batches": 1, "Min Original Hash Batches": 1, "Max Peak Memory Usage": 8518, "min Peak Memory Usage": 8518, "Plans": [{"Node Type": "Streaming(type: LOCAL REDISTRIBUTE dop: 16/16)", "Parent Relationship": "Outer", "Startup Cost": 0.0, "Total Cost": 43334.25, "Plan Rows": 2528311, "Plan Width": 21, "Actual Min Startup Time": 0.052, "Actual Max Startup Time": 29.929, "Actual Min Total Time": 291.244, "Actual Max Total Time": 484.112, "Plans": [{"Node Type": "Seq Scan", "Parent Relationship": "Outer", "Relation Name": "title", "Alias": "t", "Startup Cost": 0.0, "Total Cost": 18754.32, "Plan Rows": 2528311, "Plan Width": 21, "Actual Min Startup Time": 0.018, "Actual Max Startup Time": 0.034, "Actual Min Total Time": 48.948, "Actual Max Total Time": 58.428, "Actual Rows": 2528311}], "Actual Rows": 2528311}], "Actual Rows": 2528311}], "Actual Rows": 323005}], "Actual Rows": 323005}, {"Node Type": "Hash", "Parent Relationship": "Inner", "Startup Cost": 51607.87, "Total Cost": 51607.87, "Plan Rows": 4167490, "Plan Width": 4, "Actual Min Startup Time": 514.494, "Actual Max Startup Time": 693.507, "Actual Min Total Time": 514.494, "Actual Max Total Time": 693.507, "Max Hash Buckets": 262144, "Min Hash Buckets": 262144, "Max Hash Batches": 1, "Min Hash Batches": 1, "Max Original Hash Batches": 1, "Min Original Hash Batches": 1, "Max Peak Memory Usage": 9174, "min Peak Memory Usage": 9174, "Plans": [{"Node Type": "Streaming(type: LOCAL REDISTRIBUTE dop: 16/16)", "Parent Relationship": "Outer", "Startup Cost": 0.0, "Total Cost": 51607.87, "Plan Rows": 4167490, "Plan Width": 4, "Actual Min Startup Time": 0.053, "Actual Max Startup Time": 140.533, "Actual Min Total Time": 409.113, "Actual Max Total Time": 612.992, "Plans": [{"Node Type": "Seq Scan", "Parent Relationship": "Outer", "Relation Name": "name", "Alias": "n1", "Startup Cost": 0.0, "Total Cost": 20816.99, "Plan Rows": 4167490, "Plan Width": 4, "Actual Min Startup Time": 0.017, "Actual Max Startup Time": 0.034, "Actual Min Total Time": 74.859, "Actual Max Total Time": 86.06, "Actual Rows": 4167490}], "Actual Rows": 4167490}], "Actual Rows": 4167490}], "Actual Rows": 323005}], "Actual Rows": 16}], "Actual Rows": 16}], "Actual Rows": 1}, "Triggers": [], "Planner Runtime": 195.615, "Total Runtime": 1475.961, "Unique SQL Id": 2457761703}}, "(16, '101')": {"explain_plan": {"Plan": {"Node Type": "Aggregate", "Strategy": "Plain", "Startup Cost": 1403521.5, "Total Cost": 1403521.52, "Plan Rows": 1, "Plan Width": 97, "Plans": [{"Node Type": "Streaming(type: LOCAL GATHER dop: 1/16)", "Parent Relationship": "Outer", "Startup Cost": 1403521.5, "Total Cost": 1403521.52, "Plan Rows": 1, "Plan Width": 97, "Plans": [{"Node Type": "Aggregate", "Strategy": "Plain", "Parent Relationship": "Outer", "Startup Cost": 1403521.5, "Total Cost": 1403521.51, "Plan Rows": 1, "Plan Width": 97, "Plans": [{"Node Type": "Hash Join", "Parent Relationship": "Outer", "Join Type": "Inner", "Startup Cost": 1181725.83, "Total Cost": 1401736.01, "Plan Rows": 357098, "Plan Width": 33, "Inner Unique": true, "Hash Cond": "(ci.movie_id = t.id), (LLVM Optimized)", "Plans": [{"Node Type": "Streaming(type: LOCAL REDISTRIBUTE dop: 16/16)", "Parent Relationship": "Outer", "Startup Cost": 1148251.22, "Total Cost": 1367954.44, "Plan Rows": 357379, "Plan Width": 24, "Plans": [{"Node Type": "Hash Join", "Parent Relationship": "Outer", "Join Type": "Inner", "Startup Cost": 1148251.22, "Total Cost": 1351600.31, "Plan Rows": 357379, "Plan Width": 24, "Inner Unique": false, "Hash Cond": "(n1.id = an1.person_id), (LLVM Optimized)", "Plans": [{"Node Type": "Streaming(type: LOCAL REDISTRIBUTE dop: 16/16)", "Parent Relationship": "Outer", "Startup Cost": 1125291.96, "Total Cost": 1327448.82, "Plan Rows": 711018, "Plan Width": 16, "Plans": [{"Node Type": "Hash Join", "Parent Relationship": "Outer", "Join Type": "Inner", "Startup Cost": 1125291.96, "Total Cost": 1309754.73, "Plan Rows": 711018, "Plan Width": 16, "Inner Unique": true, "Hash Cond": "(ci.person_id = n1.id), (LLVM Optimized)", "Plans": [{"Node Type": "Streaming(type: LOCAL REDISTRIBUTE dop: 16/16)", "Parent Relationship": "Outer", "Startup Cost": 1076297.75, "Total Cost": 1260149.49, "Plan Rows": 711018, "Plan Width": 12, "Plans": [{"Node Type": "Hash Join", "Parent Relationship": "Outer", "Join Type": "Inner", "Startup Cost": 1076297.75, "Total Cost": 1242455.4, "Plan Rows": 711018, "Plan Width": 12, "Inner Unique": true, "Hash Cond": "(mc.company_id = cn.id), (LLVM Optimized)", "Plans": [{"Node Type": "Streaming(type: LOCAL REDISTRIBUTE dop: 16/16)", "Parent Relationship": "Outer", "Startup Cost": 1069419.83, "Total Cost": 1234794.01, "Plan Rows": 1446714, "Plan Width": 16, "Plans": [{"Node Type": "Hash Join", "Parent Relationship": "Outer", "Join Type": "Inner", "Startup Cost": 1069419.83, "Total Cost": 1214312.32, "Plan Rows": 1446714, "Plan Width": 16, "Inner Unique": false, "Hash Cond": "(mc.movie_id = ci.movie_id), (LLVM Optimized)", "Plans": [{"Node Type": "Streaming(type: LOCAL REDISTRIBUTE dop: 16/16)", "Parent Relationship": "Outer", "Startup Cost": 0.0, "Total Cost": 139099.07, "Plan Rows": 2609128, "Plan Width": 8, "Plans": [{"Node Type": "Index Scan", "Parent Relationship": "Outer", "Scan Direction": "Forward", "Index Name": "company_id_movie_companies", "Relation Name": "movie_companies", "Alias": "mc", "Startup Cost": 0.0, "Total Cost": 114212.92, "Plan Rows": 2609128, "Plan Width": 8}]}, {"Node Type": "Hash", "Parent Relationship": "Inner", "Startup Cost": 1066844.59, "Total Cost": 1066844.59, "Plan Rows": 3296318, "Plan Width": 8, "Plans": [{"Node Type": "Streaming(type: LOCAL REDISTRIBUTE dop: 16/16)", "Parent Relationship": "Outer", "Startup Cost": 15012.82, "Total Cost": 1066844.59, "Plan Rows": 3296318, "Plan Width": 8, "Plans": [{"Node Type": "Hash Join", "Parent Relationship": "Outer", "Join Type": "Inner", "Startup Cost": 15012.82, "Total Cost": 1039354.63, "Plan Rows": 3296318, "Plan Width": 8, "Inner Unique": true, "Hash Cond": "(ci.role_id = rt.id), (LLVM Optimized)", "Plans": [{"Node Type": "Index Scan", "Parent Relationship": "Outer", "Scan Direction": "Forward", "Index Name": "role_id_cast_info", "Relation Name": "cast_info", "Alias": "ci", "Startup Cost": 0.0, "Total Cost": 1016601.9, "Plan Rows": 36259494, "Plan Width": 12}, {"Node Type": "Hash", "Parent Relationship": "Inner", "Startup Cost": 15012.81, "Total Cost": 15012.81, "Plan Rows": 16, "Plan Width": 4, "Plans": [{"Node Type": "Streaming(type: BROADCAST dop: 16/1)", "Parent Relationship": "Outer", "Startup Cost": 0.0, "Total Cost": 15012.81, "Plan Rows": 16, "Plan Width": 4, "Plans": [{"Node Type": "Index Scan", "Parent Relationship": "Outer", "Scan Direction": "Forward", "Index Name": "role_type_pkey", "Relation Name": "role_type", "Alias": "rt", "Startup Cost": 0.0, "Total Cost": 12.46, "Plan Rows": 1, "Plan Width": 4, "Filter": "((role)::text = 'costume designer'::text)"}]}]}]}]}]}]}]}, {"Node Type": "Hash", "Parent Relationship": "Inner", "Startup Cost": 27245.51, "Total Cost": 27245.51, "Plan Rows": 85170, "Plan Width": 4, "Plans": [{"Node Type": "Streaming(type: LOCAL REDISTRIBUTE dop: 16/1)", "Parent Relationship": "Outer", "Startup Cost": 2800.52, "Total Cost": 27245.51, "Plan Rows": 85170, "Plan Width": 4, "Plans": [{"Node Type": "Bitmap Heap Scan", "Parent Relationship": "Outer", "Relation Name": "company_name", "Alias": "cn", "Startup Cost": 2800.52, "Total Cost": 8703.97, "Plan Rows": 85170, "Plan Width": 4, "Filter": "((country_code)::text = '[us]'::text)", "Plans": [{"Node Type": "Bitmap Index Scan", "Parent Relationship": "Outer", "Index Name": "company_name_pkey", "Startup Cost": 0.0, "Total Cost": 2779.23, "Plan Rows": 234996, "Plan Width": 0}]}]}]}]}]}, {"Node Type": "Hash", "Parent Relationship": "Inner", "Startup Cost": 182953.41, "Total Cost": 182953.41, "Plan Rows": 4167490, "Plan Width": 4, "Plans": [{"Node Type": "Streaming(type: LOCAL REDISTRIBUTE dop: 16/16)", "Parent Relationship": "Outer", "Startup Cost": 0.0, "Total Cost": 182953.41, "Plan Rows": 4167490, "Plan Width": 4, "Plans": [{"Node Type": "Index Scan", "Parent Relationship": "Outer", "Scan Direction": "Forward", "Index Name": "name_pkey", "Relation Name": "name", "Alias": "n1", "Startup Cost": 0.0, "Total Cost": 152162.53, "Plan Rows": 4167490, "Plan Width": 4}]}]}]}]}, {"Node Type": "Hash", "Parent Relationship": "Inner", "Startup Cost": 89020.35, "Total Cost": 89020.35, "Plan Rows": 901342, "Plan Width": 20, "Plans": [{"Node Type": "Streaming(type: LOCAL REDISTRIBUTE dop: 16/1)", "Parent Relationship": "Outer", "Startup Cost": 16632.3, "Total Cost": 89020.35, "Plan Rows": 901342, "Plan Width": 20, "Plans": [{"Node Type": "Bitmap Heap Scan", "Parent Relationship": "Outer", "Relation Name": "aka_name", "Alias": "an1", "Startup Cost": 16632.3, "Total Cost": 36540.72, "Plan Rows": 901342, "Plan Width": 20, "Plans": [{"Node Type": "Bitmap Index Scan", "Parent Relationship": "Outer", "Index Name": "person_id_aka_name", "Startup Cost": 0.0, "Total Cost": 16406.96, "Plan Rows": 901342, "Plan Width": 0}]}]}]}]}]}, {"Node Type": "Hash", "Parent Relationship": "Inner", "Startup Cost": 125997.5, "Total Cost": 125997.5, "Plan Rows": 2528311, "Plan Width": 21, "Plans": [{"Node Type": "Streaming(type: LOCAL REDISTRIBUTE dop: 16/16)", "Parent Relationship": "Outer", "Startup Cost": 0.0, "Total Cost": 125997.5, "Plan Rows": 2528311, "Plan Width": 21, "Plans": [{"Node Type": "Index Scan", "Parent Relationship": "Outer", "Scan Direction": "Forward", "Index Name": "title_pkey", "Relation Name": "title", "Alias": "t", "Startup Cost": 0.0, "Total Cost": 101417.57, "Plan Rows": 2528311, "Plan Width": 21}]}]}]}]}]}]}, "Unique SQL Id": 2457761703, "Planner Runtime": 158}, "explain_analyze_plan": {"Plan": {"Node Type": "Aggregate", "Strategy": "Plain", "Startup Cost": 1403521.5, "Total Cost": 1403521.52, "Plan Rows": 1, "Plan Width": 97, "Actual Min Startup Time": 3381.189, "Actual Max Startup Time": 3381.189, "Actual Min Total Time": 3381.189, "Actual Max Total Time": 3381.189, "Plans": [{"Node Type": "Streaming(type: LOCAL GATHER dop: 1/16)", "Parent Relationship": "Outer", "Startup Cost": 1403521.5, "Total Cost": 1403521.52, "Plan Rows": 1, "Plan Width": 97, "Actual Min Startup Time": 3379.633, "Actual Max Startup Time": 3379.633, "Actual Min Total Time": 3381.142, "Actual Max Total Time": 3381.142, "Plans": [{"Node Type": "Aggregate", "Strategy": "Plain", "Parent Relationship": "Outer", "Startup Cost": 1403521.5, "Total Cost": 1403521.51, "Plan Rows": 1, "Plan Width": 97, "Actual Min Startup Time": 2775.576, "Actual Max Startup Time": 3095.11, "Actual Min Total Time": 2775.576, "Actual Max Total Time": 3095.11, "Plans": [{"Node Type": "Hash Join", "Parent Relationship": "Outer", "Join Type": "Inner", "Startup Cost": 1181725.83, "Total Cost": 1401736.01, "Plan Rows": 357098, "Plan Width": 33, "Actual Min Startup Time": 2254.858, "Actual Max Startup Time": 2576.013, "Actual Min Total Time": 2766.221, "Actual Max Total Time": 3085.463, "Inner Unique": true, "Hash Cond": "(ci.movie_id = t.id), (LLVM Optimized, Jit Execute)", "Plans": [{"Node Type": "Streaming(type: LOCAL REDISTRIBUTE dop: 16/16)", "Parent Relationship": "Outer", "Startup Cost": 1148251.22, "Total Cost": 1367954.44, "Plan Rows": 357379, "Plan Width": 24, "Actual Min Startup Time": 1637.895, "Actual Max Startup Time": 1649.412, "Actual Min Total Time": 2141.932, "Actual Max Total Time": 2146.067, "Plans": [{"Node Type": "Hash Join", "Parent Relationship": "Outer", "Join Type": "Inner", "Startup Cost": 1148251.22, "Total Cost": 1351600.31, "Plan Rows": 357379, "Plan Width": 24, "Actual Min Startup Time": 2233.387, "Actual Max Startup Time": 2447.268, "Actual Min Total Time": 2745.181, "Actual Max Total Time": 2960.962, "Inner Unique": false, "Hash Cond": "(n1.id = an1.person_id), (LLVM Optimized, Jit Execute)", "Plans": [{"Node Type": "Streaming(type: LOCAL REDISTRIBUTE dop: 16/16)", "Parent Relationship": "Outer", "Startup Cost": 1125291.96, "Total Cost": 1327448.82, "Plan Rows": 711018, "Plan Width": 16, "Actual Min Startup Time": 1203.993, "Actual Max Startup Time": 1222.356, "Actual Min Total Time": 1688.34, "Actual Max Total Time": 1726.22, "Plans": [{"Node Type": "Hash Join", "Parent Relationship": "Outer", "Join Type": "Inner", "Startup Cost": 1125291.96, "Total Cost": 1309754.73, "Plan Rows": 711018, "Plan Width": 16, "Actual Min Startup Time": 2232.236, "Actual Max Startup Time": 2443.443, "Actual Min Total Time": 2760.092, "Actual Max Total Time": 2964.165, "Inner Unique": true, "Hash Cond": "(ci.person_id = n1.id), (LLVM Optimized, Jit Execute)", "Plans": [{"Node Type": "Streaming(type: LOCAL REDISTRIBUTE dop: 16/16)", "Parent Relationship": "Outer", "Startup Cost": 1076297.75, "Total Cost": 1260149.49, "Plan Rows": 711018, "Plan Width": 12, "Actual Min Startup Time": 1573.463, "Actual Max Startup Time": 1591.83, "Actual Min Total Time": 2080.989, "Actual Max Total Time": 2099.345, "Plans": [{"Node Type": "Hash Join", "Parent Relationship": "Outer", "Join Type": "Inner", "Startup Cost": 1076297.75, "Total Cost": 1242455.4, "Plan Rows": 711018, "Plan Width": 12, "Actual Min Startup Time": 2226.327, "Actual Max Startup Time": 2633.229, "Actual Min Total Time": 2746.364, "Actual Max Total Time": 3154.215, "Inner Unique": true, "Hash Cond": "(mc.company_id = cn.id), (LLVM Optimized, Jit Execute)", "Plans": [{"Node Type": "Streaming(type: LOCAL REDISTRIBUTE dop: 16/16)", "Parent Relationship": "Outer", "Startup Cost": 1069419.83, "Total Cost": 1234794.01, "Plan Rows": 1446714, "Plan Width": 16, "Actual Min Startup Time": 2041.14, "Actual Max Startup Time": 2066.752, "Actual Min Total Time": 2538.616, "Actual Max Total Time": 2560.451, "Plans": [{"Node Type": "Hash Join", "Parent Relationship": "Outer", "Join Type": "Inner", "Startup Cost": 1069419.83, "Total Cost": 1214312.32, "Plan Rows": 1446714, "Plan Width": 16, "Actual Min Startup Time": 2224.002, "Actual Max Startup Time": 2604.425, "Actual Min Total Time": 2709.247, "Actual Max Total Time": 3082.901, "Inner Unique": false, "Hash Cond": "(mc.movie_id = ci.movie_id), (LLVM Optimized, Jit Execute)", "Plans": [{"Node Type": "Streaming(type: LOCAL REDISTRIBUTE dop: 16/16)", "Parent Relationship": "Outer", "Startup Cost": 0.0, "Total Cost": 139099.07, "Plan Rows": 2609128, "Plan Width": 8, "Actual Min Startup Time": 0.068, "Actual Max Startup Time": 0.369, "Actual Min Total Time": 416.435, "Actual Max Total Time": 440.57, "Plans": [{"Node Type": "Index Scan", "Parent Relationship": "Outer", "Scan Direction": "Forward", "Index Name": "company_id_movie_companies", "Relation Name": "movie_companies", "Alias": "mc", "Startup Cost": 0.0, "Total Cost": 114212.92, "Plan Rows": 2609128, "Plan Width": 8, "Actual Min Startup Time": 0.052, "Actual Max Startup Time": 31.391, "Actual Min Total Time": 169.24, "Actual Max Total Time": 356.507, "Actual Rows": 2609128}], "Actual Rows": 2609128}, {"Node Type": "Hash", "Parent Relationship": "Inner", "Startup Cost": 1066844.59, "Total Cost": 1066844.59, "Plan Rows": 3296318, "Plan Width": 8, "Actual Min Startup Time": 2223.69, "Actual Max Startup Time": 2604.099, "Actual Min Total Time": 2223.69, "Actual Max Total Time": 2604.099, "Max Hash Buckets": 262144, "Min Hash Buckets": 262144, "Max Hash Batches": 1, "Min Hash Batches": 1, "Max Original Hash Batches": 1, "Min Original Hash Batches": 1, "Max Peak Memory Usage": 677, "min Peak Memory Usage": 677, "Plans": [{"Node Type": "Streaming(type: LOCAL REDISTRIBUTE dop: 16/16)", "Parent Relationship": "Outer", "Startup Cost": 15012.82, "Total Cost": 1066844.59, "Plan Rows": 3296318, "Plan Width": 8, "Actual Min Startup Time": 1298.314, "Actual Max Startup Time": 1678.876, "Actual Min Total Time": 2218.732, "Actual Max Total Time": 2599.079, "Plans": [{"Node Type": "Hash Join", "Parent Relationship": "Outer", "Join Type": "Inner", "Startup Cost": 15012.82, "Total Cost": 1039354.63, "Plan Rows": 3296318, "Plan Width": 8, "Actual Min Startup Time": 1292.632, "Actual Max Startup Time": 2214.072, "Actual Min Total Time": 1903.719, "Actual Max Total Time": 2214.072, "Inner Unique": true, "Hash Cond": "(ci.role_id = rt.id), (LLVM Optimized, Jit Execute)", "Plans": [{"Node Type": "Index Scan", "Parent Relationship": "Outer", "Scan Direction": "Forward", "Index Name": "role_id_cast_info", "Relation Name": "cast_info", "Alias": "ci", "Startup Cost": 0.0, "Total Cost": 1016601.9, "Plan Rows": 36259494, "Plan Width": 12, "Actual Min Startup Time": 376.541, "Actual Max Startup Time": 600.419, "Actual Min Total Time": 1486.492, "Actual Max Total Time": 1797.301, "Actual Rows": 36244343}, {"Node Type": "Hash", "Parent Relationship": "Inner", "Startup Cost": 15012.81, "Total Cost": 15012.81, "Plan Rows": 16, "Plan Width": 4, "Actual Min Startup Time": 0.01, "Actual Max Startup Time": 120.88, "Actual Min Total Time": 0.01, "Actual Max Total Time": 120.88, "Max Hash Buckets": 32768, "Min Hash Buckets": 32768, "Max Hash Batches": 1, "Min Hash Batches": 1, "Max Original Hash Batches": 1, "Min Original Hash Batches": 1, "Max Peak Memory Usage": 1, "min Peak Memory Usage": 1, "Plans": [{"Node Type": "Streaming(type: BROADCAST dop: 16/1)", "Parent Relationship": "Outer", "Startup Cost": 0.0, "Total Cost": 15012.81, "Plan Rows": 16, "Plan Width": 4, "Actual Min Startup Time": 0.005, "Actual Max Startup Time": 120.864, "Actual Min Total Time": 0.005, "Actual Max Total Time": 120.866, "Plans": [{"Node Type": "Index Scan", "Parent Relationship": "Outer", "Scan Direction": "Forward", "Index Name": "role_type_pkey", "Relation Name": "role_type", "Alias": "rt", "Startup Cost": 0.0, "Total Cost": 12.46, "Plan Rows": 1, "Plan Width": 4, "Actual Min Startup Time": 0.032, "Actual Max Startup Time": 0.032, "Actual Min Total Time": 0.035, "Actual Max Total Time": 0.035, "Filter": "((role)::text = 'costume designer'::text)", "Rows Removed by Filter": 11, "Actual Rows": 1}], "Actual Rows": 16}], "Actual Rows": 16}], "Actual Rows": 276403}], "Actual Rows": 276403}], "Actual Rows": 276403}], "Actual Rows": 794590}], "Actual Rows": 794590}, {"Node Type": "Hash", "Parent Relationship": "Inner", "Startup Cost": 27245.51, "Total Cost": 27245.51, "Plan Rows": 85170, "Plan Width": 4, "Actual Min Startup Time": 181.622, "Actual Max Startup Time": 583.494, "Actual Min Total Time": 181.622, "Actual Max Total Time": 583.494, "Max Hash Buckets": 32768, "Min Hash Buckets": 32768, "Max Hash Batches": 1, "Min Hash Batches": 1, "Max Original Hash Batches": 1, "Min Original Hash Batches": 1, "Max Peak Memory Usage": 182, "min Peak Memory Usage": 182, "Plans": [{"Node Type": "Streaming(type: LOCAL REDISTRIBUTE dop: 16/1)", "Parent Relationship": "Outer", "Startup Cost": 2800.52, "Total Cost": 27245.51, "Plan Rows": 85170, "Plan Width": 4, "Actual Min Startup Time": 0.036, "Actual Max Startup Time": 398.477, "Actual Min Total Time": 179.866, "Actual Max Total Time": 582.044, "Plans": [{"Node Type": "Bitmap Heap Scan", "Parent Relationship": "Outer", "Relation Name": "company_name", "Alias": "cn", "Startup Cost": 2800.52, "Total Cost": 8703.97, "Plan Rows": 85170, "Plan Width": 4, "Actual Min Startup Time": 22.961, "Actual Max Startup Time": 22.961, "Actual Min Total Time": 141.871, "Actual Max Total Time": 141.871, "Filter": "((country_code)::text = '[us]'::text)", "Rows Removed by Filter": 150153, "Exact Heap Blocks": 0, "Lossy Heap Blocks": 0, "Plans": [{"Node Type": "Bitmap Index Scan", "Parent Relationship": "Outer", "Index Name": "company_name_pkey", "Startup Cost": 0.0, "Total Cost": 2779.23, "Plan Rows": 234996, "Plan Width": 0, "Actual Min Startup Time": 22.491, "Actual Max Startup Time": 22.491, "Actual Min Total Time": 22.491, "Actual Max Total Time": 22.491, "Actual Rows": 234996}], "Actual Rows": 84843}], "Actual Rows": 84843}], "Actual Rows": 84843}], "Actual Rows": 285537}], "Actual Rows": 285537}, {"Node Type": "Hash", "Parent Relationship": "Inner", "Startup Cost": 182953.41, "Total Cost": 182953.41, "Plan Rows": 4167490, "Plan Width": 4, "Actual Min Startup Time": 656.912, "Actual Max Startup Time": 859.204, "Actual Min Total Time": 656.912, "Actual Max Total Time": 859.204, "Max Hash Buckets": 262144, "Min Hash Buckets": 262144, "Max Hash Batches": 1, "Min Hash Batches": 1, "Max Original Hash Batches": 1, "Min Original Hash Batches": 1, "Max Peak Memory Usage": 9174, "min Peak Memory Usage": 9174, "Plans": [{"Node Type": "Streaming(type: LOCAL REDISTRIBUTE dop: 16/16)", "Parent Relationship": "Outer", "Startup Cost": 0.0, "Total Cost": 182953.41, "Plan Rows": 4167490, "Plan Width": 4, "Actual Min Startup Time": 0.054, "Actual Max Startup Time": 116.897, "Actual Min Total Time": 565.208, "Actual Max Total Time": 792.454, "Plans": [{"Node Type": "Index Scan", "Parent Relationship": "Outer", "Scan Direction": "Forward", "Index Name": "name_pkey", "Relation Name": "name", "Alias": "n1", "Startup Cost": 0.0, "Total Cost": 152162.53, "Plan Rows": 4167490, "Plan Width": 4, "Actual Min Startup Time": 80.273, "Actual Max Startup Time": 358.823, "Actual Min Total Time": 321.74, "Actual Max Total Time": 646.382, "Actual Rows": 4167490}], "Actual Rows": 4167490}], "Actual Rows": 4167490}], "Actual Rows": 285537}], "Actual Rows": 285537}, {"Node Type": "Hash", "Parent Relationship": "Inner", "Startup Cost": 89020.35, "Total Cost": 89020.35, "Plan Rows": 901342, "Plan Width": 20, "Actual Min Startup Time": 1026.713, "Actual Max Startup Time": 1238.853, "Actual Min Total Time": 1026.713, "Actual Max Total Time": 1238.853, "Max Hash Buckets": 65536, "Min Hash Buckets": 65536, "Max Hash Batches": 1, "Min Hash Batches": 1, "Max Original Hash Batches": 1, "Min Original Hash Batches": 1, "Max Peak Memory Usage": 2981, "min Peak Memory Usage": 2981, "Plans": [{"Node Type": "Streaming(type: LOCAL REDISTRIBUTE dop: 16/1)", "Parent Relationship": "Outer", "Startup Cost": 16632.3, "Total Cost": 89020.35, "Plan Rows": 901342, "Plan Width": 20, "Actual Min Startup Time": 0.031, "Actual Max Startup Time": 212.647, "Actual Min Total Time": 1009.723, "Actual Max Total Time": 1221.782, "Plans": [{"Node Type": "Bitmap Heap Scan", "Parent Relationship": "Outer", "Relation Name": "aka_name", "Alias": "an1", "Startup Cost": 16632.3, "Total Cost": 36540.72, "Plan Rows": 901342, "Plan Width": 20, "Actual Min Startup Time": 84.336, "Actual Max Startup Time": 84.336, "Actual Min Total Time": 468.863, "Actual Max Total Time": 468.863, "Exact Heap Blocks": 0, "Lossy Heap Blocks": 0, "Plans": [{"Node Type": "Bitmap Index Scan", "Parent Relationship": "Outer", "Index Name": "person_id_aka_name", "Startup Cost": 0.0, "Total Cost": 16406.96, "Plan Rows": 901342, "Plan Width": 0, "Actual Min Startup Time": 82.347, "Actual Max Startup Time": 82.347, "Actual Min Total Time": 82.347, "Actual Max Total Time": 82.347, "Actual Rows": 901342}], "Actual Rows": 901342}], "Actual Rows": 901342}], "Actual Rows": 901342}], "Actual Rows": 323005}], "Actual Rows": 323005}, {"Node Type": "Hash", "Parent Relationship": "Inner", "Startup Cost": 125997.5, "Total Cost": 125997.5, "Plan Rows": 2528311, "Plan Width": 21, "Actual Min Startup Time": 610.798, "Actual Max Startup Time": 930.285, "Actual Min Total Time": 610.798, "Actual Max Total Time": 930.285, "Max Hash Buckets": 262144, "Min Hash Buckets": 262144, "Max Hash Batches": 1, "Min Hash Batches": 1, "Max Original Hash Batches": 1, "Min Original Hash Batches": 1, "Max Peak Memory Usage": 8518, "min Peak Memory Usage": 8518, "Plans": [{"Node Type": "Streaming(type: LOCAL REDISTRIBUTE dop: 16/16)", "Parent Relationship": "Outer", "Startup Cost": 0.0, "Total Cost": 125997.5, "Plan Rows": 2528311, "Plan Width": 21, "Actual Min Startup Time": 0.055, "Actual Max Startup Time": 168.413, "Actual Min Total Time": 559.848, "Actual Max Total Time": 881.46, "Plans": [{"Node Type": "Index Scan", "Parent Relationship": "Outer", "Scan Direction": "Forward", "Index Name": "title_pkey", "Relation Name": "title", "Alias": "t", "Startup Cost": 0.0, "Total Cost": 101417.57, "Plan Rows": 2528311, "Plan Width": 21, "Actual Min Startup Time": 0.065, "Actual Max Startup Time": 33.221, "Actual Min Total Time": 258.724, "Actual Max Total Time": 470.218, "Actual Rows": 2528311}], "Actual Rows": 2528311}], "Actual Rows": 2528311}], "Actual Rows": 323005}], "Actual Rows": 16}], "Actual Rows": 16}], "Actual Rows": 1}, "Triggers": [], "Planner Runtime": 184.51, "Total Runtime": 3427.873, "Unique SQL Id": 2457761703}}, "(16, '102')": {"explain_plan": {"Plan": {"Node Type": "Aggregate", "Strategy": "Plain", "Startup Cost": 287566.27, "Total Cost": 287566.3, "Plan Rows": 1, "Plan Width": 97, "Plans": [{"Node Type": "Streaming(type: LOCAL GATHER dop: 1/16)", "Parent Relationship": "Outer", "Startup Cost": 287566.27, "Total Cost": 287566.3, "Plan Rows": 1, "Plan Width": 97, "Plans": [{"Node Type": "Aggregate", "Strategy": "Plain", "Parent Relationship": "Outer", "Startup Cost": 287566.27, "Total Cost": 287566.28, "Plan Rows": 1, "Plan Width": 97, "Plans": [{"Node Type": "Hash Join", "Parent Relationship": "Outer", "Join Type": "Inner", "Startup Cost": 142621.96, "Total Cost": 285780.78, "Plan Rows": 357098, "Plan Width": 33, "Inner Unique": true, "Hash Cond": "(an1.person_id = n1.id), (LLVM Optimized)", "Plans": [{"Node Type": "Streaming(type: LOCAL REDISTRIBUTE dop: 16/16)", "Parent Relationship": "Outer", "Startup Cost": 126464.14, "Total Cost": 269316.07, "Plan Rows": 357098, "Plan Width": 41, "Plans": [{"Node Type": "Hash Join", "Parent Relationship": "Outer", "Join Type": "Inner", "Startup Cost": 126464.14, "Total Cost": 252963.01, "Plan Rows": 357098, "Plan Width": 41, "Inner Unique": true, "Hash Cond": "(ci.movie_id = t.id), (LLVM Optimized)", "Plans": [{"Node Type": "Streaming(type: LOCAL REDISTRIBUTE dop: 16/16)", "Parent Relationship": "Outer", "Startup Cost": 113655.34, "Total Cost": 239847.25, "Plan Rows": 357379, "Plan Width": 32, "Plans": [{"Node Type": "Hash Join", "Parent Relationship": "Outer", "Join Type": "Inner", "Startup Cost": 113655.34, "Total Cost": 223493.12, "Plan Rows": 357379, "Plan Width": 32, "Inner Unique": false, "Hash Cond": "(ci.person_id = an1.person_id), (LLVM Optimized)", "Plans": [{"Node Type": "Streaming(type: LOCAL REDISTRIBUTE dop: 16/16)", "Parent Relationship": "Outer", "Startup Cost": 104286.28, "Total Cost": 212931.86, "Plan Rows": 711018, "Plan Width": 12, "Plans": [{"Node Type": "Hash Join", "Parent Relationship": "Outer", "Join Type": "Inner", "Startup Cost": 104286.28, "Total Cost": 195237.77, "Plan Rows": 711018, "Plan Width": 12, "Inner Unique": false, "Hash Cond": "(ci.movie_id = mc.movie_id), (LLVM Optimized)", "Plans": [{"Node Type": "Streaming(type: LOCAL REDISTRIBUTE dop: 16/16)", "Parent Relationship": "Outer", "Startup Cost": 15001.51, "Total Cost": 102848.74, "Plan Rows": 3296318, "Plan Width": 8, "Plans": [{"Node Type": "Hash Join", "Parent Relationship": "Outer", "Join Type": "Inner", "Startup Cost": 15001.51, "Total Cost": 75358.79, "Plan Rows": 3296318, "Plan Width": 8, "Inner Unique": true, "Hash Cond": "(ci.role_id = rt.id), (LLVM Optimized)", "Plans": [{"Node Type": "Seq Scan", "Parent Relationship": "Outer", "Relation Name": "cast_info", "Alias": "ci", "Startup Cost": 0.0, "Total Cost": 52617.37, "Plan Rows": 36259494, "Plan Width": 12}, {"Node Type": "Hash", "Parent Relationship": "Inner", "Startup Cost": 15001.5, "Total Cost": 15001.5, "Plan Rows": 16, "Plan Width": 4, "Plans": [{"Node Type": "Streaming(type: BROADCAST dop: 16/1)", "Parent Relationship": "Outer", "Startup Cost": 0.0, "Total Cost": 15001.5, "Plan Rows": 16, "Plan Width": 4, "Plans": [{"Node Type": "Seq Scan", "Parent Relationship": "Outer", "Relation Name": "role_type", "Alias": "rt", "Startup Cost": 0.0, "Total Cost": 1.15, "Plan Rows": 1, "Plan Width": 4, "Filter": "((role)::text = 'costume designer'::text)"}]}]}]}]}, {"Node Type": "Hash", "Parent Relationship": "Inner", "Startup Cost": 88282.97, "Total Cost": 88282.97, "Plan Rows": 1282311, "Plan Width": 4, "Plans": [{"Node Type": "Streaming(type: LOCAL REDISTRIBUTE dop: 16/16)", "Parent Relationship": "Outer", "Startup Cost": 24511.53, "Total Cost": 88282.97, "Plan Rows": 1282311, "Plan Width": 4, "Plans": [{"Node Type": "Hash Join", "Parent Relationship": "Outer", "Join Type": "Inner", "Startup Cost": 24511.53, "Total Cost": 68424.21, "Plan Rows": 1282311, "Plan Width": 4, "Inner Unique": true, "Hash Cond": "(mc.company_id = cn.id), (LLVM Optimized)", "Plans": [{"Node Type": "Streaming(type: LOCAL REDISTRIBUTE dop: 16/16)", "Parent Relationship": "Outer", "Startup Cost": 0.0, "Total Cost": 42499.73, "Plan Rows": 2609128, "Plan Width": 8, "Plans": [{"Node Type": "Seq Scan", "Parent Relationship": "Outer", "Relation Name": "movie_companies", "Alias": "mc", "Startup Cost": 0.0, "Total Cost": 17613.58, "Plan Rows": 2609128, "Plan Width": 8}]}, {"Node Type": "Hash", "Parent Relationship": "Inner", "Startup Cost": 24444.99, "Total Cost": 24444.99, "Plan Rows": 85170, "Plan Width": 4, "Plans": [{"Node Type": "Streaming(type: LOCAL REDISTRIBUTE dop: 16/1)", "Parent Relationship": "Outer", "Startup Cost": 0.0, "Total Cost": 24444.99, "Plan Rows": 85170, "Plan Width": 4, "Plans": [{"Node Type": "Seq Scan", "Parent Relationship": "Outer", "Relation Name": "company_name", "Alias": "cn", "Startup Cost": 0.0, "Total Cost": 5903.45, "Plan Rows": 85170, "Plan Width": 4, "Filter": "((country_code)::text = '[us]'::text)"}]}]}]}]}]}]}]}, {"Node Type": "Hash", "Parent Relationship": "Inner", "Startup Cost": 34659.52, "Total Cost": 34659.52, "Plan Rows": 901342, "Plan Width": 20, "Plans": [{"Node Type": "Streaming(type: LOCAL REDISTRIBUTE dop: 16/16)", "Parent Relationship": "Outer", "Startup Cost": 0.0, "Total Cost": 34659.52, "Plan Rows": 901342, "Plan Width": 20, "Plans": [{"Node Type": "Seq Scan", "Parent Relationship": "Outer", "Relation Name": "aka_name", "Alias": "an1", "Startup Cost": 0.0, "Total Cost": 16244.28, "Plan Rows": 901342, "Plan Width": 20}]}]}]}]}, {"Node Type": "Hash", "Parent Relationship": "Inner", "Startup Cost": 43334.25, "Total Cost": 43334.25, "Plan Rows": 2528311, "Plan Width": 21, "Plans": [{"Node Type": "Streaming(type: LOCAL REDISTRIBUTE dop: 16/16)", "Parent Relationship": "Outer", "Startup Cost": 0.0, "Total Cost": 43334.25, "Plan Rows": 2528311, "Plan Width": 21, "Plans": [{"Node Type": "Seq Scan", "Parent Relationship": "Outer", "Relation Name": "title", "Alias": "t", "Startup Cost": 0.0, "Total Cost": 18754.32, "Plan Rows": 2528311, "Plan Width": 21}]}]}]}]}, {"Node Type": "Hash", "Parent Relationship": "Inner", "Startup Cost": 51607.87, "Total Cost": 51607.87, "Plan Rows": 4167490, "Plan Width": 4, "Plans": [{"Node Type": "Streaming(type: LOCAL REDISTRIBUTE dop: 16/16)", "Parent Relationship": "Outer", "Startup Cost": 0.0, "Total Cost": 51607.87, "Plan Rows": 4167490, "Plan Width": 4, "Plans": [{"Node Type": "Seq Scan", "Parent Relationship": "Outer", "Relation Name": "name", "Alias": "n1", "Startup Cost": 0.0, "Total Cost": 20816.99, "Plan Rows": 4167490, "Plan Width": 4}]}]}]}]}]}]}, "Unique SQL Id": 2457761703, "Planner Runtime": 177}, "explain_analyze_plan": {"Plan": {"Node Type": "Aggregate", "Strategy": "Plain", "Startup Cost": 287566.27, "Total Cost": 287566.3, "Plan Rows": 1, "Plan Width": 97, "Actual Min Startup Time": 1429.474, "Actual Max Startup Time": 1429.474, "Actual Min Total Time": 1429.474, "Actual Max Total Time": 1429.474, "Plans": [{"Node Type": "Streaming(type: LOCAL GATHER dop: 1/16)", "Parent Relationship": "Outer", "Startup Cost": 287566.27, "Total Cost": 287566.3, "Plan Rows": 1, "Plan Width": 97, "Actual Min Startup Time": 1428.475, "Actual Max Startup Time": 1428.475, "Actual Min Total Time": 1429.447, "Actual Max Total Time": 1429.447, "Plans": [{"Node Type": "Aggregate", "Strategy": "Plain", "Parent Relationship": "Outer", "Startup Cost": 287566.27, "Total Cost": 287566.28, "Plan Rows": 1, "Plan Width": 97, "Actual Min Startup Time": 1046.427, "Actual Max Startup Time": 1225.524, "Actual Min Total Time": 1046.427, "Actual Max Total Time": 1225.525, "Plans": [{"Node Type": "Hash Join", "Parent Relationship": "Outer", "Join Type": "Inner", "Startup Cost": 142621.96, "Total Cost": 285780.78, "Plan Rows": 357098, "Plan Width": 33, "Actual Min Startup Time": 657.95, "Actual Max Startup Time": 846.411, "Actual Min Total Time": 1031.721, "Actual Max Total Time": 1217.172, "Inner Unique": true, "Hash Cond": "(an1.person_id = n1.id), (LLVM Optimized, Jit Execute)", "Plans": [{"Node Type": "Streaming(type: LOCAL REDISTRIBUTE dop: 16/16)", "Parent Relationship": "Outer", "Startup Cost": 126464.14, "Total Cost": 269316.07, "Plan Rows": 357098, "Plan Width": 41, "Actual Min Startup Time": 138.252, "Actual Max Startup Time": 161.278, "Actual Min Total Time": 500.465, "Actual Max Total Time": 521.157, "Plans": [{"Node Type": "Hash Join", "Parent Relationship": "Outer", "Join Type": "Inner", "Startup Cost": 126464.14, "Total Cost": 252963.01, "Plan Rows": 357098, "Plan Width": 41, "Actual Min Startup Time": 650.282, "Actual Max Startup Time": 827.406, "Actual Min Total Time": 1018.2, "Actual Max Total Time": 1197.69, "Inner Unique": true, "Hash Cond": "(ci.movie_id = t.id), (LLVM Optimized, Jit Execute)", "Plans": [{"Node Type": "Streaming(type: LOCAL REDISTRIBUTE dop: 16/16)", "Parent Relationship": "Outer", "Startup Cost": 113655.34, "Total Cost": 239847.25, "Plan Rows": 357379, "Plan Width": 32, "Actual Min Startup Time": 284.581, "Actual Max Startup Time": 292.563, "Actual Min Total Time": 643.034, "Actual Max Total Time": 653.83, "Plans": [{"Node Type": "Hash Join", "Parent Relationship": "Outer", "Join Type": "Inner", "Startup Cost": 113655.34, "Total Cost": 223493.12, "Plan Rows": 357379, "Plan Width": 32, "Actual Min Startup Time": 656.508, "Actual Max Startup Time": 864.813, "Actual Min Total Time": 976.219, "Actual Max Total Time": 1211.51, "Inner Unique": false, "Hash Cond": "(ci.person_id = an1.person_id), (LLVM Optimized, Jit Execute)", "Plans": [{"Node Type": "Streaming(type: LOCAL REDISTRIBUTE dop: 16/16)", "Parent Relationship": "Outer", "Startup Cost": 104286.28, "Total Cost": 212931.86, "Plan Rows": 711018, "Plan Width": 12, "Actual Min Startup Time": 516.593, "Actual Max Startup Time": 530.476, "Actual Min Total Time": 825.032, "Actual Max Total Time": 876.688, "Plans": [{"Node Type": "Hash Join", "Parent Relationship": "Outer", "Join Type": "Inner", "Startup Cost": 104286.28, "Total Cost": 195237.77, "Plan Rows": 711018, "Plan Width": 12, "Actual Min Startup Time": 655.48, "Actual Max Startup Time": 884.626, "Actual Min Total Time": 967.321, "Actual Max Total Time": 1196.253, "Inner Unique": false, "Hash Cond": "(ci.movie_id = mc.movie_id), (LLVM Optimized, Jit Execute)", "Plans": [{"Node Type": "Streaming(type: LOCAL REDISTRIBUTE dop: 16/16)", "Parent Relationship": "Outer", "Startup Cost": 15001.51, "Total Cost": 102848.74, "Plan Rows": 3296318, "Plan Width": 8, "Actual Min Startup Time": 0.062, "Actual Max Startup Time": 0.846, "Actual Min Total Time": 293.775, "Actual Max Total Time": 312.773, "Plans": [{"Node Type": "Hash Join", "Parent Relationship": "Outer", "Join Type": "Inner", "Startup Cost": 15001.51, "Total Cost": 75358.79, "Plan Rows": 3296318, "Plan Width": 8, "Actual Min Startup Time": 729.862, "Actual Max Startup Time": 782.989, "Actual Min Total Time": 934.617, "Actual Max Total Time": 992.529, "Inner Unique": true, "Hash Cond": "(ci.role_id = rt.id), (LLVM Optimized, Jit Execute)", "Plans": [{"Node Type": "Seq Scan", "Parent Relationship": "Outer", "Relation Name": "cast_info", "Alias": "ci", "Startup Cost": 0.0, "Total Cost": 52617.37, "Plan Rows": 36259494, "Plan Width": 12, "Actual Min Startup Time": 0.029, "Actual Max Startup Time": 0.042, "Actual Min Total Time": 515.441, "Actual Max Total Time": 569.135, "Actual Rows": 36244343}, {"Node Type": "Hash", "Parent Relationship": "Inner", "Startup Cost": 15001.5, "Total Cost": 15001.5, "Plan Rows": 16, "Plan Width": 4, "Actual Min Startup Time": 0.012, "Actual Max Startup Time": 11.903, "Actual Min Total Time": 0.012, "Actual Max Total Time": 11.903, "Max Hash Buckets": 32768, "Min Hash Buckets": 32768, "Max Hash Batches": 1, "Min Hash Batches": 1, "Max Original Hash Batches": 1, "Min Original Hash Batches": 1, "Max Peak Memory Usage": 1, "min Peak Memory Usage": 1, "Plans": [{"Node Type": "Streaming(type: BROADCAST dop: 16/1)", "Parent Relationship": "Outer", "Startup Cost": 0.0, "Total Cost": 15001.5, "Plan Rows": 16, "Plan Width": 4, "Actual Min Startup Time": 0.004, "Actual Max Startup Time": 11.888, "Actual Min Total Time": 0.004, "Actual Max Total Time": 11.889, "Plans": [{"Node Type": "Seq Scan", "Parent Relationship": "Outer", "Relation Name": "role_type", "Alias": "rt", "Startup Cost": 0.0, "Total Cost": 1.15, "Plan Rows": 1, "Plan Width": 4, "Actual Min Startup Time": 0.025, "Actual Max Startup Time": 0.025, "Actual Min Total Time": 0.027, "Actual Max Total Time": 0.027, "Filter": "((role)::text = 'costume designer'::text)", "Rows Removed by Filter": 11, "Actual Rows": 1}], "Actual Rows": 16}], "Actual Rows": 16}], "Actual Rows": 276403}], "Actual Rows": 276403}, {"Node Type": "Hash", "Parent Relationship": "Inner", "Startup Cost": 88282.97, "Total Cost": 88282.97, "Plan Rows": 1282311, "Plan Width": 4, "Actual Min Startup Time": 655.204, "Actual Max Startup Time": 884.113, "Actual Min Total Time": 655.204, "Actual Max Total Time": 884.113, "Max Hash Buckets": 131072, "Min Hash Buckets": 131072, "Max Hash Batches": 1, "Min Hash Batches": 1, "Max Original Hash Batches": 1, "Min Original Hash Batches": 1, "Max Peak Memory Usage": 2542, "min Peak Memory Usage": 2542, "Plans": [{"Node Type": "Streaming(type: LOCAL REDISTRIBUTE dop: 16/16)", "Parent Relationship": "Outer", "Startup Cost": 24511.53, "Total Cost": 88282.97, "Plan Rows": 1282311, "Plan Width": 4, "Actual Min Startup Time": 186.112, "Actual Max Startup Time": 414.758, "Actual Min Total Time": 627.769, "Actual Max Total Time": 863.493, "Plans": [{"Node Type": "Hash Join", "Parent Relationship": "Outer", "Join Type": "Inner", "Startup Cost": 24511.53, "Total Cost": 68424.21, "Plan Rows": 1282311, "Plan Width": 4, "Actual Min Startup Time": 176.757, "Actual Max Startup Time": 400.58, "Actual Min Total Time": 517.522, "Actual Max Total Time": 794.956, "Inner Unique": true, "Hash Cond": "(mc.company_id = cn.id), (LLVM Optimized, Jit Execute)", "Plans": [{"Node Type": "Streaming(type: LOCAL REDISTRIBUTE dop: 16/16)", "Parent Relationship": "Outer", "Startup Cost": 0.0, "Total Cost": 42499.73, "Plan Rows": 2609128, "Plan Width": 8, "Actual Min Startup Time": 0.062, "Actual Max Startup Time": 1.791, "Actual Min Total Time": 265.249, "Actual Max Total Time": 357.061, "Plans": [{"Node Type": "Seq Scan", "Parent Relationship": "Outer", "Relation Name": "movie_companies", "Alias": "mc", "Startup Cost": 0.0, "Total Cost": 17613.58, "Plan Rows": 2609128, "Plan Width": 8, "Actual Min Startup Time": 0.026, "Actual Max Startup Time": 0.044, "Actual Min Total Time": 42.83, "Actual Max Total Time": 51.451, "Actual Rows": 2609128}], "Actual Rows": 2609128}, {"Node Type": "Hash", "Parent Relationship": "Inner", "Startup Cost": 24444.99, "Total Cost": 24444.99, "Plan Rows": 85170, "Plan Width": 4, "Actual Min Startup Time": 176.63, "Actual Max Startup Time": 399.346, "Actual Min Total Time": 176.63, "Actual Max Total Time": 399.346, "Max Hash Buckets": 32768, "Min Hash Buckets": 32768, "Max Hash Batches": 1, "Min Hash Batches": 1, "Max Original Hash Batches": 1, "Min Original Hash Batches": 1, "Max Peak Memory Usage": 182, "min Peak Memory Usage": 182, "Plans": [{"Node Type": "Streaming(type: LOCAL REDISTRIBUTE dop: 16/1)", "Parent Relationship": "Outer", "Startup Cost": 0.0, "Total Cost": 24444.99, "Plan Rows": 85170, "Plan Width": 4, "Actual Min Startup Time": 0.035, "Actual Max Startup Time": 218.603, "Actual Min Total Time": 174.868, "Actual Max Total Time": 397.632, "Plans": [{"Node Type": "Seq Scan", "Parent Relationship": "Outer", "Relation Name": "company_name", "Alias": "cn", "Startup Cost": 0.0, "Total Cost": 5903.45, "Plan Rows": 85170, "Plan Width": 4, "Actual Min Startup Time": 0.038, "Actual Max Startup Time": 0.038, "Actual Min Total Time": 94.596, "Actual Max Total Time": 94.596, "Filter": "((country_code)::text = '[us]'::text)", "Rows Removed by Filter": 150153, "Actual Rows": 84843}], "Actual Rows": 84843}], "Actual Rows": 84843}], "Actual Rows": 1153797}], "Actual Rows": 1153797}], "Actual Rows": 1153797}], "Actual Rows": 285537}], "Actual Rows": 285537}, {"Node Type": "Hash", "Parent Relationship": "Inner", "Startup Cost": 34659.52, "Total Cost": 34659.52, "Plan Rows": 901342, "Plan Width": 20, "Actual Min Startup Time": 129.879, "Actual Max Startup Time": 348.156, "Actual Min Total Time": 129.879, "Actual Max Total Time": 348.156, "Max Hash Buckets": 65536, "Min Hash Buckets": 65536, "Max Hash Batches": 1, "Min Hash Batches": 1, "Max Original Hash Batches": 1, "Min Original Hash Batches": 1, "Max Peak Memory Usage": 2981, "min Peak Memory Usage": 2981, "Plans": [{"Node Type": "Streaming(type: LOCAL REDISTRIBUTE dop: 16/16)", "Parent Relationship": "Outer", "Startup Cost": 0.0, "Total Cost": 34659.52, "Plan Rows": 901342, "Plan Width": 20, "Actual Min Startup Time": 0.048, "Actual Max Startup Time": 211.292, "Actual Min Total Time": 113.469, "Actual Max Total Time": 331.199, "Plans": [{"Node Type": "Seq Scan", "Parent Relationship": "Outer", "Relation Name": "aka_name", "Alias": "an1", "Startup Cost": 0.0, "Total Cost": 16244.28, "Plan Rows": 901342, "Plan Width": 20, "Actual Min Startup Time": 0.02, "Actual Max Startup Time": 0.037, "Actual Min Total Time": 16.899, "Actual Max Total Time": 20.777, "Actual Rows": 901342}], "Actual Rows": 901342}], "Actual Rows": 901342}], "Actual Rows": 323005}], "Actual Rows": 323005}, {"Node Type": "Hash", "Parent Relationship": "Inner", "Startup Cost": 43334.25, "Total Cost": 43334.25, "Plan Rows": 2528311, "Plan Width": 21, "Actual Min Startup Time": 361.928, "Actual Max Startup Time": 536.694, "Actual Min Total Time": 361.928, "Actual Max Total Time": 536.694, "Max Hash Buckets": 262144, "Min Hash Buckets": 262144, "Max Hash Batches": 1, "Min Hash Batches": 1, "Max Original Hash Batches": 1, "Min Original Hash Batches": 1, "Max Peak Memory Usage": 8518, "min Peak Memory Usage": 8518, "Plans": [{"Node Type": "Streaming(type: LOCAL REDISTRIBUTE dop: 16/16)", "Parent Relationship": "Outer", "Startup Cost": 0.0, "Total Cost": 43334.25, "Plan Rows": 2528311, "Plan Width": 21, "Actual Min Startup Time": 0.052, "Actual Max Startup Time": 29.929, "Actual Min Total Time": 291.244, "Actual Max Total Time": 484.112, "Plans": [{"Node Type": "Seq Scan", "Parent Relationship": "Outer", "Relation Name": "title", "Alias": "t", "Startup Cost": 0.0, "Total Cost": 18754.32, "Plan Rows": 2528311, "Plan Width": 21, "Actual Min Startup Time": 0.018, "Actual Max Startup Time": 0.034, "Actual Min Total Time": 48.948, "Actual Max Total Time": 58.428, "Actual Rows": 2528311}], "Actual Rows": 2528311}], "Actual Rows": 2528311}], "Actual Rows": 323005}], "Actual Rows": 323005}, {"Node Type": "Hash", "Parent Relationship": "Inner", "Startup Cost": 51607.87, "Total Cost": 51607.87, "Plan Rows": 4167490, "Plan Width": 4, "Actual Min Startup Time": 514.494, "Actual Max Startup Time": 693.507, "Actual Min Total Time": 514.494, "Actual Max Total Time": 693.507, "Max Hash Buckets": 262144, "Min Hash Buckets": 262144, "Max Hash Batches": 1, "Min Hash Batches": 1, "Max Original Hash Batches": 1, "Min Original Hash Batches": 1, "Max Peak Memory Usage": 9174, "min Peak Memory Usage": 9174, "Plans": [{"Node Type": "Streaming(type: LOCAL REDISTRIBUTE dop: 16/16)", "Parent Relationship": "Outer", "Startup Cost": 0.0, "Total Cost": 51607.87, "Plan Rows": 4167490, "Plan Width": 4, "Actual Min Startup Time": 0.053, "Actual Max Startup Time": 140.533, "Actual Min Total Time": 409.113, "Actual Max Total Time": 612.992, "Plans": [{"Node Type": "Seq Scan", "Parent Relationship": "Outer", "Relation Name": "name", "Alias": "n1", "Startup Cost": 0.0, "Total Cost": 20816.99, "Plan Rows": 4167490, "Plan Width": 4, "Actual Min Startup Time": 0.017, "Actual Max Startup Time": 0.034, "Actual Min Total Time": 74.859, "Actual Max Total Time": 86.06, "Actual Rows": 4167490}], "Actual Rows": 4167490}], "Actual Rows": 4167490}], "Actual Rows": 323005}], "Actual Rows": 16}], "Actual Rows": 16}], "Actual Rows": 1}, "Triggers": [], "Planner Runtime": 195.615, "Total Runtime": 1475.961, "Unique SQL Id": 2457761703}}, "(16, '103')": {"explain_plan": {"Plan": {"Node Type": "Aggregate", "Strategy": "Plain", "Startup Cost": 1013578.73, "Total Cost": 1013578.74, "Plan Rows": 1, "Plan Width": 97, "Plans": [{"Node Type": "Hash Join", "Parent Relationship": "Outer", "Join Type": "Inner", "Startup Cost": 985285.55, "Total Cost": 1011793.24, "Plan Rows": 357098, "Plan Width": 33, "Inner Unique": false, "Hash Cond": "(an1.person_id = n1.id), (LLVM Optimized)", "Plans": [{"Node Type": "Bitmap Heap Scan", "Parent Relationship": "Outer", "Relation Name": "aka_name", "Alias": "an1", "Startup Cost": 16632.3, "Total Cost": 36540.72, "Plan Rows": 901342, "Plan Width": 20, "Plans": [{"Node Type": "Bitmap Index Scan", "Parent Relationship": "Outer", "Index Name": "person_id_aka_name", "Startup Cost": 0.0, "Total Cost": 16406.96, "Plan Rows": 901342, "Plan Width": 0}]}, {"Node Type": "Hash", "Parent Relationship": "Inner", "Startup Cost": 959772.51, "Total Cost": 959772.51, "Plan Rows": 710459, "Plan Width": 25, "Plans": [{"Node Type": "Hash Join", "Parent Relationship": "Outer", "Join Type": "Inner", "Startup Cost": 607483.06, "Total Cost": 959772.51, "Plan Rows": 710459, "Plan Width": 25, "Inner Unique": true, "Hash Cond": "(ci.person_id = n1.id), (LLVM Optimized)", "Plans": [{"Node Type": "Hash Join", "Parent Relationship": "Outer", "Join Type": "Inner", "Startup Cost": 378117.96, "Total Cost": 720638.61, "Plan Rows": 710459, "Plan Width": 21, "Inner Unique": false, "Hash Cond": "(ci.movie_id = t.id), (LLVM Optimized)", "Plans": [{"Node Type": "Nested Loop", "Parent Relationship": "Outer", "Join Type": "Inner", "Startup Cost": 76315.02, "Total Cost": 389769.33, "Plan Rows": 3296318, "Plan Width": 8, "Inner Unique": false, "Plans": [{"Node Type": "Bitmap Heap Scan", "Parent Relationship": "Outer", "Relation Name": "role_type", "Alias": "rt", "Startup Cost": 8.31, "Total Cost": 12.46, "Plan Rows": 1, "Plan Width": 4, "Filter": "((role)::text = 'costume designer'::text)", "Plans": [{"Node Type": "Bitmap Index Scan", "Parent Relationship": "Outer", "Index Name": "role_type_pkey", "Startup Cost": 0.0, "Total Cost": 8.31, "Plan Rows": 12, "Plan Width": 0}]}, {"Node Type": "Bitmap Heap Scan", "Parent Relationship": "Inner", "Relation Name": "cast_info", "Alias": "ci", "Startup Cost": 76306.71, "Total Cost": 356793.69, "Plan Rows": 3296318, "Plan Width": 12, "Recheck Cond": "(role_id = rt.id), (LLVM Optimized)", "Plans": [{"Node Type": "Bitmap Index Scan", "Parent Relationship": "Outer", "Index Name": "role_id_cast_info", "Startup Cost": 0.0, "Total Cost": 75482.63, "Plan Rows": 3296318, "Plan Width": 0, "Index Cond": "(role_id = rt.id)"}]}]}, {"Node Type": "Hash", "Parent Relationship": "Inner", "Startup Cost": 285774.05, "Total Cost": 285774.05, "Plan Rows": 1282311, "Plan Width": 25, "Plans": [{"Node Type": "Hash Join", "Parent Relationship": "Outer", "Join Type": "Inner", "Startup Cost": 203717.65, "Total Cost": 285774.05, "Plan Rows": 1282311, "Plan Width": 25, "Inner Unique": true, "Hash Cond": "(mc.movie_id = t.id), (LLVM Optimized)", "Plans": [{"Node Type": "Hash Join", "Parent Relationship": "Outer", "Join Type": "Inner", "Startup Cost": 61758.77, "Total Cost": 126183.39, "Plan Rows": 1282311, "Plan Width": 4, "Inner Unique": true, "Hash Cond": "(mc.company_id = cn.id), (LLVM Optimized)", "Plans": [{"Node Type": "Bitmap Heap Scan", "Parent Relationship": "Outer", "Relation Name": "movie_companies", "Alias": "mc", "Startup Cost": 51990.17, "Total Cost": 93807.45, "Plan Rows": 2609128, "Plan Width": 8, "Plans": [{"Node Type": "Bitmap Index Scan", "Parent Relationship": "Outer", "Index Name": "movie_id_movie_companies", "Startup Cost": 0.0, "Total Cost": 51337.89, "Plan Rows": 2609128, "Plan Width": 0}]}, {"Node Type": "Hash", "Parent Relationship": "Inner", "Startup Cost": 8703.97, "Total Cost": 8703.97, "Plan Rows": 85170, "Plan Width": 4, "Plans": [{"Node Type": "Bitmap Heap Scan", "Parent Relationship": "Outer", "Relation Name": "company_name", "Alias": "cn", "Startup Cost": 2800.52, "Total Cost": 8703.97, "Plan Rows": 85170, "Plan Width": 4, "Filter": "((country_code)::text = '[us]'::text)", "Plans": [{"Node Type": "Bitmap Index Scan", "Parent Relationship": "Outer", "Index Name": "company_name_pkey", "Startup Cost": 0.0, "Total Cost": 2779.23, "Plan Rows": 234996, "Plan Width": 0}]}]}]}, {"Node Type": "Hash", "Parent Relationship": "Inner", "Startup Cost": 110354.99, "Total Cost": 110354.99, "Plan Rows": 2528311, "Plan Width": 21, "Plans": [{"Node Type": "Bitmap Heap Scan", "Parent Relationship": "Outer", "Relation Name": "title", "Alias": "t", "Startup Cost": 50285.88, "Total Cost": 110354.99, "Plan Rows": 2528311, "Plan Width": 21, "Plans": [{"Node Type": "Bitmap Index Scan", "Parent Relationship": "Outer", "Index Name": "title_pkey", "Startup Cost": 0.0, "Total Cost": 49653.81, "Plan Rows": 2528311, "Plan Width": 0}]}]}]}]}]}, {"Node Type": "Hash", "Parent Relationship": "Inner", "Startup Cost": 177271.47, "Total Cost": 177271.47, "Plan Rows": 4167490, "Plan Width": 4, "Plans": [{"Node Type": "Bitmap Heap Scan", "Parent Relationship": "Outer", "Relation Name": "name", "Alias": "n1", "Startup Cost": 84199.57, "Total Cost": 177271.47, "Plan Rows": 4167490, "Plan Width": 4, "Plans": [{"Node Type": "Bitmap Index Scan", "Parent Relationship": "Outer", "Index Name": "name_pkey", "Startup Cost": 0.0, "Total Cost": 83157.7, "Plan Rows": 4167490, "Plan Width": 0}]}]}]}]}]}]}, "Unique SQL Id": 2457761703, "Planner Runtime": 49}, "explain_analyze_plan": null}, "(16, '104')": {"explain_plan": {"Plan": {"Node Type": "Aggregate", "Strategy": "Plain", "Startup Cost": 287566.27, "Total Cost": 287566.3, "Plan Rows": 1, "Plan Width": 97, "Plans": [{"Node Type": "Streaming(type: LOCAL GATHER dop: 1/16)", "Parent Relationship": "Outer", "Startup Cost": 287566.27, "Total Cost": 287566.3, "Plan Rows": 1, "Plan Width": 97, "Plans": [{"Node Type": "Aggregate", "Strategy": "Plain", "Parent Relationship": "Outer", "Startup Cost": 287566.27, "Total Cost": 287566.28, "Plan Rows": 1, "Plan Width": 97, "Plans": [{"Node Type": "Hash Join", "Parent Relationship": "Outer", "Join Type": "Inner", "Startup Cost": 142621.96, "Total Cost": 285780.78, "Plan Rows": 357098, "Plan Width": 33, "Inner Unique": true, "Hash Cond": "(an1.person_id = n1.id), (LLVM Optimized)", "Plans": [{"Node Type": "Streaming(type: LOCAL REDISTRIBUTE dop: 16/16)", "Parent Relationship": "Outer", "Startup Cost": 126464.14, "Total Cost": 269316.07, "Plan Rows": 357098, "Plan Width": 41, "Plans": [{"Node Type": "Hash Join", "Parent Relationship": "Outer", "Join Type": "Inner", "Startup Cost": 126464.14, "Total Cost": 252963.01, "Plan Rows": 357098, "Plan Width": 41, "Inner Unique": true, "Hash Cond": "(ci.movie_id = t.id), (LLVM Optimized)", "Plans": [{"Node Type": "Streaming(type: LOCAL REDISTRIBUTE dop: 16/16)", "Parent Relationship": "Outer", "Startup Cost": 113655.34, "Total Cost": 239847.25, "Plan Rows": 357379, "Plan Width": 32, "Plans": [{"Node Type": "Hash Join", "Parent Relationship": "Outer", "Join Type": "Inner", "Startup Cost": 113655.34, "Total Cost": 223493.12, "Plan Rows": 357379, "Plan Width": 32, "Inner Unique": false, "Hash Cond": "(ci.person_id = an1.person_id), (LLVM Optimized)", "Plans": [{"Node Type": "Streaming(type: LOCAL REDISTRIBUTE dop: 16/16)", "Parent Relationship": "Outer", "Startup Cost": 104286.28, "Total Cost": 212931.86, "Plan Rows": 711018, "Plan Width": 12, "Plans": [{"Node Type": "Hash Join", "Parent Relationship": "Outer", "Join Type": "Inner", "Startup Cost": 104286.28, "Total Cost": 195237.77, "Plan Rows": 711018, "Plan Width": 12, "Inner Unique": false, "Hash Cond": "(ci.movie_id = mc.movie_id), (LLVM Optimized)", "Plans": [{"Node Type": "Streaming(type: LOCAL REDISTRIBUTE dop: 16/16)", "Parent Relationship": "Outer", "Startup Cost": 15001.51, "Total Cost": 102848.74, "Plan Rows": 3296318, "Plan Width": 8, "Plans": [{"Node Type": "Hash Join", "Parent Relationship": "Outer", "Join Type": "Inner", "Startup Cost": 15001.51, "Total Cost": 75358.79, "Plan Rows": 3296318, "Plan Width": 8, "Inner Unique": true, "Hash Cond": "(ci.role_id = rt.id), (LLVM Optimized)", "Plans": [{"Node Type": "Seq Scan", "Parent Relationship": "Outer", "Relation Name": "cast_info", "Alias": "ci", "Startup Cost": 0.0, "Total Cost": 52617.37, "Plan Rows": 36259494, "Plan Width": 12}, {"Node Type": "Hash", "Parent Relationship": "Inner", "Startup Cost": 15001.5, "Total Cost": 15001.5, "Plan Rows": 16, "Plan Width": 4, "Plans": [{"Node Type": "Streaming(type: BROADCAST dop: 16/1)", "Parent Relationship": "Outer", "Startup Cost": 0.0, "Total Cost": 15001.5, "Plan Rows": 16, "Plan Width": 4, "Plans": [{"Node Type": "Seq Scan", "Parent Relationship": "Outer", "Relation Name": "role_type", "Alias": "rt", "Startup Cost": 0.0, "Total Cost": 1.15, "Plan Rows": 1, "Plan Width": 4, "Filter": "((role)::text = 'costume designer'::text)"}]}]}]}]}, {"Node Type": "Hash", "Parent Relationship": "Inner", "Startup Cost": 88282.97, "Total Cost": 88282.97, "Plan Rows": 1282311, "Plan Width": 4, "Plans": [{"Node Type": "Streaming(type: LOCAL REDISTRIBUTE dop: 16/16)", "Parent Relationship": "Outer", "Startup Cost": 24511.53, "Total Cost": 88282.97, "Plan Rows": 1282311, "Plan Width": 4, "Plans": [{"Node Type": "Hash Join", "Parent Relationship": "Outer", "Join Type": "Inner", "Startup Cost": 24511.53, "Total Cost": 68424.21, "Plan Rows": 1282311, "Plan Width": 4, "Inner Unique": true, "Hash Cond": "(mc.company_id = cn.id), (LLVM Optimized)", "Plans": [{"Node Type": "Streaming(type: LOCAL REDISTRIBUTE dop: 16/16)", "Parent Relationship": "Outer", "Startup Cost": 0.0, "Total Cost": 42499.73, "Plan Rows": 2609128, "Plan Width": 8, "Plans": [{"Node Type": "Seq Scan", "Parent Relationship": "Outer", "Relation Name": "movie_companies", "Alias": "mc", "Startup Cost": 0.0, "Total Cost": 17613.58, "Plan Rows": 2609128, "Plan Width": 8}]}, {"Node Type": "Hash", "Parent Relationship": "Inner", "Startup Cost": 24444.99, "Total Cost": 24444.99, "Plan Rows": 85170, "Plan Width": 4, "Plans": [{"Node Type": "Streaming(type: LOCAL REDISTRIBUTE dop: 16/1)", "Parent Relationship": "Outer", "Startup Cost": 0.0, "Total Cost": 24444.99, "Plan Rows": 85170, "Plan Width": 4, "Plans": [{"Node Type": "Seq Scan", "Parent Relationship": "Outer", "Relation Name": "company_name", "Alias": "cn", "Startup Cost": 0.0, "Total Cost": 5903.45, "Plan Rows": 85170, "Plan Width": 4, "Filter": "((country_code)::text = '[us]'::text)"}]}]}]}]}]}]}]}, {"Node Type": "Hash", "Parent Relationship": "Inner", "Startup Cost": 34659.52, "Total Cost": 34659.52, "Plan Rows": 901342, "Plan Width": 20, "Plans": [{"Node Type": "Streaming(type: LOCAL REDISTRIBUTE dop: 16/16)", "Parent Relationship": "Outer", "Startup Cost": 0.0, "Total Cost": 34659.52, "Plan Rows": 901342, "Plan Width": 20, "Plans": [{"Node Type": "Seq Scan", "Parent Relationship": "Outer", "Relation Name": "aka_name", "Alias": "an1", "Startup Cost": 0.0, "Total Cost": 16244.28, "Plan Rows": 901342, "Plan Width": 20}]}]}]}]}, {"Node Type": "Hash", "Parent Relationship": "Inner", "Startup Cost": 43334.25, "Total Cost": 43334.25, "Plan Rows": 2528311, "Plan Width": 21, "Plans": [{"Node Type": "Streaming(type: LOCAL REDISTRIBUTE dop: 16/16)", "Parent Relationship": "Outer", "Startup Cost": 0.0, "Total Cost": 43334.25, "Plan Rows": 2528311, "Plan Width": 21, "Plans": [{"Node Type": "Seq Scan", "Parent Relationship": "Outer", "Relation Name": "title", "Alias": "t", "Startup Cost": 0.0, "Total Cost": 18754.32, "Plan Rows": 2528311, "Plan Width": 21}]}]}]}]}, {"Node Type": "Hash", "Parent Relationship": "Inner", "Startup Cost": 51607.87, "Total Cost": 51607.87, "Plan Rows": 4167490, "Plan Width": 4, "Plans": [{"Node Type": "Streaming(type: LOCAL REDISTRIBUTE dop: 16/16)", "Parent Relationship": "Outer", "Startup Cost": 0.0, "Total Cost": 51607.87, "Plan Rows": 4167490, "Plan Width": 4, "Plans": [{"Node Type": "Index Only Scan", "Parent Relationship": "Outer", "Scan Direction": "Forward", "Index Name": "name_pkey", "Relation Name": "name", "Alias": "n1", "Startup Cost": 0.0, "Total Cost": 20816.99, "Plan Rows": 4167490, "Plan Width": 4}]}]}]}]}]}]}, "Unique SQL Id": 2457761703, "Planner Runtime": 189}, "explain_analyze_plan": {"Plan": {"Node Type": "Aggregate", "Strategy": "Plain", "Startup Cost": 287566.27, "Total Cost": 287566.3, "Plan Rows": 1, "Plan Width": 97, "Actual Min Startup Time": 1479.917, "Actual Max Startup Time": 1479.917, "Actual Min Total Time": 1479.917, "Actual Max Total Time": 1479.917, "Plans": [{"Node Type": "Streaming(type: LOCAL GATHER dop: 1/16)", "Parent Relationship": "Outer", "Startup Cost": 287566.27, "Total Cost": 287566.3, "Plan Rows": 1, "Plan Width": 97, "Actual Min Startup Time": 1479.144, "Actual Max Startup Time": 1479.144, "Actual Min Total Time": 1479.763, "Actual Max Total Time": 1479.763, "Plans": [{"Node Type": "Aggregate", "Strategy": "Plain", "Parent Relationship": "Outer", "Startup Cost": 287566.27, "Total Cost": 287566.28, "Plan Rows": 1, "Plan Width": 97, "Actual Min Startup Time": 1070.011, "Actual Max Startup Time": 1210.474, "Actual Min Total Time": 1070.011, "Actual Max Total Time": 1210.474, "Plans": [{"Node Type": "Hash Join", "Parent Relationship": "Outer", "Join Type": "Inner", "Startup Cost": 142621.96, "Total Cost": 285780.78, "Plan Rows": 357098, "Plan Width": 33, "Actual Min Startup Time": 659.377, "Actual Max Startup Time": 809.262, "Actual Min Total Time": 1055.617, "Actual Max Total Time": 1202.355, "Inner Unique": true, "Hash Cond": "(an1.person_id = n1.id), (LLVM Optimized, Jit Execute)", "Plans": [{"Node Type": "Streaming(type: LOCAL REDISTRIBUTE dop: 16/16)", "Parent Relationship": "Outer", "Startup Cost": 126464.14, "Total Cost": 269316.07, "Plan Rows": 357098, "Plan Width": 41, "Actual Min Startup Time": 106.404, "Actual Max Startup Time": 156.085, "Actual Min Total Time": 492.291, "Actual Max Total Time": 511.778, "Plans": [{"Node Type": "Hash Join", "Parent Relationship": "Outer", "Join Type": "Inner", "Startup Cost": 126464.14, "Total Cost": 252963.01, "Plan Rows": 357098, "Plan Width": 41, "Actual Min Startup Time": 655.53, "Actual Max Startup Time": 866.134, "Actual Min Total Time": 1047.996, "Actual Max Total Time": 1260.405, "Inner Unique": true, "Hash Cond": "(ci.movie_id = t.id), (LLVM Optimized, Jit Execute)", "Plans": [{"Node Type": "Streaming(type: LOCAL REDISTRIBUTE dop: 16/16)", "Parent Relationship": "Outer", "Startup Cost": 113655.34, "Total Cost": 239847.25, "Plan Rows": 357379, "Plan Width": 32, "Actual Min Startup Time": 320.575, "Actual Max Startup Time": 329.173, "Actual Min Total Time": 703.466, "Actual Max Total Time": 711.791, "Plans": [{"Node Type": "Hash Join", "Parent Relationship": "Outer", "Join Type": "Inner", "Startup Cost": 113655.34, "Total Cost": 223493.12, "Plan Rows": 357379, "Plan Width": 32, "Actual Min Startup Time": 654.294, "Actual Max Startup Time": 872.751, "Actual Min Total Time": 1022.835, "Actual Max Total Time": 1254.696, "Inner Unique": false, "Hash Cond": "(ci.person_id = an1.person_id), (LLVM Optimized, Jit Execute)", "Plans": [{"Node Type": "Streaming(type: LOCAL REDISTRIBUTE dop: 16/16)", "Parent Relationship": "Outer", "Startup Cost": 104286.28, "Total Cost": 212931.86, "Plan Rows": 711018, "Plan Width": 12, "Actual Min Startup Time": 529.847, "Actual Max Startup Time": 547.87, "Actual Min Total Time": 863.586, "Actual Max Total Time": 916.14, "Plans": [{"Node Type": "Hash Join", "Parent Relationship": "Outer", "Join Type": "Inner", "Startup Cost": 104286.28, "Total Cost": 195237.77, "Plan Rows": 711018, "Plan Width": 12, "Actual Min Startup Time": 650.524, "Actual Max Startup Time": 857.724, "Actual Min Total Time": 981.549, "Actual Max Total Time": 1199.694, "Inner Unique": false, "Hash Cond": "(ci.movie_id = mc.movie_id), (LLVM Optimized, Jit Execute)", "Plans": [{"Node Type": "Streaming(type: LOCAL REDISTRIBUTE dop: 16/16)", "Parent Relationship": "Outer", "Startup Cost": 15001.51, "Total Cost": 102848.74, "Plan Rows": 3296318, "Plan Width": 8, "Actual Min Startup Time": 0.07, "Actual Max Startup Time": 1.21, "Actual Min Total Time": 317.533, "Actual Max Total Time": 345.072, "Plans": [{"Node Type": "Hash Join", "Parent Relationship": "Outer", "Join Type": "Inner", "Startup Cost": 15001.51, "Total Cost": 75358.79, "Plan Rows": 3296318, "Plan Width": 8, "Actual Min Startup Time": 734.465, "Actual Max Startup Time": 848.7, "Actual Min Total Time": 938.828, "Actual Max Total Time": 1064.305, "Inner Unique": true, "Hash Cond": "(ci.role_id = rt.id), (LLVM Optimized, Jit Execute)", "Plans": [{"Node Type": "Seq Scan", "Parent Relationship": "Outer", "Relation Name": "cast_info", "Alias": "ci", "Startup Cost": 0.0, "Total Cost": 52617.37, "Plan Rows": 36259494, "Plan Width": 12, "Actual Min Startup Time": 0.032, "Actual Max Startup Time": 0.041, "Actual Min Total Time": 516.688, "Actual Max Total Time": 568.935, "Actual Rows": 36244343}, {"Node Type": "Hash", "Parent Relationship": "Inner", "Startup Cost": 15001.5, "Total Cost": 15001.5, "Plan Rows": 16, "Plan Width": 4, "Actual Min Startup Time": 0.011, "Actual Max Startup Time": 71.285, "Actual Min Total Time": 0.011, "Actual Max Total Time": 71.285, "Max Hash Buckets": 32768, "Min Hash Buckets": 32768, "Max Hash Batches": 1, "Min Hash Batches": 1, "Max Original Hash Batches": 1, "Min Original Hash Batches": 1, "Max Peak Memory Usage": 1, "min Peak Memory Usage": 1, "Plans": [{"Node Type": "Streaming(type: BROADCAST dop: 16/1)", "Parent Relationship": "Outer", "Startup Cost": 0.0, "Total Cost": 15001.5, "Plan Rows": 16, "Plan Width": 4, "Actual Min Startup Time": 0.004, "Actual Max Startup Time": 71.257, "Actual Min Total Time": 0.004, "Actual Max Total Time": 71.258, "Plans": [{"Node Type": "Seq Scan", "Parent Relationship": "Outer", "Relation Name": "role_type", "Alias": "rt", "Startup Cost": 0.0, "Total Cost": 1.15, "Plan Rows": 1, "Plan Width": 4, "Actual Min Startup Time": 0.035, "Actual Max Startup Time": 0.035, "Actual Min Total Time": 0.038, "Actual Max Total Time": 0.038, "Filter": "((role)::text = 'costume designer'::text)", "Rows Removed by Filter": 11, "Actual Rows": 1}], "Actual Rows": 16}], "Actual Rows": 16}], "Actual Rows": 276403}], "Actual Rows": 276403}, {"Node Type": "Hash", "Parent Relationship": "Inner", "Startup Cost": 88282.97, "Total Cost": 88282.97, "Plan Rows": 1282311, "Plan Width": 4, "Actual Min Startup Time": 650.225, "Actual Max Startup Time": 856.754, "Actual Min Total Time": 650.225, "Actual Max Total Time": 856.754, "Max Hash Buckets": 131072, "Min Hash Buckets": 131072, "Max Hash Batches": 1, "Min Hash Batches": 1, "Max Original Hash Batches": 1, "Min Original Hash Batches": 1, "Max Peak Memory Usage": 2542, "min Peak Memory Usage": 2542, "Plans": [{"Node Type": "Streaming(type: LOCAL REDISTRIBUTE dop: 16/16)", "Parent Relationship": "Outer", "Startup Cost": 24511.53, "Total Cost": 88282.97, "Plan Rows": 1282311, "Plan Width": 4, "Actual Min Startup Time": 174.61, "Actual Max Startup Time": 381.876, "Actual Min Total Time": 618.865, "Actual Max Total Time": 836.947, "Plans": [{"Node Type": "Hash Join", "Parent Relationship": "Outer", "Join Type": "Inner", "Startup Cost": 24511.53, "Total Cost": 68424.21, "Plan Rows": 1282311, "Plan Width": 4, "Actual Min Startup Time": 169.623, "Actual Max Startup Time": 359.093, "Actual Min Total Time": 519.06, "Actual Max Total Time": 732.07, "Inner Unique": true, "Hash Cond": "(mc.company_id = cn.id), (LLVM Optimized, Jit Execute)", "Plans": [{"Node Type": "Streaming(type: LOCAL REDISTRIBUTE dop: 16/16)", "Parent Relationship": "Outer", "Startup Cost": 0.0, "Total Cost": 42499.73, "Plan Rows": 2609128, "Plan Width": 8, "Actual Min Startup Time": 0.06, "Actual Max Startup Time": 2.243, "Actual Min Total Time": 254.783, "Actual Max Total Time": 365.681, "Plans": [{"Node Type": "Seq Scan", "Parent Relationship": "Outer", "Relation Name": "movie_companies", "Alias": "mc", "Startup Cost": 0.0, "Total Cost": 17613.58, "Plan Rows": 2609128, "Plan Width": 8, "Actual Min Startup Time": 0.023, "Actual Max Startup Time": 0.049, "Actual Min Total Time": 43.422, "Actual Max Total Time": 52.474, "Actual Rows": 2609128}], "Actual Rows": 2609128}, {"Node Type": "Hash", "Parent Relationship": "Inner", "Startup Cost": 24444.99, "Total Cost": 24444.99, "Plan Rows": 85170, "Plan Width": 4, "Actual Min Startup Time": 168.875, "Actual Max Startup Time": 358.016, "Actual Min Total Time": 168.875, "Actual Max Total Time": 358.016, "Max Hash Buckets": 32768, "Min Hash Buckets": 32768, "Max Hash Batches": 1, "Min Hash Batches": 1, "Max Original Hash Batches": 1, "Min Original Hash Batches": 1, "Max Peak Memory Usage": 182, "min Peak Memory Usage": 182, "Plans": [{"Node Type": "Streaming(type: LOCAL REDISTRIBUTE dop: 16/1)", "Parent Relationship": "Outer", "Startup Cost": 0.0, "Total Cost": 24444.99, "Plan Rows": 85170, "Plan Width": 4, "Actual Min Startup Time": 0.033, "Actual Max Startup Time": 186.613, "Actual Min Total Time": 167.245, "Actual Max Total Time": 355.453, "Plans": [{"Node Type": "Seq Scan", "Parent Relationship": "Outer", "Relation Name": "company_name", "Alias": "cn", "Startup Cost": 0.0, "Total Cost": 5903.45, "Plan Rows": 85170, "Plan Width": 4, "Actual Min Startup Time": 0.037, "Actual Max Startup Time": 0.037, "Actual Min Total Time": 93.215, "Actual Max Total Time": 93.215, "Filter": "((country_code)::text = '[us]'::text)", "Rows Removed by Filter": 150153, "Actual Rows": 84843}], "Actual Rows": 84843}], "Actual Rows": 84843}], "Actual Rows": 1153797}], "Actual Rows": 1153797}], "Actual Rows": 1153797}], "Actual Rows": 285537}], "Actual Rows": 285537}, {"Node Type": "Hash", "Parent Relationship": "Inner", "Startup Cost": 34659.52, "Total Cost": 34659.52, "Plan Rows": 901342, "Plan Width": 20, "Actual Min Startup Time": 118.854, "Actual Max Startup Time": 342.13, "Actual Min Total Time": 118.854, "Actual Max Total Time": 342.13, "Max Hash Buckets": 65536, "Min Hash Buckets": 65536, "Max Hash Batches": 1, "Min Hash Batches": 1, "Max Original Hash Batches": 1, "Min Original Hash Batches": 1, "Max Peak Memory Usage": 2981, "min Peak Memory Usage": 2981, "Plans": [{"Node Type": "Streaming(type: LOCAL REDISTRIBUTE dop: 16/16)", "Parent Relationship": "Outer", "Startup Cost": 0.0, "Total Cost": 34659.52, "Plan Rows": 901342, "Plan Width": 20, "Actual Min Startup Time": 0.058, "Actual Max Startup Time": 165.557, "Actual Min Total Time": 103.429, "Actual Max Total Time": 327.015, "Plans": [{"Node Type": "Seq Scan", "Parent Relationship": "Outer", "Relation Name": "aka_name", "Alias": "an1", "Startup Cost": 0.0, "Total Cost": 16244.28, "Plan Rows": 901342, "Plan Width": 20, "Actual Min Startup Time": 0.018, "Actual Max Startup Time": 0.026, "Actual Min Total Time": 15.75, "Actual Max Total Time": 19.622, "Actual Rows": 901342}], "Actual Rows": 901342}], "Actual Rows": 901342}], "Actual Rows": 323005}], "Actual Rows": 323005}, {"Node Type": "Hash", "Parent Relationship": "Inner", "Startup Cost": 43334.25, "Total Cost": 43334.25, "Plan Rows": 2528311, "Plan Width": 21, "Actual Min Startup Time": 330.588, "Actual Max Startup Time": 540.426, "Actual Min Total Time": 330.588, "Actual Max Total Time": 540.426, "Max Hash Buckets": 262144, "Min Hash Buckets": 262144, "Max Hash Batches": 1, "Min Hash Batches": 1, "Max Original Hash Batches": 1, "Min Original Hash Batches": 1, "Max Peak Memory Usage": 8518, "min Peak Memory Usage": 8518, "Plans": [{"Node Type": "Streaming(type: LOCAL REDISTRIBUTE dop: 16/16)", "Parent Relationship": "Outer", "Startup Cost": 0.0, "Total Cost": 43334.25, "Plan Rows": 2528311, "Plan Width": 21, "Actual Min Startup Time": 0.049, "Actual Max Startup Time": 194.693, "Actual Min Total Time": 259.785, "Actual Max Total Time": 494.167, "Plans": [{"Node Type": "Seq Scan", "Parent Relationship": "Outer", "Relation Name": "title", "Alias": "t", "Startup Cost": 0.0, "Total Cost": 18754.32, "Plan Rows": 2528311, "Plan Width": 21, "Actual Min Startup Time": 0.019, "Actual Max Startup Time": 0.04, "Actual Min Total Time": 47.696, "Actual Max Total Time": 56.316, "Actual Rows": 2528311}], "Actual Rows": 2528311}], "Actual Rows": 2528311}], "Actual Rows": 323005}], "Actual Rows": 323005}, {"Node Type": "Hash", "Parent Relationship": "Inner", "Startup Cost": 51607.87, "Total Cost": 51607.87, "Plan Rows": 4167490, "Plan Width": 4, "Actual Min Startup Time": 546.739, "Actual Max Startup Time": 687.169, "Actual Min Total Time": 546.739, "Actual Max Total Time": 687.169, "Max Hash Buckets": 262144, "Min Hash Buckets": 262144, "Max Hash Batches": 1, "Min Hash Batches": 1, "Max Original Hash Batches": 1, "Min Original Hash Batches": 1, "Max Peak Memory Usage": 9174, "min Peak Memory Usage": 9174, "Plans": [{"Node Type": "Streaming(type: LOCAL REDISTRIBUTE dop: 16/16)", "Parent Relationship": "Outer", "Startup Cost": 0.0, "Total Cost": 51607.87, "Plan Rows": 4167490, "Plan Width": 4, "Actual Min Startup Time": 0.052, "Actual Max Startup Time": 0.104, "Actual Min Total Time": 442.726, "Actual Max Total Time": 581.985, "Plans": [{"Node Type": "Index Only Scan", "Parent Relationship": "Outer", "Scan Direction": "Forward", "Index Name": "name_pkey", "Relation Name": "name", "Alias": "n1", "Startup Cost": 0.0, "Total Cost": 20816.99, "Plan Rows": 4167490, "Plan Width": 4, "Actual Min Startup Time": 0.094, "Actual Max Startup Time": 103.049, "Actual Min Total Time": 65.404, "Actual Max Total Time": 167.694, "Heap Fetches": 0, "Actual Rows": 4167490}], "Actual Rows": 4167490}], "Actual Rows": 4167490}], "Actual Rows": 323005}], "Actual Rows": 16}], "Actual Rows": 16}], "Actual Rows": 1}, "Triggers": [], "Planner Runtime": 205.742, "Total Runtime": 1527.056, "Unique SQL Id": 2457761703}}, "(16, '105')": {"explain_plan": {"Plan": {"Node Type": "Aggregate", "Strategy": "Plain", "Startup Cost": 1386311.37, "Total Cost": 1386311.4, "Plan Rows": 1, "Plan Width": 97, "Plans": [{"Node Type": "Streaming(type: LOCAL GATHER dop: 1/16)", "Parent Relationship": "Outer", "Startup Cost": 1386311.37, "Total Cost": 1386311.4, "Plan Rows": 1, "Plan Width": 97, "Plans": [{"Node Type": "Aggregate", "Strategy": "Plain", "Parent Relationship": "Outer", "Startup Cost": 1386311.37, "Total Cost": 1386311.38, "Plan Rows": 1, "Plan Width": 97, "Plans": [{"Node Type": "Hash Join", "Parent Relationship": "Outer", "Join Type": "Inner", "Startup Cost": 252373.93, "Total Cost": 1384525.88, "Plan Rows": 357098, "Plan Width": 33, "Inner Unique": true, "Hash Cond": "(ci.movie_id = t.id), (LLVM Optimized)", "Plans": [{"Node Type": "Streaming(type: LOCAL REDISTRIBUTE dop: 16/16)", "Parent Relationship": "Outer", "Startup Cost": 218899.31, "Total Cost": 1350744.31, "Plan Rows": 357379, "Plan Width": 24, "Plans": [{"Node Type": "Hash Join", "Parent Relationship": "Outer", "Join Type": "Inner", "Startup Cost": 218899.31, "Total Cost": 1334390.18, "Plan Rows": 357379, "Plan Width": 24, "Inner Unique": true, "Hash Cond": "(an1.person_id = n1.id), (LLVM Optimized)", "Plans": [{"Node Type": "Streaming(type: LOCAL REDISTRIBUTE dop: 16/16)", "Parent Relationship": "Outer", "Startup Cost": 182755.14, "Total Cost": 1297938.9, "Plan Rows": 357379, "Plan Width": 32, "Plans": [{"Node Type": "Hash Join", "Parent Relationship": "Outer", "Join Type": "Inner", "Startup Cost": 182755.14, "Total Cost": 1281584.76, "Plan Rows": 357379, "Plan Width": 32, "Inner Unique": true, "Hash Cond": "(mc.company_id = cn.id), (LLVM Optimized)", "Plans": [{"Node Type": "Streaming(type: LOCAL REDISTRIBUTE dop: 16/16)", "Parent Relationship": "Outer", "Startup Cost": 175427.87, "Total Cost": 1273863.7, "Plan Rows": 727161, "Plan Width": 36, "Plans": [{"Node Type": "Hash Join", "Parent Relationship": "Outer", "Join Type": "Inner", "Startup Cost": 175427.87, "Total Cost": 1256108.44, "Plan Rows": 727161, "Plan Width": 36, "Inner Unique": false, "Hash Cond": "(ci.movie_id = mc.movie_id), (LLVM Optimized)", "Plans": [{"Node Type": "Streaming(type: LOCAL REDISTRIBUTE dop: 16/16)", "Parent Relationship": "Outer", "Startup Cost": 137161.66, "Total Cost": 1215145.72, "Plan Rows": 1484588, "Plan Width": 28, "Plans": [{"Node Type": "Hash Join", "Parent Relationship": "Outer", "Join Type": "Inner", "Startup Cost": 137161.66, "Total Cost": 1194520.52, "Plan Rows": 1484588, "Plan Width": 28, "Inner Unique": false, "Hash Cond": "(ci.person_id = an1.person_id), (LLVM Optimized)", "Plans": [{"Node Type": "Streaming(type: LOCAL REDISTRIBUTE dop: 16/16)", "Parent Relationship": "Outer", "Startup Cost": 15012.82, "Total Cost": 1066844.59, "Plan Rows": 3296318, "Plan Width": 8, "Plans": [{"Node Type": "Hash Join", "Parent Relationship": "Outer", "Join Type": "Inner", "Startup Cost": 15012.82, "Total Cost": 1039354.63, "Plan Rows": 3296318, "Plan Width": 8, "Inner Unique": true, "Hash Cond": "(ci.role_id = rt.id), (LLVM Optimized)", "Plans": [{"Node Type": "Index Scan", "Parent Relationship": "Outer", "Scan Direction": "Forward", "Index Name": "role_id_cast_info", "Relation Name": "cast_info", "Alias": "ci", "Startup Cost": 0.0, "Total Cost": 1016601.9, "Plan Rows": 36259494, "Plan Width": 12}, {"Node Type": "Hash", "Parent Relationship": "Inner", "Startup Cost": 15012.81, "Total Cost": 15012.81, "Plan Rows": 16, "Plan Width": 4, "Plans": [{"Node Type": "Streaming(type: BROADCAST dop: 16/1)", "Parent Relationship": "Outer", "Startup Cost": 0.0, "Total Cost": 15012.81, "Plan Rows": 16, "Plan Width": 4, "Plans": [{"Node Type": "Index Scan", "Parent Relationship": "Outer", "Scan Direction": "Forward", "Index Name": "role_type_pkey", "Relation Name": "role_type", "Alias": "rt", "Startup Cost": 0.0, "Total Cost": 12.46, "Plan Rows": 1, "Plan Width": 4, "Filter": "((role)::text = 'costume designer'::text)"}]}]}]}]}, {"Node Type": "Hash", "Parent Relationship": "Inner", "Startup Cost": 121444.67, "Total Cost": 121444.67, "Plan Rows": 901342, "Plan Width": 20, "Plans": [{"Node Type": "Streaming(type: LOCAL REDISTRIBUTE dop: 16/1)", "Parent Relationship": "Outer", "Startup Cost": 0.0, "Total Cost": 121444.67, "Plan Rows": 901342, "Plan Width": 20, "Plans": [{"Node Type": "Index Scan", "Parent Relationship": "Outer", "Scan Direction": "Forward", "Index Name": "person_id_aka_name", "Relation Name": "aka_name", "Alias": "an1", "Startup Cost": 0.0, "Total Cost": 68965.03, "Plan Rows": 901342, "Plan Width": 20}]}]}]}]}, {"Node Type": "Hash", "Parent Relationship": "Inner", "Startup Cost": 139099.07, "Total Cost": 139099.07, "Plan Rows": 2609128, "Plan Width": 8, "Plans": [{"Node Type": "Streaming(type: LOCAL REDISTRIBUTE dop: 16/16)", "Parent Relationship": "Outer", "Startup Cost": 0.0, "Total Cost": 139099.07, "Plan Rows": 2609128, "Plan Width": 8, "Plans": [{"Node Type": "Index Scan", "Parent Relationship": "Outer", "Scan Direction": "Forward", "Index Name": "company_id_movie_companies", "Relation Name": "movie_companies", "Alias": "mc", "Startup Cost": 0.0, "Total Cost": 114212.92, "Plan Rows": 2609128, "Plan Width": 8}]}]}]}]}, {"Node Type": "Hash", "Parent Relationship": "Inner", "Startup Cost": 29042.93, "Total Cost": 29042.93, "Plan Rows": 85170, "Plan Width": 4, "Plans": [{"Node Type": "Streaming(type: LOCAL REDISTRIBUTE dop: 16/1)", "Parent Relationship": "Outer", "Startup Cost": 0.0, "Total Cost": 29042.93, "Plan Rows": 85170, "Plan Width": 4, "Plans": [{"Node Type": "Index Scan", "Parent Relationship": "Outer", "Scan Direction": "Forward", "Index Name": "company_name_pkey", "Relation Name": "company_name", "Alias": "cn", "Startup Cost": 0.0, "Total Cost": 10501.39, "Plan Rows": 85170, "Plan Width": 4, "Filter": "((country_code)::text = '[us]'::text)"}]}]}]}]}, {"Node Type": "Hash", "Parent Relationship": "Inner", "Startup Cost": 131553.26, "Total Cost": 131553.26, "Plan Rows": 4167490, "Plan Width": 4, "Plans": [{"Node Type": "Streaming(type: LOCAL REDISTRIBUTE dop: 16/16)", "Parent Relationship": "Outer", "Startup Cost": 0.0, "Total Cost": 131553.26, "Plan Rows": 4167490, "Plan Width": 4, "Plans": [{"Node Type": "Index Only Scan", "Parent Relationship": "Outer", "Scan Direction": "Forward", "Index Name": "name_pkey", "Relation Name": "name", "Alias": "n1", "Startup Cost": 0.0, "Total Cost": 100762.38, "Plan Rows": 4167490, "Plan Width": 4}]}]}]}]}, {"Node Type": "Hash", "Parent Relationship": "Inner", "Startup Cost": 125997.5, "Total Cost": 125997.5, "Plan Rows": 2528311, "Plan Width": 21, "Plans": [{"Node Type": "Streaming(type: LOCAL REDISTRIBUTE dop: 16/16)", "Parent Relationship": "Outer", "Startup Cost": 0.0, "Total Cost": 125997.5, "Plan Rows": 2528311, "Plan Width": 21, "Plans": [{"Node Type": "Index Scan", "Parent Relationship": "Outer", "Scan Direction": "Forward", "Index Name": "title_pkey", "Relation Name": "title", "Alias": "t", "Startup Cost": 0.0, "Total Cost": 101417.57, "Plan Rows": 2528311, "Plan Width": 21}]}]}]}]}]}]}, "Unique SQL Id": 2457761703, "Planner Runtime": 99}, "explain_analyze_plan": {"Plan": {"Node Type": "Aggregate", "Strategy": "Plain", "Startup Cost": 1386311.37, "Total Cost": 1386311.4, "Plan Rows": 1, "Plan Width": 97, "Actual Min Startup Time": 3016.727, "Actual Max Startup Time": 3016.727, "Actual Min Total Time": 3016.727, "Actual Max Total Time": 3016.727, "Plans": [{"Node Type": "Streaming(type: LOCAL GATHER dop: 1/16)", "Parent Relationship": "Outer", "Startup Cost": 1386311.37, "Total Cost": 1386311.4, "Plan Rows": 1, "Plan Width": 97, "Actual Min Startup Time": 3014.969, "Actual Max Startup Time": 3014.969, "Actual Min Total Time": 3016.698, "Actual Max Total Time": 3016.698, "Plans": [{"Node Type": "Aggregate", "Strategy": "Plain", "Parent Relationship": "Outer", "Startup Cost": 1386311.37, "Total Cost": 1386311.38, "Plan Rows": 1, "Plan Width": 97, "Actual Min Startup Time": 2452.307, "Actual Max Startup Time": 2773.943, "Actual Min Total Time": 2452.307, "Actual Max Total Time": 2773.943, "Plans": [{"Node Type": "Hash Join", "Parent Relationship": "Outer", "Join Type": "Inner", "Startup Cost": 252373.93, "Total Cost": 1384525.88, "Plan Rows": 357098, "Plan Width": 33, "Actual Min Startup Time": 1492.674, "Actual Max Startup Time": 1800.208, "Actual Min Total Time": 2442.179, "Actual Max Total Time": 2764.078, "Inner Unique": true, "Hash Cond": "(ci.movie_id = t.id), (LLVM Optimized, Jit Execute)", "Plans": [{"Node Type": "Streaming(type: LOCAL REDISTRIBUTE dop: 16/16)", "Parent Relationship": "Outer", "Startup Cost": 218899.31, "Total Cost": 1350744.31, "Plan Rows": 357379, "Plan Width": 24, "Actual Min Startup Time": 833.323, "Actual Max Startup Time": 866.804, "Actual Min Total Time": 1785.71, "Actual Max Total Time": 1789.384, "Plans": [{"Node Type": "Hash Join", "Parent Relationship": "Outer", "Join Type": "Inner", "Startup Cost": 218899.31, "Total Cost": 1334390.18, "Plan Rows": 357379, "Plan Width": 24, "Actual Min Startup Time": 1478.442, "Actual Max Startup Time": 1845.635, "Actual Min Total Time": 2411.533, "Actual Max Total Time": 2739.897, "Inner Unique": true, "Hash Cond": "(an1.person_id = n1.id), (LLVM Optimized, Jit Execute)", "Plans": [{"Node Type": "Streaming(type: LOCAL REDISTRIBUTE dop: 16/16)", "Parent Relationship": "Outer", "Startup Cost": 182755.14, "Total Cost": 1297938.9, "Plan Rows": 357379, "Plan Width": 32, "Actual Min Startup Time": 933.902, "Actual Max Startup Time": 1015.725, "Actual Min Total Time": 1841.143, "Actual Max Total Time": 1880.29, "Plans": [{"Node Type": "Hash Join", "Parent Relationship": "Outer", "Join Type": "Inner", "Startup Cost": 182755.14, "Total Cost": 1281584.76, "Plan Rows": 357379, "Plan Width": 32, "Actual Min Startup Time": 1476.517, "Actual Max Startup Time": 1785.65, "Actual Min Total Time": 2402.318, "Actual Max Total Time": 2712.944, "Inner Unique": true, "Hash Cond": "(mc.company_id = cn.id), (LLVM Optimized, Jit Execute)", "Plans": [{"Node Type": "Streaming(type: LOCAL REDISTRIBUTE dop: 16/16)", "Parent Relationship": "Outer", "Startup Cost": 175427.87, "Total Cost": 1273863.7, "Plan Rows": 727161, "Plan Width": 36, "Actual Min Startup Time": 939.808, "Actual Max Startup Time": 953.706, "Actual Min Total Time": 1837.829, "Actual Max Total Time": 1875.162, "Plans": [{"Node Type": "Hash Join", "Parent Relationship": "Outer", "Join Type": "Inner", "Startup Cost": 175427.87, "Total Cost": 1256108.44, "Plan Rows": 727161, "Plan Width": 36, "Actual Min Startup Time": 1472.901, "Actual Max Startup Time": 1695.103, "Actual Min Total Time": 2347.742, "Actual Max Total Time": 2564.668, "Inner Unique": false, "Hash Cond": "(ci.movie_id = mc.movie_id), (LLVM Optimized, Jit Execute)", "Plans": [{"Node Type": "Streaming(type: LOCAL REDISTRIBUTE dop: 16/16)", "Parent Relationship": "Outer", "Startup Cost": 137161.66, "Total Cost": 1215145.72, "Plan Rows": 1484588, "Plan Width": 28, "Actual Min Startup Time": 854.759, "Actual Max Startup Time": 865.43, "Actual Min Total Time": 1702.529, "Actual Max Total Time": 1733.903, "Plans": [{"Node Type": "Hash Join", "Parent Relationship": "Outer", "Join Type": "Inner", "Startup Cost": 137161.66, "Total Cost": 1194520.52, "Plan Rows": 1484588, "Plan Width": 28, "Actual Min Startup Time": 1454.824, "Actual Max Startup Time": 1724.007, "Actual Min Total Time": 2407.762, "Actual Max Total Time": 2640.284, "Inner Unique": false, "Hash Cond": "(ci.person_id = an1.person_id), (LLVM Optimized, Jit Execute)", "Plans": [{"Node Type": "Streaming(type: LOCAL REDISTRIBUTE dop: 16/16)", "Parent Relationship": "Outer", "Startup Cost": 15012.82, "Total Cost": 1066844.59, "Plan Rows": 3296318, "Plan Width": 8, "Actual Min Startup Time": 0.058, "Actual Max Startup Time": 8.898, "Actual Min Total Time": 908.405, "Actual Max Total Time": 957.393, "Plans": [{"Node Type": "Hash Join", "Parent Relationship": "Outer", "Join Type": "Inner", "Startup Cost": 15012.82, "Total Cost": 1039354.63, "Plan Rows": 3296318, "Plan Width": 8, "Actual Min Startup Time": 1432.293, "Actual Max Startup Time": 2264.926, "Actual Min Total Time": 1997.664, "Actual Max Total Time": 2264.926, "Inner Unique": true, "Hash Cond": "(ci.role_id = rt.id), (LLVM Optimized, Jit Execute)", "Plans": [{"Node Type": "Index Scan", "Parent Relationship": "Outer", "Scan Direction": "Forward", "Index Name": "role_id_cast_info", "Relation Name": "cast_info", "Alias": "ci", "Startup Cost": 0.0, "Total Cost": 1016601.9, "Plan Rows": 36259494, "Plan Width": 12, "Actual Min Startup Time": 525.127, "Actual Max Startup Time": 700.603, "Actual Min Total Time": 1579.979, "Actual Max Total Time": 1775.199, "Actual Rows": 36244343}, {"Node Type": "Hash", "Parent Relationship": "Inner", "Startup Cost": 15012.81, "Total Cost": 15012.81, "Plan Rows": 16, "Plan Width": 4, "Actual Min Startup Time": 0.008, "Actual Max Startup Time": 157.94, "Actual Min Total Time": 0.008, "Actual Max Total Time": 157.94, "Max Hash Buckets": 32768, "Min Hash Buckets": 32768, "Max Hash Batches": 1, "Min Hash Batches": 1, "Max Original Hash Batches": 1, "Min Original Hash Batches": 1, "Max Peak Memory Usage": 1, "min Peak Memory Usage": 1, "Plans": [{"Node Type": "Streaming(type: BROADCAST dop: 16/1)", "Parent Relationship": "Outer", "Startup Cost": 0.0, "Total Cost": 15012.81, "Plan Rows": 16, "Plan Width": 4, "Actual Min Startup Time": 0.004, "Actual Max Startup Time": 157.931, "Actual Min Total Time": 0.004, "Actual Max Total Time": 157.932, "Plans": [{"Node Type": "Index Scan", "Parent Relationship": "Outer", "Scan Direction": "Forward", "Index Name": "role_type_pkey", "Relation Name": "role_type", "Alias": "rt", "Startup Cost": 0.0, "Total Cost": 12.46, "Plan Rows": 1, "Plan Width": 4, "Actual Min Startup Time": 0.036, "Actual Max Startup Time": 0.036, "Actual Min Total Time": 0.039, "Actual Max Total Time": 0.039, "Filter": "((role)::text = 'costume designer'::text)", "Rows Removed by Filter": 11, "Actual Rows": 1}], "Actual Rows": 16}], "Actual Rows": 16}], "Actual Rows": 276403}], "Actual Rows": 276403}, {"Node Type": "Hash", "Parent Relationship": "Inner", "Startup Cost": 121444.67, "Total Cost": 121444.67, "Plan Rows": 901342, "Plan Width": 20, "Actual Min Startup Time": 1454.672, "Actual Max Startup Time": 1721.476, "Actual Min Total Time": 1454.672, "Actual Max Total Time": 1721.476, "Max Hash Buckets": 65536, "Min Hash Buckets": 65536, "Max Hash Batches": 1, "Min Hash Batches": 1, "Max Original Hash Batches": 1, "Min Original Hash Batches": 1, "Max Peak Memory Usage": 2981, "min Peak Memory Usage": 2981, "Plans": [{"Node Type": "Streaming(type: LOCAL REDISTRIBUTE dop: 16/1)", "Parent Relationship": "Outer", "Startup Cost": 0.0, "Total Cost": 121444.67, "Plan Rows": 901342, "Plan Width": 20, "Actual Min Startup Time": 0.038, "Actual Max Startup Time": 267.893, "Actual Min Total Time": 1437.52, "Actual Max Total Time": 1697.706, "Plans": [{"Node Type": "Index Scan", "Parent Relationship": "Outer", "Scan Direction": "Forward", "Index Name": "person_id_aka_name", "Relation Name": "aka_name", "Alias": "an1", "Startup Cost": 0.0, "Total Cost": 68965.03, "Plan Rows": 901342, "Plan Width": 20, "Actual Min Startup Time": 0.045, "Actual Max Startup Time": 0.045, "Actual Min Total Time": 790.494, "Actual Max Total Time": 790.494, "Actual Rows": 901342}], "Actual Rows": 901342}], "Actual Rows": 901342}], "Actual Rows": 218966}], "Actual Rows": 218966}, {"Node Type": "Hash", "Parent Relationship": "Inner", "Startup Cost": 139099.07, "Total Cost": 139099.07, "Plan Rows": 2609128, "Plan Width": 8, "Actual Min Startup Time": 615.186, "Actual Max Startup Time": 829.886, "Actual Min Total Time": 615.186, "Actual Max Total Time": 829.886, "Max Hash Buckets": 262144, "Min Hash Buckets": 262144, "Max Hash Batches": 1, "Min Hash Batches": 1, "Max Original Hash Batches": 1, "Min Original Hash Batches": 1, "Max Peak Memory Usage": 6396, "min Peak Memory Usage": 6396, "Plans": [{"Node Type": "Streaming(type: LOCAL REDISTRIBUTE dop: 16/16)", "Parent Relationship": "Outer", "Startup Cost": 0.0, "Total Cost": 139099.07, "Plan Rows": 2609128, "Plan Width": 8, "Actual Min Startup Time": 0.056, "Actual Max Startup Time": 113.189, "Actual Min Total Time": 559.012, "Actual Max Total Time": 772.166, "Plans": [{"Node Type": "Index Scan", "Parent Relationship": "Outer", "Scan Direction": "Forward", "Index Name": "company_id_movie_companies", "Relation Name": "movie_companies", "Alias": "mc", "Startup Cost": 0.0, "Total Cost": 114212.92, "Plan Rows": 2609128, "Plan Width": 8, "Actual Min Startup Time": 19.004, "Actual Max Startup Time": 177.289, "Actual Min Total Time": 203.954, "Actual Max Total Time": 513.187, "Actual Rows": 2609128}], "Actual Rows": 2609128}], "Actual Rows": 2609128}], "Actual Rows": 752819}], "Actual Rows": 752819}, {"Node Type": "Hash", "Parent Relationship": "Inner", "Startup Cost": 29042.93, "Total Cost": 29042.93, "Plan Rows": 85170, "Plan Width": 4, "Actual Min Startup Time": 536.375, "Actual Max Startup Time": 835.261, "Actual Min Total Time": 536.375, "Actual Max Total Time": 835.261, "Max Hash Buckets": 32768, "Min Hash Buckets": 32768, "Max Hash Batches": 1, "Min Hash Batches": 1, "Max Original Hash Batches": 1, "Min Original Hash Batches": 1, "Max Peak Memory Usage": 182, "min Peak Memory Usage": 182, "Plans": [{"Node Type": "Streaming(type: LOCAL REDISTRIBUTE dop: 16/1)", "Parent Relationship": "Outer", "Startup Cost": 0.0, "Total Cost": 29042.93, "Plan Rows": 85170, "Plan Width": 4, "Actual Min Startup Time": 0.032, "Actual Max Startup Time": 300.148, "Actual Min Total Time": 534.433, "Actual Max Total Time": 833.344, "Plans": [{"Node Type": "Index Scan", "Parent Relationship": "Outer", "Scan Direction": "Forward", "Index Name": "company_name_pkey", "Relation Name": "company_name", "Alias": "cn", "Startup Cost": 0.0, "Total Cost": 10501.39, "Plan Rows": 85170, "Plan Width": 4, "Actual Min Startup Time": 0.056, "Actual Max Startup Time": 0.056, "Actual Min Total Time": 461.422, "Actual Max Total Time": 461.422, "Filter": "((country_code)::text = '[us]'::text)", "Rows Removed by Filter": 150153, "Actual Rows": 84843}], "Actual Rows": 84843}], "Actual Rows": 84843}], "Actual Rows": 323005}], "Actual Rows": 323005}, {"Node Type": "Hash", "Parent Relationship": "Inner", "Startup Cost": 131553.26, "Total Cost": 131553.26, "Plan Rows": 4167490, "Plan Width": 4, "Actual Min Startup Time": 544.225, "Actual Max Startup Time": 856.796, "Actual Min Total Time": 544.225, "Actual Max Total Time": 856.796, "Max Hash Buckets": 262144, "Min Hash Buckets": 262144, "Max Hash Batches": 1, "Min Hash Batches": 1, "Max Original Hash Batches": 1, "Min Original Hash Batches": 1, "Max Peak Memory Usage": 9174, "min Peak Memory Usage": 9174, "Plans": [{"Node Type": "Streaming(type: LOCAL REDISTRIBUTE dop: 16/16)", "Parent Relationship": "Outer", "Startup Cost": 0.0, "Total Cost": 131553.26, "Plan Rows": 4167490, "Plan Width": 4, "Actual Min Startup Time": 0.051, "Actual Max Startup Time": 188.664, "Actual Min Total Time": 417.759, "Actual Max Total Time": 778.497, "Plans": [{"Node Type": "Index Only Scan", "Parent Relationship": "Outer", "Scan Direction": "Forward", "Index Name": "name_pkey", "Relation Name": "name", "Alias": "n1", "Startup Cost": 0.0, "Total Cost": 100762.38, "Plan Rows": 4167490, "Plan Width": 4, "Actual Min Startup Time": 17.283, "Actual Max Startup Time": 192.328, "Actual Min Total Time": 76.095, "Actual Max Total Time": 250.704, "Heap Fetches": 0, "Actual Rows": 4167490}], "Actual Rows": 4167490}], "Actual Rows": 4167490}], "Actual Rows": 323005}], "Actual Rows": 323005}, {"Node Type": "Hash", "Parent Relationship": "Inner", "Startup Cost": 125997.5, "Total Cost": 125997.5, "Plan Rows": 2528311, "Plan Width": 21, "Actual Min Startup Time": 645.186, "Actual Max Startup Time": 966.673, "Actual Min Total Time": 645.186, "Actual Max Total Time": 966.673, "Max Hash Buckets": 262144, "Min Hash Buckets": 262144, "Max Hash Batches": 1, "Min Hash Batches": 1, "Max Original Hash Batches": 1, "Min Original Hash Batches": 1, "Max Peak Memory Usage": 8518, "min Peak Memory Usage": 8518, "Plans": [{"Node Type": "Streaming(type: LOCAL REDISTRIBUTE dop: 16/16)", "Parent Relationship": "Outer", "Startup Cost": 0.0, "Total Cost": 125997.5, "Plan Rows": 2528311, "Plan Width": 21, "Actual Min Startup Time": 0.051, "Actual Max Startup Time": 213.68, "Actual Min Total Time": 568.68, "Actual Max Total Time": 915.11, "Plans": [{"Node Type": "Index Scan", "Parent Relationship": "Outer", "Scan Direction": "Forward", "Index Name": "title_pkey", "Relation Name": "title", "Alias": "t", "Startup Cost": 0.0, "Total Cost": 101417.57, "Plan Rows": 2528311, "Plan Width": 21, "Actual Min Startup Time": 15.493, "Actual Max Startup Time": 56.079, "Actual Min Total Time": 308.397, "Actual Max Total Time": 483.077, "Actual Rows": 2528311}], "Actual Rows": 2528311}], "Actual Rows": 2528311}], "Actual Rows": 323005}], "Actual Rows": 16}], "Actual Rows": 16}], "Actual Rows": 1}, "Triggers": [], "Planner Runtime": 122.952, "Total Runtime": 3060.918, "Unique SQL Id": 2457761703}}, "(16, '106')": {"explain_plan": {"Plan": {"Node Type": "Aggregate", "Strategy": "Plain", "Startup Cost": 287566.27, "Total Cost": 287566.3, "Plan Rows": 1, "Plan Width": 97, "Plans": [{"Node Type": "Streaming(type: LOCAL GATHER dop: 1/16)", "Parent Relationship": "Outer", "Startup Cost": 287566.27, "Total Cost": 287566.3, "Plan Rows": 1, "Plan Width": 97, "Plans": [{"Node Type": "Aggregate", "Strategy": "Plain", "Parent Relationship": "Outer", "Startup Cost": 287566.27, "Total Cost": 287566.28, "Plan Rows": 1, "Plan Width": 97, "Plans": [{"Node Type": "Hash Join", "Parent Relationship": "Outer", "Join Type": "Inner", "Startup Cost": 142621.96, "Total Cost": 285780.78, "Plan Rows": 357098, "Plan Width": 33, "Inner Unique": true, "Hash Cond": "(an1.person_id = n1.id), (LLVM Optimized)", "Plans": [{"Node Type": "Streaming(type: LOCAL REDISTRIBUTE dop: 16/16)", "Parent Relationship": "Outer", "Startup Cost": 126464.14, "Total Cost": 269316.07, "Plan Rows": 357098, "Plan Width": 41, "Plans": [{"Node Type": "Hash Join", "Parent Relationship": "Outer", "Join Type": "Inner", "Startup Cost": 126464.14, "Total Cost": 252963.01, "Plan Rows": 357098, "Plan Width": 41, "Inner Unique": true, "Hash Cond": "(ci.movie_id = t.id), (LLVM Optimized)", "Plans": [{"Node Type": "Streaming(type: LOCAL REDISTRIBUTE dop: 16/16)", "Parent Relationship": "Outer", "Startup Cost": 113655.34, "Total Cost": 239847.25, "Plan Rows": 357379, "Plan Width": 32, "Plans": [{"Node Type": "Hash Join", "Parent Relationship": "Outer", "Join Type": "Inner", "Startup Cost": 113655.34, "Total Cost": 223493.12, "Plan Rows": 357379, "Plan Width": 32, "Inner Unique": false, "Hash Cond": "(ci.person_id = an1.person_id), (LLVM Optimized)", "Plans": [{"Node Type": "Streaming(type: LOCAL REDISTRIBUTE dop: 16/16)", "Parent Relationship": "Outer", "Startup Cost": 104286.28, "Total Cost": 212931.86, "Plan Rows": 711018, "Plan Width": 12, "Plans": [{"Node Type": "Hash Join", "Parent Relationship": "Outer", "Join Type": "Inner", "Startup Cost": 104286.28, "Total Cost": 195237.77, "Plan Rows": 711018, "Plan Width": 12, "Inner Unique": false, "Hash Cond": "(ci.movie_id = mc.movie_id), (LLVM Optimized)", "Plans": [{"Node Type": "Streaming(type: LOCAL REDISTRIBUTE dop: 16/16)", "Parent Relationship": "Outer", "Startup Cost": 15001.51, "Total Cost": 102848.74, "Plan Rows": 3296318, "Plan Width": 8, "Plans": [{"Node Type": "Hash Join", "Parent Relationship": "Outer", "Join Type": "Inner", "Startup Cost": 15001.51, "Total Cost": 75358.79, "Plan Rows": 3296318, "Plan Width": 8, "Inner Unique": true, "Hash Cond": "(ci.role_id = rt.id), (LLVM Optimized)", "Plans": [{"Node Type": "Seq Scan", "Parent Relationship": "Outer", "Relation Name": "cast_info", "Alias": "ci", "Startup Cost": 0.0, "Total Cost": 52617.37, "Plan Rows": 36259494, "Plan Width": 12}, {"Node Type": "Hash", "Parent Relationship": "Inner", "Startup Cost": 15001.5, "Total Cost": 15001.5, "Plan Rows": 16, "Plan Width": 4, "Plans": [{"Node Type": "Streaming(type: BROADCAST dop: 16/1)", "Parent Relationship": "Outer", "Startup Cost": 0.0, "Total Cost": 15001.5, "Plan Rows": 16, "Plan Width": 4, "Plans": [{"Node Type": "Seq Scan", "Parent Relationship": "Outer", "Relation Name": "role_type", "Alias": "rt", "Startup Cost": 0.0, "Total Cost": 1.15, "Plan Rows": 1, "Plan Width": 4, "Filter": "((role)::text = 'costume designer'::text)"}]}]}]}]}, {"Node Type": "Hash", "Parent Relationship": "Inner", "Startup Cost": 88282.97, "Total Cost": 88282.97, "Plan Rows": 1282311, "Plan Width": 4, "Plans": [{"Node Type": "Streaming(type: LOCAL REDISTRIBUTE dop: 16/16)", "Parent Relationship": "Outer", "Startup Cost": 24511.53, "Total Cost": 88282.97, "Plan Rows": 1282311, "Plan Width": 4, "Plans": [{"Node Type": "Hash Join", "Parent Relationship": "Outer", "Join Type": "Inner", "Startup Cost": 24511.53, "Total Cost": 68424.21, "Plan Rows": 1282311, "Plan Width": 4, "Inner Unique": true, "Hash Cond": "(mc.company_id = cn.id), (LLVM Optimized)", "Plans": [{"Node Type": "Streaming(type: LOCAL REDISTRIBUTE dop: 16/16)", "Parent Relationship": "Outer", "Startup Cost": 0.0, "Total Cost": 42499.73, "Plan Rows": 2609128, "Plan Width": 8, "Plans": [{"Node Type": "Seq Scan", "Parent Relationship": "Outer", "Relation Name": "movie_companies", "Alias": "mc", "Startup Cost": 0.0, "Total Cost": 17613.58, "Plan Rows": 2609128, "Plan Width": 8}]}, {"Node Type": "Hash", "Parent Relationship": "Inner", "Startup Cost": 24444.99, "Total Cost": 24444.99, "Plan Rows": 85170, "Plan Width": 4, "Plans": [{"Node Type": "Streaming(type: LOCAL REDISTRIBUTE dop: 16/1)", "Parent Relationship": "Outer", "Startup Cost": 0.0, "Total Cost": 24444.99, "Plan Rows": 85170, "Plan Width": 4, "Plans": [{"Node Type": "Seq Scan", "Parent Relationship": "Outer", "Relation Name": "company_name", "Alias": "cn", "Startup Cost": 0.0, "Total Cost": 5903.45, "Plan Rows": 85170, "Plan Width": 4, "Filter": "((country_code)::text = '[us]'::text)"}]}]}]}]}]}]}]}, {"Node Type": "Hash", "Parent Relationship": "Inner", "Startup Cost": 34659.52, "Total Cost": 34659.52, "Plan Rows": 901342, "Plan Width": 20, "Plans": [{"Node Type": "Streaming(type: LOCAL REDISTRIBUTE dop: 16/16)", "Parent Relationship": "Outer", "Startup Cost": 0.0, "Total Cost": 34659.52, "Plan Rows": 901342, "Plan Width": 20, "Plans": [{"Node Type": "Seq Scan", "Parent Relationship": "Outer", "Relation Name": "aka_name", "Alias": "an1", "Startup Cost": 0.0, "Total Cost": 16244.28, "Plan Rows": 901342, "Plan Width": 20}]}]}]}]}, {"Node Type": "Hash", "Parent Relationship": "Inner", "Startup Cost": 43334.25, "Total Cost": 43334.25, "Plan Rows": 2528311, "Plan Width": 21, "Plans": [{"Node Type": "Streaming(type: LOCAL REDISTRIBUTE dop: 16/16)", "Parent Relationship": "Outer", "Startup Cost": 0.0, "Total Cost": 43334.25, "Plan Rows": 2528311, "Plan Width": 21, "Plans": [{"Node Type": "Seq Scan", "Parent Relationship": "Outer", "Relation Name": "title", "Alias": "t", "Startup Cost": 0.0, "Total Cost": 18754.32, "Plan Rows": 2528311, "Plan Width": 21}]}]}]}]}, {"Node Type": "Hash", "Parent Relationship": "Inner", "Startup Cost": 51607.87, "Total Cost": 51607.87, "Plan Rows": 4167490, "Plan Width": 4, "Plans": [{"Node Type": "Streaming(type: LOCAL REDISTRIBUTE dop: 16/16)", "Parent Relationship": "Outer", "Startup Cost": 0.0, "Total Cost": 51607.87, "Plan Rows": 4167490, "Plan Width": 4, "Plans": [{"Node Type": "Seq Scan", "Parent Relationship": "Outer", "Relation Name": "name", "Alias": "n1", "Startup Cost": 0.0, "Total Cost": 20816.99, "Plan Rows": 4167490, "Plan Width": 4}]}]}]}]}]}]}, "Unique SQL Id": 2457761703, "Planner Runtime": 254}, "explain_analyze_plan": {"Plan": {"Node Type": "Aggregate", "Strategy": "Plain", "Startup Cost": 287566.27, "Total Cost": 287566.3, "Plan Rows": 1, "Plan Width": 97, "Actual Min Startup Time": 1429.474, "Actual Max Startup Time": 1429.474, "Actual Min Total Time": 1429.474, "Actual Max Total Time": 1429.474, "Plans": [{"Node Type": "Streaming(type: LOCAL GATHER dop: 1/16)", "Parent Relationship": "Outer", "Startup Cost": 287566.27, "Total Cost": 287566.3, "Plan Rows": 1, "Plan Width": 97, "Actual Min Startup Time": 1428.475, "Actual Max Startup Time": 1428.475, "Actual Min Total Time": 1429.447, "Actual Max Total Time": 1429.447, "Plans": [{"Node Type": "Aggregate", "Strategy": "Plain", "Parent Relationship": "Outer", "Startup Cost": 287566.27, "Total Cost": 287566.28, "Plan Rows": 1, "Plan Width": 97, "Actual Min Startup Time": 1046.427, "Actual Max Startup Time": 1225.524, "Actual Min Total Time": 1046.427, "Actual Max Total Time": 1225.525, "Plans": [{"Node Type": "Hash Join", "Parent Relationship": "Outer", "Join Type": "Inner", "Startup Cost": 142621.96, "Total Cost": 285780.78, "Plan Rows": 357098, "Plan Width": 33, "Actual Min Startup Time": 657.95, "Actual Max Startup Time": 846.411, "Actual Min Total Time": 1031.721, "Actual Max Total Time": 1217.172, "Inner Unique": true, "Hash Cond": "(an1.person_id = n1.id), (LLVM Optimized, Jit Execute)", "Plans": [{"Node Type": "Streaming(type: LOCAL REDISTRIBUTE dop: 16/16)", "Parent Relationship": "Outer", "Startup Cost": 126464.14, "Total Cost": 269316.07, "Plan Rows": 357098, "Plan Width": 41, "Actual Min Startup Time": 138.252, "Actual Max Startup Time": 161.278, "Actual Min Total Time": 500.465, "Actual Max Total Time": 521.157, "Plans": [{"Node Type": "Hash Join", "Parent Relationship": "Outer", "Join Type": "Inner", "Startup Cost": 126464.14, "Total Cost": 252963.01, "Plan Rows": 357098, "Plan Width": 41, "Actual Min Startup Time": 650.282, "Actual Max Startup Time": 827.406, "Actual Min Total Time": 1018.2, "Actual Max Total Time": 1197.69, "Inner Unique": true, "Hash Cond": "(ci.movie_id = t.id), (LLVM Optimized, Jit Execute)", "Plans": [{"Node Type": "Streaming(type: LOCAL REDISTRIBUTE dop: 16/16)", "Parent Relationship": "Outer", "Startup Cost": 113655.34, "Total Cost": 239847.25, "Plan Rows": 357379, "Plan Width": 32, "Actual Min Startup Time": 284.581, "Actual Max Startup Time": 292.563, "Actual Min Total Time": 643.034, "Actual Max Total Time": 653.83, "Plans": [{"Node Type": "Hash Join", "Parent Relationship": "Outer", "Join Type": "Inner", "Startup Cost": 113655.34, "Total Cost": 223493.12, "Plan Rows": 357379, "Plan Width": 32, "Actual Min Startup Time": 656.508, "Actual Max Startup Time": 864.813, "Actual Min Total Time": 976.219, "Actual Max Total Time": 1211.51, "Inner Unique": false, "Hash Cond": "(ci.person_id = an1.person_id), (LLVM Optimized, Jit Execute)", "Plans": [{"Node Type": "Streaming(type: LOCAL REDISTRIBUTE dop: 16/16)", "Parent Relationship": "Outer", "Startup Cost": 104286.28, "Total Cost": 212931.86, "Plan Rows": 711018, "Plan Width": 12, "Actual Min Startup Time": 516.593, "Actual Max Startup Time": 530.476, "Actual Min Total Time": 825.032, "Actual Max Total Time": 876.688, "Plans": [{"Node Type": "Hash Join", "Parent Relationship": "Outer", "Join Type": "Inner", "Startup Cost": 104286.28, "Total Cost": 195237.77, "Plan Rows": 711018, "Plan Width": 12, "Actual Min Startup Time": 655.48, "Actual Max Startup Time": 884.626, "Actual Min Total Time": 967.321, "Actual Max Total Time": 1196.253, "Inner Unique": false, "Hash Cond": "(ci.movie_id = mc.movie_id), (LLVM Optimized, Jit Execute)", "Plans": [{"Node Type": "Streaming(type: LOCAL REDISTRIBUTE dop: 16/16)", "Parent Relationship": "Outer", "Startup Cost": 15001.51, "Total Cost": 102848.74, "Plan Rows": 3296318, "Plan Width": 8, "Actual Min Startup Time": 0.062, "Actual Max Startup Time": 0.846, "Actual Min Total Time": 293.775, "Actual Max Total Time": 312.773, "Plans": [{"Node Type": "Hash Join", "Parent Relationship": "Outer", "Join Type": "Inner", "Startup Cost": 15001.51, "Total Cost": 75358.79, "Plan Rows": 3296318, "Plan Width": 8, "Actual Min Startup Time": 729.862, "Actual Max Startup Time": 782.989, "Actual Min Total Time": 934.617, "Actual Max Total Time": 992.529, "Inner Unique": true, "Hash Cond": "(ci.role_id = rt.id), (LLVM Optimized, Jit Execute)", "Plans": [{"Node Type": "Seq Scan", "Parent Relationship": "Outer", "Relation Name": "cast_info", "Alias": "ci", "Startup Cost": 0.0, "Total Cost": 52617.37, "Plan Rows": 36259494, "Plan Width": 12, "Actual Min Startup Time": 0.029, "Actual Max Startup Time": 0.042, "Actual Min Total Time": 515.441, "Actual Max Total Time": 569.135, "Actual Rows": 36244343}, {"Node Type": "Hash", "Parent Relationship": "Inner", "Startup Cost": 15001.5, "Total Cost": 15001.5, "Plan Rows": 16, "Plan Width": 4, "Actual Min Startup Time": 0.012, "Actual Max Startup Time": 11.903, "Actual Min Total Time": 0.012, "Actual Max Total Time": 11.903, "Max Hash Buckets": 32768, "Min Hash Buckets": 32768, "Max Hash Batches": 1, "Min Hash Batches": 1, "Max Original Hash Batches": 1, "Min Original Hash Batches": 1, "Max Peak Memory Usage": 1, "min Peak Memory Usage": 1, "Plans": [{"Node Type": "Streaming(type: BROADCAST dop: 16/1)", "Parent Relationship": "Outer", "Startup Cost": 0.0, "Total Cost": 15001.5, "Plan Rows": 16, "Plan Width": 4, "Actual Min Startup Time": 0.004, "Actual Max Startup Time": 11.888, "Actual Min Total Time": 0.004, "Actual Max Total Time": 11.889, "Plans": [{"Node Type": "Seq Scan", "Parent Relationship": "Outer", "Relation Name": "role_type", "Alias": "rt", "Startup Cost": 0.0, "Total Cost": 1.15, "Plan Rows": 1, "Plan Width": 4, "Actual Min Startup Time": 0.025, "Actual Max Startup Time": 0.025, "Actual Min Total Time": 0.027, "Actual Max Total Time": 0.027, "Filter": "((role)::text = 'costume designer'::text)", "Rows Removed by Filter": 11, "Actual Rows": 1}], "Actual Rows": 16}], "Actual Rows": 16}], "Actual Rows": 276403}], "Actual Rows": 276403}, {"Node Type": "Hash", "Parent Relationship": "Inner", "Startup Cost": 88282.97, "Total Cost": 88282.97, "Plan Rows": 1282311, "Plan Width": 4, "Actual Min Startup Time": 655.204, "Actual Max Startup Time": 884.113, "Actual Min Total Time": 655.204, "Actual Max Total Time": 884.113, "Max Hash Buckets": 131072, "Min Hash Buckets": 131072, "Max Hash Batches": 1, "Min Hash Batches": 1, "Max Original Hash Batches": 1, "Min Original Hash Batches": 1, "Max Peak Memory Usage": 2542, "min Peak Memory Usage": 2542, "Plans": [{"Node Type": "Streaming(type: LOCAL REDISTRIBUTE dop: 16/16)", "Parent Relationship": "Outer", "Startup Cost": 24511.53, "Total Cost": 88282.97, "Plan Rows": 1282311, "Plan Width": 4, "Actual Min Startup Time": 186.112, "Actual Max Startup Time": 414.758, "Actual Min Total Time": 627.769, "Actual Max Total Time": 863.493, "Plans": [{"Node Type": "Hash Join", "Parent Relationship": "Outer", "Join Type": "Inner", "Startup Cost": 24511.53, "Total Cost": 68424.21, "Plan Rows": 1282311, "Plan Width": 4, "Actual Min Startup Time": 176.757, "Actual Max Startup Time": 400.58, "Actual Min Total Time": 517.522, "Actual Max Total Time": 794.956, "Inner Unique": true, "Hash Cond": "(mc.company_id = cn.id), (LLVM Optimized, Jit Execute)", "Plans": [{"Node Type": "Streaming(type: LOCAL REDISTRIBUTE dop: 16/16)", "Parent Relationship": "Outer", "Startup Cost": 0.0, "Total Cost": 42499.73, "Plan Rows": 2609128, "Plan Width": 8, "Actual Min Startup Time": 0.062, "Actual Max Startup Time": 1.791, "Actual Min Total Time": 265.249, "Actual Max Total Time": 357.061, "Plans": [{"Node Type": "Seq Scan", "Parent Relationship": "Outer", "Relation Name": "movie_companies", "Alias": "mc", "Startup Cost": 0.0, "Total Cost": 17613.58, "Plan Rows": 2609128, "Plan Width": 8, "Actual Min Startup Time": 0.026, "Actual Max Startup Time": 0.044, "Actual Min Total Time": 42.83, "Actual Max Total Time": 51.451, "Actual Rows": 2609128}], "Actual Rows": 2609128}, {"Node Type": "Hash", "Parent Relationship": "Inner", "Startup Cost": 24444.99, "Total Cost": 24444.99, "Plan Rows": 85170, "Plan Width": 4, "Actual Min Startup Time": 176.63, "Actual Max Startup Time": 399.346, "Actual Min Total Time": 176.63, "Actual Max Total Time": 399.346, "Max Hash Buckets": 32768, "Min Hash Buckets": 32768, "Max Hash Batches": 1, "Min Hash Batches": 1, "Max Original Hash Batches": 1, "Min Original Hash Batches": 1, "Max Peak Memory Usage": 182, "min Peak Memory Usage": 182, "Plans": [{"Node Type": "Streaming(type: LOCAL REDISTRIBUTE dop: 16/1)", "Parent Relationship": "Outer", "Startup Cost": 0.0, "Total Cost": 24444.99, "Plan Rows": 85170, "Plan Width": 4, "Actual Min Startup Time": 0.035, "Actual Max Startup Time": 218.603, "Actual Min Total Time": 174.868, "Actual Max Total Time": 397.632, "Plans": [{"Node Type": "Seq Scan", "Parent Relationship": "Outer", "Relation Name": "company_name", "Alias": "cn", "Startup Cost": 0.0, "Total Cost": 5903.45, "Plan Rows": 85170, "Plan Width": 4, "Actual Min Startup Time": 0.038, "Actual Max Startup Time": 0.038, "Actual Min Total Time": 94.596, "Actual Max Total Time": 94.596, "Filter": "((country_code)::text = '[us]'::text)", "Rows Removed by Filter": 150153, "Actual Rows": 84843}], "Actual Rows": 84843}], "Actual Rows": 84843}], "Actual Rows": 1153797}], "Actual Rows": 1153797}], "Actual Rows": 1153797}], "Actual Rows": 285537}], "Actual Rows": 285537}, {"Node Type": "Hash", "Parent Relationship": "Inner", "Startup Cost": 34659.52, "Total Cost": 34659.52, "Plan Rows": 901342, "Plan Width": 20, "Actual Min Startup Time": 129.879, "Actual Max Startup Time": 348.156, "Actual Min Total Time": 129.879, "Actual Max Total Time": 348.156, "Max Hash Buckets": 65536, "Min Hash Buckets": 65536, "Max Hash Batches": 1, "Min Hash Batches": 1, "Max Original Hash Batches": 1, "Min Original Hash Batches": 1, "Max Peak Memory Usage": 2981, "min Peak Memory Usage": 2981, "Plans": [{"Node Type": "Streaming(type: LOCAL REDISTRIBUTE dop: 16/16)", "Parent Relationship": "Outer", "Startup Cost": 0.0, "Total Cost": 34659.52, "Plan Rows": 901342, "Plan Width": 20, "Actual Min Startup Time": 0.048, "Actual Max Startup Time": 211.292, "Actual Min Total Time": 113.469, "Actual Max Total Time": 331.199, "Plans": [{"Node Type": "Seq Scan", "Parent Relationship": "Outer", "Relation Name": "aka_name", "Alias": "an1", "Startup Cost": 0.0, "Total Cost": 16244.28, "Plan Rows": 901342, "Plan Width": 20, "Actual Min Startup Time": 0.02, "Actual Max Startup Time": 0.037, "Actual Min Total Time": 16.899, "Actual Max Total Time": 20.777, "Actual Rows": 901342}], "Actual Rows": 901342}], "Actual Rows": 901342}], "Actual Rows": 323005}], "Actual Rows": 323005}, {"Node Type": "Hash", "Parent Relationship": "Inner", "Startup Cost": 43334.25, "Total Cost": 43334.25, "Plan Rows": 2528311, "Plan Width": 21, "Actual Min Startup Time": 361.928, "Actual Max Startup Time": 536.694, "Actual Min Total Time": 361.928, "Actual Max Total Time": 536.694, "Max Hash Buckets": 262144, "Min Hash Buckets": 262144, "Max Hash Batches": 1, "Min Hash Batches": 1, "Max Original Hash Batches": 1, "Min Original Hash Batches": 1, "Max Peak Memory Usage": 8518, "min Peak Memory Usage": 8518, "Plans": [{"Node Type": "Streaming(type: LOCAL REDISTRIBUTE dop: 16/16)", "Parent Relationship": "Outer", "Startup Cost": 0.0, "Total Cost": 43334.25, "Plan Rows": 2528311, "Plan Width": 21, "Actual Min Startup Time": 0.052, "Actual Max Startup Time": 29.929, "Actual Min Total Time": 291.244, "Actual Max Total Time": 484.112, "Plans": [{"Node Type": "Seq Scan", "Parent Relationship": "Outer", "Relation Name": "title", "Alias": "t", "Startup Cost": 0.0, "Total Cost": 18754.32, "Plan Rows": 2528311, "Plan Width": 21, "Actual Min Startup Time": 0.018, "Actual Max Startup Time": 0.034, "Actual Min Total Time": 48.948, "Actual Max Total Time": 58.428, "Actual Rows": 2528311}], "Actual Rows": 2528311}], "Actual Rows": 2528311}], "Actual Rows": 323005}], "Actual Rows": 323005}, {"Node Type": "Hash", "Parent Relationship": "Inner", "Startup Cost": 51607.87, "Total Cost": 51607.87, "Plan Rows": 4167490, "Plan Width": 4, "Actual Min Startup Time": 514.494, "Actual Max Startup Time": 693.507, "Actual Min Total Time": 514.494, "Actual Max Total Time": 693.507, "Max Hash Buckets": 262144, "Min Hash Buckets": 262144, "Max Hash Batches": 1, "Min Hash Batches": 1, "Max Original Hash Batches": 1, "Min Original Hash Batches": 1, "Max Peak Memory Usage": 9174, "min Peak Memory Usage": 9174, "Plans": [{"Node Type": "Streaming(type: LOCAL REDISTRIBUTE dop: 16/16)", "Parent Relationship": "Outer", "Startup Cost": 0.0, "Total Cost": 51607.87, "Plan Rows": 4167490, "Plan Width": 4, "Actual Min Startup Time": 0.053, "Actual Max Startup Time": 140.533, "Actual Min Total Time": 409.113, "Actual Max Total Time": 612.992, "Plans": [{"Node Type": "Seq Scan", "Parent Relationship": "Outer", "Relation Name": "name", "Alias": "n1", "Startup Cost": 0.0, "Total Cost": 20816.99, "Plan Rows": 4167490, "Plan Width": 4, "Actual Min Startup Time": 0.017, "Actual Max Startup Time": 0.034, "Actual Min Total Time": 74.859, "Actual Max Total Time": 86.06, "Actual Rows": 4167490}], "Actual Rows": 4167490}], "Actual Rows": 4167490}], "Actual Rows": 323005}], "Actual Rows": 16}], "Actual Rows": 16}], "Actual Rows": 1}, "Triggers": [], "Planner Runtime": 195.615, "Total Runtime": 1475.961, "Unique SQL Id": 2457761703}}, "(16, '107')": {"explain_plan": {"Plan": {"Node Type": "Aggregate", "Strategy": "Plain", "Startup Cost": 7000179338360.79, "Total Cost": 7000179338360.8, "Plan Rows": 1, "Plan Width": 97, "Plans": [{"Node Type": "Hash Join", "Parent Relationship": "Outer", "Join Type": "Inner", "Startup Cost": 6010043939190.32, "Total Cost": 7000179336575.3, "Plan Rows": 357098, "Plan Width": 33, "Inner Unique": true, "Hash Cond": "(ci.movie_id = t.id), (LLVM Optimized)", "Plans": [{"Node Type": "Hash Join", "Parent Relationship": "Outer", "Join Type": "Inner", "Startup Cost": 5010032895537.52, "Total Cost": 6000168288011.34, "Plan Rows": 357379, "Plan Width": 24, "Inner Unique": true, "Hash Cond": "(an1.person_id = n1.id), (LLVM Optimized)", "Plans": [{"Node Type": "Hash Join", "Parent Relationship": "Outer", "Join Type": "Inner", "Startup Cost": 4010020360183.89, "Total Cost": 5000155747743.76, "Plan Rows": 357379, "Plan Width": 32, "Inner Unique": false, "Hash Cond": "(ci.person_id = an1.person_id), (LLVM Optimized)", "Plans": [{"Node Type": "Hash Join", "Parent Relationship": "Outer", "Join Type": "Inner", "Startup Cost": 3010013452413.69, "Total Cost": 4000148620924.57, "Plan Rows": 711018, "Plan Width": 12, "Inner Unique": true, "Hash Cond": "(mc.company_id = cn.id), (LLVM Optimized)", "Plans": [{"Node Type": "Hash Join", "Parent Relationship": "Outer", "Join Type": "Inner", "Startup Cost": 2010012401210.1, "Total Cost": 3000147557185.62, "Plan Rows": 1446714, "Plan Width": 16, "Inner Unique": false, "Hash Cond": "(ci.movie_id = mc.movie_id), (LLVM Optimized)", "Plans": [{"Node Type": "Hash Join", "Parent Relationship": "Outer", "Join Type": "Inner", "Startup Cost": 1010000001246.01, "Total Cost": 2000134278550.55, "Plan Rows": 3296318, "Plan Width": 8, "Inner Unique": true, "Hash Cond": "(ci.role_id = rt.id), (LLVM Optimized)", "Plans": [{"Node Type": "Index Scan", "Parent Relationship": "Outer", "Scan Direction": "Forward", "Index Name": "role_id_cast_info", "Relation Name": "cast_info", "Alias": "ci", "Startup Cost": 10000000000.0, "Total Cost": 1000134153466.0, "Plan Rows": 36259494, "Plan Width": 12}, {"Node Type": "Hash", "Parent Relationship": "Inner", "Startup Cost": 1000000001246.0, "Total Cost": 1000000001246.0, "Plan Rows": 1, "Plan Width": 4, "Plans": [{"Node Type": "Index Scan", "Parent Relationship": "Outer", "Scan Direction": "Forward", "Index Name": "role_type_pkey", "Relation Name": "role_type", "Alias": "rt", "Startup Cost": 10000000000.0, "Total Cost": 1000000001246.0, "Plan Rows": 1, "Plan Width": 4, "Filter": "((role)::text = 'costume designer'::text)"}]}]}, {"Node Type": "Hash", "Parent Relationship": "Inner", "Startup Cost": 1000012367349.98, "Total Cost": 1000012367349.98, "Plan Rows": 2609128, "Plan Width": 8, "Plans": [{"Node Type": "Index Scan", "Parent Relationship": "Outer", "Scan Direction": "Forward", "Index Name": "company_id_movie_companies", "Relation Name": "movie_companies", "Alias": "mc", "Startup Cost": 10000000000.0, "Total Cost": 1000012367349.98, "Plan Rows": 2609128, "Plan Width": 8}]}]}, {"Node Type": "Hash", "Parent Relationship": "Inner", "Startup Cost": 1000001050138.97, "Total Cost": 1000001050138.97, "Plan Rows": 85170, "Plan Width": 4, "Plans": [{"Node Type": "Index Scan", "Parent Relationship": "Outer", "Scan Direction": "Forward", "Index Name": "company_name_pkey", "Relation Name": "company_name", "Alias": "cn", "Startup Cost": 10000000000.0, "Total Cost": 1000001050138.97, "Plan Rows": 85170, "Plan Width": 4, "Filter": "((country_code)::text = '[us]'::text)"}]}]}, {"Node Type": "Hash", "Parent Relationship": "Inner", "Startup Cost": 1000006896503.43, "Total Cost": 1000006896503.43, "Plan Rows": 901342, "Plan Width": 20, "Plans": [{"Node Type": "Index Scan", "Parent Relationship": "Outer", "Scan Direction": "Forward", "Index Name": "person_id_aka_name", "Relation Name": "aka_name", "Alias": "an1", "Startup Cost": 10000000000.0, "Total Cost": 1000006896503.43, "Plan Rows": 901342, "Plan Width": 20}]}]}, {"Node Type": "Hash", "Parent Relationship": "Inner", "Startup Cost": 1000012483260.0, "Total Cost": 1000012483260.0, "Plan Rows": 4167490, "Plan Width": 4, "Plans": [{"Node Type": "Index Only Scan", "Parent Relationship": "Outer", "Scan Direction": "Forward", "Index Name": "name_pkey", "Relation Name": "name", "Alias": "n1", "Startup Cost": 10000000000.0, "Total Cost": 1000012483260.0, "Plan Rows": 4167490, "Plan Width": 4}]}]}, {"Node Type": "Hash", "Parent Relationship": "Inner", "Startup Cost": 1000011012048.91, "Total Cost": 1000011012048.91, "Plan Rows": 2528311, "Plan Width": 21, "Plans": [{"Node Type": "Index Scan", "Parent Relationship": "Outer", "Scan Direction": "Forward", "Index Name": "title_pkey", "Relation Name": "title", "Alias": "t", "Startup Cost": 10000000000.0, "Total Cost": 1000011012048.91, "Plan Rows": 2528311, "Plan Width": 21}]}]}]}, "Unique SQL Id": 2457761703, "Planner Runtime": 53}, "explain_analyze_plan": null}, "(16, '108')": {"explain_plan": {"Plan": {"Node Type": "Aggregate", "Strategy": "Plain", "Startup Cost": 287566.27, "Total Cost": 287566.3, "Plan Rows": 1, "Plan Width": 97, "Plans": [{"Node Type": "Streaming(type: LOCAL GATHER dop: 1/16)", "Parent Relationship": "Outer", "Startup Cost": 287566.27, "Total Cost": 287566.3, "Plan Rows": 1, "Plan Width": 97, "Plans": [{"Node Type": "Aggregate", "Strategy": "Plain", "Parent Relationship": "Outer", "Startup Cost": 287566.27, "Total Cost": 287566.28, "Plan Rows": 1, "Plan Width": 97, "Plans": [{"Node Type": "Hash Join", "Parent Relationship": "Outer", "Join Type": "Inner", "Startup Cost": 142621.96, "Total Cost": 285780.78, "Plan Rows": 357098, "Plan Width": 33, "Inner Unique": true, "Hash Cond": "(an1.person_id = n1.id), (LLVM Optimized)", "Plans": [{"Node Type": "Streaming(type: LOCAL REDISTRIBUTE dop: 16/16)", "Parent Relationship": "Outer", "Startup Cost": 126464.14, "Total Cost": 269316.07, "Plan Rows": 357098, "Plan Width": 41, "Plans": [{"Node Type": "Hash Join", "Parent Relationship": "Outer", "Join Type": "Inner", "Startup Cost": 126464.14, "Total Cost": 252963.01, "Plan Rows": 357098, "Plan Width": 41, "Inner Unique": true, "Hash Cond": "(ci.movie_id = t.id), (LLVM Optimized)", "Plans": [{"Node Type": "Streaming(type: LOCAL REDISTRIBUTE dop: 16/16)", "Parent Relationship": "Outer", "Startup Cost": 113655.34, "Total Cost": 239847.25, "Plan Rows": 357379, "Plan Width": 32, "Plans": [{"Node Type": "Hash Join", "Parent Relationship": "Outer", "Join Type": "Inner", "Startup Cost": 113655.34, "Total Cost": 223493.12, "Plan Rows": 357379, "Plan Width": 32, "Inner Unique": false, "Hash Cond": "(ci.person_id = an1.person_id), (LLVM Optimized)", "Plans": [{"Node Type": "Streaming(type: LOCAL REDISTRIBUTE dop: 16/16)", "Parent Relationship": "Outer", "Startup Cost": 104286.28, "Total Cost": 212931.86, "Plan Rows": 711018, "Plan Width": 12, "Plans": [{"Node Type": "Hash Join", "Parent Relationship": "Outer", "Join Type": "Inner", "Startup Cost": 104286.28, "Total Cost": 195237.77, "Plan Rows": 711018, "Plan Width": 12, "Inner Unique": false, "Hash Cond": "(ci.movie_id = mc.movie_id), (LLVM Optimized)", "Plans": [{"Node Type": "Streaming(type: LOCAL REDISTRIBUTE dop: 16/16)", "Parent Relationship": "Outer", "Startup Cost": 15001.51, "Total Cost": 102848.74, "Plan Rows": 3296318, "Plan Width": 8, "Plans": [{"Node Type": "Hash Join", "Parent Relationship": "Outer", "Join Type": "Inner", "Startup Cost": 15001.51, "Total Cost": 75358.79, "Plan Rows": 3296318, "Plan Width": 8, "Inner Unique": true, "Hash Cond": "(ci.role_id = rt.id), (LLVM Optimized)", "Plans": [{"Node Type": "Seq Scan", "Parent Relationship": "Outer", "Relation Name": "cast_info", "Alias": "ci", "Startup Cost": 0.0, "Total Cost": 52617.37, "Plan Rows": 36259494, "Plan Width": 12}, {"Node Type": "Hash", "Parent Relationship": "Inner", "Startup Cost": 15001.5, "Total Cost": 15001.5, "Plan Rows": 16, "Plan Width": 4, "Plans": [{"Node Type": "Streaming(type: BROADCAST dop: 16/1)", "Parent Relationship": "Outer", "Startup Cost": 0.0, "Total Cost": 15001.5, "Plan Rows": 16, "Plan Width": 4, "Plans": [{"Node Type": "Seq Scan", "Parent Relationship": "Outer", "Relation Name": "role_type", "Alias": "rt", "Startup Cost": 0.0, "Total Cost": 1.15, "Plan Rows": 1, "Plan Width": 4, "Filter": "((role)::text = 'costume designer'::text)"}]}]}]}]}, {"Node Type": "Hash", "Parent Relationship": "Inner", "Startup Cost": 88282.97, "Total Cost": 88282.97, "Plan Rows": 1282311, "Plan Width": 4, "Plans": [{"Node Type": "Streaming(type: LOCAL REDISTRIBUTE dop: 16/16)", "Parent Relationship": "Outer", "Startup Cost": 24511.53, "Total Cost": 88282.97, "Plan Rows": 1282311, "Plan Width": 4, "Plans": [{"Node Type": "Hash Join", "Parent Relationship": "Outer", "Join Type": "Inner", "Startup Cost": 24511.53, "Total Cost": 68424.21, "Plan Rows": 1282311, "Plan Width": 4, "Inner Unique": true, "Hash Cond": "(mc.company_id = cn.id), (LLVM Optimized)", "Plans": [{"Node Type": "Streaming(type: LOCAL REDISTRIBUTE dop: 16/16)", "Parent Relationship": "Outer", "Startup Cost": 0.0, "Total Cost": 42499.73, "Plan Rows": 2609128, "Plan Width": 8, "Plans": [{"Node Type": "Seq Scan", "Parent Relationship": "Outer", "Relation Name": "movie_companies", "Alias": "mc", "Startup Cost": 0.0, "Total Cost": 17613.58, "Plan Rows": 2609128, "Plan Width": 8}]}, {"Node Type": "Hash", "Parent Relationship": "Inner", "Startup Cost": 24444.99, "Total Cost": 24444.99, "Plan Rows": 85170, "Plan Width": 4, "Plans": [{"Node Type": "Streaming(type: LOCAL REDISTRIBUTE dop: 16/1)", "Parent Relationship": "Outer", "Startup Cost": 0.0, "Total Cost": 24444.99, "Plan Rows": 85170, "Plan Width": 4, "Plans": [{"Node Type": "Seq Scan", "Parent Relationship": "Outer", "Relation Name": "company_name", "Alias": "cn", "Startup Cost": 0.0, "Total Cost": 5903.45, "Plan Rows": 85170, "Plan Width": 4, "Filter": "((country_code)::text = '[us]'::text)"}]}]}]}]}]}]}]}, {"Node Type": "Hash", "Parent Relationship": "Inner", "Startup Cost": 34659.52, "Total Cost": 34659.52, "Plan Rows": 901342, "Plan Width": 20, "Plans": [{"Node Type": "Streaming(type: LOCAL REDISTRIBUTE dop: 16/16)", "Parent Relationship": "Outer", "Startup Cost": 0.0, "Total Cost": 34659.52, "Plan Rows": 901342, "Plan Width": 20, "Plans": [{"Node Type": "Seq Scan", "Parent Relationship": "Outer", "Relation Name": "aka_name", "Alias": "an1", "Startup Cost": 0.0, "Total Cost": 16244.28, "Plan Rows": 901342, "Plan Width": 20}]}]}]}]}, {"Node Type": "Hash", "Parent Relationship": "Inner", "Startup Cost": 43334.25, "Total Cost": 43334.25, "Plan Rows": 2528311, "Plan Width": 21, "Plans": [{"Node Type": "Streaming(type: LOCAL REDISTRIBUTE dop: 16/16)", "Parent Relationship": "Outer", "Startup Cost": 0.0, "Total Cost": 43334.25, "Plan Rows": 2528311, "Plan Width": 21, "Plans": [{"Node Type": "Seq Scan", "Parent Relationship": "Outer", "Relation Name": "title", "Alias": "t", "Startup Cost": 0.0, "Total Cost": 18754.32, "Plan Rows": 2528311, "Plan Width": 21}]}]}]}]}, {"Node Type": "Hash", "Parent Relationship": "Inner", "Startup Cost": 51607.87, "Total Cost": 51607.87, "Plan Rows": 4167490, "Plan Width": 4, "Plans": [{"Node Type": "Streaming(type: LOCAL REDISTRIBUTE dop: 16/16)", "Parent Relationship": "Outer", "Startup Cost": 0.0, "Total Cost": 51607.87, "Plan Rows": 4167490, "Plan Width": 4, "Plans": [{"Node Type": "Seq Scan", "Parent Relationship": "Outer", "Relation Name": "name", "Alias": "n1", "Startup Cost": 0.0, "Total Cost": 20816.99, "Plan Rows": 4167490, "Plan Width": 4}]}]}]}]}]}]}, "Unique SQL Id": 2457761703, "Planner Runtime": 189}, "explain_analyze_plan": {"Plan": {"Node Type": "Aggregate", "Strategy": "Plain", "Startup Cost": 287566.27, "Total Cost": 287566.3, "Plan Rows": 1, "Plan Width": 97, "Actual Min Startup Time": 1429.474, "Actual Max Startup Time": 1429.474, "Actual Min Total Time": 1429.474, "Actual Max Total Time": 1429.474, "Plans": [{"Node Type": "Streaming(type: LOCAL GATHER dop: 1/16)", "Parent Relationship": "Outer", "Startup Cost": 287566.27, "Total Cost": 287566.3, "Plan Rows": 1, "Plan Width": 97, "Actual Min Startup Time": 1428.475, "Actual Max Startup Time": 1428.475, "Actual Min Total Time": 1429.447, "Actual Max Total Time": 1429.447, "Plans": [{"Node Type": "Aggregate", "Strategy": "Plain", "Parent Relationship": "Outer", "Startup Cost": 287566.27, "Total Cost": 287566.28, "Plan Rows": 1, "Plan Width": 97, "Actual Min Startup Time": 1046.427, "Actual Max Startup Time": 1225.524, "Actual Min Total Time": 1046.427, "Actual Max Total Time": 1225.525, "Plans": [{"Node Type": "Hash Join", "Parent Relationship": "Outer", "Join Type": "Inner", "Startup Cost": 142621.96, "Total Cost": 285780.78, "Plan Rows": 357098, "Plan Width": 33, "Actual Min Startup Time": 657.95, "Actual Max Startup Time": 846.411, "Actual Min Total Time": 1031.721, "Actual Max Total Time": 1217.172, "Inner Unique": true, "Hash Cond": "(an1.person_id = n1.id), (LLVM Optimized, Jit Execute)", "Plans": [{"Node Type": "Streaming(type: LOCAL REDISTRIBUTE dop: 16/16)", "Parent Relationship": "Outer", "Startup Cost": 126464.14, "Total Cost": 269316.07, "Plan Rows": 357098, "Plan Width": 41, "Actual Min Startup Time": 138.252, "Actual Max Startup Time": 161.278, "Actual Min Total Time": 500.465, "Actual Max Total Time": 521.157, "Plans": [{"Node Type": "Hash Join", "Parent Relationship": "Outer", "Join Type": "Inner", "Startup Cost": 126464.14, "Total Cost": 252963.01, "Plan Rows": 357098, "Plan Width": 41, "Actual Min Startup Time": 650.282, "Actual Max Startup Time": 827.406, "Actual Min Total Time": 1018.2, "Actual Max Total Time": 1197.69, "Inner Unique": true, "Hash Cond": "(ci.movie_id = t.id), (LLVM Optimized, Jit Execute)", "Plans": [{"Node Type": "Streaming(type: LOCAL REDISTRIBUTE dop: 16/16)", "Parent Relationship": "Outer", "Startup Cost": 113655.34, "Total Cost": 239847.25, "Plan Rows": 357379, "Plan Width": 32, "Actual Min Startup Time": 284.581, "Actual Max Startup Time": 292.563, "Actual Min Total Time": 643.034, "Actual Max Total Time": 653.83, "Plans": [{"Node Type": "Hash Join", "Parent Relationship": "Outer", "Join Type": "Inner", "Startup Cost": 113655.34, "Total Cost": 223493.12, "Plan Rows": 357379, "Plan Width": 32, "Actual Min Startup Time": 656.508, "Actual Max Startup Time": 864.813, "Actual Min Total Time": 976.219, "Actual Max Total Time": 1211.51, "Inner Unique": false, "Hash Cond": "(ci.person_id = an1.person_id), (LLVM Optimized, Jit Execute)", "Plans": [{"Node Type": "Streaming(type: LOCAL REDISTRIBUTE dop: 16/16)", "Parent Relationship": "Outer", "Startup Cost": 104286.28, "Total Cost": 212931.86, "Plan Rows": 711018, "Plan Width": 12, "Actual Min Startup Time": 516.593, "Actual Max Startup Time": 530.476, "Actual Min Total Time": 825.032, "Actual Max Total Time": 876.688, "Plans": [{"Node Type": "Hash Join", "Parent Relationship": "Outer", "Join Type": "Inner", "Startup Cost": 104286.28, "Total Cost": 195237.77, "Plan Rows": 711018, "Plan Width": 12, "Actual Min Startup Time": 655.48, "Actual Max Startup Time": 884.626, "Actual Min Total Time": 967.321, "Actual Max Total Time": 1196.253, "Inner Unique": false, "Hash Cond": "(ci.movie_id = mc.movie_id), (LLVM Optimized, Jit Execute)", "Plans": [{"Node Type": "Streaming(type: LOCAL REDISTRIBUTE dop: 16/16)", "Parent Relationship": "Outer", "Startup Cost": 15001.51, "Total Cost": 102848.74, "Plan Rows": 3296318, "Plan Width": 8, "Actual Min Startup Time": 0.062, "Actual Max Startup Time": 0.846, "Actual Min Total Time": 293.775, "Actual Max Total Time": 312.773, "Plans": [{"Node Type": "Hash Join", "Parent Relationship": "Outer", "Join Type": "Inner", "Startup Cost": 15001.51, "Total Cost": 75358.79, "Plan Rows": 3296318, "Plan Width": 8, "Actual Min Startup Time": 729.862, "Actual Max Startup Time": 782.989, "Actual Min Total Time": 934.617, "Actual Max Total Time": 992.529, "Inner Unique": true, "Hash Cond": "(ci.role_id = rt.id), (LLVM Optimized, Jit Execute)", "Plans": [{"Node Type": "Seq Scan", "Parent Relationship": "Outer", "Relation Name": "cast_info", "Alias": "ci", "Startup Cost": 0.0, "Total Cost": 52617.37, "Plan Rows": 36259494, "Plan Width": 12, "Actual Min Startup Time": 0.029, "Actual Max Startup Time": 0.042, "Actual Min Total Time": 515.441, "Actual Max Total Time": 569.135, "Actual Rows": 36244343}, {"Node Type": "Hash", "Parent Relationship": "Inner", "Startup Cost": 15001.5, "Total Cost": 15001.5, "Plan Rows": 16, "Plan Width": 4, "Actual Min Startup Time": 0.012, "Actual Max Startup Time": 11.903, "Actual Min Total Time": 0.012, "Actual Max Total Time": 11.903, "Max Hash Buckets": 32768, "Min Hash Buckets": 32768, "Max Hash Batches": 1, "Min Hash Batches": 1, "Max Original Hash Batches": 1, "Min Original Hash Batches": 1, "Max Peak Memory Usage": 1, "min Peak Memory Usage": 1, "Plans": [{"Node Type": "Streaming(type: BROADCAST dop: 16/1)", "Parent Relationship": "Outer", "Startup Cost": 0.0, "Total Cost": 15001.5, "Plan Rows": 16, "Plan Width": 4, "Actual Min Startup Time": 0.004, "Actual Max Startup Time": 11.888, "Actual Min Total Time": 0.004, "Actual Max Total Time": 11.889, "Plans": [{"Node Type": "Seq Scan", "Parent Relationship": "Outer", "Relation Name": "role_type", "Alias": "rt", "Startup Cost": 0.0, "Total Cost": 1.15, "Plan Rows": 1, "Plan Width": 4, "Actual Min Startup Time": 0.025, "Actual Max Startup Time": 0.025, "Actual Min Total Time": 0.027, "Actual Max Total Time": 0.027, "Filter": "((role)::text = 'costume designer'::text)", "Rows Removed by Filter": 11, "Actual Rows": 1}], "Actual Rows": 16}], "Actual Rows": 16}], "Actual Rows": 276403}], "Actual Rows": 276403}, {"Node Type": "Hash", "Parent Relationship": "Inner", "Startup Cost": 88282.97, "Total Cost": 88282.97, "Plan Rows": 1282311, "Plan Width": 4, "Actual Min Startup Time": 655.204, "Actual Max Startup Time": 884.113, "Actual Min Total Time": 655.204, "Actual Max Total Time": 884.113, "Max Hash Buckets": 131072, "Min Hash Buckets": 131072, "Max Hash Batches": 1, "Min Hash Batches": 1, "Max Original Hash Batches": 1, "Min Original Hash Batches": 1, "Max Peak Memory Usage": 2542, "min Peak Memory Usage": 2542, "Plans": [{"Node Type": "Streaming(type: LOCAL REDISTRIBUTE dop: 16/16)", "Parent Relationship": "Outer", "Startup Cost": 24511.53, "Total Cost": 88282.97, "Plan Rows": 1282311, "Plan Width": 4, "Actual Min Startup Time": 186.112, "Actual Max Startup Time": 414.758, "Actual Min Total Time": 627.769, "Actual Max Total Time": 863.493, "Plans": [{"Node Type": "Hash Join", "Parent Relationship": "Outer", "Join Type": "Inner", "Startup Cost": 24511.53, "Total Cost": 68424.21, "Plan Rows": 1282311, "Plan Width": 4, "Actual Min Startup Time": 176.757, "Actual Max Startup Time": 400.58, "Actual Min Total Time": 517.522, "Actual Max Total Time": 794.956, "Inner Unique": true, "Hash Cond": "(mc.company_id = cn.id), (LLVM Optimized, Jit Execute)", "Plans": [{"Node Type": "Streaming(type: LOCAL REDISTRIBUTE dop: 16/16)", "Parent Relationship": "Outer", "Startup Cost": 0.0, "Total Cost": 42499.73, "Plan Rows": 2609128, "Plan Width": 8, "Actual Min Startup Time": 0.062, "Actual Max Startup Time": 1.791, "Actual Min Total Time": 265.249, "Actual Max Total Time": 357.061, "Plans": [{"Node Type": "Seq Scan", "Parent Relationship": "Outer", "Relation Name": "movie_companies", "Alias": "mc", "Startup Cost": 0.0, "Total Cost": 17613.58, "Plan Rows": 2609128, "Plan Width": 8, "Actual Min Startup Time": 0.026, "Actual Max Startup Time": 0.044, "Actual Min Total Time": 42.83, "Actual Max Total Time": 51.451, "Actual Rows": 2609128}], "Actual Rows": 2609128}, {"Node Type": "Hash", "Parent Relationship": "Inner", "Startup Cost": 24444.99, "Total Cost": 24444.99, "Plan Rows": 85170, "Plan Width": 4, "Actual Min Startup Time": 176.63, "Actual Max Startup Time": 399.346, "Actual Min Total Time": 176.63, "Actual Max Total Time": 399.346, "Max Hash Buckets": 32768, "Min Hash Buckets": 32768, "Max Hash Batches": 1, "Min Hash Batches": 1, "Max Original Hash Batches": 1, "Min Original Hash Batches": 1, "Max Peak Memory Usage": 182, "min Peak Memory Usage": 182, "Plans": [{"Node Type": "Streaming(type: LOCAL REDISTRIBUTE dop: 16/1)", "Parent Relationship": "Outer", "Startup Cost": 0.0, "Total Cost": 24444.99, "Plan Rows": 85170, "Plan Width": 4, "Actual Min Startup Time": 0.035, "Actual Max Startup Time": 218.603, "Actual Min Total Time": 174.868, "Actual Max Total Time": 397.632, "Plans": [{"Node Type": "Seq Scan", "Parent Relationship": "Outer", "Relation Name": "company_name", "Alias": "cn", "Startup Cost": 0.0, "Total Cost": 5903.45, "Plan Rows": 85170, "Plan Width": 4, "Actual Min Startup Time": 0.038, "Actual Max Startup Time": 0.038, "Actual Min Total Time": 94.596, "Actual Max Total Time": 94.596, "Filter": "((country_code)::text = '[us]'::text)", "Rows Removed by Filter": 150153, "Actual Rows": 84843}], "Actual Rows": 84843}], "Actual Rows": 84843}], "Actual Rows": 1153797}], "Actual Rows": 1153797}], "Actual Rows": 1153797}], "Actual Rows": 285537}], "Actual Rows": 285537}, {"Node Type": "Hash", "Parent Relationship": "Inner", "Startup Cost": 34659.52, "Total Cost": 34659.52, "Plan Rows": 901342, "Plan Width": 20, "Actual Min Startup Time": 129.879, "Actual Max Startup Time": 348.156, "Actual Min Total Time": 129.879, "Actual Max Total Time": 348.156, "Max Hash Buckets": 65536, "Min Hash Buckets": 65536, "Max Hash Batches": 1, "Min Hash Batches": 1, "Max Original Hash Batches": 1, "Min Original Hash Batches": 1, "Max Peak Memory Usage": 2981, "min Peak Memory Usage": 2981, "Plans": [{"Node Type": "Streaming(type: LOCAL REDISTRIBUTE dop: 16/16)", "Parent Relationship": "Outer", "Startup Cost": 0.0, "Total Cost": 34659.52, "Plan Rows": 901342, "Plan Width": 20, "Actual Min Startup Time": 0.048, "Actual Max Startup Time": 211.292, "Actual Min Total Time": 113.469, "Actual Max Total Time": 331.199, "Plans": [{"Node Type": "Seq Scan", "Parent Relationship": "Outer", "Relation Name": "aka_name", "Alias": "an1", "Startup Cost": 0.0, "Total Cost": 16244.28, "Plan Rows": 901342, "Plan Width": 20, "Actual Min Startup Time": 0.02, "Actual Max Startup Time": 0.037, "Actual Min Total Time": 16.899, "Actual Max Total Time": 20.777, "Actual Rows": 901342}], "Actual Rows": 901342}], "Actual Rows": 901342}], "Actual Rows": 323005}], "Actual Rows": 323005}, {"Node Type": "Hash", "Parent Relationship": "Inner", "Startup Cost": 43334.25, "Total Cost": 43334.25, "Plan Rows": 2528311, "Plan Width": 21, "Actual Min Startup Time": 361.928, "Actual Max Startup Time": 536.694, "Actual Min Total Time": 361.928, "Actual Max Total Time": 536.694, "Max Hash Buckets": 262144, "Min Hash Buckets": 262144, "Max Hash Batches": 1, "Min Hash Batches": 1, "Max Original Hash Batches": 1, "Min Original Hash Batches": 1, "Max Peak Memory Usage": 8518, "min Peak Memory Usage": 8518, "Plans": [{"Node Type": "Streaming(type: LOCAL REDISTRIBUTE dop: 16/16)", "Parent Relationship": "Outer", "Startup Cost": 0.0, "Total Cost": 43334.25, "Plan Rows": 2528311, "Plan Width": 21, "Actual Min Startup Time": 0.052, "Actual Max Startup Time": 29.929, "Actual Min Total Time": 291.244, "Actual Max Total Time": 484.112, "Plans": [{"Node Type": "Seq Scan", "Parent Relationship": "Outer", "Relation Name": "title", "Alias": "t", "Startup Cost": 0.0, "Total Cost": 18754.32, "Plan Rows": 2528311, "Plan Width": 21, "Actual Min Startup Time": 0.018, "Actual Max Startup Time": 0.034, "Actual Min Total Time": 48.948, "Actual Max Total Time": 58.428, "Actual Rows": 2528311}], "Actual Rows": 2528311}], "Actual Rows": 2528311}], "Actual Rows": 323005}], "Actual Rows": 323005}, {"Node Type": "Hash", "Parent Relationship": "Inner", "Startup Cost": 51607.87, "Total Cost": 51607.87, "Plan Rows": 4167490, "Plan Width": 4, "Actual Min Startup Time": 514.494, "Actual Max Startup Time": 693.507, "Actual Min Total Time": 514.494, "Actual Max Total Time": 693.507, "Max Hash Buckets": 262144, "Min Hash Buckets": 262144, "Max Hash Batches": 1, "Min Hash Batches": 1, "Max Original Hash Batches": 1, "Min Original Hash Batches": 1, "Max Peak Memory Usage": 9174, "min Peak Memory Usage": 9174, "Plans": [{"Node Type": "Streaming(type: LOCAL REDISTRIBUTE dop: 16/16)", "Parent Relationship": "Outer", "Startup Cost": 0.0, "Total Cost": 51607.87, "Plan Rows": 4167490, "Plan Width": 4, "Actual Min Startup Time": 0.053, "Actual Max Startup Time": 140.533, "Actual Min Total Time": 409.113, "Actual Max Total Time": 612.992, "Plans": [{"Node Type": "Seq Scan", "Parent Relationship": "Outer", "Relation Name": "name", "Alias": "n1", "Startup Cost": 0.0, "Total Cost": 20816.99, "Plan Rows": 4167490, "Plan Width": 4, "Actual Min Startup Time": 0.017, "Actual Max Startup Time": 0.034, "Actual Min Total Time": 74.859, "Actual Max Total Time": 86.06, "Actual Rows": 4167490}], "Actual Rows": 4167490}], "Actual Rows": 4167490}], "Actual Rows": 323005}], "Actual Rows": 16}], "Actual Rows": 16}], "Actual Rows": 1}, "Triggers": [], "Planner Runtime": 195.615, "Total Runtime": 1475.961, "Unique SQL Id": 2457761703}}, "(16, '109')": {"explain_plan": {"Plan": {"Node Type": "Aggregate", "Strategy": "Plain", "Startup Cost": 1406524.48, "Total Cost": 1406524.51, "Plan Rows": 1, "Plan Width": 97, "Plans": [{"Node Type": "Streaming(type: LOCAL GATHER dop: 1/16)", "Parent Relationship": "Outer", "Startup Cost": 1406524.48, "Total Cost": 1406524.51, "Plan Rows": 1, "Plan Width": 97, "Plans": [{"Node Type": "Aggregate", "Strategy": "Plain", "Parent Relationship": "Outer", "Startup Cost": 1406524.48, "Total Cost": 1406524.49, "Plan Rows": 1, "Plan Width": 97, "Plans": [{"Node Type": "Hash Join", "Parent Relationship": "Outer", "Join Type": "Inner", "Startup Cost": 270868.12, "Total Cost": 1404738.99, "Plan Rows": 357098, "Plan Width": 33, "Inner Unique": true, "Hash Cond": "(ci.movie_id = t.id), (LLVM Optimized)", "Plans": [{"Node Type": "Streaming(type: LOCAL REDISTRIBUTE dop: 16/16)", "Parent Relationship": "Outer", "Startup Cost": 237393.5, "Total Cost": 1370957.42, "Plan Rows": 357379, "Plan Width": 24, "Plans": [{"Node Type": "Hash Join", "Parent Relationship": "Outer", "Join Type": "Inner", "Startup Cost": 237393.5, "Total Cost": 1354603.29, "Plan Rows": 357379, "Plan Width": 24, "Inner Unique": true, "Hash Cond": "(mc.company_id = cn.id), (LLVM Optimized)", "Plans": [{"Node Type": "Streaming(type: LOCAL REDISTRIBUTE dop: 16/16)", "Parent Relationship": "Outer", "Startup Cost": 230066.23, "Total Cost": 1346882.23, "Plan Rows": 727161, "Plan Width": 28, "Plans": [{"Node Type": "Hash Join", "Parent Relationship": "Outer", "Join Type": "Inner", "Startup Cost": 230066.23, "Total Cost": 1329126.97, "Plan Rows": 727161, "Plan Width": 28, "Inner Unique": true, "Hash Cond": "(an1.person_id = n1.id), (LLVM Optimized)", "Plans": [{"Node Type": "Streaming(type: LOCAL REDISTRIBUTE dop: 16/16)", "Parent Relationship": "Outer", "Startup Cost": 175427.87, "Total Cost": 1273863.7, "Plan Rows": 727161, "Plan Width": 36, "Plans": [{"Node Type": "Hash Join", "Parent Relationship": "Outer", "Join Type": "Inner", "Startup Cost": 175427.87, "Total Cost": 1256108.44, "Plan Rows": 727161, "Plan Width": 36, "Inner Unique": false, "Hash Cond": "(ci.movie_id = mc.movie_id), (LLVM Optimized)", "Plans": [{"Node Type": "Streaming(type: LOCAL REDISTRIBUTE dop: 16/16)", "Parent Relationship": "Outer", "Startup Cost": 137161.66, "Total Cost": 1215145.72, "Plan Rows": 1484588, "Plan Width": 28, "Plans": [{"Node Type": "Hash Join", "Parent Relationship": "Outer", "Join Type": "Inner", "Startup Cost": 137161.66, "Total Cost": 1194520.52, "Plan Rows": 1484588, "Plan Width": 28, "Inner Unique": false, "Hash Cond": "(ci.person_id = an1.person_id), (LLVM Optimized)", "Plans": [{"Node Type": "Streaming(type: LOCAL REDISTRIBUTE dop: 16/16)", "Parent Relationship": "Outer", "Startup Cost": 15012.82, "Total Cost": 1066844.59, "Plan Rows": 3296318, "Plan Width": 8, "Plans": [{"Node Type": "Hash Join", "Parent Relationship": "Outer", "Join Type": "Inner", "Startup Cost": 15012.82, "Total Cost": 1039354.63, "Plan Rows": 3296318, "Plan Width": 8, "Inner Unique": true, "Hash Cond": "(ci.role_id = rt.id), (LLVM Optimized)", "Plans": [{"Node Type": "Index Scan", "Parent Relationship": "Outer", "Scan Direction": "Forward", "Index Name": "role_id_cast_info", "Relation Name": "cast_info", "Alias": "ci", "Startup Cost": 0.0, "Total Cost": 1016601.9, "Plan Rows": 36259494, "Plan Width": 12}, {"Node Type": "Hash", "Parent Relationship": "Inner", "Startup Cost": 15012.81, "Total Cost": 15012.81, "Plan Rows": 16, "Plan Width": 4, "Plans": [{"Node Type": "Streaming(type: BROADCAST dop: 16/1)", "Parent Relationship": "Outer", "Startup Cost": 0.0, "Total Cost": 15012.81, "Plan Rows": 16, "Plan Width": 4, "Plans": [{"Node Type": "Index Scan", "Parent Relationship": "Outer", "Scan Direction": "Forward", "Index Name": "role_type_pkey", "Relation Name": "role_type", "Alias": "rt", "Startup Cost": 0.0, "Total Cost": 12.46, "Plan Rows": 1, "Plan Width": 4, "Filter": "((role)::text = 'costume designer'::text)"}]}]}]}]}, {"Node Type": "Hash", "Parent Relationship": "Inner", "Startup Cost": 121444.67, "Total Cost": 121444.67, "Plan Rows": 901342, "Plan Width": 20, "Plans": [{"Node Type": "Streaming(type: LOCAL REDISTRIBUTE dop: 16/1)", "Parent Relationship": "Outer", "Startup Cost": 0.0, "Total Cost": 121444.67, "Plan Rows": 901342, "Plan Width": 20, "Plans": [{"Node Type": "Index Scan", "Parent Relationship": "Outer", "Scan Direction": "Forward", "Index Name": "person_id_aka_name", "Relation Name": "aka_name", "Alias": "an1", "Startup Cost": 0.0, "Total Cost": 68965.03, "Plan Rows": 901342, "Plan Width": 20}]}]}]}]}, {"Node Type": "Hash", "Parent Relationship": "Inner", "Startup Cost": 139099.07, "Total Cost": 139099.07, "Plan Rows": 2609128, "Plan Width": 8, "Plans": [{"Node Type": "Streaming(type: LOCAL REDISTRIBUTE dop: 16/16)", "Parent Relationship": "Outer", "Startup Cost": 0.0, "Total Cost": 139099.07, "Plan Rows": 2609128, "Plan Width": 8, "Plans": [{"Node Type": "Index Scan", "Parent Relationship": "Outer", "Scan Direction": "Forward", "Index Name": "company_id_movie_companies", "Relation Name": "movie_companies", "Alias": "mc", "Startup Cost": 0.0, "Total Cost": 114212.92, "Plan Rows": 2609128, "Plan Width": 8}]}]}]}]}, {"Node Type": "Hash", "Parent Relationship": "Inner", "Startup Cost": 182953.41, "Total Cost": 182953.41, "Plan Rows": 4167490, "Plan Width": 4, "Plans": [{"Node Type": "Streaming(type: LOCAL REDISTRIBUTE dop: 16/16)", "Parent Relationship": "Outer", "Startup Cost": 0.0, "Total Cost": 182953.41, "Plan Rows": 4167490, "Plan Width": 4, "Plans": [{"Node Type": "Index Scan", "Parent Relationship": "Outer", "Scan Direction": "Forward", "Index Name": "name_pkey", "Relation Name": "name", "Alias": "n1", "Startup Cost": 0.0, "Total Cost": 152162.53, "Plan Rows": 4167490, "Plan Width": 4}]}]}]}]}, {"Node Type": "Hash", "Parent Relationship": "Inner", "Startup Cost": 29042.93, "Total Cost": 29042.93, "Plan Rows": 85170, "Plan Width": 4, "Plans": [{"Node Type": "Streaming(type: LOCAL REDISTRIBUTE dop: 16/1)", "Parent Relationship": "Outer", "Startup Cost": 0.0, "Total Cost": 29042.93, "Plan Rows": 85170, "Plan Width": 4, "Plans": [{"Node Type": "Index Scan", "Parent Relationship": "Outer", "Scan Direction": "Forward", "Index Name": "company_name_pkey", "Relation Name": "company_name", "Alias": "cn", "Startup Cost": 0.0, "Total Cost": 10501.39, "Plan Rows": 85170, "Plan Width": 4, "Filter": "((country_code)::text = '[us]'::text)"}]}]}]}]}, {"Node Type": "Hash", "Parent Relationship": "Inner", "Startup Cost": 125997.5, "Total Cost": 125997.5, "Plan Rows": 2528311, "Plan Width": 21, "Plans": [{"Node Type": "Streaming(type: LOCAL REDISTRIBUTE dop: 16/16)", "Parent Relationship": "Outer", "Startup Cost": 0.0, "Total Cost": 125997.5, "Plan Rows": 2528311, "Plan Width": 21, "Plans": [{"Node Type": "Index Scan", "Parent Relationship": "Outer", "Scan Direction": "Forward", "Index Name": "title_pkey", "Relation Name": "title", "Alias": "t", "Startup Cost": 0.0, "Total Cost": 101417.57, "Plan Rows": 2528311, "Plan Width": 21}]}]}]}]}]}]}, "Unique SQL Id": 2457761703, "Planner Runtime": 95}, "explain_analyze_plan": {"Plan": {"Node Type": "Aggregate", "Strategy": "Plain", "Startup Cost": 1406524.48, "Total Cost": 1406524.51, "Plan Rows": 1, "Plan Width": 97, "Actual Min Startup Time": 3302.917, "Actual Max Startup Time": 3302.917, "Actual Min Total Time": 3302.917, "Actual Max Total Time": 3302.917, "Plans": [{"Node Type": "Streaming(type: LOCAL GATHER dop: 1/16)", "Parent Relationship": "Outer", "Startup Cost": 1406524.48, "Total Cost": 1406524.51, "Plan Rows": 1, "Plan Width": 97, "Actual Min Startup Time": 3301.307, "Actual Max Startup Time": 3301.307, "Actual Min Total Time": 3302.889, "Actual Max Total Time": 3302.889, "Plans": [{"Node Type": "Aggregate", "Strategy": "Plain", "Parent Relationship": "Outer", "Startup Cost": 1406524.48, "Total Cost": 1406524.49, "Plan Rows": 1, "Plan Width": 97, "Actual Min Startup Time": 2723.764, "Actual Max Startup Time": 3026.603, "Actual Min Total Time": 2723.764, "Actual Max Total Time": 3026.604, "Plans": [{"Node Type": "Hash Join", "Parent Relationship": "Outer", "Join Type": "Inner", "Startup Cost": 270868.12, "Total Cost": 1404738.99, "Plan Rows": 357098, "Plan Width": 33, "Actual Min Startup Time": 1586.635, "Actual Max Startup Time": 1909.665, "Actual Min Total Time": 2714.091, "Actual Max Total Time": 3016.988, "Inner Unique": true, "Hash Cond": "(ci.movie_id = t.id), (LLVM Optimized, Jit Execute)", "Plans": [{"Node Type": "Streaming(type: LOCAL REDISTRIBUTE dop: 16/16)", "Parent Relationship": "Outer", "Startup Cost": 237393.5, "Total Cost": 1370957.42, "Plan Rows": 357379, "Plan Width": 24, "Actual Min Startup Time": 931.467, "Actual Max Startup Time": 980.841, "Actual Min Total Time": 2046.253, "Actual Max Total Time": 2051.188, "Plans": [{"Node Type": "Hash Join", "Parent Relationship": "Outer", "Join Type": "Inner", "Startup Cost": 237393.5, "Total Cost": 1354603.29, "Plan Rows": 357379, "Plan Width": 24, "Actual Min Startup Time": 1565.26, "Actual Max Startup Time": 1797.937, "Actual Min Total Time": 2693.893, "Actual Max Total Time": 2913.922, "Inner Unique": true, "Hash Cond": "(mc.company_id = cn.id), (LLVM Optimized, Jit Execute)", "Plans": [{"Node Type": "Streaming(type: LOCAL REDISTRIBUTE dop: 16/16)", "Parent Relationship": "Outer", "Startup Cost": 230066.23, "Total Cost": 1346882.23, "Plan Rows": 727161, "Plan Width": 28, "Actual Min Startup Time": 1053.365, "Actual Max Startup Time": 1061.22, "Actual Min Total Time": 2155.561, "Actual Max Total Time": 2176.284, "Plans": [{"Node Type": "Hash Join", "Parent Relationship": "Outer", "Join Type": "Inner", "Startup Cost": 230066.23, "Total Cost": 1329126.97, "Plan Rows": 727161, "Plan Width": 28, "Actual Min Startup Time": 1573.982, "Actual Max Startup Time": 1958.368, "Actual Min Total Time": 2657.162, "Actual Max Total Time": 2976.633, "Inner Unique": true, "Hash Cond": "(an1.person_id = n1.id), (LLVM Optimized, Jit Execute)", "Plans": [{"Node Type": "Streaming(type: LOCAL REDISTRIBUTE dop: 16/16)", "Parent Relationship": "Outer", "Startup Cost": 175427.87, "Total Cost": 1273863.7, "Plan Rows": 727161, "Plan Width": 36, "Actual Min Startup Time": 866.204, "Actual Max Startup Time": 956.759, "Actual Min Total Time": 1914.043, "Actual Max Total Time": 1971.238, "Plans": [{"Node Type": "Hash Join", "Parent Relationship": "Outer", "Join Type": "Inner", "Startup Cost": 175427.87, "Total Cost": 1256108.44, "Plan Rows": 727161, "Plan Width": 36, "Actual Min Startup Time": 1562.301, "Actual Max Startup Time": 1843.531, "Actual Min Total Time": 2448.781, "Actual Max Total Time": 2767.031, "Inner Unique": false, "Hash Cond": "(ci.movie_id = mc.movie_id), (LLVM Optimized, Jit Execute)", "Plans": [{"Node Type": "Streaming(type: LOCAL REDISTRIBUTE dop: 16/16)", "Parent Relationship": "Outer", "Startup Cost": 137161.66, "Total Cost": 1215145.72, "Plan Rows": 1484588, "Plan Width": 28, "Actual Min Startup Time": 979.983, "Actual Max Startup Time": 993.729, "Actual Min Total Time": 1844.283, "Actual Max Total Time": 1902.378, "Plans": [{"Node Type": "Hash Join", "Parent Relationship": "Outer", "Join Type": "Inner", "Startup Cost": 137161.66, "Total Cost": 1194520.52, "Plan Rows": 1484588, "Plan Width": 28, "Actual Min Startup Time": 1552.542, "Actual Max Startup Time": 1828.568, "Actual Min Total Time": 2611.051, "Actual Max Total Time": 2922.674, "Inner Unique": false, "Hash Cond": "(ci.person_id = an1.person_id), (LLVM Optimized, Jit Execute)", "Plans": [{"Node Type": "Streaming(type: LOCAL REDISTRIBUTE dop: 16/16)", "Parent Relationship": "Outer", "Startup Cost": 15012.82, "Total Cost": 1066844.59, "Plan Rows": 3296318, "Plan Width": 8, "Actual Min Startup Time": 78.036, "Actual Max Startup Time": 87.577, "Actual Min Total Time": 1128.666, "Actual Max Total Time": 1197.697, "Plans": [{"Node Type": "Hash Join", "Parent Relationship": "Outer", "Join Type": "Inner", "Startup Cost": 15012.82, "Total Cost": 1039354.63, "Plan Rows": 3296318, "Plan Width": 8, "Actual Min Startup Time": 1621.458, "Actual Max Startup Time": 2378.502, "Actual Min Total Time": 2110.691, "Actual Max Total Time": 2378.502, "Inner Unique": true, "Hash Cond": "(ci.role_id = rt.id), (LLVM Optimized, Jit Execute)", "Plans": [{"Node Type": "Index Scan", "Parent Relationship": "Outer", "Scan Direction": "Forward", "Index Name": "role_id_cast_info", "Relation Name": "cast_info", "Alias": "ci", "Startup Cost": 0.0, "Total Cost": 1016601.9, "Plan Rows": 36259494, "Plan Width": 12, "Actual Min Startup Time": 645.331, "Actual Max Startup Time": 783.649, "Actual Min Total Time": 1693.701, "Actual Max Total Time": 1911.979, "Actual Rows": 36244343}, {"Node Type": "Hash", "Parent Relationship": "Inner", "Startup Cost": 15012.81, "Total Cost": 15012.81, "Plan Rows": 16, "Plan Width": 4, "Actual Min Startup Time": 0.008, "Actual Max Startup Time": 64.151, "Actual Min Total Time": 0.008, "Actual Max Total Time": 64.151, "Max Hash Buckets": 32768, "Min Hash Buckets": 32768, "Max Hash Batches": 1, "Min Hash Batches": 1, "Max Original Hash Batches": 1, "Min Original Hash Batches": 1, "Max Peak Memory Usage": 1, "min Peak Memory Usage": 1, "Plans": [{"Node Type": "Streaming(type: BROADCAST dop: 16/1)", "Parent Relationship": "Outer", "Startup Cost": 0.0, "Total Cost": 15012.81, "Plan Rows": 16, "Plan Width": 4, "Actual Min Startup Time": 0.004, "Actual Max Startup Time": 64.144, "Actual Min Total Time": 0.004, "Actual Max Total Time": 64.145, "Plans": [{"Node Type": "Index Scan", "Parent Relationship": "Outer", "Scan Direction": "Forward", "Index Name": "role_type_pkey", "Relation Name": "role_type", "Alias": "rt", "Startup Cost": 0.0, "Total Cost": 12.46, "Plan Rows": 1, "Plan Width": 4, "Actual Min Startup Time": 0.041, "Actual Max Startup Time": 0.041, "Actual Min Total Time": 0.044, "Actual Max Total Time": 0.044, "Filter": "((role)::text = 'costume designer'::text)", "Rows Removed by Filter": 11, "Actual Rows": 1}], "Actual Rows": 16}], "Actual Rows": 16}], "Actual Rows": 276403}], "Actual Rows": 276403}, {"Node Type": "Hash", "Parent Relationship": "Inner", "Startup Cost": 121444.67, "Total Cost": 121444.67, "Plan Rows": 901342, "Plan Width": 20, "Actual Min Startup Time": 1468.194, "Actual Max Startup Time": 1749.209, "Actual Min Total Time": 1468.194, "Actual Max Total Time": 1749.209, "Max Hash Buckets": 65536, "Min Hash Buckets": 65536, "Max Hash Batches": 1, "Min Hash Batches": 1, "Max Original Hash Batches": 1, "Min Original Hash Batches": 1, "Max Peak Memory Usage": 2981, "min Peak Memory Usage": 2981, "Plans": [{"Node Type": "Streaming(type: LOCAL REDISTRIBUTE dop: 16/1)", "Parent Relationship": "Outer", "Startup Cost": 0.0, "Total Cost": 121444.67, "Plan Rows": 901342, "Plan Width": 20, "Actual Min Startup Time": 0.039, "Actual Max Startup Time": 281.599, "Actual Min Total Time": 1450.988, "Actual Max Total Time": 1725.838, "Plans": [{"Node Type": "Index Scan", "Parent Relationship": "Outer", "Scan Direction": "Forward", "Index Name": "person_id_aka_name", "Relation Name": "aka_name", "Alias": "an1", "Startup Cost": 0.0, "Total Cost": 68965.03, "Plan Rows": 901342, "Plan Width": 20, "Actual Min Startup Time": 0.052, "Actual Max Startup Time": 0.052, "Actual Min Total Time": 790.263, "Actual Max Total Time": 790.263, "Actual Rows": 901342}], "Actual Rows": 901342}], "Actual Rows": 901342}], "Actual Rows": 218966}], "Actual Rows": 218966}, {"Node Type": "Hash", "Parent Relationship": "Inner", "Startup Cost": 139099.07, "Total Cost": 139099.07, "Plan Rows": 2609128, "Plan Width": 8, "Actual Min Startup Time": 581.948, "Actual Max Startup Time": 862.587, "Actual Min Total Time": 581.948, "Actual Max Total Time": 862.587, "Max Hash Buckets": 262144, "Min Hash Buckets": 262144, "Max Hash Batches": 1, "Min Hash Batches": 1, "Max Original Hash Batches": 1, "Min Original Hash Batches": 1, "Max Peak Memory Usage": 6396, "min Peak Memory Usage": 6396, "Plans": [{"Node Type": "Streaming(type: LOCAL REDISTRIBUTE dop: 16/16)", "Parent Relationship": "Outer", "Startup Cost": 0.0, "Total Cost": 139099.07, "Plan Rows": 2609128, "Plan Width": 8, "Actual Min Startup Time": 0.05, "Actual Max Startup Time": 112.502, "Actual Min Total Time": 524.183, "Actual Max Total Time": 807.363, "Plans": [{"Node Type": "Index Scan", "Parent Relationship": "Outer", "Scan Direction": "Forward", "Index Name": "company_id_movie_companies", "Relation Name": "movie_companies", "Alias": "mc", "Startup Cost": 0.0, "Total Cost": 114212.92, "Plan Rows": 2609128, "Plan Width": 8, "Actual Min Startup Time": 0.055, "Actual Max Startup Time": 204.879, "Actual Min Total Time": 190.275, "Actual Max Total Time": 497.445, "Actual Rows": 2609128}], "Actual Rows": 2609128}], "Actual Rows": 2609128}], "Actual Rows": 752819}], "Actual Rows": 752819}, {"Node Type": "Hash", "Parent Relationship": "Inner", "Startup Cost": 182953.41, "Total Cost": 182953.41, "Plan Rows": 4167490, "Plan Width": 4, "Actual Min Startup Time": 697.261, "Actual Max Startup Time": 1021.878, "Actual Min Total Time": 697.261, "Actual Max Total Time": 1021.878, "Max Hash Buckets": 262144, "Min Hash Buckets": 262144, "Max Hash Batches": 1, "Min Hash Batches": 1, "Max Original Hash Batches": 1, "Min Original Hash Batches": 1, "Max Peak Memory Usage": 9174, "min Peak Memory Usage": 9174, "Plans": [{"Node Type": "Streaming(type: LOCAL REDISTRIBUTE dop: 16/16)", "Parent Relationship": "Outer", "Startup Cost": 0.0, "Total Cost": 182953.41, "Plan Rows": 4167490, "Plan Width": 4, "Actual Min Startup Time": 0.054, "Actual Max Startup Time": 246.431, "Actual Min Total Time": 596.958, "Actual Max Total Time": 927.951, "Plans": [{"Node Type": "Index Scan", "Parent Relationship": "Outer", "Scan Direction": "Forward", "Index Name": "name_pkey", "Relation Name": "name", "Alias": "n1", "Startup Cost": 0.0, "Total Cost": 152162.53, "Plan Rows": 4167490, "Plan Width": 4, "Actual Min Startup Time": 60.229, "Actual Max Startup Time": 306.727, "Actual Min Total Time": 311.349, "Actual Max Total Time": 560.481, "Actual Rows": 4167490}], "Actual Rows": 4167490}], "Actual Rows": 4167490}], "Actual Rows": 752819}], "Actual Rows": 752819}, {"Node Type": "Hash", "Parent Relationship": "Inner", "Startup Cost": 29042.93, "Total Cost": 29042.93, "Plan Rows": 85170, "Plan Width": 4, "Actual Min Startup Time": 511.387, "Actual Max Startup Time": 742.213, "Actual Min Total Time": 511.387, "Actual Max Total Time": 742.213, "Max Hash Buckets": 32768, "Min Hash Buckets": 32768, "Max Hash Batches": 1, "Min Hash Batches": 1, "Max Original Hash Batches": 1, "Min Original Hash Batches": 1, "Max Peak Memory Usage": 182, "min Peak Memory Usage": 182, "Plans": [{"Node Type": "Streaming(type: LOCAL REDISTRIBUTE dop: 16/1)", "Parent Relationship": "Outer", "Startup Cost": 0.0, "Total Cost": 29042.93, "Plan Rows": 85170, "Plan Width": 4, "Actual Min Startup Time": 0.038, "Actual Max Startup Time": 229.663, "Actual Min Total Time": 509.495, "Actual Max Total Time": 740.36, "Plans": [{"Node Type": "Index Scan", "Parent Relationship": "Outer", "Scan Direction": "Forward", "Index Name": "company_name_pkey", "Relation Name": "company_name", "Alias": "cn", "Startup Cost": 0.0, "Total Cost": 10501.39, "Plan Rows": 85170, "Plan Width": 4, "Actual Min Startup Time": 0.059, "Actual Max Startup Time": 0.059, "Actual Min Total Time": 444.105, "Actual Max Total Time": 444.105, "Filter": "((country_code)::text = '[us]'::text)", "Rows Removed by Filter": 150153, "Actual Rows": 84843}], "Actual Rows": 84843}], "Actual Rows": 84843}], "Actual Rows": 323005}], "Actual Rows": 323005}, {"Node Type": "Hash", "Parent Relationship": "Inner", "Startup Cost": 125997.5, "Total Cost": 125997.5, "Plan Rows": 2528311, "Plan Width": 21, "Actual Min Startup Time": 654.95, "Actual Max Startup Time": 957.925, "Actual Min Total Time": 654.95, "Actual Max Total Time": 957.925, "Max Hash Buckets": 262144, "Min Hash Buckets": 262144, "Max Hash Batches": 1, "Min Hash Batches": 1, "Max Original Hash Batches": 1, "Min Original Hash Batches": 1, "Max Peak Memory Usage": 8518, "min Peak Memory Usage": 8518, "Plans": [{"Node Type": "Streaming(type: LOCAL REDISTRIBUTE dop: 16/16)", "Parent Relationship": "Outer", "Startup Cost": 0.0, "Total Cost": 125997.5, "Plan Rows": 2528311, "Plan Width": 21, "Actual Min Startup Time": 0.05, "Actual Max Startup Time": 192.809, "Actual Min Total Time": 585.619, "Actual Max Total Time": 904.138, "Plans": [{"Node Type": "Index Scan", "Parent Relationship": "Outer", "Scan Direction": "Forward", "Index Name": "title_pkey", "Relation Name": "title", "Alias": "t", "Startup Cost": 0.0, "Total Cost": 101417.57, "Plan Rows": 2528311, "Plan Width": 21, "Actual Min Startup Time": 28.69, "Actual Max Startup Time": 239.756, "Actual Min Total Time": 321.352, "Actual Max Total Time": 625.216, "Actual Rows": 2528311}], "Actual Rows": 2528311}], "Actual Rows": 2528311}], "Actual Rows": 323005}], "Actual Rows": 16}], "Actual Rows": 16}], "Actual Rows": 1}, "Triggers": [], "Planner Runtime": 110.135, "Total Runtime": 3348.961, "Unique SQL Id": 2457761703}}, "(16, '110')": {"explain_plan": {"Plan": {"Node Type": "Aggregate", "Strategy": "Plain", "Startup Cost": 287566.27, "Total Cost": 287566.3, "Plan Rows": 1, "Plan Width": 97, "Plans": [{"Node Type": "Streaming(type: LOCAL GATHER dop: 1/16)", "Parent Relationship": "Outer", "Startup Cost": 287566.27, "Total Cost": 287566.3, "Plan Rows": 1, "Plan Width": 97, "Plans": [{"Node Type": "Aggregate", "Strategy": "Plain", "Parent Relationship": "Outer", "Startup Cost": 287566.27, "Total Cost": 287566.28, "Plan Rows": 1, "Plan Width": 97, "Plans": [{"Node Type": "Hash Join", "Parent Relationship": "Outer", "Join Type": "Inner", "Startup Cost": 142621.96, "Total Cost": 285780.78, "Plan Rows": 357098, "Plan Width": 33, "Inner Unique": true, "Hash Cond": "(an1.person_id = n1.id), (LLVM Optimized)", "Plans": [{"Node Type": "Streaming(type: LOCAL REDISTRIBUTE dop: 16/16)", "Parent Relationship": "Outer", "Startup Cost": 126464.14, "Total Cost": 269316.07, "Plan Rows": 357098, "Plan Width": 41, "Plans": [{"Node Type": "Hash Join", "Parent Relationship": "Outer", "Join Type": "Inner", "Startup Cost": 126464.14, "Total Cost": 252963.01, "Plan Rows": 357098, "Plan Width": 41, "Inner Unique": true, "Hash Cond": "(ci.movie_id = t.id), (LLVM Optimized)", "Plans": [{"Node Type": "Streaming(type: LOCAL REDISTRIBUTE dop: 16/16)", "Parent Relationship": "Outer", "Startup Cost": 113655.34, "Total Cost": 239847.25, "Plan Rows": 357379, "Plan Width": 32, "Plans": [{"Node Type": "Hash Join", "Parent Relationship": "Outer", "Join Type": "Inner", "Startup Cost": 113655.34, "Total Cost": 223493.12, "Plan Rows": 357379, "Plan Width": 32, "Inner Unique": false, "Hash Cond": "(ci.person_id = an1.person_id), (LLVM Optimized)", "Plans": [{"Node Type": "Streaming(type: LOCAL REDISTRIBUTE dop: 16/16)", "Parent Relationship": "Outer", "Startup Cost": 104286.28, "Total Cost": 212931.86, "Plan Rows": 711018, "Plan Width": 12, "Plans": [{"Node Type": "Hash Join", "Parent Relationship": "Outer", "Join Type": "Inner", "Startup Cost": 104286.28, "Total Cost": 195237.77, "Plan Rows": 711018, "Plan Width": 12, "Inner Unique": false, "Hash Cond": "(ci.movie_id = mc.movie_id), (LLVM Optimized)", "Plans": [{"Node Type": "Streaming(type: LOCAL REDISTRIBUTE dop: 16/16)", "Parent Relationship": "Outer", "Startup Cost": 15001.51, "Total Cost": 102848.74, "Plan Rows": 3296318, "Plan Width": 8, "Plans": [{"Node Type": "Hash Join", "Parent Relationship": "Outer", "Join Type": "Inner", "Startup Cost": 15001.51, "Total Cost": 75358.79, "Plan Rows": 3296318, "Plan Width": 8, "Inner Unique": true, "Hash Cond": "(ci.role_id = rt.id), (LLVM Optimized)", "Plans": [{"Node Type": "Seq Scan", "Parent Relationship": "Outer", "Relation Name": "cast_info", "Alias": "ci", "Startup Cost": 0.0, "Total Cost": 52617.37, "Plan Rows": 36259494, "Plan Width": 12}, {"Node Type": "Hash", "Parent Relationship": "Inner", "Startup Cost": 15001.5, "Total Cost": 15001.5, "Plan Rows": 16, "Plan Width": 4, "Plans": [{"Node Type": "Streaming(type: BROADCAST dop: 16/1)", "Parent Relationship": "Outer", "Startup Cost": 0.0, "Total Cost": 15001.5, "Plan Rows": 16, "Plan Width": 4, "Plans": [{"Node Type": "Seq Scan", "Parent Relationship": "Outer", "Relation Name": "role_type", "Alias": "rt", "Startup Cost": 0.0, "Total Cost": 1.15, "Plan Rows": 1, "Plan Width": 4, "Filter": "((role)::text = 'costume designer'::text)"}]}]}]}]}, {"Node Type": "Hash", "Parent Relationship": "Inner", "Startup Cost": 88282.97, "Total Cost": 88282.97, "Plan Rows": 1282311, "Plan Width": 4, "Plans": [{"Node Type": "Streaming(type: LOCAL REDISTRIBUTE dop: 16/16)", "Parent Relationship": "Outer", "Startup Cost": 24511.53, "Total Cost": 88282.97, "Plan Rows": 1282311, "Plan Width": 4, "Plans": [{"Node Type": "Hash Join", "Parent Relationship": "Outer", "Join Type": "Inner", "Startup Cost": 24511.53, "Total Cost": 68424.21, "Plan Rows": 1282311, "Plan Width": 4, "Inner Unique": true, "Hash Cond": "(mc.company_id = cn.id), (LLVM Optimized)", "Plans": [{"Node Type": "Streaming(type: LOCAL REDISTRIBUTE dop: 16/16)", "Parent Relationship": "Outer", "Startup Cost": 0.0, "Total Cost": 42499.73, "Plan Rows": 2609128, "Plan Width": 8, "Plans": [{"Node Type": "Seq Scan", "Parent Relationship": "Outer", "Relation Name": "movie_companies", "Alias": "mc", "Startup Cost": 0.0, "Total Cost": 17613.58, "Plan Rows": 2609128, "Plan Width": 8}]}, {"Node Type": "Hash", "Parent Relationship": "Inner", "Startup Cost": 24444.99, "Total Cost": 24444.99, "Plan Rows": 85170, "Plan Width": 4, "Plans": [{"Node Type": "Streaming(type: LOCAL REDISTRIBUTE dop: 16/1)", "Parent Relationship": "Outer", "Startup Cost": 0.0, "Total Cost": 24444.99, "Plan Rows": 85170, "Plan Width": 4, "Plans": [{"Node Type": "Seq Scan", "Parent Relationship": "Outer", "Relation Name": "company_name", "Alias": "cn", "Startup Cost": 0.0, "Total Cost": 5903.45, "Plan Rows": 85170, "Plan Width": 4, "Filter": "((country_code)::text = '[us]'::text)"}]}]}]}]}]}]}]}, {"Node Type": "Hash", "Parent Relationship": "Inner", "Startup Cost": 34659.52, "Total Cost": 34659.52, "Plan Rows": 901342, "Plan Width": 20, "Plans": [{"Node Type": "Streaming(type: LOCAL REDISTRIBUTE dop: 16/16)", "Parent Relationship": "Outer", "Startup Cost": 0.0, "Total Cost": 34659.52, "Plan Rows": 901342, "Plan Width": 20, "Plans": [{"Node Type": "Seq Scan", "Parent Relationship": "Outer", "Relation Name": "aka_name", "Alias": "an1", "Startup Cost": 0.0, "Total Cost": 16244.28, "Plan Rows": 901342, "Plan Width": 20}]}]}]}]}, {"Node Type": "Hash", "Parent Relationship": "Inner", "Startup Cost": 43334.25, "Total Cost": 43334.25, "Plan Rows": 2528311, "Plan Width": 21, "Plans": [{"Node Type": "Streaming(type: LOCAL REDISTRIBUTE dop: 16/16)", "Parent Relationship": "Outer", "Startup Cost": 0.0, "Total Cost": 43334.25, "Plan Rows": 2528311, "Plan Width": 21, "Plans": [{"Node Type": "Seq Scan", "Parent Relationship": "Outer", "Relation Name": "title", "Alias": "t", "Startup Cost": 0.0, "Total Cost": 18754.32, "Plan Rows": 2528311, "Plan Width": 21}]}]}]}]}, {"Node Type": "Hash", "Parent Relationship": "Inner", "Startup Cost": 51607.87, "Total Cost": 51607.87, "Plan Rows": 4167490, "Plan Width": 4, "Plans": [{"Node Type": "Streaming(type: LOCAL REDISTRIBUTE dop: 16/16)", "Parent Relationship": "Outer", "Startup Cost": 0.0, "Total Cost": 51607.87, "Plan Rows": 4167490, "Plan Width": 4, "Plans": [{"Node Type": "Seq Scan", "Parent Relationship": "Outer", "Relation Name": "name", "Alias": "n1", "Startup Cost": 0.0, "Total Cost": 20816.99, "Plan Rows": 4167490, "Plan Width": 4}]}]}]}]}]}]}, "Unique SQL Id": 2457761703, "Planner Runtime": 253}, "explain_analyze_plan": {"Plan": {"Node Type": "Aggregate", "Strategy": "Plain", "Startup Cost": 287566.27, "Total Cost": 287566.3, "Plan Rows": 1, "Plan Width": 97, "Actual Min Startup Time": 1429.474, "Actual Max Startup Time": 1429.474, "Actual Min Total Time": 1429.474, "Actual Max Total Time": 1429.474, "Plans": [{"Node Type": "Streaming(type: LOCAL GATHER dop: 1/16)", "Parent Relationship": "Outer", "Startup Cost": 287566.27, "Total Cost": 287566.3, "Plan Rows": 1, "Plan Width": 97, "Actual Min Startup Time": 1428.475, "Actual Max Startup Time": 1428.475, "Actual Min Total Time": 1429.447, "Actual Max Total Time": 1429.447, "Plans": [{"Node Type": "Aggregate", "Strategy": "Plain", "Parent Relationship": "Outer", "Startup Cost": 287566.27, "Total Cost": 287566.28, "Plan Rows": 1, "Plan Width": 97, "Actual Min Startup Time": 1046.427, "Actual Max Startup Time": 1225.524, "Actual Min Total Time": 1046.427, "Actual Max Total Time": 1225.525, "Plans": [{"Node Type": "Hash Join", "Parent Relationship": "Outer", "Join Type": "Inner", "Startup Cost": 142621.96, "Total Cost": 285780.78, "Plan Rows": 357098, "Plan Width": 33, "Actual Min Startup Time": 657.95, "Actual Max Startup Time": 846.411, "Actual Min Total Time": 1031.721, "Actual Max Total Time": 1217.172, "Inner Unique": true, "Hash Cond": "(an1.person_id = n1.id), (LLVM Optimized, Jit Execute)", "Plans": [{"Node Type": "Streaming(type: LOCAL REDISTRIBUTE dop: 16/16)", "Parent Relationship": "Outer", "Startup Cost": 126464.14, "Total Cost": 269316.07, "Plan Rows": 357098, "Plan Width": 41, "Actual Min Startup Time": 138.252, "Actual Max Startup Time": 161.278, "Actual Min Total Time": 500.465, "Actual Max Total Time": 521.157, "Plans": [{"Node Type": "Hash Join", "Parent Relationship": "Outer", "Join Type": "Inner", "Startup Cost": 126464.14, "Total Cost": 252963.01, "Plan Rows": 357098, "Plan Width": 41, "Actual Min Startup Time": 650.282, "Actual Max Startup Time": 827.406, "Actual Min Total Time": 1018.2, "Actual Max Total Time": 1197.69, "Inner Unique": true, "Hash Cond": "(ci.movie_id = t.id), (LLVM Optimized, Jit Execute)", "Plans": [{"Node Type": "Streaming(type: LOCAL REDISTRIBUTE dop: 16/16)", "Parent Relationship": "Outer", "Startup Cost": 113655.34, "Total Cost": 239847.25, "Plan Rows": 357379, "Plan Width": 32, "Actual Min Startup Time": 284.581, "Actual Max Startup Time": 292.563, "Actual Min Total Time": 643.034, "Actual Max Total Time": 653.83, "Plans": [{"Node Type": "Hash Join", "Parent Relationship": "Outer", "Join Type": "Inner", "Startup Cost": 113655.34, "Total Cost": 223493.12, "Plan Rows": 357379, "Plan Width": 32, "Actual Min Startup Time": 656.508, "Actual Max Startup Time": 864.813, "Actual Min Total Time": 976.219, "Actual Max Total Time": 1211.51, "Inner Unique": false, "Hash Cond": "(ci.person_id = an1.person_id), (LLVM Optimized, Jit Execute)", "Plans": [{"Node Type": "Streaming(type: LOCAL REDISTRIBUTE dop: 16/16)", "Parent Relationship": "Outer", "Startup Cost": 104286.28, "Total Cost": 212931.86, "Plan Rows": 711018, "Plan Width": 12, "Actual Min Startup Time": 516.593, "Actual Max Startup Time": 530.476, "Actual Min Total Time": 825.032, "Actual Max Total Time": 876.688, "Plans": [{"Node Type": "Hash Join", "Parent Relationship": "Outer", "Join Type": "Inner", "Startup Cost": 104286.28, "Total Cost": 195237.77, "Plan Rows": 711018, "Plan Width": 12, "Actual Min Startup Time": 655.48, "Actual Max Startup Time": 884.626, "Actual Min Total Time": 967.321, "Actual Max Total Time": 1196.253, "Inner Unique": false, "Hash Cond": "(ci.movie_id = mc.movie_id), (LLVM Optimized, Jit Execute)", "Plans": [{"Node Type": "Streaming(type: LOCAL REDISTRIBUTE dop: 16/16)", "Parent Relationship": "Outer", "Startup Cost": 15001.51, "Total Cost": 102848.74, "Plan Rows": 3296318, "Plan Width": 8, "Actual Min Startup Time": 0.062, "Actual Max Startup Time": 0.846, "Actual Min Total Time": 293.775, "Actual Max Total Time": 312.773, "Plans": [{"Node Type": "Hash Join", "Parent Relationship": "Outer", "Join Type": "Inner", "Startup Cost": 15001.51, "Total Cost": 75358.79, "Plan Rows": 3296318, "Plan Width": 8, "Actual Min Startup Time": 729.862, "Actual Max Startup Time": 782.989, "Actual Min Total Time": 934.617, "Actual Max Total Time": 992.529, "Inner Unique": true, "Hash Cond": "(ci.role_id = rt.id), (LLVM Optimized, Jit Execute)", "Plans": [{"Node Type": "Seq Scan", "Parent Relationship": "Outer", "Relation Name": "cast_info", "Alias": "ci", "Startup Cost": 0.0, "Total Cost": 52617.37, "Plan Rows": 36259494, "Plan Width": 12, "Actual Min Startup Time": 0.029, "Actual Max Startup Time": 0.042, "Actual Min Total Time": 515.441, "Actual Max Total Time": 569.135, "Actual Rows": 36244343}, {"Node Type": "Hash", "Parent Relationship": "Inner", "Startup Cost": 15001.5, "Total Cost": 15001.5, "Plan Rows": 16, "Plan Width": 4, "Actual Min Startup Time": 0.012, "Actual Max Startup Time": 11.903, "Actual Min Total Time": 0.012, "Actual Max Total Time": 11.903, "Max Hash Buckets": 32768, "Min Hash Buckets": 32768, "Max Hash Batches": 1, "Min Hash Batches": 1, "Max Original Hash Batches": 1, "Min Original Hash Batches": 1, "Max Peak Memory Usage": 1, "min Peak Memory Usage": 1, "Plans": [{"Node Type": "Streaming(type: BROADCAST dop: 16/1)", "Parent Relationship": "Outer", "Startup Cost": 0.0, "Total Cost": 15001.5, "Plan Rows": 16, "Plan Width": 4, "Actual Min Startup Time": 0.004, "Actual Max Startup Time": 11.888, "Actual Min Total Time": 0.004, "Actual Max Total Time": 11.889, "Plans": [{"Node Type": "Seq Scan", "Parent Relationship": "Outer", "Relation Name": "role_type", "Alias": "rt", "Startup Cost": 0.0, "Total Cost": 1.15, "Plan Rows": 1, "Plan Width": 4, "Actual Min Startup Time": 0.025, "Actual Max Startup Time": 0.025, "Actual Min Total Time": 0.027, "Actual Max Total Time": 0.027, "Filter": "((role)::text = 'costume designer'::text)", "Rows Removed by Filter": 11, "Actual Rows": 1}], "Actual Rows": 16}], "Actual Rows": 16}], "Actual Rows": 276403}], "Actual Rows": 276403}, {"Node Type": "Hash", "Parent Relationship": "Inner", "Startup Cost": 88282.97, "Total Cost": 88282.97, "Plan Rows": 1282311, "Plan Width": 4, "Actual Min Startup Time": 655.204, "Actual Max Startup Time": 884.113, "Actual Min Total Time": 655.204, "Actual Max Total Time": 884.113, "Max Hash Buckets": 131072, "Min Hash Buckets": 131072, "Max Hash Batches": 1, "Min Hash Batches": 1, "Max Original Hash Batches": 1, "Min Original Hash Batches": 1, "Max Peak Memory Usage": 2542, "min Peak Memory Usage": 2542, "Plans": [{"Node Type": "Streaming(type: LOCAL REDISTRIBUTE dop: 16/16)", "Parent Relationship": "Outer", "Startup Cost": 24511.53, "Total Cost": 88282.97, "Plan Rows": 1282311, "Plan Width": 4, "Actual Min Startup Time": 186.112, "Actual Max Startup Time": 414.758, "Actual Min Total Time": 627.769, "Actual Max Total Time": 863.493, "Plans": [{"Node Type": "Hash Join", "Parent Relationship": "Outer", "Join Type": "Inner", "Startup Cost": 24511.53, "Total Cost": 68424.21, "Plan Rows": 1282311, "Plan Width": 4, "Actual Min Startup Time": 176.757, "Actual Max Startup Time": 400.58, "Actual Min Total Time": 517.522, "Actual Max Total Time": 794.956, "Inner Unique": true, "Hash Cond": "(mc.company_id = cn.id), (LLVM Optimized, Jit Execute)", "Plans": [{"Node Type": "Streaming(type: LOCAL REDISTRIBUTE dop: 16/16)", "Parent Relationship": "Outer", "Startup Cost": 0.0, "Total Cost": 42499.73, "Plan Rows": 2609128, "Plan Width": 8, "Actual Min Startup Time": 0.062, "Actual Max Startup Time": 1.791, "Actual Min Total Time": 265.249, "Actual Max Total Time": 357.061, "Plans": [{"Node Type": "Seq Scan", "Parent Relationship": "Outer", "Relation Name": "movie_companies", "Alias": "mc", "Startup Cost": 0.0, "Total Cost": 17613.58, "Plan Rows": 2609128, "Plan Width": 8, "Actual Min Startup Time": 0.026, "Actual Max Startup Time": 0.044, "Actual Min Total Time": 42.83, "Actual Max Total Time": 51.451, "Actual Rows": 2609128}], "Actual Rows": 2609128}, {"Node Type": "Hash", "Parent Relationship": "Inner", "Startup Cost": 24444.99, "Total Cost": 24444.99, "Plan Rows": 85170, "Plan Width": 4, "Actual Min Startup Time": 176.63, "Actual Max Startup Time": 399.346, "Actual Min Total Time": 176.63, "Actual Max Total Time": 399.346, "Max Hash Buckets": 32768, "Min Hash Buckets": 32768, "Max Hash Batches": 1, "Min Hash Batches": 1, "Max Original Hash Batches": 1, "Min Original Hash Batches": 1, "Max Peak Memory Usage": 182, "min Peak Memory Usage": 182, "Plans": [{"Node Type": "Streaming(type: LOCAL REDISTRIBUTE dop: 16/1)", "Parent Relationship": "Outer", "Startup Cost": 0.0, "Total Cost": 24444.99, "Plan Rows": 85170, "Plan Width": 4, "Actual Min Startup Time": 0.035, "Actual Max Startup Time": 218.603, "Actual Min Total Time": 174.868, "Actual Max Total Time": 397.632, "Plans": [{"Node Type": "Seq Scan", "Parent Relationship": "Outer", "Relation Name": "company_name", "Alias": "cn", "Startup Cost": 0.0, "Total Cost": 5903.45, "Plan Rows": 85170, "Plan Width": 4, "Actual Min Startup Time": 0.038, "Actual Max Startup Time": 0.038, "Actual Min Total Time": 94.596, "Actual Max Total Time": 94.596, "Filter": "((country_code)::text = '[us]'::text)", "Rows Removed by Filter": 150153, "Actual Rows": 84843}], "Actual Rows": 84843}], "Actual Rows": 84843}], "Actual Rows": 1153797}], "Actual Rows": 1153797}], "Actual Rows": 1153797}], "Actual Rows": 285537}], "Actual Rows": 285537}, {"Node Type": "Hash", "Parent Relationship": "Inner", "Startup Cost": 34659.52, "Total Cost": 34659.52, "Plan Rows": 901342, "Plan Width": 20, "Actual Min Startup Time": 129.879, "Actual Max Startup Time": 348.156, "Actual Min Total Time": 129.879, "Actual Max Total Time": 348.156, "Max Hash Buckets": 65536, "Min Hash Buckets": 65536, "Max Hash Batches": 1, "Min Hash Batches": 1, "Max Original Hash Batches": 1, "Min Original Hash Batches": 1, "Max Peak Memory Usage": 2981, "min Peak Memory Usage": 2981, "Plans": [{"Node Type": "Streaming(type: LOCAL REDISTRIBUTE dop: 16/16)", "Parent Relationship": "Outer", "Startup Cost": 0.0, "Total Cost": 34659.52, "Plan Rows": 901342, "Plan Width": 20, "Actual Min Startup Time": 0.048, "Actual Max Startup Time": 211.292, "Actual Min Total Time": 113.469, "Actual Max Total Time": 331.199, "Plans": [{"Node Type": "Seq Scan", "Parent Relationship": "Outer", "Relation Name": "aka_name", "Alias": "an1", "Startup Cost": 0.0, "Total Cost": 16244.28, "Plan Rows": 901342, "Plan Width": 20, "Actual Min Startup Time": 0.02, "Actual Max Startup Time": 0.037, "Actual Min Total Time": 16.899, "Actual Max Total Time": 20.777, "Actual Rows": 901342}], "Actual Rows": 901342}], "Actual Rows": 901342}], "Actual Rows": 323005}], "Actual Rows": 323005}, {"Node Type": "Hash", "Parent Relationship": "Inner", "Startup Cost": 43334.25, "Total Cost": 43334.25, "Plan Rows": 2528311, "Plan Width": 21, "Actual Min Startup Time": 361.928, "Actual Max Startup Time": 536.694, "Actual Min Total Time": 361.928, "Actual Max Total Time": 536.694, "Max Hash Buckets": 262144, "Min Hash Buckets": 262144, "Max Hash Batches": 1, "Min Hash Batches": 1, "Max Original Hash Batches": 1, "Min Original Hash Batches": 1, "Max Peak Memory Usage": 8518, "min Peak Memory Usage": 8518, "Plans": [{"Node Type": "Streaming(type: LOCAL REDISTRIBUTE dop: 16/16)", "Parent Relationship": "Outer", "Startup Cost": 0.0, "Total Cost": 43334.25, "Plan Rows": 2528311, "Plan Width": 21, "Actual Min Startup Time": 0.052, "Actual Max Startup Time": 29.929, "Actual Min Total Time": 291.244, "Actual Max Total Time": 484.112, "Plans": [{"Node Type": "Seq Scan", "Parent Relationship": "Outer", "Relation Name": "title", "Alias": "t", "Startup Cost": 0.0, "Total Cost": 18754.32, "Plan Rows": 2528311, "Plan Width": 21, "Actual Min Startup Time": 0.018, "Actual Max Startup Time": 0.034, "Actual Min Total Time": 48.948, "Actual Max Total Time": 58.428, "Actual Rows": 2528311}], "Actual Rows": 2528311}], "Actual Rows": 2528311}], "Actual Rows": 323005}], "Actual Rows": 323005}, {"Node Type": "Hash", "Parent Relationship": "Inner", "Startup Cost": 51607.87, "Total Cost": 51607.87, "Plan Rows": 4167490, "Plan Width": 4, "Actual Min Startup Time": 514.494, "Actual Max Startup Time": 693.507, "Actual Min Total Time": 514.494, "Actual Max Total Time": 693.507, "Max Hash Buckets": 262144, "Min Hash Buckets": 262144, "Max Hash Batches": 1, "Min Hash Batches": 1, "Max Original Hash Batches": 1, "Min Original Hash Batches": 1, "Max Peak Memory Usage": 9174, "min Peak Memory Usage": 9174, "Plans": [{"Node Type": "Streaming(type: LOCAL REDISTRIBUTE dop: 16/16)", "Parent Relationship": "Outer", "Startup Cost": 0.0, "Total Cost": 51607.87, "Plan Rows": 4167490, "Plan Width": 4, "Actual Min Startup Time": 0.053, "Actual Max Startup Time": 140.533, "Actual Min Total Time": 409.113, "Actual Max Total Time": 612.992, "Plans": [{"Node Type": "Seq Scan", "Parent Relationship": "Outer", "Relation Name": "name", "Alias": "n1", "Startup Cost": 0.0, "Total Cost": 20816.99, "Plan Rows": 4167490, "Plan Width": 4, "Actual Min Startup Time": 0.017, "Actual Max Startup Time": 0.034, "Actual Min Total Time": 74.859, "Actual Max Total Time": 86.06, "Actual Rows": 4167490}], "Actual Rows": 4167490}], "Actual Rows": 4167490}], "Actual Rows": 323005}], "Actual Rows": 16}], "Actual Rows": 16}], "Actual Rows": 1}, "Triggers": [], "Planner Runtime": 195.615, "Total Runtime": 1475.961, "Unique SQL Id": 2457761703}}, "(16, '111')": {"explain_plan": {"Plan": {"Node Type": "Aggregate", "Strategy": "Plain", "Startup Cost": 7000184478375.49, "Total Cost": 7000184478375.5, "Plan Rows": 1, "Plan Width": 97, "Plans": [{"Node Type": "Hash Join", "Parent Relationship": "Outer", "Join Type": "Inner", "Startup Cost": 6010049079205.02, "Total Cost": 7000184476590.0, "Plan Rows": 357098, "Plan Width": 33, "Inner Unique": true, "Hash Cond": "(ci.movie_id = t.id), (LLVM Optimized)", "Plans": [{"Node Type": "Hash Join", "Parent Relationship": "Outer", "Join Type": "Inner", "Startup Cost": 5010038035552.22, "Total Cost": 6000173428026.05, "Plan Rows": 357379, "Plan Width": 24, "Inner Unique": true, "Hash Cond": "(an1.person_id = n1.id), (LLVM Optimized)", "Plans": [{"Node Type": "Hash Join", "Parent Relationship": "Outer", "Join Type": "Inner", "Startup Cost": 4010020360183.89, "Total Cost": 5000155747743.76, "Plan Rows": 357379, "Plan Width": 32, "Inner Unique": false, "Hash Cond": "(ci.person_id = an1.person_id), (LLVM Optimized)", "Plans": [{"Node Type": "Hash Join", "Parent Relationship": "Outer", "Join Type": "Inner", "Startup Cost": 3010013452413.69, "Total Cost": 4000148620924.57, "Plan Rows": 711018, "Plan Width": 12, "Inner Unique": true, "Hash Cond": "(mc.company_id = cn.id), (LLVM Optimized)", "Plans": [{"Node Type": "Hash Join", "Parent Relationship": "Outer", "Join Type": "Inner", "Startup Cost": 2010012401210.1, "Total Cost": 3000147557185.62, "Plan Rows": 1446714, "Plan Width": 16, "Inner Unique": false, "Hash Cond": "(ci.movie_id = mc.movie_id), (LLVM Optimized)", "Plans": [{"Node Type": "Hash Join", "Parent Relationship": "Outer", "Join Type": "Inner", "Startup Cost": 1010000001246.01, "Total Cost": 2000134278550.55, "Plan Rows": 3296318, "Plan Width": 8, "Inner Unique": true, "Hash Cond": "(ci.role_id = rt.id), (LLVM Optimized)", "Plans": [{"Node Type": "Index Scan", "Parent Relationship": "Outer", "Scan Direction": "Forward", "Index Name": "role_id_cast_info", "Relation Name": "cast_info", "Alias": "ci", "Startup Cost": 10000000000.0, "Total Cost": 1000134153466.0, "Plan Rows": 36259494, "Plan Width": 12}, {"Node Type": "Hash", "Parent Relationship": "Inner", "Startup Cost": 1000000001246.0, "Total Cost": 1000000001246.0, "Plan Rows": 1, "Plan Width": 4, "Plans": [{"Node Type": "Index Scan", "Parent Relationship": "Outer", "Scan Direction": "Forward", "Index Name": "role_type_pkey", "Relation Name": "role_type", "Alias": "rt", "Startup Cost": 10000000000.0, "Total Cost": 1000000001246.0, "Plan Rows": 1, "Plan Width": 4, "Filter": "((role)::text = 'costume designer'::text)"}]}]}, {"Node Type": "Hash", "Parent Relationship": "Inner", "Startup Cost": 1000012367349.98, "Total Cost": 1000012367349.98, "Plan Rows": 2609128, "Plan Width": 8, "Plans": [{"Node Type": "Index Scan", "Parent Relationship": "Outer", "Scan Direction": "Forward", "Index Name": "company_id_movie_companies", "Relation Name": "movie_companies", "Alias": "mc", "Startup Cost": 10000000000.0, "Total Cost": 1000012367349.98, "Plan Rows": 2609128, "Plan Width": 8}]}]}, {"Node Type": "Hash", "Parent Relationship": "Inner", "Startup Cost": 1000001050138.97, "Total Cost": 1000001050138.97, "Plan Rows": 85170, "Plan Width": 4, "Plans": [{"Node Type": "Index Scan", "Parent Relationship": "Outer", "Scan Direction": "Forward", "Index Name": "company_name_pkey", "Relation Name": "company_name", "Alias": "cn", "Startup Cost": 10000000000.0, "Total Cost": 1000001050138.97, "Plan Rows": 85170, "Plan Width": 4, "Filter": "((country_code)::text = '[us]'::text)"}]}]}, {"Node Type": "Hash", "Parent Relationship": "Inner", "Startup Cost": 1000006896503.43, "Total Cost": 1000006896503.43, "Plan Rows": 901342, "Plan Width": 20, "Plans": [{"Node Type": "Index Scan", "Parent Relationship": "Outer", "Scan Direction": "Forward", "Index Name": "person_id_aka_name", "Relation Name": "aka_name", "Alias": "an1", "Startup Cost": 10000000000.0, "Total Cost": 1000006896503.43, "Plan Rows": 901342, "Plan Width": 20}]}]}, {"Node Type": "Hash", "Parent Relationship": "Inner", "Startup Cost": 1000017623274.7, "Total Cost": 1000017623274.7, "Plan Rows": 4167490, "Plan Width": 4, "Plans": [{"Node Type": "Index Scan", "Parent Relationship": "Outer", "Scan Direction": "Forward", "Index Name": "name_pkey", "Relation Name": "name", "Alias": "n1", "Startup Cost": 10000000000.0, "Total Cost": 1000017623274.7, "Plan Rows": 4167490, "Plan Width": 4}]}]}, {"Node Type": "Hash", "Parent Relationship": "Inner", "Startup Cost": 1000011012048.91, "Total Cost": 1000011012048.91, "Plan Rows": 2528311, "Plan Width": 21, "Plans": [{"Node Type": "Index Scan", "Parent Relationship": "Outer", "Scan Direction": "Forward", "Index Name": "title_pkey", "Relation Name": "title", "Alias": "t", "Startup Cost": 10000000000.0, "Total Cost": 1000011012048.91, "Plan Rows": 2528311, "Plan Width": 21}]}]}]}, "Unique SQL Id": 2457761703, "Planner Runtime": 53}, "explain_analyze_plan": null}, "(16, '112')": {"explain_plan": {"Plan": {"Node Type": "Aggregate", "Strategy": "Plain", "Startup Cost": 1965944.02, "Total Cost": 1965944.03, "Plan Rows": 1, "Plan Width": 97, "Plans": [{"Node Type": "Nested Loop", "Parent Relationship": "Outer", "Join Type": "Inner", "Startup Cost": 0.0, "Total Cost": 1964158.53, "Plan Rows": 357098, "Plan Width": 33, "Inner Unique": true, "Join Filter": "(an1.person_id = n1.id), (LLVM Optimized)", "Plans": [{"Node Type": "Nested Loop", "Parent Relationship": "Outer", "Join Type": "Inner", "Startup Cost": 0.0, "Total Cost": 1862664.6, "Plan Rows": 357098, "Plan Width": 41, "Inner Unique": true, "Plans": [{"Node Type": "Nested Loop", "Parent Relationship": "Outer", "Join Type": "Inner", "Startup Cost": 0.0, "Total Cost": 1760862.26, "Plan Rows": 357379, "Plan Width": 32, "Inner Unique": false, "Plans": [{"Node Type": "Nested Loop", "Parent Relationship": "Outer", "Join Type": "Inner", "Startup Cost": 0.0, "Total Cost": 1560689.3, "Plan Rows": 711018, "Plan Width": 12, "Inner Unique": false, "Join Filter": "(ci.role_id = rt.id), (LLVM Optimized)", "Plans": [{"Node Type": "Seq Scan", "Parent Relationship": "Outer", "Relation Name": "role_type", "Alias": "rt", "Startup Cost": 0.0, "Total Cost": 1.15, "Plan Rows": 1, "Plan Width": 4, "Filter": "((role)::text = 'costume designer'::text)"}, {"Node Type": "Nested Loop", "Parent Relationship": "Inner", "Join Type": "Inner", "Startup Cost": 0.0, "Total Cost": 1462923.14, "Plan Rows": 7821201, "Plan Width": 16, "Inner Unique": false, "Plans": [{"Node Type": "Nested Loop", "Parent Relationship": "Outer", "Join Type": "Inner", "Startup Cost": 0.0, "Total Cost": 166734.45, "Plan Rows": 1282311, "Plan Width": 4, "Inner Unique": false, "Plans": [{"Node Type": "Seq Scan", "Parent Relationship": "Outer", "Relation Name": "company_name", "Alias": "cn", "Startup Cost": 0.0, "Total Cost": 5903.45, "Plan Rows": 85170, "Plan Width": 4, "Filter": "((country_code)::text = '[us]'::text)"}, {"Node Type": "Index Scan", "Parent Relationship": "Inner", "Scan Direction": "Forward", "Index Name": "company_id_movie_companies", "Relation Name": "movie_companies", "Alias": "mc", "Startup Cost": 0.0, "Total Cost": 1.74, "Plan Rows": 15, "Plan Width": 8, "Index Cond": "(company_id = cn.id)"}]}, {"Node Type": "Index Scan", "Parent Relationship": "Inner", "Scan Direction": "Forward", "Index Name": "movie_id_cast_info", "Relation Name": "cast_info", "Alias": "ci", "Startup Cost": 0.0, "Total Cost": 0.95, "Plan Rows": 6, "Plan Width": 12, "Index Cond": "(movie_id = mc.movie_id)"}]}]}, {"Node Type": "Index Scan", "Parent Relationship": "Inner", "Scan Direction": "Forward", "Index Name": "person_id_aka_name", "Relation Name": "aka_name", "Alias": "an1", "Startup Cost": 0.0, "Total Cost": 0.27, "Plan Rows": 1, "Plan Width": 20, "Index Cond": "(person_id = ci.person_id)"}]}, {"Node Type": "Index Scan", "Parent Relationship": "Inner", "Scan Direction": "Forward", "Index Name": "title_pkey", "Relation Name": "title", "Alias": "t", "Startup Cost": 0.0, "Total Cost": 0.27, "Plan Rows": 1, "Plan Width": 21, "Index Cond": "(id = ci.movie_id)"}]}, {"Node Type": "Index Only Scan", "Parent Relationship": "Inner", "Scan Direction": "Forward", "Index Name": "name_pkey", "Relation Name": "name", "Alias": "n1", "Startup Cost": 0.0, "Total Cost": 0.27, "Plan Rows": 1, "Plan Width": 4, "Index Cond": "(id = ci.person_id)"}]}]}, "Unique SQL Id": 2457761703, "Planner Runtime": 6}, "explain_analyze_plan": null}, "(16, '113')": {"explain_plan": {"Plan": {"Node Type": "Aggregate", "Strategy": "Plain", "Startup Cost": 1970553.27, "Total Cost": 1970553.28, "Plan Rows": 1, "Plan Width": 97, "Plans": [{"Node Type": "Nested Loop", "Parent Relationship": "Outer", "Join Type": "Inner", "Startup Cost": 0.0, "Total Cost": 1968767.78, "Plan Rows": 357098, "Plan Width": 33, "Inner Unique": true, "Join Filter": "(an1.person_id = n1.id), (LLVM Optimized)", "Plans": [{"Node Type": "Nested Loop", "Parent Relationship": "Outer", "Join Type": "Inner", "Startup Cost": 0.0, "Total Cost": 1867273.85, "Plan Rows": 357098, "Plan Width": 41, "Inner Unique": true, "Plans": [{"Node Type": "Nested Loop", "Parent Relationship": "Outer", "Join Type": "Inner", "Startup Cost": 0.0, "Total Cost": 1765471.51, "Plan Rows": 357379, "Plan Width": 32, "Inner Unique": false, "Plans": [{"Node Type": "Nested Loop", "Parent Relationship": "Outer", "Join Type": "Inner", "Startup Cost": 0.0, "Total Cost": 1565298.55, "Plan Rows": 711018, "Plan Width": 12, "Inner Unique": false, "Join Filter": "(ci.role_id = rt.id), (LLVM Optimized)", "Plans": [{"Node Type": "Index Scan", "Parent Relationship": "Outer", "Scan Direction": "Forward", "Index Name": "role_type_pkey", "Relation Name": "role_type", "Alias": "rt", "Startup Cost": 0.0, "Total Cost": 12.46, "Plan Rows": 1, "Plan Width": 4, "Filter": "((role)::text = 'costume designer'::text)"}, {"Node Type": "Nested Loop", "Parent Relationship": "Inner", "Join Type": "Inner", "Startup Cost": 0.0, "Total Cost": 1467521.08, "Plan Rows": 7821201, "Plan Width": 16, "Inner Unique": false, "Plans": [{"Node Type": "Nested Loop", "Parent Relationship": "Outer", "Join Type": "Inner", "Startup Cost": 0.0, "Total Cost": 171332.39, "Plan Rows": 1282311, "Plan Width": 4, "Inner Unique": false, "Plans": [{"Node Type": "Index Scan", "Parent Relationship": "Outer", "Scan Direction": "Forward", "Index Name": "company_name_pkey", "Relation Name": "company_name", "Alias": "cn", "Startup Cost": 0.0, "Total Cost": 10501.39, "Plan Rows": 85170, "Plan Width": 4, "Filter": "((country_code)::text = '[us]'::text)"}, {"Node Type": "Index Scan", "Parent Relationship": "Inner", "Scan Direction": "Forward", "Index Name": "company_id_movie_companies", "Relation Name": "movie_companies", "Alias": "mc", "Startup Cost": 0.0, "Total Cost": 1.74, "Plan Rows": 15, "Plan Width": 8, "Index Cond": "(company_id = cn.id)"}]}, {"Node Type": "Index Scan", "Parent Relationship": "Inner", "Scan Direction": "Forward", "Index Name": "movie_id_cast_info", "Relation Name": "cast_info", "Alias": "ci", "Startup Cost": 0.0, "Total Cost": 0.95, "Plan Rows": 6, "Plan Width": 12, "Index Cond": "(movie_id = mc.movie_id)"}]}]}, {"Node Type": "Index Scan", "Parent Relationship": "Inner", "Scan Direction": "Forward", "Index Name": "person_id_aka_name", "Relation Name": "aka_name", "Alias": "an1", "Startup Cost": 0.0, "Total Cost": 0.27, "Plan Rows": 1, "Plan Width": 20, "Index Cond": "(person_id = ci.person_id)"}]}, {"Node Type": "Index Scan", "Parent Relationship": "Inner", "Scan Direction": "Forward", "Index Name": "title_pkey", "Relation Name": "title", "Alias": "t", "Startup Cost": 0.0, "Total Cost": 0.27, "Plan Rows": 1, "Plan Width": 21, "Index Cond": "(id = ci.movie_id)"}]}, {"Node Type": "Index Only Scan", "Parent Relationship": "Inner", "Scan Direction": "Forward", "Index Name": "name_pkey", "Relation Name": "name", "Alias": "n1", "Startup Cost": 0.0, "Total Cost": 0.27, "Plan Rows": 1, "Plan Width": 4, "Index Cond": "(id = ci.person_id)"}]}]}, "Unique SQL Id": 2457761703, "Planner Runtime": 6}, "explain_analyze_plan": null}, "(16, '114')": {"explain_plan": {"Plan": {"Node Type": "Aggregate", "Strategy": "Plain", "Startup Cost": 12604914.55, "Total Cost": 12604914.56, "Plan Rows": 1, "Plan Width": 97, "Plans": [{"Node Type": "Nested Loop", "Parent Relationship": "Outer", "Join Type": "Inner", "Startup Cost": 2.1, "Total Cost": 12603129.06, "Plan Rows": 357098, "Plan Width": 33, "Inner Unique": true, "Join Filter": "(an1.person_id = n1.id), (LLVM Optimized)", "Plans": [{"Node Type": "Nested Loop", "Parent Relationship": "Outer", "Join Type": "Inner", "Startup Cost": 1.84, "Total Cost": 11073153.85, "Plan Rows": 357098, "Plan Width": 41, "Inner Unique": true, "Plans": [{"Node Type": "Nested Loop", "Parent Relationship": "Outer", "Join Type": "Inner", "Startup Cost": 1.58, "Total Cost": 9543117.59, "Plan Rows": 357379, "Plan Width": 32, "Inner Unique": false, "Plans": [{"Node Type": "Nested Loop", "Parent Relationship": "Outer", "Join Type": "Inner", "Startup Cost": 1.33, "Total Cost": 6499549.44, "Plan Rows": 711018, "Plan Width": 12, "Inner Unique": false, "Join Filter": "(ci.role_id = rt.id), (LLVM Optimized)", "Plans": [{"Node Type": "Seq Scan", "Parent Relationship": "Outer", "Relation Name": "role_type", "Alias": "rt", "Startup Cost": 0.0, "Total Cost": 1.15, "Plan Rows": 1, "Plan Width": 4, "Filter": "((role)::text = 'costume designer'::text)"}, {"Node Type": "Nested Loop", "Parent Relationship": "Inner", "Join Type": "Inner", "Startup Cost": 1.33, "Total Cost": 6401783.28, "Plan Rows": 7821201, "Plan Width": 16, "Inner Unique": false, "Plans": [{"Node Type": "Nested Loop", "Parent Relationship": "Outer", "Join Type": "Inner", "Startup Cost": 0.82, "Total Cost": 444829.84, "Plan Rows": 1282311, "Plan Width": 4, "Inner Unique": false, "Plans": [{"Node Type": "Seq Scan", "Parent Relationship": "Outer", "Relation Name": "company_name", "Alias": "cn", "Startup Cost": 0.0, "Total Cost": 5903.45, "Plan Rows": 85170, "Plan Width": 4, "Filter": "((country_code)::text = '[us]'::text)"}, {"Node Type": "Bitmap Heap Scan", "Parent Relationship": "Inner", "Relation Name": "movie_companies", "Alias": "mc", "Startup Cost": 0.82, "Total Cost": 5.0, "Plan Rows": 15, "Plan Width": 8, "Recheck Cond": "(company_id = cn.id)", "Plans": [{"Node Type": "Bitmap Index Scan", "Parent Relationship": "Outer", "Index Name": "company_id_movie_companies", "Startup Cost": 0.0, "Total Cost": 0.81, "Plan Rows": 15, "Plan Width": 0, "Index Cond": "(company_id = cn.id)"}]}]}, {"Node Type": "Bitmap Heap Scan", "Parent Relationship": "Inner", "Relation Name": "cast_info", "Alias": "ci", "Startup Cost": 0.51, "Total Cost": 4.59, "Plan Rows": 6, "Plan Width": 12, "Recheck Cond": "(movie_id = mc.movie_id)", "Plans": [{"Node Type": "Bitmap Index Scan", "Parent Relationship": "Outer", "Index Name": "movie_id_cast_info", "Startup Cost": 0.0, "Total Cost": 0.51, "Plan Rows": 6, "Plan Width": 0, "Index Cond": "(movie_id = mc.movie_id)"}]}]}]}, {"Node Type": "Bitmap Heap Scan", "Parent Relationship": "Inner", "Relation Name": "aka_name", "Alias": "an1", "Startup Cost": 0.26, "Total Cost": 4.27, "Plan Rows": 1, "Plan Width": 20, "Recheck Cond": "(person_id = ci.person_id)", "Plans": [{"Node Type": "Bitmap Index Scan", "Parent Relationship": "Outer", "Index Name": "person_id_aka_name", "Startup Cost": 0.0, "Total Cost": 0.26, "Plan Rows": 1, "Plan Width": 0, "Index Cond": "(person_id = ci.person_id)"}]}]}, {"Node Type": "Bitmap Heap Scan", "Parent Relationship": "Inner", "Relation Name": "title", "Alias": "t", "Startup Cost": 0.26, "Total Cost": 4.27, "Plan Rows": 1, "Plan Width": 21, "Recheck Cond": "(id = ci.movie_id)", "Plans": [{"Node Type": "Bitmap Index Scan", "Parent Relationship": "Outer", "Index Name": "title_pkey", "Startup Cost": 0.0, "Total Cost": 0.26, "Plan Rows": 1, "Plan Width": 0, "Index Cond": "(id = ci.movie_id)"}]}]}, {"Node Type": "Bitmap Heap Scan", "Parent Relationship": "Inner", "Relation Name": "name", "Alias": "n1", "Startup Cost": 0.26, "Total Cost": 4.27, "Plan Rows": 1, "Plan Width": 4, "Recheck Cond": "(id = ci.person_id)", "Plans": [{"Node Type": "Bitmap Index Scan", "Parent Relationship": "Outer", "Index Name": "name_pkey", "Startup Cost": 0.0, "Total Cost": 0.26, "Plan Rows": 1, "Plan Width": 0, "Index Cond": "(id = ci.person_id)"}]}]}]}, "Unique SQL Id": 2457761703, "Planner Runtime": 22}, "explain_analyze_plan": null}, "(16, '115')": {"explain_plan": {"Plan": {"Node Type": "Aggregate", "Strategy": "Plain", "Startup Cost": 12607726.38, "Total Cost": 12607726.39, "Plan Rows": 1, "Plan Width": 97, "Plans": [{"Node Type": "Nested Loop", "Parent Relationship": "Outer", "Join Type": "Inner", "Startup Cost": 2810.94, "Total Cost": 12605940.89, "Plan Rows": 357098, "Plan Width": 33, "Inner Unique": true, "Join Filter": "(an1.person_id = n1.id), (LLVM Optimized)", "Plans": [{"Node Type": "Nested Loop", "Parent Relationship": "Outer", "Join Type": "Inner", "Startup Cost": 2810.68, "Total Cost": 11075965.68, "Plan Rows": 357098, "Plan Width": 41, "Inner Unique": true, "Plans": [{"Node Type": "Nested Loop", "Parent Relationship": "Outer", "Join Type": "Inner", "Startup Cost": 2810.42, "Total Cost": 9545929.42, "Plan Rows": 357379, "Plan Width": 32, "Inner Unique": false, "Plans": [{"Node Type": "Nested Loop", "Parent Relationship": "Outer", "Join Type": "Inner", "Startup Cost": 2810.16, "Total Cost": 6502361.27, "Plan Rows": 711018, "Plan Width": 12, "Inner Unique": false, "Join Filter": "(ci.role_id = rt.id), (LLVM Optimized)", "Plans": [{"Node Type": "Bitmap Heap Scan", "Parent Relationship": "Outer", "Relation Name": "role_type", "Alias": "rt", "Startup Cost": 8.31, "Total Cost": 12.46, "Plan Rows": 1, "Plan Width": 4, "Filter": "((role)::text = 'costume designer'::text)", "Plans": [{"Node Type": "Bitmap Index Scan", "Parent Relationship": "Outer", "Index Name": "role_type_pkey", "Startup Cost": 0.0, "Total Cost": 8.31, "Plan Rows": 12, "Plan Width": 0}]}, {"Node Type": "Nested Loop", "Parent Relationship": "Inner", "Join Type": "Inner", "Startup Cost": 2801.85, "Total Cost": 6404583.8, "Plan Rows": 7821201, "Plan Width": 16, "Inner Unique": false, "Plans": [{"Node Type": "Nested Loop", "Parent Relationship": "Outer", "Join Type": "Inner", "Startup Cost": 2801.34, "Total Cost": 447630.36, "Plan Rows": 1282311, "Plan Width": 4, "Inner Unique": false, "Plans": [{"Node Type": "Bitmap Heap Scan", "Parent Relationship": "Outer", "Relation Name": "company_name", "Alias": "cn", "Startup Cost": 2800.52, "Total Cost": 8703.97, "Plan Rows": 85170, "Plan Width": 4, "Filter": "((country_code)::text = '[us]'::text)", "Plans": [{"Node Type": "Bitmap Index Scan", "Parent Relationship": "Outer", "Index Name": "company_name_pkey", "Startup Cost": 0.0, "Total Cost": 2779.23, "Plan Rows": 234996, "Plan Width": 0}]}, {"Node Type": "Bitmap Heap Scan", "Parent Relationship": "Inner", "Relation Name": "movie_companies", "Alias": "mc", "Startup Cost": 0.82, "Total Cost": 5.0, "Plan Rows": 15, "Plan Width": 8, "Recheck Cond": "(company_id = cn.id)", "Plans": [{"Node Type": "Bitmap Index Scan", "Parent Relationship": "Outer", "Index Name": "company_id_movie_companies", "Startup Cost": 0.0, "Total Cost": 0.81, "Plan Rows": 15, "Plan Width": 0, "Index Cond": "(company_id = cn.id)"}]}]}, {"Node Type": "Bitmap Heap Scan", "Parent Relationship": "Inner", "Relation Name": "cast_info", "Alias": "ci", "Startup Cost": 0.51, "Total Cost": 4.59, "Plan Rows": 6, "Plan Width": 12, "Recheck Cond": "(movie_id = mc.movie_id)", "Plans": [{"Node Type": "Bitmap Index Scan", "Parent Relationship": "Outer", "Index Name": "movie_id_cast_info", "Startup Cost": 0.0, "Total Cost": 0.51, "Plan Rows": 6, "Plan Width": 0, "Index Cond": "(movie_id = mc.movie_id)"}]}]}]}, {"Node Type": "Bitmap Heap Scan", "Parent Relationship": "Inner", "Relation Name": "aka_name", "Alias": "an1", "Startup Cost": 0.26, "Total Cost": 4.27, "Plan Rows": 1, "Plan Width": 20, "Recheck Cond": "(person_id = ci.person_id)", "Plans": [{"Node Type": "Bitmap Index Scan", "Parent Relationship": "Outer", "Index Name": "person_id_aka_name", "Startup Cost": 0.0, "Total Cost": 0.26, "Plan Rows": 1, "Plan Width": 0, "Index Cond": "(person_id = ci.person_id)"}]}]}, {"Node Type": "Bitmap Heap Scan", "Parent Relationship": "Inner", "Relation Name": "title", "Alias": "t", "Startup Cost": 0.26, "Total Cost": 4.27, "Plan Rows": 1, "Plan Width": 21, "Recheck Cond": "(id = ci.movie_id)", "Plans": [{"Node Type": "Bitmap Index Scan", "Parent Relationship": "Outer", "Index Name": "title_pkey", "Startup Cost": 0.0, "Total Cost": 0.26, "Plan Rows": 1, "Plan Width": 0, "Index Cond": "(id = ci.movie_id)"}]}]}, {"Node Type": "Bitmap Heap Scan", "Parent Relationship": "Inner", "Relation Name": "name", "Alias": "n1", "Startup Cost": 0.26, "Total Cost": 4.27, "Plan Rows": 1, "Plan Width": 4, "Recheck Cond": "(id = ci.person_id)", "Plans": [{"Node Type": "Bitmap Index Scan", "Parent Relationship": "Outer", "Index Name": "name_pkey", "Startup Cost": 0.0, "Total Cost": 0.26, "Plan Rows": 1, "Plan Width": 0, "Index Cond": "(id = ci.person_id)"}]}]}]}, "Unique SQL Id": 2457761703, "Planner Runtime": 5}, "explain_analyze_plan": null}, "(16, '116')": {"explain_plan": {"Plan": {"Node Type": "Aggregate", "Strategy": "Plain", "Startup Cost": 1967968.74, "Total Cost": 1967968.75, "Plan Rows": 1, "Plan Width": 97, "Plans": [{"Node Type": "Nested Loop", "Parent Relationship": "Outer", "Join Type": "Inner", "Startup Cost": 0.0, "Total Cost": 1966183.25, "Plan Rows": 357098, "Plan Width": 33, "Inner Unique": true, "Join Filter": "(an1.person_id = n1.id), (LLVM Optimized)", "Plans": [{"Node Type": "Nested Loop", "Parent Relationship": "Outer", "Join Type": "Inner", "Startup Cost": 0.0, "Total Cost": 1862664.6, "Plan Rows": 357098, "Plan Width": 41, "Inner Unique": true, "Plans": [{"Node Type": "Nested Loop", "Parent Relationship": "Outer", "Join Type": "Inner", "Startup Cost": 0.0, "Total Cost": 1760862.26, "Plan Rows": 357379, "Plan Width": 32, "Inner Unique": false, "Plans": [{"Node Type": "Nested Loop", "Parent Relationship": "Outer", "Join Type": "Inner", "Startup Cost": 0.0, "Total Cost": 1560689.3, "Plan Rows": 711018, "Plan Width": 12, "Inner Unique": false, "Join Filter": "(ci.role_id = rt.id), (LLVM Optimized)", "Plans": [{"Node Type": "Seq Scan", "Parent Relationship": "Outer", "Relation Name": "role_type", "Alias": "rt", "Startup Cost": 0.0, "Total Cost": 1.15, "Plan Rows": 1, "Plan Width": 4, "Filter": "((role)::text = 'costume designer'::text)"}, {"Node Type": "Nested Loop", "Parent Relationship": "Inner", "Join Type": "Inner", "Startup Cost": 0.0, "Total Cost": 1462923.14, "Plan Rows": 7821201, "Plan Width": 16, "Inner Unique": false, "Plans": [{"Node Type": "Nested Loop", "Parent Relationship": "Outer", "Join Type": "Inner", "Startup Cost": 0.0, "Total Cost": 166734.45, "Plan Rows": 1282311, "Plan Width": 4, "Inner Unique": false, "Plans": [{"Node Type": "Seq Scan", "Parent Relationship": "Outer", "Relation Name": "company_name", "Alias": "cn", "Startup Cost": 0.0, "Total Cost": 5903.45, "Plan Rows": 85170, "Plan Width": 4, "Filter": "((country_code)::text = '[us]'::text)"}, {"Node Type": "Index Scan", "Parent Relationship": "Inner", "Scan Direction": "Forward", "Index Name": "company_id_movie_companies", "Relation Name": "movie_companies", "Alias": "mc", "Startup Cost": 0.0, "Total Cost": 1.74, "Plan Rows": 15, "Plan Width": 8, "Index Cond": "(company_id = cn.id)"}]}, {"Node Type": "Index Scan", "Parent Relationship": "Inner", "Scan Direction": "Forward", "Index Name": "movie_id_cast_info", "Relation Name": "cast_info", "Alias": "ci", "Startup Cost": 0.0, "Total Cost": 0.95, "Plan Rows": 6, "Plan Width": 12, "Index Cond": "(movie_id = mc.movie_id)"}]}]}, {"Node Type": "Index Scan", "Parent Relationship": "Inner", "Scan Direction": "Forward", "Index Name": "person_id_aka_name", "Relation Name": "aka_name", "Alias": "an1", "Startup Cost": 0.0, "Total Cost": 0.27, "Plan Rows": 1, "Plan Width": 20, "Index Cond": "(person_id = ci.person_id)"}]}, {"Node Type": "Index Scan", "Parent Relationship": "Inner", "Scan Direction": "Forward", "Index Name": "title_pkey", "Relation Name": "title", "Alias": "t", "Startup Cost": 0.0, "Total Cost": 0.27, "Plan Rows": 1, "Plan Width": 21, "Index Cond": "(id = ci.movie_id)"}]}, {"Node Type": "Index Scan", "Parent Relationship": "Inner", "Scan Direction": "Forward", "Index Name": "name_pkey", "Relation Name": "name", "Alias": "n1", "Startup Cost": 0.0, "Total Cost": 0.28, "Plan Rows": 1, "Plan Width": 4, "Index Cond": "(id = ci.person_id)"}]}]}, "Unique SQL Id": 2457761703, "Planner Runtime": 6}, "explain_analyze_plan": null}, "(16, '117')": {"explain_plan": {"Plan": {"Node Type": "Aggregate", "Strategy": "Plain", "Startup Cost": 1972577.99, "Total Cost": 1972578.0, "Plan Rows": 1, "Plan Width": 97, "Plans": [{"Node Type": "Nested Loop", "Parent Relationship": "Outer", "Join Type": "Inner", "Startup Cost": 0.0, "Total Cost": 1970792.5, "Plan Rows": 357098, "Plan Width": 33, "Inner Unique": true, "Join Filter": "(an1.person_id = n1.id), (LLVM Optimized)", "Plans": [{"Node Type": "Nested Loop", "Parent Relationship": "Outer", "Join Type": "Inner", "Startup Cost": 0.0, "Total Cost": 1867273.85, "Plan Rows": 357098, "Plan Width": 41, "Inner Unique": true, "Plans": [{"Node Type": "Nested Loop", "Parent Relationship": "Outer", "Join Type": "Inner", "Startup Cost": 0.0, "Total Cost": 1765471.51, "Plan Rows": 357379, "Plan Width": 32, "Inner Unique": false, "Plans": [{"Node Type": "Nested Loop", "Parent Relationship": "Outer", "Join Type": "Inner", "Startup Cost": 0.0, "Total Cost": 1565298.55, "Plan Rows": 711018, "Plan Width": 12, "Inner Unique": false, "Join Filter": "(ci.role_id = rt.id), (LLVM Optimized)", "Plans": [{"Node Type": "Index Scan", "Parent Relationship": "Outer", "Scan Direction": "Forward", "Index Name": "role_type_pkey", "Relation Name": "role_type", "Alias": "rt", "Startup Cost": 0.0, "Total Cost": 12.46, "Plan Rows": 1, "Plan Width": 4, "Filter": "((role)::text = 'costume designer'::text)"}, {"Node Type": "Nested Loop", "Parent Relationship": "Inner", "Join Type": "Inner", "Startup Cost": 0.0, "Total Cost": 1467521.08, "Plan Rows": 7821201, "Plan Width": 16, "Inner Unique": false, "Plans": [{"Node Type": "Nested Loop", "Parent Relationship": "Outer", "Join Type": "Inner", "Startup Cost": 0.0, "Total Cost": 171332.39, "Plan Rows": 1282311, "Plan Width": 4, "Inner Unique": false, "Plans": [{"Node Type": "Index Scan", "Parent Relationship": "Outer", "Scan Direction": "Forward", "Index Name": "company_name_pkey", "Relation Name": "company_name", "Alias": "cn", "Startup Cost": 0.0, "Total Cost": 10501.39, "Plan Rows": 85170, "Plan Width": 4, "Filter": "((country_code)::text = '[us]'::text)"}, {"Node Type": "Index Scan", "Parent Relationship": "Inner", "Scan Direction": "Forward", "Index Name": "company_id_movie_companies", "Relation Name": "movie_companies", "Alias": "mc", "Startup Cost": 0.0, "Total Cost": 1.74, "Plan Rows": 15, "Plan Width": 8, "Index Cond": "(company_id = cn.id)"}]}, {"Node Type": "Index Scan", "Parent Relationship": "Inner", "Scan Direction": "Forward", "Index Name": "movie_id_cast_info", "Relation Name": "cast_info", "Alias": "ci", "Startup Cost": 0.0, "Total Cost": 0.95, "Plan Rows": 6, "Plan Width": 12, "Index Cond": "(movie_id = mc.movie_id)"}]}]}, {"Node Type": "Index Scan", "Parent Relationship": "Inner", "Scan Direction": "Forward", "Index Name": "person_id_aka_name", "Relation Name": "aka_name", "Alias": "an1", "Startup Cost": 0.0, "Total Cost": 0.27, "Plan Rows": 1, "Plan Width": 20, "Index Cond": "(person_id = ci.person_id)"}]}, {"Node Type": "Index Scan", "Parent Relationship": "Inner", "Scan Direction": "Forward", "Index Name": "title_pkey", "Relation Name": "title", "Alias": "t", "Startup Cost": 0.0, "Total Cost": 0.27, "Plan Rows": 1, "Plan Width": 21, "Index Cond": "(id = ci.movie_id)"}]}, {"Node Type": "Index Scan", "Parent Relationship": "Inner", "Scan Direction": "Forward", "Index Name": "name_pkey", "Relation Name": "name", "Alias": "n1", "Startup Cost": 0.0, "Total Cost": 0.28, "Plan Rows": 1, "Plan Width": 4, "Index Cond": "(id = ci.person_id)"}]}]}, "Unique SQL Id": 2457761703, "Planner Runtime": 6}, "explain_analyze_plan": null}, "(16, '118')": {"explain_plan": {"Plan": {"Node Type": "Aggregate", "Strategy": "Plain", "Startup Cost": 12604914.55, "Total Cost": 12604914.56, "Plan Rows": 1, "Plan Width": 97, "Plans": [{"Node Type": "Nested Loop", "Parent Relationship": "Outer", "Join Type": "Inner", "Startup Cost": 2.1, "Total Cost": 12603129.06, "Plan Rows": 357098, "Plan Width": 33, "Inner Unique": true, "Join Filter": "(an1.person_id = n1.id), (LLVM Optimized)", "Plans": [{"Node Type": "Nested Loop", "Parent Relationship": "Outer", "Join Type": "Inner", "Startup Cost": 1.84, "Total Cost": 11073153.85, "Plan Rows": 357098, "Plan Width": 41, "Inner Unique": true, "Plans": [{"Node Type": "Nested Loop", "Parent Relationship": "Outer", "Join Type": "Inner", "Startup Cost": 1.58, "Total Cost": 9543117.59, "Plan Rows": 357379, "Plan Width": 32, "Inner Unique": false, "Plans": [{"Node Type": "Nested Loop", "Parent Relationship": "Outer", "Join Type": "Inner", "Startup Cost": 1.33, "Total Cost": 6499549.44, "Plan Rows": 711018, "Plan Width": 12, "Inner Unique": false, "Join Filter": "(ci.role_id = rt.id), (LLVM Optimized)", "Plans": [{"Node Type": "Seq Scan", "Parent Relationship": "Outer", "Relation Name": "role_type", "Alias": "rt", "Startup Cost": 0.0, "Total Cost": 1.15, "Plan Rows": 1, "Plan Width": 4, "Filter": "((role)::text = 'costume designer'::text)"}, {"Node Type": "Nested Loop", "Parent Relationship": "Inner", "Join Type": "Inner", "Startup Cost": 1.33, "Total Cost": 6401783.28, "Plan Rows": 7821201, "Plan Width": 16, "Inner Unique": false, "Plans": [{"Node Type": "Nested Loop", "Parent Relationship": "Outer", "Join Type": "Inner", "Startup Cost": 0.82, "Total Cost": 444829.84, "Plan Rows": 1282311, "Plan Width": 4, "Inner Unique": false, "Plans": [{"Node Type": "Seq Scan", "Parent Relationship": "Outer", "Relation Name": "company_name", "Alias": "cn", "Startup Cost": 0.0, "Total Cost": 5903.45, "Plan Rows": 85170, "Plan Width": 4, "Filter": "((country_code)::text = '[us]'::text)"}, {"Node Type": "Bitmap Heap Scan", "Parent Relationship": "Inner", "Relation Name": "movie_companies", "Alias": "mc", "Startup Cost": 0.82, "Total Cost": 5.0, "Plan Rows": 15, "Plan Width": 8, "Recheck Cond": "(company_id = cn.id)", "Plans": [{"Node Type": "Bitmap Index Scan", "Parent Relationship": "Outer", "Index Name": "company_id_movie_companies", "Startup Cost": 0.0, "Total Cost": 0.81, "Plan Rows": 15, "Plan Width": 0, "Index Cond": "(company_id = cn.id)"}]}]}, {"Node Type": "Bitmap Heap Scan", "Parent Relationship": "Inner", "Relation Name": "cast_info", "Alias": "ci", "Startup Cost": 0.51, "Total Cost": 4.59, "Plan Rows": 6, "Plan Width": 12, "Recheck Cond": "(movie_id = mc.movie_id)", "Plans": [{"Node Type": "Bitmap Index Scan", "Parent Relationship": "Outer", "Index Name": "movie_id_cast_info", "Startup Cost": 0.0, "Total Cost": 0.51, "Plan Rows": 6, "Plan Width": 0, "Index Cond": "(movie_id = mc.movie_id)"}]}]}]}, {"Node Type": "Bitmap Heap Scan", "Parent Relationship": "Inner", "Relation Name": "aka_name", "Alias": "an1", "Startup Cost": 0.26, "Total Cost": 4.27, "Plan Rows": 1, "Plan Width": 20, "Recheck Cond": "(person_id = ci.person_id)", "Plans": [{"Node Type": "Bitmap Index Scan", "Parent Relationship": "Outer", "Index Name": "person_id_aka_name", "Startup Cost": 0.0, "Total Cost": 0.26, "Plan Rows": 1, "Plan Width": 0, "Index Cond": "(person_id = ci.person_id)"}]}]}, {"Node Type": "Bitmap Heap Scan", "Parent Relationship": "Inner", "Relation Name": "title", "Alias": "t", "Startup Cost": 0.26, "Total Cost": 4.27, "Plan Rows": 1, "Plan Width": 21, "Recheck Cond": "(id = ci.movie_id)", "Plans": [{"Node Type": "Bitmap Index Scan", "Parent Relationship": "Outer", "Index Name": "title_pkey", "Startup Cost": 0.0, "Total Cost": 0.26, "Plan Rows": 1, "Plan Width": 0, "Index Cond": "(id = ci.movie_id)"}]}]}, {"Node Type": "Bitmap Heap Scan", "Parent Relationship": "Inner", "Relation Name": "name", "Alias": "n1", "Startup Cost": 0.26, "Total Cost": 4.27, "Plan Rows": 1, "Plan Width": 4, "Recheck Cond": "(id = ci.person_id)", "Plans": [{"Node Type": "Bitmap Index Scan", "Parent Relationship": "Outer", "Index Name": "name_pkey", "Startup Cost": 0.0, "Total Cost": 0.26, "Plan Rows": 1, "Plan Width": 0, "Index Cond": "(id = ci.person_id)"}]}]}]}, "Unique SQL Id": 2457761703, "Planner Runtime": 22}, "explain_analyze_plan": null}, "(16, '119')": {"explain_plan": {"Plan": {"Node Type": "Aggregate", "Strategy": "Plain", "Startup Cost": 12607726.38, "Total Cost": 12607726.39, "Plan Rows": 1, "Plan Width": 97, "Plans": [{"Node Type": "Nested Loop", "Parent Relationship": "Outer", "Join Type": "Inner", "Startup Cost": 2810.94, "Total Cost": 12605940.89, "Plan Rows": 357098, "Plan Width": 33, "Inner Unique": true, "Join Filter": "(an1.person_id = n1.id), (LLVM Optimized)", "Plans": [{"Node Type": "Nested Loop", "Parent Relationship": "Outer", "Join Type": "Inner", "Startup Cost": 2810.68, "Total Cost": 11075965.68, "Plan Rows": 357098, "Plan Width": 41, "Inner Unique": true, "Plans": [{"Node Type": "Nested Loop", "Parent Relationship": "Outer", "Join Type": "Inner", "Startup Cost": 2810.42, "Total Cost": 9545929.42, "Plan Rows": 357379, "Plan Width": 32, "Inner Unique": false, "Plans": [{"Node Type": "Nested Loop", "Parent Relationship": "Outer", "Join Type": "Inner", "Startup Cost": 2810.16, "Total Cost": 6502361.27, "Plan Rows": 711018, "Plan Width": 12, "Inner Unique": false, "Join Filter": "(ci.role_id = rt.id), (LLVM Optimized)", "Plans": [{"Node Type": "Bitmap Heap Scan", "Parent Relationship": "Outer", "Relation Name": "role_type", "Alias": "rt", "Startup Cost": 8.31, "Total Cost": 12.46, "Plan Rows": 1, "Plan Width": 4, "Filter": "((role)::text = 'costume designer'::text)", "Plans": [{"Node Type": "Bitmap Index Scan", "Parent Relationship": "Outer", "Index Name": "role_type_pkey", "Startup Cost": 0.0, "Total Cost": 8.31, "Plan Rows": 12, "Plan Width": 0}]}, {"Node Type": "Nested Loop", "Parent Relationship": "Inner", "Join Type": "Inner", "Startup Cost": 2801.85, "Total Cost": 6404583.8, "Plan Rows": 7821201, "Plan Width": 16, "Inner Unique": false, "Plans": [{"Node Type": "Nested Loop", "Parent Relationship": "Outer", "Join Type": "Inner", "Startup Cost": 2801.34, "Total Cost": 447630.36, "Plan Rows": 1282311, "Plan Width": 4, "Inner Unique": false, "Plans": [{"Node Type": "Bitmap Heap Scan", "Parent Relationship": "Outer", "Relation Name": "company_name", "Alias": "cn", "Startup Cost": 2800.52, "Total Cost": 8703.97, "Plan Rows": 85170, "Plan Width": 4, "Filter": "((country_code)::text = '[us]'::text)", "Plans": [{"Node Type": "Bitmap Index Scan", "Parent Relationship": "Outer", "Index Name": "company_name_pkey", "Startup Cost": 0.0, "Total Cost": 2779.23, "Plan Rows": 234996, "Plan Width": 0}]}, {"Node Type": "Bitmap Heap Scan", "Parent Relationship": "Inner", "Relation Name": "movie_companies", "Alias": "mc", "Startup Cost": 0.82, "Total Cost": 5.0, "Plan Rows": 15, "Plan Width": 8, "Recheck Cond": "(company_id = cn.id)", "Plans": [{"Node Type": "Bitmap Index Scan", "Parent Relationship": "Outer", "Index Name": "company_id_movie_companies", "Startup Cost": 0.0, "Total Cost": 0.81, "Plan Rows": 15, "Plan Width": 0, "Index Cond": "(company_id = cn.id)"}]}]}, {"Node Type": "Bitmap Heap Scan", "Parent Relationship": "Inner", "Relation Name": "cast_info", "Alias": "ci", "Startup Cost": 0.51, "Total Cost": 4.59, "Plan Rows": 6, "Plan Width": 12, "Recheck Cond": "(movie_id = mc.movie_id)", "Plans": [{"Node Type": "Bitmap Index Scan", "Parent Relationship": "Outer", "Index Name": "movie_id_cast_info", "Startup Cost": 0.0, "Total Cost": 0.51, "Plan Rows": 6, "Plan Width": 0, "Index Cond": "(movie_id = mc.movie_id)"}]}]}]}, {"Node Type": "Bitmap Heap Scan", "Parent Relationship": "Inner", "Relation Name": "aka_name", "Alias": "an1", "Startup Cost": 0.26, "Total Cost": 4.27, "Plan Rows": 1, "Plan Width": 20, "Recheck Cond": "(person_id = ci.person_id)", "Plans": [{"Node Type": "Bitmap Index Scan", "Parent Relationship": "Outer", "Index Name": "person_id_aka_name", "Startup Cost": 0.0, "Total Cost": 0.26, "Plan Rows": 1, "Plan Width": 0, "Index Cond": "(person_id = ci.person_id)"}]}]}, {"Node Type": "Bitmap Heap Scan", "Parent Relationship": "Inner", "Relation Name": "title", "Alias": "t", "Startup Cost": 0.26, "Total Cost": 4.27, "Plan Rows": 1, "Plan Width": 21, "Recheck Cond": "(id = ci.movie_id)", "Plans": [{"Node Type": "Bitmap Index Scan", "Parent Relationship": "Outer", "Index Name": "title_pkey", "Startup Cost": 0.0, "Total Cost": 0.26, "Plan Rows": 1, "Plan Width": 0, "Index Cond": "(id = ci.movie_id)"}]}]}, {"Node Type": "Bitmap Heap Scan", "Parent Relationship": "Inner", "Relation Name": "name", "Alias": "n1", "Startup Cost": 0.26, "Total Cost": 4.27, "Plan Rows": 1, "Plan Width": 4, "Recheck Cond": "(id = ci.person_id)", "Plans": [{"Node Type": "Bitmap Index Scan", "Parent Relationship": "Outer", "Index Name": "name_pkey", "Startup Cost": 0.0, "Total Cost": 0.26, "Plan Rows": 1, "Plan Width": 0, "Index Cond": "(id = ci.person_id)"}]}]}]}, "Unique SQL Id": 2457761703, "Planner Runtime": 5}, "explain_analyze_plan": null}, "(16, '120')": {"explain_plan": {"Plan": {"Node Type": "Aggregate", "Strategy": "Plain", "Startup Cost": 1965944.02, "Total Cost": 1965944.03, "Plan Rows": 1, "Plan Width": 97, "Plans": [{"Node Type": "Nested Loop", "Parent Relationship": "Outer", "Join Type": "Inner", "Startup Cost": 0.0, "Total Cost": 1964158.53, "Plan Rows": 357098, "Plan Width": 33, "Inner Unique": true, "Join Filter": "(an1.person_id = n1.id), (LLVM Optimized)", "Plans": [{"Node Type": "Nested Loop", "Parent Relationship": "Outer", "Join Type": "Inner", "Startup Cost": 0.0, "Total Cost": 1862664.6, "Plan Rows": 357098, "Plan Width": 41, "Inner Unique": true, "Plans": [{"Node Type": "Nested Loop", "Parent Relationship": "Outer", "Join Type": "Inner", "Startup Cost": 0.0, "Total Cost": 1760862.26, "Plan Rows": 357379, "Plan Width": 32, "Inner Unique": false, "Plans": [{"Node Type": "Nested Loop", "Parent Relationship": "Outer", "Join Type": "Inner", "Startup Cost": 0.0, "Total Cost": 1560689.3, "Plan Rows": 711018, "Plan Width": 12, "Inner Unique": false, "Join Filter": "(ci.role_id = rt.id), (LLVM Optimized)", "Plans": [{"Node Type": "Seq Scan", "Parent Relationship": "Outer", "Relation Name": "role_type", "Alias": "rt", "Startup Cost": 0.0, "Total Cost": 1.15, "Plan Rows": 1, "Plan Width": 4, "Filter": "((role)::text = 'costume designer'::text)"}, {"Node Type": "Nested Loop", "Parent Relationship": "Inner", "Join Type": "Inner", "Startup Cost": 0.0, "Total Cost": 1462923.14, "Plan Rows": 7821201, "Plan Width": 16, "Inner Unique": false, "Plans": [{"Node Type": "Nested Loop", "Parent Relationship": "Outer", "Join Type": "Inner", "Startup Cost": 0.0, "Total Cost": 166734.45, "Plan Rows": 1282311, "Plan Width": 4, "Inner Unique": false, "Plans": [{"Node Type": "Seq Scan", "Parent Relationship": "Outer", "Relation Name": "company_name", "Alias": "cn", "Startup Cost": 0.0, "Total Cost": 5903.45, "Plan Rows": 85170, "Plan Width": 4, "Filter": "((country_code)::text = '[us]'::text)"}, {"Node Type": "Index Scan", "Parent Relationship": "Inner", "Scan Direction": "Forward", "Index Name": "company_id_movie_companies", "Relation Name": "movie_companies", "Alias": "mc", "Startup Cost": 0.0, "Total Cost": 1.74, "Plan Rows": 15, "Plan Width": 8, "Index Cond": "(company_id = cn.id)"}]}, {"Node Type": "Index Scan", "Parent Relationship": "Inner", "Scan Direction": "Forward", "Index Name": "movie_id_cast_info", "Relation Name": "cast_info", "Alias": "ci", "Startup Cost": 0.0, "Total Cost": 0.95, "Plan Rows": 6, "Plan Width": 12, "Index Cond": "(movie_id = mc.movie_id)"}]}]}, {"Node Type": "Index Scan", "Parent Relationship": "Inner", "Scan Direction": "Forward", "Index Name": "person_id_aka_name", "Relation Name": "aka_name", "Alias": "an1", "Startup Cost": 0.0, "Total Cost": 0.27, "Plan Rows": 1, "Plan Width": 20, "Index Cond": "(person_id = ci.person_id)"}]}, {"Node Type": "Index Scan", "Parent Relationship": "Inner", "Scan Direction": "Forward", "Index Name": "title_pkey", "Relation Name": "title", "Alias": "t", "Startup Cost": 0.0, "Total Cost": 0.27, "Plan Rows": 1, "Plan Width": 21, "Index Cond": "(id = ci.movie_id)"}]}, {"Node Type": "Index Only Scan", "Parent Relationship": "Inner", "Scan Direction": "Forward", "Index Name": "name_pkey", "Relation Name": "name", "Alias": "n1", "Startup Cost": 0.0, "Total Cost": 0.27, "Plan Rows": 1, "Plan Width": 4, "Index Cond": "(id = ci.person_id)"}]}]}, "Unique SQL Id": 2457761703, "Planner Runtime": 6}, "explain_analyze_plan": null}, "(16, '121')": {"explain_plan": {"Plan": {"Node Type": "Aggregate", "Strategy": "Plain", "Startup Cost": 1970553.27, "Total Cost": 1970553.28, "Plan Rows": 1, "Plan Width": 97, "Plans": [{"Node Type": "Nested Loop", "Parent Relationship": "Outer", "Join Type": "Inner", "Startup Cost": 0.0, "Total Cost": 1968767.78, "Plan Rows": 357098, "Plan Width": 33, "Inner Unique": true, "Join Filter": "(an1.person_id = n1.id), (LLVM Optimized)", "Plans": [{"Node Type": "Nested Loop", "Parent Relationship": "Outer", "Join Type": "Inner", "Startup Cost": 0.0, "Total Cost": 1867273.85, "Plan Rows": 357098, "Plan Width": 41, "Inner Unique": true, "Plans": [{"Node Type": "Nested Loop", "Parent Relationship": "Outer", "Join Type": "Inner", "Startup Cost": 0.0, "Total Cost": 1765471.51, "Plan Rows": 357379, "Plan Width": 32, "Inner Unique": false, "Plans": [{"Node Type": "Nested Loop", "Parent Relationship": "Outer", "Join Type": "Inner", "Startup Cost": 0.0, "Total Cost": 1565298.55, "Plan Rows": 711018, "Plan Width": 12, "Inner Unique": false, "Join Filter": "(ci.role_id = rt.id), (LLVM Optimized)", "Plans": [{"Node Type": "Index Scan", "Parent Relationship": "Outer", "Scan Direction": "Forward", "Index Name": "role_type_pkey", "Relation Name": "role_type", "Alias": "rt", "Startup Cost": 0.0, "Total Cost": 12.46, "Plan Rows": 1, "Plan Width": 4, "Filter": "((role)::text = 'costume designer'::text)"}, {"Node Type": "Nested Loop", "Parent Relationship": "Inner", "Join Type": "Inner", "Startup Cost": 0.0, "Total Cost": 1467521.08, "Plan Rows": 7821201, "Plan Width": 16, "Inner Unique": false, "Plans": [{"Node Type": "Nested Loop", "Parent Relationship": "Outer", "Join Type": "Inner", "Startup Cost": 0.0, "Total Cost": 171332.39, "Plan Rows": 1282311, "Plan Width": 4, "Inner Unique": false, "Plans": [{"Node Type": "Index Scan", "Parent Relationship": "Outer", "Scan Direction": "Forward", "Index Name": "company_name_pkey", "Relation Name": "company_name", "Alias": "cn", "Startup Cost": 0.0, "Total Cost": 10501.39, "Plan Rows": 85170, "Plan Width": 4, "Filter": "((country_code)::text = '[us]'::text)"}, {"Node Type": "Index Scan", "Parent Relationship": "Inner", "Scan Direction": "Forward", "Index Name": "company_id_movie_companies", "Relation Name": "movie_companies", "Alias": "mc", "Startup Cost": 0.0, "Total Cost": 1.74, "Plan Rows": 15, "Plan Width": 8, "Index Cond": "(company_id = cn.id)"}]}, {"Node Type": "Index Scan", "Parent Relationship": "Inner", "Scan Direction": "Forward", "Index Name": "movie_id_cast_info", "Relation Name": "cast_info", "Alias": "ci", "Startup Cost": 0.0, "Total Cost": 0.95, "Plan Rows": 6, "Plan Width": 12, "Index Cond": "(movie_id = mc.movie_id)"}]}]}, {"Node Type": "Index Scan", "Parent Relationship": "Inner", "Scan Direction": "Forward", "Index Name": "person_id_aka_name", "Relation Name": "aka_name", "Alias": "an1", "Startup Cost": 0.0, "Total Cost": 0.27, "Plan Rows": 1, "Plan Width": 20, "Index Cond": "(person_id = ci.person_id)"}]}, {"Node Type": "Index Scan", "Parent Relationship": "Inner", "Scan Direction": "Forward", "Index Name": "title_pkey", "Relation Name": "title", "Alias": "t", "Startup Cost": 0.0, "Total Cost": 0.27, "Plan Rows": 1, "Plan Width": 21, "Index Cond": "(id = ci.movie_id)"}]}, {"Node Type": "Index Only Scan", "Parent Relationship": "Inner", "Scan Direction": "Forward", "Index Name": "name_pkey", "Relation Name": "name", "Alias": "n1", "Startup Cost": 0.0, "Total Cost": 0.27, "Plan Rows": 1, "Plan Width": 4, "Index Cond": "(id = ci.person_id)"}]}]}, "Unique SQL Id": 2457761703, "Planner Runtime": 5}, "explain_analyze_plan": null}, "(16, '122')": {"explain_plan": {"Plan": {"Node Type": "Aggregate", "Strategy": "Plain", "Startup Cost": 438777366.04, "Total Cost": 438777366.06, "Plan Rows": 1, "Plan Width": 97, "Plans": [{"Node Type": "Streaming(type: LOCAL GATHER dop: 1/16)", "Parent Relationship": "Outer", "Startup Cost": 438777366.04, "Total Cost": 438777366.06, "Plan Rows": 1, "Plan Width": 97, "Plans": [{"Node Type": "Aggregate", "Strategy": "Plain", "Parent Relationship": "Outer", "Startup Cost": 438777366.04, "Total Cost": 438777366.05, "Plan Rows": 1, "Plan Width": 97, "Plans": [{"Node Type": "Nested Loop", "Parent Relationship": "Outer", "Join Type": "Inner", "Startup Cost": 0.0, "Total Cost": 438775580.55, "Plan Rows": 357098, "Plan Width": 33, "Inner Unique": false, "Join Filter": "(an1.person_id = n1.id), (LLVM Optimized)", "Plans": [{"Node Type": "Streaming(type: LOCAL REDISTRIBUTE dop: 16/16)", "Parent Relationship": "Outer", "Startup Cost": 0.0, "Total Cost": 51607.87, "Plan Rows": 4167490, "Plan Width": 4, "Plans": [{"Node Type": "Seq Scan", "Parent Relationship": "Outer", "Relation Name": "name", "Alias": "n1", "Startup Cost": 0.0, "Total Cost": 20816.99, "Plan Rows": 4167490, "Plan Width": 4}]}, {"Node Type": "Materialize", "Parent Relationship": "Inner", "Startup Cost": 0.0, "Total Cost": 351524672.37, "Plan Rows": 357098, "Plan Width": 41, "Plans": [{"Node Type": "Streaming(type: LOCAL REDISTRIBUTE dop: 16/16)", "Parent Relationship": "Outer", "Startup Cost": 0.0, "Total Cost": 351524560.78, "Plan Rows": 357098, "Plan Width": 41, "Plans": [{"Node Type": "Nested Loop", "Parent Relationship": "Outer", "Join Type": "Inner", "Startup Cost": 0.0, "Total Cost": 351508207.71, "Plan Rows": 357098, "Plan Width": 41, "Inner Unique": false, "Join Filter": "(ci.movie_id = t.id), (LLVM Optimized)", "Plans": [{"Node Type": "Streaming(type: LOCAL REDISTRIBUTE dop: 16/16)", "Parent Relationship": "Outer", "Startup Cost": 0.0, "Total Cost": 43334.25, "Plan Rows": 2528311, "Plan Width": 21, "Plans": [{"Node Type": "Seq Scan", "Parent Relationship": "Outer", "Relation Name": "title", "Alias": "t", "Startup Cost": 0.0, "Total Cost": 18754.32, "Plan Rows": 2528311, "Plan Width": 21}]}, {"Node Type": "Materialize", "Parent Relationship": "Inner", "Startup Cost": 0.0, "Total Cost": 298521652.54, "Plan Rows": 357379, "Plan Width": 32, "Plans": [{"Node Type": "Streaming(type: LOCAL REDISTRIBUTE dop: 16/16)", "Parent Relationship": "Outer", "Startup Cost": 0.0, "Total Cost": 298521540.86, "Plan Rows": 357379, "Plan Width": 32, "Plans": [{"Node Type": "Nested Loop", "Parent Relationship": "Outer", "Join Type": "Inner", "Startup Cost": 0.0, "Total Cost": 298505186.73, "Plan Rows": 357379, "Plan Width": 32, "Inner Unique": false, "Join Filter": "(ci.person_id = an1.person_id), (LLVM Optimized)", "Plans": [{"Node Type": "Streaming(type: LOCAL REDISTRIBUTE dop: 16/16)", "Parent Relationship": "Outer", "Startup Cost": 0.0, "Total Cost": 34659.52, "Plan Rows": 901342, "Plan Width": 20, "Plans": [{"Node Type": "Seq Scan", "Parent Relationship": "Outer", "Relation Name": "aka_name", "Alias": "an1", "Startup Cost": 0.0, "Total Cost": 16244.28, "Plan Rows": 901342, "Plan Width": 20}]}, {"Node Type": "Materialize", "Parent Relationship": "Inner", "Startup Cost": 0.0, "Total Cost": 260919639.12, "Plan Rows": 711018, "Plan Width": 12, "Plans": [{"Node Type": "Streaming(type: LOCAL REDISTRIBUTE dop: 16/16)", "Parent Relationship": "Outer", "Startup Cost": 0.0, "Total Cost": 260919416.92, "Plan Rows": 711018, "Plan Width": 12, "Plans": [{"Node Type": "Nested Loop", "Parent Relationship": "Outer", "Join Type": "Inner", "Startup Cost": 0.0, "Total Cost": 260901722.83, "Plan Rows": 711018, "Plan Width": 12, "Inner Unique": false, "Join Filter": "(ci.movie_id = mc.movie_id), (LLVM Optimized)", "Plans": [{"Node Type": "Streaming(type: LOCAL REDISTRIBUTE dop: 16/16)", "Parent Relationship": "Outer", "Startup Cost": 0.0, "Total Cost": 123436.55, "Plan Rows": 3296318, "Plan Width": 8, "Plans": [{"Node Type": "Nested Loop", "Parent Relationship": "Outer", "Join Type": "Inner", "Startup Cost": 0.0, "Total Cost": 95946.6, "Plan Rows": 3296318, "Plan Width": 8, "Inner Unique": false, "Join Filter": "(ci.role_id = rt.id), (LLVM Optimized)", "Plans": [{"Node Type": "Streaming(type: BROADCAST dop: 16/1)", "Parent Relationship": "Outer", "Startup Cost": 0.0, "Total Cost": 15001.5, "Plan Rows": 16, "Plan Width": 4, "Plans": [{"Node Type": "Seq Scan", "Parent Relationship": "Outer", "Relation Name": "role_type", "Alias": "rt", "Startup Cost": 0.0, "Total Cost": 1.15, "Plan Rows": 1, "Plan Width": 4, "Filter": "((role)::text = 'costume designer'::text)"}]}, {"Node Type": "Seq Scan", "Parent Relationship": "Inner", "Relation Name": "cast_info", "Alias": "ci", "Startup Cost": 0.0, "Total Cost": 52617.37, "Plan Rows": 36259494, "Plan Width": 12}]}]}, {"Node Type": "Materialize", "Parent Relationship": "Inner", "Startup Cost": 0.0, "Total Cost": 13108281.71, "Plan Rows": 1282311, "Plan Width": 4, "Plans": [{"Node Type": "Streaming(type: LOCAL REDISTRIBUTE dop: 16/16)", "Parent Relationship": "Outer", "Startup Cost": 0.0, "Total Cost": 13107880.98, "Plan Rows": 1282311, "Plan Width": 4, "Plans": [{"Node Type": "Nested Loop", "Parent Relationship": "Outer", "Join Type": "Inner", "Startup Cost": 0.0, "Total Cost": 13088022.23, "Plan Rows": 1282311, "Plan Width": 4, "Inner Unique": false, "Join Filter": "(cn.id = mc.company_id), (LLVM Optimized)", "Plans": [{"Node Type": "Streaming(type: LOCAL REDISTRIBUTE dop: 16/1)", "Parent Relationship": "Outer", "Startup Cost": 0.0, "Total Cost": 24444.99, "Plan Rows": 85170, "Plan Width": 4, "Plans": [{"Node Type": "Seq Scan", "Parent Relationship": "Outer", "Relation Name": "company_name", "Alias": "cn", "Startup Cost": 0.0, "Total Cost": 5903.45, "Plan Rows": 85170, "Plan Width": 4, "Filter": "((country_code)::text = '[us]'::text)"}]}, {"Node Type": "Materialize", "Parent Relationship": "Inner", "Startup Cost": 0.0, "Total Cost": 43315.08, "Plan Rows": 2609128, "Plan Width": 8, "Plans": [{"Node Type": "Streaming(type: LOCAL REDISTRIBUTE dop: 16/16)", "Parent Relationship": "Outer", "Startup Cost": 0.0, "Total Cost": 42499.73, "Plan Rows": 2609128, "Plan Width": 8, "Plans": [{"Node Type": "Seq Scan", "Parent Relationship": "Outer", "Relation Name": "movie_companies", "Alias": "mc", "Startup Cost": 0.0, "Total Cost": 17613.58, "Plan Rows": 2609128, "Plan Width": 8}]}]}]}]}]}]}]}]}]}]}]}]}]}]}]}]}]}]}, "Unique SQL Id": 2457761703, "Planner Runtime": 11}, "explain_analyze_plan": null}, "(16, '123')": {"explain_plan": {"Plan": {"Node Type": "Aggregate", "Strategy": "Plain", "Startup Cost": 7112442136285.67, "Total Cost": 7112442136285.68, "Plan Rows": 1, "Plan Width": 97, "Plans": [{"Node Type": "Nested Loop", "Parent Relationship": "Outer", "Join Type": "Inner", "Startup Cost": 70000000000.0, "Total Cost": 7112442134500.18, "Plan Rows": 357098, "Plan Width": 33, "Inner Unique": false, "Join Filter": "(an1.person_id = n1.id), (LLVM Optimized)", "Plans": [{"Node Type": "Index Only Scan", "Parent Relationship": "Outer", "Scan Direction": "Forward", "Index Name": "name_pkey", "Relation Name": "name", "Alias": "n1", "Startup Cost": 10000000000.0, "Total Cost": 1000012483260.0, "Plan Rows": 4167490, "Plan Width": 4}, {"Node Type": "Materialize", "Parent Relationship": "Inner", "Startup Cost": 60000000000.0, "Total Cost": 6090106616972.63, "Plan Rows": 357098, "Plan Width": 41, "Plans": [{"Node Type": "Nested Loop", "Parent Relationship": "Outer", "Join Type": "Inner", "Startup Cost": 60000000000.0, "Total Cost": 6090106615187.14, "Plan Rows": 357098, "Plan Width": 41, "Inner Unique": true, "Join Filter": "(ci.movie_id = t.id), (LLVM Optimized)", "Plans": [{"Node Type": "Nested Loop", "Parent Relationship": "Outer", "Join Type": "Inner", "Startup Cost": 50000000000.0, "Total Cost": 5076542117964.41, "Plan Rows": 357379, "Plan Width": 32, "Inner Unique": false, "Join Filter": "(ci.person_id = an1.person_id), (LLVM Optimized)", "Plans": [{"Node Type": "Nested Loop", "Parent Relationship": "Outer", "Join Type": "Inner", "Startup Cost": 40000000000.0, "Total Cost": 4066922163415.29, "Plan Rows": 711018, "Plan Width": 12, "Inner Unique": false, "Join Filter": "(ci.movie_id = mc.movie_id), (LLVM Optimized)", "Plans": [{"Node Type": "Nested Loop", "Parent Relationship": "Outer", "Join Type": "Inner", "Startup Cost": 20000000000.0, "Total Cost": 2000171193971.62, "Plan Rows": 3296318, "Plan Width": 8, "Inner Unique": true, "Join Filter": "(ci.role_id = rt.id), (LLVM Optimized)", "Plans": [{"Node Type": "Index Scan", "Parent Relationship": "Outer", "Scan Direction": "Forward", "Index Name": "person_id_cast_info", "Relation Name": "cast_info", "Alias": "ci", "Startup Cost": 10000000000.0, "Total Cost": 1000170648833.21, "Plan Rows": 36259494, "Plan Width": 12}, {"Node Type": "Materialize", "Parent Relationship": "Inner", "Startup Cost": 10000000000.0, "Total Cost": 1000000001246.0, "Plan Rows": 1, "Plan Width": 4, "Plans": [{"Node Type": "Index Scan", "Parent Relationship": "Outer", "Scan Direction": "Forward", "Index Name": "role_type_pkey", "Relation Name": "role_type", "Alias": "rt", "Startup Cost": 10000000000.0, "Total Cost": 1000000001246.0, "Plan Rows": 1, "Plan Width": 4, "Filter": "((role)::text = 'costume designer'::text)"}]}]}, {"Node Type": "Materialize", "Parent Relationship": "Inner", "Startup Cost": 20000000000.0, "Total Cost": 2003347400185.98, "Plan Rows": 1282311, "Plan Width": 4, "Plans": [{"Node Type": "Nested Loop", "Parent Relationship": "Outer", "Join Type": "Inner", "Startup Cost": 20000000000.0, "Total Cost": 2003347393774.42, "Plan Rows": 1282311, "Plan Width": 4, "Inner Unique": true, "Join Filter": "(cn.id = mc.company_id), (LLVM Optimized)", "Plans": [{"Node Type": "Index Scan", "Parent Relationship": "Outer", "Scan Direction": "Forward", "Index Name": "movie_id_movie_companies", "Relation Name": "movie_companies", "Alias": "mc", "Startup Cost": 10000000000.0, "Total Cost": 1000013051946.13, "Plan Rows": 2609128, "Plan Width": 8}, {"Node Type": "Materialize", "Parent Relationship": "Inner", "Startup Cost": 10000000000.0, "Total Cost": 1000001050564.82, "Plan Rows": 85170, "Plan Width": 4, "Plans": [{"Node Type": "Index Scan", "Parent Relationship": "Outer", "Scan Direction": "Forward", "Index Name": "company_name_pkey", "Relation Name": "company_name", "Alias": "cn", "Startup Cost": 10000000000.0, "Total Cost": 1000001050138.97, "Plan Rows": 85170, "Plan Width": 4, "Filter": "((country_code)::text = '[us]'::text)"}]}]}]}]}, {"Node Type": "Materialize", "Parent Relationship": "Inner", "Startup Cost": 10000000000.0, "Total Cost": 1000006901010.14, "Plan Rows": 901342, "Plan Width": 20, "Plans": [{"Node Type": "Index Scan", "Parent Relationship": "Outer", "Scan Direction": "Forward", "Index Name": "person_id_aka_name", "Relation Name": "aka_name", "Alias": "an1", "Startup Cost": 10000000000.0, "Total Cost": 1000006896503.43, "Plan Rows": 901342, "Plan Width": 20}]}]}, {"Node Type": "Materialize", "Parent Relationship": "Inner", "Startup Cost": 10000000000.0, "Total Cost": 1000011024690.47, "Plan Rows": 2528311, "Plan Width": 21, "Plans": [{"Node Type": "Index Scan", "Parent Relationship": "Outer", "Scan Direction": "Forward", "Index Name": "title_pkey", "Relation Name": "title", "Alias": "t", "Startup Cost": 10000000000.0, "Total Cost": 1000011012048.91, "Plan Rows": 2528311, "Plan Width": 21}]}]}]}]}]}, "Unique SQL Id": 2457761703, "Planner Runtime": 4}, "explain_analyze_plan": null}, "(16, '124')": {"explain_plan": {"Plan": {"Node Type": "Aggregate", "Strategy": "Plain", "Startup Cost": 1967968.74, "Total Cost": 1967968.75, "Plan Rows": 1, "Plan Width": 97, "Plans": [{"Node Type": "Nested Loop", "Parent Relationship": "Outer", "Join Type": "Inner", "Startup Cost": 0.0, "Total Cost": 1966183.25, "Plan Rows": 357098, "Plan Width": 33, "Inner Unique": true, "Join Filter": "(an1.person_id = n1.id), (LLVM Optimized)", "Plans": [{"Node Type": "Nested Loop", "Parent Relationship": "Outer", "Join Type": "Inner", "Startup Cost": 0.0, "Total Cost": 1862664.6, "Plan Rows": 357098, "Plan Width": 41, "Inner Unique": true, "Plans": [{"Node Type": "Nested Loop", "Parent Relationship": "Outer", "Join Type": "Inner", "Startup Cost": 0.0, "Total Cost": 1760862.26, "Plan Rows": 357379, "Plan Width": 32, "Inner Unique": false, "Plans": [{"Node Type": "Nested Loop", "Parent Relationship": "Outer", "Join Type": "Inner", "Startup Cost": 0.0, "Total Cost": 1560689.3, "Plan Rows": 711018, "Plan Width": 12, "Inner Unique": false, "Join Filter": "(ci.role_id = rt.id), (LLVM Optimized)", "Plans": [{"Node Type": "Seq Scan", "Parent Relationship": "Outer", "Relation Name": "role_type", "Alias": "rt", "Startup Cost": 0.0, "Total Cost": 1.15, "Plan Rows": 1, "Plan Width": 4, "Filter": "((role)::text = 'costume designer'::text)"}, {"Node Type": "Nested Loop", "Parent Relationship": "Inner", "Join Type": "Inner", "Startup Cost": 0.0, "Total Cost": 1462923.14, "Plan Rows": 7821201, "Plan Width": 16, "Inner Unique": false, "Plans": [{"Node Type": "Nested Loop", "Parent Relationship": "Outer", "Join Type": "Inner", "Startup Cost": 0.0, "Total Cost": 166734.45, "Plan Rows": 1282311, "Plan Width": 4, "Inner Unique": false, "Plans": [{"Node Type": "Seq Scan", "Parent Relationship": "Outer", "Relation Name": "company_name", "Alias": "cn", "Startup Cost": 0.0, "Total Cost": 5903.45, "Plan Rows": 85170, "Plan Width": 4, "Filter": "((country_code)::text = '[us]'::text)"}, {"Node Type": "Index Scan", "Parent Relationship": "Inner", "Scan Direction": "Forward", "Index Name": "company_id_movie_companies", "Relation Name": "movie_companies", "Alias": "mc", "Startup Cost": 0.0, "Total Cost": 1.74, "Plan Rows": 15, "Plan Width": 8, "Index Cond": "(company_id = cn.id)"}]}, {"Node Type": "Index Scan", "Parent Relationship": "Inner", "Scan Direction": "Forward", "Index Name": "movie_id_cast_info", "Relation Name": "cast_info", "Alias": "ci", "Startup Cost": 0.0, "Total Cost": 0.95, "Plan Rows": 6, "Plan Width": 12, "Index Cond": "(movie_id = mc.movie_id)"}]}]}, {"Node Type": "Index Scan", "Parent Relationship": "Inner", "Scan Direction": "Forward", "Index Name": "person_id_aka_name", "Relation Name": "aka_name", "Alias": "an1", "Startup Cost": 0.0, "Total Cost": 0.27, "Plan Rows": 1, "Plan Width": 20, "Index Cond": "(person_id = ci.person_id)"}]}, {"Node Type": "Index Scan", "Parent Relationship": "Inner", "Scan Direction": "Forward", "Index Name": "title_pkey", "Relation Name": "title", "Alias": "t", "Startup Cost": 0.0, "Total Cost": 0.27, "Plan Rows": 1, "Plan Width": 21, "Index Cond": "(id = ci.movie_id)"}]}, {"Node Type": "Index Scan", "Parent Relationship": "Inner", "Scan Direction": "Forward", "Index Name": "name_pkey", "Relation Name": "name", "Alias": "n1", "Startup Cost": 0.0, "Total Cost": 0.28, "Plan Rows": 1, "Plan Width": 4, "Index Cond": "(id = ci.person_id)"}]}]}, "Unique SQL Id": 2457761703, "Planner Runtime": 6}, "explain_analyze_plan": null}, "(16, '125')": {"explain_plan": {"Plan": {"Node Type": "Aggregate", "Strategy": "Plain", "Startup Cost": 1972577.99, "Total Cost": 1972578.0, "Plan Rows": 1, "Plan Width": 97, "Plans": [{"Node Type": "Nested Loop", "Parent Relationship": "Outer", "Join Type": "Inner", "Startup Cost": 0.0, "Total Cost": 1970792.5, "Plan Rows": 357098, "Plan Width": 33, "Inner Unique": true, "Join Filter": "(an1.person_id = n1.id), (LLVM Optimized)", "Plans": [{"Node Type": "Nested Loop", "Parent Relationship": "Outer", "Join Type": "Inner", "Startup Cost": 0.0, "Total Cost": 1867273.85, "Plan Rows": 357098, "Plan Width": 41, "Inner Unique": true, "Plans": [{"Node Type": "Nested Loop", "Parent Relationship": "Outer", "Join Type": "Inner", "Startup Cost": 0.0, "Total Cost": 1765471.51, "Plan Rows": 357379, "Plan Width": 32, "Inner Unique": false, "Plans": [{"Node Type": "Nested Loop", "Parent Relationship": "Outer", "Join Type": "Inner", "Startup Cost": 0.0, "Total Cost": 1565298.55, "Plan Rows": 711018, "Plan Width": 12, "Inner Unique": false, "Join Filter": "(ci.role_id = rt.id), (LLVM Optimized)", "Plans": [{"Node Type": "Index Scan", "Parent Relationship": "Outer", "Scan Direction": "Forward", "Index Name": "role_type_pkey", "Relation Name": "role_type", "Alias": "rt", "Startup Cost": 0.0, "Total Cost": 12.46, "Plan Rows": 1, "Plan Width": 4, "Filter": "((role)::text = 'costume designer'::text)"}, {"Node Type": "Nested Loop", "Parent Relationship": "Inner", "Join Type": "Inner", "Startup Cost": 0.0, "Total Cost": 1467521.08, "Plan Rows": 7821201, "Plan Width": 16, "Inner Unique": false, "Plans": [{"Node Type": "Nested Loop", "Parent Relationship": "Outer", "Join Type": "Inner", "Startup Cost": 0.0, "Total Cost": 171332.39, "Plan Rows": 1282311, "Plan Width": 4, "Inner Unique": false, "Plans": [{"Node Type": "Index Scan", "Parent Relationship": "Outer", "Scan Direction": "Forward", "Index Name": "company_name_pkey", "Relation Name": "company_name", "Alias": "cn", "Startup Cost": 0.0, "Total Cost": 10501.39, "Plan Rows": 85170, "Plan Width": 4, "Filter": "((country_code)::text = '[us]'::text)"}, {"Node Type": "Index Scan", "Parent Relationship": "Inner", "Scan Direction": "Forward", "Index Name": "company_id_movie_companies", "Relation Name": "movie_companies", "Alias": "mc", "Startup Cost": 0.0, "Total Cost": 1.74, "Plan Rows": 15, "Plan Width": 8, "Index Cond": "(company_id = cn.id)"}]}, {"Node Type": "Index Scan", "Parent Relationship": "Inner", "Scan Direction": "Forward", "Index Name": "movie_id_cast_info", "Relation Name": "cast_info", "Alias": "ci", "Startup Cost": 0.0, "Total Cost": 0.95, "Plan Rows": 6, "Plan Width": 12, "Index Cond": "(movie_id = mc.movie_id)"}]}]}, {"Node Type": "Index Scan", "Parent Relationship": "Inner", "Scan Direction": "Forward", "Index Name": "person_id_aka_name", "Relation Name": "aka_name", "Alias": "an1", "Startup Cost": 0.0, "Total Cost": 0.27, "Plan Rows": 1, "Plan Width": 20, "Index Cond": "(person_id = ci.person_id)"}]}, {"Node Type": "Index Scan", "Parent Relationship": "Inner", "Scan Direction": "Forward", "Index Name": "title_pkey", "Relation Name": "title", "Alias": "t", "Startup Cost": 0.0, "Total Cost": 0.27, "Plan Rows": 1, "Plan Width": 21, "Index Cond": "(id = ci.movie_id)"}]}, {"Node Type": "Index Scan", "Parent Relationship": "Inner", "Scan Direction": "Forward", "Index Name": "name_pkey", "Relation Name": "name", "Alias": "n1", "Startup Cost": 0.0, "Total Cost": 0.28, "Plan Rows": 1, "Plan Width": 4, "Index Cond": "(id = ci.person_id)"}]}]}, "Unique SQL Id": 2457761703, "Planner Runtime": 5}, "explain_analyze_plan": null}, "(16, '126')": {"explain_plan": {"Plan": {"Node Type": "Aggregate", "Strategy": "Plain", "Startup Cost": 438777366.04, "Total Cost": 438777366.06, "Plan Rows": 1, "Plan Width": 97, "Plans": [{"Node Type": "Streaming(type: LOCAL GATHER dop: 1/16)", "Parent Relationship": "Outer", "Startup Cost": 438777366.04, "Total Cost": 438777366.06, "Plan Rows": 1, "Plan Width": 97, "Plans": [{"Node Type": "Aggregate", "Strategy": "Plain", "Parent Relationship": "Outer", "Startup Cost": 438777366.04, "Total Cost": 438777366.05, "Plan Rows": 1, "Plan Width": 97, "Plans": [{"Node Type": "Nested Loop", "Parent Relationship": "Outer", "Join Type": "Inner", "Startup Cost": 0.0, "Total Cost": 438775580.55, "Plan Rows": 357098, "Plan Width": 33, "Inner Unique": false, "Join Filter": "(an1.person_id = n1.id), (LLVM Optimized)", "Plans": [{"Node Type": "Streaming(type: LOCAL REDISTRIBUTE dop: 16/16)", "Parent Relationship": "Outer", "Startup Cost": 0.0, "Total Cost": 51607.87, "Plan Rows": 4167490, "Plan Width": 4, "Plans": [{"Node Type": "Seq Scan", "Parent Relationship": "Outer", "Relation Name": "name", "Alias": "n1", "Startup Cost": 0.0, "Total Cost": 20816.99, "Plan Rows": 4167490, "Plan Width": 4}]}, {"Node Type": "Materialize", "Parent Relationship": "Inner", "Startup Cost": 0.0, "Total Cost": 351524672.37, "Plan Rows": 357098, "Plan Width": 41, "Plans": [{"Node Type": "Streaming(type: LOCAL REDISTRIBUTE dop: 16/16)", "Parent Relationship": "Outer", "Startup Cost": 0.0, "Total Cost": 351524560.78, "Plan Rows": 357098, "Plan Width": 41, "Plans": [{"Node Type": "Nested Loop", "Parent Relationship": "Outer", "Join Type": "Inner", "Startup Cost": 0.0, "Total Cost": 351508207.71, "Plan Rows": 357098, "Plan Width": 41, "Inner Unique": false, "Join Filter": "(ci.movie_id = t.id), (LLVM Optimized)", "Plans": [{"Node Type": "Streaming(type: LOCAL REDISTRIBUTE dop: 16/16)", "Parent Relationship": "Outer", "Startup Cost": 0.0, "Total Cost": 43334.25, "Plan Rows": 2528311, "Plan Width": 21, "Plans": [{"Node Type": "Seq Scan", "Parent Relationship": "Outer", "Relation Name": "title", "Alias": "t", "Startup Cost": 0.0, "Total Cost": 18754.32, "Plan Rows": 2528311, "Plan Width": 21}]}, {"Node Type": "Materialize", "Parent Relationship": "Inner", "Startup Cost": 0.0, "Total Cost": 298521652.54, "Plan Rows": 357379, "Plan Width": 32, "Plans": [{"Node Type": "Streaming(type: LOCAL REDISTRIBUTE dop: 16/16)", "Parent Relationship": "Outer", "Startup Cost": 0.0, "Total Cost": 298521540.86, "Plan Rows": 357379, "Plan Width": 32, "Plans": [{"Node Type": "Nested Loop", "Parent Relationship": "Outer", "Join Type": "Inner", "Startup Cost": 0.0, "Total Cost": 298505186.73, "Plan Rows": 357379, "Plan Width": 32, "Inner Unique": false, "Join Filter": "(ci.person_id = an1.person_id), (LLVM Optimized)", "Plans": [{"Node Type": "Streaming(type: LOCAL REDISTRIBUTE dop: 16/16)", "Parent Relationship": "Outer", "Startup Cost": 0.0, "Total Cost": 34659.52, "Plan Rows": 901342, "Plan Width": 20, "Plans": [{"Node Type": "Seq Scan", "Parent Relationship": "Outer", "Relation Name": "aka_name", "Alias": "an1", "Startup Cost": 0.0, "Total Cost": 16244.28, "Plan Rows": 901342, "Plan Width": 20}]}, {"Node Type": "Materialize", "Parent Relationship": "Inner", "Startup Cost": 0.0, "Total Cost": 260919639.12, "Plan Rows": 711018, "Plan Width": 12, "Plans": [{"Node Type": "Streaming(type: LOCAL REDISTRIBUTE dop: 16/16)", "Parent Relationship": "Outer", "Startup Cost": 0.0, "Total Cost": 260919416.92, "Plan Rows": 711018, "Plan Width": 12, "Plans": [{"Node Type": "Nested Loop", "Parent Relationship": "Outer", "Join Type": "Inner", "Startup Cost": 0.0, "Total Cost": 260901722.83, "Plan Rows": 711018, "Plan Width": 12, "Inner Unique": false, "Join Filter": "(ci.movie_id = mc.movie_id), (LLVM Optimized)", "Plans": [{"Node Type": "Streaming(type: LOCAL REDISTRIBUTE dop: 16/16)", "Parent Relationship": "Outer", "Startup Cost": 0.0, "Total Cost": 123436.55, "Plan Rows": 3296318, "Plan Width": 8, "Plans": [{"Node Type": "Nested Loop", "Parent Relationship": "Outer", "Join Type": "Inner", "Startup Cost": 0.0, "Total Cost": 95946.6, "Plan Rows": 3296318, "Plan Width": 8, "Inner Unique": false, "Join Filter": "(ci.role_id = rt.id), (LLVM Optimized)", "Plans": [{"Node Type": "Streaming(type: BROADCAST dop: 16/1)", "Parent Relationship": "Outer", "Startup Cost": 0.0, "Total Cost": 15001.5, "Plan Rows": 16, "Plan Width": 4, "Plans": [{"Node Type": "Seq Scan", "Parent Relationship": "Outer", "Relation Name": "role_type", "Alias": "rt", "Startup Cost": 0.0, "Total Cost": 1.15, "Plan Rows": 1, "Plan Width": 4, "Filter": "((role)::text = 'costume designer'::text)"}]}, {"Node Type": "Seq Scan", "Parent Relationship": "Inner", "Relation Name": "cast_info", "Alias": "ci", "Startup Cost": 0.0, "Total Cost": 52617.37, "Plan Rows": 36259494, "Plan Width": 12}]}]}, {"Node Type": "Materialize", "Parent Relationship": "Inner", "Startup Cost": 0.0, "Total Cost": 13108281.71, "Plan Rows": 1282311, "Plan Width": 4, "Plans": [{"Node Type": "Streaming(type: LOCAL REDISTRIBUTE dop: 16/16)", "Parent Relationship": "Outer", "Startup Cost": 0.0, "Total Cost": 13107880.98, "Plan Rows": 1282311, "Plan Width": 4, "Plans": [{"Node Type": "Nested Loop", "Parent Relationship": "Outer", "Join Type": "Inner", "Startup Cost": 0.0, "Total Cost": 13088022.23, "Plan Rows": 1282311, "Plan Width": 4, "Inner Unique": false, "Join Filter": "(cn.id = mc.company_id), (LLVM Optimized)", "Plans": [{"Node Type": "Streaming(type: LOCAL REDISTRIBUTE dop: 16/1)", "Parent Relationship": "Outer", "Startup Cost": 0.0, "Total Cost": 24444.99, "Plan Rows": 85170, "Plan Width": 4, "Plans": [{"Node Type": "Seq Scan", "Parent Relationship": "Outer", "Relation Name": "company_name", "Alias": "cn", "Startup Cost": 0.0, "Total Cost": 5903.45, "Plan Rows": 85170, "Plan Width": 4, "Filter": "((country_code)::text = '[us]'::text)"}]}, {"Node Type": "Materialize", "Parent Relationship": "Inner", "Startup Cost": 0.0, "Total Cost": 43315.08, "Plan Rows": 2609128, "Plan Width": 8, "Plans": [{"Node Type": "Streaming(type: LOCAL REDISTRIBUTE dop: 16/16)", "Parent Relationship": "Outer", "Startup Cost": 0.0, "Total Cost": 42499.73, "Plan Rows": 2609128, "Plan Width": 8, "Plans": [{"Node Type": "Seq Scan", "Parent Relationship": "Outer", "Relation Name": "movie_companies", "Alias": "mc", "Startup Cost": 0.0, "Total Cost": 17613.58, "Plan Rows": 2609128, "Plan Width": 8}]}]}]}]}]}]}]}]}]}]}]}]}]}]}]}]}]}]}, "Unique SQL Id": 2457761703, "Planner Runtime": 11}, "explain_analyze_plan": null}, "(16, '127')": {"explain_plan": {"Plan": {"Node Type": "Aggregate", "Strategy": "Plain", "Startup Cost": 7112447276300.38, "Total Cost": 7112447276300.39, "Plan Rows": 1, "Plan Width": 97, "Plans": [{"Node Type": "Nested Loop", "Parent Relationship": "Outer", "Join Type": "Inner", "Startup Cost": 70000000000.0, "Total Cost": 7112447274514.89, "Plan Rows": 357098, "Plan Width": 33, "Inner Unique": false, "Join Filter": "(an1.person_id = n1.id), (LLVM Optimized)", "Plans": [{"Node Type": "Index Scan", "Parent Relationship": "Outer", "Scan Direction": "Forward", "Index Name": "name_pkey", "Relation Name": "name", "Alias": "n1", "Startup Cost": 10000000000.0, "Total Cost": 1000017623274.7, "Plan Rows": 4167490, "Plan Width": 4}, {"Node Type": "Materialize", "Parent Relationship": "Inner", "Startup Cost": 60000000000.0, "Total Cost": 6090106616972.63, "Plan Rows": 357098, "Plan Width": 41, "Plans": [{"Node Type": "Nested Loop", "Parent Relationship": "Outer", "Join Type": "Inner", "Startup Cost": 60000000000.0, "Total Cost": 6090106615187.14, "Plan Rows": 357098, "Plan Width": 41, "Inner Unique": true, "Join Filter": "(ci.movie_id = t.id), (LLVM Optimized)", "Plans": [{"Node Type": "Nested Loop", "Parent Relationship": "Outer", "Join Type": "Inner", "Startup Cost": 50000000000.0, "Total Cost": 5076542117964.41, "Plan Rows": 357379, "Plan Width": 32, "Inner Unique": false, "Join Filter": "(ci.person_id = an1.person_id), (LLVM Optimized)", "Plans": [{"Node Type": "Nested Loop", "Parent Relationship": "Outer", "Join Type": "Inner", "Startup Cost": 40000000000.0, "Total Cost": 4066922163415.29, "Plan Rows": 711018, "Plan Width": 12, "Inner Unique": false, "Join Filter": "(ci.movie_id = mc.movie_id), (LLVM Optimized)", "Plans": [{"Node Type": "Nested Loop", "Parent Relationship": "Outer", "Join Type": "Inner", "Startup Cost": 20000000000.0, "Total Cost": 2000171193971.62, "Plan Rows": 3296318, "Plan Width": 8, "Inner Unique": true, "Join Filter": "(ci.role_id = rt.id), (LLVM Optimized)", "Plans": [{"Node Type": "Index Scan", "Parent Relationship": "Outer", "Scan Direction": "Forward", "Index Name": "person_id_cast_info", "Relation Name": "cast_info", "Alias": "ci", "Startup Cost": 10000000000.0, "Total Cost": 1000170648833.21, "Plan Rows": 36259494, "Plan Width": 12}, {"Node Type": "Materialize", "Parent Relationship": "Inner", "Startup Cost": 10000000000.0, "Total Cost": 1000000001246.0, "Plan Rows": 1, "Plan Width": 4, "Plans": [{"Node Type": "Index Scan", "Parent Relationship": "Outer", "Scan Direction": "Forward", "Index Name": "role_type_pkey", "Relation Name": "role_type", "Alias": "rt", "Startup Cost": 10000000000.0, "Total Cost": 1000000001246.0, "Plan Rows": 1, "Plan Width": 4, "Filter": "((role)::text = 'costume designer'::text)"}]}]}, {"Node Type": "Materialize", "Parent Relationship": "Inner", "Startup Cost": 20000000000.0, "Total Cost": 2003347400185.98, "Plan Rows": 1282311, "Plan Width": 4, "Plans": [{"Node Type": "Nested Loop", "Parent Relationship": "Outer", "Join Type": "Inner", "Startup Cost": 20000000000.0, "Total Cost": 2003347393774.42, "Plan Rows": 1282311, "Plan Width": 4, "Inner Unique": true, "Join Filter": "(cn.id = mc.company_id), (LLVM Optimized)", "Plans": [{"Node Type": "Index Scan", "Parent Relationship": "Outer", "Scan Direction": "Forward", "Index Name": "movie_id_movie_companies", "Relation Name": "movie_companies", "Alias": "mc", "Startup Cost": 10000000000.0, "Total Cost": 1000013051946.13, "Plan Rows": 2609128, "Plan Width": 8}, {"Node Type": "Materialize", "Parent Relationship": "Inner", "Startup Cost": 10000000000.0, "Total Cost": 1000001050564.82, "Plan Rows": 85170, "Plan Width": 4, "Plans": [{"Node Type": "Index Scan", "Parent Relationship": "Outer", "Scan Direction": "Forward", "Index Name": "company_name_pkey", "Relation Name": "company_name", "Alias": "cn", "Startup Cost": 10000000000.0, "Total Cost": 1000001050138.97, "Plan Rows": 85170, "Plan Width": 4, "Filter": "((country_code)::text = '[us]'::text)"}]}]}]}]}, {"Node Type": "Materialize", "Parent Relationship": "Inner", "Startup Cost": 10000000000.0, "Total Cost": 1000006901010.14, "Plan Rows": 901342, "Plan Width": 20, "Plans": [{"Node Type": "Index Scan", "Parent Relationship": "Outer", "Scan Direction": "Forward", "Index Name": "person_id_aka_name", "Relation Name": "aka_name", "Alias": "an1", "Startup Cost": 10000000000.0, "Total Cost": 1000006896503.43, "Plan Rows": 901342, "Plan Width": 20}]}]}, {"Node Type": "Materialize", "Parent Relationship": "Inner", "Startup Cost": 10000000000.0, "Total Cost": 1000011024690.47, "Plan Rows": 2528311, "Plan Width": 21, "Plans": [{"Node Type": "Index Scan", "Parent Relationship": "Outer", "Scan Direction": "Forward", "Index Name": "title_pkey", "Relation Name": "title", "Alias": "t", "Startup Cost": 10000000000.0, "Total Cost": 1000011012048.91, "Plan Rows": 2528311, "Plan Width": 21}]}]}]}]}]}, "Unique SQL Id": 2457761703, "Planner Runtime": 4}, "explain_analyze_plan": null}, "(64, '0')": {"explain_plan": {"Plan": {"Node Type": "Aggregate", "Strategy": "Plain", "Startup Cost": 532222.07, "Total Cost": 532222.08, "Plan Rows": 1, "Plan Width": 97, "Plans": [{"Node Type": "Hash Join", "Parent Relationship": "Outer", "Join Type": "Inner", "Startup Cost": 503541.41, "Total Cost": 530436.58, "Plan Rows": 357098, "Plan Width": 33, "Inner Unique": false, "Hash Cond": "(an1.person_id = n1.id), (LLVM Optimized)", "Plans": [{"Node Type": "Seq Scan", "Parent Relationship": "Outer", "Relation Name": "aka_name", "Alias": "an1", "Startup Cost": 0.0, "Total Cost": 19908.42, "Plan Rows": 901342, "Plan Width": 20}, {"Node Type": "Hash", "Parent Relationship": "Inner", "Startup Cost": 494660.67, "Total Cost": 494660.67, "Plan Rows": 710459, "Plan Width": 25, "Plans": [{"Node Type": "Hash Join", "Parent Relationship": "Outer", "Join Type": "Inner", "Startup Cost": 256421.67, "Total Cost": 494660.67, "Plan Rows": 710459, "Plan Width": 25, "Inner Unique": false, "Hash Cond": "(ci.movie_id = t.id), (LLVM Optimized)", "Plans": [{"Node Type": "Streaming(type: LOCAL GATHER dop: 1/64)", "Parent Relationship": "Outer", "Startup Cost": 195218.41, "Total Cost": 404391.07, "Plan Rows": 3296318, "Plan Width": 12, "Plans": [{"Node Type": "Hash Join", "Parent Relationship": "Outer", "Join Type": "Inner", "Startup Cost": 195218.41, "Total Cost": 336388.42, "Plan Rows": 3296318, "Plan Width": 12, "Inner Unique": true, "Hash Cond": "(ci.person_id = n1.id), (LLVM Optimized)", "Plans": [{"Node Type": "Streaming(type: LOCAL REDISTRIBUTE dop: 64/64)", "Parent Relationship": "Outer", "Startup Cost": 63002.48, "Total Cost": 203464.29, "Plan Rows": 3296318, "Plan Width": 8, "Plans": [{"Node Type": "Hash Join", "Parent Relationship": "Outer", "Join Type": "Inner", "Startup Cost": 63002.48, "Total Cost": 137341.8, "Plan Rows": 3296318, "Plan Width": 8, "Inner Unique": true, "Hash Cond": "(ci.role_id = rt.id), (LLVM Optimized)", "Plans": [{"Node Type": "Seq Scan", "Parent Relationship": "Outer", "Relation Name": "cast_info", "Alias": "ci", "Startup Cost": 0.0, "Total Cost": 72404.34, "Plan Rows": 36259494, "Plan Width": 12}, {"Node Type": "Hash", "Parent Relationship": "Inner", "Startup Cost": 63002.47, "Total Cost": 63002.47, "Plan Rows": 64, "Plan Width": 4, "Plans": [{"Node Type": "Streaming(type: BROADCAST dop: 64/1)", "Parent Relationship": "Outer", "Startup Cost": 0.0, "Total Cost": 63002.47, "Plan Rows": 64, "Plan Width": 4, "Plans": [{"Node Type": "Seq Scan", "Parent Relationship": "Outer", "Relation Name": "role_type", "Alias": "rt", "Startup Cost": 0.0, "Total Cost": 1.15, "Plan Rows": 1, "Plan Width": 4, "Filter": "((role)::text = 'costume designer'::text)"}]}]}]}]}, {"Node Type": "Hash", "Parent Relationship": "Inner", "Startup Cost": 131401.97, "Total Cost": 131401.97, "Plan Rows": 4167490, "Plan Width": 4, "Plans": [{"Node Type": "Streaming(type: LOCAL REDISTRIBUTE dop: 64/64)", "Parent Relationship": "Outer", "Startup Cost": 0.0, "Total Cost": 131401.97, "Plan Rows": 4167490, "Plan Width": 4, "Plans": [{"Node Type": "Seq Scan", "Parent Relationship": "Outer", "Relation Name": "name", "Alias": "n1", "Startup Cost": 0.0, "Total Cost": 64454.25, "Plan Rows": 4167490, "Plan Width": 4}]}]}]}]}, {"Node Type": "Hash", "Parent Relationship": "Inner", "Startup Cost": 180697.47, "Total Cost": 180697.47, "Plan Rows": 1282311, "Plan Width": 25, "Plans": [{"Node Type": "Hash Join", "Parent Relationship": "Outer", "Join Type": "Inner", "Startup Cost": 98641.07, "Total Cost": 180697.47, "Plan Rows": 1282311, "Plan Width": 25, "Inner Unique": true, "Hash Cond": "(mc.movie_id = t.id), (LLVM Optimized)", "Plans": [{"Node Type": "Hash Join", "Parent Relationship": "Outer", "Join Type": "Inner", "Startup Cost": 6968.08, "Total Cost": 71392.69, "Plan Rows": 1282311, "Plan Width": 4, "Inner Unique": true, "Hash Cond": "(mc.company_id = cn.id), (LLVM Optimized)", "Plans": [{"Node Type": "Seq Scan", "Parent Relationship": "Outer", "Relation Name": "movie_companies", "Alias": "mc", "Startup Cost": 0.0, "Total Cost": 41817.28, "Plan Rows": 2609128, "Plan Width": 8}, {"Node Type": "Hash", "Parent Relationship": "Inner", "Startup Cost": 5903.45, "Total Cost": 5903.45, "Plan Rows": 85170, "Plan Width": 4, "Plans": [{"Node Type": "Seq Scan", "Parent Relationship": "Outer", "Relation Name": "company_name", "Alias": "cn", "Startup Cost": 0.0, "Total Cost": 5903.45, "Plan Rows": 85170, "Plan Width": 4, "Filter": "((country_code)::text = '[us]'::text)"}]}]}, {"Node Type": "Hash", "Parent Relationship": "Inner", "Startup Cost": 60069.11, "Total Cost": 60069.11, "Plan Rows": 2528311, "Plan Width": 21, "Plans": [{"Node Type": "Seq Scan", "Parent Relationship": "Outer", "Relation Name": "title", "Alias": "t", "Startup Cost": 0.0, "Total Cost": 60069.11, "Plan Rows": 2528311, "Plan Width": 21}]}]}]}]}]}]}]}, "Unique SQL Id": 2457761703, "Planner Runtime": 165}, "explain_analyze_plan": {"Plan": {"Node Type": "Aggregate", "Strategy": "Plain", "Startup Cost": 532222.07, "Total Cost": 532222.08, "Plan Rows": 1, "Plan Width": 97, "Actual Min Startup Time": 6391.936, "Actual Max Startup Time": 6391.936, "Actual Min Total Time": 6391.936, "Actual Max Total Time": 6391.936, "Plans": [{"Node Type": "Hash Join", "Parent Relationship": "Outer", "Join Type": "Inner", "Startup Cost": 503541.41, "Total Cost": 530436.58, "Plan Rows": 357098, "Plan Width": 33, "Actual Min Startup Time": 5681.546, "Actual Max Startup Time": 5681.546, "Actual Min Total Time": 6245.069, "Actual Max Total Time": 6245.069, "Inner Unique": false, "Hash Cond": "(an1.person_id = n1.id), (LLVM Optimized, Jit Execute)", "Plans": [{"Node Type": "Seq Scan", "Parent Relationship": "Outer", "Relation Name": "aka_name", "Alias": "an1", "Startup Cost": 0.0, "Total Cost": 19908.42, "Plan Rows": 901342, "Plan Width": 20, "Actual Min Startup Time": 0.041, "Actual Max Startup Time": 0.041, "Actual Min Total Time": 234.241, "Actual Max Total Time": 234.241, "Actual Rows": 901342}, {"Node Type": "Hash", "Parent Relationship": "Inner", "Startup Cost": 494660.67, "Total Cost": 494660.67, "Plan Rows": 710459, "Plan Width": 25, "Actual Min Startup Time": 5678.157, "Actual Max Startup Time": 5678.157, "Actual Min Total Time": 5678.157, "Actual Max Total Time": 5678.157, "Max Hash Buckets": 1048576, "Min Hash Buckets": 1048576, "Max Hash Batches": 1, "Min Hash Batches": 1, "Max Original Hash Batches": 1, "Min Original Hash Batches": 1, "Max Peak Memory Usage": 15952, "min Peak Memory Usage": 15952, "Plans": [{"Node Type": "Hash Join", "Parent Relationship": "Outer", "Join Type": "Inner", "Startup Cost": 256421.67, "Total Cost": 494660.67, "Plan Rows": 710459, "Plan Width": 25, "Actual Min Startup Time": 5321.654, "Actual Max Startup Time": 5321.654, "Actual Min Total Time": 5597.254, "Actual Max Total Time": 5597.254, "Inner Unique": false, "Hash Cond": "(ci.movie_id = t.id), (LLVM Optimized, Jit Execute)", "Plans": [{"Node Type": "Streaming(type: LOCAL GATHER dop: 1/64)", "Parent Relationship": "Outer", "Startup Cost": 195218.41, "Total Cost": 404391.07, "Plan Rows": 3296318, "Plan Width": 12, "Actual Min Startup Time": 0.129, "Actual Max Startup Time": 0.129, "Actual Min Total Time": 103.987, "Actual Max Total Time": 103.987, "Plans": [{"Node Type": "Hash Join", "Parent Relationship": "Outer", "Join Type": "Inner", "Startup Cost": 195218.41, "Total Cost": 336388.42, "Plan Rows": 3296318, "Plan Width": 12, "Actual Min Startup Time": 2835.803, "Actual Max Startup Time": 5040.6, "Actual Min Total Time": 3046.426, "Actual Max Total Time": 5282.113, "Inner Unique": true, "Hash Cond": "(ci.person_id = n1.id), (LLVM Optimized, Jit Execute)", "Plans": [{"Node Type": "Streaming(type: LOCAL REDISTRIBUTE dop: 64/64)", "Parent Relationship": "Outer", "Startup Cost": 63002.48, "Total Cost": 203464.29, "Plan Rows": 3296318, "Plan Width": 8, "Actual Min Startup Time": 0.138, "Actual Max Startup Time": 1960.093, "Actual Min Total Time": 180.674, "Actual Max Total Time": 2230.953, "Plans": [{"Node Type": "Hash Join", "Parent Relationship": "Outer", "Join Type": "Inner", "Startup Cost": 63002.48, "Total Cost": 137341.8, "Plan Rows": 3296318, "Plan Width": 8, "Actual Min Startup Time": 182.071, "Actual Max Startup Time": 853.631, "Actual Min Total Time": 234.011, "Actual Max Total Time": 857.861, "Inner Unique": true, "Hash Cond": "(ci.role_id = rt.id), (LLVM Optimized, Jit Execute)", "Plans": [{"Node Type": "Seq Scan", "Parent Relationship": "Outer", "Relation Name": "cast_info", "Alias": "ci", "Startup Cost": 0.0, "Total Cost": 72404.34, "Plan Rows": 36259494, "Plan Width": 12, "Actual Min Startup Time": 0.024, "Actual Max Startup Time": 0.051, "Actual Min Total Time": 127.795, "Actual Max Total Time": 160.686, "Actual Rows": 36244343}, {"Node Type": "Hash", "Parent Relationship": "Inner", "Startup Cost": 63002.47, "Total Cost": 63002.47, "Plan Rows": 64, "Plan Width": 4, "Actual Min Startup Time": 0.012, "Actual Max Startup Time": 143.659, "Actual Min Total Time": 0.012, "Actual Max Total Time": 143.659, "Max Hash Buckets": 32768, "Min Hash Buckets": 32768, "Max Hash Batches": 1, "Min Hash Batches": 1, "Max Original Hash Batches": 1, "Min Original Hash Batches": 1, "Max Peak Memory Usage": 1, "min Peak Memory Usage": 1, "Plans": [{"Node Type": "Streaming(type: BROADCAST dop: 64/1)", "Parent Relationship": "Outer", "Startup Cost": 0.0, "Total Cost": 63002.47, "Plan Rows": 64, "Plan Width": 4, "Actual Min Startup Time": 0.003, "Actual Max Startup Time": 143.502, "Actual Min Total Time": 0.004, "Actual Max Total Time": 143.504, "Plans": [{"Node Type": "Seq Scan", "Parent Relationship": "Outer", "Relation Name": "role_type", "Alias": "rt", "Startup Cost": 0.0, "Total Cost": 1.15, "Plan Rows": 1, "Plan Width": 4, "Actual Min Startup Time": 0.032, "Actual Max Startup Time": 0.032, "Actual Min Total Time": 0.035, "Actual Max Total Time": 0.035, "Filter": "((role)::text = 'costume designer'::text)", "Rows Removed by Filter": 11, "Actual Rows": 1}], "Actual Rows": 64}], "Actual Rows": 64}], "Actual Rows": 276403}], "Actual Rows": 276403}, {"Node Type": "Hash", "Parent Relationship": "Inner", "Startup Cost": 131401.97, "Total Cost": 131401.97, "Plan Rows": 4167490, "Plan Width": 4, "Actual Min Startup Time": 2832.083, "Actual Max Startup Time": 3184.027, "Actual Min Total Time": 2832.083, "Actual Max Total Time": 3184.027, "Max Hash Buckets": 65536, "Min Hash Buckets": 65536, "Max Hash Batches": 1, "Min Hash Batches": 1, "Max Original Hash Batches": 1, "Min Original Hash Batches": 1, "Max Peak Memory Usage": 2290, "min Peak Memory Usage": 2290, "Plans": [{"Node Type": "Streaming(type: LOCAL REDISTRIBUTE dop: 64/64)", "Parent Relationship": "Outer", "Startup Cost": 0.0, "Total Cost": 131401.97, "Plan Rows": 4167490, "Plan Width": 4, "Actual Min Startup Time": 0.114, "Actual Max Startup Time": 78.258, "Actual Min Total Time": 2574.787, "Actual Max Total Time": 3084.185, "Plans": [{"Node Type": "Seq Scan", "Parent Relationship": "Outer", "Relation Name": "name", "Alias": "n1", "Startup Cost": 0.0, "Total Cost": 64454.25, "Plan Rows": 4167490, "Plan Width": 4, "Actual Min Startup Time": 0.015, "Actual Max Startup Time": 0.039, "Actual Min Total Time": 23.019, "Actual Max Total Time": 147.987, "Actual Rows": 4167490}], "Actual Rows": 4167490}], "Actual Rows": 4167490}], "Actual Rows": 276403}], "Actual Rows": 276403}, {"Node Type": "Hash", "Parent Relationship": "Inner", "Startup Cost": 180697.47, "Total Cost": 180697.47, "Plan Rows": 1282311, "Plan Width": 25, "Actual Min Startup Time": 5314.139, "Actual Max Startup Time": 5314.139, "Actual Min Total Time": 5314.139, "Actual Max Total Time": 5314.139, "Max Hash Buckets": 2097152, "Min Hash Buckets": 2097152, "Max Hash Batches": 1, "Min Hash Batches": 1, "Max Original Hash Batches": 1, "Min Original Hash Batches": 1, "Max Peak Memory Usage": 68508, "min Peak Memory Usage": 68508, "Plans": [{"Node Type": "Hash Join", "Parent Relationship": "Outer", "Join Type": "Inner", "Startup Cost": 98641.07, "Total Cost": 180697.47, "Plan Rows": 1282311, "Plan Width": 25, "Actual Min Startup Time": 2644.933, "Actual Max Startup Time": 2644.933, "Actual Min Total Time": 4894.059, "Actual Max Total Time": 4894.059, "Inner Unique": true, "Hash Cond": "(mc.movie_id = t.id), (LLVM Optimized, Jit Execute)", "Plans": [{"Node Type": "Hash Join", "Parent Relationship": "Outer", "Join Type": "Inner", "Startup Cost": 6968.08, "Total Cost": 71392.69, "Plan Rows": 1282311, "Plan Width": 4, "Actual Min Startup Time": 113.013, "Actual Max Startup Time": 113.013, "Actual Min Total Time": 1520.132, "Actual Max Total Time": 1520.132, "Inner Unique": true, "Hash Cond": "(mc.company_id = cn.id), (LLVM Optimized, Jit Execute)", "Plans": [{"Node Type": "Seq Scan", "Parent Relationship": "Outer", "Relation Name": "movie_companies", "Alias": "mc", "Startup Cost": 0.0, "Total Cost": 41817.28, "Plan Rows": 2609128, "Plan Width": 8, "Actual Min Startup Time": 0.057, "Actual Max Startup Time": 0.057, "Actual Min Total Time": 596.011, "Actual Max Total Time": 596.011, "Actual Rows": 2609128}, {"Node Type": "Hash", "Parent Relationship": "Inner", "Startup Cost": 5903.45, "Total Cost": 5903.45, "Plan Rows": 85170, "Plan Width": 4, "Actual Min Startup Time": 112.82, "Actual Max Startup Time": 112.82, "Actual Min Total Time": 112.82, "Actual Max Total Time": 112.82, "Max Hash Buckets": 131072, "Min Hash Buckets": 131072, "Max Hash Batches": 1, "Min Hash Batches": 1, "Max Original Hash Batches": 1, "Min Original Hash Batches": 1, "Max Peak Memory Usage": 2983, "min Peak Memory Usage": 2983, "Plans": [{"Node Type": "Seq Scan", "Parent Relationship": "Outer", "Relation Name": "company_name", "Alias": "cn", "Startup Cost": 0.0, "Total Cost": 5903.45, "Plan Rows": 85170, "Plan Width": 4, "Actual Min Startup Time": 0.049, "Actual Max Startup Time": 0.049, "Actual Min Total Time": 89.918, "Actual Max Total Time": 89.918, "Filter": "((country_code)::text = '[us]'::text)", "Rows Removed by Filter": 150153, "Actual Rows": 84843}], "Actual Rows": 84843}], "Actual Rows": 1153797}, {"Node Type": "Hash", "Parent Relationship": "Inner", "Startup Cost": 60069.11, "Total Cost": 60069.11, "Plan Rows": 2528311, "Plan Width": 21, "Actual Min Startup Time": 2529.249, "Actual Max Startup Time": 2529.249, "Actual Min Total Time": 2529.249, "Actual Max Total Time": 2529.249, "Max Hash Buckets": 4194304, "Min Hash Buckets": 4194304, "Max Hash Batches": 1, "Min Hash Batches": 1, "Max Original Hash Batches": 1, "Min Original Hash Batches": 1, "Max Peak Memory Usage": 135869, "min Peak Memory Usage": 135869, "Plans": [{"Node Type": "Seq Scan", "Parent Relationship": "Outer", "Relation Name": "title", "Alias": "t", "Startup Cost": 0.0, "Total Cost": 60069.11, "Plan Rows": 2528311, "Plan Width": 21, "Actual Min Startup Time": 0.028, "Actual Max Startup Time": 0.028, "Actual Min Total Time": 1119.717, "Actual Max Total Time": 1119.717, "Actual Rows": 2528311}], "Actual Rows": 2528311}], "Actual Rows": 1153797}], "Actual Rows": 1153797}], "Actual Rows": 285537}], "Actual Rows": 285537}], "Actual Rows": 323005}], "Actual Rows": 1}, "Triggers": [], "Planner Runtime": 165.515, "Total Runtime": 6456.158, "Unique SQL Id": 2457761703}}, "(64, '1')": {"explain_plan": {"Plan": {"Node Type": "Aggregate", "Strategy": "Plain", "Startup Cost": 742749.91, "Total Cost": 742749.92, "Plan Rows": 1, "Plan Width": 97, "Plans": [{"Node Type": "Nested Loop", "Parent Relationship": "Outer", "Join Type": "Inner", "Startup Cost": 571103.99, "Total Cost": 740964.42, "Plan Rows": 357098, "Plan Width": 33, "Inner Unique": true, "Join Filter": "(an1.person_id = n1.id), (LLVM Optimized)", "Plans": [{"Node Type": "Merge Join", "Parent Relationship": "Outer", "Join Type": "Inner", "Startup Cost": 571103.99, "Total Cost": 639470.48, "Plan Rows": 357098, "Plan Width": 41, "Inner Unique": false, "Merge Cond": "(an1.person_id = ci.person_id)", "Plans": [{"Node Type": "Index Scan", "Parent Relationship": "Outer", "Scan Direction": "Forward", "Index Name": "person_id_aka_name", "Relation Name": "aka_name", "Alias": "an1", "Startup Cost": 0.0, "Total Cost": 68965.03, "Plan Rows": 901342, "Plan Width": 20}, {"Node Type": "Sort", "Parent Relationship": "Inner", "Startup Cost": 571103.92, "Total Cost": 572880.07, "Plan Rows": 710459, "Plan Width": 21, "Sort Key": ["ci.person_id"], "Plans": [{"Node Type": "Hash Join", "Parent Relationship": "Outer", "Join Type": "Inner", "Startup Cost": 301568.43, "Total Cost": 502053.02, "Plan Rows": 710459, "Plan Width": 21, "Inner Unique": false, "Hash Cond": "(ci.movie_id = t.id), (LLVM Optimized)", "Plans": [{"Node Type": "Nested Loop", "Parent Relationship": "Outer", "Join Type": "Inner", "Startup Cost": 0.0, "Total Cost": 171418.25, "Plan Rows": 3296318, "Plan Width": 8, "Inner Unique": false, "Plans": [{"Node Type": "Index Scan", "Parent Relationship": "Outer", "Scan Direction": "Forward", "Index Name": "role_type_pkey", "Relation Name": "role_type", "Alias": "rt", "Startup Cost": 0.0, "Total Cost": 12.46, "Plan Rows": 1, "Plan Width": 4, "Filter": "((role)::text = 'costume designer'::text)"}, {"Node Type": "Index Scan", "Parent Relationship": "Inner", "Scan Direction": "Forward", "Index Name": "role_id_cast_info", "Relation Name": "cast_info", "Alias": "ci", "Startup Cost": 0.0, "Total Cost": 138442.61, "Plan Rows": 3296318, "Plan Width": 12, "Index Cond": "(role_id = rt.id), (LLVM Optimized)"}]}, {"Node Type": "Hash", "Parent Relationship": "Inner", "Startup Cost": 285539.54, "Total Cost": 285539.54, "Plan Rows": 1282311, "Plan Width": 25, "Plans": [{"Node Type": "Hash Join", "Parent Relationship": "Outer", "Join Type": "Inner", "Startup Cost": 203483.15, "Total Cost": 285539.54, "Plan Rows": 1282311, "Plan Width": 25, "Inner Unique": true, "Hash Cond": "(mc.movie_id = t.id), (LLVM Optimized)", "Plans": [{"Node Type": "Hash Join", "Parent Relationship": "Outer", "Join Type": "Inner", "Startup Cost": 61758.77, "Total Cost": 126183.39, "Plan Rows": 1282311, "Plan Width": 4, "Inner Unique": true, "Hash Cond": "(mc.company_id = cn.id), (LLVM Optimized)", "Plans": [{"Node Type": "Bitmap Heap Scan", "Parent Relationship": "Outer", "Relation Name": "movie_companies", "Alias": "mc", "Startup Cost": 51990.17, "Total Cost": 93807.45, "Plan Rows": 2609128, "Plan Width": 8, "Plans": [{"Node Type": "Bitmap Index Scan", "Parent Relationship": "Outer", "Index Name": "movie_id_movie_companies", "Startup Cost": 0.0, "Total Cost": 51337.89, "Plan Rows": 2609128, "Plan Width": 0}]}, {"Node Type": "Hash", "Parent Relationship": "Inner", "Startup Cost": 8703.97, "Total Cost": 8703.97, "Plan Rows": 85170, "Plan Width": 4, "Plans": [{"Node Type": "Bitmap Heap Scan", "Parent Relationship": "Outer", "Relation Name": "company_name", "Alias": "cn", "Startup Cost": 2800.52, "Total Cost": 8703.97, "Plan Rows": 85170, "Plan Width": 4, "Filter": "((country_code)::text = '[us]'::text)", "Plans": [{"Node Type": "Bitmap Index Scan", "Parent Relationship": "Outer", "Index Name": "company_name_pkey", "Startup Cost": 0.0, "Total Cost": 2779.23, "Plan Rows": 234996, "Plan Width": 0}]}]}]}, {"Node Type": "Hash", "Parent Relationship": "Inner", "Startup Cost": 110120.49, "Total Cost": 110120.49, "Plan Rows": 2528311, "Plan Width": 21, "Plans": [{"Node Type": "Index Scan", "Parent Relationship": "Outer", "Scan Direction": "Forward", "Index Name": "title_pkey", "Relation Name": "title", "Alias": "t", "Startup Cost": 0.0, "Total Cost": 110120.49, "Plan Rows": 2528311, "Plan Width": 21}]}]}]}]}]}]}, {"Node Type": "Index Only Scan", "Parent Relationship": "Inner", "Scan Direction": "Forward", "Index Name": "name_pkey", "Relation Name": "name", "Alias": "n1", "Startup Cost": 0.0, "Total Cost": 0.27, "Plan Rows": 1, "Plan Width": 4, "Index Cond": "(id = ci.person_id)"}]}]}, "Unique SQL Id": 2457761703, "Planner Runtime": 147}, "explain_analyze_plan": {"Plan": {"Node Type": "Aggregate", "Strategy": "Plain", "Startup Cost": 742749.91, "Total Cost": 742749.92, "Plan Rows": 1, "Plan Width": 97, "Actual Startup Time": 9989.079, "Actual Total Time": 9989.079, "Actual Rows": 1, "Actual Loops": 1, "Plans": [{"Node Type": "Nested Loop", "Parent Relationship": "Outer", "Join Type": "Inner", "Startup Cost": 571103.99, "Total Cost": 740964.42, "Plan Rows": 357098, "Plan Width": 33, "Actual Startup Time": 8047.3, "Actual Total Time": 9805.68, "Actual Rows": 323005, "Actual Loops": 1, "Inner Unique": true, "Join Filter": "(an1.person_id = n1.id), (LLVM Optimized, Jit Execute)", "Rows Removed by Join Filter": 0, "Plans": [{"Node Type": "Merge Join", "Parent Relationship": "Outer", "Join Type": "Inner", "Startup Cost": 571103.99, "Total Cost": 639470.48, "Plan Rows": 357098, "Plan Width": 41, "Actual Startup Time": 8047.137, "Actual Total Time": 8896.805, "Actual Rows": 323005, "Actual Loops": 1, "Inner Unique": false, "Merge Cond": "(an1.person_id = ci.person_id)", "Plans": [{"Node Type": "Index Scan", "Parent Relationship": "Outer", "Scan Direction": "Forward", "Index Name": "person_id_aka_name", "Relation Name": "aka_name", "Alias": "an1", "Startup Cost": 0.0, "Total Cost": 68965.03, "Plan Rows": 901342, "Plan Width": 20, "Actual Startup Time": 0.042, "Actual Total Time": 555.099, "Actual Rows": 688852, "Actual Loops": 1}, {"Node Type": "Sort", "Parent Relationship": "Inner", "Startup Cost": 571103.92, "Total Cost": 572880.07, "Plan Rows": 710459, "Plan Width": 21, "Actual Startup Time": 8046.902, "Actual Total Time": 8125.228, "Actual Rows": 445949, "Actual Loops": 1, "Sort Key": ["ci.person_id"], "Sort Method": "quicksort", "Sort Space Used": 39613, "Sort Space Type": "Memory", "Plans": [{"Node Type": "Hash Join", "Parent Relationship": "Outer", "Join Type": "Inner", "Startup Cost": 301568.43, "Total Cost": 502053.02, "Plan Rows": 710459, "Plan Width": 21, "Actual Startup Time": 7534.135, "Actual Total Time": 7958.36, "Actual Rows": 285537, "Actual Loops": 1, "Inner Unique": false, "Hash Cond": "(ci.movie_id = t.id), (LLVM Optimized, Jit Execute)", "Plans": [{"Node Type": "Nested Loop", "Parent Relationship": "Outer", "Join Type": "Inner", "Startup Cost": 0.0, "Total Cost": 171418.25, "Plan Rows": 3296318, "Plan Width": 8, "Actual Startup Time": 0.184, "Actual Total Time": 204.2, "Actual Rows": 276403, "Actual Loops": 1, "Inner Unique": false, "Plans": [{"Node Type": "Index Scan", "Parent Relationship": "Outer", "Scan Direction": "Forward", "Index Name": "role_type_pkey", "Relation Name": "role_type", "Alias": "rt", "Startup Cost": 0.0, "Total Cost": 12.46, "Plan Rows": 1, "Plan Width": 4, "Actual Startup Time": 0.017, "Actual Total Time": 0.106, "Actual Rows": 1, "Actual Loops": 1, "Filter": "((role)::text = 'costume designer'::text)", "Rows Removed by Filter": 11}, {"Node Type": "Index Scan", "Parent Relationship": "Inner", "Scan Direction": "Forward", "Index Name": "role_id_cast_info", "Relation Name": "cast_info", "Alias": "ci", "Startup Cost": 0.0, "Total Cost": 138442.61, "Plan Rows": 3296318, "Plan Width": 12, "Actual Startup Time": 0.163, "Actual Total Time": 148.5, "Actual Rows": 276403, "Actual Loops": 1, "Index Cond": "(role_id = rt.id), (LLVM Optimized, Jit Execute)", "Rows Removed by Index Recheck": 0}]}, {"Node Type": "Hash", "Parent Relationship": "Inner", "Startup Cost": 285539.54, "Total Cost": 285539.54, "Plan Rows": 1282311, "Plan Width": 25, "Actual Startup Time": 7526.224, "Actual Total Time": 7526.224, "Actual Rows": 1153797, "Actual Loops": 1, "Hash Buckets": 2097152, "Hash Batches": 1, "Original Hash Batches": 1, "Peak Memory Usage": 68508, "Plans": [{"Node Type": "Hash Join", "Parent Relationship": "Outer", "Join Type": "Inner", "Startup Cost": 203483.15, "Total Cost": 285539.54, "Plan Rows": 1282311, "Plan Width": 25, "Actual Startup Time": 4760.272, "Actual Total Time": 7090.167, "Actual Rows": 1153797, "Actual Loops": 1, "Inner Unique": true, "Hash Cond": "(mc.movie_id = t.id), (LLVM Optimized, Jit Execute)", "Plans": [{"Node Type": "Hash Join", "Parent Relationship": "Outer", "Join Type": "Inner", "Startup Cost": 61758.77, "Total Cost": 126183.39, "Plan Rows": 1282311, "Plan Width": 4, "Actual Startup Time": 405.432, "Actual Total Time": 2122.677, "Actual Rows": 1153797, "Actual Loops": 1, "Inner Unique": true, "Hash Cond": "(mc.company_id = cn.id), (LLVM Optimized, Jit Execute)", "Plans": [{"Node Type": "Bitmap Heap Scan", "Parent Relationship": "Outer", "Relation Name": "movie_companies", "Alias": "mc", "Startup Cost": 51990.17, "Total Cost": 93807.45, "Plan Rows": 2609128, "Plan Width": 8, "Actual Startup Time": 219.024, "Actual Total Time": 1113.833, "Actual Rows": 2609128, "Actual Loops": 1, "Exact Heap Blocks": 15726, "Lossy Heap Blocks": 15726, "Plans": [{"Node Type": "Bitmap Index Scan", "Parent Relationship": "Outer", "Index Name": "movie_id_movie_companies", "Startup Cost": 0.0, "Total Cost": 51337.89, "Plan Rows": 2609128, "Plan Width": 0, "Actual Startup Time": 215.37, "Actual Total Time": 215.37, "Actual Rows": 2609128, "Actual Loops": 1}]}, {"Node Type": "Hash", "Parent Relationship": "Inner", "Startup Cost": 8703.97, "Total Cost": 8703.97, "Plan Rows": 85170, "Plan Width": 4, "Actual Startup Time": 186.298, "Actual Total Time": 186.298, "Actual Rows": 84843, "Actual Loops": 1, "Hash Buckets": 131072, "Hash Batches": 1, "Original Hash Batches": 1, "Peak Memory Usage": 2983, "Plans": [{"Node Type": "Bitmap Heap Scan", "Parent Relationship": "Outer", "Relation Name": "company_name", "Alias": "cn", "Startup Cost": 2800.52, "Total Cost": 8703.97, "Plan Rows": 85170, "Plan Width": 4, "Actual Startup Time": 22.808, "Actual Total Time": 164.447, "Actual Rows": 84843, "Actual Loops": 1, "Filter": "((country_code)::text = '[us]'::text)", "Rows Removed by Filter": 150153, "Exact Heap Blocks": 2966, "Lossy Heap Blocks": 2966, "Plans": [{"Node Type": "Bitmap Index Scan", "Parent Relationship": "Outer", "Index Name": "company_name_pkey", "Startup Cost": 0.0, "Total Cost": 2779.23, "Plan Rows": 234996, "Plan Width": 0, "Actual Startup Time": 22.352, "Actual Total Time": 22.352, "Actual Rows": 234996, "Actual Loops": 1}]}]}]}, {"Node Type": "Hash", "Parent Relationship": "Inner", "Startup Cost": 110120.49, "Total Cost": 110120.49, "Plan Rows": 2528311, "Plan Width": 21, "Actual Startup Time": 4352.331, "Actual Total Time": 4352.331, "Actual Rows": 2528311, "Actual Loops": 1, "Hash Buckets": 4194304, "Hash Batches": 1, "Original Hash Batches": 1, "Peak Memory Usage": 135869, "Plans": [{"Node Type": "Index Scan", "Parent Relationship": "Outer", "Scan Direction": "Forward", "Index Name": "title_pkey", "Relation Name": "title", "Alias": "t", "Startup Cost": 0.0, "Total Cost": 110120.49, "Plan Rows": 2528311, "Plan Width": 21, "Actual Startup Time": 0.041, "Actual Total Time": 3302.61, "Actual Rows": 2528311, "Actual Loops": 1}]}]}]}]}]}]}, {"Node Type": "Index Only Scan", "Parent Relationship": "Inner", "Scan Direction": "Forward", "Index Name": "name_pkey", "Relation Name": "name", "Alias": "n1", "Startup Cost": 0.0, "Total Cost": 0.27, "Plan Rows": 1, "Plan Width": 4, "Actual Startup Time": 662.992, "Actual Total Time": 662.992, "Actual Rows": 323005, "Actual Loops": 323005, "Index Cond": "(id = ci.person_id)", "Rows Removed by Index Recheck": 0, "Heap Fetches": 0}]}]}, "Triggers": [], "Planner Runtime": 146.865, "Total Runtime": 10000.423, "Unique SQL Id": 2457761703}}, "(64, '2')": {"explain_plan": {"Plan": {"Node Type": "Aggregate", "Strategy": "Plain", "Startup Cost": 528738.29, "Total Cost": 528738.3, "Plan Rows": 1, "Plan Width": 97, "Plans": [{"Node Type": "Hash Join", "Parent Relationship": "Outer", "Join Type": "Inner", "Startup Cost": 336662.4, "Total Cost": 526952.8, "Plan Rows": 357098, "Plan Width": 33, "Inner Unique": true, "Hash Cond": "(mc.company_id = cn.id), (LLVM Optimized)", "Plans": [{"Node Type": "Hash Join", "Parent Relationship": "Outer", "Join Type": "Inner", "Startup Cost": 329694.33, "Total Cost": 513689.03, "Plan Rows": 726589, "Plan Width": 37, "Inner Unique": false, "Hash Cond": "(ci.movie_id = t.id), (LLVM Optimized)", "Plans": [{"Node Type": "Streaming(type: LOCAL GATHER dop: 1/64)", "Parent Relationship": "Outer", "Startup Cost": 254738.78, "Total Cost": 417857.9, "Plan Rows": 1484588, "Plan Width": 20, "Plans": [{"Node Type": "Hash Join", "Parent Relationship": "Outer", "Join Type": "Inner", "Startup Cost": 254738.78, "Total Cost": 387231.02, "Plan Rows": 1484588, "Plan Width": 20, "Inner Unique": false, "Hash Cond": "(an1.person_id = ci.person_id), (LLVM Optimized)", "Plans": [{"Node Type": "Streaming(type: LOCAL REDISTRIBUTE dop: 64/1)", "Parent Relationship": "Outer", "Startup Cost": 202522.7, "Total Cost": 334446.0, "Plan Rows": 901342, "Plan Width": 24, "Plans": [{"Node Type": "Hash Join", "Parent Relationship": "Outer", "Join Type": "Inner", "Startup Cost": 202522.7, "Total Cost": 234824.58, "Plan Rows": 901342, "Plan Width": 24, "Inner Unique": true, "Hash Cond": "(an1.person_id = n1.id), (LLVM Optimized)", "Plans": [{"Node Type": "Seq Scan", "Parent Relationship": "Outer", "Relation Name": "aka_name", "Alias": "an1", "Startup Cost": 0.0, "Total Cost": 19908.42, "Plan Rows": 901342, "Plan Width": 20}, {"Node Type": "Hash", "Parent Relationship": "Inner", "Startup Cost": 150429.08, "Total Cost": 150429.08, "Plan Rows": 4167490, "Plan Width": 4, "Plans": [{"Node Type": "Streaming(type: LOCAL GATHER dop: 1/64)", "Parent Relationship": "Outer", "Startup Cost": 0.0, "Total Cost": 150429.08, "Plan Rows": 4167490, "Plan Width": 4, "Plans": [{"Node Type": "Seq Scan", "Parent Relationship": "Outer", "Relation Name": "name", "Alias": "n1", "Startup Cost": 0.0, "Total Cost": 64454.25, "Plan Rows": 4167490, "Plan Width": 4}]}]}]}]}, {"Node Type": "Hash", "Parent Relationship": "Inner", "Startup Cost": 203464.29, "Total Cost": 203464.29, "Plan Rows": 3296318, "Plan Width": 8, "Plans": [{"Node Type": "Streaming(type: LOCAL REDISTRIBUTE dop: 64/64)", "Parent Relationship": "Outer", "Startup Cost": 63002.48, "Total Cost": 203464.29, "Plan Rows": 3296318, "Plan Width": 8, "Plans": [{"Node Type": "Hash Join", "Parent Relationship": "Outer", "Join Type": "Inner", "Startup Cost": 63002.48, "Total Cost": 137341.8, "Plan Rows": 3296318, "Plan Width": 8, "Inner Unique": true, "Hash Cond": "(ci.role_id = rt.id), (LLVM Optimized)", "Plans": [{"Node Type": "Seq Scan", "Parent Relationship": "Outer", "Relation Name": "cast_info", "Alias": "ci", "Startup Cost": 0.0, "Total Cost": 72404.34, "Plan Rows": 36259494, "Plan Width": 12}, {"Node Type": "Hash", "Parent Relationship": "Inner", "Startup Cost": 63002.47, "Total Cost": 63002.47, "Plan Rows": 64, "Plan Width": 4, "Plans": [{"Node Type": "Streaming(type: BROADCAST dop: 64/1)", "Parent Relationship": "Outer", "Startup Cost": 0.0, "Total Cost": 63002.47, "Plan Rows": 64, "Plan Width": 4, "Plans": [{"Node Type": "Seq Scan", "Parent Relationship": "Outer", "Relation Name": "role_type", "Alias": "rt", "Startup Cost": 0.0, "Total Cost": 1.15, "Plan Rows": 1, "Plan Width": 4, "Filter": "((role)::text = 'costume designer'::text)"}]}]}]}]}]}]}]}, {"Node Type": "Hash", "Parent Relationship": "Inner", "Startup Cost": 169365.79, "Total Cost": 169365.79, "Plan Rows": 2609128, "Plan Width": 29, "Plans": [{"Node Type": "Hash Join", "Parent Relationship": "Outer", "Join Type": "Inner", "Startup Cost": 91673.0, "Total Cost": 169365.79, "Plan Rows": 2609128, "Plan Width": 29, "Inner Unique": true, "Hash Cond": "(mc.movie_id = t.id), (LLVM Optimized)", "Plans": [{"Node Type": "Seq Scan", "Parent Relationship": "Outer", "Relation Name": "movie_companies", "Alias": "mc", "Startup Cost": 0.0, "Total Cost": 41817.28, "Plan Rows": 2609128, "Plan Width": 8}, {"Node Type": "Hash", "Parent Relationship": "Inner", "Startup Cost": 60069.11, "Total Cost": 60069.11, "Plan Rows": 2528311, "Plan Width": 21, "Plans": [{"Node Type": "Seq Scan", "Parent Relationship": "Outer", "Relation Name": "title", "Alias": "t", "Startup Cost": 0.0, "Total Cost": 60069.11, "Plan Rows": 2528311, "Plan Width": 21}]}]}]}]}, {"Node Type": "Hash", "Parent Relationship": "Inner", "Startup Cost": 5903.45, "Total Cost": 5903.45, "Plan Rows": 85170, "Plan Width": 4, "Plans": [{"Node Type": "Seq Scan", "Parent Relationship": "Outer", "Relation Name": "company_name", "Alias": "cn", "Startup Cost": 0.0, "Total Cost": 5903.45, "Plan Rows": 85170, "Plan Width": 4, "Filter": "((country_code)::text = '[us]'::text)"}]}]}]}, "Unique SQL Id": 2457761703, "Planner Runtime": 175}, "explain_analyze_plan": {"Plan": {"Node Type": "Aggregate", "Strategy": "Plain", "Startup Cost": 528738.29, "Total Cost": 528738.3, "Plan Rows": 1, "Plan Width": 97, "Actual Min Startup Time": 6856.27, "Actual Max Startup Time": 6856.27, "Actual Min Total Time": 6856.271, "Actual Max Total Time": 6856.271, "Plans": [{"Node Type": "Hash Join", "Parent Relationship": "Outer", "Join Type": "Inner", "Startup Cost": 336662.4, "Total Cost": 526952.8, "Plan Rows": 357098, "Plan Width": 33, "Actual Min Startup Time": 5249.401, "Actual Max Startup Time": 5249.401, "Actual Min Total Time": 6705.964, "Actual Max Total Time": 6705.964, "Inner Unique": true, "Hash Cond": "(mc.company_id = cn.id), (LLVM Optimized, Jit Execute)", "Plans": [{"Node Type": "Hash Join", "Parent Relationship": "Outer", "Join Type": "Inner", "Startup Cost": 329694.33, "Total Cost": 513689.03, "Plan Rows": 726589, "Plan Width": 37, "Actual Min Startup Time": 5130.68, "Actual Max Startup Time": 5130.68, "Actual Min Total Time": 6388.767, "Actual Max Total Time": 6388.767, "Inner Unique": false, "Hash Cond": "(ci.movie_id = t.id), (LLVM Optimized, Jit Execute)", "Plans": [{"Node Type": "Streaming(type: LOCAL GATHER dop: 1/64)", "Parent Relationship": "Outer", "Startup Cost": 254738.78, "Total Cost": 417857.9, "Plan Rows": 1484588, "Plan Width": 20, "Actual Min Startup Time": 0.186, "Actual Max Startup Time": 0.186, "Actual Min Total Time": 983.556, "Actual Max Total Time": 983.556, "Plans": [{"Node Type": "Hash Join", "Parent Relationship": "Outer", "Join Type": "Inner", "Startup Cost": 254738.78, "Total Cost": 387231.02, "Plan Rows": 1484588, "Plan Width": 20, "Actual Min Startup Time": 2904.02, "Actual Max Startup Time": 5001.056, "Actual Min Total Time": 4507.096, "Actual Max Total Time": 6552.353, "Inner Unique": false, "Hash Cond": "(an1.person_id = ci.person_id), (LLVM Optimized, Jit Execute)", "Plans": [{"Node Type": "Streaming(type: LOCAL REDISTRIBUTE dop: 64/1)", "Parent Relationship": "Outer", "Startup Cost": 202522.7, "Total Cost": 334446.0, "Plan Rows": 901342, "Plan Width": 24, "Actual Min Startup Time": 2648.309, "Actual Max Startup Time": 2658.987, "Actual Min Total Time": 4210.018, "Actual Max Total Time": 5937.182, "Plans": [{"Node Type": "Hash Join", "Parent Relationship": "Outer", "Join Type": "Inner", "Startup Cost": 202522.7, "Total Cost": 234824.58, "Plan Rows": 901342, "Plan Width": 24, "Actual Min Startup Time": 2900.815, "Actual Max Startup Time": 2900.815, "Actual Min Total Time": 3642.451, "Actual Max Total Time": 3642.451, "Inner Unique": true, "Hash Cond": "(an1.person_id = n1.id), (LLVM Optimized, Jit Execute)", "Plans": [{"Node Type": "Seq Scan", "Parent Relationship": "Outer", "Relation Name": "aka_name", "Alias": "an1", "Startup Cost": 0.0, "Total Cost": 19908.42, "Plan Rows": 901342, "Plan Width": 20, "Actual Min Startup Time": 0.033, "Actual Max Startup Time": 0.033, "Actual Min Total Time": 226.164, "Actual Max Total Time": 226.164, "Actual Rows": 901342}, {"Node Type": "Hash", "Parent Relationship": "Inner", "Startup Cost": 150429.08, "Total Cost": 150429.08, "Plan Rows": 4167490, "Plan Width": 4, "Actual Min Startup Time": 2898.206, "Actual Max Startup Time": 2898.206, "Actual Min Total Time": 2898.206, "Actual Max Total Time": 2898.206, "Max Hash Buckets": 4194304, "Min Hash Buckets": 4194304, "Max Hash Batches": 1, "Min Hash Batches": 1, "Max Original Hash Batches": 1, "Min Original Hash Batches": 1, "Max Peak Memory Usage": 146514, "min Peak Memory Usage": 146514, "Plans": [{"Node Type": "Streaming(type: LOCAL GATHER dop: 1/64)", "Parent Relationship": "Outer", "Startup Cost": 0.0, "Total Cost": 150429.08, "Plan Rows": 4167490, "Plan Width": 4, "Actual Min Startup Time": 0.152, "Actual Max Startup Time": 0.152, "Actual Min Total Time": 1744.697, "Actual Max Total Time": 1744.697, "Plans": [{"Node Type": "Seq Scan", "Parent Relationship": "Outer", "Relation Name": "name", "Alias": "n1", "Startup Cost": 0.0, "Total Cost": 64454.25, "Plan Rows": 4167490, "Plan Width": 4, "Actual Min Startup Time": 0.018, "Actual Max Startup Time": 0.044, "Actual Min Total Time": 18.96, "Actual Max Total Time": 23.576, "Actual Rows": 4167490}], "Actual Rows": 4167490}], "Actual Rows": 4167490}], "Actual Rows": 901342}], "Actual Rows": 901342}, {"Node Type": "Hash", "Parent Relationship": "Inner", "Startup Cost": 203464.29, "Total Cost": 203464.29, "Plan Rows": 3296318, "Plan Width": 8, "Actual Min Startup Time": 251.014, "Actual Max Startup Time": 617.726, "Actual Min Total Time": 251.014, "Actual Max Total Time": 617.726, "Max Hash Buckets": 65536, "Min Hash Buckets": 65536, "Max Hash Batches": 1, "Min Hash Batches": 1, "Max Original Hash Batches": 1, "Min Original Hash Batches": 1, "Max Peak Memory Usage": 153, "min Peak Memory Usage": 153, "Plans": [{"Node Type": "Streaming(type: LOCAL REDISTRIBUTE dop: 64/64)", "Parent Relationship": "Outer", "Startup Cost": 63002.48, "Total Cost": 203464.29, "Plan Rows": 3296318, "Plan Width": 8, "Actual Min Startup Time": 0.126, "Actual Max Startup Time": 331.621, "Actual Min Total Time": 250.064, "Actual Max Total Time": 616.635, "Plans": [{"Node Type": "Hash Join", "Parent Relationship": "Outer", "Join Type": "Inner", "Startup Cost": 63002.48, "Total Cost": 137341.8, "Plan Rows": 3296318, "Plan Width": 8, "Actual Min Startup Time": 184.436, "Actual Max Startup Time": 286.242, "Actual Min Total Time": 231.359, "Actual Max Total Time": 286.242, "Inner Unique": true, "Hash Cond": "(ci.role_id = rt.id), (LLVM Optimized, Jit Execute)", "Plans": [{"Node Type": "Seq Scan", "Parent Relationship": "Outer", "Relation Name": "cast_info", "Alias": "ci", "Startup Cost": 0.0, "Total Cost": 72404.34, "Plan Rows": 36259494, "Plan Width": 12, "Actual Min Startup Time": 0.027, "Actual Max Startup Time": 0.061, "Actual Min Total Time": 127.977, "Actual Max Total Time": 141.649, "Actual Rows": 36244343}, {"Node Type": "Hash", "Parent Relationship": "Inner", "Startup Cost": 63002.47, "Total Cost": 63002.47, "Plan Rows": 64, "Plan Width": 4, "Actual Min Startup Time": 0.012, "Actual Max Startup Time": 54.189, "Actual Min Total Time": 0.012, "Actual Max Total Time": 54.189, "Max Hash Buckets": 32768, "Min Hash Buckets": 32768, "Max Hash Batches": 1, "Min Hash Batches": 1, "Max Original Hash Batches": 1, "Min Original Hash Batches": 1, "Max Peak Memory Usage": 1, "min Peak Memory Usage": 1, "Plans": [{"Node Type": "Streaming(type: BROADCAST dop: 64/1)", "Parent Relationship": "Outer", "Startup Cost": 0.0, "Total Cost": 63002.47, "Plan Rows": 64, "Plan Width": 4, "Actual Min Startup Time": 0.003, "Actual Max Startup Time": 54.169, "Actual Min Total Time": 0.004, "Actual Max Total Time": 54.17, "Plans": [{"Node Type": "Seq Scan", "Parent Relationship": "Outer", "Relation Name": "role_type", "Alias": "rt", "Startup Cost": 0.0, "Total Cost": 1.15, "Plan Rows": 1, "Plan Width": 4, "Actual Min Startup Time": 0.026, "Actual Max Startup Time": 0.026, "Actual Min Total Time": 0.03, "Actual Max Total Time": 0.03, "Filter": "((role)::text = 'costume designer'::text)", "Rows Removed by Filter": 11, "Actual Rows": 1}], "Actual Rows": 64}], "Actual Rows": 64}], "Actual Rows": 276403}], "Actual Rows": 276403}], "Actual Rows": 276403}], "Actual Rows": 218966}], "Actual Rows": 218966}, {"Node Type": "Hash", "Parent Relationship": "Inner", "Startup Cost": 169365.79, "Total Cost": 169365.79, "Plan Rows": 2609128, "Plan Width": 29, "Actual Min Startup Time": 5122.871, "Actual Max Startup Time": 5122.871, "Actual Min Total Time": 5122.871, "Actual Max Total Time": 5122.871, "Max Hash Buckets": 4194304, "Min Hash Buckets": 4194304, "Max Hash Batches": 1, "Min Hash Batches": 1, "Max Original Hash Batches": 1, "Min Original Hash Batches": 1, "Max Peak Memory Usage": 164769, "min Peak Memory Usage": 164769, "Plans": [{"Node Type": "Hash Join", "Parent Relationship": "Outer", "Join Type": "Inner", "Startup Cost": 91673.0, "Total Cost": 169365.79, "Plan Rows": 2609128, "Plan Width": 29, "Actual Min Startup Time": 1876.312, "Actual Max Startup Time": 1876.312, "Actual Min Total Time": 4112.233, "Actual Max Total Time": 4112.233, "Inner Unique": true, "Hash Cond": "(mc.movie_id = t.id), (LLVM Optimized, Jit Execute)", "Plans": [{"Node Type": "Seq Scan", "Parent Relationship": "Outer", "Relation Name": "movie_companies", "Alias": "mc", "Startup Cost": 0.0, "Total Cost": 41817.28, "Plan Rows": 2609128, "Plan Width": 8, "Actual Min Startup Time": 0.034, "Actual Max Startup Time": 0.034, "Actual Min Total Time": 589.387, "Actual Max Total Time": 589.387, "Actual Rows": 2609128}, {"Node Type": "Hash", "Parent Relationship": "Inner", "Startup Cost": 60069.11, "Total Cost": 60069.11, "Plan Rows": 2528311, "Plan Width": 21, "Actual Min Startup Time": 1873.717, "Actual Max Startup Time": 1873.717, "Actual Min Total Time": 1873.717, "Actual Max Total Time": 1873.717, "Max Hash Buckets": 4194304, "Min Hash Buckets": 4194304, "Max Hash Batches": 1, "Min Hash Batches": 1, "Max Original Hash Batches": 1, "Min Original Hash Batches": 1, "Max Peak Memory Usage": 135869, "min Peak Memory Usage": 135869, "Plans": [{"Node Type": "Seq Scan", "Parent Relationship": "Outer", "Relation Name": "title", "Alias": "t", "Startup Cost": 0.0, "Total Cost": 60069.11, "Plan Rows": 2528311, "Plan Width": 21, "Actual Min Startup Time": 0.031, "Actual Max Startup Time": 0.031, "Actual Min Total Time": 853.163, "Actual Max Total Time": 853.163, "Actual Rows": 2528311}], "Actual Rows": 2528311}], "Actual Rows": 2609128}], "Actual Rows": 2609128}], "Actual Rows": 752819}, {"Node Type": "Hash", "Parent Relationship": "Inner", "Startup Cost": 5903.45, "Total Cost": 5903.45, "Plan Rows": 85170, "Plan Width": 4, "Actual Min Startup Time": 118.572, "Actual Max Startup Time": 118.572, "Actual Min Total Time": 118.572, "Actual Max Total Time": 118.572, "Max Hash Buckets": 131072, "Min Hash Buckets": 131072, "Max Hash Batches": 1, "Min Hash Batches": 1, "Max Original Hash Batches": 1, "Min Original Hash Batches": 1, "Max Peak Memory Usage": 2983, "min Peak Memory Usage": 2983, "Plans": [{"Node Type": "Seq Scan", "Parent Relationship": "Outer", "Relation Name": "company_name", "Alias": "cn", "Startup Cost": 0.0, "Total Cost": 5903.45, "Plan Rows": 85170, "Plan Width": 4, "Actual Min Startup Time": 0.062, "Actual Max Startup Time": 0.062, "Actual Min Total Time": 96.64, "Actual Max Total Time": 96.64, "Filter": "((country_code)::text = '[us]'::text)", "Rows Removed by Filter": 150153, "Actual Rows": 84843}], "Actual Rows": 84843}], "Actual Rows": 323005}], "Actual Rows": 1}, "Triggers": [], "Planner Runtime": 175.338, "Total Runtime": 6911.384, "Unique SQL Id": 2457761703}}, "(64, '3')": {"explain_plan": {"Plan": {"Node Type": "Aggregate", "Strategy": "Plain", "Startup Cost": 1013578.73, "Total Cost": 1013578.74, "Plan Rows": 1, "Plan Width": 97, "Plans": [{"Node Type": "Hash Join", "Parent Relationship": "Outer", "Join Type": "Inner", "Startup Cost": 985285.55, "Total Cost": 1011793.24, "Plan Rows": 357098, "Plan Width": 33, "Inner Unique": false, "Hash Cond": "(an1.person_id = n1.id), (LLVM Optimized)", "Plans": [{"Node Type": "Bitmap Heap Scan", "Parent Relationship": "Outer", "Relation Name": "aka_name", "Alias": "an1", "Startup Cost": 16632.3, "Total Cost": 36540.72, "Plan Rows": 901342, "Plan Width": 20, "Plans": [{"Node Type": "Bitmap Index Scan", "Parent Relationship": "Outer", "Index Name": "person_id_aka_name", "Startup Cost": 0.0, "Total Cost": 16406.96, "Plan Rows": 901342, "Plan Width": 0}]}, {"Node Type": "Hash", "Parent Relationship": "Inner", "Startup Cost": 959772.51, "Total Cost": 959772.51, "Plan Rows": 710459, "Plan Width": 25, "Plans": [{"Node Type": "Hash Join", "Parent Relationship": "Outer", "Join Type": "Inner", "Startup Cost": 607483.06, "Total Cost": 959772.51, "Plan Rows": 710459, "Plan Width": 25, "Inner Unique": true, "Hash Cond": "(ci.person_id = n1.id), (LLVM Optimized)", "Plans": [{"Node Type": "Hash Join", "Parent Relationship": "Outer", "Join Type": "Inner", "Startup Cost": 378117.96, "Total Cost": 720638.61, "Plan Rows": 710459, "Plan Width": 21, "Inner Unique": false, "Hash Cond": "(ci.movie_id = t.id), (LLVM Optimized)", "Plans": [{"Node Type": "Nested Loop", "Parent Relationship": "Outer", "Join Type": "Inner", "Startup Cost": 76315.02, "Total Cost": 389769.33, "Plan Rows": 3296318, "Plan Width": 8, "Inner Unique": false, "Plans": [{"Node Type": "Bitmap Heap Scan", "Parent Relationship": "Outer", "Relation Name": "role_type", "Alias": "rt", "Startup Cost": 8.31, "Total Cost": 12.46, "Plan Rows": 1, "Plan Width": 4, "Filter": "((role)::text = 'costume designer'::text)", "Plans": [{"Node Type": "Bitmap Index Scan", "Parent Relationship": "Outer", "Index Name": "role_type_pkey", "Startup Cost": 0.0, "Total Cost": 8.31, "Plan Rows": 12, "Plan Width": 0}]}, {"Node Type": "Bitmap Heap Scan", "Parent Relationship": "Inner", "Relation Name": "cast_info", "Alias": "ci", "Startup Cost": 76306.71, "Total Cost": 356793.69, "Plan Rows": 3296318, "Plan Width": 12, "Recheck Cond": "(role_id = rt.id), (LLVM Optimized)", "Plans": [{"Node Type": "Bitmap Index Scan", "Parent Relationship": "Outer", "Index Name": "role_id_cast_info", "Startup Cost": 0.0, "Total Cost": 75482.63, "Plan Rows": 3296318, "Plan Width": 0, "Index Cond": "(role_id = rt.id)"}]}]}, {"Node Type": "Hash", "Parent Relationship": "Inner", "Startup Cost": 285774.05, "Total Cost": 285774.05, "Plan Rows": 1282311, "Plan Width": 25, "Plans": [{"Node Type": "Hash Join", "Parent Relationship": "Outer", "Join Type": "Inner", "Startup Cost": 203717.65, "Total Cost": 285774.05, "Plan Rows": 1282311, "Plan Width": 25, "Inner Unique": true, "Hash Cond": "(mc.movie_id = t.id), (LLVM Optimized)", "Plans": [{"Node Type": "Hash Join", "Parent Relationship": "Outer", "Join Type": "Inner", "Startup Cost": 61758.77, "Total Cost": 126183.39, "Plan Rows": 1282311, "Plan Width": 4, "Inner Unique": true, "Hash Cond": "(mc.company_id = cn.id), (LLVM Optimized)", "Plans": [{"Node Type": "Bitmap Heap Scan", "Parent Relationship": "Outer", "Relation Name": "movie_companies", "Alias": "mc", "Startup Cost": 51990.17, "Total Cost": 93807.45, "Plan Rows": 2609128, "Plan Width": 8, "Plans": [{"Node Type": "Bitmap Index Scan", "Parent Relationship": "Outer", "Index Name": "movie_id_movie_companies", "Startup Cost": 0.0, "Total Cost": 51337.89, "Plan Rows": 2609128, "Plan Width": 0}]}, {"Node Type": "Hash", "Parent Relationship": "Inner", "Startup Cost": 8703.97, "Total Cost": 8703.97, "Plan Rows": 85170, "Plan Width": 4, "Plans": [{"Node Type": "Bitmap Heap Scan", "Parent Relationship": "Outer", "Relation Name": "company_name", "Alias": "cn", "Startup Cost": 2800.52, "Total Cost": 8703.97, "Plan Rows": 85170, "Plan Width": 4, "Filter": "((country_code)::text = '[us]'::text)", "Plans": [{"Node Type": "Bitmap Index Scan", "Parent Relationship": "Outer", "Index Name": "company_name_pkey", "Startup Cost": 0.0, "Total Cost": 2779.23, "Plan Rows": 234996, "Plan Width": 0}]}]}]}, {"Node Type": "Hash", "Parent Relationship": "Inner", "Startup Cost": 110354.99, "Total Cost": 110354.99, "Plan Rows": 2528311, "Plan Width": 21, "Plans": [{"Node Type": "Bitmap Heap Scan", "Parent Relationship": "Outer", "Relation Name": "title", "Alias": "t", "Startup Cost": 50285.88, "Total Cost": 110354.99, "Plan Rows": 2528311, "Plan Width": 21, "Plans": [{"Node Type": "Bitmap Index Scan", "Parent Relationship": "Outer", "Index Name": "title_pkey", "Startup Cost": 0.0, "Total Cost": 49653.81, "Plan Rows": 2528311, "Plan Width": 0}]}]}]}]}]}, {"Node Type": "Hash", "Parent Relationship": "Inner", "Startup Cost": 177271.47, "Total Cost": 177271.47, "Plan Rows": 4167490, "Plan Width": 4, "Plans": [{"Node Type": "Bitmap Heap Scan", "Parent Relationship": "Outer", "Relation Name": "name", "Alias": "n1", "Startup Cost": 84199.57, "Total Cost": 177271.47, "Plan Rows": 4167490, "Plan Width": 4, "Plans": [{"Node Type": "Bitmap Index Scan", "Parent Relationship": "Outer", "Index Name": "name_pkey", "Startup Cost": 0.0, "Total Cost": 83157.7, "Plan Rows": 4167490, "Plan Width": 0}]}]}]}]}]}]}, "Unique SQL Id": 2457761703, "Planner Runtime": 73}, "explain_analyze_plan": {"Plan": {"Node Type": "Aggregate", "Strategy": "Plain", "Startup Cost": 1013578.73, "Total Cost": 1013578.74, "Plan Rows": 1, "Plan Width": 97, "Actual Startup Time": 11264.918, "Actual Total Time": 11264.918, "Actual Rows": 1, "Actual Loops": 1, "Plans": [{"Node Type": "Hash Join", "Parent Relationship": "Outer", "Join Type": "Inner", "Startup Cost": 985285.55, "Total Cost": 1011793.24, "Plan Rows": 357098, "Plan Width": 33, "Actual Startup Time": 10449.451, "Actual Total Time": 11120.29, "Actual Rows": 323005, "Actual Loops": 1, "Inner Unique": false, "Hash Cond": "(an1.person_id = n1.id), (LLVM Optimized, Jit Execute)", "Plans": [{"Node Type": "Bitmap Heap Scan", "Parent Relationship": "Outer", "Relation Name": "aka_name", "Alias": "an1", "Startup Cost": 16632.3, "Total Cost": 36540.72, "Plan Rows": 901342, "Plan Width": 20, "Actual Startup Time": 86.655, "Actual Total Time": 456.24, "Actual Rows": 901342, "Actual Loops": 1, "Exact Heap Blocks": 10895, "Lossy Heap Blocks": 10895, "Plans": [{"Node Type": "Bitmap Index Scan", "Parent Relationship": "Outer", "Index Name": "person_id_aka_name", "Startup Cost": 0.0, "Total Cost": 16406.96, "Plan Rows": 901342, "Plan Width": 0, "Actual Startup Time": 84.727, "Actual Total Time": 84.727, "Actual Rows": 901342, "Actual Loops": 1}]}, {"Node Type": "Hash", "Parent Relationship": "Inner", "Startup Cost": 959772.51, "Total Cost": 959772.51, "Plan Rows": 710459, "Plan Width": 25, "Actual Startup Time": 10352.095, "Actual Total Time": 10352.095, "Actual Rows": 285537, "Actual Loops": 1, "Hash Buckets": 1048576, "Hash Batches": 1, "Original Hash Batches": 1, "Peak Memory Usage": 15952, "Plans": [{"Node Type": "Hash Join", "Parent Relationship": "Outer", "Join Type": "Inner", "Startup Cost": 607483.06, "Total Cost": 959772.51, "Plan Rows": 710459, "Plan Width": 25, "Actual Startup Time": 9843.537, "Actual Total Time": 10265.582, "Actual Rows": 285537, "Actual Loops": 1, "Inner Unique": true, "Hash Cond": "(ci.person_id = n1.id), (LLVM Optimized, Jit Execute)", "Plans": [{"Node Type": "Hash Join", "Parent Relationship": "Outer", "Join Type": "Inner", "Startup Cost": 378117.96, "Total Cost": 720638.61, "Plan Rows": 710459, "Plan Width": 21, "Actual Startup Time": 5910.918, "Actual Total Time": 6214.846, "Actual Rows": 285537, "Actual Loops": 1, "Inner Unique": false, "Hash Cond": "(ci.movie_id = t.id), (LLVM Optimized, Jit Execute)", "Plans": [{"Node Type": "Nested Loop", "Parent Relationship": "Outer", "Join Type": "Inner", "Startup Cost": 76315.02, "Total Cost": 389769.33, "Plan Rows": 3296318, "Plan Width": 8, "Actual Startup Time": 31.082, "Actual Total Time": 165.745, "Actual Rows": 276403, "Actual Loops": 1, "Inner Unique": false, "Plans": [{"Node Type": "Bitmap Heap Scan", "Parent Relationship": "Outer", "Relation Name": "role_type", "Alias": "rt", "Startup Cost": 8.31, "Total Cost": 12.46, "Plan Rows": 1, "Plan Width": 4, "Actual Startup Time": 0.193, "Actual Total Time": 0.203, "Actual Rows": 1, "Actual Loops": 1, "Filter": "((role)::text = 'costume designer'::text)", "Rows Removed by Filter": 11, "Exact Heap Blocks": 1, "Lossy Heap Blocks": 1, "Plans": [{"Node Type": "Bitmap Index Scan", "Parent Relationship": "Outer", "Index Name": "role_type_pkey", "Startup Cost": 0.0, "Total Cost": 8.31, "Plan Rows": 12, "Plan Width": 0, "Actual Startup Time": 0.039, "Actual Total Time": 0.039, "Actual Rows": 12, "Actual Loops": 1}]}, {"Node Type": "Bitmap Heap Scan", "Parent Relationship": "Inner", "Relation Name": "cast_info", "Alias": "ci", "Startup Cost": 76306.71, "Total Cost": 356793.69, "Plan Rows": 3296318, "Plan Width": 12, "Actual Startup Time": 30.799, "Actual Total Time": 115.725, "Actual Rows": 276403, "Actual Loops": 1, "Recheck Cond": "(role_id = rt.id), (LLVM Optimized, Jit Execute)", "Rows Removed by Index Recheck": 0, "Exact Heap Blocks": 1654, "Lossy Heap Blocks": 1654, "Plans": [{"Node Type": "Bitmap Index Scan", "Parent Relationship": "Outer", "Index Name": "role_id_cast_info", "Startup Cost": 0.0, "Total Cost": 75482.63, "Plan Rows": 3296318, "Plan Width": 0, "Actual Startup Time": 30.445, "Actual Total Time": 30.445, "Actual Rows": 276403, "Actual Loops": 1, "Index Cond": "(role_id = rt.id)"}]}]}, {"Node Type": "Hash", "Parent Relationship": "Inner", "Startup Cost": 285774.05, "Total Cost": 285774.05, "Plan Rows": 1282311, "Plan Width": 25, "Actual Startup Time": 5872.757, "Actual Total Time": 5872.757, "Actual Rows": 1153797, "Actual Loops": 1, "Hash Buckets": 2097152, "Hash Batches": 1, "Original Hash Batches": 1, "Peak Memory Usage": 68508, "Plans": [{"Node Type": "Hash Join", "Parent Relationship": "Outer", "Join Type": "Inner", "Startup Cost": 203717.65, "Total Cost": 285774.05, "Plan Rows": 1282311, "Plan Width": 25, "Actual Startup Time": 2870.037, "Actual Total Time": 5345.899, "Actual Rows": 1153797, "Actual Loops": 1, "Inner Unique": true, "Hash Cond": "(mc.movie_id = t.id), (LLVM Optimized, Jit Execute)", "Plans": [{"Node Type": "Hash Join", "Parent Relationship": "Outer", "Join Type": "Inner", "Startup Cost": 61758.77, "Total Cost": 126183.39, "Plan Rows": 1282311, "Plan Width": 4, "Actual Startup Time": 407.486, "Actual Total Time": 2061.138, "Actual Rows": 1153797, "Actual Loops": 1, "Inner Unique": true, "Hash Cond": "(mc.company_id = cn.id), (LLVM Optimized, Jit Execute)", "Plans": [{"Node Type": "Bitmap Heap Scan", "Parent Relationship": "Outer", "Relation Name": "movie_companies", "Alias": "mc", "Startup Cost": 51990.17, "Total Cost": 93807.45, "Plan Rows": 2609128, "Plan Width": 8, "Actual Startup Time": 218.976, "Actual Total Time": 1032.887, "Actual Rows": 2609128, "Actual Loops": 1, "Exact Heap Blocks": 15726, "Lossy Heap Blocks": 15726, "Plans": [{"Node Type": "Bitmap Index Scan", "Parent Relationship": "Outer", "Index Name": "movie_id_movie_companies", "Startup Cost": 0.0, "Total Cost": 51337.89, "Plan Rows": 2609128, "Plan Width": 0, "Actual Startup Time": 215.319, "Actual Total Time": 215.319, "Actual Rows": 2609128, "Actual Loops": 1}]}, {"Node Type": "Hash", "Parent Relationship": "Inner", "Startup Cost": 8703.97, "Total Cost": 8703.97, "Plan Rows": 85170, "Plan Width": 4, "Actual Startup Time": 188.354, "Actual Total Time": 188.354, "Actual Rows": 84843, "Actual Loops": 1, "Hash Buckets": 131072, "Hash Batches": 1, "Original Hash Batches": 1, "Peak Memory Usage": 2983, "Plans": [{"Node Type": "Bitmap Heap Scan", "Parent Relationship": "Outer", "Relation Name": "company_name", "Alias": "cn", "Startup Cost": 2800.52, "Total Cost": 8703.97, "Plan Rows": 85170, "Plan Width": 4, "Actual Startup Time": 23.217, "Actual Total Time": 166.474, "Actual Rows": 84843, "Actual Loops": 1, "Filter": "((country_code)::text = '[us]'::text)", "Rows Removed by Filter": 150153, "Exact Heap Blocks": 2966, "Lossy Heap Blocks": 2966, "Plans": [{"Node Type": "Bitmap Index Scan", "Parent Relationship": "Outer", "Index Name": "company_name_pkey", "Startup Cost": 0.0, "Total Cost": 2779.23, "Plan Rows": 234996, "Plan Width": 0, "Actual Startup Time": 22.756, "Actual Total Time": 22.756, "Actual Rows": 234996, "Actual Loops": 1}]}]}]}, {"Node Type": "Hash", "Parent Relationship": "Inner", "Startup Cost": 110354.99, "Total Cost": 110354.99, "Plan Rows": 2528311, "Plan Width": 21, "Actual Startup Time": 2460.02, "Actual Total Time": 2460.02, "Actual Rows": 2528311, "Actual Loops": 1, "Hash Buckets": 4194304, "Hash Batches": 1, "Original Hash Batches": 1, "Peak Memory Usage": 135869, "Plans": [{"Node Type": "Bitmap Heap Scan", "Parent Relationship": "Outer", "Relation Name": "title", "Alias": "t", "Startup Cost": 50285.88, "Total Cost": 110354.99, "Plan Rows": 2528311, "Plan Width": 21, "Actual Startup Time": 309.032, "Actual Total Time": 1577.676, "Actual Rows": 2528311, "Actual Loops": 1, "Exact Heap Blocks": 34786, "Lossy Heap Blocks": 34786, "Plans": [{"Node Type": "Bitmap Index Scan", "Parent Relationship": "Outer", "Index Name": "title_pkey", "Startup Cost": 0.0, "Total Cost": 49653.81, "Plan Rows": 2528311, "Plan Width": 0, "Actual Startup Time": 301.267, "Actual Total Time": 301.267, "Actual Rows": 2528311, "Actual Loops": 1}]}]}]}]}]}, {"Node Type": "Hash", "Parent Relationship": "Inner", "Startup Cost": 177271.47, "Total Cost": 177271.47, "Plan Rows": 4167490, "Plan Width": 4, "Actual Startup Time": 3930.097, "Actual Total Time": 3930.097, "Actual Rows": 4167490, "Actual Loops": 1, "Hash Buckets": 4194304, "Hash Batches": 1, "Original Hash Batches": 1, "Peak Memory Usage": 146514, "Plans": [{"Node Type": "Bitmap Heap Scan", "Parent Relationship": "Outer", "Relation Name": "name", "Alias": "n1", "Startup Cost": 84199.57, "Total Cost": 177271.47, "Plan Rows": 4167490, "Plan Width": 4, "Actual Startup Time": 388.385, "Actual Total Time": 2366.077, "Actual Rows": 4167490, "Actual Loops": 1, "Exact Heap Blocks": 51397, "Lossy Heap Blocks": 51397, "Plans": [{"Node Type": "Bitmap Index Scan", "Parent Relationship": "Outer", "Index Name": "name_pkey", "Startup Cost": 0.0, "Total Cost": 83157.7, "Plan Rows": 4167490, "Plan Width": 0, "Actual Startup Time": 376.574, "Actual Total Time": 376.574, "Actual Rows": 4167490, "Actual Loops": 1}]}]}]}]}]}]}, "Triggers": [], "Planner Runtime": 72.542, "Total Runtime": 11277.09, "Unique SQL Id": 2457761703}}, "(64, '4')": {"explain_plan": {"Plan": {"Node Type": "Aggregate", "Strategy": "Plain", "Startup Cost": 528738.29, "Total Cost": 528738.3, "Plan Rows": 1, "Plan Width": 97, "Plans": [{"Node Type": "Hash Join", "Parent Relationship": "Outer", "Join Type": "Inner", "Startup Cost": 336662.4, "Total Cost": 526952.8, "Plan Rows": 357098, "Plan Width": 33, "Inner Unique": true, "Hash Cond": "(mc.company_id = cn.id), (LLVM Optimized)", "Plans": [{"Node Type": "Hash Join", "Parent Relationship": "Outer", "Join Type": "Inner", "Startup Cost": 329694.33, "Total Cost": 513689.03, "Plan Rows": 726589, "Plan Width": 37, "Inner Unique": false, "Hash Cond": "(ci.movie_id = t.id), (LLVM Optimized)", "Plans": [{"Node Type": "Streaming(type: LOCAL GATHER dop: 1/64)", "Parent Relationship": "Outer", "Startup Cost": 254738.78, "Total Cost": 417857.9, "Plan Rows": 1484588, "Plan Width": 20, "Plans": [{"Node Type": "Hash Join", "Parent Relationship": "Outer", "Join Type": "Inner", "Startup Cost": 254738.78, "Total Cost": 387231.02, "Plan Rows": 1484588, "Plan Width": 20, "Inner Unique": false, "Hash Cond": "(an1.person_id = ci.person_id), (LLVM Optimized)", "Plans": [{"Node Type": "Streaming(type: LOCAL REDISTRIBUTE dop: 64/1)", "Parent Relationship": "Outer", "Startup Cost": 202522.7, "Total Cost": 334446.0, "Plan Rows": 901342, "Plan Width": 24, "Plans": [{"Node Type": "Hash Join", "Parent Relationship": "Outer", "Join Type": "Inner", "Startup Cost": 202522.7, "Total Cost": 234824.58, "Plan Rows": 901342, "Plan Width": 24, "Inner Unique": true, "Hash Cond": "(an1.person_id = n1.id), (LLVM Optimized)", "Plans": [{"Node Type": "Seq Scan", "Parent Relationship": "Outer", "Relation Name": "aka_name", "Alias": "an1", "Startup Cost": 0.0, "Total Cost": 19908.42, "Plan Rows": 901342, "Plan Width": 20}, {"Node Type": "Hash", "Parent Relationship": "Inner", "Startup Cost": 150429.08, "Total Cost": 150429.08, "Plan Rows": 4167490, "Plan Width": 4, "Plans": [{"Node Type": "Streaming(type: LOCAL GATHER dop: 1/64)", "Parent Relationship": "Outer", "Startup Cost": 0.0, "Total Cost": 150429.08, "Plan Rows": 4167490, "Plan Width": 4, "Plans": [{"Node Type": "Seq Scan", "Parent Relationship": "Outer", "Relation Name": "name", "Alias": "n1", "Startup Cost": 0.0, "Total Cost": 64454.25, "Plan Rows": 4167490, "Plan Width": 4}]}]}]}]}, {"Node Type": "Hash", "Parent Relationship": "Inner", "Startup Cost": 203464.29, "Total Cost": 203464.29, "Plan Rows": 3296318, "Plan Width": 8, "Plans": [{"Node Type": "Streaming(type: LOCAL REDISTRIBUTE dop: 64/64)", "Parent Relationship": "Outer", "Startup Cost": 63002.48, "Total Cost": 203464.29, "Plan Rows": 3296318, "Plan Width": 8, "Plans": [{"Node Type": "Hash Join", "Parent Relationship": "Outer", "Join Type": "Inner", "Startup Cost": 63002.48, "Total Cost": 137341.8, "Plan Rows": 3296318, "Plan Width": 8, "Inner Unique": true, "Hash Cond": "(ci.role_id = rt.id), (LLVM Optimized)", "Plans": [{"Node Type": "Seq Scan", "Parent Relationship": "Outer", "Relation Name": "cast_info", "Alias": "ci", "Startup Cost": 0.0, "Total Cost": 72404.34, "Plan Rows": 36259494, "Plan Width": 12}, {"Node Type": "Hash", "Parent Relationship": "Inner", "Startup Cost": 63002.47, "Total Cost": 63002.47, "Plan Rows": 64, "Plan Width": 4, "Plans": [{"Node Type": "Streaming(type: BROADCAST dop: 64/1)", "Parent Relationship": "Outer", "Startup Cost": 0.0, "Total Cost": 63002.47, "Plan Rows": 64, "Plan Width": 4, "Plans": [{"Node Type": "Seq Scan", "Parent Relationship": "Outer", "Relation Name": "role_type", "Alias": "rt", "Startup Cost": 0.0, "Total Cost": 1.15, "Plan Rows": 1, "Plan Width": 4, "Filter": "((role)::text = 'costume designer'::text)"}]}]}]}]}]}]}]}, {"Node Type": "Hash", "Parent Relationship": "Inner", "Startup Cost": 169365.79, "Total Cost": 169365.79, "Plan Rows": 2609128, "Plan Width": 29, "Plans": [{"Node Type": "Hash Join", "Parent Relationship": "Outer", "Join Type": "Inner", "Startup Cost": 91673.0, "Total Cost": 169365.79, "Plan Rows": 2609128, "Plan Width": 29, "Inner Unique": true, "Hash Cond": "(mc.movie_id = t.id), (LLVM Optimized)", "Plans": [{"Node Type": "Seq Scan", "Parent Relationship": "Outer", "Relation Name": "movie_companies", "Alias": "mc", "Startup Cost": 0.0, "Total Cost": 41817.28, "Plan Rows": 2609128, "Plan Width": 8}, {"Node Type": "Hash", "Parent Relationship": "Inner", "Startup Cost": 60069.11, "Total Cost": 60069.11, "Plan Rows": 2528311, "Plan Width": 21, "Plans": [{"Node Type": "Seq Scan", "Parent Relationship": "Outer", "Relation Name": "title", "Alias": "t", "Startup Cost": 0.0, "Total Cost": 60069.11, "Plan Rows": 2528311, "Plan Width": 21}]}]}]}]}, {"Node Type": "Hash", "Parent Relationship": "Inner", "Startup Cost": 5903.45, "Total Cost": 5903.45, "Plan Rows": 85170, "Plan Width": 4, "Plans": [{"Node Type": "Seq Scan", "Parent Relationship": "Outer", "Relation Name": "company_name", "Alias": "cn", "Startup Cost": 0.0, "Total Cost": 5903.45, "Plan Rows": 85170, "Plan Width": 4, "Filter": "((country_code)::text = '[us]'::text)"}]}]}]}, "Unique SQL Id": 2457761703, "Planner Runtime": 180}, "explain_analyze_plan": {"Plan": {"Node Type": "Aggregate", "Strategy": "Plain", "Startup Cost": 528738.29, "Total Cost": 528738.3, "Plan Rows": 1, "Plan Width": 97, "Actual Min Startup Time": 6856.27, "Actual Max Startup Time": 6856.27, "Actual Min Total Time": 6856.271, "Actual Max Total Time": 6856.271, "Plans": [{"Node Type": "Hash Join", "Parent Relationship": "Outer", "Join Type": "Inner", "Startup Cost": 336662.4, "Total Cost": 526952.8, "Plan Rows": 357098, "Plan Width": 33, "Actual Min Startup Time": 5249.401, "Actual Max Startup Time": 5249.401, "Actual Min Total Time": 6705.964, "Actual Max Total Time": 6705.964, "Inner Unique": true, "Hash Cond": "(mc.company_id = cn.id), (LLVM Optimized, Jit Execute)", "Plans": [{"Node Type": "Hash Join", "Parent Relationship": "Outer", "Join Type": "Inner", "Startup Cost": 329694.33, "Total Cost": 513689.03, "Plan Rows": 726589, "Plan Width": 37, "Actual Min Startup Time": 5130.68, "Actual Max Startup Time": 5130.68, "Actual Min Total Time": 6388.767, "Actual Max Total Time": 6388.767, "Inner Unique": false, "Hash Cond": "(ci.movie_id = t.id), (LLVM Optimized, Jit Execute)", "Plans": [{"Node Type": "Streaming(type: LOCAL GATHER dop: 1/64)", "Parent Relationship": "Outer", "Startup Cost": 254738.78, "Total Cost": 417857.9, "Plan Rows": 1484588, "Plan Width": 20, "Actual Min Startup Time": 0.186, "Actual Max Startup Time": 0.186, "Actual Min Total Time": 983.556, "Actual Max Total Time": 983.556, "Plans": [{"Node Type": "Hash Join", "Parent Relationship": "Outer", "Join Type": "Inner", "Startup Cost": 254738.78, "Total Cost": 387231.02, "Plan Rows": 1484588, "Plan Width": 20, "Actual Min Startup Time": 2904.02, "Actual Max Startup Time": 5001.056, "Actual Min Total Time": 4507.096, "Actual Max Total Time": 6552.353, "Inner Unique": false, "Hash Cond": "(an1.person_id = ci.person_id), (LLVM Optimized, Jit Execute)", "Plans": [{"Node Type": "Streaming(type: LOCAL REDISTRIBUTE dop: 64/1)", "Parent Relationship": "Outer", "Startup Cost": 202522.7, "Total Cost": 334446.0, "Plan Rows": 901342, "Plan Width": 24, "Actual Min Startup Time": 2648.309, "Actual Max Startup Time": 2658.987, "Actual Min Total Time": 4210.018, "Actual Max Total Time": 5937.182, "Plans": [{"Node Type": "Hash Join", "Parent Relationship": "Outer", "Join Type": "Inner", "Startup Cost": 202522.7, "Total Cost": 234824.58, "Plan Rows": 901342, "Plan Width": 24, "Actual Min Startup Time": 2900.815, "Actual Max Startup Time": 2900.815, "Actual Min Total Time": 3642.451, "Actual Max Total Time": 3642.451, "Inner Unique": true, "Hash Cond": "(an1.person_id = n1.id), (LLVM Optimized, Jit Execute)", "Plans": [{"Node Type": "Seq Scan", "Parent Relationship": "Outer", "Relation Name": "aka_name", "Alias": "an1", "Startup Cost": 0.0, "Total Cost": 19908.42, "Plan Rows": 901342, "Plan Width": 20, "Actual Min Startup Time": 0.033, "Actual Max Startup Time": 0.033, "Actual Min Total Time": 226.164, "Actual Max Total Time": 226.164, "Actual Rows": 901342}, {"Node Type": "Hash", "Parent Relationship": "Inner", "Startup Cost": 150429.08, "Total Cost": 150429.08, "Plan Rows": 4167490, "Plan Width": 4, "Actual Min Startup Time": 2898.206, "Actual Max Startup Time": 2898.206, "Actual Min Total Time": 2898.206, "Actual Max Total Time": 2898.206, "Max Hash Buckets": 4194304, "Min Hash Buckets": 4194304, "Max Hash Batches": 1, "Min Hash Batches": 1, "Max Original Hash Batches": 1, "Min Original Hash Batches": 1, "Max Peak Memory Usage": 146514, "min Peak Memory Usage": 146514, "Plans": [{"Node Type": "Streaming(type: LOCAL GATHER dop: 1/64)", "Parent Relationship": "Outer", "Startup Cost": 0.0, "Total Cost": 150429.08, "Plan Rows": 4167490, "Plan Width": 4, "Actual Min Startup Time": 0.152, "Actual Max Startup Time": 0.152, "Actual Min Total Time": 1744.697, "Actual Max Total Time": 1744.697, "Plans": [{"Node Type": "Seq Scan", "Parent Relationship": "Outer", "Relation Name": "name", "Alias": "n1", "Startup Cost": 0.0, "Total Cost": 64454.25, "Plan Rows": 4167490, "Plan Width": 4, "Actual Min Startup Time": 0.018, "Actual Max Startup Time": 0.044, "Actual Min Total Time": 18.96, "Actual Max Total Time": 23.576, "Actual Rows": 4167490}], "Actual Rows": 4167490}], "Actual Rows": 4167490}], "Actual Rows": 901342}], "Actual Rows": 901342}, {"Node Type": "Hash", "Parent Relationship": "Inner", "Startup Cost": 203464.29, "Total Cost": 203464.29, "Plan Rows": 3296318, "Plan Width": 8, "Actual Min Startup Time": 251.014, "Actual Max Startup Time": 617.726, "Actual Min Total Time": 251.014, "Actual Max Total Time": 617.726, "Max Hash Buckets": 65536, "Min Hash Buckets": 65536, "Max Hash Batches": 1, "Min Hash Batches": 1, "Max Original Hash Batches": 1, "Min Original Hash Batches": 1, "Max Peak Memory Usage": 153, "min Peak Memory Usage": 153, "Plans": [{"Node Type": "Streaming(type: LOCAL REDISTRIBUTE dop: 64/64)", "Parent Relationship": "Outer", "Startup Cost": 63002.48, "Total Cost": 203464.29, "Plan Rows": 3296318, "Plan Width": 8, "Actual Min Startup Time": 0.126, "Actual Max Startup Time": 331.621, "Actual Min Total Time": 250.064, "Actual Max Total Time": 616.635, "Plans": [{"Node Type": "Hash Join", "Parent Relationship": "Outer", "Join Type": "Inner", "Startup Cost": 63002.48, "Total Cost": 137341.8, "Plan Rows": 3296318, "Plan Width": 8, "Actual Min Startup Time": 184.436, "Actual Max Startup Time": 286.242, "Actual Min Total Time": 231.359, "Actual Max Total Time": 286.242, "Inner Unique": true, "Hash Cond": "(ci.role_id = rt.id), (LLVM Optimized, Jit Execute)", "Plans": [{"Node Type": "Seq Scan", "Parent Relationship": "Outer", "Relation Name": "cast_info", "Alias": "ci", "Startup Cost": 0.0, "Total Cost": 72404.34, "Plan Rows": 36259494, "Plan Width": 12, "Actual Min Startup Time": 0.027, "Actual Max Startup Time": 0.061, "Actual Min Total Time": 127.977, "Actual Max Total Time": 141.649, "Actual Rows": 36244343}, {"Node Type": "Hash", "Parent Relationship": "Inner", "Startup Cost": 63002.47, "Total Cost": 63002.47, "Plan Rows": 64, "Plan Width": 4, "Actual Min Startup Time": 0.012, "Actual Max Startup Time": 54.189, "Actual Min Total Time": 0.012, "Actual Max Total Time": 54.189, "Max Hash Buckets": 32768, "Min Hash Buckets": 32768, "Max Hash Batches": 1, "Min Hash Batches": 1, "Max Original Hash Batches": 1, "Min Original Hash Batches": 1, "Max Peak Memory Usage": 1, "min Peak Memory Usage": 1, "Plans": [{"Node Type": "Streaming(type: BROADCAST dop: 64/1)", "Parent Relationship": "Outer", "Startup Cost": 0.0, "Total Cost": 63002.47, "Plan Rows": 64, "Plan Width": 4, "Actual Min Startup Time": 0.003, "Actual Max Startup Time": 54.169, "Actual Min Total Time": 0.004, "Actual Max Total Time": 54.17, "Plans": [{"Node Type": "Seq Scan", "Parent Relationship": "Outer", "Relation Name": "role_type", "Alias": "rt", "Startup Cost": 0.0, "Total Cost": 1.15, "Plan Rows": 1, "Plan Width": 4, "Actual Min Startup Time": 0.026, "Actual Max Startup Time": 0.026, "Actual Min Total Time": 0.03, "Actual Max Total Time": 0.03, "Filter": "((role)::text = 'costume designer'::text)", "Rows Removed by Filter": 11, "Actual Rows": 1}], "Actual Rows": 64}], "Actual Rows": 64}], "Actual Rows": 276403}], "Actual Rows": 276403}], "Actual Rows": 276403}], "Actual Rows": 218966}], "Actual Rows": 218966}, {"Node Type": "Hash", "Parent Relationship": "Inner", "Startup Cost": 169365.79, "Total Cost": 169365.79, "Plan Rows": 2609128, "Plan Width": 29, "Actual Min Startup Time": 5122.871, "Actual Max Startup Time": 5122.871, "Actual Min Total Time": 5122.871, "Actual Max Total Time": 5122.871, "Max Hash Buckets": 4194304, "Min Hash Buckets": 4194304, "Max Hash Batches": 1, "Min Hash Batches": 1, "Max Original Hash Batches": 1, "Min Original Hash Batches": 1, "Max Peak Memory Usage": 164769, "min Peak Memory Usage": 164769, "Plans": [{"Node Type": "Hash Join", "Parent Relationship": "Outer", "Join Type": "Inner", "Startup Cost": 91673.0, "Total Cost": 169365.79, "Plan Rows": 2609128, "Plan Width": 29, "Actual Min Startup Time": 1876.312, "Actual Max Startup Time": 1876.312, "Actual Min Total Time": 4112.233, "Actual Max Total Time": 4112.233, "Inner Unique": true, "Hash Cond": "(mc.movie_id = t.id), (LLVM Optimized, Jit Execute)", "Plans": [{"Node Type": "Seq Scan", "Parent Relationship": "Outer", "Relation Name": "movie_companies", "Alias": "mc", "Startup Cost": 0.0, "Total Cost": 41817.28, "Plan Rows": 2609128, "Plan Width": 8, "Actual Min Startup Time": 0.034, "Actual Max Startup Time": 0.034, "Actual Min Total Time": 589.387, "Actual Max Total Time": 589.387, "Actual Rows": 2609128}, {"Node Type": "Hash", "Parent Relationship": "Inner", "Startup Cost": 60069.11, "Total Cost": 60069.11, "Plan Rows": 2528311, "Plan Width": 21, "Actual Min Startup Time": 1873.717, "Actual Max Startup Time": 1873.717, "Actual Min Total Time": 1873.717, "Actual Max Total Time": 1873.717, "Max Hash Buckets": 4194304, "Min Hash Buckets": 4194304, "Max Hash Batches": 1, "Min Hash Batches": 1, "Max Original Hash Batches": 1, "Min Original Hash Batches": 1, "Max Peak Memory Usage": 135869, "min Peak Memory Usage": 135869, "Plans": [{"Node Type": "Seq Scan", "Parent Relationship": "Outer", "Relation Name": "title", "Alias": "t", "Startup Cost": 0.0, "Total Cost": 60069.11, "Plan Rows": 2528311, "Plan Width": 21, "Actual Min Startup Time": 0.031, "Actual Max Startup Time": 0.031, "Actual Min Total Time": 853.163, "Actual Max Total Time": 853.163, "Actual Rows": 2528311}], "Actual Rows": 2528311}], "Actual Rows": 2609128}], "Actual Rows": 2609128}], "Actual Rows": 752819}, {"Node Type": "Hash", "Parent Relationship": "Inner", "Startup Cost": 5903.45, "Total Cost": 5903.45, "Plan Rows": 85170, "Plan Width": 4, "Actual Min Startup Time": 118.572, "Actual Max Startup Time": 118.572, "Actual Min Total Time": 118.572, "Actual Max Total Time": 118.572, "Max Hash Buckets": 131072, "Min Hash Buckets": 131072, "Max Hash Batches": 1, "Min Hash Batches": 1, "Max Original Hash Batches": 1, "Min Original Hash Batches": 1, "Max Peak Memory Usage": 2983, "min Peak Memory Usage": 2983, "Plans": [{"Node Type": "Seq Scan", "Parent Relationship": "Outer", "Relation Name": "company_name", "Alias": "cn", "Startup Cost": 0.0, "Total Cost": 5903.45, "Plan Rows": 85170, "Plan Width": 4, "Actual Min Startup Time": 0.062, "Actual Max Startup Time": 0.062, "Actual Min Total Time": 96.64, "Actual Max Total Time": 96.64, "Filter": "((country_code)::text = '[us]'::text)", "Rows Removed by Filter": 150153, "Actual Rows": 84843}], "Actual Rows": 84843}], "Actual Rows": 323005}], "Actual Rows": 1}, "Triggers": [], "Planner Runtime": 175.338, "Total Runtime": 6911.384, "Unique SQL Id": 2457761703}}, "(64, '5')": {"explain_plan": {"Plan": {"Node Type": "Aggregate", "Strategy": "Plain", "Startup Cost": 744774.62, "Total Cost": 744774.63, "Plan Rows": 1, "Plan Width": 97, "Plans": [{"Node Type": "Nested Loop", "Parent Relationship": "Outer", "Join Type": "Inner", "Startup Cost": 571103.99, "Total Cost": 742989.13, "Plan Rows": 357098, "Plan Width": 33, "Inner Unique": true, "Join Filter": "(an1.person_id = n1.id), (LLVM Optimized)", "Plans": [{"Node Type": "Merge Join", "Parent Relationship": "Outer", "Join Type": "Inner", "Startup Cost": 571103.99, "Total Cost": 639470.48, "Plan Rows": 357098, "Plan Width": 41, "Inner Unique": false, "Merge Cond": "(an1.person_id = ci.person_id)", "Plans": [{"Node Type": "Index Scan", "Parent Relationship": "Outer", "Scan Direction": "Forward", "Index Name": "person_id_aka_name", "Relation Name": "aka_name", "Alias": "an1", "Startup Cost": 0.0, "Total Cost": 68965.03, "Plan Rows": 901342, "Plan Width": 20}, {"Node Type": "Sort", "Parent Relationship": "Inner", "Startup Cost": 571103.92, "Total Cost": 572880.07, "Plan Rows": 710459, "Plan Width": 21, "Sort Key": ["ci.person_id"], "Plans": [{"Node Type": "Hash Join", "Parent Relationship": "Outer", "Join Type": "Inner", "Startup Cost": 301568.43, "Total Cost": 502053.02, "Plan Rows": 710459, "Plan Width": 21, "Inner Unique": false, "Hash Cond": "(ci.movie_id = t.id), (LLVM Optimized)", "Plans": [{"Node Type": "Nested Loop", "Parent Relationship": "Outer", "Join Type": "Inner", "Startup Cost": 0.0, "Total Cost": 171418.25, "Plan Rows": 3296318, "Plan Width": 8, "Inner Unique": false, "Plans": [{"Node Type": "Index Scan", "Parent Relationship": "Outer", "Scan Direction": "Forward", "Index Name": "role_type_pkey", "Relation Name": "role_type", "Alias": "rt", "Startup Cost": 0.0, "Total Cost": 12.46, "Plan Rows": 1, "Plan Width": 4, "Filter": "((role)::text = 'costume designer'::text)"}, {"Node Type": "Index Scan", "Parent Relationship": "Inner", "Scan Direction": "Forward", "Index Name": "role_id_cast_info", "Relation Name": "cast_info", "Alias": "ci", "Startup Cost": 0.0, "Total Cost": 138442.61, "Plan Rows": 3296318, "Plan Width": 12, "Index Cond": "(role_id = rt.id), (LLVM Optimized)"}]}, {"Node Type": "Hash", "Parent Relationship": "Inner", "Startup Cost": 285539.54, "Total Cost": 285539.54, "Plan Rows": 1282311, "Plan Width": 25, "Plans": [{"Node Type": "Hash Join", "Parent Relationship": "Outer", "Join Type": "Inner", "Startup Cost": 203483.15, "Total Cost": 285539.54, "Plan Rows": 1282311, "Plan Width": 25, "Inner Unique": true, "Hash Cond": "(mc.movie_id = t.id), (LLVM Optimized)", "Plans": [{"Node Type": "Hash Join", "Parent Relationship": "Outer", "Join Type": "Inner", "Startup Cost": 61758.77, "Total Cost": 126183.39, "Plan Rows": 1282311, "Plan Width": 4, "Inner Unique": true, "Hash Cond": "(mc.company_id = cn.id), (LLVM Optimized)", "Plans": [{"Node Type": "Bitmap Heap Scan", "Parent Relationship": "Outer", "Relation Name": "movie_companies", "Alias": "mc", "Startup Cost": 51990.17, "Total Cost": 93807.45, "Plan Rows": 2609128, "Plan Width": 8, "Plans": [{"Node Type": "Bitmap Index Scan", "Parent Relationship": "Outer", "Index Name": "movie_id_movie_companies", "Startup Cost": 0.0, "Total Cost": 51337.89, "Plan Rows": 2609128, "Plan Width": 0}]}, {"Node Type": "Hash", "Parent Relationship": "Inner", "Startup Cost": 8703.97, "Total Cost": 8703.97, "Plan Rows": 85170, "Plan Width": 4, "Plans": [{"Node Type": "Bitmap Heap Scan", "Parent Relationship": "Outer", "Relation Name": "company_name", "Alias": "cn", "Startup Cost": 2800.52, "Total Cost": 8703.97, "Plan Rows": 85170, "Plan Width": 4, "Filter": "((country_code)::text = '[us]'::text)", "Plans": [{"Node Type": "Bitmap Index Scan", "Parent Relationship": "Outer", "Index Name": "company_name_pkey", "Startup Cost": 0.0, "Total Cost": 2779.23, "Plan Rows": 234996, "Plan Width": 0}]}]}]}, {"Node Type": "Hash", "Parent Relationship": "Inner", "Startup Cost": 110120.49, "Total Cost": 110120.49, "Plan Rows": 2528311, "Plan Width": 21, "Plans": [{"Node Type": "Index Scan", "Parent Relationship": "Outer", "Scan Direction": "Forward", "Index Name": "title_pkey", "Relation Name": "title", "Alias": "t", "Startup Cost": 0.0, "Total Cost": 110120.49, "Plan Rows": 2528311, "Plan Width": 21}]}]}]}]}]}]}, {"Node Type": "Index Scan", "Parent Relationship": "Inner", "Scan Direction": "Forward", "Index Name": "name_pkey", "Relation Name": "name", "Alias": "n1", "Startup Cost": 0.0, "Total Cost": 0.28, "Plan Rows": 1, "Plan Width": 4, "Index Cond": "(id = ci.person_id)"}]}]}, "Unique SQL Id": 2457761703, "Planner Runtime": 146}, "explain_analyze_plan": {"Plan": {"Node Type": "Aggregate", "Strategy": "Plain", "Startup Cost": 744774.62, "Total Cost": 744774.63, "Plan Rows": 1, "Plan Width": 97, "Actual Startup Time": 10029.569, "Actual Total Time": 10029.569, "Actual Rows": 1, "Actual Loops": 1, "Plans": [{"Node Type": "Nested Loop", "Parent Relationship": "Outer", "Join Type": "Inner", "Startup Cost": 571103.99, "Total Cost": 742989.13, "Plan Rows": 357098, "Plan Width": 33, "Actual Startup Time": 7931.798, "Actual Total Time": 9845.889, "Actual Rows": 323005, "Actual Loops": 1, "Inner Unique": true, "Join Filter": "(an1.person_id = n1.id), (LLVM Optimized, Jit Execute)", "Rows Removed by Join Filter": 0, "Plans": [{"Node Type": "Merge Join", "Parent Relationship": "Outer", "Join Type": "Inner", "Startup Cost": 571103.99, "Total Cost": 639470.48, "Plan Rows": 357098, "Plan Width": 41, "Actual Startup Time": 7931.723, "Actual Total Time": 8741.476, "Actual Rows": 323005, "Actual Loops": 1, "Inner Unique": false, "Merge Cond": "(an1.person_id = ci.person_id)", "Plans": [{"Node Type": "Index Scan", "Parent Relationship": "Outer", "Scan Direction": "Forward", "Index Name": "person_id_aka_name", "Relation Name": "aka_name", "Alias": "an1", "Startup Cost": 0.0, "Total Cost": 68965.03, "Plan Rows": 901342, "Plan Width": 20, "Actual Startup Time": 0.034, "Actual Total Time": 541.465, "Actual Rows": 688852, "Actual Loops": 1}, {"Node Type": "Sort", "Parent Relationship": "Inner", "Startup Cost": 571103.92, "Total Cost": 572880.07, "Plan Rows": 710459, "Plan Width": 21, "Actual Startup Time": 7931.563, "Actual Total Time": 7987.616, "Actual Rows": 445949, "Actual Loops": 1, "Sort Key": ["ci.person_id"], "Sort Method": "quicksort", "Sort Space Used": 39613, "Sort Space Type": "Memory", "Plans": [{"Node Type": "Hash Join", "Parent Relationship": "Outer", "Join Type": "Inner", "Startup Cost": 301568.43, "Total Cost": 502053.02, "Plan Rows": 710459, "Plan Width": 21, "Actual Startup Time": 7481.944, "Actual Total Time": 7842.827, "Actual Rows": 285537, "Actual Loops": 1, "Inner Unique": false, "Hash Cond": "(ci.movie_id = t.id), (LLVM Optimized, Jit Execute)", "Plans": [{"Node Type": "Nested Loop", "Parent Relationship": "Outer", "Join Type": "Inner", "Startup Cost": 0.0, "Total Cost": 171418.25, "Plan Rows": 3296318, "Plan Width": 8, "Actual Startup Time": 0.057, "Actual Total Time": 203.602, "Actual Rows": 276403, "Actual Loops": 1, "Inner Unique": false, "Plans": [{"Node Type": "Index Scan", "Parent Relationship": "Outer", "Scan Direction": "Forward", "Index Name": "role_type_pkey", "Relation Name": "role_type", "Alias": "rt", "Startup Cost": 0.0, "Total Cost": 12.46, "Plan Rows": 1, "Plan Width": 4, "Actual Startup Time": 0.015, "Actual Total Time": 0.034, "Actual Rows": 1, "Actual Loops": 1, "Filter": "((role)::text = 'costume designer'::text)", "Rows Removed by Filter": 11}, {"Node Type": "Index Scan", "Parent Relationship": "Inner", "Scan Direction": "Forward", "Index Name": "role_id_cast_info", "Relation Name": "cast_info", "Alias": "ci", "Startup Cost": 0.0, "Total Cost": 138442.61, "Plan Rows": 3296318, "Plan Width": 12, "Actual Startup Time": 0.039, "Actual Total Time": 149.61, "Actual Rows": 276403, "Actual Loops": 1, "Index Cond": "(role_id = rt.id), (LLVM Optimized, Jit Execute)", "Rows Removed by Index Recheck": 0}]}, {"Node Type": "Hash", "Parent Relationship": "Inner", "Startup Cost": 285539.54, "Total Cost": 285539.54, "Plan Rows": 1282311, "Plan Width": 25, "Actual Startup Time": 7476.417, "Actual Total Time": 7476.417, "Actual Rows": 1153797, "Actual Loops": 1, "Hash Buckets": 2097152, "Hash Batches": 1, "Original Hash Batches": 1, "Peak Memory Usage": 68508, "Plans": [{"Node Type": "Hash Join", "Parent Relationship": "Outer", "Join Type": "Inner", "Startup Cost": 203483.15, "Total Cost": 285539.54, "Plan Rows": 1282311, "Plan Width": 25, "Actual Startup Time": 4730.99, "Actual Total Time": 7068.464, "Actual Rows": 1153797, "Actual Loops": 1, "Inner Unique": true, "Hash Cond": "(mc.movie_id = t.id), (LLVM Optimized, Jit Execute)", "Plans": [{"Node Type": "Hash Join", "Parent Relationship": "Outer", "Join Type": "Inner", "Startup Cost": 61758.77, "Total Cost": 126183.39, "Plan Rows": 1282311, "Plan Width": 4, "Actual Startup Time": 401.608, "Actual Total Time": 2130.859, "Actual Rows": 1153797, "Actual Loops": 1, "Inner Unique": true, "Hash Cond": "(mc.company_id = cn.id), (LLVM Optimized, Jit Execute)", "Plans": [{"Node Type": "Bitmap Heap Scan", "Parent Relationship": "Outer", "Relation Name": "movie_companies", "Alias": "mc", "Startup Cost": 51990.17, "Total Cost": 93807.45, "Plan Rows": 2609128, "Plan Width": 8, "Actual Startup Time": 218.533, "Actual Total Time": 1131.078, "Actual Rows": 2609128, "Actual Loops": 1, "Exact Heap Blocks": 15726, "Lossy Heap Blocks": 15726, "Plans": [{"Node Type": "Bitmap Index Scan", "Parent Relationship": "Outer", "Index Name": "movie_id_movie_companies", "Startup Cost": 0.0, "Total Cost": 51337.89, "Plan Rows": 2609128, "Plan Width": 0, "Actual Startup Time": 214.881, "Actual Total Time": 214.881, "Actual Rows": 2609128, "Actual Loops": 1}]}, {"Node Type": "Hash", "Parent Relationship": "Inner", "Startup Cost": 8703.97, "Total Cost": 8703.97, "Plan Rows": 85170, "Plan Width": 4, "Actual Startup Time": 182.96, "Actual Total Time": 182.96, "Actual Rows": 84843, "Actual Loops": 1, "Hash Buckets": 131072, "Hash Batches": 1, "Original Hash Batches": 1, "Peak Memory Usage": 2983, "Plans": [{"Node Type": "Bitmap Heap Scan", "Parent Relationship": "Outer", "Relation Name": "company_name", "Alias": "cn", "Startup Cost": 2800.52, "Total Cost": 8703.97, "Plan Rows": 85170, "Plan Width": 4, "Actual Startup Time": 22.122, "Actual Total Time": 161.229, "Actual Rows": 84843, "Actual Loops": 1, "Filter": "((country_code)::text = '[us]'::text)", "Rows Removed by Filter": 150153, "Exact Heap Blocks": 2966, "Lossy Heap Blocks": 2966, "Plans": [{"Node Type": "Bitmap Index Scan", "Parent Relationship": "Outer", "Index Name": "company_name_pkey", "Startup Cost": 0.0, "Total Cost": 2779.23, "Plan Rows": 234996, "Plan Width": 0, "Actual Startup Time": 21.664, "Actual Total Time": 21.664, "Actual Rows": 234996, "Actual Loops": 1}]}]}]}, {"Node Type": "Hash", "Parent Relationship": "Inner", "Startup Cost": 110120.49, "Total Cost": 110120.49, "Plan Rows": 2528311, "Plan Width": 21, "Actual Startup Time": 4326.829, "Actual Total Time": 4326.829, "Actual Rows": 2528311, "Actual Loops": 1, "Hash Buckets": 4194304, "Hash Batches": 1, "Original Hash Batches": 1, "Peak Memory Usage": 135869, "Plans": [{"Node Type": "Index Scan", "Parent Relationship": "Outer", "Scan Direction": "Forward", "Index Name": "title_pkey", "Relation Name": "title", "Alias": "t", "Startup Cost": 0.0, "Total Cost": 110120.49, "Plan Rows": 2528311, "Plan Width": 21, "Actual Startup Time": 0.04, "Actual Total Time": 3247.979, "Actual Rows": 2528311, "Actual Loops": 1}]}]}]}]}]}]}, {"Node Type": "Index Scan", "Parent Relationship": "Inner", "Scan Direction": "Forward", "Index Name": "name_pkey", "Relation Name": "name", "Alias": "n1", "Startup Cost": 0.0, "Total Cost": 0.28, "Plan Rows": 1, "Plan Width": 4, "Actual Startup Time": 844.525, "Actual Total Time": 844.525, "Actual Rows": 323005, "Actual Loops": 323005, "Index Cond": "(id = ci.person_id)", "Rows Removed by Index Recheck": 0}]}]}, "Triggers": [], "Planner Runtime": 145.688, "Total Runtime": 10040.776, "Unique SQL Id": 2457761703}}, "(64, '6')": {"explain_plan": {"Plan": {"Node Type": "Aggregate", "Strategy": "Plain", "Startup Cost": 528738.29, "Total Cost": 528738.3, "Plan Rows": 1, "Plan Width": 97, "Plans": [{"Node Type": "Hash Join", "Parent Relationship": "Outer", "Join Type": "Inner", "Startup Cost": 336662.4, "Total Cost": 526952.8, "Plan Rows": 357098, "Plan Width": 33, "Inner Unique": true, "Hash Cond": "(mc.company_id = cn.id), (LLVM Optimized)", "Plans": [{"Node Type": "Hash Join", "Parent Relationship": "Outer", "Join Type": "Inner", "Startup Cost": 329694.33, "Total Cost": 513689.03, "Plan Rows": 726589, "Plan Width": 37, "Inner Unique": false, "Hash Cond": "(ci.movie_id = t.id), (LLVM Optimized)", "Plans": [{"Node Type": "Streaming(type: LOCAL GATHER dop: 1/64)", "Parent Relationship": "Outer", "Startup Cost": 254738.78, "Total Cost": 417857.9, "Plan Rows": 1484588, "Plan Width": 20, "Plans": [{"Node Type": "Hash Join", "Parent Relationship": "Outer", "Join Type": "Inner", "Startup Cost": 254738.78, "Total Cost": 387231.02, "Plan Rows": 1484588, "Plan Width": 20, "Inner Unique": false, "Hash Cond": "(an1.person_id = ci.person_id), (LLVM Optimized)", "Plans": [{"Node Type": "Streaming(type: LOCAL REDISTRIBUTE dop: 64/1)", "Parent Relationship": "Outer", "Startup Cost": 202522.7, "Total Cost": 334446.0, "Plan Rows": 901342, "Plan Width": 24, "Plans": [{"Node Type": "Hash Join", "Parent Relationship": "Outer", "Join Type": "Inner", "Startup Cost": 202522.7, "Total Cost": 234824.58, "Plan Rows": 901342, "Plan Width": 24, "Inner Unique": true, "Hash Cond": "(an1.person_id = n1.id), (LLVM Optimized)", "Plans": [{"Node Type": "Seq Scan", "Parent Relationship": "Outer", "Relation Name": "aka_name", "Alias": "an1", "Startup Cost": 0.0, "Total Cost": 19908.42, "Plan Rows": 901342, "Plan Width": 20}, {"Node Type": "Hash", "Parent Relationship": "Inner", "Startup Cost": 150429.08, "Total Cost": 150429.08, "Plan Rows": 4167490, "Plan Width": 4, "Plans": [{"Node Type": "Streaming(type: LOCAL GATHER dop: 1/64)", "Parent Relationship": "Outer", "Startup Cost": 0.0, "Total Cost": 150429.08, "Plan Rows": 4167490, "Plan Width": 4, "Plans": [{"Node Type": "Seq Scan", "Parent Relationship": "Outer", "Relation Name": "name", "Alias": "n1", "Startup Cost": 0.0, "Total Cost": 64454.25, "Plan Rows": 4167490, "Plan Width": 4}]}]}]}]}, {"Node Type": "Hash", "Parent Relationship": "Inner", "Startup Cost": 203464.29, "Total Cost": 203464.29, "Plan Rows": 3296318, "Plan Width": 8, "Plans": [{"Node Type": "Streaming(type: LOCAL REDISTRIBUTE dop: 64/64)", "Parent Relationship": "Outer", "Startup Cost": 63002.48, "Total Cost": 203464.29, "Plan Rows": 3296318, "Plan Width": 8, "Plans": [{"Node Type": "Hash Join", "Parent Relationship": "Outer", "Join Type": "Inner", "Startup Cost": 63002.48, "Total Cost": 137341.8, "Plan Rows": 3296318, "Plan Width": 8, "Inner Unique": true, "Hash Cond": "(ci.role_id = rt.id), (LLVM Optimized)", "Plans": [{"Node Type": "Seq Scan", "Parent Relationship": "Outer", "Relation Name": "cast_info", "Alias": "ci", "Startup Cost": 0.0, "Total Cost": 72404.34, "Plan Rows": 36259494, "Plan Width": 12}, {"Node Type": "Hash", "Parent Relationship": "Inner", "Startup Cost": 63002.47, "Total Cost": 63002.47, "Plan Rows": 64, "Plan Width": 4, "Plans": [{"Node Type": "Streaming(type: BROADCAST dop: 64/1)", "Parent Relationship": "Outer", "Startup Cost": 0.0, "Total Cost": 63002.47, "Plan Rows": 64, "Plan Width": 4, "Plans": [{"Node Type": "Seq Scan", "Parent Relationship": "Outer", "Relation Name": "role_type", "Alias": "rt", "Startup Cost": 0.0, "Total Cost": 1.15, "Plan Rows": 1, "Plan Width": 4, "Filter": "((role)::text = 'costume designer'::text)"}]}]}]}]}]}]}]}, {"Node Type": "Hash", "Parent Relationship": "Inner", "Startup Cost": 169365.79, "Total Cost": 169365.79, "Plan Rows": 2609128, "Plan Width": 29, "Plans": [{"Node Type": "Hash Join", "Parent Relationship": "Outer", "Join Type": "Inner", "Startup Cost": 91673.0, "Total Cost": 169365.79, "Plan Rows": 2609128, "Plan Width": 29, "Inner Unique": true, "Hash Cond": "(mc.movie_id = t.id), (LLVM Optimized)", "Plans": [{"Node Type": "Seq Scan", "Parent Relationship": "Outer", "Relation Name": "movie_companies", "Alias": "mc", "Startup Cost": 0.0, "Total Cost": 41817.28, "Plan Rows": 2609128, "Plan Width": 8}, {"Node Type": "Hash", "Parent Relationship": "Inner", "Startup Cost": 60069.11, "Total Cost": 60069.11, "Plan Rows": 2528311, "Plan Width": 21, "Plans": [{"Node Type": "Seq Scan", "Parent Relationship": "Outer", "Relation Name": "title", "Alias": "t", "Startup Cost": 0.0, "Total Cost": 60069.11, "Plan Rows": 2528311, "Plan Width": 21}]}]}]}]}, {"Node Type": "Hash", "Parent Relationship": "Inner", "Startup Cost": 5903.45, "Total Cost": 5903.45, "Plan Rows": 85170, "Plan Width": 4, "Plans": [{"Node Type": "Seq Scan", "Parent Relationship": "Outer", "Relation Name": "company_name", "Alias": "cn", "Startup Cost": 0.0, "Total Cost": 5903.45, "Plan Rows": 85170, "Plan Width": 4, "Filter": "((country_code)::text = '[us]'::text)"}]}]}]}, "Unique SQL Id": 2457761703, "Planner Runtime": 175}, "explain_analyze_plan": {"Plan": {"Node Type": "Aggregate", "Strategy": "Plain", "Startup Cost": 528738.29, "Total Cost": 528738.3, "Plan Rows": 1, "Plan Width": 97, "Actual Min Startup Time": 6856.27, "Actual Max Startup Time": 6856.27, "Actual Min Total Time": 6856.271, "Actual Max Total Time": 6856.271, "Plans": [{"Node Type": "Hash Join", "Parent Relationship": "Outer", "Join Type": "Inner", "Startup Cost": 336662.4, "Total Cost": 526952.8, "Plan Rows": 357098, "Plan Width": 33, "Actual Min Startup Time": 5249.401, "Actual Max Startup Time": 5249.401, "Actual Min Total Time": 6705.964, "Actual Max Total Time": 6705.964, "Inner Unique": true, "Hash Cond": "(mc.company_id = cn.id), (LLVM Optimized, Jit Execute)", "Plans": [{"Node Type": "Hash Join", "Parent Relationship": "Outer", "Join Type": "Inner", "Startup Cost": 329694.33, "Total Cost": 513689.03, "Plan Rows": 726589, "Plan Width": 37, "Actual Min Startup Time": 5130.68, "Actual Max Startup Time": 5130.68, "Actual Min Total Time": 6388.767, "Actual Max Total Time": 6388.767, "Inner Unique": false, "Hash Cond": "(ci.movie_id = t.id), (LLVM Optimized, Jit Execute)", "Plans": [{"Node Type": "Streaming(type: LOCAL GATHER dop: 1/64)", "Parent Relationship": "Outer", "Startup Cost": 254738.78, "Total Cost": 417857.9, "Plan Rows": 1484588, "Plan Width": 20, "Actual Min Startup Time": 0.186, "Actual Max Startup Time": 0.186, "Actual Min Total Time": 983.556, "Actual Max Total Time": 983.556, "Plans": [{"Node Type": "Hash Join", "Parent Relationship": "Outer", "Join Type": "Inner", "Startup Cost": 254738.78, "Total Cost": 387231.02, "Plan Rows": 1484588, "Plan Width": 20, "Actual Min Startup Time": 2904.02, "Actual Max Startup Time": 5001.056, "Actual Min Total Time": 4507.096, "Actual Max Total Time": 6552.353, "Inner Unique": false, "Hash Cond": "(an1.person_id = ci.person_id), (LLVM Optimized, Jit Execute)", "Plans": [{"Node Type": "Streaming(type: LOCAL REDISTRIBUTE dop: 64/1)", "Parent Relationship": "Outer", "Startup Cost": 202522.7, "Total Cost": 334446.0, "Plan Rows": 901342, "Plan Width": 24, "Actual Min Startup Time": 2648.309, "Actual Max Startup Time": 2658.987, "Actual Min Total Time": 4210.018, "Actual Max Total Time": 5937.182, "Plans": [{"Node Type": "Hash Join", "Parent Relationship": "Outer", "Join Type": "Inner", "Startup Cost": 202522.7, "Total Cost": 234824.58, "Plan Rows": 901342, "Plan Width": 24, "Actual Min Startup Time": 2900.815, "Actual Max Startup Time": 2900.815, "Actual Min Total Time": 3642.451, "Actual Max Total Time": 3642.451, "Inner Unique": true, "Hash Cond": "(an1.person_id = n1.id), (LLVM Optimized, Jit Execute)", "Plans": [{"Node Type": "Seq Scan", "Parent Relationship": "Outer", "Relation Name": "aka_name", "Alias": "an1", "Startup Cost": 0.0, "Total Cost": 19908.42, "Plan Rows": 901342, "Plan Width": 20, "Actual Min Startup Time": 0.033, "Actual Max Startup Time": 0.033, "Actual Min Total Time": 226.164, "Actual Max Total Time": 226.164, "Actual Rows": 901342}, {"Node Type": "Hash", "Parent Relationship": "Inner", "Startup Cost": 150429.08, "Total Cost": 150429.08, "Plan Rows": 4167490, "Plan Width": 4, "Actual Min Startup Time": 2898.206, "Actual Max Startup Time": 2898.206, "Actual Min Total Time": 2898.206, "Actual Max Total Time": 2898.206, "Max Hash Buckets": 4194304, "Min Hash Buckets": 4194304, "Max Hash Batches": 1, "Min Hash Batches": 1, "Max Original Hash Batches": 1, "Min Original Hash Batches": 1, "Max Peak Memory Usage": 146514, "min Peak Memory Usage": 146514, "Plans": [{"Node Type": "Streaming(type: LOCAL GATHER dop: 1/64)", "Parent Relationship": "Outer", "Startup Cost": 0.0, "Total Cost": 150429.08, "Plan Rows": 4167490, "Plan Width": 4, "Actual Min Startup Time": 0.152, "Actual Max Startup Time": 0.152, "Actual Min Total Time": 1744.697, "Actual Max Total Time": 1744.697, "Plans": [{"Node Type": "Seq Scan", "Parent Relationship": "Outer", "Relation Name": "name", "Alias": "n1", "Startup Cost": 0.0, "Total Cost": 64454.25, "Plan Rows": 4167490, "Plan Width": 4, "Actual Min Startup Time": 0.018, "Actual Max Startup Time": 0.044, "Actual Min Total Time": 18.96, "Actual Max Total Time": 23.576, "Actual Rows": 4167490}], "Actual Rows": 4167490}], "Actual Rows": 4167490}], "Actual Rows": 901342}], "Actual Rows": 901342}, {"Node Type": "Hash", "Parent Relationship": "Inner", "Startup Cost": 203464.29, "Total Cost": 203464.29, "Plan Rows": 3296318, "Plan Width": 8, "Actual Min Startup Time": 251.014, "Actual Max Startup Time": 617.726, "Actual Min Total Time": 251.014, "Actual Max Total Time": 617.726, "Max Hash Buckets": 65536, "Min Hash Buckets": 65536, "Max Hash Batches": 1, "Min Hash Batches": 1, "Max Original Hash Batches": 1, "Min Original Hash Batches": 1, "Max Peak Memory Usage": 153, "min Peak Memory Usage": 153, "Plans": [{"Node Type": "Streaming(type: LOCAL REDISTRIBUTE dop: 64/64)", "Parent Relationship": "Outer", "Startup Cost": 63002.48, "Total Cost": 203464.29, "Plan Rows": 3296318, "Plan Width": 8, "Actual Min Startup Time": 0.126, "Actual Max Startup Time": 331.621, "Actual Min Total Time": 250.064, "Actual Max Total Time": 616.635, "Plans": [{"Node Type": "Hash Join", "Parent Relationship": "Outer", "Join Type": "Inner", "Startup Cost": 63002.48, "Total Cost": 137341.8, "Plan Rows": 3296318, "Plan Width": 8, "Actual Min Startup Time": 184.436, "Actual Max Startup Time": 286.242, "Actual Min Total Time": 231.359, "Actual Max Total Time": 286.242, "Inner Unique": true, "Hash Cond": "(ci.role_id = rt.id), (LLVM Optimized, Jit Execute)", "Plans": [{"Node Type": "Seq Scan", "Parent Relationship": "Outer", "Relation Name": "cast_info", "Alias": "ci", "Startup Cost": 0.0, "Total Cost": 72404.34, "Plan Rows": 36259494, "Plan Width": 12, "Actual Min Startup Time": 0.027, "Actual Max Startup Time": 0.061, "Actual Min Total Time": 127.977, "Actual Max Total Time": 141.649, "Actual Rows": 36244343}, {"Node Type": "Hash", "Parent Relationship": "Inner", "Startup Cost": 63002.47, "Total Cost": 63002.47, "Plan Rows": 64, "Plan Width": 4, "Actual Min Startup Time": 0.012, "Actual Max Startup Time": 54.189, "Actual Min Total Time": 0.012, "Actual Max Total Time": 54.189, "Max Hash Buckets": 32768, "Min Hash Buckets": 32768, "Max Hash Batches": 1, "Min Hash Batches": 1, "Max Original Hash Batches": 1, "Min Original Hash Batches": 1, "Max Peak Memory Usage": 1, "min Peak Memory Usage": 1, "Plans": [{"Node Type": "Streaming(type: BROADCAST dop: 64/1)", "Parent Relationship": "Outer", "Startup Cost": 0.0, "Total Cost": 63002.47, "Plan Rows": 64, "Plan Width": 4, "Actual Min Startup Time": 0.003, "Actual Max Startup Time": 54.169, "Actual Min Total Time": 0.004, "Actual Max Total Time": 54.17, "Plans": [{"Node Type": "Seq Scan", "Parent Relationship": "Outer", "Relation Name": "role_type", "Alias": "rt", "Startup Cost": 0.0, "Total Cost": 1.15, "Plan Rows": 1, "Plan Width": 4, "Actual Min Startup Time": 0.026, "Actual Max Startup Time": 0.026, "Actual Min Total Time": 0.03, "Actual Max Total Time": 0.03, "Filter": "((role)::text = 'costume designer'::text)", "Rows Removed by Filter": 11, "Actual Rows": 1}], "Actual Rows": 64}], "Actual Rows": 64}], "Actual Rows": 276403}], "Actual Rows": 276403}], "Actual Rows": 276403}], "Actual Rows": 218966}], "Actual Rows": 218966}, {"Node Type": "Hash", "Parent Relationship": "Inner", "Startup Cost": 169365.79, "Total Cost": 169365.79, "Plan Rows": 2609128, "Plan Width": 29, "Actual Min Startup Time": 5122.871, "Actual Max Startup Time": 5122.871, "Actual Min Total Time": 5122.871, "Actual Max Total Time": 5122.871, "Max Hash Buckets": 4194304, "Min Hash Buckets": 4194304, "Max Hash Batches": 1, "Min Hash Batches": 1, "Max Original Hash Batches": 1, "Min Original Hash Batches": 1, "Max Peak Memory Usage": 164769, "min Peak Memory Usage": 164769, "Plans": [{"Node Type": "Hash Join", "Parent Relationship": "Outer", "Join Type": "Inner", "Startup Cost": 91673.0, "Total Cost": 169365.79, "Plan Rows": 2609128, "Plan Width": 29, "Actual Min Startup Time": 1876.312, "Actual Max Startup Time": 1876.312, "Actual Min Total Time": 4112.233, "Actual Max Total Time": 4112.233, "Inner Unique": true, "Hash Cond": "(mc.movie_id = t.id), (LLVM Optimized, Jit Execute)", "Plans": [{"Node Type": "Seq Scan", "Parent Relationship": "Outer", "Relation Name": "movie_companies", "Alias": "mc", "Startup Cost": 0.0, "Total Cost": 41817.28, "Plan Rows": 2609128, "Plan Width": 8, "Actual Min Startup Time": 0.034, "Actual Max Startup Time": 0.034, "Actual Min Total Time": 589.387, "Actual Max Total Time": 589.387, "Actual Rows": 2609128}, {"Node Type": "Hash", "Parent Relationship": "Inner", "Startup Cost": 60069.11, "Total Cost": 60069.11, "Plan Rows": 2528311, "Plan Width": 21, "Actual Min Startup Time": 1873.717, "Actual Max Startup Time": 1873.717, "Actual Min Total Time": 1873.717, "Actual Max Total Time": 1873.717, "Max Hash Buckets": 4194304, "Min Hash Buckets": 4194304, "Max Hash Batches": 1, "Min Hash Batches": 1, "Max Original Hash Batches": 1, "Min Original Hash Batches": 1, "Max Peak Memory Usage": 135869, "min Peak Memory Usage": 135869, "Plans": [{"Node Type": "Seq Scan", "Parent Relationship": "Outer", "Relation Name": "title", "Alias": "t", "Startup Cost": 0.0, "Total Cost": 60069.11, "Plan Rows": 2528311, "Plan Width": 21, "Actual Min Startup Time": 0.031, "Actual Max Startup Time": 0.031, "Actual Min Total Time": 853.163, "Actual Max Total Time": 853.163, "Actual Rows": 2528311}], "Actual Rows": 2528311}], "Actual Rows": 2609128}], "Actual Rows": 2609128}], "Actual Rows": 752819}, {"Node Type": "Hash", "Parent Relationship": "Inner", "Startup Cost": 5903.45, "Total Cost": 5903.45, "Plan Rows": 85170, "Plan Width": 4, "Actual Min Startup Time": 118.572, "Actual Max Startup Time": 118.572, "Actual Min Total Time": 118.572, "Actual Max Total Time": 118.572, "Max Hash Buckets": 131072, "Min Hash Buckets": 131072, "Max Hash Batches": 1, "Min Hash Batches": 1, "Max Original Hash Batches": 1, "Min Original Hash Batches": 1, "Max Peak Memory Usage": 2983, "min Peak Memory Usage": 2983, "Plans": [{"Node Type": "Seq Scan", "Parent Relationship": "Outer", "Relation Name": "company_name", "Alias": "cn", "Startup Cost": 0.0, "Total Cost": 5903.45, "Plan Rows": 85170, "Plan Width": 4, "Actual Min Startup Time": 0.062, "Actual Max Startup Time": 0.062, "Actual Min Total Time": 96.64, "Actual Max Total Time": 96.64, "Filter": "((country_code)::text = '[us]'::text)", "Rows Removed by Filter": 150153, "Actual Rows": 84843}], "Actual Rows": 84843}], "Actual Rows": 323005}], "Actual Rows": 1}, "Triggers": [], "Planner Runtime": 175.338, "Total Runtime": 6911.384, "Unique SQL Id": 2457761703}}, "(64, '7')": {"explain_plan": {"Plan": {"Node Type": "Aggregate", "Strategy": "Plain", "Startup Cost": 1013578.73, "Total Cost": 1013578.74, "Plan Rows": 1, "Plan Width": 97, "Plans": [{"Node Type": "Hash Join", "Parent Relationship": "Outer", "Join Type": "Inner", "Startup Cost": 985285.55, "Total Cost": 1011793.24, "Plan Rows": 357098, "Plan Width": 33, "Inner Unique": false, "Hash Cond": "(an1.person_id = n1.id), (LLVM Optimized)", "Plans": [{"Node Type": "Bitmap Heap Scan", "Parent Relationship": "Outer", "Relation Name": "aka_name", "Alias": "an1", "Startup Cost": 16632.3, "Total Cost": 36540.72, "Plan Rows": 901342, "Plan Width": 20, "Plans": [{"Node Type": "Bitmap Index Scan", "Parent Relationship": "Outer", "Index Name": "person_id_aka_name", "Startup Cost": 0.0, "Total Cost": 16406.96, "Plan Rows": 901342, "Plan Width": 0}]}, {"Node Type": "Hash", "Parent Relationship": "Inner", "Startup Cost": 959772.51, "Total Cost": 959772.51, "Plan Rows": 710459, "Plan Width": 25, "Plans": [{"Node Type": "Hash Join", "Parent Relationship": "Outer", "Join Type": "Inner", "Startup Cost": 607483.06, "Total Cost": 959772.51, "Plan Rows": 710459, "Plan Width": 25, "Inner Unique": true, "Hash Cond": "(ci.person_id = n1.id), (LLVM Optimized)", "Plans": [{"Node Type": "Hash Join", "Parent Relationship": "Outer", "Join Type": "Inner", "Startup Cost": 378117.96, "Total Cost": 720638.61, "Plan Rows": 710459, "Plan Width": 21, "Inner Unique": false, "Hash Cond": "(ci.movie_id = t.id), (LLVM Optimized)", "Plans": [{"Node Type": "Nested Loop", "Parent Relationship": "Outer", "Join Type": "Inner", "Startup Cost": 76315.02, "Total Cost": 389769.33, "Plan Rows": 3296318, "Plan Width": 8, "Inner Unique": false, "Plans": [{"Node Type": "Bitmap Heap Scan", "Parent Relationship": "Outer", "Relation Name": "role_type", "Alias": "rt", "Startup Cost": 8.31, "Total Cost": 12.46, "Plan Rows": 1, "Plan Width": 4, "Filter": "((role)::text = 'costume designer'::text)", "Plans": [{"Node Type": "Bitmap Index Scan", "Parent Relationship": "Outer", "Index Name": "role_type_pkey", "Startup Cost": 0.0, "Total Cost": 8.31, "Plan Rows": 12, "Plan Width": 0}]}, {"Node Type": "Bitmap Heap Scan", "Parent Relationship": "Inner", "Relation Name": "cast_info", "Alias": "ci", "Startup Cost": 76306.71, "Total Cost": 356793.69, "Plan Rows": 3296318, "Plan Width": 12, "Recheck Cond": "(role_id = rt.id), (LLVM Optimized)", "Plans": [{"Node Type": "Bitmap Index Scan", "Parent Relationship": "Outer", "Index Name": "role_id_cast_info", "Startup Cost": 0.0, "Total Cost": 75482.63, "Plan Rows": 3296318, "Plan Width": 0, "Index Cond": "(role_id = rt.id)"}]}]}, {"Node Type": "Hash", "Parent Relationship": "Inner", "Startup Cost": 285774.05, "Total Cost": 285774.05, "Plan Rows": 1282311, "Plan Width": 25, "Plans": [{"Node Type": "Hash Join", "Parent Relationship": "Outer", "Join Type": "Inner", "Startup Cost": 203717.65, "Total Cost": 285774.05, "Plan Rows": 1282311, "Plan Width": 25, "Inner Unique": true, "Hash Cond": "(mc.movie_id = t.id), (LLVM Optimized)", "Plans": [{"Node Type": "Hash Join", "Parent Relationship": "Outer", "Join Type": "Inner", "Startup Cost": 61758.77, "Total Cost": 126183.39, "Plan Rows": 1282311, "Plan Width": 4, "Inner Unique": true, "Hash Cond": "(mc.company_id = cn.id), (LLVM Optimized)", "Plans": [{"Node Type": "Bitmap Heap Scan", "Parent Relationship": "Outer", "Relation Name": "movie_companies", "Alias": "mc", "Startup Cost": 51990.17, "Total Cost": 93807.45, "Plan Rows": 2609128, "Plan Width": 8, "Plans": [{"Node Type": "Bitmap Index Scan", "Parent Relationship": "Outer", "Index Name": "movie_id_movie_companies", "Startup Cost": 0.0, "Total Cost": 51337.89, "Plan Rows": 2609128, "Plan Width": 0}]}, {"Node Type": "Hash", "Parent Relationship": "Inner", "Startup Cost": 8703.97, "Total Cost": 8703.97, "Plan Rows": 85170, "Plan Width": 4, "Plans": [{"Node Type": "Bitmap Heap Scan", "Parent Relationship": "Outer", "Relation Name": "company_name", "Alias": "cn", "Startup Cost": 2800.52, "Total Cost": 8703.97, "Plan Rows": 85170, "Plan Width": 4, "Filter": "((country_code)::text = '[us]'::text)", "Plans": [{"Node Type": "Bitmap Index Scan", "Parent Relationship": "Outer", "Index Name": "company_name_pkey", "Startup Cost": 0.0, "Total Cost": 2779.23, "Plan Rows": 234996, "Plan Width": 0}]}]}]}, {"Node Type": "Hash", "Parent Relationship": "Inner", "Startup Cost": 110354.99, "Total Cost": 110354.99, "Plan Rows": 2528311, "Plan Width": 21, "Plans": [{"Node Type": "Bitmap Heap Scan", "Parent Relationship": "Outer", "Relation Name": "title", "Alias": "t", "Startup Cost": 50285.88, "Total Cost": 110354.99, "Plan Rows": 2528311, "Plan Width": 21, "Plans": [{"Node Type": "Bitmap Index Scan", "Parent Relationship": "Outer", "Index Name": "title_pkey", "Startup Cost": 0.0, "Total Cost": 49653.81, "Plan Rows": 2528311, "Plan Width": 0}]}]}]}]}]}, {"Node Type": "Hash", "Parent Relationship": "Inner", "Startup Cost": 177271.47, "Total Cost": 177271.47, "Plan Rows": 4167490, "Plan Width": 4, "Plans": [{"Node Type": "Bitmap Heap Scan", "Parent Relationship": "Outer", "Relation Name": "name", "Alias": "n1", "Startup Cost": 84199.57, "Total Cost": 177271.47, "Plan Rows": 4167490, "Plan Width": 4, "Plans": [{"Node Type": "Bitmap Index Scan", "Parent Relationship": "Outer", "Index Name": "name_pkey", "Startup Cost": 0.0, "Total Cost": 83157.7, "Plan Rows": 4167490, "Plan Width": 0}]}]}]}]}]}]}, "Unique SQL Id": 2457761703, "Planner Runtime": 72}, "explain_analyze_plan": {"Plan": {"Node Type": "Aggregate", "Strategy": "Plain", "Startup Cost": 1013578.73, "Total Cost": 1013578.74, "Plan Rows": 1, "Plan Width": 97, "Actual Startup Time": 11264.918, "Actual Total Time": 11264.918, "Actual Rows": 1, "Actual Loops": 1, "Plans": [{"Node Type": "Hash Join", "Parent Relationship": "Outer", "Join Type": "Inner", "Startup Cost": 985285.55, "Total Cost": 1011793.24, "Plan Rows": 357098, "Plan Width": 33, "Actual Startup Time": 10449.451, "Actual Total Time": 11120.29, "Actual Rows": 323005, "Actual Loops": 1, "Inner Unique": false, "Hash Cond": "(an1.person_id = n1.id), (LLVM Optimized, Jit Execute)", "Plans": [{"Node Type": "Bitmap Heap Scan", "Parent Relationship": "Outer", "Relation Name": "aka_name", "Alias": "an1", "Startup Cost": 16632.3, "Total Cost": 36540.72, "Plan Rows": 901342, "Plan Width": 20, "Actual Startup Time": 86.655, "Actual Total Time": 456.24, "Actual Rows": 901342, "Actual Loops": 1, "Exact Heap Blocks": 10895, "Lossy Heap Blocks": 10895, "Plans": [{"Node Type": "Bitmap Index Scan", "Parent Relationship": "Outer", "Index Name": "person_id_aka_name", "Startup Cost": 0.0, "Total Cost": 16406.96, "Plan Rows": 901342, "Plan Width": 0, "Actual Startup Time": 84.727, "Actual Total Time": 84.727, "Actual Rows": 901342, "Actual Loops": 1}]}, {"Node Type": "Hash", "Parent Relationship": "Inner", "Startup Cost": 959772.51, "Total Cost": 959772.51, "Plan Rows": 710459, "Plan Width": 25, "Actual Startup Time": 10352.095, "Actual Total Time": 10352.095, "Actual Rows": 285537, "Actual Loops": 1, "Hash Buckets": 1048576, "Hash Batches": 1, "Original Hash Batches": 1, "Peak Memory Usage": 15952, "Plans": [{"Node Type": "Hash Join", "Parent Relationship": "Outer", "Join Type": "Inner", "Startup Cost": 607483.06, "Total Cost": 959772.51, "Plan Rows": 710459, "Plan Width": 25, "Actual Startup Time": 9843.537, "Actual Total Time": 10265.582, "Actual Rows": 285537, "Actual Loops": 1, "Inner Unique": true, "Hash Cond": "(ci.person_id = n1.id), (LLVM Optimized, Jit Execute)", "Plans": [{"Node Type": "Hash Join", "Parent Relationship": "Outer", "Join Type": "Inner", "Startup Cost": 378117.96, "Total Cost": 720638.61, "Plan Rows": 710459, "Plan Width": 21, "Actual Startup Time": 5910.918, "Actual Total Time": 6214.846, "Actual Rows": 285537, "Actual Loops": 1, "Inner Unique": false, "Hash Cond": "(ci.movie_id = t.id), (LLVM Optimized, Jit Execute)", "Plans": [{"Node Type": "Nested Loop", "Parent Relationship": "Outer", "Join Type": "Inner", "Startup Cost": 76315.02, "Total Cost": 389769.33, "Plan Rows": 3296318, "Plan Width": 8, "Actual Startup Time": 31.082, "Actual Total Time": 165.745, "Actual Rows": 276403, "Actual Loops": 1, "Inner Unique": false, "Plans": [{"Node Type": "Bitmap Heap Scan", "Parent Relationship": "Outer", "Relation Name": "role_type", "Alias": "rt", "Startup Cost": 8.31, "Total Cost": 12.46, "Plan Rows": 1, "Plan Width": 4, "Actual Startup Time": 0.193, "Actual Total Time": 0.203, "Actual Rows": 1, "Actual Loops": 1, "Filter": "((role)::text = 'costume designer'::text)", "Rows Removed by Filter": 11, "Exact Heap Blocks": 1, "Lossy Heap Blocks": 1, "Plans": [{"Node Type": "Bitmap Index Scan", "Parent Relationship": "Outer", "Index Name": "role_type_pkey", "Startup Cost": 0.0, "Total Cost": 8.31, "Plan Rows": 12, "Plan Width": 0, "Actual Startup Time": 0.039, "Actual Total Time": 0.039, "Actual Rows": 12, "Actual Loops": 1}]}, {"Node Type": "Bitmap Heap Scan", "Parent Relationship": "Inner", "Relation Name": "cast_info", "Alias": "ci", "Startup Cost": 76306.71, "Total Cost": 356793.69, "Plan Rows": 3296318, "Plan Width": 12, "Actual Startup Time": 30.799, "Actual Total Time": 115.725, "Actual Rows": 276403, "Actual Loops": 1, "Recheck Cond": "(role_id = rt.id), (LLVM Optimized, Jit Execute)", "Rows Removed by Index Recheck": 0, "Exact Heap Blocks": 1654, "Lossy Heap Blocks": 1654, "Plans": [{"Node Type": "Bitmap Index Scan", "Parent Relationship": "Outer", "Index Name": "role_id_cast_info", "Startup Cost": 0.0, "Total Cost": 75482.63, "Plan Rows": 3296318, "Plan Width": 0, "Actual Startup Time": 30.445, "Actual Total Time": 30.445, "Actual Rows": 276403, "Actual Loops": 1, "Index Cond": "(role_id = rt.id)"}]}]}, {"Node Type": "Hash", "Parent Relationship": "Inner", "Startup Cost": 285774.05, "Total Cost": 285774.05, "Plan Rows": 1282311, "Plan Width": 25, "Actual Startup Time": 5872.757, "Actual Total Time": 5872.757, "Actual Rows": 1153797, "Actual Loops": 1, "Hash Buckets": 2097152, "Hash Batches": 1, "Original Hash Batches": 1, "Peak Memory Usage": 68508, "Plans": [{"Node Type": "Hash Join", "Parent Relationship": "Outer", "Join Type": "Inner", "Startup Cost": 203717.65, "Total Cost": 285774.05, "Plan Rows": 1282311, "Plan Width": 25, "Actual Startup Time": 2870.037, "Actual Total Time": 5345.899, "Actual Rows": 1153797, "Actual Loops": 1, "Inner Unique": true, "Hash Cond": "(mc.movie_id = t.id), (LLVM Optimized, Jit Execute)", "Plans": [{"Node Type": "Hash Join", "Parent Relationship": "Outer", "Join Type": "Inner", "Startup Cost": 61758.77, "Total Cost": 126183.39, "Plan Rows": 1282311, "Plan Width": 4, "Actual Startup Time": 407.486, "Actual Total Time": 2061.138, "Actual Rows": 1153797, "Actual Loops": 1, "Inner Unique": true, "Hash Cond": "(mc.company_id = cn.id), (LLVM Optimized, Jit Execute)", "Plans": [{"Node Type": "Bitmap Heap Scan", "Parent Relationship": "Outer", "Relation Name": "movie_companies", "Alias": "mc", "Startup Cost": 51990.17, "Total Cost": 93807.45, "Plan Rows": 2609128, "Plan Width": 8, "Actual Startup Time": 218.976, "Actual Total Time": 1032.887, "Actual Rows": 2609128, "Actual Loops": 1, "Exact Heap Blocks": 15726, "Lossy Heap Blocks": 15726, "Plans": [{"Node Type": "Bitmap Index Scan", "Parent Relationship": "Outer", "Index Name": "movie_id_movie_companies", "Startup Cost": 0.0, "Total Cost": 51337.89, "Plan Rows": 2609128, "Plan Width": 0, "Actual Startup Time": 215.319, "Actual Total Time": 215.319, "Actual Rows": 2609128, "Actual Loops": 1}]}, {"Node Type": "Hash", "Parent Relationship": "Inner", "Startup Cost": 8703.97, "Total Cost": 8703.97, "Plan Rows": 85170, "Plan Width": 4, "Actual Startup Time": 188.354, "Actual Total Time": 188.354, "Actual Rows": 84843, "Actual Loops": 1, "Hash Buckets": 131072, "Hash Batches": 1, "Original Hash Batches": 1, "Peak Memory Usage": 2983, "Plans": [{"Node Type": "Bitmap Heap Scan", "Parent Relationship": "Outer", "Relation Name": "company_name", "Alias": "cn", "Startup Cost": 2800.52, "Total Cost": 8703.97, "Plan Rows": 85170, "Plan Width": 4, "Actual Startup Time": 23.217, "Actual Total Time": 166.474, "Actual Rows": 84843, "Actual Loops": 1, "Filter": "((country_code)::text = '[us]'::text)", "Rows Removed by Filter": 150153, "Exact Heap Blocks": 2966, "Lossy Heap Blocks": 2966, "Plans": [{"Node Type": "Bitmap Index Scan", "Parent Relationship": "Outer", "Index Name": "company_name_pkey", "Startup Cost": 0.0, "Total Cost": 2779.23, "Plan Rows": 234996, "Plan Width": 0, "Actual Startup Time": 22.756, "Actual Total Time": 22.756, "Actual Rows": 234996, "Actual Loops": 1}]}]}]}, {"Node Type": "Hash", "Parent Relationship": "Inner", "Startup Cost": 110354.99, "Total Cost": 110354.99, "Plan Rows": 2528311, "Plan Width": 21, "Actual Startup Time": 2460.02, "Actual Total Time": 2460.02, "Actual Rows": 2528311, "Actual Loops": 1, "Hash Buckets": 4194304, "Hash Batches": 1, "Original Hash Batches": 1, "Peak Memory Usage": 135869, "Plans": [{"Node Type": "Bitmap Heap Scan", "Parent Relationship": "Outer", "Relation Name": "title", "Alias": "t", "Startup Cost": 50285.88, "Total Cost": 110354.99, "Plan Rows": 2528311, "Plan Width": 21, "Actual Startup Time": 309.032, "Actual Total Time": 1577.676, "Actual Rows": 2528311, "Actual Loops": 1, "Exact Heap Blocks": 34786, "Lossy Heap Blocks": 34786, "Plans": [{"Node Type": "Bitmap Index Scan", "Parent Relationship": "Outer", "Index Name": "title_pkey", "Startup Cost": 0.0, "Total Cost": 49653.81, "Plan Rows": 2528311, "Plan Width": 0, "Actual Startup Time": 301.267, "Actual Total Time": 301.267, "Actual Rows": 2528311, "Actual Loops": 1}]}]}]}]}]}, {"Node Type": "Hash", "Parent Relationship": "Inner", "Startup Cost": 177271.47, "Total Cost": 177271.47, "Plan Rows": 4167490, "Plan Width": 4, "Actual Startup Time": 3930.097, "Actual Total Time": 3930.097, "Actual Rows": 4167490, "Actual Loops": 1, "Hash Buckets": 4194304, "Hash Batches": 1, "Original Hash Batches": 1, "Peak Memory Usage": 146514, "Plans": [{"Node Type": "Bitmap Heap Scan", "Parent Relationship": "Outer", "Relation Name": "name", "Alias": "n1", "Startup Cost": 84199.57, "Total Cost": 177271.47, "Plan Rows": 4167490, "Plan Width": 4, "Actual Startup Time": 388.385, "Actual Total Time": 2366.077, "Actual Rows": 4167490, "Actual Loops": 1, "Exact Heap Blocks": 51397, "Lossy Heap Blocks": 51397, "Plans": [{"Node Type": "Bitmap Index Scan", "Parent Relationship": "Outer", "Index Name": "name_pkey", "Startup Cost": 0.0, "Total Cost": 83157.7, "Plan Rows": 4167490, "Plan Width": 0, "Actual Startup Time": 376.574, "Actual Total Time": 376.574, "Actual Rows": 4167490, "Actual Loops": 1}]}]}]}]}]}]}, "Triggers": [], "Planner Runtime": 72.542, "Total Runtime": 11277.09, "Unique SQL Id": 2457761703}}, "(64, '8')": {"explain_plan": {"Plan": {"Node Type": "Aggregate", "Strategy": "Plain", "Startup Cost": 532222.07, "Total Cost": 532222.08, "Plan Rows": 1, "Plan Width": 97, "Plans": [{"Node Type": "Hash Join", "Parent Relationship": "Outer", "Join Type": "Inner", "Startup Cost": 503541.41, "Total Cost": 530436.58, "Plan Rows": 357098, "Plan Width": 33, "Inner Unique": false, "Hash Cond": "(an1.person_id = n1.id), (LLVM Optimized)", "Plans": [{"Node Type": "Seq Scan", "Parent Relationship": "Outer", "Relation Name": "aka_name", "Alias": "an1", "Startup Cost": 0.0, "Total Cost": 19908.42, "Plan Rows": 901342, "Plan Width": 20}, {"Node Type": "Hash", "Parent Relationship": "Inner", "Startup Cost": 494660.67, "Total Cost": 494660.67, "Plan Rows": 710459, "Plan Width": 25, "Plans": [{"Node Type": "Hash Join", "Parent Relationship": "Outer", "Join Type": "Inner", "Startup Cost": 256421.67, "Total Cost": 494660.67, "Plan Rows": 710459, "Plan Width": 25, "Inner Unique": false, "Hash Cond": "(ci.movie_id = t.id), (LLVM Optimized)", "Plans": [{"Node Type": "Streaming(type: LOCAL GATHER dop: 1/64)", "Parent Relationship": "Outer", "Startup Cost": 195218.41, "Total Cost": 404391.07, "Plan Rows": 3296318, "Plan Width": 12, "Plans": [{"Node Type": "Hash Join", "Parent Relationship": "Outer", "Join Type": "Inner", "Startup Cost": 195218.41, "Total Cost": 336388.42, "Plan Rows": 3296318, "Plan Width": 12, "Inner Unique": true, "Hash Cond": "(ci.person_id = n1.id), (LLVM Optimized)", "Plans": [{"Node Type": "Streaming(type: LOCAL REDISTRIBUTE dop: 64/64)", "Parent Relationship": "Outer", "Startup Cost": 63002.48, "Total Cost": 203464.29, "Plan Rows": 3296318, "Plan Width": 8, "Plans": [{"Node Type": "Hash Join", "Parent Relationship": "Outer", "Join Type": "Inner", "Startup Cost": 63002.48, "Total Cost": 137341.8, "Plan Rows": 3296318, "Plan Width": 8, "Inner Unique": true, "Hash Cond": "(ci.role_id = rt.id), (LLVM Optimized)", "Plans": [{"Node Type": "Seq Scan", "Parent Relationship": "Outer", "Relation Name": "cast_info", "Alias": "ci", "Startup Cost": 0.0, "Total Cost": 72404.34, "Plan Rows": 36259494, "Plan Width": 12}, {"Node Type": "Hash", "Parent Relationship": "Inner", "Startup Cost": 63002.47, "Total Cost": 63002.47, "Plan Rows": 64, "Plan Width": 4, "Plans": [{"Node Type": "Streaming(type: BROADCAST dop: 64/1)", "Parent Relationship": "Outer", "Startup Cost": 0.0, "Total Cost": 63002.47, "Plan Rows": 64, "Plan Width": 4, "Plans": [{"Node Type": "Seq Scan", "Parent Relationship": "Outer", "Relation Name": "role_type", "Alias": "rt", "Startup Cost": 0.0, "Total Cost": 1.15, "Plan Rows": 1, "Plan Width": 4, "Filter": "((role)::text = 'costume designer'::text)"}]}]}]}]}, {"Node Type": "Hash", "Parent Relationship": "Inner", "Startup Cost": 131401.97, "Total Cost": 131401.97, "Plan Rows": 4167490, "Plan Width": 4, "Plans": [{"Node Type": "Streaming(type: LOCAL REDISTRIBUTE dop: 64/64)", "Parent Relationship": "Outer", "Startup Cost": 0.0, "Total Cost": 131401.97, "Plan Rows": 4167490, "Plan Width": 4, "Plans": [{"Node Type": "Seq Scan", "Parent Relationship": "Outer", "Relation Name": "name", "Alias": "n1", "Startup Cost": 0.0, "Total Cost": 64454.25, "Plan Rows": 4167490, "Plan Width": 4}]}]}]}]}, {"Node Type": "Hash", "Parent Relationship": "Inner", "Startup Cost": 180697.47, "Total Cost": 180697.47, "Plan Rows": 1282311, "Plan Width": 25, "Plans": [{"Node Type": "Hash Join", "Parent Relationship": "Outer", "Join Type": "Inner", "Startup Cost": 98641.07, "Total Cost": 180697.47, "Plan Rows": 1282311, "Plan Width": 25, "Inner Unique": true, "Hash Cond": "(mc.movie_id = t.id), (LLVM Optimized)", "Plans": [{"Node Type": "Hash Join", "Parent Relationship": "Outer", "Join Type": "Inner", "Startup Cost": 6968.08, "Total Cost": 71392.69, "Plan Rows": 1282311, "Plan Width": 4, "Inner Unique": true, "Hash Cond": "(mc.company_id = cn.id), (LLVM Optimized)", "Plans": [{"Node Type": "Seq Scan", "Parent Relationship": "Outer", "Relation Name": "movie_companies", "Alias": "mc", "Startup Cost": 0.0, "Total Cost": 41817.28, "Plan Rows": 2609128, "Plan Width": 8}, {"Node Type": "Hash", "Parent Relationship": "Inner", "Startup Cost": 5903.45, "Total Cost": 5903.45, "Plan Rows": 85170, "Plan Width": 4, "Plans": [{"Node Type": "Seq Scan", "Parent Relationship": "Outer", "Relation Name": "company_name", "Alias": "cn", "Startup Cost": 0.0, "Total Cost": 5903.45, "Plan Rows": 85170, "Plan Width": 4, "Filter": "((country_code)::text = '[us]'::text)"}]}]}, {"Node Type": "Hash", "Parent Relationship": "Inner", "Startup Cost": 60069.11, "Total Cost": 60069.11, "Plan Rows": 2528311, "Plan Width": 21, "Plans": [{"Node Type": "Seq Scan", "Parent Relationship": "Outer", "Relation Name": "title", "Alias": "t", "Startup Cost": 0.0, "Total Cost": 60069.11, "Plan Rows": 2528311, "Plan Width": 21}]}]}]}]}]}]}]}, "Unique SQL Id": 2457761703, "Planner Runtime": 165}, "explain_analyze_plan": {"Plan": {"Node Type": "Aggregate", "Strategy": "Plain", "Startup Cost": 532222.07, "Total Cost": 532222.08, "Plan Rows": 1, "Plan Width": 97, "Actual Min Startup Time": 6391.936, "Actual Max Startup Time": 6391.936, "Actual Min Total Time": 6391.936, "Actual Max Total Time": 6391.936, "Plans": [{"Node Type": "Hash Join", "Parent Relationship": "Outer", "Join Type": "Inner", "Startup Cost": 503541.41, "Total Cost": 530436.58, "Plan Rows": 357098, "Plan Width": 33, "Actual Min Startup Time": 5681.546, "Actual Max Startup Time": 5681.546, "Actual Min Total Time": 6245.069, "Actual Max Total Time": 6245.069, "Inner Unique": false, "Hash Cond": "(an1.person_id = n1.id), (LLVM Optimized, Jit Execute)", "Plans": [{"Node Type": "Seq Scan", "Parent Relationship": "Outer", "Relation Name": "aka_name", "Alias": "an1", "Startup Cost": 0.0, "Total Cost": 19908.42, "Plan Rows": 901342, "Plan Width": 20, "Actual Min Startup Time": 0.041, "Actual Max Startup Time": 0.041, "Actual Min Total Time": 234.241, "Actual Max Total Time": 234.241, "Actual Rows": 901342}, {"Node Type": "Hash", "Parent Relationship": "Inner", "Startup Cost": 494660.67, "Total Cost": 494660.67, "Plan Rows": 710459, "Plan Width": 25, "Actual Min Startup Time": 5678.157, "Actual Max Startup Time": 5678.157, "Actual Min Total Time": 5678.157, "Actual Max Total Time": 5678.157, "Max Hash Buckets": 1048576, "Min Hash Buckets": 1048576, "Max Hash Batches": 1, "Min Hash Batches": 1, "Max Original Hash Batches": 1, "Min Original Hash Batches": 1, "Max Peak Memory Usage": 15952, "min Peak Memory Usage": 15952, "Plans": [{"Node Type": "Hash Join", "Parent Relationship": "Outer", "Join Type": "Inner", "Startup Cost": 256421.67, "Total Cost": 494660.67, "Plan Rows": 710459, "Plan Width": 25, "Actual Min Startup Time": 5321.654, "Actual Max Startup Time": 5321.654, "Actual Min Total Time": 5597.254, "Actual Max Total Time": 5597.254, "Inner Unique": false, "Hash Cond": "(ci.movie_id = t.id), (LLVM Optimized, Jit Execute)", "Plans": [{"Node Type": "Streaming(type: LOCAL GATHER dop: 1/64)", "Parent Relationship": "Outer", "Startup Cost": 195218.41, "Total Cost": 404391.07, "Plan Rows": 3296318, "Plan Width": 12, "Actual Min Startup Time": 0.129, "Actual Max Startup Time": 0.129, "Actual Min Total Time": 103.987, "Actual Max Total Time": 103.987, "Plans": [{"Node Type": "Hash Join", "Parent Relationship": "Outer", "Join Type": "Inner", "Startup Cost": 195218.41, "Total Cost": 336388.42, "Plan Rows": 3296318, "Plan Width": 12, "Actual Min Startup Time": 2835.803, "Actual Max Startup Time": 5040.6, "Actual Min Total Time": 3046.426, "Actual Max Total Time": 5282.113, "Inner Unique": true, "Hash Cond": "(ci.person_id = n1.id), (LLVM Optimized, Jit Execute)", "Plans": [{"Node Type": "Streaming(type: LOCAL REDISTRIBUTE dop: 64/64)", "Parent Relationship": "Outer", "Startup Cost": 63002.48, "Total Cost": 203464.29, "Plan Rows": 3296318, "Plan Width": 8, "Actual Min Startup Time": 0.138, "Actual Max Startup Time": 1960.093, "Actual Min Total Time": 180.674, "Actual Max Total Time": 2230.953, "Plans": [{"Node Type": "Hash Join", "Parent Relationship": "Outer", "Join Type": "Inner", "Startup Cost": 63002.48, "Total Cost": 137341.8, "Plan Rows": 3296318, "Plan Width": 8, "Actual Min Startup Time": 182.071, "Actual Max Startup Time": 853.631, "Actual Min Total Time": 234.011, "Actual Max Total Time": 857.861, "Inner Unique": true, "Hash Cond": "(ci.role_id = rt.id), (LLVM Optimized, Jit Execute)", "Plans": [{"Node Type": "Seq Scan", "Parent Relationship": "Outer", "Relation Name": "cast_info", "Alias": "ci", "Startup Cost": 0.0, "Total Cost": 72404.34, "Plan Rows": 36259494, "Plan Width": 12, "Actual Min Startup Time": 0.024, "Actual Max Startup Time": 0.051, "Actual Min Total Time": 127.795, "Actual Max Total Time": 160.686, "Actual Rows": 36244343}, {"Node Type": "Hash", "Parent Relationship": "Inner", "Startup Cost": 63002.47, "Total Cost": 63002.47, "Plan Rows": 64, "Plan Width": 4, "Actual Min Startup Time": 0.012, "Actual Max Startup Time": 143.659, "Actual Min Total Time": 0.012, "Actual Max Total Time": 143.659, "Max Hash Buckets": 32768, "Min Hash Buckets": 32768, "Max Hash Batches": 1, "Min Hash Batches": 1, "Max Original Hash Batches": 1, "Min Original Hash Batches": 1, "Max Peak Memory Usage": 1, "min Peak Memory Usage": 1, "Plans": [{"Node Type": "Streaming(type: BROADCAST dop: 64/1)", "Parent Relationship": "Outer", "Startup Cost": 0.0, "Total Cost": 63002.47, "Plan Rows": 64, "Plan Width": 4, "Actual Min Startup Time": 0.003, "Actual Max Startup Time": 143.502, "Actual Min Total Time": 0.004, "Actual Max Total Time": 143.504, "Plans": [{"Node Type": "Seq Scan", "Parent Relationship": "Outer", "Relation Name": "role_type", "Alias": "rt", "Startup Cost": 0.0, "Total Cost": 1.15, "Plan Rows": 1, "Plan Width": 4, "Actual Min Startup Time": 0.032, "Actual Max Startup Time": 0.032, "Actual Min Total Time": 0.035, "Actual Max Total Time": 0.035, "Filter": "((role)::text = 'costume designer'::text)", "Rows Removed by Filter": 11, "Actual Rows": 1}], "Actual Rows": 64}], "Actual Rows": 64}], "Actual Rows": 276403}], "Actual Rows": 276403}, {"Node Type": "Hash", "Parent Relationship": "Inner", "Startup Cost": 131401.97, "Total Cost": 131401.97, "Plan Rows": 4167490, "Plan Width": 4, "Actual Min Startup Time": 2832.083, "Actual Max Startup Time": 3184.027, "Actual Min Total Time": 2832.083, "Actual Max Total Time": 3184.027, "Max Hash Buckets": 65536, "Min Hash Buckets": 65536, "Max Hash Batches": 1, "Min Hash Batches": 1, "Max Original Hash Batches": 1, "Min Original Hash Batches": 1, "Max Peak Memory Usage": 2290, "min Peak Memory Usage": 2290, "Plans": [{"Node Type": "Streaming(type: LOCAL REDISTRIBUTE dop: 64/64)", "Parent Relationship": "Outer", "Startup Cost": 0.0, "Total Cost": 131401.97, "Plan Rows": 4167490, "Plan Width": 4, "Actual Min Startup Time": 0.114, "Actual Max Startup Time": 78.258, "Actual Min Total Time": 2574.787, "Actual Max Total Time": 3084.185, "Plans": [{"Node Type": "Seq Scan", "Parent Relationship": "Outer", "Relation Name": "name", "Alias": "n1", "Startup Cost": 0.0, "Total Cost": 64454.25, "Plan Rows": 4167490, "Plan Width": 4, "Actual Min Startup Time": 0.015, "Actual Max Startup Time": 0.039, "Actual Min Total Time": 23.019, "Actual Max Total Time": 147.987, "Actual Rows": 4167490}], "Actual Rows": 4167490}], "Actual Rows": 4167490}], "Actual Rows": 276403}], "Actual Rows": 276403}, {"Node Type": "Hash", "Parent Relationship": "Inner", "Startup Cost": 180697.47, "Total Cost": 180697.47, "Plan Rows": 1282311, "Plan Width": 25, "Actual Min Startup Time": 5314.139, "Actual Max Startup Time": 5314.139, "Actual Min Total Time": 5314.139, "Actual Max Total Time": 5314.139, "Max Hash Buckets": 2097152, "Min Hash Buckets": 2097152, "Max Hash Batches": 1, "Min Hash Batches": 1, "Max Original Hash Batches": 1, "Min Original Hash Batches": 1, "Max Peak Memory Usage": 68508, "min Peak Memory Usage": 68508, "Plans": [{"Node Type": "Hash Join", "Parent Relationship": "Outer", "Join Type": "Inner", "Startup Cost": 98641.07, "Total Cost": 180697.47, "Plan Rows": 1282311, "Plan Width": 25, "Actual Min Startup Time": 2644.933, "Actual Max Startup Time": 2644.933, "Actual Min Total Time": 4894.059, "Actual Max Total Time": 4894.059, "Inner Unique": true, "Hash Cond": "(mc.movie_id = t.id), (LLVM Optimized, Jit Execute)", "Plans": [{"Node Type": "Hash Join", "Parent Relationship": "Outer", "Join Type": "Inner", "Startup Cost": 6968.08, "Total Cost": 71392.69, "Plan Rows": 1282311, "Plan Width": 4, "Actual Min Startup Time": 113.013, "Actual Max Startup Time": 113.013, "Actual Min Total Time": 1520.132, "Actual Max Total Time": 1520.132, "Inner Unique": true, "Hash Cond": "(mc.company_id = cn.id), (LLVM Optimized, Jit Execute)", "Plans": [{"Node Type": "Seq Scan", "Parent Relationship": "Outer", "Relation Name": "movie_companies", "Alias": "mc", "Startup Cost": 0.0, "Total Cost": 41817.28, "Plan Rows": 2609128, "Plan Width": 8, "Actual Min Startup Time": 0.057, "Actual Max Startup Time": 0.057, "Actual Min Total Time": 596.011, "Actual Max Total Time": 596.011, "Actual Rows": 2609128}, {"Node Type": "Hash", "Parent Relationship": "Inner", "Startup Cost": 5903.45, "Total Cost": 5903.45, "Plan Rows": 85170, "Plan Width": 4, "Actual Min Startup Time": 112.82, "Actual Max Startup Time": 112.82, "Actual Min Total Time": 112.82, "Actual Max Total Time": 112.82, "Max Hash Buckets": 131072, "Min Hash Buckets": 131072, "Max Hash Batches": 1, "Min Hash Batches": 1, "Max Original Hash Batches": 1, "Min Original Hash Batches": 1, "Max Peak Memory Usage": 2983, "min Peak Memory Usage": 2983, "Plans": [{"Node Type": "Seq Scan", "Parent Relationship": "Outer", "Relation Name": "company_name", "Alias": "cn", "Startup Cost": 0.0, "Total Cost": 5903.45, "Plan Rows": 85170, "Plan Width": 4, "Actual Min Startup Time": 0.049, "Actual Max Startup Time": 0.049, "Actual Min Total Time": 89.918, "Actual Max Total Time": 89.918, "Filter": "((country_code)::text = '[us]'::text)", "Rows Removed by Filter": 150153, "Actual Rows": 84843}], "Actual Rows": 84843}], "Actual Rows": 1153797}, {"Node Type": "Hash", "Parent Relationship": "Inner", "Startup Cost": 60069.11, "Total Cost": 60069.11, "Plan Rows": 2528311, "Plan Width": 21, "Actual Min Startup Time": 2529.249, "Actual Max Startup Time": 2529.249, "Actual Min Total Time": 2529.249, "Actual Max Total Time": 2529.249, "Max Hash Buckets": 4194304, "Min Hash Buckets": 4194304, "Max Hash Batches": 1, "Min Hash Batches": 1, "Max Original Hash Batches": 1, "Min Original Hash Batches": 1, "Max Peak Memory Usage": 135869, "min Peak Memory Usage": 135869, "Plans": [{"Node Type": "Seq Scan", "Parent Relationship": "Outer", "Relation Name": "title", "Alias": "t", "Startup Cost": 0.0, "Total Cost": 60069.11, "Plan Rows": 2528311, "Plan Width": 21, "Actual Min Startup Time": 0.028, "Actual Max Startup Time": 0.028, "Actual Min Total Time": 1119.717, "Actual Max Total Time": 1119.717, "Actual Rows": 2528311}], "Actual Rows": 2528311}], "Actual Rows": 1153797}], "Actual Rows": 1153797}], "Actual Rows": 285537}], "Actual Rows": 285537}], "Actual Rows": 323005}], "Actual Rows": 1}, "Triggers": [], "Planner Runtime": 165.515, "Total Runtime": 6456.158, "Unique SQL Id": 2457761703}}, "(64, '9')": {"explain_plan": {"Plan": {"Node Type": "Aggregate", "Strategy": "Plain", "Startup Cost": 770846.96, "Total Cost": 770846.97, "Plan Rows": 1, "Plan Width": 97, "Plans": [{"Node Type": "Nested Loop", "Parent Relationship": "Outer", "Join Type": "Inner", "Startup Cost": 599201.04, "Total Cost": 769061.47, "Plan Rows": 357098, "Plan Width": 33, "Inner Unique": true, "Join Filter": "(an1.person_id = n1.id), (LLVM Optimized)", "Plans": [{"Node Type": "Merge Join", "Parent Relationship": "Outer", "Join Type": "Inner", "Startup Cost": 599201.04, "Total Cost": 667567.53, "Plan Rows": 357098, "Plan Width": 41, "Inner Unique": false, "Merge Cond": "(ci.person_id = an1.person_id)", "Plans": [{"Node Type": "Sort", "Parent Relationship": "Outer", "Startup Cost": 599200.97, "Total Cost": 600977.12, "Plan Rows": 710459, "Plan Width": 21, "Sort Key": ["ci.person_id"], "Plans": [{"Node Type": "Hash Join", "Parent Relationship": "Outer", "Join Type": "Inner", "Startup Cost": 329665.48, "Total Cost": 530150.07, "Plan Rows": 710459, "Plan Width": 21, "Inner Unique": false, "Hash Cond": "(ci.movie_id = t.id), (LLVM Optimized)", "Plans": [{"Node Type": "Nested Loop", "Parent Relationship": "Outer", "Join Type": "Inner", "Startup Cost": 0.0, "Total Cost": 171418.25, "Plan Rows": 3296318, "Plan Width": 8, "Inner Unique": false, "Plans": [{"Node Type": "Index Scan", "Parent Relationship": "Outer", "Scan Direction": "Forward", "Index Name": "role_type_pkey", "Relation Name": "role_type", "Alias": "rt", "Startup Cost": 0.0, "Total Cost": 12.46, "Plan Rows": 1, "Plan Width": 4, "Filter": "((role)::text = 'costume designer'::text)"}, {"Node Type": "Index Scan", "Parent Relationship": "Inner", "Scan Direction": "Forward", "Index Name": "role_id_cast_info", "Relation Name": "cast_info", "Alias": "ci", "Startup Cost": 0.0, "Total Cost": 138442.61, "Plan Rows": 3296318, "Plan Width": 12, "Index Cond": "(role_id = rt.id), (LLVM Optimized)"}]}, {"Node Type": "Hash", "Parent Relationship": "Inner", "Startup Cost": 313636.59, "Total Cost": 313636.59, "Plan Rows": 1282311, "Plan Width": 25, "Plans": [{"Node Type": "Hash Join", "Parent Relationship": "Outer", "Join Type": "Inner", "Startup Cost": 11568.59, "Total Cost": 313636.59, "Plan Rows": 1282311, "Plan Width": 25, "Inner Unique": true, "Hash Cond": "(mc.company_id = cn.id), (LLVM Optimized)", "Plans": [{"Node Type": "Merge Join", "Parent Relationship": "Outer", "Join Type": "Inner", "Startup Cost": 2.58, "Total Cost": 279463.24, "Plan Rows": 2609128, "Plan Width": 29, "Inner Unique": false, "Merge Cond": "(t.id = mc.movie_id)", "Plans": [{"Node Type": "Index Scan", "Parent Relationship": "Outer", "Scan Direction": "Forward", "Index Name": "title_pkey", "Relation Name": "title", "Alias": "t", "Startup Cost": 0.0, "Total Cost": 110120.49, "Plan Rows": 2528311, "Plan Width": 21}, {"Node Type": "Index Scan", "Parent Relationship": "Inner", "Scan Direction": "Forward", "Index Name": "movie_id_movie_companies", "Relation Name": "movie_companies", "Alias": "mc", "Startup Cost": 0.0, "Total Cost": 130519.46, "Plan Rows": 2609128, "Plan Width": 8}]}, {"Node Type": "Hash", "Parent Relationship": "Inner", "Startup Cost": 10501.39, "Total Cost": 10501.39, "Plan Rows": 85170, "Plan Width": 4, "Plans": [{"Node Type": "Index Scan", "Parent Relationship": "Outer", "Scan Direction": "Forward", "Index Name": "company_name_pkey", "Relation Name": "company_name", "Alias": "cn", "Startup Cost": 0.0, "Total Cost": 10501.39, "Plan Rows": 85170, "Plan Width": 4, "Filter": "((country_code)::text = '[us]'::text)"}]}]}]}]}]}, {"Node Type": "Index Scan", "Parent Relationship": "Inner", "Scan Direction": "Forward", "Index Name": "person_id_aka_name", "Relation Name": "aka_name", "Alias": "an1", "Startup Cost": 0.0, "Total Cost": 68965.03, "Plan Rows": 901342, "Plan Width": 20}]}, {"Node Type": "Index Only Scan", "Parent Relationship": "Inner", "Scan Direction": "Forward", "Index Name": "name_pkey", "Relation Name": "name", "Alias": "n1", "Startup Cost": 0.0, "Total Cost": 0.27, "Plan Rows": 1, "Plan Width": 4, "Index Cond": "(id = ci.person_id)"}]}]}, "Unique SQL Id": 2457761703, "Planner Runtime": 119}, "explain_analyze_plan": {"Plan": {"Node Type": "Aggregate", "Strategy": "Plain", "Startup Cost": 770846.96, "Total Cost": 770846.97, "Plan Rows": 1, "Plan Width": 97, "Actual Startup Time": 10774.333, "Actual Total Time": 10774.333, "Actual Rows": 1, "Actual Loops": 1, "Plans": [{"Node Type": "Nested Loop", "Parent Relationship": "Outer", "Join Type": "Inner", "Startup Cost": 599201.04, "Total Cost": 769061.47, "Plan Rows": 357098, "Plan Width": 33, "Actual Startup Time": 8623.925, "Actual Total Time": 10584.877, "Actual Rows": 323005, "Actual Loops": 1, "Inner Unique": true, "Join Filter": "(an1.person_id = n1.id), (LLVM Optimized, Jit Execute)", "Rows Removed by Join Filter": 0, "Plans": [{"Node Type": "Merge Join", "Parent Relationship": "Outer", "Join Type": "Inner", "Startup Cost": 599201.04, "Total Cost": 667567.53, "Plan Rows": 357098, "Plan Width": 41, "Actual Startup Time": 8623.894, "Actual Total Time": 9682.252, "Actual Rows": 323005, "Actual Loops": 1, "Inner Unique": false, "Merge Cond": "(ci.person_id = an1.person_id)", "Plans": [{"Node Type": "Sort", "Parent Relationship": "Outer", "Startup Cost": 599200.97, "Total Cost": 600977.12, "Plan Rows": 710459, "Plan Width": 21, "Actual Startup Time": 8623.792, "Actual Total Time": 8675.189, "Actual Rows": 285537, "Actual Loops": 1, "Sort Key": ["ci.person_id"], "Sort Method": "quicksort", "Sort Space Used": 39613, "Sort Space Type": "Memory", "Plans": [{"Node Type": "Hash Join", "Parent Relationship": "Outer", "Join Type": "Inner", "Startup Cost": 329665.48, "Total Cost": 530150.07, "Plan Rows": 710459, "Plan Width": 21, "Actual Startup Time": 8177.487, "Actual Total Time": 8538.569, "Actual Rows": 285537, "Actual Loops": 1, "Inner Unique": false, "Hash Cond": "(ci.movie_id = t.id), (LLVM Optimized, Jit Execute)", "Plans": [{"Node Type": "Nested Loop", "Parent Relationship": "Outer", "Join Type": "Inner", "Startup Cost": 0.0, "Total Cost": 171418.25, "Plan Rows": 3296318, "Plan Width": 8, "Actual Startup Time": 0.074, "Actual Total Time": 203.117, "Actual Rows": 276403, "Actual Loops": 1, "Inner Unique": false, "Plans": [{"Node Type": "Index Scan", "Parent Relationship": "Outer", "Scan Direction": "Forward", "Index Name": "role_type_pkey", "Relation Name": "role_type", "Alias": "rt", "Startup Cost": 0.0, "Total Cost": 12.46, "Plan Rows": 1, "Plan Width": 4, "Actual Startup Time": 0.031, "Actual Total Time": 0.084, "Actual Rows": 1, "Actual Loops": 1, "Filter": "((role)::text = 'costume designer'::text)", "Rows Removed by Filter": 11}, {"Node Type": "Index Scan", "Parent Relationship": "Inner", "Scan Direction": "Forward", "Index Name": "role_id_cast_info", "Relation Name": "cast_info", "Alias": "ci", "Startup Cost": 0.0, "Total Cost": 138442.61, "Plan Rows": 3296318, "Plan Width": 12, "Actual Startup Time": 0.038, "Actual Total Time": 148.999, "Actual Rows": 276403, "Actual Loops": 1, "Index Cond": "(role_id = rt.id), (LLVM Optimized, Jit Execute)", "Rows Removed by Index Recheck": 0}]}, {"Node Type": "Hash", "Parent Relationship": "Inner", "Startup Cost": 313636.59, "Total Cost": 313636.59, "Plan Rows": 1282311, "Plan Width": 25, "Actual Startup Time": 8175.967, "Actual Total Time": 8175.967, "Actual Rows": 1153797, "Actual Loops": 1, "Hash Buckets": 2097152, "Hash Batches": 1, "Original Hash Batches": 1, "Peak Memory Usage": 68508, "Plans": [{"Node Type": "Hash Join", "Parent Relationship": "Outer", "Join Type": "Inner", "Startup Cost": 11568.59, "Total Cost": 313636.59, "Plan Rows": 1282311, "Plan Width": 25, "Actual Startup Time": 344.235, "Actual Total Time": 7730.12, "Actual Rows": 1153797, "Actual Loops": 1, "Inner Unique": true, "Hash Cond": "(mc.company_id = cn.id), (LLVM Optimized, Jit Execute)", "Plans": [{"Node Type": "Merge Join", "Parent Relationship": "Outer", "Join Type": "Inner", "Startup Cost": 2.58, "Total Cost": 279463.24, "Plan Rows": 2609128, "Plan Width": 29, "Actual Startup Time": 0.059, "Actual Total Time": 6538.036, "Actual Rows": 2609128, "Actual Loops": 1, "Inner Unique": false, "Merge Cond": "(t.id = mc.movie_id)", "Plans": [{"Node Type": "Index Scan", "Parent Relationship": "Outer", "Scan Direction": "Forward", "Index Name": "title_pkey", "Relation Name": "title", "Alias": "t", "Startup Cost": 0.0, "Total Cost": 110120.49, "Plan Rows": 2528311, "Plan Width": 21, "Actual Startup Time": 0.024, "Actual Total Time": 3193.554, "Actual Rows": 2525745, "Actual Loops": 1}, {"Node Type": "Index Scan", "Parent Relationship": "Inner", "Scan Direction": "Forward", "Index Name": "movie_id_movie_companies", "Relation Name": "movie_companies", "Alias": "mc", "Startup Cost": 0.0, "Total Cost": 130519.46, "Plan Rows": 2609128, "Plan Width": 8, "Actual Startup Time": 0.022, "Actual Total Time": 1798.638, "Actual Rows": 2609128, "Actual Loops": 1}]}, {"Node Type": "Hash", "Parent Relationship": "Inner", "Startup Cost": 10501.39, "Total Cost": 10501.39, "Plan Rows": 85170, "Plan Width": 4, "Actual Startup Time": 344.07, "Actual Total Time": 344.07, "Actual Rows": 84843, "Actual Loops": 1, "Hash Buckets": 131072, "Hash Batches": 1, "Original Hash Batches": 1, "Peak Memory Usage": 2983, "Plans": [{"Node Type": "Index Scan", "Parent Relationship": "Outer", "Scan Direction": "Forward", "Index Name": "company_name_pkey", "Relation Name": "company_name", "Alias": "cn", "Startup Cost": 0.0, "Total Cost": 10501.39, "Plan Rows": 85170, "Plan Width": 4, "Actual Startup Time": 0.026, "Actual Total Time": 317.254, "Actual Rows": 84843, "Actual Loops": 1, "Filter": "((country_code)::text = '[us]'::text)", "Rows Removed by Filter": 150153}]}]}]}]}]}, {"Node Type": "Index Scan", "Parent Relationship": "Inner", "Scan Direction": "Forward", "Index Name": "person_id_aka_name", "Relation Name": "aka_name", "Alias": "an1", "Startup Cost": 0.0, "Total Cost": 68965.03, "Plan Rows": 901342, "Plan Width": 20, "Actual Startup Time": 0.055, "Actual Total Time": 744.592, "Actual Rows": 1003872, "Actual Loops": 1}]}, {"Node Type": "Index Only Scan", "Parent Relationship": "Inner", "Scan Direction": "Forward", "Index Name": "name_pkey", "Relation Name": "name", "Alias": "n1", "Startup Cost": 0.0, "Total Cost": 0.27, "Plan Rows": 1, "Plan Width": 4, "Actual Startup Time": 670.48, "Actual Total Time": 670.48, "Actual Rows": 323005, "Actual Loops": 323005, "Index Cond": "(id = ci.person_id)", "Rows Removed by Index Recheck": 0, "Heap Fetches": 0}]}]}, "Triggers": [], "Planner Runtime": 119.497, "Total Runtime": 10784.813, "Unique SQL Id": 2457761703}}, "(64, '10')": {"explain_plan": {"Plan": {"Node Type": "Aggregate", "Strategy": "Plain", "Startup Cost": 528738.29, "Total Cost": 528738.3, "Plan Rows": 1, "Plan Width": 97, "Plans": [{"Node Type": "Hash Join", "Parent Relationship": "Outer", "Join Type": "Inner", "Startup Cost": 336662.4, "Total Cost": 526952.8, "Plan Rows": 357098, "Plan Width": 33, "Inner Unique": true, "Hash Cond": "(mc.company_id = cn.id), (LLVM Optimized)", "Plans": [{"Node Type": "Hash Join", "Parent Relationship": "Outer", "Join Type": "Inner", "Startup Cost": 329694.33, "Total Cost": 513689.03, "Plan Rows": 726589, "Plan Width": 37, "Inner Unique": false, "Hash Cond": "(ci.movie_id = t.id), (LLVM Optimized)", "Plans": [{"Node Type": "Streaming(type: LOCAL GATHER dop: 1/64)", "Parent Relationship": "Outer", "Startup Cost": 254738.78, "Total Cost": 417857.9, "Plan Rows": 1484588, "Plan Width": 20, "Plans": [{"Node Type": "Hash Join", "Parent Relationship": "Outer", "Join Type": "Inner", "Startup Cost": 254738.78, "Total Cost": 387231.02, "Plan Rows": 1484588, "Plan Width": 20, "Inner Unique": false, "Hash Cond": "(an1.person_id = ci.person_id), (LLVM Optimized)", "Plans": [{"Node Type": "Streaming(type: LOCAL REDISTRIBUTE dop: 64/1)", "Parent Relationship": "Outer", "Startup Cost": 202522.7, "Total Cost": 334446.0, "Plan Rows": 901342, "Plan Width": 24, "Plans": [{"Node Type": "Hash Join", "Parent Relationship": "Outer", "Join Type": "Inner", "Startup Cost": 202522.7, "Total Cost": 234824.58, "Plan Rows": 901342, "Plan Width": 24, "Inner Unique": true, "Hash Cond": "(an1.person_id = n1.id), (LLVM Optimized)", "Plans": [{"Node Type": "Seq Scan", "Parent Relationship": "Outer", "Relation Name": "aka_name", "Alias": "an1", "Startup Cost": 0.0, "Total Cost": 19908.42, "Plan Rows": 901342, "Plan Width": 20}, {"Node Type": "Hash", "Parent Relationship": "Inner", "Startup Cost": 150429.08, "Total Cost": 150429.08, "Plan Rows": 4167490, "Plan Width": 4, "Plans": [{"Node Type": "Streaming(type: LOCAL GATHER dop: 1/64)", "Parent Relationship": "Outer", "Startup Cost": 0.0, "Total Cost": 150429.08, "Plan Rows": 4167490, "Plan Width": 4, "Plans": [{"Node Type": "Seq Scan", "Parent Relationship": "Outer", "Relation Name": "name", "Alias": "n1", "Startup Cost": 0.0, "Total Cost": 64454.25, "Plan Rows": 4167490, "Plan Width": 4}]}]}]}]}, {"Node Type": "Hash", "Parent Relationship": "Inner", "Startup Cost": 203464.29, "Total Cost": 203464.29, "Plan Rows": 3296318, "Plan Width": 8, "Plans": [{"Node Type": "Streaming(type: LOCAL REDISTRIBUTE dop: 64/64)", "Parent Relationship": "Outer", "Startup Cost": 63002.48, "Total Cost": 203464.29, "Plan Rows": 3296318, "Plan Width": 8, "Plans": [{"Node Type": "Hash Join", "Parent Relationship": "Outer", "Join Type": "Inner", "Startup Cost": 63002.48, "Total Cost": 137341.8, "Plan Rows": 3296318, "Plan Width": 8, "Inner Unique": true, "Hash Cond": "(ci.role_id = rt.id), (LLVM Optimized)", "Plans": [{"Node Type": "Seq Scan", "Parent Relationship": "Outer", "Relation Name": "cast_info", "Alias": "ci", "Startup Cost": 0.0, "Total Cost": 72404.34, "Plan Rows": 36259494, "Plan Width": 12}, {"Node Type": "Hash", "Parent Relationship": "Inner", "Startup Cost": 63002.47, "Total Cost": 63002.47, "Plan Rows": 64, "Plan Width": 4, "Plans": [{"Node Type": "Streaming(type: BROADCAST dop: 64/1)", "Parent Relationship": "Outer", "Startup Cost": 0.0, "Total Cost": 63002.47, "Plan Rows": 64, "Plan Width": 4, "Plans": [{"Node Type": "Seq Scan", "Parent Relationship": "Outer", "Relation Name": "role_type", "Alias": "rt", "Startup Cost": 0.0, "Total Cost": 1.15, "Plan Rows": 1, "Plan Width": 4, "Filter": "((role)::text = 'costume designer'::text)"}]}]}]}]}]}]}]}, {"Node Type": "Hash", "Parent Relationship": "Inner", "Startup Cost": 169365.79, "Total Cost": 169365.79, "Plan Rows": 2609128, "Plan Width": 29, "Plans": [{"Node Type": "Hash Join", "Parent Relationship": "Outer", "Join Type": "Inner", "Startup Cost": 91673.0, "Total Cost": 169365.79, "Plan Rows": 2609128, "Plan Width": 29, "Inner Unique": true, "Hash Cond": "(mc.movie_id = t.id), (LLVM Optimized)", "Plans": [{"Node Type": "Seq Scan", "Parent Relationship": "Outer", "Relation Name": "movie_companies", "Alias": "mc", "Startup Cost": 0.0, "Total Cost": 41817.28, "Plan Rows": 2609128, "Plan Width": 8}, {"Node Type": "Hash", "Parent Relationship": "Inner", "Startup Cost": 60069.11, "Total Cost": 60069.11, "Plan Rows": 2528311, "Plan Width": 21, "Plans": [{"Node Type": "Seq Scan", "Parent Relationship": "Outer", "Relation Name": "title", "Alias": "t", "Startup Cost": 0.0, "Total Cost": 60069.11, "Plan Rows": 2528311, "Plan Width": 21}]}]}]}]}, {"Node Type": "Hash", "Parent Relationship": "Inner", "Startup Cost": 5903.45, "Total Cost": 5903.45, "Plan Rows": 85170, "Plan Width": 4, "Plans": [{"Node Type": "Seq Scan", "Parent Relationship": "Outer", "Relation Name": "company_name", "Alias": "cn", "Startup Cost": 0.0, "Total Cost": 5903.45, "Plan Rows": 85170, "Plan Width": 4, "Filter": "((country_code)::text = '[us]'::text)"}]}]}]}, "Unique SQL Id": 2457761703, "Planner Runtime": 192}, "explain_analyze_plan": {"Plan": {"Node Type": "Aggregate", "Strategy": "Plain", "Startup Cost": 528738.29, "Total Cost": 528738.3, "Plan Rows": 1, "Plan Width": 97, "Actual Min Startup Time": 6856.27, "Actual Max Startup Time": 6856.27, "Actual Min Total Time": 6856.271, "Actual Max Total Time": 6856.271, "Plans": [{"Node Type": "Hash Join", "Parent Relationship": "Outer", "Join Type": "Inner", "Startup Cost": 336662.4, "Total Cost": 526952.8, "Plan Rows": 357098, "Plan Width": 33, "Actual Min Startup Time": 5249.401, "Actual Max Startup Time": 5249.401, "Actual Min Total Time": 6705.964, "Actual Max Total Time": 6705.964, "Inner Unique": true, "Hash Cond": "(mc.company_id = cn.id), (LLVM Optimized, Jit Execute)", "Plans": [{"Node Type": "Hash Join", "Parent Relationship": "Outer", "Join Type": "Inner", "Startup Cost": 329694.33, "Total Cost": 513689.03, "Plan Rows": 726589, "Plan Width": 37, "Actual Min Startup Time": 5130.68, "Actual Max Startup Time": 5130.68, "Actual Min Total Time": 6388.767, "Actual Max Total Time": 6388.767, "Inner Unique": false, "Hash Cond": "(ci.movie_id = t.id), (LLVM Optimized, Jit Execute)", "Plans": [{"Node Type": "Streaming(type: LOCAL GATHER dop: 1/64)", "Parent Relationship": "Outer", "Startup Cost": 254738.78, "Total Cost": 417857.9, "Plan Rows": 1484588, "Plan Width": 20, "Actual Min Startup Time": 0.186, "Actual Max Startup Time": 0.186, "Actual Min Total Time": 983.556, "Actual Max Total Time": 983.556, "Plans": [{"Node Type": "Hash Join", "Parent Relationship": "Outer", "Join Type": "Inner", "Startup Cost": 254738.78, "Total Cost": 387231.02, "Plan Rows": 1484588, "Plan Width": 20, "Actual Min Startup Time": 2904.02, "Actual Max Startup Time": 5001.056, "Actual Min Total Time": 4507.096, "Actual Max Total Time": 6552.353, "Inner Unique": false, "Hash Cond": "(an1.person_id = ci.person_id), (LLVM Optimized, Jit Execute)", "Plans": [{"Node Type": "Streaming(type: LOCAL REDISTRIBUTE dop: 64/1)", "Parent Relationship": "Outer", "Startup Cost": 202522.7, "Total Cost": 334446.0, "Plan Rows": 901342, "Plan Width": 24, "Actual Min Startup Time": 2648.309, "Actual Max Startup Time": 2658.987, "Actual Min Total Time": 4210.018, "Actual Max Total Time": 5937.182, "Plans": [{"Node Type": "Hash Join", "Parent Relationship": "Outer", "Join Type": "Inner", "Startup Cost": 202522.7, "Total Cost": 234824.58, "Plan Rows": 901342, "Plan Width": 24, "Actual Min Startup Time": 2900.815, "Actual Max Startup Time": 2900.815, "Actual Min Total Time": 3642.451, "Actual Max Total Time": 3642.451, "Inner Unique": true, "Hash Cond": "(an1.person_id = n1.id), (LLVM Optimized, Jit Execute)", "Plans": [{"Node Type": "Seq Scan", "Parent Relationship": "Outer", "Relation Name": "aka_name", "Alias": "an1", "Startup Cost": 0.0, "Total Cost": 19908.42, "Plan Rows": 901342, "Plan Width": 20, "Actual Min Startup Time": 0.033, "Actual Max Startup Time": 0.033, "Actual Min Total Time": 226.164, "Actual Max Total Time": 226.164, "Actual Rows": 901342}, {"Node Type": "Hash", "Parent Relationship": "Inner", "Startup Cost": 150429.08, "Total Cost": 150429.08, "Plan Rows": 4167490, "Plan Width": 4, "Actual Min Startup Time": 2898.206, "Actual Max Startup Time": 2898.206, "Actual Min Total Time": 2898.206, "Actual Max Total Time": 2898.206, "Max Hash Buckets": 4194304, "Min Hash Buckets": 4194304, "Max Hash Batches": 1, "Min Hash Batches": 1, "Max Original Hash Batches": 1, "Min Original Hash Batches": 1, "Max Peak Memory Usage": 146514, "min Peak Memory Usage": 146514, "Plans": [{"Node Type": "Streaming(type: LOCAL GATHER dop: 1/64)", "Parent Relationship": "Outer", "Startup Cost": 0.0, "Total Cost": 150429.08, "Plan Rows": 4167490, "Plan Width": 4, "Actual Min Startup Time": 0.152, "Actual Max Startup Time": 0.152, "Actual Min Total Time": 1744.697, "Actual Max Total Time": 1744.697, "Plans": [{"Node Type": "Seq Scan", "Parent Relationship": "Outer", "Relation Name": "name", "Alias": "n1", "Startup Cost": 0.0, "Total Cost": 64454.25, "Plan Rows": 4167490, "Plan Width": 4, "Actual Min Startup Time": 0.018, "Actual Max Startup Time": 0.044, "Actual Min Total Time": 18.96, "Actual Max Total Time": 23.576, "Actual Rows": 4167490}], "Actual Rows": 4167490}], "Actual Rows": 4167490}], "Actual Rows": 901342}], "Actual Rows": 901342}, {"Node Type": "Hash", "Parent Relationship": "Inner", "Startup Cost": 203464.29, "Total Cost": 203464.29, "Plan Rows": 3296318, "Plan Width": 8, "Actual Min Startup Time": 251.014, "Actual Max Startup Time": 617.726, "Actual Min Total Time": 251.014, "Actual Max Total Time": 617.726, "Max Hash Buckets": 65536, "Min Hash Buckets": 65536, "Max Hash Batches": 1, "Min Hash Batches": 1, "Max Original Hash Batches": 1, "Min Original Hash Batches": 1, "Max Peak Memory Usage": 153, "min Peak Memory Usage": 153, "Plans": [{"Node Type": "Streaming(type: LOCAL REDISTRIBUTE dop: 64/64)", "Parent Relationship": "Outer", "Startup Cost": 63002.48, "Total Cost": 203464.29, "Plan Rows": 3296318, "Plan Width": 8, "Actual Min Startup Time": 0.126, "Actual Max Startup Time": 331.621, "Actual Min Total Time": 250.064, "Actual Max Total Time": 616.635, "Plans": [{"Node Type": "Hash Join", "Parent Relationship": "Outer", "Join Type": "Inner", "Startup Cost": 63002.48, "Total Cost": 137341.8, "Plan Rows": 3296318, "Plan Width": 8, "Actual Min Startup Time": 184.436, "Actual Max Startup Time": 286.242, "Actual Min Total Time": 231.359, "Actual Max Total Time": 286.242, "Inner Unique": true, "Hash Cond": "(ci.role_id = rt.id), (LLVM Optimized, Jit Execute)", "Plans": [{"Node Type": "Seq Scan", "Parent Relationship": "Outer", "Relation Name": "cast_info", "Alias": "ci", "Startup Cost": 0.0, "Total Cost": 72404.34, "Plan Rows": 36259494, "Plan Width": 12, "Actual Min Startup Time": 0.027, "Actual Max Startup Time": 0.061, "Actual Min Total Time": 127.977, "Actual Max Total Time": 141.649, "Actual Rows": 36244343}, {"Node Type": "Hash", "Parent Relationship": "Inner", "Startup Cost": 63002.47, "Total Cost": 63002.47, "Plan Rows": 64, "Plan Width": 4, "Actual Min Startup Time": 0.012, "Actual Max Startup Time": 54.189, "Actual Min Total Time": 0.012, "Actual Max Total Time": 54.189, "Max Hash Buckets": 32768, "Min Hash Buckets": 32768, "Max Hash Batches": 1, "Min Hash Batches": 1, "Max Original Hash Batches": 1, "Min Original Hash Batches": 1, "Max Peak Memory Usage": 1, "min Peak Memory Usage": 1, "Plans": [{"Node Type": "Streaming(type: BROADCAST dop: 64/1)", "Parent Relationship": "Outer", "Startup Cost": 0.0, "Total Cost": 63002.47, "Plan Rows": 64, "Plan Width": 4, "Actual Min Startup Time": 0.003, "Actual Max Startup Time": 54.169, "Actual Min Total Time": 0.004, "Actual Max Total Time": 54.17, "Plans": [{"Node Type": "Seq Scan", "Parent Relationship": "Outer", "Relation Name": "role_type", "Alias": "rt", "Startup Cost": 0.0, "Total Cost": 1.15, "Plan Rows": 1, "Plan Width": 4, "Actual Min Startup Time": 0.026, "Actual Max Startup Time": 0.026, "Actual Min Total Time": 0.03, "Actual Max Total Time": 0.03, "Filter": "((role)::text = 'costume designer'::text)", "Rows Removed by Filter": 11, "Actual Rows": 1}], "Actual Rows": 64}], "Actual Rows": 64}], "Actual Rows": 276403}], "Actual Rows": 276403}], "Actual Rows": 276403}], "Actual Rows": 218966}], "Actual Rows": 218966}, {"Node Type": "Hash", "Parent Relationship": "Inner", "Startup Cost": 169365.79, "Total Cost": 169365.79, "Plan Rows": 2609128, "Plan Width": 29, "Actual Min Startup Time": 5122.871, "Actual Max Startup Time": 5122.871, "Actual Min Total Time": 5122.871, "Actual Max Total Time": 5122.871, "Max Hash Buckets": 4194304, "Min Hash Buckets": 4194304, "Max Hash Batches": 1, "Min Hash Batches": 1, "Max Original Hash Batches": 1, "Min Original Hash Batches": 1, "Max Peak Memory Usage": 164769, "min Peak Memory Usage": 164769, "Plans": [{"Node Type": "Hash Join", "Parent Relationship": "Outer", "Join Type": "Inner", "Startup Cost": 91673.0, "Total Cost": 169365.79, "Plan Rows": 2609128, "Plan Width": 29, "Actual Min Startup Time": 1876.312, "Actual Max Startup Time": 1876.312, "Actual Min Total Time": 4112.233, "Actual Max Total Time": 4112.233, "Inner Unique": true, "Hash Cond": "(mc.movie_id = t.id), (LLVM Optimized, Jit Execute)", "Plans": [{"Node Type": "Seq Scan", "Parent Relationship": "Outer", "Relation Name": "movie_companies", "Alias": "mc", "Startup Cost": 0.0, "Total Cost": 41817.28, "Plan Rows": 2609128, "Plan Width": 8, "Actual Min Startup Time": 0.034, "Actual Max Startup Time": 0.034, "Actual Min Total Time": 589.387, "Actual Max Total Time": 589.387, "Actual Rows": 2609128}, {"Node Type": "Hash", "Parent Relationship": "Inner", "Startup Cost": 60069.11, "Total Cost": 60069.11, "Plan Rows": 2528311, "Plan Width": 21, "Actual Min Startup Time": 1873.717, "Actual Max Startup Time": 1873.717, "Actual Min Total Time": 1873.717, "Actual Max Total Time": 1873.717, "Max Hash Buckets": 4194304, "Min Hash Buckets": 4194304, "Max Hash Batches": 1, "Min Hash Batches": 1, "Max Original Hash Batches": 1, "Min Original Hash Batches": 1, "Max Peak Memory Usage": 135869, "min Peak Memory Usage": 135869, "Plans": [{"Node Type": "Seq Scan", "Parent Relationship": "Outer", "Relation Name": "title", "Alias": "t", "Startup Cost": 0.0, "Total Cost": 60069.11, "Plan Rows": 2528311, "Plan Width": 21, "Actual Min Startup Time": 0.031, "Actual Max Startup Time": 0.031, "Actual Min Total Time": 853.163, "Actual Max Total Time": 853.163, "Actual Rows": 2528311}], "Actual Rows": 2528311}], "Actual Rows": 2609128}], "Actual Rows": 2609128}], "Actual Rows": 752819}, {"Node Type": "Hash", "Parent Relationship": "Inner", "Startup Cost": 5903.45, "Total Cost": 5903.45, "Plan Rows": 85170, "Plan Width": 4, "Actual Min Startup Time": 118.572, "Actual Max Startup Time": 118.572, "Actual Min Total Time": 118.572, "Actual Max Total Time": 118.572, "Max Hash Buckets": 131072, "Min Hash Buckets": 131072, "Max Hash Batches": 1, "Min Hash Batches": 1, "Max Original Hash Batches": 1, "Min Original Hash Batches": 1, "Max Peak Memory Usage": 2983, "min Peak Memory Usage": 2983, "Plans": [{"Node Type": "Seq Scan", "Parent Relationship": "Outer", "Relation Name": "company_name", "Alias": "cn", "Startup Cost": 0.0, "Total Cost": 5903.45, "Plan Rows": 85170, "Plan Width": 4, "Actual Min Startup Time": 0.062, "Actual Max Startup Time": 0.062, "Actual Min Total Time": 96.64, "Actual Max Total Time": 96.64, "Filter": "((country_code)::text = '[us]'::text)", "Rows Removed by Filter": 150153, "Actual Rows": 84843}], "Actual Rows": 84843}], "Actual Rows": 323005}], "Actual Rows": 1}, "Triggers": [], "Planner Runtime": 175.338, "Total Runtime": 6911.384, "Unique SQL Id": 2457761703}}, "(64, '11')": {"explain_plan": {"Plan": {"Node Type": "Aggregate", "Strategy": "Plain", "Startup Cost": 6752833214283.18, "Total Cost": 6752833214283.19, "Plan Rows": 1, "Plan Width": 97, "Plans": [{"Node Type": "Nested Loop", "Parent Relationship": "Outer", "Join Type": "Inner", "Startup Cost": 70071825122.57, "Total Cost": 6752833212497.69, "Plan Rows": 357098, "Plan Width": 33, "Inner Unique": false, "Join Filter": "(t.id = ci.movie_id), (LLVM Optimized)", "Plans": [{"Node Type": "Merge Join", "Parent Relationship": "Outer", "Join Type": "Inner", "Startup Cost": 30021927926.2, "Total Cost": 3002409653794.57, "Plan Rows": 1282311, "Plan Width": 25, "Inner Unique": true, "Merge Cond": "(mc.movie_id = t.id)", "Plans": [{"Node Type": "Nested Loop", "Parent Relationship": "Outer", "Join Type": "Inner", "Startup Cost": 20000000000.0, "Total Cost": 2003347393774.42, "Plan Rows": 1282311, "Plan Width": 4, "Inner Unique": true, "Join Filter": "(cn.id = mc.company_id), (LLVM Optimized)", "Plans": [{"Node Type": "Index Scan", "Parent Relationship": "Outer", "Scan Direction": "Forward", "Index Name": "movie_id_movie_companies", "Relation Name": "movie_companies", "Alias": "mc", "Startup Cost": 10000000000.0, "Total Cost": 1000013051946.13, "Plan Rows": 2609128, "Plan Width": 8}, {"Node Type": "Materialize", "Parent Relationship": "Inner", "Startup Cost": 10000000000.0, "Total Cost": 1000001050564.82, "Plan Rows": 85170, "Plan Width": 4, "Plans": [{"Node Type": "Index Scan", "Parent Relationship": "Outer", "Scan Direction": "Forward", "Index Name": "company_name_pkey", "Relation Name": "company_name", "Alias": "cn", "Startup Cost": 10000000000.0, "Total Cost": 1000001050138.97, "Plan Rows": 85170, "Plan Width": 4, "Filter": "((country_code)::text = '[us]'::text)"}]}]}, {"Node Type": "Index Scan", "Parent Relationship": "Inner", "Scan Direction": "Forward", "Index Name": "title_pkey", "Relation Name": "title", "Alias": "t", "Startup Cost": 10000000000.0, "Total Cost": 1000011012048.91, "Plan Rows": 2528311, "Plan Width": 21}]}, {"Node Type": "Materialize", "Parent Relationship": "Inner", "Startup Cost": 40049897196.36, "Total Cost": 3721868009571.57, "Plan Rows": 1484588, "Plan Width": 20, "Plans": [{"Node Type": "Nested Loop", "Parent Relationship": "Outer", "Join Type": "Inner", "Startup Cost": 40049897196.36, "Total Cost": 3721868002148.63, "Plan Rows": 1484588, "Plan Width": 20, "Inner Unique": false, "Join Filter": "(ci.role_id = rt.id), (LLVM Optimized)", "Plans": [{"Node Type": "Index Scan", "Parent Relationship": "Outer", "Scan Direction": "Forward", "Index Name": "role_type_pkey", "Relation Name": "role_type", "Alias": "rt", "Startup Cost": 10000000000.0, "Total Cost": 1000000001246.0, "Plan Rows": 1, "Plan Width": 4, "Filter": "((role)::text = 'costume designer'::text)"}, {"Node Type": "Merge Join", "Parent Relationship": "Inner", "Join Type": "Inner", "Startup Cost": 30049897196.36, "Total Cost": 2721867796771.75, "Plan Rows": 16330470, "Plan Width": 24, "Inner Unique": false, "Merge Cond": "(an1.person_id = ci.person_id)", "Plans": [{"Node Type": "Merge Join", "Parent Relationship": "Outer", "Join Type": "Inner", "Startup Cost": 20030754356.47, "Total Cost": 2000002534968.85, "Plan Rows": 901342, "Plan Width": 24, "Inner Unique": true, "Merge Cond": "(an1.person_id = n1.id)", "Plans": [{"Node Type": "Index Scan", "Parent Relationship": "Outer", "Scan Direction": "Forward", "Index Name": "person_id_aka_name", "Relation Name": "aka_name", "Alias": "an1", "Startup Cost": 10000000000.0, "Total Cost": 1000006896503.43, "Plan Rows": 901342, "Plan Width": 20}, {"Node Type": "Index Only Scan", "Parent Relationship": "Inner", "Scan Direction": "Forward", "Index Name": "name_pkey", "Relation Name": "name", "Alias": "n1", "Startup Cost": 10000000000.0, "Total Cost": 1000012483260.0, "Plan Rows": 4167490, "Plan Width": 4}]}, {"Node Type": "Index Scan", "Parent Relationship": "Inner", "Scan Direction": "Forward", "Index Name": "person_id_cast_info", "Relation Name": "cast_info", "Alias": "ci", "Startup Cost": 10000000000.0, "Total Cost": 1000170648833.21, "Plan Rows": 36259494, "Plan Width": 12}]}]}]}]}]}, "Unique SQL Id": 2457761703, "Planner Runtime": 113}, "explain_analyze_plan": null}, "(64, '12')": {"explain_plan": {"Plan": {"Node Type": "Aggregate", "Strategy": "Plain", "Startup Cost": 528738.29, "Total Cost": 528738.3, "Plan Rows": 1, "Plan Width": 97, "Plans": [{"Node Type": "Hash Join", "Parent Relationship": "Outer", "Join Type": "Inner", "Startup Cost": 336662.4, "Total Cost": 526952.8, "Plan Rows": 357098, "Plan Width": 33, "Inner Unique": true, "Hash Cond": "(mc.company_id = cn.id), (LLVM Optimized)", "Plans": [{"Node Type": "Hash Join", "Parent Relationship": "Outer", "Join Type": "Inner", "Startup Cost": 329694.33, "Total Cost": 513689.03, "Plan Rows": 726589, "Plan Width": 37, "Inner Unique": false, "Hash Cond": "(ci.movie_id = t.id), (LLVM Optimized)", "Plans": [{"Node Type": "Streaming(type: LOCAL GATHER dop: 1/64)", "Parent Relationship": "Outer", "Startup Cost": 254738.78, "Total Cost": 417857.9, "Plan Rows": 1484588, "Plan Width": 20, "Plans": [{"Node Type": "Hash Join", "Parent Relationship": "Outer", "Join Type": "Inner", "Startup Cost": 254738.78, "Total Cost": 387231.02, "Plan Rows": 1484588, "Plan Width": 20, "Inner Unique": false, "Hash Cond": "(an1.person_id = ci.person_id), (LLVM Optimized)", "Plans": [{"Node Type": "Streaming(type: LOCAL REDISTRIBUTE dop: 64/1)", "Parent Relationship": "Outer", "Startup Cost": 202522.7, "Total Cost": 334446.0, "Plan Rows": 901342, "Plan Width": 24, "Plans": [{"Node Type": "Hash Join", "Parent Relationship": "Outer", "Join Type": "Inner", "Startup Cost": 202522.7, "Total Cost": 234824.58, "Plan Rows": 901342, "Plan Width": 24, "Inner Unique": true, "Hash Cond": "(an1.person_id = n1.id), (LLVM Optimized)", "Plans": [{"Node Type": "Seq Scan", "Parent Relationship": "Outer", "Relation Name": "aka_name", "Alias": "an1", "Startup Cost": 0.0, "Total Cost": 19908.42, "Plan Rows": 901342, "Plan Width": 20}, {"Node Type": "Hash", "Parent Relationship": "Inner", "Startup Cost": 150429.08, "Total Cost": 150429.08, "Plan Rows": 4167490, "Plan Width": 4, "Plans": [{"Node Type": "Streaming(type: LOCAL GATHER dop: 1/64)", "Parent Relationship": "Outer", "Startup Cost": 0.0, "Total Cost": 150429.08, "Plan Rows": 4167490, "Plan Width": 4, "Plans": [{"Node Type": "Seq Scan", "Parent Relationship": "Outer", "Relation Name": "name", "Alias": "n1", "Startup Cost": 0.0, "Total Cost": 64454.25, "Plan Rows": 4167490, "Plan Width": 4}]}]}]}]}, {"Node Type": "Hash", "Parent Relationship": "Inner", "Startup Cost": 203464.29, "Total Cost": 203464.29, "Plan Rows": 3296318, "Plan Width": 8, "Plans": [{"Node Type": "Streaming(type: LOCAL REDISTRIBUTE dop: 64/64)", "Parent Relationship": "Outer", "Startup Cost": 63002.48, "Total Cost": 203464.29, "Plan Rows": 3296318, "Plan Width": 8, "Plans": [{"Node Type": "Hash Join", "Parent Relationship": "Outer", "Join Type": "Inner", "Startup Cost": 63002.48, "Total Cost": 137341.8, "Plan Rows": 3296318, "Plan Width": 8, "Inner Unique": true, "Hash Cond": "(ci.role_id = rt.id), (LLVM Optimized)", "Plans": [{"Node Type": "Seq Scan", "Parent Relationship": "Outer", "Relation Name": "cast_info", "Alias": "ci", "Startup Cost": 0.0, "Total Cost": 72404.34, "Plan Rows": 36259494, "Plan Width": 12}, {"Node Type": "Hash", "Parent Relationship": "Inner", "Startup Cost": 63002.47, "Total Cost": 63002.47, "Plan Rows": 64, "Plan Width": 4, "Plans": [{"Node Type": "Streaming(type: BROADCAST dop: 64/1)", "Parent Relationship": "Outer", "Startup Cost": 0.0, "Total Cost": 63002.47, "Plan Rows": 64, "Plan Width": 4, "Plans": [{"Node Type": "Seq Scan", "Parent Relationship": "Outer", "Relation Name": "role_type", "Alias": "rt", "Startup Cost": 0.0, "Total Cost": 1.15, "Plan Rows": 1, "Plan Width": 4, "Filter": "((role)::text = 'costume designer'::text)"}]}]}]}]}]}]}]}, {"Node Type": "Hash", "Parent Relationship": "Inner", "Startup Cost": 169365.79, "Total Cost": 169365.79, "Plan Rows": 2609128, "Plan Width": 29, "Plans": [{"Node Type": "Hash Join", "Parent Relationship": "Outer", "Join Type": "Inner", "Startup Cost": 91673.0, "Total Cost": 169365.79, "Plan Rows": 2609128, "Plan Width": 29, "Inner Unique": true, "Hash Cond": "(mc.movie_id = t.id), (LLVM Optimized)", "Plans": [{"Node Type": "Seq Scan", "Parent Relationship": "Outer", "Relation Name": "movie_companies", "Alias": "mc", "Startup Cost": 0.0, "Total Cost": 41817.28, "Plan Rows": 2609128, "Plan Width": 8}, {"Node Type": "Hash", "Parent Relationship": "Inner", "Startup Cost": 60069.11, "Total Cost": 60069.11, "Plan Rows": 2528311, "Plan Width": 21, "Plans": [{"Node Type": "Seq Scan", "Parent Relationship": "Outer", "Relation Name": "title", "Alias": "t", "Startup Cost": 0.0, "Total Cost": 60069.11, "Plan Rows": 2528311, "Plan Width": 21}]}]}]}]}, {"Node Type": "Hash", "Parent Relationship": "Inner", "Startup Cost": 5903.45, "Total Cost": 5903.45, "Plan Rows": 85170, "Plan Width": 4, "Plans": [{"Node Type": "Seq Scan", "Parent Relationship": "Outer", "Relation Name": "company_name", "Alias": "cn", "Startup Cost": 0.0, "Total Cost": 5903.45, "Plan Rows": 85170, "Plan Width": 4, "Filter": "((country_code)::text = '[us]'::text)"}]}]}]}, "Unique SQL Id": 2457761703, "Planner Runtime": 181}, "explain_analyze_plan": {"Plan": {"Node Type": "Aggregate", "Strategy": "Plain", "Startup Cost": 528738.29, "Total Cost": 528738.3, "Plan Rows": 1, "Plan Width": 97, "Actual Min Startup Time": 6856.27, "Actual Max Startup Time": 6856.27, "Actual Min Total Time": 6856.271, "Actual Max Total Time": 6856.271, "Plans": [{"Node Type": "Hash Join", "Parent Relationship": "Outer", "Join Type": "Inner", "Startup Cost": 336662.4, "Total Cost": 526952.8, "Plan Rows": 357098, "Plan Width": 33, "Actual Min Startup Time": 5249.401, "Actual Max Startup Time": 5249.401, "Actual Min Total Time": 6705.964, "Actual Max Total Time": 6705.964, "Inner Unique": true, "Hash Cond": "(mc.company_id = cn.id), (LLVM Optimized, Jit Execute)", "Plans": [{"Node Type": "Hash Join", "Parent Relationship": "Outer", "Join Type": "Inner", "Startup Cost": 329694.33, "Total Cost": 513689.03, "Plan Rows": 726589, "Plan Width": 37, "Actual Min Startup Time": 5130.68, "Actual Max Startup Time": 5130.68, "Actual Min Total Time": 6388.767, "Actual Max Total Time": 6388.767, "Inner Unique": false, "Hash Cond": "(ci.movie_id = t.id), (LLVM Optimized, Jit Execute)", "Plans": [{"Node Type": "Streaming(type: LOCAL GATHER dop: 1/64)", "Parent Relationship": "Outer", "Startup Cost": 254738.78, "Total Cost": 417857.9, "Plan Rows": 1484588, "Plan Width": 20, "Actual Min Startup Time": 0.186, "Actual Max Startup Time": 0.186, "Actual Min Total Time": 983.556, "Actual Max Total Time": 983.556, "Plans": [{"Node Type": "Hash Join", "Parent Relationship": "Outer", "Join Type": "Inner", "Startup Cost": 254738.78, "Total Cost": 387231.02, "Plan Rows": 1484588, "Plan Width": 20, "Actual Min Startup Time": 2904.02, "Actual Max Startup Time": 5001.056, "Actual Min Total Time": 4507.096, "Actual Max Total Time": 6552.353, "Inner Unique": false, "Hash Cond": "(an1.person_id = ci.person_id), (LLVM Optimized, Jit Execute)", "Plans": [{"Node Type": "Streaming(type: LOCAL REDISTRIBUTE dop: 64/1)", "Parent Relationship": "Outer", "Startup Cost": 202522.7, "Total Cost": 334446.0, "Plan Rows": 901342, "Plan Width": 24, "Actual Min Startup Time": 2648.309, "Actual Max Startup Time": 2658.987, "Actual Min Total Time": 4210.018, "Actual Max Total Time": 5937.182, "Plans": [{"Node Type": "Hash Join", "Parent Relationship": "Outer", "Join Type": "Inner", "Startup Cost": 202522.7, "Total Cost": 234824.58, "Plan Rows": 901342, "Plan Width": 24, "Actual Min Startup Time": 2900.815, "Actual Max Startup Time": 2900.815, "Actual Min Total Time": 3642.451, "Actual Max Total Time": 3642.451, "Inner Unique": true, "Hash Cond": "(an1.person_id = n1.id), (LLVM Optimized, Jit Execute)", "Plans": [{"Node Type": "Seq Scan", "Parent Relationship": "Outer", "Relation Name": "aka_name", "Alias": "an1", "Startup Cost": 0.0, "Total Cost": 19908.42, "Plan Rows": 901342, "Plan Width": 20, "Actual Min Startup Time": 0.033, "Actual Max Startup Time": 0.033, "Actual Min Total Time": 226.164, "Actual Max Total Time": 226.164, "Actual Rows": 901342}, {"Node Type": "Hash", "Parent Relationship": "Inner", "Startup Cost": 150429.08, "Total Cost": 150429.08, "Plan Rows": 4167490, "Plan Width": 4, "Actual Min Startup Time": 2898.206, "Actual Max Startup Time": 2898.206, "Actual Min Total Time": 2898.206, "Actual Max Total Time": 2898.206, "Max Hash Buckets": 4194304, "Min Hash Buckets": 4194304, "Max Hash Batches": 1, "Min Hash Batches": 1, "Max Original Hash Batches": 1, "Min Original Hash Batches": 1, "Max Peak Memory Usage": 146514, "min Peak Memory Usage": 146514, "Plans": [{"Node Type": "Streaming(type: LOCAL GATHER dop: 1/64)", "Parent Relationship": "Outer", "Startup Cost": 0.0, "Total Cost": 150429.08, "Plan Rows": 4167490, "Plan Width": 4, "Actual Min Startup Time": 0.152, "Actual Max Startup Time": 0.152, "Actual Min Total Time": 1744.697, "Actual Max Total Time": 1744.697, "Plans": [{"Node Type": "Seq Scan", "Parent Relationship": "Outer", "Relation Name": "name", "Alias": "n1", "Startup Cost": 0.0, "Total Cost": 64454.25, "Plan Rows": 4167490, "Plan Width": 4, "Actual Min Startup Time": 0.018, "Actual Max Startup Time": 0.044, "Actual Min Total Time": 18.96, "Actual Max Total Time": 23.576, "Actual Rows": 4167490}], "Actual Rows": 4167490}], "Actual Rows": 4167490}], "Actual Rows": 901342}], "Actual Rows": 901342}, {"Node Type": "Hash", "Parent Relationship": "Inner", "Startup Cost": 203464.29, "Total Cost": 203464.29, "Plan Rows": 3296318, "Plan Width": 8, "Actual Min Startup Time": 251.014, "Actual Max Startup Time": 617.726, "Actual Min Total Time": 251.014, "Actual Max Total Time": 617.726, "Max Hash Buckets": 65536, "Min Hash Buckets": 65536, "Max Hash Batches": 1, "Min Hash Batches": 1, "Max Original Hash Batches": 1, "Min Original Hash Batches": 1, "Max Peak Memory Usage": 153, "min Peak Memory Usage": 153, "Plans": [{"Node Type": "Streaming(type: LOCAL REDISTRIBUTE dop: 64/64)", "Parent Relationship": "Outer", "Startup Cost": 63002.48, "Total Cost": 203464.29, "Plan Rows": 3296318, "Plan Width": 8, "Actual Min Startup Time": 0.126, "Actual Max Startup Time": 331.621, "Actual Min Total Time": 250.064, "Actual Max Total Time": 616.635, "Plans": [{"Node Type": "Hash Join", "Parent Relationship": "Outer", "Join Type": "Inner", "Startup Cost": 63002.48, "Total Cost": 137341.8, "Plan Rows": 3296318, "Plan Width": 8, "Actual Min Startup Time": 184.436, "Actual Max Startup Time": 286.242, "Actual Min Total Time": 231.359, "Actual Max Total Time": 286.242, "Inner Unique": true, "Hash Cond": "(ci.role_id = rt.id), (LLVM Optimized, Jit Execute)", "Plans": [{"Node Type": "Seq Scan", "Parent Relationship": "Outer", "Relation Name": "cast_info", "Alias": "ci", "Startup Cost": 0.0, "Total Cost": 72404.34, "Plan Rows": 36259494, "Plan Width": 12, "Actual Min Startup Time": 0.027, "Actual Max Startup Time": 0.061, "Actual Min Total Time": 127.977, "Actual Max Total Time": 141.649, "Actual Rows": 36244343}, {"Node Type": "Hash", "Parent Relationship": "Inner", "Startup Cost": 63002.47, "Total Cost": 63002.47, "Plan Rows": 64, "Plan Width": 4, "Actual Min Startup Time": 0.012, "Actual Max Startup Time": 54.189, "Actual Min Total Time": 0.012, "Actual Max Total Time": 54.189, "Max Hash Buckets": 32768, "Min Hash Buckets": 32768, "Max Hash Batches": 1, "Min Hash Batches": 1, "Max Original Hash Batches": 1, "Min Original Hash Batches": 1, "Max Peak Memory Usage": 1, "min Peak Memory Usage": 1, "Plans": [{"Node Type": "Streaming(type: BROADCAST dop: 64/1)", "Parent Relationship": "Outer", "Startup Cost": 0.0, "Total Cost": 63002.47, "Plan Rows": 64, "Plan Width": 4, "Actual Min Startup Time": 0.003, "Actual Max Startup Time": 54.169, "Actual Min Total Time": 0.004, "Actual Max Total Time": 54.17, "Plans": [{"Node Type": "Seq Scan", "Parent Relationship": "Outer", "Relation Name": "role_type", "Alias": "rt", "Startup Cost": 0.0, "Total Cost": 1.15, "Plan Rows": 1, "Plan Width": 4, "Actual Min Startup Time": 0.026, "Actual Max Startup Time": 0.026, "Actual Min Total Time": 0.03, "Actual Max Total Time": 0.03, "Filter": "((role)::text = 'costume designer'::text)", "Rows Removed by Filter": 11, "Actual Rows": 1}], "Actual Rows": 64}], "Actual Rows": 64}], "Actual Rows": 276403}], "Actual Rows": 276403}], "Actual Rows": 276403}], "Actual Rows": 218966}], "Actual Rows": 218966}, {"Node Type": "Hash", "Parent Relationship": "Inner", "Startup Cost": 169365.79, "Total Cost": 169365.79, "Plan Rows": 2609128, "Plan Width": 29, "Actual Min Startup Time": 5122.871, "Actual Max Startup Time": 5122.871, "Actual Min Total Time": 5122.871, "Actual Max Total Time": 5122.871, "Max Hash Buckets": 4194304, "Min Hash Buckets": 4194304, "Max Hash Batches": 1, "Min Hash Batches": 1, "Max Original Hash Batches": 1, "Min Original Hash Batches": 1, "Max Peak Memory Usage": 164769, "min Peak Memory Usage": 164769, "Plans": [{"Node Type": "Hash Join", "Parent Relationship": "Outer", "Join Type": "Inner", "Startup Cost": 91673.0, "Total Cost": 169365.79, "Plan Rows": 2609128, "Plan Width": 29, "Actual Min Startup Time": 1876.312, "Actual Max Startup Time": 1876.312, "Actual Min Total Time": 4112.233, "Actual Max Total Time": 4112.233, "Inner Unique": true, "Hash Cond": "(mc.movie_id = t.id), (LLVM Optimized, Jit Execute)", "Plans": [{"Node Type": "Seq Scan", "Parent Relationship": "Outer", "Relation Name": "movie_companies", "Alias": "mc", "Startup Cost": 0.0, "Total Cost": 41817.28, "Plan Rows": 2609128, "Plan Width": 8, "Actual Min Startup Time": 0.034, "Actual Max Startup Time": 0.034, "Actual Min Total Time": 589.387, "Actual Max Total Time": 589.387, "Actual Rows": 2609128}, {"Node Type": "Hash", "Parent Relationship": "Inner", "Startup Cost": 60069.11, "Total Cost": 60069.11, "Plan Rows": 2528311, "Plan Width": 21, "Actual Min Startup Time": 1873.717, "Actual Max Startup Time": 1873.717, "Actual Min Total Time": 1873.717, "Actual Max Total Time": 1873.717, "Max Hash Buckets": 4194304, "Min Hash Buckets": 4194304, "Max Hash Batches": 1, "Min Hash Batches": 1, "Max Original Hash Batches": 1, "Min Original Hash Batches": 1, "Max Peak Memory Usage": 135869, "min Peak Memory Usage": 135869, "Plans": [{"Node Type": "Seq Scan", "Parent Relationship": "Outer", "Relation Name": "title", "Alias": "t", "Startup Cost": 0.0, "Total Cost": 60069.11, "Plan Rows": 2528311, "Plan Width": 21, "Actual Min Startup Time": 0.031, "Actual Max Startup Time": 0.031, "Actual Min Total Time": 853.163, "Actual Max Total Time": 853.163, "Actual Rows": 2528311}], "Actual Rows": 2528311}], "Actual Rows": 2609128}], "Actual Rows": 2609128}], "Actual Rows": 752819}, {"Node Type": "Hash", "Parent Relationship": "Inner", "Startup Cost": 5903.45, "Total Cost": 5903.45, "Plan Rows": 85170, "Plan Width": 4, "Actual Min Startup Time": 118.572, "Actual Max Startup Time": 118.572, "Actual Min Total Time": 118.572, "Actual Max Total Time": 118.572, "Max Hash Buckets": 131072, "Min Hash Buckets": 131072, "Max Hash Batches": 1, "Min Hash Batches": 1, "Max Original Hash Batches": 1, "Min Original Hash Batches": 1, "Max Peak Memory Usage": 2983, "min Peak Memory Usage": 2983, "Plans": [{"Node Type": "Seq Scan", "Parent Relationship": "Outer", "Relation Name": "company_name", "Alias": "cn", "Startup Cost": 0.0, "Total Cost": 5903.45, "Plan Rows": 85170, "Plan Width": 4, "Actual Min Startup Time": 0.062, "Actual Max Startup Time": 0.062, "Actual Min Total Time": 96.64, "Actual Max Total Time": 96.64, "Filter": "((country_code)::text = '[us]'::text)", "Rows Removed by Filter": 150153, "Actual Rows": 84843}], "Actual Rows": 84843}], "Actual Rows": 323005}], "Actual Rows": 1}, "Triggers": [], "Planner Runtime": 175.338, "Total Runtime": 6911.384, "Unique SQL Id": 2457761703}}, "(64, '13')": {"explain_plan": {"Plan": {"Node Type": "Aggregate", "Strategy": "Plain", "Startup Cost": 772871.67, "Total Cost": 772871.68, "Plan Rows": 1, "Plan Width": 97, "Plans": [{"Node Type": "Nested Loop", "Parent Relationship": "Outer", "Join Type": "Inner", "Startup Cost": 599201.04, "Total Cost": 771086.18, "Plan Rows": 357098, "Plan Width": 33, "Inner Unique": true, "Join Filter": "(an1.person_id = n1.id), (LLVM Optimized)", "Plans": [{"Node Type": "Merge Join", "Parent Relationship": "Outer", "Join Type": "Inner", "Startup Cost": 599201.04, "Total Cost": 667567.53, "Plan Rows": 357098, "Plan Width": 41, "Inner Unique": false, "Merge Cond": "(ci.person_id = an1.person_id)", "Plans": [{"Node Type": "Sort", "Parent Relationship": "Outer", "Startup Cost": 599200.97, "Total Cost": 600977.12, "Plan Rows": 710459, "Plan Width": 21, "Sort Key": ["ci.person_id"], "Plans": [{"Node Type": "Hash Join", "Parent Relationship": "Outer", "Join Type": "Inner", "Startup Cost": 329665.48, "Total Cost": 530150.07, "Plan Rows": 710459, "Plan Width": 21, "Inner Unique": false, "Hash Cond": "(ci.movie_id = t.id), (LLVM Optimized)", "Plans": [{"Node Type": "Nested Loop", "Parent Relationship": "Outer", "Join Type": "Inner", "Startup Cost": 0.0, "Total Cost": 171418.25, "Plan Rows": 3296318, "Plan Width": 8, "Inner Unique": false, "Plans": [{"Node Type": "Index Scan", "Parent Relationship": "Outer", "Scan Direction": "Forward", "Index Name": "role_type_pkey", "Relation Name": "role_type", "Alias": "rt", "Startup Cost": 0.0, "Total Cost": 12.46, "Plan Rows": 1, "Plan Width": 4, "Filter": "((role)::text = 'costume designer'::text)"}, {"Node Type": "Index Scan", "Parent Relationship": "Inner", "Scan Direction": "Forward", "Index Name": "role_id_cast_info", "Relation Name": "cast_info", "Alias": "ci", "Startup Cost": 0.0, "Total Cost": 138442.61, "Plan Rows": 3296318, "Plan Width": 12, "Index Cond": "(role_id = rt.id), (LLVM Optimized)"}]}, {"Node Type": "Hash", "Parent Relationship": "Inner", "Startup Cost": 313636.59, "Total Cost": 313636.59, "Plan Rows": 1282311, "Plan Width": 25, "Plans": [{"Node Type": "Hash Join", "Parent Relationship": "Outer", "Join Type": "Inner", "Startup Cost": 11568.59, "Total Cost": 313636.59, "Plan Rows": 1282311, "Plan Width": 25, "Inner Unique": true, "Hash Cond": "(mc.company_id = cn.id), (LLVM Optimized)", "Plans": [{"Node Type": "Merge Join", "Parent Relationship": "Outer", "Join Type": "Inner", "Startup Cost": 2.58, "Total Cost": 279463.24, "Plan Rows": 2609128, "Plan Width": 29, "Inner Unique": false, "Merge Cond": "(t.id = mc.movie_id)", "Plans": [{"Node Type": "Index Scan", "Parent Relationship": "Outer", "Scan Direction": "Forward", "Index Name": "title_pkey", "Relation Name": "title", "Alias": "t", "Startup Cost": 0.0, "Total Cost": 110120.49, "Plan Rows": 2528311, "Plan Width": 21}, {"Node Type": "Index Scan", "Parent Relationship": "Inner", "Scan Direction": "Forward", "Index Name": "movie_id_movie_companies", "Relation Name": "movie_companies", "Alias": "mc", "Startup Cost": 0.0, "Total Cost": 130519.46, "Plan Rows": 2609128, "Plan Width": 8}]}, {"Node Type": "Hash", "Parent Relationship": "Inner", "Startup Cost": 10501.39, "Total Cost": 10501.39, "Plan Rows": 85170, "Plan Width": 4, "Plans": [{"Node Type": "Index Scan", "Parent Relationship": "Outer", "Scan Direction": "Forward", "Index Name": "company_name_pkey", "Relation Name": "company_name", "Alias": "cn", "Startup Cost": 0.0, "Total Cost": 10501.39, "Plan Rows": 85170, "Plan Width": 4, "Filter": "((country_code)::text = '[us]'::text)"}]}]}]}]}]}, {"Node Type": "Index Scan", "Parent Relationship": "Inner", "Scan Direction": "Forward", "Index Name": "person_id_aka_name", "Relation Name": "aka_name", "Alias": "an1", "Startup Cost": 0.0, "Total Cost": 68965.03, "Plan Rows": 901342, "Plan Width": 20}]}, {"Node Type": "Index Scan", "Parent Relationship": "Inner", "Scan Direction": "Forward", "Index Name": "name_pkey", "Relation Name": "name", "Alias": "n1", "Startup Cost": 0.0, "Total Cost": 0.28, "Plan Rows": 1, "Plan Width": 4, "Index Cond": "(id = ci.person_id)"}]}]}, "Unique SQL Id": 2457761703, "Planner Runtime": 116}, "explain_analyze_plan": {"Plan": {"Node Type": "Aggregate", "Strategy": "Plain", "Startup Cost": 772871.67, "Total Cost": 772871.68, "Plan Rows": 1, "Plan Width": 97, "Actual Startup Time": 10889.59, "Actual Total Time": 10889.59, "Actual Rows": 1, "Actual Loops": 1, "Plans": [{"Node Type": "Nested Loop", "Parent Relationship": "Outer", "Join Type": "Inner", "Startup Cost": 599201.04, "Total Cost": 771086.18, "Plan Rows": 357098, "Plan Width": 33, "Actual Startup Time": 8568.001, "Actual Total Time": 10700.116, "Actual Rows": 323005, "Actual Loops": 1, "Inner Unique": true, "Join Filter": "(an1.person_id = n1.id), (LLVM Optimized, Jit Execute)", "Rows Removed by Join Filter": 0, "Plans": [{"Node Type": "Merge Join", "Parent Relationship": "Outer", "Join Type": "Inner", "Startup Cost": 599201.04, "Total Cost": 667567.53, "Plan Rows": 357098, "Plan Width": 41, "Actual Startup Time": 8567.967, "Actual Total Time": 9608.939, "Actual Rows": 323005, "Actual Loops": 1, "Inner Unique": false, "Merge Cond": "(ci.person_id = an1.person_id)", "Plans": [{"Node Type": "Sort", "Parent Relationship": "Outer", "Startup Cost": 599200.97, "Total Cost": 600977.12, "Plan Rows": 710459, "Plan Width": 21, "Actual Startup Time": 8567.868, "Actual Total Time": 8613.595, "Actual Rows": 285537, "Actual Loops": 1, "Sort Key": ["ci.person_id"], "Sort Method": "quicksort", "Sort Space Used": 39613, "Sort Space Type": "Memory", "Plans": [{"Node Type": "Hash Join", "Parent Relationship": "Outer", "Join Type": "Inner", "Startup Cost": 329665.48, "Total Cost": 530150.07, "Plan Rows": 710459, "Plan Width": 21, "Actual Startup Time": 8118.67, "Actual Total Time": 8481.675, "Actual Rows": 285537, "Actual Loops": 1, "Inner Unique": false, "Hash Cond": "(ci.movie_id = t.id), (LLVM Optimized, Jit Execute)", "Plans": [{"Node Type": "Nested Loop", "Parent Relationship": "Outer", "Join Type": "Inner", "Startup Cost": 0.0, "Total Cost": 171418.25, "Plan Rows": 3296318, "Plan Width": 8, "Actual Startup Time": 0.074, "Actual Total Time": 201.362, "Actual Rows": 276403, "Actual Loops": 1, "Inner Unique": false, "Plans": [{"Node Type": "Index Scan", "Parent Relationship": "Outer", "Scan Direction": "Forward", "Index Name": "role_type_pkey", "Relation Name": "role_type", "Alias": "rt", "Startup Cost": 0.0, "Total Cost": 12.46, "Plan Rows": 1, "Plan Width": 4, "Actual Startup Time": 0.03, "Actual Total Time": 0.045, "Actual Rows": 1, "Actual Loops": 1, "Filter": "((role)::text = 'costume designer'::text)", "Rows Removed by Filter": 11}, {"Node Type": "Index Scan", "Parent Relationship": "Inner", "Scan Direction": "Forward", "Index Name": "role_id_cast_info", "Relation Name": "cast_info", "Alias": "ci", "Startup Cost": 0.0, "Total Cost": 138442.61, "Plan Rows": 3296318, "Plan Width": 12, "Actual Startup Time": 0.04, "Actual Total Time": 147.913, "Actual Rows": 276403, "Actual Loops": 1, "Index Cond": "(role_id = rt.id), (LLVM Optimized, Jit Execute)", "Rows Removed by Index Recheck": 0}]}, {"Node Type": "Hash", "Parent Relationship": "Inner", "Startup Cost": 313636.59, "Total Cost": 313636.59, "Plan Rows": 1282311, "Plan Width": 25, "Actual Startup Time": 8117.198, "Actual Total Time": 8117.198, "Actual Rows": 1153797, "Actual Loops": 1, "Hash Buckets": 2097152, "Hash Batches": 1, "Original Hash Batches": 1, "Peak Memory Usage": 68508, "Plans": [{"Node Type": "Hash Join", "Parent Relationship": "Outer", "Join Type": "Inner", "Startup Cost": 11568.59, "Total Cost": 313636.59, "Plan Rows": 1282311, "Plan Width": 25, "Actual Startup Time": 339.775, "Actual Total Time": 7669.209, "Actual Rows": 1153797, "Actual Loops": 1, "Inner Unique": true, "Hash Cond": "(mc.company_id = cn.id), (LLVM Optimized, Jit Execute)", "Plans": [{"Node Type": "Merge Join", "Parent Relationship": "Outer", "Join Type": "Inner", "Startup Cost": 2.58, "Total Cost": 279463.24, "Plan Rows": 2609128, "Plan Width": 29, "Actual Startup Time": 0.055, "Actual Total Time": 6495.806, "Actual Rows": 2609128, "Actual Loops": 1, "Inner Unique": false, "Merge Cond": "(t.id = mc.movie_id)", "Plans": [{"Node Type": "Index Scan", "Parent Relationship": "Outer", "Scan Direction": "Forward", "Index Name": "title_pkey", "Relation Name": "title", "Alias": "t", "Startup Cost": 0.0, "Total Cost": 110120.49, "Plan Rows": 2528311, "Plan Width": 21, "Actual Startup Time": 0.023, "Actual Total Time": 3170.139, "Actual Rows": 2525745, "Actual Loops": 1}, {"Node Type": "Index Scan", "Parent Relationship": "Inner", "Scan Direction": "Forward", "Index Name": "movie_id_movie_companies", "Relation Name": "movie_companies", "Alias": "mc", "Startup Cost": 0.0, "Total Cost": 130519.46, "Plan Rows": 2609128, "Plan Width": 8, "Actual Startup Time": 0.021, "Actual Total Time": 1800.628, "Actual Rows": 2609128, "Actual Loops": 1}]}, {"Node Type": "Hash", "Parent Relationship": "Inner", "Startup Cost": 10501.39, "Total Cost": 10501.39, "Plan Rows": 85170, "Plan Width": 4, "Actual Startup Time": 339.612, "Actual Total Time": 339.612, "Actual Rows": 84843, "Actual Loops": 1, "Hash Buckets": 131072, "Hash Batches": 1, "Original Hash Batches": 1, "Peak Memory Usage": 2983, "Plans": [{"Node Type": "Index Scan", "Parent Relationship": "Outer", "Scan Direction": "Forward", "Index Name": "company_name_pkey", "Relation Name": "company_name", "Alias": "cn", "Startup Cost": 0.0, "Total Cost": 10501.39, "Plan Rows": 85170, "Plan Width": 4, "Actual Startup Time": 0.026, "Actual Total Time": 313.635, "Actual Rows": 84843, "Actual Loops": 1, "Filter": "((country_code)::text = '[us]'::text)", "Rows Removed by Filter": 150153}]}]}]}]}]}, {"Node Type": "Index Scan", "Parent Relationship": "Inner", "Scan Direction": "Forward", "Index Name": "person_id_aka_name", "Relation Name": "aka_name", "Alias": "an1", "Startup Cost": 0.0, "Total Cost": 68965.03, "Plan Rows": 901342, "Plan Width": 20, "Actual Startup Time": 0.051, "Actual Total Time": 735.393, "Actual Rows": 1003872, "Actual Loops": 1}]}, {"Node Type": "Index Scan", "Parent Relationship": "Inner", "Scan Direction": "Forward", "Index Name": "name_pkey", "Relation Name": "name", "Alias": "n1", "Startup Cost": 0.0, "Total Cost": 0.28, "Plan Rows": 1, "Plan Width": 4, "Actual Startup Time": 835.51, "Actual Total Time": 835.51, "Actual Rows": 323005, "Actual Loops": 323005, "Index Cond": "(id = ci.person_id)", "Rows Removed by Index Recheck": 0}]}]}, "Triggers": [], "Planner Runtime": 115.481, "Total Runtime": 10899.963, "Unique SQL Id": 2457761703}}, "(64, '14')": {"explain_plan": {"Plan": {"Node Type": "Aggregate", "Strategy": "Plain", "Startup Cost": 528738.29, "Total Cost": 528738.3, "Plan Rows": 1, "Plan Width": 97, "Plans": [{"Node Type": "Hash Join", "Parent Relationship": "Outer", "Join Type": "Inner", "Startup Cost": 336662.4, "Total Cost": 526952.8, "Plan Rows": 357098, "Plan Width": 33, "Inner Unique": true, "Hash Cond": "(mc.company_id = cn.id), (LLVM Optimized)", "Plans": [{"Node Type": "Hash Join", "Parent Relationship": "Outer", "Join Type": "Inner", "Startup Cost": 329694.33, "Total Cost": 513689.03, "Plan Rows": 726589, "Plan Width": 37, "Inner Unique": false, "Hash Cond": "(ci.movie_id = t.id), (LLVM Optimized)", "Plans": [{"Node Type": "Streaming(type: LOCAL GATHER dop: 1/64)", "Parent Relationship": "Outer", "Startup Cost": 254738.78, "Total Cost": 417857.9, "Plan Rows": 1484588, "Plan Width": 20, "Plans": [{"Node Type": "Hash Join", "Parent Relationship": "Outer", "Join Type": "Inner", "Startup Cost": 254738.78, "Total Cost": 387231.02, "Plan Rows": 1484588, "Plan Width": 20, "Inner Unique": false, "Hash Cond": "(an1.person_id = ci.person_id), (LLVM Optimized)", "Plans": [{"Node Type": "Streaming(type: LOCAL REDISTRIBUTE dop: 64/1)", "Parent Relationship": "Outer", "Startup Cost": 202522.7, "Total Cost": 334446.0, "Plan Rows": 901342, "Plan Width": 24, "Plans": [{"Node Type": "Hash Join", "Parent Relationship": "Outer", "Join Type": "Inner", "Startup Cost": 202522.7, "Total Cost": 234824.58, "Plan Rows": 901342, "Plan Width": 24, "Inner Unique": true, "Hash Cond": "(an1.person_id = n1.id), (LLVM Optimized)", "Plans": [{"Node Type": "Seq Scan", "Parent Relationship": "Outer", "Relation Name": "aka_name", "Alias": "an1", "Startup Cost": 0.0, "Total Cost": 19908.42, "Plan Rows": 901342, "Plan Width": 20}, {"Node Type": "Hash", "Parent Relationship": "Inner", "Startup Cost": 150429.08, "Total Cost": 150429.08, "Plan Rows": 4167490, "Plan Width": 4, "Plans": [{"Node Type": "Streaming(type: LOCAL GATHER dop: 1/64)", "Parent Relationship": "Outer", "Startup Cost": 0.0, "Total Cost": 150429.08, "Plan Rows": 4167490, "Plan Width": 4, "Plans": [{"Node Type": "Seq Scan", "Parent Relationship": "Outer", "Relation Name": "name", "Alias": "n1", "Startup Cost": 0.0, "Total Cost": 64454.25, "Plan Rows": 4167490, "Plan Width": 4}]}]}]}]}, {"Node Type": "Hash", "Parent Relationship": "Inner", "Startup Cost": 203464.29, "Total Cost": 203464.29, "Plan Rows": 3296318, "Plan Width": 8, "Plans": [{"Node Type": "Streaming(type: LOCAL REDISTRIBUTE dop: 64/64)", "Parent Relationship": "Outer", "Startup Cost": 63002.48, "Total Cost": 203464.29, "Plan Rows": 3296318, "Plan Width": 8, "Plans": [{"Node Type": "Hash Join", "Parent Relationship": "Outer", "Join Type": "Inner", "Startup Cost": 63002.48, "Total Cost": 137341.8, "Plan Rows": 3296318, "Plan Width": 8, "Inner Unique": true, "Hash Cond": "(ci.role_id = rt.id), (LLVM Optimized)", "Plans": [{"Node Type": "Seq Scan", "Parent Relationship": "Outer", "Relation Name": "cast_info", "Alias": "ci", "Startup Cost": 0.0, "Total Cost": 72404.34, "Plan Rows": 36259494, "Plan Width": 12}, {"Node Type": "Hash", "Parent Relationship": "Inner", "Startup Cost": 63002.47, "Total Cost": 63002.47, "Plan Rows": 64, "Plan Width": 4, "Plans": [{"Node Type": "Streaming(type: BROADCAST dop: 64/1)", "Parent Relationship": "Outer", "Startup Cost": 0.0, "Total Cost": 63002.47, "Plan Rows": 64, "Plan Width": 4, "Plans": [{"Node Type": "Seq Scan", "Parent Relationship": "Outer", "Relation Name": "role_type", "Alias": "rt", "Startup Cost": 0.0, "Total Cost": 1.15, "Plan Rows": 1, "Plan Width": 4, "Filter": "((role)::text = 'costume designer'::text)"}]}]}]}]}]}]}]}, {"Node Type": "Hash", "Parent Relationship": "Inner", "Startup Cost": 169365.79, "Total Cost": 169365.79, "Plan Rows": 2609128, "Plan Width": 29, "Plans": [{"Node Type": "Hash Join", "Parent Relationship": "Outer", "Join Type": "Inner", "Startup Cost": 91673.0, "Total Cost": 169365.79, "Plan Rows": 2609128, "Plan Width": 29, "Inner Unique": true, "Hash Cond": "(mc.movie_id = t.id), (LLVM Optimized)", "Plans": [{"Node Type": "Seq Scan", "Parent Relationship": "Outer", "Relation Name": "movie_companies", "Alias": "mc", "Startup Cost": 0.0, "Total Cost": 41817.28, "Plan Rows": 2609128, "Plan Width": 8}, {"Node Type": "Hash", "Parent Relationship": "Inner", "Startup Cost": 60069.11, "Total Cost": 60069.11, "Plan Rows": 2528311, "Plan Width": 21, "Plans": [{"Node Type": "Seq Scan", "Parent Relationship": "Outer", "Relation Name": "title", "Alias": "t", "Startup Cost": 0.0, "Total Cost": 60069.11, "Plan Rows": 2528311, "Plan Width": 21}]}]}]}]}, {"Node Type": "Hash", "Parent Relationship": "Inner", "Startup Cost": 5903.45, "Total Cost": 5903.45, "Plan Rows": 85170, "Plan Width": 4, "Plans": [{"Node Type": "Seq Scan", "Parent Relationship": "Outer", "Relation Name": "company_name", "Alias": "cn", "Startup Cost": 0.0, "Total Cost": 5903.45, "Plan Rows": 85170, "Plan Width": 4, "Filter": "((country_code)::text = '[us]'::text)"}]}]}]}, "Unique SQL Id": 2457761703, "Planner Runtime": 193}, "explain_analyze_plan": {"Plan": {"Node Type": "Aggregate", "Strategy": "Plain", "Startup Cost": 528738.29, "Total Cost": 528738.3, "Plan Rows": 1, "Plan Width": 97, "Actual Min Startup Time": 6856.27, "Actual Max Startup Time": 6856.27, "Actual Min Total Time": 6856.271, "Actual Max Total Time": 6856.271, "Plans": [{"Node Type": "Hash Join", "Parent Relationship": "Outer", "Join Type": "Inner", "Startup Cost": 336662.4, "Total Cost": 526952.8, "Plan Rows": 357098, "Plan Width": 33, "Actual Min Startup Time": 5249.401, "Actual Max Startup Time": 5249.401, "Actual Min Total Time": 6705.964, "Actual Max Total Time": 6705.964, "Inner Unique": true, "Hash Cond": "(mc.company_id = cn.id), (LLVM Optimized, Jit Execute)", "Plans": [{"Node Type": "Hash Join", "Parent Relationship": "Outer", "Join Type": "Inner", "Startup Cost": 329694.33, "Total Cost": 513689.03, "Plan Rows": 726589, "Plan Width": 37, "Actual Min Startup Time": 5130.68, "Actual Max Startup Time": 5130.68, "Actual Min Total Time": 6388.767, "Actual Max Total Time": 6388.767, "Inner Unique": false, "Hash Cond": "(ci.movie_id = t.id), (LLVM Optimized, Jit Execute)", "Plans": [{"Node Type": "Streaming(type: LOCAL GATHER dop: 1/64)", "Parent Relationship": "Outer", "Startup Cost": 254738.78, "Total Cost": 417857.9, "Plan Rows": 1484588, "Plan Width": 20, "Actual Min Startup Time": 0.186, "Actual Max Startup Time": 0.186, "Actual Min Total Time": 983.556, "Actual Max Total Time": 983.556, "Plans": [{"Node Type": "Hash Join", "Parent Relationship": "Outer", "Join Type": "Inner", "Startup Cost": 254738.78, "Total Cost": 387231.02, "Plan Rows": 1484588, "Plan Width": 20, "Actual Min Startup Time": 2904.02, "Actual Max Startup Time": 5001.056, "Actual Min Total Time": 4507.096, "Actual Max Total Time": 6552.353, "Inner Unique": false, "Hash Cond": "(an1.person_id = ci.person_id), (LLVM Optimized, Jit Execute)", "Plans": [{"Node Type": "Streaming(type: LOCAL REDISTRIBUTE dop: 64/1)", "Parent Relationship": "Outer", "Startup Cost": 202522.7, "Total Cost": 334446.0, "Plan Rows": 901342, "Plan Width": 24, "Actual Min Startup Time": 2648.309, "Actual Max Startup Time": 2658.987, "Actual Min Total Time": 4210.018, "Actual Max Total Time": 5937.182, "Plans": [{"Node Type": "Hash Join", "Parent Relationship": "Outer", "Join Type": "Inner", "Startup Cost": 202522.7, "Total Cost": 234824.58, "Plan Rows": 901342, "Plan Width": 24, "Actual Min Startup Time": 2900.815, "Actual Max Startup Time": 2900.815, "Actual Min Total Time": 3642.451, "Actual Max Total Time": 3642.451, "Inner Unique": true, "Hash Cond": "(an1.person_id = n1.id), (LLVM Optimized, Jit Execute)", "Plans": [{"Node Type": "Seq Scan", "Parent Relationship": "Outer", "Relation Name": "aka_name", "Alias": "an1", "Startup Cost": 0.0, "Total Cost": 19908.42, "Plan Rows": 901342, "Plan Width": 20, "Actual Min Startup Time": 0.033, "Actual Max Startup Time": 0.033, "Actual Min Total Time": 226.164, "Actual Max Total Time": 226.164, "Actual Rows": 901342}, {"Node Type": "Hash", "Parent Relationship": "Inner", "Startup Cost": 150429.08, "Total Cost": 150429.08, "Plan Rows": 4167490, "Plan Width": 4, "Actual Min Startup Time": 2898.206, "Actual Max Startup Time": 2898.206, "Actual Min Total Time": 2898.206, "Actual Max Total Time": 2898.206, "Max Hash Buckets": 4194304, "Min Hash Buckets": 4194304, "Max Hash Batches": 1, "Min Hash Batches": 1, "Max Original Hash Batches": 1, "Min Original Hash Batches": 1, "Max Peak Memory Usage": 146514, "min Peak Memory Usage": 146514, "Plans": [{"Node Type": "Streaming(type: LOCAL GATHER dop: 1/64)", "Parent Relationship": "Outer", "Startup Cost": 0.0, "Total Cost": 150429.08, "Plan Rows": 4167490, "Plan Width": 4, "Actual Min Startup Time": 0.152, "Actual Max Startup Time": 0.152, "Actual Min Total Time": 1744.697, "Actual Max Total Time": 1744.697, "Plans": [{"Node Type": "Seq Scan", "Parent Relationship": "Outer", "Relation Name": "name", "Alias": "n1", "Startup Cost": 0.0, "Total Cost": 64454.25, "Plan Rows": 4167490, "Plan Width": 4, "Actual Min Startup Time": 0.018, "Actual Max Startup Time": 0.044, "Actual Min Total Time": 18.96, "Actual Max Total Time": 23.576, "Actual Rows": 4167490}], "Actual Rows": 4167490}], "Actual Rows": 4167490}], "Actual Rows": 901342}], "Actual Rows": 901342}, {"Node Type": "Hash", "Parent Relationship": "Inner", "Startup Cost": 203464.29, "Total Cost": 203464.29, "Plan Rows": 3296318, "Plan Width": 8, "Actual Min Startup Time": 251.014, "Actual Max Startup Time": 617.726, "Actual Min Total Time": 251.014, "Actual Max Total Time": 617.726, "Max Hash Buckets": 65536, "Min Hash Buckets": 65536, "Max Hash Batches": 1, "Min Hash Batches": 1, "Max Original Hash Batches": 1, "Min Original Hash Batches": 1, "Max Peak Memory Usage": 153, "min Peak Memory Usage": 153, "Plans": [{"Node Type": "Streaming(type: LOCAL REDISTRIBUTE dop: 64/64)", "Parent Relationship": "Outer", "Startup Cost": 63002.48, "Total Cost": 203464.29, "Plan Rows": 3296318, "Plan Width": 8, "Actual Min Startup Time": 0.126, "Actual Max Startup Time": 331.621, "Actual Min Total Time": 250.064, "Actual Max Total Time": 616.635, "Plans": [{"Node Type": "Hash Join", "Parent Relationship": "Outer", "Join Type": "Inner", "Startup Cost": 63002.48, "Total Cost": 137341.8, "Plan Rows": 3296318, "Plan Width": 8, "Actual Min Startup Time": 184.436, "Actual Max Startup Time": 286.242, "Actual Min Total Time": 231.359, "Actual Max Total Time": 286.242, "Inner Unique": true, "Hash Cond": "(ci.role_id = rt.id), (LLVM Optimized, Jit Execute)", "Plans": [{"Node Type": "Seq Scan", "Parent Relationship": "Outer", "Relation Name": "cast_info", "Alias": "ci", "Startup Cost": 0.0, "Total Cost": 72404.34, "Plan Rows": 36259494, "Plan Width": 12, "Actual Min Startup Time": 0.027, "Actual Max Startup Time": 0.061, "Actual Min Total Time": 127.977, "Actual Max Total Time": 141.649, "Actual Rows": 36244343}, {"Node Type": "Hash", "Parent Relationship": "Inner", "Startup Cost": 63002.47, "Total Cost": 63002.47, "Plan Rows": 64, "Plan Width": 4, "Actual Min Startup Time": 0.012, "Actual Max Startup Time": 54.189, "Actual Min Total Time": 0.012, "Actual Max Total Time": 54.189, "Max Hash Buckets": 32768, "Min Hash Buckets": 32768, "Max Hash Batches": 1, "Min Hash Batches": 1, "Max Original Hash Batches": 1, "Min Original Hash Batches": 1, "Max Peak Memory Usage": 1, "min Peak Memory Usage": 1, "Plans": [{"Node Type": "Streaming(type: BROADCAST dop: 64/1)", "Parent Relationship": "Outer", "Startup Cost": 0.0, "Total Cost": 63002.47, "Plan Rows": 64, "Plan Width": 4, "Actual Min Startup Time": 0.003, "Actual Max Startup Time": 54.169, "Actual Min Total Time": 0.004, "Actual Max Total Time": 54.17, "Plans": [{"Node Type": "Seq Scan", "Parent Relationship": "Outer", "Relation Name": "role_type", "Alias": "rt", "Startup Cost": 0.0, "Total Cost": 1.15, "Plan Rows": 1, "Plan Width": 4, "Actual Min Startup Time": 0.026, "Actual Max Startup Time": 0.026, "Actual Min Total Time": 0.03, "Actual Max Total Time": 0.03, "Filter": "((role)::text = 'costume designer'::text)", "Rows Removed by Filter": 11, "Actual Rows": 1}], "Actual Rows": 64}], "Actual Rows": 64}], "Actual Rows": 276403}], "Actual Rows": 276403}], "Actual Rows": 276403}], "Actual Rows": 218966}], "Actual Rows": 218966}, {"Node Type": "Hash", "Parent Relationship": "Inner", "Startup Cost": 169365.79, "Total Cost": 169365.79, "Plan Rows": 2609128, "Plan Width": 29, "Actual Min Startup Time": 5122.871, "Actual Max Startup Time": 5122.871, "Actual Min Total Time": 5122.871, "Actual Max Total Time": 5122.871, "Max Hash Buckets": 4194304, "Min Hash Buckets": 4194304, "Max Hash Batches": 1, "Min Hash Batches": 1, "Max Original Hash Batches": 1, "Min Original Hash Batches": 1, "Max Peak Memory Usage": 164769, "min Peak Memory Usage": 164769, "Plans": [{"Node Type": "Hash Join", "Parent Relationship": "Outer", "Join Type": "Inner", "Startup Cost": 91673.0, "Total Cost": 169365.79, "Plan Rows": 2609128, "Plan Width": 29, "Actual Min Startup Time": 1876.312, "Actual Max Startup Time": 1876.312, "Actual Min Total Time": 4112.233, "Actual Max Total Time": 4112.233, "Inner Unique": true, "Hash Cond": "(mc.movie_id = t.id), (LLVM Optimized, Jit Execute)", "Plans": [{"Node Type": "Seq Scan", "Parent Relationship": "Outer", "Relation Name": "movie_companies", "Alias": "mc", "Startup Cost": 0.0, "Total Cost": 41817.28, "Plan Rows": 2609128, "Plan Width": 8, "Actual Min Startup Time": 0.034, "Actual Max Startup Time": 0.034, "Actual Min Total Time": 589.387, "Actual Max Total Time": 589.387, "Actual Rows": 2609128}, {"Node Type": "Hash", "Parent Relationship": "Inner", "Startup Cost": 60069.11, "Total Cost": 60069.11, "Plan Rows": 2528311, "Plan Width": 21, "Actual Min Startup Time": 1873.717, "Actual Max Startup Time": 1873.717, "Actual Min Total Time": 1873.717, "Actual Max Total Time": 1873.717, "Max Hash Buckets": 4194304, "Min Hash Buckets": 4194304, "Max Hash Batches": 1, "Min Hash Batches": 1, "Max Original Hash Batches": 1, "Min Original Hash Batches": 1, "Max Peak Memory Usage": 135869, "min Peak Memory Usage": 135869, "Plans": [{"Node Type": "Seq Scan", "Parent Relationship": "Outer", "Relation Name": "title", "Alias": "t", "Startup Cost": 0.0, "Total Cost": 60069.11, "Plan Rows": 2528311, "Plan Width": 21, "Actual Min Startup Time": 0.031, "Actual Max Startup Time": 0.031, "Actual Min Total Time": 853.163, "Actual Max Total Time": 853.163, "Actual Rows": 2528311}], "Actual Rows": 2528311}], "Actual Rows": 2609128}], "Actual Rows": 2609128}], "Actual Rows": 752819}, {"Node Type": "Hash", "Parent Relationship": "Inner", "Startup Cost": 5903.45, "Total Cost": 5903.45, "Plan Rows": 85170, "Plan Width": 4, "Actual Min Startup Time": 118.572, "Actual Max Startup Time": 118.572, "Actual Min Total Time": 118.572, "Actual Max Total Time": 118.572, "Max Hash Buckets": 131072, "Min Hash Buckets": 131072, "Max Hash Batches": 1, "Min Hash Batches": 1, "Max Original Hash Batches": 1, "Min Original Hash Batches": 1, "Max Peak Memory Usage": 2983, "min Peak Memory Usage": 2983, "Plans": [{"Node Type": "Seq Scan", "Parent Relationship": "Outer", "Relation Name": "company_name", "Alias": "cn", "Startup Cost": 0.0, "Total Cost": 5903.45, "Plan Rows": 85170, "Plan Width": 4, "Actual Min Startup Time": 0.062, "Actual Max Startup Time": 0.062, "Actual Min Total Time": 96.64, "Actual Max Total Time": 96.64, "Filter": "((country_code)::text = '[us]'::text)", "Rows Removed by Filter": 150153, "Actual Rows": 84843}], "Actual Rows": 84843}], "Actual Rows": 323005}], "Actual Rows": 1}, "Triggers": [], "Planner Runtime": 175.338, "Total Runtime": 6911.384, "Unique SQL Id": 2457761703}}, "(64, '15')": {"explain_plan": {"Plan": {"Node Type": "Aggregate", "Strategy": "Plain", "Startup Cost": 6752837631740.06, "Total Cost": 6752837631740.07, "Plan Rows": 1, "Plan Width": 97, "Plans": [{"Node Type": "Nested Loop", "Parent Relationship": "Outer", "Join Type": "Inner", "Startup Cost": 70071825122.57, "Total Cost": 6752837629954.57, "Plan Rows": 357098, "Plan Width": 33, "Inner Unique": false, "Join Filter": "(t.id = ci.movie_id), (LLVM Optimized)", "Plans": [{"Node Type": "Merge Join", "Parent Relationship": "Outer", "Join Type": "Inner", "Startup Cost": 30021927926.2, "Total Cost": 3002409653794.57, "Plan Rows": 1282311, "Plan Width": 25, "Inner Unique": true, "Merge Cond": "(mc.movie_id = t.id)", "Plans": [{"Node Type": "Nested Loop", "Parent Relationship": "Outer", "Join Type": "Inner", "Startup Cost": 20000000000.0, "Total Cost": 2003347393774.42, "Plan Rows": 1282311, "Plan Width": 4, "Inner Unique": true, "Join Filter": "(cn.id = mc.company_id), (LLVM Optimized)", "Plans": [{"Node Type": "Index Scan", "Parent Relationship": "Outer", "Scan Direction": "Forward", "Index Name": "movie_id_movie_companies", "Relation Name": "movie_companies", "Alias": "mc", "Startup Cost": 10000000000.0, "Total Cost": 1000013051946.13, "Plan Rows": 2609128, "Plan Width": 8}, {"Node Type": "Materialize", "Parent Relationship": "Inner", "Startup Cost": 10000000000.0, "Total Cost": 1000001050564.82, "Plan Rows": 85170, "Plan Width": 4, "Plans": [{"Node Type": "Index Scan", "Parent Relationship": "Outer", "Scan Direction": "Forward", "Index Name": "company_name_pkey", "Relation Name": "company_name", "Alias": "cn", "Startup Cost": 10000000000.0, "Total Cost": 1000001050138.97, "Plan Rows": 85170, "Plan Width": 4, "Filter": "((country_code)::text = '[us]'::text)"}]}]}, {"Node Type": "Index Scan", "Parent Relationship": "Inner", "Scan Direction": "Forward", "Index Name": "title_pkey", "Relation Name": "title", "Alias": "t", "Startup Cost": 10000000000.0, "Total Cost": 1000011012048.91, "Plan Rows": 2528311, "Plan Width": 21}]}, {"Node Type": "Materialize", "Parent Relationship": "Inner", "Startup Cost": 40049897196.36, "Total Cost": 3721872427028.45, "Plan Rows": 1484588, "Plan Width": 20, "Plans": [{"Node Type": "Nested Loop", "Parent Relationship": "Outer", "Join Type": "Inner", "Startup Cost": 40049897196.36, "Total Cost": 3721872419605.51, "Plan Rows": 1484588, "Plan Width": 20, "Inner Unique": false, "Join Filter": "(ci.role_id = rt.id), (LLVM Optimized)", "Plans": [{"Node Type": "Index Scan", "Parent Relationship": "Outer", "Scan Direction": "Forward", "Index Name": "role_type_pkey", "Relation Name": "role_type", "Alias": "rt", "Startup Cost": 10000000000.0, "Total Cost": 1000000001246.0, "Plan Rows": 1, "Plan Width": 4, "Filter": "((role)::text = 'costume designer'::text)"}, {"Node Type": "Merge Join", "Parent Relationship": "Inner", "Join Type": "Inner", "Startup Cost": 30049897196.36, "Total Cost": 2721872214228.63, "Plan Rows": 16330470, "Plan Width": 24, "Inner Unique": false, "Merge Cond": "(an1.person_id = ci.person_id)", "Plans": [{"Node Type": "Merge Join", "Parent Relationship": "Outer", "Join Type": "Inner", "Startup Cost": 20030754356.47, "Total Cost": 2000007674895.99, "Plan Rows": 901342, "Plan Width": 24, "Inner Unique": true, "Merge Cond": "(an1.person_id = n1.id)", "Plans": [{"Node Type": "Index Scan", "Parent Relationship": "Outer", "Scan Direction": "Forward", "Index Name": "person_id_aka_name", "Relation Name": "aka_name", "Alias": "an1", "Startup Cost": 10000000000.0, "Total Cost": 1000006896503.43, "Plan Rows": 901342, "Plan Width": 20}, {"Node Type": "Index Scan", "Parent Relationship": "Inner", "Scan Direction": "Forward", "Index Name": "name_pkey", "Relation Name": "name", "Alias": "n1", "Startup Cost": 10000000000.0, "Total Cost": 1000017623274.7, "Plan Rows": 4167490, "Plan Width": 4}]}, {"Node Type": "Index Scan", "Parent Relationship": "Inner", "Scan Direction": "Forward", "Index Name": "person_id_cast_info", "Relation Name": "cast_info", "Alias": "ci", "Startup Cost": 10000000000.0, "Total Cost": 1000170648833.21, "Plan Rows": 36259494, "Plan Width": 12}]}]}]}]}]}, "Unique SQL Id": 2457761703, "Planner Runtime": 113}, "explain_analyze_plan": null}, "(64, '16')": {"explain_plan": {"Plan": {"Node Type": "Aggregate", "Strategy": "Plain", "Startup Cost": 1757558.04, "Total Cost": 1757558.05, "Plan Rows": 1, "Plan Width": 97, "Plans": [{"Node Type": "Nested Loop", "Parent Relationship": "Outer", "Join Type": "Inner", "Startup Cost": 1483747.31, "Total Cost": 1755772.55, "Plan Rows": 357098, "Plan Width": 33, "Inner Unique": true, "Join Filter": "(an1.person_id = n1.id), (LLVM Optimized)", "Plans": [{"Node Type": "Nested Loop", "Parent Relationship": "Outer", "Join Type": "Inner", "Startup Cost": 1483747.31, "Total Cost": 1654278.62, "Plan Rows": 357098, "Plan Width": 41, "Inner Unique": true, "Plans": [{"Node Type": "Merge Join", "Parent Relationship": "Outer", "Join Type": "Inner", "Startup Cost": 1483747.31, "Total Cost": 1552476.28, "Plan Rows": 357379, "Plan Width": 32, "Inner Unique": false, "Merge Cond": "(an1.person_id = ci.person_id)", "Plans": [{"Node Type": "Index Scan", "Parent Relationship": "Outer", "Scan Direction": "Forward", "Index Name": "person_id_aka_name", "Relation Name": "aka_name", "Alias": "an1", "Startup Cost": 0.0, "Total Cost": 68965.03, "Plan Rows": 901342, "Plan Width": 20}, {"Node Type": "Sort", "Parent Relationship": "Inner", "Startup Cost": 1483747.24, "Total Cost": 1485524.79, "Plan Rows": 711018, "Plan Width": 12, "Sort Key": ["ci.person_id"], "Plans": [{"Node Type": "Merge Join", "Parent Relationship": "Outer", "Join Type": "Inner", "Startup Cost": 1389767.87, "Total Cost": 1414637.98, "Plan Rows": 711018, "Plan Width": 12, "Inner Unique": false, "Merge Cond": "(cn.id = mc.company_id)", "Plans": [{"Node Type": "Index Scan", "Parent Relationship": "Outer", "Scan Direction": "Forward", "Index Name": "company_name_pkey", "Relation Name": "company_name", "Alias": "cn", "Startup Cost": 0.0, "Total Cost": 10501.39, "Plan Rows": 85170, "Plan Width": 4, "Filter": "((country_code)::text = '[us]'::text)"}, {"Node Type": "Sort", "Parent Relationship": "Inner", "Startup Cost": 1389579.91, "Total Cost": 1393196.7, "Plan Rows": 1446714, "Plan Width": 16, "Sort Key": ["mc.company_id"], "Plans": [{"Node Type": "Nested Loop", "Parent Relationship": "Outer", "Join Type": "Inner", "Startup Cost": 0.0, "Total Cost": 1241549.62, "Plan Rows": 1446714, "Plan Width": 16, "Inner Unique": false, "Plans": [{"Node Type": "Streaming(type: LOCAL GATHER dop: 1/64)", "Parent Relationship": "Outer", "Startup Cost": 0.0, "Total Cost": 210491.4, "Plan Rows": 3296318, "Plan Width": 8, "Plans": [{"Node Type": "Nested Loop", "Parent Relationship": "Outer", "Join Type": "Inner", "Startup Cost": 0.0, "Total Cost": 142488.75, "Plan Rows": 3296318, "Plan Width": 8, "Inner Unique": false, "Join Filter": "(ci.role_id = rt.id), (LLVM Optimized)", "Plans": [{"Node Type": "Streaming(type: BROADCAST dop: 64/1)", "Parent Relationship": "Outer", "Startup Cost": 0.0, "Total Cost": 63002.47, "Plan Rows": 64, "Plan Width": 4, "Plans": [{"Node Type": "Seq Scan", "Parent Relationship": "Outer", "Relation Name": "role_type", "Alias": "rt", "Startup Cost": 0.0, "Total Cost": 1.15, "Plan Rows": 1, "Plan Width": 4, "Filter": "((role)::text = 'costume designer'::text)"}]}, {"Node Type": "Seq Scan", "Parent Relationship": "Inner", "Relation Name": "cast_info", "Alias": "ci", "Startup Cost": 0.0, "Total Cost": 72404.34, "Plan Rows": 36259494, "Plan Width": 12}]}]}, {"Node Type": "Index Scan", "Parent Relationship": "Inner", "Scan Direction": "Forward", "Index Name": "movie_id_movie_companies", "Relation Name": "movie_companies", "Alias": "mc", "Startup Cost": 0.0, "Total Cost": 0.29, "Plan Rows": 2, "Plan Width": 8, "Index Cond": "(movie_id = ci.movie_id)"}]}]}]}]}]}, {"Node Type": "Index Scan", "Parent Relationship": "Inner", "Scan Direction": "Forward", "Index Name": "title_pkey", "Relation Name": "title", "Alias": "t", "Startup Cost": 0.0, "Total Cost": 0.27, "Plan Rows": 1, "Plan Width": 21, "Index Cond": "(id = ci.movie_id)"}]}, {"Node Type": "Index Only Scan", "Parent Relationship": "Inner", "Scan Direction": "Forward", "Index Name": "name_pkey", "Relation Name": "name", "Alias": "n1", "Startup Cost": 0.0, "Total Cost": 0.27, "Plan Rows": 1, "Plan Width": 4, "Index Cond": "(id = ci.person_id)"}]}]}, "Unique SQL Id": 2457761703, "Planner Runtime": 40}, "explain_analyze_plan": {"Plan": {"Node Type": "Aggregate", "Strategy": "Plain", "Startup Cost": 1757558.04, "Total Cost": 1757558.05, "Plan Rows": 1, "Plan Width": 97, "Actual Min Startup Time": 6835.569, "Actual Max Startup Time": 6835.569, "Actual Min Total Time": 6835.569, "Actual Max Total Time": 6835.569, "Plans": [{"Node Type": "Nested Loop", "Parent Relationship": "Outer", "Join Type": "Inner", "Startup Cost": 1483747.31, "Total Cost": 1755772.55, "Plan Rows": 357098, "Plan Width": 33, "Actual Min Startup Time": 3507.277, "Actual Max Startup Time": 3507.277, "Actual Min Total Time": 6633.466, "Actual Max Total Time": 6633.466, "Inner Unique": true, "Join Filter": "(an1.person_id = n1.id), (LLVM Optimized, Jit Execute)", "Rows Removed by Join Filter": 0, "Plans": [{"Node Type": "Nested Loop", "Parent Relationship": "Outer", "Join Type": "Inner", "Startup Cost": 1483747.31, "Total Cost": 1654278.62, "Plan Rows": 357098, "Plan Width": 41, "Actual Min Startup Time": 3507.257, "Actual Max Startup Time": 3507.257, "Actual Min Total Time": 5715.731, "Actual Max Total Time": 5715.731, "Inner Unique": true, "Plans": [{"Node Type": "Merge Join", "Parent Relationship": "Outer", "Join Type": "Inner", "Startup Cost": 1483747.31, "Total Cost": 1552476.28, "Plan Rows": 357379, "Plan Width": 32, "Actual Min Startup Time": 3507.225, "Actual Max Startup Time": 3507.225, "Actual Min Total Time": 4351.827, "Actual Max Total Time": 4351.827, "Inner Unique": false, "Merge Cond": "(an1.person_id = ci.person_id)", "Plans": [{"Node Type": "Index Scan", "Parent Relationship": "Outer", "Scan Direction": "Forward", "Index Name": "person_id_aka_name", "Relation Name": "aka_name", "Alias": "an1", "Startup Cost": 0.0, "Total Cost": 68965.03, "Plan Rows": 901342, "Plan Width": 20, "Actual Min Startup Time": 0.051, "Actual Max Startup Time": 0.051, "Actual Min Total Time": 565.943, "Actual Max Total Time": 565.943, "Actual Rows": 688852}, {"Node Type": "Sort", "Parent Relationship": "Inner", "Startup Cost": 1483747.24, "Total Cost": 1485524.79, "Plan Rows": 711018, "Plan Width": 12, "Actual Min Startup Time": 3507.117, "Actual Max Startup Time": 3507.117, "Actual Min Total Time": 3573.315, "Actual Max Total Time": 3573.315, "Sort Key": ["ci.person_id"], "Sort Method": "quicksort", "Sort Space Min Used": 39058, "Sort Space Max Used": 39058, "Sort Space Type": "Memory", "Plans": [{"Node Type": "Merge Join", "Parent Relationship": "Outer", "Join Type": "Inner", "Startup Cost": 1389767.87, "Total Cost": 1414637.98, "Plan Rows": 711018, "Plan Width": 12, "Actual Min Startup Time": 2750.872, "Actual Max Startup Time": 2750.872, "Actual Min Total Time": 3412.507, "Actual Max Total Time": 3412.507, "Inner Unique": false, "Merge Cond": "(cn.id = mc.company_id)", "Plans": [{"Node Type": "Index Scan", "Parent Relationship": "Outer", "Scan Direction": "Forward", "Index Name": "company_name_pkey", "Relation Name": "company_name", "Alias": "cn", "Startup Cost": 0.0, "Total Cost": 10501.39, "Plan Rows": 85170, "Plan Width": 4, "Actual Min Startup Time": 0.043, "Actual Max Startup Time": 0.043, "Actual Min Total Time": 319.743, "Actual Max Total Time": 319.743, "Filter": "((country_code)::text = '[us]'::text)", "Rows Removed by Filter": 150153, "Actual Rows": 84843}, {"Node Type": "Sort", "Parent Relationship": "Inner", "Startup Cost": 1389579.91, "Total Cost": 1393196.7, "Plan Rows": 1446714, "Plan Width": 16, "Actual Min Startup Time": 2750.821, "Actual Max Startup Time": 2750.821, "Actual Min Total Time": 2929.662, "Actual Max Total Time": 2929.662, "Sort Key": ["mc.company_id"], "Sort Method": "quicksort", "Sort Space Min Used": 99069, "Sort Space Max Used": 99069, "Sort Space Type": "Memory", "Plans": [{"Node Type": "Nested Loop", "Parent Relationship": "Outer", "Join Type": "Inner", "Startup Cost": 0.0, "Total Cost": 1241549.62, "Plan Rows": 1446714, "Plan Width": 16, "Actual Min Startup Time": 358.267, "Actual Max Startup Time": 358.267, "Actual Min Total Time": 2458.715, "Actual Max Total Time": 2458.715, "Inner Unique": false, "Plans": [{"Node Type": "Streaming(type: LOCAL GATHER dop: 1/64)", "Parent Relationship": "Outer", "Startup Cost": 0.0, "Total Cost": 210491.4, "Plan Rows": 3296318, "Plan Width": 8, "Actual Min Startup Time": 358.218, "Actual Max Startup Time": 358.218, "Actual Min Total Time": 516.929, "Actual Max Total Time": 516.929, "Plans": [{"Node Type": "Nested Loop", "Parent Relationship": "Outer", "Join Type": "Inner", "Startup Cost": 0.0, "Total Cost": 142488.75, "Plan Rows": 3296318, "Plan Width": 8, "Actual Min Startup Time": 191.405, "Actual Max Startup Time": 292.386, "Actual Min Total Time": 243.966, "Actual Max Total Time": 304.909, "Inner Unique": false, "Join Filter": "(ci.role_id = rt.id), (LLVM Optimized, Jit Execute)", "Rows Removed by Join Filter": 35967940, "Plans": [{"Node Type": "Streaming(type: BROADCAST dop: 64/1)", "Parent Relationship": "Outer", "Startup Cost": 0.0, "Total Cost": 63002.47, "Plan Rows": 64, "Plan Width": 4, "Actual Min Startup Time": 0.003, "Actual Max Startup Time": 59.967, "Actual Min Total Time": 0.003, "Actual Max Total Time": 59.969, "Plans": [{"Node Type": "Seq Scan", "Parent Relationship": "Outer", "Relation Name": "role_type", "Alias": "rt", "Startup Cost": 0.0, "Total Cost": 1.15, "Plan Rows": 1, "Plan Width": 4, "Actual Min Startup Time": 0.026, "Actual Max Startup Time": 0.026, "Actual Min Total Time": 0.03, "Actual Max Total Time": 0.03, "Filter": "((role)::text = 'costume designer'::text)", "Rows Removed by Filter": 11, "Actual Rows": 1}], "Actual Rows": 64}, {"Node Type": "Seq Scan", "Parent Relationship": "Inner", "Relation Name": "cast_info", "Alias": "ci", "Startup Cost": 0.0, "Total Cost": 72404.34, "Plan Rows": 36259494, "Plan Width": 12, "Actual Min Startup Time": 0.028, "Actual Max Startup Time": 0.05, "Actual Min Total Time": 125.014, "Actual Max Total Time": 139.8, "Actual Rows": 36244343}], "Actual Rows": 276403}], "Actual Rows": 276403}, {"Node Type": "Index Scan", "Parent Relationship": "Inner", "Scan Direction": "Forward", "Index Name": "movie_id_movie_companies", "Relation Name": "movie_companies", "Alias": "mc", "Startup Cost": 0.0, "Total Cost": 0.29, "Plan Rows": 2, "Plan Width": 8, "Actual Min Startup Time": 1177.003, "Actual Max Startup Time": 1177.003, "Actual Min Total Time": 1642.88, "Actual Max Total Time": 1642.88, "Index Cond": "(movie_id = ci.movie_id)", "Rows Removed by Index Recheck": 0, "Actual Rows": 794590}], "Actual Rows": 794590}], "Actual Rows": 794590}], "Actual Rows": 285537}], "Actual Rows": 445949}], "Actual Rows": 323005}, {"Node Type": "Index Scan", "Parent Relationship": "Inner", "Scan Direction": "Forward", "Index Name": "title_pkey", "Relation Name": "title", "Alias": "t", "Startup Cost": 0.0, "Total Cost": 0.27, "Plan Rows": 1, "Plan Width": 21, "Actual Min Startup Time": 1109.28, "Actual Max Startup Time": 1109.28, "Actual Min Total Time": 1109.28, "Actual Max Total Time": 1109.28, "Index Cond": "(id = ci.movie_id)", "Rows Removed by Index Recheck": 0, "Actual Rows": 323005}], "Actual Rows": 323005}, {"Node Type": "Index Only Scan", "Parent Relationship": "Inner", "Scan Direction": "Forward", "Index Name": "name_pkey", "Relation Name": "name", "Alias": "n1", "Startup Cost": 0.0, "Total Cost": 0.27, "Plan Rows": 1, "Plan Width": 4, "Actual Min Startup Time": 674.815, "Actual Max Startup Time": 674.815, "Actual Min Total Time": 674.815, "Actual Max Total Time": 674.815, "Index Cond": "(id = ci.person_id)", "Rows Removed by Index Recheck": 0, "Heap Fetches": 0, "Actual Rows": 323005}], "Actual Rows": 323005}], "Actual Rows": 1}, "Triggers": [], "Planner Runtime": 39.988, "Total Runtime": 6858.412, "Unique SQL Id": 2457761703}}, "(64, '17')": {"explain_plan": {"Plan": {"Node Type": "Aggregate", "Strategy": "Plain", "Startup Cost": 1194626.97, "Total Cost": 1194626.98, "Plan Rows": 1, "Plan Width": 97, "Plans": [{"Node Type": "Nested Loop", "Parent Relationship": "Outer", "Join Type": "Inner", "Startup Cost": 920816.24, "Total Cost": 1192841.48, "Plan Rows": 357098, "Plan Width": 33, "Inner Unique": true, "Join Filter": "(an1.person_id = n1.id), (LLVM Optimized)", "Plans": [{"Node Type": "Nested Loop", "Parent Relationship": "Outer", "Join Type": "Inner", "Startup Cost": 920816.24, "Total Cost": 1091347.54, "Plan Rows": 357098, "Plan Width": 41, "Inner Unique": true, "Plans": [{"Node Type": "Merge Join", "Parent Relationship": "Outer", "Join Type": "Inner", "Startup Cost": 920816.24, "Total Cost": 989545.2, "Plan Rows": 357379, "Plan Width": 32, "Inner Unique": false, "Merge Cond": "(an1.person_id = ci.person_id)", "Plans": [{"Node Type": "Index Scan", "Parent Relationship": "Outer", "Scan Direction": "Forward", "Index Name": "person_id_aka_name", "Relation Name": "aka_name", "Alias": "an1", "Startup Cost": 0.0, "Total Cost": 68965.03, "Plan Rows": 901342, "Plan Width": 20}, {"Node Type": "Sort", "Parent Relationship": "Inner", "Startup Cost": 920816.17, "Total Cost": 922593.71, "Plan Rows": 711018, "Plan Width": 12, "Sort Key": ["ci.person_id"], "Plans": [{"Node Type": "Merge Join", "Parent Relationship": "Outer", "Join Type": "Inner", "Startup Cost": 812111.15, "Total Cost": 851706.9, "Plan Rows": 711018, "Plan Width": 12, "Inner Unique": false, "Merge Cond": "(mc.movie_id = ci.movie_id)", "Plans": [{"Node Type": "Sort", "Parent Relationship": "Outer", "Startup Cost": 283826.21, "Total Cost": 287031.99, "Plan Rows": 1282311, "Plan Width": 4, "Sort Key": ["mc.movie_id"], "Plans": [{"Node Type": "Merge Join", "Parent Relationship": "Outer", "Join Type": "Inner", "Startup Cost": 3383.04, "Total Cost": 153733.74, "Plan Rows": 1282311, "Plan Width": 4, "Inner Unique": false, "Merge Cond": "(cn.id = mc.company_id)", "Plans": [{"Node Type": "Index Scan", "Parent Relationship": "Outer", "Scan Direction": "Forward", "Index Name": "company_name_pkey", "Relation Name": "company_name", "Alias": "cn", "Startup Cost": 0.0, "Total Cost": 10501.39, "Plan Rows": 85170, "Plan Width": 4, "Filter": "((country_code)::text = '[us]'::text)"}, {"Node Type": "Index Scan", "Parent Relationship": "Inner", "Scan Direction": "Forward", "Index Name": "company_id_movie_companies", "Relation Name": "movie_companies", "Alias": "mc", "Startup Cost": 0.0, "Total Cost": 123673.5, "Plan Rows": 2609128, "Plan Width": 8}]}]}, {"Node Type": "Sort", "Parent Relationship": "Inner", "Startup Cost": 528284.62, "Total Cost": 536525.42, "Plan Rows": 3296318, "Plan Width": 8, "Sort Key": ["ci.movie_id"], "Plans": [{"Node Type": "Nested Loop", "Parent Relationship": "Outer", "Join Type": "Inner", "Startup Cost": 0.0, "Total Cost": 171418.25, "Plan Rows": 3296318, "Plan Width": 8, "Inner Unique": false, "Plans": [{"Node Type": "Index Scan", "Parent Relationship": "Outer", "Scan Direction": "Forward", "Index Name": "role_type_pkey", "Relation Name": "role_type", "Alias": "rt", "Startup Cost": 0.0, "Total Cost": 12.46, "Plan Rows": 1, "Plan Width": 4, "Filter": "((role)::text = 'costume designer'::text)"}, {"Node Type": "Index Scan", "Parent Relationship": "Inner", "Scan Direction": "Forward", "Index Name": "role_id_cast_info", "Relation Name": "cast_info", "Alias": "ci", "Startup Cost": 0.0, "Total Cost": 138442.61, "Plan Rows": 3296318, "Plan Width": 12, "Index Cond": "(role_id = rt.id), (LLVM Optimized)"}]}]}]}]}]}, {"Node Type": "Index Scan", "Parent Relationship": "Inner", "Scan Direction": "Forward", "Index Name": "title_pkey", "Relation Name": "title", "Alias": "t", "Startup Cost": 0.0, "Total Cost": 0.27, "Plan Rows": 1, "Plan Width": 21, "Index Cond": "(id = ci.movie_id)"}]}, {"Node Type": "Index Only Scan", "Parent Relationship": "Inner", "Scan Direction": "Forward", "Index Name": "name_pkey", "Relation Name": "name", "Alias": "n1", "Startup Cost": 0.0, "Total Cost": 0.27, "Plan Rows": 1, "Plan Width": 4, "Index Cond": "(id = ci.person_id)"}]}]}, "Unique SQL Id": 2457761703, "Planner Runtime": 43}, "explain_analyze_plan": {"Plan": {"Node Type": "Aggregate", "Strategy": "Plain", "Startup Cost": 1194626.97, "Total Cost": 1194626.98, "Plan Rows": 1, "Plan Width": 97, "Actual Startup Time": 8507.521, "Actual Total Time": 8507.521, "Actual Rows": 1, "Actual Loops": 1, "Plans": [{"Node Type": "Nested Loop", "Parent Relationship": "Outer", "Join Type": "Inner", "Startup Cost": 920816.24, "Total Cost": 1192841.48, "Plan Rows": 357098, "Plan Width": 33, "Actual Startup Time": 5223.544, "Actual Total Time": 8299.765, "Actual Rows": 323005, "Actual Loops": 1, "Inner Unique": true, "Join Filter": "(an1.person_id = n1.id), (LLVM Optimized, Jit Execute)", "Rows Removed by Join Filter": 0, "Plans": [{"Node Type": "Nested Loop", "Parent Relationship": "Outer", "Join Type": "Inner", "Startup Cost": 920816.24, "Total Cost": 1091347.54, "Plan Rows": 357098, "Plan Width": 41, "Actual Startup Time": 5223.516, "Actual Total Time": 7389.127, "Actual Rows": 323005, "Actual Loops": 1, "Inner Unique": true, "Plans": [{"Node Type": "Merge Join", "Parent Relationship": "Outer", "Join Type": "Inner", "Startup Cost": 920816.24, "Total Cost": 989545.2, "Plan Rows": 357379, "Plan Width": 32, "Actual Startup Time": 5223.482, "Actual Total Time": 6062.942, "Actual Rows": 323005, "Actual Loops": 1, "Inner Unique": false, "Merge Cond": "(an1.person_id = ci.person_id)", "Plans": [{"Node Type": "Index Scan", "Parent Relationship": "Outer", "Scan Direction": "Forward", "Index Name": "person_id_aka_name", "Relation Name": "aka_name", "Alias": "an1", "Startup Cost": 0.0, "Total Cost": 68965.03, "Plan Rows": 901342, "Plan Width": 20, "Actual Startup Time": 0.06, "Actual Total Time": 562.132, "Actual Rows": 688852, "Actual Loops": 1}, {"Node Type": "Sort", "Parent Relationship": "Inner", "Startup Cost": 920816.17, "Total Cost": 922593.71, "Plan Rows": 711018, "Plan Width": 12, "Actual Startup Time": 5223.354, "Actual Total Time": 5286.916, "Actual Rows": 445949, "Actual Loops": 1, "Sort Key": ["ci.person_id"], "Sort Method": "quicksort", "Sort Space Used": 39058, "Sort Space Type": "Memory", "Plans": [{"Node Type": "Merge Join", "Parent Relationship": "Outer", "Join Type": "Inner", "Startup Cost": 812111.15, "Total Cost": 851706.9, "Plan Rows": 711018, "Plan Width": 12, "Actual Startup Time": 4682.689, "Actual Total Time": 5132.942, "Actual Rows": 285537, "Actual Loops": 1, "Inner Unique": false, "Merge Cond": "(mc.movie_id = ci.movie_id)", "Plans": [{"Node Type": "Sort", "Parent Relationship": "Outer", "Startup Cost": 283826.21, "Total Cost": 287031.99, "Plan Rows": 1282311, "Plan Width": 4, "Actual Startup Time": 4379.253, "Actual Total Time": 4516.131, "Actual Rows": 1153797, "Actual Loops": 1, "Sort Key": ["mc.movie_id"], "Sort Method": "quicksort", "Sort Space Used": 121265, "Sort Space Type": "Memory", "Plans": [{"Node Type": "Merge Join", "Parent Relationship": "Outer", "Join Type": "Inner", "Startup Cost": 3383.04, "Total Cost": 153733.74, "Plan Rows": 1282311, "Plan Width": 4, "Actual Startup Time": 0.077, "Actual Total Time": 3935.749, "Actual Rows": 1153797, "Actual Loops": 1, "Inner Unique": false, "Merge Cond": "(cn.id = mc.company_id)", "Plans": [{"Node Type": "Index Scan", "Parent Relationship": "Outer", "Scan Direction": "Forward", "Index Name": "company_name_pkey", "Relation Name": "company_name", "Alias": "cn", "Startup Cost": 0.0, "Total Cost": 10501.39, "Plan Rows": 85170, "Plan Width": 4, "Actual Startup Time": 0.041, "Actual Total Time": 357.463, "Actual Rows": 84843, "Actual Loops": 1, "Filter": "((country_code)::text = '[us]'::text)", "Rows Removed by Filter": 150153}, {"Node Type": "Index Scan", "Parent Relationship": "Inner", "Scan Direction": "Forward", "Index Name": "company_id_movie_companies", "Relation Name": "movie_companies", "Alias": "mc", "Startup Cost": 0.0, "Total Cost": 123673.5, "Plan Rows": 2609128, "Plan Width": 8, "Actual Startup Time": 0.029, "Actual Total Time": 3021.956, "Actual Rows": 2609128, "Actual Loops": 1}]}]}, {"Node Type": "Sort", "Parent Relationship": "Inner", "Startup Cost": 528284.62, "Total Cost": 536525.42, "Plan Rows": 3296318, "Plan Width": 8, "Actual Startup Time": 303.419, "Actual Total Time": 352.511, "Actual Rows": 461759, "Actual Loops": 1, "Sort Key": ["ci.movie_id"], "Sort Method": "quicksort", "Sort Space Used": 29564, "Sort Space Type": "Memory", "Plans": [{"Node Type": "Nested Loop", "Parent Relationship": "Outer", "Join Type": "Inner", "Startup Cost": 0.0, "Total Cost": 171418.25, "Plan Rows": 3296318, "Plan Width": 8, "Actual Startup Time": 0.111, "Actual Total Time": 202.291, "Actual Rows": 276403, "Actual Loops": 1, "Inner Unique": false, "Plans": [{"Node Type": "Index Scan", "Parent Relationship": "Outer", "Scan Direction": "Forward", "Index Name": "role_type_pkey", "Relation Name": "role_type", "Alias": "rt", "Startup Cost": 0.0, "Total Cost": 12.46, "Plan Rows": 1, "Plan Width": 4, "Actual Startup Time": 0.058, "Actual Total Time": 0.069, "Actual Rows": 1, "Actual Loops": 1, "Filter": "((role)::text = 'costume designer'::text)", "Rows Removed by Filter": 11}, {"Node Type": "Index Scan", "Parent Relationship": "Inner", "Scan Direction": "Forward", "Index Name": "role_id_cast_info", "Relation Name": "cast_info", "Alias": "ci", "Startup Cost": 0.0, "Total Cost": 138442.61, "Plan Rows": 3296318, "Plan Width": 12, "Actual Startup Time": 0.043, "Actual Total Time": 150.74, "Actual Rows": 276403, "Actual Loops": 1, "Index Cond": "(role_id = rt.id), (LLVM Optimized, Jit Execute)", "Rows Removed by Index Recheck": 0}]}]}]}]}]}, {"Node Type": "Index Scan", "Parent Relationship": "Inner", "Scan Direction": "Forward", "Index Name": "title_pkey", "Relation Name": "title", "Alias": "t", "Startup Cost": 0.0, "Total Cost": 0.27, "Plan Rows": 1, "Plan Width": 21, "Actual Startup Time": 1077.018, "Actual Total Time": 1077.018, "Actual Rows": 323005, "Actual Loops": 323005, "Index Cond": "(id = ci.movie_id)", "Rows Removed by Index Recheck": 0}]}, {"Node Type": "Index Only Scan", "Parent Relationship": "Inner", "Scan Direction": "Forward", "Index Name": "name_pkey", "Relation Name": "name", "Alias": "n1", "Startup Cost": 0.0, "Total Cost": 0.27, "Plan Rows": 1, "Plan Width": 4, "Actual Startup Time": 664.828, "Actual Total Time": 664.828, "Actual Rows": 323005, "Actual Loops": 323005, "Index Cond": "(id = ci.person_id)", "Rows Removed by Index Recheck": 0, "Heap Fetches": 0}]}]}, "Triggers": [], "Planner Runtime": 43.359, "Total Runtime": 8517.621, "Unique SQL Id": 2457761703}}, "(64, '18')": {"explain_plan": {"Plan": {"Node Type": "Aggregate", "Strategy": "Plain", "Startup Cost": 7585308.33, "Total Cost": 7585308.34, "Plan Rows": 1, "Plan Width": 97, "Plans": [{"Node Type": "Nested Loop", "Parent Relationship": "Outer", "Join Type": "Inner", "Startup Cost": 6046012.51, "Total Cost": 7583522.84, "Plan Rows": 357098, "Plan Width": 33, "Inner Unique": true, "Join Filter": "(an1.person_id = n1.id), (LLVM Optimized)", "Plans": [{"Node Type": "Merge Join", "Parent Relationship": "Outer", "Join Type": "Inner", "Startup Cost": 6046012.25, "Total Cost": 6053547.63, "Plan Rows": 357098, "Plan Width": 41, "Inner Unique": false, "Merge Cond": "(cn.id = mc.company_id)", "Plans": [{"Node Type": "Sort", "Parent Relationship": "Outer", "Startup Cost": 12878.05, "Total Cost": 13090.97, "Plan Rows": 85170, "Plan Width": 4, "Sort Key": ["cn.id"], "Plans": [{"Node Type": "Seq Scan", "Parent Relationship": "Outer", "Relation Name": "company_name", "Alias": "cn", "Startup Cost": 0.0, "Total Cost": 5903.45, "Plan Rows": 85170, "Plan Width": 4, "Filter": "((country_code)::text = '[us]'::text)"}]}, {"Node Type": "Sort", "Parent Relationship": "Inner", "Startup Cost": 6033039.81, "Total Cost": 6034856.28, "Plan Rows": 726589, "Plan Width": 45, "Sort Key": ["mc.company_id"], "Plans": [{"Node Type": "Merge Join", "Parent Relationship": "Outer", "Join Type": "Inner", "Startup Cost": 5904814.04, "Total Cost": 5962303.53, "Plan Rows": 726589, "Plan Width": 45, "Inner Unique": true, "Merge Cond": "(ci.movie_id = t.id)", "Plans": [{"Node Type": "Merge Join", "Parent Relationship": "Outer", "Join Type": "Inner", "Startup Cost": 5575862.06, "Total Cost": 5611637.73, "Plan Rows": 727161, "Plan Width": 36, "Inner Unique": false, "Merge Cond": "(ci.movie_id = mc.movie_id)", "Plans": [{"Node Type": "Sort", "Parent Relationship": "Outer", "Startup Cost": 5255975.04, "Total Cost": 5259686.51, "Plan Rows": 1484588, "Plan Width": 28, "Sort Key": ["ci.movie_id"], "Plans": [{"Node Type": "Nested Loop", "Parent Relationship": "Outer", "Join Type": "Inner", "Startup Cost": 1.01, "Total Cost": 5103792.66, "Plan Rows": 1484588, "Plan Width": 28, "Inner Unique": false, "Join Filter": "(ci.role_id = rt.id), (LLVM Optimized)", "Plans": [{"Node Type": "Seq Scan", "Parent Relationship": "Outer", "Relation Name": "role_type", "Alias": "rt", "Startup Cost": 0.0, "Total Cost": 1.15, "Plan Rows": 1, "Plan Width": 4, "Filter": "((role)::text = 'costume designer'::text)"}, {"Node Type": "Nested Loop", "Parent Relationship": "Inner", "Join Type": "Inner", "Startup Cost": 1.01, "Total Cost": 4899660.64, "Plan Rows": 16330470, "Plan Width": 32, "Inner Unique": false, "Plans": [{"Node Type": "Seq Scan", "Parent Relationship": "Outer", "Relation Name": "aka_name", "Alias": "an1", "Startup Cost": 0.0, "Total Cost": 19908.42, "Plan Rows": 901342, "Plan Width": 20}, {"Node Type": "Bitmap Heap Scan", "Parent Relationship": "Inner", "Relation Name": "cast_info", "Alias": "ci", "Startup Cost": 1.01, "Total Cost": 5.23, "Plan Rows": 18, "Plan Width": 12, "Recheck Cond": "(person_id = an1.person_id)", "Plans": [{"Node Type": "Bitmap Index Scan", "Parent Relationship": "Outer", "Index Name": "person_id_cast_info", "Startup Cost": 0.0, "Total Cost": 1.0, "Plan Rows": 18, "Plan Width": 0, "Index Cond": "(person_id = an1.person_id)"}]}]}]}]}, {"Node Type": "Sort", "Parent Relationship": "Inner", "Startup Cost": 319886.87, "Total Cost": 326409.69, "Plan Rows": 2609128, "Plan Width": 8, "Sort Key": ["mc.movie_id"], "Plans": [{"Node Type": "Seq Scan", "Parent Relationship": "Outer", "Relation Name": "movie_companies", "Alias": "mc", "Startup Cost": 0.0, "Total Cost": 41817.28, "Plan Rows": 2609128, "Plan Width": 8}]}]}, {"Node Type": "Sort", "Parent Relationship": "Inner", "Startup Cost": 328951.73, "Total Cost": 335272.51, "Plan Rows": 2528311, "Plan Width": 21, "Sort Key": ["t.id"], "Plans": [{"Node Type": "Seq Scan", "Parent Relationship": "Outer", "Relation Name": "title", "Alias": "t", "Startup Cost": 0.0, "Total Cost": 60069.11, "Plan Rows": 2528311, "Plan Width": 21}]}]}]}]}, {"Node Type": "Bitmap Heap Scan", "Parent Relationship": "Inner", "Relation Name": "name", "Alias": "n1", "Startup Cost": 0.26, "Total Cost": 4.27, "Plan Rows": 1, "Plan Width": 4, "Recheck Cond": "(id = ci.person_id)", "Plans": [{"Node Type": "Bitmap Index Scan", "Parent Relationship": "Outer", "Index Name": "name_pkey", "Startup Cost": 0.0, "Total Cost": 0.26, "Plan Rows": 1, "Plan Width": 0, "Index Cond": "(id = ci.person_id)"}]}]}]}, "Unique SQL Id": 2457761703, "Planner Runtime": 43}, "explain_analyze_plan": null}, "(64, '19')": {"explain_plan": {"Plan": {"Node Type": "Aggregate", "Strategy": "Plain", "Startup Cost": 2599287.33, "Total Cost": 2599287.34, "Plan Rows": 1, "Plan Width": 97, "Plans": [{"Node Type": "Merge Join", "Parent Relationship": "Outer", "Join Type": "Inner", "Startup Cost": 2561169.56, "Total Cost": 2597501.84, "Plan Rows": 357098, "Plan Width": 33, "Inner Unique": true, "Merge Cond": "(an1.person_id = n1.id)", "Plans": [{"Node Type": "Merge Join", "Parent Relationship": "Outer", "Join Type": "Inner", "Startup Cost": 1925666.62, "Total Cost": 1936698.45, "Plan Rows": 357098, "Plan Width": 41, "Inner Unique": false, "Merge Cond": "(ci.person_id = an1.person_id)", "Plans": [{"Node Type": "Sort", "Parent Relationship": "Outer", "Startup Cost": 1799975.38, "Total Cost": 1801751.53, "Plan Rows": 710459, "Plan Width": 21, "Sort Key": ["ci.person_id"], "Plans": [{"Node Type": "Merge Join", "Parent Relationship": "Outer", "Join Type": "Inner", "Startup Cost": 1669816.61, "Total Cost": 1730924.48, "Plan Rows": 710459, "Plan Width": 21, "Inner Unique": true, "Merge Cond": "(ci.movie_id = t.id)", "Plans": [{"Node Type": "Merge Join", "Parent Relationship": "Outer", "Join Type": "Inner", "Startup Cost": 1290578.7, "Total Cost": 1330174.45, "Plan Rows": 711018, "Plan Width": 12, "Inner Unique": false, "Merge Cond": "(mc.movie_id = ci.movie_id)", "Plans": [{"Node Type": "Sort", "Parent Relationship": "Outer", "Startup Cost": 543942.68, "Total Cost": 547148.46, "Plan Rows": 1282311, "Plan Width": 4, "Sort Key": ["mc.movie_id"], "Plans": [{"Node Type": "Merge Join", "Parent Relationship": "Outer", "Join Type": "Inner", "Startup Cost": 387894.59, "Total Cost": 413850.21, "Plan Rows": 1282311, "Plan Width": 4, "Inner Unique": false, "Merge Cond": "(cn.id = mc.company_id)", "Plans": [{"Node Type": "Sort", "Parent Relationship": "Outer", "Startup Cost": 15678.57, "Total Cost": 15891.49, "Plan Rows": 85170, "Plan Width": 4, "Sort Key": ["cn.id"], "Plans": [{"Node Type": "Bitmap Heap Scan", "Parent Relationship": "Outer", "Relation Name": "company_name", "Alias": "cn", "Startup Cost": 2800.52, "Total Cost": 8703.97, "Plan Rows": 85170, "Plan Width": 4, "Filter": "((country_code)::text = '[us]'::text)", "Plans": [{"Node Type": "Bitmap Index Scan", "Parent Relationship": "Outer", "Index Name": "company_name_pkey", "Startup Cost": 0.0, "Total Cost": 2779.23, "Plan Rows": 234996, "Plan Width": 0}]}]}, {"Node Type": "Sort", "Parent Relationship": "Inner", "Startup Cost": 371877.05, "Total Cost": 378399.87, "Plan Rows": 2609128, "Plan Width": 8, "Sort Key": ["mc.company_id"], "Plans": [{"Node Type": "Bitmap Heap Scan", "Parent Relationship": "Outer", "Relation Name": "movie_companies", "Alias": "mc", "Startup Cost": 51990.17, "Total Cost": 93807.45, "Plan Rows": 2609128, "Plan Width": 8, "Plans": [{"Node Type": "Bitmap Index Scan", "Parent Relationship": "Outer", "Index Name": "movie_id_movie_companies", "Startup Cost": 0.0, "Total Cost": 51337.89, "Plan Rows": 2609128, "Plan Width": 0}]}]}]}]}, {"Node Type": "Sort", "Parent Relationship": "Inner", "Startup Cost": 746635.7, "Total Cost": 754876.5, "Plan Rows": 3296318, "Plan Width": 8, "Sort Key": ["ci.movie_id"], "Plans": [{"Node Type": "Nested Loop", "Parent Relationship": "Outer", "Join Type": "Inner", "Startup Cost": 76315.02, "Total Cost": 389769.33, "Plan Rows": 3296318, "Plan Width": 8, "Inner Unique": false, "Plans": [{"Node Type": "Bitmap Heap Scan", "Parent Relationship": "Outer", "Relation Name": "role_type", "Alias": "rt", "Startup Cost": 8.31, "Total Cost": 12.46, "Plan Rows": 1, "Plan Width": 4, "Filter": "((role)::text = 'costume designer'::text)", "Plans": [{"Node Type": "Bitmap Index Scan", "Parent Relationship": "Outer", "Index Name": "role_type_pkey", "Startup Cost": 0.0, "Total Cost": 8.31, "Plan Rows": 12, "Plan Width": 0}]}, {"Node Type": "Bitmap Heap Scan", "Parent Relationship": "Inner", "Relation Name": "cast_info", "Alias": "ci", "Startup Cost": 76306.71, "Total Cost": 356793.69, "Plan Rows": 3296318, "Plan Width": 12, "Recheck Cond": "(role_id = rt.id), (LLVM Optimized)", "Plans": [{"Node Type": "Bitmap Index Scan", "Parent Relationship": "Outer", "Index Name": "role_id_cast_info", "Startup Cost": 0.0, "Total Cost": 75482.63, "Plan Rows": 3296318, "Plan Width": 0, "Index Cond": "(role_id = rt.id)"}]}]}]}]}, {"Node Type": "Sort", "Parent Relationship": "Inner", "Startup Cost": 379237.61, "Total Cost": 385558.39, "Plan Rows": 2528311, "Plan Width": 21, "Sort Key": ["t.id"], "Plans": [{"Node Type": "Bitmap Heap Scan", "Parent Relationship": "Outer", "Relation Name": "title", "Alias": "t", "Startup Cost": 50285.88, "Total Cost": 110354.99, "Plan Rows": 2528311, "Plan Width": 21, "Plans": [{"Node Type": "Bitmap Index Scan", "Parent Relationship": "Outer", "Index Name": "title_pkey", "Startup Cost": 0.0, "Total Cost": 49653.81, "Plan Rows": 2528311, "Plan Width": 0}]}]}]}]}, {"Node Type": "Sort", "Parent Relationship": "Inner", "Startup Cost": 125691.17, "Total Cost": 127944.52, "Plan Rows": 901342, "Plan Width": 20, "Sort Key": ["an1.person_id"], "Plans": [{"Node Type": "Bitmap Heap Scan", "Parent Relationship": "Outer", "Relation Name": "aka_name", "Alias": "an1", "Startup Cost": 16632.3, "Total Cost": 36540.72, "Plan Rows": 901342, "Plan Width": 20, "Plans": [{"Node Type": "Bitmap Index Scan", "Parent Relationship": "Outer", "Index Name": "person_id_aka_name", "Startup Cost": 0.0, "Total Cost": 16406.96, "Plan Rows": 901342, "Plan Width": 0}]}]}]}, {"Node Type": "Sort", "Parent Relationship": "Inner", "Startup Cost": 635502.57, "Total Cost": 645921.29, "Plan Rows": 4167490, "Plan Width": 4, "Sort Key": ["n1.id"], "Plans": [{"Node Type": "Bitmap Heap Scan", "Parent Relationship": "Outer", "Relation Name": "name", "Alias": "n1", "Startup Cost": 84199.57, "Total Cost": 177271.47, "Plan Rows": 4167490, "Plan Width": 4, "Plans": [{"Node Type": "Bitmap Index Scan", "Parent Relationship": "Outer", "Index Name": "name_pkey", "Startup Cost": 0.0, "Total Cost": 83157.7, "Plan Rows": 4167490, "Plan Width": 0}]}]}]}]}, "Unique SQL Id": 2457761703, "Planner Runtime": 42}, "explain_analyze_plan": null}, "(64, '20')": {"explain_plan": {"Plan": {"Node Type": "Aggregate", "Strategy": "Plain", "Startup Cost": 1759582.76, "Total Cost": 1759582.77, "Plan Rows": 1, "Plan Width": 97, "Plans": [{"Node Type": "Nested Loop", "Parent Relationship": "Outer", "Join Type": "Inner", "Startup Cost": 1483747.31, "Total Cost": 1757797.27, "Plan Rows": 357098, "Plan Width": 33, "Inner Unique": true, "Join Filter": "(an1.person_id = n1.id), (LLVM Optimized)", "Plans": [{"Node Type": "Nested Loop", "Parent Relationship": "Outer", "Join Type": "Inner", "Startup Cost": 1483747.31, "Total Cost": 1654278.62, "Plan Rows": 357098, "Plan Width": 41, "Inner Unique": true, "Plans": [{"Node Type": "Merge Join", "Parent Relationship": "Outer", "Join Type": "Inner", "Startup Cost": 1483747.31, "Total Cost": 1552476.28, "Plan Rows": 357379, "Plan Width": 32, "Inner Unique": false, "Merge Cond": "(an1.person_id = ci.person_id)", "Plans": [{"Node Type": "Index Scan", "Parent Relationship": "Outer", "Scan Direction": "Forward", "Index Name": "person_id_aka_name", "Relation Name": "aka_name", "Alias": "an1", "Startup Cost": 0.0, "Total Cost": 68965.03, "Plan Rows": 901342, "Plan Width": 20}, {"Node Type": "Sort", "Parent Relationship": "Inner", "Startup Cost": 1483747.24, "Total Cost": 1485524.79, "Plan Rows": 711018, "Plan Width": 12, "Sort Key": ["ci.person_id"], "Plans": [{"Node Type": "Merge Join", "Parent Relationship": "Outer", "Join Type": "Inner", "Startup Cost": 1389767.87, "Total Cost": 1414637.98, "Plan Rows": 711018, "Plan Width": 12, "Inner Unique": false, "Merge Cond": "(cn.id = mc.company_id)", "Plans": [{"Node Type": "Index Scan", "Parent Relationship": "Outer", "Scan Direction": "Forward", "Index Name": "company_name_pkey", "Relation Name": "company_name", "Alias": "cn", "Startup Cost": 0.0, "Total Cost": 10501.39, "Plan Rows": 85170, "Plan Width": 4, "Filter": "((country_code)::text = '[us]'::text)"}, {"Node Type": "Sort", "Parent Relationship": "Inner", "Startup Cost": 1389579.91, "Total Cost": 1393196.7, "Plan Rows": 1446714, "Plan Width": 16, "Sort Key": ["mc.company_id"], "Plans": [{"Node Type": "Nested Loop", "Parent Relationship": "Outer", "Join Type": "Inner", "Startup Cost": 0.0, "Total Cost": 1241549.62, "Plan Rows": 1446714, "Plan Width": 16, "Inner Unique": false, "Plans": [{"Node Type": "Streaming(type: LOCAL GATHER dop: 1/64)", "Parent Relationship": "Outer", "Startup Cost": 0.0, "Total Cost": 210491.4, "Plan Rows": 3296318, "Plan Width": 8, "Plans": [{"Node Type": "Nested Loop", "Parent Relationship": "Outer", "Join Type": "Inner", "Startup Cost": 0.0, "Total Cost": 142488.75, "Plan Rows": 3296318, "Plan Width": 8, "Inner Unique": false, "Join Filter": "(ci.role_id = rt.id), (LLVM Optimized)", "Plans": [{"Node Type": "Streaming(type: BROADCAST dop: 64/1)", "Parent Relationship": "Outer", "Startup Cost": 0.0, "Total Cost": 63002.47, "Plan Rows": 64, "Plan Width": 4, "Plans": [{"Node Type": "Seq Scan", "Parent Relationship": "Outer", "Relation Name": "role_type", "Alias": "rt", "Startup Cost": 0.0, "Total Cost": 1.15, "Plan Rows": 1, "Plan Width": 4, "Filter": "((role)::text = 'costume designer'::text)"}]}, {"Node Type": "Seq Scan", "Parent Relationship": "Inner", "Relation Name": "cast_info", "Alias": "ci", "Startup Cost": 0.0, "Total Cost": 72404.34, "Plan Rows": 36259494, "Plan Width": 12}]}]}, {"Node Type": "Index Scan", "Parent Relationship": "Inner", "Scan Direction": "Forward", "Index Name": "movie_id_movie_companies", "Relation Name": "movie_companies", "Alias": "mc", "Startup Cost": 0.0, "Total Cost": 0.29, "Plan Rows": 2, "Plan Width": 8, "Index Cond": "(movie_id = ci.movie_id)"}]}]}]}]}]}, {"Node Type": "Index Scan", "Parent Relationship": "Inner", "Scan Direction": "Forward", "Index Name": "title_pkey", "Relation Name": "title", "Alias": "t", "Startup Cost": 0.0, "Total Cost": 0.27, "Plan Rows": 1, "Plan Width": 21, "Index Cond": "(id = ci.movie_id)"}]}, {"Node Type": "Index Scan", "Parent Relationship": "Inner", "Scan Direction": "Forward", "Index Name": "name_pkey", "Relation Name": "name", "Alias": "n1", "Startup Cost": 0.0, "Total Cost": 0.28, "Plan Rows": 1, "Plan Width": 4, "Index Cond": "(id = ci.person_id)"}]}]}, "Unique SQL Id": 2457761703, "Planner Runtime": 40}, "explain_analyze_plan": {"Plan": {"Node Type": "Aggregate", "Strategy": "Plain", "Startup Cost": 1759582.76, "Total Cost": 1759582.77, "Plan Rows": 1, "Plan Width": 97, "Actual Min Startup Time": 6974.007, "Actual Max Startup Time": 6974.007, "Actual Min Total Time": 6974.008, "Actual Max Total Time": 6974.008, "Plans": [{"Node Type": "Nested Loop", "Parent Relationship": "Outer", "Join Type": "Inner", "Startup Cost": 1483747.31, "Total Cost": 1757797.27, "Plan Rows": 357098, "Plan Width": 33, "Actual Min Startup Time": 3513.385, "Actual Max Startup Time": 3513.385, "Actual Min Total Time": 6771.139, "Actual Max Total Time": 6771.139, "Inner Unique": true, "Join Filter": "(an1.person_id = n1.id), (LLVM Optimized, Jit Execute)", "Rows Removed by Join Filter": 0, "Plans": [{"Node Type": "Nested Loop", "Parent Relationship": "Outer", "Join Type": "Inner", "Startup Cost": 1483747.31, "Total Cost": 1654278.62, "Plan Rows": 357098, "Plan Width": 41, "Actual Min Startup Time": 3513.361, "Actual Max Startup Time": 3513.361, "Actual Min Total Time": 5658.286, "Actual Max Total Time": 5658.286, "Inner Unique": true, "Plans": [{"Node Type": "Merge Join", "Parent Relationship": "Outer", "Join Type": "Inner", "Startup Cost": 1483747.31, "Total Cost": 1552476.28, "Plan Rows": 357379, "Plan Width": 32, "Actual Min Startup Time": 3513.326, "Actual Max Startup Time": 3513.326, "Actual Min Total Time": 4340.681, "Actual Max Total Time": 4340.681, "Inner Unique": false, "Merge Cond": "(an1.person_id = ci.person_id)", "Plans": [{"Node Type": "Index Scan", "Parent Relationship": "Outer", "Scan Direction": "Forward", "Index Name": "person_id_aka_name", "Relation Name": "aka_name", "Alias": "an1", "Startup Cost": 0.0, "Total Cost": 68965.03, "Plan Rows": 901342, "Plan Width": 20, "Actual Min Startup Time": 0.055, "Actual Max Startup Time": 0.055, "Actual Min Total Time": 510.961, "Actual Max Total Time": 510.961, "Actual Rows": 688852}, {"Node Type": "Sort", "Parent Relationship": "Inner", "Startup Cost": 1483747.24, "Total Cost": 1485524.79, "Plan Rows": 711018, "Plan Width": 12, "Actual Min Startup Time": 3513.206, "Actual Max Startup Time": 3513.206, "Actual Min Total Time": 3613.2, "Actual Max Total Time": 3613.2, "Sort Key": ["ci.person_id"], "Sort Method": "quicksort", "Sort Space Min Used": 39058, "Sort Space Max Used": 39058, "Sort Space Type": "Memory", "Plans": [{"Node Type": "Merge Join", "Parent Relationship": "Outer", "Join Type": "Inner", "Startup Cost": 1389767.87, "Total Cost": 1414637.98, "Plan Rows": 711018, "Plan Width": 12, "Actual Min Startup Time": 2802.125, "Actual Max Startup Time": 2802.125, "Actual Min Total Time": 3419.997, "Actual Max Total Time": 3419.997, "Inner Unique": false, "Merge Cond": "(cn.id = mc.company_id)", "Plans": [{"Node Type": "Index Scan", "Parent Relationship": "Outer", "Scan Direction": "Forward", "Index Name": "company_name_pkey", "Relation Name": "company_name", "Alias": "cn", "Startup Cost": 0.0, "Total Cost": 10501.39, "Plan Rows": 85170, "Plan Width": 4, "Actual Min Startup Time": 0.039, "Actual Max Startup Time": 0.039, "Actual Min Total Time": 316.361, "Actual Max Total Time": 316.361, "Filter": "((country_code)::text = '[us]'::text)", "Rows Removed by Filter": 150153, "Actual Rows": 84843}, {"Node Type": "Sort", "Parent Relationship": "Inner", "Startup Cost": 1389579.91, "Total Cost": 1393196.7, "Plan Rows": 1446714, "Plan Width": 16, "Actual Min Startup Time": 2802.075, "Actual Max Startup Time": 2802.075, "Actual Min Total Time": 2942.387, "Actual Max Total Time": 2942.387, "Sort Key": ["mc.company_id"], "Sort Method": "quicksort", "Sort Space Min Used": 99069, "Sort Space Max Used": 99069, "Sort Space Type": "Memory", "Plans": [{"Node Type": "Nested Loop", "Parent Relationship": "Outer", "Join Type": "Inner", "Startup Cost": 0.0, "Total Cost": 1241549.62, "Plan Rows": 1446714, "Plan Width": 16, "Actual Min Startup Time": 354.183, "Actual Max Startup Time": 354.183, "Actual Min Total Time": 2508.974, "Actual Max Total Time": 2508.974, "Inner Unique": false, "Plans": [{"Node Type": "Streaming(type: LOCAL GATHER dop: 1/64)", "Parent Relationship": "Outer", "Startup Cost": 0.0, "Total Cost": 210491.4, "Plan Rows": 3296318, "Plan Width": 8, "Actual Min Startup Time": 354.137, "Actual Max Startup Time": 354.137, "Actual Min Total Time": 527.574, "Actual Max Total Time": 527.574, "Plans": [{"Node Type": "Nested Loop", "Parent Relationship": "Outer", "Join Type": "Inner", "Startup Cost": 0.0, "Total Cost": 142488.75, "Plan Rows": 3296318, "Plan Width": 8, "Actual Min Startup Time": 191.7, "Actual Max Startup Time": 266.037, "Actual Min Total Time": 240.857, "Actual Max Total Time": 266.037, "Inner Unique": false, "Join Filter": "(ci.role_id = rt.id), (LLVM Optimized, Jit Execute)", "Rows Removed by Join Filter": 35967940, "Plans": [{"Node Type": "Streaming(type: BROADCAST dop: 64/1)", "Parent Relationship": "Outer", "Startup Cost": 0.0, "Total Cost": 63002.47, "Plan Rows": 64, "Plan Width": 4, "Actual Min Startup Time": 0.002, "Actual Max Startup Time": 35.134, "Actual Min Total Time": 0.004, "Actual Max Total Time": 35.139, "Plans": [{"Node Type": "Seq Scan", "Parent Relationship": "Outer", "Relation Name": "role_type", "Alias": "rt", "Startup Cost": 0.0, "Total Cost": 1.15, "Plan Rows": 1, "Plan Width": 4, "Actual Min Startup Time": 0.026, "Actual Max Startup Time": 0.026, "Actual Min Total Time": 0.03, "Actual Max Total Time": 0.03, "Filter": "((role)::text = 'costume designer'::text)", "Rows Removed by Filter": 11, "Actual Rows": 1}], "Actual Rows": 64}, {"Node Type": "Seq Scan", "Parent Relationship": "Inner", "Relation Name": "cast_info", "Alias": "ci", "Startup Cost": 0.0, "Total Cost": 72404.34, "Plan Rows": 36259494, "Plan Width": 12, "Actual Min Startup Time": 0.025, "Actual Max Startup Time": 0.054, "Actual Min Total Time": 125.311, "Actual Max Total Time": 137.178, "Actual Rows": 36244343}], "Actual Rows": 276403}], "Actual Rows": 276403}, {"Node Type": "Index Scan", "Parent Relationship": "Inner", "Scan Direction": "Forward", "Index Name": "movie_id_movie_companies", "Relation Name": "movie_companies", "Alias": "mc", "Startup Cost": 0.0, "Total Cost": 0.29, "Plan Rows": 2, "Plan Width": 8, "Actual Min Startup Time": 1190.129, "Actual Max Startup Time": 1190.129, "Actual Min Total Time": 1681.269, "Actual Max Total Time": 1681.269, "Index Cond": "(movie_id = ci.movie_id)", "Rows Removed by Index Recheck": 0, "Actual Rows": 794590}], "Actual Rows": 794590}], "Actual Rows": 794590}], "Actual Rows": 285537}], "Actual Rows": 445949}], "Actual Rows": 323005}, {"Node Type": "Index Scan", "Parent Relationship": "Inner", "Scan Direction": "Forward", "Index Name": "title_pkey", "Relation Name": "title", "Alias": "t", "Startup Cost": 0.0, "Total Cost": 0.27, "Plan Rows": 1, "Plan Width": 21, "Actual Min Startup Time": 1059.202, "Actual Max Startup Time": 1059.202, "Actual Min Total Time": 1059.202, "Actual Max Total Time": 1059.202, "Index Cond": "(id = ci.movie_id)", "Rows Removed by Index Recheck": 0, "Actual Rows": 323005}], "Actual Rows": 323005}, {"Node Type": "Index Scan", "Parent Relationship": "Inner", "Scan Direction": "Forward", "Index Name": "name_pkey", "Relation Name": "name", "Alias": "n1", "Startup Cost": 0.0, "Total Cost": 0.28, "Plan Rows": 1, "Plan Width": 4, "Actual Min Startup Time": 839.013, "Actual Max Startup Time": 839.013, "Actual Min Total Time": 839.013, "Actual Max Total Time": 839.013, "Index Cond": "(id = ci.person_id)", "Rows Removed by Index Recheck": 0, "Actual Rows": 323005}], "Actual Rows": 323005}], "Actual Rows": 1}, "Triggers": [], "Planner Runtime": 39.615, "Total Runtime": 6996.793, "Unique SQL Id": 2457761703}}, "(64, '21')": {"explain_plan": {"Plan": {"Node Type": "Aggregate", "Strategy": "Plain", "Startup Cost": 1196651.68, "Total Cost": 1196651.69, "Plan Rows": 1, "Plan Width": 97, "Plans": [{"Node Type": "Nested Loop", "Parent Relationship": "Outer", "Join Type": "Inner", "Startup Cost": 920816.24, "Total Cost": 1194866.19, "Plan Rows": 357098, "Plan Width": 33, "Inner Unique": true, "Join Filter": "(an1.person_id = n1.id), (LLVM Optimized)", "Plans": [{"Node Type": "Nested Loop", "Parent Relationship": "Outer", "Join Type": "Inner", "Startup Cost": 920816.24, "Total Cost": 1091347.54, "Plan Rows": 357098, "Plan Width": 41, "Inner Unique": true, "Plans": [{"Node Type": "Merge Join", "Parent Relationship": "Outer", "Join Type": "Inner", "Startup Cost": 920816.24, "Total Cost": 989545.2, "Plan Rows": 357379, "Plan Width": 32, "Inner Unique": false, "Merge Cond": "(an1.person_id = ci.person_id)", "Plans": [{"Node Type": "Index Scan", "Parent Relationship": "Outer", "Scan Direction": "Forward", "Index Name": "person_id_aka_name", "Relation Name": "aka_name", "Alias": "an1", "Startup Cost": 0.0, "Total Cost": 68965.03, "Plan Rows": 901342, "Plan Width": 20}, {"Node Type": "Sort", "Parent Relationship": "Inner", "Startup Cost": 920816.17, "Total Cost": 922593.71, "Plan Rows": 711018, "Plan Width": 12, "Sort Key": ["ci.person_id"], "Plans": [{"Node Type": "Merge Join", "Parent Relationship": "Outer", "Join Type": "Inner", "Startup Cost": 812111.15, "Total Cost": 851706.9, "Plan Rows": 711018, "Plan Width": 12, "Inner Unique": false, "Merge Cond": "(mc.movie_id = ci.movie_id)", "Plans": [{"Node Type": "Sort", "Parent Relationship": "Outer", "Startup Cost": 283826.21, "Total Cost": 287031.99, "Plan Rows": 1282311, "Plan Width": 4, "Sort Key": ["mc.movie_id"], "Plans": [{"Node Type": "Merge Join", "Parent Relationship": "Outer", "Join Type": "Inner", "Startup Cost": 3383.04, "Total Cost": 153733.74, "Plan Rows": 1282311, "Plan Width": 4, "Inner Unique": false, "Merge Cond": "(cn.id = mc.company_id)", "Plans": [{"Node Type": "Index Scan", "Parent Relationship": "Outer", "Scan Direction": "Forward", "Index Name": "company_name_pkey", "Relation Name": "company_name", "Alias": "cn", "Startup Cost": 0.0, "Total Cost": 10501.39, "Plan Rows": 85170, "Plan Width": 4, "Filter": "((country_code)::text = '[us]'::text)"}, {"Node Type": "Index Scan", "Parent Relationship": "Inner", "Scan Direction": "Forward", "Index Name": "company_id_movie_companies", "Relation Name": "movie_companies", "Alias": "mc", "Startup Cost": 0.0, "Total Cost": 123673.5, "Plan Rows": 2609128, "Plan Width": 8}]}]}, {"Node Type": "Sort", "Parent Relationship": "Inner", "Startup Cost": 528284.62, "Total Cost": 536525.42, "Plan Rows": 3296318, "Plan Width": 8, "Sort Key": ["ci.movie_id"], "Plans": [{"Node Type": "Nested Loop", "Parent Relationship": "Outer", "Join Type": "Inner", "Startup Cost": 0.0, "Total Cost": 171418.25, "Plan Rows": 3296318, "Plan Width": 8, "Inner Unique": false, "Plans": [{"Node Type": "Index Scan", "Parent Relationship": "Outer", "Scan Direction": "Forward", "Index Name": "role_type_pkey", "Relation Name": "role_type", "Alias": "rt", "Startup Cost": 0.0, "Total Cost": 12.46, "Plan Rows": 1, "Plan Width": 4, "Filter": "((role)::text = 'costume designer'::text)"}, {"Node Type": "Index Scan", "Parent Relationship": "Inner", "Scan Direction": "Forward", "Index Name": "role_id_cast_info", "Relation Name": "cast_info", "Alias": "ci", "Startup Cost": 0.0, "Total Cost": 138442.61, "Plan Rows": 3296318, "Plan Width": 12, "Index Cond": "(role_id = rt.id), (LLVM Optimized)"}]}]}]}]}]}, {"Node Type": "Index Scan", "Parent Relationship": "Inner", "Scan Direction": "Forward", "Index Name": "title_pkey", "Relation Name": "title", "Alias": "t", "Startup Cost": 0.0, "Total Cost": 0.27, "Plan Rows": 1, "Plan Width": 21, "Index Cond": "(id = ci.movie_id)"}]}, {"Node Type": "Index Scan", "Parent Relationship": "Inner", "Scan Direction": "Forward", "Index Name": "name_pkey", "Relation Name": "name", "Alias": "n1", "Startup Cost": 0.0, "Total Cost": 0.28, "Plan Rows": 1, "Plan Width": 4, "Index Cond": "(id = ci.person_id)"}]}]}, "Unique SQL Id": 2457761703, "Planner Runtime": 43}, "explain_analyze_plan": {"Plan": {"Node Type": "Aggregate", "Strategy": "Plain", "Startup Cost": 1196651.68, "Total Cost": 1196651.69, "Plan Rows": 1, "Plan Width": 97, "Actual Startup Time": 8773.615, "Actual Total Time": 8773.616, "Actual Rows": 1, "Actual Loops": 1, "Plans": [{"Node Type": "Nested Loop", "Parent Relationship": "Outer", "Join Type": "Inner", "Startup Cost": 920816.24, "Total Cost": 1194866.19, "Plan Rows": 357098, "Plan Width": 33, "Actual Startup Time": 5291.052, "Actual Total Time": 8568.841, "Actual Rows": 323005, "Actual Loops": 1, "Inner Unique": true, "Join Filter": "(an1.person_id = n1.id), (LLVM Optimized, Jit Execute)", "Rows Removed by Join Filter": 0, "Plans": [{"Node Type": "Nested Loop", "Parent Relationship": "Outer", "Join Type": "Inner", "Startup Cost": 920816.24, "Total Cost": 1091347.54, "Plan Rows": 357098, "Plan Width": 41, "Actual Startup Time": 5291.022, "Actual Total Time": 7467.198, "Actual Rows": 323005, "Actual Loops": 1, "Inner Unique": true, "Plans": [{"Node Type": "Merge Join", "Parent Relationship": "Outer", "Join Type": "Inner", "Startup Cost": 920816.24, "Total Cost": 989545.2, "Plan Rows": 357379, "Plan Width": 32, "Actual Startup Time": 5290.989, "Actual Total Time": 6132.355, "Actual Rows": 323005, "Actual Loops": 1, "Inner Unique": false, "Merge Cond": "(an1.person_id = ci.person_id)", "Plans": [{"Node Type": "Index Scan", "Parent Relationship": "Outer", "Scan Direction": "Forward", "Index Name": "person_id_aka_name", "Relation Name": "aka_name", "Alias": "an1", "Startup Cost": 0.0, "Total Cost": 68965.03, "Plan Rows": 901342, "Plan Width": 20, "Actual Startup Time": 0.033, "Actual Total Time": 564.418, "Actual Rows": 688852, "Actual Loops": 1}, {"Node Type": "Sort", "Parent Relationship": "Inner", "Startup Cost": 920816.17, "Total Cost": 922593.71, "Plan Rows": 711018, "Plan Width": 12, "Actual Startup Time": 5290.891, "Actual Total Time": 5354.111, "Actual Rows": 445949, "Actual Loops": 1, "Sort Key": ["ci.person_id"], "Sort Method": "quicksort", "Sort Space Used": 39058, "Sort Space Type": "Memory", "Plans": [{"Node Type": "Merge Join", "Parent Relationship": "Outer", "Join Type": "Inner", "Startup Cost": 812111.15, "Total Cost": 851706.9, "Plan Rows": 711018, "Plan Width": 12, "Actual Startup Time": 4751.873, "Actual Total Time": 5200.368, "Actual Rows": 285537, "Actual Loops": 1, "Inner Unique": false, "Merge Cond": "(mc.movie_id = ci.movie_id)", "Plans": [{"Node Type": "Sort", "Parent Relationship": "Outer", "Startup Cost": 283826.21, "Total Cost": 287031.99, "Plan Rows": 1282311, "Plan Width": 4, "Actual Startup Time": 4447.208, "Actual Total Time": 4580.902, "Actual Rows": 1153797, "Actual Loops": 1, "Sort Key": ["mc.movie_id"], "Sort Method": "quicksort", "Sort Space Used": 121265, "Sort Space Type": "Memory", "Plans": [{"Node Type": "Merge Join", "Parent Relationship": "Outer", "Join Type": "Inner", "Startup Cost": 3383.04, "Total Cost": 153733.74, "Plan Rows": 1282311, "Plan Width": 4, "Actual Startup Time": 0.049, "Actual Total Time": 4005.557, "Actual Rows": 1153797, "Actual Loops": 1, "Inner Unique": false, "Merge Cond": "(cn.id = mc.company_id)", "Plans": [{"Node Type": "Index Scan", "Parent Relationship": "Outer", "Scan Direction": "Forward", "Index Name": "company_name_pkey", "Relation Name": "company_name", "Alias": "cn", "Startup Cost": 0.0, "Total Cost": 10501.39, "Plan Rows": 85170, "Plan Width": 4, "Actual Startup Time": 0.026, "Actual Total Time": 362.406, "Actual Rows": 84843, "Actual Loops": 1, "Filter": "((country_code)::text = '[us]'::text)", "Rows Removed by Filter": 150153}, {"Node Type": "Index Scan", "Parent Relationship": "Inner", "Scan Direction": "Forward", "Index Name": "company_id_movie_companies", "Relation Name": "movie_companies", "Alias": "mc", "Startup Cost": 0.0, "Total Cost": 123673.5, "Plan Rows": 2609128, "Plan Width": 8, "Actual Startup Time": 0.018, "Actual Total Time": 3083.335, "Actual Rows": 2609128, "Actual Loops": 1}]}]}, {"Node Type": "Sort", "Parent Relationship": "Inner", "Startup Cost": 528284.62, "Total Cost": 536525.42, "Plan Rows": 3296318, "Plan Width": 8, "Actual Startup Time": 304.652, "Actual Total Time": 354.49, "Actual Rows": 461759, "Actual Loops": 1, "Sort Key": ["ci.movie_id"], "Sort Method": "quicksort", "Sort Space Used": 29564, "Sort Space Type": "Memory", "Plans": [{"Node Type": "Nested Loop", "Parent Relationship": "Outer", "Join Type": "Inner", "Startup Cost": 0.0, "Total Cost": 171418.25, "Plan Rows": 3296318, "Plan Width": 8, "Actual Startup Time": 0.099, "Actual Total Time": 202.854, "Actual Rows": 276403, "Actual Loops": 1, "Inner Unique": false, "Plans": [{"Node Type": "Index Scan", "Parent Relationship": "Outer", "Scan Direction": "Forward", "Index Name": "role_type_pkey", "Relation Name": "role_type", "Alias": "rt", "Startup Cost": 0.0, "Total Cost": 12.46, "Plan Rows": 1, "Plan Width": 4, "Actual Startup Time": 0.044, "Actual Total Time": 0.055, "Actual Rows": 1, "Actual Loops": 1, "Filter": "((role)::text = 'costume designer'::text)", "Rows Removed by Filter": 11}, {"Node Type": "Index Scan", "Parent Relationship": "Inner", "Scan Direction": "Forward", "Index Name": "role_id_cast_info", "Relation Name": "cast_info", "Alias": "ci", "Startup Cost": 0.0, "Total Cost": 138442.61, "Plan Rows": 3296318, "Plan Width": 12, "Actual Startup Time": 0.043, "Actual Total Time": 150.494, "Actual Rows": 276403, "Actual Loops": 1, "Index Cond": "(role_id = rt.id), (LLVM Optimized, Jit Execute)", "Rows Removed by Index Recheck": 0}]}]}]}]}]}, {"Node Type": "Index Scan", "Parent Relationship": "Inner", "Scan Direction": "Forward", "Index Name": "title_pkey", "Relation Name": "title", "Alias": "t", "Startup Cost": 0.0, "Total Cost": 0.27, "Plan Rows": 1, "Plan Width": 21, "Actual Startup Time": 1085.081, "Actual Total Time": 1085.081, "Actual Rows": 323005, "Actual Loops": 323005, "Index Cond": "(id = ci.movie_id)", "Rows Removed by Index Recheck": 0}]}, {"Node Type": "Index Scan", "Parent Relationship": "Inner", "Scan Direction": "Forward", "Index Name": "name_pkey", "Relation Name": "name", "Alias": "n1", "Startup Cost": 0.0, "Total Cost": 0.28, "Plan Rows": 1, "Plan Width": 4, "Actual Startup Time": 833.047, "Actual Total Time": 833.047, "Actual Rows": 323005, "Actual Loops": 323005, "Index Cond": "(id = ci.person_id)", "Rows Removed by Index Recheck": 0}]}]}, "Triggers": [], "Planner Runtime": 43.56, "Total Runtime": 8783.527, "Unique SQL Id": 2457761703}}, "(64, '22')": {"explain_plan": {"Plan": {"Node Type": "Aggregate", "Strategy": "Plain", "Startup Cost": 7585308.33, "Total Cost": 7585308.34, "Plan Rows": 1, "Plan Width": 97, "Plans": [{"Node Type": "Nested Loop", "Parent Relationship": "Outer", "Join Type": "Inner", "Startup Cost": 6046012.51, "Total Cost": 7583522.84, "Plan Rows": 357098, "Plan Width": 33, "Inner Unique": true, "Join Filter": "(an1.person_id = n1.id), (LLVM Optimized)", "Plans": [{"Node Type": "Merge Join", "Parent Relationship": "Outer", "Join Type": "Inner", "Startup Cost": 6046012.25, "Total Cost": 6053547.63, "Plan Rows": 357098, "Plan Width": 41, "Inner Unique": false, "Merge Cond": "(cn.id = mc.company_id)", "Plans": [{"Node Type": "Sort", "Parent Relationship": "Outer", "Startup Cost": 12878.05, "Total Cost": 13090.97, "Plan Rows": 85170, "Plan Width": 4, "Sort Key": ["cn.id"], "Plans": [{"Node Type": "Seq Scan", "Parent Relationship": "Outer", "Relation Name": "company_name", "Alias": "cn", "Startup Cost": 0.0, "Total Cost": 5903.45, "Plan Rows": 85170, "Plan Width": 4, "Filter": "((country_code)::text = '[us]'::text)"}]}, {"Node Type": "Sort", "Parent Relationship": "Inner", "Startup Cost": 6033039.81, "Total Cost": 6034856.28, "Plan Rows": 726589, "Plan Width": 45, "Sort Key": ["mc.company_id"], "Plans": [{"Node Type": "Merge Join", "Parent Relationship": "Outer", "Join Type": "Inner", "Startup Cost": 5904814.04, "Total Cost": 5962303.53, "Plan Rows": 726589, "Plan Width": 45, "Inner Unique": true, "Merge Cond": "(ci.movie_id = t.id)", "Plans": [{"Node Type": "Merge Join", "Parent Relationship": "Outer", "Join Type": "Inner", "Startup Cost": 5575862.06, "Total Cost": 5611637.73, "Plan Rows": 727161, "Plan Width": 36, "Inner Unique": false, "Merge Cond": "(ci.movie_id = mc.movie_id)", "Plans": [{"Node Type": "Sort", "Parent Relationship": "Outer", "Startup Cost": 5255975.04, "Total Cost": 5259686.51, "Plan Rows": 1484588, "Plan Width": 28, "Sort Key": ["ci.movie_id"], "Plans": [{"Node Type": "Nested Loop", "Parent Relationship": "Outer", "Join Type": "Inner", "Startup Cost": 1.01, "Total Cost": 5103792.66, "Plan Rows": 1484588, "Plan Width": 28, "Inner Unique": false, "Join Filter": "(ci.role_id = rt.id), (LLVM Optimized)", "Plans": [{"Node Type": "Seq Scan", "Parent Relationship": "Outer", "Relation Name": "role_type", "Alias": "rt", "Startup Cost": 0.0, "Total Cost": 1.15, "Plan Rows": 1, "Plan Width": 4, "Filter": "((role)::text = 'costume designer'::text)"}, {"Node Type": "Nested Loop", "Parent Relationship": "Inner", "Join Type": "Inner", "Startup Cost": 1.01, "Total Cost": 4899660.64, "Plan Rows": 16330470, "Plan Width": 32, "Inner Unique": false, "Plans": [{"Node Type": "Seq Scan", "Parent Relationship": "Outer", "Relation Name": "aka_name", "Alias": "an1", "Startup Cost": 0.0, "Total Cost": 19908.42, "Plan Rows": 901342, "Plan Width": 20}, {"Node Type": "Bitmap Heap Scan", "Parent Relationship": "Inner", "Relation Name": "cast_info", "Alias": "ci", "Startup Cost": 1.01, "Total Cost": 5.23, "Plan Rows": 18, "Plan Width": 12, "Recheck Cond": "(person_id = an1.person_id)", "Plans": [{"Node Type": "Bitmap Index Scan", "Parent Relationship": "Outer", "Index Name": "person_id_cast_info", "Startup Cost": 0.0, "Total Cost": 1.0, "Plan Rows": 18, "Plan Width": 0, "Index Cond": "(person_id = an1.person_id)"}]}]}]}]}, {"Node Type": "Sort", "Parent Relationship": "Inner", "Startup Cost": 319886.87, "Total Cost": 326409.69, "Plan Rows": 2609128, "Plan Width": 8, "Sort Key": ["mc.movie_id"], "Plans": [{"Node Type": "Seq Scan", "Parent Relationship": "Outer", "Relation Name": "movie_companies", "Alias": "mc", "Startup Cost": 0.0, "Total Cost": 41817.28, "Plan Rows": 2609128, "Plan Width": 8}]}]}, {"Node Type": "Sort", "Parent Relationship": "Inner", "Startup Cost": 328951.73, "Total Cost": 335272.51, "Plan Rows": 2528311, "Plan Width": 21, "Sort Key": ["t.id"], "Plans": [{"Node Type": "Seq Scan", "Parent Relationship": "Outer", "Relation Name": "title", "Alias": "t", "Startup Cost": 0.0, "Total Cost": 60069.11, "Plan Rows": 2528311, "Plan Width": 21}]}]}]}]}, {"Node Type": "Bitmap Heap Scan", "Parent Relationship": "Inner", "Relation Name": "name", "Alias": "n1", "Startup Cost": 0.26, "Total Cost": 4.27, "Plan Rows": 1, "Plan Width": 4, "Recheck Cond": "(id = ci.person_id)", "Plans": [{"Node Type": "Bitmap Index Scan", "Parent Relationship": "Outer", "Index Name": "name_pkey", "Startup Cost": 0.0, "Total Cost": 0.26, "Plan Rows": 1, "Plan Width": 0, "Index Cond": "(id = ci.person_id)"}]}]}]}, "Unique SQL Id": 2457761703, "Planner Runtime": 43}, "explain_analyze_plan": null}, "(64, '23')": {"explain_plan": {"Plan": {"Node Type": "Aggregate", "Strategy": "Plain", "Startup Cost": 2599287.33, "Total Cost": 2599287.34, "Plan Rows": 1, "Plan Width": 97, "Plans": [{"Node Type": "Merge Join", "Parent Relationship": "Outer", "Join Type": "Inner", "Startup Cost": 2561169.56, "Total Cost": 2597501.84, "Plan Rows": 357098, "Plan Width": 33, "Inner Unique": true, "Merge Cond": "(an1.person_id = n1.id)", "Plans": [{"Node Type": "Merge Join", "Parent Relationship": "Outer", "Join Type": "Inner", "Startup Cost": 1925666.62, "Total Cost": 1936698.45, "Plan Rows": 357098, "Plan Width": 41, "Inner Unique": false, "Merge Cond": "(ci.person_id = an1.person_id)", "Plans": [{"Node Type": "Sort", "Parent Relationship": "Outer", "Startup Cost": 1799975.38, "Total Cost": 1801751.53, "Plan Rows": 710459, "Plan Width": 21, "Sort Key": ["ci.person_id"], "Plans": [{"Node Type": "Merge Join", "Parent Relationship": "Outer", "Join Type": "Inner", "Startup Cost": 1669816.61, "Total Cost": 1730924.48, "Plan Rows": 710459, "Plan Width": 21, "Inner Unique": true, "Merge Cond": "(ci.movie_id = t.id)", "Plans": [{"Node Type": "Merge Join", "Parent Relationship": "Outer", "Join Type": "Inner", "Startup Cost": 1290578.7, "Total Cost": 1330174.45, "Plan Rows": 711018, "Plan Width": 12, "Inner Unique": false, "Merge Cond": "(mc.movie_id = ci.movie_id)", "Plans": [{"Node Type": "Sort", "Parent Relationship": "Outer", "Startup Cost": 543942.68, "Total Cost": 547148.46, "Plan Rows": 1282311, "Plan Width": 4, "Sort Key": ["mc.movie_id"], "Plans": [{"Node Type": "Merge Join", "Parent Relationship": "Outer", "Join Type": "Inner", "Startup Cost": 387894.59, "Total Cost": 413850.21, "Plan Rows": 1282311, "Plan Width": 4, "Inner Unique": false, "Merge Cond": "(cn.id = mc.company_id)", "Plans": [{"Node Type": "Sort", "Parent Relationship": "Outer", "Startup Cost": 15678.57, "Total Cost": 15891.49, "Plan Rows": 85170, "Plan Width": 4, "Sort Key": ["cn.id"], "Plans": [{"Node Type": "Bitmap Heap Scan", "Parent Relationship": "Outer", "Relation Name": "company_name", "Alias": "cn", "Startup Cost": 2800.52, "Total Cost": 8703.97, "Plan Rows": 85170, "Plan Width": 4, "Filter": "((country_code)::text = '[us]'::text)", "Plans": [{"Node Type": "Bitmap Index Scan", "Parent Relationship": "Outer", "Index Name": "company_name_pkey", "Startup Cost": 0.0, "Total Cost": 2779.23, "Plan Rows": 234996, "Plan Width": 0}]}]}, {"Node Type": "Sort", "Parent Relationship": "Inner", "Startup Cost": 371877.05, "Total Cost": 378399.87, "Plan Rows": 2609128, "Plan Width": 8, "Sort Key": ["mc.company_id"], "Plans": [{"Node Type": "Bitmap Heap Scan", "Parent Relationship": "Outer", "Relation Name": "movie_companies", "Alias": "mc", "Startup Cost": 51990.17, "Total Cost": 93807.45, "Plan Rows": 2609128, "Plan Width": 8, "Plans": [{"Node Type": "Bitmap Index Scan", "Parent Relationship": "Outer", "Index Name": "movie_id_movie_companies", "Startup Cost": 0.0, "Total Cost": 51337.89, "Plan Rows": 2609128, "Plan Width": 0}]}]}]}]}, {"Node Type": "Sort", "Parent Relationship": "Inner", "Startup Cost": 746635.7, "Total Cost": 754876.5, "Plan Rows": 3296318, "Plan Width": 8, "Sort Key": ["ci.movie_id"], "Plans": [{"Node Type": "Nested Loop", "Parent Relationship": "Outer", "Join Type": "Inner", "Startup Cost": 76315.02, "Total Cost": 389769.33, "Plan Rows": 3296318, "Plan Width": 8, "Inner Unique": false, "Plans": [{"Node Type": "Bitmap Heap Scan", "Parent Relationship": "Outer", "Relation Name": "role_type", "Alias": "rt", "Startup Cost": 8.31, "Total Cost": 12.46, "Plan Rows": 1, "Plan Width": 4, "Filter": "((role)::text = 'costume designer'::text)", "Plans": [{"Node Type": "Bitmap Index Scan", "Parent Relationship": "Outer", "Index Name": "role_type_pkey", "Startup Cost": 0.0, "Total Cost": 8.31, "Plan Rows": 12, "Plan Width": 0}]}, {"Node Type": "Bitmap Heap Scan", "Parent Relationship": "Inner", "Relation Name": "cast_info", "Alias": "ci", "Startup Cost": 76306.71, "Total Cost": 356793.69, "Plan Rows": 3296318, "Plan Width": 12, "Recheck Cond": "(role_id = rt.id), (LLVM Optimized)", "Plans": [{"Node Type": "Bitmap Index Scan", "Parent Relationship": "Outer", "Index Name": "role_id_cast_info", "Startup Cost": 0.0, "Total Cost": 75482.63, "Plan Rows": 3296318, "Plan Width": 0, "Index Cond": "(role_id = rt.id)"}]}]}]}]}, {"Node Type": "Sort", "Parent Relationship": "Inner", "Startup Cost": 379237.61, "Total Cost": 385558.39, "Plan Rows": 2528311, "Plan Width": 21, "Sort Key": ["t.id"], "Plans": [{"Node Type": "Bitmap Heap Scan", "Parent Relationship": "Outer", "Relation Name": "title", "Alias": "t", "Startup Cost": 50285.88, "Total Cost": 110354.99, "Plan Rows": 2528311, "Plan Width": 21, "Plans": [{"Node Type": "Bitmap Index Scan", "Parent Relationship": "Outer", "Index Name": "title_pkey", "Startup Cost": 0.0, "Total Cost": 49653.81, "Plan Rows": 2528311, "Plan Width": 0}]}]}]}]}, {"Node Type": "Sort", "Parent Relationship": "Inner", "Startup Cost": 125691.17, "Total Cost": 127944.52, "Plan Rows": 901342, "Plan Width": 20, "Sort Key": ["an1.person_id"], "Plans": [{"Node Type": "Bitmap Heap Scan", "Parent Relationship": "Outer", "Relation Name": "aka_name", "Alias": "an1", "Startup Cost": 16632.3, "Total Cost": 36540.72, "Plan Rows": 901342, "Plan Width": 20, "Plans": [{"Node Type": "Bitmap Index Scan", "Parent Relationship": "Outer", "Index Name": "person_id_aka_name", "Startup Cost": 0.0, "Total Cost": 16406.96, "Plan Rows": 901342, "Plan Width": 0}]}]}]}, {"Node Type": "Sort", "Parent Relationship": "Inner", "Startup Cost": 635502.57, "Total Cost": 645921.29, "Plan Rows": 4167490, "Plan Width": 4, "Sort Key": ["n1.id"], "Plans": [{"Node Type": "Bitmap Heap Scan", "Parent Relationship": "Outer", "Relation Name": "name", "Alias": "n1", "Startup Cost": 84199.57, "Total Cost": 177271.47, "Plan Rows": 4167490, "Plan Width": 4, "Plans": [{"Node Type": "Bitmap Index Scan", "Parent Relationship": "Outer", "Index Name": "name_pkey", "Startup Cost": 0.0, "Total Cost": 83157.7, "Plan Rows": 4167490, "Plan Width": 0}]}]}]}]}, "Unique SQL Id": 2457761703, "Planner Runtime": 42}, "explain_analyze_plan": null}, "(64, '24')": {"explain_plan": {"Plan": {"Node Type": "Aggregate", "Strategy": "Plain", "Startup Cost": 1757558.04, "Total Cost": 1757558.05, "Plan Rows": 1, "Plan Width": 97, "Plans": [{"Node Type": "Nested Loop", "Parent Relationship": "Outer", "Join Type": "Inner", "Startup Cost": 1483747.31, "Total Cost": 1755772.55, "Plan Rows": 357098, "Plan Width": 33, "Inner Unique": true, "Join Filter": "(an1.person_id = n1.id), (LLVM Optimized)", "Plans": [{"Node Type": "Nested Loop", "Parent Relationship": "Outer", "Join Type": "Inner", "Startup Cost": 1483747.31, "Total Cost": 1654278.62, "Plan Rows": 357098, "Plan Width": 41, "Inner Unique": true, "Plans": [{"Node Type": "Merge Join", "Parent Relationship": "Outer", "Join Type": "Inner", "Startup Cost": 1483747.31, "Total Cost": 1552476.28, "Plan Rows": 357379, "Plan Width": 32, "Inner Unique": false, "Merge Cond": "(an1.person_id = ci.person_id)", "Plans": [{"Node Type": "Index Scan", "Parent Relationship": "Outer", "Scan Direction": "Forward", "Index Name": "person_id_aka_name", "Relation Name": "aka_name", "Alias": "an1", "Startup Cost": 0.0, "Total Cost": 68965.03, "Plan Rows": 901342, "Plan Width": 20}, {"Node Type": "Sort", "Parent Relationship": "Inner", "Startup Cost": 1483747.24, "Total Cost": 1485524.79, "Plan Rows": 711018, "Plan Width": 12, "Sort Key": ["ci.person_id"], "Plans": [{"Node Type": "Merge Join", "Parent Relationship": "Outer", "Join Type": "Inner", "Startup Cost": 1389767.87, "Total Cost": 1414637.98, "Plan Rows": 711018, "Plan Width": 12, "Inner Unique": false, "Merge Cond": "(cn.id = mc.company_id)", "Plans": [{"Node Type": "Index Scan", "Parent Relationship": "Outer", "Scan Direction": "Forward", "Index Name": "company_name_pkey", "Relation Name": "company_name", "Alias": "cn", "Startup Cost": 0.0, "Total Cost": 10501.39, "Plan Rows": 85170, "Plan Width": 4, "Filter": "((country_code)::text = '[us]'::text)"}, {"Node Type": "Sort", "Parent Relationship": "Inner", "Startup Cost": 1389579.91, "Total Cost": 1393196.7, "Plan Rows": 1446714, "Plan Width": 16, "Sort Key": ["mc.company_id"], "Plans": [{"Node Type": "Nested Loop", "Parent Relationship": "Outer", "Join Type": "Inner", "Startup Cost": 0.0, "Total Cost": 1241549.62, "Plan Rows": 1446714, "Plan Width": 16, "Inner Unique": false, "Plans": [{"Node Type": "Streaming(type: LOCAL GATHER dop: 1/64)", "Parent Relationship": "Outer", "Startup Cost": 0.0, "Total Cost": 210491.4, "Plan Rows": 3296318, "Plan Width": 8, "Plans": [{"Node Type": "Nested Loop", "Parent Relationship": "Outer", "Join Type": "Inner", "Startup Cost": 0.0, "Total Cost": 142488.75, "Plan Rows": 3296318, "Plan Width": 8, "Inner Unique": false, "Join Filter": "(ci.role_id = rt.id), (LLVM Optimized)", "Plans": [{"Node Type": "Streaming(type: BROADCAST dop: 64/1)", "Parent Relationship": "Outer", "Startup Cost": 0.0, "Total Cost": 63002.47, "Plan Rows": 64, "Plan Width": 4, "Plans": [{"Node Type": "Seq Scan", "Parent Relationship": "Outer", "Relation Name": "role_type", "Alias": "rt", "Startup Cost": 0.0, "Total Cost": 1.15, "Plan Rows": 1, "Plan Width": 4, "Filter": "((role)::text = 'costume designer'::text)"}]}, {"Node Type": "Seq Scan", "Parent Relationship": "Inner", "Relation Name": "cast_info", "Alias": "ci", "Startup Cost": 0.0, "Total Cost": 72404.34, "Plan Rows": 36259494, "Plan Width": 12}]}]}, {"Node Type": "Index Scan", "Parent Relationship": "Inner", "Scan Direction": "Forward", "Index Name": "movie_id_movie_companies", "Relation Name": "movie_companies", "Alias": "mc", "Startup Cost": 0.0, "Total Cost": 0.29, "Plan Rows": 2, "Plan Width": 8, "Index Cond": "(movie_id = ci.movie_id)"}]}]}]}]}]}, {"Node Type": "Index Scan", "Parent Relationship": "Inner", "Scan Direction": "Forward", "Index Name": "title_pkey", "Relation Name": "title", "Alias": "t", "Startup Cost": 0.0, "Total Cost": 0.27, "Plan Rows": 1, "Plan Width": 21, "Index Cond": "(id = ci.movie_id)"}]}, {"Node Type": "Index Only Scan", "Parent Relationship": "Inner", "Scan Direction": "Forward", "Index Name": "name_pkey", "Relation Name": "name", "Alias": "n1", "Startup Cost": 0.0, "Total Cost": 0.27, "Plan Rows": 1, "Plan Width": 4, "Index Cond": "(id = ci.person_id)"}]}]}, "Unique SQL Id": 2457761703, "Planner Runtime": 39}, "explain_analyze_plan": {"Plan": {"Node Type": "Aggregate", "Strategy": "Plain", "Startup Cost": 1757558.04, "Total Cost": 1757558.05, "Plan Rows": 1, "Plan Width": 97, "Actual Min Startup Time": 6835.569, "Actual Max Startup Time": 6835.569, "Actual Min Total Time": 6835.569, "Actual Max Total Time": 6835.569, "Plans": [{"Node Type": "Nested Loop", "Parent Relationship": "Outer", "Join Type": "Inner", "Startup Cost": 1483747.31, "Total Cost": 1755772.55, "Plan Rows": 357098, "Plan Width": 33, "Actual Min Startup Time": 3507.277, "Actual Max Startup Time": 3507.277, "Actual Min Total Time": 6633.466, "Actual Max Total Time": 6633.466, "Inner Unique": true, "Join Filter": "(an1.person_id = n1.id), (LLVM Optimized, Jit Execute)", "Rows Removed by Join Filter": 0, "Plans": [{"Node Type": "Nested Loop", "Parent Relationship": "Outer", "Join Type": "Inner", "Startup Cost": 1483747.31, "Total Cost": 1654278.62, "Plan Rows": 357098, "Plan Width": 41, "Actual Min Startup Time": 3507.257, "Actual Max Startup Time": 3507.257, "Actual Min Total Time": 5715.731, "Actual Max Total Time": 5715.731, "Inner Unique": true, "Plans": [{"Node Type": "Merge Join", "Parent Relationship": "Outer", "Join Type": "Inner", "Startup Cost": 1483747.31, "Total Cost": 1552476.28, "Plan Rows": 357379, "Plan Width": 32, "Actual Min Startup Time": 3507.225, "Actual Max Startup Time": 3507.225, "Actual Min Total Time": 4351.827, "Actual Max Total Time": 4351.827, "Inner Unique": false, "Merge Cond": "(an1.person_id = ci.person_id)", "Plans": [{"Node Type": "Index Scan", "Parent Relationship": "Outer", "Scan Direction": "Forward", "Index Name": "person_id_aka_name", "Relation Name": "aka_name", "Alias": "an1", "Startup Cost": 0.0, "Total Cost": 68965.03, "Plan Rows": 901342, "Plan Width": 20, "Actual Min Startup Time": 0.051, "Actual Max Startup Time": 0.051, "Actual Min Total Time": 565.943, "Actual Max Total Time": 565.943, "Actual Rows": 688852}, {"Node Type": "Sort", "Parent Relationship": "Inner", "Startup Cost": 1483747.24, "Total Cost": 1485524.79, "Plan Rows": 711018, "Plan Width": 12, "Actual Min Startup Time": 3507.117, "Actual Max Startup Time": 3507.117, "Actual Min Total Time": 3573.315, "Actual Max Total Time": 3573.315, "Sort Key": ["ci.person_id"], "Sort Method": "quicksort", "Sort Space Min Used": 39058, "Sort Space Max Used": 39058, "Sort Space Type": "Memory", "Plans": [{"Node Type": "Merge Join", "Parent Relationship": "Outer", "Join Type": "Inner", "Startup Cost": 1389767.87, "Total Cost": 1414637.98, "Plan Rows": 711018, "Plan Width": 12, "Actual Min Startup Time": 2750.872, "Actual Max Startup Time": 2750.872, "Actual Min Total Time": 3412.507, "Actual Max Total Time": 3412.507, "Inner Unique": false, "Merge Cond": "(cn.id = mc.company_id)", "Plans": [{"Node Type": "Index Scan", "Parent Relationship": "Outer", "Scan Direction": "Forward", "Index Name": "company_name_pkey", "Relation Name": "company_name", "Alias": "cn", "Startup Cost": 0.0, "Total Cost": 10501.39, "Plan Rows": 85170, "Plan Width": 4, "Actual Min Startup Time": 0.043, "Actual Max Startup Time": 0.043, "Actual Min Total Time": 319.743, "Actual Max Total Time": 319.743, "Filter": "((country_code)::text = '[us]'::text)", "Rows Removed by Filter": 150153, "Actual Rows": 84843}, {"Node Type": "Sort", "Parent Relationship": "Inner", "Startup Cost": 1389579.91, "Total Cost": 1393196.7, "Plan Rows": 1446714, "Plan Width": 16, "Actual Min Startup Time": 2750.821, "Actual Max Startup Time": 2750.821, "Actual Min Total Time": 2929.662, "Actual Max Total Time": 2929.662, "Sort Key": ["mc.company_id"], "Sort Method": "quicksort", "Sort Space Min Used": 99069, "Sort Space Max Used": 99069, "Sort Space Type": "Memory", "Plans": [{"Node Type": "Nested Loop", "Parent Relationship": "Outer", "Join Type": "Inner", "Startup Cost": 0.0, "Total Cost": 1241549.62, "Plan Rows": 1446714, "Plan Width": 16, "Actual Min Startup Time": 358.267, "Actual Max Startup Time": 358.267, "Actual Min Total Time": 2458.715, "Actual Max Total Time": 2458.715, "Inner Unique": false, "Plans": [{"Node Type": "Streaming(type: LOCAL GATHER dop: 1/64)", "Parent Relationship": "Outer", "Startup Cost": 0.0, "Total Cost": 210491.4, "Plan Rows": 3296318, "Plan Width": 8, "Actual Min Startup Time": 358.218, "Actual Max Startup Time": 358.218, "Actual Min Total Time": 516.929, "Actual Max Total Time": 516.929, "Plans": [{"Node Type": "Nested Loop", "Parent Relationship": "Outer", "Join Type": "Inner", "Startup Cost": 0.0, "Total Cost": 142488.75, "Plan Rows": 3296318, "Plan Width": 8, "Actual Min Startup Time": 191.405, "Actual Max Startup Time": 292.386, "Actual Min Total Time": 243.966, "Actual Max Total Time": 304.909, "Inner Unique": false, "Join Filter": "(ci.role_id = rt.id), (LLVM Optimized, Jit Execute)", "Rows Removed by Join Filter": 35967940, "Plans": [{"Node Type": "Streaming(type: BROADCAST dop: 64/1)", "Parent Relationship": "Outer", "Startup Cost": 0.0, "Total Cost": 63002.47, "Plan Rows": 64, "Plan Width": 4, "Actual Min Startup Time": 0.003, "Actual Max Startup Time": 59.967, "Actual Min Total Time": 0.003, "Actual Max Total Time": 59.969, "Plans": [{"Node Type": "Seq Scan", "Parent Relationship": "Outer", "Relation Name": "role_type", "Alias": "rt", "Startup Cost": 0.0, "Total Cost": 1.15, "Plan Rows": 1, "Plan Width": 4, "Actual Min Startup Time": 0.026, "Actual Max Startup Time": 0.026, "Actual Min Total Time": 0.03, "Actual Max Total Time": 0.03, "Filter": "((role)::text = 'costume designer'::text)", "Rows Removed by Filter": 11, "Actual Rows": 1}], "Actual Rows": 64}, {"Node Type": "Seq Scan", "Parent Relationship": "Inner", "Relation Name": "cast_info", "Alias": "ci", "Startup Cost": 0.0, "Total Cost": 72404.34, "Plan Rows": 36259494, "Plan Width": 12, "Actual Min Startup Time": 0.028, "Actual Max Startup Time": 0.05, "Actual Min Total Time": 125.014, "Actual Max Total Time": 139.8, "Actual Rows": 36244343}], "Actual Rows": 276403}], "Actual Rows": 276403}, {"Node Type": "Index Scan", "Parent Relationship": "Inner", "Scan Direction": "Forward", "Index Name": "movie_id_movie_companies", "Relation Name": "movie_companies", "Alias": "mc", "Startup Cost": 0.0, "Total Cost": 0.29, "Plan Rows": 2, "Plan Width": 8, "Actual Min Startup Time": 1177.003, "Actual Max Startup Time": 1177.003, "Actual Min Total Time": 1642.88, "Actual Max Total Time": 1642.88, "Index Cond": "(movie_id = ci.movie_id)", "Rows Removed by Index Recheck": 0, "Actual Rows": 794590}], "Actual Rows": 794590}], "Actual Rows": 794590}], "Actual Rows": 285537}], "Actual Rows": 445949}], "Actual Rows": 323005}, {"Node Type": "Index Scan", "Parent Relationship": "Inner", "Scan Direction": "Forward", "Index Name": "title_pkey", "Relation Name": "title", "Alias": "t", "Startup Cost": 0.0, "Total Cost": 0.27, "Plan Rows": 1, "Plan Width": 21, "Actual Min Startup Time": 1109.28, "Actual Max Startup Time": 1109.28, "Actual Min Total Time": 1109.28, "Actual Max Total Time": 1109.28, "Index Cond": "(id = ci.movie_id)", "Rows Removed by Index Recheck": 0, "Actual Rows": 323005}], "Actual Rows": 323005}, {"Node Type": "Index Only Scan", "Parent Relationship": "Inner", "Scan Direction": "Forward", "Index Name": "name_pkey", "Relation Name": "name", "Alias": "n1", "Startup Cost": 0.0, "Total Cost": 0.27, "Plan Rows": 1, "Plan Width": 4, "Actual Min Startup Time": 674.815, "Actual Max Startup Time": 674.815, "Actual Min Total Time": 674.815, "Actual Max Total Time": 674.815, "Index Cond": "(id = ci.person_id)", "Rows Removed by Index Recheck": 0, "Heap Fetches": 0, "Actual Rows": 323005}], "Actual Rows": 323005}], "Actual Rows": 1}, "Triggers": [], "Planner Runtime": 39.988, "Total Runtime": 6858.412, "Unique SQL Id": 2457761703}}, "(64, '25')": {"explain_plan": {"Plan": {"Node Type": "Aggregate", "Strategy": "Plain", "Startup Cost": 1194626.97, "Total Cost": 1194626.98, "Plan Rows": 1, "Plan Width": 97, "Plans": [{"Node Type": "Nested Loop", "Parent Relationship": "Outer", "Join Type": "Inner", "Startup Cost": 920816.24, "Total Cost": 1192841.48, "Plan Rows": 357098, "Plan Width": 33, "Inner Unique": true, "Join Filter": "(an1.person_id = n1.id), (LLVM Optimized)", "Plans": [{"Node Type": "Nested Loop", "Parent Relationship": "Outer", "Join Type": "Inner", "Startup Cost": 920816.24, "Total Cost": 1091347.54, "Plan Rows": 357098, "Plan Width": 41, "Inner Unique": true, "Plans": [{"Node Type": "Merge Join", "Parent Relationship": "Outer", "Join Type": "Inner", "Startup Cost": 920816.24, "Total Cost": 989545.2, "Plan Rows": 357379, "Plan Width": 32, "Inner Unique": false, "Merge Cond": "(ci.person_id = an1.person_id)", "Plans": [{"Node Type": "Sort", "Parent Relationship": "Outer", "Startup Cost": 920816.17, "Total Cost": 922593.71, "Plan Rows": 711018, "Plan Width": 12, "Sort Key": ["ci.person_id"], "Plans": [{"Node Type": "Merge Join", "Parent Relationship": "Outer", "Join Type": "Inner", "Startup Cost": 812111.15, "Total Cost": 851706.9, "Plan Rows": 711018, "Plan Width": 12, "Inner Unique": false, "Merge Cond": "(mc.movie_id = ci.movie_id)", "Plans": [{"Node Type": "Sort", "Parent Relationship": "Outer", "Startup Cost": 283826.21, "Total Cost": 287031.99, "Plan Rows": 1282311, "Plan Width": 4, "Sort Key": ["mc.movie_id"], "Plans": [{"Node Type": "Merge Join", "Parent Relationship": "Outer", "Join Type": "Inner", "Startup Cost": 3383.04, "Total Cost": 153733.74, "Plan Rows": 1282311, "Plan Width": 4, "Inner Unique": false, "Merge Cond": "(cn.id = mc.company_id)", "Plans": [{"Node Type": "Index Scan", "Parent Relationship": "Outer", "Scan Direction": "Forward", "Index Name": "company_name_pkey", "Relation Name": "company_name", "Alias": "cn", "Startup Cost": 0.0, "Total Cost": 10501.39, "Plan Rows": 85170, "Plan Width": 4, "Filter": "((country_code)::text = '[us]'::text)"}, {"Node Type": "Index Scan", "Parent Relationship": "Inner", "Scan Direction": "Forward", "Index Name": "company_id_movie_companies", "Relation Name": "movie_companies", "Alias": "mc", "Startup Cost": 0.0, "Total Cost": 123673.5, "Plan Rows": 2609128, "Plan Width": 8}]}]}, {"Node Type": "Sort", "Parent Relationship": "Inner", "Startup Cost": 528284.62, "Total Cost": 536525.42, "Plan Rows": 3296318, "Plan Width": 8, "Sort Key": ["ci.movie_id"], "Plans": [{"Node Type": "Nested Loop", "Parent Relationship": "Outer", "Join Type": "Inner", "Startup Cost": 0.0, "Total Cost": 171418.25, "Plan Rows": 3296318, "Plan Width": 8, "Inner Unique": false, "Plans": [{"Node Type": "Index Scan", "Parent Relationship": "Outer", "Scan Direction": "Forward", "Index Name": "role_type_pkey", "Relation Name": "role_type", "Alias": "rt", "Startup Cost": 0.0, "Total Cost": 12.46, "Plan Rows": 1, "Plan Width": 4, "Filter": "((role)::text = 'costume designer'::text)"}, {"Node Type": "Index Scan", "Parent Relationship": "Inner", "Scan Direction": "Forward", "Index Name": "role_id_cast_info", "Relation Name": "cast_info", "Alias": "ci", "Startup Cost": 0.0, "Total Cost": 138442.61, "Plan Rows": 3296318, "Plan Width": 12, "Index Cond": "(role_id = rt.id), (LLVM Optimized)"}]}]}]}]}, {"Node Type": "Index Scan", "Parent Relationship": "Inner", "Scan Direction": "Forward", "Index Name": "person_id_aka_name", "Relation Name": "aka_name", "Alias": "an1", "Startup Cost": 0.0, "Total Cost": 68965.03, "Plan Rows": 901342, "Plan Width": 20}]}, {"Node Type": "Index Scan", "Parent Relationship": "Inner", "Scan Direction": "Forward", "Index Name": "title_pkey", "Relation Name": "title", "Alias": "t", "Startup Cost": 0.0, "Total Cost": 0.27, "Plan Rows": 1, "Plan Width": 21, "Index Cond": "(id = ci.movie_id)"}]}, {"Node Type": "Index Only Scan", "Parent Relationship": "Inner", "Scan Direction": "Forward", "Index Name": "name_pkey", "Relation Name": "name", "Alias": "n1", "Startup Cost": 0.0, "Total Cost": 0.27, "Plan Rows": 1, "Plan Width": 4, "Index Cond": "(id = ci.person_id)"}]}]}, "Unique SQL Id": 2457761703, "Planner Runtime": 42}, "explain_analyze_plan": {"Plan": {"Node Type": "Aggregate", "Strategy": "Plain", "Startup Cost": 1194626.97, "Total Cost": 1194626.98, "Plan Rows": 1, "Plan Width": 97, "Actual Startup Time": 8364.364, "Actual Total Time": 8364.364, "Actual Rows": 1, "Actual Loops": 1, "Plans": [{"Node Type": "Nested Loop", "Parent Relationship": "Outer", "Join Type": "Inner", "Startup Cost": 920816.24, "Total Cost": 1192841.48, "Plan Rows": 357098, "Plan Width": 33, "Actual Startup Time": 4918.855, "Actual Total Time": 8154.292, "Actual Rows": 323005, "Actual Loops": 1, "Inner Unique": true, "Join Filter": "(an1.person_id = n1.id), (LLVM Optimized, Jit Execute)", "Rows Removed by Join Filter": 0, "Plans": [{"Node Type": "Nested Loop", "Parent Relationship": "Outer", "Join Type": "Inner", "Startup Cost": 920816.24, "Total Cost": 1091347.54, "Plan Rows": 357098, "Plan Width": 41, "Actual Startup Time": 4918.821, "Actual Total Time": 7259.157, "Actual Rows": 323005, "Actual Loops": 1, "Inner Unique": true, "Plans": [{"Node Type": "Merge Join", "Parent Relationship": "Outer", "Join Type": "Inner", "Startup Cost": 920816.24, "Total Cost": 989545.2, "Plan Rows": 357379, "Plan Width": 32, "Actual Startup Time": 4918.782, "Actual Total Time": 5983.462, "Actual Rows": 323005, "Actual Loops": 1, "Inner Unique": false, "Merge Cond": "(ci.person_id = an1.person_id)", "Plans": [{"Node Type": "Sort", "Parent Relationship": "Outer", "Startup Cost": 920816.17, "Total Cost": 922593.71, "Plan Rows": 711018, "Plan Width": 12, "Actual Startup Time": 4918.663, "Actual Total Time": 4988.87, "Actual Rows": 285537, "Actual Loops": 1, "Sort Key": ["ci.person_id"], "Sort Method": "quicksort", "Sort Space Used": 39058, "Sort Space Type": "Memory", "Plans": [{"Node Type": "Merge Join", "Parent Relationship": "Outer", "Join Type": "Inner", "Startup Cost": 812111.15, "Total Cost": 851706.9, "Plan Rows": 711018, "Plan Width": 12, "Actual Startup Time": 4343.354, "Actual Total Time": 4828.146, "Actual Rows": 285537, "Actual Loops": 1, "Inner Unique": false, "Merge Cond": "(mc.movie_id = ci.movie_id)", "Plans": [{"Node Type": "Sort", "Parent Relationship": "Outer", "Startup Cost": 283826.21, "Total Cost": 287031.99, "Plan Rows": 1282311, "Plan Width": 4, "Actual Startup Time": 4059.64, "Actual Total Time": 4228.983, "Actual Rows": 1153797, "Actual Loops": 1, "Sort Key": ["mc.movie_id"], "Sort Method": "quicksort", "Sort Space Used": 121265, "Sort Space Type": "Memory", "Plans": [{"Node Type": "Merge Join", "Parent Relationship": "Outer", "Join Type": "Inner", "Startup Cost": 3383.04, "Total Cost": 153733.74, "Plan Rows": 1282311, "Plan Width": 4, "Actual Startup Time": 0.063, "Actual Total Time": 3612.542, "Actual Rows": 1153797, "Actual Loops": 1, "Inner Unique": false, "Merge Cond": "(cn.id = mc.company_id)", "Plans": [{"Node Type": "Index Scan", "Parent Relationship": "Outer", "Scan Direction": "Forward", "Index Name": "company_name_pkey", "Relation Name": "company_name", "Alias": "cn", "Startup Cost": 0.0, "Total Cost": 10501.39, "Plan Rows": 85170, "Plan Width": 4, "Actual Startup Time": 0.038, "Actual Total Time": 333.827, "Actual Rows": 84843, "Actual Loops": 1, "Filter": "((country_code)::text = '[us]'::text)", "Rows Removed by Filter": 150153}, {"Node Type": "Index Scan", "Parent Relationship": "Inner", "Scan Direction": "Forward", "Index Name": "company_id_movie_companies", "Relation Name": "movie_companies", "Alias": "mc", "Startup Cost": 0.0, "Total Cost": 123673.5, "Plan Rows": 2609128, "Plan Width": 8, "Actual Startup Time": 0.019, "Actual Total Time": 2715.383, "Actual Rows": 2609128, "Actual Loops": 1}]}]}, {"Node Type": "Sort", "Parent Relationship": "Inner", "Startup Cost": 528284.62, "Total Cost": 536525.42, "Plan Rows": 3296318, "Plan Width": 8, "Actual Startup Time": 283.685, "Actual Total Time": 333.755, "Actual Rows": 461759, "Actual Loops": 1, "Sort Key": ["ci.movie_id"], "Sort Method": "quicksort", "Sort Space Used": 29564, "Sort Space Type": "Memory", "Plans": [{"Node Type": "Nested Loop", "Parent Relationship": "Outer", "Join Type": "Inner", "Startup Cost": 0.0, "Total Cost": 171418.25, "Plan Rows": 3296318, "Plan Width": 8, "Actual Startup Time": 0.154, "Actual Total Time": 182.17, "Actual Rows": 276403, "Actual Loops": 1, "Inner Unique": false, "Plans": [{"Node Type": "Index Scan", "Parent Relationship": "Outer", "Scan Direction": "Forward", "Index Name": "role_type_pkey", "Relation Name": "role_type", "Alias": "rt", "Startup Cost": 0.0, "Total Cost": 12.46, "Plan Rows": 1, "Plan Width": 4, "Actual Startup Time": 0.086, "Actual Total Time": 0.107, "Actual Rows": 1, "Actual Loops": 1, "Filter": "((role)::text = 'costume designer'::text)", "Rows Removed by Filter": 11}, {"Node Type": "Index Scan", "Parent Relationship": "Inner", "Scan Direction": "Forward", "Index Name": "role_id_cast_info", "Relation Name": "cast_info", "Alias": "ci", "Startup Cost": 0.0, "Total Cost": 138442.61, "Plan Rows": 3296318, "Plan Width": 12, "Actual Startup Time": 0.05, "Actual Total Time": 128.965, "Actual Rows": 276403, "Actual Loops": 1, "Index Cond": "(role_id = rt.id), (LLVM Optimized, Jit Execute)", "Rows Removed by Index Recheck": 0}]}]}]}]}, {"Node Type": "Index Scan", "Parent Relationship": "Inner", "Scan Direction": "Forward", "Index Name": "person_id_aka_name", "Relation Name": "aka_name", "Alias": "an1", "Startup Cost": 0.0, "Total Cost": 68965.03, "Plan Rows": 901342, "Plan Width": 20, "Actual Startup Time": 0.07, "Actual Total Time": 728.637, "Actual Rows": 1003872, "Actual Loops": 1}]}, {"Node Type": "Index Scan", "Parent Relationship": "Inner", "Scan Direction": "Forward", "Index Name": "title_pkey", "Relation Name": "title", "Alias": "t", "Startup Cost": 0.0, "Total Cost": 0.27, "Plan Rows": 1, "Plan Width": 21, "Actual Startup Time": 1028.805, "Actual Total Time": 1028.805, "Actual Rows": 323005, "Actual Loops": 323005, "Index Cond": "(id = ci.movie_id)", "Rows Removed by Index Recheck": 0}]}, {"Node Type": "Index Only Scan", "Parent Relationship": "Inner", "Scan Direction": "Forward", "Index Name": "name_pkey", "Relation Name": "name", "Alias": "n1", "Startup Cost": 0.0, "Total Cost": 0.27, "Plan Rows": 1, "Plan Width": 4, "Actual Startup Time": 657.92, "Actual Total Time": 657.92, "Actual Rows": 323005, "Actual Loops": 323005, "Index Cond": "(id = ci.person_id)", "Rows Removed by Index Recheck": 0, "Heap Fetches": 0}]}]}, "Triggers": [], "Planner Runtime": 42.58, "Total Runtime": 8374.175, "Unique SQL Id": 2457761703}}, "(64, '26')": {"explain_plan": {"Plan": {"Node Type": "Aggregate", "Strategy": "Plain", "Startup Cost": 24828018.09, "Total Cost": 24828018.11, "Plan Rows": 1, "Plan Width": 97, "Plans": [{"Node Type": "Streaming(type: LOCAL GATHER dop: 1/64)", "Parent Relationship": "Outer", "Startup Cost": 24828018.09, "Total Cost": 24828018.11, "Plan Rows": 1, "Plan Width": 97, "Plans": [{"Node Type": "Aggregate", "Strategy": "Plain", "Parent Relationship": "Outer", "Startup Cost": 24828018.09, "Total Cost": 24828018.1, "Plan Rows": 1, "Plan Width": 97, "Plans": [{"Node Type": "Nested Loop", "Parent Relationship": "Outer", "Join Type": "Inner", "Startup Cost": 818104.0, "Total Cost": 24826232.6, "Plan Rows": 357098, "Plan Width": 33, "Inner Unique": false, "Join Filter": "(an1.person_id = n1.id), (LLVM Optimized)", "Plans": [{"Node Type": "Streaming(type: LOCAL REDISTRIBUTE dop: 64/64)", "Parent Relationship": "Outer", "Startup Cost": 0.0, "Total Cost": 131401.97, "Plan Rows": 4167490, "Plan Width": 4, "Plans": [{"Node Type": "Seq Scan", "Parent Relationship": "Outer", "Relation Name": "name", "Alias": "n1", "Startup Cost": 0.0, "Total Cost": 64454.25, "Plan Rows": 4167490, "Plan Width": 4}]}, {"Node Type": "Materialize", "Parent Relationship": "Inner", "Startup Cost": 818104.0, "Total Cost": 19244884.82, "Plan Rows": 357098, "Plan Width": 41, "Plans": [{"Node Type": "Streaming(type: LOCAL REDISTRIBUTE dop: 64/64)", "Parent Relationship": "Outer", "Startup Cost": 818104.0, "Total Cost": 19244856.92, "Plan Rows": 357098, "Plan Width": 41, "Plans": [{"Node Type": "Nested Loop", "Parent Relationship": "Outer", "Join Type": "Inner", "Startup Cost": 818104.0, "Total Cost": 19181518.66, "Plan Rows": 357098, "Plan Width": 41, "Inner Unique": false, "Join Filter": "(ci.person_id = an1.person_id), (LLVM Optimized)", "Plans": [{"Node Type": "Streaming(type: LOCAL REDISTRIBUTE dop: 64/1)", "Parent Relationship": "Outer", "Startup Cost": 0.0, "Total Cost": 119529.84, "Plan Rows": 901342, "Plan Width": 20, "Plans": [{"Node Type": "Seq Scan", "Parent Relationship": "Outer", "Relation Name": "aka_name", "Alias": "an1", "Startup Cost": 0.0, "Total Cost": 19908.42, "Plan Rows": 901342, "Plan Width": 20}]}, {"Node Type": "Materialize", "Parent Relationship": "Inner", "Startup Cost": 818104.0, "Total Cost": 16716924.27, "Plan Rows": 710459, "Plan Width": 21, "Plans": [{"Node Type": "Streaming(type: LOCAL REDISTRIBUTE dop: 64/64)", "Parent Relationship": "Outer", "Startup Cost": 818104.0, "Total Cost": 16716868.77, "Plan Rows": 710459, "Plan Width": 21, "Plans": [{"Node Type": "Nested Loop", "Parent Relationship": "Outer", "Join Type": "Inner", "Startup Cost": 818104.0, "Total Cost": 16653195.78, "Plan Rows": 710459, "Plan Width": 21, "Inner Unique": false, "Join Filter": "(ci.movie_id = t.id), (LLVM Optimized)", "Plans": [{"Node Type": "Streaming(type: LOCAL REDISTRIBUTE dop: 64/1)", "Parent Relationship": "Outer", "Startup Cost": 818104.0, "Total Cost": 965067.97, "Plan Rows": 1282311, "Plan Width": 25, "Plans": [{"Node Type": "Merge Join", "Parent Relationship": "Outer", "Join Type": "Inner", "Startup Cost": 818104.0, "Total Cost": 849967.82, "Plan Rows": 1282311, "Plan Width": 25, "Inner Unique": true, "Merge Cond": "(mc.movie_id = t.id)", "Plans": [{"Node Type": "Sort", "Parent Relationship": "Outer", "Startup Cost": 489151.99, "Total Cost": 492357.77, "Plan Rows": 1282311, "Plan Width": 4, "Sort Key": ["mc.movie_id"], "Plans": [{"Node Type": "Merge Join", "Parent Relationship": "Outer", "Join Type": "Inner", "Startup Cost": 333103.9, "Total Cost": 359059.52, "Plan Rows": 1282311, "Plan Width": 4, "Inner Unique": false, "Merge Cond": "(cn.id = mc.company_id)", "Plans": [{"Node Type": "Sort", "Parent Relationship": "Outer", "Startup Cost": 12878.05, "Total Cost": 13090.97, "Plan Rows": 85170, "Plan Width": 4, "Sort Key": ["cn.id"], "Plans": [{"Node Type": "Seq Scan", "Parent Relationship": "Outer", "Relation Name": "company_name", "Alias": "cn", "Startup Cost": 0.0, "Total Cost": 5903.45, "Plan Rows": 85170, "Plan Width": 4, "Filter": "((country_code)::text = '[us]'::text)"}]}, {"Node Type": "Sort", "Parent Relationship": "Inner", "Startup Cost": 319886.87, "Total Cost": 326409.69, "Plan Rows": 2609128, "Plan Width": 8, "Sort Key": ["mc.company_id"], "Plans": [{"Node Type": "Seq Scan", "Parent Relationship": "Outer", "Relation Name": "movie_companies", "Alias": "mc", "Startup Cost": 0.0, "Total Cost": 41817.28, "Plan Rows": 2609128, "Plan Width": 8}]}]}]}, {"Node Type": "Sort", "Parent Relationship": "Inner", "Startup Cost": 328951.73, "Total Cost": 335272.51, "Plan Rows": 2528311, "Plan Width": 21, "Sort Key": ["t.id"], "Plans": [{"Node Type": "Seq Scan", "Parent Relationship": "Outer", "Relation Name": "title", "Alias": "t", "Startup Cost": 0.0, "Total Cost": 60069.11, "Plan Rows": 2528311, "Plan Width": 21}]}]}]}, {"Node Type": "Materialize", "Parent Relationship": "Inner", "Startup Cost": 0.0, "Total Cost": 208868.76, "Plan Rows": 3296318, "Plan Width": 8, "Plans": [{"Node Type": "Streaming(type: LOCAL REDISTRIBUTE dop: 64/64)", "Parent Relationship": "Outer", "Startup Cost": 0.0, "Total Cost": 208611.23, "Plan Rows": 3296318, "Plan Width": 8, "Plans": [{"Node Type": "Nested Loop", "Parent Relationship": "Outer", "Join Type": "Inner", "Startup Cost": 0.0, "Total Cost": 142488.75, "Plan Rows": 3296318, "Plan Width": 8, "Inner Unique": false, "Join Filter": "(ci.role_id = rt.id), (LLVM Optimized)", "Plans": [{"Node Type": "Streaming(type: BROADCAST dop: 64/1)", "Parent Relationship": "Outer", "Startup Cost": 0.0, "Total Cost": 63002.47, "Plan Rows": 64, "Plan Width": 4, "Plans": [{"Node Type": "Seq Scan", "Parent Relationship": "Outer", "Relation Name": "role_type", "Alias": "rt", "Startup Cost": 0.0, "Total Cost": 1.15, "Plan Rows": 1, "Plan Width": 4, "Filter": "((role)::text = 'costume designer'::text)"}]}, {"Node Type": "Seq Scan", "Parent Relationship": "Inner", "Relation Name": "cast_info", "Alias": "ci", "Startup Cost": 0.0, "Total Cost": 72404.34, "Plan Rows": 36259494, "Plan Width": 12}]}]}]}]}]}]}]}]}]}]}]}]}]}, "Unique SQL Id": 2457761703, "Planner Runtime": 16}, "explain_analyze_plan": null}, "(64, '27')": {"explain_plan": {"Plan": {"Node Type": "Aggregate", "Strategy": "Plain", "Startup Cost": 6752833214283.18, "Total Cost": 6752833214283.19, "Plan Rows": 1, "Plan Width": 97, "Plans": [{"Node Type": "Nested Loop", "Parent Relationship": "Outer", "Join Type": "Inner", "Startup Cost": 70071825122.57, "Total Cost": 6752833212497.69, "Plan Rows": 357098, "Plan Width": 33, "Inner Unique": false, "Join Filter": "(t.id = ci.movie_id), (LLVM Optimized)", "Plans": [{"Node Type": "Merge Join", "Parent Relationship": "Outer", "Join Type": "Inner", "Startup Cost": 30021927926.2, "Total Cost": 3002409653794.57, "Plan Rows": 1282311, "Plan Width": 25, "Inner Unique": true, "Merge Cond": "(mc.movie_id = t.id)", "Plans": [{"Node Type": "Nested Loop", "Parent Relationship": "Outer", "Join Type": "Inner", "Startup Cost": 20000000000.0, "Total Cost": 2003347393774.42, "Plan Rows": 1282311, "Plan Width": 4, "Inner Unique": true, "Join Filter": "(cn.id = mc.company_id), (LLVM Optimized)", "Plans": [{"Node Type": "Index Scan", "Parent Relationship": "Outer", "Scan Direction": "Forward", "Index Name": "movie_id_movie_companies", "Relation Name": "movie_companies", "Alias": "mc", "Startup Cost": 10000000000.0, "Total Cost": 1000013051946.13, "Plan Rows": 2609128, "Plan Width": 8}, {"Node Type": "Materialize", "Parent Relationship": "Inner", "Startup Cost": 10000000000.0, "Total Cost": 1000001050564.82, "Plan Rows": 85170, "Plan Width": 4, "Plans": [{"Node Type": "Index Scan", "Parent Relationship": "Outer", "Scan Direction": "Forward", "Index Name": "company_name_pkey", "Relation Name": "company_name", "Alias": "cn", "Startup Cost": 10000000000.0, "Total Cost": 1000001050138.97, "Plan Rows": 85170, "Plan Width": 4, "Filter": "((country_code)::text = '[us]'::text)"}]}]}, {"Node Type": "Index Scan", "Parent Relationship": "Inner", "Scan Direction": "Forward", "Index Name": "title_pkey", "Relation Name": "title", "Alias": "t", "Startup Cost": 10000000000.0, "Total Cost": 1000011012048.91, "Plan Rows": 2528311, "Plan Width": 21}]}, {"Node Type": "Materialize", "Parent Relationship": "Inner", "Startup Cost": 40049897196.36, "Total Cost": 3721868009571.57, "Plan Rows": 1484588, "Plan Width": 20, "Plans": [{"Node Type": "Nested Loop", "Parent Relationship": "Outer", "Join Type": "Inner", "Startup Cost": 40049897196.36, "Total Cost": 3721868002148.63, "Plan Rows": 1484588, "Plan Width": 20, "Inner Unique": false, "Join Filter": "(ci.role_id = rt.id), (LLVM Optimized)", "Plans": [{"Node Type": "Index Scan", "Parent Relationship": "Outer", "Scan Direction": "Forward", "Index Name": "role_type_pkey", "Relation Name": "role_type", "Alias": "rt", "Startup Cost": 10000000000.0, "Total Cost": 1000000001246.0, "Plan Rows": 1, "Plan Width": 4, "Filter": "((role)::text = 'costume designer'::text)"}, {"Node Type": "Merge Join", "Parent Relationship": "Inner", "Join Type": "Inner", "Startup Cost": 30049897196.36, "Total Cost": 2721867796771.75, "Plan Rows": 16330470, "Plan Width": 24, "Inner Unique": false, "Merge Cond": "(an1.person_id = ci.person_id)", "Plans": [{"Node Type": "Merge Join", "Parent Relationship": "Outer", "Join Type": "Inner", "Startup Cost": 20030754356.47, "Total Cost": 2000002534968.85, "Plan Rows": 901342, "Plan Width": 24, "Inner Unique": true, "Merge Cond": "(an1.person_id = n1.id)", "Plans": [{"Node Type": "Index Scan", "Parent Relationship": "Outer", "Scan Direction": "Forward", "Index Name": "person_id_aka_name", "Relation Name": "aka_name", "Alias": "an1", "Startup Cost": 10000000000.0, "Total Cost": 1000006896503.43, "Plan Rows": 901342, "Plan Width": 20}, {"Node Type": "Index Only Scan", "Parent Relationship": "Inner", "Scan Direction": "Forward", "Index Name": "name_pkey", "Relation Name": "name", "Alias": "n1", "Startup Cost": 10000000000.0, "Total Cost": 1000012483260.0, "Plan Rows": 4167490, "Plan Width": 4}]}, {"Node Type": "Index Scan", "Parent Relationship": "Inner", "Scan Direction": "Forward", "Index Name": "person_id_cast_info", "Relation Name": "cast_info", "Alias": "ci", "Startup Cost": 10000000000.0, "Total Cost": 1000170648833.21, "Plan Rows": 36259494, "Plan Width": 12}]}]}]}]}]}, "Unique SQL Id": 2457761703, "Planner Runtime": 118}, "explain_analyze_plan": null}, "(64, '28')": {"explain_plan": {"Plan": {"Node Type": "Aggregate", "Strategy": "Plain", "Startup Cost": 1759582.76, "Total Cost": 1759582.77, "Plan Rows": 1, "Plan Width": 97, "Plans": [{"Node Type": "Nested Loop", "Parent Relationship": "Outer", "Join Type": "Inner", "Startup Cost": 1483747.31, "Total Cost": 1757797.27, "Plan Rows": 357098, "Plan Width": 33, "Inner Unique": true, "Join Filter": "(an1.person_id = n1.id), (LLVM Optimized)", "Plans": [{"Node Type": "Nested Loop", "Parent Relationship": "Outer", "Join Type": "Inner", "Startup Cost": 1483747.31, "Total Cost": 1654278.62, "Plan Rows": 357098, "Plan Width": 41, "Inner Unique": true, "Plans": [{"Node Type": "Merge Join", "Parent Relationship": "Outer", "Join Type": "Inner", "Startup Cost": 1483747.31, "Total Cost": 1552476.28, "Plan Rows": 357379, "Plan Width": 32, "Inner Unique": false, "Merge Cond": "(an1.person_id = ci.person_id)", "Plans": [{"Node Type": "Index Scan", "Parent Relationship": "Outer", "Scan Direction": "Forward", "Index Name": "person_id_aka_name", "Relation Name": "aka_name", "Alias": "an1", "Startup Cost": 0.0, "Total Cost": 68965.03, "Plan Rows": 901342, "Plan Width": 20}, {"Node Type": "Sort", "Parent Relationship": "Inner", "Startup Cost": 1483747.24, "Total Cost": 1485524.79, "Plan Rows": 711018, "Plan Width": 12, "Sort Key": ["ci.person_id"], "Plans": [{"Node Type": "Merge Join", "Parent Relationship": "Outer", "Join Type": "Inner", "Startup Cost": 1389767.87, "Total Cost": 1414637.98, "Plan Rows": 711018, "Plan Width": 12, "Inner Unique": false, "Merge Cond": "(cn.id = mc.company_id)", "Plans": [{"Node Type": "Index Scan", "Parent Relationship": "Outer", "Scan Direction": "Forward", "Index Name": "company_name_pkey", "Relation Name": "company_name", "Alias": "cn", "Startup Cost": 0.0, "Total Cost": 10501.39, "Plan Rows": 85170, "Plan Width": 4, "Filter": "((country_code)::text = '[us]'::text)"}, {"Node Type": "Sort", "Parent Relationship": "Inner", "Startup Cost": 1389579.91, "Total Cost": 1393196.7, "Plan Rows": 1446714, "Plan Width": 16, "Sort Key": ["mc.company_id"], "Plans": [{"Node Type": "Nested Loop", "Parent Relationship": "Outer", "Join Type": "Inner", "Startup Cost": 0.0, "Total Cost": 1241549.62, "Plan Rows": 1446714, "Plan Width": 16, "Inner Unique": false, "Plans": [{"Node Type": "Streaming(type: LOCAL GATHER dop: 1/64)", "Parent Relationship": "Outer", "Startup Cost": 0.0, "Total Cost": 210491.4, "Plan Rows": 3296318, "Plan Width": 8, "Plans": [{"Node Type": "Nested Loop", "Parent Relationship": "Outer", "Join Type": "Inner", "Startup Cost": 0.0, "Total Cost": 142488.75, "Plan Rows": 3296318, "Plan Width": 8, "Inner Unique": false, "Join Filter": "(ci.role_id = rt.id), (LLVM Optimized)", "Plans": [{"Node Type": "Streaming(type: BROADCAST dop: 64/1)", "Parent Relationship": "Outer", "Startup Cost": 0.0, "Total Cost": 63002.47, "Plan Rows": 64, "Plan Width": 4, "Plans": [{"Node Type": "Seq Scan", "Parent Relationship": "Outer", "Relation Name": "role_type", "Alias": "rt", "Startup Cost": 0.0, "Total Cost": 1.15, "Plan Rows": 1, "Plan Width": 4, "Filter": "((role)::text = 'costume designer'::text)"}]}, {"Node Type": "Seq Scan", "Parent Relationship": "Inner", "Relation Name": "cast_info", "Alias": "ci", "Startup Cost": 0.0, "Total Cost": 72404.34, "Plan Rows": 36259494, "Plan Width": 12}]}]}, {"Node Type": "Index Scan", "Parent Relationship": "Inner", "Scan Direction": "Forward", "Index Name": "movie_id_movie_companies", "Relation Name": "movie_companies", "Alias": "mc", "Startup Cost": 0.0, "Total Cost": 0.29, "Plan Rows": 2, "Plan Width": 8, "Index Cond": "(movie_id = ci.movie_id)"}]}]}]}]}]}, {"Node Type": "Index Scan", "Parent Relationship": "Inner", "Scan Direction": "Forward", "Index Name": "title_pkey", "Relation Name": "title", "Alias": "t", "Startup Cost": 0.0, "Total Cost": 0.27, "Plan Rows": 1, "Plan Width": 21, "Index Cond": "(id = ci.movie_id)"}]}, {"Node Type": "Index Scan", "Parent Relationship": "Inner", "Scan Direction": "Forward", "Index Name": "name_pkey", "Relation Name": "name", "Alias": "n1", "Startup Cost": 0.0, "Total Cost": 0.28, "Plan Rows": 1, "Plan Width": 4, "Index Cond": "(id = ci.person_id)"}]}]}, "Unique SQL Id": 2457761703, "Planner Runtime": 39}, "explain_analyze_plan": {"Plan": {"Node Type": "Aggregate", "Strategy": "Plain", "Startup Cost": 1759582.76, "Total Cost": 1759582.77, "Plan Rows": 1, "Plan Width": 97, "Actual Min Startup Time": 6974.007, "Actual Max Startup Time": 6974.007, "Actual Min Total Time": 6974.008, "Actual Max Total Time": 6974.008, "Plans": [{"Node Type": "Nested Loop", "Parent Relationship": "Outer", "Join Type": "Inner", "Startup Cost": 1483747.31, "Total Cost": 1757797.27, "Plan Rows": 357098, "Plan Width": 33, "Actual Min Startup Time": 3513.385, "Actual Max Startup Time": 3513.385, "Actual Min Total Time": 6771.139, "Actual Max Total Time": 6771.139, "Inner Unique": true, "Join Filter": "(an1.person_id = n1.id), (LLVM Optimized, Jit Execute)", "Rows Removed by Join Filter": 0, "Plans": [{"Node Type": "Nested Loop", "Parent Relationship": "Outer", "Join Type": "Inner", "Startup Cost": 1483747.31, "Total Cost": 1654278.62, "Plan Rows": 357098, "Plan Width": 41, "Actual Min Startup Time": 3513.361, "Actual Max Startup Time": 3513.361, "Actual Min Total Time": 5658.286, "Actual Max Total Time": 5658.286, "Inner Unique": true, "Plans": [{"Node Type": "Merge Join", "Parent Relationship": "Outer", "Join Type": "Inner", "Startup Cost": 1483747.31, "Total Cost": 1552476.28, "Plan Rows": 357379, "Plan Width": 32, "Actual Min Startup Time": 3513.326, "Actual Max Startup Time": 3513.326, "Actual Min Total Time": 4340.681, "Actual Max Total Time": 4340.681, "Inner Unique": false, "Merge Cond": "(an1.person_id = ci.person_id)", "Plans": [{"Node Type": "Index Scan", "Parent Relationship": "Outer", "Scan Direction": "Forward", "Index Name": "person_id_aka_name", "Relation Name": "aka_name", "Alias": "an1", "Startup Cost": 0.0, "Total Cost": 68965.03, "Plan Rows": 901342, "Plan Width": 20, "Actual Min Startup Time": 0.055, "Actual Max Startup Time": 0.055, "Actual Min Total Time": 510.961, "Actual Max Total Time": 510.961, "Actual Rows": 688852}, {"Node Type": "Sort", "Parent Relationship": "Inner", "Startup Cost": 1483747.24, "Total Cost": 1485524.79, "Plan Rows": 711018, "Plan Width": 12, "Actual Min Startup Time": 3513.206, "Actual Max Startup Time": 3513.206, "Actual Min Total Time": 3613.2, "Actual Max Total Time": 3613.2, "Sort Key": ["ci.person_id"], "Sort Method": "quicksort", "Sort Space Min Used": 39058, "Sort Space Max Used": 39058, "Sort Space Type": "Memory", "Plans": [{"Node Type": "Merge Join", "Parent Relationship": "Outer", "Join Type": "Inner", "Startup Cost": 1389767.87, "Total Cost": 1414637.98, "Plan Rows": 711018, "Plan Width": 12, "Actual Min Startup Time": 2802.125, "Actual Max Startup Time": 2802.125, "Actual Min Total Time": 3419.997, "Actual Max Total Time": 3419.997, "Inner Unique": false, "Merge Cond": "(cn.id = mc.company_id)", "Plans": [{"Node Type": "Index Scan", "Parent Relationship": "Outer", "Scan Direction": "Forward", "Index Name": "company_name_pkey", "Relation Name": "company_name", "Alias": "cn", "Startup Cost": 0.0, "Total Cost": 10501.39, "Plan Rows": 85170, "Plan Width": 4, "Actual Min Startup Time": 0.039, "Actual Max Startup Time": 0.039, "Actual Min Total Time": 316.361, "Actual Max Total Time": 316.361, "Filter": "((country_code)::text = '[us]'::text)", "Rows Removed by Filter": 150153, "Actual Rows": 84843}, {"Node Type": "Sort", "Parent Relationship": "Inner", "Startup Cost": 1389579.91, "Total Cost": 1393196.7, "Plan Rows": 1446714, "Plan Width": 16, "Actual Min Startup Time": 2802.075, "Actual Max Startup Time": 2802.075, "Actual Min Total Time": 2942.387, "Actual Max Total Time": 2942.387, "Sort Key": ["mc.company_id"], "Sort Method": "quicksort", "Sort Space Min Used": 99069, "Sort Space Max Used": 99069, "Sort Space Type": "Memory", "Plans": [{"Node Type": "Nested Loop", "Parent Relationship": "Outer", "Join Type": "Inner", "Startup Cost": 0.0, "Total Cost": 1241549.62, "Plan Rows": 1446714, "Plan Width": 16, "Actual Min Startup Time": 354.183, "Actual Max Startup Time": 354.183, "Actual Min Total Time": 2508.974, "Actual Max Total Time": 2508.974, "Inner Unique": false, "Plans": [{"Node Type": "Streaming(type: LOCAL GATHER dop: 1/64)", "Parent Relationship": "Outer", "Startup Cost": 0.0, "Total Cost": 210491.4, "Plan Rows": 3296318, "Plan Width": 8, "Actual Min Startup Time": 354.137, "Actual Max Startup Time": 354.137, "Actual Min Total Time": 527.574, "Actual Max Total Time": 527.574, "Plans": [{"Node Type": "Nested Loop", "Parent Relationship": "Outer", "Join Type": "Inner", "Startup Cost": 0.0, "Total Cost": 142488.75, "Plan Rows": 3296318, "Plan Width": 8, "Actual Min Startup Time": 191.7, "Actual Max Startup Time": 266.037, "Actual Min Total Time": 240.857, "Actual Max Total Time": 266.037, "Inner Unique": false, "Join Filter": "(ci.role_id = rt.id), (LLVM Optimized, Jit Execute)", "Rows Removed by Join Filter": 35967940, "Plans": [{"Node Type": "Streaming(type: BROADCAST dop: 64/1)", "Parent Relationship": "Outer", "Startup Cost": 0.0, "Total Cost": 63002.47, "Plan Rows": 64, "Plan Width": 4, "Actual Min Startup Time": 0.002, "Actual Max Startup Time": 35.134, "Actual Min Total Time": 0.004, "Actual Max Total Time": 35.139, "Plans": [{"Node Type": "Seq Scan", "Parent Relationship": "Outer", "Relation Name": "role_type", "Alias": "rt", "Startup Cost": 0.0, "Total Cost": 1.15, "Plan Rows": 1, "Plan Width": 4, "Actual Min Startup Time": 0.026, "Actual Max Startup Time": 0.026, "Actual Min Total Time": 0.03, "Actual Max Total Time": 0.03, "Filter": "((role)::text = 'costume designer'::text)", "Rows Removed by Filter": 11, "Actual Rows": 1}], "Actual Rows": 64}, {"Node Type": "Seq Scan", "Parent Relationship": "Inner", "Relation Name": "cast_info", "Alias": "ci", "Startup Cost": 0.0, "Total Cost": 72404.34, "Plan Rows": 36259494, "Plan Width": 12, "Actual Min Startup Time": 0.025, "Actual Max Startup Time": 0.054, "Actual Min Total Time": 125.311, "Actual Max Total Time": 137.178, "Actual Rows": 36244343}], "Actual Rows": 276403}], "Actual Rows": 276403}, {"Node Type": "Index Scan", "Parent Relationship": "Inner", "Scan Direction": "Forward", "Index Name": "movie_id_movie_companies", "Relation Name": "movie_companies", "Alias": "mc", "Startup Cost": 0.0, "Total Cost": 0.29, "Plan Rows": 2, "Plan Width": 8, "Actual Min Startup Time": 1190.129, "Actual Max Startup Time": 1190.129, "Actual Min Total Time": 1681.269, "Actual Max Total Time": 1681.269, "Index Cond": "(movie_id = ci.movie_id)", "Rows Removed by Index Recheck": 0, "Actual Rows": 794590}], "Actual Rows": 794590}], "Actual Rows": 794590}], "Actual Rows": 285537}], "Actual Rows": 445949}], "Actual Rows": 323005}, {"Node Type": "Index Scan", "Parent Relationship": "Inner", "Scan Direction": "Forward", "Index Name": "title_pkey", "Relation Name": "title", "Alias": "t", "Startup Cost": 0.0, "Total Cost": 0.27, "Plan Rows": 1, "Plan Width": 21, "Actual Min Startup Time": 1059.202, "Actual Max Startup Time": 1059.202, "Actual Min Total Time": 1059.202, "Actual Max Total Time": 1059.202, "Index Cond": "(id = ci.movie_id)", "Rows Removed by Index Recheck": 0, "Actual Rows": 323005}], "Actual Rows": 323005}, {"Node Type": "Index Scan", "Parent Relationship": "Inner", "Scan Direction": "Forward", "Index Name": "name_pkey", "Relation Name": "name", "Alias": "n1", "Startup Cost": 0.0, "Total Cost": 0.28, "Plan Rows": 1, "Plan Width": 4, "Actual Min Startup Time": 839.013, "Actual Max Startup Time": 839.013, "Actual Min Total Time": 839.013, "Actual Max Total Time": 839.013, "Index Cond": "(id = ci.person_id)", "Rows Removed by Index Recheck": 0, "Actual Rows": 323005}], "Actual Rows": 323005}], "Actual Rows": 1}, "Triggers": [], "Planner Runtime": 39.615, "Total Runtime": 6996.793, "Unique SQL Id": 2457761703}}, "(64, '29')": {"explain_plan": {"Plan": {"Node Type": "Aggregate", "Strategy": "Plain", "Startup Cost": 1196651.68, "Total Cost": 1196651.69, "Plan Rows": 1, "Plan Width": 97, "Plans": [{"Node Type": "Nested Loop", "Parent Relationship": "Outer", "Join Type": "Inner", "Startup Cost": 920816.24, "Total Cost": 1194866.19, "Plan Rows": 357098, "Plan Width": 33, "Inner Unique": true, "Join Filter": "(an1.person_id = n1.id), (LLVM Optimized)", "Plans": [{"Node Type": "Nested Loop", "Parent Relationship": "Outer", "Join Type": "Inner", "Startup Cost": 920816.24, "Total Cost": 1091347.54, "Plan Rows": 357098, "Plan Width": 41, "Inner Unique": true, "Plans": [{"Node Type": "Merge Join", "Parent Relationship": "Outer", "Join Type": "Inner", "Startup Cost": 920816.24, "Total Cost": 989545.2, "Plan Rows": 357379, "Plan Width": 32, "Inner Unique": false, "Merge Cond": "(ci.person_id = an1.person_id)", "Plans": [{"Node Type": "Sort", "Parent Relationship": "Outer", "Startup Cost": 920816.17, "Total Cost": 922593.71, "Plan Rows": 711018, "Plan Width": 12, "Sort Key": ["ci.person_id"], "Plans": [{"Node Type": "Merge Join", "Parent Relationship": "Outer", "Join Type": "Inner", "Startup Cost": 812111.15, "Total Cost": 851706.9, "Plan Rows": 711018, "Plan Width": 12, "Inner Unique": false, "Merge Cond": "(mc.movie_id = ci.movie_id)", "Plans": [{"Node Type": "Sort", "Parent Relationship": "Outer", "Startup Cost": 283826.21, "Total Cost": 287031.99, "Plan Rows": 1282311, "Plan Width": 4, "Sort Key": ["mc.movie_id"], "Plans": [{"Node Type": "Merge Join", "Parent Relationship": "Outer", "Join Type": "Inner", "Startup Cost": 3383.04, "Total Cost": 153733.74, "Plan Rows": 1282311, "Plan Width": 4, "Inner Unique": false, "Merge Cond": "(cn.id = mc.company_id)", "Plans": [{"Node Type": "Index Scan", "Parent Relationship": "Outer", "Scan Direction": "Forward", "Index Name": "company_name_pkey", "Relation Name": "company_name", "Alias": "cn", "Startup Cost": 0.0, "Total Cost": 10501.39, "Plan Rows": 85170, "Plan Width": 4, "Filter": "((country_code)::text = '[us]'::text)"}, {"Node Type": "Index Scan", "Parent Relationship": "Inner", "Scan Direction": "Forward", "Index Name": "company_id_movie_companies", "Relation Name": "movie_companies", "Alias": "mc", "Startup Cost": 0.0, "Total Cost": 123673.5, "Plan Rows": 2609128, "Plan Width": 8}]}]}, {"Node Type": "Sort", "Parent Relationship": "Inner", "Startup Cost": 528284.62, "Total Cost": 536525.42, "Plan Rows": 3296318, "Plan Width": 8, "Sort Key": ["ci.movie_id"], "Plans": [{"Node Type": "Nested Loop", "Parent Relationship": "Outer", "Join Type": "Inner", "Startup Cost": 0.0, "Total Cost": 171418.25, "Plan Rows": 3296318, "Plan Width": 8, "Inner Unique": false, "Plans": [{"Node Type": "Index Scan", "Parent Relationship": "Outer", "Scan Direction": "Forward", "Index Name": "role_type_pkey", "Relation Name": "role_type", "Alias": "rt", "Startup Cost": 0.0, "Total Cost": 12.46, "Plan Rows": 1, "Plan Width": 4, "Filter": "((role)::text = 'costume designer'::text)"}, {"Node Type": "Index Scan", "Parent Relationship": "Inner", "Scan Direction": "Forward", "Index Name": "role_id_cast_info", "Relation Name": "cast_info", "Alias": "ci", "Startup Cost": 0.0, "Total Cost": 138442.61, "Plan Rows": 3296318, "Plan Width": 12, "Index Cond": "(role_id = rt.id), (LLVM Optimized)"}]}]}]}]}, {"Node Type": "Index Scan", "Parent Relationship": "Inner", "Scan Direction": "Forward", "Index Name": "person_id_aka_name", "Relation Name": "aka_name", "Alias": "an1", "Startup Cost": 0.0, "Total Cost": 68965.03, "Plan Rows": 901342, "Plan Width": 20}]}, {"Node Type": "Index Scan", "Parent Relationship": "Inner", "Scan Direction": "Forward", "Index Name": "title_pkey", "Relation Name": "title", "Alias": "t", "Startup Cost": 0.0, "Total Cost": 0.27, "Plan Rows": 1, "Plan Width": 21, "Index Cond": "(id = ci.movie_id)"}]}, {"Node Type": "Index Scan", "Parent Relationship": "Inner", "Scan Direction": "Forward", "Index Name": "name_pkey", "Relation Name": "name", "Alias": "n1", "Startup Cost": 0.0, "Total Cost": 0.28, "Plan Rows": 1, "Plan Width": 4, "Index Cond": "(id = ci.person_id)"}]}]}, "Unique SQL Id": 2457761703, "Planner Runtime": 42}, "explain_analyze_plan": {"Plan": {"Node Type": "Aggregate", "Strategy": "Plain", "Startup Cost": 1196651.68, "Total Cost": 1196651.69, "Plan Rows": 1, "Plan Width": 97, "Actual Startup Time": 8695.796, "Actual Total Time": 8695.797, "Actual Rows": 1, "Actual Loops": 1, "Plans": [{"Node Type": "Nested Loop", "Parent Relationship": "Outer", "Join Type": "Inner", "Startup Cost": 920816.24, "Total Cost": 1194866.19, "Plan Rows": 357098, "Plan Width": 33, "Actual Startup Time": 5053.582, "Actual Total Time": 8490.796, "Actual Rows": 323005, "Actual Loops": 1, "Inner Unique": true, "Join Filter": "(an1.person_id = n1.id), (LLVM Optimized, Jit Execute)", "Rows Removed by Join Filter": 0, "Plans": [{"Node Type": "Nested Loop", "Parent Relationship": "Outer", "Join Type": "Inner", "Startup Cost": 920816.24, "Total Cost": 1091347.54, "Plan Rows": 357098, "Plan Width": 41, "Actual Startup Time": 5053.537, "Actual Total Time": 7393.727, "Actual Rows": 323005, "Actual Loops": 1, "Inner Unique": true, "Plans": [{"Node Type": "Merge Join", "Parent Relationship": "Outer", "Join Type": "Inner", "Startup Cost": 920816.24, "Total Cost": 989545.2, "Plan Rows": 357379, "Plan Width": 32, "Actual Startup Time": 5053.483, "Actual Total Time": 6117.113, "Actual Rows": 323005, "Actual Loops": 1, "Inner Unique": false, "Merge Cond": "(ci.person_id = an1.person_id)", "Plans": [{"Node Type": "Sort", "Parent Relationship": "Outer", "Startup Cost": 920816.17, "Total Cost": 922593.71, "Plan Rows": 711018, "Plan Width": 12, "Actual Startup Time": 5053.356, "Actual Total Time": 5115.383, "Actual Rows": 285537, "Actual Loops": 1, "Sort Key": ["ci.person_id"], "Sort Method": "quicksort", "Sort Space Used": 39058, "Sort Space Type": "Memory", "Plans": [{"Node Type": "Merge Join", "Parent Relationship": "Outer", "Join Type": "Inner", "Startup Cost": 812111.15, "Total Cost": 851706.9, "Plan Rows": 711018, "Plan Width": 12, "Actual Startup Time": 4488.451, "Actual Total Time": 4962.335, "Actual Rows": 285537, "Actual Loops": 1, "Inner Unique": false, "Merge Cond": "(mc.movie_id = ci.movie_id)", "Plans": [{"Node Type": "Sort", "Parent Relationship": "Outer", "Startup Cost": 283826.21, "Total Cost": 287031.99, "Plan Rows": 1282311, "Plan Width": 4, "Actual Startup Time": 4203.257, "Actual Total Time": 4356.59, "Actual Rows": 1153797, "Actual Loops": 1, "Sort Key": ["mc.movie_id"], "Sort Method": "quicksort", "Sort Space Used": 121265, "Sort Space Type": "Memory", "Plans": [{"Node Type": "Merge Join", "Parent Relationship": "Outer", "Join Type": "Inner", "Startup Cost": 3383.04, "Total Cost": 153733.74, "Plan Rows": 1282311, "Plan Width": 4, "Actual Startup Time": 0.061, "Actual Total Time": 3761.667, "Actual Rows": 1153797, "Actual Loops": 1, "Inner Unique": false, "Merge Cond": "(cn.id = mc.company_id)", "Plans": [{"Node Type": "Index Scan", "Parent Relationship": "Outer", "Scan Direction": "Forward", "Index Name": "company_name_pkey", "Relation Name": "company_name", "Alias": "cn", "Startup Cost": 0.0, "Total Cost": 10501.39, "Plan Rows": 85170, "Plan Width": 4, "Actual Startup Time": 0.035, "Actual Total Time": 345.342, "Actual Rows": 84843, "Actual Loops": 1, "Filter": "((country_code)::text = '[us]'::text)", "Rows Removed by Filter": 150153}, {"Node Type": "Index Scan", "Parent Relationship": "Inner", "Scan Direction": "Forward", "Index Name": "company_id_movie_companies", "Relation Name": "movie_companies", "Alias": "mc", "Startup Cost": 0.0, "Total Cost": 123673.5, "Plan Rows": 2609128, "Plan Width": 8, "Actual Startup Time": 0.019, "Actual Total Time": 2854.353, "Actual Rows": 2609128, "Actual Loops": 1}]}]}, {"Node Type": "Sort", "Parent Relationship": "Inner", "Startup Cost": 528284.62, "Total Cost": 536525.42, "Plan Rows": 3296318, "Plan Width": 8, "Actual Startup Time": 285.178, "Actual Total Time": 339.58, "Actual Rows": 461759, "Actual Loops": 1, "Sort Key": ["ci.movie_id"], "Sort Method": "quicksort", "Sort Space Used": 29564, "Sort Space Type": "Memory", "Plans": [{"Node Type": "Nested Loop", "Parent Relationship": "Outer", "Join Type": "Inner", "Startup Cost": 0.0, "Total Cost": 171418.25, "Plan Rows": 3296318, "Plan Width": 8, "Actual Startup Time": 0.125, "Actual Total Time": 183.521, "Actual Rows": 276403, "Actual Loops": 1, "Inner Unique": false, "Plans": [{"Node Type": "Index Scan", "Parent Relationship": "Outer", "Scan Direction": "Forward", "Index Name": "role_type_pkey", "Relation Name": "role_type", "Alias": "rt", "Startup Cost": 0.0, "Total Cost": 12.46, "Plan Rows": 1, "Plan Width": 4, "Actual Startup Time": 0.039, "Actual Total Time": 0.054, "Actual Rows": 1, "Actual Loops": 1, "Filter": "((role)::text = 'costume designer'::text)", "Rows Removed by Filter": 11}, {"Node Type": "Index Scan", "Parent Relationship": "Inner", "Scan Direction": "Forward", "Index Name": "role_id_cast_info", "Relation Name": "cast_info", "Alias": "ci", "Startup Cost": 0.0, "Total Cost": 138442.61, "Plan Rows": 3296318, "Plan Width": 12, "Actual Startup Time": 0.042, "Actual Total Time": 131.327, "Actual Rows": 276403, "Actual Loops": 1, "Index Cond": "(role_id = rt.id), (LLVM Optimized, Jit Execute)", "Rows Removed by Index Recheck": 0}]}]}]}]}, {"Node Type": "Index Scan", "Parent Relationship": "Inner", "Scan Direction": "Forward", "Index Name": "person_id_aka_name", "Relation Name": "aka_name", "Alias": "an1", "Startup Cost": 0.0, "Total Cost": 68965.03, "Plan Rows": 901342, "Plan Width": 20, "Actual Startup Time": 0.083, "Actual Total Time": 735.718, "Actual Rows": 1003872, "Actual Loops": 1}]}, {"Node Type": "Index Scan", "Parent Relationship": "Inner", "Scan Direction": "Forward", "Index Name": "title_pkey", "Relation Name": "title", "Alias": "t", "Startup Cost": 0.0, "Total Cost": 0.27, "Plan Rows": 1, "Plan Width": 21, "Actual Startup Time": 1024.758, "Actual Total Time": 1024.758, "Actual Rows": 323005, "Actual Loops": 323005, "Index Cond": "(id = ci.movie_id)", "Rows Removed by Index Recheck": 0}]}, {"Node Type": "Index Scan", "Parent Relationship": "Inner", "Scan Direction": "Forward", "Index Name": "name_pkey", "Relation Name": "name", "Alias": "n1", "Startup Cost": 0.0, "Total Cost": 0.28, "Plan Rows": 1, "Plan Width": 4, "Actual Startup Time": 830.463, "Actual Total Time": 830.463, "Actual Rows": 323005, "Actual Loops": 323005, "Index Cond": "(id = ci.person_id)", "Rows Removed by Index Recheck": 0}]}]}, "Triggers": [], "Planner Runtime": 42.509, "Total Runtime": 8705.671, "Unique SQL Id": 2457761703}}, "(64, '30')": {"explain_plan": {"Plan": {"Node Type": "Aggregate", "Strategy": "Plain", "Startup Cost": 24828018.09, "Total Cost": 24828018.11, "Plan Rows": 1, "Plan Width": 97, "Plans": [{"Node Type": "Streaming(type: LOCAL GATHER dop: 1/64)", "Parent Relationship": "Outer", "Startup Cost": 24828018.09, "Total Cost": 24828018.11, "Plan Rows": 1, "Plan Width": 97, "Plans": [{"Node Type": "Aggregate", "Strategy": "Plain", "Parent Relationship": "Outer", "Startup Cost": 24828018.09, "Total Cost": 24828018.1, "Plan Rows": 1, "Plan Width": 97, "Plans": [{"Node Type": "Nested Loop", "Parent Relationship": "Outer", "Join Type": "Inner", "Startup Cost": 818104.0, "Total Cost": 24826232.6, "Plan Rows": 357098, "Plan Width": 33, "Inner Unique": false, "Join Filter": "(an1.person_id = n1.id), (LLVM Optimized)", "Plans": [{"Node Type": "Streaming(type: LOCAL REDISTRIBUTE dop: 64/64)", "Parent Relationship": "Outer", "Startup Cost": 0.0, "Total Cost": 131401.97, "Plan Rows": 4167490, "Plan Width": 4, "Plans": [{"Node Type": "Seq Scan", "Parent Relationship": "Outer", "Relation Name": "name", "Alias": "n1", "Startup Cost": 0.0, "Total Cost": 64454.25, "Plan Rows": 4167490, "Plan Width": 4}]}, {"Node Type": "Materialize", "Parent Relationship": "Inner", "Startup Cost": 818104.0, "Total Cost": 19244884.82, "Plan Rows": 357098, "Plan Width": 41, "Plans": [{"Node Type": "Streaming(type: LOCAL REDISTRIBUTE dop: 64/64)", "Parent Relationship": "Outer", "Startup Cost": 818104.0, "Total Cost": 19244856.92, "Plan Rows": 357098, "Plan Width": 41, "Plans": [{"Node Type": "Nested Loop", "Parent Relationship": "Outer", "Join Type": "Inner", "Startup Cost": 818104.0, "Total Cost": 19181518.66, "Plan Rows": 357098, "Plan Width": 41, "Inner Unique": false, "Join Filter": "(ci.person_id = an1.person_id), (LLVM Optimized)", "Plans": [{"Node Type": "Streaming(type: LOCAL REDISTRIBUTE dop: 64/1)", "Parent Relationship": "Outer", "Startup Cost": 0.0, "Total Cost": 119529.84, "Plan Rows": 901342, "Plan Width": 20, "Plans": [{"Node Type": "Seq Scan", "Parent Relationship": "Outer", "Relation Name": "aka_name", "Alias": "an1", "Startup Cost": 0.0, "Total Cost": 19908.42, "Plan Rows": 901342, "Plan Width": 20}]}, {"Node Type": "Materialize", "Parent Relationship": "Inner", "Startup Cost": 818104.0, "Total Cost": 16716924.27, "Plan Rows": 710459, "Plan Width": 21, "Plans": [{"Node Type": "Streaming(type: LOCAL REDISTRIBUTE dop: 64/64)", "Parent Relationship": "Outer", "Startup Cost": 818104.0, "Total Cost": 16716868.77, "Plan Rows": 710459, "Plan Width": 21, "Plans": [{"Node Type": "Nested Loop", "Parent Relationship": "Outer", "Join Type": "Inner", "Startup Cost": 818104.0, "Total Cost": 16653195.78, "Plan Rows": 710459, "Plan Width": 21, "Inner Unique": false, "Join Filter": "(ci.movie_id = t.id), (LLVM Optimized)", "Plans": [{"Node Type": "Streaming(type: LOCAL REDISTRIBUTE dop: 64/1)", "Parent Relationship": "Outer", "Startup Cost": 818104.0, "Total Cost": 965067.97, "Plan Rows": 1282311, "Plan Width": 25, "Plans": [{"Node Type": "Merge Join", "Parent Relationship": "Outer", "Join Type": "Inner", "Startup Cost": 818104.0, "Total Cost": 849967.82, "Plan Rows": 1282311, "Plan Width": 25, "Inner Unique": true, "Merge Cond": "(mc.movie_id = t.id)", "Plans": [{"Node Type": "Sort", "Parent Relationship": "Outer", "Startup Cost": 489151.99, "Total Cost": 492357.77, "Plan Rows": 1282311, "Plan Width": 4, "Sort Key": ["mc.movie_id"], "Plans": [{"Node Type": "Merge Join", "Parent Relationship": "Outer", "Join Type": "Inner", "Startup Cost": 333103.9, "Total Cost": 359059.52, "Plan Rows": 1282311, "Plan Width": 4, "Inner Unique": false, "Merge Cond": "(cn.id = mc.company_id)", "Plans": [{"Node Type": "Sort", "Parent Relationship": "Outer", "Startup Cost": 12878.05, "Total Cost": 13090.97, "Plan Rows": 85170, "Plan Width": 4, "Sort Key": ["cn.id"], "Plans": [{"Node Type": "Seq Scan", "Parent Relationship": "Outer", "Relation Name": "company_name", "Alias": "cn", "Startup Cost": 0.0, "Total Cost": 5903.45, "Plan Rows": 85170, "Plan Width": 4, "Filter": "((country_code)::text = '[us]'::text)"}]}, {"Node Type": "Sort", "Parent Relationship": "Inner", "Startup Cost": 319886.87, "Total Cost": 326409.69, "Plan Rows": 2609128, "Plan Width": 8, "Sort Key": ["mc.company_id"], "Plans": [{"Node Type": "Seq Scan", "Parent Relationship": "Outer", "Relation Name": "movie_companies", "Alias": "mc", "Startup Cost": 0.0, "Total Cost": 41817.28, "Plan Rows": 2609128, "Plan Width": 8}]}]}]}, {"Node Type": "Sort", "Parent Relationship": "Inner", "Startup Cost": 328951.73, "Total Cost": 335272.51, "Plan Rows": 2528311, "Plan Width": 21, "Sort Key": ["t.id"], "Plans": [{"Node Type": "Seq Scan", "Parent Relationship": "Outer", "Relation Name": "title", "Alias": "t", "Startup Cost": 0.0, "Total Cost": 60069.11, "Plan Rows": 2528311, "Plan Width": 21}]}]}]}, {"Node Type": "Materialize", "Parent Relationship": "Inner", "Startup Cost": 0.0, "Total Cost": 208868.76, "Plan Rows": 3296318, "Plan Width": 8, "Plans": [{"Node Type": "Streaming(type: LOCAL REDISTRIBUTE dop: 64/64)", "Parent Relationship": "Outer", "Startup Cost": 0.0, "Total Cost": 208611.23, "Plan Rows": 3296318, "Plan Width": 8, "Plans": [{"Node Type": "Nested Loop", "Parent Relationship": "Outer", "Join Type": "Inner", "Startup Cost": 0.0, "Total Cost": 142488.75, "Plan Rows": 3296318, "Plan Width": 8, "Inner Unique": false, "Join Filter": "(ci.role_id = rt.id), (LLVM Optimized)", "Plans": [{"Node Type": "Streaming(type: BROADCAST dop: 64/1)", "Parent Relationship": "Outer", "Startup Cost": 0.0, "Total Cost": 63002.47, "Plan Rows": 64, "Plan Width": 4, "Plans": [{"Node Type": "Seq Scan", "Parent Relationship": "Outer", "Relation Name": "role_type", "Alias": "rt", "Startup Cost": 0.0, "Total Cost": 1.15, "Plan Rows": 1, "Plan Width": 4, "Filter": "((role)::text = 'costume designer'::text)"}]}, {"Node Type": "Seq Scan", "Parent Relationship": "Inner", "Relation Name": "cast_info", "Alias": "ci", "Startup Cost": 0.0, "Total Cost": 72404.34, "Plan Rows": 36259494, "Plan Width": 12}]}]}]}]}]}]}]}]}]}]}]}]}]}, "Unique SQL Id": 2457761703, "Planner Runtime": 18}, "explain_analyze_plan": null}, "(64, '31')": {"explain_plan": {"Plan": {"Node Type": "Aggregate", "Strategy": "Plain", "Startup Cost": 6752837631740.06, "Total Cost": 6752837631740.07, "Plan Rows": 1, "Plan Width": 97, "Plans": [{"Node Type": "Nested Loop", "Parent Relationship": "Outer", "Join Type": "Inner", "Startup Cost": 70071825122.57, "Total Cost": 6752837629954.57, "Plan Rows": 357098, "Plan Width": 33, "Inner Unique": false, "Join Filter": "(t.id = ci.movie_id), (LLVM Optimized)", "Plans": [{"Node Type": "Merge Join", "Parent Relationship": "Outer", "Join Type": "Inner", "Startup Cost": 30021927926.2, "Total Cost": 3002409653794.57, "Plan Rows": 1282311, "Plan Width": 25, "Inner Unique": true, "Merge Cond": "(mc.movie_id = t.id)", "Plans": [{"Node Type": "Nested Loop", "Parent Relationship": "Outer", "Join Type": "Inner", "Startup Cost": 20000000000.0, "Total Cost": 2003347393774.42, "Plan Rows": 1282311, "Plan Width": 4, "Inner Unique": true, "Join Filter": "(cn.id = mc.company_id), (LLVM Optimized)", "Plans": [{"Node Type": "Index Scan", "Parent Relationship": "Outer", "Scan Direction": "Forward", "Index Name": "movie_id_movie_companies", "Relation Name": "movie_companies", "Alias": "mc", "Startup Cost": 10000000000.0, "Total Cost": 1000013051946.13, "Plan Rows": 2609128, "Plan Width": 8}, {"Node Type": "Materialize", "Parent Relationship": "Inner", "Startup Cost": 10000000000.0, "Total Cost": 1000001050564.82, "Plan Rows": 85170, "Plan Width": 4, "Plans": [{"Node Type": "Index Scan", "Parent Relationship": "Outer", "Scan Direction": "Forward", "Index Name": "company_name_pkey", "Relation Name": "company_name", "Alias": "cn", "Startup Cost": 10000000000.0, "Total Cost": 1000001050138.97, "Plan Rows": 85170, "Plan Width": 4, "Filter": "((country_code)::text = '[us]'::text)"}]}]}, {"Node Type": "Index Scan", "Parent Relationship": "Inner", "Scan Direction": "Forward", "Index Name": "title_pkey", "Relation Name": "title", "Alias": "t", "Startup Cost": 10000000000.0, "Total Cost": 1000011012048.91, "Plan Rows": 2528311, "Plan Width": 21}]}, {"Node Type": "Materialize", "Parent Relationship": "Inner", "Startup Cost": 40049897196.36, "Total Cost": 3721872427028.45, "Plan Rows": 1484588, "Plan Width": 20, "Plans": [{"Node Type": "Nested Loop", "Parent Relationship": "Outer", "Join Type": "Inner", "Startup Cost": 40049897196.36, "Total Cost": 3721872419605.51, "Plan Rows": 1484588, "Plan Width": 20, "Inner Unique": false, "Join Filter": "(ci.role_id = rt.id), (LLVM Optimized)", "Plans": [{"Node Type": "Index Scan", "Parent Relationship": "Outer", "Scan Direction": "Forward", "Index Name": "role_type_pkey", "Relation Name": "role_type", "Alias": "rt", "Startup Cost": 10000000000.0, "Total Cost": 1000000001246.0, "Plan Rows": 1, "Plan Width": 4, "Filter": "((role)::text = 'costume designer'::text)"}, {"Node Type": "Merge Join", "Parent Relationship": "Inner", "Join Type": "Inner", "Startup Cost": 30049897196.36, "Total Cost": 2721872214228.63, "Plan Rows": 16330470, "Plan Width": 24, "Inner Unique": false, "Merge Cond": "(an1.person_id = ci.person_id)", "Plans": [{"Node Type": "Merge Join", "Parent Relationship": "Outer", "Join Type": "Inner", "Startup Cost": 20030754356.47, "Total Cost": 2000007674895.99, "Plan Rows": 901342, "Plan Width": 24, "Inner Unique": true, "Merge Cond": "(an1.person_id = n1.id)", "Plans": [{"Node Type": "Index Scan", "Parent Relationship": "Outer", "Scan Direction": "Forward", "Index Name": "person_id_aka_name", "Relation Name": "aka_name", "Alias": "an1", "Startup Cost": 10000000000.0, "Total Cost": 1000006896503.43, "Plan Rows": 901342, "Plan Width": 20}, {"Node Type": "Index Scan", "Parent Relationship": "Inner", "Scan Direction": "Forward", "Index Name": "name_pkey", "Relation Name": "name", "Alias": "n1", "Startup Cost": 10000000000.0, "Total Cost": 1000017623274.7, "Plan Rows": 4167490, "Plan Width": 4}]}, {"Node Type": "Index Scan", "Parent Relationship": "Inner", "Scan Direction": "Forward", "Index Name": "person_id_cast_info", "Relation Name": "cast_info", "Alias": "ci", "Startup Cost": 10000000000.0, "Total Cost": 1000170648833.21, "Plan Rows": 36259494, "Plan Width": 12}]}]}]}]}]}, "Unique SQL Id": 2457761703, "Planner Runtime": 91}, "explain_analyze_plan": null}, "(64, '32')": {"explain_plan": {"Plan": {"Node Type": "Aggregate", "Strategy": "Plain", "Startup Cost": 528738.29, "Total Cost": 528738.3, "Plan Rows": 1, "Plan Width": 97, "Plans": [{"Node Type": "Hash Join", "Parent Relationship": "Outer", "Join Type": "Inner", "Startup Cost": 336662.4, "Total Cost": 526952.8, "Plan Rows": 357098, "Plan Width": 33, "Inner Unique": true, "Hash Cond": "(mc.company_id = cn.id), (LLVM Optimized)", "Plans": [{"Node Type": "Hash Join", "Parent Relationship": "Outer", "Join Type": "Inner", "Startup Cost": 329694.33, "Total Cost": 513689.03, "Plan Rows": 726589, "Plan Width": 37, "Inner Unique": false, "Hash Cond": "(ci.movie_id = t.id), (LLVM Optimized)", "Plans": [{"Node Type": "Streaming(type: LOCAL GATHER dop: 1/64)", "Parent Relationship": "Outer", "Startup Cost": 254738.78, "Total Cost": 417857.9, "Plan Rows": 1484588, "Plan Width": 20, "Plans": [{"Node Type": "Hash Join", "Parent Relationship": "Outer", "Join Type": "Inner", "Startup Cost": 254738.78, "Total Cost": 387231.02, "Plan Rows": 1484588, "Plan Width": 20, "Inner Unique": false, "Hash Cond": "(an1.person_id = ci.person_id), (LLVM Optimized)", "Plans": [{"Node Type": "Streaming(type: LOCAL REDISTRIBUTE dop: 64/1)", "Parent Relationship": "Outer", "Startup Cost": 202522.7, "Total Cost": 334446.0, "Plan Rows": 901342, "Plan Width": 24, "Plans": [{"Node Type": "Hash Join", "Parent Relationship": "Outer", "Join Type": "Inner", "Startup Cost": 202522.7, "Total Cost": 234824.58, "Plan Rows": 901342, "Plan Width": 24, "Inner Unique": true, "Hash Cond": "(an1.person_id = n1.id), (LLVM Optimized)", "Plans": [{"Node Type": "Seq Scan", "Parent Relationship": "Outer", "Relation Name": "aka_name", "Alias": "an1", "Startup Cost": 0.0, "Total Cost": 19908.42, "Plan Rows": 901342, "Plan Width": 20}, {"Node Type": "Hash", "Parent Relationship": "Inner", "Startup Cost": 150429.08, "Total Cost": 150429.08, "Plan Rows": 4167490, "Plan Width": 4, "Plans": [{"Node Type": "Streaming(type: LOCAL GATHER dop: 1/64)", "Parent Relationship": "Outer", "Startup Cost": 0.0, "Total Cost": 150429.08, "Plan Rows": 4167490, "Plan Width": 4, "Plans": [{"Node Type": "Seq Scan", "Parent Relationship": "Outer", "Relation Name": "name", "Alias": "n1", "Startup Cost": 0.0, "Total Cost": 64454.25, "Plan Rows": 4167490, "Plan Width": 4}]}]}]}]}, {"Node Type": "Hash", "Parent Relationship": "Inner", "Startup Cost": 203464.29, "Total Cost": 203464.29, "Plan Rows": 3296318, "Plan Width": 8, "Plans": [{"Node Type": "Streaming(type: LOCAL REDISTRIBUTE dop: 64/64)", "Parent Relationship": "Outer", "Startup Cost": 63002.48, "Total Cost": 203464.29, "Plan Rows": 3296318, "Plan Width": 8, "Plans": [{"Node Type": "Hash Join", "Parent Relationship": "Outer", "Join Type": "Inner", "Startup Cost": 63002.48, "Total Cost": 137341.8, "Plan Rows": 3296318, "Plan Width": 8, "Inner Unique": true, "Hash Cond": "(ci.role_id = rt.id), (LLVM Optimized)", "Plans": [{"Node Type": "Seq Scan", "Parent Relationship": "Outer", "Relation Name": "cast_info", "Alias": "ci", "Startup Cost": 0.0, "Total Cost": 72404.34, "Plan Rows": 36259494, "Plan Width": 12}, {"Node Type": "Hash", "Parent Relationship": "Inner", "Startup Cost": 63002.47, "Total Cost": 63002.47, "Plan Rows": 64, "Plan Width": 4, "Plans": [{"Node Type": "Streaming(type: BROADCAST dop: 64/1)", "Parent Relationship": "Outer", "Startup Cost": 0.0, "Total Cost": 63002.47, "Plan Rows": 64, "Plan Width": 4, "Plans": [{"Node Type": "Seq Scan", "Parent Relationship": "Outer", "Relation Name": "role_type", "Alias": "rt", "Startup Cost": 0.0, "Total Cost": 1.15, "Plan Rows": 1, "Plan Width": 4, "Filter": "((role)::text = 'costume designer'::text)"}]}]}]}]}]}]}]}, {"Node Type": "Hash", "Parent Relationship": "Inner", "Startup Cost": 169365.79, "Total Cost": 169365.79, "Plan Rows": 2609128, "Plan Width": 29, "Plans": [{"Node Type": "Hash Join", "Parent Relationship": "Outer", "Join Type": "Inner", "Startup Cost": 91673.0, "Total Cost": 169365.79, "Plan Rows": 2609128, "Plan Width": 29, "Inner Unique": true, "Hash Cond": "(mc.movie_id = t.id), (LLVM Optimized)", "Plans": [{"Node Type": "Seq Scan", "Parent Relationship": "Outer", "Relation Name": "movie_companies", "Alias": "mc", "Startup Cost": 0.0, "Total Cost": 41817.28, "Plan Rows": 2609128, "Plan Width": 8}, {"Node Type": "Hash", "Parent Relationship": "Inner", "Startup Cost": 60069.11, "Total Cost": 60069.11, "Plan Rows": 2528311, "Plan Width": 21, "Plans": [{"Node Type": "Seq Scan", "Parent Relationship": "Outer", "Relation Name": "title", "Alias": "t", "Startup Cost": 0.0, "Total Cost": 60069.11, "Plan Rows": 2528311, "Plan Width": 21}]}]}]}]}, {"Node Type": "Hash", "Parent Relationship": "Inner", "Startup Cost": 5903.45, "Total Cost": 5903.45, "Plan Rows": 85170, "Plan Width": 4, "Plans": [{"Node Type": "Seq Scan", "Parent Relationship": "Outer", "Relation Name": "company_name", "Alias": "cn", "Startup Cost": 0.0, "Total Cost": 5903.45, "Plan Rows": 85170, "Plan Width": 4, "Filter": "((country_code)::text = '[us]'::text)"}]}]}]}, "Unique SQL Id": 2457761703, "Planner Runtime": 166}, "explain_analyze_plan": {"Plan": {"Node Type": "Aggregate", "Strategy": "Plain", "Startup Cost": 528738.29, "Total Cost": 528738.3, "Plan Rows": 1, "Plan Width": 97, "Actual Min Startup Time": 6856.27, "Actual Max Startup Time": 6856.27, "Actual Min Total Time": 6856.271, "Actual Max Total Time": 6856.271, "Plans": [{"Node Type": "Hash Join", "Parent Relationship": "Outer", "Join Type": "Inner", "Startup Cost": 336662.4, "Total Cost": 526952.8, "Plan Rows": 357098, "Plan Width": 33, "Actual Min Startup Time": 5249.401, "Actual Max Startup Time": 5249.401, "Actual Min Total Time": 6705.964, "Actual Max Total Time": 6705.964, "Inner Unique": true, "Hash Cond": "(mc.company_id = cn.id), (LLVM Optimized, Jit Execute)", "Plans": [{"Node Type": "Hash Join", "Parent Relationship": "Outer", "Join Type": "Inner", "Startup Cost": 329694.33, "Total Cost": 513689.03, "Plan Rows": 726589, "Plan Width": 37, "Actual Min Startup Time": 5130.68, "Actual Max Startup Time": 5130.68, "Actual Min Total Time": 6388.767, "Actual Max Total Time": 6388.767, "Inner Unique": false, "Hash Cond": "(ci.movie_id = t.id), (LLVM Optimized, Jit Execute)", "Plans": [{"Node Type": "Streaming(type: LOCAL GATHER dop: 1/64)", "Parent Relationship": "Outer", "Startup Cost": 254738.78, "Total Cost": 417857.9, "Plan Rows": 1484588, "Plan Width": 20, "Actual Min Startup Time": 0.186, "Actual Max Startup Time": 0.186, "Actual Min Total Time": 983.556, "Actual Max Total Time": 983.556, "Plans": [{"Node Type": "Hash Join", "Parent Relationship": "Outer", "Join Type": "Inner", "Startup Cost": 254738.78, "Total Cost": 387231.02, "Plan Rows": 1484588, "Plan Width": 20, "Actual Min Startup Time": 2904.02, "Actual Max Startup Time": 5001.056, "Actual Min Total Time": 4507.096, "Actual Max Total Time": 6552.353, "Inner Unique": false, "Hash Cond": "(an1.person_id = ci.person_id), (LLVM Optimized, Jit Execute)", "Plans": [{"Node Type": "Streaming(type: LOCAL REDISTRIBUTE dop: 64/1)", "Parent Relationship": "Outer", "Startup Cost": 202522.7, "Total Cost": 334446.0, "Plan Rows": 901342, "Plan Width": 24, "Actual Min Startup Time": 2648.309, "Actual Max Startup Time": 2658.987, "Actual Min Total Time": 4210.018, "Actual Max Total Time": 5937.182, "Plans": [{"Node Type": "Hash Join", "Parent Relationship": "Outer", "Join Type": "Inner", "Startup Cost": 202522.7, "Total Cost": 234824.58, "Plan Rows": 901342, "Plan Width": 24, "Actual Min Startup Time": 2900.815, "Actual Max Startup Time": 2900.815, "Actual Min Total Time": 3642.451, "Actual Max Total Time": 3642.451, "Inner Unique": true, "Hash Cond": "(an1.person_id = n1.id), (LLVM Optimized, Jit Execute)", "Plans": [{"Node Type": "Seq Scan", "Parent Relationship": "Outer", "Relation Name": "aka_name", "Alias": "an1", "Startup Cost": 0.0, "Total Cost": 19908.42, "Plan Rows": 901342, "Plan Width": 20, "Actual Min Startup Time": 0.033, "Actual Max Startup Time": 0.033, "Actual Min Total Time": 226.164, "Actual Max Total Time": 226.164, "Actual Rows": 901342}, {"Node Type": "Hash", "Parent Relationship": "Inner", "Startup Cost": 150429.08, "Total Cost": 150429.08, "Plan Rows": 4167490, "Plan Width": 4, "Actual Min Startup Time": 2898.206, "Actual Max Startup Time": 2898.206, "Actual Min Total Time": 2898.206, "Actual Max Total Time": 2898.206, "Max Hash Buckets": 4194304, "Min Hash Buckets": 4194304, "Max Hash Batches": 1, "Min Hash Batches": 1, "Max Original Hash Batches": 1, "Min Original Hash Batches": 1, "Max Peak Memory Usage": 146514, "min Peak Memory Usage": 146514, "Plans": [{"Node Type": "Streaming(type: LOCAL GATHER dop: 1/64)", "Parent Relationship": "Outer", "Startup Cost": 0.0, "Total Cost": 150429.08, "Plan Rows": 4167490, "Plan Width": 4, "Actual Min Startup Time": 0.152, "Actual Max Startup Time": 0.152, "Actual Min Total Time": 1744.697, "Actual Max Total Time": 1744.697, "Plans": [{"Node Type": "Seq Scan", "Parent Relationship": "Outer", "Relation Name": "name", "Alias": "n1", "Startup Cost": 0.0, "Total Cost": 64454.25, "Plan Rows": 4167490, "Plan Width": 4, "Actual Min Startup Time": 0.018, "Actual Max Startup Time": 0.044, "Actual Min Total Time": 18.96, "Actual Max Total Time": 23.576, "Actual Rows": 4167490}], "Actual Rows": 4167490}], "Actual Rows": 4167490}], "Actual Rows": 901342}], "Actual Rows": 901342}, {"Node Type": "Hash", "Parent Relationship": "Inner", "Startup Cost": 203464.29, "Total Cost": 203464.29, "Plan Rows": 3296318, "Plan Width": 8, "Actual Min Startup Time": 251.014, "Actual Max Startup Time": 617.726, "Actual Min Total Time": 251.014, "Actual Max Total Time": 617.726, "Max Hash Buckets": 65536, "Min Hash Buckets": 65536, "Max Hash Batches": 1, "Min Hash Batches": 1, "Max Original Hash Batches": 1, "Min Original Hash Batches": 1, "Max Peak Memory Usage": 153, "min Peak Memory Usage": 153, "Plans": [{"Node Type": "Streaming(type: LOCAL REDISTRIBUTE dop: 64/64)", "Parent Relationship": "Outer", "Startup Cost": 63002.48, "Total Cost": 203464.29, "Plan Rows": 3296318, "Plan Width": 8, "Actual Min Startup Time": 0.126, "Actual Max Startup Time": 331.621, "Actual Min Total Time": 250.064, "Actual Max Total Time": 616.635, "Plans": [{"Node Type": "Hash Join", "Parent Relationship": "Outer", "Join Type": "Inner", "Startup Cost": 63002.48, "Total Cost": 137341.8, "Plan Rows": 3296318, "Plan Width": 8, "Actual Min Startup Time": 184.436, "Actual Max Startup Time": 286.242, "Actual Min Total Time": 231.359, "Actual Max Total Time": 286.242, "Inner Unique": true, "Hash Cond": "(ci.role_id = rt.id), (LLVM Optimized, Jit Execute)", "Plans": [{"Node Type": "Seq Scan", "Parent Relationship": "Outer", "Relation Name": "cast_info", "Alias": "ci", "Startup Cost": 0.0, "Total Cost": 72404.34, "Plan Rows": 36259494, "Plan Width": 12, "Actual Min Startup Time": 0.027, "Actual Max Startup Time": 0.061, "Actual Min Total Time": 127.977, "Actual Max Total Time": 141.649, "Actual Rows": 36244343}, {"Node Type": "Hash", "Parent Relationship": "Inner", "Startup Cost": 63002.47, "Total Cost": 63002.47, "Plan Rows": 64, "Plan Width": 4, "Actual Min Startup Time": 0.012, "Actual Max Startup Time": 54.189, "Actual Min Total Time": 0.012, "Actual Max Total Time": 54.189, "Max Hash Buckets": 32768, "Min Hash Buckets": 32768, "Max Hash Batches": 1, "Min Hash Batches": 1, "Max Original Hash Batches": 1, "Min Original Hash Batches": 1, "Max Peak Memory Usage": 1, "min Peak Memory Usage": 1, "Plans": [{"Node Type": "Streaming(type: BROADCAST dop: 64/1)", "Parent Relationship": "Outer", "Startup Cost": 0.0, "Total Cost": 63002.47, "Plan Rows": 64, "Plan Width": 4, "Actual Min Startup Time": 0.003, "Actual Max Startup Time": 54.169, "Actual Min Total Time": 0.004, "Actual Max Total Time": 54.17, "Plans": [{"Node Type": "Seq Scan", "Parent Relationship": "Outer", "Relation Name": "role_type", "Alias": "rt", "Startup Cost": 0.0, "Total Cost": 1.15, "Plan Rows": 1, "Plan Width": 4, "Actual Min Startup Time": 0.026, "Actual Max Startup Time": 0.026, "Actual Min Total Time": 0.03, "Actual Max Total Time": 0.03, "Filter": "((role)::text = 'costume designer'::text)", "Rows Removed by Filter": 11, "Actual Rows": 1}], "Actual Rows": 64}], "Actual Rows": 64}], "Actual Rows": 276403}], "Actual Rows": 276403}], "Actual Rows": 276403}], "Actual Rows": 218966}], "Actual Rows": 218966}, {"Node Type": "Hash", "Parent Relationship": "Inner", "Startup Cost": 169365.79, "Total Cost": 169365.79, "Plan Rows": 2609128, "Plan Width": 29, "Actual Min Startup Time": 5122.871, "Actual Max Startup Time": 5122.871, "Actual Min Total Time": 5122.871, "Actual Max Total Time": 5122.871, "Max Hash Buckets": 4194304, "Min Hash Buckets": 4194304, "Max Hash Batches": 1, "Min Hash Batches": 1, "Max Original Hash Batches": 1, "Min Original Hash Batches": 1, "Max Peak Memory Usage": 164769, "min Peak Memory Usage": 164769, "Plans": [{"Node Type": "Hash Join", "Parent Relationship": "Outer", "Join Type": "Inner", "Startup Cost": 91673.0, "Total Cost": 169365.79, "Plan Rows": 2609128, "Plan Width": 29, "Actual Min Startup Time": 1876.312, "Actual Max Startup Time": 1876.312, "Actual Min Total Time": 4112.233, "Actual Max Total Time": 4112.233, "Inner Unique": true, "Hash Cond": "(mc.movie_id = t.id), (LLVM Optimized, Jit Execute)", "Plans": [{"Node Type": "Seq Scan", "Parent Relationship": "Outer", "Relation Name": "movie_companies", "Alias": "mc", "Startup Cost": 0.0, "Total Cost": 41817.28, "Plan Rows": 2609128, "Plan Width": 8, "Actual Min Startup Time": 0.034, "Actual Max Startup Time": 0.034, "Actual Min Total Time": 589.387, "Actual Max Total Time": 589.387, "Actual Rows": 2609128}, {"Node Type": "Hash", "Parent Relationship": "Inner", "Startup Cost": 60069.11, "Total Cost": 60069.11, "Plan Rows": 2528311, "Plan Width": 21, "Actual Min Startup Time": 1873.717, "Actual Max Startup Time": 1873.717, "Actual Min Total Time": 1873.717, "Actual Max Total Time": 1873.717, "Max Hash Buckets": 4194304, "Min Hash Buckets": 4194304, "Max Hash Batches": 1, "Min Hash Batches": 1, "Max Original Hash Batches": 1, "Min Original Hash Batches": 1, "Max Peak Memory Usage": 135869, "min Peak Memory Usage": 135869, "Plans": [{"Node Type": "Seq Scan", "Parent Relationship": "Outer", "Relation Name": "title", "Alias": "t", "Startup Cost": 0.0, "Total Cost": 60069.11, "Plan Rows": 2528311, "Plan Width": 21, "Actual Min Startup Time": 0.031, "Actual Max Startup Time": 0.031, "Actual Min Total Time": 853.163, "Actual Max Total Time": 853.163, "Actual Rows": 2528311}], "Actual Rows": 2528311}], "Actual Rows": 2609128}], "Actual Rows": 2609128}], "Actual Rows": 752819}, {"Node Type": "Hash", "Parent Relationship": "Inner", "Startup Cost": 5903.45, "Total Cost": 5903.45, "Plan Rows": 85170, "Plan Width": 4, "Actual Min Startup Time": 118.572, "Actual Max Startup Time": 118.572, "Actual Min Total Time": 118.572, "Actual Max Total Time": 118.572, "Max Hash Buckets": 131072, "Min Hash Buckets": 131072, "Max Hash Batches": 1, "Min Hash Batches": 1, "Max Original Hash Batches": 1, "Min Original Hash Batches": 1, "Max Peak Memory Usage": 2983, "min Peak Memory Usage": 2983, "Plans": [{"Node Type": "Seq Scan", "Parent Relationship": "Outer", "Relation Name": "company_name", "Alias": "cn", "Startup Cost": 0.0, "Total Cost": 5903.45, "Plan Rows": 85170, "Plan Width": 4, "Actual Min Startup Time": 0.062, "Actual Max Startup Time": 0.062, "Actual Min Total Time": 96.64, "Actual Max Total Time": 96.64, "Filter": "((country_code)::text = '[us]'::text)", "Rows Removed by Filter": 150153, "Actual Rows": 84843}], "Actual Rows": 84843}], "Actual Rows": 323005}], "Actual Rows": 1}, "Triggers": [], "Planner Runtime": 175.338, "Total Runtime": 6911.384, "Unique SQL Id": 2457761703}}, "(64, '33')": {"explain_plan": {"Plan": {"Node Type": "Aggregate", "Strategy": "Plain", "Startup Cost": 742941.75, "Total Cost": 742941.76, "Plan Rows": 1, "Plan Width": 97, "Plans": [{"Node Type": "Hash Join", "Parent Relationship": "Outer", "Join Type": "Inner", "Startup Cost": 714261.09, "Total Cost": 741156.26, "Plan Rows": 357098, "Plan Width": 33, "Inner Unique": false, "Hash Cond": "(an1.person_id = n1.id), (LLVM Optimized)", "Plans": [{"Node Type": "Bitmap Heap Scan", "Parent Relationship": "Outer", "Relation Name": "aka_name", "Alias": "an1", "Startup Cost": 16632.3, "Total Cost": 36540.72, "Plan Rows": 901342, "Plan Width": 20, "Plans": [{"Node Type": "Bitmap Index Scan", "Parent Relationship": "Outer", "Index Name": "person_id_aka_name", "Startup Cost": 0.0, "Total Cost": 16406.96, "Plan Rows": 901342, "Plan Width": 0}]}, {"Node Type": "Hash", "Parent Relationship": "Inner", "Startup Cost": 688748.06, "Total Cost": 688748.06, "Plan Rows": 710459, "Plan Width": 25, "Plans": [{"Node Type": "Hash Join", "Parent Relationship": "Outer", "Join Type": "Inner", "Startup Cost": 478494.65, "Total Cost": 688748.06, "Plan Rows": 710459, "Plan Width": 25, "Inner Unique": true, "Hash Cond": "(ci.person_id = n1.id), (LLVM Optimized)", "Plans": [{"Node Type": "Hash Join", "Parent Relationship": "Outer", "Join Type": "Inner", "Startup Cost": 301568.43, "Total Cost": 502053.02, "Plan Rows": 710459, "Plan Width": 21, "Inner Unique": false, "Hash Cond": "(ci.movie_id = t.id), (LLVM Optimized)", "Plans": [{"Node Type": "Nested Loop", "Parent Relationship": "Outer", "Join Type": "Inner", "Startup Cost": 0.0, "Total Cost": 171418.25, "Plan Rows": 3296318, "Plan Width": 8, "Inner Unique": false, "Plans": [{"Node Type": "Index Scan", "Parent Relationship": "Outer", "Scan Direction": "Forward", "Index Name": "role_type_pkey", "Relation Name": "role_type", "Alias": "rt", "Startup Cost": 0.0, "Total Cost": 12.46, "Plan Rows": 1, "Plan Width": 4, "Filter": "((role)::text = 'costume designer'::text)"}, {"Node Type": "Index Scan", "Parent Relationship": "Inner", "Scan Direction": "Forward", "Index Name": "role_id_cast_info", "Relation Name": "cast_info", "Alias": "ci", "Startup Cost": 0.0, "Total Cost": 138442.61, "Plan Rows": 3296318, "Plan Width": 12, "Index Cond": "(role_id = rt.id), (LLVM Optimized)"}]}, {"Node Type": "Hash", "Parent Relationship": "Inner", "Startup Cost": 285539.54, "Total Cost": 285539.54, "Plan Rows": 1282311, "Plan Width": 25, "Plans": [{"Node Type": "Hash Join", "Parent Relationship": "Outer", "Join Type": "Inner", "Startup Cost": 203483.15, "Total Cost": 285539.54, "Plan Rows": 1282311, "Plan Width": 25, "Inner Unique": true, "Hash Cond": "(mc.movie_id = t.id), (LLVM Optimized)", "Plans": [{"Node Type": "Hash Join", "Parent Relationship": "Outer", "Join Type": "Inner", "Startup Cost": 61758.77, "Total Cost": 126183.39, "Plan Rows": 1282311, "Plan Width": 4, "Inner Unique": true, "Hash Cond": "(mc.company_id = cn.id), (LLVM Optimized)", "Plans": [{"Node Type": "Bitmap Heap Scan", "Parent Relationship": "Outer", "Relation Name": "movie_companies", "Alias": "mc", "Startup Cost": 51990.17, "Total Cost": 93807.45, "Plan Rows": 2609128, "Plan Width": 8, "Plans": [{"Node Type": "Bitmap Index Scan", "Parent Relationship": "Outer", "Index Name": "movie_id_movie_companies", "Startup Cost": 0.0, "Total Cost": 51337.89, "Plan Rows": 2609128, "Plan Width": 0}]}, {"Node Type": "Hash", "Parent Relationship": "Inner", "Startup Cost": 8703.97, "Total Cost": 8703.97, "Plan Rows": 85170, "Plan Width": 4, "Plans": [{"Node Type": "Bitmap Heap Scan", "Parent Relationship": "Outer", "Relation Name": "company_name", "Alias": "cn", "Startup Cost": 2800.52, "Total Cost": 8703.97, "Plan Rows": 85170, "Plan Width": 4, "Filter": "((country_code)::text = '[us]'::text)", "Plans": [{"Node Type": "Bitmap Index Scan", "Parent Relationship": "Outer", "Index Name": "company_name_pkey", "Startup Cost": 0.0, "Total Cost": 2779.23, "Plan Rows": 234996, "Plan Width": 0}]}]}]}, {"Node Type": "Hash", "Parent Relationship": "Inner", "Startup Cost": 110120.49, "Total Cost": 110120.49, "Plan Rows": 2528311, "Plan Width": 21, "Plans": [{"Node Type": "Index Scan", "Parent Relationship": "Outer", "Scan Direction": "Forward", "Index Name": "title_pkey", "Relation Name": "title", "Alias": "t", "Startup Cost": 0.0, "Total Cost": 110120.49, "Plan Rows": 2528311, "Plan Width": 21}]}]}]}]}, {"Node Type": "Hash", "Parent Relationship": "Inner", "Startup Cost": 124832.6, "Total Cost": 124832.6, "Plan Rows": 4167490, "Plan Width": 4, "Plans": [{"Node Type": "Index Only Scan", "Parent Relationship": "Outer", "Scan Direction": "Forward", "Index Name": "name_pkey", "Relation Name": "name", "Alias": "n1", "Startup Cost": 0.0, "Total Cost": 124832.6, "Plan Rows": 4167490, "Plan Width": 4}]}]}]}]}]}, "Unique SQL Id": 2457761703, "Planner Runtime": 120}, "explain_analyze_plan": {"Plan": {"Node Type": "Aggregate", "Strategy": "Plain", "Startup Cost": 742941.75, "Total Cost": 742941.76, "Plan Rows": 1, "Plan Width": 97, "Actual Startup Time": 11494.115, "Actual Total Time": 11494.115, "Actual Rows": 1, "Actual Loops": 1, "Plans": [{"Node Type": "Hash Join", "Parent Relationship": "Outer", "Join Type": "Inner", "Startup Cost": 714261.09, "Total Cost": 741156.26, "Plan Rows": 357098, "Plan Width": 33, "Actual Startup Time": 10690.709, "Actual Total Time": 11350.434, "Actual Rows": 323005, "Actual Loops": 1, "Inner Unique": false, "Hash Cond": "(an1.person_id = n1.id), (LLVM Optimized, Jit Execute)", "Plans": [{"Node Type": "Bitmap Heap Scan", "Parent Relationship": "Outer", "Relation Name": "aka_name", "Alias": "an1", "Startup Cost": 16632.3, "Total Cost": 36540.72, "Plan Rows": 901342, "Plan Width": 20, "Actual Startup Time": 84.503, "Actual Total Time": 410.754, "Actual Rows": 901342, "Actual Loops": 1, "Exact Heap Blocks": 10895, "Lossy Heap Blocks": 10895, "Plans": [{"Node Type": "Bitmap Index Scan", "Parent Relationship": "Outer", "Index Name": "person_id_aka_name", "Startup Cost": 0.0, "Total Cost": 16406.96, "Plan Rows": 901342, "Plan Width": 0, "Actual Startup Time": 82.538, "Actual Total Time": 82.538, "Actual Rows": 901342, "Actual Loops": 1}]}, {"Node Type": "Hash", "Parent Relationship": "Inner", "Startup Cost": 688748.06, "Total Cost": 688748.06, "Plan Rows": 710459, "Plan Width": 25, "Actual Startup Time": 10592.896, "Actual Total Time": 10592.896, "Actual Rows": 285537, "Actual Loops": 1, "Hash Buckets": 1048576, "Hash Batches": 1, "Original Hash Batches": 1, "Peak Memory Usage": 15952, "Plans": [{"Node Type": "Hash Join", "Parent Relationship": "Outer", "Join Type": "Inner", "Startup Cost": 478494.65, "Total Cost": 688748.06, "Plan Rows": 710459, "Plan Width": 25, "Actual Startup Time": 9971.992, "Actual Total Time": 10507.645, "Actual Rows": 285537, "Actual Loops": 1, "Inner Unique": true, "Hash Cond": "(ci.person_id = n1.id), (LLVM Optimized, Jit Execute)", "Plans": [{"Node Type": "Hash Join", "Parent Relationship": "Outer", "Join Type": "Inner", "Startup Cost": 301568.43, "Total Cost": 502053.02, "Plan Rows": 710459, "Plan Width": 21, "Actual Startup Time": 7449.066, "Actual Total Time": 7808.57, "Actual Rows": 285537, "Actual Loops": 1, "Inner Unique": false, "Hash Cond": "(ci.movie_id = t.id), (LLVM Optimized, Jit Execute)", "Plans": [{"Node Type": "Nested Loop", "Parent Relationship": "Outer", "Join Type": "Inner", "Startup Cost": 0.0, "Total Cost": 171418.25, "Plan Rows": 3296318, "Plan Width": 8, "Actual Startup Time": 0.088, "Actual Total Time": 198.825, "Actual Rows": 276403, "Actual Loops": 1, "Inner Unique": false, "Plans": [{"Node Type": "Index Scan", "Parent Relationship": "Outer", "Scan Direction": "Forward", "Index Name": "role_type_pkey", "Relation Name": "role_type", "Alias": "rt", "Startup Cost": 0.0, "Total Cost": 12.46, "Plan Rows": 1, "Plan Width": 4, "Actual Startup Time": 0.038, "Actual Total Time": 0.077, "Actual Rows": 1, "Actual Loops": 1, "Filter": "((role)::text = 'costume designer'::text)", "Rows Removed by Filter": 11}, {"Node Type": "Index Scan", "Parent Relationship": "Inner", "Scan Direction": "Forward", "Index Name": "role_id_cast_info", "Relation Name": "cast_info", "Alias": "ci", "Startup Cost": 0.0, "Total Cost": 138442.61, "Plan Rows": 3296318, "Plan Width": 12, "Actual Startup Time": 0.042, "Actual Total Time": 144.215, "Actual Rows": 276403, "Actual Loops": 1, "Index Cond": "(role_id = rt.id), (LLVM Optimized, Jit Execute)", "Rows Removed by Index Recheck": 0}]}, {"Node Type": "Hash", "Parent Relationship": "Inner", "Startup Cost": 285539.54, "Total Cost": 285539.54, "Plan Rows": 1282311, "Plan Width": 25, "Actual Startup Time": 7437.763, "Actual Total Time": 7437.763, "Actual Rows": 1153797, "Actual Loops": 1, "Hash Buckets": 2097152, "Hash Batches": 1, "Original Hash Batches": 1, "Peak Memory Usage": 68508, "Plans": [{"Node Type": "Hash Join", "Parent Relationship": "Outer", "Join Type": "Inner", "Startup Cost": 203483.15, "Total Cost": 285539.54, "Plan Rows": 1282311, "Plan Width": 25, "Actual Startup Time": 4728.654, "Actual Total Time": 7031.502, "Actual Rows": 1153797, "Actual Loops": 1, "Inner Unique": true, "Hash Cond": "(mc.movie_id = t.id), (LLVM Optimized, Jit Execute)", "Plans": [{"Node Type": "Hash Join", "Parent Relationship": "Outer", "Join Type": "Inner", "Startup Cost": 61758.77, "Total Cost": 126183.39, "Plan Rows": 1282311, "Plan Width": 4, "Actual Startup Time": 404.325, "Actual Total Time": 2125.63, "Actual Rows": 1153797, "Actual Loops": 1, "Inner Unique": true, "Hash Cond": "(mc.company_id = cn.id), (LLVM Optimized, Jit Execute)", "Plans": [{"Node Type": "Bitmap Heap Scan", "Parent Relationship": "Outer", "Relation Name": "movie_companies", "Alias": "mc", "Startup Cost": 51990.17, "Total Cost": 93807.45, "Plan Rows": 2609128, "Plan Width": 8, "Actual Startup Time": 217.901, "Actual Total Time": 1129.415, "Actual Rows": 2609128, "Actual Loops": 1, "Exact Heap Blocks": 15726, "Lossy Heap Blocks": 15726, "Plans": [{"Node Type": "Bitmap Index Scan", "Parent Relationship": "Outer", "Index Name": "movie_id_movie_companies", "Startup Cost": 0.0, "Total Cost": 51337.89, "Plan Rows": 2609128, "Plan Width": 0, "Actual Startup Time": 214.265, "Actual Total Time": 214.265, "Actual Rows": 2609128, "Actual Loops": 1}]}, {"Node Type": "Hash", "Parent Relationship": "Inner", "Startup Cost": 8703.97, "Total Cost": 8703.97, "Plan Rows": 85170, "Plan Width": 4, "Actual Startup Time": 186.326, "Actual Total Time": 186.326, "Actual Rows": 84843, "Actual Loops": 1, "Hash Buckets": 131072, "Hash Batches": 1, "Original Hash Batches": 1, "Peak Memory Usage": 2983, "Plans": [{"Node Type": "Bitmap Heap Scan", "Parent Relationship": "Outer", "Relation Name": "company_name", "Alias": "cn", "Startup Cost": 2800.52, "Total Cost": 8703.97, "Plan Rows": 85170, "Plan Width": 4, "Actual Startup Time": 22.901, "Actual Total Time": 164.203, "Actual Rows": 84843, "Actual Loops": 1, "Filter": "((country_code)::text = '[us]'::text)", "Rows Removed by Filter": 150153, "Exact Heap Blocks": 2966, "Lossy Heap Blocks": 2966, "Plans": [{"Node Type": "Bitmap Index Scan", "Parent Relationship": "Outer", "Index Name": "company_name_pkey", "Startup Cost": 0.0, "Total Cost": 2779.23, "Plan Rows": 234996, "Plan Width": 0, "Actual Startup Time": 22.436, "Actual Total Time": 22.436, "Actual Rows": 234996, "Actual Loops": 1}]}]}]}, {"Node Type": "Hash", "Parent Relationship": "Inner", "Startup Cost": 110120.49, "Total Cost": 110120.49, "Plan Rows": 2528311, "Plan Width": 21, "Actual Startup Time": 4321.823, "Actual Total Time": 4321.823, "Actual Rows": 2528311, "Actual Loops": 1, "Hash Buckets": 4194304, "Hash Batches": 1, "Original Hash Batches": 1, "Peak Memory Usage": 135869, "Plans": [{"Node Type": "Index Scan", "Parent Relationship": "Outer", "Scan Direction": "Forward", "Index Name": "title_pkey", "Relation Name": "title", "Alias": "t", "Startup Cost": 0.0, "Total Cost": 110120.49, "Plan Rows": 2528311, "Plan Width": 21, "Actual Startup Time": 0.037, "Actual Total Time": 3252.928, "Actual Rows": 2528311, "Actual Loops": 1}]}]}]}]}, {"Node Type": "Hash", "Parent Relationship": "Inner", "Startup Cost": 124832.6, "Total Cost": 124832.6, "Plan Rows": 4167490, "Plan Width": 4, "Actual Startup Time": 2520.277, "Actual Total Time": 2520.277, "Actual Rows": 4167490, "Actual Loops": 1, "Hash Buckets": 4194304, "Hash Batches": 1, "Original Hash Batches": 1, "Peak Memory Usage": 146514, "Plans": [{"Node Type": "Index Only Scan", "Parent Relationship": "Outer", "Scan Direction": "Forward", "Index Name": "name_pkey", "Relation Name": "name", "Alias": "n1", "Startup Cost": 0.0, "Total Cost": 124832.6, "Plan Rows": 4167490, "Plan Width": 4, "Actual Startup Time": 0.045, "Actual Total Time": 1023.062, "Actual Rows": 4167490, "Actual Loops": 1, "Heap Fetches": 0}]}]}]}]}]}, "Triggers": [], "Planner Runtime": 120.747, "Total Runtime": 11507.847, "Unique SQL Id": 2457761703}}, "(64, '34')": {"explain_plan": {"Plan": {"Node Type": "Aggregate", "Strategy": "Plain", "Startup Cost": 528738.29, "Total Cost": 528738.3, "Plan Rows": 1, "Plan Width": 97, "Plans": [{"Node Type": "Hash Join", "Parent Relationship": "Outer", "Join Type": "Inner", "Startup Cost": 336662.4, "Total Cost": 526952.8, "Plan Rows": 357098, "Plan Width": 33, "Inner Unique": true, "Hash Cond": "(mc.company_id = cn.id), (LLVM Optimized)", "Plans": [{"Node Type": "Hash Join", "Parent Relationship": "Outer", "Join Type": "Inner", "Startup Cost": 329694.33, "Total Cost": 513689.03, "Plan Rows": 726589, "Plan Width": 37, "Inner Unique": false, "Hash Cond": "(ci.movie_id = t.id), (LLVM Optimized)", "Plans": [{"Node Type": "Streaming(type: LOCAL GATHER dop: 1/64)", "Parent Relationship": "Outer", "Startup Cost": 254738.78, "Total Cost": 417857.9, "Plan Rows": 1484588, "Plan Width": 20, "Plans": [{"Node Type": "Hash Join", "Parent Relationship": "Outer", "Join Type": "Inner", "Startup Cost": 254738.78, "Total Cost": 387231.02, "Plan Rows": 1484588, "Plan Width": 20, "Inner Unique": false, "Hash Cond": "(an1.person_id = ci.person_id), (LLVM Optimized)", "Plans": [{"Node Type": "Streaming(type: LOCAL REDISTRIBUTE dop: 64/1)", "Parent Relationship": "Outer", "Startup Cost": 202522.7, "Total Cost": 334446.0, "Plan Rows": 901342, "Plan Width": 24, "Plans": [{"Node Type": "Hash Join", "Parent Relationship": "Outer", "Join Type": "Inner", "Startup Cost": 202522.7, "Total Cost": 234824.58, "Plan Rows": 901342, "Plan Width": 24, "Inner Unique": true, "Hash Cond": "(an1.person_id = n1.id), (LLVM Optimized)", "Plans": [{"Node Type": "Seq Scan", "Parent Relationship": "Outer", "Relation Name": "aka_name", "Alias": "an1", "Startup Cost": 0.0, "Total Cost": 19908.42, "Plan Rows": 901342, "Plan Width": 20}, {"Node Type": "Hash", "Parent Relationship": "Inner", "Startup Cost": 150429.08, "Total Cost": 150429.08, "Plan Rows": 4167490, "Plan Width": 4, "Plans": [{"Node Type": "Streaming(type: LOCAL GATHER dop: 1/64)", "Parent Relationship": "Outer", "Startup Cost": 0.0, "Total Cost": 150429.08, "Plan Rows": 4167490, "Plan Width": 4, "Plans": [{"Node Type": "Seq Scan", "Parent Relationship": "Outer", "Relation Name": "name", "Alias": "n1", "Startup Cost": 0.0, "Total Cost": 64454.25, "Plan Rows": 4167490, "Plan Width": 4}]}]}]}]}, {"Node Type": "Hash", "Parent Relationship": "Inner", "Startup Cost": 203464.29, "Total Cost": 203464.29, "Plan Rows": 3296318, "Plan Width": 8, "Plans": [{"Node Type": "Streaming(type: LOCAL REDISTRIBUTE dop: 64/64)", "Parent Relationship": "Outer", "Startup Cost": 63002.48, "Total Cost": 203464.29, "Plan Rows": 3296318, "Plan Width": 8, "Plans": [{"Node Type": "Hash Join", "Parent Relationship": "Outer", "Join Type": "Inner", "Startup Cost": 63002.48, "Total Cost": 137341.8, "Plan Rows": 3296318, "Plan Width": 8, "Inner Unique": true, "Hash Cond": "(ci.role_id = rt.id), (LLVM Optimized)", "Plans": [{"Node Type": "Seq Scan", "Parent Relationship": "Outer", "Relation Name": "cast_info", "Alias": "ci", "Startup Cost": 0.0, "Total Cost": 72404.34, "Plan Rows": 36259494, "Plan Width": 12}, {"Node Type": "Hash", "Parent Relationship": "Inner", "Startup Cost": 63002.47, "Total Cost": 63002.47, "Plan Rows": 64, "Plan Width": 4, "Plans": [{"Node Type": "Streaming(type: BROADCAST dop: 64/1)", "Parent Relationship": "Outer", "Startup Cost": 0.0, "Total Cost": 63002.47, "Plan Rows": 64, "Plan Width": 4, "Plans": [{"Node Type": "Seq Scan", "Parent Relationship": "Outer", "Relation Name": "role_type", "Alias": "rt", "Startup Cost": 0.0, "Total Cost": 1.15, "Plan Rows": 1, "Plan Width": 4, "Filter": "((role)::text = 'costume designer'::text)"}]}]}]}]}]}]}]}, {"Node Type": "Hash", "Parent Relationship": "Inner", "Startup Cost": 169365.79, "Total Cost": 169365.79, "Plan Rows": 2609128, "Plan Width": 29, "Plans": [{"Node Type": "Hash Join", "Parent Relationship": "Outer", "Join Type": "Inner", "Startup Cost": 91673.0, "Total Cost": 169365.79, "Plan Rows": 2609128, "Plan Width": 29, "Inner Unique": true, "Hash Cond": "(mc.movie_id = t.id), (LLVM Optimized)", "Plans": [{"Node Type": "Seq Scan", "Parent Relationship": "Outer", "Relation Name": "movie_companies", "Alias": "mc", "Startup Cost": 0.0, "Total Cost": 41817.28, "Plan Rows": 2609128, "Plan Width": 8}, {"Node Type": "Hash", "Parent Relationship": "Inner", "Startup Cost": 60069.11, "Total Cost": 60069.11, "Plan Rows": 2528311, "Plan Width": 21, "Plans": [{"Node Type": "Seq Scan", "Parent Relationship": "Outer", "Relation Name": "title", "Alias": "t", "Startup Cost": 0.0, "Total Cost": 60069.11, "Plan Rows": 2528311, "Plan Width": 21}]}]}]}]}, {"Node Type": "Hash", "Parent Relationship": "Inner", "Startup Cost": 5903.45, "Total Cost": 5903.45, "Plan Rows": 85170, "Plan Width": 4, "Plans": [{"Node Type": "Seq Scan", "Parent Relationship": "Outer", "Relation Name": "company_name", "Alias": "cn", "Startup Cost": 0.0, "Total Cost": 5903.45, "Plan Rows": 85170, "Plan Width": 4, "Filter": "((country_code)::text = '[us]'::text)"}]}]}]}, "Unique SQL Id": 2457761703, "Planner Runtime": 164}, "explain_analyze_plan": {"Plan": {"Node Type": "Aggregate", "Strategy": "Plain", "Startup Cost": 528738.29, "Total Cost": 528738.3, "Plan Rows": 1, "Plan Width": 97, "Actual Min Startup Time": 6856.27, "Actual Max Startup Time": 6856.27, "Actual Min Total Time": 6856.271, "Actual Max Total Time": 6856.271, "Plans": [{"Node Type": "Hash Join", "Parent Relationship": "Outer", "Join Type": "Inner", "Startup Cost": 336662.4, "Total Cost": 526952.8, "Plan Rows": 357098, "Plan Width": 33, "Actual Min Startup Time": 5249.401, "Actual Max Startup Time": 5249.401, "Actual Min Total Time": 6705.964, "Actual Max Total Time": 6705.964, "Inner Unique": true, "Hash Cond": "(mc.company_id = cn.id), (LLVM Optimized, Jit Execute)", "Plans": [{"Node Type": "Hash Join", "Parent Relationship": "Outer", "Join Type": "Inner", "Startup Cost": 329694.33, "Total Cost": 513689.03, "Plan Rows": 726589, "Plan Width": 37, "Actual Min Startup Time": 5130.68, "Actual Max Startup Time": 5130.68, "Actual Min Total Time": 6388.767, "Actual Max Total Time": 6388.767, "Inner Unique": false, "Hash Cond": "(ci.movie_id = t.id), (LLVM Optimized, Jit Execute)", "Plans": [{"Node Type": "Streaming(type: LOCAL GATHER dop: 1/64)", "Parent Relationship": "Outer", "Startup Cost": 254738.78, "Total Cost": 417857.9, "Plan Rows": 1484588, "Plan Width": 20, "Actual Min Startup Time": 0.186, "Actual Max Startup Time": 0.186, "Actual Min Total Time": 983.556, "Actual Max Total Time": 983.556, "Plans": [{"Node Type": "Hash Join", "Parent Relationship": "Outer", "Join Type": "Inner", "Startup Cost": 254738.78, "Total Cost": 387231.02, "Plan Rows": 1484588, "Plan Width": 20, "Actual Min Startup Time": 2904.02, "Actual Max Startup Time": 5001.056, "Actual Min Total Time": 4507.096, "Actual Max Total Time": 6552.353, "Inner Unique": false, "Hash Cond": "(an1.person_id = ci.person_id), (LLVM Optimized, Jit Execute)", "Plans": [{"Node Type": "Streaming(type: LOCAL REDISTRIBUTE dop: 64/1)", "Parent Relationship": "Outer", "Startup Cost": 202522.7, "Total Cost": 334446.0, "Plan Rows": 901342, "Plan Width": 24, "Actual Min Startup Time": 2648.309, "Actual Max Startup Time": 2658.987, "Actual Min Total Time": 4210.018, "Actual Max Total Time": 5937.182, "Plans": [{"Node Type": "Hash Join", "Parent Relationship": "Outer", "Join Type": "Inner", "Startup Cost": 202522.7, "Total Cost": 234824.58, "Plan Rows": 901342, "Plan Width": 24, "Actual Min Startup Time": 2900.815, "Actual Max Startup Time": 2900.815, "Actual Min Total Time": 3642.451, "Actual Max Total Time": 3642.451, "Inner Unique": true, "Hash Cond": "(an1.person_id = n1.id), (LLVM Optimized, Jit Execute)", "Plans": [{"Node Type": "Seq Scan", "Parent Relationship": "Outer", "Relation Name": "aka_name", "Alias": "an1", "Startup Cost": 0.0, "Total Cost": 19908.42, "Plan Rows": 901342, "Plan Width": 20, "Actual Min Startup Time": 0.033, "Actual Max Startup Time": 0.033, "Actual Min Total Time": 226.164, "Actual Max Total Time": 226.164, "Actual Rows": 901342}, {"Node Type": "Hash", "Parent Relationship": "Inner", "Startup Cost": 150429.08, "Total Cost": 150429.08, "Plan Rows": 4167490, "Plan Width": 4, "Actual Min Startup Time": 2898.206, "Actual Max Startup Time": 2898.206, "Actual Min Total Time": 2898.206, "Actual Max Total Time": 2898.206, "Max Hash Buckets": 4194304, "Min Hash Buckets": 4194304, "Max Hash Batches": 1, "Min Hash Batches": 1, "Max Original Hash Batches": 1, "Min Original Hash Batches": 1, "Max Peak Memory Usage": 146514, "min Peak Memory Usage": 146514, "Plans": [{"Node Type": "Streaming(type: LOCAL GATHER dop: 1/64)", "Parent Relationship": "Outer", "Startup Cost": 0.0, "Total Cost": 150429.08, "Plan Rows": 4167490, "Plan Width": 4, "Actual Min Startup Time": 0.152, "Actual Max Startup Time": 0.152, "Actual Min Total Time": 1744.697, "Actual Max Total Time": 1744.697, "Plans": [{"Node Type": "Seq Scan", "Parent Relationship": "Outer", "Relation Name": "name", "Alias": "n1", "Startup Cost": 0.0, "Total Cost": 64454.25, "Plan Rows": 4167490, "Plan Width": 4, "Actual Min Startup Time": 0.018, "Actual Max Startup Time": 0.044, "Actual Min Total Time": 18.96, "Actual Max Total Time": 23.576, "Actual Rows": 4167490}], "Actual Rows": 4167490}], "Actual Rows": 4167490}], "Actual Rows": 901342}], "Actual Rows": 901342}, {"Node Type": "Hash", "Parent Relationship": "Inner", "Startup Cost": 203464.29, "Total Cost": 203464.29, "Plan Rows": 3296318, "Plan Width": 8, "Actual Min Startup Time": 251.014, "Actual Max Startup Time": 617.726, "Actual Min Total Time": 251.014, "Actual Max Total Time": 617.726, "Max Hash Buckets": 65536, "Min Hash Buckets": 65536, "Max Hash Batches": 1, "Min Hash Batches": 1, "Max Original Hash Batches": 1, "Min Original Hash Batches": 1, "Max Peak Memory Usage": 153, "min Peak Memory Usage": 153, "Plans": [{"Node Type": "Streaming(type: LOCAL REDISTRIBUTE dop: 64/64)", "Parent Relationship": "Outer", "Startup Cost": 63002.48, "Total Cost": 203464.29, "Plan Rows": 3296318, "Plan Width": 8, "Actual Min Startup Time": 0.126, "Actual Max Startup Time": 331.621, "Actual Min Total Time": 250.064, "Actual Max Total Time": 616.635, "Plans": [{"Node Type": "Hash Join", "Parent Relationship": "Outer", "Join Type": "Inner", "Startup Cost": 63002.48, "Total Cost": 137341.8, "Plan Rows": 3296318, "Plan Width": 8, "Actual Min Startup Time": 184.436, "Actual Max Startup Time": 286.242, "Actual Min Total Time": 231.359, "Actual Max Total Time": 286.242, "Inner Unique": true, "Hash Cond": "(ci.role_id = rt.id), (LLVM Optimized, Jit Execute)", "Plans": [{"Node Type": "Seq Scan", "Parent Relationship": "Outer", "Relation Name": "cast_info", "Alias": "ci", "Startup Cost": 0.0, "Total Cost": 72404.34, "Plan Rows": 36259494, "Plan Width": 12, "Actual Min Startup Time": 0.027, "Actual Max Startup Time": 0.061, "Actual Min Total Time": 127.977, "Actual Max Total Time": 141.649, "Actual Rows": 36244343}, {"Node Type": "Hash", "Parent Relationship": "Inner", "Startup Cost": 63002.47, "Total Cost": 63002.47, "Plan Rows": 64, "Plan Width": 4, "Actual Min Startup Time": 0.012, "Actual Max Startup Time": 54.189, "Actual Min Total Time": 0.012, "Actual Max Total Time": 54.189, "Max Hash Buckets": 32768, "Min Hash Buckets": 32768, "Max Hash Batches": 1, "Min Hash Batches": 1, "Max Original Hash Batches": 1, "Min Original Hash Batches": 1, "Max Peak Memory Usage": 1, "min Peak Memory Usage": 1, "Plans": [{"Node Type": "Streaming(type: BROADCAST dop: 64/1)", "Parent Relationship": "Outer", "Startup Cost": 0.0, "Total Cost": 63002.47, "Plan Rows": 64, "Plan Width": 4, "Actual Min Startup Time": 0.003, "Actual Max Startup Time": 54.169, "Actual Min Total Time": 0.004, "Actual Max Total Time": 54.17, "Plans": [{"Node Type": "Seq Scan", "Parent Relationship": "Outer", "Relation Name": "role_type", "Alias": "rt", "Startup Cost": 0.0, "Total Cost": 1.15, "Plan Rows": 1, "Plan Width": 4, "Actual Min Startup Time": 0.026, "Actual Max Startup Time": 0.026, "Actual Min Total Time": 0.03, "Actual Max Total Time": 0.03, "Filter": "((role)::text = 'costume designer'::text)", "Rows Removed by Filter": 11, "Actual Rows": 1}], "Actual Rows": 64}], "Actual Rows": 64}], "Actual Rows": 276403}], "Actual Rows": 276403}], "Actual Rows": 276403}], "Actual Rows": 218966}], "Actual Rows": 218966}, {"Node Type": "Hash", "Parent Relationship": "Inner", "Startup Cost": 169365.79, "Total Cost": 169365.79, "Plan Rows": 2609128, "Plan Width": 29, "Actual Min Startup Time": 5122.871, "Actual Max Startup Time": 5122.871, "Actual Min Total Time": 5122.871, "Actual Max Total Time": 5122.871, "Max Hash Buckets": 4194304, "Min Hash Buckets": 4194304, "Max Hash Batches": 1, "Min Hash Batches": 1, "Max Original Hash Batches": 1, "Min Original Hash Batches": 1, "Max Peak Memory Usage": 164769, "min Peak Memory Usage": 164769, "Plans": [{"Node Type": "Hash Join", "Parent Relationship": "Outer", "Join Type": "Inner", "Startup Cost": 91673.0, "Total Cost": 169365.79, "Plan Rows": 2609128, "Plan Width": 29, "Actual Min Startup Time": 1876.312, "Actual Max Startup Time": 1876.312, "Actual Min Total Time": 4112.233, "Actual Max Total Time": 4112.233, "Inner Unique": true, "Hash Cond": "(mc.movie_id = t.id), (LLVM Optimized, Jit Execute)", "Plans": [{"Node Type": "Seq Scan", "Parent Relationship": "Outer", "Relation Name": "movie_companies", "Alias": "mc", "Startup Cost": 0.0, "Total Cost": 41817.28, "Plan Rows": 2609128, "Plan Width": 8, "Actual Min Startup Time": 0.034, "Actual Max Startup Time": 0.034, "Actual Min Total Time": 589.387, "Actual Max Total Time": 589.387, "Actual Rows": 2609128}, {"Node Type": "Hash", "Parent Relationship": "Inner", "Startup Cost": 60069.11, "Total Cost": 60069.11, "Plan Rows": 2528311, "Plan Width": 21, "Actual Min Startup Time": 1873.717, "Actual Max Startup Time": 1873.717, "Actual Min Total Time": 1873.717, "Actual Max Total Time": 1873.717, "Max Hash Buckets": 4194304, "Min Hash Buckets": 4194304, "Max Hash Batches": 1, "Min Hash Batches": 1, "Max Original Hash Batches": 1, "Min Original Hash Batches": 1, "Max Peak Memory Usage": 135869, "min Peak Memory Usage": 135869, "Plans": [{"Node Type": "Seq Scan", "Parent Relationship": "Outer", "Relation Name": "title", "Alias": "t", "Startup Cost": 0.0, "Total Cost": 60069.11, "Plan Rows": 2528311, "Plan Width": 21, "Actual Min Startup Time": 0.031, "Actual Max Startup Time": 0.031, "Actual Min Total Time": 853.163, "Actual Max Total Time": 853.163, "Actual Rows": 2528311}], "Actual Rows": 2528311}], "Actual Rows": 2609128}], "Actual Rows": 2609128}], "Actual Rows": 752819}, {"Node Type": "Hash", "Parent Relationship": "Inner", "Startup Cost": 5903.45, "Total Cost": 5903.45, "Plan Rows": 85170, "Plan Width": 4, "Actual Min Startup Time": 118.572, "Actual Max Startup Time": 118.572, "Actual Min Total Time": 118.572, "Actual Max Total Time": 118.572, "Max Hash Buckets": 131072, "Min Hash Buckets": 131072, "Max Hash Batches": 1, "Min Hash Batches": 1, "Max Original Hash Batches": 1, "Min Original Hash Batches": 1, "Max Peak Memory Usage": 2983, "min Peak Memory Usage": 2983, "Plans": [{"Node Type": "Seq Scan", "Parent Relationship": "Outer", "Relation Name": "company_name", "Alias": "cn", "Startup Cost": 0.0, "Total Cost": 5903.45, "Plan Rows": 85170, "Plan Width": 4, "Actual Min Startup Time": 0.062, "Actual Max Startup Time": 0.062, "Actual Min Total Time": 96.64, "Actual Max Total Time": 96.64, "Filter": "((country_code)::text = '[us]'::text)", "Rows Removed by Filter": 150153, "Actual Rows": 84843}], "Actual Rows": 84843}], "Actual Rows": 323005}], "Actual Rows": 1}, "Triggers": [], "Planner Runtime": 175.338, "Total Runtime": 6911.384, "Unique SQL Id": 2457761703}}, "(64, '35')": {"explain_plan": {"Plan": {"Node Type": "Aggregate", "Strategy": "Plain", "Startup Cost": 1013578.73, "Total Cost": 1013578.74, "Plan Rows": 1, "Plan Width": 97, "Plans": [{"Node Type": "Hash Join", "Parent Relationship": "Outer", "Join Type": "Inner", "Startup Cost": 985285.55, "Total Cost": 1011793.24, "Plan Rows": 357098, "Plan Width": 33, "Inner Unique": false, "Hash Cond": "(an1.person_id = n1.id), (LLVM Optimized)", "Plans": [{"Node Type": "Bitmap Heap Scan", "Parent Relationship": "Outer", "Relation Name": "aka_name", "Alias": "an1", "Startup Cost": 16632.3, "Total Cost": 36540.72, "Plan Rows": 901342, "Plan Width": 20, "Plans": [{"Node Type": "Bitmap Index Scan", "Parent Relationship": "Outer", "Index Name": "person_id_aka_name", "Startup Cost": 0.0, "Total Cost": 16406.96, "Plan Rows": 901342, "Plan Width": 0}]}, {"Node Type": "Hash", "Parent Relationship": "Inner", "Startup Cost": 959772.51, "Total Cost": 959772.51, "Plan Rows": 710459, "Plan Width": 25, "Plans": [{"Node Type": "Hash Join", "Parent Relationship": "Outer", "Join Type": "Inner", "Startup Cost": 607483.06, "Total Cost": 959772.51, "Plan Rows": 710459, "Plan Width": 25, "Inner Unique": true, "Hash Cond": "(ci.person_id = n1.id), (LLVM Optimized)", "Plans": [{"Node Type": "Hash Join", "Parent Relationship": "Outer", "Join Type": "Inner", "Startup Cost": 378117.96, "Total Cost": 720638.61, "Plan Rows": 710459, "Plan Width": 21, "Inner Unique": false, "Hash Cond": "(ci.movie_id = t.id), (LLVM Optimized)", "Plans": [{"Node Type": "Nested Loop", "Parent Relationship": "Outer", "Join Type": "Inner", "Startup Cost": 76315.02, "Total Cost": 389769.33, "Plan Rows": 3296318, "Plan Width": 8, "Inner Unique": false, "Plans": [{"Node Type": "Bitmap Heap Scan", "Parent Relationship": "Outer", "Relation Name": "role_type", "Alias": "rt", "Startup Cost": 8.31, "Total Cost": 12.46, "Plan Rows": 1, "Plan Width": 4, "Filter": "((role)::text = 'costume designer'::text)", "Plans": [{"Node Type": "Bitmap Index Scan", "Parent Relationship": "Outer", "Index Name": "role_type_pkey", "Startup Cost": 0.0, "Total Cost": 8.31, "Plan Rows": 12, "Plan Width": 0}]}, {"Node Type": "Bitmap Heap Scan", "Parent Relationship": "Inner", "Relation Name": "cast_info", "Alias": "ci", "Startup Cost": 76306.71, "Total Cost": 356793.69, "Plan Rows": 3296318, "Plan Width": 12, "Recheck Cond": "(role_id = rt.id), (LLVM Optimized)", "Plans": [{"Node Type": "Bitmap Index Scan", "Parent Relationship": "Outer", "Index Name": "role_id_cast_info", "Startup Cost": 0.0, "Total Cost": 75482.63, "Plan Rows": 3296318, "Plan Width": 0, "Index Cond": "(role_id = rt.id)"}]}]}, {"Node Type": "Hash", "Parent Relationship": "Inner", "Startup Cost": 285774.05, "Total Cost": 285774.05, "Plan Rows": 1282311, "Plan Width": 25, "Plans": [{"Node Type": "Hash Join", "Parent Relationship": "Outer", "Join Type": "Inner", "Startup Cost": 203717.65, "Total Cost": 285774.05, "Plan Rows": 1282311, "Plan Width": 25, "Inner Unique": true, "Hash Cond": "(mc.movie_id = t.id), (LLVM Optimized)", "Plans": [{"Node Type": "Hash Join", "Parent Relationship": "Outer", "Join Type": "Inner", "Startup Cost": 61758.77, "Total Cost": 126183.39, "Plan Rows": 1282311, "Plan Width": 4, "Inner Unique": true, "Hash Cond": "(mc.company_id = cn.id), (LLVM Optimized)", "Plans": [{"Node Type": "Bitmap Heap Scan", "Parent Relationship": "Outer", "Relation Name": "movie_companies", "Alias": "mc", "Startup Cost": 51990.17, "Total Cost": 93807.45, "Plan Rows": 2609128, "Plan Width": 8, "Plans": [{"Node Type": "Bitmap Index Scan", "Parent Relationship": "Outer", "Index Name": "movie_id_movie_companies", "Startup Cost": 0.0, "Total Cost": 51337.89, "Plan Rows": 2609128, "Plan Width": 0}]}, {"Node Type": "Hash", "Parent Relationship": "Inner", "Startup Cost": 8703.97, "Total Cost": 8703.97, "Plan Rows": 85170, "Plan Width": 4, "Plans": [{"Node Type": "Bitmap Heap Scan", "Parent Relationship": "Outer", "Relation Name": "company_name", "Alias": "cn", "Startup Cost": 2800.52, "Total Cost": 8703.97, "Plan Rows": 85170, "Plan Width": 4, "Filter": "((country_code)::text = '[us]'::text)", "Plans": [{"Node Type": "Bitmap Index Scan", "Parent Relationship": "Outer", "Index Name": "company_name_pkey", "Startup Cost": 0.0, "Total Cost": 2779.23, "Plan Rows": 234996, "Plan Width": 0}]}]}]}, {"Node Type": "Hash", "Parent Relationship": "Inner", "Startup Cost": 110354.99, "Total Cost": 110354.99, "Plan Rows": 2528311, "Plan Width": 21, "Plans": [{"Node Type": "Bitmap Heap Scan", "Parent Relationship": "Outer", "Relation Name": "title", "Alias": "t", "Startup Cost": 50285.88, "Total Cost": 110354.99, "Plan Rows": 2528311, "Plan Width": 21, "Plans": [{"Node Type": "Bitmap Index Scan", "Parent Relationship": "Outer", "Index Name": "title_pkey", "Startup Cost": 0.0, "Total Cost": 49653.81, "Plan Rows": 2528311, "Plan Width": 0}]}]}]}]}]}, {"Node Type": "Hash", "Parent Relationship": "Inner", "Startup Cost": 177271.47, "Total Cost": 177271.47, "Plan Rows": 4167490, "Plan Width": 4, "Plans": [{"Node Type": "Bitmap Heap Scan", "Parent Relationship": "Outer", "Relation Name": "name", "Alias": "n1", "Startup Cost": 84199.57, "Total Cost": 177271.47, "Plan Rows": 4167490, "Plan Width": 4, "Plans": [{"Node Type": "Bitmap Index Scan", "Parent Relationship": "Outer", "Index Name": "name_pkey", "Startup Cost": 0.0, "Total Cost": 83157.7, "Plan Rows": 4167490, "Plan Width": 0}]}]}]}]}]}]}, "Unique SQL Id": 2457761703, "Planner Runtime": 50}, "explain_analyze_plan": {"Plan": {"Node Type": "Aggregate", "Strategy": "Plain", "Startup Cost": 1013578.73, "Total Cost": 1013578.74, "Plan Rows": 1, "Plan Width": 97, "Actual Startup Time": 11264.918, "Actual Total Time": 11264.918, "Actual Rows": 1, "Actual Loops": 1, "Plans": [{"Node Type": "Hash Join", "Parent Relationship": "Outer", "Join Type": "Inner", "Startup Cost": 985285.55, "Total Cost": 1011793.24, "Plan Rows": 357098, "Plan Width": 33, "Actual Startup Time": 10449.451, "Actual Total Time": 11120.29, "Actual Rows": 323005, "Actual Loops": 1, "Inner Unique": false, "Hash Cond": "(an1.person_id = n1.id), (LLVM Optimized, Jit Execute)", "Plans": [{"Node Type": "Bitmap Heap Scan", "Parent Relationship": "Outer", "Relation Name": "aka_name", "Alias": "an1", "Startup Cost": 16632.3, "Total Cost": 36540.72, "Plan Rows": 901342, "Plan Width": 20, "Actual Startup Time": 86.655, "Actual Total Time": 456.24, "Actual Rows": 901342, "Actual Loops": 1, "Exact Heap Blocks": 10895, "Lossy Heap Blocks": 10895, "Plans": [{"Node Type": "Bitmap Index Scan", "Parent Relationship": "Outer", "Index Name": "person_id_aka_name", "Startup Cost": 0.0, "Total Cost": 16406.96, "Plan Rows": 901342, "Plan Width": 0, "Actual Startup Time": 84.727, "Actual Total Time": 84.727, "Actual Rows": 901342, "Actual Loops": 1}]}, {"Node Type": "Hash", "Parent Relationship": "Inner", "Startup Cost": 959772.51, "Total Cost": 959772.51, "Plan Rows": 710459, "Plan Width": 25, "Actual Startup Time": 10352.095, "Actual Total Time": 10352.095, "Actual Rows": 285537, "Actual Loops": 1, "Hash Buckets": 1048576, "Hash Batches": 1, "Original Hash Batches": 1, "Peak Memory Usage": 15952, "Plans": [{"Node Type": "Hash Join", "Parent Relationship": "Outer", "Join Type": "Inner", "Startup Cost": 607483.06, "Total Cost": 959772.51, "Plan Rows": 710459, "Plan Width": 25, "Actual Startup Time": 9843.537, "Actual Total Time": 10265.582, "Actual Rows": 285537, "Actual Loops": 1, "Inner Unique": true, "Hash Cond": "(ci.person_id = n1.id), (LLVM Optimized, Jit Execute)", "Plans": [{"Node Type": "Hash Join", "Parent Relationship": "Outer", "Join Type": "Inner", "Startup Cost": 378117.96, "Total Cost": 720638.61, "Plan Rows": 710459, "Plan Width": 21, "Actual Startup Time": 5910.918, "Actual Total Time": 6214.846, "Actual Rows": 285537, "Actual Loops": 1, "Inner Unique": false, "Hash Cond": "(ci.movie_id = t.id), (LLVM Optimized, Jit Execute)", "Plans": [{"Node Type": "Nested Loop", "Parent Relationship": "Outer", "Join Type": "Inner", "Startup Cost": 76315.02, "Total Cost": 389769.33, "Plan Rows": 3296318, "Plan Width": 8, "Actual Startup Time": 31.082, "Actual Total Time": 165.745, "Actual Rows": 276403, "Actual Loops": 1, "Inner Unique": false, "Plans": [{"Node Type": "Bitmap Heap Scan", "Parent Relationship": "Outer", "Relation Name": "role_type", "Alias": "rt", "Startup Cost": 8.31, "Total Cost": 12.46, "Plan Rows": 1, "Plan Width": 4, "Actual Startup Time": 0.193, "Actual Total Time": 0.203, "Actual Rows": 1, "Actual Loops": 1, "Filter": "((role)::text = 'costume designer'::text)", "Rows Removed by Filter": 11, "Exact Heap Blocks": 1, "Lossy Heap Blocks": 1, "Plans": [{"Node Type": "Bitmap Index Scan", "Parent Relationship": "Outer", "Index Name": "role_type_pkey", "Startup Cost": 0.0, "Total Cost": 8.31, "Plan Rows": 12, "Plan Width": 0, "Actual Startup Time": 0.039, "Actual Total Time": 0.039, "Actual Rows": 12, "Actual Loops": 1}]}, {"Node Type": "Bitmap Heap Scan", "Parent Relationship": "Inner", "Relation Name": "cast_info", "Alias": "ci", "Startup Cost": 76306.71, "Total Cost": 356793.69, "Plan Rows": 3296318, "Plan Width": 12, "Actual Startup Time": 30.799, "Actual Total Time": 115.725, "Actual Rows": 276403, "Actual Loops": 1, "Recheck Cond": "(role_id = rt.id), (LLVM Optimized, Jit Execute)", "Rows Removed by Index Recheck": 0, "Exact Heap Blocks": 1654, "Lossy Heap Blocks": 1654, "Plans": [{"Node Type": "Bitmap Index Scan", "Parent Relationship": "Outer", "Index Name": "role_id_cast_info", "Startup Cost": 0.0, "Total Cost": 75482.63, "Plan Rows": 3296318, "Plan Width": 0, "Actual Startup Time": 30.445, "Actual Total Time": 30.445, "Actual Rows": 276403, "Actual Loops": 1, "Index Cond": "(role_id = rt.id)"}]}]}, {"Node Type": "Hash", "Parent Relationship": "Inner", "Startup Cost": 285774.05, "Total Cost": 285774.05, "Plan Rows": 1282311, "Plan Width": 25, "Actual Startup Time": 5872.757, "Actual Total Time": 5872.757, "Actual Rows": 1153797, "Actual Loops": 1, "Hash Buckets": 2097152, "Hash Batches": 1, "Original Hash Batches": 1, "Peak Memory Usage": 68508, "Plans": [{"Node Type": "Hash Join", "Parent Relationship": "Outer", "Join Type": "Inner", "Startup Cost": 203717.65, "Total Cost": 285774.05, "Plan Rows": 1282311, "Plan Width": 25, "Actual Startup Time": 2870.037, "Actual Total Time": 5345.899, "Actual Rows": 1153797, "Actual Loops": 1, "Inner Unique": true, "Hash Cond": "(mc.movie_id = t.id), (LLVM Optimized, Jit Execute)", "Plans": [{"Node Type": "Hash Join", "Parent Relationship": "Outer", "Join Type": "Inner", "Startup Cost": 61758.77, "Total Cost": 126183.39, "Plan Rows": 1282311, "Plan Width": 4, "Actual Startup Time": 407.486, "Actual Total Time": 2061.138, "Actual Rows": 1153797, "Actual Loops": 1, "Inner Unique": true, "Hash Cond": "(mc.company_id = cn.id), (LLVM Optimized, Jit Execute)", "Plans": [{"Node Type": "Bitmap Heap Scan", "Parent Relationship": "Outer", "Relation Name": "movie_companies", "Alias": "mc", "Startup Cost": 51990.17, "Total Cost": 93807.45, "Plan Rows": 2609128, "Plan Width": 8, "Actual Startup Time": 218.976, "Actual Total Time": 1032.887, "Actual Rows": 2609128, "Actual Loops": 1, "Exact Heap Blocks": 15726, "Lossy Heap Blocks": 15726, "Plans": [{"Node Type": "Bitmap Index Scan", "Parent Relationship": "Outer", "Index Name": "movie_id_movie_companies", "Startup Cost": 0.0, "Total Cost": 51337.89, "Plan Rows": 2609128, "Plan Width": 0, "Actual Startup Time": 215.319, "Actual Total Time": 215.319, "Actual Rows": 2609128, "Actual Loops": 1}]}, {"Node Type": "Hash", "Parent Relationship": "Inner", "Startup Cost": 8703.97, "Total Cost": 8703.97, "Plan Rows": 85170, "Plan Width": 4, "Actual Startup Time": 188.354, "Actual Total Time": 188.354, "Actual Rows": 84843, "Actual Loops": 1, "Hash Buckets": 131072, "Hash Batches": 1, "Original Hash Batches": 1, "Peak Memory Usage": 2983, "Plans": [{"Node Type": "Bitmap Heap Scan", "Parent Relationship": "Outer", "Relation Name": "company_name", "Alias": "cn", "Startup Cost": 2800.52, "Total Cost": 8703.97, "Plan Rows": 85170, "Plan Width": 4, "Actual Startup Time": 23.217, "Actual Total Time": 166.474, "Actual Rows": 84843, "Actual Loops": 1, "Filter": "((country_code)::text = '[us]'::text)", "Rows Removed by Filter": 150153, "Exact Heap Blocks": 2966, "Lossy Heap Blocks": 2966, "Plans": [{"Node Type": "Bitmap Index Scan", "Parent Relationship": "Outer", "Index Name": "company_name_pkey", "Startup Cost": 0.0, "Total Cost": 2779.23, "Plan Rows": 234996, "Plan Width": 0, "Actual Startup Time": 22.756, "Actual Total Time": 22.756, "Actual Rows": 234996, "Actual Loops": 1}]}]}]}, {"Node Type": "Hash", "Parent Relationship": "Inner", "Startup Cost": 110354.99, "Total Cost": 110354.99, "Plan Rows": 2528311, "Plan Width": 21, "Actual Startup Time": 2460.02, "Actual Total Time": 2460.02, "Actual Rows": 2528311, "Actual Loops": 1, "Hash Buckets": 4194304, "Hash Batches": 1, "Original Hash Batches": 1, "Peak Memory Usage": 135869, "Plans": [{"Node Type": "Bitmap Heap Scan", "Parent Relationship": "Outer", "Relation Name": "title", "Alias": "t", "Startup Cost": 50285.88, "Total Cost": 110354.99, "Plan Rows": 2528311, "Plan Width": 21, "Actual Startup Time": 309.032, "Actual Total Time": 1577.676, "Actual Rows": 2528311, "Actual Loops": 1, "Exact Heap Blocks": 34786, "Lossy Heap Blocks": 34786, "Plans": [{"Node Type": "Bitmap Index Scan", "Parent Relationship": "Outer", "Index Name": "title_pkey", "Startup Cost": 0.0, "Total Cost": 49653.81, "Plan Rows": 2528311, "Plan Width": 0, "Actual Startup Time": 301.267, "Actual Total Time": 301.267, "Actual Rows": 2528311, "Actual Loops": 1}]}]}]}]}]}, {"Node Type": "Hash", "Parent Relationship": "Inner", "Startup Cost": 177271.47, "Total Cost": 177271.47, "Plan Rows": 4167490, "Plan Width": 4, "Actual Startup Time": 3930.097, "Actual Total Time": 3930.097, "Actual Rows": 4167490, "Actual Loops": 1, "Hash Buckets": 4194304, "Hash Batches": 1, "Original Hash Batches": 1, "Peak Memory Usage": 146514, "Plans": [{"Node Type": "Bitmap Heap Scan", "Parent Relationship": "Outer", "Relation Name": "name", "Alias": "n1", "Startup Cost": 84199.57, "Total Cost": 177271.47, "Plan Rows": 4167490, "Plan Width": 4, "Actual Startup Time": 388.385, "Actual Total Time": 2366.077, "Actual Rows": 4167490, "Actual Loops": 1, "Exact Heap Blocks": 51397, "Lossy Heap Blocks": 51397, "Plans": [{"Node Type": "Bitmap Index Scan", "Parent Relationship": "Outer", "Index Name": "name_pkey", "Startup Cost": 0.0, "Total Cost": 83157.7, "Plan Rows": 4167490, "Plan Width": 0, "Actual Startup Time": 376.574, "Actual Total Time": 376.574, "Actual Rows": 4167490, "Actual Loops": 1}]}]}]}]}]}]}, "Triggers": [], "Planner Runtime": 72.542, "Total Runtime": 11277.09, "Unique SQL Id": 2457761703}}, "(64, '36')": {"explain_plan": {"Plan": {"Node Type": "Aggregate", "Strategy": "Plain", "Startup Cost": 528738.29, "Total Cost": 528738.3, "Plan Rows": 1, "Plan Width": 97, "Plans": [{"Node Type": "Hash Join", "Parent Relationship": "Outer", "Join Type": "Inner", "Startup Cost": 336662.4, "Total Cost": 526952.8, "Plan Rows": 357098, "Plan Width": 33, "Inner Unique": true, "Hash Cond": "(mc.company_id = cn.id), (LLVM Optimized)", "Plans": [{"Node Type": "Hash Join", "Parent Relationship": "Outer", "Join Type": "Inner", "Startup Cost": 329694.33, "Total Cost": 513689.03, "Plan Rows": 726589, "Plan Width": 37, "Inner Unique": false, "Hash Cond": "(ci.movie_id = t.id), (LLVM Optimized)", "Plans": [{"Node Type": "Streaming(type: LOCAL GATHER dop: 1/64)", "Parent Relationship": "Outer", "Startup Cost": 254738.78, "Total Cost": 417857.9, "Plan Rows": 1484588, "Plan Width": 20, "Plans": [{"Node Type": "Hash Join", "Parent Relationship": "Outer", "Join Type": "Inner", "Startup Cost": 254738.78, "Total Cost": 387231.02, "Plan Rows": 1484588, "Plan Width": 20, "Inner Unique": false, "Hash Cond": "(an1.person_id = ci.person_id), (LLVM Optimized)", "Plans": [{"Node Type": "Streaming(type: LOCAL REDISTRIBUTE dop: 64/1)", "Parent Relationship": "Outer", "Startup Cost": 202522.7, "Total Cost": 334446.0, "Plan Rows": 901342, "Plan Width": 24, "Plans": [{"Node Type": "Hash Join", "Parent Relationship": "Outer", "Join Type": "Inner", "Startup Cost": 202522.7, "Total Cost": 234824.58, "Plan Rows": 901342, "Plan Width": 24, "Inner Unique": true, "Hash Cond": "(an1.person_id = n1.id), (LLVM Optimized)", "Plans": [{"Node Type": "Seq Scan", "Parent Relationship": "Outer", "Relation Name": "aka_name", "Alias": "an1", "Startup Cost": 0.0, "Total Cost": 19908.42, "Plan Rows": 901342, "Plan Width": 20}, {"Node Type": "Hash", "Parent Relationship": "Inner", "Startup Cost": 150429.08, "Total Cost": 150429.08, "Plan Rows": 4167490, "Plan Width": 4, "Plans": [{"Node Type": "Streaming(type: LOCAL GATHER dop: 1/64)", "Parent Relationship": "Outer", "Startup Cost": 0.0, "Total Cost": 150429.08, "Plan Rows": 4167490, "Plan Width": 4, "Plans": [{"Node Type": "Seq Scan", "Parent Relationship": "Outer", "Relation Name": "name", "Alias": "n1", "Startup Cost": 0.0, "Total Cost": 64454.25, "Plan Rows": 4167490, "Plan Width": 4}]}]}]}]}, {"Node Type": "Hash", "Parent Relationship": "Inner", "Startup Cost": 203464.29, "Total Cost": 203464.29, "Plan Rows": 3296318, "Plan Width": 8, "Plans": [{"Node Type": "Streaming(type: LOCAL REDISTRIBUTE dop: 64/64)", "Parent Relationship": "Outer", "Startup Cost": 63002.48, "Total Cost": 203464.29, "Plan Rows": 3296318, "Plan Width": 8, "Plans": [{"Node Type": "Hash Join", "Parent Relationship": "Outer", "Join Type": "Inner", "Startup Cost": 63002.48, "Total Cost": 137341.8, "Plan Rows": 3296318, "Plan Width": 8, "Inner Unique": true, "Hash Cond": "(ci.role_id = rt.id), (LLVM Optimized)", "Plans": [{"Node Type": "Seq Scan", "Parent Relationship": "Outer", "Relation Name": "cast_info", "Alias": "ci", "Startup Cost": 0.0, "Total Cost": 72404.34, "Plan Rows": 36259494, "Plan Width": 12}, {"Node Type": "Hash", "Parent Relationship": "Inner", "Startup Cost": 63002.47, "Total Cost": 63002.47, "Plan Rows": 64, "Plan Width": 4, "Plans": [{"Node Type": "Streaming(type: BROADCAST dop: 64/1)", "Parent Relationship": "Outer", "Startup Cost": 0.0, "Total Cost": 63002.47, "Plan Rows": 64, "Plan Width": 4, "Plans": [{"Node Type": "Seq Scan", "Parent Relationship": "Outer", "Relation Name": "role_type", "Alias": "rt", "Startup Cost": 0.0, "Total Cost": 1.15, "Plan Rows": 1, "Plan Width": 4, "Filter": "((role)::text = 'costume designer'::text)"}]}]}]}]}]}]}]}, {"Node Type": "Hash", "Parent Relationship": "Inner", "Startup Cost": 169365.79, "Total Cost": 169365.79, "Plan Rows": 2609128, "Plan Width": 29, "Plans": [{"Node Type": "Hash Join", "Parent Relationship": "Outer", "Join Type": "Inner", "Startup Cost": 91673.0, "Total Cost": 169365.79, "Plan Rows": 2609128, "Plan Width": 29, "Inner Unique": true, "Hash Cond": "(mc.movie_id = t.id), (LLVM Optimized)", "Plans": [{"Node Type": "Seq Scan", "Parent Relationship": "Outer", "Relation Name": "movie_companies", "Alias": "mc", "Startup Cost": 0.0, "Total Cost": 41817.28, "Plan Rows": 2609128, "Plan Width": 8}, {"Node Type": "Hash", "Parent Relationship": "Inner", "Startup Cost": 60069.11, "Total Cost": 60069.11, "Plan Rows": 2528311, "Plan Width": 21, "Plans": [{"Node Type": "Seq Scan", "Parent Relationship": "Outer", "Relation Name": "title", "Alias": "t", "Startup Cost": 0.0, "Total Cost": 60069.11, "Plan Rows": 2528311, "Plan Width": 21}]}]}]}]}, {"Node Type": "Hash", "Parent Relationship": "Inner", "Startup Cost": 5903.45, "Total Cost": 5903.45, "Plan Rows": 85170, "Plan Width": 4, "Plans": [{"Node Type": "Seq Scan", "Parent Relationship": "Outer", "Relation Name": "company_name", "Alias": "cn", "Startup Cost": 0.0, "Total Cost": 5903.45, "Plan Rows": 85170, "Plan Width": 4, "Filter": "((country_code)::text = '[us]'::text)"}]}]}]}, "Unique SQL Id": 2457761703, "Planner Runtime": 166}, "explain_analyze_plan": {"Plan": {"Node Type": "Aggregate", "Strategy": "Plain", "Startup Cost": 528738.29, "Total Cost": 528738.3, "Plan Rows": 1, "Plan Width": 97, "Actual Min Startup Time": 6856.27, "Actual Max Startup Time": 6856.27, "Actual Min Total Time": 6856.271, "Actual Max Total Time": 6856.271, "Plans": [{"Node Type": "Hash Join", "Parent Relationship": "Outer", "Join Type": "Inner", "Startup Cost": 336662.4, "Total Cost": 526952.8, "Plan Rows": 357098, "Plan Width": 33, "Actual Min Startup Time": 5249.401, "Actual Max Startup Time": 5249.401, "Actual Min Total Time": 6705.964, "Actual Max Total Time": 6705.964, "Inner Unique": true, "Hash Cond": "(mc.company_id = cn.id), (LLVM Optimized, Jit Execute)", "Plans": [{"Node Type": "Hash Join", "Parent Relationship": "Outer", "Join Type": "Inner", "Startup Cost": 329694.33, "Total Cost": 513689.03, "Plan Rows": 726589, "Plan Width": 37, "Actual Min Startup Time": 5130.68, "Actual Max Startup Time": 5130.68, "Actual Min Total Time": 6388.767, "Actual Max Total Time": 6388.767, "Inner Unique": false, "Hash Cond": "(ci.movie_id = t.id), (LLVM Optimized, Jit Execute)", "Plans": [{"Node Type": "Streaming(type: LOCAL GATHER dop: 1/64)", "Parent Relationship": "Outer", "Startup Cost": 254738.78, "Total Cost": 417857.9, "Plan Rows": 1484588, "Plan Width": 20, "Actual Min Startup Time": 0.186, "Actual Max Startup Time": 0.186, "Actual Min Total Time": 983.556, "Actual Max Total Time": 983.556, "Plans": [{"Node Type": "Hash Join", "Parent Relationship": "Outer", "Join Type": "Inner", "Startup Cost": 254738.78, "Total Cost": 387231.02, "Plan Rows": 1484588, "Plan Width": 20, "Actual Min Startup Time": 2904.02, "Actual Max Startup Time": 5001.056, "Actual Min Total Time": 4507.096, "Actual Max Total Time": 6552.353, "Inner Unique": false, "Hash Cond": "(an1.person_id = ci.person_id), (LLVM Optimized, Jit Execute)", "Plans": [{"Node Type": "Streaming(type: LOCAL REDISTRIBUTE dop: 64/1)", "Parent Relationship": "Outer", "Startup Cost": 202522.7, "Total Cost": 334446.0, "Plan Rows": 901342, "Plan Width": 24, "Actual Min Startup Time": 2648.309, "Actual Max Startup Time": 2658.987, "Actual Min Total Time": 4210.018, "Actual Max Total Time": 5937.182, "Plans": [{"Node Type": "Hash Join", "Parent Relationship": "Outer", "Join Type": "Inner", "Startup Cost": 202522.7, "Total Cost": 234824.58, "Plan Rows": 901342, "Plan Width": 24, "Actual Min Startup Time": 2900.815, "Actual Max Startup Time": 2900.815, "Actual Min Total Time": 3642.451, "Actual Max Total Time": 3642.451, "Inner Unique": true, "Hash Cond": "(an1.person_id = n1.id), (LLVM Optimized, Jit Execute)", "Plans": [{"Node Type": "Seq Scan", "Parent Relationship": "Outer", "Relation Name": "aka_name", "Alias": "an1", "Startup Cost": 0.0, "Total Cost": 19908.42, "Plan Rows": 901342, "Plan Width": 20, "Actual Min Startup Time": 0.033, "Actual Max Startup Time": 0.033, "Actual Min Total Time": 226.164, "Actual Max Total Time": 226.164, "Actual Rows": 901342}, {"Node Type": "Hash", "Parent Relationship": "Inner", "Startup Cost": 150429.08, "Total Cost": 150429.08, "Plan Rows": 4167490, "Plan Width": 4, "Actual Min Startup Time": 2898.206, "Actual Max Startup Time": 2898.206, "Actual Min Total Time": 2898.206, "Actual Max Total Time": 2898.206, "Max Hash Buckets": 4194304, "Min Hash Buckets": 4194304, "Max Hash Batches": 1, "Min Hash Batches": 1, "Max Original Hash Batches": 1, "Min Original Hash Batches": 1, "Max Peak Memory Usage": 146514, "min Peak Memory Usage": 146514, "Plans": [{"Node Type": "Streaming(type: LOCAL GATHER dop: 1/64)", "Parent Relationship": "Outer", "Startup Cost": 0.0, "Total Cost": 150429.08, "Plan Rows": 4167490, "Plan Width": 4, "Actual Min Startup Time": 0.152, "Actual Max Startup Time": 0.152, "Actual Min Total Time": 1744.697, "Actual Max Total Time": 1744.697, "Plans": [{"Node Type": "Seq Scan", "Parent Relationship": "Outer", "Relation Name": "name", "Alias": "n1", "Startup Cost": 0.0, "Total Cost": 64454.25, "Plan Rows": 4167490, "Plan Width": 4, "Actual Min Startup Time": 0.018, "Actual Max Startup Time": 0.044, "Actual Min Total Time": 18.96, "Actual Max Total Time": 23.576, "Actual Rows": 4167490}], "Actual Rows": 4167490}], "Actual Rows": 4167490}], "Actual Rows": 901342}], "Actual Rows": 901342}, {"Node Type": "Hash", "Parent Relationship": "Inner", "Startup Cost": 203464.29, "Total Cost": 203464.29, "Plan Rows": 3296318, "Plan Width": 8, "Actual Min Startup Time": 251.014, "Actual Max Startup Time": 617.726, "Actual Min Total Time": 251.014, "Actual Max Total Time": 617.726, "Max Hash Buckets": 65536, "Min Hash Buckets": 65536, "Max Hash Batches": 1, "Min Hash Batches": 1, "Max Original Hash Batches": 1, "Min Original Hash Batches": 1, "Max Peak Memory Usage": 153, "min Peak Memory Usage": 153, "Plans": [{"Node Type": "Streaming(type: LOCAL REDISTRIBUTE dop: 64/64)", "Parent Relationship": "Outer", "Startup Cost": 63002.48, "Total Cost": 203464.29, "Plan Rows": 3296318, "Plan Width": 8, "Actual Min Startup Time": 0.126, "Actual Max Startup Time": 331.621, "Actual Min Total Time": 250.064, "Actual Max Total Time": 616.635, "Plans": [{"Node Type": "Hash Join", "Parent Relationship": "Outer", "Join Type": "Inner", "Startup Cost": 63002.48, "Total Cost": 137341.8, "Plan Rows": 3296318, "Plan Width": 8, "Actual Min Startup Time": 184.436, "Actual Max Startup Time": 286.242, "Actual Min Total Time": 231.359, "Actual Max Total Time": 286.242, "Inner Unique": true, "Hash Cond": "(ci.role_id = rt.id), (LLVM Optimized, Jit Execute)", "Plans": [{"Node Type": "Seq Scan", "Parent Relationship": "Outer", "Relation Name": "cast_info", "Alias": "ci", "Startup Cost": 0.0, "Total Cost": 72404.34, "Plan Rows": 36259494, "Plan Width": 12, "Actual Min Startup Time": 0.027, "Actual Max Startup Time": 0.061, "Actual Min Total Time": 127.977, "Actual Max Total Time": 141.649, "Actual Rows": 36244343}, {"Node Type": "Hash", "Parent Relationship": "Inner", "Startup Cost": 63002.47, "Total Cost": 63002.47, "Plan Rows": 64, "Plan Width": 4, "Actual Min Startup Time": 0.012, "Actual Max Startup Time": 54.189, "Actual Min Total Time": 0.012, "Actual Max Total Time": 54.189, "Max Hash Buckets": 32768, "Min Hash Buckets": 32768, "Max Hash Batches": 1, "Min Hash Batches": 1, "Max Original Hash Batches": 1, "Min Original Hash Batches": 1, "Max Peak Memory Usage": 1, "min Peak Memory Usage": 1, "Plans": [{"Node Type": "Streaming(type: BROADCAST dop: 64/1)", "Parent Relationship": "Outer", "Startup Cost": 0.0, "Total Cost": 63002.47, "Plan Rows": 64, "Plan Width": 4, "Actual Min Startup Time": 0.003, "Actual Max Startup Time": 54.169, "Actual Min Total Time": 0.004, "Actual Max Total Time": 54.17, "Plans": [{"Node Type": "Seq Scan", "Parent Relationship": "Outer", "Relation Name": "role_type", "Alias": "rt", "Startup Cost": 0.0, "Total Cost": 1.15, "Plan Rows": 1, "Plan Width": 4, "Actual Min Startup Time": 0.026, "Actual Max Startup Time": 0.026, "Actual Min Total Time": 0.03, "Actual Max Total Time": 0.03, "Filter": "((role)::text = 'costume designer'::text)", "Rows Removed by Filter": 11, "Actual Rows": 1}], "Actual Rows": 64}], "Actual Rows": 64}], "Actual Rows": 276403}], "Actual Rows": 276403}], "Actual Rows": 276403}], "Actual Rows": 218966}], "Actual Rows": 218966}, {"Node Type": "Hash", "Parent Relationship": "Inner", "Startup Cost": 169365.79, "Total Cost": 169365.79, "Plan Rows": 2609128, "Plan Width": 29, "Actual Min Startup Time": 5122.871, "Actual Max Startup Time": 5122.871, "Actual Min Total Time": 5122.871, "Actual Max Total Time": 5122.871, "Max Hash Buckets": 4194304, "Min Hash Buckets": 4194304, "Max Hash Batches": 1, "Min Hash Batches": 1, "Max Original Hash Batches": 1, "Min Original Hash Batches": 1, "Max Peak Memory Usage": 164769, "min Peak Memory Usage": 164769, "Plans": [{"Node Type": "Hash Join", "Parent Relationship": "Outer", "Join Type": "Inner", "Startup Cost": 91673.0, "Total Cost": 169365.79, "Plan Rows": 2609128, "Plan Width": 29, "Actual Min Startup Time": 1876.312, "Actual Max Startup Time": 1876.312, "Actual Min Total Time": 4112.233, "Actual Max Total Time": 4112.233, "Inner Unique": true, "Hash Cond": "(mc.movie_id = t.id), (LLVM Optimized, Jit Execute)", "Plans": [{"Node Type": "Seq Scan", "Parent Relationship": "Outer", "Relation Name": "movie_companies", "Alias": "mc", "Startup Cost": 0.0, "Total Cost": 41817.28, "Plan Rows": 2609128, "Plan Width": 8, "Actual Min Startup Time": 0.034, "Actual Max Startup Time": 0.034, "Actual Min Total Time": 589.387, "Actual Max Total Time": 589.387, "Actual Rows": 2609128}, {"Node Type": "Hash", "Parent Relationship": "Inner", "Startup Cost": 60069.11, "Total Cost": 60069.11, "Plan Rows": 2528311, "Plan Width": 21, "Actual Min Startup Time": 1873.717, "Actual Max Startup Time": 1873.717, "Actual Min Total Time": 1873.717, "Actual Max Total Time": 1873.717, "Max Hash Buckets": 4194304, "Min Hash Buckets": 4194304, "Max Hash Batches": 1, "Min Hash Batches": 1, "Max Original Hash Batches": 1, "Min Original Hash Batches": 1, "Max Peak Memory Usage": 135869, "min Peak Memory Usage": 135869, "Plans": [{"Node Type": "Seq Scan", "Parent Relationship": "Outer", "Relation Name": "title", "Alias": "t", "Startup Cost": 0.0, "Total Cost": 60069.11, "Plan Rows": 2528311, "Plan Width": 21, "Actual Min Startup Time": 0.031, "Actual Max Startup Time": 0.031, "Actual Min Total Time": 853.163, "Actual Max Total Time": 853.163, "Actual Rows": 2528311}], "Actual Rows": 2528311}], "Actual Rows": 2609128}], "Actual Rows": 2609128}], "Actual Rows": 752819}, {"Node Type": "Hash", "Parent Relationship": "Inner", "Startup Cost": 5903.45, "Total Cost": 5903.45, "Plan Rows": 85170, "Plan Width": 4, "Actual Min Startup Time": 118.572, "Actual Max Startup Time": 118.572, "Actual Min Total Time": 118.572, "Actual Max Total Time": 118.572, "Max Hash Buckets": 131072, "Min Hash Buckets": 131072, "Max Hash Batches": 1, "Min Hash Batches": 1, "Max Original Hash Batches": 1, "Min Original Hash Batches": 1, "Max Peak Memory Usage": 2983, "min Peak Memory Usage": 2983, "Plans": [{"Node Type": "Seq Scan", "Parent Relationship": "Outer", "Relation Name": "company_name", "Alias": "cn", "Startup Cost": 0.0, "Total Cost": 5903.45, "Plan Rows": 85170, "Plan Width": 4, "Actual Min Startup Time": 0.062, "Actual Max Startup Time": 0.062, "Actual Min Total Time": 96.64, "Actual Max Total Time": 96.64, "Filter": "((country_code)::text = '[us]'::text)", "Rows Removed by Filter": 150153, "Actual Rows": 84843}], "Actual Rows": 84843}], "Actual Rows": 323005}], "Actual Rows": 1}, "Triggers": [], "Planner Runtime": 175.338, "Total Runtime": 6911.384, "Unique SQL Id": 2457761703}}, "(64, '37')": {"explain_plan": {"Plan": {"Node Type": "Aggregate", "Strategy": "Plain", "Startup Cost": 760424.56, "Total Cost": 760424.57, "Plan Rows": 1, "Plan Width": 97, "Plans": [{"Node Type": "Hash Join", "Parent Relationship": "Outer", "Join Type": "Inner", "Startup Cost": 731743.89, "Total Cost": 758639.07, "Plan Rows": 357098, "Plan Width": 33, "Inner Unique": false, "Hash Cond": "(an1.person_id = n1.id), (LLVM Optimized)", "Plans": [{"Node Type": "Bitmap Heap Scan", "Parent Relationship": "Outer", "Relation Name": "aka_name", "Alias": "an1", "Startup Cost": 16632.3, "Total Cost": 36540.72, "Plan Rows": 901342, "Plan Width": 20, "Plans": [{"Node Type": "Bitmap Index Scan", "Parent Relationship": "Outer", "Index Name": "person_id_aka_name", "Startup Cost": 0.0, "Total Cost": 16406.96, "Plan Rows": 901342, "Plan Width": 0}]}, {"Node Type": "Hash", "Parent Relationship": "Inner", "Startup Cost": 706230.86, "Total Cost": 706230.86, "Plan Rows": 710459, "Plan Width": 25, "Plans": [{"Node Type": "Nested Loop", "Parent Relationship": "Outer", "Join Type": "Inner", "Startup Cost": 301568.43, "Total Cost": 706230.86, "Plan Rows": 710459, "Plan Width": 25, "Inner Unique": true, "Plans": [{"Node Type": "Hash Join", "Parent Relationship": "Outer", "Join Type": "Inner", "Startup Cost": 301568.43, "Total Cost": 502053.02, "Plan Rows": 710459, "Plan Width": 21, "Inner Unique": false, "Hash Cond": "(ci.movie_id = t.id), (LLVM Optimized)", "Plans": [{"Node Type": "Nested Loop", "Parent Relationship": "Outer", "Join Type": "Inner", "Startup Cost": 0.0, "Total Cost": 171418.25, "Plan Rows": 3296318, "Plan Width": 8, "Inner Unique": false, "Plans": [{"Node Type": "Index Scan", "Parent Relationship": "Outer", "Scan Direction": "Forward", "Index Name": "role_type_pkey", "Relation Name": "role_type", "Alias": "rt", "Startup Cost": 0.0, "Total Cost": 12.46, "Plan Rows": 1, "Plan Width": 4, "Filter": "((role)::text = 'costume designer'::text)"}, {"Node Type": "Index Scan", "Parent Relationship": "Inner", "Scan Direction": "Forward", "Index Name": "role_id_cast_info", "Relation Name": "cast_info", "Alias": "ci", "Startup Cost": 0.0, "Total Cost": 138442.61, "Plan Rows": 3296318, "Plan Width": 12, "Index Cond": "(role_id = rt.id), (LLVM Optimized)"}]}, {"Node Type": "Hash", "Parent Relationship": "Inner", "Startup Cost": 285539.54, "Total Cost": 285539.54, "Plan Rows": 1282311, "Plan Width": 25, "Plans": [{"Node Type": "Hash Join", "Parent Relationship": "Outer", "Join Type": "Inner", "Startup Cost": 203483.15, "Total Cost": 285539.54, "Plan Rows": 1282311, "Plan Width": 25, "Inner Unique": true, "Hash Cond": "(mc.movie_id = t.id), (LLVM Optimized)", "Plans": [{"Node Type": "Hash Join", "Parent Relationship": "Outer", "Join Type": "Inner", "Startup Cost": 61758.77, "Total Cost": 126183.39, "Plan Rows": 1282311, "Plan Width": 4, "Inner Unique": true, "Hash Cond": "(mc.company_id = cn.id), (LLVM Optimized)", "Plans": [{"Node Type": "Bitmap Heap Scan", "Parent Relationship": "Outer", "Relation Name": "movie_companies", "Alias": "mc", "Startup Cost": 51990.17, "Total Cost": 93807.45, "Plan Rows": 2609128, "Plan Width": 8, "Plans": [{"Node Type": "Bitmap Index Scan", "Parent Relationship": "Outer", "Index Name": "movie_id_movie_companies", "Startup Cost": 0.0, "Total Cost": 51337.89, "Plan Rows": 2609128, "Plan Width": 0}]}, {"Node Type": "Hash", "Parent Relationship": "Inner", "Startup Cost": 8703.97, "Total Cost": 8703.97, "Plan Rows": 85170, "Plan Width": 4, "Plans": [{"Node Type": "Bitmap Heap Scan", "Parent Relationship": "Outer", "Relation Name": "company_name", "Alias": "cn", "Startup Cost": 2800.52, "Total Cost": 8703.97, "Plan Rows": 85170, "Plan Width": 4, "Filter": "((country_code)::text = '[us]'::text)", "Plans": [{"Node Type": "Bitmap Index Scan", "Parent Relationship": "Outer", "Index Name": "company_name_pkey", "Startup Cost": 0.0, "Total Cost": 2779.23, "Plan Rows": 234996, "Plan Width": 0}]}]}]}, {"Node Type": "Hash", "Parent Relationship": "Inner", "Startup Cost": 110120.49, "Total Cost": 110120.49, "Plan Rows": 2528311, "Plan Width": 21, "Plans": [{"Node Type": "Index Scan", "Parent Relationship": "Outer", "Scan Direction": "Forward", "Index Name": "title_pkey", "Relation Name": "title", "Alias": "t", "Startup Cost": 0.0, "Total Cost": 110120.49, "Plan Rows": 2528311, "Plan Width": 21}]}]}]}]}, {"Node Type": "Index Scan", "Parent Relationship": "Inner", "Scan Direction": "Forward", "Index Name": "name_pkey", "Relation Name": "name", "Alias": "n1", "Startup Cost": 0.0, "Total Cost": 0.28, "Plan Rows": 1, "Plan Width": 4, "Index Cond": "(id = ci.person_id)"}]}]}]}]}, "Unique SQL Id": 2457761703, "Planner Runtime": 119}, "explain_analyze_plan": {"Plan": {"Node Type": "Aggregate", "Strategy": "Plain", "Startup Cost": 760424.56, "Total Cost": 760424.57, "Plan Rows": 1, "Plan Width": 97, "Actual Startup Time": 9976.061, "Actual Total Time": 9976.061, "Actual Rows": 1, "Actual Loops": 1, "Plans": [{"Node Type": "Hash Join", "Parent Relationship": "Outer", "Join Type": "Inner", "Startup Cost": 731743.89, "Total Cost": 758639.07, "Plan Rows": 357098, "Plan Width": 33, "Actual Startup Time": 9187.759, "Actual Total Time": 9831.593, "Actual Rows": 323005, "Actual Loops": 1, "Inner Unique": false, "Hash Cond": "(an1.person_id = n1.id), (LLVM Optimized, Jit Execute)", "Plans": [{"Node Type": "Bitmap Heap Scan", "Parent Relationship": "Outer", "Relation Name": "aka_name", "Alias": "an1", "Startup Cost": 16632.3, "Total Cost": 36540.72, "Plan Rows": 901342, "Plan Width": 20, "Actual Startup Time": 87.652, "Actual Total Time": 457.142, "Actual Rows": 901342, "Actual Loops": 1, "Exact Heap Blocks": 10895, "Lossy Heap Blocks": 10895, "Plans": [{"Node Type": "Bitmap Index Scan", "Parent Relationship": "Outer", "Index Name": "person_id_aka_name", "Startup Cost": 0.0, "Total Cost": 16406.96, "Plan Rows": 901342, "Plan Width": 0, "Actual Startup Time": 85.731, "Actual Total Time": 85.731, "Actual Rows": 901342, "Actual Loops": 1}]}, {"Node Type": "Hash", "Parent Relationship": "Inner", "Startup Cost": 706230.86, "Total Cost": 706230.86, "Plan Rows": 710459, "Plan Width": 25, "Actual Startup Time": 9099.347, "Actual Total Time": 9099.347, "Actual Rows": 285537, "Actual Loops": 1, "Hash Buckets": 1048576, "Hash Batches": 1, "Original Hash Batches": 1, "Peak Memory Usage": 15952, "Plans": [{"Node Type": "Nested Loop", "Parent Relationship": "Outer", "Join Type": "Inner", "Startup Cost": 301568.43, "Total Cost": 706230.86, "Plan Rows": 710459, "Plan Width": 25, "Actual Startup Time": 7550.783, "Actual Total Time": 8987.584, "Actual Rows": 285537, "Actual Loops": 1, "Inner Unique": true, "Plans": [{"Node Type": "Hash Join", "Parent Relationship": "Outer", "Join Type": "Inner", "Startup Cost": 301568.43, "Total Cost": 502053.02, "Plan Rows": 710459, "Plan Width": 21, "Actual Startup Time": 7550.71, "Actual Total Time": 7958.658, "Actual Rows": 285537, "Actual Loops": 1, "Inner Unique": false, "Hash Cond": "(ci.movie_id = t.id), (LLVM Optimized, Jit Execute)", "Plans": [{"Node Type": "Nested Loop", "Parent Relationship": "Outer", "Join Type": "Inner", "Startup Cost": 0.0, "Total Cost": 171418.25, "Plan Rows": 3296318, "Plan Width": 8, "Actual Startup Time": 0.081, "Actual Total Time": 210.497, "Actual Rows": 276403, "Actual Loops": 1, "Inner Unique": false, "Plans": [{"Node Type": "Index Scan", "Parent Relationship": "Outer", "Scan Direction": "Forward", "Index Name": "role_type_pkey", "Relation Name": "role_type", "Alias": "rt", "Startup Cost": 0.0, "Total Cost": 12.46, "Plan Rows": 1, "Plan Width": 4, "Actual Startup Time": 0.037, "Actual Total Time": 0.081, "Actual Rows": 1, "Actual Loops": 1, "Filter": "((role)::text = 'costume designer'::text)", "Rows Removed by Filter": 11}, {"Node Type": "Index Scan", "Parent Relationship": "Inner", "Scan Direction": "Forward", "Index Name": "role_id_cast_info", "Relation Name": "cast_info", "Alias": "ci", "Startup Cost": 0.0, "Total Cost": 138442.61, "Plan Rows": 3296318, "Plan Width": 12, "Actual Startup Time": 0.037, "Actual Total Time": 152.622, "Actual Rows": 276403, "Actual Loops": 1, "Index Cond": "(role_id = rt.id), (LLVM Optimized, Jit Execute)", "Rows Removed by Index Recheck": 0}]}, {"Node Type": "Hash", "Parent Relationship": "Inner", "Startup Cost": 285539.54, "Total Cost": 285539.54, "Plan Rows": 1282311, "Plan Width": 25, "Actual Startup Time": 7544.691, "Actual Total Time": 7544.691, "Actual Rows": 1153797, "Actual Loops": 1, "Hash Buckets": 2097152, "Hash Batches": 1, "Original Hash Batches": 1, "Peak Memory Usage": 68508, "Plans": [{"Node Type": "Hash Join", "Parent Relationship": "Outer", "Join Type": "Inner", "Startup Cost": 203483.15, "Total Cost": 285539.54, "Plan Rows": 1282311, "Plan Width": 25, "Actual Startup Time": 4677.89, "Actual Total Time": 7039.094, "Actual Rows": 1153797, "Actual Loops": 1, "Inner Unique": true, "Hash Cond": "(mc.movie_id = t.id), (LLVM Optimized, Jit Execute)", "Plans": [{"Node Type": "Hash Join", "Parent Relationship": "Outer", "Join Type": "Inner", "Startup Cost": 61758.77, "Total Cost": 126183.39, "Plan Rows": 1282311, "Plan Width": 4, "Actual Startup Time": 404.152, "Actual Total Time": 2104.823, "Actual Rows": 1153797, "Actual Loops": 1, "Inner Unique": true, "Hash Cond": "(mc.company_id = cn.id), (LLVM Optimized, Jit Execute)", "Plans": [{"Node Type": "Bitmap Heap Scan", "Parent Relationship": "Outer", "Relation Name": "movie_companies", "Alias": "mc", "Startup Cost": 51990.17, "Total Cost": 93807.45, "Plan Rows": 2609128, "Plan Width": 8, "Actual Startup Time": 217.117, "Actual Total Time": 1079.941, "Actual Rows": 2609128, "Actual Loops": 1, "Exact Heap Blocks": 15726, "Lossy Heap Blocks": 15726, "Plans": [{"Node Type": "Bitmap Index Scan", "Parent Relationship": "Outer", "Index Name": "movie_id_movie_companies", "Startup Cost": 0.0, "Total Cost": 51337.89, "Plan Rows": 2609128, "Plan Width": 0, "Actual Startup Time": 213.474, "Actual Total Time": 213.474, "Actual Rows": 2609128, "Actual Loops": 1}]}, {"Node Type": "Hash", "Parent Relationship": "Inner", "Startup Cost": 8703.97, "Total Cost": 8703.97, "Plan Rows": 85170, "Plan Width": 4, "Actual Startup Time": 186.936, "Actual Total Time": 186.936, "Actual Rows": 84843, "Actual Loops": 1, "Hash Buckets": 131072, "Hash Batches": 1, "Original Hash Batches": 1, "Peak Memory Usage": 2983, "Plans": [{"Node Type": "Bitmap Heap Scan", "Parent Relationship": "Outer", "Relation Name": "company_name", "Alias": "cn", "Startup Cost": 2800.52, "Total Cost": 8703.97, "Plan Rows": 85170, "Plan Width": 4, "Actual Startup Time": 22.801, "Actual Total Time": 165.091, "Actual Rows": 84843, "Actual Loops": 1, "Filter": "((country_code)::text = '[us]'::text)", "Rows Removed by Filter": 150153, "Exact Heap Blocks": 2966, "Lossy Heap Blocks": 2966, "Plans": [{"Node Type": "Bitmap Index Scan", "Parent Relationship": "Outer", "Index Name": "company_name_pkey", "Startup Cost": 0.0, "Total Cost": 2779.23, "Plan Rows": 234996, "Plan Width": 0, "Actual Startup Time": 22.341, "Actual Total Time": 22.341, "Actual Rows": 234996, "Actual Loops": 1}]}]}]}, {"Node Type": "Hash", "Parent Relationship": "Inner", "Startup Cost": 110120.49, "Total Cost": 110120.49, "Plan Rows": 2528311, "Plan Width": 21, "Actual Startup Time": 4271.228, "Actual Total Time": 4271.228, "Actual Rows": 2528311, "Actual Loops": 1, "Hash Buckets": 4194304, "Hash Batches": 1, "Original Hash Batches": 1, "Peak Memory Usage": 135869, "Plans": [{"Node Type": "Index Scan", "Parent Relationship": "Outer", "Scan Direction": "Forward", "Index Name": "title_pkey", "Relation Name": "title", "Alias": "t", "Startup Cost": 0.0, "Total Cost": 110120.49, "Plan Rows": 2528311, "Plan Width": 21, "Actual Startup Time": 0.04, "Actual Total Time": 3188.804, "Actual Rows": 2528311, "Actual Loops": 1}]}]}]}]}, {"Node Type": "Index Scan", "Parent Relationship": "Inner", "Scan Direction": "Forward", "Index Name": "name_pkey", "Relation Name": "name", "Alias": "n1", "Startup Cost": 0.0, "Total Cost": 0.28, "Plan Rows": 1, "Plan Width": 4, "Actual Startup Time": 809.417, "Actual Total Time": 809.417, "Actual Rows": 285537, "Actual Loops": 285537, "Index Cond": "(id = ci.person_id)", "Rows Removed by Index Recheck": 0}]}]}]}]}, "Triggers": [], "Planner Runtime": 119.309, "Total Runtime": 9988.58, "Unique SQL Id": 2457761703}}, "(64, '38')": {"explain_plan": {"Plan": {"Node Type": "Aggregate", "Strategy": "Plain", "Startup Cost": 528738.29, "Total Cost": 528738.3, "Plan Rows": 1, "Plan Width": 97, "Plans": [{"Node Type": "Hash Join", "Parent Relationship": "Outer", "Join Type": "Inner", "Startup Cost": 336662.4, "Total Cost": 526952.8, "Plan Rows": 357098, "Plan Width": 33, "Inner Unique": true, "Hash Cond": "(mc.company_id = cn.id), (LLVM Optimized)", "Plans": [{"Node Type": "Hash Join", "Parent Relationship": "Outer", "Join Type": "Inner", "Startup Cost": 329694.33, "Total Cost": 513689.03, "Plan Rows": 726589, "Plan Width": 37, "Inner Unique": false, "Hash Cond": "(ci.movie_id = t.id), (LLVM Optimized)", "Plans": [{"Node Type": "Streaming(type: LOCAL GATHER dop: 1/64)", "Parent Relationship": "Outer", "Startup Cost": 254738.78, "Total Cost": 417857.9, "Plan Rows": 1484588, "Plan Width": 20, "Plans": [{"Node Type": "Hash Join", "Parent Relationship": "Outer", "Join Type": "Inner", "Startup Cost": 254738.78, "Total Cost": 387231.02, "Plan Rows": 1484588, "Plan Width": 20, "Inner Unique": false, "Hash Cond": "(an1.person_id = ci.person_id), (LLVM Optimized)", "Plans": [{"Node Type": "Streaming(type: LOCAL REDISTRIBUTE dop: 64/1)", "Parent Relationship": "Outer", "Startup Cost": 202522.7, "Total Cost": 334446.0, "Plan Rows": 901342, "Plan Width": 24, "Plans": [{"Node Type": "Hash Join", "Parent Relationship": "Outer", "Join Type": "Inner", "Startup Cost": 202522.7, "Total Cost": 234824.58, "Plan Rows": 901342, "Plan Width": 24, "Inner Unique": true, "Hash Cond": "(an1.person_id = n1.id), (LLVM Optimized)", "Plans": [{"Node Type": "Seq Scan", "Parent Relationship": "Outer", "Relation Name": "aka_name", "Alias": "an1", "Startup Cost": 0.0, "Total Cost": 19908.42, "Plan Rows": 901342, "Plan Width": 20}, {"Node Type": "Hash", "Parent Relationship": "Inner", "Startup Cost": 150429.08, "Total Cost": 150429.08, "Plan Rows": 4167490, "Plan Width": 4, "Plans": [{"Node Type": "Streaming(type: LOCAL GATHER dop: 1/64)", "Parent Relationship": "Outer", "Startup Cost": 0.0, "Total Cost": 150429.08, "Plan Rows": 4167490, "Plan Width": 4, "Plans": [{"Node Type": "Seq Scan", "Parent Relationship": "Outer", "Relation Name": "name", "Alias": "n1", "Startup Cost": 0.0, "Total Cost": 64454.25, "Plan Rows": 4167490, "Plan Width": 4}]}]}]}]}, {"Node Type": "Hash", "Parent Relationship": "Inner", "Startup Cost": 203464.29, "Total Cost": 203464.29, "Plan Rows": 3296318, "Plan Width": 8, "Plans": [{"Node Type": "Streaming(type: LOCAL REDISTRIBUTE dop: 64/64)", "Parent Relationship": "Outer", "Startup Cost": 63002.48, "Total Cost": 203464.29, "Plan Rows": 3296318, "Plan Width": 8, "Plans": [{"Node Type": "Hash Join", "Parent Relationship": "Outer", "Join Type": "Inner", "Startup Cost": 63002.48, "Total Cost": 137341.8, "Plan Rows": 3296318, "Plan Width": 8, "Inner Unique": true, "Hash Cond": "(ci.role_id = rt.id), (LLVM Optimized)", "Plans": [{"Node Type": "Seq Scan", "Parent Relationship": "Outer", "Relation Name": "cast_info", "Alias": "ci", "Startup Cost": 0.0, "Total Cost": 72404.34, "Plan Rows": 36259494, "Plan Width": 12}, {"Node Type": "Hash", "Parent Relationship": "Inner", "Startup Cost": 63002.47, "Total Cost": 63002.47, "Plan Rows": 64, "Plan Width": 4, "Plans": [{"Node Type": "Streaming(type: BROADCAST dop: 64/1)", "Parent Relationship": "Outer", "Startup Cost": 0.0, "Total Cost": 63002.47, "Plan Rows": 64, "Plan Width": 4, "Plans": [{"Node Type": "Seq Scan", "Parent Relationship": "Outer", "Relation Name": "role_type", "Alias": "rt", "Startup Cost": 0.0, "Total Cost": 1.15, "Plan Rows": 1, "Plan Width": 4, "Filter": "((role)::text = 'costume designer'::text)"}]}]}]}]}]}]}]}, {"Node Type": "Hash", "Parent Relationship": "Inner", "Startup Cost": 169365.79, "Total Cost": 169365.79, "Plan Rows": 2609128, "Plan Width": 29, "Plans": [{"Node Type": "Hash Join", "Parent Relationship": "Outer", "Join Type": "Inner", "Startup Cost": 91673.0, "Total Cost": 169365.79, "Plan Rows": 2609128, "Plan Width": 29, "Inner Unique": true, "Hash Cond": "(mc.movie_id = t.id), (LLVM Optimized)", "Plans": [{"Node Type": "Seq Scan", "Parent Relationship": "Outer", "Relation Name": "movie_companies", "Alias": "mc", "Startup Cost": 0.0, "Total Cost": 41817.28, "Plan Rows": 2609128, "Plan Width": 8}, {"Node Type": "Hash", "Parent Relationship": "Inner", "Startup Cost": 60069.11, "Total Cost": 60069.11, "Plan Rows": 2528311, "Plan Width": 21, "Plans": [{"Node Type": "Seq Scan", "Parent Relationship": "Outer", "Relation Name": "title", "Alias": "t", "Startup Cost": 0.0, "Total Cost": 60069.11, "Plan Rows": 2528311, "Plan Width": 21}]}]}]}]}, {"Node Type": "Hash", "Parent Relationship": "Inner", "Startup Cost": 5903.45, "Total Cost": 5903.45, "Plan Rows": 85170, "Plan Width": 4, "Plans": [{"Node Type": "Seq Scan", "Parent Relationship": "Outer", "Relation Name": "company_name", "Alias": "cn", "Startup Cost": 0.0, "Total Cost": 5903.45, "Plan Rows": 85170, "Plan Width": 4, "Filter": "((country_code)::text = '[us]'::text)"}]}]}]}, "Unique SQL Id": 2457761703, "Planner Runtime": 163}, "explain_analyze_plan": {"Plan": {"Node Type": "Aggregate", "Strategy": "Plain", "Startup Cost": 528738.29, "Total Cost": 528738.3, "Plan Rows": 1, "Plan Width": 97, "Actual Min Startup Time": 6856.27, "Actual Max Startup Time": 6856.27, "Actual Min Total Time": 6856.271, "Actual Max Total Time": 6856.271, "Plans": [{"Node Type": "Hash Join", "Parent Relationship": "Outer", "Join Type": "Inner", "Startup Cost": 336662.4, "Total Cost": 526952.8, "Plan Rows": 357098, "Plan Width": 33, "Actual Min Startup Time": 5249.401, "Actual Max Startup Time": 5249.401, "Actual Min Total Time": 6705.964, "Actual Max Total Time": 6705.964, "Inner Unique": true, "Hash Cond": "(mc.company_id = cn.id), (LLVM Optimized, Jit Execute)", "Plans": [{"Node Type": "Hash Join", "Parent Relationship": "Outer", "Join Type": "Inner", "Startup Cost": 329694.33, "Total Cost": 513689.03, "Plan Rows": 726589, "Plan Width": 37, "Actual Min Startup Time": 5130.68, "Actual Max Startup Time": 5130.68, "Actual Min Total Time": 6388.767, "Actual Max Total Time": 6388.767, "Inner Unique": false, "Hash Cond": "(ci.movie_id = t.id), (LLVM Optimized, Jit Execute)", "Plans": [{"Node Type": "Streaming(type: LOCAL GATHER dop: 1/64)", "Parent Relationship": "Outer", "Startup Cost": 254738.78, "Total Cost": 417857.9, "Plan Rows": 1484588, "Plan Width": 20, "Actual Min Startup Time": 0.186, "Actual Max Startup Time": 0.186, "Actual Min Total Time": 983.556, "Actual Max Total Time": 983.556, "Plans": [{"Node Type": "Hash Join", "Parent Relationship": "Outer", "Join Type": "Inner", "Startup Cost": 254738.78, "Total Cost": 387231.02, "Plan Rows": 1484588, "Plan Width": 20, "Actual Min Startup Time": 2904.02, "Actual Max Startup Time": 5001.056, "Actual Min Total Time": 4507.096, "Actual Max Total Time": 6552.353, "Inner Unique": false, "Hash Cond": "(an1.person_id = ci.person_id), (LLVM Optimized, Jit Execute)", "Plans": [{"Node Type": "Streaming(type: LOCAL REDISTRIBUTE dop: 64/1)", "Parent Relationship": "Outer", "Startup Cost": 202522.7, "Total Cost": 334446.0, "Plan Rows": 901342, "Plan Width": 24, "Actual Min Startup Time": 2648.309, "Actual Max Startup Time": 2658.987, "Actual Min Total Time": 4210.018, "Actual Max Total Time": 5937.182, "Plans": [{"Node Type": "Hash Join", "Parent Relationship": "Outer", "Join Type": "Inner", "Startup Cost": 202522.7, "Total Cost": 234824.58, "Plan Rows": 901342, "Plan Width": 24, "Actual Min Startup Time": 2900.815, "Actual Max Startup Time": 2900.815, "Actual Min Total Time": 3642.451, "Actual Max Total Time": 3642.451, "Inner Unique": true, "Hash Cond": "(an1.person_id = n1.id), (LLVM Optimized, Jit Execute)", "Plans": [{"Node Type": "Seq Scan", "Parent Relationship": "Outer", "Relation Name": "aka_name", "Alias": "an1", "Startup Cost": 0.0, "Total Cost": 19908.42, "Plan Rows": 901342, "Plan Width": 20, "Actual Min Startup Time": 0.033, "Actual Max Startup Time": 0.033, "Actual Min Total Time": 226.164, "Actual Max Total Time": 226.164, "Actual Rows": 901342}, {"Node Type": "Hash", "Parent Relationship": "Inner", "Startup Cost": 150429.08, "Total Cost": 150429.08, "Plan Rows": 4167490, "Plan Width": 4, "Actual Min Startup Time": 2898.206, "Actual Max Startup Time": 2898.206, "Actual Min Total Time": 2898.206, "Actual Max Total Time": 2898.206, "Max Hash Buckets": 4194304, "Min Hash Buckets": 4194304, "Max Hash Batches": 1, "Min Hash Batches": 1, "Max Original Hash Batches": 1, "Min Original Hash Batches": 1, "Max Peak Memory Usage": 146514, "min Peak Memory Usage": 146514, "Plans": [{"Node Type": "Streaming(type: LOCAL GATHER dop: 1/64)", "Parent Relationship": "Outer", "Startup Cost": 0.0, "Total Cost": 150429.08, "Plan Rows": 4167490, "Plan Width": 4, "Actual Min Startup Time": 0.152, "Actual Max Startup Time": 0.152, "Actual Min Total Time": 1744.697, "Actual Max Total Time": 1744.697, "Plans": [{"Node Type": "Seq Scan", "Parent Relationship": "Outer", "Relation Name": "name", "Alias": "n1", "Startup Cost": 0.0, "Total Cost": 64454.25, "Plan Rows": 4167490, "Plan Width": 4, "Actual Min Startup Time": 0.018, "Actual Max Startup Time": 0.044, "Actual Min Total Time": 18.96, "Actual Max Total Time": 23.576, "Actual Rows": 4167490}], "Actual Rows": 4167490}], "Actual Rows": 4167490}], "Actual Rows": 901342}], "Actual Rows": 901342}, {"Node Type": "Hash", "Parent Relationship": "Inner", "Startup Cost": 203464.29, "Total Cost": 203464.29, "Plan Rows": 3296318, "Plan Width": 8, "Actual Min Startup Time": 251.014, "Actual Max Startup Time": 617.726, "Actual Min Total Time": 251.014, "Actual Max Total Time": 617.726, "Max Hash Buckets": 65536, "Min Hash Buckets": 65536, "Max Hash Batches": 1, "Min Hash Batches": 1, "Max Original Hash Batches": 1, "Min Original Hash Batches": 1, "Max Peak Memory Usage": 153, "min Peak Memory Usage": 153, "Plans": [{"Node Type": "Streaming(type: LOCAL REDISTRIBUTE dop: 64/64)", "Parent Relationship": "Outer", "Startup Cost": 63002.48, "Total Cost": 203464.29, "Plan Rows": 3296318, "Plan Width": 8, "Actual Min Startup Time": 0.126, "Actual Max Startup Time": 331.621, "Actual Min Total Time": 250.064, "Actual Max Total Time": 616.635, "Plans": [{"Node Type": "Hash Join", "Parent Relationship": "Outer", "Join Type": "Inner", "Startup Cost": 63002.48, "Total Cost": 137341.8, "Plan Rows": 3296318, "Plan Width": 8, "Actual Min Startup Time": 184.436, "Actual Max Startup Time": 286.242, "Actual Min Total Time": 231.359, "Actual Max Total Time": 286.242, "Inner Unique": true, "Hash Cond": "(ci.role_id = rt.id), (LLVM Optimized, Jit Execute)", "Plans": [{"Node Type": "Seq Scan", "Parent Relationship": "Outer", "Relation Name": "cast_info", "Alias": "ci", "Startup Cost": 0.0, "Total Cost": 72404.34, "Plan Rows": 36259494, "Plan Width": 12, "Actual Min Startup Time": 0.027, "Actual Max Startup Time": 0.061, "Actual Min Total Time": 127.977, "Actual Max Total Time": 141.649, "Actual Rows": 36244343}, {"Node Type": "Hash", "Parent Relationship": "Inner", "Startup Cost": 63002.47, "Total Cost": 63002.47, "Plan Rows": 64, "Plan Width": 4, "Actual Min Startup Time": 0.012, "Actual Max Startup Time": 54.189, "Actual Min Total Time": 0.012, "Actual Max Total Time": 54.189, "Max Hash Buckets": 32768, "Min Hash Buckets": 32768, "Max Hash Batches": 1, "Min Hash Batches": 1, "Max Original Hash Batches": 1, "Min Original Hash Batches": 1, "Max Peak Memory Usage": 1, "min Peak Memory Usage": 1, "Plans": [{"Node Type": "Streaming(type: BROADCAST dop: 64/1)", "Parent Relationship": "Outer", "Startup Cost": 0.0, "Total Cost": 63002.47, "Plan Rows": 64, "Plan Width": 4, "Actual Min Startup Time": 0.003, "Actual Max Startup Time": 54.169, "Actual Min Total Time": 0.004, "Actual Max Total Time": 54.17, "Plans": [{"Node Type": "Seq Scan", "Parent Relationship": "Outer", "Relation Name": "role_type", "Alias": "rt", "Startup Cost": 0.0, "Total Cost": 1.15, "Plan Rows": 1, "Plan Width": 4, "Actual Min Startup Time": 0.026, "Actual Max Startup Time": 0.026, "Actual Min Total Time": 0.03, "Actual Max Total Time": 0.03, "Filter": "((role)::text = 'costume designer'::text)", "Rows Removed by Filter": 11, "Actual Rows": 1}], "Actual Rows": 64}], "Actual Rows": 64}], "Actual Rows": 276403}], "Actual Rows": 276403}], "Actual Rows": 276403}], "Actual Rows": 218966}], "Actual Rows": 218966}, {"Node Type": "Hash", "Parent Relationship": "Inner", "Startup Cost": 169365.79, "Total Cost": 169365.79, "Plan Rows": 2609128, "Plan Width": 29, "Actual Min Startup Time": 5122.871, "Actual Max Startup Time": 5122.871, "Actual Min Total Time": 5122.871, "Actual Max Total Time": 5122.871, "Max Hash Buckets": 4194304, "Min Hash Buckets": 4194304, "Max Hash Batches": 1, "Min Hash Batches": 1, "Max Original Hash Batches": 1, "Min Original Hash Batches": 1, "Max Peak Memory Usage": 164769, "min Peak Memory Usage": 164769, "Plans": [{"Node Type": "Hash Join", "Parent Relationship": "Outer", "Join Type": "Inner", "Startup Cost": 91673.0, "Total Cost": 169365.79, "Plan Rows": 2609128, "Plan Width": 29, "Actual Min Startup Time": 1876.312, "Actual Max Startup Time": 1876.312, "Actual Min Total Time": 4112.233, "Actual Max Total Time": 4112.233, "Inner Unique": true, "Hash Cond": "(mc.movie_id = t.id), (LLVM Optimized, Jit Execute)", "Plans": [{"Node Type": "Seq Scan", "Parent Relationship": "Outer", "Relation Name": "movie_companies", "Alias": "mc", "Startup Cost": 0.0, "Total Cost": 41817.28, "Plan Rows": 2609128, "Plan Width": 8, "Actual Min Startup Time": 0.034, "Actual Max Startup Time": 0.034, "Actual Min Total Time": 589.387, "Actual Max Total Time": 589.387, "Actual Rows": 2609128}, {"Node Type": "Hash", "Parent Relationship": "Inner", "Startup Cost": 60069.11, "Total Cost": 60069.11, "Plan Rows": 2528311, "Plan Width": 21, "Actual Min Startup Time": 1873.717, "Actual Max Startup Time": 1873.717, "Actual Min Total Time": 1873.717, "Actual Max Total Time": 1873.717, "Max Hash Buckets": 4194304, "Min Hash Buckets": 4194304, "Max Hash Batches": 1, "Min Hash Batches": 1, "Max Original Hash Batches": 1, "Min Original Hash Batches": 1, "Max Peak Memory Usage": 135869, "min Peak Memory Usage": 135869, "Plans": [{"Node Type": "Seq Scan", "Parent Relationship": "Outer", "Relation Name": "title", "Alias": "t", "Startup Cost": 0.0, "Total Cost": 60069.11, "Plan Rows": 2528311, "Plan Width": 21, "Actual Min Startup Time": 0.031, "Actual Max Startup Time": 0.031, "Actual Min Total Time": 853.163, "Actual Max Total Time": 853.163, "Actual Rows": 2528311}], "Actual Rows": 2528311}], "Actual Rows": 2609128}], "Actual Rows": 2609128}], "Actual Rows": 752819}, {"Node Type": "Hash", "Parent Relationship": "Inner", "Startup Cost": 5903.45, "Total Cost": 5903.45, "Plan Rows": 85170, "Plan Width": 4, "Actual Min Startup Time": 118.572, "Actual Max Startup Time": 118.572, "Actual Min Total Time": 118.572, "Actual Max Total Time": 118.572, "Max Hash Buckets": 131072, "Min Hash Buckets": 131072, "Max Hash Batches": 1, "Min Hash Batches": 1, "Max Original Hash Batches": 1, "Min Original Hash Batches": 1, "Max Peak Memory Usage": 2983, "min Peak Memory Usage": 2983, "Plans": [{"Node Type": "Seq Scan", "Parent Relationship": "Outer", "Relation Name": "company_name", "Alias": "cn", "Startup Cost": 0.0, "Total Cost": 5903.45, "Plan Rows": 85170, "Plan Width": 4, "Actual Min Startup Time": 0.062, "Actual Max Startup Time": 0.062, "Actual Min Total Time": 96.64, "Actual Max Total Time": 96.64, "Filter": "((country_code)::text = '[us]'::text)", "Rows Removed by Filter": 150153, "Actual Rows": 84843}], "Actual Rows": 84843}], "Actual Rows": 323005}], "Actual Rows": 1}, "Triggers": [], "Planner Runtime": 175.338, "Total Runtime": 6911.384, "Unique SQL Id": 2457761703}}, "(64, '39')": {"explain_plan": {"Plan": {"Node Type": "Aggregate", "Strategy": "Plain", "Startup Cost": 1013578.73, "Total Cost": 1013578.74, "Plan Rows": 1, "Plan Width": 97, "Plans": [{"Node Type": "Hash Join", "Parent Relationship": "Outer", "Join Type": "Inner", "Startup Cost": 985285.55, "Total Cost": 1011793.24, "Plan Rows": 357098, "Plan Width": 33, "Inner Unique": false, "Hash Cond": "(an1.person_id = n1.id), (LLVM Optimized)", "Plans": [{"Node Type": "Bitmap Heap Scan", "Parent Relationship": "Outer", "Relation Name": "aka_name", "Alias": "an1", "Startup Cost": 16632.3, "Total Cost": 36540.72, "Plan Rows": 901342, "Plan Width": 20, "Plans": [{"Node Type": "Bitmap Index Scan", "Parent Relationship": "Outer", "Index Name": "person_id_aka_name", "Startup Cost": 0.0, "Total Cost": 16406.96, "Plan Rows": 901342, "Plan Width": 0}]}, {"Node Type": "Hash", "Parent Relationship": "Inner", "Startup Cost": 959772.51, "Total Cost": 959772.51, "Plan Rows": 710459, "Plan Width": 25, "Plans": [{"Node Type": "Hash Join", "Parent Relationship": "Outer", "Join Type": "Inner", "Startup Cost": 607483.06, "Total Cost": 959772.51, "Plan Rows": 710459, "Plan Width": 25, "Inner Unique": true, "Hash Cond": "(ci.person_id = n1.id), (LLVM Optimized)", "Plans": [{"Node Type": "Hash Join", "Parent Relationship": "Outer", "Join Type": "Inner", "Startup Cost": 378117.96, "Total Cost": 720638.61, "Plan Rows": 710459, "Plan Width": 21, "Inner Unique": false, "Hash Cond": "(ci.movie_id = t.id), (LLVM Optimized)", "Plans": [{"Node Type": "Nested Loop", "Parent Relationship": "Outer", "Join Type": "Inner", "Startup Cost": 76315.02, "Total Cost": 389769.33, "Plan Rows": 3296318, "Plan Width": 8, "Inner Unique": false, "Plans": [{"Node Type": "Bitmap Heap Scan", "Parent Relationship": "Outer", "Relation Name": "role_type", "Alias": "rt", "Startup Cost": 8.31, "Total Cost": 12.46, "Plan Rows": 1, "Plan Width": 4, "Filter": "((role)::text = 'costume designer'::text)", "Plans": [{"Node Type": "Bitmap Index Scan", "Parent Relationship": "Outer", "Index Name": "role_type_pkey", "Startup Cost": 0.0, "Total Cost": 8.31, "Plan Rows": 12, "Plan Width": 0}]}, {"Node Type": "Bitmap Heap Scan", "Parent Relationship": "Inner", "Relation Name": "cast_info", "Alias": "ci", "Startup Cost": 76306.71, "Total Cost": 356793.69, "Plan Rows": 3296318, "Plan Width": 12, "Recheck Cond": "(role_id = rt.id), (LLVM Optimized)", "Plans": [{"Node Type": "Bitmap Index Scan", "Parent Relationship": "Outer", "Index Name": "role_id_cast_info", "Startup Cost": 0.0, "Total Cost": 75482.63, "Plan Rows": 3296318, "Plan Width": 0, "Index Cond": "(role_id = rt.id)"}]}]}, {"Node Type": "Hash", "Parent Relationship": "Inner", "Startup Cost": 285774.05, "Total Cost": 285774.05, "Plan Rows": 1282311, "Plan Width": 25, "Plans": [{"Node Type": "Hash Join", "Parent Relationship": "Outer", "Join Type": "Inner", "Startup Cost": 203717.65, "Total Cost": 285774.05, "Plan Rows": 1282311, "Plan Width": 25, "Inner Unique": true, "Hash Cond": "(mc.movie_id = t.id), (LLVM Optimized)", "Plans": [{"Node Type": "Hash Join", "Parent Relationship": "Outer", "Join Type": "Inner", "Startup Cost": 61758.77, "Total Cost": 126183.39, "Plan Rows": 1282311, "Plan Width": 4, "Inner Unique": true, "Hash Cond": "(mc.company_id = cn.id), (LLVM Optimized)", "Plans": [{"Node Type": "Bitmap Heap Scan", "Parent Relationship": "Outer", "Relation Name": "movie_companies", "Alias": "mc", "Startup Cost": 51990.17, "Total Cost": 93807.45, "Plan Rows": 2609128, "Plan Width": 8, "Plans": [{"Node Type": "Bitmap Index Scan", "Parent Relationship": "Outer", "Index Name": "movie_id_movie_companies", "Startup Cost": 0.0, "Total Cost": 51337.89, "Plan Rows": 2609128, "Plan Width": 0}]}, {"Node Type": "Hash", "Parent Relationship": "Inner", "Startup Cost": 8703.97, "Total Cost": 8703.97, "Plan Rows": 85170, "Plan Width": 4, "Plans": [{"Node Type": "Bitmap Heap Scan", "Parent Relationship": "Outer", "Relation Name": "company_name", "Alias": "cn", "Startup Cost": 2800.52, "Total Cost": 8703.97, "Plan Rows": 85170, "Plan Width": 4, "Filter": "((country_code)::text = '[us]'::text)", "Plans": [{"Node Type": "Bitmap Index Scan", "Parent Relationship": "Outer", "Index Name": "company_name_pkey", "Startup Cost": 0.0, "Total Cost": 2779.23, "Plan Rows": 234996, "Plan Width": 0}]}]}]}, {"Node Type": "Hash", "Parent Relationship": "Inner", "Startup Cost": 110354.99, "Total Cost": 110354.99, "Plan Rows": 2528311, "Plan Width": 21, "Plans": [{"Node Type": "Bitmap Heap Scan", "Parent Relationship": "Outer", "Relation Name": "title", "Alias": "t", "Startup Cost": 50285.88, "Total Cost": 110354.99, "Plan Rows": 2528311, "Plan Width": 21, "Plans": [{"Node Type": "Bitmap Index Scan", "Parent Relationship": "Outer", "Index Name": "title_pkey", "Startup Cost": 0.0, "Total Cost": 49653.81, "Plan Rows": 2528311, "Plan Width": 0}]}]}]}]}]}, {"Node Type": "Hash", "Parent Relationship": "Inner", "Startup Cost": 177271.47, "Total Cost": 177271.47, "Plan Rows": 4167490, "Plan Width": 4, "Plans": [{"Node Type": "Bitmap Heap Scan", "Parent Relationship": "Outer", "Relation Name": "name", "Alias": "n1", "Startup Cost": 84199.57, "Total Cost": 177271.47, "Plan Rows": 4167490, "Plan Width": 4, "Plans": [{"Node Type": "Bitmap Index Scan", "Parent Relationship": "Outer", "Index Name": "name_pkey", "Startup Cost": 0.0, "Total Cost": 83157.7, "Plan Rows": 4167490, "Plan Width": 0}]}]}]}]}]}]}, "Unique SQL Id": 2457761703, "Planner Runtime": 49}, "explain_analyze_plan": {"Plan": {"Node Type": "Aggregate", "Strategy": "Plain", "Startup Cost": 1013578.73, "Total Cost": 1013578.74, "Plan Rows": 1, "Plan Width": 97, "Actual Startup Time": 11264.918, "Actual Total Time": 11264.918, "Actual Rows": 1, "Actual Loops": 1, "Plans": [{"Node Type": "Hash Join", "Parent Relationship": "Outer", "Join Type": "Inner", "Startup Cost": 985285.55, "Total Cost": 1011793.24, "Plan Rows": 357098, "Plan Width": 33, "Actual Startup Time": 10449.451, "Actual Total Time": 11120.29, "Actual Rows": 323005, "Actual Loops": 1, "Inner Unique": false, "Hash Cond": "(an1.person_id = n1.id), (LLVM Optimized, Jit Execute)", "Plans": [{"Node Type": "Bitmap Heap Scan", "Parent Relationship": "Outer", "Relation Name": "aka_name", "Alias": "an1", "Startup Cost": 16632.3, "Total Cost": 36540.72, "Plan Rows": 901342, "Plan Width": 20, "Actual Startup Time": 86.655, "Actual Total Time": 456.24, "Actual Rows": 901342, "Actual Loops": 1, "Exact Heap Blocks": 10895, "Lossy Heap Blocks": 10895, "Plans": [{"Node Type": "Bitmap Index Scan", "Parent Relationship": "Outer", "Index Name": "person_id_aka_name", "Startup Cost": 0.0, "Total Cost": 16406.96, "Plan Rows": 901342, "Plan Width": 0, "Actual Startup Time": 84.727, "Actual Total Time": 84.727, "Actual Rows": 901342, "Actual Loops": 1}]}, {"Node Type": "Hash", "Parent Relationship": "Inner", "Startup Cost": 959772.51, "Total Cost": 959772.51, "Plan Rows": 710459, "Plan Width": 25, "Actual Startup Time": 10352.095, "Actual Total Time": 10352.095, "Actual Rows": 285537, "Actual Loops": 1, "Hash Buckets": 1048576, "Hash Batches": 1, "Original Hash Batches": 1, "Peak Memory Usage": 15952, "Plans": [{"Node Type": "Hash Join", "Parent Relationship": "Outer", "Join Type": "Inner", "Startup Cost": 607483.06, "Total Cost": 959772.51, "Plan Rows": 710459, "Plan Width": 25, "Actual Startup Time": 9843.537, "Actual Total Time": 10265.582, "Actual Rows": 285537, "Actual Loops": 1, "Inner Unique": true, "Hash Cond": "(ci.person_id = n1.id), (LLVM Optimized, Jit Execute)", "Plans": [{"Node Type": "Hash Join", "Parent Relationship": "Outer", "Join Type": "Inner", "Startup Cost": 378117.96, "Total Cost": 720638.61, "Plan Rows": 710459, "Plan Width": 21, "Actual Startup Time": 5910.918, "Actual Total Time": 6214.846, "Actual Rows": 285537, "Actual Loops": 1, "Inner Unique": false, "Hash Cond": "(ci.movie_id = t.id), (LLVM Optimized, Jit Execute)", "Plans": [{"Node Type": "Nested Loop", "Parent Relationship": "Outer", "Join Type": "Inner", "Startup Cost": 76315.02, "Total Cost": 389769.33, "Plan Rows": 3296318, "Plan Width": 8, "Actual Startup Time": 31.082, "Actual Total Time": 165.745, "Actual Rows": 276403, "Actual Loops": 1, "Inner Unique": false, "Plans": [{"Node Type": "Bitmap Heap Scan", "Parent Relationship": "Outer", "Relation Name": "role_type", "Alias": "rt", "Startup Cost": 8.31, "Total Cost": 12.46, "Plan Rows": 1, "Plan Width": 4, "Actual Startup Time": 0.193, "Actual Total Time": 0.203, "Actual Rows": 1, "Actual Loops": 1, "Filter": "((role)::text = 'costume designer'::text)", "Rows Removed by Filter": 11, "Exact Heap Blocks": 1, "Lossy Heap Blocks": 1, "Plans": [{"Node Type": "Bitmap Index Scan", "Parent Relationship": "Outer", "Index Name": "role_type_pkey", "Startup Cost": 0.0, "Total Cost": 8.31, "Plan Rows": 12, "Plan Width": 0, "Actual Startup Time": 0.039, "Actual Total Time": 0.039, "Actual Rows": 12, "Actual Loops": 1}]}, {"Node Type": "Bitmap Heap Scan", "Parent Relationship": "Inner", "Relation Name": "cast_info", "Alias": "ci", "Startup Cost": 76306.71, "Total Cost": 356793.69, "Plan Rows": 3296318, "Plan Width": 12, "Actual Startup Time": 30.799, "Actual Total Time": 115.725, "Actual Rows": 276403, "Actual Loops": 1, "Recheck Cond": "(role_id = rt.id), (LLVM Optimized, Jit Execute)", "Rows Removed by Index Recheck": 0, "Exact Heap Blocks": 1654, "Lossy Heap Blocks": 1654, "Plans": [{"Node Type": "Bitmap Index Scan", "Parent Relationship": "Outer", "Index Name": "role_id_cast_info", "Startup Cost": 0.0, "Total Cost": 75482.63, "Plan Rows": 3296318, "Plan Width": 0, "Actual Startup Time": 30.445, "Actual Total Time": 30.445, "Actual Rows": 276403, "Actual Loops": 1, "Index Cond": "(role_id = rt.id)"}]}]}, {"Node Type": "Hash", "Parent Relationship": "Inner", "Startup Cost": 285774.05, "Total Cost": 285774.05, "Plan Rows": 1282311, "Plan Width": 25, "Actual Startup Time": 5872.757, "Actual Total Time": 5872.757, "Actual Rows": 1153797, "Actual Loops": 1, "Hash Buckets": 2097152, "Hash Batches": 1, "Original Hash Batches": 1, "Peak Memory Usage": 68508, "Plans": [{"Node Type": "Hash Join", "Parent Relationship": "Outer", "Join Type": "Inner", "Startup Cost": 203717.65, "Total Cost": 285774.05, "Plan Rows": 1282311, "Plan Width": 25, "Actual Startup Time": 2870.037, "Actual Total Time": 5345.899, "Actual Rows": 1153797, "Actual Loops": 1, "Inner Unique": true, "Hash Cond": "(mc.movie_id = t.id), (LLVM Optimized, Jit Execute)", "Plans": [{"Node Type": "Hash Join", "Parent Relationship": "Outer", "Join Type": "Inner", "Startup Cost": 61758.77, "Total Cost": 126183.39, "Plan Rows": 1282311, "Plan Width": 4, "Actual Startup Time": 407.486, "Actual Total Time": 2061.138, "Actual Rows": 1153797, "Actual Loops": 1, "Inner Unique": true, "Hash Cond": "(mc.company_id = cn.id), (LLVM Optimized, Jit Execute)", "Plans": [{"Node Type": "Bitmap Heap Scan", "Parent Relationship": "Outer", "Relation Name": "movie_companies", "Alias": "mc", "Startup Cost": 51990.17, "Total Cost": 93807.45, "Plan Rows": 2609128, "Plan Width": 8, "Actual Startup Time": 218.976, "Actual Total Time": 1032.887, "Actual Rows": 2609128, "Actual Loops": 1, "Exact Heap Blocks": 15726, "Lossy Heap Blocks": 15726, "Plans": [{"Node Type": "Bitmap Index Scan", "Parent Relationship": "Outer", "Index Name": "movie_id_movie_companies", "Startup Cost": 0.0, "Total Cost": 51337.89, "Plan Rows": 2609128, "Plan Width": 0, "Actual Startup Time": 215.319, "Actual Total Time": 215.319, "Actual Rows": 2609128, "Actual Loops": 1}]}, {"Node Type": "Hash", "Parent Relationship": "Inner", "Startup Cost": 8703.97, "Total Cost": 8703.97, "Plan Rows": 85170, "Plan Width": 4, "Actual Startup Time": 188.354, "Actual Total Time": 188.354, "Actual Rows": 84843, "Actual Loops": 1, "Hash Buckets": 131072, "Hash Batches": 1, "Original Hash Batches": 1, "Peak Memory Usage": 2983, "Plans": [{"Node Type": "Bitmap Heap Scan", "Parent Relationship": "Outer", "Relation Name": "company_name", "Alias": "cn", "Startup Cost": 2800.52, "Total Cost": 8703.97, "Plan Rows": 85170, "Plan Width": 4, "Actual Startup Time": 23.217, "Actual Total Time": 166.474, "Actual Rows": 84843, "Actual Loops": 1, "Filter": "((country_code)::text = '[us]'::text)", "Rows Removed by Filter": 150153, "Exact Heap Blocks": 2966, "Lossy Heap Blocks": 2966, "Plans": [{"Node Type": "Bitmap Index Scan", "Parent Relationship": "Outer", "Index Name": "company_name_pkey", "Startup Cost": 0.0, "Total Cost": 2779.23, "Plan Rows": 234996, "Plan Width": 0, "Actual Startup Time": 22.756, "Actual Total Time": 22.756, "Actual Rows": 234996, "Actual Loops": 1}]}]}]}, {"Node Type": "Hash", "Parent Relationship": "Inner", "Startup Cost": 110354.99, "Total Cost": 110354.99, "Plan Rows": 2528311, "Plan Width": 21, "Actual Startup Time": 2460.02, "Actual Total Time": 2460.02, "Actual Rows": 2528311, "Actual Loops": 1, "Hash Buckets": 4194304, "Hash Batches": 1, "Original Hash Batches": 1, "Peak Memory Usage": 135869, "Plans": [{"Node Type": "Bitmap Heap Scan", "Parent Relationship": "Outer", "Relation Name": "title", "Alias": "t", "Startup Cost": 50285.88, "Total Cost": 110354.99, "Plan Rows": 2528311, "Plan Width": 21, "Actual Startup Time": 309.032, "Actual Total Time": 1577.676, "Actual Rows": 2528311, "Actual Loops": 1, "Exact Heap Blocks": 34786, "Lossy Heap Blocks": 34786, "Plans": [{"Node Type": "Bitmap Index Scan", "Parent Relationship": "Outer", "Index Name": "title_pkey", "Startup Cost": 0.0, "Total Cost": 49653.81, "Plan Rows": 2528311, "Plan Width": 0, "Actual Startup Time": 301.267, "Actual Total Time": 301.267, "Actual Rows": 2528311, "Actual Loops": 1}]}]}]}]}]}, {"Node Type": "Hash", "Parent Relationship": "Inner", "Startup Cost": 177271.47, "Total Cost": 177271.47, "Plan Rows": 4167490, "Plan Width": 4, "Actual Startup Time": 3930.097, "Actual Total Time": 3930.097, "Actual Rows": 4167490, "Actual Loops": 1, "Hash Buckets": 4194304, "Hash Batches": 1, "Original Hash Batches": 1, "Peak Memory Usage": 146514, "Plans": [{"Node Type": "Bitmap Heap Scan", "Parent Relationship": "Outer", "Relation Name": "name", "Alias": "n1", "Startup Cost": 84199.57, "Total Cost": 177271.47, "Plan Rows": 4167490, "Plan Width": 4, "Actual Startup Time": 388.385, "Actual Total Time": 2366.077, "Actual Rows": 4167490, "Actual Loops": 1, "Exact Heap Blocks": 51397, "Lossy Heap Blocks": 51397, "Plans": [{"Node Type": "Bitmap Index Scan", "Parent Relationship": "Outer", "Index Name": "name_pkey", "Startup Cost": 0.0, "Total Cost": 83157.7, "Plan Rows": 4167490, "Plan Width": 0, "Actual Startup Time": 376.574, "Actual Total Time": 376.574, "Actual Rows": 4167490, "Actual Loops": 1}]}]}]}]}]}]}, "Triggers": [], "Planner Runtime": 72.542, "Total Runtime": 11277.09, "Unique SQL Id": 2457761703}}, "(64, '40')": {"explain_plan": {"Plan": {"Node Type": "Aggregate", "Strategy": "Plain", "Startup Cost": 528738.29, "Total Cost": 528738.3, "Plan Rows": 1, "Plan Width": 97, "Plans": [{"Node Type": "Hash Join", "Parent Relationship": "Outer", "Join Type": "Inner", "Startup Cost": 336662.4, "Total Cost": 526952.8, "Plan Rows": 357098, "Plan Width": 33, "Inner Unique": true, "Hash Cond": "(mc.company_id = cn.id), (LLVM Optimized)", "Plans": [{"Node Type": "Hash Join", "Parent Relationship": "Outer", "Join Type": "Inner", "Startup Cost": 329694.33, "Total Cost": 513689.03, "Plan Rows": 726589, "Plan Width": 37, "Inner Unique": false, "Hash Cond": "(ci.movie_id = t.id), (LLVM Optimized)", "Plans": [{"Node Type": "Streaming(type: LOCAL GATHER dop: 1/64)", "Parent Relationship": "Outer", "Startup Cost": 254738.78, "Total Cost": 417857.9, "Plan Rows": 1484588, "Plan Width": 20, "Plans": [{"Node Type": "Hash Join", "Parent Relationship": "Outer", "Join Type": "Inner", "Startup Cost": 254738.78, "Total Cost": 387231.02, "Plan Rows": 1484588, "Plan Width": 20, "Inner Unique": false, "Hash Cond": "(an1.person_id = ci.person_id), (LLVM Optimized)", "Plans": [{"Node Type": "Streaming(type: LOCAL REDISTRIBUTE dop: 64/1)", "Parent Relationship": "Outer", "Startup Cost": 202522.7, "Total Cost": 334446.0, "Plan Rows": 901342, "Plan Width": 24, "Plans": [{"Node Type": "Hash Join", "Parent Relationship": "Outer", "Join Type": "Inner", "Startup Cost": 202522.7, "Total Cost": 234824.58, "Plan Rows": 901342, "Plan Width": 24, "Inner Unique": true, "Hash Cond": "(an1.person_id = n1.id), (LLVM Optimized)", "Plans": [{"Node Type": "Seq Scan", "Parent Relationship": "Outer", "Relation Name": "aka_name", "Alias": "an1", "Startup Cost": 0.0, "Total Cost": 19908.42, "Plan Rows": 901342, "Plan Width": 20}, {"Node Type": "Hash", "Parent Relationship": "Inner", "Startup Cost": 150429.08, "Total Cost": 150429.08, "Plan Rows": 4167490, "Plan Width": 4, "Plans": [{"Node Type": "Streaming(type: LOCAL GATHER dop: 1/64)", "Parent Relationship": "Outer", "Startup Cost": 0.0, "Total Cost": 150429.08, "Plan Rows": 4167490, "Plan Width": 4, "Plans": [{"Node Type": "Seq Scan", "Parent Relationship": "Outer", "Relation Name": "name", "Alias": "n1", "Startup Cost": 0.0, "Total Cost": 64454.25, "Plan Rows": 4167490, "Plan Width": 4}]}]}]}]}, {"Node Type": "Hash", "Parent Relationship": "Inner", "Startup Cost": 203464.29, "Total Cost": 203464.29, "Plan Rows": 3296318, "Plan Width": 8, "Plans": [{"Node Type": "Streaming(type: LOCAL REDISTRIBUTE dop: 64/64)", "Parent Relationship": "Outer", "Startup Cost": 63002.48, "Total Cost": 203464.29, "Plan Rows": 3296318, "Plan Width": 8, "Plans": [{"Node Type": "Hash Join", "Parent Relationship": "Outer", "Join Type": "Inner", "Startup Cost": 63002.48, "Total Cost": 137341.8, "Plan Rows": 3296318, "Plan Width": 8, "Inner Unique": true, "Hash Cond": "(ci.role_id = rt.id), (LLVM Optimized)", "Plans": [{"Node Type": "Seq Scan", "Parent Relationship": "Outer", "Relation Name": "cast_info", "Alias": "ci", "Startup Cost": 0.0, "Total Cost": 72404.34, "Plan Rows": 36259494, "Plan Width": 12}, {"Node Type": "Hash", "Parent Relationship": "Inner", "Startup Cost": 63002.47, "Total Cost": 63002.47, "Plan Rows": 64, "Plan Width": 4, "Plans": [{"Node Type": "Streaming(type: BROADCAST dop: 64/1)", "Parent Relationship": "Outer", "Startup Cost": 0.0, "Total Cost": 63002.47, "Plan Rows": 64, "Plan Width": 4, "Plans": [{"Node Type": "Seq Scan", "Parent Relationship": "Outer", "Relation Name": "role_type", "Alias": "rt", "Startup Cost": 0.0, "Total Cost": 1.15, "Plan Rows": 1, "Plan Width": 4, "Filter": "((role)::text = 'costume designer'::text)"}]}]}]}]}]}]}]}, {"Node Type": "Hash", "Parent Relationship": "Inner", "Startup Cost": 169365.79, "Total Cost": 169365.79, "Plan Rows": 2609128, "Plan Width": 29, "Plans": [{"Node Type": "Hash Join", "Parent Relationship": "Outer", "Join Type": "Inner", "Startup Cost": 91673.0, "Total Cost": 169365.79, "Plan Rows": 2609128, "Plan Width": 29, "Inner Unique": true, "Hash Cond": "(mc.movie_id = t.id), (LLVM Optimized)", "Plans": [{"Node Type": "Seq Scan", "Parent Relationship": "Outer", "Relation Name": "movie_companies", "Alias": "mc", "Startup Cost": 0.0, "Total Cost": 41817.28, "Plan Rows": 2609128, "Plan Width": 8}, {"Node Type": "Hash", "Parent Relationship": "Inner", "Startup Cost": 60069.11, "Total Cost": 60069.11, "Plan Rows": 2528311, "Plan Width": 21, "Plans": [{"Node Type": "Seq Scan", "Parent Relationship": "Outer", "Relation Name": "title", "Alias": "t", "Startup Cost": 0.0, "Total Cost": 60069.11, "Plan Rows": 2528311, "Plan Width": 21}]}]}]}]}, {"Node Type": "Hash", "Parent Relationship": "Inner", "Startup Cost": 5903.45, "Total Cost": 5903.45, "Plan Rows": 85170, "Plan Width": 4, "Plans": [{"Node Type": "Seq Scan", "Parent Relationship": "Outer", "Relation Name": "company_name", "Alias": "cn", "Startup Cost": 0.0, "Total Cost": 5903.45, "Plan Rows": 85170, "Plan Width": 4, "Filter": "((country_code)::text = '[us]'::text)"}]}]}]}, "Unique SQL Id": 2457761703, "Planner Runtime": 166}, "explain_analyze_plan": {"Plan": {"Node Type": "Aggregate", "Strategy": "Plain", "Startup Cost": 528738.29, "Total Cost": 528738.3, "Plan Rows": 1, "Plan Width": 97, "Actual Min Startup Time": 6856.27, "Actual Max Startup Time": 6856.27, "Actual Min Total Time": 6856.271, "Actual Max Total Time": 6856.271, "Plans": [{"Node Type": "Hash Join", "Parent Relationship": "Outer", "Join Type": "Inner", "Startup Cost": 336662.4, "Total Cost": 526952.8, "Plan Rows": 357098, "Plan Width": 33, "Actual Min Startup Time": 5249.401, "Actual Max Startup Time": 5249.401, "Actual Min Total Time": 6705.964, "Actual Max Total Time": 6705.964, "Inner Unique": true, "Hash Cond": "(mc.company_id = cn.id), (LLVM Optimized, Jit Execute)", "Plans": [{"Node Type": "Hash Join", "Parent Relationship": "Outer", "Join Type": "Inner", "Startup Cost": 329694.33, "Total Cost": 513689.03, "Plan Rows": 726589, "Plan Width": 37, "Actual Min Startup Time": 5130.68, "Actual Max Startup Time": 5130.68, "Actual Min Total Time": 6388.767, "Actual Max Total Time": 6388.767, "Inner Unique": false, "Hash Cond": "(ci.movie_id = t.id), (LLVM Optimized, Jit Execute)", "Plans": [{"Node Type": "Streaming(type: LOCAL GATHER dop: 1/64)", "Parent Relationship": "Outer", "Startup Cost": 254738.78, "Total Cost": 417857.9, "Plan Rows": 1484588, "Plan Width": 20, "Actual Min Startup Time": 0.186, "Actual Max Startup Time": 0.186, "Actual Min Total Time": 983.556, "Actual Max Total Time": 983.556, "Plans": [{"Node Type": "Hash Join", "Parent Relationship": "Outer", "Join Type": "Inner", "Startup Cost": 254738.78, "Total Cost": 387231.02, "Plan Rows": 1484588, "Plan Width": 20, "Actual Min Startup Time": 2904.02, "Actual Max Startup Time": 5001.056, "Actual Min Total Time": 4507.096, "Actual Max Total Time": 6552.353, "Inner Unique": false, "Hash Cond": "(an1.person_id = ci.person_id), (LLVM Optimized, Jit Execute)", "Plans": [{"Node Type": "Streaming(type: LOCAL REDISTRIBUTE dop: 64/1)", "Parent Relationship": "Outer", "Startup Cost": 202522.7, "Total Cost": 334446.0, "Plan Rows": 901342, "Plan Width": 24, "Actual Min Startup Time": 2648.309, "Actual Max Startup Time": 2658.987, "Actual Min Total Time": 4210.018, "Actual Max Total Time": 5937.182, "Plans": [{"Node Type": "Hash Join", "Parent Relationship": "Outer", "Join Type": "Inner", "Startup Cost": 202522.7, "Total Cost": 234824.58, "Plan Rows": 901342, "Plan Width": 24, "Actual Min Startup Time": 2900.815, "Actual Max Startup Time": 2900.815, "Actual Min Total Time": 3642.451, "Actual Max Total Time": 3642.451, "Inner Unique": true, "Hash Cond": "(an1.person_id = n1.id), (LLVM Optimized, Jit Execute)", "Plans": [{"Node Type": "Seq Scan", "Parent Relationship": "Outer", "Relation Name": "aka_name", "Alias": "an1", "Startup Cost": 0.0, "Total Cost": 19908.42, "Plan Rows": 901342, "Plan Width": 20, "Actual Min Startup Time": 0.033, "Actual Max Startup Time": 0.033, "Actual Min Total Time": 226.164, "Actual Max Total Time": 226.164, "Actual Rows": 901342}, {"Node Type": "Hash", "Parent Relationship": "Inner", "Startup Cost": 150429.08, "Total Cost": 150429.08, "Plan Rows": 4167490, "Plan Width": 4, "Actual Min Startup Time": 2898.206, "Actual Max Startup Time": 2898.206, "Actual Min Total Time": 2898.206, "Actual Max Total Time": 2898.206, "Max Hash Buckets": 4194304, "Min Hash Buckets": 4194304, "Max Hash Batches": 1, "Min Hash Batches": 1, "Max Original Hash Batches": 1, "Min Original Hash Batches": 1, "Max Peak Memory Usage": 146514, "min Peak Memory Usage": 146514, "Plans": [{"Node Type": "Streaming(type: LOCAL GATHER dop: 1/64)", "Parent Relationship": "Outer", "Startup Cost": 0.0, "Total Cost": 150429.08, "Plan Rows": 4167490, "Plan Width": 4, "Actual Min Startup Time": 0.152, "Actual Max Startup Time": 0.152, "Actual Min Total Time": 1744.697, "Actual Max Total Time": 1744.697, "Plans": [{"Node Type": "Seq Scan", "Parent Relationship": "Outer", "Relation Name": "name", "Alias": "n1", "Startup Cost": 0.0, "Total Cost": 64454.25, "Plan Rows": 4167490, "Plan Width": 4, "Actual Min Startup Time": 0.018, "Actual Max Startup Time": 0.044, "Actual Min Total Time": 18.96, "Actual Max Total Time": 23.576, "Actual Rows": 4167490}], "Actual Rows": 4167490}], "Actual Rows": 4167490}], "Actual Rows": 901342}], "Actual Rows": 901342}, {"Node Type": "Hash", "Parent Relationship": "Inner", "Startup Cost": 203464.29, "Total Cost": 203464.29, "Plan Rows": 3296318, "Plan Width": 8, "Actual Min Startup Time": 251.014, "Actual Max Startup Time": 617.726, "Actual Min Total Time": 251.014, "Actual Max Total Time": 617.726, "Max Hash Buckets": 65536, "Min Hash Buckets": 65536, "Max Hash Batches": 1, "Min Hash Batches": 1, "Max Original Hash Batches": 1, "Min Original Hash Batches": 1, "Max Peak Memory Usage": 153, "min Peak Memory Usage": 153, "Plans": [{"Node Type": "Streaming(type: LOCAL REDISTRIBUTE dop: 64/64)", "Parent Relationship": "Outer", "Startup Cost": 63002.48, "Total Cost": 203464.29, "Plan Rows": 3296318, "Plan Width": 8, "Actual Min Startup Time": 0.126, "Actual Max Startup Time": 331.621, "Actual Min Total Time": 250.064, "Actual Max Total Time": 616.635, "Plans": [{"Node Type": "Hash Join", "Parent Relationship": "Outer", "Join Type": "Inner", "Startup Cost": 63002.48, "Total Cost": 137341.8, "Plan Rows": 3296318, "Plan Width": 8, "Actual Min Startup Time": 184.436, "Actual Max Startup Time": 286.242, "Actual Min Total Time": 231.359, "Actual Max Total Time": 286.242, "Inner Unique": true, "Hash Cond": "(ci.role_id = rt.id), (LLVM Optimized, Jit Execute)", "Plans": [{"Node Type": "Seq Scan", "Parent Relationship": "Outer", "Relation Name": "cast_info", "Alias": "ci", "Startup Cost": 0.0, "Total Cost": 72404.34, "Plan Rows": 36259494, "Plan Width": 12, "Actual Min Startup Time": 0.027, "Actual Max Startup Time": 0.061, "Actual Min Total Time": 127.977, "Actual Max Total Time": 141.649, "Actual Rows": 36244343}, {"Node Type": "Hash", "Parent Relationship": "Inner", "Startup Cost": 63002.47, "Total Cost": 63002.47, "Plan Rows": 64, "Plan Width": 4, "Actual Min Startup Time": 0.012, "Actual Max Startup Time": 54.189, "Actual Min Total Time": 0.012, "Actual Max Total Time": 54.189, "Max Hash Buckets": 32768, "Min Hash Buckets": 32768, "Max Hash Batches": 1, "Min Hash Batches": 1, "Max Original Hash Batches": 1, "Min Original Hash Batches": 1, "Max Peak Memory Usage": 1, "min Peak Memory Usage": 1, "Plans": [{"Node Type": "Streaming(type: BROADCAST dop: 64/1)", "Parent Relationship": "Outer", "Startup Cost": 0.0, "Total Cost": 63002.47, "Plan Rows": 64, "Plan Width": 4, "Actual Min Startup Time": 0.003, "Actual Max Startup Time": 54.169, "Actual Min Total Time": 0.004, "Actual Max Total Time": 54.17, "Plans": [{"Node Type": "Seq Scan", "Parent Relationship": "Outer", "Relation Name": "role_type", "Alias": "rt", "Startup Cost": 0.0, "Total Cost": 1.15, "Plan Rows": 1, "Plan Width": 4, "Actual Min Startup Time": 0.026, "Actual Max Startup Time": 0.026, "Actual Min Total Time": 0.03, "Actual Max Total Time": 0.03, "Filter": "((role)::text = 'costume designer'::text)", "Rows Removed by Filter": 11, "Actual Rows": 1}], "Actual Rows": 64}], "Actual Rows": 64}], "Actual Rows": 276403}], "Actual Rows": 276403}], "Actual Rows": 276403}], "Actual Rows": 218966}], "Actual Rows": 218966}, {"Node Type": "Hash", "Parent Relationship": "Inner", "Startup Cost": 169365.79, "Total Cost": 169365.79, "Plan Rows": 2609128, "Plan Width": 29, "Actual Min Startup Time": 5122.871, "Actual Max Startup Time": 5122.871, "Actual Min Total Time": 5122.871, "Actual Max Total Time": 5122.871, "Max Hash Buckets": 4194304, "Min Hash Buckets": 4194304, "Max Hash Batches": 1, "Min Hash Batches": 1, "Max Original Hash Batches": 1, "Min Original Hash Batches": 1, "Max Peak Memory Usage": 164769, "min Peak Memory Usage": 164769, "Plans": [{"Node Type": "Hash Join", "Parent Relationship": "Outer", "Join Type": "Inner", "Startup Cost": 91673.0, "Total Cost": 169365.79, "Plan Rows": 2609128, "Plan Width": 29, "Actual Min Startup Time": 1876.312, "Actual Max Startup Time": 1876.312, "Actual Min Total Time": 4112.233, "Actual Max Total Time": 4112.233, "Inner Unique": true, "Hash Cond": "(mc.movie_id = t.id), (LLVM Optimized, Jit Execute)", "Plans": [{"Node Type": "Seq Scan", "Parent Relationship": "Outer", "Relation Name": "movie_companies", "Alias": "mc", "Startup Cost": 0.0, "Total Cost": 41817.28, "Plan Rows": 2609128, "Plan Width": 8, "Actual Min Startup Time": 0.034, "Actual Max Startup Time": 0.034, "Actual Min Total Time": 589.387, "Actual Max Total Time": 589.387, "Actual Rows": 2609128}, {"Node Type": "Hash", "Parent Relationship": "Inner", "Startup Cost": 60069.11, "Total Cost": 60069.11, "Plan Rows": 2528311, "Plan Width": 21, "Actual Min Startup Time": 1873.717, "Actual Max Startup Time": 1873.717, "Actual Min Total Time": 1873.717, "Actual Max Total Time": 1873.717, "Max Hash Buckets": 4194304, "Min Hash Buckets": 4194304, "Max Hash Batches": 1, "Min Hash Batches": 1, "Max Original Hash Batches": 1, "Min Original Hash Batches": 1, "Max Peak Memory Usage": 135869, "min Peak Memory Usage": 135869, "Plans": [{"Node Type": "Seq Scan", "Parent Relationship": "Outer", "Relation Name": "title", "Alias": "t", "Startup Cost": 0.0, "Total Cost": 60069.11, "Plan Rows": 2528311, "Plan Width": 21, "Actual Min Startup Time": 0.031, "Actual Max Startup Time": 0.031, "Actual Min Total Time": 853.163, "Actual Max Total Time": 853.163, "Actual Rows": 2528311}], "Actual Rows": 2528311}], "Actual Rows": 2609128}], "Actual Rows": 2609128}], "Actual Rows": 752819}, {"Node Type": "Hash", "Parent Relationship": "Inner", "Startup Cost": 5903.45, "Total Cost": 5903.45, "Plan Rows": 85170, "Plan Width": 4, "Actual Min Startup Time": 118.572, "Actual Max Startup Time": 118.572, "Actual Min Total Time": 118.572, "Actual Max Total Time": 118.572, "Max Hash Buckets": 131072, "Min Hash Buckets": 131072, "Max Hash Batches": 1, "Min Hash Batches": 1, "Max Original Hash Batches": 1, "Min Original Hash Batches": 1, "Max Peak Memory Usage": 2983, "min Peak Memory Usage": 2983, "Plans": [{"Node Type": "Seq Scan", "Parent Relationship": "Outer", "Relation Name": "company_name", "Alias": "cn", "Startup Cost": 0.0, "Total Cost": 5903.45, "Plan Rows": 85170, "Plan Width": 4, "Actual Min Startup Time": 0.062, "Actual Max Startup Time": 0.062, "Actual Min Total Time": 96.64, "Actual Max Total Time": 96.64, "Filter": "((country_code)::text = '[us]'::text)", "Rows Removed by Filter": 150153, "Actual Rows": 84843}], "Actual Rows": 84843}], "Actual Rows": 323005}], "Actual Rows": 1}, "Triggers": [], "Planner Runtime": 175.338, "Total Runtime": 6911.384, "Unique SQL Id": 2457761703}}, "(64, '41')": {"explain_plan": {"Plan": {"Node Type": "Aggregate", "Strategy": "Plain", "Startup Cost": 807029.54, "Total Cost": 807029.55, "Plan Rows": 1, "Plan Width": 97, "Plans": [{"Node Type": "Hash Join", "Parent Relationship": "Outer", "Join Type": "Inner", "Startup Cost": 729292.26, "Total Cost": 805244.05, "Plan Rows": 357098, "Plan Width": 33, "Inner Unique": false, "Hash Cond": "(an1.person_id = n1.id), (LLVM Optimized)", "Plans": [{"Node Type": "Index Scan", "Parent Relationship": "Outer", "Scan Direction": "Forward", "Index Name": "person_id_aka_name", "Relation Name": "aka_name", "Alias": "an1", "Startup Cost": 0.0, "Total Cost": 68965.03, "Plan Rows": 901342, "Plan Width": 20}, {"Node Type": "Hash", "Parent Relationship": "Inner", "Startup Cost": 720411.52, "Total Cost": 720411.52, "Plan Rows": 710459, "Plan Width": 25, "Plans": [{"Node Type": "Hash Join", "Parent Relationship": "Outer", "Join Type": "Inner", "Startup Cost": 510158.12, "Total Cost": 720411.52, "Plan Rows": 710459, "Plan Width": 25, "Inner Unique": true, "Hash Cond": "(ci.person_id = n1.id), (LLVM Optimized)", "Plans": [{"Node Type": "Hash Join", "Parent Relationship": "Outer", "Join Type": "Inner", "Startup Cost": 333231.89, "Total Cost": 533716.49, "Plan Rows": 710459, "Plan Width": 21, "Inner Unique": false, "Hash Cond": "(ci.movie_id = t.id), (LLVM Optimized)", "Plans": [{"Node Type": "Nested Loop", "Parent Relationship": "Outer", "Join Type": "Inner", "Startup Cost": 0.0, "Total Cost": 171418.25, "Plan Rows": 3296318, "Plan Width": 8, "Inner Unique": false, "Plans": [{"Node Type": "Index Scan", "Parent Relationship": "Outer", "Scan Direction": "Forward", "Index Name": "role_type_pkey", "Relation Name": "role_type", "Alias": "rt", "Startup Cost": 0.0, "Total Cost": 12.46, "Plan Rows": 1, "Plan Width": 4, "Filter": "((role)::text = 'costume designer'::text)"}, {"Node Type": "Index Scan", "Parent Relationship": "Inner", "Scan Direction": "Forward", "Index Name": "role_id_cast_info", "Relation Name": "cast_info", "Alias": "ci", "Startup Cost": 0.0, "Total Cost": 138442.61, "Plan Rows": 3296318, "Plan Width": 12, "Index Cond": "(role_id = rt.id), (LLVM Optimized)"}]}, {"Node Type": "Hash", "Parent Relationship": "Inner", "Startup Cost": 317203.01, "Total Cost": 317203.01, "Plan Rows": 1282311, "Plan Width": 25, "Plans": [{"Node Type": "Hash Join", "Parent Relationship": "Outer", "Join Type": "Inner", "Startup Cost": 153290.39, "Total Cost": 317203.01, "Plan Rows": 1282311, "Plan Width": 25, "Inner Unique": true, "Hash Cond": "(mc.movie_id = t.id), (LLVM Optimized)", "Plans": [{"Node Type": "Hash Join", "Parent Relationship": "Outer", "Join Type": "Inner", "Startup Cost": 11566.01, "Total Cost": 157846.85, "Plan Rows": 1282311, "Plan Width": 4, "Inner Unique": true, "Hash Cond": "(mc.company_id = cn.id), (LLVM Optimized)", "Plans": [{"Node Type": "Index Scan", "Parent Relationship": "Outer", "Scan Direction": "Forward", "Index Name": "company_id_movie_companies", "Relation Name": "movie_companies", "Alias": "mc", "Startup Cost": 0.0, "Total Cost": 123673.5, "Plan Rows": 2609128, "Plan Width": 8}, {"Node Type": "Hash", "Parent Relationship": "Inner", "Startup Cost": 10501.39, "Total Cost": 10501.39, "Plan Rows": 85170, "Plan Width": 4, "Plans": [{"Node Type": "Index Scan", "Parent Relationship": "Outer", "Scan Direction": "Forward", "Index Name": "company_name_pkey", "Relation Name": "company_name", "Alias": "cn", "Startup Cost": 0.0, "Total Cost": 10501.39, "Plan Rows": 85170, "Plan Width": 4, "Filter": "((country_code)::text = '[us]'::text)"}]}]}, {"Node Type": "Hash", "Parent Relationship": "Inner", "Startup Cost": 110120.49, "Total Cost": 110120.49, "Plan Rows": 2528311, "Plan Width": 21, "Plans": [{"Node Type": "Index Scan", "Parent Relationship": "Outer", "Scan Direction": "Forward", "Index Name": "title_pkey", "Relation Name": "title", "Alias": "t", "Startup Cost": 0.0, "Total Cost": 110120.49, "Plan Rows": 2528311, "Plan Width": 21}]}]}]}]}, {"Node Type": "Hash", "Parent Relationship": "Inner", "Startup Cost": 124832.6, "Total Cost": 124832.6, "Plan Rows": 4167490, "Plan Width": 4, "Plans": [{"Node Type": "Index Only Scan", "Parent Relationship": "Outer", "Scan Direction": "Forward", "Index Name": "name_pkey", "Relation Name": "name", "Alias": "n1", "Startup Cost": 0.0, "Total Cost": 124832.6, "Plan Rows": 4167490, "Plan Width": 4}]}]}]}]}]}, "Unique SQL Id": 2457761703, "Planner Runtime": 92}, "explain_analyze_plan": null}, "(64, '42')": {"explain_plan": {"Plan": {"Node Type": "Aggregate", "Strategy": "Plain", "Startup Cost": 528738.29, "Total Cost": 528738.3, "Plan Rows": 1, "Plan Width": 97, "Plans": [{"Node Type": "Hash Join", "Parent Relationship": "Outer", "Join Type": "Inner", "Startup Cost": 336662.4, "Total Cost": 526952.8, "Plan Rows": 357098, "Plan Width": 33, "Inner Unique": true, "Hash Cond": "(mc.company_id = cn.id), (LLVM Optimized)", "Plans": [{"Node Type": "Hash Join", "Parent Relationship": "Outer", "Join Type": "Inner", "Startup Cost": 329694.33, "Total Cost": 513689.03, "Plan Rows": 726589, "Plan Width": 37, "Inner Unique": false, "Hash Cond": "(ci.movie_id = t.id), (LLVM Optimized)", "Plans": [{"Node Type": "Streaming(type: LOCAL GATHER dop: 1/64)", "Parent Relationship": "Outer", "Startup Cost": 254738.78, "Total Cost": 417857.9, "Plan Rows": 1484588, "Plan Width": 20, "Plans": [{"Node Type": "Hash Join", "Parent Relationship": "Outer", "Join Type": "Inner", "Startup Cost": 254738.78, "Total Cost": 387231.02, "Plan Rows": 1484588, "Plan Width": 20, "Inner Unique": false, "Hash Cond": "(an1.person_id = ci.person_id), (LLVM Optimized)", "Plans": [{"Node Type": "Streaming(type: LOCAL REDISTRIBUTE dop: 64/1)", "Parent Relationship": "Outer", "Startup Cost": 202522.7, "Total Cost": 334446.0, "Plan Rows": 901342, "Plan Width": 24, "Plans": [{"Node Type": "Hash Join", "Parent Relationship": "Outer", "Join Type": "Inner", "Startup Cost": 202522.7, "Total Cost": 234824.58, "Plan Rows": 901342, "Plan Width": 24, "Inner Unique": true, "Hash Cond": "(an1.person_id = n1.id), (LLVM Optimized)", "Plans": [{"Node Type": "Seq Scan", "Parent Relationship": "Outer", "Relation Name": "aka_name", "Alias": "an1", "Startup Cost": 0.0, "Total Cost": 19908.42, "Plan Rows": 901342, "Plan Width": 20}, {"Node Type": "Hash", "Parent Relationship": "Inner", "Startup Cost": 150429.08, "Total Cost": 150429.08, "Plan Rows": 4167490, "Plan Width": 4, "Plans": [{"Node Type": "Streaming(type: LOCAL GATHER dop: 1/64)", "Parent Relationship": "Outer", "Startup Cost": 0.0, "Total Cost": 150429.08, "Plan Rows": 4167490, "Plan Width": 4, "Plans": [{"Node Type": "Seq Scan", "Parent Relationship": "Outer", "Relation Name": "name", "Alias": "n1", "Startup Cost": 0.0, "Total Cost": 64454.25, "Plan Rows": 4167490, "Plan Width": 4}]}]}]}]}, {"Node Type": "Hash", "Parent Relationship": "Inner", "Startup Cost": 203464.29, "Total Cost": 203464.29, "Plan Rows": 3296318, "Plan Width": 8, "Plans": [{"Node Type": "Streaming(type: LOCAL REDISTRIBUTE dop: 64/64)", "Parent Relationship": "Outer", "Startup Cost": 63002.48, "Total Cost": 203464.29, "Plan Rows": 3296318, "Plan Width": 8, "Plans": [{"Node Type": "Hash Join", "Parent Relationship": "Outer", "Join Type": "Inner", "Startup Cost": 63002.48, "Total Cost": 137341.8, "Plan Rows": 3296318, "Plan Width": 8, "Inner Unique": true, "Hash Cond": "(ci.role_id = rt.id), (LLVM Optimized)", "Plans": [{"Node Type": "Seq Scan", "Parent Relationship": "Outer", "Relation Name": "cast_info", "Alias": "ci", "Startup Cost": 0.0, "Total Cost": 72404.34, "Plan Rows": 36259494, "Plan Width": 12}, {"Node Type": "Hash", "Parent Relationship": "Inner", "Startup Cost": 63002.47, "Total Cost": 63002.47, "Plan Rows": 64, "Plan Width": 4, "Plans": [{"Node Type": "Streaming(type: BROADCAST dop: 64/1)", "Parent Relationship": "Outer", "Startup Cost": 0.0, "Total Cost": 63002.47, "Plan Rows": 64, "Plan Width": 4, "Plans": [{"Node Type": "Seq Scan", "Parent Relationship": "Outer", "Relation Name": "role_type", "Alias": "rt", "Startup Cost": 0.0, "Total Cost": 1.15, "Plan Rows": 1, "Plan Width": 4, "Filter": "((role)::text = 'costume designer'::text)"}]}]}]}]}]}]}]}, {"Node Type": "Hash", "Parent Relationship": "Inner", "Startup Cost": 169365.79, "Total Cost": 169365.79, "Plan Rows": 2609128, "Plan Width": 29, "Plans": [{"Node Type": "Hash Join", "Parent Relationship": "Outer", "Join Type": "Inner", "Startup Cost": 91673.0, "Total Cost": 169365.79, "Plan Rows": 2609128, "Plan Width": 29, "Inner Unique": true, "Hash Cond": "(mc.movie_id = t.id), (LLVM Optimized)", "Plans": [{"Node Type": "Seq Scan", "Parent Relationship": "Outer", "Relation Name": "movie_companies", "Alias": "mc", "Startup Cost": 0.0, "Total Cost": 41817.28, "Plan Rows": 2609128, "Plan Width": 8}, {"Node Type": "Hash", "Parent Relationship": "Inner", "Startup Cost": 60069.11, "Total Cost": 60069.11, "Plan Rows": 2528311, "Plan Width": 21, "Plans": [{"Node Type": "Seq Scan", "Parent Relationship": "Outer", "Relation Name": "title", "Alias": "t", "Startup Cost": 0.0, "Total Cost": 60069.11, "Plan Rows": 2528311, "Plan Width": 21}]}]}]}]}, {"Node Type": "Hash", "Parent Relationship": "Inner", "Startup Cost": 5903.45, "Total Cost": 5903.45, "Plan Rows": 85170, "Plan Width": 4, "Plans": [{"Node Type": "Seq Scan", "Parent Relationship": "Outer", "Relation Name": "company_name", "Alias": "cn", "Startup Cost": 0.0, "Total Cost": 5903.45, "Plan Rows": 85170, "Plan Width": 4, "Filter": "((country_code)::text = '[us]'::text)"}]}]}]}, "Unique SQL Id": 2457761703, "Planner Runtime": 185}, "explain_analyze_plan": {"Plan": {"Node Type": "Aggregate", "Strategy": "Plain", "Startup Cost": 528738.29, "Total Cost": 528738.3, "Plan Rows": 1, "Plan Width": 97, "Actual Min Startup Time": 6856.27, "Actual Max Startup Time": 6856.27, "Actual Min Total Time": 6856.271, "Actual Max Total Time": 6856.271, "Plans": [{"Node Type": "Hash Join", "Parent Relationship": "Outer", "Join Type": "Inner", "Startup Cost": 336662.4, "Total Cost": 526952.8, "Plan Rows": 357098, "Plan Width": 33, "Actual Min Startup Time": 5249.401, "Actual Max Startup Time": 5249.401, "Actual Min Total Time": 6705.964, "Actual Max Total Time": 6705.964, "Inner Unique": true, "Hash Cond": "(mc.company_id = cn.id), (LLVM Optimized, Jit Execute)", "Plans": [{"Node Type": "Hash Join", "Parent Relationship": "Outer", "Join Type": "Inner", "Startup Cost": 329694.33, "Total Cost": 513689.03, "Plan Rows": 726589, "Plan Width": 37, "Actual Min Startup Time": 5130.68, "Actual Max Startup Time": 5130.68, "Actual Min Total Time": 6388.767, "Actual Max Total Time": 6388.767, "Inner Unique": false, "Hash Cond": "(ci.movie_id = t.id), (LLVM Optimized, Jit Execute)", "Plans": [{"Node Type": "Streaming(type: LOCAL GATHER dop: 1/64)", "Parent Relationship": "Outer", "Startup Cost": 254738.78, "Total Cost": 417857.9, "Plan Rows": 1484588, "Plan Width": 20, "Actual Min Startup Time": 0.186, "Actual Max Startup Time": 0.186, "Actual Min Total Time": 983.556, "Actual Max Total Time": 983.556, "Plans": [{"Node Type": "Hash Join", "Parent Relationship": "Outer", "Join Type": "Inner", "Startup Cost": 254738.78, "Total Cost": 387231.02, "Plan Rows": 1484588, "Plan Width": 20, "Actual Min Startup Time": 2904.02, "Actual Max Startup Time": 5001.056, "Actual Min Total Time": 4507.096, "Actual Max Total Time": 6552.353, "Inner Unique": false, "Hash Cond": "(an1.person_id = ci.person_id), (LLVM Optimized, Jit Execute)", "Plans": [{"Node Type": "Streaming(type: LOCAL REDISTRIBUTE dop: 64/1)", "Parent Relationship": "Outer", "Startup Cost": 202522.7, "Total Cost": 334446.0, "Plan Rows": 901342, "Plan Width": 24, "Actual Min Startup Time": 2648.309, "Actual Max Startup Time": 2658.987, "Actual Min Total Time": 4210.018, "Actual Max Total Time": 5937.182, "Plans": [{"Node Type": "Hash Join", "Parent Relationship": "Outer", "Join Type": "Inner", "Startup Cost": 202522.7, "Total Cost": 234824.58, "Plan Rows": 901342, "Plan Width": 24, "Actual Min Startup Time": 2900.815, "Actual Max Startup Time": 2900.815, "Actual Min Total Time": 3642.451, "Actual Max Total Time": 3642.451, "Inner Unique": true, "Hash Cond": "(an1.person_id = n1.id), (LLVM Optimized, Jit Execute)", "Plans": [{"Node Type": "Seq Scan", "Parent Relationship": "Outer", "Relation Name": "aka_name", "Alias": "an1", "Startup Cost": 0.0, "Total Cost": 19908.42, "Plan Rows": 901342, "Plan Width": 20, "Actual Min Startup Time": 0.033, "Actual Max Startup Time": 0.033, "Actual Min Total Time": 226.164, "Actual Max Total Time": 226.164, "Actual Rows": 901342}, {"Node Type": "Hash", "Parent Relationship": "Inner", "Startup Cost": 150429.08, "Total Cost": 150429.08, "Plan Rows": 4167490, "Plan Width": 4, "Actual Min Startup Time": 2898.206, "Actual Max Startup Time": 2898.206, "Actual Min Total Time": 2898.206, "Actual Max Total Time": 2898.206, "Max Hash Buckets": 4194304, "Min Hash Buckets": 4194304, "Max Hash Batches": 1, "Min Hash Batches": 1, "Max Original Hash Batches": 1, "Min Original Hash Batches": 1, "Max Peak Memory Usage": 146514, "min Peak Memory Usage": 146514, "Plans": [{"Node Type": "Streaming(type: LOCAL GATHER dop: 1/64)", "Parent Relationship": "Outer", "Startup Cost": 0.0, "Total Cost": 150429.08, "Plan Rows": 4167490, "Plan Width": 4, "Actual Min Startup Time": 0.152, "Actual Max Startup Time": 0.152, "Actual Min Total Time": 1744.697, "Actual Max Total Time": 1744.697, "Plans": [{"Node Type": "Seq Scan", "Parent Relationship": "Outer", "Relation Name": "name", "Alias": "n1", "Startup Cost": 0.0, "Total Cost": 64454.25, "Plan Rows": 4167490, "Plan Width": 4, "Actual Min Startup Time": 0.018, "Actual Max Startup Time": 0.044, "Actual Min Total Time": 18.96, "Actual Max Total Time": 23.576, "Actual Rows": 4167490}], "Actual Rows": 4167490}], "Actual Rows": 4167490}], "Actual Rows": 901342}], "Actual Rows": 901342}, {"Node Type": "Hash", "Parent Relationship": "Inner", "Startup Cost": 203464.29, "Total Cost": 203464.29, "Plan Rows": 3296318, "Plan Width": 8, "Actual Min Startup Time": 251.014, "Actual Max Startup Time": 617.726, "Actual Min Total Time": 251.014, "Actual Max Total Time": 617.726, "Max Hash Buckets": 65536, "Min Hash Buckets": 65536, "Max Hash Batches": 1, "Min Hash Batches": 1, "Max Original Hash Batches": 1, "Min Original Hash Batches": 1, "Max Peak Memory Usage": 153, "min Peak Memory Usage": 153, "Plans": [{"Node Type": "Streaming(type: LOCAL REDISTRIBUTE dop: 64/64)", "Parent Relationship": "Outer", "Startup Cost": 63002.48, "Total Cost": 203464.29, "Plan Rows": 3296318, "Plan Width": 8, "Actual Min Startup Time": 0.126, "Actual Max Startup Time": 331.621, "Actual Min Total Time": 250.064, "Actual Max Total Time": 616.635, "Plans": [{"Node Type": "Hash Join", "Parent Relationship": "Outer", "Join Type": "Inner", "Startup Cost": 63002.48, "Total Cost": 137341.8, "Plan Rows": 3296318, "Plan Width": 8, "Actual Min Startup Time": 184.436, "Actual Max Startup Time": 286.242, "Actual Min Total Time": 231.359, "Actual Max Total Time": 286.242, "Inner Unique": true, "Hash Cond": "(ci.role_id = rt.id), (LLVM Optimized, Jit Execute)", "Plans": [{"Node Type": "Seq Scan", "Parent Relationship": "Outer", "Relation Name": "cast_info", "Alias": "ci", "Startup Cost": 0.0, "Total Cost": 72404.34, "Plan Rows": 36259494, "Plan Width": 12, "Actual Min Startup Time": 0.027, "Actual Max Startup Time": 0.061, "Actual Min Total Time": 127.977, "Actual Max Total Time": 141.649, "Actual Rows": 36244343}, {"Node Type": "Hash", "Parent Relationship": "Inner", "Startup Cost": 63002.47, "Total Cost": 63002.47, "Plan Rows": 64, "Plan Width": 4, "Actual Min Startup Time": 0.012, "Actual Max Startup Time": 54.189, "Actual Min Total Time": 0.012, "Actual Max Total Time": 54.189, "Max Hash Buckets": 32768, "Min Hash Buckets": 32768, "Max Hash Batches": 1, "Min Hash Batches": 1, "Max Original Hash Batches": 1, "Min Original Hash Batches": 1, "Max Peak Memory Usage": 1, "min Peak Memory Usage": 1, "Plans": [{"Node Type": "Streaming(type: BROADCAST dop: 64/1)", "Parent Relationship": "Outer", "Startup Cost": 0.0, "Total Cost": 63002.47, "Plan Rows": 64, "Plan Width": 4, "Actual Min Startup Time": 0.003, "Actual Max Startup Time": 54.169, "Actual Min Total Time": 0.004, "Actual Max Total Time": 54.17, "Plans": [{"Node Type": "Seq Scan", "Parent Relationship": "Outer", "Relation Name": "role_type", "Alias": "rt", "Startup Cost": 0.0, "Total Cost": 1.15, "Plan Rows": 1, "Plan Width": 4, "Actual Min Startup Time": 0.026, "Actual Max Startup Time": 0.026, "Actual Min Total Time": 0.03, "Actual Max Total Time": 0.03, "Filter": "((role)::text = 'costume designer'::text)", "Rows Removed by Filter": 11, "Actual Rows": 1}], "Actual Rows": 64}], "Actual Rows": 64}], "Actual Rows": 276403}], "Actual Rows": 276403}], "Actual Rows": 276403}], "Actual Rows": 218966}], "Actual Rows": 218966}, {"Node Type": "Hash", "Parent Relationship": "Inner", "Startup Cost": 169365.79, "Total Cost": 169365.79, "Plan Rows": 2609128, "Plan Width": 29, "Actual Min Startup Time": 5122.871, "Actual Max Startup Time": 5122.871, "Actual Min Total Time": 5122.871, "Actual Max Total Time": 5122.871, "Max Hash Buckets": 4194304, "Min Hash Buckets": 4194304, "Max Hash Batches": 1, "Min Hash Batches": 1, "Max Original Hash Batches": 1, "Min Original Hash Batches": 1, "Max Peak Memory Usage": 164769, "min Peak Memory Usage": 164769, "Plans": [{"Node Type": "Hash Join", "Parent Relationship": "Outer", "Join Type": "Inner", "Startup Cost": 91673.0, "Total Cost": 169365.79, "Plan Rows": 2609128, "Plan Width": 29, "Actual Min Startup Time": 1876.312, "Actual Max Startup Time": 1876.312, "Actual Min Total Time": 4112.233, "Actual Max Total Time": 4112.233, "Inner Unique": true, "Hash Cond": "(mc.movie_id = t.id), (LLVM Optimized, Jit Execute)", "Plans": [{"Node Type": "Seq Scan", "Parent Relationship": "Outer", "Relation Name": "movie_companies", "Alias": "mc", "Startup Cost": 0.0, "Total Cost": 41817.28, "Plan Rows": 2609128, "Plan Width": 8, "Actual Min Startup Time": 0.034, "Actual Max Startup Time": 0.034, "Actual Min Total Time": 589.387, "Actual Max Total Time": 589.387, "Actual Rows": 2609128}, {"Node Type": "Hash", "Parent Relationship": "Inner", "Startup Cost": 60069.11, "Total Cost": 60069.11, "Plan Rows": 2528311, "Plan Width": 21, "Actual Min Startup Time": 1873.717, "Actual Max Startup Time": 1873.717, "Actual Min Total Time": 1873.717, "Actual Max Total Time": 1873.717, "Max Hash Buckets": 4194304, "Min Hash Buckets": 4194304, "Max Hash Batches": 1, "Min Hash Batches": 1, "Max Original Hash Batches": 1, "Min Original Hash Batches": 1, "Max Peak Memory Usage": 135869, "min Peak Memory Usage": 135869, "Plans": [{"Node Type": "Seq Scan", "Parent Relationship": "Outer", "Relation Name": "title", "Alias": "t", "Startup Cost": 0.0, "Total Cost": 60069.11, "Plan Rows": 2528311, "Plan Width": 21, "Actual Min Startup Time": 0.031, "Actual Max Startup Time": 0.031, "Actual Min Total Time": 853.163, "Actual Max Total Time": 853.163, "Actual Rows": 2528311}], "Actual Rows": 2528311}], "Actual Rows": 2609128}], "Actual Rows": 2609128}], "Actual Rows": 752819}, {"Node Type": "Hash", "Parent Relationship": "Inner", "Startup Cost": 5903.45, "Total Cost": 5903.45, "Plan Rows": 85170, "Plan Width": 4, "Actual Min Startup Time": 118.572, "Actual Max Startup Time": 118.572, "Actual Min Total Time": 118.572, "Actual Max Total Time": 118.572, "Max Hash Buckets": 131072, "Min Hash Buckets": 131072, "Max Hash Batches": 1, "Min Hash Batches": 1, "Max Original Hash Batches": 1, "Min Original Hash Batches": 1, "Max Peak Memory Usage": 2983, "min Peak Memory Usage": 2983, "Plans": [{"Node Type": "Seq Scan", "Parent Relationship": "Outer", "Relation Name": "company_name", "Alias": "cn", "Startup Cost": 0.0, "Total Cost": 5903.45, "Plan Rows": 85170, "Plan Width": 4, "Actual Min Startup Time": 0.062, "Actual Max Startup Time": 0.062, "Actual Min Total Time": 96.64, "Actual Max Total Time": 96.64, "Filter": "((country_code)::text = '[us]'::text)", "Rows Removed by Filter": 150153, "Actual Rows": 84843}], "Actual Rows": 84843}], "Actual Rows": 323005}], "Actual Rows": 1}, "Triggers": [], "Planner Runtime": 175.338, "Total Runtime": 6911.384, "Unique SQL Id": 2457761703}}, "(64, '43')": {"explain_plan": {"Plan": {"Node Type": "Aggregate", "Strategy": "Plain", "Startup Cost": 7003513384784.16, "Total Cost": 7003513384784.17, "Plan Rows": 1, "Plan Width": 97, "Plans": [{"Node Type": "Hash Join", "Parent Relationship": "Outer", "Join Type": "Inner", "Startup Cost": 5023377247859.3, "Total Cost": 7003513382998.67, "Plan Rows": 357098, "Plan Width": 33, "Inner Unique": false, "Hash Cond": "(ci.movie_id = t.id), (LLVM Optimized)", "Plans": [{"Node Type": "Hash Join", "Parent Relationship": "Outer", "Join Type": "Inner", "Startup Cost": 2020019443123.83, "Total Cost": 4000155565172.37, "Plan Rows": 1484588, "Plan Width": 20, "Inner Unique": false, "Hash Cond": "(n1.id = an1.person_id), (LLVM Optimized)", "Plans": [{"Node Type": "Nested Loop", "Parent Relationship": "Outer", "Join Type": "Inner", "Startup Cost": 1020012535353.62, "Total Cost": 3000147641877.34, "Plan Rows": 3296318, "Plan Width": 12, "Inner Unique": false, "Join Filter": "(ci.role_id = rt.id), (LLVM Optimized)", "Plans": [{"Node Type": "Index Scan", "Parent Relationship": "Outer", "Scan Direction": "Forward", "Index Name": "role_type_pkey", "Relation Name": "role_type", "Alias": "rt", "Startup Cost": 10000000000.0, "Total Cost": 1000000001246.0, "Plan Rows": 1, "Plan Width": 4, "Filter": "((role)::text = 'costume designer'::text)"}, {"Node Type": "Hash Join", "Parent Relationship": "Inner", "Join Type": "Inner", "Startup Cost": 1010012535353.62, "Total Cost": 2000147187387.67, "Plan Rows": 36259494, "Plan Width": 16, "Inner Unique": true, "Hash Cond": "(ci.person_id = n1.id), (LLVM Optimized)", "Plans": [{"Node Type": "Index Scan", "Parent Relationship": "Outer", "Scan Direction": "Forward", "Index Name": "role_id_cast_info", "Relation Name": "cast_info", "Alias": "ci", "Startup Cost": 10000000000.0, "Total Cost": 1000134153466.0, "Plan Rows": 36259494, "Plan Width": 12}, {"Node Type": "Hash", "Parent Relationship": "Inner", "Startup Cost": 1000012483260.0, "Total Cost": 1000012483260.0, "Plan Rows": 4167490, "Plan Width": 4, "Plans": [{"Node Type": "Index Only Scan", "Parent Relationship": "Outer", "Scan Direction": "Forward", "Index Name": "name_pkey", "Relation Name": "name", "Alias": "n1", "Startup Cost": 10000000000.0, "Total Cost": 1000012483260.0, "Plan Rows": 4167490, "Plan Width": 4}]}]}]}, {"Node Type": "Hash", "Parent Relationship": "Inner", "Startup Cost": 1000006896503.43, "Total Cost": 1000006896503.43, "Plan Rows": 901342, "Plan Width": 20, "Plans": [{"Node Type": "Index Scan", "Parent Relationship": "Outer", "Scan Direction": "Forward", "Index Name": "person_id_aka_name", "Relation Name": "aka_name", "Alias": "an1", "Startup Cost": 10000000000.0, "Total Cost": 1000006896503.43, "Plan Rows": 901342, "Plan Width": 20}]}]}, {"Node Type": "Hash", "Parent Relationship": "Inner", "Startup Cost": 3003357788706.59, "Total Cost": 3003357788706.59, "Plan Rows": 1282311, "Plan Width": 25, "Plans": [{"Node Type": "Nested Loop", "Parent Relationship": "Outer", "Join Type": "Inner", "Startup Cost": 1020011043652.8, "Total Cost": 3003357788706.59, "Plan Rows": 1282311, "Plan Width": 25, "Inner Unique": true, "Join Filter": "(mc.company_id = cn.id), (LLVM Optimized)", "Plans": [{"Node Type": "Hash Join", "Parent Relationship": "Outer", "Join Type": "Inner", "Startup Cost": 1010011043652.8, "Total Cost": 2000023446878.29, "Plan Rows": 2609128, "Plan Width": 29, "Inner Unique": true, "Hash Cond": "(mc.movie_id = t.id), (LLVM Optimized)", "Plans": [{"Node Type": "Index Scan", "Parent Relationship": "Outer", "Scan Direction": "Forward", "Index Name": "company_id_movie_companies", "Relation Name": "movie_companies", "Alias": "mc", "Startup Cost": 10000000000.0, "Total Cost": 1000012367349.98, "Plan Rows": 2609128, "Plan Width": 8}, {"Node Type": "Hash", "Parent Relationship": "Inner", "Startup Cost": 1000011012048.91, "Total Cost": 1000011012048.91, "Plan Rows": 2528311, "Plan Width": 21, "Plans": [{"Node Type": "Index Scan", "Parent Relationship": "Outer", "Scan Direction": "Forward", "Index Name": "title_pkey", "Relation Name": "title", "Alias": "t", "Startup Cost": 10000000000.0, "Total Cost": 1000011012048.91, "Plan Rows": 2528311, "Plan Width": 21}]}]}, {"Node Type": "Materialize", "Parent Relationship": "Inner", "Startup Cost": 10000000000.0, "Total Cost": 1000001050564.82, "Plan Rows": 85170, "Plan Width": 4, "Plans": [{"Node Type": "Index Scan", "Parent Relationship": "Outer", "Scan Direction": "Forward", "Index Name": "company_name_pkey", "Relation Name": "company_name", "Alias": "cn", "Startup Cost": 10000000000.0, "Total Cost": 1000001050138.97, "Plan Rows": 85170, "Plan Width": 4, "Filter": "((country_code)::text = '[us]'::text)"}]}]}]}]}]}, "Unique SQL Id": 2457761703, "Planner Runtime": 54}, "explain_analyze_plan": null}, "(64, '44')": {"explain_plan": {"Plan": {"Node Type": "Aggregate", "Strategy": "Plain", "Startup Cost": 528738.29, "Total Cost": 528738.3, "Plan Rows": 1, "Plan Width": 97, "Plans": [{"Node Type": "Hash Join", "Parent Relationship": "Outer", "Join Type": "Inner", "Startup Cost": 336662.4, "Total Cost": 526952.8, "Plan Rows": 357098, "Plan Width": 33, "Inner Unique": true, "Hash Cond": "(mc.company_id = cn.id), (LLVM Optimized)", "Plans": [{"Node Type": "Hash Join", "Parent Relationship": "Outer", "Join Type": "Inner", "Startup Cost": 329694.33, "Total Cost": 513689.03, "Plan Rows": 726589, "Plan Width": 37, "Inner Unique": false, "Hash Cond": "(ci.movie_id = t.id), (LLVM Optimized)", "Plans": [{"Node Type": "Streaming(type: LOCAL GATHER dop: 1/64)", "Parent Relationship": "Outer", "Startup Cost": 254738.78, "Total Cost": 417857.9, "Plan Rows": 1484588, "Plan Width": 20, "Plans": [{"Node Type": "Hash Join", "Parent Relationship": "Outer", "Join Type": "Inner", "Startup Cost": 254738.78, "Total Cost": 387231.02, "Plan Rows": 1484588, "Plan Width": 20, "Inner Unique": false, "Hash Cond": "(an1.person_id = ci.person_id), (LLVM Optimized)", "Plans": [{"Node Type": "Streaming(type: LOCAL REDISTRIBUTE dop: 64/1)", "Parent Relationship": "Outer", "Startup Cost": 202522.7, "Total Cost": 334446.0, "Plan Rows": 901342, "Plan Width": 24, "Plans": [{"Node Type": "Hash Join", "Parent Relationship": "Outer", "Join Type": "Inner", "Startup Cost": 202522.7, "Total Cost": 234824.58, "Plan Rows": 901342, "Plan Width": 24, "Inner Unique": true, "Hash Cond": "(an1.person_id = n1.id), (LLVM Optimized)", "Plans": [{"Node Type": "Seq Scan", "Parent Relationship": "Outer", "Relation Name": "aka_name", "Alias": "an1", "Startup Cost": 0.0, "Total Cost": 19908.42, "Plan Rows": 901342, "Plan Width": 20}, {"Node Type": "Hash", "Parent Relationship": "Inner", "Startup Cost": 150429.08, "Total Cost": 150429.08, "Plan Rows": 4167490, "Plan Width": 4, "Plans": [{"Node Type": "Streaming(type: LOCAL GATHER dop: 1/64)", "Parent Relationship": "Outer", "Startup Cost": 0.0, "Total Cost": 150429.08, "Plan Rows": 4167490, "Plan Width": 4, "Plans": [{"Node Type": "Seq Scan", "Parent Relationship": "Outer", "Relation Name": "name", "Alias": "n1", "Startup Cost": 0.0, "Total Cost": 64454.25, "Plan Rows": 4167490, "Plan Width": 4}]}]}]}]}, {"Node Type": "Hash", "Parent Relationship": "Inner", "Startup Cost": 203464.29, "Total Cost": 203464.29, "Plan Rows": 3296318, "Plan Width": 8, "Plans": [{"Node Type": "Streaming(type: LOCAL REDISTRIBUTE dop: 64/64)", "Parent Relationship": "Outer", "Startup Cost": 63002.48, "Total Cost": 203464.29, "Plan Rows": 3296318, "Plan Width": 8, "Plans": [{"Node Type": "Hash Join", "Parent Relationship": "Outer", "Join Type": "Inner", "Startup Cost": 63002.48, "Total Cost": 137341.8, "Plan Rows": 3296318, "Plan Width": 8, "Inner Unique": true, "Hash Cond": "(ci.role_id = rt.id), (LLVM Optimized)", "Plans": [{"Node Type": "Seq Scan", "Parent Relationship": "Outer", "Relation Name": "cast_info", "Alias": "ci", "Startup Cost": 0.0, "Total Cost": 72404.34, "Plan Rows": 36259494, "Plan Width": 12}, {"Node Type": "Hash", "Parent Relationship": "Inner", "Startup Cost": 63002.47, "Total Cost": 63002.47, "Plan Rows": 64, "Plan Width": 4, "Plans": [{"Node Type": "Streaming(type: BROADCAST dop: 64/1)", "Parent Relationship": "Outer", "Startup Cost": 0.0, "Total Cost": 63002.47, "Plan Rows": 64, "Plan Width": 4, "Plans": [{"Node Type": "Seq Scan", "Parent Relationship": "Outer", "Relation Name": "role_type", "Alias": "rt", "Startup Cost": 0.0, "Total Cost": 1.15, "Plan Rows": 1, "Plan Width": 4, "Filter": "((role)::text = 'costume designer'::text)"}]}]}]}]}]}]}]}, {"Node Type": "Hash", "Parent Relationship": "Inner", "Startup Cost": 169365.79, "Total Cost": 169365.79, "Plan Rows": 2609128, "Plan Width": 29, "Plans": [{"Node Type": "Hash Join", "Parent Relationship": "Outer", "Join Type": "Inner", "Startup Cost": 91673.0, "Total Cost": 169365.79, "Plan Rows": 2609128, "Plan Width": 29, "Inner Unique": true, "Hash Cond": "(mc.movie_id = t.id), (LLVM Optimized)", "Plans": [{"Node Type": "Seq Scan", "Parent Relationship": "Outer", "Relation Name": "movie_companies", "Alias": "mc", "Startup Cost": 0.0, "Total Cost": 41817.28, "Plan Rows": 2609128, "Plan Width": 8}, {"Node Type": "Hash", "Parent Relationship": "Inner", "Startup Cost": 60069.11, "Total Cost": 60069.11, "Plan Rows": 2528311, "Plan Width": 21, "Plans": [{"Node Type": "Seq Scan", "Parent Relationship": "Outer", "Relation Name": "title", "Alias": "t", "Startup Cost": 0.0, "Total Cost": 60069.11, "Plan Rows": 2528311, "Plan Width": 21}]}]}]}]}, {"Node Type": "Hash", "Parent Relationship": "Inner", "Startup Cost": 5903.45, "Total Cost": 5903.45, "Plan Rows": 85170, "Plan Width": 4, "Plans": [{"Node Type": "Seq Scan", "Parent Relationship": "Outer", "Relation Name": "company_name", "Alias": "cn", "Startup Cost": 0.0, "Total Cost": 5903.45, "Plan Rows": 85170, "Plan Width": 4, "Filter": "((country_code)::text = '[us]'::text)"}]}]}]}, "Unique SQL Id": 2457761703, "Planner Runtime": 168}, "explain_analyze_plan": {"Plan": {"Node Type": "Aggregate", "Strategy": "Plain", "Startup Cost": 528738.29, "Total Cost": 528738.3, "Plan Rows": 1, "Plan Width": 97, "Actual Min Startup Time": 6856.27, "Actual Max Startup Time": 6856.27, "Actual Min Total Time": 6856.271, "Actual Max Total Time": 6856.271, "Plans": [{"Node Type": "Hash Join", "Parent Relationship": "Outer", "Join Type": "Inner", "Startup Cost": 336662.4, "Total Cost": 526952.8, "Plan Rows": 357098, "Plan Width": 33, "Actual Min Startup Time": 5249.401, "Actual Max Startup Time": 5249.401, "Actual Min Total Time": 6705.964, "Actual Max Total Time": 6705.964, "Inner Unique": true, "Hash Cond": "(mc.company_id = cn.id), (LLVM Optimized, Jit Execute)", "Plans": [{"Node Type": "Hash Join", "Parent Relationship": "Outer", "Join Type": "Inner", "Startup Cost": 329694.33, "Total Cost": 513689.03, "Plan Rows": 726589, "Plan Width": 37, "Actual Min Startup Time": 5130.68, "Actual Max Startup Time": 5130.68, "Actual Min Total Time": 6388.767, "Actual Max Total Time": 6388.767, "Inner Unique": false, "Hash Cond": "(ci.movie_id = t.id), (LLVM Optimized, Jit Execute)", "Plans": [{"Node Type": "Streaming(type: LOCAL GATHER dop: 1/64)", "Parent Relationship": "Outer", "Startup Cost": 254738.78, "Total Cost": 417857.9, "Plan Rows": 1484588, "Plan Width": 20, "Actual Min Startup Time": 0.186, "Actual Max Startup Time": 0.186, "Actual Min Total Time": 983.556, "Actual Max Total Time": 983.556, "Plans": [{"Node Type": "Hash Join", "Parent Relationship": "Outer", "Join Type": "Inner", "Startup Cost": 254738.78, "Total Cost": 387231.02, "Plan Rows": 1484588, "Plan Width": 20, "Actual Min Startup Time": 2904.02, "Actual Max Startup Time": 5001.056, "Actual Min Total Time": 4507.096, "Actual Max Total Time": 6552.353, "Inner Unique": false, "Hash Cond": "(an1.person_id = ci.person_id), (LLVM Optimized, Jit Execute)", "Plans": [{"Node Type": "Streaming(type: LOCAL REDISTRIBUTE dop: 64/1)", "Parent Relationship": "Outer", "Startup Cost": 202522.7, "Total Cost": 334446.0, "Plan Rows": 901342, "Plan Width": 24, "Actual Min Startup Time": 2648.309, "Actual Max Startup Time": 2658.987, "Actual Min Total Time": 4210.018, "Actual Max Total Time": 5937.182, "Plans": [{"Node Type": "Hash Join", "Parent Relationship": "Outer", "Join Type": "Inner", "Startup Cost": 202522.7, "Total Cost": 234824.58, "Plan Rows": 901342, "Plan Width": 24, "Actual Min Startup Time": 2900.815, "Actual Max Startup Time": 2900.815, "Actual Min Total Time": 3642.451, "Actual Max Total Time": 3642.451, "Inner Unique": true, "Hash Cond": "(an1.person_id = n1.id), (LLVM Optimized, Jit Execute)", "Plans": [{"Node Type": "Seq Scan", "Parent Relationship": "Outer", "Relation Name": "aka_name", "Alias": "an1", "Startup Cost": 0.0, "Total Cost": 19908.42, "Plan Rows": 901342, "Plan Width": 20, "Actual Min Startup Time": 0.033, "Actual Max Startup Time": 0.033, "Actual Min Total Time": 226.164, "Actual Max Total Time": 226.164, "Actual Rows": 901342}, {"Node Type": "Hash", "Parent Relationship": "Inner", "Startup Cost": 150429.08, "Total Cost": 150429.08, "Plan Rows": 4167490, "Plan Width": 4, "Actual Min Startup Time": 2898.206, "Actual Max Startup Time": 2898.206, "Actual Min Total Time": 2898.206, "Actual Max Total Time": 2898.206, "Max Hash Buckets": 4194304, "Min Hash Buckets": 4194304, "Max Hash Batches": 1, "Min Hash Batches": 1, "Max Original Hash Batches": 1, "Min Original Hash Batches": 1, "Max Peak Memory Usage": 146514, "min Peak Memory Usage": 146514, "Plans": [{"Node Type": "Streaming(type: LOCAL GATHER dop: 1/64)", "Parent Relationship": "Outer", "Startup Cost": 0.0, "Total Cost": 150429.08, "Plan Rows": 4167490, "Plan Width": 4, "Actual Min Startup Time": 0.152, "Actual Max Startup Time": 0.152, "Actual Min Total Time": 1744.697, "Actual Max Total Time": 1744.697, "Plans": [{"Node Type": "Seq Scan", "Parent Relationship": "Outer", "Relation Name": "name", "Alias": "n1", "Startup Cost": 0.0, "Total Cost": 64454.25, "Plan Rows": 4167490, "Plan Width": 4, "Actual Min Startup Time": 0.018, "Actual Max Startup Time": 0.044, "Actual Min Total Time": 18.96, "Actual Max Total Time": 23.576, "Actual Rows": 4167490}], "Actual Rows": 4167490}], "Actual Rows": 4167490}], "Actual Rows": 901342}], "Actual Rows": 901342}, {"Node Type": "Hash", "Parent Relationship": "Inner", "Startup Cost": 203464.29, "Total Cost": 203464.29, "Plan Rows": 3296318, "Plan Width": 8, "Actual Min Startup Time": 251.014, "Actual Max Startup Time": 617.726, "Actual Min Total Time": 251.014, "Actual Max Total Time": 617.726, "Max Hash Buckets": 65536, "Min Hash Buckets": 65536, "Max Hash Batches": 1, "Min Hash Batches": 1, "Max Original Hash Batches": 1, "Min Original Hash Batches": 1, "Max Peak Memory Usage": 153, "min Peak Memory Usage": 153, "Plans": [{"Node Type": "Streaming(type: LOCAL REDISTRIBUTE dop: 64/64)", "Parent Relationship": "Outer", "Startup Cost": 63002.48, "Total Cost": 203464.29, "Plan Rows": 3296318, "Plan Width": 8, "Actual Min Startup Time": 0.126, "Actual Max Startup Time": 331.621, "Actual Min Total Time": 250.064, "Actual Max Total Time": 616.635, "Plans": [{"Node Type": "Hash Join", "Parent Relationship": "Outer", "Join Type": "Inner", "Startup Cost": 63002.48, "Total Cost": 137341.8, "Plan Rows": 3296318, "Plan Width": 8, "Actual Min Startup Time": 184.436, "Actual Max Startup Time": 286.242, "Actual Min Total Time": 231.359, "Actual Max Total Time": 286.242, "Inner Unique": true, "Hash Cond": "(ci.role_id = rt.id), (LLVM Optimized, Jit Execute)", "Plans": [{"Node Type": "Seq Scan", "Parent Relationship": "Outer", "Relation Name": "cast_info", "Alias": "ci", "Startup Cost": 0.0, "Total Cost": 72404.34, "Plan Rows": 36259494, "Plan Width": 12, "Actual Min Startup Time": 0.027, "Actual Max Startup Time": 0.061, "Actual Min Total Time": 127.977, "Actual Max Total Time": 141.649, "Actual Rows": 36244343}, {"Node Type": "Hash", "Parent Relationship": "Inner", "Startup Cost": 63002.47, "Total Cost": 63002.47, "Plan Rows": 64, "Plan Width": 4, "Actual Min Startup Time": 0.012, "Actual Max Startup Time": 54.189, "Actual Min Total Time": 0.012, "Actual Max Total Time": 54.189, "Max Hash Buckets": 32768, "Min Hash Buckets": 32768, "Max Hash Batches": 1, "Min Hash Batches": 1, "Max Original Hash Batches": 1, "Min Original Hash Batches": 1, "Max Peak Memory Usage": 1, "min Peak Memory Usage": 1, "Plans": [{"Node Type": "Streaming(type: BROADCAST dop: 64/1)", "Parent Relationship": "Outer", "Startup Cost": 0.0, "Total Cost": 63002.47, "Plan Rows": 64, "Plan Width": 4, "Actual Min Startup Time": 0.003, "Actual Max Startup Time": 54.169, "Actual Min Total Time": 0.004, "Actual Max Total Time": 54.17, "Plans": [{"Node Type": "Seq Scan", "Parent Relationship": "Outer", "Relation Name": "role_type", "Alias": "rt", "Startup Cost": 0.0, "Total Cost": 1.15, "Plan Rows": 1, "Plan Width": 4, "Actual Min Startup Time": 0.026, "Actual Max Startup Time": 0.026, "Actual Min Total Time": 0.03, "Actual Max Total Time": 0.03, "Filter": "((role)::text = 'costume designer'::text)", "Rows Removed by Filter": 11, "Actual Rows": 1}], "Actual Rows": 64}], "Actual Rows": 64}], "Actual Rows": 276403}], "Actual Rows": 276403}], "Actual Rows": 276403}], "Actual Rows": 218966}], "Actual Rows": 218966}, {"Node Type": "Hash", "Parent Relationship": "Inner", "Startup Cost": 169365.79, "Total Cost": 169365.79, "Plan Rows": 2609128, "Plan Width": 29, "Actual Min Startup Time": 5122.871, "Actual Max Startup Time": 5122.871, "Actual Min Total Time": 5122.871, "Actual Max Total Time": 5122.871, "Max Hash Buckets": 4194304, "Min Hash Buckets": 4194304, "Max Hash Batches": 1, "Min Hash Batches": 1, "Max Original Hash Batches": 1, "Min Original Hash Batches": 1, "Max Peak Memory Usage": 164769, "min Peak Memory Usage": 164769, "Plans": [{"Node Type": "Hash Join", "Parent Relationship": "Outer", "Join Type": "Inner", "Startup Cost": 91673.0, "Total Cost": 169365.79, "Plan Rows": 2609128, "Plan Width": 29, "Actual Min Startup Time": 1876.312, "Actual Max Startup Time": 1876.312, "Actual Min Total Time": 4112.233, "Actual Max Total Time": 4112.233, "Inner Unique": true, "Hash Cond": "(mc.movie_id = t.id), (LLVM Optimized, Jit Execute)", "Plans": [{"Node Type": "Seq Scan", "Parent Relationship": "Outer", "Relation Name": "movie_companies", "Alias": "mc", "Startup Cost": 0.0, "Total Cost": 41817.28, "Plan Rows": 2609128, "Plan Width": 8, "Actual Min Startup Time": 0.034, "Actual Max Startup Time": 0.034, "Actual Min Total Time": 589.387, "Actual Max Total Time": 589.387, "Actual Rows": 2609128}, {"Node Type": "Hash", "Parent Relationship": "Inner", "Startup Cost": 60069.11, "Total Cost": 60069.11, "Plan Rows": 2528311, "Plan Width": 21, "Actual Min Startup Time": 1873.717, "Actual Max Startup Time": 1873.717, "Actual Min Total Time": 1873.717, "Actual Max Total Time": 1873.717, "Max Hash Buckets": 4194304, "Min Hash Buckets": 4194304, "Max Hash Batches": 1, "Min Hash Batches": 1, "Max Original Hash Batches": 1, "Min Original Hash Batches": 1, "Max Peak Memory Usage": 135869, "min Peak Memory Usage": 135869, "Plans": [{"Node Type": "Seq Scan", "Parent Relationship": "Outer", "Relation Name": "title", "Alias": "t", "Startup Cost": 0.0, "Total Cost": 60069.11, "Plan Rows": 2528311, "Plan Width": 21, "Actual Min Startup Time": 0.031, "Actual Max Startup Time": 0.031, "Actual Min Total Time": 853.163, "Actual Max Total Time": 853.163, "Actual Rows": 2528311}], "Actual Rows": 2528311}], "Actual Rows": 2609128}], "Actual Rows": 2609128}], "Actual Rows": 752819}, {"Node Type": "Hash", "Parent Relationship": "Inner", "Startup Cost": 5903.45, "Total Cost": 5903.45, "Plan Rows": 85170, "Plan Width": 4, "Actual Min Startup Time": 118.572, "Actual Max Startup Time": 118.572, "Actual Min Total Time": 118.572, "Actual Max Total Time": 118.572, "Max Hash Buckets": 131072, "Min Hash Buckets": 131072, "Max Hash Batches": 1, "Min Hash Batches": 1, "Max Original Hash Batches": 1, "Min Original Hash Batches": 1, "Max Peak Memory Usage": 2983, "min Peak Memory Usage": 2983, "Plans": [{"Node Type": "Seq Scan", "Parent Relationship": "Outer", "Relation Name": "company_name", "Alias": "cn", "Startup Cost": 0.0, "Total Cost": 5903.45, "Plan Rows": 85170, "Plan Width": 4, "Actual Min Startup Time": 0.062, "Actual Max Startup Time": 0.062, "Actual Min Total Time": 96.64, "Actual Max Total Time": 96.64, "Filter": "((country_code)::text = '[us]'::text)", "Rows Removed by Filter": 150153, "Actual Rows": 84843}], "Actual Rows": 84843}], "Actual Rows": 323005}], "Actual Rows": 1}, "Triggers": [], "Planner Runtime": 175.338, "Total Runtime": 6911.384, "Unique SQL Id": 2457761703}}, "(64, '45')": {"explain_plan": {"Plan": {"Node Type": "Aggregate", "Strategy": "Plain", "Startup Cost": 824512.34, "Total Cost": 824512.35, "Plan Rows": 1, "Plan Width": 97, "Plans": [{"Node Type": "Hash Join", "Parent Relationship": "Outer", "Join Type": "Inner", "Startup Cost": 746775.06, "Total Cost": 822726.85, "Plan Rows": 357098, "Plan Width": 33, "Inner Unique": false, "Hash Cond": "(an1.person_id = n1.id), (LLVM Optimized)", "Plans": [{"Node Type": "Index Scan", "Parent Relationship": "Outer", "Scan Direction": "Forward", "Index Name": "person_id_aka_name", "Relation Name": "aka_name", "Alias": "an1", "Startup Cost": 0.0, "Total Cost": 68965.03, "Plan Rows": 901342, "Plan Width": 20}, {"Node Type": "Hash", "Parent Relationship": "Inner", "Startup Cost": 737894.33, "Total Cost": 737894.33, "Plan Rows": 710459, "Plan Width": 25, "Plans": [{"Node Type": "Nested Loop", "Parent Relationship": "Outer", "Join Type": "Inner", "Startup Cost": 333231.89, "Total Cost": 737894.33, "Plan Rows": 710459, "Plan Width": 25, "Inner Unique": true, "Plans": [{"Node Type": "Hash Join", "Parent Relationship": "Outer", "Join Type": "Inner", "Startup Cost": 333231.89, "Total Cost": 533716.49, "Plan Rows": 710459, "Plan Width": 21, "Inner Unique": false, "Hash Cond": "(ci.movie_id = t.id), (LLVM Optimized)", "Plans": [{"Node Type": "Nested Loop", "Parent Relationship": "Outer", "Join Type": "Inner", "Startup Cost": 0.0, "Total Cost": 171418.25, "Plan Rows": 3296318, "Plan Width": 8, "Inner Unique": false, "Plans": [{"Node Type": "Index Scan", "Parent Relationship": "Outer", "Scan Direction": "Forward", "Index Name": "role_type_pkey", "Relation Name": "role_type", "Alias": "rt", "Startup Cost": 0.0, "Total Cost": 12.46, "Plan Rows": 1, "Plan Width": 4, "Filter": "((role)::text = 'costume designer'::text)"}, {"Node Type": "Index Scan", "Parent Relationship": "Inner", "Scan Direction": "Forward", "Index Name": "role_id_cast_info", "Relation Name": "cast_info", "Alias": "ci", "Startup Cost": 0.0, "Total Cost": 138442.61, "Plan Rows": 3296318, "Plan Width": 12, "Index Cond": "(role_id = rt.id), (LLVM Optimized)"}]}, {"Node Type": "Hash", "Parent Relationship": "Inner", "Startup Cost": 317203.01, "Total Cost": 317203.01, "Plan Rows": 1282311, "Plan Width": 25, "Plans": [{"Node Type": "Hash Join", "Parent Relationship": "Outer", "Join Type": "Inner", "Startup Cost": 153290.39, "Total Cost": 317203.01, "Plan Rows": 1282311, "Plan Width": 25, "Inner Unique": true, "Hash Cond": "(mc.movie_id = t.id), (LLVM Optimized)", "Plans": [{"Node Type": "Hash Join", "Parent Relationship": "Outer", "Join Type": "Inner", "Startup Cost": 11566.01, "Total Cost": 157846.85, "Plan Rows": 1282311, "Plan Width": 4, "Inner Unique": true, "Hash Cond": "(mc.company_id = cn.id), (LLVM Optimized)", "Plans": [{"Node Type": "Index Scan", "Parent Relationship": "Outer", "Scan Direction": "Forward", "Index Name": "company_id_movie_companies", "Relation Name": "movie_companies", "Alias": "mc", "Startup Cost": 0.0, "Total Cost": 123673.5, "Plan Rows": 2609128, "Plan Width": 8}, {"Node Type": "Hash", "Parent Relationship": "Inner", "Startup Cost": 10501.39, "Total Cost": 10501.39, "Plan Rows": 85170, "Plan Width": 4, "Plans": [{"Node Type": "Index Scan", "Parent Relationship": "Outer", "Scan Direction": "Forward", "Index Name": "company_name_pkey", "Relation Name": "company_name", "Alias": "cn", "Startup Cost": 0.0, "Total Cost": 10501.39, "Plan Rows": 85170, "Plan Width": 4, "Filter": "((country_code)::text = '[us]'::text)"}]}]}, {"Node Type": "Hash", "Parent Relationship": "Inner", "Startup Cost": 110120.49, "Total Cost": 110120.49, "Plan Rows": 2528311, "Plan Width": 21, "Plans": [{"Node Type": "Index Scan", "Parent Relationship": "Outer", "Scan Direction": "Forward", "Index Name": "title_pkey", "Relation Name": "title", "Alias": "t", "Startup Cost": 0.0, "Total Cost": 110120.49, "Plan Rows": 2528311, "Plan Width": 21}]}]}]}]}, {"Node Type": "Index Scan", "Parent Relationship": "Inner", "Scan Direction": "Forward", "Index Name": "name_pkey", "Relation Name": "name", "Alias": "n1", "Startup Cost": 0.0, "Total Cost": 0.28, "Plan Rows": 1, "Plan Width": 4, "Index Cond": "(id = ci.person_id)"}]}]}]}]}, "Unique SQL Id": 2457761703, "Planner Runtime": 89}, "explain_analyze_plan": {"Plan": {"Node Type": "Aggregate", "Strategy": "Plain", "Startup Cost": 824512.34, "Total Cost": 824512.35, "Plan Rows": 1, "Plan Width": 97, "Actual Startup Time": 12228.853, "Actual Total Time": 12228.854, "Actual Rows": 1, "Actual Loops": 1, "Plans": [{"Node Type": "Hash Join", "Parent Relationship": "Outer", "Join Type": "Inner", "Startup Cost": 746775.06, "Total Cost": 822726.85, "Plan Rows": 357098, "Plan Width": 33, "Actual Startup Time": 11069.279, "Actual Total Time": 12083.173, "Actual Rows": 323005, "Actual Loops": 1, "Inner Unique": false, "Hash Cond": "(an1.person_id = n1.id), (LLVM Optimized, Jit Execute)", "Plans": [{"Node Type": "Index Scan", "Parent Relationship": "Outer", "Scan Direction": "Forward", "Index Name": "person_id_aka_name", "Relation Name": "aka_name", "Alias": "an1", "Startup Cost": 0.0, "Total Cost": 68965.03, "Plan Rows": 901342, "Plan Width": 20, "Actual Startup Time": 0.043, "Actual Total Time": 729.431, "Actual Rows": 901342, "Actual Loops": 1}, {"Node Type": "Hash", "Parent Relationship": "Inner", "Startup Cost": 737894.33, "Total Cost": 737894.33, "Plan Rows": 710459, "Plan Width": 25, "Actual Startup Time": 11068.538, "Actual Total Time": 11068.538, "Actual Rows": 285537, "Actual Loops": 1, "Hash Buckets": 1048576, "Hash Batches": 1, "Original Hash Batches": 1, "Peak Memory Usage": 15952, "Plans": [{"Node Type": "Nested Loop", "Parent Relationship": "Outer", "Join Type": "Inner", "Startup Cost": 333231.89, "Total Cost": 737894.33, "Plan Rows": 710459, "Plan Width": 25, "Actual Startup Time": 9582.083, "Actual Total Time": 10956.543, "Actual Rows": 285537, "Actual Loops": 1, "Inner Unique": true, "Plans": [{"Node Type": "Hash Join", "Parent Relationship": "Outer", "Join Type": "Inner", "Startup Cost": 333231.89, "Total Cost": 533716.49, "Plan Rows": 710459, "Plan Width": 21, "Actual Startup Time": 9582.049, "Actual Total Time": 9969.726, "Actual Rows": 285537, "Actual Loops": 1, "Inner Unique": false, "Hash Cond": "(ci.movie_id = t.id), (LLVM Optimized, Jit Execute)", "Plans": [{"Node Type": "Nested Loop", "Parent Relationship": "Outer", "Join Type": "Inner", "Startup Cost": 0.0, "Total Cost": 171418.25, "Plan Rows": 3296318, "Plan Width": 8, "Actual Startup Time": 0.067, "Actual Total Time": 208.724, "Actual Rows": 276403, "Actual Loops": 1, "Inner Unique": false, "Plans": [{"Node Type": "Index Scan", "Parent Relationship": "Outer", "Scan Direction": "Forward", "Index Name": "role_type_pkey", "Relation Name": "role_type", "Alias": "rt", "Startup Cost": 0.0, "Total Cost": 12.46, "Plan Rows": 1, "Plan Width": 4, "Actual Startup Time": 0.022, "Actual Total Time": 0.042, "Actual Rows": 1, "Actual Loops": 1, "Filter": "((role)::text = 'costume designer'::text)", "Rows Removed by Filter": 11}, {"Node Type": "Index Scan", "Parent Relationship": "Inner", "Scan Direction": "Forward", "Index Name": "role_id_cast_info", "Relation Name": "cast_info", "Alias": "ci", "Startup Cost": 0.0, "Total Cost": 138442.61, "Plan Rows": 3296318, "Plan Width": 12, "Actual Startup Time": 0.039, "Actual Total Time": 152.508, "Actual Rows": 276403, "Actual Loops": 1, "Index Cond": "(role_id = rt.id), (LLVM Optimized, Jit Execute)", "Rows Removed by Index Recheck": 0}]}, {"Node Type": "Hash", "Parent Relationship": "Inner", "Startup Cost": 317203.01, "Total Cost": 317203.01, "Plan Rows": 1282311, "Plan Width": 25, "Actual Startup Time": 9575.63, "Actual Total Time": 9575.63, "Actual Rows": 1153797, "Actual Loops": 1, "Hash Buckets": 2097152, "Hash Batches": 1, "Original Hash Batches": 1, "Peak Memory Usage": 68508, "Plans": [{"Node Type": "Hash Join", "Parent Relationship": "Outer", "Join Type": "Inner", "Startup Cost": 153290.39, "Total Cost": 317203.01, "Plan Rows": 1282311, "Plan Width": 25, "Actual Startup Time": 4552.827, "Actual Total Time": 9131.849, "Actual Rows": 1153797, "Actual Loops": 1, "Inner Unique": true, "Hash Cond": "(mc.movie_id = t.id), (LLVM Optimized, Jit Execute)", "Plans": [{"Node Type": "Hash Join", "Parent Relationship": "Outer", "Join Type": "Inner", "Startup Cost": 11566.01, "Total Cost": 157846.85, "Plan Rows": 1282311, "Plan Width": 4, "Actual Startup Time": 348.095, "Actual Total Time": 4291.946, "Actual Rows": 1153797, "Actual Loops": 1, "Inner Unique": true, "Hash Cond": "(mc.company_id = cn.id), (LLVM Optimized, Jit Execute)", "Plans": [{"Node Type": "Index Scan", "Parent Relationship": "Outer", "Scan Direction": "Forward", "Index Name": "company_id_movie_companies", "Relation Name": "movie_companies", "Alias": "mc", "Startup Cost": 0.0, "Total Cost": 123673.5, "Plan Rows": 2609128, "Plan Width": 8, "Actual Startup Time": 0.028, "Actual Total Time": 3182.173, "Actual Rows": 2609128, "Actual Loops": 1}, {"Node Type": "Hash", "Parent Relationship": "Inner", "Startup Cost": 10501.39, "Total Cost": 10501.39, "Plan Rows": 85170, "Plan Width": 4, "Actual Startup Time": 347.972, "Actual Total Time": 347.972, "Actual Rows": 84843, "Actual Loops": 1, "Hash Buckets": 131072, "Hash Batches": 1, "Original Hash Batches": 1, "Peak Memory Usage": 2983, "Plans": [{"Node Type": "Index Scan", "Parent Relationship": "Outer", "Scan Direction": "Forward", "Index Name": "company_name_pkey", "Relation Name": "company_name", "Alias": "cn", "Startup Cost": 0.0, "Total Cost": 10501.39, "Plan Rows": 85170, "Plan Width": 4, "Actual Startup Time": 0.028, "Actual Total Time": 323.199, "Actual Rows": 84843, "Actual Loops": 1, "Filter": "((country_code)::text = '[us]'::text)", "Rows Removed by Filter": 150153}]}]}, {"Node Type": "Hash", "Parent Relationship": "Inner", "Startup Cost": 110120.49, "Total Cost": 110120.49, "Plan Rows": 2528311, "Plan Width": 21, "Actual Startup Time": 4202.234, "Actual Total Time": 4202.234, "Actual Rows": 2528311, "Actual Loops": 1, "Hash Buckets": 4194304, "Hash Batches": 1, "Original Hash Batches": 1, "Peak Memory Usage": 135869, "Plans": [{"Node Type": "Index Scan", "Parent Relationship": "Outer", "Scan Direction": "Forward", "Index Name": "title_pkey", "Relation Name": "title", "Alias": "t", "Startup Cost": 0.0, "Total Cost": 110120.49, "Plan Rows": 2528311, "Plan Width": 21, "Actual Startup Time": 0.035, "Actual Total Time": 3253.548, "Actual Rows": 2528311, "Actual Loops": 1}]}]}]}]}, {"Node Type": "Index Scan", "Parent Relationship": "Inner", "Scan Direction": "Forward", "Index Name": "name_pkey", "Relation Name": "name", "Alias": "n1", "Startup Cost": 0.0, "Total Cost": 0.28, "Plan Rows": 1, "Plan Width": 4, "Actual Startup Time": 773.041, "Actual Total Time": 773.041, "Actual Rows": 285537, "Actual Loops": 285537, "Index Cond": "(id = ci.person_id)", "Rows Removed by Index Recheck": 0}]}]}]}]}, "Triggers": [], "Planner Runtime": 89.122, "Total Runtime": 12240.153, "Unique SQL Id": 2457761703}}, "(64, '46')": {"explain_plan": {"Plan": {"Node Type": "Aggregate", "Strategy": "Plain", "Startup Cost": 528738.29, "Total Cost": 528738.3, "Plan Rows": 1, "Plan Width": 97, "Plans": [{"Node Type": "Hash Join", "Parent Relationship": "Outer", "Join Type": "Inner", "Startup Cost": 336662.4, "Total Cost": 526952.8, "Plan Rows": 357098, "Plan Width": 33, "Inner Unique": true, "Hash Cond": "(mc.company_id = cn.id), (LLVM Optimized)", "Plans": [{"Node Type": "Hash Join", "Parent Relationship": "Outer", "Join Type": "Inner", "Startup Cost": 329694.33, "Total Cost": 513689.03, "Plan Rows": 726589, "Plan Width": 37, "Inner Unique": false, "Hash Cond": "(ci.movie_id = t.id), (LLVM Optimized)", "Plans": [{"Node Type": "Streaming(type: LOCAL GATHER dop: 1/64)", "Parent Relationship": "Outer", "Startup Cost": 254738.78, "Total Cost": 417857.9, "Plan Rows": 1484588, "Plan Width": 20, "Plans": [{"Node Type": "Hash Join", "Parent Relationship": "Outer", "Join Type": "Inner", "Startup Cost": 254738.78, "Total Cost": 387231.02, "Plan Rows": 1484588, "Plan Width": 20, "Inner Unique": false, "Hash Cond": "(an1.person_id = ci.person_id), (LLVM Optimized)", "Plans": [{"Node Type": "Streaming(type: LOCAL REDISTRIBUTE dop: 64/1)", "Parent Relationship": "Outer", "Startup Cost": 202522.7, "Total Cost": 334446.0, "Plan Rows": 901342, "Plan Width": 24, "Plans": [{"Node Type": "Hash Join", "Parent Relationship": "Outer", "Join Type": "Inner", "Startup Cost": 202522.7, "Total Cost": 234824.58, "Plan Rows": 901342, "Plan Width": 24, "Inner Unique": true, "Hash Cond": "(an1.person_id = n1.id), (LLVM Optimized)", "Plans": [{"Node Type": "Seq Scan", "Parent Relationship": "Outer", "Relation Name": "aka_name", "Alias": "an1", "Startup Cost": 0.0, "Total Cost": 19908.42, "Plan Rows": 901342, "Plan Width": 20}, {"Node Type": "Hash", "Parent Relationship": "Inner", "Startup Cost": 150429.08, "Total Cost": 150429.08, "Plan Rows": 4167490, "Plan Width": 4, "Plans": [{"Node Type": "Streaming(type: LOCAL GATHER dop: 1/64)", "Parent Relationship": "Outer", "Startup Cost": 0.0, "Total Cost": 150429.08, "Plan Rows": 4167490, "Plan Width": 4, "Plans": [{"Node Type": "Seq Scan", "Parent Relationship": "Outer", "Relation Name": "name", "Alias": "n1", "Startup Cost": 0.0, "Total Cost": 64454.25, "Plan Rows": 4167490, "Plan Width": 4}]}]}]}]}, {"Node Type": "Hash", "Parent Relationship": "Inner", "Startup Cost": 203464.29, "Total Cost": 203464.29, "Plan Rows": 3296318, "Plan Width": 8, "Plans": [{"Node Type": "Streaming(type: LOCAL REDISTRIBUTE dop: 64/64)", "Parent Relationship": "Outer", "Startup Cost": 63002.48, "Total Cost": 203464.29, "Plan Rows": 3296318, "Plan Width": 8, "Plans": [{"Node Type": "Hash Join", "Parent Relationship": "Outer", "Join Type": "Inner", "Startup Cost": 63002.48, "Total Cost": 137341.8, "Plan Rows": 3296318, "Plan Width": 8, "Inner Unique": true, "Hash Cond": "(ci.role_id = rt.id), (LLVM Optimized)", "Plans": [{"Node Type": "Seq Scan", "Parent Relationship": "Outer", "Relation Name": "cast_info", "Alias": "ci", "Startup Cost": 0.0, "Total Cost": 72404.34, "Plan Rows": 36259494, "Plan Width": 12}, {"Node Type": "Hash", "Parent Relationship": "Inner", "Startup Cost": 63002.47, "Total Cost": 63002.47, "Plan Rows": 64, "Plan Width": 4, "Plans": [{"Node Type": "Streaming(type: BROADCAST dop: 64/1)", "Parent Relationship": "Outer", "Startup Cost": 0.0, "Total Cost": 63002.47, "Plan Rows": 64, "Plan Width": 4, "Plans": [{"Node Type": "Seq Scan", "Parent Relationship": "Outer", "Relation Name": "role_type", "Alias": "rt", "Startup Cost": 0.0, "Total Cost": 1.15, "Plan Rows": 1, "Plan Width": 4, "Filter": "((role)::text = 'costume designer'::text)"}]}]}]}]}]}]}]}, {"Node Type": "Hash", "Parent Relationship": "Inner", "Startup Cost": 169365.79, "Total Cost": 169365.79, "Plan Rows": 2609128, "Plan Width": 29, "Plans": [{"Node Type": "Hash Join", "Parent Relationship": "Outer", "Join Type": "Inner", "Startup Cost": 91673.0, "Total Cost": 169365.79, "Plan Rows": 2609128, "Plan Width": 29, "Inner Unique": true, "Hash Cond": "(mc.movie_id = t.id), (LLVM Optimized)", "Plans": [{"Node Type": "Seq Scan", "Parent Relationship": "Outer", "Relation Name": "movie_companies", "Alias": "mc", "Startup Cost": 0.0, "Total Cost": 41817.28, "Plan Rows": 2609128, "Plan Width": 8}, {"Node Type": "Hash", "Parent Relationship": "Inner", "Startup Cost": 60069.11, "Total Cost": 60069.11, "Plan Rows": 2528311, "Plan Width": 21, "Plans": [{"Node Type": "Seq Scan", "Parent Relationship": "Outer", "Relation Name": "title", "Alias": "t", "Startup Cost": 0.0, "Total Cost": 60069.11, "Plan Rows": 2528311, "Plan Width": 21}]}]}]}]}, {"Node Type": "Hash", "Parent Relationship": "Inner", "Startup Cost": 5903.45, "Total Cost": 5903.45, "Plan Rows": 85170, "Plan Width": 4, "Plans": [{"Node Type": "Seq Scan", "Parent Relationship": "Outer", "Relation Name": "company_name", "Alias": "cn", "Startup Cost": 0.0, "Total Cost": 5903.45, "Plan Rows": 85170, "Plan Width": 4, "Filter": "((country_code)::text = '[us]'::text)"}]}]}]}, "Unique SQL Id": 2457761703, "Planner Runtime": 184}, "explain_analyze_plan": {"Plan": {"Node Type": "Aggregate", "Strategy": "Plain", "Startup Cost": 528738.29, "Total Cost": 528738.3, "Plan Rows": 1, "Plan Width": 97, "Actual Min Startup Time": 6856.27, "Actual Max Startup Time": 6856.27, "Actual Min Total Time": 6856.271, "Actual Max Total Time": 6856.271, "Plans": [{"Node Type": "Hash Join", "Parent Relationship": "Outer", "Join Type": "Inner", "Startup Cost": 336662.4, "Total Cost": 526952.8, "Plan Rows": 357098, "Plan Width": 33, "Actual Min Startup Time": 5249.401, "Actual Max Startup Time": 5249.401, "Actual Min Total Time": 6705.964, "Actual Max Total Time": 6705.964, "Inner Unique": true, "Hash Cond": "(mc.company_id = cn.id), (LLVM Optimized, Jit Execute)", "Plans": [{"Node Type": "Hash Join", "Parent Relationship": "Outer", "Join Type": "Inner", "Startup Cost": 329694.33, "Total Cost": 513689.03, "Plan Rows": 726589, "Plan Width": 37, "Actual Min Startup Time": 5130.68, "Actual Max Startup Time": 5130.68, "Actual Min Total Time": 6388.767, "Actual Max Total Time": 6388.767, "Inner Unique": false, "Hash Cond": "(ci.movie_id = t.id), (LLVM Optimized, Jit Execute)", "Plans": [{"Node Type": "Streaming(type: LOCAL GATHER dop: 1/64)", "Parent Relationship": "Outer", "Startup Cost": 254738.78, "Total Cost": 417857.9, "Plan Rows": 1484588, "Plan Width": 20, "Actual Min Startup Time": 0.186, "Actual Max Startup Time": 0.186, "Actual Min Total Time": 983.556, "Actual Max Total Time": 983.556, "Plans": [{"Node Type": "Hash Join", "Parent Relationship": "Outer", "Join Type": "Inner", "Startup Cost": 254738.78, "Total Cost": 387231.02, "Plan Rows": 1484588, "Plan Width": 20, "Actual Min Startup Time": 2904.02, "Actual Max Startup Time": 5001.056, "Actual Min Total Time": 4507.096, "Actual Max Total Time": 6552.353, "Inner Unique": false, "Hash Cond": "(an1.person_id = ci.person_id), (LLVM Optimized, Jit Execute)", "Plans": [{"Node Type": "Streaming(type: LOCAL REDISTRIBUTE dop: 64/1)", "Parent Relationship": "Outer", "Startup Cost": 202522.7, "Total Cost": 334446.0, "Plan Rows": 901342, "Plan Width": 24, "Actual Min Startup Time": 2648.309, "Actual Max Startup Time": 2658.987, "Actual Min Total Time": 4210.018, "Actual Max Total Time": 5937.182, "Plans": [{"Node Type": "Hash Join", "Parent Relationship": "Outer", "Join Type": "Inner", "Startup Cost": 202522.7, "Total Cost": 234824.58, "Plan Rows": 901342, "Plan Width": 24, "Actual Min Startup Time": 2900.815, "Actual Max Startup Time": 2900.815, "Actual Min Total Time": 3642.451, "Actual Max Total Time": 3642.451, "Inner Unique": true, "Hash Cond": "(an1.person_id = n1.id), (LLVM Optimized, Jit Execute)", "Plans": [{"Node Type": "Seq Scan", "Parent Relationship": "Outer", "Relation Name": "aka_name", "Alias": "an1", "Startup Cost": 0.0, "Total Cost": 19908.42, "Plan Rows": 901342, "Plan Width": 20, "Actual Min Startup Time": 0.033, "Actual Max Startup Time": 0.033, "Actual Min Total Time": 226.164, "Actual Max Total Time": 226.164, "Actual Rows": 901342}, {"Node Type": "Hash", "Parent Relationship": "Inner", "Startup Cost": 150429.08, "Total Cost": 150429.08, "Plan Rows": 4167490, "Plan Width": 4, "Actual Min Startup Time": 2898.206, "Actual Max Startup Time": 2898.206, "Actual Min Total Time": 2898.206, "Actual Max Total Time": 2898.206, "Max Hash Buckets": 4194304, "Min Hash Buckets": 4194304, "Max Hash Batches": 1, "Min Hash Batches": 1, "Max Original Hash Batches": 1, "Min Original Hash Batches": 1, "Max Peak Memory Usage": 146514, "min Peak Memory Usage": 146514, "Plans": [{"Node Type": "Streaming(type: LOCAL GATHER dop: 1/64)", "Parent Relationship": "Outer", "Startup Cost": 0.0, "Total Cost": 150429.08, "Plan Rows": 4167490, "Plan Width": 4, "Actual Min Startup Time": 0.152, "Actual Max Startup Time": 0.152, "Actual Min Total Time": 1744.697, "Actual Max Total Time": 1744.697, "Plans": [{"Node Type": "Seq Scan", "Parent Relationship": "Outer", "Relation Name": "name", "Alias": "n1", "Startup Cost": 0.0, "Total Cost": 64454.25, "Plan Rows": 4167490, "Plan Width": 4, "Actual Min Startup Time": 0.018, "Actual Max Startup Time": 0.044, "Actual Min Total Time": 18.96, "Actual Max Total Time": 23.576, "Actual Rows": 4167490}], "Actual Rows": 4167490}], "Actual Rows": 4167490}], "Actual Rows": 901342}], "Actual Rows": 901342}, {"Node Type": "Hash", "Parent Relationship": "Inner", "Startup Cost": 203464.29, "Total Cost": 203464.29, "Plan Rows": 3296318, "Plan Width": 8, "Actual Min Startup Time": 251.014, "Actual Max Startup Time": 617.726, "Actual Min Total Time": 251.014, "Actual Max Total Time": 617.726, "Max Hash Buckets": 65536, "Min Hash Buckets": 65536, "Max Hash Batches": 1, "Min Hash Batches": 1, "Max Original Hash Batches": 1, "Min Original Hash Batches": 1, "Max Peak Memory Usage": 153, "min Peak Memory Usage": 153, "Plans": [{"Node Type": "Streaming(type: LOCAL REDISTRIBUTE dop: 64/64)", "Parent Relationship": "Outer", "Startup Cost": 63002.48, "Total Cost": 203464.29, "Plan Rows": 3296318, "Plan Width": 8, "Actual Min Startup Time": 0.126, "Actual Max Startup Time": 331.621, "Actual Min Total Time": 250.064, "Actual Max Total Time": 616.635, "Plans": [{"Node Type": "Hash Join", "Parent Relationship": "Outer", "Join Type": "Inner", "Startup Cost": 63002.48, "Total Cost": 137341.8, "Plan Rows": 3296318, "Plan Width": 8, "Actual Min Startup Time": 184.436, "Actual Max Startup Time": 286.242, "Actual Min Total Time": 231.359, "Actual Max Total Time": 286.242, "Inner Unique": true, "Hash Cond": "(ci.role_id = rt.id), (LLVM Optimized, Jit Execute)", "Plans": [{"Node Type": "Seq Scan", "Parent Relationship": "Outer", "Relation Name": "cast_info", "Alias": "ci", "Startup Cost": 0.0, "Total Cost": 72404.34, "Plan Rows": 36259494, "Plan Width": 12, "Actual Min Startup Time": 0.027, "Actual Max Startup Time": 0.061, "Actual Min Total Time": 127.977, "Actual Max Total Time": 141.649, "Actual Rows": 36244343}, {"Node Type": "Hash", "Parent Relationship": "Inner", "Startup Cost": 63002.47, "Total Cost": 63002.47, "Plan Rows": 64, "Plan Width": 4, "Actual Min Startup Time": 0.012, "Actual Max Startup Time": 54.189, "Actual Min Total Time": 0.012, "Actual Max Total Time": 54.189, "Max Hash Buckets": 32768, "Min Hash Buckets": 32768, "Max Hash Batches": 1, "Min Hash Batches": 1, "Max Original Hash Batches": 1, "Min Original Hash Batches": 1, "Max Peak Memory Usage": 1, "min Peak Memory Usage": 1, "Plans": [{"Node Type": "Streaming(type: BROADCAST dop: 64/1)", "Parent Relationship": "Outer", "Startup Cost": 0.0, "Total Cost": 63002.47, "Plan Rows": 64, "Plan Width": 4, "Actual Min Startup Time": 0.003, "Actual Max Startup Time": 54.169, "Actual Min Total Time": 0.004, "Actual Max Total Time": 54.17, "Plans": [{"Node Type": "Seq Scan", "Parent Relationship": "Outer", "Relation Name": "role_type", "Alias": "rt", "Startup Cost": 0.0, "Total Cost": 1.15, "Plan Rows": 1, "Plan Width": 4, "Actual Min Startup Time": 0.026, "Actual Max Startup Time": 0.026, "Actual Min Total Time": 0.03, "Actual Max Total Time": 0.03, "Filter": "((role)::text = 'costume designer'::text)", "Rows Removed by Filter": 11, "Actual Rows": 1}], "Actual Rows": 64}], "Actual Rows": 64}], "Actual Rows": 276403}], "Actual Rows": 276403}], "Actual Rows": 276403}], "Actual Rows": 218966}], "Actual Rows": 218966}, {"Node Type": "Hash", "Parent Relationship": "Inner", "Startup Cost": 169365.79, "Total Cost": 169365.79, "Plan Rows": 2609128, "Plan Width": 29, "Actual Min Startup Time": 5122.871, "Actual Max Startup Time": 5122.871, "Actual Min Total Time": 5122.871, "Actual Max Total Time": 5122.871, "Max Hash Buckets": 4194304, "Min Hash Buckets": 4194304, "Max Hash Batches": 1, "Min Hash Batches": 1, "Max Original Hash Batches": 1, "Min Original Hash Batches": 1, "Max Peak Memory Usage": 164769, "min Peak Memory Usage": 164769, "Plans": [{"Node Type": "Hash Join", "Parent Relationship": "Outer", "Join Type": "Inner", "Startup Cost": 91673.0, "Total Cost": 169365.79, "Plan Rows": 2609128, "Plan Width": 29, "Actual Min Startup Time": 1876.312, "Actual Max Startup Time": 1876.312, "Actual Min Total Time": 4112.233, "Actual Max Total Time": 4112.233, "Inner Unique": true, "Hash Cond": "(mc.movie_id = t.id), (LLVM Optimized, Jit Execute)", "Plans": [{"Node Type": "Seq Scan", "Parent Relationship": "Outer", "Relation Name": "movie_companies", "Alias": "mc", "Startup Cost": 0.0, "Total Cost": 41817.28, "Plan Rows": 2609128, "Plan Width": 8, "Actual Min Startup Time": 0.034, "Actual Max Startup Time": 0.034, "Actual Min Total Time": 589.387, "Actual Max Total Time": 589.387, "Actual Rows": 2609128}, {"Node Type": "Hash", "Parent Relationship": "Inner", "Startup Cost": 60069.11, "Total Cost": 60069.11, "Plan Rows": 2528311, "Plan Width": 21, "Actual Min Startup Time": 1873.717, "Actual Max Startup Time": 1873.717, "Actual Min Total Time": 1873.717, "Actual Max Total Time": 1873.717, "Max Hash Buckets": 4194304, "Min Hash Buckets": 4194304, "Max Hash Batches": 1, "Min Hash Batches": 1, "Max Original Hash Batches": 1, "Min Original Hash Batches": 1, "Max Peak Memory Usage": 135869, "min Peak Memory Usage": 135869, "Plans": [{"Node Type": "Seq Scan", "Parent Relationship": "Outer", "Relation Name": "title", "Alias": "t", "Startup Cost": 0.0, "Total Cost": 60069.11, "Plan Rows": 2528311, "Plan Width": 21, "Actual Min Startup Time": 0.031, "Actual Max Startup Time": 0.031, "Actual Min Total Time": 853.163, "Actual Max Total Time": 853.163, "Actual Rows": 2528311}], "Actual Rows": 2528311}], "Actual Rows": 2609128}], "Actual Rows": 2609128}], "Actual Rows": 752819}, {"Node Type": "Hash", "Parent Relationship": "Inner", "Startup Cost": 5903.45, "Total Cost": 5903.45, "Plan Rows": 85170, "Plan Width": 4, "Actual Min Startup Time": 118.572, "Actual Max Startup Time": 118.572, "Actual Min Total Time": 118.572, "Actual Max Total Time": 118.572, "Max Hash Buckets": 131072, "Min Hash Buckets": 131072, "Max Hash Batches": 1, "Min Hash Batches": 1, "Max Original Hash Batches": 1, "Min Original Hash Batches": 1, "Max Peak Memory Usage": 2983, "min Peak Memory Usage": 2983, "Plans": [{"Node Type": "Seq Scan", "Parent Relationship": "Outer", "Relation Name": "company_name", "Alias": "cn", "Startup Cost": 0.0, "Total Cost": 5903.45, "Plan Rows": 85170, "Plan Width": 4, "Actual Min Startup Time": 0.062, "Actual Max Startup Time": 0.062, "Actual Min Total Time": 96.64, "Actual Max Total Time": 96.64, "Filter": "((country_code)::text = '[us]'::text)", "Rows Removed by Filter": 150153, "Actual Rows": 84843}], "Actual Rows": 84843}], "Actual Rows": 323005}], "Actual Rows": 1}, "Triggers": [], "Planner Runtime": 175.338, "Total Runtime": 6911.384, "Unique SQL Id": 2457761703}}, "(64, '47')": {"explain_plan": {"Plan": {"Node Type": "Aggregate", "Strategy": "Plain", "Startup Cost": 7003518524798.87, "Total Cost": 7003518524798.88, "Plan Rows": 1, "Plan Width": 97, "Plans": [{"Node Type": "Hash Join", "Parent Relationship": "Outer", "Join Type": "Inner", "Startup Cost": 5023382387874.01, "Total Cost": 7003518523013.38, "Plan Rows": 357098, "Plan Width": 33, "Inner Unique": false, "Hash Cond": "(ci.movie_id = t.id), (LLVM Optimized)", "Plans": [{"Node Type": "Hash Join", "Parent Relationship": "Outer", "Join Type": "Inner", "Startup Cost": 2020024583138.53, "Total Cost": 4000160705187.07, "Plan Rows": 1484588, "Plan Width": 20, "Inner Unique": false, "Hash Cond": "(n1.id = an1.person_id), (LLVM Optimized)", "Plans": [{"Node Type": "Nested Loop", "Parent Relationship": "Outer", "Join Type": "Inner", "Startup Cost": 1020017675368.33, "Total Cost": 3000152781892.05, "Plan Rows": 3296318, "Plan Width": 12, "Inner Unique": false, "Join Filter": "(ci.role_id = rt.id), (LLVM Optimized)", "Plans": [{"Node Type": "Index Scan", "Parent Relationship": "Outer", "Scan Direction": "Forward", "Index Name": "role_type_pkey", "Relation Name": "role_type", "Alias": "rt", "Startup Cost": 10000000000.0, "Total Cost": 1000000001246.0, "Plan Rows": 1, "Plan Width": 4, "Filter": "((role)::text = 'costume designer'::text)"}, {"Node Type": "Hash Join", "Parent Relationship": "Inner", "Join Type": "Inner", "Startup Cost": 1010017675368.33, "Total Cost": 2000152327402.37, "Plan Rows": 36259494, "Plan Width": 16, "Inner Unique": true, "Hash Cond": "(ci.person_id = n1.id), (LLVM Optimized)", "Plans": [{"Node Type": "Index Scan", "Parent Relationship": "Outer", "Scan Direction": "Forward", "Index Name": "role_id_cast_info", "Relation Name": "cast_info", "Alias": "ci", "Startup Cost": 10000000000.0, "Total Cost": 1000134153466.0, "Plan Rows": 36259494, "Plan Width": 12}, {"Node Type": "Hash", "Parent Relationship": "Inner", "Startup Cost": 1000017623274.7, "Total Cost": 1000017623274.7, "Plan Rows": 4167490, "Plan Width": 4, "Plans": [{"Node Type": "Index Scan", "Parent Relationship": "Outer", "Scan Direction": "Forward", "Index Name": "name_pkey", "Relation Name": "name", "Alias": "n1", "Startup Cost": 10000000000.0, "Total Cost": 1000017623274.7, "Plan Rows": 4167490, "Plan Width": 4}]}]}]}, {"Node Type": "Hash", "Parent Relationship": "Inner", "Startup Cost": 1000006896503.43, "Total Cost": 1000006896503.43, "Plan Rows": 901342, "Plan Width": 20, "Plans": [{"Node Type": "Index Scan", "Parent Relationship": "Outer", "Scan Direction": "Forward", "Index Name": "person_id_aka_name", "Relation Name": "aka_name", "Alias": "an1", "Startup Cost": 10000000000.0, "Total Cost": 1000006896503.43, "Plan Rows": 901342, "Plan Width": 20}]}]}, {"Node Type": "Hash", "Parent Relationship": "Inner", "Startup Cost": 3003357788706.59, "Total Cost": 3003357788706.59, "Plan Rows": 1282311, "Plan Width": 25, "Plans": [{"Node Type": "Nested Loop", "Parent Relationship": "Outer", "Join Type": "Inner", "Startup Cost": 1020011043652.8, "Total Cost": 3003357788706.59, "Plan Rows": 1282311, "Plan Width": 25, "Inner Unique": true, "Join Filter": "(mc.company_id = cn.id), (LLVM Optimized)", "Plans": [{"Node Type": "Hash Join", "Parent Relationship": "Outer", "Join Type": "Inner", "Startup Cost": 1010011043652.8, "Total Cost": 2000023446878.29, "Plan Rows": 2609128, "Plan Width": 29, "Inner Unique": true, "Hash Cond": "(mc.movie_id = t.id), (LLVM Optimized)", "Plans": [{"Node Type": "Index Scan", "Parent Relationship": "Outer", "Scan Direction": "Forward", "Index Name": "company_id_movie_companies", "Relation Name": "movie_companies", "Alias": "mc", "Startup Cost": 10000000000.0, "Total Cost": 1000012367349.98, "Plan Rows": 2609128, "Plan Width": 8}, {"Node Type": "Hash", "Parent Relationship": "Inner", "Startup Cost": 1000011012048.91, "Total Cost": 1000011012048.91, "Plan Rows": 2528311, "Plan Width": 21, "Plans": [{"Node Type": "Index Scan", "Parent Relationship": "Outer", "Scan Direction": "Forward", "Index Name": "title_pkey", "Relation Name": "title", "Alias": "t", "Startup Cost": 10000000000.0, "Total Cost": 1000011012048.91, "Plan Rows": 2528311, "Plan Width": 21}]}]}, {"Node Type": "Materialize", "Parent Relationship": "Inner", "Startup Cost": 10000000000.0, "Total Cost": 1000001050564.82, "Plan Rows": 85170, "Plan Width": 4, "Plans": [{"Node Type": "Index Scan", "Parent Relationship": "Outer", "Scan Direction": "Forward", "Index Name": "company_name_pkey", "Relation Name": "company_name", "Alias": "cn", "Startup Cost": 10000000000.0, "Total Cost": 1000001050138.97, "Plan Rows": 85170, "Plan Width": 4, "Filter": "((country_code)::text = '[us]'::text)"}]}]}]}]}]}, "Unique SQL Id": 2457761703, "Planner Runtime": 53}, "explain_analyze_plan": null}, "(64, '48')": {"explain_plan": {"Plan": {"Node Type": "Aggregate", "Strategy": "Plain", "Startup Cost": 1965944.02, "Total Cost": 1965944.03, "Plan Rows": 1, "Plan Width": 97, "Plans": [{"Node Type": "Nested Loop", "Parent Relationship": "Outer", "Join Type": "Inner", "Startup Cost": 0.0, "Total Cost": 1964158.53, "Plan Rows": 357098, "Plan Width": 33, "Inner Unique": true, "Join Filter": "(an1.person_id = n1.id), (LLVM Optimized)", "Plans": [{"Node Type": "Nested Loop", "Parent Relationship": "Outer", "Join Type": "Inner", "Startup Cost": 0.0, "Total Cost": 1862664.6, "Plan Rows": 357098, "Plan Width": 41, "Inner Unique": true, "Plans": [{"Node Type": "Nested Loop", "Parent Relationship": "Outer", "Join Type": "Inner", "Startup Cost": 0.0, "Total Cost": 1760862.26, "Plan Rows": 357379, "Plan Width": 32, "Inner Unique": false, "Plans": [{"Node Type": "Nested Loop", "Parent Relationship": "Outer", "Join Type": "Inner", "Startup Cost": 0.0, "Total Cost": 1560689.3, "Plan Rows": 711018, "Plan Width": 12, "Inner Unique": false, "Join Filter": "(ci.role_id = rt.id), (LLVM Optimized)", "Plans": [{"Node Type": "Seq Scan", "Parent Relationship": "Outer", "Relation Name": "role_type", "Alias": "rt", "Startup Cost": 0.0, "Total Cost": 1.15, "Plan Rows": 1, "Plan Width": 4, "Filter": "((role)::text = 'costume designer'::text)"}, {"Node Type": "Nested Loop", "Parent Relationship": "Inner", "Join Type": "Inner", "Startup Cost": 0.0, "Total Cost": 1462923.14, "Plan Rows": 7821201, "Plan Width": 16, "Inner Unique": false, "Plans": [{"Node Type": "Nested Loop", "Parent Relationship": "Outer", "Join Type": "Inner", "Startup Cost": 0.0, "Total Cost": 166734.45, "Plan Rows": 1282311, "Plan Width": 4, "Inner Unique": false, "Plans": [{"Node Type": "Seq Scan", "Parent Relationship": "Outer", "Relation Name": "company_name", "Alias": "cn", "Startup Cost": 0.0, "Total Cost": 5903.45, "Plan Rows": 85170, "Plan Width": 4, "Filter": "((country_code)::text = '[us]'::text)"}, {"Node Type": "Index Scan", "Parent Relationship": "Inner", "Scan Direction": "Forward", "Index Name": "company_id_movie_companies", "Relation Name": "movie_companies", "Alias": "mc", "Startup Cost": 0.0, "Total Cost": 1.74, "Plan Rows": 15, "Plan Width": 8, "Index Cond": "(company_id = cn.id)"}]}, {"Node Type": "Index Scan", "Parent Relationship": "Inner", "Scan Direction": "Forward", "Index Name": "movie_id_cast_info", "Relation Name": "cast_info", "Alias": "ci", "Startup Cost": 0.0, "Total Cost": 0.95, "Plan Rows": 6, "Plan Width": 12, "Index Cond": "(movie_id = mc.movie_id)"}]}]}, {"Node Type": "Index Scan", "Parent Relationship": "Inner", "Scan Direction": "Forward", "Index Name": "person_id_aka_name", "Relation Name": "aka_name", "Alias": "an1", "Startup Cost": 0.0, "Total Cost": 0.27, "Plan Rows": 1, "Plan Width": 20, "Index Cond": "(person_id = ci.person_id)"}]}, {"Node Type": "Index Scan", "Parent Relationship": "Inner", "Scan Direction": "Forward", "Index Name": "title_pkey", "Relation Name": "title", "Alias": "t", "Startup Cost": 0.0, "Total Cost": 0.27, "Plan Rows": 1, "Plan Width": 21, "Index Cond": "(id = ci.movie_id)"}]}, {"Node Type": "Index Only Scan", "Parent Relationship": "Inner", "Scan Direction": "Forward", "Index Name": "name_pkey", "Relation Name": "name", "Alias": "n1", "Startup Cost": 0.0, "Total Cost": 0.27, "Plan Rows": 1, "Plan Width": 4, "Index Cond": "(id = ci.person_id)"}]}]}, "Unique SQL Id": 2457761703, "Planner Runtime": 5}, "explain_analyze_plan": null}, "(64, '49')": {"explain_plan": {"Plan": {"Node Type": "Aggregate", "Strategy": "Plain", "Startup Cost": 1970553.27, "Total Cost": 1970553.28, "Plan Rows": 1, "Plan Width": 97, "Plans": [{"Node Type": "Nested Loop", "Parent Relationship": "Outer", "Join Type": "Inner", "Startup Cost": 0.0, "Total Cost": 1968767.78, "Plan Rows": 357098, "Plan Width": 33, "Inner Unique": true, "Join Filter": "(an1.person_id = n1.id), (LLVM Optimized)", "Plans": [{"Node Type": "Nested Loop", "Parent Relationship": "Outer", "Join Type": "Inner", "Startup Cost": 0.0, "Total Cost": 1867273.85, "Plan Rows": 357098, "Plan Width": 41, "Inner Unique": true, "Plans": [{"Node Type": "Nested Loop", "Parent Relationship": "Outer", "Join Type": "Inner", "Startup Cost": 0.0, "Total Cost": 1765471.51, "Plan Rows": 357379, "Plan Width": 32, "Inner Unique": false, "Plans": [{"Node Type": "Nested Loop", "Parent Relationship": "Outer", "Join Type": "Inner", "Startup Cost": 0.0, "Total Cost": 1565298.55, "Plan Rows": 711018, "Plan Width": 12, "Inner Unique": false, "Join Filter": "(ci.role_id = rt.id), (LLVM Optimized)", "Plans": [{"Node Type": "Index Scan", "Parent Relationship": "Outer", "Scan Direction": "Forward", "Index Name": "role_type_pkey", "Relation Name": "role_type", "Alias": "rt", "Startup Cost": 0.0, "Total Cost": 12.46, "Plan Rows": 1, "Plan Width": 4, "Filter": "((role)::text = 'costume designer'::text)"}, {"Node Type": "Nested Loop", "Parent Relationship": "Inner", "Join Type": "Inner", "Startup Cost": 0.0, "Total Cost": 1467521.08, "Plan Rows": 7821201, "Plan Width": 16, "Inner Unique": false, "Plans": [{"Node Type": "Nested Loop", "Parent Relationship": "Outer", "Join Type": "Inner", "Startup Cost": 0.0, "Total Cost": 171332.39, "Plan Rows": 1282311, "Plan Width": 4, "Inner Unique": false, "Plans": [{"Node Type": "Index Scan", "Parent Relationship": "Outer", "Scan Direction": "Forward", "Index Name": "company_name_pkey", "Relation Name": "company_name", "Alias": "cn", "Startup Cost": 0.0, "Total Cost": 10501.39, "Plan Rows": 85170, "Plan Width": 4, "Filter": "((country_code)::text = '[us]'::text)"}, {"Node Type": "Index Scan", "Parent Relationship": "Inner", "Scan Direction": "Forward", "Index Name": "company_id_movie_companies", "Relation Name": "movie_companies", "Alias": "mc", "Startup Cost": 0.0, "Total Cost": 1.74, "Plan Rows": 15, "Plan Width": 8, "Index Cond": "(company_id = cn.id)"}]}, {"Node Type": "Index Scan", "Parent Relationship": "Inner", "Scan Direction": "Forward", "Index Name": "movie_id_cast_info", "Relation Name": "cast_info", "Alias": "ci", "Startup Cost": 0.0, "Total Cost": 0.95, "Plan Rows": 6, "Plan Width": 12, "Index Cond": "(movie_id = mc.movie_id)"}]}]}, {"Node Type": "Index Scan", "Parent Relationship": "Inner", "Scan Direction": "Forward", "Index Name": "person_id_aka_name", "Relation Name": "aka_name", "Alias": "an1", "Startup Cost": 0.0, "Total Cost": 0.27, "Plan Rows": 1, "Plan Width": 20, "Index Cond": "(person_id = ci.person_id)"}]}, {"Node Type": "Index Scan", "Parent Relationship": "Inner", "Scan Direction": "Forward", "Index Name": "title_pkey", "Relation Name": "title", "Alias": "t", "Startup Cost": 0.0, "Total Cost": 0.27, "Plan Rows": 1, "Plan Width": 21, "Index Cond": "(id = ci.movie_id)"}]}, {"Node Type": "Index Only Scan", "Parent Relationship": "Inner", "Scan Direction": "Forward", "Index Name": "name_pkey", "Relation Name": "name", "Alias": "n1", "Startup Cost": 0.0, "Total Cost": 0.27, "Plan Rows": 1, "Plan Width": 4, "Index Cond": "(id = ci.person_id)"}]}]}, "Unique SQL Id": 2457761703, "Planner Runtime": 5}, "explain_analyze_plan": null}, "(64, '50')": {"explain_plan": {"Plan": {"Node Type": "Aggregate", "Strategy": "Plain", "Startup Cost": 12604914.55, "Total Cost": 12604914.56, "Plan Rows": 1, "Plan Width": 97, "Plans": [{"Node Type": "Nested Loop", "Parent Relationship": "Outer", "Join Type": "Inner", "Startup Cost": 2.1, "Total Cost": 12603129.06, "Plan Rows": 357098, "Plan Width": 33, "Inner Unique": true, "Join Filter": "(an1.person_id = n1.id), (LLVM Optimized)", "Plans": [{"Node Type": "Nested Loop", "Parent Relationship": "Outer", "Join Type": "Inner", "Startup Cost": 1.84, "Total Cost": 11073153.85, "Plan Rows": 357098, "Plan Width": 41, "Inner Unique": true, "Plans": [{"Node Type": "Nested Loop", "Parent Relationship": "Outer", "Join Type": "Inner", "Startup Cost": 1.58, "Total Cost": 9543117.59, "Plan Rows": 357379, "Plan Width": 32, "Inner Unique": false, "Plans": [{"Node Type": "Nested Loop", "Parent Relationship": "Outer", "Join Type": "Inner", "Startup Cost": 1.33, "Total Cost": 6499549.44, "Plan Rows": 711018, "Plan Width": 12, "Inner Unique": false, "Join Filter": "(ci.role_id = rt.id), (LLVM Optimized)", "Plans": [{"Node Type": "Seq Scan", "Parent Relationship": "Outer", "Relation Name": "role_type", "Alias": "rt", "Startup Cost": 0.0, "Total Cost": 1.15, "Plan Rows": 1, "Plan Width": 4, "Filter": "((role)::text = 'costume designer'::text)"}, {"Node Type": "Nested Loop", "Parent Relationship": "Inner", "Join Type": "Inner", "Startup Cost": 1.33, "Total Cost": 6401783.28, "Plan Rows": 7821201, "Plan Width": 16, "Inner Unique": false, "Plans": [{"Node Type": "Nested Loop", "Parent Relationship": "Outer", "Join Type": "Inner", "Startup Cost": 0.82, "Total Cost": 444829.84, "Plan Rows": 1282311, "Plan Width": 4, "Inner Unique": false, "Plans": [{"Node Type": "Seq Scan", "Parent Relationship": "Outer", "Relation Name": "company_name", "Alias": "cn", "Startup Cost": 0.0, "Total Cost": 5903.45, "Plan Rows": 85170, "Plan Width": 4, "Filter": "((country_code)::text = '[us]'::text)"}, {"Node Type": "Bitmap Heap Scan", "Parent Relationship": "Inner", "Relation Name": "movie_companies", "Alias": "mc", "Startup Cost": 0.82, "Total Cost": 5.0, "Plan Rows": 15, "Plan Width": 8, "Recheck Cond": "(company_id = cn.id)", "Plans": [{"Node Type": "Bitmap Index Scan", "Parent Relationship": "Outer", "Index Name": "company_id_movie_companies", "Startup Cost": 0.0, "Total Cost": 0.81, "Plan Rows": 15, "Plan Width": 0, "Index Cond": "(company_id = cn.id)"}]}]}, {"Node Type": "Bitmap Heap Scan", "Parent Relationship": "Inner", "Relation Name": "cast_info", "Alias": "ci", "Startup Cost": 0.51, "Total Cost": 4.59, "Plan Rows": 6, "Plan Width": 12, "Recheck Cond": "(movie_id = mc.movie_id)", "Plans": [{"Node Type": "Bitmap Index Scan", "Parent Relationship": "Outer", "Index Name": "movie_id_cast_info", "Startup Cost": 0.0, "Total Cost": 0.51, "Plan Rows": 6, "Plan Width": 0, "Index Cond": "(movie_id = mc.movie_id)"}]}]}]}, {"Node Type": "Bitmap Heap Scan", "Parent Relationship": "Inner", "Relation Name": "aka_name", "Alias": "an1", "Startup Cost": 0.26, "Total Cost": 4.27, "Plan Rows": 1, "Plan Width": 20, "Recheck Cond": "(person_id = ci.person_id)", "Plans": [{"Node Type": "Bitmap Index Scan", "Parent Relationship": "Outer", "Index Name": "person_id_aka_name", "Startup Cost": 0.0, "Total Cost": 0.26, "Plan Rows": 1, "Plan Width": 0, "Index Cond": "(person_id = ci.person_id)"}]}]}, {"Node Type": "Bitmap Heap Scan", "Parent Relationship": "Inner", "Relation Name": "title", "Alias": "t", "Startup Cost": 0.26, "Total Cost": 4.27, "Plan Rows": 1, "Plan Width": 21, "Recheck Cond": "(id = ci.movie_id)", "Plans": [{"Node Type": "Bitmap Index Scan", "Parent Relationship": "Outer", "Index Name": "title_pkey", "Startup Cost": 0.0, "Total Cost": 0.26, "Plan Rows": 1, "Plan Width": 0, "Index Cond": "(id = ci.movie_id)"}]}]}, {"Node Type": "Bitmap Heap Scan", "Parent Relationship": "Inner", "Relation Name": "name", "Alias": "n1", "Startup Cost": 0.26, "Total Cost": 4.27, "Plan Rows": 1, "Plan Width": 4, "Recheck Cond": "(id = ci.person_id)", "Plans": [{"Node Type": "Bitmap Index Scan", "Parent Relationship": "Outer", "Index Name": "name_pkey", "Startup Cost": 0.0, "Total Cost": 0.26, "Plan Rows": 1, "Plan Width": 0, "Index Cond": "(id = ci.person_id)"}]}]}]}, "Unique SQL Id": 2457761703, "Planner Runtime": 14}, "explain_analyze_plan": null}, "(64, '51')": {"explain_plan": {"Plan": {"Node Type": "Aggregate", "Strategy": "Plain", "Startup Cost": 12607726.38, "Total Cost": 12607726.39, "Plan Rows": 1, "Plan Width": 97, "Plans": [{"Node Type": "Nested Loop", "Parent Relationship": "Outer", "Join Type": "Inner", "Startup Cost": 2810.94, "Total Cost": 12605940.89, "Plan Rows": 357098, "Plan Width": 33, "Inner Unique": true, "Join Filter": "(an1.person_id = n1.id), (LLVM Optimized)", "Plans": [{"Node Type": "Nested Loop", "Parent Relationship": "Outer", "Join Type": "Inner", "Startup Cost": 2810.68, "Total Cost": 11075965.68, "Plan Rows": 357098, "Plan Width": 41, "Inner Unique": true, "Plans": [{"Node Type": "Nested Loop", "Parent Relationship": "Outer", "Join Type": "Inner", "Startup Cost": 2810.42, "Total Cost": 9545929.42, "Plan Rows": 357379, "Plan Width": 32, "Inner Unique": false, "Plans": [{"Node Type": "Nested Loop", "Parent Relationship": "Outer", "Join Type": "Inner", "Startup Cost": 2810.16, "Total Cost": 6502361.27, "Plan Rows": 711018, "Plan Width": 12, "Inner Unique": false, "Join Filter": "(ci.role_id = rt.id), (LLVM Optimized)", "Plans": [{"Node Type": "Bitmap Heap Scan", "Parent Relationship": "Outer", "Relation Name": "role_type", "Alias": "rt", "Startup Cost": 8.31, "Total Cost": 12.46, "Plan Rows": 1, "Plan Width": 4, "Filter": "((role)::text = 'costume designer'::text)", "Plans": [{"Node Type": "Bitmap Index Scan", "Parent Relationship": "Outer", "Index Name": "role_type_pkey", "Startup Cost": 0.0, "Total Cost": 8.31, "Plan Rows": 12, "Plan Width": 0}]}, {"Node Type": "Nested Loop", "Parent Relationship": "Inner", "Join Type": "Inner", "Startup Cost": 2801.85, "Total Cost": 6404583.8, "Plan Rows": 7821201, "Plan Width": 16, "Inner Unique": false, "Plans": [{"Node Type": "Nested Loop", "Parent Relationship": "Outer", "Join Type": "Inner", "Startup Cost": 2801.34, "Total Cost": 447630.36, "Plan Rows": 1282311, "Plan Width": 4, "Inner Unique": false, "Plans": [{"Node Type": "Bitmap Heap Scan", "Parent Relationship": "Outer", "Relation Name": "company_name", "Alias": "cn", "Startup Cost": 2800.52, "Total Cost": 8703.97, "Plan Rows": 85170, "Plan Width": 4, "Filter": "((country_code)::text = '[us]'::text)", "Plans": [{"Node Type": "Bitmap Index Scan", "Parent Relationship": "Outer", "Index Name": "company_name_pkey", "Startup Cost": 0.0, "Total Cost": 2779.23, "Plan Rows": 234996, "Plan Width": 0}]}, {"Node Type": "Bitmap Heap Scan", "Parent Relationship": "Inner", "Relation Name": "movie_companies", "Alias": "mc", "Startup Cost": 0.82, "Total Cost": 5.0, "Plan Rows": 15, "Plan Width": 8, "Recheck Cond": "(company_id = cn.id)", "Plans": [{"Node Type": "Bitmap Index Scan", "Parent Relationship": "Outer", "Index Name": "company_id_movie_companies", "Startup Cost": 0.0, "Total Cost": 0.81, "Plan Rows": 15, "Plan Width": 0, "Index Cond": "(company_id = cn.id)"}]}]}, {"Node Type": "Bitmap Heap Scan", "Parent Relationship": "Inner", "Relation Name": "cast_info", "Alias": "ci", "Startup Cost": 0.51, "Total Cost": 4.59, "Plan Rows": 6, "Plan Width": 12, "Recheck Cond": "(movie_id = mc.movie_id)", "Plans": [{"Node Type": "Bitmap Index Scan", "Parent Relationship": "Outer", "Index Name": "movie_id_cast_info", "Startup Cost": 0.0, "Total Cost": 0.51, "Plan Rows": 6, "Plan Width": 0, "Index Cond": "(movie_id = mc.movie_id)"}]}]}]}, {"Node Type": "Bitmap Heap Scan", "Parent Relationship": "Inner", "Relation Name": "aka_name", "Alias": "an1", "Startup Cost": 0.26, "Total Cost": 4.27, "Plan Rows": 1, "Plan Width": 20, "Recheck Cond": "(person_id = ci.person_id)", "Plans": [{"Node Type": "Bitmap Index Scan", "Parent Relationship": "Outer", "Index Name": "person_id_aka_name", "Startup Cost": 0.0, "Total Cost": 0.26, "Plan Rows": 1, "Plan Width": 0, "Index Cond": "(person_id = ci.person_id)"}]}]}, {"Node Type": "Bitmap Heap Scan", "Parent Relationship": "Inner", "Relation Name": "title", "Alias": "t", "Startup Cost": 0.26, "Total Cost": 4.27, "Plan Rows": 1, "Plan Width": 21, "Recheck Cond": "(id = ci.movie_id)", "Plans": [{"Node Type": "Bitmap Index Scan", "Parent Relationship": "Outer", "Index Name": "title_pkey", "Startup Cost": 0.0, "Total Cost": 0.26, "Plan Rows": 1, "Plan Width": 0, "Index Cond": "(id = ci.movie_id)"}]}]}, {"Node Type": "Bitmap Heap Scan", "Parent Relationship": "Inner", "Relation Name": "name", "Alias": "n1", "Startup Cost": 0.26, "Total Cost": 4.27, "Plan Rows": 1, "Plan Width": 4, "Recheck Cond": "(id = ci.person_id)", "Plans": [{"Node Type": "Bitmap Index Scan", "Parent Relationship": "Outer", "Index Name": "name_pkey", "Startup Cost": 0.0, "Total Cost": 0.26, "Plan Rows": 1, "Plan Width": 0, "Index Cond": "(id = ci.person_id)"}]}]}]}, "Unique SQL Id": 2457761703, "Planner Runtime": 6}, "explain_analyze_plan": null}, "(64, '52')": {"explain_plan": {"Plan": {"Node Type": "Aggregate", "Strategy": "Plain", "Startup Cost": 1967968.74, "Total Cost": 1967968.75, "Plan Rows": 1, "Plan Width": 97, "Plans": [{"Node Type": "Nested Loop", "Parent Relationship": "Outer", "Join Type": "Inner", "Startup Cost": 0.0, "Total Cost": 1966183.25, "Plan Rows": 357098, "Plan Width": 33, "Inner Unique": true, "Join Filter": "(an1.person_id = n1.id), (LLVM Optimized)", "Plans": [{"Node Type": "Nested Loop", "Parent Relationship": "Outer", "Join Type": "Inner", "Startup Cost": 0.0, "Total Cost": 1862664.6, "Plan Rows": 357098, "Plan Width": 41, "Inner Unique": true, "Plans": [{"Node Type": "Nested Loop", "Parent Relationship": "Outer", "Join Type": "Inner", "Startup Cost": 0.0, "Total Cost": 1760862.26, "Plan Rows": 357379, "Plan Width": 32, "Inner Unique": false, "Plans": [{"Node Type": "Nested Loop", "Parent Relationship": "Outer", "Join Type": "Inner", "Startup Cost": 0.0, "Total Cost": 1560689.3, "Plan Rows": 711018, "Plan Width": 12, "Inner Unique": false, "Join Filter": "(ci.role_id = rt.id), (LLVM Optimized)", "Plans": [{"Node Type": "Seq Scan", "Parent Relationship": "Outer", "Relation Name": "role_type", "Alias": "rt", "Startup Cost": 0.0, "Total Cost": 1.15, "Plan Rows": 1, "Plan Width": 4, "Filter": "((role)::text = 'costume designer'::text)"}, {"Node Type": "Nested Loop", "Parent Relationship": "Inner", "Join Type": "Inner", "Startup Cost": 0.0, "Total Cost": 1462923.14, "Plan Rows": 7821201, "Plan Width": 16, "Inner Unique": false, "Plans": [{"Node Type": "Nested Loop", "Parent Relationship": "Outer", "Join Type": "Inner", "Startup Cost": 0.0, "Total Cost": 166734.45, "Plan Rows": 1282311, "Plan Width": 4, "Inner Unique": false, "Plans": [{"Node Type": "Seq Scan", "Parent Relationship": "Outer", "Relation Name": "company_name", "Alias": "cn", "Startup Cost": 0.0, "Total Cost": 5903.45, "Plan Rows": 85170, "Plan Width": 4, "Filter": "((country_code)::text = '[us]'::text)"}, {"Node Type": "Index Scan", "Parent Relationship": "Inner", "Scan Direction": "Forward", "Index Name": "company_id_movie_companies", "Relation Name": "movie_companies", "Alias": "mc", "Startup Cost": 0.0, "Total Cost": 1.74, "Plan Rows": 15, "Plan Width": 8, "Index Cond": "(company_id = cn.id)"}]}, {"Node Type": "Index Scan", "Parent Relationship": "Inner", "Scan Direction": "Forward", "Index Name": "movie_id_cast_info", "Relation Name": "cast_info", "Alias": "ci", "Startup Cost": 0.0, "Total Cost": 0.95, "Plan Rows": 6, "Plan Width": 12, "Index Cond": "(movie_id = mc.movie_id)"}]}]}, {"Node Type": "Index Scan", "Parent Relationship": "Inner", "Scan Direction": "Forward", "Index Name": "person_id_aka_name", "Relation Name": "aka_name", "Alias": "an1", "Startup Cost": 0.0, "Total Cost": 0.27, "Plan Rows": 1, "Plan Width": 20, "Index Cond": "(person_id = ci.person_id)"}]}, {"Node Type": "Index Scan", "Parent Relationship": "Inner", "Scan Direction": "Forward", "Index Name": "title_pkey", "Relation Name": "title", "Alias": "t", "Startup Cost": 0.0, "Total Cost": 0.27, "Plan Rows": 1, "Plan Width": 21, "Index Cond": "(id = ci.movie_id)"}]}, {"Node Type": "Index Scan", "Parent Relationship": "Inner", "Scan Direction": "Forward", "Index Name": "name_pkey", "Relation Name": "name", "Alias": "n1", "Startup Cost": 0.0, "Total Cost": 0.28, "Plan Rows": 1, "Plan Width": 4, "Index Cond": "(id = ci.person_id)"}]}]}, "Unique SQL Id": 2457761703, "Planner Runtime": 5}, "explain_analyze_plan": null}, "(64, '53')": {"explain_plan": {"Plan": {"Node Type": "Aggregate", "Strategy": "Plain", "Startup Cost": 1972577.99, "Total Cost": 1972578.0, "Plan Rows": 1, "Plan Width": 97, "Plans": [{"Node Type": "Nested Loop", "Parent Relationship": "Outer", "Join Type": "Inner", "Startup Cost": 0.0, "Total Cost": 1970792.5, "Plan Rows": 357098, "Plan Width": 33, "Inner Unique": true, "Join Filter": "(an1.person_id = n1.id), (LLVM Optimized)", "Plans": [{"Node Type": "Nested Loop", "Parent Relationship": "Outer", "Join Type": "Inner", "Startup Cost": 0.0, "Total Cost": 1867273.85, "Plan Rows": 357098, "Plan Width": 41, "Inner Unique": true, "Plans": [{"Node Type": "Nested Loop", "Parent Relationship": "Outer", "Join Type": "Inner", "Startup Cost": 0.0, "Total Cost": 1765471.51, "Plan Rows": 357379, "Plan Width": 32, "Inner Unique": false, "Plans": [{"Node Type": "Nested Loop", "Parent Relationship": "Outer", "Join Type": "Inner", "Startup Cost": 0.0, "Total Cost": 1565298.55, "Plan Rows": 711018, "Plan Width": 12, "Inner Unique": false, "Join Filter": "(ci.role_id = rt.id), (LLVM Optimized)", "Plans": [{"Node Type": "Index Scan", "Parent Relationship": "Outer", "Scan Direction": "Forward", "Index Name": "role_type_pkey", "Relation Name": "role_type", "Alias": "rt", "Startup Cost": 0.0, "Total Cost": 12.46, "Plan Rows": 1, "Plan Width": 4, "Filter": "((role)::text = 'costume designer'::text)"}, {"Node Type": "Nested Loop", "Parent Relationship": "Inner", "Join Type": "Inner", "Startup Cost": 0.0, "Total Cost": 1467521.08, "Plan Rows": 7821201, "Plan Width": 16, "Inner Unique": false, "Plans": [{"Node Type": "Nested Loop", "Parent Relationship": "Outer", "Join Type": "Inner", "Startup Cost": 0.0, "Total Cost": 171332.39, "Plan Rows": 1282311, "Plan Width": 4, "Inner Unique": false, "Plans": [{"Node Type": "Index Scan", "Parent Relationship": "Outer", "Scan Direction": "Forward", "Index Name": "company_name_pkey", "Relation Name": "company_name", "Alias": "cn", "Startup Cost": 0.0, "Total Cost": 10501.39, "Plan Rows": 85170, "Plan Width": 4, "Filter": "((country_code)::text = '[us]'::text)"}, {"Node Type": "Index Scan", "Parent Relationship": "Inner", "Scan Direction": "Forward", "Index Name": "company_id_movie_companies", "Relation Name": "movie_companies", "Alias": "mc", "Startup Cost": 0.0, "Total Cost": 1.74, "Plan Rows": 15, "Plan Width": 8, "Index Cond": "(company_id = cn.id)"}]}, {"Node Type": "Index Scan", "Parent Relationship": "Inner", "Scan Direction": "Forward", "Index Name": "movie_id_cast_info", "Relation Name": "cast_info", "Alias": "ci", "Startup Cost": 0.0, "Total Cost": 0.95, "Plan Rows": 6, "Plan Width": 12, "Index Cond": "(movie_id = mc.movie_id)"}]}]}, {"Node Type": "Index Scan", "Parent Relationship": "Inner", "Scan Direction": "Forward", "Index Name": "person_id_aka_name", "Relation Name": "aka_name", "Alias": "an1", "Startup Cost": 0.0, "Total Cost": 0.27, "Plan Rows": 1, "Plan Width": 20, "Index Cond": "(person_id = ci.person_id)"}]}, {"Node Type": "Index Scan", "Parent Relationship": "Inner", "Scan Direction": "Forward", "Index Name": "title_pkey", "Relation Name": "title", "Alias": "t", "Startup Cost": 0.0, "Total Cost": 0.27, "Plan Rows": 1, "Plan Width": 21, "Index Cond": "(id = ci.movie_id)"}]}, {"Node Type": "Index Scan", "Parent Relationship": "Inner", "Scan Direction": "Forward", "Index Name": "name_pkey", "Relation Name": "name", "Alias": "n1", "Startup Cost": 0.0, "Total Cost": 0.28, "Plan Rows": 1, "Plan Width": 4, "Index Cond": "(id = ci.person_id)"}]}]}, "Unique SQL Id": 2457761703, "Planner Runtime": 5}, "explain_analyze_plan": null}, "(64, '54')": {"explain_plan": {"Plan": {"Node Type": "Aggregate", "Strategy": "Plain", "Startup Cost": 12604914.55, "Total Cost": 12604914.56, "Plan Rows": 1, "Plan Width": 97, "Plans": [{"Node Type": "Nested Loop", "Parent Relationship": "Outer", "Join Type": "Inner", "Startup Cost": 2.1, "Total Cost": 12603129.06, "Plan Rows": 357098, "Plan Width": 33, "Inner Unique": true, "Join Filter": "(an1.person_id = n1.id), (LLVM Optimized)", "Plans": [{"Node Type": "Nested Loop", "Parent Relationship": "Outer", "Join Type": "Inner", "Startup Cost": 1.84, "Total Cost": 11073153.85, "Plan Rows": 357098, "Plan Width": 41, "Inner Unique": true, "Plans": [{"Node Type": "Nested Loop", "Parent Relationship": "Outer", "Join Type": "Inner", "Startup Cost": 1.58, "Total Cost": 9543117.59, "Plan Rows": 357379, "Plan Width": 32, "Inner Unique": false, "Plans": [{"Node Type": "Nested Loop", "Parent Relationship": "Outer", "Join Type": "Inner", "Startup Cost": 1.33, "Total Cost": 6499549.44, "Plan Rows": 711018, "Plan Width": 12, "Inner Unique": false, "Join Filter": "(ci.role_id = rt.id), (LLVM Optimized)", "Plans": [{"Node Type": "Seq Scan", "Parent Relationship": "Outer", "Relation Name": "role_type", "Alias": "rt", "Startup Cost": 0.0, "Total Cost": 1.15, "Plan Rows": 1, "Plan Width": 4, "Filter": "((role)::text = 'costume designer'::text)"}, {"Node Type": "Nested Loop", "Parent Relationship": "Inner", "Join Type": "Inner", "Startup Cost": 1.33, "Total Cost": 6401783.28, "Plan Rows": 7821201, "Plan Width": 16, "Inner Unique": false, "Plans": [{"Node Type": "Nested Loop", "Parent Relationship": "Outer", "Join Type": "Inner", "Startup Cost": 0.82, "Total Cost": 444829.84, "Plan Rows": 1282311, "Plan Width": 4, "Inner Unique": false, "Plans": [{"Node Type": "Seq Scan", "Parent Relationship": "Outer", "Relation Name": "company_name", "Alias": "cn", "Startup Cost": 0.0, "Total Cost": 5903.45, "Plan Rows": 85170, "Plan Width": 4, "Filter": "((country_code)::text = '[us]'::text)"}, {"Node Type": "Bitmap Heap Scan", "Parent Relationship": "Inner", "Relation Name": "movie_companies", "Alias": "mc", "Startup Cost": 0.82, "Total Cost": 5.0, "Plan Rows": 15, "Plan Width": 8, "Recheck Cond": "(company_id = cn.id)", "Plans": [{"Node Type": "Bitmap Index Scan", "Parent Relationship": "Outer", "Index Name": "company_id_movie_companies", "Startup Cost": 0.0, "Total Cost": 0.81, "Plan Rows": 15, "Plan Width": 0, "Index Cond": "(company_id = cn.id)"}]}]}, {"Node Type": "Bitmap Heap Scan", "Parent Relationship": "Inner", "Relation Name": "cast_info", "Alias": "ci", "Startup Cost": 0.51, "Total Cost": 4.59, "Plan Rows": 6, "Plan Width": 12, "Recheck Cond": "(movie_id = mc.movie_id)", "Plans": [{"Node Type": "Bitmap Index Scan", "Parent Relationship": "Outer", "Index Name": "movie_id_cast_info", "Startup Cost": 0.0, "Total Cost": 0.51, "Plan Rows": 6, "Plan Width": 0, "Index Cond": "(movie_id = mc.movie_id)"}]}]}]}, {"Node Type": "Bitmap Heap Scan", "Parent Relationship": "Inner", "Relation Name": "aka_name", "Alias": "an1", "Startup Cost": 0.26, "Total Cost": 4.27, "Plan Rows": 1, "Plan Width": 20, "Recheck Cond": "(person_id = ci.person_id)", "Plans": [{"Node Type": "Bitmap Index Scan", "Parent Relationship": "Outer", "Index Name": "person_id_aka_name", "Startup Cost": 0.0, "Total Cost": 0.26, "Plan Rows": 1, "Plan Width": 0, "Index Cond": "(person_id = ci.person_id)"}]}]}, {"Node Type": "Bitmap Heap Scan", "Parent Relationship": "Inner", "Relation Name": "title", "Alias": "t", "Startup Cost": 0.26, "Total Cost": 4.27, "Plan Rows": 1, "Plan Width": 21, "Recheck Cond": "(id = ci.movie_id)", "Plans": [{"Node Type": "Bitmap Index Scan", "Parent Relationship": "Outer", "Index Name": "title_pkey", "Startup Cost": 0.0, "Total Cost": 0.26, "Plan Rows": 1, "Plan Width": 0, "Index Cond": "(id = ci.movie_id)"}]}]}, {"Node Type": "Bitmap Heap Scan", "Parent Relationship": "Inner", "Relation Name": "name", "Alias": "n1", "Startup Cost": 0.26, "Total Cost": 4.27, "Plan Rows": 1, "Plan Width": 4, "Recheck Cond": "(id = ci.person_id)", "Plans": [{"Node Type": "Bitmap Index Scan", "Parent Relationship": "Outer", "Index Name": "name_pkey", "Startup Cost": 0.0, "Total Cost": 0.26, "Plan Rows": 1, "Plan Width": 0, "Index Cond": "(id = ci.person_id)"}]}]}]}, "Unique SQL Id": 2457761703, "Planner Runtime": 14}, "explain_analyze_plan": null}, "(64, '55')": {"explain_plan": {"Plan": {"Node Type": "Aggregate", "Strategy": "Plain", "Startup Cost": 12607726.38, "Total Cost": 12607726.39, "Plan Rows": 1, "Plan Width": 97, "Plans": [{"Node Type": "Nested Loop", "Parent Relationship": "Outer", "Join Type": "Inner", "Startup Cost": 2810.94, "Total Cost": 12605940.89, "Plan Rows": 357098, "Plan Width": 33, "Inner Unique": true, "Join Filter": "(an1.person_id = n1.id), (LLVM Optimized)", "Plans": [{"Node Type": "Nested Loop", "Parent Relationship": "Outer", "Join Type": "Inner", "Startup Cost": 2810.68, "Total Cost": 11075965.68, "Plan Rows": 357098, "Plan Width": 41, "Inner Unique": true, "Plans": [{"Node Type": "Nested Loop", "Parent Relationship": "Outer", "Join Type": "Inner", "Startup Cost": 2810.42, "Total Cost": 9545929.42, "Plan Rows": 357379, "Plan Width": 32, "Inner Unique": false, "Plans": [{"Node Type": "Nested Loop", "Parent Relationship": "Outer", "Join Type": "Inner", "Startup Cost": 2810.16, "Total Cost": 6502361.27, "Plan Rows": 711018, "Plan Width": 12, "Inner Unique": false, "Join Filter": "(ci.role_id = rt.id), (LLVM Optimized)", "Plans": [{"Node Type": "Bitmap Heap Scan", "Parent Relationship": "Outer", "Relation Name": "role_type", "Alias": "rt", "Startup Cost": 8.31, "Total Cost": 12.46, "Plan Rows": 1, "Plan Width": 4, "Filter": "((role)::text = 'costume designer'::text)", "Plans": [{"Node Type": "Bitmap Index Scan", "Parent Relationship": "Outer", "Index Name": "role_type_pkey", "Startup Cost": 0.0, "Total Cost": 8.31, "Plan Rows": 12, "Plan Width": 0}]}, {"Node Type": "Nested Loop", "Parent Relationship": "Inner", "Join Type": "Inner", "Startup Cost": 2801.85, "Total Cost": 6404583.8, "Plan Rows": 7821201, "Plan Width": 16, "Inner Unique": false, "Plans": [{"Node Type": "Nested Loop", "Parent Relationship": "Outer", "Join Type": "Inner", "Startup Cost": 2801.34, "Total Cost": 447630.36, "Plan Rows": 1282311, "Plan Width": 4, "Inner Unique": false, "Plans": [{"Node Type": "Bitmap Heap Scan", "Parent Relationship": "Outer", "Relation Name": "company_name", "Alias": "cn", "Startup Cost": 2800.52, "Total Cost": 8703.97, "Plan Rows": 85170, "Plan Width": 4, "Filter": "((country_code)::text = '[us]'::text)", "Plans": [{"Node Type": "Bitmap Index Scan", "Parent Relationship": "Outer", "Index Name": "company_name_pkey", "Startup Cost": 0.0, "Total Cost": 2779.23, "Plan Rows": 234996, "Plan Width": 0}]}, {"Node Type": "Bitmap Heap Scan", "Parent Relationship": "Inner", "Relation Name": "movie_companies", "Alias": "mc", "Startup Cost": 0.82, "Total Cost": 5.0, "Plan Rows": 15, "Plan Width": 8, "Recheck Cond": "(company_id = cn.id)", "Plans": [{"Node Type": "Bitmap Index Scan", "Parent Relationship": "Outer", "Index Name": "company_id_movie_companies", "Startup Cost": 0.0, "Total Cost": 0.81, "Plan Rows": 15, "Plan Width": 0, "Index Cond": "(company_id = cn.id)"}]}]}, {"Node Type": "Bitmap Heap Scan", "Parent Relationship": "Inner", "Relation Name": "cast_info", "Alias": "ci", "Startup Cost": 0.51, "Total Cost": 4.59, "Plan Rows": 6, "Plan Width": 12, "Recheck Cond": "(movie_id = mc.movie_id)", "Plans": [{"Node Type": "Bitmap Index Scan", "Parent Relationship": "Outer", "Index Name": "movie_id_cast_info", "Startup Cost": 0.0, "Total Cost": 0.51, "Plan Rows": 6, "Plan Width": 0, "Index Cond": "(movie_id = mc.movie_id)"}]}]}]}, {"Node Type": "Bitmap Heap Scan", "Parent Relationship": "Inner", "Relation Name": "aka_name", "Alias": "an1", "Startup Cost": 0.26, "Total Cost": 4.27, "Plan Rows": 1, "Plan Width": 20, "Recheck Cond": "(person_id = ci.person_id)", "Plans": [{"Node Type": "Bitmap Index Scan", "Parent Relationship": "Outer", "Index Name": "person_id_aka_name", "Startup Cost": 0.0, "Total Cost": 0.26, "Plan Rows": 1, "Plan Width": 0, "Index Cond": "(person_id = ci.person_id)"}]}]}, {"Node Type": "Bitmap Heap Scan", "Parent Relationship": "Inner", "Relation Name": "title", "Alias": "t", "Startup Cost": 0.26, "Total Cost": 4.27, "Plan Rows": 1, "Plan Width": 21, "Recheck Cond": "(id = ci.movie_id)", "Plans": [{"Node Type": "Bitmap Index Scan", "Parent Relationship": "Outer", "Index Name": "title_pkey", "Startup Cost": 0.0, "Total Cost": 0.26, "Plan Rows": 1, "Plan Width": 0, "Index Cond": "(id = ci.movie_id)"}]}]}, {"Node Type": "Bitmap Heap Scan", "Parent Relationship": "Inner", "Relation Name": "name", "Alias": "n1", "Startup Cost": 0.26, "Total Cost": 4.27, "Plan Rows": 1, "Plan Width": 4, "Recheck Cond": "(id = ci.person_id)", "Plans": [{"Node Type": "Bitmap Index Scan", "Parent Relationship": "Outer", "Index Name": "name_pkey", "Startup Cost": 0.0, "Total Cost": 0.26, "Plan Rows": 1, "Plan Width": 0, "Index Cond": "(id = ci.person_id)"}]}]}]}, "Unique SQL Id": 2457761703, "Planner Runtime": 6}, "explain_analyze_plan": null}, "(64, '56')": {"explain_plan": {"Plan": {"Node Type": "Aggregate", "Strategy": "Plain", "Startup Cost": 1965944.02, "Total Cost": 1965944.03, "Plan Rows": 1, "Plan Width": 97, "Plans": [{"Node Type": "Nested Loop", "Parent Relationship": "Outer", "Join Type": "Inner", "Startup Cost": 0.0, "Total Cost": 1964158.53, "Plan Rows": 357098, "Plan Width": 33, "Inner Unique": true, "Join Filter": "(an1.person_id = n1.id), (LLVM Optimized)", "Plans": [{"Node Type": "Nested Loop", "Parent Relationship": "Outer", "Join Type": "Inner", "Startup Cost": 0.0, "Total Cost": 1862664.6, "Plan Rows": 357098, "Plan Width": 41, "Inner Unique": true, "Plans": [{"Node Type": "Nested Loop", "Parent Relationship": "Outer", "Join Type": "Inner", "Startup Cost": 0.0, "Total Cost": 1760862.26, "Plan Rows": 357379, "Plan Width": 32, "Inner Unique": false, "Plans": [{"Node Type": "Nested Loop", "Parent Relationship": "Outer", "Join Type": "Inner", "Startup Cost": 0.0, "Total Cost": 1560689.3, "Plan Rows": 711018, "Plan Width": 12, "Inner Unique": false, "Join Filter": "(ci.role_id = rt.id), (LLVM Optimized)", "Plans": [{"Node Type": "Seq Scan", "Parent Relationship": "Outer", "Relation Name": "role_type", "Alias": "rt", "Startup Cost": 0.0, "Total Cost": 1.15, "Plan Rows": 1, "Plan Width": 4, "Filter": "((role)::text = 'costume designer'::text)"}, {"Node Type": "Nested Loop", "Parent Relationship": "Inner", "Join Type": "Inner", "Startup Cost": 0.0, "Total Cost": 1462923.14, "Plan Rows": 7821201, "Plan Width": 16, "Inner Unique": false, "Plans": [{"Node Type": "Nested Loop", "Parent Relationship": "Outer", "Join Type": "Inner", "Startup Cost": 0.0, "Total Cost": 166734.45, "Plan Rows": 1282311, "Plan Width": 4, "Inner Unique": false, "Plans": [{"Node Type": "Seq Scan", "Parent Relationship": "Outer", "Relation Name": "company_name", "Alias": "cn", "Startup Cost": 0.0, "Total Cost": 5903.45, "Plan Rows": 85170, "Plan Width": 4, "Filter": "((country_code)::text = '[us]'::text)"}, {"Node Type": "Index Scan", "Parent Relationship": "Inner", "Scan Direction": "Forward", "Index Name": "company_id_movie_companies", "Relation Name": "movie_companies", "Alias": "mc", "Startup Cost": 0.0, "Total Cost": 1.74, "Plan Rows": 15, "Plan Width": 8, "Index Cond": "(company_id = cn.id)"}]}, {"Node Type": "Index Scan", "Parent Relationship": "Inner", "Scan Direction": "Forward", "Index Name": "movie_id_cast_info", "Relation Name": "cast_info", "Alias": "ci", "Startup Cost": 0.0, "Total Cost": 0.95, "Plan Rows": 6, "Plan Width": 12, "Index Cond": "(movie_id = mc.movie_id)"}]}]}, {"Node Type": "Index Scan", "Parent Relationship": "Inner", "Scan Direction": "Forward", "Index Name": "person_id_aka_name", "Relation Name": "aka_name", "Alias": "an1", "Startup Cost": 0.0, "Total Cost": 0.27, "Plan Rows": 1, "Plan Width": 20, "Index Cond": "(person_id = ci.person_id)"}]}, {"Node Type": "Index Scan", "Parent Relationship": "Inner", "Scan Direction": "Forward", "Index Name": "title_pkey", "Relation Name": "title", "Alias": "t", "Startup Cost": 0.0, "Total Cost": 0.27, "Plan Rows": 1, "Plan Width": 21, "Index Cond": "(id = ci.movie_id)"}]}, {"Node Type": "Index Only Scan", "Parent Relationship": "Inner", "Scan Direction": "Forward", "Index Name": "name_pkey", "Relation Name": "name", "Alias": "n1", "Startup Cost": 0.0, "Total Cost": 0.27, "Plan Rows": 1, "Plan Width": 4, "Index Cond": "(id = ci.person_id)"}]}]}, "Unique SQL Id": 2457761703, "Planner Runtime": 5}, "explain_analyze_plan": null}, "(64, '57')": {"explain_plan": {"Plan": {"Node Type": "Aggregate", "Strategy": "Plain", "Startup Cost": 1970553.27, "Total Cost": 1970553.28, "Plan Rows": 1, "Plan Width": 97, "Plans": [{"Node Type": "Nested Loop", "Parent Relationship": "Outer", "Join Type": "Inner", "Startup Cost": 0.0, "Total Cost": 1968767.78, "Plan Rows": 357098, "Plan Width": 33, "Inner Unique": true, "Join Filter": "(an1.person_id = n1.id), (LLVM Optimized)", "Plans": [{"Node Type": "Nested Loop", "Parent Relationship": "Outer", "Join Type": "Inner", "Startup Cost": 0.0, "Total Cost": 1867273.85, "Plan Rows": 357098, "Plan Width": 41, "Inner Unique": true, "Plans": [{"Node Type": "Nested Loop", "Parent Relationship": "Outer", "Join Type": "Inner", "Startup Cost": 0.0, "Total Cost": 1765471.51, "Plan Rows": 357379, "Plan Width": 32, "Inner Unique": false, "Plans": [{"Node Type": "Nested Loop", "Parent Relationship": "Outer", "Join Type": "Inner", "Startup Cost": 0.0, "Total Cost": 1565298.55, "Plan Rows": 711018, "Plan Width": 12, "Inner Unique": false, "Join Filter": "(ci.role_id = rt.id), (LLVM Optimized)", "Plans": [{"Node Type": "Index Scan", "Parent Relationship": "Outer", "Scan Direction": "Forward", "Index Name": "role_type_pkey", "Relation Name": "role_type", "Alias": "rt", "Startup Cost": 0.0, "Total Cost": 12.46, "Plan Rows": 1, "Plan Width": 4, "Filter": "((role)::text = 'costume designer'::text)"}, {"Node Type": "Nested Loop", "Parent Relationship": "Inner", "Join Type": "Inner", "Startup Cost": 0.0, "Total Cost": 1467521.08, "Plan Rows": 7821201, "Plan Width": 16, "Inner Unique": false, "Plans": [{"Node Type": "Nested Loop", "Parent Relationship": "Outer", "Join Type": "Inner", "Startup Cost": 0.0, "Total Cost": 171332.39, "Plan Rows": 1282311, "Plan Width": 4, "Inner Unique": false, "Plans": [{"Node Type": "Index Scan", "Parent Relationship": "Outer", "Scan Direction": "Forward", "Index Name": "company_name_pkey", "Relation Name": "company_name", "Alias": "cn", "Startup Cost": 0.0, "Total Cost": 10501.39, "Plan Rows": 85170, "Plan Width": 4, "Filter": "((country_code)::text = '[us]'::text)"}, {"Node Type": "Index Scan", "Parent Relationship": "Inner", "Scan Direction": "Forward", "Index Name": "company_id_movie_companies", "Relation Name": "movie_companies", "Alias": "mc", "Startup Cost": 0.0, "Total Cost": 1.74, "Plan Rows": 15, "Plan Width": 8, "Index Cond": "(company_id = cn.id)"}]}, {"Node Type": "Index Scan", "Parent Relationship": "Inner", "Scan Direction": "Forward", "Index Name": "movie_id_cast_info", "Relation Name": "cast_info", "Alias": "ci", "Startup Cost": 0.0, "Total Cost": 0.95, "Plan Rows": 6, "Plan Width": 12, "Index Cond": "(movie_id = mc.movie_id)"}]}]}, {"Node Type": "Index Scan", "Parent Relationship": "Inner", "Scan Direction": "Forward", "Index Name": "person_id_aka_name", "Relation Name": "aka_name", "Alias": "an1", "Startup Cost": 0.0, "Total Cost": 0.27, "Plan Rows": 1, "Plan Width": 20, "Index Cond": "(person_id = ci.person_id)"}]}, {"Node Type": "Index Scan", "Parent Relationship": "Inner", "Scan Direction": "Forward", "Index Name": "title_pkey", "Relation Name": "title", "Alias": "t", "Startup Cost": 0.0, "Total Cost": 0.27, "Plan Rows": 1, "Plan Width": 21, "Index Cond": "(id = ci.movie_id)"}]}, {"Node Type": "Index Only Scan", "Parent Relationship": "Inner", "Scan Direction": "Forward", "Index Name": "name_pkey", "Relation Name": "name", "Alias": "n1", "Startup Cost": 0.0, "Total Cost": 0.27, "Plan Rows": 1, "Plan Width": 4, "Index Cond": "(id = ci.person_id)"}]}]}, "Unique SQL Id": 2457761703, "Planner Runtime": 4}, "explain_analyze_plan": null}, "(64, '58')": {"explain_plan": {"Plan": {"Node Type": "Aggregate", "Strategy": "Plain", "Startup Cost": 35276563.26, "Total Cost": 35276563.29, "Plan Rows": 1, "Plan Width": 97, "Plans": [{"Node Type": "Streaming(type: LOCAL GATHER dop: 1/64)", "Parent Relationship": "Outer", "Startup Cost": 35276563.26, "Total Cost": 35276563.29, "Plan Rows": 1, "Plan Width": 97, "Plans": [{"Node Type": "Aggregate", "Strategy": "Plain", "Parent Relationship": "Outer", "Startup Cost": 35276563.26, "Total Cost": 35276563.27, "Plan Rows": 1, "Plan Width": 97, "Plans": [{"Node Type": "Nested Loop", "Parent Relationship": "Outer", "Join Type": "Inner", "Startup Cost": 0.0, "Total Cost": 35274777.77, "Plan Rows": 357098, "Plan Width": 33, "Inner Unique": false, "Join Filter": "(an1.person_id = n1.id), (LLVM Optimized)", "Plans": [{"Node Type": "Streaming(type: LOCAL REDISTRIBUTE dop: 64/64)", "Parent Relationship": "Outer", "Startup Cost": 0.0, "Total Cost": 131401.97, "Plan Rows": 4167490, "Plan Width": 4, "Plans": [{"Node Type": "Seq Scan", "Parent Relationship": "Outer", "Relation Name": "name", "Alias": "n1", "Startup Cost": 0.0, "Total Cost": 64454.25, "Plan Rows": 4167490, "Plan Width": 4}]}, {"Node Type": "Materialize", "Parent Relationship": "Inner", "Startup Cost": 0.0, "Total Cost": 29693429.99, "Plan Rows": 357098, "Plan Width": 41, "Plans": [{"Node Type": "Streaming(type: LOCAL REDISTRIBUTE dop: 64/64)", "Parent Relationship": "Outer", "Startup Cost": 0.0, "Total Cost": 29693402.1, "Plan Rows": 357098, "Plan Width": 41, "Plans": [{"Node Type": "Nested Loop", "Parent Relationship": "Outer", "Join Type": "Inner", "Startup Cost": 0.0, "Total Cost": 29630063.83, "Plan Rows": 357098, "Plan Width": 41, "Inner Unique": false, "Join Filter": "(ci.movie_id = t.id), (LLVM Optimized)", "Plans": [{"Node Type": "Streaming(type: LOCAL REDISTRIBUTE dop: 64/1)", "Parent Relationship": "Outer", "Startup Cost": 0.0, "Total Cost": 225794.09, "Plan Rows": 2528311, "Plan Width": 21, "Plans": [{"Node Type": "Seq Scan", "Parent Relationship": "Outer", "Relation Name": "title", "Alias": "t", "Startup Cost": 0.0, "Total Cost": 60069.11, "Plan Rows": 2528311, "Plan Width": 21}]}, {"Node Type": "Materialize", "Parent Relationship": "Inner", "Startup Cost": 0.0, "Total Cost": 26095328.9, "Plan Rows": 357379, "Plan Width": 32, "Plans": [{"Node Type": "Streaming(type: LOCAL REDISTRIBUTE dop: 64/64)", "Parent Relationship": "Outer", "Startup Cost": 0.0, "Total Cost": 26095300.98, "Plan Rows": 357379, "Plan Width": 32, "Plans": [{"Node Type": "Nested Loop", "Parent Relationship": "Outer", "Join Type": "Inner", "Startup Cost": 0.0, "Total Cost": 26031962.45, "Plan Rows": 357379, "Plan Width": 32, "Inner Unique": true, "Join Filter": "(mc.company_id = cn.id), (LLVM Optimized)", "Plans": [{"Node Type": "Streaming(type: LOCAL REDISTRIBUTE dop: 64/64)", "Parent Relationship": "Outer", "Startup Cost": 0.0, "Total Cost": 25732792.36, "Plan Rows": 727161, "Plan Width": 36, "Plans": [{"Node Type": "Nested Loop", "Parent Relationship": "Outer", "Join Type": "Inner", "Startup Cost": 0.0, "Total Cost": 25669103.55, "Plan Rows": 727161, "Plan Width": 36, "Inner Unique": false, "Join Filter": "(ci.movie_id = mc.movie_id), (LLVM Optimized)", "Plans": [{"Node Type": "Streaming(type: LOCAL REDISTRIBUTE dop: 64/1)", "Parent Relationship": "Outer", "Startup Cost": 0.0, "Total Cost": 210825.84, "Plan Rows": 2609128, "Plan Width": 8, "Plans": [{"Node Type": "Seq Scan", "Parent Relationship": "Outer", "Relation Name": "movie_companies", "Alias": "mc", "Startup Cost": 0.0, "Total Cost": 41817.28, "Plan Rows": 2609128, "Plan Width": 8}]}, {"Node Type": "Materialize", "Parent Relationship": "Inner", "Startup Cost": 0.0, "Total Cost": 11273227.83, "Plan Rows": 1484588, "Plan Width": 28, "Plans": [{"Node Type": "Streaming(type: LOCAL REDISTRIBUTE dop: 64/64)", "Parent Relationship": "Outer", "Startup Cost": 0.0, "Total Cost": 11273111.85, "Plan Rows": 1484588, "Plan Width": 28, "Plans": [{"Node Type": "Nested Loop", "Parent Relationship": "Outer", "Join Type": "Inner", "Startup Cost": 0.0, "Total Cost": 11208705.55, "Plan Rows": 1484588, "Plan Width": 28, "Inner Unique": false, "Join Filter": "(ci.person_id = an1.person_id), (LLVM Optimized)", "Plans": [{"Node Type": "Streaming(type: LOCAL REDISTRIBUTE dop: 64/64)", "Parent Relationship": "Outer", "Startup Cost": 0.0, "Total Cost": 208611.23, "Plan Rows": 3296318, "Plan Width": 8, "Plans": [{"Node Type": "Nested Loop", "Parent Relationship": "Outer", "Join Type": "Inner", "Startup Cost": 0.0, "Total Cost": 142488.75, "Plan Rows": 3296318, "Plan Width": 8, "Inner Unique": false, "Join Filter": "(ci.role_id = rt.id), (LLVM Optimized)", "Plans": [{"Node Type": "Streaming(type: BROADCAST dop: 64/1)", "Parent Relationship": "Outer", "Startup Cost": 0.0, "Total Cost": 63002.47, "Plan Rows": 64, "Plan Width": 4, "Plans": [{"Node Type": "Seq Scan", "Parent Relationship": "Outer", "Relation Name": "role_type", "Alias": "rt", "Startup Cost": 0.0, "Total Cost": 1.15, "Plan Rows": 1, "Plan Width": 4, "Filter": "((role)::text = 'costume designer'::text)"}]}, {"Node Type": "Seq Scan", "Parent Relationship": "Inner", "Relation Name": "cast_info", "Alias": "ci", "Startup Cost": 0.0, "Total Cost": 72404.34, "Plan Rows": 36259494, "Plan Width": 12}]}]}, {"Node Type": "Materialize", "Parent Relationship": "Inner", "Startup Cost": 0.0, "Total Cost": 119600.26, "Plan Rows": 901342, "Plan Width": 20, "Plans": [{"Node Type": "Streaming(type: LOCAL REDISTRIBUTE dop: 64/1)", "Parent Relationship": "Outer", "Startup Cost": 0.0, "Total Cost": 119529.84, "Plan Rows": 901342, "Plan Width": 20, "Plans": [{"Node Type": "Seq Scan", "Parent Relationship": "Outer", "Relation Name": "aka_name", "Alias": "an1", "Startup Cost": 0.0, "Total Cost": 19908.42, "Plan Rows": 901342, "Plan Width": 20}]}]}]}]}]}]}]}, {"Node Type": "Materialize", "Parent Relationship": "Inner", "Startup Cost": 0.0, "Total Cost": 72370.55, "Plan Rows": 85170, "Plan Width": 4, "Plans": [{"Node Type": "Streaming(type: LOCAL REDISTRIBUTE dop: 64/1)", "Parent Relationship": "Outer", "Startup Cost": 0.0, "Total Cost": 72363.9, "Plan Rows": 85170, "Plan Width": 4, "Plans": [{"Node Type": "Seq Scan", "Parent Relationship": "Outer", "Relation Name": "company_name", "Alias": "cn", "Startup Cost": 0.0, "Total Cost": 5903.45, "Plan Rows": 85170, "Plan Width": 4, "Filter": "((country_code)::text = '[us]'::text)"}]}]}]}]}]}]}]}]}]}]}]}]}, "Unique SQL Id": 2457761703, "Planner Runtime": 9}, "explain_analyze_plan": null}, "(64, '59')": {"explain_plan": {"Plan": {"Node Type": "Aggregate", "Strategy": "Plain", "Startup Cost": 7112442136285.67, "Total Cost": 7112442136285.68, "Plan Rows": 1, "Plan Width": 97, "Plans": [{"Node Type": "Nested Loop", "Parent Relationship": "Outer", "Join Type": "Inner", "Startup Cost": 70000000000.0, "Total Cost": 7112442134500.18, "Plan Rows": 357098, "Plan Width": 33, "Inner Unique": false, "Join Filter": "(an1.person_id = n1.id), (LLVM Optimized)", "Plans": [{"Node Type": "Index Only Scan", "Parent Relationship": "Outer", "Scan Direction": "Forward", "Index Name": "name_pkey", "Relation Name": "name", "Alias": "n1", "Startup Cost": 10000000000.0, "Total Cost": 1000012483260.0, "Plan Rows": 4167490, "Plan Width": 4}, {"Node Type": "Materialize", "Parent Relationship": "Inner", "Startup Cost": 60000000000.0, "Total Cost": 6090106616972.63, "Plan Rows": 357098, "Plan Width": 41, "Plans": [{"Node Type": "Nested Loop", "Parent Relationship": "Outer", "Join Type": "Inner", "Startup Cost": 60000000000.0, "Total Cost": 6090106615187.14, "Plan Rows": 357098, "Plan Width": 41, "Inner Unique": true, "Join Filter": "(ci.movie_id = t.id), (LLVM Optimized)", "Plans": [{"Node Type": "Nested Loop", "Parent Relationship": "Outer", "Join Type": "Inner", "Startup Cost": 50000000000.0, "Total Cost": 5076542117964.41, "Plan Rows": 357379, "Plan Width": 32, "Inner Unique": false, "Join Filter": "(ci.person_id = an1.person_id), (LLVM Optimized)", "Plans": [{"Node Type": "Nested Loop", "Parent Relationship": "Outer", "Join Type": "Inner", "Startup Cost": 40000000000.0, "Total Cost": 4066922163415.29, "Plan Rows": 711018, "Plan Width": 12, "Inner Unique": false, "Join Filter": "(ci.movie_id = mc.movie_id), (LLVM Optimized)", "Plans": [{"Node Type": "Nested Loop", "Parent Relationship": "Outer", "Join Type": "Inner", "Startup Cost": 20000000000.0, "Total Cost": 2000171193971.62, "Plan Rows": 3296318, "Plan Width": 8, "Inner Unique": true, "Join Filter": "(ci.role_id = rt.id), (LLVM Optimized)", "Plans": [{"Node Type": "Index Scan", "Parent Relationship": "Outer", "Scan Direction": "Forward", "Index Name": "person_id_cast_info", "Relation Name": "cast_info", "Alias": "ci", "Startup Cost": 10000000000.0, "Total Cost": 1000170648833.21, "Plan Rows": 36259494, "Plan Width": 12}, {"Node Type": "Materialize", "Parent Relationship": "Inner", "Startup Cost": 10000000000.0, "Total Cost": 1000000001246.0, "Plan Rows": 1, "Plan Width": 4, "Plans": [{"Node Type": "Index Scan", "Parent Relationship": "Outer", "Scan Direction": "Forward", "Index Name": "role_type_pkey", "Relation Name": "role_type", "Alias": "rt", "Startup Cost": 10000000000.0, "Total Cost": 1000000001246.0, "Plan Rows": 1, "Plan Width": 4, "Filter": "((role)::text = 'costume designer'::text)"}]}]}, {"Node Type": "Materialize", "Parent Relationship": "Inner", "Startup Cost": 20000000000.0, "Total Cost": 2003347400185.98, "Plan Rows": 1282311, "Plan Width": 4, "Plans": [{"Node Type": "Nested Loop", "Parent Relationship": "Outer", "Join Type": "Inner", "Startup Cost": 20000000000.0, "Total Cost": 2003347393774.42, "Plan Rows": 1282311, "Plan Width": 4, "Inner Unique": true, "Join Filter": "(cn.id = mc.company_id), (LLVM Optimized)", "Plans": [{"Node Type": "Index Scan", "Parent Relationship": "Outer", "Scan Direction": "Forward", "Index Name": "movie_id_movie_companies", "Relation Name": "movie_companies", "Alias": "mc", "Startup Cost": 10000000000.0, "Total Cost": 1000013051946.13, "Plan Rows": 2609128, "Plan Width": 8}, {"Node Type": "Materialize", "Parent Relationship": "Inner", "Startup Cost": 10000000000.0, "Total Cost": 1000001050564.82, "Plan Rows": 85170, "Plan Width": 4, "Plans": [{"Node Type": "Index Scan", "Parent Relationship": "Outer", "Scan Direction": "Forward", "Index Name": "company_name_pkey", "Relation Name": "company_name", "Alias": "cn", "Startup Cost": 10000000000.0, "Total Cost": 1000001050138.97, "Plan Rows": 85170, "Plan Width": 4, "Filter": "((country_code)::text = '[us]'::text)"}]}]}]}]}, {"Node Type": "Materialize", "Parent Relationship": "Inner", "Startup Cost": 10000000000.0, "Total Cost": 1000006901010.14, "Plan Rows": 901342, "Plan Width": 20, "Plans": [{"Node Type": "Index Scan", "Parent Relationship": "Outer", "Scan Direction": "Forward", "Index Name": "person_id_aka_name", "Relation Name": "aka_name", "Alias": "an1", "Startup Cost": 10000000000.0, "Total Cost": 1000006896503.43, "Plan Rows": 901342, "Plan Width": 20}]}]}, {"Node Type": "Materialize", "Parent Relationship": "Inner", "Startup Cost": 10000000000.0, "Total Cost": 1000011024690.47, "Plan Rows": 2528311, "Plan Width": 21, "Plans": [{"Node Type": "Index Scan", "Parent Relationship": "Outer", "Scan Direction": "Forward", "Index Name": "title_pkey", "Relation Name": "title", "Alias": "t", "Startup Cost": 10000000000.0, "Total Cost": 1000011012048.91, "Plan Rows": 2528311, "Plan Width": 21}]}]}]}]}]}, "Unique SQL Id": 2457761703, "Planner Runtime": 21}, "explain_analyze_plan": null}, "(64, '60')": {"explain_plan": {"Plan": {"Node Type": "Aggregate", "Strategy": "Plain", "Startup Cost": 1967968.74, "Total Cost": 1967968.75, "Plan Rows": 1, "Plan Width": 97, "Plans": [{"Node Type": "Nested Loop", "Parent Relationship": "Outer", "Join Type": "Inner", "Startup Cost": 0.0, "Total Cost": 1966183.25, "Plan Rows": 357098, "Plan Width": 33, "Inner Unique": true, "Join Filter": "(an1.person_id = n1.id), (LLVM Optimized)", "Plans": [{"Node Type": "Nested Loop", "Parent Relationship": "Outer", "Join Type": "Inner", "Startup Cost": 0.0, "Total Cost": 1862664.6, "Plan Rows": 357098, "Plan Width": 41, "Inner Unique": true, "Plans": [{"Node Type": "Nested Loop", "Parent Relationship": "Outer", "Join Type": "Inner", "Startup Cost": 0.0, "Total Cost": 1760862.26, "Plan Rows": 357379, "Plan Width": 32, "Inner Unique": false, "Plans": [{"Node Type": "Nested Loop", "Parent Relationship": "Outer", "Join Type": "Inner", "Startup Cost": 0.0, "Total Cost": 1560689.3, "Plan Rows": 711018, "Plan Width": 12, "Inner Unique": false, "Join Filter": "(ci.role_id = rt.id), (LLVM Optimized)", "Plans": [{"Node Type": "Seq Scan", "Parent Relationship": "Outer", "Relation Name": "role_type", "Alias": "rt", "Startup Cost": 0.0, "Total Cost": 1.15, "Plan Rows": 1, "Plan Width": 4, "Filter": "((role)::text = 'costume designer'::text)"}, {"Node Type": "Nested Loop", "Parent Relationship": "Inner", "Join Type": "Inner", "Startup Cost": 0.0, "Total Cost": 1462923.14, "Plan Rows": 7821201, "Plan Width": 16, "Inner Unique": false, "Plans": [{"Node Type": "Nested Loop", "Parent Relationship": "Outer", "Join Type": "Inner", "Startup Cost": 0.0, "Total Cost": 166734.45, "Plan Rows": 1282311, "Plan Width": 4, "Inner Unique": false, "Plans": [{"Node Type": "Seq Scan", "Parent Relationship": "Outer", "Relation Name": "company_name", "Alias": "cn", "Startup Cost": 0.0, "Total Cost": 5903.45, "Plan Rows": 85170, "Plan Width": 4, "Filter": "((country_code)::text = '[us]'::text)"}, {"Node Type": "Index Scan", "Parent Relationship": "Inner", "Scan Direction": "Forward", "Index Name": "company_id_movie_companies", "Relation Name": "movie_companies", "Alias": "mc", "Startup Cost": 0.0, "Total Cost": 1.74, "Plan Rows": 15, "Plan Width": 8, "Index Cond": "(company_id = cn.id)"}]}, {"Node Type": "Index Scan", "Parent Relationship": "Inner", "Scan Direction": "Forward", "Index Name": "movie_id_cast_info", "Relation Name": "cast_info", "Alias": "ci", "Startup Cost": 0.0, "Total Cost": 0.95, "Plan Rows": 6, "Plan Width": 12, "Index Cond": "(movie_id = mc.movie_id)"}]}]}, {"Node Type": "Index Scan", "Parent Relationship": "Inner", "Scan Direction": "Forward", "Index Name": "person_id_aka_name", "Relation Name": "aka_name", "Alias": "an1", "Startup Cost": 0.0, "Total Cost": 0.27, "Plan Rows": 1, "Plan Width": 20, "Index Cond": "(person_id = ci.person_id)"}]}, {"Node Type": "Index Scan", "Parent Relationship": "Inner", "Scan Direction": "Forward", "Index Name": "title_pkey", "Relation Name": "title", "Alias": "t", "Startup Cost": 0.0, "Total Cost": 0.27, "Plan Rows": 1, "Plan Width": 21, "Index Cond": "(id = ci.movie_id)"}]}, {"Node Type": "Index Scan", "Parent Relationship": "Inner", "Scan Direction": "Forward", "Index Name": "name_pkey", "Relation Name": "name", "Alias": "n1", "Startup Cost": 0.0, "Total Cost": 0.28, "Plan Rows": 1, "Plan Width": 4, "Index Cond": "(id = ci.person_id)"}]}]}, "Unique SQL Id": 2457761703, "Planner Runtime": 5}, "explain_analyze_plan": null}, "(64, '61')": {"explain_plan": {"Plan": {"Node Type": "Aggregate", "Strategy": "Plain", "Startup Cost": 1972577.99, "Total Cost": 1972578.0, "Plan Rows": 1, "Plan Width": 97, "Plans": [{"Node Type": "Nested Loop", "Parent Relationship": "Outer", "Join Type": "Inner", "Startup Cost": 0.0, "Total Cost": 1970792.5, "Plan Rows": 357098, "Plan Width": 33, "Inner Unique": true, "Join Filter": "(an1.person_id = n1.id), (LLVM Optimized)", "Plans": [{"Node Type": "Nested Loop", "Parent Relationship": "Outer", "Join Type": "Inner", "Startup Cost": 0.0, "Total Cost": 1867273.85, "Plan Rows": 357098, "Plan Width": 41, "Inner Unique": true, "Plans": [{"Node Type": "Nested Loop", "Parent Relationship": "Outer", "Join Type": "Inner", "Startup Cost": 0.0, "Total Cost": 1765471.51, "Plan Rows": 357379, "Plan Width": 32, "Inner Unique": false, "Plans": [{"Node Type": "Nested Loop", "Parent Relationship": "Outer", "Join Type": "Inner", "Startup Cost": 0.0, "Total Cost": 1565298.55, "Plan Rows": 711018, "Plan Width": 12, "Inner Unique": false, "Join Filter": "(ci.role_id = rt.id), (LLVM Optimized)", "Plans": [{"Node Type": "Index Scan", "Parent Relationship": "Outer", "Scan Direction": "Forward", "Index Name": "role_type_pkey", "Relation Name": "role_type", "Alias": "rt", "Startup Cost": 0.0, "Total Cost": 12.46, "Plan Rows": 1, "Plan Width": 4, "Filter": "((role)::text = 'costume designer'::text)"}, {"Node Type": "Nested Loop", "Parent Relationship": "Inner", "Join Type": "Inner", "Startup Cost": 0.0, "Total Cost": 1467521.08, "Plan Rows": 7821201, "Plan Width": 16, "Inner Unique": false, "Plans": [{"Node Type": "Nested Loop", "Parent Relationship": "Outer", "Join Type": "Inner", "Startup Cost": 0.0, "Total Cost": 171332.39, "Plan Rows": 1282311, "Plan Width": 4, "Inner Unique": false, "Plans": [{"Node Type": "Index Scan", "Parent Relationship": "Outer", "Scan Direction": "Forward", "Index Name": "company_name_pkey", "Relation Name": "company_name", "Alias": "cn", "Startup Cost": 0.0, "Total Cost": 10501.39, "Plan Rows": 85170, "Plan Width": 4, "Filter": "((country_code)::text = '[us]'::text)"}, {"Node Type": "Index Scan", "Parent Relationship": "Inner", "Scan Direction": "Forward", "Index Name": "company_id_movie_companies", "Relation Name": "movie_companies", "Alias": "mc", "Startup Cost": 0.0, "Total Cost": 1.74, "Plan Rows": 15, "Plan Width": 8, "Index Cond": "(company_id = cn.id)"}]}, {"Node Type": "Index Scan", "Parent Relationship": "Inner", "Scan Direction": "Forward", "Index Name": "movie_id_cast_info", "Relation Name": "cast_info", "Alias": "ci", "Startup Cost": 0.0, "Total Cost": 0.95, "Plan Rows": 6, "Plan Width": 12, "Index Cond": "(movie_id = mc.movie_id)"}]}]}, {"Node Type": "Index Scan", "Parent Relationship": "Inner", "Scan Direction": "Forward", "Index Name": "person_id_aka_name", "Relation Name": "aka_name", "Alias": "an1", "Startup Cost": 0.0, "Total Cost": 0.27, "Plan Rows": 1, "Plan Width": 20, "Index Cond": "(person_id = ci.person_id)"}]}, {"Node Type": "Index Scan", "Parent Relationship": "Inner", "Scan Direction": "Forward", "Index Name": "title_pkey", "Relation Name": "title", "Alias": "t", "Startup Cost": 0.0, "Total Cost": 0.27, "Plan Rows": 1, "Plan Width": 21, "Index Cond": "(id = ci.movie_id)"}]}, {"Node Type": "Index Scan", "Parent Relationship": "Inner", "Scan Direction": "Forward", "Index Name": "name_pkey", "Relation Name": "name", "Alias": "n1", "Startup Cost": 0.0, "Total Cost": 0.28, "Plan Rows": 1, "Plan Width": 4, "Index Cond": "(id = ci.person_id)"}]}]}, "Unique SQL Id": 2457761703, "Planner Runtime": 4}, "explain_analyze_plan": null}, "(64, '62')": {"explain_plan": {"Plan": {"Node Type": "Aggregate", "Strategy": "Plain", "Startup Cost": 35276563.26, "Total Cost": 35276563.29, "Plan Rows": 1, "Plan Width": 97, "Plans": [{"Node Type": "Streaming(type: LOCAL GATHER dop: 1/64)", "Parent Relationship": "Outer", "Startup Cost": 35276563.26, "Total Cost": 35276563.29, "Plan Rows": 1, "Plan Width": 97, "Plans": [{"Node Type": "Aggregate", "Strategy": "Plain", "Parent Relationship": "Outer", "Startup Cost": 35276563.26, "Total Cost": 35276563.27, "Plan Rows": 1, "Plan Width": 97, "Plans": [{"Node Type": "Nested Loop", "Parent Relationship": "Outer", "Join Type": "Inner", "Startup Cost": 0.0, "Total Cost": 35274777.77, "Plan Rows": 357098, "Plan Width": 33, "Inner Unique": false, "Join Filter": "(an1.person_id = n1.id), (LLVM Optimized)", "Plans": [{"Node Type": "Streaming(type: LOCAL REDISTRIBUTE dop: 64/64)", "Parent Relationship": "Outer", "Startup Cost": 0.0, "Total Cost": 131401.97, "Plan Rows": 4167490, "Plan Width": 4, "Plans": [{"Node Type": "Seq Scan", "Parent Relationship": "Outer", "Relation Name": "name", "Alias": "n1", "Startup Cost": 0.0, "Total Cost": 64454.25, "Plan Rows": 4167490, "Plan Width": 4}]}, {"Node Type": "Materialize", "Parent Relationship": "Inner", "Startup Cost": 0.0, "Total Cost": 29693429.99, "Plan Rows": 357098, "Plan Width": 41, "Plans": [{"Node Type": "Streaming(type: LOCAL REDISTRIBUTE dop: 64/64)", "Parent Relationship": "Outer", "Startup Cost": 0.0, "Total Cost": 29693402.1, "Plan Rows": 357098, "Plan Width": 41, "Plans": [{"Node Type": "Nested Loop", "Parent Relationship": "Outer", "Join Type": "Inner", "Startup Cost": 0.0, "Total Cost": 29630063.83, "Plan Rows": 357098, "Plan Width": 41, "Inner Unique": false, "Join Filter": "(ci.movie_id = t.id), (LLVM Optimized)", "Plans": [{"Node Type": "Streaming(type: LOCAL REDISTRIBUTE dop: 64/1)", "Parent Relationship": "Outer", "Startup Cost": 0.0, "Total Cost": 225794.09, "Plan Rows": 2528311, "Plan Width": 21, "Plans": [{"Node Type": "Seq Scan", "Parent Relationship": "Outer", "Relation Name": "title", "Alias": "t", "Startup Cost": 0.0, "Total Cost": 60069.11, "Plan Rows": 2528311, "Plan Width": 21}]}, {"Node Type": "Materialize", "Parent Relationship": "Inner", "Startup Cost": 0.0, "Total Cost": 26095328.9, "Plan Rows": 357379, "Plan Width": 32, "Plans": [{"Node Type": "Streaming(type: LOCAL REDISTRIBUTE dop: 64/64)", "Parent Relationship": "Outer", "Startup Cost": 0.0, "Total Cost": 26095300.98, "Plan Rows": 357379, "Plan Width": 32, "Plans": [{"Node Type": "Nested Loop", "Parent Relationship": "Outer", "Join Type": "Inner", "Startup Cost": 0.0, "Total Cost": 26031962.45, "Plan Rows": 357379, "Plan Width": 32, "Inner Unique": true, "Join Filter": "(mc.company_id = cn.id), (LLVM Optimized)", "Plans": [{"Node Type": "Streaming(type: LOCAL REDISTRIBUTE dop: 64/64)", "Parent Relationship": "Outer", "Startup Cost": 0.0, "Total Cost": 25732792.36, "Plan Rows": 727161, "Plan Width": 36, "Plans": [{"Node Type": "Nested Loop", "Parent Relationship": "Outer", "Join Type": "Inner", "Startup Cost": 0.0, "Total Cost": 25669103.55, "Plan Rows": 727161, "Plan Width": 36, "Inner Unique": false, "Join Filter": "(ci.movie_id = mc.movie_id), (LLVM Optimized)", "Plans": [{"Node Type": "Streaming(type: LOCAL REDISTRIBUTE dop: 64/1)", "Parent Relationship": "Outer", "Startup Cost": 0.0, "Total Cost": 210825.84, "Plan Rows": 2609128, "Plan Width": 8, "Plans": [{"Node Type": "Seq Scan", "Parent Relationship": "Outer", "Relation Name": "movie_companies", "Alias": "mc", "Startup Cost": 0.0, "Total Cost": 41817.28, "Plan Rows": 2609128, "Plan Width": 8}]}, {"Node Type": "Materialize", "Parent Relationship": "Inner", "Startup Cost": 0.0, "Total Cost": 11273227.83, "Plan Rows": 1484588, "Plan Width": 28, "Plans": [{"Node Type": "Streaming(type: LOCAL REDISTRIBUTE dop: 64/64)", "Parent Relationship": "Outer", "Startup Cost": 0.0, "Total Cost": 11273111.85, "Plan Rows": 1484588, "Plan Width": 28, "Plans": [{"Node Type": "Nested Loop", "Parent Relationship": "Outer", "Join Type": "Inner", "Startup Cost": 0.0, "Total Cost": 11208705.55, "Plan Rows": 1484588, "Plan Width": 28, "Inner Unique": false, "Join Filter": "(ci.person_id = an1.person_id), (LLVM Optimized)", "Plans": [{"Node Type": "Streaming(type: LOCAL REDISTRIBUTE dop: 64/64)", "Parent Relationship": "Outer", "Startup Cost": 0.0, "Total Cost": 208611.23, "Plan Rows": 3296318, "Plan Width": 8, "Plans": [{"Node Type": "Nested Loop", "Parent Relationship": "Outer", "Join Type": "Inner", "Startup Cost": 0.0, "Total Cost": 142488.75, "Plan Rows": 3296318, "Plan Width": 8, "Inner Unique": false, "Join Filter": "(ci.role_id = rt.id), (LLVM Optimized)", "Plans": [{"Node Type": "Streaming(type: BROADCAST dop: 64/1)", "Parent Relationship": "Outer", "Startup Cost": 0.0, "Total Cost": 63002.47, "Plan Rows": 64, "Plan Width": 4, "Plans": [{"Node Type": "Seq Scan", "Parent Relationship": "Outer", "Relation Name": "role_type", "Alias": "rt", "Startup Cost": 0.0, "Total Cost": 1.15, "Plan Rows": 1, "Plan Width": 4, "Filter": "((role)::text = 'costume designer'::text)"}]}, {"Node Type": "Seq Scan", "Parent Relationship": "Inner", "Relation Name": "cast_info", "Alias": "ci", "Startup Cost": 0.0, "Total Cost": 72404.34, "Plan Rows": 36259494, "Plan Width": 12}]}]}, {"Node Type": "Materialize", "Parent Relationship": "Inner", "Startup Cost": 0.0, "Total Cost": 119600.26, "Plan Rows": 901342, "Plan Width": 20, "Plans": [{"Node Type": "Streaming(type: LOCAL REDISTRIBUTE dop: 64/1)", "Parent Relationship": "Outer", "Startup Cost": 0.0, "Total Cost": 119529.84, "Plan Rows": 901342, "Plan Width": 20, "Plans": [{"Node Type": "Seq Scan", "Parent Relationship": "Outer", "Relation Name": "aka_name", "Alias": "an1", "Startup Cost": 0.0, "Total Cost": 19908.42, "Plan Rows": 901342, "Plan Width": 20}]}]}]}]}]}]}]}, {"Node Type": "Materialize", "Parent Relationship": "Inner", "Startup Cost": 0.0, "Total Cost": 72370.55, "Plan Rows": 85170, "Plan Width": 4, "Plans": [{"Node Type": "Streaming(type: LOCAL REDISTRIBUTE dop: 64/1)", "Parent Relationship": "Outer", "Startup Cost": 0.0, "Total Cost": 72363.9, "Plan Rows": 85170, "Plan Width": 4, "Plans": [{"Node Type": "Seq Scan", "Parent Relationship": "Outer", "Relation Name": "company_name", "Alias": "cn", "Startup Cost": 0.0, "Total Cost": 5903.45, "Plan Rows": 85170, "Plan Width": 4, "Filter": "((country_code)::text = '[us]'::text)"}]}]}]}]}]}]}]}]}]}]}]}]}, "Unique SQL Id": 2457761703, "Planner Runtime": 9}, "explain_analyze_plan": null}, "(64, '63')": {"explain_plan": {"Plan": {"Node Type": "Aggregate", "Strategy": "Plain", "Startup Cost": 7112447276300.38, "Total Cost": 7112447276300.39, "Plan Rows": 1, "Plan Width": 97, "Plans": [{"Node Type": "Nested Loop", "Parent Relationship": "Outer", "Join Type": "Inner", "Startup Cost": 70000000000.0, "Total Cost": 7112447274514.89, "Plan Rows": 357098, "Plan Width": 33, "Inner Unique": false, "Join Filter": "(an1.person_id = n1.id), (LLVM Optimized)", "Plans": [{"Node Type": "Index Scan", "Parent Relationship": "Outer", "Scan Direction": "Forward", "Index Name": "name_pkey", "Relation Name": "name", "Alias": "n1", "Startup Cost": 10000000000.0, "Total Cost": 1000017623274.7, "Plan Rows": 4167490, "Plan Width": 4}, {"Node Type": "Materialize", "Parent Relationship": "Inner", "Startup Cost": 60000000000.0, "Total Cost": 6090106616972.63, "Plan Rows": 357098, "Plan Width": 41, "Plans": [{"Node Type": "Nested Loop", "Parent Relationship": "Outer", "Join Type": "Inner", "Startup Cost": 60000000000.0, "Total Cost": 6090106615187.14, "Plan Rows": 357098, "Plan Width": 41, "Inner Unique": true, "Join Filter": "(ci.movie_id = t.id), (LLVM Optimized)", "Plans": [{"Node Type": "Nested Loop", "Parent Relationship": "Outer", "Join Type": "Inner", "Startup Cost": 50000000000.0, "Total Cost": 5076542117964.41, "Plan Rows": 357379, "Plan Width": 32, "Inner Unique": false, "Join Filter": "(ci.person_id = an1.person_id), (LLVM Optimized)", "Plans": [{"Node Type": "Nested Loop", "Parent Relationship": "Outer", "Join Type": "Inner", "Startup Cost": 40000000000.0, "Total Cost": 4066922163415.29, "Plan Rows": 711018, "Plan Width": 12, "Inner Unique": false, "Join Filter": "(ci.movie_id = mc.movie_id), (LLVM Optimized)", "Plans": [{"Node Type": "Nested Loop", "Parent Relationship": "Outer", "Join Type": "Inner", "Startup Cost": 20000000000.0, "Total Cost": 2000171193971.62, "Plan Rows": 3296318, "Plan Width": 8, "Inner Unique": true, "Join Filter": "(ci.role_id = rt.id), (LLVM Optimized)", "Plans": [{"Node Type": "Index Scan", "Parent Relationship": "Outer", "Scan Direction": "Forward", "Index Name": "person_id_cast_info", "Relation Name": "cast_info", "Alias": "ci", "Startup Cost": 10000000000.0, "Total Cost": 1000170648833.21, "Plan Rows": 36259494, "Plan Width": 12}, {"Node Type": "Materialize", "Parent Relationship": "Inner", "Startup Cost": 10000000000.0, "Total Cost": 1000000001246.0, "Plan Rows": 1, "Plan Width": 4, "Plans": [{"Node Type": "Index Scan", "Parent Relationship": "Outer", "Scan Direction": "Forward", "Index Name": "role_type_pkey", "Relation Name": "role_type", "Alias": "rt", "Startup Cost": 10000000000.0, "Total Cost": 1000000001246.0, "Plan Rows": 1, "Plan Width": 4, "Filter": "((role)::text = 'costume designer'::text)"}]}]}, {"Node Type": "Materialize", "Parent Relationship": "Inner", "Startup Cost": 20000000000.0, "Total Cost": 2003347400185.98, "Plan Rows": 1282311, "Plan Width": 4, "Plans": [{"Node Type": "Nested Loop", "Parent Relationship": "Outer", "Join Type": "Inner", "Startup Cost": 20000000000.0, "Total Cost": 2003347393774.42, "Plan Rows": 1282311, "Plan Width": 4, "Inner Unique": true, "Join Filter": "(cn.id = mc.company_id), (LLVM Optimized)", "Plans": [{"Node Type": "Index Scan", "Parent Relationship": "Outer", "Scan Direction": "Forward", "Index Name": "movie_id_movie_companies", "Relation Name": "movie_companies", "Alias": "mc", "Startup Cost": 10000000000.0, "Total Cost": 1000013051946.13, "Plan Rows": 2609128, "Plan Width": 8}, {"Node Type": "Materialize", "Parent Relationship": "Inner", "Startup Cost": 10000000000.0, "Total Cost": 1000001050564.82, "Plan Rows": 85170, "Plan Width": 4, "Plans": [{"Node Type": "Index Scan", "Parent Relationship": "Outer", "Scan Direction": "Forward", "Index Name": "company_name_pkey", "Relation Name": "company_name", "Alias": "cn", "Startup Cost": 10000000000.0, "Total Cost": 1000001050138.97, "Plan Rows": 85170, "Plan Width": 4, "Filter": "((country_code)::text = '[us]'::text)"}]}]}]}]}, {"Node Type": "Materialize", "Parent Relationship": "Inner", "Startup Cost": 10000000000.0, "Total Cost": 1000006901010.14, "Plan Rows": 901342, "Plan Width": 20, "Plans": [{"Node Type": "Index Scan", "Parent Relationship": "Outer", "Scan Direction": "Forward", "Index Name": "person_id_aka_name", "Relation Name": "aka_name", "Alias": "an1", "Startup Cost": 10000000000.0, "Total Cost": 1000006896503.43, "Plan Rows": 901342, "Plan Width": 20}]}]}, {"Node Type": "Materialize", "Parent Relationship": "Inner", "Startup Cost": 10000000000.0, "Total Cost": 1000011024690.47, "Plan Rows": 2528311, "Plan Width": 21, "Plans": [{"Node Type": "Index Scan", "Parent Relationship": "Outer", "Scan Direction": "Forward", "Index Name": "title_pkey", "Relation Name": "title", "Alias": "t", "Startup Cost": 10000000000.0, "Total Cost": 1000011012048.91, "Plan Rows": 2528311, "Plan Width": 21}]}]}]}]}]}, "Unique SQL Id": 2457761703, "Planner Runtime": 4}, "explain_analyze_plan": null}, "(64, '64')": {"explain_plan": {"Plan": {"Node Type": "Aggregate", "Strategy": "Plain", "Startup Cost": 532222.07, "Total Cost": 532222.08, "Plan Rows": 1, "Plan Width": 97, "Plans": [{"Node Type": "Hash Join", "Parent Relationship": "Outer", "Join Type": "Inner", "Startup Cost": 503541.41, "Total Cost": 530436.58, "Plan Rows": 357098, "Plan Width": 33, "Inner Unique": false, "Hash Cond": "(an1.person_id = n1.id), (LLVM Optimized)", "Plans": [{"Node Type": "Seq Scan", "Parent Relationship": "Outer", "Relation Name": "aka_name", "Alias": "an1", "Startup Cost": 0.0, "Total Cost": 19908.42, "Plan Rows": 901342, "Plan Width": 20}, {"Node Type": "Hash", "Parent Relationship": "Inner", "Startup Cost": 494660.67, "Total Cost": 494660.67, "Plan Rows": 710459, "Plan Width": 25, "Plans": [{"Node Type": "Hash Join", "Parent Relationship": "Outer", "Join Type": "Inner", "Startup Cost": 256421.67, "Total Cost": 494660.67, "Plan Rows": 710459, "Plan Width": 25, "Inner Unique": false, "Hash Cond": "(ci.movie_id = t.id), (LLVM Optimized)", "Plans": [{"Node Type": "Streaming(type: LOCAL GATHER dop: 1/64)", "Parent Relationship": "Outer", "Startup Cost": 195218.41, "Total Cost": 404391.07, "Plan Rows": 3296318, "Plan Width": 12, "Plans": [{"Node Type": "Hash Join", "Parent Relationship": "Outer", "Join Type": "Inner", "Startup Cost": 195218.41, "Total Cost": 336388.42, "Plan Rows": 3296318, "Plan Width": 12, "Inner Unique": true, "Hash Cond": "(ci.person_id = n1.id), (LLVM Optimized)", "Plans": [{"Node Type": "Streaming(type: LOCAL REDISTRIBUTE dop: 64/64)", "Parent Relationship": "Outer", "Startup Cost": 63002.48, "Total Cost": 203464.29, "Plan Rows": 3296318, "Plan Width": 8, "Plans": [{"Node Type": "Hash Join", "Parent Relationship": "Outer", "Join Type": "Inner", "Startup Cost": 63002.48, "Total Cost": 137341.8, "Plan Rows": 3296318, "Plan Width": 8, "Inner Unique": true, "Hash Cond": "(ci.role_id = rt.id), (LLVM Optimized)", "Plans": [{"Node Type": "Seq Scan", "Parent Relationship": "Outer", "Relation Name": "cast_info", "Alias": "ci", "Startup Cost": 0.0, "Total Cost": 72404.34, "Plan Rows": 36259494, "Plan Width": 12}, {"Node Type": "Hash", "Parent Relationship": "Inner", "Startup Cost": 63002.47, "Total Cost": 63002.47, "Plan Rows": 64, "Plan Width": 4, "Plans": [{"Node Type": "Streaming(type: BROADCAST dop: 64/1)", "Parent Relationship": "Outer", "Startup Cost": 0.0, "Total Cost": 63002.47, "Plan Rows": 64, "Plan Width": 4, "Plans": [{"Node Type": "Seq Scan", "Parent Relationship": "Outer", "Relation Name": "role_type", "Alias": "rt", "Startup Cost": 0.0, "Total Cost": 1.15, "Plan Rows": 1, "Plan Width": 4, "Filter": "((role)::text = 'costume designer'::text)"}]}]}]}]}, {"Node Type": "Hash", "Parent Relationship": "Inner", "Startup Cost": 131401.97, "Total Cost": 131401.97, "Plan Rows": 4167490, "Plan Width": 4, "Plans": [{"Node Type": "Streaming(type: LOCAL REDISTRIBUTE dop: 64/64)", "Parent Relationship": "Outer", "Startup Cost": 0.0, "Total Cost": 131401.97, "Plan Rows": 4167490, "Plan Width": 4, "Plans": [{"Node Type": "Seq Scan", "Parent Relationship": "Outer", "Relation Name": "name", "Alias": "n1", "Startup Cost": 0.0, "Total Cost": 64454.25, "Plan Rows": 4167490, "Plan Width": 4}]}]}]}]}, {"Node Type": "Hash", "Parent Relationship": "Inner", "Startup Cost": 180697.47, "Total Cost": 180697.47, "Plan Rows": 1282311, "Plan Width": 25, "Plans": [{"Node Type": "Hash Join", "Parent Relationship": "Outer", "Join Type": "Inner", "Startup Cost": 98641.07, "Total Cost": 180697.47, "Plan Rows": 1282311, "Plan Width": 25, "Inner Unique": true, "Hash Cond": "(mc.movie_id = t.id), (LLVM Optimized)", "Plans": [{"Node Type": "Hash Join", "Parent Relationship": "Outer", "Join Type": "Inner", "Startup Cost": 6968.08, "Total Cost": 71392.69, "Plan Rows": 1282311, "Plan Width": 4, "Inner Unique": true, "Hash Cond": "(mc.company_id = cn.id), (LLVM Optimized)", "Plans": [{"Node Type": "Seq Scan", "Parent Relationship": "Outer", "Relation Name": "movie_companies", "Alias": "mc", "Startup Cost": 0.0, "Total Cost": 41817.28, "Plan Rows": 2609128, "Plan Width": 8}, {"Node Type": "Hash", "Parent Relationship": "Inner", "Startup Cost": 5903.45, "Total Cost": 5903.45, "Plan Rows": 85170, "Plan Width": 4, "Plans": [{"Node Type": "Seq Scan", "Parent Relationship": "Outer", "Relation Name": "company_name", "Alias": "cn", "Startup Cost": 0.0, "Total Cost": 5903.45, "Plan Rows": 85170, "Plan Width": 4, "Filter": "((country_code)::text = '[us]'::text)"}]}]}, {"Node Type": "Hash", "Parent Relationship": "Inner", "Startup Cost": 60069.11, "Total Cost": 60069.11, "Plan Rows": 2528311, "Plan Width": 21, "Plans": [{"Node Type": "Seq Scan", "Parent Relationship": "Outer", "Relation Name": "title", "Alias": "t", "Startup Cost": 0.0, "Total Cost": 60069.11, "Plan Rows": 2528311, "Plan Width": 21}]}]}]}]}]}]}]}, "Unique SQL Id": 2457761703, "Planner Runtime": 150}, "explain_analyze_plan": {"Plan": {"Node Type": "Aggregate", "Strategy": "Plain", "Startup Cost": 532222.07, "Total Cost": 532222.08, "Plan Rows": 1, "Plan Width": 97, "Actual Min Startup Time": 6391.936, "Actual Max Startup Time": 6391.936, "Actual Min Total Time": 6391.936, "Actual Max Total Time": 6391.936, "Plans": [{"Node Type": "Hash Join", "Parent Relationship": "Outer", "Join Type": "Inner", "Startup Cost": 503541.41, "Total Cost": 530436.58, "Plan Rows": 357098, "Plan Width": 33, "Actual Min Startup Time": 5681.546, "Actual Max Startup Time": 5681.546, "Actual Min Total Time": 6245.069, "Actual Max Total Time": 6245.069, "Inner Unique": false, "Hash Cond": "(an1.person_id = n1.id), (LLVM Optimized, Jit Execute)", "Plans": [{"Node Type": "Seq Scan", "Parent Relationship": "Outer", "Relation Name": "aka_name", "Alias": "an1", "Startup Cost": 0.0, "Total Cost": 19908.42, "Plan Rows": 901342, "Plan Width": 20, "Actual Min Startup Time": 0.041, "Actual Max Startup Time": 0.041, "Actual Min Total Time": 234.241, "Actual Max Total Time": 234.241, "Actual Rows": 901342}, {"Node Type": "Hash", "Parent Relationship": "Inner", "Startup Cost": 494660.67, "Total Cost": 494660.67, "Plan Rows": 710459, "Plan Width": 25, "Actual Min Startup Time": 5678.157, "Actual Max Startup Time": 5678.157, "Actual Min Total Time": 5678.157, "Actual Max Total Time": 5678.157, "Max Hash Buckets": 1048576, "Min Hash Buckets": 1048576, "Max Hash Batches": 1, "Min Hash Batches": 1, "Max Original Hash Batches": 1, "Min Original Hash Batches": 1, "Max Peak Memory Usage": 15952, "min Peak Memory Usage": 15952, "Plans": [{"Node Type": "Hash Join", "Parent Relationship": "Outer", "Join Type": "Inner", "Startup Cost": 256421.67, "Total Cost": 494660.67, "Plan Rows": 710459, "Plan Width": 25, "Actual Min Startup Time": 5321.654, "Actual Max Startup Time": 5321.654, "Actual Min Total Time": 5597.254, "Actual Max Total Time": 5597.254, "Inner Unique": false, "Hash Cond": "(ci.movie_id = t.id), (LLVM Optimized, Jit Execute)", "Plans": [{"Node Type": "Streaming(type: LOCAL GATHER dop: 1/64)", "Parent Relationship": "Outer", "Startup Cost": 195218.41, "Total Cost": 404391.07, "Plan Rows": 3296318, "Plan Width": 12, "Actual Min Startup Time": 0.129, "Actual Max Startup Time": 0.129, "Actual Min Total Time": 103.987, "Actual Max Total Time": 103.987, "Plans": [{"Node Type": "Hash Join", "Parent Relationship": "Outer", "Join Type": "Inner", "Startup Cost": 195218.41, "Total Cost": 336388.42, "Plan Rows": 3296318, "Plan Width": 12, "Actual Min Startup Time": 2835.803, "Actual Max Startup Time": 5040.6, "Actual Min Total Time": 3046.426, "Actual Max Total Time": 5282.113, "Inner Unique": true, "Hash Cond": "(ci.person_id = n1.id), (LLVM Optimized, Jit Execute)", "Plans": [{"Node Type": "Streaming(type: LOCAL REDISTRIBUTE dop: 64/64)", "Parent Relationship": "Outer", "Startup Cost": 63002.48, "Total Cost": 203464.29, "Plan Rows": 3296318, "Plan Width": 8, "Actual Min Startup Time": 0.138, "Actual Max Startup Time": 1960.093, "Actual Min Total Time": 180.674, "Actual Max Total Time": 2230.953, "Plans": [{"Node Type": "Hash Join", "Parent Relationship": "Outer", "Join Type": "Inner", "Startup Cost": 63002.48, "Total Cost": 137341.8, "Plan Rows": 3296318, "Plan Width": 8, "Actual Min Startup Time": 182.071, "Actual Max Startup Time": 853.631, "Actual Min Total Time": 234.011, "Actual Max Total Time": 857.861, "Inner Unique": true, "Hash Cond": "(ci.role_id = rt.id), (LLVM Optimized, Jit Execute)", "Plans": [{"Node Type": "Seq Scan", "Parent Relationship": "Outer", "Relation Name": "cast_info", "Alias": "ci", "Startup Cost": 0.0, "Total Cost": 72404.34, "Plan Rows": 36259494, "Plan Width": 12, "Actual Min Startup Time": 0.024, "Actual Max Startup Time": 0.051, "Actual Min Total Time": 127.795, "Actual Max Total Time": 160.686, "Actual Rows": 36244343}, {"Node Type": "Hash", "Parent Relationship": "Inner", "Startup Cost": 63002.47, "Total Cost": 63002.47, "Plan Rows": 64, "Plan Width": 4, "Actual Min Startup Time": 0.012, "Actual Max Startup Time": 143.659, "Actual Min Total Time": 0.012, "Actual Max Total Time": 143.659, "Max Hash Buckets": 32768, "Min Hash Buckets": 32768, "Max Hash Batches": 1, "Min Hash Batches": 1, "Max Original Hash Batches": 1, "Min Original Hash Batches": 1, "Max Peak Memory Usage": 1, "min Peak Memory Usage": 1, "Plans": [{"Node Type": "Streaming(type: BROADCAST dop: 64/1)", "Parent Relationship": "Outer", "Startup Cost": 0.0, "Total Cost": 63002.47, "Plan Rows": 64, "Plan Width": 4, "Actual Min Startup Time": 0.003, "Actual Max Startup Time": 143.502, "Actual Min Total Time": 0.004, "Actual Max Total Time": 143.504, "Plans": [{"Node Type": "Seq Scan", "Parent Relationship": "Outer", "Relation Name": "role_type", "Alias": "rt", "Startup Cost": 0.0, "Total Cost": 1.15, "Plan Rows": 1, "Plan Width": 4, "Actual Min Startup Time": 0.032, "Actual Max Startup Time": 0.032, "Actual Min Total Time": 0.035, "Actual Max Total Time": 0.035, "Filter": "((role)::text = 'costume designer'::text)", "Rows Removed by Filter": 11, "Actual Rows": 1}], "Actual Rows": 64}], "Actual Rows": 64}], "Actual Rows": 276403}], "Actual Rows": 276403}, {"Node Type": "Hash", "Parent Relationship": "Inner", "Startup Cost": 131401.97, "Total Cost": 131401.97, "Plan Rows": 4167490, "Plan Width": 4, "Actual Min Startup Time": 2832.083, "Actual Max Startup Time": 3184.027, "Actual Min Total Time": 2832.083, "Actual Max Total Time": 3184.027, "Max Hash Buckets": 65536, "Min Hash Buckets": 65536, "Max Hash Batches": 1, "Min Hash Batches": 1, "Max Original Hash Batches": 1, "Min Original Hash Batches": 1, "Max Peak Memory Usage": 2290, "min Peak Memory Usage": 2290, "Plans": [{"Node Type": "Streaming(type: LOCAL REDISTRIBUTE dop: 64/64)", "Parent Relationship": "Outer", "Startup Cost": 0.0, "Total Cost": 131401.97, "Plan Rows": 4167490, "Plan Width": 4, "Actual Min Startup Time": 0.114, "Actual Max Startup Time": 78.258, "Actual Min Total Time": 2574.787, "Actual Max Total Time": 3084.185, "Plans": [{"Node Type": "Seq Scan", "Parent Relationship": "Outer", "Relation Name": "name", "Alias": "n1", "Startup Cost": 0.0, "Total Cost": 64454.25, "Plan Rows": 4167490, "Plan Width": 4, "Actual Min Startup Time": 0.015, "Actual Max Startup Time": 0.039, "Actual Min Total Time": 23.019, "Actual Max Total Time": 147.987, "Actual Rows": 4167490}], "Actual Rows": 4167490}], "Actual Rows": 4167490}], "Actual Rows": 276403}], "Actual Rows": 276403}, {"Node Type": "Hash", "Parent Relationship": "Inner", "Startup Cost": 180697.47, "Total Cost": 180697.47, "Plan Rows": 1282311, "Plan Width": 25, "Actual Min Startup Time": 5314.139, "Actual Max Startup Time": 5314.139, "Actual Min Total Time": 5314.139, "Actual Max Total Time": 5314.139, "Max Hash Buckets": 2097152, "Min Hash Buckets": 2097152, "Max Hash Batches": 1, "Min Hash Batches": 1, "Max Original Hash Batches": 1, "Min Original Hash Batches": 1, "Max Peak Memory Usage": 68508, "min Peak Memory Usage": 68508, "Plans": [{"Node Type": "Hash Join", "Parent Relationship": "Outer", "Join Type": "Inner", "Startup Cost": 98641.07, "Total Cost": 180697.47, "Plan Rows": 1282311, "Plan Width": 25, "Actual Min Startup Time": 2644.933, "Actual Max Startup Time": 2644.933, "Actual Min Total Time": 4894.059, "Actual Max Total Time": 4894.059, "Inner Unique": true, "Hash Cond": "(mc.movie_id = t.id), (LLVM Optimized, Jit Execute)", "Plans": [{"Node Type": "Hash Join", "Parent Relationship": "Outer", "Join Type": "Inner", "Startup Cost": 6968.08, "Total Cost": 71392.69, "Plan Rows": 1282311, "Plan Width": 4, "Actual Min Startup Time": 113.013, "Actual Max Startup Time": 113.013, "Actual Min Total Time": 1520.132, "Actual Max Total Time": 1520.132, "Inner Unique": true, "Hash Cond": "(mc.company_id = cn.id), (LLVM Optimized, Jit Execute)", "Plans": [{"Node Type": "Seq Scan", "Parent Relationship": "Outer", "Relation Name": "movie_companies", "Alias": "mc", "Startup Cost": 0.0, "Total Cost": 41817.28, "Plan Rows": 2609128, "Plan Width": 8, "Actual Min Startup Time": 0.057, "Actual Max Startup Time": 0.057, "Actual Min Total Time": 596.011, "Actual Max Total Time": 596.011, "Actual Rows": 2609128}, {"Node Type": "Hash", "Parent Relationship": "Inner", "Startup Cost": 5903.45, "Total Cost": 5903.45, "Plan Rows": 85170, "Plan Width": 4, "Actual Min Startup Time": 112.82, "Actual Max Startup Time": 112.82, "Actual Min Total Time": 112.82, "Actual Max Total Time": 112.82, "Max Hash Buckets": 131072, "Min Hash Buckets": 131072, "Max Hash Batches": 1, "Min Hash Batches": 1, "Max Original Hash Batches": 1, "Min Original Hash Batches": 1, "Max Peak Memory Usage": 2983, "min Peak Memory Usage": 2983, "Plans": [{"Node Type": "Seq Scan", "Parent Relationship": "Outer", "Relation Name": "company_name", "Alias": "cn", "Startup Cost": 0.0, "Total Cost": 5903.45, "Plan Rows": 85170, "Plan Width": 4, "Actual Min Startup Time": 0.049, "Actual Max Startup Time": 0.049, "Actual Min Total Time": 89.918, "Actual Max Total Time": 89.918, "Filter": "((country_code)::text = '[us]'::text)", "Rows Removed by Filter": 150153, "Actual Rows": 84843}], "Actual Rows": 84843}], "Actual Rows": 1153797}, {"Node Type": "Hash", "Parent Relationship": "Inner", "Startup Cost": 60069.11, "Total Cost": 60069.11, "Plan Rows": 2528311, "Plan Width": 21, "Actual Min Startup Time": 2529.249, "Actual Max Startup Time": 2529.249, "Actual Min Total Time": 2529.249, "Actual Max Total Time": 2529.249, "Max Hash Buckets": 4194304, "Min Hash Buckets": 4194304, "Max Hash Batches": 1, "Min Hash Batches": 1, "Max Original Hash Batches": 1, "Min Original Hash Batches": 1, "Max Peak Memory Usage": 135869, "min Peak Memory Usage": 135869, "Plans": [{"Node Type": "Seq Scan", "Parent Relationship": "Outer", "Relation Name": "title", "Alias": "t", "Startup Cost": 0.0, "Total Cost": 60069.11, "Plan Rows": 2528311, "Plan Width": 21, "Actual Min Startup Time": 0.028, "Actual Max Startup Time": 0.028, "Actual Min Total Time": 1119.717, "Actual Max Total Time": 1119.717, "Actual Rows": 2528311}], "Actual Rows": 2528311}], "Actual Rows": 1153797}], "Actual Rows": 1153797}], "Actual Rows": 285537}], "Actual Rows": 285537}], "Actual Rows": 323005}], "Actual Rows": 1}, "Triggers": [], "Planner Runtime": 165.515, "Total Runtime": 6456.158, "Unique SQL Id": 2457761703}}, "(64, '65')": {"explain_plan": {"Plan": {"Node Type": "Aggregate", "Strategy": "Plain", "Startup Cost": 742749.91, "Total Cost": 742749.92, "Plan Rows": 1, "Plan Width": 97, "Plans": [{"Node Type": "Nested Loop", "Parent Relationship": "Outer", "Join Type": "Inner", "Startup Cost": 571103.99, "Total Cost": 740964.42, "Plan Rows": 357098, "Plan Width": 33, "Inner Unique": true, "Join Filter": "(an1.person_id = n1.id), (LLVM Optimized)", "Plans": [{"Node Type": "Merge Join", "Parent Relationship": "Outer", "Join Type": "Inner", "Startup Cost": 571103.99, "Total Cost": 639470.48, "Plan Rows": 357098, "Plan Width": 41, "Inner Unique": false, "Merge Cond": "(an1.person_id = ci.person_id)", "Plans": [{"Node Type": "Index Scan", "Parent Relationship": "Outer", "Scan Direction": "Forward", "Index Name": "person_id_aka_name", "Relation Name": "aka_name", "Alias": "an1", "Startup Cost": 0.0, "Total Cost": 68965.03, "Plan Rows": 901342, "Plan Width": 20}, {"Node Type": "Sort", "Parent Relationship": "Inner", "Startup Cost": 571103.92, "Total Cost": 572880.07, "Plan Rows": 710459, "Plan Width": 21, "Sort Key": ["ci.person_id"], "Plans": [{"Node Type": "Hash Join", "Parent Relationship": "Outer", "Join Type": "Inner", "Startup Cost": 301568.43, "Total Cost": 502053.02, "Plan Rows": 710459, "Plan Width": 21, "Inner Unique": false, "Hash Cond": "(ci.movie_id = t.id), (LLVM Optimized)", "Plans": [{"Node Type": "Nested Loop", "Parent Relationship": "Outer", "Join Type": "Inner", "Startup Cost": 0.0, "Total Cost": 171418.25, "Plan Rows": 3296318, "Plan Width": 8, "Inner Unique": false, "Plans": [{"Node Type": "Index Scan", "Parent Relationship": "Outer", "Scan Direction": "Forward", "Index Name": "role_type_pkey", "Relation Name": "role_type", "Alias": "rt", "Startup Cost": 0.0, "Total Cost": 12.46, "Plan Rows": 1, "Plan Width": 4, "Filter": "((role)::text = 'costume designer'::text)"}, {"Node Type": "Index Scan", "Parent Relationship": "Inner", "Scan Direction": "Forward", "Index Name": "role_id_cast_info", "Relation Name": "cast_info", "Alias": "ci", "Startup Cost": 0.0, "Total Cost": 138442.61, "Plan Rows": 3296318, "Plan Width": 12, "Index Cond": "(role_id = rt.id), (LLVM Optimized)"}]}, {"Node Type": "Hash", "Parent Relationship": "Inner", "Startup Cost": 285539.54, "Total Cost": 285539.54, "Plan Rows": 1282311, "Plan Width": 25, "Plans": [{"Node Type": "Hash Join", "Parent Relationship": "Outer", "Join Type": "Inner", "Startup Cost": 203483.15, "Total Cost": 285539.54, "Plan Rows": 1282311, "Plan Width": 25, "Inner Unique": true, "Hash Cond": "(mc.movie_id = t.id), (LLVM Optimized)", "Plans": [{"Node Type": "Hash Join", "Parent Relationship": "Outer", "Join Type": "Inner", "Startup Cost": 61758.77, "Total Cost": 126183.39, "Plan Rows": 1282311, "Plan Width": 4, "Inner Unique": true, "Hash Cond": "(mc.company_id = cn.id), (LLVM Optimized)", "Plans": [{"Node Type": "Bitmap Heap Scan", "Parent Relationship": "Outer", "Relation Name": "movie_companies", "Alias": "mc", "Startup Cost": 51990.17, "Total Cost": 93807.45, "Plan Rows": 2609128, "Plan Width": 8, "Plans": [{"Node Type": "Bitmap Index Scan", "Parent Relationship": "Outer", "Index Name": "movie_id_movie_companies", "Startup Cost": 0.0, "Total Cost": 51337.89, "Plan Rows": 2609128, "Plan Width": 0}]}, {"Node Type": "Hash", "Parent Relationship": "Inner", "Startup Cost": 8703.97, "Total Cost": 8703.97, "Plan Rows": 85170, "Plan Width": 4, "Plans": [{"Node Type": "Bitmap Heap Scan", "Parent Relationship": "Outer", "Relation Name": "company_name", "Alias": "cn", "Startup Cost": 2800.52, "Total Cost": 8703.97, "Plan Rows": 85170, "Plan Width": 4, "Filter": "((country_code)::text = '[us]'::text)", "Plans": [{"Node Type": "Bitmap Index Scan", "Parent Relationship": "Outer", "Index Name": "company_name_pkey", "Startup Cost": 0.0, "Total Cost": 2779.23, "Plan Rows": 234996, "Plan Width": 0}]}]}]}, {"Node Type": "Hash", "Parent Relationship": "Inner", "Startup Cost": 110120.49, "Total Cost": 110120.49, "Plan Rows": 2528311, "Plan Width": 21, "Plans": [{"Node Type": "Index Scan", "Parent Relationship": "Outer", "Scan Direction": "Forward", "Index Name": "title_pkey", "Relation Name": "title", "Alias": "t", "Startup Cost": 0.0, "Total Cost": 110120.49, "Plan Rows": 2528311, "Plan Width": 21}]}]}]}]}]}]}, {"Node Type": "Index Only Scan", "Parent Relationship": "Inner", "Scan Direction": "Forward", "Index Name": "name_pkey", "Relation Name": "name", "Alias": "n1", "Startup Cost": 0.0, "Total Cost": 0.27, "Plan Rows": 1, "Plan Width": 4, "Index Cond": "(id = ci.person_id)"}]}]}, "Unique SQL Id": 2457761703, "Planner Runtime": 146}, "explain_analyze_plan": {"Plan": {"Node Type": "Aggregate", "Strategy": "Plain", "Startup Cost": 742749.91, "Total Cost": 742749.92, "Plan Rows": 1, "Plan Width": 97, "Actual Startup Time": 9989.079, "Actual Total Time": 9989.079, "Actual Rows": 1, "Actual Loops": 1, "Plans": [{"Node Type": "Nested Loop", "Parent Relationship": "Outer", "Join Type": "Inner", "Startup Cost": 571103.99, "Total Cost": 740964.42, "Plan Rows": 357098, "Plan Width": 33, "Actual Startup Time": 8047.3, "Actual Total Time": 9805.68, "Actual Rows": 323005, "Actual Loops": 1, "Inner Unique": true, "Join Filter": "(an1.person_id = n1.id), (LLVM Optimized, Jit Execute)", "Rows Removed by Join Filter": 0, "Plans": [{"Node Type": "Merge Join", "Parent Relationship": "Outer", "Join Type": "Inner", "Startup Cost": 571103.99, "Total Cost": 639470.48, "Plan Rows": 357098, "Plan Width": 41, "Actual Startup Time": 8047.137, "Actual Total Time": 8896.805, "Actual Rows": 323005, "Actual Loops": 1, "Inner Unique": false, "Merge Cond": "(an1.person_id = ci.person_id)", "Plans": [{"Node Type": "Index Scan", "Parent Relationship": "Outer", "Scan Direction": "Forward", "Index Name": "person_id_aka_name", "Relation Name": "aka_name", "Alias": "an1", "Startup Cost": 0.0, "Total Cost": 68965.03, "Plan Rows": 901342, "Plan Width": 20, "Actual Startup Time": 0.042, "Actual Total Time": 555.099, "Actual Rows": 688852, "Actual Loops": 1}, {"Node Type": "Sort", "Parent Relationship": "Inner", "Startup Cost": 571103.92, "Total Cost": 572880.07, "Plan Rows": 710459, "Plan Width": 21, "Actual Startup Time": 8046.902, "Actual Total Time": 8125.228, "Actual Rows": 445949, "Actual Loops": 1, "Sort Key": ["ci.person_id"], "Sort Method": "quicksort", "Sort Space Used": 39613, "Sort Space Type": "Memory", "Plans": [{"Node Type": "Hash Join", "Parent Relationship": "Outer", "Join Type": "Inner", "Startup Cost": 301568.43, "Total Cost": 502053.02, "Plan Rows": 710459, "Plan Width": 21, "Actual Startup Time": 7534.135, "Actual Total Time": 7958.36, "Actual Rows": 285537, "Actual Loops": 1, "Inner Unique": false, "Hash Cond": "(ci.movie_id = t.id), (LLVM Optimized, Jit Execute)", "Plans": [{"Node Type": "Nested Loop", "Parent Relationship": "Outer", "Join Type": "Inner", "Startup Cost": 0.0, "Total Cost": 171418.25, "Plan Rows": 3296318, "Plan Width": 8, "Actual Startup Time": 0.184, "Actual Total Time": 204.2, "Actual Rows": 276403, "Actual Loops": 1, "Inner Unique": false, "Plans": [{"Node Type": "Index Scan", "Parent Relationship": "Outer", "Scan Direction": "Forward", "Index Name": "role_type_pkey", "Relation Name": "role_type", "Alias": "rt", "Startup Cost": 0.0, "Total Cost": 12.46, "Plan Rows": 1, "Plan Width": 4, "Actual Startup Time": 0.017, "Actual Total Time": 0.106, "Actual Rows": 1, "Actual Loops": 1, "Filter": "((role)::text = 'costume designer'::text)", "Rows Removed by Filter": 11}, {"Node Type": "Index Scan", "Parent Relationship": "Inner", "Scan Direction": "Forward", "Index Name": "role_id_cast_info", "Relation Name": "cast_info", "Alias": "ci", "Startup Cost": 0.0, "Total Cost": 138442.61, "Plan Rows": 3296318, "Plan Width": 12, "Actual Startup Time": 0.163, "Actual Total Time": 148.5, "Actual Rows": 276403, "Actual Loops": 1, "Index Cond": "(role_id = rt.id), (LLVM Optimized, Jit Execute)", "Rows Removed by Index Recheck": 0}]}, {"Node Type": "Hash", "Parent Relationship": "Inner", "Startup Cost": 285539.54, "Total Cost": 285539.54, "Plan Rows": 1282311, "Plan Width": 25, "Actual Startup Time": 7526.224, "Actual Total Time": 7526.224, "Actual Rows": 1153797, "Actual Loops": 1, "Hash Buckets": 2097152, "Hash Batches": 1, "Original Hash Batches": 1, "Peak Memory Usage": 68508, "Plans": [{"Node Type": "Hash Join", "Parent Relationship": "Outer", "Join Type": "Inner", "Startup Cost": 203483.15, "Total Cost": 285539.54, "Plan Rows": 1282311, "Plan Width": 25, "Actual Startup Time": 4760.272, "Actual Total Time": 7090.167, "Actual Rows": 1153797, "Actual Loops": 1, "Inner Unique": true, "Hash Cond": "(mc.movie_id = t.id), (LLVM Optimized, Jit Execute)", "Plans": [{"Node Type": "Hash Join", "Parent Relationship": "Outer", "Join Type": "Inner", "Startup Cost": 61758.77, "Total Cost": 126183.39, "Plan Rows": 1282311, "Plan Width": 4, "Actual Startup Time": 405.432, "Actual Total Time": 2122.677, "Actual Rows": 1153797, "Actual Loops": 1, "Inner Unique": true, "Hash Cond": "(mc.company_id = cn.id), (LLVM Optimized, Jit Execute)", "Plans": [{"Node Type": "Bitmap Heap Scan", "Parent Relationship": "Outer", "Relation Name": "movie_companies", "Alias": "mc", "Startup Cost": 51990.17, "Total Cost": 93807.45, "Plan Rows": 2609128, "Plan Width": 8, "Actual Startup Time": 219.024, "Actual Total Time": 1113.833, "Actual Rows": 2609128, "Actual Loops": 1, "Exact Heap Blocks": 15726, "Lossy Heap Blocks": 15726, "Plans": [{"Node Type": "Bitmap Index Scan", "Parent Relationship": "Outer", "Index Name": "movie_id_movie_companies", "Startup Cost": 0.0, "Total Cost": 51337.89, "Plan Rows": 2609128, "Plan Width": 0, "Actual Startup Time": 215.37, "Actual Total Time": 215.37, "Actual Rows": 2609128, "Actual Loops": 1}]}, {"Node Type": "Hash", "Parent Relationship": "Inner", "Startup Cost": 8703.97, "Total Cost": 8703.97, "Plan Rows": 85170, "Plan Width": 4, "Actual Startup Time": 186.298, "Actual Total Time": 186.298, "Actual Rows": 84843, "Actual Loops": 1, "Hash Buckets": 131072, "Hash Batches": 1, "Original Hash Batches": 1, "Peak Memory Usage": 2983, "Plans": [{"Node Type": "Bitmap Heap Scan", "Parent Relationship": "Outer", "Relation Name": "company_name", "Alias": "cn", "Startup Cost": 2800.52, "Total Cost": 8703.97, "Plan Rows": 85170, "Plan Width": 4, "Actual Startup Time": 22.808, "Actual Total Time": 164.447, "Actual Rows": 84843, "Actual Loops": 1, "Filter": "((country_code)::text = '[us]'::text)", "Rows Removed by Filter": 150153, "Exact Heap Blocks": 2966, "Lossy Heap Blocks": 2966, "Plans": [{"Node Type": "Bitmap Index Scan", "Parent Relationship": "Outer", "Index Name": "company_name_pkey", "Startup Cost": 0.0, "Total Cost": 2779.23, "Plan Rows": 234996, "Plan Width": 0, "Actual Startup Time": 22.352, "Actual Total Time": 22.352, "Actual Rows": 234996, "Actual Loops": 1}]}]}]}, {"Node Type": "Hash", "Parent Relationship": "Inner", "Startup Cost": 110120.49, "Total Cost": 110120.49, "Plan Rows": 2528311, "Plan Width": 21, "Actual Startup Time": 4352.331, "Actual Total Time": 4352.331, "Actual Rows": 2528311, "Actual Loops": 1, "Hash Buckets": 4194304, "Hash Batches": 1, "Original Hash Batches": 1, "Peak Memory Usage": 135869, "Plans": [{"Node Type": "Index Scan", "Parent Relationship": "Outer", "Scan Direction": "Forward", "Index Name": "title_pkey", "Relation Name": "title", "Alias": "t", "Startup Cost": 0.0, "Total Cost": 110120.49, "Plan Rows": 2528311, "Plan Width": 21, "Actual Startup Time": 0.041, "Actual Total Time": 3302.61, "Actual Rows": 2528311, "Actual Loops": 1}]}]}]}]}]}]}, {"Node Type": "Index Only Scan", "Parent Relationship": "Inner", "Scan Direction": "Forward", "Index Name": "name_pkey", "Relation Name": "name", "Alias": "n1", "Startup Cost": 0.0, "Total Cost": 0.27, "Plan Rows": 1, "Plan Width": 4, "Actual Startup Time": 662.992, "Actual Total Time": 662.992, "Actual Rows": 323005, "Actual Loops": 323005, "Index Cond": "(id = ci.person_id)", "Rows Removed by Index Recheck": 0, "Heap Fetches": 0}]}]}, "Triggers": [], "Planner Runtime": 146.865, "Total Runtime": 10000.423, "Unique SQL Id": 2457761703}}, "(64, '66')": {"explain_plan": {"Plan": {"Node Type": "Aggregate", "Strategy": "Plain", "Startup Cost": 528738.29, "Total Cost": 528738.3, "Plan Rows": 1, "Plan Width": 97, "Plans": [{"Node Type": "Hash Join", "Parent Relationship": "Outer", "Join Type": "Inner", "Startup Cost": 336662.4, "Total Cost": 526952.8, "Plan Rows": 357098, "Plan Width": 33, "Inner Unique": true, "Hash Cond": "(mc.company_id = cn.id), (LLVM Optimized)", "Plans": [{"Node Type": "Hash Join", "Parent Relationship": "Outer", "Join Type": "Inner", "Startup Cost": 329694.33, "Total Cost": 513689.03, "Plan Rows": 726589, "Plan Width": 37, "Inner Unique": false, "Hash Cond": "(ci.movie_id = t.id), (LLVM Optimized)", "Plans": [{"Node Type": "Streaming(type: LOCAL GATHER dop: 1/64)", "Parent Relationship": "Outer", "Startup Cost": 254738.78, "Total Cost": 417857.9, "Plan Rows": 1484588, "Plan Width": 20, "Plans": [{"Node Type": "Hash Join", "Parent Relationship": "Outer", "Join Type": "Inner", "Startup Cost": 254738.78, "Total Cost": 387231.02, "Plan Rows": 1484588, "Plan Width": 20, "Inner Unique": false, "Hash Cond": "(an1.person_id = ci.person_id), (LLVM Optimized)", "Plans": [{"Node Type": "Streaming(type: LOCAL REDISTRIBUTE dop: 64/1)", "Parent Relationship": "Outer", "Startup Cost": 202522.7, "Total Cost": 334446.0, "Plan Rows": 901342, "Plan Width": 24, "Plans": [{"Node Type": "Hash Join", "Parent Relationship": "Outer", "Join Type": "Inner", "Startup Cost": 202522.7, "Total Cost": 234824.58, "Plan Rows": 901342, "Plan Width": 24, "Inner Unique": true, "Hash Cond": "(an1.person_id = n1.id), (LLVM Optimized)", "Plans": [{"Node Type": "Seq Scan", "Parent Relationship": "Outer", "Relation Name": "aka_name", "Alias": "an1", "Startup Cost": 0.0, "Total Cost": 19908.42, "Plan Rows": 901342, "Plan Width": 20}, {"Node Type": "Hash", "Parent Relationship": "Inner", "Startup Cost": 150429.08, "Total Cost": 150429.08, "Plan Rows": 4167490, "Plan Width": 4, "Plans": [{"Node Type": "Streaming(type: LOCAL GATHER dop: 1/64)", "Parent Relationship": "Outer", "Startup Cost": 0.0, "Total Cost": 150429.08, "Plan Rows": 4167490, "Plan Width": 4, "Plans": [{"Node Type": "Seq Scan", "Parent Relationship": "Outer", "Relation Name": "name", "Alias": "n1", "Startup Cost": 0.0, "Total Cost": 64454.25, "Plan Rows": 4167490, "Plan Width": 4}]}]}]}]}, {"Node Type": "Hash", "Parent Relationship": "Inner", "Startup Cost": 203464.29, "Total Cost": 203464.29, "Plan Rows": 3296318, "Plan Width": 8, "Plans": [{"Node Type": "Streaming(type: LOCAL REDISTRIBUTE dop: 64/64)", "Parent Relationship": "Outer", "Startup Cost": 63002.48, "Total Cost": 203464.29, "Plan Rows": 3296318, "Plan Width": 8, "Plans": [{"Node Type": "Hash Join", "Parent Relationship": "Outer", "Join Type": "Inner", "Startup Cost": 63002.48, "Total Cost": 137341.8, "Plan Rows": 3296318, "Plan Width": 8, "Inner Unique": true, "Hash Cond": "(ci.role_id = rt.id), (LLVM Optimized)", "Plans": [{"Node Type": "Seq Scan", "Parent Relationship": "Outer", "Relation Name": "cast_info", "Alias": "ci", "Startup Cost": 0.0, "Total Cost": 72404.34, "Plan Rows": 36259494, "Plan Width": 12}, {"Node Type": "Hash", "Parent Relationship": "Inner", "Startup Cost": 63002.47, "Total Cost": 63002.47, "Plan Rows": 64, "Plan Width": 4, "Plans": [{"Node Type": "Streaming(type: BROADCAST dop: 64/1)", "Parent Relationship": "Outer", "Startup Cost": 0.0, "Total Cost": 63002.47, "Plan Rows": 64, "Plan Width": 4, "Plans": [{"Node Type": "Seq Scan", "Parent Relationship": "Outer", "Relation Name": "role_type", "Alias": "rt", "Startup Cost": 0.0, "Total Cost": 1.15, "Plan Rows": 1, "Plan Width": 4, "Filter": "((role)::text = 'costume designer'::text)"}]}]}]}]}]}]}]}, {"Node Type": "Hash", "Parent Relationship": "Inner", "Startup Cost": 169365.79, "Total Cost": 169365.79, "Plan Rows": 2609128, "Plan Width": 29, "Plans": [{"Node Type": "Hash Join", "Parent Relationship": "Outer", "Join Type": "Inner", "Startup Cost": 91673.0, "Total Cost": 169365.79, "Plan Rows": 2609128, "Plan Width": 29, "Inner Unique": true, "Hash Cond": "(mc.movie_id = t.id), (LLVM Optimized)", "Plans": [{"Node Type": "Seq Scan", "Parent Relationship": "Outer", "Relation Name": "movie_companies", "Alias": "mc", "Startup Cost": 0.0, "Total Cost": 41817.28, "Plan Rows": 2609128, "Plan Width": 8}, {"Node Type": "Hash", "Parent Relationship": "Inner", "Startup Cost": 60069.11, "Total Cost": 60069.11, "Plan Rows": 2528311, "Plan Width": 21, "Plans": [{"Node Type": "Seq Scan", "Parent Relationship": "Outer", "Relation Name": "title", "Alias": "t", "Startup Cost": 0.0, "Total Cost": 60069.11, "Plan Rows": 2528311, "Plan Width": 21}]}]}]}]}, {"Node Type": "Hash", "Parent Relationship": "Inner", "Startup Cost": 5903.45, "Total Cost": 5903.45, "Plan Rows": 85170, "Plan Width": 4, "Plans": [{"Node Type": "Seq Scan", "Parent Relationship": "Outer", "Relation Name": "company_name", "Alias": "cn", "Startup Cost": 0.0, "Total Cost": 5903.45, "Plan Rows": 85170, "Plan Width": 4, "Filter": "((country_code)::text = '[us]'::text)"}]}]}]}, "Unique SQL Id": 2457761703, "Planner Runtime": 164}, "explain_analyze_plan": {"Plan": {"Node Type": "Aggregate", "Strategy": "Plain", "Startup Cost": 528738.29, "Total Cost": 528738.3, "Plan Rows": 1, "Plan Width": 97, "Actual Min Startup Time": 6856.27, "Actual Max Startup Time": 6856.27, "Actual Min Total Time": 6856.271, "Actual Max Total Time": 6856.271, "Plans": [{"Node Type": "Hash Join", "Parent Relationship": "Outer", "Join Type": "Inner", "Startup Cost": 336662.4, "Total Cost": 526952.8, "Plan Rows": 357098, "Plan Width": 33, "Actual Min Startup Time": 5249.401, "Actual Max Startup Time": 5249.401, "Actual Min Total Time": 6705.964, "Actual Max Total Time": 6705.964, "Inner Unique": true, "Hash Cond": "(mc.company_id = cn.id), (LLVM Optimized, Jit Execute)", "Plans": [{"Node Type": "Hash Join", "Parent Relationship": "Outer", "Join Type": "Inner", "Startup Cost": 329694.33, "Total Cost": 513689.03, "Plan Rows": 726589, "Plan Width": 37, "Actual Min Startup Time": 5130.68, "Actual Max Startup Time": 5130.68, "Actual Min Total Time": 6388.767, "Actual Max Total Time": 6388.767, "Inner Unique": false, "Hash Cond": "(ci.movie_id = t.id), (LLVM Optimized, Jit Execute)", "Plans": [{"Node Type": "Streaming(type: LOCAL GATHER dop: 1/64)", "Parent Relationship": "Outer", "Startup Cost": 254738.78, "Total Cost": 417857.9, "Plan Rows": 1484588, "Plan Width": 20, "Actual Min Startup Time": 0.186, "Actual Max Startup Time": 0.186, "Actual Min Total Time": 983.556, "Actual Max Total Time": 983.556, "Plans": [{"Node Type": "Hash Join", "Parent Relationship": "Outer", "Join Type": "Inner", "Startup Cost": 254738.78, "Total Cost": 387231.02, "Plan Rows": 1484588, "Plan Width": 20, "Actual Min Startup Time": 2904.02, "Actual Max Startup Time": 5001.056, "Actual Min Total Time": 4507.096, "Actual Max Total Time": 6552.353, "Inner Unique": false, "Hash Cond": "(an1.person_id = ci.person_id), (LLVM Optimized, Jit Execute)", "Plans": [{"Node Type": "Streaming(type: LOCAL REDISTRIBUTE dop: 64/1)", "Parent Relationship": "Outer", "Startup Cost": 202522.7, "Total Cost": 334446.0, "Plan Rows": 901342, "Plan Width": 24, "Actual Min Startup Time": 2648.309, "Actual Max Startup Time": 2658.987, "Actual Min Total Time": 4210.018, "Actual Max Total Time": 5937.182, "Plans": [{"Node Type": "Hash Join", "Parent Relationship": "Outer", "Join Type": "Inner", "Startup Cost": 202522.7, "Total Cost": 234824.58, "Plan Rows": 901342, "Plan Width": 24, "Actual Min Startup Time": 2900.815, "Actual Max Startup Time": 2900.815, "Actual Min Total Time": 3642.451, "Actual Max Total Time": 3642.451, "Inner Unique": true, "Hash Cond": "(an1.person_id = n1.id), (LLVM Optimized, Jit Execute)", "Plans": [{"Node Type": "Seq Scan", "Parent Relationship": "Outer", "Relation Name": "aka_name", "Alias": "an1", "Startup Cost": 0.0, "Total Cost": 19908.42, "Plan Rows": 901342, "Plan Width": 20, "Actual Min Startup Time": 0.033, "Actual Max Startup Time": 0.033, "Actual Min Total Time": 226.164, "Actual Max Total Time": 226.164, "Actual Rows": 901342}, {"Node Type": "Hash", "Parent Relationship": "Inner", "Startup Cost": 150429.08, "Total Cost": 150429.08, "Plan Rows": 4167490, "Plan Width": 4, "Actual Min Startup Time": 2898.206, "Actual Max Startup Time": 2898.206, "Actual Min Total Time": 2898.206, "Actual Max Total Time": 2898.206, "Max Hash Buckets": 4194304, "Min Hash Buckets": 4194304, "Max Hash Batches": 1, "Min Hash Batches": 1, "Max Original Hash Batches": 1, "Min Original Hash Batches": 1, "Max Peak Memory Usage": 146514, "min Peak Memory Usage": 146514, "Plans": [{"Node Type": "Streaming(type: LOCAL GATHER dop: 1/64)", "Parent Relationship": "Outer", "Startup Cost": 0.0, "Total Cost": 150429.08, "Plan Rows": 4167490, "Plan Width": 4, "Actual Min Startup Time": 0.152, "Actual Max Startup Time": 0.152, "Actual Min Total Time": 1744.697, "Actual Max Total Time": 1744.697, "Plans": [{"Node Type": "Seq Scan", "Parent Relationship": "Outer", "Relation Name": "name", "Alias": "n1", "Startup Cost": 0.0, "Total Cost": 64454.25, "Plan Rows": 4167490, "Plan Width": 4, "Actual Min Startup Time": 0.018, "Actual Max Startup Time": 0.044, "Actual Min Total Time": 18.96, "Actual Max Total Time": 23.576, "Actual Rows": 4167490}], "Actual Rows": 4167490}], "Actual Rows": 4167490}], "Actual Rows": 901342}], "Actual Rows": 901342}, {"Node Type": "Hash", "Parent Relationship": "Inner", "Startup Cost": 203464.29, "Total Cost": 203464.29, "Plan Rows": 3296318, "Plan Width": 8, "Actual Min Startup Time": 251.014, "Actual Max Startup Time": 617.726, "Actual Min Total Time": 251.014, "Actual Max Total Time": 617.726, "Max Hash Buckets": 65536, "Min Hash Buckets": 65536, "Max Hash Batches": 1, "Min Hash Batches": 1, "Max Original Hash Batches": 1, "Min Original Hash Batches": 1, "Max Peak Memory Usage": 153, "min Peak Memory Usage": 153, "Plans": [{"Node Type": "Streaming(type: LOCAL REDISTRIBUTE dop: 64/64)", "Parent Relationship": "Outer", "Startup Cost": 63002.48, "Total Cost": 203464.29, "Plan Rows": 3296318, "Plan Width": 8, "Actual Min Startup Time": 0.126, "Actual Max Startup Time": 331.621, "Actual Min Total Time": 250.064, "Actual Max Total Time": 616.635, "Plans": [{"Node Type": "Hash Join", "Parent Relationship": "Outer", "Join Type": "Inner", "Startup Cost": 63002.48, "Total Cost": 137341.8, "Plan Rows": 3296318, "Plan Width": 8, "Actual Min Startup Time": 184.436, "Actual Max Startup Time": 286.242, "Actual Min Total Time": 231.359, "Actual Max Total Time": 286.242, "Inner Unique": true, "Hash Cond": "(ci.role_id = rt.id), (LLVM Optimized, Jit Execute)", "Plans": [{"Node Type": "Seq Scan", "Parent Relationship": "Outer", "Relation Name": "cast_info", "Alias": "ci", "Startup Cost": 0.0, "Total Cost": 72404.34, "Plan Rows": 36259494, "Plan Width": 12, "Actual Min Startup Time": 0.027, "Actual Max Startup Time": 0.061, "Actual Min Total Time": 127.977, "Actual Max Total Time": 141.649, "Actual Rows": 36244343}, {"Node Type": "Hash", "Parent Relationship": "Inner", "Startup Cost": 63002.47, "Total Cost": 63002.47, "Plan Rows": 64, "Plan Width": 4, "Actual Min Startup Time": 0.012, "Actual Max Startup Time": 54.189, "Actual Min Total Time": 0.012, "Actual Max Total Time": 54.189, "Max Hash Buckets": 32768, "Min Hash Buckets": 32768, "Max Hash Batches": 1, "Min Hash Batches": 1, "Max Original Hash Batches": 1, "Min Original Hash Batches": 1, "Max Peak Memory Usage": 1, "min Peak Memory Usage": 1, "Plans": [{"Node Type": "Streaming(type: BROADCAST dop: 64/1)", "Parent Relationship": "Outer", "Startup Cost": 0.0, "Total Cost": 63002.47, "Plan Rows": 64, "Plan Width": 4, "Actual Min Startup Time": 0.003, "Actual Max Startup Time": 54.169, "Actual Min Total Time": 0.004, "Actual Max Total Time": 54.17, "Plans": [{"Node Type": "Seq Scan", "Parent Relationship": "Outer", "Relation Name": "role_type", "Alias": "rt", "Startup Cost": 0.0, "Total Cost": 1.15, "Plan Rows": 1, "Plan Width": 4, "Actual Min Startup Time": 0.026, "Actual Max Startup Time": 0.026, "Actual Min Total Time": 0.03, "Actual Max Total Time": 0.03, "Filter": "((role)::text = 'costume designer'::text)", "Rows Removed by Filter": 11, "Actual Rows": 1}], "Actual Rows": 64}], "Actual Rows": 64}], "Actual Rows": 276403}], "Actual Rows": 276403}], "Actual Rows": 276403}], "Actual Rows": 218966}], "Actual Rows": 218966}, {"Node Type": "Hash", "Parent Relationship": "Inner", "Startup Cost": 169365.79, "Total Cost": 169365.79, "Plan Rows": 2609128, "Plan Width": 29, "Actual Min Startup Time": 5122.871, "Actual Max Startup Time": 5122.871, "Actual Min Total Time": 5122.871, "Actual Max Total Time": 5122.871, "Max Hash Buckets": 4194304, "Min Hash Buckets": 4194304, "Max Hash Batches": 1, "Min Hash Batches": 1, "Max Original Hash Batches": 1, "Min Original Hash Batches": 1, "Max Peak Memory Usage": 164769, "min Peak Memory Usage": 164769, "Plans": [{"Node Type": "Hash Join", "Parent Relationship": "Outer", "Join Type": "Inner", "Startup Cost": 91673.0, "Total Cost": 169365.79, "Plan Rows": 2609128, "Plan Width": 29, "Actual Min Startup Time": 1876.312, "Actual Max Startup Time": 1876.312, "Actual Min Total Time": 4112.233, "Actual Max Total Time": 4112.233, "Inner Unique": true, "Hash Cond": "(mc.movie_id = t.id), (LLVM Optimized, Jit Execute)", "Plans": [{"Node Type": "Seq Scan", "Parent Relationship": "Outer", "Relation Name": "movie_companies", "Alias": "mc", "Startup Cost": 0.0, "Total Cost": 41817.28, "Plan Rows": 2609128, "Plan Width": 8, "Actual Min Startup Time": 0.034, "Actual Max Startup Time": 0.034, "Actual Min Total Time": 589.387, "Actual Max Total Time": 589.387, "Actual Rows": 2609128}, {"Node Type": "Hash", "Parent Relationship": "Inner", "Startup Cost": 60069.11, "Total Cost": 60069.11, "Plan Rows": 2528311, "Plan Width": 21, "Actual Min Startup Time": 1873.717, "Actual Max Startup Time": 1873.717, "Actual Min Total Time": 1873.717, "Actual Max Total Time": 1873.717, "Max Hash Buckets": 4194304, "Min Hash Buckets": 4194304, "Max Hash Batches": 1, "Min Hash Batches": 1, "Max Original Hash Batches": 1, "Min Original Hash Batches": 1, "Max Peak Memory Usage": 135869, "min Peak Memory Usage": 135869, "Plans": [{"Node Type": "Seq Scan", "Parent Relationship": "Outer", "Relation Name": "title", "Alias": "t", "Startup Cost": 0.0, "Total Cost": 60069.11, "Plan Rows": 2528311, "Plan Width": 21, "Actual Min Startup Time": 0.031, "Actual Max Startup Time": 0.031, "Actual Min Total Time": 853.163, "Actual Max Total Time": 853.163, "Actual Rows": 2528311}], "Actual Rows": 2528311}], "Actual Rows": 2609128}], "Actual Rows": 2609128}], "Actual Rows": 752819}, {"Node Type": "Hash", "Parent Relationship": "Inner", "Startup Cost": 5903.45, "Total Cost": 5903.45, "Plan Rows": 85170, "Plan Width": 4, "Actual Min Startup Time": 118.572, "Actual Max Startup Time": 118.572, "Actual Min Total Time": 118.572, "Actual Max Total Time": 118.572, "Max Hash Buckets": 131072, "Min Hash Buckets": 131072, "Max Hash Batches": 1, "Min Hash Batches": 1, "Max Original Hash Batches": 1, "Min Original Hash Batches": 1, "Max Peak Memory Usage": 2983, "min Peak Memory Usage": 2983, "Plans": [{"Node Type": "Seq Scan", "Parent Relationship": "Outer", "Relation Name": "company_name", "Alias": "cn", "Startup Cost": 0.0, "Total Cost": 5903.45, "Plan Rows": 85170, "Plan Width": 4, "Actual Min Startup Time": 0.062, "Actual Max Startup Time": 0.062, "Actual Min Total Time": 96.64, "Actual Max Total Time": 96.64, "Filter": "((country_code)::text = '[us]'::text)", "Rows Removed by Filter": 150153, "Actual Rows": 84843}], "Actual Rows": 84843}], "Actual Rows": 323005}], "Actual Rows": 1}, "Triggers": [], "Planner Runtime": 175.338, "Total Runtime": 6911.384, "Unique SQL Id": 2457761703}}, "(64, '67')": {"explain_plan": {"Plan": {"Node Type": "Aggregate", "Strategy": "Plain", "Startup Cost": 1013578.73, "Total Cost": 1013578.74, "Plan Rows": 1, "Plan Width": 97, "Plans": [{"Node Type": "Hash Join", "Parent Relationship": "Outer", "Join Type": "Inner", "Startup Cost": 985285.55, "Total Cost": 1011793.24, "Plan Rows": 357098, "Plan Width": 33, "Inner Unique": false, "Hash Cond": "(an1.person_id = n1.id), (LLVM Optimized)", "Plans": [{"Node Type": "Bitmap Heap Scan", "Parent Relationship": "Outer", "Relation Name": "aka_name", "Alias": "an1", "Startup Cost": 16632.3, "Total Cost": 36540.72, "Plan Rows": 901342, "Plan Width": 20, "Plans": [{"Node Type": "Bitmap Index Scan", "Parent Relationship": "Outer", "Index Name": "person_id_aka_name", "Startup Cost": 0.0, "Total Cost": 16406.96, "Plan Rows": 901342, "Plan Width": 0}]}, {"Node Type": "Hash", "Parent Relationship": "Inner", "Startup Cost": 959772.51, "Total Cost": 959772.51, "Plan Rows": 710459, "Plan Width": 25, "Plans": [{"Node Type": "Hash Join", "Parent Relationship": "Outer", "Join Type": "Inner", "Startup Cost": 607483.06, "Total Cost": 959772.51, "Plan Rows": 710459, "Plan Width": 25, "Inner Unique": true, "Hash Cond": "(ci.person_id = n1.id), (LLVM Optimized)", "Plans": [{"Node Type": "Hash Join", "Parent Relationship": "Outer", "Join Type": "Inner", "Startup Cost": 378117.96, "Total Cost": 720638.61, "Plan Rows": 710459, "Plan Width": 21, "Inner Unique": false, "Hash Cond": "(ci.movie_id = t.id), (LLVM Optimized)", "Plans": [{"Node Type": "Nested Loop", "Parent Relationship": "Outer", "Join Type": "Inner", "Startup Cost": 76315.02, "Total Cost": 389769.33, "Plan Rows": 3296318, "Plan Width": 8, "Inner Unique": false, "Plans": [{"Node Type": "Bitmap Heap Scan", "Parent Relationship": "Outer", "Relation Name": "role_type", "Alias": "rt", "Startup Cost": 8.31, "Total Cost": 12.46, "Plan Rows": 1, "Plan Width": 4, "Filter": "((role)::text = 'costume designer'::text)", "Plans": [{"Node Type": "Bitmap Index Scan", "Parent Relationship": "Outer", "Index Name": "role_type_pkey", "Startup Cost": 0.0, "Total Cost": 8.31, "Plan Rows": 12, "Plan Width": 0}]}, {"Node Type": "Bitmap Heap Scan", "Parent Relationship": "Inner", "Relation Name": "cast_info", "Alias": "ci", "Startup Cost": 76306.71, "Total Cost": 356793.69, "Plan Rows": 3296318, "Plan Width": 12, "Recheck Cond": "(role_id = rt.id), (LLVM Optimized)", "Plans": [{"Node Type": "Bitmap Index Scan", "Parent Relationship": "Outer", "Index Name": "role_id_cast_info", "Startup Cost": 0.0, "Total Cost": 75482.63, "Plan Rows": 3296318, "Plan Width": 0, "Index Cond": "(role_id = rt.id)"}]}]}, {"Node Type": "Hash", "Parent Relationship": "Inner", "Startup Cost": 285774.05, "Total Cost": 285774.05, "Plan Rows": 1282311, "Plan Width": 25, "Plans": [{"Node Type": "Hash Join", "Parent Relationship": "Outer", "Join Type": "Inner", "Startup Cost": 203717.65, "Total Cost": 285774.05, "Plan Rows": 1282311, "Plan Width": 25, "Inner Unique": true, "Hash Cond": "(mc.movie_id = t.id), (LLVM Optimized)", "Plans": [{"Node Type": "Hash Join", "Parent Relationship": "Outer", "Join Type": "Inner", "Startup Cost": 61758.77, "Total Cost": 126183.39, "Plan Rows": 1282311, "Plan Width": 4, "Inner Unique": true, "Hash Cond": "(mc.company_id = cn.id), (LLVM Optimized)", "Plans": [{"Node Type": "Bitmap Heap Scan", "Parent Relationship": "Outer", "Relation Name": "movie_companies", "Alias": "mc", "Startup Cost": 51990.17, "Total Cost": 93807.45, "Plan Rows": 2609128, "Plan Width": 8, "Plans": [{"Node Type": "Bitmap Index Scan", "Parent Relationship": "Outer", "Index Name": "movie_id_movie_companies", "Startup Cost": 0.0, "Total Cost": 51337.89, "Plan Rows": 2609128, "Plan Width": 0}]}, {"Node Type": "Hash", "Parent Relationship": "Inner", "Startup Cost": 8703.97, "Total Cost": 8703.97, "Plan Rows": 85170, "Plan Width": 4, "Plans": [{"Node Type": "Bitmap Heap Scan", "Parent Relationship": "Outer", "Relation Name": "company_name", "Alias": "cn", "Startup Cost": 2800.52, "Total Cost": 8703.97, "Plan Rows": 85170, "Plan Width": 4, "Filter": "((country_code)::text = '[us]'::text)", "Plans": [{"Node Type": "Bitmap Index Scan", "Parent Relationship": "Outer", "Index Name": "company_name_pkey", "Startup Cost": 0.0, "Total Cost": 2779.23, "Plan Rows": 234996, "Plan Width": 0}]}]}]}, {"Node Type": "Hash", "Parent Relationship": "Inner", "Startup Cost": 110354.99, "Total Cost": 110354.99, "Plan Rows": 2528311, "Plan Width": 21, "Plans": [{"Node Type": "Bitmap Heap Scan", "Parent Relationship": "Outer", "Relation Name": "title", "Alias": "t", "Startup Cost": 50285.88, "Total Cost": 110354.99, "Plan Rows": 2528311, "Plan Width": 21, "Plans": [{"Node Type": "Bitmap Index Scan", "Parent Relationship": "Outer", "Index Name": "title_pkey", "Startup Cost": 0.0, "Total Cost": 49653.81, "Plan Rows": 2528311, "Plan Width": 0}]}]}]}]}]}, {"Node Type": "Hash", "Parent Relationship": "Inner", "Startup Cost": 177271.47, "Total Cost": 177271.47, "Plan Rows": 4167490, "Plan Width": 4, "Plans": [{"Node Type": "Bitmap Heap Scan", "Parent Relationship": "Outer", "Relation Name": "name", "Alias": "n1", "Startup Cost": 84199.57, "Total Cost": 177271.47, "Plan Rows": 4167490, "Plan Width": 4, "Plans": [{"Node Type": "Bitmap Index Scan", "Parent Relationship": "Outer", "Index Name": "name_pkey", "Startup Cost": 0.0, "Total Cost": 83157.7, "Plan Rows": 4167490, "Plan Width": 0}]}]}]}]}]}]}, "Unique SQL Id": 2457761703, "Planner Runtime": 72}, "explain_analyze_plan": {"Plan": {"Node Type": "Aggregate", "Strategy": "Plain", "Startup Cost": 1013578.73, "Total Cost": 1013578.74, "Plan Rows": 1, "Plan Width": 97, "Actual Startup Time": 11264.918, "Actual Total Time": 11264.918, "Actual Rows": 1, "Actual Loops": 1, "Plans": [{"Node Type": "Hash Join", "Parent Relationship": "Outer", "Join Type": "Inner", "Startup Cost": 985285.55, "Total Cost": 1011793.24, "Plan Rows": 357098, "Plan Width": 33, "Actual Startup Time": 10449.451, "Actual Total Time": 11120.29, "Actual Rows": 323005, "Actual Loops": 1, "Inner Unique": false, "Hash Cond": "(an1.person_id = n1.id), (LLVM Optimized, Jit Execute)", "Plans": [{"Node Type": "Bitmap Heap Scan", "Parent Relationship": "Outer", "Relation Name": "aka_name", "Alias": "an1", "Startup Cost": 16632.3, "Total Cost": 36540.72, "Plan Rows": 901342, "Plan Width": 20, "Actual Startup Time": 86.655, "Actual Total Time": 456.24, "Actual Rows": 901342, "Actual Loops": 1, "Exact Heap Blocks": 10895, "Lossy Heap Blocks": 10895, "Plans": [{"Node Type": "Bitmap Index Scan", "Parent Relationship": "Outer", "Index Name": "person_id_aka_name", "Startup Cost": 0.0, "Total Cost": 16406.96, "Plan Rows": 901342, "Plan Width": 0, "Actual Startup Time": 84.727, "Actual Total Time": 84.727, "Actual Rows": 901342, "Actual Loops": 1}]}, {"Node Type": "Hash", "Parent Relationship": "Inner", "Startup Cost": 959772.51, "Total Cost": 959772.51, "Plan Rows": 710459, "Plan Width": 25, "Actual Startup Time": 10352.095, "Actual Total Time": 10352.095, "Actual Rows": 285537, "Actual Loops": 1, "Hash Buckets": 1048576, "Hash Batches": 1, "Original Hash Batches": 1, "Peak Memory Usage": 15952, "Plans": [{"Node Type": "Hash Join", "Parent Relationship": "Outer", "Join Type": "Inner", "Startup Cost": 607483.06, "Total Cost": 959772.51, "Plan Rows": 710459, "Plan Width": 25, "Actual Startup Time": 9843.537, "Actual Total Time": 10265.582, "Actual Rows": 285537, "Actual Loops": 1, "Inner Unique": true, "Hash Cond": "(ci.person_id = n1.id), (LLVM Optimized, Jit Execute)", "Plans": [{"Node Type": "Hash Join", "Parent Relationship": "Outer", "Join Type": "Inner", "Startup Cost": 378117.96, "Total Cost": 720638.61, "Plan Rows": 710459, "Plan Width": 21, "Actual Startup Time": 5910.918, "Actual Total Time": 6214.846, "Actual Rows": 285537, "Actual Loops": 1, "Inner Unique": false, "Hash Cond": "(ci.movie_id = t.id), (LLVM Optimized, Jit Execute)", "Plans": [{"Node Type": "Nested Loop", "Parent Relationship": "Outer", "Join Type": "Inner", "Startup Cost": 76315.02, "Total Cost": 389769.33, "Plan Rows": 3296318, "Plan Width": 8, "Actual Startup Time": 31.082, "Actual Total Time": 165.745, "Actual Rows": 276403, "Actual Loops": 1, "Inner Unique": false, "Plans": [{"Node Type": "Bitmap Heap Scan", "Parent Relationship": "Outer", "Relation Name": "role_type", "Alias": "rt", "Startup Cost": 8.31, "Total Cost": 12.46, "Plan Rows": 1, "Plan Width": 4, "Actual Startup Time": 0.193, "Actual Total Time": 0.203, "Actual Rows": 1, "Actual Loops": 1, "Filter": "((role)::text = 'costume designer'::text)", "Rows Removed by Filter": 11, "Exact Heap Blocks": 1, "Lossy Heap Blocks": 1, "Plans": [{"Node Type": "Bitmap Index Scan", "Parent Relationship": "Outer", "Index Name": "role_type_pkey", "Startup Cost": 0.0, "Total Cost": 8.31, "Plan Rows": 12, "Plan Width": 0, "Actual Startup Time": 0.039, "Actual Total Time": 0.039, "Actual Rows": 12, "Actual Loops": 1}]}, {"Node Type": "Bitmap Heap Scan", "Parent Relationship": "Inner", "Relation Name": "cast_info", "Alias": "ci", "Startup Cost": 76306.71, "Total Cost": 356793.69, "Plan Rows": 3296318, "Plan Width": 12, "Actual Startup Time": 30.799, "Actual Total Time": 115.725, "Actual Rows": 276403, "Actual Loops": 1, "Recheck Cond": "(role_id = rt.id), (LLVM Optimized, Jit Execute)", "Rows Removed by Index Recheck": 0, "Exact Heap Blocks": 1654, "Lossy Heap Blocks": 1654, "Plans": [{"Node Type": "Bitmap Index Scan", "Parent Relationship": "Outer", "Index Name": "role_id_cast_info", "Startup Cost": 0.0, "Total Cost": 75482.63, "Plan Rows": 3296318, "Plan Width": 0, "Actual Startup Time": 30.445, "Actual Total Time": 30.445, "Actual Rows": 276403, "Actual Loops": 1, "Index Cond": "(role_id = rt.id)"}]}]}, {"Node Type": "Hash", "Parent Relationship": "Inner", "Startup Cost": 285774.05, "Total Cost": 285774.05, "Plan Rows": 1282311, "Plan Width": 25, "Actual Startup Time": 5872.757, "Actual Total Time": 5872.757, "Actual Rows": 1153797, "Actual Loops": 1, "Hash Buckets": 2097152, "Hash Batches": 1, "Original Hash Batches": 1, "Peak Memory Usage": 68508, "Plans": [{"Node Type": "Hash Join", "Parent Relationship": "Outer", "Join Type": "Inner", "Startup Cost": 203717.65, "Total Cost": 285774.05, "Plan Rows": 1282311, "Plan Width": 25, "Actual Startup Time": 2870.037, "Actual Total Time": 5345.899, "Actual Rows": 1153797, "Actual Loops": 1, "Inner Unique": true, "Hash Cond": "(mc.movie_id = t.id), (LLVM Optimized, Jit Execute)", "Plans": [{"Node Type": "Hash Join", "Parent Relationship": "Outer", "Join Type": "Inner", "Startup Cost": 61758.77, "Total Cost": 126183.39, "Plan Rows": 1282311, "Plan Width": 4, "Actual Startup Time": 407.486, "Actual Total Time": 2061.138, "Actual Rows": 1153797, "Actual Loops": 1, "Inner Unique": true, "Hash Cond": "(mc.company_id = cn.id), (LLVM Optimized, Jit Execute)", "Plans": [{"Node Type": "Bitmap Heap Scan", "Parent Relationship": "Outer", "Relation Name": "movie_companies", "Alias": "mc", "Startup Cost": 51990.17, "Total Cost": 93807.45, "Plan Rows": 2609128, "Plan Width": 8, "Actual Startup Time": 218.976, "Actual Total Time": 1032.887, "Actual Rows": 2609128, "Actual Loops": 1, "Exact Heap Blocks": 15726, "Lossy Heap Blocks": 15726, "Plans": [{"Node Type": "Bitmap Index Scan", "Parent Relationship": "Outer", "Index Name": "movie_id_movie_companies", "Startup Cost": 0.0, "Total Cost": 51337.89, "Plan Rows": 2609128, "Plan Width": 0, "Actual Startup Time": 215.319, "Actual Total Time": 215.319, "Actual Rows": 2609128, "Actual Loops": 1}]}, {"Node Type": "Hash", "Parent Relationship": "Inner", "Startup Cost": 8703.97, "Total Cost": 8703.97, "Plan Rows": 85170, "Plan Width": 4, "Actual Startup Time": 188.354, "Actual Total Time": 188.354, "Actual Rows": 84843, "Actual Loops": 1, "Hash Buckets": 131072, "Hash Batches": 1, "Original Hash Batches": 1, "Peak Memory Usage": 2983, "Plans": [{"Node Type": "Bitmap Heap Scan", "Parent Relationship": "Outer", "Relation Name": "company_name", "Alias": "cn", "Startup Cost": 2800.52, "Total Cost": 8703.97, "Plan Rows": 85170, "Plan Width": 4, "Actual Startup Time": 23.217, "Actual Total Time": 166.474, "Actual Rows": 84843, "Actual Loops": 1, "Filter": "((country_code)::text = '[us]'::text)", "Rows Removed by Filter": 150153, "Exact Heap Blocks": 2966, "Lossy Heap Blocks": 2966, "Plans": [{"Node Type": "Bitmap Index Scan", "Parent Relationship": "Outer", "Index Name": "company_name_pkey", "Startup Cost": 0.0, "Total Cost": 2779.23, "Plan Rows": 234996, "Plan Width": 0, "Actual Startup Time": 22.756, "Actual Total Time": 22.756, "Actual Rows": 234996, "Actual Loops": 1}]}]}]}, {"Node Type": "Hash", "Parent Relationship": "Inner", "Startup Cost": 110354.99, "Total Cost": 110354.99, "Plan Rows": 2528311, "Plan Width": 21, "Actual Startup Time": 2460.02, "Actual Total Time": 2460.02, "Actual Rows": 2528311, "Actual Loops": 1, "Hash Buckets": 4194304, "Hash Batches": 1, "Original Hash Batches": 1, "Peak Memory Usage": 135869, "Plans": [{"Node Type": "Bitmap Heap Scan", "Parent Relationship": "Outer", "Relation Name": "title", "Alias": "t", "Startup Cost": 50285.88, "Total Cost": 110354.99, "Plan Rows": 2528311, "Plan Width": 21, "Actual Startup Time": 309.032, "Actual Total Time": 1577.676, "Actual Rows": 2528311, "Actual Loops": 1, "Exact Heap Blocks": 34786, "Lossy Heap Blocks": 34786, "Plans": [{"Node Type": "Bitmap Index Scan", "Parent Relationship": "Outer", "Index Name": "title_pkey", "Startup Cost": 0.0, "Total Cost": 49653.81, "Plan Rows": 2528311, "Plan Width": 0, "Actual Startup Time": 301.267, "Actual Total Time": 301.267, "Actual Rows": 2528311, "Actual Loops": 1}]}]}]}]}]}, {"Node Type": "Hash", "Parent Relationship": "Inner", "Startup Cost": 177271.47, "Total Cost": 177271.47, "Plan Rows": 4167490, "Plan Width": 4, "Actual Startup Time": 3930.097, "Actual Total Time": 3930.097, "Actual Rows": 4167490, "Actual Loops": 1, "Hash Buckets": 4194304, "Hash Batches": 1, "Original Hash Batches": 1, "Peak Memory Usage": 146514, "Plans": [{"Node Type": "Bitmap Heap Scan", "Parent Relationship": "Outer", "Relation Name": "name", "Alias": "n1", "Startup Cost": 84199.57, "Total Cost": 177271.47, "Plan Rows": 4167490, "Plan Width": 4, "Actual Startup Time": 388.385, "Actual Total Time": 2366.077, "Actual Rows": 4167490, "Actual Loops": 1, "Exact Heap Blocks": 51397, "Lossy Heap Blocks": 51397, "Plans": [{"Node Type": "Bitmap Index Scan", "Parent Relationship": "Outer", "Index Name": "name_pkey", "Startup Cost": 0.0, "Total Cost": 83157.7, "Plan Rows": 4167490, "Plan Width": 0, "Actual Startup Time": 376.574, "Actual Total Time": 376.574, "Actual Rows": 4167490, "Actual Loops": 1}]}]}]}]}]}]}, "Triggers": [], "Planner Runtime": 72.542, "Total Runtime": 11277.09, "Unique SQL Id": 2457761703}}, "(64, '68')": {"explain_plan": {"Plan": {"Node Type": "Aggregate", "Strategy": "Plain", "Startup Cost": 528738.29, "Total Cost": 528738.3, "Plan Rows": 1, "Plan Width": 97, "Plans": [{"Node Type": "Hash Join", "Parent Relationship": "Outer", "Join Type": "Inner", "Startup Cost": 336662.4, "Total Cost": 526952.8, "Plan Rows": 357098, "Plan Width": 33, "Inner Unique": true, "Hash Cond": "(mc.company_id = cn.id), (LLVM Optimized)", "Plans": [{"Node Type": "Hash Join", "Parent Relationship": "Outer", "Join Type": "Inner", "Startup Cost": 329694.33, "Total Cost": 513689.03, "Plan Rows": 726589, "Plan Width": 37, "Inner Unique": false, "Hash Cond": "(ci.movie_id = t.id), (LLVM Optimized)", "Plans": [{"Node Type": "Streaming(type: LOCAL GATHER dop: 1/64)", "Parent Relationship": "Outer", "Startup Cost": 254738.78, "Total Cost": 417857.9, "Plan Rows": 1484588, "Plan Width": 20, "Plans": [{"Node Type": "Hash Join", "Parent Relationship": "Outer", "Join Type": "Inner", "Startup Cost": 254738.78, "Total Cost": 387231.02, "Plan Rows": 1484588, "Plan Width": 20, "Inner Unique": false, "Hash Cond": "(an1.person_id = ci.person_id), (LLVM Optimized)", "Plans": [{"Node Type": "Streaming(type: LOCAL REDISTRIBUTE dop: 64/1)", "Parent Relationship": "Outer", "Startup Cost": 202522.7, "Total Cost": 334446.0, "Plan Rows": 901342, "Plan Width": 24, "Plans": [{"Node Type": "Hash Join", "Parent Relationship": "Outer", "Join Type": "Inner", "Startup Cost": 202522.7, "Total Cost": 234824.58, "Plan Rows": 901342, "Plan Width": 24, "Inner Unique": true, "Hash Cond": "(an1.person_id = n1.id), (LLVM Optimized)", "Plans": [{"Node Type": "Seq Scan", "Parent Relationship": "Outer", "Relation Name": "aka_name", "Alias": "an1", "Startup Cost": 0.0, "Total Cost": 19908.42, "Plan Rows": 901342, "Plan Width": 20}, {"Node Type": "Hash", "Parent Relationship": "Inner", "Startup Cost": 150429.08, "Total Cost": 150429.08, "Plan Rows": 4167490, "Plan Width": 4, "Plans": [{"Node Type": "Streaming(type: LOCAL GATHER dop: 1/64)", "Parent Relationship": "Outer", "Startup Cost": 0.0, "Total Cost": 150429.08, "Plan Rows": 4167490, "Plan Width": 4, "Plans": [{"Node Type": "Seq Scan", "Parent Relationship": "Outer", "Relation Name": "name", "Alias": "n1", "Startup Cost": 0.0, "Total Cost": 64454.25, "Plan Rows": 4167490, "Plan Width": 4}]}]}]}]}, {"Node Type": "Hash", "Parent Relationship": "Inner", "Startup Cost": 203464.29, "Total Cost": 203464.29, "Plan Rows": 3296318, "Plan Width": 8, "Plans": [{"Node Type": "Streaming(type: LOCAL REDISTRIBUTE dop: 64/64)", "Parent Relationship": "Outer", "Startup Cost": 63002.48, "Total Cost": 203464.29, "Plan Rows": 3296318, "Plan Width": 8, "Plans": [{"Node Type": "Hash Join", "Parent Relationship": "Outer", "Join Type": "Inner", "Startup Cost": 63002.48, "Total Cost": 137341.8, "Plan Rows": 3296318, "Plan Width": 8, "Inner Unique": true, "Hash Cond": "(ci.role_id = rt.id), (LLVM Optimized)", "Plans": [{"Node Type": "Seq Scan", "Parent Relationship": "Outer", "Relation Name": "cast_info", "Alias": "ci", "Startup Cost": 0.0, "Total Cost": 72404.34, "Plan Rows": 36259494, "Plan Width": 12}, {"Node Type": "Hash", "Parent Relationship": "Inner", "Startup Cost": 63002.47, "Total Cost": 63002.47, "Plan Rows": 64, "Plan Width": 4, "Plans": [{"Node Type": "Streaming(type: BROADCAST dop: 64/1)", "Parent Relationship": "Outer", "Startup Cost": 0.0, "Total Cost": 63002.47, "Plan Rows": 64, "Plan Width": 4, "Plans": [{"Node Type": "Seq Scan", "Parent Relationship": "Outer", "Relation Name": "role_type", "Alias": "rt", "Startup Cost": 0.0, "Total Cost": 1.15, "Plan Rows": 1, "Plan Width": 4, "Filter": "((role)::text = 'costume designer'::text)"}]}]}]}]}]}]}]}, {"Node Type": "Hash", "Parent Relationship": "Inner", "Startup Cost": 169365.79, "Total Cost": 169365.79, "Plan Rows": 2609128, "Plan Width": 29, "Plans": [{"Node Type": "Hash Join", "Parent Relationship": "Outer", "Join Type": "Inner", "Startup Cost": 91673.0, "Total Cost": 169365.79, "Plan Rows": 2609128, "Plan Width": 29, "Inner Unique": true, "Hash Cond": "(mc.movie_id = t.id), (LLVM Optimized)", "Plans": [{"Node Type": "Seq Scan", "Parent Relationship": "Outer", "Relation Name": "movie_companies", "Alias": "mc", "Startup Cost": 0.0, "Total Cost": 41817.28, "Plan Rows": 2609128, "Plan Width": 8}, {"Node Type": "Hash", "Parent Relationship": "Inner", "Startup Cost": 60069.11, "Total Cost": 60069.11, "Plan Rows": 2528311, "Plan Width": 21, "Plans": [{"Node Type": "Seq Scan", "Parent Relationship": "Outer", "Relation Name": "title", "Alias": "t", "Startup Cost": 0.0, "Total Cost": 60069.11, "Plan Rows": 2528311, "Plan Width": 21}]}]}]}]}, {"Node Type": "Hash", "Parent Relationship": "Inner", "Startup Cost": 5903.45, "Total Cost": 5903.45, "Plan Rows": 85170, "Plan Width": 4, "Plans": [{"Node Type": "Seq Scan", "Parent Relationship": "Outer", "Relation Name": "company_name", "Alias": "cn", "Startup Cost": 0.0, "Total Cost": 5903.45, "Plan Rows": 85170, "Plan Width": 4, "Filter": "((country_code)::text = '[us]'::text)"}]}]}]}, "Unique SQL Id": 2457761703, "Planner Runtime": 163}, "explain_analyze_plan": {"Plan": {"Node Type": "Aggregate", "Strategy": "Plain", "Startup Cost": 528738.29, "Total Cost": 528738.3, "Plan Rows": 1, "Plan Width": 97, "Actual Min Startup Time": 6856.27, "Actual Max Startup Time": 6856.27, "Actual Min Total Time": 6856.271, "Actual Max Total Time": 6856.271, "Plans": [{"Node Type": "Hash Join", "Parent Relationship": "Outer", "Join Type": "Inner", "Startup Cost": 336662.4, "Total Cost": 526952.8, "Plan Rows": 357098, "Plan Width": 33, "Actual Min Startup Time": 5249.401, "Actual Max Startup Time": 5249.401, "Actual Min Total Time": 6705.964, "Actual Max Total Time": 6705.964, "Inner Unique": true, "Hash Cond": "(mc.company_id = cn.id), (LLVM Optimized, Jit Execute)", "Plans": [{"Node Type": "Hash Join", "Parent Relationship": "Outer", "Join Type": "Inner", "Startup Cost": 329694.33, "Total Cost": 513689.03, "Plan Rows": 726589, "Plan Width": 37, "Actual Min Startup Time": 5130.68, "Actual Max Startup Time": 5130.68, "Actual Min Total Time": 6388.767, "Actual Max Total Time": 6388.767, "Inner Unique": false, "Hash Cond": "(ci.movie_id = t.id), (LLVM Optimized, Jit Execute)", "Plans": [{"Node Type": "Streaming(type: LOCAL GATHER dop: 1/64)", "Parent Relationship": "Outer", "Startup Cost": 254738.78, "Total Cost": 417857.9, "Plan Rows": 1484588, "Plan Width": 20, "Actual Min Startup Time": 0.186, "Actual Max Startup Time": 0.186, "Actual Min Total Time": 983.556, "Actual Max Total Time": 983.556, "Plans": [{"Node Type": "Hash Join", "Parent Relationship": "Outer", "Join Type": "Inner", "Startup Cost": 254738.78, "Total Cost": 387231.02, "Plan Rows": 1484588, "Plan Width": 20, "Actual Min Startup Time": 2904.02, "Actual Max Startup Time": 5001.056, "Actual Min Total Time": 4507.096, "Actual Max Total Time": 6552.353, "Inner Unique": false, "Hash Cond": "(an1.person_id = ci.person_id), (LLVM Optimized, Jit Execute)", "Plans": [{"Node Type": "Streaming(type: LOCAL REDISTRIBUTE dop: 64/1)", "Parent Relationship": "Outer", "Startup Cost": 202522.7, "Total Cost": 334446.0, "Plan Rows": 901342, "Plan Width": 24, "Actual Min Startup Time": 2648.309, "Actual Max Startup Time": 2658.987, "Actual Min Total Time": 4210.018, "Actual Max Total Time": 5937.182, "Plans": [{"Node Type": "Hash Join", "Parent Relationship": "Outer", "Join Type": "Inner", "Startup Cost": 202522.7, "Total Cost": 234824.58, "Plan Rows": 901342, "Plan Width": 24, "Actual Min Startup Time": 2900.815, "Actual Max Startup Time": 2900.815, "Actual Min Total Time": 3642.451, "Actual Max Total Time": 3642.451, "Inner Unique": true, "Hash Cond": "(an1.person_id = n1.id), (LLVM Optimized, Jit Execute)", "Plans": [{"Node Type": "Seq Scan", "Parent Relationship": "Outer", "Relation Name": "aka_name", "Alias": "an1", "Startup Cost": 0.0, "Total Cost": 19908.42, "Plan Rows": 901342, "Plan Width": 20, "Actual Min Startup Time": 0.033, "Actual Max Startup Time": 0.033, "Actual Min Total Time": 226.164, "Actual Max Total Time": 226.164, "Actual Rows": 901342}, {"Node Type": "Hash", "Parent Relationship": "Inner", "Startup Cost": 150429.08, "Total Cost": 150429.08, "Plan Rows": 4167490, "Plan Width": 4, "Actual Min Startup Time": 2898.206, "Actual Max Startup Time": 2898.206, "Actual Min Total Time": 2898.206, "Actual Max Total Time": 2898.206, "Max Hash Buckets": 4194304, "Min Hash Buckets": 4194304, "Max Hash Batches": 1, "Min Hash Batches": 1, "Max Original Hash Batches": 1, "Min Original Hash Batches": 1, "Max Peak Memory Usage": 146514, "min Peak Memory Usage": 146514, "Plans": [{"Node Type": "Streaming(type: LOCAL GATHER dop: 1/64)", "Parent Relationship": "Outer", "Startup Cost": 0.0, "Total Cost": 150429.08, "Plan Rows": 4167490, "Plan Width": 4, "Actual Min Startup Time": 0.152, "Actual Max Startup Time": 0.152, "Actual Min Total Time": 1744.697, "Actual Max Total Time": 1744.697, "Plans": [{"Node Type": "Seq Scan", "Parent Relationship": "Outer", "Relation Name": "name", "Alias": "n1", "Startup Cost": 0.0, "Total Cost": 64454.25, "Plan Rows": 4167490, "Plan Width": 4, "Actual Min Startup Time": 0.018, "Actual Max Startup Time": 0.044, "Actual Min Total Time": 18.96, "Actual Max Total Time": 23.576, "Actual Rows": 4167490}], "Actual Rows": 4167490}], "Actual Rows": 4167490}], "Actual Rows": 901342}], "Actual Rows": 901342}, {"Node Type": "Hash", "Parent Relationship": "Inner", "Startup Cost": 203464.29, "Total Cost": 203464.29, "Plan Rows": 3296318, "Plan Width": 8, "Actual Min Startup Time": 251.014, "Actual Max Startup Time": 617.726, "Actual Min Total Time": 251.014, "Actual Max Total Time": 617.726, "Max Hash Buckets": 65536, "Min Hash Buckets": 65536, "Max Hash Batches": 1, "Min Hash Batches": 1, "Max Original Hash Batches": 1, "Min Original Hash Batches": 1, "Max Peak Memory Usage": 153, "min Peak Memory Usage": 153, "Plans": [{"Node Type": "Streaming(type: LOCAL REDISTRIBUTE dop: 64/64)", "Parent Relationship": "Outer", "Startup Cost": 63002.48, "Total Cost": 203464.29, "Plan Rows": 3296318, "Plan Width": 8, "Actual Min Startup Time": 0.126, "Actual Max Startup Time": 331.621, "Actual Min Total Time": 250.064, "Actual Max Total Time": 616.635, "Plans": [{"Node Type": "Hash Join", "Parent Relationship": "Outer", "Join Type": "Inner", "Startup Cost": 63002.48, "Total Cost": 137341.8, "Plan Rows": 3296318, "Plan Width": 8, "Actual Min Startup Time": 184.436, "Actual Max Startup Time": 286.242, "Actual Min Total Time": 231.359, "Actual Max Total Time": 286.242, "Inner Unique": true, "Hash Cond": "(ci.role_id = rt.id), (LLVM Optimized, Jit Execute)", "Plans": [{"Node Type": "Seq Scan", "Parent Relationship": "Outer", "Relation Name": "cast_info", "Alias": "ci", "Startup Cost": 0.0, "Total Cost": 72404.34, "Plan Rows": 36259494, "Plan Width": 12, "Actual Min Startup Time": 0.027, "Actual Max Startup Time": 0.061, "Actual Min Total Time": 127.977, "Actual Max Total Time": 141.649, "Actual Rows": 36244343}, {"Node Type": "Hash", "Parent Relationship": "Inner", "Startup Cost": 63002.47, "Total Cost": 63002.47, "Plan Rows": 64, "Plan Width": 4, "Actual Min Startup Time": 0.012, "Actual Max Startup Time": 54.189, "Actual Min Total Time": 0.012, "Actual Max Total Time": 54.189, "Max Hash Buckets": 32768, "Min Hash Buckets": 32768, "Max Hash Batches": 1, "Min Hash Batches": 1, "Max Original Hash Batches": 1, "Min Original Hash Batches": 1, "Max Peak Memory Usage": 1, "min Peak Memory Usage": 1, "Plans": [{"Node Type": "Streaming(type: BROADCAST dop: 64/1)", "Parent Relationship": "Outer", "Startup Cost": 0.0, "Total Cost": 63002.47, "Plan Rows": 64, "Plan Width": 4, "Actual Min Startup Time": 0.003, "Actual Max Startup Time": 54.169, "Actual Min Total Time": 0.004, "Actual Max Total Time": 54.17, "Plans": [{"Node Type": "Seq Scan", "Parent Relationship": "Outer", "Relation Name": "role_type", "Alias": "rt", "Startup Cost": 0.0, "Total Cost": 1.15, "Plan Rows": 1, "Plan Width": 4, "Actual Min Startup Time": 0.026, "Actual Max Startup Time": 0.026, "Actual Min Total Time": 0.03, "Actual Max Total Time": 0.03, "Filter": "((role)::text = 'costume designer'::text)", "Rows Removed by Filter": 11, "Actual Rows": 1}], "Actual Rows": 64}], "Actual Rows": 64}], "Actual Rows": 276403}], "Actual Rows": 276403}], "Actual Rows": 276403}], "Actual Rows": 218966}], "Actual Rows": 218966}, {"Node Type": "Hash", "Parent Relationship": "Inner", "Startup Cost": 169365.79, "Total Cost": 169365.79, "Plan Rows": 2609128, "Plan Width": 29, "Actual Min Startup Time": 5122.871, "Actual Max Startup Time": 5122.871, "Actual Min Total Time": 5122.871, "Actual Max Total Time": 5122.871, "Max Hash Buckets": 4194304, "Min Hash Buckets": 4194304, "Max Hash Batches": 1, "Min Hash Batches": 1, "Max Original Hash Batches": 1, "Min Original Hash Batches": 1, "Max Peak Memory Usage": 164769, "min Peak Memory Usage": 164769, "Plans": [{"Node Type": "Hash Join", "Parent Relationship": "Outer", "Join Type": "Inner", "Startup Cost": 91673.0, "Total Cost": 169365.79, "Plan Rows": 2609128, "Plan Width": 29, "Actual Min Startup Time": 1876.312, "Actual Max Startup Time": 1876.312, "Actual Min Total Time": 4112.233, "Actual Max Total Time": 4112.233, "Inner Unique": true, "Hash Cond": "(mc.movie_id = t.id), (LLVM Optimized, Jit Execute)", "Plans": [{"Node Type": "Seq Scan", "Parent Relationship": "Outer", "Relation Name": "movie_companies", "Alias": "mc", "Startup Cost": 0.0, "Total Cost": 41817.28, "Plan Rows": 2609128, "Plan Width": 8, "Actual Min Startup Time": 0.034, "Actual Max Startup Time": 0.034, "Actual Min Total Time": 589.387, "Actual Max Total Time": 589.387, "Actual Rows": 2609128}, {"Node Type": "Hash", "Parent Relationship": "Inner", "Startup Cost": 60069.11, "Total Cost": 60069.11, "Plan Rows": 2528311, "Plan Width": 21, "Actual Min Startup Time": 1873.717, "Actual Max Startup Time": 1873.717, "Actual Min Total Time": 1873.717, "Actual Max Total Time": 1873.717, "Max Hash Buckets": 4194304, "Min Hash Buckets": 4194304, "Max Hash Batches": 1, "Min Hash Batches": 1, "Max Original Hash Batches": 1, "Min Original Hash Batches": 1, "Max Peak Memory Usage": 135869, "min Peak Memory Usage": 135869, "Plans": [{"Node Type": "Seq Scan", "Parent Relationship": "Outer", "Relation Name": "title", "Alias": "t", "Startup Cost": 0.0, "Total Cost": 60069.11, "Plan Rows": 2528311, "Plan Width": 21, "Actual Min Startup Time": 0.031, "Actual Max Startup Time": 0.031, "Actual Min Total Time": 853.163, "Actual Max Total Time": 853.163, "Actual Rows": 2528311}], "Actual Rows": 2528311}], "Actual Rows": 2609128}], "Actual Rows": 2609128}], "Actual Rows": 752819}, {"Node Type": "Hash", "Parent Relationship": "Inner", "Startup Cost": 5903.45, "Total Cost": 5903.45, "Plan Rows": 85170, "Plan Width": 4, "Actual Min Startup Time": 118.572, "Actual Max Startup Time": 118.572, "Actual Min Total Time": 118.572, "Actual Max Total Time": 118.572, "Max Hash Buckets": 131072, "Min Hash Buckets": 131072, "Max Hash Batches": 1, "Min Hash Batches": 1, "Max Original Hash Batches": 1, "Min Original Hash Batches": 1, "Max Peak Memory Usage": 2983, "min Peak Memory Usage": 2983, "Plans": [{"Node Type": "Seq Scan", "Parent Relationship": "Outer", "Relation Name": "company_name", "Alias": "cn", "Startup Cost": 0.0, "Total Cost": 5903.45, "Plan Rows": 85170, "Plan Width": 4, "Actual Min Startup Time": 0.062, "Actual Max Startup Time": 0.062, "Actual Min Total Time": 96.64, "Actual Max Total Time": 96.64, "Filter": "((country_code)::text = '[us]'::text)", "Rows Removed by Filter": 150153, "Actual Rows": 84843}], "Actual Rows": 84843}], "Actual Rows": 323005}], "Actual Rows": 1}, "Triggers": [], "Planner Runtime": 175.338, "Total Runtime": 6911.384, "Unique SQL Id": 2457761703}}, "(64, '69')": {"explain_plan": {"Plan": {"Node Type": "Aggregate", "Strategy": "Plain", "Startup Cost": 744774.62, "Total Cost": 744774.63, "Plan Rows": 1, "Plan Width": 97, "Plans": [{"Node Type": "Nested Loop", "Parent Relationship": "Outer", "Join Type": "Inner", "Startup Cost": 571103.99, "Total Cost": 742989.13, "Plan Rows": 357098, "Plan Width": 33, "Inner Unique": true, "Join Filter": "(an1.person_id = n1.id), (LLVM Optimized)", "Plans": [{"Node Type": "Merge Join", "Parent Relationship": "Outer", "Join Type": "Inner", "Startup Cost": 571103.99, "Total Cost": 639470.48, "Plan Rows": 357098, "Plan Width": 41, "Inner Unique": false, "Merge Cond": "(an1.person_id = ci.person_id)", "Plans": [{"Node Type": "Index Scan", "Parent Relationship": "Outer", "Scan Direction": "Forward", "Index Name": "person_id_aka_name", "Relation Name": "aka_name", "Alias": "an1", "Startup Cost": 0.0, "Total Cost": 68965.03, "Plan Rows": 901342, "Plan Width": 20}, {"Node Type": "Sort", "Parent Relationship": "Inner", "Startup Cost": 571103.92, "Total Cost": 572880.07, "Plan Rows": 710459, "Plan Width": 21, "Sort Key": ["ci.person_id"], "Plans": [{"Node Type": "Hash Join", "Parent Relationship": "Outer", "Join Type": "Inner", "Startup Cost": 301568.43, "Total Cost": 502053.02, "Plan Rows": 710459, "Plan Width": 21, "Inner Unique": false, "Hash Cond": "(ci.movie_id = t.id), (LLVM Optimized)", "Plans": [{"Node Type": "Nested Loop", "Parent Relationship": "Outer", "Join Type": "Inner", "Startup Cost": 0.0, "Total Cost": 171418.25, "Plan Rows": 3296318, "Plan Width": 8, "Inner Unique": false, "Plans": [{"Node Type": "Index Scan", "Parent Relationship": "Outer", "Scan Direction": "Forward", "Index Name": "role_type_pkey", "Relation Name": "role_type", "Alias": "rt", "Startup Cost": 0.0, "Total Cost": 12.46, "Plan Rows": 1, "Plan Width": 4, "Filter": "((role)::text = 'costume designer'::text)"}, {"Node Type": "Index Scan", "Parent Relationship": "Inner", "Scan Direction": "Forward", "Index Name": "role_id_cast_info", "Relation Name": "cast_info", "Alias": "ci", "Startup Cost": 0.0, "Total Cost": 138442.61, "Plan Rows": 3296318, "Plan Width": 12, "Index Cond": "(role_id = rt.id), (LLVM Optimized)"}]}, {"Node Type": "Hash", "Parent Relationship": "Inner", "Startup Cost": 285539.54, "Total Cost": 285539.54, "Plan Rows": 1282311, "Plan Width": 25, "Plans": [{"Node Type": "Hash Join", "Parent Relationship": "Outer", "Join Type": "Inner", "Startup Cost": 203483.15, "Total Cost": 285539.54, "Plan Rows": 1282311, "Plan Width": 25, "Inner Unique": true, "Hash Cond": "(mc.movie_id = t.id), (LLVM Optimized)", "Plans": [{"Node Type": "Hash Join", "Parent Relationship": "Outer", "Join Type": "Inner", "Startup Cost": 61758.77, "Total Cost": 126183.39, "Plan Rows": 1282311, "Plan Width": 4, "Inner Unique": true, "Hash Cond": "(mc.company_id = cn.id), (LLVM Optimized)", "Plans": [{"Node Type": "Bitmap Heap Scan", "Parent Relationship": "Outer", "Relation Name": "movie_companies", "Alias": "mc", "Startup Cost": 51990.17, "Total Cost": 93807.45, "Plan Rows": 2609128, "Plan Width": 8, "Plans": [{"Node Type": "Bitmap Index Scan", "Parent Relationship": "Outer", "Index Name": "movie_id_movie_companies", "Startup Cost": 0.0, "Total Cost": 51337.89, "Plan Rows": 2609128, "Plan Width": 0}]}, {"Node Type": "Hash", "Parent Relationship": "Inner", "Startup Cost": 8703.97, "Total Cost": 8703.97, "Plan Rows": 85170, "Plan Width": 4, "Plans": [{"Node Type": "Bitmap Heap Scan", "Parent Relationship": "Outer", "Relation Name": "company_name", "Alias": "cn", "Startup Cost": 2800.52, "Total Cost": 8703.97, "Plan Rows": 85170, "Plan Width": 4, "Filter": "((country_code)::text = '[us]'::text)", "Plans": [{"Node Type": "Bitmap Index Scan", "Parent Relationship": "Outer", "Index Name": "company_name_pkey", "Startup Cost": 0.0, "Total Cost": 2779.23, "Plan Rows": 234996, "Plan Width": 0}]}]}]}, {"Node Type": "Hash", "Parent Relationship": "Inner", "Startup Cost": 110120.49, "Total Cost": 110120.49, "Plan Rows": 2528311, "Plan Width": 21, "Plans": [{"Node Type": "Index Scan", "Parent Relationship": "Outer", "Scan Direction": "Forward", "Index Name": "title_pkey", "Relation Name": "title", "Alias": "t", "Startup Cost": 0.0, "Total Cost": 110120.49, "Plan Rows": 2528311, "Plan Width": 21}]}]}]}]}]}]}, {"Node Type": "Index Scan", "Parent Relationship": "Inner", "Scan Direction": "Forward", "Index Name": "name_pkey", "Relation Name": "name", "Alias": "n1", "Startup Cost": 0.0, "Total Cost": 0.28, "Plan Rows": 1, "Plan Width": 4, "Index Cond": "(id = ci.person_id)"}]}]}, "Unique SQL Id": 2457761703, "Planner Runtime": 144}, "explain_analyze_plan": {"Plan": {"Node Type": "Aggregate", "Strategy": "Plain", "Startup Cost": 744774.62, "Total Cost": 744774.63, "Plan Rows": 1, "Plan Width": 97, "Actual Startup Time": 10029.569, "Actual Total Time": 10029.569, "Actual Rows": 1, "Actual Loops": 1, "Plans": [{"Node Type": "Nested Loop", "Parent Relationship": "Outer", "Join Type": "Inner", "Startup Cost": 571103.99, "Total Cost": 742989.13, "Plan Rows": 357098, "Plan Width": 33, "Actual Startup Time": 7931.798, "Actual Total Time": 9845.889, "Actual Rows": 323005, "Actual Loops": 1, "Inner Unique": true, "Join Filter": "(an1.person_id = n1.id), (LLVM Optimized, Jit Execute)", "Rows Removed by Join Filter": 0, "Plans": [{"Node Type": "Merge Join", "Parent Relationship": "Outer", "Join Type": "Inner", "Startup Cost": 571103.99, "Total Cost": 639470.48, "Plan Rows": 357098, "Plan Width": 41, "Actual Startup Time": 7931.723, "Actual Total Time": 8741.476, "Actual Rows": 323005, "Actual Loops": 1, "Inner Unique": false, "Merge Cond": "(an1.person_id = ci.person_id)", "Plans": [{"Node Type": "Index Scan", "Parent Relationship": "Outer", "Scan Direction": "Forward", "Index Name": "person_id_aka_name", "Relation Name": "aka_name", "Alias": "an1", "Startup Cost": 0.0, "Total Cost": 68965.03, "Plan Rows": 901342, "Plan Width": 20, "Actual Startup Time": 0.034, "Actual Total Time": 541.465, "Actual Rows": 688852, "Actual Loops": 1}, {"Node Type": "Sort", "Parent Relationship": "Inner", "Startup Cost": 571103.92, "Total Cost": 572880.07, "Plan Rows": 710459, "Plan Width": 21, "Actual Startup Time": 7931.563, "Actual Total Time": 7987.616, "Actual Rows": 445949, "Actual Loops": 1, "Sort Key": ["ci.person_id"], "Sort Method": "quicksort", "Sort Space Used": 39613, "Sort Space Type": "Memory", "Plans": [{"Node Type": "Hash Join", "Parent Relationship": "Outer", "Join Type": "Inner", "Startup Cost": 301568.43, "Total Cost": 502053.02, "Plan Rows": 710459, "Plan Width": 21, "Actual Startup Time": 7481.944, "Actual Total Time": 7842.827, "Actual Rows": 285537, "Actual Loops": 1, "Inner Unique": false, "Hash Cond": "(ci.movie_id = t.id), (LLVM Optimized, Jit Execute)", "Plans": [{"Node Type": "Nested Loop", "Parent Relationship": "Outer", "Join Type": "Inner", "Startup Cost": 0.0, "Total Cost": 171418.25, "Plan Rows": 3296318, "Plan Width": 8, "Actual Startup Time": 0.057, "Actual Total Time": 203.602, "Actual Rows": 276403, "Actual Loops": 1, "Inner Unique": false, "Plans": [{"Node Type": "Index Scan", "Parent Relationship": "Outer", "Scan Direction": "Forward", "Index Name": "role_type_pkey", "Relation Name": "role_type", "Alias": "rt", "Startup Cost": 0.0, "Total Cost": 12.46, "Plan Rows": 1, "Plan Width": 4, "Actual Startup Time": 0.015, "Actual Total Time": 0.034, "Actual Rows": 1, "Actual Loops": 1, "Filter": "((role)::text = 'costume designer'::text)", "Rows Removed by Filter": 11}, {"Node Type": "Index Scan", "Parent Relationship": "Inner", "Scan Direction": "Forward", "Index Name": "role_id_cast_info", "Relation Name": "cast_info", "Alias": "ci", "Startup Cost": 0.0, "Total Cost": 138442.61, "Plan Rows": 3296318, "Plan Width": 12, "Actual Startup Time": 0.039, "Actual Total Time": 149.61, "Actual Rows": 276403, "Actual Loops": 1, "Index Cond": "(role_id = rt.id), (LLVM Optimized, Jit Execute)", "Rows Removed by Index Recheck": 0}]}, {"Node Type": "Hash", "Parent Relationship": "Inner", "Startup Cost": 285539.54, "Total Cost": 285539.54, "Plan Rows": 1282311, "Plan Width": 25, "Actual Startup Time": 7476.417, "Actual Total Time": 7476.417, "Actual Rows": 1153797, "Actual Loops": 1, "Hash Buckets": 2097152, "Hash Batches": 1, "Original Hash Batches": 1, "Peak Memory Usage": 68508, "Plans": [{"Node Type": "Hash Join", "Parent Relationship": "Outer", "Join Type": "Inner", "Startup Cost": 203483.15, "Total Cost": 285539.54, "Plan Rows": 1282311, "Plan Width": 25, "Actual Startup Time": 4730.99, "Actual Total Time": 7068.464, "Actual Rows": 1153797, "Actual Loops": 1, "Inner Unique": true, "Hash Cond": "(mc.movie_id = t.id), (LLVM Optimized, Jit Execute)", "Plans": [{"Node Type": "Hash Join", "Parent Relationship": "Outer", "Join Type": "Inner", "Startup Cost": 61758.77, "Total Cost": 126183.39, "Plan Rows": 1282311, "Plan Width": 4, "Actual Startup Time": 401.608, "Actual Total Time": 2130.859, "Actual Rows": 1153797, "Actual Loops": 1, "Inner Unique": true, "Hash Cond": "(mc.company_id = cn.id), (LLVM Optimized, Jit Execute)", "Plans": [{"Node Type": "Bitmap Heap Scan", "Parent Relationship": "Outer", "Relation Name": "movie_companies", "Alias": "mc", "Startup Cost": 51990.17, "Total Cost": 93807.45, "Plan Rows": 2609128, "Plan Width": 8, "Actual Startup Time": 218.533, "Actual Total Time": 1131.078, "Actual Rows": 2609128, "Actual Loops": 1, "Exact Heap Blocks": 15726, "Lossy Heap Blocks": 15726, "Plans": [{"Node Type": "Bitmap Index Scan", "Parent Relationship": "Outer", "Index Name": "movie_id_movie_companies", "Startup Cost": 0.0, "Total Cost": 51337.89, "Plan Rows": 2609128, "Plan Width": 0, "Actual Startup Time": 214.881, "Actual Total Time": 214.881, "Actual Rows": 2609128, "Actual Loops": 1}]}, {"Node Type": "Hash", "Parent Relationship": "Inner", "Startup Cost": 8703.97, "Total Cost": 8703.97, "Plan Rows": 85170, "Plan Width": 4, "Actual Startup Time": 182.96, "Actual Total Time": 182.96, "Actual Rows": 84843, "Actual Loops": 1, "Hash Buckets": 131072, "Hash Batches": 1, "Original Hash Batches": 1, "Peak Memory Usage": 2983, "Plans": [{"Node Type": "Bitmap Heap Scan", "Parent Relationship": "Outer", "Relation Name": "company_name", "Alias": "cn", "Startup Cost": 2800.52, "Total Cost": 8703.97, "Plan Rows": 85170, "Plan Width": 4, "Actual Startup Time": 22.122, "Actual Total Time": 161.229, "Actual Rows": 84843, "Actual Loops": 1, "Filter": "((country_code)::text = '[us]'::text)", "Rows Removed by Filter": 150153, "Exact Heap Blocks": 2966, "Lossy Heap Blocks": 2966, "Plans": [{"Node Type": "Bitmap Index Scan", "Parent Relationship": "Outer", "Index Name": "company_name_pkey", "Startup Cost": 0.0, "Total Cost": 2779.23, "Plan Rows": 234996, "Plan Width": 0, "Actual Startup Time": 21.664, "Actual Total Time": 21.664, "Actual Rows": 234996, "Actual Loops": 1}]}]}]}, {"Node Type": "Hash", "Parent Relationship": "Inner", "Startup Cost": 110120.49, "Total Cost": 110120.49, "Plan Rows": 2528311, "Plan Width": 21, "Actual Startup Time": 4326.829, "Actual Total Time": 4326.829, "Actual Rows": 2528311, "Actual Loops": 1, "Hash Buckets": 4194304, "Hash Batches": 1, "Original Hash Batches": 1, "Peak Memory Usage": 135869, "Plans": [{"Node Type": "Index Scan", "Parent Relationship": "Outer", "Scan Direction": "Forward", "Index Name": "title_pkey", "Relation Name": "title", "Alias": "t", "Startup Cost": 0.0, "Total Cost": 110120.49, "Plan Rows": 2528311, "Plan Width": 21, "Actual Startup Time": 0.04, "Actual Total Time": 3247.979, "Actual Rows": 2528311, "Actual Loops": 1}]}]}]}]}]}]}, {"Node Type": "Index Scan", "Parent Relationship": "Inner", "Scan Direction": "Forward", "Index Name": "name_pkey", "Relation Name": "name", "Alias": "n1", "Startup Cost": 0.0, "Total Cost": 0.28, "Plan Rows": 1, "Plan Width": 4, "Actual Startup Time": 844.525, "Actual Total Time": 844.525, "Actual Rows": 323005, "Actual Loops": 323005, "Index Cond": "(id = ci.person_id)", "Rows Removed by Index Recheck": 0}]}]}, "Triggers": [], "Planner Runtime": 145.688, "Total Runtime": 10040.776, "Unique SQL Id": 2457761703}}, "(64, '70')": {"explain_plan": {"Plan": {"Node Type": "Aggregate", "Strategy": "Plain", "Startup Cost": 528738.29, "Total Cost": 528738.3, "Plan Rows": 1, "Plan Width": 97, "Plans": [{"Node Type": "Hash Join", "Parent Relationship": "Outer", "Join Type": "Inner", "Startup Cost": 336662.4, "Total Cost": 526952.8, "Plan Rows": 357098, "Plan Width": 33, "Inner Unique": true, "Hash Cond": "(mc.company_id = cn.id), (LLVM Optimized)", "Plans": [{"Node Type": "Hash Join", "Parent Relationship": "Outer", "Join Type": "Inner", "Startup Cost": 329694.33, "Total Cost": 513689.03, "Plan Rows": 726589, "Plan Width": 37, "Inner Unique": false, "Hash Cond": "(ci.movie_id = t.id), (LLVM Optimized)", "Plans": [{"Node Type": "Streaming(type: LOCAL GATHER dop: 1/64)", "Parent Relationship": "Outer", "Startup Cost": 254738.78, "Total Cost": 417857.9, "Plan Rows": 1484588, "Plan Width": 20, "Plans": [{"Node Type": "Hash Join", "Parent Relationship": "Outer", "Join Type": "Inner", "Startup Cost": 254738.78, "Total Cost": 387231.02, "Plan Rows": 1484588, "Plan Width": 20, "Inner Unique": false, "Hash Cond": "(an1.person_id = ci.person_id), (LLVM Optimized)", "Plans": [{"Node Type": "Streaming(type: LOCAL REDISTRIBUTE dop: 64/1)", "Parent Relationship": "Outer", "Startup Cost": 202522.7, "Total Cost": 334446.0, "Plan Rows": 901342, "Plan Width": 24, "Plans": [{"Node Type": "Hash Join", "Parent Relationship": "Outer", "Join Type": "Inner", "Startup Cost": 202522.7, "Total Cost": 234824.58, "Plan Rows": 901342, "Plan Width": 24, "Inner Unique": true, "Hash Cond": "(an1.person_id = n1.id), (LLVM Optimized)", "Plans": [{"Node Type": "Seq Scan", "Parent Relationship": "Outer", "Relation Name": "aka_name", "Alias": "an1", "Startup Cost": 0.0, "Total Cost": 19908.42, "Plan Rows": 901342, "Plan Width": 20}, {"Node Type": "Hash", "Parent Relationship": "Inner", "Startup Cost": 150429.08, "Total Cost": 150429.08, "Plan Rows": 4167490, "Plan Width": 4, "Plans": [{"Node Type": "Streaming(type: LOCAL GATHER dop: 1/64)", "Parent Relationship": "Outer", "Startup Cost": 0.0, "Total Cost": 150429.08, "Plan Rows": 4167490, "Plan Width": 4, "Plans": [{"Node Type": "Seq Scan", "Parent Relationship": "Outer", "Relation Name": "name", "Alias": "n1", "Startup Cost": 0.0, "Total Cost": 64454.25, "Plan Rows": 4167490, "Plan Width": 4}]}]}]}]}, {"Node Type": "Hash", "Parent Relationship": "Inner", "Startup Cost": 203464.29, "Total Cost": 203464.29, "Plan Rows": 3296318, "Plan Width": 8, "Plans": [{"Node Type": "Streaming(type: LOCAL REDISTRIBUTE dop: 64/64)", "Parent Relationship": "Outer", "Startup Cost": 63002.48, "Total Cost": 203464.29, "Plan Rows": 3296318, "Plan Width": 8, "Plans": [{"Node Type": "Hash Join", "Parent Relationship": "Outer", "Join Type": "Inner", "Startup Cost": 63002.48, "Total Cost": 137341.8, "Plan Rows": 3296318, "Plan Width": 8, "Inner Unique": true, "Hash Cond": "(ci.role_id = rt.id), (LLVM Optimized)", "Plans": [{"Node Type": "Seq Scan", "Parent Relationship": "Outer", "Relation Name": "cast_info", "Alias": "ci", "Startup Cost": 0.0, "Total Cost": 72404.34, "Plan Rows": 36259494, "Plan Width": 12}, {"Node Type": "Hash", "Parent Relationship": "Inner", "Startup Cost": 63002.47, "Total Cost": 63002.47, "Plan Rows": 64, "Plan Width": 4, "Plans": [{"Node Type": "Streaming(type: BROADCAST dop: 64/1)", "Parent Relationship": "Outer", "Startup Cost": 0.0, "Total Cost": 63002.47, "Plan Rows": 64, "Plan Width": 4, "Plans": [{"Node Type": "Seq Scan", "Parent Relationship": "Outer", "Relation Name": "role_type", "Alias": "rt", "Startup Cost": 0.0, "Total Cost": 1.15, "Plan Rows": 1, "Plan Width": 4, "Filter": "((role)::text = 'costume designer'::text)"}]}]}]}]}]}]}]}, {"Node Type": "Hash", "Parent Relationship": "Inner", "Startup Cost": 169365.79, "Total Cost": 169365.79, "Plan Rows": 2609128, "Plan Width": 29, "Plans": [{"Node Type": "Hash Join", "Parent Relationship": "Outer", "Join Type": "Inner", "Startup Cost": 91673.0, "Total Cost": 169365.79, "Plan Rows": 2609128, "Plan Width": 29, "Inner Unique": true, "Hash Cond": "(mc.movie_id = t.id), (LLVM Optimized)", "Plans": [{"Node Type": "Seq Scan", "Parent Relationship": "Outer", "Relation Name": "movie_companies", "Alias": "mc", "Startup Cost": 0.0, "Total Cost": 41817.28, "Plan Rows": 2609128, "Plan Width": 8}, {"Node Type": "Hash", "Parent Relationship": "Inner", "Startup Cost": 60069.11, "Total Cost": 60069.11, "Plan Rows": 2528311, "Plan Width": 21, "Plans": [{"Node Type": "Seq Scan", "Parent Relationship": "Outer", "Relation Name": "title", "Alias": "t", "Startup Cost": 0.0, "Total Cost": 60069.11, "Plan Rows": 2528311, "Plan Width": 21}]}]}]}]}, {"Node Type": "Hash", "Parent Relationship": "Inner", "Startup Cost": 5903.45, "Total Cost": 5903.45, "Plan Rows": 85170, "Plan Width": 4, "Plans": [{"Node Type": "Seq Scan", "Parent Relationship": "Outer", "Relation Name": "company_name", "Alias": "cn", "Startup Cost": 0.0, "Total Cost": 5903.45, "Plan Rows": 85170, "Plan Width": 4, "Filter": "((country_code)::text = '[us]'::text)"}]}]}]}, "Unique SQL Id": 2457761703, "Planner Runtime": 164}, "explain_analyze_plan": {"Plan": {"Node Type": "Aggregate", "Strategy": "Plain", "Startup Cost": 528738.29, "Total Cost": 528738.3, "Plan Rows": 1, "Plan Width": 97, "Actual Min Startup Time": 6856.27, "Actual Max Startup Time": 6856.27, "Actual Min Total Time": 6856.271, "Actual Max Total Time": 6856.271, "Plans": [{"Node Type": "Hash Join", "Parent Relationship": "Outer", "Join Type": "Inner", "Startup Cost": 336662.4, "Total Cost": 526952.8, "Plan Rows": 357098, "Plan Width": 33, "Actual Min Startup Time": 5249.401, "Actual Max Startup Time": 5249.401, "Actual Min Total Time": 6705.964, "Actual Max Total Time": 6705.964, "Inner Unique": true, "Hash Cond": "(mc.company_id = cn.id), (LLVM Optimized, Jit Execute)", "Plans": [{"Node Type": "Hash Join", "Parent Relationship": "Outer", "Join Type": "Inner", "Startup Cost": 329694.33, "Total Cost": 513689.03, "Plan Rows": 726589, "Plan Width": 37, "Actual Min Startup Time": 5130.68, "Actual Max Startup Time": 5130.68, "Actual Min Total Time": 6388.767, "Actual Max Total Time": 6388.767, "Inner Unique": false, "Hash Cond": "(ci.movie_id = t.id), (LLVM Optimized, Jit Execute)", "Plans": [{"Node Type": "Streaming(type: LOCAL GATHER dop: 1/64)", "Parent Relationship": "Outer", "Startup Cost": 254738.78, "Total Cost": 417857.9, "Plan Rows": 1484588, "Plan Width": 20, "Actual Min Startup Time": 0.186, "Actual Max Startup Time": 0.186, "Actual Min Total Time": 983.556, "Actual Max Total Time": 983.556, "Plans": [{"Node Type": "Hash Join", "Parent Relationship": "Outer", "Join Type": "Inner", "Startup Cost": 254738.78, "Total Cost": 387231.02, "Plan Rows": 1484588, "Plan Width": 20, "Actual Min Startup Time": 2904.02, "Actual Max Startup Time": 5001.056, "Actual Min Total Time": 4507.096, "Actual Max Total Time": 6552.353, "Inner Unique": false, "Hash Cond": "(an1.person_id = ci.person_id), (LLVM Optimized, Jit Execute)", "Plans": [{"Node Type": "Streaming(type: LOCAL REDISTRIBUTE dop: 64/1)", "Parent Relationship": "Outer", "Startup Cost": 202522.7, "Total Cost": 334446.0, "Plan Rows": 901342, "Plan Width": 24, "Actual Min Startup Time": 2648.309, "Actual Max Startup Time": 2658.987, "Actual Min Total Time": 4210.018, "Actual Max Total Time": 5937.182, "Plans": [{"Node Type": "Hash Join", "Parent Relationship": "Outer", "Join Type": "Inner", "Startup Cost": 202522.7, "Total Cost": 234824.58, "Plan Rows": 901342, "Plan Width": 24, "Actual Min Startup Time": 2900.815, "Actual Max Startup Time": 2900.815, "Actual Min Total Time": 3642.451, "Actual Max Total Time": 3642.451, "Inner Unique": true, "Hash Cond": "(an1.person_id = n1.id), (LLVM Optimized, Jit Execute)", "Plans": [{"Node Type": "Seq Scan", "Parent Relationship": "Outer", "Relation Name": "aka_name", "Alias": "an1", "Startup Cost": 0.0, "Total Cost": 19908.42, "Plan Rows": 901342, "Plan Width": 20, "Actual Min Startup Time": 0.033, "Actual Max Startup Time": 0.033, "Actual Min Total Time": 226.164, "Actual Max Total Time": 226.164, "Actual Rows": 901342}, {"Node Type": "Hash", "Parent Relationship": "Inner", "Startup Cost": 150429.08, "Total Cost": 150429.08, "Plan Rows": 4167490, "Plan Width": 4, "Actual Min Startup Time": 2898.206, "Actual Max Startup Time": 2898.206, "Actual Min Total Time": 2898.206, "Actual Max Total Time": 2898.206, "Max Hash Buckets": 4194304, "Min Hash Buckets": 4194304, "Max Hash Batches": 1, "Min Hash Batches": 1, "Max Original Hash Batches": 1, "Min Original Hash Batches": 1, "Max Peak Memory Usage": 146514, "min Peak Memory Usage": 146514, "Plans": [{"Node Type": "Streaming(type: LOCAL GATHER dop: 1/64)", "Parent Relationship": "Outer", "Startup Cost": 0.0, "Total Cost": 150429.08, "Plan Rows": 4167490, "Plan Width": 4, "Actual Min Startup Time": 0.152, "Actual Max Startup Time": 0.152, "Actual Min Total Time": 1744.697, "Actual Max Total Time": 1744.697, "Plans": [{"Node Type": "Seq Scan", "Parent Relationship": "Outer", "Relation Name": "name", "Alias": "n1", "Startup Cost": 0.0, "Total Cost": 64454.25, "Plan Rows": 4167490, "Plan Width": 4, "Actual Min Startup Time": 0.018, "Actual Max Startup Time": 0.044, "Actual Min Total Time": 18.96, "Actual Max Total Time": 23.576, "Actual Rows": 4167490}], "Actual Rows": 4167490}], "Actual Rows": 4167490}], "Actual Rows": 901342}], "Actual Rows": 901342}, {"Node Type": "Hash", "Parent Relationship": "Inner", "Startup Cost": 203464.29, "Total Cost": 203464.29, "Plan Rows": 3296318, "Plan Width": 8, "Actual Min Startup Time": 251.014, "Actual Max Startup Time": 617.726, "Actual Min Total Time": 251.014, "Actual Max Total Time": 617.726, "Max Hash Buckets": 65536, "Min Hash Buckets": 65536, "Max Hash Batches": 1, "Min Hash Batches": 1, "Max Original Hash Batches": 1, "Min Original Hash Batches": 1, "Max Peak Memory Usage": 153, "min Peak Memory Usage": 153, "Plans": [{"Node Type": "Streaming(type: LOCAL REDISTRIBUTE dop: 64/64)", "Parent Relationship": "Outer", "Startup Cost": 63002.48, "Total Cost": 203464.29, "Plan Rows": 3296318, "Plan Width": 8, "Actual Min Startup Time": 0.126, "Actual Max Startup Time": 331.621, "Actual Min Total Time": 250.064, "Actual Max Total Time": 616.635, "Plans": [{"Node Type": "Hash Join", "Parent Relationship": "Outer", "Join Type": "Inner", "Startup Cost": 63002.48, "Total Cost": 137341.8, "Plan Rows": 3296318, "Plan Width": 8, "Actual Min Startup Time": 184.436, "Actual Max Startup Time": 286.242, "Actual Min Total Time": 231.359, "Actual Max Total Time": 286.242, "Inner Unique": true, "Hash Cond": "(ci.role_id = rt.id), (LLVM Optimized, Jit Execute)", "Plans": [{"Node Type": "Seq Scan", "Parent Relationship": "Outer", "Relation Name": "cast_info", "Alias": "ci", "Startup Cost": 0.0, "Total Cost": 72404.34, "Plan Rows": 36259494, "Plan Width": 12, "Actual Min Startup Time": 0.027, "Actual Max Startup Time": 0.061, "Actual Min Total Time": 127.977, "Actual Max Total Time": 141.649, "Actual Rows": 36244343}, {"Node Type": "Hash", "Parent Relationship": "Inner", "Startup Cost": 63002.47, "Total Cost": 63002.47, "Plan Rows": 64, "Plan Width": 4, "Actual Min Startup Time": 0.012, "Actual Max Startup Time": 54.189, "Actual Min Total Time": 0.012, "Actual Max Total Time": 54.189, "Max Hash Buckets": 32768, "Min Hash Buckets": 32768, "Max Hash Batches": 1, "Min Hash Batches": 1, "Max Original Hash Batches": 1, "Min Original Hash Batches": 1, "Max Peak Memory Usage": 1, "min Peak Memory Usage": 1, "Plans": [{"Node Type": "Streaming(type: BROADCAST dop: 64/1)", "Parent Relationship": "Outer", "Startup Cost": 0.0, "Total Cost": 63002.47, "Plan Rows": 64, "Plan Width": 4, "Actual Min Startup Time": 0.003, "Actual Max Startup Time": 54.169, "Actual Min Total Time": 0.004, "Actual Max Total Time": 54.17, "Plans": [{"Node Type": "Seq Scan", "Parent Relationship": "Outer", "Relation Name": "role_type", "Alias": "rt", "Startup Cost": 0.0, "Total Cost": 1.15, "Plan Rows": 1, "Plan Width": 4, "Actual Min Startup Time": 0.026, "Actual Max Startup Time": 0.026, "Actual Min Total Time": 0.03, "Actual Max Total Time": 0.03, "Filter": "((role)::text = 'costume designer'::text)", "Rows Removed by Filter": 11, "Actual Rows": 1}], "Actual Rows": 64}], "Actual Rows": 64}], "Actual Rows": 276403}], "Actual Rows": 276403}], "Actual Rows": 276403}], "Actual Rows": 218966}], "Actual Rows": 218966}, {"Node Type": "Hash", "Parent Relationship": "Inner", "Startup Cost": 169365.79, "Total Cost": 169365.79, "Plan Rows": 2609128, "Plan Width": 29, "Actual Min Startup Time": 5122.871, "Actual Max Startup Time": 5122.871, "Actual Min Total Time": 5122.871, "Actual Max Total Time": 5122.871, "Max Hash Buckets": 4194304, "Min Hash Buckets": 4194304, "Max Hash Batches": 1, "Min Hash Batches": 1, "Max Original Hash Batches": 1, "Min Original Hash Batches": 1, "Max Peak Memory Usage": 164769, "min Peak Memory Usage": 164769, "Plans": [{"Node Type": "Hash Join", "Parent Relationship": "Outer", "Join Type": "Inner", "Startup Cost": 91673.0, "Total Cost": 169365.79, "Plan Rows": 2609128, "Plan Width": 29, "Actual Min Startup Time": 1876.312, "Actual Max Startup Time": 1876.312, "Actual Min Total Time": 4112.233, "Actual Max Total Time": 4112.233, "Inner Unique": true, "Hash Cond": "(mc.movie_id = t.id), (LLVM Optimized, Jit Execute)", "Plans": [{"Node Type": "Seq Scan", "Parent Relationship": "Outer", "Relation Name": "movie_companies", "Alias": "mc", "Startup Cost": 0.0, "Total Cost": 41817.28, "Plan Rows": 2609128, "Plan Width": 8, "Actual Min Startup Time": 0.034, "Actual Max Startup Time": 0.034, "Actual Min Total Time": 589.387, "Actual Max Total Time": 589.387, "Actual Rows": 2609128}, {"Node Type": "Hash", "Parent Relationship": "Inner", "Startup Cost": 60069.11, "Total Cost": 60069.11, "Plan Rows": 2528311, "Plan Width": 21, "Actual Min Startup Time": 1873.717, "Actual Max Startup Time": 1873.717, "Actual Min Total Time": 1873.717, "Actual Max Total Time": 1873.717, "Max Hash Buckets": 4194304, "Min Hash Buckets": 4194304, "Max Hash Batches": 1, "Min Hash Batches": 1, "Max Original Hash Batches": 1, "Min Original Hash Batches": 1, "Max Peak Memory Usage": 135869, "min Peak Memory Usage": 135869, "Plans": [{"Node Type": "Seq Scan", "Parent Relationship": "Outer", "Relation Name": "title", "Alias": "t", "Startup Cost": 0.0, "Total Cost": 60069.11, "Plan Rows": 2528311, "Plan Width": 21, "Actual Min Startup Time": 0.031, "Actual Max Startup Time": 0.031, "Actual Min Total Time": 853.163, "Actual Max Total Time": 853.163, "Actual Rows": 2528311}], "Actual Rows": 2528311}], "Actual Rows": 2609128}], "Actual Rows": 2609128}], "Actual Rows": 752819}, {"Node Type": "Hash", "Parent Relationship": "Inner", "Startup Cost": 5903.45, "Total Cost": 5903.45, "Plan Rows": 85170, "Plan Width": 4, "Actual Min Startup Time": 118.572, "Actual Max Startup Time": 118.572, "Actual Min Total Time": 118.572, "Actual Max Total Time": 118.572, "Max Hash Buckets": 131072, "Min Hash Buckets": 131072, "Max Hash Batches": 1, "Min Hash Batches": 1, "Max Original Hash Batches": 1, "Min Original Hash Batches": 1, "Max Peak Memory Usage": 2983, "min Peak Memory Usage": 2983, "Plans": [{"Node Type": "Seq Scan", "Parent Relationship": "Outer", "Relation Name": "company_name", "Alias": "cn", "Startup Cost": 0.0, "Total Cost": 5903.45, "Plan Rows": 85170, "Plan Width": 4, "Actual Min Startup Time": 0.062, "Actual Max Startup Time": 0.062, "Actual Min Total Time": 96.64, "Actual Max Total Time": 96.64, "Filter": "((country_code)::text = '[us]'::text)", "Rows Removed by Filter": 150153, "Actual Rows": 84843}], "Actual Rows": 84843}], "Actual Rows": 323005}], "Actual Rows": 1}, "Triggers": [], "Planner Runtime": 175.338, "Total Runtime": 6911.384, "Unique SQL Id": 2457761703}}, "(64, '71')": {"explain_plan": {"Plan": {"Node Type": "Aggregate", "Strategy": "Plain", "Startup Cost": 1013578.73, "Total Cost": 1013578.74, "Plan Rows": 1, "Plan Width": 97, "Plans": [{"Node Type": "Hash Join", "Parent Relationship": "Outer", "Join Type": "Inner", "Startup Cost": 985285.55, "Total Cost": 1011793.24, "Plan Rows": 357098, "Plan Width": 33, "Inner Unique": false, "Hash Cond": "(an1.person_id = n1.id), (LLVM Optimized)", "Plans": [{"Node Type": "Bitmap Heap Scan", "Parent Relationship": "Outer", "Relation Name": "aka_name", "Alias": "an1", "Startup Cost": 16632.3, "Total Cost": 36540.72, "Plan Rows": 901342, "Plan Width": 20, "Plans": [{"Node Type": "Bitmap Index Scan", "Parent Relationship": "Outer", "Index Name": "person_id_aka_name", "Startup Cost": 0.0, "Total Cost": 16406.96, "Plan Rows": 901342, "Plan Width": 0}]}, {"Node Type": "Hash", "Parent Relationship": "Inner", "Startup Cost": 959772.51, "Total Cost": 959772.51, "Plan Rows": 710459, "Plan Width": 25, "Plans": [{"Node Type": "Hash Join", "Parent Relationship": "Outer", "Join Type": "Inner", "Startup Cost": 607483.06, "Total Cost": 959772.51, "Plan Rows": 710459, "Plan Width": 25, "Inner Unique": true, "Hash Cond": "(ci.person_id = n1.id), (LLVM Optimized)", "Plans": [{"Node Type": "Hash Join", "Parent Relationship": "Outer", "Join Type": "Inner", "Startup Cost": 378117.96, "Total Cost": 720638.61, "Plan Rows": 710459, "Plan Width": 21, "Inner Unique": false, "Hash Cond": "(ci.movie_id = t.id), (LLVM Optimized)", "Plans": [{"Node Type": "Nested Loop", "Parent Relationship": "Outer", "Join Type": "Inner", "Startup Cost": 76315.02, "Total Cost": 389769.33, "Plan Rows": 3296318, "Plan Width": 8, "Inner Unique": false, "Plans": [{"Node Type": "Bitmap Heap Scan", "Parent Relationship": "Outer", "Relation Name": "role_type", "Alias": "rt", "Startup Cost": 8.31, "Total Cost": 12.46, "Plan Rows": 1, "Plan Width": 4, "Filter": "((role)::text = 'costume designer'::text)", "Plans": [{"Node Type": "Bitmap Index Scan", "Parent Relationship": "Outer", "Index Name": "role_type_pkey", "Startup Cost": 0.0, "Total Cost": 8.31, "Plan Rows": 12, "Plan Width": 0}]}, {"Node Type": "Bitmap Heap Scan", "Parent Relationship": "Inner", "Relation Name": "cast_info", "Alias": "ci", "Startup Cost": 76306.71, "Total Cost": 356793.69, "Plan Rows": 3296318, "Plan Width": 12, "Recheck Cond": "(role_id = rt.id), (LLVM Optimized)", "Plans": [{"Node Type": "Bitmap Index Scan", "Parent Relationship": "Outer", "Index Name": "role_id_cast_info", "Startup Cost": 0.0, "Total Cost": 75482.63, "Plan Rows": 3296318, "Plan Width": 0, "Index Cond": "(role_id = rt.id)"}]}]}, {"Node Type": "Hash", "Parent Relationship": "Inner", "Startup Cost": 285774.05, "Total Cost": 285774.05, "Plan Rows": 1282311, "Plan Width": 25, "Plans": [{"Node Type": "Hash Join", "Parent Relationship": "Outer", "Join Type": "Inner", "Startup Cost": 203717.65, "Total Cost": 285774.05, "Plan Rows": 1282311, "Plan Width": 25, "Inner Unique": true, "Hash Cond": "(mc.movie_id = t.id), (LLVM Optimized)", "Plans": [{"Node Type": "Hash Join", "Parent Relationship": "Outer", "Join Type": "Inner", "Startup Cost": 61758.77, "Total Cost": 126183.39, "Plan Rows": 1282311, "Plan Width": 4, "Inner Unique": true, "Hash Cond": "(mc.company_id = cn.id), (LLVM Optimized)", "Plans": [{"Node Type": "Bitmap Heap Scan", "Parent Relationship": "Outer", "Relation Name": "movie_companies", "Alias": "mc", "Startup Cost": 51990.17, "Total Cost": 93807.45, "Plan Rows": 2609128, "Plan Width": 8, "Plans": [{"Node Type": "Bitmap Index Scan", "Parent Relationship": "Outer", "Index Name": "movie_id_movie_companies", "Startup Cost": 0.0, "Total Cost": 51337.89, "Plan Rows": 2609128, "Plan Width": 0}]}, {"Node Type": "Hash", "Parent Relationship": "Inner", "Startup Cost": 8703.97, "Total Cost": 8703.97, "Plan Rows": 85170, "Plan Width": 4, "Plans": [{"Node Type": "Bitmap Heap Scan", "Parent Relationship": "Outer", "Relation Name": "company_name", "Alias": "cn", "Startup Cost": 2800.52, "Total Cost": 8703.97, "Plan Rows": 85170, "Plan Width": 4, "Filter": "((country_code)::text = '[us]'::text)", "Plans": [{"Node Type": "Bitmap Index Scan", "Parent Relationship": "Outer", "Index Name": "company_name_pkey", "Startup Cost": 0.0, "Total Cost": 2779.23, "Plan Rows": 234996, "Plan Width": 0}]}]}]}, {"Node Type": "Hash", "Parent Relationship": "Inner", "Startup Cost": 110354.99, "Total Cost": 110354.99, "Plan Rows": 2528311, "Plan Width": 21, "Plans": [{"Node Type": "Bitmap Heap Scan", "Parent Relationship": "Outer", "Relation Name": "title", "Alias": "t", "Startup Cost": 50285.88, "Total Cost": 110354.99, "Plan Rows": 2528311, "Plan Width": 21, "Plans": [{"Node Type": "Bitmap Index Scan", "Parent Relationship": "Outer", "Index Name": "title_pkey", "Startup Cost": 0.0, "Total Cost": 49653.81, "Plan Rows": 2528311, "Plan Width": 0}]}]}]}]}]}, {"Node Type": "Hash", "Parent Relationship": "Inner", "Startup Cost": 177271.47, "Total Cost": 177271.47, "Plan Rows": 4167490, "Plan Width": 4, "Plans": [{"Node Type": "Bitmap Heap Scan", "Parent Relationship": "Outer", "Relation Name": "name", "Alias": "n1", "Startup Cost": 84199.57, "Total Cost": 177271.47, "Plan Rows": 4167490, "Plan Width": 4, "Plans": [{"Node Type": "Bitmap Index Scan", "Parent Relationship": "Outer", "Index Name": "name_pkey", "Startup Cost": 0.0, "Total Cost": 83157.7, "Plan Rows": 4167490, "Plan Width": 0}]}]}]}]}]}]}, "Unique SQL Id": 2457761703, "Planner Runtime": 72}, "explain_analyze_plan": {"Plan": {"Node Type": "Aggregate", "Strategy": "Plain", "Startup Cost": 1013578.73, "Total Cost": 1013578.74, "Plan Rows": 1, "Plan Width": 97, "Actual Startup Time": 11264.918, "Actual Total Time": 11264.918, "Actual Rows": 1, "Actual Loops": 1, "Plans": [{"Node Type": "Hash Join", "Parent Relationship": "Outer", "Join Type": "Inner", "Startup Cost": 985285.55, "Total Cost": 1011793.24, "Plan Rows": 357098, "Plan Width": 33, "Actual Startup Time": 10449.451, "Actual Total Time": 11120.29, "Actual Rows": 323005, "Actual Loops": 1, "Inner Unique": false, "Hash Cond": "(an1.person_id = n1.id), (LLVM Optimized, Jit Execute)", "Plans": [{"Node Type": "Bitmap Heap Scan", "Parent Relationship": "Outer", "Relation Name": "aka_name", "Alias": "an1", "Startup Cost": 16632.3, "Total Cost": 36540.72, "Plan Rows": 901342, "Plan Width": 20, "Actual Startup Time": 86.655, "Actual Total Time": 456.24, "Actual Rows": 901342, "Actual Loops": 1, "Exact Heap Blocks": 10895, "Lossy Heap Blocks": 10895, "Plans": [{"Node Type": "Bitmap Index Scan", "Parent Relationship": "Outer", "Index Name": "person_id_aka_name", "Startup Cost": 0.0, "Total Cost": 16406.96, "Plan Rows": 901342, "Plan Width": 0, "Actual Startup Time": 84.727, "Actual Total Time": 84.727, "Actual Rows": 901342, "Actual Loops": 1}]}, {"Node Type": "Hash", "Parent Relationship": "Inner", "Startup Cost": 959772.51, "Total Cost": 959772.51, "Plan Rows": 710459, "Plan Width": 25, "Actual Startup Time": 10352.095, "Actual Total Time": 10352.095, "Actual Rows": 285537, "Actual Loops": 1, "Hash Buckets": 1048576, "Hash Batches": 1, "Original Hash Batches": 1, "Peak Memory Usage": 15952, "Plans": [{"Node Type": "Hash Join", "Parent Relationship": "Outer", "Join Type": "Inner", "Startup Cost": 607483.06, "Total Cost": 959772.51, "Plan Rows": 710459, "Plan Width": 25, "Actual Startup Time": 9843.537, "Actual Total Time": 10265.582, "Actual Rows": 285537, "Actual Loops": 1, "Inner Unique": true, "Hash Cond": "(ci.person_id = n1.id), (LLVM Optimized, Jit Execute)", "Plans": [{"Node Type": "Hash Join", "Parent Relationship": "Outer", "Join Type": "Inner", "Startup Cost": 378117.96, "Total Cost": 720638.61, "Plan Rows": 710459, "Plan Width": 21, "Actual Startup Time": 5910.918, "Actual Total Time": 6214.846, "Actual Rows": 285537, "Actual Loops": 1, "Inner Unique": false, "Hash Cond": "(ci.movie_id = t.id), (LLVM Optimized, Jit Execute)", "Plans": [{"Node Type": "Nested Loop", "Parent Relationship": "Outer", "Join Type": "Inner", "Startup Cost": 76315.02, "Total Cost": 389769.33, "Plan Rows": 3296318, "Plan Width": 8, "Actual Startup Time": 31.082, "Actual Total Time": 165.745, "Actual Rows": 276403, "Actual Loops": 1, "Inner Unique": false, "Plans": [{"Node Type": "Bitmap Heap Scan", "Parent Relationship": "Outer", "Relation Name": "role_type", "Alias": "rt", "Startup Cost": 8.31, "Total Cost": 12.46, "Plan Rows": 1, "Plan Width": 4, "Actual Startup Time": 0.193, "Actual Total Time": 0.203, "Actual Rows": 1, "Actual Loops": 1, "Filter": "((role)::text = 'costume designer'::text)", "Rows Removed by Filter": 11, "Exact Heap Blocks": 1, "Lossy Heap Blocks": 1, "Plans": [{"Node Type": "Bitmap Index Scan", "Parent Relationship": "Outer", "Index Name": "role_type_pkey", "Startup Cost": 0.0, "Total Cost": 8.31, "Plan Rows": 12, "Plan Width": 0, "Actual Startup Time": 0.039, "Actual Total Time": 0.039, "Actual Rows": 12, "Actual Loops": 1}]}, {"Node Type": "Bitmap Heap Scan", "Parent Relationship": "Inner", "Relation Name": "cast_info", "Alias": "ci", "Startup Cost": 76306.71, "Total Cost": 356793.69, "Plan Rows": 3296318, "Plan Width": 12, "Actual Startup Time": 30.799, "Actual Total Time": 115.725, "Actual Rows": 276403, "Actual Loops": 1, "Recheck Cond": "(role_id = rt.id), (LLVM Optimized, Jit Execute)", "Rows Removed by Index Recheck": 0, "Exact Heap Blocks": 1654, "Lossy Heap Blocks": 1654, "Plans": [{"Node Type": "Bitmap Index Scan", "Parent Relationship": "Outer", "Index Name": "role_id_cast_info", "Startup Cost": 0.0, "Total Cost": 75482.63, "Plan Rows": 3296318, "Plan Width": 0, "Actual Startup Time": 30.445, "Actual Total Time": 30.445, "Actual Rows": 276403, "Actual Loops": 1, "Index Cond": "(role_id = rt.id)"}]}]}, {"Node Type": "Hash", "Parent Relationship": "Inner", "Startup Cost": 285774.05, "Total Cost": 285774.05, "Plan Rows": 1282311, "Plan Width": 25, "Actual Startup Time": 5872.757, "Actual Total Time": 5872.757, "Actual Rows": 1153797, "Actual Loops": 1, "Hash Buckets": 2097152, "Hash Batches": 1, "Original Hash Batches": 1, "Peak Memory Usage": 68508, "Plans": [{"Node Type": "Hash Join", "Parent Relationship": "Outer", "Join Type": "Inner", "Startup Cost": 203717.65, "Total Cost": 285774.05, "Plan Rows": 1282311, "Plan Width": 25, "Actual Startup Time": 2870.037, "Actual Total Time": 5345.899, "Actual Rows": 1153797, "Actual Loops": 1, "Inner Unique": true, "Hash Cond": "(mc.movie_id = t.id), (LLVM Optimized, Jit Execute)", "Plans": [{"Node Type": "Hash Join", "Parent Relationship": "Outer", "Join Type": "Inner", "Startup Cost": 61758.77, "Total Cost": 126183.39, "Plan Rows": 1282311, "Plan Width": 4, "Actual Startup Time": 407.486, "Actual Total Time": 2061.138, "Actual Rows": 1153797, "Actual Loops": 1, "Inner Unique": true, "Hash Cond": "(mc.company_id = cn.id), (LLVM Optimized, Jit Execute)", "Plans": [{"Node Type": "Bitmap Heap Scan", "Parent Relationship": "Outer", "Relation Name": "movie_companies", "Alias": "mc", "Startup Cost": 51990.17, "Total Cost": 93807.45, "Plan Rows": 2609128, "Plan Width": 8, "Actual Startup Time": 218.976, "Actual Total Time": 1032.887, "Actual Rows": 2609128, "Actual Loops": 1, "Exact Heap Blocks": 15726, "Lossy Heap Blocks": 15726, "Plans": [{"Node Type": "Bitmap Index Scan", "Parent Relationship": "Outer", "Index Name": "movie_id_movie_companies", "Startup Cost": 0.0, "Total Cost": 51337.89, "Plan Rows": 2609128, "Plan Width": 0, "Actual Startup Time": 215.319, "Actual Total Time": 215.319, "Actual Rows": 2609128, "Actual Loops": 1}]}, {"Node Type": "Hash", "Parent Relationship": "Inner", "Startup Cost": 8703.97, "Total Cost": 8703.97, "Plan Rows": 85170, "Plan Width": 4, "Actual Startup Time": 188.354, "Actual Total Time": 188.354, "Actual Rows": 84843, "Actual Loops": 1, "Hash Buckets": 131072, "Hash Batches": 1, "Original Hash Batches": 1, "Peak Memory Usage": 2983, "Plans": [{"Node Type": "Bitmap Heap Scan", "Parent Relationship": "Outer", "Relation Name": "company_name", "Alias": "cn", "Startup Cost": 2800.52, "Total Cost": 8703.97, "Plan Rows": 85170, "Plan Width": 4, "Actual Startup Time": 23.217, "Actual Total Time": 166.474, "Actual Rows": 84843, "Actual Loops": 1, "Filter": "((country_code)::text = '[us]'::text)", "Rows Removed by Filter": 150153, "Exact Heap Blocks": 2966, "Lossy Heap Blocks": 2966, "Plans": [{"Node Type": "Bitmap Index Scan", "Parent Relationship": "Outer", "Index Name": "company_name_pkey", "Startup Cost": 0.0, "Total Cost": 2779.23, "Plan Rows": 234996, "Plan Width": 0, "Actual Startup Time": 22.756, "Actual Total Time": 22.756, "Actual Rows": 234996, "Actual Loops": 1}]}]}]}, {"Node Type": "Hash", "Parent Relationship": "Inner", "Startup Cost": 110354.99, "Total Cost": 110354.99, "Plan Rows": 2528311, "Plan Width": 21, "Actual Startup Time": 2460.02, "Actual Total Time": 2460.02, "Actual Rows": 2528311, "Actual Loops": 1, "Hash Buckets": 4194304, "Hash Batches": 1, "Original Hash Batches": 1, "Peak Memory Usage": 135869, "Plans": [{"Node Type": "Bitmap Heap Scan", "Parent Relationship": "Outer", "Relation Name": "title", "Alias": "t", "Startup Cost": 50285.88, "Total Cost": 110354.99, "Plan Rows": 2528311, "Plan Width": 21, "Actual Startup Time": 309.032, "Actual Total Time": 1577.676, "Actual Rows": 2528311, "Actual Loops": 1, "Exact Heap Blocks": 34786, "Lossy Heap Blocks": 34786, "Plans": [{"Node Type": "Bitmap Index Scan", "Parent Relationship": "Outer", "Index Name": "title_pkey", "Startup Cost": 0.0, "Total Cost": 49653.81, "Plan Rows": 2528311, "Plan Width": 0, "Actual Startup Time": 301.267, "Actual Total Time": 301.267, "Actual Rows": 2528311, "Actual Loops": 1}]}]}]}]}]}, {"Node Type": "Hash", "Parent Relationship": "Inner", "Startup Cost": 177271.47, "Total Cost": 177271.47, "Plan Rows": 4167490, "Plan Width": 4, "Actual Startup Time": 3930.097, "Actual Total Time": 3930.097, "Actual Rows": 4167490, "Actual Loops": 1, "Hash Buckets": 4194304, "Hash Batches": 1, "Original Hash Batches": 1, "Peak Memory Usage": 146514, "Plans": [{"Node Type": "Bitmap Heap Scan", "Parent Relationship": "Outer", "Relation Name": "name", "Alias": "n1", "Startup Cost": 84199.57, "Total Cost": 177271.47, "Plan Rows": 4167490, "Plan Width": 4, "Actual Startup Time": 388.385, "Actual Total Time": 2366.077, "Actual Rows": 4167490, "Actual Loops": 1, "Exact Heap Blocks": 51397, "Lossy Heap Blocks": 51397, "Plans": [{"Node Type": "Bitmap Index Scan", "Parent Relationship": "Outer", "Index Name": "name_pkey", "Startup Cost": 0.0, "Total Cost": 83157.7, "Plan Rows": 4167490, "Plan Width": 0, "Actual Startup Time": 376.574, "Actual Total Time": 376.574, "Actual Rows": 4167490, "Actual Loops": 1}]}]}]}]}]}]}, "Triggers": [], "Planner Runtime": 72.542, "Total Runtime": 11277.09, "Unique SQL Id": 2457761703}}, "(64, '72')": {"explain_plan": {"Plan": {"Node Type": "Aggregate", "Strategy": "Plain", "Startup Cost": 532222.07, "Total Cost": 532222.08, "Plan Rows": 1, "Plan Width": 97, "Plans": [{"Node Type": "Hash Join", "Parent Relationship": "Outer", "Join Type": "Inner", "Startup Cost": 503541.41, "Total Cost": 530436.58, "Plan Rows": 357098, "Plan Width": 33, "Inner Unique": false, "Hash Cond": "(an1.person_id = n1.id), (LLVM Optimized)", "Plans": [{"Node Type": "Seq Scan", "Parent Relationship": "Outer", "Relation Name": "aka_name", "Alias": "an1", "Startup Cost": 0.0, "Total Cost": 19908.42, "Plan Rows": 901342, "Plan Width": 20}, {"Node Type": "Hash", "Parent Relationship": "Inner", "Startup Cost": 494660.67, "Total Cost": 494660.67, "Plan Rows": 710459, "Plan Width": 25, "Plans": [{"Node Type": "Hash Join", "Parent Relationship": "Outer", "Join Type": "Inner", "Startup Cost": 256421.67, "Total Cost": 494660.67, "Plan Rows": 710459, "Plan Width": 25, "Inner Unique": false, "Hash Cond": "(ci.movie_id = t.id), (LLVM Optimized)", "Plans": [{"Node Type": "Streaming(type: LOCAL GATHER dop: 1/64)", "Parent Relationship": "Outer", "Startup Cost": 195218.41, "Total Cost": 404391.07, "Plan Rows": 3296318, "Plan Width": 12, "Plans": [{"Node Type": "Hash Join", "Parent Relationship": "Outer", "Join Type": "Inner", "Startup Cost": 195218.41, "Total Cost": 336388.42, "Plan Rows": 3296318, "Plan Width": 12, "Inner Unique": true, "Hash Cond": "(ci.person_id = n1.id), (LLVM Optimized)", "Plans": [{"Node Type": "Streaming(type: LOCAL REDISTRIBUTE dop: 64/64)", "Parent Relationship": "Outer", "Startup Cost": 63002.48, "Total Cost": 203464.29, "Plan Rows": 3296318, "Plan Width": 8, "Plans": [{"Node Type": "Hash Join", "Parent Relationship": "Outer", "Join Type": "Inner", "Startup Cost": 63002.48, "Total Cost": 137341.8, "Plan Rows": 3296318, "Plan Width": 8, "Inner Unique": true, "Hash Cond": "(ci.role_id = rt.id), (LLVM Optimized)", "Plans": [{"Node Type": "Seq Scan", "Parent Relationship": "Outer", "Relation Name": "cast_info", "Alias": "ci", "Startup Cost": 0.0, "Total Cost": 72404.34, "Plan Rows": 36259494, "Plan Width": 12}, {"Node Type": "Hash", "Parent Relationship": "Inner", "Startup Cost": 63002.47, "Total Cost": 63002.47, "Plan Rows": 64, "Plan Width": 4, "Plans": [{"Node Type": "Streaming(type: BROADCAST dop: 64/1)", "Parent Relationship": "Outer", "Startup Cost": 0.0, "Total Cost": 63002.47, "Plan Rows": 64, "Plan Width": 4, "Plans": [{"Node Type": "Seq Scan", "Parent Relationship": "Outer", "Relation Name": "role_type", "Alias": "rt", "Startup Cost": 0.0, "Total Cost": 1.15, "Plan Rows": 1, "Plan Width": 4, "Filter": "((role)::text = 'costume designer'::text)"}]}]}]}]}, {"Node Type": "Hash", "Parent Relationship": "Inner", "Startup Cost": 131401.97, "Total Cost": 131401.97, "Plan Rows": 4167490, "Plan Width": 4, "Plans": [{"Node Type": "Streaming(type: LOCAL REDISTRIBUTE dop: 64/64)", "Parent Relationship": "Outer", "Startup Cost": 0.0, "Total Cost": 131401.97, "Plan Rows": 4167490, "Plan Width": 4, "Plans": [{"Node Type": "Seq Scan", "Parent Relationship": "Outer", "Relation Name": "name", "Alias": "n1", "Startup Cost": 0.0, "Total Cost": 64454.25, "Plan Rows": 4167490, "Plan Width": 4}]}]}]}]}, {"Node Type": "Hash", "Parent Relationship": "Inner", "Startup Cost": 180697.47, "Total Cost": 180697.47, "Plan Rows": 1282311, "Plan Width": 25, "Plans": [{"Node Type": "Hash Join", "Parent Relationship": "Outer", "Join Type": "Inner", "Startup Cost": 98641.07, "Total Cost": 180697.47, "Plan Rows": 1282311, "Plan Width": 25, "Inner Unique": true, "Hash Cond": "(mc.movie_id = t.id), (LLVM Optimized)", "Plans": [{"Node Type": "Hash Join", "Parent Relationship": "Outer", "Join Type": "Inner", "Startup Cost": 6968.08, "Total Cost": 71392.69, "Plan Rows": 1282311, "Plan Width": 4, "Inner Unique": true, "Hash Cond": "(mc.company_id = cn.id), (LLVM Optimized)", "Plans": [{"Node Type": "Seq Scan", "Parent Relationship": "Outer", "Relation Name": "movie_companies", "Alias": "mc", "Startup Cost": 0.0, "Total Cost": 41817.28, "Plan Rows": 2609128, "Plan Width": 8}, {"Node Type": "Hash", "Parent Relationship": "Inner", "Startup Cost": 5903.45, "Total Cost": 5903.45, "Plan Rows": 85170, "Plan Width": 4, "Plans": [{"Node Type": "Seq Scan", "Parent Relationship": "Outer", "Relation Name": "company_name", "Alias": "cn", "Startup Cost": 0.0, "Total Cost": 5903.45, "Plan Rows": 85170, "Plan Width": 4, "Filter": "((country_code)::text = '[us]'::text)"}]}]}, {"Node Type": "Hash", "Parent Relationship": "Inner", "Startup Cost": 60069.11, "Total Cost": 60069.11, "Plan Rows": 2528311, "Plan Width": 21, "Plans": [{"Node Type": "Seq Scan", "Parent Relationship": "Outer", "Relation Name": "title", "Alias": "t", "Startup Cost": 0.0, "Total Cost": 60069.11, "Plan Rows": 2528311, "Plan Width": 21}]}]}]}]}]}]}]}, "Unique SQL Id": 2457761703, "Planner Runtime": 149}, "explain_analyze_plan": {"Plan": {"Node Type": "Aggregate", "Strategy": "Plain", "Startup Cost": 532222.07, "Total Cost": 532222.08, "Plan Rows": 1, "Plan Width": 97, "Actual Min Startup Time": 6391.936, "Actual Max Startup Time": 6391.936, "Actual Min Total Time": 6391.936, "Actual Max Total Time": 6391.936, "Plans": [{"Node Type": "Hash Join", "Parent Relationship": "Outer", "Join Type": "Inner", "Startup Cost": 503541.41, "Total Cost": 530436.58, "Plan Rows": 357098, "Plan Width": 33, "Actual Min Startup Time": 5681.546, "Actual Max Startup Time": 5681.546, "Actual Min Total Time": 6245.069, "Actual Max Total Time": 6245.069, "Inner Unique": false, "Hash Cond": "(an1.person_id = n1.id), (LLVM Optimized, Jit Execute)", "Plans": [{"Node Type": "Seq Scan", "Parent Relationship": "Outer", "Relation Name": "aka_name", "Alias": "an1", "Startup Cost": 0.0, "Total Cost": 19908.42, "Plan Rows": 901342, "Plan Width": 20, "Actual Min Startup Time": 0.041, "Actual Max Startup Time": 0.041, "Actual Min Total Time": 234.241, "Actual Max Total Time": 234.241, "Actual Rows": 901342}, {"Node Type": "Hash", "Parent Relationship": "Inner", "Startup Cost": 494660.67, "Total Cost": 494660.67, "Plan Rows": 710459, "Plan Width": 25, "Actual Min Startup Time": 5678.157, "Actual Max Startup Time": 5678.157, "Actual Min Total Time": 5678.157, "Actual Max Total Time": 5678.157, "Max Hash Buckets": 1048576, "Min Hash Buckets": 1048576, "Max Hash Batches": 1, "Min Hash Batches": 1, "Max Original Hash Batches": 1, "Min Original Hash Batches": 1, "Max Peak Memory Usage": 15952, "min Peak Memory Usage": 15952, "Plans": [{"Node Type": "Hash Join", "Parent Relationship": "Outer", "Join Type": "Inner", "Startup Cost": 256421.67, "Total Cost": 494660.67, "Plan Rows": 710459, "Plan Width": 25, "Actual Min Startup Time": 5321.654, "Actual Max Startup Time": 5321.654, "Actual Min Total Time": 5597.254, "Actual Max Total Time": 5597.254, "Inner Unique": false, "Hash Cond": "(ci.movie_id = t.id), (LLVM Optimized, Jit Execute)", "Plans": [{"Node Type": "Streaming(type: LOCAL GATHER dop: 1/64)", "Parent Relationship": "Outer", "Startup Cost": 195218.41, "Total Cost": 404391.07, "Plan Rows": 3296318, "Plan Width": 12, "Actual Min Startup Time": 0.129, "Actual Max Startup Time": 0.129, "Actual Min Total Time": 103.987, "Actual Max Total Time": 103.987, "Plans": [{"Node Type": "Hash Join", "Parent Relationship": "Outer", "Join Type": "Inner", "Startup Cost": 195218.41, "Total Cost": 336388.42, "Plan Rows": 3296318, "Plan Width": 12, "Actual Min Startup Time": 2835.803, "Actual Max Startup Time": 5040.6, "Actual Min Total Time": 3046.426, "Actual Max Total Time": 5282.113, "Inner Unique": true, "Hash Cond": "(ci.person_id = n1.id), (LLVM Optimized, Jit Execute)", "Plans": [{"Node Type": "Streaming(type: LOCAL REDISTRIBUTE dop: 64/64)", "Parent Relationship": "Outer", "Startup Cost": 63002.48, "Total Cost": 203464.29, "Plan Rows": 3296318, "Plan Width": 8, "Actual Min Startup Time": 0.138, "Actual Max Startup Time": 1960.093, "Actual Min Total Time": 180.674, "Actual Max Total Time": 2230.953, "Plans": [{"Node Type": "Hash Join", "Parent Relationship": "Outer", "Join Type": "Inner", "Startup Cost": 63002.48, "Total Cost": 137341.8, "Plan Rows": 3296318, "Plan Width": 8, "Actual Min Startup Time": 182.071, "Actual Max Startup Time": 853.631, "Actual Min Total Time": 234.011, "Actual Max Total Time": 857.861, "Inner Unique": true, "Hash Cond": "(ci.role_id = rt.id), (LLVM Optimized, Jit Execute)", "Plans": [{"Node Type": "Seq Scan", "Parent Relationship": "Outer", "Relation Name": "cast_info", "Alias": "ci", "Startup Cost": 0.0, "Total Cost": 72404.34, "Plan Rows": 36259494, "Plan Width": 12, "Actual Min Startup Time": 0.024, "Actual Max Startup Time": 0.051, "Actual Min Total Time": 127.795, "Actual Max Total Time": 160.686, "Actual Rows": 36244343}, {"Node Type": "Hash", "Parent Relationship": "Inner", "Startup Cost": 63002.47, "Total Cost": 63002.47, "Plan Rows": 64, "Plan Width": 4, "Actual Min Startup Time": 0.012, "Actual Max Startup Time": 143.659, "Actual Min Total Time": 0.012, "Actual Max Total Time": 143.659, "Max Hash Buckets": 32768, "Min Hash Buckets": 32768, "Max Hash Batches": 1, "Min Hash Batches": 1, "Max Original Hash Batches": 1, "Min Original Hash Batches": 1, "Max Peak Memory Usage": 1, "min Peak Memory Usage": 1, "Plans": [{"Node Type": "Streaming(type: BROADCAST dop: 64/1)", "Parent Relationship": "Outer", "Startup Cost": 0.0, "Total Cost": 63002.47, "Plan Rows": 64, "Plan Width": 4, "Actual Min Startup Time": 0.003, "Actual Max Startup Time": 143.502, "Actual Min Total Time": 0.004, "Actual Max Total Time": 143.504, "Plans": [{"Node Type": "Seq Scan", "Parent Relationship": "Outer", "Relation Name": "role_type", "Alias": "rt", "Startup Cost": 0.0, "Total Cost": 1.15, "Plan Rows": 1, "Plan Width": 4, "Actual Min Startup Time": 0.032, "Actual Max Startup Time": 0.032, "Actual Min Total Time": 0.035, "Actual Max Total Time": 0.035, "Filter": "((role)::text = 'costume designer'::text)", "Rows Removed by Filter": 11, "Actual Rows": 1}], "Actual Rows": 64}], "Actual Rows": 64}], "Actual Rows": 276403}], "Actual Rows": 276403}, {"Node Type": "Hash", "Parent Relationship": "Inner", "Startup Cost": 131401.97, "Total Cost": 131401.97, "Plan Rows": 4167490, "Plan Width": 4, "Actual Min Startup Time": 2832.083, "Actual Max Startup Time": 3184.027, "Actual Min Total Time": 2832.083, "Actual Max Total Time": 3184.027, "Max Hash Buckets": 65536, "Min Hash Buckets": 65536, "Max Hash Batches": 1, "Min Hash Batches": 1, "Max Original Hash Batches": 1, "Min Original Hash Batches": 1, "Max Peak Memory Usage": 2290, "min Peak Memory Usage": 2290, "Plans": [{"Node Type": "Streaming(type: LOCAL REDISTRIBUTE dop: 64/64)", "Parent Relationship": "Outer", "Startup Cost": 0.0, "Total Cost": 131401.97, "Plan Rows": 4167490, "Plan Width": 4, "Actual Min Startup Time": 0.114, "Actual Max Startup Time": 78.258, "Actual Min Total Time": 2574.787, "Actual Max Total Time": 3084.185, "Plans": [{"Node Type": "Seq Scan", "Parent Relationship": "Outer", "Relation Name": "name", "Alias": "n1", "Startup Cost": 0.0, "Total Cost": 64454.25, "Plan Rows": 4167490, "Plan Width": 4, "Actual Min Startup Time": 0.015, "Actual Max Startup Time": 0.039, "Actual Min Total Time": 23.019, "Actual Max Total Time": 147.987, "Actual Rows": 4167490}], "Actual Rows": 4167490}], "Actual Rows": 4167490}], "Actual Rows": 276403}], "Actual Rows": 276403}, {"Node Type": "Hash", "Parent Relationship": "Inner", "Startup Cost": 180697.47, "Total Cost": 180697.47, "Plan Rows": 1282311, "Plan Width": 25, "Actual Min Startup Time": 5314.139, "Actual Max Startup Time": 5314.139, "Actual Min Total Time": 5314.139, "Actual Max Total Time": 5314.139, "Max Hash Buckets": 2097152, "Min Hash Buckets": 2097152, "Max Hash Batches": 1, "Min Hash Batches": 1, "Max Original Hash Batches": 1, "Min Original Hash Batches": 1, "Max Peak Memory Usage": 68508, "min Peak Memory Usage": 68508, "Plans": [{"Node Type": "Hash Join", "Parent Relationship": "Outer", "Join Type": "Inner", "Startup Cost": 98641.07, "Total Cost": 180697.47, "Plan Rows": 1282311, "Plan Width": 25, "Actual Min Startup Time": 2644.933, "Actual Max Startup Time": 2644.933, "Actual Min Total Time": 4894.059, "Actual Max Total Time": 4894.059, "Inner Unique": true, "Hash Cond": "(mc.movie_id = t.id), (LLVM Optimized, Jit Execute)", "Plans": [{"Node Type": "Hash Join", "Parent Relationship": "Outer", "Join Type": "Inner", "Startup Cost": 6968.08, "Total Cost": 71392.69, "Plan Rows": 1282311, "Plan Width": 4, "Actual Min Startup Time": 113.013, "Actual Max Startup Time": 113.013, "Actual Min Total Time": 1520.132, "Actual Max Total Time": 1520.132, "Inner Unique": true, "Hash Cond": "(mc.company_id = cn.id), (LLVM Optimized, Jit Execute)", "Plans": [{"Node Type": "Seq Scan", "Parent Relationship": "Outer", "Relation Name": "movie_companies", "Alias": "mc", "Startup Cost": 0.0, "Total Cost": 41817.28, "Plan Rows": 2609128, "Plan Width": 8, "Actual Min Startup Time": 0.057, "Actual Max Startup Time": 0.057, "Actual Min Total Time": 596.011, "Actual Max Total Time": 596.011, "Actual Rows": 2609128}, {"Node Type": "Hash", "Parent Relationship": "Inner", "Startup Cost": 5903.45, "Total Cost": 5903.45, "Plan Rows": 85170, "Plan Width": 4, "Actual Min Startup Time": 112.82, "Actual Max Startup Time": 112.82, "Actual Min Total Time": 112.82, "Actual Max Total Time": 112.82, "Max Hash Buckets": 131072, "Min Hash Buckets": 131072, "Max Hash Batches": 1, "Min Hash Batches": 1, "Max Original Hash Batches": 1, "Min Original Hash Batches": 1, "Max Peak Memory Usage": 2983, "min Peak Memory Usage": 2983, "Plans": [{"Node Type": "Seq Scan", "Parent Relationship": "Outer", "Relation Name": "company_name", "Alias": "cn", "Startup Cost": 0.0, "Total Cost": 5903.45, "Plan Rows": 85170, "Plan Width": 4, "Actual Min Startup Time": 0.049, "Actual Max Startup Time": 0.049, "Actual Min Total Time": 89.918, "Actual Max Total Time": 89.918, "Filter": "((country_code)::text = '[us]'::text)", "Rows Removed by Filter": 150153, "Actual Rows": 84843}], "Actual Rows": 84843}], "Actual Rows": 1153797}, {"Node Type": "Hash", "Parent Relationship": "Inner", "Startup Cost": 60069.11, "Total Cost": 60069.11, "Plan Rows": 2528311, "Plan Width": 21, "Actual Min Startup Time": 2529.249, "Actual Max Startup Time": 2529.249, "Actual Min Total Time": 2529.249, "Actual Max Total Time": 2529.249, "Max Hash Buckets": 4194304, "Min Hash Buckets": 4194304, "Max Hash Batches": 1, "Min Hash Batches": 1, "Max Original Hash Batches": 1, "Min Original Hash Batches": 1, "Max Peak Memory Usage": 135869, "min Peak Memory Usage": 135869, "Plans": [{"Node Type": "Seq Scan", "Parent Relationship": "Outer", "Relation Name": "title", "Alias": "t", "Startup Cost": 0.0, "Total Cost": 60069.11, "Plan Rows": 2528311, "Plan Width": 21, "Actual Min Startup Time": 0.028, "Actual Max Startup Time": 0.028, "Actual Min Total Time": 1119.717, "Actual Max Total Time": 1119.717, "Actual Rows": 2528311}], "Actual Rows": 2528311}], "Actual Rows": 1153797}], "Actual Rows": 1153797}], "Actual Rows": 285537}], "Actual Rows": 285537}], "Actual Rows": 323005}], "Actual Rows": 1}, "Triggers": [], "Planner Runtime": 165.515, "Total Runtime": 6456.158, "Unique SQL Id": 2457761703}}, "(64, '73')": {"explain_plan": {"Plan": {"Node Type": "Aggregate", "Strategy": "Plain", "Startup Cost": 770846.96, "Total Cost": 770846.97, "Plan Rows": 1, "Plan Width": 97, "Plans": [{"Node Type": "Nested Loop", "Parent Relationship": "Outer", "Join Type": "Inner", "Startup Cost": 599201.04, "Total Cost": 769061.47, "Plan Rows": 357098, "Plan Width": 33, "Inner Unique": true, "Join Filter": "(an1.person_id = n1.id), (LLVM Optimized)", "Plans": [{"Node Type": "Merge Join", "Parent Relationship": "Outer", "Join Type": "Inner", "Startup Cost": 599201.04, "Total Cost": 667567.53, "Plan Rows": 357098, "Plan Width": 41, "Inner Unique": false, "Merge Cond": "(ci.person_id = an1.person_id)", "Plans": [{"Node Type": "Sort", "Parent Relationship": "Outer", "Startup Cost": 599200.97, "Total Cost": 600977.12, "Plan Rows": 710459, "Plan Width": 21, "Sort Key": ["ci.person_id"], "Plans": [{"Node Type": "Hash Join", "Parent Relationship": "Outer", "Join Type": "Inner", "Startup Cost": 329665.48, "Total Cost": 530150.07, "Plan Rows": 710459, "Plan Width": 21, "Inner Unique": false, "Hash Cond": "(ci.movie_id = t.id), (LLVM Optimized)", "Plans": [{"Node Type": "Nested Loop", "Parent Relationship": "Outer", "Join Type": "Inner", "Startup Cost": 0.0, "Total Cost": 171418.25, "Plan Rows": 3296318, "Plan Width": 8, "Inner Unique": false, "Plans": [{"Node Type": "Index Scan", "Parent Relationship": "Outer", "Scan Direction": "Forward", "Index Name": "role_type_pkey", "Relation Name": "role_type", "Alias": "rt", "Startup Cost": 0.0, "Total Cost": 12.46, "Plan Rows": 1, "Plan Width": 4, "Filter": "((role)::text = 'costume designer'::text)"}, {"Node Type": "Index Scan", "Parent Relationship": "Inner", "Scan Direction": "Forward", "Index Name": "role_id_cast_info", "Relation Name": "cast_info", "Alias": "ci", "Startup Cost": 0.0, "Total Cost": 138442.61, "Plan Rows": 3296318, "Plan Width": 12, "Index Cond": "(role_id = rt.id), (LLVM Optimized)"}]}, {"Node Type": "Hash", "Parent Relationship": "Inner", "Startup Cost": 313636.59, "Total Cost": 313636.59, "Plan Rows": 1282311, "Plan Width": 25, "Plans": [{"Node Type": "Hash Join", "Parent Relationship": "Outer", "Join Type": "Inner", "Startup Cost": 11568.59, "Total Cost": 313636.59, "Plan Rows": 1282311, "Plan Width": 25, "Inner Unique": true, "Hash Cond": "(mc.company_id = cn.id), (LLVM Optimized)", "Plans": [{"Node Type": "Merge Join", "Parent Relationship": "Outer", "Join Type": "Inner", "Startup Cost": 2.58, "Total Cost": 279463.24, "Plan Rows": 2609128, "Plan Width": 29, "Inner Unique": false, "Merge Cond": "(t.id = mc.movie_id)", "Plans": [{"Node Type": "Index Scan", "Parent Relationship": "Outer", "Scan Direction": "Forward", "Index Name": "title_pkey", "Relation Name": "title", "Alias": "t", "Startup Cost": 0.0, "Total Cost": 110120.49, "Plan Rows": 2528311, "Plan Width": 21}, {"Node Type": "Index Scan", "Parent Relationship": "Inner", "Scan Direction": "Forward", "Index Name": "movie_id_movie_companies", "Relation Name": "movie_companies", "Alias": "mc", "Startup Cost": 0.0, "Total Cost": 130519.46, "Plan Rows": 2609128, "Plan Width": 8}]}, {"Node Type": "Hash", "Parent Relationship": "Inner", "Startup Cost": 10501.39, "Total Cost": 10501.39, "Plan Rows": 85170, "Plan Width": 4, "Plans": [{"Node Type": "Index Scan", "Parent Relationship": "Outer", "Scan Direction": "Forward", "Index Name": "company_name_pkey", "Relation Name": "company_name", "Alias": "cn", "Startup Cost": 0.0, "Total Cost": 10501.39, "Plan Rows": 85170, "Plan Width": 4, "Filter": "((country_code)::text = '[us]'::text)"}]}]}]}]}]}, {"Node Type": "Index Scan", "Parent Relationship": "Inner", "Scan Direction": "Forward", "Index Name": "person_id_aka_name", "Relation Name": "aka_name", "Alias": "an1", "Startup Cost": 0.0, "Total Cost": 68965.03, "Plan Rows": 901342, "Plan Width": 20}]}, {"Node Type": "Index Only Scan", "Parent Relationship": "Inner", "Scan Direction": "Forward", "Index Name": "name_pkey", "Relation Name": "name", "Alias": "n1", "Startup Cost": 0.0, "Total Cost": 0.27, "Plan Rows": 1, "Plan Width": 4, "Index Cond": "(id = ci.person_id)"}]}]}, "Unique SQL Id": 2457761703, "Planner Runtime": 118}, "explain_analyze_plan": {"Plan": {"Node Type": "Aggregate", "Strategy": "Plain", "Startup Cost": 770846.96, "Total Cost": 770846.97, "Plan Rows": 1, "Plan Width": 97, "Actual Startup Time": 10774.333, "Actual Total Time": 10774.333, "Actual Rows": 1, "Actual Loops": 1, "Plans": [{"Node Type": "Nested Loop", "Parent Relationship": "Outer", "Join Type": "Inner", "Startup Cost": 599201.04, "Total Cost": 769061.47, "Plan Rows": 357098, "Plan Width": 33, "Actual Startup Time": 8623.925, "Actual Total Time": 10584.877, "Actual Rows": 323005, "Actual Loops": 1, "Inner Unique": true, "Join Filter": "(an1.person_id = n1.id), (LLVM Optimized, Jit Execute)", "Rows Removed by Join Filter": 0, "Plans": [{"Node Type": "Merge Join", "Parent Relationship": "Outer", "Join Type": "Inner", "Startup Cost": 599201.04, "Total Cost": 667567.53, "Plan Rows": 357098, "Plan Width": 41, "Actual Startup Time": 8623.894, "Actual Total Time": 9682.252, "Actual Rows": 323005, "Actual Loops": 1, "Inner Unique": false, "Merge Cond": "(ci.person_id = an1.person_id)", "Plans": [{"Node Type": "Sort", "Parent Relationship": "Outer", "Startup Cost": 599200.97, "Total Cost": 600977.12, "Plan Rows": 710459, "Plan Width": 21, "Actual Startup Time": 8623.792, "Actual Total Time": 8675.189, "Actual Rows": 285537, "Actual Loops": 1, "Sort Key": ["ci.person_id"], "Sort Method": "quicksort", "Sort Space Used": 39613, "Sort Space Type": "Memory", "Plans": [{"Node Type": "Hash Join", "Parent Relationship": "Outer", "Join Type": "Inner", "Startup Cost": 329665.48, "Total Cost": 530150.07, "Plan Rows": 710459, "Plan Width": 21, "Actual Startup Time": 8177.487, "Actual Total Time": 8538.569, "Actual Rows": 285537, "Actual Loops": 1, "Inner Unique": false, "Hash Cond": "(ci.movie_id = t.id), (LLVM Optimized, Jit Execute)", "Plans": [{"Node Type": "Nested Loop", "Parent Relationship": "Outer", "Join Type": "Inner", "Startup Cost": 0.0, "Total Cost": 171418.25, "Plan Rows": 3296318, "Plan Width": 8, "Actual Startup Time": 0.074, "Actual Total Time": 203.117, "Actual Rows": 276403, "Actual Loops": 1, "Inner Unique": false, "Plans": [{"Node Type": "Index Scan", "Parent Relationship": "Outer", "Scan Direction": "Forward", "Index Name": "role_type_pkey", "Relation Name": "role_type", "Alias": "rt", "Startup Cost": 0.0, "Total Cost": 12.46, "Plan Rows": 1, "Plan Width": 4, "Actual Startup Time": 0.031, "Actual Total Time": 0.084, "Actual Rows": 1, "Actual Loops": 1, "Filter": "((role)::text = 'costume designer'::text)", "Rows Removed by Filter": 11}, {"Node Type": "Index Scan", "Parent Relationship": "Inner", "Scan Direction": "Forward", "Index Name": "role_id_cast_info", "Relation Name": "cast_info", "Alias": "ci", "Startup Cost": 0.0, "Total Cost": 138442.61, "Plan Rows": 3296318, "Plan Width": 12, "Actual Startup Time": 0.038, "Actual Total Time": 148.999, "Actual Rows": 276403, "Actual Loops": 1, "Index Cond": "(role_id = rt.id), (LLVM Optimized, Jit Execute)", "Rows Removed by Index Recheck": 0}]}, {"Node Type": "Hash", "Parent Relationship": "Inner", "Startup Cost": 313636.59, "Total Cost": 313636.59, "Plan Rows": 1282311, "Plan Width": 25, "Actual Startup Time": 8175.967, "Actual Total Time": 8175.967, "Actual Rows": 1153797, "Actual Loops": 1, "Hash Buckets": 2097152, "Hash Batches": 1, "Original Hash Batches": 1, "Peak Memory Usage": 68508, "Plans": [{"Node Type": "Hash Join", "Parent Relationship": "Outer", "Join Type": "Inner", "Startup Cost": 11568.59, "Total Cost": 313636.59, "Plan Rows": 1282311, "Plan Width": 25, "Actual Startup Time": 344.235, "Actual Total Time": 7730.12, "Actual Rows": 1153797, "Actual Loops": 1, "Inner Unique": true, "Hash Cond": "(mc.company_id = cn.id), (LLVM Optimized, Jit Execute)", "Plans": [{"Node Type": "Merge Join", "Parent Relationship": "Outer", "Join Type": "Inner", "Startup Cost": 2.58, "Total Cost": 279463.24, "Plan Rows": 2609128, "Plan Width": 29, "Actual Startup Time": 0.059, "Actual Total Time": 6538.036, "Actual Rows": 2609128, "Actual Loops": 1, "Inner Unique": false, "Merge Cond": "(t.id = mc.movie_id)", "Plans": [{"Node Type": "Index Scan", "Parent Relationship": "Outer", "Scan Direction": "Forward", "Index Name": "title_pkey", "Relation Name": "title", "Alias": "t", "Startup Cost": 0.0, "Total Cost": 110120.49, "Plan Rows": 2528311, "Plan Width": 21, "Actual Startup Time": 0.024, "Actual Total Time": 3193.554, "Actual Rows": 2525745, "Actual Loops": 1}, {"Node Type": "Index Scan", "Parent Relationship": "Inner", "Scan Direction": "Forward", "Index Name": "movie_id_movie_companies", "Relation Name": "movie_companies", "Alias": "mc", "Startup Cost": 0.0, "Total Cost": 130519.46, "Plan Rows": 2609128, "Plan Width": 8, "Actual Startup Time": 0.022, "Actual Total Time": 1798.638, "Actual Rows": 2609128, "Actual Loops": 1}]}, {"Node Type": "Hash", "Parent Relationship": "Inner", "Startup Cost": 10501.39, "Total Cost": 10501.39, "Plan Rows": 85170, "Plan Width": 4, "Actual Startup Time": 344.07, "Actual Total Time": 344.07, "Actual Rows": 84843, "Actual Loops": 1, "Hash Buckets": 131072, "Hash Batches": 1, "Original Hash Batches": 1, "Peak Memory Usage": 2983, "Plans": [{"Node Type": "Index Scan", "Parent Relationship": "Outer", "Scan Direction": "Forward", "Index Name": "company_name_pkey", "Relation Name": "company_name", "Alias": "cn", "Startup Cost": 0.0, "Total Cost": 10501.39, "Plan Rows": 85170, "Plan Width": 4, "Actual Startup Time": 0.026, "Actual Total Time": 317.254, "Actual Rows": 84843, "Actual Loops": 1, "Filter": "((country_code)::text = '[us]'::text)", "Rows Removed by Filter": 150153}]}]}]}]}]}, {"Node Type": "Index Scan", "Parent Relationship": "Inner", "Scan Direction": "Forward", "Index Name": "person_id_aka_name", "Relation Name": "aka_name", "Alias": "an1", "Startup Cost": 0.0, "Total Cost": 68965.03, "Plan Rows": 901342, "Plan Width": 20, "Actual Startup Time": 0.055, "Actual Total Time": 744.592, "Actual Rows": 1003872, "Actual Loops": 1}]}, {"Node Type": "Index Only Scan", "Parent Relationship": "Inner", "Scan Direction": "Forward", "Index Name": "name_pkey", "Relation Name": "name", "Alias": "n1", "Startup Cost": 0.0, "Total Cost": 0.27, "Plan Rows": 1, "Plan Width": 4, "Actual Startup Time": 670.48, "Actual Total Time": 670.48, "Actual Rows": 323005, "Actual Loops": 323005, "Index Cond": "(id = ci.person_id)", "Rows Removed by Index Recheck": 0, "Heap Fetches": 0}]}]}, "Triggers": [], "Planner Runtime": 119.497, "Total Runtime": 10784.813, "Unique SQL Id": 2457761703}}, "(64, '74')": {"explain_plan": {"Plan": {"Node Type": "Aggregate", "Strategy": "Plain", "Startup Cost": 528738.29, "Total Cost": 528738.3, "Plan Rows": 1, "Plan Width": 97, "Plans": [{"Node Type": "Hash Join", "Parent Relationship": "Outer", "Join Type": "Inner", "Startup Cost": 336662.4, "Total Cost": 526952.8, "Plan Rows": 357098, "Plan Width": 33, "Inner Unique": true, "Hash Cond": "(mc.company_id = cn.id), (LLVM Optimized)", "Plans": [{"Node Type": "Hash Join", "Parent Relationship": "Outer", "Join Type": "Inner", "Startup Cost": 329694.33, "Total Cost": 513689.03, "Plan Rows": 726589, "Plan Width": 37, "Inner Unique": false, "Hash Cond": "(ci.movie_id = t.id), (LLVM Optimized)", "Plans": [{"Node Type": "Streaming(type: LOCAL GATHER dop: 1/64)", "Parent Relationship": "Outer", "Startup Cost": 254738.78, "Total Cost": 417857.9, "Plan Rows": 1484588, "Plan Width": 20, "Plans": [{"Node Type": "Hash Join", "Parent Relationship": "Outer", "Join Type": "Inner", "Startup Cost": 254738.78, "Total Cost": 387231.02, "Plan Rows": 1484588, "Plan Width": 20, "Inner Unique": false, "Hash Cond": "(an1.person_id = ci.person_id), (LLVM Optimized)", "Plans": [{"Node Type": "Streaming(type: LOCAL REDISTRIBUTE dop: 64/1)", "Parent Relationship": "Outer", "Startup Cost": 202522.7, "Total Cost": 334446.0, "Plan Rows": 901342, "Plan Width": 24, "Plans": [{"Node Type": "Hash Join", "Parent Relationship": "Outer", "Join Type": "Inner", "Startup Cost": 202522.7, "Total Cost": 234824.58, "Plan Rows": 901342, "Plan Width": 24, "Inner Unique": true, "Hash Cond": "(an1.person_id = n1.id), (LLVM Optimized)", "Plans": [{"Node Type": "Seq Scan", "Parent Relationship": "Outer", "Relation Name": "aka_name", "Alias": "an1", "Startup Cost": 0.0, "Total Cost": 19908.42, "Plan Rows": 901342, "Plan Width": 20}, {"Node Type": "Hash", "Parent Relationship": "Inner", "Startup Cost": 150429.08, "Total Cost": 150429.08, "Plan Rows": 4167490, "Plan Width": 4, "Plans": [{"Node Type": "Streaming(type: LOCAL GATHER dop: 1/64)", "Parent Relationship": "Outer", "Startup Cost": 0.0, "Total Cost": 150429.08, "Plan Rows": 4167490, "Plan Width": 4, "Plans": [{"Node Type": "Seq Scan", "Parent Relationship": "Outer", "Relation Name": "name", "Alias": "n1", "Startup Cost": 0.0, "Total Cost": 64454.25, "Plan Rows": 4167490, "Plan Width": 4}]}]}]}]}, {"Node Type": "Hash", "Parent Relationship": "Inner", "Startup Cost": 203464.29, "Total Cost": 203464.29, "Plan Rows": 3296318, "Plan Width": 8, "Plans": [{"Node Type": "Streaming(type: LOCAL REDISTRIBUTE dop: 64/64)", "Parent Relationship": "Outer", "Startup Cost": 63002.48, "Total Cost": 203464.29, "Plan Rows": 3296318, "Plan Width": 8, "Plans": [{"Node Type": "Hash Join", "Parent Relationship": "Outer", "Join Type": "Inner", "Startup Cost": 63002.48, "Total Cost": 137341.8, "Plan Rows": 3296318, "Plan Width": 8, "Inner Unique": true, "Hash Cond": "(ci.role_id = rt.id), (LLVM Optimized)", "Plans": [{"Node Type": "Seq Scan", "Parent Relationship": "Outer", "Relation Name": "cast_info", "Alias": "ci", "Startup Cost": 0.0, "Total Cost": 72404.34, "Plan Rows": 36259494, "Plan Width": 12}, {"Node Type": "Hash", "Parent Relationship": "Inner", "Startup Cost": 63002.47, "Total Cost": 63002.47, "Plan Rows": 64, "Plan Width": 4, "Plans": [{"Node Type": "Streaming(type: BROADCAST dop: 64/1)", "Parent Relationship": "Outer", "Startup Cost": 0.0, "Total Cost": 63002.47, "Plan Rows": 64, "Plan Width": 4, "Plans": [{"Node Type": "Seq Scan", "Parent Relationship": "Outer", "Relation Name": "role_type", "Alias": "rt", "Startup Cost": 0.0, "Total Cost": 1.15, "Plan Rows": 1, "Plan Width": 4, "Filter": "((role)::text = 'costume designer'::text)"}]}]}]}]}]}]}]}, {"Node Type": "Hash", "Parent Relationship": "Inner", "Startup Cost": 169365.79, "Total Cost": 169365.79, "Plan Rows": 2609128, "Plan Width": 29, "Plans": [{"Node Type": "Hash Join", "Parent Relationship": "Outer", "Join Type": "Inner", "Startup Cost": 91673.0, "Total Cost": 169365.79, "Plan Rows": 2609128, "Plan Width": 29, "Inner Unique": true, "Hash Cond": "(mc.movie_id = t.id), (LLVM Optimized)", "Plans": [{"Node Type": "Seq Scan", "Parent Relationship": "Outer", "Relation Name": "movie_companies", "Alias": "mc", "Startup Cost": 0.0, "Total Cost": 41817.28, "Plan Rows": 2609128, "Plan Width": 8}, {"Node Type": "Hash", "Parent Relationship": "Inner", "Startup Cost": 60069.11, "Total Cost": 60069.11, "Plan Rows": 2528311, "Plan Width": 21, "Plans": [{"Node Type": "Seq Scan", "Parent Relationship": "Outer", "Relation Name": "title", "Alias": "t", "Startup Cost": 0.0, "Total Cost": 60069.11, "Plan Rows": 2528311, "Plan Width": 21}]}]}]}]}, {"Node Type": "Hash", "Parent Relationship": "Inner", "Startup Cost": 5903.45, "Total Cost": 5903.45, "Plan Rows": 85170, "Plan Width": 4, "Plans": [{"Node Type": "Seq Scan", "Parent Relationship": "Outer", "Relation Name": "company_name", "Alias": "cn", "Startup Cost": 0.0, "Total Cost": 5903.45, "Plan Rows": 85170, "Plan Width": 4, "Filter": "((country_code)::text = '[us]'::text)"}]}]}]}, "Unique SQL Id": 2457761703, "Planner Runtime": 185}, "explain_analyze_plan": {"Plan": {"Node Type": "Aggregate", "Strategy": "Plain", "Startup Cost": 528738.29, "Total Cost": 528738.3, "Plan Rows": 1, "Plan Width": 97, "Actual Min Startup Time": 6856.27, "Actual Max Startup Time": 6856.27, "Actual Min Total Time": 6856.271, "Actual Max Total Time": 6856.271, "Plans": [{"Node Type": "Hash Join", "Parent Relationship": "Outer", "Join Type": "Inner", "Startup Cost": 336662.4, "Total Cost": 526952.8, "Plan Rows": 357098, "Plan Width": 33, "Actual Min Startup Time": 5249.401, "Actual Max Startup Time": 5249.401, "Actual Min Total Time": 6705.964, "Actual Max Total Time": 6705.964, "Inner Unique": true, "Hash Cond": "(mc.company_id = cn.id), (LLVM Optimized, Jit Execute)", "Plans": [{"Node Type": "Hash Join", "Parent Relationship": "Outer", "Join Type": "Inner", "Startup Cost": 329694.33, "Total Cost": 513689.03, "Plan Rows": 726589, "Plan Width": 37, "Actual Min Startup Time": 5130.68, "Actual Max Startup Time": 5130.68, "Actual Min Total Time": 6388.767, "Actual Max Total Time": 6388.767, "Inner Unique": false, "Hash Cond": "(ci.movie_id = t.id), (LLVM Optimized, Jit Execute)", "Plans": [{"Node Type": "Streaming(type: LOCAL GATHER dop: 1/64)", "Parent Relationship": "Outer", "Startup Cost": 254738.78, "Total Cost": 417857.9, "Plan Rows": 1484588, "Plan Width": 20, "Actual Min Startup Time": 0.186, "Actual Max Startup Time": 0.186, "Actual Min Total Time": 983.556, "Actual Max Total Time": 983.556, "Plans": [{"Node Type": "Hash Join", "Parent Relationship": "Outer", "Join Type": "Inner", "Startup Cost": 254738.78, "Total Cost": 387231.02, "Plan Rows": 1484588, "Plan Width": 20, "Actual Min Startup Time": 2904.02, "Actual Max Startup Time": 5001.056, "Actual Min Total Time": 4507.096, "Actual Max Total Time": 6552.353, "Inner Unique": false, "Hash Cond": "(an1.person_id = ci.person_id), (LLVM Optimized, Jit Execute)", "Plans": [{"Node Type": "Streaming(type: LOCAL REDISTRIBUTE dop: 64/1)", "Parent Relationship": "Outer", "Startup Cost": 202522.7, "Total Cost": 334446.0, "Plan Rows": 901342, "Plan Width": 24, "Actual Min Startup Time": 2648.309, "Actual Max Startup Time": 2658.987, "Actual Min Total Time": 4210.018, "Actual Max Total Time": 5937.182, "Plans": [{"Node Type": "Hash Join", "Parent Relationship": "Outer", "Join Type": "Inner", "Startup Cost": 202522.7, "Total Cost": 234824.58, "Plan Rows": 901342, "Plan Width": 24, "Actual Min Startup Time": 2900.815, "Actual Max Startup Time": 2900.815, "Actual Min Total Time": 3642.451, "Actual Max Total Time": 3642.451, "Inner Unique": true, "Hash Cond": "(an1.person_id = n1.id), (LLVM Optimized, Jit Execute)", "Plans": [{"Node Type": "Seq Scan", "Parent Relationship": "Outer", "Relation Name": "aka_name", "Alias": "an1", "Startup Cost": 0.0, "Total Cost": 19908.42, "Plan Rows": 901342, "Plan Width": 20, "Actual Min Startup Time": 0.033, "Actual Max Startup Time": 0.033, "Actual Min Total Time": 226.164, "Actual Max Total Time": 226.164, "Actual Rows": 901342}, {"Node Type": "Hash", "Parent Relationship": "Inner", "Startup Cost": 150429.08, "Total Cost": 150429.08, "Plan Rows": 4167490, "Plan Width": 4, "Actual Min Startup Time": 2898.206, "Actual Max Startup Time": 2898.206, "Actual Min Total Time": 2898.206, "Actual Max Total Time": 2898.206, "Max Hash Buckets": 4194304, "Min Hash Buckets": 4194304, "Max Hash Batches": 1, "Min Hash Batches": 1, "Max Original Hash Batches": 1, "Min Original Hash Batches": 1, "Max Peak Memory Usage": 146514, "min Peak Memory Usage": 146514, "Plans": [{"Node Type": "Streaming(type: LOCAL GATHER dop: 1/64)", "Parent Relationship": "Outer", "Startup Cost": 0.0, "Total Cost": 150429.08, "Plan Rows": 4167490, "Plan Width": 4, "Actual Min Startup Time": 0.152, "Actual Max Startup Time": 0.152, "Actual Min Total Time": 1744.697, "Actual Max Total Time": 1744.697, "Plans": [{"Node Type": "Seq Scan", "Parent Relationship": "Outer", "Relation Name": "name", "Alias": "n1", "Startup Cost": 0.0, "Total Cost": 64454.25, "Plan Rows": 4167490, "Plan Width": 4, "Actual Min Startup Time": 0.018, "Actual Max Startup Time": 0.044, "Actual Min Total Time": 18.96, "Actual Max Total Time": 23.576, "Actual Rows": 4167490}], "Actual Rows": 4167490}], "Actual Rows": 4167490}], "Actual Rows": 901342}], "Actual Rows": 901342}, {"Node Type": "Hash", "Parent Relationship": "Inner", "Startup Cost": 203464.29, "Total Cost": 203464.29, "Plan Rows": 3296318, "Plan Width": 8, "Actual Min Startup Time": 251.014, "Actual Max Startup Time": 617.726, "Actual Min Total Time": 251.014, "Actual Max Total Time": 617.726, "Max Hash Buckets": 65536, "Min Hash Buckets": 65536, "Max Hash Batches": 1, "Min Hash Batches": 1, "Max Original Hash Batches": 1, "Min Original Hash Batches": 1, "Max Peak Memory Usage": 153, "min Peak Memory Usage": 153, "Plans": [{"Node Type": "Streaming(type: LOCAL REDISTRIBUTE dop: 64/64)", "Parent Relationship": "Outer", "Startup Cost": 63002.48, "Total Cost": 203464.29, "Plan Rows": 3296318, "Plan Width": 8, "Actual Min Startup Time": 0.126, "Actual Max Startup Time": 331.621, "Actual Min Total Time": 250.064, "Actual Max Total Time": 616.635, "Plans": [{"Node Type": "Hash Join", "Parent Relationship": "Outer", "Join Type": "Inner", "Startup Cost": 63002.48, "Total Cost": 137341.8, "Plan Rows": 3296318, "Plan Width": 8, "Actual Min Startup Time": 184.436, "Actual Max Startup Time": 286.242, "Actual Min Total Time": 231.359, "Actual Max Total Time": 286.242, "Inner Unique": true, "Hash Cond": "(ci.role_id = rt.id), (LLVM Optimized, Jit Execute)", "Plans": [{"Node Type": "Seq Scan", "Parent Relationship": "Outer", "Relation Name": "cast_info", "Alias": "ci", "Startup Cost": 0.0, "Total Cost": 72404.34, "Plan Rows": 36259494, "Plan Width": 12, "Actual Min Startup Time": 0.027, "Actual Max Startup Time": 0.061, "Actual Min Total Time": 127.977, "Actual Max Total Time": 141.649, "Actual Rows": 36244343}, {"Node Type": "Hash", "Parent Relationship": "Inner", "Startup Cost": 63002.47, "Total Cost": 63002.47, "Plan Rows": 64, "Plan Width": 4, "Actual Min Startup Time": 0.012, "Actual Max Startup Time": 54.189, "Actual Min Total Time": 0.012, "Actual Max Total Time": 54.189, "Max Hash Buckets": 32768, "Min Hash Buckets": 32768, "Max Hash Batches": 1, "Min Hash Batches": 1, "Max Original Hash Batches": 1, "Min Original Hash Batches": 1, "Max Peak Memory Usage": 1, "min Peak Memory Usage": 1, "Plans": [{"Node Type": "Streaming(type: BROADCAST dop: 64/1)", "Parent Relationship": "Outer", "Startup Cost": 0.0, "Total Cost": 63002.47, "Plan Rows": 64, "Plan Width": 4, "Actual Min Startup Time": 0.003, "Actual Max Startup Time": 54.169, "Actual Min Total Time": 0.004, "Actual Max Total Time": 54.17, "Plans": [{"Node Type": "Seq Scan", "Parent Relationship": "Outer", "Relation Name": "role_type", "Alias": "rt", "Startup Cost": 0.0, "Total Cost": 1.15, "Plan Rows": 1, "Plan Width": 4, "Actual Min Startup Time": 0.026, "Actual Max Startup Time": 0.026, "Actual Min Total Time": 0.03, "Actual Max Total Time": 0.03, "Filter": "((role)::text = 'costume designer'::text)", "Rows Removed by Filter": 11, "Actual Rows": 1}], "Actual Rows": 64}], "Actual Rows": 64}], "Actual Rows": 276403}], "Actual Rows": 276403}], "Actual Rows": 276403}], "Actual Rows": 218966}], "Actual Rows": 218966}, {"Node Type": "Hash", "Parent Relationship": "Inner", "Startup Cost": 169365.79, "Total Cost": 169365.79, "Plan Rows": 2609128, "Plan Width": 29, "Actual Min Startup Time": 5122.871, "Actual Max Startup Time": 5122.871, "Actual Min Total Time": 5122.871, "Actual Max Total Time": 5122.871, "Max Hash Buckets": 4194304, "Min Hash Buckets": 4194304, "Max Hash Batches": 1, "Min Hash Batches": 1, "Max Original Hash Batches": 1, "Min Original Hash Batches": 1, "Max Peak Memory Usage": 164769, "min Peak Memory Usage": 164769, "Plans": [{"Node Type": "Hash Join", "Parent Relationship": "Outer", "Join Type": "Inner", "Startup Cost": 91673.0, "Total Cost": 169365.79, "Plan Rows": 2609128, "Plan Width": 29, "Actual Min Startup Time": 1876.312, "Actual Max Startup Time": 1876.312, "Actual Min Total Time": 4112.233, "Actual Max Total Time": 4112.233, "Inner Unique": true, "Hash Cond": "(mc.movie_id = t.id), (LLVM Optimized, Jit Execute)", "Plans": [{"Node Type": "Seq Scan", "Parent Relationship": "Outer", "Relation Name": "movie_companies", "Alias": "mc", "Startup Cost": 0.0, "Total Cost": 41817.28, "Plan Rows": 2609128, "Plan Width": 8, "Actual Min Startup Time": 0.034, "Actual Max Startup Time": 0.034, "Actual Min Total Time": 589.387, "Actual Max Total Time": 589.387, "Actual Rows": 2609128}, {"Node Type": "Hash", "Parent Relationship": "Inner", "Startup Cost": 60069.11, "Total Cost": 60069.11, "Plan Rows": 2528311, "Plan Width": 21, "Actual Min Startup Time": 1873.717, "Actual Max Startup Time": 1873.717, "Actual Min Total Time": 1873.717, "Actual Max Total Time": 1873.717, "Max Hash Buckets": 4194304, "Min Hash Buckets": 4194304, "Max Hash Batches": 1, "Min Hash Batches": 1, "Max Original Hash Batches": 1, "Min Original Hash Batches": 1, "Max Peak Memory Usage": 135869, "min Peak Memory Usage": 135869, "Plans": [{"Node Type": "Seq Scan", "Parent Relationship": "Outer", "Relation Name": "title", "Alias": "t", "Startup Cost": 0.0, "Total Cost": 60069.11, "Plan Rows": 2528311, "Plan Width": 21, "Actual Min Startup Time": 0.031, "Actual Max Startup Time": 0.031, "Actual Min Total Time": 853.163, "Actual Max Total Time": 853.163, "Actual Rows": 2528311}], "Actual Rows": 2528311}], "Actual Rows": 2609128}], "Actual Rows": 2609128}], "Actual Rows": 752819}, {"Node Type": "Hash", "Parent Relationship": "Inner", "Startup Cost": 5903.45, "Total Cost": 5903.45, "Plan Rows": 85170, "Plan Width": 4, "Actual Min Startup Time": 118.572, "Actual Max Startup Time": 118.572, "Actual Min Total Time": 118.572, "Actual Max Total Time": 118.572, "Max Hash Buckets": 131072, "Min Hash Buckets": 131072, "Max Hash Batches": 1, "Min Hash Batches": 1, "Max Original Hash Batches": 1, "Min Original Hash Batches": 1, "Max Peak Memory Usage": 2983, "min Peak Memory Usage": 2983, "Plans": [{"Node Type": "Seq Scan", "Parent Relationship": "Outer", "Relation Name": "company_name", "Alias": "cn", "Startup Cost": 0.0, "Total Cost": 5903.45, "Plan Rows": 85170, "Plan Width": 4, "Actual Min Startup Time": 0.062, "Actual Max Startup Time": 0.062, "Actual Min Total Time": 96.64, "Actual Max Total Time": 96.64, "Filter": "((country_code)::text = '[us]'::text)", "Rows Removed by Filter": 150153, "Actual Rows": 84843}], "Actual Rows": 84843}], "Actual Rows": 323005}], "Actual Rows": 1}, "Triggers": [], "Planner Runtime": 175.338, "Total Runtime": 6911.384, "Unique SQL Id": 2457761703}}, "(64, '75')": {"explain_plan": {"Plan": {"Node Type": "Aggregate", "Strategy": "Plain", "Startup Cost": 6720943715063.29, "Total Cost": 6720943715063.3, "Plan Rows": 1, "Plan Width": 97, "Plans": [{"Node Type": "Hash Join", "Parent Relationship": "Outer", "Join Type": "Inner", "Startup Cost": 4029125744837.46, "Total Cost": 6720943713277.8, "Plan Rows": 357098, "Plan Width": 33, "Inner Unique": false, "Hash Cond": "(ci.movie_id = t.id), (LLVM Optimized)", "Plans": [{"Node Type": "Hash Join", "Parent Relationship": "Outer", "Join Type": "Inner", "Startup Cost": 1030049898442.37, "Total Cost": 3721867853791.89, "Plan Rows": 1484588, "Plan Width": 20, "Inner Unique": true, "Hash Cond": "(ci.role_id = rt.id), (LLVM Optimized)", "Plans": [{"Node Type": "Merge Join", "Parent Relationship": "Outer", "Join Type": "Inner", "Startup Cost": 30049897196.36, "Total Cost": 2721867796771.75, "Plan Rows": 16330470, "Plan Width": 24, "Inner Unique": false, "Merge Cond": "(an1.person_id = ci.person_id)", "Plans": [{"Node Type": "Merge Join", "Parent Relationship": "Outer", "Join Type": "Inner", "Startup Cost": 20030754356.47, "Total Cost": 2000002534968.85, "Plan Rows": 901342, "Plan Width": 24, "Inner Unique": true, "Merge Cond": "(an1.person_id = n1.id)", "Plans": [{"Node Type": "Index Scan", "Parent Relationship": "Outer", "Scan Direction": "Forward", "Index Name": "person_id_aka_name", "Relation Name": "aka_name", "Alias": "an1", "Startup Cost": 10000000000.0, "Total Cost": 1000006896503.43, "Plan Rows": 901342, "Plan Width": 20}, {"Node Type": "Index Only Scan", "Parent Relationship": "Inner", "Scan Direction": "Forward", "Index Name": "name_pkey", "Relation Name": "name", "Alias": "n1", "Startup Cost": 10000000000.0, "Total Cost": 1000012483260.0, "Plan Rows": 4167490, "Plan Width": 4}]}, {"Node Type": "Index Scan", "Parent Relationship": "Inner", "Scan Direction": "Forward", "Index Name": "person_id_cast_info", "Relation Name": "cast_info", "Alias": "ci", "Startup Cost": 10000000000.0, "Total Cost": 1000170648833.21, "Plan Rows": 36259494, "Plan Width": 12}]}, {"Node Type": "Hash", "Parent Relationship": "Inner", "Startup Cost": 1000000001246.0, "Total Cost": 1000000001246.0, "Plan Rows": 1, "Plan Width": 4, "Plans": [{"Node Type": "Index Scan", "Parent Relationship": "Outer", "Scan Direction": "Forward", "Index Name": "role_type_pkey", "Relation Name": "role_type", "Alias": "rt", "Startup Cost": 10000000000.0, "Total Cost": 1000000001246.0, "Plan Rows": 1, "Plan Width": 4, "Filter": "((role)::text = 'costume designer'::text)"}]}]}, {"Node Type": "Hash", "Parent Relationship": "Inner", "Startup Cost": 2999075830366.2, "Total Cost": 2999075830366.2, "Plan Rows": 1282311, "Plan Width": 25, "Plans": [{"Node Type": "Merge Join", "Parent Relationship": "Outer", "Join Type": "Inner", "Startup Cost": 2010035495066.48, "Total Cost": 2999075830366.2, "Plan Rows": 1282311, "Plan Width": 25, "Inner Unique": true, "Merge Cond": "(mc.movie_id = t.id)", "Plans": [{"Node Type": "Sort", "Parent Relationship": "Outer", "Startup Cost": 2000013567140.28, "Total Cost": 2000013570346.05, "Plan Rows": 1282311, "Plan Width": 4, "Sort Key": ["mc.movie_id"], "Plans": [{"Node Type": "Merge Join", "Parent Relationship": "Outer", "Join Type": "Inner", "Startup Cost": 45724640147.62, "Total Cost": 2000013437047.81, "Plan Rows": 1282311, "Plan Width": 4, "Inner Unique": false, "Merge Cond": "(cn.id = mc.company_id)", "Plans": [{"Node Type": "Index Scan", "Parent Relationship": "Outer", "Scan Direction": "Forward", "Index Name": "company_name_pkey", "Relation Name": "company_name", "Alias": "cn", "Startup Cost": 10000000000.0, "Total Cost": 1000001050138.97, "Plan Rows": 85170, "Plan Width": 4, "Filter": "((country_code)::text = '[us]'::text)"}, {"Node Type": "Index Scan", "Parent Relationship": "Inner", "Scan Direction": "Forward", "Index Name": "company_id_movie_companies", "Relation Name": "movie_companies", "Alias": "mc", "Startup Cost": 10000000000.0, "Total Cost": 1000012367349.98, "Plan Rows": 2609128, "Plan Width": 8}]}]}, {"Node Type": "Index Scan", "Parent Relationship": "Inner", "Scan Direction": "Forward", "Index Name": "title_pkey", "Relation Name": "title", "Alias": "t", "Startup Cost": 10000000000.0, "Total Cost": 1000011012048.91, "Plan Rows": 2528311, "Plan Width": 21}]}]}]}]}, "Unique SQL Id": 2457761703, "Planner Runtime": 150}, "explain_analyze_plan": null}, "(64, '76')": {"explain_plan": {"Plan": {"Node Type": "Aggregate", "Strategy": "Plain", "Startup Cost": 528738.29, "Total Cost": 528738.3, "Plan Rows": 1, "Plan Width": 97, "Plans": [{"Node Type": "Hash Join", "Parent Relationship": "Outer", "Join Type": "Inner", "Startup Cost": 336662.4, "Total Cost": 526952.8, "Plan Rows": 357098, "Plan Width": 33, "Inner Unique": true, "Hash Cond": "(mc.company_id = cn.id), (LLVM Optimized)", "Plans": [{"Node Type": "Hash Join", "Parent Relationship": "Outer", "Join Type": "Inner", "Startup Cost": 329694.33, "Total Cost": 513689.03, "Plan Rows": 726589, "Plan Width": 37, "Inner Unique": false, "Hash Cond": "(ci.movie_id = t.id), (LLVM Optimized)", "Plans": [{"Node Type": "Streaming(type: LOCAL GATHER dop: 1/64)", "Parent Relationship": "Outer", "Startup Cost": 254738.78, "Total Cost": 417857.9, "Plan Rows": 1484588, "Plan Width": 20, "Plans": [{"Node Type": "Hash Join", "Parent Relationship": "Outer", "Join Type": "Inner", "Startup Cost": 254738.78, "Total Cost": 387231.02, "Plan Rows": 1484588, "Plan Width": 20, "Inner Unique": false, "Hash Cond": "(an1.person_id = ci.person_id), (LLVM Optimized)", "Plans": [{"Node Type": "Streaming(type: LOCAL REDISTRIBUTE dop: 64/1)", "Parent Relationship": "Outer", "Startup Cost": 202522.7, "Total Cost": 334446.0, "Plan Rows": 901342, "Plan Width": 24, "Plans": [{"Node Type": "Hash Join", "Parent Relationship": "Outer", "Join Type": "Inner", "Startup Cost": 202522.7, "Total Cost": 234824.58, "Plan Rows": 901342, "Plan Width": 24, "Inner Unique": true, "Hash Cond": "(an1.person_id = n1.id), (LLVM Optimized)", "Plans": [{"Node Type": "Seq Scan", "Parent Relationship": "Outer", "Relation Name": "aka_name", "Alias": "an1", "Startup Cost": 0.0, "Total Cost": 19908.42, "Plan Rows": 901342, "Plan Width": 20}, {"Node Type": "Hash", "Parent Relationship": "Inner", "Startup Cost": 150429.08, "Total Cost": 150429.08, "Plan Rows": 4167490, "Plan Width": 4, "Plans": [{"Node Type": "Streaming(type: LOCAL GATHER dop: 1/64)", "Parent Relationship": "Outer", "Startup Cost": 0.0, "Total Cost": 150429.08, "Plan Rows": 4167490, "Plan Width": 4, "Plans": [{"Node Type": "Seq Scan", "Parent Relationship": "Outer", "Relation Name": "name", "Alias": "n1", "Startup Cost": 0.0, "Total Cost": 64454.25, "Plan Rows": 4167490, "Plan Width": 4}]}]}]}]}, {"Node Type": "Hash", "Parent Relationship": "Inner", "Startup Cost": 203464.29, "Total Cost": 203464.29, "Plan Rows": 3296318, "Plan Width": 8, "Plans": [{"Node Type": "Streaming(type: LOCAL REDISTRIBUTE dop: 64/64)", "Parent Relationship": "Outer", "Startup Cost": 63002.48, "Total Cost": 203464.29, "Plan Rows": 3296318, "Plan Width": 8, "Plans": [{"Node Type": "Hash Join", "Parent Relationship": "Outer", "Join Type": "Inner", "Startup Cost": 63002.48, "Total Cost": 137341.8, "Plan Rows": 3296318, "Plan Width": 8, "Inner Unique": true, "Hash Cond": "(ci.role_id = rt.id), (LLVM Optimized)", "Plans": [{"Node Type": "Seq Scan", "Parent Relationship": "Outer", "Relation Name": "cast_info", "Alias": "ci", "Startup Cost": 0.0, "Total Cost": 72404.34, "Plan Rows": 36259494, "Plan Width": 12}, {"Node Type": "Hash", "Parent Relationship": "Inner", "Startup Cost": 63002.47, "Total Cost": 63002.47, "Plan Rows": 64, "Plan Width": 4, "Plans": [{"Node Type": "Streaming(type: BROADCAST dop: 64/1)", "Parent Relationship": "Outer", "Startup Cost": 0.0, "Total Cost": 63002.47, "Plan Rows": 64, "Plan Width": 4, "Plans": [{"Node Type": "Seq Scan", "Parent Relationship": "Outer", "Relation Name": "role_type", "Alias": "rt", "Startup Cost": 0.0, "Total Cost": 1.15, "Plan Rows": 1, "Plan Width": 4, "Filter": "((role)::text = 'costume designer'::text)"}]}]}]}]}]}]}]}, {"Node Type": "Hash", "Parent Relationship": "Inner", "Startup Cost": 169365.79, "Total Cost": 169365.79, "Plan Rows": 2609128, "Plan Width": 29, "Plans": [{"Node Type": "Hash Join", "Parent Relationship": "Outer", "Join Type": "Inner", "Startup Cost": 91673.0, "Total Cost": 169365.79, "Plan Rows": 2609128, "Plan Width": 29, "Inner Unique": true, "Hash Cond": "(mc.movie_id = t.id), (LLVM Optimized)", "Plans": [{"Node Type": "Seq Scan", "Parent Relationship": "Outer", "Relation Name": "movie_companies", "Alias": "mc", "Startup Cost": 0.0, "Total Cost": 41817.28, "Plan Rows": 2609128, "Plan Width": 8}, {"Node Type": "Hash", "Parent Relationship": "Inner", "Startup Cost": 60069.11, "Total Cost": 60069.11, "Plan Rows": 2528311, "Plan Width": 21, "Plans": [{"Node Type": "Seq Scan", "Parent Relationship": "Outer", "Relation Name": "title", "Alias": "t", "Startup Cost": 0.0, "Total Cost": 60069.11, "Plan Rows": 2528311, "Plan Width": 21}]}]}]}]}, {"Node Type": "Hash", "Parent Relationship": "Inner", "Startup Cost": 5903.45, "Total Cost": 5903.45, "Plan Rows": 85170, "Plan Width": 4, "Plans": [{"Node Type": "Seq Scan", "Parent Relationship": "Outer", "Relation Name": "company_name", "Alias": "cn", "Startup Cost": 0.0, "Total Cost": 5903.45, "Plan Rows": 85170, "Plan Width": 4, "Filter": "((country_code)::text = '[us]'::text)"}]}]}]}, "Unique SQL Id": 2457761703, "Planner Runtime": 164}, "explain_analyze_plan": {"Plan": {"Node Type": "Aggregate", "Strategy": "Plain", "Startup Cost": 528738.29, "Total Cost": 528738.3, "Plan Rows": 1, "Plan Width": 97, "Actual Min Startup Time": 6856.27, "Actual Max Startup Time": 6856.27, "Actual Min Total Time": 6856.271, "Actual Max Total Time": 6856.271, "Plans": [{"Node Type": "Hash Join", "Parent Relationship": "Outer", "Join Type": "Inner", "Startup Cost": 336662.4, "Total Cost": 526952.8, "Plan Rows": 357098, "Plan Width": 33, "Actual Min Startup Time": 5249.401, "Actual Max Startup Time": 5249.401, "Actual Min Total Time": 6705.964, "Actual Max Total Time": 6705.964, "Inner Unique": true, "Hash Cond": "(mc.company_id = cn.id), (LLVM Optimized, Jit Execute)", "Plans": [{"Node Type": "Hash Join", "Parent Relationship": "Outer", "Join Type": "Inner", "Startup Cost": 329694.33, "Total Cost": 513689.03, "Plan Rows": 726589, "Plan Width": 37, "Actual Min Startup Time": 5130.68, "Actual Max Startup Time": 5130.68, "Actual Min Total Time": 6388.767, "Actual Max Total Time": 6388.767, "Inner Unique": false, "Hash Cond": "(ci.movie_id = t.id), (LLVM Optimized, Jit Execute)", "Plans": [{"Node Type": "Streaming(type: LOCAL GATHER dop: 1/64)", "Parent Relationship": "Outer", "Startup Cost": 254738.78, "Total Cost": 417857.9, "Plan Rows": 1484588, "Plan Width": 20, "Actual Min Startup Time": 0.186, "Actual Max Startup Time": 0.186, "Actual Min Total Time": 983.556, "Actual Max Total Time": 983.556, "Plans": [{"Node Type": "Hash Join", "Parent Relationship": "Outer", "Join Type": "Inner", "Startup Cost": 254738.78, "Total Cost": 387231.02, "Plan Rows": 1484588, "Plan Width": 20, "Actual Min Startup Time": 2904.02, "Actual Max Startup Time": 5001.056, "Actual Min Total Time": 4507.096, "Actual Max Total Time": 6552.353, "Inner Unique": false, "Hash Cond": "(an1.person_id = ci.person_id), (LLVM Optimized, Jit Execute)", "Plans": [{"Node Type": "Streaming(type: LOCAL REDISTRIBUTE dop: 64/1)", "Parent Relationship": "Outer", "Startup Cost": 202522.7, "Total Cost": 334446.0, "Plan Rows": 901342, "Plan Width": 24, "Actual Min Startup Time": 2648.309, "Actual Max Startup Time": 2658.987, "Actual Min Total Time": 4210.018, "Actual Max Total Time": 5937.182, "Plans": [{"Node Type": "Hash Join", "Parent Relationship": "Outer", "Join Type": "Inner", "Startup Cost": 202522.7, "Total Cost": 234824.58, "Plan Rows": 901342, "Plan Width": 24, "Actual Min Startup Time": 2900.815, "Actual Max Startup Time": 2900.815, "Actual Min Total Time": 3642.451, "Actual Max Total Time": 3642.451, "Inner Unique": true, "Hash Cond": "(an1.person_id = n1.id), (LLVM Optimized, Jit Execute)", "Plans": [{"Node Type": "Seq Scan", "Parent Relationship": "Outer", "Relation Name": "aka_name", "Alias": "an1", "Startup Cost": 0.0, "Total Cost": 19908.42, "Plan Rows": 901342, "Plan Width": 20, "Actual Min Startup Time": 0.033, "Actual Max Startup Time": 0.033, "Actual Min Total Time": 226.164, "Actual Max Total Time": 226.164, "Actual Rows": 901342}, {"Node Type": "Hash", "Parent Relationship": "Inner", "Startup Cost": 150429.08, "Total Cost": 150429.08, "Plan Rows": 4167490, "Plan Width": 4, "Actual Min Startup Time": 2898.206, "Actual Max Startup Time": 2898.206, "Actual Min Total Time": 2898.206, "Actual Max Total Time": 2898.206, "Max Hash Buckets": 4194304, "Min Hash Buckets": 4194304, "Max Hash Batches": 1, "Min Hash Batches": 1, "Max Original Hash Batches": 1, "Min Original Hash Batches": 1, "Max Peak Memory Usage": 146514, "min Peak Memory Usage": 146514, "Plans": [{"Node Type": "Streaming(type: LOCAL GATHER dop: 1/64)", "Parent Relationship": "Outer", "Startup Cost": 0.0, "Total Cost": 150429.08, "Plan Rows": 4167490, "Plan Width": 4, "Actual Min Startup Time": 0.152, "Actual Max Startup Time": 0.152, "Actual Min Total Time": 1744.697, "Actual Max Total Time": 1744.697, "Plans": [{"Node Type": "Seq Scan", "Parent Relationship": "Outer", "Relation Name": "name", "Alias": "n1", "Startup Cost": 0.0, "Total Cost": 64454.25, "Plan Rows": 4167490, "Plan Width": 4, "Actual Min Startup Time": 0.018, "Actual Max Startup Time": 0.044, "Actual Min Total Time": 18.96, "Actual Max Total Time": 23.576, "Actual Rows": 4167490}], "Actual Rows": 4167490}], "Actual Rows": 4167490}], "Actual Rows": 901342}], "Actual Rows": 901342}, {"Node Type": "Hash", "Parent Relationship": "Inner", "Startup Cost": 203464.29, "Total Cost": 203464.29, "Plan Rows": 3296318, "Plan Width": 8, "Actual Min Startup Time": 251.014, "Actual Max Startup Time": 617.726, "Actual Min Total Time": 251.014, "Actual Max Total Time": 617.726, "Max Hash Buckets": 65536, "Min Hash Buckets": 65536, "Max Hash Batches": 1, "Min Hash Batches": 1, "Max Original Hash Batches": 1, "Min Original Hash Batches": 1, "Max Peak Memory Usage": 153, "min Peak Memory Usage": 153, "Plans": [{"Node Type": "Streaming(type: LOCAL REDISTRIBUTE dop: 64/64)", "Parent Relationship": "Outer", "Startup Cost": 63002.48, "Total Cost": 203464.29, "Plan Rows": 3296318, "Plan Width": 8, "Actual Min Startup Time": 0.126, "Actual Max Startup Time": 331.621, "Actual Min Total Time": 250.064, "Actual Max Total Time": 616.635, "Plans": [{"Node Type": "Hash Join", "Parent Relationship": "Outer", "Join Type": "Inner", "Startup Cost": 63002.48, "Total Cost": 137341.8, "Plan Rows": 3296318, "Plan Width": 8, "Actual Min Startup Time": 184.436, "Actual Max Startup Time": 286.242, "Actual Min Total Time": 231.359, "Actual Max Total Time": 286.242, "Inner Unique": true, "Hash Cond": "(ci.role_id = rt.id), (LLVM Optimized, Jit Execute)", "Plans": [{"Node Type": "Seq Scan", "Parent Relationship": "Outer", "Relation Name": "cast_info", "Alias": "ci", "Startup Cost": 0.0, "Total Cost": 72404.34, "Plan Rows": 36259494, "Plan Width": 12, "Actual Min Startup Time": 0.027, "Actual Max Startup Time": 0.061, "Actual Min Total Time": 127.977, "Actual Max Total Time": 141.649, "Actual Rows": 36244343}, {"Node Type": "Hash", "Parent Relationship": "Inner", "Startup Cost": 63002.47, "Total Cost": 63002.47, "Plan Rows": 64, "Plan Width": 4, "Actual Min Startup Time": 0.012, "Actual Max Startup Time": 54.189, "Actual Min Total Time": 0.012, "Actual Max Total Time": 54.189, "Max Hash Buckets": 32768, "Min Hash Buckets": 32768, "Max Hash Batches": 1, "Min Hash Batches": 1, "Max Original Hash Batches": 1, "Min Original Hash Batches": 1, "Max Peak Memory Usage": 1, "min Peak Memory Usage": 1, "Plans": [{"Node Type": "Streaming(type: BROADCAST dop: 64/1)", "Parent Relationship": "Outer", "Startup Cost": 0.0, "Total Cost": 63002.47, "Plan Rows": 64, "Plan Width": 4, "Actual Min Startup Time": 0.003, "Actual Max Startup Time": 54.169, "Actual Min Total Time": 0.004, "Actual Max Total Time": 54.17, "Plans": [{"Node Type": "Seq Scan", "Parent Relationship": "Outer", "Relation Name": "role_type", "Alias": "rt", "Startup Cost": 0.0, "Total Cost": 1.15, "Plan Rows": 1, "Plan Width": 4, "Actual Min Startup Time": 0.026, "Actual Max Startup Time": 0.026, "Actual Min Total Time": 0.03, "Actual Max Total Time": 0.03, "Filter": "((role)::text = 'costume designer'::text)", "Rows Removed by Filter": 11, "Actual Rows": 1}], "Actual Rows": 64}], "Actual Rows": 64}], "Actual Rows": 276403}], "Actual Rows": 276403}], "Actual Rows": 276403}], "Actual Rows": 218966}], "Actual Rows": 218966}, {"Node Type": "Hash", "Parent Relationship": "Inner", "Startup Cost": 169365.79, "Total Cost": 169365.79, "Plan Rows": 2609128, "Plan Width": 29, "Actual Min Startup Time": 5122.871, "Actual Max Startup Time": 5122.871, "Actual Min Total Time": 5122.871, "Actual Max Total Time": 5122.871, "Max Hash Buckets": 4194304, "Min Hash Buckets": 4194304, "Max Hash Batches": 1, "Min Hash Batches": 1, "Max Original Hash Batches": 1, "Min Original Hash Batches": 1, "Max Peak Memory Usage": 164769, "min Peak Memory Usage": 164769, "Plans": [{"Node Type": "Hash Join", "Parent Relationship": "Outer", "Join Type": "Inner", "Startup Cost": 91673.0, "Total Cost": 169365.79, "Plan Rows": 2609128, "Plan Width": 29, "Actual Min Startup Time": 1876.312, "Actual Max Startup Time": 1876.312, "Actual Min Total Time": 4112.233, "Actual Max Total Time": 4112.233, "Inner Unique": true, "Hash Cond": "(mc.movie_id = t.id), (LLVM Optimized, Jit Execute)", "Plans": [{"Node Type": "Seq Scan", "Parent Relationship": "Outer", "Relation Name": "movie_companies", "Alias": "mc", "Startup Cost": 0.0, "Total Cost": 41817.28, "Plan Rows": 2609128, "Plan Width": 8, "Actual Min Startup Time": 0.034, "Actual Max Startup Time": 0.034, "Actual Min Total Time": 589.387, "Actual Max Total Time": 589.387, "Actual Rows": 2609128}, {"Node Type": "Hash", "Parent Relationship": "Inner", "Startup Cost": 60069.11, "Total Cost": 60069.11, "Plan Rows": 2528311, "Plan Width": 21, "Actual Min Startup Time": 1873.717, "Actual Max Startup Time": 1873.717, "Actual Min Total Time": 1873.717, "Actual Max Total Time": 1873.717, "Max Hash Buckets": 4194304, "Min Hash Buckets": 4194304, "Max Hash Batches": 1, "Min Hash Batches": 1, "Max Original Hash Batches": 1, "Min Original Hash Batches": 1, "Max Peak Memory Usage": 135869, "min Peak Memory Usage": 135869, "Plans": [{"Node Type": "Seq Scan", "Parent Relationship": "Outer", "Relation Name": "title", "Alias": "t", "Startup Cost": 0.0, "Total Cost": 60069.11, "Plan Rows": 2528311, "Plan Width": 21, "Actual Min Startup Time": 0.031, "Actual Max Startup Time": 0.031, "Actual Min Total Time": 853.163, "Actual Max Total Time": 853.163, "Actual Rows": 2528311}], "Actual Rows": 2528311}], "Actual Rows": 2609128}], "Actual Rows": 2609128}], "Actual Rows": 752819}, {"Node Type": "Hash", "Parent Relationship": "Inner", "Startup Cost": 5903.45, "Total Cost": 5903.45, "Plan Rows": 85170, "Plan Width": 4, "Actual Min Startup Time": 118.572, "Actual Max Startup Time": 118.572, "Actual Min Total Time": 118.572, "Actual Max Total Time": 118.572, "Max Hash Buckets": 131072, "Min Hash Buckets": 131072, "Max Hash Batches": 1, "Min Hash Batches": 1, "Max Original Hash Batches": 1, "Min Original Hash Batches": 1, "Max Peak Memory Usage": 2983, "min Peak Memory Usage": 2983, "Plans": [{"Node Type": "Seq Scan", "Parent Relationship": "Outer", "Relation Name": "company_name", "Alias": "cn", "Startup Cost": 0.0, "Total Cost": 5903.45, "Plan Rows": 85170, "Plan Width": 4, "Actual Min Startup Time": 0.062, "Actual Max Startup Time": 0.062, "Actual Min Total Time": 96.64, "Actual Max Total Time": 96.64, "Filter": "((country_code)::text = '[us]'::text)", "Rows Removed by Filter": 150153, "Actual Rows": 84843}], "Actual Rows": 84843}], "Actual Rows": 323005}], "Actual Rows": 1}, "Triggers": [], "Planner Runtime": 175.338, "Total Runtime": 6911.384, "Unique SQL Id": 2457761703}}, "(64, '77')": {"explain_plan": {"Plan": {"Node Type": "Aggregate", "Strategy": "Plain", "Startup Cost": 772871.67, "Total Cost": 772871.68, "Plan Rows": 1, "Plan Width": 97, "Plans": [{"Node Type": "Nested Loop", "Parent Relationship": "Outer", "Join Type": "Inner", "Startup Cost": 599201.04, "Total Cost": 771086.18, "Plan Rows": 357098, "Plan Width": 33, "Inner Unique": true, "Join Filter": "(an1.person_id = n1.id), (LLVM Optimized)", "Plans": [{"Node Type": "Merge Join", "Parent Relationship": "Outer", "Join Type": "Inner", "Startup Cost": 599201.04, "Total Cost": 667567.53, "Plan Rows": 357098, "Plan Width": 41, "Inner Unique": false, "Merge Cond": "(ci.person_id = an1.person_id)", "Plans": [{"Node Type": "Sort", "Parent Relationship": "Outer", "Startup Cost": 599200.97, "Total Cost": 600977.12, "Plan Rows": 710459, "Plan Width": 21, "Sort Key": ["ci.person_id"], "Plans": [{"Node Type": "Hash Join", "Parent Relationship": "Outer", "Join Type": "Inner", "Startup Cost": 329665.48, "Total Cost": 530150.07, "Plan Rows": 710459, "Plan Width": 21, "Inner Unique": false, "Hash Cond": "(ci.movie_id = t.id), (LLVM Optimized)", "Plans": [{"Node Type": "Nested Loop", "Parent Relationship": "Outer", "Join Type": "Inner", "Startup Cost": 0.0, "Total Cost": 171418.25, "Plan Rows": 3296318, "Plan Width": 8, "Inner Unique": false, "Plans": [{"Node Type": "Index Scan", "Parent Relationship": "Outer", "Scan Direction": "Forward", "Index Name": "role_type_pkey", "Relation Name": "role_type", "Alias": "rt", "Startup Cost": 0.0, "Total Cost": 12.46, "Plan Rows": 1, "Plan Width": 4, "Filter": "((role)::text = 'costume designer'::text)"}, {"Node Type": "Index Scan", "Parent Relationship": "Inner", "Scan Direction": "Forward", "Index Name": "role_id_cast_info", "Relation Name": "cast_info", "Alias": "ci", "Startup Cost": 0.0, "Total Cost": 138442.61, "Plan Rows": 3296318, "Plan Width": 12, "Index Cond": "(role_id = rt.id), (LLVM Optimized)"}]}, {"Node Type": "Hash", "Parent Relationship": "Inner", "Startup Cost": 313636.59, "Total Cost": 313636.59, "Plan Rows": 1282311, "Plan Width": 25, "Plans": [{"Node Type": "Hash Join", "Parent Relationship": "Outer", "Join Type": "Inner", "Startup Cost": 11568.59, "Total Cost": 313636.59, "Plan Rows": 1282311, "Plan Width": 25, "Inner Unique": true, "Hash Cond": "(mc.company_id = cn.id), (LLVM Optimized)", "Plans": [{"Node Type": "Merge Join", "Parent Relationship": "Outer", "Join Type": "Inner", "Startup Cost": 2.58, "Total Cost": 279463.24, "Plan Rows": 2609128, "Plan Width": 29, "Inner Unique": false, "Merge Cond": "(t.id = mc.movie_id)", "Plans": [{"Node Type": "Index Scan", "Parent Relationship": "Outer", "Scan Direction": "Forward", "Index Name": "title_pkey", "Relation Name": "title", "Alias": "t", "Startup Cost": 0.0, "Total Cost": 110120.49, "Plan Rows": 2528311, "Plan Width": 21}, {"Node Type": "Index Scan", "Parent Relationship": "Inner", "Scan Direction": "Forward", "Index Name": "movie_id_movie_companies", "Relation Name": "movie_companies", "Alias": "mc", "Startup Cost": 0.0, "Total Cost": 130519.46, "Plan Rows": 2609128, "Plan Width": 8}]}, {"Node Type": "Hash", "Parent Relationship": "Inner", "Startup Cost": 10501.39, "Total Cost": 10501.39, "Plan Rows": 85170, "Plan Width": 4, "Plans": [{"Node Type": "Index Scan", "Parent Relationship": "Outer", "Scan Direction": "Forward", "Index Name": "company_name_pkey", "Relation Name": "company_name", "Alias": "cn", "Startup Cost": 0.0, "Total Cost": 10501.39, "Plan Rows": 85170, "Plan Width": 4, "Filter": "((country_code)::text = '[us]'::text)"}]}]}]}]}]}, {"Node Type": "Index Scan", "Parent Relationship": "Inner", "Scan Direction": "Forward", "Index Name": "person_id_aka_name", "Relation Name": "aka_name", "Alias": "an1", "Startup Cost": 0.0, "Total Cost": 68965.03, "Plan Rows": 901342, "Plan Width": 20}]}, {"Node Type": "Index Scan", "Parent Relationship": "Inner", "Scan Direction": "Forward", "Index Name": "name_pkey", "Relation Name": "name", "Alias": "n1", "Startup Cost": 0.0, "Total Cost": 0.28, "Plan Rows": 1, "Plan Width": 4, "Index Cond": "(id = ci.person_id)"}]}]}, "Unique SQL Id": 2457761703, "Planner Runtime": 114}, "explain_analyze_plan": {"Plan": {"Node Type": "Aggregate", "Strategy": "Plain", "Startup Cost": 772871.67, "Total Cost": 772871.68, "Plan Rows": 1, "Plan Width": 97, "Actual Startup Time": 10889.59, "Actual Total Time": 10889.59, "Actual Rows": 1, "Actual Loops": 1, "Plans": [{"Node Type": "Nested Loop", "Parent Relationship": "Outer", "Join Type": "Inner", "Startup Cost": 599201.04, "Total Cost": 771086.18, "Plan Rows": 357098, "Plan Width": 33, "Actual Startup Time": 8568.001, "Actual Total Time": 10700.116, "Actual Rows": 323005, "Actual Loops": 1, "Inner Unique": true, "Join Filter": "(an1.person_id = n1.id), (LLVM Optimized, Jit Execute)", "Rows Removed by Join Filter": 0, "Plans": [{"Node Type": "Merge Join", "Parent Relationship": "Outer", "Join Type": "Inner", "Startup Cost": 599201.04, "Total Cost": 667567.53, "Plan Rows": 357098, "Plan Width": 41, "Actual Startup Time": 8567.967, "Actual Total Time": 9608.939, "Actual Rows": 323005, "Actual Loops": 1, "Inner Unique": false, "Merge Cond": "(ci.person_id = an1.person_id)", "Plans": [{"Node Type": "Sort", "Parent Relationship": "Outer", "Startup Cost": 599200.97, "Total Cost": 600977.12, "Plan Rows": 710459, "Plan Width": 21, "Actual Startup Time": 8567.868, "Actual Total Time": 8613.595, "Actual Rows": 285537, "Actual Loops": 1, "Sort Key": ["ci.person_id"], "Sort Method": "quicksort", "Sort Space Used": 39613, "Sort Space Type": "Memory", "Plans": [{"Node Type": "Hash Join", "Parent Relationship": "Outer", "Join Type": "Inner", "Startup Cost": 329665.48, "Total Cost": 530150.07, "Plan Rows": 710459, "Plan Width": 21, "Actual Startup Time": 8118.67, "Actual Total Time": 8481.675, "Actual Rows": 285537, "Actual Loops": 1, "Inner Unique": false, "Hash Cond": "(ci.movie_id = t.id), (LLVM Optimized, Jit Execute)", "Plans": [{"Node Type": "Nested Loop", "Parent Relationship": "Outer", "Join Type": "Inner", "Startup Cost": 0.0, "Total Cost": 171418.25, "Plan Rows": 3296318, "Plan Width": 8, "Actual Startup Time": 0.074, "Actual Total Time": 201.362, "Actual Rows": 276403, "Actual Loops": 1, "Inner Unique": false, "Plans": [{"Node Type": "Index Scan", "Parent Relationship": "Outer", "Scan Direction": "Forward", "Index Name": "role_type_pkey", "Relation Name": "role_type", "Alias": "rt", "Startup Cost": 0.0, "Total Cost": 12.46, "Plan Rows": 1, "Plan Width": 4, "Actual Startup Time": 0.03, "Actual Total Time": 0.045, "Actual Rows": 1, "Actual Loops": 1, "Filter": "((role)::text = 'costume designer'::text)", "Rows Removed by Filter": 11}, {"Node Type": "Index Scan", "Parent Relationship": "Inner", "Scan Direction": "Forward", "Index Name": "role_id_cast_info", "Relation Name": "cast_info", "Alias": "ci", "Startup Cost": 0.0, "Total Cost": 138442.61, "Plan Rows": 3296318, "Plan Width": 12, "Actual Startup Time": 0.04, "Actual Total Time": 147.913, "Actual Rows": 276403, "Actual Loops": 1, "Index Cond": "(role_id = rt.id), (LLVM Optimized, Jit Execute)", "Rows Removed by Index Recheck": 0}]}, {"Node Type": "Hash", "Parent Relationship": "Inner", "Startup Cost": 313636.59, "Total Cost": 313636.59, "Plan Rows": 1282311, "Plan Width": 25, "Actual Startup Time": 8117.198, "Actual Total Time": 8117.198, "Actual Rows": 1153797, "Actual Loops": 1, "Hash Buckets": 2097152, "Hash Batches": 1, "Original Hash Batches": 1, "Peak Memory Usage": 68508, "Plans": [{"Node Type": "Hash Join", "Parent Relationship": "Outer", "Join Type": "Inner", "Startup Cost": 11568.59, "Total Cost": 313636.59, "Plan Rows": 1282311, "Plan Width": 25, "Actual Startup Time": 339.775, "Actual Total Time": 7669.209, "Actual Rows": 1153797, "Actual Loops": 1, "Inner Unique": true, "Hash Cond": "(mc.company_id = cn.id), (LLVM Optimized, Jit Execute)", "Plans": [{"Node Type": "Merge Join", "Parent Relationship": "Outer", "Join Type": "Inner", "Startup Cost": 2.58, "Total Cost": 279463.24, "Plan Rows": 2609128, "Plan Width": 29, "Actual Startup Time": 0.055, "Actual Total Time": 6495.806, "Actual Rows": 2609128, "Actual Loops": 1, "Inner Unique": false, "Merge Cond": "(t.id = mc.movie_id)", "Plans": [{"Node Type": "Index Scan", "Parent Relationship": "Outer", "Scan Direction": "Forward", "Index Name": "title_pkey", "Relation Name": "title", "Alias": "t", "Startup Cost": 0.0, "Total Cost": 110120.49, "Plan Rows": 2528311, "Plan Width": 21, "Actual Startup Time": 0.023, "Actual Total Time": 3170.139, "Actual Rows": 2525745, "Actual Loops": 1}, {"Node Type": "Index Scan", "Parent Relationship": "Inner", "Scan Direction": "Forward", "Index Name": "movie_id_movie_companies", "Relation Name": "movie_companies", "Alias": "mc", "Startup Cost": 0.0, "Total Cost": 130519.46, "Plan Rows": 2609128, "Plan Width": 8, "Actual Startup Time": 0.021, "Actual Total Time": 1800.628, "Actual Rows": 2609128, "Actual Loops": 1}]}, {"Node Type": "Hash", "Parent Relationship": "Inner", "Startup Cost": 10501.39, "Total Cost": 10501.39, "Plan Rows": 85170, "Plan Width": 4, "Actual Startup Time": 339.612, "Actual Total Time": 339.612, "Actual Rows": 84843, "Actual Loops": 1, "Hash Buckets": 131072, "Hash Batches": 1, "Original Hash Batches": 1, "Peak Memory Usage": 2983, "Plans": [{"Node Type": "Index Scan", "Parent Relationship": "Outer", "Scan Direction": "Forward", "Index Name": "company_name_pkey", "Relation Name": "company_name", "Alias": "cn", "Startup Cost": 0.0, "Total Cost": 10501.39, "Plan Rows": 85170, "Plan Width": 4, "Actual Startup Time": 0.026, "Actual Total Time": 313.635, "Actual Rows": 84843, "Actual Loops": 1, "Filter": "((country_code)::text = '[us]'::text)", "Rows Removed by Filter": 150153}]}]}]}]}]}, {"Node Type": "Index Scan", "Parent Relationship": "Inner", "Scan Direction": "Forward", "Index Name": "person_id_aka_name", "Relation Name": "aka_name", "Alias": "an1", "Startup Cost": 0.0, "Total Cost": 68965.03, "Plan Rows": 901342, "Plan Width": 20, "Actual Startup Time": 0.051, "Actual Total Time": 735.393, "Actual Rows": 1003872, "Actual Loops": 1}]}, {"Node Type": "Index Scan", "Parent Relationship": "Inner", "Scan Direction": "Forward", "Index Name": "name_pkey", "Relation Name": "name", "Alias": "n1", "Startup Cost": 0.0, "Total Cost": 0.28, "Plan Rows": 1, "Plan Width": 4, "Actual Startup Time": 835.51, "Actual Total Time": 835.51, "Actual Rows": 323005, "Actual Loops": 323005, "Index Cond": "(id = ci.person_id)", "Rows Removed by Index Recheck": 0}]}]}, "Triggers": [], "Planner Runtime": 115.481, "Total Runtime": 10899.963, "Unique SQL Id": 2457761703}}, "(64, '78')": {"explain_plan": {"Plan": {"Node Type": "Aggregate", "Strategy": "Plain", "Startup Cost": 528738.29, "Total Cost": 528738.3, "Plan Rows": 1, "Plan Width": 97, "Plans": [{"Node Type": "Hash Join", "Parent Relationship": "Outer", "Join Type": "Inner", "Startup Cost": 336662.4, "Total Cost": 526952.8, "Plan Rows": 357098, "Plan Width": 33, "Inner Unique": true, "Hash Cond": "(mc.company_id = cn.id), (LLVM Optimized)", "Plans": [{"Node Type": "Hash Join", "Parent Relationship": "Outer", "Join Type": "Inner", "Startup Cost": 329694.33, "Total Cost": 513689.03, "Plan Rows": 726589, "Plan Width": 37, "Inner Unique": false, "Hash Cond": "(ci.movie_id = t.id), (LLVM Optimized)", "Plans": [{"Node Type": "Streaming(type: LOCAL GATHER dop: 1/64)", "Parent Relationship": "Outer", "Startup Cost": 254738.78, "Total Cost": 417857.9, "Plan Rows": 1484588, "Plan Width": 20, "Plans": [{"Node Type": "Hash Join", "Parent Relationship": "Outer", "Join Type": "Inner", "Startup Cost": 254738.78, "Total Cost": 387231.02, "Plan Rows": 1484588, "Plan Width": 20, "Inner Unique": false, "Hash Cond": "(an1.person_id = ci.person_id), (LLVM Optimized)", "Plans": [{"Node Type": "Streaming(type: LOCAL REDISTRIBUTE dop: 64/1)", "Parent Relationship": "Outer", "Startup Cost": 202522.7, "Total Cost": 334446.0, "Plan Rows": 901342, "Plan Width": 24, "Plans": [{"Node Type": "Hash Join", "Parent Relationship": "Outer", "Join Type": "Inner", "Startup Cost": 202522.7, "Total Cost": 234824.58, "Plan Rows": 901342, "Plan Width": 24, "Inner Unique": true, "Hash Cond": "(an1.person_id = n1.id), (LLVM Optimized)", "Plans": [{"Node Type": "Seq Scan", "Parent Relationship": "Outer", "Relation Name": "aka_name", "Alias": "an1", "Startup Cost": 0.0, "Total Cost": 19908.42, "Plan Rows": 901342, "Plan Width": 20}, {"Node Type": "Hash", "Parent Relationship": "Inner", "Startup Cost": 150429.08, "Total Cost": 150429.08, "Plan Rows": 4167490, "Plan Width": 4, "Plans": [{"Node Type": "Streaming(type: LOCAL GATHER dop: 1/64)", "Parent Relationship": "Outer", "Startup Cost": 0.0, "Total Cost": 150429.08, "Plan Rows": 4167490, "Plan Width": 4, "Plans": [{"Node Type": "Seq Scan", "Parent Relationship": "Outer", "Relation Name": "name", "Alias": "n1", "Startup Cost": 0.0, "Total Cost": 64454.25, "Plan Rows": 4167490, "Plan Width": 4}]}]}]}]}, {"Node Type": "Hash", "Parent Relationship": "Inner", "Startup Cost": 203464.29, "Total Cost": 203464.29, "Plan Rows": 3296318, "Plan Width": 8, "Plans": [{"Node Type": "Streaming(type: LOCAL REDISTRIBUTE dop: 64/64)", "Parent Relationship": "Outer", "Startup Cost": 63002.48, "Total Cost": 203464.29, "Plan Rows": 3296318, "Plan Width": 8, "Plans": [{"Node Type": "Hash Join", "Parent Relationship": "Outer", "Join Type": "Inner", "Startup Cost": 63002.48, "Total Cost": 137341.8, "Plan Rows": 3296318, "Plan Width": 8, "Inner Unique": true, "Hash Cond": "(ci.role_id = rt.id), (LLVM Optimized)", "Plans": [{"Node Type": "Seq Scan", "Parent Relationship": "Outer", "Relation Name": "cast_info", "Alias": "ci", "Startup Cost": 0.0, "Total Cost": 72404.34, "Plan Rows": 36259494, "Plan Width": 12}, {"Node Type": "Hash", "Parent Relationship": "Inner", "Startup Cost": 63002.47, "Total Cost": 63002.47, "Plan Rows": 64, "Plan Width": 4, "Plans": [{"Node Type": "Streaming(type: BROADCAST dop: 64/1)", "Parent Relationship": "Outer", "Startup Cost": 0.0, "Total Cost": 63002.47, "Plan Rows": 64, "Plan Width": 4, "Plans": [{"Node Type": "Seq Scan", "Parent Relationship": "Outer", "Relation Name": "role_type", "Alias": "rt", "Startup Cost": 0.0, "Total Cost": 1.15, "Plan Rows": 1, "Plan Width": 4, "Filter": "((role)::text = 'costume designer'::text)"}]}]}]}]}]}]}]}, {"Node Type": "Hash", "Parent Relationship": "Inner", "Startup Cost": 169365.79, "Total Cost": 169365.79, "Plan Rows": 2609128, "Plan Width": 29, "Plans": [{"Node Type": "Hash Join", "Parent Relationship": "Outer", "Join Type": "Inner", "Startup Cost": 91673.0, "Total Cost": 169365.79, "Plan Rows": 2609128, "Plan Width": 29, "Inner Unique": true, "Hash Cond": "(mc.movie_id = t.id), (LLVM Optimized)", "Plans": [{"Node Type": "Seq Scan", "Parent Relationship": "Outer", "Relation Name": "movie_companies", "Alias": "mc", "Startup Cost": 0.0, "Total Cost": 41817.28, "Plan Rows": 2609128, "Plan Width": 8}, {"Node Type": "Hash", "Parent Relationship": "Inner", "Startup Cost": 60069.11, "Total Cost": 60069.11, "Plan Rows": 2528311, "Plan Width": 21, "Plans": [{"Node Type": "Seq Scan", "Parent Relationship": "Outer", "Relation Name": "title", "Alias": "t", "Startup Cost": 0.0, "Total Cost": 60069.11, "Plan Rows": 2528311, "Plan Width": 21}]}]}]}]}, {"Node Type": "Hash", "Parent Relationship": "Inner", "Startup Cost": 5903.45, "Total Cost": 5903.45, "Plan Rows": 85170, "Plan Width": 4, "Plans": [{"Node Type": "Seq Scan", "Parent Relationship": "Outer", "Relation Name": "company_name", "Alias": "cn", "Startup Cost": 0.0, "Total Cost": 5903.45, "Plan Rows": 85170, "Plan Width": 4, "Filter": "((country_code)::text = '[us]'::text)"}]}]}]}, "Unique SQL Id": 2457761703, "Planner Runtime": 183}, "explain_analyze_plan": {"Plan": {"Node Type": "Aggregate", "Strategy": "Plain", "Startup Cost": 528738.29, "Total Cost": 528738.3, "Plan Rows": 1, "Plan Width": 97, "Actual Min Startup Time": 6856.27, "Actual Max Startup Time": 6856.27, "Actual Min Total Time": 6856.271, "Actual Max Total Time": 6856.271, "Plans": [{"Node Type": "Hash Join", "Parent Relationship": "Outer", "Join Type": "Inner", "Startup Cost": 336662.4, "Total Cost": 526952.8, "Plan Rows": 357098, "Plan Width": 33, "Actual Min Startup Time": 5249.401, "Actual Max Startup Time": 5249.401, "Actual Min Total Time": 6705.964, "Actual Max Total Time": 6705.964, "Inner Unique": true, "Hash Cond": "(mc.company_id = cn.id), (LLVM Optimized, Jit Execute)", "Plans": [{"Node Type": "Hash Join", "Parent Relationship": "Outer", "Join Type": "Inner", "Startup Cost": 329694.33, "Total Cost": 513689.03, "Plan Rows": 726589, "Plan Width": 37, "Actual Min Startup Time": 5130.68, "Actual Max Startup Time": 5130.68, "Actual Min Total Time": 6388.767, "Actual Max Total Time": 6388.767, "Inner Unique": false, "Hash Cond": "(ci.movie_id = t.id), (LLVM Optimized, Jit Execute)", "Plans": [{"Node Type": "Streaming(type: LOCAL GATHER dop: 1/64)", "Parent Relationship": "Outer", "Startup Cost": 254738.78, "Total Cost": 417857.9, "Plan Rows": 1484588, "Plan Width": 20, "Actual Min Startup Time": 0.186, "Actual Max Startup Time": 0.186, "Actual Min Total Time": 983.556, "Actual Max Total Time": 983.556, "Plans": [{"Node Type": "Hash Join", "Parent Relationship": "Outer", "Join Type": "Inner", "Startup Cost": 254738.78, "Total Cost": 387231.02, "Plan Rows": 1484588, "Plan Width": 20, "Actual Min Startup Time": 2904.02, "Actual Max Startup Time": 5001.056, "Actual Min Total Time": 4507.096, "Actual Max Total Time": 6552.353, "Inner Unique": false, "Hash Cond": "(an1.person_id = ci.person_id), (LLVM Optimized, Jit Execute)", "Plans": [{"Node Type": "Streaming(type: LOCAL REDISTRIBUTE dop: 64/1)", "Parent Relationship": "Outer", "Startup Cost": 202522.7, "Total Cost": 334446.0, "Plan Rows": 901342, "Plan Width": 24, "Actual Min Startup Time": 2648.309, "Actual Max Startup Time": 2658.987, "Actual Min Total Time": 4210.018, "Actual Max Total Time": 5937.182, "Plans": [{"Node Type": "Hash Join", "Parent Relationship": "Outer", "Join Type": "Inner", "Startup Cost": 202522.7, "Total Cost": 234824.58, "Plan Rows": 901342, "Plan Width": 24, "Actual Min Startup Time": 2900.815, "Actual Max Startup Time": 2900.815, "Actual Min Total Time": 3642.451, "Actual Max Total Time": 3642.451, "Inner Unique": true, "Hash Cond": "(an1.person_id = n1.id), (LLVM Optimized, Jit Execute)", "Plans": [{"Node Type": "Seq Scan", "Parent Relationship": "Outer", "Relation Name": "aka_name", "Alias": "an1", "Startup Cost": 0.0, "Total Cost": 19908.42, "Plan Rows": 901342, "Plan Width": 20, "Actual Min Startup Time": 0.033, "Actual Max Startup Time": 0.033, "Actual Min Total Time": 226.164, "Actual Max Total Time": 226.164, "Actual Rows": 901342}, {"Node Type": "Hash", "Parent Relationship": "Inner", "Startup Cost": 150429.08, "Total Cost": 150429.08, "Plan Rows": 4167490, "Plan Width": 4, "Actual Min Startup Time": 2898.206, "Actual Max Startup Time": 2898.206, "Actual Min Total Time": 2898.206, "Actual Max Total Time": 2898.206, "Max Hash Buckets": 4194304, "Min Hash Buckets": 4194304, "Max Hash Batches": 1, "Min Hash Batches": 1, "Max Original Hash Batches": 1, "Min Original Hash Batches": 1, "Max Peak Memory Usage": 146514, "min Peak Memory Usage": 146514, "Plans": [{"Node Type": "Streaming(type: LOCAL GATHER dop: 1/64)", "Parent Relationship": "Outer", "Startup Cost": 0.0, "Total Cost": 150429.08, "Plan Rows": 4167490, "Plan Width": 4, "Actual Min Startup Time": 0.152, "Actual Max Startup Time": 0.152, "Actual Min Total Time": 1744.697, "Actual Max Total Time": 1744.697, "Plans": [{"Node Type": "Seq Scan", "Parent Relationship": "Outer", "Relation Name": "name", "Alias": "n1", "Startup Cost": 0.0, "Total Cost": 64454.25, "Plan Rows": 4167490, "Plan Width": 4, "Actual Min Startup Time": 0.018, "Actual Max Startup Time": 0.044, "Actual Min Total Time": 18.96, "Actual Max Total Time": 23.576, "Actual Rows": 4167490}], "Actual Rows": 4167490}], "Actual Rows": 4167490}], "Actual Rows": 901342}], "Actual Rows": 901342}, {"Node Type": "Hash", "Parent Relationship": "Inner", "Startup Cost": 203464.29, "Total Cost": 203464.29, "Plan Rows": 3296318, "Plan Width": 8, "Actual Min Startup Time": 251.014, "Actual Max Startup Time": 617.726, "Actual Min Total Time": 251.014, "Actual Max Total Time": 617.726, "Max Hash Buckets": 65536, "Min Hash Buckets": 65536, "Max Hash Batches": 1, "Min Hash Batches": 1, "Max Original Hash Batches": 1, "Min Original Hash Batches": 1, "Max Peak Memory Usage": 153, "min Peak Memory Usage": 153, "Plans": [{"Node Type": "Streaming(type: LOCAL REDISTRIBUTE dop: 64/64)", "Parent Relationship": "Outer", "Startup Cost": 63002.48, "Total Cost": 203464.29, "Plan Rows": 3296318, "Plan Width": 8, "Actual Min Startup Time": 0.126, "Actual Max Startup Time": 331.621, "Actual Min Total Time": 250.064, "Actual Max Total Time": 616.635, "Plans": [{"Node Type": "Hash Join", "Parent Relationship": "Outer", "Join Type": "Inner", "Startup Cost": 63002.48, "Total Cost": 137341.8, "Plan Rows": 3296318, "Plan Width": 8, "Actual Min Startup Time": 184.436, "Actual Max Startup Time": 286.242, "Actual Min Total Time": 231.359, "Actual Max Total Time": 286.242, "Inner Unique": true, "Hash Cond": "(ci.role_id = rt.id), (LLVM Optimized, Jit Execute)", "Plans": [{"Node Type": "Seq Scan", "Parent Relationship": "Outer", "Relation Name": "cast_info", "Alias": "ci", "Startup Cost": 0.0, "Total Cost": 72404.34, "Plan Rows": 36259494, "Plan Width": 12, "Actual Min Startup Time": 0.027, "Actual Max Startup Time": 0.061, "Actual Min Total Time": 127.977, "Actual Max Total Time": 141.649, "Actual Rows": 36244343}, {"Node Type": "Hash", "Parent Relationship": "Inner", "Startup Cost": 63002.47, "Total Cost": 63002.47, "Plan Rows": 64, "Plan Width": 4, "Actual Min Startup Time": 0.012, "Actual Max Startup Time": 54.189, "Actual Min Total Time": 0.012, "Actual Max Total Time": 54.189, "Max Hash Buckets": 32768, "Min Hash Buckets": 32768, "Max Hash Batches": 1, "Min Hash Batches": 1, "Max Original Hash Batches": 1, "Min Original Hash Batches": 1, "Max Peak Memory Usage": 1, "min Peak Memory Usage": 1, "Plans": [{"Node Type": "Streaming(type: BROADCAST dop: 64/1)", "Parent Relationship": "Outer", "Startup Cost": 0.0, "Total Cost": 63002.47, "Plan Rows": 64, "Plan Width": 4, "Actual Min Startup Time": 0.003, "Actual Max Startup Time": 54.169, "Actual Min Total Time": 0.004, "Actual Max Total Time": 54.17, "Plans": [{"Node Type": "Seq Scan", "Parent Relationship": "Outer", "Relation Name": "role_type", "Alias": "rt", "Startup Cost": 0.0, "Total Cost": 1.15, "Plan Rows": 1, "Plan Width": 4, "Actual Min Startup Time": 0.026, "Actual Max Startup Time": 0.026, "Actual Min Total Time": 0.03, "Actual Max Total Time": 0.03, "Filter": "((role)::text = 'costume designer'::text)", "Rows Removed by Filter": 11, "Actual Rows": 1}], "Actual Rows": 64}], "Actual Rows": 64}], "Actual Rows": 276403}], "Actual Rows": 276403}], "Actual Rows": 276403}], "Actual Rows": 218966}], "Actual Rows": 218966}, {"Node Type": "Hash", "Parent Relationship": "Inner", "Startup Cost": 169365.79, "Total Cost": 169365.79, "Plan Rows": 2609128, "Plan Width": 29, "Actual Min Startup Time": 5122.871, "Actual Max Startup Time": 5122.871, "Actual Min Total Time": 5122.871, "Actual Max Total Time": 5122.871, "Max Hash Buckets": 4194304, "Min Hash Buckets": 4194304, "Max Hash Batches": 1, "Min Hash Batches": 1, "Max Original Hash Batches": 1, "Min Original Hash Batches": 1, "Max Peak Memory Usage": 164769, "min Peak Memory Usage": 164769, "Plans": [{"Node Type": "Hash Join", "Parent Relationship": "Outer", "Join Type": "Inner", "Startup Cost": 91673.0, "Total Cost": 169365.79, "Plan Rows": 2609128, "Plan Width": 29, "Actual Min Startup Time": 1876.312, "Actual Max Startup Time": 1876.312, "Actual Min Total Time": 4112.233, "Actual Max Total Time": 4112.233, "Inner Unique": true, "Hash Cond": "(mc.movie_id = t.id), (LLVM Optimized, Jit Execute)", "Plans": [{"Node Type": "Seq Scan", "Parent Relationship": "Outer", "Relation Name": "movie_companies", "Alias": "mc", "Startup Cost": 0.0, "Total Cost": 41817.28, "Plan Rows": 2609128, "Plan Width": 8, "Actual Min Startup Time": 0.034, "Actual Max Startup Time": 0.034, "Actual Min Total Time": 589.387, "Actual Max Total Time": 589.387, "Actual Rows": 2609128}, {"Node Type": "Hash", "Parent Relationship": "Inner", "Startup Cost": 60069.11, "Total Cost": 60069.11, "Plan Rows": 2528311, "Plan Width": 21, "Actual Min Startup Time": 1873.717, "Actual Max Startup Time": 1873.717, "Actual Min Total Time": 1873.717, "Actual Max Total Time": 1873.717, "Max Hash Buckets": 4194304, "Min Hash Buckets": 4194304, "Max Hash Batches": 1, "Min Hash Batches": 1, "Max Original Hash Batches": 1, "Min Original Hash Batches": 1, "Max Peak Memory Usage": 135869, "min Peak Memory Usage": 135869, "Plans": [{"Node Type": "Seq Scan", "Parent Relationship": "Outer", "Relation Name": "title", "Alias": "t", "Startup Cost": 0.0, "Total Cost": 60069.11, "Plan Rows": 2528311, "Plan Width": 21, "Actual Min Startup Time": 0.031, "Actual Max Startup Time": 0.031, "Actual Min Total Time": 853.163, "Actual Max Total Time": 853.163, "Actual Rows": 2528311}], "Actual Rows": 2528311}], "Actual Rows": 2609128}], "Actual Rows": 2609128}], "Actual Rows": 752819}, {"Node Type": "Hash", "Parent Relationship": "Inner", "Startup Cost": 5903.45, "Total Cost": 5903.45, "Plan Rows": 85170, "Plan Width": 4, "Actual Min Startup Time": 118.572, "Actual Max Startup Time": 118.572, "Actual Min Total Time": 118.572, "Actual Max Total Time": 118.572, "Max Hash Buckets": 131072, "Min Hash Buckets": 131072, "Max Hash Batches": 1, "Min Hash Batches": 1, "Max Original Hash Batches": 1, "Min Original Hash Batches": 1, "Max Peak Memory Usage": 2983, "min Peak Memory Usage": 2983, "Plans": [{"Node Type": "Seq Scan", "Parent Relationship": "Outer", "Relation Name": "company_name", "Alias": "cn", "Startup Cost": 0.0, "Total Cost": 5903.45, "Plan Rows": 85170, "Plan Width": 4, "Actual Min Startup Time": 0.062, "Actual Max Startup Time": 0.062, "Actual Min Total Time": 96.64, "Actual Max Total Time": 96.64, "Filter": "((country_code)::text = '[us]'::text)", "Rows Removed by Filter": 150153, "Actual Rows": 84843}], "Actual Rows": 84843}], "Actual Rows": 323005}], "Actual Rows": 1}, "Triggers": [], "Planner Runtime": 175.338, "Total Runtime": 6911.384, "Unique SQL Id": 2457761703}}, "(64, '79')": {"explain_plan": {"Plan": {"Node Type": "Aggregate", "Strategy": "Plain", "Startup Cost": 6720948132520.17, "Total Cost": 6720948132520.18, "Plan Rows": 1, "Plan Width": 97, "Plans": [{"Node Type": "Hash Join", "Parent Relationship": "Outer", "Join Type": "Inner", "Startup Cost": 4029125744837.46, "Total Cost": 6720948130734.68, "Plan Rows": 357098, "Plan Width": 33, "Inner Unique": false, "Hash Cond": "(ci.movie_id = t.id), (LLVM Optimized)", "Plans": [{"Node Type": "Hash Join", "Parent Relationship": "Outer", "Join Type": "Inner", "Startup Cost": 1030049898442.37, "Total Cost": 3721872271248.76, "Plan Rows": 1484588, "Plan Width": 20, "Inner Unique": true, "Hash Cond": "(ci.role_id = rt.id), (LLVM Optimized)", "Plans": [{"Node Type": "Merge Join", "Parent Relationship": "Outer", "Join Type": "Inner", "Startup Cost": 30049897196.36, "Total Cost": 2721872214228.63, "Plan Rows": 16330470, "Plan Width": 24, "Inner Unique": false, "Merge Cond": "(an1.person_id = ci.person_id)", "Plans": [{"Node Type": "Merge Join", "Parent Relationship": "Outer", "Join Type": "Inner", "Startup Cost": 20030754356.47, "Total Cost": 2000007674895.99, "Plan Rows": 901342, "Plan Width": 24, "Inner Unique": true, "Merge Cond": "(an1.person_id = n1.id)", "Plans": [{"Node Type": "Index Scan", "Parent Relationship": "Outer", "Scan Direction": "Forward", "Index Name": "person_id_aka_name", "Relation Name": "aka_name", "Alias": "an1", "Startup Cost": 10000000000.0, "Total Cost": 1000006896503.43, "Plan Rows": 901342, "Plan Width": 20}, {"Node Type": "Index Scan", "Parent Relationship": "Inner", "Scan Direction": "Forward", "Index Name": "name_pkey", "Relation Name": "name", "Alias": "n1", "Startup Cost": 10000000000.0, "Total Cost": 1000017623274.7, "Plan Rows": 4167490, "Plan Width": 4}]}, {"Node Type": "Index Scan", "Parent Relationship": "Inner", "Scan Direction": "Forward", "Index Name": "person_id_cast_info", "Relation Name": "cast_info", "Alias": "ci", "Startup Cost": 10000000000.0, "Total Cost": 1000170648833.21, "Plan Rows": 36259494, "Plan Width": 12}]}, {"Node Type": "Hash", "Parent Relationship": "Inner", "Startup Cost": 1000000001246.0, "Total Cost": 1000000001246.0, "Plan Rows": 1, "Plan Width": 4, "Plans": [{"Node Type": "Index Scan", "Parent Relationship": "Outer", "Scan Direction": "Forward", "Index Name": "role_type_pkey", "Relation Name": "role_type", "Alias": "rt", "Startup Cost": 10000000000.0, "Total Cost": 1000000001246.0, "Plan Rows": 1, "Plan Width": 4, "Filter": "((role)::text = 'costume designer'::text)"}]}]}, {"Node Type": "Hash", "Parent Relationship": "Inner", "Startup Cost": 2999075830366.2, "Total Cost": 2999075830366.2, "Plan Rows": 1282311, "Plan Width": 25, "Plans": [{"Node Type": "Merge Join", "Parent Relationship": "Outer", "Join Type": "Inner", "Startup Cost": 2010035495066.48, "Total Cost": 2999075830366.2, "Plan Rows": 1282311, "Plan Width": 25, "Inner Unique": true, "Merge Cond": "(mc.movie_id = t.id)", "Plans": [{"Node Type": "Sort", "Parent Relationship": "Outer", "Startup Cost": 2000013567140.28, "Total Cost": 2000013570346.05, "Plan Rows": 1282311, "Plan Width": 4, "Sort Key": ["mc.movie_id"], "Plans": [{"Node Type": "Merge Join", "Parent Relationship": "Outer", "Join Type": "Inner", "Startup Cost": 45724640147.62, "Total Cost": 2000013437047.81, "Plan Rows": 1282311, "Plan Width": 4, "Inner Unique": false, "Merge Cond": "(cn.id = mc.company_id)", "Plans": [{"Node Type": "Index Scan", "Parent Relationship": "Outer", "Scan Direction": "Forward", "Index Name": "company_name_pkey", "Relation Name": "company_name", "Alias": "cn", "Startup Cost": 10000000000.0, "Total Cost": 1000001050138.97, "Plan Rows": 85170, "Plan Width": 4, "Filter": "((country_code)::text = '[us]'::text)"}, {"Node Type": "Index Scan", "Parent Relationship": "Inner", "Scan Direction": "Forward", "Index Name": "company_id_movie_companies", "Relation Name": "movie_companies", "Alias": "mc", "Startup Cost": 10000000000.0, "Total Cost": 1000012367349.98, "Plan Rows": 2609128, "Plan Width": 8}]}]}, {"Node Type": "Index Scan", "Parent Relationship": "Inner", "Scan Direction": "Forward", "Index Name": "title_pkey", "Relation Name": "title", "Alias": "t", "Startup Cost": 10000000000.0, "Total Cost": 1000011012048.91, "Plan Rows": 2528311, "Plan Width": 21}]}]}]}]}, "Unique SQL Id": 2457761703, "Planner Runtime": 150}, "explain_analyze_plan": null}, "(64, '80')": {"explain_plan": {"Plan": {"Node Type": "Aggregate", "Strategy": "Plain", "Startup Cost": 1194615.66, "Total Cost": 1194615.67, "Plan Rows": 1, "Plan Width": 97, "Plans": [{"Node Type": "Nested Loop", "Parent Relationship": "Outer", "Join Type": "Inner", "Startup Cost": 920804.93, "Total Cost": 1192830.17, "Plan Rows": 357098, "Plan Width": 33, "Inner Unique": true, "Join Filter": "(an1.person_id = n1.id), (LLVM Optimized)", "Plans": [{"Node Type": "Nested Loop", "Parent Relationship": "Outer", "Join Type": "Inner", "Startup Cost": 920804.93, "Total Cost": 1091336.23, "Plan Rows": 357098, "Plan Width": 41, "Inner Unique": true, "Plans": [{"Node Type": "Merge Join", "Parent Relationship": "Outer", "Join Type": "Inner", "Startup Cost": 920804.93, "Total Cost": 989533.89, "Plan Rows": 357379, "Plan Width": 32, "Inner Unique": false, "Merge Cond": "(an1.person_id = ci.person_id)", "Plans": [{"Node Type": "Index Scan", "Parent Relationship": "Outer", "Scan Direction": "Forward", "Index Name": "person_id_aka_name", "Relation Name": "aka_name", "Alias": "an1", "Startup Cost": 0.0, "Total Cost": 68965.03, "Plan Rows": 901342, "Plan Width": 20}, {"Node Type": "Sort", "Parent Relationship": "Inner", "Startup Cost": 920804.86, "Total Cost": 922582.4, "Plan Rows": 711018, "Plan Width": 12, "Sort Key": ["ci.person_id"], "Plans": [{"Node Type": "Merge Join", "Parent Relationship": "Outer", "Join Type": "Inner", "Startup Cost": 812099.84, "Total Cost": 851695.59, "Plan Rows": 711018, "Plan Width": 12, "Inner Unique": false, "Merge Cond": "(mc.movie_id = ci.movie_id)", "Plans": [{"Node Type": "Sort", "Parent Relationship": "Outer", "Startup Cost": 283826.21, "Total Cost": 287031.99, "Plan Rows": 1282311, "Plan Width": 4, "Sort Key": ["mc.movie_id"], "Plans": [{"Node Type": "Merge Join", "Parent Relationship": "Outer", "Join Type": "Inner", "Startup Cost": 3383.04, "Total Cost": 153733.74, "Plan Rows": 1282311, "Plan Width": 4, "Inner Unique": false, "Merge Cond": "(cn.id = mc.company_id)", "Plans": [{"Node Type": "Index Scan", "Parent Relationship": "Outer", "Scan Direction": "Forward", "Index Name": "company_name_pkey", "Relation Name": "company_name", "Alias": "cn", "Startup Cost": 0.0, "Total Cost": 10501.39, "Plan Rows": 85170, "Plan Width": 4, "Filter": "((country_code)::text = '[us]'::text)"}, {"Node Type": "Index Scan", "Parent Relationship": "Inner", "Scan Direction": "Forward", "Index Name": "company_id_movie_companies", "Relation Name": "movie_companies", "Alias": "mc", "Startup Cost": 0.0, "Total Cost": 123673.5, "Plan Rows": 2609128, "Plan Width": 8}]}]}, {"Node Type": "Sort", "Parent Relationship": "Inner", "Startup Cost": 528273.31, "Total Cost": 536514.11, "Plan Rows": 3296318, "Plan Width": 8, "Sort Key": ["ci.movie_id"], "Plans": [{"Node Type": "Nested Loop", "Parent Relationship": "Outer", "Join Type": "Inner", "Startup Cost": 0.0, "Total Cost": 171406.94, "Plan Rows": 3296318, "Plan Width": 8, "Inner Unique": false, "Plans": [{"Node Type": "Seq Scan", "Parent Relationship": "Outer", "Relation Name": "role_type", "Alias": "rt", "Startup Cost": 0.0, "Total Cost": 1.15, "Plan Rows": 1, "Plan Width": 4, "Filter": "((role)::text = 'costume designer'::text)"}, {"Node Type": "Index Scan", "Parent Relationship": "Inner", "Scan Direction": "Forward", "Index Name": "role_id_cast_info", "Relation Name": "cast_info", "Alias": "ci", "Startup Cost": 0.0, "Total Cost": 138442.61, "Plan Rows": 3296318, "Plan Width": 12, "Index Cond": "(role_id = rt.id), (LLVM Optimized)"}]}]}]}]}]}, {"Node Type": "Index Scan", "Parent Relationship": "Inner", "Scan Direction": "Forward", "Index Name": "title_pkey", "Relation Name": "title", "Alias": "t", "Startup Cost": 0.0, "Total Cost": 0.27, "Plan Rows": 1, "Plan Width": 21, "Index Cond": "(id = ci.movie_id)"}]}, {"Node Type": "Index Only Scan", "Parent Relationship": "Inner", "Scan Direction": "Forward", "Index Name": "name_pkey", "Relation Name": "name", "Alias": "n1", "Startup Cost": 0.0, "Total Cost": 0.27, "Plan Rows": 1, "Plan Width": 4, "Index Cond": "(id = ci.person_id)"}]}]}, "Unique SQL Id": 2457761703, "Planner Runtime": 43}, "explain_analyze_plan": {"Plan": {"Node Type": "Aggregate", "Strategy": "Plain", "Startup Cost": 1194615.66, "Total Cost": 1194615.67, "Plan Rows": 1, "Plan Width": 97, "Actual Startup Time": 8296.329, "Actual Total Time": 8296.329, "Actual Rows": 1, "Actual Loops": 1, "Plans": [{"Node Type": "Nested Loop", "Parent Relationship": "Outer", "Join Type": "Inner", "Startup Cost": 920804.93, "Total Cost": 1192830.17, "Plan Rows": 357098, "Plan Width": 33, "Actual Startup Time": 5032.383, "Actual Total Time": 8086.531, "Actual Rows": 323005, "Actual Loops": 1, "Inner Unique": true, "Join Filter": "(an1.person_id = n1.id), (LLVM Optimized, Jit Execute)", "Rows Removed by Join Filter": 0, "Plans": [{"Node Type": "Nested Loop", "Parent Relationship": "Outer", "Join Type": "Inner", "Startup Cost": 920804.93, "Total Cost": 1091336.23, "Plan Rows": 357098, "Plan Width": 41, "Actual Startup Time": 5032.36, "Actual Total Time": 7174.804, "Actual Rows": 323005, "Actual Loops": 1, "Inner Unique": true, "Plans": [{"Node Type": "Merge Join", "Parent Relationship": "Outer", "Join Type": "Inner", "Startup Cost": 920804.93, "Total Cost": 989533.89, "Plan Rows": 357379, "Plan Width": 32, "Actual Startup Time": 5032.322, "Actual Total Time": 5846.876, "Actual Rows": 323005, "Actual Loops": 1, "Inner Unique": false, "Merge Cond": "(an1.person_id = ci.person_id)", "Plans": [{"Node Type": "Index Scan", "Parent Relationship": "Outer", "Scan Direction": "Forward", "Index Name": "person_id_aka_name", "Relation Name": "aka_name", "Alias": "an1", "Startup Cost": 0.0, "Total Cost": 68965.03, "Plan Rows": 901342, "Plan Width": 20, "Actual Startup Time": 0.058, "Actual Total Time": 535.717, "Actual Rows": 688852, "Actual Loops": 1}, {"Node Type": "Sort", "Parent Relationship": "Inner", "Startup Cost": 920804.86, "Total Cost": 922582.4, "Plan Rows": 711018, "Plan Width": 12, "Actual Startup Time": 5032.194, "Actual Total Time": 5098.493, "Actual Rows": 445949, "Actual Loops": 1, "Sort Key": ["ci.person_id"], "Sort Method": "quicksort", "Sort Space Used": 39058, "Sort Space Type": "Memory", "Plans": [{"Node Type": "Merge Join", "Parent Relationship": "Outer", "Join Type": "Inner", "Startup Cost": 812099.84, "Total Cost": 851695.59, "Plan Rows": 711018, "Plan Width": 12, "Actual Startup Time": 4486.117, "Actual Total Time": 4944.197, "Actual Rows": 285537, "Actual Loops": 1, "Inner Unique": false, "Merge Cond": "(mc.movie_id = ci.movie_id)", "Plans": [{"Node Type": "Sort", "Parent Relationship": "Outer", "Startup Cost": 283826.21, "Total Cost": 287031.99, "Plan Rows": 1282311, "Plan Width": 4, "Actual Startup Time": 4185.862, "Actual Total Time": 4329.022, "Actual Rows": 1153797, "Actual Loops": 1, "Sort Key": ["mc.movie_id"], "Sort Method": "quicksort", "Sort Space Used": 121265, "Sort Space Type": "Memory", "Plans": [{"Node Type": "Merge Join", "Parent Relationship": "Outer", "Join Type": "Inner", "Startup Cost": 3383.04, "Total Cost": 153733.74, "Plan Rows": 1282311, "Plan Width": 4, "Actual Startup Time": 0.081, "Actual Total Time": 3743.062, "Actual Rows": 1153797, "Actual Loops": 1, "Inner Unique": false, "Merge Cond": "(cn.id = mc.company_id)", "Plans": [{"Node Type": "Index Scan", "Parent Relationship": "Outer", "Scan Direction": "Forward", "Index Name": "company_name_pkey", "Relation Name": "company_name", "Alias": "cn", "Startup Cost": 0.0, "Total Cost": 10501.39, "Plan Rows": 85170, "Plan Width": 4, "Actual Startup Time": 0.041, "Actual Total Time": 353.049, "Actual Rows": 84843, "Actual Loops": 1, "Filter": "((country_code)::text = '[us]'::text)", "Rows Removed by Filter": 150153}, {"Node Type": "Index Scan", "Parent Relationship": "Inner", "Scan Direction": "Forward", "Index Name": "company_id_movie_companies", "Relation Name": "movie_companies", "Alias": "mc", "Startup Cost": 0.0, "Total Cost": 123673.5, "Plan Rows": 2609128, "Plan Width": 8, "Actual Startup Time": 0.03, "Actual Total Time": 2829.152, "Actual Rows": 2609128, "Actual Loops": 1}]}]}, {"Node Type": "Sort", "Parent Relationship": "Inner", "Startup Cost": 528273.31, "Total Cost": 536514.11, "Plan Rows": 3296318, "Plan Width": 8, "Actual Startup Time": 300.232, "Actual Total Time": 349.071, "Actual Rows": 461759, "Actual Loops": 1, "Sort Key": ["ci.movie_id"], "Sort Method": "quicksort", "Sort Space Used": 29564, "Sort Space Type": "Memory", "Plans": [{"Node Type": "Nested Loop", "Parent Relationship": "Outer", "Join Type": "Inner", "Startup Cost": 0.0, "Total Cost": 171406.94, "Plan Rows": 3296318, "Plan Width": 8, "Actual Startup Time": 0.104, "Actual Total Time": 200.522, "Actual Rows": 276403, "Actual Loops": 1, "Inner Unique": false, "Plans": [{"Node Type": "Seq Scan", "Parent Relationship": "Outer", "Relation Name": "role_type", "Alias": "rt", "Startup Cost": 0.0, "Total Cost": 1.15, "Plan Rows": 1, "Plan Width": 4, "Actual Startup Time": 0.046, "Actual Total Time": 0.057, "Actual Rows": 1, "Actual Loops": 1, "Filter": "((role)::text = 'costume designer'::text)", "Rows Removed by Filter": 11}, {"Node Type": "Index Scan", "Parent Relationship": "Inner", "Scan Direction": "Forward", "Index Name": "role_id_cast_info", "Relation Name": "cast_info", "Alias": "ci", "Startup Cost": 0.0, "Total Cost": 138442.61, "Plan Rows": 3296318, "Plan Width": 12, "Actual Startup Time": 0.048, "Actual Total Time": 148.694, "Actual Rows": 276403, "Actual Loops": 1, "Index Cond": "(role_id = rt.id), (LLVM Optimized, Jit Execute)", "Rows Removed by Index Recheck": 0}]}]}]}]}]}, {"Node Type": "Index Scan", "Parent Relationship": "Inner", "Scan Direction": "Forward", "Index Name": "title_pkey", "Relation Name": "title", "Alias": "t", "Startup Cost": 0.0, "Total Cost": 0.27, "Plan Rows": 1, "Plan Width": 21, "Actual Startup Time": 1075.948, "Actual Total Time": 1075.948, "Actual Rows": 323005, "Actual Loops": 323005, "Index Cond": "(id = ci.movie_id)", "Rows Removed by Index Recheck": 0}]}, {"Node Type": "Index Only Scan", "Parent Relationship": "Inner", "Scan Direction": "Forward", "Index Name": "name_pkey", "Relation Name": "name", "Alias": "n1", "Startup Cost": 0.0, "Total Cost": 0.27, "Plan Rows": 1, "Plan Width": 4, "Actual Startup Time": 669.156, "Actual Total Time": 669.156, "Actual Rows": 323005, "Actual Loops": 323005, "Index Cond": "(id = ci.person_id)", "Rows Removed by Index Recheck": 0, "Heap Fetches": 0}]}]}, "Triggers": [], "Planner Runtime": 43.7, "Total Runtime": 8307.911, "Unique SQL Id": 2457761703}}, "(64, '81')": {"explain_plan": {"Plan": {"Node Type": "Aggregate", "Strategy": "Plain", "Startup Cost": 1194626.97, "Total Cost": 1194626.98, "Plan Rows": 1, "Plan Width": 97, "Plans": [{"Node Type": "Nested Loop", "Parent Relationship": "Outer", "Join Type": "Inner", "Startup Cost": 920816.24, "Total Cost": 1192841.48, "Plan Rows": 357098, "Plan Width": 33, "Inner Unique": true, "Join Filter": "(an1.person_id = n1.id), (LLVM Optimized)", "Plans": [{"Node Type": "Nested Loop", "Parent Relationship": "Outer", "Join Type": "Inner", "Startup Cost": 920816.24, "Total Cost": 1091347.54, "Plan Rows": 357098, "Plan Width": 41, "Inner Unique": true, "Plans": [{"Node Type": "Merge Join", "Parent Relationship": "Outer", "Join Type": "Inner", "Startup Cost": 920816.24, "Total Cost": 989545.2, "Plan Rows": 357379, "Plan Width": 32, "Inner Unique": false, "Merge Cond": "(an1.person_id = ci.person_id)", "Plans": [{"Node Type": "Index Scan", "Parent Relationship": "Outer", "Scan Direction": "Forward", "Index Name": "person_id_aka_name", "Relation Name": "aka_name", "Alias": "an1", "Startup Cost": 0.0, "Total Cost": 68965.03, "Plan Rows": 901342, "Plan Width": 20}, {"Node Type": "Sort", "Parent Relationship": "Inner", "Startup Cost": 920816.17, "Total Cost": 922593.71, "Plan Rows": 711018, "Plan Width": 12, "Sort Key": ["ci.person_id"], "Plans": [{"Node Type": "Merge Join", "Parent Relationship": "Outer", "Join Type": "Inner", "Startup Cost": 812111.15, "Total Cost": 851706.9, "Plan Rows": 711018, "Plan Width": 12, "Inner Unique": false, "Merge Cond": "(mc.movie_id = ci.movie_id)", "Plans": [{"Node Type": "Sort", "Parent Relationship": "Outer", "Startup Cost": 283826.21, "Total Cost": 287031.99, "Plan Rows": 1282311, "Plan Width": 4, "Sort Key": ["mc.movie_id"], "Plans": [{"Node Type": "Merge Join", "Parent Relationship": "Outer", "Join Type": "Inner", "Startup Cost": 3383.04, "Total Cost": 153733.74, "Plan Rows": 1282311, "Plan Width": 4, "Inner Unique": false, "Merge Cond": "(cn.id = mc.company_id)", "Plans": [{"Node Type": "Index Scan", "Parent Relationship": "Outer", "Scan Direction": "Forward", "Index Name": "company_name_pkey", "Relation Name": "company_name", "Alias": "cn", "Startup Cost": 0.0, "Total Cost": 10501.39, "Plan Rows": 85170, "Plan Width": 4, "Filter": "((country_code)::text = '[us]'::text)"}, {"Node Type": "Index Scan", "Parent Relationship": "Inner", "Scan Direction": "Forward", "Index Name": "company_id_movie_companies", "Relation Name": "movie_companies", "Alias": "mc", "Startup Cost": 0.0, "Total Cost": 123673.5, "Plan Rows": 2609128, "Plan Width": 8}]}]}, {"Node Type": "Sort", "Parent Relationship": "Inner", "Startup Cost": 528284.62, "Total Cost": 536525.42, "Plan Rows": 3296318, "Plan Width": 8, "Sort Key": ["ci.movie_id"], "Plans": [{"Node Type": "Nested Loop", "Parent Relationship": "Outer", "Join Type": "Inner", "Startup Cost": 0.0, "Total Cost": 171418.25, "Plan Rows": 3296318, "Plan Width": 8, "Inner Unique": false, "Plans": [{"Node Type": "Index Scan", "Parent Relationship": "Outer", "Scan Direction": "Forward", "Index Name": "role_type_pkey", "Relation Name": "role_type", "Alias": "rt", "Startup Cost": 0.0, "Total Cost": 12.46, "Plan Rows": 1, "Plan Width": 4, "Filter": "((role)::text = 'costume designer'::text)"}, {"Node Type": "Index Scan", "Parent Relationship": "Inner", "Scan Direction": "Forward", "Index Name": "role_id_cast_info", "Relation Name": "cast_info", "Alias": "ci", "Startup Cost": 0.0, "Total Cost": 138442.61, "Plan Rows": 3296318, "Plan Width": 12, "Index Cond": "(role_id = rt.id), (LLVM Optimized)"}]}]}]}]}]}, {"Node Type": "Index Scan", "Parent Relationship": "Inner", "Scan Direction": "Forward", "Index Name": "title_pkey", "Relation Name": "title", "Alias": "t", "Startup Cost": 0.0, "Total Cost": 0.27, "Plan Rows": 1, "Plan Width": 21, "Index Cond": "(id = ci.movie_id)"}]}, {"Node Type": "Index Only Scan", "Parent Relationship": "Inner", "Scan Direction": "Forward", "Index Name": "name_pkey", "Relation Name": "name", "Alias": "n1", "Startup Cost": 0.0, "Total Cost": 0.27, "Plan Rows": 1, "Plan Width": 4, "Index Cond": "(id = ci.person_id)"}]}]}, "Unique SQL Id": 2457761703, "Planner Runtime": 42}, "explain_analyze_plan": {"Plan": {"Node Type": "Aggregate", "Strategy": "Plain", "Startup Cost": 1194626.97, "Total Cost": 1194626.98, "Plan Rows": 1, "Plan Width": 97, "Actual Startup Time": 8507.521, "Actual Total Time": 8507.521, "Actual Rows": 1, "Actual Loops": 1, "Plans": [{"Node Type": "Nested Loop", "Parent Relationship": "Outer", "Join Type": "Inner", "Startup Cost": 920816.24, "Total Cost": 1192841.48, "Plan Rows": 357098, "Plan Width": 33, "Actual Startup Time": 5223.544, "Actual Total Time": 8299.765, "Actual Rows": 323005, "Actual Loops": 1, "Inner Unique": true, "Join Filter": "(an1.person_id = n1.id), (LLVM Optimized, Jit Execute)", "Rows Removed by Join Filter": 0, "Plans": [{"Node Type": "Nested Loop", "Parent Relationship": "Outer", "Join Type": "Inner", "Startup Cost": 920816.24, "Total Cost": 1091347.54, "Plan Rows": 357098, "Plan Width": 41, "Actual Startup Time": 5223.516, "Actual Total Time": 7389.127, "Actual Rows": 323005, "Actual Loops": 1, "Inner Unique": true, "Plans": [{"Node Type": "Merge Join", "Parent Relationship": "Outer", "Join Type": "Inner", "Startup Cost": 920816.24, "Total Cost": 989545.2, "Plan Rows": 357379, "Plan Width": 32, "Actual Startup Time": 5223.482, "Actual Total Time": 6062.942, "Actual Rows": 323005, "Actual Loops": 1, "Inner Unique": false, "Merge Cond": "(an1.person_id = ci.person_id)", "Plans": [{"Node Type": "Index Scan", "Parent Relationship": "Outer", "Scan Direction": "Forward", "Index Name": "person_id_aka_name", "Relation Name": "aka_name", "Alias": "an1", "Startup Cost": 0.0, "Total Cost": 68965.03, "Plan Rows": 901342, "Plan Width": 20, "Actual Startup Time": 0.06, "Actual Total Time": 562.132, "Actual Rows": 688852, "Actual Loops": 1}, {"Node Type": "Sort", "Parent Relationship": "Inner", "Startup Cost": 920816.17, "Total Cost": 922593.71, "Plan Rows": 711018, "Plan Width": 12, "Actual Startup Time": 5223.354, "Actual Total Time": 5286.916, "Actual Rows": 445949, "Actual Loops": 1, "Sort Key": ["ci.person_id"], "Sort Method": "quicksort", "Sort Space Used": 39058, "Sort Space Type": "Memory", "Plans": [{"Node Type": "Merge Join", "Parent Relationship": "Outer", "Join Type": "Inner", "Startup Cost": 812111.15, "Total Cost": 851706.9, "Plan Rows": 711018, "Plan Width": 12, "Actual Startup Time": 4682.689, "Actual Total Time": 5132.942, "Actual Rows": 285537, "Actual Loops": 1, "Inner Unique": false, "Merge Cond": "(mc.movie_id = ci.movie_id)", "Plans": [{"Node Type": "Sort", "Parent Relationship": "Outer", "Startup Cost": 283826.21, "Total Cost": 287031.99, "Plan Rows": 1282311, "Plan Width": 4, "Actual Startup Time": 4379.253, "Actual Total Time": 4516.131, "Actual Rows": 1153797, "Actual Loops": 1, "Sort Key": ["mc.movie_id"], "Sort Method": "quicksort", "Sort Space Used": 121265, "Sort Space Type": "Memory", "Plans": [{"Node Type": "Merge Join", "Parent Relationship": "Outer", "Join Type": "Inner", "Startup Cost": 3383.04, "Total Cost": 153733.74, "Plan Rows": 1282311, "Plan Width": 4, "Actual Startup Time": 0.077, "Actual Total Time": 3935.749, "Actual Rows": 1153797, "Actual Loops": 1, "Inner Unique": false, "Merge Cond": "(cn.id = mc.company_id)", "Plans": [{"Node Type": "Index Scan", "Parent Relationship": "Outer", "Scan Direction": "Forward", "Index Name": "company_name_pkey", "Relation Name": "company_name", "Alias": "cn", "Startup Cost": 0.0, "Total Cost": 10501.39, "Plan Rows": 85170, "Plan Width": 4, "Actual Startup Time": 0.041, "Actual Total Time": 357.463, "Actual Rows": 84843, "Actual Loops": 1, "Filter": "((country_code)::text = '[us]'::text)", "Rows Removed by Filter": 150153}, {"Node Type": "Index Scan", "Parent Relationship": "Inner", "Scan Direction": "Forward", "Index Name": "company_id_movie_companies", "Relation Name": "movie_companies", "Alias": "mc", "Startup Cost": 0.0, "Total Cost": 123673.5, "Plan Rows": 2609128, "Plan Width": 8, "Actual Startup Time": 0.029, "Actual Total Time": 3021.956, "Actual Rows": 2609128, "Actual Loops": 1}]}]}, {"Node Type": "Sort", "Parent Relationship": "Inner", "Startup Cost": 528284.62, "Total Cost": 536525.42, "Plan Rows": 3296318, "Plan Width": 8, "Actual Startup Time": 303.419, "Actual Total Time": 352.511, "Actual Rows": 461759, "Actual Loops": 1, "Sort Key": ["ci.movie_id"], "Sort Method": "quicksort", "Sort Space Used": 29564, "Sort Space Type": "Memory", "Plans": [{"Node Type": "Nested Loop", "Parent Relationship": "Outer", "Join Type": "Inner", "Startup Cost": 0.0, "Total Cost": 171418.25, "Plan Rows": 3296318, "Plan Width": 8, "Actual Startup Time": 0.111, "Actual Total Time": 202.291, "Actual Rows": 276403, "Actual Loops": 1, "Inner Unique": false, "Plans": [{"Node Type": "Index Scan", "Parent Relationship": "Outer", "Scan Direction": "Forward", "Index Name": "role_type_pkey", "Relation Name": "role_type", "Alias": "rt", "Startup Cost": 0.0, "Total Cost": 12.46, "Plan Rows": 1, "Plan Width": 4, "Actual Startup Time": 0.058, "Actual Total Time": 0.069, "Actual Rows": 1, "Actual Loops": 1, "Filter": "((role)::text = 'costume designer'::text)", "Rows Removed by Filter": 11}, {"Node Type": "Index Scan", "Parent Relationship": "Inner", "Scan Direction": "Forward", "Index Name": "role_id_cast_info", "Relation Name": "cast_info", "Alias": "ci", "Startup Cost": 0.0, "Total Cost": 138442.61, "Plan Rows": 3296318, "Plan Width": 12, "Actual Startup Time": 0.043, "Actual Total Time": 150.74, "Actual Rows": 276403, "Actual Loops": 1, "Index Cond": "(role_id = rt.id), (LLVM Optimized, Jit Execute)", "Rows Removed by Index Recheck": 0}]}]}]}]}]}, {"Node Type": "Index Scan", "Parent Relationship": "Inner", "Scan Direction": "Forward", "Index Name": "title_pkey", "Relation Name": "title", "Alias": "t", "Startup Cost": 0.0, "Total Cost": 0.27, "Plan Rows": 1, "Plan Width": 21, "Actual Startup Time": 1077.018, "Actual Total Time": 1077.018, "Actual Rows": 323005, "Actual Loops": 323005, "Index Cond": "(id = ci.movie_id)", "Rows Removed by Index Recheck": 0}]}, {"Node Type": "Index Only Scan", "Parent Relationship": "Inner", "Scan Direction": "Forward", "Index Name": "name_pkey", "Relation Name": "name", "Alias": "n1", "Startup Cost": 0.0, "Total Cost": 0.27, "Plan Rows": 1, "Plan Width": 4, "Actual Startup Time": 664.828, "Actual Total Time": 664.828, "Actual Rows": 323005, "Actual Loops": 323005, "Index Cond": "(id = ci.person_id)", "Rows Removed by Index Recheck": 0, "Heap Fetches": 0}]}]}, "Triggers": [], "Planner Runtime": 43.359, "Total Runtime": 8517.621, "Unique SQL Id": 2457761703}}, "(64, '82')": {"explain_plan": {"Plan": {"Node Type": "Aggregate", "Strategy": "Plain", "Startup Cost": 3346738.97, "Total Cost": 3346738.98, "Plan Rows": 1, "Plan Width": 97, "Plans": [{"Node Type": "Nested Loop", "Parent Relationship": "Outer", "Join Type": "Inner", "Startup Cost": 1803946.7, "Total Cost": 3344953.48, "Plan Rows": 357098, "Plan Width": 33, "Inner Unique": true, "Join Filter": "(an1.person_id = n1.id), (LLVM Optimized)", "Plans": [{"Node Type": "Merge Join", "Parent Relationship": "Outer", "Join Type": "Inner", "Startup Cost": 1803946.44, "Total Cost": 1814978.27, "Plan Rows": 357098, "Plan Width": 41, "Inner Unique": false, "Merge Cond": "(ci.person_id = an1.person_id)", "Plans": [{"Node Type": "Sort", "Parent Relationship": "Outer", "Startup Cost": 1694887.5, "Total Cost": 1696663.64, "Plan Rows": 710459, "Plan Width": 21, "Sort Key": ["ci.person_id"], "Plans": [{"Node Type": "Merge Join", "Parent Relationship": "Outer", "Join Type": "Inner", "Startup Cost": 1564728.72, "Total Cost": 1625836.59, "Plan Rows": 710459, "Plan Width": 21, "Inner Unique": true, "Merge Cond": "(ci.movie_id = t.id)", "Plans": [{"Node Type": "Merge Join", "Parent Relationship": "Outer", "Join Type": "Inner", "Startup Cost": 1235776.7, "Total Cost": 1275372.45, "Plan Rows": 711018, "Plan Width": 12, "Inner Unique": false, "Merge Cond": "(mc.movie_id = ci.movie_id)", "Plans": [{"Node Type": "Sort", "Parent Relationship": "Outer", "Startup Cost": 489151.99, "Total Cost": 492357.77, "Plan Rows": 1282311, "Plan Width": 4, "Sort Key": ["mc.movie_id"], "Plans": [{"Node Type": "Merge Join", "Parent Relationship": "Outer", "Join Type": "Inner", "Startup Cost": 333103.9, "Total Cost": 359059.52, "Plan Rows": 1282311, "Plan Width": 4, "Inner Unique": false, "Merge Cond": "(cn.id = mc.company_id)", "Plans": [{"Node Type": "Sort", "Parent Relationship": "Outer", "Startup Cost": 12878.05, "Total Cost": 13090.97, "Plan Rows": 85170, "Plan Width": 4, "Sort Key": ["cn.id"], "Plans": [{"Node Type": "Seq Scan", "Parent Relationship": "Outer", "Relation Name": "company_name", "Alias": "cn", "Startup Cost": 0.0, "Total Cost": 5903.45, "Plan Rows": 85170, "Plan Width": 4, "Filter": "((country_code)::text = '[us]'::text)"}]}, {"Node Type": "Sort", "Parent Relationship": "Inner", "Startup Cost": 319886.87, "Total Cost": 326409.69, "Plan Rows": 2609128, "Plan Width": 8, "Sort Key": ["mc.company_id"], "Plans": [{"Node Type": "Seq Scan", "Parent Relationship": "Outer", "Relation Name": "movie_companies", "Alias": "mc", "Startup Cost": 0.0, "Total Cost": 41817.28, "Plan Rows": 2609128, "Plan Width": 8}]}]}]}, {"Node Type": "Sort", "Parent Relationship": "Inner", "Startup Cost": 746624.39, "Total Cost": 754865.19, "Plan Rows": 3296318, "Plan Width": 8, "Sort Key": ["ci.movie_id"], "Plans": [{"Node Type": "Nested Loop", "Parent Relationship": "Outer", "Join Type": "Inner", "Startup Cost": 76306.71, "Total Cost": 389758.02, "Plan Rows": 3296318, "Plan Width": 8, "Inner Unique": false, "Plans": [{"Node Type": "Seq Scan", "Parent Relationship": "Outer", "Relation Name": "role_type", "Alias": "rt", "Startup Cost": 0.0, "Total Cost": 1.15, "Plan Rows": 1, "Plan Width": 4, "Filter": "((role)::text = 'costume designer'::text)"}, {"Node Type": "Bitmap Heap Scan", "Parent Relationship": "Inner", "Relation Name": "cast_info", "Alias": "ci", "Startup Cost": 76306.71, "Total Cost": 356793.69, "Plan Rows": 3296318, "Plan Width": 12, "Recheck Cond": "(role_id = rt.id), (LLVM Optimized)", "Plans": [{"Node Type": "Bitmap Index Scan", "Parent Relationship": "Outer", "Index Name": "role_id_cast_info", "Startup Cost": 0.0, "Total Cost": 75482.63, "Plan Rows": 3296318, "Plan Width": 0, "Index Cond": "(role_id = rt.id)"}]}]}]}]}, {"Node Type": "Sort", "Parent Relationship": "Inner", "Startup Cost": 328951.73, "Total Cost": 335272.51, "Plan Rows": 2528311, "Plan Width": 21, "Sort Key": ["t.id"], "Plans": [{"Node Type": "Seq Scan", "Parent Relationship": "Outer", "Relation Name": "title", "Alias": "t", "Startup Cost": 0.0, "Total Cost": 60069.11, "Plan Rows": 2528311, "Plan Width": 21}]}]}]}, {"Node Type": "Sort", "Parent Relationship": "Inner", "Startup Cost": 109058.87, "Total Cost": 111312.23, "Plan Rows": 901342, "Plan Width": 20, "Sort Key": ["an1.person_id"], "Plans": [{"Node Type": "Seq Scan", "Parent Relationship": "Outer", "Relation Name": "aka_name", "Alias": "an1", "Startup Cost": 0.0, "Total Cost": 19908.42, "Plan Rows": 901342, "Plan Width": 20}]}]}, {"Node Type": "Bitmap Heap Scan", "Parent Relationship": "Inner", "Relation Name": "name", "Alias": "n1", "Startup Cost": 0.26, "Total Cost": 4.27, "Plan Rows": 1, "Plan Width": 4, "Recheck Cond": "(id = ci.person_id)", "Plans": [{"Node Type": "Bitmap Index Scan", "Parent Relationship": "Outer", "Index Name": "name_pkey", "Startup Cost": 0.0, "Total Cost": 0.26, "Plan Rows": 1, "Plan Width": 0, "Index Cond": "(id = ci.person_id)"}]}]}]}, "Unique SQL Id": 2457761703, "Planner Runtime": 39}, "explain_analyze_plan": {"Plan": {"Node Type": "Aggregate", "Strategy": "Plain", "Startup Cost": 3346738.97, "Total Cost": 3346738.98, "Plan Rows": 1, "Plan Width": 97, "Actual Startup Time": 9877.921, "Actual Total Time": 9877.921, "Actual Rows": 1, "Actual Loops": 1, "Plans": [{"Node Type": "Nested Loop", "Parent Relationship": "Outer", "Join Type": "Inner", "Startup Cost": 1803946.7, "Total Cost": 3344953.48, "Plan Rows": 357098, "Plan Width": 33, "Actual Startup Time": 7566.344, "Actual Total Time": 9656.197, "Actual Rows": 323005, "Actual Loops": 1, "Inner Unique": true, "Join Filter": "(an1.person_id = n1.id), (LLVM Optimized, Jit Execute)", "Rows Removed by Join Filter": 0, "Plans": [{"Node Type": "Merge Join", "Parent Relationship": "Outer", "Join Type": "Inner", "Startup Cost": 1803946.44, "Total Cost": 1814978.27, "Plan Rows": 357098, "Plan Width": 41, "Actual Startup Time": 7566.276, "Actual Total Time": 7999.996, "Actual Rows": 323005, "Actual Loops": 1, "Inner Unique": false, "Merge Cond": "(ci.person_id = an1.person_id)", "Plans": [{"Node Type": "Sort", "Parent Relationship": "Outer", "Startup Cost": 1694887.5, "Total Cost": 1696663.64, "Plan Rows": 710459, "Plan Width": 21, "Actual Startup Time": 6931.134, "Actual Total Time": 6974.978, "Actual Rows": 285537, "Actual Loops": 1, "Sort Key": ["ci.person_id"], "Sort Method": "quicksort", "Sort Space Used": 39613, "Sort Space Type": "Memory", "Plans": [{"Node Type": "Merge Join", "Parent Relationship": "Outer", "Join Type": "Inner", "Startup Cost": 1564728.72, "Total Cost": 1625836.59, "Plan Rows": 710459, "Plan Width": 21, "Actual Startup Time": 5404.44, "Actual Total Time": 6834.957, "Actual Rows": 285537, "Actual Loops": 1, "Inner Unique": true, "Merge Cond": "(ci.movie_id = t.id)", "Plans": [{"Node Type": "Merge Join", "Parent Relationship": "Outer", "Join Type": "Inner", "Startup Cost": 1235776.7, "Total Cost": 1275372.45, "Plan Rows": 711018, "Plan Width": 12, "Actual Startup Time": 3515.609, "Actual Total Time": 4060.446, "Actual Rows": 285537, "Actual Loops": 1, "Inner Unique": false, "Merge Cond": "(mc.movie_id = ci.movie_id)", "Plans": [{"Node Type": "Sort", "Parent Relationship": "Outer", "Startup Cost": 489151.99, "Total Cost": 492357.77, "Plan Rows": 1282311, "Plan Width": 4, "Actual Startup Time": 3251.172, "Actual Total Time": 3479.071, "Actual Rows": 1153797, "Actual Loops": 1, "Sort Key": ["mc.movie_id"], "Sort Method": "quicksort", "Sort Space Used": 121265, "Sort Space Type": "Memory", "Plans": [{"Node Type": "Merge Join", "Parent Relationship": "Outer", "Join Type": "Inner", "Startup Cost": 333103.9, "Total Cost": 359059.52, "Plan Rows": 1282311, "Plan Width": 4, "Actual Startup Time": 1753.143, "Actual Total Time": 2826.0, "Actual Rows": 1153797, "Actual Loops": 1, "Inner Unique": false, "Merge Cond": "(cn.id = mc.company_id)", "Plans": [{"Node Type": "Sort", "Parent Relationship": "Outer", "Startup Cost": 12878.05, "Total Cost": 13090.97, "Plan Rows": 85170, "Plan Width": 4, "Actual Startup Time": 124.048, "Actual Total Time": 143.899, "Actual Rows": 84843, "Actual Loops": 1, "Sort Key": ["cn.id"], "Sort Method": "quicksort", "Sort Space Used": 8375, "Sort Space Type": "Memory", "Plans": [{"Node Type": "Seq Scan", "Parent Relationship": "Outer", "Relation Name": "company_name", "Alias": "cn", "Startup Cost": 0.0, "Total Cost": 5903.45, "Plan Rows": 85170, "Plan Width": 4, "Actual Startup Time": 0.034, "Actual Total Time": 94.056, "Actual Rows": 84843, "Actual Loops": 1, "Filter": "((country_code)::text = '[us]'::text)", "Rows Removed by Filter": 150153}]}, {"Node Type": "Sort", "Parent Relationship": "Inner", "Startup Cost": 319886.87, "Total Cost": 326409.69, "Plan Rows": 2609128, "Plan Width": 8, "Actual Startup Time": 1629.084, "Actual Total Time": 2175.0, "Actual Rows": 2609128, "Actual Loops": 1, "Sort Key": ["mc.company_id"], "Sort Method": "quicksort", "Sort Space Used": 261375, "Sort Space Type": "Memory", "Plans": [{"Node Type": "Seq Scan", "Parent Relationship": "Outer", "Relation Name": "movie_companies", "Alias": "mc", "Startup Cost": 0.0, "Total Cost": 41817.28, "Plan Rows": 2609128, "Plan Width": 8, "Actual Startup Time": 0.035, "Actual Total Time": 729.581, "Actual Rows": 2609128, "Actual Loops": 1}]}]}]}, {"Node Type": "Sort", "Parent Relationship": "Inner", "Startup Cost": 746624.39, "Total Cost": 754865.19, "Plan Rows": 3296318, "Plan Width": 8, "Actual Startup Time": 264.424, "Actual Total Time": 320.731, "Actual Rows": 461759, "Actual Loops": 1, "Sort Key": ["ci.movie_id"], "Sort Method": "quicksort", "Sort Space Used": 29564, "Sort Space Type": "Memory", "Plans": [{"Node Type": "Nested Loop", "Parent Relationship": "Outer", "Join Type": "Inner", "Startup Cost": 76306.71, "Total Cost": 389758.02, "Plan Rows": 3296318, "Plan Width": 8, "Actual Startup Time": 31.002, "Actual Total Time": 170.825, "Actual Rows": 276403, "Actual Loops": 1, "Inner Unique": false, "Plans": [{"Node Type": "Seq Scan", "Parent Relationship": "Outer", "Relation Name": "role_type", "Alias": "rt", "Startup Cost": 0.0, "Total Cost": 1.15, "Plan Rows": 1, "Plan Width": 4, "Actual Startup Time": 0.041, "Actual Total Time": 0.051, "Actual Rows": 1, "Actual Loops": 1, "Filter": "((role)::text = 'costume designer'::text)", "Rows Removed by Filter": 11}, {"Node Type": "Bitmap Heap Scan", "Parent Relationship": "Inner", "Relation Name": "cast_info", "Alias": "ci", "Startup Cost": 76306.71, "Total Cost": 356793.69, "Plan Rows": 3296318, "Plan Width": 12, "Actual Startup Time": 30.946, "Actual Total Time": 123.049, "Actual Rows": 276403, "Actual Loops": 1, "Recheck Cond": "(role_id = rt.id), (LLVM Optimized, Jit Execute)", "Rows Removed by Index Recheck": 0, "Exact Heap Blocks": 1654, "Lossy Heap Blocks": 1654, "Plans": [{"Node Type": "Bitmap Index Scan", "Parent Relationship": "Outer", "Index Name": "role_id_cast_info", "Startup Cost": 0.0, "Total Cost": 75482.63, "Plan Rows": 3296318, "Plan Width": 0, "Actual Startup Time": 30.673, "Actual Total Time": 30.673, "Actual Rows": 276403, "Actual Loops": 1, "Index Cond": "(role_id = rt.id)"}]}]}]}]}, {"Node Type": "Sort", "Parent Relationship": "Inner", "Startup Cost": 328951.73, "Total Cost": 335272.51, "Plan Rows": 2528311, "Plan Width": 21, "Actual Startup Time": 1888.811, "Actual Total Time": 2306.159, "Actual Rows": 2525722, "Actual Loops": 1, "Sort Key": ["t.id"], "Sort Method": "quicksort", "Sort Space Used": 344074, "Sort Space Type": "Memory", "Plans": [{"Node Type": "Seq Scan", "Parent Relationship": "Outer", "Relation Name": "title", "Alias": "t", "Startup Cost": 0.0, "Total Cost": 60069.11, "Plan Rows": 2528311, "Plan Width": 21, "Actual Startup Time": 0.04, "Actual Total Time": 800.891, "Actual Rows": 2528311, "Actual Loops": 1}]}]}]}, {"Node Type": "Sort", "Parent Relationship": "Inner", "Startup Cost": 109058.87, "Total Cost": 111312.23, "Plan Rows": 901342, "Plan Width": 20, "Actual Startup Time": 635.113, "Actual Total Time": 764.428, "Actual Rows": 1003872, "Actual Loops": 1, "Sort Key": ["an1.person_id"], "Sort Method": "quicksort", "Sort Space Used": 109040, "Sort Space Type": "Memory", "Plans": [{"Node Type": "Seq Scan", "Parent Relationship": "Outer", "Relation Name": "aka_name", "Alias": "an1", "Startup Cost": 0.0, "Total Cost": 19908.42, "Plan Rows": 901342, "Plan Width": 20, "Actual Startup Time": 0.037, "Actual Total Time": 269.513, "Actual Rows": 901342, "Actual Loops": 1}]}]}, {"Node Type": "Bitmap Heap Scan", "Parent Relationship": "Inner", "Relation Name": "name", "Alias": "n1", "Startup Cost": 0.26, "Total Cost": 4.27, "Plan Rows": 1, "Plan Width": 4, "Actual Startup Time": 1193.312, "Actual Total Time": 1193.312, "Actual Rows": 323005, "Actual Loops": 323005, "Recheck Cond": "(id = ci.person_id)", "Rows Removed by Index Recheck": 0, "Exact Heap Blocks": 323005, "Lossy Heap Blocks": 323005, "Plans": [{"Node Type": "Bitmap Index Scan", "Parent Relationship": "Outer", "Index Name": "name_pkey", "Startup Cost": 0.0, "Total Cost": 0.26, "Plan Rows": 1, "Plan Width": 0, "Actual Startup Time": 762.147, "Actual Total Time": 762.147, "Actual Rows": 323005, "Actual Loops": 323005, "Index Cond": "(id = ci.person_id)"}]}]}]}, "Triggers": [], "Planner Runtime": 38.573, "Total Runtime": 9888.014, "Unique SQL Id": 2457761703}}, "(64, '83')": {"explain_plan": {"Plan": {"Node Type": "Aggregate", "Strategy": "Plain", "Startup Cost": 2599287.33, "Total Cost": 2599287.34, "Plan Rows": 1, "Plan Width": 97, "Plans": [{"Node Type": "Merge Join", "Parent Relationship": "Outer", "Join Type": "Inner", "Startup Cost": 2561169.56, "Total Cost": 2597501.84, "Plan Rows": 357098, "Plan Width": 33, "Inner Unique": true, "Merge Cond": "(an1.person_id = n1.id)", "Plans": [{"Node Type": "Merge Join", "Parent Relationship": "Outer", "Join Type": "Inner", "Startup Cost": 1925666.62, "Total Cost": 1936698.45, "Plan Rows": 357098, "Plan Width": 41, "Inner Unique": false, "Merge Cond": "(ci.person_id = an1.person_id)", "Plans": [{"Node Type": "Sort", "Parent Relationship": "Outer", "Startup Cost": 1799975.38, "Total Cost": 1801751.53, "Plan Rows": 710459, "Plan Width": 21, "Sort Key": ["ci.person_id"], "Plans": [{"Node Type": "Merge Join", "Parent Relationship": "Outer", "Join Type": "Inner", "Startup Cost": 1669816.61, "Total Cost": 1730924.48, "Plan Rows": 710459, "Plan Width": 21, "Inner Unique": true, "Merge Cond": "(ci.movie_id = t.id)", "Plans": [{"Node Type": "Merge Join", "Parent Relationship": "Outer", "Join Type": "Inner", "Startup Cost": 1290578.7, "Total Cost": 1330174.45, "Plan Rows": 711018, "Plan Width": 12, "Inner Unique": false, "Merge Cond": "(mc.movie_id = ci.movie_id)", "Plans": [{"Node Type": "Sort", "Parent Relationship": "Outer", "Startup Cost": 543942.68, "Total Cost": 547148.46, "Plan Rows": 1282311, "Plan Width": 4, "Sort Key": ["mc.movie_id"], "Plans": [{"Node Type": "Merge Join", "Parent Relationship": "Outer", "Join Type": "Inner", "Startup Cost": 387894.59, "Total Cost": 413850.21, "Plan Rows": 1282311, "Plan Width": 4, "Inner Unique": false, "Merge Cond": "(cn.id = mc.company_id)", "Plans": [{"Node Type": "Sort", "Parent Relationship": "Outer", "Startup Cost": 15678.57, "Total Cost": 15891.49, "Plan Rows": 85170, "Plan Width": 4, "Sort Key": ["cn.id"], "Plans": [{"Node Type": "Bitmap Heap Scan", "Parent Relationship": "Outer", "Relation Name": "company_name", "Alias": "cn", "Startup Cost": 2800.52, "Total Cost": 8703.97, "Plan Rows": 85170, "Plan Width": 4, "Filter": "((country_code)::text = '[us]'::text)", "Plans": [{"Node Type": "Bitmap Index Scan", "Parent Relationship": "Outer", "Index Name": "company_name_pkey", "Startup Cost": 0.0, "Total Cost": 2779.23, "Plan Rows": 234996, "Plan Width": 0}]}]}, {"Node Type": "Sort", "Parent Relationship": "Inner", "Startup Cost": 371877.05, "Total Cost": 378399.87, "Plan Rows": 2609128, "Plan Width": 8, "Sort Key": ["mc.company_id"], "Plans": [{"Node Type": "Bitmap Heap Scan", "Parent Relationship": "Outer", "Relation Name": "movie_companies", "Alias": "mc", "Startup Cost": 51990.17, "Total Cost": 93807.45, "Plan Rows": 2609128, "Plan Width": 8, "Plans": [{"Node Type": "Bitmap Index Scan", "Parent Relationship": "Outer", "Index Name": "movie_id_movie_companies", "Startup Cost": 0.0, "Total Cost": 51337.89, "Plan Rows": 2609128, "Plan Width": 0}]}]}]}]}, {"Node Type": "Sort", "Parent Relationship": "Inner", "Startup Cost": 746635.7, "Total Cost": 754876.5, "Plan Rows": 3296318, "Plan Width": 8, "Sort Key": ["ci.movie_id"], "Plans": [{"Node Type": "Nested Loop", "Parent Relationship": "Outer", "Join Type": "Inner", "Startup Cost": 76315.02, "Total Cost": 389769.33, "Plan Rows": 3296318, "Plan Width": 8, "Inner Unique": false, "Plans": [{"Node Type": "Bitmap Heap Scan", "Parent Relationship": "Outer", "Relation Name": "role_type", "Alias": "rt", "Startup Cost": 8.31, "Total Cost": 12.46, "Plan Rows": 1, "Plan Width": 4, "Filter": "((role)::text = 'costume designer'::text)", "Plans": [{"Node Type": "Bitmap Index Scan", "Parent Relationship": "Outer", "Index Name": "role_type_pkey", "Startup Cost": 0.0, "Total Cost": 8.31, "Plan Rows": 12, "Plan Width": 0}]}, {"Node Type": "Bitmap Heap Scan", "Parent Relationship": "Inner", "Relation Name": "cast_info", "Alias": "ci", "Startup Cost": 76306.71, "Total Cost": 356793.69, "Plan Rows": 3296318, "Plan Width": 12, "Recheck Cond": "(role_id = rt.id), (LLVM Optimized)", "Plans": [{"Node Type": "Bitmap Index Scan", "Parent Relationship": "Outer", "Index Name": "role_id_cast_info", "Startup Cost": 0.0, "Total Cost": 75482.63, "Plan Rows": 3296318, "Plan Width": 0, "Index Cond": "(role_id = rt.id)"}]}]}]}]}, {"Node Type": "Sort", "Parent Relationship": "Inner", "Startup Cost": 379237.61, "Total Cost": 385558.39, "Plan Rows": 2528311, "Plan Width": 21, "Sort Key": ["t.id"], "Plans": [{"Node Type": "Bitmap Heap Scan", "Parent Relationship": "Outer", "Relation Name": "title", "Alias": "t", "Startup Cost": 50285.88, "Total Cost": 110354.99, "Plan Rows": 2528311, "Plan Width": 21, "Plans": [{"Node Type": "Bitmap Index Scan", "Parent Relationship": "Outer", "Index Name": "title_pkey", "Startup Cost": 0.0, "Total Cost": 49653.81, "Plan Rows": 2528311, "Plan Width": 0}]}]}]}]}, {"Node Type": "Sort", "Parent Relationship": "Inner", "Startup Cost": 125691.17, "Total Cost": 127944.52, "Plan Rows": 901342, "Plan Width": 20, "Sort Key": ["an1.person_id"], "Plans": [{"Node Type": "Bitmap Heap Scan", "Parent Relationship": "Outer", "Relation Name": "aka_name", "Alias": "an1", "Startup Cost": 16632.3, "Total Cost": 36540.72, "Plan Rows": 901342, "Plan Width": 20, "Plans": [{"Node Type": "Bitmap Index Scan", "Parent Relationship": "Outer", "Index Name": "person_id_aka_name", "Startup Cost": 0.0, "Total Cost": 16406.96, "Plan Rows": 901342, "Plan Width": 0}]}]}]}, {"Node Type": "Sort", "Parent Relationship": "Inner", "Startup Cost": 635502.57, "Total Cost": 645921.29, "Plan Rows": 4167490, "Plan Width": 4, "Sort Key": ["n1.id"], "Plans": [{"Node Type": "Bitmap Heap Scan", "Parent Relationship": "Outer", "Relation Name": "name", "Alias": "n1", "Startup Cost": 84199.57, "Total Cost": 177271.47, "Plan Rows": 4167490, "Plan Width": 4, "Plans": [{"Node Type": "Bitmap Index Scan", "Parent Relationship": "Outer", "Index Name": "name_pkey", "Startup Cost": 0.0, "Total Cost": 83157.7, "Plan Rows": 4167490, "Plan Width": 0}]}]}]}]}, "Unique SQL Id": 2457761703, "Planner Runtime": 43}, "explain_analyze_plan": null}, "(64, '84')": {"explain_plan": {"Plan": {"Node Type": "Aggregate", "Strategy": "Plain", "Startup Cost": 1196640.37, "Total Cost": 1196640.38, "Plan Rows": 1, "Plan Width": 97, "Plans": [{"Node Type": "Nested Loop", "Parent Relationship": "Outer", "Join Type": "Inner", "Startup Cost": 920804.93, "Total Cost": 1194854.88, "Plan Rows": 357098, "Plan Width": 33, "Inner Unique": true, "Join Filter": "(an1.person_id = n1.id), (LLVM Optimized)", "Plans": [{"Node Type": "Nested Loop", "Parent Relationship": "Outer", "Join Type": "Inner", "Startup Cost": 920804.93, "Total Cost": 1091336.23, "Plan Rows": 357098, "Plan Width": 41, "Inner Unique": true, "Plans": [{"Node Type": "Merge Join", "Parent Relationship": "Outer", "Join Type": "Inner", "Startup Cost": 920804.93, "Total Cost": 989533.89, "Plan Rows": 357379, "Plan Width": 32, "Inner Unique": false, "Merge Cond": "(an1.person_id = ci.person_id)", "Plans": [{"Node Type": "Index Scan", "Parent Relationship": "Outer", "Scan Direction": "Forward", "Index Name": "person_id_aka_name", "Relation Name": "aka_name", "Alias": "an1", "Startup Cost": 0.0, "Total Cost": 68965.03, "Plan Rows": 901342, "Plan Width": 20}, {"Node Type": "Sort", "Parent Relationship": "Inner", "Startup Cost": 920804.86, "Total Cost": 922582.4, "Plan Rows": 711018, "Plan Width": 12, "Sort Key": ["ci.person_id"], "Plans": [{"Node Type": "Merge Join", "Parent Relationship": "Outer", "Join Type": "Inner", "Startup Cost": 812099.84, "Total Cost": 851695.59, "Plan Rows": 711018, "Plan Width": 12, "Inner Unique": false, "Merge Cond": "(mc.movie_id = ci.movie_id)", "Plans": [{"Node Type": "Sort", "Parent Relationship": "Outer", "Startup Cost": 283826.21, "Total Cost": 287031.99, "Plan Rows": 1282311, "Plan Width": 4, "Sort Key": ["mc.movie_id"], "Plans": [{"Node Type": "Merge Join", "Parent Relationship": "Outer", "Join Type": "Inner", "Startup Cost": 3383.04, "Total Cost": 153733.74, "Plan Rows": 1282311, "Plan Width": 4, "Inner Unique": false, "Merge Cond": "(cn.id = mc.company_id)", "Plans": [{"Node Type": "Index Scan", "Parent Relationship": "Outer", "Scan Direction": "Forward", "Index Name": "company_name_pkey", "Relation Name": "company_name", "Alias": "cn", "Startup Cost": 0.0, "Total Cost": 10501.39, "Plan Rows": 85170, "Plan Width": 4, "Filter": "((country_code)::text = '[us]'::text)"}, {"Node Type": "Index Scan", "Parent Relationship": "Inner", "Scan Direction": "Forward", "Index Name": "company_id_movie_companies", "Relation Name": "movie_companies", "Alias": "mc", "Startup Cost": 0.0, "Total Cost": 123673.5, "Plan Rows": 2609128, "Plan Width": 8}]}]}, {"Node Type": "Sort", "Parent Relationship": "Inner", "Startup Cost": 528273.31, "Total Cost": 536514.11, "Plan Rows": 3296318, "Plan Width": 8, "Sort Key": ["ci.movie_id"], "Plans": [{"Node Type": "Nested Loop", "Parent Relationship": "Outer", "Join Type": "Inner", "Startup Cost": 0.0, "Total Cost": 171406.94, "Plan Rows": 3296318, "Plan Width": 8, "Inner Unique": false, "Plans": [{"Node Type": "Seq Scan", "Parent Relationship": "Outer", "Relation Name": "role_type", "Alias": "rt", "Startup Cost": 0.0, "Total Cost": 1.15, "Plan Rows": 1, "Plan Width": 4, "Filter": "((role)::text = 'costume designer'::text)"}, {"Node Type": "Index Scan", "Parent Relationship": "Inner", "Scan Direction": "Forward", "Index Name": "role_id_cast_info", "Relation Name": "cast_info", "Alias": "ci", "Startup Cost": 0.0, "Total Cost": 138442.61, "Plan Rows": 3296318, "Plan Width": 12, "Index Cond": "(role_id = rt.id), (LLVM Optimized)"}]}]}]}]}]}, {"Node Type": "Index Scan", "Parent Relationship": "Inner", "Scan Direction": "Forward", "Index Name": "title_pkey", "Relation Name": "title", "Alias": "t", "Startup Cost": 0.0, "Total Cost": 0.27, "Plan Rows": 1, "Plan Width": 21, "Index Cond": "(id = ci.movie_id)"}]}, {"Node Type": "Index Scan", "Parent Relationship": "Inner", "Scan Direction": "Forward", "Index Name": "name_pkey", "Relation Name": "name", "Alias": "n1", "Startup Cost": 0.0, "Total Cost": 0.28, "Plan Rows": 1, "Plan Width": 4, "Index Cond": "(id = ci.person_id)"}]}]}, "Unique SQL Id": 2457761703, "Planner Runtime": 42}, "explain_analyze_plan": {"Plan": {"Node Type": "Aggregate", "Strategy": "Plain", "Startup Cost": 1196640.37, "Total Cost": 1196640.38, "Plan Rows": 1, "Plan Width": 97, "Actual Startup Time": 8495.509, "Actual Total Time": 8495.509, "Actual Rows": 1, "Actual Loops": 1, "Plans": [{"Node Type": "Nested Loop", "Parent Relationship": "Outer", "Join Type": "Inner", "Startup Cost": 920804.93, "Total Cost": 1194854.88, "Plan Rows": 357098, "Plan Width": 33, "Actual Startup Time": 5093.029, "Actual Total Time": 8290.645, "Actual Rows": 323005, "Actual Loops": 1, "Inner Unique": true, "Join Filter": "(an1.person_id = n1.id), (LLVM Optimized, Jit Execute)", "Rows Removed by Join Filter": 0, "Plans": [{"Node Type": "Nested Loop", "Parent Relationship": "Outer", "Join Type": "Inner", "Startup Cost": 920804.93, "Total Cost": 1091336.23, "Plan Rows": 357098, "Plan Width": 41, "Actual Startup Time": 5092.999, "Actual Total Time": 7189.077, "Actual Rows": 323005, "Actual Loops": 1, "Inner Unique": true, "Plans": [{"Node Type": "Merge Join", "Parent Relationship": "Outer", "Join Type": "Inner", "Startup Cost": 920804.93, "Total Cost": 989533.89, "Plan Rows": 357379, "Plan Width": 32, "Actual Startup Time": 5092.965, "Actual Total Time": 5908.661, "Actual Rows": 323005, "Actual Loops": 1, "Inner Unique": false, "Merge Cond": "(an1.person_id = ci.person_id)", "Plans": [{"Node Type": "Index Scan", "Parent Relationship": "Outer", "Scan Direction": "Forward", "Index Name": "person_id_aka_name", "Relation Name": "aka_name", "Alias": "an1", "Startup Cost": 0.0, "Total Cost": 68965.03, "Plan Rows": 901342, "Plan Width": 20, "Actual Startup Time": 0.032, "Actual Total Time": 511.229, "Actual Rows": 688852, "Actual Loops": 1}, {"Node Type": "Sort", "Parent Relationship": "Inner", "Startup Cost": 920804.86, "Total Cost": 922582.4, "Plan Rows": 711018, "Plan Width": 12, "Actual Startup Time": 5092.873, "Actual Total Time": 5180.93, "Actual Rows": 445949, "Actual Loops": 1, "Sort Key": ["ci.person_id"], "Sort Method": "quicksort", "Sort Space Used": 39058, "Sort Space Type": "Memory", "Plans": [{"Node Type": "Merge Join", "Parent Relationship": "Outer", "Join Type": "Inner", "Startup Cost": 812099.84, "Total Cost": 851695.59, "Plan Rows": 711018, "Plan Width": 12, "Actual Startup Time": 4550.312, "Actual Total Time": 5004.167, "Actual Rows": 285537, "Actual Loops": 1, "Inner Unique": false, "Merge Cond": "(mc.movie_id = ci.movie_id)", "Plans": [{"Node Type": "Sort", "Parent Relationship": "Outer", "Startup Cost": 283826.21, "Total Cost": 287031.99, "Plan Rows": 1282311, "Plan Width": 4, "Actual Startup Time": 4250.556, "Actual Total Time": 4388.717, "Actual Rows": 1153797, "Actual Loops": 1, "Sort Key": ["mc.movie_id"], "Sort Method": "quicksort", "Sort Space Used": 121265, "Sort Space Type": "Memory", "Plans": [{"Node Type": "Merge Join", "Parent Relationship": "Outer", "Join Type": "Inner", "Startup Cost": 3383.04, "Total Cost": 153733.74, "Plan Rows": 1282311, "Plan Width": 4, "Actual Startup Time": 0.051, "Actual Total Time": 3806.009, "Actual Rows": 1153797, "Actual Loops": 1, "Inner Unique": false, "Merge Cond": "(cn.id = mc.company_id)", "Plans": [{"Node Type": "Index Scan", "Parent Relationship": "Outer", "Scan Direction": "Forward", "Index Name": "company_name_pkey", "Relation Name": "company_name", "Alias": "cn", "Startup Cost": 0.0, "Total Cost": 10501.39, "Plan Rows": 85170, "Plan Width": 4, "Actual Startup Time": 0.027, "Actual Total Time": 354.479, "Actual Rows": 84843, "Actual Loops": 1, "Filter": "((country_code)::text = '[us]'::text)", "Rows Removed by Filter": 150153}, {"Node Type": "Index Scan", "Parent Relationship": "Inner", "Scan Direction": "Forward", "Index Name": "company_id_movie_companies", "Relation Name": "movie_companies", "Alias": "mc", "Startup Cost": 0.0, "Total Cost": 123673.5, "Plan Rows": 2609128, "Plan Width": 8, "Actual Startup Time": 0.02, "Actual Total Time": 2890.006, "Actual Rows": 2609128, "Actual Loops": 1}]}]}, {"Node Type": "Sort", "Parent Relationship": "Inner", "Startup Cost": 528273.31, "Total Cost": 536514.11, "Plan Rows": 3296318, "Plan Width": 8, "Actual Startup Time": 299.735, "Actual Total Time": 350.537, "Actual Rows": 461759, "Actual Loops": 1, "Sort Key": ["ci.movie_id"], "Sort Method": "quicksort", "Sort Space Used": 29564, "Sort Space Type": "Memory", "Plans": [{"Node Type": "Nested Loop", "Parent Relationship": "Outer", "Join Type": "Inner", "Startup Cost": 0.0, "Total Cost": 171406.94, "Plan Rows": 3296318, "Plan Width": 8, "Actual Startup Time": 0.096, "Actual Total Time": 200.176, "Actual Rows": 276403, "Actual Loops": 1, "Inner Unique": false, "Plans": [{"Node Type": "Seq Scan", "Parent Relationship": "Outer", "Relation Name": "role_type", "Alias": "rt", "Startup Cost": 0.0, "Total Cost": 1.15, "Plan Rows": 1, "Plan Width": 4, "Actual Startup Time": 0.037, "Actual Total Time": 0.047, "Actual Rows": 1, "Actual Loops": 1, "Filter": "((role)::text = 'costume designer'::text)", "Rows Removed by Filter": 11}, {"Node Type": "Index Scan", "Parent Relationship": "Inner", "Scan Direction": "Forward", "Index Name": "role_id_cast_info", "Relation Name": "cast_info", "Alias": "ci", "Startup Cost": 0.0, "Total Cost": 138442.61, "Plan Rows": 3296318, "Plan Width": 12, "Actual Startup Time": 0.051, "Actual Total Time": 148.8, "Actual Rows": 276403, "Actual Loops": 1, "Index Cond": "(role_id = rt.id), (LLVM Optimized, Jit Execute)", "Rows Removed by Index Recheck": 0}]}]}]}]}]}, {"Node Type": "Index Scan", "Parent Relationship": "Inner", "Scan Direction": "Forward", "Index Name": "title_pkey", "Relation Name": "title", "Alias": "t", "Startup Cost": 0.0, "Total Cost": 0.27, "Plan Rows": 1, "Plan Width": 21, "Actual Startup Time": 1024.512, "Actual Total Time": 1024.512, "Actual Rows": 323005, "Actual Loops": 323005, "Index Cond": "(id = ci.movie_id)", "Rows Removed by Index Recheck": 0}]}, {"Node Type": "Index Scan", "Parent Relationship": "Inner", "Scan Direction": "Forward", "Index Name": "name_pkey", "Relation Name": "name", "Alias": "n1", "Startup Cost": 0.0, "Total Cost": 0.28, "Plan Rows": 1, "Plan Width": 4, "Actual Startup Time": 831.779, "Actual Total Time": 831.779, "Actual Rows": 323005, "Actual Loops": 323005, "Index Cond": "(id = ci.person_id)", "Rows Removed by Index Recheck": 0}]}]}, "Triggers": [], "Planner Runtime": 42.972, "Total Runtime": 8505.439, "Unique SQL Id": 2457761703}}, "(64, '85')": {"explain_plan": {"Plan": {"Node Type": "Aggregate", "Strategy": "Plain", "Startup Cost": 1196651.68, "Total Cost": 1196651.69, "Plan Rows": 1, "Plan Width": 97, "Plans": [{"Node Type": "Nested Loop", "Parent Relationship": "Outer", "Join Type": "Inner", "Startup Cost": 920816.24, "Total Cost": 1194866.19, "Plan Rows": 357098, "Plan Width": 33, "Inner Unique": true, "Join Filter": "(an1.person_id = n1.id), (LLVM Optimized)", "Plans": [{"Node Type": "Nested Loop", "Parent Relationship": "Outer", "Join Type": "Inner", "Startup Cost": 920816.24, "Total Cost": 1091347.54, "Plan Rows": 357098, "Plan Width": 41, "Inner Unique": true, "Plans": [{"Node Type": "Merge Join", "Parent Relationship": "Outer", "Join Type": "Inner", "Startup Cost": 920816.24, "Total Cost": 989545.2, "Plan Rows": 357379, "Plan Width": 32, "Inner Unique": false, "Merge Cond": "(an1.person_id = ci.person_id)", "Plans": [{"Node Type": "Index Scan", "Parent Relationship": "Outer", "Scan Direction": "Forward", "Index Name": "person_id_aka_name", "Relation Name": "aka_name", "Alias": "an1", "Startup Cost": 0.0, "Total Cost": 68965.03, "Plan Rows": 901342, "Plan Width": 20}, {"Node Type": "Sort", "Parent Relationship": "Inner", "Startup Cost": 920816.17, "Total Cost": 922593.71, "Plan Rows": 711018, "Plan Width": 12, "Sort Key": ["ci.person_id"], "Plans": [{"Node Type": "Merge Join", "Parent Relationship": "Outer", "Join Type": "Inner", "Startup Cost": 812111.15, "Total Cost": 851706.9, "Plan Rows": 711018, "Plan Width": 12, "Inner Unique": false, "Merge Cond": "(mc.movie_id = ci.movie_id)", "Plans": [{"Node Type": "Sort", "Parent Relationship": "Outer", "Startup Cost": 283826.21, "Total Cost": 287031.99, "Plan Rows": 1282311, "Plan Width": 4, "Sort Key": ["mc.movie_id"], "Plans": [{"Node Type": "Merge Join", "Parent Relationship": "Outer", "Join Type": "Inner", "Startup Cost": 3383.04, "Total Cost": 153733.74, "Plan Rows": 1282311, "Plan Width": 4, "Inner Unique": false, "Merge Cond": "(cn.id = mc.company_id)", "Plans": [{"Node Type": "Index Scan", "Parent Relationship": "Outer", "Scan Direction": "Forward", "Index Name": "company_name_pkey", "Relation Name": "company_name", "Alias": "cn", "Startup Cost": 0.0, "Total Cost": 10501.39, "Plan Rows": 85170, "Plan Width": 4, "Filter": "((country_code)::text = '[us]'::text)"}, {"Node Type": "Index Scan", "Parent Relationship": "Inner", "Scan Direction": "Forward", "Index Name": "company_id_movie_companies", "Relation Name": "movie_companies", "Alias": "mc", "Startup Cost": 0.0, "Total Cost": 123673.5, "Plan Rows": 2609128, "Plan Width": 8}]}]}, {"Node Type": "Sort", "Parent Relationship": "Inner", "Startup Cost": 528284.62, "Total Cost": 536525.42, "Plan Rows": 3296318, "Plan Width": 8, "Sort Key": ["ci.movie_id"], "Plans": [{"Node Type": "Nested Loop", "Parent Relationship": "Outer", "Join Type": "Inner", "Startup Cost": 0.0, "Total Cost": 171418.25, "Plan Rows": 3296318, "Plan Width": 8, "Inner Unique": false, "Plans": [{"Node Type": "Index Scan", "Parent Relationship": "Outer", "Scan Direction": "Forward", "Index Name": "role_type_pkey", "Relation Name": "role_type", "Alias": "rt", "Startup Cost": 0.0, "Total Cost": 12.46, "Plan Rows": 1, "Plan Width": 4, "Filter": "((role)::text = 'costume designer'::text)"}, {"Node Type": "Index Scan", "Parent Relationship": "Inner", "Scan Direction": "Forward", "Index Name": "role_id_cast_info", "Relation Name": "cast_info", "Alias": "ci", "Startup Cost": 0.0, "Total Cost": 138442.61, "Plan Rows": 3296318, "Plan Width": 12, "Index Cond": "(role_id = rt.id), (LLVM Optimized)"}]}]}]}]}]}, {"Node Type": "Index Scan", "Parent Relationship": "Inner", "Scan Direction": "Forward", "Index Name": "title_pkey", "Relation Name": "title", "Alias": "t", "Startup Cost": 0.0, "Total Cost": 0.27, "Plan Rows": 1, "Plan Width": 21, "Index Cond": "(id = ci.movie_id)"}]}, {"Node Type": "Index Scan", "Parent Relationship": "Inner", "Scan Direction": "Forward", "Index Name": "name_pkey", "Relation Name": "name", "Alias": "n1", "Startup Cost": 0.0, "Total Cost": 0.28, "Plan Rows": 1, "Plan Width": 4, "Index Cond": "(id = ci.person_id)"}]}]}, "Unique SQL Id": 2457761703, "Planner Runtime": 42}, "explain_analyze_plan": {"Plan": {"Node Type": "Aggregate", "Strategy": "Plain", "Startup Cost": 1196651.68, "Total Cost": 1196651.69, "Plan Rows": 1, "Plan Width": 97, "Actual Startup Time": 8773.615, "Actual Total Time": 8773.616, "Actual Rows": 1, "Actual Loops": 1, "Plans": [{"Node Type": "Nested Loop", "Parent Relationship": "Outer", "Join Type": "Inner", "Startup Cost": 920816.24, "Total Cost": 1194866.19, "Plan Rows": 357098, "Plan Width": 33, "Actual Startup Time": 5291.052, "Actual Total Time": 8568.841, "Actual Rows": 323005, "Actual Loops": 1, "Inner Unique": true, "Join Filter": "(an1.person_id = n1.id), (LLVM Optimized, Jit Execute)", "Rows Removed by Join Filter": 0, "Plans": [{"Node Type": "Nested Loop", "Parent Relationship": "Outer", "Join Type": "Inner", "Startup Cost": 920816.24, "Total Cost": 1091347.54, "Plan Rows": 357098, "Plan Width": 41, "Actual Startup Time": 5291.022, "Actual Total Time": 7467.198, "Actual Rows": 323005, "Actual Loops": 1, "Inner Unique": true, "Plans": [{"Node Type": "Merge Join", "Parent Relationship": "Outer", "Join Type": "Inner", "Startup Cost": 920816.24, "Total Cost": 989545.2, "Plan Rows": 357379, "Plan Width": 32, "Actual Startup Time": 5290.989, "Actual Total Time": 6132.355, "Actual Rows": 323005, "Actual Loops": 1, "Inner Unique": false, "Merge Cond": "(an1.person_id = ci.person_id)", "Plans": [{"Node Type": "Index Scan", "Parent Relationship": "Outer", "Scan Direction": "Forward", "Index Name": "person_id_aka_name", "Relation Name": "aka_name", "Alias": "an1", "Startup Cost": 0.0, "Total Cost": 68965.03, "Plan Rows": 901342, "Plan Width": 20, "Actual Startup Time": 0.033, "Actual Total Time": 564.418, "Actual Rows": 688852, "Actual Loops": 1}, {"Node Type": "Sort", "Parent Relationship": "Inner", "Startup Cost": 920816.17, "Total Cost": 922593.71, "Plan Rows": 711018, "Plan Width": 12, "Actual Startup Time": 5290.891, "Actual Total Time": 5354.111, "Actual Rows": 445949, "Actual Loops": 1, "Sort Key": ["ci.person_id"], "Sort Method": "quicksort", "Sort Space Used": 39058, "Sort Space Type": "Memory", "Plans": [{"Node Type": "Merge Join", "Parent Relationship": "Outer", "Join Type": "Inner", "Startup Cost": 812111.15, "Total Cost": 851706.9, "Plan Rows": 711018, "Plan Width": 12, "Actual Startup Time": 4751.873, "Actual Total Time": 5200.368, "Actual Rows": 285537, "Actual Loops": 1, "Inner Unique": false, "Merge Cond": "(mc.movie_id = ci.movie_id)", "Plans": [{"Node Type": "Sort", "Parent Relationship": "Outer", "Startup Cost": 283826.21, "Total Cost": 287031.99, "Plan Rows": 1282311, "Plan Width": 4, "Actual Startup Time": 4447.208, "Actual Total Time": 4580.902, "Actual Rows": 1153797, "Actual Loops": 1, "Sort Key": ["mc.movie_id"], "Sort Method": "quicksort", "Sort Space Used": 121265, "Sort Space Type": "Memory", "Plans": [{"Node Type": "Merge Join", "Parent Relationship": "Outer", "Join Type": "Inner", "Startup Cost": 3383.04, "Total Cost": 153733.74, "Plan Rows": 1282311, "Plan Width": 4, "Actual Startup Time": 0.049, "Actual Total Time": 4005.557, "Actual Rows": 1153797, "Actual Loops": 1, "Inner Unique": false, "Merge Cond": "(cn.id = mc.company_id)", "Plans": [{"Node Type": "Index Scan", "Parent Relationship": "Outer", "Scan Direction": "Forward", "Index Name": "company_name_pkey", "Relation Name": "company_name", "Alias": "cn", "Startup Cost": 0.0, "Total Cost": 10501.39, "Plan Rows": 85170, "Plan Width": 4, "Actual Startup Time": 0.026, "Actual Total Time": 362.406, "Actual Rows": 84843, "Actual Loops": 1, "Filter": "((country_code)::text = '[us]'::text)", "Rows Removed by Filter": 150153}, {"Node Type": "Index Scan", "Parent Relationship": "Inner", "Scan Direction": "Forward", "Index Name": "company_id_movie_companies", "Relation Name": "movie_companies", "Alias": "mc", "Startup Cost": 0.0, "Total Cost": 123673.5, "Plan Rows": 2609128, "Plan Width": 8, "Actual Startup Time": 0.018, "Actual Total Time": 3083.335, "Actual Rows": 2609128, "Actual Loops": 1}]}]}, {"Node Type": "Sort", "Parent Relationship": "Inner", "Startup Cost": 528284.62, "Total Cost": 536525.42, "Plan Rows": 3296318, "Plan Width": 8, "Actual Startup Time": 304.652, "Actual Total Time": 354.49, "Actual Rows": 461759, "Actual Loops": 1, "Sort Key": ["ci.movie_id"], "Sort Method": "quicksort", "Sort Space Used": 29564, "Sort Space Type": "Memory", "Plans": [{"Node Type": "Nested Loop", "Parent Relationship": "Outer", "Join Type": "Inner", "Startup Cost": 0.0, "Total Cost": 171418.25, "Plan Rows": 3296318, "Plan Width": 8, "Actual Startup Time": 0.099, "Actual Total Time": 202.854, "Actual Rows": 276403, "Actual Loops": 1, "Inner Unique": false, "Plans": [{"Node Type": "Index Scan", "Parent Relationship": "Outer", "Scan Direction": "Forward", "Index Name": "role_type_pkey", "Relation Name": "role_type", "Alias": "rt", "Startup Cost": 0.0, "Total Cost": 12.46, "Plan Rows": 1, "Plan Width": 4, "Actual Startup Time": 0.044, "Actual Total Time": 0.055, "Actual Rows": 1, "Actual Loops": 1, "Filter": "((role)::text = 'costume designer'::text)", "Rows Removed by Filter": 11}, {"Node Type": "Index Scan", "Parent Relationship": "Inner", "Scan Direction": "Forward", "Index Name": "role_id_cast_info", "Relation Name": "cast_info", "Alias": "ci", "Startup Cost": 0.0, "Total Cost": 138442.61, "Plan Rows": 3296318, "Plan Width": 12, "Actual Startup Time": 0.043, "Actual Total Time": 150.494, "Actual Rows": 276403, "Actual Loops": 1, "Index Cond": "(role_id = rt.id), (LLVM Optimized, Jit Execute)", "Rows Removed by Index Recheck": 0}]}]}]}]}]}, {"Node Type": "Index Scan", "Parent Relationship": "Inner", "Scan Direction": "Forward", "Index Name": "title_pkey", "Relation Name": "title", "Alias": "t", "Startup Cost": 0.0, "Total Cost": 0.27, "Plan Rows": 1, "Plan Width": 21, "Actual Startup Time": 1085.081, "Actual Total Time": 1085.081, "Actual Rows": 323005, "Actual Loops": 323005, "Index Cond": "(id = ci.movie_id)", "Rows Removed by Index Recheck": 0}]}, {"Node Type": "Index Scan", "Parent Relationship": "Inner", "Scan Direction": "Forward", "Index Name": "name_pkey", "Relation Name": "name", "Alias": "n1", "Startup Cost": 0.0, "Total Cost": 0.28, "Plan Rows": 1, "Plan Width": 4, "Actual Startup Time": 833.047, "Actual Total Time": 833.047, "Actual Rows": 323005, "Actual Loops": 323005, "Index Cond": "(id = ci.person_id)", "Rows Removed by Index Recheck": 0}]}]}, "Triggers": [], "Planner Runtime": 43.56, "Total Runtime": 8783.527, "Unique SQL Id": 2457761703}}, "(64, '86')": {"explain_plan": {"Plan": {"Node Type": "Aggregate", "Strategy": "Plain", "Startup Cost": 3346738.97, "Total Cost": 3346738.98, "Plan Rows": 1, "Plan Width": 97, "Plans": [{"Node Type": "Nested Loop", "Parent Relationship": "Outer", "Join Type": "Inner", "Startup Cost": 1803946.7, "Total Cost": 3344953.48, "Plan Rows": 357098, "Plan Width": 33, "Inner Unique": true, "Join Filter": "(an1.person_id = n1.id), (LLVM Optimized)", "Plans": [{"Node Type": "Merge Join", "Parent Relationship": "Outer", "Join Type": "Inner", "Startup Cost": 1803946.44, "Total Cost": 1814978.27, "Plan Rows": 357098, "Plan Width": 41, "Inner Unique": false, "Merge Cond": "(ci.person_id = an1.person_id)", "Plans": [{"Node Type": "Sort", "Parent Relationship": "Outer", "Startup Cost": 1694887.5, "Total Cost": 1696663.64, "Plan Rows": 710459, "Plan Width": 21, "Sort Key": ["ci.person_id"], "Plans": [{"Node Type": "Merge Join", "Parent Relationship": "Outer", "Join Type": "Inner", "Startup Cost": 1564728.72, "Total Cost": 1625836.59, "Plan Rows": 710459, "Plan Width": 21, "Inner Unique": true, "Merge Cond": "(ci.movie_id = t.id)", "Plans": [{"Node Type": "Merge Join", "Parent Relationship": "Outer", "Join Type": "Inner", "Startup Cost": 1235776.7, "Total Cost": 1275372.45, "Plan Rows": 711018, "Plan Width": 12, "Inner Unique": false, "Merge Cond": "(mc.movie_id = ci.movie_id)", "Plans": [{"Node Type": "Sort", "Parent Relationship": "Outer", "Startup Cost": 489151.99, "Total Cost": 492357.77, "Plan Rows": 1282311, "Plan Width": 4, "Sort Key": ["mc.movie_id"], "Plans": [{"Node Type": "Merge Join", "Parent Relationship": "Outer", "Join Type": "Inner", "Startup Cost": 333103.9, "Total Cost": 359059.52, "Plan Rows": 1282311, "Plan Width": 4, "Inner Unique": false, "Merge Cond": "(cn.id = mc.company_id)", "Plans": [{"Node Type": "Sort", "Parent Relationship": "Outer", "Startup Cost": 12878.05, "Total Cost": 13090.97, "Plan Rows": 85170, "Plan Width": 4, "Sort Key": ["cn.id"], "Plans": [{"Node Type": "Seq Scan", "Parent Relationship": "Outer", "Relation Name": "company_name", "Alias": "cn", "Startup Cost": 0.0, "Total Cost": 5903.45, "Plan Rows": 85170, "Plan Width": 4, "Filter": "((country_code)::text = '[us]'::text)"}]}, {"Node Type": "Sort", "Parent Relationship": "Inner", "Startup Cost": 319886.87, "Total Cost": 326409.69, "Plan Rows": 2609128, "Plan Width": 8, "Sort Key": ["mc.company_id"], "Plans": [{"Node Type": "Seq Scan", "Parent Relationship": "Outer", "Relation Name": "movie_companies", "Alias": "mc", "Startup Cost": 0.0, "Total Cost": 41817.28, "Plan Rows": 2609128, "Plan Width": 8}]}]}]}, {"Node Type": "Sort", "Parent Relationship": "Inner", "Startup Cost": 746624.39, "Total Cost": 754865.19, "Plan Rows": 3296318, "Plan Width": 8, "Sort Key": ["ci.movie_id"], "Plans": [{"Node Type": "Nested Loop", "Parent Relationship": "Outer", "Join Type": "Inner", "Startup Cost": 76306.71, "Total Cost": 389758.02, "Plan Rows": 3296318, "Plan Width": 8, "Inner Unique": false, "Plans": [{"Node Type": "Seq Scan", "Parent Relationship": "Outer", "Relation Name": "role_type", "Alias": "rt", "Startup Cost": 0.0, "Total Cost": 1.15, "Plan Rows": 1, "Plan Width": 4, "Filter": "((role)::text = 'costume designer'::text)"}, {"Node Type": "Bitmap Heap Scan", "Parent Relationship": "Inner", "Relation Name": "cast_info", "Alias": "ci", "Startup Cost": 76306.71, "Total Cost": 356793.69, "Plan Rows": 3296318, "Plan Width": 12, "Recheck Cond": "(role_id = rt.id), (LLVM Optimized)", "Plans": [{"Node Type": "Bitmap Index Scan", "Parent Relationship": "Outer", "Index Name": "role_id_cast_info", "Startup Cost": 0.0, "Total Cost": 75482.63, "Plan Rows": 3296318, "Plan Width": 0, "Index Cond": "(role_id = rt.id)"}]}]}]}]}, {"Node Type": "Sort", "Parent Relationship": "Inner", "Startup Cost": 328951.73, "Total Cost": 335272.51, "Plan Rows": 2528311, "Plan Width": 21, "Sort Key": ["t.id"], "Plans": [{"Node Type": "Seq Scan", "Parent Relationship": "Outer", "Relation Name": "title", "Alias": "t", "Startup Cost": 0.0, "Total Cost": 60069.11, "Plan Rows": 2528311, "Plan Width": 21}]}]}]}, {"Node Type": "Sort", "Parent Relationship": "Inner", "Startup Cost": 109058.87, "Total Cost": 111312.23, "Plan Rows": 901342, "Plan Width": 20, "Sort Key": ["an1.person_id"], "Plans": [{"Node Type": "Seq Scan", "Parent Relationship": "Outer", "Relation Name": "aka_name", "Alias": "an1", "Startup Cost": 0.0, "Total Cost": 19908.42, "Plan Rows": 901342, "Plan Width": 20}]}]}, {"Node Type": "Bitmap Heap Scan", "Parent Relationship": "Inner", "Relation Name": "name", "Alias": "n1", "Startup Cost": 0.26, "Total Cost": 4.27, "Plan Rows": 1, "Plan Width": 4, "Recheck Cond": "(id = ci.person_id)", "Plans": [{"Node Type": "Bitmap Index Scan", "Parent Relationship": "Outer", "Index Name": "name_pkey", "Startup Cost": 0.0, "Total Cost": 0.26, "Plan Rows": 1, "Plan Width": 0, "Index Cond": "(id = ci.person_id)"}]}]}]}, "Unique SQL Id": 2457761703, "Planner Runtime": 38}, "explain_analyze_plan": {"Plan": {"Node Type": "Aggregate", "Strategy": "Plain", "Startup Cost": 3346738.97, "Total Cost": 3346738.98, "Plan Rows": 1, "Plan Width": 97, "Actual Startup Time": 9877.921, "Actual Total Time": 9877.921, "Actual Rows": 1, "Actual Loops": 1, "Plans": [{"Node Type": "Nested Loop", "Parent Relationship": "Outer", "Join Type": "Inner", "Startup Cost": 1803946.7, "Total Cost": 3344953.48, "Plan Rows": 357098, "Plan Width": 33, "Actual Startup Time": 7566.344, "Actual Total Time": 9656.197, "Actual Rows": 323005, "Actual Loops": 1, "Inner Unique": true, "Join Filter": "(an1.person_id = n1.id), (LLVM Optimized, Jit Execute)", "Rows Removed by Join Filter": 0, "Plans": [{"Node Type": "Merge Join", "Parent Relationship": "Outer", "Join Type": "Inner", "Startup Cost": 1803946.44, "Total Cost": 1814978.27, "Plan Rows": 357098, "Plan Width": 41, "Actual Startup Time": 7566.276, "Actual Total Time": 7999.996, "Actual Rows": 323005, "Actual Loops": 1, "Inner Unique": false, "Merge Cond": "(ci.person_id = an1.person_id)", "Plans": [{"Node Type": "Sort", "Parent Relationship": "Outer", "Startup Cost": 1694887.5, "Total Cost": 1696663.64, "Plan Rows": 710459, "Plan Width": 21, "Actual Startup Time": 6931.134, "Actual Total Time": 6974.978, "Actual Rows": 285537, "Actual Loops": 1, "Sort Key": ["ci.person_id"], "Sort Method": "quicksort", "Sort Space Used": 39613, "Sort Space Type": "Memory", "Plans": [{"Node Type": "Merge Join", "Parent Relationship": "Outer", "Join Type": "Inner", "Startup Cost": 1564728.72, "Total Cost": 1625836.59, "Plan Rows": 710459, "Plan Width": 21, "Actual Startup Time": 5404.44, "Actual Total Time": 6834.957, "Actual Rows": 285537, "Actual Loops": 1, "Inner Unique": true, "Merge Cond": "(ci.movie_id = t.id)", "Plans": [{"Node Type": "Merge Join", "Parent Relationship": "Outer", "Join Type": "Inner", "Startup Cost": 1235776.7, "Total Cost": 1275372.45, "Plan Rows": 711018, "Plan Width": 12, "Actual Startup Time": 3515.609, "Actual Total Time": 4060.446, "Actual Rows": 285537, "Actual Loops": 1, "Inner Unique": false, "Merge Cond": "(mc.movie_id = ci.movie_id)", "Plans": [{"Node Type": "Sort", "Parent Relationship": "Outer", "Startup Cost": 489151.99, "Total Cost": 492357.77, "Plan Rows": 1282311, "Plan Width": 4, "Actual Startup Time": 3251.172, "Actual Total Time": 3479.071, "Actual Rows": 1153797, "Actual Loops": 1, "Sort Key": ["mc.movie_id"], "Sort Method": "quicksort", "Sort Space Used": 121265, "Sort Space Type": "Memory", "Plans": [{"Node Type": "Merge Join", "Parent Relationship": "Outer", "Join Type": "Inner", "Startup Cost": 333103.9, "Total Cost": 359059.52, "Plan Rows": 1282311, "Plan Width": 4, "Actual Startup Time": 1753.143, "Actual Total Time": 2826.0, "Actual Rows": 1153797, "Actual Loops": 1, "Inner Unique": false, "Merge Cond": "(cn.id = mc.company_id)", "Plans": [{"Node Type": "Sort", "Parent Relationship": "Outer", "Startup Cost": 12878.05, "Total Cost": 13090.97, "Plan Rows": 85170, "Plan Width": 4, "Actual Startup Time": 124.048, "Actual Total Time": 143.899, "Actual Rows": 84843, "Actual Loops": 1, "Sort Key": ["cn.id"], "Sort Method": "quicksort", "Sort Space Used": 8375, "Sort Space Type": "Memory", "Plans": [{"Node Type": "Seq Scan", "Parent Relationship": "Outer", "Relation Name": "company_name", "Alias": "cn", "Startup Cost": 0.0, "Total Cost": 5903.45, "Plan Rows": 85170, "Plan Width": 4, "Actual Startup Time": 0.034, "Actual Total Time": 94.056, "Actual Rows": 84843, "Actual Loops": 1, "Filter": "((country_code)::text = '[us]'::text)", "Rows Removed by Filter": 150153}]}, {"Node Type": "Sort", "Parent Relationship": "Inner", "Startup Cost": 319886.87, "Total Cost": 326409.69, "Plan Rows": 2609128, "Plan Width": 8, "Actual Startup Time": 1629.084, "Actual Total Time": 2175.0, "Actual Rows": 2609128, "Actual Loops": 1, "Sort Key": ["mc.company_id"], "Sort Method": "quicksort", "Sort Space Used": 261375, "Sort Space Type": "Memory", "Plans": [{"Node Type": "Seq Scan", "Parent Relationship": "Outer", "Relation Name": "movie_companies", "Alias": "mc", "Startup Cost": 0.0, "Total Cost": 41817.28, "Plan Rows": 2609128, "Plan Width": 8, "Actual Startup Time": 0.035, "Actual Total Time": 729.581, "Actual Rows": 2609128, "Actual Loops": 1}]}]}]}, {"Node Type": "Sort", "Parent Relationship": "Inner", "Startup Cost": 746624.39, "Total Cost": 754865.19, "Plan Rows": 3296318, "Plan Width": 8, "Actual Startup Time": 264.424, "Actual Total Time": 320.731, "Actual Rows": 461759, "Actual Loops": 1, "Sort Key": ["ci.movie_id"], "Sort Method": "quicksort", "Sort Space Used": 29564, "Sort Space Type": "Memory", "Plans": [{"Node Type": "Nested Loop", "Parent Relationship": "Outer", "Join Type": "Inner", "Startup Cost": 76306.71, "Total Cost": 389758.02, "Plan Rows": 3296318, "Plan Width": 8, "Actual Startup Time": 31.002, "Actual Total Time": 170.825, "Actual Rows": 276403, "Actual Loops": 1, "Inner Unique": false, "Plans": [{"Node Type": "Seq Scan", "Parent Relationship": "Outer", "Relation Name": "role_type", "Alias": "rt", "Startup Cost": 0.0, "Total Cost": 1.15, "Plan Rows": 1, "Plan Width": 4, "Actual Startup Time": 0.041, "Actual Total Time": 0.051, "Actual Rows": 1, "Actual Loops": 1, "Filter": "((role)::text = 'costume designer'::text)", "Rows Removed by Filter": 11}, {"Node Type": "Bitmap Heap Scan", "Parent Relationship": "Inner", "Relation Name": "cast_info", "Alias": "ci", "Startup Cost": 76306.71, "Total Cost": 356793.69, "Plan Rows": 3296318, "Plan Width": 12, "Actual Startup Time": 30.946, "Actual Total Time": 123.049, "Actual Rows": 276403, "Actual Loops": 1, "Recheck Cond": "(role_id = rt.id), (LLVM Optimized, Jit Execute)", "Rows Removed by Index Recheck": 0, "Exact Heap Blocks": 1654, "Lossy Heap Blocks": 1654, "Plans": [{"Node Type": "Bitmap Index Scan", "Parent Relationship": "Outer", "Index Name": "role_id_cast_info", "Startup Cost": 0.0, "Total Cost": 75482.63, "Plan Rows": 3296318, "Plan Width": 0, "Actual Startup Time": 30.673, "Actual Total Time": 30.673, "Actual Rows": 276403, "Actual Loops": 1, "Index Cond": "(role_id = rt.id)"}]}]}]}]}, {"Node Type": "Sort", "Parent Relationship": "Inner", "Startup Cost": 328951.73, "Total Cost": 335272.51, "Plan Rows": 2528311, "Plan Width": 21, "Actual Startup Time": 1888.811, "Actual Total Time": 2306.159, "Actual Rows": 2525722, "Actual Loops": 1, "Sort Key": ["t.id"], "Sort Method": "quicksort", "Sort Space Used": 344074, "Sort Space Type": "Memory", "Plans": [{"Node Type": "Seq Scan", "Parent Relationship": "Outer", "Relation Name": "title", "Alias": "t", "Startup Cost": 0.0, "Total Cost": 60069.11, "Plan Rows": 2528311, "Plan Width": 21, "Actual Startup Time": 0.04, "Actual Total Time": 800.891, "Actual Rows": 2528311, "Actual Loops": 1}]}]}]}, {"Node Type": "Sort", "Parent Relationship": "Inner", "Startup Cost": 109058.87, "Total Cost": 111312.23, "Plan Rows": 901342, "Plan Width": 20, "Actual Startup Time": 635.113, "Actual Total Time": 764.428, "Actual Rows": 1003872, "Actual Loops": 1, "Sort Key": ["an1.person_id"], "Sort Method": "quicksort", "Sort Space Used": 109040, "Sort Space Type": "Memory", "Plans": [{"Node Type": "Seq Scan", "Parent Relationship": "Outer", "Relation Name": "aka_name", "Alias": "an1", "Startup Cost": 0.0, "Total Cost": 19908.42, "Plan Rows": 901342, "Plan Width": 20, "Actual Startup Time": 0.037, "Actual Total Time": 269.513, "Actual Rows": 901342, "Actual Loops": 1}]}]}, {"Node Type": "Bitmap Heap Scan", "Parent Relationship": "Inner", "Relation Name": "name", "Alias": "n1", "Startup Cost": 0.26, "Total Cost": 4.27, "Plan Rows": 1, "Plan Width": 4, "Actual Startup Time": 1193.312, "Actual Total Time": 1193.312, "Actual Rows": 323005, "Actual Loops": 323005, "Recheck Cond": "(id = ci.person_id)", "Rows Removed by Index Recheck": 0, "Exact Heap Blocks": 323005, "Lossy Heap Blocks": 323005, "Plans": [{"Node Type": "Bitmap Index Scan", "Parent Relationship": "Outer", "Index Name": "name_pkey", "Startup Cost": 0.0, "Total Cost": 0.26, "Plan Rows": 1, "Plan Width": 0, "Actual Startup Time": 762.147, "Actual Total Time": 762.147, "Actual Rows": 323005, "Actual Loops": 323005, "Index Cond": "(id = ci.person_id)"}]}]}]}, "Triggers": [], "Planner Runtime": 38.573, "Total Runtime": 9888.014, "Unique SQL Id": 2457761703}}, "(64, '87')": {"explain_plan": {"Plan": {"Node Type": "Aggregate", "Strategy": "Plain", "Startup Cost": 2599287.33, "Total Cost": 2599287.34, "Plan Rows": 1, "Plan Width": 97, "Plans": [{"Node Type": "Merge Join", "Parent Relationship": "Outer", "Join Type": "Inner", "Startup Cost": 2561169.56, "Total Cost": 2597501.84, "Plan Rows": 357098, "Plan Width": 33, "Inner Unique": true, "Merge Cond": "(an1.person_id = n1.id)", "Plans": [{"Node Type": "Merge Join", "Parent Relationship": "Outer", "Join Type": "Inner", "Startup Cost": 1925666.62, "Total Cost": 1936698.45, "Plan Rows": 357098, "Plan Width": 41, "Inner Unique": false, "Merge Cond": "(ci.person_id = an1.person_id)", "Plans": [{"Node Type": "Sort", "Parent Relationship": "Outer", "Startup Cost": 1799975.38, "Total Cost": 1801751.53, "Plan Rows": 710459, "Plan Width": 21, "Sort Key": ["ci.person_id"], "Plans": [{"Node Type": "Merge Join", "Parent Relationship": "Outer", "Join Type": "Inner", "Startup Cost": 1669816.61, "Total Cost": 1730924.48, "Plan Rows": 710459, "Plan Width": 21, "Inner Unique": true, "Merge Cond": "(ci.movie_id = t.id)", "Plans": [{"Node Type": "Merge Join", "Parent Relationship": "Outer", "Join Type": "Inner", "Startup Cost": 1290578.7, "Total Cost": 1330174.45, "Plan Rows": 711018, "Plan Width": 12, "Inner Unique": false, "Merge Cond": "(mc.movie_id = ci.movie_id)", "Plans": [{"Node Type": "Sort", "Parent Relationship": "Outer", "Startup Cost": 543942.68, "Total Cost": 547148.46, "Plan Rows": 1282311, "Plan Width": 4, "Sort Key": ["mc.movie_id"], "Plans": [{"Node Type": "Merge Join", "Parent Relationship": "Outer", "Join Type": "Inner", "Startup Cost": 387894.59, "Total Cost": 413850.21, "Plan Rows": 1282311, "Plan Width": 4, "Inner Unique": false, "Merge Cond": "(cn.id = mc.company_id)", "Plans": [{"Node Type": "Sort", "Parent Relationship": "Outer", "Startup Cost": 15678.57, "Total Cost": 15891.49, "Plan Rows": 85170, "Plan Width": 4, "Sort Key": ["cn.id"], "Plans": [{"Node Type": "Bitmap Heap Scan", "Parent Relationship": "Outer", "Relation Name": "company_name", "Alias": "cn", "Startup Cost": 2800.52, "Total Cost": 8703.97, "Plan Rows": 85170, "Plan Width": 4, "Filter": "((country_code)::text = '[us]'::text)", "Plans": [{"Node Type": "Bitmap Index Scan", "Parent Relationship": "Outer", "Index Name": "company_name_pkey", "Startup Cost": 0.0, "Total Cost": 2779.23, "Plan Rows": 234996, "Plan Width": 0}]}]}, {"Node Type": "Sort", "Parent Relationship": "Inner", "Startup Cost": 371877.05, "Total Cost": 378399.87, "Plan Rows": 2609128, "Plan Width": 8, "Sort Key": ["mc.company_id"], "Plans": [{"Node Type": "Bitmap Heap Scan", "Parent Relationship": "Outer", "Relation Name": "movie_companies", "Alias": "mc", "Startup Cost": 51990.17, "Total Cost": 93807.45, "Plan Rows": 2609128, "Plan Width": 8, "Plans": [{"Node Type": "Bitmap Index Scan", "Parent Relationship": "Outer", "Index Name": "movie_id_movie_companies", "Startup Cost": 0.0, "Total Cost": 51337.89, "Plan Rows": 2609128, "Plan Width": 0}]}]}]}]}, {"Node Type": "Sort", "Parent Relationship": "Inner", "Startup Cost": 746635.7, "Total Cost": 754876.5, "Plan Rows": 3296318, "Plan Width": 8, "Sort Key": ["ci.movie_id"], "Plans": [{"Node Type": "Nested Loop", "Parent Relationship": "Outer", "Join Type": "Inner", "Startup Cost": 76315.02, "Total Cost": 389769.33, "Plan Rows": 3296318, "Plan Width": 8, "Inner Unique": false, "Plans": [{"Node Type": "Bitmap Heap Scan", "Parent Relationship": "Outer", "Relation Name": "role_type", "Alias": "rt", "Startup Cost": 8.31, "Total Cost": 12.46, "Plan Rows": 1, "Plan Width": 4, "Filter": "((role)::text = 'costume designer'::text)", "Plans": [{"Node Type": "Bitmap Index Scan", "Parent Relationship": "Outer", "Index Name": "role_type_pkey", "Startup Cost": 0.0, "Total Cost": 8.31, "Plan Rows": 12, "Plan Width": 0}]}, {"Node Type": "Bitmap Heap Scan", "Parent Relationship": "Inner", "Relation Name": "cast_info", "Alias": "ci", "Startup Cost": 76306.71, "Total Cost": 356793.69, "Plan Rows": 3296318, "Plan Width": 12, "Recheck Cond": "(role_id = rt.id), (LLVM Optimized)", "Plans": [{"Node Type": "Bitmap Index Scan", "Parent Relationship": "Outer", "Index Name": "role_id_cast_info", "Startup Cost": 0.0, "Total Cost": 75482.63, "Plan Rows": 3296318, "Plan Width": 0, "Index Cond": "(role_id = rt.id)"}]}]}]}]}, {"Node Type": "Sort", "Parent Relationship": "Inner", "Startup Cost": 379237.61, "Total Cost": 385558.39, "Plan Rows": 2528311, "Plan Width": 21, "Sort Key": ["t.id"], "Plans": [{"Node Type": "Bitmap Heap Scan", "Parent Relationship": "Outer", "Relation Name": "title", "Alias": "t", "Startup Cost": 50285.88, "Total Cost": 110354.99, "Plan Rows": 2528311, "Plan Width": 21, "Plans": [{"Node Type": "Bitmap Index Scan", "Parent Relationship": "Outer", "Index Name": "title_pkey", "Startup Cost": 0.0, "Total Cost": 49653.81, "Plan Rows": 2528311, "Plan Width": 0}]}]}]}]}, {"Node Type": "Sort", "Parent Relationship": "Inner", "Startup Cost": 125691.17, "Total Cost": 127944.52, "Plan Rows": 901342, "Plan Width": 20, "Sort Key": ["an1.person_id"], "Plans": [{"Node Type": "Bitmap Heap Scan", "Parent Relationship": "Outer", "Relation Name": "aka_name", "Alias": "an1", "Startup Cost": 16632.3, "Total Cost": 36540.72, "Plan Rows": 901342, "Plan Width": 20, "Plans": [{"Node Type": "Bitmap Index Scan", "Parent Relationship": "Outer", "Index Name": "person_id_aka_name", "Startup Cost": 0.0, "Total Cost": 16406.96, "Plan Rows": 901342, "Plan Width": 0}]}]}]}, {"Node Type": "Sort", "Parent Relationship": "Inner", "Startup Cost": 635502.57, "Total Cost": 645921.29, "Plan Rows": 4167490, "Plan Width": 4, "Sort Key": ["n1.id"], "Plans": [{"Node Type": "Bitmap Heap Scan", "Parent Relationship": "Outer", "Relation Name": "name", "Alias": "n1", "Startup Cost": 84199.57, "Total Cost": 177271.47, "Plan Rows": 4167490, "Plan Width": 4, "Plans": [{"Node Type": "Bitmap Index Scan", "Parent Relationship": "Outer", "Index Name": "name_pkey", "Startup Cost": 0.0, "Total Cost": 83157.7, "Plan Rows": 4167490, "Plan Width": 0}]}]}]}]}, "Unique SQL Id": 2457761703, "Planner Runtime": 42}, "explain_analyze_plan": null}, "(64, '88')": {"explain_plan": {"Plan": {"Node Type": "Aggregate", "Strategy": "Plain", "Startup Cost": 1194615.66, "Total Cost": 1194615.67, "Plan Rows": 1, "Plan Width": 97, "Plans": [{"Node Type": "Nested Loop", "Parent Relationship": "Outer", "Join Type": "Inner", "Startup Cost": 920804.93, "Total Cost": 1192830.17, "Plan Rows": 357098, "Plan Width": 33, "Inner Unique": true, "Join Filter": "(an1.person_id = n1.id), (LLVM Optimized)", "Plans": [{"Node Type": "Nested Loop", "Parent Relationship": "Outer", "Join Type": "Inner", "Startup Cost": 920804.93, "Total Cost": 1091336.23, "Plan Rows": 357098, "Plan Width": 41, "Inner Unique": true, "Plans": [{"Node Type": "Merge Join", "Parent Relationship": "Outer", "Join Type": "Inner", "Startup Cost": 920804.93, "Total Cost": 989533.89, "Plan Rows": 357379, "Plan Width": 32, "Inner Unique": false, "Merge Cond": "(an1.person_id = ci.person_id)", "Plans": [{"Node Type": "Index Scan", "Parent Relationship": "Outer", "Scan Direction": "Forward", "Index Name": "person_id_aka_name", "Relation Name": "aka_name", "Alias": "an1", "Startup Cost": 0.0, "Total Cost": 68965.03, "Plan Rows": 901342, "Plan Width": 20}, {"Node Type": "Sort", "Parent Relationship": "Inner", "Startup Cost": 920804.86, "Total Cost": 922582.4, "Plan Rows": 711018, "Plan Width": 12, "Sort Key": ["ci.person_id"], "Plans": [{"Node Type": "Merge Join", "Parent Relationship": "Outer", "Join Type": "Inner", "Startup Cost": 812099.84, "Total Cost": 851695.59, "Plan Rows": 711018, "Plan Width": 12, "Inner Unique": false, "Merge Cond": "(mc.movie_id = ci.movie_id)", "Plans": [{"Node Type": "Sort", "Parent Relationship": "Outer", "Startup Cost": 283826.21, "Total Cost": 287031.99, "Plan Rows": 1282311, "Plan Width": 4, "Sort Key": ["mc.movie_id"], "Plans": [{"Node Type": "Merge Join", "Parent Relationship": "Outer", "Join Type": "Inner", "Startup Cost": 3383.04, "Total Cost": 153733.74, "Plan Rows": 1282311, "Plan Width": 4, "Inner Unique": false, "Merge Cond": "(cn.id = mc.company_id)", "Plans": [{"Node Type": "Index Scan", "Parent Relationship": "Outer", "Scan Direction": "Forward", "Index Name": "company_name_pkey", "Relation Name": "company_name", "Alias": "cn", "Startup Cost": 0.0, "Total Cost": 10501.39, "Plan Rows": 85170, "Plan Width": 4, "Filter": "((country_code)::text = '[us]'::text)"}, {"Node Type": "Index Scan", "Parent Relationship": "Inner", "Scan Direction": "Forward", "Index Name": "company_id_movie_companies", "Relation Name": "movie_companies", "Alias": "mc", "Startup Cost": 0.0, "Total Cost": 123673.5, "Plan Rows": 2609128, "Plan Width": 8}]}]}, {"Node Type": "Sort", "Parent Relationship": "Inner", "Startup Cost": 528273.31, "Total Cost": 536514.11, "Plan Rows": 3296318, "Plan Width": 8, "Sort Key": ["ci.movie_id"], "Plans": [{"Node Type": "Nested Loop", "Parent Relationship": "Outer", "Join Type": "Inner", "Startup Cost": 0.0, "Total Cost": 171406.94, "Plan Rows": 3296318, "Plan Width": 8, "Inner Unique": false, "Plans": [{"Node Type": "Seq Scan", "Parent Relationship": "Outer", "Relation Name": "role_type", "Alias": "rt", "Startup Cost": 0.0, "Total Cost": 1.15, "Plan Rows": 1, "Plan Width": 4, "Filter": "((role)::text = 'costume designer'::text)"}, {"Node Type": "Index Scan", "Parent Relationship": "Inner", "Scan Direction": "Forward", "Index Name": "role_id_cast_info", "Relation Name": "cast_info", "Alias": "ci", "Startup Cost": 0.0, "Total Cost": 138442.61, "Plan Rows": 3296318, "Plan Width": 12, "Index Cond": "(role_id = rt.id), (LLVM Optimized)"}]}]}]}]}]}, {"Node Type": "Index Scan", "Parent Relationship": "Inner", "Scan Direction": "Forward", "Index Name": "title_pkey", "Relation Name": "title", "Alias": "t", "Startup Cost": 0.0, "Total Cost": 0.27, "Plan Rows": 1, "Plan Width": 21, "Index Cond": "(id = ci.movie_id)"}]}, {"Node Type": "Index Only Scan", "Parent Relationship": "Inner", "Scan Direction": "Forward", "Index Name": "name_pkey", "Relation Name": "name", "Alias": "n1", "Startup Cost": 0.0, "Total Cost": 0.27, "Plan Rows": 1, "Plan Width": 4, "Index Cond": "(id = ci.person_id)"}]}]}, "Unique SQL Id": 2457761703, "Planner Runtime": 43}, "explain_analyze_plan": {"Plan": {"Node Type": "Aggregate", "Strategy": "Plain", "Startup Cost": 1194615.66, "Total Cost": 1194615.67, "Plan Rows": 1, "Plan Width": 97, "Actual Startup Time": 8296.329, "Actual Total Time": 8296.329, "Actual Rows": 1, "Actual Loops": 1, "Plans": [{"Node Type": "Nested Loop", "Parent Relationship": "Outer", "Join Type": "Inner", "Startup Cost": 920804.93, "Total Cost": 1192830.17, "Plan Rows": 357098, "Plan Width": 33, "Actual Startup Time": 5032.383, "Actual Total Time": 8086.531, "Actual Rows": 323005, "Actual Loops": 1, "Inner Unique": true, "Join Filter": "(an1.person_id = n1.id), (LLVM Optimized, Jit Execute)", "Rows Removed by Join Filter": 0, "Plans": [{"Node Type": "Nested Loop", "Parent Relationship": "Outer", "Join Type": "Inner", "Startup Cost": 920804.93, "Total Cost": 1091336.23, "Plan Rows": 357098, "Plan Width": 41, "Actual Startup Time": 5032.36, "Actual Total Time": 7174.804, "Actual Rows": 323005, "Actual Loops": 1, "Inner Unique": true, "Plans": [{"Node Type": "Merge Join", "Parent Relationship": "Outer", "Join Type": "Inner", "Startup Cost": 920804.93, "Total Cost": 989533.89, "Plan Rows": 357379, "Plan Width": 32, "Actual Startup Time": 5032.322, "Actual Total Time": 5846.876, "Actual Rows": 323005, "Actual Loops": 1, "Inner Unique": false, "Merge Cond": "(an1.person_id = ci.person_id)", "Plans": [{"Node Type": "Index Scan", "Parent Relationship": "Outer", "Scan Direction": "Forward", "Index Name": "person_id_aka_name", "Relation Name": "aka_name", "Alias": "an1", "Startup Cost": 0.0, "Total Cost": 68965.03, "Plan Rows": 901342, "Plan Width": 20, "Actual Startup Time": 0.058, "Actual Total Time": 535.717, "Actual Rows": 688852, "Actual Loops": 1}, {"Node Type": "Sort", "Parent Relationship": "Inner", "Startup Cost": 920804.86, "Total Cost": 922582.4, "Plan Rows": 711018, "Plan Width": 12, "Actual Startup Time": 5032.194, "Actual Total Time": 5098.493, "Actual Rows": 445949, "Actual Loops": 1, "Sort Key": ["ci.person_id"], "Sort Method": "quicksort", "Sort Space Used": 39058, "Sort Space Type": "Memory", "Plans": [{"Node Type": "Merge Join", "Parent Relationship": "Outer", "Join Type": "Inner", "Startup Cost": 812099.84, "Total Cost": 851695.59, "Plan Rows": 711018, "Plan Width": 12, "Actual Startup Time": 4486.117, "Actual Total Time": 4944.197, "Actual Rows": 285537, "Actual Loops": 1, "Inner Unique": false, "Merge Cond": "(mc.movie_id = ci.movie_id)", "Plans": [{"Node Type": "Sort", "Parent Relationship": "Outer", "Startup Cost": 283826.21, "Total Cost": 287031.99, "Plan Rows": 1282311, "Plan Width": 4, "Actual Startup Time": 4185.862, "Actual Total Time": 4329.022, "Actual Rows": 1153797, "Actual Loops": 1, "Sort Key": ["mc.movie_id"], "Sort Method": "quicksort", "Sort Space Used": 121265, "Sort Space Type": "Memory", "Plans": [{"Node Type": "Merge Join", "Parent Relationship": "Outer", "Join Type": "Inner", "Startup Cost": 3383.04, "Total Cost": 153733.74, "Plan Rows": 1282311, "Plan Width": 4, "Actual Startup Time": 0.081, "Actual Total Time": 3743.062, "Actual Rows": 1153797, "Actual Loops": 1, "Inner Unique": false, "Merge Cond": "(cn.id = mc.company_id)", "Plans": [{"Node Type": "Index Scan", "Parent Relationship": "Outer", "Scan Direction": "Forward", "Index Name": "company_name_pkey", "Relation Name": "company_name", "Alias": "cn", "Startup Cost": 0.0, "Total Cost": 10501.39, "Plan Rows": 85170, "Plan Width": 4, "Actual Startup Time": 0.041, "Actual Total Time": 353.049, "Actual Rows": 84843, "Actual Loops": 1, "Filter": "((country_code)::text = '[us]'::text)", "Rows Removed by Filter": 150153}, {"Node Type": "Index Scan", "Parent Relationship": "Inner", "Scan Direction": "Forward", "Index Name": "company_id_movie_companies", "Relation Name": "movie_companies", "Alias": "mc", "Startup Cost": 0.0, "Total Cost": 123673.5, "Plan Rows": 2609128, "Plan Width": 8, "Actual Startup Time": 0.03, "Actual Total Time": 2829.152, "Actual Rows": 2609128, "Actual Loops": 1}]}]}, {"Node Type": "Sort", "Parent Relationship": "Inner", "Startup Cost": 528273.31, "Total Cost": 536514.11, "Plan Rows": 3296318, "Plan Width": 8, "Actual Startup Time": 300.232, "Actual Total Time": 349.071, "Actual Rows": 461759, "Actual Loops": 1, "Sort Key": ["ci.movie_id"], "Sort Method": "quicksort", "Sort Space Used": 29564, "Sort Space Type": "Memory", "Plans": [{"Node Type": "Nested Loop", "Parent Relationship": "Outer", "Join Type": "Inner", "Startup Cost": 0.0, "Total Cost": 171406.94, "Plan Rows": 3296318, "Plan Width": 8, "Actual Startup Time": 0.104, "Actual Total Time": 200.522, "Actual Rows": 276403, "Actual Loops": 1, "Inner Unique": false, "Plans": [{"Node Type": "Seq Scan", "Parent Relationship": "Outer", "Relation Name": "role_type", "Alias": "rt", "Startup Cost": 0.0, "Total Cost": 1.15, "Plan Rows": 1, "Plan Width": 4, "Actual Startup Time": 0.046, "Actual Total Time": 0.057, "Actual Rows": 1, "Actual Loops": 1, "Filter": "((role)::text = 'costume designer'::text)", "Rows Removed by Filter": 11}, {"Node Type": "Index Scan", "Parent Relationship": "Inner", "Scan Direction": "Forward", "Index Name": "role_id_cast_info", "Relation Name": "cast_info", "Alias": "ci", "Startup Cost": 0.0, "Total Cost": 138442.61, "Plan Rows": 3296318, "Plan Width": 12, "Actual Startup Time": 0.048, "Actual Total Time": 148.694, "Actual Rows": 276403, "Actual Loops": 1, "Index Cond": "(role_id = rt.id), (LLVM Optimized, Jit Execute)", "Rows Removed by Index Recheck": 0}]}]}]}]}]}, {"Node Type": "Index Scan", "Parent Relationship": "Inner", "Scan Direction": "Forward", "Index Name": "title_pkey", "Relation Name": "title", "Alias": "t", "Startup Cost": 0.0, "Total Cost": 0.27, "Plan Rows": 1, "Plan Width": 21, "Actual Startup Time": 1075.948, "Actual Total Time": 1075.948, "Actual Rows": 323005, "Actual Loops": 323005, "Index Cond": "(id = ci.movie_id)", "Rows Removed by Index Recheck": 0}]}, {"Node Type": "Index Only Scan", "Parent Relationship": "Inner", "Scan Direction": "Forward", "Index Name": "name_pkey", "Relation Name": "name", "Alias": "n1", "Startup Cost": 0.0, "Total Cost": 0.27, "Plan Rows": 1, "Plan Width": 4, "Actual Startup Time": 669.156, "Actual Total Time": 669.156, "Actual Rows": 323005, "Actual Loops": 323005, "Index Cond": "(id = ci.person_id)", "Rows Removed by Index Recheck": 0, "Heap Fetches": 0}]}]}, "Triggers": [], "Planner Runtime": 43.7, "Total Runtime": 8307.911, "Unique SQL Id": 2457761703}}, "(64, '89')": {"explain_plan": {"Plan": {"Node Type": "Aggregate", "Strategy": "Plain", "Startup Cost": 1194626.97, "Total Cost": 1194626.98, "Plan Rows": 1, "Plan Width": 97, "Plans": [{"Node Type": "Nested Loop", "Parent Relationship": "Outer", "Join Type": "Inner", "Startup Cost": 920816.24, "Total Cost": 1192841.48, "Plan Rows": 357098, "Plan Width": 33, "Inner Unique": true, "Join Filter": "(an1.person_id = n1.id), (LLVM Optimized)", "Plans": [{"Node Type": "Nested Loop", "Parent Relationship": "Outer", "Join Type": "Inner", "Startup Cost": 920816.24, "Total Cost": 1091347.54, "Plan Rows": 357098, "Plan Width": 41, "Inner Unique": true, "Plans": [{"Node Type": "Merge Join", "Parent Relationship": "Outer", "Join Type": "Inner", "Startup Cost": 920816.24, "Total Cost": 989545.2, "Plan Rows": 357379, "Plan Width": 32, "Inner Unique": false, "Merge Cond": "(ci.person_id = an1.person_id)", "Plans": [{"Node Type": "Sort", "Parent Relationship": "Outer", "Startup Cost": 920816.17, "Total Cost": 922593.71, "Plan Rows": 711018, "Plan Width": 12, "Sort Key": ["ci.person_id"], "Plans": [{"Node Type": "Merge Join", "Parent Relationship": "Outer", "Join Type": "Inner", "Startup Cost": 812111.15, "Total Cost": 851706.9, "Plan Rows": 711018, "Plan Width": 12, "Inner Unique": false, "Merge Cond": "(mc.movie_id = ci.movie_id)", "Plans": [{"Node Type": "Sort", "Parent Relationship": "Outer", "Startup Cost": 283826.21, "Total Cost": 287031.99, "Plan Rows": 1282311, "Plan Width": 4, "Sort Key": ["mc.movie_id"], "Plans": [{"Node Type": "Merge Join", "Parent Relationship": "Outer", "Join Type": "Inner", "Startup Cost": 3383.04, "Total Cost": 153733.74, "Plan Rows": 1282311, "Plan Width": 4, "Inner Unique": false, "Merge Cond": "(cn.id = mc.company_id)", "Plans": [{"Node Type": "Index Scan", "Parent Relationship": "Outer", "Scan Direction": "Forward", "Index Name": "company_name_pkey", "Relation Name": "company_name", "Alias": "cn", "Startup Cost": 0.0, "Total Cost": 10501.39, "Plan Rows": 85170, "Plan Width": 4, "Filter": "((country_code)::text = '[us]'::text)"}, {"Node Type": "Index Scan", "Parent Relationship": "Inner", "Scan Direction": "Forward", "Index Name": "company_id_movie_companies", "Relation Name": "movie_companies", "Alias": "mc", "Startup Cost": 0.0, "Total Cost": 123673.5, "Plan Rows": 2609128, "Plan Width": 8}]}]}, {"Node Type": "Sort", "Parent Relationship": "Inner", "Startup Cost": 528284.62, "Total Cost": 536525.42, "Plan Rows": 3296318, "Plan Width": 8, "Sort Key": ["ci.movie_id"], "Plans": [{"Node Type": "Nested Loop", "Parent Relationship": "Outer", "Join Type": "Inner", "Startup Cost": 0.0, "Total Cost": 171418.25, "Plan Rows": 3296318, "Plan Width": 8, "Inner Unique": false, "Plans": [{"Node Type": "Index Scan", "Parent Relationship": "Outer", "Scan Direction": "Forward", "Index Name": "role_type_pkey", "Relation Name": "role_type", "Alias": "rt", "Startup Cost": 0.0, "Total Cost": 12.46, "Plan Rows": 1, "Plan Width": 4, "Filter": "((role)::text = 'costume designer'::text)"}, {"Node Type": "Index Scan", "Parent Relationship": "Inner", "Scan Direction": "Forward", "Index Name": "role_id_cast_info", "Relation Name": "cast_info", "Alias": "ci", "Startup Cost": 0.0, "Total Cost": 138442.61, "Plan Rows": 3296318, "Plan Width": 12, "Index Cond": "(role_id = rt.id), (LLVM Optimized)"}]}]}]}]}, {"Node Type": "Index Scan", "Parent Relationship": "Inner", "Scan Direction": "Forward", "Index Name": "person_id_aka_name", "Relation Name": "aka_name", "Alias": "an1", "Startup Cost": 0.0, "Total Cost": 68965.03, "Plan Rows": 901342, "Plan Width": 20}]}, {"Node Type": "Index Scan", "Parent Relationship": "Inner", "Scan Direction": "Forward", "Index Name": "title_pkey", "Relation Name": "title", "Alias": "t", "Startup Cost": 0.0, "Total Cost": 0.27, "Plan Rows": 1, "Plan Width": 21, "Index Cond": "(id = ci.movie_id)"}]}, {"Node Type": "Index Only Scan", "Parent Relationship": "Inner", "Scan Direction": "Forward", "Index Name": "name_pkey", "Relation Name": "name", "Alias": "n1", "Startup Cost": 0.0, "Total Cost": 0.27, "Plan Rows": 1, "Plan Width": 4, "Index Cond": "(id = ci.person_id)"}]}]}, "Unique SQL Id": 2457761703, "Planner Runtime": 41}, "explain_analyze_plan": {"Plan": {"Node Type": "Aggregate", "Strategy": "Plain", "Startup Cost": 1194626.97, "Total Cost": 1194626.98, "Plan Rows": 1, "Plan Width": 97, "Actual Startup Time": 8364.364, "Actual Total Time": 8364.364, "Actual Rows": 1, "Actual Loops": 1, "Plans": [{"Node Type": "Nested Loop", "Parent Relationship": "Outer", "Join Type": "Inner", "Startup Cost": 920816.24, "Total Cost": 1192841.48, "Plan Rows": 357098, "Plan Width": 33, "Actual Startup Time": 4918.855, "Actual Total Time": 8154.292, "Actual Rows": 323005, "Actual Loops": 1, "Inner Unique": true, "Join Filter": "(an1.person_id = n1.id), (LLVM Optimized, Jit Execute)", "Rows Removed by Join Filter": 0, "Plans": [{"Node Type": "Nested Loop", "Parent Relationship": "Outer", "Join Type": "Inner", "Startup Cost": 920816.24, "Total Cost": 1091347.54, "Plan Rows": 357098, "Plan Width": 41, "Actual Startup Time": 4918.821, "Actual Total Time": 7259.157, "Actual Rows": 323005, "Actual Loops": 1, "Inner Unique": true, "Plans": [{"Node Type": "Merge Join", "Parent Relationship": "Outer", "Join Type": "Inner", "Startup Cost": 920816.24, "Total Cost": 989545.2, "Plan Rows": 357379, "Plan Width": 32, "Actual Startup Time": 4918.782, "Actual Total Time": 5983.462, "Actual Rows": 323005, "Actual Loops": 1, "Inner Unique": false, "Merge Cond": "(ci.person_id = an1.person_id)", "Plans": [{"Node Type": "Sort", "Parent Relationship": "Outer", "Startup Cost": 920816.17, "Total Cost": 922593.71, "Plan Rows": 711018, "Plan Width": 12, "Actual Startup Time": 4918.663, "Actual Total Time": 4988.87, "Actual Rows": 285537, "Actual Loops": 1, "Sort Key": ["ci.person_id"], "Sort Method": "quicksort", "Sort Space Used": 39058, "Sort Space Type": "Memory", "Plans": [{"Node Type": "Merge Join", "Parent Relationship": "Outer", "Join Type": "Inner", "Startup Cost": 812111.15, "Total Cost": 851706.9, "Plan Rows": 711018, "Plan Width": 12, "Actual Startup Time": 4343.354, "Actual Total Time": 4828.146, "Actual Rows": 285537, "Actual Loops": 1, "Inner Unique": false, "Merge Cond": "(mc.movie_id = ci.movie_id)", "Plans": [{"Node Type": "Sort", "Parent Relationship": "Outer", "Startup Cost": 283826.21, "Total Cost": 287031.99, "Plan Rows": 1282311, "Plan Width": 4, "Actual Startup Time": 4059.64, "Actual Total Time": 4228.983, "Actual Rows": 1153797, "Actual Loops": 1, "Sort Key": ["mc.movie_id"], "Sort Method": "quicksort", "Sort Space Used": 121265, "Sort Space Type": "Memory", "Plans": [{"Node Type": "Merge Join", "Parent Relationship": "Outer", "Join Type": "Inner", "Startup Cost": 3383.04, "Total Cost": 153733.74, "Plan Rows": 1282311, "Plan Width": 4, "Actual Startup Time": 0.063, "Actual Total Time": 3612.542, "Actual Rows": 1153797, "Actual Loops": 1, "Inner Unique": false, "Merge Cond": "(cn.id = mc.company_id)", "Plans": [{"Node Type": "Index Scan", "Parent Relationship": "Outer", "Scan Direction": "Forward", "Index Name": "company_name_pkey", "Relation Name": "company_name", "Alias": "cn", "Startup Cost": 0.0, "Total Cost": 10501.39, "Plan Rows": 85170, "Plan Width": 4, "Actual Startup Time": 0.038, "Actual Total Time": 333.827, "Actual Rows": 84843, "Actual Loops": 1, "Filter": "((country_code)::text = '[us]'::text)", "Rows Removed by Filter": 150153}, {"Node Type": "Index Scan", "Parent Relationship": "Inner", "Scan Direction": "Forward", "Index Name": "company_id_movie_companies", "Relation Name": "movie_companies", "Alias": "mc", "Startup Cost": 0.0, "Total Cost": 123673.5, "Plan Rows": 2609128, "Plan Width": 8, "Actual Startup Time": 0.019, "Actual Total Time": 2715.383, "Actual Rows": 2609128, "Actual Loops": 1}]}]}, {"Node Type": "Sort", "Parent Relationship": "Inner", "Startup Cost": 528284.62, "Total Cost": 536525.42, "Plan Rows": 3296318, "Plan Width": 8, "Actual Startup Time": 283.685, "Actual Total Time": 333.755, "Actual Rows": 461759, "Actual Loops": 1, "Sort Key": ["ci.movie_id"], "Sort Method": "quicksort", "Sort Space Used": 29564, "Sort Space Type": "Memory", "Plans": [{"Node Type": "Nested Loop", "Parent Relationship": "Outer", "Join Type": "Inner", "Startup Cost": 0.0, "Total Cost": 171418.25, "Plan Rows": 3296318, "Plan Width": 8, "Actual Startup Time": 0.154, "Actual Total Time": 182.17, "Actual Rows": 276403, "Actual Loops": 1, "Inner Unique": false, "Plans": [{"Node Type": "Index Scan", "Parent Relationship": "Outer", "Scan Direction": "Forward", "Index Name": "role_type_pkey", "Relation Name": "role_type", "Alias": "rt", "Startup Cost": 0.0, "Total Cost": 12.46, "Plan Rows": 1, "Plan Width": 4, "Actual Startup Time": 0.086, "Actual Total Time": 0.107, "Actual Rows": 1, "Actual Loops": 1, "Filter": "((role)::text = 'costume designer'::text)", "Rows Removed by Filter": 11}, {"Node Type": "Index Scan", "Parent Relationship": "Inner", "Scan Direction": "Forward", "Index Name": "role_id_cast_info", "Relation Name": "cast_info", "Alias": "ci", "Startup Cost": 0.0, "Total Cost": 138442.61, "Plan Rows": 3296318, "Plan Width": 12, "Actual Startup Time": 0.05, "Actual Total Time": 128.965, "Actual Rows": 276403, "Actual Loops": 1, "Index Cond": "(role_id = rt.id), (LLVM Optimized, Jit Execute)", "Rows Removed by Index Recheck": 0}]}]}]}]}, {"Node Type": "Index Scan", "Parent Relationship": "Inner", "Scan Direction": "Forward", "Index Name": "person_id_aka_name", "Relation Name": "aka_name", "Alias": "an1", "Startup Cost": 0.0, "Total Cost": 68965.03, "Plan Rows": 901342, "Plan Width": 20, "Actual Startup Time": 0.07, "Actual Total Time": 728.637, "Actual Rows": 1003872, "Actual Loops": 1}]}, {"Node Type": "Index Scan", "Parent Relationship": "Inner", "Scan Direction": "Forward", "Index Name": "title_pkey", "Relation Name": "title", "Alias": "t", "Startup Cost": 0.0, "Total Cost": 0.27, "Plan Rows": 1, "Plan Width": 21, "Actual Startup Time": 1028.805, "Actual Total Time": 1028.805, "Actual Rows": 323005, "Actual Loops": 323005, "Index Cond": "(id = ci.movie_id)", "Rows Removed by Index Recheck": 0}]}, {"Node Type": "Index Only Scan", "Parent Relationship": "Inner", "Scan Direction": "Forward", "Index Name": "name_pkey", "Relation Name": "name", "Alias": "n1", "Startup Cost": 0.0, "Total Cost": 0.27, "Plan Rows": 1, "Plan Width": 4, "Actual Startup Time": 657.92, "Actual Total Time": 657.92, "Actual Rows": 323005, "Actual Loops": 323005, "Index Cond": "(id = ci.person_id)", "Rows Removed by Index Recheck": 0, "Heap Fetches": 0}]}]}, "Triggers": [], "Planner Runtime": 42.58, "Total Runtime": 8374.175, "Unique SQL Id": 2457761703}}, "(64, '90')": {"explain_plan": {"Plan": {"Node Type": "Aggregate", "Strategy": "Plain", "Startup Cost": 12103218987049.04, "Total Cost": 12103218987049.07, "Plan Rows": 1, "Plan Width": 97, "Plans": [{"Node Type": "Streaming(type: LOCAL GATHER dop: 1/64)", "Parent Relationship": "Outer", "Startup Cost": 12103218987049.04, "Total Cost": 12103218987049.07, "Plan Rows": 1, "Plan Width": 97, "Plans": [{"Node Type": "Aggregate", "Strategy": "Plain", "Parent Relationship": "Outer", "Startup Cost": 12103218987049.04, "Total Cost": 12103218987049.05, "Plan Rows": 1, "Plan Width": 97, "Plans": [{"Node Type": "Nested Loop", "Parent Relationship": "Outer", "Join Type": "Inner", "Startup Cost": 40000818104.0, "Total Cost": 12103218985263.55, "Plan Rows": 357098, "Plan Width": 33, "Inner Unique": false, "Join Filter": "(an1.person_id = ci.person_id), (LLVM Optimized)", "Plans": [{"Node Type": "Streaming(type: LOCAL REDISTRIBUTE dop: 64/64)", "Parent Relationship": "Outer", "Startup Cost": 10000000000.0, "Total Cost": 100140134575.19, "Plan Rows": 901342, "Plan Width": 24, "Plans": [{"Node Type": "Nested Loop", "Parent Relationship": "Outer", "Join Type": "Inner", "Startup Cost": 10000000000.0, "Total Cost": 100140070721.37, "Plan Rows": 901342, "Plan Width": 24, "Inner Unique": false, "Join Filter": "(an1.person_id = n1.id), (LLVM Optimized)", "Plans": [{"Node Type": "Streaming(type: LOCAL REDISTRIBUTE dop: 64/64)", "Parent Relationship": "Outer", "Startup Cost": 0.0, "Total Cost": 131401.97, "Plan Rows": 4167490, "Plan Width": 4, "Plans": [{"Node Type": "Seq Scan", "Parent Relationship": "Outer", "Relation Name": "name", "Alias": "n1", "Startup Cost": 0.0, "Total Cost": 64454.25, "Plan Rows": 4167490, "Plan Width": 4}]}, {"Node Type": "Materialize", "Parent Relationship": "Inner", "Startup Cost": 0.0, "Total Cost": 119600.26, "Plan Rows": 901342, "Plan Width": 20, "Plans": [{"Node Type": "Streaming(type: LOCAL REDISTRIBUTE dop: 64/1)", "Parent Relationship": "Outer", "Startup Cost": 0.0, "Total Cost": 119529.84, "Plan Rows": 901342, "Plan Width": 20, "Plans": [{"Node Type": "Seq Scan", "Parent Relationship": "Outer", "Relation Name": "aka_name", "Alias": "an1", "Startup Cost": 0.0, "Total Cost": 19908.42, "Plan Rows": 901342, "Plan Width": 20}]}]}]}]}, {"Node Type": "Materialize", "Parent Relationship": "Inner", "Startup Cost": 20000818104.0, "Total Cost": 1100179418886.63, "Plan Rows": 710459, "Plan Width": 21, "Plans": [{"Node Type": "Streaming(type: LOCAL REDISTRIBUTE dop: 64/64)", "Parent Relationship": "Outer", "Startup Cost": 20000818104.0, "Total Cost": 1100179418831.12, "Plan Rows": 710459, "Plan Width": 21, "Plans": [{"Node Type": "Nested Loop", "Parent Relationship": "Outer", "Join Type": "Inner", "Startup Cost": 20000818104.0, "Total Cost": 1100179355158.13, "Plan Rows": 710459, "Plan Width": 21, "Inner Unique": false, "Join Filter": "(ci.movie_id = t.id), (LLVM Optimized)", "Plans": [{"Node Type": "Streaming(type: LOCAL REDISTRIBUTE dop: 64/64)", "Parent Relationship": "Outer", "Startup Cost": 10000000000.0, "Total Cost": 100001491009.94, "Plan Rows": 3296318, "Plan Width": 8, "Plans": [{"Node Type": "Nested Loop", "Parent Relationship": "Outer", "Join Type": "Inner", "Startup Cost": 10000000000.0, "Total Cost": 100001424887.46, "Plan Rows": 3296318, "Plan Width": 8, "Inner Unique": false, "Join Filter": "(ci.role_id = rt.id), (LLVM Optimized)", "Plans": [{"Node Type": "Streaming(type: BROADCAST dop: 64/1)", "Parent Relationship": "Outer", "Startup Cost": 0.0, "Total Cost": 63002.47, "Plan Rows": 64, "Plan Width": 4, "Plans": [{"Node Type": "Seq Scan", "Parent Relationship": "Outer", "Relation Name": "role_type", "Alias": "rt", "Startup Cost": 0.0, "Total Cost": 1.15, "Plan Rows": 1, "Plan Width": 4, "Filter": "((role)::text = 'costume designer'::text)"}]}, {"Node Type": "Seq Scan", "Parent Relationship": "Inner", "Relation Name": "cast_info", "Alias": "ci", "Startup Cost": 0.0, "Total Cost": 72404.34, "Plan Rows": 36259494, "Plan Width": 12}]}]}, {"Node Type": "Materialize", "Parent Relationship": "Inner", "Startup Cost": 818104.0, "Total Cost": 965168.15, "Plan Rows": 1282311, "Plan Width": 25, "Plans": [{"Node Type": "Streaming(type: LOCAL REDISTRIBUTE dop: 64/1)", "Parent Relationship": "Outer", "Startup Cost": 818104.0, "Total Cost": 965067.97, "Plan Rows": 1282311, "Plan Width": 25, "Plans": [{"Node Type": "Merge Join", "Parent Relationship": "Outer", "Join Type": "Inner", "Startup Cost": 818104.0, "Total Cost": 849967.82, "Plan Rows": 1282311, "Plan Width": 25, "Inner Unique": true, "Merge Cond": "(mc.movie_id = t.id)", "Plans": [{"Node Type": "Sort", "Parent Relationship": "Outer", "Startup Cost": 489151.99, "Total Cost": 492357.77, "Plan Rows": 1282311, "Plan Width": 4, "Sort Key": ["mc.movie_id"], "Plans": [{"Node Type": "Merge Join", "Parent Relationship": "Outer", "Join Type": "Inner", "Startup Cost": 333103.9, "Total Cost": 359059.52, "Plan Rows": 1282311, "Plan Width": 4, "Inner Unique": false, "Merge Cond": "(cn.id = mc.company_id)", "Plans": [{"Node Type": "Sort", "Parent Relationship": "Outer", "Startup Cost": 12878.05, "Total Cost": 13090.97, "Plan Rows": 85170, "Plan Width": 4, "Sort Key": ["cn.id"], "Plans": [{"Node Type": "Seq Scan", "Parent Relationship": "Outer", "Relation Name": "company_name", "Alias": "cn", "Startup Cost": 0.0, "Total Cost": 5903.45, "Plan Rows": 85170, "Plan Width": 4, "Filter": "((country_code)::text = '[us]'::text)"}]}, {"Node Type": "Sort", "Parent Relationship": "Inner", "Startup Cost": 319886.87, "Total Cost": 326409.69, "Plan Rows": 2609128, "Plan Width": 8, "Sort Key": ["mc.company_id"], "Plans": [{"Node Type": "Seq Scan", "Parent Relationship": "Outer", "Relation Name": "movie_companies", "Alias": "mc", "Startup Cost": 0.0, "Total Cost": 41817.28, "Plan Rows": 2609128, "Plan Width": 8}]}]}]}, {"Node Type": "Sort", "Parent Relationship": "Inner", "Startup Cost": 328951.73, "Total Cost": 335272.51, "Plan Rows": 2528311, "Plan Width": 21, "Sort Key": ["t.id"], "Plans": [{"Node Type": "Seq Scan", "Parent Relationship": "Outer", "Relation Name": "title", "Alias": "t", "Startup Cost": 0.0, "Total Cost": 60069.11, "Plan Rows": 2528311, "Plan Width": 21}]}]}]}]}]}]}]}]}]}]}]}, "Unique SQL Id": 2457761703, "Planner Runtime": 35}, "explain_analyze_plan": null}, "(64, '91')": {"explain_plan": {"Plan": {"Node Type": "Aggregate", "Strategy": "Plain", "Startup Cost": 6720852851061.62, "Total Cost": 6720852851061.63, "Plan Rows": 1, "Plan Width": 97, "Plans": [{"Node Type": "Merge Join", "Parent Relationship": "Outer", "Join Type": "Inner", "Startup Cost": 5019186702132.34, "Total Cost": 6720852849276.13, "Plan Rows": 357098, "Plan Width": 33, "Inner Unique": false, "Merge Cond": "(an1.person_id = ci.person_id)", "Plans": [{"Node Type": "Merge Join", "Parent Relationship": "Outer", "Join Type": "Inner", "Startup Cost": 20030754356.47, "Total Cost": 2000002534968.85, "Plan Rows": 901342, "Plan Width": 24, "Inner Unique": true, "Merge Cond": "(an1.person_id = n1.id)", "Plans": [{"Node Type": "Index Scan", "Parent Relationship": "Outer", "Scan Direction": "Forward", "Index Name": "person_id_aka_name", "Relation Name": "aka_name", "Alias": "an1", "Startup Cost": 10000000000.0, "Total Cost": 1000006896503.43, "Plan Rows": 901342, "Plan Width": 20}, {"Node Type": "Index Only Scan", "Parent Relationship": "Inner", "Scan Direction": "Forward", "Index Name": "name_pkey", "Relation Name": "name", "Alias": "n1", "Startup Cost": 10000000000.0, "Total Cost": 1000012483260.0, "Plan Rows": 4167490, "Plan Width": 4}]}, {"Node Type": "Sort", "Parent Relationship": "Inner", "Startup Cost": 4999155947775.81, "Total Cost": 4999155949551.95, "Plan Rows": 710459, "Plan Width": 21, "Sort Key": ["ci.person_id"], "Plans": [{"Node Type": "Merge Join", "Parent Relationship": "Outer", "Join Type": "Inner", "Startup Cost": 4010027802477.44, "Total Cost": 4999155878724.9, "Plan Rows": 710459, "Plan Width": 21, "Inner Unique": true, "Merge Cond": "(ci.movie_id = t.id)", "Plans": [{"Node Type": "Merge Join", "Parent Relationship": "Outer", "Join Type": "Inner", "Startup Cost": 4000027802477.15, "Total Cost": 4000027842072.9, "Plan Rows": 711018, "Plan Width": 12, "Inner Unique": false, "Merge Cond": "(mc.movie_id = ci.movie_id)", "Plans": [{"Node Type": "Sort", "Parent Relationship": "Outer", "Startup Cost": 2000013567140.28, "Total Cost": 2000013570346.05, "Plan Rows": 1282311, "Plan Width": 4, "Sort Key": ["mc.movie_id"], "Plans": [{"Node Type": "Merge Join", "Parent Relationship": "Outer", "Join Type": "Inner", "Startup Cost": 45724640147.62, "Total Cost": 2000013437047.81, "Plan Rows": 1282311, "Plan Width": 4, "Inner Unique": false, "Merge Cond": "(cn.id = mc.company_id)", "Plans": [{"Node Type": "Index Scan", "Parent Relationship": "Outer", "Scan Direction": "Forward", "Index Name": "company_name_pkey", "Relation Name": "company_name", "Alias": "cn", "Startup Cost": 10000000000.0, "Total Cost": 1000001050138.97, "Plan Rows": 85170, "Plan Width": 4, "Filter": "((country_code)::text = '[us]'::text)"}, {"Node Type": "Index Scan", "Parent Relationship": "Inner", "Scan Direction": "Forward", "Index Name": "company_id_movie_companies", "Relation Name": "movie_companies", "Alias": "mc", "Startup Cost": 10000000000.0, "Total Cost": 1000012367349.98, "Plan Rows": 2609128, "Plan Width": 8}]}]}, {"Node Type": "Sort", "Parent Relationship": "Inner", "Startup Cost": 2000014235336.55, "Total Cost": 2000014243577.35, "Plan Rows": 3296318, "Plan Width": 8, "Sort Key": ["ci.movie_id"], "Plans": [{"Node Type": "Nested Loop", "Parent Relationship": "Outer", "Join Type": "Inner", "Startup Cost": 20000000000.0, "Total Cost": 2000013878470.18, "Plan Rows": 3296318, "Plan Width": 8, "Inner Unique": false, "Plans": [{"Node Type": "Index Scan", "Parent Relationship": "Outer", "Scan Direction": "Forward", "Index Name": "role_type_pkey", "Relation Name": "role_type", "Alias": "rt", "Startup Cost": 10000000000.0, "Total Cost": 1000000001246.0, "Plan Rows": 1, "Plan Width": 4, "Filter": "((role)::text = 'costume designer'::text)"}, {"Node Type": "Index Scan", "Parent Relationship": "Inner", "Scan Direction": "Forward", "Index Name": "role_id_cast_info", "Relation Name": "cast_info", "Alias": "ci", "Startup Cost": 10000000000.0, "Total Cost": 1000013844261.0, "Plan Rows": 3296318, "Plan Width": 12, "Index Cond": "(role_id = rt.id), (LLVM Optimized)"}]}]}]}, {"Node Type": "Index Scan", "Parent Relationship": "Inner", "Scan Direction": "Forward", "Index Name": "title_pkey", "Relation Name": "title", "Alias": "t", "Startup Cost": 10000000000.0, "Total Cost": 1000011012048.91, "Plan Rows": 2528311, "Plan Width": 21}]}]}]}]}, "Unique SQL Id": 2457761703, "Planner Runtime": 128}, "explain_analyze_plan": {"Plan": {"Node Type": "Aggregate", "Strategy": "Plain", "Startup Cost": 6720852851061.62, "Total Cost": 6720852851061.63, "Plan Rows": 1, "Plan Width": 97, "Actual Startup Time": 11081.599, "Actual Total Time": 11081.6, "Actual Rows": 1, "Actual Loops": 1, "Plans": [{"Node Type": "Merge Join", "Parent Relationship": "Outer", "Join Type": "Inner", "Startup Cost": 5019186702132.34, "Total Cost": 6720852849276.13, "Plan Rows": 357098, "Plan Width": 33, "Actual Startup Time": 8641.693, "Actual Total Time": 10925.176, "Actual Rows": 323005, "Actual Loops": 1, "Inner Unique": false, "Merge Cond": "(an1.person_id = ci.person_id)", "Plans": [{"Node Type": "Merge Join", "Parent Relationship": "Outer", "Join Type": "Inner", "Startup Cost": 20030754356.47, "Total Cost": 2000002534968.85, "Plan Rows": 901342, "Plan Width": 24, "Actual Startup Time": 0.062, "Actual Total Time": 2031.812, "Actual Rows": 688852, "Actual Loops": 1, "Inner Unique": true, "Merge Cond": "(an1.person_id = n1.id)", "Plans": [{"Node Type": "Index Scan", "Parent Relationship": "Outer", "Scan Direction": "Forward", "Index Name": "person_id_aka_name", "Relation Name": "aka_name", "Alias": "an1", "Startup Cost": 10000000000.0, "Total Cost": 1000006896503.43, "Plan Rows": 901342, "Plan Width": 20, "Actual Startup Time": 0.034, "Actual Total Time": 549.349, "Actual Rows": 688852, "Actual Loops": 1}, {"Node Type": "Index Only Scan", "Parent Relationship": "Inner", "Scan Direction": "Forward", "Index Name": "name_pkey", "Relation Name": "name", "Alias": "n1", "Startup Cost": 10000000000.0, "Total Cost": 1000012483260.0, "Plan Rows": 4167490, "Plan Width": 4, "Actual Startup Time": 0.022, "Actual Total Time": 781.513, "Actual Rows": 3441945, "Actual Loops": 1, "Heap Fetches": 0}]}, {"Node Type": "Sort", "Parent Relationship": "Inner", "Startup Cost": 4999155947775.81, "Total Cost": 4999155949551.95, "Plan Rows": 710459, "Plan Width": 21, "Actual Startup Time": 8641.475, "Actual Total Time": 8709.95, "Actual Rows": 445949, "Actual Loops": 1, "Sort Key": ["ci.person_id"], "Sort Method": "quicksort", "Sort Space Used": 39613, "Sort Space Type": "Memory", "Plans": [{"Node Type": "Merge Join", "Parent Relationship": "Outer", "Join Type": "Inner", "Startup Cost": 4010027802477.44, "Total Cost": 4999155878724.9, "Plan Rows": 710459, "Plan Width": 21, "Actual Startup Time": 4542.063, "Actual Total Time": 8539.868, "Actual Rows": 285537, "Actual Loops": 1, "Inner Unique": true, "Merge Cond": "(ci.movie_id = t.id)", "Plans": [{"Node Type": "Merge Join", "Parent Relationship": "Outer", "Join Type": "Inner", "Startup Cost": 4000027802477.15, "Total Cost": 4000027842072.9, "Plan Rows": 711018, "Plan Width": 12, "Actual Startup Time": 4542.008, "Actual Total Time": 5060.303, "Actual Rows": 285537, "Actual Loops": 1, "Inner Unique": false, "Merge Cond": "(mc.movie_id = ci.movie_id)", "Plans": [{"Node Type": "Sort", "Parent Relationship": "Outer", "Startup Cost": 2000013567140.28, "Total Cost": 2000013570346.05, "Plan Rows": 1282311, "Plan Width": 4, "Actual Startup Time": 4240.226, "Actual Total Time": 4435.814, "Actual Rows": 1153797, "Actual Loops": 1, "Sort Key": ["mc.movie_id"], "Sort Method": "quicksort", "Sort Space Used": 121265, "Sort Space Type": "Memory", "Plans": [{"Node Type": "Merge Join", "Parent Relationship": "Outer", "Join Type": "Inner", "Startup Cost": 45724640147.62, "Total Cost": 2000013437047.81, "Plan Rows": 1282311, "Plan Width": 4, "Actual Startup Time": 0.053, "Actual Total Time": 3793.939, "Actual Rows": 1153797, "Actual Loops": 1, "Inner Unique": false, "Merge Cond": "(cn.id = mc.company_id)", "Plans": [{"Node Type": "Index Scan", "Parent Relationship": "Outer", "Scan Direction": "Forward", "Index Name": "company_name_pkey", "Relation Name": "company_name", "Alias": "cn", "Startup Cost": 10000000000.0, "Total Cost": 1000001050138.97, "Plan Rows": 85170, "Plan Width": 4, "Actual Startup Time": 0.029, "Actual Total Time": 333.997, "Actual Rows": 84843, "Actual Loops": 1, "Filter": "((country_code)::text = '[us]'::text)", "Rows Removed by Filter": 150153}, {"Node Type": "Index Scan", "Parent Relationship": "Inner", "Scan Direction": "Forward", "Index Name": "company_id_movie_companies", "Relation Name": "movie_companies", "Alias": "mc", "Startup Cost": 10000000000.0, "Total Cost": 1000012367349.98, "Plan Rows": 2609128, "Plan Width": 8, "Actual Startup Time": 0.021, "Actual Total Time": 2898.014, "Actual Rows": 2609128, "Actual Loops": 1}]}]}, {"Node Type": "Sort", "Parent Relationship": "Inner", "Startup Cost": 2000014235336.55, "Total Cost": 2000014243577.35, "Plan Rows": 3296318, "Plan Width": 8, "Actual Startup Time": 301.77, "Actual Total Time": 358.806, "Actual Rows": 461759, "Actual Loops": 1, "Sort Key": ["ci.movie_id"], "Sort Method": "quicksort", "Sort Space Used": 29564, "Sort Space Type": "Memory", "Plans": [{"Node Type": "Nested Loop", "Parent Relationship": "Outer", "Join Type": "Inner", "Startup Cost": 20000000000.0, "Total Cost": 2000013878470.18, "Plan Rows": 3296318, "Plan Width": 8, "Actual Startup Time": 0.112, "Actual Total Time": 200.726, "Actual Rows": 276403, "Actual Loops": 1, "Inner Unique": false, "Plans": [{"Node Type": "Index Scan", "Parent Relationship": "Outer", "Scan Direction": "Forward", "Index Name": "role_type_pkey", "Relation Name": "role_type", "Alias": "rt", "Startup Cost": 10000000000.0, "Total Cost": 1000000001246.0, "Plan Rows": 1, "Plan Width": 4, "Actual Startup Time": 0.059, "Actual Total Time": 0.069, "Actual Rows": 1, "Actual Loops": 1, "Filter": "((role)::text = 'costume designer'::text)", "Rows Removed by Filter": 11}, {"Node Type": "Index Scan", "Parent Relationship": "Inner", "Scan Direction": "Forward", "Index Name": "role_id_cast_info", "Relation Name": "cast_info", "Alias": "ci", "Startup Cost": 10000000000.0, "Total Cost": 1000013844261.0, "Plan Rows": 3296318, "Plan Width": 12, "Actual Startup Time": 0.044, "Actual Total Time": 148.876, "Actual Rows": 276403, "Actual Loops": 1, "Index Cond": "(role_id = rt.id), (LLVM Optimized, Jit Execute)", "Rows Removed by Index Recheck": 0}]}]}]}, {"Node Type": "Index Scan", "Parent Relationship": "Inner", "Scan Direction": "Forward", "Index Name": "title_pkey", "Relation Name": "title", "Alias": "t", "Startup Cost": 10000000000.0, "Total Cost": 1000011012048.91, "Plan Rows": 2528311, "Plan Width": 21, "Actual Startup Time": 0.043, "Actual Total Time": 3003.482, "Actual Rows": 2525722, "Actual Loops": 1}]}]}]}]}, "Triggers": [], "Planner Runtime": 127.854, "Total Runtime": 11092.305, "Unique SQL Id": 2457761703}}, "(64, '92')": {"explain_plan": {"Plan": {"Node Type": "Aggregate", "Strategy": "Plain", "Startup Cost": 1196640.37, "Total Cost": 1196640.38, "Plan Rows": 1, "Plan Width": 97, "Plans": [{"Node Type": "Nested Loop", "Parent Relationship": "Outer", "Join Type": "Inner", "Startup Cost": 920804.93, "Total Cost": 1194854.88, "Plan Rows": 357098, "Plan Width": 33, "Inner Unique": true, "Join Filter": "(an1.person_id = n1.id), (LLVM Optimized)", "Plans": [{"Node Type": "Nested Loop", "Parent Relationship": "Outer", "Join Type": "Inner", "Startup Cost": 920804.93, "Total Cost": 1091336.23, "Plan Rows": 357098, "Plan Width": 41, "Inner Unique": true, "Plans": [{"Node Type": "Merge Join", "Parent Relationship": "Outer", "Join Type": "Inner", "Startup Cost": 920804.93, "Total Cost": 989533.89, "Plan Rows": 357379, "Plan Width": 32, "Inner Unique": false, "Merge Cond": "(an1.person_id = ci.person_id)", "Plans": [{"Node Type": "Index Scan", "Parent Relationship": "Outer", "Scan Direction": "Forward", "Index Name": "person_id_aka_name", "Relation Name": "aka_name", "Alias": "an1", "Startup Cost": 0.0, "Total Cost": 68965.03, "Plan Rows": 901342, "Plan Width": 20}, {"Node Type": "Sort", "Parent Relationship": "Inner", "Startup Cost": 920804.86, "Total Cost": 922582.4, "Plan Rows": 711018, "Plan Width": 12, "Sort Key": ["ci.person_id"], "Plans": [{"Node Type": "Merge Join", "Parent Relationship": "Outer", "Join Type": "Inner", "Startup Cost": 812099.84, "Total Cost": 851695.59, "Plan Rows": 711018, "Plan Width": 12, "Inner Unique": false, "Merge Cond": "(mc.movie_id = ci.movie_id)", "Plans": [{"Node Type": "Sort", "Parent Relationship": "Outer", "Startup Cost": 283826.21, "Total Cost": 287031.99, "Plan Rows": 1282311, "Plan Width": 4, "Sort Key": ["mc.movie_id"], "Plans": [{"Node Type": "Merge Join", "Parent Relationship": "Outer", "Join Type": "Inner", "Startup Cost": 3383.04, "Total Cost": 153733.74, "Plan Rows": 1282311, "Plan Width": 4, "Inner Unique": false, "Merge Cond": "(cn.id = mc.company_id)", "Plans": [{"Node Type": "Index Scan", "Parent Relationship": "Outer", "Scan Direction": "Forward", "Index Name": "company_name_pkey", "Relation Name": "company_name", "Alias": "cn", "Startup Cost": 0.0, "Total Cost": 10501.39, "Plan Rows": 85170, "Plan Width": 4, "Filter": "((country_code)::text = '[us]'::text)"}, {"Node Type": "Index Scan", "Parent Relationship": "Inner", "Scan Direction": "Forward", "Index Name": "company_id_movie_companies", "Relation Name": "movie_companies", "Alias": "mc", "Startup Cost": 0.0, "Total Cost": 123673.5, "Plan Rows": 2609128, "Plan Width": 8}]}]}, {"Node Type": "Sort", "Parent Relationship": "Inner", "Startup Cost": 528273.31, "Total Cost": 536514.11, "Plan Rows": 3296318, "Plan Width": 8, "Sort Key": ["ci.movie_id"], "Plans": [{"Node Type": "Nested Loop", "Parent Relationship": "Outer", "Join Type": "Inner", "Startup Cost": 0.0, "Total Cost": 171406.94, "Plan Rows": 3296318, "Plan Width": 8, "Inner Unique": false, "Plans": [{"Node Type": "Seq Scan", "Parent Relationship": "Outer", "Relation Name": "role_type", "Alias": "rt", "Startup Cost": 0.0, "Total Cost": 1.15, "Plan Rows": 1, "Plan Width": 4, "Filter": "((role)::text = 'costume designer'::text)"}, {"Node Type": "Index Scan", "Parent Relationship": "Inner", "Scan Direction": "Forward", "Index Name": "role_id_cast_info", "Relation Name": "cast_info", "Alias": "ci", "Startup Cost": 0.0, "Total Cost": 138442.61, "Plan Rows": 3296318, "Plan Width": 12, "Index Cond": "(role_id = rt.id), (LLVM Optimized)"}]}]}]}]}]}, {"Node Type": "Index Scan", "Parent Relationship": "Inner", "Scan Direction": "Forward", "Index Name": "title_pkey", "Relation Name": "title", "Alias": "t", "Startup Cost": 0.0, "Total Cost": 0.27, "Plan Rows": 1, "Plan Width": 21, "Index Cond": "(id = ci.movie_id)"}]}, {"Node Type": "Index Scan", "Parent Relationship": "Inner", "Scan Direction": "Forward", "Index Name": "name_pkey", "Relation Name": "name", "Alias": "n1", "Startup Cost": 0.0, "Total Cost": 0.28, "Plan Rows": 1, "Plan Width": 4, "Index Cond": "(id = ci.person_id)"}]}]}, "Unique SQL Id": 2457761703, "Planner Runtime": 43}, "explain_analyze_plan": {"Plan": {"Node Type": "Aggregate", "Strategy": "Plain", "Startup Cost": 1196640.37, "Total Cost": 1196640.38, "Plan Rows": 1, "Plan Width": 97, "Actual Startup Time": 8495.509, "Actual Total Time": 8495.509, "Actual Rows": 1, "Actual Loops": 1, "Plans": [{"Node Type": "Nested Loop", "Parent Relationship": "Outer", "Join Type": "Inner", "Startup Cost": 920804.93, "Total Cost": 1194854.88, "Plan Rows": 357098, "Plan Width": 33, "Actual Startup Time": 5093.029, "Actual Total Time": 8290.645, "Actual Rows": 323005, "Actual Loops": 1, "Inner Unique": true, "Join Filter": "(an1.person_id = n1.id), (LLVM Optimized, Jit Execute)", "Rows Removed by Join Filter": 0, "Plans": [{"Node Type": "Nested Loop", "Parent Relationship": "Outer", "Join Type": "Inner", "Startup Cost": 920804.93, "Total Cost": 1091336.23, "Plan Rows": 357098, "Plan Width": 41, "Actual Startup Time": 5092.999, "Actual Total Time": 7189.077, "Actual Rows": 323005, "Actual Loops": 1, "Inner Unique": true, "Plans": [{"Node Type": "Merge Join", "Parent Relationship": "Outer", "Join Type": "Inner", "Startup Cost": 920804.93, "Total Cost": 989533.89, "Plan Rows": 357379, "Plan Width": 32, "Actual Startup Time": 5092.965, "Actual Total Time": 5908.661, "Actual Rows": 323005, "Actual Loops": 1, "Inner Unique": false, "Merge Cond": "(an1.person_id = ci.person_id)", "Plans": [{"Node Type": "Index Scan", "Parent Relationship": "Outer", "Scan Direction": "Forward", "Index Name": "person_id_aka_name", "Relation Name": "aka_name", "Alias": "an1", "Startup Cost": 0.0, "Total Cost": 68965.03, "Plan Rows": 901342, "Plan Width": 20, "Actual Startup Time": 0.032, "Actual Total Time": 511.229, "Actual Rows": 688852, "Actual Loops": 1}, {"Node Type": "Sort", "Parent Relationship": "Inner", "Startup Cost": 920804.86, "Total Cost": 922582.4, "Plan Rows": 711018, "Plan Width": 12, "Actual Startup Time": 5092.873, "Actual Total Time": 5180.93, "Actual Rows": 445949, "Actual Loops": 1, "Sort Key": ["ci.person_id"], "Sort Method": "quicksort", "Sort Space Used": 39058, "Sort Space Type": "Memory", "Plans": [{"Node Type": "Merge Join", "Parent Relationship": "Outer", "Join Type": "Inner", "Startup Cost": 812099.84, "Total Cost": 851695.59, "Plan Rows": 711018, "Plan Width": 12, "Actual Startup Time": 4550.312, "Actual Total Time": 5004.167, "Actual Rows": 285537, "Actual Loops": 1, "Inner Unique": false, "Merge Cond": "(mc.movie_id = ci.movie_id)", "Plans": [{"Node Type": "Sort", "Parent Relationship": "Outer", "Startup Cost": 283826.21, "Total Cost": 287031.99, "Plan Rows": 1282311, "Plan Width": 4, "Actual Startup Time": 4250.556, "Actual Total Time": 4388.717, "Actual Rows": 1153797, "Actual Loops": 1, "Sort Key": ["mc.movie_id"], "Sort Method": "quicksort", "Sort Space Used": 121265, "Sort Space Type": "Memory", "Plans": [{"Node Type": "Merge Join", "Parent Relationship": "Outer", "Join Type": "Inner", "Startup Cost": 3383.04, "Total Cost": 153733.74, "Plan Rows": 1282311, "Plan Width": 4, "Actual Startup Time": 0.051, "Actual Total Time": 3806.009, "Actual Rows": 1153797, "Actual Loops": 1, "Inner Unique": false, "Merge Cond": "(cn.id = mc.company_id)", "Plans": [{"Node Type": "Index Scan", "Parent Relationship": "Outer", "Scan Direction": "Forward", "Index Name": "company_name_pkey", "Relation Name": "company_name", "Alias": "cn", "Startup Cost": 0.0, "Total Cost": 10501.39, "Plan Rows": 85170, "Plan Width": 4, "Actual Startup Time": 0.027, "Actual Total Time": 354.479, "Actual Rows": 84843, "Actual Loops": 1, "Filter": "((country_code)::text = '[us]'::text)", "Rows Removed by Filter": 150153}, {"Node Type": "Index Scan", "Parent Relationship": "Inner", "Scan Direction": "Forward", "Index Name": "company_id_movie_companies", "Relation Name": "movie_companies", "Alias": "mc", "Startup Cost": 0.0, "Total Cost": 123673.5, "Plan Rows": 2609128, "Plan Width": 8, "Actual Startup Time": 0.02, "Actual Total Time": 2890.006, "Actual Rows": 2609128, "Actual Loops": 1}]}]}, {"Node Type": "Sort", "Parent Relationship": "Inner", "Startup Cost": 528273.31, "Total Cost": 536514.11, "Plan Rows": 3296318, "Plan Width": 8, "Actual Startup Time": 299.735, "Actual Total Time": 350.537, "Actual Rows": 461759, "Actual Loops": 1, "Sort Key": ["ci.movie_id"], "Sort Method": "quicksort", "Sort Space Used": 29564, "Sort Space Type": "Memory", "Plans": [{"Node Type": "Nested Loop", "Parent Relationship": "Outer", "Join Type": "Inner", "Startup Cost": 0.0, "Total Cost": 171406.94, "Plan Rows": 3296318, "Plan Width": 8, "Actual Startup Time": 0.096, "Actual Total Time": 200.176, "Actual Rows": 276403, "Actual Loops": 1, "Inner Unique": false, "Plans": [{"Node Type": "Seq Scan", "Parent Relationship": "Outer", "Relation Name": "role_type", "Alias": "rt", "Startup Cost": 0.0, "Total Cost": 1.15, "Plan Rows": 1, "Plan Width": 4, "Actual Startup Time": 0.037, "Actual Total Time": 0.047, "Actual Rows": 1, "Actual Loops": 1, "Filter": "((role)::text = 'costume designer'::text)", "Rows Removed by Filter": 11}, {"Node Type": "Index Scan", "Parent Relationship": "Inner", "Scan Direction": "Forward", "Index Name": "role_id_cast_info", "Relation Name": "cast_info", "Alias": "ci", "Startup Cost": 0.0, "Total Cost": 138442.61, "Plan Rows": 3296318, "Plan Width": 12, "Actual Startup Time": 0.051, "Actual Total Time": 148.8, "Actual Rows": 276403, "Actual Loops": 1, "Index Cond": "(role_id = rt.id), (LLVM Optimized, Jit Execute)", "Rows Removed by Index Recheck": 0}]}]}]}]}]}, {"Node Type": "Index Scan", "Parent Relationship": "Inner", "Scan Direction": "Forward", "Index Name": "title_pkey", "Relation Name": "title", "Alias": "t", "Startup Cost": 0.0, "Total Cost": 0.27, "Plan Rows": 1, "Plan Width": 21, "Actual Startup Time": 1024.512, "Actual Total Time": 1024.512, "Actual Rows": 323005, "Actual Loops": 323005, "Index Cond": "(id = ci.movie_id)", "Rows Removed by Index Recheck": 0}]}, {"Node Type": "Index Scan", "Parent Relationship": "Inner", "Scan Direction": "Forward", "Index Name": "name_pkey", "Relation Name": "name", "Alias": "n1", "Startup Cost": 0.0, "Total Cost": 0.28, "Plan Rows": 1, "Plan Width": 4, "Actual Startup Time": 831.779, "Actual Total Time": 831.779, "Actual Rows": 323005, "Actual Loops": 323005, "Index Cond": "(id = ci.person_id)", "Rows Removed by Index Recheck": 0}]}]}, "Triggers": [], "Planner Runtime": 42.972, "Total Runtime": 8505.439, "Unique SQL Id": 2457761703}}, "(64, '93')": {"explain_plan": {"Plan": {"Node Type": "Aggregate", "Strategy": "Plain", "Startup Cost": 1196651.68, "Total Cost": 1196651.69, "Plan Rows": 1, "Plan Width": 97, "Plans": [{"Node Type": "Nested Loop", "Parent Relationship": "Outer", "Join Type": "Inner", "Startup Cost": 920816.24, "Total Cost": 1194866.19, "Plan Rows": 357098, "Plan Width": 33, "Inner Unique": true, "Join Filter": "(an1.person_id = n1.id), (LLVM Optimized)", "Plans": [{"Node Type": "Nested Loop", "Parent Relationship": "Outer", "Join Type": "Inner", "Startup Cost": 920816.24, "Total Cost": 1091347.54, "Plan Rows": 357098, "Plan Width": 41, "Inner Unique": true, "Plans": [{"Node Type": "Merge Join", "Parent Relationship": "Outer", "Join Type": "Inner", "Startup Cost": 920816.24, "Total Cost": 989545.2, "Plan Rows": 357379, "Plan Width": 32, "Inner Unique": false, "Merge Cond": "(ci.person_id = an1.person_id)", "Plans": [{"Node Type": "Sort", "Parent Relationship": "Outer", "Startup Cost": 920816.17, "Total Cost": 922593.71, "Plan Rows": 711018, "Plan Width": 12, "Sort Key": ["ci.person_id"], "Plans": [{"Node Type": "Merge Join", "Parent Relationship": "Outer", "Join Type": "Inner", "Startup Cost": 812111.15, "Total Cost": 851706.9, "Plan Rows": 711018, "Plan Width": 12, "Inner Unique": false, "Merge Cond": "(mc.movie_id = ci.movie_id)", "Plans": [{"Node Type": "Sort", "Parent Relationship": "Outer", "Startup Cost": 283826.21, "Total Cost": 287031.99, "Plan Rows": 1282311, "Plan Width": 4, "Sort Key": ["mc.movie_id"], "Plans": [{"Node Type": "Merge Join", "Parent Relationship": "Outer", "Join Type": "Inner", "Startup Cost": 3383.04, "Total Cost": 153733.74, "Plan Rows": 1282311, "Plan Width": 4, "Inner Unique": false, "Merge Cond": "(cn.id = mc.company_id)", "Plans": [{"Node Type": "Index Scan", "Parent Relationship": "Outer", "Scan Direction": "Forward", "Index Name": "company_name_pkey", "Relation Name": "company_name", "Alias": "cn", "Startup Cost": 0.0, "Total Cost": 10501.39, "Plan Rows": 85170, "Plan Width": 4, "Filter": "((country_code)::text = '[us]'::text)"}, {"Node Type": "Index Scan", "Parent Relationship": "Inner", "Scan Direction": "Forward", "Index Name": "company_id_movie_companies", "Relation Name": "movie_companies", "Alias": "mc", "Startup Cost": 0.0, "Total Cost": 123673.5, "Plan Rows": 2609128, "Plan Width": 8}]}]}, {"Node Type": "Sort", "Parent Relationship": "Inner", "Startup Cost": 528284.62, "Total Cost": 536525.42, "Plan Rows": 3296318, "Plan Width": 8, "Sort Key": ["ci.movie_id"], "Plans": [{"Node Type": "Nested Loop", "Parent Relationship": "Outer", "Join Type": "Inner", "Startup Cost": 0.0, "Total Cost": 171418.25, "Plan Rows": 3296318, "Plan Width": 8, "Inner Unique": false, "Plans": [{"Node Type": "Index Scan", "Parent Relationship": "Outer", "Scan Direction": "Forward", "Index Name": "role_type_pkey", "Relation Name": "role_type", "Alias": "rt", "Startup Cost": 0.0, "Total Cost": 12.46, "Plan Rows": 1, "Plan Width": 4, "Filter": "((role)::text = 'costume designer'::text)"}, {"Node Type": "Index Scan", "Parent Relationship": "Inner", "Scan Direction": "Forward", "Index Name": "role_id_cast_info", "Relation Name": "cast_info", "Alias": "ci", "Startup Cost": 0.0, "Total Cost": 138442.61, "Plan Rows": 3296318, "Plan Width": 12, "Index Cond": "(role_id = rt.id), (LLVM Optimized)"}]}]}]}]}, {"Node Type": "Index Scan", "Parent Relationship": "Inner", "Scan Direction": "Forward", "Index Name": "person_id_aka_name", "Relation Name": "aka_name", "Alias": "an1", "Startup Cost": 0.0, "Total Cost": 68965.03, "Plan Rows": 901342, "Plan Width": 20}]}, {"Node Type": "Index Scan", "Parent Relationship": "Inner", "Scan Direction": "Forward", "Index Name": "title_pkey", "Relation Name": "title", "Alias": "t", "Startup Cost": 0.0, "Total Cost": 0.27, "Plan Rows": 1, "Plan Width": 21, "Index Cond": "(id = ci.movie_id)"}]}, {"Node Type": "Index Scan", "Parent Relationship": "Inner", "Scan Direction": "Forward", "Index Name": "name_pkey", "Relation Name": "name", "Alias": "n1", "Startup Cost": 0.0, "Total Cost": 0.28, "Plan Rows": 1, "Plan Width": 4, "Index Cond": "(id = ci.person_id)"}]}]}, "Unique SQL Id": 2457761703, "Planner Runtime": 41}, "explain_analyze_plan": {"Plan": {"Node Type": "Aggregate", "Strategy": "Plain", "Startup Cost": 1196651.68, "Total Cost": 1196651.69, "Plan Rows": 1, "Plan Width": 97, "Actual Startup Time": 8695.796, "Actual Total Time": 8695.797, "Actual Rows": 1, "Actual Loops": 1, "Plans": [{"Node Type": "Nested Loop", "Parent Relationship": "Outer", "Join Type": "Inner", "Startup Cost": 920816.24, "Total Cost": 1194866.19, "Plan Rows": 357098, "Plan Width": 33, "Actual Startup Time": 5053.582, "Actual Total Time": 8490.796, "Actual Rows": 323005, "Actual Loops": 1, "Inner Unique": true, "Join Filter": "(an1.person_id = n1.id), (LLVM Optimized, Jit Execute)", "Rows Removed by Join Filter": 0, "Plans": [{"Node Type": "Nested Loop", "Parent Relationship": "Outer", "Join Type": "Inner", "Startup Cost": 920816.24, "Total Cost": 1091347.54, "Plan Rows": 357098, "Plan Width": 41, "Actual Startup Time": 5053.537, "Actual Total Time": 7393.727, "Actual Rows": 323005, "Actual Loops": 1, "Inner Unique": true, "Plans": [{"Node Type": "Merge Join", "Parent Relationship": "Outer", "Join Type": "Inner", "Startup Cost": 920816.24, "Total Cost": 989545.2, "Plan Rows": 357379, "Plan Width": 32, "Actual Startup Time": 5053.483, "Actual Total Time": 6117.113, "Actual Rows": 323005, "Actual Loops": 1, "Inner Unique": false, "Merge Cond": "(ci.person_id = an1.person_id)", "Plans": [{"Node Type": "Sort", "Parent Relationship": "Outer", "Startup Cost": 920816.17, "Total Cost": 922593.71, "Plan Rows": 711018, "Plan Width": 12, "Actual Startup Time": 5053.356, "Actual Total Time": 5115.383, "Actual Rows": 285537, "Actual Loops": 1, "Sort Key": ["ci.person_id"], "Sort Method": "quicksort", "Sort Space Used": 39058, "Sort Space Type": "Memory", "Plans": [{"Node Type": "Merge Join", "Parent Relationship": "Outer", "Join Type": "Inner", "Startup Cost": 812111.15, "Total Cost": 851706.9, "Plan Rows": 711018, "Plan Width": 12, "Actual Startup Time": 4488.451, "Actual Total Time": 4962.335, "Actual Rows": 285537, "Actual Loops": 1, "Inner Unique": false, "Merge Cond": "(mc.movie_id = ci.movie_id)", "Plans": [{"Node Type": "Sort", "Parent Relationship": "Outer", "Startup Cost": 283826.21, "Total Cost": 287031.99, "Plan Rows": 1282311, "Plan Width": 4, "Actual Startup Time": 4203.257, "Actual Total Time": 4356.59, "Actual Rows": 1153797, "Actual Loops": 1, "Sort Key": ["mc.movie_id"], "Sort Method": "quicksort", "Sort Space Used": 121265, "Sort Space Type": "Memory", "Plans": [{"Node Type": "Merge Join", "Parent Relationship": "Outer", "Join Type": "Inner", "Startup Cost": 3383.04, "Total Cost": 153733.74, "Plan Rows": 1282311, "Plan Width": 4, "Actual Startup Time": 0.061, "Actual Total Time": 3761.667, "Actual Rows": 1153797, "Actual Loops": 1, "Inner Unique": false, "Merge Cond": "(cn.id = mc.company_id)", "Plans": [{"Node Type": "Index Scan", "Parent Relationship": "Outer", "Scan Direction": "Forward", "Index Name": "company_name_pkey", "Relation Name": "company_name", "Alias": "cn", "Startup Cost": 0.0, "Total Cost": 10501.39, "Plan Rows": 85170, "Plan Width": 4, "Actual Startup Time": 0.035, "Actual Total Time": 345.342, "Actual Rows": 84843, "Actual Loops": 1, "Filter": "((country_code)::text = '[us]'::text)", "Rows Removed by Filter": 150153}, {"Node Type": "Index Scan", "Parent Relationship": "Inner", "Scan Direction": "Forward", "Index Name": "company_id_movie_companies", "Relation Name": "movie_companies", "Alias": "mc", "Startup Cost": 0.0, "Total Cost": 123673.5, "Plan Rows": 2609128, "Plan Width": 8, "Actual Startup Time": 0.019, "Actual Total Time": 2854.353, "Actual Rows": 2609128, "Actual Loops": 1}]}]}, {"Node Type": "Sort", "Parent Relationship": "Inner", "Startup Cost": 528284.62, "Total Cost": 536525.42, "Plan Rows": 3296318, "Plan Width": 8, "Actual Startup Time": 285.178, "Actual Total Time": 339.58, "Actual Rows": 461759, "Actual Loops": 1, "Sort Key": ["ci.movie_id"], "Sort Method": "quicksort", "Sort Space Used": 29564, "Sort Space Type": "Memory", "Plans": [{"Node Type": "Nested Loop", "Parent Relationship": "Outer", "Join Type": "Inner", "Startup Cost": 0.0, "Total Cost": 171418.25, "Plan Rows": 3296318, "Plan Width": 8, "Actual Startup Time": 0.125, "Actual Total Time": 183.521, "Actual Rows": 276403, "Actual Loops": 1, "Inner Unique": false, "Plans": [{"Node Type": "Index Scan", "Parent Relationship": "Outer", "Scan Direction": "Forward", "Index Name": "role_type_pkey", "Relation Name": "role_type", "Alias": "rt", "Startup Cost": 0.0, "Total Cost": 12.46, "Plan Rows": 1, "Plan Width": 4, "Actual Startup Time": 0.039, "Actual Total Time": 0.054, "Actual Rows": 1, "Actual Loops": 1, "Filter": "((role)::text = 'costume designer'::text)", "Rows Removed by Filter": 11}, {"Node Type": "Index Scan", "Parent Relationship": "Inner", "Scan Direction": "Forward", "Index Name": "role_id_cast_info", "Relation Name": "cast_info", "Alias": "ci", "Startup Cost": 0.0, "Total Cost": 138442.61, "Plan Rows": 3296318, "Plan Width": 12, "Actual Startup Time": 0.042, "Actual Total Time": 131.327, "Actual Rows": 276403, "Actual Loops": 1, "Index Cond": "(role_id = rt.id), (LLVM Optimized, Jit Execute)", "Rows Removed by Index Recheck": 0}]}]}]}]}, {"Node Type": "Index Scan", "Parent Relationship": "Inner", "Scan Direction": "Forward", "Index Name": "person_id_aka_name", "Relation Name": "aka_name", "Alias": "an1", "Startup Cost": 0.0, "Total Cost": 68965.03, "Plan Rows": 901342, "Plan Width": 20, "Actual Startup Time": 0.083, "Actual Total Time": 735.718, "Actual Rows": 1003872, "Actual Loops": 1}]}, {"Node Type": "Index Scan", "Parent Relationship": "Inner", "Scan Direction": "Forward", "Index Name": "title_pkey", "Relation Name": "title", "Alias": "t", "Startup Cost": 0.0, "Total Cost": 0.27, "Plan Rows": 1, "Plan Width": 21, "Actual Startup Time": 1024.758, "Actual Total Time": 1024.758, "Actual Rows": 323005, "Actual Loops": 323005, "Index Cond": "(id = ci.movie_id)", "Rows Removed by Index Recheck": 0}]}, {"Node Type": "Index Scan", "Parent Relationship": "Inner", "Scan Direction": "Forward", "Index Name": "name_pkey", "Relation Name": "name", "Alias": "n1", "Startup Cost": 0.0, "Total Cost": 0.28, "Plan Rows": 1, "Plan Width": 4, "Actual Startup Time": 830.463, "Actual Total Time": 830.463, "Actual Rows": 323005, "Actual Loops": 323005, "Index Cond": "(id = ci.person_id)", "Rows Removed by Index Recheck": 0}]}]}, "Triggers": [], "Planner Runtime": 42.509, "Total Runtime": 8705.671, "Unique SQL Id": 2457761703}}, "(64, '94')": {"explain_plan": {"Plan": {"Node Type": "Aggregate", "Strategy": "Plain", "Startup Cost": 12103218987049.04, "Total Cost": 12103218987049.07, "Plan Rows": 1, "Plan Width": 97, "Plans": [{"Node Type": "Streaming(type: LOCAL GATHER dop: 1/64)", "Parent Relationship": "Outer", "Startup Cost": 12103218987049.04, "Total Cost": 12103218987049.07, "Plan Rows": 1, "Plan Width": 97, "Plans": [{"Node Type": "Aggregate", "Strategy": "Plain", "Parent Relationship": "Outer", "Startup Cost": 12103218987049.04, "Total Cost": 12103218987049.05, "Plan Rows": 1, "Plan Width": 97, "Plans": [{"Node Type": "Nested Loop", "Parent Relationship": "Outer", "Join Type": "Inner", "Startup Cost": 40000818104.0, "Total Cost": 12103218985263.55, "Plan Rows": 357098, "Plan Width": 33, "Inner Unique": false, "Join Filter": "(an1.person_id = ci.person_id), (LLVM Optimized)", "Plans": [{"Node Type": "Streaming(type: LOCAL REDISTRIBUTE dop: 64/64)", "Parent Relationship": "Outer", "Startup Cost": 10000000000.0, "Total Cost": 100140134575.19, "Plan Rows": 901342, "Plan Width": 24, "Plans": [{"Node Type": "Nested Loop", "Parent Relationship": "Outer", "Join Type": "Inner", "Startup Cost": 10000000000.0, "Total Cost": 100140070721.37, "Plan Rows": 901342, "Plan Width": 24, "Inner Unique": false, "Join Filter": "(an1.person_id = n1.id), (LLVM Optimized)", "Plans": [{"Node Type": "Streaming(type: LOCAL REDISTRIBUTE dop: 64/64)", "Parent Relationship": "Outer", "Startup Cost": 0.0, "Total Cost": 131401.97, "Plan Rows": 4167490, "Plan Width": 4, "Plans": [{"Node Type": "Seq Scan", "Parent Relationship": "Outer", "Relation Name": "name", "Alias": "n1", "Startup Cost": 0.0, "Total Cost": 64454.25, "Plan Rows": 4167490, "Plan Width": 4}]}, {"Node Type": "Materialize", "Parent Relationship": "Inner", "Startup Cost": 0.0, "Total Cost": 119600.26, "Plan Rows": 901342, "Plan Width": 20, "Plans": [{"Node Type": "Streaming(type: LOCAL REDISTRIBUTE dop: 64/1)", "Parent Relationship": "Outer", "Startup Cost": 0.0, "Total Cost": 119529.84, "Plan Rows": 901342, "Plan Width": 20, "Plans": [{"Node Type": "Seq Scan", "Parent Relationship": "Outer", "Relation Name": "aka_name", "Alias": "an1", "Startup Cost": 0.0, "Total Cost": 19908.42, "Plan Rows": 901342, "Plan Width": 20}]}]}]}]}, {"Node Type": "Materialize", "Parent Relationship": "Inner", "Startup Cost": 20000818104.0, "Total Cost": 1100179418886.63, "Plan Rows": 710459, "Plan Width": 21, "Plans": [{"Node Type": "Streaming(type: LOCAL REDISTRIBUTE dop: 64/64)", "Parent Relationship": "Outer", "Startup Cost": 20000818104.0, "Total Cost": 1100179418831.12, "Plan Rows": 710459, "Plan Width": 21, "Plans": [{"Node Type": "Nested Loop", "Parent Relationship": "Outer", "Join Type": "Inner", "Startup Cost": 20000818104.0, "Total Cost": 1100179355158.13, "Plan Rows": 710459, "Plan Width": 21, "Inner Unique": false, "Join Filter": "(ci.movie_id = t.id), (LLVM Optimized)", "Plans": [{"Node Type": "Streaming(type: LOCAL REDISTRIBUTE dop: 64/64)", "Parent Relationship": "Outer", "Startup Cost": 10000000000.0, "Total Cost": 100001491009.94, "Plan Rows": 3296318, "Plan Width": 8, "Plans": [{"Node Type": "Nested Loop", "Parent Relationship": "Outer", "Join Type": "Inner", "Startup Cost": 10000000000.0, "Total Cost": 100001424887.46, "Plan Rows": 3296318, "Plan Width": 8, "Inner Unique": false, "Join Filter": "(ci.role_id = rt.id), (LLVM Optimized)", "Plans": [{"Node Type": "Streaming(type: BROADCAST dop: 64/1)", "Parent Relationship": "Outer", "Startup Cost": 0.0, "Total Cost": 63002.47, "Plan Rows": 64, "Plan Width": 4, "Plans": [{"Node Type": "Seq Scan", "Parent Relationship": "Outer", "Relation Name": "role_type", "Alias": "rt", "Startup Cost": 0.0, "Total Cost": 1.15, "Plan Rows": 1, "Plan Width": 4, "Filter": "((role)::text = 'costume designer'::text)"}]}, {"Node Type": "Seq Scan", "Parent Relationship": "Inner", "Relation Name": "cast_info", "Alias": "ci", "Startup Cost": 0.0, "Total Cost": 72404.34, "Plan Rows": 36259494, "Plan Width": 12}]}]}, {"Node Type": "Materialize", "Parent Relationship": "Inner", "Startup Cost": 818104.0, "Total Cost": 965168.15, "Plan Rows": 1282311, "Plan Width": 25, "Plans": [{"Node Type": "Streaming(type: LOCAL REDISTRIBUTE dop: 64/1)", "Parent Relationship": "Outer", "Startup Cost": 818104.0, "Total Cost": 965067.97, "Plan Rows": 1282311, "Plan Width": 25, "Plans": [{"Node Type": "Merge Join", "Parent Relationship": "Outer", "Join Type": "Inner", "Startup Cost": 818104.0, "Total Cost": 849967.82, "Plan Rows": 1282311, "Plan Width": 25, "Inner Unique": true, "Merge Cond": "(mc.movie_id = t.id)", "Plans": [{"Node Type": "Sort", "Parent Relationship": "Outer", "Startup Cost": 489151.99, "Total Cost": 492357.77, "Plan Rows": 1282311, "Plan Width": 4, "Sort Key": ["mc.movie_id"], "Plans": [{"Node Type": "Merge Join", "Parent Relationship": "Outer", "Join Type": "Inner", "Startup Cost": 333103.9, "Total Cost": 359059.52, "Plan Rows": 1282311, "Plan Width": 4, "Inner Unique": false, "Merge Cond": "(cn.id = mc.company_id)", "Plans": [{"Node Type": "Sort", "Parent Relationship": "Outer", "Startup Cost": 12878.05, "Total Cost": 13090.97, "Plan Rows": 85170, "Plan Width": 4, "Sort Key": ["cn.id"], "Plans": [{"Node Type": "Seq Scan", "Parent Relationship": "Outer", "Relation Name": "company_name", "Alias": "cn", "Startup Cost": 0.0, "Total Cost": 5903.45, "Plan Rows": 85170, "Plan Width": 4, "Filter": "((country_code)::text = '[us]'::text)"}]}, {"Node Type": "Sort", "Parent Relationship": "Inner", "Startup Cost": 319886.87, "Total Cost": 326409.69, "Plan Rows": 2609128, "Plan Width": 8, "Sort Key": ["mc.company_id"], "Plans": [{"Node Type": "Seq Scan", "Parent Relationship": "Outer", "Relation Name": "movie_companies", "Alias": "mc", "Startup Cost": 0.0, "Total Cost": 41817.28, "Plan Rows": 2609128, "Plan Width": 8}]}]}]}, {"Node Type": "Sort", "Parent Relationship": "Inner", "Startup Cost": 328951.73, "Total Cost": 335272.51, "Plan Rows": 2528311, "Plan Width": 21, "Sort Key": ["t.id"], "Plans": [{"Node Type": "Seq Scan", "Parent Relationship": "Outer", "Relation Name": "title", "Alias": "t", "Startup Cost": 0.0, "Total Cost": 60069.11, "Plan Rows": 2528311, "Plan Width": 21}]}]}]}]}]}]}]}]}]}]}]}, "Unique SQL Id": 2457761703, "Planner Runtime": 35}, "explain_analyze_plan": null}, "(64, '95')": {"explain_plan": {"Plan": {"Node Type": "Aggregate", "Strategy": "Plain", "Startup Cost": 6720857268518.5, "Total Cost": 6720857268518.51, "Plan Rows": 1, "Plan Width": 97, "Plans": [{"Node Type": "Merge Join", "Parent Relationship": "Outer", "Join Type": "Inner", "Startup Cost": 5019186702132.34, "Total Cost": 6720857266733.01, "Plan Rows": 357098, "Plan Width": 33, "Inner Unique": false, "Merge Cond": "(an1.person_id = ci.person_id)", "Plans": [{"Node Type": "Merge Join", "Parent Relationship": "Outer", "Join Type": "Inner", "Startup Cost": 20030754356.47, "Total Cost": 2000007674895.99, "Plan Rows": 901342, "Plan Width": 24, "Inner Unique": true, "Merge Cond": "(an1.person_id = n1.id)", "Plans": [{"Node Type": "Index Scan", "Parent Relationship": "Outer", "Scan Direction": "Forward", "Index Name": "person_id_aka_name", "Relation Name": "aka_name", "Alias": "an1", "Startup Cost": 10000000000.0, "Total Cost": 1000006896503.43, "Plan Rows": 901342, "Plan Width": 20}, {"Node Type": "Index Scan", "Parent Relationship": "Inner", "Scan Direction": "Forward", "Index Name": "name_pkey", "Relation Name": "name", "Alias": "n1", "Startup Cost": 10000000000.0, "Total Cost": 1000017623274.7, "Plan Rows": 4167490, "Plan Width": 4}]}, {"Node Type": "Sort", "Parent Relationship": "Inner", "Startup Cost": 4999155947775.81, "Total Cost": 4999155949551.95, "Plan Rows": 710459, "Plan Width": 21, "Sort Key": ["ci.person_id"], "Plans": [{"Node Type": "Merge Join", "Parent Relationship": "Outer", "Join Type": "Inner", "Startup Cost": 4010027802477.44, "Total Cost": 4999155878724.9, "Plan Rows": 710459, "Plan Width": 21, "Inner Unique": true, "Merge Cond": "(ci.movie_id = t.id)", "Plans": [{"Node Type": "Merge Join", "Parent Relationship": "Outer", "Join Type": "Inner", "Startup Cost": 4000027802477.15, "Total Cost": 4000027842072.9, "Plan Rows": 711018, "Plan Width": 12, "Inner Unique": false, "Merge Cond": "(mc.movie_id = ci.movie_id)", "Plans": [{"Node Type": "Sort", "Parent Relationship": "Outer", "Startup Cost": 2000013567140.28, "Total Cost": 2000013570346.05, "Plan Rows": 1282311, "Plan Width": 4, "Sort Key": ["mc.movie_id"], "Plans": [{"Node Type": "Merge Join", "Parent Relationship": "Outer", "Join Type": "Inner", "Startup Cost": 45724640147.62, "Total Cost": 2000013437047.81, "Plan Rows": 1282311, "Plan Width": 4, "Inner Unique": false, "Merge Cond": "(cn.id = mc.company_id)", "Plans": [{"Node Type": "Index Scan", "Parent Relationship": "Outer", "Scan Direction": "Forward", "Index Name": "company_name_pkey", "Relation Name": "company_name", "Alias": "cn", "Startup Cost": 10000000000.0, "Total Cost": 1000001050138.97, "Plan Rows": 85170, "Plan Width": 4, "Filter": "((country_code)::text = '[us]'::text)"}, {"Node Type": "Index Scan", "Parent Relationship": "Inner", "Scan Direction": "Forward", "Index Name": "company_id_movie_companies", "Relation Name": "movie_companies", "Alias": "mc", "Startup Cost": 10000000000.0, "Total Cost": 1000012367349.98, "Plan Rows": 2609128, "Plan Width": 8}]}]}, {"Node Type": "Sort", "Parent Relationship": "Inner", "Startup Cost": 2000014235336.55, "Total Cost": 2000014243577.35, "Plan Rows": 3296318, "Plan Width": 8, "Sort Key": ["ci.movie_id"], "Plans": [{"Node Type": "Nested Loop", "Parent Relationship": "Outer", "Join Type": "Inner", "Startup Cost": 20000000000.0, "Total Cost": 2000013878470.18, "Plan Rows": 3296318, "Plan Width": 8, "Inner Unique": false, "Plans": [{"Node Type": "Index Scan", "Parent Relationship": "Outer", "Scan Direction": "Forward", "Index Name": "role_type_pkey", "Relation Name": "role_type", "Alias": "rt", "Startup Cost": 10000000000.0, "Total Cost": 1000000001246.0, "Plan Rows": 1, "Plan Width": 4, "Filter": "((role)::text = 'costume designer'::text)"}, {"Node Type": "Index Scan", "Parent Relationship": "Inner", "Scan Direction": "Forward", "Index Name": "role_id_cast_info", "Relation Name": "cast_info", "Alias": "ci", "Startup Cost": 10000000000.0, "Total Cost": 1000013844261.0, "Plan Rows": 3296318, "Plan Width": 12, "Index Cond": "(role_id = rt.id), (LLVM Optimized)"}]}]}]}, {"Node Type": "Index Scan", "Parent Relationship": "Inner", "Scan Direction": "Forward", "Index Name": "title_pkey", "Relation Name": "title", "Alias": "t", "Startup Cost": 10000000000.0, "Total Cost": 1000011012048.91, "Plan Rows": 2528311, "Plan Width": 21}]}]}]}]}, "Unique SQL Id": 2457761703, "Planner Runtime": 128}, "explain_analyze_plan": null}, "(64, '96')": {"explain_plan": {"Plan": {"Node Type": "Aggregate", "Strategy": "Plain", "Startup Cost": 528738.29, "Total Cost": 528738.3, "Plan Rows": 1, "Plan Width": 97, "Plans": [{"Node Type": "Hash Join", "Parent Relationship": "Outer", "Join Type": "Inner", "Startup Cost": 336662.4, "Total Cost": 526952.8, "Plan Rows": 357098, "Plan Width": 33, "Inner Unique": true, "Hash Cond": "(mc.company_id = cn.id), (LLVM Optimized)", "Plans": [{"Node Type": "Hash Join", "Parent Relationship": "Outer", "Join Type": "Inner", "Startup Cost": 329694.33, "Total Cost": 513689.03, "Plan Rows": 726589, "Plan Width": 37, "Inner Unique": false, "Hash Cond": "(ci.movie_id = t.id), (LLVM Optimized)", "Plans": [{"Node Type": "Streaming(type: LOCAL GATHER dop: 1/64)", "Parent Relationship": "Outer", "Startup Cost": 254738.78, "Total Cost": 417857.9, "Plan Rows": 1484588, "Plan Width": 20, "Plans": [{"Node Type": "Hash Join", "Parent Relationship": "Outer", "Join Type": "Inner", "Startup Cost": 254738.78, "Total Cost": 387231.02, "Plan Rows": 1484588, "Plan Width": 20, "Inner Unique": false, "Hash Cond": "(an1.person_id = ci.person_id), (LLVM Optimized)", "Plans": [{"Node Type": "Streaming(type: LOCAL REDISTRIBUTE dop: 64/1)", "Parent Relationship": "Outer", "Startup Cost": 202522.7, "Total Cost": 334446.0, "Plan Rows": 901342, "Plan Width": 24, "Plans": [{"Node Type": "Hash Join", "Parent Relationship": "Outer", "Join Type": "Inner", "Startup Cost": 202522.7, "Total Cost": 234824.58, "Plan Rows": 901342, "Plan Width": 24, "Inner Unique": true, "Hash Cond": "(an1.person_id = n1.id), (LLVM Optimized)", "Plans": [{"Node Type": "Seq Scan", "Parent Relationship": "Outer", "Relation Name": "aka_name", "Alias": "an1", "Startup Cost": 0.0, "Total Cost": 19908.42, "Plan Rows": 901342, "Plan Width": 20}, {"Node Type": "Hash", "Parent Relationship": "Inner", "Startup Cost": 150429.08, "Total Cost": 150429.08, "Plan Rows": 4167490, "Plan Width": 4, "Plans": [{"Node Type": "Streaming(type: LOCAL GATHER dop: 1/64)", "Parent Relationship": "Outer", "Startup Cost": 0.0, "Total Cost": 150429.08, "Plan Rows": 4167490, "Plan Width": 4, "Plans": [{"Node Type": "Seq Scan", "Parent Relationship": "Outer", "Relation Name": "name", "Alias": "n1", "Startup Cost": 0.0, "Total Cost": 64454.25, "Plan Rows": 4167490, "Plan Width": 4}]}]}]}]}, {"Node Type": "Hash", "Parent Relationship": "Inner", "Startup Cost": 203464.29, "Total Cost": 203464.29, "Plan Rows": 3296318, "Plan Width": 8, "Plans": [{"Node Type": "Streaming(type: LOCAL REDISTRIBUTE dop: 64/64)", "Parent Relationship": "Outer", "Startup Cost": 63002.48, "Total Cost": 203464.29, "Plan Rows": 3296318, "Plan Width": 8, "Plans": [{"Node Type": "Hash Join", "Parent Relationship": "Outer", "Join Type": "Inner", "Startup Cost": 63002.48, "Total Cost": 137341.8, "Plan Rows": 3296318, "Plan Width": 8, "Inner Unique": true, "Hash Cond": "(ci.role_id = rt.id), (LLVM Optimized)", "Plans": [{"Node Type": "Seq Scan", "Parent Relationship": "Outer", "Relation Name": "cast_info", "Alias": "ci", "Startup Cost": 0.0, "Total Cost": 72404.34, "Plan Rows": 36259494, "Plan Width": 12}, {"Node Type": "Hash", "Parent Relationship": "Inner", "Startup Cost": 63002.47, "Total Cost": 63002.47, "Plan Rows": 64, "Plan Width": 4, "Plans": [{"Node Type": "Streaming(type: BROADCAST dop: 64/1)", "Parent Relationship": "Outer", "Startup Cost": 0.0, "Total Cost": 63002.47, "Plan Rows": 64, "Plan Width": 4, "Plans": [{"Node Type": "Seq Scan", "Parent Relationship": "Outer", "Relation Name": "role_type", "Alias": "rt", "Startup Cost": 0.0, "Total Cost": 1.15, "Plan Rows": 1, "Plan Width": 4, "Filter": "((role)::text = 'costume designer'::text)"}]}]}]}]}]}]}]}, {"Node Type": "Hash", "Parent Relationship": "Inner", "Startup Cost": 169365.79, "Total Cost": 169365.79, "Plan Rows": 2609128, "Plan Width": 29, "Plans": [{"Node Type": "Hash Join", "Parent Relationship": "Outer", "Join Type": "Inner", "Startup Cost": 91673.0, "Total Cost": 169365.79, "Plan Rows": 2609128, "Plan Width": 29, "Inner Unique": true, "Hash Cond": "(mc.movie_id = t.id), (LLVM Optimized)", "Plans": [{"Node Type": "Seq Scan", "Parent Relationship": "Outer", "Relation Name": "movie_companies", "Alias": "mc", "Startup Cost": 0.0, "Total Cost": 41817.28, "Plan Rows": 2609128, "Plan Width": 8}, {"Node Type": "Hash", "Parent Relationship": "Inner", "Startup Cost": 60069.11, "Total Cost": 60069.11, "Plan Rows": 2528311, "Plan Width": 21, "Plans": [{"Node Type": "Seq Scan", "Parent Relationship": "Outer", "Relation Name": "title", "Alias": "t", "Startup Cost": 0.0, "Total Cost": 60069.11, "Plan Rows": 2528311, "Plan Width": 21}]}]}]}]}, {"Node Type": "Hash", "Parent Relationship": "Inner", "Startup Cost": 5903.45, "Total Cost": 5903.45, "Plan Rows": 85170, "Plan Width": 4, "Plans": [{"Node Type": "Seq Scan", "Parent Relationship": "Outer", "Relation Name": "company_name", "Alias": "cn", "Startup Cost": 0.0, "Total Cost": 5903.45, "Plan Rows": 85170, "Plan Width": 4, "Filter": "((country_code)::text = '[us]'::text)"}]}]}]}, "Unique SQL Id": 2457761703, "Planner Runtime": 150}, "explain_analyze_plan": {"Plan": {"Node Type": "Aggregate", "Strategy": "Plain", "Startup Cost": 528738.29, "Total Cost": 528738.3, "Plan Rows": 1, "Plan Width": 97, "Actual Min Startup Time": 6856.27, "Actual Max Startup Time": 6856.27, "Actual Min Total Time": 6856.271, "Actual Max Total Time": 6856.271, "Plans": [{"Node Type": "Hash Join", "Parent Relationship": "Outer", "Join Type": "Inner", "Startup Cost": 336662.4, "Total Cost": 526952.8, "Plan Rows": 357098, "Plan Width": 33, "Actual Min Startup Time": 5249.401, "Actual Max Startup Time": 5249.401, "Actual Min Total Time": 6705.964, "Actual Max Total Time": 6705.964, "Inner Unique": true, "Hash Cond": "(mc.company_id = cn.id), (LLVM Optimized, Jit Execute)", "Plans": [{"Node Type": "Hash Join", "Parent Relationship": "Outer", "Join Type": "Inner", "Startup Cost": 329694.33, "Total Cost": 513689.03, "Plan Rows": 726589, "Plan Width": 37, "Actual Min Startup Time": 5130.68, "Actual Max Startup Time": 5130.68, "Actual Min Total Time": 6388.767, "Actual Max Total Time": 6388.767, "Inner Unique": false, "Hash Cond": "(ci.movie_id = t.id), (LLVM Optimized, Jit Execute)", "Plans": [{"Node Type": "Streaming(type: LOCAL GATHER dop: 1/64)", "Parent Relationship": "Outer", "Startup Cost": 254738.78, "Total Cost": 417857.9, "Plan Rows": 1484588, "Plan Width": 20, "Actual Min Startup Time": 0.186, "Actual Max Startup Time": 0.186, "Actual Min Total Time": 983.556, "Actual Max Total Time": 983.556, "Plans": [{"Node Type": "Hash Join", "Parent Relationship": "Outer", "Join Type": "Inner", "Startup Cost": 254738.78, "Total Cost": 387231.02, "Plan Rows": 1484588, "Plan Width": 20, "Actual Min Startup Time": 2904.02, "Actual Max Startup Time": 5001.056, "Actual Min Total Time": 4507.096, "Actual Max Total Time": 6552.353, "Inner Unique": false, "Hash Cond": "(an1.person_id = ci.person_id), (LLVM Optimized, Jit Execute)", "Plans": [{"Node Type": "Streaming(type: LOCAL REDISTRIBUTE dop: 64/1)", "Parent Relationship": "Outer", "Startup Cost": 202522.7, "Total Cost": 334446.0, "Plan Rows": 901342, "Plan Width": 24, "Actual Min Startup Time": 2648.309, "Actual Max Startup Time": 2658.987, "Actual Min Total Time": 4210.018, "Actual Max Total Time": 5937.182, "Plans": [{"Node Type": "Hash Join", "Parent Relationship": "Outer", "Join Type": "Inner", "Startup Cost": 202522.7, "Total Cost": 234824.58, "Plan Rows": 901342, "Plan Width": 24, "Actual Min Startup Time": 2900.815, "Actual Max Startup Time": 2900.815, "Actual Min Total Time": 3642.451, "Actual Max Total Time": 3642.451, "Inner Unique": true, "Hash Cond": "(an1.person_id = n1.id), (LLVM Optimized, Jit Execute)", "Plans": [{"Node Type": "Seq Scan", "Parent Relationship": "Outer", "Relation Name": "aka_name", "Alias": "an1", "Startup Cost": 0.0, "Total Cost": 19908.42, "Plan Rows": 901342, "Plan Width": 20, "Actual Min Startup Time": 0.033, "Actual Max Startup Time": 0.033, "Actual Min Total Time": 226.164, "Actual Max Total Time": 226.164, "Actual Rows": 901342}, {"Node Type": "Hash", "Parent Relationship": "Inner", "Startup Cost": 150429.08, "Total Cost": 150429.08, "Plan Rows": 4167490, "Plan Width": 4, "Actual Min Startup Time": 2898.206, "Actual Max Startup Time": 2898.206, "Actual Min Total Time": 2898.206, "Actual Max Total Time": 2898.206, "Max Hash Buckets": 4194304, "Min Hash Buckets": 4194304, "Max Hash Batches": 1, "Min Hash Batches": 1, "Max Original Hash Batches": 1, "Min Original Hash Batches": 1, "Max Peak Memory Usage": 146514, "min Peak Memory Usage": 146514, "Plans": [{"Node Type": "Streaming(type: LOCAL GATHER dop: 1/64)", "Parent Relationship": "Outer", "Startup Cost": 0.0, "Total Cost": 150429.08, "Plan Rows": 4167490, "Plan Width": 4, "Actual Min Startup Time": 0.152, "Actual Max Startup Time": 0.152, "Actual Min Total Time": 1744.697, "Actual Max Total Time": 1744.697, "Plans": [{"Node Type": "Seq Scan", "Parent Relationship": "Outer", "Relation Name": "name", "Alias": "n1", "Startup Cost": 0.0, "Total Cost": 64454.25, "Plan Rows": 4167490, "Plan Width": 4, "Actual Min Startup Time": 0.018, "Actual Max Startup Time": 0.044, "Actual Min Total Time": 18.96, "Actual Max Total Time": 23.576, "Actual Rows": 4167490}], "Actual Rows": 4167490}], "Actual Rows": 4167490}], "Actual Rows": 901342}], "Actual Rows": 901342}, {"Node Type": "Hash", "Parent Relationship": "Inner", "Startup Cost": 203464.29, "Total Cost": 203464.29, "Plan Rows": 3296318, "Plan Width": 8, "Actual Min Startup Time": 251.014, "Actual Max Startup Time": 617.726, "Actual Min Total Time": 251.014, "Actual Max Total Time": 617.726, "Max Hash Buckets": 65536, "Min Hash Buckets": 65536, "Max Hash Batches": 1, "Min Hash Batches": 1, "Max Original Hash Batches": 1, "Min Original Hash Batches": 1, "Max Peak Memory Usage": 153, "min Peak Memory Usage": 153, "Plans": [{"Node Type": "Streaming(type: LOCAL REDISTRIBUTE dop: 64/64)", "Parent Relationship": "Outer", "Startup Cost": 63002.48, "Total Cost": 203464.29, "Plan Rows": 3296318, "Plan Width": 8, "Actual Min Startup Time": 0.126, "Actual Max Startup Time": 331.621, "Actual Min Total Time": 250.064, "Actual Max Total Time": 616.635, "Plans": [{"Node Type": "Hash Join", "Parent Relationship": "Outer", "Join Type": "Inner", "Startup Cost": 63002.48, "Total Cost": 137341.8, "Plan Rows": 3296318, "Plan Width": 8, "Actual Min Startup Time": 184.436, "Actual Max Startup Time": 286.242, "Actual Min Total Time": 231.359, "Actual Max Total Time": 286.242, "Inner Unique": true, "Hash Cond": "(ci.role_id = rt.id), (LLVM Optimized, Jit Execute)", "Plans": [{"Node Type": "Seq Scan", "Parent Relationship": "Outer", "Relation Name": "cast_info", "Alias": "ci", "Startup Cost": 0.0, "Total Cost": 72404.34, "Plan Rows": 36259494, "Plan Width": 12, "Actual Min Startup Time": 0.027, "Actual Max Startup Time": 0.061, "Actual Min Total Time": 127.977, "Actual Max Total Time": 141.649, "Actual Rows": 36244343}, {"Node Type": "Hash", "Parent Relationship": "Inner", "Startup Cost": 63002.47, "Total Cost": 63002.47, "Plan Rows": 64, "Plan Width": 4, "Actual Min Startup Time": 0.012, "Actual Max Startup Time": 54.189, "Actual Min Total Time": 0.012, "Actual Max Total Time": 54.189, "Max Hash Buckets": 32768, "Min Hash Buckets": 32768, "Max Hash Batches": 1, "Min Hash Batches": 1, "Max Original Hash Batches": 1, "Min Original Hash Batches": 1, "Max Peak Memory Usage": 1, "min Peak Memory Usage": 1, "Plans": [{"Node Type": "Streaming(type: BROADCAST dop: 64/1)", "Parent Relationship": "Outer", "Startup Cost": 0.0, "Total Cost": 63002.47, "Plan Rows": 64, "Plan Width": 4, "Actual Min Startup Time": 0.003, "Actual Max Startup Time": 54.169, "Actual Min Total Time": 0.004, "Actual Max Total Time": 54.17, "Plans": [{"Node Type": "Seq Scan", "Parent Relationship": "Outer", "Relation Name": "role_type", "Alias": "rt", "Startup Cost": 0.0, "Total Cost": 1.15, "Plan Rows": 1, "Plan Width": 4, "Actual Min Startup Time": 0.026, "Actual Max Startup Time": 0.026, "Actual Min Total Time": 0.03, "Actual Max Total Time": 0.03, "Filter": "((role)::text = 'costume designer'::text)", "Rows Removed by Filter": 11, "Actual Rows": 1}], "Actual Rows": 64}], "Actual Rows": 64}], "Actual Rows": 276403}], "Actual Rows": 276403}], "Actual Rows": 276403}], "Actual Rows": 218966}], "Actual Rows": 218966}, {"Node Type": "Hash", "Parent Relationship": "Inner", "Startup Cost": 169365.79, "Total Cost": 169365.79, "Plan Rows": 2609128, "Plan Width": 29, "Actual Min Startup Time": 5122.871, "Actual Max Startup Time": 5122.871, "Actual Min Total Time": 5122.871, "Actual Max Total Time": 5122.871, "Max Hash Buckets": 4194304, "Min Hash Buckets": 4194304, "Max Hash Batches": 1, "Min Hash Batches": 1, "Max Original Hash Batches": 1, "Min Original Hash Batches": 1, "Max Peak Memory Usage": 164769, "min Peak Memory Usage": 164769, "Plans": [{"Node Type": "Hash Join", "Parent Relationship": "Outer", "Join Type": "Inner", "Startup Cost": 91673.0, "Total Cost": 169365.79, "Plan Rows": 2609128, "Plan Width": 29, "Actual Min Startup Time": 1876.312, "Actual Max Startup Time": 1876.312, "Actual Min Total Time": 4112.233, "Actual Max Total Time": 4112.233, "Inner Unique": true, "Hash Cond": "(mc.movie_id = t.id), (LLVM Optimized, Jit Execute)", "Plans": [{"Node Type": "Seq Scan", "Parent Relationship": "Outer", "Relation Name": "movie_companies", "Alias": "mc", "Startup Cost": 0.0, "Total Cost": 41817.28, "Plan Rows": 2609128, "Plan Width": 8, "Actual Min Startup Time": 0.034, "Actual Max Startup Time": 0.034, "Actual Min Total Time": 589.387, "Actual Max Total Time": 589.387, "Actual Rows": 2609128}, {"Node Type": "Hash", "Parent Relationship": "Inner", "Startup Cost": 60069.11, "Total Cost": 60069.11, "Plan Rows": 2528311, "Plan Width": 21, "Actual Min Startup Time": 1873.717, "Actual Max Startup Time": 1873.717, "Actual Min Total Time": 1873.717, "Actual Max Total Time": 1873.717, "Max Hash Buckets": 4194304, "Min Hash Buckets": 4194304, "Max Hash Batches": 1, "Min Hash Batches": 1, "Max Original Hash Batches": 1, "Min Original Hash Batches": 1, "Max Peak Memory Usage": 135869, "min Peak Memory Usage": 135869, "Plans": [{"Node Type": "Seq Scan", "Parent Relationship": "Outer", "Relation Name": "title", "Alias": "t", "Startup Cost": 0.0, "Total Cost": 60069.11, "Plan Rows": 2528311, "Plan Width": 21, "Actual Min Startup Time": 0.031, "Actual Max Startup Time": 0.031, "Actual Min Total Time": 853.163, "Actual Max Total Time": 853.163, "Actual Rows": 2528311}], "Actual Rows": 2528311}], "Actual Rows": 2609128}], "Actual Rows": 2609128}], "Actual Rows": 752819}, {"Node Type": "Hash", "Parent Relationship": "Inner", "Startup Cost": 5903.45, "Total Cost": 5903.45, "Plan Rows": 85170, "Plan Width": 4, "Actual Min Startup Time": 118.572, "Actual Max Startup Time": 118.572, "Actual Min Total Time": 118.572, "Actual Max Total Time": 118.572, "Max Hash Buckets": 131072, "Min Hash Buckets": 131072, "Max Hash Batches": 1, "Min Hash Batches": 1, "Max Original Hash Batches": 1, "Min Original Hash Batches": 1, "Max Peak Memory Usage": 2983, "min Peak Memory Usage": 2983, "Plans": [{"Node Type": "Seq Scan", "Parent Relationship": "Outer", "Relation Name": "company_name", "Alias": "cn", "Startup Cost": 0.0, "Total Cost": 5903.45, "Plan Rows": 85170, "Plan Width": 4, "Actual Min Startup Time": 0.062, "Actual Max Startup Time": 0.062, "Actual Min Total Time": 96.64, "Actual Max Total Time": 96.64, "Filter": "((country_code)::text = '[us]'::text)", "Rows Removed by Filter": 150153, "Actual Rows": 84843}], "Actual Rows": 84843}], "Actual Rows": 323005}], "Actual Rows": 1}, "Triggers": [], "Planner Runtime": 175.338, "Total Runtime": 6911.384, "Unique SQL Id": 2457761703}}, "(64, '97')": {"explain_plan": {"Plan": {"Node Type": "Aggregate", "Strategy": "Plain", "Startup Cost": 742941.75, "Total Cost": 742941.76, "Plan Rows": 1, "Plan Width": 97, "Plans": [{"Node Type": "Hash Join", "Parent Relationship": "Outer", "Join Type": "Inner", "Startup Cost": 714261.09, "Total Cost": 741156.26, "Plan Rows": 357098, "Plan Width": 33, "Inner Unique": false, "Hash Cond": "(an1.person_id = n1.id), (LLVM Optimized)", "Plans": [{"Node Type": "Bitmap Heap Scan", "Parent Relationship": "Outer", "Relation Name": "aka_name", "Alias": "an1", "Startup Cost": 16632.3, "Total Cost": 36540.72, "Plan Rows": 901342, "Plan Width": 20, "Plans": [{"Node Type": "Bitmap Index Scan", "Parent Relationship": "Outer", "Index Name": "person_id_aka_name", "Startup Cost": 0.0, "Total Cost": 16406.96, "Plan Rows": 901342, "Plan Width": 0}]}, {"Node Type": "Hash", "Parent Relationship": "Inner", "Startup Cost": 688748.06, "Total Cost": 688748.06, "Plan Rows": 710459, "Plan Width": 25, "Plans": [{"Node Type": "Hash Join", "Parent Relationship": "Outer", "Join Type": "Inner", "Startup Cost": 478494.65, "Total Cost": 688748.06, "Plan Rows": 710459, "Plan Width": 25, "Inner Unique": true, "Hash Cond": "(ci.person_id = n1.id), (LLVM Optimized)", "Plans": [{"Node Type": "Hash Join", "Parent Relationship": "Outer", "Join Type": "Inner", "Startup Cost": 301568.43, "Total Cost": 502053.02, "Plan Rows": 710459, "Plan Width": 21, "Inner Unique": false, "Hash Cond": "(ci.movie_id = t.id), (LLVM Optimized)", "Plans": [{"Node Type": "Nested Loop", "Parent Relationship": "Outer", "Join Type": "Inner", "Startup Cost": 0.0, "Total Cost": 171418.25, "Plan Rows": 3296318, "Plan Width": 8, "Inner Unique": false, "Plans": [{"Node Type": "Index Scan", "Parent Relationship": "Outer", "Scan Direction": "Forward", "Index Name": "role_type_pkey", "Relation Name": "role_type", "Alias": "rt", "Startup Cost": 0.0, "Total Cost": 12.46, "Plan Rows": 1, "Plan Width": 4, "Filter": "((role)::text = 'costume designer'::text)"}, {"Node Type": "Index Scan", "Parent Relationship": "Inner", "Scan Direction": "Forward", "Index Name": "role_id_cast_info", "Relation Name": "cast_info", "Alias": "ci", "Startup Cost": 0.0, "Total Cost": 138442.61, "Plan Rows": 3296318, "Plan Width": 12, "Index Cond": "(role_id = rt.id), (LLVM Optimized)"}]}, {"Node Type": "Hash", "Parent Relationship": "Inner", "Startup Cost": 285539.54, "Total Cost": 285539.54, "Plan Rows": 1282311, "Plan Width": 25, "Plans": [{"Node Type": "Hash Join", "Parent Relationship": "Outer", "Join Type": "Inner", "Startup Cost": 203483.15, "Total Cost": 285539.54, "Plan Rows": 1282311, "Plan Width": 25, "Inner Unique": true, "Hash Cond": "(mc.movie_id = t.id), (LLVM Optimized)", "Plans": [{"Node Type": "Hash Join", "Parent Relationship": "Outer", "Join Type": "Inner", "Startup Cost": 61758.77, "Total Cost": 126183.39, "Plan Rows": 1282311, "Plan Width": 4, "Inner Unique": true, "Hash Cond": "(mc.company_id = cn.id), (LLVM Optimized)", "Plans": [{"Node Type": "Bitmap Heap Scan", "Parent Relationship": "Outer", "Relation Name": "movie_companies", "Alias": "mc", "Startup Cost": 51990.17, "Total Cost": 93807.45, "Plan Rows": 2609128, "Plan Width": 8, "Plans": [{"Node Type": "Bitmap Index Scan", "Parent Relationship": "Outer", "Index Name": "movie_id_movie_companies", "Startup Cost": 0.0, "Total Cost": 51337.89, "Plan Rows": 2609128, "Plan Width": 0}]}, {"Node Type": "Hash", "Parent Relationship": "Inner", "Startup Cost": 8703.97, "Total Cost": 8703.97, "Plan Rows": 85170, "Plan Width": 4, "Plans": [{"Node Type": "Bitmap Heap Scan", "Parent Relationship": "Outer", "Relation Name": "company_name", "Alias": "cn", "Startup Cost": 2800.52, "Total Cost": 8703.97, "Plan Rows": 85170, "Plan Width": 4, "Filter": "((country_code)::text = '[us]'::text)", "Plans": [{"Node Type": "Bitmap Index Scan", "Parent Relationship": "Outer", "Index Name": "company_name_pkey", "Startup Cost": 0.0, "Total Cost": 2779.23, "Plan Rows": 234996, "Plan Width": 0}]}]}]}, {"Node Type": "Hash", "Parent Relationship": "Inner", "Startup Cost": 110120.49, "Total Cost": 110120.49, "Plan Rows": 2528311, "Plan Width": 21, "Plans": [{"Node Type": "Index Scan", "Parent Relationship": "Outer", "Scan Direction": "Forward", "Index Name": "title_pkey", "Relation Name": "title", "Alias": "t", "Startup Cost": 0.0, "Total Cost": 110120.49, "Plan Rows": 2528311, "Plan Width": 21}]}]}]}]}, {"Node Type": "Hash", "Parent Relationship": "Inner", "Startup Cost": 124832.6, "Total Cost": 124832.6, "Plan Rows": 4167490, "Plan Width": 4, "Plans": [{"Node Type": "Index Only Scan", "Parent Relationship": "Outer", "Scan Direction": "Forward", "Index Name": "name_pkey", "Relation Name": "name", "Alias": "n1", "Startup Cost": 0.0, "Total Cost": 124832.6, "Plan Rows": 4167490, "Plan Width": 4}]}]}]}]}]}, "Unique SQL Id": 2457761703, "Planner Runtime": 120}, "explain_analyze_plan": {"Plan": {"Node Type": "Aggregate", "Strategy": "Plain", "Startup Cost": 742941.75, "Total Cost": 742941.76, "Plan Rows": 1, "Plan Width": 97, "Actual Startup Time": 11494.115, "Actual Total Time": 11494.115, "Actual Rows": 1, "Actual Loops": 1, "Plans": [{"Node Type": "Hash Join", "Parent Relationship": "Outer", "Join Type": "Inner", "Startup Cost": 714261.09, "Total Cost": 741156.26, "Plan Rows": 357098, "Plan Width": 33, "Actual Startup Time": 10690.709, "Actual Total Time": 11350.434, "Actual Rows": 323005, "Actual Loops": 1, "Inner Unique": false, "Hash Cond": "(an1.person_id = n1.id), (LLVM Optimized, Jit Execute)", "Plans": [{"Node Type": "Bitmap Heap Scan", "Parent Relationship": "Outer", "Relation Name": "aka_name", "Alias": "an1", "Startup Cost": 16632.3, "Total Cost": 36540.72, "Plan Rows": 901342, "Plan Width": 20, "Actual Startup Time": 84.503, "Actual Total Time": 410.754, "Actual Rows": 901342, "Actual Loops": 1, "Exact Heap Blocks": 10895, "Lossy Heap Blocks": 10895, "Plans": [{"Node Type": "Bitmap Index Scan", "Parent Relationship": "Outer", "Index Name": "person_id_aka_name", "Startup Cost": 0.0, "Total Cost": 16406.96, "Plan Rows": 901342, "Plan Width": 0, "Actual Startup Time": 82.538, "Actual Total Time": 82.538, "Actual Rows": 901342, "Actual Loops": 1}]}, {"Node Type": "Hash", "Parent Relationship": "Inner", "Startup Cost": 688748.06, "Total Cost": 688748.06, "Plan Rows": 710459, "Plan Width": 25, "Actual Startup Time": 10592.896, "Actual Total Time": 10592.896, "Actual Rows": 285537, "Actual Loops": 1, "Hash Buckets": 1048576, "Hash Batches": 1, "Original Hash Batches": 1, "Peak Memory Usage": 15952, "Plans": [{"Node Type": "Hash Join", "Parent Relationship": "Outer", "Join Type": "Inner", "Startup Cost": 478494.65, "Total Cost": 688748.06, "Plan Rows": 710459, "Plan Width": 25, "Actual Startup Time": 9971.992, "Actual Total Time": 10507.645, "Actual Rows": 285537, "Actual Loops": 1, "Inner Unique": true, "Hash Cond": "(ci.person_id = n1.id), (LLVM Optimized, Jit Execute)", "Plans": [{"Node Type": "Hash Join", "Parent Relationship": "Outer", "Join Type": "Inner", "Startup Cost": 301568.43, "Total Cost": 502053.02, "Plan Rows": 710459, "Plan Width": 21, "Actual Startup Time": 7449.066, "Actual Total Time": 7808.57, "Actual Rows": 285537, "Actual Loops": 1, "Inner Unique": false, "Hash Cond": "(ci.movie_id = t.id), (LLVM Optimized, Jit Execute)", "Plans": [{"Node Type": "Nested Loop", "Parent Relationship": "Outer", "Join Type": "Inner", "Startup Cost": 0.0, "Total Cost": 171418.25, "Plan Rows": 3296318, "Plan Width": 8, "Actual Startup Time": 0.088, "Actual Total Time": 198.825, "Actual Rows": 276403, "Actual Loops": 1, "Inner Unique": false, "Plans": [{"Node Type": "Index Scan", "Parent Relationship": "Outer", "Scan Direction": "Forward", "Index Name": "role_type_pkey", "Relation Name": "role_type", "Alias": "rt", "Startup Cost": 0.0, "Total Cost": 12.46, "Plan Rows": 1, "Plan Width": 4, "Actual Startup Time": 0.038, "Actual Total Time": 0.077, "Actual Rows": 1, "Actual Loops": 1, "Filter": "((role)::text = 'costume designer'::text)", "Rows Removed by Filter": 11}, {"Node Type": "Index Scan", "Parent Relationship": "Inner", "Scan Direction": "Forward", "Index Name": "role_id_cast_info", "Relation Name": "cast_info", "Alias": "ci", "Startup Cost": 0.0, "Total Cost": 138442.61, "Plan Rows": 3296318, "Plan Width": 12, "Actual Startup Time": 0.042, "Actual Total Time": 144.215, "Actual Rows": 276403, "Actual Loops": 1, "Index Cond": "(role_id = rt.id), (LLVM Optimized, Jit Execute)", "Rows Removed by Index Recheck": 0}]}, {"Node Type": "Hash", "Parent Relationship": "Inner", "Startup Cost": 285539.54, "Total Cost": 285539.54, "Plan Rows": 1282311, "Plan Width": 25, "Actual Startup Time": 7437.763, "Actual Total Time": 7437.763, "Actual Rows": 1153797, "Actual Loops": 1, "Hash Buckets": 2097152, "Hash Batches": 1, "Original Hash Batches": 1, "Peak Memory Usage": 68508, "Plans": [{"Node Type": "Hash Join", "Parent Relationship": "Outer", "Join Type": "Inner", "Startup Cost": 203483.15, "Total Cost": 285539.54, "Plan Rows": 1282311, "Plan Width": 25, "Actual Startup Time": 4728.654, "Actual Total Time": 7031.502, "Actual Rows": 1153797, "Actual Loops": 1, "Inner Unique": true, "Hash Cond": "(mc.movie_id = t.id), (LLVM Optimized, Jit Execute)", "Plans": [{"Node Type": "Hash Join", "Parent Relationship": "Outer", "Join Type": "Inner", "Startup Cost": 61758.77, "Total Cost": 126183.39, "Plan Rows": 1282311, "Plan Width": 4, "Actual Startup Time": 404.325, "Actual Total Time": 2125.63, "Actual Rows": 1153797, "Actual Loops": 1, "Inner Unique": true, "Hash Cond": "(mc.company_id = cn.id), (LLVM Optimized, Jit Execute)", "Plans": [{"Node Type": "Bitmap Heap Scan", "Parent Relationship": "Outer", "Relation Name": "movie_companies", "Alias": "mc", "Startup Cost": 51990.17, "Total Cost": 93807.45, "Plan Rows": 2609128, "Plan Width": 8, "Actual Startup Time": 217.901, "Actual Total Time": 1129.415, "Actual Rows": 2609128, "Actual Loops": 1, "Exact Heap Blocks": 15726, "Lossy Heap Blocks": 15726, "Plans": [{"Node Type": "Bitmap Index Scan", "Parent Relationship": "Outer", "Index Name": "movie_id_movie_companies", "Startup Cost": 0.0, "Total Cost": 51337.89, "Plan Rows": 2609128, "Plan Width": 0, "Actual Startup Time": 214.265, "Actual Total Time": 214.265, "Actual Rows": 2609128, "Actual Loops": 1}]}, {"Node Type": "Hash", "Parent Relationship": "Inner", "Startup Cost": 8703.97, "Total Cost": 8703.97, "Plan Rows": 85170, "Plan Width": 4, "Actual Startup Time": 186.326, "Actual Total Time": 186.326, "Actual Rows": 84843, "Actual Loops": 1, "Hash Buckets": 131072, "Hash Batches": 1, "Original Hash Batches": 1, "Peak Memory Usage": 2983, "Plans": [{"Node Type": "Bitmap Heap Scan", "Parent Relationship": "Outer", "Relation Name": "company_name", "Alias": "cn", "Startup Cost": 2800.52, "Total Cost": 8703.97, "Plan Rows": 85170, "Plan Width": 4, "Actual Startup Time": 22.901, "Actual Total Time": 164.203, "Actual Rows": 84843, "Actual Loops": 1, "Filter": "((country_code)::text = '[us]'::text)", "Rows Removed by Filter": 150153, "Exact Heap Blocks": 2966, "Lossy Heap Blocks": 2966, "Plans": [{"Node Type": "Bitmap Index Scan", "Parent Relationship": "Outer", "Index Name": "company_name_pkey", "Startup Cost": 0.0, "Total Cost": 2779.23, "Plan Rows": 234996, "Plan Width": 0, "Actual Startup Time": 22.436, "Actual Total Time": 22.436, "Actual Rows": 234996, "Actual Loops": 1}]}]}]}, {"Node Type": "Hash", "Parent Relationship": "Inner", "Startup Cost": 110120.49, "Total Cost": 110120.49, "Plan Rows": 2528311, "Plan Width": 21, "Actual Startup Time": 4321.823, "Actual Total Time": 4321.823, "Actual Rows": 2528311, "Actual Loops": 1, "Hash Buckets": 4194304, "Hash Batches": 1, "Original Hash Batches": 1, "Peak Memory Usage": 135869, "Plans": [{"Node Type": "Index Scan", "Parent Relationship": "Outer", "Scan Direction": "Forward", "Index Name": "title_pkey", "Relation Name": "title", "Alias": "t", "Startup Cost": 0.0, "Total Cost": 110120.49, "Plan Rows": 2528311, "Plan Width": 21, "Actual Startup Time": 0.037, "Actual Total Time": 3252.928, "Actual Rows": 2528311, "Actual Loops": 1}]}]}]}]}, {"Node Type": "Hash", "Parent Relationship": "Inner", "Startup Cost": 124832.6, "Total Cost": 124832.6, "Plan Rows": 4167490, "Plan Width": 4, "Actual Startup Time": 2520.277, "Actual Total Time": 2520.277, "Actual Rows": 4167490, "Actual Loops": 1, "Hash Buckets": 4194304, "Hash Batches": 1, "Original Hash Batches": 1, "Peak Memory Usage": 146514, "Plans": [{"Node Type": "Index Only Scan", "Parent Relationship": "Outer", "Scan Direction": "Forward", "Index Name": "name_pkey", "Relation Name": "name", "Alias": "n1", "Startup Cost": 0.0, "Total Cost": 124832.6, "Plan Rows": 4167490, "Plan Width": 4, "Actual Startup Time": 0.045, "Actual Total Time": 1023.062, "Actual Rows": 4167490, "Actual Loops": 1, "Heap Fetches": 0}]}]}]}]}]}, "Triggers": [], "Planner Runtime": 120.747, "Total Runtime": 11507.847, "Unique SQL Id": 2457761703}}, "(64, '98')": {"explain_plan": {"Plan": {"Node Type": "Aggregate", "Strategy": "Plain", "Startup Cost": 528738.29, "Total Cost": 528738.3, "Plan Rows": 1, "Plan Width": 97, "Plans": [{"Node Type": "Hash Join", "Parent Relationship": "Outer", "Join Type": "Inner", "Startup Cost": 336662.4, "Total Cost": 526952.8, "Plan Rows": 357098, "Plan Width": 33, "Inner Unique": true, "Hash Cond": "(mc.company_id = cn.id), (LLVM Optimized)", "Plans": [{"Node Type": "Hash Join", "Parent Relationship": "Outer", "Join Type": "Inner", "Startup Cost": 329694.33, "Total Cost": 513689.03, "Plan Rows": 726589, "Plan Width": 37, "Inner Unique": false, "Hash Cond": "(ci.movie_id = t.id), (LLVM Optimized)", "Plans": [{"Node Type": "Streaming(type: LOCAL GATHER dop: 1/64)", "Parent Relationship": "Outer", "Startup Cost": 254738.78, "Total Cost": 417857.9, "Plan Rows": 1484588, "Plan Width": 20, "Plans": [{"Node Type": "Hash Join", "Parent Relationship": "Outer", "Join Type": "Inner", "Startup Cost": 254738.78, "Total Cost": 387231.02, "Plan Rows": 1484588, "Plan Width": 20, "Inner Unique": false, "Hash Cond": "(an1.person_id = ci.person_id), (LLVM Optimized)", "Plans": [{"Node Type": "Streaming(type: LOCAL REDISTRIBUTE dop: 64/1)", "Parent Relationship": "Outer", "Startup Cost": 202522.7, "Total Cost": 334446.0, "Plan Rows": 901342, "Plan Width": 24, "Plans": [{"Node Type": "Hash Join", "Parent Relationship": "Outer", "Join Type": "Inner", "Startup Cost": 202522.7, "Total Cost": 234824.58, "Plan Rows": 901342, "Plan Width": 24, "Inner Unique": true, "Hash Cond": "(an1.person_id = n1.id), (LLVM Optimized)", "Plans": [{"Node Type": "Seq Scan", "Parent Relationship": "Outer", "Relation Name": "aka_name", "Alias": "an1", "Startup Cost": 0.0, "Total Cost": 19908.42, "Plan Rows": 901342, "Plan Width": 20}, {"Node Type": "Hash", "Parent Relationship": "Inner", "Startup Cost": 150429.08, "Total Cost": 150429.08, "Plan Rows": 4167490, "Plan Width": 4, "Plans": [{"Node Type": "Streaming(type: LOCAL GATHER dop: 1/64)", "Parent Relationship": "Outer", "Startup Cost": 0.0, "Total Cost": 150429.08, "Plan Rows": 4167490, "Plan Width": 4, "Plans": [{"Node Type": "Seq Scan", "Parent Relationship": "Outer", "Relation Name": "name", "Alias": "n1", "Startup Cost": 0.0, "Total Cost": 64454.25, "Plan Rows": 4167490, "Plan Width": 4}]}]}]}]}, {"Node Type": "Hash", "Parent Relationship": "Inner", "Startup Cost": 203464.29, "Total Cost": 203464.29, "Plan Rows": 3296318, "Plan Width": 8, "Plans": [{"Node Type": "Streaming(type: LOCAL REDISTRIBUTE dop: 64/64)", "Parent Relationship": "Outer", "Startup Cost": 63002.48, "Total Cost": 203464.29, "Plan Rows": 3296318, "Plan Width": 8, "Plans": [{"Node Type": "Hash Join", "Parent Relationship": "Outer", "Join Type": "Inner", "Startup Cost": 63002.48, "Total Cost": 137341.8, "Plan Rows": 3296318, "Plan Width": 8, "Inner Unique": true, "Hash Cond": "(ci.role_id = rt.id), (LLVM Optimized)", "Plans": [{"Node Type": "Seq Scan", "Parent Relationship": "Outer", "Relation Name": "cast_info", "Alias": "ci", "Startup Cost": 0.0, "Total Cost": 72404.34, "Plan Rows": 36259494, "Plan Width": 12}, {"Node Type": "Hash", "Parent Relationship": "Inner", "Startup Cost": 63002.47, "Total Cost": 63002.47, "Plan Rows": 64, "Plan Width": 4, "Plans": [{"Node Type": "Streaming(type: BROADCAST dop: 64/1)", "Parent Relationship": "Outer", "Startup Cost": 0.0, "Total Cost": 63002.47, "Plan Rows": 64, "Plan Width": 4, "Plans": [{"Node Type": "Seq Scan", "Parent Relationship": "Outer", "Relation Name": "role_type", "Alias": "rt", "Startup Cost": 0.0, "Total Cost": 1.15, "Plan Rows": 1, "Plan Width": 4, "Filter": "((role)::text = 'costume designer'::text)"}]}]}]}]}]}]}]}, {"Node Type": "Hash", "Parent Relationship": "Inner", "Startup Cost": 169365.79, "Total Cost": 169365.79, "Plan Rows": 2609128, "Plan Width": 29, "Plans": [{"Node Type": "Hash Join", "Parent Relationship": "Outer", "Join Type": "Inner", "Startup Cost": 91673.0, "Total Cost": 169365.79, "Plan Rows": 2609128, "Plan Width": 29, "Inner Unique": true, "Hash Cond": "(mc.movie_id = t.id), (LLVM Optimized)", "Plans": [{"Node Type": "Seq Scan", "Parent Relationship": "Outer", "Relation Name": "movie_companies", "Alias": "mc", "Startup Cost": 0.0, "Total Cost": 41817.28, "Plan Rows": 2609128, "Plan Width": 8}, {"Node Type": "Hash", "Parent Relationship": "Inner", "Startup Cost": 60069.11, "Total Cost": 60069.11, "Plan Rows": 2528311, "Plan Width": 21, "Plans": [{"Node Type": "Seq Scan", "Parent Relationship": "Outer", "Relation Name": "title", "Alias": "t", "Startup Cost": 0.0, "Total Cost": 60069.11, "Plan Rows": 2528311, "Plan Width": 21}]}]}]}]}, {"Node Type": "Hash", "Parent Relationship": "Inner", "Startup Cost": 5903.45, "Total Cost": 5903.45, "Plan Rows": 85170, "Plan Width": 4, "Plans": [{"Node Type": "Seq Scan", "Parent Relationship": "Outer", "Relation Name": "company_name", "Alias": "cn", "Startup Cost": 0.0, "Total Cost": 5903.45, "Plan Rows": 85170, "Plan Width": 4, "Filter": "((country_code)::text = '[us]'::text)"}]}]}]}, "Unique SQL Id": 2457761703, "Planner Runtime": 152}, "explain_analyze_plan": {"Plan": {"Node Type": "Aggregate", "Strategy": "Plain", "Startup Cost": 528738.29, "Total Cost": 528738.3, "Plan Rows": 1, "Plan Width": 97, "Actual Min Startup Time": 6856.27, "Actual Max Startup Time": 6856.27, "Actual Min Total Time": 6856.271, "Actual Max Total Time": 6856.271, "Plans": [{"Node Type": "Hash Join", "Parent Relationship": "Outer", "Join Type": "Inner", "Startup Cost": 336662.4, "Total Cost": 526952.8, "Plan Rows": 357098, "Plan Width": 33, "Actual Min Startup Time": 5249.401, "Actual Max Startup Time": 5249.401, "Actual Min Total Time": 6705.964, "Actual Max Total Time": 6705.964, "Inner Unique": true, "Hash Cond": "(mc.company_id = cn.id), (LLVM Optimized, Jit Execute)", "Plans": [{"Node Type": "Hash Join", "Parent Relationship": "Outer", "Join Type": "Inner", "Startup Cost": 329694.33, "Total Cost": 513689.03, "Plan Rows": 726589, "Plan Width": 37, "Actual Min Startup Time": 5130.68, "Actual Max Startup Time": 5130.68, "Actual Min Total Time": 6388.767, "Actual Max Total Time": 6388.767, "Inner Unique": false, "Hash Cond": "(ci.movie_id = t.id), (LLVM Optimized, Jit Execute)", "Plans": [{"Node Type": "Streaming(type: LOCAL GATHER dop: 1/64)", "Parent Relationship": "Outer", "Startup Cost": 254738.78, "Total Cost": 417857.9, "Plan Rows": 1484588, "Plan Width": 20, "Actual Min Startup Time": 0.186, "Actual Max Startup Time": 0.186, "Actual Min Total Time": 983.556, "Actual Max Total Time": 983.556, "Plans": [{"Node Type": "Hash Join", "Parent Relationship": "Outer", "Join Type": "Inner", "Startup Cost": 254738.78, "Total Cost": 387231.02, "Plan Rows": 1484588, "Plan Width": 20, "Actual Min Startup Time": 2904.02, "Actual Max Startup Time": 5001.056, "Actual Min Total Time": 4507.096, "Actual Max Total Time": 6552.353, "Inner Unique": false, "Hash Cond": "(an1.person_id = ci.person_id), (LLVM Optimized, Jit Execute)", "Plans": [{"Node Type": "Streaming(type: LOCAL REDISTRIBUTE dop: 64/1)", "Parent Relationship": "Outer", "Startup Cost": 202522.7, "Total Cost": 334446.0, "Plan Rows": 901342, "Plan Width": 24, "Actual Min Startup Time": 2648.309, "Actual Max Startup Time": 2658.987, "Actual Min Total Time": 4210.018, "Actual Max Total Time": 5937.182, "Plans": [{"Node Type": "Hash Join", "Parent Relationship": "Outer", "Join Type": "Inner", "Startup Cost": 202522.7, "Total Cost": 234824.58, "Plan Rows": 901342, "Plan Width": 24, "Actual Min Startup Time": 2900.815, "Actual Max Startup Time": 2900.815, "Actual Min Total Time": 3642.451, "Actual Max Total Time": 3642.451, "Inner Unique": true, "Hash Cond": "(an1.person_id = n1.id), (LLVM Optimized, Jit Execute)", "Plans": [{"Node Type": "Seq Scan", "Parent Relationship": "Outer", "Relation Name": "aka_name", "Alias": "an1", "Startup Cost": 0.0, "Total Cost": 19908.42, "Plan Rows": 901342, "Plan Width": 20, "Actual Min Startup Time": 0.033, "Actual Max Startup Time": 0.033, "Actual Min Total Time": 226.164, "Actual Max Total Time": 226.164, "Actual Rows": 901342}, {"Node Type": "Hash", "Parent Relationship": "Inner", "Startup Cost": 150429.08, "Total Cost": 150429.08, "Plan Rows": 4167490, "Plan Width": 4, "Actual Min Startup Time": 2898.206, "Actual Max Startup Time": 2898.206, "Actual Min Total Time": 2898.206, "Actual Max Total Time": 2898.206, "Max Hash Buckets": 4194304, "Min Hash Buckets": 4194304, "Max Hash Batches": 1, "Min Hash Batches": 1, "Max Original Hash Batches": 1, "Min Original Hash Batches": 1, "Max Peak Memory Usage": 146514, "min Peak Memory Usage": 146514, "Plans": [{"Node Type": "Streaming(type: LOCAL GATHER dop: 1/64)", "Parent Relationship": "Outer", "Startup Cost": 0.0, "Total Cost": 150429.08, "Plan Rows": 4167490, "Plan Width": 4, "Actual Min Startup Time": 0.152, "Actual Max Startup Time": 0.152, "Actual Min Total Time": 1744.697, "Actual Max Total Time": 1744.697, "Plans": [{"Node Type": "Seq Scan", "Parent Relationship": "Outer", "Relation Name": "name", "Alias": "n1", "Startup Cost": 0.0, "Total Cost": 64454.25, "Plan Rows": 4167490, "Plan Width": 4, "Actual Min Startup Time": 0.018, "Actual Max Startup Time": 0.044, "Actual Min Total Time": 18.96, "Actual Max Total Time": 23.576, "Actual Rows": 4167490}], "Actual Rows": 4167490}], "Actual Rows": 4167490}], "Actual Rows": 901342}], "Actual Rows": 901342}, {"Node Type": "Hash", "Parent Relationship": "Inner", "Startup Cost": 203464.29, "Total Cost": 203464.29, "Plan Rows": 3296318, "Plan Width": 8, "Actual Min Startup Time": 251.014, "Actual Max Startup Time": 617.726, "Actual Min Total Time": 251.014, "Actual Max Total Time": 617.726, "Max Hash Buckets": 65536, "Min Hash Buckets": 65536, "Max Hash Batches": 1, "Min Hash Batches": 1, "Max Original Hash Batches": 1, "Min Original Hash Batches": 1, "Max Peak Memory Usage": 153, "min Peak Memory Usage": 153, "Plans": [{"Node Type": "Streaming(type: LOCAL REDISTRIBUTE dop: 64/64)", "Parent Relationship": "Outer", "Startup Cost": 63002.48, "Total Cost": 203464.29, "Plan Rows": 3296318, "Plan Width": 8, "Actual Min Startup Time": 0.126, "Actual Max Startup Time": 331.621, "Actual Min Total Time": 250.064, "Actual Max Total Time": 616.635, "Plans": [{"Node Type": "Hash Join", "Parent Relationship": "Outer", "Join Type": "Inner", "Startup Cost": 63002.48, "Total Cost": 137341.8, "Plan Rows": 3296318, "Plan Width": 8, "Actual Min Startup Time": 184.436, "Actual Max Startup Time": 286.242, "Actual Min Total Time": 231.359, "Actual Max Total Time": 286.242, "Inner Unique": true, "Hash Cond": "(ci.role_id = rt.id), (LLVM Optimized, Jit Execute)", "Plans": [{"Node Type": "Seq Scan", "Parent Relationship": "Outer", "Relation Name": "cast_info", "Alias": "ci", "Startup Cost": 0.0, "Total Cost": 72404.34, "Plan Rows": 36259494, "Plan Width": 12, "Actual Min Startup Time": 0.027, "Actual Max Startup Time": 0.061, "Actual Min Total Time": 127.977, "Actual Max Total Time": 141.649, "Actual Rows": 36244343}, {"Node Type": "Hash", "Parent Relationship": "Inner", "Startup Cost": 63002.47, "Total Cost": 63002.47, "Plan Rows": 64, "Plan Width": 4, "Actual Min Startup Time": 0.012, "Actual Max Startup Time": 54.189, "Actual Min Total Time": 0.012, "Actual Max Total Time": 54.189, "Max Hash Buckets": 32768, "Min Hash Buckets": 32768, "Max Hash Batches": 1, "Min Hash Batches": 1, "Max Original Hash Batches": 1, "Min Original Hash Batches": 1, "Max Peak Memory Usage": 1, "min Peak Memory Usage": 1, "Plans": [{"Node Type": "Streaming(type: BROADCAST dop: 64/1)", "Parent Relationship": "Outer", "Startup Cost": 0.0, "Total Cost": 63002.47, "Plan Rows": 64, "Plan Width": 4, "Actual Min Startup Time": 0.003, "Actual Max Startup Time": 54.169, "Actual Min Total Time": 0.004, "Actual Max Total Time": 54.17, "Plans": [{"Node Type": "Seq Scan", "Parent Relationship": "Outer", "Relation Name": "role_type", "Alias": "rt", "Startup Cost": 0.0, "Total Cost": 1.15, "Plan Rows": 1, "Plan Width": 4, "Actual Min Startup Time": 0.026, "Actual Max Startup Time": 0.026, "Actual Min Total Time": 0.03, "Actual Max Total Time": 0.03, "Filter": "((role)::text = 'costume designer'::text)", "Rows Removed by Filter": 11, "Actual Rows": 1}], "Actual Rows": 64}], "Actual Rows": 64}], "Actual Rows": 276403}], "Actual Rows": 276403}], "Actual Rows": 276403}], "Actual Rows": 218966}], "Actual Rows": 218966}, {"Node Type": "Hash", "Parent Relationship": "Inner", "Startup Cost": 169365.79, "Total Cost": 169365.79, "Plan Rows": 2609128, "Plan Width": 29, "Actual Min Startup Time": 5122.871, "Actual Max Startup Time": 5122.871, "Actual Min Total Time": 5122.871, "Actual Max Total Time": 5122.871, "Max Hash Buckets": 4194304, "Min Hash Buckets": 4194304, "Max Hash Batches": 1, "Min Hash Batches": 1, "Max Original Hash Batches": 1, "Min Original Hash Batches": 1, "Max Peak Memory Usage": 164769, "min Peak Memory Usage": 164769, "Plans": [{"Node Type": "Hash Join", "Parent Relationship": "Outer", "Join Type": "Inner", "Startup Cost": 91673.0, "Total Cost": 169365.79, "Plan Rows": 2609128, "Plan Width": 29, "Actual Min Startup Time": 1876.312, "Actual Max Startup Time": 1876.312, "Actual Min Total Time": 4112.233, "Actual Max Total Time": 4112.233, "Inner Unique": true, "Hash Cond": "(mc.movie_id = t.id), (LLVM Optimized, Jit Execute)", "Plans": [{"Node Type": "Seq Scan", "Parent Relationship": "Outer", "Relation Name": "movie_companies", "Alias": "mc", "Startup Cost": 0.0, "Total Cost": 41817.28, "Plan Rows": 2609128, "Plan Width": 8, "Actual Min Startup Time": 0.034, "Actual Max Startup Time": 0.034, "Actual Min Total Time": 589.387, "Actual Max Total Time": 589.387, "Actual Rows": 2609128}, {"Node Type": "Hash", "Parent Relationship": "Inner", "Startup Cost": 60069.11, "Total Cost": 60069.11, "Plan Rows": 2528311, "Plan Width": 21, "Actual Min Startup Time": 1873.717, "Actual Max Startup Time": 1873.717, "Actual Min Total Time": 1873.717, "Actual Max Total Time": 1873.717, "Max Hash Buckets": 4194304, "Min Hash Buckets": 4194304, "Max Hash Batches": 1, "Min Hash Batches": 1, "Max Original Hash Batches": 1, "Min Original Hash Batches": 1, "Max Peak Memory Usage": 135869, "min Peak Memory Usage": 135869, "Plans": [{"Node Type": "Seq Scan", "Parent Relationship": "Outer", "Relation Name": "title", "Alias": "t", "Startup Cost": 0.0, "Total Cost": 60069.11, "Plan Rows": 2528311, "Plan Width": 21, "Actual Min Startup Time": 0.031, "Actual Max Startup Time": 0.031, "Actual Min Total Time": 853.163, "Actual Max Total Time": 853.163, "Actual Rows": 2528311}], "Actual Rows": 2528311}], "Actual Rows": 2609128}], "Actual Rows": 2609128}], "Actual Rows": 752819}, {"Node Type": "Hash", "Parent Relationship": "Inner", "Startup Cost": 5903.45, "Total Cost": 5903.45, "Plan Rows": 85170, "Plan Width": 4, "Actual Min Startup Time": 118.572, "Actual Max Startup Time": 118.572, "Actual Min Total Time": 118.572, "Actual Max Total Time": 118.572, "Max Hash Buckets": 131072, "Min Hash Buckets": 131072, "Max Hash Batches": 1, "Min Hash Batches": 1, "Max Original Hash Batches": 1, "Min Original Hash Batches": 1, "Max Peak Memory Usage": 2983, "min Peak Memory Usage": 2983, "Plans": [{"Node Type": "Seq Scan", "Parent Relationship": "Outer", "Relation Name": "company_name", "Alias": "cn", "Startup Cost": 0.0, "Total Cost": 5903.45, "Plan Rows": 85170, "Plan Width": 4, "Actual Min Startup Time": 0.062, "Actual Max Startup Time": 0.062, "Actual Min Total Time": 96.64, "Actual Max Total Time": 96.64, "Filter": "((country_code)::text = '[us]'::text)", "Rows Removed by Filter": 150153, "Actual Rows": 84843}], "Actual Rows": 84843}], "Actual Rows": 323005}], "Actual Rows": 1}, "Triggers": [], "Planner Runtime": 175.338, "Total Runtime": 6911.384, "Unique SQL Id": 2457761703}}, "(64, '99')": {"explain_plan": {"Plan": {"Node Type": "Aggregate", "Strategy": "Plain", "Startup Cost": 1013578.73, "Total Cost": 1013578.74, "Plan Rows": 1, "Plan Width": 97, "Plans": [{"Node Type": "Hash Join", "Parent Relationship": "Outer", "Join Type": "Inner", "Startup Cost": 985285.55, "Total Cost": 1011793.24, "Plan Rows": 357098, "Plan Width": 33, "Inner Unique": false, "Hash Cond": "(an1.person_id = n1.id), (LLVM Optimized)", "Plans": [{"Node Type": "Bitmap Heap Scan", "Parent Relationship": "Outer", "Relation Name": "aka_name", "Alias": "an1", "Startup Cost": 16632.3, "Total Cost": 36540.72, "Plan Rows": 901342, "Plan Width": 20, "Plans": [{"Node Type": "Bitmap Index Scan", "Parent Relationship": "Outer", "Index Name": "person_id_aka_name", "Startup Cost": 0.0, "Total Cost": 16406.96, "Plan Rows": 901342, "Plan Width": 0}]}, {"Node Type": "Hash", "Parent Relationship": "Inner", "Startup Cost": 959772.51, "Total Cost": 959772.51, "Plan Rows": 710459, "Plan Width": 25, "Plans": [{"Node Type": "Hash Join", "Parent Relationship": "Outer", "Join Type": "Inner", "Startup Cost": 607483.06, "Total Cost": 959772.51, "Plan Rows": 710459, "Plan Width": 25, "Inner Unique": true, "Hash Cond": "(ci.person_id = n1.id), (LLVM Optimized)", "Plans": [{"Node Type": "Hash Join", "Parent Relationship": "Outer", "Join Type": "Inner", "Startup Cost": 378117.96, "Total Cost": 720638.61, "Plan Rows": 710459, "Plan Width": 21, "Inner Unique": false, "Hash Cond": "(ci.movie_id = t.id), (LLVM Optimized)", "Plans": [{"Node Type": "Nested Loop", "Parent Relationship": "Outer", "Join Type": "Inner", "Startup Cost": 76315.02, "Total Cost": 389769.33, "Plan Rows": 3296318, "Plan Width": 8, "Inner Unique": false, "Plans": [{"Node Type": "Bitmap Heap Scan", "Parent Relationship": "Outer", "Relation Name": "role_type", "Alias": "rt", "Startup Cost": 8.31, "Total Cost": 12.46, "Plan Rows": 1, "Plan Width": 4, "Filter": "((role)::text = 'costume designer'::text)", "Plans": [{"Node Type": "Bitmap Index Scan", "Parent Relationship": "Outer", "Index Name": "role_type_pkey", "Startup Cost": 0.0, "Total Cost": 8.31, "Plan Rows": 12, "Plan Width": 0}]}, {"Node Type": "Bitmap Heap Scan", "Parent Relationship": "Inner", "Relation Name": "cast_info", "Alias": "ci", "Startup Cost": 76306.71, "Total Cost": 356793.69, "Plan Rows": 3296318, "Plan Width": 12, "Recheck Cond": "(role_id = rt.id), (LLVM Optimized)", "Plans": [{"Node Type": "Bitmap Index Scan", "Parent Relationship": "Outer", "Index Name": "role_id_cast_info", "Startup Cost": 0.0, "Total Cost": 75482.63, "Plan Rows": 3296318, "Plan Width": 0, "Index Cond": "(role_id = rt.id)"}]}]}, {"Node Type": "Hash", "Parent Relationship": "Inner", "Startup Cost": 285774.05, "Total Cost": 285774.05, "Plan Rows": 1282311, "Plan Width": 25, "Plans": [{"Node Type": "Hash Join", "Parent Relationship": "Outer", "Join Type": "Inner", "Startup Cost": 203717.65, "Total Cost": 285774.05, "Plan Rows": 1282311, "Plan Width": 25, "Inner Unique": true, "Hash Cond": "(mc.movie_id = t.id), (LLVM Optimized)", "Plans": [{"Node Type": "Hash Join", "Parent Relationship": "Outer", "Join Type": "Inner", "Startup Cost": 61758.77, "Total Cost": 126183.39, "Plan Rows": 1282311, "Plan Width": 4, "Inner Unique": true, "Hash Cond": "(mc.company_id = cn.id), (LLVM Optimized)", "Plans": [{"Node Type": "Bitmap Heap Scan", "Parent Relationship": "Outer", "Relation Name": "movie_companies", "Alias": "mc", "Startup Cost": 51990.17, "Total Cost": 93807.45, "Plan Rows": 2609128, "Plan Width": 8, "Plans": [{"Node Type": "Bitmap Index Scan", "Parent Relationship": "Outer", "Index Name": "movie_id_movie_companies", "Startup Cost": 0.0, "Total Cost": 51337.89, "Plan Rows": 2609128, "Plan Width": 0}]}, {"Node Type": "Hash", "Parent Relationship": "Inner", "Startup Cost": 8703.97, "Total Cost": 8703.97, "Plan Rows": 85170, "Plan Width": 4, "Plans": [{"Node Type": "Bitmap Heap Scan", "Parent Relationship": "Outer", "Relation Name": "company_name", "Alias": "cn", "Startup Cost": 2800.52, "Total Cost": 8703.97, "Plan Rows": 85170, "Plan Width": 4, "Filter": "((country_code)::text = '[us]'::text)", "Plans": [{"Node Type": "Bitmap Index Scan", "Parent Relationship": "Outer", "Index Name": "company_name_pkey", "Startup Cost": 0.0, "Total Cost": 2779.23, "Plan Rows": 234996, "Plan Width": 0}]}]}]}, {"Node Type": "Hash", "Parent Relationship": "Inner", "Startup Cost": 110354.99, "Total Cost": 110354.99, "Plan Rows": 2528311, "Plan Width": 21, "Plans": [{"Node Type": "Bitmap Heap Scan", "Parent Relationship": "Outer", "Relation Name": "title", "Alias": "t", "Startup Cost": 50285.88, "Total Cost": 110354.99, "Plan Rows": 2528311, "Plan Width": 21, "Plans": [{"Node Type": "Bitmap Index Scan", "Parent Relationship": "Outer", "Index Name": "title_pkey", "Startup Cost": 0.0, "Total Cost": 49653.81, "Plan Rows": 2528311, "Plan Width": 0}]}]}]}]}]}, {"Node Type": "Hash", "Parent Relationship": "Inner", "Startup Cost": 177271.47, "Total Cost": 177271.47, "Plan Rows": 4167490, "Plan Width": 4, "Plans": [{"Node Type": "Bitmap Heap Scan", "Parent Relationship": "Outer", "Relation Name": "name", "Alias": "n1", "Startup Cost": 84199.57, "Total Cost": 177271.47, "Plan Rows": 4167490, "Plan Width": 4, "Plans": [{"Node Type": "Bitmap Index Scan", "Parent Relationship": "Outer", "Index Name": "name_pkey", "Startup Cost": 0.0, "Total Cost": 83157.7, "Plan Rows": 4167490, "Plan Width": 0}]}]}]}]}]}]}, "Unique SQL Id": 2457761703, "Planner Runtime": 49}, "explain_analyze_plan": {"Plan": {"Node Type": "Aggregate", "Strategy": "Plain", "Startup Cost": 1013578.73, "Total Cost": 1013578.74, "Plan Rows": 1, "Plan Width": 97, "Actual Startup Time": 11264.918, "Actual Total Time": 11264.918, "Actual Rows": 1, "Actual Loops": 1, "Plans": [{"Node Type": "Hash Join", "Parent Relationship": "Outer", "Join Type": "Inner", "Startup Cost": 985285.55, "Total Cost": 1011793.24, "Plan Rows": 357098, "Plan Width": 33, "Actual Startup Time": 10449.451, "Actual Total Time": 11120.29, "Actual Rows": 323005, "Actual Loops": 1, "Inner Unique": false, "Hash Cond": "(an1.person_id = n1.id), (LLVM Optimized, Jit Execute)", "Plans": [{"Node Type": "Bitmap Heap Scan", "Parent Relationship": "Outer", "Relation Name": "aka_name", "Alias": "an1", "Startup Cost": 16632.3, "Total Cost": 36540.72, "Plan Rows": 901342, "Plan Width": 20, "Actual Startup Time": 86.655, "Actual Total Time": 456.24, "Actual Rows": 901342, "Actual Loops": 1, "Exact Heap Blocks": 10895, "Lossy Heap Blocks": 10895, "Plans": [{"Node Type": "Bitmap Index Scan", "Parent Relationship": "Outer", "Index Name": "person_id_aka_name", "Startup Cost": 0.0, "Total Cost": 16406.96, "Plan Rows": 901342, "Plan Width": 0, "Actual Startup Time": 84.727, "Actual Total Time": 84.727, "Actual Rows": 901342, "Actual Loops": 1}]}, {"Node Type": "Hash", "Parent Relationship": "Inner", "Startup Cost": 959772.51, "Total Cost": 959772.51, "Plan Rows": 710459, "Plan Width": 25, "Actual Startup Time": 10352.095, "Actual Total Time": 10352.095, "Actual Rows": 285537, "Actual Loops": 1, "Hash Buckets": 1048576, "Hash Batches": 1, "Original Hash Batches": 1, "Peak Memory Usage": 15952, "Plans": [{"Node Type": "Hash Join", "Parent Relationship": "Outer", "Join Type": "Inner", "Startup Cost": 607483.06, "Total Cost": 959772.51, "Plan Rows": 710459, "Plan Width": 25, "Actual Startup Time": 9843.537, "Actual Total Time": 10265.582, "Actual Rows": 285537, "Actual Loops": 1, "Inner Unique": true, "Hash Cond": "(ci.person_id = n1.id), (LLVM Optimized, Jit Execute)", "Plans": [{"Node Type": "Hash Join", "Parent Relationship": "Outer", "Join Type": "Inner", "Startup Cost": 378117.96, "Total Cost": 720638.61, "Plan Rows": 710459, "Plan Width": 21, "Actual Startup Time": 5910.918, "Actual Total Time": 6214.846, "Actual Rows": 285537, "Actual Loops": 1, "Inner Unique": false, "Hash Cond": "(ci.movie_id = t.id), (LLVM Optimized, Jit Execute)", "Plans": [{"Node Type": "Nested Loop", "Parent Relationship": "Outer", "Join Type": "Inner", "Startup Cost": 76315.02, "Total Cost": 389769.33, "Plan Rows": 3296318, "Plan Width": 8, "Actual Startup Time": 31.082, "Actual Total Time": 165.745, "Actual Rows": 276403, "Actual Loops": 1, "Inner Unique": false, "Plans": [{"Node Type": "Bitmap Heap Scan", "Parent Relationship": "Outer", "Relation Name": "role_type", "Alias": "rt", "Startup Cost": 8.31, "Total Cost": 12.46, "Plan Rows": 1, "Plan Width": 4, "Actual Startup Time": 0.193, "Actual Total Time": 0.203, "Actual Rows": 1, "Actual Loops": 1, "Filter": "((role)::text = 'costume designer'::text)", "Rows Removed by Filter": 11, "Exact Heap Blocks": 1, "Lossy Heap Blocks": 1, "Plans": [{"Node Type": "Bitmap Index Scan", "Parent Relationship": "Outer", "Index Name": "role_type_pkey", "Startup Cost": 0.0, "Total Cost": 8.31, "Plan Rows": 12, "Plan Width": 0, "Actual Startup Time": 0.039, "Actual Total Time": 0.039, "Actual Rows": 12, "Actual Loops": 1}]}, {"Node Type": "Bitmap Heap Scan", "Parent Relationship": "Inner", "Relation Name": "cast_info", "Alias": "ci", "Startup Cost": 76306.71, "Total Cost": 356793.69, "Plan Rows": 3296318, "Plan Width": 12, "Actual Startup Time": 30.799, "Actual Total Time": 115.725, "Actual Rows": 276403, "Actual Loops": 1, "Recheck Cond": "(role_id = rt.id), (LLVM Optimized, Jit Execute)", "Rows Removed by Index Recheck": 0, "Exact Heap Blocks": 1654, "Lossy Heap Blocks": 1654, "Plans": [{"Node Type": "Bitmap Index Scan", "Parent Relationship": "Outer", "Index Name": "role_id_cast_info", "Startup Cost": 0.0, "Total Cost": 75482.63, "Plan Rows": 3296318, "Plan Width": 0, "Actual Startup Time": 30.445, "Actual Total Time": 30.445, "Actual Rows": 276403, "Actual Loops": 1, "Index Cond": "(role_id = rt.id)"}]}]}, {"Node Type": "Hash", "Parent Relationship": "Inner", "Startup Cost": 285774.05, "Total Cost": 285774.05, "Plan Rows": 1282311, "Plan Width": 25, "Actual Startup Time": 5872.757, "Actual Total Time": 5872.757, "Actual Rows": 1153797, "Actual Loops": 1, "Hash Buckets": 2097152, "Hash Batches": 1, "Original Hash Batches": 1, "Peak Memory Usage": 68508, "Plans": [{"Node Type": "Hash Join", "Parent Relationship": "Outer", "Join Type": "Inner", "Startup Cost": 203717.65, "Total Cost": 285774.05, "Plan Rows": 1282311, "Plan Width": 25, "Actual Startup Time": 2870.037, "Actual Total Time": 5345.899, "Actual Rows": 1153797, "Actual Loops": 1, "Inner Unique": true, "Hash Cond": "(mc.movie_id = t.id), (LLVM Optimized, Jit Execute)", "Plans": [{"Node Type": "Hash Join", "Parent Relationship": "Outer", "Join Type": "Inner", "Startup Cost": 61758.77, "Total Cost": 126183.39, "Plan Rows": 1282311, "Plan Width": 4, "Actual Startup Time": 407.486, "Actual Total Time": 2061.138, "Actual Rows": 1153797, "Actual Loops": 1, "Inner Unique": true, "Hash Cond": "(mc.company_id = cn.id), (LLVM Optimized, Jit Execute)", "Plans": [{"Node Type": "Bitmap Heap Scan", "Parent Relationship": "Outer", "Relation Name": "movie_companies", "Alias": "mc", "Startup Cost": 51990.17, "Total Cost": 93807.45, "Plan Rows": 2609128, "Plan Width": 8, "Actual Startup Time": 218.976, "Actual Total Time": 1032.887, "Actual Rows": 2609128, "Actual Loops": 1, "Exact Heap Blocks": 15726, "Lossy Heap Blocks": 15726, "Plans": [{"Node Type": "Bitmap Index Scan", "Parent Relationship": "Outer", "Index Name": "movie_id_movie_companies", "Startup Cost": 0.0, "Total Cost": 51337.89, "Plan Rows": 2609128, "Plan Width": 0, "Actual Startup Time": 215.319, "Actual Total Time": 215.319, "Actual Rows": 2609128, "Actual Loops": 1}]}, {"Node Type": "Hash", "Parent Relationship": "Inner", "Startup Cost": 8703.97, "Total Cost": 8703.97, "Plan Rows": 85170, "Plan Width": 4, "Actual Startup Time": 188.354, "Actual Total Time": 188.354, "Actual Rows": 84843, "Actual Loops": 1, "Hash Buckets": 131072, "Hash Batches": 1, "Original Hash Batches": 1, "Peak Memory Usage": 2983, "Plans": [{"Node Type": "Bitmap Heap Scan", "Parent Relationship": "Outer", "Relation Name": "company_name", "Alias": "cn", "Startup Cost": 2800.52, "Total Cost": 8703.97, "Plan Rows": 85170, "Plan Width": 4, "Actual Startup Time": 23.217, "Actual Total Time": 166.474, "Actual Rows": 84843, "Actual Loops": 1, "Filter": "((country_code)::text = '[us]'::text)", "Rows Removed by Filter": 150153, "Exact Heap Blocks": 2966, "Lossy Heap Blocks": 2966, "Plans": [{"Node Type": "Bitmap Index Scan", "Parent Relationship": "Outer", "Index Name": "company_name_pkey", "Startup Cost": 0.0, "Total Cost": 2779.23, "Plan Rows": 234996, "Plan Width": 0, "Actual Startup Time": 22.756, "Actual Total Time": 22.756, "Actual Rows": 234996, "Actual Loops": 1}]}]}]}, {"Node Type": "Hash", "Parent Relationship": "Inner", "Startup Cost": 110354.99, "Total Cost": 110354.99, "Plan Rows": 2528311, "Plan Width": 21, "Actual Startup Time": 2460.02, "Actual Total Time": 2460.02, "Actual Rows": 2528311, "Actual Loops": 1, "Hash Buckets": 4194304, "Hash Batches": 1, "Original Hash Batches": 1, "Peak Memory Usage": 135869, "Plans": [{"Node Type": "Bitmap Heap Scan", "Parent Relationship": "Outer", "Relation Name": "title", "Alias": "t", "Startup Cost": 50285.88, "Total Cost": 110354.99, "Plan Rows": 2528311, "Plan Width": 21, "Actual Startup Time": 309.032, "Actual Total Time": 1577.676, "Actual Rows": 2528311, "Actual Loops": 1, "Exact Heap Blocks": 34786, "Lossy Heap Blocks": 34786, "Plans": [{"Node Type": "Bitmap Index Scan", "Parent Relationship": "Outer", "Index Name": "title_pkey", "Startup Cost": 0.0, "Total Cost": 49653.81, "Plan Rows": 2528311, "Plan Width": 0, "Actual Startup Time": 301.267, "Actual Total Time": 301.267, "Actual Rows": 2528311, "Actual Loops": 1}]}]}]}]}]}, {"Node Type": "Hash", "Parent Relationship": "Inner", "Startup Cost": 177271.47, "Total Cost": 177271.47, "Plan Rows": 4167490, "Plan Width": 4, "Actual Startup Time": 3930.097, "Actual Total Time": 3930.097, "Actual Rows": 4167490, "Actual Loops": 1, "Hash Buckets": 4194304, "Hash Batches": 1, "Original Hash Batches": 1, "Peak Memory Usage": 146514, "Plans": [{"Node Type": "Bitmap Heap Scan", "Parent Relationship": "Outer", "Relation Name": "name", "Alias": "n1", "Startup Cost": 84199.57, "Total Cost": 177271.47, "Plan Rows": 4167490, "Plan Width": 4, "Actual Startup Time": 388.385, "Actual Total Time": 2366.077, "Actual Rows": 4167490, "Actual Loops": 1, "Exact Heap Blocks": 51397, "Lossy Heap Blocks": 51397, "Plans": [{"Node Type": "Bitmap Index Scan", "Parent Relationship": "Outer", "Index Name": "name_pkey", "Startup Cost": 0.0, "Total Cost": 83157.7, "Plan Rows": 4167490, "Plan Width": 0, "Actual Startup Time": 376.574, "Actual Total Time": 376.574, "Actual Rows": 4167490, "Actual Loops": 1}]}]}]}]}]}]}, "Triggers": [], "Planner Runtime": 72.542, "Total Runtime": 11277.09, "Unique SQL Id": 2457761703}}, "(64, '100')": {"explain_plan": {"Plan": {"Node Type": "Aggregate", "Strategy": "Plain", "Startup Cost": 528738.29, "Total Cost": 528738.3, "Plan Rows": 1, "Plan Width": 97, "Plans": [{"Node Type": "Hash Join", "Parent Relationship": "Outer", "Join Type": "Inner", "Startup Cost": 336662.4, "Total Cost": 526952.8, "Plan Rows": 357098, "Plan Width": 33, "Inner Unique": true, "Hash Cond": "(mc.company_id = cn.id), (LLVM Optimized)", "Plans": [{"Node Type": "Hash Join", "Parent Relationship": "Outer", "Join Type": "Inner", "Startup Cost": 329694.33, "Total Cost": 513689.03, "Plan Rows": 726589, "Plan Width": 37, "Inner Unique": false, "Hash Cond": "(ci.movie_id = t.id), (LLVM Optimized)", "Plans": [{"Node Type": "Streaming(type: LOCAL GATHER dop: 1/64)", "Parent Relationship": "Outer", "Startup Cost": 254738.78, "Total Cost": 417857.9, "Plan Rows": 1484588, "Plan Width": 20, "Plans": [{"Node Type": "Hash Join", "Parent Relationship": "Outer", "Join Type": "Inner", "Startup Cost": 254738.78, "Total Cost": 387231.02, "Plan Rows": 1484588, "Plan Width": 20, "Inner Unique": false, "Hash Cond": "(an1.person_id = ci.person_id), (LLVM Optimized)", "Plans": [{"Node Type": "Streaming(type: LOCAL REDISTRIBUTE dop: 64/1)", "Parent Relationship": "Outer", "Startup Cost": 202522.7, "Total Cost": 334446.0, "Plan Rows": 901342, "Plan Width": 24, "Plans": [{"Node Type": "Hash Join", "Parent Relationship": "Outer", "Join Type": "Inner", "Startup Cost": 202522.7, "Total Cost": 234824.58, "Plan Rows": 901342, "Plan Width": 24, "Inner Unique": true, "Hash Cond": "(an1.person_id = n1.id), (LLVM Optimized)", "Plans": [{"Node Type": "Seq Scan", "Parent Relationship": "Outer", "Relation Name": "aka_name", "Alias": "an1", "Startup Cost": 0.0, "Total Cost": 19908.42, "Plan Rows": 901342, "Plan Width": 20}, {"Node Type": "Hash", "Parent Relationship": "Inner", "Startup Cost": 150429.08, "Total Cost": 150429.08, "Plan Rows": 4167490, "Plan Width": 4, "Plans": [{"Node Type": "Streaming(type: LOCAL GATHER dop: 1/64)", "Parent Relationship": "Outer", "Startup Cost": 0.0, "Total Cost": 150429.08, "Plan Rows": 4167490, "Plan Width": 4, "Plans": [{"Node Type": "Seq Scan", "Parent Relationship": "Outer", "Relation Name": "name", "Alias": "n1", "Startup Cost": 0.0, "Total Cost": 64454.25, "Plan Rows": 4167490, "Plan Width": 4}]}]}]}]}, {"Node Type": "Hash", "Parent Relationship": "Inner", "Startup Cost": 203464.29, "Total Cost": 203464.29, "Plan Rows": 3296318, "Plan Width": 8, "Plans": [{"Node Type": "Streaming(type: LOCAL REDISTRIBUTE dop: 64/64)", "Parent Relationship": "Outer", "Startup Cost": 63002.48, "Total Cost": 203464.29, "Plan Rows": 3296318, "Plan Width": 8, "Plans": [{"Node Type": "Hash Join", "Parent Relationship": "Outer", "Join Type": "Inner", "Startup Cost": 63002.48, "Total Cost": 137341.8, "Plan Rows": 3296318, "Plan Width": 8, "Inner Unique": true, "Hash Cond": "(ci.role_id = rt.id), (LLVM Optimized)", "Plans": [{"Node Type": "Seq Scan", "Parent Relationship": "Outer", "Relation Name": "cast_info", "Alias": "ci", "Startup Cost": 0.0, "Total Cost": 72404.34, "Plan Rows": 36259494, "Plan Width": 12}, {"Node Type": "Hash", "Parent Relationship": "Inner", "Startup Cost": 63002.47, "Total Cost": 63002.47, "Plan Rows": 64, "Plan Width": 4, "Plans": [{"Node Type": "Streaming(type: BROADCAST dop: 64/1)", "Parent Relationship": "Outer", "Startup Cost": 0.0, "Total Cost": 63002.47, "Plan Rows": 64, "Plan Width": 4, "Plans": [{"Node Type": "Seq Scan", "Parent Relationship": "Outer", "Relation Name": "role_type", "Alias": "rt", "Startup Cost": 0.0, "Total Cost": 1.15, "Plan Rows": 1, "Plan Width": 4, "Filter": "((role)::text = 'costume designer'::text)"}]}]}]}]}]}]}]}, {"Node Type": "Hash", "Parent Relationship": "Inner", "Startup Cost": 169365.79, "Total Cost": 169365.79, "Plan Rows": 2609128, "Plan Width": 29, "Plans": [{"Node Type": "Hash Join", "Parent Relationship": "Outer", "Join Type": "Inner", "Startup Cost": 91673.0, "Total Cost": 169365.79, "Plan Rows": 2609128, "Plan Width": 29, "Inner Unique": true, "Hash Cond": "(mc.movie_id = t.id), (LLVM Optimized)", "Plans": [{"Node Type": "Seq Scan", "Parent Relationship": "Outer", "Relation Name": "movie_companies", "Alias": "mc", "Startup Cost": 0.0, "Total Cost": 41817.28, "Plan Rows": 2609128, "Plan Width": 8}, {"Node Type": "Hash", "Parent Relationship": "Inner", "Startup Cost": 60069.11, "Total Cost": 60069.11, "Plan Rows": 2528311, "Plan Width": 21, "Plans": [{"Node Type": "Seq Scan", "Parent Relationship": "Outer", "Relation Name": "title", "Alias": "t", "Startup Cost": 0.0, "Total Cost": 60069.11, "Plan Rows": 2528311, "Plan Width": 21}]}]}]}]}, {"Node Type": "Hash", "Parent Relationship": "Inner", "Startup Cost": 5903.45, "Total Cost": 5903.45, "Plan Rows": 85170, "Plan Width": 4, "Plans": [{"Node Type": "Seq Scan", "Parent Relationship": "Outer", "Relation Name": "company_name", "Alias": "cn", "Startup Cost": 0.0, "Total Cost": 5903.45, "Plan Rows": 85170, "Plan Width": 4, "Filter": "((country_code)::text = '[us]'::text)"}]}]}]}, "Unique SQL Id": 2457761703, "Planner Runtime": 151}, "explain_analyze_plan": {"Plan": {"Node Type": "Aggregate", "Strategy": "Plain", "Startup Cost": 528738.29, "Total Cost": 528738.3, "Plan Rows": 1, "Plan Width": 97, "Actual Min Startup Time": 6856.27, "Actual Max Startup Time": 6856.27, "Actual Min Total Time": 6856.271, "Actual Max Total Time": 6856.271, "Plans": [{"Node Type": "Hash Join", "Parent Relationship": "Outer", "Join Type": "Inner", "Startup Cost": 336662.4, "Total Cost": 526952.8, "Plan Rows": 357098, "Plan Width": 33, "Actual Min Startup Time": 5249.401, "Actual Max Startup Time": 5249.401, "Actual Min Total Time": 6705.964, "Actual Max Total Time": 6705.964, "Inner Unique": true, "Hash Cond": "(mc.company_id = cn.id), (LLVM Optimized, Jit Execute)", "Plans": [{"Node Type": "Hash Join", "Parent Relationship": "Outer", "Join Type": "Inner", "Startup Cost": 329694.33, "Total Cost": 513689.03, "Plan Rows": 726589, "Plan Width": 37, "Actual Min Startup Time": 5130.68, "Actual Max Startup Time": 5130.68, "Actual Min Total Time": 6388.767, "Actual Max Total Time": 6388.767, "Inner Unique": false, "Hash Cond": "(ci.movie_id = t.id), (LLVM Optimized, Jit Execute)", "Plans": [{"Node Type": "Streaming(type: LOCAL GATHER dop: 1/64)", "Parent Relationship": "Outer", "Startup Cost": 254738.78, "Total Cost": 417857.9, "Plan Rows": 1484588, "Plan Width": 20, "Actual Min Startup Time": 0.186, "Actual Max Startup Time": 0.186, "Actual Min Total Time": 983.556, "Actual Max Total Time": 983.556, "Plans": [{"Node Type": "Hash Join", "Parent Relationship": "Outer", "Join Type": "Inner", "Startup Cost": 254738.78, "Total Cost": 387231.02, "Plan Rows": 1484588, "Plan Width": 20, "Actual Min Startup Time": 2904.02, "Actual Max Startup Time": 5001.056, "Actual Min Total Time": 4507.096, "Actual Max Total Time": 6552.353, "Inner Unique": false, "Hash Cond": "(an1.person_id = ci.person_id), (LLVM Optimized, Jit Execute)", "Plans": [{"Node Type": "Streaming(type: LOCAL REDISTRIBUTE dop: 64/1)", "Parent Relationship": "Outer", "Startup Cost": 202522.7, "Total Cost": 334446.0, "Plan Rows": 901342, "Plan Width": 24, "Actual Min Startup Time": 2648.309, "Actual Max Startup Time": 2658.987, "Actual Min Total Time": 4210.018, "Actual Max Total Time": 5937.182, "Plans": [{"Node Type": "Hash Join", "Parent Relationship": "Outer", "Join Type": "Inner", "Startup Cost": 202522.7, "Total Cost": 234824.58, "Plan Rows": 901342, "Plan Width": 24, "Actual Min Startup Time": 2900.815, "Actual Max Startup Time": 2900.815, "Actual Min Total Time": 3642.451, "Actual Max Total Time": 3642.451, "Inner Unique": true, "Hash Cond": "(an1.person_id = n1.id), (LLVM Optimized, Jit Execute)", "Plans": [{"Node Type": "Seq Scan", "Parent Relationship": "Outer", "Relation Name": "aka_name", "Alias": "an1", "Startup Cost": 0.0, "Total Cost": 19908.42, "Plan Rows": 901342, "Plan Width": 20, "Actual Min Startup Time": 0.033, "Actual Max Startup Time": 0.033, "Actual Min Total Time": 226.164, "Actual Max Total Time": 226.164, "Actual Rows": 901342}, {"Node Type": "Hash", "Parent Relationship": "Inner", "Startup Cost": 150429.08, "Total Cost": 150429.08, "Plan Rows": 4167490, "Plan Width": 4, "Actual Min Startup Time": 2898.206, "Actual Max Startup Time": 2898.206, "Actual Min Total Time": 2898.206, "Actual Max Total Time": 2898.206, "Max Hash Buckets": 4194304, "Min Hash Buckets": 4194304, "Max Hash Batches": 1, "Min Hash Batches": 1, "Max Original Hash Batches": 1, "Min Original Hash Batches": 1, "Max Peak Memory Usage": 146514, "min Peak Memory Usage": 146514, "Plans": [{"Node Type": "Streaming(type: LOCAL GATHER dop: 1/64)", "Parent Relationship": "Outer", "Startup Cost": 0.0, "Total Cost": 150429.08, "Plan Rows": 4167490, "Plan Width": 4, "Actual Min Startup Time": 0.152, "Actual Max Startup Time": 0.152, "Actual Min Total Time": 1744.697, "Actual Max Total Time": 1744.697, "Plans": [{"Node Type": "Seq Scan", "Parent Relationship": "Outer", "Relation Name": "name", "Alias": "n1", "Startup Cost": 0.0, "Total Cost": 64454.25, "Plan Rows": 4167490, "Plan Width": 4, "Actual Min Startup Time": 0.018, "Actual Max Startup Time": 0.044, "Actual Min Total Time": 18.96, "Actual Max Total Time": 23.576, "Actual Rows": 4167490}], "Actual Rows": 4167490}], "Actual Rows": 4167490}], "Actual Rows": 901342}], "Actual Rows": 901342}, {"Node Type": "Hash", "Parent Relationship": "Inner", "Startup Cost": 203464.29, "Total Cost": 203464.29, "Plan Rows": 3296318, "Plan Width": 8, "Actual Min Startup Time": 251.014, "Actual Max Startup Time": 617.726, "Actual Min Total Time": 251.014, "Actual Max Total Time": 617.726, "Max Hash Buckets": 65536, "Min Hash Buckets": 65536, "Max Hash Batches": 1, "Min Hash Batches": 1, "Max Original Hash Batches": 1, "Min Original Hash Batches": 1, "Max Peak Memory Usage": 153, "min Peak Memory Usage": 153, "Plans": [{"Node Type": "Streaming(type: LOCAL REDISTRIBUTE dop: 64/64)", "Parent Relationship": "Outer", "Startup Cost": 63002.48, "Total Cost": 203464.29, "Plan Rows": 3296318, "Plan Width": 8, "Actual Min Startup Time": 0.126, "Actual Max Startup Time": 331.621, "Actual Min Total Time": 250.064, "Actual Max Total Time": 616.635, "Plans": [{"Node Type": "Hash Join", "Parent Relationship": "Outer", "Join Type": "Inner", "Startup Cost": 63002.48, "Total Cost": 137341.8, "Plan Rows": 3296318, "Plan Width": 8, "Actual Min Startup Time": 184.436, "Actual Max Startup Time": 286.242, "Actual Min Total Time": 231.359, "Actual Max Total Time": 286.242, "Inner Unique": true, "Hash Cond": "(ci.role_id = rt.id), (LLVM Optimized, Jit Execute)", "Plans": [{"Node Type": "Seq Scan", "Parent Relationship": "Outer", "Relation Name": "cast_info", "Alias": "ci", "Startup Cost": 0.0, "Total Cost": 72404.34, "Plan Rows": 36259494, "Plan Width": 12, "Actual Min Startup Time": 0.027, "Actual Max Startup Time": 0.061, "Actual Min Total Time": 127.977, "Actual Max Total Time": 141.649, "Actual Rows": 36244343}, {"Node Type": "Hash", "Parent Relationship": "Inner", "Startup Cost": 63002.47, "Total Cost": 63002.47, "Plan Rows": 64, "Plan Width": 4, "Actual Min Startup Time": 0.012, "Actual Max Startup Time": 54.189, "Actual Min Total Time": 0.012, "Actual Max Total Time": 54.189, "Max Hash Buckets": 32768, "Min Hash Buckets": 32768, "Max Hash Batches": 1, "Min Hash Batches": 1, "Max Original Hash Batches": 1, "Min Original Hash Batches": 1, "Max Peak Memory Usage": 1, "min Peak Memory Usage": 1, "Plans": [{"Node Type": "Streaming(type: BROADCAST dop: 64/1)", "Parent Relationship": "Outer", "Startup Cost": 0.0, "Total Cost": 63002.47, "Plan Rows": 64, "Plan Width": 4, "Actual Min Startup Time": 0.003, "Actual Max Startup Time": 54.169, "Actual Min Total Time": 0.004, "Actual Max Total Time": 54.17, "Plans": [{"Node Type": "Seq Scan", "Parent Relationship": "Outer", "Relation Name": "role_type", "Alias": "rt", "Startup Cost": 0.0, "Total Cost": 1.15, "Plan Rows": 1, "Plan Width": 4, "Actual Min Startup Time": 0.026, "Actual Max Startup Time": 0.026, "Actual Min Total Time": 0.03, "Actual Max Total Time": 0.03, "Filter": "((role)::text = 'costume designer'::text)", "Rows Removed by Filter": 11, "Actual Rows": 1}], "Actual Rows": 64}], "Actual Rows": 64}], "Actual Rows": 276403}], "Actual Rows": 276403}], "Actual Rows": 276403}], "Actual Rows": 218966}], "Actual Rows": 218966}, {"Node Type": "Hash", "Parent Relationship": "Inner", "Startup Cost": 169365.79, "Total Cost": 169365.79, "Plan Rows": 2609128, "Plan Width": 29, "Actual Min Startup Time": 5122.871, "Actual Max Startup Time": 5122.871, "Actual Min Total Time": 5122.871, "Actual Max Total Time": 5122.871, "Max Hash Buckets": 4194304, "Min Hash Buckets": 4194304, "Max Hash Batches": 1, "Min Hash Batches": 1, "Max Original Hash Batches": 1, "Min Original Hash Batches": 1, "Max Peak Memory Usage": 164769, "min Peak Memory Usage": 164769, "Plans": [{"Node Type": "Hash Join", "Parent Relationship": "Outer", "Join Type": "Inner", "Startup Cost": 91673.0, "Total Cost": 169365.79, "Plan Rows": 2609128, "Plan Width": 29, "Actual Min Startup Time": 1876.312, "Actual Max Startup Time": 1876.312, "Actual Min Total Time": 4112.233, "Actual Max Total Time": 4112.233, "Inner Unique": true, "Hash Cond": "(mc.movie_id = t.id), (LLVM Optimized, Jit Execute)", "Plans": [{"Node Type": "Seq Scan", "Parent Relationship": "Outer", "Relation Name": "movie_companies", "Alias": "mc", "Startup Cost": 0.0, "Total Cost": 41817.28, "Plan Rows": 2609128, "Plan Width": 8, "Actual Min Startup Time": 0.034, "Actual Max Startup Time": 0.034, "Actual Min Total Time": 589.387, "Actual Max Total Time": 589.387, "Actual Rows": 2609128}, {"Node Type": "Hash", "Parent Relationship": "Inner", "Startup Cost": 60069.11, "Total Cost": 60069.11, "Plan Rows": 2528311, "Plan Width": 21, "Actual Min Startup Time": 1873.717, "Actual Max Startup Time": 1873.717, "Actual Min Total Time": 1873.717, "Actual Max Total Time": 1873.717, "Max Hash Buckets": 4194304, "Min Hash Buckets": 4194304, "Max Hash Batches": 1, "Min Hash Batches": 1, "Max Original Hash Batches": 1, "Min Original Hash Batches": 1, "Max Peak Memory Usage": 135869, "min Peak Memory Usage": 135869, "Plans": [{"Node Type": "Seq Scan", "Parent Relationship": "Outer", "Relation Name": "title", "Alias": "t", "Startup Cost": 0.0, "Total Cost": 60069.11, "Plan Rows": 2528311, "Plan Width": 21, "Actual Min Startup Time": 0.031, "Actual Max Startup Time": 0.031, "Actual Min Total Time": 853.163, "Actual Max Total Time": 853.163, "Actual Rows": 2528311}], "Actual Rows": 2528311}], "Actual Rows": 2609128}], "Actual Rows": 2609128}], "Actual Rows": 752819}, {"Node Type": "Hash", "Parent Relationship": "Inner", "Startup Cost": 5903.45, "Total Cost": 5903.45, "Plan Rows": 85170, "Plan Width": 4, "Actual Min Startup Time": 118.572, "Actual Max Startup Time": 118.572, "Actual Min Total Time": 118.572, "Actual Max Total Time": 118.572, "Max Hash Buckets": 131072, "Min Hash Buckets": 131072, "Max Hash Batches": 1, "Min Hash Batches": 1, "Max Original Hash Batches": 1, "Min Original Hash Batches": 1, "Max Peak Memory Usage": 2983, "min Peak Memory Usage": 2983, "Plans": [{"Node Type": "Seq Scan", "Parent Relationship": "Outer", "Relation Name": "company_name", "Alias": "cn", "Startup Cost": 0.0, "Total Cost": 5903.45, "Plan Rows": 85170, "Plan Width": 4, "Actual Min Startup Time": 0.062, "Actual Max Startup Time": 0.062, "Actual Min Total Time": 96.64, "Actual Max Total Time": 96.64, "Filter": "((country_code)::text = '[us]'::text)", "Rows Removed by Filter": 150153, "Actual Rows": 84843}], "Actual Rows": 84843}], "Actual Rows": 323005}], "Actual Rows": 1}, "Triggers": [], "Planner Runtime": 175.338, "Total Runtime": 6911.384, "Unique SQL Id": 2457761703}}, "(64, '101')": {"explain_plan": {"Plan": {"Node Type": "Aggregate", "Strategy": "Plain", "Startup Cost": 760424.56, "Total Cost": 760424.57, "Plan Rows": 1, "Plan Width": 97, "Plans": [{"Node Type": "Hash Join", "Parent Relationship": "Outer", "Join Type": "Inner", "Startup Cost": 731743.89, "Total Cost": 758639.07, "Plan Rows": 357098, "Plan Width": 33, "Inner Unique": false, "Hash Cond": "(an1.person_id = n1.id), (LLVM Optimized)", "Plans": [{"Node Type": "Bitmap Heap Scan", "Parent Relationship": "Outer", "Relation Name": "aka_name", "Alias": "an1", "Startup Cost": 16632.3, "Total Cost": 36540.72, "Plan Rows": 901342, "Plan Width": 20, "Plans": [{"Node Type": "Bitmap Index Scan", "Parent Relationship": "Outer", "Index Name": "person_id_aka_name", "Startup Cost": 0.0, "Total Cost": 16406.96, "Plan Rows": 901342, "Plan Width": 0}]}, {"Node Type": "Hash", "Parent Relationship": "Inner", "Startup Cost": 706230.86, "Total Cost": 706230.86, "Plan Rows": 710459, "Plan Width": 25, "Plans": [{"Node Type": "Nested Loop", "Parent Relationship": "Outer", "Join Type": "Inner", "Startup Cost": 301568.43, "Total Cost": 706230.86, "Plan Rows": 710459, "Plan Width": 25, "Inner Unique": true, "Plans": [{"Node Type": "Hash Join", "Parent Relationship": "Outer", "Join Type": "Inner", "Startup Cost": 301568.43, "Total Cost": 502053.02, "Plan Rows": 710459, "Plan Width": 21, "Inner Unique": false, "Hash Cond": "(ci.movie_id = t.id), (LLVM Optimized)", "Plans": [{"Node Type": "Nested Loop", "Parent Relationship": "Outer", "Join Type": "Inner", "Startup Cost": 0.0, "Total Cost": 171418.25, "Plan Rows": 3296318, "Plan Width": 8, "Inner Unique": false, "Plans": [{"Node Type": "Index Scan", "Parent Relationship": "Outer", "Scan Direction": "Forward", "Index Name": "role_type_pkey", "Relation Name": "role_type", "Alias": "rt", "Startup Cost": 0.0, "Total Cost": 12.46, "Plan Rows": 1, "Plan Width": 4, "Filter": "((role)::text = 'costume designer'::text)"}, {"Node Type": "Index Scan", "Parent Relationship": "Inner", "Scan Direction": "Forward", "Index Name": "role_id_cast_info", "Relation Name": "cast_info", "Alias": "ci", "Startup Cost": 0.0, "Total Cost": 138442.61, "Plan Rows": 3296318, "Plan Width": 12, "Index Cond": "(role_id = rt.id), (LLVM Optimized)"}]}, {"Node Type": "Hash", "Parent Relationship": "Inner", "Startup Cost": 285539.54, "Total Cost": 285539.54, "Plan Rows": 1282311, "Plan Width": 25, "Plans": [{"Node Type": "Hash Join", "Parent Relationship": "Outer", "Join Type": "Inner", "Startup Cost": 203483.15, "Total Cost": 285539.54, "Plan Rows": 1282311, "Plan Width": 25, "Inner Unique": true, "Hash Cond": "(mc.movie_id = t.id), (LLVM Optimized)", "Plans": [{"Node Type": "Hash Join", "Parent Relationship": "Outer", "Join Type": "Inner", "Startup Cost": 61758.77, "Total Cost": 126183.39, "Plan Rows": 1282311, "Plan Width": 4, "Inner Unique": true, "Hash Cond": "(mc.company_id = cn.id), (LLVM Optimized)", "Plans": [{"Node Type": "Bitmap Heap Scan", "Parent Relationship": "Outer", "Relation Name": "movie_companies", "Alias": "mc", "Startup Cost": 51990.17, "Total Cost": 93807.45, "Plan Rows": 2609128, "Plan Width": 8, "Plans": [{"Node Type": "Bitmap Index Scan", "Parent Relationship": "Outer", "Index Name": "movie_id_movie_companies", "Startup Cost": 0.0, "Total Cost": 51337.89, "Plan Rows": 2609128, "Plan Width": 0}]}, {"Node Type": "Hash", "Parent Relationship": "Inner", "Startup Cost": 8703.97, "Total Cost": 8703.97, "Plan Rows": 85170, "Plan Width": 4, "Plans": [{"Node Type": "Bitmap Heap Scan", "Parent Relationship": "Outer", "Relation Name": "company_name", "Alias": "cn", "Startup Cost": 2800.52, "Total Cost": 8703.97, "Plan Rows": 85170, "Plan Width": 4, "Filter": "((country_code)::text = '[us]'::text)", "Plans": [{"Node Type": "Bitmap Index Scan", "Parent Relationship": "Outer", "Index Name": "company_name_pkey", "Startup Cost": 0.0, "Total Cost": 2779.23, "Plan Rows": 234996, "Plan Width": 0}]}]}]}, {"Node Type": "Hash", "Parent Relationship": "Inner", "Startup Cost": 110120.49, "Total Cost": 110120.49, "Plan Rows": 2528311, "Plan Width": 21, "Plans": [{"Node Type": "Index Scan", "Parent Relationship": "Outer", "Scan Direction": "Forward", "Index Name": "title_pkey", "Relation Name": "title", "Alias": "t", "Startup Cost": 0.0, "Total Cost": 110120.49, "Plan Rows": 2528311, "Plan Width": 21}]}]}]}]}, {"Node Type": "Index Scan", "Parent Relationship": "Inner", "Scan Direction": "Forward", "Index Name": "name_pkey", "Relation Name": "name", "Alias": "n1", "Startup Cost": 0.0, "Total Cost": 0.28, "Plan Rows": 1, "Plan Width": 4, "Index Cond": "(id = ci.person_id)"}]}]}]}]}, "Unique SQL Id": 2457761703, "Planner Runtime": 118}, "explain_analyze_plan": {"Plan": {"Node Type": "Aggregate", "Strategy": "Plain", "Startup Cost": 760424.56, "Total Cost": 760424.57, "Plan Rows": 1, "Plan Width": 97, "Actual Startup Time": 9976.061, "Actual Total Time": 9976.061, "Actual Rows": 1, "Actual Loops": 1, "Plans": [{"Node Type": "Hash Join", "Parent Relationship": "Outer", "Join Type": "Inner", "Startup Cost": 731743.89, "Total Cost": 758639.07, "Plan Rows": 357098, "Plan Width": 33, "Actual Startup Time": 9187.759, "Actual Total Time": 9831.593, "Actual Rows": 323005, "Actual Loops": 1, "Inner Unique": false, "Hash Cond": "(an1.person_id = n1.id), (LLVM Optimized, Jit Execute)", "Plans": [{"Node Type": "Bitmap Heap Scan", "Parent Relationship": "Outer", "Relation Name": "aka_name", "Alias": "an1", "Startup Cost": 16632.3, "Total Cost": 36540.72, "Plan Rows": 901342, "Plan Width": 20, "Actual Startup Time": 87.652, "Actual Total Time": 457.142, "Actual Rows": 901342, "Actual Loops": 1, "Exact Heap Blocks": 10895, "Lossy Heap Blocks": 10895, "Plans": [{"Node Type": "Bitmap Index Scan", "Parent Relationship": "Outer", "Index Name": "person_id_aka_name", "Startup Cost": 0.0, "Total Cost": 16406.96, "Plan Rows": 901342, "Plan Width": 0, "Actual Startup Time": 85.731, "Actual Total Time": 85.731, "Actual Rows": 901342, "Actual Loops": 1}]}, {"Node Type": "Hash", "Parent Relationship": "Inner", "Startup Cost": 706230.86, "Total Cost": 706230.86, "Plan Rows": 710459, "Plan Width": 25, "Actual Startup Time": 9099.347, "Actual Total Time": 9099.347, "Actual Rows": 285537, "Actual Loops": 1, "Hash Buckets": 1048576, "Hash Batches": 1, "Original Hash Batches": 1, "Peak Memory Usage": 15952, "Plans": [{"Node Type": "Nested Loop", "Parent Relationship": "Outer", "Join Type": "Inner", "Startup Cost": 301568.43, "Total Cost": 706230.86, "Plan Rows": 710459, "Plan Width": 25, "Actual Startup Time": 7550.783, "Actual Total Time": 8987.584, "Actual Rows": 285537, "Actual Loops": 1, "Inner Unique": true, "Plans": [{"Node Type": "Hash Join", "Parent Relationship": "Outer", "Join Type": "Inner", "Startup Cost": 301568.43, "Total Cost": 502053.02, "Plan Rows": 710459, "Plan Width": 21, "Actual Startup Time": 7550.71, "Actual Total Time": 7958.658, "Actual Rows": 285537, "Actual Loops": 1, "Inner Unique": false, "Hash Cond": "(ci.movie_id = t.id), (LLVM Optimized, Jit Execute)", "Plans": [{"Node Type": "Nested Loop", "Parent Relationship": "Outer", "Join Type": "Inner", "Startup Cost": 0.0, "Total Cost": 171418.25, "Plan Rows": 3296318, "Plan Width": 8, "Actual Startup Time": 0.081, "Actual Total Time": 210.497, "Actual Rows": 276403, "Actual Loops": 1, "Inner Unique": false, "Plans": [{"Node Type": "Index Scan", "Parent Relationship": "Outer", "Scan Direction": "Forward", "Index Name": "role_type_pkey", "Relation Name": "role_type", "Alias": "rt", "Startup Cost": 0.0, "Total Cost": 12.46, "Plan Rows": 1, "Plan Width": 4, "Actual Startup Time": 0.037, "Actual Total Time": 0.081, "Actual Rows": 1, "Actual Loops": 1, "Filter": "((role)::text = 'costume designer'::text)", "Rows Removed by Filter": 11}, {"Node Type": "Index Scan", "Parent Relationship": "Inner", "Scan Direction": "Forward", "Index Name": "role_id_cast_info", "Relation Name": "cast_info", "Alias": "ci", "Startup Cost": 0.0, "Total Cost": 138442.61, "Plan Rows": 3296318, "Plan Width": 12, "Actual Startup Time": 0.037, "Actual Total Time": 152.622, "Actual Rows": 276403, "Actual Loops": 1, "Index Cond": "(role_id = rt.id), (LLVM Optimized, Jit Execute)", "Rows Removed by Index Recheck": 0}]}, {"Node Type": "Hash", "Parent Relationship": "Inner", "Startup Cost": 285539.54, "Total Cost": 285539.54, "Plan Rows": 1282311, "Plan Width": 25, "Actual Startup Time": 7544.691, "Actual Total Time": 7544.691, "Actual Rows": 1153797, "Actual Loops": 1, "Hash Buckets": 2097152, "Hash Batches": 1, "Original Hash Batches": 1, "Peak Memory Usage": 68508, "Plans": [{"Node Type": "Hash Join", "Parent Relationship": "Outer", "Join Type": "Inner", "Startup Cost": 203483.15, "Total Cost": 285539.54, "Plan Rows": 1282311, "Plan Width": 25, "Actual Startup Time": 4677.89, "Actual Total Time": 7039.094, "Actual Rows": 1153797, "Actual Loops": 1, "Inner Unique": true, "Hash Cond": "(mc.movie_id = t.id), (LLVM Optimized, Jit Execute)", "Plans": [{"Node Type": "Hash Join", "Parent Relationship": "Outer", "Join Type": "Inner", "Startup Cost": 61758.77, "Total Cost": 126183.39, "Plan Rows": 1282311, "Plan Width": 4, "Actual Startup Time": 404.152, "Actual Total Time": 2104.823, "Actual Rows": 1153797, "Actual Loops": 1, "Inner Unique": true, "Hash Cond": "(mc.company_id = cn.id), (LLVM Optimized, Jit Execute)", "Plans": [{"Node Type": "Bitmap Heap Scan", "Parent Relationship": "Outer", "Relation Name": "movie_companies", "Alias": "mc", "Startup Cost": 51990.17, "Total Cost": 93807.45, "Plan Rows": 2609128, "Plan Width": 8, "Actual Startup Time": 217.117, "Actual Total Time": 1079.941, "Actual Rows": 2609128, "Actual Loops": 1, "Exact Heap Blocks": 15726, "Lossy Heap Blocks": 15726, "Plans": [{"Node Type": "Bitmap Index Scan", "Parent Relationship": "Outer", "Index Name": "movie_id_movie_companies", "Startup Cost": 0.0, "Total Cost": 51337.89, "Plan Rows": 2609128, "Plan Width": 0, "Actual Startup Time": 213.474, "Actual Total Time": 213.474, "Actual Rows": 2609128, "Actual Loops": 1}]}, {"Node Type": "Hash", "Parent Relationship": "Inner", "Startup Cost": 8703.97, "Total Cost": 8703.97, "Plan Rows": 85170, "Plan Width": 4, "Actual Startup Time": 186.936, "Actual Total Time": 186.936, "Actual Rows": 84843, "Actual Loops": 1, "Hash Buckets": 131072, "Hash Batches": 1, "Original Hash Batches": 1, "Peak Memory Usage": 2983, "Plans": [{"Node Type": "Bitmap Heap Scan", "Parent Relationship": "Outer", "Relation Name": "company_name", "Alias": "cn", "Startup Cost": 2800.52, "Total Cost": 8703.97, "Plan Rows": 85170, "Plan Width": 4, "Actual Startup Time": 22.801, "Actual Total Time": 165.091, "Actual Rows": 84843, "Actual Loops": 1, "Filter": "((country_code)::text = '[us]'::text)", "Rows Removed by Filter": 150153, "Exact Heap Blocks": 2966, "Lossy Heap Blocks": 2966, "Plans": [{"Node Type": "Bitmap Index Scan", "Parent Relationship": "Outer", "Index Name": "company_name_pkey", "Startup Cost": 0.0, "Total Cost": 2779.23, "Plan Rows": 234996, "Plan Width": 0, "Actual Startup Time": 22.341, "Actual Total Time": 22.341, "Actual Rows": 234996, "Actual Loops": 1}]}]}]}, {"Node Type": "Hash", "Parent Relationship": "Inner", "Startup Cost": 110120.49, "Total Cost": 110120.49, "Plan Rows": 2528311, "Plan Width": 21, "Actual Startup Time": 4271.228, "Actual Total Time": 4271.228, "Actual Rows": 2528311, "Actual Loops": 1, "Hash Buckets": 4194304, "Hash Batches": 1, "Original Hash Batches": 1, "Peak Memory Usage": 135869, "Plans": [{"Node Type": "Index Scan", "Parent Relationship": "Outer", "Scan Direction": "Forward", "Index Name": "title_pkey", "Relation Name": "title", "Alias": "t", "Startup Cost": 0.0, "Total Cost": 110120.49, "Plan Rows": 2528311, "Plan Width": 21, "Actual Startup Time": 0.04, "Actual Total Time": 3188.804, "Actual Rows": 2528311, "Actual Loops": 1}]}]}]}]}, {"Node Type": "Index Scan", "Parent Relationship": "Inner", "Scan Direction": "Forward", "Index Name": "name_pkey", "Relation Name": "name", "Alias": "n1", "Startup Cost": 0.0, "Total Cost": 0.28, "Plan Rows": 1, "Plan Width": 4, "Actual Startup Time": 809.417, "Actual Total Time": 809.417, "Actual Rows": 285537, "Actual Loops": 285537, "Index Cond": "(id = ci.person_id)", "Rows Removed by Index Recheck": 0}]}]}]}]}, "Triggers": [], "Planner Runtime": 119.309, "Total Runtime": 9988.58, "Unique SQL Id": 2457761703}}, "(64, '102')": {"explain_plan": {"Plan": {"Node Type": "Aggregate", "Strategy": "Plain", "Startup Cost": 528738.29, "Total Cost": 528738.3, "Plan Rows": 1, "Plan Width": 97, "Plans": [{"Node Type": "Hash Join", "Parent Relationship": "Outer", "Join Type": "Inner", "Startup Cost": 336662.4, "Total Cost": 526952.8, "Plan Rows": 357098, "Plan Width": 33, "Inner Unique": true, "Hash Cond": "(mc.company_id = cn.id), (LLVM Optimized)", "Plans": [{"Node Type": "Hash Join", "Parent Relationship": "Outer", "Join Type": "Inner", "Startup Cost": 329694.33, "Total Cost": 513689.03, "Plan Rows": 726589, "Plan Width": 37, "Inner Unique": false, "Hash Cond": "(ci.movie_id = t.id), (LLVM Optimized)", "Plans": [{"Node Type": "Streaming(type: LOCAL GATHER dop: 1/64)", "Parent Relationship": "Outer", "Startup Cost": 254738.78, "Total Cost": 417857.9, "Plan Rows": 1484588, "Plan Width": 20, "Plans": [{"Node Type": "Hash Join", "Parent Relationship": "Outer", "Join Type": "Inner", "Startup Cost": 254738.78, "Total Cost": 387231.02, "Plan Rows": 1484588, "Plan Width": 20, "Inner Unique": false, "Hash Cond": "(an1.person_id = ci.person_id), (LLVM Optimized)", "Plans": [{"Node Type": "Streaming(type: LOCAL REDISTRIBUTE dop: 64/1)", "Parent Relationship": "Outer", "Startup Cost": 202522.7, "Total Cost": 334446.0, "Plan Rows": 901342, "Plan Width": 24, "Plans": [{"Node Type": "Hash Join", "Parent Relationship": "Outer", "Join Type": "Inner", "Startup Cost": 202522.7, "Total Cost": 234824.58, "Plan Rows": 901342, "Plan Width": 24, "Inner Unique": true, "Hash Cond": "(an1.person_id = n1.id), (LLVM Optimized)", "Plans": [{"Node Type": "Seq Scan", "Parent Relationship": "Outer", "Relation Name": "aka_name", "Alias": "an1", "Startup Cost": 0.0, "Total Cost": 19908.42, "Plan Rows": 901342, "Plan Width": 20}, {"Node Type": "Hash", "Parent Relationship": "Inner", "Startup Cost": 150429.08, "Total Cost": 150429.08, "Plan Rows": 4167490, "Plan Width": 4, "Plans": [{"Node Type": "Streaming(type: LOCAL GATHER dop: 1/64)", "Parent Relationship": "Outer", "Startup Cost": 0.0, "Total Cost": 150429.08, "Plan Rows": 4167490, "Plan Width": 4, "Plans": [{"Node Type": "Seq Scan", "Parent Relationship": "Outer", "Relation Name": "name", "Alias": "n1", "Startup Cost": 0.0, "Total Cost": 64454.25, "Plan Rows": 4167490, "Plan Width": 4}]}]}]}]}, {"Node Type": "Hash", "Parent Relationship": "Inner", "Startup Cost": 203464.29, "Total Cost": 203464.29, "Plan Rows": 3296318, "Plan Width": 8, "Plans": [{"Node Type": "Streaming(type: LOCAL REDISTRIBUTE dop: 64/64)", "Parent Relationship": "Outer", "Startup Cost": 63002.48, "Total Cost": 203464.29, "Plan Rows": 3296318, "Plan Width": 8, "Plans": [{"Node Type": "Hash Join", "Parent Relationship": "Outer", "Join Type": "Inner", "Startup Cost": 63002.48, "Total Cost": 137341.8, "Plan Rows": 3296318, "Plan Width": 8, "Inner Unique": true, "Hash Cond": "(ci.role_id = rt.id), (LLVM Optimized)", "Plans": [{"Node Type": "Seq Scan", "Parent Relationship": "Outer", "Relation Name": "cast_info", "Alias": "ci", "Startup Cost": 0.0, "Total Cost": 72404.34, "Plan Rows": 36259494, "Plan Width": 12}, {"Node Type": "Hash", "Parent Relationship": "Inner", "Startup Cost": 63002.47, "Total Cost": 63002.47, "Plan Rows": 64, "Plan Width": 4, "Plans": [{"Node Type": "Streaming(type: BROADCAST dop: 64/1)", "Parent Relationship": "Outer", "Startup Cost": 0.0, "Total Cost": 63002.47, "Plan Rows": 64, "Plan Width": 4, "Plans": [{"Node Type": "Seq Scan", "Parent Relationship": "Outer", "Relation Name": "role_type", "Alias": "rt", "Startup Cost": 0.0, "Total Cost": 1.15, "Plan Rows": 1, "Plan Width": 4, "Filter": "((role)::text = 'costume designer'::text)"}]}]}]}]}]}]}]}, {"Node Type": "Hash", "Parent Relationship": "Inner", "Startup Cost": 169365.79, "Total Cost": 169365.79, "Plan Rows": 2609128, "Plan Width": 29, "Plans": [{"Node Type": "Hash Join", "Parent Relationship": "Outer", "Join Type": "Inner", "Startup Cost": 91673.0, "Total Cost": 169365.79, "Plan Rows": 2609128, "Plan Width": 29, "Inner Unique": true, "Hash Cond": "(mc.movie_id = t.id), (LLVM Optimized)", "Plans": [{"Node Type": "Seq Scan", "Parent Relationship": "Outer", "Relation Name": "movie_companies", "Alias": "mc", "Startup Cost": 0.0, "Total Cost": 41817.28, "Plan Rows": 2609128, "Plan Width": 8}, {"Node Type": "Hash", "Parent Relationship": "Inner", "Startup Cost": 60069.11, "Total Cost": 60069.11, "Plan Rows": 2528311, "Plan Width": 21, "Plans": [{"Node Type": "Seq Scan", "Parent Relationship": "Outer", "Relation Name": "title", "Alias": "t", "Startup Cost": 0.0, "Total Cost": 60069.11, "Plan Rows": 2528311, "Plan Width": 21}]}]}]}]}, {"Node Type": "Hash", "Parent Relationship": "Inner", "Startup Cost": 5903.45, "Total Cost": 5903.45, "Plan Rows": 85170, "Plan Width": 4, "Plans": [{"Node Type": "Seq Scan", "Parent Relationship": "Outer", "Relation Name": "company_name", "Alias": "cn", "Startup Cost": 0.0, "Total Cost": 5903.45, "Plan Rows": 85170, "Plan Width": 4, "Filter": "((country_code)::text = '[us]'::text)"}]}]}]}, "Unique SQL Id": 2457761703, "Planner Runtime": 153}, "explain_analyze_plan": {"Plan": {"Node Type": "Aggregate", "Strategy": "Plain", "Startup Cost": 528738.29, "Total Cost": 528738.3, "Plan Rows": 1, "Plan Width": 97, "Actual Min Startup Time": 6856.27, "Actual Max Startup Time": 6856.27, "Actual Min Total Time": 6856.271, "Actual Max Total Time": 6856.271, "Plans": [{"Node Type": "Hash Join", "Parent Relationship": "Outer", "Join Type": "Inner", "Startup Cost": 336662.4, "Total Cost": 526952.8, "Plan Rows": 357098, "Plan Width": 33, "Actual Min Startup Time": 5249.401, "Actual Max Startup Time": 5249.401, "Actual Min Total Time": 6705.964, "Actual Max Total Time": 6705.964, "Inner Unique": true, "Hash Cond": "(mc.company_id = cn.id), (LLVM Optimized, Jit Execute)", "Plans": [{"Node Type": "Hash Join", "Parent Relationship": "Outer", "Join Type": "Inner", "Startup Cost": 329694.33, "Total Cost": 513689.03, "Plan Rows": 726589, "Plan Width": 37, "Actual Min Startup Time": 5130.68, "Actual Max Startup Time": 5130.68, "Actual Min Total Time": 6388.767, "Actual Max Total Time": 6388.767, "Inner Unique": false, "Hash Cond": "(ci.movie_id = t.id), (LLVM Optimized, Jit Execute)", "Plans": [{"Node Type": "Streaming(type: LOCAL GATHER dop: 1/64)", "Parent Relationship": "Outer", "Startup Cost": 254738.78, "Total Cost": 417857.9, "Plan Rows": 1484588, "Plan Width": 20, "Actual Min Startup Time": 0.186, "Actual Max Startup Time": 0.186, "Actual Min Total Time": 983.556, "Actual Max Total Time": 983.556, "Plans": [{"Node Type": "Hash Join", "Parent Relationship": "Outer", "Join Type": "Inner", "Startup Cost": 254738.78, "Total Cost": 387231.02, "Plan Rows": 1484588, "Plan Width": 20, "Actual Min Startup Time": 2904.02, "Actual Max Startup Time": 5001.056, "Actual Min Total Time": 4507.096, "Actual Max Total Time": 6552.353, "Inner Unique": false, "Hash Cond": "(an1.person_id = ci.person_id), (LLVM Optimized, Jit Execute)", "Plans": [{"Node Type": "Streaming(type: LOCAL REDISTRIBUTE dop: 64/1)", "Parent Relationship": "Outer", "Startup Cost": 202522.7, "Total Cost": 334446.0, "Plan Rows": 901342, "Plan Width": 24, "Actual Min Startup Time": 2648.309, "Actual Max Startup Time": 2658.987, "Actual Min Total Time": 4210.018, "Actual Max Total Time": 5937.182, "Plans": [{"Node Type": "Hash Join", "Parent Relationship": "Outer", "Join Type": "Inner", "Startup Cost": 202522.7, "Total Cost": 234824.58, "Plan Rows": 901342, "Plan Width": 24, "Actual Min Startup Time": 2900.815, "Actual Max Startup Time": 2900.815, "Actual Min Total Time": 3642.451, "Actual Max Total Time": 3642.451, "Inner Unique": true, "Hash Cond": "(an1.person_id = n1.id), (LLVM Optimized, Jit Execute)", "Plans": [{"Node Type": "Seq Scan", "Parent Relationship": "Outer", "Relation Name": "aka_name", "Alias": "an1", "Startup Cost": 0.0, "Total Cost": 19908.42, "Plan Rows": 901342, "Plan Width": 20, "Actual Min Startup Time": 0.033, "Actual Max Startup Time": 0.033, "Actual Min Total Time": 226.164, "Actual Max Total Time": 226.164, "Actual Rows": 901342}, {"Node Type": "Hash", "Parent Relationship": "Inner", "Startup Cost": 150429.08, "Total Cost": 150429.08, "Plan Rows": 4167490, "Plan Width": 4, "Actual Min Startup Time": 2898.206, "Actual Max Startup Time": 2898.206, "Actual Min Total Time": 2898.206, "Actual Max Total Time": 2898.206, "Max Hash Buckets": 4194304, "Min Hash Buckets": 4194304, "Max Hash Batches": 1, "Min Hash Batches": 1, "Max Original Hash Batches": 1, "Min Original Hash Batches": 1, "Max Peak Memory Usage": 146514, "min Peak Memory Usage": 146514, "Plans": [{"Node Type": "Streaming(type: LOCAL GATHER dop: 1/64)", "Parent Relationship": "Outer", "Startup Cost": 0.0, "Total Cost": 150429.08, "Plan Rows": 4167490, "Plan Width": 4, "Actual Min Startup Time": 0.152, "Actual Max Startup Time": 0.152, "Actual Min Total Time": 1744.697, "Actual Max Total Time": 1744.697, "Plans": [{"Node Type": "Seq Scan", "Parent Relationship": "Outer", "Relation Name": "name", "Alias": "n1", "Startup Cost": 0.0, "Total Cost": 64454.25, "Plan Rows": 4167490, "Plan Width": 4, "Actual Min Startup Time": 0.018, "Actual Max Startup Time": 0.044, "Actual Min Total Time": 18.96, "Actual Max Total Time": 23.576, "Actual Rows": 4167490}], "Actual Rows": 4167490}], "Actual Rows": 4167490}], "Actual Rows": 901342}], "Actual Rows": 901342}, {"Node Type": "Hash", "Parent Relationship": "Inner", "Startup Cost": 203464.29, "Total Cost": 203464.29, "Plan Rows": 3296318, "Plan Width": 8, "Actual Min Startup Time": 251.014, "Actual Max Startup Time": 617.726, "Actual Min Total Time": 251.014, "Actual Max Total Time": 617.726, "Max Hash Buckets": 65536, "Min Hash Buckets": 65536, "Max Hash Batches": 1, "Min Hash Batches": 1, "Max Original Hash Batches": 1, "Min Original Hash Batches": 1, "Max Peak Memory Usage": 153, "min Peak Memory Usage": 153, "Plans": [{"Node Type": "Streaming(type: LOCAL REDISTRIBUTE dop: 64/64)", "Parent Relationship": "Outer", "Startup Cost": 63002.48, "Total Cost": 203464.29, "Plan Rows": 3296318, "Plan Width": 8, "Actual Min Startup Time": 0.126, "Actual Max Startup Time": 331.621, "Actual Min Total Time": 250.064, "Actual Max Total Time": 616.635, "Plans": [{"Node Type": "Hash Join", "Parent Relationship": "Outer", "Join Type": "Inner", "Startup Cost": 63002.48, "Total Cost": 137341.8, "Plan Rows": 3296318, "Plan Width": 8, "Actual Min Startup Time": 184.436, "Actual Max Startup Time": 286.242, "Actual Min Total Time": 231.359, "Actual Max Total Time": 286.242, "Inner Unique": true, "Hash Cond": "(ci.role_id = rt.id), (LLVM Optimized, Jit Execute)", "Plans": [{"Node Type": "Seq Scan", "Parent Relationship": "Outer", "Relation Name": "cast_info", "Alias": "ci", "Startup Cost": 0.0, "Total Cost": 72404.34, "Plan Rows": 36259494, "Plan Width": 12, "Actual Min Startup Time": 0.027, "Actual Max Startup Time": 0.061, "Actual Min Total Time": 127.977, "Actual Max Total Time": 141.649, "Actual Rows": 36244343}, {"Node Type": "Hash", "Parent Relationship": "Inner", "Startup Cost": 63002.47, "Total Cost": 63002.47, "Plan Rows": 64, "Plan Width": 4, "Actual Min Startup Time": 0.012, "Actual Max Startup Time": 54.189, "Actual Min Total Time": 0.012, "Actual Max Total Time": 54.189, "Max Hash Buckets": 32768, "Min Hash Buckets": 32768, "Max Hash Batches": 1, "Min Hash Batches": 1, "Max Original Hash Batches": 1, "Min Original Hash Batches": 1, "Max Peak Memory Usage": 1, "min Peak Memory Usage": 1, "Plans": [{"Node Type": "Streaming(type: BROADCAST dop: 64/1)", "Parent Relationship": "Outer", "Startup Cost": 0.0, "Total Cost": 63002.47, "Plan Rows": 64, "Plan Width": 4, "Actual Min Startup Time": 0.003, "Actual Max Startup Time": 54.169, "Actual Min Total Time": 0.004, "Actual Max Total Time": 54.17, "Plans": [{"Node Type": "Seq Scan", "Parent Relationship": "Outer", "Relation Name": "role_type", "Alias": "rt", "Startup Cost": 0.0, "Total Cost": 1.15, "Plan Rows": 1, "Plan Width": 4, "Actual Min Startup Time": 0.026, "Actual Max Startup Time": 0.026, "Actual Min Total Time": 0.03, "Actual Max Total Time": 0.03, "Filter": "((role)::text = 'costume designer'::text)", "Rows Removed by Filter": 11, "Actual Rows": 1}], "Actual Rows": 64}], "Actual Rows": 64}], "Actual Rows": 276403}], "Actual Rows": 276403}], "Actual Rows": 276403}], "Actual Rows": 218966}], "Actual Rows": 218966}, {"Node Type": "Hash", "Parent Relationship": "Inner", "Startup Cost": 169365.79, "Total Cost": 169365.79, "Plan Rows": 2609128, "Plan Width": 29, "Actual Min Startup Time": 5122.871, "Actual Max Startup Time": 5122.871, "Actual Min Total Time": 5122.871, "Actual Max Total Time": 5122.871, "Max Hash Buckets": 4194304, "Min Hash Buckets": 4194304, "Max Hash Batches": 1, "Min Hash Batches": 1, "Max Original Hash Batches": 1, "Min Original Hash Batches": 1, "Max Peak Memory Usage": 164769, "min Peak Memory Usage": 164769, "Plans": [{"Node Type": "Hash Join", "Parent Relationship": "Outer", "Join Type": "Inner", "Startup Cost": 91673.0, "Total Cost": 169365.79, "Plan Rows": 2609128, "Plan Width": 29, "Actual Min Startup Time": 1876.312, "Actual Max Startup Time": 1876.312, "Actual Min Total Time": 4112.233, "Actual Max Total Time": 4112.233, "Inner Unique": true, "Hash Cond": "(mc.movie_id = t.id), (LLVM Optimized, Jit Execute)", "Plans": [{"Node Type": "Seq Scan", "Parent Relationship": "Outer", "Relation Name": "movie_companies", "Alias": "mc", "Startup Cost": 0.0, "Total Cost": 41817.28, "Plan Rows": 2609128, "Plan Width": 8, "Actual Min Startup Time": 0.034, "Actual Max Startup Time": 0.034, "Actual Min Total Time": 589.387, "Actual Max Total Time": 589.387, "Actual Rows": 2609128}, {"Node Type": "Hash", "Parent Relationship": "Inner", "Startup Cost": 60069.11, "Total Cost": 60069.11, "Plan Rows": 2528311, "Plan Width": 21, "Actual Min Startup Time": 1873.717, "Actual Max Startup Time": 1873.717, "Actual Min Total Time": 1873.717, "Actual Max Total Time": 1873.717, "Max Hash Buckets": 4194304, "Min Hash Buckets": 4194304, "Max Hash Batches": 1, "Min Hash Batches": 1, "Max Original Hash Batches": 1, "Min Original Hash Batches": 1, "Max Peak Memory Usage": 135869, "min Peak Memory Usage": 135869, "Plans": [{"Node Type": "Seq Scan", "Parent Relationship": "Outer", "Relation Name": "title", "Alias": "t", "Startup Cost": 0.0, "Total Cost": 60069.11, "Plan Rows": 2528311, "Plan Width": 21, "Actual Min Startup Time": 0.031, "Actual Max Startup Time": 0.031, "Actual Min Total Time": 853.163, "Actual Max Total Time": 853.163, "Actual Rows": 2528311}], "Actual Rows": 2528311}], "Actual Rows": 2609128}], "Actual Rows": 2609128}], "Actual Rows": 752819}, {"Node Type": "Hash", "Parent Relationship": "Inner", "Startup Cost": 5903.45, "Total Cost": 5903.45, "Plan Rows": 85170, "Plan Width": 4, "Actual Min Startup Time": 118.572, "Actual Max Startup Time": 118.572, "Actual Min Total Time": 118.572, "Actual Max Total Time": 118.572, "Max Hash Buckets": 131072, "Min Hash Buckets": 131072, "Max Hash Batches": 1, "Min Hash Batches": 1, "Max Original Hash Batches": 1, "Min Original Hash Batches": 1, "Max Peak Memory Usage": 2983, "min Peak Memory Usage": 2983, "Plans": [{"Node Type": "Seq Scan", "Parent Relationship": "Outer", "Relation Name": "company_name", "Alias": "cn", "Startup Cost": 0.0, "Total Cost": 5903.45, "Plan Rows": 85170, "Plan Width": 4, "Actual Min Startup Time": 0.062, "Actual Max Startup Time": 0.062, "Actual Min Total Time": 96.64, "Actual Max Total Time": 96.64, "Filter": "((country_code)::text = '[us]'::text)", "Rows Removed by Filter": 150153, "Actual Rows": 84843}], "Actual Rows": 84843}], "Actual Rows": 323005}], "Actual Rows": 1}, "Triggers": [], "Planner Runtime": 175.338, "Total Runtime": 6911.384, "Unique SQL Id": 2457761703}}, "(64, '103')": {"explain_plan": {"Plan": {"Node Type": "Aggregate", "Strategy": "Plain", "Startup Cost": 1013578.73, "Total Cost": 1013578.74, "Plan Rows": 1, "Plan Width": 97, "Plans": [{"Node Type": "Hash Join", "Parent Relationship": "Outer", "Join Type": "Inner", "Startup Cost": 985285.55, "Total Cost": 1011793.24, "Plan Rows": 357098, "Plan Width": 33, "Inner Unique": false, "Hash Cond": "(an1.person_id = n1.id), (LLVM Optimized)", "Plans": [{"Node Type": "Bitmap Heap Scan", "Parent Relationship": "Outer", "Relation Name": "aka_name", "Alias": "an1", "Startup Cost": 16632.3, "Total Cost": 36540.72, "Plan Rows": 901342, "Plan Width": 20, "Plans": [{"Node Type": "Bitmap Index Scan", "Parent Relationship": "Outer", "Index Name": "person_id_aka_name", "Startup Cost": 0.0, "Total Cost": 16406.96, "Plan Rows": 901342, "Plan Width": 0}]}, {"Node Type": "Hash", "Parent Relationship": "Inner", "Startup Cost": 959772.51, "Total Cost": 959772.51, "Plan Rows": 710459, "Plan Width": 25, "Plans": [{"Node Type": "Hash Join", "Parent Relationship": "Outer", "Join Type": "Inner", "Startup Cost": 607483.06, "Total Cost": 959772.51, "Plan Rows": 710459, "Plan Width": 25, "Inner Unique": true, "Hash Cond": "(ci.person_id = n1.id), (LLVM Optimized)", "Plans": [{"Node Type": "Hash Join", "Parent Relationship": "Outer", "Join Type": "Inner", "Startup Cost": 378117.96, "Total Cost": 720638.61, "Plan Rows": 710459, "Plan Width": 21, "Inner Unique": false, "Hash Cond": "(ci.movie_id = t.id), (LLVM Optimized)", "Plans": [{"Node Type": "Nested Loop", "Parent Relationship": "Outer", "Join Type": "Inner", "Startup Cost": 76315.02, "Total Cost": 389769.33, "Plan Rows": 3296318, "Plan Width": 8, "Inner Unique": false, "Plans": [{"Node Type": "Bitmap Heap Scan", "Parent Relationship": "Outer", "Relation Name": "role_type", "Alias": "rt", "Startup Cost": 8.31, "Total Cost": 12.46, "Plan Rows": 1, "Plan Width": 4, "Filter": "((role)::text = 'costume designer'::text)", "Plans": [{"Node Type": "Bitmap Index Scan", "Parent Relationship": "Outer", "Index Name": "role_type_pkey", "Startup Cost": 0.0, "Total Cost": 8.31, "Plan Rows": 12, "Plan Width": 0}]}, {"Node Type": "Bitmap Heap Scan", "Parent Relationship": "Inner", "Relation Name": "cast_info", "Alias": "ci", "Startup Cost": 76306.71, "Total Cost": 356793.69, "Plan Rows": 3296318, "Plan Width": 12, "Recheck Cond": "(role_id = rt.id), (LLVM Optimized)", "Plans": [{"Node Type": "Bitmap Index Scan", "Parent Relationship": "Outer", "Index Name": "role_id_cast_info", "Startup Cost": 0.0, "Total Cost": 75482.63, "Plan Rows": 3296318, "Plan Width": 0, "Index Cond": "(role_id = rt.id)"}]}]}, {"Node Type": "Hash", "Parent Relationship": "Inner", "Startup Cost": 285774.05, "Total Cost": 285774.05, "Plan Rows": 1282311, "Plan Width": 25, "Plans": [{"Node Type": "Hash Join", "Parent Relationship": "Outer", "Join Type": "Inner", "Startup Cost": 203717.65, "Total Cost": 285774.05, "Plan Rows": 1282311, "Plan Width": 25, "Inner Unique": true, "Hash Cond": "(mc.movie_id = t.id), (LLVM Optimized)", "Plans": [{"Node Type": "Hash Join", "Parent Relationship": "Outer", "Join Type": "Inner", "Startup Cost": 61758.77, "Total Cost": 126183.39, "Plan Rows": 1282311, "Plan Width": 4, "Inner Unique": true, "Hash Cond": "(mc.company_id = cn.id), (LLVM Optimized)", "Plans": [{"Node Type": "Bitmap Heap Scan", "Parent Relationship": "Outer", "Relation Name": "movie_companies", "Alias": "mc", "Startup Cost": 51990.17, "Total Cost": 93807.45, "Plan Rows": 2609128, "Plan Width": 8, "Plans": [{"Node Type": "Bitmap Index Scan", "Parent Relationship": "Outer", "Index Name": "movie_id_movie_companies", "Startup Cost": 0.0, "Total Cost": 51337.89, "Plan Rows": 2609128, "Plan Width": 0}]}, {"Node Type": "Hash", "Parent Relationship": "Inner", "Startup Cost": 8703.97, "Total Cost": 8703.97, "Plan Rows": 85170, "Plan Width": 4, "Plans": [{"Node Type": "Bitmap Heap Scan", "Parent Relationship": "Outer", "Relation Name": "company_name", "Alias": "cn", "Startup Cost": 2800.52, "Total Cost": 8703.97, "Plan Rows": 85170, "Plan Width": 4, "Filter": "((country_code)::text = '[us]'::text)", "Plans": [{"Node Type": "Bitmap Index Scan", "Parent Relationship": "Outer", "Index Name": "company_name_pkey", "Startup Cost": 0.0, "Total Cost": 2779.23, "Plan Rows": 234996, "Plan Width": 0}]}]}]}, {"Node Type": "Hash", "Parent Relationship": "Inner", "Startup Cost": 110354.99, "Total Cost": 110354.99, "Plan Rows": 2528311, "Plan Width": 21, "Plans": [{"Node Type": "Bitmap Heap Scan", "Parent Relationship": "Outer", "Relation Name": "title", "Alias": "t", "Startup Cost": 50285.88, "Total Cost": 110354.99, "Plan Rows": 2528311, "Plan Width": 21, "Plans": [{"Node Type": "Bitmap Index Scan", "Parent Relationship": "Outer", "Index Name": "title_pkey", "Startup Cost": 0.0, "Total Cost": 49653.81, "Plan Rows": 2528311, "Plan Width": 0}]}]}]}]}]}, {"Node Type": "Hash", "Parent Relationship": "Inner", "Startup Cost": 177271.47, "Total Cost": 177271.47, "Plan Rows": 4167490, "Plan Width": 4, "Plans": [{"Node Type": "Bitmap Heap Scan", "Parent Relationship": "Outer", "Relation Name": "name", "Alias": "n1", "Startup Cost": 84199.57, "Total Cost": 177271.47, "Plan Rows": 4167490, "Plan Width": 4, "Plans": [{"Node Type": "Bitmap Index Scan", "Parent Relationship": "Outer", "Index Name": "name_pkey", "Startup Cost": 0.0, "Total Cost": 83157.7, "Plan Rows": 4167490, "Plan Width": 0}]}]}]}]}]}]}, "Unique SQL Id": 2457761703, "Planner Runtime": 49}, "explain_analyze_plan": {"Plan": {"Node Type": "Aggregate", "Strategy": "Plain", "Startup Cost": 1013578.73, "Total Cost": 1013578.74, "Plan Rows": 1, "Plan Width": 97, "Actual Startup Time": 11264.918, "Actual Total Time": 11264.918, "Actual Rows": 1, "Actual Loops": 1, "Plans": [{"Node Type": "Hash Join", "Parent Relationship": "Outer", "Join Type": "Inner", "Startup Cost": 985285.55, "Total Cost": 1011793.24, "Plan Rows": 357098, "Plan Width": 33, "Actual Startup Time": 10449.451, "Actual Total Time": 11120.29, "Actual Rows": 323005, "Actual Loops": 1, "Inner Unique": false, "Hash Cond": "(an1.person_id = n1.id), (LLVM Optimized, Jit Execute)", "Plans": [{"Node Type": "Bitmap Heap Scan", "Parent Relationship": "Outer", "Relation Name": "aka_name", "Alias": "an1", "Startup Cost": 16632.3, "Total Cost": 36540.72, "Plan Rows": 901342, "Plan Width": 20, "Actual Startup Time": 86.655, "Actual Total Time": 456.24, "Actual Rows": 901342, "Actual Loops": 1, "Exact Heap Blocks": 10895, "Lossy Heap Blocks": 10895, "Plans": [{"Node Type": "Bitmap Index Scan", "Parent Relationship": "Outer", "Index Name": "person_id_aka_name", "Startup Cost": 0.0, "Total Cost": 16406.96, "Plan Rows": 901342, "Plan Width": 0, "Actual Startup Time": 84.727, "Actual Total Time": 84.727, "Actual Rows": 901342, "Actual Loops": 1}]}, {"Node Type": "Hash", "Parent Relationship": "Inner", "Startup Cost": 959772.51, "Total Cost": 959772.51, "Plan Rows": 710459, "Plan Width": 25, "Actual Startup Time": 10352.095, "Actual Total Time": 10352.095, "Actual Rows": 285537, "Actual Loops": 1, "Hash Buckets": 1048576, "Hash Batches": 1, "Original Hash Batches": 1, "Peak Memory Usage": 15952, "Plans": [{"Node Type": "Hash Join", "Parent Relationship": "Outer", "Join Type": "Inner", "Startup Cost": 607483.06, "Total Cost": 959772.51, "Plan Rows": 710459, "Plan Width": 25, "Actual Startup Time": 9843.537, "Actual Total Time": 10265.582, "Actual Rows": 285537, "Actual Loops": 1, "Inner Unique": true, "Hash Cond": "(ci.person_id = n1.id), (LLVM Optimized, Jit Execute)", "Plans": [{"Node Type": "Hash Join", "Parent Relationship": "Outer", "Join Type": "Inner", "Startup Cost": 378117.96, "Total Cost": 720638.61, "Plan Rows": 710459, "Plan Width": 21, "Actual Startup Time": 5910.918, "Actual Total Time": 6214.846, "Actual Rows": 285537, "Actual Loops": 1, "Inner Unique": false, "Hash Cond": "(ci.movie_id = t.id), (LLVM Optimized, Jit Execute)", "Plans": [{"Node Type": "Nested Loop", "Parent Relationship": "Outer", "Join Type": "Inner", "Startup Cost": 76315.02, "Total Cost": 389769.33, "Plan Rows": 3296318, "Plan Width": 8, "Actual Startup Time": 31.082, "Actual Total Time": 165.745, "Actual Rows": 276403, "Actual Loops": 1, "Inner Unique": false, "Plans": [{"Node Type": "Bitmap Heap Scan", "Parent Relationship": "Outer", "Relation Name": "role_type", "Alias": "rt", "Startup Cost": 8.31, "Total Cost": 12.46, "Plan Rows": 1, "Plan Width": 4, "Actual Startup Time": 0.193, "Actual Total Time": 0.203, "Actual Rows": 1, "Actual Loops": 1, "Filter": "((role)::text = 'costume designer'::text)", "Rows Removed by Filter": 11, "Exact Heap Blocks": 1, "Lossy Heap Blocks": 1, "Plans": [{"Node Type": "Bitmap Index Scan", "Parent Relationship": "Outer", "Index Name": "role_type_pkey", "Startup Cost": 0.0, "Total Cost": 8.31, "Plan Rows": 12, "Plan Width": 0, "Actual Startup Time": 0.039, "Actual Total Time": 0.039, "Actual Rows": 12, "Actual Loops": 1}]}, {"Node Type": "Bitmap Heap Scan", "Parent Relationship": "Inner", "Relation Name": "cast_info", "Alias": "ci", "Startup Cost": 76306.71, "Total Cost": 356793.69, "Plan Rows": 3296318, "Plan Width": 12, "Actual Startup Time": 30.799, "Actual Total Time": 115.725, "Actual Rows": 276403, "Actual Loops": 1, "Recheck Cond": "(role_id = rt.id), (LLVM Optimized, Jit Execute)", "Rows Removed by Index Recheck": 0, "Exact Heap Blocks": 1654, "Lossy Heap Blocks": 1654, "Plans": [{"Node Type": "Bitmap Index Scan", "Parent Relationship": "Outer", "Index Name": "role_id_cast_info", "Startup Cost": 0.0, "Total Cost": 75482.63, "Plan Rows": 3296318, "Plan Width": 0, "Actual Startup Time": 30.445, "Actual Total Time": 30.445, "Actual Rows": 276403, "Actual Loops": 1, "Index Cond": "(role_id = rt.id)"}]}]}, {"Node Type": "Hash", "Parent Relationship": "Inner", "Startup Cost": 285774.05, "Total Cost": 285774.05, "Plan Rows": 1282311, "Plan Width": 25, "Actual Startup Time": 5872.757, "Actual Total Time": 5872.757, "Actual Rows": 1153797, "Actual Loops": 1, "Hash Buckets": 2097152, "Hash Batches": 1, "Original Hash Batches": 1, "Peak Memory Usage": 68508, "Plans": [{"Node Type": "Hash Join", "Parent Relationship": "Outer", "Join Type": "Inner", "Startup Cost": 203717.65, "Total Cost": 285774.05, "Plan Rows": 1282311, "Plan Width": 25, "Actual Startup Time": 2870.037, "Actual Total Time": 5345.899, "Actual Rows": 1153797, "Actual Loops": 1, "Inner Unique": true, "Hash Cond": "(mc.movie_id = t.id), (LLVM Optimized, Jit Execute)", "Plans": [{"Node Type": "Hash Join", "Parent Relationship": "Outer", "Join Type": "Inner", "Startup Cost": 61758.77, "Total Cost": 126183.39, "Plan Rows": 1282311, "Plan Width": 4, "Actual Startup Time": 407.486, "Actual Total Time": 2061.138, "Actual Rows": 1153797, "Actual Loops": 1, "Inner Unique": true, "Hash Cond": "(mc.company_id = cn.id), (LLVM Optimized, Jit Execute)", "Plans": [{"Node Type": "Bitmap Heap Scan", "Parent Relationship": "Outer", "Relation Name": "movie_companies", "Alias": "mc", "Startup Cost": 51990.17, "Total Cost": 93807.45, "Plan Rows": 2609128, "Plan Width": 8, "Actual Startup Time": 218.976, "Actual Total Time": 1032.887, "Actual Rows": 2609128, "Actual Loops": 1, "Exact Heap Blocks": 15726, "Lossy Heap Blocks": 15726, "Plans": [{"Node Type": "Bitmap Index Scan", "Parent Relationship": "Outer", "Index Name": "movie_id_movie_companies", "Startup Cost": 0.0, "Total Cost": 51337.89, "Plan Rows": 2609128, "Plan Width": 0, "Actual Startup Time": 215.319, "Actual Total Time": 215.319, "Actual Rows": 2609128, "Actual Loops": 1}]}, {"Node Type": "Hash", "Parent Relationship": "Inner", "Startup Cost": 8703.97, "Total Cost": 8703.97, "Plan Rows": 85170, "Plan Width": 4, "Actual Startup Time": 188.354, "Actual Total Time": 188.354, "Actual Rows": 84843, "Actual Loops": 1, "Hash Buckets": 131072, "Hash Batches": 1, "Original Hash Batches": 1, "Peak Memory Usage": 2983, "Plans": [{"Node Type": "Bitmap Heap Scan", "Parent Relationship": "Outer", "Relation Name": "company_name", "Alias": "cn", "Startup Cost": 2800.52, "Total Cost": 8703.97, "Plan Rows": 85170, "Plan Width": 4, "Actual Startup Time": 23.217, "Actual Total Time": 166.474, "Actual Rows": 84843, "Actual Loops": 1, "Filter": "((country_code)::text = '[us]'::text)", "Rows Removed by Filter": 150153, "Exact Heap Blocks": 2966, "Lossy Heap Blocks": 2966, "Plans": [{"Node Type": "Bitmap Index Scan", "Parent Relationship": "Outer", "Index Name": "company_name_pkey", "Startup Cost": 0.0, "Total Cost": 2779.23, "Plan Rows": 234996, "Plan Width": 0, "Actual Startup Time": 22.756, "Actual Total Time": 22.756, "Actual Rows": 234996, "Actual Loops": 1}]}]}]}, {"Node Type": "Hash", "Parent Relationship": "Inner", "Startup Cost": 110354.99, "Total Cost": 110354.99, "Plan Rows": 2528311, "Plan Width": 21, "Actual Startup Time": 2460.02, "Actual Total Time": 2460.02, "Actual Rows": 2528311, "Actual Loops": 1, "Hash Buckets": 4194304, "Hash Batches": 1, "Original Hash Batches": 1, "Peak Memory Usage": 135869, "Plans": [{"Node Type": "Bitmap Heap Scan", "Parent Relationship": "Outer", "Relation Name": "title", "Alias": "t", "Startup Cost": 50285.88, "Total Cost": 110354.99, "Plan Rows": 2528311, "Plan Width": 21, "Actual Startup Time": 309.032, "Actual Total Time": 1577.676, "Actual Rows": 2528311, "Actual Loops": 1, "Exact Heap Blocks": 34786, "Lossy Heap Blocks": 34786, "Plans": [{"Node Type": "Bitmap Index Scan", "Parent Relationship": "Outer", "Index Name": "title_pkey", "Startup Cost": 0.0, "Total Cost": 49653.81, "Plan Rows": 2528311, "Plan Width": 0, "Actual Startup Time": 301.267, "Actual Total Time": 301.267, "Actual Rows": 2528311, "Actual Loops": 1}]}]}]}]}]}, {"Node Type": "Hash", "Parent Relationship": "Inner", "Startup Cost": 177271.47, "Total Cost": 177271.47, "Plan Rows": 4167490, "Plan Width": 4, "Actual Startup Time": 3930.097, "Actual Total Time": 3930.097, "Actual Rows": 4167490, "Actual Loops": 1, "Hash Buckets": 4194304, "Hash Batches": 1, "Original Hash Batches": 1, "Peak Memory Usage": 146514, "Plans": [{"Node Type": "Bitmap Heap Scan", "Parent Relationship": "Outer", "Relation Name": "name", "Alias": "n1", "Startup Cost": 84199.57, "Total Cost": 177271.47, "Plan Rows": 4167490, "Plan Width": 4, "Actual Startup Time": 388.385, "Actual Total Time": 2366.077, "Actual Rows": 4167490, "Actual Loops": 1, "Exact Heap Blocks": 51397, "Lossy Heap Blocks": 51397, "Plans": [{"Node Type": "Bitmap Index Scan", "Parent Relationship": "Outer", "Index Name": "name_pkey", "Startup Cost": 0.0, "Total Cost": 83157.7, "Plan Rows": 4167490, "Plan Width": 0, "Actual Startup Time": 376.574, "Actual Total Time": 376.574, "Actual Rows": 4167490, "Actual Loops": 1}]}]}]}]}]}]}, "Triggers": [], "Planner Runtime": 72.542, "Total Runtime": 11277.09, "Unique SQL Id": 2457761703}}, "(64, '104')": {"explain_plan": {"Plan": {"Node Type": "Aggregate", "Strategy": "Plain", "Startup Cost": 528738.29, "Total Cost": 528738.3, "Plan Rows": 1, "Plan Width": 97, "Plans": [{"Node Type": "Hash Join", "Parent Relationship": "Outer", "Join Type": "Inner", "Startup Cost": 336662.4, "Total Cost": 526952.8, "Plan Rows": 357098, "Plan Width": 33, "Inner Unique": true, "Hash Cond": "(mc.company_id = cn.id), (LLVM Optimized)", "Plans": [{"Node Type": "Hash Join", "Parent Relationship": "Outer", "Join Type": "Inner", "Startup Cost": 329694.33, "Total Cost": 513689.03, "Plan Rows": 726589, "Plan Width": 37, "Inner Unique": false, "Hash Cond": "(ci.movie_id = t.id), (LLVM Optimized)", "Plans": [{"Node Type": "Streaming(type: LOCAL GATHER dop: 1/64)", "Parent Relationship": "Outer", "Startup Cost": 254738.78, "Total Cost": 417857.9, "Plan Rows": 1484588, "Plan Width": 20, "Plans": [{"Node Type": "Hash Join", "Parent Relationship": "Outer", "Join Type": "Inner", "Startup Cost": 254738.78, "Total Cost": 387231.02, "Plan Rows": 1484588, "Plan Width": 20, "Inner Unique": false, "Hash Cond": "(an1.person_id = ci.person_id), (LLVM Optimized)", "Plans": [{"Node Type": "Streaming(type: LOCAL REDISTRIBUTE dop: 64/1)", "Parent Relationship": "Outer", "Startup Cost": 202522.7, "Total Cost": 334446.0, "Plan Rows": 901342, "Plan Width": 24, "Plans": [{"Node Type": "Hash Join", "Parent Relationship": "Outer", "Join Type": "Inner", "Startup Cost": 202522.7, "Total Cost": 234824.58, "Plan Rows": 901342, "Plan Width": 24, "Inner Unique": true, "Hash Cond": "(an1.person_id = n1.id), (LLVM Optimized)", "Plans": [{"Node Type": "Seq Scan", "Parent Relationship": "Outer", "Relation Name": "aka_name", "Alias": "an1", "Startup Cost": 0.0, "Total Cost": 19908.42, "Plan Rows": 901342, "Plan Width": 20}, {"Node Type": "Hash", "Parent Relationship": "Inner", "Startup Cost": 150429.08, "Total Cost": 150429.08, "Plan Rows": 4167490, "Plan Width": 4, "Plans": [{"Node Type": "Streaming(type: LOCAL GATHER dop: 1/64)", "Parent Relationship": "Outer", "Startup Cost": 0.0, "Total Cost": 150429.08, "Plan Rows": 4167490, "Plan Width": 4, "Plans": [{"Node Type": "Seq Scan", "Parent Relationship": "Outer", "Relation Name": "name", "Alias": "n1", "Startup Cost": 0.0, "Total Cost": 64454.25, "Plan Rows": 4167490, "Plan Width": 4}]}]}]}]}, {"Node Type": "Hash", "Parent Relationship": "Inner", "Startup Cost": 203464.29, "Total Cost": 203464.29, "Plan Rows": 3296318, "Plan Width": 8, "Plans": [{"Node Type": "Streaming(type: LOCAL REDISTRIBUTE dop: 64/64)", "Parent Relationship": "Outer", "Startup Cost": 63002.48, "Total Cost": 203464.29, "Plan Rows": 3296318, "Plan Width": 8, "Plans": [{"Node Type": "Hash Join", "Parent Relationship": "Outer", "Join Type": "Inner", "Startup Cost": 63002.48, "Total Cost": 137341.8, "Plan Rows": 3296318, "Plan Width": 8, "Inner Unique": true, "Hash Cond": "(ci.role_id = rt.id), (LLVM Optimized)", "Plans": [{"Node Type": "Seq Scan", "Parent Relationship": "Outer", "Relation Name": "cast_info", "Alias": "ci", "Startup Cost": 0.0, "Total Cost": 72404.34, "Plan Rows": 36259494, "Plan Width": 12}, {"Node Type": "Hash", "Parent Relationship": "Inner", "Startup Cost": 63002.47, "Total Cost": 63002.47, "Plan Rows": 64, "Plan Width": 4, "Plans": [{"Node Type": "Streaming(type: BROADCAST dop: 64/1)", "Parent Relationship": "Outer", "Startup Cost": 0.0, "Total Cost": 63002.47, "Plan Rows": 64, "Plan Width": 4, "Plans": [{"Node Type": "Seq Scan", "Parent Relationship": "Outer", "Relation Name": "role_type", "Alias": "rt", "Startup Cost": 0.0, "Total Cost": 1.15, "Plan Rows": 1, "Plan Width": 4, "Filter": "((role)::text = 'costume designer'::text)"}]}]}]}]}]}]}]}, {"Node Type": "Hash", "Parent Relationship": "Inner", "Startup Cost": 169365.79, "Total Cost": 169365.79, "Plan Rows": 2609128, "Plan Width": 29, "Plans": [{"Node Type": "Hash Join", "Parent Relationship": "Outer", "Join Type": "Inner", "Startup Cost": 91673.0, "Total Cost": 169365.79, "Plan Rows": 2609128, "Plan Width": 29, "Inner Unique": true, "Hash Cond": "(mc.movie_id = t.id), (LLVM Optimized)", "Plans": [{"Node Type": "Seq Scan", "Parent Relationship": "Outer", "Relation Name": "movie_companies", "Alias": "mc", "Startup Cost": 0.0, "Total Cost": 41817.28, "Plan Rows": 2609128, "Plan Width": 8}, {"Node Type": "Hash", "Parent Relationship": "Inner", "Startup Cost": 60069.11, "Total Cost": 60069.11, "Plan Rows": 2528311, "Plan Width": 21, "Plans": [{"Node Type": "Seq Scan", "Parent Relationship": "Outer", "Relation Name": "title", "Alias": "t", "Startup Cost": 0.0, "Total Cost": 60069.11, "Plan Rows": 2528311, "Plan Width": 21}]}]}]}]}, {"Node Type": "Hash", "Parent Relationship": "Inner", "Startup Cost": 5903.45, "Total Cost": 5903.45, "Plan Rows": 85170, "Plan Width": 4, "Plans": [{"Node Type": "Seq Scan", "Parent Relationship": "Outer", "Relation Name": "company_name", "Alias": "cn", "Startup Cost": 0.0, "Total Cost": 5903.45, "Plan Rows": 85170, "Plan Width": 4, "Filter": "((country_code)::text = '[us]'::text)"}]}]}]}, "Unique SQL Id": 2457761703, "Planner Runtime": 151}, "explain_analyze_plan": {"Plan": {"Node Type": "Aggregate", "Strategy": "Plain", "Startup Cost": 528738.29, "Total Cost": 528738.3, "Plan Rows": 1, "Plan Width": 97, "Actual Min Startup Time": 6856.27, "Actual Max Startup Time": 6856.27, "Actual Min Total Time": 6856.271, "Actual Max Total Time": 6856.271, "Plans": [{"Node Type": "Hash Join", "Parent Relationship": "Outer", "Join Type": "Inner", "Startup Cost": 336662.4, "Total Cost": 526952.8, "Plan Rows": 357098, "Plan Width": 33, "Actual Min Startup Time": 5249.401, "Actual Max Startup Time": 5249.401, "Actual Min Total Time": 6705.964, "Actual Max Total Time": 6705.964, "Inner Unique": true, "Hash Cond": "(mc.company_id = cn.id), (LLVM Optimized, Jit Execute)", "Plans": [{"Node Type": "Hash Join", "Parent Relationship": "Outer", "Join Type": "Inner", "Startup Cost": 329694.33, "Total Cost": 513689.03, "Plan Rows": 726589, "Plan Width": 37, "Actual Min Startup Time": 5130.68, "Actual Max Startup Time": 5130.68, "Actual Min Total Time": 6388.767, "Actual Max Total Time": 6388.767, "Inner Unique": false, "Hash Cond": "(ci.movie_id = t.id), (LLVM Optimized, Jit Execute)", "Plans": [{"Node Type": "Streaming(type: LOCAL GATHER dop: 1/64)", "Parent Relationship": "Outer", "Startup Cost": 254738.78, "Total Cost": 417857.9, "Plan Rows": 1484588, "Plan Width": 20, "Actual Min Startup Time": 0.186, "Actual Max Startup Time": 0.186, "Actual Min Total Time": 983.556, "Actual Max Total Time": 983.556, "Plans": [{"Node Type": "Hash Join", "Parent Relationship": "Outer", "Join Type": "Inner", "Startup Cost": 254738.78, "Total Cost": 387231.02, "Plan Rows": 1484588, "Plan Width": 20, "Actual Min Startup Time": 2904.02, "Actual Max Startup Time": 5001.056, "Actual Min Total Time": 4507.096, "Actual Max Total Time": 6552.353, "Inner Unique": false, "Hash Cond": "(an1.person_id = ci.person_id), (LLVM Optimized, Jit Execute)", "Plans": [{"Node Type": "Streaming(type: LOCAL REDISTRIBUTE dop: 64/1)", "Parent Relationship": "Outer", "Startup Cost": 202522.7, "Total Cost": 334446.0, "Plan Rows": 901342, "Plan Width": 24, "Actual Min Startup Time": 2648.309, "Actual Max Startup Time": 2658.987, "Actual Min Total Time": 4210.018, "Actual Max Total Time": 5937.182, "Plans": [{"Node Type": "Hash Join", "Parent Relationship": "Outer", "Join Type": "Inner", "Startup Cost": 202522.7, "Total Cost": 234824.58, "Plan Rows": 901342, "Plan Width": 24, "Actual Min Startup Time": 2900.815, "Actual Max Startup Time": 2900.815, "Actual Min Total Time": 3642.451, "Actual Max Total Time": 3642.451, "Inner Unique": true, "Hash Cond": "(an1.person_id = n1.id), (LLVM Optimized, Jit Execute)", "Plans": [{"Node Type": "Seq Scan", "Parent Relationship": "Outer", "Relation Name": "aka_name", "Alias": "an1", "Startup Cost": 0.0, "Total Cost": 19908.42, "Plan Rows": 901342, "Plan Width": 20, "Actual Min Startup Time": 0.033, "Actual Max Startup Time": 0.033, "Actual Min Total Time": 226.164, "Actual Max Total Time": 226.164, "Actual Rows": 901342}, {"Node Type": "Hash", "Parent Relationship": "Inner", "Startup Cost": 150429.08, "Total Cost": 150429.08, "Plan Rows": 4167490, "Plan Width": 4, "Actual Min Startup Time": 2898.206, "Actual Max Startup Time": 2898.206, "Actual Min Total Time": 2898.206, "Actual Max Total Time": 2898.206, "Max Hash Buckets": 4194304, "Min Hash Buckets": 4194304, "Max Hash Batches": 1, "Min Hash Batches": 1, "Max Original Hash Batches": 1, "Min Original Hash Batches": 1, "Max Peak Memory Usage": 146514, "min Peak Memory Usage": 146514, "Plans": [{"Node Type": "Streaming(type: LOCAL GATHER dop: 1/64)", "Parent Relationship": "Outer", "Startup Cost": 0.0, "Total Cost": 150429.08, "Plan Rows": 4167490, "Plan Width": 4, "Actual Min Startup Time": 0.152, "Actual Max Startup Time": 0.152, "Actual Min Total Time": 1744.697, "Actual Max Total Time": 1744.697, "Plans": [{"Node Type": "Seq Scan", "Parent Relationship": "Outer", "Relation Name": "name", "Alias": "n1", "Startup Cost": 0.0, "Total Cost": 64454.25, "Plan Rows": 4167490, "Plan Width": 4, "Actual Min Startup Time": 0.018, "Actual Max Startup Time": 0.044, "Actual Min Total Time": 18.96, "Actual Max Total Time": 23.576, "Actual Rows": 4167490}], "Actual Rows": 4167490}], "Actual Rows": 4167490}], "Actual Rows": 901342}], "Actual Rows": 901342}, {"Node Type": "Hash", "Parent Relationship": "Inner", "Startup Cost": 203464.29, "Total Cost": 203464.29, "Plan Rows": 3296318, "Plan Width": 8, "Actual Min Startup Time": 251.014, "Actual Max Startup Time": 617.726, "Actual Min Total Time": 251.014, "Actual Max Total Time": 617.726, "Max Hash Buckets": 65536, "Min Hash Buckets": 65536, "Max Hash Batches": 1, "Min Hash Batches": 1, "Max Original Hash Batches": 1, "Min Original Hash Batches": 1, "Max Peak Memory Usage": 153, "min Peak Memory Usage": 153, "Plans": [{"Node Type": "Streaming(type: LOCAL REDISTRIBUTE dop: 64/64)", "Parent Relationship": "Outer", "Startup Cost": 63002.48, "Total Cost": 203464.29, "Plan Rows": 3296318, "Plan Width": 8, "Actual Min Startup Time": 0.126, "Actual Max Startup Time": 331.621, "Actual Min Total Time": 250.064, "Actual Max Total Time": 616.635, "Plans": [{"Node Type": "Hash Join", "Parent Relationship": "Outer", "Join Type": "Inner", "Startup Cost": 63002.48, "Total Cost": 137341.8, "Plan Rows": 3296318, "Plan Width": 8, "Actual Min Startup Time": 184.436, "Actual Max Startup Time": 286.242, "Actual Min Total Time": 231.359, "Actual Max Total Time": 286.242, "Inner Unique": true, "Hash Cond": "(ci.role_id = rt.id), (LLVM Optimized, Jit Execute)", "Plans": [{"Node Type": "Seq Scan", "Parent Relationship": "Outer", "Relation Name": "cast_info", "Alias": "ci", "Startup Cost": 0.0, "Total Cost": 72404.34, "Plan Rows": 36259494, "Plan Width": 12, "Actual Min Startup Time": 0.027, "Actual Max Startup Time": 0.061, "Actual Min Total Time": 127.977, "Actual Max Total Time": 141.649, "Actual Rows": 36244343}, {"Node Type": "Hash", "Parent Relationship": "Inner", "Startup Cost": 63002.47, "Total Cost": 63002.47, "Plan Rows": 64, "Plan Width": 4, "Actual Min Startup Time": 0.012, "Actual Max Startup Time": 54.189, "Actual Min Total Time": 0.012, "Actual Max Total Time": 54.189, "Max Hash Buckets": 32768, "Min Hash Buckets": 32768, "Max Hash Batches": 1, "Min Hash Batches": 1, "Max Original Hash Batches": 1, "Min Original Hash Batches": 1, "Max Peak Memory Usage": 1, "min Peak Memory Usage": 1, "Plans": [{"Node Type": "Streaming(type: BROADCAST dop: 64/1)", "Parent Relationship": "Outer", "Startup Cost": 0.0, "Total Cost": 63002.47, "Plan Rows": 64, "Plan Width": 4, "Actual Min Startup Time": 0.003, "Actual Max Startup Time": 54.169, "Actual Min Total Time": 0.004, "Actual Max Total Time": 54.17, "Plans": [{"Node Type": "Seq Scan", "Parent Relationship": "Outer", "Relation Name": "role_type", "Alias": "rt", "Startup Cost": 0.0, "Total Cost": 1.15, "Plan Rows": 1, "Plan Width": 4, "Actual Min Startup Time": 0.026, "Actual Max Startup Time": 0.026, "Actual Min Total Time": 0.03, "Actual Max Total Time": 0.03, "Filter": "((role)::text = 'costume designer'::text)", "Rows Removed by Filter": 11, "Actual Rows": 1}], "Actual Rows": 64}], "Actual Rows": 64}], "Actual Rows": 276403}], "Actual Rows": 276403}], "Actual Rows": 276403}], "Actual Rows": 218966}], "Actual Rows": 218966}, {"Node Type": "Hash", "Parent Relationship": "Inner", "Startup Cost": 169365.79, "Total Cost": 169365.79, "Plan Rows": 2609128, "Plan Width": 29, "Actual Min Startup Time": 5122.871, "Actual Max Startup Time": 5122.871, "Actual Min Total Time": 5122.871, "Actual Max Total Time": 5122.871, "Max Hash Buckets": 4194304, "Min Hash Buckets": 4194304, "Max Hash Batches": 1, "Min Hash Batches": 1, "Max Original Hash Batches": 1, "Min Original Hash Batches": 1, "Max Peak Memory Usage": 164769, "min Peak Memory Usage": 164769, "Plans": [{"Node Type": "Hash Join", "Parent Relationship": "Outer", "Join Type": "Inner", "Startup Cost": 91673.0, "Total Cost": 169365.79, "Plan Rows": 2609128, "Plan Width": 29, "Actual Min Startup Time": 1876.312, "Actual Max Startup Time": 1876.312, "Actual Min Total Time": 4112.233, "Actual Max Total Time": 4112.233, "Inner Unique": true, "Hash Cond": "(mc.movie_id = t.id), (LLVM Optimized, Jit Execute)", "Plans": [{"Node Type": "Seq Scan", "Parent Relationship": "Outer", "Relation Name": "movie_companies", "Alias": "mc", "Startup Cost": 0.0, "Total Cost": 41817.28, "Plan Rows": 2609128, "Plan Width": 8, "Actual Min Startup Time": 0.034, "Actual Max Startup Time": 0.034, "Actual Min Total Time": 589.387, "Actual Max Total Time": 589.387, "Actual Rows": 2609128}, {"Node Type": "Hash", "Parent Relationship": "Inner", "Startup Cost": 60069.11, "Total Cost": 60069.11, "Plan Rows": 2528311, "Plan Width": 21, "Actual Min Startup Time": 1873.717, "Actual Max Startup Time": 1873.717, "Actual Min Total Time": 1873.717, "Actual Max Total Time": 1873.717, "Max Hash Buckets": 4194304, "Min Hash Buckets": 4194304, "Max Hash Batches": 1, "Min Hash Batches": 1, "Max Original Hash Batches": 1, "Min Original Hash Batches": 1, "Max Peak Memory Usage": 135869, "min Peak Memory Usage": 135869, "Plans": [{"Node Type": "Seq Scan", "Parent Relationship": "Outer", "Relation Name": "title", "Alias": "t", "Startup Cost": 0.0, "Total Cost": 60069.11, "Plan Rows": 2528311, "Plan Width": 21, "Actual Min Startup Time": 0.031, "Actual Max Startup Time": 0.031, "Actual Min Total Time": 853.163, "Actual Max Total Time": 853.163, "Actual Rows": 2528311}], "Actual Rows": 2528311}], "Actual Rows": 2609128}], "Actual Rows": 2609128}], "Actual Rows": 752819}, {"Node Type": "Hash", "Parent Relationship": "Inner", "Startup Cost": 5903.45, "Total Cost": 5903.45, "Plan Rows": 85170, "Plan Width": 4, "Actual Min Startup Time": 118.572, "Actual Max Startup Time": 118.572, "Actual Min Total Time": 118.572, "Actual Max Total Time": 118.572, "Max Hash Buckets": 131072, "Min Hash Buckets": 131072, "Max Hash Batches": 1, "Min Hash Batches": 1, "Max Original Hash Batches": 1, "Min Original Hash Batches": 1, "Max Peak Memory Usage": 2983, "min Peak Memory Usage": 2983, "Plans": [{"Node Type": "Seq Scan", "Parent Relationship": "Outer", "Relation Name": "company_name", "Alias": "cn", "Startup Cost": 0.0, "Total Cost": 5903.45, "Plan Rows": 85170, "Plan Width": 4, "Actual Min Startup Time": 0.062, "Actual Max Startup Time": 0.062, "Actual Min Total Time": 96.64, "Actual Max Total Time": 96.64, "Filter": "((country_code)::text = '[us]'::text)", "Rows Removed by Filter": 150153, "Actual Rows": 84843}], "Actual Rows": 84843}], "Actual Rows": 323005}], "Actual Rows": 1}, "Triggers": [], "Planner Runtime": 175.338, "Total Runtime": 6911.384, "Unique SQL Id": 2457761703}}, "(64, '105')": {"explain_plan": {"Plan": {"Node Type": "Aggregate", "Strategy": "Plain", "Startup Cost": 807029.54, "Total Cost": 807029.55, "Plan Rows": 1, "Plan Width": 97, "Plans": [{"Node Type": "Hash Join", "Parent Relationship": "Outer", "Join Type": "Inner", "Startup Cost": 729292.26, "Total Cost": 805244.05, "Plan Rows": 357098, "Plan Width": 33, "Inner Unique": false, "Hash Cond": "(an1.person_id = n1.id), (LLVM Optimized)", "Plans": [{"Node Type": "Index Scan", "Parent Relationship": "Outer", "Scan Direction": "Forward", "Index Name": "person_id_aka_name", "Relation Name": "aka_name", "Alias": "an1", "Startup Cost": 0.0, "Total Cost": 68965.03, "Plan Rows": 901342, "Plan Width": 20}, {"Node Type": "Hash", "Parent Relationship": "Inner", "Startup Cost": 720411.52, "Total Cost": 720411.52, "Plan Rows": 710459, "Plan Width": 25, "Plans": [{"Node Type": "Hash Join", "Parent Relationship": "Outer", "Join Type": "Inner", "Startup Cost": 510158.12, "Total Cost": 720411.52, "Plan Rows": 710459, "Plan Width": 25, "Inner Unique": true, "Hash Cond": "(ci.person_id = n1.id), (LLVM Optimized)", "Plans": [{"Node Type": "Hash Join", "Parent Relationship": "Outer", "Join Type": "Inner", "Startup Cost": 333231.89, "Total Cost": 533716.49, "Plan Rows": 710459, "Plan Width": 21, "Inner Unique": false, "Hash Cond": "(ci.movie_id = t.id), (LLVM Optimized)", "Plans": [{"Node Type": "Nested Loop", "Parent Relationship": "Outer", "Join Type": "Inner", "Startup Cost": 0.0, "Total Cost": 171418.25, "Plan Rows": 3296318, "Plan Width": 8, "Inner Unique": false, "Plans": [{"Node Type": "Index Scan", "Parent Relationship": "Outer", "Scan Direction": "Forward", "Index Name": "role_type_pkey", "Relation Name": "role_type", "Alias": "rt", "Startup Cost": 0.0, "Total Cost": 12.46, "Plan Rows": 1, "Plan Width": 4, "Filter": "((role)::text = 'costume designer'::text)"}, {"Node Type": "Index Scan", "Parent Relationship": "Inner", "Scan Direction": "Forward", "Index Name": "role_id_cast_info", "Relation Name": "cast_info", "Alias": "ci", "Startup Cost": 0.0, "Total Cost": 138442.61, "Plan Rows": 3296318, "Plan Width": 12, "Index Cond": "(role_id = rt.id), (LLVM Optimized)"}]}, {"Node Type": "Hash", "Parent Relationship": "Inner", "Startup Cost": 317203.01, "Total Cost": 317203.01, "Plan Rows": 1282311, "Plan Width": 25, "Plans": [{"Node Type": "Hash Join", "Parent Relationship": "Outer", "Join Type": "Inner", "Startup Cost": 153290.39, "Total Cost": 317203.01, "Plan Rows": 1282311, "Plan Width": 25, "Inner Unique": true, "Hash Cond": "(mc.movie_id = t.id), (LLVM Optimized)", "Plans": [{"Node Type": "Hash Join", "Parent Relationship": "Outer", "Join Type": "Inner", "Startup Cost": 11566.01, "Total Cost": 157846.85, "Plan Rows": 1282311, "Plan Width": 4, "Inner Unique": true, "Hash Cond": "(mc.company_id = cn.id), (LLVM Optimized)", "Plans": [{"Node Type": "Index Scan", "Parent Relationship": "Outer", "Scan Direction": "Forward", "Index Name": "company_id_movie_companies", "Relation Name": "movie_companies", "Alias": "mc", "Startup Cost": 0.0, "Total Cost": 123673.5, "Plan Rows": 2609128, "Plan Width": 8}, {"Node Type": "Hash", "Parent Relationship": "Inner", "Startup Cost": 10501.39, "Total Cost": 10501.39, "Plan Rows": 85170, "Plan Width": 4, "Plans": [{"Node Type": "Index Scan", "Parent Relationship": "Outer", "Scan Direction": "Forward", "Index Name": "company_name_pkey", "Relation Name": "company_name", "Alias": "cn", "Startup Cost": 0.0, "Total Cost": 10501.39, "Plan Rows": 85170, "Plan Width": 4, "Filter": "((country_code)::text = '[us]'::text)"}]}]}, {"Node Type": "Hash", "Parent Relationship": "Inner", "Startup Cost": 110120.49, "Total Cost": 110120.49, "Plan Rows": 2528311, "Plan Width": 21, "Plans": [{"Node Type": "Index Scan", "Parent Relationship": "Outer", "Scan Direction": "Forward", "Index Name": "title_pkey", "Relation Name": "title", "Alias": "t", "Startup Cost": 0.0, "Total Cost": 110120.49, "Plan Rows": 2528311, "Plan Width": 21}]}]}]}]}, {"Node Type": "Hash", "Parent Relationship": "Inner", "Startup Cost": 124832.6, "Total Cost": 124832.6, "Plan Rows": 4167490, "Plan Width": 4, "Plans": [{"Node Type": "Index Only Scan", "Parent Relationship": "Outer", "Scan Direction": "Forward", "Index Name": "name_pkey", "Relation Name": "name", "Alias": "n1", "Startup Cost": 0.0, "Total Cost": 124832.6, "Plan Rows": 4167490, "Plan Width": 4}]}]}]}]}]}, "Unique SQL Id": 2457761703, "Planner Runtime": 92}, "explain_analyze_plan": null}, "(64, '106')": {"explain_plan": {"Plan": {"Node Type": "Aggregate", "Strategy": "Plain", "Startup Cost": 528738.29, "Total Cost": 528738.3, "Plan Rows": 1, "Plan Width": 97, "Plans": [{"Node Type": "Hash Join", "Parent Relationship": "Outer", "Join Type": "Inner", "Startup Cost": 336662.4, "Total Cost": 526952.8, "Plan Rows": 357098, "Plan Width": 33, "Inner Unique": true, "Hash Cond": "(mc.company_id = cn.id), (LLVM Optimized)", "Plans": [{"Node Type": "Hash Join", "Parent Relationship": "Outer", "Join Type": "Inner", "Startup Cost": 329694.33, "Total Cost": 513689.03, "Plan Rows": 726589, "Plan Width": 37, "Inner Unique": false, "Hash Cond": "(ci.movie_id = t.id), (LLVM Optimized)", "Plans": [{"Node Type": "Streaming(type: LOCAL GATHER dop: 1/64)", "Parent Relationship": "Outer", "Startup Cost": 254738.78, "Total Cost": 417857.9, "Plan Rows": 1484588, "Plan Width": 20, "Plans": [{"Node Type": "Hash Join", "Parent Relationship": "Outer", "Join Type": "Inner", "Startup Cost": 254738.78, "Total Cost": 387231.02, "Plan Rows": 1484588, "Plan Width": 20, "Inner Unique": false, "Hash Cond": "(an1.person_id = ci.person_id), (LLVM Optimized)", "Plans": [{"Node Type": "Streaming(type: LOCAL REDISTRIBUTE dop: 64/1)", "Parent Relationship": "Outer", "Startup Cost": 202522.7, "Total Cost": 334446.0, "Plan Rows": 901342, "Plan Width": 24, "Plans": [{"Node Type": "Hash Join", "Parent Relationship": "Outer", "Join Type": "Inner", "Startup Cost": 202522.7, "Total Cost": 234824.58, "Plan Rows": 901342, "Plan Width": 24, "Inner Unique": true, "Hash Cond": "(an1.person_id = n1.id), (LLVM Optimized)", "Plans": [{"Node Type": "Seq Scan", "Parent Relationship": "Outer", "Relation Name": "aka_name", "Alias": "an1", "Startup Cost": 0.0, "Total Cost": 19908.42, "Plan Rows": 901342, "Plan Width": 20}, {"Node Type": "Hash", "Parent Relationship": "Inner", "Startup Cost": 150429.08, "Total Cost": 150429.08, "Plan Rows": 4167490, "Plan Width": 4, "Plans": [{"Node Type": "Streaming(type: LOCAL GATHER dop: 1/64)", "Parent Relationship": "Outer", "Startup Cost": 0.0, "Total Cost": 150429.08, "Plan Rows": 4167490, "Plan Width": 4, "Plans": [{"Node Type": "Seq Scan", "Parent Relationship": "Outer", "Relation Name": "name", "Alias": "n1", "Startup Cost": 0.0, "Total Cost": 64454.25, "Plan Rows": 4167490, "Plan Width": 4}]}]}]}]}, {"Node Type": "Hash", "Parent Relationship": "Inner", "Startup Cost": 203464.29, "Total Cost": 203464.29, "Plan Rows": 3296318, "Plan Width": 8, "Plans": [{"Node Type": "Streaming(type: LOCAL REDISTRIBUTE dop: 64/64)", "Parent Relationship": "Outer", "Startup Cost": 63002.48, "Total Cost": 203464.29, "Plan Rows": 3296318, "Plan Width": 8, "Plans": [{"Node Type": "Hash Join", "Parent Relationship": "Outer", "Join Type": "Inner", "Startup Cost": 63002.48, "Total Cost": 137341.8, "Plan Rows": 3296318, "Plan Width": 8, "Inner Unique": true, "Hash Cond": "(ci.role_id = rt.id), (LLVM Optimized)", "Plans": [{"Node Type": "Seq Scan", "Parent Relationship": "Outer", "Relation Name": "cast_info", "Alias": "ci", "Startup Cost": 0.0, "Total Cost": 72404.34, "Plan Rows": 36259494, "Plan Width": 12}, {"Node Type": "Hash", "Parent Relationship": "Inner", "Startup Cost": 63002.47, "Total Cost": 63002.47, "Plan Rows": 64, "Plan Width": 4, "Plans": [{"Node Type": "Streaming(type: BROADCAST dop: 64/1)", "Parent Relationship": "Outer", "Startup Cost": 0.0, "Total Cost": 63002.47, "Plan Rows": 64, "Plan Width": 4, "Plans": [{"Node Type": "Seq Scan", "Parent Relationship": "Outer", "Relation Name": "role_type", "Alias": "rt", "Startup Cost": 0.0, "Total Cost": 1.15, "Plan Rows": 1, "Plan Width": 4, "Filter": "((role)::text = 'costume designer'::text)"}]}]}]}]}]}]}]}, {"Node Type": "Hash", "Parent Relationship": "Inner", "Startup Cost": 169365.79, "Total Cost": 169365.79, "Plan Rows": 2609128, "Plan Width": 29, "Plans": [{"Node Type": "Hash Join", "Parent Relationship": "Outer", "Join Type": "Inner", "Startup Cost": 91673.0, "Total Cost": 169365.79, "Plan Rows": 2609128, "Plan Width": 29, "Inner Unique": true, "Hash Cond": "(mc.movie_id = t.id), (LLVM Optimized)", "Plans": [{"Node Type": "Seq Scan", "Parent Relationship": "Outer", "Relation Name": "movie_companies", "Alias": "mc", "Startup Cost": 0.0, "Total Cost": 41817.28, "Plan Rows": 2609128, "Plan Width": 8}, {"Node Type": "Hash", "Parent Relationship": "Inner", "Startup Cost": 60069.11, "Total Cost": 60069.11, "Plan Rows": 2528311, "Plan Width": 21, "Plans": [{"Node Type": "Seq Scan", "Parent Relationship": "Outer", "Relation Name": "title", "Alias": "t", "Startup Cost": 0.0, "Total Cost": 60069.11, "Plan Rows": 2528311, "Plan Width": 21}]}]}]}]}, {"Node Type": "Hash", "Parent Relationship": "Inner", "Startup Cost": 5903.45, "Total Cost": 5903.45, "Plan Rows": 85170, "Plan Width": 4, "Plans": [{"Node Type": "Seq Scan", "Parent Relationship": "Outer", "Relation Name": "company_name", "Alias": "cn", "Startup Cost": 0.0, "Total Cost": 5903.45, "Plan Rows": 85170, "Plan Width": 4, "Filter": "((country_code)::text = '[us]'::text)"}]}]}]}, "Unique SQL Id": 2457761703, "Planner Runtime": 173}, "explain_analyze_plan": {"Plan": {"Node Type": "Aggregate", "Strategy": "Plain", "Startup Cost": 528738.29, "Total Cost": 528738.3, "Plan Rows": 1, "Plan Width": 97, "Actual Min Startup Time": 6856.27, "Actual Max Startup Time": 6856.27, "Actual Min Total Time": 6856.271, "Actual Max Total Time": 6856.271, "Plans": [{"Node Type": "Hash Join", "Parent Relationship": "Outer", "Join Type": "Inner", "Startup Cost": 336662.4, "Total Cost": 526952.8, "Plan Rows": 357098, "Plan Width": 33, "Actual Min Startup Time": 5249.401, "Actual Max Startup Time": 5249.401, "Actual Min Total Time": 6705.964, "Actual Max Total Time": 6705.964, "Inner Unique": true, "Hash Cond": "(mc.company_id = cn.id), (LLVM Optimized, Jit Execute)", "Plans": [{"Node Type": "Hash Join", "Parent Relationship": "Outer", "Join Type": "Inner", "Startup Cost": 329694.33, "Total Cost": 513689.03, "Plan Rows": 726589, "Plan Width": 37, "Actual Min Startup Time": 5130.68, "Actual Max Startup Time": 5130.68, "Actual Min Total Time": 6388.767, "Actual Max Total Time": 6388.767, "Inner Unique": false, "Hash Cond": "(ci.movie_id = t.id), (LLVM Optimized, Jit Execute)", "Plans": [{"Node Type": "Streaming(type: LOCAL GATHER dop: 1/64)", "Parent Relationship": "Outer", "Startup Cost": 254738.78, "Total Cost": 417857.9, "Plan Rows": 1484588, "Plan Width": 20, "Actual Min Startup Time": 0.186, "Actual Max Startup Time": 0.186, "Actual Min Total Time": 983.556, "Actual Max Total Time": 983.556, "Plans": [{"Node Type": "Hash Join", "Parent Relationship": "Outer", "Join Type": "Inner", "Startup Cost": 254738.78, "Total Cost": 387231.02, "Plan Rows": 1484588, "Plan Width": 20, "Actual Min Startup Time": 2904.02, "Actual Max Startup Time": 5001.056, "Actual Min Total Time": 4507.096, "Actual Max Total Time": 6552.353, "Inner Unique": false, "Hash Cond": "(an1.person_id = ci.person_id), (LLVM Optimized, Jit Execute)", "Plans": [{"Node Type": "Streaming(type: LOCAL REDISTRIBUTE dop: 64/1)", "Parent Relationship": "Outer", "Startup Cost": 202522.7, "Total Cost": 334446.0, "Plan Rows": 901342, "Plan Width": 24, "Actual Min Startup Time": 2648.309, "Actual Max Startup Time": 2658.987, "Actual Min Total Time": 4210.018, "Actual Max Total Time": 5937.182, "Plans": [{"Node Type": "Hash Join", "Parent Relationship": "Outer", "Join Type": "Inner", "Startup Cost": 202522.7, "Total Cost": 234824.58, "Plan Rows": 901342, "Plan Width": 24, "Actual Min Startup Time": 2900.815, "Actual Max Startup Time": 2900.815, "Actual Min Total Time": 3642.451, "Actual Max Total Time": 3642.451, "Inner Unique": true, "Hash Cond": "(an1.person_id = n1.id), (LLVM Optimized, Jit Execute)", "Plans": [{"Node Type": "Seq Scan", "Parent Relationship": "Outer", "Relation Name": "aka_name", "Alias": "an1", "Startup Cost": 0.0, "Total Cost": 19908.42, "Plan Rows": 901342, "Plan Width": 20, "Actual Min Startup Time": 0.033, "Actual Max Startup Time": 0.033, "Actual Min Total Time": 226.164, "Actual Max Total Time": 226.164, "Actual Rows": 901342}, {"Node Type": "Hash", "Parent Relationship": "Inner", "Startup Cost": 150429.08, "Total Cost": 150429.08, "Plan Rows": 4167490, "Plan Width": 4, "Actual Min Startup Time": 2898.206, "Actual Max Startup Time": 2898.206, "Actual Min Total Time": 2898.206, "Actual Max Total Time": 2898.206, "Max Hash Buckets": 4194304, "Min Hash Buckets": 4194304, "Max Hash Batches": 1, "Min Hash Batches": 1, "Max Original Hash Batches": 1, "Min Original Hash Batches": 1, "Max Peak Memory Usage": 146514, "min Peak Memory Usage": 146514, "Plans": [{"Node Type": "Streaming(type: LOCAL GATHER dop: 1/64)", "Parent Relationship": "Outer", "Startup Cost": 0.0, "Total Cost": 150429.08, "Plan Rows": 4167490, "Plan Width": 4, "Actual Min Startup Time": 0.152, "Actual Max Startup Time": 0.152, "Actual Min Total Time": 1744.697, "Actual Max Total Time": 1744.697, "Plans": [{"Node Type": "Seq Scan", "Parent Relationship": "Outer", "Relation Name": "name", "Alias": "n1", "Startup Cost": 0.0, "Total Cost": 64454.25, "Plan Rows": 4167490, "Plan Width": 4, "Actual Min Startup Time": 0.018, "Actual Max Startup Time": 0.044, "Actual Min Total Time": 18.96, "Actual Max Total Time": 23.576, "Actual Rows": 4167490}], "Actual Rows": 4167490}], "Actual Rows": 4167490}], "Actual Rows": 901342}], "Actual Rows": 901342}, {"Node Type": "Hash", "Parent Relationship": "Inner", "Startup Cost": 203464.29, "Total Cost": 203464.29, "Plan Rows": 3296318, "Plan Width": 8, "Actual Min Startup Time": 251.014, "Actual Max Startup Time": 617.726, "Actual Min Total Time": 251.014, "Actual Max Total Time": 617.726, "Max Hash Buckets": 65536, "Min Hash Buckets": 65536, "Max Hash Batches": 1, "Min Hash Batches": 1, "Max Original Hash Batches": 1, "Min Original Hash Batches": 1, "Max Peak Memory Usage": 153, "min Peak Memory Usage": 153, "Plans": [{"Node Type": "Streaming(type: LOCAL REDISTRIBUTE dop: 64/64)", "Parent Relationship": "Outer", "Startup Cost": 63002.48, "Total Cost": 203464.29, "Plan Rows": 3296318, "Plan Width": 8, "Actual Min Startup Time": 0.126, "Actual Max Startup Time": 331.621, "Actual Min Total Time": 250.064, "Actual Max Total Time": 616.635, "Plans": [{"Node Type": "Hash Join", "Parent Relationship": "Outer", "Join Type": "Inner", "Startup Cost": 63002.48, "Total Cost": 137341.8, "Plan Rows": 3296318, "Plan Width": 8, "Actual Min Startup Time": 184.436, "Actual Max Startup Time": 286.242, "Actual Min Total Time": 231.359, "Actual Max Total Time": 286.242, "Inner Unique": true, "Hash Cond": "(ci.role_id = rt.id), (LLVM Optimized, Jit Execute)", "Plans": [{"Node Type": "Seq Scan", "Parent Relationship": "Outer", "Relation Name": "cast_info", "Alias": "ci", "Startup Cost": 0.0, "Total Cost": 72404.34, "Plan Rows": 36259494, "Plan Width": 12, "Actual Min Startup Time": 0.027, "Actual Max Startup Time": 0.061, "Actual Min Total Time": 127.977, "Actual Max Total Time": 141.649, "Actual Rows": 36244343}, {"Node Type": "Hash", "Parent Relationship": "Inner", "Startup Cost": 63002.47, "Total Cost": 63002.47, "Plan Rows": 64, "Plan Width": 4, "Actual Min Startup Time": 0.012, "Actual Max Startup Time": 54.189, "Actual Min Total Time": 0.012, "Actual Max Total Time": 54.189, "Max Hash Buckets": 32768, "Min Hash Buckets": 32768, "Max Hash Batches": 1, "Min Hash Batches": 1, "Max Original Hash Batches": 1, "Min Original Hash Batches": 1, "Max Peak Memory Usage": 1, "min Peak Memory Usage": 1, "Plans": [{"Node Type": "Streaming(type: BROADCAST dop: 64/1)", "Parent Relationship": "Outer", "Startup Cost": 0.0, "Total Cost": 63002.47, "Plan Rows": 64, "Plan Width": 4, "Actual Min Startup Time": 0.003, "Actual Max Startup Time": 54.169, "Actual Min Total Time": 0.004, "Actual Max Total Time": 54.17, "Plans": [{"Node Type": "Seq Scan", "Parent Relationship": "Outer", "Relation Name": "role_type", "Alias": "rt", "Startup Cost": 0.0, "Total Cost": 1.15, "Plan Rows": 1, "Plan Width": 4, "Actual Min Startup Time": 0.026, "Actual Max Startup Time": 0.026, "Actual Min Total Time": 0.03, "Actual Max Total Time": 0.03, "Filter": "((role)::text = 'costume designer'::text)", "Rows Removed by Filter": 11, "Actual Rows": 1}], "Actual Rows": 64}], "Actual Rows": 64}], "Actual Rows": 276403}], "Actual Rows": 276403}], "Actual Rows": 276403}], "Actual Rows": 218966}], "Actual Rows": 218966}, {"Node Type": "Hash", "Parent Relationship": "Inner", "Startup Cost": 169365.79, "Total Cost": 169365.79, "Plan Rows": 2609128, "Plan Width": 29, "Actual Min Startup Time": 5122.871, "Actual Max Startup Time": 5122.871, "Actual Min Total Time": 5122.871, "Actual Max Total Time": 5122.871, "Max Hash Buckets": 4194304, "Min Hash Buckets": 4194304, "Max Hash Batches": 1, "Min Hash Batches": 1, "Max Original Hash Batches": 1, "Min Original Hash Batches": 1, "Max Peak Memory Usage": 164769, "min Peak Memory Usage": 164769, "Plans": [{"Node Type": "Hash Join", "Parent Relationship": "Outer", "Join Type": "Inner", "Startup Cost": 91673.0, "Total Cost": 169365.79, "Plan Rows": 2609128, "Plan Width": 29, "Actual Min Startup Time": 1876.312, "Actual Max Startup Time": 1876.312, "Actual Min Total Time": 4112.233, "Actual Max Total Time": 4112.233, "Inner Unique": true, "Hash Cond": "(mc.movie_id = t.id), (LLVM Optimized, Jit Execute)", "Plans": [{"Node Type": "Seq Scan", "Parent Relationship": "Outer", "Relation Name": "movie_companies", "Alias": "mc", "Startup Cost": 0.0, "Total Cost": 41817.28, "Plan Rows": 2609128, "Plan Width": 8, "Actual Min Startup Time": 0.034, "Actual Max Startup Time": 0.034, "Actual Min Total Time": 589.387, "Actual Max Total Time": 589.387, "Actual Rows": 2609128}, {"Node Type": "Hash", "Parent Relationship": "Inner", "Startup Cost": 60069.11, "Total Cost": 60069.11, "Plan Rows": 2528311, "Plan Width": 21, "Actual Min Startup Time": 1873.717, "Actual Max Startup Time": 1873.717, "Actual Min Total Time": 1873.717, "Actual Max Total Time": 1873.717, "Max Hash Buckets": 4194304, "Min Hash Buckets": 4194304, "Max Hash Batches": 1, "Min Hash Batches": 1, "Max Original Hash Batches": 1, "Min Original Hash Batches": 1, "Max Peak Memory Usage": 135869, "min Peak Memory Usage": 135869, "Plans": [{"Node Type": "Seq Scan", "Parent Relationship": "Outer", "Relation Name": "title", "Alias": "t", "Startup Cost": 0.0, "Total Cost": 60069.11, "Plan Rows": 2528311, "Plan Width": 21, "Actual Min Startup Time": 0.031, "Actual Max Startup Time": 0.031, "Actual Min Total Time": 853.163, "Actual Max Total Time": 853.163, "Actual Rows": 2528311}], "Actual Rows": 2528311}], "Actual Rows": 2609128}], "Actual Rows": 2609128}], "Actual Rows": 752819}, {"Node Type": "Hash", "Parent Relationship": "Inner", "Startup Cost": 5903.45, "Total Cost": 5903.45, "Plan Rows": 85170, "Plan Width": 4, "Actual Min Startup Time": 118.572, "Actual Max Startup Time": 118.572, "Actual Min Total Time": 118.572, "Actual Max Total Time": 118.572, "Max Hash Buckets": 131072, "Min Hash Buckets": 131072, "Max Hash Batches": 1, "Min Hash Batches": 1, "Max Original Hash Batches": 1, "Min Original Hash Batches": 1, "Max Peak Memory Usage": 2983, "min Peak Memory Usage": 2983, "Plans": [{"Node Type": "Seq Scan", "Parent Relationship": "Outer", "Relation Name": "company_name", "Alias": "cn", "Startup Cost": 0.0, "Total Cost": 5903.45, "Plan Rows": 85170, "Plan Width": 4, "Actual Min Startup Time": 0.062, "Actual Max Startup Time": 0.062, "Actual Min Total Time": 96.64, "Actual Max Total Time": 96.64, "Filter": "((country_code)::text = '[us]'::text)", "Rows Removed by Filter": 150153, "Actual Rows": 84843}], "Actual Rows": 84843}], "Actual Rows": 323005}], "Actual Rows": 1}, "Triggers": [], "Planner Runtime": 175.338, "Total Runtime": 6911.384, "Unique SQL Id": 2457761703}}, "(64, '107')": {"explain_plan": {"Plan": {"Node Type": "Aggregate", "Strategy": "Plain", "Startup Cost": 7000058938280.42, "Total Cost": 7000058938280.43, "Plan Rows": 1, "Plan Width": 97, "Plans": [{"Node Type": "Hash Join", "Parent Relationship": "Outer", "Join Type": "Inner", "Startup Cost": 5020043937944.31, "Total Cost": 7000058936494.93, "Plan Rows": 357098, "Plan Width": 33, "Inner Unique": true, "Hash Cond": "(ci.movie_id = t.id), (LLVM Optimized)", "Plans": [{"Node Type": "Hash Join", "Parent Relationship": "Outer", "Join Type": "Inner", "Startup Cost": 4020032894291.5, "Total Cost": 6000047887930.97, "Plan Rows": 357379, "Plan Width": 24, "Inner Unique": true, "Hash Cond": "(an1.person_id = n1.id), (LLVM Optimized)", "Plans": [{"Node Type": "Hash Join", "Parent Relationship": "Outer", "Join Type": "Inner", "Startup Cost": 3020020358937.88, "Total Cost": 5000035347663.39, "Plan Rows": 357379, "Plan Width": 32, "Inner Unique": false, "Hash Cond": "(ci.person_id = an1.person_id), (LLVM Optimized)", "Plans": [{"Node Type": "Hash Join", "Parent Relationship": "Outer", "Join Type": "Inner", "Startup Cost": 2020013451167.68, "Total Cost": 4000028220844.2, "Plan Rows": 711018, "Plan Width": 12, "Inner Unique": true, "Hash Cond": "(mc.company_id = cn.id), (LLVM Optimized)", "Plans": [{"Node Type": "Hash Join", "Parent Relationship": "Outer", "Join Type": "Inner", "Startup Cost": 1020012399964.08, "Total Cost": 3000027157105.25, "Plan Rows": 1446714, "Plan Width": 16, "Inner Unique": false, "Hash Cond": "(ci.movie_id = mc.movie_id), (LLVM Optimized)", "Plans": [{"Node Type": "Nested Loop", "Parent Relationship": "Outer", "Join Type": "Inner", "Startup Cost": 20000000000.0, "Total Cost": 2000013878470.18, "Plan Rows": 3296318, "Plan Width": 8, "Inner Unique": false, "Plans": [{"Node Type": "Index Scan", "Parent Relationship": "Outer", "Scan Direction": "Forward", "Index Name": "role_type_pkey", "Relation Name": "role_type", "Alias": "rt", "Startup Cost": 10000000000.0, "Total Cost": 1000000001246.0, "Plan Rows": 1, "Plan Width": 4, "Filter": "((role)::text = 'costume designer'::text)"}, {"Node Type": "Index Scan", "Parent Relationship": "Inner", "Scan Direction": "Forward", "Index Name": "role_id_cast_info", "Relation Name": "cast_info", "Alias": "ci", "Startup Cost": 10000000000.0, "Total Cost": 1000013844261.0, "Plan Rows": 3296318, "Plan Width": 12, "Index Cond": "(role_id = rt.id), (LLVM Optimized)"}]}, {"Node Type": "Hash", "Parent Relationship": "Inner", "Startup Cost": 1000012367349.98, "Total Cost": 1000012367349.98, "Plan Rows": 2609128, "Plan Width": 8, "Plans": [{"Node Type": "Index Scan", "Parent Relationship": "Outer", "Scan Direction": "Forward", "Index Name": "company_id_movie_companies", "Relation Name": "movie_companies", "Alias": "mc", "Startup Cost": 10000000000.0, "Total Cost": 1000012367349.98, "Plan Rows": 2609128, "Plan Width": 8}]}]}, {"Node Type": "Hash", "Parent Relationship": "Inner", "Startup Cost": 1000001050138.97, "Total Cost": 1000001050138.97, "Plan Rows": 85170, "Plan Width": 4, "Plans": [{"Node Type": "Index Scan", "Parent Relationship": "Outer", "Scan Direction": "Forward", "Index Name": "company_name_pkey", "Relation Name": "company_name", "Alias": "cn", "Startup Cost": 10000000000.0, "Total Cost": 1000001050138.97, "Plan Rows": 85170, "Plan Width": 4, "Filter": "((country_code)::text = '[us]'::text)"}]}]}, {"Node Type": "Hash", "Parent Relationship": "Inner", "Startup Cost": 1000006896503.43, "Total Cost": 1000006896503.43, "Plan Rows": 901342, "Plan Width": 20, "Plans": [{"Node Type": "Index Scan", "Parent Relationship": "Outer", "Scan Direction": "Forward", "Index Name": "person_id_aka_name", "Relation Name": "aka_name", "Alias": "an1", "Startup Cost": 10000000000.0, "Total Cost": 1000006896503.43, "Plan Rows": 901342, "Plan Width": 20}]}]}, {"Node Type": "Hash", "Parent Relationship": "Inner", "Startup Cost": 1000012483260.0, "Total Cost": 1000012483260.0, "Plan Rows": 4167490, "Plan Width": 4, "Plans": [{"Node Type": "Index Only Scan", "Parent Relationship": "Outer", "Scan Direction": "Forward", "Index Name": "name_pkey", "Relation Name": "name", "Alias": "n1", "Startup Cost": 10000000000.0, "Total Cost": 1000012483260.0, "Plan Rows": 4167490, "Plan Width": 4}]}]}, {"Node Type": "Hash", "Parent Relationship": "Inner", "Startup Cost": 1000011012048.91, "Total Cost": 1000011012048.91, "Plan Rows": 2528311, "Plan Width": 21, "Plans": [{"Node Type": "Index Scan", "Parent Relationship": "Outer", "Scan Direction": "Forward", "Index Name": "title_pkey", "Relation Name": "title", "Alias": "t", "Startup Cost": 10000000000.0, "Total Cost": 1000011012048.91, "Plan Rows": 2528311, "Plan Width": 21}]}]}]}, "Unique SQL Id": 2457761703, "Planner Runtime": 51}, "explain_analyze_plan": null}, "(64, '108')": {"explain_plan": {"Plan": {"Node Type": "Aggregate", "Strategy": "Plain", "Startup Cost": 528738.29, "Total Cost": 528738.3, "Plan Rows": 1, "Plan Width": 97, "Plans": [{"Node Type": "Hash Join", "Parent Relationship": "Outer", "Join Type": "Inner", "Startup Cost": 336662.4, "Total Cost": 526952.8, "Plan Rows": 357098, "Plan Width": 33, "Inner Unique": true, "Hash Cond": "(mc.company_id = cn.id), (LLVM Optimized)", "Plans": [{"Node Type": "Hash Join", "Parent Relationship": "Outer", "Join Type": "Inner", "Startup Cost": 329694.33, "Total Cost": 513689.03, "Plan Rows": 726589, "Plan Width": 37, "Inner Unique": false, "Hash Cond": "(ci.movie_id = t.id), (LLVM Optimized)", "Plans": [{"Node Type": "Streaming(type: LOCAL GATHER dop: 1/64)", "Parent Relationship": "Outer", "Startup Cost": 254738.78, "Total Cost": 417857.9, "Plan Rows": 1484588, "Plan Width": 20, "Plans": [{"Node Type": "Hash Join", "Parent Relationship": "Outer", "Join Type": "Inner", "Startup Cost": 254738.78, "Total Cost": 387231.02, "Plan Rows": 1484588, "Plan Width": 20, "Inner Unique": false, "Hash Cond": "(an1.person_id = ci.person_id), (LLVM Optimized)", "Plans": [{"Node Type": "Streaming(type: LOCAL REDISTRIBUTE dop: 64/1)", "Parent Relationship": "Outer", "Startup Cost": 202522.7, "Total Cost": 334446.0, "Plan Rows": 901342, "Plan Width": 24, "Plans": [{"Node Type": "Hash Join", "Parent Relationship": "Outer", "Join Type": "Inner", "Startup Cost": 202522.7, "Total Cost": 234824.58, "Plan Rows": 901342, "Plan Width": 24, "Inner Unique": true, "Hash Cond": "(an1.person_id = n1.id), (LLVM Optimized)", "Plans": [{"Node Type": "Seq Scan", "Parent Relationship": "Outer", "Relation Name": "aka_name", "Alias": "an1", "Startup Cost": 0.0, "Total Cost": 19908.42, "Plan Rows": 901342, "Plan Width": 20}, {"Node Type": "Hash", "Parent Relationship": "Inner", "Startup Cost": 150429.08, "Total Cost": 150429.08, "Plan Rows": 4167490, "Plan Width": 4, "Plans": [{"Node Type": "Streaming(type: LOCAL GATHER dop: 1/64)", "Parent Relationship": "Outer", "Startup Cost": 0.0, "Total Cost": 150429.08, "Plan Rows": 4167490, "Plan Width": 4, "Plans": [{"Node Type": "Seq Scan", "Parent Relationship": "Outer", "Relation Name": "name", "Alias": "n1", "Startup Cost": 0.0, "Total Cost": 64454.25, "Plan Rows": 4167490, "Plan Width": 4}]}]}]}]}, {"Node Type": "Hash", "Parent Relationship": "Inner", "Startup Cost": 203464.29, "Total Cost": 203464.29, "Plan Rows": 3296318, "Plan Width": 8, "Plans": [{"Node Type": "Streaming(type: LOCAL REDISTRIBUTE dop: 64/64)", "Parent Relationship": "Outer", "Startup Cost": 63002.48, "Total Cost": 203464.29, "Plan Rows": 3296318, "Plan Width": 8, "Plans": [{"Node Type": "Hash Join", "Parent Relationship": "Outer", "Join Type": "Inner", "Startup Cost": 63002.48, "Total Cost": 137341.8, "Plan Rows": 3296318, "Plan Width": 8, "Inner Unique": true, "Hash Cond": "(ci.role_id = rt.id), (LLVM Optimized)", "Plans": [{"Node Type": "Seq Scan", "Parent Relationship": "Outer", "Relation Name": "cast_info", "Alias": "ci", "Startup Cost": 0.0, "Total Cost": 72404.34, "Plan Rows": 36259494, "Plan Width": 12}, {"Node Type": "Hash", "Parent Relationship": "Inner", "Startup Cost": 63002.47, "Total Cost": 63002.47, "Plan Rows": 64, "Plan Width": 4, "Plans": [{"Node Type": "Streaming(type: BROADCAST dop: 64/1)", "Parent Relationship": "Outer", "Startup Cost": 0.0, "Total Cost": 63002.47, "Plan Rows": 64, "Plan Width": 4, "Plans": [{"Node Type": "Seq Scan", "Parent Relationship": "Outer", "Relation Name": "role_type", "Alias": "rt", "Startup Cost": 0.0, "Total Cost": 1.15, "Plan Rows": 1, "Plan Width": 4, "Filter": "((role)::text = 'costume designer'::text)"}]}]}]}]}]}]}]}, {"Node Type": "Hash", "Parent Relationship": "Inner", "Startup Cost": 169365.79, "Total Cost": 169365.79, "Plan Rows": 2609128, "Plan Width": 29, "Plans": [{"Node Type": "Hash Join", "Parent Relationship": "Outer", "Join Type": "Inner", "Startup Cost": 91673.0, "Total Cost": 169365.79, "Plan Rows": 2609128, "Plan Width": 29, "Inner Unique": true, "Hash Cond": "(mc.movie_id = t.id), (LLVM Optimized)", "Plans": [{"Node Type": "Seq Scan", "Parent Relationship": "Outer", "Relation Name": "movie_companies", "Alias": "mc", "Startup Cost": 0.0, "Total Cost": 41817.28, "Plan Rows": 2609128, "Plan Width": 8}, {"Node Type": "Hash", "Parent Relationship": "Inner", "Startup Cost": 60069.11, "Total Cost": 60069.11, "Plan Rows": 2528311, "Plan Width": 21, "Plans": [{"Node Type": "Seq Scan", "Parent Relationship": "Outer", "Relation Name": "title", "Alias": "t", "Startup Cost": 0.0, "Total Cost": 60069.11, "Plan Rows": 2528311, "Plan Width": 21}]}]}]}]}, {"Node Type": "Hash", "Parent Relationship": "Inner", "Startup Cost": 5903.45, "Total Cost": 5903.45, "Plan Rows": 85170, "Plan Width": 4, "Plans": [{"Node Type": "Seq Scan", "Parent Relationship": "Outer", "Relation Name": "company_name", "Alias": "cn", "Startup Cost": 0.0, "Total Cost": 5903.45, "Plan Rows": 85170, "Plan Width": 4, "Filter": "((country_code)::text = '[us]'::text)"}]}]}]}, "Unique SQL Id": 2457761703, "Planner Runtime": 151}, "explain_analyze_plan": {"Plan": {"Node Type": "Aggregate", "Strategy": "Plain", "Startup Cost": 528738.29, "Total Cost": 528738.3, "Plan Rows": 1, "Plan Width": 97, "Actual Min Startup Time": 6856.27, "Actual Max Startup Time": 6856.27, "Actual Min Total Time": 6856.271, "Actual Max Total Time": 6856.271, "Plans": [{"Node Type": "Hash Join", "Parent Relationship": "Outer", "Join Type": "Inner", "Startup Cost": 336662.4, "Total Cost": 526952.8, "Plan Rows": 357098, "Plan Width": 33, "Actual Min Startup Time": 5249.401, "Actual Max Startup Time": 5249.401, "Actual Min Total Time": 6705.964, "Actual Max Total Time": 6705.964, "Inner Unique": true, "Hash Cond": "(mc.company_id = cn.id), (LLVM Optimized, Jit Execute)", "Plans": [{"Node Type": "Hash Join", "Parent Relationship": "Outer", "Join Type": "Inner", "Startup Cost": 329694.33, "Total Cost": 513689.03, "Plan Rows": 726589, "Plan Width": 37, "Actual Min Startup Time": 5130.68, "Actual Max Startup Time": 5130.68, "Actual Min Total Time": 6388.767, "Actual Max Total Time": 6388.767, "Inner Unique": false, "Hash Cond": "(ci.movie_id = t.id), (LLVM Optimized, Jit Execute)", "Plans": [{"Node Type": "Streaming(type: LOCAL GATHER dop: 1/64)", "Parent Relationship": "Outer", "Startup Cost": 254738.78, "Total Cost": 417857.9, "Plan Rows": 1484588, "Plan Width": 20, "Actual Min Startup Time": 0.186, "Actual Max Startup Time": 0.186, "Actual Min Total Time": 983.556, "Actual Max Total Time": 983.556, "Plans": [{"Node Type": "Hash Join", "Parent Relationship": "Outer", "Join Type": "Inner", "Startup Cost": 254738.78, "Total Cost": 387231.02, "Plan Rows": 1484588, "Plan Width": 20, "Actual Min Startup Time": 2904.02, "Actual Max Startup Time": 5001.056, "Actual Min Total Time": 4507.096, "Actual Max Total Time": 6552.353, "Inner Unique": false, "Hash Cond": "(an1.person_id = ci.person_id), (LLVM Optimized, Jit Execute)", "Plans": [{"Node Type": "Streaming(type: LOCAL REDISTRIBUTE dop: 64/1)", "Parent Relationship": "Outer", "Startup Cost": 202522.7, "Total Cost": 334446.0, "Plan Rows": 901342, "Plan Width": 24, "Actual Min Startup Time": 2648.309, "Actual Max Startup Time": 2658.987, "Actual Min Total Time": 4210.018, "Actual Max Total Time": 5937.182, "Plans": [{"Node Type": "Hash Join", "Parent Relationship": "Outer", "Join Type": "Inner", "Startup Cost": 202522.7, "Total Cost": 234824.58, "Plan Rows": 901342, "Plan Width": 24, "Actual Min Startup Time": 2900.815, "Actual Max Startup Time": 2900.815, "Actual Min Total Time": 3642.451, "Actual Max Total Time": 3642.451, "Inner Unique": true, "Hash Cond": "(an1.person_id = n1.id), (LLVM Optimized, Jit Execute)", "Plans": [{"Node Type": "Seq Scan", "Parent Relationship": "Outer", "Relation Name": "aka_name", "Alias": "an1", "Startup Cost": 0.0, "Total Cost": 19908.42, "Plan Rows": 901342, "Plan Width": 20, "Actual Min Startup Time": 0.033, "Actual Max Startup Time": 0.033, "Actual Min Total Time": 226.164, "Actual Max Total Time": 226.164, "Actual Rows": 901342}, {"Node Type": "Hash", "Parent Relationship": "Inner", "Startup Cost": 150429.08, "Total Cost": 150429.08, "Plan Rows": 4167490, "Plan Width": 4, "Actual Min Startup Time": 2898.206, "Actual Max Startup Time": 2898.206, "Actual Min Total Time": 2898.206, "Actual Max Total Time": 2898.206, "Max Hash Buckets": 4194304, "Min Hash Buckets": 4194304, "Max Hash Batches": 1, "Min Hash Batches": 1, "Max Original Hash Batches": 1, "Min Original Hash Batches": 1, "Max Peak Memory Usage": 146514, "min Peak Memory Usage": 146514, "Plans": [{"Node Type": "Streaming(type: LOCAL GATHER dop: 1/64)", "Parent Relationship": "Outer", "Startup Cost": 0.0, "Total Cost": 150429.08, "Plan Rows": 4167490, "Plan Width": 4, "Actual Min Startup Time": 0.152, "Actual Max Startup Time": 0.152, "Actual Min Total Time": 1744.697, "Actual Max Total Time": 1744.697, "Plans": [{"Node Type": "Seq Scan", "Parent Relationship": "Outer", "Relation Name": "name", "Alias": "n1", "Startup Cost": 0.0, "Total Cost": 64454.25, "Plan Rows": 4167490, "Plan Width": 4, "Actual Min Startup Time": 0.018, "Actual Max Startup Time": 0.044, "Actual Min Total Time": 18.96, "Actual Max Total Time": 23.576, "Actual Rows": 4167490}], "Actual Rows": 4167490}], "Actual Rows": 4167490}], "Actual Rows": 901342}], "Actual Rows": 901342}, {"Node Type": "Hash", "Parent Relationship": "Inner", "Startup Cost": 203464.29, "Total Cost": 203464.29, "Plan Rows": 3296318, "Plan Width": 8, "Actual Min Startup Time": 251.014, "Actual Max Startup Time": 617.726, "Actual Min Total Time": 251.014, "Actual Max Total Time": 617.726, "Max Hash Buckets": 65536, "Min Hash Buckets": 65536, "Max Hash Batches": 1, "Min Hash Batches": 1, "Max Original Hash Batches": 1, "Min Original Hash Batches": 1, "Max Peak Memory Usage": 153, "min Peak Memory Usage": 153, "Plans": [{"Node Type": "Streaming(type: LOCAL REDISTRIBUTE dop: 64/64)", "Parent Relationship": "Outer", "Startup Cost": 63002.48, "Total Cost": 203464.29, "Plan Rows": 3296318, "Plan Width": 8, "Actual Min Startup Time": 0.126, "Actual Max Startup Time": 331.621, "Actual Min Total Time": 250.064, "Actual Max Total Time": 616.635, "Plans": [{"Node Type": "Hash Join", "Parent Relationship": "Outer", "Join Type": "Inner", "Startup Cost": 63002.48, "Total Cost": 137341.8, "Plan Rows": 3296318, "Plan Width": 8, "Actual Min Startup Time": 184.436, "Actual Max Startup Time": 286.242, "Actual Min Total Time": 231.359, "Actual Max Total Time": 286.242, "Inner Unique": true, "Hash Cond": "(ci.role_id = rt.id), (LLVM Optimized, Jit Execute)", "Plans": [{"Node Type": "Seq Scan", "Parent Relationship": "Outer", "Relation Name": "cast_info", "Alias": "ci", "Startup Cost": 0.0, "Total Cost": 72404.34, "Plan Rows": 36259494, "Plan Width": 12, "Actual Min Startup Time": 0.027, "Actual Max Startup Time": 0.061, "Actual Min Total Time": 127.977, "Actual Max Total Time": 141.649, "Actual Rows": 36244343}, {"Node Type": "Hash", "Parent Relationship": "Inner", "Startup Cost": 63002.47, "Total Cost": 63002.47, "Plan Rows": 64, "Plan Width": 4, "Actual Min Startup Time": 0.012, "Actual Max Startup Time": 54.189, "Actual Min Total Time": 0.012, "Actual Max Total Time": 54.189, "Max Hash Buckets": 32768, "Min Hash Buckets": 32768, "Max Hash Batches": 1, "Min Hash Batches": 1, "Max Original Hash Batches": 1, "Min Original Hash Batches": 1, "Max Peak Memory Usage": 1, "min Peak Memory Usage": 1, "Plans": [{"Node Type": "Streaming(type: BROADCAST dop: 64/1)", "Parent Relationship": "Outer", "Startup Cost": 0.0, "Total Cost": 63002.47, "Plan Rows": 64, "Plan Width": 4, "Actual Min Startup Time": 0.003, "Actual Max Startup Time": 54.169, "Actual Min Total Time": 0.004, "Actual Max Total Time": 54.17, "Plans": [{"Node Type": "Seq Scan", "Parent Relationship": "Outer", "Relation Name": "role_type", "Alias": "rt", "Startup Cost": 0.0, "Total Cost": 1.15, "Plan Rows": 1, "Plan Width": 4, "Actual Min Startup Time": 0.026, "Actual Max Startup Time": 0.026, "Actual Min Total Time": 0.03, "Actual Max Total Time": 0.03, "Filter": "((role)::text = 'costume designer'::text)", "Rows Removed by Filter": 11, "Actual Rows": 1}], "Actual Rows": 64}], "Actual Rows": 64}], "Actual Rows": 276403}], "Actual Rows": 276403}], "Actual Rows": 276403}], "Actual Rows": 218966}], "Actual Rows": 218966}, {"Node Type": "Hash", "Parent Relationship": "Inner", "Startup Cost": 169365.79, "Total Cost": 169365.79, "Plan Rows": 2609128, "Plan Width": 29, "Actual Min Startup Time": 5122.871, "Actual Max Startup Time": 5122.871, "Actual Min Total Time": 5122.871, "Actual Max Total Time": 5122.871, "Max Hash Buckets": 4194304, "Min Hash Buckets": 4194304, "Max Hash Batches": 1, "Min Hash Batches": 1, "Max Original Hash Batches": 1, "Min Original Hash Batches": 1, "Max Peak Memory Usage": 164769, "min Peak Memory Usage": 164769, "Plans": [{"Node Type": "Hash Join", "Parent Relationship": "Outer", "Join Type": "Inner", "Startup Cost": 91673.0, "Total Cost": 169365.79, "Plan Rows": 2609128, "Plan Width": 29, "Actual Min Startup Time": 1876.312, "Actual Max Startup Time": 1876.312, "Actual Min Total Time": 4112.233, "Actual Max Total Time": 4112.233, "Inner Unique": true, "Hash Cond": "(mc.movie_id = t.id), (LLVM Optimized, Jit Execute)", "Plans": [{"Node Type": "Seq Scan", "Parent Relationship": "Outer", "Relation Name": "movie_companies", "Alias": "mc", "Startup Cost": 0.0, "Total Cost": 41817.28, "Plan Rows": 2609128, "Plan Width": 8, "Actual Min Startup Time": 0.034, "Actual Max Startup Time": 0.034, "Actual Min Total Time": 589.387, "Actual Max Total Time": 589.387, "Actual Rows": 2609128}, {"Node Type": "Hash", "Parent Relationship": "Inner", "Startup Cost": 60069.11, "Total Cost": 60069.11, "Plan Rows": 2528311, "Plan Width": 21, "Actual Min Startup Time": 1873.717, "Actual Max Startup Time": 1873.717, "Actual Min Total Time": 1873.717, "Actual Max Total Time": 1873.717, "Max Hash Buckets": 4194304, "Min Hash Buckets": 4194304, "Max Hash Batches": 1, "Min Hash Batches": 1, "Max Original Hash Batches": 1, "Min Original Hash Batches": 1, "Max Peak Memory Usage": 135869, "min Peak Memory Usage": 135869, "Plans": [{"Node Type": "Seq Scan", "Parent Relationship": "Outer", "Relation Name": "title", "Alias": "t", "Startup Cost": 0.0, "Total Cost": 60069.11, "Plan Rows": 2528311, "Plan Width": 21, "Actual Min Startup Time": 0.031, "Actual Max Startup Time": 0.031, "Actual Min Total Time": 853.163, "Actual Max Total Time": 853.163, "Actual Rows": 2528311}], "Actual Rows": 2528311}], "Actual Rows": 2609128}], "Actual Rows": 2609128}], "Actual Rows": 752819}, {"Node Type": "Hash", "Parent Relationship": "Inner", "Startup Cost": 5903.45, "Total Cost": 5903.45, "Plan Rows": 85170, "Plan Width": 4, "Actual Min Startup Time": 118.572, "Actual Max Startup Time": 118.572, "Actual Min Total Time": 118.572, "Actual Max Total Time": 118.572, "Max Hash Buckets": 131072, "Min Hash Buckets": 131072, "Max Hash Batches": 1, "Min Hash Batches": 1, "Max Original Hash Batches": 1, "Min Original Hash Batches": 1, "Max Peak Memory Usage": 2983, "min Peak Memory Usage": 2983, "Plans": [{"Node Type": "Seq Scan", "Parent Relationship": "Outer", "Relation Name": "company_name", "Alias": "cn", "Startup Cost": 0.0, "Total Cost": 5903.45, "Plan Rows": 85170, "Plan Width": 4, "Actual Min Startup Time": 0.062, "Actual Max Startup Time": 0.062, "Actual Min Total Time": 96.64, "Actual Max Total Time": 96.64, "Filter": "((country_code)::text = '[us]'::text)", "Rows Removed by Filter": 150153, "Actual Rows": 84843}], "Actual Rows": 84843}], "Actual Rows": 323005}], "Actual Rows": 1}, "Triggers": [], "Planner Runtime": 175.338, "Total Runtime": 6911.384, "Unique SQL Id": 2457761703}}, "(64, '109')": {"explain_plan": {"Plan": {"Node Type": "Aggregate", "Strategy": "Plain", "Startup Cost": 824512.34, "Total Cost": 824512.35, "Plan Rows": 1, "Plan Width": 97, "Plans": [{"Node Type": "Hash Join", "Parent Relationship": "Outer", "Join Type": "Inner", "Startup Cost": 746775.06, "Total Cost": 822726.85, "Plan Rows": 357098, "Plan Width": 33, "Inner Unique": false, "Hash Cond": "(an1.person_id = n1.id), (LLVM Optimized)", "Plans": [{"Node Type": "Index Scan", "Parent Relationship": "Outer", "Scan Direction": "Forward", "Index Name": "person_id_aka_name", "Relation Name": "aka_name", "Alias": "an1", "Startup Cost": 0.0, "Total Cost": 68965.03, "Plan Rows": 901342, "Plan Width": 20}, {"Node Type": "Hash", "Parent Relationship": "Inner", "Startup Cost": 737894.33, "Total Cost": 737894.33, "Plan Rows": 710459, "Plan Width": 25, "Plans": [{"Node Type": "Nested Loop", "Parent Relationship": "Outer", "Join Type": "Inner", "Startup Cost": 333231.89, "Total Cost": 737894.33, "Plan Rows": 710459, "Plan Width": 25, "Inner Unique": true, "Plans": [{"Node Type": "Hash Join", "Parent Relationship": "Outer", "Join Type": "Inner", "Startup Cost": 333231.89, "Total Cost": 533716.49, "Plan Rows": 710459, "Plan Width": 21, "Inner Unique": false, "Hash Cond": "(ci.movie_id = t.id), (LLVM Optimized)", "Plans": [{"Node Type": "Nested Loop", "Parent Relationship": "Outer", "Join Type": "Inner", "Startup Cost": 0.0, "Total Cost": 171418.25, "Plan Rows": 3296318, "Plan Width": 8, "Inner Unique": false, "Plans": [{"Node Type": "Index Scan", "Parent Relationship": "Outer", "Scan Direction": "Forward", "Index Name": "role_type_pkey", "Relation Name": "role_type", "Alias": "rt", "Startup Cost": 0.0, "Total Cost": 12.46, "Plan Rows": 1, "Plan Width": 4, "Filter": "((role)::text = 'costume designer'::text)"}, {"Node Type": "Index Scan", "Parent Relationship": "Inner", "Scan Direction": "Forward", "Index Name": "role_id_cast_info", "Relation Name": "cast_info", "Alias": "ci", "Startup Cost": 0.0, "Total Cost": 138442.61, "Plan Rows": 3296318, "Plan Width": 12, "Index Cond": "(role_id = rt.id), (LLVM Optimized)"}]}, {"Node Type": "Hash", "Parent Relationship": "Inner", "Startup Cost": 317203.01, "Total Cost": 317203.01, "Plan Rows": 1282311, "Plan Width": 25, "Plans": [{"Node Type": "Hash Join", "Parent Relationship": "Outer", "Join Type": "Inner", "Startup Cost": 153290.39, "Total Cost": 317203.01, "Plan Rows": 1282311, "Plan Width": 25, "Inner Unique": true, "Hash Cond": "(mc.movie_id = t.id), (LLVM Optimized)", "Plans": [{"Node Type": "Hash Join", "Parent Relationship": "Outer", "Join Type": "Inner", "Startup Cost": 11566.01, "Total Cost": 157846.85, "Plan Rows": 1282311, "Plan Width": 4, "Inner Unique": true, "Hash Cond": "(mc.company_id = cn.id), (LLVM Optimized)", "Plans": [{"Node Type": "Index Scan", "Parent Relationship": "Outer", "Scan Direction": "Forward", "Index Name": "company_id_movie_companies", "Relation Name": "movie_companies", "Alias": "mc", "Startup Cost": 0.0, "Total Cost": 123673.5, "Plan Rows": 2609128, "Plan Width": 8}, {"Node Type": "Hash", "Parent Relationship": "Inner", "Startup Cost": 10501.39, "Total Cost": 10501.39, "Plan Rows": 85170, "Plan Width": 4, "Plans": [{"Node Type": "Index Scan", "Parent Relationship": "Outer", "Scan Direction": "Forward", "Index Name": "company_name_pkey", "Relation Name": "company_name", "Alias": "cn", "Startup Cost": 0.0, "Total Cost": 10501.39, "Plan Rows": 85170, "Plan Width": 4, "Filter": "((country_code)::text = '[us]'::text)"}]}]}, {"Node Type": "Hash", "Parent Relationship": "Inner", "Startup Cost": 110120.49, "Total Cost": 110120.49, "Plan Rows": 2528311, "Plan Width": 21, "Plans": [{"Node Type": "Index Scan", "Parent Relationship": "Outer", "Scan Direction": "Forward", "Index Name": "title_pkey", "Relation Name": "title", "Alias": "t", "Startup Cost": 0.0, "Total Cost": 110120.49, "Plan Rows": 2528311, "Plan Width": 21}]}]}]}]}, {"Node Type": "Index Scan", "Parent Relationship": "Inner", "Scan Direction": "Forward", "Index Name": "name_pkey", "Relation Name": "name", "Alias": "n1", "Startup Cost": 0.0, "Total Cost": 0.28, "Plan Rows": 1, "Plan Width": 4, "Index Cond": "(id = ci.person_id)"}]}]}]}]}, "Unique SQL Id": 2457761703, "Planner Runtime": 89}, "explain_analyze_plan": {"Plan": {"Node Type": "Aggregate", "Strategy": "Plain", "Startup Cost": 824512.34, "Total Cost": 824512.35, "Plan Rows": 1, "Plan Width": 97, "Actual Startup Time": 12228.853, "Actual Total Time": 12228.854, "Actual Rows": 1, "Actual Loops": 1, "Plans": [{"Node Type": "Hash Join", "Parent Relationship": "Outer", "Join Type": "Inner", "Startup Cost": 746775.06, "Total Cost": 822726.85, "Plan Rows": 357098, "Plan Width": 33, "Actual Startup Time": 11069.279, "Actual Total Time": 12083.173, "Actual Rows": 323005, "Actual Loops": 1, "Inner Unique": false, "Hash Cond": "(an1.person_id = n1.id), (LLVM Optimized, Jit Execute)", "Plans": [{"Node Type": "Index Scan", "Parent Relationship": "Outer", "Scan Direction": "Forward", "Index Name": "person_id_aka_name", "Relation Name": "aka_name", "Alias": "an1", "Startup Cost": 0.0, "Total Cost": 68965.03, "Plan Rows": 901342, "Plan Width": 20, "Actual Startup Time": 0.043, "Actual Total Time": 729.431, "Actual Rows": 901342, "Actual Loops": 1}, {"Node Type": "Hash", "Parent Relationship": "Inner", "Startup Cost": 737894.33, "Total Cost": 737894.33, "Plan Rows": 710459, "Plan Width": 25, "Actual Startup Time": 11068.538, "Actual Total Time": 11068.538, "Actual Rows": 285537, "Actual Loops": 1, "Hash Buckets": 1048576, "Hash Batches": 1, "Original Hash Batches": 1, "Peak Memory Usage": 15952, "Plans": [{"Node Type": "Nested Loop", "Parent Relationship": "Outer", "Join Type": "Inner", "Startup Cost": 333231.89, "Total Cost": 737894.33, "Plan Rows": 710459, "Plan Width": 25, "Actual Startup Time": 9582.083, "Actual Total Time": 10956.543, "Actual Rows": 285537, "Actual Loops": 1, "Inner Unique": true, "Plans": [{"Node Type": "Hash Join", "Parent Relationship": "Outer", "Join Type": "Inner", "Startup Cost": 333231.89, "Total Cost": 533716.49, "Plan Rows": 710459, "Plan Width": 21, "Actual Startup Time": 9582.049, "Actual Total Time": 9969.726, "Actual Rows": 285537, "Actual Loops": 1, "Inner Unique": false, "Hash Cond": "(ci.movie_id = t.id), (LLVM Optimized, Jit Execute)", "Plans": [{"Node Type": "Nested Loop", "Parent Relationship": "Outer", "Join Type": "Inner", "Startup Cost": 0.0, "Total Cost": 171418.25, "Plan Rows": 3296318, "Plan Width": 8, "Actual Startup Time": 0.067, "Actual Total Time": 208.724, "Actual Rows": 276403, "Actual Loops": 1, "Inner Unique": false, "Plans": [{"Node Type": "Index Scan", "Parent Relationship": "Outer", "Scan Direction": "Forward", "Index Name": "role_type_pkey", "Relation Name": "role_type", "Alias": "rt", "Startup Cost": 0.0, "Total Cost": 12.46, "Plan Rows": 1, "Plan Width": 4, "Actual Startup Time": 0.022, "Actual Total Time": 0.042, "Actual Rows": 1, "Actual Loops": 1, "Filter": "((role)::text = 'costume designer'::text)", "Rows Removed by Filter": 11}, {"Node Type": "Index Scan", "Parent Relationship": "Inner", "Scan Direction": "Forward", "Index Name": "role_id_cast_info", "Relation Name": "cast_info", "Alias": "ci", "Startup Cost": 0.0, "Total Cost": 138442.61, "Plan Rows": 3296318, "Plan Width": 12, "Actual Startup Time": 0.039, "Actual Total Time": 152.508, "Actual Rows": 276403, "Actual Loops": 1, "Index Cond": "(role_id = rt.id), (LLVM Optimized, Jit Execute)", "Rows Removed by Index Recheck": 0}]}, {"Node Type": "Hash", "Parent Relationship": "Inner", "Startup Cost": 317203.01, "Total Cost": 317203.01, "Plan Rows": 1282311, "Plan Width": 25, "Actual Startup Time": 9575.63, "Actual Total Time": 9575.63, "Actual Rows": 1153797, "Actual Loops": 1, "Hash Buckets": 2097152, "Hash Batches": 1, "Original Hash Batches": 1, "Peak Memory Usage": 68508, "Plans": [{"Node Type": "Hash Join", "Parent Relationship": "Outer", "Join Type": "Inner", "Startup Cost": 153290.39, "Total Cost": 317203.01, "Plan Rows": 1282311, "Plan Width": 25, "Actual Startup Time": 4552.827, "Actual Total Time": 9131.849, "Actual Rows": 1153797, "Actual Loops": 1, "Inner Unique": true, "Hash Cond": "(mc.movie_id = t.id), (LLVM Optimized, Jit Execute)", "Plans": [{"Node Type": "Hash Join", "Parent Relationship": "Outer", "Join Type": "Inner", "Startup Cost": 11566.01, "Total Cost": 157846.85, "Plan Rows": 1282311, "Plan Width": 4, "Actual Startup Time": 348.095, "Actual Total Time": 4291.946, "Actual Rows": 1153797, "Actual Loops": 1, "Inner Unique": true, "Hash Cond": "(mc.company_id = cn.id), (LLVM Optimized, Jit Execute)", "Plans": [{"Node Type": "Index Scan", "Parent Relationship": "Outer", "Scan Direction": "Forward", "Index Name": "company_id_movie_companies", "Relation Name": "movie_companies", "Alias": "mc", "Startup Cost": 0.0, "Total Cost": 123673.5, "Plan Rows": 2609128, "Plan Width": 8, "Actual Startup Time": 0.028, "Actual Total Time": 3182.173, "Actual Rows": 2609128, "Actual Loops": 1}, {"Node Type": "Hash", "Parent Relationship": "Inner", "Startup Cost": 10501.39, "Total Cost": 10501.39, "Plan Rows": 85170, "Plan Width": 4, "Actual Startup Time": 347.972, "Actual Total Time": 347.972, "Actual Rows": 84843, "Actual Loops": 1, "Hash Buckets": 131072, "Hash Batches": 1, "Original Hash Batches": 1, "Peak Memory Usage": 2983, "Plans": [{"Node Type": "Index Scan", "Parent Relationship": "Outer", "Scan Direction": "Forward", "Index Name": "company_name_pkey", "Relation Name": "company_name", "Alias": "cn", "Startup Cost": 0.0, "Total Cost": 10501.39, "Plan Rows": 85170, "Plan Width": 4, "Actual Startup Time": 0.028, "Actual Total Time": 323.199, "Actual Rows": 84843, "Actual Loops": 1, "Filter": "((country_code)::text = '[us]'::text)", "Rows Removed by Filter": 150153}]}]}, {"Node Type": "Hash", "Parent Relationship": "Inner", "Startup Cost": 110120.49, "Total Cost": 110120.49, "Plan Rows": 2528311, "Plan Width": 21, "Actual Startup Time": 4202.234, "Actual Total Time": 4202.234, "Actual Rows": 2528311, "Actual Loops": 1, "Hash Buckets": 4194304, "Hash Batches": 1, "Original Hash Batches": 1, "Peak Memory Usage": 135869, "Plans": [{"Node Type": "Index Scan", "Parent Relationship": "Outer", "Scan Direction": "Forward", "Index Name": "title_pkey", "Relation Name": "title", "Alias": "t", "Startup Cost": 0.0, "Total Cost": 110120.49, "Plan Rows": 2528311, "Plan Width": 21, "Actual Startup Time": 0.035, "Actual Total Time": 3253.548, "Actual Rows": 2528311, "Actual Loops": 1}]}]}]}]}, {"Node Type": "Index Scan", "Parent Relationship": "Inner", "Scan Direction": "Forward", "Index Name": "name_pkey", "Relation Name": "name", "Alias": "n1", "Startup Cost": 0.0, "Total Cost": 0.28, "Plan Rows": 1, "Plan Width": 4, "Actual Startup Time": 773.041, "Actual Total Time": 773.041, "Actual Rows": 285537, "Actual Loops": 285537, "Index Cond": "(id = ci.person_id)", "Rows Removed by Index Recheck": 0}]}]}]}]}, "Triggers": [], "Planner Runtime": 89.122, "Total Runtime": 12240.153, "Unique SQL Id": 2457761703}}, "(64, '110')": {"explain_plan": {"Plan": {"Node Type": "Aggregate", "Strategy": "Plain", "Startup Cost": 528738.29, "Total Cost": 528738.3, "Plan Rows": 1, "Plan Width": 97, "Plans": [{"Node Type": "Hash Join", "Parent Relationship": "Outer", "Join Type": "Inner", "Startup Cost": 336662.4, "Total Cost": 526952.8, "Plan Rows": 357098, "Plan Width": 33, "Inner Unique": true, "Hash Cond": "(mc.company_id = cn.id), (LLVM Optimized)", "Plans": [{"Node Type": "Hash Join", "Parent Relationship": "Outer", "Join Type": "Inner", "Startup Cost": 329694.33, "Total Cost": 513689.03, "Plan Rows": 726589, "Plan Width": 37, "Inner Unique": false, "Hash Cond": "(ci.movie_id = t.id), (LLVM Optimized)", "Plans": [{"Node Type": "Streaming(type: LOCAL GATHER dop: 1/64)", "Parent Relationship": "Outer", "Startup Cost": 254738.78, "Total Cost": 417857.9, "Plan Rows": 1484588, "Plan Width": 20, "Plans": [{"Node Type": "Hash Join", "Parent Relationship": "Outer", "Join Type": "Inner", "Startup Cost": 254738.78, "Total Cost": 387231.02, "Plan Rows": 1484588, "Plan Width": 20, "Inner Unique": false, "Hash Cond": "(an1.person_id = ci.person_id), (LLVM Optimized)", "Plans": [{"Node Type": "Streaming(type: LOCAL REDISTRIBUTE dop: 64/1)", "Parent Relationship": "Outer", "Startup Cost": 202522.7, "Total Cost": 334446.0, "Plan Rows": 901342, "Plan Width": 24, "Plans": [{"Node Type": "Hash Join", "Parent Relationship": "Outer", "Join Type": "Inner", "Startup Cost": 202522.7, "Total Cost": 234824.58, "Plan Rows": 901342, "Plan Width": 24, "Inner Unique": true, "Hash Cond": "(an1.person_id = n1.id), (LLVM Optimized)", "Plans": [{"Node Type": "Seq Scan", "Parent Relationship": "Outer", "Relation Name": "aka_name", "Alias": "an1", "Startup Cost": 0.0, "Total Cost": 19908.42, "Plan Rows": 901342, "Plan Width": 20}, {"Node Type": "Hash", "Parent Relationship": "Inner", "Startup Cost": 150429.08, "Total Cost": 150429.08, "Plan Rows": 4167490, "Plan Width": 4, "Plans": [{"Node Type": "Streaming(type: LOCAL GATHER dop: 1/64)", "Parent Relationship": "Outer", "Startup Cost": 0.0, "Total Cost": 150429.08, "Plan Rows": 4167490, "Plan Width": 4, "Plans": [{"Node Type": "Seq Scan", "Parent Relationship": "Outer", "Relation Name": "name", "Alias": "n1", "Startup Cost": 0.0, "Total Cost": 64454.25, "Plan Rows": 4167490, "Plan Width": 4}]}]}]}]}, {"Node Type": "Hash", "Parent Relationship": "Inner", "Startup Cost": 203464.29, "Total Cost": 203464.29, "Plan Rows": 3296318, "Plan Width": 8, "Plans": [{"Node Type": "Streaming(type: LOCAL REDISTRIBUTE dop: 64/64)", "Parent Relationship": "Outer", "Startup Cost": 63002.48, "Total Cost": 203464.29, "Plan Rows": 3296318, "Plan Width": 8, "Plans": [{"Node Type": "Hash Join", "Parent Relationship": "Outer", "Join Type": "Inner", "Startup Cost": 63002.48, "Total Cost": 137341.8, "Plan Rows": 3296318, "Plan Width": 8, "Inner Unique": true, "Hash Cond": "(ci.role_id = rt.id), (LLVM Optimized)", "Plans": [{"Node Type": "Seq Scan", "Parent Relationship": "Outer", "Relation Name": "cast_info", "Alias": "ci", "Startup Cost": 0.0, "Total Cost": 72404.34, "Plan Rows": 36259494, "Plan Width": 12}, {"Node Type": "Hash", "Parent Relationship": "Inner", "Startup Cost": 63002.47, "Total Cost": 63002.47, "Plan Rows": 64, "Plan Width": 4, "Plans": [{"Node Type": "Streaming(type: BROADCAST dop: 64/1)", "Parent Relationship": "Outer", "Startup Cost": 0.0, "Total Cost": 63002.47, "Plan Rows": 64, "Plan Width": 4, "Plans": [{"Node Type": "Seq Scan", "Parent Relationship": "Outer", "Relation Name": "role_type", "Alias": "rt", "Startup Cost": 0.0, "Total Cost": 1.15, "Plan Rows": 1, "Plan Width": 4, "Filter": "((role)::text = 'costume designer'::text)"}]}]}]}]}]}]}]}, {"Node Type": "Hash", "Parent Relationship": "Inner", "Startup Cost": 169365.79, "Total Cost": 169365.79, "Plan Rows": 2609128, "Plan Width": 29, "Plans": [{"Node Type": "Hash Join", "Parent Relationship": "Outer", "Join Type": "Inner", "Startup Cost": 91673.0, "Total Cost": 169365.79, "Plan Rows": 2609128, "Plan Width": 29, "Inner Unique": true, "Hash Cond": "(mc.movie_id = t.id), (LLVM Optimized)", "Plans": [{"Node Type": "Seq Scan", "Parent Relationship": "Outer", "Relation Name": "movie_companies", "Alias": "mc", "Startup Cost": 0.0, "Total Cost": 41817.28, "Plan Rows": 2609128, "Plan Width": 8}, {"Node Type": "Hash", "Parent Relationship": "Inner", "Startup Cost": 60069.11, "Total Cost": 60069.11, "Plan Rows": 2528311, "Plan Width": 21, "Plans": [{"Node Type": "Seq Scan", "Parent Relationship": "Outer", "Relation Name": "title", "Alias": "t", "Startup Cost": 0.0, "Total Cost": 60069.11, "Plan Rows": 2528311, "Plan Width": 21}]}]}]}]}, {"Node Type": "Hash", "Parent Relationship": "Inner", "Startup Cost": 5903.45, "Total Cost": 5903.45, "Plan Rows": 85170, "Plan Width": 4, "Plans": [{"Node Type": "Seq Scan", "Parent Relationship": "Outer", "Relation Name": "company_name", "Alias": "cn", "Startup Cost": 0.0, "Total Cost": 5903.45, "Plan Rows": 85170, "Plan Width": 4, "Filter": "((country_code)::text = '[us]'::text)"}]}]}]}, "Unique SQL Id": 2457761703, "Planner Runtime": 173}, "explain_analyze_plan": {"Plan": {"Node Type": "Aggregate", "Strategy": "Plain", "Startup Cost": 528738.29, "Total Cost": 528738.3, "Plan Rows": 1, "Plan Width": 97, "Actual Min Startup Time": 6856.27, "Actual Max Startup Time": 6856.27, "Actual Min Total Time": 6856.271, "Actual Max Total Time": 6856.271, "Plans": [{"Node Type": "Hash Join", "Parent Relationship": "Outer", "Join Type": "Inner", "Startup Cost": 336662.4, "Total Cost": 526952.8, "Plan Rows": 357098, "Plan Width": 33, "Actual Min Startup Time": 5249.401, "Actual Max Startup Time": 5249.401, "Actual Min Total Time": 6705.964, "Actual Max Total Time": 6705.964, "Inner Unique": true, "Hash Cond": "(mc.company_id = cn.id), (LLVM Optimized, Jit Execute)", "Plans": [{"Node Type": "Hash Join", "Parent Relationship": "Outer", "Join Type": "Inner", "Startup Cost": 329694.33, "Total Cost": 513689.03, "Plan Rows": 726589, "Plan Width": 37, "Actual Min Startup Time": 5130.68, "Actual Max Startup Time": 5130.68, "Actual Min Total Time": 6388.767, "Actual Max Total Time": 6388.767, "Inner Unique": false, "Hash Cond": "(ci.movie_id = t.id), (LLVM Optimized, Jit Execute)", "Plans": [{"Node Type": "Streaming(type: LOCAL GATHER dop: 1/64)", "Parent Relationship": "Outer", "Startup Cost": 254738.78, "Total Cost": 417857.9, "Plan Rows": 1484588, "Plan Width": 20, "Actual Min Startup Time": 0.186, "Actual Max Startup Time": 0.186, "Actual Min Total Time": 983.556, "Actual Max Total Time": 983.556, "Plans": [{"Node Type": "Hash Join", "Parent Relationship": "Outer", "Join Type": "Inner", "Startup Cost": 254738.78, "Total Cost": 387231.02, "Plan Rows": 1484588, "Plan Width": 20, "Actual Min Startup Time": 2904.02, "Actual Max Startup Time": 5001.056, "Actual Min Total Time": 4507.096, "Actual Max Total Time": 6552.353, "Inner Unique": false, "Hash Cond": "(an1.person_id = ci.person_id), (LLVM Optimized, Jit Execute)", "Plans": [{"Node Type": "Streaming(type: LOCAL REDISTRIBUTE dop: 64/1)", "Parent Relationship": "Outer", "Startup Cost": 202522.7, "Total Cost": 334446.0, "Plan Rows": 901342, "Plan Width": 24, "Actual Min Startup Time": 2648.309, "Actual Max Startup Time": 2658.987, "Actual Min Total Time": 4210.018, "Actual Max Total Time": 5937.182, "Plans": [{"Node Type": "Hash Join", "Parent Relationship": "Outer", "Join Type": "Inner", "Startup Cost": 202522.7, "Total Cost": 234824.58, "Plan Rows": 901342, "Plan Width": 24, "Actual Min Startup Time": 2900.815, "Actual Max Startup Time": 2900.815, "Actual Min Total Time": 3642.451, "Actual Max Total Time": 3642.451, "Inner Unique": true, "Hash Cond": "(an1.person_id = n1.id), (LLVM Optimized, Jit Execute)", "Plans": [{"Node Type": "Seq Scan", "Parent Relationship": "Outer", "Relation Name": "aka_name", "Alias": "an1", "Startup Cost": 0.0, "Total Cost": 19908.42, "Plan Rows": 901342, "Plan Width": 20, "Actual Min Startup Time": 0.033, "Actual Max Startup Time": 0.033, "Actual Min Total Time": 226.164, "Actual Max Total Time": 226.164, "Actual Rows": 901342}, {"Node Type": "Hash", "Parent Relationship": "Inner", "Startup Cost": 150429.08, "Total Cost": 150429.08, "Plan Rows": 4167490, "Plan Width": 4, "Actual Min Startup Time": 2898.206, "Actual Max Startup Time": 2898.206, "Actual Min Total Time": 2898.206, "Actual Max Total Time": 2898.206, "Max Hash Buckets": 4194304, "Min Hash Buckets": 4194304, "Max Hash Batches": 1, "Min Hash Batches": 1, "Max Original Hash Batches": 1, "Min Original Hash Batches": 1, "Max Peak Memory Usage": 146514, "min Peak Memory Usage": 146514, "Plans": [{"Node Type": "Streaming(type: LOCAL GATHER dop: 1/64)", "Parent Relationship": "Outer", "Startup Cost": 0.0, "Total Cost": 150429.08, "Plan Rows": 4167490, "Plan Width": 4, "Actual Min Startup Time": 0.152, "Actual Max Startup Time": 0.152, "Actual Min Total Time": 1744.697, "Actual Max Total Time": 1744.697, "Plans": [{"Node Type": "Seq Scan", "Parent Relationship": "Outer", "Relation Name": "name", "Alias": "n1", "Startup Cost": 0.0, "Total Cost": 64454.25, "Plan Rows": 4167490, "Plan Width": 4, "Actual Min Startup Time": 0.018, "Actual Max Startup Time": 0.044, "Actual Min Total Time": 18.96, "Actual Max Total Time": 23.576, "Actual Rows": 4167490}], "Actual Rows": 4167490}], "Actual Rows": 4167490}], "Actual Rows": 901342}], "Actual Rows": 901342}, {"Node Type": "Hash", "Parent Relationship": "Inner", "Startup Cost": 203464.29, "Total Cost": 203464.29, "Plan Rows": 3296318, "Plan Width": 8, "Actual Min Startup Time": 251.014, "Actual Max Startup Time": 617.726, "Actual Min Total Time": 251.014, "Actual Max Total Time": 617.726, "Max Hash Buckets": 65536, "Min Hash Buckets": 65536, "Max Hash Batches": 1, "Min Hash Batches": 1, "Max Original Hash Batches": 1, "Min Original Hash Batches": 1, "Max Peak Memory Usage": 153, "min Peak Memory Usage": 153, "Plans": [{"Node Type": "Streaming(type: LOCAL REDISTRIBUTE dop: 64/64)", "Parent Relationship": "Outer", "Startup Cost": 63002.48, "Total Cost": 203464.29, "Plan Rows": 3296318, "Plan Width": 8, "Actual Min Startup Time": 0.126, "Actual Max Startup Time": 331.621, "Actual Min Total Time": 250.064, "Actual Max Total Time": 616.635, "Plans": [{"Node Type": "Hash Join", "Parent Relationship": "Outer", "Join Type": "Inner", "Startup Cost": 63002.48, "Total Cost": 137341.8, "Plan Rows": 3296318, "Plan Width": 8, "Actual Min Startup Time": 184.436, "Actual Max Startup Time": 286.242, "Actual Min Total Time": 231.359, "Actual Max Total Time": 286.242, "Inner Unique": true, "Hash Cond": "(ci.role_id = rt.id), (LLVM Optimized, Jit Execute)", "Plans": [{"Node Type": "Seq Scan", "Parent Relationship": "Outer", "Relation Name": "cast_info", "Alias": "ci", "Startup Cost": 0.0, "Total Cost": 72404.34, "Plan Rows": 36259494, "Plan Width": 12, "Actual Min Startup Time": 0.027, "Actual Max Startup Time": 0.061, "Actual Min Total Time": 127.977, "Actual Max Total Time": 141.649, "Actual Rows": 36244343}, {"Node Type": "Hash", "Parent Relationship": "Inner", "Startup Cost": 63002.47, "Total Cost": 63002.47, "Plan Rows": 64, "Plan Width": 4, "Actual Min Startup Time": 0.012, "Actual Max Startup Time": 54.189, "Actual Min Total Time": 0.012, "Actual Max Total Time": 54.189, "Max Hash Buckets": 32768, "Min Hash Buckets": 32768, "Max Hash Batches": 1, "Min Hash Batches": 1, "Max Original Hash Batches": 1, "Min Original Hash Batches": 1, "Max Peak Memory Usage": 1, "min Peak Memory Usage": 1, "Plans": [{"Node Type": "Streaming(type: BROADCAST dop: 64/1)", "Parent Relationship": "Outer", "Startup Cost": 0.0, "Total Cost": 63002.47, "Plan Rows": 64, "Plan Width": 4, "Actual Min Startup Time": 0.003, "Actual Max Startup Time": 54.169, "Actual Min Total Time": 0.004, "Actual Max Total Time": 54.17, "Plans": [{"Node Type": "Seq Scan", "Parent Relationship": "Outer", "Relation Name": "role_type", "Alias": "rt", "Startup Cost": 0.0, "Total Cost": 1.15, "Plan Rows": 1, "Plan Width": 4, "Actual Min Startup Time": 0.026, "Actual Max Startup Time": 0.026, "Actual Min Total Time": 0.03, "Actual Max Total Time": 0.03, "Filter": "((role)::text = 'costume designer'::text)", "Rows Removed by Filter": 11, "Actual Rows": 1}], "Actual Rows": 64}], "Actual Rows": 64}], "Actual Rows": 276403}], "Actual Rows": 276403}], "Actual Rows": 276403}], "Actual Rows": 218966}], "Actual Rows": 218966}, {"Node Type": "Hash", "Parent Relationship": "Inner", "Startup Cost": 169365.79, "Total Cost": 169365.79, "Plan Rows": 2609128, "Plan Width": 29, "Actual Min Startup Time": 5122.871, "Actual Max Startup Time": 5122.871, "Actual Min Total Time": 5122.871, "Actual Max Total Time": 5122.871, "Max Hash Buckets": 4194304, "Min Hash Buckets": 4194304, "Max Hash Batches": 1, "Min Hash Batches": 1, "Max Original Hash Batches": 1, "Min Original Hash Batches": 1, "Max Peak Memory Usage": 164769, "min Peak Memory Usage": 164769, "Plans": [{"Node Type": "Hash Join", "Parent Relationship": "Outer", "Join Type": "Inner", "Startup Cost": 91673.0, "Total Cost": 169365.79, "Plan Rows": 2609128, "Plan Width": 29, "Actual Min Startup Time": 1876.312, "Actual Max Startup Time": 1876.312, "Actual Min Total Time": 4112.233, "Actual Max Total Time": 4112.233, "Inner Unique": true, "Hash Cond": "(mc.movie_id = t.id), (LLVM Optimized, Jit Execute)", "Plans": [{"Node Type": "Seq Scan", "Parent Relationship": "Outer", "Relation Name": "movie_companies", "Alias": "mc", "Startup Cost": 0.0, "Total Cost": 41817.28, "Plan Rows": 2609128, "Plan Width": 8, "Actual Min Startup Time": 0.034, "Actual Max Startup Time": 0.034, "Actual Min Total Time": 589.387, "Actual Max Total Time": 589.387, "Actual Rows": 2609128}, {"Node Type": "Hash", "Parent Relationship": "Inner", "Startup Cost": 60069.11, "Total Cost": 60069.11, "Plan Rows": 2528311, "Plan Width": 21, "Actual Min Startup Time": 1873.717, "Actual Max Startup Time": 1873.717, "Actual Min Total Time": 1873.717, "Actual Max Total Time": 1873.717, "Max Hash Buckets": 4194304, "Min Hash Buckets": 4194304, "Max Hash Batches": 1, "Min Hash Batches": 1, "Max Original Hash Batches": 1, "Min Original Hash Batches": 1, "Max Peak Memory Usage": 135869, "min Peak Memory Usage": 135869, "Plans": [{"Node Type": "Seq Scan", "Parent Relationship": "Outer", "Relation Name": "title", "Alias": "t", "Startup Cost": 0.0, "Total Cost": 60069.11, "Plan Rows": 2528311, "Plan Width": 21, "Actual Min Startup Time": 0.031, "Actual Max Startup Time": 0.031, "Actual Min Total Time": 853.163, "Actual Max Total Time": 853.163, "Actual Rows": 2528311}], "Actual Rows": 2528311}], "Actual Rows": 2609128}], "Actual Rows": 2609128}], "Actual Rows": 752819}, {"Node Type": "Hash", "Parent Relationship": "Inner", "Startup Cost": 5903.45, "Total Cost": 5903.45, "Plan Rows": 85170, "Plan Width": 4, "Actual Min Startup Time": 118.572, "Actual Max Startup Time": 118.572, "Actual Min Total Time": 118.572, "Actual Max Total Time": 118.572, "Max Hash Buckets": 131072, "Min Hash Buckets": 131072, "Max Hash Batches": 1, "Min Hash Batches": 1, "Max Original Hash Batches": 1, "Min Original Hash Batches": 1, "Max Peak Memory Usage": 2983, "min Peak Memory Usage": 2983, "Plans": [{"Node Type": "Seq Scan", "Parent Relationship": "Outer", "Relation Name": "company_name", "Alias": "cn", "Startup Cost": 0.0, "Total Cost": 5903.45, "Plan Rows": 85170, "Plan Width": 4, "Actual Min Startup Time": 0.062, "Actual Max Startup Time": 0.062, "Actual Min Total Time": 96.64, "Actual Max Total Time": 96.64, "Filter": "((country_code)::text = '[us]'::text)", "Rows Removed by Filter": 150153, "Actual Rows": 84843}], "Actual Rows": 84843}], "Actual Rows": 323005}], "Actual Rows": 1}, "Triggers": [], "Planner Runtime": 175.338, "Total Runtime": 6911.384, "Unique SQL Id": 2457761703}}, "(64, '111')": {"explain_plan": {"Plan": {"Node Type": "Aggregate", "Strategy": "Plain", "Startup Cost": 7000064078295.12, "Total Cost": 7000064078295.13, "Plan Rows": 1, "Plan Width": 97, "Plans": [{"Node Type": "Hash Join", "Parent Relationship": "Outer", "Join Type": "Inner", "Startup Cost": 5020049077959.01, "Total Cost": 7000064076509.63, "Plan Rows": 357098, "Plan Width": 33, "Inner Unique": true, "Hash Cond": "(ci.movie_id = t.id), (LLVM Optimized)", "Plans": [{"Node Type": "Hash Join", "Parent Relationship": "Outer", "Join Type": "Inner", "Startup Cost": 4020038034306.21, "Total Cost": 6000053027945.68, "Plan Rows": 357379, "Plan Width": 24, "Inner Unique": true, "Hash Cond": "(an1.person_id = n1.id), (LLVM Optimized)", "Plans": [{"Node Type": "Hash Join", "Parent Relationship": "Outer", "Join Type": "Inner", "Startup Cost": 3020020358937.88, "Total Cost": 5000035347663.39, "Plan Rows": 357379, "Plan Width": 32, "Inner Unique": false, "Hash Cond": "(ci.person_id = an1.person_id), (LLVM Optimized)", "Plans": [{"Node Type": "Hash Join", "Parent Relationship": "Outer", "Join Type": "Inner", "Startup Cost": 2020013451167.68, "Total Cost": 4000028220844.2, "Plan Rows": 711018, "Plan Width": 12, "Inner Unique": true, "Hash Cond": "(mc.company_id = cn.id), (LLVM Optimized)", "Plans": [{"Node Type": "Hash Join", "Parent Relationship": "Outer", "Join Type": "Inner", "Startup Cost": 1020012399964.08, "Total Cost": 3000027157105.25, "Plan Rows": 1446714, "Plan Width": 16, "Inner Unique": false, "Hash Cond": "(ci.movie_id = mc.movie_id), (LLVM Optimized)", "Plans": [{"Node Type": "Nested Loop", "Parent Relationship": "Outer", "Join Type": "Inner", "Startup Cost": 20000000000.0, "Total Cost": 2000013878470.18, "Plan Rows": 3296318, "Plan Width": 8, "Inner Unique": false, "Plans": [{"Node Type": "Index Scan", "Parent Relationship": "Outer", "Scan Direction": "Forward", "Index Name": "role_type_pkey", "Relation Name": "role_type", "Alias": "rt", "Startup Cost": 10000000000.0, "Total Cost": 1000000001246.0, "Plan Rows": 1, "Plan Width": 4, "Filter": "((role)::text = 'costume designer'::text)"}, {"Node Type": "Index Scan", "Parent Relationship": "Inner", "Scan Direction": "Forward", "Index Name": "role_id_cast_info", "Relation Name": "cast_info", "Alias": "ci", "Startup Cost": 10000000000.0, "Total Cost": 1000013844261.0, "Plan Rows": 3296318, "Plan Width": 12, "Index Cond": "(role_id = rt.id), (LLVM Optimized)"}]}, {"Node Type": "Hash", "Parent Relationship": "Inner", "Startup Cost": 1000012367349.98, "Total Cost": 1000012367349.98, "Plan Rows": 2609128, "Plan Width": 8, "Plans": [{"Node Type": "Index Scan", "Parent Relationship": "Outer", "Scan Direction": "Forward", "Index Name": "company_id_movie_companies", "Relation Name": "movie_companies", "Alias": "mc", "Startup Cost": 10000000000.0, "Total Cost": 1000012367349.98, "Plan Rows": 2609128, "Plan Width": 8}]}]}, {"Node Type": "Hash", "Parent Relationship": "Inner", "Startup Cost": 1000001050138.97, "Total Cost": 1000001050138.97, "Plan Rows": 85170, "Plan Width": 4, "Plans": [{"Node Type": "Index Scan", "Parent Relationship": "Outer", "Scan Direction": "Forward", "Index Name": "company_name_pkey", "Relation Name": "company_name", "Alias": "cn", "Startup Cost": 10000000000.0, "Total Cost": 1000001050138.97, "Plan Rows": 85170, "Plan Width": 4, "Filter": "((country_code)::text = '[us]'::text)"}]}]}, {"Node Type": "Hash", "Parent Relationship": "Inner", "Startup Cost": 1000006896503.43, "Total Cost": 1000006896503.43, "Plan Rows": 901342, "Plan Width": 20, "Plans": [{"Node Type": "Index Scan", "Parent Relationship": "Outer", "Scan Direction": "Forward", "Index Name": "person_id_aka_name", "Relation Name": "aka_name", "Alias": "an1", "Startup Cost": 10000000000.0, "Total Cost": 1000006896503.43, "Plan Rows": 901342, "Plan Width": 20}]}]}, {"Node Type": "Hash", "Parent Relationship": "Inner", "Startup Cost": 1000017623274.7, "Total Cost": 1000017623274.7, "Plan Rows": 4167490, "Plan Width": 4, "Plans": [{"Node Type": "Index Scan", "Parent Relationship": "Outer", "Scan Direction": "Forward", "Index Name": "name_pkey", "Relation Name": "name", "Alias": "n1", "Startup Cost": 10000000000.0, "Total Cost": 1000017623274.7, "Plan Rows": 4167490, "Plan Width": 4}]}]}, {"Node Type": "Hash", "Parent Relationship": "Inner", "Startup Cost": 1000011012048.91, "Total Cost": 1000011012048.91, "Plan Rows": 2528311, "Plan Width": 21, "Plans": [{"Node Type": "Index Scan", "Parent Relationship": "Outer", "Scan Direction": "Forward", "Index Name": "title_pkey", "Relation Name": "title", "Alias": "t", "Startup Cost": 10000000000.0, "Total Cost": 1000011012048.91, "Plan Rows": 2528311, "Plan Width": 21}]}]}]}, "Unique SQL Id": 2457761703, "Planner Runtime": 50}, "explain_analyze_plan": null}, "(64, '112')": {"explain_plan": {"Plan": {"Node Type": "Aggregate", "Strategy": "Plain", "Startup Cost": 1965944.02, "Total Cost": 1965944.03, "Plan Rows": 1, "Plan Width": 97, "Plans": [{"Node Type": "Nested Loop", "Parent Relationship": "Outer", "Join Type": "Inner", "Startup Cost": 0.0, "Total Cost": 1964158.53, "Plan Rows": 357098, "Plan Width": 33, "Inner Unique": true, "Join Filter": "(an1.person_id = n1.id), (LLVM Optimized)", "Plans": [{"Node Type": "Nested Loop", "Parent Relationship": "Outer", "Join Type": "Inner", "Startup Cost": 0.0, "Total Cost": 1862664.6, "Plan Rows": 357098, "Plan Width": 41, "Inner Unique": true, "Plans": [{"Node Type": "Nested Loop", "Parent Relationship": "Outer", "Join Type": "Inner", "Startup Cost": 0.0, "Total Cost": 1760862.26, "Plan Rows": 357379, "Plan Width": 32, "Inner Unique": false, "Plans": [{"Node Type": "Nested Loop", "Parent Relationship": "Outer", "Join Type": "Inner", "Startup Cost": 0.0, "Total Cost": 1560689.3, "Plan Rows": 711018, "Plan Width": 12, "Inner Unique": false, "Join Filter": "(ci.role_id = rt.id), (LLVM Optimized)", "Plans": [{"Node Type": "Seq Scan", "Parent Relationship": "Outer", "Relation Name": "role_type", "Alias": "rt", "Startup Cost": 0.0, "Total Cost": 1.15, "Plan Rows": 1, "Plan Width": 4, "Filter": "((role)::text = 'costume designer'::text)"}, {"Node Type": "Nested Loop", "Parent Relationship": "Inner", "Join Type": "Inner", "Startup Cost": 0.0, "Total Cost": 1462923.14, "Plan Rows": 7821201, "Plan Width": 16, "Inner Unique": false, "Plans": [{"Node Type": "Nested Loop", "Parent Relationship": "Outer", "Join Type": "Inner", "Startup Cost": 0.0, "Total Cost": 166734.45, "Plan Rows": 1282311, "Plan Width": 4, "Inner Unique": false, "Plans": [{"Node Type": "Seq Scan", "Parent Relationship": "Outer", "Relation Name": "company_name", "Alias": "cn", "Startup Cost": 0.0, "Total Cost": 5903.45, "Plan Rows": 85170, "Plan Width": 4, "Filter": "((country_code)::text = '[us]'::text)"}, {"Node Type": "Index Scan", "Parent Relationship": "Inner", "Scan Direction": "Forward", "Index Name": "company_id_movie_companies", "Relation Name": "movie_companies", "Alias": "mc", "Startup Cost": 0.0, "Total Cost": 1.74, "Plan Rows": 15, "Plan Width": 8, "Index Cond": "(company_id = cn.id)"}]}, {"Node Type": "Index Scan", "Parent Relationship": "Inner", "Scan Direction": "Forward", "Index Name": "movie_id_cast_info", "Relation Name": "cast_info", "Alias": "ci", "Startup Cost": 0.0, "Total Cost": 0.95, "Plan Rows": 6, "Plan Width": 12, "Index Cond": "(movie_id = mc.movie_id)"}]}]}, {"Node Type": "Index Scan", "Parent Relationship": "Inner", "Scan Direction": "Forward", "Index Name": "person_id_aka_name", "Relation Name": "aka_name", "Alias": "an1", "Startup Cost": 0.0, "Total Cost": 0.27, "Plan Rows": 1, "Plan Width": 20, "Index Cond": "(person_id = ci.person_id)"}]}, {"Node Type": "Index Scan", "Parent Relationship": "Inner", "Scan Direction": "Forward", "Index Name": "title_pkey", "Relation Name": "title", "Alias": "t", "Startup Cost": 0.0, "Total Cost": 0.27, "Plan Rows": 1, "Plan Width": 21, "Index Cond": "(id = ci.movie_id)"}]}, {"Node Type": "Index Only Scan", "Parent Relationship": "Inner", "Scan Direction": "Forward", "Index Name": "name_pkey", "Relation Name": "name", "Alias": "n1", "Startup Cost": 0.0, "Total Cost": 0.27, "Plan Rows": 1, "Plan Width": 4, "Index Cond": "(id = ci.person_id)"}]}]}, "Unique SQL Id": 2457761703, "Planner Runtime": 5}, "explain_analyze_plan": null}, "(64, '113')": {"explain_plan": {"Plan": {"Node Type": "Aggregate", "Strategy": "Plain", "Startup Cost": 1970553.27, "Total Cost": 1970553.28, "Plan Rows": 1, "Plan Width": 97, "Plans": [{"Node Type": "Nested Loop", "Parent Relationship": "Outer", "Join Type": "Inner", "Startup Cost": 0.0, "Total Cost": 1968767.78, "Plan Rows": 357098, "Plan Width": 33, "Inner Unique": true, "Join Filter": "(an1.person_id = n1.id), (LLVM Optimized)", "Plans": [{"Node Type": "Nested Loop", "Parent Relationship": "Outer", "Join Type": "Inner", "Startup Cost": 0.0, "Total Cost": 1867273.85, "Plan Rows": 357098, "Plan Width": 41, "Inner Unique": true, "Plans": [{"Node Type": "Nested Loop", "Parent Relationship": "Outer", "Join Type": "Inner", "Startup Cost": 0.0, "Total Cost": 1765471.51, "Plan Rows": 357379, "Plan Width": 32, "Inner Unique": false, "Plans": [{"Node Type": "Nested Loop", "Parent Relationship": "Outer", "Join Type": "Inner", "Startup Cost": 0.0, "Total Cost": 1565298.55, "Plan Rows": 711018, "Plan Width": 12, "Inner Unique": false, "Join Filter": "(ci.role_id = rt.id), (LLVM Optimized)", "Plans": [{"Node Type": "Index Scan", "Parent Relationship": "Outer", "Scan Direction": "Forward", "Index Name": "role_type_pkey", "Relation Name": "role_type", "Alias": "rt", "Startup Cost": 0.0, "Total Cost": 12.46, "Plan Rows": 1, "Plan Width": 4, "Filter": "((role)::text = 'costume designer'::text)"}, {"Node Type": "Nested Loop", "Parent Relationship": "Inner", "Join Type": "Inner", "Startup Cost": 0.0, "Total Cost": 1467521.08, "Plan Rows": 7821201, "Plan Width": 16, "Inner Unique": false, "Plans": [{"Node Type": "Nested Loop", "Parent Relationship": "Outer", "Join Type": "Inner", "Startup Cost": 0.0, "Total Cost": 171332.39, "Plan Rows": 1282311, "Plan Width": 4, "Inner Unique": false, "Plans": [{"Node Type": "Index Scan", "Parent Relationship": "Outer", "Scan Direction": "Forward", "Index Name": "company_name_pkey", "Relation Name": "company_name", "Alias": "cn", "Startup Cost": 0.0, "Total Cost": 10501.39, "Plan Rows": 85170, "Plan Width": 4, "Filter": "((country_code)::text = '[us]'::text)"}, {"Node Type": "Index Scan", "Parent Relationship": "Inner", "Scan Direction": "Forward", "Index Name": "company_id_movie_companies", "Relation Name": "movie_companies", "Alias": "mc", "Startup Cost": 0.0, "Total Cost": 1.74, "Plan Rows": 15, "Plan Width": 8, "Index Cond": "(company_id = cn.id)"}]}, {"Node Type": "Index Scan", "Parent Relationship": "Inner", "Scan Direction": "Forward", "Index Name": "movie_id_cast_info", "Relation Name": "cast_info", "Alias": "ci", "Startup Cost": 0.0, "Total Cost": 0.95, "Plan Rows": 6, "Plan Width": 12, "Index Cond": "(movie_id = mc.movie_id)"}]}]}, {"Node Type": "Index Scan", "Parent Relationship": "Inner", "Scan Direction": "Forward", "Index Name": "person_id_aka_name", "Relation Name": "aka_name", "Alias": "an1", "Startup Cost": 0.0, "Total Cost": 0.27, "Plan Rows": 1, "Plan Width": 20, "Index Cond": "(person_id = ci.person_id)"}]}, {"Node Type": "Index Scan", "Parent Relationship": "Inner", "Scan Direction": "Forward", "Index Name": "title_pkey", "Relation Name": "title", "Alias": "t", "Startup Cost": 0.0, "Total Cost": 0.27, "Plan Rows": 1, "Plan Width": 21, "Index Cond": "(id = ci.movie_id)"}]}, {"Node Type": "Index Only Scan", "Parent Relationship": "Inner", "Scan Direction": "Forward", "Index Name": "name_pkey", "Relation Name": "name", "Alias": "n1", "Startup Cost": 0.0, "Total Cost": 0.27, "Plan Rows": 1, "Plan Width": 4, "Index Cond": "(id = ci.person_id)"}]}]}, "Unique SQL Id": 2457761703, "Planner Runtime": 5}, "explain_analyze_plan": null}, "(64, '114')": {"explain_plan": {"Plan": {"Node Type": "Aggregate", "Strategy": "Plain", "Startup Cost": 12604914.55, "Total Cost": 12604914.56, "Plan Rows": 1, "Plan Width": 97, "Plans": [{"Node Type": "Nested Loop", "Parent Relationship": "Outer", "Join Type": "Inner", "Startup Cost": 2.1, "Total Cost": 12603129.06, "Plan Rows": 357098, "Plan Width": 33, "Inner Unique": true, "Join Filter": "(an1.person_id = n1.id), (LLVM Optimized)", "Plans": [{"Node Type": "Nested Loop", "Parent Relationship": "Outer", "Join Type": "Inner", "Startup Cost": 1.84, "Total Cost": 11073153.85, "Plan Rows": 357098, "Plan Width": 41, "Inner Unique": true, "Plans": [{"Node Type": "Nested Loop", "Parent Relationship": "Outer", "Join Type": "Inner", "Startup Cost": 1.58, "Total Cost": 9543117.59, "Plan Rows": 357379, "Plan Width": 32, "Inner Unique": false, "Plans": [{"Node Type": "Nested Loop", "Parent Relationship": "Outer", "Join Type": "Inner", "Startup Cost": 1.33, "Total Cost": 6499549.44, "Plan Rows": 711018, "Plan Width": 12, "Inner Unique": false, "Join Filter": "(ci.role_id = rt.id), (LLVM Optimized)", "Plans": [{"Node Type": "Seq Scan", "Parent Relationship": "Outer", "Relation Name": "role_type", "Alias": "rt", "Startup Cost": 0.0, "Total Cost": 1.15, "Plan Rows": 1, "Plan Width": 4, "Filter": "((role)::text = 'costume designer'::text)"}, {"Node Type": "Nested Loop", "Parent Relationship": "Inner", "Join Type": "Inner", "Startup Cost": 1.33, "Total Cost": 6401783.28, "Plan Rows": 7821201, "Plan Width": 16, "Inner Unique": false, "Plans": [{"Node Type": "Nested Loop", "Parent Relationship": "Outer", "Join Type": "Inner", "Startup Cost": 0.82, "Total Cost": 444829.84, "Plan Rows": 1282311, "Plan Width": 4, "Inner Unique": false, "Plans": [{"Node Type": "Seq Scan", "Parent Relationship": "Outer", "Relation Name": "company_name", "Alias": "cn", "Startup Cost": 0.0, "Total Cost": 5903.45, "Plan Rows": 85170, "Plan Width": 4, "Filter": "((country_code)::text = '[us]'::text)"}, {"Node Type": "Bitmap Heap Scan", "Parent Relationship": "Inner", "Relation Name": "movie_companies", "Alias": "mc", "Startup Cost": 0.82, "Total Cost": 5.0, "Plan Rows": 15, "Plan Width": 8, "Recheck Cond": "(company_id = cn.id)", "Plans": [{"Node Type": "Bitmap Index Scan", "Parent Relationship": "Outer", "Index Name": "company_id_movie_companies", "Startup Cost": 0.0, "Total Cost": 0.81, "Plan Rows": 15, "Plan Width": 0, "Index Cond": "(company_id = cn.id)"}]}]}, {"Node Type": "Bitmap Heap Scan", "Parent Relationship": "Inner", "Relation Name": "cast_info", "Alias": "ci", "Startup Cost": 0.51, "Total Cost": 4.59, "Plan Rows": 6, "Plan Width": 12, "Recheck Cond": "(movie_id = mc.movie_id)", "Plans": [{"Node Type": "Bitmap Index Scan", "Parent Relationship": "Outer", "Index Name": "movie_id_cast_info", "Startup Cost": 0.0, "Total Cost": 0.51, "Plan Rows": 6, "Plan Width": 0, "Index Cond": "(movie_id = mc.movie_id)"}]}]}]}, {"Node Type": "Bitmap Heap Scan", "Parent Relationship": "Inner", "Relation Name": "aka_name", "Alias": "an1", "Startup Cost": 0.26, "Total Cost": 4.27, "Plan Rows": 1, "Plan Width": 20, "Recheck Cond": "(person_id = ci.person_id)", "Plans": [{"Node Type": "Bitmap Index Scan", "Parent Relationship": "Outer", "Index Name": "person_id_aka_name", "Startup Cost": 0.0, "Total Cost": 0.26, "Plan Rows": 1, "Plan Width": 0, "Index Cond": "(person_id = ci.person_id)"}]}]}, {"Node Type": "Bitmap Heap Scan", "Parent Relationship": "Inner", "Relation Name": "title", "Alias": "t", "Startup Cost": 0.26, "Total Cost": 4.27, "Plan Rows": 1, "Plan Width": 21, "Recheck Cond": "(id = ci.movie_id)", "Plans": [{"Node Type": "Bitmap Index Scan", "Parent Relationship": "Outer", "Index Name": "title_pkey", "Startup Cost": 0.0, "Total Cost": 0.26, "Plan Rows": 1, "Plan Width": 0, "Index Cond": "(id = ci.movie_id)"}]}]}, {"Node Type": "Bitmap Heap Scan", "Parent Relationship": "Inner", "Relation Name": "name", "Alias": "n1", "Startup Cost": 0.26, "Total Cost": 4.27, "Plan Rows": 1, "Plan Width": 4, "Recheck Cond": "(id = ci.person_id)", "Plans": [{"Node Type": "Bitmap Index Scan", "Parent Relationship": "Outer", "Index Name": "name_pkey", "Startup Cost": 0.0, "Total Cost": 0.26, "Plan Rows": 1, "Plan Width": 0, "Index Cond": "(id = ci.person_id)"}]}]}]}, "Unique SQL Id": 2457761703, "Planner Runtime": 14}, "explain_analyze_plan": null}, "(64, '115')": {"explain_plan": {"Plan": {"Node Type": "Aggregate", "Strategy": "Plain", "Startup Cost": 12607726.38, "Total Cost": 12607726.39, "Plan Rows": 1, "Plan Width": 97, "Plans": [{"Node Type": "Nested Loop", "Parent Relationship": "Outer", "Join Type": "Inner", "Startup Cost": 2810.94, "Total Cost": 12605940.89, "Plan Rows": 357098, "Plan Width": 33, "Inner Unique": true, "Join Filter": "(an1.person_id = n1.id), (LLVM Optimized)", "Plans": [{"Node Type": "Nested Loop", "Parent Relationship": "Outer", "Join Type": "Inner", "Startup Cost": 2810.68, "Total Cost": 11075965.68, "Plan Rows": 357098, "Plan Width": 41, "Inner Unique": true, "Plans": [{"Node Type": "Nested Loop", "Parent Relationship": "Outer", "Join Type": "Inner", "Startup Cost": 2810.42, "Total Cost": 9545929.42, "Plan Rows": 357379, "Plan Width": 32, "Inner Unique": false, "Plans": [{"Node Type": "Nested Loop", "Parent Relationship": "Outer", "Join Type": "Inner", "Startup Cost": 2810.16, "Total Cost": 6502361.27, "Plan Rows": 711018, "Plan Width": 12, "Inner Unique": false, "Join Filter": "(ci.role_id = rt.id), (LLVM Optimized)", "Plans": [{"Node Type": "Bitmap Heap Scan", "Parent Relationship": "Outer", "Relation Name": "role_type", "Alias": "rt", "Startup Cost": 8.31, "Total Cost": 12.46, "Plan Rows": 1, "Plan Width": 4, "Filter": "((role)::text = 'costume designer'::text)", "Plans": [{"Node Type": "Bitmap Index Scan", "Parent Relationship": "Outer", "Index Name": "role_type_pkey", "Startup Cost": 0.0, "Total Cost": 8.31, "Plan Rows": 12, "Plan Width": 0}]}, {"Node Type": "Nested Loop", "Parent Relationship": "Inner", "Join Type": "Inner", "Startup Cost": 2801.85, "Total Cost": 6404583.8, "Plan Rows": 7821201, "Plan Width": 16, "Inner Unique": false, "Plans": [{"Node Type": "Nested Loop", "Parent Relationship": "Outer", "Join Type": "Inner", "Startup Cost": 2801.34, "Total Cost": 447630.36, "Plan Rows": 1282311, "Plan Width": 4, "Inner Unique": false, "Plans": [{"Node Type": "Bitmap Heap Scan", "Parent Relationship": "Outer", "Relation Name": "company_name", "Alias": "cn", "Startup Cost": 2800.52, "Total Cost": 8703.97, "Plan Rows": 85170, "Plan Width": 4, "Filter": "((country_code)::text = '[us]'::text)", "Plans": [{"Node Type": "Bitmap Index Scan", "Parent Relationship": "Outer", "Index Name": "company_name_pkey", "Startup Cost": 0.0, "Total Cost": 2779.23, "Plan Rows": 234996, "Plan Width": 0}]}, {"Node Type": "Bitmap Heap Scan", "Parent Relationship": "Inner", "Relation Name": "movie_companies", "Alias": "mc", "Startup Cost": 0.82, "Total Cost": 5.0, "Plan Rows": 15, "Plan Width": 8, "Recheck Cond": "(company_id = cn.id)", "Plans": [{"Node Type": "Bitmap Index Scan", "Parent Relationship": "Outer", "Index Name": "company_id_movie_companies", "Startup Cost": 0.0, "Total Cost": 0.81, "Plan Rows": 15, "Plan Width": 0, "Index Cond": "(company_id = cn.id)"}]}]}, {"Node Type": "Bitmap Heap Scan", "Parent Relationship": "Inner", "Relation Name": "cast_info", "Alias": "ci", "Startup Cost": 0.51, "Total Cost": 4.59, "Plan Rows": 6, "Plan Width": 12, "Recheck Cond": "(movie_id = mc.movie_id)", "Plans": [{"Node Type": "Bitmap Index Scan", "Parent Relationship": "Outer", "Index Name": "movie_id_cast_info", "Startup Cost": 0.0, "Total Cost": 0.51, "Plan Rows": 6, "Plan Width": 0, "Index Cond": "(movie_id = mc.movie_id)"}]}]}]}, {"Node Type": "Bitmap Heap Scan", "Parent Relationship": "Inner", "Relation Name": "aka_name", "Alias": "an1", "Startup Cost": 0.26, "Total Cost": 4.27, "Plan Rows": 1, "Plan Width": 20, "Recheck Cond": "(person_id = ci.person_id)", "Plans": [{"Node Type": "Bitmap Index Scan", "Parent Relationship": "Outer", "Index Name": "person_id_aka_name", "Startup Cost": 0.0, "Total Cost": 0.26, "Plan Rows": 1, "Plan Width": 0, "Index Cond": "(person_id = ci.person_id)"}]}]}, {"Node Type": "Bitmap Heap Scan", "Parent Relationship": "Inner", "Relation Name": "title", "Alias": "t", "Startup Cost": 0.26, "Total Cost": 4.27, "Plan Rows": 1, "Plan Width": 21, "Recheck Cond": "(id = ci.movie_id)", "Plans": [{"Node Type": "Bitmap Index Scan", "Parent Relationship": "Outer", "Index Name": "title_pkey", "Startup Cost": 0.0, "Total Cost": 0.26, "Plan Rows": 1, "Plan Width": 0, "Index Cond": "(id = ci.movie_id)"}]}]}, {"Node Type": "Bitmap Heap Scan", "Parent Relationship": "Inner", "Relation Name": "name", "Alias": "n1", "Startup Cost": 0.26, "Total Cost": 4.27, "Plan Rows": 1, "Plan Width": 4, "Recheck Cond": "(id = ci.person_id)", "Plans": [{"Node Type": "Bitmap Index Scan", "Parent Relationship": "Outer", "Index Name": "name_pkey", "Startup Cost": 0.0, "Total Cost": 0.26, "Plan Rows": 1, "Plan Width": 0, "Index Cond": "(id = ci.person_id)"}]}]}]}, "Unique SQL Id": 2457761703, "Planner Runtime": 6}, "explain_analyze_plan": null}, "(64, '116')": {"explain_plan": {"Plan": {"Node Type": "Aggregate", "Strategy": "Plain", "Startup Cost": 1967968.74, "Total Cost": 1967968.75, "Plan Rows": 1, "Plan Width": 97, "Plans": [{"Node Type": "Nested Loop", "Parent Relationship": "Outer", "Join Type": "Inner", "Startup Cost": 0.0, "Total Cost": 1966183.25, "Plan Rows": 357098, "Plan Width": 33, "Inner Unique": true, "Join Filter": "(an1.person_id = n1.id), (LLVM Optimized)", "Plans": [{"Node Type": "Nested Loop", "Parent Relationship": "Outer", "Join Type": "Inner", "Startup Cost": 0.0, "Total Cost": 1862664.6, "Plan Rows": 357098, "Plan Width": 41, "Inner Unique": true, "Plans": [{"Node Type": "Nested Loop", "Parent Relationship": "Outer", "Join Type": "Inner", "Startup Cost": 0.0, "Total Cost": 1760862.26, "Plan Rows": 357379, "Plan Width": 32, "Inner Unique": false, "Plans": [{"Node Type": "Nested Loop", "Parent Relationship": "Outer", "Join Type": "Inner", "Startup Cost": 0.0, "Total Cost": 1560689.3, "Plan Rows": 711018, "Plan Width": 12, "Inner Unique": false, "Join Filter": "(ci.role_id = rt.id), (LLVM Optimized)", "Plans": [{"Node Type": "Seq Scan", "Parent Relationship": "Outer", "Relation Name": "role_type", "Alias": "rt", "Startup Cost": 0.0, "Total Cost": 1.15, "Plan Rows": 1, "Plan Width": 4, "Filter": "((role)::text = 'costume designer'::text)"}, {"Node Type": "Nested Loop", "Parent Relationship": "Inner", "Join Type": "Inner", "Startup Cost": 0.0, "Total Cost": 1462923.14, "Plan Rows": 7821201, "Plan Width": 16, "Inner Unique": false, "Plans": [{"Node Type": "Nested Loop", "Parent Relationship": "Outer", "Join Type": "Inner", "Startup Cost": 0.0, "Total Cost": 166734.45, "Plan Rows": 1282311, "Plan Width": 4, "Inner Unique": false, "Plans": [{"Node Type": "Seq Scan", "Parent Relationship": "Outer", "Relation Name": "company_name", "Alias": "cn", "Startup Cost": 0.0, "Total Cost": 5903.45, "Plan Rows": 85170, "Plan Width": 4, "Filter": "((country_code)::text = '[us]'::text)"}, {"Node Type": "Index Scan", "Parent Relationship": "Inner", "Scan Direction": "Forward", "Index Name": "company_id_movie_companies", "Relation Name": "movie_companies", "Alias": "mc", "Startup Cost": 0.0, "Total Cost": 1.74, "Plan Rows": 15, "Plan Width": 8, "Index Cond": "(company_id = cn.id)"}]}, {"Node Type": "Index Scan", "Parent Relationship": "Inner", "Scan Direction": "Forward", "Index Name": "movie_id_cast_info", "Relation Name": "cast_info", "Alias": "ci", "Startup Cost": 0.0, "Total Cost": 0.95, "Plan Rows": 6, "Plan Width": 12, "Index Cond": "(movie_id = mc.movie_id)"}]}]}, {"Node Type": "Index Scan", "Parent Relationship": "Inner", "Scan Direction": "Forward", "Index Name": "person_id_aka_name", "Relation Name": "aka_name", "Alias": "an1", "Startup Cost": 0.0, "Total Cost": 0.27, "Plan Rows": 1, "Plan Width": 20, "Index Cond": "(person_id = ci.person_id)"}]}, {"Node Type": "Index Scan", "Parent Relationship": "Inner", "Scan Direction": "Forward", "Index Name": "title_pkey", "Relation Name": "title", "Alias": "t", "Startup Cost": 0.0, "Total Cost": 0.27, "Plan Rows": 1, "Plan Width": 21, "Index Cond": "(id = ci.movie_id)"}]}, {"Node Type": "Index Scan", "Parent Relationship": "Inner", "Scan Direction": "Forward", "Index Name": "name_pkey", "Relation Name": "name", "Alias": "n1", "Startup Cost": 0.0, "Total Cost": 0.28, "Plan Rows": 1, "Plan Width": 4, "Index Cond": "(id = ci.person_id)"}]}]}, "Unique SQL Id": 2457761703, "Planner Runtime": 5}, "explain_analyze_plan": null}, "(64, '117')": {"explain_plan": {"Plan": {"Node Type": "Aggregate", "Strategy": "Plain", "Startup Cost": 1972577.99, "Total Cost": 1972578.0, "Plan Rows": 1, "Plan Width": 97, "Plans": [{"Node Type": "Nested Loop", "Parent Relationship": "Outer", "Join Type": "Inner", "Startup Cost": 0.0, "Total Cost": 1970792.5, "Plan Rows": 357098, "Plan Width": 33, "Inner Unique": true, "Join Filter": "(an1.person_id = n1.id), (LLVM Optimized)", "Plans": [{"Node Type": "Nested Loop", "Parent Relationship": "Outer", "Join Type": "Inner", "Startup Cost": 0.0, "Total Cost": 1867273.85, "Plan Rows": 357098, "Plan Width": 41, "Inner Unique": true, "Plans": [{"Node Type": "Nested Loop", "Parent Relationship": "Outer", "Join Type": "Inner", "Startup Cost": 0.0, "Total Cost": 1765471.51, "Plan Rows": 357379, "Plan Width": 32, "Inner Unique": false, "Plans": [{"Node Type": "Nested Loop", "Parent Relationship": "Outer", "Join Type": "Inner", "Startup Cost": 0.0, "Total Cost": 1565298.55, "Plan Rows": 711018, "Plan Width": 12, "Inner Unique": false, "Join Filter": "(ci.role_id = rt.id), (LLVM Optimized)", "Plans": [{"Node Type": "Index Scan", "Parent Relationship": "Outer", "Scan Direction": "Forward", "Index Name": "role_type_pkey", "Relation Name": "role_type", "Alias": "rt", "Startup Cost": 0.0, "Total Cost": 12.46, "Plan Rows": 1, "Plan Width": 4, "Filter": "((role)::text = 'costume designer'::text)"}, {"Node Type": "Nested Loop", "Parent Relationship": "Inner", "Join Type": "Inner", "Startup Cost": 0.0, "Total Cost": 1467521.08, "Plan Rows": 7821201, "Plan Width": 16, "Inner Unique": false, "Plans": [{"Node Type": "Nested Loop", "Parent Relationship": "Outer", "Join Type": "Inner", "Startup Cost": 0.0, "Total Cost": 171332.39, "Plan Rows": 1282311, "Plan Width": 4, "Inner Unique": false, "Plans": [{"Node Type": "Index Scan", "Parent Relationship": "Outer", "Scan Direction": "Forward", "Index Name": "company_name_pkey", "Relation Name": "company_name", "Alias": "cn", "Startup Cost": 0.0, "Total Cost": 10501.39, "Plan Rows": 85170, "Plan Width": 4, "Filter": "((country_code)::text = '[us]'::text)"}, {"Node Type": "Index Scan", "Parent Relationship": "Inner", "Scan Direction": "Forward", "Index Name": "company_id_movie_companies", "Relation Name": "movie_companies", "Alias": "mc", "Startup Cost": 0.0, "Total Cost": 1.74, "Plan Rows": 15, "Plan Width": 8, "Index Cond": "(company_id = cn.id)"}]}, {"Node Type": "Index Scan", "Parent Relationship": "Inner", "Scan Direction": "Forward", "Index Name": "movie_id_cast_info", "Relation Name": "cast_info", "Alias": "ci", "Startup Cost": 0.0, "Total Cost": 0.95, "Plan Rows": 6, "Plan Width": 12, "Index Cond": "(movie_id = mc.movie_id)"}]}]}, {"Node Type": "Index Scan", "Parent Relationship": "Inner", "Scan Direction": "Forward", "Index Name": "person_id_aka_name", "Relation Name": "aka_name", "Alias": "an1", "Startup Cost": 0.0, "Total Cost": 0.27, "Plan Rows": 1, "Plan Width": 20, "Index Cond": "(person_id = ci.person_id)"}]}, {"Node Type": "Index Scan", "Parent Relationship": "Inner", "Scan Direction": "Forward", "Index Name": "title_pkey", "Relation Name": "title", "Alias": "t", "Startup Cost": 0.0, "Total Cost": 0.27, "Plan Rows": 1, "Plan Width": 21, "Index Cond": "(id = ci.movie_id)"}]}, {"Node Type": "Index Scan", "Parent Relationship": "Inner", "Scan Direction": "Forward", "Index Name": "name_pkey", "Relation Name": "name", "Alias": "n1", "Startup Cost": 0.0, "Total Cost": 0.28, "Plan Rows": 1, "Plan Width": 4, "Index Cond": "(id = ci.person_id)"}]}]}, "Unique SQL Id": 2457761703, "Planner Runtime": 4}, "explain_analyze_plan": null}, "(64, '118')": {"explain_plan": {"Plan": {"Node Type": "Aggregate", "Strategy": "Plain", "Startup Cost": 12604914.55, "Total Cost": 12604914.56, "Plan Rows": 1, "Plan Width": 97, "Plans": [{"Node Type": "Nested Loop", "Parent Relationship": "Outer", "Join Type": "Inner", "Startup Cost": 2.1, "Total Cost": 12603129.06, "Plan Rows": 357098, "Plan Width": 33, "Inner Unique": true, "Join Filter": "(an1.person_id = n1.id), (LLVM Optimized)", "Plans": [{"Node Type": "Nested Loop", "Parent Relationship": "Outer", "Join Type": "Inner", "Startup Cost": 1.84, "Total Cost": 11073153.85, "Plan Rows": 357098, "Plan Width": 41, "Inner Unique": true, "Plans": [{"Node Type": "Nested Loop", "Parent Relationship": "Outer", "Join Type": "Inner", "Startup Cost": 1.58, "Total Cost": 9543117.59, "Plan Rows": 357379, "Plan Width": 32, "Inner Unique": false, "Plans": [{"Node Type": "Nested Loop", "Parent Relationship": "Outer", "Join Type": "Inner", "Startup Cost": 1.33, "Total Cost": 6499549.44, "Plan Rows": 711018, "Plan Width": 12, "Inner Unique": false, "Join Filter": "(ci.role_id = rt.id), (LLVM Optimized)", "Plans": [{"Node Type": "Seq Scan", "Parent Relationship": "Outer", "Relation Name": "role_type", "Alias": "rt", "Startup Cost": 0.0, "Total Cost": 1.15, "Plan Rows": 1, "Plan Width": 4, "Filter": "((role)::text = 'costume designer'::text)"}, {"Node Type": "Nested Loop", "Parent Relationship": "Inner", "Join Type": "Inner", "Startup Cost": 1.33, "Total Cost": 6401783.28, "Plan Rows": 7821201, "Plan Width": 16, "Inner Unique": false, "Plans": [{"Node Type": "Nested Loop", "Parent Relationship": "Outer", "Join Type": "Inner", "Startup Cost": 0.82, "Total Cost": 444829.84, "Plan Rows": 1282311, "Plan Width": 4, "Inner Unique": false, "Plans": [{"Node Type": "Seq Scan", "Parent Relationship": "Outer", "Relation Name": "company_name", "Alias": "cn", "Startup Cost": 0.0, "Total Cost": 5903.45, "Plan Rows": 85170, "Plan Width": 4, "Filter": "((country_code)::text = '[us]'::text)"}, {"Node Type": "Bitmap Heap Scan", "Parent Relationship": "Inner", "Relation Name": "movie_companies", "Alias": "mc", "Startup Cost": 0.82, "Total Cost": 5.0, "Plan Rows": 15, "Plan Width": 8, "Recheck Cond": "(company_id = cn.id)", "Plans": [{"Node Type": "Bitmap Index Scan", "Parent Relationship": "Outer", "Index Name": "company_id_movie_companies", "Startup Cost": 0.0, "Total Cost": 0.81, "Plan Rows": 15, "Plan Width": 0, "Index Cond": "(company_id = cn.id)"}]}]}, {"Node Type": "Bitmap Heap Scan", "Parent Relationship": "Inner", "Relation Name": "cast_info", "Alias": "ci", "Startup Cost": 0.51, "Total Cost": 4.59, "Plan Rows": 6, "Plan Width": 12, "Recheck Cond": "(movie_id = mc.movie_id)", "Plans": [{"Node Type": "Bitmap Index Scan", "Parent Relationship": "Outer", "Index Name": "movie_id_cast_info", "Startup Cost": 0.0, "Total Cost": 0.51, "Plan Rows": 6, "Plan Width": 0, "Index Cond": "(movie_id = mc.movie_id)"}]}]}]}, {"Node Type": "Bitmap Heap Scan", "Parent Relationship": "Inner", "Relation Name": "aka_name", "Alias": "an1", "Startup Cost": 0.26, "Total Cost": 4.27, "Plan Rows": 1, "Plan Width": 20, "Recheck Cond": "(person_id = ci.person_id)", "Plans": [{"Node Type": "Bitmap Index Scan", "Parent Relationship": "Outer", "Index Name": "person_id_aka_name", "Startup Cost": 0.0, "Total Cost": 0.26, "Plan Rows": 1, "Plan Width": 0, "Index Cond": "(person_id = ci.person_id)"}]}]}, {"Node Type": "Bitmap Heap Scan", "Parent Relationship": "Inner", "Relation Name": "title", "Alias": "t", "Startup Cost": 0.26, "Total Cost": 4.27, "Plan Rows": 1, "Plan Width": 21, "Recheck Cond": "(id = ci.movie_id)", "Plans": [{"Node Type": "Bitmap Index Scan", "Parent Relationship": "Outer", "Index Name": "title_pkey", "Startup Cost": 0.0, "Total Cost": 0.26, "Plan Rows": 1, "Plan Width": 0, "Index Cond": "(id = ci.movie_id)"}]}]}, {"Node Type": "Bitmap Heap Scan", "Parent Relationship": "Inner", "Relation Name": "name", "Alias": "n1", "Startup Cost": 0.26, "Total Cost": 4.27, "Plan Rows": 1, "Plan Width": 4, "Recheck Cond": "(id = ci.person_id)", "Plans": [{"Node Type": "Bitmap Index Scan", "Parent Relationship": "Outer", "Index Name": "name_pkey", "Startup Cost": 0.0, "Total Cost": 0.26, "Plan Rows": 1, "Plan Width": 0, "Index Cond": "(id = ci.person_id)"}]}]}]}, "Unique SQL Id": 2457761703, "Planner Runtime": 14}, "explain_analyze_plan": null}, "(64, '119')": {"explain_plan": {"Plan": {"Node Type": "Aggregate", "Strategy": "Plain", "Startup Cost": 12607726.38, "Total Cost": 12607726.39, "Plan Rows": 1, "Plan Width": 97, "Plans": [{"Node Type": "Nested Loop", "Parent Relationship": "Outer", "Join Type": "Inner", "Startup Cost": 2810.94, "Total Cost": 12605940.89, "Plan Rows": 357098, "Plan Width": 33, "Inner Unique": true, "Join Filter": "(an1.person_id = n1.id), (LLVM Optimized)", "Plans": [{"Node Type": "Nested Loop", "Parent Relationship": "Outer", "Join Type": "Inner", "Startup Cost": 2810.68, "Total Cost": 11075965.68, "Plan Rows": 357098, "Plan Width": 41, "Inner Unique": true, "Plans": [{"Node Type": "Nested Loop", "Parent Relationship": "Outer", "Join Type": "Inner", "Startup Cost": 2810.42, "Total Cost": 9545929.42, "Plan Rows": 357379, "Plan Width": 32, "Inner Unique": false, "Plans": [{"Node Type": "Nested Loop", "Parent Relationship": "Outer", "Join Type": "Inner", "Startup Cost": 2810.16, "Total Cost": 6502361.27, "Plan Rows": 711018, "Plan Width": 12, "Inner Unique": false, "Join Filter": "(ci.role_id = rt.id), (LLVM Optimized)", "Plans": [{"Node Type": "Bitmap Heap Scan", "Parent Relationship": "Outer", "Relation Name": "role_type", "Alias": "rt", "Startup Cost": 8.31, "Total Cost": 12.46, "Plan Rows": 1, "Plan Width": 4, "Filter": "((role)::text = 'costume designer'::text)", "Plans": [{"Node Type": "Bitmap Index Scan", "Parent Relationship": "Outer", "Index Name": "role_type_pkey", "Startup Cost": 0.0, "Total Cost": 8.31, "Plan Rows": 12, "Plan Width": 0}]}, {"Node Type": "Nested Loop", "Parent Relationship": "Inner", "Join Type": "Inner", "Startup Cost": 2801.85, "Total Cost": 6404583.8, "Plan Rows": 7821201, "Plan Width": 16, "Inner Unique": false, "Plans": [{"Node Type": "Nested Loop", "Parent Relationship": "Outer", "Join Type": "Inner", "Startup Cost": 2801.34, "Total Cost": 447630.36, "Plan Rows": 1282311, "Plan Width": 4, "Inner Unique": false, "Plans": [{"Node Type": "Bitmap Heap Scan", "Parent Relationship": "Outer", "Relation Name": "company_name", "Alias": "cn", "Startup Cost": 2800.52, "Total Cost": 8703.97, "Plan Rows": 85170, "Plan Width": 4, "Filter": "((country_code)::text = '[us]'::text)", "Plans": [{"Node Type": "Bitmap Index Scan", "Parent Relationship": "Outer", "Index Name": "company_name_pkey", "Startup Cost": 0.0, "Total Cost": 2779.23, "Plan Rows": 234996, "Plan Width": 0}]}, {"Node Type": "Bitmap Heap Scan", "Parent Relationship": "Inner", "Relation Name": "movie_companies", "Alias": "mc", "Startup Cost": 0.82, "Total Cost": 5.0, "Plan Rows": 15, "Plan Width": 8, "Recheck Cond": "(company_id = cn.id)", "Plans": [{"Node Type": "Bitmap Index Scan", "Parent Relationship": "Outer", "Index Name": "company_id_movie_companies", "Startup Cost": 0.0, "Total Cost": 0.81, "Plan Rows": 15, "Plan Width": 0, "Index Cond": "(company_id = cn.id)"}]}]}, {"Node Type": "Bitmap Heap Scan", "Parent Relationship": "Inner", "Relation Name": "cast_info", "Alias": "ci", "Startup Cost": 0.51, "Total Cost": 4.59, "Plan Rows": 6, "Plan Width": 12, "Recheck Cond": "(movie_id = mc.movie_id)", "Plans": [{"Node Type": "Bitmap Index Scan", "Parent Relationship": "Outer", "Index Name": "movie_id_cast_info", "Startup Cost": 0.0, "Total Cost": 0.51, "Plan Rows": 6, "Plan Width": 0, "Index Cond": "(movie_id = mc.movie_id)"}]}]}]}, {"Node Type": "Bitmap Heap Scan", "Parent Relationship": "Inner", "Relation Name": "aka_name", "Alias": "an1", "Startup Cost": 0.26, "Total Cost": 4.27, "Plan Rows": 1, "Plan Width": 20, "Recheck Cond": "(person_id = ci.person_id)", "Plans": [{"Node Type": "Bitmap Index Scan", "Parent Relationship": "Outer", "Index Name": "person_id_aka_name", "Startup Cost": 0.0, "Total Cost": 0.26, "Plan Rows": 1, "Plan Width": 0, "Index Cond": "(person_id = ci.person_id)"}]}]}, {"Node Type": "Bitmap Heap Scan", "Parent Relationship": "Inner", "Relation Name": "title", "Alias": "t", "Startup Cost": 0.26, "Total Cost": 4.27, "Plan Rows": 1, "Plan Width": 21, "Recheck Cond": "(id = ci.movie_id)", "Plans": [{"Node Type": "Bitmap Index Scan", "Parent Relationship": "Outer", "Index Name": "title_pkey", "Startup Cost": 0.0, "Total Cost": 0.26, "Plan Rows": 1, "Plan Width": 0, "Index Cond": "(id = ci.movie_id)"}]}]}, {"Node Type": "Bitmap Heap Scan", "Parent Relationship": "Inner", "Relation Name": "name", "Alias": "n1", "Startup Cost": 0.26, "Total Cost": 4.27, "Plan Rows": 1, "Plan Width": 4, "Recheck Cond": "(id = ci.person_id)", "Plans": [{"Node Type": "Bitmap Index Scan", "Parent Relationship": "Outer", "Index Name": "name_pkey", "Startup Cost": 0.0, "Total Cost": 0.26, "Plan Rows": 1, "Plan Width": 0, "Index Cond": "(id = ci.person_id)"}]}]}]}, "Unique SQL Id": 2457761703, "Planner Runtime": 6}, "explain_analyze_plan": null}, "(64, '120')": {"explain_plan": {"Plan": {"Node Type": "Aggregate", "Strategy": "Plain", "Startup Cost": 1965944.02, "Total Cost": 1965944.03, "Plan Rows": 1, "Plan Width": 97, "Plans": [{"Node Type": "Nested Loop", "Parent Relationship": "Outer", "Join Type": "Inner", "Startup Cost": 0.0, "Total Cost": 1964158.53, "Plan Rows": 357098, "Plan Width": 33, "Inner Unique": true, "Join Filter": "(an1.person_id = n1.id), (LLVM Optimized)", "Plans": [{"Node Type": "Nested Loop", "Parent Relationship": "Outer", "Join Type": "Inner", "Startup Cost": 0.0, "Total Cost": 1862664.6, "Plan Rows": 357098, "Plan Width": 41, "Inner Unique": true, "Plans": [{"Node Type": "Nested Loop", "Parent Relationship": "Outer", "Join Type": "Inner", "Startup Cost": 0.0, "Total Cost": 1760862.26, "Plan Rows": 357379, "Plan Width": 32, "Inner Unique": false, "Plans": [{"Node Type": "Nested Loop", "Parent Relationship": "Outer", "Join Type": "Inner", "Startup Cost": 0.0, "Total Cost": 1560689.3, "Plan Rows": 711018, "Plan Width": 12, "Inner Unique": false, "Join Filter": "(ci.role_id = rt.id), (LLVM Optimized)", "Plans": [{"Node Type": "Seq Scan", "Parent Relationship": "Outer", "Relation Name": "role_type", "Alias": "rt", "Startup Cost": 0.0, "Total Cost": 1.15, "Plan Rows": 1, "Plan Width": 4, "Filter": "((role)::text = 'costume designer'::text)"}, {"Node Type": "Nested Loop", "Parent Relationship": "Inner", "Join Type": "Inner", "Startup Cost": 0.0, "Total Cost": 1462923.14, "Plan Rows": 7821201, "Plan Width": 16, "Inner Unique": false, "Plans": [{"Node Type": "Nested Loop", "Parent Relationship": "Outer", "Join Type": "Inner", "Startup Cost": 0.0, "Total Cost": 166734.45, "Plan Rows": 1282311, "Plan Width": 4, "Inner Unique": false, "Plans": [{"Node Type": "Seq Scan", "Parent Relationship": "Outer", "Relation Name": "company_name", "Alias": "cn", "Startup Cost": 0.0, "Total Cost": 5903.45, "Plan Rows": 85170, "Plan Width": 4, "Filter": "((country_code)::text = '[us]'::text)"}, {"Node Type": "Index Scan", "Parent Relationship": "Inner", "Scan Direction": "Forward", "Index Name": "company_id_movie_companies", "Relation Name": "movie_companies", "Alias": "mc", "Startup Cost": 0.0, "Total Cost": 1.74, "Plan Rows": 15, "Plan Width": 8, "Index Cond": "(company_id = cn.id)"}]}, {"Node Type": "Index Scan", "Parent Relationship": "Inner", "Scan Direction": "Forward", "Index Name": "movie_id_cast_info", "Relation Name": "cast_info", "Alias": "ci", "Startup Cost": 0.0, "Total Cost": 0.95, "Plan Rows": 6, "Plan Width": 12, "Index Cond": "(movie_id = mc.movie_id)"}]}]}, {"Node Type": "Index Scan", "Parent Relationship": "Inner", "Scan Direction": "Forward", "Index Name": "person_id_aka_name", "Relation Name": "aka_name", "Alias": "an1", "Startup Cost": 0.0, "Total Cost": 0.27, "Plan Rows": 1, "Plan Width": 20, "Index Cond": "(person_id = ci.person_id)"}]}, {"Node Type": "Index Scan", "Parent Relationship": "Inner", "Scan Direction": "Forward", "Index Name": "title_pkey", "Relation Name": "title", "Alias": "t", "Startup Cost": 0.0, "Total Cost": 0.27, "Plan Rows": 1, "Plan Width": 21, "Index Cond": "(id = ci.movie_id)"}]}, {"Node Type": "Index Only Scan", "Parent Relationship": "Inner", "Scan Direction": "Forward", "Index Name": "name_pkey", "Relation Name": "name", "Alias": "n1", "Startup Cost": 0.0, "Total Cost": 0.27, "Plan Rows": 1, "Plan Width": 4, "Index Cond": "(id = ci.person_id)"}]}]}, "Unique SQL Id": 2457761703, "Planner Runtime": 5}, "explain_analyze_plan": null}, "(64, '121')": {"explain_plan": {"Plan": {"Node Type": "Aggregate", "Strategy": "Plain", "Startup Cost": 1970553.27, "Total Cost": 1970553.28, "Plan Rows": 1, "Plan Width": 97, "Plans": [{"Node Type": "Nested Loop", "Parent Relationship": "Outer", "Join Type": "Inner", "Startup Cost": 0.0, "Total Cost": 1968767.78, "Plan Rows": 357098, "Plan Width": 33, "Inner Unique": true, "Join Filter": "(an1.person_id = n1.id), (LLVM Optimized)", "Plans": [{"Node Type": "Nested Loop", "Parent Relationship": "Outer", "Join Type": "Inner", "Startup Cost": 0.0, "Total Cost": 1867273.85, "Plan Rows": 357098, "Plan Width": 41, "Inner Unique": true, "Plans": [{"Node Type": "Nested Loop", "Parent Relationship": "Outer", "Join Type": "Inner", "Startup Cost": 0.0, "Total Cost": 1765471.51, "Plan Rows": 357379, "Plan Width": 32, "Inner Unique": false, "Plans": [{"Node Type": "Nested Loop", "Parent Relationship": "Outer", "Join Type": "Inner", "Startup Cost": 0.0, "Total Cost": 1565298.55, "Plan Rows": 711018, "Plan Width": 12, "Inner Unique": false, "Join Filter": "(ci.role_id = rt.id), (LLVM Optimized)", "Plans": [{"Node Type": "Index Scan", "Parent Relationship": "Outer", "Scan Direction": "Forward", "Index Name": "role_type_pkey", "Relation Name": "role_type", "Alias": "rt", "Startup Cost": 0.0, "Total Cost": 12.46, "Plan Rows": 1, "Plan Width": 4, "Filter": "((role)::text = 'costume designer'::text)"}, {"Node Type": "Nested Loop", "Parent Relationship": "Inner", "Join Type": "Inner", "Startup Cost": 0.0, "Total Cost": 1467521.08, "Plan Rows": 7821201, "Plan Width": 16, "Inner Unique": false, "Plans": [{"Node Type": "Nested Loop", "Parent Relationship": "Outer", "Join Type": "Inner", "Startup Cost": 0.0, "Total Cost": 171332.39, "Plan Rows": 1282311, "Plan Width": 4, "Inner Unique": false, "Plans": [{"Node Type": "Index Scan", "Parent Relationship": "Outer", "Scan Direction": "Forward", "Index Name": "company_name_pkey", "Relation Name": "company_name", "Alias": "cn", "Startup Cost": 0.0, "Total Cost": 10501.39, "Plan Rows": 85170, "Plan Width": 4, "Filter": "((country_code)::text = '[us]'::text)"}, {"Node Type": "Index Scan", "Parent Relationship": "Inner", "Scan Direction": "Forward", "Index Name": "company_id_movie_companies", "Relation Name": "movie_companies", "Alias": "mc", "Startup Cost": 0.0, "Total Cost": 1.74, "Plan Rows": 15, "Plan Width": 8, "Index Cond": "(company_id = cn.id)"}]}, {"Node Type": "Index Scan", "Parent Relationship": "Inner", "Scan Direction": "Forward", "Index Name": "movie_id_cast_info", "Relation Name": "cast_info", "Alias": "ci", "Startup Cost": 0.0, "Total Cost": 0.95, "Plan Rows": 6, "Plan Width": 12, "Index Cond": "(movie_id = mc.movie_id)"}]}]}, {"Node Type": "Index Scan", "Parent Relationship": "Inner", "Scan Direction": "Forward", "Index Name": "person_id_aka_name", "Relation Name": "aka_name", "Alias": "an1", "Startup Cost": 0.0, "Total Cost": 0.27, "Plan Rows": 1, "Plan Width": 20, "Index Cond": "(person_id = ci.person_id)"}]}, {"Node Type": "Index Scan", "Parent Relationship": "Inner", "Scan Direction": "Forward", "Index Name": "title_pkey", "Relation Name": "title", "Alias": "t", "Startup Cost": 0.0, "Total Cost": 0.27, "Plan Rows": 1, "Plan Width": 21, "Index Cond": "(id = ci.movie_id)"}]}, {"Node Type": "Index Only Scan", "Parent Relationship": "Inner", "Scan Direction": "Forward", "Index Name": "name_pkey", "Relation Name": "name", "Alias": "n1", "Startup Cost": 0.0, "Total Cost": 0.27, "Plan Rows": 1, "Plan Width": 4, "Index Cond": "(id = ci.person_id)"}]}]}, "Unique SQL Id": 2457761703, "Planner Runtime": 4}, "explain_analyze_plan": null}, "(64, '122')": {"explain_plan": {"Plan": {"Node Type": "Aggregate", "Strategy": "Plain", "Startup Cost": 35276563.26, "Total Cost": 35276563.29, "Plan Rows": 1, "Plan Width": 97, "Plans": [{"Node Type": "Streaming(type: LOCAL GATHER dop: 1/64)", "Parent Relationship": "Outer", "Startup Cost": 35276563.26, "Total Cost": 35276563.29, "Plan Rows": 1, "Plan Width": 97, "Plans": [{"Node Type": "Aggregate", "Strategy": "Plain", "Parent Relationship": "Outer", "Startup Cost": 35276563.26, "Total Cost": 35276563.27, "Plan Rows": 1, "Plan Width": 97, "Plans": [{"Node Type": "Nested Loop", "Parent Relationship": "Outer", "Join Type": "Inner", "Startup Cost": 0.0, "Total Cost": 35274777.77, "Plan Rows": 357098, "Plan Width": 33, "Inner Unique": false, "Join Filter": "(an1.person_id = n1.id), (LLVM Optimized)", "Plans": [{"Node Type": "Streaming(type: LOCAL REDISTRIBUTE dop: 64/64)", "Parent Relationship": "Outer", "Startup Cost": 0.0, "Total Cost": 131401.97, "Plan Rows": 4167490, "Plan Width": 4, "Plans": [{"Node Type": "Seq Scan", "Parent Relationship": "Outer", "Relation Name": "name", "Alias": "n1", "Startup Cost": 0.0, "Total Cost": 64454.25, "Plan Rows": 4167490, "Plan Width": 4}]}, {"Node Type": "Materialize", "Parent Relationship": "Inner", "Startup Cost": 0.0, "Total Cost": 29693429.99, "Plan Rows": 357098, "Plan Width": 41, "Plans": [{"Node Type": "Streaming(type: LOCAL REDISTRIBUTE dop: 64/64)", "Parent Relationship": "Outer", "Startup Cost": 0.0, "Total Cost": 29693402.1, "Plan Rows": 357098, "Plan Width": 41, "Plans": [{"Node Type": "Nested Loop", "Parent Relationship": "Outer", "Join Type": "Inner", "Startup Cost": 0.0, "Total Cost": 29630063.83, "Plan Rows": 357098, "Plan Width": 41, "Inner Unique": false, "Join Filter": "(ci.movie_id = t.id), (LLVM Optimized)", "Plans": [{"Node Type": "Streaming(type: LOCAL REDISTRIBUTE dop: 64/1)", "Parent Relationship": "Outer", "Startup Cost": 0.0, "Total Cost": 225794.09, "Plan Rows": 2528311, "Plan Width": 21, "Plans": [{"Node Type": "Seq Scan", "Parent Relationship": "Outer", "Relation Name": "title", "Alias": "t", "Startup Cost": 0.0, "Total Cost": 60069.11, "Plan Rows": 2528311, "Plan Width": 21}]}, {"Node Type": "Materialize", "Parent Relationship": "Inner", "Startup Cost": 0.0, "Total Cost": 26095328.9, "Plan Rows": 357379, "Plan Width": 32, "Plans": [{"Node Type": "Streaming(type: LOCAL REDISTRIBUTE dop: 64/64)", "Parent Relationship": "Outer", "Startup Cost": 0.0, "Total Cost": 26095300.98, "Plan Rows": 357379, "Plan Width": 32, "Plans": [{"Node Type": "Nested Loop", "Parent Relationship": "Outer", "Join Type": "Inner", "Startup Cost": 0.0, "Total Cost": 26031962.45, "Plan Rows": 357379, "Plan Width": 32, "Inner Unique": true, "Join Filter": "(mc.company_id = cn.id), (LLVM Optimized)", "Plans": [{"Node Type": "Streaming(type: LOCAL REDISTRIBUTE dop: 64/64)", "Parent Relationship": "Outer", "Startup Cost": 0.0, "Total Cost": 25732792.36, "Plan Rows": 727161, "Plan Width": 36, "Plans": [{"Node Type": "Nested Loop", "Parent Relationship": "Outer", "Join Type": "Inner", "Startup Cost": 0.0, "Total Cost": 25669103.55, "Plan Rows": 727161, "Plan Width": 36, "Inner Unique": false, "Join Filter": "(ci.movie_id = mc.movie_id), (LLVM Optimized)", "Plans": [{"Node Type": "Streaming(type: LOCAL REDISTRIBUTE dop: 64/1)", "Parent Relationship": "Outer", "Startup Cost": 0.0, "Total Cost": 210825.84, "Plan Rows": 2609128, "Plan Width": 8, "Plans": [{"Node Type": "Seq Scan", "Parent Relationship": "Outer", "Relation Name": "movie_companies", "Alias": "mc", "Startup Cost": 0.0, "Total Cost": 41817.28, "Plan Rows": 2609128, "Plan Width": 8}]}, {"Node Type": "Materialize", "Parent Relationship": "Inner", "Startup Cost": 0.0, "Total Cost": 11273227.83, "Plan Rows": 1484588, "Plan Width": 28, "Plans": [{"Node Type": "Streaming(type: LOCAL REDISTRIBUTE dop: 64/64)", "Parent Relationship": "Outer", "Startup Cost": 0.0, "Total Cost": 11273111.85, "Plan Rows": 1484588, "Plan Width": 28, "Plans": [{"Node Type": "Nested Loop", "Parent Relationship": "Outer", "Join Type": "Inner", "Startup Cost": 0.0, "Total Cost": 11208705.55, "Plan Rows": 1484588, "Plan Width": 28, "Inner Unique": false, "Join Filter": "(ci.person_id = an1.person_id), (LLVM Optimized)", "Plans": [{"Node Type": "Streaming(type: LOCAL REDISTRIBUTE dop: 64/64)", "Parent Relationship": "Outer", "Startup Cost": 0.0, "Total Cost": 208611.23, "Plan Rows": 3296318, "Plan Width": 8, "Plans": [{"Node Type": "Nested Loop", "Parent Relationship": "Outer", "Join Type": "Inner", "Startup Cost": 0.0, "Total Cost": 142488.75, "Plan Rows": 3296318, "Plan Width": 8, "Inner Unique": false, "Join Filter": "(ci.role_id = rt.id), (LLVM Optimized)", "Plans": [{"Node Type": "Streaming(type: BROADCAST dop: 64/1)", "Parent Relationship": "Outer", "Startup Cost": 0.0, "Total Cost": 63002.47, "Plan Rows": 64, "Plan Width": 4, "Plans": [{"Node Type": "Seq Scan", "Parent Relationship": "Outer", "Relation Name": "role_type", "Alias": "rt", "Startup Cost": 0.0, "Total Cost": 1.15, "Plan Rows": 1, "Plan Width": 4, "Filter": "((role)::text = 'costume designer'::text)"}]}, {"Node Type": "Seq Scan", "Parent Relationship": "Inner", "Relation Name": "cast_info", "Alias": "ci", "Startup Cost": 0.0, "Total Cost": 72404.34, "Plan Rows": 36259494, "Plan Width": 12}]}]}, {"Node Type": "Materialize", "Parent Relationship": "Inner", "Startup Cost": 0.0, "Total Cost": 119600.26, "Plan Rows": 901342, "Plan Width": 20, "Plans": [{"Node Type": "Streaming(type: LOCAL REDISTRIBUTE dop: 64/1)", "Parent Relationship": "Outer", "Startup Cost": 0.0, "Total Cost": 119529.84, "Plan Rows": 901342, "Plan Width": 20, "Plans": [{"Node Type": "Seq Scan", "Parent Relationship": "Outer", "Relation Name": "aka_name", "Alias": "an1", "Startup Cost": 0.0, "Total Cost": 19908.42, "Plan Rows": 901342, "Plan Width": 20}]}]}]}]}]}]}]}, {"Node Type": "Materialize", "Parent Relationship": "Inner", "Startup Cost": 0.0, "Total Cost": 72370.55, "Plan Rows": 85170, "Plan Width": 4, "Plans": [{"Node Type": "Streaming(type: LOCAL REDISTRIBUTE dop: 64/1)", "Parent Relationship": "Outer", "Startup Cost": 0.0, "Total Cost": 72363.9, "Plan Rows": 85170, "Plan Width": 4, "Plans": [{"Node Type": "Seq Scan", "Parent Relationship": "Outer", "Relation Name": "company_name", "Alias": "cn", "Startup Cost": 0.0, "Total Cost": 5903.45, "Plan Rows": 85170, "Plan Width": 4, "Filter": "((country_code)::text = '[us]'::text)"}]}]}]}]}]}]}]}]}]}]}]}]}, "Unique SQL Id": 2457761703, "Planner Runtime": 9}, "explain_analyze_plan": null}, "(64, '123')": {"explain_plan": {"Plan": {"Node Type": "Aggregate", "Strategy": "Plain", "Startup Cost": 7112442136285.67, "Total Cost": 7112442136285.68, "Plan Rows": 1, "Plan Width": 97, "Plans": [{"Node Type": "Nested Loop", "Parent Relationship": "Outer", "Join Type": "Inner", "Startup Cost": 70000000000.0, "Total Cost": 7112442134500.18, "Plan Rows": 357098, "Plan Width": 33, "Inner Unique": false, "Join Filter": "(an1.person_id = n1.id), (LLVM Optimized)", "Plans": [{"Node Type": "Index Only Scan", "Parent Relationship": "Outer", "Scan Direction": "Forward", "Index Name": "name_pkey", "Relation Name": "name", "Alias": "n1", "Startup Cost": 10000000000.0, "Total Cost": 1000012483260.0, "Plan Rows": 4167490, "Plan Width": 4}, {"Node Type": "Materialize", "Parent Relationship": "Inner", "Startup Cost": 60000000000.0, "Total Cost": 6090106616972.63, "Plan Rows": 357098, "Plan Width": 41, "Plans": [{"Node Type": "Nested Loop", "Parent Relationship": "Outer", "Join Type": "Inner", "Startup Cost": 60000000000.0, "Total Cost": 6090106615187.14, "Plan Rows": 357098, "Plan Width": 41, "Inner Unique": true, "Join Filter": "(ci.movie_id = t.id), (LLVM Optimized)", "Plans": [{"Node Type": "Nested Loop", "Parent Relationship": "Outer", "Join Type": "Inner", "Startup Cost": 50000000000.0, "Total Cost": 5076542117964.41, "Plan Rows": 357379, "Plan Width": 32, "Inner Unique": false, "Join Filter": "(ci.person_id = an1.person_id), (LLVM Optimized)", "Plans": [{"Node Type": "Nested Loop", "Parent Relationship": "Outer", "Join Type": "Inner", "Startup Cost": 40000000000.0, "Total Cost": 4066922163415.29, "Plan Rows": 711018, "Plan Width": 12, "Inner Unique": false, "Join Filter": "(ci.movie_id = mc.movie_id), (LLVM Optimized)", "Plans": [{"Node Type": "Nested Loop", "Parent Relationship": "Outer", "Join Type": "Inner", "Startup Cost": 20000000000.0, "Total Cost": 2000171193971.62, "Plan Rows": 3296318, "Plan Width": 8, "Inner Unique": true, "Join Filter": "(ci.role_id = rt.id), (LLVM Optimized)", "Plans": [{"Node Type": "Index Scan", "Parent Relationship": "Outer", "Scan Direction": "Forward", "Index Name": "person_id_cast_info", "Relation Name": "cast_info", "Alias": "ci", "Startup Cost": 10000000000.0, "Total Cost": 1000170648833.21, "Plan Rows": 36259494, "Plan Width": 12}, {"Node Type": "Materialize", "Parent Relationship": "Inner", "Startup Cost": 10000000000.0, "Total Cost": 1000000001246.0, "Plan Rows": 1, "Plan Width": 4, "Plans": [{"Node Type": "Index Scan", "Parent Relationship": "Outer", "Scan Direction": "Forward", "Index Name": "role_type_pkey", "Relation Name": "role_type", "Alias": "rt", "Startup Cost": 10000000000.0, "Total Cost": 1000000001246.0, "Plan Rows": 1, "Plan Width": 4, "Filter": "((role)::text = 'costume designer'::text)"}]}]}, {"Node Type": "Materialize", "Parent Relationship": "Inner", "Startup Cost": 20000000000.0, "Total Cost": 2003347400185.98, "Plan Rows": 1282311, "Plan Width": 4, "Plans": [{"Node Type": "Nested Loop", "Parent Relationship": "Outer", "Join Type": "Inner", "Startup Cost": 20000000000.0, "Total Cost": 2003347393774.42, "Plan Rows": 1282311, "Plan Width": 4, "Inner Unique": true, "Join Filter": "(cn.id = mc.company_id), (LLVM Optimized)", "Plans": [{"Node Type": "Index Scan", "Parent Relationship": "Outer", "Scan Direction": "Forward", "Index Name": "movie_id_movie_companies", "Relation Name": "movie_companies", "Alias": "mc", "Startup Cost": 10000000000.0, "Total Cost": 1000013051946.13, "Plan Rows": 2609128, "Plan Width": 8}, {"Node Type": "Materialize", "Parent Relationship": "Inner", "Startup Cost": 10000000000.0, "Total Cost": 1000001050564.82, "Plan Rows": 85170, "Plan Width": 4, "Plans": [{"Node Type": "Index Scan", "Parent Relationship": "Outer", "Scan Direction": "Forward", "Index Name": "company_name_pkey", "Relation Name": "company_name", "Alias": "cn", "Startup Cost": 10000000000.0, "Total Cost": 1000001050138.97, "Plan Rows": 85170, "Plan Width": 4, "Filter": "((country_code)::text = '[us]'::text)"}]}]}]}]}, {"Node Type": "Materialize", "Parent Relationship": "Inner", "Startup Cost": 10000000000.0, "Total Cost": 1000006901010.14, "Plan Rows": 901342, "Plan Width": 20, "Plans": [{"Node Type": "Index Scan", "Parent Relationship": "Outer", "Scan Direction": "Forward", "Index Name": "person_id_aka_name", "Relation Name": "aka_name", "Alias": "an1", "Startup Cost": 10000000000.0, "Total Cost": 1000006896503.43, "Plan Rows": 901342, "Plan Width": 20}]}]}, {"Node Type": "Materialize", "Parent Relationship": "Inner", "Startup Cost": 10000000000.0, "Total Cost": 1000011024690.47, "Plan Rows": 2528311, "Plan Width": 21, "Plans": [{"Node Type": "Index Scan", "Parent Relationship": "Outer", "Scan Direction": "Forward", "Index Name": "title_pkey", "Relation Name": "title", "Alias": "t", "Startup Cost": 10000000000.0, "Total Cost": 1000011012048.91, "Plan Rows": 2528311, "Plan Width": 21}]}]}]}]}]}, "Unique SQL Id": 2457761703, "Planner Runtime": 4}, "explain_analyze_plan": null}, "(64, '124')": {"explain_plan": {"Plan": {"Node Type": "Aggregate", "Strategy": "Plain", "Startup Cost": 1967968.74, "Total Cost": 1967968.75, "Plan Rows": 1, "Plan Width": 97, "Plans": [{"Node Type": "Nested Loop", "Parent Relationship": "Outer", "Join Type": "Inner", "Startup Cost": 0.0, "Total Cost": 1966183.25, "Plan Rows": 357098, "Plan Width": 33, "Inner Unique": true, "Join Filter": "(an1.person_id = n1.id), (LLVM Optimized)", "Plans": [{"Node Type": "Nested Loop", "Parent Relationship": "Outer", "Join Type": "Inner", "Startup Cost": 0.0, "Total Cost": 1862664.6, "Plan Rows": 357098, "Plan Width": 41, "Inner Unique": true, "Plans": [{"Node Type": "Nested Loop", "Parent Relationship": "Outer", "Join Type": "Inner", "Startup Cost": 0.0, "Total Cost": 1760862.26, "Plan Rows": 357379, "Plan Width": 32, "Inner Unique": false, "Plans": [{"Node Type": "Nested Loop", "Parent Relationship": "Outer", "Join Type": "Inner", "Startup Cost": 0.0, "Total Cost": 1560689.3, "Plan Rows": 711018, "Plan Width": 12, "Inner Unique": false, "Join Filter": "(ci.role_id = rt.id), (LLVM Optimized)", "Plans": [{"Node Type": "Seq Scan", "Parent Relationship": "Outer", "Relation Name": "role_type", "Alias": "rt", "Startup Cost": 0.0, "Total Cost": 1.15, "Plan Rows": 1, "Plan Width": 4, "Filter": "((role)::text = 'costume designer'::text)"}, {"Node Type": "Nested Loop", "Parent Relationship": "Inner", "Join Type": "Inner", "Startup Cost": 0.0, "Total Cost": 1462923.14, "Plan Rows": 7821201, "Plan Width": 16, "Inner Unique": false, "Plans": [{"Node Type": "Nested Loop", "Parent Relationship": "Outer", "Join Type": "Inner", "Startup Cost": 0.0, "Total Cost": 166734.45, "Plan Rows": 1282311, "Plan Width": 4, "Inner Unique": false, "Plans": [{"Node Type": "Seq Scan", "Parent Relationship": "Outer", "Relation Name": "company_name", "Alias": "cn", "Startup Cost": 0.0, "Total Cost": 5903.45, "Plan Rows": 85170, "Plan Width": 4, "Filter": "((country_code)::text = '[us]'::text)"}, {"Node Type": "Index Scan", "Parent Relationship": "Inner", "Scan Direction": "Forward", "Index Name": "company_id_movie_companies", "Relation Name": "movie_companies", "Alias": "mc", "Startup Cost": 0.0, "Total Cost": 1.74, "Plan Rows": 15, "Plan Width": 8, "Index Cond": "(company_id = cn.id)"}]}, {"Node Type": "Index Scan", "Parent Relationship": "Inner", "Scan Direction": "Forward", "Index Name": "movie_id_cast_info", "Relation Name": "cast_info", "Alias": "ci", "Startup Cost": 0.0, "Total Cost": 0.95, "Plan Rows": 6, "Plan Width": 12, "Index Cond": "(movie_id = mc.movie_id)"}]}]}, {"Node Type": "Index Scan", "Parent Relationship": "Inner", "Scan Direction": "Forward", "Index Name": "person_id_aka_name", "Relation Name": "aka_name", "Alias": "an1", "Startup Cost": 0.0, "Total Cost": 0.27, "Plan Rows": 1, "Plan Width": 20, "Index Cond": "(person_id = ci.person_id)"}]}, {"Node Type": "Index Scan", "Parent Relationship": "Inner", "Scan Direction": "Forward", "Index Name": "title_pkey", "Relation Name": "title", "Alias": "t", "Startup Cost": 0.0, "Total Cost": 0.27, "Plan Rows": 1, "Plan Width": 21, "Index Cond": "(id = ci.movie_id)"}]}, {"Node Type": "Index Scan", "Parent Relationship": "Inner", "Scan Direction": "Forward", "Index Name": "name_pkey", "Relation Name": "name", "Alias": "n1", "Startup Cost": 0.0, "Total Cost": 0.28, "Plan Rows": 1, "Plan Width": 4, "Index Cond": "(id = ci.person_id)"}]}]}, "Unique SQL Id": 2457761703, "Planner Runtime": 5}, "explain_analyze_plan": null}, "(64, '125')": {"explain_plan": {"Plan": {"Node Type": "Aggregate", "Strategy": "Plain", "Startup Cost": 1972577.99, "Total Cost": 1972578.0, "Plan Rows": 1, "Plan Width": 97, "Plans": [{"Node Type": "Nested Loop", "Parent Relationship": "Outer", "Join Type": "Inner", "Startup Cost": 0.0, "Total Cost": 1970792.5, "Plan Rows": 357098, "Plan Width": 33, "Inner Unique": true, "Join Filter": "(an1.person_id = n1.id), (LLVM Optimized)", "Plans": [{"Node Type": "Nested Loop", "Parent Relationship": "Outer", "Join Type": "Inner", "Startup Cost": 0.0, "Total Cost": 1867273.85, "Plan Rows": 357098, "Plan Width": 41, "Inner Unique": true, "Plans": [{"Node Type": "Nested Loop", "Parent Relationship": "Outer", "Join Type": "Inner", "Startup Cost": 0.0, "Total Cost": 1765471.51, "Plan Rows": 357379, "Plan Width": 32, "Inner Unique": false, "Plans": [{"Node Type": "Nested Loop", "Parent Relationship": "Outer", "Join Type": "Inner", "Startup Cost": 0.0, "Total Cost": 1565298.55, "Plan Rows": 711018, "Plan Width": 12, "Inner Unique": false, "Join Filter": "(ci.role_id = rt.id), (LLVM Optimized)", "Plans": [{"Node Type": "Index Scan", "Parent Relationship": "Outer", "Scan Direction": "Forward", "Index Name": "role_type_pkey", "Relation Name": "role_type", "Alias": "rt", "Startup Cost": 0.0, "Total Cost": 12.46, "Plan Rows": 1, "Plan Width": 4, "Filter": "((role)::text = 'costume designer'::text)"}, {"Node Type": "Nested Loop", "Parent Relationship": "Inner", "Join Type": "Inner", "Startup Cost": 0.0, "Total Cost": 1467521.08, "Plan Rows": 7821201, "Plan Width": 16, "Inner Unique": false, "Plans": [{"Node Type": "Nested Loop", "Parent Relationship": "Outer", "Join Type": "Inner", "Startup Cost": 0.0, "Total Cost": 171332.39, "Plan Rows": 1282311, "Plan Width": 4, "Inner Unique": false, "Plans": [{"Node Type": "Index Scan", "Parent Relationship": "Outer", "Scan Direction": "Forward", "Index Name": "company_name_pkey", "Relation Name": "company_name", "Alias": "cn", "Startup Cost": 0.0, "Total Cost": 10501.39, "Plan Rows": 85170, "Plan Width": 4, "Filter": "((country_code)::text = '[us]'::text)"}, {"Node Type": "Index Scan", "Parent Relationship": "Inner", "Scan Direction": "Forward", "Index Name": "company_id_movie_companies", "Relation Name": "movie_companies", "Alias": "mc", "Startup Cost": 0.0, "Total Cost": 1.74, "Plan Rows": 15, "Plan Width": 8, "Index Cond": "(company_id = cn.id)"}]}, {"Node Type": "Index Scan", "Parent Relationship": "Inner", "Scan Direction": "Forward", "Index Name": "movie_id_cast_info", "Relation Name": "cast_info", "Alias": "ci", "Startup Cost": 0.0, "Total Cost": 0.95, "Plan Rows": 6, "Plan Width": 12, "Index Cond": "(movie_id = mc.movie_id)"}]}]}, {"Node Type": "Index Scan", "Parent Relationship": "Inner", "Scan Direction": "Forward", "Index Name": "person_id_aka_name", "Relation Name": "aka_name", "Alias": "an1", "Startup Cost": 0.0, "Total Cost": 0.27, "Plan Rows": 1, "Plan Width": 20, "Index Cond": "(person_id = ci.person_id)"}]}, {"Node Type": "Index Scan", "Parent Relationship": "Inner", "Scan Direction": "Forward", "Index Name": "title_pkey", "Relation Name": "title", "Alias": "t", "Startup Cost": 0.0, "Total Cost": 0.27, "Plan Rows": 1, "Plan Width": 21, "Index Cond": "(id = ci.movie_id)"}]}, {"Node Type": "Index Scan", "Parent Relationship": "Inner", "Scan Direction": "Forward", "Index Name": "name_pkey", "Relation Name": "name", "Alias": "n1", "Startup Cost": 0.0, "Total Cost": 0.28, "Plan Rows": 1, "Plan Width": 4, "Index Cond": "(id = ci.person_id)"}]}]}, "Unique SQL Id": 2457761703, "Planner Runtime": 4}, "explain_analyze_plan": null}, "(64, '126')": {"explain_plan": {"Plan": {"Node Type": "Aggregate", "Strategy": "Plain", "Startup Cost": 35276563.26, "Total Cost": 35276563.29, "Plan Rows": 1, "Plan Width": 97, "Plans": [{"Node Type": "Streaming(type: LOCAL GATHER dop: 1/64)", "Parent Relationship": "Outer", "Startup Cost": 35276563.26, "Total Cost": 35276563.29, "Plan Rows": 1, "Plan Width": 97, "Plans": [{"Node Type": "Aggregate", "Strategy": "Plain", "Parent Relationship": "Outer", "Startup Cost": 35276563.26, "Total Cost": 35276563.27, "Plan Rows": 1, "Plan Width": 97, "Plans": [{"Node Type": "Nested Loop", "Parent Relationship": "Outer", "Join Type": "Inner", "Startup Cost": 0.0, "Total Cost": 35274777.77, "Plan Rows": 357098, "Plan Width": 33, "Inner Unique": false, "Join Filter": "(an1.person_id = n1.id), (LLVM Optimized)", "Plans": [{"Node Type": "Streaming(type: LOCAL REDISTRIBUTE dop: 64/64)", "Parent Relationship": "Outer", "Startup Cost": 0.0, "Total Cost": 131401.97, "Plan Rows": 4167490, "Plan Width": 4, "Plans": [{"Node Type": "Seq Scan", "Parent Relationship": "Outer", "Relation Name": "name", "Alias": "n1", "Startup Cost": 0.0, "Total Cost": 64454.25, "Plan Rows": 4167490, "Plan Width": 4}]}, {"Node Type": "Materialize", "Parent Relationship": "Inner", "Startup Cost": 0.0, "Total Cost": 29693429.99, "Plan Rows": 357098, "Plan Width": 41, "Plans": [{"Node Type": "Streaming(type: LOCAL REDISTRIBUTE dop: 64/64)", "Parent Relationship": "Outer", "Startup Cost": 0.0, "Total Cost": 29693402.1, "Plan Rows": 357098, "Plan Width": 41, "Plans": [{"Node Type": "Nested Loop", "Parent Relationship": "Outer", "Join Type": "Inner", "Startup Cost": 0.0, "Total Cost": 29630063.83, "Plan Rows": 357098, "Plan Width": 41, "Inner Unique": false, "Join Filter": "(ci.movie_id = t.id), (LLVM Optimized)", "Plans": [{"Node Type": "Streaming(type: LOCAL REDISTRIBUTE dop: 64/1)", "Parent Relationship": "Outer", "Startup Cost": 0.0, "Total Cost": 225794.09, "Plan Rows": 2528311, "Plan Width": 21, "Plans": [{"Node Type": "Seq Scan", "Parent Relationship": "Outer", "Relation Name": "title", "Alias": "t", "Startup Cost": 0.0, "Total Cost": 60069.11, "Plan Rows": 2528311, "Plan Width": 21}]}, {"Node Type": "Materialize", "Parent Relationship": "Inner", "Startup Cost": 0.0, "Total Cost": 26095328.9, "Plan Rows": 357379, "Plan Width": 32, "Plans": [{"Node Type": "Streaming(type: LOCAL REDISTRIBUTE dop: 64/64)", "Parent Relationship": "Outer", "Startup Cost": 0.0, "Total Cost": 26095300.98, "Plan Rows": 357379, "Plan Width": 32, "Plans": [{"Node Type": "Nested Loop", "Parent Relationship": "Outer", "Join Type": "Inner", "Startup Cost": 0.0, "Total Cost": 26031962.45, "Plan Rows": 357379, "Plan Width": 32, "Inner Unique": true, "Join Filter": "(mc.company_id = cn.id), (LLVM Optimized)", "Plans": [{"Node Type": "Streaming(type: LOCAL REDISTRIBUTE dop: 64/64)", "Parent Relationship": "Outer", "Startup Cost": 0.0, "Total Cost": 25732792.36, "Plan Rows": 727161, "Plan Width": 36, "Plans": [{"Node Type": "Nested Loop", "Parent Relationship": "Outer", "Join Type": "Inner", "Startup Cost": 0.0, "Total Cost": 25669103.55, "Plan Rows": 727161, "Plan Width": 36, "Inner Unique": false, "Join Filter": "(ci.movie_id = mc.movie_id), (LLVM Optimized)", "Plans": [{"Node Type": "Streaming(type: LOCAL REDISTRIBUTE dop: 64/1)", "Parent Relationship": "Outer", "Startup Cost": 0.0, "Total Cost": 210825.84, "Plan Rows": 2609128, "Plan Width": 8, "Plans": [{"Node Type": "Seq Scan", "Parent Relationship": "Outer", "Relation Name": "movie_companies", "Alias": "mc", "Startup Cost": 0.0, "Total Cost": 41817.28, "Plan Rows": 2609128, "Plan Width": 8}]}, {"Node Type": "Materialize", "Parent Relationship": "Inner", "Startup Cost": 0.0, "Total Cost": 11273227.83, "Plan Rows": 1484588, "Plan Width": 28, "Plans": [{"Node Type": "Streaming(type: LOCAL REDISTRIBUTE dop: 64/64)", "Parent Relationship": "Outer", "Startup Cost": 0.0, "Total Cost": 11273111.85, "Plan Rows": 1484588, "Plan Width": 28, "Plans": [{"Node Type": "Nested Loop", "Parent Relationship": "Outer", "Join Type": "Inner", "Startup Cost": 0.0, "Total Cost": 11208705.55, "Plan Rows": 1484588, "Plan Width": 28, "Inner Unique": false, "Join Filter": "(ci.person_id = an1.person_id), (LLVM Optimized)", "Plans": [{"Node Type": "Streaming(type: LOCAL REDISTRIBUTE dop: 64/64)", "Parent Relationship": "Outer", "Startup Cost": 0.0, "Total Cost": 208611.23, "Plan Rows": 3296318, "Plan Width": 8, "Plans": [{"Node Type": "Nested Loop", "Parent Relationship": "Outer", "Join Type": "Inner", "Startup Cost": 0.0, "Total Cost": 142488.75, "Plan Rows": 3296318, "Plan Width": 8, "Inner Unique": false, "Join Filter": "(ci.role_id = rt.id), (LLVM Optimized)", "Plans": [{"Node Type": "Streaming(type: BROADCAST dop: 64/1)", "Parent Relationship": "Outer", "Startup Cost": 0.0, "Total Cost": 63002.47, "Plan Rows": 64, "Plan Width": 4, "Plans": [{"Node Type": "Seq Scan", "Parent Relationship": "Outer", "Relation Name": "role_type", "Alias": "rt", "Startup Cost": 0.0, "Total Cost": 1.15, "Plan Rows": 1, "Plan Width": 4, "Filter": "((role)::text = 'costume designer'::text)"}]}, {"Node Type": "Seq Scan", "Parent Relationship": "Inner", "Relation Name": "cast_info", "Alias": "ci", "Startup Cost": 0.0, "Total Cost": 72404.34, "Plan Rows": 36259494, "Plan Width": 12}]}]}, {"Node Type": "Materialize", "Parent Relationship": "Inner", "Startup Cost": 0.0, "Total Cost": 119600.26, "Plan Rows": 901342, "Plan Width": 20, "Plans": [{"Node Type": "Streaming(type: LOCAL REDISTRIBUTE dop: 64/1)", "Parent Relationship": "Outer", "Startup Cost": 0.0, "Total Cost": 119529.84, "Plan Rows": 901342, "Plan Width": 20, "Plans": [{"Node Type": "Seq Scan", "Parent Relationship": "Outer", "Relation Name": "aka_name", "Alias": "an1", "Startup Cost": 0.0, "Total Cost": 19908.42, "Plan Rows": 901342, "Plan Width": 20}]}]}]}]}]}]}]}, {"Node Type": "Materialize", "Parent Relationship": "Inner", "Startup Cost": 0.0, "Total Cost": 72370.55, "Plan Rows": 85170, "Plan Width": 4, "Plans": [{"Node Type": "Streaming(type: LOCAL REDISTRIBUTE dop: 64/1)", "Parent Relationship": "Outer", "Startup Cost": 0.0, "Total Cost": 72363.9, "Plan Rows": 85170, "Plan Width": 4, "Plans": [{"Node Type": "Seq Scan", "Parent Relationship": "Outer", "Relation Name": "company_name", "Alias": "cn", "Startup Cost": 0.0, "Total Cost": 5903.45, "Plan Rows": 85170, "Plan Width": 4, "Filter": "((country_code)::text = '[us]'::text)"}]}]}]}]}]}]}]}]}]}]}]}]}, "Unique SQL Id": 2457761703, "Planner Runtime": 9}, "explain_analyze_plan": null}, "(64, '127')": {"explain_plan": {"Plan": {"Node Type": "Aggregate", "Strategy": "Plain", "Startup Cost": 7112447276300.38, "Total Cost": 7112447276300.39, "Plan Rows": 1, "Plan Width": 97, "Plans": [{"Node Type": "Nested Loop", "Parent Relationship": "Outer", "Join Type": "Inner", "Startup Cost": 70000000000.0, "Total Cost": 7112447274514.89, "Plan Rows": 357098, "Plan Width": 33, "Inner Unique": false, "Join Filter": "(an1.person_id = n1.id), (LLVM Optimized)", "Plans": [{"Node Type": "Index Scan", "Parent Relationship": "Outer", "Scan Direction": "Forward", "Index Name": "name_pkey", "Relation Name": "name", "Alias": "n1", "Startup Cost": 10000000000.0, "Total Cost": 1000017623274.7, "Plan Rows": 4167490, "Plan Width": 4}, {"Node Type": "Materialize", "Parent Relationship": "Inner", "Startup Cost": 60000000000.0, "Total Cost": 6090106616972.63, "Plan Rows": 357098, "Plan Width": 41, "Plans": [{"Node Type": "Nested Loop", "Parent Relationship": "Outer", "Join Type": "Inner", "Startup Cost": 60000000000.0, "Total Cost": 6090106615187.14, "Plan Rows": 357098, "Plan Width": 41, "Inner Unique": true, "Join Filter": "(ci.movie_id = t.id), (LLVM Optimized)", "Plans": [{"Node Type": "Nested Loop", "Parent Relationship": "Outer", "Join Type": "Inner", "Startup Cost": 50000000000.0, "Total Cost": 5076542117964.41, "Plan Rows": 357379, "Plan Width": 32, "Inner Unique": false, "Join Filter": "(ci.person_id = an1.person_id), (LLVM Optimized)", "Plans": [{"Node Type": "Nested Loop", "Parent Relationship": "Outer", "Join Type": "Inner", "Startup Cost": 40000000000.0, "Total Cost": 4066922163415.29, "Plan Rows": 711018, "Plan Width": 12, "Inner Unique": false, "Join Filter": "(ci.movie_id = mc.movie_id), (LLVM Optimized)", "Plans": [{"Node Type": "Nested Loop", "Parent Relationship": "Outer", "Join Type": "Inner", "Startup Cost": 20000000000.0, "Total Cost": 2000171193971.62, "Plan Rows": 3296318, "Plan Width": 8, "Inner Unique": true, "Join Filter": "(ci.role_id = rt.id), (LLVM Optimized)", "Plans": [{"Node Type": "Index Scan", "Parent Relationship": "Outer", "Scan Direction": "Forward", "Index Name": "person_id_cast_info", "Relation Name": "cast_info", "Alias": "ci", "Startup Cost": 10000000000.0, "Total Cost": 1000170648833.21, "Plan Rows": 36259494, "Plan Width": 12}, {"Node Type": "Materialize", "Parent Relationship": "Inner", "Startup Cost": 10000000000.0, "Total Cost": 1000000001246.0, "Plan Rows": 1, "Plan Width": 4, "Plans": [{"Node Type": "Index Scan", "Parent Relationship": "Outer", "Scan Direction": "Forward", "Index Name": "role_type_pkey", "Relation Name": "role_type", "Alias": "rt", "Startup Cost": 10000000000.0, "Total Cost": 1000000001246.0, "Plan Rows": 1, "Plan Width": 4, "Filter": "((role)::text = 'costume designer'::text)"}]}]}, {"Node Type": "Materialize", "Parent Relationship": "Inner", "Startup Cost": 20000000000.0, "Total Cost": 2003347400185.98, "Plan Rows": 1282311, "Plan Width": 4, "Plans": [{"Node Type": "Nested Loop", "Parent Relationship": "Outer", "Join Type": "Inner", "Startup Cost": 20000000000.0, "Total Cost": 2003347393774.42, "Plan Rows": 1282311, "Plan Width": 4, "Inner Unique": true, "Join Filter": "(cn.id = mc.company_id), (LLVM Optimized)", "Plans": [{"Node Type": "Index Scan", "Parent Relationship": "Outer", "Scan Direction": "Forward", "Index Name": "movie_id_movie_companies", "Relation Name": "movie_companies", "Alias": "mc", "Startup Cost": 10000000000.0, "Total Cost": 1000013051946.13, "Plan Rows": 2609128, "Plan Width": 8}, {"Node Type": "Materialize", "Parent Relationship": "Inner", "Startup Cost": 10000000000.0, "Total Cost": 1000001050564.82, "Plan Rows": 85170, "Plan Width": 4, "Plans": [{"Node Type": "Index Scan", "Parent Relationship": "Outer", "Scan Direction": "Forward", "Index Name": "company_name_pkey", "Relation Name": "company_name", "Alias": "cn", "Startup Cost": 10000000000.0, "Total Cost": 1000001050138.97, "Plan Rows": 85170, "Plan Width": 4, "Filter": "((country_code)::text = '[us]'::text)"}]}]}]}]}, {"Node Type": "Materialize", "Parent Relationship": "Inner", "Startup Cost": 10000000000.0, "Total Cost": 1000006901010.14, "Plan Rows": 901342, "Plan Width": 20, "Plans": [{"Node Type": "Index Scan", "Parent Relationship": "Outer", "Scan Direction": "Forward", "Index Name": "person_id_aka_name", "Relation Name": "aka_name", "Alias": "an1", "Startup Cost": 10000000000.0, "Total Cost": 1000006896503.43, "Plan Rows": 901342, "Plan Width": 20}]}]}, {"Node Type": "Materialize", "Parent Relationship": "Inner", "Startup Cost": 10000000000.0, "Total Cost": 1000011024690.47, "Plan Rows": 2528311, "Plan Width": 21, "Plans": [{"Node Type": "Index Scan", "Parent Relationship": "Outer", "Scan Direction": "Forward", "Index Name": "title_pkey", "Relation Name": "title", "Alias": "t", "Startup Cost": 10000000000.0, "Total Cost": 1000011012048.91, "Plan Rows": 2528311, "Plan Width": 21}]}]}]}]}]}, "Unique SQL Id": 2457761703, "Planner Runtime": 4}, "explain_analyze_plan": null}}